<?xml version="1.0" encoding="UTF-8"?>
<testsuite xmlns:xsi="http://www.w3.org/2001/XMLSchema-instance" xsi:noNamespaceSchemaLocation="https://maven.apache.org/surefire/maven-surefire-plugin/xsd/surefire-test-report-3.0.xsd" version="3.0" name="org.apache.hive.hcatalog.pig.TestParquetHCatLoader" time="58.326" tests="14" errors="1" skipped="0" failures="0">
  <properties>
    <property name="sun.desktop" value="gnome"/>
    <property name="build.test.dir" value="/home/alex/Repositories/hive/hcatalog/hcatalog-pig-adapter/target/tmp"/>
    <property name="awt.toolkit" value="sun.awt.X11.XToolkit"/>
    <property name="test.tmp.dir.uri" value="file:///home/alex/Repositories/hive/hcatalog/hcatalog-pig-adapter/target/tmp"/>
    <property name="file.encoding.pkg" value="sun.io"/>
    <property name="java.specification.version" value="1.8"/>
    <property name="qfile" value=""/>
    <property name="log4j.configurationFile" value="file:///home/alex/Repositories/hive/hcatalog/hcatalog-pig-adapter/target/testconf/hive-log4j2.properties"/>
    <property name="sun.cpu.isalist" value=""/>
    <property name="test.warehouse.dir" value="pfile:///home/alex/Repositories/hive/hcatalog/hcatalog-pig-adapter/target/warehouse"/>
    <property name="sun.jnu.encoding" value="UTF-8"/>
    <property name="java.class.path" value="/home/alex/Repositories/hive/hcatalog/hcatalog-pig-adapter/target/test-classes:/home/alex/Repositories/hive/hcatalog/hcatalog-pig-adapter/target/classes:/home/alex/Repositories/hive/hcatalog/core/target/classes:/home/alex/Repositories/hive/cli/target/classes:/home/alex/Repositories/hive/service/target/classes:/home/alex/Repositories/hive/llap-server/target/classes:/home/alex/.m2/repository/com/lmax/disruptor/3.3.7/disruptor-3.3.7.jar:/home/alex/Repositories/hive/llap-common/target/test-classes:/home/alex/Repositories/hive/hplsql/target/classes:/home/alex/.m2/repository/org/antlr/antlr4-runtime/4.5/antlr4-runtime-4.5.jar:/home/alex/.m2/repository/org/abego/treelayout/org.abego.treelayout.core/1.0.1/org.abego.treelayout.core-1.0.1.jar:/home/alex/.m2/repository/javax/servlet/jsp/javax.servlet.jsp-api/2.3.1/javax.servlet.jsp-api-2.3.1.jar:/home/alex/.m2/repository/org/eclipse/jetty/jetty-runner/9.3.27.v20190418/jetty-runner-9.3.27.v20190418.jar:/home/alex/.m2/repository/org/eclipse/jetty/jetty-plus/9.3.27.v20190418/jetty-plus-9.3.27.v20190418.jar:/home/alex/.m2/repository/org/eclipse/jetty/jetty-annotations/9.3.27.v20190418/jetty-annotations-9.3.27.v20190418.jar:/home/alex/.m2/repository/org/ow2/asm/asm-commons/6.0/asm-commons-6.0.jar:/home/alex/.m2/repository/org/ow2/asm/asm-tree/6.0/asm-tree-6.0.jar:/home/alex/.m2/repository/org/eclipse/jetty/jetty-jaas/9.3.27.v20190418/jetty-jaas-9.3.27.v20190418.jar:/home/alex/.m2/repository/org/eclipse/jetty/websocket/websocket-server/9.3.27.v20190418/websocket-server-9.3.27.v20190418.jar:/home/alex/.m2/repository/org/eclipse/jetty/websocket/websocket-common/9.3.27.v20190418/websocket-common-9.3.27.v20190418.jar:/home/alex/.m2/repository/org/eclipse/jetty/websocket/websocket-api/9.3.27.v20190418/websocket-api-9.3.27.v20190418.jar:/home/alex/.m2/repository/org/eclipse/jetty/websocket/websocket-client/9.3.27.v20190418/websocket-client-9.3.27.v20190418.jar:/home/alex/.m2/repository/org/eclipse/jetty/websocket/websocket-servlet/9.3.27.v20190418/websocket-servlet-9.3.27.v20190418.jar:/home/alex/.m2/repository/org/eclipse/jetty/jetty-jndi/9.3.27.v20190418/jetty-jndi-9.3.27.v20190418.jar:/home/alex/.m2/repository/org/eclipse/jetty/apache-jsp/9.3.27.v20190418/apache-jsp-9.3.27.v20190418.jar:/home/alex/.m2/repository/org/eclipse/jetty/toolchain/jetty-schemas/3.1/jetty-schemas-3.1.jar:/home/alex/.m2/repository/org/eclipse/jdt/core/compiler/ecj/4.4.2/ecj-4.4.2.jar:/home/alex/.m2/repository/org/eclipse/jetty/apache-jstl/9.3.27.v20190418/apache-jstl-9.3.27.v20190418.jar:/home/alex/.m2/repository/org/apache/taglibs/taglibs-standard-spec/1.2.5/taglibs-standard-spec-1.2.5.jar:/home/alex/.m2/repository/org/apache/taglibs/taglibs-standard-impl/1.2.5/taglibs-standard-impl-1.2.5.jar:/home/alex/.m2/repository/org/bouncycastle/bcprov-jdk15on/1.64/bcprov-jdk15on-1.64.jar:/home/alex/.m2/repository/org/apache/santuario/xmlsec/2.2.1/xmlsec-2.2.1.jar:/home/alex/.m2/repository/org/jamon/jamon-runtime/2.3.1/jamon-runtime-2.3.1.jar:/home/alex/Repositories/hive/common/target/classes:/home/alex/Repositories/hive/classification/target/classes:/home/alex/.m2/repository/org/eclipse/jetty/jetty-http/9.3.27.v20190418/jetty-http-9.3.27.v20190418.jar:/home/alex/.m2/repository/org/eclipse/jetty/jetty-rewrite/9.3.27.v20190418/jetty-rewrite-9.3.27.v20190418.jar:/home/alex/.m2/repository/org/eclipse/jetty/jetty-client/9.3.27.v20190418/jetty-client-9.3.27.v20190418.jar:/home/alex/.m2/repository/org/apache/logging/log4j/log4j-web/2.13.2/log4j-web-2.13.2.jar:/home/alex/.m2/repository/net/sf/jpam/jpam/1.1/jpam-1.1.jar:/home/alex/Repositories/hive/metastore/target/classes:/home/alex/Repositories/hive/ql/target/classes:/home/alex/.m2/repository/com/google/guava/guava/19.0/guava-19.0.jar:/home/alex/.m2/repository/com/fasterxml/jackson/core/jackson-annotations/2.12.0/jackson-annotations-2.12.0.jar:/home/alex/.m2/repository/com/fasterxml/jackson/core/jackson-core/2.12.0/jackson-core-2.12.0.jar:/home/alex/.m2/repository/com/fasterxml/jackson/core/jackson-databind/2.12.0/jackson-databind-2.12.0.jar:/home/alex/.m2/repository/org/apache/hadoop/hadoop-annotations/3.1.0/hadoop-annotations-3.1.0.jar:/usr/lib/jvm/java-8-openjdk-amd64/jre/../lib/tools.jar:/home/alex/.m2/repository/org/apache/hadoop/hadoop-archives/3.1.0/hadoop-archives-3.1.0.jar:/home/alex/.m2/repository/org/apache/hadoop/hadoop-common/3.1.0/hadoop-common-3.1.0.jar:/home/alex/.m2/repository/commons-cli/commons-cli/1.4/commons-cli-1.4.jar:/home/alex/.m2/repository/org/apache/commons/commons-math3/3.6.1/commons-math3-3.6.1.jar:/home/alex/.m2/repository/commons-codec/commons-codec/1.15/commons-codec-1.15.jar:/home/alex/.m2/repository/commons-io/commons-io/2.6/commons-io-2.6.jar:/home/alex/.m2/repository/commons-net/commons-net/3.6/commons-net-3.6.jar:/home/alex/.m2/repository/commons-collections/commons-collections/3.2.2/commons-collections-3.2.2.jar:/home/alex/.m2/repository/javax/servlet/javax.servlet-api/3.1.0/javax.servlet-api-3.1.0.jar:/home/alex/.m2/repository/org/eclipse/jetty/jetty-server/9.3.27.v20190418/jetty-server-9.3.27.v20190418.jar:/home/alex/.m2/repository/org/eclipse/jetty/jetty-io/9.3.27.v20190418/jetty-io-9.3.27.v20190418.jar:/home/alex/.m2/repository/org/eclipse/jetty/jetty-util/9.3.27.v20190418/jetty-util-9.3.27.v20190418.jar:/home/alex/.m2/repository/org/eclipse/jetty/jetty-servlet/9.3.27.v20190418/jetty-servlet-9.3.27.v20190418.jar:/home/alex/.m2/repository/org/eclipse/jetty/jetty-security/9.3.27.v20190418/jetty-security-9.3.27.v20190418.jar:/home/alex/.m2/repository/org/eclipse/jetty/jetty-webapp/9.3.27.v20190418/jetty-webapp-9.3.27.v20190418.jar:/home/alex/.m2/repository/org/eclipse/jetty/jetty-xml/9.3.27.v20190418/jetty-xml-9.3.27.v20190418.jar:/home/alex/.m2/repository/javax/servlet/jsp/jsp-api/2.1/jsp-api-2.1.jar:/home/alex/.m2/repository/com/sun/jersey/jersey-core/1.19/jersey-core-1.19.jar:/home/alex/.m2/repository/javax/ws/rs/jsr311-api/1.1.1/jsr311-api-1.1.1.jar:/home/alex/.m2/repository/com/sun/jersey/jersey-json/1.19/jersey-json-1.19.jar:/home/alex/.m2/repository/org/codehaus/jettison/jettison/1.1/jettison-1.1.jar:/home/alex/.m2/repository/com/sun/xml/bind/jaxb-impl/2.2.3-1/jaxb-impl-2.2.3-1.jar:/home/alex/.m2/repository/org/codehaus/jackson/jackson-jaxrs/1.9.2/jackson-jaxrs-1.9.2.jar:/home/alex/.m2/repository/org/codehaus/jackson/jackson-xc/1.9.2/jackson-xc-1.9.2.jar:/home/alex/.m2/repository/com/sun/jersey/jersey-server/1.19/jersey-server-1.19.jar:/home/alex/.m2/repository/log4j/log4j/1.2.17/log4j-1.2.17.jar:/home/alex/.m2/repository/commons-lang/commons-lang/2.6/commons-lang-2.6.jar:/home/alex/.m2/repository/org/apache/commons/commons-configuration2/2.1.1/commons-configuration2-2.1.1.jar:/home/alex/.m2/repository/org/apache/commons/commons-lang3/3.4/commons-lang3-3.4.jar:/home/alex/.m2/repository/org/apache/avro/avro/1.8.2/avro-1.8.2.jar:/home/alex/.m2/repository/com/thoughtworks/paranamer/paranamer/2.8/paranamer-2.8.jar:/home/alex/.m2/repository/org/xerial/snappy/snappy-java/1.1.4/snappy-java-1.1.4.jar:/home/alex/.m2/repository/org/tukaani/xz/1.5/xz-1.5.jar:/home/alex/.m2/repository/com/google/re2j/re2j/1.2/re2j-1.2.jar:/home/alex/.m2/repository/com/google/protobuf/protobuf-java/2.5.0/protobuf-java-2.5.0.jar:/home/alex/.m2/repository/com/google/code/gson/gson/2.2.4/gson-2.2.4.jar:/home/alex/.m2/repository/org/apache/hadoop/hadoop-auth/3.1.0/hadoop-auth-3.1.0.jar:/home/alex/.m2/repository/com/nimbusds/nimbus-jose-jwt/4.41.1/nimbus-jose-jwt-4.41.1.jar:/home/alex/.m2/repository/com/github/stephenc/jcip/jcip-annotations/1.0-1/jcip-annotations-1.0-1.jar:/home/alex/.m2/repository/net/minidev/json-smart/2.3/json-smart-2.3.jar:/home/alex/.m2/repository/net/minidev/accessors-smart/1.2/accessors-smart-1.2.jar:/home/alex/.m2/repository/org/ow2/asm/asm/5.0.4/asm-5.0.4.jar:/home/alex/.m2/repository/com/jcraft/jsch/0.1.54/jsch-0.1.54.jar:/home/alex/.m2/repository/com/google/code/findbugs/jsr305/3.0.0/jsr305-3.0.0.jar:/home/alex/.m2/repository/org/apache/htrace/htrace-core4/4.1.0-incubating/htrace-core4-4.1.0-incubating.jar:/home/alex/.m2/repository/org/apache/commons/commons-compress/1.21/commons-compress-1.21.jar:/home/alex/.m2/repository/org/apache/kerby/kerb-simplekdc/1.0.1/kerb-simplekdc-1.0.1.jar:/home/alex/.m2/repository/org/apache/kerby/kerb-client/1.0.1/kerb-client-1.0.1.jar:/home/alex/.m2/repository/org/apache/kerby/kerby-config/1.0.1/kerby-config-1.0.1.jar:/home/alex/.m2/repository/org/apache/kerby/kerb-core/1.0.1/kerb-core-1.0.1.jar:/home/alex/.m2/repository/org/apache/kerby/kerby-pkix/1.0.1/kerby-pkix-1.0.1.jar:/home/alex/.m2/repository/org/apache/kerby/kerby-asn1/1.0.1/kerby-asn1-1.0.1.jar:/home/alex/.m2/repository/org/apache/kerby/kerby-util/1.0.1/kerby-util-1.0.1.jar:/home/alex/.m2/repository/org/apache/kerby/kerb-common/1.0.1/kerb-common-1.0.1.jar:/home/alex/.m2/repository/org/apache/kerby/kerb-crypto/1.0.1/kerb-crypto-1.0.1.jar:/home/alex/.m2/repository/org/apache/kerby/kerb-util/1.0.1/kerb-util-1.0.1.jar:/home/alex/.m2/repository/org/apache/kerby/token-provider/1.0.1/token-provider-1.0.1.jar:/home/alex/.m2/repository/org/apache/kerby/kerb-admin/1.0.1/kerb-admin-1.0.1.jar:/home/alex/.m2/repository/org/apache/kerby/kerb-server/1.0.1/kerb-server-1.0.1.jar:/home/alex/.m2/repository/org/apache/kerby/kerb-identity/1.0.1/kerb-identity-1.0.1.jar:/home/alex/.m2/repository/org/apache/kerby/kerby-xdr/1.0.1/kerby-xdr-1.0.1.jar:/home/alex/.m2/repository/org/codehaus/woodstox/stax2-api/3.1.4/stax2-api-3.1.4.jar:/home/alex/.m2/repository/com/fasterxml/woodstox/woodstox-core/5.0.3/woodstox-core-5.0.3.jar:/home/alex/.m2/repository/org/apache/hadoop/hadoop-mapreduce-client-jobclient/3.1.0/hadoop-mapreduce-client-jobclient-3.1.0.jar:/home/alex/.m2/repository/com/google/inject/extensions/guice-servlet/4.0/guice-servlet-4.0.jar:/home/alex/.m2/repository/com/google/inject/guice/4.0/guice-4.0.jar:/home/alex/.m2/repository/aopalliance/aopalliance/1.0/aopalliance-1.0.jar:/home/alex/.m2/repository/org/apache/hadoop/hadoop-mapreduce-client-core/3.1.0/hadoop-mapreduce-client-core-3.1.0.jar:/home/alex/.m2/repository/org/apache/hadoop/hadoop-yarn-client/3.1.0/hadoop-yarn-client-3.1.0.jar:/home/alex/.m2/repository/org/apache/hadoop/hadoop-yarn-api/3.1.0/hadoop-yarn-api-3.1.0.jar:/home/alex/.m2/repository/org/apache/hadoop/hadoop-yarn-common/3.1.0/hadoop-yarn-common-3.1.0.jar:/home/alex/.m2/repository/javax/xml/bind/jaxb-api/2.2.11/jaxb-api-2.2.11.jar:/home/alex/.m2/repository/com/sun/jersey/jersey-client/1.19/jersey-client-1.19.jar:/home/alex/.m2/repository/com/sun/jersey/contribs/jersey-guice/1.19/jersey-guice-1.19.jar:/home/alex/.m2/repository/com/fasterxml/jackson/module/jackson-module-jaxb-annotations/2.12.0/jackson-module-jaxb-annotations-2.12.0.jar:/home/alex/.m2/repository/jakarta/xml/bind/jakarta.xml.bind-api/2.3.2/jakarta.xml.bind-api-2.3.2.jar:/home/alex/.m2/repository/jakarta/activation/jakarta.activation-api/1.2.1/jakarta.activation-api-1.2.1.jar:/home/alex/.m2/repository/com/fasterxml/jackson/jaxrs/jackson-jaxrs-json-provider/2.12.0/jackson-jaxrs-json-provider-2.12.0.jar:/home/alex/.m2/repository/org/apache/hadoop/hadoop-hdfs-client/3.1.0/hadoop-hdfs-client-3.1.0.jar:/home/alex/.m2/repository/com/squareup/okhttp/okhttp/2.7.5/okhttp-2.7.5.jar:/home/alex/.m2/repository/com/squareup/okio/okio/1.6.0/okio-1.6.0.jar:/home/alex/.m2/repository/org/apache/pig/pig/0.16.0/pig-0.16.0-h2.jar:/home/alex/.m2/repository/xmlenc/xmlenc/0.52/xmlenc-0.52.jar:/home/alex/.m2/repository/commons-httpclient/commons-httpclient/3.1/commons-httpclient-3.1.jar:/home/alex/.m2/repository/org/mortbay/jetty/jetty/6.1.26/jetty-6.1.26.jar:/home/alex/.m2/repository/org/mortbay/jetty/servlet-api/2.5-20081211/servlet-api-2.5-20081211.jar:/home/alex/.m2/repository/org/mortbay/jetty/jetty-util/6.1.26/jetty-util-6.1.26.jar:/home/alex/.m2/repository/org/mortbay/jetty/jsp-api-2.1/6.1.14/jsp-api-2.1-6.1.14.jar:/home/alex/.m2/repository/org/mortbay/jetty/jsp-2.1/6.1.14/jsp-2.1-6.1.14.jar:/home/alex/.m2/repository/org/eclipse/jdt/core/3.1.1/core-3.1.1.jar:/home/alex/.m2/repository/ant/ant/1.6.5/ant-1.6.5.jar:/home/alex/.m2/repository/commons-el/commons-el/1.0/commons-el-1.0.jar:/home/alex/.m2/repository/net/java/dev/jets3t/jets3t/0.7.1/jets3t-0.7.1.jar:/home/alex/.m2/repository/org/mortbay/jetty/servlet-api-2.5/6.1.14/servlet-api-2.5-6.1.14.jar:/home/alex/.m2/repository/net/sf/kosmosfs/kfs/0.3/kfs-0.3.jar:/home/alex/.m2/repository/junit/junit/4.13/junit-4.13.jar:/home/alex/.m2/repository/org/hamcrest/hamcrest-core/1.3/hamcrest-core-1.3.jar:/home/alex/.m2/repository/hsqldb/hsqldb/1.8.0.10/hsqldb-1.8.0.10.jar:/home/alex/.m2/repository/oro/oro/2.0.8/oro-2.0.8.jar:/home/alex/.m2/repository/org/antlr/ST4/4.0.4/ST4-4.0.4.jar:/home/alex/.m2/repository/org/antlr/antlr-runtime/3.5.2/antlr-runtime-3.5.2.jar:/home/alex/.m2/repository/dk/brics/automaton/automaton/1.11-8/automaton-1.11-8.jar:/home/alex/.m2/repository/org/codehaus/jackson/jackson-mapper-asl/1.8.8/jackson-mapper-asl-1.8.8.jar:/home/alex/.m2/repository/org/codehaus/jackson/jackson-core-asl/1.8.8/jackson-core-asl-1.8.8.jar:/home/alex/.m2/repository/org/apache/ivy/ivy/2.2.0/ivy-2.2.0.jar:/home/alex/.m2/repository/org/apache/hadoop/hadoop-hdfs/3.1.0/hadoop-hdfs-3.1.0.jar:/home/alex/.m2/repository/org/eclipse/jetty/jetty-util-ajax/9.3.19.v20170502/jetty-util-ajax-9.3.19.v20170502.jar:/home/alex/.m2/repository/commons-logging/commons-logging/1.1.3/commons-logging-1.1.3.jar:/home/alex/.m2/repository/commons-daemon/commons-daemon/1.0.13/commons-daemon-1.0.13.jar:/home/alex/.m2/repository/io/netty/netty-all/4.1.65.Final/netty-all-4.1.65.Final.jar:/home/alex/.m2/repository/org/fusesource/leveldbjni/leveldbjni-all/1.8/leveldbjni-all-1.8.jar:/home/alex/.m2/repository/joda-time/joda-time/2.9.9/joda-time-2.9.9.jar:/home/alex/Repositories/hive/hcatalog/core/target/test-classes:/home/alex/.m2/repository/jline/jline/0.9.94/jline-0.9.94.jar:/home/alex/Repositories/hive/ql/target/test-classes:/home/alex/.m2/repository/org/apache/atlas/atlas-client-v2/2.1.0/atlas-client-v2-2.1.0.jar:/home/alex/.m2/repository/cglib/cglib/2.2.2/cglib-2.2.2.jar:/home/alex/.m2/repository/asm/asm/3.3.1/asm-3.3.1.jar:/home/alex/.m2/repository/org/apache/atlas/atlas-client-common/2.1.0/atlas-client-common-2.1.0.jar:/home/alex/.m2/repository/org/apache/atlas/atlas-intg/2.1.0/atlas-intg-2.1.0.jar:/home/alex/.m2/repository/commons-validator/commons-validator/1.6/commons-validator-1.6.jar:/home/alex/.m2/repository/commons-digester/commons-digester/1.8.1/commons-digester-1.8.1.jar:/home/alex/.m2/repository/com/fasterxml/jackson/jaxrs/jackson-jaxrs-base/2.12.0/jackson-jaxrs-base-2.12.0.jar:/home/alex/.m2/repository/javax/inject/javax.inject/1/javax.inject-1.jar:/home/alex/.m2/repository/org/springframework/spring-context/4.3.20.RELEASE/spring-context-4.3.20.RELEASE.jar:/home/alex/.m2/repository/org/springframework/spring-aop/4.3.20.RELEASE/spring-aop-4.3.20.RELEASE.jar:/home/alex/.m2/repository/org/springframework/spring-beans/4.3.20.RELEASE/spring-beans-4.3.20.RELEASE.jar:/home/alex/.m2/repository/org/springframework/spring-core/4.3.20.RELEASE/spring-core-4.3.20.RELEASE.jar:/home/alex/.m2/repository/org/springframework/spring-expression/4.3.20.RELEASE/spring-expression-4.3.20.RELEASE.jar:/home/alex/.m2/repository/commons-configuration/commons-configuration/1.10/commons-configuration-1.10.jar:/home/alex/Repositories/hive/vector-code-gen/target/classes:/home/alex/.m2/repository/org/apache/velocity/velocity/1.5/velocity-1.5.jar:/home/alex/Repositories/hive/serde/target/classes:/home/alex/.m2/repository/org/apache/arrow/arrow-vector/0.15.1/arrow-vector-0.15.1.jar:/home/alex/.m2/repository/org/apache/arrow/arrow-format/0.15.1/arrow-format-0.15.1.jar:/home/alex/.m2/repository/org/apache/arrow/arrow-memory/0.15.1/arrow-memory-0.15.1.jar:/home/alex/.m2/repository/com/google/flatbuffers/flatbuffers-java/1.9.0/flatbuffers-java-1.9.0.jar:/home/alex/.m2/repository/com/carrotsearch/hppc/0.7.2/hppc-0.7.2.jar:/home/alex/.m2/repository/com/github/davidmoten/flatbuffers-java/1.6.0.1/flatbuffers-java-1.6.0.1.jar:/home/alex/Repositories/hive/parser/target/classes:/home/alex/Repositories/hive/udf/target/classes:/home/alex/Repositories/hive/service-rpc/target/classes:/home/alex/Repositories/hive/llap-client/target/classes:/home/alex/Repositories/hive/llap-common/target/classes:/home/alex/.m2/repository/io/jsonwebtoken/jjwt-api/0.10.5/jjwt-api-0.10.5.jar:/home/alex/.m2/repository/io/jsonwebtoken/jjwt-impl/0.10.5/jjwt-impl-0.10.5.jar:/home/alex/.m2/repository/io/jsonwebtoken/jjwt-jackson/0.10.5/jjwt-jackson-0.10.5.jar:/home/alex/Repositories/hive/llap-tez/target/classes:/home/alex/Repositories/hive/shims/aggregator/target/classes:/home/alex/Repositories/hive/shims/common/target/classes:/home/alex/Repositories/hive/shims/0.23/target/classes:/home/alex/.m2/repository/org/apache/hadoop/hadoop-yarn-server-resourcemanager/3.1.0/hadoop-yarn-server-resourcemanager-3.1.0.jar:/home/alex/.m2/repository/org/apache/hadoop/hadoop-yarn-server-common/3.1.0/hadoop-yarn-server-common-3.1.0.jar:/home/alex/.m2/repository/org/apache/geronimo/specs/geronimo-jcache_1.0_spec/1.0-alpha-1/geronimo-jcache_1.0_spec-1.0-alpha-1.jar:/home/alex/.m2/repository/org/ehcache/ehcache/3.3.1/ehcache-3.3.1.jar:/home/alex/.m2/repository/com/zaxxer/HikariCP-java7/2.4.12/HikariCP-java7-2.4.12.jar:/home/alex/.m2/repository/org/apache/hadoop/hadoop-yarn-server-applicationhistoryservice/3.1.0/hadoop-yarn-server-applicationhistoryservice-3.1.0.jar:/home/alex/.m2/repository/de/ruedigermoeller/fst/2.50/fst-2.50.jar:/home/alex/.m2/repository/com/cedarsoftware/java-util/1.9.0/java-util-1.9.0.jar:/home/alex/.m2/repository/com/cedarsoftware/json-io/2.5.1/json-io-2.5.1.jar:/home/alex/Repositories/hive/shims/scheduler/target/classes:/home/alex/Repositories/hive/spark-client/target/classes:/home/alex/.m2/repository/com/fasterxml/jackson/module/jackson-module-scala_2.12/2.12.0/jackson-module-scala_2.12-2.12.0.jar:/home/alex/.m2/repository/org/scala-lang/scala-library/2.12.10/scala-library-2.12.10.jar:/home/alex/.m2/repository/org/apache/spark/spark-core_2.12/2.4.5/spark-core_2.12-2.4.5.jar:/home/alex/.m2/repository/com/twitter/chill_2.12/0.9.3/chill_2.12-0.9.3.jar:/home/alex/.m2/repository/com/twitter/chill-java/0.9.3/chill-java-0.9.3.jar:/home/alex/.m2/repository/org/apache/xbean/xbean-asm6-shaded/4.8/xbean-asm6-shaded-4.8.jar:/home/alex/.m2/repository/org/apache/hadoop/hadoop-client/3.1.0/hadoop-client-3.1.0.jar:/home/alex/.m2/repository/org/apache/spark/spark-launcher_2.12/2.4.5/spark-launcher_2.12-2.4.5.jar:/home/alex/.m2/repository/org/apache/spark/spark-kvstore_2.12/2.4.5/spark-kvstore_2.12-2.4.5.jar:/home/alex/.m2/repository/org/apache/spark/spark-network-common_2.12/2.4.5/spark-network-common_2.12-2.4.5.jar:/home/alex/.m2/repository/org/apache/spark/spark-network-shuffle_2.12/2.4.5/spark-network-shuffle_2.12-2.4.5.jar:/home/alex/.m2/repository/org/apache/spark/spark-unsafe_2.12/2.4.5/spark-unsafe_2.12-2.4.5.jar:/home/alex/.m2/repository/javax/activation/activation/1.1.1/activation-1.1.1.jar:/home/alex/.m2/repository/org/slf4j/jul-to-slf4j/1.7.16/jul-to-slf4j-1.7.16.jar:/home/alex/.m2/repository/org/slf4j/jcl-over-slf4j/1.7.16/jcl-over-slf4j-1.7.16.jar:/home/alex/.m2/repository/com/ning/compress-lzf/1.0.3/compress-lzf-1.0.3.jar:/home/alex/.m2/repository/org/roaringbitmap/RoaringBitmap/0.7.45/RoaringBitmap-0.7.45.jar:/home/alex/.m2/repository/org/roaringbitmap/shims/0.7.45/shims-0.7.45.jar:/home/alex/.m2/repository/org/json4s/json4s-jackson_2.12/3.5.3/json4s-jackson_2.12-3.5.3.jar:/home/alex/.m2/repository/org/json4s/json4s-core_2.12/3.5.3/json4s-core_2.12-3.5.3.jar:/home/alex/.m2/repository/org/json4s/json4s-ast_2.12/3.5.3/json4s-ast_2.12-3.5.3.jar:/home/alex/.m2/repository/org/json4s/json4s-scalap_2.12/3.5.3/json4s-scalap_2.12-3.5.3.jar:/home/alex/.m2/repository/org/scala-lang/modules/scala-xml_2.12/1.0.6/scala-xml_2.12-1.0.6.jar:/home/alex/.m2/repository/com/clearspring/analytics/stream/2.7.0/stream-2.7.0.jar:/home/alex/.m2/repository/io/dropwizard/metrics/metrics-graphite/3.1.5/metrics-graphite-3.1.5.jar:/home/alex/.m2/repository/net/razorvine/pyrolite/4.13/pyrolite-4.13.jar:/home/alex/.m2/repository/net/sf/py4j/py4j/0.10.7/py4j-0.10.7.jar:/home/alex/.m2/repository/org/apache/spark/spark-tags_2.12/2.4.5/spark-tags_2.12-2.4.5.jar:/home/alex/.m2/repository/org/apache/commons/commons-crypto/1.0.0/commons-crypto-1.0.0.jar:/home/alex/.m2/repository/org/spark-project/spark/unused/1.0.0/unused-1.0.0.jar:/home/alex/.m2/repository/org/apache/spark/spark-yarn_2.12/2.4.5/spark-yarn_2.12-2.4.5.jar:/home/alex/.m2/repository/org/apache/hadoop/hadoop-yarn-server-web-proxy/3.1.0/hadoop-yarn-server-web-proxy-3.1.0.jar:/home/alex/Repositories/hive/storage-api/target/classes:/home/alex/.m2/repository/com/amazonaws/secretsmanager/aws-secretsmanager-caching-java/1.0.1/aws-secretsmanager-caching-java-1.0.1.jar:/home/alex/.m2/repository/com/esotericsoftware/kryo/5.0.3/kryo-5.0.3.jar:/home/alex/.m2/repository/com/esotericsoftware/minlog/1.3.1/minlog-1.3.1.jar:/home/alex/.m2/repository/com/esotericsoftware/reflectasm/1.11.9/reflectasm-1.11.9.jar:/home/alex/.m2/repository/org/apache/parquet/parquet-hadoop-bundle/1.11.1/parquet-hadoop-bundle-1.11.1.jar:/home/alex/.m2/repository/org/apache/commons/commons-collections4/4.1/commons-collections4-4.1.jar:/home/alex/.m2/repository/org/apache/commons/commons-text/1.8/commons-text-1.8.jar:/home/alex/.m2/repository/javolution/javolution/5.5.1/javolution-5.5.1.jar:/home/alex/.m2/repository/org/apache/logging/log4j/log4j-1.2-api/2.13.2/log4j-1.2-api-2.13.2.jar:/home/alex/.m2/repository/org/apache/logging/log4j/log4j-api/2.13.2/log4j-api-2.13.2.jar:/home/alex/.m2/repository/org/apache/logging/log4j/log4j-core/2.13.2/log4j-core-2.13.2.jar:/home/alex/.m2/repository/org/apache/logging/log4j/log4j-slf4j-impl/2.13.2/log4j-slf4j-impl-2.13.2.jar:/home/alex/.m2/repository/org/apache/avro/avro-mapred/1.8.2/avro-mapred-1.8.2-hadoop2.jar:/home/alex/.m2/repository/org/apache/avro/avro-ipc/1.8.2/avro-ipc-1.8.2.jar:/home/alex/.m2/repository/org/apache/ant/ant/1.9.1/ant-1.9.1.jar:/home/alex/.m2/repository/org/apache/ant/ant-launcher/1.9.1/ant-launcher-1.9.1.jar:/home/alex/.m2/repository/org/apache/thrift/libfb303/0.9.3/libfb303-0.9.3.jar:/home/alex/.m2/repository/org/apache/hadoop/hadoop-yarn-registry/3.1.0/hadoop-yarn-registry-3.1.0.jar:/home/alex/.m2/repository/dnsjava/dnsjava/2.1.7/dnsjava-2.1.7.jar:/home/alex/.m2/repository/org/apache/orc/orc-tools/1.6.9/orc-tools-1.6.9.jar:/home/alex/.m2/repository/com/opencsv/opencsv/3.9/opencsv-3.9.jar:/home/alex/.m2/repository/org/threeten/threetenbp/1.3.5/threetenbp-1.3.5.jar:/home/alex/.m2/repository/org/apache/thrift/libthrift/0.14.1/libthrift-0.14.1.jar:/home/alex/.m2/repository/org/apache/httpcomponents/httpcore/4.4.13/httpcore-4.4.13.jar:/home/alex/.m2/repository/org/apache/tomcat/embed/tomcat-embed-core/8.5.46/tomcat-embed-core-8.5.46.jar:/home/alex/.m2/repository/org/apache/tomcat/tomcat-annotations-api/8.5.46/tomcat-annotations-api-8.5.46.jar:/home/alex/.m2/repository/javax/annotation/javax.annotation-api/1.3.2/javax.annotation-api-1.3.2.jar:/home/alex/.m2/repository/org/apache/zookeeper/zookeeper/3.5.5/zookeeper-3.5.5.jar:/home/alex/.m2/repository/org/apache/zookeeper/zookeeper-jute/3.5.5/zookeeper-jute-3.5.5.jar:/home/alex/.m2/repository/org/apache/yetus/audience-annotations/0.5.0/audience-annotations-0.5.0.jar:/home/alex/.m2/repository/org/apache/curator/curator-framework/4.2.0/curator-framework-4.2.0.jar:/home/alex/.m2/repository/org/apache/datasketches/datasketches-hive/1.1.0-incubating/datasketches-hive-1.1.0-incubating.jar:/home/alex/.m2/repository/org/apache/datasketches/datasketches-java/1.3.0-incubating/datasketches-java-1.3.0-incubating.jar:/home/alex/.m2/repository/org/apache/datasketches/datasketches-memory/1.2.0-incubating/datasketches-memory-1.2.0-incubating.jar:/home/alex/.m2/repository/org/slf4j/slf4j-simple/1.7.27/slf4j-simple-1.7.27.jar:/home/alex/.m2/repository/org/codehaus/groovy/groovy-all/2.4.11/groovy-all-2.4.11.jar:/home/alex/.m2/repository/org/jodd/jodd-util/6.0.0/jodd-util-6.0.0.jar:/home/alex/.m2/repository/com/fasterxml/jackson/dataformat/jackson-dataformat-yaml/2.12.0/jackson-dataformat-yaml-2.12.0.jar:/home/alex/.m2/repository/org/yaml/snakeyaml/1.27/snakeyaml-1.27.jar:/home/alex/.m2/repository/org/datanucleus/datanucleus-core/5.2.4/datanucleus-core-5.2.4.jar:/home/alex/.m2/repository/org/apache/calcite/calcite-core/1.25.0/calcite-core-1.25.0.jar:/home/alex/.m2/repository/org/apache/calcite/calcite-linq4j/1.25.0/calcite-linq4j-1.25.0.jar:/home/alex/.m2/repository/org/apiguardian/apiguardian-api/1.1.0/apiguardian-api-1.1.0.jar:/home/alex/.m2/repository/com/esri/geometry/esri-geometry-api/2.2.0/esri-geometry-api-2.2.0.jar:/home/alex/.m2/repository/com/yahoo/datasketches/sketches-core/0.9.0/sketches-core-0.9.0.jar:/home/alex/.m2/repository/com/yahoo/datasketches/memory/0.9.0/memory-0.9.0.jar:/home/alex/.m2/repository/org/apache/calcite/calcite-druid/1.25.0/calcite-druid-1.25.0.jar:/home/alex/.m2/repository/org/apache/calcite/avatica/avatica/1.12.0/avatica-1.12.0.jar:/home/alex/.m2/repository/com/googlecode/javaewah/JavaEWAH/0.3.2/JavaEWAH-0.3.2.jar:/home/alex/.m2/repository/com/tdunning/json/1.8/json-1.8.jar:/home/alex/.m2/repository/stax/stax-api/1.0.1/stax-api-1.0.1.jar:/home/alex/.m2/repository/net/sf/opencsv/opencsv/2.3/opencsv-2.3.jar:/home/alex/Repositories/hive/standalone-metastore/metastore-server/target/classes:/home/alex/.m2/repository/org/reflections/reflections/0.9.10/reflections-0.9.10.jar:/home/alex/.m2/repository/org/javassist/javassist/3.19.0-GA/javassist-3.19.0-GA.jar:/home/alex/.m2/repository/com/jayway/jsonpath/json-path/2.4.0/json-path-2.4.0.jar:/home/alex/.m2/repository/org/codehaus/janino/commons-compiler/3.0.11/commons-compiler-3.0.11.jar:/home/alex/.m2/repository/org/codehaus/janino/janino/3.0.11/janino-3.0.11.jar:/home/alex/.m2/repository/com/sun/jersey/contribs/jersey-multipart/1.19/jersey-multipart-1.19.jar:/home/alex/.m2/repository/org/jvnet/mimepull/mimepull/1.9.3/mimepull-1.9.3.jar:/home/alex/.m2/repository/org/apache/kafka/kafka-clients/2.5.0/kafka-clients-2.5.0.jar:/home/alex/.m2/repository/com/github/luben/zstd-jni/1.4.4-7/zstd-jni-1.4.4-7.jar:/home/alex/.m2/repository/org/lz4/lz4-java/1.7.1/lz4-java-1.7.1.jar:/home/alex/.m2/repository/org/apache/hadoop/hadoop-hdfs/3.1.0/hadoop-hdfs-3.1.0-tests.jar:/home/alex/Repositories/hive/standalone-metastore/metastore-server/target/test-classes:/home/alex/Repositories/hive/standalone-metastore/metastore-common/target/classes:/home/alex/.m2/repository/com/github/ben-manes/caffeine/caffeine/2.8.4/caffeine-2.8.4.jar:/home/alex/.m2/repository/org/checkerframework/checker-qual/3.4.0/checker-qual-3.4.0.jar:/home/alex/.m2/repository/com/google/errorprone/error_prone_annotations/2.3.4/error_prone_annotations-2.3.4.jar:/home/alex/.m2/repository/org/apache/orc/orc-core/1.6.9/orc-core-1.6.9.jar:/home/alex/.m2/repository/org/apache/orc/orc-shims/1.6.9/orc-shims-1.6.9.jar:/home/alex/.m2/repository/io/airlift/aircompressor/0.19/aircompressor-0.19.jar:/home/alex/.m2/repository/org/jetbrains/annotations/17.0.0/annotations-17.0.0.jar:/home/alex/.m2/repository/org/threeten/threeten-extra/1.5.0/threeten-extra-1.5.0.jar:/home/alex/.m2/repository/com/github/joshelser/dropwizard-metrics-hadoop-metrics2-reporter/0.1.2/dropwizard-metrics-hadoop-metrics2-reporter-0.1.2.jar:/home/alex/.m2/repository/com/zaxxer/HikariCP/2.6.1/HikariCP-2.6.1.jar:/home/alex/.m2/repository/org/apache/commons/commons-dbcp2/2.7.0/commons-dbcp2-2.7.0.jar:/home/alex/.m2/repository/org/apache/commons/commons-pool2/2.7.0/commons-pool2-2.7.0.jar:/home/alex/.m2/repository/io/dropwizard/metrics/metrics-core/3.1.0/metrics-core-3.1.0.jar:/home/alex/.m2/repository/io/dropwizard/metrics/metrics-jvm/3.1.0/metrics-jvm-3.1.0.jar:/home/alex/.m2/repository/io/dropwizard/metrics/metrics-json/3.1.0/metrics-json-3.1.0.jar:/home/alex/.m2/repository/org/apache/derby/derby/10.14.1.0/derby-10.14.1.0.jar:/home/alex/.m2/repository/commons-beanutils/commons-beanutils/1.9.4/commons-beanutils-1.9.4.jar:/home/alex/.m2/repository/org/datanucleus/datanucleus-api-jdo/5.2.4/datanucleus-api-jdo-5.2.4.jar:/home/alex/.m2/repository/org/datanucleus/datanucleus-rdbms/5.2.4/datanucleus-rdbms-5.2.4.jar:/home/alex/.m2/repository/org/datanucleus/javax.jdo/3.2.0-release/javax.jdo-3.2.0-release.jar:/home/alex/.m2/repository/javax/transaction/javax.transaction-api/1.3/javax.transaction-api-1.3.jar:/home/alex/.m2/repository/org/glassfish/corba/glassfish-corba-omgapi/4.2.2/glassfish-corba-omgapi-4.2.2.jar:/home/alex/.m2/repository/sqlline/sqlline/1.9.0/sqlline-1.9.0.jar:/home/alex/.m2/repository/org/jline/jline-terminal/3.12.1/jline-terminal-3.12.1.jar:/home/alex/.m2/repository/org/jline/jline-reader/3.12.1/jline-reader-3.12.1.jar:/home/alex/.m2/repository/org/jline/jline-terminal-jansi/3.12.1/jline-terminal-jansi-3.12.1.jar:/home/alex/.m2/repository/org/fusesource/jansi/jansi/1.18/jansi-1.18.jar:/home/alex/.m2/repository/org/jline/jline-terminal-jna/3.12.1/jline-terminal-jna-3.12.1.jar:/home/alex/.m2/repository/net/java/dev/jna/jna/5.3.1/jna-5.3.1.jar:/home/alex/.m2/repository/org/jline/jline-builtins/3.12.1/jline-builtins-3.12.1.jar:/home/alex/.m2/repository/org/jline/jline-style/3.12.1/jline-style-3.12.1.jar:/home/alex/.m2/repository/com/cronutils/cron-utils/9.1.3/cron-utils-9.1.3.jar:/home/alex/.m2/repository/org/glassfish/javax.el/3.0.0/javax.el-3.0.0.jar:/home/alex/.m2/repository/com/oracle/database/jdbc/ojdbc8/21.3.0.0/ojdbc8-21.3.0.0.jar:/home/alex/.m2/repository/mysql/mysql-connector-java/8.0.27/mysql-connector-java-8.0.27.jar:/home/alex/.m2/repository/com/microsoft/sqlserver/mssql-jdbc/6.2.1.jre8/mssql-jdbc-6.2.1.jre8.jar:/home/alex/.m2/repository/org/postgresql/postgresql/42.2.14/postgresql-42.2.14.jar:/home/alex/.m2/repository/org/apache/hadoop/hadoop-mapreduce-client-common/3.1.0/hadoop-mapreduce-client-common-3.1.0.jar:/home/alex/.m2/repository/org/apache/hadoop/hadoop-common/3.1.0/hadoop-common-3.1.0-tests.jar:/home/alex/.m2/repository/org/apache/httpcomponents/httpclient/4.5.13/httpclient-4.5.13.jar:/home/alex/.m2/repository/org/apache/curator/curator-client/4.2.0/curator-client-4.2.0.jar:/home/alex/.m2/repository/org/apache/curator/curator-recipes/4.2.0/curator-recipes-4.2.0.jar:/home/alex/.m2/repository/com/sun/jersey/jersey-servlet/1.19/jersey-servlet-1.19.jar:/home/alex/.m2/repository/org/slf4j/slf4j-api/1.7.30/slf4j-api-1.7.30.jar:/home/alex/.m2/repository/org/mockito/mockito-core/3.4.4/mockito-core-3.4.4.jar:/home/alex/.m2/repository/net/bytebuddy/byte-buddy/1.10.13/byte-buddy-1.10.13.jar:/home/alex/.m2/repository/net/bytebuddy/byte-buddy-agent/1.10.13/byte-buddy-agent-1.10.13.jar:/home/alex/.m2/repository/org/objenesis/objenesis/2.6/objenesis-2.6.jar:/home/alex/Repositories/hive/hcatalog/hcatalog-pig-adapter/target/testconf:/home/alex/Repositories/hive/hcatalog/hcatalog-pig-adapter/../../conf:"/>
    <property name="run_disabled" value=""/>
    <property name="java.vm.vendor" value="Private Build"/>
    <property name="sun.arch.data.model" value="64"/>
    <property name="hadoop.version" value="3.1.0"/>
    <property name="java.vendor.url" value="http://java.oracle.com/"/>
    <property name="user.timezone" value=""/>
    <property name="user.country.format" value="PT"/>
    <property name="test.local.warehouse.dir" value="pfile:///home/alex/Repositories/hive/hcatalog/hcatalog-pig-adapter/target/localfs/warehouse"/>
    <property name="os.name" value="Linux"/>
    <property name="java.vm.specification.version" value="1.8"/>
    <property name="test.tmp.dir" value="/home/alex/Repositories/hive/hcatalog/hcatalog-pig-adapter/target/tmp"/>
    <property name="test.build.data" value="/home/alex/Repositories/hive/hcatalog/hcatalog-pig-adapter/target/tmp"/>
    <property name="clustermode" value=""/>
    <property name="sun.java.launcher" value="SUN_STANDARD"/>
    <property name="user.country" value="US"/>
    <property name="test.data.files" value="/home/alex/Repositories/hive/hcatalog/hcatalog-pig-adapter/../../data/files"/>
    <property name="sun.boot.library.path" value="/usr/lib/jvm/java-8-openjdk-amd64/jre/lib/amd64"/>
    <property name="sun.java.command" value="/home/alex/Repositories/hive/hcatalog/hcatalog-pig-adapter/target/surefire/surefirebooter2383944470542928846.jar /home/alex/Repositories/hive/hcatalog/hcatalog-pig-adapter/target/surefire 2024-05-01T00-40-33_663-jvmRun1 surefire2842670792409164493tmp surefire_9591836254404193932152tmp"/>
    <property name="surefire.test.class.path" value="/home/alex/Repositories/hive/hcatalog/hcatalog-pig-adapter/target/test-classes:/home/alex/Repositories/hive/hcatalog/hcatalog-pig-adapter/target/classes:/home/alex/Repositories/hive/hcatalog/core/target/classes:/home/alex/Repositories/hive/cli/target/classes:/home/alex/Repositories/hive/service/target/classes:/home/alex/Repositories/hive/llap-server/target/classes:/home/alex/.m2/repository/com/lmax/disruptor/3.3.7/disruptor-3.3.7.jar:/home/alex/Repositories/hive/llap-common/target/test-classes:/home/alex/Repositories/hive/hplsql/target/classes:/home/alex/.m2/repository/org/antlr/antlr4-runtime/4.5/antlr4-runtime-4.5.jar:/home/alex/.m2/repository/org/abego/treelayout/org.abego.treelayout.core/1.0.1/org.abego.treelayout.core-1.0.1.jar:/home/alex/.m2/repository/javax/servlet/jsp/javax.servlet.jsp-api/2.3.1/javax.servlet.jsp-api-2.3.1.jar:/home/alex/.m2/repository/org/eclipse/jetty/jetty-runner/9.3.27.v20190418/jetty-runner-9.3.27.v20190418.jar:/home/alex/.m2/repository/org/eclipse/jetty/jetty-plus/9.3.27.v20190418/jetty-plus-9.3.27.v20190418.jar:/home/alex/.m2/repository/org/eclipse/jetty/jetty-annotations/9.3.27.v20190418/jetty-annotations-9.3.27.v20190418.jar:/home/alex/.m2/repository/org/ow2/asm/asm-commons/6.0/asm-commons-6.0.jar:/home/alex/.m2/repository/org/ow2/asm/asm-tree/6.0/asm-tree-6.0.jar:/home/alex/.m2/repository/org/eclipse/jetty/jetty-jaas/9.3.27.v20190418/jetty-jaas-9.3.27.v20190418.jar:/home/alex/.m2/repository/org/eclipse/jetty/websocket/websocket-server/9.3.27.v20190418/websocket-server-9.3.27.v20190418.jar:/home/alex/.m2/repository/org/eclipse/jetty/websocket/websocket-common/9.3.27.v20190418/websocket-common-9.3.27.v20190418.jar:/home/alex/.m2/repository/org/eclipse/jetty/websocket/websocket-api/9.3.27.v20190418/websocket-api-9.3.27.v20190418.jar:/home/alex/.m2/repository/org/eclipse/jetty/websocket/websocket-client/9.3.27.v20190418/websocket-client-9.3.27.v20190418.jar:/home/alex/.m2/repository/org/eclipse/jetty/websocket/websocket-servlet/9.3.27.v20190418/websocket-servlet-9.3.27.v20190418.jar:/home/alex/.m2/repository/org/eclipse/jetty/jetty-jndi/9.3.27.v20190418/jetty-jndi-9.3.27.v20190418.jar:/home/alex/.m2/repository/org/eclipse/jetty/apache-jsp/9.3.27.v20190418/apache-jsp-9.3.27.v20190418.jar:/home/alex/.m2/repository/org/eclipse/jetty/toolchain/jetty-schemas/3.1/jetty-schemas-3.1.jar:/home/alex/.m2/repository/org/eclipse/jdt/core/compiler/ecj/4.4.2/ecj-4.4.2.jar:/home/alex/.m2/repository/org/eclipse/jetty/apache-jstl/9.3.27.v20190418/apache-jstl-9.3.27.v20190418.jar:/home/alex/.m2/repository/org/apache/taglibs/taglibs-standard-spec/1.2.5/taglibs-standard-spec-1.2.5.jar:/home/alex/.m2/repository/org/apache/taglibs/taglibs-standard-impl/1.2.5/taglibs-standard-impl-1.2.5.jar:/home/alex/.m2/repository/org/bouncycastle/bcprov-jdk15on/1.64/bcprov-jdk15on-1.64.jar:/home/alex/.m2/repository/org/apache/santuario/xmlsec/2.2.1/xmlsec-2.2.1.jar:/home/alex/.m2/repository/org/jamon/jamon-runtime/2.3.1/jamon-runtime-2.3.1.jar:/home/alex/Repositories/hive/common/target/classes:/home/alex/Repositories/hive/classification/target/classes:/home/alex/.m2/repository/org/eclipse/jetty/jetty-http/9.3.27.v20190418/jetty-http-9.3.27.v20190418.jar:/home/alex/.m2/repository/org/eclipse/jetty/jetty-rewrite/9.3.27.v20190418/jetty-rewrite-9.3.27.v20190418.jar:/home/alex/.m2/repository/org/eclipse/jetty/jetty-client/9.3.27.v20190418/jetty-client-9.3.27.v20190418.jar:/home/alex/.m2/repository/org/apache/logging/log4j/log4j-web/2.13.2/log4j-web-2.13.2.jar:/home/alex/.m2/repository/net/sf/jpam/jpam/1.1/jpam-1.1.jar:/home/alex/Repositories/hive/metastore/target/classes:/home/alex/Repositories/hive/ql/target/classes:/home/alex/.m2/repository/com/google/guava/guava/19.0/guava-19.0.jar:/home/alex/.m2/repository/com/fasterxml/jackson/core/jackson-annotations/2.12.0/jackson-annotations-2.12.0.jar:/home/alex/.m2/repository/com/fasterxml/jackson/core/jackson-core/2.12.0/jackson-core-2.12.0.jar:/home/alex/.m2/repository/com/fasterxml/jackson/core/jackson-databind/2.12.0/jackson-databind-2.12.0.jar:/home/alex/.m2/repository/org/apache/hadoop/hadoop-annotations/3.1.0/hadoop-annotations-3.1.0.jar:/usr/lib/jvm/java-8-openjdk-amd64/jre/../lib/tools.jar:/home/alex/.m2/repository/org/apache/hadoop/hadoop-archives/3.1.0/hadoop-archives-3.1.0.jar:/home/alex/.m2/repository/org/apache/hadoop/hadoop-common/3.1.0/hadoop-common-3.1.0.jar:/home/alex/.m2/repository/commons-cli/commons-cli/1.4/commons-cli-1.4.jar:/home/alex/.m2/repository/org/apache/commons/commons-math3/3.6.1/commons-math3-3.6.1.jar:/home/alex/.m2/repository/commons-codec/commons-codec/1.15/commons-codec-1.15.jar:/home/alex/.m2/repository/commons-io/commons-io/2.6/commons-io-2.6.jar:/home/alex/.m2/repository/commons-net/commons-net/3.6/commons-net-3.6.jar:/home/alex/.m2/repository/commons-collections/commons-collections/3.2.2/commons-collections-3.2.2.jar:/home/alex/.m2/repository/javax/servlet/javax.servlet-api/3.1.0/javax.servlet-api-3.1.0.jar:/home/alex/.m2/repository/org/eclipse/jetty/jetty-server/9.3.27.v20190418/jetty-server-9.3.27.v20190418.jar:/home/alex/.m2/repository/org/eclipse/jetty/jetty-io/9.3.27.v20190418/jetty-io-9.3.27.v20190418.jar:/home/alex/.m2/repository/org/eclipse/jetty/jetty-util/9.3.27.v20190418/jetty-util-9.3.27.v20190418.jar:/home/alex/.m2/repository/org/eclipse/jetty/jetty-servlet/9.3.27.v20190418/jetty-servlet-9.3.27.v20190418.jar:/home/alex/.m2/repository/org/eclipse/jetty/jetty-security/9.3.27.v20190418/jetty-security-9.3.27.v20190418.jar:/home/alex/.m2/repository/org/eclipse/jetty/jetty-webapp/9.3.27.v20190418/jetty-webapp-9.3.27.v20190418.jar:/home/alex/.m2/repository/org/eclipse/jetty/jetty-xml/9.3.27.v20190418/jetty-xml-9.3.27.v20190418.jar:/home/alex/.m2/repository/javax/servlet/jsp/jsp-api/2.1/jsp-api-2.1.jar:/home/alex/.m2/repository/com/sun/jersey/jersey-core/1.19/jersey-core-1.19.jar:/home/alex/.m2/repository/javax/ws/rs/jsr311-api/1.1.1/jsr311-api-1.1.1.jar:/home/alex/.m2/repository/com/sun/jersey/jersey-json/1.19/jersey-json-1.19.jar:/home/alex/.m2/repository/org/codehaus/jettison/jettison/1.1/jettison-1.1.jar:/home/alex/.m2/repository/com/sun/xml/bind/jaxb-impl/2.2.3-1/jaxb-impl-2.2.3-1.jar:/home/alex/.m2/repository/org/codehaus/jackson/jackson-jaxrs/1.9.2/jackson-jaxrs-1.9.2.jar:/home/alex/.m2/repository/org/codehaus/jackson/jackson-xc/1.9.2/jackson-xc-1.9.2.jar:/home/alex/.m2/repository/com/sun/jersey/jersey-server/1.19/jersey-server-1.19.jar:/home/alex/.m2/repository/log4j/log4j/1.2.17/log4j-1.2.17.jar:/home/alex/.m2/repository/commons-lang/commons-lang/2.6/commons-lang-2.6.jar:/home/alex/.m2/repository/org/apache/commons/commons-configuration2/2.1.1/commons-configuration2-2.1.1.jar:/home/alex/.m2/repository/org/apache/commons/commons-lang3/3.4/commons-lang3-3.4.jar:/home/alex/.m2/repository/org/apache/avro/avro/1.8.2/avro-1.8.2.jar:/home/alex/.m2/repository/com/thoughtworks/paranamer/paranamer/2.8/paranamer-2.8.jar:/home/alex/.m2/repository/org/xerial/snappy/snappy-java/1.1.4/snappy-java-1.1.4.jar:/home/alex/.m2/repository/org/tukaani/xz/1.5/xz-1.5.jar:/home/alex/.m2/repository/com/google/re2j/re2j/1.2/re2j-1.2.jar:/home/alex/.m2/repository/com/google/protobuf/protobuf-java/2.5.0/protobuf-java-2.5.0.jar:/home/alex/.m2/repository/com/google/code/gson/gson/2.2.4/gson-2.2.4.jar:/home/alex/.m2/repository/org/apache/hadoop/hadoop-auth/3.1.0/hadoop-auth-3.1.0.jar:/home/alex/.m2/repository/com/nimbusds/nimbus-jose-jwt/4.41.1/nimbus-jose-jwt-4.41.1.jar:/home/alex/.m2/repository/com/github/stephenc/jcip/jcip-annotations/1.0-1/jcip-annotations-1.0-1.jar:/home/alex/.m2/repository/net/minidev/json-smart/2.3/json-smart-2.3.jar:/home/alex/.m2/repository/net/minidev/accessors-smart/1.2/accessors-smart-1.2.jar:/home/alex/.m2/repository/org/ow2/asm/asm/5.0.4/asm-5.0.4.jar:/home/alex/.m2/repository/com/jcraft/jsch/0.1.54/jsch-0.1.54.jar:/home/alex/.m2/repository/com/google/code/findbugs/jsr305/3.0.0/jsr305-3.0.0.jar:/home/alex/.m2/repository/org/apache/htrace/htrace-core4/4.1.0-incubating/htrace-core4-4.1.0-incubating.jar:/home/alex/.m2/repository/org/apache/commons/commons-compress/1.21/commons-compress-1.21.jar:/home/alex/.m2/repository/org/apache/kerby/kerb-simplekdc/1.0.1/kerb-simplekdc-1.0.1.jar:/home/alex/.m2/repository/org/apache/kerby/kerb-client/1.0.1/kerb-client-1.0.1.jar:/home/alex/.m2/repository/org/apache/kerby/kerby-config/1.0.1/kerby-config-1.0.1.jar:/home/alex/.m2/repository/org/apache/kerby/kerb-core/1.0.1/kerb-core-1.0.1.jar:/home/alex/.m2/repository/org/apache/kerby/kerby-pkix/1.0.1/kerby-pkix-1.0.1.jar:/home/alex/.m2/repository/org/apache/kerby/kerby-asn1/1.0.1/kerby-asn1-1.0.1.jar:/home/alex/.m2/repository/org/apache/kerby/kerby-util/1.0.1/kerby-util-1.0.1.jar:/home/alex/.m2/repository/org/apache/kerby/kerb-common/1.0.1/kerb-common-1.0.1.jar:/home/alex/.m2/repository/org/apache/kerby/kerb-crypto/1.0.1/kerb-crypto-1.0.1.jar:/home/alex/.m2/repository/org/apache/kerby/kerb-util/1.0.1/kerb-util-1.0.1.jar:/home/alex/.m2/repository/org/apache/kerby/token-provider/1.0.1/token-provider-1.0.1.jar:/home/alex/.m2/repository/org/apache/kerby/kerb-admin/1.0.1/kerb-admin-1.0.1.jar:/home/alex/.m2/repository/org/apache/kerby/kerb-server/1.0.1/kerb-server-1.0.1.jar:/home/alex/.m2/repository/org/apache/kerby/kerb-identity/1.0.1/kerb-identity-1.0.1.jar:/home/alex/.m2/repository/org/apache/kerby/kerby-xdr/1.0.1/kerby-xdr-1.0.1.jar:/home/alex/.m2/repository/org/codehaus/woodstox/stax2-api/3.1.4/stax2-api-3.1.4.jar:/home/alex/.m2/repository/com/fasterxml/woodstox/woodstox-core/5.0.3/woodstox-core-5.0.3.jar:/home/alex/.m2/repository/org/apache/hadoop/hadoop-mapreduce-client-jobclient/3.1.0/hadoop-mapreduce-client-jobclient-3.1.0.jar:/home/alex/.m2/repository/com/google/inject/extensions/guice-servlet/4.0/guice-servlet-4.0.jar:/home/alex/.m2/repository/com/google/inject/guice/4.0/guice-4.0.jar:/home/alex/.m2/repository/aopalliance/aopalliance/1.0/aopalliance-1.0.jar:/home/alex/.m2/repository/org/apache/hadoop/hadoop-mapreduce-client-core/3.1.0/hadoop-mapreduce-client-core-3.1.0.jar:/home/alex/.m2/repository/org/apache/hadoop/hadoop-yarn-client/3.1.0/hadoop-yarn-client-3.1.0.jar:/home/alex/.m2/repository/org/apache/hadoop/hadoop-yarn-api/3.1.0/hadoop-yarn-api-3.1.0.jar:/home/alex/.m2/repository/org/apache/hadoop/hadoop-yarn-common/3.1.0/hadoop-yarn-common-3.1.0.jar:/home/alex/.m2/repository/javax/xml/bind/jaxb-api/2.2.11/jaxb-api-2.2.11.jar:/home/alex/.m2/repository/com/sun/jersey/jersey-client/1.19/jersey-client-1.19.jar:/home/alex/.m2/repository/com/sun/jersey/contribs/jersey-guice/1.19/jersey-guice-1.19.jar:/home/alex/.m2/repository/com/fasterxml/jackson/module/jackson-module-jaxb-annotations/2.12.0/jackson-module-jaxb-annotations-2.12.0.jar:/home/alex/.m2/repository/jakarta/xml/bind/jakarta.xml.bind-api/2.3.2/jakarta.xml.bind-api-2.3.2.jar:/home/alex/.m2/repository/jakarta/activation/jakarta.activation-api/1.2.1/jakarta.activation-api-1.2.1.jar:/home/alex/.m2/repository/com/fasterxml/jackson/jaxrs/jackson-jaxrs-json-provider/2.12.0/jackson-jaxrs-json-provider-2.12.0.jar:/home/alex/.m2/repository/org/apache/hadoop/hadoop-hdfs-client/3.1.0/hadoop-hdfs-client-3.1.0.jar:/home/alex/.m2/repository/com/squareup/okhttp/okhttp/2.7.5/okhttp-2.7.5.jar:/home/alex/.m2/repository/com/squareup/okio/okio/1.6.0/okio-1.6.0.jar:/home/alex/.m2/repository/org/apache/pig/pig/0.16.0/pig-0.16.0-h2.jar:/home/alex/.m2/repository/xmlenc/xmlenc/0.52/xmlenc-0.52.jar:/home/alex/.m2/repository/commons-httpclient/commons-httpclient/3.1/commons-httpclient-3.1.jar:/home/alex/.m2/repository/org/mortbay/jetty/jetty/6.1.26/jetty-6.1.26.jar:/home/alex/.m2/repository/org/mortbay/jetty/servlet-api/2.5-20081211/servlet-api-2.5-20081211.jar:/home/alex/.m2/repository/org/mortbay/jetty/jetty-util/6.1.26/jetty-util-6.1.26.jar:/home/alex/.m2/repository/org/mortbay/jetty/jsp-api-2.1/6.1.14/jsp-api-2.1-6.1.14.jar:/home/alex/.m2/repository/org/mortbay/jetty/jsp-2.1/6.1.14/jsp-2.1-6.1.14.jar:/home/alex/.m2/repository/org/eclipse/jdt/core/3.1.1/core-3.1.1.jar:/home/alex/.m2/repository/ant/ant/1.6.5/ant-1.6.5.jar:/home/alex/.m2/repository/commons-el/commons-el/1.0/commons-el-1.0.jar:/home/alex/.m2/repository/net/java/dev/jets3t/jets3t/0.7.1/jets3t-0.7.1.jar:/home/alex/.m2/repository/org/mortbay/jetty/servlet-api-2.5/6.1.14/servlet-api-2.5-6.1.14.jar:/home/alex/.m2/repository/net/sf/kosmosfs/kfs/0.3/kfs-0.3.jar:/home/alex/.m2/repository/junit/junit/4.13/junit-4.13.jar:/home/alex/.m2/repository/org/hamcrest/hamcrest-core/1.3/hamcrest-core-1.3.jar:/home/alex/.m2/repository/hsqldb/hsqldb/1.8.0.10/hsqldb-1.8.0.10.jar:/home/alex/.m2/repository/oro/oro/2.0.8/oro-2.0.8.jar:/home/alex/.m2/repository/org/antlr/ST4/4.0.4/ST4-4.0.4.jar:/home/alex/.m2/repository/org/antlr/antlr-runtime/3.5.2/antlr-runtime-3.5.2.jar:/home/alex/.m2/repository/dk/brics/automaton/automaton/1.11-8/automaton-1.11-8.jar:/home/alex/.m2/repository/org/codehaus/jackson/jackson-mapper-asl/1.8.8/jackson-mapper-asl-1.8.8.jar:/home/alex/.m2/repository/org/codehaus/jackson/jackson-core-asl/1.8.8/jackson-core-asl-1.8.8.jar:/home/alex/.m2/repository/org/apache/ivy/ivy/2.2.0/ivy-2.2.0.jar:/home/alex/.m2/repository/org/apache/hadoop/hadoop-hdfs/3.1.0/hadoop-hdfs-3.1.0.jar:/home/alex/.m2/repository/org/eclipse/jetty/jetty-util-ajax/9.3.19.v20170502/jetty-util-ajax-9.3.19.v20170502.jar:/home/alex/.m2/repository/commons-logging/commons-logging/1.1.3/commons-logging-1.1.3.jar:/home/alex/.m2/repository/commons-daemon/commons-daemon/1.0.13/commons-daemon-1.0.13.jar:/home/alex/.m2/repository/io/netty/netty-all/4.1.65.Final/netty-all-4.1.65.Final.jar:/home/alex/.m2/repository/org/fusesource/leveldbjni/leveldbjni-all/1.8/leveldbjni-all-1.8.jar:/home/alex/.m2/repository/joda-time/joda-time/2.9.9/joda-time-2.9.9.jar:/home/alex/Repositories/hive/hcatalog/core/target/test-classes:/home/alex/.m2/repository/jline/jline/0.9.94/jline-0.9.94.jar:/home/alex/Repositories/hive/ql/target/test-classes:/home/alex/.m2/repository/org/apache/atlas/atlas-client-v2/2.1.0/atlas-client-v2-2.1.0.jar:/home/alex/.m2/repository/cglib/cglib/2.2.2/cglib-2.2.2.jar:/home/alex/.m2/repository/asm/asm/3.3.1/asm-3.3.1.jar:/home/alex/.m2/repository/org/apache/atlas/atlas-client-common/2.1.0/atlas-client-common-2.1.0.jar:/home/alex/.m2/repository/org/apache/atlas/atlas-intg/2.1.0/atlas-intg-2.1.0.jar:/home/alex/.m2/repository/commons-validator/commons-validator/1.6/commons-validator-1.6.jar:/home/alex/.m2/repository/commons-digester/commons-digester/1.8.1/commons-digester-1.8.1.jar:/home/alex/.m2/repository/com/fasterxml/jackson/jaxrs/jackson-jaxrs-base/2.12.0/jackson-jaxrs-base-2.12.0.jar:/home/alex/.m2/repository/javax/inject/javax.inject/1/javax.inject-1.jar:/home/alex/.m2/repository/org/springframework/spring-context/4.3.20.RELEASE/spring-context-4.3.20.RELEASE.jar:/home/alex/.m2/repository/org/springframework/spring-aop/4.3.20.RELEASE/spring-aop-4.3.20.RELEASE.jar:/home/alex/.m2/repository/org/springframework/spring-beans/4.3.20.RELEASE/spring-beans-4.3.20.RELEASE.jar:/home/alex/.m2/repository/org/springframework/spring-core/4.3.20.RELEASE/spring-core-4.3.20.RELEASE.jar:/home/alex/.m2/repository/org/springframework/spring-expression/4.3.20.RELEASE/spring-expression-4.3.20.RELEASE.jar:/home/alex/.m2/repository/commons-configuration/commons-configuration/1.10/commons-configuration-1.10.jar:/home/alex/Repositories/hive/vector-code-gen/target/classes:/home/alex/.m2/repository/org/apache/velocity/velocity/1.5/velocity-1.5.jar:/home/alex/Repositories/hive/serde/target/classes:/home/alex/.m2/repository/org/apache/arrow/arrow-vector/0.15.1/arrow-vector-0.15.1.jar:/home/alex/.m2/repository/org/apache/arrow/arrow-format/0.15.1/arrow-format-0.15.1.jar:/home/alex/.m2/repository/org/apache/arrow/arrow-memory/0.15.1/arrow-memory-0.15.1.jar:/home/alex/.m2/repository/com/google/flatbuffers/flatbuffers-java/1.9.0/flatbuffers-java-1.9.0.jar:/home/alex/.m2/repository/com/carrotsearch/hppc/0.7.2/hppc-0.7.2.jar:/home/alex/.m2/repository/com/github/davidmoten/flatbuffers-java/1.6.0.1/flatbuffers-java-1.6.0.1.jar:/home/alex/Repositories/hive/parser/target/classes:/home/alex/Repositories/hive/udf/target/classes:/home/alex/Repositories/hive/service-rpc/target/classes:/home/alex/Repositories/hive/llap-client/target/classes:/home/alex/Repositories/hive/llap-common/target/classes:/home/alex/.m2/repository/io/jsonwebtoken/jjwt-api/0.10.5/jjwt-api-0.10.5.jar:/home/alex/.m2/repository/io/jsonwebtoken/jjwt-impl/0.10.5/jjwt-impl-0.10.5.jar:/home/alex/.m2/repository/io/jsonwebtoken/jjwt-jackson/0.10.5/jjwt-jackson-0.10.5.jar:/home/alex/Repositories/hive/llap-tez/target/classes:/home/alex/Repositories/hive/shims/aggregator/target/classes:/home/alex/Repositories/hive/shims/common/target/classes:/home/alex/Repositories/hive/shims/0.23/target/classes:/home/alex/.m2/repository/org/apache/hadoop/hadoop-yarn-server-resourcemanager/3.1.0/hadoop-yarn-server-resourcemanager-3.1.0.jar:/home/alex/.m2/repository/org/apache/hadoop/hadoop-yarn-server-common/3.1.0/hadoop-yarn-server-common-3.1.0.jar:/home/alex/.m2/repository/org/apache/geronimo/specs/geronimo-jcache_1.0_spec/1.0-alpha-1/geronimo-jcache_1.0_spec-1.0-alpha-1.jar:/home/alex/.m2/repository/org/ehcache/ehcache/3.3.1/ehcache-3.3.1.jar:/home/alex/.m2/repository/com/zaxxer/HikariCP-java7/2.4.12/HikariCP-java7-2.4.12.jar:/home/alex/.m2/repository/org/apache/hadoop/hadoop-yarn-server-applicationhistoryservice/3.1.0/hadoop-yarn-server-applicationhistoryservice-3.1.0.jar:/home/alex/.m2/repository/de/ruedigermoeller/fst/2.50/fst-2.50.jar:/home/alex/.m2/repository/com/cedarsoftware/java-util/1.9.0/java-util-1.9.0.jar:/home/alex/.m2/repository/com/cedarsoftware/json-io/2.5.1/json-io-2.5.1.jar:/home/alex/Repositories/hive/shims/scheduler/target/classes:/home/alex/Repositories/hive/spark-client/target/classes:/home/alex/.m2/repository/com/fasterxml/jackson/module/jackson-module-scala_2.12/2.12.0/jackson-module-scala_2.12-2.12.0.jar:/home/alex/.m2/repository/org/scala-lang/scala-library/2.12.10/scala-library-2.12.10.jar:/home/alex/.m2/repository/org/apache/spark/spark-core_2.12/2.4.5/spark-core_2.12-2.4.5.jar:/home/alex/.m2/repository/com/twitter/chill_2.12/0.9.3/chill_2.12-0.9.3.jar:/home/alex/.m2/repository/com/twitter/chill-java/0.9.3/chill-java-0.9.3.jar:/home/alex/.m2/repository/org/apache/xbean/xbean-asm6-shaded/4.8/xbean-asm6-shaded-4.8.jar:/home/alex/.m2/repository/org/apache/hadoop/hadoop-client/3.1.0/hadoop-client-3.1.0.jar:/home/alex/.m2/repository/org/apache/spark/spark-launcher_2.12/2.4.5/spark-launcher_2.12-2.4.5.jar:/home/alex/.m2/repository/org/apache/spark/spark-kvstore_2.12/2.4.5/spark-kvstore_2.12-2.4.5.jar:/home/alex/.m2/repository/org/apache/spark/spark-network-common_2.12/2.4.5/spark-network-common_2.12-2.4.5.jar:/home/alex/.m2/repository/org/apache/spark/spark-network-shuffle_2.12/2.4.5/spark-network-shuffle_2.12-2.4.5.jar:/home/alex/.m2/repository/org/apache/spark/spark-unsafe_2.12/2.4.5/spark-unsafe_2.12-2.4.5.jar:/home/alex/.m2/repository/javax/activation/activation/1.1.1/activation-1.1.1.jar:/home/alex/.m2/repository/org/slf4j/jul-to-slf4j/1.7.16/jul-to-slf4j-1.7.16.jar:/home/alex/.m2/repository/org/slf4j/jcl-over-slf4j/1.7.16/jcl-over-slf4j-1.7.16.jar:/home/alex/.m2/repository/com/ning/compress-lzf/1.0.3/compress-lzf-1.0.3.jar:/home/alex/.m2/repository/org/roaringbitmap/RoaringBitmap/0.7.45/RoaringBitmap-0.7.45.jar:/home/alex/.m2/repository/org/roaringbitmap/shims/0.7.45/shims-0.7.45.jar:/home/alex/.m2/repository/org/json4s/json4s-jackson_2.12/3.5.3/json4s-jackson_2.12-3.5.3.jar:/home/alex/.m2/repository/org/json4s/json4s-core_2.12/3.5.3/json4s-core_2.12-3.5.3.jar:/home/alex/.m2/repository/org/json4s/json4s-ast_2.12/3.5.3/json4s-ast_2.12-3.5.3.jar:/home/alex/.m2/repository/org/json4s/json4s-scalap_2.12/3.5.3/json4s-scalap_2.12-3.5.3.jar:/home/alex/.m2/repository/org/scala-lang/modules/scala-xml_2.12/1.0.6/scala-xml_2.12-1.0.6.jar:/home/alex/.m2/repository/com/clearspring/analytics/stream/2.7.0/stream-2.7.0.jar:/home/alex/.m2/repository/io/dropwizard/metrics/metrics-graphite/3.1.5/metrics-graphite-3.1.5.jar:/home/alex/.m2/repository/net/razorvine/pyrolite/4.13/pyrolite-4.13.jar:/home/alex/.m2/repository/net/sf/py4j/py4j/0.10.7/py4j-0.10.7.jar:/home/alex/.m2/repository/org/apache/spark/spark-tags_2.12/2.4.5/spark-tags_2.12-2.4.5.jar:/home/alex/.m2/repository/org/apache/commons/commons-crypto/1.0.0/commons-crypto-1.0.0.jar:/home/alex/.m2/repository/org/spark-project/spark/unused/1.0.0/unused-1.0.0.jar:/home/alex/.m2/repository/org/apache/spark/spark-yarn_2.12/2.4.5/spark-yarn_2.12-2.4.5.jar:/home/alex/.m2/repository/org/apache/hadoop/hadoop-yarn-server-web-proxy/3.1.0/hadoop-yarn-server-web-proxy-3.1.0.jar:/home/alex/Repositories/hive/storage-api/target/classes:/home/alex/.m2/repository/com/amazonaws/secretsmanager/aws-secretsmanager-caching-java/1.0.1/aws-secretsmanager-caching-java-1.0.1.jar:/home/alex/.m2/repository/com/esotericsoftware/kryo/5.0.3/kryo-5.0.3.jar:/home/alex/.m2/repository/com/esotericsoftware/minlog/1.3.1/minlog-1.3.1.jar:/home/alex/.m2/repository/com/esotericsoftware/reflectasm/1.11.9/reflectasm-1.11.9.jar:/home/alex/.m2/repository/org/apache/parquet/parquet-hadoop-bundle/1.11.1/parquet-hadoop-bundle-1.11.1.jar:/home/alex/.m2/repository/org/apache/commons/commons-collections4/4.1/commons-collections4-4.1.jar:/home/alex/.m2/repository/org/apache/commons/commons-text/1.8/commons-text-1.8.jar:/home/alex/.m2/repository/javolution/javolution/5.5.1/javolution-5.5.1.jar:/home/alex/.m2/repository/org/apache/logging/log4j/log4j-1.2-api/2.13.2/log4j-1.2-api-2.13.2.jar:/home/alex/.m2/repository/org/apache/logging/log4j/log4j-api/2.13.2/log4j-api-2.13.2.jar:/home/alex/.m2/repository/org/apache/logging/log4j/log4j-core/2.13.2/log4j-core-2.13.2.jar:/home/alex/.m2/repository/org/apache/logging/log4j/log4j-slf4j-impl/2.13.2/log4j-slf4j-impl-2.13.2.jar:/home/alex/.m2/repository/org/apache/avro/avro-mapred/1.8.2/avro-mapred-1.8.2-hadoop2.jar:/home/alex/.m2/repository/org/apache/avro/avro-ipc/1.8.2/avro-ipc-1.8.2.jar:/home/alex/.m2/repository/org/apache/ant/ant/1.9.1/ant-1.9.1.jar:/home/alex/.m2/repository/org/apache/ant/ant-launcher/1.9.1/ant-launcher-1.9.1.jar:/home/alex/.m2/repository/org/apache/thrift/libfb303/0.9.3/libfb303-0.9.3.jar:/home/alex/.m2/repository/org/apache/hadoop/hadoop-yarn-registry/3.1.0/hadoop-yarn-registry-3.1.0.jar:/home/alex/.m2/repository/dnsjava/dnsjava/2.1.7/dnsjava-2.1.7.jar:/home/alex/.m2/repository/org/apache/orc/orc-tools/1.6.9/orc-tools-1.6.9.jar:/home/alex/.m2/repository/com/opencsv/opencsv/3.9/opencsv-3.9.jar:/home/alex/.m2/repository/org/threeten/threetenbp/1.3.5/threetenbp-1.3.5.jar:/home/alex/.m2/repository/org/apache/thrift/libthrift/0.14.1/libthrift-0.14.1.jar:/home/alex/.m2/repository/org/apache/httpcomponents/httpcore/4.4.13/httpcore-4.4.13.jar:/home/alex/.m2/repository/org/apache/tomcat/embed/tomcat-embed-core/8.5.46/tomcat-embed-core-8.5.46.jar:/home/alex/.m2/repository/org/apache/tomcat/tomcat-annotations-api/8.5.46/tomcat-annotations-api-8.5.46.jar:/home/alex/.m2/repository/javax/annotation/javax.annotation-api/1.3.2/javax.annotation-api-1.3.2.jar:/home/alex/.m2/repository/org/apache/zookeeper/zookeeper/3.5.5/zookeeper-3.5.5.jar:/home/alex/.m2/repository/org/apache/zookeeper/zookeeper-jute/3.5.5/zookeeper-jute-3.5.5.jar:/home/alex/.m2/repository/org/apache/yetus/audience-annotations/0.5.0/audience-annotations-0.5.0.jar:/home/alex/.m2/repository/org/apache/curator/curator-framework/4.2.0/curator-framework-4.2.0.jar:/home/alex/.m2/repository/org/apache/datasketches/datasketches-hive/1.1.0-incubating/datasketches-hive-1.1.0-incubating.jar:/home/alex/.m2/repository/org/apache/datasketches/datasketches-java/1.3.0-incubating/datasketches-java-1.3.0-incubating.jar:/home/alex/.m2/repository/org/apache/datasketches/datasketches-memory/1.2.0-incubating/datasketches-memory-1.2.0-incubating.jar:/home/alex/.m2/repository/org/slf4j/slf4j-simple/1.7.27/slf4j-simple-1.7.27.jar:/home/alex/.m2/repository/org/codehaus/groovy/groovy-all/2.4.11/groovy-all-2.4.11.jar:/home/alex/.m2/repository/org/jodd/jodd-util/6.0.0/jodd-util-6.0.0.jar:/home/alex/.m2/repository/com/fasterxml/jackson/dataformat/jackson-dataformat-yaml/2.12.0/jackson-dataformat-yaml-2.12.0.jar:/home/alex/.m2/repository/org/yaml/snakeyaml/1.27/snakeyaml-1.27.jar:/home/alex/.m2/repository/org/datanucleus/datanucleus-core/5.2.4/datanucleus-core-5.2.4.jar:/home/alex/.m2/repository/org/apache/calcite/calcite-core/1.25.0/calcite-core-1.25.0.jar:/home/alex/.m2/repository/org/apache/calcite/calcite-linq4j/1.25.0/calcite-linq4j-1.25.0.jar:/home/alex/.m2/repository/org/apiguardian/apiguardian-api/1.1.0/apiguardian-api-1.1.0.jar:/home/alex/.m2/repository/com/esri/geometry/esri-geometry-api/2.2.0/esri-geometry-api-2.2.0.jar:/home/alex/.m2/repository/com/yahoo/datasketches/sketches-core/0.9.0/sketches-core-0.9.0.jar:/home/alex/.m2/repository/com/yahoo/datasketches/memory/0.9.0/memory-0.9.0.jar:/home/alex/.m2/repository/org/apache/calcite/calcite-druid/1.25.0/calcite-druid-1.25.0.jar:/home/alex/.m2/repository/org/apache/calcite/avatica/avatica/1.12.0/avatica-1.12.0.jar:/home/alex/.m2/repository/com/googlecode/javaewah/JavaEWAH/0.3.2/JavaEWAH-0.3.2.jar:/home/alex/.m2/repository/com/tdunning/json/1.8/json-1.8.jar:/home/alex/.m2/repository/stax/stax-api/1.0.1/stax-api-1.0.1.jar:/home/alex/.m2/repository/net/sf/opencsv/opencsv/2.3/opencsv-2.3.jar:/home/alex/Repositories/hive/standalone-metastore/metastore-server/target/classes:/home/alex/.m2/repository/org/reflections/reflections/0.9.10/reflections-0.9.10.jar:/home/alex/.m2/repository/org/javassist/javassist/3.19.0-GA/javassist-3.19.0-GA.jar:/home/alex/.m2/repository/com/jayway/jsonpath/json-path/2.4.0/json-path-2.4.0.jar:/home/alex/.m2/repository/org/codehaus/janino/commons-compiler/3.0.11/commons-compiler-3.0.11.jar:/home/alex/.m2/repository/org/codehaus/janino/janino/3.0.11/janino-3.0.11.jar:/home/alex/.m2/repository/com/sun/jersey/contribs/jersey-multipart/1.19/jersey-multipart-1.19.jar:/home/alex/.m2/repository/org/jvnet/mimepull/mimepull/1.9.3/mimepull-1.9.3.jar:/home/alex/.m2/repository/org/apache/kafka/kafka-clients/2.5.0/kafka-clients-2.5.0.jar:/home/alex/.m2/repository/com/github/luben/zstd-jni/1.4.4-7/zstd-jni-1.4.4-7.jar:/home/alex/.m2/repository/org/lz4/lz4-java/1.7.1/lz4-java-1.7.1.jar:/home/alex/.m2/repository/org/apache/hadoop/hadoop-hdfs/3.1.0/hadoop-hdfs-3.1.0-tests.jar:/home/alex/Repositories/hive/standalone-metastore/metastore-server/target/test-classes:/home/alex/Repositories/hive/standalone-metastore/metastore-common/target/classes:/home/alex/.m2/repository/com/github/ben-manes/caffeine/caffeine/2.8.4/caffeine-2.8.4.jar:/home/alex/.m2/repository/org/checkerframework/checker-qual/3.4.0/checker-qual-3.4.0.jar:/home/alex/.m2/repository/com/google/errorprone/error_prone_annotations/2.3.4/error_prone_annotations-2.3.4.jar:/home/alex/.m2/repository/org/apache/orc/orc-core/1.6.9/orc-core-1.6.9.jar:/home/alex/.m2/repository/org/apache/orc/orc-shims/1.6.9/orc-shims-1.6.9.jar:/home/alex/.m2/repository/io/airlift/aircompressor/0.19/aircompressor-0.19.jar:/home/alex/.m2/repository/org/jetbrains/annotations/17.0.0/annotations-17.0.0.jar:/home/alex/.m2/repository/org/threeten/threeten-extra/1.5.0/threeten-extra-1.5.0.jar:/home/alex/.m2/repository/com/github/joshelser/dropwizard-metrics-hadoop-metrics2-reporter/0.1.2/dropwizard-metrics-hadoop-metrics2-reporter-0.1.2.jar:/home/alex/.m2/repository/com/zaxxer/HikariCP/2.6.1/HikariCP-2.6.1.jar:/home/alex/.m2/repository/org/apache/commons/commons-dbcp2/2.7.0/commons-dbcp2-2.7.0.jar:/home/alex/.m2/repository/org/apache/commons/commons-pool2/2.7.0/commons-pool2-2.7.0.jar:/home/alex/.m2/repository/io/dropwizard/metrics/metrics-core/3.1.0/metrics-core-3.1.0.jar:/home/alex/.m2/repository/io/dropwizard/metrics/metrics-jvm/3.1.0/metrics-jvm-3.1.0.jar:/home/alex/.m2/repository/io/dropwizard/metrics/metrics-json/3.1.0/metrics-json-3.1.0.jar:/home/alex/.m2/repository/org/apache/derby/derby/10.14.1.0/derby-10.14.1.0.jar:/home/alex/.m2/repository/commons-beanutils/commons-beanutils/1.9.4/commons-beanutils-1.9.4.jar:/home/alex/.m2/repository/org/datanucleus/datanucleus-api-jdo/5.2.4/datanucleus-api-jdo-5.2.4.jar:/home/alex/.m2/repository/org/datanucleus/datanucleus-rdbms/5.2.4/datanucleus-rdbms-5.2.4.jar:/home/alex/.m2/repository/org/datanucleus/javax.jdo/3.2.0-release/javax.jdo-3.2.0-release.jar:/home/alex/.m2/repository/javax/transaction/javax.transaction-api/1.3/javax.transaction-api-1.3.jar:/home/alex/.m2/repository/org/glassfish/corba/glassfish-corba-omgapi/4.2.2/glassfish-corba-omgapi-4.2.2.jar:/home/alex/.m2/repository/sqlline/sqlline/1.9.0/sqlline-1.9.0.jar:/home/alex/.m2/repository/org/jline/jline-terminal/3.12.1/jline-terminal-3.12.1.jar:/home/alex/.m2/repository/org/jline/jline-reader/3.12.1/jline-reader-3.12.1.jar:/home/alex/.m2/repository/org/jline/jline-terminal-jansi/3.12.1/jline-terminal-jansi-3.12.1.jar:/home/alex/.m2/repository/org/fusesource/jansi/jansi/1.18/jansi-1.18.jar:/home/alex/.m2/repository/org/jline/jline-terminal-jna/3.12.1/jline-terminal-jna-3.12.1.jar:/home/alex/.m2/repository/net/java/dev/jna/jna/5.3.1/jna-5.3.1.jar:/home/alex/.m2/repository/org/jline/jline-builtins/3.12.1/jline-builtins-3.12.1.jar:/home/alex/.m2/repository/org/jline/jline-style/3.12.1/jline-style-3.12.1.jar:/home/alex/.m2/repository/com/cronutils/cron-utils/9.1.3/cron-utils-9.1.3.jar:/home/alex/.m2/repository/org/glassfish/javax.el/3.0.0/javax.el-3.0.0.jar:/home/alex/.m2/repository/com/oracle/database/jdbc/ojdbc8/21.3.0.0/ojdbc8-21.3.0.0.jar:/home/alex/.m2/repository/mysql/mysql-connector-java/8.0.27/mysql-connector-java-8.0.27.jar:/home/alex/.m2/repository/com/microsoft/sqlserver/mssql-jdbc/6.2.1.jre8/mssql-jdbc-6.2.1.jre8.jar:/home/alex/.m2/repository/org/postgresql/postgresql/42.2.14/postgresql-42.2.14.jar:/home/alex/.m2/repository/org/apache/hadoop/hadoop-mapreduce-client-common/3.1.0/hadoop-mapreduce-client-common-3.1.0.jar:/home/alex/.m2/repository/org/apache/hadoop/hadoop-common/3.1.0/hadoop-common-3.1.0-tests.jar:/home/alex/.m2/repository/org/apache/httpcomponents/httpclient/4.5.13/httpclient-4.5.13.jar:/home/alex/.m2/repository/org/apache/curator/curator-client/4.2.0/curator-client-4.2.0.jar:/home/alex/.m2/repository/org/apache/curator/curator-recipes/4.2.0/curator-recipes-4.2.0.jar:/home/alex/.m2/repository/com/sun/jersey/jersey-servlet/1.19/jersey-servlet-1.19.jar:/home/alex/.m2/repository/org/slf4j/slf4j-api/1.7.30/slf4j-api-1.7.30.jar:/home/alex/.m2/repository/org/mockito/mockito-core/3.4.4/mockito-core-3.4.4.jar:/home/alex/.m2/repository/net/bytebuddy/byte-buddy/1.10.13/byte-buddy-1.10.13.jar:/home/alex/.m2/repository/net/bytebuddy/byte-buddy-agent/1.10.13/byte-buddy-agent-1.10.13.jar:/home/alex/.m2/repository/org/objenesis/objenesis/2.6/objenesis-2.6.jar:/home/alex/Repositories/hive/hcatalog/hcatalog-pig-adapter/target/testconf:/home/alex/Repositories/hive/hcatalog/hcatalog-pig-adapter/../../conf:"/>
    <property name="sun.cpu.endian" value="little"/>
    <property name="user.home" value="/home/alex"/>
    <property name="user.language" value="en"/>
    <property name="java.specification.vendor" value="Oracle Corporation"/>
    <property name="java.home" value="/usr/lib/jvm/java-8-openjdk-amd64/jre"/>
    <property name="java.security.krb5.conf" value="/home/alex/Repositories/hive/hcatalog/hcatalog-pig-adapter/target/testconf/krb5.conf"/>
    <property name="file.separator" value="/"/>
    <property name="basedir" value="/home/alex/Repositories/hive/hcatalog/hcatalog-pig-adapter"/>
    <property name="line.separator" value="&#10;"/>
    <property name="java.vm.specification.vendor" value="Oracle Corporation"/>
    <property name="java.specification.name" value="Java Platform API Specification"/>
    <property name="test.dfs.mkdir" value=""/>
    <property name="derby.stream.error.file" value="/home/alex/Repositories/hive/hcatalog/hcatalog-pig-adapter/target/tmp/derby.log"/>
    <property name="java.awt.graphicsenv" value="sun.awt.X11GraphicsEnvironment"/>
    <property name="surefire.real.class.path" value="/home/alex/Repositories/hive/hcatalog/hcatalog-pig-adapter/target/surefire/surefirebooter2383944470542928846.jar"/>
    <property name="sun.boot.class.path" value="/usr/lib/jvm/java-8-openjdk-amd64/jre/lib/resources.jar:/usr/lib/jvm/java-8-openjdk-amd64/jre/lib/rt.jar:/usr/lib/jvm/java-8-openjdk-amd64/jre/lib/sunrsasign.jar:/usr/lib/jvm/java-8-openjdk-amd64/jre/lib/jsse.jar:/usr/lib/jvm/java-8-openjdk-amd64/jre/lib/jce.jar:/usr/lib/jvm/java-8-openjdk-amd64/jre/lib/charsets.jar:/usr/lib/jvm/java-8-openjdk-amd64/jre/lib/jfr.jar:/usr/lib/jvm/java-8-openjdk-amd64/jre/classes"/>
    <property name="hadoop.log.dir" value="/home/alex/Repositories/hive/hcatalog/hcatalog-pig-adapter/target/tmp"/>
    <property name="log4j.debug" value="true"/>
    <property name="sun.management.compiler" value="HotSpot 64-Bit Tiered Compilers"/>
    <property name="spark.home" value=""/>
    <property name="java.runtime.version" value="1.8.0_402-8u402-ga-2ubuntu1~22.04-b06"/>
    <property name="user.name" value="alex"/>
    <property name="java.net.preferIPv4Stack" value="true"/>
    <property name="test.src.tables" value=""/>
    <property name="path.separator" value=":"/>
    <property name="os.version" value="6.5.0-28-generic"/>
    <property name="java.endorsed.dirs" value="/usr/lib/jvm/java-8-openjdk-amd64/jre/lib/endorsed"/>
    <property name="java.runtime.name" value="OpenJDK Runtime Environment"/>
    <property name="hive.test.console.log.level" value="INFO"/>
    <property name="file.encoding" value="UTF-8"/>
    <property name="java.vm.name" value="OpenJDK 64-Bit Server VM"/>
    <property name="qfile_regex" value=""/>
    <property name="hadoop.bin.path" value="/home/alex/Repositories/hive/hcatalog/hcatalog-pig-adapter/../../testutils/hadoop"/>
    <property name="localRepository" value="/home/alex/.m2/repository"/>
    <property name="build.dir" value="/home/alex/Repositories/hive/hcatalog/hcatalog-pig-adapter/target"/>
    <property name="mapred.job.tracker" value="local"/>
    <property name="java.vendor.url.bug" value="http://bugreport.sun.com/bugreport/"/>
    <property name="java.io.tmpdir" value="/home/alex/Repositories/hive/hcatalog/hcatalog-pig-adapter/target/tmp"/>
    <property name="maven.local.repository" value="/home/alex/.m2/repository"/>
    <property name="java.version" value="1.8.0_402"/>
    <property name="user.dir" value="/home/alex/Repositories/hive/hcatalog/hcatalog-pig-adapter"/>
    <property name="os.arch" value="amd64"/>
    <property name="hive.version" value="4.0.0-SNAPSHOT"/>
    <property name="java.vm.specification.name" value="Java Virtual Machine Specification"/>
    <property name="user.language.format" value="pt"/>
    <property name="java.awt.printerjob" value="sun.print.PSPrinterJob"/>
    <property name="antlr.version" value="3.5.2"/>
    <property name="sun.os.patch.level" value="unknown"/>
    <property name="derby.version" value="10.14.1.0"/>
    <property name="test.data.dir" value="/home/alex/Repositories/hive/hcatalog/hcatalog-pig-adapter/../../data/files"/>
    <property name="java.library.path" value="/usr/java/packages/lib/amd64:/usr/lib/x86_64-linux-gnu/jni:/lib/x86_64-linux-gnu:/usr/lib/x86_64-linux-gnu:/usr/lib/jni:/lib:/usr/lib"/>
    <property name="java.vendor" value="Private Build"/>
    <property name="java.vm.info" value="mixed mode"/>
    <property name="java.vm.version" value="25.402-b06"/>
    <property name="java.specification.maintenance.version" value="5"/>
    <property name="sun.io.unicode.encoding" value="UnicodeLittle"/>
    <property name="java.ext.dirs" value="/usr/lib/jvm/java-8-openjdk-amd64/jre/lib/ext:/usr/java/packages/lib/ext"/>
    <property name="initScript" value=""/>
    <property name="java.class.version" value="52.0"/>
    <property name="test.output.overwrite" value=""/>
    <property name="hive.root" value="/home/alex/Repositories/hive/hcatalog/hcatalog-pig-adapter/../../"/>
  </properties>
  <testcase name="testSchemaLoadComplex" classname="org.apache.hive.hcatalog.pig.TestParquetHCatLoader" time="14.259"/>
  <testcase name="testReadMissingPartitionBasicNeg" classname="org.apache.hive.hcatalog.pig.TestParquetHCatLoader" time="5.628">
    <error message="org.apache.hadoop.mapred.InvalidInputException: Input path does not exist: file:/home/alex/Repositories/hive/hcatalog/hcatalog-pig-adapter/build/test/data/org.apache.hive.hcatalog.mapreduce.HCatBaseTest-1714535317310/warehouse/junit_parted_basic/bkt=0" type="java.io.IOException"><![CDATA[java.io.IOException: org.apache.hadoop.mapred.InvalidInputException: Input path does not exist: file:/home/alex/Repositories/hive/hcatalog/hcatalog-pig-adapter/build/test/data/org.apache.hive.hcatalog.mapreduce.HCatBaseTest-1714535317310/warehouse/junit_parted_basic/bkt=0
	at org.apache.hadoop.hive.ql.exec.FetchOperator.getNextRow(FetchOperator.java:622)
	at org.apache.hadoop.hive.ql.exec.FetchOperator.pushRow(FetchOperator.java:529)
	at org.apache.hadoop.hive.ql.exec.FetchTask.fetch(FetchTask.java:150)
	at org.apache.hadoop.hive.ql.Driver.getFetchingTableResults(Driver.java:716)
	at org.apache.hadoop.hive.ql.Driver.getResults(Driver.java:668)
	at org.apache.hadoop.hive.ql.reexec.ReExecDriver.getResults(ReExecDriver.java:241)
	at org.apache.hive.hcatalog.pig.AbstractHCatLoaderTest.testReadMissingPartitionBasicNeg(AbstractHCatLoaderTest.java:435)
	at sun.reflect.NativeMethodAccessorImpl.invoke0(Native Method)
	at sun.reflect.NativeMethodAccessorImpl.invoke(NativeMethodAccessorImpl.java:62)
	at sun.reflect.DelegatingMethodAccessorImpl.invoke(DelegatingMethodAccessorImpl.java:43)
	at java.lang.reflect.Method.invoke(Method.java:498)
	at org.junit.runners.model.FrameworkMethod$1.runReflectiveCall(FrameworkMethod.java:59)
	at org.junit.internal.runners.model.ReflectiveCallable.run(ReflectiveCallable.java:12)
	at org.junit.runners.model.FrameworkMethod.invokeExplosively(FrameworkMethod.java:56)
	at org.junit.internal.runners.statements.InvokeMethod.evaluate(InvokeMethod.java:17)
	at org.junit.internal.runners.statements.RunBefores.evaluate(RunBefores.java:26)
	at org.junit.internal.runners.statements.RunAfters.evaluate(RunAfters.java:27)
	at org.junit.runners.ParentRunner$3.evaluate(ParentRunner.java:306)
	at org.junit.runners.BlockJUnit4ClassRunner$1.evaluate(BlockJUnit4ClassRunner.java:100)
	at org.junit.runners.ParentRunner.runLeaf(ParentRunner.java:366)
	at org.junit.runners.BlockJUnit4ClassRunner.runChild(BlockJUnit4ClassRunner.java:103)
	at org.junit.runners.BlockJUnit4ClassRunner.runChild(BlockJUnit4ClassRunner.java:63)
	at org.junit.runners.ParentRunner$4.run(ParentRunner.java:331)
	at org.junit.runners.ParentRunner$1.schedule(ParentRunner.java:79)
	at org.junit.runners.ParentRunner.runChildren(ParentRunner.java:329)
	at org.junit.runners.ParentRunner.access$100(ParentRunner.java:66)
	at org.junit.runners.ParentRunner$2.evaluate(ParentRunner.java:293)
	at org.junit.internal.runners.statements.RunBefores.evaluate(RunBefores.java:26)
	at org.junit.runners.ParentRunner$3.evaluate(ParentRunner.java:306)
	at org.junit.runners.ParentRunner.run(ParentRunner.java:413)
	at org.apache.maven.surefire.junit4.JUnit4Provider.execute(JUnit4Provider.java:365)
	at org.apache.maven.surefire.junit4.JUnit4Provider.executeWithRerun(JUnit4Provider.java:273)
	at org.apache.maven.surefire.junit4.JUnit4Provider.executeTestSet(JUnit4Provider.java:238)
	at org.apache.maven.surefire.junit4.JUnit4Provider.invoke(JUnit4Provider.java:159)
	at org.apache.maven.surefire.booter.ForkedBooter.runSuitesInProcess(ForkedBooter.java:377)
	at org.apache.maven.surefire.booter.ForkedBooter.execute(ForkedBooter.java:138)
	at org.apache.maven.surefire.booter.ForkedBooter.run(ForkedBooter.java:465)
	at org.apache.maven.surefire.booter.ForkedBooter.main(ForkedBooter.java:451)
Caused by: org.apache.hadoop.mapred.InvalidInputException: Input path does not exist: file:/home/alex/Repositories/hive/hcatalog/hcatalog-pig-adapter/build/test/data/org.apache.hive.hcatalog.mapreduce.HCatBaseTest-1714535317310/warehouse/junit_parted_basic/bkt=0
	at org.apache.hadoop.mapred.FileInputFormat.singleThreadedListStatus(FileInputFormat.java:294)
	at org.apache.hadoop.mapred.FileInputFormat.listStatus(FileInputFormat.java:236)
	at org.apache.hadoop.mapred.FileInputFormat.getSplits(FileInputFormat.java:322)
	at org.apache.hadoop.hive.ql.exec.FetchOperator.generateWrappedSplits(FetchOperator.java:435)
	at org.apache.hadoop.hive.ql.exec.FetchOperator.getNextSplits(FetchOperator.java:402)
	at org.apache.hadoop.hive.ql.exec.FetchOperator.getRecordReader(FetchOperator.java:306)
	at org.apache.hadoop.hive.ql.exec.FetchOperator.getNextRow(FetchOperator.java:560)
	... 37 more
]]></error>
    <system-out><![CDATA[log4j: Could not find root logger information. Is this OK?
log4j: Finished configuring.
log4j: Could not find root logger information. Is this OK?
log4j: Finished configuring.
log4j: Could not find root logger information. Is this OK?
log4j: Finished configuring.
]]></system-out>
    <system-err><![CDATA[2024-04-30T20:48:51,726  WARN [main] conf.HiveConf: HiveConf of name hive.llap.io.cache.orc.size does not exist
2024-04-30T20:48:51,726  WARN [main] conf.HiveConf: HiveConf of name hive.dummyparam.test.server.specific.config.override does not exist
2024-04-30T20:48:51,726  WARN [main] conf.HiveConf: HiveConf of name hive.metastore.metadb.dir does not exist
2024-04-30T20:48:51,727  WARN [main] conf.HiveConf: HiveConf of name hive.llap.io.cache.orc.alloc.min does not exist
2024-04-30T20:48:51,727  WARN [main] conf.HiveConf: HiveConf of name hive.dummyparam.test.server.specific.config.hivesite does not exist
2024-04-30T20:48:51,727  WARN [main] conf.HiveConf: HiveConf of name hive.llap.io.cache.orc.alloc.max does not exist
2024-04-30T20:48:51,727  WARN [main] conf.HiveConf: HiveConf of name hive.metastore.client.cache.maxSize does not exist
2024-04-30T20:48:51,727  WARN [main] conf.HiveConf: HiveConf of name hive.dummyparam.test.server.specific.config.metastoresite does not exist
2024-04-30T20:48:51,727  WARN [main] conf.HiveConf: HiveConf of name hive.metastore.client.cache.recordStats does not exist
2024-04-30T20:48:51,727  WARN [main] conf.HiveConf: HiveConf of name hive.llap.io.cache.orc.arena.size does not exist
2024-04-30T20:48:51,727  WARN [main] conf.HiveConf: HiveConf of name hive.stats.key.prefix.reserve.length does not exist
2024-04-30T20:48:51,729  INFO [main] metastore.HiveMetaStoreClient: HMS client filtering is enabled.
2024-04-30T20:48:51,729  INFO [main] metastore.PersistenceManagerProvider: Configuration datanucleus.autoStartMechanismMode is not set. Defaulting to 'ignored'
2024-04-30T20:48:51,730  INFO [main] metastore.ObjectStore: RawStore: org.apache.hadoop.hive.metastore.ObjectStore@6060146b, with PersistenceManager: org.datanucleus.api.jdo.JDOPersistenceManager@3458dab6 will be shutdown
2024-04-30T20:48:51,730  INFO [main] metastore.ObjectStore: RawStore: org.apache.hadoop.hive.metastore.ObjectStore@6060146b, with PersistenceManager: org.datanucleus.api.jdo.JDOPersistenceManager@16750a5e created in the thread with id: 1
2024-04-30T20:48:51,757  INFO [main] metastore.HMSHandler: HMS server filtering is disabled by configuration
Hive Session ID = 8970b144-a3f7-4c31-8e6b-1911c5870494
2024-04-30T20:48:51,757  INFO [main] SessionState: Hive Session ID = 8970b144-a3f7-4c31-8e6b-1911c5870494
ivysettings.xml file not found in HIVE_HOME or HIVE_CONF_DIR,file:/home/alex/.m2/repository/org/apache/pig/pig/0.16.0/pig-0.16.0-h2.jar!/ivysettings.xml will be used
2024-04-30T20:48:51,757  INFO [main] DependencyResolver: ivysettings.xml file not found in HIVE_HOME or HIVE_CONF_DIR,file:/home/alex/.m2/repository/org/apache/pig/pig/0.16.0/pig-0.16.0-h2.jar!/ivysettings.xml will be used
2024-04-30T20:48:51,763  INFO [main] session.SessionState: Created HDFS directory: /home/alex/Repositories/hive/hcatalog/hcatalog-pig-adapter/target/tmp/scratchdir/alex/8970b144-a3f7-4c31-8e6b-1911c5870494
2024-04-30T20:48:51,766  INFO [main] session.SessionState: Created local directory: /home/alex/Repositories/hive/hcatalog/hcatalog-pig-adapter/target/tmp/localscratchdir/8970b144-a3f7-4c31-8e6b-1911c5870494
2024-04-30T20:48:51,769  INFO [main] session.SessionState: Created HDFS directory: /home/alex/Repositories/hive/hcatalog/hcatalog-pig-adapter/target/tmp/scratchdir/alex/8970b144-a3f7-4c31-8e6b-1911c5870494/_tmp_space.db
2024-04-30T20:48:51,770  INFO [main] ql.Driver: Compiling command(queryId=alex_20240430204851_1e4585c1-c69d-480f-87fa-94186edc5628): use default
2024-04-30T20:48:51,770  INFO [main] HiveMetaStore.audit: ugi=alex	ip=unknown-ip-addr	cmd=get_database: default	
2024-04-30T20:48:51,773  INFO [main] ql.Driver: Semantic Analysis Completed (retrial = false)
2024-04-30T20:48:51,773  INFO [main] ql.Driver: Created Hive schema: Schema(fieldSchemas:null, properties:null)
2024-04-30T20:48:51,773  INFO [main] metadata.Hive: Dumping metastore api call timing information for : compilation phase
2024-04-30T20:48:51,773  INFO [main] metadata.Hive: Total time spent in each metastore function (ms): {isCompatibleWith_(Configuration)=0, getDatabase_(String)=3, flushCache_()=0}
2024-04-30T20:48:51,773  INFO [main] ql.Driver: Completed compiling command(queryId=alex_20240430204851_1e4585c1-c69d-480f-87fa-94186edc5628); Time taken: 0.004 seconds
2024-04-30T20:48:51,773  INFO [main] reexec.ReExecDriver: Execution #1 of query
2024-04-30T20:48:51,773  INFO [main] ql.Driver: Concurrency mode is disabled, not creating a lock manager
2024-04-30T20:48:51,773  INFO [main] ql.Driver: Executing command(queryId=alex_20240430204851_1e4585c1-c69d-480f-87fa-94186edc5628): use default
2024-04-30T20:48:51,774  INFO [main] ql.Driver: Starting task [Stage-0:DDL] in serial mode
2024-04-30T20:48:51,774  INFO [main] HiveMetaStore.audit: ugi=alex	ip=unknown-ip-addr	cmd=get_database: default	
2024-04-30T20:48:51,775  INFO [main] HiveMetaStore.audit: ugi=alex	ip=unknown-ip-addr	cmd=get_database: default	
2024-04-30T20:48:51,776  INFO [main] metadata.Hive: Dumping metastore api call timing information for : execution phase
2024-04-30T20:48:51,776  INFO [main] metadata.Hive: Total time spent in each metastore function (ms): {isCompatibleWith_(Configuration)=0, getDatabase_(String)=2}
2024-04-30T20:48:51,776  INFO [main] ql.Driver: Completed executing command(queryId=alex_20240430204851_1e4585c1-c69d-480f-87fa-94186edc5628); Time taken: 0.003 seconds
2024-04-30T20:48:51,777  INFO [main] ql.Driver: Compiling command(queryId=alex_20240430204851_1e4585c1-c69d-480f-87fa-94186edc5628): create table junit_unparted_basic(a int, b string) stored as PARQUET TBLPROPERTIES ('transactional'='false')
2024-04-30T20:48:51,778  INFO [main] parse.CalcitePlanner: Starting caching scope for: alex_20240430204851_1e4585c1-c69d-480f-87fa-94186edc5628
2024-04-30T20:48:51,778  INFO [main] parse.CalcitePlanner: Starting Semantic Analysis
2024-04-30T20:48:51,778  INFO [main] sqlstd.SQLStdHiveAccessController: Created SQLStdHiveAccessController for session context : HiveAuthzSessionContext [sessionString=8970b144-a3f7-4c31-8e6b-1911c5870494, clientType=HIVECLI]
2024-04-30T20:48:51,778  INFO [main] metastore.HiveMetaStoreClient: Mestastore configuration metastore.filter.hook changed from org.apache.hadoop.hive.metastore.DefaultMetaStoreFilterHookImpl to org.apache.hadoop.hive.ql.security.authorization.plugin.AuthorizationMetaStoreFilterHook
2024-04-30T20:48:51,779  INFO [main] HiveMetaStore.audit: ugi=alex	ip=unknown-ip-addr	cmd=Cleaning up thread local RawStore...	
2024-04-30T20:48:51,779  INFO [main] metastore.ObjectStore: RawStore: org.apache.hadoop.hive.metastore.ObjectStore@6060146b, with PersistenceManager: org.datanucleus.api.jdo.JDOPersistenceManager@16750a5e will be shutdown
2024-04-30T20:48:51,779  INFO [main] HiveMetaStore.audit: ugi=alex	ip=unknown-ip-addr	cmd=Done cleaning up thread local RawStore	
2024-04-30T20:48:51,779  INFO [main] metastore.HiveMetaStoreClient: Closed a connection to metastore, current connections: -4
2024-04-30T20:48:51,779  INFO [main] metastore.HiveMetaStoreClient: HMS client filtering is enabled.
2024-04-30T20:48:51,780  INFO [main] metastore.HMSHandler: 0: Opening raw store with implementation class:org.apache.hadoop.hive.metastore.ObjectStore
2024-04-30T20:48:51,780  INFO [main] metastore.PersistenceManagerProvider: Configuration datanucleus.autoStartMechanismMode is not set. Defaulting to 'ignored'
2024-04-30T20:48:51,780  INFO [main] metastore.ObjectStore: RawStore: org.apache.hadoop.hive.metastore.ObjectStore@40fd25c7, with PersistenceManager: null will be shutdown
2024-04-30T20:48:51,780  INFO [main] metastore.ObjectStore: RawStore: org.apache.hadoop.hive.metastore.ObjectStore@40fd25c7, with PersistenceManager: org.datanucleus.api.jdo.JDOPersistenceManager@136c3a6 created in the thread with id: 1
2024-04-30T20:48:51,783  INFO [main] metastore.HMSHandler: Created RawStore: org.apache.hadoop.hive.metastore.ObjectStore@40fd25c7 from thread id: 1
2024-04-30T20:48:51,783  INFO [main] metastore.HMSHandler: HMS server filtering is disabled by configuration
2024-04-30T20:48:51,783  INFO [main] metastore.RetryingMetaStoreClient: RetryingMetaStoreClient proxy=class org.apache.hadoop.hive.ql.metadata.SessionHiveMetaStoreClient ugi=alex (auth:SIMPLE) retries=1 delay=1 lifetime=0
2024-04-30T20:48:51,784  INFO [main] parse.CalcitePlanner: Creating table default.junit_unparted_basic position=13
2024-04-30T20:48:51,784  INFO [main] metastore.HiveMetaStoreClient: HMS client filtering is enabled.
2024-04-30T20:48:51,784  INFO [main] metastore.PersistenceManagerProvider: Configuration datanucleus.autoStartMechanismMode is not set. Defaulting to 'ignored'
2024-04-30T20:48:51,785  INFO [main] metastore.ObjectStore: RawStore: org.apache.hadoop.hive.metastore.ObjectStore@40fd25c7, with PersistenceManager: org.datanucleus.api.jdo.JDOPersistenceManager@136c3a6 will be shutdown
2024-04-30T20:48:51,785  INFO [main] metastore.ObjectStore: RawStore: org.apache.hadoop.hive.metastore.ObjectStore@40fd25c7, with PersistenceManager: org.datanucleus.api.jdo.JDOPersistenceManager@4e396d1c created in the thread with id: 1
2024-04-30T20:48:51,787  INFO [main] metastore.HMSHandler: HMS server filtering is disabled by configuration
2024-04-30T20:48:51,787  INFO [main] metastore.RetryingMetaStoreClient: RetryingMetaStoreClient proxy=class org.apache.hadoop.hive.ql.metadata.SessionHiveMetaStoreClient ugi=alex (auth:SIMPLE) retries=1 delay=1 lifetime=0
2024-04-30T20:48:51,788  INFO [main] HiveMetaStore.audit: ugi=alex	ip=unknown-ip-addr	cmd=get_database: default	
2024-04-30T20:48:51,788  INFO [main] parse.CalcitePlanner: Ending caching scope for: alex_20240430204851_1e4585c1-c69d-480f-87fa-94186edc5628
2024-04-30T20:48:51,788  INFO [main] ql.Driver: Semantic Analysis Completed (retrial = false)
2024-04-30T20:48:51,789  INFO [main] ql.Driver: Created Hive schema: Schema(fieldSchemas:null, properties:null)
2024-04-30T20:48:51,789  INFO [main] metadata.Hive: Dumping metastore api call timing information for : compilation phase
2024-04-30T20:48:51,789  INFO [main] metadata.Hive: Total time spent in each metastore function (ms): {}
2024-04-30T20:48:51,789  INFO [main] ql.Driver: Completed compiling command(queryId=alex_20240430204851_1e4585c1-c69d-480f-87fa-94186edc5628); Time taken: 0.012 seconds
2024-04-30T20:48:51,789  INFO [main] reexec.ReExecDriver: Execution #1 of query
2024-04-30T20:48:51,789  INFO [main] ql.Driver: Concurrency mode is disabled, not creating a lock manager
2024-04-30T20:48:51,789  INFO [main] ql.Driver: Executing command(queryId=alex_20240430204851_1e4585c1-c69d-480f-87fa-94186edc5628): create table junit_unparted_basic(a int, b string) stored as PARQUET TBLPROPERTIES ('transactional'='false')
2024-04-30T20:48:51,789  INFO [main] ql.Driver: Starting task [Stage-0:DDL] in serial mode
2024-04-30T20:48:51,789  INFO [main] metastore.HiveMetaStoreClient: Mestastore configuration metastore.filter.hook changed from org.apache.hadoop.hive.ql.security.authorization.plugin.AuthorizationMetaStoreFilterHook to org.apache.hadoop.hive.metastore.DefaultMetaStoreFilterHookImpl
2024-04-30T20:48:51,789  INFO [main] HiveMetaStore.audit: ugi=alex	ip=unknown-ip-addr	cmd=Cleaning up thread local RawStore...	
2024-04-30T20:48:51,789  INFO [main] metastore.ObjectStore: RawStore: org.apache.hadoop.hive.metastore.ObjectStore@40fd25c7, with PersistenceManager: org.datanucleus.api.jdo.JDOPersistenceManager@4e396d1c will be shutdown
2024-04-30T20:48:51,790  INFO [main] HiveMetaStore.audit: ugi=alex	ip=unknown-ip-addr	cmd=Done cleaning up thread local RawStore	
2024-04-30T20:48:51,790  INFO [main] metastore.HiveMetaStoreClient: Closed a connection to metastore, current connections: -5
2024-04-30T20:48:51,791  INFO [main] metastore.HiveMetaStoreClient: HMS client filtering is enabled.
2024-04-30T20:48:51,791  INFO [main] metastore.HMSHandler: 0: Opening raw store with implementation class:org.apache.hadoop.hive.metastore.ObjectStore
2024-04-30T20:48:51,791  INFO [main] metastore.PersistenceManagerProvider: Configuration datanucleus.autoStartMechanismMode is not set. Defaulting to 'ignored'
2024-04-30T20:48:51,792  INFO [main] metastore.ObjectStore: RawStore: org.apache.hadoop.hive.metastore.ObjectStore@47166740, with PersistenceManager: null will be shutdown
2024-04-30T20:48:51,792  INFO [main] metastore.ObjectStore: RawStore: org.apache.hadoop.hive.metastore.ObjectStore@47166740, with PersistenceManager: org.datanucleus.api.jdo.JDOPersistenceManager@7882379b created in the thread with id: 1
2024-04-30T20:48:51,794  INFO [main] metastore.HMSHandler: Created RawStore: org.apache.hadoop.hive.metastore.ObjectStore@47166740 from thread id: 1
2024-04-30T20:48:51,794  INFO [main] metastore.HMSHandler: HMS server filtering is disabled by configuration
2024-04-30T20:48:51,795  INFO [main] metastore.RetryingMetaStoreClient: RetryingMetaStoreClient proxy=class org.apache.hadoop.hive.ql.metadata.SessionHiveMetaStoreClient ugi=alex (auth:SIMPLE) retries=1 delay=1 lifetime=0
2024-04-30T20:48:51,795  INFO [main] HiveMetaStore.audit: ugi=alex	ip=unknown-ip-addr	cmd=create_table_req: Table(tableName:junit_unparted_basic, dbName:default, owner:alex, createTime:1714535331, lastAccessTime:0, retention:0, sd:StorageDescriptor(cols:[FieldSchema(name:a, type:int, comment:null), FieldSchema(name:b, type:string, comment:null)], location:null, inputFormat:org.apache.hadoop.hive.ql.io.parquet.MapredParquetInputFormat, outputFormat:org.apache.hadoop.hive.ql.io.parquet.MapredParquetOutputFormat, compressed:false, numBuckets:-1, serdeInfo:SerDeInfo(name:null, serializationLib:org.apache.hadoop.hive.ql.io.parquet.serde.ParquetHiveSerDe, parameters:{serialization.format=1}), bucketCols:[], sortCols:[], parameters:{}, skewedInfo:SkewedInfo(skewedColNames:[], skewedColValues:[], skewedColValueLocationMaps:{}), storedAsSubDirectories:false), partitionKeys:[], parameters:{totalSize=0, numRows=0, rawDataSize=0, COLUMN_STATS_ACCURATE={"BASIC_STATS":"true","COLUMN_STATS":{"a":"true","b":"true"}}, numFiles=0, bucketing_version=2, numFilesErasureCoded=0, transactional=false}, viewOriginalText:null, viewExpandedText:null, tableType:MANAGED_TABLE, privileges:PrincipalPrivilegeSet(userPrivileges:{alex=[PrivilegeGrantInfo(privilege:INSERT, createTime:-1, grantor:alex, grantorType:USER, grantOption:true), PrivilegeGrantInfo(privilege:SELECT, createTime:-1, grantor:alex, grantorType:USER, grantOption:true), PrivilegeGrantInfo(privilege:UPDATE, createTime:-1, grantor:alex, grantorType:USER, grantOption:true), PrivilegeGrantInfo(privilege:DELETE, createTime:-1, grantor:alex, grantorType:USER, grantOption:true)]}, groupPrivileges:null, rolePrivileges:null), temporary:false, catName:hive, ownerType:USER)	
2024-04-30T20:48:51,801  INFO [main] utils.FileUtils: Creating directory if it doesn't exist: file:/home/alex/Repositories/hive/hcatalog/hcatalog-pig-adapter/build/test/data/org.apache.hive.hcatalog.mapreduce.HCatBaseTest-1714535317310/warehouse/junit_unparted_basic
2024-04-30T20:48:51,851  INFO [main] metadata.Hive: Dumping metastore api call timing information for : execution phase
2024-04-30T20:48:51,851  INFO [main] metadata.Hive: Total time spent in each metastore function (ms): {createTable_(Table)=55}
2024-04-30T20:48:51,851  INFO [main] ql.Driver: Completed executing command(queryId=alex_20240430204851_1e4585c1-c69d-480f-87fa-94186edc5628); Time taken: 0.062 seconds
2024-04-30T20:48:51,851  INFO [main] ql.Driver: Compiling command(queryId=alex_20240430204851_1e4585c1-c69d-480f-87fa-94186edc5628): use default
2024-04-30T20:48:51,852  INFO [main] HiveMetaStore.audit: ugi=alex	ip=unknown-ip-addr	cmd=get_database: default	
2024-04-30T20:48:51,853  INFO [main] ql.Driver: Semantic Analysis Completed (retrial = false)
2024-04-30T20:48:51,853  INFO [main] ql.Driver: Created Hive schema: Schema(fieldSchemas:null, properties:null)
2024-04-30T20:48:51,853  INFO [main] metadata.Hive: Dumping metastore api call timing information for : compilation phase
2024-04-30T20:48:51,853  INFO [main] metadata.Hive: Total time spent in each metastore function (ms): {isCompatibleWith_(Configuration)=0, getDatabase_(String)=1, flushCache_()=0}
2024-04-30T20:48:51,853  INFO [main] ql.Driver: Completed compiling command(queryId=alex_20240430204851_1e4585c1-c69d-480f-87fa-94186edc5628); Time taken: 0.002 seconds
2024-04-30T20:48:51,853  INFO [main] reexec.ReExecDriver: Execution #1 of query
2024-04-30T20:48:51,854  INFO [main] ql.Driver: Concurrency mode is disabled, not creating a lock manager
2024-04-30T20:48:51,854  INFO [main] ql.Driver: Executing command(queryId=alex_20240430204851_1e4585c1-c69d-480f-87fa-94186edc5628): use default
2024-04-30T20:48:51,854  INFO [main] ql.Driver: Starting task [Stage-0:DDL] in serial mode
2024-04-30T20:48:51,854  INFO [main] HiveMetaStore.audit: ugi=alex	ip=unknown-ip-addr	cmd=get_database: default	
2024-04-30T20:48:51,856  INFO [main] HiveMetaStore.audit: ugi=alex	ip=unknown-ip-addr	cmd=get_database: default	
2024-04-30T20:48:51,857  INFO [main] metadata.Hive: Dumping metastore api call timing information for : execution phase
2024-04-30T20:48:51,857  INFO [main] metadata.Hive: Total time spent in each metastore function (ms): {isCompatibleWith_(Configuration)=0, getDatabase_(String)=3}
2024-04-30T20:48:51,857  INFO [main] ql.Driver: Completed executing command(queryId=alex_20240430204851_1e4585c1-c69d-480f-87fa-94186edc5628); Time taken: 0.003 seconds
2024-04-30T20:48:51,858  INFO [main] ql.Driver: Compiling command(queryId=alex_20240430204851_1e4585c1-c69d-480f-87fa-94186edc5628): create table junit_unparted_complex(name string, studentid int, contact struct<phno:string,email:string>, currently_registered_courses array<string>, current_grades map<string,string>, phnos array<struct<phno:string,type:string>>) stored as PARQUET TBLPROPERTIES ('transactional'='false')
2024-04-30T20:48:51,859  INFO [main] parse.CalcitePlanner: Starting caching scope for: alex_20240430204851_1e4585c1-c69d-480f-87fa-94186edc5628
2024-04-30T20:48:51,859  INFO [main] parse.CalcitePlanner: Starting Semantic Analysis
2024-04-30T20:48:51,859  INFO [main] parse.CalcitePlanner: Creating table default.junit_unparted_complex position=13
2024-04-30T20:48:51,860  INFO [main] HiveMetaStore.audit: ugi=alex	ip=unknown-ip-addr	cmd=get_database: default	
2024-04-30T20:48:51,861  INFO [main] parse.CalcitePlanner: Ending caching scope for: alex_20240430204851_1e4585c1-c69d-480f-87fa-94186edc5628
2024-04-30T20:48:51,861  INFO [main] ql.Driver: Semantic Analysis Completed (retrial = false)
2024-04-30T20:48:51,861  INFO [main] ql.Driver: Created Hive schema: Schema(fieldSchemas:null, properties:null)
2024-04-30T20:48:51,861  INFO [main] metadata.Hive: Dumping metastore api call timing information for : compilation phase
2024-04-30T20:48:51,861  INFO [main] metadata.Hive: Total time spent in each metastore function (ms): {isCompatibleWith_(Configuration)=0, getDatabase_(String)=1, flushCache_()=0}
2024-04-30T20:48:51,861  INFO [main] ql.Driver: Completed compiling command(queryId=alex_20240430204851_1e4585c1-c69d-480f-87fa-94186edc5628); Time taken: 0.004 seconds
2024-04-30T20:48:51,862  INFO [main] reexec.ReExecDriver: Execution #1 of query
2024-04-30T20:48:51,862  INFO [main] ql.Driver: Concurrency mode is disabled, not creating a lock manager
2024-04-30T20:48:51,862  INFO [main] ql.Driver: Executing command(queryId=alex_20240430204851_1e4585c1-c69d-480f-87fa-94186edc5628): create table junit_unparted_complex(name string, studentid int, contact struct<phno:string,email:string>, currently_registered_courses array<string>, current_grades map<string,string>, phnos array<struct<phno:string,type:string>>) stored as PARQUET TBLPROPERTIES ('transactional'='false')
2024-04-30T20:48:51,862  INFO [main] ql.Driver: Starting task [Stage-0:DDL] in serial mode
2024-04-30T20:48:51,863  INFO [main] HiveMetaStore.audit: ugi=alex	ip=unknown-ip-addr	cmd=create_table_req: Table(tableName:junit_unparted_complex, dbName:default, owner:alex, createTime:1714535331, lastAccessTime:0, retention:0, sd:StorageDescriptor(cols:[FieldSchema(name:name, type:string, comment:null), FieldSchema(name:studentid, type:int, comment:null), FieldSchema(name:contact, type:struct<phno:string,email:string>, comment:null), FieldSchema(name:currently_registered_courses, type:array<string>, comment:null), FieldSchema(name:current_grades, type:map<string,string>, comment:null), FieldSchema(name:phnos, type:array<struct<phno:string,type:string>>, comment:null)], location:null, inputFormat:org.apache.hadoop.hive.ql.io.parquet.MapredParquetInputFormat, outputFormat:org.apache.hadoop.hive.ql.io.parquet.MapredParquetOutputFormat, compressed:false, numBuckets:-1, serdeInfo:SerDeInfo(name:null, serializationLib:org.apache.hadoop.hive.ql.io.parquet.serde.ParquetHiveSerDe, parameters:{serialization.format=1}), bucketCols:[], sortCols:[], parameters:{}, skewedInfo:SkewedInfo(skewedColNames:[], skewedColValues:[], skewedColValueLocationMaps:{}), storedAsSubDirectories:false), partitionKeys:[], parameters:{totalSize=0, numRows=0, rawDataSize=0, COLUMN_STATS_ACCURATE={"BASIC_STATS":"true","COLUMN_STATS":{"contact":"true","current_grades":"true","currently_registered_courses":"true","name":"true","phnos":"true","studentid":"true"}}, numFiles=0, bucketing_version=2, numFilesErasureCoded=0, transactional=false}, viewOriginalText:null, viewExpandedText:null, tableType:MANAGED_TABLE, privileges:PrincipalPrivilegeSet(userPrivileges:{alex=[PrivilegeGrantInfo(privilege:INSERT, createTime:-1, grantor:alex, grantorType:USER, grantOption:true), PrivilegeGrantInfo(privilege:SELECT, createTime:-1, grantor:alex, grantorType:USER, grantOption:true), PrivilegeGrantInfo(privilege:UPDATE, createTime:-1, grantor:alex, grantorType:USER, grantOption:true), PrivilegeGrantInfo(privilege:DELETE, createTime:-1, grantor:alex, grantorType:USER, grantOption:true)]}, groupPrivileges:null, rolePrivileges:null), temporary:false, catName:hive, ownerType:USER)	
2024-04-30T20:48:51,867  INFO [main] utils.FileUtils: Creating directory if it doesn't exist: file:/home/alex/Repositories/hive/hcatalog/hcatalog-pig-adapter/build/test/data/org.apache.hive.hcatalog.mapreduce.HCatBaseTest-1714535317310/warehouse/junit_unparted_complex
2024-04-30T20:48:51,883  INFO [main] metadata.Hive: Dumping metastore api call timing information for : execution phase
2024-04-30T20:48:51,883  INFO [main] metadata.Hive: Total time spent in each metastore function (ms): {isCompatibleWith_(Configuration)=0, createTable_(Table)=20}
2024-04-30T20:48:51,883  INFO [main] ql.Driver: Completed executing command(queryId=alex_20240430204851_1e4585c1-c69d-480f-87fa-94186edc5628); Time taken: 0.021 seconds
2024-04-30T20:48:51,884  INFO [main] ql.Driver: Compiling command(queryId=alex_20240430204851_1e4585c1-c69d-480f-87fa-94186edc5628): use default
2024-04-30T20:48:51,884  INFO [main] HiveMetaStore.audit: ugi=alex	ip=unknown-ip-addr	cmd=get_database: default	
2024-04-30T20:48:51,886  INFO [main] ql.Driver: Semantic Analysis Completed (retrial = false)
2024-04-30T20:48:51,886  INFO [main] ql.Driver: Created Hive schema: Schema(fieldSchemas:null, properties:null)
2024-04-30T20:48:51,886  INFO [main] metadata.Hive: Dumping metastore api call timing information for : compilation phase
2024-04-30T20:48:51,886  INFO [main] metadata.Hive: Total time spent in each metastore function (ms): {isCompatibleWith_(Configuration)=0, getDatabase_(String)=2, flushCache_()=0}
2024-04-30T20:48:51,886  INFO [main] ql.Driver: Completed compiling command(queryId=alex_20240430204851_1e4585c1-c69d-480f-87fa-94186edc5628); Time taken: 0.002 seconds
2024-04-30T20:48:51,886  INFO [main] reexec.ReExecDriver: Execution #1 of query
2024-04-30T20:48:51,886  INFO [main] ql.Driver: Concurrency mode is disabled, not creating a lock manager
2024-04-30T20:48:51,886  INFO [main] ql.Driver: Executing command(queryId=alex_20240430204851_1e4585c1-c69d-480f-87fa-94186edc5628): use default
2024-04-30T20:48:51,886  INFO [main] ql.Driver: Starting task [Stage-0:DDL] in serial mode
2024-04-30T20:48:51,887  INFO [main] HiveMetaStore.audit: ugi=alex	ip=unknown-ip-addr	cmd=get_database: default	
2024-04-30T20:48:51,888  INFO [main] HiveMetaStore.audit: ugi=alex	ip=unknown-ip-addr	cmd=get_database: default	
2024-04-30T20:48:51,889  INFO [main] metadata.Hive: Dumping metastore api call timing information for : execution phase
2024-04-30T20:48:51,889  INFO [main] metadata.Hive: Total time spent in each metastore function (ms): {isCompatibleWith_(Configuration)=1, getDatabase_(String)=1}
2024-04-30T20:48:51,889  INFO [main] ql.Driver: Completed executing command(queryId=alex_20240430204851_1e4585c1-c69d-480f-87fa-94186edc5628); Time taken: 0.003 seconds
2024-04-30T20:48:51,890  INFO [main] ql.Driver: Compiling command(queryId=alex_20240430204851_1e4585c1-c69d-480f-87fa-94186edc5628): create table junit_parted_basic(a int, b string) partitioned by (bkt string) stored as PARQUET TBLPROPERTIES ('transactional'='false')
2024-04-30T20:48:51,891  INFO [main] parse.CalcitePlanner: Starting caching scope for: alex_20240430204851_1e4585c1-c69d-480f-87fa-94186edc5628
2024-04-30T20:48:51,891  INFO [main] parse.CalcitePlanner: Starting Semantic Analysis
2024-04-30T20:48:51,891  INFO [main] parse.CalcitePlanner: Creating table default.junit_parted_basic position=13
2024-04-30T20:48:51,891  INFO [main] HiveMetaStore.audit: ugi=alex	ip=unknown-ip-addr	cmd=get_database: default	
2024-04-30T20:48:51,893  INFO [main] parse.CalcitePlanner: Ending caching scope for: alex_20240430204851_1e4585c1-c69d-480f-87fa-94186edc5628
2024-04-30T20:48:51,893  INFO [main] ql.Driver: Semantic Analysis Completed (retrial = false)
2024-04-30T20:48:51,893  INFO [main] ql.Driver: Created Hive schema: Schema(fieldSchemas:null, properties:null)
2024-04-30T20:48:51,893  INFO [main] metadata.Hive: Dumping metastore api call timing information for : compilation phase
2024-04-30T20:48:51,893  INFO [main] metadata.Hive: Total time spent in each metastore function (ms): {isCompatibleWith_(Configuration)=1, getDatabase_(String)=2, flushCache_()=0}
2024-04-30T20:48:51,893  INFO [main] ql.Driver: Completed compiling command(queryId=alex_20240430204851_1e4585c1-c69d-480f-87fa-94186edc5628); Time taken: 0.003 seconds
2024-04-30T20:48:51,894  INFO [main] reexec.ReExecDriver: Execution #1 of query
2024-04-30T20:48:51,894  INFO [main] ql.Driver: Concurrency mode is disabled, not creating a lock manager
2024-04-30T20:48:51,894  INFO [main] ql.Driver: Executing command(queryId=alex_20240430204851_1e4585c1-c69d-480f-87fa-94186edc5628): create table junit_parted_basic(a int, b string) partitioned by (bkt string) stored as PARQUET TBLPROPERTIES ('transactional'='false')
2024-04-30T20:48:51,894  INFO [main] ql.Driver: Starting task [Stage-0:DDL] in serial mode
2024-04-30T20:48:51,895  INFO [main] HiveMetaStore.audit: ugi=alex	ip=unknown-ip-addr	cmd=create_table_req: Table(tableName:junit_parted_basic, dbName:default, owner:alex, createTime:1714535331, lastAccessTime:0, retention:0, sd:StorageDescriptor(cols:[FieldSchema(name:a, type:int, comment:null), FieldSchema(name:b, type:string, comment:null)], location:null, inputFormat:org.apache.hadoop.hive.ql.io.parquet.MapredParquetInputFormat, outputFormat:org.apache.hadoop.hive.ql.io.parquet.MapredParquetOutputFormat, compressed:false, numBuckets:-1, serdeInfo:SerDeInfo(name:null, serializationLib:org.apache.hadoop.hive.ql.io.parquet.serde.ParquetHiveSerDe, parameters:{serialization.format=1}), bucketCols:[], sortCols:[], parameters:{}, skewedInfo:SkewedInfo(skewedColNames:[], skewedColValues:[], skewedColValueLocationMaps:{}), storedAsSubDirectories:false), partitionKeys:[FieldSchema(name:bkt, type:string, comment:null)], parameters:{bucketing_version=2, transactional=false}, viewOriginalText:null, viewExpandedText:null, tableType:MANAGED_TABLE, privileges:PrincipalPrivilegeSet(userPrivileges:{alex=[PrivilegeGrantInfo(privilege:INSERT, createTime:-1, grantor:alex, grantorType:USER, grantOption:true), PrivilegeGrantInfo(privilege:SELECT, createTime:-1, grantor:alex, grantorType:USER, grantOption:true), PrivilegeGrantInfo(privilege:UPDATE, createTime:-1, grantor:alex, grantorType:USER, grantOption:true), PrivilegeGrantInfo(privilege:DELETE, createTime:-1, grantor:alex, grantorType:USER, grantOption:true)]}, groupPrivileges:null, rolePrivileges:null), temporary:false, catName:hive, ownerType:USER)	
2024-04-30T20:48:51,898  INFO [main] utils.FileUtils: Creating directory if it doesn't exist: file:/home/alex/Repositories/hive/hcatalog/hcatalog-pig-adapter/build/test/data/org.apache.hive.hcatalog.mapreduce.HCatBaseTest-1714535317310/warehouse/junit_parted_basic
2024-04-30T20:48:51,913  INFO [main] metadata.Hive: Dumping metastore api call timing information for : execution phase
2024-04-30T20:48:51,913  INFO [main] metadata.Hive: Total time spent in each metastore function (ms): {isCompatibleWith_(Configuration)=0, createTable_(Table)=17}
2024-04-30T20:48:51,913  INFO [main] ql.Driver: Completed executing command(queryId=alex_20240430204851_1e4585c1-c69d-480f-87fa-94186edc5628); Time taken: 0.019 seconds
2024-04-30T20:48:51,913  INFO [main] ql.Driver: Compiling command(queryId=alex_20240430204851_1e4585c1-c69d-480f-87fa-94186edc5628): use default
2024-04-30T20:48:51,914  INFO [main] HiveMetaStore.audit: ugi=alex	ip=unknown-ip-addr	cmd=get_database: default	
2024-04-30T20:48:51,915  INFO [main] ql.Driver: Semantic Analysis Completed (retrial = false)
2024-04-30T20:48:51,915  INFO [main] ql.Driver: Created Hive schema: Schema(fieldSchemas:null, properties:null)
2024-04-30T20:48:51,915  INFO [main] metadata.Hive: Dumping metastore api call timing information for : compilation phase
2024-04-30T20:48:51,915  INFO [main] metadata.Hive: Total time spent in each metastore function (ms): {isCompatibleWith_(Configuration)=0, getDatabase_(String)=1, flushCache_()=1}
2024-04-30T20:48:51,915  INFO [main] ql.Driver: Completed compiling command(queryId=alex_20240430204851_1e4585c1-c69d-480f-87fa-94186edc5628); Time taken: 0.002 seconds
2024-04-30T20:48:51,915  INFO [main] reexec.ReExecDriver: Execution #1 of query
2024-04-30T20:48:51,916  INFO [main] ql.Driver: Concurrency mode is disabled, not creating a lock manager
2024-04-30T20:48:51,916  INFO [main] ql.Driver: Executing command(queryId=alex_20240430204851_1e4585c1-c69d-480f-87fa-94186edc5628): use default
2024-04-30T20:48:51,916  INFO [main] ql.Driver: Starting task [Stage-0:DDL] in serial mode
2024-04-30T20:48:51,916  INFO [main] HiveMetaStore.audit: ugi=alex	ip=unknown-ip-addr	cmd=get_database: default	
2024-04-30T20:48:51,917  INFO [main] HiveMetaStore.audit: ugi=alex	ip=unknown-ip-addr	cmd=get_database: default	
2024-04-30T20:48:51,919  INFO [main] metadata.Hive: Dumping metastore api call timing information for : execution phase
2024-04-30T20:48:51,919  INFO [main] metadata.Hive: Total time spent in each metastore function (ms): {isCompatibleWith_(Configuration)=0, getDatabase_(String)=2}
2024-04-30T20:48:51,919  INFO [main] ql.Driver: Completed executing command(queryId=alex_20240430204851_1e4585c1-c69d-480f-87fa-94186edc5628); Time taken: 0.003 seconds
2024-04-30T20:48:51,919  INFO [main] ql.Driver: Compiling command(queryId=alex_20240430204851_1e4585c1-c69d-480f-87fa-94186edc5628): create table junit_specific_size(a int, b string) stored as PARQUET TBLPROPERTIES ('transactional'='false')
2024-04-30T20:48:51,920  INFO [main] parse.CalcitePlanner: Starting caching scope for: alex_20240430204851_1e4585c1-c69d-480f-87fa-94186edc5628
2024-04-30T20:48:51,920  INFO [main] parse.CalcitePlanner: Starting Semantic Analysis
2024-04-30T20:48:51,920  INFO [main] parse.CalcitePlanner: Creating table default.junit_specific_size position=13
2024-04-30T20:48:51,921  INFO [main] HiveMetaStore.audit: ugi=alex	ip=unknown-ip-addr	cmd=get_database: default	
2024-04-30T20:48:51,922  INFO [main] parse.CalcitePlanner: Ending caching scope for: alex_20240430204851_1e4585c1-c69d-480f-87fa-94186edc5628
2024-04-30T20:48:51,922  INFO [main] ql.Driver: Semantic Analysis Completed (retrial = false)
2024-04-30T20:48:51,922  INFO [main] ql.Driver: Created Hive schema: Schema(fieldSchemas:null, properties:null)
2024-04-30T20:48:51,922  INFO [main] metadata.Hive: Dumping metastore api call timing information for : compilation phase
2024-04-30T20:48:51,922  INFO [main] metadata.Hive: Total time spent in each metastore function (ms): {isCompatibleWith_(Configuration)=0, getDatabase_(String)=2, flushCache_()=0}
2024-04-30T20:48:51,922  INFO [main] ql.Driver: Completed compiling command(queryId=alex_20240430204851_1e4585c1-c69d-480f-87fa-94186edc5628); Time taken: 0.003 seconds
2024-04-30T20:48:51,922  INFO [main] reexec.ReExecDriver: Execution #1 of query
2024-04-30T20:48:51,922  INFO [main] ql.Driver: Concurrency mode is disabled, not creating a lock manager
2024-04-30T20:48:51,922  INFO [main] ql.Driver: Executing command(queryId=alex_20240430204851_1e4585c1-c69d-480f-87fa-94186edc5628): create table junit_specific_size(a int, b string) stored as PARQUET TBLPROPERTIES ('transactional'='false')
2024-04-30T20:48:51,923  INFO [main] ql.Driver: Starting task [Stage-0:DDL] in serial mode
2024-04-30T20:48:51,924  INFO [main] HiveMetaStore.audit: ugi=alex	ip=unknown-ip-addr	cmd=create_table_req: Table(tableName:junit_specific_size, dbName:default, owner:alex, createTime:1714535331, lastAccessTime:0, retention:0, sd:StorageDescriptor(cols:[FieldSchema(name:a, type:int, comment:null), FieldSchema(name:b, type:string, comment:null)], location:null, inputFormat:org.apache.hadoop.hive.ql.io.parquet.MapredParquetInputFormat, outputFormat:org.apache.hadoop.hive.ql.io.parquet.MapredParquetOutputFormat, compressed:false, numBuckets:-1, serdeInfo:SerDeInfo(name:null, serializationLib:org.apache.hadoop.hive.ql.io.parquet.serde.ParquetHiveSerDe, parameters:{serialization.format=1}), bucketCols:[], sortCols:[], parameters:{}, skewedInfo:SkewedInfo(skewedColNames:[], skewedColValues:[], skewedColValueLocationMaps:{}), storedAsSubDirectories:false), partitionKeys:[], parameters:{totalSize=0, numRows=0, rawDataSize=0, COLUMN_STATS_ACCURATE={"BASIC_STATS":"true","COLUMN_STATS":{"a":"true","b":"true"}}, numFiles=0, bucketing_version=2, numFilesErasureCoded=0, transactional=false}, viewOriginalText:null, viewExpandedText:null, tableType:MANAGED_TABLE, privileges:PrincipalPrivilegeSet(userPrivileges:{alex=[PrivilegeGrantInfo(privilege:INSERT, createTime:-1, grantor:alex, grantorType:USER, grantOption:true), PrivilegeGrantInfo(privilege:SELECT, createTime:-1, grantor:alex, grantorType:USER, grantOption:true), PrivilegeGrantInfo(privilege:UPDATE, createTime:-1, grantor:alex, grantorType:USER, grantOption:true), PrivilegeGrantInfo(privilege:DELETE, createTime:-1, grantor:alex, grantorType:USER, grantOption:true)]}, groupPrivileges:null, rolePrivileges:null), temporary:false, catName:hive, ownerType:USER)	
2024-04-30T20:48:51,926  INFO [main] utils.FileUtils: Creating directory if it doesn't exist: file:/home/alex/Repositories/hive/hcatalog/hcatalog-pig-adapter/build/test/data/org.apache.hive.hcatalog.mapreduce.HCatBaseTest-1714535317310/warehouse/junit_specific_size
2024-04-30T20:48:51,944  INFO [main] metadata.Hive: Dumping metastore api call timing information for : execution phase
2024-04-30T20:48:51,944  INFO [main] metadata.Hive: Total time spent in each metastore function (ms): {isCompatibleWith_(Configuration)=0, createTable_(Table)=20}
2024-04-30T20:48:51,944  INFO [main] ql.Driver: Completed executing command(queryId=alex_20240430204851_1e4585c1-c69d-480f-87fa-94186edc5628); Time taken: 0.022 seconds
2024-04-30T20:48:51,945  INFO [main] ql.Driver: Compiling command(queryId=alex_20240430204851_1e4585c1-c69d-480f-87fa-94186edc5628): create database if not exists junit_specific_db
2024-04-30T20:48:51,945  INFO [main] ql.Driver: Semantic Analysis Completed (retrial = false)
2024-04-30T20:48:51,946  INFO [main] ql.Driver: Created Hive schema: Schema(fieldSchemas:null, properties:null)
2024-04-30T20:48:51,946  INFO [main] metadata.Hive: Dumping metastore api call timing information for : compilation phase
2024-04-30T20:48:51,946  INFO [main] metadata.Hive: Total time spent in each metastore function (ms): {isCompatibleWith_(Configuration)=0, flushCache_()=0}
2024-04-30T20:48:51,946  INFO [main] ql.Driver: Completed compiling command(queryId=alex_20240430204851_1e4585c1-c69d-480f-87fa-94186edc5628); Time taken: 0.001 seconds
2024-04-30T20:48:51,946  INFO [main] reexec.ReExecDriver: Execution #1 of query
2024-04-30T20:48:51,946  INFO [main] ql.Driver: Concurrency mode is disabled, not creating a lock manager
2024-04-30T20:48:51,946  INFO [main] ql.Driver: Executing command(queryId=alex_20240430204851_1e4585c1-c69d-480f-87fa-94186edc5628): create database if not exists junit_specific_db
2024-04-30T20:48:51,946  INFO [main] ql.Driver: Starting task [Stage-0:DDL] in serial mode
2024-04-30T20:48:51,947  WARN [main] exec.DDLTask: metastore.warehouse.external.dir is not set, falling back to metastore.warehouse.dir. This could cause external tables to use to managed tablespace.
2024-04-30T20:48:51,947  INFO [main] HiveMetaStore.audit: ugi=alex	ip=unknown-ip-addr	cmd=create_database: Database(name:junit_specific_db, description:null, locationUri:file:/home/alex/Repositories/hive/hcatalog/hcatalog-pig-adapter/build/test/data/org.apache.hive.hcatalog.mapreduce.HCatBaseTest-1714535317310/warehouse/junit_specific_db.db, parameters:null, ownerName:alex, ownerType:USER, catalogName:hive, type:NATIVE)	
2024-04-30T20:48:51,952  INFO [main] metastore.HMSHandler: Creating database path in external directory file:/home/alex/Repositories/hive/hcatalog/hcatalog-pig-adapter/build/test/data/org.apache.hive.hcatalog.mapreduce.HCatBaseTest-1714535317310/warehouse/junit_specific_db.db
2024-04-30T20:48:51,952  INFO [main] utils.FileUtils: Creating directory if it doesn't exist: file:/home/alex/Repositories/hive/hcatalog/hcatalog-pig-adapter/build/test/data/org.apache.hive.hcatalog.mapreduce.HCatBaseTest-1714535317310/warehouse/junit_specific_db.db
2024-04-30T20:48:51,955  INFO [main] metastore.HMSHandler: Created database path in external directory file:/home/alex/Repositories/hive/hcatalog/hcatalog-pig-adapter/build/test/data/org.apache.hive.hcatalog.mapreduce.HCatBaseTest-1714535317310/warehouse/junit_specific_db.db
2024-04-30T20:48:51,959  INFO [main] metadata.Hive: Dumping metastore api call timing information for : execution phase
2024-04-30T20:48:51,959  INFO [main] metadata.Hive: Total time spent in each metastore function (ms): {isCompatibleWith_(Configuration)=0, createDatabase_(Database)=12}
2024-04-30T20:48:51,959  INFO [main] ql.Driver: Completed executing command(queryId=alex_20240430204851_1e4585c1-c69d-480f-87fa-94186edc5628); Time taken: 0.013 seconds
2024-04-30T20:48:51,959  INFO [main] ql.Driver: Compiling command(queryId=alex_20240430204851_1e4585c1-c69d-480f-87fa-94186edc5628): use junit_specific_db
2024-04-30T20:48:51,960  INFO [main] HiveMetaStore.audit: ugi=alex	ip=unknown-ip-addr	cmd=get_database: junit_specific_db	
2024-04-30T20:48:51,961  INFO [main] ql.Driver: Semantic Analysis Completed (retrial = false)
2024-04-30T20:48:51,962  INFO [main] ql.Driver: Created Hive schema: Schema(fieldSchemas:null, properties:null)
2024-04-30T20:48:51,962  INFO [main] metadata.Hive: Dumping metastore api call timing information for : compilation phase
2024-04-30T20:48:51,962  INFO [main] metadata.Hive: Total time spent in each metastore function (ms): {isCompatibleWith_(Configuration)=0, getDatabase_(String)=1, flushCache_()=0}
2024-04-30T20:48:51,962  INFO [main] ql.Driver: Completed compiling command(queryId=alex_20240430204851_1e4585c1-c69d-480f-87fa-94186edc5628); Time taken: 0.003 seconds
2024-04-30T20:48:51,962  INFO [main] reexec.ReExecDriver: Execution #1 of query
2024-04-30T20:48:51,962  INFO [main] ql.Driver: Concurrency mode is disabled, not creating a lock manager
2024-04-30T20:48:51,962  INFO [main] ql.Driver: Executing command(queryId=alex_20240430204851_1e4585c1-c69d-480f-87fa-94186edc5628): use junit_specific_db
2024-04-30T20:48:51,962  INFO [main] ql.Driver: Starting task [Stage-0:DDL] in serial mode
2024-04-30T20:48:51,963  INFO [main] HiveMetaStore.audit: ugi=alex	ip=unknown-ip-addr	cmd=get_database: junit_specific_db	
2024-04-30T20:48:51,964  INFO [main] HiveMetaStore.audit: ugi=alex	ip=unknown-ip-addr	cmd=get_database: junit_specific_db	
2024-04-30T20:48:51,965  INFO [main] metadata.Hive: Dumping metastore api call timing information for : execution phase
2024-04-30T20:48:51,965  INFO [main] metadata.Hive: Total time spent in each metastore function (ms): {isCompatibleWith_(Configuration)=0, getDatabase_(String)=3}
2024-04-30T20:48:51,965  INFO [main] ql.Driver: Completed executing command(queryId=alex_20240430204851_1e4585c1-c69d-480f-87fa-94186edc5628); Time taken: 0.003 seconds
2024-04-30T20:48:51,966  INFO [main] ql.Driver: Compiling command(queryId=alex_20240430204851_1e4585c1-c69d-480f-87fa-94186edc5628): create table junit_specific_size2(a int, b string) stored as PARQUET TBLPROPERTIES ('transactional'='false')
2024-04-30T20:48:51,967  INFO [main] parse.CalcitePlanner: Starting caching scope for: alex_20240430204851_1e4585c1-c69d-480f-87fa-94186edc5628
2024-04-30T20:48:51,967  INFO [main] parse.CalcitePlanner: Starting Semantic Analysis
2024-04-30T20:48:51,967  INFO [main] parse.CalcitePlanner: Creating table junit_specific_db.junit_specific_size2 position=13
2024-04-30T20:48:51,967  INFO [main] HiveMetaStore.audit: ugi=alex	ip=unknown-ip-addr	cmd=get_database: junit_specific_db	
2024-04-30T20:48:51,968  INFO [main] parse.CalcitePlanner: Ending caching scope for: alex_20240430204851_1e4585c1-c69d-480f-87fa-94186edc5628
2024-04-30T20:48:51,968  INFO [main] ql.Driver: Semantic Analysis Completed (retrial = false)
2024-04-30T20:48:51,968  INFO [main] ql.Driver: Created Hive schema: Schema(fieldSchemas:null, properties:null)
2024-04-30T20:48:51,968  INFO [main] metadata.Hive: Dumping metastore api call timing information for : compilation phase
2024-04-30T20:48:51,968  INFO [main] metadata.Hive: Total time spent in each metastore function (ms): {isCompatibleWith_(Configuration)=1, getDatabase_(String)=1, flushCache_()=0}
2024-04-30T20:48:51,968  INFO [main] ql.Driver: Completed compiling command(queryId=alex_20240430204851_1e4585c1-c69d-480f-87fa-94186edc5628); Time taken: 0.002 seconds
2024-04-30T20:48:51,968  INFO [main] reexec.ReExecDriver: Execution #1 of query
2024-04-30T20:48:51,968  INFO [main] ql.Driver: Concurrency mode is disabled, not creating a lock manager
2024-04-30T20:48:51,968  INFO [main] ql.Driver: Executing command(queryId=alex_20240430204851_1e4585c1-c69d-480f-87fa-94186edc5628): create table junit_specific_size2(a int, b string) stored as PARQUET TBLPROPERTIES ('transactional'='false')
2024-04-30T20:48:51,968  INFO [main] ql.Driver: Starting task [Stage-0:DDL] in serial mode
2024-04-30T20:48:51,969  INFO [main] HiveMetaStore.audit: ugi=alex	ip=unknown-ip-addr	cmd=create_table_req: Table(tableName:junit_specific_size2, dbName:junit_specific_db, owner:alex, createTime:1714535331, lastAccessTime:0, retention:0, sd:StorageDescriptor(cols:[FieldSchema(name:a, type:int, comment:null), FieldSchema(name:b, type:string, comment:null)], location:null, inputFormat:org.apache.hadoop.hive.ql.io.parquet.MapredParquetInputFormat, outputFormat:org.apache.hadoop.hive.ql.io.parquet.MapredParquetOutputFormat, compressed:false, numBuckets:-1, serdeInfo:SerDeInfo(name:null, serializationLib:org.apache.hadoop.hive.ql.io.parquet.serde.ParquetHiveSerDe, parameters:{serialization.format=1}), bucketCols:[], sortCols:[], parameters:{}, skewedInfo:SkewedInfo(skewedColNames:[], skewedColValues:[], skewedColValueLocationMaps:{}), storedAsSubDirectories:false), partitionKeys:[], parameters:{totalSize=0, numRows=0, rawDataSize=0, COLUMN_STATS_ACCURATE={"BASIC_STATS":"true","COLUMN_STATS":{"a":"true","b":"true"}}, numFiles=0, bucketing_version=2, numFilesErasureCoded=0, transactional=false}, viewOriginalText:null, viewExpandedText:null, tableType:MANAGED_TABLE, privileges:PrincipalPrivilegeSet(userPrivileges:{alex=[PrivilegeGrantInfo(privilege:INSERT, createTime:-1, grantor:alex, grantorType:USER, grantOption:true), PrivilegeGrantInfo(privilege:SELECT, createTime:-1, grantor:alex, grantorType:USER, grantOption:true), PrivilegeGrantInfo(privilege:UPDATE, createTime:-1, grantor:alex, grantorType:USER, grantOption:true), PrivilegeGrantInfo(privilege:DELETE, createTime:-1, grantor:alex, grantorType:USER, grantOption:true)]}, groupPrivileges:null, rolePrivileges:null), temporary:false, catName:hive, ownerType:USER)	
2024-04-30T20:48:51,972  INFO [main] utils.FileUtils: Creating directory if it doesn't exist: file:/home/alex/Repositories/hive/hcatalog/hcatalog-pig-adapter/build/test/data/org.apache.hive.hcatalog.mapreduce.HCatBaseTest-1714535317310/warehouse/junit_specific_db.db/junit_specific_size2
2024-04-30T20:48:51,984  INFO [main] metadata.Hive: Dumping metastore api call timing information for : execution phase
2024-04-30T20:48:51,984  INFO [main] metadata.Hive: Total time spent in each metastore function (ms): {isCompatibleWith_(Configuration)=0, createTable_(Table)=15}
2024-04-30T20:48:51,984  INFO [main] ql.Driver: Completed executing command(queryId=alex_20240430204851_1e4585c1-c69d-480f-87fa-94186edc5628); Time taken: 0.016 seconds
2024-04-30T20:48:51,984  INFO [main] ql.Driver: Compiling command(queryId=alex_20240430204851_1e4585c1-c69d-480f-87fa-94186edc5628): use default
2024-04-30T20:48:51,985  INFO [main] HiveMetaStore.audit: ugi=alex	ip=unknown-ip-addr	cmd=get_database: default	
2024-04-30T20:48:51,986  INFO [main] ql.Driver: Semantic Analysis Completed (retrial = false)
2024-04-30T20:48:51,986  INFO [main] ql.Driver: Created Hive schema: Schema(fieldSchemas:null, properties:null)
2024-04-30T20:48:51,986  INFO [main] metadata.Hive: Dumping metastore api call timing information for : compilation phase
2024-04-30T20:48:51,986  INFO [main] metadata.Hive: Total time spent in each metastore function (ms): {isCompatibleWith_(Configuration)=0, getDatabase_(String)=1, flushCache_()=1}
2024-04-30T20:48:51,986  INFO [main] ql.Driver: Completed compiling command(queryId=alex_20240430204851_1e4585c1-c69d-480f-87fa-94186edc5628); Time taken: 0.002 seconds
2024-04-30T20:48:51,987  INFO [main] reexec.ReExecDriver: Execution #1 of query
2024-04-30T20:48:51,987  INFO [main] ql.Driver: Concurrency mode is disabled, not creating a lock manager
2024-04-30T20:48:51,987  INFO [main] ql.Driver: Executing command(queryId=alex_20240430204851_1e4585c1-c69d-480f-87fa-94186edc5628): use default
2024-04-30T20:48:51,987  INFO [main] ql.Driver: Starting task [Stage-0:DDL] in serial mode
2024-04-30T20:48:51,987  INFO [main] HiveMetaStore.audit: ugi=alex	ip=unknown-ip-addr	cmd=get_database: default	
2024-04-30T20:48:51,988  INFO [main] HiveMetaStore.audit: ugi=alex	ip=unknown-ip-addr	cmd=get_database: default	
2024-04-30T20:48:51,989  INFO [main] metadata.Hive: Dumping metastore api call timing information for : execution phase
2024-04-30T20:48:51,989  INFO [main] metadata.Hive: Total time spent in each metastore function (ms): {isCompatibleWith_(Configuration)=0, getDatabase_(String)=2}
2024-04-30T20:48:51,989  INFO [main] ql.Driver: Completed executing command(queryId=alex_20240430204851_1e4585c1-c69d-480f-87fa-94186edc5628); Time taken: 0.002 seconds
2024-04-30T20:48:51,989  INFO [main] ql.Driver: Compiling command(queryId=alex_20240430204851_1e4585c1-c69d-480f-87fa-94186edc5628): create table junit_parted_date(b string) partitioned by (dt date) stored as PARQUET TBLPROPERTIES ('transactional'='false')
2024-04-30T20:48:51,990  INFO [main] parse.CalcitePlanner: Starting caching scope for: alex_20240430204851_1e4585c1-c69d-480f-87fa-94186edc5628
2024-04-30T20:48:51,990  INFO [main] parse.CalcitePlanner: Starting Semantic Analysis
2024-04-30T20:48:51,990  INFO [main] parse.CalcitePlanner: Creating table default.junit_parted_date position=13
2024-04-30T20:48:51,990  INFO [main] HiveMetaStore.audit: ugi=alex	ip=unknown-ip-addr	cmd=get_database: default	
2024-04-30T20:48:51,991  INFO [main] parse.CalcitePlanner: Ending caching scope for: alex_20240430204851_1e4585c1-c69d-480f-87fa-94186edc5628
2024-04-30T20:48:51,991  INFO [main] ql.Driver: Semantic Analysis Completed (retrial = false)
2024-04-30T20:48:51,991  INFO [main] ql.Driver: Created Hive schema: Schema(fieldSchemas:null, properties:null)
2024-04-30T20:48:51,992  INFO [main] metadata.Hive: Dumping metastore api call timing information for : compilation phase
2024-04-30T20:48:51,992  INFO [main] metadata.Hive: Total time spent in each metastore function (ms): {isCompatibleWith_(Configuration)=0, getDatabase_(String)=1, flushCache_()=0}
2024-04-30T20:48:51,992  INFO [main] ql.Driver: Completed compiling command(queryId=alex_20240430204851_1e4585c1-c69d-480f-87fa-94186edc5628); Time taken: 0.003 seconds
2024-04-30T20:48:51,992  INFO [main] reexec.ReExecDriver: Execution #1 of query
2024-04-30T20:48:51,992  INFO [main] ql.Driver: Concurrency mode is disabled, not creating a lock manager
2024-04-30T20:48:51,992  INFO [main] ql.Driver: Executing command(queryId=alex_20240430204851_1e4585c1-c69d-480f-87fa-94186edc5628): create table junit_parted_date(b string) partitioned by (dt date) stored as PARQUET TBLPROPERTIES ('transactional'='false')
2024-04-30T20:48:51,992  INFO [main] ql.Driver: Starting task [Stage-0:DDL] in serial mode
2024-04-30T20:48:51,993  INFO [main] HiveMetaStore.audit: ugi=alex	ip=unknown-ip-addr	cmd=create_table_req: Table(tableName:junit_parted_date, dbName:default, owner:alex, createTime:1714535331, lastAccessTime:0, retention:0, sd:StorageDescriptor(cols:[FieldSchema(name:b, type:string, comment:null)], location:null, inputFormat:org.apache.hadoop.hive.ql.io.parquet.MapredParquetInputFormat, outputFormat:org.apache.hadoop.hive.ql.io.parquet.MapredParquetOutputFormat, compressed:false, numBuckets:-1, serdeInfo:SerDeInfo(name:null, serializationLib:org.apache.hadoop.hive.ql.io.parquet.serde.ParquetHiveSerDe, parameters:{serialization.format=1}), bucketCols:[], sortCols:[], parameters:{}, skewedInfo:SkewedInfo(skewedColNames:[], skewedColValues:[], skewedColValueLocationMaps:{}), storedAsSubDirectories:false), partitionKeys:[FieldSchema(name:dt, type:date, comment:null)], parameters:{bucketing_version=2, transactional=false}, viewOriginalText:null, viewExpandedText:null, tableType:MANAGED_TABLE, privileges:PrincipalPrivilegeSet(userPrivileges:{alex=[PrivilegeGrantInfo(privilege:INSERT, createTime:-1, grantor:alex, grantorType:USER, grantOption:true), PrivilegeGrantInfo(privilege:SELECT, createTime:-1, grantor:alex, grantorType:USER, grantOption:true), PrivilegeGrantInfo(privilege:UPDATE, createTime:-1, grantor:alex, grantorType:USER, grantOption:true), PrivilegeGrantInfo(privilege:DELETE, createTime:-1, grantor:alex, grantorType:USER, grantOption:true)]}, groupPrivileges:null, rolePrivileges:null), temporary:false, catName:hive, ownerType:USER)	
2024-04-30T20:48:51,995  INFO [main] utils.FileUtils: Creating directory if it doesn't exist: file:/home/alex/Repositories/hive/hcatalog/hcatalog-pig-adapter/build/test/data/org.apache.hive.hcatalog.mapreduce.HCatBaseTest-1714535317310/warehouse/junit_parted_date
2024-04-30T20:48:52,005  INFO [main] metadata.Hive: Dumping metastore api call timing information for : execution phase
2024-04-30T20:48:52,005  INFO [main] metadata.Hive: Total time spent in each metastore function (ms): {isCompatibleWith_(Configuration)=0, createTable_(Table)=12}
2024-04-30T20:48:52,005  INFO [main] ql.Driver: Completed executing command(queryId=alex_20240430204851_1e4585c1-c69d-480f-87fa-94186edc5628); Time taken: 0.013 seconds
2024-04-30T20:48:52,006  INFO [main] ql.Driver: Compiling command(queryId=alex_20240430204851_1e4585c1-c69d-480f-87fa-94186edc5628): create table junit_unparted_alltypes( c_boolean boolean, c_tinyint tinyint, c_smallint smallint, c_int int, c_bigint bigint, c_float float, c_double double, c_decimal decimal(5,2), c_string string, c_char char(10), c_varchar varchar(20), c_binary binary, c_date date, c_timestamp timestamp)ROW FORMAT DELIMITED FIELDS TERMINATED BY '	' STORED AS TEXTFILE
2024-04-30T20:48:52,007  INFO [main] parse.CalcitePlanner: Starting caching scope for: alex_20240430204851_1e4585c1-c69d-480f-87fa-94186edc5628
2024-04-30T20:48:52,007  INFO [main] parse.CalcitePlanner: Starting Semantic Analysis
2024-04-30T20:48:52,007  INFO [main] parse.CalcitePlanner: Creating table default.junit_unparted_alltypes position=13
2024-04-30T20:48:52,008  INFO [main] HiveMetaStore.audit: ugi=alex	ip=unknown-ip-addr	cmd=get_database: default	
2024-04-30T20:48:52,009  INFO [main] parse.CalcitePlanner: Ending caching scope for: alex_20240430204851_1e4585c1-c69d-480f-87fa-94186edc5628
2024-04-30T20:48:52,009  INFO [main] ql.Driver: Semantic Analysis Completed (retrial = false)
2024-04-30T20:48:52,009  INFO [main] ql.Driver: Created Hive schema: Schema(fieldSchemas:null, properties:null)
2024-04-30T20:48:52,009  INFO [main] metadata.Hive: Dumping metastore api call timing information for : compilation phase
2024-04-30T20:48:52,009  INFO [main] metadata.Hive: Total time spent in each metastore function (ms): {isCompatibleWith_(Configuration)=0, getDatabase_(String)=0, flushCache_()=0}
2024-04-30T20:48:52,009  INFO [main] ql.Driver: Completed compiling command(queryId=alex_20240430204851_1e4585c1-c69d-480f-87fa-94186edc5628); Time taken: 0.003 seconds
2024-04-30T20:48:52,009  INFO [main] reexec.ReExecDriver: Execution #1 of query
2024-04-30T20:48:52,009  INFO [main] ql.Driver: Concurrency mode is disabled, not creating a lock manager
2024-04-30T20:48:52,009  INFO [main] ql.Driver: Executing command(queryId=alex_20240430204851_1e4585c1-c69d-480f-87fa-94186edc5628): create table junit_unparted_alltypes( c_boolean boolean, c_tinyint tinyint, c_smallint smallint, c_int int, c_bigint bigint, c_float float, c_double double, c_decimal decimal(5,2), c_string string, c_char char(10), c_varchar varchar(20), c_binary binary, c_date date, c_timestamp timestamp)ROW FORMAT DELIMITED FIELDS TERMINATED BY '	' STORED AS TEXTFILE
2024-04-30T20:48:52,009  INFO [main] ql.Driver: Starting task [Stage-0:DDL] in serial mode
2024-04-30T20:48:52,011  INFO [main] HiveMetaStore.audit: ugi=alex	ip=unknown-ip-addr	cmd=create_table_req: Table(tableName:junit_unparted_alltypes, dbName:default, owner:alex, createTime:1714535332, lastAccessTime:0, retention:0, sd:StorageDescriptor(cols:[FieldSchema(name:c_boolean, type:boolean, comment:null), FieldSchema(name:c_tinyint, type:tinyint, comment:null), FieldSchema(name:c_smallint, type:smallint, comment:null), FieldSchema(name:c_int, type:int, comment:null), FieldSchema(name:c_bigint, type:bigint, comment:null), FieldSchema(name:c_float, type:float, comment:null), FieldSchema(name:c_double, type:double, comment:null), FieldSchema(name:c_decimal, type:decimal(5,2), comment:null), FieldSchema(name:c_string, type:string, comment:null), FieldSchema(name:c_char, type:char(10), comment:null), FieldSchema(name:c_varchar, type:varchar(20), comment:null), FieldSchema(name:c_binary, type:binary, comment:null), FieldSchema(name:c_date, type:date, comment:null), FieldSchema(name:c_timestamp, type:timestamp, comment:null)], location:null, inputFormat:org.apache.hadoop.mapred.TextInputFormat, outputFormat:org.apache.hadoop.hive.ql.io.HiveIgnoreKeyTextOutputFormat, compressed:false, numBuckets:-1, serdeInfo:SerDeInfo(name:null, serializationLib:org.apache.hadoop.hive.serde2.lazy.LazySimpleSerDe, parameters:{field.delim=	, serialization.format=	}), bucketCols:[], sortCols:[], parameters:{}, skewedInfo:SkewedInfo(skewedColNames:[], skewedColValues:[], skewedColValueLocationMaps:{}), storedAsSubDirectories:false), partitionKeys:[], parameters:{totalSize=0, numRows=0, rawDataSize=0, COLUMN_STATS_ACCURATE={"BASIC_STATS":"true","COLUMN_STATS":{"c_bigint":"true","c_binary":"true","c_boolean":"true","c_char":"true","c_date":"true","c_decimal":"true","c_double":"true","c_float":"true","c_int":"true","c_smallint":"true","c_string":"true","c_timestamp":"true","c_tinyint":"true","c_varchar":"true"}}, numFiles=0, bucketing_version=2, numFilesErasureCoded=0}, viewOriginalText:null, viewExpandedText:null, tableType:MANAGED_TABLE, privileges:PrincipalPrivilegeSet(userPrivileges:{alex=[PrivilegeGrantInfo(privilege:INSERT, createTime:-1, grantor:alex, grantorType:USER, grantOption:true), PrivilegeGrantInfo(privilege:SELECT, createTime:-1, grantor:alex, grantorType:USER, grantOption:true), PrivilegeGrantInfo(privilege:UPDATE, createTime:-1, grantor:alex, grantorType:USER, grantOption:true), PrivilegeGrantInfo(privilege:DELETE, createTime:-1, grantor:alex, grantorType:USER, grantOption:true)]}, groupPrivileges:null, rolePrivileges:null), temporary:false, catName:hive, ownerType:USER)	
2024-04-30T20:48:52,013  INFO [main] utils.FileUtils: Creating directory if it doesn't exist: file:/home/alex/Repositories/hive/hcatalog/hcatalog-pig-adapter/build/test/data/org.apache.hive.hcatalog.mapreduce.HCatBaseTest-1714535317310/warehouse/junit_unparted_alltypes
2024-04-30T20:48:52,027  INFO [main] metadata.Hive: Dumping metastore api call timing information for : execution phase
2024-04-30T20:48:52,027  INFO [main] metadata.Hive: Total time spent in each metastore function (ms): {isCompatibleWith_(Configuration)=0, createTable_(Table)=16}
2024-04-30T20:48:52,027  INFO [main] ql.Driver: Completed executing command(queryId=alex_20240430204851_1e4585c1-c69d-480f-87fa-94186edc5628); Time taken: 0.018 seconds
2024-04-30T20:48:52,028  INFO [main] ql.Driver: Compiling command(queryId=alex_20240430204851_1e4585c1-c69d-480f-87fa-94186edc5628): load data local inpath '/home/alex/Repositories/hive/hcatalog/hcatalog-pig-adapter/build/test/data/org.apache.hive.hcatalog.mapreduce.HCatBaseTest-1714535317310/alltypes.input.data' into table junit_unparted_alltypes
2024-04-30T20:48:52,029  INFO [main] parse.LoadSemanticAnalyzer: Starting caching scope for: alex_20240430204851_1e4585c1-c69d-480f-87fa-94186edc5628
2024-04-30T20:48:52,029  INFO [main] HiveMetaStore.audit: ugi=alex	ip=unknown-ip-addr	cmd=get_table : tbl=hive.default.junit_unparted_alltypes	
2024-04-30T20:48:52,075  INFO [main] metastore.HMSHandler: Skipping translation for processor with null
2024-04-30T20:48:52,077  INFO [main] parse.LoadSemanticAnalyzer: Ending caching scope for: alex_20240430204851_1e4585c1-c69d-480f-87fa-94186edc5628
2024-04-30T20:48:52,077  INFO [main] ql.Driver: Semantic Analysis Completed (retrial = false)
2024-04-30T20:48:52,077  INFO [main] ql.Driver: Created Hive schema: Schema(fieldSchemas:null, properties:null)
2024-04-30T20:48:52,077  INFO [main] metadata.Hive: Dumping metastore api call timing information for : compilation phase
2024-04-30T20:48:52,077  INFO [main] metadata.Hive: Total time spent in each metastore function (ms): {isCompatibleWith_(Configuration)=1, getTable_(GetTableRequest)=47, flushCache_()=0}
2024-04-30T20:48:52,077  INFO [main] ql.Driver: Completed compiling command(queryId=alex_20240430204851_1e4585c1-c69d-480f-87fa-94186edc5628); Time taken: 0.049 seconds
2024-04-30T20:48:52,077  INFO [main] reexec.ReExecDriver: Execution #1 of query
2024-04-30T20:48:52,078  INFO [main] ql.Driver: Concurrency mode is disabled, not creating a lock manager
2024-04-30T20:48:52,078  INFO [main] ql.Driver: Executing command(queryId=alex_20240430204851_1e4585c1-c69d-480f-87fa-94186edc5628): load data local inpath '/home/alex/Repositories/hive/hcatalog/hcatalog-pig-adapter/build/test/data/org.apache.hive.hcatalog.mapreduce.HCatBaseTest-1714535317310/alltypes.input.data' into table junit_unparted_alltypes
2024-04-30T20:48:52,078  INFO [main] ql.Driver: Starting task [Stage-0:MOVE] in serial mode
Loading data to table default.junit_unparted_alltypes
2024-04-30T20:48:52,078  INFO [main] exec.Task: Loading data to table default.junit_unparted_alltypes from file:/home/alex/Repositories/hive/hcatalog/hcatalog-pig-adapter/build/test/data/org.apache.hive.hcatalog.mapreduce.HCatBaseTest-1714535317310/alltypes.input.data
2024-04-30T20:48:52,078  INFO [main] HiveMetaStore.audit: ugi=alex	ip=unknown-ip-addr	cmd=get_table : tbl=hive.default.junit_unparted_alltypes	
2024-04-30T20:48:52,088  INFO [main] metastore.HMSHandler: Skipping translation for processor with null
2024-04-30T20:48:52,089  INFO [main] HiveMetaStore.audit: ugi=alex	ip=unknown-ip-addr	cmd=get_table : tbl=hive.default.junit_unparted_alltypes	
2024-04-30T20:48:52,098  INFO [main] metastore.HMSHandler: Skipping translation for processor with null
2024-04-30T20:48:52,106  WARN [main] metadata.Hive: Cannot get a table snapshot for junit_unparted_alltypes
2024-04-30T20:48:52,106  INFO [main] HiveMetaStore.audit: ugi=alex	ip=unknown-ip-addr	cmd=alter_table: hive.default.junit_unparted_alltypes newtbl=junit_unparted_alltypes	
2024-04-30T20:48:52,129  INFO [main] ql.Driver: Starting task [Stage-1:STATS] in serial mode
2024-04-30T20:48:52,129  INFO [main] HiveMetaStore.audit: ugi=alex	ip=unknown-ip-addr	cmd=get_table : tbl=hive.default.junit_unparted_alltypes	
2024-04-30T20:48:52,138  INFO [main] metastore.HMSHandler: Skipping translation for processor with null
2024-04-30T20:48:52,138  INFO [main] stats.BasicStatsTask: Executing stats task
2024-04-30T20:48:52,138  INFO [main] HiveMetaStore.audit: ugi=alex	ip=unknown-ip-addr	cmd=get_table : tbl=hive.default.junit_unparted_alltypes	
2024-04-30T20:48:52,147  INFO [main] metastore.HMSHandler: Skipping translation for processor with null
2024-04-30T20:48:52,149  WARN [main] metadata.Hive: Cannot get a table snapshot for junit_unparted_alltypes
2024-04-30T20:48:52,149  INFO [main] HiveMetaStore.audit: ugi=alex	ip=unknown-ip-addr	cmd=alter_table: hive.default.junit_unparted_alltypes newtbl=junit_unparted_alltypes	
2024-04-30T20:48:52,173  INFO [main] stats.BasicStatsTask: Table default.junit_unparted_alltypes stats: [numFiles=1, numRows=0, totalSize=329, rawDataSize=0, numFilesErasureCoded=0]
2024-04-30T20:48:52,173  INFO [main] metadata.Hive: Dumping metastore api call timing information for : execution phase
2024-04-30T20:48:52,173  INFO [main] metadata.Hive: Total time spent in each metastore function (ms): {isCompatibleWith_(Configuration)=0, getTable_(GetTableRequest)=38, alter_table_(String, String, String, Table, EnvironmentContext, String)=47}
2024-04-30T20:48:52,173  INFO [main] ql.Driver: Completed executing command(queryId=alex_20240430204851_1e4585c1-c69d-480f-87fa-94186edc5628); Time taken: 0.095 seconds
2024-04-30T20:48:52,199  INFO [main] executionengine.HExecutionEngine: Connecting to hadoop file system at: file:///
2024-04-30T20:48:52,200  INFO [main] pig.PigServer: Pig Script ID for the session: PIG-default-ffadcd18-6abc-46b2-b502-255599a064fa
2024-04-30T20:48:52,407  WARN [main] conf.HiveConf: HiveConf of name hive.llap.io.cache.orc.size does not exist
2024-04-30T20:48:52,407  WARN [main] conf.HiveConf: HiveConf of name hive.dummyparam.test.server.specific.config.override does not exist
2024-04-30T20:48:52,407  WARN [main] conf.HiveConf: HiveConf of name hive.metastore.metadb.dir does not exist
2024-04-30T20:48:52,407  WARN [main] conf.HiveConf: HiveConf of name hive.llap.io.cache.orc.alloc.min does not exist
2024-04-30T20:48:52,408  WARN [main] conf.HiveConf: HiveConf of name hive.dummyparam.test.server.specific.config.hivesite does not exist
2024-04-30T20:48:52,408  WARN [main] conf.HiveConf: HiveConf of name hive.llap.io.cache.orc.alloc.max does not exist
2024-04-30T20:48:52,408  WARN [main] conf.HiveConf: HiveConf of name hive.metastore.client.cache.maxSize does not exist
2024-04-30T20:48:52,408  WARN [main] conf.HiveConf: HiveConf of name hive.dummyparam.test.server.specific.config.metastoresite does not exist
2024-04-30T20:48:52,408  WARN [main] conf.HiveConf: HiveConf of name hive.metastore.client.cache.recordStats does not exist
2024-04-30T20:48:52,408  WARN [main] conf.HiveConf: HiveConf of name hive.llap.io.cache.orc.arena.size does not exist
2024-04-30T20:48:52,408  WARN [main] conf.HiveConf: HiveConf of name hive.stats.key.prefix.reserve.length does not exist
2024-04-30T20:48:52,408  INFO [main] common.HCatUtil: mapreduce.lib.hcatoutput.hive.conf not set. Generating configuration differences.
2024-04-30T20:48:52,409  INFO [main] common.HCatUtil: Configuration differences={datanucleus.connectionPool.maxPoolSize=4, hive.llap.io.cache.orc.alloc.max=2097152, javax.jdo.option.ConnectionUserName=APP, test.property1=value1, hive.stats.column.autogather=true, hive.query.results.cache.enabled=false, fs.pfile.impl=org.apache.hadoop.fs.ProxyLocalFileSystem, hive.querylog.location=${test.tmp.dir}/tmp, hive.metastore.rawstore.impl=org.apache.hadoop.hive.metastore.ObjectStore, hive.llap.io.use.lrfu=true, javax.jdo.option.ConnectionPassword=mine, hive.jar.path=${maven.local.repository}/org/apache/hive/hive-exec/${hive.version}/hive-exec-${hive.version}.jar, hive.default.rcfile.serde=org.apache.hadoop.hive.serde2.columnar.ColumnarSerDe, datanucleus.schema.autoCreateAll=true, test.data.scripts=${hive.root}/data/scripts, hive.users.in.admin.role=hive_admin_user, hive.llap.io.cache.orc.size=8388608, test.var.hiveconf.property=${hive.exec.default.partition.name}, hive.dummyparam.test.server.specific.config.hivesite=from.hive-site.xml, hive.exec.mode.local.auto=false, hive.materializedview.rewriting=true, hive.dummyparam.test.server.specific.config.override=from.hive-site.xml, hive.fetch.task.conversion=minimal, hive.metastore.metadb.dir=file://${test.tmp.dir}/metadb/, hive.conf.restricted.list=dummy.config.value, hive.server2.operation.log.purgePolicy.timeToLive=5s, hive.query.reexecution.stats.persist.scope=query, hive.cbo.fallback.strategy=TEST, hive.input.format=org.apache.hadoop.hive.ql.io.CombineHiveInputFormat, hive.security.authorization.manager=org.apache.hadoop.hive.ql.security.authorization.plugin.sqlstd.SQLStdHiveAuthorizerFactoryForTest, test.data.files=${hive.root}/data/files, hive.metastore.client.cache.enabled=true, hive.stats.key.prefix.reserve.length=0, hive.exec.local.scratchdir=${test.tmp.dir}/localscratchdir/, hive.exec.submit.local.task.via.child=false, hive.auto.convert.join=false, hive.llap.io.cache.orc.alloc.min=32768, hive.stats.fetch.bitvector=true, hive.llap.io.allocator.direct=false, hive.metastore.schema.verification=false, javax.jdo.option.ConnectionDriverName=org.apache.derby.jdbc.EmbeddedDriver, hive.support.concurrency=true, hive.in.test=true, hive.metastore.warehouse.dir=${test.warehouse.dir}, hive.llap.io.cache.orc.arena.size=8388608, hive.exec.scratchdir=${test.tmp.dir}/scratchdir, test.log.dir=${test.tmp.dir}/log/, hive.exec.post.hooks=org.apache.hadoop.hive.ql.hooks.PostExecutePrinter, javax.jdo.option.ConnectionURL=jdbc:derby:memory:${test.tmp.dir}/junit_metastore_db;create=true, hive.llap.cache.allow.synthetic.fileid=true, hive.scheduled.queries.executor.enabled=false, hive.ignore.mapjoin.hint=false, hive.metastore.client.cache.maxSize=10Mb, hive.metastore.client.cache.recordStats=true, hive.mapjoin.max.gc.time.percentage=0.99, hive.test.dummystats.aggregator=value2, hive.exec.pre.hooks=org.apache.hadoop.hive.ql.hooks.PreExecutePrinter, org.apache.hadoop.hive.ql.hooks.EnforceReadOnlyTables, org.apache.hadoop.hive.ql.hooks.MaterializedViewRegistryPropertiesHook, iceberg.hive.keep.stats=true, hive.strict.timestamp.conversion=false}
2024-04-30T20:48:52,410  INFO [main] HiveMetaStore.audit: ugi=alex	ip=unknown-ip-addr	cmd=get_databases: @hive#NonExistentDatabaseUsedForHealthCheck	
2024-04-30T20:48:52,414  INFO [main] HiveMetaStore.audit: ugi=alex	ip=unknown-ip-addr	cmd=get_table : tbl=hive.default.junit_unparted_basic	
2024-04-30T20:48:52,420  INFO [main] metastore.HMSHandler: Skipping translation for processor with null
2024-04-30T20:48:52,442  WARN [main] conf.HiveConf: HiveConf of name hive.llap.io.cache.orc.size does not exist
2024-04-30T20:48:52,443  WARN [main] conf.HiveConf: HiveConf of name hive.dummyparam.test.server.specific.config.override does not exist
2024-04-30T20:48:52,443  WARN [main] conf.HiveConf: HiveConf of name hive.metastore.metadb.dir does not exist
2024-04-30T20:48:52,443  WARN [main] conf.HiveConf: HiveConf of name hive.llap.io.cache.orc.alloc.min does not exist
2024-04-30T20:48:52,443  WARN [main] conf.HiveConf: HiveConf of name hive.dummyparam.test.server.specific.config.hivesite does not exist
2024-04-30T20:48:52,443  WARN [main] conf.HiveConf: HiveConf of name hive.llap.io.cache.orc.alloc.max does not exist
2024-04-30T20:48:52,443  WARN [main] conf.HiveConf: HiveConf of name hive.metastore.client.cache.maxSize does not exist
2024-04-30T20:48:52,443  WARN [main] conf.HiveConf: HiveConf of name hive.dummyparam.test.server.specific.config.metastoresite does not exist
2024-04-30T20:48:52,443  WARN [main] conf.HiveConf: HiveConf of name hive.metastore.client.cache.recordStats does not exist
2024-04-30T20:48:52,443  WARN [main] conf.HiveConf: HiveConf of name hive.llap.io.cache.orc.arena.size does not exist
2024-04-30T20:48:52,443  WARN [main] conf.HiveConf: HiveConf of name hive.stats.key.prefix.reserve.length does not exist
2024-04-30T20:48:52,443  INFO [main] common.HCatUtil: mapreduce.lib.hcatoutput.hive.conf is set. Applying configuration differences.
2024-04-30T20:48:52,444  INFO [main] HiveMetaStore.audit: ugi=alex	ip=unknown-ip-addr	cmd=get_databases: @hive#NonExistentDatabaseUsedForHealthCheck	
2024-04-30T20:48:52,460  WARN [main] conf.HiveConf: HiveConf of name hive.llap.io.cache.orc.size does not exist
2024-04-30T20:48:52,461  WARN [main] conf.HiveConf: HiveConf of name hive.dummyparam.test.server.specific.config.override does not exist
2024-04-30T20:48:52,461  WARN [main] conf.HiveConf: HiveConf of name hive.metastore.metadb.dir does not exist
2024-04-30T20:48:52,461  WARN [main] conf.HiveConf: HiveConf of name hive.llap.io.cache.orc.alloc.min does not exist
2024-04-30T20:48:52,461  WARN [main] conf.HiveConf: HiveConf of name hive.dummyparam.test.server.specific.config.hivesite does not exist
2024-04-30T20:48:52,461  WARN [main] conf.HiveConf: HiveConf of name hive.llap.io.cache.orc.alloc.max does not exist
2024-04-30T20:48:52,461  WARN [main] conf.HiveConf: HiveConf of name hive.metastore.client.cache.maxSize does not exist
2024-04-30T20:48:52,461  WARN [main] conf.HiveConf: HiveConf of name hive.dummyparam.test.server.specific.config.metastoresite does not exist
2024-04-30T20:48:52,461  WARN [main] conf.HiveConf: HiveConf of name hive.metastore.client.cache.recordStats does not exist
2024-04-30T20:48:52,461  WARN [main] conf.HiveConf: HiveConf of name hive.llap.io.cache.orc.arena.size does not exist
2024-04-30T20:48:52,461  WARN [main] conf.HiveConf: HiveConf of name hive.stats.key.prefix.reserve.length does not exist
2024-04-30T20:48:52,461  INFO [main] common.HCatUtil: mapreduce.lib.hcatoutput.hive.conf not set. Generating configuration differences.
2024-04-30T20:48:52,462  INFO [main] common.HCatUtil: Configuration differences={datanucleus.connectionPool.maxPoolSize=4, hive.llap.io.cache.orc.alloc.max=2097152, javax.jdo.option.ConnectionUserName=APP, test.property1=value1, hive.stats.column.autogather=true, hive.query.results.cache.enabled=false, fs.pfile.impl=org.apache.hadoop.fs.ProxyLocalFileSystem, hive.querylog.location=${test.tmp.dir}/tmp, hive.metastore.rawstore.impl=org.apache.hadoop.hive.metastore.ObjectStore, hive.llap.io.use.lrfu=true, javax.jdo.option.ConnectionPassword=mine, hive.jar.path=${maven.local.repository}/org/apache/hive/hive-exec/${hive.version}/hive-exec-${hive.version}.jar, hive.default.rcfile.serde=org.apache.hadoop.hive.serde2.columnar.ColumnarSerDe, datanucleus.schema.autoCreateAll=true, test.data.scripts=${hive.root}/data/scripts, hive.users.in.admin.role=hive_admin_user, hive.llap.io.cache.orc.size=8388608, test.var.hiveconf.property=${hive.exec.default.partition.name}, hive.dummyparam.test.server.specific.config.hivesite=from.hive-site.xml, hive.exec.mode.local.auto=false, hive.materializedview.rewriting=true, hive.dummyparam.test.server.specific.config.override=from.hive-site.xml, hive.fetch.task.conversion=minimal, hive.metastore.metadb.dir=file://${test.tmp.dir}/metadb/, hive.conf.restricted.list=dummy.config.value, hive.server2.operation.log.purgePolicy.timeToLive=5s, hive.query.reexecution.stats.persist.scope=query, hive.cbo.fallback.strategy=TEST, hive.input.format=org.apache.hadoop.hive.ql.io.CombineHiveInputFormat, hive.security.authorization.manager=org.apache.hadoop.hive.ql.security.authorization.plugin.sqlstd.SQLStdHiveAuthorizerFactoryForTest, test.data.files=${hive.root}/data/files, hive.metastore.client.cache.enabled=true, hive.stats.key.prefix.reserve.length=0, hive.exec.local.scratchdir=${test.tmp.dir}/localscratchdir/, hive.exec.submit.local.task.via.child=false, hive.auto.convert.join=false, hive.llap.io.cache.orc.alloc.min=32768, hive.stats.fetch.bitvector=true, hive.llap.io.allocator.direct=false, hive.metastore.schema.verification=false, javax.jdo.option.ConnectionDriverName=org.apache.derby.jdbc.EmbeddedDriver, hive.support.concurrency=true, hive.in.test=true, hive.metastore.warehouse.dir=${test.warehouse.dir}, hive.llap.io.cache.orc.arena.size=8388608, hive.exec.scratchdir=${test.tmp.dir}/scratchdir, test.log.dir=${test.tmp.dir}/log/, hive.exec.post.hooks=org.apache.hadoop.hive.ql.hooks.PostExecutePrinter, javax.jdo.option.ConnectionURL=jdbc:derby:memory:${test.tmp.dir}/junit_metastore_db;create=true, hive.llap.cache.allow.synthetic.fileid=true, hive.scheduled.queries.executor.enabled=false, hive.ignore.mapjoin.hint=false, hive.metastore.client.cache.maxSize=10Mb, hive.metastore.client.cache.recordStats=true, hive.mapjoin.max.gc.time.percentage=0.99, hive.test.dummystats.aggregator=value2, hive.exec.pre.hooks=org.apache.hadoop.hive.ql.hooks.PreExecutePrinter, org.apache.hadoop.hive.ql.hooks.EnforceReadOnlyTables, org.apache.hadoop.hive.ql.hooks.MaterializedViewRegistryPropertiesHook, iceberg.hive.keep.stats=true, hive.strict.timestamp.conversion=false}
2024-04-30T20:48:52,463  INFO [main] HiveMetaStore.audit: ugi=alex	ip=unknown-ip-addr	cmd=get_databases: @hive#NonExistentDatabaseUsedForHealthCheck	
2024-04-30T20:48:52,465  INFO [main] HiveMetaStore.audit: ugi=alex	ip=unknown-ip-addr	cmd=get_table : tbl=hive.default.junit_specific_size	
2024-04-30T20:48:52,473  INFO [main] metastore.HMSHandler: Skipping translation for processor with null
2024-04-30T20:48:52,504  WARN [main] conf.HiveConf: HiveConf of name hive.llap.io.cache.orc.size does not exist
2024-04-30T20:48:52,504  WARN [main] conf.HiveConf: HiveConf of name hive.dummyparam.test.server.specific.config.override does not exist
2024-04-30T20:48:52,504  WARN [main] conf.HiveConf: HiveConf of name hive.metastore.metadb.dir does not exist
2024-04-30T20:48:52,504  WARN [main] conf.HiveConf: HiveConf of name hive.llap.io.cache.orc.alloc.min does not exist
2024-04-30T20:48:52,504  WARN [main] conf.HiveConf: HiveConf of name hive.dummyparam.test.server.specific.config.hivesite does not exist
2024-04-30T20:48:52,504  WARN [main] conf.HiveConf: HiveConf of name hive.llap.io.cache.orc.alloc.max does not exist
2024-04-30T20:48:52,504  WARN [main] conf.HiveConf: HiveConf of name hive.metastore.client.cache.maxSize does not exist
2024-04-30T20:48:52,504  WARN [main] conf.HiveConf: HiveConf of name hive.dummyparam.test.server.specific.config.metastoresite does not exist
2024-04-30T20:48:52,504  WARN [main] conf.HiveConf: HiveConf of name hive.metastore.client.cache.recordStats does not exist
2024-04-30T20:48:52,505  WARN [main] conf.HiveConf: HiveConf of name hive.llap.io.cache.orc.arena.size does not exist
2024-04-30T20:48:52,505  WARN [main] conf.HiveConf: HiveConf of name hive.stats.key.prefix.reserve.length does not exist
2024-04-30T20:48:52,505  INFO [main] common.HCatUtil: mapreduce.lib.hcatoutput.hive.conf is set. Applying configuration differences.
2024-04-30T20:48:52,505  INFO [main] HiveMetaStore.audit: ugi=alex	ip=unknown-ip-addr	cmd=get_databases: @hive#NonExistentDatabaseUsedForHealthCheck	
2024-04-30T20:48:52,526  WARN [main] conf.HiveConf: HiveConf of name hive.llap.io.cache.orc.size does not exist
2024-04-30T20:48:52,526  WARN [main] conf.HiveConf: HiveConf of name hive.dummyparam.test.server.specific.config.override does not exist
2024-04-30T20:48:52,526  WARN [main] conf.HiveConf: HiveConf of name hive.metastore.metadb.dir does not exist
2024-04-30T20:48:52,526  WARN [main] conf.HiveConf: HiveConf of name hive.llap.io.cache.orc.alloc.min does not exist
2024-04-30T20:48:52,526  WARN [main] conf.HiveConf: HiveConf of name hive.dummyparam.test.server.specific.config.hivesite does not exist
2024-04-30T20:48:52,526  WARN [main] conf.HiveConf: HiveConf of name hive.llap.io.cache.orc.alloc.max does not exist
2024-04-30T20:48:52,526  WARN [main] conf.HiveConf: HiveConf of name hive.metastore.client.cache.maxSize does not exist
2024-04-30T20:48:52,527  WARN [main] conf.HiveConf: HiveConf of name hive.dummyparam.test.server.specific.config.metastoresite does not exist
2024-04-30T20:48:52,527  WARN [main] conf.HiveConf: HiveConf of name hive.metastore.client.cache.recordStats does not exist
2024-04-30T20:48:52,527  WARN [main] conf.HiveConf: HiveConf of name hive.llap.io.cache.orc.arena.size does not exist
2024-04-30T20:48:52,527  WARN [main] conf.HiveConf: HiveConf of name hive.stats.key.prefix.reserve.length does not exist
2024-04-30T20:48:52,527  INFO [main] common.HCatUtil: mapreduce.lib.hcatoutput.hive.conf not set. Generating configuration differences.
2024-04-30T20:48:52,528  INFO [main] common.HCatUtil: Configuration differences={datanucleus.connectionPool.maxPoolSize=4, hive.llap.io.cache.orc.alloc.max=2097152, javax.jdo.option.ConnectionUserName=APP, test.property1=value1, hive.stats.column.autogather=true, hive.query.results.cache.enabled=false, fs.pfile.impl=org.apache.hadoop.fs.ProxyLocalFileSystem, hive.querylog.location=${test.tmp.dir}/tmp, hive.metastore.rawstore.impl=org.apache.hadoop.hive.metastore.ObjectStore, hive.llap.io.use.lrfu=true, javax.jdo.option.ConnectionPassword=mine, hive.jar.path=${maven.local.repository}/org/apache/hive/hive-exec/${hive.version}/hive-exec-${hive.version}.jar, hive.default.rcfile.serde=org.apache.hadoop.hive.serde2.columnar.ColumnarSerDe, datanucleus.schema.autoCreateAll=true, test.data.scripts=${hive.root}/data/scripts, hive.users.in.admin.role=hive_admin_user, hive.llap.io.cache.orc.size=8388608, test.var.hiveconf.property=${hive.exec.default.partition.name}, hive.dummyparam.test.server.specific.config.hivesite=from.hive-site.xml, hive.exec.mode.local.auto=false, hive.materializedview.rewriting=true, hive.dummyparam.test.server.specific.config.override=from.hive-site.xml, hive.fetch.task.conversion=minimal, hive.metastore.metadb.dir=file://${test.tmp.dir}/metadb/, hive.conf.restricted.list=dummy.config.value, hive.server2.operation.log.purgePolicy.timeToLive=5s, hive.query.reexecution.stats.persist.scope=query, hive.cbo.fallback.strategy=TEST, hive.input.format=org.apache.hadoop.hive.ql.io.CombineHiveInputFormat, hive.security.authorization.manager=org.apache.hadoop.hive.ql.security.authorization.plugin.sqlstd.SQLStdHiveAuthorizerFactoryForTest, test.data.files=${hive.root}/data/files, hive.metastore.client.cache.enabled=true, hive.stats.key.prefix.reserve.length=0, hive.exec.local.scratchdir=${test.tmp.dir}/localscratchdir/, hive.exec.submit.local.task.via.child=false, hive.auto.convert.join=false, hive.llap.io.cache.orc.alloc.min=32768, hive.stats.fetch.bitvector=true, hive.llap.io.allocator.direct=false, hive.metastore.schema.verification=false, javax.jdo.option.ConnectionDriverName=org.apache.derby.jdbc.EmbeddedDriver, hive.support.concurrency=true, hive.in.test=true, hive.metastore.warehouse.dir=${test.warehouse.dir}, hive.llap.io.cache.orc.arena.size=8388608, hive.exec.scratchdir=${test.tmp.dir}/scratchdir, test.log.dir=${test.tmp.dir}/log/, hive.exec.post.hooks=org.apache.hadoop.hive.ql.hooks.PostExecutePrinter, javax.jdo.option.ConnectionURL=jdbc:derby:memory:${test.tmp.dir}/junit_metastore_db;create=true, hive.llap.cache.allow.synthetic.fileid=true, hive.scheduled.queries.executor.enabled=false, hive.ignore.mapjoin.hint=false, hive.metastore.client.cache.maxSize=10Mb, hive.metastore.client.cache.recordStats=true, hive.mapjoin.max.gc.time.percentage=0.99, hive.test.dummystats.aggregator=value2, hive.exec.pre.hooks=org.apache.hadoop.hive.ql.hooks.PreExecutePrinter, org.apache.hadoop.hive.ql.hooks.EnforceReadOnlyTables, org.apache.hadoop.hive.ql.hooks.MaterializedViewRegistryPropertiesHook, iceberg.hive.keep.stats=true, hive.strict.timestamp.conversion=false}
2024-04-30T20:48:52,530  INFO [main] HiveMetaStore.audit: ugi=alex	ip=unknown-ip-addr	cmd=get_databases: @hive#NonExistentDatabaseUsedForHealthCheck	
2024-04-30T20:48:52,531  INFO [main] HiveMetaStore.audit: ugi=alex	ip=unknown-ip-addr	cmd=get_table : tbl=hive.junit_specific_db.junit_specific_size2	
2024-04-30T20:48:52,538  INFO [main] metastore.HMSHandler: Skipping translation for processor with null
2024-04-30T20:48:52,562  WARN [main] conf.HiveConf: HiveConf of name hive.llap.io.cache.orc.size does not exist
2024-04-30T20:48:52,562  WARN [main] conf.HiveConf: HiveConf of name hive.dummyparam.test.server.specific.config.override does not exist
2024-04-30T20:48:52,562  WARN [main] conf.HiveConf: HiveConf of name hive.metastore.metadb.dir does not exist
2024-04-30T20:48:52,562  WARN [main] conf.HiveConf: HiveConf of name hive.llap.io.cache.orc.alloc.min does not exist
2024-04-30T20:48:52,562  WARN [main] conf.HiveConf: HiveConf of name hive.dummyparam.test.server.specific.config.hivesite does not exist
2024-04-30T20:48:52,562  WARN [main] conf.HiveConf: HiveConf of name hive.llap.io.cache.orc.alloc.max does not exist
2024-04-30T20:48:52,562  WARN [main] conf.HiveConf: HiveConf of name hive.metastore.client.cache.maxSize does not exist
2024-04-30T20:48:52,562  WARN [main] conf.HiveConf: HiveConf of name hive.dummyparam.test.server.specific.config.metastoresite does not exist
2024-04-30T20:48:52,562  WARN [main] conf.HiveConf: HiveConf of name hive.metastore.client.cache.recordStats does not exist
2024-04-30T20:48:52,562  WARN [main] conf.HiveConf: HiveConf of name hive.llap.io.cache.orc.arena.size does not exist
2024-04-30T20:48:52,562  WARN [main] conf.HiveConf: HiveConf of name hive.stats.key.prefix.reserve.length does not exist
2024-04-30T20:48:52,562  INFO [main] common.HCatUtil: mapreduce.lib.hcatoutput.hive.conf is set. Applying configuration differences.
2024-04-30T20:48:52,563  INFO [main] HiveMetaStore.audit: ugi=alex	ip=unknown-ip-addr	cmd=get_databases: @hive#NonExistentDatabaseUsedForHealthCheck	
2024-04-30T20:48:52,581  WARN [main] conf.HiveConf: HiveConf of name hive.llap.io.cache.orc.size does not exist
2024-04-30T20:48:52,581  WARN [main] conf.HiveConf: HiveConf of name hive.dummyparam.test.server.specific.config.override does not exist
2024-04-30T20:48:52,581  WARN [main] conf.HiveConf: HiveConf of name hive.metastore.metadb.dir does not exist
2024-04-30T20:48:52,581  WARN [main] conf.HiveConf: HiveConf of name hive.llap.io.cache.orc.alloc.min does not exist
2024-04-30T20:48:52,581  WARN [main] conf.HiveConf: HiveConf of name hive.dummyparam.test.server.specific.config.hivesite does not exist
2024-04-30T20:48:52,581  WARN [main] conf.HiveConf: HiveConf of name hive.llap.io.cache.orc.alloc.max does not exist
2024-04-30T20:48:52,581  WARN [main] conf.HiveConf: HiveConf of name hive.metastore.client.cache.maxSize does not exist
2024-04-30T20:48:52,581  WARN [main] conf.HiveConf: HiveConf of name hive.dummyparam.test.server.specific.config.metastoresite does not exist
2024-04-30T20:48:52,581  WARN [main] conf.HiveConf: HiveConf of name hive.metastore.client.cache.recordStats does not exist
2024-04-30T20:48:52,581  WARN [main] conf.HiveConf: HiveConf of name hive.llap.io.cache.orc.arena.size does not exist
2024-04-30T20:48:52,581  WARN [main] conf.HiveConf: HiveConf of name hive.stats.key.prefix.reserve.length does not exist
2024-04-30T20:48:52,581  INFO [main] common.HCatUtil: mapreduce.lib.hcatoutput.hive.conf not set. Generating configuration differences.
2024-04-30T20:48:52,582  INFO [main] common.HCatUtil: Configuration differences={datanucleus.connectionPool.maxPoolSize=4, hive.llap.io.cache.orc.alloc.max=2097152, javax.jdo.option.ConnectionUserName=APP, test.property1=value1, hive.stats.column.autogather=true, hive.query.results.cache.enabled=false, fs.pfile.impl=org.apache.hadoop.fs.ProxyLocalFileSystem, hive.querylog.location=${test.tmp.dir}/tmp, hive.metastore.rawstore.impl=org.apache.hadoop.hive.metastore.ObjectStore, hive.llap.io.use.lrfu=true, javax.jdo.option.ConnectionPassword=mine, hive.jar.path=${maven.local.repository}/org/apache/hive/hive-exec/${hive.version}/hive-exec-${hive.version}.jar, hive.default.rcfile.serde=org.apache.hadoop.hive.serde2.columnar.ColumnarSerDe, datanucleus.schema.autoCreateAll=true, test.data.scripts=${hive.root}/data/scripts, hive.users.in.admin.role=hive_admin_user, hive.llap.io.cache.orc.size=8388608, test.var.hiveconf.property=${hive.exec.default.partition.name}, hive.dummyparam.test.server.specific.config.hivesite=from.hive-site.xml, hive.exec.mode.local.auto=false, hive.materializedview.rewriting=true, hive.dummyparam.test.server.specific.config.override=from.hive-site.xml, hive.fetch.task.conversion=minimal, hive.metastore.metadb.dir=file://${test.tmp.dir}/metadb/, hive.conf.restricted.list=dummy.config.value, hive.server2.operation.log.purgePolicy.timeToLive=5s, hive.query.reexecution.stats.persist.scope=query, hive.cbo.fallback.strategy=TEST, hive.input.format=org.apache.hadoop.hive.ql.io.CombineHiveInputFormat, hive.security.authorization.manager=org.apache.hadoop.hive.ql.security.authorization.plugin.sqlstd.SQLStdHiveAuthorizerFactoryForTest, test.data.files=${hive.root}/data/files, hive.metastore.client.cache.enabled=true, hive.stats.key.prefix.reserve.length=0, hive.exec.local.scratchdir=${test.tmp.dir}/localscratchdir/, hive.exec.submit.local.task.via.child=false, hive.auto.convert.join=false, hive.llap.io.cache.orc.alloc.min=32768, hive.stats.fetch.bitvector=true, hive.llap.io.allocator.direct=false, hive.metastore.schema.verification=false, javax.jdo.option.ConnectionDriverName=org.apache.derby.jdbc.EmbeddedDriver, hive.support.concurrency=true, hive.in.test=true, hive.metastore.warehouse.dir=${test.warehouse.dir}, hive.llap.io.cache.orc.arena.size=8388608, hive.exec.scratchdir=${test.tmp.dir}/scratchdir, test.log.dir=${test.tmp.dir}/log/, hive.exec.post.hooks=org.apache.hadoop.hive.ql.hooks.PostExecutePrinter, javax.jdo.option.ConnectionURL=jdbc:derby:memory:${test.tmp.dir}/junit_metastore_db;create=true, hive.llap.cache.allow.synthetic.fileid=true, hive.scheduled.queries.executor.enabled=false, hive.ignore.mapjoin.hint=false, hive.metastore.client.cache.maxSize=10Mb, hive.metastore.client.cache.recordStats=true, hive.mapjoin.max.gc.time.percentage=0.99, hive.test.dummystats.aggregator=value2, hive.exec.pre.hooks=org.apache.hadoop.hive.ql.hooks.PreExecutePrinter, org.apache.hadoop.hive.ql.hooks.EnforceReadOnlyTables, org.apache.hadoop.hive.ql.hooks.MaterializedViewRegistryPropertiesHook, iceberg.hive.keep.stats=true, hive.strict.timestamp.conversion=false}
2024-04-30T20:48:52,583  INFO [main] HiveMetaStore.audit: ugi=alex	ip=unknown-ip-addr	cmd=get_databases: @hive#NonExistentDatabaseUsedForHealthCheck	
2024-04-30T20:48:52,585  INFO [main] HiveMetaStore.audit: ugi=alex	ip=unknown-ip-addr	cmd=get_table : tbl=hive.default.junit_parted_basic	
2024-04-30T20:48:52,591  INFO [main] metastore.HMSHandler: Skipping translation for processor with null
2024-04-30T20:48:52,613  WARN [main] conf.HiveConf: HiveConf of name hive.llap.io.cache.orc.size does not exist
2024-04-30T20:48:52,613  WARN [main] conf.HiveConf: HiveConf of name hive.dummyparam.test.server.specific.config.override does not exist
2024-04-30T20:48:52,613  WARN [main] conf.HiveConf: HiveConf of name hive.metastore.metadb.dir does not exist
2024-04-30T20:48:52,613  WARN [main] conf.HiveConf: HiveConf of name hive.llap.io.cache.orc.alloc.min does not exist
2024-04-30T20:48:52,613  WARN [main] conf.HiveConf: HiveConf of name hive.dummyparam.test.server.specific.config.hivesite does not exist
2024-04-30T20:48:52,613  WARN [main] conf.HiveConf: HiveConf of name hive.llap.io.cache.orc.alloc.max does not exist
2024-04-30T20:48:52,613  WARN [main] conf.HiveConf: HiveConf of name hive.metastore.client.cache.maxSize does not exist
2024-04-30T20:48:52,613  WARN [main] conf.HiveConf: HiveConf of name hive.dummyparam.test.server.specific.config.metastoresite does not exist
2024-04-30T20:48:52,613  WARN [main] conf.HiveConf: HiveConf of name hive.metastore.client.cache.recordStats does not exist
2024-04-30T20:48:52,613  WARN [main] conf.HiveConf: HiveConf of name hive.llap.io.cache.orc.arena.size does not exist
2024-04-30T20:48:52,613  WARN [main] conf.HiveConf: HiveConf of name hive.stats.key.prefix.reserve.length does not exist
2024-04-30T20:48:52,613  INFO [main] common.HCatUtil: mapreduce.lib.hcatoutput.hive.conf is set. Applying configuration differences.
2024-04-30T20:48:52,614  INFO [main] HiveMetaStore.audit: ugi=alex	ip=unknown-ip-addr	cmd=get_databases: @hive#NonExistentDatabaseUsedForHealthCheck	
2024-04-30T20:48:52,630  WARN [main] conf.HiveConf: HiveConf of name hive.llap.io.cache.orc.size does not exist
2024-04-30T20:48:52,631  WARN [main] conf.HiveConf: HiveConf of name hive.dummyparam.test.server.specific.config.override does not exist
2024-04-30T20:48:52,631  WARN [main] conf.HiveConf: HiveConf of name hive.metastore.metadb.dir does not exist
2024-04-30T20:48:52,631  WARN [main] conf.HiveConf: HiveConf of name hive.llap.io.cache.orc.alloc.min does not exist
2024-04-30T20:48:52,631  WARN [main] conf.HiveConf: HiveConf of name hive.dummyparam.test.server.specific.config.hivesite does not exist
2024-04-30T20:48:52,631  WARN [main] conf.HiveConf: HiveConf of name hive.llap.io.cache.orc.alloc.max does not exist
2024-04-30T20:48:52,631  WARN [main] conf.HiveConf: HiveConf of name hive.metastore.client.cache.maxSize does not exist
2024-04-30T20:48:52,631  WARN [main] conf.HiveConf: HiveConf of name hive.dummyparam.test.server.specific.config.metastoresite does not exist
2024-04-30T20:48:52,631  WARN [main] conf.HiveConf: HiveConf of name hive.metastore.client.cache.recordStats does not exist
2024-04-30T20:48:52,631  WARN [main] conf.HiveConf: HiveConf of name hive.llap.io.cache.orc.arena.size does not exist
2024-04-30T20:48:52,631  WARN [main] conf.HiveConf: HiveConf of name hive.stats.key.prefix.reserve.length does not exist
2024-04-30T20:48:52,631  INFO [main] common.HCatUtil: mapreduce.lib.hcatoutput.hive.conf not set. Generating configuration differences.
2024-04-30T20:48:52,632  INFO [main] common.HCatUtil: Configuration differences={datanucleus.connectionPool.maxPoolSize=4, hive.llap.io.cache.orc.alloc.max=2097152, javax.jdo.option.ConnectionUserName=APP, test.property1=value1, hive.stats.column.autogather=true, hive.query.results.cache.enabled=false, fs.pfile.impl=org.apache.hadoop.fs.ProxyLocalFileSystem, hive.querylog.location=${test.tmp.dir}/tmp, hive.metastore.rawstore.impl=org.apache.hadoop.hive.metastore.ObjectStore, hive.llap.io.use.lrfu=true, javax.jdo.option.ConnectionPassword=mine, hive.jar.path=${maven.local.repository}/org/apache/hive/hive-exec/${hive.version}/hive-exec-${hive.version}.jar, hive.default.rcfile.serde=org.apache.hadoop.hive.serde2.columnar.ColumnarSerDe, datanucleus.schema.autoCreateAll=true, test.data.scripts=${hive.root}/data/scripts, hive.users.in.admin.role=hive_admin_user, hive.llap.io.cache.orc.size=8388608, test.var.hiveconf.property=${hive.exec.default.partition.name}, hive.dummyparam.test.server.specific.config.hivesite=from.hive-site.xml, hive.exec.mode.local.auto=false, hive.materializedview.rewriting=true, hive.dummyparam.test.server.specific.config.override=from.hive-site.xml, hive.fetch.task.conversion=minimal, hive.metastore.metadb.dir=file://${test.tmp.dir}/metadb/, hive.conf.restricted.list=dummy.config.value, hive.server2.operation.log.purgePolicy.timeToLive=5s, hive.query.reexecution.stats.persist.scope=query, hive.cbo.fallback.strategy=TEST, hive.input.format=org.apache.hadoop.hive.ql.io.CombineHiveInputFormat, hive.security.authorization.manager=org.apache.hadoop.hive.ql.security.authorization.plugin.sqlstd.SQLStdHiveAuthorizerFactoryForTest, test.data.files=${hive.root}/data/files, hive.metastore.client.cache.enabled=true, hive.stats.key.prefix.reserve.length=0, hive.exec.local.scratchdir=${test.tmp.dir}/localscratchdir/, hive.exec.submit.local.task.via.child=false, hive.auto.convert.join=false, hive.llap.io.cache.orc.alloc.min=32768, hive.stats.fetch.bitvector=true, hive.llap.io.allocator.direct=false, hive.metastore.schema.verification=false, javax.jdo.option.ConnectionDriverName=org.apache.derby.jdbc.EmbeddedDriver, hive.support.concurrency=true, hive.in.test=true, hive.metastore.warehouse.dir=${test.warehouse.dir}, hive.llap.io.cache.orc.arena.size=8388608, hive.exec.scratchdir=${test.tmp.dir}/scratchdir, test.log.dir=${test.tmp.dir}/log/, hive.exec.post.hooks=org.apache.hadoop.hive.ql.hooks.PostExecutePrinter, javax.jdo.option.ConnectionURL=jdbc:derby:memory:${test.tmp.dir}/junit_metastore_db;create=true, hive.llap.cache.allow.synthetic.fileid=true, hive.scheduled.queries.executor.enabled=false, hive.ignore.mapjoin.hint=false, hive.metastore.client.cache.maxSize=10Mb, hive.metastore.client.cache.recordStats=true, hive.mapjoin.max.gc.time.percentage=0.99, hive.test.dummystats.aggregator=value2, hive.exec.pre.hooks=org.apache.hadoop.hive.ql.hooks.PreExecutePrinter, org.apache.hadoop.hive.ql.hooks.EnforceReadOnlyTables, org.apache.hadoop.hive.ql.hooks.MaterializedViewRegistryPropertiesHook, iceberg.hive.keep.stats=true, hive.strict.timestamp.conversion=false}
2024-04-30T20:48:52,633  INFO [main] HiveMetaStore.audit: ugi=alex	ip=unknown-ip-addr	cmd=get_databases: @hive#NonExistentDatabaseUsedForHealthCheck	
2024-04-30T20:48:52,634  INFO [main] HiveMetaStore.audit: ugi=alex	ip=unknown-ip-addr	cmd=get_table : tbl=hive.default.junit_parted_basic	
2024-04-30T20:48:52,642  INFO [main] metastore.HMSHandler: Skipping translation for processor with null
2024-04-30T20:48:52,665  WARN [main] conf.HiveConf: HiveConf of name hive.llap.io.cache.orc.size does not exist
2024-04-30T20:48:52,665  WARN [main] conf.HiveConf: HiveConf of name hive.dummyparam.test.server.specific.config.override does not exist
2024-04-30T20:48:52,665  WARN [main] conf.HiveConf: HiveConf of name hive.metastore.metadb.dir does not exist
2024-04-30T20:48:52,665  WARN [main] conf.HiveConf: HiveConf of name hive.llap.io.cache.orc.alloc.min does not exist
2024-04-30T20:48:52,665  WARN [main] conf.HiveConf: HiveConf of name hive.dummyparam.test.server.specific.config.hivesite does not exist
2024-04-30T20:48:52,665  WARN [main] conf.HiveConf: HiveConf of name hive.llap.io.cache.orc.alloc.max does not exist
2024-04-30T20:48:52,665  WARN [main] conf.HiveConf: HiveConf of name hive.metastore.client.cache.maxSize does not exist
2024-04-30T20:48:52,665  WARN [main] conf.HiveConf: HiveConf of name hive.dummyparam.test.server.specific.config.metastoresite does not exist
2024-04-30T20:48:52,665  WARN [main] conf.HiveConf: HiveConf of name hive.metastore.client.cache.recordStats does not exist
2024-04-30T20:48:52,665  WARN [main] conf.HiveConf: HiveConf of name hive.llap.io.cache.orc.arena.size does not exist
2024-04-30T20:48:52,665  WARN [main] conf.HiveConf: HiveConf of name hive.stats.key.prefix.reserve.length does not exist
2024-04-30T20:48:52,666  INFO [main] common.HCatUtil: mapreduce.lib.hcatoutput.hive.conf is set. Applying configuration differences.
2024-04-30T20:48:52,666  INFO [main] HiveMetaStore.audit: ugi=alex	ip=unknown-ip-addr	cmd=get_databases: @hive#NonExistentDatabaseUsedForHealthCheck	
2024-04-30T20:48:52,684  WARN [main] conf.HiveConf: HiveConf of name hive.llap.io.cache.orc.size does not exist
2024-04-30T20:48:52,684  WARN [main] conf.HiveConf: HiveConf of name hive.dummyparam.test.server.specific.config.override does not exist
2024-04-30T20:48:52,684  WARN [main] conf.HiveConf: HiveConf of name hive.metastore.metadb.dir does not exist
2024-04-30T20:48:52,684  WARN [main] conf.HiveConf: HiveConf of name hive.llap.io.cache.orc.alloc.min does not exist
2024-04-30T20:48:52,684  WARN [main] conf.HiveConf: HiveConf of name hive.dummyparam.test.server.specific.config.hivesite does not exist
2024-04-30T20:48:52,684  WARN [main] conf.HiveConf: HiveConf of name hive.llap.io.cache.orc.alloc.max does not exist
2024-04-30T20:48:52,684  WARN [main] conf.HiveConf: HiveConf of name hive.metastore.client.cache.maxSize does not exist
2024-04-30T20:48:52,684  WARN [main] conf.HiveConf: HiveConf of name hive.dummyparam.test.server.specific.config.metastoresite does not exist
2024-04-30T20:48:52,684  WARN [main] conf.HiveConf: HiveConf of name hive.metastore.client.cache.recordStats does not exist
2024-04-30T20:48:52,684  WARN [main] conf.HiveConf: HiveConf of name hive.llap.io.cache.orc.arena.size does not exist
2024-04-30T20:48:52,684  WARN [main] conf.HiveConf: HiveConf of name hive.stats.key.prefix.reserve.length does not exist
2024-04-30T20:48:52,685  INFO [main] common.HCatUtil: mapreduce.lib.hcatoutput.hive.conf not set. Generating configuration differences.
2024-04-30T20:48:52,685  INFO [main] common.HCatUtil: Configuration differences={datanucleus.connectionPool.maxPoolSize=4, hive.llap.io.cache.orc.alloc.max=2097152, javax.jdo.option.ConnectionUserName=APP, test.property1=value1, hive.stats.column.autogather=true, hive.query.results.cache.enabled=false, fs.pfile.impl=org.apache.hadoop.fs.ProxyLocalFileSystem, hive.querylog.location=${test.tmp.dir}/tmp, hive.metastore.rawstore.impl=org.apache.hadoop.hive.metastore.ObjectStore, hive.llap.io.use.lrfu=true, javax.jdo.option.ConnectionPassword=mine, hive.jar.path=${maven.local.repository}/org/apache/hive/hive-exec/${hive.version}/hive-exec-${hive.version}.jar, hive.default.rcfile.serde=org.apache.hadoop.hive.serde2.columnar.ColumnarSerDe, datanucleus.schema.autoCreateAll=true, test.data.scripts=${hive.root}/data/scripts, hive.users.in.admin.role=hive_admin_user, hive.llap.io.cache.orc.size=8388608, test.var.hiveconf.property=${hive.exec.default.partition.name}, hive.dummyparam.test.server.specific.config.hivesite=from.hive-site.xml, hive.exec.mode.local.auto=false, hive.materializedview.rewriting=true, hive.dummyparam.test.server.specific.config.override=from.hive-site.xml, hive.fetch.task.conversion=minimal, hive.metastore.metadb.dir=file://${test.tmp.dir}/metadb/, hive.conf.restricted.list=dummy.config.value, hive.server2.operation.log.purgePolicy.timeToLive=5s, hive.query.reexecution.stats.persist.scope=query, hive.cbo.fallback.strategy=TEST, hive.input.format=org.apache.hadoop.hive.ql.io.CombineHiveInputFormat, hive.security.authorization.manager=org.apache.hadoop.hive.ql.security.authorization.plugin.sqlstd.SQLStdHiveAuthorizerFactoryForTest, test.data.files=${hive.root}/data/files, hive.metastore.client.cache.enabled=true, hive.stats.key.prefix.reserve.length=0, hive.exec.local.scratchdir=${test.tmp.dir}/localscratchdir/, hive.exec.submit.local.task.via.child=false, hive.auto.convert.join=false, hive.llap.io.cache.orc.alloc.min=32768, hive.stats.fetch.bitvector=true, hive.llap.io.allocator.direct=false, hive.metastore.schema.verification=false, javax.jdo.option.ConnectionDriverName=org.apache.derby.jdbc.EmbeddedDriver, hive.support.concurrency=true, hive.in.test=true, hive.metastore.warehouse.dir=${test.warehouse.dir}, hive.llap.io.cache.orc.arena.size=8388608, hive.exec.scratchdir=${test.tmp.dir}/scratchdir, test.log.dir=${test.tmp.dir}/log/, hive.exec.post.hooks=org.apache.hadoop.hive.ql.hooks.PostExecutePrinter, javax.jdo.option.ConnectionURL=jdbc:derby:memory:${test.tmp.dir}/junit_metastore_db;create=true, hive.llap.cache.allow.synthetic.fileid=true, hive.scheduled.queries.executor.enabled=false, hive.ignore.mapjoin.hint=false, hive.metastore.client.cache.maxSize=10Mb, hive.metastore.client.cache.recordStats=true, hive.mapjoin.max.gc.time.percentage=0.99, hive.test.dummystats.aggregator=value2, hive.exec.pre.hooks=org.apache.hadoop.hive.ql.hooks.PreExecutePrinter, org.apache.hadoop.hive.ql.hooks.EnforceReadOnlyTables, org.apache.hadoop.hive.ql.hooks.MaterializedViewRegistryPropertiesHook, iceberg.hive.keep.stats=true, hive.strict.timestamp.conversion=false}
2024-04-30T20:48:52,687  INFO [main] HiveMetaStore.audit: ugi=alex	ip=unknown-ip-addr	cmd=get_databases: @hive#NonExistentDatabaseUsedForHealthCheck	
2024-04-30T20:48:52,688  INFO [main] HiveMetaStore.audit: ugi=alex	ip=unknown-ip-addr	cmd=get_table : tbl=hive.default.junit_unparted_complex	
2024-04-30T20:48:52,695  INFO [main] metastore.HMSHandler: Skipping translation for processor with null
2024-04-30T20:48:52,722  WARN [main] conf.HiveConf: HiveConf of name hive.llap.io.cache.orc.size does not exist
2024-04-30T20:48:52,722  WARN [main] conf.HiveConf: HiveConf of name hive.dummyparam.test.server.specific.config.override does not exist
2024-04-30T20:48:52,722  WARN [main] conf.HiveConf: HiveConf of name hive.metastore.metadb.dir does not exist
2024-04-30T20:48:52,722  WARN [main] conf.HiveConf: HiveConf of name hive.llap.io.cache.orc.alloc.min does not exist
2024-04-30T20:48:52,722  WARN [main] conf.HiveConf: HiveConf of name hive.dummyparam.test.server.specific.config.hivesite does not exist
2024-04-30T20:48:52,722  WARN [main] conf.HiveConf: HiveConf of name hive.llap.io.cache.orc.alloc.max does not exist
2024-04-30T20:48:52,722  WARN [main] conf.HiveConf: HiveConf of name hive.metastore.client.cache.maxSize does not exist
2024-04-30T20:48:52,722  WARN [main] conf.HiveConf: HiveConf of name hive.dummyparam.test.server.specific.config.metastoresite does not exist
2024-04-30T20:48:52,722  WARN [main] conf.HiveConf: HiveConf of name hive.metastore.client.cache.recordStats does not exist
2024-04-30T20:48:52,722  WARN [main] conf.HiveConf: HiveConf of name hive.llap.io.cache.orc.arena.size does not exist
2024-04-30T20:48:52,722  WARN [main] conf.HiveConf: HiveConf of name hive.stats.key.prefix.reserve.length does not exist
2024-04-30T20:48:52,722  INFO [main] common.HCatUtil: mapreduce.lib.hcatoutput.hive.conf is set. Applying configuration differences.
2024-04-30T20:48:52,722  INFO [main] HiveMetaStore.audit: ugi=alex	ip=unknown-ip-addr	cmd=get_databases: @hive#NonExistentDatabaseUsedForHealthCheck	
2024-04-30T20:48:52,738  WARN [main] conf.HiveConf: HiveConf of name hive.llap.io.cache.orc.size does not exist
2024-04-30T20:48:52,738  WARN [main] conf.HiveConf: HiveConf of name hive.dummyparam.test.server.specific.config.override does not exist
2024-04-30T20:48:52,738  WARN [main] conf.HiveConf: HiveConf of name hive.metastore.metadb.dir does not exist
2024-04-30T20:48:52,738  WARN [main] conf.HiveConf: HiveConf of name hive.llap.io.cache.orc.alloc.min does not exist
2024-04-30T20:48:52,738  WARN [main] conf.HiveConf: HiveConf of name hive.dummyparam.test.server.specific.config.hivesite does not exist
2024-04-30T20:48:52,738  WARN [main] conf.HiveConf: HiveConf of name hive.llap.io.cache.orc.alloc.max does not exist
2024-04-30T20:48:52,738  WARN [main] conf.HiveConf: HiveConf of name hive.metastore.client.cache.maxSize does not exist
2024-04-30T20:48:52,738  WARN [main] conf.HiveConf: HiveConf of name hive.dummyparam.test.server.specific.config.metastoresite does not exist
2024-04-30T20:48:52,738  WARN [main] conf.HiveConf: HiveConf of name hive.metastore.client.cache.recordStats does not exist
2024-04-30T20:48:52,738  WARN [main] conf.HiveConf: HiveConf of name hive.llap.io.cache.orc.arena.size does not exist
2024-04-30T20:48:52,738  WARN [main] conf.HiveConf: HiveConf of name hive.stats.key.prefix.reserve.length does not exist
2024-04-30T20:48:52,738  INFO [main] common.HCatUtil: mapreduce.lib.hcatoutput.hive.conf not set. Generating configuration differences.
2024-04-30T20:48:52,739  INFO [main] common.HCatUtil: Configuration differences={datanucleus.connectionPool.maxPoolSize=4, hive.llap.io.cache.orc.alloc.max=2097152, javax.jdo.option.ConnectionUserName=APP, test.property1=value1, hive.stats.column.autogather=true, hive.query.results.cache.enabled=false, fs.pfile.impl=org.apache.hadoop.fs.ProxyLocalFileSystem, hive.querylog.location=${test.tmp.dir}/tmp, hive.metastore.rawstore.impl=org.apache.hadoop.hive.metastore.ObjectStore, hive.llap.io.use.lrfu=true, javax.jdo.option.ConnectionPassword=mine, hive.jar.path=${maven.local.repository}/org/apache/hive/hive-exec/${hive.version}/hive-exec-${hive.version}.jar, hive.default.rcfile.serde=org.apache.hadoop.hive.serde2.columnar.ColumnarSerDe, datanucleus.schema.autoCreateAll=true, test.data.scripts=${hive.root}/data/scripts, hive.users.in.admin.role=hive_admin_user, hive.llap.io.cache.orc.size=8388608, test.var.hiveconf.property=${hive.exec.default.partition.name}, hive.dummyparam.test.server.specific.config.hivesite=from.hive-site.xml, hive.exec.mode.local.auto=false, hive.materializedview.rewriting=true, hive.dummyparam.test.server.specific.config.override=from.hive-site.xml, hive.fetch.task.conversion=minimal, hive.metastore.metadb.dir=file://${test.tmp.dir}/metadb/, hive.conf.restricted.list=dummy.config.value, hive.server2.operation.log.purgePolicy.timeToLive=5s, hive.query.reexecution.stats.persist.scope=query, hive.cbo.fallback.strategy=TEST, hive.input.format=org.apache.hadoop.hive.ql.io.CombineHiveInputFormat, hive.security.authorization.manager=org.apache.hadoop.hive.ql.security.authorization.plugin.sqlstd.SQLStdHiveAuthorizerFactoryForTest, test.data.files=${hive.root}/data/files, hive.metastore.client.cache.enabled=true, hive.stats.key.prefix.reserve.length=0, hive.exec.local.scratchdir=${test.tmp.dir}/localscratchdir/, hive.exec.submit.local.task.via.child=false, hive.auto.convert.join=false, hive.llap.io.cache.orc.alloc.min=32768, hive.stats.fetch.bitvector=true, hive.llap.io.allocator.direct=false, hive.metastore.schema.verification=false, javax.jdo.option.ConnectionDriverName=org.apache.derby.jdbc.EmbeddedDriver, hive.support.concurrency=true, hive.in.test=true, hive.metastore.warehouse.dir=${test.warehouse.dir}, hive.llap.io.cache.orc.arena.size=8388608, hive.exec.scratchdir=${test.tmp.dir}/scratchdir, test.log.dir=${test.tmp.dir}/log/, hive.exec.post.hooks=org.apache.hadoop.hive.ql.hooks.PostExecutePrinter, javax.jdo.option.ConnectionURL=jdbc:derby:memory:${test.tmp.dir}/junit_metastore_db;create=true, hive.llap.cache.allow.synthetic.fileid=true, hive.scheduled.queries.executor.enabled=false, hive.ignore.mapjoin.hint=false, hive.metastore.client.cache.maxSize=10Mb, hive.metastore.client.cache.recordStats=true, hive.mapjoin.max.gc.time.percentage=0.99, hive.test.dummystats.aggregator=value2, hive.exec.pre.hooks=org.apache.hadoop.hive.ql.hooks.PreExecutePrinter, org.apache.hadoop.hive.ql.hooks.EnforceReadOnlyTables, org.apache.hadoop.hive.ql.hooks.MaterializedViewRegistryPropertiesHook, iceberg.hive.keep.stats=true, hive.strict.timestamp.conversion=false}
2024-04-30T20:48:52,740  INFO [main] HiveMetaStore.audit: ugi=alex	ip=unknown-ip-addr	cmd=get_databases: @hive#NonExistentDatabaseUsedForHealthCheck	
2024-04-30T20:48:52,741  INFO [main] HiveMetaStore.audit: ugi=alex	ip=unknown-ip-addr	cmd=get_table : tbl=hive.default.junit_parted_date	
2024-04-30T20:48:52,752  INFO [main] metastore.HMSHandler: Skipping translation for processor with null
2024-04-30T20:48:52,774  WARN [main] conf.HiveConf: HiveConf of name hive.llap.io.cache.orc.size does not exist
2024-04-30T20:48:52,774  WARN [main] conf.HiveConf: HiveConf of name hive.dummyparam.test.server.specific.config.override does not exist
2024-04-30T20:48:52,774  WARN [main] conf.HiveConf: HiveConf of name hive.metastore.metadb.dir does not exist
2024-04-30T20:48:52,774  WARN [main] conf.HiveConf: HiveConf of name hive.llap.io.cache.orc.alloc.min does not exist
2024-04-30T20:48:52,774  WARN [main] conf.HiveConf: HiveConf of name hive.dummyparam.test.server.specific.config.hivesite does not exist
2024-04-30T20:48:52,774  WARN [main] conf.HiveConf: HiveConf of name hive.llap.io.cache.orc.alloc.max does not exist
2024-04-30T20:48:52,775  WARN [main] conf.HiveConf: HiveConf of name hive.metastore.client.cache.maxSize does not exist
2024-04-30T20:48:52,775  WARN [main] conf.HiveConf: HiveConf of name hive.dummyparam.test.server.specific.config.metastoresite does not exist
2024-04-30T20:48:52,775  WARN [main] conf.HiveConf: HiveConf of name hive.metastore.client.cache.recordStats does not exist
2024-04-30T20:48:52,775  WARN [main] conf.HiveConf: HiveConf of name hive.llap.io.cache.orc.arena.size does not exist
2024-04-30T20:48:52,775  WARN [main] conf.HiveConf: HiveConf of name hive.stats.key.prefix.reserve.length does not exist
2024-04-30T20:48:52,775  INFO [main] common.HCatUtil: mapreduce.lib.hcatoutput.hive.conf is set. Applying configuration differences.
2024-04-30T20:48:52,775  INFO [main] HiveMetaStore.audit: ugi=alex	ip=unknown-ip-addr	cmd=get_databases: @hive#NonExistentDatabaseUsedForHealthCheck	
2024-04-30T20:48:52,778  INFO [main] pigstats.ScriptState: Pig features used in the script: FILTER
2024-04-30T20:48:52,787  INFO [main] optimizer.LogicalPlanOptimizer: {RULES_ENABLED=[AddForEach, ColumnMapKeyPrune, ConstantCalculator, GroupByConstParallelSetter, LimitOptimizer, LoadTypeCastInserter, MergeFilter, MergeForEach, PartitionFilterOptimizer, PredicatePushdownOptimizer, PushDownForEachFlatten, PushUpFilter, SplitFilter, StreamTypeCastInserter]}
2024-04-30T20:48:52,794  INFO [main] mapReduceLayer.MRCompiler: File concatenation threshold: 100 optimistic? false
2024-04-30T20:48:52,797  INFO [main] mapReduceLayer.MultiQueryOptimizer: MR plan size before optimization: 8
2024-04-30T20:48:52,797  INFO [main] mapReduceLayer.MultiQueryOptimizer: Merged 5 map-only splittees.
2024-04-30T20:48:52,797  INFO [main] mapReduceLayer.MultiQueryOptimizer: Merged 5 out of total 6 MR operators.
2024-04-30T20:48:52,797  INFO [main] mapReduceLayer.MultiQueryOptimizer: MR plan size after optimization: 3
2024-04-30T20:48:52,805  WARN [main] impl.MetricsSystemImpl: JobTracker metrics system already initialized!
2024-04-30T20:48:52,806  INFO [main] mapreduce.MRScriptState: Pig script settings are added to the job
2024-04-30T20:48:52,807  INFO [main] mapReduceLayer.JobControlCompiler: mapred.job.reduce.markreset.buffer.percent is not set, set to default 0.3
2024-04-30T20:48:52,808  INFO [main] mapReduceLayer.JobControlCompiler: Setting up multi store job
2024-04-30T20:48:52,808  INFO [main] data.SchemaTupleFrontend: Key [pig.schematuple] is false, will not generate code.
2024-04-30T20:48:52,808  INFO [main] data.SchemaTupleFrontend: Starting process to move generated code to distributed cacche
2024-04-30T20:48:52,808  INFO [main] data.SchemaTupleFrontend: Distributed cache not supported or needed in local mode. Setting key [pig.schematuple.local.dir] with code temp directory: /home/alex/Repositories/hive/hcatalog/hcatalog-pig-adapter/target/tmp/1714535332808-0
2024-04-30T20:48:52,816  INFO [main] mapreduce.MRScriptState: Pig script settings are added to the job
2024-04-30T20:48:52,817  INFO [main] mapReduceLayer.JobControlCompiler: mapred.job.reduce.markreset.buffer.percent is not set, set to default 0.3
2024-04-30T20:48:52,817  INFO [main] mapReduceLayer.JobControlCompiler: Setting up single store job
2024-04-30T20:48:52,818  INFO [main] data.SchemaTupleFrontend: Key [pig.schematuple] is false, will not generate code.
2024-04-30T20:48:52,818  INFO [main] data.SchemaTupleFrontend: Starting process to move generated code to distributed cacche
2024-04-30T20:48:52,818  INFO [main] data.SchemaTupleFrontend: Distributed cache not supported or needed in local mode. Setting key [pig.schematuple.local.dir] with code temp directory: /home/alex/Repositories/hive/hcatalog/hcatalog-pig-adapter/target/tmp/1714535332818-0
2024-04-30T20:48:52,824  INFO [main] mapreduce.MRScriptState: Pig script settings are added to the job
2024-04-30T20:48:52,825  INFO [main] mapReduceLayer.JobControlCompiler: mapred.job.reduce.markreset.buffer.percent is not set, set to default 0.3
2024-04-30T20:48:52,825  INFO [main] mapReduceLayer.JobControlCompiler: Setting up single store job
2024-04-30T20:48:52,826  INFO [main] data.SchemaTupleFrontend: Key [pig.schematuple] is false, will not generate code.
2024-04-30T20:48:52,826  INFO [main] data.SchemaTupleFrontend: Starting process to move generated code to distributed cacche
2024-04-30T20:48:52,826  INFO [main] data.SchemaTupleFrontend: Distributed cache not supported or needed in local mode. Setting key [pig.schematuple.local.dir] with code temp directory: /home/alex/Repositories/hive/hcatalog/hcatalog-pig-adapter/target/tmp/1714535332826-0
2024-04-30T20:48:52,833  INFO [main] mapReduceLayer.MapReduceLauncher: 3 map-reduce job(s) waiting for submission.
2024-04-30T20:48:52,835  WARN [JobControl] impl.MetricsSystemImpl: JobTracker metrics system already initialized!
2024-04-30T20:48:52,851  WARN [JobControl] conf.HiveConf: HiveConf of name hive.llap.io.cache.orc.size does not exist
2024-04-30T20:48:52,851  WARN [JobControl] conf.HiveConf: HiveConf of name hive.dummyparam.test.server.specific.config.override does not exist
2024-04-30T20:48:52,851  WARN [JobControl] conf.HiveConf: HiveConf of name hive.metastore.metadb.dir does not exist
2024-04-30T20:48:52,851  WARN [JobControl] conf.HiveConf: HiveConf of name hive.llap.io.cache.orc.alloc.min does not exist
2024-04-30T20:48:52,851  WARN [JobControl] conf.HiveConf: HiveConf of name hive.dummyparam.test.server.specific.config.hivesite does not exist
2024-04-30T20:48:52,851  WARN [JobControl] conf.HiveConf: HiveConf of name hive.llap.io.cache.orc.alloc.max does not exist
2024-04-30T20:48:52,852  WARN [JobControl] conf.HiveConf: HiveConf of name hive.metastore.client.cache.maxSize does not exist
2024-04-30T20:48:52,852  WARN [JobControl] conf.HiveConf: HiveConf of name hive.dummyparam.test.server.specific.config.metastoresite does not exist
2024-04-30T20:48:52,852  WARN [JobControl] conf.HiveConf: HiveConf of name hive.metastore.client.cache.recordStats does not exist
2024-04-30T20:48:52,852  WARN [JobControl] conf.HiveConf: HiveConf of name hive.llap.io.cache.orc.arena.size does not exist
2024-04-30T20:48:52,852  WARN [JobControl] conf.HiveConf: HiveConf of name hive.stats.key.prefix.reserve.length does not exist
2024-04-30T20:48:52,852  INFO [JobControl] common.HCatUtil: mapreduce.lib.hcatoutput.hive.conf is set. Applying configuration differences.
2024-04-30T20:48:52,852  INFO [JobControl] metastore.HiveMetaStoreClient: HMS client filtering is enabled.
2024-04-30T20:48:52,853  INFO [JobControl] metastore.HMSHandler: 6: Opening raw store with implementation class:org.apache.hadoop.hive.metastore.ObjectStore
2024-04-30T20:48:52,853  INFO [JobControl] metastore.PersistenceManagerProvider: Configuration datanucleus.autoStartMechanismMode is not set. Defaulting to 'ignored'
2024-04-30T20:48:52,853  INFO [JobControl] metastore.ObjectStore: RawStore: org.apache.hadoop.hive.metastore.ObjectStore@27f68c65, with PersistenceManager: null will be shutdown
2024-04-30T20:48:52,854  INFO [JobControl] metastore.ObjectStore: RawStore: org.apache.hadoop.hive.metastore.ObjectStore@27f68c65, with PersistenceManager: org.datanucleus.api.jdo.JDOPersistenceManager@1389acae created in the thread with id: 345
2024-04-30T20:48:52,857  INFO [JobControl] metastore.HMSHandler: Created RawStore: org.apache.hadoop.hive.metastore.ObjectStore@27f68c65 from thread id: 345
2024-04-30T20:48:52,857  INFO [JobControl] metastore.HMSHandler: HMS server filtering is disabled by configuration
2024-04-30T20:48:52,857  INFO [JobControl] metastore.RetryingMetaStoreClient: RetryingMetaStoreClient proxy=class org.apache.hive.hcatalog.common.HiveClientCache$CacheableHiveMetaStoreClient ugi=alex (auth:SIMPLE) retries=1 delay=1 lifetime=0
2024-04-30T20:48:52,857  INFO [JobControl] HiveMetaStore.audit: ugi=alex	ip=unknown-ip-addr	cmd=get_databases: @hive#NonExistentDatabaseUsedForHealthCheck	
2024-04-30T20:48:52,874  WARN [JobControl] conf.HiveConf: HiveConf of name hive.llap.io.cache.orc.size does not exist
2024-04-30T20:48:52,874  WARN [JobControl] conf.HiveConf: HiveConf of name hive.dummyparam.test.server.specific.config.override does not exist
2024-04-30T20:48:52,874  WARN [JobControl] conf.HiveConf: HiveConf of name hive.metastore.metadb.dir does not exist
2024-04-30T20:48:52,875  WARN [JobControl] conf.HiveConf: HiveConf of name hive.llap.io.cache.orc.alloc.min does not exist
2024-04-30T20:48:52,875  WARN [JobControl] conf.HiveConf: HiveConf of name hive.dummyparam.test.server.specific.config.hivesite does not exist
2024-04-30T20:48:52,875  WARN [JobControl] conf.HiveConf: HiveConf of name hive.llap.io.cache.orc.alloc.max does not exist
2024-04-30T20:48:52,875  WARN [JobControl] conf.HiveConf: HiveConf of name hive.metastore.client.cache.maxSize does not exist
2024-04-30T20:48:52,875  WARN [JobControl] conf.HiveConf: HiveConf of name hive.dummyparam.test.server.specific.config.metastoresite does not exist
2024-04-30T20:48:52,875  WARN [JobControl] conf.HiveConf: HiveConf of name hive.metastore.client.cache.recordStats does not exist
2024-04-30T20:48:52,875  WARN [JobControl] conf.HiveConf: HiveConf of name hive.llap.io.cache.orc.arena.size does not exist
2024-04-30T20:48:52,875  WARN [JobControl] conf.HiveConf: HiveConf of name hive.stats.key.prefix.reserve.length does not exist
2024-04-30T20:48:52,875  INFO [JobControl] common.HCatUtil: mapreduce.lib.hcatoutput.hive.conf is set. Applying configuration differences.
2024-04-30T20:48:52,875  INFO [JobControl] HiveMetaStore.audit: ugi=alex	ip=unknown-ip-addr	cmd=get_databases: @hive#NonExistentDatabaseUsedForHealthCheck	
2024-04-30T20:48:52,894  WARN [JobControl] conf.HiveConf: HiveConf of name hive.llap.io.cache.orc.size does not exist
2024-04-30T20:48:52,894  WARN [JobControl] conf.HiveConf: HiveConf of name hive.dummyparam.test.server.specific.config.override does not exist
2024-04-30T20:48:52,894  WARN [JobControl] conf.HiveConf: HiveConf of name hive.metastore.metadb.dir does not exist
2024-04-30T20:48:52,894  WARN [JobControl] conf.HiveConf: HiveConf of name hive.llap.io.cache.orc.alloc.min does not exist
2024-04-30T20:48:52,894  WARN [JobControl] conf.HiveConf: HiveConf of name hive.dummyparam.test.server.specific.config.hivesite does not exist
2024-04-30T20:48:52,894  WARN [JobControl] conf.HiveConf: HiveConf of name hive.llap.io.cache.orc.alloc.max does not exist
2024-04-30T20:48:52,894  WARN [JobControl] conf.HiveConf: HiveConf of name hive.metastore.client.cache.maxSize does not exist
2024-04-30T20:48:52,894  WARN [JobControl] conf.HiveConf: HiveConf of name hive.dummyparam.test.server.specific.config.metastoresite does not exist
2024-04-30T20:48:52,894  WARN [JobControl] conf.HiveConf: HiveConf of name hive.metastore.client.cache.recordStats does not exist
2024-04-30T20:48:52,894  WARN [JobControl] conf.HiveConf: HiveConf of name hive.llap.io.cache.orc.arena.size does not exist
2024-04-30T20:48:52,894  WARN [JobControl] conf.HiveConf: HiveConf of name hive.stats.key.prefix.reserve.length does not exist
2024-04-30T20:48:52,894  INFO [JobControl] common.HCatUtil: mapreduce.lib.hcatoutput.hive.conf is set. Applying configuration differences.
2024-04-30T20:48:52,895  INFO [JobControl] HiveMetaStore.audit: ugi=alex	ip=unknown-ip-addr	cmd=get_databases: @hive#NonExistentDatabaseUsedForHealthCheck	
2024-04-30T20:48:52,914  WARN [JobControl] conf.HiveConf: HiveConf of name hive.llap.io.cache.orc.size does not exist
2024-04-30T20:48:52,914  WARN [JobControl] conf.HiveConf: HiveConf of name hive.dummyparam.test.server.specific.config.override does not exist
2024-04-30T20:48:52,914  WARN [JobControl] conf.HiveConf: HiveConf of name hive.metastore.metadb.dir does not exist
2024-04-30T20:48:52,914  WARN [JobControl] conf.HiveConf: HiveConf of name hive.llap.io.cache.orc.alloc.min does not exist
2024-04-30T20:48:52,914  WARN [JobControl] conf.HiveConf: HiveConf of name hive.dummyparam.test.server.specific.config.hivesite does not exist
2024-04-30T20:48:52,914  WARN [JobControl] conf.HiveConf: HiveConf of name hive.llap.io.cache.orc.alloc.max does not exist
2024-04-30T20:48:52,915  WARN [JobControl] conf.HiveConf: HiveConf of name hive.metastore.client.cache.maxSize does not exist
2024-04-30T20:48:52,915  WARN [JobControl] conf.HiveConf: HiveConf of name hive.dummyparam.test.server.specific.config.metastoresite does not exist
2024-04-30T20:48:52,915  WARN [JobControl] conf.HiveConf: HiveConf of name hive.metastore.client.cache.recordStats does not exist
2024-04-30T20:48:52,915  WARN [JobControl] conf.HiveConf: HiveConf of name hive.llap.io.cache.orc.arena.size does not exist
2024-04-30T20:48:52,915  WARN [JobControl] conf.HiveConf: HiveConf of name hive.stats.key.prefix.reserve.length does not exist
2024-04-30T20:48:52,915  INFO [JobControl] common.HCatUtil: mapreduce.lib.hcatoutput.hive.conf is set. Applying configuration differences.
2024-04-30T20:48:52,916  INFO [JobControl] HiveMetaStore.audit: ugi=alex	ip=unknown-ip-addr	cmd=get_databases: @hive#NonExistentDatabaseUsedForHealthCheck	
2024-04-30T20:48:52,936  WARN [JobControl] conf.HiveConf: HiveConf of name hive.llap.io.cache.orc.size does not exist
2024-04-30T20:48:52,936  WARN [JobControl] conf.HiveConf: HiveConf of name hive.dummyparam.test.server.specific.config.override does not exist
2024-04-30T20:48:52,936  WARN [JobControl] conf.HiveConf: HiveConf of name hive.metastore.metadb.dir does not exist
2024-04-30T20:48:52,936  WARN [JobControl] conf.HiveConf: HiveConf of name hive.llap.io.cache.orc.alloc.min does not exist
2024-04-30T20:48:52,936  WARN [JobControl] conf.HiveConf: HiveConf of name hive.dummyparam.test.server.specific.config.hivesite does not exist
2024-04-30T20:48:52,936  WARN [JobControl] conf.HiveConf: HiveConf of name hive.llap.io.cache.orc.alloc.max does not exist
2024-04-30T20:48:52,936  WARN [JobControl] conf.HiveConf: HiveConf of name hive.metastore.client.cache.maxSize does not exist
2024-04-30T20:48:52,936  WARN [JobControl] conf.HiveConf: HiveConf of name hive.dummyparam.test.server.specific.config.metastoresite does not exist
2024-04-30T20:48:52,936  WARN [JobControl] conf.HiveConf: HiveConf of name hive.metastore.client.cache.recordStats does not exist
2024-04-30T20:48:52,936  WARN [JobControl] conf.HiveConf: HiveConf of name hive.llap.io.cache.orc.arena.size does not exist
2024-04-30T20:48:52,936  WARN [JobControl] conf.HiveConf: HiveConf of name hive.stats.key.prefix.reserve.length does not exist
2024-04-30T20:48:52,937  INFO [JobControl] common.HCatUtil: mapreduce.lib.hcatoutput.hive.conf is set. Applying configuration differences.
2024-04-30T20:48:52,937  INFO [JobControl] HiveMetaStore.audit: ugi=alex	ip=unknown-ip-addr	cmd=get_databases: @hive#NonExistentDatabaseUsedForHealthCheck	
2024-04-30T20:48:52,953  WARN [JobControl] mapreduce.JobResourceUploader: Hadoop command-line option parsing not performed. Implement the Tool interface and execute your application with ToolRunner to remedy this.
2024-04-30T20:48:52,959  WARN [JobControl] mapreduce.JobResourceUploader: No job jar file set.  User classes may not be found. See Job or Job#setJar(String).
2024-04-30T20:48:52,960  INFO [JobControl] builtin.PigStorage: Using PigTextInputFormat
2024-04-30T20:48:52,960  INFO [JobControl] input.FileInputFormat: Total input files to process : 1
2024-04-30T20:48:52,960  INFO [JobControl] util.MapRedUtil: Total input paths to process : 1
2024-04-30T20:48:52,961  INFO [JobControl] util.MapRedUtil: Total input paths (combined) to process : 1
2024-04-30T20:48:52,999  INFO [JobControl] mapreduce.JobSubmitter: number of splits:1
2024-04-30T20:48:53,017  INFO [JobControl] mapreduce.JobSubmitter: Submitting tokens for job: job_local1441886317_0004
2024-04-30T20:48:53,017  INFO [JobControl] mapreduce.JobSubmitter: Executing with tokens: []
2024-04-30T20:48:53,080  INFO [JobControl] mapreduce.Job: The url to track the job: http://localhost:8080/
2024-04-30T20:48:53,080  INFO [Thread-324] mapred.LocalJobRunner: OutputCommitter set in config null
2024-04-30T20:48:53,080  WARN [JobControl] impl.MetricsSystemImpl: JobTracker metrics system already initialized!
2024-04-30T20:48:53,088  INFO [Thread-324] output.FileOutputCommitter: File Output Committer Algorithm version is 2
2024-04-30T20:48:53,088  INFO [Thread-324] output.FileOutputCommitter: FileOutputCommitter skip cleanup _temporary folders under output directory:false, ignore cleanup failures: false
2024-04-30T20:48:53,092  INFO [Thread-324] output.FileOutputCommitter: File Output Committer Algorithm version is 2
2024-04-30T20:48:53,092  INFO [Thread-324] output.FileOutputCommitter: FileOutputCommitter skip cleanup _temporary folders under output directory:false, ignore cleanup failures: false
2024-04-30T20:48:53,096  INFO [Thread-324] output.FileOutputCommitter: File Output Committer Algorithm version is 2
2024-04-30T20:48:53,096  INFO [Thread-324] output.FileOutputCommitter: FileOutputCommitter skip cleanup _temporary folders under output directory:false, ignore cleanup failures: false
2024-04-30T20:48:53,100  INFO [Thread-324] output.FileOutputCommitter: File Output Committer Algorithm version is 2
2024-04-30T20:48:53,100  INFO [Thread-324] output.FileOutputCommitter: FileOutputCommitter skip cleanup _temporary folders under output directory:false, ignore cleanup failures: false
2024-04-30T20:48:53,104  INFO [Thread-324] output.FileOutputCommitter: File Output Committer Algorithm version is 2
2024-04-30T20:48:53,104  INFO [Thread-324] output.FileOutputCommitter: FileOutputCommitter skip cleanup _temporary folders under output directory:false, ignore cleanup failures: false
2024-04-30T20:48:53,104  WARN [JobControl] conf.HiveConf: HiveConf of name hive.llap.io.cache.orc.size does not exist
2024-04-30T20:48:53,105  WARN [JobControl] conf.HiveConf: HiveConf of name hive.dummyparam.test.server.specific.config.override does not exist
2024-04-30T20:48:53,105  WARN [JobControl] conf.HiveConf: HiveConf of name hive.metastore.metadb.dir does not exist
2024-04-30T20:48:53,105  WARN [JobControl] conf.HiveConf: HiveConf of name hive.llap.io.cache.orc.alloc.min does not exist
2024-04-30T20:48:53,105  WARN [JobControl] conf.HiveConf: HiveConf of name hive.dummyparam.test.server.specific.config.hivesite does not exist
2024-04-30T20:48:53,105  WARN [JobControl] conf.HiveConf: HiveConf of name hive.llap.io.cache.orc.alloc.max does not exist
2024-04-30T20:48:53,105  WARN [JobControl] conf.HiveConf: HiveConf of name hive.metastore.client.cache.maxSize does not exist
2024-04-30T20:48:53,105  WARN [JobControl] conf.HiveConf: HiveConf of name hive.dummyparam.test.server.specific.config.metastoresite does not exist
2024-04-30T20:48:53,105  WARN [JobControl] conf.HiveConf: HiveConf of name hive.metastore.client.cache.recordStats does not exist
2024-04-30T20:48:53,105  WARN [JobControl] conf.HiveConf: HiveConf of name hive.llap.io.cache.orc.arena.size does not exist
2024-04-30T20:48:53,105  WARN [JobControl] conf.HiveConf: HiveConf of name hive.stats.key.prefix.reserve.length does not exist
2024-04-30T20:48:53,105  INFO [JobControl] common.HCatUtil: mapreduce.lib.hcatoutput.hive.conf is set. Applying configuration differences.
2024-04-30T20:48:53,105  INFO [Thread-324] mapred.LocalJobRunner: OutputCommitter is org.apache.pig.backend.hadoop.executionengine.mapReduceLayer.PigOutputCommitter
2024-04-30T20:48:53,106  INFO [JobControl] HiveMetaStore.audit: ugi=alex	ip=unknown-ip-addr	cmd=get_databases: @hive#NonExistentDatabaseUsedForHealthCheck	
2024-04-30T20:48:53,108  INFO [Thread-324] output.FileOutputCommitter: File Output Committer Algorithm version is 2
2024-04-30T20:48:53,108  INFO [Thread-324] output.FileOutputCommitter: FileOutputCommitter skip cleanup _temporary folders under output directory:false, ignore cleanup failures: false
2024-04-30T20:48:53,114  WARN [JobControl] mapreduce.JobResourceUploader: Hadoop command-line option parsing not performed. Implement the Tool interface and execute your application with ToolRunner to remedy this.
2024-04-30T20:48:53,119  INFO [Thread-324] output.FileOutputCommitter: File Output Committer Algorithm version is 2
2024-04-30T20:48:53,119  INFO [Thread-324] output.FileOutputCommitter: FileOutputCommitter skip cleanup _temporary folders under output directory:false, ignore cleanup failures: false
2024-04-30T20:48:53,120  WARN [JobControl] mapreduce.JobResourceUploader: No job jar file set.  User classes may not be found. See Job or Job#setJar(String).
2024-04-30T20:48:53,122  INFO [JobControl] builtin.PigStorage: Using PigTextInputFormat
2024-04-30T20:48:53,122  INFO [JobControl] input.FileInputFormat: Total input files to process : 1
2024-04-30T20:48:53,122  INFO [JobControl] util.MapRedUtil: Total input paths to process : 1
2024-04-30T20:48:53,123  INFO [JobControl] util.MapRedUtil: Total input paths (combined) to process : 1
2024-04-30T20:48:53,130  INFO [Thread-324] output.FileOutputCommitter: File Output Committer Algorithm version is 2
2024-04-30T20:48:53,130  INFO [Thread-324] output.FileOutputCommitter: FileOutputCommitter skip cleanup _temporary folders under output directory:false, ignore cleanup failures: false
2024-04-30T20:48:53,142  INFO [Thread-324] output.FileOutputCommitter: File Output Committer Algorithm version is 2
2024-04-30T20:48:53,142  INFO [Thread-324] output.FileOutputCommitter: FileOutputCommitter skip cleanup _temporary folders under output directory:false, ignore cleanup failures: false
2024-04-30T20:48:53,149  INFO [JobControl] mapreduce.JobSubmitter: number of splits:1
2024-04-30T20:48:53,157  INFO [Thread-324] output.FileOutputCommitter: File Output Committer Algorithm version is 2
2024-04-30T20:48:53,157  INFO [Thread-324] output.FileOutputCommitter: FileOutputCommitter skip cleanup _temporary folders under output directory:false, ignore cleanup failures: false
2024-04-30T20:48:53,171  INFO [Thread-324] mapred.LocalJobRunner: Waiting for map tasks
2024-04-30T20:48:53,171  INFO [JobControl] mapreduce.JobSubmitter: Submitting tokens for job: job_local988608986_0005
2024-04-30T20:48:53,171  INFO [JobControl] mapreduce.JobSubmitter: Executing with tokens: []
2024-04-30T20:48:53,171  INFO [LocalJobRunner Map Task Executor #0] mapred.LocalJobRunner: Starting task: attempt_local1441886317_0004_m_000000_0
2024-04-30T20:48:53,179  INFO [LocalJobRunner Map Task Executor #0] output.FileOutputCommitter: File Output Committer Algorithm version is 2
2024-04-30T20:48:53,179  INFO [LocalJobRunner Map Task Executor #0] output.FileOutputCommitter: FileOutputCommitter skip cleanup _temporary folders under output directory:false, ignore cleanup failures: false
2024-04-30T20:48:53,184  INFO [LocalJobRunner Map Task Executor #0] output.FileOutputCommitter: File Output Committer Algorithm version is 2
2024-04-30T20:48:53,184  INFO [LocalJobRunner Map Task Executor #0] output.FileOutputCommitter: FileOutputCommitter skip cleanup _temporary folders under output directory:false, ignore cleanup failures: false
2024-04-30T20:48:53,189  INFO [LocalJobRunner Map Task Executor #0] output.FileOutputCommitter: File Output Committer Algorithm version is 2
2024-04-30T20:48:53,189  INFO [LocalJobRunner Map Task Executor #0] output.FileOutputCommitter: FileOutputCommitter skip cleanup _temporary folders under output directory:false, ignore cleanup failures: false
2024-04-30T20:48:53,193  INFO [LocalJobRunner Map Task Executor #0] output.FileOutputCommitter: File Output Committer Algorithm version is 2
2024-04-30T20:48:53,194  INFO [LocalJobRunner Map Task Executor #0] output.FileOutputCommitter: FileOutputCommitter skip cleanup _temporary folders under output directory:false, ignore cleanup failures: false
2024-04-30T20:48:53,198  INFO [LocalJobRunner Map Task Executor #0] output.FileOutputCommitter: File Output Committer Algorithm version is 2
2024-04-30T20:48:53,198  INFO [LocalJobRunner Map Task Executor #0] output.FileOutputCommitter: FileOutputCommitter skip cleanup _temporary folders under output directory:false, ignore cleanup failures: false
2024-04-30T20:48:53,201  INFO [LocalJobRunner Map Task Executor #0] output.FileOutputCommitter: File Output Committer Algorithm version is 2
2024-04-30T20:48:53,201  INFO [LocalJobRunner Map Task Executor #0] output.FileOutputCommitter: FileOutputCommitter skip cleanup _temporary folders under output directory:false, ignore cleanup failures: false
2024-04-30T20:48:53,203  INFO [LocalJobRunner Map Task Executor #0] output.FileOutputCommitter: File Output Committer Algorithm version is 2
2024-04-30T20:48:53,203  INFO [LocalJobRunner Map Task Executor #0] output.FileOutputCommitter: FileOutputCommitter skip cleanup _temporary folders under output directory:false, ignore cleanup failures: false
2024-04-30T20:48:53,205  INFO [LocalJobRunner Map Task Executor #0] output.FileOutputCommitter: File Output Committer Algorithm version is 2
2024-04-30T20:48:53,205  INFO [LocalJobRunner Map Task Executor #0] output.FileOutputCommitter: FileOutputCommitter skip cleanup _temporary folders under output directory:false, ignore cleanup failures: false
2024-04-30T20:48:53,207  INFO [LocalJobRunner Map Task Executor #0] output.FileOutputCommitter: File Output Committer Algorithm version is 2
2024-04-30T20:48:53,207  INFO [LocalJobRunner Map Task Executor #0] output.FileOutputCommitter: FileOutputCommitter skip cleanup _temporary folders under output directory:false, ignore cleanup failures: false
2024-04-30T20:48:53,210  INFO [LocalJobRunner Map Task Executor #0] output.FileOutputCommitter: File Output Committer Algorithm version is 2
2024-04-30T20:48:53,210  INFO [LocalJobRunner Map Task Executor #0] output.FileOutputCommitter: FileOutputCommitter skip cleanup _temporary folders under output directory:false, ignore cleanup failures: false
2024-04-30T20:48:53,210  INFO [LocalJobRunner Map Task Executor #0] mapred.Task:  Using ResourceCalculatorProcessTree : [ ]
2024-04-30T20:48:53,211  INFO [LocalJobRunner Map Task Executor #0] mapred.MapTask: Processing split: Number of splits :1
Total Length = 54
Input split[0]:
   Length = 54
   ClassName: org.apache.hadoop.mapreduce.lib.input.FileSplit
   Locations:

-----------------------

2024-04-30T20:48:53,213  INFO [LocalJobRunner Map Task Executor #0] builtin.PigStorage: Using PigTextInputFormat
2024-04-30T20:48:53,213  INFO [LocalJobRunner Map Task Executor #0] mapReduceLayer.PigRecordReader: Current split being processed file:/home/alex/Repositories/hive/hcatalog/hcatalog-pig-adapter/build/test/data/org.apache.hive.hcatalog.mapreduce.HCatBaseTest-1714535317310/basic.input.data:0+54
2024-04-30T20:48:53,215  INFO [LocalJobRunner Map Task Executor #0] util.SpillableMemoryManager: Selected heap (PS Old Gen) of size 1431830528 to monitor. collectionUsageThreshold = 1064828928, usageThreshold = 1064828928
2024-04-30T20:48:53,215  INFO [LocalJobRunner Map Task Executor #0] data.SchemaTupleBackend: Key [pig.schematuple] was not set... will not generate code.
2024-04-30T20:48:53,219  INFO [LocalJobRunner Map Task Executor #0] mapReduceLayer.PigMapOnly$Map: Aliases being processed per job phase (AliasName[line,offset]): M: A[1,4],A[-1,-1],B2[6,5],B[5,4],C2[9,5],C[8,4] C:  R: 
2024-04-30T20:48:53,228  INFO [LocalJobRunner Map Task Executor #0] output.FileOutputCommitter: File Output Committer Algorithm version is 2
2024-04-30T20:48:53,228  INFO [LocalJobRunner Map Task Executor #0] output.FileOutputCommitter: FileOutputCommitter skip cleanup _temporary folders under output directory:false, ignore cleanup failures: false
2024-04-30T20:48:53,231  INFO [LocalJobRunner Map Task Executor #0] write.ParquetRecordWriterWrapper: initialize serde with table properties.
2024-04-30T20:48:53,231  INFO [LocalJobRunner Map Task Executor #0] write.ParquetRecordWriterWrapper: creating real writer to write at file:/home/alex/Repositories/hive/hcatalog/hcatalog-pig-adapter/build/test/data/org.apache.hive.hcatalog.mapreduce.HCatBaseTest-1714535317310/warehouse/junit_unparted_basic/_SCRATCH0,22551097241088314/_temporary/0/_temporary/attempt_local1441886317_0004_m_000000_0/part-m-00000
2024-04-30T20:48:53,231  INFO [LocalJobRunner Map Task Executor #0] codec.CodecConfig: Compression set to false
2024-04-30T20:48:53,231  INFO [LocalJobRunner Map Task Executor #0] codec.CodecConfig: Compression: UNCOMPRESSED
2024-04-30T20:48:53,231  INFO [LocalJobRunner Map Task Executor #0] hadoop.ParquetOutputFormat: Parquet block size to 134217728
2024-04-30T20:48:53,231  INFO [LocalJobRunner Map Task Executor #0] hadoop.ParquetOutputFormat: Parquet page size to 1048576
2024-04-30T20:48:53,231  INFO [LocalJobRunner Map Task Executor #0] hadoop.ParquetOutputFormat: Parquet dictionary page size to 1048576
2024-04-30T20:48:53,231  INFO [LocalJobRunner Map Task Executor #0] hadoop.ParquetOutputFormat: Dictionary is on
2024-04-30T20:48:53,231  INFO [LocalJobRunner Map Task Executor #0] hadoop.ParquetOutputFormat: Validation is off
2024-04-30T20:48:53,231  INFO [LocalJobRunner Map Task Executor #0] hadoop.ParquetOutputFormat: Writer version is: PARQUET_1_0
2024-04-30T20:48:53,231  INFO [LocalJobRunner Map Task Executor #0] hadoop.ParquetOutputFormat: Maximum row group padding size is 8388608 bytes
2024-04-30T20:48:53,231  INFO [LocalJobRunner Map Task Executor #0] hadoop.ParquetOutputFormat: Page size checking is: estimated
2024-04-30T20:48:53,231  INFO [LocalJobRunner Map Task Executor #0] hadoop.ParquetOutputFormat: Min row count for page size check is: 100
2024-04-30T20:48:53,231  INFO [LocalJobRunner Map Task Executor #0] hadoop.ParquetOutputFormat: Max row count for page size check is: 10000
2024-04-30T20:48:53,231  INFO [LocalJobRunner Map Task Executor #0] hadoop.ParquetOutputFormat: Truncate length for column indexes is: 64
2024-04-30T20:48:53,231  INFO [LocalJobRunner Map Task Executor #0] hadoop.ParquetOutputFormat: Truncate length for statistics min/max  is: 2147483647
2024-04-30T20:48:53,231  INFO [LocalJobRunner Map Task Executor #0] hadoop.ParquetOutputFormat: Page row count limit to 20000
2024-04-30T20:48:53,231  INFO [LocalJobRunner Map Task Executor #0] hadoop.ParquetOutputFormat: Writing page checksums is: on
2024-04-30T20:48:53,246  INFO [LocalJobRunner Map Task Executor #0] write.ParquetRecordWriterWrapper: real writer: org.apache.parquet.hadoop.ParquetRecordWriter@73a5f048
2024-04-30T20:48:53,250  INFO [LocalJobRunner Map Task Executor #0] output.FileOutputCommitter: File Output Committer Algorithm version is 2
2024-04-30T20:48:53,250  INFO [LocalJobRunner Map Task Executor #0] output.FileOutputCommitter: FileOutputCommitter skip cleanup _temporary folders under output directory:false, ignore cleanup failures: false
2024-04-30T20:48:53,252  INFO [LocalJobRunner Map Task Executor #0] write.ParquetRecordWriterWrapper: initialize serde with table properties.
2024-04-30T20:48:53,252  INFO [LocalJobRunner Map Task Executor #0] write.ParquetRecordWriterWrapper: creating real writer to write at file:/home/alex/Repositories/hive/hcatalog/hcatalog-pig-adapter/build/test/data/org.apache.hive.hcatalog.mapreduce.HCatBaseTest-1714535317310/warehouse/junit_specific_size/_SCRATCH0,27689638863876187/_temporary/0/_temporary/attempt_local1441886317_0004_m_000000_0/part-m-00000
2024-04-30T20:48:53,252  INFO [LocalJobRunner Map Task Executor #0] codec.CodecConfig: Compression set to false
2024-04-30T20:48:53,252  INFO [LocalJobRunner Map Task Executor #0] codec.CodecConfig: Compression: UNCOMPRESSED
2024-04-30T20:48:53,252  INFO [LocalJobRunner Map Task Executor #0] hadoop.ParquetOutputFormat: Parquet block size to 134217728
2024-04-30T20:48:53,252  INFO [LocalJobRunner Map Task Executor #0] hadoop.ParquetOutputFormat: Parquet page size to 1048576
2024-04-30T20:48:53,252  INFO [LocalJobRunner Map Task Executor #0] hadoop.ParquetOutputFormat: Parquet dictionary page size to 1048576
2024-04-30T20:48:53,252  INFO [LocalJobRunner Map Task Executor #0] hadoop.ParquetOutputFormat: Dictionary is on
2024-04-30T20:48:53,253  INFO [LocalJobRunner Map Task Executor #0] hadoop.ParquetOutputFormat: Validation is off
2024-04-30T20:48:53,253  INFO [LocalJobRunner Map Task Executor #0] hadoop.ParquetOutputFormat: Writer version is: PARQUET_1_0
2024-04-30T20:48:53,253  INFO [LocalJobRunner Map Task Executor #0] hadoop.ParquetOutputFormat: Maximum row group padding size is 8388608 bytes
2024-04-30T20:48:53,253  INFO [LocalJobRunner Map Task Executor #0] hadoop.ParquetOutputFormat: Page size checking is: estimated
2024-04-30T20:48:53,253  INFO [LocalJobRunner Map Task Executor #0] hadoop.ParquetOutputFormat: Min row count for page size check is: 100
2024-04-30T20:48:53,253  INFO [LocalJobRunner Map Task Executor #0] hadoop.ParquetOutputFormat: Max row count for page size check is: 10000
2024-04-30T20:48:53,253  INFO [LocalJobRunner Map Task Executor #0] hadoop.ParquetOutputFormat: Truncate length for column indexes is: 64
2024-04-30T20:48:53,253  INFO [LocalJobRunner Map Task Executor #0] hadoop.ParquetOutputFormat: Truncate length for statistics min/max  is: 2147483647
2024-04-30T20:48:53,253  INFO [LocalJobRunner Map Task Executor #0] hadoop.ParquetOutputFormat: Page row count limit to 20000
2024-04-30T20:48:53,253  INFO [LocalJobRunner Map Task Executor #0] hadoop.ParquetOutputFormat: Writing page checksums is: on
2024-04-30T20:48:53,253  INFO [JobControl] mapreduce.Job: The url to track the job: http://localhost:8080/
2024-04-30T20:48:53,254  WARN [JobControl] impl.MetricsSystemImpl: JobTracker metrics system already initialized!
2024-04-30T20:48:53,254  INFO [Thread-364] mapred.LocalJobRunner: OutputCommitter set in config null
2024-04-30T20:48:53,266  INFO [Thread-364] mapred.LocalJobRunner: OutputCommitter is org.apache.pig.backend.hadoop.executionengine.mapReduceLayer.PigOutputCommitter
2024-04-30T20:48:53,267  INFO [LocalJobRunner Map Task Executor #0] write.ParquetRecordWriterWrapper: real writer: org.apache.parquet.hadoop.ParquetRecordWriter@7c36f144
2024-04-30T20:48:53,269  INFO [Thread-364] mapred.LocalJobRunner: Waiting for map tasks
2024-04-30T20:48:53,269  INFO [LocalJobRunner Map Task Executor #0] mapred.LocalJobRunner: Starting task: attempt_local988608986_0005_m_000000_0
2024-04-30T20:48:53,272  INFO [LocalJobRunner Map Task Executor #0] output.FileOutputCommitter: File Output Committer Algorithm version is 2
2024-04-30T20:48:53,272  INFO [LocalJobRunner Map Task Executor #0] output.FileOutputCommitter: FileOutputCommitter skip cleanup _temporary folders under output directory:false, ignore cleanup failures: false
2024-04-30T20:48:53,274  INFO [LocalJobRunner Map Task Executor #0] write.ParquetRecordWriterWrapper: initialize serde with table properties.
2024-04-30T20:48:53,274  INFO [LocalJobRunner Map Task Executor #0] write.ParquetRecordWriterWrapper: creating real writer to write at file:/home/alex/Repositories/hive/hcatalog/hcatalog-pig-adapter/build/test/data/org.apache.hive.hcatalog.mapreduce.HCatBaseTest-1714535317310/warehouse/junit_specific_db.db/junit_specific_size2/_SCRATCH0,5566752782030547/_temporary/0/_temporary/attempt_local1441886317_0004_m_000000_0/part-m-00000
2024-04-30T20:48:53,275  INFO [LocalJobRunner Map Task Executor #0] codec.CodecConfig: Compression set to false
2024-04-30T20:48:53,275  INFO [LocalJobRunner Map Task Executor #0] codec.CodecConfig: Compression: UNCOMPRESSED
2024-04-30T20:48:53,275  INFO [LocalJobRunner Map Task Executor #0] hadoop.ParquetOutputFormat: Parquet block size to 134217728
2024-04-30T20:48:53,275  INFO [LocalJobRunner Map Task Executor #0] hadoop.ParquetOutputFormat: Parquet page size to 1048576
2024-04-30T20:48:53,275  INFO [LocalJobRunner Map Task Executor #0] hadoop.ParquetOutputFormat: Parquet dictionary page size to 1048576
2024-04-30T20:48:53,275  INFO [LocalJobRunner Map Task Executor #0] hadoop.ParquetOutputFormat: Dictionary is on
2024-04-30T20:48:53,275  INFO [LocalJobRunner Map Task Executor #0] hadoop.ParquetOutputFormat: Validation is off
2024-04-30T20:48:53,275  INFO [LocalJobRunner Map Task Executor #0] hadoop.ParquetOutputFormat: Writer version is: PARQUET_1_0
2024-04-30T20:48:53,275  INFO [LocalJobRunner Map Task Executor #0] hadoop.ParquetOutputFormat: Maximum row group padding size is 8388608 bytes
2024-04-30T20:48:53,275  INFO [LocalJobRunner Map Task Executor #0] hadoop.ParquetOutputFormat: Page size checking is: estimated
2024-04-30T20:48:53,275  INFO [LocalJobRunner Map Task Executor #0] hadoop.ParquetOutputFormat: Min row count for page size check is: 100
2024-04-30T20:48:53,275  INFO [LocalJobRunner Map Task Executor #0] hadoop.ParquetOutputFormat: Max row count for page size check is: 10000
2024-04-30T20:48:53,275  INFO [LocalJobRunner Map Task Executor #0] hadoop.ParquetOutputFormat: Truncate length for column indexes is: 64
2024-04-30T20:48:53,275  INFO [LocalJobRunner Map Task Executor #0] hadoop.ParquetOutputFormat: Truncate length for statistics min/max  is: 2147483647
2024-04-30T20:48:53,275  INFO [LocalJobRunner Map Task Executor #0] hadoop.ParquetOutputFormat: Page row count limit to 20000
2024-04-30T20:48:53,275  INFO [LocalJobRunner Map Task Executor #0] hadoop.ParquetOutputFormat: Writing page checksums is: on
2024-04-30T20:48:53,281  INFO [LocalJobRunner Map Task Executor #0] mapred.Task:  Using ResourceCalculatorProcessTree : [ ]
2024-04-30T20:48:53,281  WARN [JobControl] conf.HiveConf: HiveConf of name hive.llap.io.cache.orc.size does not exist
2024-04-30T20:48:53,281  WARN [JobControl] conf.HiveConf: HiveConf of name hive.dummyparam.test.server.specific.config.override does not exist
2024-04-30T20:48:53,282  WARN [JobControl] conf.HiveConf: HiveConf of name hive.metastore.metadb.dir does not exist
2024-04-30T20:48:53,282  WARN [JobControl] conf.HiveConf: HiveConf of name hive.llap.io.cache.orc.alloc.min does not exist
2024-04-30T20:48:53,282  WARN [JobControl] conf.HiveConf: HiveConf of name hive.dummyparam.test.server.specific.config.hivesite does not exist
2024-04-30T20:48:53,282  WARN [JobControl] conf.HiveConf: HiveConf of name hive.llap.io.cache.orc.alloc.max does not exist
2024-04-30T20:48:53,282  WARN [JobControl] conf.HiveConf: HiveConf of name hive.metastore.client.cache.maxSize does not exist
2024-04-30T20:48:53,282  WARN [JobControl] conf.HiveConf: HiveConf of name hive.dummyparam.test.server.specific.config.metastoresite does not exist
2024-04-30T20:48:53,282  WARN [JobControl] conf.HiveConf: HiveConf of name hive.metastore.client.cache.recordStats does not exist
2024-04-30T20:48:53,282  WARN [JobControl] conf.HiveConf: HiveConf of name hive.llap.io.cache.orc.arena.size does not exist
2024-04-30T20:48:53,282  WARN [JobControl] conf.HiveConf: HiveConf of name hive.stats.key.prefix.reserve.length does not exist
2024-04-30T20:48:53,282  INFO [LocalJobRunner Map Task Executor #0] mapred.MapTask: Processing split: Number of splits :1
Total Length = 65
Input split[0]:
   Length = 65
   ClassName: org.apache.hadoop.mapreduce.lib.input.FileSplit
   Locations:

-----------------------

2024-04-30T20:48:53,282  INFO [JobControl] common.HCatUtil: mapreduce.lib.hcatoutput.hive.conf is set. Applying configuration differences.
2024-04-30T20:48:53,283  INFO [JobControl] HiveMetaStore.audit: ugi=alex	ip=unknown-ip-addr	cmd=get_databases: @hive#NonExistentDatabaseUsedForHealthCheck	
2024-04-30T20:48:53,284  INFO [LocalJobRunner Map Task Executor #0] builtin.PigStorage: Using PigTextInputFormat
2024-04-30T20:48:53,284  INFO [LocalJobRunner Map Task Executor #0] mapReduceLayer.PigRecordReader: Current split being processed file:/home/alex/Repositories/hive/hcatalog/hcatalog-pig-adapter/build/test/data/org.apache.hive.hcatalog.mapreduce.HCatBaseTest-1714535317310/datetimestamp.input.data:0+65
2024-04-30T20:48:53,292  WARN [JobControl] mapreduce.JobResourceUploader: Hadoop command-line option parsing not performed. Implement the Tool interface and execute your application with ToolRunner to remedy this.
2024-04-30T20:48:53,293  INFO [LocalJobRunner Map Task Executor #0] util.SpillableMemoryManager: Selected heap (PS Old Gen) of size 1431830528 to monitor. collectionUsageThreshold = 1064828928, usageThreshold = 1064828928
2024-04-30T20:48:53,293  WARN [LocalJobRunner Map Task Executor #0] data.SchemaTupleBackend: SchemaTupleBackend has already been initialized
2024-04-30T20:48:53,296  INFO [LocalJobRunner Map Task Executor #0] mapReduceLayer.PigMapOnly$Map: Aliases being processed per job phase (AliasName[line,offset]): M: E[13,4],F[-1,-1] C:  R: 
2024-04-30T20:48:53,296  INFO [LocalJobRunner Map Task Executor #0] write.ParquetRecordWriterWrapper: real writer: org.apache.parquet.hadoop.ParquetRecordWriter@3a09876c
2024-04-30T20:48:53,300  WARN [JobControl] mapreduce.JobResourceUploader: No job jar file set.  User classes may not be found. See Job or Job#setJar(String).
2024-04-30T20:48:53,300  INFO [LocalJobRunner Map Task Executor #0] output.FileOutputCommitter: File Output Committer Algorithm version is 2
2024-04-30T20:48:53,300  INFO [LocalJobRunner Map Task Executor #0] output.FileOutputCommitter: FileOutputCommitter skip cleanup _temporary folders under output directory:false, ignore cleanup failures: false
2024-04-30T20:48:53,301  INFO [JobControl] builtin.PigStorage: Using PigTextInputFormat
2024-04-30T20:48:53,302  INFO [JobControl] input.FileInputFormat: Total input files to process : 1
2024-04-30T20:48:53,302  INFO [JobControl] util.MapRedUtil: Total input paths to process : 1
2024-04-30T20:48:53,302  INFO [JobControl] util.MapRedUtil: Total input paths (combined) to process : 1
2024-04-30T20:48:53,302  INFO [LocalJobRunner Map Task Executor #0] output.FileOutputCommitter: File Output Committer Algorithm version is 2
2024-04-30T20:48:53,302  INFO [LocalJobRunner Map Task Executor #0] output.FileOutputCommitter: FileOutputCommitter skip cleanup _temporary folders under output directory:false, ignore cleanup failures: false
2024-04-30T20:48:53,304  INFO [LocalJobRunner Map Task Executor #0] write.ParquetRecordWriterWrapper: initialize serde with table properties.
2024-04-30T20:48:53,305  INFO [LocalJobRunner Map Task Executor #0] write.ParquetRecordWriterWrapper: creating real writer to write at file:/home/alex/Repositories/hive/hcatalog/hcatalog-pig-adapter/build/test/data/org.apache.hive.hcatalog.mapreduce.HCatBaseTest-1714535317310/warehouse/junit_parted_basic/_SCRATCH0,8531715151635185/bkt=0/_temporary/0/_temporary/attempt_local1441886317_0004_m_000000_0/part-m-00000
2024-04-30T20:48:53,305  INFO [LocalJobRunner Map Task Executor #0] codec.CodecConfig: Compression set to false
2024-04-30T20:48:53,305  INFO [LocalJobRunner Map Task Executor #0] codec.CodecConfig: Compression: UNCOMPRESSED
2024-04-30T20:48:53,305  INFO [LocalJobRunner Map Task Executor #0] hadoop.ParquetOutputFormat: Parquet block size to 134217728
2024-04-30T20:48:53,305  INFO [LocalJobRunner Map Task Executor #0] hadoop.ParquetOutputFormat: Parquet page size to 1048576
2024-04-30T20:48:53,305  INFO [LocalJobRunner Map Task Executor #0] hadoop.ParquetOutputFormat: Parquet dictionary page size to 1048576
2024-04-30T20:48:53,305  INFO [LocalJobRunner Map Task Executor #0] hadoop.ParquetOutputFormat: Dictionary is on
2024-04-30T20:48:53,305  INFO [LocalJobRunner Map Task Executor #0] hadoop.ParquetOutputFormat: Validation is off
2024-04-30T20:48:53,305  INFO [LocalJobRunner Map Task Executor #0] hadoop.ParquetOutputFormat: Writer version is: PARQUET_1_0
2024-04-30T20:48:53,305  INFO [LocalJobRunner Map Task Executor #0] hadoop.ParquetOutputFormat: Maximum row group padding size is 8388608 bytes
2024-04-30T20:48:53,305  INFO [LocalJobRunner Map Task Executor #0] hadoop.ParquetOutputFormat: Page size checking is: estimated
2024-04-30T20:48:53,305  INFO [LocalJobRunner Map Task Executor #0] hadoop.ParquetOutputFormat: Min row count for page size check is: 100
2024-04-30T20:48:53,305  INFO [LocalJobRunner Map Task Executor #0] hadoop.ParquetOutputFormat: Max row count for page size check is: 10000
2024-04-30T20:48:53,305  INFO [LocalJobRunner Map Task Executor #0] hadoop.ParquetOutputFormat: Truncate length for column indexes is: 64
2024-04-30T20:48:53,305  INFO [LocalJobRunner Map Task Executor #0] hadoop.ParquetOutputFormat: Truncate length for statistics min/max  is: 2147483647
2024-04-30T20:48:53,305  INFO [LocalJobRunner Map Task Executor #0] hadoop.ParquetOutputFormat: Page row count limit to 20000
2024-04-30T20:48:53,305  INFO [LocalJobRunner Map Task Executor #0] hadoop.ParquetOutputFormat: Writing page checksums is: on
2024-04-30T20:48:53,318  INFO [LocalJobRunner Map Task Executor #0] output.FileOutputCommitter: File Output Committer Algorithm version is 2
2024-04-30T20:48:53,318  INFO [LocalJobRunner Map Task Executor #0] output.FileOutputCommitter: FileOutputCommitter skip cleanup _temporary folders under output directory:false, ignore cleanup failures: false
2024-04-30T20:48:53,319  INFO [LocalJobRunner Map Task Executor #0] write.ParquetRecordWriterWrapper: initialize serde with table properties.
2024-04-30T20:48:53,319  INFO [LocalJobRunner Map Task Executor #0] write.ParquetRecordWriterWrapper: creating real writer to write at file:/home/alex/Repositories/hive/hcatalog/hcatalog-pig-adapter/build/test/data/org.apache.hive.hcatalog.mapreduce.HCatBaseTest-1714535317310/warehouse/junit_parted_date/_DYN0.381641068153883/dt=2016-07-14 15%3A10%3A15/_temporary/0/_temporary/attempt_local988608986_0005_m_000000_0/part-m-00000
2024-04-30T20:48:53,319  INFO [LocalJobRunner Map Task Executor #0] codec.CodecConfig: Compression set to false
2024-04-30T20:48:53,319  INFO [LocalJobRunner Map Task Executor #0] codec.CodecConfig: Compression: UNCOMPRESSED
2024-04-30T20:48:53,319  INFO [LocalJobRunner Map Task Executor #0] hadoop.ParquetOutputFormat: Parquet block size to 134217728
2024-04-30T20:48:53,319  INFO [LocalJobRunner Map Task Executor #0] hadoop.ParquetOutputFormat: Parquet page size to 1048576
2024-04-30T20:48:53,319  INFO [LocalJobRunner Map Task Executor #0] hadoop.ParquetOutputFormat: Parquet dictionary page size to 1048576
2024-04-30T20:48:53,319  INFO [LocalJobRunner Map Task Executor #0] hadoop.ParquetOutputFormat: Dictionary is on
2024-04-30T20:48:53,319  INFO [LocalJobRunner Map Task Executor #0] hadoop.ParquetOutputFormat: Validation is off
2024-04-30T20:48:53,319  INFO [LocalJobRunner Map Task Executor #0] hadoop.ParquetOutputFormat: Writer version is: PARQUET_1_0
2024-04-30T20:48:53,319  INFO [LocalJobRunner Map Task Executor #0] hadoop.ParquetOutputFormat: Maximum row group padding size is 8388608 bytes
2024-04-30T20:48:53,319  INFO [LocalJobRunner Map Task Executor #0] hadoop.ParquetOutputFormat: Page size checking is: estimated
2024-04-30T20:48:53,319  INFO [LocalJobRunner Map Task Executor #0] hadoop.ParquetOutputFormat: Min row count for page size check is: 100
2024-04-30T20:48:53,319  INFO [LocalJobRunner Map Task Executor #0] hadoop.ParquetOutputFormat: Max row count for page size check is: 10000
2024-04-30T20:48:53,319  INFO [LocalJobRunner Map Task Executor #0] hadoop.ParquetOutputFormat: Truncate length for column indexes is: 64
2024-04-30T20:48:53,319  INFO [LocalJobRunner Map Task Executor #0] hadoop.ParquetOutputFormat: Truncate length for statistics min/max  is: 2147483647
2024-04-30T20:48:53,319  INFO [LocalJobRunner Map Task Executor #0] hadoop.ParquetOutputFormat: Page row count limit to 20000
2024-04-30T20:48:53,319  INFO [LocalJobRunner Map Task Executor #0] hadoop.ParquetOutputFormat: Writing page checksums is: on
2024-04-30T20:48:53,323  INFO [LocalJobRunner Map Task Executor #0] write.ParquetRecordWriterWrapper: real writer: org.apache.parquet.hadoop.ParquetRecordWriter@4017a538
2024-04-30T20:48:53,329  INFO [LocalJobRunner Map Task Executor #0] output.FileOutputCommitter: File Output Committer Algorithm version is 2
2024-04-30T20:48:53,330  INFO [LocalJobRunner Map Task Executor #0] output.FileOutputCommitter: FileOutputCommitter skip cleanup _temporary folders under output directory:false, ignore cleanup failures: false
2024-04-30T20:48:53,330  INFO [JobControl] mapreduce.JobSubmitter: number of splits:1
2024-04-30T20:48:53,332  INFO [LocalJobRunner Map Task Executor #0] write.ParquetRecordWriterWrapper: initialize serde with table properties.
2024-04-30T20:48:53,333  INFO [LocalJobRunner Map Task Executor #0] write.ParquetRecordWriterWrapper: creating real writer to write at file:/home/alex/Repositories/hive/hcatalog/hcatalog-pig-adapter/build/test/data/org.apache.hive.hcatalog.mapreduce.HCatBaseTest-1714535317310/warehouse/junit_parted_basic/_SCRATCH0,8338636417097274/bkt=1/_temporary/0/_temporary/attempt_local1441886317_0004_m_000000_0/part-m-00000
2024-04-30T20:48:53,333  INFO [LocalJobRunner Map Task Executor #0] codec.CodecConfig: Compression set to false
2024-04-30T20:48:53,333  INFO [LocalJobRunner Map Task Executor #0] codec.CodecConfig: Compression: UNCOMPRESSED
2024-04-30T20:48:53,333  INFO [LocalJobRunner Map Task Executor #0] hadoop.ParquetOutputFormat: Parquet block size to 134217728
2024-04-30T20:48:53,333  INFO [LocalJobRunner Map Task Executor #0] hadoop.ParquetOutputFormat: Parquet page size to 1048576
2024-04-30T20:48:53,333  INFO [LocalJobRunner Map Task Executor #0] hadoop.ParquetOutputFormat: Parquet dictionary page size to 1048576
2024-04-30T20:48:53,333  INFO [LocalJobRunner Map Task Executor #0] hadoop.ParquetOutputFormat: Dictionary is on
2024-04-30T20:48:53,333  INFO [LocalJobRunner Map Task Executor #0] hadoop.ParquetOutputFormat: Validation is off
2024-04-30T20:48:53,333  INFO [LocalJobRunner Map Task Executor #0] hadoop.ParquetOutputFormat: Writer version is: PARQUET_1_0
2024-04-30T20:48:53,333  INFO [LocalJobRunner Map Task Executor #0] hadoop.ParquetOutputFormat: Maximum row group padding size is 8388608 bytes
2024-04-30T20:48:53,333  INFO [LocalJobRunner Map Task Executor #0] hadoop.ParquetOutputFormat: Page size checking is: estimated
2024-04-30T20:48:53,333  INFO [LocalJobRunner Map Task Executor #0] hadoop.ParquetOutputFormat: Min row count for page size check is: 100
2024-04-30T20:48:53,333  INFO [LocalJobRunner Map Task Executor #0] hadoop.ParquetOutputFormat: Max row count for page size check is: 10000
2024-04-30T20:48:53,333  INFO [LocalJobRunner Map Task Executor #0] hadoop.ParquetOutputFormat: Truncate length for column indexes is: 64
2024-04-30T20:48:53,333  INFO [LocalJobRunner Map Task Executor #0] hadoop.ParquetOutputFormat: Truncate length for statistics min/max  is: 2147483647
2024-04-30T20:48:53,333  INFO [LocalJobRunner Map Task Executor #0] hadoop.ParquetOutputFormat: Page row count limit to 20000
2024-04-30T20:48:53,333  INFO [LocalJobRunner Map Task Executor #0] hadoop.ParquetOutputFormat: Writing page checksums is: on
2024-04-30T20:48:53,334  INFO [LocalJobRunner Map Task Executor #0] write.ParquetRecordWriterWrapper: real writer: org.apache.parquet.hadoop.ParquetRecordWriter@74db416c
2024-04-30T20:48:53,334  INFO [main] mapReduceLayer.MapReduceLauncher: HadoopJobId: job_local1441886317_0004
2024-04-30T20:48:53,334  INFO [main] mapReduceLayer.MapReduceLauncher: Processing aliases A,B,B2,C,C2
2024-04-30T20:48:53,334  INFO [main] mapReduceLayer.MapReduceLauncher: detailed locations: M: A[1,4],A[-1,-1],B2[6,5],B[5,4],C2[9,5],C[8,4] C:  R: 
2024-04-30T20:48:53,335  INFO [main] mapReduceLayer.MapReduceLauncher: HadoopJobId: job_local988608986_0005
2024-04-30T20:48:53,335  INFO [main] mapReduceLayer.MapReduceLauncher: Processing aliases E,F
2024-04-30T20:48:53,335  INFO [main] mapReduceLayer.MapReduceLauncher: detailed locations: M: E[13,4],F[-1,-1] C:  R: 
2024-04-30T20:48:53,338  INFO [LocalJobRunner Map Task Executor #0] output.FileOutputCommitter: File Output Committer Algorithm version is 2
2024-04-30T20:48:53,338  INFO [LocalJobRunner Map Task Executor #0] output.FileOutputCommitter: FileOutputCommitter skip cleanup _temporary folders under output directory:false, ignore cleanup failures: false
2024-04-30T20:48:53,350  INFO [LocalJobRunner Map Task Executor #0] write.ParquetRecordWriterWrapper: real writer: org.apache.parquet.hadoop.ParquetRecordWriter@3e739469
2024-04-30T20:48:53,350  INFO [LocalJobRunner Map Task Executor #0] output.FileOutputCommitter: File Output Committer Algorithm version is 2
2024-04-30T20:48:53,350  INFO [LocalJobRunner Map Task Executor #0] output.FileOutputCommitter: FileOutputCommitter skip cleanup _temporary folders under output directory:false, ignore cleanup failures: false
2024-04-30T20:48:53,351  INFO [LocalJobRunner Map Task Executor #0] write.ParquetRecordWriterWrapper: initialize serde with table properties.
2024-04-30T20:48:53,351  INFO [LocalJobRunner Map Task Executor #0] write.ParquetRecordWriterWrapper: creating real writer to write at file:/home/alex/Repositories/hive/hcatalog/hcatalog-pig-adapter/build/test/data/org.apache.hive.hcatalog.mapreduce.HCatBaseTest-1714535317310/warehouse/junit_parted_date/_DYN0.381641068153883/dt=2016-07-15 18%3A54%3A55/_temporary/0/_temporary/attempt_local988608986_0005_m_000000_0/part-m-00000
2024-04-30T20:48:53,351  INFO [LocalJobRunner Map Task Executor #0] codec.CodecConfig: Compression set to false
2024-04-30T20:48:53,351  INFO [LocalJobRunner Map Task Executor #0] codec.CodecConfig: Compression: UNCOMPRESSED
2024-04-30T20:48:53,351  INFO [LocalJobRunner Map Task Executor #0] hadoop.ParquetOutputFormat: Parquet block size to 134217728
2024-04-30T20:48:53,351  INFO [LocalJobRunner Map Task Executor #0] hadoop.ParquetOutputFormat: Parquet page size to 1048576
2024-04-30T20:48:53,351  INFO [LocalJobRunner Map Task Executor #0] hadoop.ParquetOutputFormat: Parquet dictionary page size to 1048576
2024-04-30T20:48:53,351  INFO [LocalJobRunner Map Task Executor #0] hadoop.ParquetOutputFormat: Dictionary is on
2024-04-30T20:48:53,351  INFO [LocalJobRunner Map Task Executor #0] hadoop.ParquetOutputFormat: Validation is off
2024-04-30T20:48:53,351  INFO [LocalJobRunner Map Task Executor #0] hadoop.ParquetOutputFormat: Writer version is: PARQUET_1_0
2024-04-30T20:48:53,351  INFO [LocalJobRunner Map Task Executor #0] hadoop.ParquetOutputFormat: Maximum row group padding size is 8388608 bytes
2024-04-30T20:48:53,351  INFO [LocalJobRunner Map Task Executor #0] hadoop.ParquetOutputFormat: Page size checking is: estimated
2024-04-30T20:48:53,351  INFO [LocalJobRunner Map Task Executor #0] hadoop.ParquetOutputFormat: Min row count for page size check is: 100
2024-04-30T20:48:53,351  INFO [LocalJobRunner Map Task Executor #0] hadoop.ParquetOutputFormat: Max row count for page size check is: 10000
2024-04-30T20:48:53,351  INFO [LocalJobRunner Map Task Executor #0] hadoop.ParquetOutputFormat: Truncate length for column indexes is: 64
2024-04-30T20:48:53,351  INFO [LocalJobRunner Map Task Executor #0] hadoop.ParquetOutputFormat: Truncate length for statistics min/max  is: 2147483647
2024-04-30T20:48:53,351  INFO [LocalJobRunner Map Task Executor #0] hadoop.ParquetOutputFormat: Page row count limit to 20000
2024-04-30T20:48:53,351  INFO [LocalJobRunner Map Task Executor #0] hadoop.ParquetOutputFormat: Writing page checksums is: on
2024-04-30T20:48:53,352  INFO [JobControl] mapreduce.JobSubmitter: Submitting tokens for job: job_local718706028_0006
2024-04-30T20:48:53,352  INFO [JobControl] mapreduce.JobSubmitter: Executing with tokens: []
2024-04-30T20:48:53,366  INFO [LocalJobRunner Map Task Executor #0] write.ParquetRecordWriterWrapper: real writer: org.apache.parquet.hadoop.ParquetRecordWriter@56a90699
2024-04-30T20:48:53,371  INFO [LocalJobRunner Map Task Executor #0] mapred.LocalJobRunner: 
2024-04-30T20:48:53,379  INFO [LocalJobRunner Map Task Executor #0] mapreduce.TaskCommitContextRegistry: Registering committer for TaskAttemptID:attempt_local988608986_0005_m_000000_0@file:/home/alex/Repositories/hive/hcatalog/hcatalog-pig-adapter/build/test/data/org.apache.hive.hcatalog.mapreduce.HCatBaseTest-1714535317310/warehouse/junit_parted_date/_DYN0.381641068153883/dt=__HIVE_DEFAULT_PARTITION__
2024-04-30T20:48:53,379  INFO [LocalJobRunner Map Task Executor #0] mapred.Task: Task:attempt_local988608986_0005_m_000000_0 is done. And is in the process of committing
2024-04-30T20:48:53,381  INFO [LocalJobRunner Map Task Executor #0] mapred.LocalJobRunner: 
2024-04-30T20:48:53,381  INFO [LocalJobRunner Map Task Executor #0] mapred.Task: Task attempt_local988608986_0005_m_000000_0 is allowed to commit now
2024-04-30T20:48:53,382  INFO [LocalJobRunner Map Task Executor #0] mapreduce.TaskCommitContextRegistry: Committing TaskAttempt:attempt_local988608986_0005_m_000000_0@file:/home/alex/Repositories/hive/hcatalog/hcatalog-pig-adapter/build/test/data/org.apache.hive.hcatalog.mapreduce.HCatBaseTest-1714535317310/warehouse/junit_parted_date/_DYN0.381641068153883/dt=__HIVE_DEFAULT_PARTITION__
2024-04-30T20:48:53,383  INFO [LocalJobRunner Map Task Executor #0] mapreduce.DynamicPartitionFileRecordWriterContainer: Committing task-attempt for file:/home/alex/Repositories/hive/hcatalog/hcatalog-pig-adapter/build/test/data/org.apache.hive.hcatalog.mapreduce.HCatBaseTest-1714535317310/warehouse/junit_parted_date/_DYN0.381641068153883/dt=2016-07-14 15%3A10%3A15
2024-04-30T20:48:53,384  INFO [LocalJobRunner Map Task Executor #0] output.FileOutputCommitter: Saved output of task 'attempt_local988608986_0005_m_000000_0' to file:/home/alex/Repositories/hive/hcatalog/hcatalog-pig-adapter/build/test/data/org.apache.hive.hcatalog.mapreduce.HCatBaseTest-1714535317310/warehouse/junit_parted_date/_DYN0.381641068153883/dt=2016-07-14 15%3A10%3A15
2024-04-30T20:48:53,384  INFO [LocalJobRunner Map Task Executor #0] mapreduce.DynamicPartitionFileRecordWriterContainer: Committing task-attempt for file:/home/alex/Repositories/hive/hcatalog/hcatalog-pig-adapter/build/test/data/org.apache.hive.hcatalog.mapreduce.HCatBaseTest-1714535317310/warehouse/junit_parted_date/_DYN0.381641068153883/dt=2016-07-15 18%3A54%3A55
2024-04-30T20:48:53,385  INFO [LocalJobRunner Map Task Executor #0] output.FileOutputCommitter: Saved output of task 'attempt_local988608986_0005_m_000000_0' to file:/home/alex/Repositories/hive/hcatalog/hcatalog-pig-adapter/build/test/data/org.apache.hive.hcatalog.mapreduce.HCatBaseTest-1714535317310/warehouse/junit_parted_date/_DYN0.381641068153883/dt=2016-07-15 18%3A54%3A55
2024-04-30T20:48:53,386  INFO [LocalJobRunner Map Task Executor #0] mapreduce.TaskCommitContextRegistry: Discarding all cleanup for TaskAttemptID:attempt_local988608986_0005_m_000000_0@file:/home/alex/Repositories/hive/hcatalog/hcatalog-pig-adapter/build/test/data/org.apache.hive.hcatalog.mapreduce.HCatBaseTest-1714535317310/warehouse/junit_parted_date/_DYN0.381641068153883/dt=__HIVE_DEFAULT_PARTITION__
2024-04-30T20:48:53,386  INFO [LocalJobRunner Map Task Executor #0] mapred.LocalJobRunner: map
2024-04-30T20:48:53,387  INFO [LocalJobRunner Map Task Executor #0] mapred.Task: Task 'attempt_local988608986_0005_m_000000_0' done.
2024-04-30T20:48:53,387  INFO [LocalJobRunner Map Task Executor #0] mapred.Task: Final Counters for attempt_local988608986_0005_m_000000_0: Counters: 16
	File System Counters
		FILE: Number of bytes read=16305
		FILE: Number of bytes written=3282197
		FILE: Number of read operations=0
		FILE: Number of large read operations=0
		FILE: Number of write operations=0
	Map-Reduce Framework
		Map input records=2
		Map output records=2
		Input split bytes=494
		Spilled Records=0
		Failed Shuffles=0
		Merged Map outputs=0
		GC time elapsed (ms)=0
		Total committed heap usage (bytes)=1061683200
	MultiStoreCounters
		Output records in _2_junit_specific_db.junit_specific_size2=0
	File Input Format Counters 
		Bytes Read=0
	File Output Format Counters 
		Bytes Written=0
2024-04-30T20:48:53,387  INFO [LocalJobRunner Map Task Executor #0] mapred.LocalJobRunner: Finishing task: attempt_local988608986_0005_m_000000_0
2024-04-30T20:48:53,387  INFO [Thread-364] mapred.LocalJobRunner: map task executor complete.
2024-04-30T20:48:53,395  INFO [LocalJobRunner Map Task Executor #0] mapred.LocalJobRunner: 
2024-04-30T20:48:53,395  INFO [Thread-364] output.FileOutputCommitter: File Output Committer Algorithm version is 2
2024-04-30T20:48:53,395  INFO [Thread-364] output.FileOutputCommitter: FileOutputCommitter skip cleanup _temporary folders under output directory:false, ignore cleanup failures: false
2024-04-30T20:48:53,395  INFO [LocalJobRunner Map Task Executor #0] mapred.Task: Task:attempt_local1441886317_0004_m_000000_0 is done. And is in the process of committing
2024-04-30T20:48:53,397  INFO [LocalJobRunner Map Task Executor #0] output.FileOutputCommitter: File Output Committer Algorithm version is 2
2024-04-30T20:48:53,397  INFO [LocalJobRunner Map Task Executor #0] output.FileOutputCommitter: FileOutputCommitter skip cleanup _temporary folders under output directory:false, ignore cleanup failures: false
2024-04-30T20:48:53,402  INFO [LocalJobRunner Map Task Executor #0] mapred.LocalJobRunner: 
2024-04-30T20:48:53,403  INFO [LocalJobRunner Map Task Executor #0] mapred.Task: Task attempt_local1441886317_0004_m_000000_0 is allowed to commit now
2024-04-30T20:48:53,404  INFO [LocalJobRunner Map Task Executor #0] output.FileOutputCommitter: File Output Committer Algorithm version is 2
2024-04-30T20:48:53,404  INFO [Thread-364] output.FileOutputCommitter: File Output Committer Algorithm version is 2
2024-04-30T20:48:53,404  INFO [Thread-364] output.FileOutputCommitter: FileOutputCommitter skip cleanup _temporary folders under output directory:false, ignore cleanup failures: false
2024-04-30T20:48:53,405  INFO [LocalJobRunner Map Task Executor #0] output.FileOutputCommitter: FileOutputCommitter skip cleanup _temporary folders under output directory:false, ignore cleanup failures: false
2024-04-30T20:48:53,407  INFO [LocalJobRunner Map Task Executor #0] output.FileOutputCommitter: Saved output of task 'attempt_local1441886317_0004_m_000000_0' to file:/home/alex/Repositories/hive/hcatalog/hcatalog-pig-adapter/build/test/data/org.apache.hive.hcatalog.mapreduce.HCatBaseTest-1714535317310/warehouse/junit_unparted_basic/_SCRATCH0,22551097241088314
2024-04-30T20:48:53,408  INFO [LocalJobRunner Map Task Executor #0] output.FileOutputCommitter: File Output Committer Algorithm version is 2
2024-04-30T20:48:53,409  INFO [LocalJobRunner Map Task Executor #0] output.FileOutputCommitter: FileOutputCommitter skip cleanup _temporary folders under output directory:false, ignore cleanup failures: false
2024-04-30T20:48:53,411  INFO [LocalJobRunner Map Task Executor #0] output.FileOutputCommitter: Saved output of task 'attempt_local1441886317_0004_m_000000_0' to file:/home/alex/Repositories/hive/hcatalog/hcatalog-pig-adapter/build/test/data/org.apache.hive.hcatalog.mapreduce.HCatBaseTest-1714535317310/warehouse/junit_specific_size/_SCRATCH0,27689638863876187
2024-04-30T20:48:53,412  INFO [LocalJobRunner Map Task Executor #0] output.FileOutputCommitter: File Output Committer Algorithm version is 2
2024-04-30T20:48:53,412  INFO [LocalJobRunner Map Task Executor #0] output.FileOutputCommitter: FileOutputCommitter skip cleanup _temporary folders under output directory:false, ignore cleanup failures: false
2024-04-30T20:48:53,414  INFO [LocalJobRunner Map Task Executor #0] output.FileOutputCommitter: Saved output of task 'attempt_local1441886317_0004_m_000000_0' to file:/home/alex/Repositories/hive/hcatalog/hcatalog-pig-adapter/build/test/data/org.apache.hive.hcatalog.mapreduce.HCatBaseTest-1714535317310/warehouse/junit_specific_db.db/junit_specific_size2/_SCRATCH0,5566752782030547
2024-04-30T20:48:53,415  INFO [LocalJobRunner Map Task Executor #0] output.FileOutputCommitter: File Output Committer Algorithm version is 2
2024-04-30T20:48:53,415  INFO [LocalJobRunner Map Task Executor #0] output.FileOutputCommitter: FileOutputCommitter skip cleanup _temporary folders under output directory:false, ignore cleanup failures: false
2024-04-30T20:48:53,417  INFO [LocalJobRunner Map Task Executor #0] output.FileOutputCommitter: Saved output of task 'attempt_local1441886317_0004_m_000000_0' to file:/home/alex/Repositories/hive/hcatalog/hcatalog-pig-adapter/build/test/data/org.apache.hive.hcatalog.mapreduce.HCatBaseTest-1714535317310/warehouse/junit_parted_basic/_SCRATCH0,8531715151635185/bkt=0
2024-04-30T20:48:53,418  INFO [LocalJobRunner Map Task Executor #0] output.FileOutputCommitter: File Output Committer Algorithm version is 2
2024-04-30T20:48:53,418  INFO [LocalJobRunner Map Task Executor #0] output.FileOutputCommitter: FileOutputCommitter skip cleanup _temporary folders under output directory:false, ignore cleanup failures: false
2024-04-30T20:48:53,420  INFO [LocalJobRunner Map Task Executor #0] output.FileOutputCommitter: Saved output of task 'attempt_local1441886317_0004_m_000000_0' to file:/home/alex/Repositories/hive/hcatalog/hcatalog-pig-adapter/build/test/data/org.apache.hive.hcatalog.mapreduce.HCatBaseTest-1714535317310/warehouse/junit_parted_basic/_SCRATCH0,8338636417097274/bkt=1
2024-04-30T20:48:53,420  INFO [LocalJobRunner Map Task Executor #0] mapred.LocalJobRunner: map
2024-04-30T20:48:53,421  INFO [LocalJobRunner Map Task Executor #0] mapred.Task: Task 'attempt_local1441886317_0004_m_000000_0' done.
2024-04-30T20:48:53,421  INFO [LocalJobRunner Map Task Executor #0] mapred.Task: Final Counters for attempt_local1441886317_0004_m_000000_0: Counters: 20
	File System Counters
		FILE: Number of bytes read=17793
		FILE: Number of bytes written=3700047
		FILE: Number of read operations=0
		FILE: Number of large read operations=0
		FILE: Number of write operations=0
	Map-Reduce Framework
		Map input records=9
		Map output records=0
		Input split bytes=486
		Spilled Records=0
		Failed Shuffles=0
		Merged Map outputs=0
		GC time elapsed (ms)=0
		Total committed heap usage (bytes)=1061683200
	MultiStoreCounters
		Output records in _0_junit_unparted_basic=9
		Output records in _1_junit_specific_size=9
		Output records in _2_junit_specific_db.junit_specific_size2=9
		Output records in _3_junit_parted_basic=3
		Output records in _4_junit_parted_basic=6
	File Input Format Counters 
		Bytes Read=0
	File Output Format Counters 
		Bytes Written=0
2024-04-30T20:48:53,421  INFO [LocalJobRunner Map Task Executor #0] mapred.LocalJobRunner: Finishing task: attempt_local1441886317_0004_m_000000_0
2024-04-30T20:48:53,421  INFO [Thread-324] mapred.LocalJobRunner: map task executor complete.
2024-04-30T20:48:53,429  INFO [JobControl] mapreduce.Job: The url to track the job: http://localhost:8080/
2024-04-30T20:48:53,430  INFO [Thread-415] mapred.LocalJobRunner: OutputCommitter set in config null
2024-04-30T20:48:53,430  INFO [main] mapReduceLayer.MapReduceLauncher: HadoopJobId: job_local718706028_0006
2024-04-30T20:48:53,430  INFO [main] mapReduceLayer.MapReduceLauncher: Processing aliases D
2024-04-30T20:48:53,430  INFO [main] mapReduceLayer.MapReduceLauncher: detailed locations: M: D[11,4],D[-1,-1] C:  R: 
2024-04-30T20:48:53,433  INFO [main] mapReduceLayer.MapReduceLauncher: 33% complete
2024-04-30T20:48:53,434  INFO [main] mapReduceLayer.MapReduceLauncher: Running jobs are [job_local1441886317_0004,job_local988608986_0005,job_local718706028_0006]
2024-04-30T20:48:53,440  INFO [Thread-415] output.FileOutputCommitter: File Output Committer Algorithm version is 2
2024-04-30T20:48:53,440  INFO [Thread-415] output.FileOutputCommitter: FileOutputCommitter skip cleanup _temporary folders under output directory:false, ignore cleanup failures: false
2024-04-30T20:48:53,442  INFO [Thread-415] mapred.LocalJobRunner: OutputCommitter is org.apache.pig.backend.hadoop.executionengine.mapReduceLayer.PigOutputCommitter
2024-04-30T20:48:53,443  INFO [Thread-415] output.FileOutputCommitter: File Output Committer Algorithm version is 2
2024-04-30T20:48:53,443  INFO [Thread-415] output.FileOutputCommitter: FileOutputCommitter skip cleanup _temporary folders under output directory:false, ignore cleanup failures: false
2024-04-30T20:48:53,453  INFO [Thread-415] mapred.LocalJobRunner: Waiting for map tasks
2024-04-30T20:48:53,453  INFO [LocalJobRunner Map Task Executor #0] mapred.LocalJobRunner: Starting task: attempt_local718706028_0006_m_000000_0
2024-04-30T20:48:53,460  INFO [LocalJobRunner Map Task Executor #0] output.FileOutputCommitter: File Output Committer Algorithm version is 2
2024-04-30T20:48:53,460  INFO [LocalJobRunner Map Task Executor #0] output.FileOutputCommitter: FileOutputCommitter skip cleanup _temporary folders under output directory:false, ignore cleanup failures: false
2024-04-30T20:48:53,462  INFO [LocalJobRunner Map Task Executor #0] output.FileOutputCommitter: File Output Committer Algorithm version is 2
2024-04-30T20:48:53,462  INFO [LocalJobRunner Map Task Executor #0] output.FileOutputCommitter: FileOutputCommitter skip cleanup _temporary folders under output directory:false, ignore cleanup failures: false
2024-04-30T20:48:53,463  INFO [LocalJobRunner Map Task Executor #0] mapred.Task:  Using ResourceCalculatorProcessTree : [ ]
2024-04-30T20:48:53,463  INFO [LocalJobRunner Map Task Executor #0] mapred.MapTask: Processing split: Number of splits :1
Total Length = 342
Input split[0]:
   Length = 342
   ClassName: org.apache.hadoop.mapreduce.lib.input.FileSplit
   Locations:

-----------------------

2024-04-30T20:48:53,464  INFO [LocalJobRunner Map Task Executor #0] builtin.PigStorage: Using PigTextInputFormat
2024-04-30T20:48:53,464  INFO [LocalJobRunner Map Task Executor #0] mapReduceLayer.PigRecordReader: Current split being processed file:/home/alex/Repositories/hive/hcatalog/hcatalog-pig-adapter/build/test/data/org.apache.hive.hcatalog.mapreduce.HCatBaseTest-1714535317310/complex.input.data:0+342
2024-04-30T20:48:53,466  WARN [Thread-364] conf.HiveConf: HiveConf of name hive.llap.io.cache.orc.size does not exist
2024-04-30T20:48:53,466  WARN [Thread-364] conf.HiveConf: HiveConf of name hive.dummyparam.test.server.specific.config.override does not exist
2024-04-30T20:48:53,466  WARN [Thread-364] conf.HiveConf: HiveConf of name hive.metastore.metadb.dir does not exist
2024-04-30T20:48:53,466  WARN [Thread-364] conf.HiveConf: HiveConf of name hive.llap.io.cache.orc.alloc.min does not exist
2024-04-30T20:48:53,466  WARN [Thread-364] conf.HiveConf: HiveConf of name hive.dummyparam.test.server.specific.config.hivesite does not exist
2024-04-30T20:48:53,466  WARN [Thread-364] conf.HiveConf: HiveConf of name hive.llap.io.cache.orc.alloc.max does not exist
2024-04-30T20:48:53,466  WARN [Thread-364] conf.HiveConf: HiveConf of name hive.metastore.client.cache.maxSize does not exist
2024-04-30T20:48:53,466  WARN [Thread-364] conf.HiveConf: HiveConf of name hive.dummyparam.test.server.specific.config.metastoresite does not exist
2024-04-30T20:48:53,466  WARN [Thread-364] conf.HiveConf: HiveConf of name hive.metastore.client.cache.recordStats does not exist
2024-04-30T20:48:53,466  WARN [Thread-364] conf.HiveConf: HiveConf of name hive.llap.io.cache.orc.arena.size does not exist
2024-04-30T20:48:53,466  WARN [Thread-364] conf.HiveConf: HiveConf of name hive.stats.key.prefix.reserve.length does not exist
2024-04-30T20:48:53,467  INFO [Thread-364] common.HCatUtil: mapreduce.lib.hcatoutput.hive.conf is set. Applying configuration differences.
2024-04-30T20:48:53,467  INFO [LocalJobRunner Map Task Executor #0] output.FileOutputCommitter: File Output Committer Algorithm version is 2
2024-04-30T20:48:53,467  INFO [LocalJobRunner Map Task Executor #0] output.FileOutputCommitter: FileOutputCommitter skip cleanup _temporary folders under output directory:false, ignore cleanup failures: false
2024-04-30T20:48:53,468  INFO [Thread-364] metastore.HiveMetaStoreClient: HMS client filtering is enabled.
2024-04-30T20:48:53,469  INFO [Thread-364] metastore.HMSHandler: 7: Opening raw store with implementation class:org.apache.hadoop.hive.metastore.ObjectStore
2024-04-30T20:48:53,469  INFO [Thread-364] metastore.PersistenceManagerProvider: Configuration datanucleus.autoStartMechanismMode is not set. Defaulting to 'ignored'
2024-04-30T20:48:53,469  INFO [Thread-364] metastore.ObjectStore: RawStore: org.apache.hadoop.hive.metastore.ObjectStore@53e3557f, with PersistenceManager: null will be shutdown
2024-04-30T20:48:53,470  INFO [Thread-364] metastore.ObjectStore: RawStore: org.apache.hadoop.hive.metastore.ObjectStore@53e3557f, with PersistenceManager: org.datanucleus.api.jdo.JDOPersistenceManager@1a4a3a8d created in the thread with id: 406
2024-04-30T20:48:53,470  INFO [LocalJobRunner Map Task Executor #0] write.ParquetRecordWriterWrapper: initialize serde with table properties.
2024-04-30T20:48:53,470  INFO [LocalJobRunner Map Task Executor #0] write.ParquetRecordWriterWrapper: creating real writer to write at file:/home/alex/Repositories/hive/hcatalog/hcatalog-pig-adapter/build/test/data/org.apache.hive.hcatalog.mapreduce.HCatBaseTest-1714535317310/warehouse/junit_unparted_complex/_SCRATCH0,22621944034768382/_temporary/0/_temporary/attempt_local718706028_0006_m_000000_0/part-m-00000
2024-04-30T20:48:53,470  INFO [LocalJobRunner Map Task Executor #0] codec.CodecConfig: Compression set to false
2024-04-30T20:48:53,470  INFO [LocalJobRunner Map Task Executor #0] codec.CodecConfig: Compression: UNCOMPRESSED
2024-04-30T20:48:53,470  INFO [LocalJobRunner Map Task Executor #0] hadoop.ParquetOutputFormat: Parquet block size to 134217728
2024-04-30T20:48:53,470  INFO [LocalJobRunner Map Task Executor #0] hadoop.ParquetOutputFormat: Parquet page size to 1048576
2024-04-30T20:48:53,470  INFO [LocalJobRunner Map Task Executor #0] hadoop.ParquetOutputFormat: Parquet dictionary page size to 1048576
2024-04-30T20:48:53,470  INFO [LocalJobRunner Map Task Executor #0] hadoop.ParquetOutputFormat: Dictionary is on
2024-04-30T20:48:53,470  INFO [LocalJobRunner Map Task Executor #0] hadoop.ParquetOutputFormat: Validation is off
2024-04-30T20:48:53,470  INFO [LocalJobRunner Map Task Executor #0] hadoop.ParquetOutputFormat: Writer version is: PARQUET_1_0
2024-04-30T20:48:53,470  INFO [LocalJobRunner Map Task Executor #0] hadoop.ParquetOutputFormat: Maximum row group padding size is 8388608 bytes
2024-04-30T20:48:53,470  INFO [LocalJobRunner Map Task Executor #0] hadoop.ParquetOutputFormat: Page size checking is: estimated
2024-04-30T20:48:53,470  INFO [LocalJobRunner Map Task Executor #0] hadoop.ParquetOutputFormat: Min row count for page size check is: 100
2024-04-30T20:48:53,470  INFO [LocalJobRunner Map Task Executor #0] hadoop.ParquetOutputFormat: Max row count for page size check is: 10000
2024-04-30T20:48:53,470  INFO [LocalJobRunner Map Task Executor #0] hadoop.ParquetOutputFormat: Truncate length for column indexes is: 64
2024-04-30T20:48:53,470  INFO [LocalJobRunner Map Task Executor #0] hadoop.ParquetOutputFormat: Truncate length for statistics min/max  is: 2147483647
2024-04-30T20:48:53,470  INFO [LocalJobRunner Map Task Executor #0] hadoop.ParquetOutputFormat: Page row count limit to 20000
2024-04-30T20:48:53,470  INFO [LocalJobRunner Map Task Executor #0] hadoop.ParquetOutputFormat: Writing page checksums is: on
2024-04-30T20:48:53,472  INFO [Thread-364] metastore.HMSHandler: Created RawStore: org.apache.hadoop.hive.metastore.ObjectStore@53e3557f from thread id: 406
2024-04-30T20:48:53,473  INFO [Thread-364] metastore.HMSHandler: HMS server filtering is disabled by configuration
2024-04-30T20:48:53,473  INFO [Thread-364] metastore.RetryingMetaStoreClient: RetryingMetaStoreClient proxy=class org.apache.hive.hcatalog.common.HiveClientCache$CacheableHiveMetaStoreClient ugi=alex (auth:SIMPLE) retries=1 delay=1 lifetime=0
2024-04-30T20:48:53,474  INFO [Thread-364] HiveMetaStore.audit: ugi=alex	ip=unknown-ip-addr	cmd=get_databases: @hive#NonExistentDatabaseUsedForHealthCheck	
2024-04-30T20:48:53,483  WARN [Thread-324] conf.HiveConf: HiveConf of name hive.llap.io.cache.orc.size does not exist
2024-04-30T20:48:53,483  WARN [Thread-324] conf.HiveConf: HiveConf of name hive.dummyparam.test.server.specific.config.override does not exist
2024-04-30T20:48:53,483  WARN [Thread-324] conf.HiveConf: HiveConf of name hive.metastore.metadb.dir does not exist
2024-04-30T20:48:53,483  WARN [Thread-324] conf.HiveConf: HiveConf of name hive.llap.io.cache.orc.alloc.min does not exist
2024-04-30T20:48:53,483  WARN [Thread-324] conf.HiveConf: HiveConf of name hive.dummyparam.test.server.specific.config.hivesite does not exist
2024-04-30T20:48:53,483  WARN [Thread-324] conf.HiveConf: HiveConf of name hive.llap.io.cache.orc.alloc.max does not exist
2024-04-30T20:48:53,483  WARN [Thread-324] conf.HiveConf: HiveConf of name hive.metastore.client.cache.maxSize does not exist
2024-04-30T20:48:53,483  WARN [Thread-324] conf.HiveConf: HiveConf of name hive.dummyparam.test.server.specific.config.metastoresite does not exist
2024-04-30T20:48:53,483  WARN [Thread-324] conf.HiveConf: HiveConf of name hive.metastore.client.cache.recordStats does not exist
2024-04-30T20:48:53,483  WARN [Thread-324] conf.HiveConf: HiveConf of name hive.llap.io.cache.orc.arena.size does not exist
2024-04-30T20:48:53,483  WARN [Thread-324] conf.HiveConf: HiveConf of name hive.stats.key.prefix.reserve.length does not exist
2024-04-30T20:48:53,483  INFO [Thread-324] common.HCatUtil: mapreduce.lib.hcatoutput.hive.conf is set. Applying configuration differences.
2024-04-30T20:48:53,484  INFO [Thread-324] metastore.HiveMetaStoreClient: HMS client filtering is enabled.
2024-04-30T20:48:53,485  INFO [Thread-324] metastore.HMSHandler: 8: Opening raw store with implementation class:org.apache.hadoop.hive.metastore.ObjectStore
2024-04-30T20:48:53,485  INFO [Thread-324] metastore.PersistenceManagerProvider: Configuration datanucleus.autoStartMechanismMode is not set. Defaulting to 'ignored'
2024-04-30T20:48:53,486  INFO [Thread-324] metastore.ObjectStore: RawStore: org.apache.hadoop.hive.metastore.ObjectStore@1002af95, with PersistenceManager: null will be shutdown
2024-04-30T20:48:53,486  INFO [Thread-324] metastore.ObjectStore: RawStore: org.apache.hadoop.hive.metastore.ObjectStore@1002af95, with PersistenceManager: org.datanucleus.api.jdo.JDOPersistenceManager@11d57029 created in the thread with id: 365
2024-04-30T20:48:53,486  INFO [LocalJobRunner Map Task Executor #0] write.ParquetRecordWriterWrapper: real writer: org.apache.parquet.hadoop.ParquetRecordWriter@448a1acd
2024-04-30T20:48:53,489  INFO [Thread-324] metastore.HMSHandler: Created RawStore: org.apache.hadoop.hive.metastore.ObjectStore@1002af95 from thread id: 365
2024-04-30T20:48:53,489  INFO [LocalJobRunner Map Task Executor #0] util.SpillableMemoryManager: Selected heap (PS Old Gen) of size 1431830528 to monitor. collectionUsageThreshold = 1064828928, usageThreshold = 1064828928
2024-04-30T20:48:53,489  INFO [Thread-324] metastore.HMSHandler: HMS server filtering is disabled by configuration
2024-04-30T20:48:53,489  WARN [LocalJobRunner Map Task Executor #0] data.SchemaTupleBackend: SchemaTupleBackend has already been initialized
2024-04-30T20:48:53,489  INFO [Thread-324] metastore.RetryingMetaStoreClient: RetryingMetaStoreClient proxy=class org.apache.hive.hcatalog.common.HiveClientCache$CacheableHiveMetaStoreClient ugi=alex (auth:SIMPLE) retries=1 delay=1 lifetime=0
2024-04-30T20:48:53,490  INFO [Thread-324] HiveMetaStore.audit: ugi=alex	ip=unknown-ip-addr	cmd=get_databases: @hive#NonExistentDatabaseUsedForHealthCheck	
2024-04-30T20:48:53,492  INFO [LocalJobRunner Map Task Executor #0] mapReduceLayer.PigMapOnly$Map: Aliases being processed per job phase (AliasName[line,offset]): M: D[11,4],D[-1,-1] C:  R: 
2024-04-30T20:48:53,492  INFO [Thread-324] HiveMetaStore.audit: ugi=alex	ip=unknown-ip-addr	cmd=alter_table: hive.default.junit_unparted_basic newtbl=junit_unparted_basic	
2024-04-30T20:48:53,498  INFO [LocalJobRunner Map Task Executor #0] mapred.LocalJobRunner: 
2024-04-30T20:48:53,508  INFO [Thread-324] utils.MetaStoreServerUtils: Updating table stats for junit_unparted_basic
2024-04-30T20:48:53,508  INFO [Thread-324] utils.MetaStoreServerUtils: Updated size of table junit_unparted_basic to 647
2024-04-30T20:48:53,512  INFO [LocalJobRunner Map Task Executor #0] mapred.Task: Task:attempt_local718706028_0006_m_000000_0 is done. And is in the process of committing
2024-04-30T20:48:53,513  INFO [LocalJobRunner Map Task Executor #0] output.FileOutputCommitter: File Output Committer Algorithm version is 2
2024-04-30T20:48:53,517  INFO [LocalJobRunner Map Task Executor #0] output.FileOutputCommitter: FileOutputCommitter skip cleanup _temporary folders under output directory:false, ignore cleanup failures: false
2024-04-30T20:48:53,518  INFO [LocalJobRunner Map Task Executor #0] mapred.LocalJobRunner: 
2024-04-30T20:48:53,518  INFO [LocalJobRunner Map Task Executor #0] mapred.Task: Task attempt_local718706028_0006_m_000000_0 is allowed to commit now
2024-04-30T20:48:53,519  INFO [LocalJobRunner Map Task Executor #0] output.FileOutputCommitter: File Output Committer Algorithm version is 2
2024-04-30T20:48:53,519  INFO [LocalJobRunner Map Task Executor #0] output.FileOutputCommitter: FileOutputCommitter skip cleanup _temporary folders under output directory:false, ignore cleanup failures: false
2024-04-30T20:48:53,519  INFO [Thread-324] mapreduce.FileOutputCommitterContainer: Cancelling delegation token for the job.
2024-04-30T20:48:53,520  INFO [LocalJobRunner Map Task Executor #0] output.FileOutputCommitter: Saved output of task 'attempt_local718706028_0006_m_000000_0' to file:/home/alex/Repositories/hive/hcatalog/hcatalog-pig-adapter/build/test/data/org.apache.hive.hcatalog.mapreduce.HCatBaseTest-1714535317310/warehouse/junit_unparted_complex/_SCRATCH0,22621944034768382
2024-04-30T20:48:53,521  INFO [LocalJobRunner Map Task Executor #0] mapred.LocalJobRunner: map
2024-04-30T20:48:53,521  INFO [LocalJobRunner Map Task Executor #0] mapred.Task: Task 'attempt_local718706028_0006_m_000000_0' done.
2024-04-30T20:48:53,521  INFO [LocalJobRunner Map Task Executor #0] mapred.Task: Final Counters for attempt_local718706028_0006_m_000000_0: Counters: 15
	File System Counters
		FILE: Number of bytes read=20463
		FILE: Number of bytes written=3702747
		FILE: Number of read operations=0
		FILE: Number of large read operations=0
		FILE: Number of write operations=0
	Map-Reduce Framework
		Map input records=2
		Map output records=2
		Input split bytes=488
		Spilled Records=0
		Failed Shuffles=0
		Merged Map outputs=0
		GC time elapsed (ms)=0
		Total committed heap usage (bytes)=1061683200
	File Input Format Counters 
		Bytes Read=0
	File Output Format Counters 
		Bytes Written=0
2024-04-30T20:48:53,521  INFO [LocalJobRunner Map Task Executor #0] mapred.LocalJobRunner: Finishing task: attempt_local718706028_0006_m_000000_0
2024-04-30T20:48:53,522  INFO [Thread-415] mapred.LocalJobRunner: map task executor complete.
2024-04-30T20:48:53,535  WARN [Thread-364] conf.HiveConf: HiveConf of name hive.llap.io.cache.orc.size does not exist
2024-04-30T20:48:53,535  WARN [Thread-364] conf.HiveConf: HiveConf of name hive.dummyparam.test.server.specific.config.override does not exist
2024-04-30T20:48:53,535  WARN [Thread-364] conf.HiveConf: HiveConf of name hive.metastore.metadb.dir does not exist
2024-04-30T20:48:53,535  WARN [Thread-364] conf.HiveConf: HiveConf of name hive.llap.io.cache.orc.alloc.min does not exist
2024-04-30T20:48:53,535  WARN [Thread-364] conf.HiveConf: HiveConf of name hive.dummyparam.test.server.specific.config.hivesite does not exist
2024-04-30T20:48:53,535  WARN [Thread-364] conf.HiveConf: HiveConf of name hive.llap.io.cache.orc.alloc.max does not exist
2024-04-30T20:48:53,536  WARN [Thread-364] conf.HiveConf: HiveConf of name hive.metastore.client.cache.maxSize does not exist
2024-04-30T20:48:53,536  WARN [Thread-364] conf.HiveConf: HiveConf of name hive.dummyparam.test.server.specific.config.metastoresite does not exist
2024-04-30T20:48:53,536  WARN [Thread-364] conf.HiveConf: HiveConf of name hive.metastore.client.cache.recordStats does not exist
2024-04-30T20:48:53,536  WARN [Thread-364] conf.HiveConf: HiveConf of name hive.llap.io.cache.orc.arena.size does not exist
2024-04-30T20:48:53,536  WARN [Thread-364] conf.HiveConf: HiveConf of name hive.stats.key.prefix.reserve.length does not exist
2024-04-30T20:48:53,536  INFO [Thread-364] mapreduce.FileOutputCommitterContainer: HAR not is not being used. The table junit_parted_date has new partitions [{dt=2016-07-14 15:10:15}, {dt=2016-07-15 18:54:55}].
2024-04-30T20:48:53,576  WARN [Thread-324] conf.HiveConf: HiveConf of name hive.llap.io.cache.orc.size does not exist
2024-04-30T20:48:53,576  WARN [Thread-324] conf.HiveConf: HiveConf of name hive.dummyparam.test.server.specific.config.override does not exist
2024-04-30T20:48:53,576  WARN [Thread-324] conf.HiveConf: HiveConf of name hive.metastore.metadb.dir does not exist
2024-04-30T20:48:53,577  WARN [Thread-324] conf.HiveConf: HiveConf of name hive.llap.io.cache.orc.alloc.min does not exist
2024-04-30T20:48:53,577  WARN [Thread-324] conf.HiveConf: HiveConf of name hive.dummyparam.test.server.specific.config.hivesite does not exist
2024-04-30T20:48:53,577  WARN [Thread-324] conf.HiveConf: HiveConf of name hive.llap.io.cache.orc.alloc.max does not exist
2024-04-30T20:48:53,577  WARN [Thread-324] conf.HiveConf: HiveConf of name hive.metastore.client.cache.maxSize does not exist
2024-04-30T20:48:53,577  WARN [Thread-324] conf.HiveConf: HiveConf of name hive.dummyparam.test.server.specific.config.metastoresite does not exist
2024-04-30T20:48:53,577  WARN [Thread-324] conf.HiveConf: HiveConf of name hive.metastore.client.cache.recordStats does not exist
2024-04-30T20:48:53,577  WARN [Thread-324] conf.HiveConf: HiveConf of name hive.llap.io.cache.orc.arena.size does not exist
2024-04-30T20:48:53,577  WARN [Thread-324] conf.HiveConf: HiveConf of name hive.stats.key.prefix.reserve.length does not exist
2024-04-30T20:48:53,577  INFO [Thread-324] common.HCatUtil: mapreduce.lib.hcatoutput.hive.conf is set. Applying configuration differences.
2024-04-30T20:48:53,577  INFO [Thread-324] HiveMetaStore.audit: ugi=alex	ip=unknown-ip-addr	cmd=get_databases: @hive#NonExistentDatabaseUsedForHealthCheck	
2024-04-30T20:48:53,578  WARN [Thread-415] conf.HiveConf: HiveConf of name hive.llap.io.cache.orc.size does not exist
2024-04-30T20:48:53,578  WARN [Thread-415] conf.HiveConf: HiveConf of name hive.dummyparam.test.server.specific.config.override does not exist
2024-04-30T20:48:53,578  WARN [Thread-415] conf.HiveConf: HiveConf of name hive.metastore.metadb.dir does not exist
2024-04-30T20:48:53,578  WARN [Thread-415] conf.HiveConf: HiveConf of name hive.llap.io.cache.orc.alloc.min does not exist
2024-04-30T20:48:53,578  WARN [Thread-415] conf.HiveConf: HiveConf of name hive.dummyparam.test.server.specific.config.hivesite does not exist
2024-04-30T20:48:53,578  WARN [Thread-415] conf.HiveConf: HiveConf of name hive.llap.io.cache.orc.alloc.max does not exist
2024-04-30T20:48:53,578  WARN [Thread-415] conf.HiveConf: HiveConf of name hive.metastore.client.cache.maxSize does not exist
2024-04-30T20:48:53,578  WARN [Thread-415] conf.HiveConf: HiveConf of name hive.dummyparam.test.server.specific.config.metastoresite does not exist
2024-04-30T20:48:53,578  WARN [Thread-415] conf.HiveConf: HiveConf of name hive.metastore.client.cache.recordStats does not exist
2024-04-30T20:48:53,578  WARN [Thread-415] conf.HiveConf: HiveConf of name hive.llap.io.cache.orc.arena.size does not exist
2024-04-30T20:48:53,578  WARN [Thread-415] conf.HiveConf: HiveConf of name hive.stats.key.prefix.reserve.length does not exist
2024-04-30T20:48:53,579  INFO [Thread-415] common.HCatUtil: mapreduce.lib.hcatoutput.hive.conf is set. Applying configuration differences.
2024-04-30T20:48:53,579  INFO [Thread-324] mapreduce.FileOutputCommitterContainer: FileOutputCommitterContainer::cancelDelegationTokens(): Could not find tokenStrForm, or HCAT_KEY_TOKEN_SIGNATURE. Skipping token cancellation.
2024-04-30T20:48:53,580  INFO [Thread-415] metastore.HiveMetaStoreClient: HMS client filtering is enabled.
2024-04-30T20:48:53,580  INFO [Thread-415] metastore.HMSHandler: 9: Opening raw store with implementation class:org.apache.hadoop.hive.metastore.ObjectStore
2024-04-30T20:48:53,580  INFO [Thread-415] metastore.PersistenceManagerProvider: Configuration datanucleus.autoStartMechanismMode is not set. Defaulting to 'ignored'
2024-04-30T20:48:53,581  INFO [Thread-415] metastore.ObjectStore: RawStore: org.apache.hadoop.hive.metastore.ObjectStore@65e791b9, with PersistenceManager: null will be shutdown
2024-04-30T20:48:53,581  INFO [Thread-415] metastore.ObjectStore: RawStore: org.apache.hadoop.hive.metastore.ObjectStore@65e791b9, with PersistenceManager: org.datanucleus.api.jdo.JDOPersistenceManager@1a5dd8fd created in the thread with id: 461
2024-04-30T20:48:53,582  INFO [Thread-364] HiveMetaStore.audit: ugi=alex	ip=unknown-ip-addr	cmd=add_partition	
2024-04-30T20:48:53,582  INFO [Thread-364] HiveMetaStore.audit: ugi=alex	ip=unknown-ip-addr	cmd=add_partitions	
2024-04-30T20:48:53,584  INFO [Thread-415] metastore.HMSHandler: Created RawStore: org.apache.hadoop.hive.metastore.ObjectStore@65e791b9 from thread id: 461
2024-04-30T20:48:53,584  INFO [Thread-415] metastore.HMSHandler: HMS server filtering is disabled by configuration
2024-04-30T20:48:53,585  INFO [Thread-415] metastore.RetryingMetaStoreClient: RetryingMetaStoreClient proxy=class org.apache.hive.hcatalog.common.HiveClientCache$CacheableHiveMetaStoreClient ugi=alex (auth:SIMPLE) retries=1 delay=1 lifetime=0
2024-04-30T20:48:53,585  INFO [Thread-415] HiveMetaStore.audit: ugi=alex	ip=unknown-ip-addr	cmd=get_databases: @hive#NonExistentDatabaseUsedForHealthCheck	
2024-04-30T20:48:53,587  INFO [Thread-415] HiveMetaStore.audit: ugi=alex	ip=unknown-ip-addr	cmd=alter_table: hive.default.junit_unparted_complex newtbl=junit_unparted_complex	
2024-04-30T20:48:53,599  INFO [HMSHandler #4] utils.MetaStoreServerUtils: Updating partition stats fast for: junit_parted_date
2024-04-30T20:48:53,600  INFO [HMSHandler #4] utils.MetaStoreServerUtils: Updated size to 476
2024-04-30T20:48:53,601  INFO [HMSHandler #5] utils.MetaStoreServerUtils: Updating partition stats fast for: junit_parted_date
2024-04-30T20:48:53,602  INFO [HMSHandler #5] utils.MetaStoreServerUtils: Updated size to 469
2024-04-30T20:48:53,605  INFO [Thread-415] utils.MetaStoreServerUtils: Updating table stats for junit_unparted_complex
2024-04-30T20:48:53,605  INFO [Thread-415] utils.MetaStoreServerUtils: Updated size of table junit_unparted_complex to 2660
2024-04-30T20:48:53,611  INFO [Thread-415] mapreduce.FileOutputCommitterContainer: Cancelling delegation token for the job.
2024-04-30T20:48:53,650  WARN [Thread-324] conf.HiveConf: HiveConf of name hive.llap.io.cache.orc.size does not exist
2024-04-30T20:48:53,650  WARN [Thread-324] conf.HiveConf: HiveConf of name hive.dummyparam.test.server.specific.config.override does not exist
2024-04-30T20:48:53,650  WARN [Thread-324] conf.HiveConf: HiveConf of name hive.metastore.metadb.dir does not exist
2024-04-30T20:48:53,650  WARN [Thread-324] conf.HiveConf: HiveConf of name hive.llap.io.cache.orc.alloc.min does not exist
2024-04-30T20:48:53,650  WARN [Thread-324] conf.HiveConf: HiveConf of name hive.dummyparam.test.server.specific.config.hivesite does not exist
2024-04-30T20:48:53,650  WARN [Thread-324] conf.HiveConf: HiveConf of name hive.llap.io.cache.orc.alloc.max does not exist
2024-04-30T20:48:53,650  WARN [Thread-324] conf.HiveConf: HiveConf of name hive.metastore.client.cache.maxSize does not exist
2024-04-30T20:48:53,650  WARN [Thread-324] conf.HiveConf: HiveConf of name hive.dummyparam.test.server.specific.config.metastoresite does not exist
2024-04-30T20:48:53,650  WARN [Thread-324] conf.HiveConf: HiveConf of name hive.metastore.client.cache.recordStats does not exist
2024-04-30T20:48:53,650  WARN [Thread-324] conf.HiveConf: HiveConf of name hive.llap.io.cache.orc.arena.size does not exist
2024-04-30T20:48:53,650  WARN [Thread-324] conf.HiveConf: HiveConf of name hive.stats.key.prefix.reserve.length does not exist
2024-04-30T20:48:53,651  INFO [Thread-324] common.HCatUtil: mapreduce.lib.hcatoutput.hive.conf is set. Applying configuration differences.
2024-04-30T20:48:53,651  INFO [Thread-324] HiveMetaStore.audit: ugi=alex	ip=unknown-ip-addr	cmd=get_databases: @hive#NonExistentDatabaseUsedForHealthCheck	
2024-04-30T20:48:53,654  INFO [Thread-324] HiveMetaStore.audit: ugi=alex	ip=unknown-ip-addr	cmd=alter_table: hive.default.junit_specific_size newtbl=junit_specific_size	
2024-04-30T20:48:53,661  WARN [Thread-415] conf.HiveConf: HiveConf of name hive.llap.io.cache.orc.size does not exist
2024-04-30T20:48:53,661  WARN [Thread-415] conf.HiveConf: HiveConf of name hive.dummyparam.test.server.specific.config.override does not exist
2024-04-30T20:48:53,661  WARN [Thread-415] conf.HiveConf: HiveConf of name hive.metastore.metadb.dir does not exist
2024-04-30T20:48:53,661  WARN [Thread-415] conf.HiveConf: HiveConf of name hive.llap.io.cache.orc.alloc.min does not exist
2024-04-30T20:48:53,661  WARN [Thread-415] conf.HiveConf: HiveConf of name hive.dummyparam.test.server.specific.config.hivesite does not exist
2024-04-30T20:48:53,661  WARN [Thread-415] conf.HiveConf: HiveConf of name hive.llap.io.cache.orc.alloc.max does not exist
2024-04-30T20:48:53,661  WARN [Thread-415] conf.HiveConf: HiveConf of name hive.metastore.client.cache.maxSize does not exist
2024-04-30T20:48:53,661  WARN [Thread-415] conf.HiveConf: HiveConf of name hive.dummyparam.test.server.specific.config.metastoresite does not exist
2024-04-30T20:48:53,661  WARN [Thread-415] conf.HiveConf: HiveConf of name hive.metastore.client.cache.recordStats does not exist
2024-04-30T20:48:53,661  WARN [Thread-415] conf.HiveConf: HiveConf of name hive.llap.io.cache.orc.arena.size does not exist
2024-04-30T20:48:53,661  WARN [Thread-415] conf.HiveConf: HiveConf of name hive.stats.key.prefix.reserve.length does not exist
2024-04-30T20:48:53,661  INFO [Thread-415] common.HCatUtil: mapreduce.lib.hcatoutput.hive.conf is set. Applying configuration differences.
2024-04-30T20:48:53,662  INFO [Thread-415] HiveMetaStore.audit: ugi=alex	ip=unknown-ip-addr	cmd=get_databases: @hive#NonExistentDatabaseUsedForHealthCheck	
2024-04-30T20:48:53,663  INFO [Thread-415] mapreduce.FileOutputCommitterContainer: FileOutputCommitterContainer::cancelDelegationTokens(): Could not find tokenStrForm, or HCAT_KEY_TOKEN_SIGNATURE. Skipping token cancellation.
2024-04-30T20:48:53,669  INFO [Thread-324] utils.MetaStoreServerUtils: Updating table stats for junit_specific_size
2024-04-30T20:48:53,670  INFO [Thread-324] utils.MetaStoreServerUtils: Updated size of table junit_specific_size to 647
2024-04-30T20:48:53,674  INFO [Thread-324] mapreduce.FileOutputCommitterContainer: Cancelling delegation token for the job.
2024-04-30T20:48:53,712  INFO [Thread-364] mapreduce.FileOutputCommitterContainer: Cancelling delegation token for the job.
2024-04-30T20:48:53,716  WARN [Thread-324] conf.HiveConf: HiveConf of name hive.llap.io.cache.orc.size does not exist
2024-04-30T20:48:53,716  WARN [Thread-324] conf.HiveConf: HiveConf of name hive.dummyparam.test.server.specific.config.override does not exist
2024-04-30T20:48:53,716  WARN [Thread-324] conf.HiveConf: HiveConf of name hive.metastore.metadb.dir does not exist
2024-04-30T20:48:53,716  WARN [Thread-324] conf.HiveConf: HiveConf of name hive.llap.io.cache.orc.alloc.min does not exist
2024-04-30T20:48:53,716  WARN [Thread-324] conf.HiveConf: HiveConf of name hive.dummyparam.test.server.specific.config.hivesite does not exist
2024-04-30T20:48:53,716  WARN [Thread-324] conf.HiveConf: HiveConf of name hive.llap.io.cache.orc.alloc.max does not exist
2024-04-30T20:48:53,717  WARN [Thread-324] conf.HiveConf: HiveConf of name hive.metastore.client.cache.maxSize does not exist
2024-04-30T20:48:53,717  WARN [Thread-324] conf.HiveConf: HiveConf of name hive.dummyparam.test.server.specific.config.metastoresite does not exist
2024-04-30T20:48:53,717  WARN [Thread-324] conf.HiveConf: HiveConf of name hive.metastore.client.cache.recordStats does not exist
2024-04-30T20:48:53,717  WARN [Thread-324] conf.HiveConf: HiveConf of name hive.llap.io.cache.orc.arena.size does not exist
2024-04-30T20:48:53,717  WARN [Thread-324] conf.HiveConf: HiveConf of name hive.stats.key.prefix.reserve.length does not exist
2024-04-30T20:48:53,717  INFO [Thread-324] common.HCatUtil: mapreduce.lib.hcatoutput.hive.conf is set. Applying configuration differences.
2024-04-30T20:48:53,717  INFO [Thread-324] HiveMetaStore.audit: ugi=alex	ip=unknown-ip-addr	cmd=get_databases: @hive#NonExistentDatabaseUsedForHealthCheck	
2024-04-30T20:48:53,719  INFO [Thread-324] mapreduce.FileOutputCommitterContainer: FileOutputCommitterContainer::cancelDelegationTokens(): Could not find tokenStrForm, or HCAT_KEY_TOKEN_SIGNATURE. Skipping token cancellation.
2024-04-30T20:48:53,751  WARN [Thread-364] conf.HiveConf: HiveConf of name hive.llap.io.cache.orc.size does not exist
2024-04-30T20:48:53,751  WARN [Thread-364] conf.HiveConf: HiveConf of name hive.dummyparam.test.server.specific.config.override does not exist
2024-04-30T20:48:53,751  WARN [Thread-364] conf.HiveConf: HiveConf of name hive.metastore.metadb.dir does not exist
2024-04-30T20:48:53,751  WARN [Thread-364] conf.HiveConf: HiveConf of name hive.llap.io.cache.orc.alloc.min does not exist
2024-04-30T20:48:53,751  WARN [Thread-364] conf.HiveConf: HiveConf of name hive.dummyparam.test.server.specific.config.hivesite does not exist
2024-04-30T20:48:53,751  WARN [Thread-364] conf.HiveConf: HiveConf of name hive.llap.io.cache.orc.alloc.max does not exist
2024-04-30T20:48:53,751  WARN [Thread-364] conf.HiveConf: HiveConf of name hive.metastore.client.cache.maxSize does not exist
2024-04-30T20:48:53,751  WARN [Thread-364] conf.HiveConf: HiveConf of name hive.dummyparam.test.server.specific.config.metastoresite does not exist
2024-04-30T20:48:53,751  WARN [Thread-364] conf.HiveConf: HiveConf of name hive.metastore.client.cache.recordStats does not exist
2024-04-30T20:48:53,751  WARN [Thread-364] conf.HiveConf: HiveConf of name hive.llap.io.cache.orc.arena.size does not exist
2024-04-30T20:48:53,751  WARN [Thread-364] conf.HiveConf: HiveConf of name hive.stats.key.prefix.reserve.length does not exist
2024-04-30T20:48:53,751  INFO [Thread-364] common.HCatUtil: mapreduce.lib.hcatoutput.hive.conf is set. Applying configuration differences.
2024-04-30T20:48:53,752  INFO [Thread-364] HiveMetaStore.audit: ugi=alex	ip=unknown-ip-addr	cmd=get_databases: @hive#NonExistentDatabaseUsedForHealthCheck	
2024-04-30T20:48:53,753  INFO [Thread-364] mapreduce.FileOutputCommitterContainer: FileOutputCommitterContainer::cancelDelegationTokens(): Could not find tokenStrForm, or HCAT_KEY_TOKEN_SIGNATURE. Skipping token cancellation.
2024-04-30T20:48:53,764  WARN [Thread-324] conf.HiveConf: HiveConf of name hive.llap.io.cache.orc.size does not exist
2024-04-30T20:48:53,765  WARN [Thread-324] conf.HiveConf: HiveConf of name hive.dummyparam.test.server.specific.config.override does not exist
2024-04-30T20:48:53,765  WARN [Thread-324] conf.HiveConf: HiveConf of name hive.metastore.metadb.dir does not exist
2024-04-30T20:48:53,765  WARN [Thread-324] conf.HiveConf: HiveConf of name hive.llap.io.cache.orc.alloc.min does not exist
2024-04-30T20:48:53,765  WARN [Thread-324] conf.HiveConf: HiveConf of name hive.dummyparam.test.server.specific.config.hivesite does not exist
2024-04-30T20:48:53,765  WARN [Thread-324] conf.HiveConf: HiveConf of name hive.llap.io.cache.orc.alloc.max does not exist
2024-04-30T20:48:53,765  WARN [Thread-324] conf.HiveConf: HiveConf of name hive.metastore.client.cache.maxSize does not exist
2024-04-30T20:48:53,765  WARN [Thread-324] conf.HiveConf: HiveConf of name hive.dummyparam.test.server.specific.config.metastoresite does not exist
2024-04-30T20:48:53,765  WARN [Thread-324] conf.HiveConf: HiveConf of name hive.metastore.client.cache.recordStats does not exist
2024-04-30T20:48:53,765  WARN [Thread-324] conf.HiveConf: HiveConf of name hive.llap.io.cache.orc.arena.size does not exist
2024-04-30T20:48:53,765  WARN [Thread-324] conf.HiveConf: HiveConf of name hive.stats.key.prefix.reserve.length does not exist
2024-04-30T20:48:53,765  INFO [Thread-324] common.HCatUtil: mapreduce.lib.hcatoutput.hive.conf is set. Applying configuration differences.
2024-04-30T20:48:53,765  INFO [Thread-324] HiveMetaStore.audit: ugi=alex	ip=unknown-ip-addr	cmd=get_databases: @hive#NonExistentDatabaseUsedForHealthCheck	
2024-04-30T20:48:53,767  INFO [Thread-324] HiveMetaStore.audit: ugi=alex	ip=unknown-ip-addr	cmd=alter_table: hive.junit_specific_db.junit_specific_size2 newtbl=junit_specific_size2	
2024-04-30T20:48:53,781  INFO [Thread-324] utils.MetaStoreServerUtils: Updating table stats for junit_specific_size2
2024-04-30T20:48:53,781  INFO [Thread-324] utils.MetaStoreServerUtils: Updated size of table junit_specific_size2 to 647
2024-04-30T20:48:53,786  INFO [Thread-324] mapreduce.FileOutputCommitterContainer: Cancelling delegation token for the job.
2024-04-30T20:48:53,825  WARN [Thread-324] conf.HiveConf: HiveConf of name hive.llap.io.cache.orc.size does not exist
2024-04-30T20:48:53,825  WARN [Thread-324] conf.HiveConf: HiveConf of name hive.dummyparam.test.server.specific.config.override does not exist
2024-04-30T20:48:53,825  WARN [Thread-324] conf.HiveConf: HiveConf of name hive.metastore.metadb.dir does not exist
2024-04-30T20:48:53,825  WARN [Thread-324] conf.HiveConf: HiveConf of name hive.llap.io.cache.orc.alloc.min does not exist
2024-04-30T20:48:53,825  WARN [Thread-324] conf.HiveConf: HiveConf of name hive.dummyparam.test.server.specific.config.hivesite does not exist
2024-04-30T20:48:53,825  WARN [Thread-324] conf.HiveConf: HiveConf of name hive.llap.io.cache.orc.alloc.max does not exist
2024-04-30T20:48:53,825  WARN [Thread-324] conf.HiveConf: HiveConf of name hive.metastore.client.cache.maxSize does not exist
2024-04-30T20:48:53,825  WARN [Thread-324] conf.HiveConf: HiveConf of name hive.dummyparam.test.server.specific.config.metastoresite does not exist
2024-04-30T20:48:53,825  WARN [Thread-324] conf.HiveConf: HiveConf of name hive.metastore.client.cache.recordStats does not exist
2024-04-30T20:48:53,825  WARN [Thread-324] conf.HiveConf: HiveConf of name hive.llap.io.cache.orc.arena.size does not exist
2024-04-30T20:48:53,825  WARN [Thread-324] conf.HiveConf: HiveConf of name hive.stats.key.prefix.reserve.length does not exist
2024-04-30T20:48:53,826  INFO [Thread-324] common.HCatUtil: mapreduce.lib.hcatoutput.hive.conf is set. Applying configuration differences.
2024-04-30T20:48:53,826  INFO [Thread-324] HiveMetaStore.audit: ugi=alex	ip=unknown-ip-addr	cmd=get_databases: @hive#NonExistentDatabaseUsedForHealthCheck	
2024-04-30T20:48:53,827  INFO [Thread-324] mapreduce.FileOutputCommitterContainer: FileOutputCommitterContainer::cancelDelegationTokens(): Could not find tokenStrForm, or HCAT_KEY_TOKEN_SIGNATURE. Skipping token cancellation.
2024-04-30T20:48:53,873  WARN [Thread-324] conf.HiveConf: HiveConf of name hive.llap.io.cache.orc.size does not exist
2024-04-30T20:48:53,873  WARN [Thread-324] conf.HiveConf: HiveConf of name hive.dummyparam.test.server.specific.config.override does not exist
2024-04-30T20:48:53,873  WARN [Thread-324] conf.HiveConf: HiveConf of name hive.metastore.metadb.dir does not exist
2024-04-30T20:48:53,873  WARN [Thread-324] conf.HiveConf: HiveConf of name hive.llap.io.cache.orc.alloc.min does not exist
2024-04-30T20:48:53,873  WARN [Thread-324] conf.HiveConf: HiveConf of name hive.dummyparam.test.server.specific.config.hivesite does not exist
2024-04-30T20:48:53,873  WARN [Thread-324] conf.HiveConf: HiveConf of name hive.llap.io.cache.orc.alloc.max does not exist
2024-04-30T20:48:53,873  WARN [Thread-324] conf.HiveConf: HiveConf of name hive.metastore.client.cache.maxSize does not exist
2024-04-30T20:48:53,873  WARN [Thread-324] conf.HiveConf: HiveConf of name hive.dummyparam.test.server.specific.config.metastoresite does not exist
2024-04-30T20:48:53,873  WARN [Thread-324] conf.HiveConf: HiveConf of name hive.metastore.client.cache.recordStats does not exist
2024-04-30T20:48:53,873  WARN [Thread-324] conf.HiveConf: HiveConf of name hive.llap.io.cache.orc.arena.size does not exist
2024-04-30T20:48:53,873  WARN [Thread-324] conf.HiveConf: HiveConf of name hive.stats.key.prefix.reserve.length does not exist
2024-04-30T20:48:53,874  INFO [Thread-324] common.HCatUtil: mapreduce.lib.hcatoutput.hive.conf is set. Applying configuration differences.
2024-04-30T20:48:53,874  INFO [Thread-324] HiveMetaStore.audit: ugi=alex	ip=unknown-ip-addr	cmd=get_databases: @hive#NonExistentDatabaseUsedForHealthCheck	
2024-04-30T20:48:53,914  WARN [Thread-324] conf.HiveConf: HiveConf of name hive.llap.io.cache.orc.size does not exist
2024-04-30T20:48:53,914  WARN [Thread-324] conf.HiveConf: HiveConf of name hive.dummyparam.test.server.specific.config.override does not exist
2024-04-30T20:48:53,914  WARN [Thread-324] conf.HiveConf: HiveConf of name hive.metastore.metadb.dir does not exist
2024-04-30T20:48:53,914  WARN [Thread-324] conf.HiveConf: HiveConf of name hive.llap.io.cache.orc.alloc.min does not exist
2024-04-30T20:48:53,914  WARN [Thread-324] conf.HiveConf: HiveConf of name hive.dummyparam.test.server.specific.config.hivesite does not exist
2024-04-30T20:48:53,914  WARN [Thread-324] conf.HiveConf: HiveConf of name hive.llap.io.cache.orc.alloc.max does not exist
2024-04-30T20:48:53,914  WARN [Thread-324] conf.HiveConf: HiveConf of name hive.metastore.client.cache.maxSize does not exist
2024-04-30T20:48:53,914  WARN [Thread-324] conf.HiveConf: HiveConf of name hive.dummyparam.test.server.specific.config.metastoresite does not exist
2024-04-30T20:48:53,914  WARN [Thread-324] conf.HiveConf: HiveConf of name hive.metastore.client.cache.recordStats does not exist
2024-04-30T20:48:53,914  WARN [Thread-324] conf.HiveConf: HiveConf of name hive.llap.io.cache.orc.arena.size does not exist
2024-04-30T20:48:53,914  WARN [Thread-324] conf.HiveConf: HiveConf of name hive.stats.key.prefix.reserve.length does not exist
2024-04-30T20:48:53,915  INFO [Thread-324] mapreduce.FileOutputCommitterContainer: HAR not is not being used. The table junit_parted_basic has new partitions [{bkt=0}].
2024-04-30T20:48:53,916  INFO [Thread-324] HiveMetaStore.audit: ugi=alex	ip=unknown-ip-addr	cmd=get_partition : tbl=hive.default.junit_parted_basic[0]	
2024-04-30T20:48:53,919  INFO [Thread-324] HiveMetaStore.audit: ugi=alex	ip=unknown-ip-addr	cmd=add_partition	
2024-04-30T20:48:53,919  INFO [Thread-324] HiveMetaStore.audit: ugi=alex	ip=unknown-ip-addr	cmd=add_partitions	
2024-04-30T20:48:53,924  INFO [HMSHandler #6] utils.MetaStoreServerUtils: Updating partition stats fast for: junit_parted_basic
2024-04-30T20:48:53,924  INFO [HMSHandler #6] utils.MetaStoreServerUtils: Updated size to 597
2024-04-30T20:48:53,934  INFO [main] mapReduceLayer.MapReduceLauncher: 83% complete
2024-04-30T20:48:53,934  INFO [main] mapReduceLayer.MapReduceLauncher: Running jobs are [job_local1441886317_0004]
2024-04-30T20:48:53,935  WARN [main] impl.MetricsSystemImpl: JobTracker metrics system already initialized!
2024-04-30T20:48:53,936  WARN [main] impl.MetricsSystemImpl: JobTracker metrics system already initialized!
2024-04-30T20:48:53,937  WARN [main] impl.MetricsSystemImpl: JobTracker metrics system already initialized!
2024-04-30T20:48:53,954  INFO [Thread-324] mapreduce.FileOutputCommitterContainer: Cancelling delegation token for the job.
2024-04-30T20:48:53,959  WARN [main] impl.MetricsSystemImpl: JobTracker metrics system already initialized!
2024-04-30T20:48:53,960  WARN [main] impl.MetricsSystemImpl: JobTracker metrics system already initialized!
2024-04-30T20:48:53,961  WARN [main] impl.MetricsSystemImpl: JobTracker metrics system already initialized!
2024-04-30T20:48:53,996  WARN [Thread-324] conf.HiveConf: HiveConf of name hive.llap.io.cache.orc.size does not exist
2024-04-30T20:48:53,996  WARN [Thread-324] conf.HiveConf: HiveConf of name hive.dummyparam.test.server.specific.config.override does not exist
2024-04-30T20:48:53,996  WARN [Thread-324] conf.HiveConf: HiveConf of name hive.metastore.metadb.dir does not exist
2024-04-30T20:48:53,996  WARN [Thread-324] conf.HiveConf: HiveConf of name hive.llap.io.cache.orc.alloc.min does not exist
2024-04-30T20:48:53,996  WARN [Thread-324] conf.HiveConf: HiveConf of name hive.dummyparam.test.server.specific.config.hivesite does not exist
2024-04-30T20:48:53,996  WARN [Thread-324] conf.HiveConf: HiveConf of name hive.llap.io.cache.orc.alloc.max does not exist
2024-04-30T20:48:53,996  WARN [Thread-324] conf.HiveConf: HiveConf of name hive.metastore.client.cache.maxSize does not exist
2024-04-30T20:48:53,996  WARN [Thread-324] conf.HiveConf: HiveConf of name hive.dummyparam.test.server.specific.config.metastoresite does not exist
2024-04-30T20:48:53,996  WARN [Thread-324] conf.HiveConf: HiveConf of name hive.metastore.client.cache.recordStats does not exist
2024-04-30T20:48:53,997  WARN [Thread-324] conf.HiveConf: HiveConf of name hive.llap.io.cache.orc.arena.size does not exist
2024-04-30T20:48:53,997  WARN [Thread-324] conf.HiveConf: HiveConf of name hive.stats.key.prefix.reserve.length does not exist
2024-04-30T20:48:53,997  INFO [Thread-324] common.HCatUtil: mapreduce.lib.hcatoutput.hive.conf is set. Applying configuration differences.
2024-04-30T20:48:53,997  INFO [Thread-324] HiveMetaStore.audit: ugi=alex	ip=unknown-ip-addr	cmd=get_databases: @hive#NonExistentDatabaseUsedForHealthCheck	
2024-04-30T20:48:53,998  INFO [Thread-324] mapreduce.FileOutputCommitterContainer: FileOutputCommitterContainer::cancelDelegationTokens(): Could not find tokenStrForm, or HCAT_KEY_TOKEN_SIGNATURE. Skipping token cancellation.
2024-04-30T20:48:54,043  WARN [Thread-324] conf.HiveConf: HiveConf of name hive.llap.io.cache.orc.size does not exist
2024-04-30T20:48:54,043  WARN [Thread-324] conf.HiveConf: HiveConf of name hive.dummyparam.test.server.specific.config.override does not exist
2024-04-30T20:48:54,043  WARN [Thread-324] conf.HiveConf: HiveConf of name hive.metastore.metadb.dir does not exist
2024-04-30T20:48:54,043  WARN [Thread-324] conf.HiveConf: HiveConf of name hive.llap.io.cache.orc.alloc.min does not exist
2024-04-30T20:48:54,043  WARN [Thread-324] conf.HiveConf: HiveConf of name hive.dummyparam.test.server.specific.config.hivesite does not exist
2024-04-30T20:48:54,043  WARN [Thread-324] conf.HiveConf: HiveConf of name hive.llap.io.cache.orc.alloc.max does not exist
2024-04-30T20:48:54,043  WARN [Thread-324] conf.HiveConf: HiveConf of name hive.metastore.client.cache.maxSize does not exist
2024-04-30T20:48:54,044  WARN [Thread-324] conf.HiveConf: HiveConf of name hive.dummyparam.test.server.specific.config.metastoresite does not exist
2024-04-30T20:48:54,044  WARN [Thread-324] conf.HiveConf: HiveConf of name hive.metastore.client.cache.recordStats does not exist
2024-04-30T20:48:54,044  WARN [Thread-324] conf.HiveConf: HiveConf of name hive.llap.io.cache.orc.arena.size does not exist
2024-04-30T20:48:54,044  WARN [Thread-324] conf.HiveConf: HiveConf of name hive.stats.key.prefix.reserve.length does not exist
2024-04-30T20:48:54,044  INFO [Thread-324] common.HCatUtil: mapreduce.lib.hcatoutput.hive.conf is set. Applying configuration differences.
2024-04-30T20:48:54,044  INFO [Thread-324] HiveMetaStore.audit: ugi=alex	ip=unknown-ip-addr	cmd=get_databases: @hive#NonExistentDatabaseUsedForHealthCheck	
2024-04-30T20:48:54,048  INFO [Thread-324] mapreduce.FileOutputCommitterContainer: HAR not is not being used. The table junit_parted_basic has new partitions [{bkt=1}].
2024-04-30T20:48:54,049  INFO [Thread-324] HiveMetaStore.audit: ugi=alex	ip=unknown-ip-addr	cmd=get_partition : tbl=hive.default.junit_parted_basic[1]	
2024-04-30T20:48:54,052  INFO [Thread-324] HiveMetaStore.audit: ugi=alex	ip=unknown-ip-addr	cmd=add_partition	
2024-04-30T20:48:54,052  INFO [Thread-324] HiveMetaStore.audit: ugi=alex	ip=unknown-ip-addr	cmd=add_partitions	
2024-04-30T20:48:54,058  INFO [HMSHandler #7] utils.MetaStoreServerUtils: Updating partition stats fast for: junit_parted_basic
2024-04-30T20:48:54,058  INFO [HMSHandler #7] utils.MetaStoreServerUtils: Updated size to 635
2024-04-30T20:48:54,088  INFO [Thread-324] mapreduce.FileOutputCommitterContainer: Cancelling delegation token for the job.
2024-04-30T20:48:54,129  WARN [Thread-324] conf.HiveConf: HiveConf of name hive.llap.io.cache.orc.size does not exist
2024-04-30T20:48:54,129  WARN [Thread-324] conf.HiveConf: HiveConf of name hive.dummyparam.test.server.specific.config.override does not exist
2024-04-30T20:48:54,129  WARN [Thread-324] conf.HiveConf: HiveConf of name hive.metastore.metadb.dir does not exist
2024-04-30T20:48:54,130  WARN [Thread-324] conf.HiveConf: HiveConf of name hive.llap.io.cache.orc.alloc.min does not exist
2024-04-30T20:48:54,130  WARN [Thread-324] conf.HiveConf: HiveConf of name hive.dummyparam.test.server.specific.config.hivesite does not exist
2024-04-30T20:48:54,130  WARN [Thread-324] conf.HiveConf: HiveConf of name hive.llap.io.cache.orc.alloc.max does not exist
2024-04-30T20:48:54,130  WARN [Thread-324] conf.HiveConf: HiveConf of name hive.metastore.client.cache.maxSize does not exist
2024-04-30T20:48:54,130  WARN [Thread-324] conf.HiveConf: HiveConf of name hive.dummyparam.test.server.specific.config.metastoresite does not exist
2024-04-30T20:48:54,130  WARN [Thread-324] conf.HiveConf: HiveConf of name hive.metastore.client.cache.recordStats does not exist
2024-04-30T20:48:54,130  WARN [Thread-324] conf.HiveConf: HiveConf of name hive.llap.io.cache.orc.arena.size does not exist
2024-04-30T20:48:54,130  WARN [Thread-324] conf.HiveConf: HiveConf of name hive.stats.key.prefix.reserve.length does not exist
2024-04-30T20:48:54,130  INFO [Thread-324] common.HCatUtil: mapreduce.lib.hcatoutput.hive.conf is set. Applying configuration differences.
2024-04-30T20:48:54,130  INFO [Thread-324] HiveMetaStore.audit: ugi=alex	ip=unknown-ip-addr	cmd=get_databases: @hive#NonExistentDatabaseUsedForHealthCheck	
2024-04-30T20:48:54,131  INFO [Thread-324] mapreduce.FileOutputCommitterContainer: FileOutputCommitterContainer::cancelDelegationTokens(): Could not find tokenStrForm, or HCAT_KEY_TOKEN_SIGNATURE. Skipping token cancellation.
2024-04-30T20:48:54,333  WARN [main] impl.MetricsSystemImpl: JobTracker metrics system already initialized!
2024-04-30T20:48:54,334  WARN [main] impl.MetricsSystemImpl: JobTracker metrics system already initialized!
2024-04-30T20:48:54,335  WARN [main] impl.MetricsSystemImpl: JobTracker metrics system already initialized!
2024-04-30T20:48:54,337  INFO [main] pigstats.JobStats: using output size reader: org.apache.pig.backend.hadoop.executionengine.mapReduceLayer.FileBasedOutputSizeReader
2024-04-30T20:48:54,337  WARN [main] pigstats.JobStats: unable to find the output file
java.io.FileNotFoundException: File junit_unparted_basic does not exist
	at org.apache.hadoop.fs.RawLocalFileSystem.listStatus(RawLocalFileSystem.java:464) ~[hadoop-common-3.1.0.jar:?]
	at org.apache.hadoop.fs.FileSystem.listStatus(FileSystem.java:1919) ~[hadoop-common-3.1.0.jar:?]
	at org.apache.hadoop.fs.FileSystem.listStatus(FileSystem.java:1961) ~[hadoop-common-3.1.0.jar:?]
	at org.apache.hadoop.fs.ChecksumFileSystem.listStatus(ChecksumFileSystem.java:678) ~[hadoop-common-3.1.0.jar:?]
	at org.apache.pig.backend.hadoop.executionengine.mapReduceLayer.FileBasedOutputSizeReader.getOutputSize(FileBasedOutputSizeReader.java:81) ~[pig-0.16.0-h2.jar:?]
	at org.apache.pig.tools.pigstats.JobStats.getOutputSize(JobStats.java:351) [pig-0.16.0-h2.jar:?]
	at org.apache.pig.tools.pigstats.mapreduce.MRJobStats.addOneOutputStats(MRJobStats.java:461) [pig-0.16.0-h2.jar:?]
	at org.apache.pig.tools.pigstats.mapreduce.MRJobStats.addOutputStatistics(MRJobStats.java:443) [pig-0.16.0-h2.jar:?]
	at org.apache.pig.tools.pigstats.mapreduce.MRPigStatsUtil.addSuccessJobStats(MRPigStatsUtil.java:237) [pig-0.16.0-h2.jar:?]
	at org.apache.pig.tools.pigstats.mapreduce.MRPigStatsUtil.accumulateStats(MRPigStatsUtil.java:165) [pig-0.16.0-h2.jar:?]
	at org.apache.pig.backend.hadoop.executionengine.mapReduceLayer.MapReduceLauncher.launchPig(MapReduceLauncher.java:360) [pig-0.16.0-h2.jar:?]
	at org.apache.pig.backend.hadoop.executionengine.HExecutionEngine.launchPig(HExecutionEngine.java:308) [pig-0.16.0-h2.jar:?]
	at org.apache.pig.PigServer.launchPlan(PigServer.java:1474) [pig-0.16.0-h2.jar:?]
	at org.apache.pig.PigServer.executeCompiledLogicalPlan(PigServer.java:1459) [pig-0.16.0-h2.jar:?]
	at org.apache.pig.PigServer.execute(PigServer.java:1448) [pig-0.16.0-h2.jar:?]
	at org.apache.pig.PigServer.executeBatch(PigServer.java:488) [pig-0.16.0-h2.jar:?]
	at org.apache.pig.PigServer.executeBatch(PigServer.java:471) [pig-0.16.0-h2.jar:?]
	at org.apache.hive.hcatalog.pig.AbstractHCatLoaderTest.setUpTest(AbstractHCatLoaderTest.java:226) [test-classes/:?]
	at sun.reflect.NativeMethodAccessorImpl.invoke0(Native Method) ~[?:1.8.0_402]
	at sun.reflect.NativeMethodAccessorImpl.invoke(NativeMethodAccessorImpl.java:62) ~[?:1.8.0_402]
	at sun.reflect.DelegatingMethodAccessorImpl.invoke(DelegatingMethodAccessorImpl.java:43) ~[?:1.8.0_402]
	at java.lang.reflect.Method.invoke(Method.java:498) ~[?:1.8.0_402]
	at org.junit.runners.model.FrameworkMethod$1.runReflectiveCall(FrameworkMethod.java:59) [junit-4.13.jar:4.13]
	at org.junit.internal.runners.model.ReflectiveCallable.run(ReflectiveCallable.java:12) [junit-4.13.jar:4.13]
	at org.junit.runners.model.FrameworkMethod.invokeExplosively(FrameworkMethod.java:56) [junit-4.13.jar:4.13]
	at org.junit.internal.runners.statements.RunBefores.invokeMethod(RunBefores.java:33) [junit-4.13.jar:4.13]
	at org.junit.internal.runners.statements.RunBefores.evaluate(RunBefores.java:24) [junit-4.13.jar:4.13]
	at org.junit.internal.runners.statements.RunAfters.evaluate(RunAfters.java:27) [junit-4.13.jar:4.13]
	at org.junit.runners.ParentRunner$3.evaluate(ParentRunner.java:306) [junit-4.13.jar:4.13]
	at org.junit.runners.BlockJUnit4ClassRunner$1.evaluate(BlockJUnit4ClassRunner.java:100) [junit-4.13.jar:4.13]
	at org.junit.runners.ParentRunner.runLeaf(ParentRunner.java:366) [junit-4.13.jar:4.13]
	at org.junit.runners.BlockJUnit4ClassRunner.runChild(BlockJUnit4ClassRunner.java:103) [junit-4.13.jar:4.13]
	at org.junit.runners.BlockJUnit4ClassRunner.runChild(BlockJUnit4ClassRunner.java:63) [junit-4.13.jar:4.13]
	at org.junit.runners.ParentRunner$4.run(ParentRunner.java:331) [junit-4.13.jar:4.13]
	at org.junit.runners.ParentRunner$1.schedule(ParentRunner.java:79) [junit-4.13.jar:4.13]
	at org.junit.runners.ParentRunner.runChildren(ParentRunner.java:329) [junit-4.13.jar:4.13]
	at org.junit.runners.ParentRunner.access$100(ParentRunner.java:66) [junit-4.13.jar:4.13]
	at org.junit.runners.ParentRunner$2.evaluate(ParentRunner.java:293) [junit-4.13.jar:4.13]
	at org.junit.internal.runners.statements.RunBefores.evaluate(RunBefores.java:26) [junit-4.13.jar:4.13]
	at org.junit.runners.ParentRunner$3.evaluate(ParentRunner.java:306) [junit-4.13.jar:4.13]
	at org.junit.runners.ParentRunner.run(ParentRunner.java:413) [junit-4.13.jar:4.13]
	at org.apache.maven.surefire.junit4.JUnit4Provider.execute(JUnit4Provider.java:365) [surefire-junit4-3.0.0-M4.jar:3.0.0-M4]
	at org.apache.maven.surefire.junit4.JUnit4Provider.executeWithRerun(JUnit4Provider.java:273) [surefire-junit4-3.0.0-M4.jar:3.0.0-M4]
	at org.apache.maven.surefire.junit4.JUnit4Provider.executeTestSet(JUnit4Provider.java:238) [surefire-junit4-3.0.0-M4.jar:3.0.0-M4]
	at org.apache.maven.surefire.junit4.JUnit4Provider.invoke(JUnit4Provider.java:159) [surefire-junit4-3.0.0-M4.jar:3.0.0-M4]
	at org.apache.maven.surefire.booter.ForkedBooter.runSuitesInProcess(ForkedBooter.java:377) [surefire-booter-3.0.0-M4.jar:3.0.0-M4]
	at org.apache.maven.surefire.booter.ForkedBooter.execute(ForkedBooter.java:138) [surefire-booter-3.0.0-M4.jar:3.0.0-M4]
	at org.apache.maven.surefire.booter.ForkedBooter.run(ForkedBooter.java:465) [surefire-booter-3.0.0-M4.jar:3.0.0-M4]
	at org.apache.maven.surefire.booter.ForkedBooter.main(ForkedBooter.java:451) [surefire-booter-3.0.0-M4.jar:3.0.0-M4]
2024-04-30T20:48:54,338  INFO [main] pigstats.JobStats: using output size reader: org.apache.pig.backend.hadoop.executionengine.mapReduceLayer.FileBasedOutputSizeReader
2024-04-30T20:48:54,338  WARN [main] pigstats.JobStats: unable to find the output file
java.io.FileNotFoundException: File junit_specific_size does not exist
	at org.apache.hadoop.fs.RawLocalFileSystem.listStatus(RawLocalFileSystem.java:464) ~[hadoop-common-3.1.0.jar:?]
	at org.apache.hadoop.fs.FileSystem.listStatus(FileSystem.java:1919) ~[hadoop-common-3.1.0.jar:?]
	at org.apache.hadoop.fs.FileSystem.listStatus(FileSystem.java:1961) ~[hadoop-common-3.1.0.jar:?]
	at org.apache.hadoop.fs.ChecksumFileSystem.listStatus(ChecksumFileSystem.java:678) ~[hadoop-common-3.1.0.jar:?]
	at org.apache.pig.backend.hadoop.executionengine.mapReduceLayer.FileBasedOutputSizeReader.getOutputSize(FileBasedOutputSizeReader.java:81) ~[pig-0.16.0-h2.jar:?]
	at org.apache.pig.tools.pigstats.JobStats.getOutputSize(JobStats.java:351) [pig-0.16.0-h2.jar:?]
	at org.apache.pig.tools.pigstats.mapreduce.MRJobStats.addOneOutputStats(MRJobStats.java:461) [pig-0.16.0-h2.jar:?]
	at org.apache.pig.tools.pigstats.mapreduce.MRJobStats.addOutputStatistics(MRJobStats.java:443) [pig-0.16.0-h2.jar:?]
	at org.apache.pig.tools.pigstats.mapreduce.MRPigStatsUtil.addSuccessJobStats(MRPigStatsUtil.java:237) [pig-0.16.0-h2.jar:?]
	at org.apache.pig.tools.pigstats.mapreduce.MRPigStatsUtil.accumulateStats(MRPigStatsUtil.java:165) [pig-0.16.0-h2.jar:?]
	at org.apache.pig.backend.hadoop.executionengine.mapReduceLayer.MapReduceLauncher.launchPig(MapReduceLauncher.java:360) [pig-0.16.0-h2.jar:?]
	at org.apache.pig.backend.hadoop.executionengine.HExecutionEngine.launchPig(HExecutionEngine.java:308) [pig-0.16.0-h2.jar:?]
	at org.apache.pig.PigServer.launchPlan(PigServer.java:1474) [pig-0.16.0-h2.jar:?]
	at org.apache.pig.PigServer.executeCompiledLogicalPlan(PigServer.java:1459) [pig-0.16.0-h2.jar:?]
	at org.apache.pig.PigServer.execute(PigServer.java:1448) [pig-0.16.0-h2.jar:?]
	at org.apache.pig.PigServer.executeBatch(PigServer.java:488) [pig-0.16.0-h2.jar:?]
	at org.apache.pig.PigServer.executeBatch(PigServer.java:471) [pig-0.16.0-h2.jar:?]
	at org.apache.hive.hcatalog.pig.AbstractHCatLoaderTest.setUpTest(AbstractHCatLoaderTest.java:226) [test-classes/:?]
	at sun.reflect.NativeMethodAccessorImpl.invoke0(Native Method) ~[?:1.8.0_402]
	at sun.reflect.NativeMethodAccessorImpl.invoke(NativeMethodAccessorImpl.java:62) ~[?:1.8.0_402]
	at sun.reflect.DelegatingMethodAccessorImpl.invoke(DelegatingMethodAccessorImpl.java:43) ~[?:1.8.0_402]
	at java.lang.reflect.Method.invoke(Method.java:498) ~[?:1.8.0_402]
	at org.junit.runners.model.FrameworkMethod$1.runReflectiveCall(FrameworkMethod.java:59) [junit-4.13.jar:4.13]
	at org.junit.internal.runners.model.ReflectiveCallable.run(ReflectiveCallable.java:12) [junit-4.13.jar:4.13]
	at org.junit.runners.model.FrameworkMethod.invokeExplosively(FrameworkMethod.java:56) [junit-4.13.jar:4.13]
	at org.junit.internal.runners.statements.RunBefores.invokeMethod(RunBefores.java:33) [junit-4.13.jar:4.13]
	at org.junit.internal.runners.statements.RunBefores.evaluate(RunBefores.java:24) [junit-4.13.jar:4.13]
	at org.junit.internal.runners.statements.RunAfters.evaluate(RunAfters.java:27) [junit-4.13.jar:4.13]
	at org.junit.runners.ParentRunner$3.evaluate(ParentRunner.java:306) [junit-4.13.jar:4.13]
	at org.junit.runners.BlockJUnit4ClassRunner$1.evaluate(BlockJUnit4ClassRunner.java:100) [junit-4.13.jar:4.13]
	at org.junit.runners.ParentRunner.runLeaf(ParentRunner.java:366) [junit-4.13.jar:4.13]
	at org.junit.runners.BlockJUnit4ClassRunner.runChild(BlockJUnit4ClassRunner.java:103) [junit-4.13.jar:4.13]
	at org.junit.runners.BlockJUnit4ClassRunner.runChild(BlockJUnit4ClassRunner.java:63) [junit-4.13.jar:4.13]
	at org.junit.runners.ParentRunner$4.run(ParentRunner.java:331) [junit-4.13.jar:4.13]
	at org.junit.runners.ParentRunner$1.schedule(ParentRunner.java:79) [junit-4.13.jar:4.13]
	at org.junit.runners.ParentRunner.runChildren(ParentRunner.java:329) [junit-4.13.jar:4.13]
	at org.junit.runners.ParentRunner.access$100(ParentRunner.java:66) [junit-4.13.jar:4.13]
	at org.junit.runners.ParentRunner$2.evaluate(ParentRunner.java:293) [junit-4.13.jar:4.13]
	at org.junit.internal.runners.statements.RunBefores.evaluate(RunBefores.java:26) [junit-4.13.jar:4.13]
	at org.junit.runners.ParentRunner$3.evaluate(ParentRunner.java:306) [junit-4.13.jar:4.13]
	at org.junit.runners.ParentRunner.run(ParentRunner.java:413) [junit-4.13.jar:4.13]
	at org.apache.maven.surefire.junit4.JUnit4Provider.execute(JUnit4Provider.java:365) [surefire-junit4-3.0.0-M4.jar:3.0.0-M4]
	at org.apache.maven.surefire.junit4.JUnit4Provider.executeWithRerun(JUnit4Provider.java:273) [surefire-junit4-3.0.0-M4.jar:3.0.0-M4]
	at org.apache.maven.surefire.junit4.JUnit4Provider.executeTestSet(JUnit4Provider.java:238) [surefire-junit4-3.0.0-M4.jar:3.0.0-M4]
	at org.apache.maven.surefire.junit4.JUnit4Provider.invoke(JUnit4Provider.java:159) [surefire-junit4-3.0.0-M4.jar:3.0.0-M4]
	at org.apache.maven.surefire.booter.ForkedBooter.runSuitesInProcess(ForkedBooter.java:377) [surefire-booter-3.0.0-M4.jar:3.0.0-M4]
	at org.apache.maven.surefire.booter.ForkedBooter.execute(ForkedBooter.java:138) [surefire-booter-3.0.0-M4.jar:3.0.0-M4]
	at org.apache.maven.surefire.booter.ForkedBooter.run(ForkedBooter.java:465) [surefire-booter-3.0.0-M4.jar:3.0.0-M4]
	at org.apache.maven.surefire.booter.ForkedBooter.main(ForkedBooter.java:451) [surefire-booter-3.0.0-M4.jar:3.0.0-M4]
2024-04-30T20:48:54,338  INFO [main] pigstats.JobStats: using output size reader: org.apache.pig.backend.hadoop.executionengine.mapReduceLayer.FileBasedOutputSizeReader
2024-04-30T20:48:54,338  WARN [main] pigstats.JobStats: unable to find the output file
java.io.FileNotFoundException: File junit_specific_db.junit_specific_size2 does not exist
	at org.apache.hadoop.fs.RawLocalFileSystem.listStatus(RawLocalFileSystem.java:464) ~[hadoop-common-3.1.0.jar:?]
	at org.apache.hadoop.fs.FileSystem.listStatus(FileSystem.java:1919) ~[hadoop-common-3.1.0.jar:?]
	at org.apache.hadoop.fs.FileSystem.listStatus(FileSystem.java:1961) ~[hadoop-common-3.1.0.jar:?]
	at org.apache.hadoop.fs.ChecksumFileSystem.listStatus(ChecksumFileSystem.java:678) ~[hadoop-common-3.1.0.jar:?]
	at org.apache.pig.backend.hadoop.executionengine.mapReduceLayer.FileBasedOutputSizeReader.getOutputSize(FileBasedOutputSizeReader.java:81) ~[pig-0.16.0-h2.jar:?]
	at org.apache.pig.tools.pigstats.JobStats.getOutputSize(JobStats.java:351) [pig-0.16.0-h2.jar:?]
	at org.apache.pig.tools.pigstats.mapreduce.MRJobStats.addOneOutputStats(MRJobStats.java:461) [pig-0.16.0-h2.jar:?]
	at org.apache.pig.tools.pigstats.mapreduce.MRJobStats.addOutputStatistics(MRJobStats.java:443) [pig-0.16.0-h2.jar:?]
	at org.apache.pig.tools.pigstats.mapreduce.MRPigStatsUtil.addSuccessJobStats(MRPigStatsUtil.java:237) [pig-0.16.0-h2.jar:?]
	at org.apache.pig.tools.pigstats.mapreduce.MRPigStatsUtil.accumulateStats(MRPigStatsUtil.java:165) [pig-0.16.0-h2.jar:?]
	at org.apache.pig.backend.hadoop.executionengine.mapReduceLayer.MapReduceLauncher.launchPig(MapReduceLauncher.java:360) [pig-0.16.0-h2.jar:?]
	at org.apache.pig.backend.hadoop.executionengine.HExecutionEngine.launchPig(HExecutionEngine.java:308) [pig-0.16.0-h2.jar:?]
	at org.apache.pig.PigServer.launchPlan(PigServer.java:1474) [pig-0.16.0-h2.jar:?]
	at org.apache.pig.PigServer.executeCompiledLogicalPlan(PigServer.java:1459) [pig-0.16.0-h2.jar:?]
	at org.apache.pig.PigServer.execute(PigServer.java:1448) [pig-0.16.0-h2.jar:?]
	at org.apache.pig.PigServer.executeBatch(PigServer.java:488) [pig-0.16.0-h2.jar:?]
	at org.apache.pig.PigServer.executeBatch(PigServer.java:471) [pig-0.16.0-h2.jar:?]
	at org.apache.hive.hcatalog.pig.AbstractHCatLoaderTest.setUpTest(AbstractHCatLoaderTest.java:226) [test-classes/:?]
	at sun.reflect.NativeMethodAccessorImpl.invoke0(Native Method) ~[?:1.8.0_402]
	at sun.reflect.NativeMethodAccessorImpl.invoke(NativeMethodAccessorImpl.java:62) ~[?:1.8.0_402]
	at sun.reflect.DelegatingMethodAccessorImpl.invoke(DelegatingMethodAccessorImpl.java:43) ~[?:1.8.0_402]
	at java.lang.reflect.Method.invoke(Method.java:498) ~[?:1.8.0_402]
	at org.junit.runners.model.FrameworkMethod$1.runReflectiveCall(FrameworkMethod.java:59) [junit-4.13.jar:4.13]
	at org.junit.internal.runners.model.ReflectiveCallable.run(ReflectiveCallable.java:12) [junit-4.13.jar:4.13]
	at org.junit.runners.model.FrameworkMethod.invokeExplosively(FrameworkMethod.java:56) [junit-4.13.jar:4.13]
	at org.junit.internal.runners.statements.RunBefores.invokeMethod(RunBefores.java:33) [junit-4.13.jar:4.13]
	at org.junit.internal.runners.statements.RunBefores.evaluate(RunBefores.java:24) [junit-4.13.jar:4.13]
	at org.junit.internal.runners.statements.RunAfters.evaluate(RunAfters.java:27) [junit-4.13.jar:4.13]
	at org.junit.runners.ParentRunner$3.evaluate(ParentRunner.java:306) [junit-4.13.jar:4.13]
	at org.junit.runners.BlockJUnit4ClassRunner$1.evaluate(BlockJUnit4ClassRunner.java:100) [junit-4.13.jar:4.13]
	at org.junit.runners.ParentRunner.runLeaf(ParentRunner.java:366) [junit-4.13.jar:4.13]
	at org.junit.runners.BlockJUnit4ClassRunner.runChild(BlockJUnit4ClassRunner.java:103) [junit-4.13.jar:4.13]
	at org.junit.runners.BlockJUnit4ClassRunner.runChild(BlockJUnit4ClassRunner.java:63) [junit-4.13.jar:4.13]
	at org.junit.runners.ParentRunner$4.run(ParentRunner.java:331) [junit-4.13.jar:4.13]
	at org.junit.runners.ParentRunner$1.schedule(ParentRunner.java:79) [junit-4.13.jar:4.13]
	at org.junit.runners.ParentRunner.runChildren(ParentRunner.java:329) [junit-4.13.jar:4.13]
	at org.junit.runners.ParentRunner.access$100(ParentRunner.java:66) [junit-4.13.jar:4.13]
	at org.junit.runners.ParentRunner$2.evaluate(ParentRunner.java:293) [junit-4.13.jar:4.13]
	at org.junit.internal.runners.statements.RunBefores.evaluate(RunBefores.java:26) [junit-4.13.jar:4.13]
	at org.junit.runners.ParentRunner$3.evaluate(ParentRunner.java:306) [junit-4.13.jar:4.13]
	at org.junit.runners.ParentRunner.run(ParentRunner.java:413) [junit-4.13.jar:4.13]
	at org.apache.maven.surefire.junit4.JUnit4Provider.execute(JUnit4Provider.java:365) [surefire-junit4-3.0.0-M4.jar:3.0.0-M4]
	at org.apache.maven.surefire.junit4.JUnit4Provider.executeWithRerun(JUnit4Provider.java:273) [surefire-junit4-3.0.0-M4.jar:3.0.0-M4]
	at org.apache.maven.surefire.junit4.JUnit4Provider.executeTestSet(JUnit4Provider.java:238) [surefire-junit4-3.0.0-M4.jar:3.0.0-M4]
	at org.apache.maven.surefire.junit4.JUnit4Provider.invoke(JUnit4Provider.java:159) [surefire-junit4-3.0.0-M4.jar:3.0.0-M4]
	at org.apache.maven.surefire.booter.ForkedBooter.runSuitesInProcess(ForkedBooter.java:377) [surefire-booter-3.0.0-M4.jar:3.0.0-M4]
	at org.apache.maven.surefire.booter.ForkedBooter.execute(ForkedBooter.java:138) [surefire-booter-3.0.0-M4.jar:3.0.0-M4]
	at org.apache.maven.surefire.booter.ForkedBooter.run(ForkedBooter.java:465) [surefire-booter-3.0.0-M4.jar:3.0.0-M4]
	at org.apache.maven.surefire.booter.ForkedBooter.main(ForkedBooter.java:451) [surefire-booter-3.0.0-M4.jar:3.0.0-M4]
2024-04-30T20:48:54,339  INFO [main] pigstats.JobStats: using output size reader: org.apache.pig.backend.hadoop.executionengine.mapReduceLayer.FileBasedOutputSizeReader
2024-04-30T20:48:54,339  WARN [main] pigstats.JobStats: unable to find the output file
java.io.FileNotFoundException: File junit_parted_basic does not exist
	at org.apache.hadoop.fs.RawLocalFileSystem.listStatus(RawLocalFileSystem.java:464) ~[hadoop-common-3.1.0.jar:?]
	at org.apache.hadoop.fs.FileSystem.listStatus(FileSystem.java:1919) ~[hadoop-common-3.1.0.jar:?]
	at org.apache.hadoop.fs.FileSystem.listStatus(FileSystem.java:1961) ~[hadoop-common-3.1.0.jar:?]
	at org.apache.hadoop.fs.ChecksumFileSystem.listStatus(ChecksumFileSystem.java:678) ~[hadoop-common-3.1.0.jar:?]
	at org.apache.pig.backend.hadoop.executionengine.mapReduceLayer.FileBasedOutputSizeReader.getOutputSize(FileBasedOutputSizeReader.java:81) ~[pig-0.16.0-h2.jar:?]
	at org.apache.pig.tools.pigstats.JobStats.getOutputSize(JobStats.java:351) [pig-0.16.0-h2.jar:?]
	at org.apache.pig.tools.pigstats.mapreduce.MRJobStats.addOneOutputStats(MRJobStats.java:461) [pig-0.16.0-h2.jar:?]
	at org.apache.pig.tools.pigstats.mapreduce.MRJobStats.addOutputStatistics(MRJobStats.java:443) [pig-0.16.0-h2.jar:?]
	at org.apache.pig.tools.pigstats.mapreduce.MRPigStatsUtil.addSuccessJobStats(MRPigStatsUtil.java:237) [pig-0.16.0-h2.jar:?]
	at org.apache.pig.tools.pigstats.mapreduce.MRPigStatsUtil.accumulateStats(MRPigStatsUtil.java:165) [pig-0.16.0-h2.jar:?]
	at org.apache.pig.backend.hadoop.executionengine.mapReduceLayer.MapReduceLauncher.launchPig(MapReduceLauncher.java:360) [pig-0.16.0-h2.jar:?]
	at org.apache.pig.backend.hadoop.executionengine.HExecutionEngine.launchPig(HExecutionEngine.java:308) [pig-0.16.0-h2.jar:?]
	at org.apache.pig.PigServer.launchPlan(PigServer.java:1474) [pig-0.16.0-h2.jar:?]
	at org.apache.pig.PigServer.executeCompiledLogicalPlan(PigServer.java:1459) [pig-0.16.0-h2.jar:?]
	at org.apache.pig.PigServer.execute(PigServer.java:1448) [pig-0.16.0-h2.jar:?]
	at org.apache.pig.PigServer.executeBatch(PigServer.java:488) [pig-0.16.0-h2.jar:?]
	at org.apache.pig.PigServer.executeBatch(PigServer.java:471) [pig-0.16.0-h2.jar:?]
	at org.apache.hive.hcatalog.pig.AbstractHCatLoaderTest.setUpTest(AbstractHCatLoaderTest.java:226) [test-classes/:?]
	at sun.reflect.NativeMethodAccessorImpl.invoke0(Native Method) ~[?:1.8.0_402]
	at sun.reflect.NativeMethodAccessorImpl.invoke(NativeMethodAccessorImpl.java:62) ~[?:1.8.0_402]
	at sun.reflect.DelegatingMethodAccessorImpl.invoke(DelegatingMethodAccessorImpl.java:43) ~[?:1.8.0_402]
	at java.lang.reflect.Method.invoke(Method.java:498) ~[?:1.8.0_402]
	at org.junit.runners.model.FrameworkMethod$1.runReflectiveCall(FrameworkMethod.java:59) [junit-4.13.jar:4.13]
	at org.junit.internal.runners.model.ReflectiveCallable.run(ReflectiveCallable.java:12) [junit-4.13.jar:4.13]
	at org.junit.runners.model.FrameworkMethod.invokeExplosively(FrameworkMethod.java:56) [junit-4.13.jar:4.13]
	at org.junit.internal.runners.statements.RunBefores.invokeMethod(RunBefores.java:33) [junit-4.13.jar:4.13]
	at org.junit.internal.runners.statements.RunBefores.evaluate(RunBefores.java:24) [junit-4.13.jar:4.13]
	at org.junit.internal.runners.statements.RunAfters.evaluate(RunAfters.java:27) [junit-4.13.jar:4.13]
	at org.junit.runners.ParentRunner$3.evaluate(ParentRunner.java:306) [junit-4.13.jar:4.13]
	at org.junit.runners.BlockJUnit4ClassRunner$1.evaluate(BlockJUnit4ClassRunner.java:100) [junit-4.13.jar:4.13]
	at org.junit.runners.ParentRunner.runLeaf(ParentRunner.java:366) [junit-4.13.jar:4.13]
	at org.junit.runners.BlockJUnit4ClassRunner.runChild(BlockJUnit4ClassRunner.java:103) [junit-4.13.jar:4.13]
	at org.junit.runners.BlockJUnit4ClassRunner.runChild(BlockJUnit4ClassRunner.java:63) [junit-4.13.jar:4.13]
	at org.junit.runners.ParentRunner$4.run(ParentRunner.java:331) [junit-4.13.jar:4.13]
	at org.junit.runners.ParentRunner$1.schedule(ParentRunner.java:79) [junit-4.13.jar:4.13]
	at org.junit.runners.ParentRunner.runChildren(ParentRunner.java:329) [junit-4.13.jar:4.13]
	at org.junit.runners.ParentRunner.access$100(ParentRunner.java:66) [junit-4.13.jar:4.13]
	at org.junit.runners.ParentRunner$2.evaluate(ParentRunner.java:293) [junit-4.13.jar:4.13]
	at org.junit.internal.runners.statements.RunBefores.evaluate(RunBefores.java:26) [junit-4.13.jar:4.13]
	at org.junit.runners.ParentRunner$3.evaluate(ParentRunner.java:306) [junit-4.13.jar:4.13]
	at org.junit.runners.ParentRunner.run(ParentRunner.java:413) [junit-4.13.jar:4.13]
	at org.apache.maven.surefire.junit4.JUnit4Provider.execute(JUnit4Provider.java:365) [surefire-junit4-3.0.0-M4.jar:3.0.0-M4]
	at org.apache.maven.surefire.junit4.JUnit4Provider.executeWithRerun(JUnit4Provider.java:273) [surefire-junit4-3.0.0-M4.jar:3.0.0-M4]
	at org.apache.maven.surefire.junit4.JUnit4Provider.executeTestSet(JUnit4Provider.java:238) [surefire-junit4-3.0.0-M4.jar:3.0.0-M4]
	at org.apache.maven.surefire.junit4.JUnit4Provider.invoke(JUnit4Provider.java:159) [surefire-junit4-3.0.0-M4.jar:3.0.0-M4]
	at org.apache.maven.surefire.booter.ForkedBooter.runSuitesInProcess(ForkedBooter.java:377) [surefire-booter-3.0.0-M4.jar:3.0.0-M4]
	at org.apache.maven.surefire.booter.ForkedBooter.execute(ForkedBooter.java:138) [surefire-booter-3.0.0-M4.jar:3.0.0-M4]
	at org.apache.maven.surefire.booter.ForkedBooter.run(ForkedBooter.java:465) [surefire-booter-3.0.0-M4.jar:3.0.0-M4]
	at org.apache.maven.surefire.booter.ForkedBooter.main(ForkedBooter.java:451) [surefire-booter-3.0.0-M4.jar:3.0.0-M4]
2024-04-30T20:48:54,339  INFO [main] pigstats.JobStats: using output size reader: org.apache.pig.backend.hadoop.executionengine.mapReduceLayer.FileBasedOutputSizeReader
2024-04-30T20:48:54,339  WARN [main] pigstats.JobStats: unable to find the output file
java.io.FileNotFoundException: File junit_parted_basic does not exist
	at org.apache.hadoop.fs.RawLocalFileSystem.listStatus(RawLocalFileSystem.java:464) ~[hadoop-common-3.1.0.jar:?]
	at org.apache.hadoop.fs.FileSystem.listStatus(FileSystem.java:1919) ~[hadoop-common-3.1.0.jar:?]
	at org.apache.hadoop.fs.FileSystem.listStatus(FileSystem.java:1961) ~[hadoop-common-3.1.0.jar:?]
	at org.apache.hadoop.fs.ChecksumFileSystem.listStatus(ChecksumFileSystem.java:678) ~[hadoop-common-3.1.0.jar:?]
	at org.apache.pig.backend.hadoop.executionengine.mapReduceLayer.FileBasedOutputSizeReader.getOutputSize(FileBasedOutputSizeReader.java:81) ~[pig-0.16.0-h2.jar:?]
	at org.apache.pig.tools.pigstats.JobStats.getOutputSize(JobStats.java:351) [pig-0.16.0-h2.jar:?]
	at org.apache.pig.tools.pigstats.mapreduce.MRJobStats.addOneOutputStats(MRJobStats.java:461) [pig-0.16.0-h2.jar:?]
	at org.apache.pig.tools.pigstats.mapreduce.MRJobStats.addOutputStatistics(MRJobStats.java:443) [pig-0.16.0-h2.jar:?]
	at org.apache.pig.tools.pigstats.mapreduce.MRPigStatsUtil.addSuccessJobStats(MRPigStatsUtil.java:237) [pig-0.16.0-h2.jar:?]
	at org.apache.pig.tools.pigstats.mapreduce.MRPigStatsUtil.accumulateStats(MRPigStatsUtil.java:165) [pig-0.16.0-h2.jar:?]
	at org.apache.pig.backend.hadoop.executionengine.mapReduceLayer.MapReduceLauncher.launchPig(MapReduceLauncher.java:360) [pig-0.16.0-h2.jar:?]
	at org.apache.pig.backend.hadoop.executionengine.HExecutionEngine.launchPig(HExecutionEngine.java:308) [pig-0.16.0-h2.jar:?]
	at org.apache.pig.PigServer.launchPlan(PigServer.java:1474) [pig-0.16.0-h2.jar:?]
	at org.apache.pig.PigServer.executeCompiledLogicalPlan(PigServer.java:1459) [pig-0.16.0-h2.jar:?]
	at org.apache.pig.PigServer.execute(PigServer.java:1448) [pig-0.16.0-h2.jar:?]
	at org.apache.pig.PigServer.executeBatch(PigServer.java:488) [pig-0.16.0-h2.jar:?]
	at org.apache.pig.PigServer.executeBatch(PigServer.java:471) [pig-0.16.0-h2.jar:?]
	at org.apache.hive.hcatalog.pig.AbstractHCatLoaderTest.setUpTest(AbstractHCatLoaderTest.java:226) [test-classes/:?]
	at sun.reflect.NativeMethodAccessorImpl.invoke0(Native Method) ~[?:1.8.0_402]
	at sun.reflect.NativeMethodAccessorImpl.invoke(NativeMethodAccessorImpl.java:62) ~[?:1.8.0_402]
	at sun.reflect.DelegatingMethodAccessorImpl.invoke(DelegatingMethodAccessorImpl.java:43) ~[?:1.8.0_402]
	at java.lang.reflect.Method.invoke(Method.java:498) ~[?:1.8.0_402]
	at org.junit.runners.model.FrameworkMethod$1.runReflectiveCall(FrameworkMethod.java:59) [junit-4.13.jar:4.13]
	at org.junit.internal.runners.model.ReflectiveCallable.run(ReflectiveCallable.java:12) [junit-4.13.jar:4.13]
	at org.junit.runners.model.FrameworkMethod.invokeExplosively(FrameworkMethod.java:56) [junit-4.13.jar:4.13]
	at org.junit.internal.runners.statements.RunBefores.invokeMethod(RunBefores.java:33) [junit-4.13.jar:4.13]
	at org.junit.internal.runners.statements.RunBefores.evaluate(RunBefores.java:24) [junit-4.13.jar:4.13]
	at org.junit.internal.runners.statements.RunAfters.evaluate(RunAfters.java:27) [junit-4.13.jar:4.13]
	at org.junit.runners.ParentRunner$3.evaluate(ParentRunner.java:306) [junit-4.13.jar:4.13]
	at org.junit.runners.BlockJUnit4ClassRunner$1.evaluate(BlockJUnit4ClassRunner.java:100) [junit-4.13.jar:4.13]
	at org.junit.runners.ParentRunner.runLeaf(ParentRunner.java:366) [junit-4.13.jar:4.13]
	at org.junit.runners.BlockJUnit4ClassRunner.runChild(BlockJUnit4ClassRunner.java:103) [junit-4.13.jar:4.13]
	at org.junit.runners.BlockJUnit4ClassRunner.runChild(BlockJUnit4ClassRunner.java:63) [junit-4.13.jar:4.13]
	at org.junit.runners.ParentRunner$4.run(ParentRunner.java:331) [junit-4.13.jar:4.13]
	at org.junit.runners.ParentRunner$1.schedule(ParentRunner.java:79) [junit-4.13.jar:4.13]
	at org.junit.runners.ParentRunner.runChildren(ParentRunner.java:329) [junit-4.13.jar:4.13]
	at org.junit.runners.ParentRunner.access$100(ParentRunner.java:66) [junit-4.13.jar:4.13]
	at org.junit.runners.ParentRunner$2.evaluate(ParentRunner.java:293) [junit-4.13.jar:4.13]
	at org.junit.internal.runners.statements.RunBefores.evaluate(RunBefores.java:26) [junit-4.13.jar:4.13]
	at org.junit.runners.ParentRunner$3.evaluate(ParentRunner.java:306) [junit-4.13.jar:4.13]
	at org.junit.runners.ParentRunner.run(ParentRunner.java:413) [junit-4.13.jar:4.13]
	at org.apache.maven.surefire.junit4.JUnit4Provider.execute(JUnit4Provider.java:365) [surefire-junit4-3.0.0-M4.jar:3.0.0-M4]
	at org.apache.maven.surefire.junit4.JUnit4Provider.executeWithRerun(JUnit4Provider.java:273) [surefire-junit4-3.0.0-M4.jar:3.0.0-M4]
	at org.apache.maven.surefire.junit4.JUnit4Provider.executeTestSet(JUnit4Provider.java:238) [surefire-junit4-3.0.0-M4.jar:3.0.0-M4]
	at org.apache.maven.surefire.junit4.JUnit4Provider.invoke(JUnit4Provider.java:159) [surefire-junit4-3.0.0-M4.jar:3.0.0-M4]
	at org.apache.maven.surefire.booter.ForkedBooter.runSuitesInProcess(ForkedBooter.java:377) [surefire-booter-3.0.0-M4.jar:3.0.0-M4]
	at org.apache.maven.surefire.booter.ForkedBooter.execute(ForkedBooter.java:138) [surefire-booter-3.0.0-M4.jar:3.0.0-M4]
	at org.apache.maven.surefire.booter.ForkedBooter.run(ForkedBooter.java:465) [surefire-booter-3.0.0-M4.jar:3.0.0-M4]
	at org.apache.maven.surefire.booter.ForkedBooter.main(ForkedBooter.java:451) [surefire-booter-3.0.0-M4.jar:3.0.0-M4]
2024-04-30T20:48:54,340  INFO [main] mapReduceLayer.MapReduceLauncher: 100% complete
2024-04-30T20:48:54,340  INFO [main] mapreduce.SimplePigStats: Script Statistics: 

HadoopVersion	PigVersion	UserId	StartedAt	FinishedAt	Features
3.1.0	0.16.0	alex	2024-04-30 20:48:52	2024-04-30 20:48:54	FILTER

Success!

Job Stats (time in seconds):
JobId	Maps	Reduces	MaxMapTime	MinMapTime	AvgMapTime	MedianMapTime	MaxReduceTime	MinReduceTime	AvgReduceTime	MedianReducetime	Alias	Feature	Outputs
job_local1441886317_0004	1	0	n/a	n/a	n/a	n/a	0	0	0	0	A,B,B2,C,C2	MULTI_QUERY,MAP_ONLY	junit_unparted_basic,junit_specific_size,junit_specific_db.junit_specific_size2,junit_parted_basic,junit_parted_basic,
job_local718706028_0006	1	0	n/a	n/a	n/a	n/a	0	0	0	0	D	MAP_ONLY	junit_unparted_complex,
job_local988608986_0005	1	0	n/a	n/a	n/a	n/a	0	0	0	0	E,F	MAP_ONLY	junit_parted_date,

Input(s):
Successfully read 9 records from: "/home/alex/Repositories/hive/hcatalog/hcatalog-pig-adapter/build/test/data/org.apache.hive.hcatalog.mapreduce.HCatBaseTest-1714535317310/basic.input.data"
Successfully read 2 records from: "/home/alex/Repositories/hive/hcatalog/hcatalog-pig-adapter/build/test/data/org.apache.hive.hcatalog.mapreduce.HCatBaseTest-1714535317310/datetimestamp.input.data"
Successfully read 2 records from: "/home/alex/Repositories/hive/hcatalog/hcatalog-pig-adapter/build/test/data/org.apache.hive.hcatalog.mapreduce.HCatBaseTest-1714535317310/complex.input.data"

Output(s):
Successfully stored 9 records in: "junit_unparted_basic"
Successfully stored 9 records in: "junit_specific_size"
Successfully stored 9 records in: "junit_specific_db.junit_specific_size2"
Successfully stored 3 records in: "junit_parted_basic"
Successfully stored 6 records in: "junit_parted_basic"
Successfully stored 2 records in: "junit_parted_date"
Successfully stored 2 records in: "junit_unparted_complex"

Counters:
Total records written : 40
Total bytes written : 0
Spillable Memory Manager spill count : 0
Total bags proactively spilled: 0
Total records proactively spilled: 0

Job DAG:
job_local1441886317_0004
job_local988608986_0005
job_local718706028_0006


2024-04-30T20:48:54,341  WARN [main] impl.MetricsSystemImpl: JobTracker metrics system already initialized!
2024-04-30T20:48:54,342  WARN [main] impl.MetricsSystemImpl: JobTracker metrics system already initialized!
2024-04-30T20:48:54,343  WARN [main] impl.MetricsSystemImpl: JobTracker metrics system already initialized!
2024-04-30T20:48:54,343  WARN [main] impl.MetricsSystemImpl: JobTracker metrics system already initialized!
2024-04-30T20:48:54,345  WARN [main] impl.MetricsSystemImpl: JobTracker metrics system already initialized!
2024-04-30T20:48:54,346  WARN [main] impl.MetricsSystemImpl: JobTracker metrics system already initialized!
2024-04-30T20:48:54,346  INFO [main] mapReduceLayer.MapReduceLauncher: Success!
2024-04-30T20:48:54,368  INFO [main] executionengine.HExecutionEngine: Connecting to hadoop file system at: file:///
2024-04-30T20:48:54,368  INFO [main] pig.PigServer: Pig Script ID for the session: PIG-default-ffadcd18-6abc-46b2-b502-255599a064fa
2024-04-30T20:48:54,369  INFO [main] ql.Driver: Compiling command(queryId=alex_20240430204851_1e4585c1-c69d-480f-87fa-94186edc5628): select * from junit_parted_basic
2024-04-30T20:48:54,371  INFO [main] parse.CalcitePlanner: Starting caching scope for: alex_20240430204851_1e4585c1-c69d-480f-87fa-94186edc5628
2024-04-30T20:48:54,371  INFO [main] parse.CalcitePlanner: Starting Semantic Analysis
2024-04-30T20:48:54,373  INFO [main] parse.CalcitePlanner: Completed phase 1 of Semantic Analysis
2024-04-30T20:48:54,374  INFO [main] parse.CalcitePlanner: Get metadata for source tables
2024-04-30T20:48:54,374  INFO [main] HiveMetaStore.audit: ugi=alex	ip=unknown-ip-addr	cmd=get_table : tbl=hive.default.junit_parted_basic	
2024-04-30T20:48:54,379  INFO [main] metastore.HMSHandler: Skipping translation for processor with null
2024-04-30T20:48:54,380  INFO [main] parse.CalcitePlanner: Get metadata for subqueries
2024-04-30T20:48:54,380  INFO [main] parse.CalcitePlanner: Get metadata for destination tables
2024-04-30T20:48:54,380  INFO [main] parse.CalcitePlanner: Completed getting MetaData in Semantic Analysis
2024-04-30T20:48:55,842  INFO [main] HiveMetaStore.audit: ugi=alex	ip=unknown-ip-addr	cmd=get_all_table_constraints : tbl=hive.default.junit_parted_basic	
2024-04-30T20:48:56,442  INFO [main] calcite.RelOptHiveTable: Calculating column statistics for default.junit_parted_basic, projIndxSet: [0, 1, 2], allowMissingStats: true
2024-04-30T20:48:56,444  INFO [main] HiveMetaStore.audit: ugi=alex	ip=unknown-ip-addr	cmd=get_partitions : tbl=hive.default.junit_parted_basic	
2024-04-30T20:48:56,504  INFO [main] HiveMetaStore.audit: ugi=alex	ip=unknown-ip-addr	cmd=get_aggr_stats_for: table=hive.default.junit_parted_basic	
2024-04-30T20:48:56,531  WARN [main] calcite.RelOptHiveTable: No Stats for default@junit_parted_basic, Columns: a, b
No Stats for default@junit_parted_basic, Columns: a, b
2024-04-30T20:48:56,531  INFO [main] SessionState: No Stats for default@junit_parted_basic, Columns: a, b
2024-04-30T20:48:56,650  INFO [main] parse.CalcitePlanner: Get metadata for source tables
2024-04-30T20:48:56,650  INFO [main] parse.CalcitePlanner: Get metadata for subqueries
2024-04-30T20:48:56,650  INFO [main] parse.CalcitePlanner: Get metadata for destination tables
2024-04-30T20:48:56,699  INFO [main] common.FileUtils: Creating directory if it doesn't exist: file:/home/alex/Repositories/hive/hcatalog/hcatalog-pig-adapter/target/tmp/localscratchdir/8970b144-a3f7-4c31-8e6b-1911c5870494/hive_2024-04-30_20-48-54_369_3083051188140335797-1/-mr-10001/.hive-staging_hive_2024-04-30_20-48-54_369_3083051188140335797-1
2024-04-30T20:48:56,715  INFO [main] parse.CalcitePlanner: CBO Succeeded; optimized logical plan.
2024-04-30T20:48:56,783  INFO [main] optimizer.BucketVersionPopulator: not considering bucketingVersion for: TS[0] because it has -1<2 buckets 
2024-04-30T20:48:56,809  INFO [main] parse.CalcitePlanner: Completed plan generation
2024-04-30T20:48:56,809  INFO [main] parse.CalcitePlanner: Ending caching scope for: alex_20240430204851_1e4585c1-c69d-480f-87fa-94186edc5628
2024-04-30T20:48:56,809  INFO [main] ql.Driver: Semantic Analysis Completed (retrial = false)
2024-04-30T20:48:56,809  INFO [main] ql.Driver: Created Hive schema: Schema(fieldSchemas:[FieldSchema(name:junit_parted_basic.a, type:int, comment:null), FieldSchema(name:junit_parted_basic.b, type:string, comment:null), FieldSchema(name:junit_parted_basic.bkt, type:string, comment:null)], properties:null)
2024-04-30T20:48:56,826  INFO [main] exec.TableScanOperator: Initializing Operator: TS[0]
2024-04-30T20:48:56,826  INFO [main] exec.SelectOperator: Initializing Operator: SEL[1]
2024-04-30T20:48:56,832  INFO [main] exec.SelectOperator: SELECT struct<a:int,b:string,bkt:string>
2024-04-30T20:48:56,832  INFO [main] exec.ListSinkOperator: Initializing Operator: LIST_SINK[3]
2024-04-30T20:48:56,837  INFO [main] metadata.Hive: Dumping metastore api call timing information for : compilation phase
2024-04-30T20:48:56,837  INFO [main] metadata.Hive: Total time spent in each metastore function (ms): {isCompatibleWith_(Configuration)=1, listPartitions_(String, String, short)=43, getAllTableConstraints_(AllTableConstraintsRequest)=66, getTable_(GetTableRequest)=5, flushCache_()=0, getAggrColStatsFor_(String, String, List, List, String, String)=26}
2024-04-30T20:48:56,837  INFO [main] ql.Driver: Completed compiling command(queryId=alex_20240430204851_1e4585c1-c69d-480f-87fa-94186edc5628); Time taken: 2.468 seconds
2024-04-30T20:48:56,837  INFO [main] reexec.ReExecDriver: Execution #1 of query
2024-04-30T20:48:56,838  INFO [main] ql.Driver: Concurrency mode is disabled, not creating a lock manager
2024-04-30T20:48:56,838  INFO [main] ql.Driver: Executing command(queryId=alex_20240430204851_1e4585c1-c69d-480f-87fa-94186edc5628): select * from junit_parted_basic
2024-04-30T20:48:56,838  INFO [main] metadata.Hive: Dumping metastore api call timing information for : execution phase
2024-04-30T20:48:56,838  INFO [main] metadata.Hive: Total time spent in each metastore function (ms): {}
2024-04-30T20:48:56,838  INFO [main] ql.Driver: Completed executing command(queryId=alex_20240430204851_1e4585c1-c69d-480f-87fa-94186edc5628); Time taken: 0.0 seconds
2024-04-30T20:48:56,846  INFO [main] exec.TableScanOperator: Closing Operator: TS[0]
2024-04-30T20:48:56,847  INFO [main] exec.TableScanOperator: RECORDS_OUT_INTERMEDIATE:0, RECORDS_OUT_OPERATOR_TS_0:0, 
2024-04-30T20:48:56,847  INFO [main] exec.SelectOperator: Closing Operator: SEL[1]
2024-04-30T20:48:56,847  INFO [main] exec.SelectOperator: RECORDS_OUT_INTERMEDIATE:0, RECORDS_OUT_OPERATOR_SEL_1:0, 
2024-04-30T20:48:56,847  INFO [main] exec.ListSinkOperator: Closing Operator: LIST_SINK[3]
2024-04-30T20:48:56,847  INFO [main] exec.ListSinkOperator: RECORDS_OUT_INTERMEDIATE:0, RECORDS_OUT_OPERATOR_LIST_SINK_3:0, 
2024-04-30T20:48:56,847  INFO [main] ql.Context: Deleting scratch dir: file:/home/alex/Repositories/hive/hcatalog/hcatalog-pig-adapter/target/tmp/localscratchdir/8970b144-a3f7-4c31-8e6b-1911c5870494/hive_2024-04-30_20-48-54_369_3083051188140335797-1
2024-04-30T20:48:56,847  INFO [main] cleanup.SyncCleanupService: Deleted directory: file:/home/alex/Repositories/hive/hcatalog/hcatalog-pig-adapter/target/tmp/localscratchdir/8970b144-a3f7-4c31-8e6b-1911c5870494/hive_2024-04-30_20-48-54_369_3083051188140335797-1 on fs with scheme file
2024-04-30T20:48:56,848  INFO [main] ql.Driver: Compiling command(queryId=alex_20240430204851_1e4585c1-c69d-480f-87fa-94186edc5628): drop table if exists junit_unparted_basic
2024-04-30T20:48:56,848  INFO [main] HiveMetaStore.audit: ugi=alex	ip=unknown-ip-addr	cmd=get_table : tbl=hive.default.junit_unparted_basic	
2024-04-30T20:48:56,854  INFO [main] metastore.HMSHandler: Skipping translation for processor with null
2024-04-30T20:48:56,854  INFO [main] ql.Driver: Semantic Analysis Completed (retrial = false)
2024-04-30T20:48:56,854  INFO [main] ql.Driver: Created Hive schema: Schema(fieldSchemas:null, properties:null)
2024-04-30T20:48:56,854  INFO [main] metadata.Hive: Dumping metastore api call timing information for : compilation phase
2024-04-30T20:48:56,854  INFO [main] metadata.Hive: Total time spent in each metastore function (ms): {isCompatibleWith_(Configuration)=0, getTable_(GetTableRequest)=6, flushCache_()=0}
2024-04-30T20:48:56,854  INFO [main] ql.Driver: Completed compiling command(queryId=alex_20240430204851_1e4585c1-c69d-480f-87fa-94186edc5628); Time taken: 0.006 seconds
2024-04-30T20:48:56,854  INFO [main] reexec.ReExecDriver: Execution #1 of query
2024-04-30T20:48:56,854  INFO [main] ql.Driver: Concurrency mode is disabled, not creating a lock manager
2024-04-30T20:48:56,854  INFO [main] ql.Driver: Executing command(queryId=alex_20240430204851_1e4585c1-c69d-480f-87fa-94186edc5628): drop table if exists junit_unparted_basic
2024-04-30T20:48:56,854  INFO [main] ql.Driver: Starting task [Stage-0:DDL] in serial mode
2024-04-30T20:48:56,855  INFO [main] HiveMetaStore.audit: ugi=alex	ip=unknown-ip-addr	cmd=get_table : tbl=hive.default.junit_unparted_basic	
2024-04-30T20:48:56,860  INFO [main] metastore.HMSHandler: Skipping translation for processor with null
2024-04-30T20:48:56,860  INFO [main] HiveMetaStore.audit: ugi=alex	ip=unknown-ip-addr	cmd=get_table : tbl=hive.default.junit_unparted_basic	
2024-04-30T20:48:56,865  INFO [main] metastore.HMSHandler: Skipping translation for processor with null
2024-04-30T20:48:56,865  INFO [main] HiveMetaStore.audit: ugi=alex	ip=unknown-ip-addr	cmd=drop_table : tbl=hive.default.junit_unparted_basic	
2024-04-30T20:48:56,980  INFO [main] metadata.Hive: Dumping metastore api call timing information for : execution phase
2024-04-30T20:48:56,980  INFO [main] metadata.Hive: Total time spent in each metastore function (ms): {isCompatibleWith_(Configuration)=1, dropTable_(String, String, boolean, boolean, boolean)=120, getTable_(GetTableRequest)=5}
2024-04-30T20:48:56,980  INFO [main] ql.Driver: Completed executing command(queryId=alex_20240430204851_1e4585c1-c69d-480f-87fa-94186edc5628); Time taken: 0.126 seconds
2024-04-30T20:48:56,981  INFO [main] ql.Driver: Compiling command(queryId=alex_20240430204851_1e4585c1-c69d-480f-87fa-94186edc5628): drop table if exists junit_unparted_complex
2024-04-30T20:48:56,981  INFO [main] HiveMetaStore.audit: ugi=alex	ip=unknown-ip-addr	cmd=get_table : tbl=hive.default.junit_unparted_complex	
2024-04-30T20:48:56,987  INFO [main] metastore.HMSHandler: Skipping translation for processor with null
2024-04-30T20:48:56,987  INFO [main] ql.Driver: Semantic Analysis Completed (retrial = false)
2024-04-30T20:48:56,987  INFO [main] ql.Driver: Created Hive schema: Schema(fieldSchemas:null, properties:null)
2024-04-30T20:48:56,987  INFO [main] metadata.Hive: Dumping metastore api call timing information for : compilation phase
2024-04-30T20:48:56,987  INFO [main] metadata.Hive: Total time spent in each metastore function (ms): {isCompatibleWith_(Configuration)=0, getTable_(GetTableRequest)=6, flushCache_()=0}
2024-04-30T20:48:56,987  INFO [main] ql.Driver: Completed compiling command(queryId=alex_20240430204851_1e4585c1-c69d-480f-87fa-94186edc5628); Time taken: 0.006 seconds
2024-04-30T20:48:56,987  INFO [main] reexec.ReExecDriver: Execution #1 of query
2024-04-30T20:48:56,987  INFO [main] ql.Driver: Concurrency mode is disabled, not creating a lock manager
2024-04-30T20:48:56,987  INFO [main] ql.Driver: Executing command(queryId=alex_20240430204851_1e4585c1-c69d-480f-87fa-94186edc5628): drop table if exists junit_unparted_complex
2024-04-30T20:48:56,987  INFO [main] ql.Driver: Starting task [Stage-0:DDL] in serial mode
2024-04-30T20:48:56,988  INFO [main] HiveMetaStore.audit: ugi=alex	ip=unknown-ip-addr	cmd=get_table : tbl=hive.default.junit_unparted_complex	
2024-04-30T20:48:56,993  INFO [main] metastore.HMSHandler: Skipping translation for processor with null
2024-04-30T20:48:56,993  INFO [main] HiveMetaStore.audit: ugi=alex	ip=unknown-ip-addr	cmd=get_table : tbl=hive.default.junit_unparted_complex	
2024-04-30T20:48:56,998  INFO [main] metastore.HMSHandler: Skipping translation for processor with null
2024-04-30T20:48:56,998  INFO [main] HiveMetaStore.audit: ugi=alex	ip=unknown-ip-addr	cmd=drop_table : tbl=hive.default.junit_unparted_complex	
2024-04-30T20:48:57,018  INFO [main] metadata.Hive: Dumping metastore api call timing information for : execution phase
2024-04-30T20:48:57,018  INFO [main] metadata.Hive: Total time spent in each metastore function (ms): {isCompatibleWith_(Configuration)=0, dropTable_(String, String, boolean, boolean, boolean)=25, getTable_(GetTableRequest)=5}
2024-04-30T20:48:57,018  INFO [main] ql.Driver: Completed executing command(queryId=alex_20240430204851_1e4585c1-c69d-480f-87fa-94186edc5628); Time taken: 0.031 seconds
2024-04-30T20:48:57,019  INFO [main] ql.Driver: Compiling command(queryId=alex_20240430204851_1e4585c1-c69d-480f-87fa-94186edc5628): drop table if exists junit_parted_basic
2024-04-30T20:48:57,019  INFO [main] HiveMetaStore.audit: ugi=alex	ip=unknown-ip-addr	cmd=get_table : tbl=hive.default.junit_parted_basic	
2024-04-30T20:48:57,024  INFO [main] metastore.HMSHandler: Skipping translation for processor with null
2024-04-30T20:48:57,024  INFO [main] ql.Driver: Semantic Analysis Completed (retrial = false)
2024-04-30T20:48:57,024  INFO [main] ql.Driver: Created Hive schema: Schema(fieldSchemas:null, properties:null)
2024-04-30T20:48:57,024  INFO [main] metadata.Hive: Dumping metastore api call timing information for : compilation phase
2024-04-30T20:48:57,024  INFO [main] metadata.Hive: Total time spent in each metastore function (ms): {isCompatibleWith_(Configuration)=0, getTable_(GetTableRequest)=5, flushCache_()=0}
2024-04-30T20:48:57,024  INFO [main] ql.Driver: Completed compiling command(queryId=alex_20240430204851_1e4585c1-c69d-480f-87fa-94186edc5628); Time taken: 0.006 seconds
2024-04-30T20:48:57,024  INFO [main] reexec.ReExecDriver: Execution #1 of query
2024-04-30T20:48:57,024  INFO [main] ql.Driver: Concurrency mode is disabled, not creating a lock manager
2024-04-30T20:48:57,024  INFO [main] ql.Driver: Executing command(queryId=alex_20240430204851_1e4585c1-c69d-480f-87fa-94186edc5628): drop table if exists junit_parted_basic
2024-04-30T20:48:57,024  INFO [main] ql.Driver: Starting task [Stage-0:DDL] in serial mode
2024-04-30T20:48:57,025  INFO [main] HiveMetaStore.audit: ugi=alex	ip=unknown-ip-addr	cmd=get_table : tbl=hive.default.junit_parted_basic	
2024-04-30T20:48:57,030  INFO [main] metastore.HMSHandler: Skipping translation for processor with null
2024-04-30T20:48:57,030  INFO [main] HiveMetaStore.audit: ugi=alex	ip=unknown-ip-addr	cmd=get_table : tbl=hive.default.junit_parted_basic	
2024-04-30T20:48:57,035  INFO [main] metastore.HMSHandler: Skipping translation for processor with null
2024-04-30T20:48:57,035  INFO [main] HiveMetaStore.audit: ugi=alex	ip=unknown-ip-addr	cmd=drop_table : tbl=hive.default.junit_parted_basic	
2024-04-30T20:48:57,092  INFO [main] metadata.Hive: Dumping metastore api call timing information for : execution phase
2024-04-30T20:48:57,092  INFO [main] metadata.Hive: Total time spent in each metastore function (ms): {isCompatibleWith_(Configuration)=1, dropTable_(String, String, boolean, boolean, boolean)=61, getTable_(GetTableRequest)=5}
2024-04-30T20:48:57,092  INFO [main] ql.Driver: Completed executing command(queryId=alex_20240430204851_1e4585c1-c69d-480f-87fa-94186edc5628); Time taken: 0.068 seconds
2024-04-30T20:48:57,092  INFO [main] ql.Driver: Compiling command(queryId=alex_20240430204851_1e4585c1-c69d-480f-87fa-94186edc5628): drop table if exists junit_specific_size
2024-04-30T20:48:57,093  INFO [main] HiveMetaStore.audit: ugi=alex	ip=unknown-ip-addr	cmd=get_table : tbl=hive.default.junit_specific_size	
2024-04-30T20:48:57,098  INFO [main] metastore.HMSHandler: Skipping translation for processor with null
2024-04-30T20:48:57,098  INFO [main] ql.Driver: Semantic Analysis Completed (retrial = false)
2024-04-30T20:48:57,098  INFO [main] ql.Driver: Created Hive schema: Schema(fieldSchemas:null, properties:null)
2024-04-30T20:48:57,098  INFO [main] metadata.Hive: Dumping metastore api call timing information for : compilation phase
2024-04-30T20:48:57,098  INFO [main] metadata.Hive: Total time spent in each metastore function (ms): {isCompatibleWith_(Configuration)=0, getTable_(GetTableRequest)=5, flushCache_()=0}
2024-04-30T20:48:57,098  INFO [main] ql.Driver: Completed compiling command(queryId=alex_20240430204851_1e4585c1-c69d-480f-87fa-94186edc5628); Time taken: 0.006 seconds
2024-04-30T20:48:57,098  INFO [main] reexec.ReExecDriver: Execution #1 of query
2024-04-30T20:48:57,098  INFO [main] ql.Driver: Concurrency mode is disabled, not creating a lock manager
2024-04-30T20:48:57,098  INFO [main] ql.Driver: Executing command(queryId=alex_20240430204851_1e4585c1-c69d-480f-87fa-94186edc5628): drop table if exists junit_specific_size
2024-04-30T20:48:57,099  INFO [main] ql.Driver: Starting task [Stage-0:DDL] in serial mode
2024-04-30T20:48:57,099  INFO [main] HiveMetaStore.audit: ugi=alex	ip=unknown-ip-addr	cmd=get_table : tbl=hive.default.junit_specific_size	
2024-04-30T20:48:57,104  INFO [main] metastore.HMSHandler: Skipping translation for processor with null
2024-04-30T20:48:57,104  INFO [main] HiveMetaStore.audit: ugi=alex	ip=unknown-ip-addr	cmd=get_table : tbl=hive.default.junit_specific_size	
2024-04-30T20:48:57,108  INFO [main] metastore.HMSHandler: Skipping translation for processor with null
2024-04-30T20:48:57,109  INFO [main] HiveMetaStore.audit: ugi=alex	ip=unknown-ip-addr	cmd=drop_table : tbl=hive.default.junit_specific_size	
2024-04-30T20:48:57,128  INFO [main] metadata.Hive: Dumping metastore api call timing information for : execution phase
2024-04-30T20:48:57,128  INFO [main] metadata.Hive: Total time spent in each metastore function (ms): {isCompatibleWith_(Configuration)=0, dropTable_(String, String, boolean, boolean, boolean)=24, getTable_(GetTableRequest)=5}
2024-04-30T20:48:57,128  INFO [main] ql.Driver: Completed executing command(queryId=alex_20240430204851_1e4585c1-c69d-480f-87fa-94186edc5628); Time taken: 0.03 seconds
2024-04-30T20:48:57,128  INFO [main] ql.Driver: Compiling command(queryId=alex_20240430204851_1e4585c1-c69d-480f-87fa-94186edc5628): drop table if exists junit_parted_date
2024-04-30T20:48:57,129  INFO [main] HiveMetaStore.audit: ugi=alex	ip=unknown-ip-addr	cmd=get_table : tbl=hive.default.junit_parted_date	
2024-04-30T20:48:57,134  INFO [main] metastore.HMSHandler: Skipping translation for processor with null
2024-04-30T20:48:57,134  INFO [main] ql.Driver: Semantic Analysis Completed (retrial = false)
2024-04-30T20:48:57,134  INFO [main] ql.Driver: Created Hive schema: Schema(fieldSchemas:null, properties:null)
2024-04-30T20:48:57,134  INFO [main] metadata.Hive: Dumping metastore api call timing information for : compilation phase
2024-04-30T20:48:57,134  INFO [main] metadata.Hive: Total time spent in each metastore function (ms): {isCompatibleWith_(Configuration)=0, getTable_(GetTableRequest)=5, flushCache_()=1}
2024-04-30T20:48:57,134  INFO [main] ql.Driver: Completed compiling command(queryId=alex_20240430204851_1e4585c1-c69d-480f-87fa-94186edc5628); Time taken: 0.006 seconds
2024-04-30T20:48:57,134  INFO [main] reexec.ReExecDriver: Execution #1 of query
2024-04-30T20:48:57,134  INFO [main] ql.Driver: Concurrency mode is disabled, not creating a lock manager
2024-04-30T20:48:57,134  INFO [main] ql.Driver: Executing command(queryId=alex_20240430204851_1e4585c1-c69d-480f-87fa-94186edc5628): drop table if exists junit_parted_date
2024-04-30T20:48:57,134  INFO [main] ql.Driver: Starting task [Stage-0:DDL] in serial mode
2024-04-30T20:48:57,135  INFO [main] HiveMetaStore.audit: ugi=alex	ip=unknown-ip-addr	cmd=get_table : tbl=hive.default.junit_parted_date	
2024-04-30T20:48:57,139  INFO [main] metastore.HMSHandler: Skipping translation for processor with null
2024-04-30T20:48:57,140  INFO [main] HiveMetaStore.audit: ugi=alex	ip=unknown-ip-addr	cmd=get_table : tbl=hive.default.junit_parted_date	
2024-04-30T20:48:57,145  INFO [main] metastore.HMSHandler: Skipping translation for processor with null
2024-04-30T20:48:57,145  INFO [main] HiveMetaStore.audit: ugi=alex	ip=unknown-ip-addr	cmd=drop_table : tbl=hive.default.junit_parted_date	
2024-04-30T20:48:57,196  INFO [main] metadata.Hive: Dumping metastore api call timing information for : execution phase
2024-04-30T20:48:57,196  INFO [main] metadata.Hive: Total time spent in each metastore function (ms): {isCompatibleWith_(Configuration)=0, dropTable_(String, String, boolean, boolean, boolean)=56, getTable_(GetTableRequest)=6}
2024-04-30T20:48:57,196  INFO [main] ql.Driver: Completed executing command(queryId=alex_20240430204851_1e4585c1-c69d-480f-87fa-94186edc5628); Time taken: 0.062 seconds
2024-04-30T20:48:57,197  INFO [main] ql.Driver: Compiling command(queryId=alex_20240430204851_1e4585c1-c69d-480f-87fa-94186edc5628): drop table if exists junit_unparted_alltypes
2024-04-30T20:48:57,197  INFO [main] HiveMetaStore.audit: ugi=alex	ip=unknown-ip-addr	cmd=get_table : tbl=hive.default.junit_unparted_alltypes	
2024-04-30T20:48:57,203  INFO [main] metastore.HMSHandler: Skipping translation for processor with null
2024-04-30T20:48:57,203  INFO [main] ql.Driver: Semantic Analysis Completed (retrial = false)
2024-04-30T20:48:57,203  INFO [main] ql.Driver: Created Hive schema: Schema(fieldSchemas:null, properties:null)
2024-04-30T20:48:57,203  INFO [main] metadata.Hive: Dumping metastore api call timing information for : compilation phase
2024-04-30T20:48:57,203  INFO [main] metadata.Hive: Total time spent in each metastore function (ms): {isCompatibleWith_(Configuration)=0, getTable_(GetTableRequest)=6, flushCache_()=0}
2024-04-30T20:48:57,203  INFO [main] ql.Driver: Completed compiling command(queryId=alex_20240430204851_1e4585c1-c69d-480f-87fa-94186edc5628); Time taken: 0.006 seconds
2024-04-30T20:48:57,203  INFO [main] reexec.ReExecDriver: Execution #1 of query
2024-04-30T20:48:57,203  INFO [main] ql.Driver: Concurrency mode is disabled, not creating a lock manager
2024-04-30T20:48:57,203  INFO [main] ql.Driver: Executing command(queryId=alex_20240430204851_1e4585c1-c69d-480f-87fa-94186edc5628): drop table if exists junit_unparted_alltypes
2024-04-30T20:48:57,203  INFO [main] ql.Driver: Starting task [Stage-0:DDL] in serial mode
2024-04-30T20:48:57,204  INFO [main] HiveMetaStore.audit: ugi=alex	ip=unknown-ip-addr	cmd=get_table : tbl=hive.default.junit_unparted_alltypes	
2024-04-30T20:48:57,209  INFO [main] metastore.HMSHandler: Skipping translation for processor with null
2024-04-30T20:48:57,209  INFO [main] HiveMetaStore.audit: ugi=alex	ip=unknown-ip-addr	cmd=get_table : tbl=hive.default.junit_unparted_alltypes	
2024-04-30T20:48:57,215  INFO [main] metastore.HMSHandler: Skipping translation for processor with null
2024-04-30T20:48:57,215  INFO [main] HiveMetaStore.audit: ugi=alex	ip=unknown-ip-addr	cmd=drop_table : tbl=hive.default.junit_unparted_alltypes	
2024-04-30T20:48:57,233  INFO [main] metadata.Hive: Dumping metastore api call timing information for : execution phase
2024-04-30T20:48:57,233  INFO [main] metadata.Hive: Total time spent in each metastore function (ms): {isCompatibleWith_(Configuration)=1, dropTable_(String, String, boolean, boolean, boolean)=24, getTable_(GetTableRequest)=5}
2024-04-30T20:48:57,233  INFO [main] ql.Driver: Completed executing command(queryId=alex_20240430204851_1e4585c1-c69d-480f-87fa-94186edc5628); Time taken: 0.03 seconds
2024-04-30T20:48:57,233  INFO [main] ql.Driver: Compiling command(queryId=alex_20240430204851_1e4585c1-c69d-480f-87fa-94186edc5628): drop database if exists junit_specific_db cascade
2024-04-30T20:48:57,234  INFO [main] HiveMetaStore.audit: ugi=alex	ip=unknown-ip-addr	cmd=get_database: junit_specific_db	
2024-04-30T20:48:57,235  INFO [main] HiveMetaStore.audit: ugi=alex	ip=unknown-ip-addr	cmd=get_multi_table : db=junit_specific_db tbls=null	
2024-04-30T20:48:57,242  INFO [main] HiveMetaStore.audit: ugi=alex	ip=unknown-ip-addr	cmd=get_multi_table : db=junit_specific_db tbls=junit_specific_size2	
2024-04-30T20:48:57,252  INFO [main] ql.Driver: Semantic Analysis Completed (retrial = false)
2024-04-30T20:48:57,252  INFO [main] ql.Driver: Created Hive schema: Schema(fieldSchemas:null, properties:null)
2024-04-30T20:48:57,252  INFO [main] metadata.Hive: Dumping metastore api call timing information for : compilation phase
2024-04-30T20:48:57,252  INFO [main] metadata.Hive: Total time spent in each metastore function (ms): {isCompatibleWith_(Configuration)=0, getDatabase_(String)=1, flushCache_()=0, getTables_(String, String)=6, getTableObjectsByName_(String, List)=11}
2024-04-30T20:48:57,253  INFO [main] ql.Driver: Completed compiling command(queryId=alex_20240430204851_1e4585c1-c69d-480f-87fa-94186edc5628); Time taken: 0.019 seconds
2024-04-30T20:48:57,253  INFO [main] reexec.ReExecDriver: Execution #1 of query
2024-04-30T20:48:57,253  INFO [main] ql.Driver: Concurrency mode is disabled, not creating a lock manager
2024-04-30T20:48:57,253  INFO [main] ql.Driver: Executing command(queryId=alex_20240430204851_1e4585c1-c69d-480f-87fa-94186edc5628): drop database if exists junit_specific_db cascade
2024-04-30T20:48:57,253  INFO [main] ql.Driver: Starting task [Stage-0:DDL] in serial mode
2024-04-30T20:48:57,253  INFO [main] HiveMetaStore.audit: ugi=alex	ip=unknown-ip-addr	cmd=get_database: junit_specific_db	
2024-04-30T20:48:57,254  INFO [main] HiveMetaStore.audit: ugi=alex	ip=unknown-ip-addr	cmd=get_tables_by_type: db=@hive#junit_specific_db pat=.*,type=MATERIALIZED_VIEW	
2024-04-30T20:48:57,254  INFO [main] HiveMetaStore.audit: ugi=alex	ip=unknown-ip-addr	cmd=getTablesByTypeCore: catName=hive: db=junit_specific_db pat=.*,type=MATERIALIZED_VIEW	
2024-04-30T20:48:57,257  INFO [main] HiveMetaStore.audit: ugi=alex	ip=unknown-ip-addr	cmd=get_all_tables: db=@hive#junit_specific_db	
2024-04-30T20:48:57,261  INFO [main] HiveMetaStore.audit: ugi=alex	ip=unknown-ip-addr	cmd=get_multi_table : db=junit_specific_db tbls=junit_specific_size2	
2024-04-30T20:48:57,265  INFO [main] HiveMetaStore.audit: ugi=alex	ip=unknown-ip-addr	cmd=drop_database: @hive#junit_specific_db	
2024-04-30T20:48:57,265  INFO [main] HiveMetaStore.audit: ugi=alex	ip=unknown-ip-addr	cmd=get_all_tables: db=@hive#junit_specific_db	
2024-04-30T20:48:57,266  INFO [main] HiveMetaStore.audit: ugi=alex	ip=unknown-ip-addr	cmd=get_functions: db=@hive#junit_specific_db pat=*	
2024-04-30T20:48:57,269  INFO [main] HiveMetaStore.audit: ugi=alex	ip=unknown-ip-addr	cmd=get_all_stored_procedures	
2024-04-30T20:48:57,272  INFO [main] HiveMetaStore.audit: ugi=alex	ip=unknown-ip-addr	cmd=get_all_packages	
2024-04-30T20:48:57,274  INFO [main] HiveMetaStore.audit: ugi=alex	ip=unknown-ip-addr	cmd=getTablesByTypeCore: catName=hive: db=junit_specific_db pat=.*,type=MATERIALIZED_VIEW	
2024-04-30T20:48:57,279  INFO [main] HiveMetaStore.audit: ugi=alex	ip=unknown-ip-addr	cmd=drop_table : tbl=hive.junit_specific_db.junit_specific_size2	
2024-04-30T20:48:57,291  INFO [main] metastore.ObjectStore: Dropping database hive.junit_specific_db along with all tables
2024-04-30T20:48:57,304  INFO [main] txn.TxnHandler: Non-retryable error in cleanupRecords : Table/View 'TXN_COMPONENTS' does not exist. (SQLState=42X05, ErrorCode=20000)
2024-04-30T20:48:57,304  WARN [main] txn.TxnHandler: Cannot perform cleanup since metastore table does not exist
2024-04-30T20:48:57,305  WARN [main] utils.FileUtils: File file:/home/alex/Repositories/hive/hcatalog/hcatalog-pig-adapter/build/test/data/org.apache.hive.hcatalog.mapreduce.HCatBaseTest-1714535317310/warehouse/junit_specific_db.db does not exist; Force to delete it.
2024-04-30T20:48:57,305 ERROR [main] utils.FileUtils: Failed to delete file:/home/alex/Repositories/hive/hcatalog/hcatalog-pig-adapter/build/test/data/org.apache.hive.hcatalog.mapreduce.HCatBaseTest-1714535317310/warehouse/junit_specific_db.db
2024-04-30T20:48:57,306  INFO [main] metadata.Hive: Dumping metastore api call timing information for : execution phase
2024-04-30T20:48:57,306  INFO [main] metadata.Hive: Total time spent in each metastore function (ms): {isCompatibleWith_(Configuration)=0, dropDatabase_(String, boolean, boolean, boolean)=53}
2024-04-30T20:48:57,306  INFO [main] ql.Driver: Completed executing command(queryId=alex_20240430204851_1e4585c1-c69d-480f-87fa-94186edc5628); Time taken: 0.053 seconds
]]></system-err>
  </testcase>
  <testcase name="testColumnarStorePushdown2" classname="org.apache.hive.hcatalog.pig.TestParquetHCatLoader" time="4.775"/>
  <testcase name="testGetInputBytes" classname="org.apache.hive.hcatalog.pig.TestParquetHCatLoader" time="2.69"/>
  <testcase name="testProjectionsBasic" classname="org.apache.hive.hcatalog.pig.TestParquetHCatLoader" time="3.495"/>
  <testcase name="testConvertBooleanToInt" classname="org.apache.hive.hcatalog.pig.TestParquetHCatLoader" time="3.237"/>
  <testcase name="testReadDataBasic" classname="org.apache.hive.hcatalog.pig.TestParquetHCatLoader" time="3.085"/>
  <testcase name="testColumnarStorePushdown" classname="org.apache.hive.hcatalog.pig.TestParquetHCatLoader" time="2.906"/>
  <testcase name="testGetInputBytesMultipleTables" classname="org.apache.hive.hcatalog.pig.TestParquetHCatLoader" time="2.488"/>
  <testcase name="testDatePartitionPushUp" classname="org.apache.hive.hcatalog.pig.TestParquetHCatLoader" time="2.993"/>
  <testcase name="testSchemaLoadPrimitiveTypes" classname="org.apache.hive.hcatalog.pig.TestParquetHCatLoader" time="2.627"/>
  <testcase name="testSchemaLoadBasic" classname="org.apache.hive.hcatalog.pig.TestParquetHCatLoader" time="2.373"/>
  <testcase name="testReadPartitionedBasic" classname="org.apache.hive.hcatalog.pig.TestParquetHCatLoader" time="3.978"/>
  <testcase name="testReadDataPrimitiveTypes" classname="org.apache.hive.hcatalog.pig.TestParquetHCatLoader" time="2.753"/>
</testsuite>