<?xml version="1.0" encoding="UTF-8"?>
<testsuite xmlns:xsi="http://www.w3.org/2001/XMLSchema-instance" xsi:noNamespaceSchemaLocation="https://maven.apache.org/surefire/maven-surefire-plugin/xsd/surefire-test-report-3.0.xsd" version="3.0" name="org.apache.hadoop.hive.ql.io.parquet.serde.TestParquetTimestampsHive2Compatibility" time="4.972" tests="15000" errors="0" skipped="0" failures="0">
  <properties>
    <property name="sun.desktop" value="gnome"/>
    <property name="build.test.dir" value="/home/alex/Repositories/hive/ql/target/tmp"/>
    <property name="awt.toolkit" value="sun.awt.X11.XToolkit"/>
    <property name="test.tmp.dir.uri" value="file:///home/alex/Repositories/hive/ql/target/tmp"/>
    <property name="file.encoding.pkg" value="sun.io"/>
    <property name="java.specification.version" value="1.8"/>
    <property name="qfile" value=""/>
    <property name="log4j.configurationFile" value="file:///home/alex/Repositories/hive/ql/target/testconf/hive-log4j2.properties"/>
    <property name="sun.cpu.isalist" value=""/>
    <property name="test.warehouse.dir" value="pfile:///home/alex/Repositories/hive/ql/target/warehouse"/>
    <property name="sun.jnu.encoding" value="UTF-8"/>
    <property name="java.class.path" value="/home/alex/Repositories/hive/ql/target/test-classes:/home/alex/Repositories/hive/ql/target/classes:/home/alex/.m2/repository/org/apache/atlas/atlas-client-v2/2.1.0/atlas-client-v2-2.1.0.jar:/home/alex/.m2/repository/cglib/cglib/2.2.2/cglib-2.2.2.jar:/home/alex/.m2/repository/asm/asm/3.3.1/asm-3.3.1.jar:/home/alex/.m2/repository/org/apache/atlas/atlas-client-common/2.1.0/atlas-client-common-2.1.0.jar:/home/alex/.m2/repository/org/apache/httpcomponents/httpclient/4.5.13/httpclient-4.5.13.jar:/home/alex/.m2/repository/com/sun/jersey/jersey-client/1.19/jersey-client-1.19.jar:/home/alex/.m2/repository/org/apache/atlas/atlas-intg/2.1.0/atlas-intg-2.1.0.jar:/home/alex/.m2/repository/commons-collections/commons-collections/3.2.2/commons-collections-3.2.2.jar:/home/alex/.m2/repository/commons-validator/commons-validator/1.6/commons-validator-1.6.jar:/home/alex/.m2/repository/commons-digester/commons-digester/1.8.1/commons-digester-1.8.1.jar:/home/alex/.m2/repository/com/fasterxml/jackson/jaxrs/jackson-jaxrs-base/2.12.0/jackson-jaxrs-base-2.12.0.jar:/home/alex/.m2/repository/com/fasterxml/jackson/jaxrs/jackson-jaxrs-json-provider/2.12.0/jackson-jaxrs-json-provider-2.12.0.jar:/home/alex/.m2/repository/javax/inject/javax.inject/1/javax.inject-1.jar:/home/alex/.m2/repository/org/springframework/spring-context/4.3.20.RELEASE/spring-context-4.3.20.RELEASE.jar:/home/alex/.m2/repository/org/springframework/spring-aop/4.3.20.RELEASE/spring-aop-4.3.20.RELEASE.jar:/home/alex/.m2/repository/org/springframework/spring-beans/4.3.20.RELEASE/spring-beans-4.3.20.RELEASE.jar:/home/alex/.m2/repository/org/springframework/spring-core/4.3.20.RELEASE/spring-core-4.3.20.RELEASE.jar:/home/alex/.m2/repository/org/springframework/spring-expression/4.3.20.RELEASE/spring-expression-4.3.20.RELEASE.jar:/home/alex/.m2/repository/commons-configuration/commons-configuration/1.10/commons-configuration-1.10.jar:/home/alex/.m2/repository/commons-lang/commons-lang/2.6/commons-lang-2.6.jar:/home/alex/.m2/repository/commons-logging/commons-logging/1.1.1/commons-logging-1.1.1.jar:/home/alex/.m2/repository/org/apache/commons/commons-math3/3.6.1/commons-math3-3.6.1.jar:/home/alex/Repositories/hive/vector-code-gen/target/classes:/home/alex/.m2/repository/org/apache/velocity/velocity/1.5/velocity-1.5.jar:/home/alex/Repositories/hive/common/target/classes:/home/alex/Repositories/hive/classification/target/classes:/home/alex/Repositories/hive/standalone-metastore/metastore-common/target/classes:/home/alex/.m2/repository/commons-cli/commons-cli/1.4/commons-cli-1.4.jar:/home/alex/.m2/repository/org/apache/orc/orc-core/1.6.9/orc-core-1.6.9.jar:/home/alex/.m2/repository/org/apache/orc/orc-shims/1.6.9/orc-shims-1.6.9.jar:/home/alex/.m2/repository/io/airlift/aircompressor/0.19/aircompressor-0.19.jar:/home/alex/.m2/repository/org/jetbrains/annotations/17.0.0/annotations-17.0.0.jar:/home/alex/.m2/repository/org/threeten/threeten-extra/1.5.0/threeten-extra-1.5.0.jar:/home/alex/.m2/repository/jline/jline/2.14.6/jline-2.14.6.jar:/home/alex/.m2/repository/javax/servlet/javax.servlet-api/3.1.0/javax.servlet-api-3.1.0.jar:/home/alex/.m2/repository/org/eclipse/jetty/jetty-http/9.3.27.v20190418/jetty-http-9.3.27.v20190418.jar:/home/alex/.m2/repository/org/eclipse/jetty/jetty-rewrite/9.3.27.v20190418/jetty-rewrite-9.3.27.v20190418.jar:/home/alex/.m2/repository/org/eclipse/jetty/jetty-client/9.3.27.v20190418/jetty-client-9.3.27.v20190418.jar:/home/alex/.m2/repository/org/eclipse/jetty/jetty-server/9.3.27.v20190418/jetty-server-9.3.27.v20190418.jar:/home/alex/.m2/repository/org/eclipse/jetty/jetty-io/9.3.27.v20190418/jetty-io-9.3.27.v20190418.jar:/home/alex/.m2/repository/org/eclipse/jetty/jetty-servlet/9.3.27.v20190418/jetty-servlet-9.3.27.v20190418.jar:/home/alex/.m2/repository/org/eclipse/jetty/jetty-security/9.3.27.v20190418/jetty-security-9.3.27.v20190418.jar:/home/alex/.m2/repository/org/eclipse/jetty/jetty-webapp/9.3.27.v20190418/jetty-webapp-9.3.27.v20190418.jar:/home/alex/.m2/repository/org/eclipse/jetty/jetty-xml/9.3.27.v20190418/jetty-xml-9.3.27.v20190418.jar:/home/alex/.m2/repository/joda-time/joda-time/2.9.9/joda-time-2.9.9.jar:/home/alex/.m2/repository/org/apache/logging/log4j/log4j-web/2.13.2/log4j-web-2.13.2.jar:/home/alex/.m2/repository/net/sf/jpam/jpam/1.1/jpam-1.1.jar:/home/alex/.m2/repository/io/dropwizard/metrics/metrics-core/3.1.0/metrics-core-3.1.0.jar:/home/alex/.m2/repository/io/dropwizard/metrics/metrics-jvm/3.1.0/metrics-jvm-3.1.0.jar:/home/alex/.m2/repository/io/dropwizard/metrics/metrics-json/3.1.0/metrics-json-3.1.0.jar:/home/alex/.m2/repository/com/github/joshelser/dropwizard-metrics-hadoop-metrics2-reporter/0.1.2/dropwizard-metrics-hadoop-metrics2-reporter-0.1.2.jar:/home/alex/Repositories/hive/metastore/target/classes:/home/alex/.m2/repository/org/apache/derby/derby/10.14.1.0/derby-10.14.1.0.jar:/home/alex/Repositories/hive/serde/target/classes:/home/alex/.m2/repository/com/google/code/findbugs/jsr305/3.0.0/jsr305-3.0.0.jar:/home/alex/.m2/repository/org/apache/arrow/arrow-vector/0.15.1/arrow-vector-0.15.1.jar:/home/alex/.m2/repository/org/apache/arrow/arrow-format/0.15.1/arrow-format-0.15.1.jar:/home/alex/.m2/repository/org/apache/arrow/arrow-memory/0.15.1/arrow-memory-0.15.1.jar:/home/alex/.m2/repository/com/google/flatbuffers/flatbuffers-java/1.9.0/flatbuffers-java-1.9.0.jar:/home/alex/.m2/repository/com/carrotsearch/hppc/0.7.2/hppc-0.7.2.jar:/home/alex/.m2/repository/com/github/davidmoten/flatbuffers-java/1.6.0.1/flatbuffers-java-1.6.0.1.jar:/home/alex/Repositories/hive/parser/target/classes:/home/alex/Repositories/hive/udf/target/classes:/home/alex/Repositories/hive/service-rpc/target/classes:/home/alex/Repositories/hive/llap-client/target/classes:/home/alex/Repositories/hive/llap-common/target/classes:/home/alex/.m2/repository/io/jsonwebtoken/jjwt-api/0.10.5/jjwt-api-0.10.5.jar:/home/alex/.m2/repository/io/jsonwebtoken/jjwt-impl/0.10.5/jjwt-impl-0.10.5.jar:/home/alex/.m2/repository/io/jsonwebtoken/jjwt-jackson/0.10.5/jjwt-jackson-0.10.5.jar:/home/alex/Repositories/hive/llap-tez/target/classes:/home/alex/Repositories/hive/shims/aggregator/target/classes:/home/alex/Repositories/hive/shims/common/target/classes:/home/alex/Repositories/hive/shims/0.23/target/classes:/home/alex/.m2/repository/org/apache/hadoop/hadoop-yarn-server-resourcemanager/3.1.0/hadoop-yarn-server-resourcemanager-3.1.0.jar:/home/alex/.m2/repository/org/apache/hadoop/hadoop-yarn-server-applicationhistoryservice/3.1.0/hadoop-yarn-server-applicationhistoryservice-3.1.0.jar:/home/alex/.m2/repository/de/ruedigermoeller/fst/2.50/fst-2.50.jar:/home/alex/.m2/repository/com/cedarsoftware/java-util/1.9.0/java-util-1.9.0.jar:/home/alex/.m2/repository/com/cedarsoftware/json-io/2.5.1/json-io-2.5.1.jar:/home/alex/Repositories/hive/shims/scheduler/target/classes:/home/alex/Repositories/hive/spark-client/target/classes:/home/alex/.m2/repository/io/netty/netty-all/4.1.65.Final/netty-all-4.1.65.Final.jar:/home/alex/.m2/repository/com/fasterxml/jackson/module/jackson-module-scala_2.12/2.12.0/jackson-module-scala_2.12-2.12.0.jar:/home/alex/.m2/repository/org/apache/spark/spark-yarn_2.12/2.4.5/spark-yarn_2.12-2.4.5.jar:/home/alex/Repositories/hive/storage-api/target/classes:/home/alex/.m2/repository/com/amazonaws/aws-java-sdk-bundle/1.11.901/aws-java-sdk-bundle-1.11.901.jar:/home/alex/.m2/repository/com/amazonaws/secretsmanager/aws-secretsmanager-caching-java/1.0.1/aws-secretsmanager-caching-java-1.0.1.jar:/home/alex/.m2/repository/com/esotericsoftware/kryo/5.0.3/kryo-5.0.3.jar:/home/alex/.m2/repository/org/objenesis/objenesis/3.1/objenesis-3.1.jar:/home/alex/.m2/repository/com/esotericsoftware/minlog/1.3.1/minlog-1.3.1.jar:/home/alex/.m2/repository/com/esotericsoftware/reflectasm/1.11.9/reflectasm-1.11.9.jar:/home/alex/.m2/repository/com/google/protobuf/protobuf-java/2.5.0/protobuf-java-2.5.0.jar:/home/alex/.m2/repository/org/apache/hbase/hbase-common/2.0.0-alpha4/hbase-common-2.0.0-alpha4.jar:/home/alex/.m2/repository/org/apache/hbase/thirdparty/hbase-shaded-miscellaneous/1.0.1/hbase-shaded-miscellaneous-1.0.1.jar:/home/alex/.m2/repository/org/apache/htrace/htrace-core/3.2.0-incubating/htrace-core-3.2.0-incubating.jar:/home/alex/.m2/repository/org/apache/commons/commons-crypto/1.0.0/commons-crypto-1.0.0.jar:/home/alex/.m2/repository/com/github/stephenc/findbugs/findbugs-annotations/1.3.9-1/findbugs-annotations-1.3.9-1.jar:/home/alex/.m2/repository/log4j/log4j/1.2.17/log4j-1.2.17.jar:/home/alex/.m2/repository/org/apache/yetus/audience-annotations/0.5.0/audience-annotations-0.5.0.jar:/home/alex/.m2/repository/org/apache/parquet/parquet-hadoop-bundle/1.11.1/parquet-hadoop-bundle-1.11.1.jar:/home/alex/.m2/repository/commons-codec/commons-codec/1.15/commons-codec-1.15.jar:/home/alex/.m2/repository/commons-io/commons-io/2.6/commons-io-2.6.jar:/home/alex/.m2/repository/org/apache/commons/commons-collections4/4.1/commons-collections4-4.1.jar:/home/alex/.m2/repository/org/apache/commons/commons-lang3/3.9/commons-lang3-3.9.jar:/home/alex/.m2/repository/org/apache/commons/commons-text/1.8/commons-text-1.8.jar:/home/alex/.m2/repository/javolution/javolution/5.5.1/javolution-5.5.1.jar:/home/alex/.m2/repository/org/apache/logging/log4j/log4j-1.2-api/2.13.2/log4j-1.2-api-2.13.2.jar:/home/alex/.m2/repository/org/apache/logging/log4j/log4j-api/2.13.2/log4j-api-2.13.2.jar:/home/alex/.m2/repository/org/apache/logging/log4j/log4j-core/2.13.2/log4j-core-2.13.2.jar:/home/alex/.m2/repository/org/apache/logging/log4j/log4j-slf4j-impl/2.13.2/log4j-slf4j-impl-2.13.2.jar:/home/alex/.m2/repository/org/antlr/antlr-runtime/3.5.2/antlr-runtime-3.5.2.jar:/home/alex/.m2/repository/org/antlr/ST4/4.0.4/ST4-4.0.4.jar:/home/alex/.m2/repository/org/apache/avro/avro/1.8.2/avro-1.8.2.jar:/home/alex/.m2/repository/org/codehaus/jackson/jackson-core-asl/1.9.13/jackson-core-asl-1.9.13.jar:/home/alex/.m2/repository/org/codehaus/jackson/jackson-mapper-asl/1.9.13/jackson-mapper-asl-1.9.13.jar:/home/alex/.m2/repository/com/thoughtworks/paranamer/paranamer/2.8/paranamer-2.8.jar:/home/alex/.m2/repository/org/xerial/snappy/snappy-java/1.1.4/snappy-java-1.1.4.jar:/home/alex/.m2/repository/org/tukaani/xz/1.5/xz-1.5.jar:/home/alex/.m2/repository/org/apache/avro/avro-mapred/1.8.2/avro-mapred-1.8.2-hadoop2.jar:/home/alex/.m2/repository/org/apache/avro/avro-ipc/1.8.2/avro-ipc-1.8.2.jar:/home/alex/.m2/repository/org/mortbay/jetty/jetty/6.1.26/jetty-6.1.26.jar:/home/alex/.m2/repository/org/apache/ant/ant/1.9.1/ant-1.9.1.jar:/home/alex/.m2/repository/org/apache/ant/ant-launcher/1.9.1/ant-launcher-1.9.1.jar:/home/alex/.m2/repository/org/apache/commons/commons-compress/1.21/commons-compress-1.21.jar:/home/alex/.m2/repository/org/apache/thrift/libfb303/0.9.3/libfb303-0.9.3.jar:/home/alex/.m2/repository/org/apache/hadoop/hadoop-common/3.1.0/hadoop-common-3.1.0.jar:/home/alex/.m2/repository/org/apache/hadoop/hadoop-annotations/3.1.0/hadoop-annotations-3.1.0.jar:/home/alex/.m2/repository/commons-net/commons-net/3.6/commons-net-3.6.jar:/home/alex/.m2/repository/org/eclipse/jetty/jetty-util/9.3.27.v20190418/jetty-util-9.3.27.v20190418.jar:/home/alex/.m2/repository/javax/servlet/jsp/jsp-api/2.1/jsp-api-2.1.jar:/home/alex/.m2/repository/com/sun/jersey/jersey-core/1.19/jersey-core-1.19.jar:/home/alex/.m2/repository/javax/ws/rs/jsr311-api/1.1.1/jsr311-api-1.1.1.jar:/home/alex/.m2/repository/com/sun/jersey/jersey-json/1.19/jersey-json-1.19.jar:/home/alex/.m2/repository/com/sun/xml/bind/jaxb-impl/2.2.3-1/jaxb-impl-2.2.3-1.jar:/home/alex/.m2/repository/org/codehaus/jackson/jackson-jaxrs/1.9.2/jackson-jaxrs-1.9.2.jar:/home/alex/.m2/repository/org/codehaus/jackson/jackson-xc/1.9.2/jackson-xc-1.9.2.jar:/home/alex/.m2/repository/com/sun/jersey/jersey-server/1.19/jersey-server-1.19.jar:/home/alex/.m2/repository/org/apache/commons/commons-configuration2/2.1.1/commons-configuration2-2.1.1.jar:/home/alex/.m2/repository/org/apache/hadoop/hadoop-auth/3.1.0/hadoop-auth-3.1.0.jar:/home/alex/.m2/repository/com/nimbusds/nimbus-jose-jwt/4.41.1/nimbus-jose-jwt-4.41.1.jar:/home/alex/.m2/repository/com/github/stephenc/jcip/jcip-annotations/1.0-1/jcip-annotations-1.0-1.jar:/home/alex/.m2/repository/com/jcraft/jsch/0.1.54/jsch-0.1.54.jar:/home/alex/.m2/repository/org/apache/htrace/htrace-core4/4.1.0-incubating/htrace-core4-4.1.0-incubating.jar:/home/alex/.m2/repository/org/apache/kerby/kerb-simplekdc/1.0.1/kerb-simplekdc-1.0.1.jar:/home/alex/.m2/repository/org/apache/kerby/kerb-client/1.0.1/kerb-client-1.0.1.jar:/home/alex/.m2/repository/org/apache/kerby/kerby-config/1.0.1/kerby-config-1.0.1.jar:/home/alex/.m2/repository/org/apache/kerby/kerb-core/1.0.1/kerb-core-1.0.1.jar:/home/alex/.m2/repository/org/apache/kerby/kerby-pkix/1.0.1/kerby-pkix-1.0.1.jar:/home/alex/.m2/repository/org/apache/kerby/kerby-asn1/1.0.1/kerby-asn1-1.0.1.jar:/home/alex/.m2/repository/org/apache/kerby/kerby-util/1.0.1/kerby-util-1.0.1.jar:/home/alex/.m2/repository/org/apache/kerby/kerb-common/1.0.1/kerb-common-1.0.1.jar:/home/alex/.m2/repository/org/apache/kerby/kerb-crypto/1.0.1/kerb-crypto-1.0.1.jar:/home/alex/.m2/repository/org/apache/kerby/kerb-util/1.0.1/kerb-util-1.0.1.jar:/home/alex/.m2/repository/org/apache/kerby/token-provider/1.0.1/token-provider-1.0.1.jar:/home/alex/.m2/repository/org/apache/kerby/kerb-admin/1.0.1/kerb-admin-1.0.1.jar:/home/alex/.m2/repository/org/apache/kerby/kerb-server/1.0.1/kerb-server-1.0.1.jar:/home/alex/.m2/repository/org/apache/kerby/kerb-identity/1.0.1/kerb-identity-1.0.1.jar:/home/alex/.m2/repository/org/apache/kerby/kerby-xdr/1.0.1/kerby-xdr-1.0.1.jar:/home/alex/.m2/repository/org/codehaus/woodstox/stax2-api/3.1.4/stax2-api-3.1.4.jar:/home/alex/.m2/repository/com/fasterxml/woodstox/woodstox-core/5.0.3/woodstox-core-5.0.3.jar:/home/alex/.m2/repository/org/apache/hadoop/hadoop-archives/3.1.0/hadoop-archives-3.1.0.jar:/home/alex/.m2/repository/org/apache/hadoop/hadoop-yarn-registry/3.1.0/hadoop-yarn-registry-3.1.0.jar:/home/alex/.m2/repository/org/apache/curator/curator-client/4.2.0/curator-client-4.2.0.jar:/home/alex/.m2/repository/org/apache/curator/curator-recipes/4.2.0/curator-recipes-4.2.0.jar:/home/alex/.m2/repository/commons-daemon/commons-daemon/1.0.13/commons-daemon-1.0.13.jar:/home/alex/.m2/repository/dnsjava/dnsjava/2.1.7/dnsjava-2.1.7.jar:/home/alex/.m2/repository/org/apache/hadoop/hadoop-mapreduce-client-core/3.1.0/hadoop-mapreduce-client-core-3.1.0.jar:/home/alex/.m2/repository/org/apache/hadoop/hadoop-hdfs-client/3.1.0/hadoop-hdfs-client-3.1.0.jar:/home/alex/.m2/repository/com/squareup/okhttp/okhttp/2.7.5/okhttp-2.7.5.jar:/home/alex/.m2/repository/com/squareup/okio/okio/1.6.0/okio-1.6.0.jar:/home/alex/.m2/repository/com/google/inject/extensions/guice-servlet/4.0/guice-servlet-4.0.jar:/home/alex/.m2/repository/org/apache/hadoop/hadoop-mapreduce-client-common/3.1.0/hadoop-mapreduce-client-common-3.1.0.jar:/home/alex/.m2/repository/org/apache/hadoop/hadoop-hdfs/3.1.0/hadoop-hdfs-3.1.0.jar:/home/alex/.m2/repository/org/eclipse/jetty/jetty-util-ajax/9.3.19.v20170502/jetty-util-ajax-9.3.19.v20170502.jar:/home/alex/.m2/repository/org/fusesource/leveldbjni/leveldbjni-all/1.8/leveldbjni-all-1.8.jar:/home/alex/.m2/repository/org/apache/hadoop/hadoop-yarn-api/3.1.0/hadoop-yarn-api-3.1.0.jar:/home/alex/.m2/repository/javax/xml/bind/jaxb-api/2.2.11/jaxb-api-2.2.11.jar:/home/alex/.m2/repository/org/apache/hadoop/hadoop-yarn-common/3.1.0/hadoop-yarn-common-3.1.0.jar:/home/alex/.m2/repository/com/google/inject/guice/4.0/guice-4.0.jar:/home/alex/.m2/repository/aopalliance/aopalliance/1.0/aopalliance-1.0.jar:/home/alex/.m2/repository/com/sun/jersey/contribs/jersey-guice/1.19/jersey-guice-1.19.jar:/home/alex/.m2/repository/com/fasterxml/jackson/module/jackson-module-jaxb-annotations/2.12.0/jackson-module-jaxb-annotations-2.12.0.jar:/home/alex/.m2/repository/jakarta/xml/bind/jakarta.xml.bind-api/2.3.2/jakarta.xml.bind-api-2.3.2.jar:/home/alex/.m2/repository/jakarta/activation/jakarta.activation-api/1.2.1/jakarta.activation-api-1.2.1.jar:/home/alex/.m2/repository/org/apache/hadoop/hadoop-yarn-client/3.1.0/hadoop-yarn-client-3.1.0.jar:/home/alex/.m2/repository/org/apache/orc/orc-tools/1.6.9/orc-tools-1.6.9.jar:/home/alex/.m2/repository/com/opencsv/opencsv/3.9/opencsv-3.9.jar:/home/alex/.m2/repository/org/codehaus/jettison/jettison/1.1/jettison-1.1.jar:/home/alex/.m2/repository/org/threeten/threetenbp/1.3.5/threetenbp-1.3.5.jar:/home/alex/.m2/repository/org/apache/ivy/ivy/2.4.0/ivy-2.4.0.jar:/home/alex/.m2/repository/org/apache/thrift/libthrift/0.14.1/libthrift-0.14.1.jar:/home/alex/.m2/repository/org/apache/httpcomponents/httpcore/4.4.13/httpcore-4.4.13.jar:/home/alex/.m2/repository/org/apache/tomcat/embed/tomcat-embed-core/8.5.46/tomcat-embed-core-8.5.46.jar:/home/alex/.m2/repository/org/apache/tomcat/tomcat-annotations-api/8.5.46/tomcat-annotations-api-8.5.46.jar:/home/alex/.m2/repository/javax/annotation/javax.annotation-api/1.3.2/javax.annotation-api-1.3.2.jar:/home/alex/.m2/repository/org/apache/zookeeper/zookeeper/3.5.5/zookeeper-3.5.5.jar:/home/alex/.m2/repository/org/apache/zookeeper/zookeeper-jute/3.5.5/zookeeper-jute-3.5.5.jar:/home/alex/.m2/repository/org/apache/curator/curator-framework/4.2.0/curator-framework-4.2.0.jar:/home/alex/.m2/repository/org/apache/curator/curator-test/4.2.0/curator-test-4.2.0.jar:/home/alex/.m2/repository/org/apache/datasketches/datasketches-hive/1.1.0-incubating/datasketches-hive-1.1.0-incubating.jar:/home/alex/.m2/repository/org/apache/datasketches/datasketches-java/1.3.0-incubating/datasketches-java-1.3.0-incubating.jar:/home/alex/.m2/repository/org/apache/datasketches/datasketches-memory/1.2.0-incubating/datasketches-memory-1.2.0-incubating.jar:/home/alex/.m2/repository/org/slf4j/slf4j-simple/1.7.27/slf4j-simple-1.7.27.jar:/home/alex/.m2/repository/com/lmax/disruptor/3.3.7/disruptor-3.3.7.jar:/home/alex/.m2/repository/org/codehaus/groovy/groovy-all/2.4.11/groovy-all-2.4.11.jar:/home/alex/.m2/repository/org/jodd/jodd-util/6.0.0/jodd-util-6.0.0.jar:/home/alex/.m2/repository/com/fasterxml/jackson/core/jackson-annotations/2.12.0/jackson-annotations-2.12.0.jar:/home/alex/.m2/repository/com/fasterxml/jackson/core/jackson-core/2.12.0/jackson-core-2.12.0.jar:/home/alex/.m2/repository/com/fasterxml/jackson/core/jackson-databind/2.12.0/jackson-databind-2.12.0.jar:/home/alex/.m2/repository/com/fasterxml/jackson/dataformat/jackson-dataformat-yaml/2.12.0/jackson-dataformat-yaml-2.12.0.jar:/home/alex/.m2/repository/org/yaml/snakeyaml/1.27/snakeyaml-1.27.jar:/home/alex/.m2/repository/org/datanucleus/datanucleus-core/5.2.4/datanucleus-core-5.2.4.jar:/home/alex/.m2/repository/org/apache/calcite/calcite-core/1.25.0/calcite-core-1.25.0.jar:/home/alex/.m2/repository/org/apache/calcite/calcite-linq4j/1.25.0/calcite-linq4j-1.25.0.jar:/home/alex/.m2/repository/org/apiguardian/apiguardian-api/1.1.0/apiguardian-api-1.1.0.jar:/home/alex/.m2/repository/com/esri/geometry/esri-geometry-api/2.2.0/esri-geometry-api-2.2.0.jar:/home/alex/.m2/repository/com/yahoo/datasketches/sketches-core/0.9.0/sketches-core-0.9.0.jar:/home/alex/.m2/repository/com/yahoo/datasketches/memory/0.9.0/memory-0.9.0.jar:/home/alex/.m2/repository/org/apache/commons/commons-dbcp2/2.7.0/commons-dbcp2-2.7.0.jar:/home/alex/.m2/repository/org/apache/commons/commons-pool2/2.7.0/commons-pool2-2.7.0.jar:/home/alex/.m2/repository/org/apache/calcite/calcite-druid/1.25.0/calcite-druid-1.25.0.jar:/home/alex/.m2/repository/org/apache/calcite/avatica/avatica/1.12.0/avatica-1.12.0.jar:/home/alex/.m2/repository/com/google/guava/guava/19.0/guava-19.0.jar:/home/alex/.m2/repository/com/googlecode/javaewah/JavaEWAH/0.3.2/JavaEWAH-0.3.2.jar:/home/alex/.m2/repository/com/google/code/gson/gson/2.2.4/gson-2.2.4.jar:/home/alex/.m2/repository/com/tdunning/json/1.8/json-1.8.jar:/home/alex/.m2/repository/stax/stax-api/1.0.1/stax-api-1.0.1.jar:/home/alex/.m2/repository/net/sf/opencsv/opencsv/2.3/opencsv-2.3.jar:/home/alex/Repositories/hive/standalone-metastore/metastore-server/target/classes:/home/alex/.m2/repository/com/zaxxer/HikariCP/2.6.1/HikariCP-2.6.1.jar:/home/alex/.m2/repository/commons-beanutils/commons-beanutils/1.9.4/commons-beanutils-1.9.4.jar:/home/alex/.m2/repository/org/datanucleus/datanucleus-api-jdo/5.2.4/datanucleus-api-jdo-5.2.4.jar:/home/alex/.m2/repository/org/datanucleus/datanucleus-rdbms/5.2.4/datanucleus-rdbms-5.2.4.jar:/home/alex/.m2/repository/org/datanucleus/javax.jdo/3.2.0-release/javax.jdo-3.2.0-release.jar:/home/alex/.m2/repository/javax/transaction/javax.transaction-api/1.3/javax.transaction-api-1.3.jar:/home/alex/.m2/repository/org/glassfish/corba/glassfish-corba-omgapi/4.2.2/glassfish-corba-omgapi-4.2.2.jar:/home/alex/.m2/repository/sqlline/sqlline/1.9.0/sqlline-1.9.0.jar:/home/alex/.m2/repository/org/jline/jline-terminal/3.12.1/jline-terminal-3.12.1.jar:/home/alex/.m2/repository/org/jline/jline-reader/3.12.1/jline-reader-3.12.1.jar:/home/alex/.m2/repository/org/jline/jline-terminal-jansi/3.12.1/jline-terminal-jansi-3.12.1.jar:/home/alex/.m2/repository/org/fusesource/jansi/jansi/1.18/jansi-1.18.jar:/home/alex/.m2/repository/org/jline/jline-terminal-jna/3.12.1/jline-terminal-jna-3.12.1.jar:/home/alex/.m2/repository/net/java/dev/jna/jna/5.3.1/jna-5.3.1.jar:/home/alex/.m2/repository/org/jline/jline-builtins/3.12.1/jline-builtins-3.12.1.jar:/home/alex/.m2/repository/org/jline/jline-style/3.12.1/jline-style-3.12.1.jar:/home/alex/.m2/repository/com/cronutils/cron-utils/9.1.3/cron-utils-9.1.3.jar:/home/alex/.m2/repository/org/glassfish/javax.el/3.0.0/javax.el-3.0.0.jar:/home/alex/.m2/repository/com/oracle/database/jdbc/ojdbc8/21.3.0.0/ojdbc8-21.3.0.0.jar:/home/alex/.m2/repository/mysql/mysql-connector-java/8.0.27/mysql-connector-java-8.0.27.jar:/home/alex/.m2/repository/com/microsoft/sqlserver/mssql-jdbc/6.2.1.jre8/mssql-jdbc-6.2.1.jre8.jar:/home/alex/.m2/repository/org/postgresql/postgresql/42.2.14/postgresql-42.2.14.jar:/home/alex/Repositories/hive/common/target/test-classes:/home/alex/Repositories/hive/standalone-metastore/metastore-common/target/test-classes:/home/alex/.m2/repository/com/github/ben-manes/caffeine/caffeine/2.8.4/caffeine-2.8.4.jar:/home/alex/.m2/repository/org/checkerframework/checker-qual/3.4.0/checker-qual-3.4.0.jar:/home/alex/Repositories/hive/standalone-metastore/metastore-server/target/test-classes:/home/alex/.m2/repository/org/apache/parquet/parquet-column/1.11.1/parquet-column-1.11.1-tests.jar:/home/alex/.m2/repository/org/apache/parquet/parquet-common/1.11.1/parquet-common-1.11.1.jar:/home/alex/.m2/repository/org/apache/parquet/parquet-format-structures/1.11.1/parquet-format-structures-1.11.1.jar:/home/alex/.m2/repository/org/apache/parquet/parquet-encoding/1.11.1/parquet-encoding-1.11.1.jar:/home/alex/.m2/repository/junit/junit/4.13/junit-4.13.jar:/home/alex/.m2/repository/org/hamcrest/hamcrest-core/1.3/hamcrest-core-1.3.jar:/home/alex/.m2/repository/org/junit/jupiter/junit-jupiter-engine/5.6.2/junit-jupiter-engine-5.6.2.jar:/home/alex/.m2/repository/org/junit/platform/junit-platform-engine/1.6.2/junit-platform-engine-1.6.2.jar:/home/alex/.m2/repository/org/opentest4j/opentest4j/1.2.0/opentest4j-1.2.0.jar:/home/alex/.m2/repository/org/junit/platform/junit-platform-commons/1.6.2/junit-platform-commons-1.6.2.jar:/home/alex/.m2/repository/org/junit/jupiter/junit-jupiter-api/5.6.2/junit-jupiter-api-5.6.2.jar:/home/alex/.m2/repository/org/junit/jupiter/junit-jupiter-params/5.6.2/junit-jupiter-params-5.6.2.jar:/home/alex/.m2/repository/org/junit/vintage/junit-vintage-engine/5.6.2/junit-vintage-engine-5.6.2.jar:/home/alex/.m2/repository/org/apache/tez/tez-api/0.10.1/tez-api-0.10.1.jar:/usr/lib/jvm/java-8-openjdk-amd64/jre/../lib/tools.jar:/home/alex/.m2/repository/org/apache/tez/tez-runtime-library/0.10.1/tez-runtime-library-0.10.1.jar:/home/alex/.m2/repository/org/roaringbitmap/RoaringBitmap/0.5.21/RoaringBitmap-0.5.21.jar:/home/alex/.m2/repository/org/asynchttpclient/async-http-client/2.12.1/async-http-client-2.12.1.jar:/home/alex/.m2/repository/org/asynchttpclient/async-http-client-netty-utils/2.12.1/async-http-client-netty-utils-2.12.1.jar:/home/alex/.m2/repository/io/netty/netty-buffer/4.1.48.Final/netty-buffer-4.1.48.Final.jar:/home/alex/.m2/repository/io/netty/netty-codec-http/4.1.48.Final/netty-codec-http-4.1.48.Final.jar:/home/alex/.m2/repository/io/netty/netty-common/4.1.48.Final/netty-common-4.1.48.Final.jar:/home/alex/.m2/repository/io/netty/netty-transport/4.1.48.Final/netty-transport-4.1.48.Final.jar:/home/alex/.m2/repository/io/netty/netty-codec/4.1.48.Final/netty-codec-4.1.48.Final.jar:/home/alex/.m2/repository/io/netty/netty-handler/4.1.48.Final/netty-handler-4.1.48.Final.jar:/home/alex/.m2/repository/io/netty/netty-resolver/4.1.48.Final/netty-resolver-4.1.48.Final.jar:/home/alex/.m2/repository/io/netty/netty-codec-socks/4.1.48.Final/netty-codec-socks-4.1.48.Final.jar:/home/alex/.m2/repository/io/netty/netty-handler-proxy/4.1.48.Final/netty-handler-proxy-4.1.48.Final.jar:/home/alex/.m2/repository/io/netty/netty-transport-native-epoll/4.1.48.Final/netty-transport-native-epoll-4.1.48.Final-linux-x86_64.jar:/home/alex/.m2/repository/io/netty/netty-transport-native-unix-common/4.1.48.Final/netty-transport-native-unix-common-4.1.48.Final.jar:/home/alex/.m2/repository/io/netty/netty-transport-native-kqueue/4.1.48.Final/netty-transport-native-kqueue-4.1.48.Final-osx-x86_64.jar:/home/alex/.m2/repository/org/reactivestreams/reactive-streams/1.0.3/reactive-streams-1.0.3.jar:/home/alex/.m2/repository/com/typesafe/netty/netty-reactive-streams/2.0.4/netty-reactive-streams-2.0.4.jar:/home/alex/.m2/repository/com/sun/activation/javax.activation/1.2.0/javax.activation-1.2.0.jar:/home/alex/.m2/repository/org/apache/tez/tez-common/0.10.1/tez-common-0.10.1.jar:/home/alex/.m2/repository/org/apache/tez/tez-runtime-internals/0.10.1/tez-runtime-internals-0.10.1.jar:/home/alex/.m2/repository/org/apache/tez/hadoop-shim/0.10.1/hadoop-shim-0.10.1.jar:/home/alex/.m2/repository/org/apache/tez/tez-mapreduce/0.10.1/tez-mapreduce-0.10.1.jar:/home/alex/.m2/repository/org/apache/tez/tez-dag/0.10.1/tez-dag-0.10.1.jar:/home/alex/.m2/repository/org/apache/hadoop/hadoop-yarn-server-web-proxy/3.1.0/hadoop-yarn-server-web-proxy-3.1.0.jar:/home/alex/.m2/repository/org/apache/hadoop/hadoop-yarn-server-common/3.1.0/hadoop-yarn-server-common-3.1.0.jar:/home/alex/.m2/repository/org/apache/geronimo/specs/geronimo-jcache_1.0_spec/1.0-alpha-1/geronimo-jcache_1.0_spec-1.0-alpha-1.jar:/home/alex/.m2/repository/org/ehcache/ehcache/3.3.1/ehcache-3.3.1.jar:/home/alex/.m2/repository/com/zaxxer/HikariCP-java7/2.4.12/HikariCP-java7-2.4.12.jar:/home/alex/.m2/repository/org/apache/spark/spark-core_2.12/2.4.5/spark-core_2.12-2.4.5.jar:/home/alex/.m2/repository/com/twitter/chill_2.12/0.9.3/chill_2.12-0.9.3.jar:/home/alex/.m2/repository/com/twitter/chill-java/0.9.3/chill-java-0.9.3.jar:/home/alex/.m2/repository/org/apache/xbean/xbean-asm6-shaded/4.8/xbean-asm6-shaded-4.8.jar:/home/alex/.m2/repository/org/apache/hadoop/hadoop-client/3.1.0/hadoop-client-3.1.0.jar:/home/alex/.m2/repository/org/apache/hadoop/hadoop-mapreduce-client-jobclient/3.1.0/hadoop-mapreduce-client-jobclient-3.1.0.jar:/home/alex/.m2/repository/org/apache/spark/spark-launcher_2.12/2.4.5/spark-launcher_2.12-2.4.5.jar:/home/alex/.m2/repository/org/apache/spark/spark-kvstore_2.12/2.4.5/spark-kvstore_2.12-2.4.5.jar:/home/alex/.m2/repository/org/apache/spark/spark-network-common_2.12/2.4.5/spark-network-common_2.12-2.4.5.jar:/home/alex/.m2/repository/org/apache/spark/spark-network-shuffle_2.12/2.4.5/spark-network-shuffle_2.12-2.4.5.jar:/home/alex/.m2/repository/org/apache/spark/spark-unsafe_2.12/2.4.5/spark-unsafe_2.12-2.4.5.jar:/home/alex/.m2/repository/javax/activation/activation/1.1.1/activation-1.1.1.jar:/home/alex/.m2/repository/org/slf4j/jul-to-slf4j/1.7.16/jul-to-slf4j-1.7.16.jar:/home/alex/.m2/repository/org/slf4j/jcl-over-slf4j/1.7.16/jcl-over-slf4j-1.7.16.jar:/home/alex/.m2/repository/com/ning/compress-lzf/1.0.3/compress-lzf-1.0.3.jar:/home/alex/.m2/repository/org/lz4/lz4-java/1.4.0/lz4-java-1.4.0.jar:/home/alex/.m2/repository/com/github/luben/zstd-jni/1.3.2-2/zstd-jni-1.3.2-2.jar:/home/alex/.m2/repository/org/scala-lang/scala-library/2.12.10/scala-library-2.12.10.jar:/home/alex/.m2/repository/org/json4s/json4s-jackson_2.12/3.5.3/json4s-jackson_2.12-3.5.3.jar:/home/alex/.m2/repository/org/json4s/json4s-core_2.12/3.5.3/json4s-core_2.12-3.5.3.jar:/home/alex/.m2/repository/org/json4s/json4s-ast_2.12/3.5.3/json4s-ast_2.12-3.5.3.jar:/home/alex/.m2/repository/org/json4s/json4s-scalap_2.12/3.5.3/json4s-scalap_2.12-3.5.3.jar:/home/alex/.m2/repository/org/scala-lang/modules/scala-xml_2.12/1.0.6/scala-xml_2.12-1.0.6.jar:/home/alex/.m2/repository/com/clearspring/analytics/stream/2.7.0/stream-2.7.0.jar:/home/alex/.m2/repository/io/dropwizard/metrics/metrics-graphite/3.1.5/metrics-graphite-3.1.5.jar:/home/alex/.m2/repository/oro/oro/2.0.8/oro-2.0.8.jar:/home/alex/.m2/repository/net/razorvine/pyrolite/4.13/pyrolite-4.13.jar:/home/alex/.m2/repository/net/sf/py4j/py4j/0.10.7/py4j-0.10.7.jar:/home/alex/.m2/repository/org/apache/spark/spark-tags_2.12/2.4.5/spark-tags_2.12-2.4.5.jar:/home/alex/.m2/repository/org/spark-project/spark/unused/1.0.0/unused-1.0.0.jar:/home/alex/.m2/repository/com/sun/jersey/jersey-servlet/1.19/jersey-servlet-1.19.jar:/home/alex/.m2/repository/org/glassfish/jersey/core/jersey-server/2.22.2/jersey-server-2.22.2.jar:/home/alex/.m2/repository/org/glassfish/jersey/core/jersey-common/2.22.2/jersey-common-2.22.2.jar:/home/alex/.m2/repository/org/glassfish/jersey/bundles/repackaged/jersey-guava/2.22.2/jersey-guava-2.22.2.jar:/home/alex/.m2/repository/org/glassfish/hk2/osgi-resource-locator/1.0.1/osgi-resource-locator-1.0.1.jar:/home/alex/.m2/repository/org/glassfish/jersey/core/jersey-client/2.22.2/jersey-client-2.22.2.jar:/home/alex/.m2/repository/javax/ws/rs/javax.ws.rs-api/2.0.1/javax.ws.rs-api-2.0.1.jar:/home/alex/.m2/repository/org/glassfish/jersey/media/jersey-media-jaxb/2.22.2/jersey-media-jaxb-2.22.2.jar:/home/alex/.m2/repository/org/glassfish/hk2/hk2-api/2.4.0-b34/hk2-api-2.4.0-b34.jar:/home/alex/.m2/repository/org/glassfish/hk2/hk2-utils/2.4.0-b34/hk2-utils-2.4.0-b34.jar:/home/alex/.m2/repository/org/glassfish/hk2/external/aopalliance-repackaged/2.4.0-b34/aopalliance-repackaged-2.4.0-b34.jar:/home/alex/.m2/repository/org/glassfish/hk2/external/javax.inject/2.4.0-b34/javax.inject-2.4.0-b34.jar:/home/alex/.m2/repository/org/glassfish/hk2/hk2-locator/2.4.0-b34/hk2-locator-2.4.0-b34.jar:/home/alex/.m2/repository/javax/validation/validation-api/1.1.0.Final/validation-api-1.1.0.Final.jar:/home/alex/.m2/repository/org/glassfish/jersey/containers/jersey-container-servlet-core/2.22.2/jersey-container-servlet-core-2.22.2.jar:/home/alex/.m2/repository/org/hamcrest/hamcrest-all/1.3/hamcrest-all-1.3.jar:/home/alex/.m2/repository/org/powermock/powermock-module-junit4/2.0.2/powermock-module-junit4-2.0.2.jar:/home/alex/.m2/repository/org/powermock/powermock-module-junit4-common/2.0.2/powermock-module-junit4-common-2.0.2.jar:/home/alex/.m2/repository/org/powermock/powermock-reflect/2.0.2/powermock-reflect-2.0.2.jar:/home/alex/.m2/repository/org/powermock/powermock-core/2.0.2/powermock-core-2.0.2.jar:/home/alex/.m2/repository/org/powermock/powermock-api-mockito2/2.0.2/powermock-api-mockito2-2.0.2.jar:/home/alex/.m2/repository/org/powermock/powermock-api-support/2.0.2/powermock-api-support-2.0.2.jar:/home/alex/.m2/repository/com/google/guava/guava-testlib/19.0/guava-testlib-19.0.jar:/home/alex/.m2/repository/com/google/errorprone/error_prone_annotations/2.0.2/error_prone_annotations-2.0.2.jar:/home/alex/.m2/repository/com/google/re2j/re2j/1.2/re2j-1.2.jar:/home/alex/.m2/repository/org/reflections/reflections/0.9.10/reflections-0.9.10.jar:/home/alex/.m2/repository/org/javassist/javassist/3.19.0-GA/javassist-3.19.0-GA.jar:/home/alex/.m2/repository/com/jayway/jsonpath/json-path/2.4.0/json-path-2.4.0.jar:/home/alex/.m2/repository/net/minidev/json-smart/2.3/json-smart-2.3.jar:/home/alex/.m2/repository/net/minidev/accessors-smart/1.2/accessors-smart-1.2.jar:/home/alex/.m2/repository/org/ow2/asm/asm/5.0.4/asm-5.0.4.jar:/home/alex/.m2/repository/org/codehaus/janino/commons-compiler/3.0.11/commons-compiler-3.0.11.jar:/home/alex/.m2/repository/org/codehaus/janino/janino/3.0.11/janino-3.0.11.jar:/home/alex/.m2/repository/com/sun/jersey/contribs/jersey-multipart/1.19/jersey-multipart-1.19.jar:/home/alex/.m2/repository/org/jvnet/mimepull/mimepull/1.9.3/mimepull-1.9.3.jar:/home/alex/.m2/repository/org/apache/kafka/kafka-clients/2.5.0/kafka-clients-2.5.0.jar:/home/alex/.m2/repository/org/slf4j/slf4j-api/1.7.30/slf4j-api-1.7.30.jar:/home/alex/.m2/repository/org/mockito/mockito-core/3.4.4/mockito-core-3.4.4.jar:/home/alex/.m2/repository/net/bytebuddy/byte-buddy/1.10.13/byte-buddy-1.10.13.jar:/home/alex/.m2/repository/net/bytebuddy/byte-buddy-agent/1.10.13/byte-buddy-agent-1.10.13.jar:/home/alex/Repositories/hive/ql/target/testconf:/home/alex/Repositories/hive/ql/../conf:"/>
    <property name="run_disabled" value=""/>
    <property name="java.vm.vendor" value="Private Build"/>
    <property name="sun.arch.data.model" value="64"/>
    <property name="hadoop.version" value="3.1.0"/>
    <property name="java.vendor.url" value="http://java.oracle.com/"/>
    <property name="user.timezone" value="US/Pacific"/>
    <property name="user.country.format" value="PT"/>
    <property name="test.local.warehouse.dir" value="pfile:///home/alex/Repositories/hive/ql/target/localfs/warehouse"/>
    <property name="os.name" value="Linux"/>
    <property name="java.vm.specification.version" value="1.8"/>
    <property name="test.tmp.dir" value="/home/alex/Repositories/hive/ql/target/tmp"/>
    <property name="test.build.data" value="/home/alex/Repositories/hive/ql/target/tmp"/>
    <property name="clustermode" value=""/>
    <property name="sun.java.launcher" value="SUN_STANDARD"/>
    <property name="user.country" value="US"/>
    <property name="test.data.files" value="/home/alex/Repositories/hive/ql/../data/files"/>
    <property name="sun.boot.library.path" value="/usr/lib/jvm/java-8-openjdk-amd64/jre/lib/amd64"/>
    <property name="sun.java.command" value="/home/alex/Repositories/hive/ql/target/surefire/surefirebooter6458756602409357955.jar /home/alex/Repositories/hive/ql/target/surefire 2024-05-01T00-40-33_663-jvmRun1 surefire3580937020239206888tmp surefire_516960174921091948675tmp"/>
    <property name="surefire.test.class.path" value="/home/alex/Repositories/hive/ql/target/test-classes:/home/alex/Repositories/hive/ql/target/classes:/home/alex/.m2/repository/org/apache/atlas/atlas-client-v2/2.1.0/atlas-client-v2-2.1.0.jar:/home/alex/.m2/repository/cglib/cglib/2.2.2/cglib-2.2.2.jar:/home/alex/.m2/repository/asm/asm/3.3.1/asm-3.3.1.jar:/home/alex/.m2/repository/org/apache/atlas/atlas-client-common/2.1.0/atlas-client-common-2.1.0.jar:/home/alex/.m2/repository/org/apache/httpcomponents/httpclient/4.5.13/httpclient-4.5.13.jar:/home/alex/.m2/repository/com/sun/jersey/jersey-client/1.19/jersey-client-1.19.jar:/home/alex/.m2/repository/org/apache/atlas/atlas-intg/2.1.0/atlas-intg-2.1.0.jar:/home/alex/.m2/repository/commons-collections/commons-collections/3.2.2/commons-collections-3.2.2.jar:/home/alex/.m2/repository/commons-validator/commons-validator/1.6/commons-validator-1.6.jar:/home/alex/.m2/repository/commons-digester/commons-digester/1.8.1/commons-digester-1.8.1.jar:/home/alex/.m2/repository/com/fasterxml/jackson/jaxrs/jackson-jaxrs-base/2.12.0/jackson-jaxrs-base-2.12.0.jar:/home/alex/.m2/repository/com/fasterxml/jackson/jaxrs/jackson-jaxrs-json-provider/2.12.0/jackson-jaxrs-json-provider-2.12.0.jar:/home/alex/.m2/repository/javax/inject/javax.inject/1/javax.inject-1.jar:/home/alex/.m2/repository/org/springframework/spring-context/4.3.20.RELEASE/spring-context-4.3.20.RELEASE.jar:/home/alex/.m2/repository/org/springframework/spring-aop/4.3.20.RELEASE/spring-aop-4.3.20.RELEASE.jar:/home/alex/.m2/repository/org/springframework/spring-beans/4.3.20.RELEASE/spring-beans-4.3.20.RELEASE.jar:/home/alex/.m2/repository/org/springframework/spring-core/4.3.20.RELEASE/spring-core-4.3.20.RELEASE.jar:/home/alex/.m2/repository/org/springframework/spring-expression/4.3.20.RELEASE/spring-expression-4.3.20.RELEASE.jar:/home/alex/.m2/repository/commons-configuration/commons-configuration/1.10/commons-configuration-1.10.jar:/home/alex/.m2/repository/commons-lang/commons-lang/2.6/commons-lang-2.6.jar:/home/alex/.m2/repository/commons-logging/commons-logging/1.1.1/commons-logging-1.1.1.jar:/home/alex/.m2/repository/org/apache/commons/commons-math3/3.6.1/commons-math3-3.6.1.jar:/home/alex/Repositories/hive/vector-code-gen/target/classes:/home/alex/.m2/repository/org/apache/velocity/velocity/1.5/velocity-1.5.jar:/home/alex/Repositories/hive/common/target/classes:/home/alex/Repositories/hive/classification/target/classes:/home/alex/Repositories/hive/standalone-metastore/metastore-common/target/classes:/home/alex/.m2/repository/commons-cli/commons-cli/1.4/commons-cli-1.4.jar:/home/alex/.m2/repository/org/apache/orc/orc-core/1.6.9/orc-core-1.6.9.jar:/home/alex/.m2/repository/org/apache/orc/orc-shims/1.6.9/orc-shims-1.6.9.jar:/home/alex/.m2/repository/io/airlift/aircompressor/0.19/aircompressor-0.19.jar:/home/alex/.m2/repository/org/jetbrains/annotations/17.0.0/annotations-17.0.0.jar:/home/alex/.m2/repository/org/threeten/threeten-extra/1.5.0/threeten-extra-1.5.0.jar:/home/alex/.m2/repository/jline/jline/2.14.6/jline-2.14.6.jar:/home/alex/.m2/repository/javax/servlet/javax.servlet-api/3.1.0/javax.servlet-api-3.1.0.jar:/home/alex/.m2/repository/org/eclipse/jetty/jetty-http/9.3.27.v20190418/jetty-http-9.3.27.v20190418.jar:/home/alex/.m2/repository/org/eclipse/jetty/jetty-rewrite/9.3.27.v20190418/jetty-rewrite-9.3.27.v20190418.jar:/home/alex/.m2/repository/org/eclipse/jetty/jetty-client/9.3.27.v20190418/jetty-client-9.3.27.v20190418.jar:/home/alex/.m2/repository/org/eclipse/jetty/jetty-server/9.3.27.v20190418/jetty-server-9.3.27.v20190418.jar:/home/alex/.m2/repository/org/eclipse/jetty/jetty-io/9.3.27.v20190418/jetty-io-9.3.27.v20190418.jar:/home/alex/.m2/repository/org/eclipse/jetty/jetty-servlet/9.3.27.v20190418/jetty-servlet-9.3.27.v20190418.jar:/home/alex/.m2/repository/org/eclipse/jetty/jetty-security/9.3.27.v20190418/jetty-security-9.3.27.v20190418.jar:/home/alex/.m2/repository/org/eclipse/jetty/jetty-webapp/9.3.27.v20190418/jetty-webapp-9.3.27.v20190418.jar:/home/alex/.m2/repository/org/eclipse/jetty/jetty-xml/9.3.27.v20190418/jetty-xml-9.3.27.v20190418.jar:/home/alex/.m2/repository/joda-time/joda-time/2.9.9/joda-time-2.9.9.jar:/home/alex/.m2/repository/org/apache/logging/log4j/log4j-web/2.13.2/log4j-web-2.13.2.jar:/home/alex/.m2/repository/net/sf/jpam/jpam/1.1/jpam-1.1.jar:/home/alex/.m2/repository/io/dropwizard/metrics/metrics-core/3.1.0/metrics-core-3.1.0.jar:/home/alex/.m2/repository/io/dropwizard/metrics/metrics-jvm/3.1.0/metrics-jvm-3.1.0.jar:/home/alex/.m2/repository/io/dropwizard/metrics/metrics-json/3.1.0/metrics-json-3.1.0.jar:/home/alex/.m2/repository/com/github/joshelser/dropwizard-metrics-hadoop-metrics2-reporter/0.1.2/dropwizard-metrics-hadoop-metrics2-reporter-0.1.2.jar:/home/alex/Repositories/hive/metastore/target/classes:/home/alex/.m2/repository/org/apache/derby/derby/10.14.1.0/derby-10.14.1.0.jar:/home/alex/Repositories/hive/serde/target/classes:/home/alex/.m2/repository/com/google/code/findbugs/jsr305/3.0.0/jsr305-3.0.0.jar:/home/alex/.m2/repository/org/apache/arrow/arrow-vector/0.15.1/arrow-vector-0.15.1.jar:/home/alex/.m2/repository/org/apache/arrow/arrow-format/0.15.1/arrow-format-0.15.1.jar:/home/alex/.m2/repository/org/apache/arrow/arrow-memory/0.15.1/arrow-memory-0.15.1.jar:/home/alex/.m2/repository/com/google/flatbuffers/flatbuffers-java/1.9.0/flatbuffers-java-1.9.0.jar:/home/alex/.m2/repository/com/carrotsearch/hppc/0.7.2/hppc-0.7.2.jar:/home/alex/.m2/repository/com/github/davidmoten/flatbuffers-java/1.6.0.1/flatbuffers-java-1.6.0.1.jar:/home/alex/Repositories/hive/parser/target/classes:/home/alex/Repositories/hive/udf/target/classes:/home/alex/Repositories/hive/service-rpc/target/classes:/home/alex/Repositories/hive/llap-client/target/classes:/home/alex/Repositories/hive/llap-common/target/classes:/home/alex/.m2/repository/io/jsonwebtoken/jjwt-api/0.10.5/jjwt-api-0.10.5.jar:/home/alex/.m2/repository/io/jsonwebtoken/jjwt-impl/0.10.5/jjwt-impl-0.10.5.jar:/home/alex/.m2/repository/io/jsonwebtoken/jjwt-jackson/0.10.5/jjwt-jackson-0.10.5.jar:/home/alex/Repositories/hive/llap-tez/target/classes:/home/alex/Repositories/hive/shims/aggregator/target/classes:/home/alex/Repositories/hive/shims/common/target/classes:/home/alex/Repositories/hive/shims/0.23/target/classes:/home/alex/.m2/repository/org/apache/hadoop/hadoop-yarn-server-resourcemanager/3.1.0/hadoop-yarn-server-resourcemanager-3.1.0.jar:/home/alex/.m2/repository/org/apache/hadoop/hadoop-yarn-server-applicationhistoryservice/3.1.0/hadoop-yarn-server-applicationhistoryservice-3.1.0.jar:/home/alex/.m2/repository/de/ruedigermoeller/fst/2.50/fst-2.50.jar:/home/alex/.m2/repository/com/cedarsoftware/java-util/1.9.0/java-util-1.9.0.jar:/home/alex/.m2/repository/com/cedarsoftware/json-io/2.5.1/json-io-2.5.1.jar:/home/alex/Repositories/hive/shims/scheduler/target/classes:/home/alex/Repositories/hive/spark-client/target/classes:/home/alex/.m2/repository/io/netty/netty-all/4.1.65.Final/netty-all-4.1.65.Final.jar:/home/alex/.m2/repository/com/fasterxml/jackson/module/jackson-module-scala_2.12/2.12.0/jackson-module-scala_2.12-2.12.0.jar:/home/alex/.m2/repository/org/apache/spark/spark-yarn_2.12/2.4.5/spark-yarn_2.12-2.4.5.jar:/home/alex/Repositories/hive/storage-api/target/classes:/home/alex/.m2/repository/com/amazonaws/aws-java-sdk-bundle/1.11.901/aws-java-sdk-bundle-1.11.901.jar:/home/alex/.m2/repository/com/amazonaws/secretsmanager/aws-secretsmanager-caching-java/1.0.1/aws-secretsmanager-caching-java-1.0.1.jar:/home/alex/.m2/repository/com/esotericsoftware/kryo/5.0.3/kryo-5.0.3.jar:/home/alex/.m2/repository/org/objenesis/objenesis/3.1/objenesis-3.1.jar:/home/alex/.m2/repository/com/esotericsoftware/minlog/1.3.1/minlog-1.3.1.jar:/home/alex/.m2/repository/com/esotericsoftware/reflectasm/1.11.9/reflectasm-1.11.9.jar:/home/alex/.m2/repository/com/google/protobuf/protobuf-java/2.5.0/protobuf-java-2.5.0.jar:/home/alex/.m2/repository/org/apache/hbase/hbase-common/2.0.0-alpha4/hbase-common-2.0.0-alpha4.jar:/home/alex/.m2/repository/org/apache/hbase/thirdparty/hbase-shaded-miscellaneous/1.0.1/hbase-shaded-miscellaneous-1.0.1.jar:/home/alex/.m2/repository/org/apache/htrace/htrace-core/3.2.0-incubating/htrace-core-3.2.0-incubating.jar:/home/alex/.m2/repository/org/apache/commons/commons-crypto/1.0.0/commons-crypto-1.0.0.jar:/home/alex/.m2/repository/com/github/stephenc/findbugs/findbugs-annotations/1.3.9-1/findbugs-annotations-1.3.9-1.jar:/home/alex/.m2/repository/log4j/log4j/1.2.17/log4j-1.2.17.jar:/home/alex/.m2/repository/org/apache/yetus/audience-annotations/0.5.0/audience-annotations-0.5.0.jar:/home/alex/.m2/repository/org/apache/parquet/parquet-hadoop-bundle/1.11.1/parquet-hadoop-bundle-1.11.1.jar:/home/alex/.m2/repository/commons-codec/commons-codec/1.15/commons-codec-1.15.jar:/home/alex/.m2/repository/commons-io/commons-io/2.6/commons-io-2.6.jar:/home/alex/.m2/repository/org/apache/commons/commons-collections4/4.1/commons-collections4-4.1.jar:/home/alex/.m2/repository/org/apache/commons/commons-lang3/3.9/commons-lang3-3.9.jar:/home/alex/.m2/repository/org/apache/commons/commons-text/1.8/commons-text-1.8.jar:/home/alex/.m2/repository/javolution/javolution/5.5.1/javolution-5.5.1.jar:/home/alex/.m2/repository/org/apache/logging/log4j/log4j-1.2-api/2.13.2/log4j-1.2-api-2.13.2.jar:/home/alex/.m2/repository/org/apache/logging/log4j/log4j-api/2.13.2/log4j-api-2.13.2.jar:/home/alex/.m2/repository/org/apache/logging/log4j/log4j-core/2.13.2/log4j-core-2.13.2.jar:/home/alex/.m2/repository/org/apache/logging/log4j/log4j-slf4j-impl/2.13.2/log4j-slf4j-impl-2.13.2.jar:/home/alex/.m2/repository/org/antlr/antlr-runtime/3.5.2/antlr-runtime-3.5.2.jar:/home/alex/.m2/repository/org/antlr/ST4/4.0.4/ST4-4.0.4.jar:/home/alex/.m2/repository/org/apache/avro/avro/1.8.2/avro-1.8.2.jar:/home/alex/.m2/repository/org/codehaus/jackson/jackson-core-asl/1.9.13/jackson-core-asl-1.9.13.jar:/home/alex/.m2/repository/org/codehaus/jackson/jackson-mapper-asl/1.9.13/jackson-mapper-asl-1.9.13.jar:/home/alex/.m2/repository/com/thoughtworks/paranamer/paranamer/2.8/paranamer-2.8.jar:/home/alex/.m2/repository/org/xerial/snappy/snappy-java/1.1.4/snappy-java-1.1.4.jar:/home/alex/.m2/repository/org/tukaani/xz/1.5/xz-1.5.jar:/home/alex/.m2/repository/org/apache/avro/avro-mapred/1.8.2/avro-mapred-1.8.2-hadoop2.jar:/home/alex/.m2/repository/org/apache/avro/avro-ipc/1.8.2/avro-ipc-1.8.2.jar:/home/alex/.m2/repository/org/mortbay/jetty/jetty/6.1.26/jetty-6.1.26.jar:/home/alex/.m2/repository/org/apache/ant/ant/1.9.1/ant-1.9.1.jar:/home/alex/.m2/repository/org/apache/ant/ant-launcher/1.9.1/ant-launcher-1.9.1.jar:/home/alex/.m2/repository/org/apache/commons/commons-compress/1.21/commons-compress-1.21.jar:/home/alex/.m2/repository/org/apache/thrift/libfb303/0.9.3/libfb303-0.9.3.jar:/home/alex/.m2/repository/org/apache/hadoop/hadoop-common/3.1.0/hadoop-common-3.1.0.jar:/home/alex/.m2/repository/org/apache/hadoop/hadoop-annotations/3.1.0/hadoop-annotations-3.1.0.jar:/home/alex/.m2/repository/commons-net/commons-net/3.6/commons-net-3.6.jar:/home/alex/.m2/repository/org/eclipse/jetty/jetty-util/9.3.27.v20190418/jetty-util-9.3.27.v20190418.jar:/home/alex/.m2/repository/javax/servlet/jsp/jsp-api/2.1/jsp-api-2.1.jar:/home/alex/.m2/repository/com/sun/jersey/jersey-core/1.19/jersey-core-1.19.jar:/home/alex/.m2/repository/javax/ws/rs/jsr311-api/1.1.1/jsr311-api-1.1.1.jar:/home/alex/.m2/repository/com/sun/jersey/jersey-json/1.19/jersey-json-1.19.jar:/home/alex/.m2/repository/com/sun/xml/bind/jaxb-impl/2.2.3-1/jaxb-impl-2.2.3-1.jar:/home/alex/.m2/repository/org/codehaus/jackson/jackson-jaxrs/1.9.2/jackson-jaxrs-1.9.2.jar:/home/alex/.m2/repository/org/codehaus/jackson/jackson-xc/1.9.2/jackson-xc-1.9.2.jar:/home/alex/.m2/repository/com/sun/jersey/jersey-server/1.19/jersey-server-1.19.jar:/home/alex/.m2/repository/org/apache/commons/commons-configuration2/2.1.1/commons-configuration2-2.1.1.jar:/home/alex/.m2/repository/org/apache/hadoop/hadoop-auth/3.1.0/hadoop-auth-3.1.0.jar:/home/alex/.m2/repository/com/nimbusds/nimbus-jose-jwt/4.41.1/nimbus-jose-jwt-4.41.1.jar:/home/alex/.m2/repository/com/github/stephenc/jcip/jcip-annotations/1.0-1/jcip-annotations-1.0-1.jar:/home/alex/.m2/repository/com/jcraft/jsch/0.1.54/jsch-0.1.54.jar:/home/alex/.m2/repository/org/apache/htrace/htrace-core4/4.1.0-incubating/htrace-core4-4.1.0-incubating.jar:/home/alex/.m2/repository/org/apache/kerby/kerb-simplekdc/1.0.1/kerb-simplekdc-1.0.1.jar:/home/alex/.m2/repository/org/apache/kerby/kerb-client/1.0.1/kerb-client-1.0.1.jar:/home/alex/.m2/repository/org/apache/kerby/kerby-config/1.0.1/kerby-config-1.0.1.jar:/home/alex/.m2/repository/org/apache/kerby/kerb-core/1.0.1/kerb-core-1.0.1.jar:/home/alex/.m2/repository/org/apache/kerby/kerby-pkix/1.0.1/kerby-pkix-1.0.1.jar:/home/alex/.m2/repository/org/apache/kerby/kerby-asn1/1.0.1/kerby-asn1-1.0.1.jar:/home/alex/.m2/repository/org/apache/kerby/kerby-util/1.0.1/kerby-util-1.0.1.jar:/home/alex/.m2/repository/org/apache/kerby/kerb-common/1.0.1/kerb-common-1.0.1.jar:/home/alex/.m2/repository/org/apache/kerby/kerb-crypto/1.0.1/kerb-crypto-1.0.1.jar:/home/alex/.m2/repository/org/apache/kerby/kerb-util/1.0.1/kerb-util-1.0.1.jar:/home/alex/.m2/repository/org/apache/kerby/token-provider/1.0.1/token-provider-1.0.1.jar:/home/alex/.m2/repository/org/apache/kerby/kerb-admin/1.0.1/kerb-admin-1.0.1.jar:/home/alex/.m2/repository/org/apache/kerby/kerb-server/1.0.1/kerb-server-1.0.1.jar:/home/alex/.m2/repository/org/apache/kerby/kerb-identity/1.0.1/kerb-identity-1.0.1.jar:/home/alex/.m2/repository/org/apache/kerby/kerby-xdr/1.0.1/kerby-xdr-1.0.1.jar:/home/alex/.m2/repository/org/codehaus/woodstox/stax2-api/3.1.4/stax2-api-3.1.4.jar:/home/alex/.m2/repository/com/fasterxml/woodstox/woodstox-core/5.0.3/woodstox-core-5.0.3.jar:/home/alex/.m2/repository/org/apache/hadoop/hadoop-archives/3.1.0/hadoop-archives-3.1.0.jar:/home/alex/.m2/repository/org/apache/hadoop/hadoop-yarn-registry/3.1.0/hadoop-yarn-registry-3.1.0.jar:/home/alex/.m2/repository/org/apache/curator/curator-client/4.2.0/curator-client-4.2.0.jar:/home/alex/.m2/repository/org/apache/curator/curator-recipes/4.2.0/curator-recipes-4.2.0.jar:/home/alex/.m2/repository/commons-daemon/commons-daemon/1.0.13/commons-daemon-1.0.13.jar:/home/alex/.m2/repository/dnsjava/dnsjava/2.1.7/dnsjava-2.1.7.jar:/home/alex/.m2/repository/org/apache/hadoop/hadoop-mapreduce-client-core/3.1.0/hadoop-mapreduce-client-core-3.1.0.jar:/home/alex/.m2/repository/org/apache/hadoop/hadoop-hdfs-client/3.1.0/hadoop-hdfs-client-3.1.0.jar:/home/alex/.m2/repository/com/squareup/okhttp/okhttp/2.7.5/okhttp-2.7.5.jar:/home/alex/.m2/repository/com/squareup/okio/okio/1.6.0/okio-1.6.0.jar:/home/alex/.m2/repository/com/google/inject/extensions/guice-servlet/4.0/guice-servlet-4.0.jar:/home/alex/.m2/repository/org/apache/hadoop/hadoop-mapreduce-client-common/3.1.0/hadoop-mapreduce-client-common-3.1.0.jar:/home/alex/.m2/repository/org/apache/hadoop/hadoop-hdfs/3.1.0/hadoop-hdfs-3.1.0.jar:/home/alex/.m2/repository/org/eclipse/jetty/jetty-util-ajax/9.3.19.v20170502/jetty-util-ajax-9.3.19.v20170502.jar:/home/alex/.m2/repository/org/fusesource/leveldbjni/leveldbjni-all/1.8/leveldbjni-all-1.8.jar:/home/alex/.m2/repository/org/apache/hadoop/hadoop-yarn-api/3.1.0/hadoop-yarn-api-3.1.0.jar:/home/alex/.m2/repository/javax/xml/bind/jaxb-api/2.2.11/jaxb-api-2.2.11.jar:/home/alex/.m2/repository/org/apache/hadoop/hadoop-yarn-common/3.1.0/hadoop-yarn-common-3.1.0.jar:/home/alex/.m2/repository/com/google/inject/guice/4.0/guice-4.0.jar:/home/alex/.m2/repository/aopalliance/aopalliance/1.0/aopalliance-1.0.jar:/home/alex/.m2/repository/com/sun/jersey/contribs/jersey-guice/1.19/jersey-guice-1.19.jar:/home/alex/.m2/repository/com/fasterxml/jackson/module/jackson-module-jaxb-annotations/2.12.0/jackson-module-jaxb-annotations-2.12.0.jar:/home/alex/.m2/repository/jakarta/xml/bind/jakarta.xml.bind-api/2.3.2/jakarta.xml.bind-api-2.3.2.jar:/home/alex/.m2/repository/jakarta/activation/jakarta.activation-api/1.2.1/jakarta.activation-api-1.2.1.jar:/home/alex/.m2/repository/org/apache/hadoop/hadoop-yarn-client/3.1.0/hadoop-yarn-client-3.1.0.jar:/home/alex/.m2/repository/org/apache/orc/orc-tools/1.6.9/orc-tools-1.6.9.jar:/home/alex/.m2/repository/com/opencsv/opencsv/3.9/opencsv-3.9.jar:/home/alex/.m2/repository/org/codehaus/jettison/jettison/1.1/jettison-1.1.jar:/home/alex/.m2/repository/org/threeten/threetenbp/1.3.5/threetenbp-1.3.5.jar:/home/alex/.m2/repository/org/apache/ivy/ivy/2.4.0/ivy-2.4.0.jar:/home/alex/.m2/repository/org/apache/thrift/libthrift/0.14.1/libthrift-0.14.1.jar:/home/alex/.m2/repository/org/apache/httpcomponents/httpcore/4.4.13/httpcore-4.4.13.jar:/home/alex/.m2/repository/org/apache/tomcat/embed/tomcat-embed-core/8.5.46/tomcat-embed-core-8.5.46.jar:/home/alex/.m2/repository/org/apache/tomcat/tomcat-annotations-api/8.5.46/tomcat-annotations-api-8.5.46.jar:/home/alex/.m2/repository/javax/annotation/javax.annotation-api/1.3.2/javax.annotation-api-1.3.2.jar:/home/alex/.m2/repository/org/apache/zookeeper/zookeeper/3.5.5/zookeeper-3.5.5.jar:/home/alex/.m2/repository/org/apache/zookeeper/zookeeper-jute/3.5.5/zookeeper-jute-3.5.5.jar:/home/alex/.m2/repository/org/apache/curator/curator-framework/4.2.0/curator-framework-4.2.0.jar:/home/alex/.m2/repository/org/apache/curator/curator-test/4.2.0/curator-test-4.2.0.jar:/home/alex/.m2/repository/org/apache/datasketches/datasketches-hive/1.1.0-incubating/datasketches-hive-1.1.0-incubating.jar:/home/alex/.m2/repository/org/apache/datasketches/datasketches-java/1.3.0-incubating/datasketches-java-1.3.0-incubating.jar:/home/alex/.m2/repository/org/apache/datasketches/datasketches-memory/1.2.0-incubating/datasketches-memory-1.2.0-incubating.jar:/home/alex/.m2/repository/org/slf4j/slf4j-simple/1.7.27/slf4j-simple-1.7.27.jar:/home/alex/.m2/repository/com/lmax/disruptor/3.3.7/disruptor-3.3.7.jar:/home/alex/.m2/repository/org/codehaus/groovy/groovy-all/2.4.11/groovy-all-2.4.11.jar:/home/alex/.m2/repository/org/jodd/jodd-util/6.0.0/jodd-util-6.0.0.jar:/home/alex/.m2/repository/com/fasterxml/jackson/core/jackson-annotations/2.12.0/jackson-annotations-2.12.0.jar:/home/alex/.m2/repository/com/fasterxml/jackson/core/jackson-core/2.12.0/jackson-core-2.12.0.jar:/home/alex/.m2/repository/com/fasterxml/jackson/core/jackson-databind/2.12.0/jackson-databind-2.12.0.jar:/home/alex/.m2/repository/com/fasterxml/jackson/dataformat/jackson-dataformat-yaml/2.12.0/jackson-dataformat-yaml-2.12.0.jar:/home/alex/.m2/repository/org/yaml/snakeyaml/1.27/snakeyaml-1.27.jar:/home/alex/.m2/repository/org/datanucleus/datanucleus-core/5.2.4/datanucleus-core-5.2.4.jar:/home/alex/.m2/repository/org/apache/calcite/calcite-core/1.25.0/calcite-core-1.25.0.jar:/home/alex/.m2/repository/org/apache/calcite/calcite-linq4j/1.25.0/calcite-linq4j-1.25.0.jar:/home/alex/.m2/repository/org/apiguardian/apiguardian-api/1.1.0/apiguardian-api-1.1.0.jar:/home/alex/.m2/repository/com/esri/geometry/esri-geometry-api/2.2.0/esri-geometry-api-2.2.0.jar:/home/alex/.m2/repository/com/yahoo/datasketches/sketches-core/0.9.0/sketches-core-0.9.0.jar:/home/alex/.m2/repository/com/yahoo/datasketches/memory/0.9.0/memory-0.9.0.jar:/home/alex/.m2/repository/org/apache/commons/commons-dbcp2/2.7.0/commons-dbcp2-2.7.0.jar:/home/alex/.m2/repository/org/apache/commons/commons-pool2/2.7.0/commons-pool2-2.7.0.jar:/home/alex/.m2/repository/org/apache/calcite/calcite-druid/1.25.0/calcite-druid-1.25.0.jar:/home/alex/.m2/repository/org/apache/calcite/avatica/avatica/1.12.0/avatica-1.12.0.jar:/home/alex/.m2/repository/com/google/guava/guava/19.0/guava-19.0.jar:/home/alex/.m2/repository/com/googlecode/javaewah/JavaEWAH/0.3.2/JavaEWAH-0.3.2.jar:/home/alex/.m2/repository/com/google/code/gson/gson/2.2.4/gson-2.2.4.jar:/home/alex/.m2/repository/com/tdunning/json/1.8/json-1.8.jar:/home/alex/.m2/repository/stax/stax-api/1.0.1/stax-api-1.0.1.jar:/home/alex/.m2/repository/net/sf/opencsv/opencsv/2.3/opencsv-2.3.jar:/home/alex/Repositories/hive/standalone-metastore/metastore-server/target/classes:/home/alex/.m2/repository/com/zaxxer/HikariCP/2.6.1/HikariCP-2.6.1.jar:/home/alex/.m2/repository/commons-beanutils/commons-beanutils/1.9.4/commons-beanutils-1.9.4.jar:/home/alex/.m2/repository/org/datanucleus/datanucleus-api-jdo/5.2.4/datanucleus-api-jdo-5.2.4.jar:/home/alex/.m2/repository/org/datanucleus/datanucleus-rdbms/5.2.4/datanucleus-rdbms-5.2.4.jar:/home/alex/.m2/repository/org/datanucleus/javax.jdo/3.2.0-release/javax.jdo-3.2.0-release.jar:/home/alex/.m2/repository/javax/transaction/javax.transaction-api/1.3/javax.transaction-api-1.3.jar:/home/alex/.m2/repository/org/glassfish/corba/glassfish-corba-omgapi/4.2.2/glassfish-corba-omgapi-4.2.2.jar:/home/alex/.m2/repository/sqlline/sqlline/1.9.0/sqlline-1.9.0.jar:/home/alex/.m2/repository/org/jline/jline-terminal/3.12.1/jline-terminal-3.12.1.jar:/home/alex/.m2/repository/org/jline/jline-reader/3.12.1/jline-reader-3.12.1.jar:/home/alex/.m2/repository/org/jline/jline-terminal-jansi/3.12.1/jline-terminal-jansi-3.12.1.jar:/home/alex/.m2/repository/org/fusesource/jansi/jansi/1.18/jansi-1.18.jar:/home/alex/.m2/repository/org/jline/jline-terminal-jna/3.12.1/jline-terminal-jna-3.12.1.jar:/home/alex/.m2/repository/net/java/dev/jna/jna/5.3.1/jna-5.3.1.jar:/home/alex/.m2/repository/org/jline/jline-builtins/3.12.1/jline-builtins-3.12.1.jar:/home/alex/.m2/repository/org/jline/jline-style/3.12.1/jline-style-3.12.1.jar:/home/alex/.m2/repository/com/cronutils/cron-utils/9.1.3/cron-utils-9.1.3.jar:/home/alex/.m2/repository/org/glassfish/javax.el/3.0.0/javax.el-3.0.0.jar:/home/alex/.m2/repository/com/oracle/database/jdbc/ojdbc8/21.3.0.0/ojdbc8-21.3.0.0.jar:/home/alex/.m2/repository/mysql/mysql-connector-java/8.0.27/mysql-connector-java-8.0.27.jar:/home/alex/.m2/repository/com/microsoft/sqlserver/mssql-jdbc/6.2.1.jre8/mssql-jdbc-6.2.1.jre8.jar:/home/alex/.m2/repository/org/postgresql/postgresql/42.2.14/postgresql-42.2.14.jar:/home/alex/Repositories/hive/common/target/test-classes:/home/alex/Repositories/hive/standalone-metastore/metastore-common/target/test-classes:/home/alex/.m2/repository/com/github/ben-manes/caffeine/caffeine/2.8.4/caffeine-2.8.4.jar:/home/alex/.m2/repository/org/checkerframework/checker-qual/3.4.0/checker-qual-3.4.0.jar:/home/alex/Repositories/hive/standalone-metastore/metastore-server/target/test-classes:/home/alex/.m2/repository/org/apache/parquet/parquet-column/1.11.1/parquet-column-1.11.1-tests.jar:/home/alex/.m2/repository/org/apache/parquet/parquet-common/1.11.1/parquet-common-1.11.1.jar:/home/alex/.m2/repository/org/apache/parquet/parquet-format-structures/1.11.1/parquet-format-structures-1.11.1.jar:/home/alex/.m2/repository/org/apache/parquet/parquet-encoding/1.11.1/parquet-encoding-1.11.1.jar:/home/alex/.m2/repository/junit/junit/4.13/junit-4.13.jar:/home/alex/.m2/repository/org/hamcrest/hamcrest-core/1.3/hamcrest-core-1.3.jar:/home/alex/.m2/repository/org/junit/jupiter/junit-jupiter-engine/5.6.2/junit-jupiter-engine-5.6.2.jar:/home/alex/.m2/repository/org/junit/platform/junit-platform-engine/1.6.2/junit-platform-engine-1.6.2.jar:/home/alex/.m2/repository/org/opentest4j/opentest4j/1.2.0/opentest4j-1.2.0.jar:/home/alex/.m2/repository/org/junit/platform/junit-platform-commons/1.6.2/junit-platform-commons-1.6.2.jar:/home/alex/.m2/repository/org/junit/jupiter/junit-jupiter-api/5.6.2/junit-jupiter-api-5.6.2.jar:/home/alex/.m2/repository/org/junit/jupiter/junit-jupiter-params/5.6.2/junit-jupiter-params-5.6.2.jar:/home/alex/.m2/repository/org/junit/vintage/junit-vintage-engine/5.6.2/junit-vintage-engine-5.6.2.jar:/home/alex/.m2/repository/org/apache/tez/tez-api/0.10.1/tez-api-0.10.1.jar:/usr/lib/jvm/java-8-openjdk-amd64/jre/../lib/tools.jar:/home/alex/.m2/repository/org/apache/tez/tez-runtime-library/0.10.1/tez-runtime-library-0.10.1.jar:/home/alex/.m2/repository/org/roaringbitmap/RoaringBitmap/0.5.21/RoaringBitmap-0.5.21.jar:/home/alex/.m2/repository/org/asynchttpclient/async-http-client/2.12.1/async-http-client-2.12.1.jar:/home/alex/.m2/repository/org/asynchttpclient/async-http-client-netty-utils/2.12.1/async-http-client-netty-utils-2.12.1.jar:/home/alex/.m2/repository/io/netty/netty-buffer/4.1.48.Final/netty-buffer-4.1.48.Final.jar:/home/alex/.m2/repository/io/netty/netty-codec-http/4.1.48.Final/netty-codec-http-4.1.48.Final.jar:/home/alex/.m2/repository/io/netty/netty-common/4.1.48.Final/netty-common-4.1.48.Final.jar:/home/alex/.m2/repository/io/netty/netty-transport/4.1.48.Final/netty-transport-4.1.48.Final.jar:/home/alex/.m2/repository/io/netty/netty-codec/4.1.48.Final/netty-codec-4.1.48.Final.jar:/home/alex/.m2/repository/io/netty/netty-handler/4.1.48.Final/netty-handler-4.1.48.Final.jar:/home/alex/.m2/repository/io/netty/netty-resolver/4.1.48.Final/netty-resolver-4.1.48.Final.jar:/home/alex/.m2/repository/io/netty/netty-codec-socks/4.1.48.Final/netty-codec-socks-4.1.48.Final.jar:/home/alex/.m2/repository/io/netty/netty-handler-proxy/4.1.48.Final/netty-handler-proxy-4.1.48.Final.jar:/home/alex/.m2/repository/io/netty/netty-transport-native-epoll/4.1.48.Final/netty-transport-native-epoll-4.1.48.Final-linux-x86_64.jar:/home/alex/.m2/repository/io/netty/netty-transport-native-unix-common/4.1.48.Final/netty-transport-native-unix-common-4.1.48.Final.jar:/home/alex/.m2/repository/io/netty/netty-transport-native-kqueue/4.1.48.Final/netty-transport-native-kqueue-4.1.48.Final-osx-x86_64.jar:/home/alex/.m2/repository/org/reactivestreams/reactive-streams/1.0.3/reactive-streams-1.0.3.jar:/home/alex/.m2/repository/com/typesafe/netty/netty-reactive-streams/2.0.4/netty-reactive-streams-2.0.4.jar:/home/alex/.m2/repository/com/sun/activation/javax.activation/1.2.0/javax.activation-1.2.0.jar:/home/alex/.m2/repository/org/apache/tez/tez-common/0.10.1/tez-common-0.10.1.jar:/home/alex/.m2/repository/org/apache/tez/tez-runtime-internals/0.10.1/tez-runtime-internals-0.10.1.jar:/home/alex/.m2/repository/org/apache/tez/hadoop-shim/0.10.1/hadoop-shim-0.10.1.jar:/home/alex/.m2/repository/org/apache/tez/tez-mapreduce/0.10.1/tez-mapreduce-0.10.1.jar:/home/alex/.m2/repository/org/apache/tez/tez-dag/0.10.1/tez-dag-0.10.1.jar:/home/alex/.m2/repository/org/apache/hadoop/hadoop-yarn-server-web-proxy/3.1.0/hadoop-yarn-server-web-proxy-3.1.0.jar:/home/alex/.m2/repository/org/apache/hadoop/hadoop-yarn-server-common/3.1.0/hadoop-yarn-server-common-3.1.0.jar:/home/alex/.m2/repository/org/apache/geronimo/specs/geronimo-jcache_1.0_spec/1.0-alpha-1/geronimo-jcache_1.0_spec-1.0-alpha-1.jar:/home/alex/.m2/repository/org/ehcache/ehcache/3.3.1/ehcache-3.3.1.jar:/home/alex/.m2/repository/com/zaxxer/HikariCP-java7/2.4.12/HikariCP-java7-2.4.12.jar:/home/alex/.m2/repository/org/apache/spark/spark-core_2.12/2.4.5/spark-core_2.12-2.4.5.jar:/home/alex/.m2/repository/com/twitter/chill_2.12/0.9.3/chill_2.12-0.9.3.jar:/home/alex/.m2/repository/com/twitter/chill-java/0.9.3/chill-java-0.9.3.jar:/home/alex/.m2/repository/org/apache/xbean/xbean-asm6-shaded/4.8/xbean-asm6-shaded-4.8.jar:/home/alex/.m2/repository/org/apache/hadoop/hadoop-client/3.1.0/hadoop-client-3.1.0.jar:/home/alex/.m2/repository/org/apache/hadoop/hadoop-mapreduce-client-jobclient/3.1.0/hadoop-mapreduce-client-jobclient-3.1.0.jar:/home/alex/.m2/repository/org/apache/spark/spark-launcher_2.12/2.4.5/spark-launcher_2.12-2.4.5.jar:/home/alex/.m2/repository/org/apache/spark/spark-kvstore_2.12/2.4.5/spark-kvstore_2.12-2.4.5.jar:/home/alex/.m2/repository/org/apache/spark/spark-network-common_2.12/2.4.5/spark-network-common_2.12-2.4.5.jar:/home/alex/.m2/repository/org/apache/spark/spark-network-shuffle_2.12/2.4.5/spark-network-shuffle_2.12-2.4.5.jar:/home/alex/.m2/repository/org/apache/spark/spark-unsafe_2.12/2.4.5/spark-unsafe_2.12-2.4.5.jar:/home/alex/.m2/repository/javax/activation/activation/1.1.1/activation-1.1.1.jar:/home/alex/.m2/repository/org/slf4j/jul-to-slf4j/1.7.16/jul-to-slf4j-1.7.16.jar:/home/alex/.m2/repository/org/slf4j/jcl-over-slf4j/1.7.16/jcl-over-slf4j-1.7.16.jar:/home/alex/.m2/repository/com/ning/compress-lzf/1.0.3/compress-lzf-1.0.3.jar:/home/alex/.m2/repository/org/lz4/lz4-java/1.4.0/lz4-java-1.4.0.jar:/home/alex/.m2/repository/com/github/luben/zstd-jni/1.3.2-2/zstd-jni-1.3.2-2.jar:/home/alex/.m2/repository/org/scala-lang/scala-library/2.12.10/scala-library-2.12.10.jar:/home/alex/.m2/repository/org/json4s/json4s-jackson_2.12/3.5.3/json4s-jackson_2.12-3.5.3.jar:/home/alex/.m2/repository/org/json4s/json4s-core_2.12/3.5.3/json4s-core_2.12-3.5.3.jar:/home/alex/.m2/repository/org/json4s/json4s-ast_2.12/3.5.3/json4s-ast_2.12-3.5.3.jar:/home/alex/.m2/repository/org/json4s/json4s-scalap_2.12/3.5.3/json4s-scalap_2.12-3.5.3.jar:/home/alex/.m2/repository/org/scala-lang/modules/scala-xml_2.12/1.0.6/scala-xml_2.12-1.0.6.jar:/home/alex/.m2/repository/com/clearspring/analytics/stream/2.7.0/stream-2.7.0.jar:/home/alex/.m2/repository/io/dropwizard/metrics/metrics-graphite/3.1.5/metrics-graphite-3.1.5.jar:/home/alex/.m2/repository/oro/oro/2.0.8/oro-2.0.8.jar:/home/alex/.m2/repository/net/razorvine/pyrolite/4.13/pyrolite-4.13.jar:/home/alex/.m2/repository/net/sf/py4j/py4j/0.10.7/py4j-0.10.7.jar:/home/alex/.m2/repository/org/apache/spark/spark-tags_2.12/2.4.5/spark-tags_2.12-2.4.5.jar:/home/alex/.m2/repository/org/spark-project/spark/unused/1.0.0/unused-1.0.0.jar:/home/alex/.m2/repository/com/sun/jersey/jersey-servlet/1.19/jersey-servlet-1.19.jar:/home/alex/.m2/repository/org/glassfish/jersey/core/jersey-server/2.22.2/jersey-server-2.22.2.jar:/home/alex/.m2/repository/org/glassfish/jersey/core/jersey-common/2.22.2/jersey-common-2.22.2.jar:/home/alex/.m2/repository/org/glassfish/jersey/bundles/repackaged/jersey-guava/2.22.2/jersey-guava-2.22.2.jar:/home/alex/.m2/repository/org/glassfish/hk2/osgi-resource-locator/1.0.1/osgi-resource-locator-1.0.1.jar:/home/alex/.m2/repository/org/glassfish/jersey/core/jersey-client/2.22.2/jersey-client-2.22.2.jar:/home/alex/.m2/repository/javax/ws/rs/javax.ws.rs-api/2.0.1/javax.ws.rs-api-2.0.1.jar:/home/alex/.m2/repository/org/glassfish/jersey/media/jersey-media-jaxb/2.22.2/jersey-media-jaxb-2.22.2.jar:/home/alex/.m2/repository/org/glassfish/hk2/hk2-api/2.4.0-b34/hk2-api-2.4.0-b34.jar:/home/alex/.m2/repository/org/glassfish/hk2/hk2-utils/2.4.0-b34/hk2-utils-2.4.0-b34.jar:/home/alex/.m2/repository/org/glassfish/hk2/external/aopalliance-repackaged/2.4.0-b34/aopalliance-repackaged-2.4.0-b34.jar:/home/alex/.m2/repository/org/glassfish/hk2/external/javax.inject/2.4.0-b34/javax.inject-2.4.0-b34.jar:/home/alex/.m2/repository/org/glassfish/hk2/hk2-locator/2.4.0-b34/hk2-locator-2.4.0-b34.jar:/home/alex/.m2/repository/javax/validation/validation-api/1.1.0.Final/validation-api-1.1.0.Final.jar:/home/alex/.m2/repository/org/glassfish/jersey/containers/jersey-container-servlet-core/2.22.2/jersey-container-servlet-core-2.22.2.jar:/home/alex/.m2/repository/org/hamcrest/hamcrest-all/1.3/hamcrest-all-1.3.jar:/home/alex/.m2/repository/org/powermock/powermock-module-junit4/2.0.2/powermock-module-junit4-2.0.2.jar:/home/alex/.m2/repository/org/powermock/powermock-module-junit4-common/2.0.2/powermock-module-junit4-common-2.0.2.jar:/home/alex/.m2/repository/org/powermock/powermock-reflect/2.0.2/powermock-reflect-2.0.2.jar:/home/alex/.m2/repository/org/powermock/powermock-core/2.0.2/powermock-core-2.0.2.jar:/home/alex/.m2/repository/org/powermock/powermock-api-mockito2/2.0.2/powermock-api-mockito2-2.0.2.jar:/home/alex/.m2/repository/org/powermock/powermock-api-support/2.0.2/powermock-api-support-2.0.2.jar:/home/alex/.m2/repository/com/google/guava/guava-testlib/19.0/guava-testlib-19.0.jar:/home/alex/.m2/repository/com/google/errorprone/error_prone_annotations/2.0.2/error_prone_annotations-2.0.2.jar:/home/alex/.m2/repository/com/google/re2j/re2j/1.2/re2j-1.2.jar:/home/alex/.m2/repository/org/reflections/reflections/0.9.10/reflections-0.9.10.jar:/home/alex/.m2/repository/org/javassist/javassist/3.19.0-GA/javassist-3.19.0-GA.jar:/home/alex/.m2/repository/com/jayway/jsonpath/json-path/2.4.0/json-path-2.4.0.jar:/home/alex/.m2/repository/net/minidev/json-smart/2.3/json-smart-2.3.jar:/home/alex/.m2/repository/net/minidev/accessors-smart/1.2/accessors-smart-1.2.jar:/home/alex/.m2/repository/org/ow2/asm/asm/5.0.4/asm-5.0.4.jar:/home/alex/.m2/repository/org/codehaus/janino/commons-compiler/3.0.11/commons-compiler-3.0.11.jar:/home/alex/.m2/repository/org/codehaus/janino/janino/3.0.11/janino-3.0.11.jar:/home/alex/.m2/repository/com/sun/jersey/contribs/jersey-multipart/1.19/jersey-multipart-1.19.jar:/home/alex/.m2/repository/org/jvnet/mimepull/mimepull/1.9.3/mimepull-1.9.3.jar:/home/alex/.m2/repository/org/apache/kafka/kafka-clients/2.5.0/kafka-clients-2.5.0.jar:/home/alex/.m2/repository/org/slf4j/slf4j-api/1.7.30/slf4j-api-1.7.30.jar:/home/alex/.m2/repository/org/mockito/mockito-core/3.4.4/mockito-core-3.4.4.jar:/home/alex/.m2/repository/net/bytebuddy/byte-buddy/1.10.13/byte-buddy-1.10.13.jar:/home/alex/.m2/repository/net/bytebuddy/byte-buddy-agent/1.10.13/byte-buddy-agent-1.10.13.jar:/home/alex/Repositories/hive/ql/target/testconf:/home/alex/Repositories/hive/ql/../conf:"/>
    <property name="sun.cpu.endian" value="little"/>
    <property name="user.home" value="/home/alex"/>
    <property name="user.language" value="en"/>
    <property name="java.specification.vendor" value="Oracle Corporation"/>
    <property name="java.home" value="/usr/lib/jvm/java-8-openjdk-amd64/jre"/>
    <property name="java.security.krb5.conf" value="/home/alex/Repositories/hive/ql/target/testconf/krb5.conf"/>
    <property name="file.separator" value="/"/>
    <property name="basedir" value="/home/alex/Repositories/hive/ql"/>
    <property name="line.separator" value="&#10;"/>
    <property name="java.vm.specification.vendor" value="Oracle Corporation"/>
    <property name="java.specification.name" value="Java Platform API Specification"/>
    <property name="test.dfs.mkdir" value=""/>
    <property name="derby.stream.error.file" value="/home/alex/Repositories/hive/ql/target/tmp/derby.log"/>
    <property name="java.awt.graphicsenv" value="sun.awt.X11GraphicsEnvironment"/>
    <property name="surefire.real.class.path" value="/home/alex/Repositories/hive/ql/target/surefire/surefirebooter6458756602409357955.jar"/>
    <property name="sun.boot.class.path" value="/usr/lib/jvm/java-8-openjdk-amd64/jre/lib/resources.jar:/usr/lib/jvm/java-8-openjdk-amd64/jre/lib/rt.jar:/usr/lib/jvm/java-8-openjdk-amd64/jre/lib/sunrsasign.jar:/usr/lib/jvm/java-8-openjdk-amd64/jre/lib/jsse.jar:/usr/lib/jvm/java-8-openjdk-amd64/jre/lib/jce.jar:/usr/lib/jvm/java-8-openjdk-amd64/jre/lib/charsets.jar:/usr/lib/jvm/java-8-openjdk-amd64/jre/lib/jfr.jar:/usr/lib/jvm/java-8-openjdk-amd64/jre/classes"/>
    <property name="hadoop.log.dir" value="/home/alex/Repositories/hive/ql/target/tmp"/>
    <property name="log4j.debug" value="true"/>
    <property name="sun.management.compiler" value="HotSpot 64-Bit Tiered Compilers"/>
    <property name="spark.home" value=""/>
    <property name="java.runtime.version" value="1.8.0_402-8u402-ga-2ubuntu1~22.04-b06"/>
    <property name="user.name" value="alex"/>
    <property name="java.net.preferIPv4Stack" value="true"/>
    <property name="test.src.tables" value=""/>
    <property name="path.separator" value=":"/>
    <property name="os.version" value="6.5.0-28-generic"/>
    <property name="java.endorsed.dirs" value="/usr/lib/jvm/java-8-openjdk-amd64/jre/lib/endorsed"/>
    <property name="java.runtime.name" value="OpenJDK Runtime Environment"/>
    <property name="hive.test.console.log.level" value="INFO"/>
    <property name="file.encoding" value="UTF-8"/>
    <property name="java.vm.name" value="OpenJDK 64-Bit Server VM"/>
    <property name="qfile_regex" value=""/>
    <property name="hadoop.bin.path" value="/home/alex/Repositories/hive/ql/../testutils/hadoop"/>
    <property name="localRepository" value="/home/alex/.m2/repository"/>
    <property name="build.dir" value="/home/alex/Repositories/hive/ql/target"/>
    <property name="mapred.job.tracker" value="local"/>
    <property name="java.vendor.url.bug" value="http://bugreport.sun.com/bugreport/"/>
    <property name="java.io.tmpdir" value="/home/alex/Repositories/hive/ql/target/tmp"/>
    <property name="maven.local.repository" value="/home/alex/.m2/repository"/>
    <property name="java.version" value="1.8.0_402"/>
    <property name="user.dir" value="/home/alex/Repositories/hive/ql"/>
    <property name="os.arch" value="amd64"/>
    <property name="hive.version" value="4.0.0-SNAPSHOT"/>
    <property name="java.vm.specification.name" value="Java Virtual Machine Specification"/>
    <property name="user.language.format" value="pt"/>
    <property name="java.awt.printerjob" value="sun.print.PSPrinterJob"/>
    <property name="antlr.version" value="3.5.2"/>
    <property name="sun.os.patch.level" value="unknown"/>
    <property name="derby.version" value="10.14.1.0"/>
    <property name="test.data.dir" value="/home/alex/Repositories/hive/ql/../data/files"/>
    <property name="java.library.path" value="/usr/java/packages/lib/amd64:/usr/lib/x86_64-linux-gnu/jni:/lib/x86_64-linux-gnu:/usr/lib/x86_64-linux-gnu:/usr/lib/jni:/lib:/usr/lib"/>
    <property name="java.vendor" value="Private Build"/>
    <property name="java.vm.info" value="mixed mode"/>
    <property name="java.vm.version" value="25.402-b06"/>
    <property name="java.specification.maintenance.version" value="5"/>
    <property name="sun.io.unicode.encoding" value="UnicodeLittle"/>
    <property name="java.ext.dirs" value="/usr/lib/jvm/java-8-openjdk-amd64/jre/lib/ext:/usr/java/packages/lib/ext"/>
    <property name="initScript" value=""/>
    <property name="java.class.version" value="52.0"/>
    <property name="test.output.overwrite" value=""/>
    <property name="hive.root" value="/home/alex/Repositories/hive/ql/../"/>
  </properties>
  <testcase name="testWriteHive2ReadHive4UsingLegacyConversion(String)[1]" classname="org.apache.hadoop.hive.ql.io.parquet.serde.TestParquetTimestampsHive2Compatibility" time="0.823"/>
  <testcase name="testWriteHive2ReadHive4UsingLegacyConversion(String)[2]" classname="org.apache.hadoop.hive.ql.io.parquet.serde.TestParquetTimestampsHive2Compatibility" time="0.002"/>
  <testcase name="testWriteHive2ReadHive4UsingLegacyConversion(String)[3]" classname="org.apache.hadoop.hive.ql.io.parquet.serde.TestParquetTimestampsHive2Compatibility" time="0.001"/>
  <testcase name="testWriteHive2ReadHive4UsingLegacyConversion(String)[4]" classname="org.apache.hadoop.hive.ql.io.parquet.serde.TestParquetTimestampsHive2Compatibility" time="0.001"/>
  <testcase name="testWriteHive2ReadHive4UsingLegacyConversion(String)[5]" classname="org.apache.hadoop.hive.ql.io.parquet.serde.TestParquetTimestampsHive2Compatibility" time="0.001"/>
  <testcase name="testWriteHive2ReadHive4UsingLegacyConversion(String)[6]" classname="org.apache.hadoop.hive.ql.io.parquet.serde.TestParquetTimestampsHive2Compatibility" time="0.002"/>
  <testcase name="testWriteHive2ReadHive4UsingLegacyConversion(String)[7]" classname="org.apache.hadoop.hive.ql.io.parquet.serde.TestParquetTimestampsHive2Compatibility" time="0.001"/>
  <testcase name="testWriteHive2ReadHive4UsingLegacyConversion(String)[8]" classname="org.apache.hadoop.hive.ql.io.parquet.serde.TestParquetTimestampsHive2Compatibility" time="0.001"/>
  <testcase name="testWriteHive2ReadHive4UsingLegacyConversion(String)[9]" classname="org.apache.hadoop.hive.ql.io.parquet.serde.TestParquetTimestampsHive2Compatibility" time="0.001"/>
  <testcase name="testWriteHive2ReadHive4UsingLegacyConversion(String)[10]" classname="org.apache.hadoop.hive.ql.io.parquet.serde.TestParquetTimestampsHive2Compatibility" time="0.001"/>
  <testcase name="testWriteHive2ReadHive4UsingLegacyConversion(String)[11]" classname="org.apache.hadoop.hive.ql.io.parquet.serde.TestParquetTimestampsHive2Compatibility" time="0.001"/>
  <testcase name="testWriteHive2ReadHive4UsingLegacyConversion(String)[12]" classname="org.apache.hadoop.hive.ql.io.parquet.serde.TestParquetTimestampsHive2Compatibility" time="0.001"/>
  <testcase name="testWriteHive2ReadHive4UsingLegacyConversion(String)[13]" classname="org.apache.hadoop.hive.ql.io.parquet.serde.TestParquetTimestampsHive2Compatibility" time="0.002"/>
  <testcase name="testWriteHive2ReadHive4UsingLegacyConversion(String)[14]" classname="org.apache.hadoop.hive.ql.io.parquet.serde.TestParquetTimestampsHive2Compatibility" time="0.001"/>
  <testcase name="testWriteHive2ReadHive4UsingLegacyConversion(String)[15]" classname="org.apache.hadoop.hive.ql.io.parquet.serde.TestParquetTimestampsHive2Compatibility" time="0.001"/>
  <testcase name="testWriteHive2ReadHive4UsingLegacyConversion(String)[16]" classname="org.apache.hadoop.hive.ql.io.parquet.serde.TestParquetTimestampsHive2Compatibility" time="0.001"/>
  <testcase name="testWriteHive2ReadHive4UsingLegacyConversion(String)[17]" classname="org.apache.hadoop.hive.ql.io.parquet.serde.TestParquetTimestampsHive2Compatibility" time="0.001"/>
  <testcase name="testWriteHive2ReadHive4UsingLegacyConversion(String)[18]" classname="org.apache.hadoop.hive.ql.io.parquet.serde.TestParquetTimestampsHive2Compatibility" time="0.001"/>
  <testcase name="testWriteHive2ReadHive4UsingLegacyConversion(String)[19]" classname="org.apache.hadoop.hive.ql.io.parquet.serde.TestParquetTimestampsHive2Compatibility" time="0.001"/>
  <testcase name="testWriteHive2ReadHive4UsingLegacyConversion(String)[20]" classname="org.apache.hadoop.hive.ql.io.parquet.serde.TestParquetTimestampsHive2Compatibility" time="0.001"/>
  <testcase name="testWriteHive2ReadHive4UsingLegacyConversion(String)[21]" classname="org.apache.hadoop.hive.ql.io.parquet.serde.TestParquetTimestampsHive2Compatibility" time="0.001"/>
  <testcase name="testWriteHive2ReadHive4UsingLegacyConversion(String)[22]" classname="org.apache.hadoop.hive.ql.io.parquet.serde.TestParquetTimestampsHive2Compatibility" time="0.001"/>
  <testcase name="testWriteHive2ReadHive4UsingLegacyConversion(String)[23]" classname="org.apache.hadoop.hive.ql.io.parquet.serde.TestParquetTimestampsHive2Compatibility" time="0.002"/>
  <testcase name="testWriteHive2ReadHive4UsingLegacyConversion(String)[24]" classname="org.apache.hadoop.hive.ql.io.parquet.serde.TestParquetTimestampsHive2Compatibility" time="0"/>
  <testcase name="testWriteHive2ReadHive4UsingLegacyConversion(String)[25]" classname="org.apache.hadoop.hive.ql.io.parquet.serde.TestParquetTimestampsHive2Compatibility" time="0.001"/>
  <testcase name="testWriteHive2ReadHive4UsingLegacyConversion(String)[26]" classname="org.apache.hadoop.hive.ql.io.parquet.serde.TestParquetTimestampsHive2Compatibility" time="0.001"/>
  <testcase name="testWriteHive2ReadHive4UsingLegacyConversion(String)[27]" classname="org.apache.hadoop.hive.ql.io.parquet.serde.TestParquetTimestampsHive2Compatibility" time="0.001"/>
  <testcase name="testWriteHive2ReadHive4UsingLegacyConversion(String)[28]" classname="org.apache.hadoop.hive.ql.io.parquet.serde.TestParquetTimestampsHive2Compatibility" time="0.001"/>
  <testcase name="testWriteHive2ReadHive4UsingLegacyConversion(String)[29]" classname="org.apache.hadoop.hive.ql.io.parquet.serde.TestParquetTimestampsHive2Compatibility" time="0.001"/>
  <testcase name="testWriteHive2ReadHive4UsingLegacyConversion(String)[30]" classname="org.apache.hadoop.hive.ql.io.parquet.serde.TestParquetTimestampsHive2Compatibility" time="0.001"/>
  <testcase name="testWriteHive2ReadHive4UsingLegacyConversion(String)[31]" classname="org.apache.hadoop.hive.ql.io.parquet.serde.TestParquetTimestampsHive2Compatibility" time="0.002"/>
  <testcase name="testWriteHive2ReadHive4UsingLegacyConversion(String)[32]" classname="org.apache.hadoop.hive.ql.io.parquet.serde.TestParquetTimestampsHive2Compatibility" time="0.001"/>
  <testcase name="testWriteHive2ReadHive4UsingLegacyConversion(String)[33]" classname="org.apache.hadoop.hive.ql.io.parquet.serde.TestParquetTimestampsHive2Compatibility" time="0.001"/>
  <testcase name="testWriteHive2ReadHive4UsingLegacyConversion(String)[34]" classname="org.apache.hadoop.hive.ql.io.parquet.serde.TestParquetTimestampsHive2Compatibility" time="0.001"/>
  <testcase name="testWriteHive2ReadHive4UsingLegacyConversion(String)[35]" classname="org.apache.hadoop.hive.ql.io.parquet.serde.TestParquetTimestampsHive2Compatibility" time="0.001"/>
  <testcase name="testWriteHive2ReadHive4UsingLegacyConversion(String)[36]" classname="org.apache.hadoop.hive.ql.io.parquet.serde.TestParquetTimestampsHive2Compatibility" time="0.001"/>
  <testcase name="testWriteHive2ReadHive4UsingLegacyConversion(String)[37]" classname="org.apache.hadoop.hive.ql.io.parquet.serde.TestParquetTimestampsHive2Compatibility" time="0.001"/>
  <testcase name="testWriteHive2ReadHive4UsingLegacyConversion(String)[38]" classname="org.apache.hadoop.hive.ql.io.parquet.serde.TestParquetTimestampsHive2Compatibility" time="0.001"/>
  <testcase name="testWriteHive2ReadHive4UsingLegacyConversion(String)[39]" classname="org.apache.hadoop.hive.ql.io.parquet.serde.TestParquetTimestampsHive2Compatibility" time="0.001"/>
  <testcase name="testWriteHive2ReadHive4UsingLegacyConversion(String)[40]" classname="org.apache.hadoop.hive.ql.io.parquet.serde.TestParquetTimestampsHive2Compatibility" time="0.002"/>
  <testcase name="testWriteHive2ReadHive4UsingLegacyConversion(String)[41]" classname="org.apache.hadoop.hive.ql.io.parquet.serde.TestParquetTimestampsHive2Compatibility" time="0.001"/>
  <testcase name="testWriteHive2ReadHive4UsingLegacyConversion(String)[42]" classname="org.apache.hadoop.hive.ql.io.parquet.serde.TestParquetTimestampsHive2Compatibility" time="0.001"/>
  <testcase name="testWriteHive2ReadHive4UsingLegacyConversion(String)[43]" classname="org.apache.hadoop.hive.ql.io.parquet.serde.TestParquetTimestampsHive2Compatibility" time="0"/>
  <testcase name="testWriteHive2ReadHive4UsingLegacyConversion(String)[44]" classname="org.apache.hadoop.hive.ql.io.parquet.serde.TestParquetTimestampsHive2Compatibility" time="0.001"/>
  <testcase name="testWriteHive2ReadHive4UsingLegacyConversion(String)[45]" classname="org.apache.hadoop.hive.ql.io.parquet.serde.TestParquetTimestampsHive2Compatibility" time="0.001"/>
  <testcase name="testWriteHive2ReadHive4UsingLegacyConversion(String)[46]" classname="org.apache.hadoop.hive.ql.io.parquet.serde.TestParquetTimestampsHive2Compatibility" time="0.001"/>
  <testcase name="testWriteHive2ReadHive4UsingLegacyConversion(String)[47]" classname="org.apache.hadoop.hive.ql.io.parquet.serde.TestParquetTimestampsHive2Compatibility" time="0.001"/>
  <testcase name="testWriteHive2ReadHive4UsingLegacyConversion(String)[48]" classname="org.apache.hadoop.hive.ql.io.parquet.serde.TestParquetTimestampsHive2Compatibility" time="0.001"/>
  <testcase name="testWriteHive2ReadHive4UsingLegacyConversion(String)[49]" classname="org.apache.hadoop.hive.ql.io.parquet.serde.TestParquetTimestampsHive2Compatibility" time="0.001"/>
  <testcase name="testWriteHive2ReadHive4UsingLegacyConversion(String)[50]" classname="org.apache.hadoop.hive.ql.io.parquet.serde.TestParquetTimestampsHive2Compatibility" time="0.001"/>
  <testcase name="testWriteHive2ReadHive4UsingLegacyConversion(String)[51]" classname="org.apache.hadoop.hive.ql.io.parquet.serde.TestParquetTimestampsHive2Compatibility" time="0.001"/>
  <testcase name="testWriteHive2ReadHive4UsingLegacyConversion(String)[52]" classname="org.apache.hadoop.hive.ql.io.parquet.serde.TestParquetTimestampsHive2Compatibility" time="0.001"/>
  <testcase name="testWriteHive2ReadHive4UsingLegacyConversion(String)[53]" classname="org.apache.hadoop.hive.ql.io.parquet.serde.TestParquetTimestampsHive2Compatibility" time="0"/>
  <testcase name="testWriteHive2ReadHive4UsingLegacyConversion(String)[54]" classname="org.apache.hadoop.hive.ql.io.parquet.serde.TestParquetTimestampsHive2Compatibility" time="0.001"/>
  <testcase name="testWriteHive2ReadHive4UsingLegacyConversion(String)[55]" classname="org.apache.hadoop.hive.ql.io.parquet.serde.TestParquetTimestampsHive2Compatibility" time="0.001"/>
  <testcase name="testWriteHive2ReadHive4UsingLegacyConversion(String)[56]" classname="org.apache.hadoop.hive.ql.io.parquet.serde.TestParquetTimestampsHive2Compatibility" time="0.001"/>
  <testcase name="testWriteHive2ReadHive4UsingLegacyConversion(String)[57]" classname="org.apache.hadoop.hive.ql.io.parquet.serde.TestParquetTimestampsHive2Compatibility" time="0.001"/>
  <testcase name="testWriteHive2ReadHive4UsingLegacyConversion(String)[58]" classname="org.apache.hadoop.hive.ql.io.parquet.serde.TestParquetTimestampsHive2Compatibility" time="0.001"/>
  <testcase name="testWriteHive2ReadHive4UsingLegacyConversion(String)[59]" classname="org.apache.hadoop.hive.ql.io.parquet.serde.TestParquetTimestampsHive2Compatibility" time="0"/>
  <testcase name="testWriteHive2ReadHive4UsingLegacyConversion(String)[60]" classname="org.apache.hadoop.hive.ql.io.parquet.serde.TestParquetTimestampsHive2Compatibility" time="0.001"/>
  <testcase name="testWriteHive2ReadHive4UsingLegacyConversion(String)[61]" classname="org.apache.hadoop.hive.ql.io.parquet.serde.TestParquetTimestampsHive2Compatibility" time="0.001"/>
  <testcase name="testWriteHive2ReadHive4UsingLegacyConversion(String)[62]" classname="org.apache.hadoop.hive.ql.io.parquet.serde.TestParquetTimestampsHive2Compatibility" time="0"/>
  <testcase name="testWriteHive2ReadHive4UsingLegacyConversion(String)[63]" classname="org.apache.hadoop.hive.ql.io.parquet.serde.TestParquetTimestampsHive2Compatibility" time="0.001"/>
  <testcase name="testWriteHive2ReadHive4UsingLegacyConversion(String)[64]" classname="org.apache.hadoop.hive.ql.io.parquet.serde.TestParquetTimestampsHive2Compatibility" time="0.002"/>
  <testcase name="testWriteHive2ReadHive4UsingLegacyConversion(String)[65]" classname="org.apache.hadoop.hive.ql.io.parquet.serde.TestParquetTimestampsHive2Compatibility" time="0.001"/>
  <testcase name="testWriteHive2ReadHive4UsingLegacyConversion(String)[66]" classname="org.apache.hadoop.hive.ql.io.parquet.serde.TestParquetTimestampsHive2Compatibility" time="0.001"/>
  <testcase name="testWriteHive2ReadHive4UsingLegacyConversion(String)[67]" classname="org.apache.hadoop.hive.ql.io.parquet.serde.TestParquetTimestampsHive2Compatibility" time="0.001"/>
  <testcase name="testWriteHive2ReadHive4UsingLegacyConversion(String)[68]" classname="org.apache.hadoop.hive.ql.io.parquet.serde.TestParquetTimestampsHive2Compatibility" time="0.001"/>
  <testcase name="testWriteHive2ReadHive4UsingLegacyConversion(String)[69]" classname="org.apache.hadoop.hive.ql.io.parquet.serde.TestParquetTimestampsHive2Compatibility" time="0.001"/>
  <testcase name="testWriteHive2ReadHive4UsingLegacyConversion(String)[70]" classname="org.apache.hadoop.hive.ql.io.parquet.serde.TestParquetTimestampsHive2Compatibility" time="0.001"/>
  <testcase name="testWriteHive2ReadHive4UsingLegacyConversion(String)[71]" classname="org.apache.hadoop.hive.ql.io.parquet.serde.TestParquetTimestampsHive2Compatibility" time="0"/>
  <testcase name="testWriteHive2ReadHive4UsingLegacyConversion(String)[72]" classname="org.apache.hadoop.hive.ql.io.parquet.serde.TestParquetTimestampsHive2Compatibility" time="0.001"/>
  <testcase name="testWriteHive2ReadHive4UsingLegacyConversion(String)[73]" classname="org.apache.hadoop.hive.ql.io.parquet.serde.TestParquetTimestampsHive2Compatibility" time="0.001"/>
  <testcase name="testWriteHive2ReadHive4UsingLegacyConversion(String)[74]" classname="org.apache.hadoop.hive.ql.io.parquet.serde.TestParquetTimestampsHive2Compatibility" time="0.001"/>
  <testcase name="testWriteHive2ReadHive4UsingLegacyConversion(String)[75]" classname="org.apache.hadoop.hive.ql.io.parquet.serde.TestParquetTimestampsHive2Compatibility" time="0"/>
  <testcase name="testWriteHive2ReadHive4UsingLegacyConversion(String)[76]" classname="org.apache.hadoop.hive.ql.io.parquet.serde.TestParquetTimestampsHive2Compatibility" time="0.001"/>
  <testcase name="testWriteHive2ReadHive4UsingLegacyConversion(String)[77]" classname="org.apache.hadoop.hive.ql.io.parquet.serde.TestParquetTimestampsHive2Compatibility" time="0.001"/>
  <testcase name="testWriteHive2ReadHive4UsingLegacyConversion(String)[78]" classname="org.apache.hadoop.hive.ql.io.parquet.serde.TestParquetTimestampsHive2Compatibility" time="0"/>
  <testcase name="testWriteHive2ReadHive4UsingLegacyConversion(String)[79]" classname="org.apache.hadoop.hive.ql.io.parquet.serde.TestParquetTimestampsHive2Compatibility" time="0"/>
  <testcase name="testWriteHive2ReadHive4UsingLegacyConversion(String)[80]" classname="org.apache.hadoop.hive.ql.io.parquet.serde.TestParquetTimestampsHive2Compatibility" time="0.001"/>
  <testcase name="testWriteHive2ReadHive4UsingLegacyConversion(String)[81]" classname="org.apache.hadoop.hive.ql.io.parquet.serde.TestParquetTimestampsHive2Compatibility" time="0.001"/>
  <testcase name="testWriteHive2ReadHive4UsingLegacyConversion(String)[82]" classname="org.apache.hadoop.hive.ql.io.parquet.serde.TestParquetTimestampsHive2Compatibility" time="0.001"/>
  <testcase name="testWriteHive2ReadHive4UsingLegacyConversion(String)[83]" classname="org.apache.hadoop.hive.ql.io.parquet.serde.TestParquetTimestampsHive2Compatibility" time="0"/>
  <testcase name="testWriteHive2ReadHive4UsingLegacyConversion(String)[84]" classname="org.apache.hadoop.hive.ql.io.parquet.serde.TestParquetTimestampsHive2Compatibility" time="0.001"/>
  <testcase name="testWriteHive2ReadHive4UsingLegacyConversion(String)[85]" classname="org.apache.hadoop.hive.ql.io.parquet.serde.TestParquetTimestampsHive2Compatibility" time="0.001"/>
  <testcase name="testWriteHive2ReadHive4UsingLegacyConversion(String)[86]" classname="org.apache.hadoop.hive.ql.io.parquet.serde.TestParquetTimestampsHive2Compatibility" time="0.001"/>
  <testcase name="testWriteHive2ReadHive4UsingLegacyConversion(String)[87]" classname="org.apache.hadoop.hive.ql.io.parquet.serde.TestParquetTimestampsHive2Compatibility" time="0.001"/>
  <testcase name="testWriteHive2ReadHive4UsingLegacyConversion(String)[88]" classname="org.apache.hadoop.hive.ql.io.parquet.serde.TestParquetTimestampsHive2Compatibility" time="0.001"/>
  <testcase name="testWriteHive2ReadHive4UsingLegacyConversion(String)[89]" classname="org.apache.hadoop.hive.ql.io.parquet.serde.TestParquetTimestampsHive2Compatibility" time="0.001"/>
  <testcase name="testWriteHive2ReadHive4UsingLegacyConversion(String)[90]" classname="org.apache.hadoop.hive.ql.io.parquet.serde.TestParquetTimestampsHive2Compatibility" time="0"/>
  <testcase name="testWriteHive2ReadHive4UsingLegacyConversion(String)[91]" classname="org.apache.hadoop.hive.ql.io.parquet.serde.TestParquetTimestampsHive2Compatibility" time="0"/>
  <testcase name="testWriteHive2ReadHive4UsingLegacyConversion(String)[92]" classname="org.apache.hadoop.hive.ql.io.parquet.serde.TestParquetTimestampsHive2Compatibility" time="0.001"/>
  <testcase name="testWriteHive2ReadHive4UsingLegacyConversion(String)[93]" classname="org.apache.hadoop.hive.ql.io.parquet.serde.TestParquetTimestampsHive2Compatibility" time="0.001"/>
  <testcase name="testWriteHive2ReadHive4UsingLegacyConversion(String)[94]" classname="org.apache.hadoop.hive.ql.io.parquet.serde.TestParquetTimestampsHive2Compatibility" time="0"/>
  <testcase name="testWriteHive2ReadHive4UsingLegacyConversion(String)[95]" classname="org.apache.hadoop.hive.ql.io.parquet.serde.TestParquetTimestampsHive2Compatibility" time="0.001"/>
  <testcase name="testWriteHive2ReadHive4UsingLegacyConversion(String)[96]" classname="org.apache.hadoop.hive.ql.io.parquet.serde.TestParquetTimestampsHive2Compatibility" time="0.001"/>
  <testcase name="testWriteHive2ReadHive4UsingLegacyConversion(String)[97]" classname="org.apache.hadoop.hive.ql.io.parquet.serde.TestParquetTimestampsHive2Compatibility" time="0"/>
  <testcase name="testWriteHive2ReadHive4UsingLegacyConversion(String)[98]" classname="org.apache.hadoop.hive.ql.io.parquet.serde.TestParquetTimestampsHive2Compatibility" time="0.001"/>
  <testcase name="testWriteHive2ReadHive4UsingLegacyConversion(String)[99]" classname="org.apache.hadoop.hive.ql.io.parquet.serde.TestParquetTimestampsHive2Compatibility" time="0.001"/>
  <testcase name="testWriteHive2ReadHive4UsingLegacyConversion(String)[100]" classname="org.apache.hadoop.hive.ql.io.parquet.serde.TestParquetTimestampsHive2Compatibility" time="0.001"/>
  <testcase name="testWriteHive2ReadHive4UsingLegacyConversion(String)[101]" classname="org.apache.hadoop.hive.ql.io.parquet.serde.TestParquetTimestampsHive2Compatibility" time="0.001"/>
  <testcase name="testWriteHive2ReadHive4UsingLegacyConversion(String)[102]" classname="org.apache.hadoop.hive.ql.io.parquet.serde.TestParquetTimestampsHive2Compatibility" time="0.001"/>
  <testcase name="testWriteHive2ReadHive4UsingLegacyConversion(String)[103]" classname="org.apache.hadoop.hive.ql.io.parquet.serde.TestParquetTimestampsHive2Compatibility" time="0"/>
  <testcase name="testWriteHive2ReadHive4UsingLegacyConversion(String)[104]" classname="org.apache.hadoop.hive.ql.io.parquet.serde.TestParquetTimestampsHive2Compatibility" time="0.001"/>
  <testcase name="testWriteHive2ReadHive4UsingLegacyConversion(String)[105]" classname="org.apache.hadoop.hive.ql.io.parquet.serde.TestParquetTimestampsHive2Compatibility" time="0.001"/>
  <testcase name="testWriteHive2ReadHive4UsingLegacyConversion(String)[106]" classname="org.apache.hadoop.hive.ql.io.parquet.serde.TestParquetTimestampsHive2Compatibility" time="0.001"/>
  <testcase name="testWriteHive2ReadHive4UsingLegacyConversion(String)[107]" classname="org.apache.hadoop.hive.ql.io.parquet.serde.TestParquetTimestampsHive2Compatibility" time="0.001"/>
  <testcase name="testWriteHive2ReadHive4UsingLegacyConversion(String)[108]" classname="org.apache.hadoop.hive.ql.io.parquet.serde.TestParquetTimestampsHive2Compatibility" time="0.001"/>
  <testcase name="testWriteHive2ReadHive4UsingLegacyConversion(String)[109]" classname="org.apache.hadoop.hive.ql.io.parquet.serde.TestParquetTimestampsHive2Compatibility" time="0.001"/>
  <testcase name="testWriteHive2ReadHive4UsingLegacyConversion(String)[110]" classname="org.apache.hadoop.hive.ql.io.parquet.serde.TestParquetTimestampsHive2Compatibility" time="0.001"/>
  <testcase name="testWriteHive2ReadHive4UsingLegacyConversion(String)[111]" classname="org.apache.hadoop.hive.ql.io.parquet.serde.TestParquetTimestampsHive2Compatibility" time="0"/>
  <testcase name="testWriteHive2ReadHive4UsingLegacyConversion(String)[112]" classname="org.apache.hadoop.hive.ql.io.parquet.serde.TestParquetTimestampsHive2Compatibility" time="0"/>
  <testcase name="testWriteHive2ReadHive4UsingLegacyConversion(String)[113]" classname="org.apache.hadoop.hive.ql.io.parquet.serde.TestParquetTimestampsHive2Compatibility" time="0"/>
  <testcase name="testWriteHive2ReadHive4UsingLegacyConversion(String)[114]" classname="org.apache.hadoop.hive.ql.io.parquet.serde.TestParquetTimestampsHive2Compatibility" time="0.001"/>
  <testcase name="testWriteHive2ReadHive4UsingLegacyConversion(String)[115]" classname="org.apache.hadoop.hive.ql.io.parquet.serde.TestParquetTimestampsHive2Compatibility" time="0.001"/>
  <testcase name="testWriteHive2ReadHive4UsingLegacyConversion(String)[116]" classname="org.apache.hadoop.hive.ql.io.parquet.serde.TestParquetTimestampsHive2Compatibility" time="0"/>
  <testcase name="testWriteHive2ReadHive4UsingLegacyConversion(String)[117]" classname="org.apache.hadoop.hive.ql.io.parquet.serde.TestParquetTimestampsHive2Compatibility" time="0.001"/>
  <testcase name="testWriteHive2ReadHive4UsingLegacyConversion(String)[118]" classname="org.apache.hadoop.hive.ql.io.parquet.serde.TestParquetTimestampsHive2Compatibility" time="0.001"/>
  <testcase name="testWriteHive2ReadHive4UsingLegacyConversion(String)[119]" classname="org.apache.hadoop.hive.ql.io.parquet.serde.TestParquetTimestampsHive2Compatibility" time="0.001"/>
  <testcase name="testWriteHive2ReadHive4UsingLegacyConversion(String)[120]" classname="org.apache.hadoop.hive.ql.io.parquet.serde.TestParquetTimestampsHive2Compatibility" time="0.001"/>
  <testcase name="testWriteHive2ReadHive4UsingLegacyConversion(String)[121]" classname="org.apache.hadoop.hive.ql.io.parquet.serde.TestParquetTimestampsHive2Compatibility" time="0"/>
  <testcase name="testWriteHive2ReadHive4UsingLegacyConversion(String)[122]" classname="org.apache.hadoop.hive.ql.io.parquet.serde.TestParquetTimestampsHive2Compatibility" time="0.001"/>
  <testcase name="testWriteHive2ReadHive4UsingLegacyConversion(String)[123]" classname="org.apache.hadoop.hive.ql.io.parquet.serde.TestParquetTimestampsHive2Compatibility" time="0.001"/>
  <testcase name="testWriteHive2ReadHive4UsingLegacyConversion(String)[124]" classname="org.apache.hadoop.hive.ql.io.parquet.serde.TestParquetTimestampsHive2Compatibility" time="0.001"/>
  <testcase name="testWriteHive2ReadHive4UsingLegacyConversion(String)[125]" classname="org.apache.hadoop.hive.ql.io.parquet.serde.TestParquetTimestampsHive2Compatibility" time="0"/>
  <testcase name="testWriteHive2ReadHive4UsingLegacyConversion(String)[126]" classname="org.apache.hadoop.hive.ql.io.parquet.serde.TestParquetTimestampsHive2Compatibility" time="0.001"/>
  <testcase name="testWriteHive2ReadHive4UsingLegacyConversion(String)[127]" classname="org.apache.hadoop.hive.ql.io.parquet.serde.TestParquetTimestampsHive2Compatibility" time="0"/>
  <testcase name="testWriteHive2ReadHive4UsingLegacyConversion(String)[128]" classname="org.apache.hadoop.hive.ql.io.parquet.serde.TestParquetTimestampsHive2Compatibility" time="0.001"/>
  <testcase name="testWriteHive2ReadHive4UsingLegacyConversion(String)[129]" classname="org.apache.hadoop.hive.ql.io.parquet.serde.TestParquetTimestampsHive2Compatibility" time="0.001"/>
  <testcase name="testWriteHive2ReadHive4UsingLegacyConversion(String)[130]" classname="org.apache.hadoop.hive.ql.io.parquet.serde.TestParquetTimestampsHive2Compatibility" time="0.001"/>
  <testcase name="testWriteHive2ReadHive4UsingLegacyConversion(String)[131]" classname="org.apache.hadoop.hive.ql.io.parquet.serde.TestParquetTimestampsHive2Compatibility" time="0.001"/>
  <testcase name="testWriteHive2ReadHive4UsingLegacyConversion(String)[132]" classname="org.apache.hadoop.hive.ql.io.parquet.serde.TestParquetTimestampsHive2Compatibility" time="0.001"/>
  <testcase name="testWriteHive2ReadHive4UsingLegacyConversion(String)[133]" classname="org.apache.hadoop.hive.ql.io.parquet.serde.TestParquetTimestampsHive2Compatibility" time="0"/>
  <testcase name="testWriteHive2ReadHive4UsingLegacyConversion(String)[134]" classname="org.apache.hadoop.hive.ql.io.parquet.serde.TestParquetTimestampsHive2Compatibility" time="0.001"/>
  <testcase name="testWriteHive2ReadHive4UsingLegacyConversion(String)[135]" classname="org.apache.hadoop.hive.ql.io.parquet.serde.TestParquetTimestampsHive2Compatibility" time="0.001"/>
  <testcase name="testWriteHive2ReadHive4UsingLegacyConversion(String)[136]" classname="org.apache.hadoop.hive.ql.io.parquet.serde.TestParquetTimestampsHive2Compatibility" time="0"/>
  <testcase name="testWriteHive2ReadHive4UsingLegacyConversion(String)[137]" classname="org.apache.hadoop.hive.ql.io.parquet.serde.TestParquetTimestampsHive2Compatibility" time="0.001"/>
  <testcase name="testWriteHive2ReadHive4UsingLegacyConversion(String)[138]" classname="org.apache.hadoop.hive.ql.io.parquet.serde.TestParquetTimestampsHive2Compatibility" time="0.001"/>
  <testcase name="testWriteHive2ReadHive4UsingLegacyConversion(String)[139]" classname="org.apache.hadoop.hive.ql.io.parquet.serde.TestParquetTimestampsHive2Compatibility" time="0"/>
  <testcase name="testWriteHive2ReadHive4UsingLegacyConversion(String)[140]" classname="org.apache.hadoop.hive.ql.io.parquet.serde.TestParquetTimestampsHive2Compatibility" time="0.001"/>
  <testcase name="testWriteHive2ReadHive4UsingLegacyConversion(String)[141]" classname="org.apache.hadoop.hive.ql.io.parquet.serde.TestParquetTimestampsHive2Compatibility" time="0.001"/>
  <testcase name="testWriteHive2ReadHive4UsingLegacyConversion(String)[142]" classname="org.apache.hadoop.hive.ql.io.parquet.serde.TestParquetTimestampsHive2Compatibility" time="0"/>
  <testcase name="testWriteHive2ReadHive4UsingLegacyConversion(String)[143]" classname="org.apache.hadoop.hive.ql.io.parquet.serde.TestParquetTimestampsHive2Compatibility" time="0.001"/>
  <testcase name="testWriteHive2ReadHive4UsingLegacyConversion(String)[144]" classname="org.apache.hadoop.hive.ql.io.parquet.serde.TestParquetTimestampsHive2Compatibility" time="0.001"/>
  <testcase name="testWriteHive2ReadHive4UsingLegacyConversion(String)[145]" classname="org.apache.hadoop.hive.ql.io.parquet.serde.TestParquetTimestampsHive2Compatibility" time="0"/>
  <testcase name="testWriteHive2ReadHive4UsingLegacyConversion(String)[146]" classname="org.apache.hadoop.hive.ql.io.parquet.serde.TestParquetTimestampsHive2Compatibility" time="0.001"/>
  <testcase name="testWriteHive2ReadHive4UsingLegacyConversion(String)[147]" classname="org.apache.hadoop.hive.ql.io.parquet.serde.TestParquetTimestampsHive2Compatibility" time="0.001"/>
  <testcase name="testWriteHive2ReadHive4UsingLegacyConversion(String)[148]" classname="org.apache.hadoop.hive.ql.io.parquet.serde.TestParquetTimestampsHive2Compatibility" time="0.001"/>
  <testcase name="testWriteHive2ReadHive4UsingLegacyConversion(String)[149]" classname="org.apache.hadoop.hive.ql.io.parquet.serde.TestParquetTimestampsHive2Compatibility" time="0.001"/>
  <testcase name="testWriteHive2ReadHive4UsingLegacyConversion(String)[150]" classname="org.apache.hadoop.hive.ql.io.parquet.serde.TestParquetTimestampsHive2Compatibility" time="0"/>
  <testcase name="testWriteHive2ReadHive4UsingLegacyConversion(String)[151]" classname="org.apache.hadoop.hive.ql.io.parquet.serde.TestParquetTimestampsHive2Compatibility" time="0"/>
  <testcase name="testWriteHive2ReadHive4UsingLegacyConversion(String)[152]" classname="org.apache.hadoop.hive.ql.io.parquet.serde.TestParquetTimestampsHive2Compatibility" time="0.001"/>
  <testcase name="testWriteHive2ReadHive4UsingLegacyConversion(String)[153]" classname="org.apache.hadoop.hive.ql.io.parquet.serde.TestParquetTimestampsHive2Compatibility" time="0.001"/>
  <testcase name="testWriteHive2ReadHive4UsingLegacyConversion(String)[154]" classname="org.apache.hadoop.hive.ql.io.parquet.serde.TestParquetTimestampsHive2Compatibility" time="0"/>
  <testcase name="testWriteHive2ReadHive4UsingLegacyConversion(String)[155]" classname="org.apache.hadoop.hive.ql.io.parquet.serde.TestParquetTimestampsHive2Compatibility" time="0.001"/>
  <testcase name="testWriteHive2ReadHive4UsingLegacyConversion(String)[156]" classname="org.apache.hadoop.hive.ql.io.parquet.serde.TestParquetTimestampsHive2Compatibility" time="0.001"/>
  <testcase name="testWriteHive2ReadHive4UsingLegacyConversion(String)[157]" classname="org.apache.hadoop.hive.ql.io.parquet.serde.TestParquetTimestampsHive2Compatibility" time="0.001"/>
  <testcase name="testWriteHive2ReadHive4UsingLegacyConversion(String)[158]" classname="org.apache.hadoop.hive.ql.io.parquet.serde.TestParquetTimestampsHive2Compatibility" time="0"/>
  <testcase name="testWriteHive2ReadHive4UsingLegacyConversion(String)[159]" classname="org.apache.hadoop.hive.ql.io.parquet.serde.TestParquetTimestampsHive2Compatibility" time="0.001"/>
  <testcase name="testWriteHive2ReadHive4UsingLegacyConversion(String)[160]" classname="org.apache.hadoop.hive.ql.io.parquet.serde.TestParquetTimestampsHive2Compatibility" time="0.001"/>
  <testcase name="testWriteHive2ReadHive4UsingLegacyConversion(String)[161]" classname="org.apache.hadoop.hive.ql.io.parquet.serde.TestParquetTimestampsHive2Compatibility" time="0"/>
  <testcase name="testWriteHive2ReadHive4UsingLegacyConversion(String)[162]" classname="org.apache.hadoop.hive.ql.io.parquet.serde.TestParquetTimestampsHive2Compatibility" time="0.001"/>
  <testcase name="testWriteHive2ReadHive4UsingLegacyConversion(String)[163]" classname="org.apache.hadoop.hive.ql.io.parquet.serde.TestParquetTimestampsHive2Compatibility" time="0.001"/>
  <testcase name="testWriteHive2ReadHive4UsingLegacyConversion(String)[164]" classname="org.apache.hadoop.hive.ql.io.parquet.serde.TestParquetTimestampsHive2Compatibility" time="0.001"/>
  <testcase name="testWriteHive2ReadHive4UsingLegacyConversion(String)[165]" classname="org.apache.hadoop.hive.ql.io.parquet.serde.TestParquetTimestampsHive2Compatibility" time="0"/>
  <testcase name="testWriteHive2ReadHive4UsingLegacyConversion(String)[166]" classname="org.apache.hadoop.hive.ql.io.parquet.serde.TestParquetTimestampsHive2Compatibility" time="0.001"/>
  <testcase name="testWriteHive2ReadHive4UsingLegacyConversion(String)[167]" classname="org.apache.hadoop.hive.ql.io.parquet.serde.TestParquetTimestampsHive2Compatibility" time="0.001"/>
  <testcase name="testWriteHive2ReadHive4UsingLegacyConversion(String)[168]" classname="org.apache.hadoop.hive.ql.io.parquet.serde.TestParquetTimestampsHive2Compatibility" time="0"/>
  <testcase name="testWriteHive2ReadHive4UsingLegacyConversion(String)[169]" classname="org.apache.hadoop.hive.ql.io.parquet.serde.TestParquetTimestampsHive2Compatibility" time="0.001"/>
  <testcase name="testWriteHive2ReadHive4UsingLegacyConversion(String)[170]" classname="org.apache.hadoop.hive.ql.io.parquet.serde.TestParquetTimestampsHive2Compatibility" time="0.001"/>
  <testcase name="testWriteHive2ReadHive4UsingLegacyConversion(String)[171]" classname="org.apache.hadoop.hive.ql.io.parquet.serde.TestParquetTimestampsHive2Compatibility" time="0"/>
  <testcase name="testWriteHive2ReadHive4UsingLegacyConversion(String)[172]" classname="org.apache.hadoop.hive.ql.io.parquet.serde.TestParquetTimestampsHive2Compatibility" time="0.001"/>
  <testcase name="testWriteHive2ReadHive4UsingLegacyConversion(String)[173]" classname="org.apache.hadoop.hive.ql.io.parquet.serde.TestParquetTimestampsHive2Compatibility" time="0"/>
  <testcase name="testWriteHive2ReadHive4UsingLegacyConversion(String)[174]" classname="org.apache.hadoop.hive.ql.io.parquet.serde.TestParquetTimestampsHive2Compatibility" time="0.001"/>
  <testcase name="testWriteHive2ReadHive4UsingLegacyConversion(String)[175]" classname="org.apache.hadoop.hive.ql.io.parquet.serde.TestParquetTimestampsHive2Compatibility" time="0.001"/>
  <testcase name="testWriteHive2ReadHive4UsingLegacyConversion(String)[176]" classname="org.apache.hadoop.hive.ql.io.parquet.serde.TestParquetTimestampsHive2Compatibility" time="0.001"/>
  <testcase name="testWriteHive2ReadHive4UsingLegacyConversion(String)[177]" classname="org.apache.hadoop.hive.ql.io.parquet.serde.TestParquetTimestampsHive2Compatibility" time="0.001"/>
  <testcase name="testWriteHive2ReadHive4UsingLegacyConversion(String)[178]" classname="org.apache.hadoop.hive.ql.io.parquet.serde.TestParquetTimestampsHive2Compatibility" time="0"/>
  <testcase name="testWriteHive2ReadHive4UsingLegacyConversion(String)[179]" classname="org.apache.hadoop.hive.ql.io.parquet.serde.TestParquetTimestampsHive2Compatibility" time="0.001"/>
  <testcase name="testWriteHive2ReadHive4UsingLegacyConversion(String)[180]" classname="org.apache.hadoop.hive.ql.io.parquet.serde.TestParquetTimestampsHive2Compatibility" time="0"/>
  <testcase name="testWriteHive2ReadHive4UsingLegacyConversion(String)[181]" classname="org.apache.hadoop.hive.ql.io.parquet.serde.TestParquetTimestampsHive2Compatibility" time="0.001"/>
  <testcase name="testWriteHive2ReadHive4UsingLegacyConversion(String)[182]" classname="org.apache.hadoop.hive.ql.io.parquet.serde.TestParquetTimestampsHive2Compatibility" time="0"/>
  <testcase name="testWriteHive2ReadHive4UsingLegacyConversion(String)[183]" classname="org.apache.hadoop.hive.ql.io.parquet.serde.TestParquetTimestampsHive2Compatibility" time="0.001"/>
  <testcase name="testWriteHive2ReadHive4UsingLegacyConversion(String)[184]" classname="org.apache.hadoop.hive.ql.io.parquet.serde.TestParquetTimestampsHive2Compatibility" time="0.001"/>
  <testcase name="testWriteHive2ReadHive4UsingLegacyConversion(String)[185]" classname="org.apache.hadoop.hive.ql.io.parquet.serde.TestParquetTimestampsHive2Compatibility" time="0"/>
  <testcase name="testWriteHive2ReadHive4UsingLegacyConversion(String)[186]" classname="org.apache.hadoop.hive.ql.io.parquet.serde.TestParquetTimestampsHive2Compatibility" time="0.001"/>
  <testcase name="testWriteHive2ReadHive4UsingLegacyConversion(String)[187]" classname="org.apache.hadoop.hive.ql.io.parquet.serde.TestParquetTimestampsHive2Compatibility" time="0"/>
  <testcase name="testWriteHive2ReadHive4UsingLegacyConversion(String)[188]" classname="org.apache.hadoop.hive.ql.io.parquet.serde.TestParquetTimestampsHive2Compatibility" time="0.001"/>
  <testcase name="testWriteHive2ReadHive4UsingLegacyConversion(String)[189]" classname="org.apache.hadoop.hive.ql.io.parquet.serde.TestParquetTimestampsHive2Compatibility" time="0.001"/>
  <testcase name="testWriteHive2ReadHive4UsingLegacyConversion(String)[190]" classname="org.apache.hadoop.hive.ql.io.parquet.serde.TestParquetTimestampsHive2Compatibility" time="0.001"/>
  <testcase name="testWriteHive2ReadHive4UsingLegacyConversion(String)[191]" classname="org.apache.hadoop.hive.ql.io.parquet.serde.TestParquetTimestampsHive2Compatibility" time="0.001"/>
  <testcase name="testWriteHive2ReadHive4UsingLegacyConversion(String)[192]" classname="org.apache.hadoop.hive.ql.io.parquet.serde.TestParquetTimestampsHive2Compatibility" time="0.001"/>
  <testcase name="testWriteHive2ReadHive4UsingLegacyConversion(String)[193]" classname="org.apache.hadoop.hive.ql.io.parquet.serde.TestParquetTimestampsHive2Compatibility" time="0.001"/>
  <testcase name="testWriteHive2ReadHive4UsingLegacyConversion(String)[194]" classname="org.apache.hadoop.hive.ql.io.parquet.serde.TestParquetTimestampsHive2Compatibility" time="0.001"/>
  <testcase name="testWriteHive2ReadHive4UsingLegacyConversion(String)[195]" classname="org.apache.hadoop.hive.ql.io.parquet.serde.TestParquetTimestampsHive2Compatibility" time="0.001"/>
  <testcase name="testWriteHive2ReadHive4UsingLegacyConversion(String)[196]" classname="org.apache.hadoop.hive.ql.io.parquet.serde.TestParquetTimestampsHive2Compatibility" time="0"/>
  <testcase name="testWriteHive2ReadHive4UsingLegacyConversion(String)[197]" classname="org.apache.hadoop.hive.ql.io.parquet.serde.TestParquetTimestampsHive2Compatibility" time="0.001"/>
  <testcase name="testWriteHive2ReadHive4UsingLegacyConversion(String)[198]" classname="org.apache.hadoop.hive.ql.io.parquet.serde.TestParquetTimestampsHive2Compatibility" time="0"/>
  <testcase name="testWriteHive2ReadHive4UsingLegacyConversion(String)[199]" classname="org.apache.hadoop.hive.ql.io.parquet.serde.TestParquetTimestampsHive2Compatibility" time="0.001"/>
  <testcase name="testWriteHive2ReadHive4UsingLegacyConversion(String)[200]" classname="org.apache.hadoop.hive.ql.io.parquet.serde.TestParquetTimestampsHive2Compatibility" time="0.001"/>
  <testcase name="testWriteHive2ReadHive4UsingLegacyConversion(String)[201]" classname="org.apache.hadoop.hive.ql.io.parquet.serde.TestParquetTimestampsHive2Compatibility" time="0.001"/>
  <testcase name="testWriteHive2ReadHive4UsingLegacyConversion(String)[202]" classname="org.apache.hadoop.hive.ql.io.parquet.serde.TestParquetTimestampsHive2Compatibility" time="0.001"/>
  <testcase name="testWriteHive2ReadHive4UsingLegacyConversion(String)[203]" classname="org.apache.hadoop.hive.ql.io.parquet.serde.TestParquetTimestampsHive2Compatibility" time="0"/>
  <testcase name="testWriteHive2ReadHive4UsingLegacyConversion(String)[204]" classname="org.apache.hadoop.hive.ql.io.parquet.serde.TestParquetTimestampsHive2Compatibility" time="0.001"/>
  <testcase name="testWriteHive2ReadHive4UsingLegacyConversion(String)[205]" classname="org.apache.hadoop.hive.ql.io.parquet.serde.TestParquetTimestampsHive2Compatibility" time="0"/>
  <testcase name="testWriteHive2ReadHive4UsingLegacyConversion(String)[206]" classname="org.apache.hadoop.hive.ql.io.parquet.serde.TestParquetTimestampsHive2Compatibility" time="0.001"/>
  <testcase name="testWriteHive2ReadHive4UsingLegacyConversion(String)[207]" classname="org.apache.hadoop.hive.ql.io.parquet.serde.TestParquetTimestampsHive2Compatibility" time="0.001"/>
  <testcase name="testWriteHive2ReadHive4UsingLegacyConversion(String)[208]" classname="org.apache.hadoop.hive.ql.io.parquet.serde.TestParquetTimestampsHive2Compatibility" time="0.001"/>
  <testcase name="testWriteHive2ReadHive4UsingLegacyConversion(String)[209]" classname="org.apache.hadoop.hive.ql.io.parquet.serde.TestParquetTimestampsHive2Compatibility" time="0.001"/>
  <testcase name="testWriteHive2ReadHive4UsingLegacyConversion(String)[210]" classname="org.apache.hadoop.hive.ql.io.parquet.serde.TestParquetTimestampsHive2Compatibility" time="0"/>
  <testcase name="testWriteHive2ReadHive4UsingLegacyConversion(String)[211]" classname="org.apache.hadoop.hive.ql.io.parquet.serde.TestParquetTimestampsHive2Compatibility" time="0.001"/>
  <testcase name="testWriteHive2ReadHive4UsingLegacyConversion(String)[212]" classname="org.apache.hadoop.hive.ql.io.parquet.serde.TestParquetTimestampsHive2Compatibility" time="0"/>
  <testcase name="testWriteHive2ReadHive4UsingLegacyConversion(String)[213]" classname="org.apache.hadoop.hive.ql.io.parquet.serde.TestParquetTimestampsHive2Compatibility" time="0.001"/>
  <testcase name="testWriteHive2ReadHive4UsingLegacyConversion(String)[214]" classname="org.apache.hadoop.hive.ql.io.parquet.serde.TestParquetTimestampsHive2Compatibility" time="0.001"/>
  <testcase name="testWriteHive2ReadHive4UsingLegacyConversion(String)[215]" classname="org.apache.hadoop.hive.ql.io.parquet.serde.TestParquetTimestampsHive2Compatibility" time="0.001"/>
  <testcase name="testWriteHive2ReadHive4UsingLegacyConversion(String)[216]" classname="org.apache.hadoop.hive.ql.io.parquet.serde.TestParquetTimestampsHive2Compatibility" time="0.001"/>
  <testcase name="testWriteHive2ReadHive4UsingLegacyConversion(String)[217]" classname="org.apache.hadoop.hive.ql.io.parquet.serde.TestParquetTimestampsHive2Compatibility" time="0"/>
  <testcase name="testWriteHive2ReadHive4UsingLegacyConversion(String)[218]" classname="org.apache.hadoop.hive.ql.io.parquet.serde.TestParquetTimestampsHive2Compatibility" time="0.001"/>
  <testcase name="testWriteHive2ReadHive4UsingLegacyConversion(String)[219]" classname="org.apache.hadoop.hive.ql.io.parquet.serde.TestParquetTimestampsHive2Compatibility" time="0"/>
  <testcase name="testWriteHive2ReadHive4UsingLegacyConversion(String)[220]" classname="org.apache.hadoop.hive.ql.io.parquet.serde.TestParquetTimestampsHive2Compatibility" time="0.001"/>
  <testcase name="testWriteHive2ReadHive4UsingLegacyConversion(String)[221]" classname="org.apache.hadoop.hive.ql.io.parquet.serde.TestParquetTimestampsHive2Compatibility" time="0.001"/>
  <testcase name="testWriteHive2ReadHive4UsingLegacyConversion(String)[222]" classname="org.apache.hadoop.hive.ql.io.parquet.serde.TestParquetTimestampsHive2Compatibility" time="0"/>
  <testcase name="testWriteHive2ReadHive4UsingLegacyConversion(String)[223]" classname="org.apache.hadoop.hive.ql.io.parquet.serde.TestParquetTimestampsHive2Compatibility" time="0.001"/>
  <testcase name="testWriteHive2ReadHive4UsingLegacyConversion(String)[224]" classname="org.apache.hadoop.hive.ql.io.parquet.serde.TestParquetTimestampsHive2Compatibility" time="0.001"/>
  <testcase name="testWriteHive2ReadHive4UsingLegacyConversion(String)[225]" classname="org.apache.hadoop.hive.ql.io.parquet.serde.TestParquetTimestampsHive2Compatibility" time="0"/>
  <testcase name="testWriteHive2ReadHive4UsingLegacyConversion(String)[226]" classname="org.apache.hadoop.hive.ql.io.parquet.serde.TestParquetTimestampsHive2Compatibility" time="0"/>
  <testcase name="testWriteHive2ReadHive4UsingLegacyConversion(String)[227]" classname="org.apache.hadoop.hive.ql.io.parquet.serde.TestParquetTimestampsHive2Compatibility" time="0.001"/>
  <testcase name="testWriteHive2ReadHive4UsingLegacyConversion(String)[228]" classname="org.apache.hadoop.hive.ql.io.parquet.serde.TestParquetTimestampsHive2Compatibility" time="0.001"/>
  <testcase name="testWriteHive2ReadHive4UsingLegacyConversion(String)[229]" classname="org.apache.hadoop.hive.ql.io.parquet.serde.TestParquetTimestampsHive2Compatibility" time="0"/>
  <testcase name="testWriteHive2ReadHive4UsingLegacyConversion(String)[230]" classname="org.apache.hadoop.hive.ql.io.parquet.serde.TestParquetTimestampsHive2Compatibility" time="0.001"/>
  <testcase name="testWriteHive2ReadHive4UsingLegacyConversion(String)[231]" classname="org.apache.hadoop.hive.ql.io.parquet.serde.TestParquetTimestampsHive2Compatibility" time="0.001"/>
  <testcase name="testWriteHive2ReadHive4UsingLegacyConversion(String)[232]" classname="org.apache.hadoop.hive.ql.io.parquet.serde.TestParquetTimestampsHive2Compatibility" time="0"/>
  <testcase name="testWriteHive2ReadHive4UsingLegacyConversion(String)[233]" classname="org.apache.hadoop.hive.ql.io.parquet.serde.TestParquetTimestampsHive2Compatibility" time="0.001"/>
  <testcase name="testWriteHive2ReadHive4UsingLegacyConversion(String)[234]" classname="org.apache.hadoop.hive.ql.io.parquet.serde.TestParquetTimestampsHive2Compatibility" time="0.001"/>
  <testcase name="testWriteHive2ReadHive4UsingLegacyConversion(String)[235]" classname="org.apache.hadoop.hive.ql.io.parquet.serde.TestParquetTimestampsHive2Compatibility" time="0.001"/>
  <testcase name="testWriteHive2ReadHive4UsingLegacyConversion(String)[236]" classname="org.apache.hadoop.hive.ql.io.parquet.serde.TestParquetTimestampsHive2Compatibility" time="0.001"/>
  <testcase name="testWriteHive2ReadHive4UsingLegacyConversion(String)[237]" classname="org.apache.hadoop.hive.ql.io.parquet.serde.TestParquetTimestampsHive2Compatibility" time="0.002"/>
  <testcase name="testWriteHive2ReadHive4UsingLegacyConversion(String)[238]" classname="org.apache.hadoop.hive.ql.io.parquet.serde.TestParquetTimestampsHive2Compatibility" time="0.002"/>
  <testcase name="testWriteHive2ReadHive4UsingLegacyConversion(String)[239]" classname="org.apache.hadoop.hive.ql.io.parquet.serde.TestParquetTimestampsHive2Compatibility" time="0.001"/>
  <testcase name="testWriteHive2ReadHive4UsingLegacyConversion(String)[240]" classname="org.apache.hadoop.hive.ql.io.parquet.serde.TestParquetTimestampsHive2Compatibility" time="0.002"/>
  <testcase name="testWriteHive2ReadHive4UsingLegacyConversion(String)[241]" classname="org.apache.hadoop.hive.ql.io.parquet.serde.TestParquetTimestampsHive2Compatibility" time="0.001"/>
  <testcase name="testWriteHive2ReadHive4UsingLegacyConversion(String)[242]" classname="org.apache.hadoop.hive.ql.io.parquet.serde.TestParquetTimestampsHive2Compatibility" time="0.001"/>
  <testcase name="testWriteHive2ReadHive4UsingLegacyConversion(String)[243]" classname="org.apache.hadoop.hive.ql.io.parquet.serde.TestParquetTimestampsHive2Compatibility" time="0.002"/>
  <testcase name="testWriteHive2ReadHive4UsingLegacyConversion(String)[244]" classname="org.apache.hadoop.hive.ql.io.parquet.serde.TestParquetTimestampsHive2Compatibility" time="0.001"/>
  <testcase name="testWriteHive2ReadHive4UsingLegacyConversion(String)[245]" classname="org.apache.hadoop.hive.ql.io.parquet.serde.TestParquetTimestampsHive2Compatibility" time="0.003"/>
  <testcase name="testWriteHive2ReadHive4UsingLegacyConversion(String)[246]" classname="org.apache.hadoop.hive.ql.io.parquet.serde.TestParquetTimestampsHive2Compatibility" time="0.001"/>
  <testcase name="testWriteHive2ReadHive4UsingLegacyConversion(String)[247]" classname="org.apache.hadoop.hive.ql.io.parquet.serde.TestParquetTimestampsHive2Compatibility" time="0"/>
  <testcase name="testWriteHive2ReadHive4UsingLegacyConversion(String)[248]" classname="org.apache.hadoop.hive.ql.io.parquet.serde.TestParquetTimestampsHive2Compatibility" time="0"/>
  <testcase name="testWriteHive2ReadHive4UsingLegacyConversion(String)[249]" classname="org.apache.hadoop.hive.ql.io.parquet.serde.TestParquetTimestampsHive2Compatibility" time="0"/>
  <testcase name="testWriteHive2ReadHive4UsingLegacyConversion(String)[250]" classname="org.apache.hadoop.hive.ql.io.parquet.serde.TestParquetTimestampsHive2Compatibility" time="0.001"/>
  <testcase name="testWriteHive2ReadHive4UsingLegacyConversion(String)[251]" classname="org.apache.hadoop.hive.ql.io.parquet.serde.TestParquetTimestampsHive2Compatibility" time="0.001"/>
  <testcase name="testWriteHive2ReadHive4UsingLegacyConversion(String)[252]" classname="org.apache.hadoop.hive.ql.io.parquet.serde.TestParquetTimestampsHive2Compatibility" time="0.001"/>
  <testcase name="testWriteHive2ReadHive4UsingLegacyConversion(String)[253]" classname="org.apache.hadoop.hive.ql.io.parquet.serde.TestParquetTimestampsHive2Compatibility" time="0.001"/>
  <testcase name="testWriteHive2ReadHive4UsingLegacyConversion(String)[254]" classname="org.apache.hadoop.hive.ql.io.parquet.serde.TestParquetTimestampsHive2Compatibility" time="0"/>
  <testcase name="testWriteHive2ReadHive4UsingLegacyConversion(String)[255]" classname="org.apache.hadoop.hive.ql.io.parquet.serde.TestParquetTimestampsHive2Compatibility" time="0"/>
  <testcase name="testWriteHive2ReadHive4UsingLegacyConversion(String)[256]" classname="org.apache.hadoop.hive.ql.io.parquet.serde.TestParquetTimestampsHive2Compatibility" time="0.001"/>
  <testcase name="testWriteHive2ReadHive4UsingLegacyConversion(String)[257]" classname="org.apache.hadoop.hive.ql.io.parquet.serde.TestParquetTimestampsHive2Compatibility" time="0"/>
  <testcase name="testWriteHive2ReadHive4UsingLegacyConversion(String)[258]" classname="org.apache.hadoop.hive.ql.io.parquet.serde.TestParquetTimestampsHive2Compatibility" time="0.001"/>
  <testcase name="testWriteHive2ReadHive4UsingLegacyConversion(String)[259]" classname="org.apache.hadoop.hive.ql.io.parquet.serde.TestParquetTimestampsHive2Compatibility" time="0.001"/>
  <testcase name="testWriteHive2ReadHive4UsingLegacyConversion(String)[260]" classname="org.apache.hadoop.hive.ql.io.parquet.serde.TestParquetTimestampsHive2Compatibility" time="0"/>
  <testcase name="testWriteHive2ReadHive4UsingLegacyConversion(String)[261]" classname="org.apache.hadoop.hive.ql.io.parquet.serde.TestParquetTimestampsHive2Compatibility" time="0"/>
  <testcase name="testWriteHive2ReadHive4UsingLegacyConversion(String)[262]" classname="org.apache.hadoop.hive.ql.io.parquet.serde.TestParquetTimestampsHive2Compatibility" time="0.001"/>
  <testcase name="testWriteHive2ReadHive4UsingLegacyConversion(String)[263]" classname="org.apache.hadoop.hive.ql.io.parquet.serde.TestParquetTimestampsHive2Compatibility" time="0.001"/>
  <testcase name="testWriteHive2ReadHive4UsingLegacyConversion(String)[264]" classname="org.apache.hadoop.hive.ql.io.parquet.serde.TestParquetTimestampsHive2Compatibility" time="0.001"/>
  <testcase name="testWriteHive2ReadHive4UsingLegacyConversion(String)[265]" classname="org.apache.hadoop.hive.ql.io.parquet.serde.TestParquetTimestampsHive2Compatibility" time="0"/>
  <testcase name="testWriteHive2ReadHive4UsingLegacyConversion(String)[266]" classname="org.apache.hadoop.hive.ql.io.parquet.serde.TestParquetTimestampsHive2Compatibility" time="0.001"/>
  <testcase name="testWriteHive2ReadHive4UsingLegacyConversion(String)[267]" classname="org.apache.hadoop.hive.ql.io.parquet.serde.TestParquetTimestampsHive2Compatibility" time="0.001"/>
  <testcase name="testWriteHive2ReadHive4UsingLegacyConversion(String)[268]" classname="org.apache.hadoop.hive.ql.io.parquet.serde.TestParquetTimestampsHive2Compatibility" time="0.001"/>
  <testcase name="testWriteHive2ReadHive4UsingLegacyConversion(String)[269]" classname="org.apache.hadoop.hive.ql.io.parquet.serde.TestParquetTimestampsHive2Compatibility" time="0.001"/>
  <testcase name="testWriteHive2ReadHive4UsingLegacyConversion(String)[270]" classname="org.apache.hadoop.hive.ql.io.parquet.serde.TestParquetTimestampsHive2Compatibility" time="0"/>
  <testcase name="testWriteHive2ReadHive4UsingLegacyConversion(String)[271]" classname="org.apache.hadoop.hive.ql.io.parquet.serde.TestParquetTimestampsHive2Compatibility" time="0"/>
  <testcase name="testWriteHive2ReadHive4UsingLegacyConversion(String)[272]" classname="org.apache.hadoop.hive.ql.io.parquet.serde.TestParquetTimestampsHive2Compatibility" time="0"/>
  <testcase name="testWriteHive2ReadHive4UsingLegacyConversion(String)[273]" classname="org.apache.hadoop.hive.ql.io.parquet.serde.TestParquetTimestampsHive2Compatibility" time="0"/>
  <testcase name="testWriteHive2ReadHive4UsingLegacyConversion(String)[274]" classname="org.apache.hadoop.hive.ql.io.parquet.serde.TestParquetTimestampsHive2Compatibility" time="0.001"/>
  <testcase name="testWriteHive2ReadHive4UsingLegacyConversion(String)[275]" classname="org.apache.hadoop.hive.ql.io.parquet.serde.TestParquetTimestampsHive2Compatibility" time="0"/>
  <testcase name="testWriteHive2ReadHive4UsingLegacyConversion(String)[276]" classname="org.apache.hadoop.hive.ql.io.parquet.serde.TestParquetTimestampsHive2Compatibility" time="0"/>
  <testcase name="testWriteHive2ReadHive4UsingLegacyConversion(String)[277]" classname="org.apache.hadoop.hive.ql.io.parquet.serde.TestParquetTimestampsHive2Compatibility" time="0"/>
  <testcase name="testWriteHive2ReadHive4UsingLegacyConversion(String)[278]" classname="org.apache.hadoop.hive.ql.io.parquet.serde.TestParquetTimestampsHive2Compatibility" time="0"/>
  <testcase name="testWriteHive2ReadHive4UsingLegacyConversion(String)[279]" classname="org.apache.hadoop.hive.ql.io.parquet.serde.TestParquetTimestampsHive2Compatibility" time="0"/>
  <testcase name="testWriteHive2ReadHive4UsingLegacyConversion(String)[280]" classname="org.apache.hadoop.hive.ql.io.parquet.serde.TestParquetTimestampsHive2Compatibility" time="0"/>
  <testcase name="testWriteHive2ReadHive4UsingLegacyConversion(String)[281]" classname="org.apache.hadoop.hive.ql.io.parquet.serde.TestParquetTimestampsHive2Compatibility" time="0.001"/>
  <testcase name="testWriteHive2ReadHive4UsingLegacyConversion(String)[282]" classname="org.apache.hadoop.hive.ql.io.parquet.serde.TestParquetTimestampsHive2Compatibility" time="0.001"/>
  <testcase name="testWriteHive2ReadHive4UsingLegacyConversion(String)[283]" classname="org.apache.hadoop.hive.ql.io.parquet.serde.TestParquetTimestampsHive2Compatibility" time="0.001"/>
  <testcase name="testWriteHive2ReadHive4UsingLegacyConversion(String)[284]" classname="org.apache.hadoop.hive.ql.io.parquet.serde.TestParquetTimestampsHive2Compatibility" time="0"/>
  <testcase name="testWriteHive2ReadHive4UsingLegacyConversion(String)[285]" classname="org.apache.hadoop.hive.ql.io.parquet.serde.TestParquetTimestampsHive2Compatibility" time="0"/>
  <testcase name="testWriteHive2ReadHive4UsingLegacyConversion(String)[286]" classname="org.apache.hadoop.hive.ql.io.parquet.serde.TestParquetTimestampsHive2Compatibility" time="0"/>
  <testcase name="testWriteHive2ReadHive4UsingLegacyConversion(String)[287]" classname="org.apache.hadoop.hive.ql.io.parquet.serde.TestParquetTimestampsHive2Compatibility" time="0"/>
  <testcase name="testWriteHive2ReadHive4UsingLegacyConversion(String)[288]" classname="org.apache.hadoop.hive.ql.io.parquet.serde.TestParquetTimestampsHive2Compatibility" time="0"/>
  <testcase name="testWriteHive2ReadHive4UsingLegacyConversion(String)[289]" classname="org.apache.hadoop.hive.ql.io.parquet.serde.TestParquetTimestampsHive2Compatibility" time="0.001"/>
  <testcase name="testWriteHive2ReadHive4UsingLegacyConversion(String)[290]" classname="org.apache.hadoop.hive.ql.io.parquet.serde.TestParquetTimestampsHive2Compatibility" time="0.001"/>
  <testcase name="testWriteHive2ReadHive4UsingLegacyConversion(String)[291]" classname="org.apache.hadoop.hive.ql.io.parquet.serde.TestParquetTimestampsHive2Compatibility" time="0.001"/>
  <testcase name="testWriteHive2ReadHive4UsingLegacyConversion(String)[292]" classname="org.apache.hadoop.hive.ql.io.parquet.serde.TestParquetTimestampsHive2Compatibility" time="0.001"/>
  <testcase name="testWriteHive2ReadHive4UsingLegacyConversion(String)[293]" classname="org.apache.hadoop.hive.ql.io.parquet.serde.TestParquetTimestampsHive2Compatibility" time="0.001"/>
  <testcase name="testWriteHive2ReadHive4UsingLegacyConversion(String)[294]" classname="org.apache.hadoop.hive.ql.io.parquet.serde.TestParquetTimestampsHive2Compatibility" time="0.001"/>
  <testcase name="testWriteHive2ReadHive4UsingLegacyConversion(String)[295]" classname="org.apache.hadoop.hive.ql.io.parquet.serde.TestParquetTimestampsHive2Compatibility" time="0"/>
  <testcase name="testWriteHive2ReadHive4UsingLegacyConversion(String)[296]" classname="org.apache.hadoop.hive.ql.io.parquet.serde.TestParquetTimestampsHive2Compatibility" time="0"/>
  <testcase name="testWriteHive2ReadHive4UsingLegacyConversion(String)[297]" classname="org.apache.hadoop.hive.ql.io.parquet.serde.TestParquetTimestampsHive2Compatibility" time="0"/>
  <testcase name="testWriteHive2ReadHive4UsingLegacyConversion(String)[298]" classname="org.apache.hadoop.hive.ql.io.parquet.serde.TestParquetTimestampsHive2Compatibility" time="0"/>
  <testcase name="testWriteHive2ReadHive4UsingLegacyConversion(String)[299]" classname="org.apache.hadoop.hive.ql.io.parquet.serde.TestParquetTimestampsHive2Compatibility" time="0.001"/>
  <testcase name="testWriteHive2ReadHive4UsingLegacyConversion(String)[300]" classname="org.apache.hadoop.hive.ql.io.parquet.serde.TestParquetTimestampsHive2Compatibility" time="0"/>
  <testcase name="testWriteHive2ReadHive4UsingLegacyConversion(String)[301]" classname="org.apache.hadoop.hive.ql.io.parquet.serde.TestParquetTimestampsHive2Compatibility" time="0"/>
  <testcase name="testWriteHive2ReadHive4UsingLegacyConversion(String)[302]" classname="org.apache.hadoop.hive.ql.io.parquet.serde.TestParquetTimestampsHive2Compatibility" time="0"/>
  <testcase name="testWriteHive2ReadHive4UsingLegacyConversion(String)[303]" classname="org.apache.hadoop.hive.ql.io.parquet.serde.TestParquetTimestampsHive2Compatibility" time="0.001"/>
  <testcase name="testWriteHive2ReadHive4UsingLegacyConversion(String)[304]" classname="org.apache.hadoop.hive.ql.io.parquet.serde.TestParquetTimestampsHive2Compatibility" time="0.001"/>
  <testcase name="testWriteHive2ReadHive4UsingLegacyConversion(String)[305]" classname="org.apache.hadoop.hive.ql.io.parquet.serde.TestParquetTimestampsHive2Compatibility" time="0"/>
  <testcase name="testWriteHive2ReadHive4UsingLegacyConversion(String)[306]" classname="org.apache.hadoop.hive.ql.io.parquet.serde.TestParquetTimestampsHive2Compatibility" time="0"/>
  <testcase name="testWriteHive2ReadHive4UsingLegacyConversion(String)[307]" classname="org.apache.hadoop.hive.ql.io.parquet.serde.TestParquetTimestampsHive2Compatibility" time="0.001"/>
  <testcase name="testWriteHive2ReadHive4UsingLegacyConversion(String)[308]" classname="org.apache.hadoop.hive.ql.io.parquet.serde.TestParquetTimestampsHive2Compatibility" time="0"/>
  <testcase name="testWriteHive2ReadHive4UsingLegacyConversion(String)[309]" classname="org.apache.hadoop.hive.ql.io.parquet.serde.TestParquetTimestampsHive2Compatibility" time="0"/>
  <testcase name="testWriteHive2ReadHive4UsingLegacyConversion(String)[310]" classname="org.apache.hadoop.hive.ql.io.parquet.serde.TestParquetTimestampsHive2Compatibility" time="0"/>
  <testcase name="testWriteHive2ReadHive4UsingLegacyConversion(String)[311]" classname="org.apache.hadoop.hive.ql.io.parquet.serde.TestParquetTimestampsHive2Compatibility" time="0"/>
  <testcase name="testWriteHive2ReadHive4UsingLegacyConversion(String)[312]" classname="org.apache.hadoop.hive.ql.io.parquet.serde.TestParquetTimestampsHive2Compatibility" time="0"/>
  <testcase name="testWriteHive2ReadHive4UsingLegacyConversion(String)[313]" classname="org.apache.hadoop.hive.ql.io.parquet.serde.TestParquetTimestampsHive2Compatibility" time="0"/>
  <testcase name="testWriteHive2ReadHive4UsingLegacyConversion(String)[314]" classname="org.apache.hadoop.hive.ql.io.parquet.serde.TestParquetTimestampsHive2Compatibility" time="0"/>
  <testcase name="testWriteHive2ReadHive4UsingLegacyConversion(String)[315]" classname="org.apache.hadoop.hive.ql.io.parquet.serde.TestParquetTimestampsHive2Compatibility" time="0.001"/>
  <testcase name="testWriteHive2ReadHive4UsingLegacyConversion(String)[316]" classname="org.apache.hadoop.hive.ql.io.parquet.serde.TestParquetTimestampsHive2Compatibility" time="0.001"/>
  <testcase name="testWriteHive2ReadHive4UsingLegacyConversion(String)[317]" classname="org.apache.hadoop.hive.ql.io.parquet.serde.TestParquetTimestampsHive2Compatibility" time="0.001"/>
  <testcase name="testWriteHive2ReadHive4UsingLegacyConversion(String)[318]" classname="org.apache.hadoop.hive.ql.io.parquet.serde.TestParquetTimestampsHive2Compatibility" time="0.001"/>
  <testcase name="testWriteHive2ReadHive4UsingLegacyConversion(String)[319]" classname="org.apache.hadoop.hive.ql.io.parquet.serde.TestParquetTimestampsHive2Compatibility" time="0.001"/>
  <testcase name="testWriteHive2ReadHive4UsingLegacyConversion(String)[320]" classname="org.apache.hadoop.hive.ql.io.parquet.serde.TestParquetTimestampsHive2Compatibility" time="0"/>
  <testcase name="testWriteHive2ReadHive4UsingLegacyConversion(String)[321]" classname="org.apache.hadoop.hive.ql.io.parquet.serde.TestParquetTimestampsHive2Compatibility" time="0"/>
  <testcase name="testWriteHive2ReadHive4UsingLegacyConversion(String)[322]" classname="org.apache.hadoop.hive.ql.io.parquet.serde.TestParquetTimestampsHive2Compatibility" time="0.001"/>
  <testcase name="testWriteHive2ReadHive4UsingLegacyConversion(String)[323]" classname="org.apache.hadoop.hive.ql.io.parquet.serde.TestParquetTimestampsHive2Compatibility" time="0"/>
  <testcase name="testWriteHive2ReadHive4UsingLegacyConversion(String)[324]" classname="org.apache.hadoop.hive.ql.io.parquet.serde.TestParquetTimestampsHive2Compatibility" time="0"/>
  <testcase name="testWriteHive2ReadHive4UsingLegacyConversion(String)[325]" classname="org.apache.hadoop.hive.ql.io.parquet.serde.TestParquetTimestampsHive2Compatibility" time="0"/>
  <testcase name="testWriteHive2ReadHive4UsingLegacyConversion(String)[326]" classname="org.apache.hadoop.hive.ql.io.parquet.serde.TestParquetTimestampsHive2Compatibility" time="0.001"/>
  <testcase name="testWriteHive2ReadHive4UsingLegacyConversion(String)[327]" classname="org.apache.hadoop.hive.ql.io.parquet.serde.TestParquetTimestampsHive2Compatibility" time="0.001"/>
  <testcase name="testWriteHive2ReadHive4UsingLegacyConversion(String)[328]" classname="org.apache.hadoop.hive.ql.io.parquet.serde.TestParquetTimestampsHive2Compatibility" time="0.001"/>
  <testcase name="testWriteHive2ReadHive4UsingLegacyConversion(String)[329]" classname="org.apache.hadoop.hive.ql.io.parquet.serde.TestParquetTimestampsHive2Compatibility" time="0"/>
  <testcase name="testWriteHive2ReadHive4UsingLegacyConversion(String)[330]" classname="org.apache.hadoop.hive.ql.io.parquet.serde.TestParquetTimestampsHive2Compatibility" time="0"/>
  <testcase name="testWriteHive2ReadHive4UsingLegacyConversion(String)[331]" classname="org.apache.hadoop.hive.ql.io.parquet.serde.TestParquetTimestampsHive2Compatibility" time="0"/>
  <testcase name="testWriteHive2ReadHive4UsingLegacyConversion(String)[332]" classname="org.apache.hadoop.hive.ql.io.parquet.serde.TestParquetTimestampsHive2Compatibility" time="0"/>
  <testcase name="testWriteHive2ReadHive4UsingLegacyConversion(String)[333]" classname="org.apache.hadoop.hive.ql.io.parquet.serde.TestParquetTimestampsHive2Compatibility" time="0"/>
  <testcase name="testWriteHive2ReadHive4UsingLegacyConversion(String)[334]" classname="org.apache.hadoop.hive.ql.io.parquet.serde.TestParquetTimestampsHive2Compatibility" time="0"/>
  <testcase name="testWriteHive2ReadHive4UsingLegacyConversion(String)[335]" classname="org.apache.hadoop.hive.ql.io.parquet.serde.TestParquetTimestampsHive2Compatibility" time="0"/>
  <testcase name="testWriteHive2ReadHive4UsingLegacyConversion(String)[336]" classname="org.apache.hadoop.hive.ql.io.parquet.serde.TestParquetTimestampsHive2Compatibility" time="0"/>
  <testcase name="testWriteHive2ReadHive4UsingLegacyConversion(String)[337]" classname="org.apache.hadoop.hive.ql.io.parquet.serde.TestParquetTimestampsHive2Compatibility" time="0"/>
  <testcase name="testWriteHive2ReadHive4UsingLegacyConversion(String)[338]" classname="org.apache.hadoop.hive.ql.io.parquet.serde.TestParquetTimestampsHive2Compatibility" time="0"/>
  <testcase name="testWriteHive2ReadHive4UsingLegacyConversion(String)[339]" classname="org.apache.hadoop.hive.ql.io.parquet.serde.TestParquetTimestampsHive2Compatibility" time="0"/>
  <testcase name="testWriteHive2ReadHive4UsingLegacyConversion(String)[340]" classname="org.apache.hadoop.hive.ql.io.parquet.serde.TestParquetTimestampsHive2Compatibility" time="0"/>
  <testcase name="testWriteHive2ReadHive4UsingLegacyConversion(String)[341]" classname="org.apache.hadoop.hive.ql.io.parquet.serde.TestParquetTimestampsHive2Compatibility" time="0"/>
  <testcase name="testWriteHive2ReadHive4UsingLegacyConversion(String)[342]" classname="org.apache.hadoop.hive.ql.io.parquet.serde.TestParquetTimestampsHive2Compatibility" time="0"/>
  <testcase name="testWriteHive2ReadHive4UsingLegacyConversion(String)[343]" classname="org.apache.hadoop.hive.ql.io.parquet.serde.TestParquetTimestampsHive2Compatibility" time="0.001"/>
  <testcase name="testWriteHive2ReadHive4UsingLegacyConversion(String)[344]" classname="org.apache.hadoop.hive.ql.io.parquet.serde.TestParquetTimestampsHive2Compatibility" time="0.001"/>
  <testcase name="testWriteHive2ReadHive4UsingLegacyConversion(String)[345]" classname="org.apache.hadoop.hive.ql.io.parquet.serde.TestParquetTimestampsHive2Compatibility" time="0.001"/>
  <testcase name="testWriteHive2ReadHive4UsingLegacyConversion(String)[346]" classname="org.apache.hadoop.hive.ql.io.parquet.serde.TestParquetTimestampsHive2Compatibility" time="0"/>
  <testcase name="testWriteHive2ReadHive4UsingLegacyConversion(String)[347]" classname="org.apache.hadoop.hive.ql.io.parquet.serde.TestParquetTimestampsHive2Compatibility" time="0"/>
  <testcase name="testWriteHive2ReadHive4UsingLegacyConversion(String)[348]" classname="org.apache.hadoop.hive.ql.io.parquet.serde.TestParquetTimestampsHive2Compatibility" time="0"/>
  <testcase name="testWriteHive2ReadHive4UsingLegacyConversion(String)[349]" classname="org.apache.hadoop.hive.ql.io.parquet.serde.TestParquetTimestampsHive2Compatibility" time="0.001"/>
  <testcase name="testWriteHive2ReadHive4UsingLegacyConversion(String)[350]" classname="org.apache.hadoop.hive.ql.io.parquet.serde.TestParquetTimestampsHive2Compatibility" time="0.001"/>
  <testcase name="testWriteHive2ReadHive4UsingLegacyConversion(String)[351]" classname="org.apache.hadoop.hive.ql.io.parquet.serde.TestParquetTimestampsHive2Compatibility" time="0"/>
  <testcase name="testWriteHive2ReadHive4UsingLegacyConversion(String)[352]" classname="org.apache.hadoop.hive.ql.io.parquet.serde.TestParquetTimestampsHive2Compatibility" time="0"/>
  <testcase name="testWriteHive2ReadHive4UsingLegacyConversion(String)[353]" classname="org.apache.hadoop.hive.ql.io.parquet.serde.TestParquetTimestampsHive2Compatibility" time="0.001"/>
  <testcase name="testWriteHive2ReadHive4UsingLegacyConversion(String)[354]" classname="org.apache.hadoop.hive.ql.io.parquet.serde.TestParquetTimestampsHive2Compatibility" time="0.001"/>
  <testcase name="testWriteHive2ReadHive4UsingLegacyConversion(String)[355]" classname="org.apache.hadoop.hive.ql.io.parquet.serde.TestParquetTimestampsHive2Compatibility" time="0.001"/>
  <testcase name="testWriteHive2ReadHive4UsingLegacyConversion(String)[356]" classname="org.apache.hadoop.hive.ql.io.parquet.serde.TestParquetTimestampsHive2Compatibility" time="0"/>
  <testcase name="testWriteHive2ReadHive4UsingLegacyConversion(String)[357]" classname="org.apache.hadoop.hive.ql.io.parquet.serde.TestParquetTimestampsHive2Compatibility" time="0"/>
  <testcase name="testWriteHive2ReadHive4UsingLegacyConversion(String)[358]" classname="org.apache.hadoop.hive.ql.io.parquet.serde.TestParquetTimestampsHive2Compatibility" time="0"/>
  <testcase name="testWriteHive2ReadHive4UsingLegacyConversion(String)[359]" classname="org.apache.hadoop.hive.ql.io.parquet.serde.TestParquetTimestampsHive2Compatibility" time="0.001"/>
  <testcase name="testWriteHive2ReadHive4UsingLegacyConversion(String)[360]" classname="org.apache.hadoop.hive.ql.io.parquet.serde.TestParquetTimestampsHive2Compatibility" time="0.001"/>
  <testcase name="testWriteHive2ReadHive4UsingLegacyConversion(String)[361]" classname="org.apache.hadoop.hive.ql.io.parquet.serde.TestParquetTimestampsHive2Compatibility" time="0.001"/>
  <testcase name="testWriteHive2ReadHive4UsingLegacyConversion(String)[362]" classname="org.apache.hadoop.hive.ql.io.parquet.serde.TestParquetTimestampsHive2Compatibility" time="0.001"/>
  <testcase name="testWriteHive2ReadHive4UsingLegacyConversion(String)[363]" classname="org.apache.hadoop.hive.ql.io.parquet.serde.TestParquetTimestampsHive2Compatibility" time="0.001"/>
  <testcase name="testWriteHive2ReadHive4UsingLegacyConversion(String)[364]" classname="org.apache.hadoop.hive.ql.io.parquet.serde.TestParquetTimestampsHive2Compatibility" time="0"/>
  <testcase name="testWriteHive2ReadHive4UsingLegacyConversion(String)[365]" classname="org.apache.hadoop.hive.ql.io.parquet.serde.TestParquetTimestampsHive2Compatibility" time="0"/>
  <testcase name="testWriteHive2ReadHive4UsingLegacyConversion(String)[366]" classname="org.apache.hadoop.hive.ql.io.parquet.serde.TestParquetTimestampsHive2Compatibility" time="0"/>
  <testcase name="testWriteHive2ReadHive4UsingLegacyConversion(String)[367]" classname="org.apache.hadoop.hive.ql.io.parquet.serde.TestParquetTimestampsHive2Compatibility" time="0"/>
  <testcase name="testWriteHive2ReadHive4UsingLegacyConversion(String)[368]" classname="org.apache.hadoop.hive.ql.io.parquet.serde.TestParquetTimestampsHive2Compatibility" time="0"/>
  <testcase name="testWriteHive2ReadHive4UsingLegacyConversion(String)[369]" classname="org.apache.hadoop.hive.ql.io.parquet.serde.TestParquetTimestampsHive2Compatibility" time="0.001"/>
  <testcase name="testWriteHive2ReadHive4UsingLegacyConversion(String)[370]" classname="org.apache.hadoop.hive.ql.io.parquet.serde.TestParquetTimestampsHive2Compatibility" time="0"/>
  <testcase name="testWriteHive2ReadHive4UsingLegacyConversion(String)[371]" classname="org.apache.hadoop.hive.ql.io.parquet.serde.TestParquetTimestampsHive2Compatibility" time="0"/>
  <testcase name="testWriteHive2ReadHive4UsingLegacyConversion(String)[372]" classname="org.apache.hadoop.hive.ql.io.parquet.serde.TestParquetTimestampsHive2Compatibility" time="0"/>
  <testcase name="testWriteHive2ReadHive4UsingLegacyConversion(String)[373]" classname="org.apache.hadoop.hive.ql.io.parquet.serde.TestParquetTimestampsHive2Compatibility" time="0"/>
  <testcase name="testWriteHive2ReadHive4UsingLegacyConversion(String)[374]" classname="org.apache.hadoop.hive.ql.io.parquet.serde.TestParquetTimestampsHive2Compatibility" time="0"/>
  <testcase name="testWriteHive2ReadHive4UsingLegacyConversion(String)[375]" classname="org.apache.hadoop.hive.ql.io.parquet.serde.TestParquetTimestampsHive2Compatibility" time="0.001"/>
  <testcase name="testWriteHive2ReadHive4UsingLegacyConversion(String)[376]" classname="org.apache.hadoop.hive.ql.io.parquet.serde.TestParquetTimestampsHive2Compatibility" time="0.001"/>
  <testcase name="testWriteHive2ReadHive4UsingLegacyConversion(String)[377]" classname="org.apache.hadoop.hive.ql.io.parquet.serde.TestParquetTimestampsHive2Compatibility" time="0"/>
  <testcase name="testWriteHive2ReadHive4UsingLegacyConversion(String)[378]" classname="org.apache.hadoop.hive.ql.io.parquet.serde.TestParquetTimestampsHive2Compatibility" time="0"/>
  <testcase name="testWriteHive2ReadHive4UsingLegacyConversion(String)[379]" classname="org.apache.hadoop.hive.ql.io.parquet.serde.TestParquetTimestampsHive2Compatibility" time="0"/>
  <testcase name="testWriteHive2ReadHive4UsingLegacyConversion(String)[380]" classname="org.apache.hadoop.hive.ql.io.parquet.serde.TestParquetTimestampsHive2Compatibility" time="0"/>
  <testcase name="testWriteHive2ReadHive4UsingLegacyConversion(String)[381]" classname="org.apache.hadoop.hive.ql.io.parquet.serde.TestParquetTimestampsHive2Compatibility" time="0.001"/>
  <testcase name="testWriteHive2ReadHive4UsingLegacyConversion(String)[382]" classname="org.apache.hadoop.hive.ql.io.parquet.serde.TestParquetTimestampsHive2Compatibility" time="0.001"/>
  <testcase name="testWriteHive2ReadHive4UsingLegacyConversion(String)[383]" classname="org.apache.hadoop.hive.ql.io.parquet.serde.TestParquetTimestampsHive2Compatibility" time="0.001"/>
  <testcase name="testWriteHive2ReadHive4UsingLegacyConversion(String)[384]" classname="org.apache.hadoop.hive.ql.io.parquet.serde.TestParquetTimestampsHive2Compatibility" time="0.001"/>
  <testcase name="testWriteHive2ReadHive4UsingLegacyConversion(String)[385]" classname="org.apache.hadoop.hive.ql.io.parquet.serde.TestParquetTimestampsHive2Compatibility" time="0"/>
  <testcase name="testWriteHive2ReadHive4UsingLegacyConversion(String)[386]" classname="org.apache.hadoop.hive.ql.io.parquet.serde.TestParquetTimestampsHive2Compatibility" time="0"/>
  <testcase name="testWriteHive2ReadHive4UsingLegacyConversion(String)[387]" classname="org.apache.hadoop.hive.ql.io.parquet.serde.TestParquetTimestampsHive2Compatibility" time="0"/>
  <testcase name="testWriteHive2ReadHive4UsingLegacyConversion(String)[388]" classname="org.apache.hadoop.hive.ql.io.parquet.serde.TestParquetTimestampsHive2Compatibility" time="0"/>
  <testcase name="testWriteHive2ReadHive4UsingLegacyConversion(String)[389]" classname="org.apache.hadoop.hive.ql.io.parquet.serde.TestParquetTimestampsHive2Compatibility" time="0"/>
  <testcase name="testWriteHive2ReadHive4UsingLegacyConversion(String)[390]" classname="org.apache.hadoop.hive.ql.io.parquet.serde.TestParquetTimestampsHive2Compatibility" time="0.001"/>
  <testcase name="testWriteHive2ReadHive4UsingLegacyConversion(String)[391]" classname="org.apache.hadoop.hive.ql.io.parquet.serde.TestParquetTimestampsHive2Compatibility" time="0.001"/>
  <testcase name="testWriteHive2ReadHive4UsingLegacyConversion(String)[392]" classname="org.apache.hadoop.hive.ql.io.parquet.serde.TestParquetTimestampsHive2Compatibility" time="0"/>
  <testcase name="testWriteHive2ReadHive4UsingLegacyConversion(String)[393]" classname="org.apache.hadoop.hive.ql.io.parquet.serde.TestParquetTimestampsHive2Compatibility" time="0"/>
  <testcase name="testWriteHive2ReadHive4UsingLegacyConversion(String)[394]" classname="org.apache.hadoop.hive.ql.io.parquet.serde.TestParquetTimestampsHive2Compatibility" time="0"/>
  <testcase name="testWriteHive2ReadHive4UsingLegacyConversion(String)[395]" classname="org.apache.hadoop.hive.ql.io.parquet.serde.TestParquetTimestampsHive2Compatibility" time="0.001"/>
  <testcase name="testWriteHive2ReadHive4UsingLegacyConversion(String)[396]" classname="org.apache.hadoop.hive.ql.io.parquet.serde.TestParquetTimestampsHive2Compatibility" time="0.001"/>
  <testcase name="testWriteHive2ReadHive4UsingLegacyConversion(String)[397]" classname="org.apache.hadoop.hive.ql.io.parquet.serde.TestParquetTimestampsHive2Compatibility" time="0"/>
  <testcase name="testWriteHive2ReadHive4UsingLegacyConversion(String)[398]" classname="org.apache.hadoop.hive.ql.io.parquet.serde.TestParquetTimestampsHive2Compatibility" time="0.001"/>
  <testcase name="testWriteHive2ReadHive4UsingLegacyConversion(String)[399]" classname="org.apache.hadoop.hive.ql.io.parquet.serde.TestParquetTimestampsHive2Compatibility" time="0"/>
  <testcase name="testWriteHive2ReadHive4UsingLegacyConversion(String)[400]" classname="org.apache.hadoop.hive.ql.io.parquet.serde.TestParquetTimestampsHive2Compatibility" time="0"/>
  <testcase name="testWriteHive2ReadHive4UsingLegacyConversion(String)[401]" classname="org.apache.hadoop.hive.ql.io.parquet.serde.TestParquetTimestampsHive2Compatibility" time="0.001"/>
  <testcase name="testWriteHive2ReadHive4UsingLegacyConversion(String)[402]" classname="org.apache.hadoop.hive.ql.io.parquet.serde.TestParquetTimestampsHive2Compatibility" time="0.001"/>
  <testcase name="testWriteHive2ReadHive4UsingLegacyConversion(String)[403]" classname="org.apache.hadoop.hive.ql.io.parquet.serde.TestParquetTimestampsHive2Compatibility" time="0.001"/>
  <testcase name="testWriteHive2ReadHive4UsingLegacyConversion(String)[404]" classname="org.apache.hadoop.hive.ql.io.parquet.serde.TestParquetTimestampsHive2Compatibility" time="0"/>
  <testcase name="testWriteHive2ReadHive4UsingLegacyConversion(String)[405]" classname="org.apache.hadoop.hive.ql.io.parquet.serde.TestParquetTimestampsHive2Compatibility" time="0"/>
  <testcase name="testWriteHive2ReadHive4UsingLegacyConversion(String)[406]" classname="org.apache.hadoop.hive.ql.io.parquet.serde.TestParquetTimestampsHive2Compatibility" time="0"/>
  <testcase name="testWriteHive2ReadHive4UsingLegacyConversion(String)[407]" classname="org.apache.hadoop.hive.ql.io.parquet.serde.TestParquetTimestampsHive2Compatibility" time="0"/>
  <testcase name="testWriteHive2ReadHive4UsingLegacyConversion(String)[408]" classname="org.apache.hadoop.hive.ql.io.parquet.serde.TestParquetTimestampsHive2Compatibility" time="0"/>
  <testcase name="testWriteHive2ReadHive4UsingLegacyConversion(String)[409]" classname="org.apache.hadoop.hive.ql.io.parquet.serde.TestParquetTimestampsHive2Compatibility" time="0"/>
  <testcase name="testWriteHive2ReadHive4UsingLegacyConversion(String)[410]" classname="org.apache.hadoop.hive.ql.io.parquet.serde.TestParquetTimestampsHive2Compatibility" time="0"/>
  <testcase name="testWriteHive2ReadHive4UsingLegacyConversion(String)[411]" classname="org.apache.hadoop.hive.ql.io.parquet.serde.TestParquetTimestampsHive2Compatibility" time="0"/>
  <testcase name="testWriteHive2ReadHive4UsingLegacyConversion(String)[412]" classname="org.apache.hadoop.hive.ql.io.parquet.serde.TestParquetTimestampsHive2Compatibility" time="0"/>
  <testcase name="testWriteHive2ReadHive4UsingLegacyConversion(String)[413]" classname="org.apache.hadoop.hive.ql.io.parquet.serde.TestParquetTimestampsHive2Compatibility" time="0"/>
  <testcase name="testWriteHive2ReadHive4UsingLegacyConversion(String)[414]" classname="org.apache.hadoop.hive.ql.io.parquet.serde.TestParquetTimestampsHive2Compatibility" time="0"/>
  <testcase name="testWriteHive2ReadHive4UsingLegacyConversion(String)[415]" classname="org.apache.hadoop.hive.ql.io.parquet.serde.TestParquetTimestampsHive2Compatibility" time="0"/>
  <testcase name="testWriteHive2ReadHive4UsingLegacyConversion(String)[416]" classname="org.apache.hadoop.hive.ql.io.parquet.serde.TestParquetTimestampsHive2Compatibility" time="0"/>
  <testcase name="testWriteHive2ReadHive4UsingLegacyConversion(String)[417]" classname="org.apache.hadoop.hive.ql.io.parquet.serde.TestParquetTimestampsHive2Compatibility" time="0"/>
  <testcase name="testWriteHive2ReadHive4UsingLegacyConversion(String)[418]" classname="org.apache.hadoop.hive.ql.io.parquet.serde.TestParquetTimestampsHive2Compatibility" time="0"/>
  <testcase name="testWriteHive2ReadHive4UsingLegacyConversion(String)[419]" classname="org.apache.hadoop.hive.ql.io.parquet.serde.TestParquetTimestampsHive2Compatibility" time="0.001"/>
  <testcase name="testWriteHive2ReadHive4UsingLegacyConversion(String)[420]" classname="org.apache.hadoop.hive.ql.io.parquet.serde.TestParquetTimestampsHive2Compatibility" time="0.001"/>
  <testcase name="testWriteHive2ReadHive4UsingLegacyConversion(String)[421]" classname="org.apache.hadoop.hive.ql.io.parquet.serde.TestParquetTimestampsHive2Compatibility" time="0"/>
  <testcase name="testWriteHive2ReadHive4UsingLegacyConversion(String)[422]" classname="org.apache.hadoop.hive.ql.io.parquet.serde.TestParquetTimestampsHive2Compatibility" time="0"/>
  <testcase name="testWriteHive2ReadHive4UsingLegacyConversion(String)[423]" classname="org.apache.hadoop.hive.ql.io.parquet.serde.TestParquetTimestampsHive2Compatibility" time="0"/>
  <testcase name="testWriteHive2ReadHive4UsingLegacyConversion(String)[424]" classname="org.apache.hadoop.hive.ql.io.parquet.serde.TestParquetTimestampsHive2Compatibility" time="0.001"/>
  <testcase name="testWriteHive2ReadHive4UsingLegacyConversion(String)[425]" classname="org.apache.hadoop.hive.ql.io.parquet.serde.TestParquetTimestampsHive2Compatibility" time="0"/>
  <testcase name="testWriteHive2ReadHive4UsingLegacyConversion(String)[426]" classname="org.apache.hadoop.hive.ql.io.parquet.serde.TestParquetTimestampsHive2Compatibility" time="0.001"/>
  <testcase name="testWriteHive2ReadHive4UsingLegacyConversion(String)[427]" classname="org.apache.hadoop.hive.ql.io.parquet.serde.TestParquetTimestampsHive2Compatibility" time="0"/>
  <testcase name="testWriteHive2ReadHive4UsingLegacyConversion(String)[428]" classname="org.apache.hadoop.hive.ql.io.parquet.serde.TestParquetTimestampsHive2Compatibility" time="0"/>
  <testcase name="testWriteHive2ReadHive4UsingLegacyConversion(String)[429]" classname="org.apache.hadoop.hive.ql.io.parquet.serde.TestParquetTimestampsHive2Compatibility" time="0"/>
  <testcase name="testWriteHive2ReadHive4UsingLegacyConversion(String)[430]" classname="org.apache.hadoop.hive.ql.io.parquet.serde.TestParquetTimestampsHive2Compatibility" time="0"/>
  <testcase name="testWriteHive2ReadHive4UsingLegacyConversion(String)[431]" classname="org.apache.hadoop.hive.ql.io.parquet.serde.TestParquetTimestampsHive2Compatibility" time="0.001"/>
  <testcase name="testWriteHive2ReadHive4UsingLegacyConversion(String)[432]" classname="org.apache.hadoop.hive.ql.io.parquet.serde.TestParquetTimestampsHive2Compatibility" time="0"/>
  <testcase name="testWriteHive2ReadHive4UsingLegacyConversion(String)[433]" classname="org.apache.hadoop.hive.ql.io.parquet.serde.TestParquetTimestampsHive2Compatibility" time="0.001"/>
  <testcase name="testWriteHive2ReadHive4UsingLegacyConversion(String)[434]" classname="org.apache.hadoop.hive.ql.io.parquet.serde.TestParquetTimestampsHive2Compatibility" time="0"/>
  <testcase name="testWriteHive2ReadHive4UsingLegacyConversion(String)[435]" classname="org.apache.hadoop.hive.ql.io.parquet.serde.TestParquetTimestampsHive2Compatibility" time="0"/>
  <testcase name="testWriteHive2ReadHive4UsingLegacyConversion(String)[436]" classname="org.apache.hadoop.hive.ql.io.parquet.serde.TestParquetTimestampsHive2Compatibility" time="0.001"/>
  <testcase name="testWriteHive2ReadHive4UsingLegacyConversion(String)[437]" classname="org.apache.hadoop.hive.ql.io.parquet.serde.TestParquetTimestampsHive2Compatibility" time="0.001"/>
  <testcase name="testWriteHive2ReadHive4UsingLegacyConversion(String)[438]" classname="org.apache.hadoop.hive.ql.io.parquet.serde.TestParquetTimestampsHive2Compatibility" time="0.001"/>
  <testcase name="testWriteHive2ReadHive4UsingLegacyConversion(String)[439]" classname="org.apache.hadoop.hive.ql.io.parquet.serde.TestParquetTimestampsHive2Compatibility" time="0"/>
  <testcase name="testWriteHive2ReadHive4UsingLegacyConversion(String)[440]" classname="org.apache.hadoop.hive.ql.io.parquet.serde.TestParquetTimestampsHive2Compatibility" time="0"/>
  <testcase name="testWriteHive2ReadHive4UsingLegacyConversion(String)[441]" classname="org.apache.hadoop.hive.ql.io.parquet.serde.TestParquetTimestampsHive2Compatibility" time="0.001"/>
  <testcase name="testWriteHive2ReadHive4UsingLegacyConversion(String)[442]" classname="org.apache.hadoop.hive.ql.io.parquet.serde.TestParquetTimestampsHive2Compatibility" time="0"/>
  <testcase name="testWriteHive2ReadHive4UsingLegacyConversion(String)[443]" classname="org.apache.hadoop.hive.ql.io.parquet.serde.TestParquetTimestampsHive2Compatibility" time="0"/>
  <testcase name="testWriteHive2ReadHive4UsingLegacyConversion(String)[444]" classname="org.apache.hadoop.hive.ql.io.parquet.serde.TestParquetTimestampsHive2Compatibility" time="0.001"/>
  <testcase name="testWriteHive2ReadHive4UsingLegacyConversion(String)[445]" classname="org.apache.hadoop.hive.ql.io.parquet.serde.TestParquetTimestampsHive2Compatibility" time="0"/>
  <testcase name="testWriteHive2ReadHive4UsingLegacyConversion(String)[446]" classname="org.apache.hadoop.hive.ql.io.parquet.serde.TestParquetTimestampsHive2Compatibility" time="0"/>
  <testcase name="testWriteHive2ReadHive4UsingLegacyConversion(String)[447]" classname="org.apache.hadoop.hive.ql.io.parquet.serde.TestParquetTimestampsHive2Compatibility" time="0.001"/>
  <testcase name="testWriteHive2ReadHive4UsingLegacyConversion(String)[448]" classname="org.apache.hadoop.hive.ql.io.parquet.serde.TestParquetTimestampsHive2Compatibility" time="0.001"/>
  <testcase name="testWriteHive2ReadHive4UsingLegacyConversion(String)[449]" classname="org.apache.hadoop.hive.ql.io.parquet.serde.TestParquetTimestampsHive2Compatibility" time="0.001"/>
  <testcase name="testWriteHive2ReadHive4UsingLegacyConversion(String)[450]" classname="org.apache.hadoop.hive.ql.io.parquet.serde.TestParquetTimestampsHive2Compatibility" time="0.001"/>
  <testcase name="testWriteHive2ReadHive4UsingLegacyConversion(String)[451]" classname="org.apache.hadoop.hive.ql.io.parquet.serde.TestParquetTimestampsHive2Compatibility" time="0"/>
  <testcase name="testWriteHive2ReadHive4UsingLegacyConversion(String)[452]" classname="org.apache.hadoop.hive.ql.io.parquet.serde.TestParquetTimestampsHive2Compatibility" time="0"/>
  <testcase name="testWriteHive2ReadHive4UsingLegacyConversion(String)[453]" classname="org.apache.hadoop.hive.ql.io.parquet.serde.TestParquetTimestampsHive2Compatibility" time="0.001"/>
  <testcase name="testWriteHive2ReadHive4UsingLegacyConversion(String)[454]" classname="org.apache.hadoop.hive.ql.io.parquet.serde.TestParquetTimestampsHive2Compatibility" time="0.001"/>
  <testcase name="testWriteHive2ReadHive4UsingLegacyConversion(String)[455]" classname="org.apache.hadoop.hive.ql.io.parquet.serde.TestParquetTimestampsHive2Compatibility" time="0.001"/>
  <testcase name="testWriteHive2ReadHive4UsingLegacyConversion(String)[456]" classname="org.apache.hadoop.hive.ql.io.parquet.serde.TestParquetTimestampsHive2Compatibility" time="0.001"/>
  <testcase name="testWriteHive2ReadHive4UsingLegacyConversion(String)[457]" classname="org.apache.hadoop.hive.ql.io.parquet.serde.TestParquetTimestampsHive2Compatibility" time="0.001"/>
  <testcase name="testWriteHive2ReadHive4UsingLegacyConversion(String)[458]" classname="org.apache.hadoop.hive.ql.io.parquet.serde.TestParquetTimestampsHive2Compatibility" time="0.001"/>
  <testcase name="testWriteHive2ReadHive4UsingLegacyConversion(String)[459]" classname="org.apache.hadoop.hive.ql.io.parquet.serde.TestParquetTimestampsHive2Compatibility" time="0"/>
  <testcase name="testWriteHive2ReadHive4UsingLegacyConversion(String)[460]" classname="org.apache.hadoop.hive.ql.io.parquet.serde.TestParquetTimestampsHive2Compatibility" time="0"/>
  <testcase name="testWriteHive2ReadHive4UsingLegacyConversion(String)[461]" classname="org.apache.hadoop.hive.ql.io.parquet.serde.TestParquetTimestampsHive2Compatibility" time="0.001"/>
  <testcase name="testWriteHive2ReadHive4UsingLegacyConversion(String)[462]" classname="org.apache.hadoop.hive.ql.io.parquet.serde.TestParquetTimestampsHive2Compatibility" time="0"/>
  <testcase name="testWriteHive2ReadHive4UsingLegacyConversion(String)[463]" classname="org.apache.hadoop.hive.ql.io.parquet.serde.TestParquetTimestampsHive2Compatibility" time="0"/>
  <testcase name="testWriteHive2ReadHive4UsingLegacyConversion(String)[464]" classname="org.apache.hadoop.hive.ql.io.parquet.serde.TestParquetTimestampsHive2Compatibility" time="0"/>
  <testcase name="testWriteHive2ReadHive4UsingLegacyConversion(String)[465]" classname="org.apache.hadoop.hive.ql.io.parquet.serde.TestParquetTimestampsHive2Compatibility" time="0"/>
  <testcase name="testWriteHive2ReadHive4UsingLegacyConversion(String)[466]" classname="org.apache.hadoop.hive.ql.io.parquet.serde.TestParquetTimestampsHive2Compatibility" time="0"/>
  <testcase name="testWriteHive2ReadHive4UsingLegacyConversion(String)[467]" classname="org.apache.hadoop.hive.ql.io.parquet.serde.TestParquetTimestampsHive2Compatibility" time="0.001"/>
  <testcase name="testWriteHive2ReadHive4UsingLegacyConversion(String)[468]" classname="org.apache.hadoop.hive.ql.io.parquet.serde.TestParquetTimestampsHive2Compatibility" time="0.001"/>
  <testcase name="testWriteHive2ReadHive4UsingLegacyConversion(String)[469]" classname="org.apache.hadoop.hive.ql.io.parquet.serde.TestParquetTimestampsHive2Compatibility" time="0.001"/>
  <testcase name="testWriteHive2ReadHive4UsingLegacyConversion(String)[470]" classname="org.apache.hadoop.hive.ql.io.parquet.serde.TestParquetTimestampsHive2Compatibility" time="0.001"/>
  <testcase name="testWriteHive2ReadHive4UsingLegacyConversion(String)[471]" classname="org.apache.hadoop.hive.ql.io.parquet.serde.TestParquetTimestampsHive2Compatibility" time="0.001"/>
  <testcase name="testWriteHive2ReadHive4UsingLegacyConversion(String)[472]" classname="org.apache.hadoop.hive.ql.io.parquet.serde.TestParquetTimestampsHive2Compatibility" time="0.001"/>
  <testcase name="testWriteHive2ReadHive4UsingLegacyConversion(String)[473]" classname="org.apache.hadoop.hive.ql.io.parquet.serde.TestParquetTimestampsHive2Compatibility" time="0.001"/>
  <testcase name="testWriteHive2ReadHive4UsingLegacyConversion(String)[474]" classname="org.apache.hadoop.hive.ql.io.parquet.serde.TestParquetTimestampsHive2Compatibility" time="0.001"/>
  <testcase name="testWriteHive2ReadHive4UsingLegacyConversion(String)[475]" classname="org.apache.hadoop.hive.ql.io.parquet.serde.TestParquetTimestampsHive2Compatibility" time="0.001"/>
  <testcase name="testWriteHive2ReadHive4UsingLegacyConversion(String)[476]" classname="org.apache.hadoop.hive.ql.io.parquet.serde.TestParquetTimestampsHive2Compatibility" time="0"/>
  <testcase name="testWriteHive2ReadHive4UsingLegacyConversion(String)[477]" classname="org.apache.hadoop.hive.ql.io.parquet.serde.TestParquetTimestampsHive2Compatibility" time="0"/>
  <testcase name="testWriteHive2ReadHive4UsingLegacyConversion(String)[478]" classname="org.apache.hadoop.hive.ql.io.parquet.serde.TestParquetTimestampsHive2Compatibility" time="0"/>
  <testcase name="testWriteHive2ReadHive4UsingLegacyConversion(String)[479]" classname="org.apache.hadoop.hive.ql.io.parquet.serde.TestParquetTimestampsHive2Compatibility" time="0.001"/>
  <testcase name="testWriteHive2ReadHive4UsingLegacyConversion(String)[480]" classname="org.apache.hadoop.hive.ql.io.parquet.serde.TestParquetTimestampsHive2Compatibility" time="0"/>
  <testcase name="testWriteHive2ReadHive4UsingLegacyConversion(String)[481]" classname="org.apache.hadoop.hive.ql.io.parquet.serde.TestParquetTimestampsHive2Compatibility" time="0"/>
  <testcase name="testWriteHive2ReadHive4UsingLegacyConversion(String)[482]" classname="org.apache.hadoop.hive.ql.io.parquet.serde.TestParquetTimestampsHive2Compatibility" time="0.001"/>
  <testcase name="testWriteHive2ReadHive4UsingLegacyConversion(String)[483]" classname="org.apache.hadoop.hive.ql.io.parquet.serde.TestParquetTimestampsHive2Compatibility" time="0"/>
  <testcase name="testWriteHive2ReadHive4UsingLegacyConversion(String)[484]" classname="org.apache.hadoop.hive.ql.io.parquet.serde.TestParquetTimestampsHive2Compatibility" time="0"/>
  <testcase name="testWriteHive2ReadHive4UsingLegacyConversion(String)[485]" classname="org.apache.hadoop.hive.ql.io.parquet.serde.TestParquetTimestampsHive2Compatibility" time="0"/>
  <testcase name="testWriteHive2ReadHive4UsingLegacyConversion(String)[486]" classname="org.apache.hadoop.hive.ql.io.parquet.serde.TestParquetTimestampsHive2Compatibility" time="0.001"/>
  <testcase name="testWriteHive2ReadHive4UsingLegacyConversion(String)[487]" classname="org.apache.hadoop.hive.ql.io.parquet.serde.TestParquetTimestampsHive2Compatibility" time="0"/>
  <testcase name="testWriteHive2ReadHive4UsingLegacyConversion(String)[488]" classname="org.apache.hadoop.hive.ql.io.parquet.serde.TestParquetTimestampsHive2Compatibility" time="0"/>
  <testcase name="testWriteHive2ReadHive4UsingLegacyConversion(String)[489]" classname="org.apache.hadoop.hive.ql.io.parquet.serde.TestParquetTimestampsHive2Compatibility" time="0"/>
  <testcase name="testWriteHive2ReadHive4UsingLegacyConversion(String)[490]" classname="org.apache.hadoop.hive.ql.io.parquet.serde.TestParquetTimestampsHive2Compatibility" time="0.001"/>
  <testcase name="testWriteHive2ReadHive4UsingLegacyConversion(String)[491]" classname="org.apache.hadoop.hive.ql.io.parquet.serde.TestParquetTimestampsHive2Compatibility" time="0"/>
  <testcase name="testWriteHive2ReadHive4UsingLegacyConversion(String)[492]" classname="org.apache.hadoop.hive.ql.io.parquet.serde.TestParquetTimestampsHive2Compatibility" time="0.001"/>
  <testcase name="testWriteHive2ReadHive4UsingLegacyConversion(String)[493]" classname="org.apache.hadoop.hive.ql.io.parquet.serde.TestParquetTimestampsHive2Compatibility" time="0"/>
  <testcase name="testWriteHive2ReadHive4UsingLegacyConversion(String)[494]" classname="org.apache.hadoop.hive.ql.io.parquet.serde.TestParquetTimestampsHive2Compatibility" time="0"/>
  <testcase name="testWriteHive2ReadHive4UsingLegacyConversion(String)[495]" classname="org.apache.hadoop.hive.ql.io.parquet.serde.TestParquetTimestampsHive2Compatibility" time="0"/>
  <testcase name="testWriteHive2ReadHive4UsingLegacyConversion(String)[496]" classname="org.apache.hadoop.hive.ql.io.parquet.serde.TestParquetTimestampsHive2Compatibility" time="0"/>
  <testcase name="testWriteHive2ReadHive4UsingLegacyConversion(String)[497]" classname="org.apache.hadoop.hive.ql.io.parquet.serde.TestParquetTimestampsHive2Compatibility" time="0"/>
  <testcase name="testWriteHive2ReadHive4UsingLegacyConversion(String)[498]" classname="org.apache.hadoop.hive.ql.io.parquet.serde.TestParquetTimestampsHive2Compatibility" time="0"/>
  <testcase name="testWriteHive2ReadHive4UsingLegacyConversion(String)[499]" classname="org.apache.hadoop.hive.ql.io.parquet.serde.TestParquetTimestampsHive2Compatibility" time="0.001"/>
  <testcase name="testWriteHive2ReadHive4UsingLegacyConversion(String)[500]" classname="org.apache.hadoop.hive.ql.io.parquet.serde.TestParquetTimestampsHive2Compatibility" time="0"/>
  <testcase name="testWriteHive2ReadHive4UsingLegacyConversion(String)[501]" classname="org.apache.hadoop.hive.ql.io.parquet.serde.TestParquetTimestampsHive2Compatibility" time="0.001"/>
  <testcase name="testWriteHive2ReadHive4UsingLegacyConversion(String)[502]" classname="org.apache.hadoop.hive.ql.io.parquet.serde.TestParquetTimestampsHive2Compatibility" time="0"/>
  <testcase name="testWriteHive2ReadHive4UsingLegacyConversion(String)[503]" classname="org.apache.hadoop.hive.ql.io.parquet.serde.TestParquetTimestampsHive2Compatibility" time="0"/>
  <testcase name="testWriteHive2ReadHive4UsingLegacyConversion(String)[504]" classname="org.apache.hadoop.hive.ql.io.parquet.serde.TestParquetTimestampsHive2Compatibility" time="0.001"/>
  <testcase name="testWriteHive2ReadHive4UsingLegacyConversion(String)[505]" classname="org.apache.hadoop.hive.ql.io.parquet.serde.TestParquetTimestampsHive2Compatibility" time="0"/>
  <testcase name="testWriteHive2ReadHive4UsingLegacyConversion(String)[506]" classname="org.apache.hadoop.hive.ql.io.parquet.serde.TestParquetTimestampsHive2Compatibility" time="0"/>
  <testcase name="testWriteHive2ReadHive4UsingLegacyConversion(String)[507]" classname="org.apache.hadoop.hive.ql.io.parquet.serde.TestParquetTimestampsHive2Compatibility" time="0"/>
  <testcase name="testWriteHive2ReadHive4UsingLegacyConversion(String)[508]" classname="org.apache.hadoop.hive.ql.io.parquet.serde.TestParquetTimestampsHive2Compatibility" time="0.001"/>
  <testcase name="testWriteHive2ReadHive4UsingLegacyConversion(String)[509]" classname="org.apache.hadoop.hive.ql.io.parquet.serde.TestParquetTimestampsHive2Compatibility" time="0.001"/>
  <testcase name="testWriteHive2ReadHive4UsingLegacyConversion(String)[510]" classname="org.apache.hadoop.hive.ql.io.parquet.serde.TestParquetTimestampsHive2Compatibility" time="0"/>
  <testcase name="testWriteHive2ReadHive4UsingLegacyConversion(String)[511]" classname="org.apache.hadoop.hive.ql.io.parquet.serde.TestParquetTimestampsHive2Compatibility" time="0"/>
  <testcase name="testWriteHive2ReadHive4UsingLegacyConversion(String)[512]" classname="org.apache.hadoop.hive.ql.io.parquet.serde.TestParquetTimestampsHive2Compatibility" time="0.001"/>
  <testcase name="testWriteHive2ReadHive4UsingLegacyConversion(String)[513]" classname="org.apache.hadoop.hive.ql.io.parquet.serde.TestParquetTimestampsHive2Compatibility" time="0"/>
  <testcase name="testWriteHive2ReadHive4UsingLegacyConversion(String)[514]" classname="org.apache.hadoop.hive.ql.io.parquet.serde.TestParquetTimestampsHive2Compatibility" time="0"/>
  <testcase name="testWriteHive2ReadHive4UsingLegacyConversion(String)[515]" classname="org.apache.hadoop.hive.ql.io.parquet.serde.TestParquetTimestampsHive2Compatibility" time="0"/>
  <testcase name="testWriteHive2ReadHive4UsingLegacyConversion(String)[516]" classname="org.apache.hadoop.hive.ql.io.parquet.serde.TestParquetTimestampsHive2Compatibility" time="0"/>
  <testcase name="testWriteHive2ReadHive4UsingLegacyConversion(String)[517]" classname="org.apache.hadoop.hive.ql.io.parquet.serde.TestParquetTimestampsHive2Compatibility" time="0.001"/>
  <testcase name="testWriteHive2ReadHive4UsingLegacyConversion(String)[518]" classname="org.apache.hadoop.hive.ql.io.parquet.serde.TestParquetTimestampsHive2Compatibility" time="0"/>
  <testcase name="testWriteHive2ReadHive4UsingLegacyConversion(String)[519]" classname="org.apache.hadoop.hive.ql.io.parquet.serde.TestParquetTimestampsHive2Compatibility" time="0"/>
  <testcase name="testWriteHive2ReadHive4UsingLegacyConversion(String)[520]" classname="org.apache.hadoop.hive.ql.io.parquet.serde.TestParquetTimestampsHive2Compatibility" time="0"/>
  <testcase name="testWriteHive2ReadHive4UsingLegacyConversion(String)[521]" classname="org.apache.hadoop.hive.ql.io.parquet.serde.TestParquetTimestampsHive2Compatibility" time="0.001"/>
  <testcase name="testWriteHive2ReadHive4UsingLegacyConversion(String)[522]" classname="org.apache.hadoop.hive.ql.io.parquet.serde.TestParquetTimestampsHive2Compatibility" time="0.001"/>
  <testcase name="testWriteHive2ReadHive4UsingLegacyConversion(String)[523]" classname="org.apache.hadoop.hive.ql.io.parquet.serde.TestParquetTimestampsHive2Compatibility" time="0"/>
  <testcase name="testWriteHive2ReadHive4UsingLegacyConversion(String)[524]" classname="org.apache.hadoop.hive.ql.io.parquet.serde.TestParquetTimestampsHive2Compatibility" time="0"/>
  <testcase name="testWriteHive2ReadHive4UsingLegacyConversion(String)[525]" classname="org.apache.hadoop.hive.ql.io.parquet.serde.TestParquetTimestampsHive2Compatibility" time="0.001"/>
  <testcase name="testWriteHive2ReadHive4UsingLegacyConversion(String)[526]" classname="org.apache.hadoop.hive.ql.io.parquet.serde.TestParquetTimestampsHive2Compatibility" time="0"/>
  <testcase name="testWriteHive2ReadHive4UsingLegacyConversion(String)[527]" classname="org.apache.hadoop.hive.ql.io.parquet.serde.TestParquetTimestampsHive2Compatibility" time="0"/>
  <testcase name="testWriteHive2ReadHive4UsingLegacyConversion(String)[528]" classname="org.apache.hadoop.hive.ql.io.parquet.serde.TestParquetTimestampsHive2Compatibility" time="0.001"/>
  <testcase name="testWriteHive2ReadHive4UsingLegacyConversion(String)[529]" classname="org.apache.hadoop.hive.ql.io.parquet.serde.TestParquetTimestampsHive2Compatibility" time="0"/>
  <testcase name="testWriteHive2ReadHive4UsingLegacyConversion(String)[530]" classname="org.apache.hadoop.hive.ql.io.parquet.serde.TestParquetTimestampsHive2Compatibility" time="0"/>
  <testcase name="testWriteHive2ReadHive4UsingLegacyConversion(String)[531]" classname="org.apache.hadoop.hive.ql.io.parquet.serde.TestParquetTimestampsHive2Compatibility" time="0"/>
  <testcase name="testWriteHive2ReadHive4UsingLegacyConversion(String)[532]" classname="org.apache.hadoop.hive.ql.io.parquet.serde.TestParquetTimestampsHive2Compatibility" time="0"/>
  <testcase name="testWriteHive2ReadHive4UsingLegacyConversion(String)[533]" classname="org.apache.hadoop.hive.ql.io.parquet.serde.TestParquetTimestampsHive2Compatibility" time="0.001"/>
  <testcase name="testWriteHive2ReadHive4UsingLegacyConversion(String)[534]" classname="org.apache.hadoop.hive.ql.io.parquet.serde.TestParquetTimestampsHive2Compatibility" time="0.001"/>
  <testcase name="testWriteHive2ReadHive4UsingLegacyConversion(String)[535]" classname="org.apache.hadoop.hive.ql.io.parquet.serde.TestParquetTimestampsHive2Compatibility" time="0.001"/>
  <testcase name="testWriteHive2ReadHive4UsingLegacyConversion(String)[536]" classname="org.apache.hadoop.hive.ql.io.parquet.serde.TestParquetTimestampsHive2Compatibility" time="0"/>
  <testcase name="testWriteHive2ReadHive4UsingLegacyConversion(String)[537]" classname="org.apache.hadoop.hive.ql.io.parquet.serde.TestParquetTimestampsHive2Compatibility" time="0"/>
  <testcase name="testWriteHive2ReadHive4UsingLegacyConversion(String)[538]" classname="org.apache.hadoop.hive.ql.io.parquet.serde.TestParquetTimestampsHive2Compatibility" time="0"/>
  <testcase name="testWriteHive2ReadHive4UsingLegacyConversion(String)[539]" classname="org.apache.hadoop.hive.ql.io.parquet.serde.TestParquetTimestampsHive2Compatibility" time="0"/>
  <testcase name="testWriteHive2ReadHive4UsingLegacyConversion(String)[540]" classname="org.apache.hadoop.hive.ql.io.parquet.serde.TestParquetTimestampsHive2Compatibility" time="0"/>
  <testcase name="testWriteHive2ReadHive4UsingLegacyConversion(String)[541]" classname="org.apache.hadoop.hive.ql.io.parquet.serde.TestParquetTimestampsHive2Compatibility" time="0"/>
  <testcase name="testWriteHive2ReadHive4UsingLegacyConversion(String)[542]" classname="org.apache.hadoop.hive.ql.io.parquet.serde.TestParquetTimestampsHive2Compatibility" time="0"/>
  <testcase name="testWriteHive2ReadHive4UsingLegacyConversion(String)[543]" classname="org.apache.hadoop.hive.ql.io.parquet.serde.TestParquetTimestampsHive2Compatibility" time="0"/>
  <testcase name="testWriteHive2ReadHive4UsingLegacyConversion(String)[544]" classname="org.apache.hadoop.hive.ql.io.parquet.serde.TestParquetTimestampsHive2Compatibility" time="0"/>
  <testcase name="testWriteHive2ReadHive4UsingLegacyConversion(String)[545]" classname="org.apache.hadoop.hive.ql.io.parquet.serde.TestParquetTimestampsHive2Compatibility" time="0"/>
  <testcase name="testWriteHive2ReadHive4UsingLegacyConversion(String)[546]" classname="org.apache.hadoop.hive.ql.io.parquet.serde.TestParquetTimestampsHive2Compatibility" time="0"/>
  <testcase name="testWriteHive2ReadHive4UsingLegacyConversion(String)[547]" classname="org.apache.hadoop.hive.ql.io.parquet.serde.TestParquetTimestampsHive2Compatibility" time="0"/>
  <testcase name="testWriteHive2ReadHive4UsingLegacyConversion(String)[548]" classname="org.apache.hadoop.hive.ql.io.parquet.serde.TestParquetTimestampsHive2Compatibility" time="0"/>
  <testcase name="testWriteHive2ReadHive4UsingLegacyConversion(String)[549]" classname="org.apache.hadoop.hive.ql.io.parquet.serde.TestParquetTimestampsHive2Compatibility" time="0"/>
  <testcase name="testWriteHive2ReadHive4UsingLegacyConversion(String)[550]" classname="org.apache.hadoop.hive.ql.io.parquet.serde.TestParquetTimestampsHive2Compatibility" time="0.001"/>
  <testcase name="testWriteHive2ReadHive4UsingLegacyConversion(String)[551]" classname="org.apache.hadoop.hive.ql.io.parquet.serde.TestParquetTimestampsHive2Compatibility" time="0.001"/>
  <testcase name="testWriteHive2ReadHive4UsingLegacyConversion(String)[552]" classname="org.apache.hadoop.hive.ql.io.parquet.serde.TestParquetTimestampsHive2Compatibility" time="0.001"/>
  <testcase name="testWriteHive2ReadHive4UsingLegacyConversion(String)[553]" classname="org.apache.hadoop.hive.ql.io.parquet.serde.TestParquetTimestampsHive2Compatibility" time="0.001"/>
  <testcase name="testWriteHive2ReadHive4UsingLegacyConversion(String)[554]" classname="org.apache.hadoop.hive.ql.io.parquet.serde.TestParquetTimestampsHive2Compatibility" time="0"/>
  <testcase name="testWriteHive2ReadHive4UsingLegacyConversion(String)[555]" classname="org.apache.hadoop.hive.ql.io.parquet.serde.TestParquetTimestampsHive2Compatibility" time="0"/>
  <testcase name="testWriteHive2ReadHive4UsingLegacyConversion(String)[556]" classname="org.apache.hadoop.hive.ql.io.parquet.serde.TestParquetTimestampsHive2Compatibility" time="0.001"/>
  <testcase name="testWriteHive2ReadHive4UsingLegacyConversion(String)[557]" classname="org.apache.hadoop.hive.ql.io.parquet.serde.TestParquetTimestampsHive2Compatibility" time="0"/>
  <testcase name="testWriteHive2ReadHive4UsingLegacyConversion(String)[558]" classname="org.apache.hadoop.hive.ql.io.parquet.serde.TestParquetTimestampsHive2Compatibility" time="0.001"/>
  <testcase name="testWriteHive2ReadHive4UsingLegacyConversion(String)[559]" classname="org.apache.hadoop.hive.ql.io.parquet.serde.TestParquetTimestampsHive2Compatibility" time="0"/>
  <testcase name="testWriteHive2ReadHive4UsingLegacyConversion(String)[560]" classname="org.apache.hadoop.hive.ql.io.parquet.serde.TestParquetTimestampsHive2Compatibility" time="0"/>
  <testcase name="testWriteHive2ReadHive4UsingLegacyConversion(String)[561]" classname="org.apache.hadoop.hive.ql.io.parquet.serde.TestParquetTimestampsHive2Compatibility" time="0.001"/>
  <testcase name="testWriteHive2ReadHive4UsingLegacyConversion(String)[562]" classname="org.apache.hadoop.hive.ql.io.parquet.serde.TestParquetTimestampsHive2Compatibility" time="0"/>
  <testcase name="testWriteHive2ReadHive4UsingLegacyConversion(String)[563]" classname="org.apache.hadoop.hive.ql.io.parquet.serde.TestParquetTimestampsHive2Compatibility" time="0"/>
  <testcase name="testWriteHive2ReadHive4UsingLegacyConversion(String)[564]" classname="org.apache.hadoop.hive.ql.io.parquet.serde.TestParquetTimestampsHive2Compatibility" time="0.001"/>
  <testcase name="testWriteHive2ReadHive4UsingLegacyConversion(String)[565]" classname="org.apache.hadoop.hive.ql.io.parquet.serde.TestParquetTimestampsHive2Compatibility" time="0"/>
  <testcase name="testWriteHive2ReadHive4UsingLegacyConversion(String)[566]" classname="org.apache.hadoop.hive.ql.io.parquet.serde.TestParquetTimestampsHive2Compatibility" time="0"/>
  <testcase name="testWriteHive2ReadHive4UsingLegacyConversion(String)[567]" classname="org.apache.hadoop.hive.ql.io.parquet.serde.TestParquetTimestampsHive2Compatibility" time="0.001"/>
  <testcase name="testWriteHive2ReadHive4UsingLegacyConversion(String)[568]" classname="org.apache.hadoop.hive.ql.io.parquet.serde.TestParquetTimestampsHive2Compatibility" time="0"/>
  <testcase name="testWriteHive2ReadHive4UsingLegacyConversion(String)[569]" classname="org.apache.hadoop.hive.ql.io.parquet.serde.TestParquetTimestampsHive2Compatibility" time="0"/>
  <testcase name="testWriteHive2ReadHive4UsingLegacyConversion(String)[570]" classname="org.apache.hadoop.hive.ql.io.parquet.serde.TestParquetTimestampsHive2Compatibility" time="0"/>
  <testcase name="testWriteHive2ReadHive4UsingLegacyConversion(String)[571]" classname="org.apache.hadoop.hive.ql.io.parquet.serde.TestParquetTimestampsHive2Compatibility" time="0"/>
  <testcase name="testWriteHive2ReadHive4UsingLegacyConversion(String)[572]" classname="org.apache.hadoop.hive.ql.io.parquet.serde.TestParquetTimestampsHive2Compatibility" time="0"/>
  <testcase name="testWriteHive2ReadHive4UsingLegacyConversion(String)[573]" classname="org.apache.hadoop.hive.ql.io.parquet.serde.TestParquetTimestampsHive2Compatibility" time="0"/>
  <testcase name="testWriteHive2ReadHive4UsingLegacyConversion(String)[574]" classname="org.apache.hadoop.hive.ql.io.parquet.serde.TestParquetTimestampsHive2Compatibility" time="0"/>
  <testcase name="testWriteHive2ReadHive4UsingLegacyConversion(String)[575]" classname="org.apache.hadoop.hive.ql.io.parquet.serde.TestParquetTimestampsHive2Compatibility" time="0.001"/>
  <testcase name="testWriteHive2ReadHive4UsingLegacyConversion(String)[576]" classname="org.apache.hadoop.hive.ql.io.parquet.serde.TestParquetTimestampsHive2Compatibility" time="0.001"/>
  <testcase name="testWriteHive2ReadHive4UsingLegacyConversion(String)[577]" classname="org.apache.hadoop.hive.ql.io.parquet.serde.TestParquetTimestampsHive2Compatibility" time="0"/>
  <testcase name="testWriteHive2ReadHive4UsingLegacyConversion(String)[578]" classname="org.apache.hadoop.hive.ql.io.parquet.serde.TestParquetTimestampsHive2Compatibility" time="0"/>
  <testcase name="testWriteHive2ReadHive4UsingLegacyConversion(String)[579]" classname="org.apache.hadoop.hive.ql.io.parquet.serde.TestParquetTimestampsHive2Compatibility" time="0"/>
  <testcase name="testWriteHive2ReadHive4UsingLegacyConversion(String)[580]" classname="org.apache.hadoop.hive.ql.io.parquet.serde.TestParquetTimestampsHive2Compatibility" time="0"/>
  <testcase name="testWriteHive2ReadHive4UsingLegacyConversion(String)[581]" classname="org.apache.hadoop.hive.ql.io.parquet.serde.TestParquetTimestampsHive2Compatibility" time="0"/>
  <testcase name="testWriteHive2ReadHive4UsingLegacyConversion(String)[582]" classname="org.apache.hadoop.hive.ql.io.parquet.serde.TestParquetTimestampsHive2Compatibility" time="0.001"/>
  <testcase name="testWriteHive2ReadHive4UsingLegacyConversion(String)[583]" classname="org.apache.hadoop.hive.ql.io.parquet.serde.TestParquetTimestampsHive2Compatibility" time="0.001"/>
  <testcase name="testWriteHive2ReadHive4UsingLegacyConversion(String)[584]" classname="org.apache.hadoop.hive.ql.io.parquet.serde.TestParquetTimestampsHive2Compatibility" time="0.001"/>
  <testcase name="testWriteHive2ReadHive4UsingLegacyConversion(String)[585]" classname="org.apache.hadoop.hive.ql.io.parquet.serde.TestParquetTimestampsHive2Compatibility" time="0.001"/>
  <testcase name="testWriteHive2ReadHive4UsingLegacyConversion(String)[586]" classname="org.apache.hadoop.hive.ql.io.parquet.serde.TestParquetTimestampsHive2Compatibility" time="0.001"/>
  <testcase name="testWriteHive2ReadHive4UsingLegacyConversion(String)[587]" classname="org.apache.hadoop.hive.ql.io.parquet.serde.TestParquetTimestampsHive2Compatibility" time="0.001"/>
  <testcase name="testWriteHive2ReadHive4UsingLegacyConversion(String)[588]" classname="org.apache.hadoop.hive.ql.io.parquet.serde.TestParquetTimestampsHive2Compatibility" time="0"/>
  <testcase name="testWriteHive2ReadHive4UsingLegacyConversion(String)[589]" classname="org.apache.hadoop.hive.ql.io.parquet.serde.TestParquetTimestampsHive2Compatibility" time="0"/>
  <testcase name="testWriteHive2ReadHive4UsingLegacyConversion(String)[590]" classname="org.apache.hadoop.hive.ql.io.parquet.serde.TestParquetTimestampsHive2Compatibility" time="0.001"/>
  <testcase name="testWriteHive2ReadHive4UsingLegacyConversion(String)[591]" classname="org.apache.hadoop.hive.ql.io.parquet.serde.TestParquetTimestampsHive2Compatibility" time="0"/>
  <testcase name="testWriteHive2ReadHive4UsingLegacyConversion(String)[592]" classname="org.apache.hadoop.hive.ql.io.parquet.serde.TestParquetTimestampsHive2Compatibility" time="0"/>
  <testcase name="testWriteHive2ReadHive4UsingLegacyConversion(String)[593]" classname="org.apache.hadoop.hive.ql.io.parquet.serde.TestParquetTimestampsHive2Compatibility" time="0.001"/>
  <testcase name="testWriteHive2ReadHive4UsingLegacyConversion(String)[594]" classname="org.apache.hadoop.hive.ql.io.parquet.serde.TestParquetTimestampsHive2Compatibility" time="0"/>
  <testcase name="testWriteHive2ReadHive4UsingLegacyConversion(String)[595]" classname="org.apache.hadoop.hive.ql.io.parquet.serde.TestParquetTimestampsHive2Compatibility" time="0"/>
  <testcase name="testWriteHive2ReadHive4UsingLegacyConversion(String)[596]" classname="org.apache.hadoop.hive.ql.io.parquet.serde.TestParquetTimestampsHive2Compatibility" time="0.001"/>
  <testcase name="testWriteHive2ReadHive4UsingLegacyConversion(String)[597]" classname="org.apache.hadoop.hive.ql.io.parquet.serde.TestParquetTimestampsHive2Compatibility" time="0"/>
  <testcase name="testWriteHive2ReadHive4UsingLegacyConversion(String)[598]" classname="org.apache.hadoop.hive.ql.io.parquet.serde.TestParquetTimestampsHive2Compatibility" time="0"/>
  <testcase name="testWriteHive2ReadHive4UsingLegacyConversion(String)[599]" classname="org.apache.hadoop.hive.ql.io.parquet.serde.TestParquetTimestampsHive2Compatibility" time="0.001"/>
  <testcase name="testWriteHive2ReadHive4UsingLegacyConversion(String)[600]" classname="org.apache.hadoop.hive.ql.io.parquet.serde.TestParquetTimestampsHive2Compatibility" time="0"/>
  <testcase name="testWriteHive2ReadHive4UsingLegacyConversion(String)[601]" classname="org.apache.hadoop.hive.ql.io.parquet.serde.TestParquetTimestampsHive2Compatibility" time="0"/>
  <testcase name="testWriteHive2ReadHive4UsingLegacyConversion(String)[602]" classname="org.apache.hadoop.hive.ql.io.parquet.serde.TestParquetTimestampsHive2Compatibility" time="0"/>
  <testcase name="testWriteHive2ReadHive4UsingLegacyConversion(String)[603]" classname="org.apache.hadoop.hive.ql.io.parquet.serde.TestParquetTimestampsHive2Compatibility" time="0.001"/>
  <testcase name="testWriteHive2ReadHive4UsingLegacyConversion(String)[604]" classname="org.apache.hadoop.hive.ql.io.parquet.serde.TestParquetTimestampsHive2Compatibility" time="0.001"/>
  <testcase name="testWriteHive2ReadHive4UsingLegacyConversion(String)[605]" classname="org.apache.hadoop.hive.ql.io.parquet.serde.TestParquetTimestampsHive2Compatibility" time="0"/>
  <testcase name="testWriteHive2ReadHive4UsingLegacyConversion(String)[606]" classname="org.apache.hadoop.hive.ql.io.parquet.serde.TestParquetTimestampsHive2Compatibility" time="0"/>
  <testcase name="testWriteHive2ReadHive4UsingLegacyConversion(String)[607]" classname="org.apache.hadoop.hive.ql.io.parquet.serde.TestParquetTimestampsHive2Compatibility" time="0.001"/>
  <testcase name="testWriteHive2ReadHive4UsingLegacyConversion(String)[608]" classname="org.apache.hadoop.hive.ql.io.parquet.serde.TestParquetTimestampsHive2Compatibility" time="0"/>
  <testcase name="testWriteHive2ReadHive4UsingLegacyConversion(String)[609]" classname="org.apache.hadoop.hive.ql.io.parquet.serde.TestParquetTimestampsHive2Compatibility" time="0.001"/>
  <testcase name="testWriteHive2ReadHive4UsingLegacyConversion(String)[610]" classname="org.apache.hadoop.hive.ql.io.parquet.serde.TestParquetTimestampsHive2Compatibility" time="0"/>
  <testcase name="testWriteHive2ReadHive4UsingLegacyConversion(String)[611]" classname="org.apache.hadoop.hive.ql.io.parquet.serde.TestParquetTimestampsHive2Compatibility" time="0"/>
  <testcase name="testWriteHive2ReadHive4UsingLegacyConversion(String)[612]" classname="org.apache.hadoop.hive.ql.io.parquet.serde.TestParquetTimestampsHive2Compatibility" time="0.001"/>
  <testcase name="testWriteHive2ReadHive4UsingLegacyConversion(String)[613]" classname="org.apache.hadoop.hive.ql.io.parquet.serde.TestParquetTimestampsHive2Compatibility" time="0"/>
  <testcase name="testWriteHive2ReadHive4UsingLegacyConversion(String)[614]" classname="org.apache.hadoop.hive.ql.io.parquet.serde.TestParquetTimestampsHive2Compatibility" time="0"/>
  <testcase name="testWriteHive2ReadHive4UsingLegacyConversion(String)[615]" classname="org.apache.hadoop.hive.ql.io.parquet.serde.TestParquetTimestampsHive2Compatibility" time="0.001"/>
  <testcase name="testWriteHive2ReadHive4UsingLegacyConversion(String)[616]" classname="org.apache.hadoop.hive.ql.io.parquet.serde.TestParquetTimestampsHive2Compatibility" time="0"/>
  <testcase name="testWriteHive2ReadHive4UsingLegacyConversion(String)[617]" classname="org.apache.hadoop.hive.ql.io.parquet.serde.TestParquetTimestampsHive2Compatibility" time="0.001"/>
  <testcase name="testWriteHive2ReadHive4UsingLegacyConversion(String)[618]" classname="org.apache.hadoop.hive.ql.io.parquet.serde.TestParquetTimestampsHive2Compatibility" time="0"/>
  <testcase name="testWriteHive2ReadHive4UsingLegacyConversion(String)[619]" classname="org.apache.hadoop.hive.ql.io.parquet.serde.TestParquetTimestampsHive2Compatibility" time="0"/>
  <testcase name="testWriteHive2ReadHive4UsingLegacyConversion(String)[620]" classname="org.apache.hadoop.hive.ql.io.parquet.serde.TestParquetTimestampsHive2Compatibility" time="0"/>
  <testcase name="testWriteHive2ReadHive4UsingLegacyConversion(String)[621]" classname="org.apache.hadoop.hive.ql.io.parquet.serde.TestParquetTimestampsHive2Compatibility" time="0"/>
  <testcase name="testWriteHive2ReadHive4UsingLegacyConversion(String)[622]" classname="org.apache.hadoop.hive.ql.io.parquet.serde.TestParquetTimestampsHive2Compatibility" time="0"/>
  <testcase name="testWriteHive2ReadHive4UsingLegacyConversion(String)[623]" classname="org.apache.hadoop.hive.ql.io.parquet.serde.TestParquetTimestampsHive2Compatibility" time="0"/>
  <testcase name="testWriteHive2ReadHive4UsingLegacyConversion(String)[624]" classname="org.apache.hadoop.hive.ql.io.parquet.serde.TestParquetTimestampsHive2Compatibility" time="0.001"/>
  <testcase name="testWriteHive2ReadHive4UsingLegacyConversion(String)[625]" classname="org.apache.hadoop.hive.ql.io.parquet.serde.TestParquetTimestampsHive2Compatibility" time="0"/>
  <testcase name="testWriteHive2ReadHive4UsingLegacyConversion(String)[626]" classname="org.apache.hadoop.hive.ql.io.parquet.serde.TestParquetTimestampsHive2Compatibility" time="0.001"/>
  <testcase name="testWriteHive2ReadHive4UsingLegacyConversion(String)[627]" classname="org.apache.hadoop.hive.ql.io.parquet.serde.TestParquetTimestampsHive2Compatibility" time="0"/>
  <testcase name="testWriteHive2ReadHive4UsingLegacyConversion(String)[628]" classname="org.apache.hadoop.hive.ql.io.parquet.serde.TestParquetTimestampsHive2Compatibility" time="0.001"/>
  <testcase name="testWriteHive2ReadHive4UsingLegacyConversion(String)[629]" classname="org.apache.hadoop.hive.ql.io.parquet.serde.TestParquetTimestampsHive2Compatibility" time="0.001"/>
  <testcase name="testWriteHive2ReadHive4UsingLegacyConversion(String)[630]" classname="org.apache.hadoop.hive.ql.io.parquet.serde.TestParquetTimestampsHive2Compatibility" time="0.001"/>
  <testcase name="testWriteHive2ReadHive4UsingLegacyConversion(String)[631]" classname="org.apache.hadoop.hive.ql.io.parquet.serde.TestParquetTimestampsHive2Compatibility" time="0"/>
  <testcase name="testWriteHive2ReadHive4UsingLegacyConversion(String)[632]" classname="org.apache.hadoop.hive.ql.io.parquet.serde.TestParquetTimestampsHive2Compatibility" time="0"/>
  <testcase name="testWriteHive2ReadHive4UsingLegacyConversion(String)[633]" classname="org.apache.hadoop.hive.ql.io.parquet.serde.TestParquetTimestampsHive2Compatibility" time="0"/>
  <testcase name="testWriteHive2ReadHive4UsingLegacyConversion(String)[634]" classname="org.apache.hadoop.hive.ql.io.parquet.serde.TestParquetTimestampsHive2Compatibility" time="0"/>
  <testcase name="testWriteHive2ReadHive4UsingLegacyConversion(String)[635]" classname="org.apache.hadoop.hive.ql.io.parquet.serde.TestParquetTimestampsHive2Compatibility" time="0"/>
  <testcase name="testWriteHive2ReadHive4UsingLegacyConversion(String)[636]" classname="org.apache.hadoop.hive.ql.io.parquet.serde.TestParquetTimestampsHive2Compatibility" time="0"/>
  <testcase name="testWriteHive2ReadHive4UsingLegacyConversion(String)[637]" classname="org.apache.hadoop.hive.ql.io.parquet.serde.TestParquetTimestampsHive2Compatibility" time="0.001"/>
  <testcase name="testWriteHive2ReadHive4UsingLegacyConversion(String)[638]" classname="org.apache.hadoop.hive.ql.io.parquet.serde.TestParquetTimestampsHive2Compatibility" time="0.001"/>
  <testcase name="testWriteHive2ReadHive4UsingLegacyConversion(String)[639]" classname="org.apache.hadoop.hive.ql.io.parquet.serde.TestParquetTimestampsHive2Compatibility" time="0"/>
  <testcase name="testWriteHive2ReadHive4UsingLegacyConversion(String)[640]" classname="org.apache.hadoop.hive.ql.io.parquet.serde.TestParquetTimestampsHive2Compatibility" time="0"/>
  <testcase name="testWriteHive2ReadHive4UsingLegacyConversion(String)[641]" classname="org.apache.hadoop.hive.ql.io.parquet.serde.TestParquetTimestampsHive2Compatibility" time="0"/>
  <testcase name="testWriteHive2ReadHive4UsingLegacyConversion(String)[642]" classname="org.apache.hadoop.hive.ql.io.parquet.serde.TestParquetTimestampsHive2Compatibility" time="0.001"/>
  <testcase name="testWriteHive2ReadHive4UsingLegacyConversion(String)[643]" classname="org.apache.hadoop.hive.ql.io.parquet.serde.TestParquetTimestampsHive2Compatibility" time="0"/>
  <testcase name="testWriteHive2ReadHive4UsingLegacyConversion(String)[644]" classname="org.apache.hadoop.hive.ql.io.parquet.serde.TestParquetTimestampsHive2Compatibility" time="0"/>
  <testcase name="testWriteHive2ReadHive4UsingLegacyConversion(String)[645]" classname="org.apache.hadoop.hive.ql.io.parquet.serde.TestParquetTimestampsHive2Compatibility" time="0.001"/>
  <testcase name="testWriteHive2ReadHive4UsingLegacyConversion(String)[646]" classname="org.apache.hadoop.hive.ql.io.parquet.serde.TestParquetTimestampsHive2Compatibility" time="0"/>
  <testcase name="testWriteHive2ReadHive4UsingLegacyConversion(String)[647]" classname="org.apache.hadoop.hive.ql.io.parquet.serde.TestParquetTimestampsHive2Compatibility" time="0"/>
  <testcase name="testWriteHive2ReadHive4UsingLegacyConversion(String)[648]" classname="org.apache.hadoop.hive.ql.io.parquet.serde.TestParquetTimestampsHive2Compatibility" time="0.001"/>
  <testcase name="testWriteHive2ReadHive4UsingLegacyConversion(String)[649]" classname="org.apache.hadoop.hive.ql.io.parquet.serde.TestParquetTimestampsHive2Compatibility" time="0"/>
  <testcase name="testWriteHive2ReadHive4UsingLegacyConversion(String)[650]" classname="org.apache.hadoop.hive.ql.io.parquet.serde.TestParquetTimestampsHive2Compatibility" time="0"/>
  <testcase name="testWriteHive2ReadHive4UsingLegacyConversion(String)[651]" classname="org.apache.hadoop.hive.ql.io.parquet.serde.TestParquetTimestampsHive2Compatibility" time="0.001"/>
  <testcase name="testWriteHive2ReadHive4UsingLegacyConversion(String)[652]" classname="org.apache.hadoop.hive.ql.io.parquet.serde.TestParquetTimestampsHive2Compatibility" time="0"/>
  <testcase name="testWriteHive2ReadHive4UsingLegacyConversion(String)[653]" classname="org.apache.hadoop.hive.ql.io.parquet.serde.TestParquetTimestampsHive2Compatibility" time="0.001"/>
  <testcase name="testWriteHive2ReadHive4UsingLegacyConversion(String)[654]" classname="org.apache.hadoop.hive.ql.io.parquet.serde.TestParquetTimestampsHive2Compatibility" time="0"/>
  <testcase name="testWriteHive2ReadHive4UsingLegacyConversion(String)[655]" classname="org.apache.hadoop.hive.ql.io.parquet.serde.TestParquetTimestampsHive2Compatibility" time="0"/>
  <testcase name="testWriteHive2ReadHive4UsingLegacyConversion(String)[656]" classname="org.apache.hadoop.hive.ql.io.parquet.serde.TestParquetTimestampsHive2Compatibility" time="0.001"/>
  <testcase name="testWriteHive2ReadHive4UsingLegacyConversion(String)[657]" classname="org.apache.hadoop.hive.ql.io.parquet.serde.TestParquetTimestampsHive2Compatibility" time="0.001"/>
  <testcase name="testWriteHive2ReadHive4UsingLegacyConversion(String)[658]" classname="org.apache.hadoop.hive.ql.io.parquet.serde.TestParquetTimestampsHive2Compatibility" time="0.001"/>
  <testcase name="testWriteHive2ReadHive4UsingLegacyConversion(String)[659]" classname="org.apache.hadoop.hive.ql.io.parquet.serde.TestParquetTimestampsHive2Compatibility" time="0"/>
  <testcase name="testWriteHive2ReadHive4UsingLegacyConversion(String)[660]" classname="org.apache.hadoop.hive.ql.io.parquet.serde.TestParquetTimestampsHive2Compatibility" time="0"/>
  <testcase name="testWriteHive2ReadHive4UsingLegacyConversion(String)[661]" classname="org.apache.hadoop.hive.ql.io.parquet.serde.TestParquetTimestampsHive2Compatibility" time="0.001"/>
  <testcase name="testWriteHive2ReadHive4UsingLegacyConversion(String)[662]" classname="org.apache.hadoop.hive.ql.io.parquet.serde.TestParquetTimestampsHive2Compatibility" time="0"/>
  <testcase name="testWriteHive2ReadHive4UsingLegacyConversion(String)[663]" classname="org.apache.hadoop.hive.ql.io.parquet.serde.TestParquetTimestampsHive2Compatibility" time="0"/>
  <testcase name="testWriteHive2ReadHive4UsingLegacyConversion(String)[664]" classname="org.apache.hadoop.hive.ql.io.parquet.serde.TestParquetTimestampsHive2Compatibility" time="0.001"/>
  <testcase name="testWriteHive2ReadHive4UsingLegacyConversion(String)[665]" classname="org.apache.hadoop.hive.ql.io.parquet.serde.TestParquetTimestampsHive2Compatibility" time="0"/>
  <testcase name="testWriteHive2ReadHive4UsingLegacyConversion(String)[666]" classname="org.apache.hadoop.hive.ql.io.parquet.serde.TestParquetTimestampsHive2Compatibility" time="0"/>
  <testcase name="testWriteHive2ReadHive4UsingLegacyConversion(String)[667]" classname="org.apache.hadoop.hive.ql.io.parquet.serde.TestParquetTimestampsHive2Compatibility" time="0"/>
  <testcase name="testWriteHive2ReadHive4UsingLegacyConversion(String)[668]" classname="org.apache.hadoop.hive.ql.io.parquet.serde.TestParquetTimestampsHive2Compatibility" time="0"/>
  <testcase name="testWriteHive2ReadHive4UsingLegacyConversion(String)[669]" classname="org.apache.hadoop.hive.ql.io.parquet.serde.TestParquetTimestampsHive2Compatibility" time="0.001"/>
  <testcase name="testWriteHive2ReadHive4UsingLegacyConversion(String)[670]" classname="org.apache.hadoop.hive.ql.io.parquet.serde.TestParquetTimestampsHive2Compatibility" time="0"/>
  <testcase name="testWriteHive2ReadHive4UsingLegacyConversion(String)[671]" classname="org.apache.hadoop.hive.ql.io.parquet.serde.TestParquetTimestampsHive2Compatibility" time="0"/>
  <testcase name="testWriteHive2ReadHive4UsingLegacyConversion(String)[672]" classname="org.apache.hadoop.hive.ql.io.parquet.serde.TestParquetTimestampsHive2Compatibility" time="0.001"/>
  <testcase name="testWriteHive2ReadHive4UsingLegacyConversion(String)[673]" classname="org.apache.hadoop.hive.ql.io.parquet.serde.TestParquetTimestampsHive2Compatibility" time="0"/>
  <testcase name="testWriteHive2ReadHive4UsingLegacyConversion(String)[674]" classname="org.apache.hadoop.hive.ql.io.parquet.serde.TestParquetTimestampsHive2Compatibility" time="0"/>
  <testcase name="testWriteHive2ReadHive4UsingLegacyConversion(String)[675]" classname="org.apache.hadoop.hive.ql.io.parquet.serde.TestParquetTimestampsHive2Compatibility" time="0.001"/>
  <testcase name="testWriteHive2ReadHive4UsingLegacyConversion(String)[676]" classname="org.apache.hadoop.hive.ql.io.parquet.serde.TestParquetTimestampsHive2Compatibility" time="0"/>
  <testcase name="testWriteHive2ReadHive4UsingLegacyConversion(String)[677]" classname="org.apache.hadoop.hive.ql.io.parquet.serde.TestParquetTimestampsHive2Compatibility" time="0.001"/>
  <testcase name="testWriteHive2ReadHive4UsingLegacyConversion(String)[678]" classname="org.apache.hadoop.hive.ql.io.parquet.serde.TestParquetTimestampsHive2Compatibility" time="0"/>
  <testcase name="testWriteHive2ReadHive4UsingLegacyConversion(String)[679]" classname="org.apache.hadoop.hive.ql.io.parquet.serde.TestParquetTimestampsHive2Compatibility" time="0"/>
  <testcase name="testWriteHive2ReadHive4UsingLegacyConversion(String)[680]" classname="org.apache.hadoop.hive.ql.io.parquet.serde.TestParquetTimestampsHive2Compatibility" time="0.001"/>
  <testcase name="testWriteHive2ReadHive4UsingLegacyConversion(String)[681]" classname="org.apache.hadoop.hive.ql.io.parquet.serde.TestParquetTimestampsHive2Compatibility" time="0"/>
  <testcase name="testWriteHive2ReadHive4UsingLegacyConversion(String)[682]" classname="org.apache.hadoop.hive.ql.io.parquet.serde.TestParquetTimestampsHive2Compatibility" time="0.001"/>
  <testcase name="testWriteHive2ReadHive4UsingLegacyConversion(String)[683]" classname="org.apache.hadoop.hive.ql.io.parquet.serde.TestParquetTimestampsHive2Compatibility" time="0"/>
  <testcase name="testWriteHive2ReadHive4UsingLegacyConversion(String)[684]" classname="org.apache.hadoop.hive.ql.io.parquet.serde.TestParquetTimestampsHive2Compatibility" time="0.001"/>
  <testcase name="testWriteHive2ReadHive4UsingLegacyConversion(String)[685]" classname="org.apache.hadoop.hive.ql.io.parquet.serde.TestParquetTimestampsHive2Compatibility" time="0"/>
  <testcase name="testWriteHive2ReadHive4UsingLegacyConversion(String)[686]" classname="org.apache.hadoop.hive.ql.io.parquet.serde.TestParquetTimestampsHive2Compatibility" time="0"/>
  <testcase name="testWriteHive2ReadHive4UsingLegacyConversion(String)[687]" classname="org.apache.hadoop.hive.ql.io.parquet.serde.TestParquetTimestampsHive2Compatibility" time="0.001"/>
  <testcase name="testWriteHive2ReadHive4UsingLegacyConversion(String)[688]" classname="org.apache.hadoop.hive.ql.io.parquet.serde.TestParquetTimestampsHive2Compatibility" time="0"/>
  <testcase name="testWriteHive2ReadHive4UsingLegacyConversion(String)[689]" classname="org.apache.hadoop.hive.ql.io.parquet.serde.TestParquetTimestampsHive2Compatibility" time="0"/>
  <testcase name="testWriteHive2ReadHive4UsingLegacyConversion(String)[690]" classname="org.apache.hadoop.hive.ql.io.parquet.serde.TestParquetTimestampsHive2Compatibility" time="0"/>
  <testcase name="testWriteHive2ReadHive4UsingLegacyConversion(String)[691]" classname="org.apache.hadoop.hive.ql.io.parquet.serde.TestParquetTimestampsHive2Compatibility" time="0"/>
  <testcase name="testWriteHive2ReadHive4UsingLegacyConversion(String)[692]" classname="org.apache.hadoop.hive.ql.io.parquet.serde.TestParquetTimestampsHive2Compatibility" time="0"/>
  <testcase name="testWriteHive2ReadHive4UsingLegacyConversion(String)[693]" classname="org.apache.hadoop.hive.ql.io.parquet.serde.TestParquetTimestampsHive2Compatibility" time="0"/>
  <testcase name="testWriteHive2ReadHive4UsingLegacyConversion(String)[694]" classname="org.apache.hadoop.hive.ql.io.parquet.serde.TestParquetTimestampsHive2Compatibility" time="0"/>
  <testcase name="testWriteHive2ReadHive4UsingLegacyConversion(String)[695]" classname="org.apache.hadoop.hive.ql.io.parquet.serde.TestParquetTimestampsHive2Compatibility" time="0.001"/>
  <testcase name="testWriteHive2ReadHive4UsingLegacyConversion(String)[696]" classname="org.apache.hadoop.hive.ql.io.parquet.serde.TestParquetTimestampsHive2Compatibility" time="0.001"/>
  <testcase name="testWriteHive2ReadHive4UsingLegacyConversion(String)[697]" classname="org.apache.hadoop.hive.ql.io.parquet.serde.TestParquetTimestampsHive2Compatibility" time="0.001"/>
  <testcase name="testWriteHive2ReadHive4UsingLegacyConversion(String)[698]" classname="org.apache.hadoop.hive.ql.io.parquet.serde.TestParquetTimestampsHive2Compatibility" time="0"/>
  <testcase name="testWriteHive2ReadHive4UsingLegacyConversion(String)[699]" classname="org.apache.hadoop.hive.ql.io.parquet.serde.TestParquetTimestampsHive2Compatibility" time="0"/>
  <testcase name="testWriteHive2ReadHive4UsingLegacyConversion(String)[700]" classname="org.apache.hadoop.hive.ql.io.parquet.serde.TestParquetTimestampsHive2Compatibility" time="0.001"/>
  <testcase name="testWriteHive2ReadHive4UsingLegacyConversion(String)[701]" classname="org.apache.hadoop.hive.ql.io.parquet.serde.TestParquetTimestampsHive2Compatibility" time="0"/>
  <testcase name="testWriteHive2ReadHive4UsingLegacyConversion(String)[702]" classname="org.apache.hadoop.hive.ql.io.parquet.serde.TestParquetTimestampsHive2Compatibility" time="0.001"/>
  <testcase name="testWriteHive2ReadHive4UsingLegacyConversion(String)[703]" classname="org.apache.hadoop.hive.ql.io.parquet.serde.TestParquetTimestampsHive2Compatibility" time="0"/>
  <testcase name="testWriteHive2ReadHive4UsingLegacyConversion(String)[704]" classname="org.apache.hadoop.hive.ql.io.parquet.serde.TestParquetTimestampsHive2Compatibility" time="0"/>
  <testcase name="testWriteHive2ReadHive4UsingLegacyConversion(String)[705]" classname="org.apache.hadoop.hive.ql.io.parquet.serde.TestParquetTimestampsHive2Compatibility" time="0"/>
  <testcase name="testWriteHive2ReadHive4UsingLegacyConversion(String)[706]" classname="org.apache.hadoop.hive.ql.io.parquet.serde.TestParquetTimestampsHive2Compatibility" time="0"/>
  <testcase name="testWriteHive2ReadHive4UsingLegacyConversion(String)[707]" classname="org.apache.hadoop.hive.ql.io.parquet.serde.TestParquetTimestampsHive2Compatibility" time="0.001"/>
  <testcase name="testWriteHive2ReadHive4UsingLegacyConversion(String)[708]" classname="org.apache.hadoop.hive.ql.io.parquet.serde.TestParquetTimestampsHive2Compatibility" time="0"/>
  <testcase name="testWriteHive2ReadHive4UsingLegacyConversion(String)[709]" classname="org.apache.hadoop.hive.ql.io.parquet.serde.TestParquetTimestampsHive2Compatibility" time="0.001"/>
  <testcase name="testWriteHive2ReadHive4UsingLegacyConversion(String)[710]" classname="org.apache.hadoop.hive.ql.io.parquet.serde.TestParquetTimestampsHive2Compatibility" time="0"/>
  <testcase name="testWriteHive2ReadHive4UsingLegacyConversion(String)[711]" classname="org.apache.hadoop.hive.ql.io.parquet.serde.TestParquetTimestampsHive2Compatibility" time="0"/>
  <testcase name="testWriteHive2ReadHive4UsingLegacyConversion(String)[712]" classname="org.apache.hadoop.hive.ql.io.parquet.serde.TestParquetTimestampsHive2Compatibility" time="0.001"/>
  <testcase name="testWriteHive2ReadHive4UsingLegacyConversion(String)[713]" classname="org.apache.hadoop.hive.ql.io.parquet.serde.TestParquetTimestampsHive2Compatibility" time="0"/>
  <testcase name="testWriteHive2ReadHive4UsingLegacyConversion(String)[714]" classname="org.apache.hadoop.hive.ql.io.parquet.serde.TestParquetTimestampsHive2Compatibility" time="0.001"/>
  <testcase name="testWriteHive2ReadHive4UsingLegacyConversion(String)[715]" classname="org.apache.hadoop.hive.ql.io.parquet.serde.TestParquetTimestampsHive2Compatibility" time="0"/>
  <testcase name="testWriteHive2ReadHive4UsingLegacyConversion(String)[716]" classname="org.apache.hadoop.hive.ql.io.parquet.serde.TestParquetTimestampsHive2Compatibility" time="0.001"/>
  <testcase name="testWriteHive2ReadHive4UsingLegacyConversion(String)[717]" classname="org.apache.hadoop.hive.ql.io.parquet.serde.TestParquetTimestampsHive2Compatibility" time="0"/>
  <testcase name="testWriteHive2ReadHive4UsingLegacyConversion(String)[718]" classname="org.apache.hadoop.hive.ql.io.parquet.serde.TestParquetTimestampsHive2Compatibility" time="0"/>
  <testcase name="testWriteHive2ReadHive4UsingLegacyConversion(String)[719]" classname="org.apache.hadoop.hive.ql.io.parquet.serde.TestParquetTimestampsHive2Compatibility" time="0.001"/>
  <testcase name="testWriteHive2ReadHive4UsingLegacyConversion(String)[720]" classname="org.apache.hadoop.hive.ql.io.parquet.serde.TestParquetTimestampsHive2Compatibility" time="0"/>
  <testcase name="testWriteHive2ReadHive4UsingLegacyConversion(String)[721]" classname="org.apache.hadoop.hive.ql.io.parquet.serde.TestParquetTimestampsHive2Compatibility" time="0.001"/>
  <testcase name="testWriteHive2ReadHive4UsingLegacyConversion(String)[722]" classname="org.apache.hadoop.hive.ql.io.parquet.serde.TestParquetTimestampsHive2Compatibility" time="0"/>
  <testcase name="testWriteHive2ReadHive4UsingLegacyConversion(String)[723]" classname="org.apache.hadoop.hive.ql.io.parquet.serde.TestParquetTimestampsHive2Compatibility" time="0"/>
  <testcase name="testWriteHive2ReadHive4UsingLegacyConversion(String)[724]" classname="org.apache.hadoop.hive.ql.io.parquet.serde.TestParquetTimestampsHive2Compatibility" time="0"/>
  <testcase name="testWriteHive2ReadHive4UsingLegacyConversion(String)[725]" classname="org.apache.hadoop.hive.ql.io.parquet.serde.TestParquetTimestampsHive2Compatibility" time="0"/>
  <testcase name="testWriteHive2ReadHive4UsingLegacyConversion(String)[726]" classname="org.apache.hadoop.hive.ql.io.parquet.serde.TestParquetTimestampsHive2Compatibility" time="0.001"/>
  <testcase name="testWriteHive2ReadHive4UsingLegacyConversion(String)[727]" classname="org.apache.hadoop.hive.ql.io.parquet.serde.TestParquetTimestampsHive2Compatibility" time="0"/>
  <testcase name="testWriteHive2ReadHive4UsingLegacyConversion(String)[728]" classname="org.apache.hadoop.hive.ql.io.parquet.serde.TestParquetTimestampsHive2Compatibility" time="0.001"/>
  <testcase name="testWriteHive2ReadHive4UsingLegacyConversion(String)[729]" classname="org.apache.hadoop.hive.ql.io.parquet.serde.TestParquetTimestampsHive2Compatibility" time="0"/>
  <testcase name="testWriteHive2ReadHive4UsingLegacyConversion(String)[730]" classname="org.apache.hadoop.hive.ql.io.parquet.serde.TestParquetTimestampsHive2Compatibility" time="0.001"/>
  <testcase name="testWriteHive2ReadHive4UsingLegacyConversion(String)[731]" classname="org.apache.hadoop.hive.ql.io.parquet.serde.TestParquetTimestampsHive2Compatibility" time="0"/>
  <testcase name="testWriteHive2ReadHive4UsingLegacyConversion(String)[732]" classname="org.apache.hadoop.hive.ql.io.parquet.serde.TestParquetTimestampsHive2Compatibility" time="0"/>
  <testcase name="testWriteHive2ReadHive4UsingLegacyConversion(String)[733]" classname="org.apache.hadoop.hive.ql.io.parquet.serde.TestParquetTimestampsHive2Compatibility" time="0"/>
  <testcase name="testWriteHive2ReadHive4UsingLegacyConversion(String)[734]" classname="org.apache.hadoop.hive.ql.io.parquet.serde.TestParquetTimestampsHive2Compatibility" time="0"/>
  <testcase name="testWriteHive2ReadHive4UsingLegacyConversion(String)[735]" classname="org.apache.hadoop.hive.ql.io.parquet.serde.TestParquetTimestampsHive2Compatibility" time="0"/>
  <testcase name="testWriteHive2ReadHive4UsingLegacyConversion(String)[736]" classname="org.apache.hadoop.hive.ql.io.parquet.serde.TestParquetTimestampsHive2Compatibility" time="0"/>
  <testcase name="testWriteHive2ReadHive4UsingLegacyConversion(String)[737]" classname="org.apache.hadoop.hive.ql.io.parquet.serde.TestParquetTimestampsHive2Compatibility" time="0"/>
  <testcase name="testWriteHive2ReadHive4UsingLegacyConversion(String)[738]" classname="org.apache.hadoop.hive.ql.io.parquet.serde.TestParquetTimestampsHive2Compatibility" time="0"/>
  <testcase name="testWriteHive2ReadHive4UsingLegacyConversion(String)[739]" classname="org.apache.hadoop.hive.ql.io.parquet.serde.TestParquetTimestampsHive2Compatibility" time="0.001"/>
  <testcase name="testWriteHive2ReadHive4UsingLegacyConversion(String)[740]" classname="org.apache.hadoop.hive.ql.io.parquet.serde.TestParquetTimestampsHive2Compatibility" time="0"/>
  <testcase name="testWriteHive2ReadHive4UsingLegacyConversion(String)[741]" classname="org.apache.hadoop.hive.ql.io.parquet.serde.TestParquetTimestampsHive2Compatibility" time="0"/>
  <testcase name="testWriteHive2ReadHive4UsingLegacyConversion(String)[742]" classname="org.apache.hadoop.hive.ql.io.parquet.serde.TestParquetTimestampsHive2Compatibility" time="0"/>
  <testcase name="testWriteHive2ReadHive4UsingLegacyConversion(String)[743]" classname="org.apache.hadoop.hive.ql.io.parquet.serde.TestParquetTimestampsHive2Compatibility" time="0"/>
  <testcase name="testWriteHive2ReadHive4UsingLegacyConversion(String)[744]" classname="org.apache.hadoop.hive.ql.io.parquet.serde.TestParquetTimestampsHive2Compatibility" time="0"/>
  <testcase name="testWriteHive2ReadHive4UsingLegacyConversion(String)[745]" classname="org.apache.hadoop.hive.ql.io.parquet.serde.TestParquetTimestampsHive2Compatibility" time="0"/>
  <testcase name="testWriteHive2ReadHive4UsingLegacyConversion(String)[746]" classname="org.apache.hadoop.hive.ql.io.parquet.serde.TestParquetTimestampsHive2Compatibility" time="0"/>
  <testcase name="testWriteHive2ReadHive4UsingLegacyConversion(String)[747]" classname="org.apache.hadoop.hive.ql.io.parquet.serde.TestParquetTimestampsHive2Compatibility" time="0"/>
  <testcase name="testWriteHive2ReadHive4UsingLegacyConversion(String)[748]" classname="org.apache.hadoop.hive.ql.io.parquet.serde.TestParquetTimestampsHive2Compatibility" time="0"/>
  <testcase name="testWriteHive2ReadHive4UsingLegacyConversion(String)[749]" classname="org.apache.hadoop.hive.ql.io.parquet.serde.TestParquetTimestampsHive2Compatibility" time="0"/>
  <testcase name="testWriteHive2ReadHive4UsingLegacyConversion(String)[750]" classname="org.apache.hadoop.hive.ql.io.parquet.serde.TestParquetTimestampsHive2Compatibility" time="0"/>
  <testcase name="testWriteHive2ReadHive4UsingLegacyConversion(String)[751]" classname="org.apache.hadoop.hive.ql.io.parquet.serde.TestParquetTimestampsHive2Compatibility" time="0"/>
  <testcase name="testWriteHive2ReadHive4UsingLegacyConversion(String)[752]" classname="org.apache.hadoop.hive.ql.io.parquet.serde.TestParquetTimestampsHive2Compatibility" time="0.001"/>
  <testcase name="testWriteHive2ReadHive4UsingLegacyConversion(String)[753]" classname="org.apache.hadoop.hive.ql.io.parquet.serde.TestParquetTimestampsHive2Compatibility" time="0"/>
  <testcase name="testWriteHive2ReadHive4UsingLegacyConversion(String)[754]" classname="org.apache.hadoop.hive.ql.io.parquet.serde.TestParquetTimestampsHive2Compatibility" time="0.001"/>
  <testcase name="testWriteHive2ReadHive4UsingLegacyConversion(String)[755]" classname="org.apache.hadoop.hive.ql.io.parquet.serde.TestParquetTimestampsHive2Compatibility" time="0"/>
  <testcase name="testWriteHive2ReadHive4UsingLegacyConversion(String)[756]" classname="org.apache.hadoop.hive.ql.io.parquet.serde.TestParquetTimestampsHive2Compatibility" time="0"/>
  <testcase name="testWriteHive2ReadHive4UsingLegacyConversion(String)[757]" classname="org.apache.hadoop.hive.ql.io.parquet.serde.TestParquetTimestampsHive2Compatibility" time="0"/>
  <testcase name="testWriteHive2ReadHive4UsingLegacyConversion(String)[758]" classname="org.apache.hadoop.hive.ql.io.parquet.serde.TestParquetTimestampsHive2Compatibility" time="0"/>
  <testcase name="testWriteHive2ReadHive4UsingLegacyConversion(String)[759]" classname="org.apache.hadoop.hive.ql.io.parquet.serde.TestParquetTimestampsHive2Compatibility" time="0"/>
  <testcase name="testWriteHive2ReadHive4UsingLegacyConversion(String)[760]" classname="org.apache.hadoop.hive.ql.io.parquet.serde.TestParquetTimestampsHive2Compatibility" time="0"/>
  <testcase name="testWriteHive2ReadHive4UsingLegacyConversion(String)[761]" classname="org.apache.hadoop.hive.ql.io.parquet.serde.TestParquetTimestampsHive2Compatibility" time="0"/>
  <testcase name="testWriteHive2ReadHive4UsingLegacyConversion(String)[762]" classname="org.apache.hadoop.hive.ql.io.parquet.serde.TestParquetTimestampsHive2Compatibility" time="0.001"/>
  <testcase name="testWriteHive2ReadHive4UsingLegacyConversion(String)[763]" classname="org.apache.hadoop.hive.ql.io.parquet.serde.TestParquetTimestampsHive2Compatibility" time="0.001"/>
  <testcase name="testWriteHive2ReadHive4UsingLegacyConversion(String)[764]" classname="org.apache.hadoop.hive.ql.io.parquet.serde.TestParquetTimestampsHive2Compatibility" time="0"/>
  <testcase name="testWriteHive2ReadHive4UsingLegacyConversion(String)[765]" classname="org.apache.hadoop.hive.ql.io.parquet.serde.TestParquetTimestampsHive2Compatibility" time="0"/>
  <testcase name="testWriteHive2ReadHive4UsingLegacyConversion(String)[766]" classname="org.apache.hadoop.hive.ql.io.parquet.serde.TestParquetTimestampsHive2Compatibility" time="0"/>
  <testcase name="testWriteHive2ReadHive4UsingLegacyConversion(String)[767]" classname="org.apache.hadoop.hive.ql.io.parquet.serde.TestParquetTimestampsHive2Compatibility" time="0.001"/>
  <testcase name="testWriteHive2ReadHive4UsingLegacyConversion(String)[768]" classname="org.apache.hadoop.hive.ql.io.parquet.serde.TestParquetTimestampsHive2Compatibility" time="0.001"/>
  <testcase name="testWriteHive2ReadHive4UsingLegacyConversion(String)[769]" classname="org.apache.hadoop.hive.ql.io.parquet.serde.TestParquetTimestampsHive2Compatibility" time="0.001"/>
  <testcase name="testWriteHive2ReadHive4UsingLegacyConversion(String)[770]" classname="org.apache.hadoop.hive.ql.io.parquet.serde.TestParquetTimestampsHive2Compatibility" time="0.001"/>
  <testcase name="testWriteHive2ReadHive4UsingLegacyConversion(String)[771]" classname="org.apache.hadoop.hive.ql.io.parquet.serde.TestParquetTimestampsHive2Compatibility" time="0"/>
  <testcase name="testWriteHive2ReadHive4UsingLegacyConversion(String)[772]" classname="org.apache.hadoop.hive.ql.io.parquet.serde.TestParquetTimestampsHive2Compatibility" time="0"/>
  <testcase name="testWriteHive2ReadHive4UsingLegacyConversion(String)[773]" classname="org.apache.hadoop.hive.ql.io.parquet.serde.TestParquetTimestampsHive2Compatibility" time="0"/>
  <testcase name="testWriteHive2ReadHive4UsingLegacyConversion(String)[774]" classname="org.apache.hadoop.hive.ql.io.parquet.serde.TestParquetTimestampsHive2Compatibility" time="0.001"/>
  <testcase name="testWriteHive2ReadHive4UsingLegacyConversion(String)[775]" classname="org.apache.hadoop.hive.ql.io.parquet.serde.TestParquetTimestampsHive2Compatibility" time="0"/>
  <testcase name="testWriteHive2ReadHive4UsingLegacyConversion(String)[776]" classname="org.apache.hadoop.hive.ql.io.parquet.serde.TestParquetTimestampsHive2Compatibility" time="0"/>
  <testcase name="testWriteHive2ReadHive4UsingLegacyConversion(String)[777]" classname="org.apache.hadoop.hive.ql.io.parquet.serde.TestParquetTimestampsHive2Compatibility" time="0.001"/>
  <testcase name="testWriteHive2ReadHive4UsingLegacyConversion(String)[778]" classname="org.apache.hadoop.hive.ql.io.parquet.serde.TestParquetTimestampsHive2Compatibility" time="0"/>
  <testcase name="testWriteHive2ReadHive4UsingLegacyConversion(String)[779]" classname="org.apache.hadoop.hive.ql.io.parquet.serde.TestParquetTimestampsHive2Compatibility" time="0"/>
  <testcase name="testWriteHive2ReadHive4UsingLegacyConversion(String)[780]" classname="org.apache.hadoop.hive.ql.io.parquet.serde.TestParquetTimestampsHive2Compatibility" time="0"/>
  <testcase name="testWriteHive2ReadHive4UsingLegacyConversion(String)[781]" classname="org.apache.hadoop.hive.ql.io.parquet.serde.TestParquetTimestampsHive2Compatibility" time="0"/>
  <testcase name="testWriteHive2ReadHive4UsingLegacyConversion(String)[782]" classname="org.apache.hadoop.hive.ql.io.parquet.serde.TestParquetTimestampsHive2Compatibility" time="0"/>
  <testcase name="testWriteHive2ReadHive4UsingLegacyConversion(String)[783]" classname="org.apache.hadoop.hive.ql.io.parquet.serde.TestParquetTimestampsHive2Compatibility" time="0"/>
  <testcase name="testWriteHive2ReadHive4UsingLegacyConversion(String)[784]" classname="org.apache.hadoop.hive.ql.io.parquet.serde.TestParquetTimestampsHive2Compatibility" time="0"/>
  <testcase name="testWriteHive2ReadHive4UsingLegacyConversion(String)[785]" classname="org.apache.hadoop.hive.ql.io.parquet.serde.TestParquetTimestampsHive2Compatibility" time="0"/>
  <testcase name="testWriteHive2ReadHive4UsingLegacyConversion(String)[786]" classname="org.apache.hadoop.hive.ql.io.parquet.serde.TestParquetTimestampsHive2Compatibility" time="0.001"/>
  <testcase name="testWriteHive2ReadHive4UsingLegacyConversion(String)[787]" classname="org.apache.hadoop.hive.ql.io.parquet.serde.TestParquetTimestampsHive2Compatibility" time="0"/>
  <testcase name="testWriteHive2ReadHive4UsingLegacyConversion(String)[788]" classname="org.apache.hadoop.hive.ql.io.parquet.serde.TestParquetTimestampsHive2Compatibility" time="0"/>
  <testcase name="testWriteHive2ReadHive4UsingLegacyConversion(String)[789]" classname="org.apache.hadoop.hive.ql.io.parquet.serde.TestParquetTimestampsHive2Compatibility" time="0.001"/>
  <testcase name="testWriteHive2ReadHive4UsingLegacyConversion(String)[790]" classname="org.apache.hadoop.hive.ql.io.parquet.serde.TestParquetTimestampsHive2Compatibility" time="0.001"/>
  <testcase name="testWriteHive2ReadHive4UsingLegacyConversion(String)[791]" classname="org.apache.hadoop.hive.ql.io.parquet.serde.TestParquetTimestampsHive2Compatibility" time="0"/>
  <testcase name="testWriteHive2ReadHive4UsingLegacyConversion(String)[792]" classname="org.apache.hadoop.hive.ql.io.parquet.serde.TestParquetTimestampsHive2Compatibility" time="0.001"/>
  <testcase name="testWriteHive2ReadHive4UsingLegacyConversion(String)[793]" classname="org.apache.hadoop.hive.ql.io.parquet.serde.TestParquetTimestampsHive2Compatibility" time="0"/>
  <testcase name="testWriteHive2ReadHive4UsingLegacyConversion(String)[794]" classname="org.apache.hadoop.hive.ql.io.parquet.serde.TestParquetTimestampsHive2Compatibility" time="0.001"/>
  <testcase name="testWriteHive2ReadHive4UsingLegacyConversion(String)[795]" classname="org.apache.hadoop.hive.ql.io.parquet.serde.TestParquetTimestampsHive2Compatibility" time="0"/>
  <testcase name="testWriteHive2ReadHive4UsingLegacyConversion(String)[796]" classname="org.apache.hadoop.hive.ql.io.parquet.serde.TestParquetTimestampsHive2Compatibility" time="0.001"/>
  <testcase name="testWriteHive2ReadHive4UsingLegacyConversion(String)[797]" classname="org.apache.hadoop.hive.ql.io.parquet.serde.TestParquetTimestampsHive2Compatibility" time="0"/>
  <testcase name="testWriteHive2ReadHive4UsingLegacyConversion(String)[798]" classname="org.apache.hadoop.hive.ql.io.parquet.serde.TestParquetTimestampsHive2Compatibility" time="0.001"/>
  <testcase name="testWriteHive2ReadHive4UsingLegacyConversion(String)[799]" classname="org.apache.hadoop.hive.ql.io.parquet.serde.TestParquetTimestampsHive2Compatibility" time="0"/>
  <testcase name="testWriteHive2ReadHive4UsingLegacyConversion(String)[800]" classname="org.apache.hadoop.hive.ql.io.parquet.serde.TestParquetTimestampsHive2Compatibility" time="0"/>
  <testcase name="testWriteHive2ReadHive4UsingLegacyConversion(String)[801]" classname="org.apache.hadoop.hive.ql.io.parquet.serde.TestParquetTimestampsHive2Compatibility" time="0"/>
  <testcase name="testWriteHive2ReadHive4UsingLegacyConversion(String)[802]" classname="org.apache.hadoop.hive.ql.io.parquet.serde.TestParquetTimestampsHive2Compatibility" time="0"/>
  <testcase name="testWriteHive2ReadHive4UsingLegacyConversion(String)[803]" classname="org.apache.hadoop.hive.ql.io.parquet.serde.TestParquetTimestampsHive2Compatibility" time="0.001"/>
  <testcase name="testWriteHive2ReadHive4UsingLegacyConversion(String)[804]" classname="org.apache.hadoop.hive.ql.io.parquet.serde.TestParquetTimestampsHive2Compatibility" time="0"/>
  <testcase name="testWriteHive2ReadHive4UsingLegacyConversion(String)[805]" classname="org.apache.hadoop.hive.ql.io.parquet.serde.TestParquetTimestampsHive2Compatibility" time="0"/>
  <testcase name="testWriteHive2ReadHive4UsingLegacyConversion(String)[806]" classname="org.apache.hadoop.hive.ql.io.parquet.serde.TestParquetTimestampsHive2Compatibility" time="0.001"/>
  <testcase name="testWriteHive2ReadHive4UsingLegacyConversion(String)[807]" classname="org.apache.hadoop.hive.ql.io.parquet.serde.TestParquetTimestampsHive2Compatibility" time="0"/>
  <testcase name="testWriteHive2ReadHive4UsingLegacyConversion(String)[808]" classname="org.apache.hadoop.hive.ql.io.parquet.serde.TestParquetTimestampsHive2Compatibility" time="0"/>
  <testcase name="testWriteHive2ReadHive4UsingLegacyConversion(String)[809]" classname="org.apache.hadoop.hive.ql.io.parquet.serde.TestParquetTimestampsHive2Compatibility" time="0.001"/>
  <testcase name="testWriteHive2ReadHive4UsingLegacyConversion(String)[810]" classname="org.apache.hadoop.hive.ql.io.parquet.serde.TestParquetTimestampsHive2Compatibility" time="0"/>
  <testcase name="testWriteHive2ReadHive4UsingLegacyConversion(String)[811]" classname="org.apache.hadoop.hive.ql.io.parquet.serde.TestParquetTimestampsHive2Compatibility" time="0.001"/>
  <testcase name="testWriteHive2ReadHive4UsingLegacyConversion(String)[812]" classname="org.apache.hadoop.hive.ql.io.parquet.serde.TestParquetTimestampsHive2Compatibility" time="0"/>
  <testcase name="testWriteHive2ReadHive4UsingLegacyConversion(String)[813]" classname="org.apache.hadoop.hive.ql.io.parquet.serde.TestParquetTimestampsHive2Compatibility" time="0"/>
  <testcase name="testWriteHive2ReadHive4UsingLegacyConversion(String)[814]" classname="org.apache.hadoop.hive.ql.io.parquet.serde.TestParquetTimestampsHive2Compatibility" time="0"/>
  <testcase name="testWriteHive2ReadHive4UsingLegacyConversion(String)[815]" classname="org.apache.hadoop.hive.ql.io.parquet.serde.TestParquetTimestampsHive2Compatibility" time="0"/>
  <testcase name="testWriteHive2ReadHive4UsingLegacyConversion(String)[816]" classname="org.apache.hadoop.hive.ql.io.parquet.serde.TestParquetTimestampsHive2Compatibility" time="0.001"/>
  <testcase name="testWriteHive2ReadHive4UsingLegacyConversion(String)[817]" classname="org.apache.hadoop.hive.ql.io.parquet.serde.TestParquetTimestampsHive2Compatibility" time="0.001"/>
  <testcase name="testWriteHive2ReadHive4UsingLegacyConversion(String)[818]" classname="org.apache.hadoop.hive.ql.io.parquet.serde.TestParquetTimestampsHive2Compatibility" time="0.001"/>
  <testcase name="testWriteHive2ReadHive4UsingLegacyConversion(String)[819]" classname="org.apache.hadoop.hive.ql.io.parquet.serde.TestParquetTimestampsHive2Compatibility" time="0"/>
  <testcase name="testWriteHive2ReadHive4UsingLegacyConversion(String)[820]" classname="org.apache.hadoop.hive.ql.io.parquet.serde.TestParquetTimestampsHive2Compatibility" time="0"/>
  <testcase name="testWriteHive2ReadHive4UsingLegacyConversion(String)[821]" classname="org.apache.hadoop.hive.ql.io.parquet.serde.TestParquetTimestampsHive2Compatibility" time="0"/>
  <testcase name="testWriteHive2ReadHive4UsingLegacyConversion(String)[822]" classname="org.apache.hadoop.hive.ql.io.parquet.serde.TestParquetTimestampsHive2Compatibility" time="0"/>
  <testcase name="testWriteHive2ReadHive4UsingLegacyConversion(String)[823]" classname="org.apache.hadoop.hive.ql.io.parquet.serde.TestParquetTimestampsHive2Compatibility" time="0.001"/>
  <testcase name="testWriteHive2ReadHive4UsingLegacyConversion(String)[824]" classname="org.apache.hadoop.hive.ql.io.parquet.serde.TestParquetTimestampsHive2Compatibility" time="0.001"/>
  <testcase name="testWriteHive2ReadHive4UsingLegacyConversion(String)[825]" classname="org.apache.hadoop.hive.ql.io.parquet.serde.TestParquetTimestampsHive2Compatibility" time="0"/>
  <testcase name="testWriteHive2ReadHive4UsingLegacyConversion(String)[826]" classname="org.apache.hadoop.hive.ql.io.parquet.serde.TestParquetTimestampsHive2Compatibility" time="0"/>
  <testcase name="testWriteHive2ReadHive4UsingLegacyConversion(String)[827]" classname="org.apache.hadoop.hive.ql.io.parquet.serde.TestParquetTimestampsHive2Compatibility" time="0.001"/>
  <testcase name="testWriteHive2ReadHive4UsingLegacyConversion(String)[828]" classname="org.apache.hadoop.hive.ql.io.parquet.serde.TestParquetTimestampsHive2Compatibility" time="0"/>
  <testcase name="testWriteHive2ReadHive4UsingLegacyConversion(String)[829]" classname="org.apache.hadoop.hive.ql.io.parquet.serde.TestParquetTimestampsHive2Compatibility" time="0.001"/>
  <testcase name="testWriteHive2ReadHive4UsingLegacyConversion(String)[830]" classname="org.apache.hadoop.hive.ql.io.parquet.serde.TestParquetTimestampsHive2Compatibility" time="0"/>
  <testcase name="testWriteHive2ReadHive4UsingLegacyConversion(String)[831]" classname="org.apache.hadoop.hive.ql.io.parquet.serde.TestParquetTimestampsHive2Compatibility" time="0"/>
  <testcase name="testWriteHive2ReadHive4UsingLegacyConversion(String)[832]" classname="org.apache.hadoop.hive.ql.io.parquet.serde.TestParquetTimestampsHive2Compatibility" time="0"/>
  <testcase name="testWriteHive2ReadHive4UsingLegacyConversion(String)[833]" classname="org.apache.hadoop.hive.ql.io.parquet.serde.TestParquetTimestampsHive2Compatibility" time="0"/>
  <testcase name="testWriteHive2ReadHive4UsingLegacyConversion(String)[834]" classname="org.apache.hadoop.hive.ql.io.parquet.serde.TestParquetTimestampsHive2Compatibility" time="0"/>
  <testcase name="testWriteHive2ReadHive4UsingLegacyConversion(String)[835]" classname="org.apache.hadoop.hive.ql.io.parquet.serde.TestParquetTimestampsHive2Compatibility" time="0.001"/>
  <testcase name="testWriteHive2ReadHive4UsingLegacyConversion(String)[836]" classname="org.apache.hadoop.hive.ql.io.parquet.serde.TestParquetTimestampsHive2Compatibility" time="0.001"/>
  <testcase name="testWriteHive2ReadHive4UsingLegacyConversion(String)[837]" classname="org.apache.hadoop.hive.ql.io.parquet.serde.TestParquetTimestampsHive2Compatibility" time="0.001"/>
  <testcase name="testWriteHive2ReadHive4UsingLegacyConversion(String)[838]" classname="org.apache.hadoop.hive.ql.io.parquet.serde.TestParquetTimestampsHive2Compatibility" time="0.001"/>
  <testcase name="testWriteHive2ReadHive4UsingLegacyConversion(String)[839]" classname="org.apache.hadoop.hive.ql.io.parquet.serde.TestParquetTimestampsHive2Compatibility" time="0"/>
  <testcase name="testWriteHive2ReadHive4UsingLegacyConversion(String)[840]" classname="org.apache.hadoop.hive.ql.io.parquet.serde.TestParquetTimestampsHive2Compatibility" time="0"/>
  <testcase name="testWriteHive2ReadHive4UsingLegacyConversion(String)[841]" classname="org.apache.hadoop.hive.ql.io.parquet.serde.TestParquetTimestampsHive2Compatibility" time="0.001"/>
  <testcase name="testWriteHive2ReadHive4UsingLegacyConversion(String)[842]" classname="org.apache.hadoop.hive.ql.io.parquet.serde.TestParquetTimestampsHive2Compatibility" time="0"/>
  <testcase name="testWriteHive2ReadHive4UsingLegacyConversion(String)[843]" classname="org.apache.hadoop.hive.ql.io.parquet.serde.TestParquetTimestampsHive2Compatibility" time="0"/>
  <testcase name="testWriteHive2ReadHive4UsingLegacyConversion(String)[844]" classname="org.apache.hadoop.hive.ql.io.parquet.serde.TestParquetTimestampsHive2Compatibility" time="0"/>
  <testcase name="testWriteHive2ReadHive4UsingLegacyConversion(String)[845]" classname="org.apache.hadoop.hive.ql.io.parquet.serde.TestParquetTimestampsHive2Compatibility" time="0.001"/>
  <testcase name="testWriteHive2ReadHive4UsingLegacyConversion(String)[846]" classname="org.apache.hadoop.hive.ql.io.parquet.serde.TestParquetTimestampsHive2Compatibility" time="0"/>
  <testcase name="testWriteHive2ReadHive4UsingLegacyConversion(String)[847]" classname="org.apache.hadoop.hive.ql.io.parquet.serde.TestParquetTimestampsHive2Compatibility" time="0.001"/>
  <testcase name="testWriteHive2ReadHive4UsingLegacyConversion(String)[848]" classname="org.apache.hadoop.hive.ql.io.parquet.serde.TestParquetTimestampsHive2Compatibility" time="0"/>
  <testcase name="testWriteHive2ReadHive4UsingLegacyConversion(String)[849]" classname="org.apache.hadoop.hive.ql.io.parquet.serde.TestParquetTimestampsHive2Compatibility" time="0"/>
  <testcase name="testWriteHive2ReadHive4UsingLegacyConversion(String)[850]" classname="org.apache.hadoop.hive.ql.io.parquet.serde.TestParquetTimestampsHive2Compatibility" time="0"/>
  <testcase name="testWriteHive2ReadHive4UsingLegacyConversion(String)[851]" classname="org.apache.hadoop.hive.ql.io.parquet.serde.TestParquetTimestampsHive2Compatibility" time="0.001"/>
  <testcase name="testWriteHive2ReadHive4UsingLegacyConversion(String)[852]" classname="org.apache.hadoop.hive.ql.io.parquet.serde.TestParquetTimestampsHive2Compatibility" time="0"/>
  <testcase name="testWriteHive2ReadHive4UsingLegacyConversion(String)[853]" classname="org.apache.hadoop.hive.ql.io.parquet.serde.TestParquetTimestampsHive2Compatibility" time="0"/>
  <testcase name="testWriteHive2ReadHive4UsingLegacyConversion(String)[854]" classname="org.apache.hadoop.hive.ql.io.parquet.serde.TestParquetTimestampsHive2Compatibility" time="0"/>
  <testcase name="testWriteHive2ReadHive4UsingLegacyConversion(String)[855]" classname="org.apache.hadoop.hive.ql.io.parquet.serde.TestParquetTimestampsHive2Compatibility" time="0"/>
  <testcase name="testWriteHive2ReadHive4UsingLegacyConversion(String)[856]" classname="org.apache.hadoop.hive.ql.io.parquet.serde.TestParquetTimestampsHive2Compatibility" time="0"/>
  <testcase name="testWriteHive2ReadHive4UsingLegacyConversion(String)[857]" classname="org.apache.hadoop.hive.ql.io.parquet.serde.TestParquetTimestampsHive2Compatibility" time="0"/>
  <testcase name="testWriteHive2ReadHive4UsingLegacyConversion(String)[858]" classname="org.apache.hadoop.hive.ql.io.parquet.serde.TestParquetTimestampsHive2Compatibility" time="0.001"/>
  <testcase name="testWriteHive2ReadHive4UsingLegacyConversion(String)[859]" classname="org.apache.hadoop.hive.ql.io.parquet.serde.TestParquetTimestampsHive2Compatibility" time="0"/>
  <testcase name="testWriteHive2ReadHive4UsingLegacyConversion(String)[860]" classname="org.apache.hadoop.hive.ql.io.parquet.serde.TestParquetTimestampsHive2Compatibility" time="0.003"/>
  <testcase name="testWriteHive2ReadHive4UsingLegacyConversion(String)[861]" classname="org.apache.hadoop.hive.ql.io.parquet.serde.TestParquetTimestampsHive2Compatibility" time="0"/>
  <testcase name="testWriteHive2ReadHive4UsingLegacyConversion(String)[862]" classname="org.apache.hadoop.hive.ql.io.parquet.serde.TestParquetTimestampsHive2Compatibility" time="0"/>
  <testcase name="testWriteHive2ReadHive4UsingLegacyConversion(String)[863]" classname="org.apache.hadoop.hive.ql.io.parquet.serde.TestParquetTimestampsHive2Compatibility" time="0"/>
  <testcase name="testWriteHive2ReadHive4UsingLegacyConversion(String)[864]" classname="org.apache.hadoop.hive.ql.io.parquet.serde.TestParquetTimestampsHive2Compatibility" time="0"/>
  <testcase name="testWriteHive2ReadHive4UsingLegacyConversion(String)[865]" classname="org.apache.hadoop.hive.ql.io.parquet.serde.TestParquetTimestampsHive2Compatibility" time="0.001"/>
  <testcase name="testWriteHive2ReadHive4UsingLegacyConversion(String)[866]" classname="org.apache.hadoop.hive.ql.io.parquet.serde.TestParquetTimestampsHive2Compatibility" time="0"/>
  <testcase name="testWriteHive2ReadHive4UsingLegacyConversion(String)[867]" classname="org.apache.hadoop.hive.ql.io.parquet.serde.TestParquetTimestampsHive2Compatibility" time="0"/>
  <testcase name="testWriteHive2ReadHive4UsingLegacyConversion(String)[868]" classname="org.apache.hadoop.hive.ql.io.parquet.serde.TestParquetTimestampsHive2Compatibility" time="0.001"/>
  <testcase name="testWriteHive2ReadHive4UsingLegacyConversion(String)[869]" classname="org.apache.hadoop.hive.ql.io.parquet.serde.TestParquetTimestampsHive2Compatibility" time="0"/>
  <testcase name="testWriteHive2ReadHive4UsingLegacyConversion(String)[870]" classname="org.apache.hadoop.hive.ql.io.parquet.serde.TestParquetTimestampsHive2Compatibility" time="0.001"/>
  <testcase name="testWriteHive2ReadHive4UsingLegacyConversion(String)[871]" classname="org.apache.hadoop.hive.ql.io.parquet.serde.TestParquetTimestampsHive2Compatibility" time="0"/>
  <testcase name="testWriteHive2ReadHive4UsingLegacyConversion(String)[872]" classname="org.apache.hadoop.hive.ql.io.parquet.serde.TestParquetTimestampsHive2Compatibility" time="0"/>
  <testcase name="testWriteHive2ReadHive4UsingLegacyConversion(String)[873]" classname="org.apache.hadoop.hive.ql.io.parquet.serde.TestParquetTimestampsHive2Compatibility" time="0.001"/>
  <testcase name="testWriteHive2ReadHive4UsingLegacyConversion(String)[874]" classname="org.apache.hadoop.hive.ql.io.parquet.serde.TestParquetTimestampsHive2Compatibility" time="0"/>
  <testcase name="testWriteHive2ReadHive4UsingLegacyConversion(String)[875]" classname="org.apache.hadoop.hive.ql.io.parquet.serde.TestParquetTimestampsHive2Compatibility" time="0"/>
  <testcase name="testWriteHive2ReadHive4UsingLegacyConversion(String)[876]" classname="org.apache.hadoop.hive.ql.io.parquet.serde.TestParquetTimestampsHive2Compatibility" time="0"/>
  <testcase name="testWriteHive2ReadHive4UsingLegacyConversion(String)[877]" classname="org.apache.hadoop.hive.ql.io.parquet.serde.TestParquetTimestampsHive2Compatibility" time="0"/>
  <testcase name="testWriteHive2ReadHive4UsingLegacyConversion(String)[878]" classname="org.apache.hadoop.hive.ql.io.parquet.serde.TestParquetTimestampsHive2Compatibility" time="0.001"/>
  <testcase name="testWriteHive2ReadHive4UsingLegacyConversion(String)[879]" classname="org.apache.hadoop.hive.ql.io.parquet.serde.TestParquetTimestampsHive2Compatibility" time="0"/>
  <testcase name="testWriteHive2ReadHive4UsingLegacyConversion(String)[880]" classname="org.apache.hadoop.hive.ql.io.parquet.serde.TestParquetTimestampsHive2Compatibility" time="0"/>
  <testcase name="testWriteHive2ReadHive4UsingLegacyConversion(String)[881]" classname="org.apache.hadoop.hive.ql.io.parquet.serde.TestParquetTimestampsHive2Compatibility" time="0"/>
  <testcase name="testWriteHive2ReadHive4UsingLegacyConversion(String)[882]" classname="org.apache.hadoop.hive.ql.io.parquet.serde.TestParquetTimestampsHive2Compatibility" time="0"/>
  <testcase name="testWriteHive2ReadHive4UsingLegacyConversion(String)[883]" classname="org.apache.hadoop.hive.ql.io.parquet.serde.TestParquetTimestampsHive2Compatibility" time="0.001"/>
  <testcase name="testWriteHive2ReadHive4UsingLegacyConversion(String)[884]" classname="org.apache.hadoop.hive.ql.io.parquet.serde.TestParquetTimestampsHive2Compatibility" time="0"/>
  <testcase name="testWriteHive2ReadHive4UsingLegacyConversion(String)[885]" classname="org.apache.hadoop.hive.ql.io.parquet.serde.TestParquetTimestampsHive2Compatibility" time="0"/>
  <testcase name="testWriteHive2ReadHive4UsingLegacyConversion(String)[886]" classname="org.apache.hadoop.hive.ql.io.parquet.serde.TestParquetTimestampsHive2Compatibility" time="0.001"/>
  <testcase name="testWriteHive2ReadHive4UsingLegacyConversion(String)[887]" classname="org.apache.hadoop.hive.ql.io.parquet.serde.TestParquetTimestampsHive2Compatibility" time="0"/>
  <testcase name="testWriteHive2ReadHive4UsingLegacyConversion(String)[888]" classname="org.apache.hadoop.hive.ql.io.parquet.serde.TestParquetTimestampsHive2Compatibility" time="0"/>
  <testcase name="testWriteHive2ReadHive4UsingLegacyConversion(String)[889]" classname="org.apache.hadoop.hive.ql.io.parquet.serde.TestParquetTimestampsHive2Compatibility" time="0"/>
  <testcase name="testWriteHive2ReadHive4UsingLegacyConversion(String)[890]" classname="org.apache.hadoop.hive.ql.io.parquet.serde.TestParquetTimestampsHive2Compatibility" time="0"/>
  <testcase name="testWriteHive2ReadHive4UsingLegacyConversion(String)[891]" classname="org.apache.hadoop.hive.ql.io.parquet.serde.TestParquetTimestampsHive2Compatibility" time="0"/>
  <testcase name="testWriteHive2ReadHive4UsingLegacyConversion(String)[892]" classname="org.apache.hadoop.hive.ql.io.parquet.serde.TestParquetTimestampsHive2Compatibility" time="0"/>
  <testcase name="testWriteHive2ReadHive4UsingLegacyConversion(String)[893]" classname="org.apache.hadoop.hive.ql.io.parquet.serde.TestParquetTimestampsHive2Compatibility" time="0"/>
  <testcase name="testWriteHive2ReadHive4UsingLegacyConversion(String)[894]" classname="org.apache.hadoop.hive.ql.io.parquet.serde.TestParquetTimestampsHive2Compatibility" time="0"/>
  <testcase name="testWriteHive2ReadHive4UsingLegacyConversion(String)[895]" classname="org.apache.hadoop.hive.ql.io.parquet.serde.TestParquetTimestampsHive2Compatibility" time="0"/>
  <testcase name="testWriteHive2ReadHive4UsingLegacyConversion(String)[896]" classname="org.apache.hadoop.hive.ql.io.parquet.serde.TestParquetTimestampsHive2Compatibility" time="0"/>
  <testcase name="testWriteHive2ReadHive4UsingLegacyConversion(String)[897]" classname="org.apache.hadoop.hive.ql.io.parquet.serde.TestParquetTimestampsHive2Compatibility" time="0.001"/>
  <testcase name="testWriteHive2ReadHive4UsingLegacyConversion(String)[898]" classname="org.apache.hadoop.hive.ql.io.parquet.serde.TestParquetTimestampsHive2Compatibility" time="0.001"/>
  <testcase name="testWriteHive2ReadHive4UsingLegacyConversion(String)[899]" classname="org.apache.hadoop.hive.ql.io.parquet.serde.TestParquetTimestampsHive2Compatibility" time="0"/>
  <testcase name="testWriteHive2ReadHive4UsingLegacyConversion(String)[900]" classname="org.apache.hadoop.hive.ql.io.parquet.serde.TestParquetTimestampsHive2Compatibility" time="0"/>
  <testcase name="testWriteHive2ReadHive4UsingLegacyConversion(String)[901]" classname="org.apache.hadoop.hive.ql.io.parquet.serde.TestParquetTimestampsHive2Compatibility" time="0.001"/>
  <testcase name="testWriteHive2ReadHive4UsingLegacyConversion(String)[902]" classname="org.apache.hadoop.hive.ql.io.parquet.serde.TestParquetTimestampsHive2Compatibility" time="0.001"/>
  <testcase name="testWriteHive2ReadHive4UsingLegacyConversion(String)[903]" classname="org.apache.hadoop.hive.ql.io.parquet.serde.TestParquetTimestampsHive2Compatibility" time="0"/>
  <testcase name="testWriteHive2ReadHive4UsingLegacyConversion(String)[904]" classname="org.apache.hadoop.hive.ql.io.parquet.serde.TestParquetTimestampsHive2Compatibility" time="0"/>
  <testcase name="testWriteHive2ReadHive4UsingLegacyConversion(String)[905]" classname="org.apache.hadoop.hive.ql.io.parquet.serde.TestParquetTimestampsHive2Compatibility" time="0"/>
  <testcase name="testWriteHive2ReadHive4UsingLegacyConversion(String)[906]" classname="org.apache.hadoop.hive.ql.io.parquet.serde.TestParquetTimestampsHive2Compatibility" time="0.001"/>
  <testcase name="testWriteHive2ReadHive4UsingLegacyConversion(String)[907]" classname="org.apache.hadoop.hive.ql.io.parquet.serde.TestParquetTimestampsHive2Compatibility" time="0"/>
  <testcase name="testWriteHive2ReadHive4UsingLegacyConversion(String)[908]" classname="org.apache.hadoop.hive.ql.io.parquet.serde.TestParquetTimestampsHive2Compatibility" time="0"/>
  <testcase name="testWriteHive2ReadHive4UsingLegacyConversion(String)[909]" classname="org.apache.hadoop.hive.ql.io.parquet.serde.TestParquetTimestampsHive2Compatibility" time="0"/>
  <testcase name="testWriteHive2ReadHive4UsingLegacyConversion(String)[910]" classname="org.apache.hadoop.hive.ql.io.parquet.serde.TestParquetTimestampsHive2Compatibility" time="0.001"/>
  <testcase name="testWriteHive2ReadHive4UsingLegacyConversion(String)[911]" classname="org.apache.hadoop.hive.ql.io.parquet.serde.TestParquetTimestampsHive2Compatibility" time="0.001"/>
  <testcase name="testWriteHive2ReadHive4UsingLegacyConversion(String)[912]" classname="org.apache.hadoop.hive.ql.io.parquet.serde.TestParquetTimestampsHive2Compatibility" time="0"/>
  <testcase name="testWriteHive2ReadHive4UsingLegacyConversion(String)[913]" classname="org.apache.hadoop.hive.ql.io.parquet.serde.TestParquetTimestampsHive2Compatibility" time="0"/>
  <testcase name="testWriteHive2ReadHive4UsingLegacyConversion(String)[914]" classname="org.apache.hadoop.hive.ql.io.parquet.serde.TestParquetTimestampsHive2Compatibility" time="0.001"/>
  <testcase name="testWriteHive2ReadHive4UsingLegacyConversion(String)[915]" classname="org.apache.hadoop.hive.ql.io.parquet.serde.TestParquetTimestampsHive2Compatibility" time="0"/>
  <testcase name="testWriteHive2ReadHive4UsingLegacyConversion(String)[916]" classname="org.apache.hadoop.hive.ql.io.parquet.serde.TestParquetTimestampsHive2Compatibility" time="0"/>
  <testcase name="testWriteHive2ReadHive4UsingLegacyConversion(String)[917]" classname="org.apache.hadoop.hive.ql.io.parquet.serde.TestParquetTimestampsHive2Compatibility" time="0.001"/>
  <testcase name="testWriteHive2ReadHive4UsingLegacyConversion(String)[918]" classname="org.apache.hadoop.hive.ql.io.parquet.serde.TestParquetTimestampsHive2Compatibility" time="0.001"/>
  <testcase name="testWriteHive2ReadHive4UsingLegacyConversion(String)[919]" classname="org.apache.hadoop.hive.ql.io.parquet.serde.TestParquetTimestampsHive2Compatibility" time="0"/>
  <testcase name="testWriteHive2ReadHive4UsingLegacyConversion(String)[920]" classname="org.apache.hadoop.hive.ql.io.parquet.serde.TestParquetTimestampsHive2Compatibility" time="0"/>
  <testcase name="testWriteHive2ReadHive4UsingLegacyConversion(String)[921]" classname="org.apache.hadoop.hive.ql.io.parquet.serde.TestParquetTimestampsHive2Compatibility" time="0.001"/>
  <testcase name="testWriteHive2ReadHive4UsingLegacyConversion(String)[922]" classname="org.apache.hadoop.hive.ql.io.parquet.serde.TestParquetTimestampsHive2Compatibility" time="0"/>
  <testcase name="testWriteHive2ReadHive4UsingLegacyConversion(String)[923]" classname="org.apache.hadoop.hive.ql.io.parquet.serde.TestParquetTimestampsHive2Compatibility" time="0"/>
  <testcase name="testWriteHive2ReadHive4UsingLegacyConversion(String)[924]" classname="org.apache.hadoop.hive.ql.io.parquet.serde.TestParquetTimestampsHive2Compatibility" time="0.001"/>
  <testcase name="testWriteHive2ReadHive4UsingLegacyConversion(String)[925]" classname="org.apache.hadoop.hive.ql.io.parquet.serde.TestParquetTimestampsHive2Compatibility" time="0"/>
  <testcase name="testWriteHive2ReadHive4UsingLegacyConversion(String)[926]" classname="org.apache.hadoop.hive.ql.io.parquet.serde.TestParquetTimestampsHive2Compatibility" time="0"/>
  <testcase name="testWriteHive2ReadHive4UsingLegacyConversion(String)[927]" classname="org.apache.hadoop.hive.ql.io.parquet.serde.TestParquetTimestampsHive2Compatibility" time="0.001"/>
  <testcase name="testWriteHive2ReadHive4UsingLegacyConversion(String)[928]" classname="org.apache.hadoop.hive.ql.io.parquet.serde.TestParquetTimestampsHive2Compatibility" time="0"/>
  <testcase name="testWriteHive2ReadHive4UsingLegacyConversion(String)[929]" classname="org.apache.hadoop.hive.ql.io.parquet.serde.TestParquetTimestampsHive2Compatibility" time="0"/>
  <testcase name="testWriteHive2ReadHive4UsingLegacyConversion(String)[930]" classname="org.apache.hadoop.hive.ql.io.parquet.serde.TestParquetTimestampsHive2Compatibility" time="0.001"/>
  <testcase name="testWriteHive2ReadHive4UsingLegacyConversion(String)[931]" classname="org.apache.hadoop.hive.ql.io.parquet.serde.TestParquetTimestampsHive2Compatibility" time="0"/>
  <testcase name="testWriteHive2ReadHive4UsingLegacyConversion(String)[932]" classname="org.apache.hadoop.hive.ql.io.parquet.serde.TestParquetTimestampsHive2Compatibility" time="0"/>
  <testcase name="testWriteHive2ReadHive4UsingLegacyConversion(String)[933]" classname="org.apache.hadoop.hive.ql.io.parquet.serde.TestParquetTimestampsHive2Compatibility" time="0.001"/>
  <testcase name="testWriteHive2ReadHive4UsingLegacyConversion(String)[934]" classname="org.apache.hadoop.hive.ql.io.parquet.serde.TestParquetTimestampsHive2Compatibility" time="0"/>
  <testcase name="testWriteHive2ReadHive4UsingLegacyConversion(String)[935]" classname="org.apache.hadoop.hive.ql.io.parquet.serde.TestParquetTimestampsHive2Compatibility" time="0"/>
  <testcase name="testWriteHive2ReadHive4UsingLegacyConversion(String)[936]" classname="org.apache.hadoop.hive.ql.io.parquet.serde.TestParquetTimestampsHive2Compatibility" time="0.001"/>
  <testcase name="testWriteHive2ReadHive4UsingLegacyConversion(String)[937]" classname="org.apache.hadoop.hive.ql.io.parquet.serde.TestParquetTimestampsHive2Compatibility" time="0"/>
  <testcase name="testWriteHive2ReadHive4UsingLegacyConversion(String)[938]" classname="org.apache.hadoop.hive.ql.io.parquet.serde.TestParquetTimestampsHive2Compatibility" time="0"/>
  <testcase name="testWriteHive2ReadHive4UsingLegacyConversion(String)[939]" classname="org.apache.hadoop.hive.ql.io.parquet.serde.TestParquetTimestampsHive2Compatibility" time="0"/>
  <testcase name="testWriteHive2ReadHive4UsingLegacyConversion(String)[940]" classname="org.apache.hadoop.hive.ql.io.parquet.serde.TestParquetTimestampsHive2Compatibility" time="0.001"/>
  <testcase name="testWriteHive2ReadHive4UsingLegacyConversion(String)[941]" classname="org.apache.hadoop.hive.ql.io.parquet.serde.TestParquetTimestampsHive2Compatibility" time="0"/>
  <testcase name="testWriteHive2ReadHive4UsingLegacyConversion(String)[942]" classname="org.apache.hadoop.hive.ql.io.parquet.serde.TestParquetTimestampsHive2Compatibility" time="0"/>
  <testcase name="testWriteHive2ReadHive4UsingLegacyConversion(String)[943]" classname="org.apache.hadoop.hive.ql.io.parquet.serde.TestParquetTimestampsHive2Compatibility" time="0.001"/>
  <testcase name="testWriteHive2ReadHive4UsingLegacyConversion(String)[944]" classname="org.apache.hadoop.hive.ql.io.parquet.serde.TestParquetTimestampsHive2Compatibility" time="0.001"/>
  <testcase name="testWriteHive2ReadHive4UsingLegacyConversion(String)[945]" classname="org.apache.hadoop.hive.ql.io.parquet.serde.TestParquetTimestampsHive2Compatibility" time="0"/>
  <testcase name="testWriteHive2ReadHive4UsingLegacyConversion(String)[946]" classname="org.apache.hadoop.hive.ql.io.parquet.serde.TestParquetTimestampsHive2Compatibility" time="0.001"/>
  <testcase name="testWriteHive2ReadHive4UsingLegacyConversion(String)[947]" classname="org.apache.hadoop.hive.ql.io.parquet.serde.TestParquetTimestampsHive2Compatibility" time="0"/>
  <testcase name="testWriteHive2ReadHive4UsingLegacyConversion(String)[948]" classname="org.apache.hadoop.hive.ql.io.parquet.serde.TestParquetTimestampsHive2Compatibility" time="0"/>
  <testcase name="testWriteHive2ReadHive4UsingLegacyConversion(String)[949]" classname="org.apache.hadoop.hive.ql.io.parquet.serde.TestParquetTimestampsHive2Compatibility" time="0"/>
  <testcase name="testWriteHive2ReadHive4UsingLegacyConversion(String)[950]" classname="org.apache.hadoop.hive.ql.io.parquet.serde.TestParquetTimestampsHive2Compatibility" time="0.001"/>
  <testcase name="testWriteHive2ReadHive4UsingLegacyConversion(String)[951]" classname="org.apache.hadoop.hive.ql.io.parquet.serde.TestParquetTimestampsHive2Compatibility" time="0"/>
  <testcase name="testWriteHive2ReadHive4UsingLegacyConversion(String)[952]" classname="org.apache.hadoop.hive.ql.io.parquet.serde.TestParquetTimestampsHive2Compatibility" time="0"/>
  <testcase name="testWriteHive2ReadHive4UsingLegacyConversion(String)[953]" classname="org.apache.hadoop.hive.ql.io.parquet.serde.TestParquetTimestampsHive2Compatibility" time="0.001"/>
  <testcase name="testWriteHive2ReadHive4UsingLegacyConversion(String)[954]" classname="org.apache.hadoop.hive.ql.io.parquet.serde.TestParquetTimestampsHive2Compatibility" time="0"/>
  <testcase name="testWriteHive2ReadHive4UsingLegacyConversion(String)[955]" classname="org.apache.hadoop.hive.ql.io.parquet.serde.TestParquetTimestampsHive2Compatibility" time="0"/>
  <testcase name="testWriteHive2ReadHive4UsingLegacyConversion(String)[956]" classname="org.apache.hadoop.hive.ql.io.parquet.serde.TestParquetTimestampsHive2Compatibility" time="0.001"/>
  <testcase name="testWriteHive2ReadHive4UsingLegacyConversion(String)[957]" classname="org.apache.hadoop.hive.ql.io.parquet.serde.TestParquetTimestampsHive2Compatibility" time="0"/>
  <testcase name="testWriteHive2ReadHive4UsingLegacyConversion(String)[958]" classname="org.apache.hadoop.hive.ql.io.parquet.serde.TestParquetTimestampsHive2Compatibility" time="0"/>
  <testcase name="testWriteHive2ReadHive4UsingLegacyConversion(String)[959]" classname="org.apache.hadoop.hive.ql.io.parquet.serde.TestParquetTimestampsHive2Compatibility" time="0.001"/>
  <testcase name="testWriteHive2ReadHive4UsingLegacyConversion(String)[960]" classname="org.apache.hadoop.hive.ql.io.parquet.serde.TestParquetTimestampsHive2Compatibility" time="0"/>
  <testcase name="testWriteHive2ReadHive4UsingLegacyConversion(String)[961]" classname="org.apache.hadoop.hive.ql.io.parquet.serde.TestParquetTimestampsHive2Compatibility" time="0.001"/>
  <testcase name="testWriteHive2ReadHive4UsingLegacyConversion(String)[962]" classname="org.apache.hadoop.hive.ql.io.parquet.serde.TestParquetTimestampsHive2Compatibility" time="0"/>
  <testcase name="testWriteHive2ReadHive4UsingLegacyConversion(String)[963]" classname="org.apache.hadoop.hive.ql.io.parquet.serde.TestParquetTimestampsHive2Compatibility" time="0"/>
  <testcase name="testWriteHive2ReadHive4UsingLegacyConversion(String)[964]" classname="org.apache.hadoop.hive.ql.io.parquet.serde.TestParquetTimestampsHive2Compatibility" time="0.001"/>
  <testcase name="testWriteHive2ReadHive4UsingLegacyConversion(String)[965]" classname="org.apache.hadoop.hive.ql.io.parquet.serde.TestParquetTimestampsHive2Compatibility" time="0"/>
  <testcase name="testWriteHive2ReadHive4UsingLegacyConversion(String)[966]" classname="org.apache.hadoop.hive.ql.io.parquet.serde.TestParquetTimestampsHive2Compatibility" time="0"/>
  <testcase name="testWriteHive2ReadHive4UsingLegacyConversion(String)[967]" classname="org.apache.hadoop.hive.ql.io.parquet.serde.TestParquetTimestampsHive2Compatibility" time="0"/>
  <testcase name="testWriteHive2ReadHive4UsingLegacyConversion(String)[968]" classname="org.apache.hadoop.hive.ql.io.parquet.serde.TestParquetTimestampsHive2Compatibility" time="0"/>
  <testcase name="testWriteHive2ReadHive4UsingLegacyConversion(String)[969]" classname="org.apache.hadoop.hive.ql.io.parquet.serde.TestParquetTimestampsHive2Compatibility" time="0.001"/>
  <testcase name="testWriteHive2ReadHive4UsingLegacyConversion(String)[970]" classname="org.apache.hadoop.hive.ql.io.parquet.serde.TestParquetTimestampsHive2Compatibility" time="0"/>
  <testcase name="testWriteHive2ReadHive4UsingLegacyConversion(String)[971]" classname="org.apache.hadoop.hive.ql.io.parquet.serde.TestParquetTimestampsHive2Compatibility" time="0"/>
  <testcase name="testWriteHive2ReadHive4UsingLegacyConversion(String)[972]" classname="org.apache.hadoop.hive.ql.io.parquet.serde.TestParquetTimestampsHive2Compatibility" time="0"/>
  <testcase name="testWriteHive2ReadHive4UsingLegacyConversion(String)[973]" classname="org.apache.hadoop.hive.ql.io.parquet.serde.TestParquetTimestampsHive2Compatibility" time="0"/>
  <testcase name="testWriteHive2ReadHive4UsingLegacyConversion(String)[974]" classname="org.apache.hadoop.hive.ql.io.parquet.serde.TestParquetTimestampsHive2Compatibility" time="0.001"/>
  <testcase name="testWriteHive2ReadHive4UsingLegacyConversion(String)[975]" classname="org.apache.hadoop.hive.ql.io.parquet.serde.TestParquetTimestampsHive2Compatibility" time="0"/>
  <testcase name="testWriteHive2ReadHive4UsingLegacyConversion(String)[976]" classname="org.apache.hadoop.hive.ql.io.parquet.serde.TestParquetTimestampsHive2Compatibility" time="0.001"/>
  <testcase name="testWriteHive2ReadHive4UsingLegacyConversion(String)[977]" classname="org.apache.hadoop.hive.ql.io.parquet.serde.TestParquetTimestampsHive2Compatibility" time="0"/>
  <testcase name="testWriteHive2ReadHive4UsingLegacyConversion(String)[978]" classname="org.apache.hadoop.hive.ql.io.parquet.serde.TestParquetTimestampsHive2Compatibility" time="0"/>
  <testcase name="testWriteHive2ReadHive4UsingLegacyConversion(String)[979]" classname="org.apache.hadoop.hive.ql.io.parquet.serde.TestParquetTimestampsHive2Compatibility" time="0.001"/>
  <testcase name="testWriteHive2ReadHive4UsingLegacyConversion(String)[980]" classname="org.apache.hadoop.hive.ql.io.parquet.serde.TestParquetTimestampsHive2Compatibility" time="0"/>
  <testcase name="testWriteHive2ReadHive4UsingLegacyConversion(String)[981]" classname="org.apache.hadoop.hive.ql.io.parquet.serde.TestParquetTimestampsHive2Compatibility" time="0.001"/>
  <testcase name="testWriteHive2ReadHive4UsingLegacyConversion(String)[982]" classname="org.apache.hadoop.hive.ql.io.parquet.serde.TestParquetTimestampsHive2Compatibility" time="0"/>
  <testcase name="testWriteHive2ReadHive4UsingLegacyConversion(String)[983]" classname="org.apache.hadoop.hive.ql.io.parquet.serde.TestParquetTimestampsHive2Compatibility" time="0"/>
  <testcase name="testWriteHive2ReadHive4UsingLegacyConversion(String)[984]" classname="org.apache.hadoop.hive.ql.io.parquet.serde.TestParquetTimestampsHive2Compatibility" time="0.001"/>
  <testcase name="testWriteHive2ReadHive4UsingLegacyConversion(String)[985]" classname="org.apache.hadoop.hive.ql.io.parquet.serde.TestParquetTimestampsHive2Compatibility" time="0"/>
  <testcase name="testWriteHive2ReadHive4UsingLegacyConversion(String)[986]" classname="org.apache.hadoop.hive.ql.io.parquet.serde.TestParquetTimestampsHive2Compatibility" time="0.001"/>
  <testcase name="testWriteHive2ReadHive4UsingLegacyConversion(String)[987]" classname="org.apache.hadoop.hive.ql.io.parquet.serde.TestParquetTimestampsHive2Compatibility" time="0"/>
  <testcase name="testWriteHive2ReadHive4UsingLegacyConversion(String)[988]" classname="org.apache.hadoop.hive.ql.io.parquet.serde.TestParquetTimestampsHive2Compatibility" time="0"/>
  <testcase name="testWriteHive2ReadHive4UsingLegacyConversion(String)[989]" classname="org.apache.hadoop.hive.ql.io.parquet.serde.TestParquetTimestampsHive2Compatibility" time="0"/>
  <testcase name="testWriteHive2ReadHive4UsingLegacyConversion(String)[990]" classname="org.apache.hadoop.hive.ql.io.parquet.serde.TestParquetTimestampsHive2Compatibility" time="0"/>
  <testcase name="testWriteHive2ReadHive4UsingLegacyConversion(String)[991]" classname="org.apache.hadoop.hive.ql.io.parquet.serde.TestParquetTimestampsHive2Compatibility" time="0.001"/>
  <testcase name="testWriteHive2ReadHive4UsingLegacyConversion(String)[992]" classname="org.apache.hadoop.hive.ql.io.parquet.serde.TestParquetTimestampsHive2Compatibility" time="0"/>
  <testcase name="testWriteHive2ReadHive4UsingLegacyConversion(String)[993]" classname="org.apache.hadoop.hive.ql.io.parquet.serde.TestParquetTimestampsHive2Compatibility" time="0"/>
  <testcase name="testWriteHive2ReadHive4UsingLegacyConversion(String)[994]" classname="org.apache.hadoop.hive.ql.io.parquet.serde.TestParquetTimestampsHive2Compatibility" time="0"/>
  <testcase name="testWriteHive2ReadHive4UsingLegacyConversion(String)[995]" classname="org.apache.hadoop.hive.ql.io.parquet.serde.TestParquetTimestampsHive2Compatibility" time="0.001"/>
  <testcase name="testWriteHive2ReadHive4UsingLegacyConversion(String)[996]" classname="org.apache.hadoop.hive.ql.io.parquet.serde.TestParquetTimestampsHive2Compatibility" time="0"/>
  <testcase name="testWriteHive2ReadHive4UsingLegacyConversion(String)[997]" classname="org.apache.hadoop.hive.ql.io.parquet.serde.TestParquetTimestampsHive2Compatibility" time="0"/>
  <testcase name="testWriteHive2ReadHive4UsingLegacyConversion(String)[998]" classname="org.apache.hadoop.hive.ql.io.parquet.serde.TestParquetTimestampsHive2Compatibility" time="0.001"/>
  <testcase name="testWriteHive2ReadHive4UsingLegacyConversion(String)[999]" classname="org.apache.hadoop.hive.ql.io.parquet.serde.TestParquetTimestampsHive2Compatibility" time="0"/>
  <testcase name="testWriteHive2ReadHive4UsingLegacyConversion(String)[1000]" classname="org.apache.hadoop.hive.ql.io.parquet.serde.TestParquetTimestampsHive2Compatibility" time="0"/>
  <testcase name="testWriteHive2ReadHive4UsingLegacyConversion(String)[1001]" classname="org.apache.hadoop.hive.ql.io.parquet.serde.TestParquetTimestampsHive2Compatibility" time="0.001"/>
  <testcase name="testWriteHive2ReadHive4UsingLegacyConversion(String)[1002]" classname="org.apache.hadoop.hive.ql.io.parquet.serde.TestParquetTimestampsHive2Compatibility" time="0"/>
  <testcase name="testWriteHive2ReadHive4UsingLegacyConversion(String)[1003]" classname="org.apache.hadoop.hive.ql.io.parquet.serde.TestParquetTimestampsHive2Compatibility" time="0"/>
  <testcase name="testWriteHive2ReadHive4UsingLegacyConversion(String)[1004]" classname="org.apache.hadoop.hive.ql.io.parquet.serde.TestParquetTimestampsHive2Compatibility" time="0.001"/>
  <testcase name="testWriteHive2ReadHive4UsingLegacyConversion(String)[1005]" classname="org.apache.hadoop.hive.ql.io.parquet.serde.TestParquetTimestampsHive2Compatibility" time="0"/>
  <testcase name="testWriteHive2ReadHive4UsingLegacyConversion(String)[1006]" classname="org.apache.hadoop.hive.ql.io.parquet.serde.TestParquetTimestampsHive2Compatibility" time="0"/>
  <testcase name="testWriteHive2ReadHive4UsingLegacyConversion(String)[1007]" classname="org.apache.hadoop.hive.ql.io.parquet.serde.TestParquetTimestampsHive2Compatibility" time="0.001"/>
  <testcase name="testWriteHive2ReadHive4UsingLegacyConversion(String)[1008]" classname="org.apache.hadoop.hive.ql.io.parquet.serde.TestParquetTimestampsHive2Compatibility" time="0"/>
  <testcase name="testWriteHive2ReadHive4UsingLegacyConversion(String)[1009]" classname="org.apache.hadoop.hive.ql.io.parquet.serde.TestParquetTimestampsHive2Compatibility" time="0"/>
  <testcase name="testWriteHive2ReadHive4UsingLegacyConversion(String)[1010]" classname="org.apache.hadoop.hive.ql.io.parquet.serde.TestParquetTimestampsHive2Compatibility" time="0.001"/>
  <testcase name="testWriteHive2ReadHive4UsingLegacyConversion(String)[1011]" classname="org.apache.hadoop.hive.ql.io.parquet.serde.TestParquetTimestampsHive2Compatibility" time="0"/>
  <testcase name="testWriteHive2ReadHive4UsingLegacyConversion(String)[1012]" classname="org.apache.hadoop.hive.ql.io.parquet.serde.TestParquetTimestampsHive2Compatibility" time="0.001"/>
  <testcase name="testWriteHive2ReadHive4UsingLegacyConversion(String)[1013]" classname="org.apache.hadoop.hive.ql.io.parquet.serde.TestParquetTimestampsHive2Compatibility" time="0"/>
  <testcase name="testWriteHive2ReadHive4UsingLegacyConversion(String)[1014]" classname="org.apache.hadoop.hive.ql.io.parquet.serde.TestParquetTimestampsHive2Compatibility" time="0"/>
  <testcase name="testWriteHive2ReadHive4UsingLegacyConversion(String)[1015]" classname="org.apache.hadoop.hive.ql.io.parquet.serde.TestParquetTimestampsHive2Compatibility" time="0.001"/>
  <testcase name="testWriteHive2ReadHive4UsingLegacyConversion(String)[1016]" classname="org.apache.hadoop.hive.ql.io.parquet.serde.TestParquetTimestampsHive2Compatibility" time="0"/>
  <testcase name="testWriteHive2ReadHive4UsingLegacyConversion(String)[1017]" classname="org.apache.hadoop.hive.ql.io.parquet.serde.TestParquetTimestampsHive2Compatibility" time="0"/>
  <testcase name="testWriteHive2ReadHive4UsingLegacyConversion(String)[1018]" classname="org.apache.hadoop.hive.ql.io.parquet.serde.TestParquetTimestampsHive2Compatibility" time="0.001"/>
  <testcase name="testWriteHive2ReadHive4UsingLegacyConversion(String)[1019]" classname="org.apache.hadoop.hive.ql.io.parquet.serde.TestParquetTimestampsHive2Compatibility" time="0.001"/>
  <testcase name="testWriteHive2ReadHive4UsingLegacyConversion(String)[1020]" classname="org.apache.hadoop.hive.ql.io.parquet.serde.TestParquetTimestampsHive2Compatibility" time="0"/>
  <testcase name="testWriteHive2ReadHive4UsingLegacyConversion(String)[1021]" classname="org.apache.hadoop.hive.ql.io.parquet.serde.TestParquetTimestampsHive2Compatibility" time="0"/>
  <testcase name="testWriteHive2ReadHive4UsingLegacyConversion(String)[1022]" classname="org.apache.hadoop.hive.ql.io.parquet.serde.TestParquetTimestampsHive2Compatibility" time="0.001"/>
  <testcase name="testWriteHive2ReadHive4UsingLegacyConversion(String)[1023]" classname="org.apache.hadoop.hive.ql.io.parquet.serde.TestParquetTimestampsHive2Compatibility" time="0"/>
  <testcase name="testWriteHive2ReadHive4UsingLegacyConversion(String)[1024]" classname="org.apache.hadoop.hive.ql.io.parquet.serde.TestParquetTimestampsHive2Compatibility" time="0"/>
  <testcase name="testWriteHive2ReadHive4UsingLegacyConversion(String)[1025]" classname="org.apache.hadoop.hive.ql.io.parquet.serde.TestParquetTimestampsHive2Compatibility" time="0.001"/>
  <testcase name="testWriteHive2ReadHive4UsingLegacyConversion(String)[1026]" classname="org.apache.hadoop.hive.ql.io.parquet.serde.TestParquetTimestampsHive2Compatibility" time="0.001"/>
  <testcase name="testWriteHive2ReadHive4UsingLegacyConversion(String)[1027]" classname="org.apache.hadoop.hive.ql.io.parquet.serde.TestParquetTimestampsHive2Compatibility" time="0"/>
  <testcase name="testWriteHive2ReadHive4UsingLegacyConversion(String)[1028]" classname="org.apache.hadoop.hive.ql.io.parquet.serde.TestParquetTimestampsHive2Compatibility" time="0"/>
  <testcase name="testWriteHive2ReadHive4UsingLegacyConversion(String)[1029]" classname="org.apache.hadoop.hive.ql.io.parquet.serde.TestParquetTimestampsHive2Compatibility" time="0"/>
  <testcase name="testWriteHive2ReadHive4UsingLegacyConversion(String)[1030]" classname="org.apache.hadoop.hive.ql.io.parquet.serde.TestParquetTimestampsHive2Compatibility" time="0"/>
  <testcase name="testWriteHive2ReadHive4UsingLegacyConversion(String)[1031]" classname="org.apache.hadoop.hive.ql.io.parquet.serde.TestParquetTimestampsHive2Compatibility" time="0"/>
  <testcase name="testWriteHive2ReadHive4UsingLegacyConversion(String)[1032]" classname="org.apache.hadoop.hive.ql.io.parquet.serde.TestParquetTimestampsHive2Compatibility" time="0"/>
  <testcase name="testWriteHive2ReadHive4UsingLegacyConversion(String)[1033]" classname="org.apache.hadoop.hive.ql.io.parquet.serde.TestParquetTimestampsHive2Compatibility" time="0"/>
  <testcase name="testWriteHive2ReadHive4UsingLegacyConversion(String)[1034]" classname="org.apache.hadoop.hive.ql.io.parquet.serde.TestParquetTimestampsHive2Compatibility" time="0"/>
  <testcase name="testWriteHive2ReadHive4UsingLegacyConversion(String)[1035]" classname="org.apache.hadoop.hive.ql.io.parquet.serde.TestParquetTimestampsHive2Compatibility" time="0"/>
  <testcase name="testWriteHive2ReadHive4UsingLegacyConversion(String)[1036]" classname="org.apache.hadoop.hive.ql.io.parquet.serde.TestParquetTimestampsHive2Compatibility" time="0.001"/>
  <testcase name="testWriteHive2ReadHive4UsingLegacyConversion(String)[1037]" classname="org.apache.hadoop.hive.ql.io.parquet.serde.TestParquetTimestampsHive2Compatibility" time="0"/>
  <testcase name="testWriteHive2ReadHive4UsingLegacyConversion(String)[1038]" classname="org.apache.hadoop.hive.ql.io.parquet.serde.TestParquetTimestampsHive2Compatibility" time="0"/>
  <testcase name="testWriteHive2ReadHive4UsingLegacyConversion(String)[1039]" classname="org.apache.hadoop.hive.ql.io.parquet.serde.TestParquetTimestampsHive2Compatibility" time="0.001"/>
  <testcase name="testWriteHive2ReadHive4UsingLegacyConversion(String)[1040]" classname="org.apache.hadoop.hive.ql.io.parquet.serde.TestParquetTimestampsHive2Compatibility" time="0"/>
  <testcase name="testWriteHive2ReadHive4UsingLegacyConversion(String)[1041]" classname="org.apache.hadoop.hive.ql.io.parquet.serde.TestParquetTimestampsHive2Compatibility" time="0"/>
  <testcase name="testWriteHive2ReadHive4UsingLegacyConversion(String)[1042]" classname="org.apache.hadoop.hive.ql.io.parquet.serde.TestParquetTimestampsHive2Compatibility" time="0.001"/>
  <testcase name="testWriteHive2ReadHive4UsingLegacyConversion(String)[1043]" classname="org.apache.hadoop.hive.ql.io.parquet.serde.TestParquetTimestampsHive2Compatibility" time="0"/>
  <testcase name="testWriteHive2ReadHive4UsingLegacyConversion(String)[1044]" classname="org.apache.hadoop.hive.ql.io.parquet.serde.TestParquetTimestampsHive2Compatibility" time="0"/>
  <testcase name="testWriteHive2ReadHive4UsingLegacyConversion(String)[1045]" classname="org.apache.hadoop.hive.ql.io.parquet.serde.TestParquetTimestampsHive2Compatibility" time="0.001"/>
  <testcase name="testWriteHive2ReadHive4UsingLegacyConversion(String)[1046]" classname="org.apache.hadoop.hive.ql.io.parquet.serde.TestParquetTimestampsHive2Compatibility" time="0"/>
  <testcase name="testWriteHive2ReadHive4UsingLegacyConversion(String)[1047]" classname="org.apache.hadoop.hive.ql.io.parquet.serde.TestParquetTimestampsHive2Compatibility" time="0"/>
  <testcase name="testWriteHive2ReadHive4UsingLegacyConversion(String)[1048]" classname="org.apache.hadoop.hive.ql.io.parquet.serde.TestParquetTimestampsHive2Compatibility" time="0.001"/>
  <testcase name="testWriteHive2ReadHive4UsingLegacyConversion(String)[1049]" classname="org.apache.hadoop.hive.ql.io.parquet.serde.TestParquetTimestampsHive2Compatibility" time="0"/>
  <testcase name="testWriteHive2ReadHive4UsingLegacyConversion(String)[1050]" classname="org.apache.hadoop.hive.ql.io.parquet.serde.TestParquetTimestampsHive2Compatibility" time="0.001"/>
  <testcase name="testWriteHive2ReadHive4UsingLegacyConversion(String)[1051]" classname="org.apache.hadoop.hive.ql.io.parquet.serde.TestParquetTimestampsHive2Compatibility" time="0"/>
  <testcase name="testWriteHive2ReadHive4UsingLegacyConversion(String)[1052]" classname="org.apache.hadoop.hive.ql.io.parquet.serde.TestParquetTimestampsHive2Compatibility" time="0"/>
  <testcase name="testWriteHive2ReadHive4UsingLegacyConversion(String)[1053]" classname="org.apache.hadoop.hive.ql.io.parquet.serde.TestParquetTimestampsHive2Compatibility" time="0"/>
  <testcase name="testWriteHive2ReadHive4UsingLegacyConversion(String)[1054]" classname="org.apache.hadoop.hive.ql.io.parquet.serde.TestParquetTimestampsHive2Compatibility" time="0"/>
  <testcase name="testWriteHive2ReadHive4UsingLegacyConversion(String)[1055]" classname="org.apache.hadoop.hive.ql.io.parquet.serde.TestParquetTimestampsHive2Compatibility" time="0.001"/>
  <testcase name="testWriteHive2ReadHive4UsingLegacyConversion(String)[1056]" classname="org.apache.hadoop.hive.ql.io.parquet.serde.TestParquetTimestampsHive2Compatibility" time="0"/>
  <testcase name="testWriteHive2ReadHive4UsingLegacyConversion(String)[1057]" classname="org.apache.hadoop.hive.ql.io.parquet.serde.TestParquetTimestampsHive2Compatibility" time="0"/>
  <testcase name="testWriteHive2ReadHive4UsingLegacyConversion(String)[1058]" classname="org.apache.hadoop.hive.ql.io.parquet.serde.TestParquetTimestampsHive2Compatibility" time="0"/>
  <testcase name="testWriteHive2ReadHive4UsingLegacyConversion(String)[1059]" classname="org.apache.hadoop.hive.ql.io.parquet.serde.TestParquetTimestampsHive2Compatibility" time="0"/>
  <testcase name="testWriteHive2ReadHive4UsingLegacyConversion(String)[1060]" classname="org.apache.hadoop.hive.ql.io.parquet.serde.TestParquetTimestampsHive2Compatibility" time="0.001"/>
  <testcase name="testWriteHive2ReadHive4UsingLegacyConversion(String)[1061]" classname="org.apache.hadoop.hive.ql.io.parquet.serde.TestParquetTimestampsHive2Compatibility" time="0"/>
  <testcase name="testWriteHive2ReadHive4UsingLegacyConversion(String)[1062]" classname="org.apache.hadoop.hive.ql.io.parquet.serde.TestParquetTimestampsHive2Compatibility" time="0"/>
  <testcase name="testWriteHive2ReadHive4UsingLegacyConversion(String)[1063]" classname="org.apache.hadoop.hive.ql.io.parquet.serde.TestParquetTimestampsHive2Compatibility" time="0"/>
  <testcase name="testWriteHive2ReadHive4UsingLegacyConversion(String)[1064]" classname="org.apache.hadoop.hive.ql.io.parquet.serde.TestParquetTimestampsHive2Compatibility" time="0"/>
  <testcase name="testWriteHive2ReadHive4UsingLegacyConversion(String)[1065]" classname="org.apache.hadoop.hive.ql.io.parquet.serde.TestParquetTimestampsHive2Compatibility" time="0.001"/>
  <testcase name="testWriteHive2ReadHive4UsingLegacyConversion(String)[1066]" classname="org.apache.hadoop.hive.ql.io.parquet.serde.TestParquetTimestampsHive2Compatibility" time="0"/>
  <testcase name="testWriteHive2ReadHive4UsingLegacyConversion(String)[1067]" classname="org.apache.hadoop.hive.ql.io.parquet.serde.TestParquetTimestampsHive2Compatibility" time="0"/>
  <testcase name="testWriteHive2ReadHive4UsingLegacyConversion(String)[1068]" classname="org.apache.hadoop.hive.ql.io.parquet.serde.TestParquetTimestampsHive2Compatibility" time="0"/>
  <testcase name="testWriteHive2ReadHive4UsingLegacyConversion(String)[1069]" classname="org.apache.hadoop.hive.ql.io.parquet.serde.TestParquetTimestampsHive2Compatibility" time="0"/>
  <testcase name="testWriteHive2ReadHive4UsingLegacyConversion(String)[1070]" classname="org.apache.hadoop.hive.ql.io.parquet.serde.TestParquetTimestampsHive2Compatibility" time="0.001"/>
  <testcase name="testWriteHive2ReadHive4UsingLegacyConversion(String)[1071]" classname="org.apache.hadoop.hive.ql.io.parquet.serde.TestParquetTimestampsHive2Compatibility" time="0"/>
  <testcase name="testWriteHive2ReadHive4UsingLegacyConversion(String)[1072]" classname="org.apache.hadoop.hive.ql.io.parquet.serde.TestParquetTimestampsHive2Compatibility" time="0"/>
  <testcase name="testWriteHive2ReadHive4UsingLegacyConversion(String)[1073]" classname="org.apache.hadoop.hive.ql.io.parquet.serde.TestParquetTimestampsHive2Compatibility" time="0"/>
  <testcase name="testWriteHive2ReadHive4UsingLegacyConversion(String)[1074]" classname="org.apache.hadoop.hive.ql.io.parquet.serde.TestParquetTimestampsHive2Compatibility" time="0"/>
  <testcase name="testWriteHive2ReadHive4UsingLegacyConversion(String)[1075]" classname="org.apache.hadoop.hive.ql.io.parquet.serde.TestParquetTimestampsHive2Compatibility" time="0"/>
  <testcase name="testWriteHive2ReadHive4UsingLegacyConversion(String)[1076]" classname="org.apache.hadoop.hive.ql.io.parquet.serde.TestParquetTimestampsHive2Compatibility" time="0"/>
  <testcase name="testWriteHive2ReadHive4UsingLegacyConversion(String)[1077]" classname="org.apache.hadoop.hive.ql.io.parquet.serde.TestParquetTimestampsHive2Compatibility" time="0.001"/>
  <testcase name="testWriteHive2ReadHive4UsingLegacyConversion(String)[1078]" classname="org.apache.hadoop.hive.ql.io.parquet.serde.TestParquetTimestampsHive2Compatibility" time="0"/>
  <testcase name="testWriteHive2ReadHive4UsingLegacyConversion(String)[1079]" classname="org.apache.hadoop.hive.ql.io.parquet.serde.TestParquetTimestampsHive2Compatibility" time="0.001"/>
  <testcase name="testWriteHive2ReadHive4UsingLegacyConversion(String)[1080]" classname="org.apache.hadoop.hive.ql.io.parquet.serde.TestParquetTimestampsHive2Compatibility" time="0"/>
  <testcase name="testWriteHive2ReadHive4UsingLegacyConversion(String)[1081]" classname="org.apache.hadoop.hive.ql.io.parquet.serde.TestParquetTimestampsHive2Compatibility" time="0"/>
  <testcase name="testWriteHive2ReadHive4UsingLegacyConversion(String)[1082]" classname="org.apache.hadoop.hive.ql.io.parquet.serde.TestParquetTimestampsHive2Compatibility" time="0.001"/>
  <testcase name="testWriteHive2ReadHive4UsingLegacyConversion(String)[1083]" classname="org.apache.hadoop.hive.ql.io.parquet.serde.TestParquetTimestampsHive2Compatibility" time="0"/>
  <testcase name="testWriteHive2ReadHive4UsingLegacyConversion(String)[1084]" classname="org.apache.hadoop.hive.ql.io.parquet.serde.TestParquetTimestampsHive2Compatibility" time="0"/>
  <testcase name="testWriteHive2ReadHive4UsingLegacyConversion(String)[1085]" classname="org.apache.hadoop.hive.ql.io.parquet.serde.TestParquetTimestampsHive2Compatibility" time="0.001"/>
  <testcase name="testWriteHive2ReadHive4UsingLegacyConversion(String)[1086]" classname="org.apache.hadoop.hive.ql.io.parquet.serde.TestParquetTimestampsHive2Compatibility" time="0"/>
  <testcase name="testWriteHive2ReadHive4UsingLegacyConversion(String)[1087]" classname="org.apache.hadoop.hive.ql.io.parquet.serde.TestParquetTimestampsHive2Compatibility" time="0"/>
  <testcase name="testWriteHive2ReadHive4UsingLegacyConversion(String)[1088]" classname="org.apache.hadoop.hive.ql.io.parquet.serde.TestParquetTimestampsHive2Compatibility" time="0"/>
  <testcase name="testWriteHive2ReadHive4UsingLegacyConversion(String)[1089]" classname="org.apache.hadoop.hive.ql.io.parquet.serde.TestParquetTimestampsHive2Compatibility" time="0.001"/>
  <testcase name="testWriteHive2ReadHive4UsingLegacyConversion(String)[1090]" classname="org.apache.hadoop.hive.ql.io.parquet.serde.TestParquetTimestampsHive2Compatibility" time="0"/>
  <testcase name="testWriteHive2ReadHive4UsingLegacyConversion(String)[1091]" classname="org.apache.hadoop.hive.ql.io.parquet.serde.TestParquetTimestampsHive2Compatibility" time="0"/>
  <testcase name="testWriteHive2ReadHive4UsingLegacyConversion(String)[1092]" classname="org.apache.hadoop.hive.ql.io.parquet.serde.TestParquetTimestampsHive2Compatibility" time="0.001"/>
  <testcase name="testWriteHive2ReadHive4UsingLegacyConversion(String)[1093]" classname="org.apache.hadoop.hive.ql.io.parquet.serde.TestParquetTimestampsHive2Compatibility" time="0"/>
  <testcase name="testWriteHive2ReadHive4UsingLegacyConversion(String)[1094]" classname="org.apache.hadoop.hive.ql.io.parquet.serde.TestParquetTimestampsHive2Compatibility" time="0"/>
  <testcase name="testWriteHive2ReadHive4UsingLegacyConversion(String)[1095]" classname="org.apache.hadoop.hive.ql.io.parquet.serde.TestParquetTimestampsHive2Compatibility" time="0.001"/>
  <testcase name="testWriteHive2ReadHive4UsingLegacyConversion(String)[1096]" classname="org.apache.hadoop.hive.ql.io.parquet.serde.TestParquetTimestampsHive2Compatibility" time="0.001"/>
  <testcase name="testWriteHive2ReadHive4UsingLegacyConversion(String)[1097]" classname="org.apache.hadoop.hive.ql.io.parquet.serde.TestParquetTimestampsHive2Compatibility" time="0"/>
  <testcase name="testWriteHive2ReadHive4UsingLegacyConversion(String)[1098]" classname="org.apache.hadoop.hive.ql.io.parquet.serde.TestParquetTimestampsHive2Compatibility" time="0.001"/>
  <testcase name="testWriteHive2ReadHive4UsingLegacyConversion(String)[1099]" classname="org.apache.hadoop.hive.ql.io.parquet.serde.TestParquetTimestampsHive2Compatibility" time="0"/>
  <testcase name="testWriteHive2ReadHive4UsingLegacyConversion(String)[1100]" classname="org.apache.hadoop.hive.ql.io.parquet.serde.TestParquetTimestampsHive2Compatibility" time="0"/>
  <testcase name="testWriteHive2ReadHive4UsingLegacyConversion(String)[1101]" classname="org.apache.hadoop.hive.ql.io.parquet.serde.TestParquetTimestampsHive2Compatibility" time="0.001"/>
  <testcase name="testWriteHive2ReadHive4UsingLegacyConversion(String)[1102]" classname="org.apache.hadoop.hive.ql.io.parquet.serde.TestParquetTimestampsHive2Compatibility" time="0"/>
  <testcase name="testWriteHive2ReadHive4UsingLegacyConversion(String)[1103]" classname="org.apache.hadoop.hive.ql.io.parquet.serde.TestParquetTimestampsHive2Compatibility" time="0"/>
  <testcase name="testWriteHive2ReadHive4UsingLegacyConversion(String)[1104]" classname="org.apache.hadoop.hive.ql.io.parquet.serde.TestParquetTimestampsHive2Compatibility" time="0.001"/>
  <testcase name="testWriteHive2ReadHive4UsingLegacyConversion(String)[1105]" classname="org.apache.hadoop.hive.ql.io.parquet.serde.TestParquetTimestampsHive2Compatibility" time="0.001"/>
  <testcase name="testWriteHive2ReadHive4UsingLegacyConversion(String)[1106]" classname="org.apache.hadoop.hive.ql.io.parquet.serde.TestParquetTimestampsHive2Compatibility" time="0"/>
  <testcase name="testWriteHive2ReadHive4UsingLegacyConversion(String)[1107]" classname="org.apache.hadoop.hive.ql.io.parquet.serde.TestParquetTimestampsHive2Compatibility" time="0"/>
  <testcase name="testWriteHive2ReadHive4UsingLegacyConversion(String)[1108]" classname="org.apache.hadoop.hive.ql.io.parquet.serde.TestParquetTimestampsHive2Compatibility" time="0.001"/>
  <testcase name="testWriteHive2ReadHive4UsingLegacyConversion(String)[1109]" classname="org.apache.hadoop.hive.ql.io.parquet.serde.TestParquetTimestampsHive2Compatibility" time="0"/>
  <testcase name="testWriteHive2ReadHive4UsingLegacyConversion(String)[1110]" classname="org.apache.hadoop.hive.ql.io.parquet.serde.TestParquetTimestampsHive2Compatibility" time="0"/>
  <testcase name="testWriteHive2ReadHive4UsingLegacyConversion(String)[1111]" classname="org.apache.hadoop.hive.ql.io.parquet.serde.TestParquetTimestampsHive2Compatibility" time="0"/>
  <testcase name="testWriteHive2ReadHive4UsingLegacyConversion(String)[1112]" classname="org.apache.hadoop.hive.ql.io.parquet.serde.TestParquetTimestampsHive2Compatibility" time="0"/>
  <testcase name="testWriteHive2ReadHive4UsingLegacyConversion(String)[1113]" classname="org.apache.hadoop.hive.ql.io.parquet.serde.TestParquetTimestampsHive2Compatibility" time="0.001"/>
  <testcase name="testWriteHive2ReadHive4UsingLegacyConversion(String)[1114]" classname="org.apache.hadoop.hive.ql.io.parquet.serde.TestParquetTimestampsHive2Compatibility" time="0"/>
  <testcase name="testWriteHive2ReadHive4UsingLegacyConversion(String)[1115]" classname="org.apache.hadoop.hive.ql.io.parquet.serde.TestParquetTimestampsHive2Compatibility" time="0"/>
  <testcase name="testWriteHive2ReadHive4UsingLegacyConversion(String)[1116]" classname="org.apache.hadoop.hive.ql.io.parquet.serde.TestParquetTimestampsHive2Compatibility" time="0"/>
  <testcase name="testWriteHive2ReadHive4UsingLegacyConversion(String)[1117]" classname="org.apache.hadoop.hive.ql.io.parquet.serde.TestParquetTimestampsHive2Compatibility" time="0"/>
  <testcase name="testWriteHive2ReadHive4UsingLegacyConversion(String)[1118]" classname="org.apache.hadoop.hive.ql.io.parquet.serde.TestParquetTimestampsHive2Compatibility" time="0"/>
  <testcase name="testWriteHive2ReadHive4UsingLegacyConversion(String)[1119]" classname="org.apache.hadoop.hive.ql.io.parquet.serde.TestParquetTimestampsHive2Compatibility" time="0"/>
  <testcase name="testWriteHive2ReadHive4UsingLegacyConversion(String)[1120]" classname="org.apache.hadoop.hive.ql.io.parquet.serde.TestParquetTimestampsHive2Compatibility" time="0.001"/>
  <testcase name="testWriteHive2ReadHive4UsingLegacyConversion(String)[1121]" classname="org.apache.hadoop.hive.ql.io.parquet.serde.TestParquetTimestampsHive2Compatibility" time="0"/>
  <testcase name="testWriteHive2ReadHive4UsingLegacyConversion(String)[1122]" classname="org.apache.hadoop.hive.ql.io.parquet.serde.TestParquetTimestampsHive2Compatibility" time="0.001"/>
  <testcase name="testWriteHive2ReadHive4UsingLegacyConversion(String)[1123]" classname="org.apache.hadoop.hive.ql.io.parquet.serde.TestParquetTimestampsHive2Compatibility" time="0"/>
  <testcase name="testWriteHive2ReadHive4UsingLegacyConversion(String)[1124]" classname="org.apache.hadoop.hive.ql.io.parquet.serde.TestParquetTimestampsHive2Compatibility" time="0"/>
  <testcase name="testWriteHive2ReadHive4UsingLegacyConversion(String)[1125]" classname="org.apache.hadoop.hive.ql.io.parquet.serde.TestParquetTimestampsHive2Compatibility" time="0.001"/>
  <testcase name="testWriteHive2ReadHive4UsingLegacyConversion(String)[1126]" classname="org.apache.hadoop.hive.ql.io.parquet.serde.TestParquetTimestampsHive2Compatibility" time="0"/>
  <testcase name="testWriteHive2ReadHive4UsingLegacyConversion(String)[1127]" classname="org.apache.hadoop.hive.ql.io.parquet.serde.TestParquetTimestampsHive2Compatibility" time="0"/>
  <testcase name="testWriteHive2ReadHive4UsingLegacyConversion(String)[1128]" classname="org.apache.hadoop.hive.ql.io.parquet.serde.TestParquetTimestampsHive2Compatibility" time="0.001"/>
  <testcase name="testWriteHive2ReadHive4UsingLegacyConversion(String)[1129]" classname="org.apache.hadoop.hive.ql.io.parquet.serde.TestParquetTimestampsHive2Compatibility" time="0"/>
  <testcase name="testWriteHive2ReadHive4UsingLegacyConversion(String)[1130]" classname="org.apache.hadoop.hive.ql.io.parquet.serde.TestParquetTimestampsHive2Compatibility" time="0.001"/>
  <testcase name="testWriteHive2ReadHive4UsingLegacyConversion(String)[1131]" classname="org.apache.hadoop.hive.ql.io.parquet.serde.TestParquetTimestampsHive2Compatibility" time="0"/>
  <testcase name="testWriteHive2ReadHive4UsingLegacyConversion(String)[1132]" classname="org.apache.hadoop.hive.ql.io.parquet.serde.TestParquetTimestampsHive2Compatibility" time="0"/>
  <testcase name="testWriteHive2ReadHive4UsingLegacyConversion(String)[1133]" classname="org.apache.hadoop.hive.ql.io.parquet.serde.TestParquetTimestampsHive2Compatibility" time="0.001"/>
  <testcase name="testWriteHive2ReadHive4UsingLegacyConversion(String)[1134]" classname="org.apache.hadoop.hive.ql.io.parquet.serde.TestParquetTimestampsHive2Compatibility" time="0"/>
  <testcase name="testWriteHive2ReadHive4UsingLegacyConversion(String)[1135]" classname="org.apache.hadoop.hive.ql.io.parquet.serde.TestParquetTimestampsHive2Compatibility" time="0"/>
  <testcase name="testWriteHive2ReadHive4UsingLegacyConversion(String)[1136]" classname="org.apache.hadoop.hive.ql.io.parquet.serde.TestParquetTimestampsHive2Compatibility" time="0.001"/>
  <testcase name="testWriteHive2ReadHive4UsingLegacyConversion(String)[1137]" classname="org.apache.hadoop.hive.ql.io.parquet.serde.TestParquetTimestampsHive2Compatibility" time="0"/>
  <testcase name="testWriteHive2ReadHive4UsingLegacyConversion(String)[1138]" classname="org.apache.hadoop.hive.ql.io.parquet.serde.TestParquetTimestampsHive2Compatibility" time="0.001"/>
  <testcase name="testWriteHive2ReadHive4UsingLegacyConversion(String)[1139]" classname="org.apache.hadoop.hive.ql.io.parquet.serde.TestParquetTimestampsHive2Compatibility" time="0"/>
  <testcase name="testWriteHive2ReadHive4UsingLegacyConversion(String)[1140]" classname="org.apache.hadoop.hive.ql.io.parquet.serde.TestParquetTimestampsHive2Compatibility" time="0"/>
  <testcase name="testWriteHive2ReadHive4UsingLegacyConversion(String)[1141]" classname="org.apache.hadoop.hive.ql.io.parquet.serde.TestParquetTimestampsHive2Compatibility" time="0.001"/>
  <testcase name="testWriteHive2ReadHive4UsingLegacyConversion(String)[1142]" classname="org.apache.hadoop.hive.ql.io.parquet.serde.TestParquetTimestampsHive2Compatibility" time="0"/>
  <testcase name="testWriteHive2ReadHive4UsingLegacyConversion(String)[1143]" classname="org.apache.hadoop.hive.ql.io.parquet.serde.TestParquetTimestampsHive2Compatibility" time="0"/>
  <testcase name="testWriteHive2ReadHive4UsingLegacyConversion(String)[1144]" classname="org.apache.hadoop.hive.ql.io.parquet.serde.TestParquetTimestampsHive2Compatibility" time="0"/>
  <testcase name="testWriteHive2ReadHive4UsingLegacyConversion(String)[1145]" classname="org.apache.hadoop.hive.ql.io.parquet.serde.TestParquetTimestampsHive2Compatibility" time="0.001"/>
  <testcase name="testWriteHive2ReadHive4UsingLegacyConversion(String)[1146]" classname="org.apache.hadoop.hive.ql.io.parquet.serde.TestParquetTimestampsHive2Compatibility" time="0"/>
  <testcase name="testWriteHive2ReadHive4UsingLegacyConversion(String)[1147]" classname="org.apache.hadoop.hive.ql.io.parquet.serde.TestParquetTimestampsHive2Compatibility" time="0"/>
  <testcase name="testWriteHive2ReadHive4UsingLegacyConversion(String)[1148]" classname="org.apache.hadoop.hive.ql.io.parquet.serde.TestParquetTimestampsHive2Compatibility" time="0.001"/>
  <testcase name="testWriteHive2ReadHive4UsingLegacyConversion(String)[1149]" classname="org.apache.hadoop.hive.ql.io.parquet.serde.TestParquetTimestampsHive2Compatibility" time="0"/>
  <testcase name="testWriteHive2ReadHive4UsingLegacyConversion(String)[1150]" classname="org.apache.hadoop.hive.ql.io.parquet.serde.TestParquetTimestampsHive2Compatibility" time="0"/>
  <testcase name="testWriteHive2ReadHive4UsingLegacyConversion(String)[1151]" classname="org.apache.hadoop.hive.ql.io.parquet.serde.TestParquetTimestampsHive2Compatibility" time="0.001"/>
  <testcase name="testWriteHive2ReadHive4UsingLegacyConversion(String)[1152]" classname="org.apache.hadoop.hive.ql.io.parquet.serde.TestParquetTimestampsHive2Compatibility" time="0"/>
  <testcase name="testWriteHive2ReadHive4UsingLegacyConversion(String)[1153]" classname="org.apache.hadoop.hive.ql.io.parquet.serde.TestParquetTimestampsHive2Compatibility" time="0"/>
  <testcase name="testWriteHive2ReadHive4UsingLegacyConversion(String)[1154]" classname="org.apache.hadoop.hive.ql.io.parquet.serde.TestParquetTimestampsHive2Compatibility" time="0"/>
  <testcase name="testWriteHive2ReadHive4UsingLegacyConversion(String)[1155]" classname="org.apache.hadoop.hive.ql.io.parquet.serde.TestParquetTimestampsHive2Compatibility" time="0.001"/>
  <testcase name="testWriteHive2ReadHive4UsingLegacyConversion(String)[1156]" classname="org.apache.hadoop.hive.ql.io.parquet.serde.TestParquetTimestampsHive2Compatibility" time="0"/>
  <testcase name="testWriteHive2ReadHive4UsingLegacyConversion(String)[1157]" classname="org.apache.hadoop.hive.ql.io.parquet.serde.TestParquetTimestampsHive2Compatibility" time="0"/>
  <testcase name="testWriteHive2ReadHive4UsingLegacyConversion(String)[1158]" classname="org.apache.hadoop.hive.ql.io.parquet.serde.TestParquetTimestampsHive2Compatibility" time="0"/>
  <testcase name="testWriteHive2ReadHive4UsingLegacyConversion(String)[1159]" classname="org.apache.hadoop.hive.ql.io.parquet.serde.TestParquetTimestampsHive2Compatibility" time="0"/>
  <testcase name="testWriteHive2ReadHive4UsingLegacyConversion(String)[1160]" classname="org.apache.hadoop.hive.ql.io.parquet.serde.TestParquetTimestampsHive2Compatibility" time="0"/>
  <testcase name="testWriteHive2ReadHive4UsingLegacyConversion(String)[1161]" classname="org.apache.hadoop.hive.ql.io.parquet.serde.TestParquetTimestampsHive2Compatibility" time="0"/>
  <testcase name="testWriteHive2ReadHive4UsingLegacyConversion(String)[1162]" classname="org.apache.hadoop.hive.ql.io.parquet.serde.TestParquetTimestampsHive2Compatibility" time="0"/>
  <testcase name="testWriteHive2ReadHive4UsingLegacyConversion(String)[1163]" classname="org.apache.hadoop.hive.ql.io.parquet.serde.TestParquetTimestampsHive2Compatibility" time="0"/>
  <testcase name="testWriteHive2ReadHive4UsingLegacyConversion(String)[1164]" classname="org.apache.hadoop.hive.ql.io.parquet.serde.TestParquetTimestampsHive2Compatibility" time="0"/>
  <testcase name="testWriteHive2ReadHive4UsingLegacyConversion(String)[1165]" classname="org.apache.hadoop.hive.ql.io.parquet.serde.TestParquetTimestampsHive2Compatibility" time="0.001"/>
  <testcase name="testWriteHive2ReadHive4UsingLegacyConversion(String)[1166]" classname="org.apache.hadoop.hive.ql.io.parquet.serde.TestParquetTimestampsHive2Compatibility" time="0"/>
  <testcase name="testWriteHive2ReadHive4UsingLegacyConversion(String)[1167]" classname="org.apache.hadoop.hive.ql.io.parquet.serde.TestParquetTimestampsHive2Compatibility" time="0"/>
  <testcase name="testWriteHive2ReadHive4UsingLegacyConversion(String)[1168]" classname="org.apache.hadoop.hive.ql.io.parquet.serde.TestParquetTimestampsHive2Compatibility" time="0"/>
  <testcase name="testWriteHive2ReadHive4UsingLegacyConversion(String)[1169]" classname="org.apache.hadoop.hive.ql.io.parquet.serde.TestParquetTimestampsHive2Compatibility" time="0"/>
  <testcase name="testWriteHive2ReadHive4UsingLegacyConversion(String)[1170]" classname="org.apache.hadoop.hive.ql.io.parquet.serde.TestParquetTimestampsHive2Compatibility" time="0.001"/>
  <testcase name="testWriteHive2ReadHive4UsingLegacyConversion(String)[1171]" classname="org.apache.hadoop.hive.ql.io.parquet.serde.TestParquetTimestampsHive2Compatibility" time="0"/>
  <testcase name="testWriteHive2ReadHive4UsingLegacyConversion(String)[1172]" classname="org.apache.hadoop.hive.ql.io.parquet.serde.TestParquetTimestampsHive2Compatibility" time="0"/>
  <testcase name="testWriteHive2ReadHive4UsingLegacyConversion(String)[1173]" classname="org.apache.hadoop.hive.ql.io.parquet.serde.TestParquetTimestampsHive2Compatibility" time="0"/>
  <testcase name="testWriteHive2ReadHive4UsingLegacyConversion(String)[1174]" classname="org.apache.hadoop.hive.ql.io.parquet.serde.TestParquetTimestampsHive2Compatibility" time="0"/>
  <testcase name="testWriteHive2ReadHive4UsingLegacyConversion(String)[1175]" classname="org.apache.hadoop.hive.ql.io.parquet.serde.TestParquetTimestampsHive2Compatibility" time="0.001"/>
  <testcase name="testWriteHive2ReadHive4UsingLegacyConversion(String)[1176]" classname="org.apache.hadoop.hive.ql.io.parquet.serde.TestParquetTimestampsHive2Compatibility" time="0"/>
  <testcase name="testWriteHive2ReadHive4UsingLegacyConversion(String)[1177]" classname="org.apache.hadoop.hive.ql.io.parquet.serde.TestParquetTimestampsHive2Compatibility" time="0"/>
  <testcase name="testWriteHive2ReadHive4UsingLegacyConversion(String)[1178]" classname="org.apache.hadoop.hive.ql.io.parquet.serde.TestParquetTimestampsHive2Compatibility" time="0.001"/>
  <testcase name="testWriteHive2ReadHive4UsingLegacyConversion(String)[1179]" classname="org.apache.hadoop.hive.ql.io.parquet.serde.TestParquetTimestampsHive2Compatibility" time="0"/>
  <testcase name="testWriteHive2ReadHive4UsingLegacyConversion(String)[1180]" classname="org.apache.hadoop.hive.ql.io.parquet.serde.TestParquetTimestampsHive2Compatibility" time="0"/>
  <testcase name="testWriteHive2ReadHive4UsingLegacyConversion(String)[1181]" classname="org.apache.hadoop.hive.ql.io.parquet.serde.TestParquetTimestampsHive2Compatibility" time="0.001"/>
  <testcase name="testWriteHive2ReadHive4UsingLegacyConversion(String)[1182]" classname="org.apache.hadoop.hive.ql.io.parquet.serde.TestParquetTimestampsHive2Compatibility" time="0"/>
  <testcase name="testWriteHive2ReadHive4UsingLegacyConversion(String)[1183]" classname="org.apache.hadoop.hive.ql.io.parquet.serde.TestParquetTimestampsHive2Compatibility" time="0.001"/>
  <testcase name="testWriteHive2ReadHive4UsingLegacyConversion(String)[1184]" classname="org.apache.hadoop.hive.ql.io.parquet.serde.TestParquetTimestampsHive2Compatibility" time="0"/>
  <testcase name="testWriteHive2ReadHive4UsingLegacyConversion(String)[1185]" classname="org.apache.hadoop.hive.ql.io.parquet.serde.TestParquetTimestampsHive2Compatibility" time="0.001"/>
  <testcase name="testWriteHive2ReadHive4UsingLegacyConversion(String)[1186]" classname="org.apache.hadoop.hive.ql.io.parquet.serde.TestParquetTimestampsHive2Compatibility" time="0"/>
  <testcase name="testWriteHive2ReadHive4UsingLegacyConversion(String)[1187]" classname="org.apache.hadoop.hive.ql.io.parquet.serde.TestParquetTimestampsHive2Compatibility" time="0"/>
  <testcase name="testWriteHive2ReadHive4UsingLegacyConversion(String)[1188]" classname="org.apache.hadoop.hive.ql.io.parquet.serde.TestParquetTimestampsHive2Compatibility" time="0.001"/>
  <testcase name="testWriteHive2ReadHive4UsingLegacyConversion(String)[1189]" classname="org.apache.hadoop.hive.ql.io.parquet.serde.TestParquetTimestampsHive2Compatibility" time="0"/>
  <testcase name="testWriteHive2ReadHive4UsingLegacyConversion(String)[1190]" classname="org.apache.hadoop.hive.ql.io.parquet.serde.TestParquetTimestampsHive2Compatibility" time="0"/>
  <testcase name="testWriteHive2ReadHive4UsingLegacyConversion(String)[1191]" classname="org.apache.hadoop.hive.ql.io.parquet.serde.TestParquetTimestampsHive2Compatibility" time="0.001"/>
  <testcase name="testWriteHive2ReadHive4UsingLegacyConversion(String)[1192]" classname="org.apache.hadoop.hive.ql.io.parquet.serde.TestParquetTimestampsHive2Compatibility" time="0"/>
  <testcase name="testWriteHive2ReadHive4UsingLegacyConversion(String)[1193]" classname="org.apache.hadoop.hive.ql.io.parquet.serde.TestParquetTimestampsHive2Compatibility" time="0"/>
  <testcase name="testWriteHive2ReadHive4UsingLegacyConversion(String)[1194]" classname="org.apache.hadoop.hive.ql.io.parquet.serde.TestParquetTimestampsHive2Compatibility" time="0"/>
  <testcase name="testWriteHive2ReadHive4UsingLegacyConversion(String)[1195]" classname="org.apache.hadoop.hive.ql.io.parquet.serde.TestParquetTimestampsHive2Compatibility" time="0"/>
  <testcase name="testWriteHive2ReadHive4UsingLegacyConversion(String)[1196]" classname="org.apache.hadoop.hive.ql.io.parquet.serde.TestParquetTimestampsHive2Compatibility" time="0.001"/>
  <testcase name="testWriteHive2ReadHive4UsingLegacyConversion(String)[1197]" classname="org.apache.hadoop.hive.ql.io.parquet.serde.TestParquetTimestampsHive2Compatibility" time="0"/>
  <testcase name="testWriteHive2ReadHive4UsingLegacyConversion(String)[1198]" classname="org.apache.hadoop.hive.ql.io.parquet.serde.TestParquetTimestampsHive2Compatibility" time="0"/>
  <testcase name="testWriteHive2ReadHive4UsingLegacyConversion(String)[1199]" classname="org.apache.hadoop.hive.ql.io.parquet.serde.TestParquetTimestampsHive2Compatibility" time="0"/>
  <testcase name="testWriteHive2ReadHive4UsingLegacyConversion(String)[1200]" classname="org.apache.hadoop.hive.ql.io.parquet.serde.TestParquetTimestampsHive2Compatibility" time="0"/>
  <testcase name="testWriteHive2ReadHive4UsingLegacyConversion(String)[1201]" classname="org.apache.hadoop.hive.ql.io.parquet.serde.TestParquetTimestampsHive2Compatibility" time="0"/>
  <testcase name="testWriteHive2ReadHive4UsingLegacyConversion(String)[1202]" classname="org.apache.hadoop.hive.ql.io.parquet.serde.TestParquetTimestampsHive2Compatibility" time="0"/>
  <testcase name="testWriteHive2ReadHive4UsingLegacyConversion(String)[1203]" classname="org.apache.hadoop.hive.ql.io.parquet.serde.TestParquetTimestampsHive2Compatibility" time="0.001"/>
  <testcase name="testWriteHive2ReadHive4UsingLegacyConversion(String)[1204]" classname="org.apache.hadoop.hive.ql.io.parquet.serde.TestParquetTimestampsHive2Compatibility" time="0"/>
  <testcase name="testWriteHive2ReadHive4UsingLegacyConversion(String)[1205]" classname="org.apache.hadoop.hive.ql.io.parquet.serde.TestParquetTimestampsHive2Compatibility" time="0.001"/>
  <testcase name="testWriteHive2ReadHive4UsingLegacyConversion(String)[1206]" classname="org.apache.hadoop.hive.ql.io.parquet.serde.TestParquetTimestampsHive2Compatibility" time="0"/>
  <testcase name="testWriteHive2ReadHive4UsingLegacyConversion(String)[1207]" classname="org.apache.hadoop.hive.ql.io.parquet.serde.TestParquetTimestampsHive2Compatibility" time="0.001"/>
  <testcase name="testWriteHive2ReadHive4UsingLegacyConversion(String)[1208]" classname="org.apache.hadoop.hive.ql.io.parquet.serde.TestParquetTimestampsHive2Compatibility" time="0"/>
  <testcase name="testWriteHive2ReadHive4UsingLegacyConversion(String)[1209]" classname="org.apache.hadoop.hive.ql.io.parquet.serde.TestParquetTimestampsHive2Compatibility" time="0.001"/>
  <testcase name="testWriteHive2ReadHive4UsingLegacyConversion(String)[1210]" classname="org.apache.hadoop.hive.ql.io.parquet.serde.TestParquetTimestampsHive2Compatibility" time="0"/>
  <testcase name="testWriteHive2ReadHive4UsingLegacyConversion(String)[1211]" classname="org.apache.hadoop.hive.ql.io.parquet.serde.TestParquetTimestampsHive2Compatibility" time="0.001"/>
  <testcase name="testWriteHive2ReadHive4UsingLegacyConversion(String)[1212]" classname="org.apache.hadoop.hive.ql.io.parquet.serde.TestParquetTimestampsHive2Compatibility" time="0"/>
  <testcase name="testWriteHive2ReadHive4UsingLegacyConversion(String)[1213]" classname="org.apache.hadoop.hive.ql.io.parquet.serde.TestParquetTimestampsHive2Compatibility" time="0.001"/>
  <testcase name="testWriteHive2ReadHive4UsingLegacyConversion(String)[1214]" classname="org.apache.hadoop.hive.ql.io.parquet.serde.TestParquetTimestampsHive2Compatibility" time="0"/>
  <testcase name="testWriteHive2ReadHive4UsingLegacyConversion(String)[1215]" classname="org.apache.hadoop.hive.ql.io.parquet.serde.TestParquetTimestampsHive2Compatibility" time="0.001"/>
  <testcase name="testWriteHive2ReadHive4UsingLegacyConversion(String)[1216]" classname="org.apache.hadoop.hive.ql.io.parquet.serde.TestParquetTimestampsHive2Compatibility" time="0"/>
  <testcase name="testWriteHive2ReadHive4UsingLegacyConversion(String)[1217]" classname="org.apache.hadoop.hive.ql.io.parquet.serde.TestParquetTimestampsHive2Compatibility" time="0.001"/>
  <testcase name="testWriteHive2ReadHive4UsingLegacyConversion(String)[1218]" classname="org.apache.hadoop.hive.ql.io.parquet.serde.TestParquetTimestampsHive2Compatibility" time="0"/>
  <testcase name="testWriteHive2ReadHive4UsingLegacyConversion(String)[1219]" classname="org.apache.hadoop.hive.ql.io.parquet.serde.TestParquetTimestampsHive2Compatibility" time="0"/>
  <testcase name="testWriteHive2ReadHive4UsingLegacyConversion(String)[1220]" classname="org.apache.hadoop.hive.ql.io.parquet.serde.TestParquetTimestampsHive2Compatibility" time="0"/>
  <testcase name="testWriteHive2ReadHive4UsingLegacyConversion(String)[1221]" classname="org.apache.hadoop.hive.ql.io.parquet.serde.TestParquetTimestampsHive2Compatibility" time="0"/>
  <testcase name="testWriteHive2ReadHive4UsingLegacyConversion(String)[1222]" classname="org.apache.hadoop.hive.ql.io.parquet.serde.TestParquetTimestampsHive2Compatibility" time="0"/>
  <testcase name="testWriteHive2ReadHive4UsingLegacyConversion(String)[1223]" classname="org.apache.hadoop.hive.ql.io.parquet.serde.TestParquetTimestampsHive2Compatibility" time="0"/>
  <testcase name="testWriteHive2ReadHive4UsingLegacyConversion(String)[1224]" classname="org.apache.hadoop.hive.ql.io.parquet.serde.TestParquetTimestampsHive2Compatibility" time="0"/>
  <testcase name="testWriteHive2ReadHive4UsingLegacyConversion(String)[1225]" classname="org.apache.hadoop.hive.ql.io.parquet.serde.TestParquetTimestampsHive2Compatibility" time="0"/>
  <testcase name="testWriteHive2ReadHive4UsingLegacyConversion(String)[1226]" classname="org.apache.hadoop.hive.ql.io.parquet.serde.TestParquetTimestampsHive2Compatibility" time="0"/>
  <testcase name="testWriteHive2ReadHive4UsingLegacyConversion(String)[1227]" classname="org.apache.hadoop.hive.ql.io.parquet.serde.TestParquetTimestampsHive2Compatibility" time="0"/>
  <testcase name="testWriteHive2ReadHive4UsingLegacyConversion(String)[1228]" classname="org.apache.hadoop.hive.ql.io.parquet.serde.TestParquetTimestampsHive2Compatibility" time="0"/>
  <testcase name="testWriteHive2ReadHive4UsingLegacyConversion(String)[1229]" classname="org.apache.hadoop.hive.ql.io.parquet.serde.TestParquetTimestampsHive2Compatibility" time="0"/>
  <testcase name="testWriteHive2ReadHive4UsingLegacyConversion(String)[1230]" classname="org.apache.hadoop.hive.ql.io.parquet.serde.TestParquetTimestampsHive2Compatibility" time="0"/>
  <testcase name="testWriteHive2ReadHive4UsingLegacyConversion(String)[1231]" classname="org.apache.hadoop.hive.ql.io.parquet.serde.TestParquetTimestampsHive2Compatibility" time="0.001"/>
  <testcase name="testWriteHive2ReadHive4UsingLegacyConversion(String)[1232]" classname="org.apache.hadoop.hive.ql.io.parquet.serde.TestParquetTimestampsHive2Compatibility" time="0"/>
  <testcase name="testWriteHive2ReadHive4UsingLegacyConversion(String)[1233]" classname="org.apache.hadoop.hive.ql.io.parquet.serde.TestParquetTimestampsHive2Compatibility" time="0.001"/>
  <testcase name="testWriteHive2ReadHive4UsingLegacyConversion(String)[1234]" classname="org.apache.hadoop.hive.ql.io.parquet.serde.TestParquetTimestampsHive2Compatibility" time="0"/>
  <testcase name="testWriteHive2ReadHive4UsingLegacyConversion(String)[1235]" classname="org.apache.hadoop.hive.ql.io.parquet.serde.TestParquetTimestampsHive2Compatibility" time="0"/>
  <testcase name="testWriteHive2ReadHive4UsingLegacyConversion(String)[1236]" classname="org.apache.hadoop.hive.ql.io.parquet.serde.TestParquetTimestampsHive2Compatibility" time="0"/>
  <testcase name="testWriteHive2ReadHive4UsingLegacyConversion(String)[1237]" classname="org.apache.hadoop.hive.ql.io.parquet.serde.TestParquetTimestampsHive2Compatibility" time="0"/>
  <testcase name="testWriteHive2ReadHive4UsingLegacyConversion(String)[1238]" classname="org.apache.hadoop.hive.ql.io.parquet.serde.TestParquetTimestampsHive2Compatibility" time="0.001"/>
  <testcase name="testWriteHive2ReadHive4UsingLegacyConversion(String)[1239]" classname="org.apache.hadoop.hive.ql.io.parquet.serde.TestParquetTimestampsHive2Compatibility" time="0"/>
  <testcase name="testWriteHive2ReadHive4UsingLegacyConversion(String)[1240]" classname="org.apache.hadoop.hive.ql.io.parquet.serde.TestParquetTimestampsHive2Compatibility" time="0"/>
  <testcase name="testWriteHive2ReadHive4UsingLegacyConversion(String)[1241]" classname="org.apache.hadoop.hive.ql.io.parquet.serde.TestParquetTimestampsHive2Compatibility" time="0"/>
  <testcase name="testWriteHive2ReadHive4UsingLegacyConversion(String)[1242]" classname="org.apache.hadoop.hive.ql.io.parquet.serde.TestParquetTimestampsHive2Compatibility" time="0"/>
  <testcase name="testWriteHive2ReadHive4UsingLegacyConversion(String)[1243]" classname="org.apache.hadoop.hive.ql.io.parquet.serde.TestParquetTimestampsHive2Compatibility" time="0"/>
  <testcase name="testWriteHive2ReadHive4UsingLegacyConversion(String)[1244]" classname="org.apache.hadoop.hive.ql.io.parquet.serde.TestParquetTimestampsHive2Compatibility" time="0"/>
  <testcase name="testWriteHive2ReadHive4UsingLegacyConversion(String)[1245]" classname="org.apache.hadoop.hive.ql.io.parquet.serde.TestParquetTimestampsHive2Compatibility" time="0"/>
  <testcase name="testWriteHive2ReadHive4UsingLegacyConversion(String)[1246]" classname="org.apache.hadoop.hive.ql.io.parquet.serde.TestParquetTimestampsHive2Compatibility" time="0"/>
  <testcase name="testWriteHive2ReadHive4UsingLegacyConversion(String)[1247]" classname="org.apache.hadoop.hive.ql.io.parquet.serde.TestParquetTimestampsHive2Compatibility" time="0.001"/>
  <testcase name="testWriteHive2ReadHive4UsingLegacyConversion(String)[1248]" classname="org.apache.hadoop.hive.ql.io.parquet.serde.TestParquetTimestampsHive2Compatibility" time="0"/>
  <testcase name="testWriteHive2ReadHive4UsingLegacyConversion(String)[1249]" classname="org.apache.hadoop.hive.ql.io.parquet.serde.TestParquetTimestampsHive2Compatibility" time="0.001"/>
  <testcase name="testWriteHive2ReadHive4UsingLegacyConversion(String)[1250]" classname="org.apache.hadoop.hive.ql.io.parquet.serde.TestParquetTimestampsHive2Compatibility" time="0"/>
  <testcase name="testWriteHive2ReadHive4UsingLegacyConversion(String)[1251]" classname="org.apache.hadoop.hive.ql.io.parquet.serde.TestParquetTimestampsHive2Compatibility" time="0.001"/>
  <testcase name="testWriteHive2ReadHive4UsingLegacyConversion(String)[1252]" classname="org.apache.hadoop.hive.ql.io.parquet.serde.TestParquetTimestampsHive2Compatibility" time="0"/>
  <testcase name="testWriteHive2ReadHive4UsingLegacyConversion(String)[1253]" classname="org.apache.hadoop.hive.ql.io.parquet.serde.TestParquetTimestampsHive2Compatibility" time="0.001"/>
  <testcase name="testWriteHive2ReadHive4UsingLegacyConversion(String)[1254]" classname="org.apache.hadoop.hive.ql.io.parquet.serde.TestParquetTimestampsHive2Compatibility" time="0"/>
  <testcase name="testWriteHive2ReadHive4UsingLegacyConversion(String)[1255]" classname="org.apache.hadoop.hive.ql.io.parquet.serde.TestParquetTimestampsHive2Compatibility" time="0.001"/>
  <testcase name="testWriteHive2ReadHive4UsingLegacyConversion(String)[1256]" classname="org.apache.hadoop.hive.ql.io.parquet.serde.TestParquetTimestampsHive2Compatibility" time="0"/>
  <testcase name="testWriteHive2ReadHive4UsingLegacyConversion(String)[1257]" classname="org.apache.hadoop.hive.ql.io.parquet.serde.TestParquetTimestampsHive2Compatibility" time="0.001"/>
  <testcase name="testWriteHive2ReadHive4UsingLegacyConversion(String)[1258]" classname="org.apache.hadoop.hive.ql.io.parquet.serde.TestParquetTimestampsHive2Compatibility" time="0"/>
  <testcase name="testWriteHive2ReadHive4UsingLegacyConversion(String)[1259]" classname="org.apache.hadoop.hive.ql.io.parquet.serde.TestParquetTimestampsHive2Compatibility" time="0.001"/>
  <testcase name="testWriteHive2ReadHive4UsingLegacyConversion(String)[1260]" classname="org.apache.hadoop.hive.ql.io.parquet.serde.TestParquetTimestampsHive2Compatibility" time="0"/>
  <testcase name="testWriteHive2ReadHive4UsingLegacyConversion(String)[1261]" classname="org.apache.hadoop.hive.ql.io.parquet.serde.TestParquetTimestampsHive2Compatibility" time="0"/>
  <testcase name="testWriteHive2ReadHive4UsingLegacyConversion(String)[1262]" classname="org.apache.hadoop.hive.ql.io.parquet.serde.TestParquetTimestampsHive2Compatibility" time="0.001"/>
  <testcase name="testWriteHive2ReadHive4UsingLegacyConversion(String)[1263]" classname="org.apache.hadoop.hive.ql.io.parquet.serde.TestParquetTimestampsHive2Compatibility" time="0"/>
  <testcase name="testWriteHive2ReadHive4UsingLegacyConversion(String)[1264]" classname="org.apache.hadoop.hive.ql.io.parquet.serde.TestParquetTimestampsHive2Compatibility" time="0"/>
  <testcase name="testWriteHive2ReadHive4UsingLegacyConversion(String)[1265]" classname="org.apache.hadoop.hive.ql.io.parquet.serde.TestParquetTimestampsHive2Compatibility" time="0.001"/>
  <testcase name="testWriteHive2ReadHive4UsingLegacyConversion(String)[1266]" classname="org.apache.hadoop.hive.ql.io.parquet.serde.TestParquetTimestampsHive2Compatibility" time="0"/>
  <testcase name="testWriteHive2ReadHive4UsingLegacyConversion(String)[1267]" classname="org.apache.hadoop.hive.ql.io.parquet.serde.TestParquetTimestampsHive2Compatibility" time="0.001"/>
  <testcase name="testWriteHive2ReadHive4UsingLegacyConversion(String)[1268]" classname="org.apache.hadoop.hive.ql.io.parquet.serde.TestParquetTimestampsHive2Compatibility" time="0"/>
  <testcase name="testWriteHive2ReadHive4UsingLegacyConversion(String)[1269]" classname="org.apache.hadoop.hive.ql.io.parquet.serde.TestParquetTimestampsHive2Compatibility" time="0"/>
  <testcase name="testWriteHive2ReadHive4UsingLegacyConversion(String)[1270]" classname="org.apache.hadoop.hive.ql.io.parquet.serde.TestParquetTimestampsHive2Compatibility" time="0"/>
  <testcase name="testWriteHive2ReadHive4UsingLegacyConversion(String)[1271]" classname="org.apache.hadoop.hive.ql.io.parquet.serde.TestParquetTimestampsHive2Compatibility" time="0"/>
  <testcase name="testWriteHive2ReadHive4UsingLegacyConversion(String)[1272]" classname="org.apache.hadoop.hive.ql.io.parquet.serde.TestParquetTimestampsHive2Compatibility" time="0"/>
  <testcase name="testWriteHive2ReadHive4UsingLegacyConversion(String)[1273]" classname="org.apache.hadoop.hive.ql.io.parquet.serde.TestParquetTimestampsHive2Compatibility" time="0"/>
  <testcase name="testWriteHive2ReadHive4UsingLegacyConversion(String)[1274]" classname="org.apache.hadoop.hive.ql.io.parquet.serde.TestParquetTimestampsHive2Compatibility" time="0"/>
  <testcase name="testWriteHive2ReadHive4UsingLegacyConversion(String)[1275]" classname="org.apache.hadoop.hive.ql.io.parquet.serde.TestParquetTimestampsHive2Compatibility" time="0.001"/>
  <testcase name="testWriteHive2ReadHive4UsingLegacyConversion(String)[1276]" classname="org.apache.hadoop.hive.ql.io.parquet.serde.TestParquetTimestampsHive2Compatibility" time="0"/>
  <testcase name="testWriteHive2ReadHive4UsingLegacyConversion(String)[1277]" classname="org.apache.hadoop.hive.ql.io.parquet.serde.TestParquetTimestampsHive2Compatibility" time="0.001"/>
  <testcase name="testWriteHive2ReadHive4UsingLegacyConversion(String)[1278]" classname="org.apache.hadoop.hive.ql.io.parquet.serde.TestParquetTimestampsHive2Compatibility" time="0"/>
  <testcase name="testWriteHive2ReadHive4UsingLegacyConversion(String)[1279]" classname="org.apache.hadoop.hive.ql.io.parquet.serde.TestParquetTimestampsHive2Compatibility" time="0.001"/>
  <testcase name="testWriteHive2ReadHive4UsingLegacyConversion(String)[1280]" classname="org.apache.hadoop.hive.ql.io.parquet.serde.TestParquetTimestampsHive2Compatibility" time="0.001"/>
  <testcase name="testWriteHive2ReadHive4UsingLegacyConversion(String)[1281]" classname="org.apache.hadoop.hive.ql.io.parquet.serde.TestParquetTimestampsHive2Compatibility" time="0"/>
  <testcase name="testWriteHive2ReadHive4UsingLegacyConversion(String)[1282]" classname="org.apache.hadoop.hive.ql.io.parquet.serde.TestParquetTimestampsHive2Compatibility" time="0"/>
  <testcase name="testWriteHive2ReadHive4UsingLegacyConversion(String)[1283]" classname="org.apache.hadoop.hive.ql.io.parquet.serde.TestParquetTimestampsHive2Compatibility" time="0.001"/>
  <testcase name="testWriteHive2ReadHive4UsingLegacyConversion(String)[1284]" classname="org.apache.hadoop.hive.ql.io.parquet.serde.TestParquetTimestampsHive2Compatibility" time="0"/>
  <testcase name="testWriteHive2ReadHive4UsingLegacyConversion(String)[1285]" classname="org.apache.hadoop.hive.ql.io.parquet.serde.TestParquetTimestampsHive2Compatibility" time="0"/>
  <testcase name="testWriteHive2ReadHive4UsingLegacyConversion(String)[1286]" classname="org.apache.hadoop.hive.ql.io.parquet.serde.TestParquetTimestampsHive2Compatibility" time="0.001"/>
  <testcase name="testWriteHive2ReadHive4UsingLegacyConversion(String)[1287]" classname="org.apache.hadoop.hive.ql.io.parquet.serde.TestParquetTimestampsHive2Compatibility" time="0"/>
  <testcase name="testWriteHive2ReadHive4UsingLegacyConversion(String)[1288]" classname="org.apache.hadoop.hive.ql.io.parquet.serde.TestParquetTimestampsHive2Compatibility" time="0"/>
  <testcase name="testWriteHive2ReadHive4UsingLegacyConversion(String)[1289]" classname="org.apache.hadoop.hive.ql.io.parquet.serde.TestParquetTimestampsHive2Compatibility" time="0.001"/>
  <testcase name="testWriteHive2ReadHive4UsingLegacyConversion(String)[1290]" classname="org.apache.hadoop.hive.ql.io.parquet.serde.TestParquetTimestampsHive2Compatibility" time="0"/>
  <testcase name="testWriteHive2ReadHive4UsingLegacyConversion(String)[1291]" classname="org.apache.hadoop.hive.ql.io.parquet.serde.TestParquetTimestampsHive2Compatibility" time="0"/>
  <testcase name="testWriteHive2ReadHive4UsingLegacyConversion(String)[1292]" classname="org.apache.hadoop.hive.ql.io.parquet.serde.TestParquetTimestampsHive2Compatibility" time="0.001"/>
  <testcase name="testWriteHive2ReadHive4UsingLegacyConversion(String)[1293]" classname="org.apache.hadoop.hive.ql.io.parquet.serde.TestParquetTimestampsHive2Compatibility" time="0"/>
  <testcase name="testWriteHive2ReadHive4UsingLegacyConversion(String)[1294]" classname="org.apache.hadoop.hive.ql.io.parquet.serde.TestParquetTimestampsHive2Compatibility" time="0"/>
  <testcase name="testWriteHive2ReadHive4UsingLegacyConversion(String)[1295]" classname="org.apache.hadoop.hive.ql.io.parquet.serde.TestParquetTimestampsHive2Compatibility" time="0"/>
  <testcase name="testWriteHive2ReadHive4UsingLegacyConversion(String)[1296]" classname="org.apache.hadoop.hive.ql.io.parquet.serde.TestParquetTimestampsHive2Compatibility" time="0.001"/>
  <testcase name="testWriteHive2ReadHive4UsingLegacyConversion(String)[1297]" classname="org.apache.hadoop.hive.ql.io.parquet.serde.TestParquetTimestampsHive2Compatibility" time="0"/>
  <testcase name="testWriteHive2ReadHive4UsingLegacyConversion(String)[1298]" classname="org.apache.hadoop.hive.ql.io.parquet.serde.TestParquetTimestampsHive2Compatibility" time="0.001"/>
  <testcase name="testWriteHive2ReadHive4UsingLegacyConversion(String)[1299]" classname="org.apache.hadoop.hive.ql.io.parquet.serde.TestParquetTimestampsHive2Compatibility" time="0"/>
  <testcase name="testWriteHive2ReadHive4UsingLegacyConversion(String)[1300]" classname="org.apache.hadoop.hive.ql.io.parquet.serde.TestParquetTimestampsHive2Compatibility" time="0"/>
  <testcase name="testWriteHive2ReadHive4UsingLegacyConversion(String)[1301]" classname="org.apache.hadoop.hive.ql.io.parquet.serde.TestParquetTimestampsHive2Compatibility" time="0.001"/>
  <testcase name="testWriteHive2ReadHive4UsingLegacyConversion(String)[1302]" classname="org.apache.hadoop.hive.ql.io.parquet.serde.TestParquetTimestampsHive2Compatibility" time="0"/>
  <testcase name="testWriteHive2ReadHive4UsingLegacyConversion(String)[1303]" classname="org.apache.hadoop.hive.ql.io.parquet.serde.TestParquetTimestampsHive2Compatibility" time="0"/>
  <testcase name="testWriteHive2ReadHive4UsingLegacyConversion(String)[1304]" classname="org.apache.hadoop.hive.ql.io.parquet.serde.TestParquetTimestampsHive2Compatibility" time="0"/>
  <testcase name="testWriteHive2ReadHive4UsingLegacyConversion(String)[1305]" classname="org.apache.hadoop.hive.ql.io.parquet.serde.TestParquetTimestampsHive2Compatibility" time="0"/>
  <testcase name="testWriteHive2ReadHive4UsingLegacyConversion(String)[1306]" classname="org.apache.hadoop.hive.ql.io.parquet.serde.TestParquetTimestampsHive2Compatibility" time="0.001"/>
  <testcase name="testWriteHive2ReadHive4UsingLegacyConversion(String)[1307]" classname="org.apache.hadoop.hive.ql.io.parquet.serde.TestParquetTimestampsHive2Compatibility" time="0"/>
  <testcase name="testWriteHive2ReadHive4UsingLegacyConversion(String)[1308]" classname="org.apache.hadoop.hive.ql.io.parquet.serde.TestParquetTimestampsHive2Compatibility" time="0.001"/>
  <testcase name="testWriteHive2ReadHive4UsingLegacyConversion(String)[1309]" classname="org.apache.hadoop.hive.ql.io.parquet.serde.TestParquetTimestampsHive2Compatibility" time="0"/>
  <testcase name="testWriteHive2ReadHive4UsingLegacyConversion(String)[1310]" classname="org.apache.hadoop.hive.ql.io.parquet.serde.TestParquetTimestampsHive2Compatibility" time="0.001"/>
  <testcase name="testWriteHive2ReadHive4UsingLegacyConversion(String)[1311]" classname="org.apache.hadoop.hive.ql.io.parquet.serde.TestParquetTimestampsHive2Compatibility" time="0"/>
  <testcase name="testWriteHive2ReadHive4UsingLegacyConversion(String)[1312]" classname="org.apache.hadoop.hive.ql.io.parquet.serde.TestParquetTimestampsHive2Compatibility" time="0"/>
  <testcase name="testWriteHive2ReadHive4UsingLegacyConversion(String)[1313]" classname="org.apache.hadoop.hive.ql.io.parquet.serde.TestParquetTimestampsHive2Compatibility" time="0"/>
  <testcase name="testWriteHive2ReadHive4UsingLegacyConversion(String)[1314]" classname="org.apache.hadoop.hive.ql.io.parquet.serde.TestParquetTimestampsHive2Compatibility" time="0"/>
  <testcase name="testWriteHive2ReadHive4UsingLegacyConversion(String)[1315]" classname="org.apache.hadoop.hive.ql.io.parquet.serde.TestParquetTimestampsHive2Compatibility" time="0"/>
  <testcase name="testWriteHive2ReadHive4UsingLegacyConversion(String)[1316]" classname="org.apache.hadoop.hive.ql.io.parquet.serde.TestParquetTimestampsHive2Compatibility" time="0"/>
  <testcase name="testWriteHive2ReadHive4UsingLegacyConversion(String)[1317]" classname="org.apache.hadoop.hive.ql.io.parquet.serde.TestParquetTimestampsHive2Compatibility" time="0"/>
  <testcase name="testWriteHive2ReadHive4UsingLegacyConversion(String)[1318]" classname="org.apache.hadoop.hive.ql.io.parquet.serde.TestParquetTimestampsHive2Compatibility" time="0"/>
  <testcase name="testWriteHive2ReadHive4UsingLegacyConversion(String)[1319]" classname="org.apache.hadoop.hive.ql.io.parquet.serde.TestParquetTimestampsHive2Compatibility" time="0"/>
  <testcase name="testWriteHive2ReadHive4UsingLegacyConversion(String)[1320]" classname="org.apache.hadoop.hive.ql.io.parquet.serde.TestParquetTimestampsHive2Compatibility" time="0"/>
  <testcase name="testWriteHive2ReadHive4UsingLegacyConversion(String)[1321]" classname="org.apache.hadoop.hive.ql.io.parquet.serde.TestParquetTimestampsHive2Compatibility" time="0.001"/>
  <testcase name="testWriteHive2ReadHive4UsingLegacyConversion(String)[1322]" classname="org.apache.hadoop.hive.ql.io.parquet.serde.TestParquetTimestampsHive2Compatibility" time="0"/>
  <testcase name="testWriteHive2ReadHive4UsingLegacyConversion(String)[1323]" classname="org.apache.hadoop.hive.ql.io.parquet.serde.TestParquetTimestampsHive2Compatibility" time="0.001"/>
  <testcase name="testWriteHive2ReadHive4UsingLegacyConversion(String)[1324]" classname="org.apache.hadoop.hive.ql.io.parquet.serde.TestParquetTimestampsHive2Compatibility" time="0"/>
  <testcase name="testWriteHive2ReadHive4UsingLegacyConversion(String)[1325]" classname="org.apache.hadoop.hive.ql.io.parquet.serde.TestParquetTimestampsHive2Compatibility" time="0.001"/>
  <testcase name="testWriteHive2ReadHive4UsingLegacyConversion(String)[1326]" classname="org.apache.hadoop.hive.ql.io.parquet.serde.TestParquetTimestampsHive2Compatibility" time="0"/>
  <testcase name="testWriteHive2ReadHive4UsingLegacyConversion(String)[1327]" classname="org.apache.hadoop.hive.ql.io.parquet.serde.TestParquetTimestampsHive2Compatibility" time="0.001"/>
  <testcase name="testWriteHive2ReadHive4UsingLegacyConversion(String)[1328]" classname="org.apache.hadoop.hive.ql.io.parquet.serde.TestParquetTimestampsHive2Compatibility" time="0"/>
  <testcase name="testWriteHive2ReadHive4UsingLegacyConversion(String)[1329]" classname="org.apache.hadoop.hive.ql.io.parquet.serde.TestParquetTimestampsHive2Compatibility" time="0"/>
  <testcase name="testWriteHive2ReadHive4UsingLegacyConversion(String)[1330]" classname="org.apache.hadoop.hive.ql.io.parquet.serde.TestParquetTimestampsHive2Compatibility" time="0"/>
  <testcase name="testWriteHive2ReadHive4UsingLegacyConversion(String)[1331]" classname="org.apache.hadoop.hive.ql.io.parquet.serde.TestParquetTimestampsHive2Compatibility" time="0"/>
  <testcase name="testWriteHive2ReadHive4UsingLegacyConversion(String)[1332]" classname="org.apache.hadoop.hive.ql.io.parquet.serde.TestParquetTimestampsHive2Compatibility" time="0"/>
  <testcase name="testWriteHive2ReadHive4UsingLegacyConversion(String)[1333]" classname="org.apache.hadoop.hive.ql.io.parquet.serde.TestParquetTimestampsHive2Compatibility" time="0"/>
  <testcase name="testWriteHive2ReadHive4UsingLegacyConversion(String)[1334]" classname="org.apache.hadoop.hive.ql.io.parquet.serde.TestParquetTimestampsHive2Compatibility" time="0"/>
  <testcase name="testWriteHive2ReadHive4UsingLegacyConversion(String)[1335]" classname="org.apache.hadoop.hive.ql.io.parquet.serde.TestParquetTimestampsHive2Compatibility" time="0"/>
  <testcase name="testWriteHive2ReadHive4UsingLegacyConversion(String)[1336]" classname="org.apache.hadoop.hive.ql.io.parquet.serde.TestParquetTimestampsHive2Compatibility" time="0"/>
  <testcase name="testWriteHive2ReadHive4UsingLegacyConversion(String)[1337]" classname="org.apache.hadoop.hive.ql.io.parquet.serde.TestParquetTimestampsHive2Compatibility" time="0"/>
  <testcase name="testWriteHive2ReadHive4UsingLegacyConversion(String)[1338]" classname="org.apache.hadoop.hive.ql.io.parquet.serde.TestParquetTimestampsHive2Compatibility" time="0"/>
  <testcase name="testWriteHive2ReadHive4UsingLegacyConversion(String)[1339]" classname="org.apache.hadoop.hive.ql.io.parquet.serde.TestParquetTimestampsHive2Compatibility" time="0"/>
  <testcase name="testWriteHive2ReadHive4UsingLegacyConversion(String)[1340]" classname="org.apache.hadoop.hive.ql.io.parquet.serde.TestParquetTimestampsHive2Compatibility" time="0.001"/>
  <testcase name="testWriteHive2ReadHive4UsingLegacyConversion(String)[1341]" classname="org.apache.hadoop.hive.ql.io.parquet.serde.TestParquetTimestampsHive2Compatibility" time="0"/>
  <testcase name="testWriteHive2ReadHive4UsingLegacyConversion(String)[1342]" classname="org.apache.hadoop.hive.ql.io.parquet.serde.TestParquetTimestampsHive2Compatibility" time="0.001"/>
  <testcase name="testWriteHive2ReadHive4UsingLegacyConversion(String)[1343]" classname="org.apache.hadoop.hive.ql.io.parquet.serde.TestParquetTimestampsHive2Compatibility" time="0"/>
  <testcase name="testWriteHive2ReadHive4UsingLegacyConversion(String)[1344]" classname="org.apache.hadoop.hive.ql.io.parquet.serde.TestParquetTimestampsHive2Compatibility" time="0.001"/>
  <testcase name="testWriteHive2ReadHive4UsingLegacyConversion(String)[1345]" classname="org.apache.hadoop.hive.ql.io.parquet.serde.TestParquetTimestampsHive2Compatibility" time="0"/>
  <testcase name="testWriteHive2ReadHive4UsingLegacyConversion(String)[1346]" classname="org.apache.hadoop.hive.ql.io.parquet.serde.TestParquetTimestampsHive2Compatibility" time="0"/>
  <testcase name="testWriteHive2ReadHive4UsingLegacyConversion(String)[1347]" classname="org.apache.hadoop.hive.ql.io.parquet.serde.TestParquetTimestampsHive2Compatibility" time="0"/>
  <testcase name="testWriteHive2ReadHive4UsingLegacyConversion(String)[1348]" classname="org.apache.hadoop.hive.ql.io.parquet.serde.TestParquetTimestampsHive2Compatibility" time="0"/>
  <testcase name="testWriteHive2ReadHive4UsingLegacyConversion(String)[1349]" classname="org.apache.hadoop.hive.ql.io.parquet.serde.TestParquetTimestampsHive2Compatibility" time="0"/>
  <testcase name="testWriteHive2ReadHive4UsingLegacyConversion(String)[1350]" classname="org.apache.hadoop.hive.ql.io.parquet.serde.TestParquetTimestampsHive2Compatibility" time="0"/>
  <testcase name="testWriteHive2ReadHive4UsingLegacyConversion(String)[1351]" classname="org.apache.hadoop.hive.ql.io.parquet.serde.TestParquetTimestampsHive2Compatibility" time="0.001"/>
  <testcase name="testWriteHive2ReadHive4UsingLegacyConversion(String)[1352]" classname="org.apache.hadoop.hive.ql.io.parquet.serde.TestParquetTimestampsHive2Compatibility" time="0"/>
  <testcase name="testWriteHive2ReadHive4UsingLegacyConversion(String)[1353]" classname="org.apache.hadoop.hive.ql.io.parquet.serde.TestParquetTimestampsHive2Compatibility" time="0.001"/>
  <testcase name="testWriteHive2ReadHive4UsingLegacyConversion(String)[1354]" classname="org.apache.hadoop.hive.ql.io.parquet.serde.TestParquetTimestampsHive2Compatibility" time="0"/>
  <testcase name="testWriteHive2ReadHive4UsingLegacyConversion(String)[1355]" classname="org.apache.hadoop.hive.ql.io.parquet.serde.TestParquetTimestampsHive2Compatibility" time="0"/>
  <testcase name="testWriteHive2ReadHive4UsingLegacyConversion(String)[1356]" classname="org.apache.hadoop.hive.ql.io.parquet.serde.TestParquetTimestampsHive2Compatibility" time="0"/>
  <testcase name="testWriteHive2ReadHive4UsingLegacyConversion(String)[1357]" classname="org.apache.hadoop.hive.ql.io.parquet.serde.TestParquetTimestampsHive2Compatibility" time="0"/>
  <testcase name="testWriteHive2ReadHive4UsingLegacyConversion(String)[1358]" classname="org.apache.hadoop.hive.ql.io.parquet.serde.TestParquetTimestampsHive2Compatibility" time="0"/>
  <testcase name="testWriteHive2ReadHive4UsingLegacyConversion(String)[1359]" classname="org.apache.hadoop.hive.ql.io.parquet.serde.TestParquetTimestampsHive2Compatibility" time="0"/>
  <testcase name="testWriteHive2ReadHive4UsingLegacyConversion(String)[1360]" classname="org.apache.hadoop.hive.ql.io.parquet.serde.TestParquetTimestampsHive2Compatibility" time="0"/>
  <testcase name="testWriteHive2ReadHive4UsingLegacyConversion(String)[1361]" classname="org.apache.hadoop.hive.ql.io.parquet.serde.TestParquetTimestampsHive2Compatibility" time="0"/>
  <testcase name="testWriteHive2ReadHive4UsingLegacyConversion(String)[1362]" classname="org.apache.hadoop.hive.ql.io.parquet.serde.TestParquetTimestampsHive2Compatibility" time="0"/>
  <testcase name="testWriteHive2ReadHive4UsingLegacyConversion(String)[1363]" classname="org.apache.hadoop.hive.ql.io.parquet.serde.TestParquetTimestampsHive2Compatibility" time="0"/>
  <testcase name="testWriteHive2ReadHive4UsingLegacyConversion(String)[1364]" classname="org.apache.hadoop.hive.ql.io.parquet.serde.TestParquetTimestampsHive2Compatibility" time="0"/>
  <testcase name="testWriteHive2ReadHive4UsingLegacyConversion(String)[1365]" classname="org.apache.hadoop.hive.ql.io.parquet.serde.TestParquetTimestampsHive2Compatibility" time="0"/>
  <testcase name="testWriteHive2ReadHive4UsingLegacyConversion(String)[1366]" classname="org.apache.hadoop.hive.ql.io.parquet.serde.TestParquetTimestampsHive2Compatibility" time="0.001"/>
  <testcase name="testWriteHive2ReadHive4UsingLegacyConversion(String)[1367]" classname="org.apache.hadoop.hive.ql.io.parquet.serde.TestParquetTimestampsHive2Compatibility" time="0"/>
  <testcase name="testWriteHive2ReadHive4UsingLegacyConversion(String)[1368]" classname="org.apache.hadoop.hive.ql.io.parquet.serde.TestParquetTimestampsHive2Compatibility" time="0.001"/>
  <testcase name="testWriteHive2ReadHive4UsingLegacyConversion(String)[1369]" classname="org.apache.hadoop.hive.ql.io.parquet.serde.TestParquetTimestampsHive2Compatibility" time="0"/>
  <testcase name="testWriteHive2ReadHive4UsingLegacyConversion(String)[1370]" classname="org.apache.hadoop.hive.ql.io.parquet.serde.TestParquetTimestampsHive2Compatibility" time="0.001"/>
  <testcase name="testWriteHive2ReadHive4UsingLegacyConversion(String)[1371]" classname="org.apache.hadoop.hive.ql.io.parquet.serde.TestParquetTimestampsHive2Compatibility" time="0"/>
  <testcase name="testWriteHive2ReadHive4UsingLegacyConversion(String)[1372]" classname="org.apache.hadoop.hive.ql.io.parquet.serde.TestParquetTimestampsHive2Compatibility" time="0.001"/>
  <testcase name="testWriteHive2ReadHive4UsingLegacyConversion(String)[1373]" classname="org.apache.hadoop.hive.ql.io.parquet.serde.TestParquetTimestampsHive2Compatibility" time="0"/>
  <testcase name="testWriteHive2ReadHive4UsingLegacyConversion(String)[1374]" classname="org.apache.hadoop.hive.ql.io.parquet.serde.TestParquetTimestampsHive2Compatibility" time="0"/>
  <testcase name="testWriteHive2ReadHive4UsingLegacyConversion(String)[1375]" classname="org.apache.hadoop.hive.ql.io.parquet.serde.TestParquetTimestampsHive2Compatibility" time="0"/>
  <testcase name="testWriteHive2ReadHive4UsingLegacyConversion(String)[1376]" classname="org.apache.hadoop.hive.ql.io.parquet.serde.TestParquetTimestampsHive2Compatibility" time="0"/>
  <testcase name="testWriteHive2ReadHive4UsingLegacyConversion(String)[1377]" classname="org.apache.hadoop.hive.ql.io.parquet.serde.TestParquetTimestampsHive2Compatibility" time="0"/>
  <testcase name="testWriteHive2ReadHive4UsingLegacyConversion(String)[1378]" classname="org.apache.hadoop.hive.ql.io.parquet.serde.TestParquetTimestampsHive2Compatibility" time="0.001"/>
  <testcase name="testWriteHive2ReadHive4UsingLegacyConversion(String)[1379]" classname="org.apache.hadoop.hive.ql.io.parquet.serde.TestParquetTimestampsHive2Compatibility" time="0"/>
  <testcase name="testWriteHive2ReadHive4UsingLegacyConversion(String)[1380]" classname="org.apache.hadoop.hive.ql.io.parquet.serde.TestParquetTimestampsHive2Compatibility" time="0.001"/>
  <testcase name="testWriteHive2ReadHive4UsingLegacyConversion(String)[1381]" classname="org.apache.hadoop.hive.ql.io.parquet.serde.TestParquetTimestampsHive2Compatibility" time="0"/>
  <testcase name="testWriteHive2ReadHive4UsingLegacyConversion(String)[1382]" classname="org.apache.hadoop.hive.ql.io.parquet.serde.TestParquetTimestampsHive2Compatibility" time="0.001"/>
  <testcase name="testWriteHive2ReadHive4UsingLegacyConversion(String)[1383]" classname="org.apache.hadoop.hive.ql.io.parquet.serde.TestParquetTimestampsHive2Compatibility" time="0"/>
  <testcase name="testWriteHive2ReadHive4UsingLegacyConversion(String)[1384]" classname="org.apache.hadoop.hive.ql.io.parquet.serde.TestParquetTimestampsHive2Compatibility" time="0.001"/>
  <testcase name="testWriteHive2ReadHive4UsingLegacyConversion(String)[1385]" classname="org.apache.hadoop.hive.ql.io.parquet.serde.TestParquetTimestampsHive2Compatibility" time="0"/>
  <testcase name="testWriteHive2ReadHive4UsingLegacyConversion(String)[1386]" classname="org.apache.hadoop.hive.ql.io.parquet.serde.TestParquetTimestampsHive2Compatibility" time="0.001"/>
  <testcase name="testWriteHive2ReadHive4UsingLegacyConversion(String)[1387]" classname="org.apache.hadoop.hive.ql.io.parquet.serde.TestParquetTimestampsHive2Compatibility" time="0"/>
  <testcase name="testWriteHive2ReadHive4UsingLegacyConversion(String)[1388]" classname="org.apache.hadoop.hive.ql.io.parquet.serde.TestParquetTimestampsHive2Compatibility" time="0.001"/>
  <testcase name="testWriteHive2ReadHive4UsingLegacyConversion(String)[1389]" classname="org.apache.hadoop.hive.ql.io.parquet.serde.TestParquetTimestampsHive2Compatibility" time="0"/>
  <testcase name="testWriteHive2ReadHive4UsingLegacyConversion(String)[1390]" classname="org.apache.hadoop.hive.ql.io.parquet.serde.TestParquetTimestampsHive2Compatibility" time="0"/>
  <testcase name="testWriteHive2ReadHive4UsingLegacyConversion(String)[1391]" classname="org.apache.hadoop.hive.ql.io.parquet.serde.TestParquetTimestampsHive2Compatibility" time="0"/>
  <testcase name="testWriteHive2ReadHive4UsingLegacyConversion(String)[1392]" classname="org.apache.hadoop.hive.ql.io.parquet.serde.TestParquetTimestampsHive2Compatibility" time="0"/>
  <testcase name="testWriteHive2ReadHive4UsingLegacyConversion(String)[1393]" classname="org.apache.hadoop.hive.ql.io.parquet.serde.TestParquetTimestampsHive2Compatibility" time="0"/>
  <testcase name="testWriteHive2ReadHive4UsingLegacyConversion(String)[1394]" classname="org.apache.hadoop.hive.ql.io.parquet.serde.TestParquetTimestampsHive2Compatibility" time="0.001"/>
  <testcase name="testWriteHive2ReadHive4UsingLegacyConversion(String)[1395]" classname="org.apache.hadoop.hive.ql.io.parquet.serde.TestParquetTimestampsHive2Compatibility" time="0"/>
  <testcase name="testWriteHive2ReadHive4UsingLegacyConversion(String)[1396]" classname="org.apache.hadoop.hive.ql.io.parquet.serde.TestParquetTimestampsHive2Compatibility" time="0"/>
  <testcase name="testWriteHive2ReadHive4UsingLegacyConversion(String)[1397]" classname="org.apache.hadoop.hive.ql.io.parquet.serde.TestParquetTimestampsHive2Compatibility" time="0.001"/>
  <testcase name="testWriteHive2ReadHive4UsingLegacyConversion(String)[1398]" classname="org.apache.hadoop.hive.ql.io.parquet.serde.TestParquetTimestampsHive2Compatibility" time="0"/>
  <testcase name="testWriteHive2ReadHive4UsingLegacyConversion(String)[1399]" classname="org.apache.hadoop.hive.ql.io.parquet.serde.TestParquetTimestampsHive2Compatibility" time="0"/>
  <testcase name="testWriteHive2ReadHive4UsingLegacyConversion(String)[1400]" classname="org.apache.hadoop.hive.ql.io.parquet.serde.TestParquetTimestampsHive2Compatibility" time="0.001"/>
  <testcase name="testWriteHive2ReadHive4UsingLegacyConversion(String)[1401]" classname="org.apache.hadoop.hive.ql.io.parquet.serde.TestParquetTimestampsHive2Compatibility" time="0"/>
  <testcase name="testWriteHive2ReadHive4UsingLegacyConversion(String)[1402]" classname="org.apache.hadoop.hive.ql.io.parquet.serde.TestParquetTimestampsHive2Compatibility" time="0"/>
  <testcase name="testWriteHive2ReadHive4UsingLegacyConversion(String)[1403]" classname="org.apache.hadoop.hive.ql.io.parquet.serde.TestParquetTimestampsHive2Compatibility" time="0.001"/>
  <testcase name="testWriteHive2ReadHive4UsingLegacyConversion(String)[1404]" classname="org.apache.hadoop.hive.ql.io.parquet.serde.TestParquetTimestampsHive2Compatibility" time="0"/>
  <testcase name="testWriteHive2ReadHive4UsingLegacyConversion(String)[1405]" classname="org.apache.hadoop.hive.ql.io.parquet.serde.TestParquetTimestampsHive2Compatibility" time="0.001"/>
  <testcase name="testWriteHive2ReadHive4UsingLegacyConversion(String)[1406]" classname="org.apache.hadoop.hive.ql.io.parquet.serde.TestParquetTimestampsHive2Compatibility" time="0"/>
  <testcase name="testWriteHive2ReadHive4UsingLegacyConversion(String)[1407]" classname="org.apache.hadoop.hive.ql.io.parquet.serde.TestParquetTimestampsHive2Compatibility" time="0.001"/>
  <testcase name="testWriteHive2ReadHive4UsingLegacyConversion(String)[1408]" classname="org.apache.hadoop.hive.ql.io.parquet.serde.TestParquetTimestampsHive2Compatibility" time="0.001"/>
  <testcase name="testWriteHive2ReadHive4UsingLegacyConversion(String)[1409]" classname="org.apache.hadoop.hive.ql.io.parquet.serde.TestParquetTimestampsHive2Compatibility" time="0"/>
  <testcase name="testWriteHive2ReadHive4UsingLegacyConversion(String)[1410]" classname="org.apache.hadoop.hive.ql.io.parquet.serde.TestParquetTimestampsHive2Compatibility" time="0"/>
  <testcase name="testWriteHive2ReadHive4UsingLegacyConversion(String)[1411]" classname="org.apache.hadoop.hive.ql.io.parquet.serde.TestParquetTimestampsHive2Compatibility" time="0"/>
  <testcase name="testWriteHive2ReadHive4UsingLegacyConversion(String)[1412]" classname="org.apache.hadoop.hive.ql.io.parquet.serde.TestParquetTimestampsHive2Compatibility" time="0"/>
  <testcase name="testWriteHive2ReadHive4UsingLegacyConversion(String)[1413]" classname="org.apache.hadoop.hive.ql.io.parquet.serde.TestParquetTimestampsHive2Compatibility" time="0.001"/>
  <testcase name="testWriteHive2ReadHive4UsingLegacyConversion(String)[1414]" classname="org.apache.hadoop.hive.ql.io.parquet.serde.TestParquetTimestampsHive2Compatibility" time="0"/>
  <testcase name="testWriteHive2ReadHive4UsingLegacyConversion(String)[1415]" classname="org.apache.hadoop.hive.ql.io.parquet.serde.TestParquetTimestampsHive2Compatibility" time="0"/>
  <testcase name="testWriteHive2ReadHive4UsingLegacyConversion(String)[1416]" classname="org.apache.hadoop.hive.ql.io.parquet.serde.TestParquetTimestampsHive2Compatibility" time="0.001"/>
  <testcase name="testWriteHive2ReadHive4UsingLegacyConversion(String)[1417]" classname="org.apache.hadoop.hive.ql.io.parquet.serde.TestParquetTimestampsHive2Compatibility" time="0"/>
  <testcase name="testWriteHive2ReadHive4UsingLegacyConversion(String)[1418]" classname="org.apache.hadoop.hive.ql.io.parquet.serde.TestParquetTimestampsHive2Compatibility" time="0"/>
  <testcase name="testWriteHive2ReadHive4UsingLegacyConversion(String)[1419]" classname="org.apache.hadoop.hive.ql.io.parquet.serde.TestParquetTimestampsHive2Compatibility" time="0"/>
  <testcase name="testWriteHive2ReadHive4UsingLegacyConversion(String)[1420]" classname="org.apache.hadoop.hive.ql.io.parquet.serde.TestParquetTimestampsHive2Compatibility" time="0"/>
  <testcase name="testWriteHive2ReadHive4UsingLegacyConversion(String)[1421]" classname="org.apache.hadoop.hive.ql.io.parquet.serde.TestParquetTimestampsHive2Compatibility" time="0.001"/>
  <testcase name="testWriteHive2ReadHive4UsingLegacyConversion(String)[1422]" classname="org.apache.hadoop.hive.ql.io.parquet.serde.TestParquetTimestampsHive2Compatibility" time="0"/>
  <testcase name="testWriteHive2ReadHive4UsingLegacyConversion(String)[1423]" classname="org.apache.hadoop.hive.ql.io.parquet.serde.TestParquetTimestampsHive2Compatibility" time="0.001"/>
  <testcase name="testWriteHive2ReadHive4UsingLegacyConversion(String)[1424]" classname="org.apache.hadoop.hive.ql.io.parquet.serde.TestParquetTimestampsHive2Compatibility" time="0"/>
  <testcase name="testWriteHive2ReadHive4UsingLegacyConversion(String)[1425]" classname="org.apache.hadoop.hive.ql.io.parquet.serde.TestParquetTimestampsHive2Compatibility" time="0"/>
  <testcase name="testWriteHive2ReadHive4UsingLegacyConversion(String)[1426]" classname="org.apache.hadoop.hive.ql.io.parquet.serde.TestParquetTimestampsHive2Compatibility" time="0"/>
  <testcase name="testWriteHive2ReadHive4UsingLegacyConversion(String)[1427]" classname="org.apache.hadoop.hive.ql.io.parquet.serde.TestParquetTimestampsHive2Compatibility" time="0"/>
  <testcase name="testWriteHive2ReadHive4UsingLegacyConversion(String)[1428]" classname="org.apache.hadoop.hive.ql.io.parquet.serde.TestParquetTimestampsHive2Compatibility" time="0"/>
  <testcase name="testWriteHive2ReadHive4UsingLegacyConversion(String)[1429]" classname="org.apache.hadoop.hive.ql.io.parquet.serde.TestParquetTimestampsHive2Compatibility" time="0.001"/>
  <testcase name="testWriteHive2ReadHive4UsingLegacyConversion(String)[1430]" classname="org.apache.hadoop.hive.ql.io.parquet.serde.TestParquetTimestampsHive2Compatibility" time="0"/>
  <testcase name="testWriteHive2ReadHive4UsingLegacyConversion(String)[1431]" classname="org.apache.hadoop.hive.ql.io.parquet.serde.TestParquetTimestampsHive2Compatibility" time="0"/>
  <testcase name="testWriteHive2ReadHive4UsingLegacyConversion(String)[1432]" classname="org.apache.hadoop.hive.ql.io.parquet.serde.TestParquetTimestampsHive2Compatibility" time="0.001"/>
  <testcase name="testWriteHive2ReadHive4UsingLegacyConversion(String)[1433]" classname="org.apache.hadoop.hive.ql.io.parquet.serde.TestParquetTimestampsHive2Compatibility" time="0"/>
  <testcase name="testWriteHive2ReadHive4UsingLegacyConversion(String)[1434]" classname="org.apache.hadoop.hive.ql.io.parquet.serde.TestParquetTimestampsHive2Compatibility" time="0"/>
  <testcase name="testWriteHive2ReadHive4UsingLegacyConversion(String)[1435]" classname="org.apache.hadoop.hive.ql.io.parquet.serde.TestParquetTimestampsHive2Compatibility" time="0.001"/>
  <testcase name="testWriteHive2ReadHive4UsingLegacyConversion(String)[1436]" classname="org.apache.hadoop.hive.ql.io.parquet.serde.TestParquetTimestampsHive2Compatibility" time="0"/>
  <testcase name="testWriteHive2ReadHive4UsingLegacyConversion(String)[1437]" classname="org.apache.hadoop.hive.ql.io.parquet.serde.TestParquetTimestampsHive2Compatibility" time="0"/>
  <testcase name="testWriteHive2ReadHive4UsingLegacyConversion(String)[1438]" classname="org.apache.hadoop.hive.ql.io.parquet.serde.TestParquetTimestampsHive2Compatibility" time="0.001"/>
  <testcase name="testWriteHive2ReadHive4UsingLegacyConversion(String)[1439]" classname="org.apache.hadoop.hive.ql.io.parquet.serde.TestParquetTimestampsHive2Compatibility" time="0"/>
  <testcase name="testWriteHive2ReadHive4UsingLegacyConversion(String)[1440]" classname="org.apache.hadoop.hive.ql.io.parquet.serde.TestParquetTimestampsHive2Compatibility" time="0"/>
  <testcase name="testWriteHive2ReadHive4UsingLegacyConversion(String)[1441]" classname="org.apache.hadoop.hive.ql.io.parquet.serde.TestParquetTimestampsHive2Compatibility" time="0.001"/>
  <testcase name="testWriteHive2ReadHive4UsingLegacyConversion(String)[1442]" classname="org.apache.hadoop.hive.ql.io.parquet.serde.TestParquetTimestampsHive2Compatibility" time="0"/>
  <testcase name="testWriteHive2ReadHive4UsingLegacyConversion(String)[1443]" classname="org.apache.hadoop.hive.ql.io.parquet.serde.TestParquetTimestampsHive2Compatibility" time="0"/>
  <testcase name="testWriteHive2ReadHive4UsingLegacyConversion(String)[1444]" classname="org.apache.hadoop.hive.ql.io.parquet.serde.TestParquetTimestampsHive2Compatibility" time="0"/>
  <testcase name="testWriteHive2ReadHive4UsingLegacyConversion(String)[1445]" classname="org.apache.hadoop.hive.ql.io.parquet.serde.TestParquetTimestampsHive2Compatibility" time="0"/>
  <testcase name="testWriteHive2ReadHive4UsingLegacyConversion(String)[1446]" classname="org.apache.hadoop.hive.ql.io.parquet.serde.TestParquetTimestampsHive2Compatibility" time="0"/>
  <testcase name="testWriteHive2ReadHive4UsingLegacyConversion(String)[1447]" classname="org.apache.hadoop.hive.ql.io.parquet.serde.TestParquetTimestampsHive2Compatibility" time="0"/>
  <testcase name="testWriteHive2ReadHive4UsingLegacyConversion(String)[1448]" classname="org.apache.hadoop.hive.ql.io.parquet.serde.TestParquetTimestampsHive2Compatibility" time="0"/>
  <testcase name="testWriteHive2ReadHive4UsingLegacyConversion(String)[1449]" classname="org.apache.hadoop.hive.ql.io.parquet.serde.TestParquetTimestampsHive2Compatibility" time="0"/>
  <testcase name="testWriteHive2ReadHive4UsingLegacyConversion(String)[1450]" classname="org.apache.hadoop.hive.ql.io.parquet.serde.TestParquetTimestampsHive2Compatibility" time="0"/>
  <testcase name="testWriteHive2ReadHive4UsingLegacyConversion(String)[1451]" classname="org.apache.hadoop.hive.ql.io.parquet.serde.TestParquetTimestampsHive2Compatibility" time="0.001"/>
  <testcase name="testWriteHive2ReadHive4UsingLegacyConversion(String)[1452]" classname="org.apache.hadoop.hive.ql.io.parquet.serde.TestParquetTimestampsHive2Compatibility" time="0"/>
  <testcase name="testWriteHive2ReadHive4UsingLegacyConversion(String)[1453]" classname="org.apache.hadoop.hive.ql.io.parquet.serde.TestParquetTimestampsHive2Compatibility" time="0.001"/>
  <testcase name="testWriteHive2ReadHive4UsingLegacyConversion(String)[1454]" classname="org.apache.hadoop.hive.ql.io.parquet.serde.TestParquetTimestampsHive2Compatibility" time="0"/>
  <testcase name="testWriteHive2ReadHive4UsingLegacyConversion(String)[1455]" classname="org.apache.hadoop.hive.ql.io.parquet.serde.TestParquetTimestampsHive2Compatibility" time="0.001"/>
  <testcase name="testWriteHive2ReadHive4UsingLegacyConversion(String)[1456]" classname="org.apache.hadoop.hive.ql.io.parquet.serde.TestParquetTimestampsHive2Compatibility" time="0"/>
  <testcase name="testWriteHive2ReadHive4UsingLegacyConversion(String)[1457]" classname="org.apache.hadoop.hive.ql.io.parquet.serde.TestParquetTimestampsHive2Compatibility" time="0"/>
  <testcase name="testWriteHive2ReadHive4UsingLegacyConversion(String)[1458]" classname="org.apache.hadoop.hive.ql.io.parquet.serde.TestParquetTimestampsHive2Compatibility" time="0"/>
  <testcase name="testWriteHive2ReadHive4UsingLegacyConversion(String)[1459]" classname="org.apache.hadoop.hive.ql.io.parquet.serde.TestParquetTimestampsHive2Compatibility" time="0"/>
  <testcase name="testWriteHive2ReadHive4UsingLegacyConversion(String)[1460]" classname="org.apache.hadoop.hive.ql.io.parquet.serde.TestParquetTimestampsHive2Compatibility" time="0"/>
  <testcase name="testWriteHive2ReadHive4UsingLegacyConversion(String)[1461]" classname="org.apache.hadoop.hive.ql.io.parquet.serde.TestParquetTimestampsHive2Compatibility" time="0"/>
  <testcase name="testWriteHive2ReadHive4UsingLegacyConversion(String)[1462]" classname="org.apache.hadoop.hive.ql.io.parquet.serde.TestParquetTimestampsHive2Compatibility" time="0"/>
  <testcase name="testWriteHive2ReadHive4UsingLegacyConversion(String)[1463]" classname="org.apache.hadoop.hive.ql.io.parquet.serde.TestParquetTimestampsHive2Compatibility" time="0"/>
  <testcase name="testWriteHive2ReadHive4UsingLegacyConversion(String)[1464]" classname="org.apache.hadoop.hive.ql.io.parquet.serde.TestParquetTimestampsHive2Compatibility" time="0"/>
  <testcase name="testWriteHive2ReadHive4UsingLegacyConversion(String)[1465]" classname="org.apache.hadoop.hive.ql.io.parquet.serde.TestParquetTimestampsHive2Compatibility" time="0"/>
  <testcase name="testWriteHive2ReadHive4UsingLegacyConversion(String)[1466]" classname="org.apache.hadoop.hive.ql.io.parquet.serde.TestParquetTimestampsHive2Compatibility" time="0"/>
  <testcase name="testWriteHive2ReadHive4UsingLegacyConversion(String)[1467]" classname="org.apache.hadoop.hive.ql.io.parquet.serde.TestParquetTimestampsHive2Compatibility" time="0"/>
  <testcase name="testWriteHive2ReadHive4UsingLegacyConversion(String)[1468]" classname="org.apache.hadoop.hive.ql.io.parquet.serde.TestParquetTimestampsHive2Compatibility" time="0"/>
  <testcase name="testWriteHive2ReadHive4UsingLegacyConversion(String)[1469]" classname="org.apache.hadoop.hive.ql.io.parquet.serde.TestParquetTimestampsHive2Compatibility" time="0"/>
  <testcase name="testWriteHive2ReadHive4UsingLegacyConversion(String)[1470]" classname="org.apache.hadoop.hive.ql.io.parquet.serde.TestParquetTimestampsHive2Compatibility" time="0"/>
  <testcase name="testWriteHive2ReadHive4UsingLegacyConversion(String)[1471]" classname="org.apache.hadoop.hive.ql.io.parquet.serde.TestParquetTimestampsHive2Compatibility" time="0.001"/>
  <testcase name="testWriteHive2ReadHive4UsingLegacyConversion(String)[1472]" classname="org.apache.hadoop.hive.ql.io.parquet.serde.TestParquetTimestampsHive2Compatibility" time="0"/>
  <testcase name="testWriteHive2ReadHive4UsingLegacyConversion(String)[1473]" classname="org.apache.hadoop.hive.ql.io.parquet.serde.TestParquetTimestampsHive2Compatibility" time="0"/>
  <testcase name="testWriteHive2ReadHive4UsingLegacyConversion(String)[1474]" classname="org.apache.hadoop.hive.ql.io.parquet.serde.TestParquetTimestampsHive2Compatibility" time="0"/>
  <testcase name="testWriteHive2ReadHive4UsingLegacyConversion(String)[1475]" classname="org.apache.hadoop.hive.ql.io.parquet.serde.TestParquetTimestampsHive2Compatibility" time="0.001"/>
  <testcase name="testWriteHive2ReadHive4UsingLegacyConversion(String)[1476]" classname="org.apache.hadoop.hive.ql.io.parquet.serde.TestParquetTimestampsHive2Compatibility" time="0"/>
  <testcase name="testWriteHive2ReadHive4UsingLegacyConversion(String)[1477]" classname="org.apache.hadoop.hive.ql.io.parquet.serde.TestParquetTimestampsHive2Compatibility" time="0"/>
  <testcase name="testWriteHive2ReadHive4UsingLegacyConversion(String)[1478]" classname="org.apache.hadoop.hive.ql.io.parquet.serde.TestParquetTimestampsHive2Compatibility" time="0"/>
  <testcase name="testWriteHive2ReadHive4UsingLegacyConversion(String)[1479]" classname="org.apache.hadoop.hive.ql.io.parquet.serde.TestParquetTimestampsHive2Compatibility" time="0"/>
  <testcase name="testWriteHive2ReadHive4UsingLegacyConversion(String)[1480]" classname="org.apache.hadoop.hive.ql.io.parquet.serde.TestParquetTimestampsHive2Compatibility" time="0"/>
  <testcase name="testWriteHive2ReadHive4UsingLegacyConversion(String)[1481]" classname="org.apache.hadoop.hive.ql.io.parquet.serde.TestParquetTimestampsHive2Compatibility" time="0"/>
  <testcase name="testWriteHive2ReadHive4UsingLegacyConversion(String)[1482]" classname="org.apache.hadoop.hive.ql.io.parquet.serde.TestParquetTimestampsHive2Compatibility" time="0"/>
  <testcase name="testWriteHive2ReadHive4UsingLegacyConversion(String)[1483]" classname="org.apache.hadoop.hive.ql.io.parquet.serde.TestParquetTimestampsHive2Compatibility" time="0"/>
  <testcase name="testWriteHive2ReadHive4UsingLegacyConversion(String)[1484]" classname="org.apache.hadoop.hive.ql.io.parquet.serde.TestParquetTimestampsHive2Compatibility" time="0"/>
  <testcase name="testWriteHive2ReadHive4UsingLegacyConversion(String)[1485]" classname="org.apache.hadoop.hive.ql.io.parquet.serde.TestParquetTimestampsHive2Compatibility" time="0"/>
  <testcase name="testWriteHive2ReadHive4UsingLegacyConversion(String)[1486]" classname="org.apache.hadoop.hive.ql.io.parquet.serde.TestParquetTimestampsHive2Compatibility" time="0"/>
  <testcase name="testWriteHive2ReadHive4UsingLegacyConversion(String)[1487]" classname="org.apache.hadoop.hive.ql.io.parquet.serde.TestParquetTimestampsHive2Compatibility" time="0"/>
  <testcase name="testWriteHive2ReadHive4UsingLegacyConversion(String)[1488]" classname="org.apache.hadoop.hive.ql.io.parquet.serde.TestParquetTimestampsHive2Compatibility" time="0"/>
  <testcase name="testWriteHive2ReadHive4UsingLegacyConversion(String)[1489]" classname="org.apache.hadoop.hive.ql.io.parquet.serde.TestParquetTimestampsHive2Compatibility" time="0"/>
  <testcase name="testWriteHive2ReadHive4UsingLegacyConversion(String)[1490]" classname="org.apache.hadoop.hive.ql.io.parquet.serde.TestParquetTimestampsHive2Compatibility" time="0.001"/>
  <testcase name="testWriteHive2ReadHive4UsingLegacyConversion(String)[1491]" classname="org.apache.hadoop.hive.ql.io.parquet.serde.TestParquetTimestampsHive2Compatibility" time="0"/>
  <testcase name="testWriteHive2ReadHive4UsingLegacyConversion(String)[1492]" classname="org.apache.hadoop.hive.ql.io.parquet.serde.TestParquetTimestampsHive2Compatibility" time="0"/>
  <testcase name="testWriteHive2ReadHive4UsingLegacyConversion(String)[1493]" classname="org.apache.hadoop.hive.ql.io.parquet.serde.TestParquetTimestampsHive2Compatibility" time="0"/>
  <testcase name="testWriteHive2ReadHive4UsingLegacyConversion(String)[1494]" classname="org.apache.hadoop.hive.ql.io.parquet.serde.TestParquetTimestampsHive2Compatibility" time="0"/>
  <testcase name="testWriteHive2ReadHive4UsingLegacyConversion(String)[1495]" classname="org.apache.hadoop.hive.ql.io.parquet.serde.TestParquetTimestampsHive2Compatibility" time="0"/>
  <testcase name="testWriteHive2ReadHive4UsingLegacyConversion(String)[1496]" classname="org.apache.hadoop.hive.ql.io.parquet.serde.TestParquetTimestampsHive2Compatibility" time="0"/>
  <testcase name="testWriteHive2ReadHive4UsingLegacyConversion(String)[1497]" classname="org.apache.hadoop.hive.ql.io.parquet.serde.TestParquetTimestampsHive2Compatibility" time="0.001"/>
  <testcase name="testWriteHive2ReadHive4UsingLegacyConversion(String)[1498]" classname="org.apache.hadoop.hive.ql.io.parquet.serde.TestParquetTimestampsHive2Compatibility" time="0"/>
  <testcase name="testWriteHive2ReadHive4UsingLegacyConversion(String)[1499]" classname="org.apache.hadoop.hive.ql.io.parquet.serde.TestParquetTimestampsHive2Compatibility" time="0"/>
  <testcase name="testWriteHive2ReadHive4UsingLegacyConversion(String)[1500]" classname="org.apache.hadoop.hive.ql.io.parquet.serde.TestParquetTimestampsHive2Compatibility" time="0"/>
  <testcase name="testWriteHive2ReadHive4UsingLegacyConversion(String)[1501]" classname="org.apache.hadoop.hive.ql.io.parquet.serde.TestParquetTimestampsHive2Compatibility" time="0"/>
  <testcase name="testWriteHive2ReadHive4UsingLegacyConversion(String)[1502]" classname="org.apache.hadoop.hive.ql.io.parquet.serde.TestParquetTimestampsHive2Compatibility" time="0"/>
  <testcase name="testWriteHive2ReadHive4UsingLegacyConversion(String)[1503]" classname="org.apache.hadoop.hive.ql.io.parquet.serde.TestParquetTimestampsHive2Compatibility" time="0"/>
  <testcase name="testWriteHive2ReadHive4UsingLegacyConversion(String)[1504]" classname="org.apache.hadoop.hive.ql.io.parquet.serde.TestParquetTimestampsHive2Compatibility" time="0"/>
  <testcase name="testWriteHive2ReadHive4UsingLegacyConversion(String)[1505]" classname="org.apache.hadoop.hive.ql.io.parquet.serde.TestParquetTimestampsHive2Compatibility" time="0"/>
  <testcase name="testWriteHive2ReadHive4UsingLegacyConversion(String)[1506]" classname="org.apache.hadoop.hive.ql.io.parquet.serde.TestParquetTimestampsHive2Compatibility" time="0"/>
  <testcase name="testWriteHive2ReadHive4UsingLegacyConversion(String)[1507]" classname="org.apache.hadoop.hive.ql.io.parquet.serde.TestParquetTimestampsHive2Compatibility" time="0"/>
  <testcase name="testWriteHive2ReadHive4UsingLegacyConversion(String)[1508]" classname="org.apache.hadoop.hive.ql.io.parquet.serde.TestParquetTimestampsHive2Compatibility" time="0"/>
  <testcase name="testWriteHive2ReadHive4UsingLegacyConversion(String)[1509]" classname="org.apache.hadoop.hive.ql.io.parquet.serde.TestParquetTimestampsHive2Compatibility" time="0"/>
  <testcase name="testWriteHive2ReadHive4UsingLegacyConversion(String)[1510]" classname="org.apache.hadoop.hive.ql.io.parquet.serde.TestParquetTimestampsHive2Compatibility" time="0"/>
  <testcase name="testWriteHive2ReadHive4UsingLegacyConversion(String)[1511]" classname="org.apache.hadoop.hive.ql.io.parquet.serde.TestParquetTimestampsHive2Compatibility" time="0"/>
  <testcase name="testWriteHive2ReadHive4UsingLegacyConversion(String)[1512]" classname="org.apache.hadoop.hive.ql.io.parquet.serde.TestParquetTimestampsHive2Compatibility" time="0.001"/>
  <testcase name="testWriteHive2ReadHive4UsingLegacyConversion(String)[1513]" classname="org.apache.hadoop.hive.ql.io.parquet.serde.TestParquetTimestampsHive2Compatibility" time="0"/>
  <testcase name="testWriteHive2ReadHive4UsingLegacyConversion(String)[1514]" classname="org.apache.hadoop.hive.ql.io.parquet.serde.TestParquetTimestampsHive2Compatibility" time="0"/>
  <testcase name="testWriteHive2ReadHive4UsingLegacyConversion(String)[1515]" classname="org.apache.hadoop.hive.ql.io.parquet.serde.TestParquetTimestampsHive2Compatibility" time="0.001"/>
  <testcase name="testWriteHive2ReadHive4UsingLegacyConversion(String)[1516]" classname="org.apache.hadoop.hive.ql.io.parquet.serde.TestParquetTimestampsHive2Compatibility" time="0"/>
  <testcase name="testWriteHive2ReadHive4UsingLegacyConversion(String)[1517]" classname="org.apache.hadoop.hive.ql.io.parquet.serde.TestParquetTimestampsHive2Compatibility" time="0.001"/>
  <testcase name="testWriteHive2ReadHive4UsingLegacyConversion(String)[1518]" classname="org.apache.hadoop.hive.ql.io.parquet.serde.TestParquetTimestampsHive2Compatibility" time="0"/>
  <testcase name="testWriteHive2ReadHive4UsingLegacyConversion(String)[1519]" classname="org.apache.hadoop.hive.ql.io.parquet.serde.TestParquetTimestampsHive2Compatibility" time="0"/>
  <testcase name="testWriteHive2ReadHive4UsingLegacyConversion(String)[1520]" classname="org.apache.hadoop.hive.ql.io.parquet.serde.TestParquetTimestampsHive2Compatibility" time="0"/>
  <testcase name="testWriteHive2ReadHive4UsingLegacyConversion(String)[1521]" classname="org.apache.hadoop.hive.ql.io.parquet.serde.TestParquetTimestampsHive2Compatibility" time="0"/>
  <testcase name="testWriteHive2ReadHive4UsingLegacyConversion(String)[1522]" classname="org.apache.hadoop.hive.ql.io.parquet.serde.TestParquetTimestampsHive2Compatibility" time="0"/>
  <testcase name="testWriteHive2ReadHive4UsingLegacyConversion(String)[1523]" classname="org.apache.hadoop.hive.ql.io.parquet.serde.TestParquetTimestampsHive2Compatibility" time="0"/>
  <testcase name="testWriteHive2ReadHive4UsingLegacyConversion(String)[1524]" classname="org.apache.hadoop.hive.ql.io.parquet.serde.TestParquetTimestampsHive2Compatibility" time="0"/>
  <testcase name="testWriteHive2ReadHive4UsingLegacyConversion(String)[1525]" classname="org.apache.hadoop.hive.ql.io.parquet.serde.TestParquetTimestampsHive2Compatibility" time="0"/>
  <testcase name="testWriteHive2ReadHive4UsingLegacyConversion(String)[1526]" classname="org.apache.hadoop.hive.ql.io.parquet.serde.TestParquetTimestampsHive2Compatibility" time="0"/>
  <testcase name="testWriteHive2ReadHive4UsingLegacyConversion(String)[1527]" classname="org.apache.hadoop.hive.ql.io.parquet.serde.TestParquetTimestampsHive2Compatibility" time="0"/>
  <testcase name="testWriteHive2ReadHive4UsingLegacyConversion(String)[1528]" classname="org.apache.hadoop.hive.ql.io.parquet.serde.TestParquetTimestampsHive2Compatibility" time="0"/>
  <testcase name="testWriteHive2ReadHive4UsingLegacyConversion(String)[1529]" classname="org.apache.hadoop.hive.ql.io.parquet.serde.TestParquetTimestampsHive2Compatibility" time="0.001"/>
  <testcase name="testWriteHive2ReadHive4UsingLegacyConversion(String)[1530]" classname="org.apache.hadoop.hive.ql.io.parquet.serde.TestParquetTimestampsHive2Compatibility" time="0"/>
  <testcase name="testWriteHive2ReadHive4UsingLegacyConversion(String)[1531]" classname="org.apache.hadoop.hive.ql.io.parquet.serde.TestParquetTimestampsHive2Compatibility" time="0"/>
  <testcase name="testWriteHive2ReadHive4UsingLegacyConversion(String)[1532]" classname="org.apache.hadoop.hive.ql.io.parquet.serde.TestParquetTimestampsHive2Compatibility" time="0"/>
  <testcase name="testWriteHive2ReadHive4UsingLegacyConversion(String)[1533]" classname="org.apache.hadoop.hive.ql.io.parquet.serde.TestParquetTimestampsHive2Compatibility" time="0"/>
  <testcase name="testWriteHive2ReadHive4UsingLegacyConversion(String)[1534]" classname="org.apache.hadoop.hive.ql.io.parquet.serde.TestParquetTimestampsHive2Compatibility" time="0"/>
  <testcase name="testWriteHive2ReadHive4UsingLegacyConversion(String)[1535]" classname="org.apache.hadoop.hive.ql.io.parquet.serde.TestParquetTimestampsHive2Compatibility" time="0"/>
  <testcase name="testWriteHive2ReadHive4UsingLegacyConversion(String)[1536]" classname="org.apache.hadoop.hive.ql.io.parquet.serde.TestParquetTimestampsHive2Compatibility" time="0"/>
  <testcase name="testWriteHive2ReadHive4UsingLegacyConversion(String)[1537]" classname="org.apache.hadoop.hive.ql.io.parquet.serde.TestParquetTimestampsHive2Compatibility" time="0"/>
  <testcase name="testWriteHive2ReadHive4UsingLegacyConversion(String)[1538]" classname="org.apache.hadoop.hive.ql.io.parquet.serde.TestParquetTimestampsHive2Compatibility" time="0.001"/>
  <testcase name="testWriteHive2ReadHive4UsingLegacyConversion(String)[1539]" classname="org.apache.hadoop.hive.ql.io.parquet.serde.TestParquetTimestampsHive2Compatibility" time="0"/>
  <testcase name="testWriteHive2ReadHive4UsingLegacyConversion(String)[1540]" classname="org.apache.hadoop.hive.ql.io.parquet.serde.TestParquetTimestampsHive2Compatibility" time="0"/>
  <testcase name="testWriteHive2ReadHive4UsingLegacyConversion(String)[1541]" classname="org.apache.hadoop.hive.ql.io.parquet.serde.TestParquetTimestampsHive2Compatibility" time="0"/>
  <testcase name="testWriteHive2ReadHive4UsingLegacyConversion(String)[1542]" classname="org.apache.hadoop.hive.ql.io.parquet.serde.TestParquetTimestampsHive2Compatibility" time="0"/>
  <testcase name="testWriteHive2ReadHive4UsingLegacyConversion(String)[1543]" classname="org.apache.hadoop.hive.ql.io.parquet.serde.TestParquetTimestampsHive2Compatibility" time="0.001"/>
  <testcase name="testWriteHive2ReadHive4UsingLegacyConversion(String)[1544]" classname="org.apache.hadoop.hive.ql.io.parquet.serde.TestParquetTimestampsHive2Compatibility" time="0"/>
  <testcase name="testWriteHive2ReadHive4UsingLegacyConversion(String)[1545]" classname="org.apache.hadoop.hive.ql.io.parquet.serde.TestParquetTimestampsHive2Compatibility" time="0.001"/>
  <testcase name="testWriteHive2ReadHive4UsingLegacyConversion(String)[1546]" classname="org.apache.hadoop.hive.ql.io.parquet.serde.TestParquetTimestampsHive2Compatibility" time="0"/>
  <testcase name="testWriteHive2ReadHive4UsingLegacyConversion(String)[1547]" classname="org.apache.hadoop.hive.ql.io.parquet.serde.TestParquetTimestampsHive2Compatibility" time="0"/>
  <testcase name="testWriteHive2ReadHive4UsingLegacyConversion(String)[1548]" classname="org.apache.hadoop.hive.ql.io.parquet.serde.TestParquetTimestampsHive2Compatibility" time="0"/>
  <testcase name="testWriteHive2ReadHive4UsingLegacyConversion(String)[1549]" classname="org.apache.hadoop.hive.ql.io.parquet.serde.TestParquetTimestampsHive2Compatibility" time="0"/>
  <testcase name="testWriteHive2ReadHive4UsingLegacyConversion(String)[1550]" classname="org.apache.hadoop.hive.ql.io.parquet.serde.TestParquetTimestampsHive2Compatibility" time="0.001"/>
  <testcase name="testWriteHive2ReadHive4UsingLegacyConversion(String)[1551]" classname="org.apache.hadoop.hive.ql.io.parquet.serde.TestParquetTimestampsHive2Compatibility" time="0"/>
  <testcase name="testWriteHive2ReadHive4UsingLegacyConversion(String)[1552]" classname="org.apache.hadoop.hive.ql.io.parquet.serde.TestParquetTimestampsHive2Compatibility" time="0"/>
  <testcase name="testWriteHive2ReadHive4UsingLegacyConversion(String)[1553]" classname="org.apache.hadoop.hive.ql.io.parquet.serde.TestParquetTimestampsHive2Compatibility" time="0"/>
  <testcase name="testWriteHive2ReadHive4UsingLegacyConversion(String)[1554]" classname="org.apache.hadoop.hive.ql.io.parquet.serde.TestParquetTimestampsHive2Compatibility" time="0"/>
  <testcase name="testWriteHive2ReadHive4UsingLegacyConversion(String)[1555]" classname="org.apache.hadoop.hive.ql.io.parquet.serde.TestParquetTimestampsHive2Compatibility" time="0.001"/>
  <testcase name="testWriteHive2ReadHive4UsingLegacyConversion(String)[1556]" classname="org.apache.hadoop.hive.ql.io.parquet.serde.TestParquetTimestampsHive2Compatibility" time="0"/>
  <testcase name="testWriteHive2ReadHive4UsingLegacyConversion(String)[1557]" classname="org.apache.hadoop.hive.ql.io.parquet.serde.TestParquetTimestampsHive2Compatibility" time="0.001"/>
  <testcase name="testWriteHive2ReadHive4UsingLegacyConversion(String)[1558]" classname="org.apache.hadoop.hive.ql.io.parquet.serde.TestParquetTimestampsHive2Compatibility" time="0"/>
  <testcase name="testWriteHive2ReadHive4UsingLegacyConversion(String)[1559]" classname="org.apache.hadoop.hive.ql.io.parquet.serde.TestParquetTimestampsHive2Compatibility" time="0.001"/>
  <testcase name="testWriteHive2ReadHive4UsingLegacyConversion(String)[1560]" classname="org.apache.hadoop.hive.ql.io.parquet.serde.TestParquetTimestampsHive2Compatibility" time="0"/>
  <testcase name="testWriteHive2ReadHive4UsingLegacyConversion(String)[1561]" classname="org.apache.hadoop.hive.ql.io.parquet.serde.TestParquetTimestampsHive2Compatibility" time="0.001"/>
  <testcase name="testWriteHive2ReadHive4UsingLegacyConversion(String)[1562]" classname="org.apache.hadoop.hive.ql.io.parquet.serde.TestParquetTimestampsHive2Compatibility" time="0"/>
  <testcase name="testWriteHive2ReadHive4UsingLegacyConversion(String)[1563]" classname="org.apache.hadoop.hive.ql.io.parquet.serde.TestParquetTimestampsHive2Compatibility" time="0.001"/>
  <testcase name="testWriteHive2ReadHive4UsingLegacyConversion(String)[1564]" classname="org.apache.hadoop.hive.ql.io.parquet.serde.TestParquetTimestampsHive2Compatibility" time="0"/>
  <testcase name="testWriteHive2ReadHive4UsingLegacyConversion(String)[1565]" classname="org.apache.hadoop.hive.ql.io.parquet.serde.TestParquetTimestampsHive2Compatibility" time="0"/>
  <testcase name="testWriteHive2ReadHive4UsingLegacyConversion(String)[1566]" classname="org.apache.hadoop.hive.ql.io.parquet.serde.TestParquetTimestampsHive2Compatibility" time="0"/>
  <testcase name="testWriteHive2ReadHive4UsingLegacyConversion(String)[1567]" classname="org.apache.hadoop.hive.ql.io.parquet.serde.TestParquetTimestampsHive2Compatibility" time="0"/>
  <testcase name="testWriteHive2ReadHive4UsingLegacyConversion(String)[1568]" classname="org.apache.hadoop.hive.ql.io.parquet.serde.TestParquetTimestampsHive2Compatibility" time="0"/>
  <testcase name="testWriteHive2ReadHive4UsingLegacyConversion(String)[1569]" classname="org.apache.hadoop.hive.ql.io.parquet.serde.TestParquetTimestampsHive2Compatibility" time="0"/>
  <testcase name="testWriteHive2ReadHive4UsingLegacyConversion(String)[1570]" classname="org.apache.hadoop.hive.ql.io.parquet.serde.TestParquetTimestampsHive2Compatibility" time="0"/>
  <testcase name="testWriteHive2ReadHive4UsingLegacyConversion(String)[1571]" classname="org.apache.hadoop.hive.ql.io.parquet.serde.TestParquetTimestampsHive2Compatibility" time="0.001"/>
  <testcase name="testWriteHive2ReadHive4UsingLegacyConversion(String)[1572]" classname="org.apache.hadoop.hive.ql.io.parquet.serde.TestParquetTimestampsHive2Compatibility" time="0"/>
  <testcase name="testWriteHive2ReadHive4UsingLegacyConversion(String)[1573]" classname="org.apache.hadoop.hive.ql.io.parquet.serde.TestParquetTimestampsHive2Compatibility" time="0"/>
  <testcase name="testWriteHive2ReadHive4UsingLegacyConversion(String)[1574]" classname="org.apache.hadoop.hive.ql.io.parquet.serde.TestParquetTimestampsHive2Compatibility" time="0"/>
  <testcase name="testWriteHive2ReadHive4UsingLegacyConversion(String)[1575]" classname="org.apache.hadoop.hive.ql.io.parquet.serde.TestParquetTimestampsHive2Compatibility" time="0"/>
  <testcase name="testWriteHive2ReadHive4UsingLegacyConversion(String)[1576]" classname="org.apache.hadoop.hive.ql.io.parquet.serde.TestParquetTimestampsHive2Compatibility" time="0"/>
  <testcase name="testWriteHive2ReadHive4UsingLegacyConversion(String)[1577]" classname="org.apache.hadoop.hive.ql.io.parquet.serde.TestParquetTimestampsHive2Compatibility" time="0"/>
  <testcase name="testWriteHive2ReadHive4UsingLegacyConversion(String)[1578]" classname="org.apache.hadoop.hive.ql.io.parquet.serde.TestParquetTimestampsHive2Compatibility" time="0.001"/>
  <testcase name="testWriteHive2ReadHive4UsingLegacyConversion(String)[1579]" classname="org.apache.hadoop.hive.ql.io.parquet.serde.TestParquetTimestampsHive2Compatibility" time="0"/>
  <testcase name="testWriteHive2ReadHive4UsingLegacyConversion(String)[1580]" classname="org.apache.hadoop.hive.ql.io.parquet.serde.TestParquetTimestampsHive2Compatibility" time="0.001"/>
  <testcase name="testWriteHive2ReadHive4UsingLegacyConversion(String)[1581]" classname="org.apache.hadoop.hive.ql.io.parquet.serde.TestParquetTimestampsHive2Compatibility" time="0"/>
  <testcase name="testWriteHive2ReadHive4UsingLegacyConversion(String)[1582]" classname="org.apache.hadoop.hive.ql.io.parquet.serde.TestParquetTimestampsHive2Compatibility" time="0"/>
  <testcase name="testWriteHive2ReadHive4UsingLegacyConversion(String)[1583]" classname="org.apache.hadoop.hive.ql.io.parquet.serde.TestParquetTimestampsHive2Compatibility" time="0.001"/>
  <testcase name="testWriteHive2ReadHive4UsingLegacyConversion(String)[1584]" classname="org.apache.hadoop.hive.ql.io.parquet.serde.TestParquetTimestampsHive2Compatibility" time="0"/>
  <testcase name="testWriteHive2ReadHive4UsingLegacyConversion(String)[1585]" classname="org.apache.hadoop.hive.ql.io.parquet.serde.TestParquetTimestampsHive2Compatibility" time="0"/>
  <testcase name="testWriteHive2ReadHive4UsingLegacyConversion(String)[1586]" classname="org.apache.hadoop.hive.ql.io.parquet.serde.TestParquetTimestampsHive2Compatibility" time="0"/>
  <testcase name="testWriteHive2ReadHive4UsingLegacyConversion(String)[1587]" classname="org.apache.hadoop.hive.ql.io.parquet.serde.TestParquetTimestampsHive2Compatibility" time="0"/>
  <testcase name="testWriteHive2ReadHive4UsingLegacyConversion(String)[1588]" classname="org.apache.hadoop.hive.ql.io.parquet.serde.TestParquetTimestampsHive2Compatibility" time="0"/>
  <testcase name="testWriteHive2ReadHive4UsingLegacyConversion(String)[1589]" classname="org.apache.hadoop.hive.ql.io.parquet.serde.TestParquetTimestampsHive2Compatibility" time="0"/>
  <testcase name="testWriteHive2ReadHive4UsingLegacyConversion(String)[1590]" classname="org.apache.hadoop.hive.ql.io.parquet.serde.TestParquetTimestampsHive2Compatibility" time="0"/>
  <testcase name="testWriteHive2ReadHive4UsingLegacyConversion(String)[1591]" classname="org.apache.hadoop.hive.ql.io.parquet.serde.TestParquetTimestampsHive2Compatibility" time="0"/>
  <testcase name="testWriteHive2ReadHive4UsingLegacyConversion(String)[1592]" classname="org.apache.hadoop.hive.ql.io.parquet.serde.TestParquetTimestampsHive2Compatibility" time="0"/>
  <testcase name="testWriteHive2ReadHive4UsingLegacyConversion(String)[1593]" classname="org.apache.hadoop.hive.ql.io.parquet.serde.TestParquetTimestampsHive2Compatibility" time="0"/>
  <testcase name="testWriteHive2ReadHive4UsingLegacyConversion(String)[1594]" classname="org.apache.hadoop.hive.ql.io.parquet.serde.TestParquetTimestampsHive2Compatibility" time="0"/>
  <testcase name="testWriteHive2ReadHive4UsingLegacyConversion(String)[1595]" classname="org.apache.hadoop.hive.ql.io.parquet.serde.TestParquetTimestampsHive2Compatibility" time="0"/>
  <testcase name="testWriteHive2ReadHive4UsingLegacyConversion(String)[1596]" classname="org.apache.hadoop.hive.ql.io.parquet.serde.TestParquetTimestampsHive2Compatibility" time="0.001"/>
  <testcase name="testWriteHive2ReadHive4UsingLegacyConversion(String)[1597]" classname="org.apache.hadoop.hive.ql.io.parquet.serde.TestParquetTimestampsHive2Compatibility" time="0"/>
  <testcase name="testWriteHive2ReadHive4UsingLegacyConversion(String)[1598]" classname="org.apache.hadoop.hive.ql.io.parquet.serde.TestParquetTimestampsHive2Compatibility" time="0.001"/>
  <testcase name="testWriteHive2ReadHive4UsingLegacyConversion(String)[1599]" classname="org.apache.hadoop.hive.ql.io.parquet.serde.TestParquetTimestampsHive2Compatibility" time="0"/>
  <testcase name="testWriteHive2ReadHive4UsingLegacyConversion(String)[1600]" classname="org.apache.hadoop.hive.ql.io.parquet.serde.TestParquetTimestampsHive2Compatibility" time="0"/>
  <testcase name="testWriteHive2ReadHive4UsingLegacyConversion(String)[1601]" classname="org.apache.hadoop.hive.ql.io.parquet.serde.TestParquetTimestampsHive2Compatibility" time="0"/>
  <testcase name="testWriteHive2ReadHive4UsingLegacyConversion(String)[1602]" classname="org.apache.hadoop.hive.ql.io.parquet.serde.TestParquetTimestampsHive2Compatibility" time="0.001"/>
  <testcase name="testWriteHive2ReadHive4UsingLegacyConversion(String)[1603]" classname="org.apache.hadoop.hive.ql.io.parquet.serde.TestParquetTimestampsHive2Compatibility" time="0"/>
  <testcase name="testWriteHive2ReadHive4UsingLegacyConversion(String)[1604]" classname="org.apache.hadoop.hive.ql.io.parquet.serde.TestParquetTimestampsHive2Compatibility" time="0.001"/>
  <testcase name="testWriteHive2ReadHive4UsingLegacyConversion(String)[1605]" classname="org.apache.hadoop.hive.ql.io.parquet.serde.TestParquetTimestampsHive2Compatibility" time="0"/>
  <testcase name="testWriteHive2ReadHive4UsingLegacyConversion(String)[1606]" classname="org.apache.hadoop.hive.ql.io.parquet.serde.TestParquetTimestampsHive2Compatibility" time="0.001"/>
  <testcase name="testWriteHive2ReadHive4UsingLegacyConversion(String)[1607]" classname="org.apache.hadoop.hive.ql.io.parquet.serde.TestParquetTimestampsHive2Compatibility" time="0"/>
  <testcase name="testWriteHive2ReadHive4UsingLegacyConversion(String)[1608]" classname="org.apache.hadoop.hive.ql.io.parquet.serde.TestParquetTimestampsHive2Compatibility" time="0"/>
  <testcase name="testWriteHive2ReadHive4UsingLegacyConversion(String)[1609]" classname="org.apache.hadoop.hive.ql.io.parquet.serde.TestParquetTimestampsHive2Compatibility" time="0"/>
  <testcase name="testWriteHive2ReadHive4UsingLegacyConversion(String)[1610]" classname="org.apache.hadoop.hive.ql.io.parquet.serde.TestParquetTimestampsHive2Compatibility" time="0"/>
  <testcase name="testWriteHive2ReadHive4UsingLegacyConversion(String)[1611]" classname="org.apache.hadoop.hive.ql.io.parquet.serde.TestParquetTimestampsHive2Compatibility" time="0"/>
  <testcase name="testWriteHive2ReadHive4UsingLegacyConversion(String)[1612]" classname="org.apache.hadoop.hive.ql.io.parquet.serde.TestParquetTimestampsHive2Compatibility" time="0"/>
  <testcase name="testWriteHive2ReadHive4UsingLegacyConversion(String)[1613]" classname="org.apache.hadoop.hive.ql.io.parquet.serde.TestParquetTimestampsHive2Compatibility" time="0"/>
  <testcase name="testWriteHive2ReadHive4UsingLegacyConversion(String)[1614]" classname="org.apache.hadoop.hive.ql.io.parquet.serde.TestParquetTimestampsHive2Compatibility" time="0"/>
  <testcase name="testWriteHive2ReadHive4UsingLegacyConversion(String)[1615]" classname="org.apache.hadoop.hive.ql.io.parquet.serde.TestParquetTimestampsHive2Compatibility" time="0"/>
  <testcase name="testWriteHive2ReadHive4UsingLegacyConversion(String)[1616]" classname="org.apache.hadoop.hive.ql.io.parquet.serde.TestParquetTimestampsHive2Compatibility" time="0"/>
  <testcase name="testWriteHive2ReadHive4UsingLegacyConversion(String)[1617]" classname="org.apache.hadoop.hive.ql.io.parquet.serde.TestParquetTimestampsHive2Compatibility" time="0"/>
  <testcase name="testWriteHive2ReadHive4UsingLegacyConversion(String)[1618]" classname="org.apache.hadoop.hive.ql.io.parquet.serde.TestParquetTimestampsHive2Compatibility" time="0"/>
  <testcase name="testWriteHive2ReadHive4UsingLegacyConversion(String)[1619]" classname="org.apache.hadoop.hive.ql.io.parquet.serde.TestParquetTimestampsHive2Compatibility" time="0.001"/>
  <testcase name="testWriteHive2ReadHive4UsingLegacyConversion(String)[1620]" classname="org.apache.hadoop.hive.ql.io.parquet.serde.TestParquetTimestampsHive2Compatibility" time="0"/>
  <testcase name="testWriteHive2ReadHive4UsingLegacyConversion(String)[1621]" classname="org.apache.hadoop.hive.ql.io.parquet.serde.TestParquetTimestampsHive2Compatibility" time="0.001"/>
  <testcase name="testWriteHive2ReadHive4UsingLegacyConversion(String)[1622]" classname="org.apache.hadoop.hive.ql.io.parquet.serde.TestParquetTimestampsHive2Compatibility" time="0"/>
  <testcase name="testWriteHive2ReadHive4UsingLegacyConversion(String)[1623]" classname="org.apache.hadoop.hive.ql.io.parquet.serde.TestParquetTimestampsHive2Compatibility" time="0.001"/>
  <testcase name="testWriteHive2ReadHive4UsingLegacyConversion(String)[1624]" classname="org.apache.hadoop.hive.ql.io.parquet.serde.TestParquetTimestampsHive2Compatibility" time="0"/>
  <testcase name="testWriteHive2ReadHive4UsingLegacyConversion(String)[1625]" classname="org.apache.hadoop.hive.ql.io.parquet.serde.TestParquetTimestampsHive2Compatibility" time="0"/>
  <testcase name="testWriteHive2ReadHive4UsingLegacyConversion(String)[1626]" classname="org.apache.hadoop.hive.ql.io.parquet.serde.TestParquetTimestampsHive2Compatibility" time="0"/>
  <testcase name="testWriteHive2ReadHive4UsingLegacyConversion(String)[1627]" classname="org.apache.hadoop.hive.ql.io.parquet.serde.TestParquetTimestampsHive2Compatibility" time="0"/>
  <testcase name="testWriteHive2ReadHive4UsingLegacyConversion(String)[1628]" classname="org.apache.hadoop.hive.ql.io.parquet.serde.TestParquetTimestampsHive2Compatibility" time="0.001"/>
  <testcase name="testWriteHive2ReadHive4UsingLegacyConversion(String)[1629]" classname="org.apache.hadoop.hive.ql.io.parquet.serde.TestParquetTimestampsHive2Compatibility" time="0"/>
  <testcase name="testWriteHive2ReadHive4UsingLegacyConversion(String)[1630]" classname="org.apache.hadoop.hive.ql.io.parquet.serde.TestParquetTimestampsHive2Compatibility" time="0"/>
  <testcase name="testWriteHive2ReadHive4UsingLegacyConversion(String)[1631]" classname="org.apache.hadoop.hive.ql.io.parquet.serde.TestParquetTimestampsHive2Compatibility" time="0"/>
  <testcase name="testWriteHive2ReadHive4UsingLegacyConversion(String)[1632]" classname="org.apache.hadoop.hive.ql.io.parquet.serde.TestParquetTimestampsHive2Compatibility" time="0"/>
  <testcase name="testWriteHive2ReadHive4UsingLegacyConversion(String)[1633]" classname="org.apache.hadoop.hive.ql.io.parquet.serde.TestParquetTimestampsHive2Compatibility" time="0.001"/>
  <testcase name="testWriteHive2ReadHive4UsingLegacyConversion(String)[1634]" classname="org.apache.hadoop.hive.ql.io.parquet.serde.TestParquetTimestampsHive2Compatibility" time="0"/>
  <testcase name="testWriteHive2ReadHive4UsingLegacyConversion(String)[1635]" classname="org.apache.hadoop.hive.ql.io.parquet.serde.TestParquetTimestampsHive2Compatibility" time="0"/>
  <testcase name="testWriteHive2ReadHive4UsingLegacyConversion(String)[1636]" classname="org.apache.hadoop.hive.ql.io.parquet.serde.TestParquetTimestampsHive2Compatibility" time="0"/>
  <testcase name="testWriteHive2ReadHive4UsingLegacyConversion(String)[1637]" classname="org.apache.hadoop.hive.ql.io.parquet.serde.TestParquetTimestampsHive2Compatibility" time="0"/>
  <testcase name="testWriteHive2ReadHive4UsingLegacyConversion(String)[1638]" classname="org.apache.hadoop.hive.ql.io.parquet.serde.TestParquetTimestampsHive2Compatibility" time="0.001"/>
  <testcase name="testWriteHive2ReadHive4UsingLegacyConversion(String)[1639]" classname="org.apache.hadoop.hive.ql.io.parquet.serde.TestParquetTimestampsHive2Compatibility" time="0"/>
  <testcase name="testWriteHive2ReadHive4UsingLegacyConversion(String)[1640]" classname="org.apache.hadoop.hive.ql.io.parquet.serde.TestParquetTimestampsHive2Compatibility" time="0"/>
  <testcase name="testWriteHive2ReadHive4UsingLegacyConversion(String)[1641]" classname="org.apache.hadoop.hive.ql.io.parquet.serde.TestParquetTimestampsHive2Compatibility" time="0"/>
  <testcase name="testWriteHive2ReadHive4UsingLegacyConversion(String)[1642]" classname="org.apache.hadoop.hive.ql.io.parquet.serde.TestParquetTimestampsHive2Compatibility" time="0"/>
  <testcase name="testWriteHive2ReadHive4UsingLegacyConversion(String)[1643]" classname="org.apache.hadoop.hive.ql.io.parquet.serde.TestParquetTimestampsHive2Compatibility" time="0.001"/>
  <testcase name="testWriteHive2ReadHive4UsingLegacyConversion(String)[1644]" classname="org.apache.hadoop.hive.ql.io.parquet.serde.TestParquetTimestampsHive2Compatibility" time="0"/>
  <testcase name="testWriteHive2ReadHive4UsingLegacyConversion(String)[1645]" classname="org.apache.hadoop.hive.ql.io.parquet.serde.TestParquetTimestampsHive2Compatibility" time="0"/>
  <testcase name="testWriteHive2ReadHive4UsingLegacyConversion(String)[1646]" classname="org.apache.hadoop.hive.ql.io.parquet.serde.TestParquetTimestampsHive2Compatibility" time="0.001"/>
  <testcase name="testWriteHive2ReadHive4UsingLegacyConversion(String)[1647]" classname="org.apache.hadoop.hive.ql.io.parquet.serde.TestParquetTimestampsHive2Compatibility" time="0"/>
  <testcase name="testWriteHive2ReadHive4UsingLegacyConversion(String)[1648]" classname="org.apache.hadoop.hive.ql.io.parquet.serde.TestParquetTimestampsHive2Compatibility" time="0"/>
  <testcase name="testWriteHive2ReadHive4UsingLegacyConversion(String)[1649]" classname="org.apache.hadoop.hive.ql.io.parquet.serde.TestParquetTimestampsHive2Compatibility" time="0"/>
  <testcase name="testWriteHive2ReadHive4UsingLegacyConversion(String)[1650]" classname="org.apache.hadoop.hive.ql.io.parquet.serde.TestParquetTimestampsHive2Compatibility" time="0"/>
  <testcase name="testWriteHive2ReadHive4UsingLegacyConversion(String)[1651]" classname="org.apache.hadoop.hive.ql.io.parquet.serde.TestParquetTimestampsHive2Compatibility" time="0"/>
  <testcase name="testWriteHive2ReadHive4UsingLegacyConversion(String)[1652]" classname="org.apache.hadoop.hive.ql.io.parquet.serde.TestParquetTimestampsHive2Compatibility" time="0"/>
  <testcase name="testWriteHive2ReadHive4UsingLegacyConversion(String)[1653]" classname="org.apache.hadoop.hive.ql.io.parquet.serde.TestParquetTimestampsHive2Compatibility" time="0"/>
  <testcase name="testWriteHive2ReadHive4UsingLegacyConversion(String)[1654]" classname="org.apache.hadoop.hive.ql.io.parquet.serde.TestParquetTimestampsHive2Compatibility" time="0"/>
  <testcase name="testWriteHive2ReadHive4UsingLegacyConversion(String)[1655]" classname="org.apache.hadoop.hive.ql.io.parquet.serde.TestParquetTimestampsHive2Compatibility" time="0"/>
  <testcase name="testWriteHive2ReadHive4UsingLegacyConversion(String)[1656]" classname="org.apache.hadoop.hive.ql.io.parquet.serde.TestParquetTimestampsHive2Compatibility" time="0.001"/>
  <testcase name="testWriteHive2ReadHive4UsingLegacyConversion(String)[1657]" classname="org.apache.hadoop.hive.ql.io.parquet.serde.TestParquetTimestampsHive2Compatibility" time="0"/>
  <testcase name="testWriteHive2ReadHive4UsingLegacyConversion(String)[1658]" classname="org.apache.hadoop.hive.ql.io.parquet.serde.TestParquetTimestampsHive2Compatibility" time="0.001"/>
  <testcase name="testWriteHive2ReadHive4UsingLegacyConversion(String)[1659]" classname="org.apache.hadoop.hive.ql.io.parquet.serde.TestParquetTimestampsHive2Compatibility" time="0"/>
  <testcase name="testWriteHive2ReadHive4UsingLegacyConversion(String)[1660]" classname="org.apache.hadoop.hive.ql.io.parquet.serde.TestParquetTimestampsHive2Compatibility" time="0.001"/>
  <testcase name="testWriteHive2ReadHive4UsingLegacyConversion(String)[1661]" classname="org.apache.hadoop.hive.ql.io.parquet.serde.TestParquetTimestampsHive2Compatibility" time="0"/>
  <testcase name="testWriteHive2ReadHive4UsingLegacyConversion(String)[1662]" classname="org.apache.hadoop.hive.ql.io.parquet.serde.TestParquetTimestampsHive2Compatibility" time="0.001"/>
  <testcase name="testWriteHive2ReadHive4UsingLegacyConversion(String)[1663]" classname="org.apache.hadoop.hive.ql.io.parquet.serde.TestParquetTimestampsHive2Compatibility" time="0"/>
  <testcase name="testWriteHive2ReadHive4UsingLegacyConversion(String)[1664]" classname="org.apache.hadoop.hive.ql.io.parquet.serde.TestParquetTimestampsHive2Compatibility" time="0.001"/>
  <testcase name="testWriteHive2ReadHive4UsingLegacyConversion(String)[1665]" classname="org.apache.hadoop.hive.ql.io.parquet.serde.TestParquetTimestampsHive2Compatibility" time="0"/>
  <testcase name="testWriteHive2ReadHive4UsingLegacyConversion(String)[1666]" classname="org.apache.hadoop.hive.ql.io.parquet.serde.TestParquetTimestampsHive2Compatibility" time="0.001"/>
  <testcase name="testWriteHive2ReadHive4UsingLegacyConversion(String)[1667]" classname="org.apache.hadoop.hive.ql.io.parquet.serde.TestParquetTimestampsHive2Compatibility" time="0"/>
  <testcase name="testWriteHive2ReadHive4UsingLegacyConversion(String)[1668]" classname="org.apache.hadoop.hive.ql.io.parquet.serde.TestParquetTimestampsHive2Compatibility" time="0.001"/>
  <testcase name="testWriteHive2ReadHive4UsingLegacyConversion(String)[1669]" classname="org.apache.hadoop.hive.ql.io.parquet.serde.TestParquetTimestampsHive2Compatibility" time="0"/>
  <testcase name="testWriteHive2ReadHive4UsingLegacyConversion(String)[1670]" classname="org.apache.hadoop.hive.ql.io.parquet.serde.TestParquetTimestampsHive2Compatibility" time="0.001"/>
  <testcase name="testWriteHive2ReadHive4UsingLegacyConversion(String)[1671]" classname="org.apache.hadoop.hive.ql.io.parquet.serde.TestParquetTimestampsHive2Compatibility" time="0"/>
  <testcase name="testWriteHive2ReadHive4UsingLegacyConversion(String)[1672]" classname="org.apache.hadoop.hive.ql.io.parquet.serde.TestParquetTimestampsHive2Compatibility" time="0"/>
  <testcase name="testWriteHive2ReadHive4UsingLegacyConversion(String)[1673]" classname="org.apache.hadoop.hive.ql.io.parquet.serde.TestParquetTimestampsHive2Compatibility" time="0"/>
  <testcase name="testWriteHive2ReadHive4UsingLegacyConversion(String)[1674]" classname="org.apache.hadoop.hive.ql.io.parquet.serde.TestParquetTimestampsHive2Compatibility" time="0"/>
  <testcase name="testWriteHive2ReadHive4UsingLegacyConversion(String)[1675]" classname="org.apache.hadoop.hive.ql.io.parquet.serde.TestParquetTimestampsHive2Compatibility" time="0"/>
  <testcase name="testWriteHive2ReadHive4UsingLegacyConversion(String)[1676]" classname="org.apache.hadoop.hive.ql.io.parquet.serde.TestParquetTimestampsHive2Compatibility" time="0"/>
  <testcase name="testWriteHive2ReadHive4UsingLegacyConversion(String)[1677]" classname="org.apache.hadoop.hive.ql.io.parquet.serde.TestParquetTimestampsHive2Compatibility" time="0"/>
  <testcase name="testWriteHive2ReadHive4UsingLegacyConversion(String)[1678]" classname="org.apache.hadoop.hive.ql.io.parquet.serde.TestParquetTimestampsHive2Compatibility" time="0.001"/>
  <testcase name="testWriteHive2ReadHive4UsingLegacyConversion(String)[1679]" classname="org.apache.hadoop.hive.ql.io.parquet.serde.TestParquetTimestampsHive2Compatibility" time="0"/>
  <testcase name="testWriteHive2ReadHive4UsingLegacyConversion(String)[1680]" classname="org.apache.hadoop.hive.ql.io.parquet.serde.TestParquetTimestampsHive2Compatibility" time="0"/>
  <testcase name="testWriteHive2ReadHive4UsingLegacyConversion(String)[1681]" classname="org.apache.hadoop.hive.ql.io.parquet.serde.TestParquetTimestampsHive2Compatibility" time="0"/>
  <testcase name="testWriteHive2ReadHive4UsingLegacyConversion(String)[1682]" classname="org.apache.hadoop.hive.ql.io.parquet.serde.TestParquetTimestampsHive2Compatibility" time="0"/>
  <testcase name="testWriteHive2ReadHive4UsingLegacyConversion(String)[1683]" classname="org.apache.hadoop.hive.ql.io.parquet.serde.TestParquetTimestampsHive2Compatibility" time="0.001"/>
  <testcase name="testWriteHive2ReadHive4UsingLegacyConversion(String)[1684]" classname="org.apache.hadoop.hive.ql.io.parquet.serde.TestParquetTimestampsHive2Compatibility" time="0"/>
  <testcase name="testWriteHive2ReadHive4UsingLegacyConversion(String)[1685]" classname="org.apache.hadoop.hive.ql.io.parquet.serde.TestParquetTimestampsHive2Compatibility" time="0.001"/>
  <testcase name="testWriteHive2ReadHive4UsingLegacyConversion(String)[1686]" classname="org.apache.hadoop.hive.ql.io.parquet.serde.TestParquetTimestampsHive2Compatibility" time="0"/>
  <testcase name="testWriteHive2ReadHive4UsingLegacyConversion(String)[1687]" classname="org.apache.hadoop.hive.ql.io.parquet.serde.TestParquetTimestampsHive2Compatibility" time="0"/>
  <testcase name="testWriteHive2ReadHive4UsingLegacyConversion(String)[1688]" classname="org.apache.hadoop.hive.ql.io.parquet.serde.TestParquetTimestampsHive2Compatibility" time="0"/>
  <testcase name="testWriteHive2ReadHive4UsingLegacyConversion(String)[1689]" classname="org.apache.hadoop.hive.ql.io.parquet.serde.TestParquetTimestampsHive2Compatibility" time="0"/>
  <testcase name="testWriteHive2ReadHive4UsingLegacyConversion(String)[1690]" classname="org.apache.hadoop.hive.ql.io.parquet.serde.TestParquetTimestampsHive2Compatibility" time="0"/>
  <testcase name="testWriteHive2ReadHive4UsingLegacyConversion(String)[1691]" classname="org.apache.hadoop.hive.ql.io.parquet.serde.TestParquetTimestampsHive2Compatibility" time="0.001"/>
  <testcase name="testWriteHive2ReadHive4UsingLegacyConversion(String)[1692]" classname="org.apache.hadoop.hive.ql.io.parquet.serde.TestParquetTimestampsHive2Compatibility" time="0"/>
  <testcase name="testWriteHive2ReadHive4UsingLegacyConversion(String)[1693]" classname="org.apache.hadoop.hive.ql.io.parquet.serde.TestParquetTimestampsHive2Compatibility" time="0"/>
  <testcase name="testWriteHive2ReadHive4UsingLegacyConversion(String)[1694]" classname="org.apache.hadoop.hive.ql.io.parquet.serde.TestParquetTimestampsHive2Compatibility" time="0"/>
  <testcase name="testWriteHive2ReadHive4UsingLegacyConversion(String)[1695]" classname="org.apache.hadoop.hive.ql.io.parquet.serde.TestParquetTimestampsHive2Compatibility" time="0"/>
  <testcase name="testWriteHive2ReadHive4UsingLegacyConversion(String)[1696]" classname="org.apache.hadoop.hive.ql.io.parquet.serde.TestParquetTimestampsHive2Compatibility" time="0"/>
  <testcase name="testWriteHive2ReadHive4UsingLegacyConversion(String)[1697]" classname="org.apache.hadoop.hive.ql.io.parquet.serde.TestParquetTimestampsHive2Compatibility" time="0"/>
  <testcase name="testWriteHive2ReadHive4UsingLegacyConversion(String)[1698]" classname="org.apache.hadoop.hive.ql.io.parquet.serde.TestParquetTimestampsHive2Compatibility" time="0"/>
  <testcase name="testWriteHive2ReadHive4UsingLegacyConversion(String)[1699]" classname="org.apache.hadoop.hive.ql.io.parquet.serde.TestParquetTimestampsHive2Compatibility" time="0"/>
  <testcase name="testWriteHive2ReadHive4UsingLegacyConversion(String)[1700]" classname="org.apache.hadoop.hive.ql.io.parquet.serde.TestParquetTimestampsHive2Compatibility" time="0.001"/>
  <testcase name="testWriteHive2ReadHive4UsingLegacyConversion(String)[1701]" classname="org.apache.hadoop.hive.ql.io.parquet.serde.TestParquetTimestampsHive2Compatibility" time="0"/>
  <testcase name="testWriteHive2ReadHive4UsingLegacyConversion(String)[1702]" classname="org.apache.hadoop.hive.ql.io.parquet.serde.TestParquetTimestampsHive2Compatibility" time="0"/>
  <testcase name="testWriteHive2ReadHive4UsingLegacyConversion(String)[1703]" classname="org.apache.hadoop.hive.ql.io.parquet.serde.TestParquetTimestampsHive2Compatibility" time="0"/>
  <testcase name="testWriteHive2ReadHive4UsingLegacyConversion(String)[1704]" classname="org.apache.hadoop.hive.ql.io.parquet.serde.TestParquetTimestampsHive2Compatibility" time="0"/>
  <testcase name="testWriteHive2ReadHive4UsingLegacyConversion(String)[1705]" classname="org.apache.hadoop.hive.ql.io.parquet.serde.TestParquetTimestampsHive2Compatibility" time="0"/>
  <testcase name="testWriteHive2ReadHive4UsingLegacyConversion(String)[1706]" classname="org.apache.hadoop.hive.ql.io.parquet.serde.TestParquetTimestampsHive2Compatibility" time="0.001"/>
  <testcase name="testWriteHive2ReadHive4UsingLegacyConversion(String)[1707]" classname="org.apache.hadoop.hive.ql.io.parquet.serde.TestParquetTimestampsHive2Compatibility" time="0"/>
  <testcase name="testWriteHive2ReadHive4UsingLegacyConversion(String)[1708]" classname="org.apache.hadoop.hive.ql.io.parquet.serde.TestParquetTimestampsHive2Compatibility" time="0"/>
  <testcase name="testWriteHive2ReadHive4UsingLegacyConversion(String)[1709]" classname="org.apache.hadoop.hive.ql.io.parquet.serde.TestParquetTimestampsHive2Compatibility" time="0"/>
  <testcase name="testWriteHive2ReadHive4UsingLegacyConversion(String)[1710]" classname="org.apache.hadoop.hive.ql.io.parquet.serde.TestParquetTimestampsHive2Compatibility" time="0.001"/>
  <testcase name="testWriteHive2ReadHive4UsingLegacyConversion(String)[1711]" classname="org.apache.hadoop.hive.ql.io.parquet.serde.TestParquetTimestampsHive2Compatibility" time="0"/>
  <testcase name="testWriteHive2ReadHive4UsingLegacyConversion(String)[1712]" classname="org.apache.hadoop.hive.ql.io.parquet.serde.TestParquetTimestampsHive2Compatibility" time="0"/>
  <testcase name="testWriteHive2ReadHive4UsingLegacyConversion(String)[1713]" classname="org.apache.hadoop.hive.ql.io.parquet.serde.TestParquetTimestampsHive2Compatibility" time="0"/>
  <testcase name="testWriteHive2ReadHive4UsingLegacyConversion(String)[1714]" classname="org.apache.hadoop.hive.ql.io.parquet.serde.TestParquetTimestampsHive2Compatibility" time="0.001"/>
  <testcase name="testWriteHive2ReadHive4UsingLegacyConversion(String)[1715]" classname="org.apache.hadoop.hive.ql.io.parquet.serde.TestParquetTimestampsHive2Compatibility" time="0"/>
  <testcase name="testWriteHive2ReadHive4UsingLegacyConversion(String)[1716]" classname="org.apache.hadoop.hive.ql.io.parquet.serde.TestParquetTimestampsHive2Compatibility" time="0"/>
  <testcase name="testWriteHive2ReadHive4UsingLegacyConversion(String)[1717]" classname="org.apache.hadoop.hive.ql.io.parquet.serde.TestParquetTimestampsHive2Compatibility" time="0"/>
  <testcase name="testWriteHive2ReadHive4UsingLegacyConversion(String)[1718]" classname="org.apache.hadoop.hive.ql.io.parquet.serde.TestParquetTimestampsHive2Compatibility" time="0"/>
  <testcase name="testWriteHive2ReadHive4UsingLegacyConversion(String)[1719]" classname="org.apache.hadoop.hive.ql.io.parquet.serde.TestParquetTimestampsHive2Compatibility" time="0.001"/>
  <testcase name="testWriteHive2ReadHive4UsingLegacyConversion(String)[1720]" classname="org.apache.hadoop.hive.ql.io.parquet.serde.TestParquetTimestampsHive2Compatibility" time="0"/>
  <testcase name="testWriteHive2ReadHive4UsingLegacyConversion(String)[1721]" classname="org.apache.hadoop.hive.ql.io.parquet.serde.TestParquetTimestampsHive2Compatibility" time="0"/>
  <testcase name="testWriteHive2ReadHive4UsingLegacyConversion(String)[1722]" classname="org.apache.hadoop.hive.ql.io.parquet.serde.TestParquetTimestampsHive2Compatibility" time="0"/>
  <testcase name="testWriteHive2ReadHive4UsingLegacyConversion(String)[1723]" classname="org.apache.hadoop.hive.ql.io.parquet.serde.TestParquetTimestampsHive2Compatibility" time="0.001"/>
  <testcase name="testWriteHive2ReadHive4UsingLegacyConversion(String)[1724]" classname="org.apache.hadoop.hive.ql.io.parquet.serde.TestParquetTimestampsHive2Compatibility" time="0"/>
  <testcase name="testWriteHive2ReadHive4UsingLegacyConversion(String)[1725]" classname="org.apache.hadoop.hive.ql.io.parquet.serde.TestParquetTimestampsHive2Compatibility" time="0"/>
  <testcase name="testWriteHive2ReadHive4UsingLegacyConversion(String)[1726]" classname="org.apache.hadoop.hive.ql.io.parquet.serde.TestParquetTimestampsHive2Compatibility" time="0"/>
  <testcase name="testWriteHive2ReadHive4UsingLegacyConversion(String)[1727]" classname="org.apache.hadoop.hive.ql.io.parquet.serde.TestParquetTimestampsHive2Compatibility" time="0"/>
  <testcase name="testWriteHive2ReadHive4UsingLegacyConversion(String)[1728]" classname="org.apache.hadoop.hive.ql.io.parquet.serde.TestParquetTimestampsHive2Compatibility" time="0"/>
  <testcase name="testWriteHive2ReadHive4UsingLegacyConversion(String)[1729]" classname="org.apache.hadoop.hive.ql.io.parquet.serde.TestParquetTimestampsHive2Compatibility" time="0"/>
  <testcase name="testWriteHive2ReadHive4UsingLegacyConversion(String)[1730]" classname="org.apache.hadoop.hive.ql.io.parquet.serde.TestParquetTimestampsHive2Compatibility" time="0"/>
  <testcase name="testWriteHive2ReadHive4UsingLegacyConversion(String)[1731]" classname="org.apache.hadoop.hive.ql.io.parquet.serde.TestParquetTimestampsHive2Compatibility" time="0"/>
  <testcase name="testWriteHive2ReadHive4UsingLegacyConversion(String)[1732]" classname="org.apache.hadoop.hive.ql.io.parquet.serde.TestParquetTimestampsHive2Compatibility" time="0"/>
  <testcase name="testWriteHive2ReadHive4UsingLegacyConversion(String)[1733]" classname="org.apache.hadoop.hive.ql.io.parquet.serde.TestParquetTimestampsHive2Compatibility" time="0"/>
  <testcase name="testWriteHive2ReadHive4UsingLegacyConversion(String)[1734]" classname="org.apache.hadoop.hive.ql.io.parquet.serde.TestParquetTimestampsHive2Compatibility" time="0"/>
  <testcase name="testWriteHive2ReadHive4UsingLegacyConversion(String)[1735]" classname="org.apache.hadoop.hive.ql.io.parquet.serde.TestParquetTimestampsHive2Compatibility" time="0"/>
  <testcase name="testWriteHive2ReadHive4UsingLegacyConversion(String)[1736]" classname="org.apache.hadoop.hive.ql.io.parquet.serde.TestParquetTimestampsHive2Compatibility" time="0"/>
  <testcase name="testWriteHive2ReadHive4UsingLegacyConversion(String)[1737]" classname="org.apache.hadoop.hive.ql.io.parquet.serde.TestParquetTimestampsHive2Compatibility" time="0"/>
  <testcase name="testWriteHive2ReadHive4UsingLegacyConversion(String)[1738]" classname="org.apache.hadoop.hive.ql.io.parquet.serde.TestParquetTimestampsHive2Compatibility" time="0"/>
  <testcase name="testWriteHive2ReadHive4UsingLegacyConversion(String)[1739]" classname="org.apache.hadoop.hive.ql.io.parquet.serde.TestParquetTimestampsHive2Compatibility" time="0"/>
  <testcase name="testWriteHive2ReadHive4UsingLegacyConversion(String)[1740]" classname="org.apache.hadoop.hive.ql.io.parquet.serde.TestParquetTimestampsHive2Compatibility" time="0"/>
  <testcase name="testWriteHive2ReadHive4UsingLegacyConversion(String)[1741]" classname="org.apache.hadoop.hive.ql.io.parquet.serde.TestParquetTimestampsHive2Compatibility" time="0"/>
  <testcase name="testWriteHive2ReadHive4UsingLegacyConversion(String)[1742]" classname="org.apache.hadoop.hive.ql.io.parquet.serde.TestParquetTimestampsHive2Compatibility" time="0"/>
  <testcase name="testWriteHive2ReadHive4UsingLegacyConversion(String)[1743]" classname="org.apache.hadoop.hive.ql.io.parquet.serde.TestParquetTimestampsHive2Compatibility" time="0"/>
  <testcase name="testWriteHive2ReadHive4UsingLegacyConversion(String)[1744]" classname="org.apache.hadoop.hive.ql.io.parquet.serde.TestParquetTimestampsHive2Compatibility" time="0"/>
  <testcase name="testWriteHive2ReadHive4UsingLegacyConversion(String)[1745]" classname="org.apache.hadoop.hive.ql.io.parquet.serde.TestParquetTimestampsHive2Compatibility" time="0"/>
  <testcase name="testWriteHive2ReadHive4UsingLegacyConversion(String)[1746]" classname="org.apache.hadoop.hive.ql.io.parquet.serde.TestParquetTimestampsHive2Compatibility" time="0"/>
  <testcase name="testWriteHive2ReadHive4UsingLegacyConversion(String)[1747]" classname="org.apache.hadoop.hive.ql.io.parquet.serde.TestParquetTimestampsHive2Compatibility" time="0"/>
  <testcase name="testWriteHive2ReadHive4UsingLegacyConversion(String)[1748]" classname="org.apache.hadoop.hive.ql.io.parquet.serde.TestParquetTimestampsHive2Compatibility" time="0"/>
  <testcase name="testWriteHive2ReadHive4UsingLegacyConversion(String)[1749]" classname="org.apache.hadoop.hive.ql.io.parquet.serde.TestParquetTimestampsHive2Compatibility" time="0.001"/>
  <testcase name="testWriteHive2ReadHive4UsingLegacyConversion(String)[1750]" classname="org.apache.hadoop.hive.ql.io.parquet.serde.TestParquetTimestampsHive2Compatibility" time="0"/>
  <testcase name="testWriteHive2ReadHive4UsingLegacyConversion(String)[1751]" classname="org.apache.hadoop.hive.ql.io.parquet.serde.TestParquetTimestampsHive2Compatibility" time="0"/>
  <testcase name="testWriteHive2ReadHive4UsingLegacyConversion(String)[1752]" classname="org.apache.hadoop.hive.ql.io.parquet.serde.TestParquetTimestampsHive2Compatibility" time="0"/>
  <testcase name="testWriteHive2ReadHive4UsingLegacyConversion(String)[1753]" classname="org.apache.hadoop.hive.ql.io.parquet.serde.TestParquetTimestampsHive2Compatibility" time="0"/>
  <testcase name="testWriteHive2ReadHive4UsingLegacyConversion(String)[1754]" classname="org.apache.hadoop.hive.ql.io.parquet.serde.TestParquetTimestampsHive2Compatibility" time="0"/>
  <testcase name="testWriteHive2ReadHive4UsingLegacyConversion(String)[1755]" classname="org.apache.hadoop.hive.ql.io.parquet.serde.TestParquetTimestampsHive2Compatibility" time="0"/>
  <testcase name="testWriteHive2ReadHive4UsingLegacyConversion(String)[1756]" classname="org.apache.hadoop.hive.ql.io.parquet.serde.TestParquetTimestampsHive2Compatibility" time="0"/>
  <testcase name="testWriteHive2ReadHive4UsingLegacyConversion(String)[1757]" classname="org.apache.hadoop.hive.ql.io.parquet.serde.TestParquetTimestampsHive2Compatibility" time="0"/>
  <testcase name="testWriteHive2ReadHive4UsingLegacyConversion(String)[1758]" classname="org.apache.hadoop.hive.ql.io.parquet.serde.TestParquetTimestampsHive2Compatibility" time="0.001"/>
  <testcase name="testWriteHive2ReadHive4UsingLegacyConversion(String)[1759]" classname="org.apache.hadoop.hive.ql.io.parquet.serde.TestParquetTimestampsHive2Compatibility" time="0"/>
  <testcase name="testWriteHive2ReadHive4UsingLegacyConversion(String)[1760]" classname="org.apache.hadoop.hive.ql.io.parquet.serde.TestParquetTimestampsHive2Compatibility" time="0"/>
  <testcase name="testWriteHive2ReadHive4UsingLegacyConversion(String)[1761]" classname="org.apache.hadoop.hive.ql.io.parquet.serde.TestParquetTimestampsHive2Compatibility" time="0"/>
  <testcase name="testWriteHive2ReadHive4UsingLegacyConversion(String)[1762]" classname="org.apache.hadoop.hive.ql.io.parquet.serde.TestParquetTimestampsHive2Compatibility" time="0"/>
  <testcase name="testWriteHive2ReadHive4UsingLegacyConversion(String)[1763]" classname="org.apache.hadoop.hive.ql.io.parquet.serde.TestParquetTimestampsHive2Compatibility" time="0"/>
  <testcase name="testWriteHive2ReadHive4UsingLegacyConversion(String)[1764]" classname="org.apache.hadoop.hive.ql.io.parquet.serde.TestParquetTimestampsHive2Compatibility" time="0"/>
  <testcase name="testWriteHive2ReadHive4UsingLegacyConversion(String)[1765]" classname="org.apache.hadoop.hive.ql.io.parquet.serde.TestParquetTimestampsHive2Compatibility" time="0"/>
  <testcase name="testWriteHive2ReadHive4UsingLegacyConversion(String)[1766]" classname="org.apache.hadoop.hive.ql.io.parquet.serde.TestParquetTimestampsHive2Compatibility" time="0"/>
  <testcase name="testWriteHive2ReadHive4UsingLegacyConversion(String)[1767]" classname="org.apache.hadoop.hive.ql.io.parquet.serde.TestParquetTimestampsHive2Compatibility" time="0"/>
  <testcase name="testWriteHive2ReadHive4UsingLegacyConversion(String)[1768]" classname="org.apache.hadoop.hive.ql.io.parquet.serde.TestParquetTimestampsHive2Compatibility" time="0"/>
  <testcase name="testWriteHive2ReadHive4UsingLegacyConversion(String)[1769]" classname="org.apache.hadoop.hive.ql.io.parquet.serde.TestParquetTimestampsHive2Compatibility" time="0"/>
  <testcase name="testWriteHive2ReadHive4UsingLegacyConversion(String)[1770]" classname="org.apache.hadoop.hive.ql.io.parquet.serde.TestParquetTimestampsHive2Compatibility" time="0"/>
  <testcase name="testWriteHive2ReadHive4UsingLegacyConversion(String)[1771]" classname="org.apache.hadoop.hive.ql.io.parquet.serde.TestParquetTimestampsHive2Compatibility" time="0"/>
  <testcase name="testWriteHive2ReadHive4UsingLegacyConversion(String)[1772]" classname="org.apache.hadoop.hive.ql.io.parquet.serde.TestParquetTimestampsHive2Compatibility" time="0"/>
  <testcase name="testWriteHive2ReadHive4UsingLegacyConversion(String)[1773]" classname="org.apache.hadoop.hive.ql.io.parquet.serde.TestParquetTimestampsHive2Compatibility" time="0"/>
  <testcase name="testWriteHive2ReadHive4UsingLegacyConversion(String)[1774]" classname="org.apache.hadoop.hive.ql.io.parquet.serde.TestParquetTimestampsHive2Compatibility" time="0.001"/>
  <testcase name="testWriteHive2ReadHive4UsingLegacyConversion(String)[1775]" classname="org.apache.hadoop.hive.ql.io.parquet.serde.TestParquetTimestampsHive2Compatibility" time="0"/>
  <testcase name="testWriteHive2ReadHive4UsingLegacyConversion(String)[1776]" classname="org.apache.hadoop.hive.ql.io.parquet.serde.TestParquetTimestampsHive2Compatibility" time="0"/>
  <testcase name="testWriteHive2ReadHive4UsingLegacyConversion(String)[1777]" classname="org.apache.hadoop.hive.ql.io.parquet.serde.TestParquetTimestampsHive2Compatibility" time="0"/>
  <testcase name="testWriteHive2ReadHive4UsingLegacyConversion(String)[1778]" classname="org.apache.hadoop.hive.ql.io.parquet.serde.TestParquetTimestampsHive2Compatibility" time="0.001"/>
  <testcase name="testWriteHive2ReadHive4UsingLegacyConversion(String)[1779]" classname="org.apache.hadoop.hive.ql.io.parquet.serde.TestParquetTimestampsHive2Compatibility" time="0"/>
  <testcase name="testWriteHive2ReadHive4UsingLegacyConversion(String)[1780]" classname="org.apache.hadoop.hive.ql.io.parquet.serde.TestParquetTimestampsHive2Compatibility" time="0"/>
  <testcase name="testWriteHive2ReadHive4UsingLegacyConversion(String)[1781]" classname="org.apache.hadoop.hive.ql.io.parquet.serde.TestParquetTimestampsHive2Compatibility" time="0"/>
  <testcase name="testWriteHive2ReadHive4UsingLegacyConversion(String)[1782]" classname="org.apache.hadoop.hive.ql.io.parquet.serde.TestParquetTimestampsHive2Compatibility" time="0"/>
  <testcase name="testWriteHive2ReadHive4UsingLegacyConversion(String)[1783]" classname="org.apache.hadoop.hive.ql.io.parquet.serde.TestParquetTimestampsHive2Compatibility" time="0"/>
  <testcase name="testWriteHive2ReadHive4UsingLegacyConversion(String)[1784]" classname="org.apache.hadoop.hive.ql.io.parquet.serde.TestParquetTimestampsHive2Compatibility" time="0.001"/>
  <testcase name="testWriteHive2ReadHive4UsingLegacyConversion(String)[1785]" classname="org.apache.hadoop.hive.ql.io.parquet.serde.TestParquetTimestampsHive2Compatibility" time="0"/>
  <testcase name="testWriteHive2ReadHive4UsingLegacyConversion(String)[1786]" classname="org.apache.hadoop.hive.ql.io.parquet.serde.TestParquetTimestampsHive2Compatibility" time="0"/>
  <testcase name="testWriteHive2ReadHive4UsingLegacyConversion(String)[1787]" classname="org.apache.hadoop.hive.ql.io.parquet.serde.TestParquetTimestampsHive2Compatibility" time="0.001"/>
  <testcase name="testWriteHive2ReadHive4UsingLegacyConversion(String)[1788]" classname="org.apache.hadoop.hive.ql.io.parquet.serde.TestParquetTimestampsHive2Compatibility" time="0"/>
  <testcase name="testWriteHive2ReadHive4UsingLegacyConversion(String)[1789]" classname="org.apache.hadoop.hive.ql.io.parquet.serde.TestParquetTimestampsHive2Compatibility" time="0"/>
  <testcase name="testWriteHive2ReadHive4UsingLegacyConversion(String)[1790]" classname="org.apache.hadoop.hive.ql.io.parquet.serde.TestParquetTimestampsHive2Compatibility" time="0.001"/>
  <testcase name="testWriteHive2ReadHive4UsingLegacyConversion(String)[1791]" classname="org.apache.hadoop.hive.ql.io.parquet.serde.TestParquetTimestampsHive2Compatibility" time="0"/>
  <testcase name="testWriteHive2ReadHive4UsingLegacyConversion(String)[1792]" classname="org.apache.hadoop.hive.ql.io.parquet.serde.TestParquetTimestampsHive2Compatibility" time="0"/>
  <testcase name="testWriteHive2ReadHive4UsingLegacyConversion(String)[1793]" classname="org.apache.hadoop.hive.ql.io.parquet.serde.TestParquetTimestampsHive2Compatibility" time="0.001"/>
  <testcase name="testWriteHive2ReadHive4UsingLegacyConversion(String)[1794]" classname="org.apache.hadoop.hive.ql.io.parquet.serde.TestParquetTimestampsHive2Compatibility" time="0"/>
  <testcase name="testWriteHive2ReadHive4UsingLegacyConversion(String)[1795]" classname="org.apache.hadoop.hive.ql.io.parquet.serde.TestParquetTimestampsHive2Compatibility" time="0"/>
  <testcase name="testWriteHive2ReadHive4UsingLegacyConversion(String)[1796]" classname="org.apache.hadoop.hive.ql.io.parquet.serde.TestParquetTimestampsHive2Compatibility" time="0.001"/>
  <testcase name="testWriteHive2ReadHive4UsingLegacyConversion(String)[1797]" classname="org.apache.hadoop.hive.ql.io.parquet.serde.TestParquetTimestampsHive2Compatibility" time="0"/>
  <testcase name="testWriteHive2ReadHive4UsingLegacyConversion(String)[1798]" classname="org.apache.hadoop.hive.ql.io.parquet.serde.TestParquetTimestampsHive2Compatibility" time="0"/>
  <testcase name="testWriteHive2ReadHive4UsingLegacyConversion(String)[1799]" classname="org.apache.hadoop.hive.ql.io.parquet.serde.TestParquetTimestampsHive2Compatibility" time="0.001"/>
  <testcase name="testWriteHive2ReadHive4UsingLegacyConversion(String)[1800]" classname="org.apache.hadoop.hive.ql.io.parquet.serde.TestParquetTimestampsHive2Compatibility" time="0"/>
  <testcase name="testWriteHive2ReadHive4UsingLegacyConversion(String)[1801]" classname="org.apache.hadoop.hive.ql.io.parquet.serde.TestParquetTimestampsHive2Compatibility" time="0"/>
  <testcase name="testWriteHive2ReadHive4UsingLegacyConversion(String)[1802]" classname="org.apache.hadoop.hive.ql.io.parquet.serde.TestParquetTimestampsHive2Compatibility" time="0.001"/>
  <testcase name="testWriteHive2ReadHive4UsingLegacyConversion(String)[1803]" classname="org.apache.hadoop.hive.ql.io.parquet.serde.TestParquetTimestampsHive2Compatibility" time="0"/>
  <testcase name="testWriteHive2ReadHive4UsingLegacyConversion(String)[1804]" classname="org.apache.hadoop.hive.ql.io.parquet.serde.TestParquetTimestampsHive2Compatibility" time="0"/>
  <testcase name="testWriteHive2ReadHive4UsingLegacyConversion(String)[1805]" classname="org.apache.hadoop.hive.ql.io.parquet.serde.TestParquetTimestampsHive2Compatibility" time="0.001"/>
  <testcase name="testWriteHive2ReadHive4UsingLegacyConversion(String)[1806]" classname="org.apache.hadoop.hive.ql.io.parquet.serde.TestParquetTimestampsHive2Compatibility" time="0"/>
  <testcase name="testWriteHive2ReadHive4UsingLegacyConversion(String)[1807]" classname="org.apache.hadoop.hive.ql.io.parquet.serde.TestParquetTimestampsHive2Compatibility" time="0"/>
  <testcase name="testWriteHive2ReadHive4UsingLegacyConversion(String)[1808]" classname="org.apache.hadoop.hive.ql.io.parquet.serde.TestParquetTimestampsHive2Compatibility" time="0.001"/>
  <testcase name="testWriteHive2ReadHive4UsingLegacyConversion(String)[1809]" classname="org.apache.hadoop.hive.ql.io.parquet.serde.TestParquetTimestampsHive2Compatibility" time="0"/>
  <testcase name="testWriteHive2ReadHive4UsingLegacyConversion(String)[1810]" classname="org.apache.hadoop.hive.ql.io.parquet.serde.TestParquetTimestampsHive2Compatibility" time="0"/>
  <testcase name="testWriteHive2ReadHive4UsingLegacyConversion(String)[1811]" classname="org.apache.hadoop.hive.ql.io.parquet.serde.TestParquetTimestampsHive2Compatibility" time="0"/>
  <testcase name="testWriteHive2ReadHive4UsingLegacyConversion(String)[1812]" classname="org.apache.hadoop.hive.ql.io.parquet.serde.TestParquetTimestampsHive2Compatibility" time="0"/>
  <testcase name="testWriteHive2ReadHive4UsingLegacyConversion(String)[1813]" classname="org.apache.hadoop.hive.ql.io.parquet.serde.TestParquetTimestampsHive2Compatibility" time="0"/>
  <testcase name="testWriteHive2ReadHive4UsingLegacyConversion(String)[1814]" classname="org.apache.hadoop.hive.ql.io.parquet.serde.TestParquetTimestampsHive2Compatibility" time="0"/>
  <testcase name="testWriteHive2ReadHive4UsingLegacyConversion(String)[1815]" classname="org.apache.hadoop.hive.ql.io.parquet.serde.TestParquetTimestampsHive2Compatibility" time="0"/>
  <testcase name="testWriteHive2ReadHive4UsingLegacyConversion(String)[1816]" classname="org.apache.hadoop.hive.ql.io.parquet.serde.TestParquetTimestampsHive2Compatibility" time="0.001"/>
  <testcase name="testWriteHive2ReadHive4UsingLegacyConversion(String)[1817]" classname="org.apache.hadoop.hive.ql.io.parquet.serde.TestParquetTimestampsHive2Compatibility" time="0"/>
  <testcase name="testWriteHive2ReadHive4UsingLegacyConversion(String)[1818]" classname="org.apache.hadoop.hive.ql.io.parquet.serde.TestParquetTimestampsHive2Compatibility" time="0"/>
  <testcase name="testWriteHive2ReadHive4UsingLegacyConversion(String)[1819]" classname="org.apache.hadoop.hive.ql.io.parquet.serde.TestParquetTimestampsHive2Compatibility" time="0.001"/>
  <testcase name="testWriteHive2ReadHive4UsingLegacyConversion(String)[1820]" classname="org.apache.hadoop.hive.ql.io.parquet.serde.TestParquetTimestampsHive2Compatibility" time="0"/>
  <testcase name="testWriteHive2ReadHive4UsingLegacyConversion(String)[1821]" classname="org.apache.hadoop.hive.ql.io.parquet.serde.TestParquetTimestampsHive2Compatibility" time="0"/>
  <testcase name="testWriteHive2ReadHive4UsingLegacyConversion(String)[1822]" classname="org.apache.hadoop.hive.ql.io.parquet.serde.TestParquetTimestampsHive2Compatibility" time="0"/>
  <testcase name="testWriteHive2ReadHive4UsingLegacyConversion(String)[1823]" classname="org.apache.hadoop.hive.ql.io.parquet.serde.TestParquetTimestampsHive2Compatibility" time="0"/>
  <testcase name="testWriteHive2ReadHive4UsingLegacyConversion(String)[1824]" classname="org.apache.hadoop.hive.ql.io.parquet.serde.TestParquetTimestampsHive2Compatibility" time="0.001"/>
  <testcase name="testWriteHive2ReadHive4UsingLegacyConversion(String)[1825]" classname="org.apache.hadoop.hive.ql.io.parquet.serde.TestParquetTimestampsHive2Compatibility" time="0"/>
  <testcase name="testWriteHive2ReadHive4UsingLegacyConversion(String)[1826]" classname="org.apache.hadoop.hive.ql.io.parquet.serde.TestParquetTimestampsHive2Compatibility" time="0"/>
  <testcase name="testWriteHive2ReadHive4UsingLegacyConversion(String)[1827]" classname="org.apache.hadoop.hive.ql.io.parquet.serde.TestParquetTimestampsHive2Compatibility" time="0"/>
  <testcase name="testWriteHive2ReadHive4UsingLegacyConversion(String)[1828]" classname="org.apache.hadoop.hive.ql.io.parquet.serde.TestParquetTimestampsHive2Compatibility" time="0"/>
  <testcase name="testWriteHive2ReadHive4UsingLegacyConversion(String)[1829]" classname="org.apache.hadoop.hive.ql.io.parquet.serde.TestParquetTimestampsHive2Compatibility" time="0"/>
  <testcase name="testWriteHive2ReadHive4UsingLegacyConversion(String)[1830]" classname="org.apache.hadoop.hive.ql.io.parquet.serde.TestParquetTimestampsHive2Compatibility" time="0.001"/>
  <testcase name="testWriteHive2ReadHive4UsingLegacyConversion(String)[1831]" classname="org.apache.hadoop.hive.ql.io.parquet.serde.TestParquetTimestampsHive2Compatibility" time="0"/>
  <testcase name="testWriteHive2ReadHive4UsingLegacyConversion(String)[1832]" classname="org.apache.hadoop.hive.ql.io.parquet.serde.TestParquetTimestampsHive2Compatibility" time="0"/>
  <testcase name="testWriteHive2ReadHive4UsingLegacyConversion(String)[1833]" classname="org.apache.hadoop.hive.ql.io.parquet.serde.TestParquetTimestampsHive2Compatibility" time="0.001"/>
  <testcase name="testWriteHive2ReadHive4UsingLegacyConversion(String)[1834]" classname="org.apache.hadoop.hive.ql.io.parquet.serde.TestParquetTimestampsHive2Compatibility" time="0"/>
  <testcase name="testWriteHive2ReadHive4UsingLegacyConversion(String)[1835]" classname="org.apache.hadoop.hive.ql.io.parquet.serde.TestParquetTimestampsHive2Compatibility" time="0"/>
  <testcase name="testWriteHive2ReadHive4UsingLegacyConversion(String)[1836]" classname="org.apache.hadoop.hive.ql.io.parquet.serde.TestParquetTimestampsHive2Compatibility" time="0"/>
  <testcase name="testWriteHive2ReadHive4UsingLegacyConversion(String)[1837]" classname="org.apache.hadoop.hive.ql.io.parquet.serde.TestParquetTimestampsHive2Compatibility" time="0"/>
  <testcase name="testWriteHive2ReadHive4UsingLegacyConversion(String)[1838]" classname="org.apache.hadoop.hive.ql.io.parquet.serde.TestParquetTimestampsHive2Compatibility" time="0"/>
  <testcase name="testWriteHive2ReadHive4UsingLegacyConversion(String)[1839]" classname="org.apache.hadoop.hive.ql.io.parquet.serde.TestParquetTimestampsHive2Compatibility" time="0"/>
  <testcase name="testWriteHive2ReadHive4UsingLegacyConversion(String)[1840]" classname="org.apache.hadoop.hive.ql.io.parquet.serde.TestParquetTimestampsHive2Compatibility" time="0"/>
  <testcase name="testWriteHive2ReadHive4UsingLegacyConversion(String)[1841]" classname="org.apache.hadoop.hive.ql.io.parquet.serde.TestParquetTimestampsHive2Compatibility" time="0"/>
  <testcase name="testWriteHive2ReadHive4UsingLegacyConversion(String)[1842]" classname="org.apache.hadoop.hive.ql.io.parquet.serde.TestParquetTimestampsHive2Compatibility" time="0"/>
  <testcase name="testWriteHive2ReadHive4UsingLegacyConversion(String)[1843]" classname="org.apache.hadoop.hive.ql.io.parquet.serde.TestParquetTimestampsHive2Compatibility" time="0"/>
  <testcase name="testWriteHive2ReadHive4UsingLegacyConversion(String)[1844]" classname="org.apache.hadoop.hive.ql.io.parquet.serde.TestParquetTimestampsHive2Compatibility" time="0"/>
  <testcase name="testWriteHive2ReadHive4UsingLegacyConversion(String)[1845]" classname="org.apache.hadoop.hive.ql.io.parquet.serde.TestParquetTimestampsHive2Compatibility" time="0"/>
  <testcase name="testWriteHive2ReadHive4UsingLegacyConversion(String)[1846]" classname="org.apache.hadoop.hive.ql.io.parquet.serde.TestParquetTimestampsHive2Compatibility" time="0.001"/>
  <testcase name="testWriteHive2ReadHive4UsingLegacyConversion(String)[1847]" classname="org.apache.hadoop.hive.ql.io.parquet.serde.TestParquetTimestampsHive2Compatibility" time="0"/>
  <testcase name="testWriteHive2ReadHive4UsingLegacyConversion(String)[1848]" classname="org.apache.hadoop.hive.ql.io.parquet.serde.TestParquetTimestampsHive2Compatibility" time="0"/>
  <testcase name="testWriteHive2ReadHive4UsingLegacyConversion(String)[1849]" classname="org.apache.hadoop.hive.ql.io.parquet.serde.TestParquetTimestampsHive2Compatibility" time="0"/>
  <testcase name="testWriteHive2ReadHive4UsingLegacyConversion(String)[1850]" classname="org.apache.hadoop.hive.ql.io.parquet.serde.TestParquetTimestampsHive2Compatibility" time="0"/>
  <testcase name="testWriteHive2ReadHive4UsingLegacyConversion(String)[1851]" classname="org.apache.hadoop.hive.ql.io.parquet.serde.TestParquetTimestampsHive2Compatibility" time="0"/>
  <testcase name="testWriteHive2ReadHive4UsingLegacyConversion(String)[1852]" classname="org.apache.hadoop.hive.ql.io.parquet.serde.TestParquetTimestampsHive2Compatibility" time="0"/>
  <testcase name="testWriteHive2ReadHive4UsingLegacyConversion(String)[1853]" classname="org.apache.hadoop.hive.ql.io.parquet.serde.TestParquetTimestampsHive2Compatibility" time="0.001"/>
  <testcase name="testWriteHive2ReadHive4UsingLegacyConversion(String)[1854]" classname="org.apache.hadoop.hive.ql.io.parquet.serde.TestParquetTimestampsHive2Compatibility" time="0"/>
  <testcase name="testWriteHive2ReadHive4UsingLegacyConversion(String)[1855]" classname="org.apache.hadoop.hive.ql.io.parquet.serde.TestParquetTimestampsHive2Compatibility" time="0"/>
  <testcase name="testWriteHive2ReadHive4UsingLegacyConversion(String)[1856]" classname="org.apache.hadoop.hive.ql.io.parquet.serde.TestParquetTimestampsHive2Compatibility" time="0"/>
  <testcase name="testWriteHive2ReadHive4UsingLegacyConversion(String)[1857]" classname="org.apache.hadoop.hive.ql.io.parquet.serde.TestParquetTimestampsHive2Compatibility" time="0.001"/>
  <testcase name="testWriteHive2ReadHive4UsingLegacyConversion(String)[1858]" classname="org.apache.hadoop.hive.ql.io.parquet.serde.TestParquetTimestampsHive2Compatibility" time="0"/>
  <testcase name="testWriteHive2ReadHive4UsingLegacyConversion(String)[1859]" classname="org.apache.hadoop.hive.ql.io.parquet.serde.TestParquetTimestampsHive2Compatibility" time="0"/>
  <testcase name="testWriteHive2ReadHive4UsingLegacyConversion(String)[1860]" classname="org.apache.hadoop.hive.ql.io.parquet.serde.TestParquetTimestampsHive2Compatibility" time="0"/>
  <testcase name="testWriteHive2ReadHive4UsingLegacyConversion(String)[1861]" classname="org.apache.hadoop.hive.ql.io.parquet.serde.TestParquetTimestampsHive2Compatibility" time="0"/>
  <testcase name="testWriteHive2ReadHive4UsingLegacyConversion(String)[1862]" classname="org.apache.hadoop.hive.ql.io.parquet.serde.TestParquetTimestampsHive2Compatibility" time="0"/>
  <testcase name="testWriteHive2ReadHive4UsingLegacyConversion(String)[1863]" classname="org.apache.hadoop.hive.ql.io.parquet.serde.TestParquetTimestampsHive2Compatibility" time="0"/>
  <testcase name="testWriteHive2ReadHive4UsingLegacyConversion(String)[1864]" classname="org.apache.hadoop.hive.ql.io.parquet.serde.TestParquetTimestampsHive2Compatibility" time="0"/>
  <testcase name="testWriteHive2ReadHive4UsingLegacyConversion(String)[1865]" classname="org.apache.hadoop.hive.ql.io.parquet.serde.TestParquetTimestampsHive2Compatibility" time="0"/>
  <testcase name="testWriteHive2ReadHive4UsingLegacyConversion(String)[1866]" classname="org.apache.hadoop.hive.ql.io.parquet.serde.TestParquetTimestampsHive2Compatibility" time="0"/>
  <testcase name="testWriteHive2ReadHive4UsingLegacyConversion(String)[1867]" classname="org.apache.hadoop.hive.ql.io.parquet.serde.TestParquetTimestampsHive2Compatibility" time="0"/>
  <testcase name="testWriteHive2ReadHive4UsingLegacyConversion(String)[1868]" classname="org.apache.hadoop.hive.ql.io.parquet.serde.TestParquetTimestampsHive2Compatibility" time="0"/>
  <testcase name="testWriteHive2ReadHive4UsingLegacyConversion(String)[1869]" classname="org.apache.hadoop.hive.ql.io.parquet.serde.TestParquetTimestampsHive2Compatibility" time="0"/>
  <testcase name="testWriteHive2ReadHive4UsingLegacyConversion(String)[1870]" classname="org.apache.hadoop.hive.ql.io.parquet.serde.TestParquetTimestampsHive2Compatibility" time="0"/>
  <testcase name="testWriteHive2ReadHive4UsingLegacyConversion(String)[1871]" classname="org.apache.hadoop.hive.ql.io.parquet.serde.TestParquetTimestampsHive2Compatibility" time="0"/>
  <testcase name="testWriteHive2ReadHive4UsingLegacyConversion(String)[1872]" classname="org.apache.hadoop.hive.ql.io.parquet.serde.TestParquetTimestampsHive2Compatibility" time="0"/>
  <testcase name="testWriteHive2ReadHive4UsingLegacyConversion(String)[1873]" classname="org.apache.hadoop.hive.ql.io.parquet.serde.TestParquetTimestampsHive2Compatibility" time="0"/>
  <testcase name="testWriteHive2ReadHive4UsingLegacyConversion(String)[1874]" classname="org.apache.hadoop.hive.ql.io.parquet.serde.TestParquetTimestampsHive2Compatibility" time="0"/>
  <testcase name="testWriteHive2ReadHive4UsingLegacyConversion(String)[1875]" classname="org.apache.hadoop.hive.ql.io.parquet.serde.TestParquetTimestampsHive2Compatibility" time="0"/>
  <testcase name="testWriteHive2ReadHive4UsingLegacyConversion(String)[1876]" classname="org.apache.hadoop.hive.ql.io.parquet.serde.TestParquetTimestampsHive2Compatibility" time="0"/>
  <testcase name="testWriteHive2ReadHive4UsingLegacyConversion(String)[1877]" classname="org.apache.hadoop.hive.ql.io.parquet.serde.TestParquetTimestampsHive2Compatibility" time="0"/>
  <testcase name="testWriteHive2ReadHive4UsingLegacyConversion(String)[1878]" classname="org.apache.hadoop.hive.ql.io.parquet.serde.TestParquetTimestampsHive2Compatibility" time="0"/>
  <testcase name="testWriteHive2ReadHive4UsingLegacyConversion(String)[1879]" classname="org.apache.hadoop.hive.ql.io.parquet.serde.TestParquetTimestampsHive2Compatibility" time="0"/>
  <testcase name="testWriteHive2ReadHive4UsingLegacyConversion(String)[1880]" classname="org.apache.hadoop.hive.ql.io.parquet.serde.TestParquetTimestampsHive2Compatibility" time="0"/>
  <testcase name="testWriteHive2ReadHive4UsingLegacyConversion(String)[1881]" classname="org.apache.hadoop.hive.ql.io.parquet.serde.TestParquetTimestampsHive2Compatibility" time="0"/>
  <testcase name="testWriteHive2ReadHive4UsingLegacyConversion(String)[1882]" classname="org.apache.hadoop.hive.ql.io.parquet.serde.TestParquetTimestampsHive2Compatibility" time="0"/>
  <testcase name="testWriteHive2ReadHive4UsingLegacyConversion(String)[1883]" classname="org.apache.hadoop.hive.ql.io.parquet.serde.TestParquetTimestampsHive2Compatibility" time="0"/>
  <testcase name="testWriteHive2ReadHive4UsingLegacyConversion(String)[1884]" classname="org.apache.hadoop.hive.ql.io.parquet.serde.TestParquetTimestampsHive2Compatibility" time="0.001"/>
  <testcase name="testWriteHive2ReadHive4UsingLegacyConversion(String)[1885]" classname="org.apache.hadoop.hive.ql.io.parquet.serde.TestParquetTimestampsHive2Compatibility" time="0"/>
  <testcase name="testWriteHive2ReadHive4UsingLegacyConversion(String)[1886]" classname="org.apache.hadoop.hive.ql.io.parquet.serde.TestParquetTimestampsHive2Compatibility" time="0"/>
  <testcase name="testWriteHive2ReadHive4UsingLegacyConversion(String)[1887]" classname="org.apache.hadoop.hive.ql.io.parquet.serde.TestParquetTimestampsHive2Compatibility" time="0"/>
  <testcase name="testWriteHive2ReadHive4UsingLegacyConversion(String)[1888]" classname="org.apache.hadoop.hive.ql.io.parquet.serde.TestParquetTimestampsHive2Compatibility" time="0"/>
  <testcase name="testWriteHive2ReadHive4UsingLegacyConversion(String)[1889]" classname="org.apache.hadoop.hive.ql.io.parquet.serde.TestParquetTimestampsHive2Compatibility" time="0"/>
  <testcase name="testWriteHive2ReadHive4UsingLegacyConversion(String)[1890]" classname="org.apache.hadoop.hive.ql.io.parquet.serde.TestParquetTimestampsHive2Compatibility" time="0"/>
  <testcase name="testWriteHive2ReadHive4UsingLegacyConversion(String)[1891]" classname="org.apache.hadoop.hive.ql.io.parquet.serde.TestParquetTimestampsHive2Compatibility" time="0"/>
  <testcase name="testWriteHive2ReadHive4UsingLegacyConversion(String)[1892]" classname="org.apache.hadoop.hive.ql.io.parquet.serde.TestParquetTimestampsHive2Compatibility" time="0"/>
  <testcase name="testWriteHive2ReadHive4UsingLegacyConversion(String)[1893]" classname="org.apache.hadoop.hive.ql.io.parquet.serde.TestParquetTimestampsHive2Compatibility" time="0"/>
  <testcase name="testWriteHive2ReadHive4UsingLegacyConversion(String)[1894]" classname="org.apache.hadoop.hive.ql.io.parquet.serde.TestParquetTimestampsHive2Compatibility" time="0.001"/>
  <testcase name="testWriteHive2ReadHive4UsingLegacyConversion(String)[1895]" classname="org.apache.hadoop.hive.ql.io.parquet.serde.TestParquetTimestampsHive2Compatibility" time="0"/>
  <testcase name="testWriteHive2ReadHive4UsingLegacyConversion(String)[1896]" classname="org.apache.hadoop.hive.ql.io.parquet.serde.TestParquetTimestampsHive2Compatibility" time="0"/>
  <testcase name="testWriteHive2ReadHive4UsingLegacyConversion(String)[1897]" classname="org.apache.hadoop.hive.ql.io.parquet.serde.TestParquetTimestampsHive2Compatibility" time="0"/>
  <testcase name="testWriteHive2ReadHive4UsingLegacyConversion(String)[1898]" classname="org.apache.hadoop.hive.ql.io.parquet.serde.TestParquetTimestampsHive2Compatibility" time="0.001"/>
  <testcase name="testWriteHive2ReadHive4UsingLegacyConversion(String)[1899]" classname="org.apache.hadoop.hive.ql.io.parquet.serde.TestParquetTimestampsHive2Compatibility" time="0"/>
  <testcase name="testWriteHive2ReadHive4UsingLegacyConversion(String)[1900]" classname="org.apache.hadoop.hive.ql.io.parquet.serde.TestParquetTimestampsHive2Compatibility" time="0"/>
  <testcase name="testWriteHive2ReadHive4UsingLegacyConversion(String)[1901]" classname="org.apache.hadoop.hive.ql.io.parquet.serde.TestParquetTimestampsHive2Compatibility" time="0"/>
  <testcase name="testWriteHive2ReadHive4UsingLegacyConversion(String)[1902]" classname="org.apache.hadoop.hive.ql.io.parquet.serde.TestParquetTimestampsHive2Compatibility" time="0"/>
  <testcase name="testWriteHive2ReadHive4UsingLegacyConversion(String)[1903]" classname="org.apache.hadoop.hive.ql.io.parquet.serde.TestParquetTimestampsHive2Compatibility" time="0"/>
  <testcase name="testWriteHive2ReadHive4UsingLegacyConversion(String)[1904]" classname="org.apache.hadoop.hive.ql.io.parquet.serde.TestParquetTimestampsHive2Compatibility" time="0"/>
  <testcase name="testWriteHive2ReadHive4UsingLegacyConversion(String)[1905]" classname="org.apache.hadoop.hive.ql.io.parquet.serde.TestParquetTimestampsHive2Compatibility" time="0"/>
  <testcase name="testWriteHive2ReadHive4UsingLegacyConversion(String)[1906]" classname="org.apache.hadoop.hive.ql.io.parquet.serde.TestParquetTimestampsHive2Compatibility" time="0"/>
  <testcase name="testWriteHive2ReadHive4UsingLegacyConversion(String)[1907]" classname="org.apache.hadoop.hive.ql.io.parquet.serde.TestParquetTimestampsHive2Compatibility" time="0"/>
  <testcase name="testWriteHive2ReadHive4UsingLegacyConversion(String)[1908]" classname="org.apache.hadoop.hive.ql.io.parquet.serde.TestParquetTimestampsHive2Compatibility" time="0.001"/>
  <testcase name="testWriteHive2ReadHive4UsingLegacyConversion(String)[1909]" classname="org.apache.hadoop.hive.ql.io.parquet.serde.TestParquetTimestampsHive2Compatibility" time="0"/>
  <testcase name="testWriteHive2ReadHive4UsingLegacyConversion(String)[1910]" classname="org.apache.hadoop.hive.ql.io.parquet.serde.TestParquetTimestampsHive2Compatibility" time="0"/>
  <testcase name="testWriteHive2ReadHive4UsingLegacyConversion(String)[1911]" classname="org.apache.hadoop.hive.ql.io.parquet.serde.TestParquetTimestampsHive2Compatibility" time="0"/>
  <testcase name="testWriteHive2ReadHive4UsingLegacyConversion(String)[1912]" classname="org.apache.hadoop.hive.ql.io.parquet.serde.TestParquetTimestampsHive2Compatibility" time="0.001"/>
  <testcase name="testWriteHive2ReadHive4UsingLegacyConversion(String)[1913]" classname="org.apache.hadoop.hive.ql.io.parquet.serde.TestParquetTimestampsHive2Compatibility" time="0"/>
  <testcase name="testWriteHive2ReadHive4UsingLegacyConversion(String)[1914]" classname="org.apache.hadoop.hive.ql.io.parquet.serde.TestParquetTimestampsHive2Compatibility" time="0"/>
  <testcase name="testWriteHive2ReadHive4UsingLegacyConversion(String)[1915]" classname="org.apache.hadoop.hive.ql.io.parquet.serde.TestParquetTimestampsHive2Compatibility" time="0"/>
  <testcase name="testWriteHive2ReadHive4UsingLegacyConversion(String)[1916]" classname="org.apache.hadoop.hive.ql.io.parquet.serde.TestParquetTimestampsHive2Compatibility" time="0.001"/>
  <testcase name="testWriteHive2ReadHive4UsingLegacyConversion(String)[1917]" classname="org.apache.hadoop.hive.ql.io.parquet.serde.TestParquetTimestampsHive2Compatibility" time="0"/>
  <testcase name="testWriteHive2ReadHive4UsingLegacyConversion(String)[1918]" classname="org.apache.hadoop.hive.ql.io.parquet.serde.TestParquetTimestampsHive2Compatibility" time="0"/>
  <testcase name="testWriteHive2ReadHive4UsingLegacyConversion(String)[1919]" classname="org.apache.hadoop.hive.ql.io.parquet.serde.TestParquetTimestampsHive2Compatibility" time="0"/>
  <testcase name="testWriteHive2ReadHive4UsingLegacyConversion(String)[1920]" classname="org.apache.hadoop.hive.ql.io.parquet.serde.TestParquetTimestampsHive2Compatibility" time="0.001"/>
  <testcase name="testWriteHive2ReadHive4UsingLegacyConversion(String)[1921]" classname="org.apache.hadoop.hive.ql.io.parquet.serde.TestParquetTimestampsHive2Compatibility" time="0"/>
  <testcase name="testWriteHive2ReadHive4UsingLegacyConversion(String)[1922]" classname="org.apache.hadoop.hive.ql.io.parquet.serde.TestParquetTimestampsHive2Compatibility" time="0"/>
  <testcase name="testWriteHive2ReadHive4UsingLegacyConversion(String)[1923]" classname="org.apache.hadoop.hive.ql.io.parquet.serde.TestParquetTimestampsHive2Compatibility" time="0"/>
  <testcase name="testWriteHive2ReadHive4UsingLegacyConversion(String)[1924]" classname="org.apache.hadoop.hive.ql.io.parquet.serde.TestParquetTimestampsHive2Compatibility" time="0.001"/>
  <testcase name="testWriteHive2ReadHive4UsingLegacyConversion(String)[1925]" classname="org.apache.hadoop.hive.ql.io.parquet.serde.TestParquetTimestampsHive2Compatibility" time="0"/>
  <testcase name="testWriteHive2ReadHive4UsingLegacyConversion(String)[1926]" classname="org.apache.hadoop.hive.ql.io.parquet.serde.TestParquetTimestampsHive2Compatibility" time="0"/>
  <testcase name="testWriteHive2ReadHive4UsingLegacyConversion(String)[1927]" classname="org.apache.hadoop.hive.ql.io.parquet.serde.TestParquetTimestampsHive2Compatibility" time="0"/>
  <testcase name="testWriteHive2ReadHive4UsingLegacyConversion(String)[1928]" classname="org.apache.hadoop.hive.ql.io.parquet.serde.TestParquetTimestampsHive2Compatibility" time="0"/>
  <testcase name="testWriteHive2ReadHive4UsingLegacyConversion(String)[1929]" classname="org.apache.hadoop.hive.ql.io.parquet.serde.TestParquetTimestampsHive2Compatibility" time="0"/>
  <testcase name="testWriteHive2ReadHive4UsingLegacyConversion(String)[1930]" classname="org.apache.hadoop.hive.ql.io.parquet.serde.TestParquetTimestampsHive2Compatibility" time="0"/>
  <testcase name="testWriteHive2ReadHive4UsingLegacyConversion(String)[1931]" classname="org.apache.hadoop.hive.ql.io.parquet.serde.TestParquetTimestampsHive2Compatibility" time="0"/>
  <testcase name="testWriteHive2ReadHive4UsingLegacyConversion(String)[1932]" classname="org.apache.hadoop.hive.ql.io.parquet.serde.TestParquetTimestampsHive2Compatibility" time="0"/>
  <testcase name="testWriteHive2ReadHive4UsingLegacyConversion(String)[1933]" classname="org.apache.hadoop.hive.ql.io.parquet.serde.TestParquetTimestampsHive2Compatibility" time="0"/>
  <testcase name="testWriteHive2ReadHive4UsingLegacyConversion(String)[1934]" classname="org.apache.hadoop.hive.ql.io.parquet.serde.TestParquetTimestampsHive2Compatibility" time="0"/>
  <testcase name="testWriteHive2ReadHive4UsingLegacyConversion(String)[1935]" classname="org.apache.hadoop.hive.ql.io.parquet.serde.TestParquetTimestampsHive2Compatibility" time="0"/>
  <testcase name="testWriteHive2ReadHive4UsingLegacyConversion(String)[1936]" classname="org.apache.hadoop.hive.ql.io.parquet.serde.TestParquetTimestampsHive2Compatibility" time="0.001"/>
  <testcase name="testWriteHive2ReadHive4UsingLegacyConversion(String)[1937]" classname="org.apache.hadoop.hive.ql.io.parquet.serde.TestParquetTimestampsHive2Compatibility" time="0"/>
  <testcase name="testWriteHive2ReadHive4UsingLegacyConversion(String)[1938]" classname="org.apache.hadoop.hive.ql.io.parquet.serde.TestParquetTimestampsHive2Compatibility" time="0"/>
  <testcase name="testWriteHive2ReadHive4UsingLegacyConversion(String)[1939]" classname="org.apache.hadoop.hive.ql.io.parquet.serde.TestParquetTimestampsHive2Compatibility" time="0"/>
  <testcase name="testWriteHive2ReadHive4UsingLegacyConversion(String)[1940]" classname="org.apache.hadoop.hive.ql.io.parquet.serde.TestParquetTimestampsHive2Compatibility" time="0"/>
  <testcase name="testWriteHive2ReadHive4UsingLegacyConversion(String)[1941]" classname="org.apache.hadoop.hive.ql.io.parquet.serde.TestParquetTimestampsHive2Compatibility" time="0"/>
  <testcase name="testWriteHive2ReadHive4UsingLegacyConversion(String)[1942]" classname="org.apache.hadoop.hive.ql.io.parquet.serde.TestParquetTimestampsHive2Compatibility" time="0"/>
  <testcase name="testWriteHive2ReadHive4UsingLegacyConversion(String)[1943]" classname="org.apache.hadoop.hive.ql.io.parquet.serde.TestParquetTimestampsHive2Compatibility" time="0"/>
  <testcase name="testWriteHive2ReadHive4UsingLegacyConversion(String)[1944]" classname="org.apache.hadoop.hive.ql.io.parquet.serde.TestParquetTimestampsHive2Compatibility" time="0"/>
  <testcase name="testWriteHive2ReadHive4UsingLegacyConversion(String)[1945]" classname="org.apache.hadoop.hive.ql.io.parquet.serde.TestParquetTimestampsHive2Compatibility" time="0"/>
  <testcase name="testWriteHive2ReadHive4UsingLegacyConversion(String)[1946]" classname="org.apache.hadoop.hive.ql.io.parquet.serde.TestParquetTimestampsHive2Compatibility" time="0"/>
  <testcase name="testWriteHive2ReadHive4UsingLegacyConversion(String)[1947]" classname="org.apache.hadoop.hive.ql.io.parquet.serde.TestParquetTimestampsHive2Compatibility" time="0"/>
  <testcase name="testWriteHive2ReadHive4UsingLegacyConversion(String)[1948]" classname="org.apache.hadoop.hive.ql.io.parquet.serde.TestParquetTimestampsHive2Compatibility" time="0"/>
  <testcase name="testWriteHive2ReadHive4UsingLegacyConversion(String)[1949]" classname="org.apache.hadoop.hive.ql.io.parquet.serde.TestParquetTimestampsHive2Compatibility" time="0"/>
  <testcase name="testWriteHive2ReadHive4UsingLegacyConversion(String)[1950]" classname="org.apache.hadoop.hive.ql.io.parquet.serde.TestParquetTimestampsHive2Compatibility" time="0"/>
  <testcase name="testWriteHive2ReadHive4UsingLegacyConversion(String)[1951]" classname="org.apache.hadoop.hive.ql.io.parquet.serde.TestParquetTimestampsHive2Compatibility" time="0"/>
  <testcase name="testWriteHive2ReadHive4UsingLegacyConversion(String)[1952]" classname="org.apache.hadoop.hive.ql.io.parquet.serde.TestParquetTimestampsHive2Compatibility" time="0"/>
  <testcase name="testWriteHive2ReadHive4UsingLegacyConversion(String)[1953]" classname="org.apache.hadoop.hive.ql.io.parquet.serde.TestParquetTimestampsHive2Compatibility" time="0.001"/>
  <testcase name="testWriteHive2ReadHive4UsingLegacyConversion(String)[1954]" classname="org.apache.hadoop.hive.ql.io.parquet.serde.TestParquetTimestampsHive2Compatibility" time="0"/>
  <testcase name="testWriteHive2ReadHive4UsingLegacyConversion(String)[1955]" classname="org.apache.hadoop.hive.ql.io.parquet.serde.TestParquetTimestampsHive2Compatibility" time="0"/>
  <testcase name="testWriteHive2ReadHive4UsingLegacyConversion(String)[1956]" classname="org.apache.hadoop.hive.ql.io.parquet.serde.TestParquetTimestampsHive2Compatibility" time="0"/>
  <testcase name="testWriteHive2ReadHive4UsingLegacyConversion(String)[1957]" classname="org.apache.hadoop.hive.ql.io.parquet.serde.TestParquetTimestampsHive2Compatibility" time="0.001"/>
  <testcase name="testWriteHive2ReadHive4UsingLegacyConversion(String)[1958]" classname="org.apache.hadoop.hive.ql.io.parquet.serde.TestParquetTimestampsHive2Compatibility" time="0"/>
  <testcase name="testWriteHive2ReadHive4UsingLegacyConversion(String)[1959]" classname="org.apache.hadoop.hive.ql.io.parquet.serde.TestParquetTimestampsHive2Compatibility" time="0"/>
  <testcase name="testWriteHive2ReadHive4UsingLegacyConversion(String)[1960]" classname="org.apache.hadoop.hive.ql.io.parquet.serde.TestParquetTimestampsHive2Compatibility" time="0"/>
  <testcase name="testWriteHive2ReadHive4UsingLegacyConversion(String)[1961]" classname="org.apache.hadoop.hive.ql.io.parquet.serde.TestParquetTimestampsHive2Compatibility" time="0"/>
  <testcase name="testWriteHive2ReadHive4UsingLegacyConversion(String)[1962]" classname="org.apache.hadoop.hive.ql.io.parquet.serde.TestParquetTimestampsHive2Compatibility" time="0"/>
  <testcase name="testWriteHive2ReadHive4UsingLegacyConversion(String)[1963]" classname="org.apache.hadoop.hive.ql.io.parquet.serde.TestParquetTimestampsHive2Compatibility" time="0"/>
  <testcase name="testWriteHive2ReadHive4UsingLegacyConversion(String)[1964]" classname="org.apache.hadoop.hive.ql.io.parquet.serde.TestParquetTimestampsHive2Compatibility" time="0"/>
  <testcase name="testWriteHive2ReadHive4UsingLegacyConversion(String)[1965]" classname="org.apache.hadoop.hive.ql.io.parquet.serde.TestParquetTimestampsHive2Compatibility" time="0"/>
  <testcase name="testWriteHive2ReadHive4UsingLegacyConversion(String)[1966]" classname="org.apache.hadoop.hive.ql.io.parquet.serde.TestParquetTimestampsHive2Compatibility" time="0"/>
  <testcase name="testWriteHive2ReadHive4UsingLegacyConversion(String)[1967]" classname="org.apache.hadoop.hive.ql.io.parquet.serde.TestParquetTimestampsHive2Compatibility" time="0"/>
  <testcase name="testWriteHive2ReadHive4UsingLegacyConversion(String)[1968]" classname="org.apache.hadoop.hive.ql.io.parquet.serde.TestParquetTimestampsHive2Compatibility" time="0.001"/>
  <testcase name="testWriteHive2ReadHive4UsingLegacyConversion(String)[1969]" classname="org.apache.hadoop.hive.ql.io.parquet.serde.TestParquetTimestampsHive2Compatibility" time="0"/>
  <testcase name="testWriteHive2ReadHive4UsingLegacyConversion(String)[1970]" classname="org.apache.hadoop.hive.ql.io.parquet.serde.TestParquetTimestampsHive2Compatibility" time="0"/>
  <testcase name="testWriteHive2ReadHive4UsingLegacyConversion(String)[1971]" classname="org.apache.hadoop.hive.ql.io.parquet.serde.TestParquetTimestampsHive2Compatibility" time="0"/>
  <testcase name="testWriteHive2ReadHive4UsingLegacyConversion(String)[1972]" classname="org.apache.hadoop.hive.ql.io.parquet.serde.TestParquetTimestampsHive2Compatibility" time="0"/>
  <testcase name="testWriteHive2ReadHive4UsingLegacyConversion(String)[1973]" classname="org.apache.hadoop.hive.ql.io.parquet.serde.TestParquetTimestampsHive2Compatibility" time="0"/>
  <testcase name="testWriteHive2ReadHive4UsingLegacyConversion(String)[1974]" classname="org.apache.hadoop.hive.ql.io.parquet.serde.TestParquetTimestampsHive2Compatibility" time="0"/>
  <testcase name="testWriteHive2ReadHive4UsingLegacyConversion(String)[1975]" classname="org.apache.hadoop.hive.ql.io.parquet.serde.TestParquetTimestampsHive2Compatibility" time="0"/>
  <testcase name="testWriteHive2ReadHive4UsingLegacyConversion(String)[1976]" classname="org.apache.hadoop.hive.ql.io.parquet.serde.TestParquetTimestampsHive2Compatibility" time="0"/>
  <testcase name="testWriteHive2ReadHive4UsingLegacyConversion(String)[1977]" classname="org.apache.hadoop.hive.ql.io.parquet.serde.TestParquetTimestampsHive2Compatibility" time="0"/>
  <testcase name="testWriteHive2ReadHive4UsingLegacyConversion(String)[1978]" classname="org.apache.hadoop.hive.ql.io.parquet.serde.TestParquetTimestampsHive2Compatibility" time="0"/>
  <testcase name="testWriteHive2ReadHive4UsingLegacyConversion(String)[1979]" classname="org.apache.hadoop.hive.ql.io.parquet.serde.TestParquetTimestampsHive2Compatibility" time="0.001"/>
  <testcase name="testWriteHive2ReadHive4UsingLegacyConversion(String)[1980]" classname="org.apache.hadoop.hive.ql.io.parquet.serde.TestParquetTimestampsHive2Compatibility" time="0"/>
  <testcase name="testWriteHive2ReadHive4UsingLegacyConversion(String)[1981]" classname="org.apache.hadoop.hive.ql.io.parquet.serde.TestParquetTimestampsHive2Compatibility" time="0"/>
  <testcase name="testWriteHive2ReadHive4UsingLegacyConversion(String)[1982]" classname="org.apache.hadoop.hive.ql.io.parquet.serde.TestParquetTimestampsHive2Compatibility" time="0"/>
  <testcase name="testWriteHive2ReadHive4UsingLegacyConversion(String)[1983]" classname="org.apache.hadoop.hive.ql.io.parquet.serde.TestParquetTimestampsHive2Compatibility" time="0"/>
  <testcase name="testWriteHive2ReadHive4UsingLegacyConversion(String)[1984]" classname="org.apache.hadoop.hive.ql.io.parquet.serde.TestParquetTimestampsHive2Compatibility" time="0"/>
  <testcase name="testWriteHive2ReadHive4UsingLegacyConversion(String)[1985]" classname="org.apache.hadoop.hive.ql.io.parquet.serde.TestParquetTimestampsHive2Compatibility" time="0"/>
  <testcase name="testWriteHive2ReadHive4UsingLegacyConversion(String)[1986]" classname="org.apache.hadoop.hive.ql.io.parquet.serde.TestParquetTimestampsHive2Compatibility" time="0"/>
  <testcase name="testWriteHive2ReadHive4UsingLegacyConversion(String)[1987]" classname="org.apache.hadoop.hive.ql.io.parquet.serde.TestParquetTimestampsHive2Compatibility" time="0"/>
  <testcase name="testWriteHive2ReadHive4UsingLegacyConversion(String)[1988]" classname="org.apache.hadoop.hive.ql.io.parquet.serde.TestParquetTimestampsHive2Compatibility" time="0"/>
  <testcase name="testWriteHive2ReadHive4UsingLegacyConversion(String)[1989]" classname="org.apache.hadoop.hive.ql.io.parquet.serde.TestParquetTimestampsHive2Compatibility" time="0"/>
  <testcase name="testWriteHive2ReadHive4UsingLegacyConversion(String)[1990]" classname="org.apache.hadoop.hive.ql.io.parquet.serde.TestParquetTimestampsHive2Compatibility" time="0"/>
  <testcase name="testWriteHive2ReadHive4UsingLegacyConversion(String)[1991]" classname="org.apache.hadoop.hive.ql.io.parquet.serde.TestParquetTimestampsHive2Compatibility" time="0.001"/>
  <testcase name="testWriteHive2ReadHive4UsingLegacyConversion(String)[1992]" classname="org.apache.hadoop.hive.ql.io.parquet.serde.TestParquetTimestampsHive2Compatibility" time="0"/>
  <testcase name="testWriteHive2ReadHive4UsingLegacyConversion(String)[1993]" classname="org.apache.hadoop.hive.ql.io.parquet.serde.TestParquetTimestampsHive2Compatibility" time="0"/>
  <testcase name="testWriteHive2ReadHive4UsingLegacyConversion(String)[1994]" classname="org.apache.hadoop.hive.ql.io.parquet.serde.TestParquetTimestampsHive2Compatibility" time="0"/>
  <testcase name="testWriteHive2ReadHive4UsingLegacyConversion(String)[1995]" classname="org.apache.hadoop.hive.ql.io.parquet.serde.TestParquetTimestampsHive2Compatibility" time="0"/>
  <testcase name="testWriteHive2ReadHive4UsingLegacyConversion(String)[1996]" classname="org.apache.hadoop.hive.ql.io.parquet.serde.TestParquetTimestampsHive2Compatibility" time="0"/>
  <testcase name="testWriteHive2ReadHive4UsingLegacyConversion(String)[1997]" classname="org.apache.hadoop.hive.ql.io.parquet.serde.TestParquetTimestampsHive2Compatibility" time="0"/>
  <testcase name="testWriteHive2ReadHive4UsingLegacyConversion(String)[1998]" classname="org.apache.hadoop.hive.ql.io.parquet.serde.TestParquetTimestampsHive2Compatibility" time="0"/>
  <testcase name="testWriteHive2ReadHive4UsingLegacyConversion(String)[1999]" classname="org.apache.hadoop.hive.ql.io.parquet.serde.TestParquetTimestampsHive2Compatibility" time="0"/>
  <testcase name="testWriteHive2ReadHive4UsingLegacyConversion(String)[2000]" classname="org.apache.hadoop.hive.ql.io.parquet.serde.TestParquetTimestampsHive2Compatibility" time="0"/>
  <testcase name="testWriteHive2ReadHive4UsingLegacyConversion(String)[2001]" classname="org.apache.hadoop.hive.ql.io.parquet.serde.TestParquetTimestampsHive2Compatibility" time="0"/>
  <testcase name="testWriteHive2ReadHive4UsingLegacyConversion(String)[2002]" classname="org.apache.hadoop.hive.ql.io.parquet.serde.TestParquetTimestampsHive2Compatibility" time="0"/>
  <testcase name="testWriteHive2ReadHive4UsingLegacyConversion(String)[2003]" classname="org.apache.hadoop.hive.ql.io.parquet.serde.TestParquetTimestampsHive2Compatibility" time="0"/>
  <testcase name="testWriteHive2ReadHive4UsingLegacyConversion(String)[2004]" classname="org.apache.hadoop.hive.ql.io.parquet.serde.TestParquetTimestampsHive2Compatibility" time="0.001"/>
  <testcase name="testWriteHive2ReadHive4UsingLegacyConversion(String)[2005]" classname="org.apache.hadoop.hive.ql.io.parquet.serde.TestParquetTimestampsHive2Compatibility" time="0"/>
  <testcase name="testWriteHive2ReadHive4UsingLegacyConversion(String)[2006]" classname="org.apache.hadoop.hive.ql.io.parquet.serde.TestParquetTimestampsHive2Compatibility" time="0"/>
  <testcase name="testWriteHive2ReadHive4UsingLegacyConversion(String)[2007]" classname="org.apache.hadoop.hive.ql.io.parquet.serde.TestParquetTimestampsHive2Compatibility" time="0"/>
  <testcase name="testWriteHive2ReadHive4UsingLegacyConversion(String)[2008]" classname="org.apache.hadoop.hive.ql.io.parquet.serde.TestParquetTimestampsHive2Compatibility" time="0"/>
  <testcase name="testWriteHive2ReadHive4UsingLegacyConversion(String)[2009]" classname="org.apache.hadoop.hive.ql.io.parquet.serde.TestParquetTimestampsHive2Compatibility" time="0"/>
  <testcase name="testWriteHive2ReadHive4UsingLegacyConversion(String)[2010]" classname="org.apache.hadoop.hive.ql.io.parquet.serde.TestParquetTimestampsHive2Compatibility" time="0"/>
  <testcase name="testWriteHive2ReadHive4UsingLegacyConversion(String)[2011]" classname="org.apache.hadoop.hive.ql.io.parquet.serde.TestParquetTimestampsHive2Compatibility" time="0"/>
  <testcase name="testWriteHive2ReadHive4UsingLegacyConversion(String)[2012]" classname="org.apache.hadoop.hive.ql.io.parquet.serde.TestParquetTimestampsHive2Compatibility" time="0"/>
  <testcase name="testWriteHive2ReadHive4UsingLegacyConversion(String)[2013]" classname="org.apache.hadoop.hive.ql.io.parquet.serde.TestParquetTimestampsHive2Compatibility" time="0.001"/>
  <testcase name="testWriteHive2ReadHive4UsingLegacyConversion(String)[2014]" classname="org.apache.hadoop.hive.ql.io.parquet.serde.TestParquetTimestampsHive2Compatibility" time="0"/>
  <testcase name="testWriteHive2ReadHive4UsingLegacyConversion(String)[2015]" classname="org.apache.hadoop.hive.ql.io.parquet.serde.TestParquetTimestampsHive2Compatibility" time="0"/>
  <testcase name="testWriteHive2ReadHive4UsingLegacyConversion(String)[2016]" classname="org.apache.hadoop.hive.ql.io.parquet.serde.TestParquetTimestampsHive2Compatibility" time="0"/>
  <testcase name="testWriteHive2ReadHive4UsingLegacyConversion(String)[2017]" classname="org.apache.hadoop.hive.ql.io.parquet.serde.TestParquetTimestampsHive2Compatibility" time="0.001"/>
  <testcase name="testWriteHive2ReadHive4UsingLegacyConversion(String)[2018]" classname="org.apache.hadoop.hive.ql.io.parquet.serde.TestParquetTimestampsHive2Compatibility" time="0"/>
  <testcase name="testWriteHive2ReadHive4UsingLegacyConversion(String)[2019]" classname="org.apache.hadoop.hive.ql.io.parquet.serde.TestParquetTimestampsHive2Compatibility" time="0"/>
  <testcase name="testWriteHive2ReadHive4UsingLegacyConversion(String)[2020]" classname="org.apache.hadoop.hive.ql.io.parquet.serde.TestParquetTimestampsHive2Compatibility" time="0"/>
  <testcase name="testWriteHive2ReadHive4UsingLegacyConversion(String)[2021]" classname="org.apache.hadoop.hive.ql.io.parquet.serde.TestParquetTimestampsHive2Compatibility" time="0"/>
  <testcase name="testWriteHive2ReadHive4UsingLegacyConversion(String)[2022]" classname="org.apache.hadoop.hive.ql.io.parquet.serde.TestParquetTimestampsHive2Compatibility" time="0"/>
  <testcase name="testWriteHive2ReadHive4UsingLegacyConversion(String)[2023]" classname="org.apache.hadoop.hive.ql.io.parquet.serde.TestParquetTimestampsHive2Compatibility" time="0"/>
  <testcase name="testWriteHive2ReadHive4UsingLegacyConversion(String)[2024]" classname="org.apache.hadoop.hive.ql.io.parquet.serde.TestParquetTimestampsHive2Compatibility" time="0"/>
  <testcase name="testWriteHive2ReadHive4UsingLegacyConversion(String)[2025]" classname="org.apache.hadoop.hive.ql.io.parquet.serde.TestParquetTimestampsHive2Compatibility" time="0"/>
  <testcase name="testWriteHive2ReadHive4UsingLegacyConversion(String)[2026]" classname="org.apache.hadoop.hive.ql.io.parquet.serde.TestParquetTimestampsHive2Compatibility" time="0"/>
  <testcase name="testWriteHive2ReadHive4UsingLegacyConversion(String)[2027]" classname="org.apache.hadoop.hive.ql.io.parquet.serde.TestParquetTimestampsHive2Compatibility" time="0"/>
  <testcase name="testWriteHive2ReadHive4UsingLegacyConversion(String)[2028]" classname="org.apache.hadoop.hive.ql.io.parquet.serde.TestParquetTimestampsHive2Compatibility" time="0"/>
  <testcase name="testWriteHive2ReadHive4UsingLegacyConversion(String)[2029]" classname="org.apache.hadoop.hive.ql.io.parquet.serde.TestParquetTimestampsHive2Compatibility" time="0"/>
  <testcase name="testWriteHive2ReadHive4UsingLegacyConversion(String)[2030]" classname="org.apache.hadoop.hive.ql.io.parquet.serde.TestParquetTimestampsHive2Compatibility" time="0"/>
  <testcase name="testWriteHive2ReadHive4UsingLegacyConversion(String)[2031]" classname="org.apache.hadoop.hive.ql.io.parquet.serde.TestParquetTimestampsHive2Compatibility" time="0"/>
  <testcase name="testWriteHive2ReadHive4UsingLegacyConversion(String)[2032]" classname="org.apache.hadoop.hive.ql.io.parquet.serde.TestParquetTimestampsHive2Compatibility" time="0"/>
  <testcase name="testWriteHive2ReadHive4UsingLegacyConversion(String)[2033]" classname="org.apache.hadoop.hive.ql.io.parquet.serde.TestParquetTimestampsHive2Compatibility" time="0"/>
  <testcase name="testWriteHive2ReadHive4UsingLegacyConversion(String)[2034]" classname="org.apache.hadoop.hive.ql.io.parquet.serde.TestParquetTimestampsHive2Compatibility" time="0"/>
  <testcase name="testWriteHive2ReadHive4UsingLegacyConversion(String)[2035]" classname="org.apache.hadoop.hive.ql.io.parquet.serde.TestParquetTimestampsHive2Compatibility" time="0"/>
  <testcase name="testWriteHive2ReadHive4UsingLegacyConversion(String)[2036]" classname="org.apache.hadoop.hive.ql.io.parquet.serde.TestParquetTimestampsHive2Compatibility" time="0"/>
  <testcase name="testWriteHive2ReadHive4UsingLegacyConversion(String)[2037]" classname="org.apache.hadoop.hive.ql.io.parquet.serde.TestParquetTimestampsHive2Compatibility" time="0.002"/>
  <testcase name="testWriteHive2ReadHive4UsingLegacyConversion(String)[2038]" classname="org.apache.hadoop.hive.ql.io.parquet.serde.TestParquetTimestampsHive2Compatibility" time="0"/>
  <testcase name="testWriteHive2ReadHive4UsingLegacyConversion(String)[2039]" classname="org.apache.hadoop.hive.ql.io.parquet.serde.TestParquetTimestampsHive2Compatibility" time="0.001"/>
  <testcase name="testWriteHive2ReadHive4UsingLegacyConversion(String)[2040]" classname="org.apache.hadoop.hive.ql.io.parquet.serde.TestParquetTimestampsHive2Compatibility" time="0"/>
  <testcase name="testWriteHive2ReadHive4UsingLegacyConversion(String)[2041]" classname="org.apache.hadoop.hive.ql.io.parquet.serde.TestParquetTimestampsHive2Compatibility" time="0.001"/>
  <testcase name="testWriteHive2ReadHive4UsingLegacyConversion(String)[2042]" classname="org.apache.hadoop.hive.ql.io.parquet.serde.TestParquetTimestampsHive2Compatibility" time="0"/>
  <testcase name="testWriteHive2ReadHive4UsingLegacyConversion(String)[2043]" classname="org.apache.hadoop.hive.ql.io.parquet.serde.TestParquetTimestampsHive2Compatibility" time="0"/>
  <testcase name="testWriteHive2ReadHive4UsingLegacyConversion(String)[2044]" classname="org.apache.hadoop.hive.ql.io.parquet.serde.TestParquetTimestampsHive2Compatibility" time="0"/>
  <testcase name="testWriteHive2ReadHive4UsingLegacyConversion(String)[2045]" classname="org.apache.hadoop.hive.ql.io.parquet.serde.TestParquetTimestampsHive2Compatibility" time="0"/>
  <testcase name="testWriteHive2ReadHive4UsingLegacyConversion(String)[2046]" classname="org.apache.hadoop.hive.ql.io.parquet.serde.TestParquetTimestampsHive2Compatibility" time="0"/>
  <testcase name="testWriteHive2ReadHive4UsingLegacyConversion(String)[2047]" classname="org.apache.hadoop.hive.ql.io.parquet.serde.TestParquetTimestampsHive2Compatibility" time="0"/>
  <testcase name="testWriteHive2ReadHive4UsingLegacyConversion(String)[2048]" classname="org.apache.hadoop.hive.ql.io.parquet.serde.TestParquetTimestampsHive2Compatibility" time="0"/>
  <testcase name="testWriteHive2ReadHive4UsingLegacyConversion(String)[2049]" classname="org.apache.hadoop.hive.ql.io.parquet.serde.TestParquetTimestampsHive2Compatibility" time="0"/>
  <testcase name="testWriteHive2ReadHive4UsingLegacyConversion(String)[2050]" classname="org.apache.hadoop.hive.ql.io.parquet.serde.TestParquetTimestampsHive2Compatibility" time="0"/>
  <testcase name="testWriteHive2ReadHive4UsingLegacyConversion(String)[2051]" classname="org.apache.hadoop.hive.ql.io.parquet.serde.TestParquetTimestampsHive2Compatibility" time="0"/>
  <testcase name="testWriteHive2ReadHive4UsingLegacyConversion(String)[2052]" classname="org.apache.hadoop.hive.ql.io.parquet.serde.TestParquetTimestampsHive2Compatibility" time="0"/>
  <testcase name="testWriteHive2ReadHive4UsingLegacyConversion(String)[2053]" classname="org.apache.hadoop.hive.ql.io.parquet.serde.TestParquetTimestampsHive2Compatibility" time="0"/>
  <testcase name="testWriteHive2ReadHive4UsingLegacyConversion(String)[2054]" classname="org.apache.hadoop.hive.ql.io.parquet.serde.TestParquetTimestampsHive2Compatibility" time="0"/>
  <testcase name="testWriteHive2ReadHive4UsingLegacyConversion(String)[2055]" classname="org.apache.hadoop.hive.ql.io.parquet.serde.TestParquetTimestampsHive2Compatibility" time="0"/>
  <testcase name="testWriteHive2ReadHive4UsingLegacyConversion(String)[2056]" classname="org.apache.hadoop.hive.ql.io.parquet.serde.TestParquetTimestampsHive2Compatibility" time="0"/>
  <testcase name="testWriteHive2ReadHive4UsingLegacyConversion(String)[2057]" classname="org.apache.hadoop.hive.ql.io.parquet.serde.TestParquetTimestampsHive2Compatibility" time="0"/>
  <testcase name="testWriteHive2ReadHive4UsingLegacyConversion(String)[2058]" classname="org.apache.hadoop.hive.ql.io.parquet.serde.TestParquetTimestampsHive2Compatibility" time="0.001"/>
  <testcase name="testWriteHive2ReadHive4UsingLegacyConversion(String)[2059]" classname="org.apache.hadoop.hive.ql.io.parquet.serde.TestParquetTimestampsHive2Compatibility" time="0"/>
  <testcase name="testWriteHive2ReadHive4UsingLegacyConversion(String)[2060]" classname="org.apache.hadoop.hive.ql.io.parquet.serde.TestParquetTimestampsHive2Compatibility" time="0"/>
  <testcase name="testWriteHive2ReadHive4UsingLegacyConversion(String)[2061]" classname="org.apache.hadoop.hive.ql.io.parquet.serde.TestParquetTimestampsHive2Compatibility" time="0.001"/>
  <testcase name="testWriteHive2ReadHive4UsingLegacyConversion(String)[2062]" classname="org.apache.hadoop.hive.ql.io.parquet.serde.TestParquetTimestampsHive2Compatibility" time="0"/>
  <testcase name="testWriteHive2ReadHive4UsingLegacyConversion(String)[2063]" classname="org.apache.hadoop.hive.ql.io.parquet.serde.TestParquetTimestampsHive2Compatibility" time="0"/>
  <testcase name="testWriteHive2ReadHive4UsingLegacyConversion(String)[2064]" classname="org.apache.hadoop.hive.ql.io.parquet.serde.TestParquetTimestampsHive2Compatibility" time="0.001"/>
  <testcase name="testWriteHive2ReadHive4UsingLegacyConversion(String)[2065]" classname="org.apache.hadoop.hive.ql.io.parquet.serde.TestParquetTimestampsHive2Compatibility" time="0"/>
  <testcase name="testWriteHive2ReadHive4UsingLegacyConversion(String)[2066]" classname="org.apache.hadoop.hive.ql.io.parquet.serde.TestParquetTimestampsHive2Compatibility" time="0"/>
  <testcase name="testWriteHive2ReadHive4UsingLegacyConversion(String)[2067]" classname="org.apache.hadoop.hive.ql.io.parquet.serde.TestParquetTimestampsHive2Compatibility" time="0.001"/>
  <testcase name="testWriteHive2ReadHive4UsingLegacyConversion(String)[2068]" classname="org.apache.hadoop.hive.ql.io.parquet.serde.TestParquetTimestampsHive2Compatibility" time="0"/>
  <testcase name="testWriteHive2ReadHive4UsingLegacyConversion(String)[2069]" classname="org.apache.hadoop.hive.ql.io.parquet.serde.TestParquetTimestampsHive2Compatibility" time="0"/>
  <testcase name="testWriteHive2ReadHive4UsingLegacyConversion(String)[2070]" classname="org.apache.hadoop.hive.ql.io.parquet.serde.TestParquetTimestampsHive2Compatibility" time="0.001"/>
  <testcase name="testWriteHive2ReadHive4UsingLegacyConversion(String)[2071]" classname="org.apache.hadoop.hive.ql.io.parquet.serde.TestParquetTimestampsHive2Compatibility" time="0"/>
  <testcase name="testWriteHive2ReadHive4UsingLegacyConversion(String)[2072]" classname="org.apache.hadoop.hive.ql.io.parquet.serde.TestParquetTimestampsHive2Compatibility" time="0"/>
  <testcase name="testWriteHive2ReadHive4UsingLegacyConversion(String)[2073]" classname="org.apache.hadoop.hive.ql.io.parquet.serde.TestParquetTimestampsHive2Compatibility" time="0"/>
  <testcase name="testWriteHive2ReadHive4UsingLegacyConversion(String)[2074]" classname="org.apache.hadoop.hive.ql.io.parquet.serde.TestParquetTimestampsHive2Compatibility" time="0"/>
  <testcase name="testWriteHive2ReadHive4UsingLegacyConversion(String)[2075]" classname="org.apache.hadoop.hive.ql.io.parquet.serde.TestParquetTimestampsHive2Compatibility" time="0"/>
  <testcase name="testWriteHive2ReadHive4UsingLegacyConversion(String)[2076]" classname="org.apache.hadoop.hive.ql.io.parquet.serde.TestParquetTimestampsHive2Compatibility" time="0"/>
  <testcase name="testWriteHive2ReadHive4UsingLegacyConversion(String)[2077]" classname="org.apache.hadoop.hive.ql.io.parquet.serde.TestParquetTimestampsHive2Compatibility" time="0"/>
  <testcase name="testWriteHive2ReadHive4UsingLegacyConversion(String)[2078]" classname="org.apache.hadoop.hive.ql.io.parquet.serde.TestParquetTimestampsHive2Compatibility" time="0"/>
  <testcase name="testWriteHive2ReadHive4UsingLegacyConversion(String)[2079]" classname="org.apache.hadoop.hive.ql.io.parquet.serde.TestParquetTimestampsHive2Compatibility" time="0"/>
  <testcase name="testWriteHive2ReadHive4UsingLegacyConversion(String)[2080]" classname="org.apache.hadoop.hive.ql.io.parquet.serde.TestParquetTimestampsHive2Compatibility" time="0.001"/>
  <testcase name="testWriteHive2ReadHive4UsingLegacyConversion(String)[2081]" classname="org.apache.hadoop.hive.ql.io.parquet.serde.TestParquetTimestampsHive2Compatibility" time="0"/>
  <testcase name="testWriteHive2ReadHive4UsingLegacyConversion(String)[2082]" classname="org.apache.hadoop.hive.ql.io.parquet.serde.TestParquetTimestampsHive2Compatibility" time="0"/>
  <testcase name="testWriteHive2ReadHive4UsingLegacyConversion(String)[2083]" classname="org.apache.hadoop.hive.ql.io.parquet.serde.TestParquetTimestampsHive2Compatibility" time="0"/>
  <testcase name="testWriteHive2ReadHive4UsingLegacyConversion(String)[2084]" classname="org.apache.hadoop.hive.ql.io.parquet.serde.TestParquetTimestampsHive2Compatibility" time="0"/>
  <testcase name="testWriteHive2ReadHive4UsingLegacyConversion(String)[2085]" classname="org.apache.hadoop.hive.ql.io.parquet.serde.TestParquetTimestampsHive2Compatibility" time="0.001"/>
  <testcase name="testWriteHive2ReadHive4UsingLegacyConversion(String)[2086]" classname="org.apache.hadoop.hive.ql.io.parquet.serde.TestParquetTimestampsHive2Compatibility" time="0"/>
  <testcase name="testWriteHive2ReadHive4UsingLegacyConversion(String)[2087]" classname="org.apache.hadoop.hive.ql.io.parquet.serde.TestParquetTimestampsHive2Compatibility" time="0"/>
  <testcase name="testWriteHive2ReadHive4UsingLegacyConversion(String)[2088]" classname="org.apache.hadoop.hive.ql.io.parquet.serde.TestParquetTimestampsHive2Compatibility" time="0.001"/>
  <testcase name="testWriteHive2ReadHive4UsingLegacyConversion(String)[2089]" classname="org.apache.hadoop.hive.ql.io.parquet.serde.TestParquetTimestampsHive2Compatibility" time="0"/>
  <testcase name="testWriteHive2ReadHive4UsingLegacyConversion(String)[2090]" classname="org.apache.hadoop.hive.ql.io.parquet.serde.TestParquetTimestampsHive2Compatibility" time="0"/>
  <testcase name="testWriteHive2ReadHive4UsingLegacyConversion(String)[2091]" classname="org.apache.hadoop.hive.ql.io.parquet.serde.TestParquetTimestampsHive2Compatibility" time="0"/>
  <testcase name="testWriteHive2ReadHive4UsingLegacyConversion(String)[2092]" classname="org.apache.hadoop.hive.ql.io.parquet.serde.TestParquetTimestampsHive2Compatibility" time="0"/>
  <testcase name="testWriteHive2ReadHive4UsingLegacyConversion(String)[2093]" classname="org.apache.hadoop.hive.ql.io.parquet.serde.TestParquetTimestampsHive2Compatibility" time="0"/>
  <testcase name="testWriteHive2ReadHive4UsingLegacyConversion(String)[2094]" classname="org.apache.hadoop.hive.ql.io.parquet.serde.TestParquetTimestampsHive2Compatibility" time="0"/>
  <testcase name="testWriteHive2ReadHive4UsingLegacyConversion(String)[2095]" classname="org.apache.hadoop.hive.ql.io.parquet.serde.TestParquetTimestampsHive2Compatibility" time="0"/>
  <testcase name="testWriteHive2ReadHive4UsingLegacyConversion(String)[2096]" classname="org.apache.hadoop.hive.ql.io.parquet.serde.TestParquetTimestampsHive2Compatibility" time="0.001"/>
  <testcase name="testWriteHive2ReadHive4UsingLegacyConversion(String)[2097]" classname="org.apache.hadoop.hive.ql.io.parquet.serde.TestParquetTimestampsHive2Compatibility" time="0"/>
  <testcase name="testWriteHive2ReadHive4UsingLegacyConversion(String)[2098]" classname="org.apache.hadoop.hive.ql.io.parquet.serde.TestParquetTimestampsHive2Compatibility" time="0"/>
  <testcase name="testWriteHive2ReadHive4UsingLegacyConversion(String)[2099]" classname="org.apache.hadoop.hive.ql.io.parquet.serde.TestParquetTimestampsHive2Compatibility" time="0.001"/>
  <testcase name="testWriteHive2ReadHive4UsingLegacyConversion(String)[2100]" classname="org.apache.hadoop.hive.ql.io.parquet.serde.TestParquetTimestampsHive2Compatibility" time="0"/>
  <testcase name="testWriteHive2ReadHive4UsingLegacyConversion(String)[2101]" classname="org.apache.hadoop.hive.ql.io.parquet.serde.TestParquetTimestampsHive2Compatibility" time="0"/>
  <testcase name="testWriteHive2ReadHive4UsingLegacyConversion(String)[2102]" classname="org.apache.hadoop.hive.ql.io.parquet.serde.TestParquetTimestampsHive2Compatibility" time="0"/>
  <testcase name="testWriteHive2ReadHive4UsingLegacyConversion(String)[2103]" classname="org.apache.hadoop.hive.ql.io.parquet.serde.TestParquetTimestampsHive2Compatibility" time="0"/>
  <testcase name="testWriteHive2ReadHive4UsingLegacyConversion(String)[2104]" classname="org.apache.hadoop.hive.ql.io.parquet.serde.TestParquetTimestampsHive2Compatibility" time="0.001"/>
  <testcase name="testWriteHive2ReadHive4UsingLegacyConversion(String)[2105]" classname="org.apache.hadoop.hive.ql.io.parquet.serde.TestParquetTimestampsHive2Compatibility" time="0"/>
  <testcase name="testWriteHive2ReadHive4UsingLegacyConversion(String)[2106]" classname="org.apache.hadoop.hive.ql.io.parquet.serde.TestParquetTimestampsHive2Compatibility" time="0"/>
  <testcase name="testWriteHive2ReadHive4UsingLegacyConversion(String)[2107]" classname="org.apache.hadoop.hive.ql.io.parquet.serde.TestParquetTimestampsHive2Compatibility" time="0"/>
  <testcase name="testWriteHive2ReadHive4UsingLegacyConversion(String)[2108]" classname="org.apache.hadoop.hive.ql.io.parquet.serde.TestParquetTimestampsHive2Compatibility" time="0"/>
  <testcase name="testWriteHive2ReadHive4UsingLegacyConversion(String)[2109]" classname="org.apache.hadoop.hive.ql.io.parquet.serde.TestParquetTimestampsHive2Compatibility" time="0"/>
  <testcase name="testWriteHive2ReadHive4UsingLegacyConversion(String)[2110]" classname="org.apache.hadoop.hive.ql.io.parquet.serde.TestParquetTimestampsHive2Compatibility" time="0"/>
  <testcase name="testWriteHive2ReadHive4UsingLegacyConversion(String)[2111]" classname="org.apache.hadoop.hive.ql.io.parquet.serde.TestParquetTimestampsHive2Compatibility" time="0"/>
  <testcase name="testWriteHive2ReadHive4UsingLegacyConversion(String)[2112]" classname="org.apache.hadoop.hive.ql.io.parquet.serde.TestParquetTimestampsHive2Compatibility" time="0"/>
  <testcase name="testWriteHive2ReadHive4UsingLegacyConversion(String)[2113]" classname="org.apache.hadoop.hive.ql.io.parquet.serde.TestParquetTimestampsHive2Compatibility" time="0"/>
  <testcase name="testWriteHive2ReadHive4UsingLegacyConversion(String)[2114]" classname="org.apache.hadoop.hive.ql.io.parquet.serde.TestParquetTimestampsHive2Compatibility" time="0"/>
  <testcase name="testWriteHive2ReadHive4UsingLegacyConversion(String)[2115]" classname="org.apache.hadoop.hive.ql.io.parquet.serde.TestParquetTimestampsHive2Compatibility" time="0.001"/>
  <testcase name="testWriteHive2ReadHive4UsingLegacyConversion(String)[2116]" classname="org.apache.hadoop.hive.ql.io.parquet.serde.TestParquetTimestampsHive2Compatibility" time="0"/>
  <testcase name="testWriteHive2ReadHive4UsingLegacyConversion(String)[2117]" classname="org.apache.hadoop.hive.ql.io.parquet.serde.TestParquetTimestampsHive2Compatibility" time="0"/>
  <testcase name="testWriteHive2ReadHive4UsingLegacyConversion(String)[2118]" classname="org.apache.hadoop.hive.ql.io.parquet.serde.TestParquetTimestampsHive2Compatibility" time="0"/>
  <testcase name="testWriteHive2ReadHive4UsingLegacyConversion(String)[2119]" classname="org.apache.hadoop.hive.ql.io.parquet.serde.TestParquetTimestampsHive2Compatibility" time="0"/>
  <testcase name="testWriteHive2ReadHive4UsingLegacyConversion(String)[2120]" classname="org.apache.hadoop.hive.ql.io.parquet.serde.TestParquetTimestampsHive2Compatibility" time="0"/>
  <testcase name="testWriteHive2ReadHive4UsingLegacyConversion(String)[2121]" classname="org.apache.hadoop.hive.ql.io.parquet.serde.TestParquetTimestampsHive2Compatibility" time="0"/>
  <testcase name="testWriteHive2ReadHive4UsingLegacyConversion(String)[2122]" classname="org.apache.hadoop.hive.ql.io.parquet.serde.TestParquetTimestampsHive2Compatibility" time="0"/>
  <testcase name="testWriteHive2ReadHive4UsingLegacyConversion(String)[2123]" classname="org.apache.hadoop.hive.ql.io.parquet.serde.TestParquetTimestampsHive2Compatibility" time="0"/>
  <testcase name="testWriteHive2ReadHive4UsingLegacyConversion(String)[2124]" classname="org.apache.hadoop.hive.ql.io.parquet.serde.TestParquetTimestampsHive2Compatibility" time="0.001"/>
  <testcase name="testWriteHive2ReadHive4UsingLegacyConversion(String)[2125]" classname="org.apache.hadoop.hive.ql.io.parquet.serde.TestParquetTimestampsHive2Compatibility" time="0"/>
  <testcase name="testWriteHive2ReadHive4UsingLegacyConversion(String)[2126]" classname="org.apache.hadoop.hive.ql.io.parquet.serde.TestParquetTimestampsHive2Compatibility" time="0"/>
  <testcase name="testWriteHive2ReadHive4UsingLegacyConversion(String)[2127]" classname="org.apache.hadoop.hive.ql.io.parquet.serde.TestParquetTimestampsHive2Compatibility" time="0"/>
  <testcase name="testWriteHive2ReadHive4UsingLegacyConversion(String)[2128]" classname="org.apache.hadoop.hive.ql.io.parquet.serde.TestParquetTimestampsHive2Compatibility" time="0"/>
  <testcase name="testWriteHive2ReadHive4UsingLegacyConversion(String)[2129]" classname="org.apache.hadoop.hive.ql.io.parquet.serde.TestParquetTimestampsHive2Compatibility" time="0"/>
  <testcase name="testWriteHive2ReadHive4UsingLegacyConversion(String)[2130]" classname="org.apache.hadoop.hive.ql.io.parquet.serde.TestParquetTimestampsHive2Compatibility" time="0"/>
  <testcase name="testWriteHive2ReadHive4UsingLegacyConversion(String)[2131]" classname="org.apache.hadoop.hive.ql.io.parquet.serde.TestParquetTimestampsHive2Compatibility" time="0"/>
  <testcase name="testWriteHive2ReadHive4UsingLegacyConversion(String)[2132]" classname="org.apache.hadoop.hive.ql.io.parquet.serde.TestParquetTimestampsHive2Compatibility" time="0"/>
  <testcase name="testWriteHive2ReadHive4UsingLegacyConversion(String)[2133]" classname="org.apache.hadoop.hive.ql.io.parquet.serde.TestParquetTimestampsHive2Compatibility" time="0.001"/>
  <testcase name="testWriteHive2ReadHive4UsingLegacyConversion(String)[2134]" classname="org.apache.hadoop.hive.ql.io.parquet.serde.TestParquetTimestampsHive2Compatibility" time="0"/>
  <testcase name="testWriteHive2ReadHive4UsingLegacyConversion(String)[2135]" classname="org.apache.hadoop.hive.ql.io.parquet.serde.TestParquetTimestampsHive2Compatibility" time="0"/>
  <testcase name="testWriteHive2ReadHive4UsingLegacyConversion(String)[2136]" classname="org.apache.hadoop.hive.ql.io.parquet.serde.TestParquetTimestampsHive2Compatibility" time="0.001"/>
  <testcase name="testWriteHive2ReadHive4UsingLegacyConversion(String)[2137]" classname="org.apache.hadoop.hive.ql.io.parquet.serde.TestParquetTimestampsHive2Compatibility" time="0"/>
  <testcase name="testWriteHive2ReadHive4UsingLegacyConversion(String)[2138]" classname="org.apache.hadoop.hive.ql.io.parquet.serde.TestParquetTimestampsHive2Compatibility" time="0"/>
  <testcase name="testWriteHive2ReadHive4UsingLegacyConversion(String)[2139]" classname="org.apache.hadoop.hive.ql.io.parquet.serde.TestParquetTimestampsHive2Compatibility" time="0"/>
  <testcase name="testWriteHive2ReadHive4UsingLegacyConversion(String)[2140]" classname="org.apache.hadoop.hive.ql.io.parquet.serde.TestParquetTimestampsHive2Compatibility" time="0"/>
  <testcase name="testWriteHive2ReadHive4UsingLegacyConversion(String)[2141]" classname="org.apache.hadoop.hive.ql.io.parquet.serde.TestParquetTimestampsHive2Compatibility" time="0.001"/>
  <testcase name="testWriteHive2ReadHive4UsingLegacyConversion(String)[2142]" classname="org.apache.hadoop.hive.ql.io.parquet.serde.TestParquetTimestampsHive2Compatibility" time="0"/>
  <testcase name="testWriteHive2ReadHive4UsingLegacyConversion(String)[2143]" classname="org.apache.hadoop.hive.ql.io.parquet.serde.TestParquetTimestampsHive2Compatibility" time="0"/>
  <testcase name="testWriteHive2ReadHive4UsingLegacyConversion(String)[2144]" classname="org.apache.hadoop.hive.ql.io.parquet.serde.TestParquetTimestampsHive2Compatibility" time="0"/>
  <testcase name="testWriteHive2ReadHive4UsingLegacyConversion(String)[2145]" classname="org.apache.hadoop.hive.ql.io.parquet.serde.TestParquetTimestampsHive2Compatibility" time="0"/>
  <testcase name="testWriteHive2ReadHive4UsingLegacyConversion(String)[2146]" classname="org.apache.hadoop.hive.ql.io.parquet.serde.TestParquetTimestampsHive2Compatibility" time="0"/>
  <testcase name="testWriteHive2ReadHive4UsingLegacyConversion(String)[2147]" classname="org.apache.hadoop.hive.ql.io.parquet.serde.TestParquetTimestampsHive2Compatibility" time="0"/>
  <testcase name="testWriteHive2ReadHive4UsingLegacyConversion(String)[2148]" classname="org.apache.hadoop.hive.ql.io.parquet.serde.TestParquetTimestampsHive2Compatibility" time="0.001"/>
  <testcase name="testWriteHive2ReadHive4UsingLegacyConversion(String)[2149]" classname="org.apache.hadoop.hive.ql.io.parquet.serde.TestParquetTimestampsHive2Compatibility" time="0"/>
  <testcase name="testWriteHive2ReadHive4UsingLegacyConversion(String)[2150]" classname="org.apache.hadoop.hive.ql.io.parquet.serde.TestParquetTimestampsHive2Compatibility" time="0"/>
  <testcase name="testWriteHive2ReadHive4UsingLegacyConversion(String)[2151]" classname="org.apache.hadoop.hive.ql.io.parquet.serde.TestParquetTimestampsHive2Compatibility" time="0"/>
  <testcase name="testWriteHive2ReadHive4UsingLegacyConversion(String)[2152]" classname="org.apache.hadoop.hive.ql.io.parquet.serde.TestParquetTimestampsHive2Compatibility" time="0"/>
  <testcase name="testWriteHive2ReadHive4UsingLegacyConversion(String)[2153]" classname="org.apache.hadoop.hive.ql.io.parquet.serde.TestParquetTimestampsHive2Compatibility" time="0"/>
  <testcase name="testWriteHive2ReadHive4UsingLegacyConversion(String)[2154]" classname="org.apache.hadoop.hive.ql.io.parquet.serde.TestParquetTimestampsHive2Compatibility" time="0"/>
  <testcase name="testWriteHive2ReadHive4UsingLegacyConversion(String)[2155]" classname="org.apache.hadoop.hive.ql.io.parquet.serde.TestParquetTimestampsHive2Compatibility" time="0.001"/>
  <testcase name="testWriteHive2ReadHive4UsingLegacyConversion(String)[2156]" classname="org.apache.hadoop.hive.ql.io.parquet.serde.TestParquetTimestampsHive2Compatibility" time="0"/>
  <testcase name="testWriteHive2ReadHive4UsingLegacyConversion(String)[2157]" classname="org.apache.hadoop.hive.ql.io.parquet.serde.TestParquetTimestampsHive2Compatibility" time="0"/>
  <testcase name="testWriteHive2ReadHive4UsingLegacyConversion(String)[2158]" classname="org.apache.hadoop.hive.ql.io.parquet.serde.TestParquetTimestampsHive2Compatibility" time="0"/>
  <testcase name="testWriteHive2ReadHive4UsingLegacyConversion(String)[2159]" classname="org.apache.hadoop.hive.ql.io.parquet.serde.TestParquetTimestampsHive2Compatibility" time="0"/>
  <testcase name="testWriteHive2ReadHive4UsingLegacyConversion(String)[2160]" classname="org.apache.hadoop.hive.ql.io.parquet.serde.TestParquetTimestampsHive2Compatibility" time="0"/>
  <testcase name="testWriteHive2ReadHive4UsingLegacyConversion(String)[2161]" classname="org.apache.hadoop.hive.ql.io.parquet.serde.TestParquetTimestampsHive2Compatibility" time="0"/>
  <testcase name="testWriteHive2ReadHive4UsingLegacyConversion(String)[2162]" classname="org.apache.hadoop.hive.ql.io.parquet.serde.TestParquetTimestampsHive2Compatibility" time="0"/>
  <testcase name="testWriteHive2ReadHive4UsingLegacyConversion(String)[2163]" classname="org.apache.hadoop.hive.ql.io.parquet.serde.TestParquetTimestampsHive2Compatibility" time="0"/>
  <testcase name="testWriteHive2ReadHive4UsingLegacyConversion(String)[2164]" classname="org.apache.hadoop.hive.ql.io.parquet.serde.TestParquetTimestampsHive2Compatibility" time="0"/>
  <testcase name="testWriteHive2ReadHive4UsingLegacyConversion(String)[2165]" classname="org.apache.hadoop.hive.ql.io.parquet.serde.TestParquetTimestampsHive2Compatibility" time="0"/>
  <testcase name="testWriteHive2ReadHive4UsingLegacyConversion(String)[2166]" classname="org.apache.hadoop.hive.ql.io.parquet.serde.TestParquetTimestampsHive2Compatibility" time="0"/>
  <testcase name="testWriteHive2ReadHive4UsingLegacyConversion(String)[2167]" classname="org.apache.hadoop.hive.ql.io.parquet.serde.TestParquetTimestampsHive2Compatibility" time="0"/>
  <testcase name="testWriteHive2ReadHive4UsingLegacyConversion(String)[2168]" classname="org.apache.hadoop.hive.ql.io.parquet.serde.TestParquetTimestampsHive2Compatibility" time="0"/>
  <testcase name="testWriteHive2ReadHive4UsingLegacyConversion(String)[2169]" classname="org.apache.hadoop.hive.ql.io.parquet.serde.TestParquetTimestampsHive2Compatibility" time="0"/>
  <testcase name="testWriteHive2ReadHive4UsingLegacyConversion(String)[2170]" classname="org.apache.hadoop.hive.ql.io.parquet.serde.TestParquetTimestampsHive2Compatibility" time="0"/>
  <testcase name="testWriteHive2ReadHive4UsingLegacyConversion(String)[2171]" classname="org.apache.hadoop.hive.ql.io.parquet.serde.TestParquetTimestampsHive2Compatibility" time="0"/>
  <testcase name="testWriteHive2ReadHive4UsingLegacyConversion(String)[2172]" classname="org.apache.hadoop.hive.ql.io.parquet.serde.TestParquetTimestampsHive2Compatibility" time="0"/>
  <testcase name="testWriteHive2ReadHive4UsingLegacyConversion(String)[2173]" classname="org.apache.hadoop.hive.ql.io.parquet.serde.TestParquetTimestampsHive2Compatibility" time="0"/>
  <testcase name="testWriteHive2ReadHive4UsingLegacyConversion(String)[2174]" classname="org.apache.hadoop.hive.ql.io.parquet.serde.TestParquetTimestampsHive2Compatibility" time="0"/>
  <testcase name="testWriteHive2ReadHive4UsingLegacyConversion(String)[2175]" classname="org.apache.hadoop.hive.ql.io.parquet.serde.TestParquetTimestampsHive2Compatibility" time="0"/>
  <testcase name="testWriteHive2ReadHive4UsingLegacyConversion(String)[2176]" classname="org.apache.hadoop.hive.ql.io.parquet.serde.TestParquetTimestampsHive2Compatibility" time="0"/>
  <testcase name="testWriteHive2ReadHive4UsingLegacyConversion(String)[2177]" classname="org.apache.hadoop.hive.ql.io.parquet.serde.TestParquetTimestampsHive2Compatibility" time="0.001"/>
  <testcase name="testWriteHive2ReadHive4UsingLegacyConversion(String)[2178]" classname="org.apache.hadoop.hive.ql.io.parquet.serde.TestParquetTimestampsHive2Compatibility" time="0"/>
  <testcase name="testWriteHive2ReadHive4UsingLegacyConversion(String)[2179]" classname="org.apache.hadoop.hive.ql.io.parquet.serde.TestParquetTimestampsHive2Compatibility" time="0"/>
  <testcase name="testWriteHive2ReadHive4UsingLegacyConversion(String)[2180]" classname="org.apache.hadoop.hive.ql.io.parquet.serde.TestParquetTimestampsHive2Compatibility" time="0.001"/>
  <testcase name="testWriteHive2ReadHive4UsingLegacyConversion(String)[2181]" classname="org.apache.hadoop.hive.ql.io.parquet.serde.TestParquetTimestampsHive2Compatibility" time="0"/>
  <testcase name="testWriteHive2ReadHive4UsingLegacyConversion(String)[2182]" classname="org.apache.hadoop.hive.ql.io.parquet.serde.TestParquetTimestampsHive2Compatibility" time="0"/>
  <testcase name="testWriteHive2ReadHive4UsingLegacyConversion(String)[2183]" classname="org.apache.hadoop.hive.ql.io.parquet.serde.TestParquetTimestampsHive2Compatibility" time="0"/>
  <testcase name="testWriteHive2ReadHive4UsingLegacyConversion(String)[2184]" classname="org.apache.hadoop.hive.ql.io.parquet.serde.TestParquetTimestampsHive2Compatibility" time="0"/>
  <testcase name="testWriteHive2ReadHive4UsingLegacyConversion(String)[2185]" classname="org.apache.hadoop.hive.ql.io.parquet.serde.TestParquetTimestampsHive2Compatibility" time="0"/>
  <testcase name="testWriteHive2ReadHive4UsingLegacyConversion(String)[2186]" classname="org.apache.hadoop.hive.ql.io.parquet.serde.TestParquetTimestampsHive2Compatibility" time="0"/>
  <testcase name="testWriteHive2ReadHive4UsingLegacyConversion(String)[2187]" classname="org.apache.hadoop.hive.ql.io.parquet.serde.TestParquetTimestampsHive2Compatibility" time="0.001"/>
  <testcase name="testWriteHive2ReadHive4UsingLegacyConversion(String)[2188]" classname="org.apache.hadoop.hive.ql.io.parquet.serde.TestParquetTimestampsHive2Compatibility" time="0"/>
  <testcase name="testWriteHive2ReadHive4UsingLegacyConversion(String)[2189]" classname="org.apache.hadoop.hive.ql.io.parquet.serde.TestParquetTimestampsHive2Compatibility" time="0"/>
  <testcase name="testWriteHive2ReadHive4UsingLegacyConversion(String)[2190]" classname="org.apache.hadoop.hive.ql.io.parquet.serde.TestParquetTimestampsHive2Compatibility" time="0"/>
  <testcase name="testWriteHive2ReadHive4UsingLegacyConversion(String)[2191]" classname="org.apache.hadoop.hive.ql.io.parquet.serde.TestParquetTimestampsHive2Compatibility" time="0"/>
  <testcase name="testWriteHive2ReadHive4UsingLegacyConversion(String)[2192]" classname="org.apache.hadoop.hive.ql.io.parquet.serde.TestParquetTimestampsHive2Compatibility" time="0"/>
  <testcase name="testWriteHive2ReadHive4UsingLegacyConversion(String)[2193]" classname="org.apache.hadoop.hive.ql.io.parquet.serde.TestParquetTimestampsHive2Compatibility" time="0"/>
  <testcase name="testWriteHive2ReadHive4UsingLegacyConversion(String)[2194]" classname="org.apache.hadoop.hive.ql.io.parquet.serde.TestParquetTimestampsHive2Compatibility" time="0.001"/>
  <testcase name="testWriteHive2ReadHive4UsingLegacyConversion(String)[2195]" classname="org.apache.hadoop.hive.ql.io.parquet.serde.TestParquetTimestampsHive2Compatibility" time="0"/>
  <testcase name="testWriteHive2ReadHive4UsingLegacyConversion(String)[2196]" classname="org.apache.hadoop.hive.ql.io.parquet.serde.TestParquetTimestampsHive2Compatibility" time="0"/>
  <testcase name="testWriteHive2ReadHive4UsingLegacyConversion(String)[2197]" classname="org.apache.hadoop.hive.ql.io.parquet.serde.TestParquetTimestampsHive2Compatibility" time="0"/>
  <testcase name="testWriteHive2ReadHive4UsingLegacyConversion(String)[2198]" classname="org.apache.hadoop.hive.ql.io.parquet.serde.TestParquetTimestampsHive2Compatibility" time="0"/>
  <testcase name="testWriteHive2ReadHive4UsingLegacyConversion(String)[2199]" classname="org.apache.hadoop.hive.ql.io.parquet.serde.TestParquetTimestampsHive2Compatibility" time="0"/>
  <testcase name="testWriteHive2ReadHive4UsingLegacyConversion(String)[2200]" classname="org.apache.hadoop.hive.ql.io.parquet.serde.TestParquetTimestampsHive2Compatibility" time="0"/>
  <testcase name="testWriteHive2ReadHive4UsingLegacyConversion(String)[2201]" classname="org.apache.hadoop.hive.ql.io.parquet.serde.TestParquetTimestampsHive2Compatibility" time="0"/>
  <testcase name="testWriteHive2ReadHive4UsingLegacyConversion(String)[2202]" classname="org.apache.hadoop.hive.ql.io.parquet.serde.TestParquetTimestampsHive2Compatibility" time="0"/>
  <testcase name="testWriteHive2ReadHive4UsingLegacyConversion(String)[2203]" classname="org.apache.hadoop.hive.ql.io.parquet.serde.TestParquetTimestampsHive2Compatibility" time="0"/>
  <testcase name="testWriteHive2ReadHive4UsingLegacyConversion(String)[2204]" classname="org.apache.hadoop.hive.ql.io.parquet.serde.TestParquetTimestampsHive2Compatibility" time="0"/>
  <testcase name="testWriteHive2ReadHive4UsingLegacyConversion(String)[2205]" classname="org.apache.hadoop.hive.ql.io.parquet.serde.TestParquetTimestampsHive2Compatibility" time="0.001"/>
  <testcase name="testWriteHive2ReadHive4UsingLegacyConversion(String)[2206]" classname="org.apache.hadoop.hive.ql.io.parquet.serde.TestParquetTimestampsHive2Compatibility" time="0"/>
  <testcase name="testWriteHive2ReadHive4UsingLegacyConversion(String)[2207]" classname="org.apache.hadoop.hive.ql.io.parquet.serde.TestParquetTimestampsHive2Compatibility" time="0"/>
  <testcase name="testWriteHive2ReadHive4UsingLegacyConversion(String)[2208]" classname="org.apache.hadoop.hive.ql.io.parquet.serde.TestParquetTimestampsHive2Compatibility" time="0"/>
  <testcase name="testWriteHive2ReadHive4UsingLegacyConversion(String)[2209]" classname="org.apache.hadoop.hive.ql.io.parquet.serde.TestParquetTimestampsHive2Compatibility" time="0.001"/>
  <testcase name="testWriteHive2ReadHive4UsingLegacyConversion(String)[2210]" classname="org.apache.hadoop.hive.ql.io.parquet.serde.TestParquetTimestampsHive2Compatibility" time="0"/>
  <testcase name="testWriteHive2ReadHive4UsingLegacyConversion(String)[2211]" classname="org.apache.hadoop.hive.ql.io.parquet.serde.TestParquetTimestampsHive2Compatibility" time="0"/>
  <testcase name="testWriteHive2ReadHive4UsingLegacyConversion(String)[2212]" classname="org.apache.hadoop.hive.ql.io.parquet.serde.TestParquetTimestampsHive2Compatibility" time="0.001"/>
  <testcase name="testWriteHive2ReadHive4UsingLegacyConversion(String)[2213]" classname="org.apache.hadoop.hive.ql.io.parquet.serde.TestParquetTimestampsHive2Compatibility" time="0"/>
  <testcase name="testWriteHive2ReadHive4UsingLegacyConversion(String)[2214]" classname="org.apache.hadoop.hive.ql.io.parquet.serde.TestParquetTimestampsHive2Compatibility" time="0"/>
  <testcase name="testWriteHive2ReadHive4UsingLegacyConversion(String)[2215]" classname="org.apache.hadoop.hive.ql.io.parquet.serde.TestParquetTimestampsHive2Compatibility" time="0"/>
  <testcase name="testWriteHive2ReadHive4UsingLegacyConversion(String)[2216]" classname="org.apache.hadoop.hive.ql.io.parquet.serde.TestParquetTimestampsHive2Compatibility" time="0"/>
  <testcase name="testWriteHive2ReadHive4UsingLegacyConversion(String)[2217]" classname="org.apache.hadoop.hive.ql.io.parquet.serde.TestParquetTimestampsHive2Compatibility" time="0"/>
  <testcase name="testWriteHive2ReadHive4UsingLegacyConversion(String)[2218]" classname="org.apache.hadoop.hive.ql.io.parquet.serde.TestParquetTimestampsHive2Compatibility" time="0"/>
  <testcase name="testWriteHive2ReadHive4UsingLegacyConversion(String)[2219]" classname="org.apache.hadoop.hive.ql.io.parquet.serde.TestParquetTimestampsHive2Compatibility" time="0"/>
  <testcase name="testWriteHive2ReadHive4UsingLegacyConversion(String)[2220]" classname="org.apache.hadoop.hive.ql.io.parquet.serde.TestParquetTimestampsHive2Compatibility" time="0"/>
  <testcase name="testWriteHive2ReadHive4UsingLegacyConversion(String)[2221]" classname="org.apache.hadoop.hive.ql.io.parquet.serde.TestParquetTimestampsHive2Compatibility" time="0"/>
  <testcase name="testWriteHive2ReadHive4UsingLegacyConversion(String)[2222]" classname="org.apache.hadoop.hive.ql.io.parquet.serde.TestParquetTimestampsHive2Compatibility" time="0"/>
  <testcase name="testWriteHive2ReadHive4UsingLegacyConversion(String)[2223]" classname="org.apache.hadoop.hive.ql.io.parquet.serde.TestParquetTimestampsHive2Compatibility" time="0.001"/>
  <testcase name="testWriteHive2ReadHive4UsingLegacyConversion(String)[2224]" classname="org.apache.hadoop.hive.ql.io.parquet.serde.TestParquetTimestampsHive2Compatibility" time="0"/>
  <testcase name="testWriteHive2ReadHive4UsingLegacyConversion(String)[2225]" classname="org.apache.hadoop.hive.ql.io.parquet.serde.TestParquetTimestampsHive2Compatibility" time="0"/>
  <testcase name="testWriteHive2ReadHive4UsingLegacyConversion(String)[2226]" classname="org.apache.hadoop.hive.ql.io.parquet.serde.TestParquetTimestampsHive2Compatibility" time="0"/>
  <testcase name="testWriteHive2ReadHive4UsingLegacyConversion(String)[2227]" classname="org.apache.hadoop.hive.ql.io.parquet.serde.TestParquetTimestampsHive2Compatibility" time="0.001"/>
  <testcase name="testWriteHive2ReadHive4UsingLegacyConversion(String)[2228]" classname="org.apache.hadoop.hive.ql.io.parquet.serde.TestParquetTimestampsHive2Compatibility" time="0"/>
  <testcase name="testWriteHive2ReadHive4UsingLegacyConversion(String)[2229]" classname="org.apache.hadoop.hive.ql.io.parquet.serde.TestParquetTimestampsHive2Compatibility" time="0"/>
  <testcase name="testWriteHive2ReadHive4UsingLegacyConversion(String)[2230]" classname="org.apache.hadoop.hive.ql.io.parquet.serde.TestParquetTimestampsHive2Compatibility" time="0.001"/>
  <testcase name="testWriteHive2ReadHive4UsingLegacyConversion(String)[2231]" classname="org.apache.hadoop.hive.ql.io.parquet.serde.TestParquetTimestampsHive2Compatibility" time="0"/>
  <testcase name="testWriteHive2ReadHive4UsingLegacyConversion(String)[2232]" classname="org.apache.hadoop.hive.ql.io.parquet.serde.TestParquetTimestampsHive2Compatibility" time="0"/>
  <testcase name="testWriteHive2ReadHive4UsingLegacyConversion(String)[2233]" classname="org.apache.hadoop.hive.ql.io.parquet.serde.TestParquetTimestampsHive2Compatibility" time="0"/>
  <testcase name="testWriteHive2ReadHive4UsingLegacyConversion(String)[2234]" classname="org.apache.hadoop.hive.ql.io.parquet.serde.TestParquetTimestampsHive2Compatibility" time="0.001"/>
  <testcase name="testWriteHive2ReadHive4UsingLegacyConversion(String)[2235]" classname="org.apache.hadoop.hive.ql.io.parquet.serde.TestParquetTimestampsHive2Compatibility" time="0"/>
  <testcase name="testWriteHive2ReadHive4UsingLegacyConversion(String)[2236]" classname="org.apache.hadoop.hive.ql.io.parquet.serde.TestParquetTimestampsHive2Compatibility" time="0"/>
  <testcase name="testWriteHive2ReadHive4UsingLegacyConversion(String)[2237]" classname="org.apache.hadoop.hive.ql.io.parquet.serde.TestParquetTimestampsHive2Compatibility" time="0"/>
  <testcase name="testWriteHive2ReadHive4UsingLegacyConversion(String)[2238]" classname="org.apache.hadoop.hive.ql.io.parquet.serde.TestParquetTimestampsHive2Compatibility" time="0"/>
  <testcase name="testWriteHive2ReadHive4UsingLegacyConversion(String)[2239]" classname="org.apache.hadoop.hive.ql.io.parquet.serde.TestParquetTimestampsHive2Compatibility" time="0"/>
  <testcase name="testWriteHive2ReadHive4UsingLegacyConversion(String)[2240]" classname="org.apache.hadoop.hive.ql.io.parquet.serde.TestParquetTimestampsHive2Compatibility" time="0"/>
  <testcase name="testWriteHive2ReadHive4UsingLegacyConversion(String)[2241]" classname="org.apache.hadoop.hive.ql.io.parquet.serde.TestParquetTimestampsHive2Compatibility" time="0.001"/>
  <testcase name="testWriteHive2ReadHive4UsingLegacyConversion(String)[2242]" classname="org.apache.hadoop.hive.ql.io.parquet.serde.TestParquetTimestampsHive2Compatibility" time="0"/>
  <testcase name="testWriteHive2ReadHive4UsingLegacyConversion(String)[2243]" classname="org.apache.hadoop.hive.ql.io.parquet.serde.TestParquetTimestampsHive2Compatibility" time="0"/>
  <testcase name="testWriteHive2ReadHive4UsingLegacyConversion(String)[2244]" classname="org.apache.hadoop.hive.ql.io.parquet.serde.TestParquetTimestampsHive2Compatibility" time="0"/>
  <testcase name="testWriteHive2ReadHive4UsingLegacyConversion(String)[2245]" classname="org.apache.hadoop.hive.ql.io.parquet.serde.TestParquetTimestampsHive2Compatibility" time="0"/>
  <testcase name="testWriteHive2ReadHive4UsingLegacyConversion(String)[2246]" classname="org.apache.hadoop.hive.ql.io.parquet.serde.TestParquetTimestampsHive2Compatibility" time="0"/>
  <testcase name="testWriteHive2ReadHive4UsingLegacyConversion(String)[2247]" classname="org.apache.hadoop.hive.ql.io.parquet.serde.TestParquetTimestampsHive2Compatibility" time="0"/>
  <testcase name="testWriteHive2ReadHive4UsingLegacyConversion(String)[2248]" classname="org.apache.hadoop.hive.ql.io.parquet.serde.TestParquetTimestampsHive2Compatibility" time="0"/>
  <testcase name="testWriteHive2ReadHive4UsingLegacyConversion(String)[2249]" classname="org.apache.hadoop.hive.ql.io.parquet.serde.TestParquetTimestampsHive2Compatibility" time="0"/>
  <testcase name="testWriteHive2ReadHive4UsingLegacyConversion(String)[2250]" classname="org.apache.hadoop.hive.ql.io.parquet.serde.TestParquetTimestampsHive2Compatibility" time="0"/>
  <testcase name="testWriteHive2ReadHive4UsingLegacyConversion(String)[2251]" classname="org.apache.hadoop.hive.ql.io.parquet.serde.TestParquetTimestampsHive2Compatibility" time="0"/>
  <testcase name="testWriteHive2ReadHive4UsingLegacyConversion(String)[2252]" classname="org.apache.hadoop.hive.ql.io.parquet.serde.TestParquetTimestampsHive2Compatibility" time="0"/>
  <testcase name="testWriteHive2ReadHive4UsingLegacyConversion(String)[2253]" classname="org.apache.hadoop.hive.ql.io.parquet.serde.TestParquetTimestampsHive2Compatibility" time="0"/>
  <testcase name="testWriteHive2ReadHive4UsingLegacyConversion(String)[2254]" classname="org.apache.hadoop.hive.ql.io.parquet.serde.TestParquetTimestampsHive2Compatibility" time="0"/>
  <testcase name="testWriteHive2ReadHive4UsingLegacyConversion(String)[2255]" classname="org.apache.hadoop.hive.ql.io.parquet.serde.TestParquetTimestampsHive2Compatibility" time="0"/>
  <testcase name="testWriteHive2ReadHive4UsingLegacyConversion(String)[2256]" classname="org.apache.hadoop.hive.ql.io.parquet.serde.TestParquetTimestampsHive2Compatibility" time="0.001"/>
  <testcase name="testWriteHive2ReadHive4UsingLegacyConversion(String)[2257]" classname="org.apache.hadoop.hive.ql.io.parquet.serde.TestParquetTimestampsHive2Compatibility" time="0"/>
  <testcase name="testWriteHive2ReadHive4UsingLegacyConversion(String)[2258]" classname="org.apache.hadoop.hive.ql.io.parquet.serde.TestParquetTimestampsHive2Compatibility" time="0"/>
  <testcase name="testWriteHive2ReadHive4UsingLegacyConversion(String)[2259]" classname="org.apache.hadoop.hive.ql.io.parquet.serde.TestParquetTimestampsHive2Compatibility" time="0"/>
  <testcase name="testWriteHive2ReadHive4UsingLegacyConversion(String)[2260]" classname="org.apache.hadoop.hive.ql.io.parquet.serde.TestParquetTimestampsHive2Compatibility" time="0.001"/>
  <testcase name="testWriteHive2ReadHive4UsingLegacyConversion(String)[2261]" classname="org.apache.hadoop.hive.ql.io.parquet.serde.TestParquetTimestampsHive2Compatibility" time="0"/>
  <testcase name="testWriteHive2ReadHive4UsingLegacyConversion(String)[2262]" classname="org.apache.hadoop.hive.ql.io.parquet.serde.TestParquetTimestampsHive2Compatibility" time="0"/>
  <testcase name="testWriteHive2ReadHive4UsingLegacyConversion(String)[2263]" classname="org.apache.hadoop.hive.ql.io.parquet.serde.TestParquetTimestampsHive2Compatibility" time="0"/>
  <testcase name="testWriteHive2ReadHive4UsingLegacyConversion(String)[2264]" classname="org.apache.hadoop.hive.ql.io.parquet.serde.TestParquetTimestampsHive2Compatibility" time="0"/>
  <testcase name="testWriteHive2ReadHive4UsingLegacyConversion(String)[2265]" classname="org.apache.hadoop.hive.ql.io.parquet.serde.TestParquetTimestampsHive2Compatibility" time="0"/>
  <testcase name="testWriteHive2ReadHive4UsingLegacyConversion(String)[2266]" classname="org.apache.hadoop.hive.ql.io.parquet.serde.TestParquetTimestampsHive2Compatibility" time="0"/>
  <testcase name="testWriteHive2ReadHive4UsingLegacyConversion(String)[2267]" classname="org.apache.hadoop.hive.ql.io.parquet.serde.TestParquetTimestampsHive2Compatibility" time="0"/>
  <testcase name="testWriteHive2ReadHive4UsingLegacyConversion(String)[2268]" classname="org.apache.hadoop.hive.ql.io.parquet.serde.TestParquetTimestampsHive2Compatibility" time="0"/>
  <testcase name="testWriteHive2ReadHive4UsingLegacyConversion(String)[2269]" classname="org.apache.hadoop.hive.ql.io.parquet.serde.TestParquetTimestampsHive2Compatibility" time="0"/>
  <testcase name="testWriteHive2ReadHive4UsingLegacyConversion(String)[2270]" classname="org.apache.hadoop.hive.ql.io.parquet.serde.TestParquetTimestampsHive2Compatibility" time="0"/>
  <testcase name="testWriteHive2ReadHive4UsingLegacyConversion(String)[2271]" classname="org.apache.hadoop.hive.ql.io.parquet.serde.TestParquetTimestampsHive2Compatibility" time="0"/>
  <testcase name="testWriteHive2ReadHive4UsingLegacyConversion(String)[2272]" classname="org.apache.hadoop.hive.ql.io.parquet.serde.TestParquetTimestampsHive2Compatibility" time="0"/>
  <testcase name="testWriteHive2ReadHive4UsingLegacyConversion(String)[2273]" classname="org.apache.hadoop.hive.ql.io.parquet.serde.TestParquetTimestampsHive2Compatibility" time="0"/>
  <testcase name="testWriteHive2ReadHive4UsingLegacyConversion(String)[2274]" classname="org.apache.hadoop.hive.ql.io.parquet.serde.TestParquetTimestampsHive2Compatibility" time="0"/>
  <testcase name="testWriteHive2ReadHive4UsingLegacyConversion(String)[2275]" classname="org.apache.hadoop.hive.ql.io.parquet.serde.TestParquetTimestampsHive2Compatibility" time="0.001"/>
  <testcase name="testWriteHive2ReadHive4UsingLegacyConversion(String)[2276]" classname="org.apache.hadoop.hive.ql.io.parquet.serde.TestParquetTimestampsHive2Compatibility" time="0"/>
  <testcase name="testWriteHive2ReadHive4UsingLegacyConversion(String)[2277]" classname="org.apache.hadoop.hive.ql.io.parquet.serde.TestParquetTimestampsHive2Compatibility" time="0"/>
  <testcase name="testWriteHive2ReadHive4UsingLegacyConversion(String)[2278]" classname="org.apache.hadoop.hive.ql.io.parquet.serde.TestParquetTimestampsHive2Compatibility" time="0"/>
  <testcase name="testWriteHive2ReadHive4UsingLegacyConversion(String)[2279]" classname="org.apache.hadoop.hive.ql.io.parquet.serde.TestParquetTimestampsHive2Compatibility" time="0.001"/>
  <testcase name="testWriteHive2ReadHive4UsingLegacyConversion(String)[2280]" classname="org.apache.hadoop.hive.ql.io.parquet.serde.TestParquetTimestampsHive2Compatibility" time="0"/>
  <testcase name="testWriteHive2ReadHive4UsingLegacyConversion(String)[2281]" classname="org.apache.hadoop.hive.ql.io.parquet.serde.TestParquetTimestampsHive2Compatibility" time="0"/>
  <testcase name="testWriteHive2ReadHive4UsingLegacyConversion(String)[2282]" classname="org.apache.hadoop.hive.ql.io.parquet.serde.TestParquetTimestampsHive2Compatibility" time="0"/>
  <testcase name="testWriteHive2ReadHive4UsingLegacyConversion(String)[2283]" classname="org.apache.hadoop.hive.ql.io.parquet.serde.TestParquetTimestampsHive2Compatibility" time="0"/>
  <testcase name="testWriteHive2ReadHive4UsingLegacyConversion(String)[2284]" classname="org.apache.hadoop.hive.ql.io.parquet.serde.TestParquetTimestampsHive2Compatibility" time="0"/>
  <testcase name="testWriteHive2ReadHive4UsingLegacyConversion(String)[2285]" classname="org.apache.hadoop.hive.ql.io.parquet.serde.TestParquetTimestampsHive2Compatibility" time="0"/>
  <testcase name="testWriteHive2ReadHive4UsingLegacyConversion(String)[2286]" classname="org.apache.hadoop.hive.ql.io.parquet.serde.TestParquetTimestampsHive2Compatibility" time="0.001"/>
  <testcase name="testWriteHive2ReadHive4UsingLegacyConversion(String)[2287]" classname="org.apache.hadoop.hive.ql.io.parquet.serde.TestParquetTimestampsHive2Compatibility" time="0"/>
  <testcase name="testWriteHive2ReadHive4UsingLegacyConversion(String)[2288]" classname="org.apache.hadoop.hive.ql.io.parquet.serde.TestParquetTimestampsHive2Compatibility" time="0"/>
  <testcase name="testWriteHive2ReadHive4UsingLegacyConversion(String)[2289]" classname="org.apache.hadoop.hive.ql.io.parquet.serde.TestParquetTimestampsHive2Compatibility" time="0"/>
  <testcase name="testWriteHive2ReadHive4UsingLegacyConversion(String)[2290]" classname="org.apache.hadoop.hive.ql.io.parquet.serde.TestParquetTimestampsHive2Compatibility" time="0.001"/>
  <testcase name="testWriteHive2ReadHive4UsingLegacyConversion(String)[2291]" classname="org.apache.hadoop.hive.ql.io.parquet.serde.TestParquetTimestampsHive2Compatibility" time="0"/>
  <testcase name="testWriteHive2ReadHive4UsingLegacyConversion(String)[2292]" classname="org.apache.hadoop.hive.ql.io.parquet.serde.TestParquetTimestampsHive2Compatibility" time="0"/>
  <testcase name="testWriteHive2ReadHive4UsingLegacyConversion(String)[2293]" classname="org.apache.hadoop.hive.ql.io.parquet.serde.TestParquetTimestampsHive2Compatibility" time="0.001"/>
  <testcase name="testWriteHive2ReadHive4UsingLegacyConversion(String)[2294]" classname="org.apache.hadoop.hive.ql.io.parquet.serde.TestParquetTimestampsHive2Compatibility" time="0"/>
  <testcase name="testWriteHive2ReadHive4UsingLegacyConversion(String)[2295]" classname="org.apache.hadoop.hive.ql.io.parquet.serde.TestParquetTimestampsHive2Compatibility" time="0"/>
  <testcase name="testWriteHive2ReadHive4UsingLegacyConversion(String)[2296]" classname="org.apache.hadoop.hive.ql.io.parquet.serde.TestParquetTimestampsHive2Compatibility" time="0.001"/>
  <testcase name="testWriteHive2ReadHive4UsingLegacyConversion(String)[2297]" classname="org.apache.hadoop.hive.ql.io.parquet.serde.TestParquetTimestampsHive2Compatibility" time="0"/>
  <testcase name="testWriteHive2ReadHive4UsingLegacyConversion(String)[2298]" classname="org.apache.hadoop.hive.ql.io.parquet.serde.TestParquetTimestampsHive2Compatibility" time="0"/>
  <testcase name="testWriteHive2ReadHive4UsingLegacyConversion(String)[2299]" classname="org.apache.hadoop.hive.ql.io.parquet.serde.TestParquetTimestampsHive2Compatibility" time="0"/>
  <testcase name="testWriteHive2ReadHive4UsingLegacyConversion(String)[2300]" classname="org.apache.hadoop.hive.ql.io.parquet.serde.TestParquetTimestampsHive2Compatibility" time="0.001"/>
  <testcase name="testWriteHive2ReadHive4UsingLegacyConversion(String)[2301]" classname="org.apache.hadoop.hive.ql.io.parquet.serde.TestParquetTimestampsHive2Compatibility" time="0"/>
  <testcase name="testWriteHive2ReadHive4UsingLegacyConversion(String)[2302]" classname="org.apache.hadoop.hive.ql.io.parquet.serde.TestParquetTimestampsHive2Compatibility" time="0"/>
  <testcase name="testWriteHive2ReadHive4UsingLegacyConversion(String)[2303]" classname="org.apache.hadoop.hive.ql.io.parquet.serde.TestParquetTimestampsHive2Compatibility" time="0"/>
  <testcase name="testWriteHive2ReadHive4UsingLegacyConversion(String)[2304]" classname="org.apache.hadoop.hive.ql.io.parquet.serde.TestParquetTimestampsHive2Compatibility" time="0.001"/>
  <testcase name="testWriteHive2ReadHive4UsingLegacyConversion(String)[2305]" classname="org.apache.hadoop.hive.ql.io.parquet.serde.TestParquetTimestampsHive2Compatibility" time="0"/>
  <testcase name="testWriteHive2ReadHive4UsingLegacyConversion(String)[2306]" classname="org.apache.hadoop.hive.ql.io.parquet.serde.TestParquetTimestampsHive2Compatibility" time="0"/>
  <testcase name="testWriteHive2ReadHive4UsingLegacyConversion(String)[2307]" classname="org.apache.hadoop.hive.ql.io.parquet.serde.TestParquetTimestampsHive2Compatibility" time="0"/>
  <testcase name="testWriteHive2ReadHive4UsingLegacyConversion(String)[2308]" classname="org.apache.hadoop.hive.ql.io.parquet.serde.TestParquetTimestampsHive2Compatibility" time="0.001"/>
  <testcase name="testWriteHive2ReadHive4UsingLegacyConversion(String)[2309]" classname="org.apache.hadoop.hive.ql.io.parquet.serde.TestParquetTimestampsHive2Compatibility" time="0"/>
  <testcase name="testWriteHive2ReadHive4UsingLegacyConversion(String)[2310]" classname="org.apache.hadoop.hive.ql.io.parquet.serde.TestParquetTimestampsHive2Compatibility" time="0"/>
  <testcase name="testWriteHive2ReadHive4UsingLegacyConversion(String)[2311]" classname="org.apache.hadoop.hive.ql.io.parquet.serde.TestParquetTimestampsHive2Compatibility" time="0"/>
  <testcase name="testWriteHive2ReadHive4UsingLegacyConversion(String)[2312]" classname="org.apache.hadoop.hive.ql.io.parquet.serde.TestParquetTimestampsHive2Compatibility" time="0.001"/>
  <testcase name="testWriteHive2ReadHive4UsingLegacyConversion(String)[2313]" classname="org.apache.hadoop.hive.ql.io.parquet.serde.TestParquetTimestampsHive2Compatibility" time="0"/>
  <testcase name="testWriteHive2ReadHive4UsingLegacyConversion(String)[2314]" classname="org.apache.hadoop.hive.ql.io.parquet.serde.TestParquetTimestampsHive2Compatibility" time="0"/>
  <testcase name="testWriteHive2ReadHive4UsingLegacyConversion(String)[2315]" classname="org.apache.hadoop.hive.ql.io.parquet.serde.TestParquetTimestampsHive2Compatibility" time="0.001"/>
  <testcase name="testWriteHive2ReadHive4UsingLegacyConversion(String)[2316]" classname="org.apache.hadoop.hive.ql.io.parquet.serde.TestParquetTimestampsHive2Compatibility" time="0"/>
  <testcase name="testWriteHive2ReadHive4UsingLegacyConversion(String)[2317]" classname="org.apache.hadoop.hive.ql.io.parquet.serde.TestParquetTimestampsHive2Compatibility" time="0"/>
  <testcase name="testWriteHive2ReadHive4UsingLegacyConversion(String)[2318]" classname="org.apache.hadoop.hive.ql.io.parquet.serde.TestParquetTimestampsHive2Compatibility" time="0"/>
  <testcase name="testWriteHive2ReadHive4UsingLegacyConversion(String)[2319]" classname="org.apache.hadoop.hive.ql.io.parquet.serde.TestParquetTimestampsHive2Compatibility" time="0"/>
  <testcase name="testWriteHive2ReadHive4UsingLegacyConversion(String)[2320]" classname="org.apache.hadoop.hive.ql.io.parquet.serde.TestParquetTimestampsHive2Compatibility" time="0"/>
  <testcase name="testWriteHive2ReadHive4UsingLegacyConversion(String)[2321]" classname="org.apache.hadoop.hive.ql.io.parquet.serde.TestParquetTimestampsHive2Compatibility" time="0"/>
  <testcase name="testWriteHive2ReadHive4UsingLegacyConversion(String)[2322]" classname="org.apache.hadoop.hive.ql.io.parquet.serde.TestParquetTimestampsHive2Compatibility" time="0.001"/>
  <testcase name="testWriteHive2ReadHive4UsingLegacyConversion(String)[2323]" classname="org.apache.hadoop.hive.ql.io.parquet.serde.TestParquetTimestampsHive2Compatibility" time="0"/>
  <testcase name="testWriteHive2ReadHive4UsingLegacyConversion(String)[2324]" classname="org.apache.hadoop.hive.ql.io.parquet.serde.TestParquetTimestampsHive2Compatibility" time="0"/>
  <testcase name="testWriteHive2ReadHive4UsingLegacyConversion(String)[2325]" classname="org.apache.hadoop.hive.ql.io.parquet.serde.TestParquetTimestampsHive2Compatibility" time="0"/>
  <testcase name="testWriteHive2ReadHive4UsingLegacyConversion(String)[2326]" classname="org.apache.hadoop.hive.ql.io.parquet.serde.TestParquetTimestampsHive2Compatibility" time="0"/>
  <testcase name="testWriteHive2ReadHive4UsingLegacyConversion(String)[2327]" classname="org.apache.hadoop.hive.ql.io.parquet.serde.TestParquetTimestampsHive2Compatibility" time="0"/>
  <testcase name="testWriteHive2ReadHive4UsingLegacyConversion(String)[2328]" classname="org.apache.hadoop.hive.ql.io.parquet.serde.TestParquetTimestampsHive2Compatibility" time="0"/>
  <testcase name="testWriteHive2ReadHive4UsingLegacyConversion(String)[2329]" classname="org.apache.hadoop.hive.ql.io.parquet.serde.TestParquetTimestampsHive2Compatibility" time="0"/>
  <testcase name="testWriteHive2ReadHive4UsingLegacyConversion(String)[2330]" classname="org.apache.hadoop.hive.ql.io.parquet.serde.TestParquetTimestampsHive2Compatibility" time="0.001"/>
  <testcase name="testWriteHive2ReadHive4UsingLegacyConversion(String)[2331]" classname="org.apache.hadoop.hive.ql.io.parquet.serde.TestParquetTimestampsHive2Compatibility" time="0"/>
  <testcase name="testWriteHive2ReadHive4UsingLegacyConversion(String)[2332]" classname="org.apache.hadoop.hive.ql.io.parquet.serde.TestParquetTimestampsHive2Compatibility" time="0"/>
  <testcase name="testWriteHive2ReadHive4UsingLegacyConversion(String)[2333]" classname="org.apache.hadoop.hive.ql.io.parquet.serde.TestParquetTimestampsHive2Compatibility" time="0.001"/>
  <testcase name="testWriteHive2ReadHive4UsingLegacyConversion(String)[2334]" classname="org.apache.hadoop.hive.ql.io.parquet.serde.TestParquetTimestampsHive2Compatibility" time="0"/>
  <testcase name="testWriteHive2ReadHive4UsingLegacyConversion(String)[2335]" classname="org.apache.hadoop.hive.ql.io.parquet.serde.TestParquetTimestampsHive2Compatibility" time="0"/>
  <testcase name="testWriteHive2ReadHive4UsingLegacyConversion(String)[2336]" classname="org.apache.hadoop.hive.ql.io.parquet.serde.TestParquetTimestampsHive2Compatibility" time="0"/>
  <testcase name="testWriteHive2ReadHive4UsingLegacyConversion(String)[2337]" classname="org.apache.hadoop.hive.ql.io.parquet.serde.TestParquetTimestampsHive2Compatibility" time="0"/>
  <testcase name="testWriteHive2ReadHive4UsingLegacyConversion(String)[2338]" classname="org.apache.hadoop.hive.ql.io.parquet.serde.TestParquetTimestampsHive2Compatibility" time="0"/>
  <testcase name="testWriteHive2ReadHive4UsingLegacyConversion(String)[2339]" classname="org.apache.hadoop.hive.ql.io.parquet.serde.TestParquetTimestampsHive2Compatibility" time="0"/>
  <testcase name="testWriteHive2ReadHive4UsingLegacyConversion(String)[2340]" classname="org.apache.hadoop.hive.ql.io.parquet.serde.TestParquetTimestampsHive2Compatibility" time="0"/>
  <testcase name="testWriteHive2ReadHive4UsingLegacyConversion(String)[2341]" classname="org.apache.hadoop.hive.ql.io.parquet.serde.TestParquetTimestampsHive2Compatibility" time="0"/>
  <testcase name="testWriteHive2ReadHive4UsingLegacyConversion(String)[2342]" classname="org.apache.hadoop.hive.ql.io.parquet.serde.TestParquetTimestampsHive2Compatibility" time="0"/>
  <testcase name="testWriteHive2ReadHive4UsingLegacyConversion(String)[2343]" classname="org.apache.hadoop.hive.ql.io.parquet.serde.TestParquetTimestampsHive2Compatibility" time="0"/>
  <testcase name="testWriteHive2ReadHive4UsingLegacyConversion(String)[2344]" classname="org.apache.hadoop.hive.ql.io.parquet.serde.TestParquetTimestampsHive2Compatibility" time="0"/>
  <testcase name="testWriteHive2ReadHive4UsingLegacyConversion(String)[2345]" classname="org.apache.hadoop.hive.ql.io.parquet.serde.TestParquetTimestampsHive2Compatibility" time="0"/>
  <testcase name="testWriteHive2ReadHive4UsingLegacyConversion(String)[2346]" classname="org.apache.hadoop.hive.ql.io.parquet.serde.TestParquetTimestampsHive2Compatibility" time="0"/>
  <testcase name="testWriteHive2ReadHive4UsingLegacyConversion(String)[2347]" classname="org.apache.hadoop.hive.ql.io.parquet.serde.TestParquetTimestampsHive2Compatibility" time="0.001"/>
  <testcase name="testWriteHive2ReadHive4UsingLegacyConversion(String)[2348]" classname="org.apache.hadoop.hive.ql.io.parquet.serde.TestParquetTimestampsHive2Compatibility" time="0"/>
  <testcase name="testWriteHive2ReadHive4UsingLegacyConversion(String)[2349]" classname="org.apache.hadoop.hive.ql.io.parquet.serde.TestParquetTimestampsHive2Compatibility" time="0"/>
  <testcase name="testWriteHive2ReadHive4UsingLegacyConversion(String)[2350]" classname="org.apache.hadoop.hive.ql.io.parquet.serde.TestParquetTimestampsHive2Compatibility" time="0"/>
  <testcase name="testWriteHive2ReadHive4UsingLegacyConversion(String)[2351]" classname="org.apache.hadoop.hive.ql.io.parquet.serde.TestParquetTimestampsHive2Compatibility" time="0"/>
  <testcase name="testWriteHive2ReadHive4UsingLegacyConversion(String)[2352]" classname="org.apache.hadoop.hive.ql.io.parquet.serde.TestParquetTimestampsHive2Compatibility" time="0"/>
  <testcase name="testWriteHive2ReadHive4UsingLegacyConversion(String)[2353]" classname="org.apache.hadoop.hive.ql.io.parquet.serde.TestParquetTimestampsHive2Compatibility" time="0"/>
  <testcase name="testWriteHive2ReadHive4UsingLegacyConversion(String)[2354]" classname="org.apache.hadoop.hive.ql.io.parquet.serde.TestParquetTimestampsHive2Compatibility" time="0"/>
  <testcase name="testWriteHive2ReadHive4UsingLegacyConversion(String)[2355]" classname="org.apache.hadoop.hive.ql.io.parquet.serde.TestParquetTimestampsHive2Compatibility" time="0"/>
  <testcase name="testWriteHive2ReadHive4UsingLegacyConversion(String)[2356]" classname="org.apache.hadoop.hive.ql.io.parquet.serde.TestParquetTimestampsHive2Compatibility" time="0.001"/>
  <testcase name="testWriteHive2ReadHive4UsingLegacyConversion(String)[2357]" classname="org.apache.hadoop.hive.ql.io.parquet.serde.TestParquetTimestampsHive2Compatibility" time="0"/>
  <testcase name="testWriteHive2ReadHive4UsingLegacyConversion(String)[2358]" classname="org.apache.hadoop.hive.ql.io.parquet.serde.TestParquetTimestampsHive2Compatibility" time="0"/>
  <testcase name="testWriteHive2ReadHive4UsingLegacyConversion(String)[2359]" classname="org.apache.hadoop.hive.ql.io.parquet.serde.TestParquetTimestampsHive2Compatibility" time="0"/>
  <testcase name="testWriteHive2ReadHive4UsingLegacyConversion(String)[2360]" classname="org.apache.hadoop.hive.ql.io.parquet.serde.TestParquetTimestampsHive2Compatibility" time="0"/>
  <testcase name="testWriteHive2ReadHive4UsingLegacyConversion(String)[2361]" classname="org.apache.hadoop.hive.ql.io.parquet.serde.TestParquetTimestampsHive2Compatibility" time="0.001"/>
  <testcase name="testWriteHive2ReadHive4UsingLegacyConversion(String)[2362]" classname="org.apache.hadoop.hive.ql.io.parquet.serde.TestParquetTimestampsHive2Compatibility" time="0"/>
  <testcase name="testWriteHive2ReadHive4UsingLegacyConversion(String)[2363]" classname="org.apache.hadoop.hive.ql.io.parquet.serde.TestParquetTimestampsHive2Compatibility" time="0"/>
  <testcase name="testWriteHive2ReadHive4UsingLegacyConversion(String)[2364]" classname="org.apache.hadoop.hive.ql.io.parquet.serde.TestParquetTimestampsHive2Compatibility" time="0"/>
  <testcase name="testWriteHive2ReadHive4UsingLegacyConversion(String)[2365]" classname="org.apache.hadoop.hive.ql.io.parquet.serde.TestParquetTimestampsHive2Compatibility" time="0"/>
  <testcase name="testWriteHive2ReadHive4UsingLegacyConversion(String)[2366]" classname="org.apache.hadoop.hive.ql.io.parquet.serde.TestParquetTimestampsHive2Compatibility" time="0"/>
  <testcase name="testWriteHive2ReadHive4UsingLegacyConversion(String)[2367]" classname="org.apache.hadoop.hive.ql.io.parquet.serde.TestParquetTimestampsHive2Compatibility" time="0"/>
  <testcase name="testWriteHive2ReadHive4UsingLegacyConversion(String)[2368]" classname="org.apache.hadoop.hive.ql.io.parquet.serde.TestParquetTimestampsHive2Compatibility" time="0"/>
  <testcase name="testWriteHive2ReadHive4UsingLegacyConversion(String)[2369]" classname="org.apache.hadoop.hive.ql.io.parquet.serde.TestParquetTimestampsHive2Compatibility" time="0"/>
  <testcase name="testWriteHive2ReadHive4UsingLegacyConversion(String)[2370]" classname="org.apache.hadoop.hive.ql.io.parquet.serde.TestParquetTimestampsHive2Compatibility" time="0"/>
  <testcase name="testWriteHive2ReadHive4UsingLegacyConversion(String)[2371]" classname="org.apache.hadoop.hive.ql.io.parquet.serde.TestParquetTimestampsHive2Compatibility" time="0"/>
  <testcase name="testWriteHive2ReadHive4UsingLegacyConversion(String)[2372]" classname="org.apache.hadoop.hive.ql.io.parquet.serde.TestParquetTimestampsHive2Compatibility" time="0.001"/>
  <testcase name="testWriteHive2ReadHive4UsingLegacyConversion(String)[2373]" classname="org.apache.hadoop.hive.ql.io.parquet.serde.TestParquetTimestampsHive2Compatibility" time="0"/>
  <testcase name="testWriteHive2ReadHive4UsingLegacyConversion(String)[2374]" classname="org.apache.hadoop.hive.ql.io.parquet.serde.TestParquetTimestampsHive2Compatibility" time="0"/>
  <testcase name="testWriteHive2ReadHive4UsingLegacyConversion(String)[2375]" classname="org.apache.hadoop.hive.ql.io.parquet.serde.TestParquetTimestampsHive2Compatibility" time="0"/>
  <testcase name="testWriteHive2ReadHive4UsingLegacyConversion(String)[2376]" classname="org.apache.hadoop.hive.ql.io.parquet.serde.TestParquetTimestampsHive2Compatibility" time="0.001"/>
  <testcase name="testWriteHive2ReadHive4UsingLegacyConversion(String)[2377]" classname="org.apache.hadoop.hive.ql.io.parquet.serde.TestParquetTimestampsHive2Compatibility" time="0"/>
  <testcase name="testWriteHive2ReadHive4UsingLegacyConversion(String)[2378]" classname="org.apache.hadoop.hive.ql.io.parquet.serde.TestParquetTimestampsHive2Compatibility" time="0"/>
  <testcase name="testWriteHive2ReadHive4UsingLegacyConversion(String)[2379]" classname="org.apache.hadoop.hive.ql.io.parquet.serde.TestParquetTimestampsHive2Compatibility" time="0"/>
  <testcase name="testWriteHive2ReadHive4UsingLegacyConversion(String)[2380]" classname="org.apache.hadoop.hive.ql.io.parquet.serde.TestParquetTimestampsHive2Compatibility" time="0"/>
  <testcase name="testWriteHive2ReadHive4UsingLegacyConversion(String)[2381]" classname="org.apache.hadoop.hive.ql.io.parquet.serde.TestParquetTimestampsHive2Compatibility" time="0.001"/>
  <testcase name="testWriteHive2ReadHive4UsingLegacyConversion(String)[2382]" classname="org.apache.hadoop.hive.ql.io.parquet.serde.TestParquetTimestampsHive2Compatibility" time="0"/>
  <testcase name="testWriteHive2ReadHive4UsingLegacyConversion(String)[2383]" classname="org.apache.hadoop.hive.ql.io.parquet.serde.TestParquetTimestampsHive2Compatibility" time="0"/>
  <testcase name="testWriteHive2ReadHive4UsingLegacyConversion(String)[2384]" classname="org.apache.hadoop.hive.ql.io.parquet.serde.TestParquetTimestampsHive2Compatibility" time="0"/>
  <testcase name="testWriteHive2ReadHive4UsingLegacyConversion(String)[2385]" classname="org.apache.hadoop.hive.ql.io.parquet.serde.TestParquetTimestampsHive2Compatibility" time="0"/>
  <testcase name="testWriteHive2ReadHive4UsingLegacyConversion(String)[2386]" classname="org.apache.hadoop.hive.ql.io.parquet.serde.TestParquetTimestampsHive2Compatibility" time="0.001"/>
  <testcase name="testWriteHive2ReadHive4UsingLegacyConversion(String)[2387]" classname="org.apache.hadoop.hive.ql.io.parquet.serde.TestParquetTimestampsHive2Compatibility" time="0"/>
  <testcase name="testWriteHive2ReadHive4UsingLegacyConversion(String)[2388]" classname="org.apache.hadoop.hive.ql.io.parquet.serde.TestParquetTimestampsHive2Compatibility" time="0"/>
  <testcase name="testWriteHive2ReadHive4UsingLegacyConversion(String)[2389]" classname="org.apache.hadoop.hive.ql.io.parquet.serde.TestParquetTimestampsHive2Compatibility" time="0"/>
  <testcase name="testWriteHive2ReadHive4UsingLegacyConversion(String)[2390]" classname="org.apache.hadoop.hive.ql.io.parquet.serde.TestParquetTimestampsHive2Compatibility" time="0"/>
  <testcase name="testWriteHive2ReadHive4UsingLegacyConversion(String)[2391]" classname="org.apache.hadoop.hive.ql.io.parquet.serde.TestParquetTimestampsHive2Compatibility" time="0.001"/>
  <testcase name="testWriteHive2ReadHive4UsingLegacyConversion(String)[2392]" classname="org.apache.hadoop.hive.ql.io.parquet.serde.TestParquetTimestampsHive2Compatibility" time="0"/>
  <testcase name="testWriteHive2ReadHive4UsingLegacyConversion(String)[2393]" classname="org.apache.hadoop.hive.ql.io.parquet.serde.TestParquetTimestampsHive2Compatibility" time="0"/>
  <testcase name="testWriteHive2ReadHive4UsingLegacyConversion(String)[2394]" classname="org.apache.hadoop.hive.ql.io.parquet.serde.TestParquetTimestampsHive2Compatibility" time="0"/>
  <testcase name="testWriteHive2ReadHive4UsingLegacyConversion(String)[2395]" classname="org.apache.hadoop.hive.ql.io.parquet.serde.TestParquetTimestampsHive2Compatibility" time="0"/>
  <testcase name="testWriteHive2ReadHive4UsingLegacyConversion(String)[2396]" classname="org.apache.hadoop.hive.ql.io.parquet.serde.TestParquetTimestampsHive2Compatibility" time="0.001"/>
  <testcase name="testWriteHive2ReadHive4UsingLegacyConversion(String)[2397]" classname="org.apache.hadoop.hive.ql.io.parquet.serde.TestParquetTimestampsHive2Compatibility" time="0"/>
  <testcase name="testWriteHive2ReadHive4UsingLegacyConversion(String)[2398]" classname="org.apache.hadoop.hive.ql.io.parquet.serde.TestParquetTimestampsHive2Compatibility" time="0"/>
  <testcase name="testWriteHive2ReadHive4UsingLegacyConversion(String)[2399]" classname="org.apache.hadoop.hive.ql.io.parquet.serde.TestParquetTimestampsHive2Compatibility" time="0"/>
  <testcase name="testWriteHive2ReadHive4UsingLegacyConversion(String)[2400]" classname="org.apache.hadoop.hive.ql.io.parquet.serde.TestParquetTimestampsHive2Compatibility" time="0"/>
  <testcase name="testWriteHive2ReadHive4UsingLegacyConversion(String)[2401]" classname="org.apache.hadoop.hive.ql.io.parquet.serde.TestParquetTimestampsHive2Compatibility" time="0"/>
  <testcase name="testWriteHive2ReadHive4UsingLegacyConversion(String)[2402]" classname="org.apache.hadoop.hive.ql.io.parquet.serde.TestParquetTimestampsHive2Compatibility" time="0"/>
  <testcase name="testWriteHive2ReadHive4UsingLegacyConversion(String)[2403]" classname="org.apache.hadoop.hive.ql.io.parquet.serde.TestParquetTimestampsHive2Compatibility" time="0"/>
  <testcase name="testWriteHive2ReadHive4UsingLegacyConversion(String)[2404]" classname="org.apache.hadoop.hive.ql.io.parquet.serde.TestParquetTimestampsHive2Compatibility" time="0"/>
  <testcase name="testWriteHive2ReadHive4UsingLegacyConversion(String)[2405]" classname="org.apache.hadoop.hive.ql.io.parquet.serde.TestParquetTimestampsHive2Compatibility" time="0"/>
  <testcase name="testWriteHive2ReadHive4UsingLegacyConversion(String)[2406]" classname="org.apache.hadoop.hive.ql.io.parquet.serde.TestParquetTimestampsHive2Compatibility" time="0"/>
  <testcase name="testWriteHive2ReadHive4UsingLegacyConversion(String)[2407]" classname="org.apache.hadoop.hive.ql.io.parquet.serde.TestParquetTimestampsHive2Compatibility" time="0"/>
  <testcase name="testWriteHive2ReadHive4UsingLegacyConversion(String)[2408]" classname="org.apache.hadoop.hive.ql.io.parquet.serde.TestParquetTimestampsHive2Compatibility" time="0"/>
  <testcase name="testWriteHive2ReadHive4UsingLegacyConversion(String)[2409]" classname="org.apache.hadoop.hive.ql.io.parquet.serde.TestParquetTimestampsHive2Compatibility" time="0"/>
  <testcase name="testWriteHive2ReadHive4UsingLegacyConversion(String)[2410]" classname="org.apache.hadoop.hive.ql.io.parquet.serde.TestParquetTimestampsHive2Compatibility" time="0"/>
  <testcase name="testWriteHive2ReadHive4UsingLegacyConversion(String)[2411]" classname="org.apache.hadoop.hive.ql.io.parquet.serde.TestParquetTimestampsHive2Compatibility" time="0"/>
  <testcase name="testWriteHive2ReadHive4UsingLegacyConversion(String)[2412]" classname="org.apache.hadoop.hive.ql.io.parquet.serde.TestParquetTimestampsHive2Compatibility" time="0"/>
  <testcase name="testWriteHive2ReadHive4UsingLegacyConversion(String)[2413]" classname="org.apache.hadoop.hive.ql.io.parquet.serde.TestParquetTimestampsHive2Compatibility" time="0"/>
  <testcase name="testWriteHive2ReadHive4UsingLegacyConversion(String)[2414]" classname="org.apache.hadoop.hive.ql.io.parquet.serde.TestParquetTimestampsHive2Compatibility" time="0"/>
  <testcase name="testWriteHive2ReadHive4UsingLegacyConversion(String)[2415]" classname="org.apache.hadoop.hive.ql.io.parquet.serde.TestParquetTimestampsHive2Compatibility" time="0"/>
  <testcase name="testWriteHive2ReadHive4UsingLegacyConversion(String)[2416]" classname="org.apache.hadoop.hive.ql.io.parquet.serde.TestParquetTimestampsHive2Compatibility" time="0"/>
  <testcase name="testWriteHive2ReadHive4UsingLegacyConversion(String)[2417]" classname="org.apache.hadoop.hive.ql.io.parquet.serde.TestParquetTimestampsHive2Compatibility" time="0"/>
  <testcase name="testWriteHive2ReadHive4UsingLegacyConversion(String)[2418]" classname="org.apache.hadoop.hive.ql.io.parquet.serde.TestParquetTimestampsHive2Compatibility" time="0.001"/>
  <testcase name="testWriteHive2ReadHive4UsingLegacyConversion(String)[2419]" classname="org.apache.hadoop.hive.ql.io.parquet.serde.TestParquetTimestampsHive2Compatibility" time="0"/>
  <testcase name="testWriteHive2ReadHive4UsingLegacyConversion(String)[2420]" classname="org.apache.hadoop.hive.ql.io.parquet.serde.TestParquetTimestampsHive2Compatibility" time="0"/>
  <testcase name="testWriteHive2ReadHive4UsingLegacyConversion(String)[2421]" classname="org.apache.hadoop.hive.ql.io.parquet.serde.TestParquetTimestampsHive2Compatibility" time="0"/>
  <testcase name="testWriteHive2ReadHive4UsingLegacyConversion(String)[2422]" classname="org.apache.hadoop.hive.ql.io.parquet.serde.TestParquetTimestampsHive2Compatibility" time="0"/>
  <testcase name="testWriteHive2ReadHive4UsingLegacyConversion(String)[2423]" classname="org.apache.hadoop.hive.ql.io.parquet.serde.TestParquetTimestampsHive2Compatibility" time="0"/>
  <testcase name="testWriteHive2ReadHive4UsingLegacyConversion(String)[2424]" classname="org.apache.hadoop.hive.ql.io.parquet.serde.TestParquetTimestampsHive2Compatibility" time="0"/>
  <testcase name="testWriteHive2ReadHive4UsingLegacyConversion(String)[2425]" classname="org.apache.hadoop.hive.ql.io.parquet.serde.TestParquetTimestampsHive2Compatibility" time="0"/>
  <testcase name="testWriteHive2ReadHive4UsingLegacyConversion(String)[2426]" classname="org.apache.hadoop.hive.ql.io.parquet.serde.TestParquetTimestampsHive2Compatibility" time="0.001"/>
  <testcase name="testWriteHive2ReadHive4UsingLegacyConversion(String)[2427]" classname="org.apache.hadoop.hive.ql.io.parquet.serde.TestParquetTimestampsHive2Compatibility" time="0"/>
  <testcase name="testWriteHive2ReadHive4UsingLegacyConversion(String)[2428]" classname="org.apache.hadoop.hive.ql.io.parquet.serde.TestParquetTimestampsHive2Compatibility" time="0"/>
  <testcase name="testWriteHive2ReadHive4UsingLegacyConversion(String)[2429]" classname="org.apache.hadoop.hive.ql.io.parquet.serde.TestParquetTimestampsHive2Compatibility" time="0"/>
  <testcase name="testWriteHive2ReadHive4UsingLegacyConversion(String)[2430]" classname="org.apache.hadoop.hive.ql.io.parquet.serde.TestParquetTimestampsHive2Compatibility" time="0"/>
  <testcase name="testWriteHive2ReadHive4UsingLegacyConversion(String)[2431]" classname="org.apache.hadoop.hive.ql.io.parquet.serde.TestParquetTimestampsHive2Compatibility" time="0"/>
  <testcase name="testWriteHive2ReadHive4UsingLegacyConversion(String)[2432]" classname="org.apache.hadoop.hive.ql.io.parquet.serde.TestParquetTimestampsHive2Compatibility" time="0"/>
  <testcase name="testWriteHive2ReadHive4UsingLegacyConversion(String)[2433]" classname="org.apache.hadoop.hive.ql.io.parquet.serde.TestParquetTimestampsHive2Compatibility" time="0"/>
  <testcase name="testWriteHive2ReadHive4UsingLegacyConversion(String)[2434]" classname="org.apache.hadoop.hive.ql.io.parquet.serde.TestParquetTimestampsHive2Compatibility" time="0"/>
  <testcase name="testWriteHive2ReadHive4UsingLegacyConversion(String)[2435]" classname="org.apache.hadoop.hive.ql.io.parquet.serde.TestParquetTimestampsHive2Compatibility" time="0"/>
  <testcase name="testWriteHive2ReadHive4UsingLegacyConversion(String)[2436]" classname="org.apache.hadoop.hive.ql.io.parquet.serde.TestParquetTimestampsHive2Compatibility" time="0"/>
  <testcase name="testWriteHive2ReadHive4UsingLegacyConversion(String)[2437]" classname="org.apache.hadoop.hive.ql.io.parquet.serde.TestParquetTimestampsHive2Compatibility" time="0"/>
  <testcase name="testWriteHive2ReadHive4UsingLegacyConversion(String)[2438]" classname="org.apache.hadoop.hive.ql.io.parquet.serde.TestParquetTimestampsHive2Compatibility" time="0"/>
  <testcase name="testWriteHive2ReadHive4UsingLegacyConversion(String)[2439]" classname="org.apache.hadoop.hive.ql.io.parquet.serde.TestParquetTimestampsHive2Compatibility" time="0"/>
  <testcase name="testWriteHive2ReadHive4UsingLegacyConversion(String)[2440]" classname="org.apache.hadoop.hive.ql.io.parquet.serde.TestParquetTimestampsHive2Compatibility" time="0"/>
  <testcase name="testWriteHive2ReadHive4UsingLegacyConversion(String)[2441]" classname="org.apache.hadoop.hive.ql.io.parquet.serde.TestParquetTimestampsHive2Compatibility" time="0"/>
  <testcase name="testWriteHive2ReadHive4UsingLegacyConversion(String)[2442]" classname="org.apache.hadoop.hive.ql.io.parquet.serde.TestParquetTimestampsHive2Compatibility" time="0"/>
  <testcase name="testWriteHive2ReadHive4UsingLegacyConversion(String)[2443]" classname="org.apache.hadoop.hive.ql.io.parquet.serde.TestParquetTimestampsHive2Compatibility" time="0"/>
  <testcase name="testWriteHive2ReadHive4UsingLegacyConversion(String)[2444]" classname="org.apache.hadoop.hive.ql.io.parquet.serde.TestParquetTimestampsHive2Compatibility" time="0"/>
  <testcase name="testWriteHive2ReadHive4UsingLegacyConversion(String)[2445]" classname="org.apache.hadoop.hive.ql.io.parquet.serde.TestParquetTimestampsHive2Compatibility" time="0"/>
  <testcase name="testWriteHive2ReadHive4UsingLegacyConversion(String)[2446]" classname="org.apache.hadoop.hive.ql.io.parquet.serde.TestParquetTimestampsHive2Compatibility" time="0.001"/>
  <testcase name="testWriteHive2ReadHive4UsingLegacyConversion(String)[2447]" classname="org.apache.hadoop.hive.ql.io.parquet.serde.TestParquetTimestampsHive2Compatibility" time="0"/>
  <testcase name="testWriteHive2ReadHive4UsingLegacyConversion(String)[2448]" classname="org.apache.hadoop.hive.ql.io.parquet.serde.TestParquetTimestampsHive2Compatibility" time="0"/>
  <testcase name="testWriteHive2ReadHive4UsingLegacyConversion(String)[2449]" classname="org.apache.hadoop.hive.ql.io.parquet.serde.TestParquetTimestampsHive2Compatibility" time="0"/>
  <testcase name="testWriteHive2ReadHive4UsingLegacyConversion(String)[2450]" classname="org.apache.hadoop.hive.ql.io.parquet.serde.TestParquetTimestampsHive2Compatibility" time="0"/>
  <testcase name="testWriteHive2ReadHive4UsingLegacyConversion(String)[2451]" classname="org.apache.hadoop.hive.ql.io.parquet.serde.TestParquetTimestampsHive2Compatibility" time="0"/>
  <testcase name="testWriteHive2ReadHive4UsingLegacyConversion(String)[2452]" classname="org.apache.hadoop.hive.ql.io.parquet.serde.TestParquetTimestampsHive2Compatibility" time="0"/>
  <testcase name="testWriteHive2ReadHive4UsingLegacyConversion(String)[2453]" classname="org.apache.hadoop.hive.ql.io.parquet.serde.TestParquetTimestampsHive2Compatibility" time="0"/>
  <testcase name="testWriteHive2ReadHive4UsingLegacyConversion(String)[2454]" classname="org.apache.hadoop.hive.ql.io.parquet.serde.TestParquetTimestampsHive2Compatibility" time="0"/>
  <testcase name="testWriteHive2ReadHive4UsingLegacyConversion(String)[2455]" classname="org.apache.hadoop.hive.ql.io.parquet.serde.TestParquetTimestampsHive2Compatibility" time="0.001"/>
  <testcase name="testWriteHive2ReadHive4UsingLegacyConversion(String)[2456]" classname="org.apache.hadoop.hive.ql.io.parquet.serde.TestParquetTimestampsHive2Compatibility" time="0"/>
  <testcase name="testWriteHive2ReadHive4UsingLegacyConversion(String)[2457]" classname="org.apache.hadoop.hive.ql.io.parquet.serde.TestParquetTimestampsHive2Compatibility" time="0"/>
  <testcase name="testWriteHive2ReadHive4UsingLegacyConversion(String)[2458]" classname="org.apache.hadoop.hive.ql.io.parquet.serde.TestParquetTimestampsHive2Compatibility" time="0.001"/>
  <testcase name="testWriteHive2ReadHive4UsingLegacyConversion(String)[2459]" classname="org.apache.hadoop.hive.ql.io.parquet.serde.TestParquetTimestampsHive2Compatibility" time="0"/>
  <testcase name="testWriteHive2ReadHive4UsingLegacyConversion(String)[2460]" classname="org.apache.hadoop.hive.ql.io.parquet.serde.TestParquetTimestampsHive2Compatibility" time="0"/>
  <testcase name="testWriteHive2ReadHive4UsingLegacyConversion(String)[2461]" classname="org.apache.hadoop.hive.ql.io.parquet.serde.TestParquetTimestampsHive2Compatibility" time="0"/>
  <testcase name="testWriteHive2ReadHive4UsingLegacyConversion(String)[2462]" classname="org.apache.hadoop.hive.ql.io.parquet.serde.TestParquetTimestampsHive2Compatibility" time="0"/>
  <testcase name="testWriteHive2ReadHive4UsingLegacyConversion(String)[2463]" classname="org.apache.hadoop.hive.ql.io.parquet.serde.TestParquetTimestampsHive2Compatibility" time="0"/>
  <testcase name="testWriteHive2ReadHive4UsingLegacyConversion(String)[2464]" classname="org.apache.hadoop.hive.ql.io.parquet.serde.TestParquetTimestampsHive2Compatibility" time="0"/>
  <testcase name="testWriteHive2ReadHive4UsingLegacyConversion(String)[2465]" classname="org.apache.hadoop.hive.ql.io.parquet.serde.TestParquetTimestampsHive2Compatibility" time="0"/>
  <testcase name="testWriteHive2ReadHive4UsingLegacyConversion(String)[2466]" classname="org.apache.hadoop.hive.ql.io.parquet.serde.TestParquetTimestampsHive2Compatibility" time="0"/>
  <testcase name="testWriteHive2ReadHive4UsingLegacyConversion(String)[2467]" classname="org.apache.hadoop.hive.ql.io.parquet.serde.TestParquetTimestampsHive2Compatibility" time="0"/>
  <testcase name="testWriteHive2ReadHive4UsingLegacyConversion(String)[2468]" classname="org.apache.hadoop.hive.ql.io.parquet.serde.TestParquetTimestampsHive2Compatibility" time="0"/>
  <testcase name="testWriteHive2ReadHive4UsingLegacyConversion(String)[2469]" classname="org.apache.hadoop.hive.ql.io.parquet.serde.TestParquetTimestampsHive2Compatibility" time="0"/>
  <testcase name="testWriteHive2ReadHive4UsingLegacyConversion(String)[2470]" classname="org.apache.hadoop.hive.ql.io.parquet.serde.TestParquetTimestampsHive2Compatibility" time="0"/>
  <testcase name="testWriteHive2ReadHive4UsingLegacyConversion(String)[2471]" classname="org.apache.hadoop.hive.ql.io.parquet.serde.TestParquetTimestampsHive2Compatibility" time="0"/>
  <testcase name="testWriteHive2ReadHive4UsingLegacyConversion(String)[2472]" classname="org.apache.hadoop.hive.ql.io.parquet.serde.TestParquetTimestampsHive2Compatibility" time="0.001"/>
  <testcase name="testWriteHive2ReadHive4UsingLegacyConversion(String)[2473]" classname="org.apache.hadoop.hive.ql.io.parquet.serde.TestParquetTimestampsHive2Compatibility" time="0"/>
  <testcase name="testWriteHive2ReadHive4UsingLegacyConversion(String)[2474]" classname="org.apache.hadoop.hive.ql.io.parquet.serde.TestParquetTimestampsHive2Compatibility" time="0"/>
  <testcase name="testWriteHive2ReadHive4UsingLegacyConversion(String)[2475]" classname="org.apache.hadoop.hive.ql.io.parquet.serde.TestParquetTimestampsHive2Compatibility" time="0"/>
  <testcase name="testWriteHive2ReadHive4UsingLegacyConversion(String)[2476]" classname="org.apache.hadoop.hive.ql.io.parquet.serde.TestParquetTimestampsHive2Compatibility" time="0"/>
  <testcase name="testWriteHive2ReadHive4UsingLegacyConversion(String)[2477]" classname="org.apache.hadoop.hive.ql.io.parquet.serde.TestParquetTimestampsHive2Compatibility" time="0.001"/>
  <testcase name="testWriteHive2ReadHive4UsingLegacyConversion(String)[2478]" classname="org.apache.hadoop.hive.ql.io.parquet.serde.TestParquetTimestampsHive2Compatibility" time="0"/>
  <testcase name="testWriteHive2ReadHive4UsingLegacyConversion(String)[2479]" classname="org.apache.hadoop.hive.ql.io.parquet.serde.TestParquetTimestampsHive2Compatibility" time="0"/>
  <testcase name="testWriteHive2ReadHive4UsingLegacyConversion(String)[2480]" classname="org.apache.hadoop.hive.ql.io.parquet.serde.TestParquetTimestampsHive2Compatibility" time="0"/>
  <testcase name="testWriteHive2ReadHive4UsingLegacyConversion(String)[2481]" classname="org.apache.hadoop.hive.ql.io.parquet.serde.TestParquetTimestampsHive2Compatibility" time="0"/>
  <testcase name="testWriteHive2ReadHive4UsingLegacyConversion(String)[2482]" classname="org.apache.hadoop.hive.ql.io.parquet.serde.TestParquetTimestampsHive2Compatibility" time="0"/>
  <testcase name="testWriteHive2ReadHive4UsingLegacyConversion(String)[2483]" classname="org.apache.hadoop.hive.ql.io.parquet.serde.TestParquetTimestampsHive2Compatibility" time="0"/>
  <testcase name="testWriteHive2ReadHive4UsingLegacyConversion(String)[2484]" classname="org.apache.hadoop.hive.ql.io.parquet.serde.TestParquetTimestampsHive2Compatibility" time="0"/>
  <testcase name="testWriteHive2ReadHive4UsingLegacyConversion(String)[2485]" classname="org.apache.hadoop.hive.ql.io.parquet.serde.TestParquetTimestampsHive2Compatibility" time="0.001"/>
  <testcase name="testWriteHive2ReadHive4UsingLegacyConversion(String)[2486]" classname="org.apache.hadoop.hive.ql.io.parquet.serde.TestParquetTimestampsHive2Compatibility" time="0"/>
  <testcase name="testWriteHive2ReadHive4UsingLegacyConversion(String)[2487]" classname="org.apache.hadoop.hive.ql.io.parquet.serde.TestParquetTimestampsHive2Compatibility" time="0"/>
  <testcase name="testWriteHive2ReadHive4UsingLegacyConversion(String)[2488]" classname="org.apache.hadoop.hive.ql.io.parquet.serde.TestParquetTimestampsHive2Compatibility" time="0.001"/>
  <testcase name="testWriteHive2ReadHive4UsingLegacyConversion(String)[2489]" classname="org.apache.hadoop.hive.ql.io.parquet.serde.TestParquetTimestampsHive2Compatibility" time="0"/>
  <testcase name="testWriteHive2ReadHive4UsingLegacyConversion(String)[2490]" classname="org.apache.hadoop.hive.ql.io.parquet.serde.TestParquetTimestampsHive2Compatibility" time="0"/>
  <testcase name="testWriteHive2ReadHive4UsingLegacyConversion(String)[2491]" classname="org.apache.hadoop.hive.ql.io.parquet.serde.TestParquetTimestampsHive2Compatibility" time="0"/>
  <testcase name="testWriteHive2ReadHive4UsingLegacyConversion(String)[2492]" classname="org.apache.hadoop.hive.ql.io.parquet.serde.TestParquetTimestampsHive2Compatibility" time="0"/>
  <testcase name="testWriteHive2ReadHive4UsingLegacyConversion(String)[2493]" classname="org.apache.hadoop.hive.ql.io.parquet.serde.TestParquetTimestampsHive2Compatibility" time="0"/>
  <testcase name="testWriteHive2ReadHive4UsingLegacyConversion(String)[2494]" classname="org.apache.hadoop.hive.ql.io.parquet.serde.TestParquetTimestampsHive2Compatibility" time="0"/>
  <testcase name="testWriteHive2ReadHive4UsingLegacyConversion(String)[2495]" classname="org.apache.hadoop.hive.ql.io.parquet.serde.TestParquetTimestampsHive2Compatibility" time="0"/>
  <testcase name="testWriteHive2ReadHive4UsingLegacyConversion(String)[2496]" classname="org.apache.hadoop.hive.ql.io.parquet.serde.TestParquetTimestampsHive2Compatibility" time="0"/>
  <testcase name="testWriteHive2ReadHive4UsingLegacyConversion(String)[2497]" classname="org.apache.hadoop.hive.ql.io.parquet.serde.TestParquetTimestampsHive2Compatibility" time="0"/>
  <testcase name="testWriteHive2ReadHive4UsingLegacyConversion(String)[2498]" classname="org.apache.hadoop.hive.ql.io.parquet.serde.TestParquetTimestampsHive2Compatibility" time="0"/>
  <testcase name="testWriteHive2ReadHive4UsingLegacyConversion(String)[2499]" classname="org.apache.hadoop.hive.ql.io.parquet.serde.TestParquetTimestampsHive2Compatibility" time="0.001"/>
  <testcase name="testWriteHive2ReadHive4UsingLegacyConversion(String)[2500]" classname="org.apache.hadoop.hive.ql.io.parquet.serde.TestParquetTimestampsHive2Compatibility" time="0"/>
  <testcase name="testWriteHive2ReadHive4UsingLegacyConversion(String)[2501]" classname="org.apache.hadoop.hive.ql.io.parquet.serde.TestParquetTimestampsHive2Compatibility" time="0"/>
  <testcase name="testWriteHive2ReadHive4UsingLegacyConversion(String)[2502]" classname="org.apache.hadoop.hive.ql.io.parquet.serde.TestParquetTimestampsHive2Compatibility" time="0.001"/>
  <testcase name="testWriteHive2ReadHive4UsingLegacyConversion(String)[2503]" classname="org.apache.hadoop.hive.ql.io.parquet.serde.TestParquetTimestampsHive2Compatibility" time="0"/>
  <testcase name="testWriteHive2ReadHive4UsingLegacyConversion(String)[2504]" classname="org.apache.hadoop.hive.ql.io.parquet.serde.TestParquetTimestampsHive2Compatibility" time="0"/>
  <testcase name="testWriteHive2ReadHive4UsingLegacyConversion(String)[2505]" classname="org.apache.hadoop.hive.ql.io.parquet.serde.TestParquetTimestampsHive2Compatibility" time="0.001"/>
  <testcase name="testWriteHive2ReadHive4UsingLegacyConversion(String)[2506]" classname="org.apache.hadoop.hive.ql.io.parquet.serde.TestParquetTimestampsHive2Compatibility" time="0"/>
  <testcase name="testWriteHive2ReadHive4UsingLegacyConversion(String)[2507]" classname="org.apache.hadoop.hive.ql.io.parquet.serde.TestParquetTimestampsHive2Compatibility" time="0"/>
  <testcase name="testWriteHive2ReadHive4UsingLegacyConversion(String)[2508]" classname="org.apache.hadoop.hive.ql.io.parquet.serde.TestParquetTimestampsHive2Compatibility" time="0"/>
  <testcase name="testWriteHive2ReadHive4UsingLegacyConversion(String)[2509]" classname="org.apache.hadoop.hive.ql.io.parquet.serde.TestParquetTimestampsHive2Compatibility" time="0"/>
  <testcase name="testWriteHive2ReadHive4UsingLegacyConversion(String)[2510]" classname="org.apache.hadoop.hive.ql.io.parquet.serde.TestParquetTimestampsHive2Compatibility" time="0.001"/>
  <testcase name="testWriteHive2ReadHive4UsingLegacyConversion(String)[2511]" classname="org.apache.hadoop.hive.ql.io.parquet.serde.TestParquetTimestampsHive2Compatibility" time="0"/>
  <testcase name="testWriteHive2ReadHive4UsingLegacyConversion(String)[2512]" classname="org.apache.hadoop.hive.ql.io.parquet.serde.TestParquetTimestampsHive2Compatibility" time="0"/>
  <testcase name="testWriteHive2ReadHive4UsingLegacyConversion(String)[2513]" classname="org.apache.hadoop.hive.ql.io.parquet.serde.TestParquetTimestampsHive2Compatibility" time="0.001"/>
  <testcase name="testWriteHive2ReadHive4UsingLegacyConversion(String)[2514]" classname="org.apache.hadoop.hive.ql.io.parquet.serde.TestParquetTimestampsHive2Compatibility" time="0"/>
  <testcase name="testWriteHive2ReadHive4UsingLegacyConversion(String)[2515]" classname="org.apache.hadoop.hive.ql.io.parquet.serde.TestParquetTimestampsHive2Compatibility" time="0"/>
  <testcase name="testWriteHive2ReadHive4UsingLegacyConversion(String)[2516]" classname="org.apache.hadoop.hive.ql.io.parquet.serde.TestParquetTimestampsHive2Compatibility" time="0.001"/>
  <testcase name="testWriteHive2ReadHive4UsingLegacyConversion(String)[2517]" classname="org.apache.hadoop.hive.ql.io.parquet.serde.TestParquetTimestampsHive2Compatibility" time="0"/>
  <testcase name="testWriteHive2ReadHive4UsingLegacyConversion(String)[2518]" classname="org.apache.hadoop.hive.ql.io.parquet.serde.TestParquetTimestampsHive2Compatibility" time="0"/>
  <testcase name="testWriteHive2ReadHive4UsingLegacyConversion(String)[2519]" classname="org.apache.hadoop.hive.ql.io.parquet.serde.TestParquetTimestampsHive2Compatibility" time="0.001"/>
  <testcase name="testWriteHive2ReadHive4UsingLegacyConversion(String)[2520]" classname="org.apache.hadoop.hive.ql.io.parquet.serde.TestParquetTimestampsHive2Compatibility" time="0"/>
  <testcase name="testWriteHive2ReadHive4UsingLegacyConversion(String)[2521]" classname="org.apache.hadoop.hive.ql.io.parquet.serde.TestParquetTimestampsHive2Compatibility" time="0"/>
  <testcase name="testWriteHive2ReadHive4UsingLegacyConversion(String)[2522]" classname="org.apache.hadoop.hive.ql.io.parquet.serde.TestParquetTimestampsHive2Compatibility" time="0"/>
  <testcase name="testWriteHive2ReadHive4UsingLegacyConversion(String)[2523]" classname="org.apache.hadoop.hive.ql.io.parquet.serde.TestParquetTimestampsHive2Compatibility" time="0"/>
  <testcase name="testWriteHive2ReadHive4UsingLegacyConversion(String)[2524]" classname="org.apache.hadoop.hive.ql.io.parquet.serde.TestParquetTimestampsHive2Compatibility" time="0"/>
  <testcase name="testWriteHive2ReadHive4UsingLegacyConversion(String)[2525]" classname="org.apache.hadoop.hive.ql.io.parquet.serde.TestParquetTimestampsHive2Compatibility" time="0"/>
  <testcase name="testWriteHive2ReadHive4UsingLegacyConversion(String)[2526]" classname="org.apache.hadoop.hive.ql.io.parquet.serde.TestParquetTimestampsHive2Compatibility" time="0"/>
  <testcase name="testWriteHive2ReadHive4UsingLegacyConversion(String)[2527]" classname="org.apache.hadoop.hive.ql.io.parquet.serde.TestParquetTimestampsHive2Compatibility" time="0.001"/>
  <testcase name="testWriteHive2ReadHive4UsingLegacyConversion(String)[2528]" classname="org.apache.hadoop.hive.ql.io.parquet.serde.TestParquetTimestampsHive2Compatibility" time="0"/>
  <testcase name="testWriteHive2ReadHive4UsingLegacyConversion(String)[2529]" classname="org.apache.hadoop.hive.ql.io.parquet.serde.TestParquetTimestampsHive2Compatibility" time="0"/>
  <testcase name="testWriteHive2ReadHive4UsingLegacyConversion(String)[2530]" classname="org.apache.hadoop.hive.ql.io.parquet.serde.TestParquetTimestampsHive2Compatibility" time="0.001"/>
  <testcase name="testWriteHive2ReadHive4UsingLegacyConversion(String)[2531]" classname="org.apache.hadoop.hive.ql.io.parquet.serde.TestParquetTimestampsHive2Compatibility" time="0"/>
  <testcase name="testWriteHive2ReadHive4UsingLegacyConversion(String)[2532]" classname="org.apache.hadoop.hive.ql.io.parquet.serde.TestParquetTimestampsHive2Compatibility" time="0"/>
  <testcase name="testWriteHive2ReadHive4UsingLegacyConversion(String)[2533]" classname="org.apache.hadoop.hive.ql.io.parquet.serde.TestParquetTimestampsHive2Compatibility" time="0"/>
  <testcase name="testWriteHive2ReadHive4UsingLegacyConversion(String)[2534]" classname="org.apache.hadoop.hive.ql.io.parquet.serde.TestParquetTimestampsHive2Compatibility" time="0"/>
  <testcase name="testWriteHive2ReadHive4UsingLegacyConversion(String)[2535]" classname="org.apache.hadoop.hive.ql.io.parquet.serde.TestParquetTimestampsHive2Compatibility" time="0.001"/>
  <testcase name="testWriteHive2ReadHive4UsingLegacyConversion(String)[2536]" classname="org.apache.hadoop.hive.ql.io.parquet.serde.TestParquetTimestampsHive2Compatibility" time="0"/>
  <testcase name="testWriteHive2ReadHive4UsingLegacyConversion(String)[2537]" classname="org.apache.hadoop.hive.ql.io.parquet.serde.TestParquetTimestampsHive2Compatibility" time="0"/>
  <testcase name="testWriteHive2ReadHive4UsingLegacyConversion(String)[2538]" classname="org.apache.hadoop.hive.ql.io.parquet.serde.TestParquetTimestampsHive2Compatibility" time="0"/>
  <testcase name="testWriteHive2ReadHive4UsingLegacyConversion(String)[2539]" classname="org.apache.hadoop.hive.ql.io.parquet.serde.TestParquetTimestampsHive2Compatibility" time="0"/>
  <testcase name="testWriteHive2ReadHive4UsingLegacyConversion(String)[2540]" classname="org.apache.hadoop.hive.ql.io.parquet.serde.TestParquetTimestampsHive2Compatibility" time="0.001"/>
  <testcase name="testWriteHive2ReadHive4UsingLegacyConversion(String)[2541]" classname="org.apache.hadoop.hive.ql.io.parquet.serde.TestParquetTimestampsHive2Compatibility" time="0"/>
  <testcase name="testWriteHive2ReadHive4UsingLegacyConversion(String)[2542]" classname="org.apache.hadoop.hive.ql.io.parquet.serde.TestParquetTimestampsHive2Compatibility" time="0"/>
  <testcase name="testWriteHive2ReadHive4UsingLegacyConversion(String)[2543]" classname="org.apache.hadoop.hive.ql.io.parquet.serde.TestParquetTimestampsHive2Compatibility" time="0"/>
  <testcase name="testWriteHive2ReadHive4UsingLegacyConversion(String)[2544]" classname="org.apache.hadoop.hive.ql.io.parquet.serde.TestParquetTimestampsHive2Compatibility" time="0"/>
  <testcase name="testWriteHive2ReadHive4UsingLegacyConversion(String)[2545]" classname="org.apache.hadoop.hive.ql.io.parquet.serde.TestParquetTimestampsHive2Compatibility" time="0"/>
  <testcase name="testWriteHive2ReadHive4UsingLegacyConversion(String)[2546]" classname="org.apache.hadoop.hive.ql.io.parquet.serde.TestParquetTimestampsHive2Compatibility" time="0"/>
  <testcase name="testWriteHive2ReadHive4UsingLegacyConversion(String)[2547]" classname="org.apache.hadoop.hive.ql.io.parquet.serde.TestParquetTimestampsHive2Compatibility" time="0.001"/>
  <testcase name="testWriteHive2ReadHive4UsingLegacyConversion(String)[2548]" classname="org.apache.hadoop.hive.ql.io.parquet.serde.TestParquetTimestampsHive2Compatibility" time="0"/>
  <testcase name="testWriteHive2ReadHive4UsingLegacyConversion(String)[2549]" classname="org.apache.hadoop.hive.ql.io.parquet.serde.TestParquetTimestampsHive2Compatibility" time="0.001"/>
  <testcase name="testWriteHive2ReadHive4UsingLegacyConversion(String)[2550]" classname="org.apache.hadoop.hive.ql.io.parquet.serde.TestParquetTimestampsHive2Compatibility" time="0"/>
  <testcase name="testWriteHive2ReadHive4UsingLegacyConversion(String)[2551]" classname="org.apache.hadoop.hive.ql.io.parquet.serde.TestParquetTimestampsHive2Compatibility" time="0"/>
  <testcase name="testWriteHive2ReadHive4UsingLegacyConversion(String)[2552]" classname="org.apache.hadoop.hive.ql.io.parquet.serde.TestParquetTimestampsHive2Compatibility" time="0"/>
  <testcase name="testWriteHive2ReadHive4UsingLegacyConversion(String)[2553]" classname="org.apache.hadoop.hive.ql.io.parquet.serde.TestParquetTimestampsHive2Compatibility" time="0"/>
  <testcase name="testWriteHive2ReadHive4UsingLegacyConversion(String)[2554]" classname="org.apache.hadoop.hive.ql.io.parquet.serde.TestParquetTimestampsHive2Compatibility" time="0.001"/>
  <testcase name="testWriteHive2ReadHive4UsingLegacyConversion(String)[2555]" classname="org.apache.hadoop.hive.ql.io.parquet.serde.TestParquetTimestampsHive2Compatibility" time="0"/>
  <testcase name="testWriteHive2ReadHive4UsingLegacyConversion(String)[2556]" classname="org.apache.hadoop.hive.ql.io.parquet.serde.TestParquetTimestampsHive2Compatibility" time="0"/>
  <testcase name="testWriteHive2ReadHive4UsingLegacyConversion(String)[2557]" classname="org.apache.hadoop.hive.ql.io.parquet.serde.TestParquetTimestampsHive2Compatibility" time="0"/>
  <testcase name="testWriteHive2ReadHive4UsingLegacyConversion(String)[2558]" classname="org.apache.hadoop.hive.ql.io.parquet.serde.TestParquetTimestampsHive2Compatibility" time="0"/>
  <testcase name="testWriteHive2ReadHive4UsingLegacyConversion(String)[2559]" classname="org.apache.hadoop.hive.ql.io.parquet.serde.TestParquetTimestampsHive2Compatibility" time="0.001"/>
  <testcase name="testWriteHive2ReadHive4UsingLegacyConversion(String)[2560]" classname="org.apache.hadoop.hive.ql.io.parquet.serde.TestParquetTimestampsHive2Compatibility" time="0"/>
  <testcase name="testWriteHive2ReadHive4UsingLegacyConversion(String)[2561]" classname="org.apache.hadoop.hive.ql.io.parquet.serde.TestParquetTimestampsHive2Compatibility" time="0.001"/>
  <testcase name="testWriteHive2ReadHive4UsingLegacyConversion(String)[2562]" classname="org.apache.hadoop.hive.ql.io.parquet.serde.TestParquetTimestampsHive2Compatibility" time="0"/>
  <testcase name="testWriteHive2ReadHive4UsingLegacyConversion(String)[2563]" classname="org.apache.hadoop.hive.ql.io.parquet.serde.TestParquetTimestampsHive2Compatibility" time="0"/>
  <testcase name="testWriteHive2ReadHive4UsingLegacyConversion(String)[2564]" classname="org.apache.hadoop.hive.ql.io.parquet.serde.TestParquetTimestampsHive2Compatibility" time="0.001"/>
  <testcase name="testWriteHive2ReadHive4UsingLegacyConversion(String)[2565]" classname="org.apache.hadoop.hive.ql.io.parquet.serde.TestParquetTimestampsHive2Compatibility" time="0"/>
  <testcase name="testWriteHive2ReadHive4UsingLegacyConversion(String)[2566]" classname="org.apache.hadoop.hive.ql.io.parquet.serde.TestParquetTimestampsHive2Compatibility" time="0"/>
  <testcase name="testWriteHive2ReadHive4UsingLegacyConversion(String)[2567]" classname="org.apache.hadoop.hive.ql.io.parquet.serde.TestParquetTimestampsHive2Compatibility" time="0"/>
  <testcase name="testWriteHive2ReadHive4UsingLegacyConversion(String)[2568]" classname="org.apache.hadoop.hive.ql.io.parquet.serde.TestParquetTimestampsHive2Compatibility" time="0"/>
  <testcase name="testWriteHive2ReadHive4UsingLegacyConversion(String)[2569]" classname="org.apache.hadoop.hive.ql.io.parquet.serde.TestParquetTimestampsHive2Compatibility" time="0"/>
  <testcase name="testWriteHive2ReadHive4UsingLegacyConversion(String)[2570]" classname="org.apache.hadoop.hive.ql.io.parquet.serde.TestParquetTimestampsHive2Compatibility" time="0"/>
  <testcase name="testWriteHive2ReadHive4UsingLegacyConversion(String)[2571]" classname="org.apache.hadoop.hive.ql.io.parquet.serde.TestParquetTimestampsHive2Compatibility" time="0"/>
  <testcase name="testWriteHive2ReadHive4UsingLegacyConversion(String)[2572]" classname="org.apache.hadoop.hive.ql.io.parquet.serde.TestParquetTimestampsHive2Compatibility" time="0"/>
  <testcase name="testWriteHive2ReadHive4UsingLegacyConversion(String)[2573]" classname="org.apache.hadoop.hive.ql.io.parquet.serde.TestParquetTimestampsHive2Compatibility" time="0"/>
  <testcase name="testWriteHive2ReadHive4UsingLegacyConversion(String)[2574]" classname="org.apache.hadoop.hive.ql.io.parquet.serde.TestParquetTimestampsHive2Compatibility" time="0"/>
  <testcase name="testWriteHive2ReadHive4UsingLegacyConversion(String)[2575]" classname="org.apache.hadoop.hive.ql.io.parquet.serde.TestParquetTimestampsHive2Compatibility" time="0"/>
  <testcase name="testWriteHive2ReadHive4UsingLegacyConversion(String)[2576]" classname="org.apache.hadoop.hive.ql.io.parquet.serde.TestParquetTimestampsHive2Compatibility" time="0"/>
  <testcase name="testWriteHive2ReadHive4UsingLegacyConversion(String)[2577]" classname="org.apache.hadoop.hive.ql.io.parquet.serde.TestParquetTimestampsHive2Compatibility" time="0"/>
  <testcase name="testWriteHive2ReadHive4UsingLegacyConversion(String)[2578]" classname="org.apache.hadoop.hive.ql.io.parquet.serde.TestParquetTimestampsHive2Compatibility" time="0.001"/>
  <testcase name="testWriteHive2ReadHive4UsingLegacyConversion(String)[2579]" classname="org.apache.hadoop.hive.ql.io.parquet.serde.TestParquetTimestampsHive2Compatibility" time="0"/>
  <testcase name="testWriteHive2ReadHive4UsingLegacyConversion(String)[2580]" classname="org.apache.hadoop.hive.ql.io.parquet.serde.TestParquetTimestampsHive2Compatibility" time="0"/>
  <testcase name="testWriteHive2ReadHive4UsingLegacyConversion(String)[2581]" classname="org.apache.hadoop.hive.ql.io.parquet.serde.TestParquetTimestampsHive2Compatibility" time="0.001"/>
  <testcase name="testWriteHive2ReadHive4UsingLegacyConversion(String)[2582]" classname="org.apache.hadoop.hive.ql.io.parquet.serde.TestParquetTimestampsHive2Compatibility" time="0"/>
  <testcase name="testWriteHive2ReadHive4UsingLegacyConversion(String)[2583]" classname="org.apache.hadoop.hive.ql.io.parquet.serde.TestParquetTimestampsHive2Compatibility" time="0"/>
  <testcase name="testWriteHive2ReadHive4UsingLegacyConversion(String)[2584]" classname="org.apache.hadoop.hive.ql.io.parquet.serde.TestParquetTimestampsHive2Compatibility" time="0.001"/>
  <testcase name="testWriteHive2ReadHive4UsingLegacyConversion(String)[2585]" classname="org.apache.hadoop.hive.ql.io.parquet.serde.TestParquetTimestampsHive2Compatibility" time="0"/>
  <testcase name="testWriteHive2ReadHive4UsingLegacyConversion(String)[2586]" classname="org.apache.hadoop.hive.ql.io.parquet.serde.TestParquetTimestampsHive2Compatibility" time="0"/>
  <testcase name="testWriteHive2ReadHive4UsingLegacyConversion(String)[2587]" classname="org.apache.hadoop.hive.ql.io.parquet.serde.TestParquetTimestampsHive2Compatibility" time="0"/>
  <testcase name="testWriteHive2ReadHive4UsingLegacyConversion(String)[2588]" classname="org.apache.hadoop.hive.ql.io.parquet.serde.TestParquetTimestampsHive2Compatibility" time="0"/>
  <testcase name="testWriteHive2ReadHive4UsingLegacyConversion(String)[2589]" classname="org.apache.hadoop.hive.ql.io.parquet.serde.TestParquetTimestampsHive2Compatibility" time="0.001"/>
  <testcase name="testWriteHive2ReadHive4UsingLegacyConversion(String)[2590]" classname="org.apache.hadoop.hive.ql.io.parquet.serde.TestParquetTimestampsHive2Compatibility" time="0"/>
  <testcase name="testWriteHive2ReadHive4UsingLegacyConversion(String)[2591]" classname="org.apache.hadoop.hive.ql.io.parquet.serde.TestParquetTimestampsHive2Compatibility" time="0"/>
  <testcase name="testWriteHive2ReadHive4UsingLegacyConversion(String)[2592]" classname="org.apache.hadoop.hive.ql.io.parquet.serde.TestParquetTimestampsHive2Compatibility" time="0.001"/>
  <testcase name="testWriteHive2ReadHive4UsingLegacyConversion(String)[2593]" classname="org.apache.hadoop.hive.ql.io.parquet.serde.TestParquetTimestampsHive2Compatibility" time="0"/>
  <testcase name="testWriteHive2ReadHive4UsingLegacyConversion(String)[2594]" classname="org.apache.hadoop.hive.ql.io.parquet.serde.TestParquetTimestampsHive2Compatibility" time="0"/>
  <testcase name="testWriteHive2ReadHive4UsingLegacyConversion(String)[2595]" classname="org.apache.hadoop.hive.ql.io.parquet.serde.TestParquetTimestampsHive2Compatibility" time="0"/>
  <testcase name="testWriteHive2ReadHive4UsingLegacyConversion(String)[2596]" classname="org.apache.hadoop.hive.ql.io.parquet.serde.TestParquetTimestampsHive2Compatibility" time="0"/>
  <testcase name="testWriteHive2ReadHive4UsingLegacyConversion(String)[2597]" classname="org.apache.hadoop.hive.ql.io.parquet.serde.TestParquetTimestampsHive2Compatibility" time="0"/>
  <testcase name="testWriteHive2ReadHive4UsingLegacyConversion(String)[2598]" classname="org.apache.hadoop.hive.ql.io.parquet.serde.TestParquetTimestampsHive2Compatibility" time="0"/>
  <testcase name="testWriteHive2ReadHive4UsingLegacyConversion(String)[2599]" classname="org.apache.hadoop.hive.ql.io.parquet.serde.TestParquetTimestampsHive2Compatibility" time="0"/>
  <testcase name="testWriteHive2ReadHive4UsingLegacyConversion(String)[2600]" classname="org.apache.hadoop.hive.ql.io.parquet.serde.TestParquetTimestampsHive2Compatibility" time="0.001"/>
  <testcase name="testWriteHive2ReadHive4UsingLegacyConversion(String)[2601]" classname="org.apache.hadoop.hive.ql.io.parquet.serde.TestParquetTimestampsHive2Compatibility" time="0"/>
  <testcase name="testWriteHive2ReadHive4UsingLegacyConversion(String)[2602]" classname="org.apache.hadoop.hive.ql.io.parquet.serde.TestParquetTimestampsHive2Compatibility" time="0"/>
  <testcase name="testWriteHive2ReadHive4UsingLegacyConversion(String)[2603]" classname="org.apache.hadoop.hive.ql.io.parquet.serde.TestParquetTimestampsHive2Compatibility" time="0.001"/>
  <testcase name="testWriteHive2ReadHive4UsingLegacyConversion(String)[2604]" classname="org.apache.hadoop.hive.ql.io.parquet.serde.TestParquetTimestampsHive2Compatibility" time="0"/>
  <testcase name="testWriteHive2ReadHive4UsingLegacyConversion(String)[2605]" classname="org.apache.hadoop.hive.ql.io.parquet.serde.TestParquetTimestampsHive2Compatibility" time="0"/>
  <testcase name="testWriteHive2ReadHive4UsingLegacyConversion(String)[2606]" classname="org.apache.hadoop.hive.ql.io.parquet.serde.TestParquetTimestampsHive2Compatibility" time="0"/>
  <testcase name="testWriteHive2ReadHive4UsingLegacyConversion(String)[2607]" classname="org.apache.hadoop.hive.ql.io.parquet.serde.TestParquetTimestampsHive2Compatibility" time="0"/>
  <testcase name="testWriteHive2ReadHive4UsingLegacyConversion(String)[2608]" classname="org.apache.hadoop.hive.ql.io.parquet.serde.TestParquetTimestampsHive2Compatibility" time="0.001"/>
  <testcase name="testWriteHive2ReadHive4UsingLegacyConversion(String)[2609]" classname="org.apache.hadoop.hive.ql.io.parquet.serde.TestParquetTimestampsHive2Compatibility" time="0"/>
  <testcase name="testWriteHive2ReadHive4UsingLegacyConversion(String)[2610]" classname="org.apache.hadoop.hive.ql.io.parquet.serde.TestParquetTimestampsHive2Compatibility" time="0"/>
  <testcase name="testWriteHive2ReadHive4UsingLegacyConversion(String)[2611]" classname="org.apache.hadoop.hive.ql.io.parquet.serde.TestParquetTimestampsHive2Compatibility" time="0.001"/>
  <testcase name="testWriteHive2ReadHive4UsingLegacyConversion(String)[2612]" classname="org.apache.hadoop.hive.ql.io.parquet.serde.TestParquetTimestampsHive2Compatibility" time="0"/>
  <testcase name="testWriteHive2ReadHive4UsingLegacyConversion(String)[2613]" classname="org.apache.hadoop.hive.ql.io.parquet.serde.TestParquetTimestampsHive2Compatibility" time="0"/>
  <testcase name="testWriteHive2ReadHive4UsingLegacyConversion(String)[2614]" classname="org.apache.hadoop.hive.ql.io.parquet.serde.TestParquetTimestampsHive2Compatibility" time="0"/>
  <testcase name="testWriteHive2ReadHive4UsingLegacyConversion(String)[2615]" classname="org.apache.hadoop.hive.ql.io.parquet.serde.TestParquetTimestampsHive2Compatibility" time="0"/>
  <testcase name="testWriteHive2ReadHive4UsingLegacyConversion(String)[2616]" classname="org.apache.hadoop.hive.ql.io.parquet.serde.TestParquetTimestampsHive2Compatibility" time="0"/>
  <testcase name="testWriteHive2ReadHive4UsingLegacyConversion(String)[2617]" classname="org.apache.hadoop.hive.ql.io.parquet.serde.TestParquetTimestampsHive2Compatibility" time="0"/>
  <testcase name="testWriteHive2ReadHive4UsingLegacyConversion(String)[2618]" classname="org.apache.hadoop.hive.ql.io.parquet.serde.TestParquetTimestampsHive2Compatibility" time="0"/>
  <testcase name="testWriteHive2ReadHive4UsingLegacyConversion(String)[2619]" classname="org.apache.hadoop.hive.ql.io.parquet.serde.TestParquetTimestampsHive2Compatibility" time="0"/>
  <testcase name="testWriteHive2ReadHive4UsingLegacyConversion(String)[2620]" classname="org.apache.hadoop.hive.ql.io.parquet.serde.TestParquetTimestampsHive2Compatibility" time="0"/>
  <testcase name="testWriteHive2ReadHive4UsingLegacyConversion(String)[2621]" classname="org.apache.hadoop.hive.ql.io.parquet.serde.TestParquetTimestampsHive2Compatibility" time="0"/>
  <testcase name="testWriteHive2ReadHive4UsingLegacyConversion(String)[2622]" classname="org.apache.hadoop.hive.ql.io.parquet.serde.TestParquetTimestampsHive2Compatibility" time="0.001"/>
  <testcase name="testWriteHive2ReadHive4UsingLegacyConversion(String)[2623]" classname="org.apache.hadoop.hive.ql.io.parquet.serde.TestParquetTimestampsHive2Compatibility" time="0"/>
  <testcase name="testWriteHive2ReadHive4UsingLegacyConversion(String)[2624]" classname="org.apache.hadoop.hive.ql.io.parquet.serde.TestParquetTimestampsHive2Compatibility" time="0"/>
  <testcase name="testWriteHive2ReadHive4UsingLegacyConversion(String)[2625]" classname="org.apache.hadoop.hive.ql.io.parquet.serde.TestParquetTimestampsHive2Compatibility" time="0.001"/>
  <testcase name="testWriteHive2ReadHive4UsingLegacyConversion(String)[2626]" classname="org.apache.hadoop.hive.ql.io.parquet.serde.TestParquetTimestampsHive2Compatibility" time="0"/>
  <testcase name="testWriteHive2ReadHive4UsingLegacyConversion(String)[2627]" classname="org.apache.hadoop.hive.ql.io.parquet.serde.TestParquetTimestampsHive2Compatibility" time="0"/>
  <testcase name="testWriteHive2ReadHive4UsingLegacyConversion(String)[2628]" classname="org.apache.hadoop.hive.ql.io.parquet.serde.TestParquetTimestampsHive2Compatibility" time="0.001"/>
  <testcase name="testWriteHive2ReadHive4UsingLegacyConversion(String)[2629]" classname="org.apache.hadoop.hive.ql.io.parquet.serde.TestParquetTimestampsHive2Compatibility" time="0"/>
  <testcase name="testWriteHive2ReadHive4UsingLegacyConversion(String)[2630]" classname="org.apache.hadoop.hive.ql.io.parquet.serde.TestParquetTimestampsHive2Compatibility" time="0"/>
  <testcase name="testWriteHive2ReadHive4UsingLegacyConversion(String)[2631]" classname="org.apache.hadoop.hive.ql.io.parquet.serde.TestParquetTimestampsHive2Compatibility" time="0.001"/>
  <testcase name="testWriteHive2ReadHive4UsingLegacyConversion(String)[2632]" classname="org.apache.hadoop.hive.ql.io.parquet.serde.TestParquetTimestampsHive2Compatibility" time="0"/>
  <testcase name="testWriteHive2ReadHive4UsingLegacyConversion(String)[2633]" classname="org.apache.hadoop.hive.ql.io.parquet.serde.TestParquetTimestampsHive2Compatibility" time="0"/>
  <testcase name="testWriteHive2ReadHive4UsingLegacyConversion(String)[2634]" classname="org.apache.hadoop.hive.ql.io.parquet.serde.TestParquetTimestampsHive2Compatibility" time="0"/>
  <testcase name="testWriteHive2ReadHive4UsingLegacyConversion(String)[2635]" classname="org.apache.hadoop.hive.ql.io.parquet.serde.TestParquetTimestampsHive2Compatibility" time="0"/>
  <testcase name="testWriteHive2ReadHive4UsingLegacyConversion(String)[2636]" classname="org.apache.hadoop.hive.ql.io.parquet.serde.TestParquetTimestampsHive2Compatibility" time="0"/>
  <testcase name="testWriteHive2ReadHive4UsingLegacyConversion(String)[2637]" classname="org.apache.hadoop.hive.ql.io.parquet.serde.TestParquetTimestampsHive2Compatibility" time="0"/>
  <testcase name="testWriteHive2ReadHive4UsingLegacyConversion(String)[2638]" classname="org.apache.hadoop.hive.ql.io.parquet.serde.TestParquetTimestampsHive2Compatibility" time="0"/>
  <testcase name="testWriteHive2ReadHive4UsingLegacyConversion(String)[2639]" classname="org.apache.hadoop.hive.ql.io.parquet.serde.TestParquetTimestampsHive2Compatibility" time="0"/>
  <testcase name="testWriteHive2ReadHive4UsingLegacyConversion(String)[2640]" classname="org.apache.hadoop.hive.ql.io.parquet.serde.TestParquetTimestampsHive2Compatibility" time="0"/>
  <testcase name="testWriteHive2ReadHive4UsingLegacyConversion(String)[2641]" classname="org.apache.hadoop.hive.ql.io.parquet.serde.TestParquetTimestampsHive2Compatibility" time="0"/>
  <testcase name="testWriteHive2ReadHive4UsingLegacyConversion(String)[2642]" classname="org.apache.hadoop.hive.ql.io.parquet.serde.TestParquetTimestampsHive2Compatibility" time="0.001"/>
  <testcase name="testWriteHive2ReadHive4UsingLegacyConversion(String)[2643]" classname="org.apache.hadoop.hive.ql.io.parquet.serde.TestParquetTimestampsHive2Compatibility" time="0"/>
  <testcase name="testWriteHive2ReadHive4UsingLegacyConversion(String)[2644]" classname="org.apache.hadoop.hive.ql.io.parquet.serde.TestParquetTimestampsHive2Compatibility" time="0"/>
  <testcase name="testWriteHive2ReadHive4UsingLegacyConversion(String)[2645]" classname="org.apache.hadoop.hive.ql.io.parquet.serde.TestParquetTimestampsHive2Compatibility" time="0.001"/>
  <testcase name="testWriteHive2ReadHive4UsingLegacyConversion(String)[2646]" classname="org.apache.hadoop.hive.ql.io.parquet.serde.TestParquetTimestampsHive2Compatibility" time="0"/>
  <testcase name="testWriteHive2ReadHive4UsingLegacyConversion(String)[2647]" classname="org.apache.hadoop.hive.ql.io.parquet.serde.TestParquetTimestampsHive2Compatibility" time="0"/>
  <testcase name="testWriteHive2ReadHive4UsingLegacyConversion(String)[2648]" classname="org.apache.hadoop.hive.ql.io.parquet.serde.TestParquetTimestampsHive2Compatibility" time="0.001"/>
  <testcase name="testWriteHive2ReadHive4UsingLegacyConversion(String)[2649]" classname="org.apache.hadoop.hive.ql.io.parquet.serde.TestParquetTimestampsHive2Compatibility" time="0"/>
  <testcase name="testWriteHive2ReadHive4UsingLegacyConversion(String)[2650]" classname="org.apache.hadoop.hive.ql.io.parquet.serde.TestParquetTimestampsHive2Compatibility" time="0"/>
  <testcase name="testWriteHive2ReadHive4UsingLegacyConversion(String)[2651]" classname="org.apache.hadoop.hive.ql.io.parquet.serde.TestParquetTimestampsHive2Compatibility" time="0.001"/>
  <testcase name="testWriteHive2ReadHive4UsingLegacyConversion(String)[2652]" classname="org.apache.hadoop.hive.ql.io.parquet.serde.TestParquetTimestampsHive2Compatibility" time="0"/>
  <testcase name="testWriteHive2ReadHive4UsingLegacyConversion(String)[2653]" classname="org.apache.hadoop.hive.ql.io.parquet.serde.TestParquetTimestampsHive2Compatibility" time="0"/>
  <testcase name="testWriteHive2ReadHive4UsingLegacyConversion(String)[2654]" classname="org.apache.hadoop.hive.ql.io.parquet.serde.TestParquetTimestampsHive2Compatibility" time="0.001"/>
  <testcase name="testWriteHive2ReadHive4UsingLegacyConversion(String)[2655]" classname="org.apache.hadoop.hive.ql.io.parquet.serde.TestParquetTimestampsHive2Compatibility" time="0"/>
  <testcase name="testWriteHive2ReadHive4UsingLegacyConversion(String)[2656]" classname="org.apache.hadoop.hive.ql.io.parquet.serde.TestParquetTimestampsHive2Compatibility" time="0"/>
  <testcase name="testWriteHive2ReadHive4UsingLegacyConversion(String)[2657]" classname="org.apache.hadoop.hive.ql.io.parquet.serde.TestParquetTimestampsHive2Compatibility" time="0.001"/>
  <testcase name="testWriteHive2ReadHive4UsingLegacyConversion(String)[2658]" classname="org.apache.hadoop.hive.ql.io.parquet.serde.TestParquetTimestampsHive2Compatibility" time="0"/>
  <testcase name="testWriteHive2ReadHive4UsingLegacyConversion(String)[2659]" classname="org.apache.hadoop.hive.ql.io.parquet.serde.TestParquetTimestampsHive2Compatibility" time="0"/>
  <testcase name="testWriteHive2ReadHive4UsingLegacyConversion(String)[2660]" classname="org.apache.hadoop.hive.ql.io.parquet.serde.TestParquetTimestampsHive2Compatibility" time="0"/>
  <testcase name="testWriteHive2ReadHive4UsingLegacyConversion(String)[2661]" classname="org.apache.hadoop.hive.ql.io.parquet.serde.TestParquetTimestampsHive2Compatibility" time="0"/>
  <testcase name="testWriteHive2ReadHive4UsingLegacyConversion(String)[2662]" classname="org.apache.hadoop.hive.ql.io.parquet.serde.TestParquetTimestampsHive2Compatibility" time="0"/>
  <testcase name="testWriteHive2ReadHive4UsingLegacyConversion(String)[2663]" classname="org.apache.hadoop.hive.ql.io.parquet.serde.TestParquetTimestampsHive2Compatibility" time="0"/>
  <testcase name="testWriteHive2ReadHive4UsingLegacyConversion(String)[2664]" classname="org.apache.hadoop.hive.ql.io.parquet.serde.TestParquetTimestampsHive2Compatibility" time="0"/>
  <testcase name="testWriteHive2ReadHive4UsingLegacyConversion(String)[2665]" classname="org.apache.hadoop.hive.ql.io.parquet.serde.TestParquetTimestampsHive2Compatibility" time="0"/>
  <testcase name="testWriteHive2ReadHive4UsingLegacyConversion(String)[2666]" classname="org.apache.hadoop.hive.ql.io.parquet.serde.TestParquetTimestampsHive2Compatibility" time="0"/>
  <testcase name="testWriteHive2ReadHive4UsingLegacyConversion(String)[2667]" classname="org.apache.hadoop.hive.ql.io.parquet.serde.TestParquetTimestampsHive2Compatibility" time="0.001"/>
  <testcase name="testWriteHive2ReadHive4UsingLegacyConversion(String)[2668]" classname="org.apache.hadoop.hive.ql.io.parquet.serde.TestParquetTimestampsHive2Compatibility" time="0"/>
  <testcase name="testWriteHive2ReadHive4UsingLegacyConversion(String)[2669]" classname="org.apache.hadoop.hive.ql.io.parquet.serde.TestParquetTimestampsHive2Compatibility" time="0"/>
  <testcase name="testWriteHive2ReadHive4UsingLegacyConversion(String)[2670]" classname="org.apache.hadoop.hive.ql.io.parquet.serde.TestParquetTimestampsHive2Compatibility" time="0"/>
  <testcase name="testWriteHive2ReadHive4UsingLegacyConversion(String)[2671]" classname="org.apache.hadoop.hive.ql.io.parquet.serde.TestParquetTimestampsHive2Compatibility" time="0"/>
  <testcase name="testWriteHive2ReadHive4UsingLegacyConversion(String)[2672]" classname="org.apache.hadoop.hive.ql.io.parquet.serde.TestParquetTimestampsHive2Compatibility" time="0"/>
  <testcase name="testWriteHive2ReadHive4UsingLegacyConversion(String)[2673]" classname="org.apache.hadoop.hive.ql.io.parquet.serde.TestParquetTimestampsHive2Compatibility" time="0"/>
  <testcase name="testWriteHive2ReadHive4UsingLegacyConversion(String)[2674]" classname="org.apache.hadoop.hive.ql.io.parquet.serde.TestParquetTimestampsHive2Compatibility" time="0.001"/>
  <testcase name="testWriteHive2ReadHive4UsingLegacyConversion(String)[2675]" classname="org.apache.hadoop.hive.ql.io.parquet.serde.TestParquetTimestampsHive2Compatibility" time="0"/>
  <testcase name="testWriteHive2ReadHive4UsingLegacyConversion(String)[2676]" classname="org.apache.hadoop.hive.ql.io.parquet.serde.TestParquetTimestampsHive2Compatibility" time="0"/>
  <testcase name="testWriteHive2ReadHive4UsingLegacyConversion(String)[2677]" classname="org.apache.hadoop.hive.ql.io.parquet.serde.TestParquetTimestampsHive2Compatibility" time="0"/>
  <testcase name="testWriteHive2ReadHive4UsingLegacyConversion(String)[2678]" classname="org.apache.hadoop.hive.ql.io.parquet.serde.TestParquetTimestampsHive2Compatibility" time="0"/>
  <testcase name="testWriteHive2ReadHive4UsingLegacyConversion(String)[2679]" classname="org.apache.hadoop.hive.ql.io.parquet.serde.TestParquetTimestampsHive2Compatibility" time="0"/>
  <testcase name="testWriteHive2ReadHive4UsingLegacyConversion(String)[2680]" classname="org.apache.hadoop.hive.ql.io.parquet.serde.TestParquetTimestampsHive2Compatibility" time="0"/>
  <testcase name="testWriteHive2ReadHive4UsingLegacyConversion(String)[2681]" classname="org.apache.hadoop.hive.ql.io.parquet.serde.TestParquetTimestampsHive2Compatibility" time="0.001"/>
  <testcase name="testWriteHive2ReadHive4UsingLegacyConversion(String)[2682]" classname="org.apache.hadoop.hive.ql.io.parquet.serde.TestParquetTimestampsHive2Compatibility" time="0"/>
  <testcase name="testWriteHive2ReadHive4UsingLegacyConversion(String)[2683]" classname="org.apache.hadoop.hive.ql.io.parquet.serde.TestParquetTimestampsHive2Compatibility" time="0"/>
  <testcase name="testWriteHive2ReadHive4UsingLegacyConversion(String)[2684]" classname="org.apache.hadoop.hive.ql.io.parquet.serde.TestParquetTimestampsHive2Compatibility" time="0.001"/>
  <testcase name="testWriteHive2ReadHive4UsingLegacyConversion(String)[2685]" classname="org.apache.hadoop.hive.ql.io.parquet.serde.TestParquetTimestampsHive2Compatibility" time="0"/>
  <testcase name="testWriteHive2ReadHive4UsingLegacyConversion(String)[2686]" classname="org.apache.hadoop.hive.ql.io.parquet.serde.TestParquetTimestampsHive2Compatibility" time="0"/>
  <testcase name="testWriteHive2ReadHive4UsingLegacyConversion(String)[2687]" classname="org.apache.hadoop.hive.ql.io.parquet.serde.TestParquetTimestampsHive2Compatibility" time="0"/>
  <testcase name="testWriteHive2ReadHive4UsingLegacyConversion(String)[2688]" classname="org.apache.hadoop.hive.ql.io.parquet.serde.TestParquetTimestampsHive2Compatibility" time="0"/>
  <testcase name="testWriteHive2ReadHive4UsingLegacyConversion(String)[2689]" classname="org.apache.hadoop.hive.ql.io.parquet.serde.TestParquetTimestampsHive2Compatibility" time="0"/>
  <testcase name="testWriteHive2ReadHive4UsingLegacyConversion(String)[2690]" classname="org.apache.hadoop.hive.ql.io.parquet.serde.TestParquetTimestampsHive2Compatibility" time="0"/>
  <testcase name="testWriteHive2ReadHive4UsingLegacyConversion(String)[2691]" classname="org.apache.hadoop.hive.ql.io.parquet.serde.TestParquetTimestampsHive2Compatibility" time="0.001"/>
  <testcase name="testWriteHive2ReadHive4UsingLegacyConversion(String)[2692]" classname="org.apache.hadoop.hive.ql.io.parquet.serde.TestParquetTimestampsHive2Compatibility" time="0"/>
  <testcase name="testWriteHive2ReadHive4UsingLegacyConversion(String)[2693]" classname="org.apache.hadoop.hive.ql.io.parquet.serde.TestParquetTimestampsHive2Compatibility" time="0"/>
  <testcase name="testWriteHive2ReadHive4UsingLegacyConversion(String)[2694]" classname="org.apache.hadoop.hive.ql.io.parquet.serde.TestParquetTimestampsHive2Compatibility" time="0.001"/>
  <testcase name="testWriteHive2ReadHive4UsingLegacyConversion(String)[2695]" classname="org.apache.hadoop.hive.ql.io.parquet.serde.TestParquetTimestampsHive2Compatibility" time="0"/>
  <testcase name="testWriteHive2ReadHive4UsingLegacyConversion(String)[2696]" classname="org.apache.hadoop.hive.ql.io.parquet.serde.TestParquetTimestampsHive2Compatibility" time="0"/>
  <testcase name="testWriteHive2ReadHive4UsingLegacyConversion(String)[2697]" classname="org.apache.hadoop.hive.ql.io.parquet.serde.TestParquetTimestampsHive2Compatibility" time="0.001"/>
  <testcase name="testWriteHive2ReadHive4UsingLegacyConversion(String)[2698]" classname="org.apache.hadoop.hive.ql.io.parquet.serde.TestParquetTimestampsHive2Compatibility" time="0"/>
  <testcase name="testWriteHive2ReadHive4UsingLegacyConversion(String)[2699]" classname="org.apache.hadoop.hive.ql.io.parquet.serde.TestParquetTimestampsHive2Compatibility" time="0"/>
  <testcase name="testWriteHive2ReadHive4UsingLegacyConversion(String)[2700]" classname="org.apache.hadoop.hive.ql.io.parquet.serde.TestParquetTimestampsHive2Compatibility" time="0"/>
  <testcase name="testWriteHive2ReadHive4UsingLegacyConversion(String)[2701]" classname="org.apache.hadoop.hive.ql.io.parquet.serde.TestParquetTimestampsHive2Compatibility" time="0"/>
  <testcase name="testWriteHive2ReadHive4UsingLegacyConversion(String)[2702]" classname="org.apache.hadoop.hive.ql.io.parquet.serde.TestParquetTimestampsHive2Compatibility" time="0"/>
  <testcase name="testWriteHive2ReadHive4UsingLegacyConversion(String)[2703]" classname="org.apache.hadoop.hive.ql.io.parquet.serde.TestParquetTimestampsHive2Compatibility" time="0.001"/>
  <testcase name="testWriteHive2ReadHive4UsingLegacyConversion(String)[2704]" classname="org.apache.hadoop.hive.ql.io.parquet.serde.TestParquetTimestampsHive2Compatibility" time="0"/>
  <testcase name="testWriteHive2ReadHive4UsingLegacyConversion(String)[2705]" classname="org.apache.hadoop.hive.ql.io.parquet.serde.TestParquetTimestampsHive2Compatibility" time="0"/>
  <testcase name="testWriteHive2ReadHive4UsingLegacyConversion(String)[2706]" classname="org.apache.hadoop.hive.ql.io.parquet.serde.TestParquetTimestampsHive2Compatibility" time="0.001"/>
  <testcase name="testWriteHive2ReadHive4UsingLegacyConversion(String)[2707]" classname="org.apache.hadoop.hive.ql.io.parquet.serde.TestParquetTimestampsHive2Compatibility" time="0"/>
  <testcase name="testWriteHive2ReadHive4UsingLegacyConversion(String)[2708]" classname="org.apache.hadoop.hive.ql.io.parquet.serde.TestParquetTimestampsHive2Compatibility" time="0"/>
  <testcase name="testWriteHive2ReadHive4UsingLegacyConversion(String)[2709]" classname="org.apache.hadoop.hive.ql.io.parquet.serde.TestParquetTimestampsHive2Compatibility" time="0"/>
  <testcase name="testWriteHive2ReadHive4UsingLegacyConversion(String)[2710]" classname="org.apache.hadoop.hive.ql.io.parquet.serde.TestParquetTimestampsHive2Compatibility" time="0"/>
  <testcase name="testWriteHive2ReadHive4UsingLegacyConversion(String)[2711]" classname="org.apache.hadoop.hive.ql.io.parquet.serde.TestParquetTimestampsHive2Compatibility" time="0"/>
  <testcase name="testWriteHive2ReadHive4UsingLegacyConversion(String)[2712]" classname="org.apache.hadoop.hive.ql.io.parquet.serde.TestParquetTimestampsHive2Compatibility" time="0"/>
  <testcase name="testWriteHive2ReadHive4UsingLegacyConversion(String)[2713]" classname="org.apache.hadoop.hive.ql.io.parquet.serde.TestParquetTimestampsHive2Compatibility" time="0"/>
  <testcase name="testWriteHive2ReadHive4UsingLegacyConversion(String)[2714]" classname="org.apache.hadoop.hive.ql.io.parquet.serde.TestParquetTimestampsHive2Compatibility" time="0"/>
  <testcase name="testWriteHive2ReadHive4UsingLegacyConversion(String)[2715]" classname="org.apache.hadoop.hive.ql.io.parquet.serde.TestParquetTimestampsHive2Compatibility" time="0"/>
  <testcase name="testWriteHive2ReadHive4UsingLegacyConversion(String)[2716]" classname="org.apache.hadoop.hive.ql.io.parquet.serde.TestParquetTimestampsHive2Compatibility" time="0"/>
  <testcase name="testWriteHive2ReadHive4UsingLegacyConversion(String)[2717]" classname="org.apache.hadoop.hive.ql.io.parquet.serde.TestParquetTimestampsHive2Compatibility" time="0"/>
  <testcase name="testWriteHive2ReadHive4UsingLegacyConversion(String)[2718]" classname="org.apache.hadoop.hive.ql.io.parquet.serde.TestParquetTimestampsHive2Compatibility" time="0.001"/>
  <testcase name="testWriteHive2ReadHive4UsingLegacyConversion(String)[2719]" classname="org.apache.hadoop.hive.ql.io.parquet.serde.TestParquetTimestampsHive2Compatibility" time="0"/>
  <testcase name="testWriteHive2ReadHive4UsingLegacyConversion(String)[2720]" classname="org.apache.hadoop.hive.ql.io.parquet.serde.TestParquetTimestampsHive2Compatibility" time="0"/>
  <testcase name="testWriteHive2ReadHive4UsingLegacyConversion(String)[2721]" classname="org.apache.hadoop.hive.ql.io.parquet.serde.TestParquetTimestampsHive2Compatibility" time="0"/>
  <testcase name="testWriteHive2ReadHive4UsingLegacyConversion(String)[2722]" classname="org.apache.hadoop.hive.ql.io.parquet.serde.TestParquetTimestampsHive2Compatibility" time="0"/>
  <testcase name="testWriteHive2ReadHive4UsingLegacyConversion(String)[2723]" classname="org.apache.hadoop.hive.ql.io.parquet.serde.TestParquetTimestampsHive2Compatibility" time="0"/>
  <testcase name="testWriteHive2ReadHive4UsingLegacyConversion(String)[2724]" classname="org.apache.hadoop.hive.ql.io.parquet.serde.TestParquetTimestampsHive2Compatibility" time="0.001"/>
  <testcase name="testWriteHive2ReadHive4UsingLegacyConversion(String)[2725]" classname="org.apache.hadoop.hive.ql.io.parquet.serde.TestParquetTimestampsHive2Compatibility" time="0"/>
  <testcase name="testWriteHive2ReadHive4UsingLegacyConversion(String)[2726]" classname="org.apache.hadoop.hive.ql.io.parquet.serde.TestParquetTimestampsHive2Compatibility" time="0"/>
  <testcase name="testWriteHive2ReadHive4UsingLegacyConversion(String)[2727]" classname="org.apache.hadoop.hive.ql.io.parquet.serde.TestParquetTimestampsHive2Compatibility" time="0"/>
  <testcase name="testWriteHive2ReadHive4UsingLegacyConversion(String)[2728]" classname="org.apache.hadoop.hive.ql.io.parquet.serde.TestParquetTimestampsHive2Compatibility" time="0"/>
  <testcase name="testWriteHive2ReadHive4UsingLegacyConversion(String)[2729]" classname="org.apache.hadoop.hive.ql.io.parquet.serde.TestParquetTimestampsHive2Compatibility" time="0.001"/>
  <testcase name="testWriteHive2ReadHive4UsingLegacyConversion(String)[2730]" classname="org.apache.hadoop.hive.ql.io.parquet.serde.TestParquetTimestampsHive2Compatibility" time="0"/>
  <testcase name="testWriteHive2ReadHive4UsingLegacyConversion(String)[2731]" classname="org.apache.hadoop.hive.ql.io.parquet.serde.TestParquetTimestampsHive2Compatibility" time="0.001"/>
  <testcase name="testWriteHive2ReadHive4UsingLegacyConversion(String)[2732]" classname="org.apache.hadoop.hive.ql.io.parquet.serde.TestParquetTimestampsHive2Compatibility" time="0"/>
  <testcase name="testWriteHive2ReadHive4UsingLegacyConversion(String)[2733]" classname="org.apache.hadoop.hive.ql.io.parquet.serde.TestParquetTimestampsHive2Compatibility" time="0.001"/>
  <testcase name="testWriteHive2ReadHive4UsingLegacyConversion(String)[2734]" classname="org.apache.hadoop.hive.ql.io.parquet.serde.TestParquetTimestampsHive2Compatibility" time="0"/>
  <testcase name="testWriteHive2ReadHive4UsingLegacyConversion(String)[2735]" classname="org.apache.hadoop.hive.ql.io.parquet.serde.TestParquetTimestampsHive2Compatibility" time="0"/>
  <testcase name="testWriteHive2ReadHive4UsingLegacyConversion(String)[2736]" classname="org.apache.hadoop.hive.ql.io.parquet.serde.TestParquetTimestampsHive2Compatibility" time="0"/>
  <testcase name="testWriteHive2ReadHive4UsingLegacyConversion(String)[2737]" classname="org.apache.hadoop.hive.ql.io.parquet.serde.TestParquetTimestampsHive2Compatibility" time="0"/>
  <testcase name="testWriteHive2ReadHive4UsingLegacyConversion(String)[2738]" classname="org.apache.hadoop.hive.ql.io.parquet.serde.TestParquetTimestampsHive2Compatibility" time="0.001"/>
  <testcase name="testWriteHive2ReadHive4UsingLegacyConversion(String)[2739]" classname="org.apache.hadoop.hive.ql.io.parquet.serde.TestParquetTimestampsHive2Compatibility" time="0"/>
  <testcase name="testWriteHive2ReadHive4UsingLegacyConversion(String)[2740]" classname="org.apache.hadoop.hive.ql.io.parquet.serde.TestParquetTimestampsHive2Compatibility" time="0.001"/>
  <testcase name="testWriteHive2ReadHive4UsingLegacyConversion(String)[2741]" classname="org.apache.hadoop.hive.ql.io.parquet.serde.TestParquetTimestampsHive2Compatibility" time="0"/>
  <testcase name="testWriteHive2ReadHive4UsingLegacyConversion(String)[2742]" classname="org.apache.hadoop.hive.ql.io.parquet.serde.TestParquetTimestampsHive2Compatibility" time="0"/>
  <testcase name="testWriteHive2ReadHive4UsingLegacyConversion(String)[2743]" classname="org.apache.hadoop.hive.ql.io.parquet.serde.TestParquetTimestampsHive2Compatibility" time="0"/>
  <testcase name="testWriteHive2ReadHive4UsingLegacyConversion(String)[2744]" classname="org.apache.hadoop.hive.ql.io.parquet.serde.TestParquetTimestampsHive2Compatibility" time="0"/>
  <testcase name="testWriteHive2ReadHive4UsingLegacyConversion(String)[2745]" classname="org.apache.hadoop.hive.ql.io.parquet.serde.TestParquetTimestampsHive2Compatibility" time="0"/>
  <testcase name="testWriteHive2ReadHive4UsingLegacyConversion(String)[2746]" classname="org.apache.hadoop.hive.ql.io.parquet.serde.TestParquetTimestampsHive2Compatibility" time="0"/>
  <testcase name="testWriteHive2ReadHive4UsingLegacyConversion(String)[2747]" classname="org.apache.hadoop.hive.ql.io.parquet.serde.TestParquetTimestampsHive2Compatibility" time="0"/>
  <testcase name="testWriteHive2ReadHive4UsingLegacyConversion(String)[2748]" classname="org.apache.hadoop.hive.ql.io.parquet.serde.TestParquetTimestampsHive2Compatibility" time="0.001"/>
  <testcase name="testWriteHive2ReadHive4UsingLegacyConversion(String)[2749]" classname="org.apache.hadoop.hive.ql.io.parquet.serde.TestParquetTimestampsHive2Compatibility" time="0"/>
  <testcase name="testWriteHive2ReadHive4UsingLegacyConversion(String)[2750]" classname="org.apache.hadoop.hive.ql.io.parquet.serde.TestParquetTimestampsHive2Compatibility" time="0.001"/>
  <testcase name="testWriteHive2ReadHive4UsingLegacyConversion(String)[2751]" classname="org.apache.hadoop.hive.ql.io.parquet.serde.TestParquetTimestampsHive2Compatibility" time="0"/>
  <testcase name="testWriteHive2ReadHive4UsingLegacyConversion(String)[2752]" classname="org.apache.hadoop.hive.ql.io.parquet.serde.TestParquetTimestampsHive2Compatibility" time="0.001"/>
  <testcase name="testWriteHive2ReadHive4UsingLegacyConversion(String)[2753]" classname="org.apache.hadoop.hive.ql.io.parquet.serde.TestParquetTimestampsHive2Compatibility" time="0"/>
  <testcase name="testWriteHive2ReadHive4UsingLegacyConversion(String)[2754]" classname="org.apache.hadoop.hive.ql.io.parquet.serde.TestParquetTimestampsHive2Compatibility" time="0"/>
  <testcase name="testWriteHive2ReadHive4UsingLegacyConversion(String)[2755]" classname="org.apache.hadoop.hive.ql.io.parquet.serde.TestParquetTimestampsHive2Compatibility" time="0"/>
  <testcase name="testWriteHive2ReadHive4UsingLegacyConversion(String)[2756]" classname="org.apache.hadoop.hive.ql.io.parquet.serde.TestParquetTimestampsHive2Compatibility" time="0"/>
  <testcase name="testWriteHive2ReadHive4UsingLegacyConversion(String)[2757]" classname="org.apache.hadoop.hive.ql.io.parquet.serde.TestParquetTimestampsHive2Compatibility" time="0"/>
  <testcase name="testWriteHive2ReadHive4UsingLegacyConversion(String)[2758]" classname="org.apache.hadoop.hive.ql.io.parquet.serde.TestParquetTimestampsHive2Compatibility" time="0"/>
  <testcase name="testWriteHive2ReadHive4UsingLegacyConversion(String)[2759]" classname="org.apache.hadoop.hive.ql.io.parquet.serde.TestParquetTimestampsHive2Compatibility" time="0.001"/>
  <testcase name="testWriteHive2ReadHive4UsingLegacyConversion(String)[2760]" classname="org.apache.hadoop.hive.ql.io.parquet.serde.TestParquetTimestampsHive2Compatibility" time="0"/>
  <testcase name="testWriteHive2ReadHive4UsingLegacyConversion(String)[2761]" classname="org.apache.hadoop.hive.ql.io.parquet.serde.TestParquetTimestampsHive2Compatibility" time="0.001"/>
  <testcase name="testWriteHive2ReadHive4UsingLegacyConversion(String)[2762]" classname="org.apache.hadoop.hive.ql.io.parquet.serde.TestParquetTimestampsHive2Compatibility" time="0"/>
  <testcase name="testWriteHive2ReadHive4UsingLegacyConversion(String)[2763]" classname="org.apache.hadoop.hive.ql.io.parquet.serde.TestParquetTimestampsHive2Compatibility" time="0"/>
  <testcase name="testWriteHive2ReadHive4UsingLegacyConversion(String)[2764]" classname="org.apache.hadoop.hive.ql.io.parquet.serde.TestParquetTimestampsHive2Compatibility" time="0"/>
  <testcase name="testWriteHive2ReadHive4UsingLegacyConversion(String)[2765]" classname="org.apache.hadoop.hive.ql.io.parquet.serde.TestParquetTimestampsHive2Compatibility" time="0"/>
  <testcase name="testWriteHive2ReadHive4UsingLegacyConversion(String)[2766]" classname="org.apache.hadoop.hive.ql.io.parquet.serde.TestParquetTimestampsHive2Compatibility" time="0"/>
  <testcase name="testWriteHive2ReadHive4UsingLegacyConversion(String)[2767]" classname="org.apache.hadoop.hive.ql.io.parquet.serde.TestParquetTimestampsHive2Compatibility" time="0"/>
  <testcase name="testWriteHive2ReadHive4UsingLegacyConversion(String)[2768]" classname="org.apache.hadoop.hive.ql.io.parquet.serde.TestParquetTimestampsHive2Compatibility" time="0"/>
  <testcase name="testWriteHive2ReadHive4UsingLegacyConversion(String)[2769]" classname="org.apache.hadoop.hive.ql.io.parquet.serde.TestParquetTimestampsHive2Compatibility" time="0"/>
  <testcase name="testWriteHive2ReadHive4UsingLegacyConversion(String)[2770]" classname="org.apache.hadoop.hive.ql.io.parquet.serde.TestParquetTimestampsHive2Compatibility" time="0"/>
  <testcase name="testWriteHive2ReadHive4UsingLegacyConversion(String)[2771]" classname="org.apache.hadoop.hive.ql.io.parquet.serde.TestParquetTimestampsHive2Compatibility" time="0"/>
  <testcase name="testWriteHive2ReadHive4UsingLegacyConversion(String)[2772]" classname="org.apache.hadoop.hive.ql.io.parquet.serde.TestParquetTimestampsHive2Compatibility" time="0"/>
  <testcase name="testWriteHive2ReadHive4UsingLegacyConversion(String)[2773]" classname="org.apache.hadoop.hive.ql.io.parquet.serde.TestParquetTimestampsHive2Compatibility" time="0"/>
  <testcase name="testWriteHive2ReadHive4UsingLegacyConversion(String)[2774]" classname="org.apache.hadoop.hive.ql.io.parquet.serde.TestParquetTimestampsHive2Compatibility" time="0"/>
  <testcase name="testWriteHive2ReadHive4UsingLegacyConversion(String)[2775]" classname="org.apache.hadoop.hive.ql.io.parquet.serde.TestParquetTimestampsHive2Compatibility" time="0.001"/>
  <testcase name="testWriteHive2ReadHive4UsingLegacyConversion(String)[2776]" classname="org.apache.hadoop.hive.ql.io.parquet.serde.TestParquetTimestampsHive2Compatibility" time="0"/>
  <testcase name="testWriteHive2ReadHive4UsingLegacyConversion(String)[2777]" classname="org.apache.hadoop.hive.ql.io.parquet.serde.TestParquetTimestampsHive2Compatibility" time="0.001"/>
  <testcase name="testWriteHive2ReadHive4UsingLegacyConversion(String)[2778]" classname="org.apache.hadoop.hive.ql.io.parquet.serde.TestParquetTimestampsHive2Compatibility" time="0"/>
  <testcase name="testWriteHive2ReadHive4UsingLegacyConversion(String)[2779]" classname="org.apache.hadoop.hive.ql.io.parquet.serde.TestParquetTimestampsHive2Compatibility" time="0.001"/>
  <testcase name="testWriteHive2ReadHive4UsingLegacyConversion(String)[2780]" classname="org.apache.hadoop.hive.ql.io.parquet.serde.TestParquetTimestampsHive2Compatibility" time="0"/>
  <testcase name="testWriteHive2ReadHive4UsingLegacyConversion(String)[2781]" classname="org.apache.hadoop.hive.ql.io.parquet.serde.TestParquetTimestampsHive2Compatibility" time="0.001"/>
  <testcase name="testWriteHive2ReadHive4UsingLegacyConversion(String)[2782]" classname="org.apache.hadoop.hive.ql.io.parquet.serde.TestParquetTimestampsHive2Compatibility" time="0"/>
  <testcase name="testWriteHive2ReadHive4UsingLegacyConversion(String)[2783]" classname="org.apache.hadoop.hive.ql.io.parquet.serde.TestParquetTimestampsHive2Compatibility" time="0"/>
  <testcase name="testWriteHive2ReadHive4UsingLegacyConversion(String)[2784]" classname="org.apache.hadoop.hive.ql.io.parquet.serde.TestParquetTimestampsHive2Compatibility" time="0"/>
  <testcase name="testWriteHive2ReadHive4UsingLegacyConversion(String)[2785]" classname="org.apache.hadoop.hive.ql.io.parquet.serde.TestParquetTimestampsHive2Compatibility" time="0"/>
  <testcase name="testWriteHive2ReadHive4UsingLegacyConversion(String)[2786]" classname="org.apache.hadoop.hive.ql.io.parquet.serde.TestParquetTimestampsHive2Compatibility" time="0"/>
  <testcase name="testWriteHive2ReadHive4UsingLegacyConversion(String)[2787]" classname="org.apache.hadoop.hive.ql.io.parquet.serde.TestParquetTimestampsHive2Compatibility" time="0"/>
  <testcase name="testWriteHive2ReadHive4UsingLegacyConversion(String)[2788]" classname="org.apache.hadoop.hive.ql.io.parquet.serde.TestParquetTimestampsHive2Compatibility" time="0.001"/>
  <testcase name="testWriteHive2ReadHive4UsingLegacyConversion(String)[2789]" classname="org.apache.hadoop.hive.ql.io.parquet.serde.TestParquetTimestampsHive2Compatibility" time="0"/>
  <testcase name="testWriteHive2ReadHive4UsingLegacyConversion(String)[2790]" classname="org.apache.hadoop.hive.ql.io.parquet.serde.TestParquetTimestampsHive2Compatibility" time="0"/>
  <testcase name="testWriteHive2ReadHive4UsingLegacyConversion(String)[2791]" classname="org.apache.hadoop.hive.ql.io.parquet.serde.TestParquetTimestampsHive2Compatibility" time="0"/>
  <testcase name="testWriteHive2ReadHive4UsingLegacyConversion(String)[2792]" classname="org.apache.hadoop.hive.ql.io.parquet.serde.TestParquetTimestampsHive2Compatibility" time="0.001"/>
  <testcase name="testWriteHive2ReadHive4UsingLegacyConversion(String)[2793]" classname="org.apache.hadoop.hive.ql.io.parquet.serde.TestParquetTimestampsHive2Compatibility" time="0"/>
  <testcase name="testWriteHive2ReadHive4UsingLegacyConversion(String)[2794]" classname="org.apache.hadoop.hive.ql.io.parquet.serde.TestParquetTimestampsHive2Compatibility" time="0"/>
  <testcase name="testWriteHive2ReadHive4UsingLegacyConversion(String)[2795]" classname="org.apache.hadoop.hive.ql.io.parquet.serde.TestParquetTimestampsHive2Compatibility" time="0"/>
  <testcase name="testWriteHive2ReadHive4UsingLegacyConversion(String)[2796]" classname="org.apache.hadoop.hive.ql.io.parquet.serde.TestParquetTimestampsHive2Compatibility" time="0"/>
  <testcase name="testWriteHive2ReadHive4UsingLegacyConversion(String)[2797]" classname="org.apache.hadoop.hive.ql.io.parquet.serde.TestParquetTimestampsHive2Compatibility" time="0"/>
  <testcase name="testWriteHive2ReadHive4UsingLegacyConversion(String)[2798]" classname="org.apache.hadoop.hive.ql.io.parquet.serde.TestParquetTimestampsHive2Compatibility" time="0"/>
  <testcase name="testWriteHive2ReadHive4UsingLegacyConversion(String)[2799]" classname="org.apache.hadoop.hive.ql.io.parquet.serde.TestParquetTimestampsHive2Compatibility" time="0"/>
  <testcase name="testWriteHive2ReadHive4UsingLegacyConversion(String)[2800]" classname="org.apache.hadoop.hive.ql.io.parquet.serde.TestParquetTimestampsHive2Compatibility" time="0"/>
  <testcase name="testWriteHive2ReadHive4UsingLegacyConversion(String)[2801]" classname="org.apache.hadoop.hive.ql.io.parquet.serde.TestParquetTimestampsHive2Compatibility" time="0"/>
  <testcase name="testWriteHive2ReadHive4UsingLegacyConversion(String)[2802]" classname="org.apache.hadoop.hive.ql.io.parquet.serde.TestParquetTimestampsHive2Compatibility" time="0"/>
  <testcase name="testWriteHive2ReadHive4UsingLegacyConversion(String)[2803]" classname="org.apache.hadoop.hive.ql.io.parquet.serde.TestParquetTimestampsHive2Compatibility" time="0"/>
  <testcase name="testWriteHive2ReadHive4UsingLegacyConversion(String)[2804]" classname="org.apache.hadoop.hive.ql.io.parquet.serde.TestParquetTimestampsHive2Compatibility" time="0"/>
  <testcase name="testWriteHive2ReadHive4UsingLegacyConversion(String)[2805]" classname="org.apache.hadoop.hive.ql.io.parquet.serde.TestParquetTimestampsHive2Compatibility" time="0"/>
  <testcase name="testWriteHive2ReadHive4UsingLegacyConversion(String)[2806]" classname="org.apache.hadoop.hive.ql.io.parquet.serde.TestParquetTimestampsHive2Compatibility" time="0"/>
  <testcase name="testWriteHive2ReadHive4UsingLegacyConversion(String)[2807]" classname="org.apache.hadoop.hive.ql.io.parquet.serde.TestParquetTimestampsHive2Compatibility" time="0"/>
  <testcase name="testWriteHive2ReadHive4UsingLegacyConversion(String)[2808]" classname="org.apache.hadoop.hive.ql.io.parquet.serde.TestParquetTimestampsHive2Compatibility" time="0"/>
  <testcase name="testWriteHive2ReadHive4UsingLegacyConversion(String)[2809]" classname="org.apache.hadoop.hive.ql.io.parquet.serde.TestParquetTimestampsHive2Compatibility" time="0"/>
  <testcase name="testWriteHive2ReadHive4UsingLegacyConversion(String)[2810]" classname="org.apache.hadoop.hive.ql.io.parquet.serde.TestParquetTimestampsHive2Compatibility" time="0"/>
  <testcase name="testWriteHive2ReadHive4UsingLegacyConversion(String)[2811]" classname="org.apache.hadoop.hive.ql.io.parquet.serde.TestParquetTimestampsHive2Compatibility" time="0"/>
  <testcase name="testWriteHive2ReadHive4UsingLegacyConversion(String)[2812]" classname="org.apache.hadoop.hive.ql.io.parquet.serde.TestParquetTimestampsHive2Compatibility" time="0"/>
  <testcase name="testWriteHive2ReadHive4UsingLegacyConversion(String)[2813]" classname="org.apache.hadoop.hive.ql.io.parquet.serde.TestParquetTimestampsHive2Compatibility" time="0"/>
  <testcase name="testWriteHive2ReadHive4UsingLegacyConversion(String)[2814]" classname="org.apache.hadoop.hive.ql.io.parquet.serde.TestParquetTimestampsHive2Compatibility" time="0"/>
  <testcase name="testWriteHive2ReadHive4UsingLegacyConversion(String)[2815]" classname="org.apache.hadoop.hive.ql.io.parquet.serde.TestParquetTimestampsHive2Compatibility" time="0"/>
  <testcase name="testWriteHive2ReadHive4UsingLegacyConversion(String)[2816]" classname="org.apache.hadoop.hive.ql.io.parquet.serde.TestParquetTimestampsHive2Compatibility" time="0"/>
  <testcase name="testWriteHive2ReadHive4UsingLegacyConversion(String)[2817]" classname="org.apache.hadoop.hive.ql.io.parquet.serde.TestParquetTimestampsHive2Compatibility" time="0.001"/>
  <testcase name="testWriteHive2ReadHive4UsingLegacyConversion(String)[2818]" classname="org.apache.hadoop.hive.ql.io.parquet.serde.TestParquetTimestampsHive2Compatibility" time="0"/>
  <testcase name="testWriteHive2ReadHive4UsingLegacyConversion(String)[2819]" classname="org.apache.hadoop.hive.ql.io.parquet.serde.TestParquetTimestampsHive2Compatibility" time="0"/>
  <testcase name="testWriteHive2ReadHive4UsingLegacyConversion(String)[2820]" classname="org.apache.hadoop.hive.ql.io.parquet.serde.TestParquetTimestampsHive2Compatibility" time="0"/>
  <testcase name="testWriteHive2ReadHive4UsingLegacyConversion(String)[2821]" classname="org.apache.hadoop.hive.ql.io.parquet.serde.TestParquetTimestampsHive2Compatibility" time="0"/>
  <testcase name="testWriteHive2ReadHive4UsingLegacyConversion(String)[2822]" classname="org.apache.hadoop.hive.ql.io.parquet.serde.TestParquetTimestampsHive2Compatibility" time="0"/>
  <testcase name="testWriteHive2ReadHive4UsingLegacyConversion(String)[2823]" classname="org.apache.hadoop.hive.ql.io.parquet.serde.TestParquetTimestampsHive2Compatibility" time="0"/>
  <testcase name="testWriteHive2ReadHive4UsingLegacyConversion(String)[2824]" classname="org.apache.hadoop.hive.ql.io.parquet.serde.TestParquetTimestampsHive2Compatibility" time="0"/>
  <testcase name="testWriteHive2ReadHive4UsingLegacyConversion(String)[2825]" classname="org.apache.hadoop.hive.ql.io.parquet.serde.TestParquetTimestampsHive2Compatibility" time="0"/>
  <testcase name="testWriteHive2ReadHive4UsingLegacyConversion(String)[2826]" classname="org.apache.hadoop.hive.ql.io.parquet.serde.TestParquetTimestampsHive2Compatibility" time="0"/>
  <testcase name="testWriteHive2ReadHive4UsingLegacyConversion(String)[2827]" classname="org.apache.hadoop.hive.ql.io.parquet.serde.TestParquetTimestampsHive2Compatibility" time="0"/>
  <testcase name="testWriteHive2ReadHive4UsingLegacyConversion(String)[2828]" classname="org.apache.hadoop.hive.ql.io.parquet.serde.TestParquetTimestampsHive2Compatibility" time="0"/>
  <testcase name="testWriteHive2ReadHive4UsingLegacyConversion(String)[2829]" classname="org.apache.hadoop.hive.ql.io.parquet.serde.TestParquetTimestampsHive2Compatibility" time="0"/>
  <testcase name="testWriteHive2ReadHive4UsingLegacyConversion(String)[2830]" classname="org.apache.hadoop.hive.ql.io.parquet.serde.TestParquetTimestampsHive2Compatibility" time="0"/>
  <testcase name="testWriteHive2ReadHive4UsingLegacyConversion(String)[2831]" classname="org.apache.hadoop.hive.ql.io.parquet.serde.TestParquetTimestampsHive2Compatibility" time="0"/>
  <testcase name="testWriteHive2ReadHive4UsingLegacyConversion(String)[2832]" classname="org.apache.hadoop.hive.ql.io.parquet.serde.TestParquetTimestampsHive2Compatibility" time="0"/>
  <testcase name="testWriteHive2ReadHive4UsingLegacyConversion(String)[2833]" classname="org.apache.hadoop.hive.ql.io.parquet.serde.TestParquetTimestampsHive2Compatibility" time="0"/>
  <testcase name="testWriteHive2ReadHive4UsingLegacyConversion(String)[2834]" classname="org.apache.hadoop.hive.ql.io.parquet.serde.TestParquetTimestampsHive2Compatibility" time="0"/>
  <testcase name="testWriteHive2ReadHive4UsingLegacyConversion(String)[2835]" classname="org.apache.hadoop.hive.ql.io.parquet.serde.TestParquetTimestampsHive2Compatibility" time="0"/>
  <testcase name="testWriteHive2ReadHive4UsingLegacyConversion(String)[2836]" classname="org.apache.hadoop.hive.ql.io.parquet.serde.TestParquetTimestampsHive2Compatibility" time="0"/>
  <testcase name="testWriteHive2ReadHive4UsingLegacyConversion(String)[2837]" classname="org.apache.hadoop.hive.ql.io.parquet.serde.TestParquetTimestampsHive2Compatibility" time="0"/>
  <testcase name="testWriteHive2ReadHive4UsingLegacyConversion(String)[2838]" classname="org.apache.hadoop.hive.ql.io.parquet.serde.TestParquetTimestampsHive2Compatibility" time="0"/>
  <testcase name="testWriteHive2ReadHive4UsingLegacyConversion(String)[2839]" classname="org.apache.hadoop.hive.ql.io.parquet.serde.TestParquetTimestampsHive2Compatibility" time="0"/>
  <testcase name="testWriteHive2ReadHive4UsingLegacyConversion(String)[2840]" classname="org.apache.hadoop.hive.ql.io.parquet.serde.TestParquetTimestampsHive2Compatibility" time="0.001"/>
  <testcase name="testWriteHive2ReadHive4UsingLegacyConversion(String)[2841]" classname="org.apache.hadoop.hive.ql.io.parquet.serde.TestParquetTimestampsHive2Compatibility" time="0"/>
  <testcase name="testWriteHive2ReadHive4UsingLegacyConversion(String)[2842]" classname="org.apache.hadoop.hive.ql.io.parquet.serde.TestParquetTimestampsHive2Compatibility" time="0"/>
  <testcase name="testWriteHive2ReadHive4UsingLegacyConversion(String)[2843]" classname="org.apache.hadoop.hive.ql.io.parquet.serde.TestParquetTimestampsHive2Compatibility" time="0.001"/>
  <testcase name="testWriteHive2ReadHive4UsingLegacyConversion(String)[2844]" classname="org.apache.hadoop.hive.ql.io.parquet.serde.TestParquetTimestampsHive2Compatibility" time="0"/>
  <testcase name="testWriteHive2ReadHive4UsingLegacyConversion(String)[2845]" classname="org.apache.hadoop.hive.ql.io.parquet.serde.TestParquetTimestampsHive2Compatibility" time="0"/>
  <testcase name="testWriteHive2ReadHive4UsingLegacyConversion(String)[2846]" classname="org.apache.hadoop.hive.ql.io.parquet.serde.TestParquetTimestampsHive2Compatibility" time="0"/>
  <testcase name="testWriteHive2ReadHive4UsingLegacyConversion(String)[2847]" classname="org.apache.hadoop.hive.ql.io.parquet.serde.TestParquetTimestampsHive2Compatibility" time="0"/>
  <testcase name="testWriteHive2ReadHive4UsingLegacyConversion(String)[2848]" classname="org.apache.hadoop.hive.ql.io.parquet.serde.TestParquetTimestampsHive2Compatibility" time="0.001"/>
  <testcase name="testWriteHive2ReadHive4UsingLegacyConversion(String)[2849]" classname="org.apache.hadoop.hive.ql.io.parquet.serde.TestParquetTimestampsHive2Compatibility" time="0"/>
  <testcase name="testWriteHive2ReadHive4UsingLegacyConversion(String)[2850]" classname="org.apache.hadoop.hive.ql.io.parquet.serde.TestParquetTimestampsHive2Compatibility" time="0"/>
  <testcase name="testWriteHive2ReadHive4UsingLegacyConversion(String)[2851]" classname="org.apache.hadoop.hive.ql.io.parquet.serde.TestParquetTimestampsHive2Compatibility" time="0"/>
  <testcase name="testWriteHive2ReadHive4UsingLegacyConversion(String)[2852]" classname="org.apache.hadoop.hive.ql.io.parquet.serde.TestParquetTimestampsHive2Compatibility" time="0"/>
  <testcase name="testWriteHive2ReadHive4UsingLegacyConversion(String)[2853]" classname="org.apache.hadoop.hive.ql.io.parquet.serde.TestParquetTimestampsHive2Compatibility" time="0.001"/>
  <testcase name="testWriteHive2ReadHive4UsingLegacyConversion(String)[2854]" classname="org.apache.hadoop.hive.ql.io.parquet.serde.TestParquetTimestampsHive2Compatibility" time="0"/>
  <testcase name="testWriteHive2ReadHive4UsingLegacyConversion(String)[2855]" classname="org.apache.hadoop.hive.ql.io.parquet.serde.TestParquetTimestampsHive2Compatibility" time="0"/>
  <testcase name="testWriteHive2ReadHive4UsingLegacyConversion(String)[2856]" classname="org.apache.hadoop.hive.ql.io.parquet.serde.TestParquetTimestampsHive2Compatibility" time="0.001"/>
  <testcase name="testWriteHive2ReadHive4UsingLegacyConversion(String)[2857]" classname="org.apache.hadoop.hive.ql.io.parquet.serde.TestParquetTimestampsHive2Compatibility" time="0"/>
  <testcase name="testWriteHive2ReadHive4UsingLegacyConversion(String)[2858]" classname="org.apache.hadoop.hive.ql.io.parquet.serde.TestParquetTimestampsHive2Compatibility" time="0"/>
  <testcase name="testWriteHive2ReadHive4UsingLegacyConversion(String)[2859]" classname="org.apache.hadoop.hive.ql.io.parquet.serde.TestParquetTimestampsHive2Compatibility" time="0"/>
  <testcase name="testWriteHive2ReadHive4UsingLegacyConversion(String)[2860]" classname="org.apache.hadoop.hive.ql.io.parquet.serde.TestParquetTimestampsHive2Compatibility" time="0"/>
  <testcase name="testWriteHive2ReadHive4UsingLegacyConversion(String)[2861]" classname="org.apache.hadoop.hive.ql.io.parquet.serde.TestParquetTimestampsHive2Compatibility" time="0"/>
  <testcase name="testWriteHive2ReadHive4UsingLegacyConversion(String)[2862]" classname="org.apache.hadoop.hive.ql.io.parquet.serde.TestParquetTimestampsHive2Compatibility" time="0"/>
  <testcase name="testWriteHive2ReadHive4UsingLegacyConversion(String)[2863]" classname="org.apache.hadoop.hive.ql.io.parquet.serde.TestParquetTimestampsHive2Compatibility" time="0"/>
  <testcase name="testWriteHive2ReadHive4UsingLegacyConversion(String)[2864]" classname="org.apache.hadoop.hive.ql.io.parquet.serde.TestParquetTimestampsHive2Compatibility" time="0"/>
  <testcase name="testWriteHive2ReadHive4UsingLegacyConversion(String)[2865]" classname="org.apache.hadoop.hive.ql.io.parquet.serde.TestParquetTimestampsHive2Compatibility" time="0"/>
  <testcase name="testWriteHive2ReadHive4UsingLegacyConversion(String)[2866]" classname="org.apache.hadoop.hive.ql.io.parquet.serde.TestParquetTimestampsHive2Compatibility" time="0.001"/>
  <testcase name="testWriteHive2ReadHive4UsingLegacyConversion(String)[2867]" classname="org.apache.hadoop.hive.ql.io.parquet.serde.TestParquetTimestampsHive2Compatibility" time="0"/>
  <testcase name="testWriteHive2ReadHive4UsingLegacyConversion(String)[2868]" classname="org.apache.hadoop.hive.ql.io.parquet.serde.TestParquetTimestampsHive2Compatibility" time="0.001"/>
  <testcase name="testWriteHive2ReadHive4UsingLegacyConversion(String)[2869]" classname="org.apache.hadoop.hive.ql.io.parquet.serde.TestParquetTimestampsHive2Compatibility" time="0"/>
  <testcase name="testWriteHive2ReadHive4UsingLegacyConversion(String)[2870]" classname="org.apache.hadoop.hive.ql.io.parquet.serde.TestParquetTimestampsHive2Compatibility" time="0.001"/>
  <testcase name="testWriteHive2ReadHive4UsingLegacyConversion(String)[2871]" classname="org.apache.hadoop.hive.ql.io.parquet.serde.TestParquetTimestampsHive2Compatibility" time="0"/>
  <testcase name="testWriteHive2ReadHive4UsingLegacyConversion(String)[2872]" classname="org.apache.hadoop.hive.ql.io.parquet.serde.TestParquetTimestampsHive2Compatibility" time="0.001"/>
  <testcase name="testWriteHive2ReadHive4UsingLegacyConversion(String)[2873]" classname="org.apache.hadoop.hive.ql.io.parquet.serde.TestParquetTimestampsHive2Compatibility" time="0"/>
  <testcase name="testWriteHive2ReadHive4UsingLegacyConversion(String)[2874]" classname="org.apache.hadoop.hive.ql.io.parquet.serde.TestParquetTimestampsHive2Compatibility" time="0"/>
  <testcase name="testWriteHive2ReadHive4UsingLegacyConversion(String)[2875]" classname="org.apache.hadoop.hive.ql.io.parquet.serde.TestParquetTimestampsHive2Compatibility" time="0"/>
  <testcase name="testWriteHive2ReadHive4UsingLegacyConversion(String)[2876]" classname="org.apache.hadoop.hive.ql.io.parquet.serde.TestParquetTimestampsHive2Compatibility" time="0"/>
  <testcase name="testWriteHive2ReadHive4UsingLegacyConversion(String)[2877]" classname="org.apache.hadoop.hive.ql.io.parquet.serde.TestParquetTimestampsHive2Compatibility" time="0"/>
  <testcase name="testWriteHive2ReadHive4UsingLegacyConversion(String)[2878]" classname="org.apache.hadoop.hive.ql.io.parquet.serde.TestParquetTimestampsHive2Compatibility" time="0"/>
  <testcase name="testWriteHive2ReadHive4UsingLegacyConversion(String)[2879]" classname="org.apache.hadoop.hive.ql.io.parquet.serde.TestParquetTimestampsHive2Compatibility" time="0"/>
  <testcase name="testWriteHive2ReadHive4UsingLegacyConversion(String)[2880]" classname="org.apache.hadoop.hive.ql.io.parquet.serde.TestParquetTimestampsHive2Compatibility" time="0"/>
  <testcase name="testWriteHive2ReadHive4UsingLegacyConversion(String)[2881]" classname="org.apache.hadoop.hive.ql.io.parquet.serde.TestParquetTimestampsHive2Compatibility" time="0"/>
  <testcase name="testWriteHive2ReadHive4UsingLegacyConversion(String)[2882]" classname="org.apache.hadoop.hive.ql.io.parquet.serde.TestParquetTimestampsHive2Compatibility" time="0"/>
  <testcase name="testWriteHive2ReadHive4UsingLegacyConversion(String)[2883]" classname="org.apache.hadoop.hive.ql.io.parquet.serde.TestParquetTimestampsHive2Compatibility" time="0"/>
  <testcase name="testWriteHive2ReadHive4UsingLegacyConversion(String)[2884]" classname="org.apache.hadoop.hive.ql.io.parquet.serde.TestParquetTimestampsHive2Compatibility" time="0"/>
  <testcase name="testWriteHive2ReadHive4UsingLegacyConversion(String)[2885]" classname="org.apache.hadoop.hive.ql.io.parquet.serde.TestParquetTimestampsHive2Compatibility" time="0"/>
  <testcase name="testWriteHive2ReadHive4UsingLegacyConversion(String)[2886]" classname="org.apache.hadoop.hive.ql.io.parquet.serde.TestParquetTimestampsHive2Compatibility" time="0"/>
  <testcase name="testWriteHive2ReadHive4UsingLegacyConversion(String)[2887]" classname="org.apache.hadoop.hive.ql.io.parquet.serde.TestParquetTimestampsHive2Compatibility" time="0"/>
  <testcase name="testWriteHive2ReadHive4UsingLegacyConversion(String)[2888]" classname="org.apache.hadoop.hive.ql.io.parquet.serde.TestParquetTimestampsHive2Compatibility" time="0"/>
  <testcase name="testWriteHive2ReadHive4UsingLegacyConversion(String)[2889]" classname="org.apache.hadoop.hive.ql.io.parquet.serde.TestParquetTimestampsHive2Compatibility" time="0"/>
  <testcase name="testWriteHive2ReadHive4UsingLegacyConversion(String)[2890]" classname="org.apache.hadoop.hive.ql.io.parquet.serde.TestParquetTimestampsHive2Compatibility" time="0"/>
  <testcase name="testWriteHive2ReadHive4UsingLegacyConversion(String)[2891]" classname="org.apache.hadoop.hive.ql.io.parquet.serde.TestParquetTimestampsHive2Compatibility" time="0.001"/>
  <testcase name="testWriteHive2ReadHive4UsingLegacyConversion(String)[2892]" classname="org.apache.hadoop.hive.ql.io.parquet.serde.TestParquetTimestampsHive2Compatibility" time="0"/>
  <testcase name="testWriteHive2ReadHive4UsingLegacyConversion(String)[2893]" classname="org.apache.hadoop.hive.ql.io.parquet.serde.TestParquetTimestampsHive2Compatibility" time="0.001"/>
  <testcase name="testWriteHive2ReadHive4UsingLegacyConversion(String)[2894]" classname="org.apache.hadoop.hive.ql.io.parquet.serde.TestParquetTimestampsHive2Compatibility" time="0"/>
  <testcase name="testWriteHive2ReadHive4UsingLegacyConversion(String)[2895]" classname="org.apache.hadoop.hive.ql.io.parquet.serde.TestParquetTimestampsHive2Compatibility" time="0.001"/>
  <testcase name="testWriteHive2ReadHive4UsingLegacyConversion(String)[2896]" classname="org.apache.hadoop.hive.ql.io.parquet.serde.TestParquetTimestampsHive2Compatibility" time="0"/>
  <testcase name="testWriteHive2ReadHive4UsingLegacyConversion(String)[2897]" classname="org.apache.hadoop.hive.ql.io.parquet.serde.TestParquetTimestampsHive2Compatibility" time="0.001"/>
  <testcase name="testWriteHive2ReadHive4UsingLegacyConversion(String)[2898]" classname="org.apache.hadoop.hive.ql.io.parquet.serde.TestParquetTimestampsHive2Compatibility" time="0"/>
  <testcase name="testWriteHive2ReadHive4UsingLegacyConversion(String)[2899]" classname="org.apache.hadoop.hive.ql.io.parquet.serde.TestParquetTimestampsHive2Compatibility" time="0"/>
  <testcase name="testWriteHive2ReadHive4UsingLegacyConversion(String)[2900]" classname="org.apache.hadoop.hive.ql.io.parquet.serde.TestParquetTimestampsHive2Compatibility" time="0"/>
  <testcase name="testWriteHive2ReadHive4UsingLegacyConversion(String)[2901]" classname="org.apache.hadoop.hive.ql.io.parquet.serde.TestParquetTimestampsHive2Compatibility" time="0"/>
  <testcase name="testWriteHive2ReadHive4UsingLegacyConversion(String)[2902]" classname="org.apache.hadoop.hive.ql.io.parquet.serde.TestParquetTimestampsHive2Compatibility" time="0"/>
  <testcase name="testWriteHive2ReadHive4UsingLegacyConversion(String)[2903]" classname="org.apache.hadoop.hive.ql.io.parquet.serde.TestParquetTimestampsHive2Compatibility" time="0"/>
  <testcase name="testWriteHive2ReadHive4UsingLegacyConversion(String)[2904]" classname="org.apache.hadoop.hive.ql.io.parquet.serde.TestParquetTimestampsHive2Compatibility" time="0"/>
  <testcase name="testWriteHive2ReadHive4UsingLegacyConversion(String)[2905]" classname="org.apache.hadoop.hive.ql.io.parquet.serde.TestParquetTimestampsHive2Compatibility" time="0.001"/>
  <testcase name="testWriteHive2ReadHive4UsingLegacyConversion(String)[2906]" classname="org.apache.hadoop.hive.ql.io.parquet.serde.TestParquetTimestampsHive2Compatibility" time="0"/>
  <testcase name="testWriteHive2ReadHive4UsingLegacyConversion(String)[2907]" classname="org.apache.hadoop.hive.ql.io.parquet.serde.TestParquetTimestampsHive2Compatibility" time="0"/>
  <testcase name="testWriteHive2ReadHive4UsingLegacyConversion(String)[2908]" classname="org.apache.hadoop.hive.ql.io.parquet.serde.TestParquetTimestampsHive2Compatibility" time="0"/>
  <testcase name="testWriteHive2ReadHive4UsingLegacyConversion(String)[2909]" classname="org.apache.hadoop.hive.ql.io.parquet.serde.TestParquetTimestampsHive2Compatibility" time="0"/>
  <testcase name="testWriteHive2ReadHive4UsingLegacyConversion(String)[2910]" classname="org.apache.hadoop.hive.ql.io.parquet.serde.TestParquetTimestampsHive2Compatibility" time="0"/>
  <testcase name="testWriteHive2ReadHive4UsingLegacyConversion(String)[2911]" classname="org.apache.hadoop.hive.ql.io.parquet.serde.TestParquetTimestampsHive2Compatibility" time="0"/>
  <testcase name="testWriteHive2ReadHive4UsingLegacyConversion(String)[2912]" classname="org.apache.hadoop.hive.ql.io.parquet.serde.TestParquetTimestampsHive2Compatibility" time="0"/>
  <testcase name="testWriteHive2ReadHive4UsingLegacyConversion(String)[2913]" classname="org.apache.hadoop.hive.ql.io.parquet.serde.TestParquetTimestampsHive2Compatibility" time="0"/>
  <testcase name="testWriteHive2ReadHive4UsingLegacyConversion(String)[2914]" classname="org.apache.hadoop.hive.ql.io.parquet.serde.TestParquetTimestampsHive2Compatibility" time="0"/>
  <testcase name="testWriteHive2ReadHive4UsingLegacyConversion(String)[2915]" classname="org.apache.hadoop.hive.ql.io.parquet.serde.TestParquetTimestampsHive2Compatibility" time="0"/>
  <testcase name="testWriteHive2ReadHive4UsingLegacyConversion(String)[2916]" classname="org.apache.hadoop.hive.ql.io.parquet.serde.TestParquetTimestampsHive2Compatibility" time="0.001"/>
  <testcase name="testWriteHive2ReadHive4UsingLegacyConversion(String)[2917]" classname="org.apache.hadoop.hive.ql.io.parquet.serde.TestParquetTimestampsHive2Compatibility" time="0"/>
  <testcase name="testWriteHive2ReadHive4UsingLegacyConversion(String)[2918]" classname="org.apache.hadoop.hive.ql.io.parquet.serde.TestParquetTimestampsHive2Compatibility" time="0.001"/>
  <testcase name="testWriteHive2ReadHive4UsingLegacyConversion(String)[2919]" classname="org.apache.hadoop.hive.ql.io.parquet.serde.TestParquetTimestampsHive2Compatibility" time="0"/>
  <testcase name="testWriteHive2ReadHive4UsingLegacyConversion(String)[2920]" classname="org.apache.hadoop.hive.ql.io.parquet.serde.TestParquetTimestampsHive2Compatibility" time="0.001"/>
  <testcase name="testWriteHive2ReadHive4UsingLegacyConversion(String)[2921]" classname="org.apache.hadoop.hive.ql.io.parquet.serde.TestParquetTimestampsHive2Compatibility" time="0"/>
  <testcase name="testWriteHive2ReadHive4UsingLegacyConversion(String)[2922]" classname="org.apache.hadoop.hive.ql.io.parquet.serde.TestParquetTimestampsHive2Compatibility" time="0.001"/>
  <testcase name="testWriteHive2ReadHive4UsingLegacyConversion(String)[2923]" classname="org.apache.hadoop.hive.ql.io.parquet.serde.TestParquetTimestampsHive2Compatibility" time="0"/>
  <testcase name="testWriteHive2ReadHive4UsingLegacyConversion(String)[2924]" classname="org.apache.hadoop.hive.ql.io.parquet.serde.TestParquetTimestampsHive2Compatibility" time="0"/>
  <testcase name="testWriteHive2ReadHive4UsingLegacyConversion(String)[2925]" classname="org.apache.hadoop.hive.ql.io.parquet.serde.TestParquetTimestampsHive2Compatibility" time="0"/>
  <testcase name="testWriteHive2ReadHive4UsingLegacyConversion(String)[2926]" classname="org.apache.hadoop.hive.ql.io.parquet.serde.TestParquetTimestampsHive2Compatibility" time="0"/>
  <testcase name="testWriteHive2ReadHive4UsingLegacyConversion(String)[2927]" classname="org.apache.hadoop.hive.ql.io.parquet.serde.TestParquetTimestampsHive2Compatibility" time="0"/>
  <testcase name="testWriteHive2ReadHive4UsingLegacyConversion(String)[2928]" classname="org.apache.hadoop.hive.ql.io.parquet.serde.TestParquetTimestampsHive2Compatibility" time="0"/>
  <testcase name="testWriteHive2ReadHive4UsingLegacyConversion(String)[2929]" classname="org.apache.hadoop.hive.ql.io.parquet.serde.TestParquetTimestampsHive2Compatibility" time="0"/>
  <testcase name="testWriteHive2ReadHive4UsingLegacyConversion(String)[2930]" classname="org.apache.hadoop.hive.ql.io.parquet.serde.TestParquetTimestampsHive2Compatibility" time="0"/>
  <testcase name="testWriteHive2ReadHive4UsingLegacyConversion(String)[2931]" classname="org.apache.hadoop.hive.ql.io.parquet.serde.TestParquetTimestampsHive2Compatibility" time="0"/>
  <testcase name="testWriteHive2ReadHive4UsingLegacyConversion(String)[2932]" classname="org.apache.hadoop.hive.ql.io.parquet.serde.TestParquetTimestampsHive2Compatibility" time="0"/>
  <testcase name="testWriteHive2ReadHive4UsingLegacyConversion(String)[2933]" classname="org.apache.hadoop.hive.ql.io.parquet.serde.TestParquetTimestampsHive2Compatibility" time="0.001"/>
  <testcase name="testWriteHive2ReadHive4UsingLegacyConversion(String)[2934]" classname="org.apache.hadoop.hive.ql.io.parquet.serde.TestParquetTimestampsHive2Compatibility" time="0"/>
  <testcase name="testWriteHive2ReadHive4UsingLegacyConversion(String)[2935]" classname="org.apache.hadoop.hive.ql.io.parquet.serde.TestParquetTimestampsHive2Compatibility" time="0.001"/>
  <testcase name="testWriteHive2ReadHive4UsingLegacyConversion(String)[2936]" classname="org.apache.hadoop.hive.ql.io.parquet.serde.TestParquetTimestampsHive2Compatibility" time="0"/>
  <testcase name="testWriteHive2ReadHive4UsingLegacyConversion(String)[2937]" classname="org.apache.hadoop.hive.ql.io.parquet.serde.TestParquetTimestampsHive2Compatibility" time="0.001"/>
  <testcase name="testWriteHive2ReadHive4UsingLegacyConversion(String)[2938]" classname="org.apache.hadoop.hive.ql.io.parquet.serde.TestParquetTimestampsHive2Compatibility" time="0"/>
  <testcase name="testWriteHive2ReadHive4UsingLegacyConversion(String)[2939]" classname="org.apache.hadoop.hive.ql.io.parquet.serde.TestParquetTimestampsHive2Compatibility" time="0.001"/>
  <testcase name="testWriteHive2ReadHive4UsingLegacyConversion(String)[2940]" classname="org.apache.hadoop.hive.ql.io.parquet.serde.TestParquetTimestampsHive2Compatibility" time="0"/>
  <testcase name="testWriteHive2ReadHive4UsingLegacyConversion(String)[2941]" classname="org.apache.hadoop.hive.ql.io.parquet.serde.TestParquetTimestampsHive2Compatibility" time="0.001"/>
  <testcase name="testWriteHive2ReadHive4UsingLegacyConversion(String)[2942]" classname="org.apache.hadoop.hive.ql.io.parquet.serde.TestParquetTimestampsHive2Compatibility" time="0"/>
  <testcase name="testWriteHive2ReadHive4UsingLegacyConversion(String)[2943]" classname="org.apache.hadoop.hive.ql.io.parquet.serde.TestParquetTimestampsHive2Compatibility" time="0.001"/>
  <testcase name="testWriteHive2ReadHive4UsingLegacyConversion(String)[2944]" classname="org.apache.hadoop.hive.ql.io.parquet.serde.TestParquetTimestampsHive2Compatibility" time="0"/>
  <testcase name="testWriteHive2ReadHive4UsingLegacyConversion(String)[2945]" classname="org.apache.hadoop.hive.ql.io.parquet.serde.TestParquetTimestampsHive2Compatibility" time="0"/>
  <testcase name="testWriteHive2ReadHive4UsingLegacyConversion(String)[2946]" classname="org.apache.hadoop.hive.ql.io.parquet.serde.TestParquetTimestampsHive2Compatibility" time="0"/>
  <testcase name="testWriteHive2ReadHive4UsingLegacyConversion(String)[2947]" classname="org.apache.hadoop.hive.ql.io.parquet.serde.TestParquetTimestampsHive2Compatibility" time="0"/>
  <testcase name="testWriteHive2ReadHive4UsingLegacyConversion(String)[2948]" classname="org.apache.hadoop.hive.ql.io.parquet.serde.TestParquetTimestampsHive2Compatibility" time="0"/>
  <testcase name="testWriteHive2ReadHive4UsingLegacyConversion(String)[2949]" classname="org.apache.hadoop.hive.ql.io.parquet.serde.TestParquetTimestampsHive2Compatibility" time="0"/>
  <testcase name="testWriteHive2ReadHive4UsingLegacyConversion(String)[2950]" classname="org.apache.hadoop.hive.ql.io.parquet.serde.TestParquetTimestampsHive2Compatibility" time="0"/>
  <testcase name="testWriteHive2ReadHive4UsingLegacyConversion(String)[2951]" classname="org.apache.hadoop.hive.ql.io.parquet.serde.TestParquetTimestampsHive2Compatibility" time="0"/>
  <testcase name="testWriteHive2ReadHive4UsingLegacyConversion(String)[2952]" classname="org.apache.hadoop.hive.ql.io.parquet.serde.TestParquetTimestampsHive2Compatibility" time="0.001"/>
  <testcase name="testWriteHive2ReadHive4UsingLegacyConversion(String)[2953]" classname="org.apache.hadoop.hive.ql.io.parquet.serde.TestParquetTimestampsHive2Compatibility" time="0"/>
  <testcase name="testWriteHive2ReadHive4UsingLegacyConversion(String)[2954]" classname="org.apache.hadoop.hive.ql.io.parquet.serde.TestParquetTimestampsHive2Compatibility" time="0.001"/>
  <testcase name="testWriteHive2ReadHive4UsingLegacyConversion(String)[2955]" classname="org.apache.hadoop.hive.ql.io.parquet.serde.TestParquetTimestampsHive2Compatibility" time="0"/>
  <testcase name="testWriteHive2ReadHive4UsingLegacyConversion(String)[2956]" classname="org.apache.hadoop.hive.ql.io.parquet.serde.TestParquetTimestampsHive2Compatibility" time="0"/>
  <testcase name="testWriteHive2ReadHive4UsingLegacyConversion(String)[2957]" classname="org.apache.hadoop.hive.ql.io.parquet.serde.TestParquetTimestampsHive2Compatibility" time="0"/>
  <testcase name="testWriteHive2ReadHive4UsingLegacyConversion(String)[2958]" classname="org.apache.hadoop.hive.ql.io.parquet.serde.TestParquetTimestampsHive2Compatibility" time="0"/>
  <testcase name="testWriteHive2ReadHive4UsingLegacyConversion(String)[2959]" classname="org.apache.hadoop.hive.ql.io.parquet.serde.TestParquetTimestampsHive2Compatibility" time="0"/>
  <testcase name="testWriteHive2ReadHive4UsingLegacyConversion(String)[2960]" classname="org.apache.hadoop.hive.ql.io.parquet.serde.TestParquetTimestampsHive2Compatibility" time="0"/>
  <testcase name="testWriteHive2ReadHive4UsingLegacyConversion(String)[2961]" classname="org.apache.hadoop.hive.ql.io.parquet.serde.TestParquetTimestampsHive2Compatibility" time="0.001"/>
  <testcase name="testWriteHive2ReadHive4UsingLegacyConversion(String)[2962]" classname="org.apache.hadoop.hive.ql.io.parquet.serde.TestParquetTimestampsHive2Compatibility" time="0"/>
  <testcase name="testWriteHive2ReadHive4UsingLegacyConversion(String)[2963]" classname="org.apache.hadoop.hive.ql.io.parquet.serde.TestParquetTimestampsHive2Compatibility" time="0.001"/>
  <testcase name="testWriteHive2ReadHive4UsingLegacyConversion(String)[2964]" classname="org.apache.hadoop.hive.ql.io.parquet.serde.TestParquetTimestampsHive2Compatibility" time="0"/>
  <testcase name="testWriteHive2ReadHive4UsingLegacyConversion(String)[2965]" classname="org.apache.hadoop.hive.ql.io.parquet.serde.TestParquetTimestampsHive2Compatibility" time="0"/>
  <testcase name="testWriteHive2ReadHive4UsingLegacyConversion(String)[2966]" classname="org.apache.hadoop.hive.ql.io.parquet.serde.TestParquetTimestampsHive2Compatibility" time="0"/>
  <testcase name="testWriteHive2ReadHive4UsingLegacyConversion(String)[2967]" classname="org.apache.hadoop.hive.ql.io.parquet.serde.TestParquetTimestampsHive2Compatibility" time="0"/>
  <testcase name="testWriteHive2ReadHive4UsingLegacyConversion(String)[2968]" classname="org.apache.hadoop.hive.ql.io.parquet.serde.TestParquetTimestampsHive2Compatibility" time="0"/>
  <testcase name="testWriteHive2ReadHive4UsingLegacyConversion(String)[2969]" classname="org.apache.hadoop.hive.ql.io.parquet.serde.TestParquetTimestampsHive2Compatibility" time="0"/>
  <testcase name="testWriteHive2ReadHive4UsingLegacyConversion(String)[2970]" classname="org.apache.hadoop.hive.ql.io.parquet.serde.TestParquetTimestampsHive2Compatibility" time="0.001"/>
  <testcase name="testWriteHive2ReadHive4UsingLegacyConversion(String)[2971]" classname="org.apache.hadoop.hive.ql.io.parquet.serde.TestParquetTimestampsHive2Compatibility" time="0"/>
  <testcase name="testWriteHive2ReadHive4UsingLegacyConversion(String)[2972]" classname="org.apache.hadoop.hive.ql.io.parquet.serde.TestParquetTimestampsHive2Compatibility" time="0.001"/>
  <testcase name="testWriteHive2ReadHive4UsingLegacyConversion(String)[2973]" classname="org.apache.hadoop.hive.ql.io.parquet.serde.TestParquetTimestampsHive2Compatibility" time="0"/>
  <testcase name="testWriteHive2ReadHive4UsingLegacyConversion(String)[2974]" classname="org.apache.hadoop.hive.ql.io.parquet.serde.TestParquetTimestampsHive2Compatibility" time="0"/>
  <testcase name="testWriteHive2ReadHive4UsingLegacyConversion(String)[2975]" classname="org.apache.hadoop.hive.ql.io.parquet.serde.TestParquetTimestampsHive2Compatibility" time="0"/>
  <testcase name="testWriteHive2ReadHive4UsingLegacyConversion(String)[2976]" classname="org.apache.hadoop.hive.ql.io.parquet.serde.TestParquetTimestampsHive2Compatibility" time="0"/>
  <testcase name="testWriteHive2ReadHive4UsingLegacyConversion(String)[2977]" classname="org.apache.hadoop.hive.ql.io.parquet.serde.TestParquetTimestampsHive2Compatibility" time="0"/>
  <testcase name="testWriteHive2ReadHive4UsingLegacyConversion(String)[2978]" classname="org.apache.hadoop.hive.ql.io.parquet.serde.TestParquetTimestampsHive2Compatibility" time="0"/>
  <testcase name="testWriteHive2ReadHive4UsingLegacyConversion(String)[2979]" classname="org.apache.hadoop.hive.ql.io.parquet.serde.TestParquetTimestampsHive2Compatibility" time="0.001"/>
  <testcase name="testWriteHive2ReadHive4UsingLegacyConversion(String)[2980]" classname="org.apache.hadoop.hive.ql.io.parquet.serde.TestParquetTimestampsHive2Compatibility" time="0"/>
  <testcase name="testWriteHive2ReadHive4UsingLegacyConversion(String)[2981]" classname="org.apache.hadoop.hive.ql.io.parquet.serde.TestParquetTimestampsHive2Compatibility" time="0"/>
  <testcase name="testWriteHive2ReadHive4UsingLegacyConversion(String)[2982]" classname="org.apache.hadoop.hive.ql.io.parquet.serde.TestParquetTimestampsHive2Compatibility" time="0"/>
  <testcase name="testWriteHive2ReadHive4UsingLegacyConversion(String)[2983]" classname="org.apache.hadoop.hive.ql.io.parquet.serde.TestParquetTimestampsHive2Compatibility" time="0"/>
  <testcase name="testWriteHive2ReadHive4UsingLegacyConversion(String)[2984]" classname="org.apache.hadoop.hive.ql.io.parquet.serde.TestParquetTimestampsHive2Compatibility" time="0.001"/>
  <testcase name="testWriteHive2ReadHive4UsingLegacyConversion(String)[2985]" classname="org.apache.hadoop.hive.ql.io.parquet.serde.TestParquetTimestampsHive2Compatibility" time="0"/>
  <testcase name="testWriteHive2ReadHive4UsingLegacyConversion(String)[2986]" classname="org.apache.hadoop.hive.ql.io.parquet.serde.TestParquetTimestampsHive2Compatibility" time="0.001"/>
  <testcase name="testWriteHive2ReadHive4UsingLegacyConversion(String)[2987]" classname="org.apache.hadoop.hive.ql.io.parquet.serde.TestParquetTimestampsHive2Compatibility" time="0"/>
  <testcase name="testWriteHive2ReadHive4UsingLegacyConversion(String)[2988]" classname="org.apache.hadoop.hive.ql.io.parquet.serde.TestParquetTimestampsHive2Compatibility" time="0.001"/>
  <testcase name="testWriteHive2ReadHive4UsingLegacyConversion(String)[2989]" classname="org.apache.hadoop.hive.ql.io.parquet.serde.TestParquetTimestampsHive2Compatibility" time="0"/>
  <testcase name="testWriteHive2ReadHive4UsingLegacyConversion(String)[2990]" classname="org.apache.hadoop.hive.ql.io.parquet.serde.TestParquetTimestampsHive2Compatibility" time="0.001"/>
  <testcase name="testWriteHive2ReadHive4UsingLegacyConversion(String)[2991]" classname="org.apache.hadoop.hive.ql.io.parquet.serde.TestParquetTimestampsHive2Compatibility" time="0"/>
  <testcase name="testWriteHive2ReadHive4UsingLegacyConversion(String)[2992]" classname="org.apache.hadoop.hive.ql.io.parquet.serde.TestParquetTimestampsHive2Compatibility" time="0.001"/>
  <testcase name="testWriteHive2ReadHive4UsingLegacyConversion(String)[2993]" classname="org.apache.hadoop.hive.ql.io.parquet.serde.TestParquetTimestampsHive2Compatibility" time="0"/>
  <testcase name="testWriteHive2ReadHive4UsingLegacyConversion(String)[2994]" classname="org.apache.hadoop.hive.ql.io.parquet.serde.TestParquetTimestampsHive2Compatibility" time="0"/>
  <testcase name="testWriteHive2ReadHive4UsingLegacyConversion(String)[2995]" classname="org.apache.hadoop.hive.ql.io.parquet.serde.TestParquetTimestampsHive2Compatibility" time="0"/>
  <testcase name="testWriteHive2ReadHive4UsingLegacyConversion(String)[2996]" classname="org.apache.hadoop.hive.ql.io.parquet.serde.TestParquetTimestampsHive2Compatibility" time="0"/>
  <testcase name="testWriteHive2ReadHive4UsingLegacyConversion(String)[2997]" classname="org.apache.hadoop.hive.ql.io.parquet.serde.TestParquetTimestampsHive2Compatibility" time="0"/>
  <testcase name="testWriteHive2ReadHive4UsingLegacyConversion(String)[2998]" classname="org.apache.hadoop.hive.ql.io.parquet.serde.TestParquetTimestampsHive2Compatibility" time="0"/>
  <testcase name="testWriteHive2ReadHive4UsingLegacyConversion(String)[2999]" classname="org.apache.hadoop.hive.ql.io.parquet.serde.TestParquetTimestampsHive2Compatibility" time="0"/>
  <testcase name="testWriteHive2ReadHive4UsingLegacyConversion(String)[3000]" classname="org.apache.hadoop.hive.ql.io.parquet.serde.TestParquetTimestampsHive2Compatibility" time="0"/>
  <testcase name="testWriteHive4ReadHive4UsingLegacyConversion(String)[1]" classname="org.apache.hadoop.hive.ql.io.parquet.serde.TestParquetTimestampsHive2Compatibility" time="0.019"/>
  <testcase name="testWriteHive4ReadHive4UsingLegacyConversion(String)[2]" classname="org.apache.hadoop.hive.ql.io.parquet.serde.TestParquetTimestampsHive2Compatibility" time="0"/>
  <testcase name="testWriteHive4ReadHive4UsingLegacyConversion(String)[3]" classname="org.apache.hadoop.hive.ql.io.parquet.serde.TestParquetTimestampsHive2Compatibility" time="0.001"/>
  <testcase name="testWriteHive4ReadHive4UsingLegacyConversion(String)[4]" classname="org.apache.hadoop.hive.ql.io.parquet.serde.TestParquetTimestampsHive2Compatibility" time="0"/>
  <testcase name="testWriteHive4ReadHive4UsingLegacyConversion(String)[5]" classname="org.apache.hadoop.hive.ql.io.parquet.serde.TestParquetTimestampsHive2Compatibility" time="0.001"/>
  <testcase name="testWriteHive4ReadHive4UsingLegacyConversion(String)[6]" classname="org.apache.hadoop.hive.ql.io.parquet.serde.TestParquetTimestampsHive2Compatibility" time="0"/>
  <testcase name="testWriteHive4ReadHive4UsingLegacyConversion(String)[7]" classname="org.apache.hadoop.hive.ql.io.parquet.serde.TestParquetTimestampsHive2Compatibility" time="0.001"/>
  <testcase name="testWriteHive4ReadHive4UsingLegacyConversion(String)[8]" classname="org.apache.hadoop.hive.ql.io.parquet.serde.TestParquetTimestampsHive2Compatibility" time="0"/>
  <testcase name="testWriteHive4ReadHive4UsingLegacyConversion(String)[9]" classname="org.apache.hadoop.hive.ql.io.parquet.serde.TestParquetTimestampsHive2Compatibility" time="0"/>
  <testcase name="testWriteHive4ReadHive4UsingLegacyConversion(String)[10]" classname="org.apache.hadoop.hive.ql.io.parquet.serde.TestParquetTimestampsHive2Compatibility" time="0"/>
  <testcase name="testWriteHive4ReadHive4UsingLegacyConversion(String)[11]" classname="org.apache.hadoop.hive.ql.io.parquet.serde.TestParquetTimestampsHive2Compatibility" time="0"/>
  <testcase name="testWriteHive4ReadHive4UsingLegacyConversion(String)[12]" classname="org.apache.hadoop.hive.ql.io.parquet.serde.TestParquetTimestampsHive2Compatibility" time="0"/>
  <testcase name="testWriteHive4ReadHive4UsingLegacyConversion(String)[13]" classname="org.apache.hadoop.hive.ql.io.parquet.serde.TestParquetTimestampsHive2Compatibility" time="0"/>
  <testcase name="testWriteHive4ReadHive4UsingLegacyConversion(String)[14]" classname="org.apache.hadoop.hive.ql.io.parquet.serde.TestParquetTimestampsHive2Compatibility" time="0"/>
  <testcase name="testWriteHive4ReadHive4UsingLegacyConversion(String)[15]" classname="org.apache.hadoop.hive.ql.io.parquet.serde.TestParquetTimestampsHive2Compatibility" time="0"/>
  <testcase name="testWriteHive4ReadHive4UsingLegacyConversion(String)[16]" classname="org.apache.hadoop.hive.ql.io.parquet.serde.TestParquetTimestampsHive2Compatibility" time="0.001"/>
  <testcase name="testWriteHive4ReadHive4UsingLegacyConversion(String)[17]" classname="org.apache.hadoop.hive.ql.io.parquet.serde.TestParquetTimestampsHive2Compatibility" time="0"/>
  <testcase name="testWriteHive4ReadHive4UsingLegacyConversion(String)[18]" classname="org.apache.hadoop.hive.ql.io.parquet.serde.TestParquetTimestampsHive2Compatibility" time="0"/>
  <testcase name="testWriteHive4ReadHive4UsingLegacyConversion(String)[19]" classname="org.apache.hadoop.hive.ql.io.parquet.serde.TestParquetTimestampsHive2Compatibility" time="0"/>
  <testcase name="testWriteHive4ReadHive4UsingLegacyConversion(String)[20]" classname="org.apache.hadoop.hive.ql.io.parquet.serde.TestParquetTimestampsHive2Compatibility" time="0"/>
  <testcase name="testWriteHive4ReadHive4UsingLegacyConversion(String)[21]" classname="org.apache.hadoop.hive.ql.io.parquet.serde.TestParquetTimestampsHive2Compatibility" time="0.001"/>
  <testcase name="testWriteHive4ReadHive4UsingLegacyConversion(String)[22]" classname="org.apache.hadoop.hive.ql.io.parquet.serde.TestParquetTimestampsHive2Compatibility" time="0"/>
  <testcase name="testWriteHive4ReadHive4UsingLegacyConversion(String)[23]" classname="org.apache.hadoop.hive.ql.io.parquet.serde.TestParquetTimestampsHive2Compatibility" time="0.001"/>
  <testcase name="testWriteHive4ReadHive4UsingLegacyConversion(String)[24]" classname="org.apache.hadoop.hive.ql.io.parquet.serde.TestParquetTimestampsHive2Compatibility" time="0"/>
  <testcase name="testWriteHive4ReadHive4UsingLegacyConversion(String)[25]" classname="org.apache.hadoop.hive.ql.io.parquet.serde.TestParquetTimestampsHive2Compatibility" time="0.001"/>
  <testcase name="testWriteHive4ReadHive4UsingLegacyConversion(String)[26]" classname="org.apache.hadoop.hive.ql.io.parquet.serde.TestParquetTimestampsHive2Compatibility" time="0"/>
  <testcase name="testWriteHive4ReadHive4UsingLegacyConversion(String)[27]" classname="org.apache.hadoop.hive.ql.io.parquet.serde.TestParquetTimestampsHive2Compatibility" time="0"/>
  <testcase name="testWriteHive4ReadHive4UsingLegacyConversion(String)[28]" classname="org.apache.hadoop.hive.ql.io.parquet.serde.TestParquetTimestampsHive2Compatibility" time="0"/>
  <testcase name="testWriteHive4ReadHive4UsingLegacyConversion(String)[29]" classname="org.apache.hadoop.hive.ql.io.parquet.serde.TestParquetTimestampsHive2Compatibility" time="0"/>
  <testcase name="testWriteHive4ReadHive4UsingLegacyConversion(String)[30]" classname="org.apache.hadoop.hive.ql.io.parquet.serde.TestParquetTimestampsHive2Compatibility" time="0"/>
  <testcase name="testWriteHive4ReadHive4UsingLegacyConversion(String)[31]" classname="org.apache.hadoop.hive.ql.io.parquet.serde.TestParquetTimestampsHive2Compatibility" time="0"/>
  <testcase name="testWriteHive4ReadHive4UsingLegacyConversion(String)[32]" classname="org.apache.hadoop.hive.ql.io.parquet.serde.TestParquetTimestampsHive2Compatibility" time="0"/>
  <testcase name="testWriteHive4ReadHive4UsingLegacyConversion(String)[33]" classname="org.apache.hadoop.hive.ql.io.parquet.serde.TestParquetTimestampsHive2Compatibility" time="0"/>
  <testcase name="testWriteHive4ReadHive4UsingLegacyConversion(String)[34]" classname="org.apache.hadoop.hive.ql.io.parquet.serde.TestParquetTimestampsHive2Compatibility" time="0.001"/>
  <testcase name="testWriteHive4ReadHive4UsingLegacyConversion(String)[35]" classname="org.apache.hadoop.hive.ql.io.parquet.serde.TestParquetTimestampsHive2Compatibility" time="0"/>
  <testcase name="testWriteHive4ReadHive4UsingLegacyConversion(String)[36]" classname="org.apache.hadoop.hive.ql.io.parquet.serde.TestParquetTimestampsHive2Compatibility" time="0.001"/>
  <testcase name="testWriteHive4ReadHive4UsingLegacyConversion(String)[37]" classname="org.apache.hadoop.hive.ql.io.parquet.serde.TestParquetTimestampsHive2Compatibility" time="0"/>
  <testcase name="testWriteHive4ReadHive4UsingLegacyConversion(String)[38]" classname="org.apache.hadoop.hive.ql.io.parquet.serde.TestParquetTimestampsHive2Compatibility" time="0.001"/>
  <testcase name="testWriteHive4ReadHive4UsingLegacyConversion(String)[39]" classname="org.apache.hadoop.hive.ql.io.parquet.serde.TestParquetTimestampsHive2Compatibility" time="0"/>
  <testcase name="testWriteHive4ReadHive4UsingLegacyConversion(String)[40]" classname="org.apache.hadoop.hive.ql.io.parquet.serde.TestParquetTimestampsHive2Compatibility" time="0.001"/>
  <testcase name="testWriteHive4ReadHive4UsingLegacyConversion(String)[41]" classname="org.apache.hadoop.hive.ql.io.parquet.serde.TestParquetTimestampsHive2Compatibility" time="0"/>
  <testcase name="testWriteHive4ReadHive4UsingLegacyConversion(String)[42]" classname="org.apache.hadoop.hive.ql.io.parquet.serde.TestParquetTimestampsHive2Compatibility" time="0"/>
  <testcase name="testWriteHive4ReadHive4UsingLegacyConversion(String)[43]" classname="org.apache.hadoop.hive.ql.io.parquet.serde.TestParquetTimestampsHive2Compatibility" time="0"/>
  <testcase name="testWriteHive4ReadHive4UsingLegacyConversion(String)[44]" classname="org.apache.hadoop.hive.ql.io.parquet.serde.TestParquetTimestampsHive2Compatibility" time="0"/>
  <testcase name="testWriteHive4ReadHive4UsingLegacyConversion(String)[45]" classname="org.apache.hadoop.hive.ql.io.parquet.serde.TestParquetTimestampsHive2Compatibility" time="0"/>
  <testcase name="testWriteHive4ReadHive4UsingLegacyConversion(String)[46]" classname="org.apache.hadoop.hive.ql.io.parquet.serde.TestParquetTimestampsHive2Compatibility" time="0"/>
  <testcase name="testWriteHive4ReadHive4UsingLegacyConversion(String)[47]" classname="org.apache.hadoop.hive.ql.io.parquet.serde.TestParquetTimestampsHive2Compatibility" time="0"/>
  <testcase name="testWriteHive4ReadHive4UsingLegacyConversion(String)[48]" classname="org.apache.hadoop.hive.ql.io.parquet.serde.TestParquetTimestampsHive2Compatibility" time="0"/>
  <testcase name="testWriteHive4ReadHive4UsingLegacyConversion(String)[49]" classname="org.apache.hadoop.hive.ql.io.parquet.serde.TestParquetTimestampsHive2Compatibility" time="0"/>
  <testcase name="testWriteHive4ReadHive4UsingLegacyConversion(String)[50]" classname="org.apache.hadoop.hive.ql.io.parquet.serde.TestParquetTimestampsHive2Compatibility" time="0.001"/>
  <testcase name="testWriteHive4ReadHive4UsingLegacyConversion(String)[51]" classname="org.apache.hadoop.hive.ql.io.parquet.serde.TestParquetTimestampsHive2Compatibility" time="0"/>
  <testcase name="testWriteHive4ReadHive4UsingLegacyConversion(String)[52]" classname="org.apache.hadoop.hive.ql.io.parquet.serde.TestParquetTimestampsHive2Compatibility" time="0.001"/>
  <testcase name="testWriteHive4ReadHive4UsingLegacyConversion(String)[53]" classname="org.apache.hadoop.hive.ql.io.parquet.serde.TestParquetTimestampsHive2Compatibility" time="0"/>
  <testcase name="testWriteHive4ReadHive4UsingLegacyConversion(String)[54]" classname="org.apache.hadoop.hive.ql.io.parquet.serde.TestParquetTimestampsHive2Compatibility" time="0.001"/>
  <testcase name="testWriteHive4ReadHive4UsingLegacyConversion(String)[55]" classname="org.apache.hadoop.hive.ql.io.parquet.serde.TestParquetTimestampsHive2Compatibility" time="0"/>
  <testcase name="testWriteHive4ReadHive4UsingLegacyConversion(String)[56]" classname="org.apache.hadoop.hive.ql.io.parquet.serde.TestParquetTimestampsHive2Compatibility" time="0.001"/>
  <testcase name="testWriteHive4ReadHive4UsingLegacyConversion(String)[57]" classname="org.apache.hadoop.hive.ql.io.parquet.serde.TestParquetTimestampsHive2Compatibility" time="0"/>
  <testcase name="testWriteHive4ReadHive4UsingLegacyConversion(String)[58]" classname="org.apache.hadoop.hive.ql.io.parquet.serde.TestParquetTimestampsHive2Compatibility" time="0"/>
  <testcase name="testWriteHive4ReadHive4UsingLegacyConversion(String)[59]" classname="org.apache.hadoop.hive.ql.io.parquet.serde.TestParquetTimestampsHive2Compatibility" time="0"/>
  <testcase name="testWriteHive4ReadHive4UsingLegacyConversion(String)[60]" classname="org.apache.hadoop.hive.ql.io.parquet.serde.TestParquetTimestampsHive2Compatibility" time="0"/>
  <testcase name="testWriteHive4ReadHive4UsingLegacyConversion(String)[61]" classname="org.apache.hadoop.hive.ql.io.parquet.serde.TestParquetTimestampsHive2Compatibility" time="0"/>
  <testcase name="testWriteHive4ReadHive4UsingLegacyConversion(String)[62]" classname="org.apache.hadoop.hive.ql.io.parquet.serde.TestParquetTimestampsHive2Compatibility" time="0"/>
  <testcase name="testWriteHive4ReadHive4UsingLegacyConversion(String)[63]" classname="org.apache.hadoop.hive.ql.io.parquet.serde.TestParquetTimestampsHive2Compatibility" time="0.001"/>
  <testcase name="testWriteHive4ReadHive4UsingLegacyConversion(String)[64]" classname="org.apache.hadoop.hive.ql.io.parquet.serde.TestParquetTimestampsHive2Compatibility" time="0"/>
  <testcase name="testWriteHive4ReadHive4UsingLegacyConversion(String)[65]" classname="org.apache.hadoop.hive.ql.io.parquet.serde.TestParquetTimestampsHive2Compatibility" time="0"/>
  <testcase name="testWriteHive4ReadHive4UsingLegacyConversion(String)[66]" classname="org.apache.hadoop.hive.ql.io.parquet.serde.TestParquetTimestampsHive2Compatibility" time="0"/>
  <testcase name="testWriteHive4ReadHive4UsingLegacyConversion(String)[67]" classname="org.apache.hadoop.hive.ql.io.parquet.serde.TestParquetTimestampsHive2Compatibility" time="0.001"/>
  <testcase name="testWriteHive4ReadHive4UsingLegacyConversion(String)[68]" classname="org.apache.hadoop.hive.ql.io.parquet.serde.TestParquetTimestampsHive2Compatibility" time="0"/>
  <testcase name="testWriteHive4ReadHive4UsingLegacyConversion(String)[69]" classname="org.apache.hadoop.hive.ql.io.parquet.serde.TestParquetTimestampsHive2Compatibility" time="0"/>
  <testcase name="testWriteHive4ReadHive4UsingLegacyConversion(String)[70]" classname="org.apache.hadoop.hive.ql.io.parquet.serde.TestParquetTimestampsHive2Compatibility" time="0"/>
  <testcase name="testWriteHive4ReadHive4UsingLegacyConversion(String)[71]" classname="org.apache.hadoop.hive.ql.io.parquet.serde.TestParquetTimestampsHive2Compatibility" time="0"/>
  <testcase name="testWriteHive4ReadHive4UsingLegacyConversion(String)[72]" classname="org.apache.hadoop.hive.ql.io.parquet.serde.TestParquetTimestampsHive2Compatibility" time="0.001"/>
  <testcase name="testWriteHive4ReadHive4UsingLegacyConversion(String)[73]" classname="org.apache.hadoop.hive.ql.io.parquet.serde.TestParquetTimestampsHive2Compatibility" time="0"/>
  <testcase name="testWriteHive4ReadHive4UsingLegacyConversion(String)[74]" classname="org.apache.hadoop.hive.ql.io.parquet.serde.TestParquetTimestampsHive2Compatibility" time="0.001"/>
  <testcase name="testWriteHive4ReadHive4UsingLegacyConversion(String)[75]" classname="org.apache.hadoop.hive.ql.io.parquet.serde.TestParquetTimestampsHive2Compatibility" time="0"/>
  <testcase name="testWriteHive4ReadHive4UsingLegacyConversion(String)[76]" classname="org.apache.hadoop.hive.ql.io.parquet.serde.TestParquetTimestampsHive2Compatibility" time="0"/>
  <testcase name="testWriteHive4ReadHive4UsingLegacyConversion(String)[77]" classname="org.apache.hadoop.hive.ql.io.parquet.serde.TestParquetTimestampsHive2Compatibility" time="0"/>
  <testcase name="testWriteHive4ReadHive4UsingLegacyConversion(String)[78]" classname="org.apache.hadoop.hive.ql.io.parquet.serde.TestParquetTimestampsHive2Compatibility" time="0"/>
  <testcase name="testWriteHive4ReadHive4UsingLegacyConversion(String)[79]" classname="org.apache.hadoop.hive.ql.io.parquet.serde.TestParquetTimestampsHive2Compatibility" time="0.001"/>
  <testcase name="testWriteHive4ReadHive4UsingLegacyConversion(String)[80]" classname="org.apache.hadoop.hive.ql.io.parquet.serde.TestParquetTimestampsHive2Compatibility" time="0"/>
  <testcase name="testWriteHive4ReadHive4UsingLegacyConversion(String)[81]" classname="org.apache.hadoop.hive.ql.io.parquet.serde.TestParquetTimestampsHive2Compatibility" time="0"/>
  <testcase name="testWriteHive4ReadHive4UsingLegacyConversion(String)[82]" classname="org.apache.hadoop.hive.ql.io.parquet.serde.TestParquetTimestampsHive2Compatibility" time="0"/>
  <testcase name="testWriteHive4ReadHive4UsingLegacyConversion(String)[83]" classname="org.apache.hadoop.hive.ql.io.parquet.serde.TestParquetTimestampsHive2Compatibility" time="0"/>
  <testcase name="testWriteHive4ReadHive4UsingLegacyConversion(String)[84]" classname="org.apache.hadoop.hive.ql.io.parquet.serde.TestParquetTimestampsHive2Compatibility" time="0"/>
  <testcase name="testWriteHive4ReadHive4UsingLegacyConversion(String)[85]" classname="org.apache.hadoop.hive.ql.io.parquet.serde.TestParquetTimestampsHive2Compatibility" time="0"/>
  <testcase name="testWriteHive4ReadHive4UsingLegacyConversion(String)[86]" classname="org.apache.hadoop.hive.ql.io.parquet.serde.TestParquetTimestampsHive2Compatibility" time="0.005"/>
  <testcase name="testWriteHive4ReadHive4UsingLegacyConversion(String)[87]" classname="org.apache.hadoop.hive.ql.io.parquet.serde.TestParquetTimestampsHive2Compatibility" time="0"/>
  <testcase name="testWriteHive4ReadHive4UsingLegacyConversion(String)[88]" classname="org.apache.hadoop.hive.ql.io.parquet.serde.TestParquetTimestampsHive2Compatibility" time="0"/>
  <testcase name="testWriteHive4ReadHive4UsingLegacyConversion(String)[89]" classname="org.apache.hadoop.hive.ql.io.parquet.serde.TestParquetTimestampsHive2Compatibility" time="0"/>
  <testcase name="testWriteHive4ReadHive4UsingLegacyConversion(String)[90]" classname="org.apache.hadoop.hive.ql.io.parquet.serde.TestParquetTimestampsHive2Compatibility" time="0"/>
  <testcase name="testWriteHive4ReadHive4UsingLegacyConversion(String)[91]" classname="org.apache.hadoop.hive.ql.io.parquet.serde.TestParquetTimestampsHive2Compatibility" time="0.001"/>
  <testcase name="testWriteHive4ReadHive4UsingLegacyConversion(String)[92]" classname="org.apache.hadoop.hive.ql.io.parquet.serde.TestParquetTimestampsHive2Compatibility" time="0"/>
  <testcase name="testWriteHive4ReadHive4UsingLegacyConversion(String)[93]" classname="org.apache.hadoop.hive.ql.io.parquet.serde.TestParquetTimestampsHive2Compatibility" time="0"/>
  <testcase name="testWriteHive4ReadHive4UsingLegacyConversion(String)[94]" classname="org.apache.hadoop.hive.ql.io.parquet.serde.TestParquetTimestampsHive2Compatibility" time="0"/>
  <testcase name="testWriteHive4ReadHive4UsingLegacyConversion(String)[95]" classname="org.apache.hadoop.hive.ql.io.parquet.serde.TestParquetTimestampsHive2Compatibility" time="0"/>
  <testcase name="testWriteHive4ReadHive4UsingLegacyConversion(String)[96]" classname="org.apache.hadoop.hive.ql.io.parquet.serde.TestParquetTimestampsHive2Compatibility" time="0"/>
  <testcase name="testWriteHive4ReadHive4UsingLegacyConversion(String)[97]" classname="org.apache.hadoop.hive.ql.io.parquet.serde.TestParquetTimestampsHive2Compatibility" time="0"/>
  <testcase name="testWriteHive4ReadHive4UsingLegacyConversion(String)[98]" classname="org.apache.hadoop.hive.ql.io.parquet.serde.TestParquetTimestampsHive2Compatibility" time="0"/>
  <testcase name="testWriteHive4ReadHive4UsingLegacyConversion(String)[99]" classname="org.apache.hadoop.hive.ql.io.parquet.serde.TestParquetTimestampsHive2Compatibility" time="0.001"/>
  <testcase name="testWriteHive4ReadHive4UsingLegacyConversion(String)[100]" classname="org.apache.hadoop.hive.ql.io.parquet.serde.TestParquetTimestampsHive2Compatibility" time="0"/>
  <testcase name="testWriteHive4ReadHive4UsingLegacyConversion(String)[101]" classname="org.apache.hadoop.hive.ql.io.parquet.serde.TestParquetTimestampsHive2Compatibility" time="0"/>
  <testcase name="testWriteHive4ReadHive4UsingLegacyConversion(String)[102]" classname="org.apache.hadoop.hive.ql.io.parquet.serde.TestParquetTimestampsHive2Compatibility" time="0.001"/>
  <testcase name="testWriteHive4ReadHive4UsingLegacyConversion(String)[103]" classname="org.apache.hadoop.hive.ql.io.parquet.serde.TestParquetTimestampsHive2Compatibility" time="0"/>
  <testcase name="testWriteHive4ReadHive4UsingLegacyConversion(String)[104]" classname="org.apache.hadoop.hive.ql.io.parquet.serde.TestParquetTimestampsHive2Compatibility" time="0"/>
  <testcase name="testWriteHive4ReadHive4UsingLegacyConversion(String)[105]" classname="org.apache.hadoop.hive.ql.io.parquet.serde.TestParquetTimestampsHive2Compatibility" time="0"/>
  <testcase name="testWriteHive4ReadHive4UsingLegacyConversion(String)[106]" classname="org.apache.hadoop.hive.ql.io.parquet.serde.TestParquetTimestampsHive2Compatibility" time="0"/>
  <testcase name="testWriteHive4ReadHive4UsingLegacyConversion(String)[107]" classname="org.apache.hadoop.hive.ql.io.parquet.serde.TestParquetTimestampsHive2Compatibility" time="0"/>
  <testcase name="testWriteHive4ReadHive4UsingLegacyConversion(String)[108]" classname="org.apache.hadoop.hive.ql.io.parquet.serde.TestParquetTimestampsHive2Compatibility" time="0"/>
  <testcase name="testWriteHive4ReadHive4UsingLegacyConversion(String)[109]" classname="org.apache.hadoop.hive.ql.io.parquet.serde.TestParquetTimestampsHive2Compatibility" time="0"/>
  <testcase name="testWriteHive4ReadHive4UsingLegacyConversion(String)[110]" classname="org.apache.hadoop.hive.ql.io.parquet.serde.TestParquetTimestampsHive2Compatibility" time="0"/>
  <testcase name="testWriteHive4ReadHive4UsingLegacyConversion(String)[111]" classname="org.apache.hadoop.hive.ql.io.parquet.serde.TestParquetTimestampsHive2Compatibility" time="0"/>
  <testcase name="testWriteHive4ReadHive4UsingLegacyConversion(String)[112]" classname="org.apache.hadoop.hive.ql.io.parquet.serde.TestParquetTimestampsHive2Compatibility" time="0"/>
  <testcase name="testWriteHive4ReadHive4UsingLegacyConversion(String)[113]" classname="org.apache.hadoop.hive.ql.io.parquet.serde.TestParquetTimestampsHive2Compatibility" time="0"/>
  <testcase name="testWriteHive4ReadHive4UsingLegacyConversion(String)[114]" classname="org.apache.hadoop.hive.ql.io.parquet.serde.TestParquetTimestampsHive2Compatibility" time="0"/>
  <testcase name="testWriteHive4ReadHive4UsingLegacyConversion(String)[115]" classname="org.apache.hadoop.hive.ql.io.parquet.serde.TestParquetTimestampsHive2Compatibility" time="0"/>
  <testcase name="testWriteHive4ReadHive4UsingLegacyConversion(String)[116]" classname="org.apache.hadoop.hive.ql.io.parquet.serde.TestParquetTimestampsHive2Compatibility" time="0.001"/>
  <testcase name="testWriteHive4ReadHive4UsingLegacyConversion(String)[117]" classname="org.apache.hadoop.hive.ql.io.parquet.serde.TestParquetTimestampsHive2Compatibility" time="0"/>
  <testcase name="testWriteHive4ReadHive4UsingLegacyConversion(String)[118]" classname="org.apache.hadoop.hive.ql.io.parquet.serde.TestParquetTimestampsHive2Compatibility" time="0"/>
  <testcase name="testWriteHive4ReadHive4UsingLegacyConversion(String)[119]" classname="org.apache.hadoop.hive.ql.io.parquet.serde.TestParquetTimestampsHive2Compatibility" time="0.001"/>
  <testcase name="testWriteHive4ReadHive4UsingLegacyConversion(String)[120]" classname="org.apache.hadoop.hive.ql.io.parquet.serde.TestParquetTimestampsHive2Compatibility" time="0"/>
  <testcase name="testWriteHive4ReadHive4UsingLegacyConversion(String)[121]" classname="org.apache.hadoop.hive.ql.io.parquet.serde.TestParquetTimestampsHive2Compatibility" time="0"/>
  <testcase name="testWriteHive4ReadHive4UsingLegacyConversion(String)[122]" classname="org.apache.hadoop.hive.ql.io.parquet.serde.TestParquetTimestampsHive2Compatibility" time="0.001"/>
  <testcase name="testWriteHive4ReadHive4UsingLegacyConversion(String)[123]" classname="org.apache.hadoop.hive.ql.io.parquet.serde.TestParquetTimestampsHive2Compatibility" time="0"/>
  <testcase name="testWriteHive4ReadHive4UsingLegacyConversion(String)[124]" classname="org.apache.hadoop.hive.ql.io.parquet.serde.TestParquetTimestampsHive2Compatibility" time="0"/>
  <testcase name="testWriteHive4ReadHive4UsingLegacyConversion(String)[125]" classname="org.apache.hadoop.hive.ql.io.parquet.serde.TestParquetTimestampsHive2Compatibility" time="0"/>
  <testcase name="testWriteHive4ReadHive4UsingLegacyConversion(String)[126]" classname="org.apache.hadoop.hive.ql.io.parquet.serde.TestParquetTimestampsHive2Compatibility" time="0"/>
  <testcase name="testWriteHive4ReadHive4UsingLegacyConversion(String)[127]" classname="org.apache.hadoop.hive.ql.io.parquet.serde.TestParquetTimestampsHive2Compatibility" time="0"/>
  <testcase name="testWriteHive4ReadHive4UsingLegacyConversion(String)[128]" classname="org.apache.hadoop.hive.ql.io.parquet.serde.TestParquetTimestampsHive2Compatibility" time="0"/>
  <testcase name="testWriteHive4ReadHive4UsingLegacyConversion(String)[129]" classname="org.apache.hadoop.hive.ql.io.parquet.serde.TestParquetTimestampsHive2Compatibility" time="0"/>
  <testcase name="testWriteHive4ReadHive4UsingLegacyConversion(String)[130]" classname="org.apache.hadoop.hive.ql.io.parquet.serde.TestParquetTimestampsHive2Compatibility" time="0.001"/>
  <testcase name="testWriteHive4ReadHive4UsingLegacyConversion(String)[131]" classname="org.apache.hadoop.hive.ql.io.parquet.serde.TestParquetTimestampsHive2Compatibility" time="0"/>
  <testcase name="testWriteHive4ReadHive4UsingLegacyConversion(String)[132]" classname="org.apache.hadoop.hive.ql.io.parquet.serde.TestParquetTimestampsHive2Compatibility" time="0"/>
  <testcase name="testWriteHive4ReadHive4UsingLegacyConversion(String)[133]" classname="org.apache.hadoop.hive.ql.io.parquet.serde.TestParquetTimestampsHive2Compatibility" time="0.001"/>
  <testcase name="testWriteHive4ReadHive4UsingLegacyConversion(String)[134]" classname="org.apache.hadoop.hive.ql.io.parquet.serde.TestParquetTimestampsHive2Compatibility" time="0"/>
  <testcase name="testWriteHive4ReadHive4UsingLegacyConversion(String)[135]" classname="org.apache.hadoop.hive.ql.io.parquet.serde.TestParquetTimestampsHive2Compatibility" time="0"/>
  <testcase name="testWriteHive4ReadHive4UsingLegacyConversion(String)[136]" classname="org.apache.hadoop.hive.ql.io.parquet.serde.TestParquetTimestampsHive2Compatibility" time="0.001"/>
  <testcase name="testWriteHive4ReadHive4UsingLegacyConversion(String)[137]" classname="org.apache.hadoop.hive.ql.io.parquet.serde.TestParquetTimestampsHive2Compatibility" time="0"/>
  <testcase name="testWriteHive4ReadHive4UsingLegacyConversion(String)[138]" classname="org.apache.hadoop.hive.ql.io.parquet.serde.TestParquetTimestampsHive2Compatibility" time="0"/>
  <testcase name="testWriteHive4ReadHive4UsingLegacyConversion(String)[139]" classname="org.apache.hadoop.hive.ql.io.parquet.serde.TestParquetTimestampsHive2Compatibility" time="0"/>
  <testcase name="testWriteHive4ReadHive4UsingLegacyConversion(String)[140]" classname="org.apache.hadoop.hive.ql.io.parquet.serde.TestParquetTimestampsHive2Compatibility" time="0"/>
  <testcase name="testWriteHive4ReadHive4UsingLegacyConversion(String)[141]" classname="org.apache.hadoop.hive.ql.io.parquet.serde.TestParquetTimestampsHive2Compatibility" time="0"/>
  <testcase name="testWriteHive4ReadHive4UsingLegacyConversion(String)[142]" classname="org.apache.hadoop.hive.ql.io.parquet.serde.TestParquetTimestampsHive2Compatibility" time="0"/>
  <testcase name="testWriteHive4ReadHive4UsingLegacyConversion(String)[143]" classname="org.apache.hadoop.hive.ql.io.parquet.serde.TestParquetTimestampsHive2Compatibility" time="0"/>
  <testcase name="testWriteHive4ReadHive4UsingLegacyConversion(String)[144]" classname="org.apache.hadoop.hive.ql.io.parquet.serde.TestParquetTimestampsHive2Compatibility" time="0"/>
  <testcase name="testWriteHive4ReadHive4UsingLegacyConversion(String)[145]" classname="org.apache.hadoop.hive.ql.io.parquet.serde.TestParquetTimestampsHive2Compatibility" time="0"/>
  <testcase name="testWriteHive4ReadHive4UsingLegacyConversion(String)[146]" classname="org.apache.hadoop.hive.ql.io.parquet.serde.TestParquetTimestampsHive2Compatibility" time="0"/>
  <testcase name="testWriteHive4ReadHive4UsingLegacyConversion(String)[147]" classname="org.apache.hadoop.hive.ql.io.parquet.serde.TestParquetTimestampsHive2Compatibility" time="0"/>
  <testcase name="testWriteHive4ReadHive4UsingLegacyConversion(String)[148]" classname="org.apache.hadoop.hive.ql.io.parquet.serde.TestParquetTimestampsHive2Compatibility" time="0"/>
  <testcase name="testWriteHive4ReadHive4UsingLegacyConversion(String)[149]" classname="org.apache.hadoop.hive.ql.io.parquet.serde.TestParquetTimestampsHive2Compatibility" time="0"/>
  <testcase name="testWriteHive4ReadHive4UsingLegacyConversion(String)[150]" classname="org.apache.hadoop.hive.ql.io.parquet.serde.TestParquetTimestampsHive2Compatibility" time="0"/>
  <testcase name="testWriteHive4ReadHive4UsingLegacyConversion(String)[151]" classname="org.apache.hadoop.hive.ql.io.parquet.serde.TestParquetTimestampsHive2Compatibility" time="0"/>
  <testcase name="testWriteHive4ReadHive4UsingLegacyConversion(String)[152]" classname="org.apache.hadoop.hive.ql.io.parquet.serde.TestParquetTimestampsHive2Compatibility" time="0"/>
  <testcase name="testWriteHive4ReadHive4UsingLegacyConversion(String)[153]" classname="org.apache.hadoop.hive.ql.io.parquet.serde.TestParquetTimestampsHive2Compatibility" time="0"/>
  <testcase name="testWriteHive4ReadHive4UsingLegacyConversion(String)[154]" classname="org.apache.hadoop.hive.ql.io.parquet.serde.TestParquetTimestampsHive2Compatibility" time="0"/>
  <testcase name="testWriteHive4ReadHive4UsingLegacyConversion(String)[155]" classname="org.apache.hadoop.hive.ql.io.parquet.serde.TestParquetTimestampsHive2Compatibility" time="0"/>
  <testcase name="testWriteHive4ReadHive4UsingLegacyConversion(String)[156]" classname="org.apache.hadoop.hive.ql.io.parquet.serde.TestParquetTimestampsHive2Compatibility" time="0.001"/>
  <testcase name="testWriteHive4ReadHive4UsingLegacyConversion(String)[157]" classname="org.apache.hadoop.hive.ql.io.parquet.serde.TestParquetTimestampsHive2Compatibility" time="0"/>
  <testcase name="testWriteHive4ReadHive4UsingLegacyConversion(String)[158]" classname="org.apache.hadoop.hive.ql.io.parquet.serde.TestParquetTimestampsHive2Compatibility" time="0"/>
  <testcase name="testWriteHive4ReadHive4UsingLegacyConversion(String)[159]" classname="org.apache.hadoop.hive.ql.io.parquet.serde.TestParquetTimestampsHive2Compatibility" time="0"/>
  <testcase name="testWriteHive4ReadHive4UsingLegacyConversion(String)[160]" classname="org.apache.hadoop.hive.ql.io.parquet.serde.TestParquetTimestampsHive2Compatibility" time="0"/>
  <testcase name="testWriteHive4ReadHive4UsingLegacyConversion(String)[161]" classname="org.apache.hadoop.hive.ql.io.parquet.serde.TestParquetTimestampsHive2Compatibility" time="0"/>
  <testcase name="testWriteHive4ReadHive4UsingLegacyConversion(String)[162]" classname="org.apache.hadoop.hive.ql.io.parquet.serde.TestParquetTimestampsHive2Compatibility" time="0"/>
  <testcase name="testWriteHive4ReadHive4UsingLegacyConversion(String)[163]" classname="org.apache.hadoop.hive.ql.io.parquet.serde.TestParquetTimestampsHive2Compatibility" time="0"/>
  <testcase name="testWriteHive4ReadHive4UsingLegacyConversion(String)[164]" classname="org.apache.hadoop.hive.ql.io.parquet.serde.TestParquetTimestampsHive2Compatibility" time="0"/>
  <testcase name="testWriteHive4ReadHive4UsingLegacyConversion(String)[165]" classname="org.apache.hadoop.hive.ql.io.parquet.serde.TestParquetTimestampsHive2Compatibility" time="0"/>
  <testcase name="testWriteHive4ReadHive4UsingLegacyConversion(String)[166]" classname="org.apache.hadoop.hive.ql.io.parquet.serde.TestParquetTimestampsHive2Compatibility" time="0"/>
  <testcase name="testWriteHive4ReadHive4UsingLegacyConversion(String)[167]" classname="org.apache.hadoop.hive.ql.io.parquet.serde.TestParquetTimestampsHive2Compatibility" time="0"/>
  <testcase name="testWriteHive4ReadHive4UsingLegacyConversion(String)[168]" classname="org.apache.hadoop.hive.ql.io.parquet.serde.TestParquetTimestampsHive2Compatibility" time="0"/>
  <testcase name="testWriteHive4ReadHive4UsingLegacyConversion(String)[169]" classname="org.apache.hadoop.hive.ql.io.parquet.serde.TestParquetTimestampsHive2Compatibility" time="0"/>
  <testcase name="testWriteHive4ReadHive4UsingLegacyConversion(String)[170]" classname="org.apache.hadoop.hive.ql.io.parquet.serde.TestParquetTimestampsHive2Compatibility" time="0"/>
  <testcase name="testWriteHive4ReadHive4UsingLegacyConversion(String)[171]" classname="org.apache.hadoop.hive.ql.io.parquet.serde.TestParquetTimestampsHive2Compatibility" time="0"/>
  <testcase name="testWriteHive4ReadHive4UsingLegacyConversion(String)[172]" classname="org.apache.hadoop.hive.ql.io.parquet.serde.TestParquetTimestampsHive2Compatibility" time="0.001"/>
  <testcase name="testWriteHive4ReadHive4UsingLegacyConversion(String)[173]" classname="org.apache.hadoop.hive.ql.io.parquet.serde.TestParquetTimestampsHive2Compatibility" time="0"/>
  <testcase name="testWriteHive4ReadHive4UsingLegacyConversion(String)[174]" classname="org.apache.hadoop.hive.ql.io.parquet.serde.TestParquetTimestampsHive2Compatibility" time="0"/>
  <testcase name="testWriteHive4ReadHive4UsingLegacyConversion(String)[175]" classname="org.apache.hadoop.hive.ql.io.parquet.serde.TestParquetTimestampsHive2Compatibility" time="0.001"/>
  <testcase name="testWriteHive4ReadHive4UsingLegacyConversion(String)[176]" classname="org.apache.hadoop.hive.ql.io.parquet.serde.TestParquetTimestampsHive2Compatibility" time="0"/>
  <testcase name="testWriteHive4ReadHive4UsingLegacyConversion(String)[177]" classname="org.apache.hadoop.hive.ql.io.parquet.serde.TestParquetTimestampsHive2Compatibility" time="0"/>
  <testcase name="testWriteHive4ReadHive4UsingLegacyConversion(String)[178]" classname="org.apache.hadoop.hive.ql.io.parquet.serde.TestParquetTimestampsHive2Compatibility" time="0.001"/>
  <testcase name="testWriteHive4ReadHive4UsingLegacyConversion(String)[179]" classname="org.apache.hadoop.hive.ql.io.parquet.serde.TestParquetTimestampsHive2Compatibility" time="0"/>
  <testcase name="testWriteHive4ReadHive4UsingLegacyConversion(String)[180]" classname="org.apache.hadoop.hive.ql.io.parquet.serde.TestParquetTimestampsHive2Compatibility" time="0"/>
  <testcase name="testWriteHive4ReadHive4UsingLegacyConversion(String)[181]" classname="org.apache.hadoop.hive.ql.io.parquet.serde.TestParquetTimestampsHive2Compatibility" time="0"/>
  <testcase name="testWriteHive4ReadHive4UsingLegacyConversion(String)[182]" classname="org.apache.hadoop.hive.ql.io.parquet.serde.TestParquetTimestampsHive2Compatibility" time="0.001"/>
  <testcase name="testWriteHive4ReadHive4UsingLegacyConversion(String)[183]" classname="org.apache.hadoop.hive.ql.io.parquet.serde.TestParquetTimestampsHive2Compatibility" time="0"/>
  <testcase name="testWriteHive4ReadHive4UsingLegacyConversion(String)[184]" classname="org.apache.hadoop.hive.ql.io.parquet.serde.TestParquetTimestampsHive2Compatibility" time="0"/>
  <testcase name="testWriteHive4ReadHive4UsingLegacyConversion(String)[185]" classname="org.apache.hadoop.hive.ql.io.parquet.serde.TestParquetTimestampsHive2Compatibility" time="0.001"/>
  <testcase name="testWriteHive4ReadHive4UsingLegacyConversion(String)[186]" classname="org.apache.hadoop.hive.ql.io.parquet.serde.TestParquetTimestampsHive2Compatibility" time="0"/>
  <testcase name="testWriteHive4ReadHive4UsingLegacyConversion(String)[187]" classname="org.apache.hadoop.hive.ql.io.parquet.serde.TestParquetTimestampsHive2Compatibility" time="0"/>
  <testcase name="testWriteHive4ReadHive4UsingLegacyConversion(String)[188]" classname="org.apache.hadoop.hive.ql.io.parquet.serde.TestParquetTimestampsHive2Compatibility" time="0"/>
  <testcase name="testWriteHive4ReadHive4UsingLegacyConversion(String)[189]" classname="org.apache.hadoop.hive.ql.io.parquet.serde.TestParquetTimestampsHive2Compatibility" time="0"/>
  <testcase name="testWriteHive4ReadHive4UsingLegacyConversion(String)[190]" classname="org.apache.hadoop.hive.ql.io.parquet.serde.TestParquetTimestampsHive2Compatibility" time="0"/>
  <testcase name="testWriteHive4ReadHive4UsingLegacyConversion(String)[191]" classname="org.apache.hadoop.hive.ql.io.parquet.serde.TestParquetTimestampsHive2Compatibility" time="0"/>
  <testcase name="testWriteHive4ReadHive4UsingLegacyConversion(String)[192]" classname="org.apache.hadoop.hive.ql.io.parquet.serde.TestParquetTimestampsHive2Compatibility" time="0"/>
  <testcase name="testWriteHive4ReadHive4UsingLegacyConversion(String)[193]" classname="org.apache.hadoop.hive.ql.io.parquet.serde.TestParquetTimestampsHive2Compatibility" time="0"/>
  <testcase name="testWriteHive4ReadHive4UsingLegacyConversion(String)[194]" classname="org.apache.hadoop.hive.ql.io.parquet.serde.TestParquetTimestampsHive2Compatibility" time="0"/>
  <testcase name="testWriteHive4ReadHive4UsingLegacyConversion(String)[195]" classname="org.apache.hadoop.hive.ql.io.parquet.serde.TestParquetTimestampsHive2Compatibility" time="0.001"/>
  <testcase name="testWriteHive4ReadHive4UsingLegacyConversion(String)[196]" classname="org.apache.hadoop.hive.ql.io.parquet.serde.TestParquetTimestampsHive2Compatibility" time="0"/>
  <testcase name="testWriteHive4ReadHive4UsingLegacyConversion(String)[197]" classname="org.apache.hadoop.hive.ql.io.parquet.serde.TestParquetTimestampsHive2Compatibility" time="0"/>
  <testcase name="testWriteHive4ReadHive4UsingLegacyConversion(String)[198]" classname="org.apache.hadoop.hive.ql.io.parquet.serde.TestParquetTimestampsHive2Compatibility" time="0"/>
  <testcase name="testWriteHive4ReadHive4UsingLegacyConversion(String)[199]" classname="org.apache.hadoop.hive.ql.io.parquet.serde.TestParquetTimestampsHive2Compatibility" time="0"/>
  <testcase name="testWriteHive4ReadHive4UsingLegacyConversion(String)[200]" classname="org.apache.hadoop.hive.ql.io.parquet.serde.TestParquetTimestampsHive2Compatibility" time="0"/>
  <testcase name="testWriteHive4ReadHive4UsingLegacyConversion(String)[201]" classname="org.apache.hadoop.hive.ql.io.parquet.serde.TestParquetTimestampsHive2Compatibility" time="0"/>
  <testcase name="testWriteHive4ReadHive4UsingLegacyConversion(String)[202]" classname="org.apache.hadoop.hive.ql.io.parquet.serde.TestParquetTimestampsHive2Compatibility" time="0"/>
  <testcase name="testWriteHive4ReadHive4UsingLegacyConversion(String)[203]" classname="org.apache.hadoop.hive.ql.io.parquet.serde.TestParquetTimestampsHive2Compatibility" time="0"/>
  <testcase name="testWriteHive4ReadHive4UsingLegacyConversion(String)[204]" classname="org.apache.hadoop.hive.ql.io.parquet.serde.TestParquetTimestampsHive2Compatibility" time="0"/>
  <testcase name="testWriteHive4ReadHive4UsingLegacyConversion(String)[205]" classname="org.apache.hadoop.hive.ql.io.parquet.serde.TestParquetTimestampsHive2Compatibility" time="0.001"/>
  <testcase name="testWriteHive4ReadHive4UsingLegacyConversion(String)[206]" classname="org.apache.hadoop.hive.ql.io.parquet.serde.TestParquetTimestampsHive2Compatibility" time="0"/>
  <testcase name="testWriteHive4ReadHive4UsingLegacyConversion(String)[207]" classname="org.apache.hadoop.hive.ql.io.parquet.serde.TestParquetTimestampsHive2Compatibility" time="0"/>
  <testcase name="testWriteHive4ReadHive4UsingLegacyConversion(String)[208]" classname="org.apache.hadoop.hive.ql.io.parquet.serde.TestParquetTimestampsHive2Compatibility" time="0"/>
  <testcase name="testWriteHive4ReadHive4UsingLegacyConversion(String)[209]" classname="org.apache.hadoop.hive.ql.io.parquet.serde.TestParquetTimestampsHive2Compatibility" time="0"/>
  <testcase name="testWriteHive4ReadHive4UsingLegacyConversion(String)[210]" classname="org.apache.hadoop.hive.ql.io.parquet.serde.TestParquetTimestampsHive2Compatibility" time="0"/>
  <testcase name="testWriteHive4ReadHive4UsingLegacyConversion(String)[211]" classname="org.apache.hadoop.hive.ql.io.parquet.serde.TestParquetTimestampsHive2Compatibility" time="0.001"/>
  <testcase name="testWriteHive4ReadHive4UsingLegacyConversion(String)[212]" classname="org.apache.hadoop.hive.ql.io.parquet.serde.TestParquetTimestampsHive2Compatibility" time="0"/>
  <testcase name="testWriteHive4ReadHive4UsingLegacyConversion(String)[213]" classname="org.apache.hadoop.hive.ql.io.parquet.serde.TestParquetTimestampsHive2Compatibility" time="0"/>
  <testcase name="testWriteHive4ReadHive4UsingLegacyConversion(String)[214]" classname="org.apache.hadoop.hive.ql.io.parquet.serde.TestParquetTimestampsHive2Compatibility" time="0.001"/>
  <testcase name="testWriteHive4ReadHive4UsingLegacyConversion(String)[215]" classname="org.apache.hadoop.hive.ql.io.parquet.serde.TestParquetTimestampsHive2Compatibility" time="0"/>
  <testcase name="testWriteHive4ReadHive4UsingLegacyConversion(String)[216]" classname="org.apache.hadoop.hive.ql.io.parquet.serde.TestParquetTimestampsHive2Compatibility" time="0"/>
  <testcase name="testWriteHive4ReadHive4UsingLegacyConversion(String)[217]" classname="org.apache.hadoop.hive.ql.io.parquet.serde.TestParquetTimestampsHive2Compatibility" time="0.001"/>
  <testcase name="testWriteHive4ReadHive4UsingLegacyConversion(String)[218]" classname="org.apache.hadoop.hive.ql.io.parquet.serde.TestParquetTimestampsHive2Compatibility" time="0"/>
  <testcase name="testWriteHive4ReadHive4UsingLegacyConversion(String)[219]" classname="org.apache.hadoop.hive.ql.io.parquet.serde.TestParquetTimestampsHive2Compatibility" time="0"/>
  <testcase name="testWriteHive4ReadHive4UsingLegacyConversion(String)[220]" classname="org.apache.hadoop.hive.ql.io.parquet.serde.TestParquetTimestampsHive2Compatibility" time="0.001"/>
  <testcase name="testWriteHive4ReadHive4UsingLegacyConversion(String)[221]" classname="org.apache.hadoop.hive.ql.io.parquet.serde.TestParquetTimestampsHive2Compatibility" time="0"/>
  <testcase name="testWriteHive4ReadHive4UsingLegacyConversion(String)[222]" classname="org.apache.hadoop.hive.ql.io.parquet.serde.TestParquetTimestampsHive2Compatibility" time="0"/>
  <testcase name="testWriteHive4ReadHive4UsingLegacyConversion(String)[223]" classname="org.apache.hadoop.hive.ql.io.parquet.serde.TestParquetTimestampsHive2Compatibility" time="0.001"/>
  <testcase name="testWriteHive4ReadHive4UsingLegacyConversion(String)[224]" classname="org.apache.hadoop.hive.ql.io.parquet.serde.TestParquetTimestampsHive2Compatibility" time="0"/>
  <testcase name="testWriteHive4ReadHive4UsingLegacyConversion(String)[225]" classname="org.apache.hadoop.hive.ql.io.parquet.serde.TestParquetTimestampsHive2Compatibility" time="0"/>
  <testcase name="testWriteHive4ReadHive4UsingLegacyConversion(String)[226]" classname="org.apache.hadoop.hive.ql.io.parquet.serde.TestParquetTimestampsHive2Compatibility" time="0.001"/>
  <testcase name="testWriteHive4ReadHive4UsingLegacyConversion(String)[227]" classname="org.apache.hadoop.hive.ql.io.parquet.serde.TestParquetTimestampsHive2Compatibility" time="0"/>
  <testcase name="testWriteHive4ReadHive4UsingLegacyConversion(String)[228]" classname="org.apache.hadoop.hive.ql.io.parquet.serde.TestParquetTimestampsHive2Compatibility" time="0"/>
  <testcase name="testWriteHive4ReadHive4UsingLegacyConversion(String)[229]" classname="org.apache.hadoop.hive.ql.io.parquet.serde.TestParquetTimestampsHive2Compatibility" time="0"/>
  <testcase name="testWriteHive4ReadHive4UsingLegacyConversion(String)[230]" classname="org.apache.hadoop.hive.ql.io.parquet.serde.TestParquetTimestampsHive2Compatibility" time="0"/>
  <testcase name="testWriteHive4ReadHive4UsingLegacyConversion(String)[231]" classname="org.apache.hadoop.hive.ql.io.parquet.serde.TestParquetTimestampsHive2Compatibility" time="0"/>
  <testcase name="testWriteHive4ReadHive4UsingLegacyConversion(String)[232]" classname="org.apache.hadoop.hive.ql.io.parquet.serde.TestParquetTimestampsHive2Compatibility" time="0.001"/>
  <testcase name="testWriteHive4ReadHive4UsingLegacyConversion(String)[233]" classname="org.apache.hadoop.hive.ql.io.parquet.serde.TestParquetTimestampsHive2Compatibility" time="0"/>
  <testcase name="testWriteHive4ReadHive4UsingLegacyConversion(String)[234]" classname="org.apache.hadoop.hive.ql.io.parquet.serde.TestParquetTimestampsHive2Compatibility" time="0"/>
  <testcase name="testWriteHive4ReadHive4UsingLegacyConversion(String)[235]" classname="org.apache.hadoop.hive.ql.io.parquet.serde.TestParquetTimestampsHive2Compatibility" time="0.001"/>
  <testcase name="testWriteHive4ReadHive4UsingLegacyConversion(String)[236]" classname="org.apache.hadoop.hive.ql.io.parquet.serde.TestParquetTimestampsHive2Compatibility" time="0"/>
  <testcase name="testWriteHive4ReadHive4UsingLegacyConversion(String)[237]" classname="org.apache.hadoop.hive.ql.io.parquet.serde.TestParquetTimestampsHive2Compatibility" time="0"/>
  <testcase name="testWriteHive4ReadHive4UsingLegacyConversion(String)[238]" classname="org.apache.hadoop.hive.ql.io.parquet.serde.TestParquetTimestampsHive2Compatibility" time="0.001"/>
  <testcase name="testWriteHive4ReadHive4UsingLegacyConversion(String)[239]" classname="org.apache.hadoop.hive.ql.io.parquet.serde.TestParquetTimestampsHive2Compatibility" time="0"/>
  <testcase name="testWriteHive4ReadHive4UsingLegacyConversion(String)[240]" classname="org.apache.hadoop.hive.ql.io.parquet.serde.TestParquetTimestampsHive2Compatibility" time="0"/>
  <testcase name="testWriteHive4ReadHive4UsingLegacyConversion(String)[241]" classname="org.apache.hadoop.hive.ql.io.parquet.serde.TestParquetTimestampsHive2Compatibility" time="0.001"/>
  <testcase name="testWriteHive4ReadHive4UsingLegacyConversion(String)[242]" classname="org.apache.hadoop.hive.ql.io.parquet.serde.TestParquetTimestampsHive2Compatibility" time="0"/>
  <testcase name="testWriteHive4ReadHive4UsingLegacyConversion(String)[243]" classname="org.apache.hadoop.hive.ql.io.parquet.serde.TestParquetTimestampsHive2Compatibility" time="0"/>
  <testcase name="testWriteHive4ReadHive4UsingLegacyConversion(String)[244]" classname="org.apache.hadoop.hive.ql.io.parquet.serde.TestParquetTimestampsHive2Compatibility" time="0"/>
  <testcase name="testWriteHive4ReadHive4UsingLegacyConversion(String)[245]" classname="org.apache.hadoop.hive.ql.io.parquet.serde.TestParquetTimestampsHive2Compatibility" time="0"/>
  <testcase name="testWriteHive4ReadHive4UsingLegacyConversion(String)[246]" classname="org.apache.hadoop.hive.ql.io.parquet.serde.TestParquetTimestampsHive2Compatibility" time="0"/>
  <testcase name="testWriteHive4ReadHive4UsingLegacyConversion(String)[247]" classname="org.apache.hadoop.hive.ql.io.parquet.serde.TestParquetTimestampsHive2Compatibility" time="0"/>
  <testcase name="testWriteHive4ReadHive4UsingLegacyConversion(String)[248]" classname="org.apache.hadoop.hive.ql.io.parquet.serde.TestParquetTimestampsHive2Compatibility" time="0"/>
  <testcase name="testWriteHive4ReadHive4UsingLegacyConversion(String)[249]" classname="org.apache.hadoop.hive.ql.io.parquet.serde.TestParquetTimestampsHive2Compatibility" time="0"/>
  <testcase name="testWriteHive4ReadHive4UsingLegacyConversion(String)[250]" classname="org.apache.hadoop.hive.ql.io.parquet.serde.TestParquetTimestampsHive2Compatibility" time="0"/>
  <testcase name="testWriteHive4ReadHive4UsingLegacyConversion(String)[251]" classname="org.apache.hadoop.hive.ql.io.parquet.serde.TestParquetTimestampsHive2Compatibility" time="0"/>
  <testcase name="testWriteHive4ReadHive4UsingLegacyConversion(String)[252]" classname="org.apache.hadoop.hive.ql.io.parquet.serde.TestParquetTimestampsHive2Compatibility" time="0"/>
  <testcase name="testWriteHive4ReadHive4UsingLegacyConversion(String)[253]" classname="org.apache.hadoop.hive.ql.io.parquet.serde.TestParquetTimestampsHive2Compatibility" time="0"/>
  <testcase name="testWriteHive4ReadHive4UsingLegacyConversion(String)[254]" classname="org.apache.hadoop.hive.ql.io.parquet.serde.TestParquetTimestampsHive2Compatibility" time="0"/>
  <testcase name="testWriteHive4ReadHive4UsingLegacyConversion(String)[255]" classname="org.apache.hadoop.hive.ql.io.parquet.serde.TestParquetTimestampsHive2Compatibility" time="0"/>
  <testcase name="testWriteHive4ReadHive4UsingLegacyConversion(String)[256]" classname="org.apache.hadoop.hive.ql.io.parquet.serde.TestParquetTimestampsHive2Compatibility" time="0.001"/>
  <testcase name="testWriteHive4ReadHive4UsingLegacyConversion(String)[257]" classname="org.apache.hadoop.hive.ql.io.parquet.serde.TestParquetTimestampsHive2Compatibility" time="0"/>
  <testcase name="testWriteHive4ReadHive4UsingLegacyConversion(String)[258]" classname="org.apache.hadoop.hive.ql.io.parquet.serde.TestParquetTimestampsHive2Compatibility" time="0"/>
  <testcase name="testWriteHive4ReadHive4UsingLegacyConversion(String)[259]" classname="org.apache.hadoop.hive.ql.io.parquet.serde.TestParquetTimestampsHive2Compatibility" time="0"/>
  <testcase name="testWriteHive4ReadHive4UsingLegacyConversion(String)[260]" classname="org.apache.hadoop.hive.ql.io.parquet.serde.TestParquetTimestampsHive2Compatibility" time="0"/>
  <testcase name="testWriteHive4ReadHive4UsingLegacyConversion(String)[261]" classname="org.apache.hadoop.hive.ql.io.parquet.serde.TestParquetTimestampsHive2Compatibility" time="0"/>
  <testcase name="testWriteHive4ReadHive4UsingLegacyConversion(String)[262]" classname="org.apache.hadoop.hive.ql.io.parquet.serde.TestParquetTimestampsHive2Compatibility" time="0"/>
  <testcase name="testWriteHive4ReadHive4UsingLegacyConversion(String)[263]" classname="org.apache.hadoop.hive.ql.io.parquet.serde.TestParquetTimestampsHive2Compatibility" time="0"/>
  <testcase name="testWriteHive4ReadHive4UsingLegacyConversion(String)[264]" classname="org.apache.hadoop.hive.ql.io.parquet.serde.TestParquetTimestampsHive2Compatibility" time="0"/>
  <testcase name="testWriteHive4ReadHive4UsingLegacyConversion(String)[265]" classname="org.apache.hadoop.hive.ql.io.parquet.serde.TestParquetTimestampsHive2Compatibility" time="0"/>
  <testcase name="testWriteHive4ReadHive4UsingLegacyConversion(String)[266]" classname="org.apache.hadoop.hive.ql.io.parquet.serde.TestParquetTimestampsHive2Compatibility" time="0"/>
  <testcase name="testWriteHive4ReadHive4UsingLegacyConversion(String)[267]" classname="org.apache.hadoop.hive.ql.io.parquet.serde.TestParquetTimestampsHive2Compatibility" time="0"/>
  <testcase name="testWriteHive4ReadHive4UsingLegacyConversion(String)[268]" classname="org.apache.hadoop.hive.ql.io.parquet.serde.TestParquetTimestampsHive2Compatibility" time="0"/>
  <testcase name="testWriteHive4ReadHive4UsingLegacyConversion(String)[269]" classname="org.apache.hadoop.hive.ql.io.parquet.serde.TestParquetTimestampsHive2Compatibility" time="0"/>
  <testcase name="testWriteHive4ReadHive4UsingLegacyConversion(String)[270]" classname="org.apache.hadoop.hive.ql.io.parquet.serde.TestParquetTimestampsHive2Compatibility" time="0.001"/>
  <testcase name="testWriteHive4ReadHive4UsingLegacyConversion(String)[271]" classname="org.apache.hadoop.hive.ql.io.parquet.serde.TestParquetTimestampsHive2Compatibility" time="0"/>
  <testcase name="testWriteHive4ReadHive4UsingLegacyConversion(String)[272]" classname="org.apache.hadoop.hive.ql.io.parquet.serde.TestParquetTimestampsHive2Compatibility" time="0"/>
  <testcase name="testWriteHive4ReadHive4UsingLegacyConversion(String)[273]" classname="org.apache.hadoop.hive.ql.io.parquet.serde.TestParquetTimestampsHive2Compatibility" time="0"/>
  <testcase name="testWriteHive4ReadHive4UsingLegacyConversion(String)[274]" classname="org.apache.hadoop.hive.ql.io.parquet.serde.TestParquetTimestampsHive2Compatibility" time="0"/>
  <testcase name="testWriteHive4ReadHive4UsingLegacyConversion(String)[275]" classname="org.apache.hadoop.hive.ql.io.parquet.serde.TestParquetTimestampsHive2Compatibility" time="0"/>
  <testcase name="testWriteHive4ReadHive4UsingLegacyConversion(String)[276]" classname="org.apache.hadoop.hive.ql.io.parquet.serde.TestParquetTimestampsHive2Compatibility" time="0"/>
  <testcase name="testWriteHive4ReadHive4UsingLegacyConversion(String)[277]" classname="org.apache.hadoop.hive.ql.io.parquet.serde.TestParquetTimestampsHive2Compatibility" time="0"/>
  <testcase name="testWriteHive4ReadHive4UsingLegacyConversion(String)[278]" classname="org.apache.hadoop.hive.ql.io.parquet.serde.TestParquetTimestampsHive2Compatibility" time="0"/>
  <testcase name="testWriteHive4ReadHive4UsingLegacyConversion(String)[279]" classname="org.apache.hadoop.hive.ql.io.parquet.serde.TestParquetTimestampsHive2Compatibility" time="0"/>
  <testcase name="testWriteHive4ReadHive4UsingLegacyConversion(String)[280]" classname="org.apache.hadoop.hive.ql.io.parquet.serde.TestParquetTimestampsHive2Compatibility" time="0"/>
  <testcase name="testWriteHive4ReadHive4UsingLegacyConversion(String)[281]" classname="org.apache.hadoop.hive.ql.io.parquet.serde.TestParquetTimestampsHive2Compatibility" time="0"/>
  <testcase name="testWriteHive4ReadHive4UsingLegacyConversion(String)[282]" classname="org.apache.hadoop.hive.ql.io.parquet.serde.TestParquetTimestampsHive2Compatibility" time="0"/>
  <testcase name="testWriteHive4ReadHive4UsingLegacyConversion(String)[283]" classname="org.apache.hadoop.hive.ql.io.parquet.serde.TestParquetTimestampsHive2Compatibility" time="0"/>
  <testcase name="testWriteHive4ReadHive4UsingLegacyConversion(String)[284]" classname="org.apache.hadoop.hive.ql.io.parquet.serde.TestParquetTimestampsHive2Compatibility" time="0"/>
  <testcase name="testWriteHive4ReadHive4UsingLegacyConversion(String)[285]" classname="org.apache.hadoop.hive.ql.io.parquet.serde.TestParquetTimestampsHive2Compatibility" time="0.001"/>
  <testcase name="testWriteHive4ReadHive4UsingLegacyConversion(String)[286]" classname="org.apache.hadoop.hive.ql.io.parquet.serde.TestParquetTimestampsHive2Compatibility" time="0"/>
  <testcase name="testWriteHive4ReadHive4UsingLegacyConversion(String)[287]" classname="org.apache.hadoop.hive.ql.io.parquet.serde.TestParquetTimestampsHive2Compatibility" time="0"/>
  <testcase name="testWriteHive4ReadHive4UsingLegacyConversion(String)[288]" classname="org.apache.hadoop.hive.ql.io.parquet.serde.TestParquetTimestampsHive2Compatibility" time="0"/>
  <testcase name="testWriteHive4ReadHive4UsingLegacyConversion(String)[289]" classname="org.apache.hadoop.hive.ql.io.parquet.serde.TestParquetTimestampsHive2Compatibility" time="0"/>
  <testcase name="testWriteHive4ReadHive4UsingLegacyConversion(String)[290]" classname="org.apache.hadoop.hive.ql.io.parquet.serde.TestParquetTimestampsHive2Compatibility" time="0"/>
  <testcase name="testWriteHive4ReadHive4UsingLegacyConversion(String)[291]" classname="org.apache.hadoop.hive.ql.io.parquet.serde.TestParquetTimestampsHive2Compatibility" time="0"/>
  <testcase name="testWriteHive4ReadHive4UsingLegacyConversion(String)[292]" classname="org.apache.hadoop.hive.ql.io.parquet.serde.TestParquetTimestampsHive2Compatibility" time="0.001"/>
  <testcase name="testWriteHive4ReadHive4UsingLegacyConversion(String)[293]" classname="org.apache.hadoop.hive.ql.io.parquet.serde.TestParquetTimestampsHive2Compatibility" time="0"/>
  <testcase name="testWriteHive4ReadHive4UsingLegacyConversion(String)[294]" classname="org.apache.hadoop.hive.ql.io.parquet.serde.TestParquetTimestampsHive2Compatibility" time="0"/>
  <testcase name="testWriteHive4ReadHive4UsingLegacyConversion(String)[295]" classname="org.apache.hadoop.hive.ql.io.parquet.serde.TestParquetTimestampsHive2Compatibility" time="0"/>
  <testcase name="testWriteHive4ReadHive4UsingLegacyConversion(String)[296]" classname="org.apache.hadoop.hive.ql.io.parquet.serde.TestParquetTimestampsHive2Compatibility" time="0"/>
  <testcase name="testWriteHive4ReadHive4UsingLegacyConversion(String)[297]" classname="org.apache.hadoop.hive.ql.io.parquet.serde.TestParquetTimestampsHive2Compatibility" time="0"/>
  <testcase name="testWriteHive4ReadHive4UsingLegacyConversion(String)[298]" classname="org.apache.hadoop.hive.ql.io.parquet.serde.TestParquetTimestampsHive2Compatibility" time="0"/>
  <testcase name="testWriteHive4ReadHive4UsingLegacyConversion(String)[299]" classname="org.apache.hadoop.hive.ql.io.parquet.serde.TestParquetTimestampsHive2Compatibility" time="0"/>
  <testcase name="testWriteHive4ReadHive4UsingLegacyConversion(String)[300]" classname="org.apache.hadoop.hive.ql.io.parquet.serde.TestParquetTimestampsHive2Compatibility" time="0"/>
  <testcase name="testWriteHive4ReadHive4UsingLegacyConversion(String)[301]" classname="org.apache.hadoop.hive.ql.io.parquet.serde.TestParquetTimestampsHive2Compatibility" time="0"/>
  <testcase name="testWriteHive4ReadHive4UsingLegacyConversion(String)[302]" classname="org.apache.hadoop.hive.ql.io.parquet.serde.TestParquetTimestampsHive2Compatibility" time="0.001"/>
  <testcase name="testWriteHive4ReadHive4UsingLegacyConversion(String)[303]" classname="org.apache.hadoop.hive.ql.io.parquet.serde.TestParquetTimestampsHive2Compatibility" time="0"/>
  <testcase name="testWriteHive4ReadHive4UsingLegacyConversion(String)[304]" classname="org.apache.hadoop.hive.ql.io.parquet.serde.TestParquetTimestampsHive2Compatibility" time="0"/>
  <testcase name="testWriteHive4ReadHive4UsingLegacyConversion(String)[305]" classname="org.apache.hadoop.hive.ql.io.parquet.serde.TestParquetTimestampsHive2Compatibility" time="0.001"/>
  <testcase name="testWriteHive4ReadHive4UsingLegacyConversion(String)[306]" classname="org.apache.hadoop.hive.ql.io.parquet.serde.TestParquetTimestampsHive2Compatibility" time="0"/>
  <testcase name="testWriteHive4ReadHive4UsingLegacyConversion(String)[307]" classname="org.apache.hadoop.hive.ql.io.parquet.serde.TestParquetTimestampsHive2Compatibility" time="0"/>
  <testcase name="testWriteHive4ReadHive4UsingLegacyConversion(String)[308]" classname="org.apache.hadoop.hive.ql.io.parquet.serde.TestParquetTimestampsHive2Compatibility" time="0.001"/>
  <testcase name="testWriteHive4ReadHive4UsingLegacyConversion(String)[309]" classname="org.apache.hadoop.hive.ql.io.parquet.serde.TestParquetTimestampsHive2Compatibility" time="0"/>
  <testcase name="testWriteHive4ReadHive4UsingLegacyConversion(String)[310]" classname="org.apache.hadoop.hive.ql.io.parquet.serde.TestParquetTimestampsHive2Compatibility" time="0"/>
  <testcase name="testWriteHive4ReadHive4UsingLegacyConversion(String)[311]" classname="org.apache.hadoop.hive.ql.io.parquet.serde.TestParquetTimestampsHive2Compatibility" time="0.001"/>
  <testcase name="testWriteHive4ReadHive4UsingLegacyConversion(String)[312]" classname="org.apache.hadoop.hive.ql.io.parquet.serde.TestParquetTimestampsHive2Compatibility" time="0"/>
  <testcase name="testWriteHive4ReadHive4UsingLegacyConversion(String)[313]" classname="org.apache.hadoop.hive.ql.io.parquet.serde.TestParquetTimestampsHive2Compatibility" time="0"/>
  <testcase name="testWriteHive4ReadHive4UsingLegacyConversion(String)[314]" classname="org.apache.hadoop.hive.ql.io.parquet.serde.TestParquetTimestampsHive2Compatibility" time="0.001"/>
  <testcase name="testWriteHive4ReadHive4UsingLegacyConversion(String)[315]" classname="org.apache.hadoop.hive.ql.io.parquet.serde.TestParquetTimestampsHive2Compatibility" time="0"/>
  <testcase name="testWriteHive4ReadHive4UsingLegacyConversion(String)[316]" classname="org.apache.hadoop.hive.ql.io.parquet.serde.TestParquetTimestampsHive2Compatibility" time="0"/>
  <testcase name="testWriteHive4ReadHive4UsingLegacyConversion(String)[317]" classname="org.apache.hadoop.hive.ql.io.parquet.serde.TestParquetTimestampsHive2Compatibility" time="0.001"/>
  <testcase name="testWriteHive4ReadHive4UsingLegacyConversion(String)[318]" classname="org.apache.hadoop.hive.ql.io.parquet.serde.TestParquetTimestampsHive2Compatibility" time="0"/>
  <testcase name="testWriteHive4ReadHive4UsingLegacyConversion(String)[319]" classname="org.apache.hadoop.hive.ql.io.parquet.serde.TestParquetTimestampsHive2Compatibility" time="0"/>
  <testcase name="testWriteHive4ReadHive4UsingLegacyConversion(String)[320]" classname="org.apache.hadoop.hive.ql.io.parquet.serde.TestParquetTimestampsHive2Compatibility" time="0"/>
  <testcase name="testWriteHive4ReadHive4UsingLegacyConversion(String)[321]" classname="org.apache.hadoop.hive.ql.io.parquet.serde.TestParquetTimestampsHive2Compatibility" time="0"/>
  <testcase name="testWriteHive4ReadHive4UsingLegacyConversion(String)[322]" classname="org.apache.hadoop.hive.ql.io.parquet.serde.TestParquetTimestampsHive2Compatibility" time="0"/>
  <testcase name="testWriteHive4ReadHive4UsingLegacyConversion(String)[323]" classname="org.apache.hadoop.hive.ql.io.parquet.serde.TestParquetTimestampsHive2Compatibility" time="0"/>
  <testcase name="testWriteHive4ReadHive4UsingLegacyConversion(String)[324]" classname="org.apache.hadoop.hive.ql.io.parquet.serde.TestParquetTimestampsHive2Compatibility" time="0.001"/>
  <testcase name="testWriteHive4ReadHive4UsingLegacyConversion(String)[325]" classname="org.apache.hadoop.hive.ql.io.parquet.serde.TestParquetTimestampsHive2Compatibility" time="0"/>
  <testcase name="testWriteHive4ReadHive4UsingLegacyConversion(String)[326]" classname="org.apache.hadoop.hive.ql.io.parquet.serde.TestParquetTimestampsHive2Compatibility" time="0"/>
  <testcase name="testWriteHive4ReadHive4UsingLegacyConversion(String)[327]" classname="org.apache.hadoop.hive.ql.io.parquet.serde.TestParquetTimestampsHive2Compatibility" time="0.001"/>
  <testcase name="testWriteHive4ReadHive4UsingLegacyConversion(String)[328]" classname="org.apache.hadoop.hive.ql.io.parquet.serde.TestParquetTimestampsHive2Compatibility" time="0"/>
  <testcase name="testWriteHive4ReadHive4UsingLegacyConversion(String)[329]" classname="org.apache.hadoop.hive.ql.io.parquet.serde.TestParquetTimestampsHive2Compatibility" time="0"/>
  <testcase name="testWriteHive4ReadHive4UsingLegacyConversion(String)[330]" classname="org.apache.hadoop.hive.ql.io.parquet.serde.TestParquetTimestampsHive2Compatibility" time="0"/>
  <testcase name="testWriteHive4ReadHive4UsingLegacyConversion(String)[331]" classname="org.apache.hadoop.hive.ql.io.parquet.serde.TestParquetTimestampsHive2Compatibility" time="0"/>
  <testcase name="testWriteHive4ReadHive4UsingLegacyConversion(String)[332]" classname="org.apache.hadoop.hive.ql.io.parquet.serde.TestParquetTimestampsHive2Compatibility" time="0"/>
  <testcase name="testWriteHive4ReadHive4UsingLegacyConversion(String)[333]" classname="org.apache.hadoop.hive.ql.io.parquet.serde.TestParquetTimestampsHive2Compatibility" time="0"/>
  <testcase name="testWriteHive4ReadHive4UsingLegacyConversion(String)[334]" classname="org.apache.hadoop.hive.ql.io.parquet.serde.TestParquetTimestampsHive2Compatibility" time="0.001"/>
  <testcase name="testWriteHive4ReadHive4UsingLegacyConversion(String)[335]" classname="org.apache.hadoop.hive.ql.io.parquet.serde.TestParquetTimestampsHive2Compatibility" time="0"/>
  <testcase name="testWriteHive4ReadHive4UsingLegacyConversion(String)[336]" classname="org.apache.hadoop.hive.ql.io.parquet.serde.TestParquetTimestampsHive2Compatibility" time="0"/>
  <testcase name="testWriteHive4ReadHive4UsingLegacyConversion(String)[337]" classname="org.apache.hadoop.hive.ql.io.parquet.serde.TestParquetTimestampsHive2Compatibility" time="0"/>
  <testcase name="testWriteHive4ReadHive4UsingLegacyConversion(String)[338]" classname="org.apache.hadoop.hive.ql.io.parquet.serde.TestParquetTimestampsHive2Compatibility" time="0"/>
  <testcase name="testWriteHive4ReadHive4UsingLegacyConversion(String)[339]" classname="org.apache.hadoop.hive.ql.io.parquet.serde.TestParquetTimestampsHive2Compatibility" time="0"/>
  <testcase name="testWriteHive4ReadHive4UsingLegacyConversion(String)[340]" classname="org.apache.hadoop.hive.ql.io.parquet.serde.TestParquetTimestampsHive2Compatibility" time="0"/>
  <testcase name="testWriteHive4ReadHive4UsingLegacyConversion(String)[341]" classname="org.apache.hadoop.hive.ql.io.parquet.serde.TestParquetTimestampsHive2Compatibility" time="0"/>
  <testcase name="testWriteHive4ReadHive4UsingLegacyConversion(String)[342]" classname="org.apache.hadoop.hive.ql.io.parquet.serde.TestParquetTimestampsHive2Compatibility" time="0"/>
  <testcase name="testWriteHive4ReadHive4UsingLegacyConversion(String)[343]" classname="org.apache.hadoop.hive.ql.io.parquet.serde.TestParquetTimestampsHive2Compatibility" time="0"/>
  <testcase name="testWriteHive4ReadHive4UsingLegacyConversion(String)[344]" classname="org.apache.hadoop.hive.ql.io.parquet.serde.TestParquetTimestampsHive2Compatibility" time="0.001"/>
  <testcase name="testWriteHive4ReadHive4UsingLegacyConversion(String)[345]" classname="org.apache.hadoop.hive.ql.io.parquet.serde.TestParquetTimestampsHive2Compatibility" time="0"/>
  <testcase name="testWriteHive4ReadHive4UsingLegacyConversion(String)[346]" classname="org.apache.hadoop.hive.ql.io.parquet.serde.TestParquetTimestampsHive2Compatibility" time="0"/>
  <testcase name="testWriteHive4ReadHive4UsingLegacyConversion(String)[347]" classname="org.apache.hadoop.hive.ql.io.parquet.serde.TestParquetTimestampsHive2Compatibility" time="0.001"/>
  <testcase name="testWriteHive4ReadHive4UsingLegacyConversion(String)[348]" classname="org.apache.hadoop.hive.ql.io.parquet.serde.TestParquetTimestampsHive2Compatibility" time="0"/>
  <testcase name="testWriteHive4ReadHive4UsingLegacyConversion(String)[349]" classname="org.apache.hadoop.hive.ql.io.parquet.serde.TestParquetTimestampsHive2Compatibility" time="0"/>
  <testcase name="testWriteHive4ReadHive4UsingLegacyConversion(String)[350]" classname="org.apache.hadoop.hive.ql.io.parquet.serde.TestParquetTimestampsHive2Compatibility" time="0"/>
  <testcase name="testWriteHive4ReadHive4UsingLegacyConversion(String)[351]" classname="org.apache.hadoop.hive.ql.io.parquet.serde.TestParquetTimestampsHive2Compatibility" time="0"/>
  <testcase name="testWriteHive4ReadHive4UsingLegacyConversion(String)[352]" classname="org.apache.hadoop.hive.ql.io.parquet.serde.TestParquetTimestampsHive2Compatibility" time="0"/>
  <testcase name="testWriteHive4ReadHive4UsingLegacyConversion(String)[353]" classname="org.apache.hadoop.hive.ql.io.parquet.serde.TestParquetTimestampsHive2Compatibility" time="0"/>
  <testcase name="testWriteHive4ReadHive4UsingLegacyConversion(String)[354]" classname="org.apache.hadoop.hive.ql.io.parquet.serde.TestParquetTimestampsHive2Compatibility" time="0"/>
  <testcase name="testWriteHive4ReadHive4UsingLegacyConversion(String)[355]" classname="org.apache.hadoop.hive.ql.io.parquet.serde.TestParquetTimestampsHive2Compatibility" time="0"/>
  <testcase name="testWriteHive4ReadHive4UsingLegacyConversion(String)[356]" classname="org.apache.hadoop.hive.ql.io.parquet.serde.TestParquetTimestampsHive2Compatibility" time="0"/>
  <testcase name="testWriteHive4ReadHive4UsingLegacyConversion(String)[357]" classname="org.apache.hadoop.hive.ql.io.parquet.serde.TestParquetTimestampsHive2Compatibility" time="0"/>
  <testcase name="testWriteHive4ReadHive4UsingLegacyConversion(String)[358]" classname="org.apache.hadoop.hive.ql.io.parquet.serde.TestParquetTimestampsHive2Compatibility" time="0.001"/>
  <testcase name="testWriteHive4ReadHive4UsingLegacyConversion(String)[359]" classname="org.apache.hadoop.hive.ql.io.parquet.serde.TestParquetTimestampsHive2Compatibility" time="0"/>
  <testcase name="testWriteHive4ReadHive4UsingLegacyConversion(String)[360]" classname="org.apache.hadoop.hive.ql.io.parquet.serde.TestParquetTimestampsHive2Compatibility" time="0"/>
  <testcase name="testWriteHive4ReadHive4UsingLegacyConversion(String)[361]" classname="org.apache.hadoop.hive.ql.io.parquet.serde.TestParquetTimestampsHive2Compatibility" time="0.001"/>
  <testcase name="testWriteHive4ReadHive4UsingLegacyConversion(String)[362]" classname="org.apache.hadoop.hive.ql.io.parquet.serde.TestParquetTimestampsHive2Compatibility" time="0"/>
  <testcase name="testWriteHive4ReadHive4UsingLegacyConversion(String)[363]" classname="org.apache.hadoop.hive.ql.io.parquet.serde.TestParquetTimestampsHive2Compatibility" time="0"/>
  <testcase name="testWriteHive4ReadHive4UsingLegacyConversion(String)[364]" classname="org.apache.hadoop.hive.ql.io.parquet.serde.TestParquetTimestampsHive2Compatibility" time="0"/>
  <testcase name="testWriteHive4ReadHive4UsingLegacyConversion(String)[365]" classname="org.apache.hadoop.hive.ql.io.parquet.serde.TestParquetTimestampsHive2Compatibility" time="0"/>
  <testcase name="testWriteHive4ReadHive4UsingLegacyConversion(String)[366]" classname="org.apache.hadoop.hive.ql.io.parquet.serde.TestParquetTimestampsHive2Compatibility" time="0"/>
  <testcase name="testWriteHive4ReadHive4UsingLegacyConversion(String)[367]" classname="org.apache.hadoop.hive.ql.io.parquet.serde.TestParquetTimestampsHive2Compatibility" time="0"/>
  <testcase name="testWriteHive4ReadHive4UsingLegacyConversion(String)[368]" classname="org.apache.hadoop.hive.ql.io.parquet.serde.TestParquetTimestampsHive2Compatibility" time="0.001"/>
  <testcase name="testWriteHive4ReadHive4UsingLegacyConversion(String)[369]" classname="org.apache.hadoop.hive.ql.io.parquet.serde.TestParquetTimestampsHive2Compatibility" time="0"/>
  <testcase name="testWriteHive4ReadHive4UsingLegacyConversion(String)[370]" classname="org.apache.hadoop.hive.ql.io.parquet.serde.TestParquetTimestampsHive2Compatibility" time="0"/>
  <testcase name="testWriteHive4ReadHive4UsingLegacyConversion(String)[371]" classname="org.apache.hadoop.hive.ql.io.parquet.serde.TestParquetTimestampsHive2Compatibility" time="0.001"/>
  <testcase name="testWriteHive4ReadHive4UsingLegacyConversion(String)[372]" classname="org.apache.hadoop.hive.ql.io.parquet.serde.TestParquetTimestampsHive2Compatibility" time="0"/>
  <testcase name="testWriteHive4ReadHive4UsingLegacyConversion(String)[373]" classname="org.apache.hadoop.hive.ql.io.parquet.serde.TestParquetTimestampsHive2Compatibility" time="0"/>
  <testcase name="testWriteHive4ReadHive4UsingLegacyConversion(String)[374]" classname="org.apache.hadoop.hive.ql.io.parquet.serde.TestParquetTimestampsHive2Compatibility" time="0"/>
  <testcase name="testWriteHive4ReadHive4UsingLegacyConversion(String)[375]" classname="org.apache.hadoop.hive.ql.io.parquet.serde.TestParquetTimestampsHive2Compatibility" time="0"/>
  <testcase name="testWriteHive4ReadHive4UsingLegacyConversion(String)[376]" classname="org.apache.hadoop.hive.ql.io.parquet.serde.TestParquetTimestampsHive2Compatibility" time="0"/>
  <testcase name="testWriteHive4ReadHive4UsingLegacyConversion(String)[377]" classname="org.apache.hadoop.hive.ql.io.parquet.serde.TestParquetTimestampsHive2Compatibility" time="0"/>
  <testcase name="testWriteHive4ReadHive4UsingLegacyConversion(String)[378]" classname="org.apache.hadoop.hive.ql.io.parquet.serde.TestParquetTimestampsHive2Compatibility" time="0"/>
  <testcase name="testWriteHive4ReadHive4UsingLegacyConversion(String)[379]" classname="org.apache.hadoop.hive.ql.io.parquet.serde.TestParquetTimestampsHive2Compatibility" time="0"/>
  <testcase name="testWriteHive4ReadHive4UsingLegacyConversion(String)[380]" classname="org.apache.hadoop.hive.ql.io.parquet.serde.TestParquetTimestampsHive2Compatibility" time="0"/>
  <testcase name="testWriteHive4ReadHive4UsingLegacyConversion(String)[381]" classname="org.apache.hadoop.hive.ql.io.parquet.serde.TestParquetTimestampsHive2Compatibility" time="0"/>
  <testcase name="testWriteHive4ReadHive4UsingLegacyConversion(String)[382]" classname="org.apache.hadoop.hive.ql.io.parquet.serde.TestParquetTimestampsHive2Compatibility" time="0.001"/>
  <testcase name="testWriteHive4ReadHive4UsingLegacyConversion(String)[383]" classname="org.apache.hadoop.hive.ql.io.parquet.serde.TestParquetTimestampsHive2Compatibility" time="0"/>
  <testcase name="testWriteHive4ReadHive4UsingLegacyConversion(String)[384]" classname="org.apache.hadoop.hive.ql.io.parquet.serde.TestParquetTimestampsHive2Compatibility" time="0"/>
  <testcase name="testWriteHive4ReadHive4UsingLegacyConversion(String)[385]" classname="org.apache.hadoop.hive.ql.io.parquet.serde.TestParquetTimestampsHive2Compatibility" time="0"/>
  <testcase name="testWriteHive4ReadHive4UsingLegacyConversion(String)[386]" classname="org.apache.hadoop.hive.ql.io.parquet.serde.TestParquetTimestampsHive2Compatibility" time="0"/>
  <testcase name="testWriteHive4ReadHive4UsingLegacyConversion(String)[387]" classname="org.apache.hadoop.hive.ql.io.parquet.serde.TestParquetTimestampsHive2Compatibility" time="0"/>
  <testcase name="testWriteHive4ReadHive4UsingLegacyConversion(String)[388]" classname="org.apache.hadoop.hive.ql.io.parquet.serde.TestParquetTimestampsHive2Compatibility" time="0.001"/>
  <testcase name="testWriteHive4ReadHive4UsingLegacyConversion(String)[389]" classname="org.apache.hadoop.hive.ql.io.parquet.serde.TestParquetTimestampsHive2Compatibility" time="0"/>
  <testcase name="testWriteHive4ReadHive4UsingLegacyConversion(String)[390]" classname="org.apache.hadoop.hive.ql.io.parquet.serde.TestParquetTimestampsHive2Compatibility" time="0"/>
  <testcase name="testWriteHive4ReadHive4UsingLegacyConversion(String)[391]" classname="org.apache.hadoop.hive.ql.io.parquet.serde.TestParquetTimestampsHive2Compatibility" time="0"/>
  <testcase name="testWriteHive4ReadHive4UsingLegacyConversion(String)[392]" classname="org.apache.hadoop.hive.ql.io.parquet.serde.TestParquetTimestampsHive2Compatibility" time="0"/>
  <testcase name="testWriteHive4ReadHive4UsingLegacyConversion(String)[393]" classname="org.apache.hadoop.hive.ql.io.parquet.serde.TestParquetTimestampsHive2Compatibility" time="0"/>
  <testcase name="testWriteHive4ReadHive4UsingLegacyConversion(String)[394]" classname="org.apache.hadoop.hive.ql.io.parquet.serde.TestParquetTimestampsHive2Compatibility" time="0"/>
  <testcase name="testWriteHive4ReadHive4UsingLegacyConversion(String)[395]" classname="org.apache.hadoop.hive.ql.io.parquet.serde.TestParquetTimestampsHive2Compatibility" time="0.001"/>
  <testcase name="testWriteHive4ReadHive4UsingLegacyConversion(String)[396]" classname="org.apache.hadoop.hive.ql.io.parquet.serde.TestParquetTimestampsHive2Compatibility" time="0"/>
  <testcase name="testWriteHive4ReadHive4UsingLegacyConversion(String)[397]" classname="org.apache.hadoop.hive.ql.io.parquet.serde.TestParquetTimestampsHive2Compatibility" time="0"/>
  <testcase name="testWriteHive4ReadHive4UsingLegacyConversion(String)[398]" classname="org.apache.hadoop.hive.ql.io.parquet.serde.TestParquetTimestampsHive2Compatibility" time="0"/>
  <testcase name="testWriteHive4ReadHive4UsingLegacyConversion(String)[399]" classname="org.apache.hadoop.hive.ql.io.parquet.serde.TestParquetTimestampsHive2Compatibility" time="0"/>
  <testcase name="testWriteHive4ReadHive4UsingLegacyConversion(String)[400]" classname="org.apache.hadoop.hive.ql.io.parquet.serde.TestParquetTimestampsHive2Compatibility" time="0"/>
  <testcase name="testWriteHive4ReadHive4UsingLegacyConversion(String)[401]" classname="org.apache.hadoop.hive.ql.io.parquet.serde.TestParquetTimestampsHive2Compatibility" time="0"/>
  <testcase name="testWriteHive4ReadHive4UsingLegacyConversion(String)[402]" classname="org.apache.hadoop.hive.ql.io.parquet.serde.TestParquetTimestampsHive2Compatibility" time="0.001"/>
  <testcase name="testWriteHive4ReadHive4UsingLegacyConversion(String)[403]" classname="org.apache.hadoop.hive.ql.io.parquet.serde.TestParquetTimestampsHive2Compatibility" time="0"/>
  <testcase name="testWriteHive4ReadHive4UsingLegacyConversion(String)[404]" classname="org.apache.hadoop.hive.ql.io.parquet.serde.TestParquetTimestampsHive2Compatibility" time="0"/>
  <testcase name="testWriteHive4ReadHive4UsingLegacyConversion(String)[405]" classname="org.apache.hadoop.hive.ql.io.parquet.serde.TestParquetTimestampsHive2Compatibility" time="0"/>
  <testcase name="testWriteHive4ReadHive4UsingLegacyConversion(String)[406]" classname="org.apache.hadoop.hive.ql.io.parquet.serde.TestParquetTimestampsHive2Compatibility" time="0"/>
  <testcase name="testWriteHive4ReadHive4UsingLegacyConversion(String)[407]" classname="org.apache.hadoop.hive.ql.io.parquet.serde.TestParquetTimestampsHive2Compatibility" time="0"/>
  <testcase name="testWriteHive4ReadHive4UsingLegacyConversion(String)[408]" classname="org.apache.hadoop.hive.ql.io.parquet.serde.TestParquetTimestampsHive2Compatibility" time="0"/>
  <testcase name="testWriteHive4ReadHive4UsingLegacyConversion(String)[409]" classname="org.apache.hadoop.hive.ql.io.parquet.serde.TestParquetTimestampsHive2Compatibility" time="0.001"/>
  <testcase name="testWriteHive4ReadHive4UsingLegacyConversion(String)[410]" classname="org.apache.hadoop.hive.ql.io.parquet.serde.TestParquetTimestampsHive2Compatibility" time="0"/>
  <testcase name="testWriteHive4ReadHive4UsingLegacyConversion(String)[411]" classname="org.apache.hadoop.hive.ql.io.parquet.serde.TestParquetTimestampsHive2Compatibility" time="0"/>
  <testcase name="testWriteHive4ReadHive4UsingLegacyConversion(String)[412]" classname="org.apache.hadoop.hive.ql.io.parquet.serde.TestParquetTimestampsHive2Compatibility" time="0.001"/>
  <testcase name="testWriteHive4ReadHive4UsingLegacyConversion(String)[413]" classname="org.apache.hadoop.hive.ql.io.parquet.serde.TestParquetTimestampsHive2Compatibility" time="0"/>
  <testcase name="testWriteHive4ReadHive4UsingLegacyConversion(String)[414]" classname="org.apache.hadoop.hive.ql.io.parquet.serde.TestParquetTimestampsHive2Compatibility" time="0"/>
  <testcase name="testWriteHive4ReadHive4UsingLegacyConversion(String)[415]" classname="org.apache.hadoop.hive.ql.io.parquet.serde.TestParquetTimestampsHive2Compatibility" time="0"/>
  <testcase name="testWriteHive4ReadHive4UsingLegacyConversion(String)[416]" classname="org.apache.hadoop.hive.ql.io.parquet.serde.TestParquetTimestampsHive2Compatibility" time="0"/>
  <testcase name="testWriteHive4ReadHive4UsingLegacyConversion(String)[417]" classname="org.apache.hadoop.hive.ql.io.parquet.serde.TestParquetTimestampsHive2Compatibility" time="0"/>
  <testcase name="testWriteHive4ReadHive4UsingLegacyConversion(String)[418]" classname="org.apache.hadoop.hive.ql.io.parquet.serde.TestParquetTimestampsHive2Compatibility" time="0"/>
  <testcase name="testWriteHive4ReadHive4UsingLegacyConversion(String)[419]" classname="org.apache.hadoop.hive.ql.io.parquet.serde.TestParquetTimestampsHive2Compatibility" time="0"/>
  <testcase name="testWriteHive4ReadHive4UsingLegacyConversion(String)[420]" classname="org.apache.hadoop.hive.ql.io.parquet.serde.TestParquetTimestampsHive2Compatibility" time="0"/>
  <testcase name="testWriteHive4ReadHive4UsingLegacyConversion(String)[421]" classname="org.apache.hadoop.hive.ql.io.parquet.serde.TestParquetTimestampsHive2Compatibility" time="0"/>
  <testcase name="testWriteHive4ReadHive4UsingLegacyConversion(String)[422]" classname="org.apache.hadoop.hive.ql.io.parquet.serde.TestParquetTimestampsHive2Compatibility" time="0.001"/>
  <testcase name="testWriteHive4ReadHive4UsingLegacyConversion(String)[423]" classname="org.apache.hadoop.hive.ql.io.parquet.serde.TestParquetTimestampsHive2Compatibility" time="0"/>
  <testcase name="testWriteHive4ReadHive4UsingLegacyConversion(String)[424]" classname="org.apache.hadoop.hive.ql.io.parquet.serde.TestParquetTimestampsHive2Compatibility" time="0"/>
  <testcase name="testWriteHive4ReadHive4UsingLegacyConversion(String)[425]" classname="org.apache.hadoop.hive.ql.io.parquet.serde.TestParquetTimestampsHive2Compatibility" time="0.001"/>
  <testcase name="testWriteHive4ReadHive4UsingLegacyConversion(String)[426]" classname="org.apache.hadoop.hive.ql.io.parquet.serde.TestParquetTimestampsHive2Compatibility" time="0"/>
  <testcase name="testWriteHive4ReadHive4UsingLegacyConversion(String)[427]" classname="org.apache.hadoop.hive.ql.io.parquet.serde.TestParquetTimestampsHive2Compatibility" time="0"/>
  <testcase name="testWriteHive4ReadHive4UsingLegacyConversion(String)[428]" classname="org.apache.hadoop.hive.ql.io.parquet.serde.TestParquetTimestampsHive2Compatibility" time="0"/>
  <testcase name="testWriteHive4ReadHive4UsingLegacyConversion(String)[429]" classname="org.apache.hadoop.hive.ql.io.parquet.serde.TestParquetTimestampsHive2Compatibility" time="0"/>
  <testcase name="testWriteHive4ReadHive4UsingLegacyConversion(String)[430]" classname="org.apache.hadoop.hive.ql.io.parquet.serde.TestParquetTimestampsHive2Compatibility" time="0"/>
  <testcase name="testWriteHive4ReadHive4UsingLegacyConversion(String)[431]" classname="org.apache.hadoop.hive.ql.io.parquet.serde.TestParquetTimestampsHive2Compatibility" time="0"/>
  <testcase name="testWriteHive4ReadHive4UsingLegacyConversion(String)[432]" classname="org.apache.hadoop.hive.ql.io.parquet.serde.TestParquetTimestampsHive2Compatibility" time="0"/>
  <testcase name="testWriteHive4ReadHive4UsingLegacyConversion(String)[433]" classname="org.apache.hadoop.hive.ql.io.parquet.serde.TestParquetTimestampsHive2Compatibility" time="0"/>
  <testcase name="testWriteHive4ReadHive4UsingLegacyConversion(String)[434]" classname="org.apache.hadoop.hive.ql.io.parquet.serde.TestParquetTimestampsHive2Compatibility" time="0"/>
  <testcase name="testWriteHive4ReadHive4UsingLegacyConversion(String)[435]" classname="org.apache.hadoop.hive.ql.io.parquet.serde.TestParquetTimestampsHive2Compatibility" time="0.001"/>
  <testcase name="testWriteHive4ReadHive4UsingLegacyConversion(String)[436]" classname="org.apache.hadoop.hive.ql.io.parquet.serde.TestParquetTimestampsHive2Compatibility" time="0"/>
  <testcase name="testWriteHive4ReadHive4UsingLegacyConversion(String)[437]" classname="org.apache.hadoop.hive.ql.io.parquet.serde.TestParquetTimestampsHive2Compatibility" time="0"/>
  <testcase name="testWriteHive4ReadHive4UsingLegacyConversion(String)[438]" classname="org.apache.hadoop.hive.ql.io.parquet.serde.TestParquetTimestampsHive2Compatibility" time="0"/>
  <testcase name="testWriteHive4ReadHive4UsingLegacyConversion(String)[439]" classname="org.apache.hadoop.hive.ql.io.parquet.serde.TestParquetTimestampsHive2Compatibility" time="0"/>
  <testcase name="testWriteHive4ReadHive4UsingLegacyConversion(String)[440]" classname="org.apache.hadoop.hive.ql.io.parquet.serde.TestParquetTimestampsHive2Compatibility" time="0"/>
  <testcase name="testWriteHive4ReadHive4UsingLegacyConversion(String)[441]" classname="org.apache.hadoop.hive.ql.io.parquet.serde.TestParquetTimestampsHive2Compatibility" time="0"/>
  <testcase name="testWriteHive4ReadHive4UsingLegacyConversion(String)[442]" classname="org.apache.hadoop.hive.ql.io.parquet.serde.TestParquetTimestampsHive2Compatibility" time="0"/>
  <testcase name="testWriteHive4ReadHive4UsingLegacyConversion(String)[443]" classname="org.apache.hadoop.hive.ql.io.parquet.serde.TestParquetTimestampsHive2Compatibility" time="0"/>
  <testcase name="testWriteHive4ReadHive4UsingLegacyConversion(String)[444]" classname="org.apache.hadoop.hive.ql.io.parquet.serde.TestParquetTimestampsHive2Compatibility" time="0"/>
  <testcase name="testWriteHive4ReadHive4UsingLegacyConversion(String)[445]" classname="org.apache.hadoop.hive.ql.io.parquet.serde.TestParquetTimestampsHive2Compatibility" time="0"/>
  <testcase name="testWriteHive4ReadHive4UsingLegacyConversion(String)[446]" classname="org.apache.hadoop.hive.ql.io.parquet.serde.TestParquetTimestampsHive2Compatibility" time="0"/>
  <testcase name="testWriteHive4ReadHive4UsingLegacyConversion(String)[447]" classname="org.apache.hadoop.hive.ql.io.parquet.serde.TestParquetTimestampsHive2Compatibility" time="0"/>
  <testcase name="testWriteHive4ReadHive4UsingLegacyConversion(String)[448]" classname="org.apache.hadoop.hive.ql.io.parquet.serde.TestParquetTimestampsHive2Compatibility" time="0"/>
  <testcase name="testWriteHive4ReadHive4UsingLegacyConversion(String)[449]" classname="org.apache.hadoop.hive.ql.io.parquet.serde.TestParquetTimestampsHive2Compatibility" time="0.001"/>
  <testcase name="testWriteHive4ReadHive4UsingLegacyConversion(String)[450]" classname="org.apache.hadoop.hive.ql.io.parquet.serde.TestParquetTimestampsHive2Compatibility" time="0"/>
  <testcase name="testWriteHive4ReadHive4UsingLegacyConversion(String)[451]" classname="org.apache.hadoop.hive.ql.io.parquet.serde.TestParquetTimestampsHive2Compatibility" time="0"/>
  <testcase name="testWriteHive4ReadHive4UsingLegacyConversion(String)[452]" classname="org.apache.hadoop.hive.ql.io.parquet.serde.TestParquetTimestampsHive2Compatibility" time="0"/>
  <testcase name="testWriteHive4ReadHive4UsingLegacyConversion(String)[453]" classname="org.apache.hadoop.hive.ql.io.parquet.serde.TestParquetTimestampsHive2Compatibility" time="0"/>
  <testcase name="testWriteHive4ReadHive4UsingLegacyConversion(String)[454]" classname="org.apache.hadoop.hive.ql.io.parquet.serde.TestParquetTimestampsHive2Compatibility" time="0"/>
  <testcase name="testWriteHive4ReadHive4UsingLegacyConversion(String)[455]" classname="org.apache.hadoop.hive.ql.io.parquet.serde.TestParquetTimestampsHive2Compatibility" time="0"/>
  <testcase name="testWriteHive4ReadHive4UsingLegacyConversion(String)[456]" classname="org.apache.hadoop.hive.ql.io.parquet.serde.TestParquetTimestampsHive2Compatibility" time="0.001"/>
  <testcase name="testWriteHive4ReadHive4UsingLegacyConversion(String)[457]" classname="org.apache.hadoop.hive.ql.io.parquet.serde.TestParquetTimestampsHive2Compatibility" time="0"/>
  <testcase name="testWriteHive4ReadHive4UsingLegacyConversion(String)[458]" classname="org.apache.hadoop.hive.ql.io.parquet.serde.TestParquetTimestampsHive2Compatibility" time="0"/>
  <testcase name="testWriteHive4ReadHive4UsingLegacyConversion(String)[459]" classname="org.apache.hadoop.hive.ql.io.parquet.serde.TestParquetTimestampsHive2Compatibility" time="0"/>
  <testcase name="testWriteHive4ReadHive4UsingLegacyConversion(String)[460]" classname="org.apache.hadoop.hive.ql.io.parquet.serde.TestParquetTimestampsHive2Compatibility" time="0"/>
  <testcase name="testWriteHive4ReadHive4UsingLegacyConversion(String)[461]" classname="org.apache.hadoop.hive.ql.io.parquet.serde.TestParquetTimestampsHive2Compatibility" time="0"/>
  <testcase name="testWriteHive4ReadHive4UsingLegacyConversion(String)[462]" classname="org.apache.hadoop.hive.ql.io.parquet.serde.TestParquetTimestampsHive2Compatibility" time="0"/>
  <testcase name="testWriteHive4ReadHive4UsingLegacyConversion(String)[463]" classname="org.apache.hadoop.hive.ql.io.parquet.serde.TestParquetTimestampsHive2Compatibility" time="0"/>
  <testcase name="testWriteHive4ReadHive4UsingLegacyConversion(String)[464]" classname="org.apache.hadoop.hive.ql.io.parquet.serde.TestParquetTimestampsHive2Compatibility" time="0"/>
  <testcase name="testWriteHive4ReadHive4UsingLegacyConversion(String)[465]" classname="org.apache.hadoop.hive.ql.io.parquet.serde.TestParquetTimestampsHive2Compatibility" time="0"/>
  <testcase name="testWriteHive4ReadHive4UsingLegacyConversion(String)[466]" classname="org.apache.hadoop.hive.ql.io.parquet.serde.TestParquetTimestampsHive2Compatibility" time="0"/>
  <testcase name="testWriteHive4ReadHive4UsingLegacyConversion(String)[467]" classname="org.apache.hadoop.hive.ql.io.parquet.serde.TestParquetTimestampsHive2Compatibility" time="0.001"/>
  <testcase name="testWriteHive4ReadHive4UsingLegacyConversion(String)[468]" classname="org.apache.hadoop.hive.ql.io.parquet.serde.TestParquetTimestampsHive2Compatibility" time="0"/>
  <testcase name="testWriteHive4ReadHive4UsingLegacyConversion(String)[469]" classname="org.apache.hadoop.hive.ql.io.parquet.serde.TestParquetTimestampsHive2Compatibility" time="0"/>
  <testcase name="testWriteHive4ReadHive4UsingLegacyConversion(String)[470]" classname="org.apache.hadoop.hive.ql.io.parquet.serde.TestParquetTimestampsHive2Compatibility" time="0"/>
  <testcase name="testWriteHive4ReadHive4UsingLegacyConversion(String)[471]" classname="org.apache.hadoop.hive.ql.io.parquet.serde.TestParquetTimestampsHive2Compatibility" time="0"/>
  <testcase name="testWriteHive4ReadHive4UsingLegacyConversion(String)[472]" classname="org.apache.hadoop.hive.ql.io.parquet.serde.TestParquetTimestampsHive2Compatibility" time="0"/>
  <testcase name="testWriteHive4ReadHive4UsingLegacyConversion(String)[473]" classname="org.apache.hadoop.hive.ql.io.parquet.serde.TestParquetTimestampsHive2Compatibility" time="0"/>
  <testcase name="testWriteHive4ReadHive4UsingLegacyConversion(String)[474]" classname="org.apache.hadoop.hive.ql.io.parquet.serde.TestParquetTimestampsHive2Compatibility" time="0.001"/>
  <testcase name="testWriteHive4ReadHive4UsingLegacyConversion(String)[475]" classname="org.apache.hadoop.hive.ql.io.parquet.serde.TestParquetTimestampsHive2Compatibility" time="0"/>
  <testcase name="testWriteHive4ReadHive4UsingLegacyConversion(String)[476]" classname="org.apache.hadoop.hive.ql.io.parquet.serde.TestParquetTimestampsHive2Compatibility" time="0"/>
  <testcase name="testWriteHive4ReadHive4UsingLegacyConversion(String)[477]" classname="org.apache.hadoop.hive.ql.io.parquet.serde.TestParquetTimestampsHive2Compatibility" time="0"/>
  <testcase name="testWriteHive4ReadHive4UsingLegacyConversion(String)[478]" classname="org.apache.hadoop.hive.ql.io.parquet.serde.TestParquetTimestampsHive2Compatibility" time="0.001"/>
  <testcase name="testWriteHive4ReadHive4UsingLegacyConversion(String)[479]" classname="org.apache.hadoop.hive.ql.io.parquet.serde.TestParquetTimestampsHive2Compatibility" time="0"/>
  <testcase name="testWriteHive4ReadHive4UsingLegacyConversion(String)[480]" classname="org.apache.hadoop.hive.ql.io.parquet.serde.TestParquetTimestampsHive2Compatibility" time="0"/>
  <testcase name="testWriteHive4ReadHive4UsingLegacyConversion(String)[481]" classname="org.apache.hadoop.hive.ql.io.parquet.serde.TestParquetTimestampsHive2Compatibility" time="0"/>
  <testcase name="testWriteHive4ReadHive4UsingLegacyConversion(String)[482]" classname="org.apache.hadoop.hive.ql.io.parquet.serde.TestParquetTimestampsHive2Compatibility" time="0"/>
  <testcase name="testWriteHive4ReadHive4UsingLegacyConversion(String)[483]" classname="org.apache.hadoop.hive.ql.io.parquet.serde.TestParquetTimestampsHive2Compatibility" time="0"/>
  <testcase name="testWriteHive4ReadHive4UsingLegacyConversion(String)[484]" classname="org.apache.hadoop.hive.ql.io.parquet.serde.TestParquetTimestampsHive2Compatibility" time="0"/>
  <testcase name="testWriteHive4ReadHive4UsingLegacyConversion(String)[485]" classname="org.apache.hadoop.hive.ql.io.parquet.serde.TestParquetTimestampsHive2Compatibility" time="0"/>
  <testcase name="testWriteHive4ReadHive4UsingLegacyConversion(String)[486]" classname="org.apache.hadoop.hive.ql.io.parquet.serde.TestParquetTimestampsHive2Compatibility" time="0"/>
  <testcase name="testWriteHive4ReadHive4UsingLegacyConversion(String)[487]" classname="org.apache.hadoop.hive.ql.io.parquet.serde.TestParquetTimestampsHive2Compatibility" time="0"/>
  <testcase name="testWriteHive4ReadHive4UsingLegacyConversion(String)[488]" classname="org.apache.hadoop.hive.ql.io.parquet.serde.TestParquetTimestampsHive2Compatibility" time="0"/>
  <testcase name="testWriteHive4ReadHive4UsingLegacyConversion(String)[489]" classname="org.apache.hadoop.hive.ql.io.parquet.serde.TestParquetTimestampsHive2Compatibility" time="0.001"/>
  <testcase name="testWriteHive4ReadHive4UsingLegacyConversion(String)[490]" classname="org.apache.hadoop.hive.ql.io.parquet.serde.TestParquetTimestampsHive2Compatibility" time="0"/>
  <testcase name="testWriteHive4ReadHive4UsingLegacyConversion(String)[491]" classname="org.apache.hadoop.hive.ql.io.parquet.serde.TestParquetTimestampsHive2Compatibility" time="0"/>
  <testcase name="testWriteHive4ReadHive4UsingLegacyConversion(String)[492]" classname="org.apache.hadoop.hive.ql.io.parquet.serde.TestParquetTimestampsHive2Compatibility" time="0"/>
  <testcase name="testWriteHive4ReadHive4UsingLegacyConversion(String)[493]" classname="org.apache.hadoop.hive.ql.io.parquet.serde.TestParquetTimestampsHive2Compatibility" time="0.001"/>
  <testcase name="testWriteHive4ReadHive4UsingLegacyConversion(String)[494]" classname="org.apache.hadoop.hive.ql.io.parquet.serde.TestParquetTimestampsHive2Compatibility" time="0"/>
  <testcase name="testWriteHive4ReadHive4UsingLegacyConversion(String)[495]" classname="org.apache.hadoop.hive.ql.io.parquet.serde.TestParquetTimestampsHive2Compatibility" time="0"/>
  <testcase name="testWriteHive4ReadHive4UsingLegacyConversion(String)[496]" classname="org.apache.hadoop.hive.ql.io.parquet.serde.TestParquetTimestampsHive2Compatibility" time="0.001"/>
  <testcase name="testWriteHive4ReadHive4UsingLegacyConversion(String)[497]" classname="org.apache.hadoop.hive.ql.io.parquet.serde.TestParquetTimestampsHive2Compatibility" time="0"/>
  <testcase name="testWriteHive4ReadHive4UsingLegacyConversion(String)[498]" classname="org.apache.hadoop.hive.ql.io.parquet.serde.TestParquetTimestampsHive2Compatibility" time="0"/>
  <testcase name="testWriteHive4ReadHive4UsingLegacyConversion(String)[499]" classname="org.apache.hadoop.hive.ql.io.parquet.serde.TestParquetTimestampsHive2Compatibility" time="0"/>
  <testcase name="testWriteHive4ReadHive4UsingLegacyConversion(String)[500]" classname="org.apache.hadoop.hive.ql.io.parquet.serde.TestParquetTimestampsHive2Compatibility" time="0"/>
  <testcase name="testWriteHive4ReadHive4UsingLegacyConversion(String)[501]" classname="org.apache.hadoop.hive.ql.io.parquet.serde.TestParquetTimestampsHive2Compatibility" time="0"/>
  <testcase name="testWriteHive4ReadHive4UsingLegacyConversion(String)[502]" classname="org.apache.hadoop.hive.ql.io.parquet.serde.TestParquetTimestampsHive2Compatibility" time="0"/>
  <testcase name="testWriteHive4ReadHive4UsingLegacyConversion(String)[503]" classname="org.apache.hadoop.hive.ql.io.parquet.serde.TestParquetTimestampsHive2Compatibility" time="0"/>
  <testcase name="testWriteHive4ReadHive4UsingLegacyConversion(String)[504]" classname="org.apache.hadoop.hive.ql.io.parquet.serde.TestParquetTimestampsHive2Compatibility" time="0"/>
  <testcase name="testWriteHive4ReadHive4UsingLegacyConversion(String)[505]" classname="org.apache.hadoop.hive.ql.io.parquet.serde.TestParquetTimestampsHive2Compatibility" time="0"/>
  <testcase name="testWriteHive4ReadHive4UsingLegacyConversion(String)[506]" classname="org.apache.hadoop.hive.ql.io.parquet.serde.TestParquetTimestampsHive2Compatibility" time="0"/>
  <testcase name="testWriteHive4ReadHive4UsingLegacyConversion(String)[507]" classname="org.apache.hadoop.hive.ql.io.parquet.serde.TestParquetTimestampsHive2Compatibility" time="0"/>
  <testcase name="testWriteHive4ReadHive4UsingLegacyConversion(String)[508]" classname="org.apache.hadoop.hive.ql.io.parquet.serde.TestParquetTimestampsHive2Compatibility" time="0"/>
  <testcase name="testWriteHive4ReadHive4UsingLegacyConversion(String)[509]" classname="org.apache.hadoop.hive.ql.io.parquet.serde.TestParquetTimestampsHive2Compatibility" time="0"/>
  <testcase name="testWriteHive4ReadHive4UsingLegacyConversion(String)[510]" classname="org.apache.hadoop.hive.ql.io.parquet.serde.TestParquetTimestampsHive2Compatibility" time="0.001"/>
  <testcase name="testWriteHive4ReadHive4UsingLegacyConversion(String)[511]" classname="org.apache.hadoop.hive.ql.io.parquet.serde.TestParquetTimestampsHive2Compatibility" time="0"/>
  <testcase name="testWriteHive4ReadHive4UsingLegacyConversion(String)[512]" classname="org.apache.hadoop.hive.ql.io.parquet.serde.TestParquetTimestampsHive2Compatibility" time="0"/>
  <testcase name="testWriteHive4ReadHive4UsingLegacyConversion(String)[513]" classname="org.apache.hadoop.hive.ql.io.parquet.serde.TestParquetTimestampsHive2Compatibility" time="0.001"/>
  <testcase name="testWriteHive4ReadHive4UsingLegacyConversion(String)[514]" classname="org.apache.hadoop.hive.ql.io.parquet.serde.TestParquetTimestampsHive2Compatibility" time="0"/>
  <testcase name="testWriteHive4ReadHive4UsingLegacyConversion(String)[515]" classname="org.apache.hadoop.hive.ql.io.parquet.serde.TestParquetTimestampsHive2Compatibility" time="0"/>
  <testcase name="testWriteHive4ReadHive4UsingLegacyConversion(String)[516]" classname="org.apache.hadoop.hive.ql.io.parquet.serde.TestParquetTimestampsHive2Compatibility" time="0"/>
  <testcase name="testWriteHive4ReadHive4UsingLegacyConversion(String)[517]" classname="org.apache.hadoop.hive.ql.io.parquet.serde.TestParquetTimestampsHive2Compatibility" time="0"/>
  <testcase name="testWriteHive4ReadHive4UsingLegacyConversion(String)[518]" classname="org.apache.hadoop.hive.ql.io.parquet.serde.TestParquetTimestampsHive2Compatibility" time="0"/>
  <testcase name="testWriteHive4ReadHive4UsingLegacyConversion(String)[519]" classname="org.apache.hadoop.hive.ql.io.parquet.serde.TestParquetTimestampsHive2Compatibility" time="0.001"/>
  <testcase name="testWriteHive4ReadHive4UsingLegacyConversion(String)[520]" classname="org.apache.hadoop.hive.ql.io.parquet.serde.TestParquetTimestampsHive2Compatibility" time="0"/>
  <testcase name="testWriteHive4ReadHive4UsingLegacyConversion(String)[521]" classname="org.apache.hadoop.hive.ql.io.parquet.serde.TestParquetTimestampsHive2Compatibility" time="0"/>
  <testcase name="testWriteHive4ReadHive4UsingLegacyConversion(String)[522]" classname="org.apache.hadoop.hive.ql.io.parquet.serde.TestParquetTimestampsHive2Compatibility" time="0.001"/>
  <testcase name="testWriteHive4ReadHive4UsingLegacyConversion(String)[523]" classname="org.apache.hadoop.hive.ql.io.parquet.serde.TestParquetTimestampsHive2Compatibility" time="0"/>
  <testcase name="testWriteHive4ReadHive4UsingLegacyConversion(String)[524]" classname="org.apache.hadoop.hive.ql.io.parquet.serde.TestParquetTimestampsHive2Compatibility" time="0"/>
  <testcase name="testWriteHive4ReadHive4UsingLegacyConversion(String)[525]" classname="org.apache.hadoop.hive.ql.io.parquet.serde.TestParquetTimestampsHive2Compatibility" time="0"/>
  <testcase name="testWriteHive4ReadHive4UsingLegacyConversion(String)[526]" classname="org.apache.hadoop.hive.ql.io.parquet.serde.TestParquetTimestampsHive2Compatibility" time="0"/>
  <testcase name="testWriteHive4ReadHive4UsingLegacyConversion(String)[527]" classname="org.apache.hadoop.hive.ql.io.parquet.serde.TestParquetTimestampsHive2Compatibility" time="0"/>
  <testcase name="testWriteHive4ReadHive4UsingLegacyConversion(String)[528]" classname="org.apache.hadoop.hive.ql.io.parquet.serde.TestParquetTimestampsHive2Compatibility" time="0"/>
  <testcase name="testWriteHive4ReadHive4UsingLegacyConversion(String)[529]" classname="org.apache.hadoop.hive.ql.io.parquet.serde.TestParquetTimestampsHive2Compatibility" time="0.001"/>
  <testcase name="testWriteHive4ReadHive4UsingLegacyConversion(String)[530]" classname="org.apache.hadoop.hive.ql.io.parquet.serde.TestParquetTimestampsHive2Compatibility" time="0"/>
  <testcase name="testWriteHive4ReadHive4UsingLegacyConversion(String)[531]" classname="org.apache.hadoop.hive.ql.io.parquet.serde.TestParquetTimestampsHive2Compatibility" time="0"/>
  <testcase name="testWriteHive4ReadHive4UsingLegacyConversion(String)[532]" classname="org.apache.hadoop.hive.ql.io.parquet.serde.TestParquetTimestampsHive2Compatibility" time="0"/>
  <testcase name="testWriteHive4ReadHive4UsingLegacyConversion(String)[533]" classname="org.apache.hadoop.hive.ql.io.parquet.serde.TestParquetTimestampsHive2Compatibility" time="0"/>
  <testcase name="testWriteHive4ReadHive4UsingLegacyConversion(String)[534]" classname="org.apache.hadoop.hive.ql.io.parquet.serde.TestParquetTimestampsHive2Compatibility" time="0"/>
  <testcase name="testWriteHive4ReadHive4UsingLegacyConversion(String)[535]" classname="org.apache.hadoop.hive.ql.io.parquet.serde.TestParquetTimestampsHive2Compatibility" time="0"/>
  <testcase name="testWriteHive4ReadHive4UsingLegacyConversion(String)[536]" classname="org.apache.hadoop.hive.ql.io.parquet.serde.TestParquetTimestampsHive2Compatibility" time="0.001"/>
  <testcase name="testWriteHive4ReadHive4UsingLegacyConversion(String)[537]" classname="org.apache.hadoop.hive.ql.io.parquet.serde.TestParquetTimestampsHive2Compatibility" time="0"/>
  <testcase name="testWriteHive4ReadHive4UsingLegacyConversion(String)[538]" classname="org.apache.hadoop.hive.ql.io.parquet.serde.TestParquetTimestampsHive2Compatibility" time="0"/>
  <testcase name="testWriteHive4ReadHive4UsingLegacyConversion(String)[539]" classname="org.apache.hadoop.hive.ql.io.parquet.serde.TestParquetTimestampsHive2Compatibility" time="0"/>
  <testcase name="testWriteHive4ReadHive4UsingLegacyConversion(String)[540]" classname="org.apache.hadoop.hive.ql.io.parquet.serde.TestParquetTimestampsHive2Compatibility" time="0.001"/>
  <testcase name="testWriteHive4ReadHive4UsingLegacyConversion(String)[541]" classname="org.apache.hadoop.hive.ql.io.parquet.serde.TestParquetTimestampsHive2Compatibility" time="0"/>
  <testcase name="testWriteHive4ReadHive4UsingLegacyConversion(String)[542]" classname="org.apache.hadoop.hive.ql.io.parquet.serde.TestParquetTimestampsHive2Compatibility" time="0"/>
  <testcase name="testWriteHive4ReadHive4UsingLegacyConversion(String)[543]" classname="org.apache.hadoop.hive.ql.io.parquet.serde.TestParquetTimestampsHive2Compatibility" time="0"/>
  <testcase name="testWriteHive4ReadHive4UsingLegacyConversion(String)[544]" classname="org.apache.hadoop.hive.ql.io.parquet.serde.TestParquetTimestampsHive2Compatibility" time="0"/>
  <testcase name="testWriteHive4ReadHive4UsingLegacyConversion(String)[545]" classname="org.apache.hadoop.hive.ql.io.parquet.serde.TestParquetTimestampsHive2Compatibility" time="0"/>
  <testcase name="testWriteHive4ReadHive4UsingLegacyConversion(String)[546]" classname="org.apache.hadoop.hive.ql.io.parquet.serde.TestParquetTimestampsHive2Compatibility" time="0"/>
  <testcase name="testWriteHive4ReadHive4UsingLegacyConversion(String)[547]" classname="org.apache.hadoop.hive.ql.io.parquet.serde.TestParquetTimestampsHive2Compatibility" time="0.001"/>
  <testcase name="testWriteHive4ReadHive4UsingLegacyConversion(String)[548]" classname="org.apache.hadoop.hive.ql.io.parquet.serde.TestParquetTimestampsHive2Compatibility" time="0"/>
  <testcase name="testWriteHive4ReadHive4UsingLegacyConversion(String)[549]" classname="org.apache.hadoop.hive.ql.io.parquet.serde.TestParquetTimestampsHive2Compatibility" time="0"/>
  <testcase name="testWriteHive4ReadHive4UsingLegacyConversion(String)[550]" classname="org.apache.hadoop.hive.ql.io.parquet.serde.TestParquetTimestampsHive2Compatibility" time="0"/>
  <testcase name="testWriteHive4ReadHive4UsingLegacyConversion(String)[551]" classname="org.apache.hadoop.hive.ql.io.parquet.serde.TestParquetTimestampsHive2Compatibility" time="0"/>
  <testcase name="testWriteHive4ReadHive4UsingLegacyConversion(String)[552]" classname="org.apache.hadoop.hive.ql.io.parquet.serde.TestParquetTimestampsHive2Compatibility" time="0"/>
  <testcase name="testWriteHive4ReadHive4UsingLegacyConversion(String)[553]" classname="org.apache.hadoop.hive.ql.io.parquet.serde.TestParquetTimestampsHive2Compatibility" time="0"/>
  <testcase name="testWriteHive4ReadHive4UsingLegacyConversion(String)[554]" classname="org.apache.hadoop.hive.ql.io.parquet.serde.TestParquetTimestampsHive2Compatibility" time="0.001"/>
  <testcase name="testWriteHive4ReadHive4UsingLegacyConversion(String)[555]" classname="org.apache.hadoop.hive.ql.io.parquet.serde.TestParquetTimestampsHive2Compatibility" time="0"/>
  <testcase name="testWriteHive4ReadHive4UsingLegacyConversion(String)[556]" classname="org.apache.hadoop.hive.ql.io.parquet.serde.TestParquetTimestampsHive2Compatibility" time="0"/>
  <testcase name="testWriteHive4ReadHive4UsingLegacyConversion(String)[557]" classname="org.apache.hadoop.hive.ql.io.parquet.serde.TestParquetTimestampsHive2Compatibility" time="0"/>
  <testcase name="testWriteHive4ReadHive4UsingLegacyConversion(String)[558]" classname="org.apache.hadoop.hive.ql.io.parquet.serde.TestParquetTimestampsHive2Compatibility" time="0"/>
  <testcase name="testWriteHive4ReadHive4UsingLegacyConversion(String)[559]" classname="org.apache.hadoop.hive.ql.io.parquet.serde.TestParquetTimestampsHive2Compatibility" time="0"/>
  <testcase name="testWriteHive4ReadHive4UsingLegacyConversion(String)[560]" classname="org.apache.hadoop.hive.ql.io.parquet.serde.TestParquetTimestampsHive2Compatibility" time="0"/>
  <testcase name="testWriteHive4ReadHive4UsingLegacyConversion(String)[561]" classname="org.apache.hadoop.hive.ql.io.parquet.serde.TestParquetTimestampsHive2Compatibility" time="0.001"/>
  <testcase name="testWriteHive4ReadHive4UsingLegacyConversion(String)[562]" classname="org.apache.hadoop.hive.ql.io.parquet.serde.TestParquetTimestampsHive2Compatibility" time="0"/>
  <testcase name="testWriteHive4ReadHive4UsingLegacyConversion(String)[563]" classname="org.apache.hadoop.hive.ql.io.parquet.serde.TestParquetTimestampsHive2Compatibility" time="0"/>
  <testcase name="testWriteHive4ReadHive4UsingLegacyConversion(String)[564]" classname="org.apache.hadoop.hive.ql.io.parquet.serde.TestParquetTimestampsHive2Compatibility" time="0"/>
  <testcase name="testWriteHive4ReadHive4UsingLegacyConversion(String)[565]" classname="org.apache.hadoop.hive.ql.io.parquet.serde.TestParquetTimestampsHive2Compatibility" time="0"/>
  <testcase name="testWriteHive4ReadHive4UsingLegacyConversion(String)[566]" classname="org.apache.hadoop.hive.ql.io.parquet.serde.TestParquetTimestampsHive2Compatibility" time="0"/>
  <testcase name="testWriteHive4ReadHive4UsingLegacyConversion(String)[567]" classname="org.apache.hadoop.hive.ql.io.parquet.serde.TestParquetTimestampsHive2Compatibility" time="0"/>
  <testcase name="testWriteHive4ReadHive4UsingLegacyConversion(String)[568]" classname="org.apache.hadoop.hive.ql.io.parquet.serde.TestParquetTimestampsHive2Compatibility" time="0"/>
  <testcase name="testWriteHive4ReadHive4UsingLegacyConversion(String)[569]" classname="org.apache.hadoop.hive.ql.io.parquet.serde.TestParquetTimestampsHive2Compatibility" time="0"/>
  <testcase name="testWriteHive4ReadHive4UsingLegacyConversion(String)[570]" classname="org.apache.hadoop.hive.ql.io.parquet.serde.TestParquetTimestampsHive2Compatibility" time="0"/>
  <testcase name="testWriteHive4ReadHive4UsingLegacyConversion(String)[571]" classname="org.apache.hadoop.hive.ql.io.parquet.serde.TestParquetTimestampsHive2Compatibility" time="0.001"/>
  <testcase name="testWriteHive4ReadHive4UsingLegacyConversion(String)[572]" classname="org.apache.hadoop.hive.ql.io.parquet.serde.TestParquetTimestampsHive2Compatibility" time="0"/>
  <testcase name="testWriteHive4ReadHive4UsingLegacyConversion(String)[573]" classname="org.apache.hadoop.hive.ql.io.parquet.serde.TestParquetTimestampsHive2Compatibility" time="0"/>
  <testcase name="testWriteHive4ReadHive4UsingLegacyConversion(String)[574]" classname="org.apache.hadoop.hive.ql.io.parquet.serde.TestParquetTimestampsHive2Compatibility" time="0.001"/>
  <testcase name="testWriteHive4ReadHive4UsingLegacyConversion(String)[575]" classname="org.apache.hadoop.hive.ql.io.parquet.serde.TestParquetTimestampsHive2Compatibility" time="0"/>
  <testcase name="testWriteHive4ReadHive4UsingLegacyConversion(String)[576]" classname="org.apache.hadoop.hive.ql.io.parquet.serde.TestParquetTimestampsHive2Compatibility" time="0"/>
  <testcase name="testWriteHive4ReadHive4UsingLegacyConversion(String)[577]" classname="org.apache.hadoop.hive.ql.io.parquet.serde.TestParquetTimestampsHive2Compatibility" time="0.001"/>
  <testcase name="testWriteHive4ReadHive4UsingLegacyConversion(String)[578]" classname="org.apache.hadoop.hive.ql.io.parquet.serde.TestParquetTimestampsHive2Compatibility" time="0"/>
  <testcase name="testWriteHive4ReadHive4UsingLegacyConversion(String)[579]" classname="org.apache.hadoop.hive.ql.io.parquet.serde.TestParquetTimestampsHive2Compatibility" time="0"/>
  <testcase name="testWriteHive4ReadHive4UsingLegacyConversion(String)[580]" classname="org.apache.hadoop.hive.ql.io.parquet.serde.TestParquetTimestampsHive2Compatibility" time="0"/>
  <testcase name="testWriteHive4ReadHive4UsingLegacyConversion(String)[581]" classname="org.apache.hadoop.hive.ql.io.parquet.serde.TestParquetTimestampsHive2Compatibility" time="0"/>
  <testcase name="testWriteHive4ReadHive4UsingLegacyConversion(String)[582]" classname="org.apache.hadoop.hive.ql.io.parquet.serde.TestParquetTimestampsHive2Compatibility" time="0"/>
  <testcase name="testWriteHive4ReadHive4UsingLegacyConversion(String)[583]" classname="org.apache.hadoop.hive.ql.io.parquet.serde.TestParquetTimestampsHive2Compatibility" time="0"/>
  <testcase name="testWriteHive4ReadHive4UsingLegacyConversion(String)[584]" classname="org.apache.hadoop.hive.ql.io.parquet.serde.TestParquetTimestampsHive2Compatibility" time="0"/>
  <testcase name="testWriteHive4ReadHive4UsingLegacyConversion(String)[585]" classname="org.apache.hadoop.hive.ql.io.parquet.serde.TestParquetTimestampsHive2Compatibility" time="0"/>
  <testcase name="testWriteHive4ReadHive4UsingLegacyConversion(String)[586]" classname="org.apache.hadoop.hive.ql.io.parquet.serde.TestParquetTimestampsHive2Compatibility" time="0"/>
  <testcase name="testWriteHive4ReadHive4UsingLegacyConversion(String)[587]" classname="org.apache.hadoop.hive.ql.io.parquet.serde.TestParquetTimestampsHive2Compatibility" time="0"/>
  <testcase name="testWriteHive4ReadHive4UsingLegacyConversion(String)[588]" classname="org.apache.hadoop.hive.ql.io.parquet.serde.TestParquetTimestampsHive2Compatibility" time="0"/>
  <testcase name="testWriteHive4ReadHive4UsingLegacyConversion(String)[589]" classname="org.apache.hadoop.hive.ql.io.parquet.serde.TestParquetTimestampsHive2Compatibility" time="0"/>
  <testcase name="testWriteHive4ReadHive4UsingLegacyConversion(String)[590]" classname="org.apache.hadoop.hive.ql.io.parquet.serde.TestParquetTimestampsHive2Compatibility" time="0"/>
  <testcase name="testWriteHive4ReadHive4UsingLegacyConversion(String)[591]" classname="org.apache.hadoop.hive.ql.io.parquet.serde.TestParquetTimestampsHive2Compatibility" time="0"/>
  <testcase name="testWriteHive4ReadHive4UsingLegacyConversion(String)[592]" classname="org.apache.hadoop.hive.ql.io.parquet.serde.TestParquetTimestampsHive2Compatibility" time="0"/>
  <testcase name="testWriteHive4ReadHive4UsingLegacyConversion(String)[593]" classname="org.apache.hadoop.hive.ql.io.parquet.serde.TestParquetTimestampsHive2Compatibility" time="0"/>
  <testcase name="testWriteHive4ReadHive4UsingLegacyConversion(String)[594]" classname="org.apache.hadoop.hive.ql.io.parquet.serde.TestParquetTimestampsHive2Compatibility" time="0"/>
  <testcase name="testWriteHive4ReadHive4UsingLegacyConversion(String)[595]" classname="org.apache.hadoop.hive.ql.io.parquet.serde.TestParquetTimestampsHive2Compatibility" time="0"/>
  <testcase name="testWriteHive4ReadHive4UsingLegacyConversion(String)[596]" classname="org.apache.hadoop.hive.ql.io.parquet.serde.TestParquetTimestampsHive2Compatibility" time="0.001"/>
  <testcase name="testWriteHive4ReadHive4UsingLegacyConversion(String)[597]" classname="org.apache.hadoop.hive.ql.io.parquet.serde.TestParquetTimestampsHive2Compatibility" time="0"/>
  <testcase name="testWriteHive4ReadHive4UsingLegacyConversion(String)[598]" classname="org.apache.hadoop.hive.ql.io.parquet.serde.TestParquetTimestampsHive2Compatibility" time="0"/>
  <testcase name="testWriteHive4ReadHive4UsingLegacyConversion(String)[599]" classname="org.apache.hadoop.hive.ql.io.parquet.serde.TestParquetTimestampsHive2Compatibility" time="0.001"/>
  <testcase name="testWriteHive4ReadHive4UsingLegacyConversion(String)[600]" classname="org.apache.hadoop.hive.ql.io.parquet.serde.TestParquetTimestampsHive2Compatibility" time="0"/>
  <testcase name="testWriteHive4ReadHive4UsingLegacyConversion(String)[601]" classname="org.apache.hadoop.hive.ql.io.parquet.serde.TestParquetTimestampsHive2Compatibility" time="0"/>
  <testcase name="testWriteHive4ReadHive4UsingLegacyConversion(String)[602]" classname="org.apache.hadoop.hive.ql.io.parquet.serde.TestParquetTimestampsHive2Compatibility" time="0.001"/>
  <testcase name="testWriteHive4ReadHive4UsingLegacyConversion(String)[603]" classname="org.apache.hadoop.hive.ql.io.parquet.serde.TestParquetTimestampsHive2Compatibility" time="0"/>
  <testcase name="testWriteHive4ReadHive4UsingLegacyConversion(String)[604]" classname="org.apache.hadoop.hive.ql.io.parquet.serde.TestParquetTimestampsHive2Compatibility" time="0"/>
  <testcase name="testWriteHive4ReadHive4UsingLegacyConversion(String)[605]" classname="org.apache.hadoop.hive.ql.io.parquet.serde.TestParquetTimestampsHive2Compatibility" time="0"/>
  <testcase name="testWriteHive4ReadHive4UsingLegacyConversion(String)[606]" classname="org.apache.hadoop.hive.ql.io.parquet.serde.TestParquetTimestampsHive2Compatibility" time="0"/>
  <testcase name="testWriteHive4ReadHive4UsingLegacyConversion(String)[607]" classname="org.apache.hadoop.hive.ql.io.parquet.serde.TestParquetTimestampsHive2Compatibility" time="0"/>
  <testcase name="testWriteHive4ReadHive4UsingLegacyConversion(String)[608]" classname="org.apache.hadoop.hive.ql.io.parquet.serde.TestParquetTimestampsHive2Compatibility" time="0"/>
  <testcase name="testWriteHive4ReadHive4UsingLegacyConversion(String)[609]" classname="org.apache.hadoop.hive.ql.io.parquet.serde.TestParquetTimestampsHive2Compatibility" time="0.001"/>
  <testcase name="testWriteHive4ReadHive4UsingLegacyConversion(String)[610]" classname="org.apache.hadoop.hive.ql.io.parquet.serde.TestParquetTimestampsHive2Compatibility" time="0"/>
  <testcase name="testWriteHive4ReadHive4UsingLegacyConversion(String)[611]" classname="org.apache.hadoop.hive.ql.io.parquet.serde.TestParquetTimestampsHive2Compatibility" time="0"/>
  <testcase name="testWriteHive4ReadHive4UsingLegacyConversion(String)[612]" classname="org.apache.hadoop.hive.ql.io.parquet.serde.TestParquetTimestampsHive2Compatibility" time="0"/>
  <testcase name="testWriteHive4ReadHive4UsingLegacyConversion(String)[613]" classname="org.apache.hadoop.hive.ql.io.parquet.serde.TestParquetTimestampsHive2Compatibility" time="0"/>
  <testcase name="testWriteHive4ReadHive4UsingLegacyConversion(String)[614]" classname="org.apache.hadoop.hive.ql.io.parquet.serde.TestParquetTimestampsHive2Compatibility" time="0"/>
  <testcase name="testWriteHive4ReadHive4UsingLegacyConversion(String)[615]" classname="org.apache.hadoop.hive.ql.io.parquet.serde.TestParquetTimestampsHive2Compatibility" time="0"/>
  <testcase name="testWriteHive4ReadHive4UsingLegacyConversion(String)[616]" classname="org.apache.hadoop.hive.ql.io.parquet.serde.TestParquetTimestampsHive2Compatibility" time="0.001"/>
  <testcase name="testWriteHive4ReadHive4UsingLegacyConversion(String)[617]" classname="org.apache.hadoop.hive.ql.io.parquet.serde.TestParquetTimestampsHive2Compatibility" time="0"/>
  <testcase name="testWriteHive4ReadHive4UsingLegacyConversion(String)[618]" classname="org.apache.hadoop.hive.ql.io.parquet.serde.TestParquetTimestampsHive2Compatibility" time="0"/>
  <testcase name="testWriteHive4ReadHive4UsingLegacyConversion(String)[619]" classname="org.apache.hadoop.hive.ql.io.parquet.serde.TestParquetTimestampsHive2Compatibility" time="0.001"/>
  <testcase name="testWriteHive4ReadHive4UsingLegacyConversion(String)[620]" classname="org.apache.hadoop.hive.ql.io.parquet.serde.TestParquetTimestampsHive2Compatibility" time="0"/>
  <testcase name="testWriteHive4ReadHive4UsingLegacyConversion(String)[621]" classname="org.apache.hadoop.hive.ql.io.parquet.serde.TestParquetTimestampsHive2Compatibility" time="0"/>
  <testcase name="testWriteHive4ReadHive4UsingLegacyConversion(String)[622]" classname="org.apache.hadoop.hive.ql.io.parquet.serde.TestParquetTimestampsHive2Compatibility" time="0"/>
  <testcase name="testWriteHive4ReadHive4UsingLegacyConversion(String)[623]" classname="org.apache.hadoop.hive.ql.io.parquet.serde.TestParquetTimestampsHive2Compatibility" time="0"/>
  <testcase name="testWriteHive4ReadHive4UsingLegacyConversion(String)[624]" classname="org.apache.hadoop.hive.ql.io.parquet.serde.TestParquetTimestampsHive2Compatibility" time="0"/>
  <testcase name="testWriteHive4ReadHive4UsingLegacyConversion(String)[625]" classname="org.apache.hadoop.hive.ql.io.parquet.serde.TestParquetTimestampsHive2Compatibility" time="0"/>
  <testcase name="testWriteHive4ReadHive4UsingLegacyConversion(String)[626]" classname="org.apache.hadoop.hive.ql.io.parquet.serde.TestParquetTimestampsHive2Compatibility" time="0.001"/>
  <testcase name="testWriteHive4ReadHive4UsingLegacyConversion(String)[627]" classname="org.apache.hadoop.hive.ql.io.parquet.serde.TestParquetTimestampsHive2Compatibility" time="0"/>
  <testcase name="testWriteHive4ReadHive4UsingLegacyConversion(String)[628]" classname="org.apache.hadoop.hive.ql.io.parquet.serde.TestParquetTimestampsHive2Compatibility" time="0"/>
  <testcase name="testWriteHive4ReadHive4UsingLegacyConversion(String)[629]" classname="org.apache.hadoop.hive.ql.io.parquet.serde.TestParquetTimestampsHive2Compatibility" time="0.001"/>
  <testcase name="testWriteHive4ReadHive4UsingLegacyConversion(String)[630]" classname="org.apache.hadoop.hive.ql.io.parquet.serde.TestParquetTimestampsHive2Compatibility" time="0"/>
  <testcase name="testWriteHive4ReadHive4UsingLegacyConversion(String)[631]" classname="org.apache.hadoop.hive.ql.io.parquet.serde.TestParquetTimestampsHive2Compatibility" time="0"/>
  <testcase name="testWriteHive4ReadHive4UsingLegacyConversion(String)[632]" classname="org.apache.hadoop.hive.ql.io.parquet.serde.TestParquetTimestampsHive2Compatibility" time="0"/>
  <testcase name="testWriteHive4ReadHive4UsingLegacyConversion(String)[633]" classname="org.apache.hadoop.hive.ql.io.parquet.serde.TestParquetTimestampsHive2Compatibility" time="0"/>
  <testcase name="testWriteHive4ReadHive4UsingLegacyConversion(String)[634]" classname="org.apache.hadoop.hive.ql.io.parquet.serde.TestParquetTimestampsHive2Compatibility" time="0"/>
  <testcase name="testWriteHive4ReadHive4UsingLegacyConversion(String)[635]" classname="org.apache.hadoop.hive.ql.io.parquet.serde.TestParquetTimestampsHive2Compatibility" time="0"/>
  <testcase name="testWriteHive4ReadHive4UsingLegacyConversion(String)[636]" classname="org.apache.hadoop.hive.ql.io.parquet.serde.TestParquetTimestampsHive2Compatibility" time="0.001"/>
  <testcase name="testWriteHive4ReadHive4UsingLegacyConversion(String)[637]" classname="org.apache.hadoop.hive.ql.io.parquet.serde.TestParquetTimestampsHive2Compatibility" time="0"/>
  <testcase name="testWriteHive4ReadHive4UsingLegacyConversion(String)[638]" classname="org.apache.hadoop.hive.ql.io.parquet.serde.TestParquetTimestampsHive2Compatibility" time="0"/>
  <testcase name="testWriteHive4ReadHive4UsingLegacyConversion(String)[639]" classname="org.apache.hadoop.hive.ql.io.parquet.serde.TestParquetTimestampsHive2Compatibility" time="0"/>
  <testcase name="testWriteHive4ReadHive4UsingLegacyConversion(String)[640]" classname="org.apache.hadoop.hive.ql.io.parquet.serde.TestParquetTimestampsHive2Compatibility" time="0"/>
  <testcase name="testWriteHive4ReadHive4UsingLegacyConversion(String)[641]" classname="org.apache.hadoop.hive.ql.io.parquet.serde.TestParquetTimestampsHive2Compatibility" time="0"/>
  <testcase name="testWriteHive4ReadHive4UsingLegacyConversion(String)[642]" classname="org.apache.hadoop.hive.ql.io.parquet.serde.TestParquetTimestampsHive2Compatibility" time="0.001"/>
  <testcase name="testWriteHive4ReadHive4UsingLegacyConversion(String)[643]" classname="org.apache.hadoop.hive.ql.io.parquet.serde.TestParquetTimestampsHive2Compatibility" time="0"/>
  <testcase name="testWriteHive4ReadHive4UsingLegacyConversion(String)[644]" classname="org.apache.hadoop.hive.ql.io.parquet.serde.TestParquetTimestampsHive2Compatibility" time="0"/>
  <testcase name="testWriteHive4ReadHive4UsingLegacyConversion(String)[645]" classname="org.apache.hadoop.hive.ql.io.parquet.serde.TestParquetTimestampsHive2Compatibility" time="0"/>
  <testcase name="testWriteHive4ReadHive4UsingLegacyConversion(String)[646]" classname="org.apache.hadoop.hive.ql.io.parquet.serde.TestParquetTimestampsHive2Compatibility" time="0"/>
  <testcase name="testWriteHive4ReadHive4UsingLegacyConversion(String)[647]" classname="org.apache.hadoop.hive.ql.io.parquet.serde.TestParquetTimestampsHive2Compatibility" time="0"/>
  <testcase name="testWriteHive4ReadHive4UsingLegacyConversion(String)[648]" classname="org.apache.hadoop.hive.ql.io.parquet.serde.TestParquetTimestampsHive2Compatibility" time="0"/>
  <testcase name="testWriteHive4ReadHive4UsingLegacyConversion(String)[649]" classname="org.apache.hadoop.hive.ql.io.parquet.serde.TestParquetTimestampsHive2Compatibility" time="0.001"/>
  <testcase name="testWriteHive4ReadHive4UsingLegacyConversion(String)[650]" classname="org.apache.hadoop.hive.ql.io.parquet.serde.TestParquetTimestampsHive2Compatibility" time="0"/>
  <testcase name="testWriteHive4ReadHive4UsingLegacyConversion(String)[651]" classname="org.apache.hadoop.hive.ql.io.parquet.serde.TestParquetTimestampsHive2Compatibility" time="0"/>
  <testcase name="testWriteHive4ReadHive4UsingLegacyConversion(String)[652]" classname="org.apache.hadoop.hive.ql.io.parquet.serde.TestParquetTimestampsHive2Compatibility" time="0"/>
  <testcase name="testWriteHive4ReadHive4UsingLegacyConversion(String)[653]" classname="org.apache.hadoop.hive.ql.io.parquet.serde.TestParquetTimestampsHive2Compatibility" time="0"/>
  <testcase name="testWriteHive4ReadHive4UsingLegacyConversion(String)[654]" classname="org.apache.hadoop.hive.ql.io.parquet.serde.TestParquetTimestampsHive2Compatibility" time="0"/>
  <testcase name="testWriteHive4ReadHive4UsingLegacyConversion(String)[655]" classname="org.apache.hadoop.hive.ql.io.parquet.serde.TestParquetTimestampsHive2Compatibility" time="0"/>
  <testcase name="testWriteHive4ReadHive4UsingLegacyConversion(String)[656]" classname="org.apache.hadoop.hive.ql.io.parquet.serde.TestParquetTimestampsHive2Compatibility" time="0.001"/>
  <testcase name="testWriteHive4ReadHive4UsingLegacyConversion(String)[657]" classname="org.apache.hadoop.hive.ql.io.parquet.serde.TestParquetTimestampsHive2Compatibility" time="0"/>
  <testcase name="testWriteHive4ReadHive4UsingLegacyConversion(String)[658]" classname="org.apache.hadoop.hive.ql.io.parquet.serde.TestParquetTimestampsHive2Compatibility" time="0"/>
  <testcase name="testWriteHive4ReadHive4UsingLegacyConversion(String)[659]" classname="org.apache.hadoop.hive.ql.io.parquet.serde.TestParquetTimestampsHive2Compatibility" time="0.001"/>
  <testcase name="testWriteHive4ReadHive4UsingLegacyConversion(String)[660]" classname="org.apache.hadoop.hive.ql.io.parquet.serde.TestParquetTimestampsHive2Compatibility" time="0"/>
  <testcase name="testWriteHive4ReadHive4UsingLegacyConversion(String)[661]" classname="org.apache.hadoop.hive.ql.io.parquet.serde.TestParquetTimestampsHive2Compatibility" time="0"/>
  <testcase name="testWriteHive4ReadHive4UsingLegacyConversion(String)[662]" classname="org.apache.hadoop.hive.ql.io.parquet.serde.TestParquetTimestampsHive2Compatibility" time="0"/>
  <testcase name="testWriteHive4ReadHive4UsingLegacyConversion(String)[663]" classname="org.apache.hadoop.hive.ql.io.parquet.serde.TestParquetTimestampsHive2Compatibility" time="0"/>
  <testcase name="testWriteHive4ReadHive4UsingLegacyConversion(String)[664]" classname="org.apache.hadoop.hive.ql.io.parquet.serde.TestParquetTimestampsHive2Compatibility" time="0"/>
  <testcase name="testWriteHive4ReadHive4UsingLegacyConversion(String)[665]" classname="org.apache.hadoop.hive.ql.io.parquet.serde.TestParquetTimestampsHive2Compatibility" time="0"/>
  <testcase name="testWriteHive4ReadHive4UsingLegacyConversion(String)[666]" classname="org.apache.hadoop.hive.ql.io.parquet.serde.TestParquetTimestampsHive2Compatibility" time="0.001"/>
  <testcase name="testWriteHive4ReadHive4UsingLegacyConversion(String)[667]" classname="org.apache.hadoop.hive.ql.io.parquet.serde.TestParquetTimestampsHive2Compatibility" time="0"/>
  <testcase name="testWriteHive4ReadHive4UsingLegacyConversion(String)[668]" classname="org.apache.hadoop.hive.ql.io.parquet.serde.TestParquetTimestampsHive2Compatibility" time="0"/>
  <testcase name="testWriteHive4ReadHive4UsingLegacyConversion(String)[669]" classname="org.apache.hadoop.hive.ql.io.parquet.serde.TestParquetTimestampsHive2Compatibility" time="0.001"/>
  <testcase name="testWriteHive4ReadHive4UsingLegacyConversion(String)[670]" classname="org.apache.hadoop.hive.ql.io.parquet.serde.TestParquetTimestampsHive2Compatibility" time="0"/>
  <testcase name="testWriteHive4ReadHive4UsingLegacyConversion(String)[671]" classname="org.apache.hadoop.hive.ql.io.parquet.serde.TestParquetTimestampsHive2Compatibility" time="0"/>
  <testcase name="testWriteHive4ReadHive4UsingLegacyConversion(String)[672]" classname="org.apache.hadoop.hive.ql.io.parquet.serde.TestParquetTimestampsHive2Compatibility" time="0"/>
  <testcase name="testWriteHive4ReadHive4UsingLegacyConversion(String)[673]" classname="org.apache.hadoop.hive.ql.io.parquet.serde.TestParquetTimestampsHive2Compatibility" time="0"/>
  <testcase name="testWriteHive4ReadHive4UsingLegacyConversion(String)[674]" classname="org.apache.hadoop.hive.ql.io.parquet.serde.TestParquetTimestampsHive2Compatibility" time="0"/>
  <testcase name="testWriteHive4ReadHive4UsingLegacyConversion(String)[675]" classname="org.apache.hadoop.hive.ql.io.parquet.serde.TestParquetTimestampsHive2Compatibility" time="0"/>
  <testcase name="testWriteHive4ReadHive4UsingLegacyConversion(String)[676]" classname="org.apache.hadoop.hive.ql.io.parquet.serde.TestParquetTimestampsHive2Compatibility" time="0.001"/>
  <testcase name="testWriteHive4ReadHive4UsingLegacyConversion(String)[677]" classname="org.apache.hadoop.hive.ql.io.parquet.serde.TestParquetTimestampsHive2Compatibility" time="0"/>
  <testcase name="testWriteHive4ReadHive4UsingLegacyConversion(String)[678]" classname="org.apache.hadoop.hive.ql.io.parquet.serde.TestParquetTimestampsHive2Compatibility" time="0"/>
  <testcase name="testWriteHive4ReadHive4UsingLegacyConversion(String)[679]" classname="org.apache.hadoop.hive.ql.io.parquet.serde.TestParquetTimestampsHive2Compatibility" time="0"/>
  <testcase name="testWriteHive4ReadHive4UsingLegacyConversion(String)[680]" classname="org.apache.hadoop.hive.ql.io.parquet.serde.TestParquetTimestampsHive2Compatibility" time="0"/>
  <testcase name="testWriteHive4ReadHive4UsingLegacyConversion(String)[681]" classname="org.apache.hadoop.hive.ql.io.parquet.serde.TestParquetTimestampsHive2Compatibility" time="0"/>
  <testcase name="testWriteHive4ReadHive4UsingLegacyConversion(String)[682]" classname="org.apache.hadoop.hive.ql.io.parquet.serde.TestParquetTimestampsHive2Compatibility" time="0"/>
  <testcase name="testWriteHive4ReadHive4UsingLegacyConversion(String)[683]" classname="org.apache.hadoop.hive.ql.io.parquet.serde.TestParquetTimestampsHive2Compatibility" time="0.001"/>
  <testcase name="testWriteHive4ReadHive4UsingLegacyConversion(String)[684]" classname="org.apache.hadoop.hive.ql.io.parquet.serde.TestParquetTimestampsHive2Compatibility" time="0"/>
  <testcase name="testWriteHive4ReadHive4UsingLegacyConversion(String)[685]" classname="org.apache.hadoop.hive.ql.io.parquet.serde.TestParquetTimestampsHive2Compatibility" time="0"/>
  <testcase name="testWriteHive4ReadHive4UsingLegacyConversion(String)[686]" classname="org.apache.hadoop.hive.ql.io.parquet.serde.TestParquetTimestampsHive2Compatibility" time="0"/>
  <testcase name="testWriteHive4ReadHive4UsingLegacyConversion(String)[687]" classname="org.apache.hadoop.hive.ql.io.parquet.serde.TestParquetTimestampsHive2Compatibility" time="0"/>
  <testcase name="testWriteHive4ReadHive4UsingLegacyConversion(String)[688]" classname="org.apache.hadoop.hive.ql.io.parquet.serde.TestParquetTimestampsHive2Compatibility" time="0"/>
  <testcase name="testWriteHive4ReadHive4UsingLegacyConversion(String)[689]" classname="org.apache.hadoop.hive.ql.io.parquet.serde.TestParquetTimestampsHive2Compatibility" time="0"/>
  <testcase name="testWriteHive4ReadHive4UsingLegacyConversion(String)[690]" classname="org.apache.hadoop.hive.ql.io.parquet.serde.TestParquetTimestampsHive2Compatibility" time="0.001"/>
  <testcase name="testWriteHive4ReadHive4UsingLegacyConversion(String)[691]" classname="org.apache.hadoop.hive.ql.io.parquet.serde.TestParquetTimestampsHive2Compatibility" time="0"/>
  <testcase name="testWriteHive4ReadHive4UsingLegacyConversion(String)[692]" classname="org.apache.hadoop.hive.ql.io.parquet.serde.TestParquetTimestampsHive2Compatibility" time="0"/>
  <testcase name="testWriteHive4ReadHive4UsingLegacyConversion(String)[693]" classname="org.apache.hadoop.hive.ql.io.parquet.serde.TestParquetTimestampsHive2Compatibility" time="0"/>
  <testcase name="testWriteHive4ReadHive4UsingLegacyConversion(String)[694]" classname="org.apache.hadoop.hive.ql.io.parquet.serde.TestParquetTimestampsHive2Compatibility" time="0"/>
  <testcase name="testWriteHive4ReadHive4UsingLegacyConversion(String)[695]" classname="org.apache.hadoop.hive.ql.io.parquet.serde.TestParquetTimestampsHive2Compatibility" time="0"/>
  <testcase name="testWriteHive4ReadHive4UsingLegacyConversion(String)[696]" classname="org.apache.hadoop.hive.ql.io.parquet.serde.TestParquetTimestampsHive2Compatibility" time="0"/>
  <testcase name="testWriteHive4ReadHive4UsingLegacyConversion(String)[697]" classname="org.apache.hadoop.hive.ql.io.parquet.serde.TestParquetTimestampsHive2Compatibility" time="0"/>
  <testcase name="testWriteHive4ReadHive4UsingLegacyConversion(String)[698]" classname="org.apache.hadoop.hive.ql.io.parquet.serde.TestParquetTimestampsHive2Compatibility" time="0"/>
  <testcase name="testWriteHive4ReadHive4UsingLegacyConversion(String)[699]" classname="org.apache.hadoop.hive.ql.io.parquet.serde.TestParquetTimestampsHive2Compatibility" time="0"/>
  <testcase name="testWriteHive4ReadHive4UsingLegacyConversion(String)[700]" classname="org.apache.hadoop.hive.ql.io.parquet.serde.TestParquetTimestampsHive2Compatibility" time="0.001"/>
  <testcase name="testWriteHive4ReadHive4UsingLegacyConversion(String)[701]" classname="org.apache.hadoop.hive.ql.io.parquet.serde.TestParquetTimestampsHive2Compatibility" time="0"/>
  <testcase name="testWriteHive4ReadHive4UsingLegacyConversion(String)[702]" classname="org.apache.hadoop.hive.ql.io.parquet.serde.TestParquetTimestampsHive2Compatibility" time="0"/>
  <testcase name="testWriteHive4ReadHive4UsingLegacyConversion(String)[703]" classname="org.apache.hadoop.hive.ql.io.parquet.serde.TestParquetTimestampsHive2Compatibility" time="0"/>
  <testcase name="testWriteHive4ReadHive4UsingLegacyConversion(String)[704]" classname="org.apache.hadoop.hive.ql.io.parquet.serde.TestParquetTimestampsHive2Compatibility" time="0"/>
  <testcase name="testWriteHive4ReadHive4UsingLegacyConversion(String)[705]" classname="org.apache.hadoop.hive.ql.io.parquet.serde.TestParquetTimestampsHive2Compatibility" time="0"/>
  <testcase name="testWriteHive4ReadHive4UsingLegacyConversion(String)[706]" classname="org.apache.hadoop.hive.ql.io.parquet.serde.TestParquetTimestampsHive2Compatibility" time="0"/>
  <testcase name="testWriteHive4ReadHive4UsingLegacyConversion(String)[707]" classname="org.apache.hadoop.hive.ql.io.parquet.serde.TestParquetTimestampsHive2Compatibility" time="0.001"/>
  <testcase name="testWriteHive4ReadHive4UsingLegacyConversion(String)[708]" classname="org.apache.hadoop.hive.ql.io.parquet.serde.TestParquetTimestampsHive2Compatibility" time="0"/>
  <testcase name="testWriteHive4ReadHive4UsingLegacyConversion(String)[709]" classname="org.apache.hadoop.hive.ql.io.parquet.serde.TestParquetTimestampsHive2Compatibility" time="0"/>
  <testcase name="testWriteHive4ReadHive4UsingLegacyConversion(String)[710]" classname="org.apache.hadoop.hive.ql.io.parquet.serde.TestParquetTimestampsHive2Compatibility" time="0.001"/>
  <testcase name="testWriteHive4ReadHive4UsingLegacyConversion(String)[711]" classname="org.apache.hadoop.hive.ql.io.parquet.serde.TestParquetTimestampsHive2Compatibility" time="0"/>
  <testcase name="testWriteHive4ReadHive4UsingLegacyConversion(String)[712]" classname="org.apache.hadoop.hive.ql.io.parquet.serde.TestParquetTimestampsHive2Compatibility" time="0"/>
  <testcase name="testWriteHive4ReadHive4UsingLegacyConversion(String)[713]" classname="org.apache.hadoop.hive.ql.io.parquet.serde.TestParquetTimestampsHive2Compatibility" time="0"/>
  <testcase name="testWriteHive4ReadHive4UsingLegacyConversion(String)[714]" classname="org.apache.hadoop.hive.ql.io.parquet.serde.TestParquetTimestampsHive2Compatibility" time="0"/>
  <testcase name="testWriteHive4ReadHive4UsingLegacyConversion(String)[715]" classname="org.apache.hadoop.hive.ql.io.parquet.serde.TestParquetTimestampsHive2Compatibility" time="0"/>
  <testcase name="testWriteHive4ReadHive4UsingLegacyConversion(String)[716]" classname="org.apache.hadoop.hive.ql.io.parquet.serde.TestParquetTimestampsHive2Compatibility" time="0"/>
  <testcase name="testWriteHive4ReadHive4UsingLegacyConversion(String)[717]" classname="org.apache.hadoop.hive.ql.io.parquet.serde.TestParquetTimestampsHive2Compatibility" time="0"/>
  <testcase name="testWriteHive4ReadHive4UsingLegacyConversion(String)[718]" classname="org.apache.hadoop.hive.ql.io.parquet.serde.TestParquetTimestampsHive2Compatibility" time="0"/>
  <testcase name="testWriteHive4ReadHive4UsingLegacyConversion(String)[719]" classname="org.apache.hadoop.hive.ql.io.parquet.serde.TestParquetTimestampsHive2Compatibility" time="0"/>
  <testcase name="testWriteHive4ReadHive4UsingLegacyConversion(String)[720]" classname="org.apache.hadoop.hive.ql.io.parquet.serde.TestParquetTimestampsHive2Compatibility" time="0.001"/>
  <testcase name="testWriteHive4ReadHive4UsingLegacyConversion(String)[721]" classname="org.apache.hadoop.hive.ql.io.parquet.serde.TestParquetTimestampsHive2Compatibility" time="0"/>
  <testcase name="testWriteHive4ReadHive4UsingLegacyConversion(String)[722]" classname="org.apache.hadoop.hive.ql.io.parquet.serde.TestParquetTimestampsHive2Compatibility" time="0"/>
  <testcase name="testWriteHive4ReadHive4UsingLegacyConversion(String)[723]" classname="org.apache.hadoop.hive.ql.io.parquet.serde.TestParquetTimestampsHive2Compatibility" time="0.001"/>
  <testcase name="testWriteHive4ReadHive4UsingLegacyConversion(String)[724]" classname="org.apache.hadoop.hive.ql.io.parquet.serde.TestParquetTimestampsHive2Compatibility" time="0"/>
  <testcase name="testWriteHive4ReadHive4UsingLegacyConversion(String)[725]" classname="org.apache.hadoop.hive.ql.io.parquet.serde.TestParquetTimestampsHive2Compatibility" time="0"/>
  <testcase name="testWriteHive4ReadHive4UsingLegacyConversion(String)[726]" classname="org.apache.hadoop.hive.ql.io.parquet.serde.TestParquetTimestampsHive2Compatibility" time="0"/>
  <testcase name="testWriteHive4ReadHive4UsingLegacyConversion(String)[727]" classname="org.apache.hadoop.hive.ql.io.parquet.serde.TestParquetTimestampsHive2Compatibility" time="0"/>
  <testcase name="testWriteHive4ReadHive4UsingLegacyConversion(String)[728]" classname="org.apache.hadoop.hive.ql.io.parquet.serde.TestParquetTimestampsHive2Compatibility" time="0"/>
  <testcase name="testWriteHive4ReadHive4UsingLegacyConversion(String)[729]" classname="org.apache.hadoop.hive.ql.io.parquet.serde.TestParquetTimestampsHive2Compatibility" time="0"/>
  <testcase name="testWriteHive4ReadHive4UsingLegacyConversion(String)[730]" classname="org.apache.hadoop.hive.ql.io.parquet.serde.TestParquetTimestampsHive2Compatibility" time="0.001"/>
  <testcase name="testWriteHive4ReadHive4UsingLegacyConversion(String)[731]" classname="org.apache.hadoop.hive.ql.io.parquet.serde.TestParquetTimestampsHive2Compatibility" time="0"/>
  <testcase name="testWriteHive4ReadHive4UsingLegacyConversion(String)[732]" classname="org.apache.hadoop.hive.ql.io.parquet.serde.TestParquetTimestampsHive2Compatibility" time="0"/>
  <testcase name="testWriteHive4ReadHive4UsingLegacyConversion(String)[733]" classname="org.apache.hadoop.hive.ql.io.parquet.serde.TestParquetTimestampsHive2Compatibility" time="0"/>
  <testcase name="testWriteHive4ReadHive4UsingLegacyConversion(String)[734]" classname="org.apache.hadoop.hive.ql.io.parquet.serde.TestParquetTimestampsHive2Compatibility" time="0"/>
  <testcase name="testWriteHive4ReadHive4UsingLegacyConversion(String)[735]" classname="org.apache.hadoop.hive.ql.io.parquet.serde.TestParquetTimestampsHive2Compatibility" time="0"/>
  <testcase name="testWriteHive4ReadHive4UsingLegacyConversion(String)[736]" classname="org.apache.hadoop.hive.ql.io.parquet.serde.TestParquetTimestampsHive2Compatibility" time="0"/>
  <testcase name="testWriteHive4ReadHive4UsingLegacyConversion(String)[737]" classname="org.apache.hadoop.hive.ql.io.parquet.serde.TestParquetTimestampsHive2Compatibility" time="0.001"/>
  <testcase name="testWriteHive4ReadHive4UsingLegacyConversion(String)[738]" classname="org.apache.hadoop.hive.ql.io.parquet.serde.TestParquetTimestampsHive2Compatibility" time="0"/>
  <testcase name="testWriteHive4ReadHive4UsingLegacyConversion(String)[739]" classname="org.apache.hadoop.hive.ql.io.parquet.serde.TestParquetTimestampsHive2Compatibility" time="0"/>
  <testcase name="testWriteHive4ReadHive4UsingLegacyConversion(String)[740]" classname="org.apache.hadoop.hive.ql.io.parquet.serde.TestParquetTimestampsHive2Compatibility" time="0"/>
  <testcase name="testWriteHive4ReadHive4UsingLegacyConversion(String)[741]" classname="org.apache.hadoop.hive.ql.io.parquet.serde.TestParquetTimestampsHive2Compatibility" time="0.001"/>
  <testcase name="testWriteHive4ReadHive4UsingLegacyConversion(String)[742]" classname="org.apache.hadoop.hive.ql.io.parquet.serde.TestParquetTimestampsHive2Compatibility" time="0"/>
  <testcase name="testWriteHive4ReadHive4UsingLegacyConversion(String)[743]" classname="org.apache.hadoop.hive.ql.io.parquet.serde.TestParquetTimestampsHive2Compatibility" time="0"/>
  <testcase name="testWriteHive4ReadHive4UsingLegacyConversion(String)[744]" classname="org.apache.hadoop.hive.ql.io.parquet.serde.TestParquetTimestampsHive2Compatibility" time="0"/>
  <testcase name="testWriteHive4ReadHive4UsingLegacyConversion(String)[745]" classname="org.apache.hadoop.hive.ql.io.parquet.serde.TestParquetTimestampsHive2Compatibility" time="0"/>
  <testcase name="testWriteHive4ReadHive4UsingLegacyConversion(String)[746]" classname="org.apache.hadoop.hive.ql.io.parquet.serde.TestParquetTimestampsHive2Compatibility" time="0"/>
  <testcase name="testWriteHive4ReadHive4UsingLegacyConversion(String)[747]" classname="org.apache.hadoop.hive.ql.io.parquet.serde.TestParquetTimestampsHive2Compatibility" time="0"/>
  <testcase name="testWriteHive4ReadHive4UsingLegacyConversion(String)[748]" classname="org.apache.hadoop.hive.ql.io.parquet.serde.TestParquetTimestampsHive2Compatibility" time="0.001"/>
  <testcase name="testWriteHive4ReadHive4UsingLegacyConversion(String)[749]" classname="org.apache.hadoop.hive.ql.io.parquet.serde.TestParquetTimestampsHive2Compatibility" time="0"/>
  <testcase name="testWriteHive4ReadHive4UsingLegacyConversion(String)[750]" classname="org.apache.hadoop.hive.ql.io.parquet.serde.TestParquetTimestampsHive2Compatibility" time="0"/>
  <testcase name="testWriteHive4ReadHive4UsingLegacyConversion(String)[751]" classname="org.apache.hadoop.hive.ql.io.parquet.serde.TestParquetTimestampsHive2Compatibility" time="0.001"/>
  <testcase name="testWriteHive4ReadHive4UsingLegacyConversion(String)[752]" classname="org.apache.hadoop.hive.ql.io.parquet.serde.TestParquetTimestampsHive2Compatibility" time="0"/>
  <testcase name="testWriteHive4ReadHive4UsingLegacyConversion(String)[753]" classname="org.apache.hadoop.hive.ql.io.parquet.serde.TestParquetTimestampsHive2Compatibility" time="0"/>
  <testcase name="testWriteHive4ReadHive4UsingLegacyConversion(String)[754]" classname="org.apache.hadoop.hive.ql.io.parquet.serde.TestParquetTimestampsHive2Compatibility" time="0"/>
  <testcase name="testWriteHive4ReadHive4UsingLegacyConversion(String)[755]" classname="org.apache.hadoop.hive.ql.io.parquet.serde.TestParquetTimestampsHive2Compatibility" time="0"/>
  <testcase name="testWriteHive4ReadHive4UsingLegacyConversion(String)[756]" classname="org.apache.hadoop.hive.ql.io.parquet.serde.TestParquetTimestampsHive2Compatibility" time="0"/>
  <testcase name="testWriteHive4ReadHive4UsingLegacyConversion(String)[757]" classname="org.apache.hadoop.hive.ql.io.parquet.serde.TestParquetTimestampsHive2Compatibility" time="0"/>
  <testcase name="testWriteHive4ReadHive4UsingLegacyConversion(String)[758]" classname="org.apache.hadoop.hive.ql.io.parquet.serde.TestParquetTimestampsHive2Compatibility" time="0"/>
  <testcase name="testWriteHive4ReadHive4UsingLegacyConversion(String)[759]" classname="org.apache.hadoop.hive.ql.io.parquet.serde.TestParquetTimestampsHive2Compatibility" time="0"/>
  <testcase name="testWriteHive4ReadHive4UsingLegacyConversion(String)[760]" classname="org.apache.hadoop.hive.ql.io.parquet.serde.TestParquetTimestampsHive2Compatibility" time="0"/>
  <testcase name="testWriteHive4ReadHive4UsingLegacyConversion(String)[761]" classname="org.apache.hadoop.hive.ql.io.parquet.serde.TestParquetTimestampsHive2Compatibility" time="0.001"/>
  <testcase name="testWriteHive4ReadHive4UsingLegacyConversion(String)[762]" classname="org.apache.hadoop.hive.ql.io.parquet.serde.TestParquetTimestampsHive2Compatibility" time="0"/>
  <testcase name="testWriteHive4ReadHive4UsingLegacyConversion(String)[763]" classname="org.apache.hadoop.hive.ql.io.parquet.serde.TestParquetTimestampsHive2Compatibility" time="0"/>
  <testcase name="testWriteHive4ReadHive4UsingLegacyConversion(String)[764]" classname="org.apache.hadoop.hive.ql.io.parquet.serde.TestParquetTimestampsHive2Compatibility" time="0"/>
  <testcase name="testWriteHive4ReadHive4UsingLegacyConversion(String)[765]" classname="org.apache.hadoop.hive.ql.io.parquet.serde.TestParquetTimestampsHive2Compatibility" time="0"/>
  <testcase name="testWriteHive4ReadHive4UsingLegacyConversion(String)[766]" classname="org.apache.hadoop.hive.ql.io.parquet.serde.TestParquetTimestampsHive2Compatibility" time="0"/>
  <testcase name="testWriteHive4ReadHive4UsingLegacyConversion(String)[767]" classname="org.apache.hadoop.hive.ql.io.parquet.serde.TestParquetTimestampsHive2Compatibility" time="0"/>
  <testcase name="testWriteHive4ReadHive4UsingLegacyConversion(String)[768]" classname="org.apache.hadoop.hive.ql.io.parquet.serde.TestParquetTimestampsHive2Compatibility" time="0"/>
  <testcase name="testWriteHive4ReadHive4UsingLegacyConversion(String)[769]" classname="org.apache.hadoop.hive.ql.io.parquet.serde.TestParquetTimestampsHive2Compatibility" time="0"/>
  <testcase name="testWriteHive4ReadHive4UsingLegacyConversion(String)[770]" classname="org.apache.hadoop.hive.ql.io.parquet.serde.TestParquetTimestampsHive2Compatibility" time="0.001"/>
  <testcase name="testWriteHive4ReadHive4UsingLegacyConversion(String)[771]" classname="org.apache.hadoop.hive.ql.io.parquet.serde.TestParquetTimestampsHive2Compatibility" time="0"/>
  <testcase name="testWriteHive4ReadHive4UsingLegacyConversion(String)[772]" classname="org.apache.hadoop.hive.ql.io.parquet.serde.TestParquetTimestampsHive2Compatibility" time="0"/>
  <testcase name="testWriteHive4ReadHive4UsingLegacyConversion(String)[773]" classname="org.apache.hadoop.hive.ql.io.parquet.serde.TestParquetTimestampsHive2Compatibility" time="0"/>
  <testcase name="testWriteHive4ReadHive4UsingLegacyConversion(String)[774]" classname="org.apache.hadoop.hive.ql.io.parquet.serde.TestParquetTimestampsHive2Compatibility" time="0.001"/>
  <testcase name="testWriteHive4ReadHive4UsingLegacyConversion(String)[775]" classname="org.apache.hadoop.hive.ql.io.parquet.serde.TestParquetTimestampsHive2Compatibility" time="0"/>
  <testcase name="testWriteHive4ReadHive4UsingLegacyConversion(String)[776]" classname="org.apache.hadoop.hive.ql.io.parquet.serde.TestParquetTimestampsHive2Compatibility" time="0"/>
  <testcase name="testWriteHive4ReadHive4UsingLegacyConversion(String)[777]" classname="org.apache.hadoop.hive.ql.io.parquet.serde.TestParquetTimestampsHive2Compatibility" time="0"/>
  <testcase name="testWriteHive4ReadHive4UsingLegacyConversion(String)[778]" classname="org.apache.hadoop.hive.ql.io.parquet.serde.TestParquetTimestampsHive2Compatibility" time="0"/>
  <testcase name="testWriteHive4ReadHive4UsingLegacyConversion(String)[779]" classname="org.apache.hadoop.hive.ql.io.parquet.serde.TestParquetTimestampsHive2Compatibility" time="0"/>
  <testcase name="testWriteHive4ReadHive4UsingLegacyConversion(String)[780]" classname="org.apache.hadoop.hive.ql.io.parquet.serde.TestParquetTimestampsHive2Compatibility" time="0"/>
  <testcase name="testWriteHive4ReadHive4UsingLegacyConversion(String)[781]" classname="org.apache.hadoop.hive.ql.io.parquet.serde.TestParquetTimestampsHive2Compatibility" time="0"/>
  <testcase name="testWriteHive4ReadHive4UsingLegacyConversion(String)[782]" classname="org.apache.hadoop.hive.ql.io.parquet.serde.TestParquetTimestampsHive2Compatibility" time="0"/>
  <testcase name="testWriteHive4ReadHive4UsingLegacyConversion(String)[783]" classname="org.apache.hadoop.hive.ql.io.parquet.serde.TestParquetTimestampsHive2Compatibility" time="0"/>
  <testcase name="testWriteHive4ReadHive4UsingLegacyConversion(String)[784]" classname="org.apache.hadoop.hive.ql.io.parquet.serde.TestParquetTimestampsHive2Compatibility" time="0"/>
  <testcase name="testWriteHive4ReadHive4UsingLegacyConversion(String)[785]" classname="org.apache.hadoop.hive.ql.io.parquet.serde.TestParquetTimestampsHive2Compatibility" time="0"/>
  <testcase name="testWriteHive4ReadHive4UsingLegacyConversion(String)[786]" classname="org.apache.hadoop.hive.ql.io.parquet.serde.TestParquetTimestampsHive2Compatibility" time="0"/>
  <testcase name="testWriteHive4ReadHive4UsingLegacyConversion(String)[787]" classname="org.apache.hadoop.hive.ql.io.parquet.serde.TestParquetTimestampsHive2Compatibility" time="0"/>
  <testcase name="testWriteHive4ReadHive4UsingLegacyConversion(String)[788]" classname="org.apache.hadoop.hive.ql.io.parquet.serde.TestParquetTimestampsHive2Compatibility" time="0"/>
  <testcase name="testWriteHive4ReadHive4UsingLegacyConversion(String)[789]" classname="org.apache.hadoop.hive.ql.io.parquet.serde.TestParquetTimestampsHive2Compatibility" time="0"/>
  <testcase name="testWriteHive4ReadHive4UsingLegacyConversion(String)[790]" classname="org.apache.hadoop.hive.ql.io.parquet.serde.TestParquetTimestampsHive2Compatibility" time="0"/>
  <testcase name="testWriteHive4ReadHive4UsingLegacyConversion(String)[791]" classname="org.apache.hadoop.hive.ql.io.parquet.serde.TestParquetTimestampsHive2Compatibility" time="0"/>
  <testcase name="testWriteHive4ReadHive4UsingLegacyConversion(String)[792]" classname="org.apache.hadoop.hive.ql.io.parquet.serde.TestParquetTimestampsHive2Compatibility" time="0"/>
  <testcase name="testWriteHive4ReadHive4UsingLegacyConversion(String)[793]" classname="org.apache.hadoop.hive.ql.io.parquet.serde.TestParquetTimestampsHive2Compatibility" time="0"/>
  <testcase name="testWriteHive4ReadHive4UsingLegacyConversion(String)[794]" classname="org.apache.hadoop.hive.ql.io.parquet.serde.TestParquetTimestampsHive2Compatibility" time="0"/>
  <testcase name="testWriteHive4ReadHive4UsingLegacyConversion(String)[795]" classname="org.apache.hadoop.hive.ql.io.parquet.serde.TestParquetTimestampsHive2Compatibility" time="0"/>
  <testcase name="testWriteHive4ReadHive4UsingLegacyConversion(String)[796]" classname="org.apache.hadoop.hive.ql.io.parquet.serde.TestParquetTimestampsHive2Compatibility" time="0"/>
  <testcase name="testWriteHive4ReadHive4UsingLegacyConversion(String)[797]" classname="org.apache.hadoop.hive.ql.io.parquet.serde.TestParquetTimestampsHive2Compatibility" time="0"/>
  <testcase name="testWriteHive4ReadHive4UsingLegacyConversion(String)[798]" classname="org.apache.hadoop.hive.ql.io.parquet.serde.TestParquetTimestampsHive2Compatibility" time="0"/>
  <testcase name="testWriteHive4ReadHive4UsingLegacyConversion(String)[799]" classname="org.apache.hadoop.hive.ql.io.parquet.serde.TestParquetTimestampsHive2Compatibility" time="0"/>
  <testcase name="testWriteHive4ReadHive4UsingLegacyConversion(String)[800]" classname="org.apache.hadoop.hive.ql.io.parquet.serde.TestParquetTimestampsHive2Compatibility" time="0"/>
  <testcase name="testWriteHive4ReadHive4UsingLegacyConversion(String)[801]" classname="org.apache.hadoop.hive.ql.io.parquet.serde.TestParquetTimestampsHive2Compatibility" time="0"/>
  <testcase name="testWriteHive4ReadHive4UsingLegacyConversion(String)[802]" classname="org.apache.hadoop.hive.ql.io.parquet.serde.TestParquetTimestampsHive2Compatibility" time="0"/>
  <testcase name="testWriteHive4ReadHive4UsingLegacyConversion(String)[803]" classname="org.apache.hadoop.hive.ql.io.parquet.serde.TestParquetTimestampsHive2Compatibility" time="0"/>
  <testcase name="testWriteHive4ReadHive4UsingLegacyConversion(String)[804]" classname="org.apache.hadoop.hive.ql.io.parquet.serde.TestParquetTimestampsHive2Compatibility" time="0"/>
  <testcase name="testWriteHive4ReadHive4UsingLegacyConversion(String)[805]" classname="org.apache.hadoop.hive.ql.io.parquet.serde.TestParquetTimestampsHive2Compatibility" time="0"/>
  <testcase name="testWriteHive4ReadHive4UsingLegacyConversion(String)[806]" classname="org.apache.hadoop.hive.ql.io.parquet.serde.TestParquetTimestampsHive2Compatibility" time="0"/>
  <testcase name="testWriteHive4ReadHive4UsingLegacyConversion(String)[807]" classname="org.apache.hadoop.hive.ql.io.parquet.serde.TestParquetTimestampsHive2Compatibility" time="0"/>
  <testcase name="testWriteHive4ReadHive4UsingLegacyConversion(String)[808]" classname="org.apache.hadoop.hive.ql.io.parquet.serde.TestParquetTimestampsHive2Compatibility" time="0"/>
  <testcase name="testWriteHive4ReadHive4UsingLegacyConversion(String)[809]" classname="org.apache.hadoop.hive.ql.io.parquet.serde.TestParquetTimestampsHive2Compatibility" time="0.001"/>
  <testcase name="testWriteHive4ReadHive4UsingLegacyConversion(String)[810]" classname="org.apache.hadoop.hive.ql.io.parquet.serde.TestParquetTimestampsHive2Compatibility" time="0"/>
  <testcase name="testWriteHive4ReadHive4UsingLegacyConversion(String)[811]" classname="org.apache.hadoop.hive.ql.io.parquet.serde.TestParquetTimestampsHive2Compatibility" time="0"/>
  <testcase name="testWriteHive4ReadHive4UsingLegacyConversion(String)[812]" classname="org.apache.hadoop.hive.ql.io.parquet.serde.TestParquetTimestampsHive2Compatibility" time="0"/>
  <testcase name="testWriteHive4ReadHive4UsingLegacyConversion(String)[813]" classname="org.apache.hadoop.hive.ql.io.parquet.serde.TestParquetTimestampsHive2Compatibility" time="0"/>
  <testcase name="testWriteHive4ReadHive4UsingLegacyConversion(String)[814]" classname="org.apache.hadoop.hive.ql.io.parquet.serde.TestParquetTimestampsHive2Compatibility" time="0"/>
  <testcase name="testWriteHive4ReadHive4UsingLegacyConversion(String)[815]" classname="org.apache.hadoop.hive.ql.io.parquet.serde.TestParquetTimestampsHive2Compatibility" time="0"/>
  <testcase name="testWriteHive4ReadHive4UsingLegacyConversion(String)[816]" classname="org.apache.hadoop.hive.ql.io.parquet.serde.TestParquetTimestampsHive2Compatibility" time="0.001"/>
  <testcase name="testWriteHive4ReadHive4UsingLegacyConversion(String)[817]" classname="org.apache.hadoop.hive.ql.io.parquet.serde.TestParquetTimestampsHive2Compatibility" time="0"/>
  <testcase name="testWriteHive4ReadHive4UsingLegacyConversion(String)[818]" classname="org.apache.hadoop.hive.ql.io.parquet.serde.TestParquetTimestampsHive2Compatibility" time="0"/>
  <testcase name="testWriteHive4ReadHive4UsingLegacyConversion(String)[819]" classname="org.apache.hadoop.hive.ql.io.parquet.serde.TestParquetTimestampsHive2Compatibility" time="0.001"/>
  <testcase name="testWriteHive4ReadHive4UsingLegacyConversion(String)[820]" classname="org.apache.hadoop.hive.ql.io.parquet.serde.TestParquetTimestampsHive2Compatibility" time="0"/>
  <testcase name="testWriteHive4ReadHive4UsingLegacyConversion(String)[821]" classname="org.apache.hadoop.hive.ql.io.parquet.serde.TestParquetTimestampsHive2Compatibility" time="0.001"/>
  <testcase name="testWriteHive4ReadHive4UsingLegacyConversion(String)[822]" classname="org.apache.hadoop.hive.ql.io.parquet.serde.TestParquetTimestampsHive2Compatibility" time="0"/>
  <testcase name="testWriteHive4ReadHive4UsingLegacyConversion(String)[823]" classname="org.apache.hadoop.hive.ql.io.parquet.serde.TestParquetTimestampsHive2Compatibility" time="0"/>
  <testcase name="testWriteHive4ReadHive4UsingLegacyConversion(String)[824]" classname="org.apache.hadoop.hive.ql.io.parquet.serde.TestParquetTimestampsHive2Compatibility" time="0"/>
  <testcase name="testWriteHive4ReadHive4UsingLegacyConversion(String)[825]" classname="org.apache.hadoop.hive.ql.io.parquet.serde.TestParquetTimestampsHive2Compatibility" time="0"/>
  <testcase name="testWriteHive4ReadHive4UsingLegacyConversion(String)[826]" classname="org.apache.hadoop.hive.ql.io.parquet.serde.TestParquetTimestampsHive2Compatibility" time="0"/>
  <testcase name="testWriteHive4ReadHive4UsingLegacyConversion(String)[827]" classname="org.apache.hadoop.hive.ql.io.parquet.serde.TestParquetTimestampsHive2Compatibility" time="0"/>
  <testcase name="testWriteHive4ReadHive4UsingLegacyConversion(String)[828]" classname="org.apache.hadoop.hive.ql.io.parquet.serde.TestParquetTimestampsHive2Compatibility" time="0"/>
  <testcase name="testWriteHive4ReadHive4UsingLegacyConversion(String)[829]" classname="org.apache.hadoop.hive.ql.io.parquet.serde.TestParquetTimestampsHive2Compatibility" time="0.001"/>
  <testcase name="testWriteHive4ReadHive4UsingLegacyConversion(String)[830]" classname="org.apache.hadoop.hive.ql.io.parquet.serde.TestParquetTimestampsHive2Compatibility" time="0"/>
  <testcase name="testWriteHive4ReadHive4UsingLegacyConversion(String)[831]" classname="org.apache.hadoop.hive.ql.io.parquet.serde.TestParquetTimestampsHive2Compatibility" time="0"/>
  <testcase name="testWriteHive4ReadHive4UsingLegacyConversion(String)[832]" classname="org.apache.hadoop.hive.ql.io.parquet.serde.TestParquetTimestampsHive2Compatibility" time="0"/>
  <testcase name="testWriteHive4ReadHive4UsingLegacyConversion(String)[833]" classname="org.apache.hadoop.hive.ql.io.parquet.serde.TestParquetTimestampsHive2Compatibility" time="0.001"/>
  <testcase name="testWriteHive4ReadHive4UsingLegacyConversion(String)[834]" classname="org.apache.hadoop.hive.ql.io.parquet.serde.TestParquetTimestampsHive2Compatibility" time="0"/>
  <testcase name="testWriteHive4ReadHive4UsingLegacyConversion(String)[835]" classname="org.apache.hadoop.hive.ql.io.parquet.serde.TestParquetTimestampsHive2Compatibility" time="0"/>
  <testcase name="testWriteHive4ReadHive4UsingLegacyConversion(String)[836]" classname="org.apache.hadoop.hive.ql.io.parquet.serde.TestParquetTimestampsHive2Compatibility" time="0"/>
  <testcase name="testWriteHive4ReadHive4UsingLegacyConversion(String)[837]" classname="org.apache.hadoop.hive.ql.io.parquet.serde.TestParquetTimestampsHive2Compatibility" time="0"/>
  <testcase name="testWriteHive4ReadHive4UsingLegacyConversion(String)[838]" classname="org.apache.hadoop.hive.ql.io.parquet.serde.TestParquetTimestampsHive2Compatibility" time="0"/>
  <testcase name="testWriteHive4ReadHive4UsingLegacyConversion(String)[839]" classname="org.apache.hadoop.hive.ql.io.parquet.serde.TestParquetTimestampsHive2Compatibility" time="0"/>
  <testcase name="testWriteHive4ReadHive4UsingLegacyConversion(String)[840]" classname="org.apache.hadoop.hive.ql.io.parquet.serde.TestParquetTimestampsHive2Compatibility" time="0"/>
  <testcase name="testWriteHive4ReadHive4UsingLegacyConversion(String)[841]" classname="org.apache.hadoop.hive.ql.io.parquet.serde.TestParquetTimestampsHive2Compatibility" time="0"/>
  <testcase name="testWriteHive4ReadHive4UsingLegacyConversion(String)[842]" classname="org.apache.hadoop.hive.ql.io.parquet.serde.TestParquetTimestampsHive2Compatibility" time="0"/>
  <testcase name="testWriteHive4ReadHive4UsingLegacyConversion(String)[843]" classname="org.apache.hadoop.hive.ql.io.parquet.serde.TestParquetTimestampsHive2Compatibility" time="0"/>
  <testcase name="testWriteHive4ReadHive4UsingLegacyConversion(String)[844]" classname="org.apache.hadoop.hive.ql.io.parquet.serde.TestParquetTimestampsHive2Compatibility" time="0"/>
  <testcase name="testWriteHive4ReadHive4UsingLegacyConversion(String)[845]" classname="org.apache.hadoop.hive.ql.io.parquet.serde.TestParquetTimestampsHive2Compatibility" time="0"/>
  <testcase name="testWriteHive4ReadHive4UsingLegacyConversion(String)[846]" classname="org.apache.hadoop.hive.ql.io.parquet.serde.TestParquetTimestampsHive2Compatibility" time="0"/>
  <testcase name="testWriteHive4ReadHive4UsingLegacyConversion(String)[847]" classname="org.apache.hadoop.hive.ql.io.parquet.serde.TestParquetTimestampsHive2Compatibility" time="0"/>
  <testcase name="testWriteHive4ReadHive4UsingLegacyConversion(String)[848]" classname="org.apache.hadoop.hive.ql.io.parquet.serde.TestParquetTimestampsHive2Compatibility" time="0"/>
  <testcase name="testWriteHive4ReadHive4UsingLegacyConversion(String)[849]" classname="org.apache.hadoop.hive.ql.io.parquet.serde.TestParquetTimestampsHive2Compatibility" time="0"/>
  <testcase name="testWriteHive4ReadHive4UsingLegacyConversion(String)[850]" classname="org.apache.hadoop.hive.ql.io.parquet.serde.TestParquetTimestampsHive2Compatibility" time="0"/>
  <testcase name="testWriteHive4ReadHive4UsingLegacyConversion(String)[851]" classname="org.apache.hadoop.hive.ql.io.parquet.serde.TestParquetTimestampsHive2Compatibility" time="0"/>
  <testcase name="testWriteHive4ReadHive4UsingLegacyConversion(String)[852]" classname="org.apache.hadoop.hive.ql.io.parquet.serde.TestParquetTimestampsHive2Compatibility" time="0.001"/>
  <testcase name="testWriteHive4ReadHive4UsingLegacyConversion(String)[853]" classname="org.apache.hadoop.hive.ql.io.parquet.serde.TestParquetTimestampsHive2Compatibility" time="0"/>
  <testcase name="testWriteHive4ReadHive4UsingLegacyConversion(String)[854]" classname="org.apache.hadoop.hive.ql.io.parquet.serde.TestParquetTimestampsHive2Compatibility" time="0"/>
  <testcase name="testWriteHive4ReadHive4UsingLegacyConversion(String)[855]" classname="org.apache.hadoop.hive.ql.io.parquet.serde.TestParquetTimestampsHive2Compatibility" time="0"/>
  <testcase name="testWriteHive4ReadHive4UsingLegacyConversion(String)[856]" classname="org.apache.hadoop.hive.ql.io.parquet.serde.TestParquetTimestampsHive2Compatibility" time="0"/>
  <testcase name="testWriteHive4ReadHive4UsingLegacyConversion(String)[857]" classname="org.apache.hadoop.hive.ql.io.parquet.serde.TestParquetTimestampsHive2Compatibility" time="0"/>
  <testcase name="testWriteHive4ReadHive4UsingLegacyConversion(String)[858]" classname="org.apache.hadoop.hive.ql.io.parquet.serde.TestParquetTimestampsHive2Compatibility" time="0"/>
  <testcase name="testWriteHive4ReadHive4UsingLegacyConversion(String)[859]" classname="org.apache.hadoop.hive.ql.io.parquet.serde.TestParquetTimestampsHive2Compatibility" time="0"/>
  <testcase name="testWriteHive4ReadHive4UsingLegacyConversion(String)[860]" classname="org.apache.hadoop.hive.ql.io.parquet.serde.TestParquetTimestampsHive2Compatibility" time="0"/>
  <testcase name="testWriteHive4ReadHive4UsingLegacyConversion(String)[861]" classname="org.apache.hadoop.hive.ql.io.parquet.serde.TestParquetTimestampsHive2Compatibility" time="0"/>
  <testcase name="testWriteHive4ReadHive4UsingLegacyConversion(String)[862]" classname="org.apache.hadoop.hive.ql.io.parquet.serde.TestParquetTimestampsHive2Compatibility" time="0"/>
  <testcase name="testWriteHive4ReadHive4UsingLegacyConversion(String)[863]" classname="org.apache.hadoop.hive.ql.io.parquet.serde.TestParquetTimestampsHive2Compatibility" time="0.001"/>
  <testcase name="testWriteHive4ReadHive4UsingLegacyConversion(String)[864]" classname="org.apache.hadoop.hive.ql.io.parquet.serde.TestParquetTimestampsHive2Compatibility" time="0"/>
  <testcase name="testWriteHive4ReadHive4UsingLegacyConversion(String)[865]" classname="org.apache.hadoop.hive.ql.io.parquet.serde.TestParquetTimestampsHive2Compatibility" time="0"/>
  <testcase name="testWriteHive4ReadHive4UsingLegacyConversion(String)[866]" classname="org.apache.hadoop.hive.ql.io.parquet.serde.TestParquetTimestampsHive2Compatibility" time="0"/>
  <testcase name="testWriteHive4ReadHive4UsingLegacyConversion(String)[867]" classname="org.apache.hadoop.hive.ql.io.parquet.serde.TestParquetTimestampsHive2Compatibility" time="0"/>
  <testcase name="testWriteHive4ReadHive4UsingLegacyConversion(String)[868]" classname="org.apache.hadoop.hive.ql.io.parquet.serde.TestParquetTimestampsHive2Compatibility" time="0"/>
  <testcase name="testWriteHive4ReadHive4UsingLegacyConversion(String)[869]" classname="org.apache.hadoop.hive.ql.io.parquet.serde.TestParquetTimestampsHive2Compatibility" time="0"/>
  <testcase name="testWriteHive4ReadHive4UsingLegacyConversion(String)[870]" classname="org.apache.hadoop.hive.ql.io.parquet.serde.TestParquetTimestampsHive2Compatibility" time="0.001"/>
  <testcase name="testWriteHive4ReadHive4UsingLegacyConversion(String)[871]" classname="org.apache.hadoop.hive.ql.io.parquet.serde.TestParquetTimestampsHive2Compatibility" time="0"/>
  <testcase name="testWriteHive4ReadHive4UsingLegacyConversion(String)[872]" classname="org.apache.hadoop.hive.ql.io.parquet.serde.TestParquetTimestampsHive2Compatibility" time="0"/>
  <testcase name="testWriteHive4ReadHive4UsingLegacyConversion(String)[873]" classname="org.apache.hadoop.hive.ql.io.parquet.serde.TestParquetTimestampsHive2Compatibility" time="0"/>
  <testcase name="testWriteHive4ReadHive4UsingLegacyConversion(String)[874]" classname="org.apache.hadoop.hive.ql.io.parquet.serde.TestParquetTimestampsHive2Compatibility" time="0.001"/>
  <testcase name="testWriteHive4ReadHive4UsingLegacyConversion(String)[875]" classname="org.apache.hadoop.hive.ql.io.parquet.serde.TestParquetTimestampsHive2Compatibility" time="0"/>
  <testcase name="testWriteHive4ReadHive4UsingLegacyConversion(String)[876]" classname="org.apache.hadoop.hive.ql.io.parquet.serde.TestParquetTimestampsHive2Compatibility" time="0"/>
  <testcase name="testWriteHive4ReadHive4UsingLegacyConversion(String)[877]" classname="org.apache.hadoop.hive.ql.io.parquet.serde.TestParquetTimestampsHive2Compatibility" time="0"/>
  <testcase name="testWriteHive4ReadHive4UsingLegacyConversion(String)[878]" classname="org.apache.hadoop.hive.ql.io.parquet.serde.TestParquetTimestampsHive2Compatibility" time="0.001"/>
  <testcase name="testWriteHive4ReadHive4UsingLegacyConversion(String)[879]" classname="org.apache.hadoop.hive.ql.io.parquet.serde.TestParquetTimestampsHive2Compatibility" time="0"/>
  <testcase name="testWriteHive4ReadHive4UsingLegacyConversion(String)[880]" classname="org.apache.hadoop.hive.ql.io.parquet.serde.TestParquetTimestampsHive2Compatibility" time="0"/>
  <testcase name="testWriteHive4ReadHive4UsingLegacyConversion(String)[881]" classname="org.apache.hadoop.hive.ql.io.parquet.serde.TestParquetTimestampsHive2Compatibility" time="0"/>
  <testcase name="testWriteHive4ReadHive4UsingLegacyConversion(String)[882]" classname="org.apache.hadoop.hive.ql.io.parquet.serde.TestParquetTimestampsHive2Compatibility" time="0.001"/>
  <testcase name="testWriteHive4ReadHive4UsingLegacyConversion(String)[883]" classname="org.apache.hadoop.hive.ql.io.parquet.serde.TestParquetTimestampsHive2Compatibility" time="0"/>
  <testcase name="testWriteHive4ReadHive4UsingLegacyConversion(String)[884]" classname="org.apache.hadoop.hive.ql.io.parquet.serde.TestParquetTimestampsHive2Compatibility" time="0"/>
  <testcase name="testWriteHive4ReadHive4UsingLegacyConversion(String)[885]" classname="org.apache.hadoop.hive.ql.io.parquet.serde.TestParquetTimestampsHive2Compatibility" time="0"/>
  <testcase name="testWriteHive4ReadHive4UsingLegacyConversion(String)[886]" classname="org.apache.hadoop.hive.ql.io.parquet.serde.TestParquetTimestampsHive2Compatibility" time="0.001"/>
  <testcase name="testWriteHive4ReadHive4UsingLegacyConversion(String)[887]" classname="org.apache.hadoop.hive.ql.io.parquet.serde.TestParquetTimestampsHive2Compatibility" time="0"/>
  <testcase name="testWriteHive4ReadHive4UsingLegacyConversion(String)[888]" classname="org.apache.hadoop.hive.ql.io.parquet.serde.TestParquetTimestampsHive2Compatibility" time="0"/>
  <testcase name="testWriteHive4ReadHive4UsingLegacyConversion(String)[889]" classname="org.apache.hadoop.hive.ql.io.parquet.serde.TestParquetTimestampsHive2Compatibility" time="0"/>
  <testcase name="testWriteHive4ReadHive4UsingLegacyConversion(String)[890]" classname="org.apache.hadoop.hive.ql.io.parquet.serde.TestParquetTimestampsHive2Compatibility" time="0"/>
  <testcase name="testWriteHive4ReadHive4UsingLegacyConversion(String)[891]" classname="org.apache.hadoop.hive.ql.io.parquet.serde.TestParquetTimestampsHive2Compatibility" time="0"/>
  <testcase name="testWriteHive4ReadHive4UsingLegacyConversion(String)[892]" classname="org.apache.hadoop.hive.ql.io.parquet.serde.TestParquetTimestampsHive2Compatibility" time="0"/>
  <testcase name="testWriteHive4ReadHive4UsingLegacyConversion(String)[893]" classname="org.apache.hadoop.hive.ql.io.parquet.serde.TestParquetTimestampsHive2Compatibility" time="0"/>
  <testcase name="testWriteHive4ReadHive4UsingLegacyConversion(String)[894]" classname="org.apache.hadoop.hive.ql.io.parquet.serde.TestParquetTimestampsHive2Compatibility" time="0"/>
  <testcase name="testWriteHive4ReadHive4UsingLegacyConversion(String)[895]" classname="org.apache.hadoop.hive.ql.io.parquet.serde.TestParquetTimestampsHive2Compatibility" time="0"/>
  <testcase name="testWriteHive4ReadHive4UsingLegacyConversion(String)[896]" classname="org.apache.hadoop.hive.ql.io.parquet.serde.TestParquetTimestampsHive2Compatibility" time="0"/>
  <testcase name="testWriteHive4ReadHive4UsingLegacyConversion(String)[897]" classname="org.apache.hadoop.hive.ql.io.parquet.serde.TestParquetTimestampsHive2Compatibility" time="0"/>
  <testcase name="testWriteHive4ReadHive4UsingLegacyConversion(String)[898]" classname="org.apache.hadoop.hive.ql.io.parquet.serde.TestParquetTimestampsHive2Compatibility" time="0"/>
  <testcase name="testWriteHive4ReadHive4UsingLegacyConversion(String)[899]" classname="org.apache.hadoop.hive.ql.io.parquet.serde.TestParquetTimestampsHive2Compatibility" time="0"/>
  <testcase name="testWriteHive4ReadHive4UsingLegacyConversion(String)[900]" classname="org.apache.hadoop.hive.ql.io.parquet.serde.TestParquetTimestampsHive2Compatibility" time="0"/>
  <testcase name="testWriteHive4ReadHive4UsingLegacyConversion(String)[901]" classname="org.apache.hadoop.hive.ql.io.parquet.serde.TestParquetTimestampsHive2Compatibility" time="0"/>
  <testcase name="testWriteHive4ReadHive4UsingLegacyConversion(String)[902]" classname="org.apache.hadoop.hive.ql.io.parquet.serde.TestParquetTimestampsHive2Compatibility" time="0"/>
  <testcase name="testWriteHive4ReadHive4UsingLegacyConversion(String)[903]" classname="org.apache.hadoop.hive.ql.io.parquet.serde.TestParquetTimestampsHive2Compatibility" time="0"/>
  <testcase name="testWriteHive4ReadHive4UsingLegacyConversion(String)[904]" classname="org.apache.hadoop.hive.ql.io.parquet.serde.TestParquetTimestampsHive2Compatibility" time="0"/>
  <testcase name="testWriteHive4ReadHive4UsingLegacyConversion(String)[905]" classname="org.apache.hadoop.hive.ql.io.parquet.serde.TestParquetTimestampsHive2Compatibility" time="0.001"/>
  <testcase name="testWriteHive4ReadHive4UsingLegacyConversion(String)[906]" classname="org.apache.hadoop.hive.ql.io.parquet.serde.TestParquetTimestampsHive2Compatibility" time="0"/>
  <testcase name="testWriteHive4ReadHive4UsingLegacyConversion(String)[907]" classname="org.apache.hadoop.hive.ql.io.parquet.serde.TestParquetTimestampsHive2Compatibility" time="0"/>
  <testcase name="testWriteHive4ReadHive4UsingLegacyConversion(String)[908]" classname="org.apache.hadoop.hive.ql.io.parquet.serde.TestParquetTimestampsHive2Compatibility" time="0"/>
  <testcase name="testWriteHive4ReadHive4UsingLegacyConversion(String)[909]" classname="org.apache.hadoop.hive.ql.io.parquet.serde.TestParquetTimestampsHive2Compatibility" time="0"/>
  <testcase name="testWriteHive4ReadHive4UsingLegacyConversion(String)[910]" classname="org.apache.hadoop.hive.ql.io.parquet.serde.TestParquetTimestampsHive2Compatibility" time="0"/>
  <testcase name="testWriteHive4ReadHive4UsingLegacyConversion(String)[911]" classname="org.apache.hadoop.hive.ql.io.parquet.serde.TestParquetTimestampsHive2Compatibility" time="0"/>
  <testcase name="testWriteHive4ReadHive4UsingLegacyConversion(String)[912]" classname="org.apache.hadoop.hive.ql.io.parquet.serde.TestParquetTimestampsHive2Compatibility" time="0"/>
  <testcase name="testWriteHive4ReadHive4UsingLegacyConversion(String)[913]" classname="org.apache.hadoop.hive.ql.io.parquet.serde.TestParquetTimestampsHive2Compatibility" time="0"/>
  <testcase name="testWriteHive4ReadHive4UsingLegacyConversion(String)[914]" classname="org.apache.hadoop.hive.ql.io.parquet.serde.TestParquetTimestampsHive2Compatibility" time="0"/>
  <testcase name="testWriteHive4ReadHive4UsingLegacyConversion(String)[915]" classname="org.apache.hadoop.hive.ql.io.parquet.serde.TestParquetTimestampsHive2Compatibility" time="0"/>
  <testcase name="testWriteHive4ReadHive4UsingLegacyConversion(String)[916]" classname="org.apache.hadoop.hive.ql.io.parquet.serde.TestParquetTimestampsHive2Compatibility" time="0.001"/>
  <testcase name="testWriteHive4ReadHive4UsingLegacyConversion(String)[917]" classname="org.apache.hadoop.hive.ql.io.parquet.serde.TestParquetTimestampsHive2Compatibility" time="0"/>
  <testcase name="testWriteHive4ReadHive4UsingLegacyConversion(String)[918]" classname="org.apache.hadoop.hive.ql.io.parquet.serde.TestParquetTimestampsHive2Compatibility" time="0"/>
  <testcase name="testWriteHive4ReadHive4UsingLegacyConversion(String)[919]" classname="org.apache.hadoop.hive.ql.io.parquet.serde.TestParquetTimestampsHive2Compatibility" time="0"/>
  <testcase name="testWriteHive4ReadHive4UsingLegacyConversion(String)[920]" classname="org.apache.hadoop.hive.ql.io.parquet.serde.TestParquetTimestampsHive2Compatibility" time="0"/>
  <testcase name="testWriteHive4ReadHive4UsingLegacyConversion(String)[921]" classname="org.apache.hadoop.hive.ql.io.parquet.serde.TestParquetTimestampsHive2Compatibility" time="0"/>
  <testcase name="testWriteHive4ReadHive4UsingLegacyConversion(String)[922]" classname="org.apache.hadoop.hive.ql.io.parquet.serde.TestParquetTimestampsHive2Compatibility" time="0"/>
  <testcase name="testWriteHive4ReadHive4UsingLegacyConversion(String)[923]" classname="org.apache.hadoop.hive.ql.io.parquet.serde.TestParquetTimestampsHive2Compatibility" time="0.001"/>
  <testcase name="testWriteHive4ReadHive4UsingLegacyConversion(String)[924]" classname="org.apache.hadoop.hive.ql.io.parquet.serde.TestParquetTimestampsHive2Compatibility" time="0"/>
  <testcase name="testWriteHive4ReadHive4UsingLegacyConversion(String)[925]" classname="org.apache.hadoop.hive.ql.io.parquet.serde.TestParquetTimestampsHive2Compatibility" time="0"/>
  <testcase name="testWriteHive4ReadHive4UsingLegacyConversion(String)[926]" classname="org.apache.hadoop.hive.ql.io.parquet.serde.TestParquetTimestampsHive2Compatibility" time="0"/>
  <testcase name="testWriteHive4ReadHive4UsingLegacyConversion(String)[927]" classname="org.apache.hadoop.hive.ql.io.parquet.serde.TestParquetTimestampsHive2Compatibility" time="0"/>
  <testcase name="testWriteHive4ReadHive4UsingLegacyConversion(String)[928]" classname="org.apache.hadoop.hive.ql.io.parquet.serde.TestParquetTimestampsHive2Compatibility" time="0"/>
  <testcase name="testWriteHive4ReadHive4UsingLegacyConversion(String)[929]" classname="org.apache.hadoop.hive.ql.io.parquet.serde.TestParquetTimestampsHive2Compatibility" time="0"/>
  <testcase name="testWriteHive4ReadHive4UsingLegacyConversion(String)[930]" classname="org.apache.hadoop.hive.ql.io.parquet.serde.TestParquetTimestampsHive2Compatibility" time="0.001"/>
  <testcase name="testWriteHive4ReadHive4UsingLegacyConversion(String)[931]" classname="org.apache.hadoop.hive.ql.io.parquet.serde.TestParquetTimestampsHive2Compatibility" time="0"/>
  <testcase name="testWriteHive4ReadHive4UsingLegacyConversion(String)[932]" classname="org.apache.hadoop.hive.ql.io.parquet.serde.TestParquetTimestampsHive2Compatibility" time="0"/>
  <testcase name="testWriteHive4ReadHive4UsingLegacyConversion(String)[933]" classname="org.apache.hadoop.hive.ql.io.parquet.serde.TestParquetTimestampsHive2Compatibility" time="0"/>
  <testcase name="testWriteHive4ReadHive4UsingLegacyConversion(String)[934]" classname="org.apache.hadoop.hive.ql.io.parquet.serde.TestParquetTimestampsHive2Compatibility" time="0"/>
  <testcase name="testWriteHive4ReadHive4UsingLegacyConversion(String)[935]" classname="org.apache.hadoop.hive.ql.io.parquet.serde.TestParquetTimestampsHive2Compatibility" time="0"/>
  <testcase name="testWriteHive4ReadHive4UsingLegacyConversion(String)[936]" classname="org.apache.hadoop.hive.ql.io.parquet.serde.TestParquetTimestampsHive2Compatibility" time="0"/>
  <testcase name="testWriteHive4ReadHive4UsingLegacyConversion(String)[937]" classname="org.apache.hadoop.hive.ql.io.parquet.serde.TestParquetTimestampsHive2Compatibility" time="0"/>
  <testcase name="testWriteHive4ReadHive4UsingLegacyConversion(String)[938]" classname="org.apache.hadoop.hive.ql.io.parquet.serde.TestParquetTimestampsHive2Compatibility" time="0"/>
  <testcase name="testWriteHive4ReadHive4UsingLegacyConversion(String)[939]" classname="org.apache.hadoop.hive.ql.io.parquet.serde.TestParquetTimestampsHive2Compatibility" time="0"/>
  <testcase name="testWriteHive4ReadHive4UsingLegacyConversion(String)[940]" classname="org.apache.hadoop.hive.ql.io.parquet.serde.TestParquetTimestampsHive2Compatibility" time="0.001"/>
  <testcase name="testWriteHive4ReadHive4UsingLegacyConversion(String)[941]" classname="org.apache.hadoop.hive.ql.io.parquet.serde.TestParquetTimestampsHive2Compatibility" time="0"/>
  <testcase name="testWriteHive4ReadHive4UsingLegacyConversion(String)[942]" classname="org.apache.hadoop.hive.ql.io.parquet.serde.TestParquetTimestampsHive2Compatibility" time="0"/>
  <testcase name="testWriteHive4ReadHive4UsingLegacyConversion(String)[943]" classname="org.apache.hadoop.hive.ql.io.parquet.serde.TestParquetTimestampsHive2Compatibility" time="0"/>
  <testcase name="testWriteHive4ReadHive4UsingLegacyConversion(String)[944]" classname="org.apache.hadoop.hive.ql.io.parquet.serde.TestParquetTimestampsHive2Compatibility" time="0"/>
  <testcase name="testWriteHive4ReadHive4UsingLegacyConversion(String)[945]" classname="org.apache.hadoop.hive.ql.io.parquet.serde.TestParquetTimestampsHive2Compatibility" time="0"/>
  <testcase name="testWriteHive4ReadHive4UsingLegacyConversion(String)[946]" classname="org.apache.hadoop.hive.ql.io.parquet.serde.TestParquetTimestampsHive2Compatibility" time="0"/>
  <testcase name="testWriteHive4ReadHive4UsingLegacyConversion(String)[947]" classname="org.apache.hadoop.hive.ql.io.parquet.serde.TestParquetTimestampsHive2Compatibility" time="0.001"/>
  <testcase name="testWriteHive4ReadHive4UsingLegacyConversion(String)[948]" classname="org.apache.hadoop.hive.ql.io.parquet.serde.TestParquetTimestampsHive2Compatibility" time="0"/>
  <testcase name="testWriteHive4ReadHive4UsingLegacyConversion(String)[949]" classname="org.apache.hadoop.hive.ql.io.parquet.serde.TestParquetTimestampsHive2Compatibility" time="0"/>
  <testcase name="testWriteHive4ReadHive4UsingLegacyConversion(String)[950]" classname="org.apache.hadoop.hive.ql.io.parquet.serde.TestParquetTimestampsHive2Compatibility" time="0"/>
  <testcase name="testWriteHive4ReadHive4UsingLegacyConversion(String)[951]" classname="org.apache.hadoop.hive.ql.io.parquet.serde.TestParquetTimestampsHive2Compatibility" time="0.001"/>
  <testcase name="testWriteHive4ReadHive4UsingLegacyConversion(String)[952]" classname="org.apache.hadoop.hive.ql.io.parquet.serde.TestParquetTimestampsHive2Compatibility" time="0"/>
  <testcase name="testWriteHive4ReadHive4UsingLegacyConversion(String)[953]" classname="org.apache.hadoop.hive.ql.io.parquet.serde.TestParquetTimestampsHive2Compatibility" time="0"/>
  <testcase name="testWriteHive4ReadHive4UsingLegacyConversion(String)[954]" classname="org.apache.hadoop.hive.ql.io.parquet.serde.TestParquetTimestampsHive2Compatibility" time="0"/>
  <testcase name="testWriteHive4ReadHive4UsingLegacyConversion(String)[955]" classname="org.apache.hadoop.hive.ql.io.parquet.serde.TestParquetTimestampsHive2Compatibility" time="0"/>
  <testcase name="testWriteHive4ReadHive4UsingLegacyConversion(String)[956]" classname="org.apache.hadoop.hive.ql.io.parquet.serde.TestParquetTimestampsHive2Compatibility" time="0"/>
  <testcase name="testWriteHive4ReadHive4UsingLegacyConversion(String)[957]" classname="org.apache.hadoop.hive.ql.io.parquet.serde.TestParquetTimestampsHive2Compatibility" time="0"/>
  <testcase name="testWriteHive4ReadHive4UsingLegacyConversion(String)[958]" classname="org.apache.hadoop.hive.ql.io.parquet.serde.TestParquetTimestampsHive2Compatibility" time="0"/>
  <testcase name="testWriteHive4ReadHive4UsingLegacyConversion(String)[959]" classname="org.apache.hadoop.hive.ql.io.parquet.serde.TestParquetTimestampsHive2Compatibility" time="0"/>
  <testcase name="testWriteHive4ReadHive4UsingLegacyConversion(String)[960]" classname="org.apache.hadoop.hive.ql.io.parquet.serde.TestParquetTimestampsHive2Compatibility" time="0"/>
  <testcase name="testWriteHive4ReadHive4UsingLegacyConversion(String)[961]" classname="org.apache.hadoop.hive.ql.io.parquet.serde.TestParquetTimestampsHive2Compatibility" time="0"/>
  <testcase name="testWriteHive4ReadHive4UsingLegacyConversion(String)[962]" classname="org.apache.hadoop.hive.ql.io.parquet.serde.TestParquetTimestampsHive2Compatibility" time="0"/>
  <testcase name="testWriteHive4ReadHive4UsingLegacyConversion(String)[963]" classname="org.apache.hadoop.hive.ql.io.parquet.serde.TestParquetTimestampsHive2Compatibility" time="0"/>
  <testcase name="testWriteHive4ReadHive4UsingLegacyConversion(String)[964]" classname="org.apache.hadoop.hive.ql.io.parquet.serde.TestParquetTimestampsHive2Compatibility" time="0"/>
  <testcase name="testWriteHive4ReadHive4UsingLegacyConversion(String)[965]" classname="org.apache.hadoop.hive.ql.io.parquet.serde.TestParquetTimestampsHive2Compatibility" time="0"/>
  <testcase name="testWriteHive4ReadHive4UsingLegacyConversion(String)[966]" classname="org.apache.hadoop.hive.ql.io.parquet.serde.TestParquetTimestampsHive2Compatibility" time="0"/>
  <testcase name="testWriteHive4ReadHive4UsingLegacyConversion(String)[967]" classname="org.apache.hadoop.hive.ql.io.parquet.serde.TestParquetTimestampsHive2Compatibility" time="0"/>
  <testcase name="testWriteHive4ReadHive4UsingLegacyConversion(String)[968]" classname="org.apache.hadoop.hive.ql.io.parquet.serde.TestParquetTimestampsHive2Compatibility" time="0"/>
  <testcase name="testWriteHive4ReadHive4UsingLegacyConversion(String)[969]" classname="org.apache.hadoop.hive.ql.io.parquet.serde.TestParquetTimestampsHive2Compatibility" time="0"/>
  <testcase name="testWriteHive4ReadHive4UsingLegacyConversion(String)[970]" classname="org.apache.hadoop.hive.ql.io.parquet.serde.TestParquetTimestampsHive2Compatibility" time="0"/>
  <testcase name="testWriteHive4ReadHive4UsingLegacyConversion(String)[971]" classname="org.apache.hadoop.hive.ql.io.parquet.serde.TestParquetTimestampsHive2Compatibility" time="0"/>
  <testcase name="testWriteHive4ReadHive4UsingLegacyConversion(String)[972]" classname="org.apache.hadoop.hive.ql.io.parquet.serde.TestParquetTimestampsHive2Compatibility" time="0"/>
  <testcase name="testWriteHive4ReadHive4UsingLegacyConversion(String)[973]" classname="org.apache.hadoop.hive.ql.io.parquet.serde.TestParquetTimestampsHive2Compatibility" time="0"/>
  <testcase name="testWriteHive4ReadHive4UsingLegacyConversion(String)[974]" classname="org.apache.hadoop.hive.ql.io.parquet.serde.TestParquetTimestampsHive2Compatibility" time="0.001"/>
  <testcase name="testWriteHive4ReadHive4UsingLegacyConversion(String)[975]" classname="org.apache.hadoop.hive.ql.io.parquet.serde.TestParquetTimestampsHive2Compatibility" time="0"/>
  <testcase name="testWriteHive4ReadHive4UsingLegacyConversion(String)[976]" classname="org.apache.hadoop.hive.ql.io.parquet.serde.TestParquetTimestampsHive2Compatibility" time="0"/>
  <testcase name="testWriteHive4ReadHive4UsingLegacyConversion(String)[977]" classname="org.apache.hadoop.hive.ql.io.parquet.serde.TestParquetTimestampsHive2Compatibility" time="0"/>
  <testcase name="testWriteHive4ReadHive4UsingLegacyConversion(String)[978]" classname="org.apache.hadoop.hive.ql.io.parquet.serde.TestParquetTimestampsHive2Compatibility" time="0"/>
  <testcase name="testWriteHive4ReadHive4UsingLegacyConversion(String)[979]" classname="org.apache.hadoop.hive.ql.io.parquet.serde.TestParquetTimestampsHive2Compatibility" time="0"/>
  <testcase name="testWriteHive4ReadHive4UsingLegacyConversion(String)[980]" classname="org.apache.hadoop.hive.ql.io.parquet.serde.TestParquetTimestampsHive2Compatibility" time="0"/>
  <testcase name="testWriteHive4ReadHive4UsingLegacyConversion(String)[981]" classname="org.apache.hadoop.hive.ql.io.parquet.serde.TestParquetTimestampsHive2Compatibility" time="0.001"/>
  <testcase name="testWriteHive4ReadHive4UsingLegacyConversion(String)[982]" classname="org.apache.hadoop.hive.ql.io.parquet.serde.TestParquetTimestampsHive2Compatibility" time="0"/>
  <testcase name="testWriteHive4ReadHive4UsingLegacyConversion(String)[983]" classname="org.apache.hadoop.hive.ql.io.parquet.serde.TestParquetTimestampsHive2Compatibility" time="0"/>
  <testcase name="testWriteHive4ReadHive4UsingLegacyConversion(String)[984]" classname="org.apache.hadoop.hive.ql.io.parquet.serde.TestParquetTimestampsHive2Compatibility" time="0"/>
  <testcase name="testWriteHive4ReadHive4UsingLegacyConversion(String)[985]" classname="org.apache.hadoop.hive.ql.io.parquet.serde.TestParquetTimestampsHive2Compatibility" time="0"/>
  <testcase name="testWriteHive4ReadHive4UsingLegacyConversion(String)[986]" classname="org.apache.hadoop.hive.ql.io.parquet.serde.TestParquetTimestampsHive2Compatibility" time="0"/>
  <testcase name="testWriteHive4ReadHive4UsingLegacyConversion(String)[987]" classname="org.apache.hadoop.hive.ql.io.parquet.serde.TestParquetTimestampsHive2Compatibility" time="0"/>
  <testcase name="testWriteHive4ReadHive4UsingLegacyConversion(String)[988]" classname="org.apache.hadoop.hive.ql.io.parquet.serde.TestParquetTimestampsHive2Compatibility" time="0"/>
  <testcase name="testWriteHive4ReadHive4UsingLegacyConversion(String)[989]" classname="org.apache.hadoop.hive.ql.io.parquet.serde.TestParquetTimestampsHive2Compatibility" time="0"/>
  <testcase name="testWriteHive4ReadHive4UsingLegacyConversion(String)[990]" classname="org.apache.hadoop.hive.ql.io.parquet.serde.TestParquetTimestampsHive2Compatibility" time="0"/>
  <testcase name="testWriteHive4ReadHive4UsingLegacyConversion(String)[991]" classname="org.apache.hadoop.hive.ql.io.parquet.serde.TestParquetTimestampsHive2Compatibility" time="0"/>
  <testcase name="testWriteHive4ReadHive4UsingLegacyConversion(String)[992]" classname="org.apache.hadoop.hive.ql.io.parquet.serde.TestParquetTimestampsHive2Compatibility" time="0"/>
  <testcase name="testWriteHive4ReadHive4UsingLegacyConversion(String)[993]" classname="org.apache.hadoop.hive.ql.io.parquet.serde.TestParquetTimestampsHive2Compatibility" time="0"/>
  <testcase name="testWriteHive4ReadHive4UsingLegacyConversion(String)[994]" classname="org.apache.hadoop.hive.ql.io.parquet.serde.TestParquetTimestampsHive2Compatibility" time="0"/>
  <testcase name="testWriteHive4ReadHive4UsingLegacyConversion(String)[995]" classname="org.apache.hadoop.hive.ql.io.parquet.serde.TestParquetTimestampsHive2Compatibility" time="0"/>
  <testcase name="testWriteHive4ReadHive4UsingLegacyConversion(String)[996]" classname="org.apache.hadoop.hive.ql.io.parquet.serde.TestParquetTimestampsHive2Compatibility" time="0"/>
  <testcase name="testWriteHive4ReadHive4UsingLegacyConversion(String)[997]" classname="org.apache.hadoop.hive.ql.io.parquet.serde.TestParquetTimestampsHive2Compatibility" time="0"/>
  <testcase name="testWriteHive4ReadHive4UsingLegacyConversion(String)[998]" classname="org.apache.hadoop.hive.ql.io.parquet.serde.TestParquetTimestampsHive2Compatibility" time="0"/>
  <testcase name="testWriteHive4ReadHive4UsingLegacyConversion(String)[999]" classname="org.apache.hadoop.hive.ql.io.parquet.serde.TestParquetTimestampsHive2Compatibility" time="0"/>
  <testcase name="testWriteHive4ReadHive4UsingLegacyConversion(String)[1000]" classname="org.apache.hadoop.hive.ql.io.parquet.serde.TestParquetTimestampsHive2Compatibility" time="0"/>
  <testcase name="testWriteHive4ReadHive4UsingLegacyConversion(String)[1001]" classname="org.apache.hadoop.hive.ql.io.parquet.serde.TestParquetTimestampsHive2Compatibility" time="0"/>
  <testcase name="testWriteHive4ReadHive4UsingLegacyConversion(String)[1002]" classname="org.apache.hadoop.hive.ql.io.parquet.serde.TestParquetTimestampsHive2Compatibility" time="0"/>
  <testcase name="testWriteHive4ReadHive4UsingLegacyConversion(String)[1003]" classname="org.apache.hadoop.hive.ql.io.parquet.serde.TestParquetTimestampsHive2Compatibility" time="0"/>
  <testcase name="testWriteHive4ReadHive4UsingLegacyConversion(String)[1004]" classname="org.apache.hadoop.hive.ql.io.parquet.serde.TestParquetTimestampsHive2Compatibility" time="0.001"/>
  <testcase name="testWriteHive4ReadHive4UsingLegacyConversion(String)[1005]" classname="org.apache.hadoop.hive.ql.io.parquet.serde.TestParquetTimestampsHive2Compatibility" time="0"/>
  <testcase name="testWriteHive4ReadHive4UsingLegacyConversion(String)[1006]" classname="org.apache.hadoop.hive.ql.io.parquet.serde.TestParquetTimestampsHive2Compatibility" time="0"/>
  <testcase name="testWriteHive4ReadHive4UsingLegacyConversion(String)[1007]" classname="org.apache.hadoop.hive.ql.io.parquet.serde.TestParquetTimestampsHive2Compatibility" time="0"/>
  <testcase name="testWriteHive4ReadHive4UsingLegacyConversion(String)[1008]" classname="org.apache.hadoop.hive.ql.io.parquet.serde.TestParquetTimestampsHive2Compatibility" time="0"/>
  <testcase name="testWriteHive4ReadHive4UsingLegacyConversion(String)[1009]" classname="org.apache.hadoop.hive.ql.io.parquet.serde.TestParquetTimestampsHive2Compatibility" time="0"/>
  <testcase name="testWriteHive4ReadHive4UsingLegacyConversion(String)[1010]" classname="org.apache.hadoop.hive.ql.io.parquet.serde.TestParquetTimestampsHive2Compatibility" time="0"/>
  <testcase name="testWriteHive4ReadHive4UsingLegacyConversion(String)[1011]" classname="org.apache.hadoop.hive.ql.io.parquet.serde.TestParquetTimestampsHive2Compatibility" time="0"/>
  <testcase name="testWriteHive4ReadHive4UsingLegacyConversion(String)[1012]" classname="org.apache.hadoop.hive.ql.io.parquet.serde.TestParquetTimestampsHive2Compatibility" time="0"/>
  <testcase name="testWriteHive4ReadHive4UsingLegacyConversion(String)[1013]" classname="org.apache.hadoop.hive.ql.io.parquet.serde.TestParquetTimestampsHive2Compatibility" time="0"/>
  <testcase name="testWriteHive4ReadHive4UsingLegacyConversion(String)[1014]" classname="org.apache.hadoop.hive.ql.io.parquet.serde.TestParquetTimestampsHive2Compatibility" time="0"/>
  <testcase name="testWriteHive4ReadHive4UsingLegacyConversion(String)[1015]" classname="org.apache.hadoop.hive.ql.io.parquet.serde.TestParquetTimestampsHive2Compatibility" time="0"/>
  <testcase name="testWriteHive4ReadHive4UsingLegacyConversion(String)[1016]" classname="org.apache.hadoop.hive.ql.io.parquet.serde.TestParquetTimestampsHive2Compatibility" time="0"/>
  <testcase name="testWriteHive4ReadHive4UsingLegacyConversion(String)[1017]" classname="org.apache.hadoop.hive.ql.io.parquet.serde.TestParquetTimestampsHive2Compatibility" time="0"/>
  <testcase name="testWriteHive4ReadHive4UsingLegacyConversion(String)[1018]" classname="org.apache.hadoop.hive.ql.io.parquet.serde.TestParquetTimestampsHive2Compatibility" time="0"/>
  <testcase name="testWriteHive4ReadHive4UsingLegacyConversion(String)[1019]" classname="org.apache.hadoop.hive.ql.io.parquet.serde.TestParquetTimestampsHive2Compatibility" time="0.001"/>
  <testcase name="testWriteHive4ReadHive4UsingLegacyConversion(String)[1020]" classname="org.apache.hadoop.hive.ql.io.parquet.serde.TestParquetTimestampsHive2Compatibility" time="0"/>
  <testcase name="testWriteHive4ReadHive4UsingLegacyConversion(String)[1021]" classname="org.apache.hadoop.hive.ql.io.parquet.serde.TestParquetTimestampsHive2Compatibility" time="0"/>
  <testcase name="testWriteHive4ReadHive4UsingLegacyConversion(String)[1022]" classname="org.apache.hadoop.hive.ql.io.parquet.serde.TestParquetTimestampsHive2Compatibility" time="0"/>
  <testcase name="testWriteHive4ReadHive4UsingLegacyConversion(String)[1023]" classname="org.apache.hadoop.hive.ql.io.parquet.serde.TestParquetTimestampsHive2Compatibility" time="0.001"/>
  <testcase name="testWriteHive4ReadHive4UsingLegacyConversion(String)[1024]" classname="org.apache.hadoop.hive.ql.io.parquet.serde.TestParquetTimestampsHive2Compatibility" time="0"/>
  <testcase name="testWriteHive4ReadHive4UsingLegacyConversion(String)[1025]" classname="org.apache.hadoop.hive.ql.io.parquet.serde.TestParquetTimestampsHive2Compatibility" time="0"/>
  <testcase name="testWriteHive4ReadHive4UsingLegacyConversion(String)[1026]" classname="org.apache.hadoop.hive.ql.io.parquet.serde.TestParquetTimestampsHive2Compatibility" time="0"/>
  <testcase name="testWriteHive4ReadHive4UsingLegacyConversion(String)[1027]" classname="org.apache.hadoop.hive.ql.io.parquet.serde.TestParquetTimestampsHive2Compatibility" time="0.001"/>
  <testcase name="testWriteHive4ReadHive4UsingLegacyConversion(String)[1028]" classname="org.apache.hadoop.hive.ql.io.parquet.serde.TestParquetTimestampsHive2Compatibility" time="0"/>
  <testcase name="testWriteHive4ReadHive4UsingLegacyConversion(String)[1029]" classname="org.apache.hadoop.hive.ql.io.parquet.serde.TestParquetTimestampsHive2Compatibility" time="0"/>
  <testcase name="testWriteHive4ReadHive4UsingLegacyConversion(String)[1030]" classname="org.apache.hadoop.hive.ql.io.parquet.serde.TestParquetTimestampsHive2Compatibility" time="0"/>
  <testcase name="testWriteHive4ReadHive4UsingLegacyConversion(String)[1031]" classname="org.apache.hadoop.hive.ql.io.parquet.serde.TestParquetTimestampsHive2Compatibility" time="0.001"/>
  <testcase name="testWriteHive4ReadHive4UsingLegacyConversion(String)[1032]" classname="org.apache.hadoop.hive.ql.io.parquet.serde.TestParquetTimestampsHive2Compatibility" time="0"/>
  <testcase name="testWriteHive4ReadHive4UsingLegacyConversion(String)[1033]" classname="org.apache.hadoop.hive.ql.io.parquet.serde.TestParquetTimestampsHive2Compatibility" time="0"/>
  <testcase name="testWriteHive4ReadHive4UsingLegacyConversion(String)[1034]" classname="org.apache.hadoop.hive.ql.io.parquet.serde.TestParquetTimestampsHive2Compatibility" time="0"/>
  <testcase name="testWriteHive4ReadHive4UsingLegacyConversion(String)[1035]" classname="org.apache.hadoop.hive.ql.io.parquet.serde.TestParquetTimestampsHive2Compatibility" time="0.001"/>
  <testcase name="testWriteHive4ReadHive4UsingLegacyConversion(String)[1036]" classname="org.apache.hadoop.hive.ql.io.parquet.serde.TestParquetTimestampsHive2Compatibility" time="0"/>
  <testcase name="testWriteHive4ReadHive4UsingLegacyConversion(String)[1037]" classname="org.apache.hadoop.hive.ql.io.parquet.serde.TestParquetTimestampsHive2Compatibility" time="0"/>
  <testcase name="testWriteHive4ReadHive4UsingLegacyConversion(String)[1038]" classname="org.apache.hadoop.hive.ql.io.parquet.serde.TestParquetTimestampsHive2Compatibility" time="0"/>
  <testcase name="testWriteHive4ReadHive4UsingLegacyConversion(String)[1039]" classname="org.apache.hadoop.hive.ql.io.parquet.serde.TestParquetTimestampsHive2Compatibility" time="0.001"/>
  <testcase name="testWriteHive4ReadHive4UsingLegacyConversion(String)[1040]" classname="org.apache.hadoop.hive.ql.io.parquet.serde.TestParquetTimestampsHive2Compatibility" time="0"/>
  <testcase name="testWriteHive4ReadHive4UsingLegacyConversion(String)[1041]" classname="org.apache.hadoop.hive.ql.io.parquet.serde.TestParquetTimestampsHive2Compatibility" time="0"/>
  <testcase name="testWriteHive4ReadHive4UsingLegacyConversion(String)[1042]" classname="org.apache.hadoop.hive.ql.io.parquet.serde.TestParquetTimestampsHive2Compatibility" time="0"/>
  <testcase name="testWriteHive4ReadHive4UsingLegacyConversion(String)[1043]" classname="org.apache.hadoop.hive.ql.io.parquet.serde.TestParquetTimestampsHive2Compatibility" time="0.001"/>
  <testcase name="testWriteHive4ReadHive4UsingLegacyConversion(String)[1044]" classname="org.apache.hadoop.hive.ql.io.parquet.serde.TestParquetTimestampsHive2Compatibility" time="0"/>
  <testcase name="testWriteHive4ReadHive4UsingLegacyConversion(String)[1045]" classname="org.apache.hadoop.hive.ql.io.parquet.serde.TestParquetTimestampsHive2Compatibility" time="0"/>
  <testcase name="testWriteHive4ReadHive4UsingLegacyConversion(String)[1046]" classname="org.apache.hadoop.hive.ql.io.parquet.serde.TestParquetTimestampsHive2Compatibility" time="0"/>
  <testcase name="testWriteHive4ReadHive4UsingLegacyConversion(String)[1047]" classname="org.apache.hadoop.hive.ql.io.parquet.serde.TestParquetTimestampsHive2Compatibility" time="0"/>
  <testcase name="testWriteHive4ReadHive4UsingLegacyConversion(String)[1048]" classname="org.apache.hadoop.hive.ql.io.parquet.serde.TestParquetTimestampsHive2Compatibility" time="0"/>
  <testcase name="testWriteHive4ReadHive4UsingLegacyConversion(String)[1049]" classname="org.apache.hadoop.hive.ql.io.parquet.serde.TestParquetTimestampsHive2Compatibility" time="0"/>
  <testcase name="testWriteHive4ReadHive4UsingLegacyConversion(String)[1050]" classname="org.apache.hadoop.hive.ql.io.parquet.serde.TestParquetTimestampsHive2Compatibility" time="0"/>
  <testcase name="testWriteHive4ReadHive4UsingLegacyConversion(String)[1051]" classname="org.apache.hadoop.hive.ql.io.parquet.serde.TestParquetTimestampsHive2Compatibility" time="0.001"/>
  <testcase name="testWriteHive4ReadHive4UsingLegacyConversion(String)[1052]" classname="org.apache.hadoop.hive.ql.io.parquet.serde.TestParquetTimestampsHive2Compatibility" time="0"/>
  <testcase name="testWriteHive4ReadHive4UsingLegacyConversion(String)[1053]" classname="org.apache.hadoop.hive.ql.io.parquet.serde.TestParquetTimestampsHive2Compatibility" time="0"/>
  <testcase name="testWriteHive4ReadHive4UsingLegacyConversion(String)[1054]" classname="org.apache.hadoop.hive.ql.io.parquet.serde.TestParquetTimestampsHive2Compatibility" time="0"/>
  <testcase name="testWriteHive4ReadHive4UsingLegacyConversion(String)[1055]" classname="org.apache.hadoop.hive.ql.io.parquet.serde.TestParquetTimestampsHive2Compatibility" time="0.001"/>
  <testcase name="testWriteHive4ReadHive4UsingLegacyConversion(String)[1056]" classname="org.apache.hadoop.hive.ql.io.parquet.serde.TestParquetTimestampsHive2Compatibility" time="0"/>
  <testcase name="testWriteHive4ReadHive4UsingLegacyConversion(String)[1057]" classname="org.apache.hadoop.hive.ql.io.parquet.serde.TestParquetTimestampsHive2Compatibility" time="0"/>
  <testcase name="testWriteHive4ReadHive4UsingLegacyConversion(String)[1058]" classname="org.apache.hadoop.hive.ql.io.parquet.serde.TestParquetTimestampsHive2Compatibility" time="0"/>
  <testcase name="testWriteHive4ReadHive4UsingLegacyConversion(String)[1059]" classname="org.apache.hadoop.hive.ql.io.parquet.serde.TestParquetTimestampsHive2Compatibility" time="0.001"/>
  <testcase name="testWriteHive4ReadHive4UsingLegacyConversion(String)[1060]" classname="org.apache.hadoop.hive.ql.io.parquet.serde.TestParquetTimestampsHive2Compatibility" time="0"/>
  <testcase name="testWriteHive4ReadHive4UsingLegacyConversion(String)[1061]" classname="org.apache.hadoop.hive.ql.io.parquet.serde.TestParquetTimestampsHive2Compatibility" time="0"/>
  <testcase name="testWriteHive4ReadHive4UsingLegacyConversion(String)[1062]" classname="org.apache.hadoop.hive.ql.io.parquet.serde.TestParquetTimestampsHive2Compatibility" time="0"/>
  <testcase name="testWriteHive4ReadHive4UsingLegacyConversion(String)[1063]" classname="org.apache.hadoop.hive.ql.io.parquet.serde.TestParquetTimestampsHive2Compatibility" time="0"/>
  <testcase name="testWriteHive4ReadHive4UsingLegacyConversion(String)[1064]" classname="org.apache.hadoop.hive.ql.io.parquet.serde.TestParquetTimestampsHive2Compatibility" time="0"/>
  <testcase name="testWriteHive4ReadHive4UsingLegacyConversion(String)[1065]" classname="org.apache.hadoop.hive.ql.io.parquet.serde.TestParquetTimestampsHive2Compatibility" time="0"/>
  <testcase name="testWriteHive4ReadHive4UsingLegacyConversion(String)[1066]" classname="org.apache.hadoop.hive.ql.io.parquet.serde.TestParquetTimestampsHive2Compatibility" time="0"/>
  <testcase name="testWriteHive4ReadHive4UsingLegacyConversion(String)[1067]" classname="org.apache.hadoop.hive.ql.io.parquet.serde.TestParquetTimestampsHive2Compatibility" time="0"/>
  <testcase name="testWriteHive4ReadHive4UsingLegacyConversion(String)[1068]" classname="org.apache.hadoop.hive.ql.io.parquet.serde.TestParquetTimestampsHive2Compatibility" time="0"/>
  <testcase name="testWriteHive4ReadHive4UsingLegacyConversion(String)[1069]" classname="org.apache.hadoop.hive.ql.io.parquet.serde.TestParquetTimestampsHive2Compatibility" time="0"/>
  <testcase name="testWriteHive4ReadHive4UsingLegacyConversion(String)[1070]" classname="org.apache.hadoop.hive.ql.io.parquet.serde.TestParquetTimestampsHive2Compatibility" time="0.001"/>
  <testcase name="testWriteHive4ReadHive4UsingLegacyConversion(String)[1071]" classname="org.apache.hadoop.hive.ql.io.parquet.serde.TestParquetTimestampsHive2Compatibility" time="0"/>
  <testcase name="testWriteHive4ReadHive4UsingLegacyConversion(String)[1072]" classname="org.apache.hadoop.hive.ql.io.parquet.serde.TestParquetTimestampsHive2Compatibility" time="0"/>
  <testcase name="testWriteHive4ReadHive4UsingLegacyConversion(String)[1073]" classname="org.apache.hadoop.hive.ql.io.parquet.serde.TestParquetTimestampsHive2Compatibility" time="0"/>
  <testcase name="testWriteHive4ReadHive4UsingLegacyConversion(String)[1074]" classname="org.apache.hadoop.hive.ql.io.parquet.serde.TestParquetTimestampsHive2Compatibility" time="0.001"/>
  <testcase name="testWriteHive4ReadHive4UsingLegacyConversion(String)[1075]" classname="org.apache.hadoop.hive.ql.io.parquet.serde.TestParquetTimestampsHive2Compatibility" time="0"/>
  <testcase name="testWriteHive4ReadHive4UsingLegacyConversion(String)[1076]" classname="org.apache.hadoop.hive.ql.io.parquet.serde.TestParquetTimestampsHive2Compatibility" time="0"/>
  <testcase name="testWriteHive4ReadHive4UsingLegacyConversion(String)[1077]" classname="org.apache.hadoop.hive.ql.io.parquet.serde.TestParquetTimestampsHive2Compatibility" time="0"/>
  <testcase name="testWriteHive4ReadHive4UsingLegacyConversion(String)[1078]" classname="org.apache.hadoop.hive.ql.io.parquet.serde.TestParquetTimestampsHive2Compatibility" time="0.001"/>
  <testcase name="testWriteHive4ReadHive4UsingLegacyConversion(String)[1079]" classname="org.apache.hadoop.hive.ql.io.parquet.serde.TestParquetTimestampsHive2Compatibility" time="0"/>
  <testcase name="testWriteHive4ReadHive4UsingLegacyConversion(String)[1080]" classname="org.apache.hadoop.hive.ql.io.parquet.serde.TestParquetTimestampsHive2Compatibility" time="0"/>
  <testcase name="testWriteHive4ReadHive4UsingLegacyConversion(String)[1081]" classname="org.apache.hadoop.hive.ql.io.parquet.serde.TestParquetTimestampsHive2Compatibility" time="0"/>
  <testcase name="testWriteHive4ReadHive4UsingLegacyConversion(String)[1082]" classname="org.apache.hadoop.hive.ql.io.parquet.serde.TestParquetTimestampsHive2Compatibility" time="0.001"/>
  <testcase name="testWriteHive4ReadHive4UsingLegacyConversion(String)[1083]" classname="org.apache.hadoop.hive.ql.io.parquet.serde.TestParquetTimestampsHive2Compatibility" time="0"/>
  <testcase name="testWriteHive4ReadHive4UsingLegacyConversion(String)[1084]" classname="org.apache.hadoop.hive.ql.io.parquet.serde.TestParquetTimestampsHive2Compatibility" time="0"/>
  <testcase name="testWriteHive4ReadHive4UsingLegacyConversion(String)[1085]" classname="org.apache.hadoop.hive.ql.io.parquet.serde.TestParquetTimestampsHive2Compatibility" time="0"/>
  <testcase name="testWriteHive4ReadHive4UsingLegacyConversion(String)[1086]" classname="org.apache.hadoop.hive.ql.io.parquet.serde.TestParquetTimestampsHive2Compatibility" time="0.001"/>
  <testcase name="testWriteHive4ReadHive4UsingLegacyConversion(String)[1087]" classname="org.apache.hadoop.hive.ql.io.parquet.serde.TestParquetTimestampsHive2Compatibility" time="0"/>
  <testcase name="testWriteHive4ReadHive4UsingLegacyConversion(String)[1088]" classname="org.apache.hadoop.hive.ql.io.parquet.serde.TestParquetTimestampsHive2Compatibility" time="0"/>
  <testcase name="testWriteHive4ReadHive4UsingLegacyConversion(String)[1089]" classname="org.apache.hadoop.hive.ql.io.parquet.serde.TestParquetTimestampsHive2Compatibility" time="0"/>
  <testcase name="testWriteHive4ReadHive4UsingLegacyConversion(String)[1090]" classname="org.apache.hadoop.hive.ql.io.parquet.serde.TestParquetTimestampsHive2Compatibility" time="0.001"/>
  <testcase name="testWriteHive4ReadHive4UsingLegacyConversion(String)[1091]" classname="org.apache.hadoop.hive.ql.io.parquet.serde.TestParquetTimestampsHive2Compatibility" time="0"/>
  <testcase name="testWriteHive4ReadHive4UsingLegacyConversion(String)[1092]" classname="org.apache.hadoop.hive.ql.io.parquet.serde.TestParquetTimestampsHive2Compatibility" time="0"/>
  <testcase name="testWriteHive4ReadHive4UsingLegacyConversion(String)[1093]" classname="org.apache.hadoop.hive.ql.io.parquet.serde.TestParquetTimestampsHive2Compatibility" time="0"/>
  <testcase name="testWriteHive4ReadHive4UsingLegacyConversion(String)[1094]" classname="org.apache.hadoop.hive.ql.io.parquet.serde.TestParquetTimestampsHive2Compatibility" time="0"/>
  <testcase name="testWriteHive4ReadHive4UsingLegacyConversion(String)[1095]" classname="org.apache.hadoop.hive.ql.io.parquet.serde.TestParquetTimestampsHive2Compatibility" time="0"/>
  <testcase name="testWriteHive4ReadHive4UsingLegacyConversion(String)[1096]" classname="org.apache.hadoop.hive.ql.io.parquet.serde.TestParquetTimestampsHive2Compatibility" time="0"/>
  <testcase name="testWriteHive4ReadHive4UsingLegacyConversion(String)[1097]" classname="org.apache.hadoop.hive.ql.io.parquet.serde.TestParquetTimestampsHive2Compatibility" time="0"/>
  <testcase name="testWriteHive4ReadHive4UsingLegacyConversion(String)[1098]" classname="org.apache.hadoop.hive.ql.io.parquet.serde.TestParquetTimestampsHive2Compatibility" time="0"/>
  <testcase name="testWriteHive4ReadHive4UsingLegacyConversion(String)[1099]" classname="org.apache.hadoop.hive.ql.io.parquet.serde.TestParquetTimestampsHive2Compatibility" time="0"/>
  <testcase name="testWriteHive4ReadHive4UsingLegacyConversion(String)[1100]" classname="org.apache.hadoop.hive.ql.io.parquet.serde.TestParquetTimestampsHive2Compatibility" time="0"/>
  <testcase name="testWriteHive4ReadHive4UsingLegacyConversion(String)[1101]" classname="org.apache.hadoop.hive.ql.io.parquet.serde.TestParquetTimestampsHive2Compatibility" time="0"/>
  <testcase name="testWriteHive4ReadHive4UsingLegacyConversion(String)[1102]" classname="org.apache.hadoop.hive.ql.io.parquet.serde.TestParquetTimestampsHive2Compatibility" time="0"/>
  <testcase name="testWriteHive4ReadHive4UsingLegacyConversion(String)[1103]" classname="org.apache.hadoop.hive.ql.io.parquet.serde.TestParquetTimestampsHive2Compatibility" time="0"/>
  <testcase name="testWriteHive4ReadHive4UsingLegacyConversion(String)[1104]" classname="org.apache.hadoop.hive.ql.io.parquet.serde.TestParquetTimestampsHive2Compatibility" time="0"/>
  <testcase name="testWriteHive4ReadHive4UsingLegacyConversion(String)[1105]" classname="org.apache.hadoop.hive.ql.io.parquet.serde.TestParquetTimestampsHive2Compatibility" time="0"/>
  <testcase name="testWriteHive4ReadHive4UsingLegacyConversion(String)[1106]" classname="org.apache.hadoop.hive.ql.io.parquet.serde.TestParquetTimestampsHive2Compatibility" time="0"/>
  <testcase name="testWriteHive4ReadHive4UsingLegacyConversion(String)[1107]" classname="org.apache.hadoop.hive.ql.io.parquet.serde.TestParquetTimestampsHive2Compatibility" time="0"/>
  <testcase name="testWriteHive4ReadHive4UsingLegacyConversion(String)[1108]" classname="org.apache.hadoop.hive.ql.io.parquet.serde.TestParquetTimestampsHive2Compatibility" time="0"/>
  <testcase name="testWriteHive4ReadHive4UsingLegacyConversion(String)[1109]" classname="org.apache.hadoop.hive.ql.io.parquet.serde.TestParquetTimestampsHive2Compatibility" time="0"/>
  <testcase name="testWriteHive4ReadHive4UsingLegacyConversion(String)[1110]" classname="org.apache.hadoop.hive.ql.io.parquet.serde.TestParquetTimestampsHive2Compatibility" time="0"/>
  <testcase name="testWriteHive4ReadHive4UsingLegacyConversion(String)[1111]" classname="org.apache.hadoop.hive.ql.io.parquet.serde.TestParquetTimestampsHive2Compatibility" time="0"/>
  <testcase name="testWriteHive4ReadHive4UsingLegacyConversion(String)[1112]" classname="org.apache.hadoop.hive.ql.io.parquet.serde.TestParquetTimestampsHive2Compatibility" time="0"/>
  <testcase name="testWriteHive4ReadHive4UsingLegacyConversion(String)[1113]" classname="org.apache.hadoop.hive.ql.io.parquet.serde.TestParquetTimestampsHive2Compatibility" time="0"/>
  <testcase name="testWriteHive4ReadHive4UsingLegacyConversion(String)[1114]" classname="org.apache.hadoop.hive.ql.io.parquet.serde.TestParquetTimestampsHive2Compatibility" time="0"/>
  <testcase name="testWriteHive4ReadHive4UsingLegacyConversion(String)[1115]" classname="org.apache.hadoop.hive.ql.io.parquet.serde.TestParquetTimestampsHive2Compatibility" time="0"/>
  <testcase name="testWriteHive4ReadHive4UsingLegacyConversion(String)[1116]" classname="org.apache.hadoop.hive.ql.io.parquet.serde.TestParquetTimestampsHive2Compatibility" time="0"/>
  <testcase name="testWriteHive4ReadHive4UsingLegacyConversion(String)[1117]" classname="org.apache.hadoop.hive.ql.io.parquet.serde.TestParquetTimestampsHive2Compatibility" time="0.001"/>
  <testcase name="testWriteHive4ReadHive4UsingLegacyConversion(String)[1118]" classname="org.apache.hadoop.hive.ql.io.parquet.serde.TestParquetTimestampsHive2Compatibility" time="0"/>
  <testcase name="testWriteHive4ReadHive4UsingLegacyConversion(String)[1119]" classname="org.apache.hadoop.hive.ql.io.parquet.serde.TestParquetTimestampsHive2Compatibility" time="0"/>
  <testcase name="testWriteHive4ReadHive4UsingLegacyConversion(String)[1120]" classname="org.apache.hadoop.hive.ql.io.parquet.serde.TestParquetTimestampsHive2Compatibility" time="0"/>
  <testcase name="testWriteHive4ReadHive4UsingLegacyConversion(String)[1121]" classname="org.apache.hadoop.hive.ql.io.parquet.serde.TestParquetTimestampsHive2Compatibility" time="0"/>
  <testcase name="testWriteHive4ReadHive4UsingLegacyConversion(String)[1122]" classname="org.apache.hadoop.hive.ql.io.parquet.serde.TestParquetTimestampsHive2Compatibility" time="0"/>
  <testcase name="testWriteHive4ReadHive4UsingLegacyConversion(String)[1123]" classname="org.apache.hadoop.hive.ql.io.parquet.serde.TestParquetTimestampsHive2Compatibility" time="0"/>
  <testcase name="testWriteHive4ReadHive4UsingLegacyConversion(String)[1124]" classname="org.apache.hadoop.hive.ql.io.parquet.serde.TestParquetTimestampsHive2Compatibility" time="0"/>
  <testcase name="testWriteHive4ReadHive4UsingLegacyConversion(String)[1125]" classname="org.apache.hadoop.hive.ql.io.parquet.serde.TestParquetTimestampsHive2Compatibility" time="0"/>
  <testcase name="testWriteHive4ReadHive4UsingLegacyConversion(String)[1126]" classname="org.apache.hadoop.hive.ql.io.parquet.serde.TestParquetTimestampsHive2Compatibility" time="0"/>
  <testcase name="testWriteHive4ReadHive4UsingLegacyConversion(String)[1127]" classname="org.apache.hadoop.hive.ql.io.parquet.serde.TestParquetTimestampsHive2Compatibility" time="0"/>
  <testcase name="testWriteHive4ReadHive4UsingLegacyConversion(String)[1128]" classname="org.apache.hadoop.hive.ql.io.parquet.serde.TestParquetTimestampsHive2Compatibility" time="0"/>
  <testcase name="testWriteHive4ReadHive4UsingLegacyConversion(String)[1129]" classname="org.apache.hadoop.hive.ql.io.parquet.serde.TestParquetTimestampsHive2Compatibility" time="0"/>
  <testcase name="testWriteHive4ReadHive4UsingLegacyConversion(String)[1130]" classname="org.apache.hadoop.hive.ql.io.parquet.serde.TestParquetTimestampsHive2Compatibility" time="0"/>
  <testcase name="testWriteHive4ReadHive4UsingLegacyConversion(String)[1131]" classname="org.apache.hadoop.hive.ql.io.parquet.serde.TestParquetTimestampsHive2Compatibility" time="0"/>
  <testcase name="testWriteHive4ReadHive4UsingLegacyConversion(String)[1132]" classname="org.apache.hadoop.hive.ql.io.parquet.serde.TestParquetTimestampsHive2Compatibility" time="0"/>
  <testcase name="testWriteHive4ReadHive4UsingLegacyConversion(String)[1133]" classname="org.apache.hadoop.hive.ql.io.parquet.serde.TestParquetTimestampsHive2Compatibility" time="0"/>
  <testcase name="testWriteHive4ReadHive4UsingLegacyConversion(String)[1134]" classname="org.apache.hadoop.hive.ql.io.parquet.serde.TestParquetTimestampsHive2Compatibility" time="0"/>
  <testcase name="testWriteHive4ReadHive4UsingLegacyConversion(String)[1135]" classname="org.apache.hadoop.hive.ql.io.parquet.serde.TestParquetTimestampsHive2Compatibility" time="0"/>
  <testcase name="testWriteHive4ReadHive4UsingLegacyConversion(String)[1136]" classname="org.apache.hadoop.hive.ql.io.parquet.serde.TestParquetTimestampsHive2Compatibility" time="0.001"/>
  <testcase name="testWriteHive4ReadHive4UsingLegacyConversion(String)[1137]" classname="org.apache.hadoop.hive.ql.io.parquet.serde.TestParquetTimestampsHive2Compatibility" time="0"/>
  <testcase name="testWriteHive4ReadHive4UsingLegacyConversion(String)[1138]" classname="org.apache.hadoop.hive.ql.io.parquet.serde.TestParquetTimestampsHive2Compatibility" time="0"/>
  <testcase name="testWriteHive4ReadHive4UsingLegacyConversion(String)[1139]" classname="org.apache.hadoop.hive.ql.io.parquet.serde.TestParquetTimestampsHive2Compatibility" time="0"/>
  <testcase name="testWriteHive4ReadHive4UsingLegacyConversion(String)[1140]" classname="org.apache.hadoop.hive.ql.io.parquet.serde.TestParquetTimestampsHive2Compatibility" time="0.001"/>
  <testcase name="testWriteHive4ReadHive4UsingLegacyConversion(String)[1141]" classname="org.apache.hadoop.hive.ql.io.parquet.serde.TestParquetTimestampsHive2Compatibility" time="0"/>
  <testcase name="testWriteHive4ReadHive4UsingLegacyConversion(String)[1142]" classname="org.apache.hadoop.hive.ql.io.parquet.serde.TestParquetTimestampsHive2Compatibility" time="0"/>
  <testcase name="testWriteHive4ReadHive4UsingLegacyConversion(String)[1143]" classname="org.apache.hadoop.hive.ql.io.parquet.serde.TestParquetTimestampsHive2Compatibility" time="0"/>
  <testcase name="testWriteHive4ReadHive4UsingLegacyConversion(String)[1144]" classname="org.apache.hadoop.hive.ql.io.parquet.serde.TestParquetTimestampsHive2Compatibility" time="0"/>
  <testcase name="testWriteHive4ReadHive4UsingLegacyConversion(String)[1145]" classname="org.apache.hadoop.hive.ql.io.parquet.serde.TestParquetTimestampsHive2Compatibility" time="0"/>
  <testcase name="testWriteHive4ReadHive4UsingLegacyConversion(String)[1146]" classname="org.apache.hadoop.hive.ql.io.parquet.serde.TestParquetTimestampsHive2Compatibility" time="0"/>
  <testcase name="testWriteHive4ReadHive4UsingLegacyConversion(String)[1147]" classname="org.apache.hadoop.hive.ql.io.parquet.serde.TestParquetTimestampsHive2Compatibility" time="0"/>
  <testcase name="testWriteHive4ReadHive4UsingLegacyConversion(String)[1148]" classname="org.apache.hadoop.hive.ql.io.parquet.serde.TestParquetTimestampsHive2Compatibility" time="0"/>
  <testcase name="testWriteHive4ReadHive4UsingLegacyConversion(String)[1149]" classname="org.apache.hadoop.hive.ql.io.parquet.serde.TestParquetTimestampsHive2Compatibility" time="0"/>
  <testcase name="testWriteHive4ReadHive4UsingLegacyConversion(String)[1150]" classname="org.apache.hadoop.hive.ql.io.parquet.serde.TestParquetTimestampsHive2Compatibility" time="0"/>
  <testcase name="testWriteHive4ReadHive4UsingLegacyConversion(String)[1151]" classname="org.apache.hadoop.hive.ql.io.parquet.serde.TestParquetTimestampsHive2Compatibility" time="0"/>
  <testcase name="testWriteHive4ReadHive4UsingLegacyConversion(String)[1152]" classname="org.apache.hadoop.hive.ql.io.parquet.serde.TestParquetTimestampsHive2Compatibility" time="0"/>
  <testcase name="testWriteHive4ReadHive4UsingLegacyConversion(String)[1153]" classname="org.apache.hadoop.hive.ql.io.parquet.serde.TestParquetTimestampsHive2Compatibility" time="0"/>
  <testcase name="testWriteHive4ReadHive4UsingLegacyConversion(String)[1154]" classname="org.apache.hadoop.hive.ql.io.parquet.serde.TestParquetTimestampsHive2Compatibility" time="0"/>
  <testcase name="testWriteHive4ReadHive4UsingLegacyConversion(String)[1155]" classname="org.apache.hadoop.hive.ql.io.parquet.serde.TestParquetTimestampsHive2Compatibility" time="0.001"/>
  <testcase name="testWriteHive4ReadHive4UsingLegacyConversion(String)[1156]" classname="org.apache.hadoop.hive.ql.io.parquet.serde.TestParquetTimestampsHive2Compatibility" time="0"/>
  <testcase name="testWriteHive4ReadHive4UsingLegacyConversion(String)[1157]" classname="org.apache.hadoop.hive.ql.io.parquet.serde.TestParquetTimestampsHive2Compatibility" time="0"/>
  <testcase name="testWriteHive4ReadHive4UsingLegacyConversion(String)[1158]" classname="org.apache.hadoop.hive.ql.io.parquet.serde.TestParquetTimestampsHive2Compatibility" time="0"/>
  <testcase name="testWriteHive4ReadHive4UsingLegacyConversion(String)[1159]" classname="org.apache.hadoop.hive.ql.io.parquet.serde.TestParquetTimestampsHive2Compatibility" time="0.001"/>
  <testcase name="testWriteHive4ReadHive4UsingLegacyConversion(String)[1160]" classname="org.apache.hadoop.hive.ql.io.parquet.serde.TestParquetTimestampsHive2Compatibility" time="0"/>
  <testcase name="testWriteHive4ReadHive4UsingLegacyConversion(String)[1161]" classname="org.apache.hadoop.hive.ql.io.parquet.serde.TestParquetTimestampsHive2Compatibility" time="0"/>
  <testcase name="testWriteHive4ReadHive4UsingLegacyConversion(String)[1162]" classname="org.apache.hadoop.hive.ql.io.parquet.serde.TestParquetTimestampsHive2Compatibility" time="0"/>
  <testcase name="testWriteHive4ReadHive4UsingLegacyConversion(String)[1163]" classname="org.apache.hadoop.hive.ql.io.parquet.serde.TestParquetTimestampsHive2Compatibility" time="0"/>
  <testcase name="testWriteHive4ReadHive4UsingLegacyConversion(String)[1164]" classname="org.apache.hadoop.hive.ql.io.parquet.serde.TestParquetTimestampsHive2Compatibility" time="0"/>
  <testcase name="testWriteHive4ReadHive4UsingLegacyConversion(String)[1165]" classname="org.apache.hadoop.hive.ql.io.parquet.serde.TestParquetTimestampsHive2Compatibility" time="0"/>
  <testcase name="testWriteHive4ReadHive4UsingLegacyConversion(String)[1166]" classname="org.apache.hadoop.hive.ql.io.parquet.serde.TestParquetTimestampsHive2Compatibility" time="0.001"/>
  <testcase name="testWriteHive4ReadHive4UsingLegacyConversion(String)[1167]" classname="org.apache.hadoop.hive.ql.io.parquet.serde.TestParquetTimestampsHive2Compatibility" time="0"/>
  <testcase name="testWriteHive4ReadHive4UsingLegacyConversion(String)[1168]" classname="org.apache.hadoop.hive.ql.io.parquet.serde.TestParquetTimestampsHive2Compatibility" time="0"/>
  <testcase name="testWriteHive4ReadHive4UsingLegacyConversion(String)[1169]" classname="org.apache.hadoop.hive.ql.io.parquet.serde.TestParquetTimestampsHive2Compatibility" time="0"/>
  <testcase name="testWriteHive4ReadHive4UsingLegacyConversion(String)[1170]" classname="org.apache.hadoop.hive.ql.io.parquet.serde.TestParquetTimestampsHive2Compatibility" time="0.001"/>
  <testcase name="testWriteHive4ReadHive4UsingLegacyConversion(String)[1171]" classname="org.apache.hadoop.hive.ql.io.parquet.serde.TestParquetTimestampsHive2Compatibility" time="0"/>
  <testcase name="testWriteHive4ReadHive4UsingLegacyConversion(String)[1172]" classname="org.apache.hadoop.hive.ql.io.parquet.serde.TestParquetTimestampsHive2Compatibility" time="0"/>
  <testcase name="testWriteHive4ReadHive4UsingLegacyConversion(String)[1173]" classname="org.apache.hadoop.hive.ql.io.parquet.serde.TestParquetTimestampsHive2Compatibility" time="0"/>
  <testcase name="testWriteHive4ReadHive4UsingLegacyConversion(String)[1174]" classname="org.apache.hadoop.hive.ql.io.parquet.serde.TestParquetTimestampsHive2Compatibility" time="0"/>
  <testcase name="testWriteHive4ReadHive4UsingLegacyConversion(String)[1175]" classname="org.apache.hadoop.hive.ql.io.parquet.serde.TestParquetTimestampsHive2Compatibility" time="0"/>
  <testcase name="testWriteHive4ReadHive4UsingLegacyConversion(String)[1176]" classname="org.apache.hadoop.hive.ql.io.parquet.serde.TestParquetTimestampsHive2Compatibility" time="0"/>
  <testcase name="testWriteHive4ReadHive4UsingLegacyConversion(String)[1177]" classname="org.apache.hadoop.hive.ql.io.parquet.serde.TestParquetTimestampsHive2Compatibility" time="0"/>
  <testcase name="testWriteHive4ReadHive4UsingLegacyConversion(String)[1178]" classname="org.apache.hadoop.hive.ql.io.parquet.serde.TestParquetTimestampsHive2Compatibility" time="0.001"/>
  <testcase name="testWriteHive4ReadHive4UsingLegacyConversion(String)[1179]" classname="org.apache.hadoop.hive.ql.io.parquet.serde.TestParquetTimestampsHive2Compatibility" time="0"/>
  <testcase name="testWriteHive4ReadHive4UsingLegacyConversion(String)[1180]" classname="org.apache.hadoop.hive.ql.io.parquet.serde.TestParquetTimestampsHive2Compatibility" time="0"/>
  <testcase name="testWriteHive4ReadHive4UsingLegacyConversion(String)[1181]" classname="org.apache.hadoop.hive.ql.io.parquet.serde.TestParquetTimestampsHive2Compatibility" time="0"/>
  <testcase name="testWriteHive4ReadHive4UsingLegacyConversion(String)[1182]" classname="org.apache.hadoop.hive.ql.io.parquet.serde.TestParquetTimestampsHive2Compatibility" time="0.001"/>
  <testcase name="testWriteHive4ReadHive4UsingLegacyConversion(String)[1183]" classname="org.apache.hadoop.hive.ql.io.parquet.serde.TestParquetTimestampsHive2Compatibility" time="0"/>
  <testcase name="testWriteHive4ReadHive4UsingLegacyConversion(String)[1184]" classname="org.apache.hadoop.hive.ql.io.parquet.serde.TestParquetTimestampsHive2Compatibility" time="0"/>
  <testcase name="testWriteHive4ReadHive4UsingLegacyConversion(String)[1185]" classname="org.apache.hadoop.hive.ql.io.parquet.serde.TestParquetTimestampsHive2Compatibility" time="0"/>
  <testcase name="testWriteHive4ReadHive4UsingLegacyConversion(String)[1186]" classname="org.apache.hadoop.hive.ql.io.parquet.serde.TestParquetTimestampsHive2Compatibility" time="0.001"/>
  <testcase name="testWriteHive4ReadHive4UsingLegacyConversion(String)[1187]" classname="org.apache.hadoop.hive.ql.io.parquet.serde.TestParquetTimestampsHive2Compatibility" time="0"/>
  <testcase name="testWriteHive4ReadHive4UsingLegacyConversion(String)[1188]" classname="org.apache.hadoop.hive.ql.io.parquet.serde.TestParquetTimestampsHive2Compatibility" time="0"/>
  <testcase name="testWriteHive4ReadHive4UsingLegacyConversion(String)[1189]" classname="org.apache.hadoop.hive.ql.io.parquet.serde.TestParquetTimestampsHive2Compatibility" time="0"/>
  <testcase name="testWriteHive4ReadHive4UsingLegacyConversion(String)[1190]" classname="org.apache.hadoop.hive.ql.io.parquet.serde.TestParquetTimestampsHive2Compatibility" time="0"/>
  <testcase name="testWriteHive4ReadHive4UsingLegacyConversion(String)[1191]" classname="org.apache.hadoop.hive.ql.io.parquet.serde.TestParquetTimestampsHive2Compatibility" time="0"/>
  <testcase name="testWriteHive4ReadHive4UsingLegacyConversion(String)[1192]" classname="org.apache.hadoop.hive.ql.io.parquet.serde.TestParquetTimestampsHive2Compatibility" time="0"/>
  <testcase name="testWriteHive4ReadHive4UsingLegacyConversion(String)[1193]" classname="org.apache.hadoop.hive.ql.io.parquet.serde.TestParquetTimestampsHive2Compatibility" time="0.001"/>
  <testcase name="testWriteHive4ReadHive4UsingLegacyConversion(String)[1194]" classname="org.apache.hadoop.hive.ql.io.parquet.serde.TestParquetTimestampsHive2Compatibility" time="0"/>
  <testcase name="testWriteHive4ReadHive4UsingLegacyConversion(String)[1195]" classname="org.apache.hadoop.hive.ql.io.parquet.serde.TestParquetTimestampsHive2Compatibility" time="0"/>
  <testcase name="testWriteHive4ReadHive4UsingLegacyConversion(String)[1196]" classname="org.apache.hadoop.hive.ql.io.parquet.serde.TestParquetTimestampsHive2Compatibility" time="0"/>
  <testcase name="testWriteHive4ReadHive4UsingLegacyConversion(String)[1197]" classname="org.apache.hadoop.hive.ql.io.parquet.serde.TestParquetTimestampsHive2Compatibility" time="0.001"/>
  <testcase name="testWriteHive4ReadHive4UsingLegacyConversion(String)[1198]" classname="org.apache.hadoop.hive.ql.io.parquet.serde.TestParquetTimestampsHive2Compatibility" time="0"/>
  <testcase name="testWriteHive4ReadHive4UsingLegacyConversion(String)[1199]" classname="org.apache.hadoop.hive.ql.io.parquet.serde.TestParquetTimestampsHive2Compatibility" time="0"/>
  <testcase name="testWriteHive4ReadHive4UsingLegacyConversion(String)[1200]" classname="org.apache.hadoop.hive.ql.io.parquet.serde.TestParquetTimestampsHive2Compatibility" time="0"/>
  <testcase name="testWriteHive4ReadHive4UsingLegacyConversion(String)[1201]" classname="org.apache.hadoop.hive.ql.io.parquet.serde.TestParquetTimestampsHive2Compatibility" time="0.001"/>
  <testcase name="testWriteHive4ReadHive4UsingLegacyConversion(String)[1202]" classname="org.apache.hadoop.hive.ql.io.parquet.serde.TestParquetTimestampsHive2Compatibility" time="0"/>
  <testcase name="testWriteHive4ReadHive4UsingLegacyConversion(String)[1203]" classname="org.apache.hadoop.hive.ql.io.parquet.serde.TestParquetTimestampsHive2Compatibility" time="0"/>
  <testcase name="testWriteHive4ReadHive4UsingLegacyConversion(String)[1204]" classname="org.apache.hadoop.hive.ql.io.parquet.serde.TestParquetTimestampsHive2Compatibility" time="0"/>
  <testcase name="testWriteHive4ReadHive4UsingLegacyConversion(String)[1205]" classname="org.apache.hadoop.hive.ql.io.parquet.serde.TestParquetTimestampsHive2Compatibility" time="0.001"/>
  <testcase name="testWriteHive4ReadHive4UsingLegacyConversion(String)[1206]" classname="org.apache.hadoop.hive.ql.io.parquet.serde.TestParquetTimestampsHive2Compatibility" time="0"/>
  <testcase name="testWriteHive4ReadHive4UsingLegacyConversion(String)[1207]" classname="org.apache.hadoop.hive.ql.io.parquet.serde.TestParquetTimestampsHive2Compatibility" time="0"/>
  <testcase name="testWriteHive4ReadHive4UsingLegacyConversion(String)[1208]" classname="org.apache.hadoop.hive.ql.io.parquet.serde.TestParquetTimestampsHive2Compatibility" time="0"/>
  <testcase name="testWriteHive4ReadHive4UsingLegacyConversion(String)[1209]" classname="org.apache.hadoop.hive.ql.io.parquet.serde.TestParquetTimestampsHive2Compatibility" time="0.001"/>
  <testcase name="testWriteHive4ReadHive4UsingLegacyConversion(String)[1210]" classname="org.apache.hadoop.hive.ql.io.parquet.serde.TestParquetTimestampsHive2Compatibility" time="0"/>
  <testcase name="testWriteHive4ReadHive4UsingLegacyConversion(String)[1211]" classname="org.apache.hadoop.hive.ql.io.parquet.serde.TestParquetTimestampsHive2Compatibility" time="0"/>
  <testcase name="testWriteHive4ReadHive4UsingLegacyConversion(String)[1212]" classname="org.apache.hadoop.hive.ql.io.parquet.serde.TestParquetTimestampsHive2Compatibility" time="0"/>
  <testcase name="testWriteHive4ReadHive4UsingLegacyConversion(String)[1213]" classname="org.apache.hadoop.hive.ql.io.parquet.serde.TestParquetTimestampsHive2Compatibility" time="0.001"/>
  <testcase name="testWriteHive4ReadHive4UsingLegacyConversion(String)[1214]" classname="org.apache.hadoop.hive.ql.io.parquet.serde.TestParquetTimestampsHive2Compatibility" time="0"/>
  <testcase name="testWriteHive4ReadHive4UsingLegacyConversion(String)[1215]" classname="org.apache.hadoop.hive.ql.io.parquet.serde.TestParquetTimestampsHive2Compatibility" time="0"/>
  <testcase name="testWriteHive4ReadHive4UsingLegacyConversion(String)[1216]" classname="org.apache.hadoop.hive.ql.io.parquet.serde.TestParquetTimestampsHive2Compatibility" time="0"/>
  <testcase name="testWriteHive4ReadHive4UsingLegacyConversion(String)[1217]" classname="org.apache.hadoop.hive.ql.io.parquet.serde.TestParquetTimestampsHive2Compatibility" time="0"/>
  <testcase name="testWriteHive4ReadHive4UsingLegacyConversion(String)[1218]" classname="org.apache.hadoop.hive.ql.io.parquet.serde.TestParquetTimestampsHive2Compatibility" time="0"/>
  <testcase name="testWriteHive4ReadHive4UsingLegacyConversion(String)[1219]" classname="org.apache.hadoop.hive.ql.io.parquet.serde.TestParquetTimestampsHive2Compatibility" time="0"/>
  <testcase name="testWriteHive4ReadHive4UsingLegacyConversion(String)[1220]" classname="org.apache.hadoop.hive.ql.io.parquet.serde.TestParquetTimestampsHive2Compatibility" time="0"/>
  <testcase name="testWriteHive4ReadHive4UsingLegacyConversion(String)[1221]" classname="org.apache.hadoop.hive.ql.io.parquet.serde.TestParquetTimestampsHive2Compatibility" time="0"/>
  <testcase name="testWriteHive4ReadHive4UsingLegacyConversion(String)[1222]" classname="org.apache.hadoop.hive.ql.io.parquet.serde.TestParquetTimestampsHive2Compatibility" time="0"/>
  <testcase name="testWriteHive4ReadHive4UsingLegacyConversion(String)[1223]" classname="org.apache.hadoop.hive.ql.io.parquet.serde.TestParquetTimestampsHive2Compatibility" time="0"/>
  <testcase name="testWriteHive4ReadHive4UsingLegacyConversion(String)[1224]" classname="org.apache.hadoop.hive.ql.io.parquet.serde.TestParquetTimestampsHive2Compatibility" time="0"/>
  <testcase name="testWriteHive4ReadHive4UsingLegacyConversion(String)[1225]" classname="org.apache.hadoop.hive.ql.io.parquet.serde.TestParquetTimestampsHive2Compatibility" time="0"/>
  <testcase name="testWriteHive4ReadHive4UsingLegacyConversion(String)[1226]" classname="org.apache.hadoop.hive.ql.io.parquet.serde.TestParquetTimestampsHive2Compatibility" time="0"/>
  <testcase name="testWriteHive4ReadHive4UsingLegacyConversion(String)[1227]" classname="org.apache.hadoop.hive.ql.io.parquet.serde.TestParquetTimestampsHive2Compatibility" time="0"/>
  <testcase name="testWriteHive4ReadHive4UsingLegacyConversion(String)[1228]" classname="org.apache.hadoop.hive.ql.io.parquet.serde.TestParquetTimestampsHive2Compatibility" time="0"/>
  <testcase name="testWriteHive4ReadHive4UsingLegacyConversion(String)[1229]" classname="org.apache.hadoop.hive.ql.io.parquet.serde.TestParquetTimestampsHive2Compatibility" time="0"/>
  <testcase name="testWriteHive4ReadHive4UsingLegacyConversion(String)[1230]" classname="org.apache.hadoop.hive.ql.io.parquet.serde.TestParquetTimestampsHive2Compatibility" time="0"/>
  <testcase name="testWriteHive4ReadHive4UsingLegacyConversion(String)[1231]" classname="org.apache.hadoop.hive.ql.io.parquet.serde.TestParquetTimestampsHive2Compatibility" time="0"/>
  <testcase name="testWriteHive4ReadHive4UsingLegacyConversion(String)[1232]" classname="org.apache.hadoop.hive.ql.io.parquet.serde.TestParquetTimestampsHive2Compatibility" time="0"/>
  <testcase name="testWriteHive4ReadHive4UsingLegacyConversion(String)[1233]" classname="org.apache.hadoop.hive.ql.io.parquet.serde.TestParquetTimestampsHive2Compatibility" time="0"/>
  <testcase name="testWriteHive4ReadHive4UsingLegacyConversion(String)[1234]" classname="org.apache.hadoop.hive.ql.io.parquet.serde.TestParquetTimestampsHive2Compatibility" time="0"/>
  <testcase name="testWriteHive4ReadHive4UsingLegacyConversion(String)[1235]" classname="org.apache.hadoop.hive.ql.io.parquet.serde.TestParquetTimestampsHive2Compatibility" time="0.001"/>
  <testcase name="testWriteHive4ReadHive4UsingLegacyConversion(String)[1236]" classname="org.apache.hadoop.hive.ql.io.parquet.serde.TestParquetTimestampsHive2Compatibility" time="0"/>
  <testcase name="testWriteHive4ReadHive4UsingLegacyConversion(String)[1237]" classname="org.apache.hadoop.hive.ql.io.parquet.serde.TestParquetTimestampsHive2Compatibility" time="0"/>
  <testcase name="testWriteHive4ReadHive4UsingLegacyConversion(String)[1238]" classname="org.apache.hadoop.hive.ql.io.parquet.serde.TestParquetTimestampsHive2Compatibility" time="0"/>
  <testcase name="testWriteHive4ReadHive4UsingLegacyConversion(String)[1239]" classname="org.apache.hadoop.hive.ql.io.parquet.serde.TestParquetTimestampsHive2Compatibility" time="0"/>
  <testcase name="testWriteHive4ReadHive4UsingLegacyConversion(String)[1240]" classname="org.apache.hadoop.hive.ql.io.parquet.serde.TestParquetTimestampsHive2Compatibility" time="0"/>
  <testcase name="testWriteHive4ReadHive4UsingLegacyConversion(String)[1241]" classname="org.apache.hadoop.hive.ql.io.parquet.serde.TestParquetTimestampsHive2Compatibility" time="0"/>
  <testcase name="testWriteHive4ReadHive4UsingLegacyConversion(String)[1242]" classname="org.apache.hadoop.hive.ql.io.parquet.serde.TestParquetTimestampsHive2Compatibility" time="0.001"/>
  <testcase name="testWriteHive4ReadHive4UsingLegacyConversion(String)[1243]" classname="org.apache.hadoop.hive.ql.io.parquet.serde.TestParquetTimestampsHive2Compatibility" time="0"/>
  <testcase name="testWriteHive4ReadHive4UsingLegacyConversion(String)[1244]" classname="org.apache.hadoop.hive.ql.io.parquet.serde.TestParquetTimestampsHive2Compatibility" time="0"/>
  <testcase name="testWriteHive4ReadHive4UsingLegacyConversion(String)[1245]" classname="org.apache.hadoop.hive.ql.io.parquet.serde.TestParquetTimestampsHive2Compatibility" time="0"/>
  <testcase name="testWriteHive4ReadHive4UsingLegacyConversion(String)[1246]" classname="org.apache.hadoop.hive.ql.io.parquet.serde.TestParquetTimestampsHive2Compatibility" time="0"/>
  <testcase name="testWriteHive4ReadHive4UsingLegacyConversion(String)[1247]" classname="org.apache.hadoop.hive.ql.io.parquet.serde.TestParquetTimestampsHive2Compatibility" time="0"/>
  <testcase name="testWriteHive4ReadHive4UsingLegacyConversion(String)[1248]" classname="org.apache.hadoop.hive.ql.io.parquet.serde.TestParquetTimestampsHive2Compatibility" time="0"/>
  <testcase name="testWriteHive4ReadHive4UsingLegacyConversion(String)[1249]" classname="org.apache.hadoop.hive.ql.io.parquet.serde.TestParquetTimestampsHive2Compatibility" time="0"/>
  <testcase name="testWriteHive4ReadHive4UsingLegacyConversion(String)[1250]" classname="org.apache.hadoop.hive.ql.io.parquet.serde.TestParquetTimestampsHive2Compatibility" time="0"/>
  <testcase name="testWriteHive4ReadHive4UsingLegacyConversion(String)[1251]" classname="org.apache.hadoop.hive.ql.io.parquet.serde.TestParquetTimestampsHive2Compatibility" time="0"/>
  <testcase name="testWriteHive4ReadHive4UsingLegacyConversion(String)[1252]" classname="org.apache.hadoop.hive.ql.io.parquet.serde.TestParquetTimestampsHive2Compatibility" time="0"/>
  <testcase name="testWriteHive4ReadHive4UsingLegacyConversion(String)[1253]" classname="org.apache.hadoop.hive.ql.io.parquet.serde.TestParquetTimestampsHive2Compatibility" time="0.001"/>
  <testcase name="testWriteHive4ReadHive4UsingLegacyConversion(String)[1254]" classname="org.apache.hadoop.hive.ql.io.parquet.serde.TestParquetTimestampsHive2Compatibility" time="0"/>
  <testcase name="testWriteHive4ReadHive4UsingLegacyConversion(String)[1255]" classname="org.apache.hadoop.hive.ql.io.parquet.serde.TestParquetTimestampsHive2Compatibility" time="0"/>
  <testcase name="testWriteHive4ReadHive4UsingLegacyConversion(String)[1256]" classname="org.apache.hadoop.hive.ql.io.parquet.serde.TestParquetTimestampsHive2Compatibility" time="0"/>
  <testcase name="testWriteHive4ReadHive4UsingLegacyConversion(String)[1257]" classname="org.apache.hadoop.hive.ql.io.parquet.serde.TestParquetTimestampsHive2Compatibility" time="0.001"/>
  <testcase name="testWriteHive4ReadHive4UsingLegacyConversion(String)[1258]" classname="org.apache.hadoop.hive.ql.io.parquet.serde.TestParquetTimestampsHive2Compatibility" time="0"/>
  <testcase name="testWriteHive4ReadHive4UsingLegacyConversion(String)[1259]" classname="org.apache.hadoop.hive.ql.io.parquet.serde.TestParquetTimestampsHive2Compatibility" time="0"/>
  <testcase name="testWriteHive4ReadHive4UsingLegacyConversion(String)[1260]" classname="org.apache.hadoop.hive.ql.io.parquet.serde.TestParquetTimestampsHive2Compatibility" time="0"/>
  <testcase name="testWriteHive4ReadHive4UsingLegacyConversion(String)[1261]" classname="org.apache.hadoop.hive.ql.io.parquet.serde.TestParquetTimestampsHive2Compatibility" time="0"/>
  <testcase name="testWriteHive4ReadHive4UsingLegacyConversion(String)[1262]" classname="org.apache.hadoop.hive.ql.io.parquet.serde.TestParquetTimestampsHive2Compatibility" time="0"/>
  <testcase name="testWriteHive4ReadHive4UsingLegacyConversion(String)[1263]" classname="org.apache.hadoop.hive.ql.io.parquet.serde.TestParquetTimestampsHive2Compatibility" time="0"/>
  <testcase name="testWriteHive4ReadHive4UsingLegacyConversion(String)[1264]" classname="org.apache.hadoop.hive.ql.io.parquet.serde.TestParquetTimestampsHive2Compatibility" time="0.001"/>
  <testcase name="testWriteHive4ReadHive4UsingLegacyConversion(String)[1265]" classname="org.apache.hadoop.hive.ql.io.parquet.serde.TestParquetTimestampsHive2Compatibility" time="0"/>
  <testcase name="testWriteHive4ReadHive4UsingLegacyConversion(String)[1266]" classname="org.apache.hadoop.hive.ql.io.parquet.serde.TestParquetTimestampsHive2Compatibility" time="0"/>
  <testcase name="testWriteHive4ReadHive4UsingLegacyConversion(String)[1267]" classname="org.apache.hadoop.hive.ql.io.parquet.serde.TestParquetTimestampsHive2Compatibility" time="0"/>
  <testcase name="testWriteHive4ReadHive4UsingLegacyConversion(String)[1268]" classname="org.apache.hadoop.hive.ql.io.parquet.serde.TestParquetTimestampsHive2Compatibility" time="0.001"/>
  <testcase name="testWriteHive4ReadHive4UsingLegacyConversion(String)[1269]" classname="org.apache.hadoop.hive.ql.io.parquet.serde.TestParquetTimestampsHive2Compatibility" time="0"/>
  <testcase name="testWriteHive4ReadHive4UsingLegacyConversion(String)[1270]" classname="org.apache.hadoop.hive.ql.io.parquet.serde.TestParquetTimestampsHive2Compatibility" time="0"/>
  <testcase name="testWriteHive4ReadHive4UsingLegacyConversion(String)[1271]" classname="org.apache.hadoop.hive.ql.io.parquet.serde.TestParquetTimestampsHive2Compatibility" time="0"/>
  <testcase name="testWriteHive4ReadHive4UsingLegacyConversion(String)[1272]" classname="org.apache.hadoop.hive.ql.io.parquet.serde.TestParquetTimestampsHive2Compatibility" time="0"/>
  <testcase name="testWriteHive4ReadHive4UsingLegacyConversion(String)[1273]" classname="org.apache.hadoop.hive.ql.io.parquet.serde.TestParquetTimestampsHive2Compatibility" time="0"/>
  <testcase name="testWriteHive4ReadHive4UsingLegacyConversion(String)[1274]" classname="org.apache.hadoop.hive.ql.io.parquet.serde.TestParquetTimestampsHive2Compatibility" time="0"/>
  <testcase name="testWriteHive4ReadHive4UsingLegacyConversion(String)[1275]" classname="org.apache.hadoop.hive.ql.io.parquet.serde.TestParquetTimestampsHive2Compatibility" time="0.001"/>
  <testcase name="testWriteHive4ReadHive4UsingLegacyConversion(String)[1276]" classname="org.apache.hadoop.hive.ql.io.parquet.serde.TestParquetTimestampsHive2Compatibility" time="0"/>
  <testcase name="testWriteHive4ReadHive4UsingLegacyConversion(String)[1277]" classname="org.apache.hadoop.hive.ql.io.parquet.serde.TestParquetTimestampsHive2Compatibility" time="0"/>
  <testcase name="testWriteHive4ReadHive4UsingLegacyConversion(String)[1278]" classname="org.apache.hadoop.hive.ql.io.parquet.serde.TestParquetTimestampsHive2Compatibility" time="0"/>
  <testcase name="testWriteHive4ReadHive4UsingLegacyConversion(String)[1279]" classname="org.apache.hadoop.hive.ql.io.parquet.serde.TestParquetTimestampsHive2Compatibility" time="0"/>
  <testcase name="testWriteHive4ReadHive4UsingLegacyConversion(String)[1280]" classname="org.apache.hadoop.hive.ql.io.parquet.serde.TestParquetTimestampsHive2Compatibility" time="0"/>
  <testcase name="testWriteHive4ReadHive4UsingLegacyConversion(String)[1281]" classname="org.apache.hadoop.hive.ql.io.parquet.serde.TestParquetTimestampsHive2Compatibility" time="0"/>
  <testcase name="testWriteHive4ReadHive4UsingLegacyConversion(String)[1282]" classname="org.apache.hadoop.hive.ql.io.parquet.serde.TestParquetTimestampsHive2Compatibility" time="0"/>
  <testcase name="testWriteHive4ReadHive4UsingLegacyConversion(String)[1283]" classname="org.apache.hadoop.hive.ql.io.parquet.serde.TestParquetTimestampsHive2Compatibility" time="0"/>
  <testcase name="testWriteHive4ReadHive4UsingLegacyConversion(String)[1284]" classname="org.apache.hadoop.hive.ql.io.parquet.serde.TestParquetTimestampsHive2Compatibility" time="0"/>
  <testcase name="testWriteHive4ReadHive4UsingLegacyConversion(String)[1285]" classname="org.apache.hadoop.hive.ql.io.parquet.serde.TestParquetTimestampsHive2Compatibility" time="0"/>
  <testcase name="testWriteHive4ReadHive4UsingLegacyConversion(String)[1286]" classname="org.apache.hadoop.hive.ql.io.parquet.serde.TestParquetTimestampsHive2Compatibility" time="0.001"/>
  <testcase name="testWriteHive4ReadHive4UsingLegacyConversion(String)[1287]" classname="org.apache.hadoop.hive.ql.io.parquet.serde.TestParquetTimestampsHive2Compatibility" time="0"/>
  <testcase name="testWriteHive4ReadHive4UsingLegacyConversion(String)[1288]" classname="org.apache.hadoop.hive.ql.io.parquet.serde.TestParquetTimestampsHive2Compatibility" time="0"/>
  <testcase name="testWriteHive4ReadHive4UsingLegacyConversion(String)[1289]" classname="org.apache.hadoop.hive.ql.io.parquet.serde.TestParquetTimestampsHive2Compatibility" time="0"/>
  <testcase name="testWriteHive4ReadHive4UsingLegacyConversion(String)[1290]" classname="org.apache.hadoop.hive.ql.io.parquet.serde.TestParquetTimestampsHive2Compatibility" time="0.001"/>
  <testcase name="testWriteHive4ReadHive4UsingLegacyConversion(String)[1291]" classname="org.apache.hadoop.hive.ql.io.parquet.serde.TestParquetTimestampsHive2Compatibility" time="0"/>
  <testcase name="testWriteHive4ReadHive4UsingLegacyConversion(String)[1292]" classname="org.apache.hadoop.hive.ql.io.parquet.serde.TestParquetTimestampsHive2Compatibility" time="0"/>
  <testcase name="testWriteHive4ReadHive4UsingLegacyConversion(String)[1293]" classname="org.apache.hadoop.hive.ql.io.parquet.serde.TestParquetTimestampsHive2Compatibility" time="0"/>
  <testcase name="testWriteHive4ReadHive4UsingLegacyConversion(String)[1294]" classname="org.apache.hadoop.hive.ql.io.parquet.serde.TestParquetTimestampsHive2Compatibility" time="0.001"/>
  <testcase name="testWriteHive4ReadHive4UsingLegacyConversion(String)[1295]" classname="org.apache.hadoop.hive.ql.io.parquet.serde.TestParquetTimestampsHive2Compatibility" time="0"/>
  <testcase name="testWriteHive4ReadHive4UsingLegacyConversion(String)[1296]" classname="org.apache.hadoop.hive.ql.io.parquet.serde.TestParquetTimestampsHive2Compatibility" time="0"/>
  <testcase name="testWriteHive4ReadHive4UsingLegacyConversion(String)[1297]" classname="org.apache.hadoop.hive.ql.io.parquet.serde.TestParquetTimestampsHive2Compatibility" time="0"/>
  <testcase name="testWriteHive4ReadHive4UsingLegacyConversion(String)[1298]" classname="org.apache.hadoop.hive.ql.io.parquet.serde.TestParquetTimestampsHive2Compatibility" time="0.001"/>
  <testcase name="testWriteHive4ReadHive4UsingLegacyConversion(String)[1299]" classname="org.apache.hadoop.hive.ql.io.parquet.serde.TestParquetTimestampsHive2Compatibility" time="0"/>
  <testcase name="testWriteHive4ReadHive4UsingLegacyConversion(String)[1300]" classname="org.apache.hadoop.hive.ql.io.parquet.serde.TestParquetTimestampsHive2Compatibility" time="0"/>
  <testcase name="testWriteHive4ReadHive4UsingLegacyConversion(String)[1301]" classname="org.apache.hadoop.hive.ql.io.parquet.serde.TestParquetTimestampsHive2Compatibility" time="0"/>
  <testcase name="testWriteHive4ReadHive4UsingLegacyConversion(String)[1302]" classname="org.apache.hadoop.hive.ql.io.parquet.serde.TestParquetTimestampsHive2Compatibility" time="0"/>
  <testcase name="testWriteHive4ReadHive4UsingLegacyConversion(String)[1303]" classname="org.apache.hadoop.hive.ql.io.parquet.serde.TestParquetTimestampsHive2Compatibility" time="0"/>
  <testcase name="testWriteHive4ReadHive4UsingLegacyConversion(String)[1304]" classname="org.apache.hadoop.hive.ql.io.parquet.serde.TestParquetTimestampsHive2Compatibility" time="0"/>
  <testcase name="testWriteHive4ReadHive4UsingLegacyConversion(String)[1305]" classname="org.apache.hadoop.hive.ql.io.parquet.serde.TestParquetTimestampsHive2Compatibility" time="0"/>
  <testcase name="testWriteHive4ReadHive4UsingLegacyConversion(String)[1306]" classname="org.apache.hadoop.hive.ql.io.parquet.serde.TestParquetTimestampsHive2Compatibility" time="0"/>
  <testcase name="testWriteHive4ReadHive4UsingLegacyConversion(String)[1307]" classname="org.apache.hadoop.hive.ql.io.parquet.serde.TestParquetTimestampsHive2Compatibility" time="0"/>
  <testcase name="testWriteHive4ReadHive4UsingLegacyConversion(String)[1308]" classname="org.apache.hadoop.hive.ql.io.parquet.serde.TestParquetTimestampsHive2Compatibility" time="0"/>
  <testcase name="testWriteHive4ReadHive4UsingLegacyConversion(String)[1309]" classname="org.apache.hadoop.hive.ql.io.parquet.serde.TestParquetTimestampsHive2Compatibility" time="0.001"/>
  <testcase name="testWriteHive4ReadHive4UsingLegacyConversion(String)[1310]" classname="org.apache.hadoop.hive.ql.io.parquet.serde.TestParquetTimestampsHive2Compatibility" time="0"/>
  <testcase name="testWriteHive4ReadHive4UsingLegacyConversion(String)[1311]" classname="org.apache.hadoop.hive.ql.io.parquet.serde.TestParquetTimestampsHive2Compatibility" time="0"/>
  <testcase name="testWriteHive4ReadHive4UsingLegacyConversion(String)[1312]" classname="org.apache.hadoop.hive.ql.io.parquet.serde.TestParquetTimestampsHive2Compatibility" time="0"/>
  <testcase name="testWriteHive4ReadHive4UsingLegacyConversion(String)[1313]" classname="org.apache.hadoop.hive.ql.io.parquet.serde.TestParquetTimestampsHive2Compatibility" time="0"/>
  <testcase name="testWriteHive4ReadHive4UsingLegacyConversion(String)[1314]" classname="org.apache.hadoop.hive.ql.io.parquet.serde.TestParquetTimestampsHive2Compatibility" time="0"/>
  <testcase name="testWriteHive4ReadHive4UsingLegacyConversion(String)[1315]" classname="org.apache.hadoop.hive.ql.io.parquet.serde.TestParquetTimestampsHive2Compatibility" time="0"/>
  <testcase name="testWriteHive4ReadHive4UsingLegacyConversion(String)[1316]" classname="org.apache.hadoop.hive.ql.io.parquet.serde.TestParquetTimestampsHive2Compatibility" time="0"/>
  <testcase name="testWriteHive4ReadHive4UsingLegacyConversion(String)[1317]" classname="org.apache.hadoop.hive.ql.io.parquet.serde.TestParquetTimestampsHive2Compatibility" time="0"/>
  <testcase name="testWriteHive4ReadHive4UsingLegacyConversion(String)[1318]" classname="org.apache.hadoop.hive.ql.io.parquet.serde.TestParquetTimestampsHive2Compatibility" time="0"/>
  <testcase name="testWriteHive4ReadHive4UsingLegacyConversion(String)[1319]" classname="org.apache.hadoop.hive.ql.io.parquet.serde.TestParquetTimestampsHive2Compatibility" time="0"/>
  <testcase name="testWriteHive4ReadHive4UsingLegacyConversion(String)[1320]" classname="org.apache.hadoop.hive.ql.io.parquet.serde.TestParquetTimestampsHive2Compatibility" time="0.001"/>
  <testcase name="testWriteHive4ReadHive4UsingLegacyConversion(String)[1321]" classname="org.apache.hadoop.hive.ql.io.parquet.serde.TestParquetTimestampsHive2Compatibility" time="0"/>
  <testcase name="testWriteHive4ReadHive4UsingLegacyConversion(String)[1322]" classname="org.apache.hadoop.hive.ql.io.parquet.serde.TestParquetTimestampsHive2Compatibility" time="0"/>
  <testcase name="testWriteHive4ReadHive4UsingLegacyConversion(String)[1323]" classname="org.apache.hadoop.hive.ql.io.parquet.serde.TestParquetTimestampsHive2Compatibility" time="0"/>
  <testcase name="testWriteHive4ReadHive4UsingLegacyConversion(String)[1324]" classname="org.apache.hadoop.hive.ql.io.parquet.serde.TestParquetTimestampsHive2Compatibility" time="0.001"/>
  <testcase name="testWriteHive4ReadHive4UsingLegacyConversion(String)[1325]" classname="org.apache.hadoop.hive.ql.io.parquet.serde.TestParquetTimestampsHive2Compatibility" time="0"/>
  <testcase name="testWriteHive4ReadHive4UsingLegacyConversion(String)[1326]" classname="org.apache.hadoop.hive.ql.io.parquet.serde.TestParquetTimestampsHive2Compatibility" time="0"/>
  <testcase name="testWriteHive4ReadHive4UsingLegacyConversion(String)[1327]" classname="org.apache.hadoop.hive.ql.io.parquet.serde.TestParquetTimestampsHive2Compatibility" time="0"/>
  <testcase name="testWriteHive4ReadHive4UsingLegacyConversion(String)[1328]" classname="org.apache.hadoop.hive.ql.io.parquet.serde.TestParquetTimestampsHive2Compatibility" time="0"/>
  <testcase name="testWriteHive4ReadHive4UsingLegacyConversion(String)[1329]" classname="org.apache.hadoop.hive.ql.io.parquet.serde.TestParquetTimestampsHive2Compatibility" time="0"/>
  <testcase name="testWriteHive4ReadHive4UsingLegacyConversion(String)[1330]" classname="org.apache.hadoop.hive.ql.io.parquet.serde.TestParquetTimestampsHive2Compatibility" time="0"/>
  <testcase name="testWriteHive4ReadHive4UsingLegacyConversion(String)[1331]" classname="org.apache.hadoop.hive.ql.io.parquet.serde.TestParquetTimestampsHive2Compatibility" time="0"/>
  <testcase name="testWriteHive4ReadHive4UsingLegacyConversion(String)[1332]" classname="org.apache.hadoop.hive.ql.io.parquet.serde.TestParquetTimestampsHive2Compatibility" time="0"/>
  <testcase name="testWriteHive4ReadHive4UsingLegacyConversion(String)[1333]" classname="org.apache.hadoop.hive.ql.io.parquet.serde.TestParquetTimestampsHive2Compatibility" time="0"/>
  <testcase name="testWriteHive4ReadHive4UsingLegacyConversion(String)[1334]" classname="org.apache.hadoop.hive.ql.io.parquet.serde.TestParquetTimestampsHive2Compatibility" time="0"/>
  <testcase name="testWriteHive4ReadHive4UsingLegacyConversion(String)[1335]" classname="org.apache.hadoop.hive.ql.io.parquet.serde.TestParquetTimestampsHive2Compatibility" time="0.001"/>
  <testcase name="testWriteHive4ReadHive4UsingLegacyConversion(String)[1336]" classname="org.apache.hadoop.hive.ql.io.parquet.serde.TestParquetTimestampsHive2Compatibility" time="0"/>
  <testcase name="testWriteHive4ReadHive4UsingLegacyConversion(String)[1337]" classname="org.apache.hadoop.hive.ql.io.parquet.serde.TestParquetTimestampsHive2Compatibility" time="0"/>
  <testcase name="testWriteHive4ReadHive4UsingLegacyConversion(String)[1338]" classname="org.apache.hadoop.hive.ql.io.parquet.serde.TestParquetTimestampsHive2Compatibility" time="0"/>
  <testcase name="testWriteHive4ReadHive4UsingLegacyConversion(String)[1339]" classname="org.apache.hadoop.hive.ql.io.parquet.serde.TestParquetTimestampsHive2Compatibility" time="0.001"/>
  <testcase name="testWriteHive4ReadHive4UsingLegacyConversion(String)[1340]" classname="org.apache.hadoop.hive.ql.io.parquet.serde.TestParquetTimestampsHive2Compatibility" time="0"/>
  <testcase name="testWriteHive4ReadHive4UsingLegacyConversion(String)[1341]" classname="org.apache.hadoop.hive.ql.io.parquet.serde.TestParquetTimestampsHive2Compatibility" time="0"/>
  <testcase name="testWriteHive4ReadHive4UsingLegacyConversion(String)[1342]" classname="org.apache.hadoop.hive.ql.io.parquet.serde.TestParquetTimestampsHive2Compatibility" time="0"/>
  <testcase name="testWriteHive4ReadHive4UsingLegacyConversion(String)[1343]" classname="org.apache.hadoop.hive.ql.io.parquet.serde.TestParquetTimestampsHive2Compatibility" time="0.001"/>
  <testcase name="testWriteHive4ReadHive4UsingLegacyConversion(String)[1344]" classname="org.apache.hadoop.hive.ql.io.parquet.serde.TestParquetTimestampsHive2Compatibility" time="0"/>
  <testcase name="testWriteHive4ReadHive4UsingLegacyConversion(String)[1345]" classname="org.apache.hadoop.hive.ql.io.parquet.serde.TestParquetTimestampsHive2Compatibility" time="0"/>
  <testcase name="testWriteHive4ReadHive4UsingLegacyConversion(String)[1346]" classname="org.apache.hadoop.hive.ql.io.parquet.serde.TestParquetTimestampsHive2Compatibility" time="0"/>
  <testcase name="testWriteHive4ReadHive4UsingLegacyConversion(String)[1347]" classname="org.apache.hadoop.hive.ql.io.parquet.serde.TestParquetTimestampsHive2Compatibility" time="0.001"/>
  <testcase name="testWriteHive4ReadHive4UsingLegacyConversion(String)[1348]" classname="org.apache.hadoop.hive.ql.io.parquet.serde.TestParquetTimestampsHive2Compatibility" time="0"/>
  <testcase name="testWriteHive4ReadHive4UsingLegacyConversion(String)[1349]" classname="org.apache.hadoop.hive.ql.io.parquet.serde.TestParquetTimestampsHive2Compatibility" time="0"/>
  <testcase name="testWriteHive4ReadHive4UsingLegacyConversion(String)[1350]" classname="org.apache.hadoop.hive.ql.io.parquet.serde.TestParquetTimestampsHive2Compatibility" time="0"/>
  <testcase name="testWriteHive4ReadHive4UsingLegacyConversion(String)[1351]" classname="org.apache.hadoop.hive.ql.io.parquet.serde.TestParquetTimestampsHive2Compatibility" time="0.001"/>
  <testcase name="testWriteHive4ReadHive4UsingLegacyConversion(String)[1352]" classname="org.apache.hadoop.hive.ql.io.parquet.serde.TestParquetTimestampsHive2Compatibility" time="0"/>
  <testcase name="testWriteHive4ReadHive4UsingLegacyConversion(String)[1353]" classname="org.apache.hadoop.hive.ql.io.parquet.serde.TestParquetTimestampsHive2Compatibility" time="0"/>
  <testcase name="testWriteHive4ReadHive4UsingLegacyConversion(String)[1354]" classname="org.apache.hadoop.hive.ql.io.parquet.serde.TestParquetTimestampsHive2Compatibility" time="0"/>
  <testcase name="testWriteHive4ReadHive4UsingLegacyConversion(String)[1355]" classname="org.apache.hadoop.hive.ql.io.parquet.serde.TestParquetTimestampsHive2Compatibility" time="0.001"/>
  <testcase name="testWriteHive4ReadHive4UsingLegacyConversion(String)[1356]" classname="org.apache.hadoop.hive.ql.io.parquet.serde.TestParquetTimestampsHive2Compatibility" time="0"/>
  <testcase name="testWriteHive4ReadHive4UsingLegacyConversion(String)[1357]" classname="org.apache.hadoop.hive.ql.io.parquet.serde.TestParquetTimestampsHive2Compatibility" time="0"/>
  <testcase name="testWriteHive4ReadHive4UsingLegacyConversion(String)[1358]" classname="org.apache.hadoop.hive.ql.io.parquet.serde.TestParquetTimestampsHive2Compatibility" time="0"/>
  <testcase name="testWriteHive4ReadHive4UsingLegacyConversion(String)[1359]" classname="org.apache.hadoop.hive.ql.io.parquet.serde.TestParquetTimestampsHive2Compatibility" time="0"/>
  <testcase name="testWriteHive4ReadHive4UsingLegacyConversion(String)[1360]" classname="org.apache.hadoop.hive.ql.io.parquet.serde.TestParquetTimestampsHive2Compatibility" time="0"/>
  <testcase name="testWriteHive4ReadHive4UsingLegacyConversion(String)[1361]" classname="org.apache.hadoop.hive.ql.io.parquet.serde.TestParquetTimestampsHive2Compatibility" time="0"/>
  <testcase name="testWriteHive4ReadHive4UsingLegacyConversion(String)[1362]" classname="org.apache.hadoop.hive.ql.io.parquet.serde.TestParquetTimestampsHive2Compatibility" time="0"/>
  <testcase name="testWriteHive4ReadHive4UsingLegacyConversion(String)[1363]" classname="org.apache.hadoop.hive.ql.io.parquet.serde.TestParquetTimestampsHive2Compatibility" time="0"/>
  <testcase name="testWriteHive4ReadHive4UsingLegacyConversion(String)[1364]" classname="org.apache.hadoop.hive.ql.io.parquet.serde.TestParquetTimestampsHive2Compatibility" time="0"/>
  <testcase name="testWriteHive4ReadHive4UsingLegacyConversion(String)[1365]" classname="org.apache.hadoop.hive.ql.io.parquet.serde.TestParquetTimestampsHive2Compatibility" time="0"/>
  <testcase name="testWriteHive4ReadHive4UsingLegacyConversion(String)[1366]" classname="org.apache.hadoop.hive.ql.io.parquet.serde.TestParquetTimestampsHive2Compatibility" time="0"/>
  <testcase name="testWriteHive4ReadHive4UsingLegacyConversion(String)[1367]" classname="org.apache.hadoop.hive.ql.io.parquet.serde.TestParquetTimestampsHive2Compatibility" time="0.001"/>
  <testcase name="testWriteHive4ReadHive4UsingLegacyConversion(String)[1368]" classname="org.apache.hadoop.hive.ql.io.parquet.serde.TestParquetTimestampsHive2Compatibility" time="0"/>
  <testcase name="testWriteHive4ReadHive4UsingLegacyConversion(String)[1369]" classname="org.apache.hadoop.hive.ql.io.parquet.serde.TestParquetTimestampsHive2Compatibility" time="0"/>
  <testcase name="testWriteHive4ReadHive4UsingLegacyConversion(String)[1370]" classname="org.apache.hadoop.hive.ql.io.parquet.serde.TestParquetTimestampsHive2Compatibility" time="0"/>
  <testcase name="testWriteHive4ReadHive4UsingLegacyConversion(String)[1371]" classname="org.apache.hadoop.hive.ql.io.parquet.serde.TestParquetTimestampsHive2Compatibility" time="0"/>
  <testcase name="testWriteHive4ReadHive4UsingLegacyConversion(String)[1372]" classname="org.apache.hadoop.hive.ql.io.parquet.serde.TestParquetTimestampsHive2Compatibility" time="0"/>
  <testcase name="testWriteHive4ReadHive4UsingLegacyConversion(String)[1373]" classname="org.apache.hadoop.hive.ql.io.parquet.serde.TestParquetTimestampsHive2Compatibility" time="0"/>
  <testcase name="testWriteHive4ReadHive4UsingLegacyConversion(String)[1374]" classname="org.apache.hadoop.hive.ql.io.parquet.serde.TestParquetTimestampsHive2Compatibility" time="0.001"/>
  <testcase name="testWriteHive4ReadHive4UsingLegacyConversion(String)[1375]" classname="org.apache.hadoop.hive.ql.io.parquet.serde.TestParquetTimestampsHive2Compatibility" time="0"/>
  <testcase name="testWriteHive4ReadHive4UsingLegacyConversion(String)[1376]" classname="org.apache.hadoop.hive.ql.io.parquet.serde.TestParquetTimestampsHive2Compatibility" time="0"/>
  <testcase name="testWriteHive4ReadHive4UsingLegacyConversion(String)[1377]" classname="org.apache.hadoop.hive.ql.io.parquet.serde.TestParquetTimestampsHive2Compatibility" time="0"/>
  <testcase name="testWriteHive4ReadHive4UsingLegacyConversion(String)[1378]" classname="org.apache.hadoop.hive.ql.io.parquet.serde.TestParquetTimestampsHive2Compatibility" time="0.001"/>
  <testcase name="testWriteHive4ReadHive4UsingLegacyConversion(String)[1379]" classname="org.apache.hadoop.hive.ql.io.parquet.serde.TestParquetTimestampsHive2Compatibility" time="0"/>
  <testcase name="testWriteHive4ReadHive4UsingLegacyConversion(String)[1380]" classname="org.apache.hadoop.hive.ql.io.parquet.serde.TestParquetTimestampsHive2Compatibility" time="0"/>
  <testcase name="testWriteHive4ReadHive4UsingLegacyConversion(String)[1381]" classname="org.apache.hadoop.hive.ql.io.parquet.serde.TestParquetTimestampsHive2Compatibility" time="0"/>
  <testcase name="testWriteHive4ReadHive4UsingLegacyConversion(String)[1382]" classname="org.apache.hadoop.hive.ql.io.parquet.serde.TestParquetTimestampsHive2Compatibility" time="0"/>
  <testcase name="testWriteHive4ReadHive4UsingLegacyConversion(String)[1383]" classname="org.apache.hadoop.hive.ql.io.parquet.serde.TestParquetTimestampsHive2Compatibility" time="0"/>
  <testcase name="testWriteHive4ReadHive4UsingLegacyConversion(String)[1384]" classname="org.apache.hadoop.hive.ql.io.parquet.serde.TestParquetTimestampsHive2Compatibility" time="0"/>
  <testcase name="testWriteHive4ReadHive4UsingLegacyConversion(String)[1385]" classname="org.apache.hadoop.hive.ql.io.parquet.serde.TestParquetTimestampsHive2Compatibility" time="0"/>
  <testcase name="testWriteHive4ReadHive4UsingLegacyConversion(String)[1386]" classname="org.apache.hadoop.hive.ql.io.parquet.serde.TestParquetTimestampsHive2Compatibility" time="0"/>
  <testcase name="testWriteHive4ReadHive4UsingLegacyConversion(String)[1387]" classname="org.apache.hadoop.hive.ql.io.parquet.serde.TestParquetTimestampsHive2Compatibility" time="0"/>
  <testcase name="testWriteHive4ReadHive4UsingLegacyConversion(String)[1388]" classname="org.apache.hadoop.hive.ql.io.parquet.serde.TestParquetTimestampsHive2Compatibility" time="0"/>
  <testcase name="testWriteHive4ReadHive4UsingLegacyConversion(String)[1389]" classname="org.apache.hadoop.hive.ql.io.parquet.serde.TestParquetTimestampsHive2Compatibility" time="0"/>
  <testcase name="testWriteHive4ReadHive4UsingLegacyConversion(String)[1390]" classname="org.apache.hadoop.hive.ql.io.parquet.serde.TestParquetTimestampsHive2Compatibility" time="0"/>
  <testcase name="testWriteHive4ReadHive4UsingLegacyConversion(String)[1391]" classname="org.apache.hadoop.hive.ql.io.parquet.serde.TestParquetTimestampsHive2Compatibility" time="0"/>
  <testcase name="testWriteHive4ReadHive4UsingLegacyConversion(String)[1392]" classname="org.apache.hadoop.hive.ql.io.parquet.serde.TestParquetTimestampsHive2Compatibility" time="0.001"/>
  <testcase name="testWriteHive4ReadHive4UsingLegacyConversion(String)[1393]" classname="org.apache.hadoop.hive.ql.io.parquet.serde.TestParquetTimestampsHive2Compatibility" time="0"/>
  <testcase name="testWriteHive4ReadHive4UsingLegacyConversion(String)[1394]" classname="org.apache.hadoop.hive.ql.io.parquet.serde.TestParquetTimestampsHive2Compatibility" time="0"/>
  <testcase name="testWriteHive4ReadHive4UsingLegacyConversion(String)[1395]" classname="org.apache.hadoop.hive.ql.io.parquet.serde.TestParquetTimestampsHive2Compatibility" time="0"/>
  <testcase name="testWriteHive4ReadHive4UsingLegacyConversion(String)[1396]" classname="org.apache.hadoop.hive.ql.io.parquet.serde.TestParquetTimestampsHive2Compatibility" time="0"/>
  <testcase name="testWriteHive4ReadHive4UsingLegacyConversion(String)[1397]" classname="org.apache.hadoop.hive.ql.io.parquet.serde.TestParquetTimestampsHive2Compatibility" time="0.001"/>
  <testcase name="testWriteHive4ReadHive4UsingLegacyConversion(String)[1398]" classname="org.apache.hadoop.hive.ql.io.parquet.serde.TestParquetTimestampsHive2Compatibility" time="0"/>
  <testcase name="testWriteHive4ReadHive4UsingLegacyConversion(String)[1399]" classname="org.apache.hadoop.hive.ql.io.parquet.serde.TestParquetTimestampsHive2Compatibility" time="0"/>
  <testcase name="testWriteHive4ReadHive4UsingLegacyConversion(String)[1400]" classname="org.apache.hadoop.hive.ql.io.parquet.serde.TestParquetTimestampsHive2Compatibility" time="0"/>
  <testcase name="testWriteHive4ReadHive4UsingLegacyConversion(String)[1401]" classname="org.apache.hadoop.hive.ql.io.parquet.serde.TestParquetTimestampsHive2Compatibility" time="0"/>
  <testcase name="testWriteHive4ReadHive4UsingLegacyConversion(String)[1402]" classname="org.apache.hadoop.hive.ql.io.parquet.serde.TestParquetTimestampsHive2Compatibility" time="0.001"/>
  <testcase name="testWriteHive4ReadHive4UsingLegacyConversion(String)[1403]" classname="org.apache.hadoop.hive.ql.io.parquet.serde.TestParquetTimestampsHive2Compatibility" time="0"/>
  <testcase name="testWriteHive4ReadHive4UsingLegacyConversion(String)[1404]" classname="org.apache.hadoop.hive.ql.io.parquet.serde.TestParquetTimestampsHive2Compatibility" time="0"/>
  <testcase name="testWriteHive4ReadHive4UsingLegacyConversion(String)[1405]" classname="org.apache.hadoop.hive.ql.io.parquet.serde.TestParquetTimestampsHive2Compatibility" time="0.001"/>
  <testcase name="testWriteHive4ReadHive4UsingLegacyConversion(String)[1406]" classname="org.apache.hadoop.hive.ql.io.parquet.serde.TestParquetTimestampsHive2Compatibility" time="0"/>
  <testcase name="testWriteHive4ReadHive4UsingLegacyConversion(String)[1407]" classname="org.apache.hadoop.hive.ql.io.parquet.serde.TestParquetTimestampsHive2Compatibility" time="0"/>
  <testcase name="testWriteHive4ReadHive4UsingLegacyConversion(String)[1408]" classname="org.apache.hadoop.hive.ql.io.parquet.serde.TestParquetTimestampsHive2Compatibility" time="0"/>
  <testcase name="testWriteHive4ReadHive4UsingLegacyConversion(String)[1409]" classname="org.apache.hadoop.hive.ql.io.parquet.serde.TestParquetTimestampsHive2Compatibility" time="0"/>
  <testcase name="testWriteHive4ReadHive4UsingLegacyConversion(String)[1410]" classname="org.apache.hadoop.hive.ql.io.parquet.serde.TestParquetTimestampsHive2Compatibility" time="0.001"/>
  <testcase name="testWriteHive4ReadHive4UsingLegacyConversion(String)[1411]" classname="org.apache.hadoop.hive.ql.io.parquet.serde.TestParquetTimestampsHive2Compatibility" time="0"/>
  <testcase name="testWriteHive4ReadHive4UsingLegacyConversion(String)[1412]" classname="org.apache.hadoop.hive.ql.io.parquet.serde.TestParquetTimestampsHive2Compatibility" time="0"/>
  <testcase name="testWriteHive4ReadHive4UsingLegacyConversion(String)[1413]" classname="org.apache.hadoop.hive.ql.io.parquet.serde.TestParquetTimestampsHive2Compatibility" time="0"/>
  <testcase name="testWriteHive4ReadHive4UsingLegacyConversion(String)[1414]" classname="org.apache.hadoop.hive.ql.io.parquet.serde.TestParquetTimestampsHive2Compatibility" time="0"/>
  <testcase name="testWriteHive4ReadHive4UsingLegacyConversion(String)[1415]" classname="org.apache.hadoop.hive.ql.io.parquet.serde.TestParquetTimestampsHive2Compatibility" time="0"/>
  <testcase name="testWriteHive4ReadHive4UsingLegacyConversion(String)[1416]" classname="org.apache.hadoop.hive.ql.io.parquet.serde.TestParquetTimestampsHive2Compatibility" time="0"/>
  <testcase name="testWriteHive4ReadHive4UsingLegacyConversion(String)[1417]" classname="org.apache.hadoop.hive.ql.io.parquet.serde.TestParquetTimestampsHive2Compatibility" time="0"/>
  <testcase name="testWriteHive4ReadHive4UsingLegacyConversion(String)[1418]" classname="org.apache.hadoop.hive.ql.io.parquet.serde.TestParquetTimestampsHive2Compatibility" time="0"/>
  <testcase name="testWriteHive4ReadHive4UsingLegacyConversion(String)[1419]" classname="org.apache.hadoop.hive.ql.io.parquet.serde.TestParquetTimestampsHive2Compatibility" time="0"/>
  <testcase name="testWriteHive4ReadHive4UsingLegacyConversion(String)[1420]" classname="org.apache.hadoop.hive.ql.io.parquet.serde.TestParquetTimestampsHive2Compatibility" time="0"/>
  <testcase name="testWriteHive4ReadHive4UsingLegacyConversion(String)[1421]" classname="org.apache.hadoop.hive.ql.io.parquet.serde.TestParquetTimestampsHive2Compatibility" time="0.001"/>
  <testcase name="testWriteHive4ReadHive4UsingLegacyConversion(String)[1422]" classname="org.apache.hadoop.hive.ql.io.parquet.serde.TestParquetTimestampsHive2Compatibility" time="0"/>
  <testcase name="testWriteHive4ReadHive4UsingLegacyConversion(String)[1423]" classname="org.apache.hadoop.hive.ql.io.parquet.serde.TestParquetTimestampsHive2Compatibility" time="0"/>
  <testcase name="testWriteHive4ReadHive4UsingLegacyConversion(String)[1424]" classname="org.apache.hadoop.hive.ql.io.parquet.serde.TestParquetTimestampsHive2Compatibility" time="0"/>
  <testcase name="testWriteHive4ReadHive4UsingLegacyConversion(String)[1425]" classname="org.apache.hadoop.hive.ql.io.parquet.serde.TestParquetTimestampsHive2Compatibility" time="0"/>
  <testcase name="testWriteHive4ReadHive4UsingLegacyConversion(String)[1426]" classname="org.apache.hadoop.hive.ql.io.parquet.serde.TestParquetTimestampsHive2Compatibility" time="0"/>
  <testcase name="testWriteHive4ReadHive4UsingLegacyConversion(String)[1427]" classname="org.apache.hadoop.hive.ql.io.parquet.serde.TestParquetTimestampsHive2Compatibility" time="0"/>
  <testcase name="testWriteHive4ReadHive4UsingLegacyConversion(String)[1428]" classname="org.apache.hadoop.hive.ql.io.parquet.serde.TestParquetTimestampsHive2Compatibility" time="0"/>
  <testcase name="testWriteHive4ReadHive4UsingLegacyConversion(String)[1429]" classname="org.apache.hadoop.hive.ql.io.parquet.serde.TestParquetTimestampsHive2Compatibility" time="0"/>
  <testcase name="testWriteHive4ReadHive4UsingLegacyConversion(String)[1430]" classname="org.apache.hadoop.hive.ql.io.parquet.serde.TestParquetTimestampsHive2Compatibility" time="0"/>
  <testcase name="testWriteHive4ReadHive4UsingLegacyConversion(String)[1431]" classname="org.apache.hadoop.hive.ql.io.parquet.serde.TestParquetTimestampsHive2Compatibility" time="0"/>
  <testcase name="testWriteHive4ReadHive4UsingLegacyConversion(String)[1432]" classname="org.apache.hadoop.hive.ql.io.parquet.serde.TestParquetTimestampsHive2Compatibility" time="0.001"/>
  <testcase name="testWriteHive4ReadHive4UsingLegacyConversion(String)[1433]" classname="org.apache.hadoop.hive.ql.io.parquet.serde.TestParquetTimestampsHive2Compatibility" time="0"/>
  <testcase name="testWriteHive4ReadHive4UsingLegacyConversion(String)[1434]" classname="org.apache.hadoop.hive.ql.io.parquet.serde.TestParquetTimestampsHive2Compatibility" time="0"/>
  <testcase name="testWriteHive4ReadHive4UsingLegacyConversion(String)[1435]" classname="org.apache.hadoop.hive.ql.io.parquet.serde.TestParquetTimestampsHive2Compatibility" time="0.001"/>
  <testcase name="testWriteHive4ReadHive4UsingLegacyConversion(String)[1436]" classname="org.apache.hadoop.hive.ql.io.parquet.serde.TestParquetTimestampsHive2Compatibility" time="0"/>
  <testcase name="testWriteHive4ReadHive4UsingLegacyConversion(String)[1437]" classname="org.apache.hadoop.hive.ql.io.parquet.serde.TestParquetTimestampsHive2Compatibility" time="0"/>
  <testcase name="testWriteHive4ReadHive4UsingLegacyConversion(String)[1438]" classname="org.apache.hadoop.hive.ql.io.parquet.serde.TestParquetTimestampsHive2Compatibility" time="0.001"/>
  <testcase name="testWriteHive4ReadHive4UsingLegacyConversion(String)[1439]" classname="org.apache.hadoop.hive.ql.io.parquet.serde.TestParquetTimestampsHive2Compatibility" time="0"/>
  <testcase name="testWriteHive4ReadHive4UsingLegacyConversion(String)[1440]" classname="org.apache.hadoop.hive.ql.io.parquet.serde.TestParquetTimestampsHive2Compatibility" time="0"/>
  <testcase name="testWriteHive4ReadHive4UsingLegacyConversion(String)[1441]" classname="org.apache.hadoop.hive.ql.io.parquet.serde.TestParquetTimestampsHive2Compatibility" time="0.001"/>
  <testcase name="testWriteHive4ReadHive4UsingLegacyConversion(String)[1442]" classname="org.apache.hadoop.hive.ql.io.parquet.serde.TestParquetTimestampsHive2Compatibility" time="0"/>
  <testcase name="testWriteHive4ReadHive4UsingLegacyConversion(String)[1443]" classname="org.apache.hadoop.hive.ql.io.parquet.serde.TestParquetTimestampsHive2Compatibility" time="0"/>
  <testcase name="testWriteHive4ReadHive4UsingLegacyConversion(String)[1444]" classname="org.apache.hadoop.hive.ql.io.parquet.serde.TestParquetTimestampsHive2Compatibility" time="0"/>
  <testcase name="testWriteHive4ReadHive4UsingLegacyConversion(String)[1445]" classname="org.apache.hadoop.hive.ql.io.parquet.serde.TestParquetTimestampsHive2Compatibility" time="0"/>
  <testcase name="testWriteHive4ReadHive4UsingLegacyConversion(String)[1446]" classname="org.apache.hadoop.hive.ql.io.parquet.serde.TestParquetTimestampsHive2Compatibility" time="0"/>
  <testcase name="testWriteHive4ReadHive4UsingLegacyConversion(String)[1447]" classname="org.apache.hadoop.hive.ql.io.parquet.serde.TestParquetTimestampsHive2Compatibility" time="0"/>
  <testcase name="testWriteHive4ReadHive4UsingLegacyConversion(String)[1448]" classname="org.apache.hadoop.hive.ql.io.parquet.serde.TestParquetTimestampsHive2Compatibility" time="0"/>
  <testcase name="testWriteHive4ReadHive4UsingLegacyConversion(String)[1449]" classname="org.apache.hadoop.hive.ql.io.parquet.serde.TestParquetTimestampsHive2Compatibility" time="0"/>
  <testcase name="testWriteHive4ReadHive4UsingLegacyConversion(String)[1450]" classname="org.apache.hadoop.hive.ql.io.parquet.serde.TestParquetTimestampsHive2Compatibility" time="0"/>
  <testcase name="testWriteHive4ReadHive4UsingLegacyConversion(String)[1451]" classname="org.apache.hadoop.hive.ql.io.parquet.serde.TestParquetTimestampsHive2Compatibility" time="0"/>
  <testcase name="testWriteHive4ReadHive4UsingLegacyConversion(String)[1452]" classname="org.apache.hadoop.hive.ql.io.parquet.serde.TestParquetTimestampsHive2Compatibility" time="0"/>
  <testcase name="testWriteHive4ReadHive4UsingLegacyConversion(String)[1453]" classname="org.apache.hadoop.hive.ql.io.parquet.serde.TestParquetTimestampsHive2Compatibility" time="0.001"/>
  <testcase name="testWriteHive4ReadHive4UsingLegacyConversion(String)[1454]" classname="org.apache.hadoop.hive.ql.io.parquet.serde.TestParquetTimestampsHive2Compatibility" time="0"/>
  <testcase name="testWriteHive4ReadHive4UsingLegacyConversion(String)[1455]" classname="org.apache.hadoop.hive.ql.io.parquet.serde.TestParquetTimestampsHive2Compatibility" time="0"/>
  <testcase name="testWriteHive4ReadHive4UsingLegacyConversion(String)[1456]" classname="org.apache.hadoop.hive.ql.io.parquet.serde.TestParquetTimestampsHive2Compatibility" time="0.001"/>
  <testcase name="testWriteHive4ReadHive4UsingLegacyConversion(String)[1457]" classname="org.apache.hadoop.hive.ql.io.parquet.serde.TestParquetTimestampsHive2Compatibility" time="0"/>
  <testcase name="testWriteHive4ReadHive4UsingLegacyConversion(String)[1458]" classname="org.apache.hadoop.hive.ql.io.parquet.serde.TestParquetTimestampsHive2Compatibility" time="0"/>
  <testcase name="testWriteHive4ReadHive4UsingLegacyConversion(String)[1459]" classname="org.apache.hadoop.hive.ql.io.parquet.serde.TestParquetTimestampsHive2Compatibility" time="0.001"/>
  <testcase name="testWriteHive4ReadHive4UsingLegacyConversion(String)[1460]" classname="org.apache.hadoop.hive.ql.io.parquet.serde.TestParquetTimestampsHive2Compatibility" time="0"/>
  <testcase name="testWriteHive4ReadHive4UsingLegacyConversion(String)[1461]" classname="org.apache.hadoop.hive.ql.io.parquet.serde.TestParquetTimestampsHive2Compatibility" time="0"/>
  <testcase name="testWriteHive4ReadHive4UsingLegacyConversion(String)[1462]" classname="org.apache.hadoop.hive.ql.io.parquet.serde.TestParquetTimestampsHive2Compatibility" time="0"/>
  <testcase name="testWriteHive4ReadHive4UsingLegacyConversion(String)[1463]" classname="org.apache.hadoop.hive.ql.io.parquet.serde.TestParquetTimestampsHive2Compatibility" time="0"/>
  <testcase name="testWriteHive4ReadHive4UsingLegacyConversion(String)[1464]" classname="org.apache.hadoop.hive.ql.io.parquet.serde.TestParquetTimestampsHive2Compatibility" time="0"/>
  <testcase name="testWriteHive4ReadHive4UsingLegacyConversion(String)[1465]" classname="org.apache.hadoop.hive.ql.io.parquet.serde.TestParquetTimestampsHive2Compatibility" time="0"/>
  <testcase name="testWriteHive4ReadHive4UsingLegacyConversion(String)[1466]" classname="org.apache.hadoop.hive.ql.io.parquet.serde.TestParquetTimestampsHive2Compatibility" time="0"/>
  <testcase name="testWriteHive4ReadHive4UsingLegacyConversion(String)[1467]" classname="org.apache.hadoop.hive.ql.io.parquet.serde.TestParquetTimestampsHive2Compatibility" time="0.001"/>
  <testcase name="testWriteHive4ReadHive4UsingLegacyConversion(String)[1468]" classname="org.apache.hadoop.hive.ql.io.parquet.serde.TestParquetTimestampsHive2Compatibility" time="0"/>
  <testcase name="testWriteHive4ReadHive4UsingLegacyConversion(String)[1469]" classname="org.apache.hadoop.hive.ql.io.parquet.serde.TestParquetTimestampsHive2Compatibility" time="0"/>
  <testcase name="testWriteHive4ReadHive4UsingLegacyConversion(String)[1470]" classname="org.apache.hadoop.hive.ql.io.parquet.serde.TestParquetTimestampsHive2Compatibility" time="0.001"/>
  <testcase name="testWriteHive4ReadHive4UsingLegacyConversion(String)[1471]" classname="org.apache.hadoop.hive.ql.io.parquet.serde.TestParquetTimestampsHive2Compatibility" time="0"/>
  <testcase name="testWriteHive4ReadHive4UsingLegacyConversion(String)[1472]" classname="org.apache.hadoop.hive.ql.io.parquet.serde.TestParquetTimestampsHive2Compatibility" time="0"/>
  <testcase name="testWriteHive4ReadHive4UsingLegacyConversion(String)[1473]" classname="org.apache.hadoop.hive.ql.io.parquet.serde.TestParquetTimestampsHive2Compatibility" time="0.001"/>
  <testcase name="testWriteHive4ReadHive4UsingLegacyConversion(String)[1474]" classname="org.apache.hadoop.hive.ql.io.parquet.serde.TestParquetTimestampsHive2Compatibility" time="0"/>
  <testcase name="testWriteHive4ReadHive4UsingLegacyConversion(String)[1475]" classname="org.apache.hadoop.hive.ql.io.parquet.serde.TestParquetTimestampsHive2Compatibility" time="0"/>
  <testcase name="testWriteHive4ReadHive4UsingLegacyConversion(String)[1476]" classname="org.apache.hadoop.hive.ql.io.parquet.serde.TestParquetTimestampsHive2Compatibility" time="0"/>
  <testcase name="testWriteHive4ReadHive4UsingLegacyConversion(String)[1477]" classname="org.apache.hadoop.hive.ql.io.parquet.serde.TestParquetTimestampsHive2Compatibility" time="0"/>
  <testcase name="testWriteHive4ReadHive4UsingLegacyConversion(String)[1478]" classname="org.apache.hadoop.hive.ql.io.parquet.serde.TestParquetTimestampsHive2Compatibility" time="0"/>
  <testcase name="testWriteHive4ReadHive4UsingLegacyConversion(String)[1479]" classname="org.apache.hadoop.hive.ql.io.parquet.serde.TestParquetTimestampsHive2Compatibility" time="0"/>
  <testcase name="testWriteHive4ReadHive4UsingLegacyConversion(String)[1480]" classname="org.apache.hadoop.hive.ql.io.parquet.serde.TestParquetTimestampsHive2Compatibility" time="0"/>
  <testcase name="testWriteHive4ReadHive4UsingLegacyConversion(String)[1481]" classname="org.apache.hadoop.hive.ql.io.parquet.serde.TestParquetTimestampsHive2Compatibility" time="0"/>
  <testcase name="testWriteHive4ReadHive4UsingLegacyConversion(String)[1482]" classname="org.apache.hadoop.hive.ql.io.parquet.serde.TestParquetTimestampsHive2Compatibility" time="0"/>
  <testcase name="testWriteHive4ReadHive4UsingLegacyConversion(String)[1483]" classname="org.apache.hadoop.hive.ql.io.parquet.serde.TestParquetTimestampsHive2Compatibility" time="0"/>
  <testcase name="testWriteHive4ReadHive4UsingLegacyConversion(String)[1484]" classname="org.apache.hadoop.hive.ql.io.parquet.serde.TestParquetTimestampsHive2Compatibility" time="0"/>
  <testcase name="testWriteHive4ReadHive4UsingLegacyConversion(String)[1485]" classname="org.apache.hadoop.hive.ql.io.parquet.serde.TestParquetTimestampsHive2Compatibility" time="0"/>
  <testcase name="testWriteHive4ReadHive4UsingLegacyConversion(String)[1486]" classname="org.apache.hadoop.hive.ql.io.parquet.serde.TestParquetTimestampsHive2Compatibility" time="0"/>
  <testcase name="testWriteHive4ReadHive4UsingLegacyConversion(String)[1487]" classname="org.apache.hadoop.hive.ql.io.parquet.serde.TestParquetTimestampsHive2Compatibility" time="0"/>
  <testcase name="testWriteHive4ReadHive4UsingLegacyConversion(String)[1488]" classname="org.apache.hadoop.hive.ql.io.parquet.serde.TestParquetTimestampsHive2Compatibility" time="0"/>
  <testcase name="testWriteHive4ReadHive4UsingLegacyConversion(String)[1489]" classname="org.apache.hadoop.hive.ql.io.parquet.serde.TestParquetTimestampsHive2Compatibility" time="0"/>
  <testcase name="testWriteHive4ReadHive4UsingLegacyConversion(String)[1490]" classname="org.apache.hadoop.hive.ql.io.parquet.serde.TestParquetTimestampsHive2Compatibility" time="0"/>
  <testcase name="testWriteHive4ReadHive4UsingLegacyConversion(String)[1491]" classname="org.apache.hadoop.hive.ql.io.parquet.serde.TestParquetTimestampsHive2Compatibility" time="0"/>
  <testcase name="testWriteHive4ReadHive4UsingLegacyConversion(String)[1492]" classname="org.apache.hadoop.hive.ql.io.parquet.serde.TestParquetTimestampsHive2Compatibility" time="0.001"/>
  <testcase name="testWriteHive4ReadHive4UsingLegacyConversion(String)[1493]" classname="org.apache.hadoop.hive.ql.io.parquet.serde.TestParquetTimestampsHive2Compatibility" time="0"/>
  <testcase name="testWriteHive4ReadHive4UsingLegacyConversion(String)[1494]" classname="org.apache.hadoop.hive.ql.io.parquet.serde.TestParquetTimestampsHive2Compatibility" time="0"/>
  <testcase name="testWriteHive4ReadHive4UsingLegacyConversion(String)[1495]" classname="org.apache.hadoop.hive.ql.io.parquet.serde.TestParquetTimestampsHive2Compatibility" time="0"/>
  <testcase name="testWriteHive4ReadHive4UsingLegacyConversion(String)[1496]" classname="org.apache.hadoop.hive.ql.io.parquet.serde.TestParquetTimestampsHive2Compatibility" time="0"/>
  <testcase name="testWriteHive4ReadHive4UsingLegacyConversion(String)[1497]" classname="org.apache.hadoop.hive.ql.io.parquet.serde.TestParquetTimestampsHive2Compatibility" time="0"/>
  <testcase name="testWriteHive4ReadHive4UsingLegacyConversion(String)[1498]" classname="org.apache.hadoop.hive.ql.io.parquet.serde.TestParquetTimestampsHive2Compatibility" time="0"/>
  <testcase name="testWriteHive4ReadHive4UsingLegacyConversion(String)[1499]" classname="org.apache.hadoop.hive.ql.io.parquet.serde.TestParquetTimestampsHive2Compatibility" time="0"/>
  <testcase name="testWriteHive4ReadHive4UsingLegacyConversion(String)[1500]" classname="org.apache.hadoop.hive.ql.io.parquet.serde.TestParquetTimestampsHive2Compatibility" time="0"/>
  <testcase name="testWriteHive4ReadHive4UsingLegacyConversion(String)[1501]" classname="org.apache.hadoop.hive.ql.io.parquet.serde.TestParquetTimestampsHive2Compatibility" time="0"/>
  <testcase name="testWriteHive4ReadHive4UsingLegacyConversion(String)[1502]" classname="org.apache.hadoop.hive.ql.io.parquet.serde.TestParquetTimestampsHive2Compatibility" time="0"/>
  <testcase name="testWriteHive4ReadHive4UsingLegacyConversion(String)[1503]" classname="org.apache.hadoop.hive.ql.io.parquet.serde.TestParquetTimestampsHive2Compatibility" time="0"/>
  <testcase name="testWriteHive4ReadHive4UsingLegacyConversion(String)[1504]" classname="org.apache.hadoop.hive.ql.io.parquet.serde.TestParquetTimestampsHive2Compatibility" time="0"/>
  <testcase name="testWriteHive4ReadHive4UsingLegacyConversion(String)[1505]" classname="org.apache.hadoop.hive.ql.io.parquet.serde.TestParquetTimestampsHive2Compatibility" time="0"/>
  <testcase name="testWriteHive4ReadHive4UsingLegacyConversion(String)[1506]" classname="org.apache.hadoop.hive.ql.io.parquet.serde.TestParquetTimestampsHive2Compatibility" time="0"/>
  <testcase name="testWriteHive4ReadHive4UsingLegacyConversion(String)[1507]" classname="org.apache.hadoop.hive.ql.io.parquet.serde.TestParquetTimestampsHive2Compatibility" time="0"/>
  <testcase name="testWriteHive4ReadHive4UsingLegacyConversion(String)[1508]" classname="org.apache.hadoop.hive.ql.io.parquet.serde.TestParquetTimestampsHive2Compatibility" time="0"/>
  <testcase name="testWriteHive4ReadHive4UsingLegacyConversion(String)[1509]" classname="org.apache.hadoop.hive.ql.io.parquet.serde.TestParquetTimestampsHive2Compatibility" time="0"/>
  <testcase name="testWriteHive4ReadHive4UsingLegacyConversion(String)[1510]" classname="org.apache.hadoop.hive.ql.io.parquet.serde.TestParquetTimestampsHive2Compatibility" time="0"/>
  <testcase name="testWriteHive4ReadHive4UsingLegacyConversion(String)[1511]" classname="org.apache.hadoop.hive.ql.io.parquet.serde.TestParquetTimestampsHive2Compatibility" time="0"/>
  <testcase name="testWriteHive4ReadHive4UsingLegacyConversion(String)[1512]" classname="org.apache.hadoop.hive.ql.io.parquet.serde.TestParquetTimestampsHive2Compatibility" time="0"/>
  <testcase name="testWriteHive4ReadHive4UsingLegacyConversion(String)[1513]" classname="org.apache.hadoop.hive.ql.io.parquet.serde.TestParquetTimestampsHive2Compatibility" time="0"/>
  <testcase name="testWriteHive4ReadHive4UsingLegacyConversion(String)[1514]" classname="org.apache.hadoop.hive.ql.io.parquet.serde.TestParquetTimestampsHive2Compatibility" time="0"/>
  <testcase name="testWriteHive4ReadHive4UsingLegacyConversion(String)[1515]" classname="org.apache.hadoop.hive.ql.io.parquet.serde.TestParquetTimestampsHive2Compatibility" time="0"/>
  <testcase name="testWriteHive4ReadHive4UsingLegacyConversion(String)[1516]" classname="org.apache.hadoop.hive.ql.io.parquet.serde.TestParquetTimestampsHive2Compatibility" time="0.001"/>
  <testcase name="testWriteHive4ReadHive4UsingLegacyConversion(String)[1517]" classname="org.apache.hadoop.hive.ql.io.parquet.serde.TestParquetTimestampsHive2Compatibility" time="0"/>
  <testcase name="testWriteHive4ReadHive4UsingLegacyConversion(String)[1518]" classname="org.apache.hadoop.hive.ql.io.parquet.serde.TestParquetTimestampsHive2Compatibility" time="0"/>
  <testcase name="testWriteHive4ReadHive4UsingLegacyConversion(String)[1519]" classname="org.apache.hadoop.hive.ql.io.parquet.serde.TestParquetTimestampsHive2Compatibility" time="0"/>
  <testcase name="testWriteHive4ReadHive4UsingLegacyConversion(String)[1520]" classname="org.apache.hadoop.hive.ql.io.parquet.serde.TestParquetTimestampsHive2Compatibility" time="0"/>
  <testcase name="testWriteHive4ReadHive4UsingLegacyConversion(String)[1521]" classname="org.apache.hadoop.hive.ql.io.parquet.serde.TestParquetTimestampsHive2Compatibility" time="0"/>
  <testcase name="testWriteHive4ReadHive4UsingLegacyConversion(String)[1522]" classname="org.apache.hadoop.hive.ql.io.parquet.serde.TestParquetTimestampsHive2Compatibility" time="0.001"/>
  <testcase name="testWriteHive4ReadHive4UsingLegacyConversion(String)[1523]" classname="org.apache.hadoop.hive.ql.io.parquet.serde.TestParquetTimestampsHive2Compatibility" time="0"/>
  <testcase name="testWriteHive4ReadHive4UsingLegacyConversion(String)[1524]" classname="org.apache.hadoop.hive.ql.io.parquet.serde.TestParquetTimestampsHive2Compatibility" time="0"/>
  <testcase name="testWriteHive4ReadHive4UsingLegacyConversion(String)[1525]" classname="org.apache.hadoop.hive.ql.io.parquet.serde.TestParquetTimestampsHive2Compatibility" time="0"/>
  <testcase name="testWriteHive4ReadHive4UsingLegacyConversion(String)[1526]" classname="org.apache.hadoop.hive.ql.io.parquet.serde.TestParquetTimestampsHive2Compatibility" time="0"/>
  <testcase name="testWriteHive4ReadHive4UsingLegacyConversion(String)[1527]" classname="org.apache.hadoop.hive.ql.io.parquet.serde.TestParquetTimestampsHive2Compatibility" time="0"/>
  <testcase name="testWriteHive4ReadHive4UsingLegacyConversion(String)[1528]" classname="org.apache.hadoop.hive.ql.io.parquet.serde.TestParquetTimestampsHive2Compatibility" time="0.001"/>
  <testcase name="testWriteHive4ReadHive4UsingLegacyConversion(String)[1529]" classname="org.apache.hadoop.hive.ql.io.parquet.serde.TestParquetTimestampsHive2Compatibility" time="0"/>
  <testcase name="testWriteHive4ReadHive4UsingLegacyConversion(String)[1530]" classname="org.apache.hadoop.hive.ql.io.parquet.serde.TestParquetTimestampsHive2Compatibility" time="0"/>
  <testcase name="testWriteHive4ReadHive4UsingLegacyConversion(String)[1531]" classname="org.apache.hadoop.hive.ql.io.parquet.serde.TestParquetTimestampsHive2Compatibility" time="0"/>
  <testcase name="testWriteHive4ReadHive4UsingLegacyConversion(String)[1532]" classname="org.apache.hadoop.hive.ql.io.parquet.serde.TestParquetTimestampsHive2Compatibility" time="0"/>
  <testcase name="testWriteHive4ReadHive4UsingLegacyConversion(String)[1533]" classname="org.apache.hadoop.hive.ql.io.parquet.serde.TestParquetTimestampsHive2Compatibility" time="0"/>
  <testcase name="testWriteHive4ReadHive4UsingLegacyConversion(String)[1534]" classname="org.apache.hadoop.hive.ql.io.parquet.serde.TestParquetTimestampsHive2Compatibility" time="0"/>
  <testcase name="testWriteHive4ReadHive4UsingLegacyConversion(String)[1535]" classname="org.apache.hadoop.hive.ql.io.parquet.serde.TestParquetTimestampsHive2Compatibility" time="0"/>
  <testcase name="testWriteHive4ReadHive4UsingLegacyConversion(String)[1536]" classname="org.apache.hadoop.hive.ql.io.parquet.serde.TestParquetTimestampsHive2Compatibility" time="0"/>
  <testcase name="testWriteHive4ReadHive4UsingLegacyConversion(String)[1537]" classname="org.apache.hadoop.hive.ql.io.parquet.serde.TestParquetTimestampsHive2Compatibility" time="0"/>
  <testcase name="testWriteHive4ReadHive4UsingLegacyConversion(String)[1538]" classname="org.apache.hadoop.hive.ql.io.parquet.serde.TestParquetTimestampsHive2Compatibility" time="0.001"/>
  <testcase name="testWriteHive4ReadHive4UsingLegacyConversion(String)[1539]" classname="org.apache.hadoop.hive.ql.io.parquet.serde.TestParquetTimestampsHive2Compatibility" time="0"/>
  <testcase name="testWriteHive4ReadHive4UsingLegacyConversion(String)[1540]" classname="org.apache.hadoop.hive.ql.io.parquet.serde.TestParquetTimestampsHive2Compatibility" time="0"/>
  <testcase name="testWriteHive4ReadHive4UsingLegacyConversion(String)[1541]" classname="org.apache.hadoop.hive.ql.io.parquet.serde.TestParquetTimestampsHive2Compatibility" time="0"/>
  <testcase name="testWriteHive4ReadHive4UsingLegacyConversion(String)[1542]" classname="org.apache.hadoop.hive.ql.io.parquet.serde.TestParquetTimestampsHive2Compatibility" time="0"/>
  <testcase name="testWriteHive4ReadHive4UsingLegacyConversion(String)[1543]" classname="org.apache.hadoop.hive.ql.io.parquet.serde.TestParquetTimestampsHive2Compatibility" time="0"/>
  <testcase name="testWriteHive4ReadHive4UsingLegacyConversion(String)[1544]" classname="org.apache.hadoop.hive.ql.io.parquet.serde.TestParquetTimestampsHive2Compatibility" time="0"/>
  <testcase name="testWriteHive4ReadHive4UsingLegacyConversion(String)[1545]" classname="org.apache.hadoop.hive.ql.io.parquet.serde.TestParquetTimestampsHive2Compatibility" time="0"/>
  <testcase name="testWriteHive4ReadHive4UsingLegacyConversion(String)[1546]" classname="org.apache.hadoop.hive.ql.io.parquet.serde.TestParquetTimestampsHive2Compatibility" time="0"/>
  <testcase name="testWriteHive4ReadHive4UsingLegacyConversion(String)[1547]" classname="org.apache.hadoop.hive.ql.io.parquet.serde.TestParquetTimestampsHive2Compatibility" time="0"/>
  <testcase name="testWriteHive4ReadHive4UsingLegacyConversion(String)[1548]" classname="org.apache.hadoop.hive.ql.io.parquet.serde.TestParquetTimestampsHive2Compatibility" time="0"/>
  <testcase name="testWriteHive4ReadHive4UsingLegacyConversion(String)[1549]" classname="org.apache.hadoop.hive.ql.io.parquet.serde.TestParquetTimestampsHive2Compatibility" time="0.001"/>
  <testcase name="testWriteHive4ReadHive4UsingLegacyConversion(String)[1550]" classname="org.apache.hadoop.hive.ql.io.parquet.serde.TestParquetTimestampsHive2Compatibility" time="0"/>
  <testcase name="testWriteHive4ReadHive4UsingLegacyConversion(String)[1551]" classname="org.apache.hadoop.hive.ql.io.parquet.serde.TestParquetTimestampsHive2Compatibility" time="0"/>
  <testcase name="testWriteHive4ReadHive4UsingLegacyConversion(String)[1552]" classname="org.apache.hadoop.hive.ql.io.parquet.serde.TestParquetTimestampsHive2Compatibility" time="0"/>
  <testcase name="testWriteHive4ReadHive4UsingLegacyConversion(String)[1553]" classname="org.apache.hadoop.hive.ql.io.parquet.serde.TestParquetTimestampsHive2Compatibility" time="0"/>
  <testcase name="testWriteHive4ReadHive4UsingLegacyConversion(String)[1554]" classname="org.apache.hadoop.hive.ql.io.parquet.serde.TestParquetTimestampsHive2Compatibility" time="0"/>
  <testcase name="testWriteHive4ReadHive4UsingLegacyConversion(String)[1555]" classname="org.apache.hadoop.hive.ql.io.parquet.serde.TestParquetTimestampsHive2Compatibility" time="0.001"/>
  <testcase name="testWriteHive4ReadHive4UsingLegacyConversion(String)[1556]" classname="org.apache.hadoop.hive.ql.io.parquet.serde.TestParquetTimestampsHive2Compatibility" time="0"/>
  <testcase name="testWriteHive4ReadHive4UsingLegacyConversion(String)[1557]" classname="org.apache.hadoop.hive.ql.io.parquet.serde.TestParquetTimestampsHive2Compatibility" time="0"/>
  <testcase name="testWriteHive4ReadHive4UsingLegacyConversion(String)[1558]" classname="org.apache.hadoop.hive.ql.io.parquet.serde.TestParquetTimestampsHive2Compatibility" time="0"/>
  <testcase name="testWriteHive4ReadHive4UsingLegacyConversion(String)[1559]" classname="org.apache.hadoop.hive.ql.io.parquet.serde.TestParquetTimestampsHive2Compatibility" time="0"/>
  <testcase name="testWriteHive4ReadHive4UsingLegacyConversion(String)[1560]" classname="org.apache.hadoop.hive.ql.io.parquet.serde.TestParquetTimestampsHive2Compatibility" time="0"/>
  <testcase name="testWriteHive4ReadHive4UsingLegacyConversion(String)[1561]" classname="org.apache.hadoop.hive.ql.io.parquet.serde.TestParquetTimestampsHive2Compatibility" time="0.001"/>
  <testcase name="testWriteHive4ReadHive4UsingLegacyConversion(String)[1562]" classname="org.apache.hadoop.hive.ql.io.parquet.serde.TestParquetTimestampsHive2Compatibility" time="0"/>
  <testcase name="testWriteHive4ReadHive4UsingLegacyConversion(String)[1563]" classname="org.apache.hadoop.hive.ql.io.parquet.serde.TestParquetTimestampsHive2Compatibility" time="0"/>
  <testcase name="testWriteHive4ReadHive4UsingLegacyConversion(String)[1564]" classname="org.apache.hadoop.hive.ql.io.parquet.serde.TestParquetTimestampsHive2Compatibility" time="0"/>
  <testcase name="testWriteHive4ReadHive4UsingLegacyConversion(String)[1565]" classname="org.apache.hadoop.hive.ql.io.parquet.serde.TestParquetTimestampsHive2Compatibility" time="0"/>
  <testcase name="testWriteHive4ReadHive4UsingLegacyConversion(String)[1566]" classname="org.apache.hadoop.hive.ql.io.parquet.serde.TestParquetTimestampsHive2Compatibility" time="0"/>
  <testcase name="testWriteHive4ReadHive4UsingLegacyConversion(String)[1567]" classname="org.apache.hadoop.hive.ql.io.parquet.serde.TestParquetTimestampsHive2Compatibility" time="0.001"/>
  <testcase name="testWriteHive4ReadHive4UsingLegacyConversion(String)[1568]" classname="org.apache.hadoop.hive.ql.io.parquet.serde.TestParquetTimestampsHive2Compatibility" time="0"/>
  <testcase name="testWriteHive4ReadHive4UsingLegacyConversion(String)[1569]" classname="org.apache.hadoop.hive.ql.io.parquet.serde.TestParquetTimestampsHive2Compatibility" time="0"/>
  <testcase name="testWriteHive4ReadHive4UsingLegacyConversion(String)[1570]" classname="org.apache.hadoop.hive.ql.io.parquet.serde.TestParquetTimestampsHive2Compatibility" time="0"/>
  <testcase name="testWriteHive4ReadHive4UsingLegacyConversion(String)[1571]" classname="org.apache.hadoop.hive.ql.io.parquet.serde.TestParquetTimestampsHive2Compatibility" time="0"/>
  <testcase name="testWriteHive4ReadHive4UsingLegacyConversion(String)[1572]" classname="org.apache.hadoop.hive.ql.io.parquet.serde.TestParquetTimestampsHive2Compatibility" time="0"/>
  <testcase name="testWriteHive4ReadHive4UsingLegacyConversion(String)[1573]" classname="org.apache.hadoop.hive.ql.io.parquet.serde.TestParquetTimestampsHive2Compatibility" time="0.001"/>
  <testcase name="testWriteHive4ReadHive4UsingLegacyConversion(String)[1574]" classname="org.apache.hadoop.hive.ql.io.parquet.serde.TestParquetTimestampsHive2Compatibility" time="0"/>
  <testcase name="testWriteHive4ReadHive4UsingLegacyConversion(String)[1575]" classname="org.apache.hadoop.hive.ql.io.parquet.serde.TestParquetTimestampsHive2Compatibility" time="0"/>
  <testcase name="testWriteHive4ReadHive4UsingLegacyConversion(String)[1576]" classname="org.apache.hadoop.hive.ql.io.parquet.serde.TestParquetTimestampsHive2Compatibility" time="0"/>
  <testcase name="testWriteHive4ReadHive4UsingLegacyConversion(String)[1577]" classname="org.apache.hadoop.hive.ql.io.parquet.serde.TestParquetTimestampsHive2Compatibility" time="0"/>
  <testcase name="testWriteHive4ReadHive4UsingLegacyConversion(String)[1578]" classname="org.apache.hadoop.hive.ql.io.parquet.serde.TestParquetTimestampsHive2Compatibility" time="0"/>
  <testcase name="testWriteHive4ReadHive4UsingLegacyConversion(String)[1579]" classname="org.apache.hadoop.hive.ql.io.parquet.serde.TestParquetTimestampsHive2Compatibility" time="0.001"/>
  <testcase name="testWriteHive4ReadHive4UsingLegacyConversion(String)[1580]" classname="org.apache.hadoop.hive.ql.io.parquet.serde.TestParquetTimestampsHive2Compatibility" time="0"/>
  <testcase name="testWriteHive4ReadHive4UsingLegacyConversion(String)[1581]" classname="org.apache.hadoop.hive.ql.io.parquet.serde.TestParquetTimestampsHive2Compatibility" time="0"/>
  <testcase name="testWriteHive4ReadHive4UsingLegacyConversion(String)[1582]" classname="org.apache.hadoop.hive.ql.io.parquet.serde.TestParquetTimestampsHive2Compatibility" time="0"/>
  <testcase name="testWriteHive4ReadHive4UsingLegacyConversion(String)[1583]" classname="org.apache.hadoop.hive.ql.io.parquet.serde.TestParquetTimestampsHive2Compatibility" time="0"/>
  <testcase name="testWriteHive4ReadHive4UsingLegacyConversion(String)[1584]" classname="org.apache.hadoop.hive.ql.io.parquet.serde.TestParquetTimestampsHive2Compatibility" time="0"/>
  <testcase name="testWriteHive4ReadHive4UsingLegacyConversion(String)[1585]" classname="org.apache.hadoop.hive.ql.io.parquet.serde.TestParquetTimestampsHive2Compatibility" time="0"/>
  <testcase name="testWriteHive4ReadHive4UsingLegacyConversion(String)[1586]" classname="org.apache.hadoop.hive.ql.io.parquet.serde.TestParquetTimestampsHive2Compatibility" time="0"/>
  <testcase name="testWriteHive4ReadHive4UsingLegacyConversion(String)[1587]" classname="org.apache.hadoop.hive.ql.io.parquet.serde.TestParquetTimestampsHive2Compatibility" time="0"/>
  <testcase name="testWriteHive4ReadHive4UsingLegacyConversion(String)[1588]" classname="org.apache.hadoop.hive.ql.io.parquet.serde.TestParquetTimestampsHive2Compatibility" time="0"/>
  <testcase name="testWriteHive4ReadHive4UsingLegacyConversion(String)[1589]" classname="org.apache.hadoop.hive.ql.io.parquet.serde.TestParquetTimestampsHive2Compatibility" time="0"/>
  <testcase name="testWriteHive4ReadHive4UsingLegacyConversion(String)[1590]" classname="org.apache.hadoop.hive.ql.io.parquet.serde.TestParquetTimestampsHive2Compatibility" time="0.001"/>
  <testcase name="testWriteHive4ReadHive4UsingLegacyConversion(String)[1591]" classname="org.apache.hadoop.hive.ql.io.parquet.serde.TestParquetTimestampsHive2Compatibility" time="0"/>
  <testcase name="testWriteHive4ReadHive4UsingLegacyConversion(String)[1592]" classname="org.apache.hadoop.hive.ql.io.parquet.serde.TestParquetTimestampsHive2Compatibility" time="0"/>
  <testcase name="testWriteHive4ReadHive4UsingLegacyConversion(String)[1593]" classname="org.apache.hadoop.hive.ql.io.parquet.serde.TestParquetTimestampsHive2Compatibility" time="0"/>
  <testcase name="testWriteHive4ReadHive4UsingLegacyConversion(String)[1594]" classname="org.apache.hadoop.hive.ql.io.parquet.serde.TestParquetTimestampsHive2Compatibility" time="0"/>
  <testcase name="testWriteHive4ReadHive4UsingLegacyConversion(String)[1595]" classname="org.apache.hadoop.hive.ql.io.parquet.serde.TestParquetTimestampsHive2Compatibility" time="0"/>
  <testcase name="testWriteHive4ReadHive4UsingLegacyConversion(String)[1596]" classname="org.apache.hadoop.hive.ql.io.parquet.serde.TestParquetTimestampsHive2Compatibility" time="0.001"/>
  <testcase name="testWriteHive4ReadHive4UsingLegacyConversion(String)[1597]" classname="org.apache.hadoop.hive.ql.io.parquet.serde.TestParquetTimestampsHive2Compatibility" time="0"/>
  <testcase name="testWriteHive4ReadHive4UsingLegacyConversion(String)[1598]" classname="org.apache.hadoop.hive.ql.io.parquet.serde.TestParquetTimestampsHive2Compatibility" time="0"/>
  <testcase name="testWriteHive4ReadHive4UsingLegacyConversion(String)[1599]" classname="org.apache.hadoop.hive.ql.io.parquet.serde.TestParquetTimestampsHive2Compatibility" time="0"/>
  <testcase name="testWriteHive4ReadHive4UsingLegacyConversion(String)[1600]" classname="org.apache.hadoop.hive.ql.io.parquet.serde.TestParquetTimestampsHive2Compatibility" time="0"/>
  <testcase name="testWriteHive4ReadHive4UsingLegacyConversion(String)[1601]" classname="org.apache.hadoop.hive.ql.io.parquet.serde.TestParquetTimestampsHive2Compatibility" time="0"/>
  <testcase name="testWriteHive4ReadHive4UsingLegacyConversion(String)[1602]" classname="org.apache.hadoop.hive.ql.io.parquet.serde.TestParquetTimestampsHive2Compatibility" time="0.001"/>
  <testcase name="testWriteHive4ReadHive4UsingLegacyConversion(String)[1603]" classname="org.apache.hadoop.hive.ql.io.parquet.serde.TestParquetTimestampsHive2Compatibility" time="0"/>
  <testcase name="testWriteHive4ReadHive4UsingLegacyConversion(String)[1604]" classname="org.apache.hadoop.hive.ql.io.parquet.serde.TestParquetTimestampsHive2Compatibility" time="0"/>
  <testcase name="testWriteHive4ReadHive4UsingLegacyConversion(String)[1605]" classname="org.apache.hadoop.hive.ql.io.parquet.serde.TestParquetTimestampsHive2Compatibility" time="0"/>
  <testcase name="testWriteHive4ReadHive4UsingLegacyConversion(String)[1606]" classname="org.apache.hadoop.hive.ql.io.parquet.serde.TestParquetTimestampsHive2Compatibility" time="0"/>
  <testcase name="testWriteHive4ReadHive4UsingLegacyConversion(String)[1607]" classname="org.apache.hadoop.hive.ql.io.parquet.serde.TestParquetTimestampsHive2Compatibility" time="0"/>
  <testcase name="testWriteHive4ReadHive4UsingLegacyConversion(String)[1608]" classname="org.apache.hadoop.hive.ql.io.parquet.serde.TestParquetTimestampsHive2Compatibility" time="0"/>
  <testcase name="testWriteHive4ReadHive4UsingLegacyConversion(String)[1609]" classname="org.apache.hadoop.hive.ql.io.parquet.serde.TestParquetTimestampsHive2Compatibility" time="0"/>
  <testcase name="testWriteHive4ReadHive4UsingLegacyConversion(String)[1610]" classname="org.apache.hadoop.hive.ql.io.parquet.serde.TestParquetTimestampsHive2Compatibility" time="0"/>
  <testcase name="testWriteHive4ReadHive4UsingLegacyConversion(String)[1611]" classname="org.apache.hadoop.hive.ql.io.parquet.serde.TestParquetTimestampsHive2Compatibility" time="0"/>
  <testcase name="testWriteHive4ReadHive4UsingLegacyConversion(String)[1612]" classname="org.apache.hadoop.hive.ql.io.parquet.serde.TestParquetTimestampsHive2Compatibility" time="0"/>
  <testcase name="testWriteHive4ReadHive4UsingLegacyConversion(String)[1613]" classname="org.apache.hadoop.hive.ql.io.parquet.serde.TestParquetTimestampsHive2Compatibility" time="0"/>
  <testcase name="testWriteHive4ReadHive4UsingLegacyConversion(String)[1614]" classname="org.apache.hadoop.hive.ql.io.parquet.serde.TestParquetTimestampsHive2Compatibility" time="0"/>
  <testcase name="testWriteHive4ReadHive4UsingLegacyConversion(String)[1615]" classname="org.apache.hadoop.hive.ql.io.parquet.serde.TestParquetTimestampsHive2Compatibility" time="0"/>
  <testcase name="testWriteHive4ReadHive4UsingLegacyConversion(String)[1616]" classname="org.apache.hadoop.hive.ql.io.parquet.serde.TestParquetTimestampsHive2Compatibility" time="0"/>
  <testcase name="testWriteHive4ReadHive4UsingLegacyConversion(String)[1617]" classname="org.apache.hadoop.hive.ql.io.parquet.serde.TestParquetTimestampsHive2Compatibility" time="0"/>
  <testcase name="testWriteHive4ReadHive4UsingLegacyConversion(String)[1618]" classname="org.apache.hadoop.hive.ql.io.parquet.serde.TestParquetTimestampsHive2Compatibility" time="0"/>
  <testcase name="testWriteHive4ReadHive4UsingLegacyConversion(String)[1619]" classname="org.apache.hadoop.hive.ql.io.parquet.serde.TestParquetTimestampsHive2Compatibility" time="0"/>
  <testcase name="testWriteHive4ReadHive4UsingLegacyConversion(String)[1620]" classname="org.apache.hadoop.hive.ql.io.parquet.serde.TestParquetTimestampsHive2Compatibility" time="0"/>
  <testcase name="testWriteHive4ReadHive4UsingLegacyConversion(String)[1621]" classname="org.apache.hadoop.hive.ql.io.parquet.serde.TestParquetTimestampsHive2Compatibility" time="0"/>
  <testcase name="testWriteHive4ReadHive4UsingLegacyConversion(String)[1622]" classname="org.apache.hadoop.hive.ql.io.parquet.serde.TestParquetTimestampsHive2Compatibility" time="0"/>
  <testcase name="testWriteHive4ReadHive4UsingLegacyConversion(String)[1623]" classname="org.apache.hadoop.hive.ql.io.parquet.serde.TestParquetTimestampsHive2Compatibility" time="0"/>
  <testcase name="testWriteHive4ReadHive4UsingLegacyConversion(String)[1624]" classname="org.apache.hadoop.hive.ql.io.parquet.serde.TestParquetTimestampsHive2Compatibility" time="0"/>
  <testcase name="testWriteHive4ReadHive4UsingLegacyConversion(String)[1625]" classname="org.apache.hadoop.hive.ql.io.parquet.serde.TestParquetTimestampsHive2Compatibility" time="0"/>
  <testcase name="testWriteHive4ReadHive4UsingLegacyConversion(String)[1626]" classname="org.apache.hadoop.hive.ql.io.parquet.serde.TestParquetTimestampsHive2Compatibility" time="0.001"/>
  <testcase name="testWriteHive4ReadHive4UsingLegacyConversion(String)[1627]" classname="org.apache.hadoop.hive.ql.io.parquet.serde.TestParquetTimestampsHive2Compatibility" time="0"/>
  <testcase name="testWriteHive4ReadHive4UsingLegacyConversion(String)[1628]" classname="org.apache.hadoop.hive.ql.io.parquet.serde.TestParquetTimestampsHive2Compatibility" time="0"/>
  <testcase name="testWriteHive4ReadHive4UsingLegacyConversion(String)[1629]" classname="org.apache.hadoop.hive.ql.io.parquet.serde.TestParquetTimestampsHive2Compatibility" time="0"/>
  <testcase name="testWriteHive4ReadHive4UsingLegacyConversion(String)[1630]" classname="org.apache.hadoop.hive.ql.io.parquet.serde.TestParquetTimestampsHive2Compatibility" time="0"/>
  <testcase name="testWriteHive4ReadHive4UsingLegacyConversion(String)[1631]" classname="org.apache.hadoop.hive.ql.io.parquet.serde.TestParquetTimestampsHive2Compatibility" time="0"/>
  <testcase name="testWriteHive4ReadHive4UsingLegacyConversion(String)[1632]" classname="org.apache.hadoop.hive.ql.io.parquet.serde.TestParquetTimestampsHive2Compatibility" time="0"/>
  <testcase name="testWriteHive4ReadHive4UsingLegacyConversion(String)[1633]" classname="org.apache.hadoop.hive.ql.io.parquet.serde.TestParquetTimestampsHive2Compatibility" time="0"/>
  <testcase name="testWriteHive4ReadHive4UsingLegacyConversion(String)[1634]" classname="org.apache.hadoop.hive.ql.io.parquet.serde.TestParquetTimestampsHive2Compatibility" time="0"/>
  <testcase name="testWriteHive4ReadHive4UsingLegacyConversion(String)[1635]" classname="org.apache.hadoop.hive.ql.io.parquet.serde.TestParquetTimestampsHive2Compatibility" time="0"/>
  <testcase name="testWriteHive4ReadHive4UsingLegacyConversion(String)[1636]" classname="org.apache.hadoop.hive.ql.io.parquet.serde.TestParquetTimestampsHive2Compatibility" time="0"/>
  <testcase name="testWriteHive4ReadHive4UsingLegacyConversion(String)[1637]" classname="org.apache.hadoop.hive.ql.io.parquet.serde.TestParquetTimestampsHive2Compatibility" time="0"/>
  <testcase name="testWriteHive4ReadHive4UsingLegacyConversion(String)[1638]" classname="org.apache.hadoop.hive.ql.io.parquet.serde.TestParquetTimestampsHive2Compatibility" time="0"/>
  <testcase name="testWriteHive4ReadHive4UsingLegacyConversion(String)[1639]" classname="org.apache.hadoop.hive.ql.io.parquet.serde.TestParquetTimestampsHive2Compatibility" time="0"/>
  <testcase name="testWriteHive4ReadHive4UsingLegacyConversion(String)[1640]" classname="org.apache.hadoop.hive.ql.io.parquet.serde.TestParquetTimestampsHive2Compatibility" time="0"/>
  <testcase name="testWriteHive4ReadHive4UsingLegacyConversion(String)[1641]" classname="org.apache.hadoop.hive.ql.io.parquet.serde.TestParquetTimestampsHive2Compatibility" time="0"/>
  <testcase name="testWriteHive4ReadHive4UsingLegacyConversion(String)[1642]" classname="org.apache.hadoop.hive.ql.io.parquet.serde.TestParquetTimestampsHive2Compatibility" time="0"/>
  <testcase name="testWriteHive4ReadHive4UsingLegacyConversion(String)[1643]" classname="org.apache.hadoop.hive.ql.io.parquet.serde.TestParquetTimestampsHive2Compatibility" time="0"/>
  <testcase name="testWriteHive4ReadHive4UsingLegacyConversion(String)[1644]" classname="org.apache.hadoop.hive.ql.io.parquet.serde.TestParquetTimestampsHive2Compatibility" time="0"/>
  <testcase name="testWriteHive4ReadHive4UsingLegacyConversion(String)[1645]" classname="org.apache.hadoop.hive.ql.io.parquet.serde.TestParquetTimestampsHive2Compatibility" time="0.001"/>
  <testcase name="testWriteHive4ReadHive4UsingLegacyConversion(String)[1646]" classname="org.apache.hadoop.hive.ql.io.parquet.serde.TestParquetTimestampsHive2Compatibility" time="0"/>
  <testcase name="testWriteHive4ReadHive4UsingLegacyConversion(String)[1647]" classname="org.apache.hadoop.hive.ql.io.parquet.serde.TestParquetTimestampsHive2Compatibility" time="0"/>
  <testcase name="testWriteHive4ReadHive4UsingLegacyConversion(String)[1648]" classname="org.apache.hadoop.hive.ql.io.parquet.serde.TestParquetTimestampsHive2Compatibility" time="0"/>
  <testcase name="testWriteHive4ReadHive4UsingLegacyConversion(String)[1649]" classname="org.apache.hadoop.hive.ql.io.parquet.serde.TestParquetTimestampsHive2Compatibility" time="0"/>
  <testcase name="testWriteHive4ReadHive4UsingLegacyConversion(String)[1650]" classname="org.apache.hadoop.hive.ql.io.parquet.serde.TestParquetTimestampsHive2Compatibility" time="0"/>
  <testcase name="testWriteHive4ReadHive4UsingLegacyConversion(String)[1651]" classname="org.apache.hadoop.hive.ql.io.parquet.serde.TestParquetTimestampsHive2Compatibility" time="0"/>
  <testcase name="testWriteHive4ReadHive4UsingLegacyConversion(String)[1652]" classname="org.apache.hadoop.hive.ql.io.parquet.serde.TestParquetTimestampsHive2Compatibility" time="0"/>
  <testcase name="testWriteHive4ReadHive4UsingLegacyConversion(String)[1653]" classname="org.apache.hadoop.hive.ql.io.parquet.serde.TestParquetTimestampsHive2Compatibility" time="0"/>
  <testcase name="testWriteHive4ReadHive4UsingLegacyConversion(String)[1654]" classname="org.apache.hadoop.hive.ql.io.parquet.serde.TestParquetTimestampsHive2Compatibility" time="0"/>
  <testcase name="testWriteHive4ReadHive4UsingLegacyConversion(String)[1655]" classname="org.apache.hadoop.hive.ql.io.parquet.serde.TestParquetTimestampsHive2Compatibility" time="0"/>
  <testcase name="testWriteHive4ReadHive4UsingLegacyConversion(String)[1656]" classname="org.apache.hadoop.hive.ql.io.parquet.serde.TestParquetTimestampsHive2Compatibility" time="0"/>
  <testcase name="testWriteHive4ReadHive4UsingLegacyConversion(String)[1657]" classname="org.apache.hadoop.hive.ql.io.parquet.serde.TestParquetTimestampsHive2Compatibility" time="0"/>
  <testcase name="testWriteHive4ReadHive4UsingLegacyConversion(String)[1658]" classname="org.apache.hadoop.hive.ql.io.parquet.serde.TestParquetTimestampsHive2Compatibility" time="0.001"/>
  <testcase name="testWriteHive4ReadHive4UsingLegacyConversion(String)[1659]" classname="org.apache.hadoop.hive.ql.io.parquet.serde.TestParquetTimestampsHive2Compatibility" time="0"/>
  <testcase name="testWriteHive4ReadHive4UsingLegacyConversion(String)[1660]" classname="org.apache.hadoop.hive.ql.io.parquet.serde.TestParquetTimestampsHive2Compatibility" time="0"/>
  <testcase name="testWriteHive4ReadHive4UsingLegacyConversion(String)[1661]" classname="org.apache.hadoop.hive.ql.io.parquet.serde.TestParquetTimestampsHive2Compatibility" time="0"/>
  <testcase name="testWriteHive4ReadHive4UsingLegacyConversion(String)[1662]" classname="org.apache.hadoop.hive.ql.io.parquet.serde.TestParquetTimestampsHive2Compatibility" time="0"/>
  <testcase name="testWriteHive4ReadHive4UsingLegacyConversion(String)[1663]" classname="org.apache.hadoop.hive.ql.io.parquet.serde.TestParquetTimestampsHive2Compatibility" time="0"/>
  <testcase name="testWriteHive4ReadHive4UsingLegacyConversion(String)[1664]" classname="org.apache.hadoop.hive.ql.io.parquet.serde.TestParquetTimestampsHive2Compatibility" time="0"/>
  <testcase name="testWriteHive4ReadHive4UsingLegacyConversion(String)[1665]" classname="org.apache.hadoop.hive.ql.io.parquet.serde.TestParquetTimestampsHive2Compatibility" time="0"/>
  <testcase name="testWriteHive4ReadHive4UsingLegacyConversion(String)[1666]" classname="org.apache.hadoop.hive.ql.io.parquet.serde.TestParquetTimestampsHive2Compatibility" time="0"/>
  <testcase name="testWriteHive4ReadHive4UsingLegacyConversion(String)[1667]" classname="org.apache.hadoop.hive.ql.io.parquet.serde.TestParquetTimestampsHive2Compatibility" time="0"/>
  <testcase name="testWriteHive4ReadHive4UsingLegacyConversion(String)[1668]" classname="org.apache.hadoop.hive.ql.io.parquet.serde.TestParquetTimestampsHive2Compatibility" time="0"/>
  <testcase name="testWriteHive4ReadHive4UsingLegacyConversion(String)[1669]" classname="org.apache.hadoop.hive.ql.io.parquet.serde.TestParquetTimestampsHive2Compatibility" time="0"/>
  <testcase name="testWriteHive4ReadHive4UsingLegacyConversion(String)[1670]" classname="org.apache.hadoop.hive.ql.io.parquet.serde.TestParquetTimestampsHive2Compatibility" time="0"/>
  <testcase name="testWriteHive4ReadHive4UsingLegacyConversion(String)[1671]" classname="org.apache.hadoop.hive.ql.io.parquet.serde.TestParquetTimestampsHive2Compatibility" time="0"/>
  <testcase name="testWriteHive4ReadHive4UsingLegacyConversion(String)[1672]" classname="org.apache.hadoop.hive.ql.io.parquet.serde.TestParquetTimestampsHive2Compatibility" time="0"/>
  <testcase name="testWriteHive4ReadHive4UsingLegacyConversion(String)[1673]" classname="org.apache.hadoop.hive.ql.io.parquet.serde.TestParquetTimestampsHive2Compatibility" time="0"/>
  <testcase name="testWriteHive4ReadHive4UsingLegacyConversion(String)[1674]" classname="org.apache.hadoop.hive.ql.io.parquet.serde.TestParquetTimestampsHive2Compatibility" time="0"/>
  <testcase name="testWriteHive4ReadHive4UsingLegacyConversion(String)[1675]" classname="org.apache.hadoop.hive.ql.io.parquet.serde.TestParquetTimestampsHive2Compatibility" time="0"/>
  <testcase name="testWriteHive4ReadHive4UsingLegacyConversion(String)[1676]" classname="org.apache.hadoop.hive.ql.io.parquet.serde.TestParquetTimestampsHive2Compatibility" time="0.001"/>
  <testcase name="testWriteHive4ReadHive4UsingLegacyConversion(String)[1677]" classname="org.apache.hadoop.hive.ql.io.parquet.serde.TestParquetTimestampsHive2Compatibility" time="0"/>
  <testcase name="testWriteHive4ReadHive4UsingLegacyConversion(String)[1678]" classname="org.apache.hadoop.hive.ql.io.parquet.serde.TestParquetTimestampsHive2Compatibility" time="0"/>
  <testcase name="testWriteHive4ReadHive4UsingLegacyConversion(String)[1679]" classname="org.apache.hadoop.hive.ql.io.parquet.serde.TestParquetTimestampsHive2Compatibility" time="0"/>
  <testcase name="testWriteHive4ReadHive4UsingLegacyConversion(String)[1680]" classname="org.apache.hadoop.hive.ql.io.parquet.serde.TestParquetTimestampsHive2Compatibility" time="0"/>
  <testcase name="testWriteHive4ReadHive4UsingLegacyConversion(String)[1681]" classname="org.apache.hadoop.hive.ql.io.parquet.serde.TestParquetTimestampsHive2Compatibility" time="0"/>
  <testcase name="testWriteHive4ReadHive4UsingLegacyConversion(String)[1682]" classname="org.apache.hadoop.hive.ql.io.parquet.serde.TestParquetTimestampsHive2Compatibility" time="0.001"/>
  <testcase name="testWriteHive4ReadHive4UsingLegacyConversion(String)[1683]" classname="org.apache.hadoop.hive.ql.io.parquet.serde.TestParquetTimestampsHive2Compatibility" time="0"/>
  <testcase name="testWriteHive4ReadHive4UsingLegacyConversion(String)[1684]" classname="org.apache.hadoop.hive.ql.io.parquet.serde.TestParquetTimestampsHive2Compatibility" time="0"/>
  <testcase name="testWriteHive4ReadHive4UsingLegacyConversion(String)[1685]" classname="org.apache.hadoop.hive.ql.io.parquet.serde.TestParquetTimestampsHive2Compatibility" time="0"/>
  <testcase name="testWriteHive4ReadHive4UsingLegacyConversion(String)[1686]" classname="org.apache.hadoop.hive.ql.io.parquet.serde.TestParquetTimestampsHive2Compatibility" time="0"/>
  <testcase name="testWriteHive4ReadHive4UsingLegacyConversion(String)[1687]" classname="org.apache.hadoop.hive.ql.io.parquet.serde.TestParquetTimestampsHive2Compatibility" time="0"/>
  <testcase name="testWriteHive4ReadHive4UsingLegacyConversion(String)[1688]" classname="org.apache.hadoop.hive.ql.io.parquet.serde.TestParquetTimestampsHive2Compatibility" time="0.001"/>
  <testcase name="testWriteHive4ReadHive4UsingLegacyConversion(String)[1689]" classname="org.apache.hadoop.hive.ql.io.parquet.serde.TestParquetTimestampsHive2Compatibility" time="0"/>
  <testcase name="testWriteHive4ReadHive4UsingLegacyConversion(String)[1690]" classname="org.apache.hadoop.hive.ql.io.parquet.serde.TestParquetTimestampsHive2Compatibility" time="0"/>
  <testcase name="testWriteHive4ReadHive4UsingLegacyConversion(String)[1691]" classname="org.apache.hadoop.hive.ql.io.parquet.serde.TestParquetTimestampsHive2Compatibility" time="0"/>
  <testcase name="testWriteHive4ReadHive4UsingLegacyConversion(String)[1692]" classname="org.apache.hadoop.hive.ql.io.parquet.serde.TestParquetTimestampsHive2Compatibility" time="0"/>
  <testcase name="testWriteHive4ReadHive4UsingLegacyConversion(String)[1693]" classname="org.apache.hadoop.hive.ql.io.parquet.serde.TestParquetTimestampsHive2Compatibility" time="0.001"/>
  <testcase name="testWriteHive4ReadHive4UsingLegacyConversion(String)[1694]" classname="org.apache.hadoop.hive.ql.io.parquet.serde.TestParquetTimestampsHive2Compatibility" time="0"/>
  <testcase name="testWriteHive4ReadHive4UsingLegacyConversion(String)[1695]" classname="org.apache.hadoop.hive.ql.io.parquet.serde.TestParquetTimestampsHive2Compatibility" time="0"/>
  <testcase name="testWriteHive4ReadHive4UsingLegacyConversion(String)[1696]" classname="org.apache.hadoop.hive.ql.io.parquet.serde.TestParquetTimestampsHive2Compatibility" time="0"/>
  <testcase name="testWriteHive4ReadHive4UsingLegacyConversion(String)[1697]" classname="org.apache.hadoop.hive.ql.io.parquet.serde.TestParquetTimestampsHive2Compatibility" time="0"/>
  <testcase name="testWriteHive4ReadHive4UsingLegacyConversion(String)[1698]" classname="org.apache.hadoop.hive.ql.io.parquet.serde.TestParquetTimestampsHive2Compatibility" time="0"/>
  <testcase name="testWriteHive4ReadHive4UsingLegacyConversion(String)[1699]" classname="org.apache.hadoop.hive.ql.io.parquet.serde.TestParquetTimestampsHive2Compatibility" time="0"/>
  <testcase name="testWriteHive4ReadHive4UsingLegacyConversion(String)[1700]" classname="org.apache.hadoop.hive.ql.io.parquet.serde.TestParquetTimestampsHive2Compatibility" time="0"/>
  <testcase name="testWriteHive4ReadHive4UsingLegacyConversion(String)[1701]" classname="org.apache.hadoop.hive.ql.io.parquet.serde.TestParquetTimestampsHive2Compatibility" time="0"/>
  <testcase name="testWriteHive4ReadHive4UsingLegacyConversion(String)[1702]" classname="org.apache.hadoop.hive.ql.io.parquet.serde.TestParquetTimestampsHive2Compatibility" time="0.001"/>
  <testcase name="testWriteHive4ReadHive4UsingLegacyConversion(String)[1703]" classname="org.apache.hadoop.hive.ql.io.parquet.serde.TestParquetTimestampsHive2Compatibility" time="0"/>
  <testcase name="testWriteHive4ReadHive4UsingLegacyConversion(String)[1704]" classname="org.apache.hadoop.hive.ql.io.parquet.serde.TestParquetTimestampsHive2Compatibility" time="0"/>
  <testcase name="testWriteHive4ReadHive4UsingLegacyConversion(String)[1705]" classname="org.apache.hadoop.hive.ql.io.parquet.serde.TestParquetTimestampsHive2Compatibility" time="0"/>
  <testcase name="testWriteHive4ReadHive4UsingLegacyConversion(String)[1706]" classname="org.apache.hadoop.hive.ql.io.parquet.serde.TestParquetTimestampsHive2Compatibility" time="0.001"/>
  <testcase name="testWriteHive4ReadHive4UsingLegacyConversion(String)[1707]" classname="org.apache.hadoop.hive.ql.io.parquet.serde.TestParquetTimestampsHive2Compatibility" time="0"/>
  <testcase name="testWriteHive4ReadHive4UsingLegacyConversion(String)[1708]" classname="org.apache.hadoop.hive.ql.io.parquet.serde.TestParquetTimestampsHive2Compatibility" time="0"/>
  <testcase name="testWriteHive4ReadHive4UsingLegacyConversion(String)[1709]" classname="org.apache.hadoop.hive.ql.io.parquet.serde.TestParquetTimestampsHive2Compatibility" time="0"/>
  <testcase name="testWriteHive4ReadHive4UsingLegacyConversion(String)[1710]" classname="org.apache.hadoop.hive.ql.io.parquet.serde.TestParquetTimestampsHive2Compatibility" time="0"/>
  <testcase name="testWriteHive4ReadHive4UsingLegacyConversion(String)[1711]" classname="org.apache.hadoop.hive.ql.io.parquet.serde.TestParquetTimestampsHive2Compatibility" time="0"/>
  <testcase name="testWriteHive4ReadHive4UsingLegacyConversion(String)[1712]" classname="org.apache.hadoop.hive.ql.io.parquet.serde.TestParquetTimestampsHive2Compatibility" time="0"/>
  <testcase name="testWriteHive4ReadHive4UsingLegacyConversion(String)[1713]" classname="org.apache.hadoop.hive.ql.io.parquet.serde.TestParquetTimestampsHive2Compatibility" time="0"/>
  <testcase name="testWriteHive4ReadHive4UsingLegacyConversion(String)[1714]" classname="org.apache.hadoop.hive.ql.io.parquet.serde.TestParquetTimestampsHive2Compatibility" time="0"/>
  <testcase name="testWriteHive4ReadHive4UsingLegacyConversion(String)[1715]" classname="org.apache.hadoop.hive.ql.io.parquet.serde.TestParquetTimestampsHive2Compatibility" time="0.001"/>
  <testcase name="testWriteHive4ReadHive4UsingLegacyConversion(String)[1716]" classname="org.apache.hadoop.hive.ql.io.parquet.serde.TestParquetTimestampsHive2Compatibility" time="0"/>
  <testcase name="testWriteHive4ReadHive4UsingLegacyConversion(String)[1717]" classname="org.apache.hadoop.hive.ql.io.parquet.serde.TestParquetTimestampsHive2Compatibility" time="0"/>
  <testcase name="testWriteHive4ReadHive4UsingLegacyConversion(String)[1718]" classname="org.apache.hadoop.hive.ql.io.parquet.serde.TestParquetTimestampsHive2Compatibility" time="0"/>
  <testcase name="testWriteHive4ReadHive4UsingLegacyConversion(String)[1719]" classname="org.apache.hadoop.hive.ql.io.parquet.serde.TestParquetTimestampsHive2Compatibility" time="0.001"/>
  <testcase name="testWriteHive4ReadHive4UsingLegacyConversion(String)[1720]" classname="org.apache.hadoop.hive.ql.io.parquet.serde.TestParquetTimestampsHive2Compatibility" time="0"/>
  <testcase name="testWriteHive4ReadHive4UsingLegacyConversion(String)[1721]" classname="org.apache.hadoop.hive.ql.io.parquet.serde.TestParquetTimestampsHive2Compatibility" time="0"/>
  <testcase name="testWriteHive4ReadHive4UsingLegacyConversion(String)[1722]" classname="org.apache.hadoop.hive.ql.io.parquet.serde.TestParquetTimestampsHive2Compatibility" time="0"/>
  <testcase name="testWriteHive4ReadHive4UsingLegacyConversion(String)[1723]" classname="org.apache.hadoop.hive.ql.io.parquet.serde.TestParquetTimestampsHive2Compatibility" time="0.001"/>
  <testcase name="testWriteHive4ReadHive4UsingLegacyConversion(String)[1724]" classname="org.apache.hadoop.hive.ql.io.parquet.serde.TestParquetTimestampsHive2Compatibility" time="0"/>
  <testcase name="testWriteHive4ReadHive4UsingLegacyConversion(String)[1725]" classname="org.apache.hadoop.hive.ql.io.parquet.serde.TestParquetTimestampsHive2Compatibility" time="0"/>
  <testcase name="testWriteHive4ReadHive4UsingLegacyConversion(String)[1726]" classname="org.apache.hadoop.hive.ql.io.parquet.serde.TestParquetTimestampsHive2Compatibility" time="0"/>
  <testcase name="testWriteHive4ReadHive4UsingLegacyConversion(String)[1727]" classname="org.apache.hadoop.hive.ql.io.parquet.serde.TestParquetTimestampsHive2Compatibility" time="0"/>
  <testcase name="testWriteHive4ReadHive4UsingLegacyConversion(String)[1728]" classname="org.apache.hadoop.hive.ql.io.parquet.serde.TestParquetTimestampsHive2Compatibility" time="0"/>
  <testcase name="testWriteHive4ReadHive4UsingLegacyConversion(String)[1729]" classname="org.apache.hadoop.hive.ql.io.parquet.serde.TestParquetTimestampsHive2Compatibility" time="0"/>
  <testcase name="testWriteHive4ReadHive4UsingLegacyConversion(String)[1730]" classname="org.apache.hadoop.hive.ql.io.parquet.serde.TestParquetTimestampsHive2Compatibility" time="0"/>
  <testcase name="testWriteHive4ReadHive4UsingLegacyConversion(String)[1731]" classname="org.apache.hadoop.hive.ql.io.parquet.serde.TestParquetTimestampsHive2Compatibility" time="0"/>
  <testcase name="testWriteHive4ReadHive4UsingLegacyConversion(String)[1732]" classname="org.apache.hadoop.hive.ql.io.parquet.serde.TestParquetTimestampsHive2Compatibility" time="0"/>
  <testcase name="testWriteHive4ReadHive4UsingLegacyConversion(String)[1733]" classname="org.apache.hadoop.hive.ql.io.parquet.serde.TestParquetTimestampsHive2Compatibility" time="0"/>
  <testcase name="testWriteHive4ReadHive4UsingLegacyConversion(String)[1734]" classname="org.apache.hadoop.hive.ql.io.parquet.serde.TestParquetTimestampsHive2Compatibility" time="0"/>
  <testcase name="testWriteHive4ReadHive4UsingLegacyConversion(String)[1735]" classname="org.apache.hadoop.hive.ql.io.parquet.serde.TestParquetTimestampsHive2Compatibility" time="0"/>
  <testcase name="testWriteHive4ReadHive4UsingLegacyConversion(String)[1736]" classname="org.apache.hadoop.hive.ql.io.parquet.serde.TestParquetTimestampsHive2Compatibility" time="0"/>
  <testcase name="testWriteHive4ReadHive4UsingLegacyConversion(String)[1737]" classname="org.apache.hadoop.hive.ql.io.parquet.serde.TestParquetTimestampsHive2Compatibility" time="0"/>
  <testcase name="testWriteHive4ReadHive4UsingLegacyConversion(String)[1738]" classname="org.apache.hadoop.hive.ql.io.parquet.serde.TestParquetTimestampsHive2Compatibility" time="0"/>
  <testcase name="testWriteHive4ReadHive4UsingLegacyConversion(String)[1739]" classname="org.apache.hadoop.hive.ql.io.parquet.serde.TestParquetTimestampsHive2Compatibility" time="0"/>
  <testcase name="testWriteHive4ReadHive4UsingLegacyConversion(String)[1740]" classname="org.apache.hadoop.hive.ql.io.parquet.serde.TestParquetTimestampsHive2Compatibility" time="0"/>
  <testcase name="testWriteHive4ReadHive4UsingLegacyConversion(String)[1741]" classname="org.apache.hadoop.hive.ql.io.parquet.serde.TestParquetTimestampsHive2Compatibility" time="0"/>
  <testcase name="testWriteHive4ReadHive4UsingLegacyConversion(String)[1742]" classname="org.apache.hadoop.hive.ql.io.parquet.serde.TestParquetTimestampsHive2Compatibility" time="0.001"/>
  <testcase name="testWriteHive4ReadHive4UsingLegacyConversion(String)[1743]" classname="org.apache.hadoop.hive.ql.io.parquet.serde.TestParquetTimestampsHive2Compatibility" time="0"/>
  <testcase name="testWriteHive4ReadHive4UsingLegacyConversion(String)[1744]" classname="org.apache.hadoop.hive.ql.io.parquet.serde.TestParquetTimestampsHive2Compatibility" time="0"/>
  <testcase name="testWriteHive4ReadHive4UsingLegacyConversion(String)[1745]" classname="org.apache.hadoop.hive.ql.io.parquet.serde.TestParquetTimestampsHive2Compatibility" time="0.001"/>
  <testcase name="testWriteHive4ReadHive4UsingLegacyConversion(String)[1746]" classname="org.apache.hadoop.hive.ql.io.parquet.serde.TestParquetTimestampsHive2Compatibility" time="0"/>
  <testcase name="testWriteHive4ReadHive4UsingLegacyConversion(String)[1747]" classname="org.apache.hadoop.hive.ql.io.parquet.serde.TestParquetTimestampsHive2Compatibility" time="0"/>
  <testcase name="testWriteHive4ReadHive4UsingLegacyConversion(String)[1748]" classname="org.apache.hadoop.hive.ql.io.parquet.serde.TestParquetTimestampsHive2Compatibility" time="0.001"/>
  <testcase name="testWriteHive4ReadHive4UsingLegacyConversion(String)[1749]" classname="org.apache.hadoop.hive.ql.io.parquet.serde.TestParquetTimestampsHive2Compatibility" time="0"/>
  <testcase name="testWriteHive4ReadHive4UsingLegacyConversion(String)[1750]" classname="org.apache.hadoop.hive.ql.io.parquet.serde.TestParquetTimestampsHive2Compatibility" time="0"/>
  <testcase name="testWriteHive4ReadHive4UsingLegacyConversion(String)[1751]" classname="org.apache.hadoop.hive.ql.io.parquet.serde.TestParquetTimestampsHive2Compatibility" time="0.001"/>
  <testcase name="testWriteHive4ReadHive4UsingLegacyConversion(String)[1752]" classname="org.apache.hadoop.hive.ql.io.parquet.serde.TestParquetTimestampsHive2Compatibility" time="0"/>
  <testcase name="testWriteHive4ReadHive4UsingLegacyConversion(String)[1753]" classname="org.apache.hadoop.hive.ql.io.parquet.serde.TestParquetTimestampsHive2Compatibility" time="0"/>
  <testcase name="testWriteHive4ReadHive4UsingLegacyConversion(String)[1754]" classname="org.apache.hadoop.hive.ql.io.parquet.serde.TestParquetTimestampsHive2Compatibility" time="0.001"/>
  <testcase name="testWriteHive4ReadHive4UsingLegacyConversion(String)[1755]" classname="org.apache.hadoop.hive.ql.io.parquet.serde.TestParquetTimestampsHive2Compatibility" time="0"/>
  <testcase name="testWriteHive4ReadHive4UsingLegacyConversion(String)[1756]" classname="org.apache.hadoop.hive.ql.io.parquet.serde.TestParquetTimestampsHive2Compatibility" time="0"/>
  <testcase name="testWriteHive4ReadHive4UsingLegacyConversion(String)[1757]" classname="org.apache.hadoop.hive.ql.io.parquet.serde.TestParquetTimestampsHive2Compatibility" time="0"/>
  <testcase name="testWriteHive4ReadHive4UsingLegacyConversion(String)[1758]" classname="org.apache.hadoop.hive.ql.io.parquet.serde.TestParquetTimestampsHive2Compatibility" time="0"/>
  <testcase name="testWriteHive4ReadHive4UsingLegacyConversion(String)[1759]" classname="org.apache.hadoop.hive.ql.io.parquet.serde.TestParquetTimestampsHive2Compatibility" time="0"/>
  <testcase name="testWriteHive4ReadHive4UsingLegacyConversion(String)[1760]" classname="org.apache.hadoop.hive.ql.io.parquet.serde.TestParquetTimestampsHive2Compatibility" time="0"/>
  <testcase name="testWriteHive4ReadHive4UsingLegacyConversion(String)[1761]" classname="org.apache.hadoop.hive.ql.io.parquet.serde.TestParquetTimestampsHive2Compatibility" time="0"/>
  <testcase name="testWriteHive4ReadHive4UsingLegacyConversion(String)[1762]" classname="org.apache.hadoop.hive.ql.io.parquet.serde.TestParquetTimestampsHive2Compatibility" time="0.001"/>
  <testcase name="testWriteHive4ReadHive4UsingLegacyConversion(String)[1763]" classname="org.apache.hadoop.hive.ql.io.parquet.serde.TestParquetTimestampsHive2Compatibility" time="0"/>
  <testcase name="testWriteHive4ReadHive4UsingLegacyConversion(String)[1764]" classname="org.apache.hadoop.hive.ql.io.parquet.serde.TestParquetTimestampsHive2Compatibility" time="0"/>
  <testcase name="testWriteHive4ReadHive4UsingLegacyConversion(String)[1765]" classname="org.apache.hadoop.hive.ql.io.parquet.serde.TestParquetTimestampsHive2Compatibility" time="0"/>
  <testcase name="testWriteHive4ReadHive4UsingLegacyConversion(String)[1766]" classname="org.apache.hadoop.hive.ql.io.parquet.serde.TestParquetTimestampsHive2Compatibility" time="0"/>
  <testcase name="testWriteHive4ReadHive4UsingLegacyConversion(String)[1767]" classname="org.apache.hadoop.hive.ql.io.parquet.serde.TestParquetTimestampsHive2Compatibility" time="0"/>
  <testcase name="testWriteHive4ReadHive4UsingLegacyConversion(String)[1768]" classname="org.apache.hadoop.hive.ql.io.parquet.serde.TestParquetTimestampsHive2Compatibility" time="0.013"/>
  <testcase name="testWriteHive4ReadHive4UsingLegacyConversion(String)[1769]" classname="org.apache.hadoop.hive.ql.io.parquet.serde.TestParquetTimestampsHive2Compatibility" time="0"/>
  <testcase name="testWriteHive4ReadHive4UsingLegacyConversion(String)[1770]" classname="org.apache.hadoop.hive.ql.io.parquet.serde.TestParquetTimestampsHive2Compatibility" time="0.001"/>
  <testcase name="testWriteHive4ReadHive4UsingLegacyConversion(String)[1771]" classname="org.apache.hadoop.hive.ql.io.parquet.serde.TestParquetTimestampsHive2Compatibility" time="0"/>
  <testcase name="testWriteHive4ReadHive4UsingLegacyConversion(String)[1772]" classname="org.apache.hadoop.hive.ql.io.parquet.serde.TestParquetTimestampsHive2Compatibility" time="0"/>
  <testcase name="testWriteHive4ReadHive4UsingLegacyConversion(String)[1773]" classname="org.apache.hadoop.hive.ql.io.parquet.serde.TestParquetTimestampsHive2Compatibility" time="0"/>
  <testcase name="testWriteHive4ReadHive4UsingLegacyConversion(String)[1774]" classname="org.apache.hadoop.hive.ql.io.parquet.serde.TestParquetTimestampsHive2Compatibility" time="0.001"/>
  <testcase name="testWriteHive4ReadHive4UsingLegacyConversion(String)[1775]" classname="org.apache.hadoop.hive.ql.io.parquet.serde.TestParquetTimestampsHive2Compatibility" time="0.001"/>
  <testcase name="testWriteHive4ReadHive4UsingLegacyConversion(String)[1776]" classname="org.apache.hadoop.hive.ql.io.parquet.serde.TestParquetTimestampsHive2Compatibility" time="0.001"/>
  <testcase name="testWriteHive4ReadHive4UsingLegacyConversion(String)[1777]" classname="org.apache.hadoop.hive.ql.io.parquet.serde.TestParquetTimestampsHive2Compatibility" time="0"/>
  <testcase name="testWriteHive4ReadHive4UsingLegacyConversion(String)[1778]" classname="org.apache.hadoop.hive.ql.io.parquet.serde.TestParquetTimestampsHive2Compatibility" time="0"/>
  <testcase name="testWriteHive4ReadHive4UsingLegacyConversion(String)[1779]" classname="org.apache.hadoop.hive.ql.io.parquet.serde.TestParquetTimestampsHive2Compatibility" time="0"/>
  <testcase name="testWriteHive4ReadHive4UsingLegacyConversion(String)[1780]" classname="org.apache.hadoop.hive.ql.io.parquet.serde.TestParquetTimestampsHive2Compatibility" time="0"/>
  <testcase name="testWriteHive4ReadHive4UsingLegacyConversion(String)[1781]" classname="org.apache.hadoop.hive.ql.io.parquet.serde.TestParquetTimestampsHive2Compatibility" time="0"/>
  <testcase name="testWriteHive4ReadHive4UsingLegacyConversion(String)[1782]" classname="org.apache.hadoop.hive.ql.io.parquet.serde.TestParquetTimestampsHive2Compatibility" time="0"/>
  <testcase name="testWriteHive4ReadHive4UsingLegacyConversion(String)[1783]" classname="org.apache.hadoop.hive.ql.io.parquet.serde.TestParquetTimestampsHive2Compatibility" time="0"/>
  <testcase name="testWriteHive4ReadHive4UsingLegacyConversion(String)[1784]" classname="org.apache.hadoop.hive.ql.io.parquet.serde.TestParquetTimestampsHive2Compatibility" time="0"/>
  <testcase name="testWriteHive4ReadHive4UsingLegacyConversion(String)[1785]" classname="org.apache.hadoop.hive.ql.io.parquet.serde.TestParquetTimestampsHive2Compatibility" time="0"/>
  <testcase name="testWriteHive4ReadHive4UsingLegacyConversion(String)[1786]" classname="org.apache.hadoop.hive.ql.io.parquet.serde.TestParquetTimestampsHive2Compatibility" time="0"/>
  <testcase name="testWriteHive4ReadHive4UsingLegacyConversion(String)[1787]" classname="org.apache.hadoop.hive.ql.io.parquet.serde.TestParquetTimestampsHive2Compatibility" time="0"/>
  <testcase name="testWriteHive4ReadHive4UsingLegacyConversion(String)[1788]" classname="org.apache.hadoop.hive.ql.io.parquet.serde.TestParquetTimestampsHive2Compatibility" time="0.001"/>
  <testcase name="testWriteHive4ReadHive4UsingLegacyConversion(String)[1789]" classname="org.apache.hadoop.hive.ql.io.parquet.serde.TestParquetTimestampsHive2Compatibility" time="0"/>
  <testcase name="testWriteHive4ReadHive4UsingLegacyConversion(String)[1790]" classname="org.apache.hadoop.hive.ql.io.parquet.serde.TestParquetTimestampsHive2Compatibility" time="0"/>
  <testcase name="testWriteHive4ReadHive4UsingLegacyConversion(String)[1791]" classname="org.apache.hadoop.hive.ql.io.parquet.serde.TestParquetTimestampsHive2Compatibility" time="0"/>
  <testcase name="testWriteHive4ReadHive4UsingLegacyConversion(String)[1792]" classname="org.apache.hadoop.hive.ql.io.parquet.serde.TestParquetTimestampsHive2Compatibility" time="0"/>
  <testcase name="testWriteHive4ReadHive4UsingLegacyConversion(String)[1793]" classname="org.apache.hadoop.hive.ql.io.parquet.serde.TestParquetTimestampsHive2Compatibility" time="0"/>
  <testcase name="testWriteHive4ReadHive4UsingLegacyConversion(String)[1794]" classname="org.apache.hadoop.hive.ql.io.parquet.serde.TestParquetTimestampsHive2Compatibility" time="0.001"/>
  <testcase name="testWriteHive4ReadHive4UsingLegacyConversion(String)[1795]" classname="org.apache.hadoop.hive.ql.io.parquet.serde.TestParquetTimestampsHive2Compatibility" time="0"/>
  <testcase name="testWriteHive4ReadHive4UsingLegacyConversion(String)[1796]" classname="org.apache.hadoop.hive.ql.io.parquet.serde.TestParquetTimestampsHive2Compatibility" time="0"/>
  <testcase name="testWriteHive4ReadHive4UsingLegacyConversion(String)[1797]" classname="org.apache.hadoop.hive.ql.io.parquet.serde.TestParquetTimestampsHive2Compatibility" time="0"/>
  <testcase name="testWriteHive4ReadHive4UsingLegacyConversion(String)[1798]" classname="org.apache.hadoop.hive.ql.io.parquet.serde.TestParquetTimestampsHive2Compatibility" time="0"/>
  <testcase name="testWriteHive4ReadHive4UsingLegacyConversion(String)[1799]" classname="org.apache.hadoop.hive.ql.io.parquet.serde.TestParquetTimestampsHive2Compatibility" time="0"/>
  <testcase name="testWriteHive4ReadHive4UsingLegacyConversion(String)[1800]" classname="org.apache.hadoop.hive.ql.io.parquet.serde.TestParquetTimestampsHive2Compatibility" time="0"/>
  <testcase name="testWriteHive4ReadHive4UsingLegacyConversion(String)[1801]" classname="org.apache.hadoop.hive.ql.io.parquet.serde.TestParquetTimestampsHive2Compatibility" time="0"/>
  <testcase name="testWriteHive4ReadHive4UsingLegacyConversion(String)[1802]" classname="org.apache.hadoop.hive.ql.io.parquet.serde.TestParquetTimestampsHive2Compatibility" time="0"/>
  <testcase name="testWriteHive4ReadHive4UsingLegacyConversion(String)[1803]" classname="org.apache.hadoop.hive.ql.io.parquet.serde.TestParquetTimestampsHive2Compatibility" time="0"/>
  <testcase name="testWriteHive4ReadHive4UsingLegacyConversion(String)[1804]" classname="org.apache.hadoop.hive.ql.io.parquet.serde.TestParquetTimestampsHive2Compatibility" time="0"/>
  <testcase name="testWriteHive4ReadHive4UsingLegacyConversion(String)[1805]" classname="org.apache.hadoop.hive.ql.io.parquet.serde.TestParquetTimestampsHive2Compatibility" time="0.001"/>
  <testcase name="testWriteHive4ReadHive4UsingLegacyConversion(String)[1806]" classname="org.apache.hadoop.hive.ql.io.parquet.serde.TestParquetTimestampsHive2Compatibility" time="0"/>
  <testcase name="testWriteHive4ReadHive4UsingLegacyConversion(String)[1807]" classname="org.apache.hadoop.hive.ql.io.parquet.serde.TestParquetTimestampsHive2Compatibility" time="0"/>
  <testcase name="testWriteHive4ReadHive4UsingLegacyConversion(String)[1808]" classname="org.apache.hadoop.hive.ql.io.parquet.serde.TestParquetTimestampsHive2Compatibility" time="0"/>
  <testcase name="testWriteHive4ReadHive4UsingLegacyConversion(String)[1809]" classname="org.apache.hadoop.hive.ql.io.parquet.serde.TestParquetTimestampsHive2Compatibility" time="0"/>
  <testcase name="testWriteHive4ReadHive4UsingLegacyConversion(String)[1810]" classname="org.apache.hadoop.hive.ql.io.parquet.serde.TestParquetTimestampsHive2Compatibility" time="0"/>
  <testcase name="testWriteHive4ReadHive4UsingLegacyConversion(String)[1811]" classname="org.apache.hadoop.hive.ql.io.parquet.serde.TestParquetTimestampsHive2Compatibility" time="0.001"/>
  <testcase name="testWriteHive4ReadHive4UsingLegacyConversion(String)[1812]" classname="org.apache.hadoop.hive.ql.io.parquet.serde.TestParquetTimestampsHive2Compatibility" time="0"/>
  <testcase name="testWriteHive4ReadHive4UsingLegacyConversion(String)[1813]" classname="org.apache.hadoop.hive.ql.io.parquet.serde.TestParquetTimestampsHive2Compatibility" time="0"/>
  <testcase name="testWriteHive4ReadHive4UsingLegacyConversion(String)[1814]" classname="org.apache.hadoop.hive.ql.io.parquet.serde.TestParquetTimestampsHive2Compatibility" time="0"/>
  <testcase name="testWriteHive4ReadHive4UsingLegacyConversion(String)[1815]" classname="org.apache.hadoop.hive.ql.io.parquet.serde.TestParquetTimestampsHive2Compatibility" time="0"/>
  <testcase name="testWriteHive4ReadHive4UsingLegacyConversion(String)[1816]" classname="org.apache.hadoop.hive.ql.io.parquet.serde.TestParquetTimestampsHive2Compatibility" time="0"/>
  <testcase name="testWriteHive4ReadHive4UsingLegacyConversion(String)[1817]" classname="org.apache.hadoop.hive.ql.io.parquet.serde.TestParquetTimestampsHive2Compatibility" time="0"/>
  <testcase name="testWriteHive4ReadHive4UsingLegacyConversion(String)[1818]" classname="org.apache.hadoop.hive.ql.io.parquet.serde.TestParquetTimestampsHive2Compatibility" time="0"/>
  <testcase name="testWriteHive4ReadHive4UsingLegacyConversion(String)[1819]" classname="org.apache.hadoop.hive.ql.io.parquet.serde.TestParquetTimestampsHive2Compatibility" time="0"/>
  <testcase name="testWriteHive4ReadHive4UsingLegacyConversion(String)[1820]" classname="org.apache.hadoop.hive.ql.io.parquet.serde.TestParquetTimestampsHive2Compatibility" time="0"/>
  <testcase name="testWriteHive4ReadHive4UsingLegacyConversion(String)[1821]" classname="org.apache.hadoop.hive.ql.io.parquet.serde.TestParquetTimestampsHive2Compatibility" time="0"/>
  <testcase name="testWriteHive4ReadHive4UsingLegacyConversion(String)[1822]" classname="org.apache.hadoop.hive.ql.io.parquet.serde.TestParquetTimestampsHive2Compatibility" time="0.001"/>
  <testcase name="testWriteHive4ReadHive4UsingLegacyConversion(String)[1823]" classname="org.apache.hadoop.hive.ql.io.parquet.serde.TestParquetTimestampsHive2Compatibility" time="0"/>
  <testcase name="testWriteHive4ReadHive4UsingLegacyConversion(String)[1824]" classname="org.apache.hadoop.hive.ql.io.parquet.serde.TestParquetTimestampsHive2Compatibility" time="0"/>
  <testcase name="testWriteHive4ReadHive4UsingLegacyConversion(String)[1825]" classname="org.apache.hadoop.hive.ql.io.parquet.serde.TestParquetTimestampsHive2Compatibility" time="0"/>
  <testcase name="testWriteHive4ReadHive4UsingLegacyConversion(String)[1826]" classname="org.apache.hadoop.hive.ql.io.parquet.serde.TestParquetTimestampsHive2Compatibility" time="0"/>
  <testcase name="testWriteHive4ReadHive4UsingLegacyConversion(String)[1827]" classname="org.apache.hadoop.hive.ql.io.parquet.serde.TestParquetTimestampsHive2Compatibility" time="0"/>
  <testcase name="testWriteHive4ReadHive4UsingLegacyConversion(String)[1828]" classname="org.apache.hadoop.hive.ql.io.parquet.serde.TestParquetTimestampsHive2Compatibility" time="0"/>
  <testcase name="testWriteHive4ReadHive4UsingLegacyConversion(String)[1829]" classname="org.apache.hadoop.hive.ql.io.parquet.serde.TestParquetTimestampsHive2Compatibility" time="0"/>
  <testcase name="testWriteHive4ReadHive4UsingLegacyConversion(String)[1830]" classname="org.apache.hadoop.hive.ql.io.parquet.serde.TestParquetTimestampsHive2Compatibility" time="0"/>
  <testcase name="testWriteHive4ReadHive4UsingLegacyConversion(String)[1831]" classname="org.apache.hadoop.hive.ql.io.parquet.serde.TestParquetTimestampsHive2Compatibility" time="0"/>
  <testcase name="testWriteHive4ReadHive4UsingLegacyConversion(String)[1832]" classname="org.apache.hadoop.hive.ql.io.parquet.serde.TestParquetTimestampsHive2Compatibility" time="0"/>
  <testcase name="testWriteHive4ReadHive4UsingLegacyConversion(String)[1833]" classname="org.apache.hadoop.hive.ql.io.parquet.serde.TestParquetTimestampsHive2Compatibility" time="0"/>
  <testcase name="testWriteHive4ReadHive4UsingLegacyConversion(String)[1834]" classname="org.apache.hadoop.hive.ql.io.parquet.serde.TestParquetTimestampsHive2Compatibility" time="0.001"/>
  <testcase name="testWriteHive4ReadHive4UsingLegacyConversion(String)[1835]" classname="org.apache.hadoop.hive.ql.io.parquet.serde.TestParquetTimestampsHive2Compatibility" time="0"/>
  <testcase name="testWriteHive4ReadHive4UsingLegacyConversion(String)[1836]" classname="org.apache.hadoop.hive.ql.io.parquet.serde.TestParquetTimestampsHive2Compatibility" time="0"/>
  <testcase name="testWriteHive4ReadHive4UsingLegacyConversion(String)[1837]" classname="org.apache.hadoop.hive.ql.io.parquet.serde.TestParquetTimestampsHive2Compatibility" time="0"/>
  <testcase name="testWriteHive4ReadHive4UsingLegacyConversion(String)[1838]" classname="org.apache.hadoop.hive.ql.io.parquet.serde.TestParquetTimestampsHive2Compatibility" time="0"/>
  <testcase name="testWriteHive4ReadHive4UsingLegacyConversion(String)[1839]" classname="org.apache.hadoop.hive.ql.io.parquet.serde.TestParquetTimestampsHive2Compatibility" time="0"/>
  <testcase name="testWriteHive4ReadHive4UsingLegacyConversion(String)[1840]" classname="org.apache.hadoop.hive.ql.io.parquet.serde.TestParquetTimestampsHive2Compatibility" time="0"/>
  <testcase name="testWriteHive4ReadHive4UsingLegacyConversion(String)[1841]" classname="org.apache.hadoop.hive.ql.io.parquet.serde.TestParquetTimestampsHive2Compatibility" time="0"/>
  <testcase name="testWriteHive4ReadHive4UsingLegacyConversion(String)[1842]" classname="org.apache.hadoop.hive.ql.io.parquet.serde.TestParquetTimestampsHive2Compatibility" time="0"/>
  <testcase name="testWriteHive4ReadHive4UsingLegacyConversion(String)[1843]" classname="org.apache.hadoop.hive.ql.io.parquet.serde.TestParquetTimestampsHive2Compatibility" time="0"/>
  <testcase name="testWriteHive4ReadHive4UsingLegacyConversion(String)[1844]" classname="org.apache.hadoop.hive.ql.io.parquet.serde.TestParquetTimestampsHive2Compatibility" time="0"/>
  <testcase name="testWriteHive4ReadHive4UsingLegacyConversion(String)[1845]" classname="org.apache.hadoop.hive.ql.io.parquet.serde.TestParquetTimestampsHive2Compatibility" time="0"/>
  <testcase name="testWriteHive4ReadHive4UsingLegacyConversion(String)[1846]" classname="org.apache.hadoop.hive.ql.io.parquet.serde.TestParquetTimestampsHive2Compatibility" time="0.001"/>
  <testcase name="testWriteHive4ReadHive4UsingLegacyConversion(String)[1847]" classname="org.apache.hadoop.hive.ql.io.parquet.serde.TestParquetTimestampsHive2Compatibility" time="0"/>
  <testcase name="testWriteHive4ReadHive4UsingLegacyConversion(String)[1848]" classname="org.apache.hadoop.hive.ql.io.parquet.serde.TestParquetTimestampsHive2Compatibility" time="0"/>
  <testcase name="testWriteHive4ReadHive4UsingLegacyConversion(String)[1849]" classname="org.apache.hadoop.hive.ql.io.parquet.serde.TestParquetTimestampsHive2Compatibility" time="0"/>
  <testcase name="testWriteHive4ReadHive4UsingLegacyConversion(String)[1850]" classname="org.apache.hadoop.hive.ql.io.parquet.serde.TestParquetTimestampsHive2Compatibility" time="0"/>
  <testcase name="testWriteHive4ReadHive4UsingLegacyConversion(String)[1851]" classname="org.apache.hadoop.hive.ql.io.parquet.serde.TestParquetTimestampsHive2Compatibility" time="0"/>
  <testcase name="testWriteHive4ReadHive4UsingLegacyConversion(String)[1852]" classname="org.apache.hadoop.hive.ql.io.parquet.serde.TestParquetTimestampsHive2Compatibility" time="0"/>
  <testcase name="testWriteHive4ReadHive4UsingLegacyConversion(String)[1853]" classname="org.apache.hadoop.hive.ql.io.parquet.serde.TestParquetTimestampsHive2Compatibility" time="0"/>
  <testcase name="testWriteHive4ReadHive4UsingLegacyConversion(String)[1854]" classname="org.apache.hadoop.hive.ql.io.parquet.serde.TestParquetTimestampsHive2Compatibility" time="0"/>
  <testcase name="testWriteHive4ReadHive4UsingLegacyConversion(String)[1855]" classname="org.apache.hadoop.hive.ql.io.parquet.serde.TestParquetTimestampsHive2Compatibility" time="0.001"/>
  <testcase name="testWriteHive4ReadHive4UsingLegacyConversion(String)[1856]" classname="org.apache.hadoop.hive.ql.io.parquet.serde.TestParquetTimestampsHive2Compatibility" time="0"/>
  <testcase name="testWriteHive4ReadHive4UsingLegacyConversion(String)[1857]" classname="org.apache.hadoop.hive.ql.io.parquet.serde.TestParquetTimestampsHive2Compatibility" time="0"/>
  <testcase name="testWriteHive4ReadHive4UsingLegacyConversion(String)[1858]" classname="org.apache.hadoop.hive.ql.io.parquet.serde.TestParquetTimestampsHive2Compatibility" time="0"/>
  <testcase name="testWriteHive4ReadHive4UsingLegacyConversion(String)[1859]" classname="org.apache.hadoop.hive.ql.io.parquet.serde.TestParquetTimestampsHive2Compatibility" time="0"/>
  <testcase name="testWriteHive4ReadHive4UsingLegacyConversion(String)[1860]" classname="org.apache.hadoop.hive.ql.io.parquet.serde.TestParquetTimestampsHive2Compatibility" time="0"/>
  <testcase name="testWriteHive4ReadHive4UsingLegacyConversion(String)[1861]" classname="org.apache.hadoop.hive.ql.io.parquet.serde.TestParquetTimestampsHive2Compatibility" time="0"/>
  <testcase name="testWriteHive4ReadHive4UsingLegacyConversion(String)[1862]" classname="org.apache.hadoop.hive.ql.io.parquet.serde.TestParquetTimestampsHive2Compatibility" time="0"/>
  <testcase name="testWriteHive4ReadHive4UsingLegacyConversion(String)[1863]" classname="org.apache.hadoop.hive.ql.io.parquet.serde.TestParquetTimestampsHive2Compatibility" time="0"/>
  <testcase name="testWriteHive4ReadHive4UsingLegacyConversion(String)[1864]" classname="org.apache.hadoop.hive.ql.io.parquet.serde.TestParquetTimestampsHive2Compatibility" time="0"/>
  <testcase name="testWriteHive4ReadHive4UsingLegacyConversion(String)[1865]" classname="org.apache.hadoop.hive.ql.io.parquet.serde.TestParquetTimestampsHive2Compatibility" time="0"/>
  <testcase name="testWriteHive4ReadHive4UsingLegacyConversion(String)[1866]" classname="org.apache.hadoop.hive.ql.io.parquet.serde.TestParquetTimestampsHive2Compatibility" time="0"/>
  <testcase name="testWriteHive4ReadHive4UsingLegacyConversion(String)[1867]" classname="org.apache.hadoop.hive.ql.io.parquet.serde.TestParquetTimestampsHive2Compatibility" time="0.001"/>
  <testcase name="testWriteHive4ReadHive4UsingLegacyConversion(String)[1868]" classname="org.apache.hadoop.hive.ql.io.parquet.serde.TestParquetTimestampsHive2Compatibility" time="0"/>
  <testcase name="testWriteHive4ReadHive4UsingLegacyConversion(String)[1869]" classname="org.apache.hadoop.hive.ql.io.parquet.serde.TestParquetTimestampsHive2Compatibility" time="0"/>
  <testcase name="testWriteHive4ReadHive4UsingLegacyConversion(String)[1870]" classname="org.apache.hadoop.hive.ql.io.parquet.serde.TestParquetTimestampsHive2Compatibility" time="0"/>
  <testcase name="testWriteHive4ReadHive4UsingLegacyConversion(String)[1871]" classname="org.apache.hadoop.hive.ql.io.parquet.serde.TestParquetTimestampsHive2Compatibility" time="0"/>
  <testcase name="testWriteHive4ReadHive4UsingLegacyConversion(String)[1872]" classname="org.apache.hadoop.hive.ql.io.parquet.serde.TestParquetTimestampsHive2Compatibility" time="0"/>
  <testcase name="testWriteHive4ReadHive4UsingLegacyConversion(String)[1873]" classname="org.apache.hadoop.hive.ql.io.parquet.serde.TestParquetTimestampsHive2Compatibility" time="0.001"/>
  <testcase name="testWriteHive4ReadHive4UsingLegacyConversion(String)[1874]" classname="org.apache.hadoop.hive.ql.io.parquet.serde.TestParquetTimestampsHive2Compatibility" time="0"/>
  <testcase name="testWriteHive4ReadHive4UsingLegacyConversion(String)[1875]" classname="org.apache.hadoop.hive.ql.io.parquet.serde.TestParquetTimestampsHive2Compatibility" time="0"/>
  <testcase name="testWriteHive4ReadHive4UsingLegacyConversion(String)[1876]" classname="org.apache.hadoop.hive.ql.io.parquet.serde.TestParquetTimestampsHive2Compatibility" time="0"/>
  <testcase name="testWriteHive4ReadHive4UsingLegacyConversion(String)[1877]" classname="org.apache.hadoop.hive.ql.io.parquet.serde.TestParquetTimestampsHive2Compatibility" time="0"/>
  <testcase name="testWriteHive4ReadHive4UsingLegacyConversion(String)[1878]" classname="org.apache.hadoop.hive.ql.io.parquet.serde.TestParquetTimestampsHive2Compatibility" time="0"/>
  <testcase name="testWriteHive4ReadHive4UsingLegacyConversion(String)[1879]" classname="org.apache.hadoop.hive.ql.io.parquet.serde.TestParquetTimestampsHive2Compatibility" time="0"/>
  <testcase name="testWriteHive4ReadHive4UsingLegacyConversion(String)[1880]" classname="org.apache.hadoop.hive.ql.io.parquet.serde.TestParquetTimestampsHive2Compatibility" time="0"/>
  <testcase name="testWriteHive4ReadHive4UsingLegacyConversion(String)[1881]" classname="org.apache.hadoop.hive.ql.io.parquet.serde.TestParquetTimestampsHive2Compatibility" time="0"/>
  <testcase name="testWriteHive4ReadHive4UsingLegacyConversion(String)[1882]" classname="org.apache.hadoop.hive.ql.io.parquet.serde.TestParquetTimestampsHive2Compatibility" time="0"/>
  <testcase name="testWriteHive4ReadHive4UsingLegacyConversion(String)[1883]" classname="org.apache.hadoop.hive.ql.io.parquet.serde.TestParquetTimestampsHive2Compatibility" time="0"/>
  <testcase name="testWriteHive4ReadHive4UsingLegacyConversion(String)[1884]" classname="org.apache.hadoop.hive.ql.io.parquet.serde.TestParquetTimestampsHive2Compatibility" time="0"/>
  <testcase name="testWriteHive4ReadHive4UsingLegacyConversion(String)[1885]" classname="org.apache.hadoop.hive.ql.io.parquet.serde.TestParquetTimestampsHive2Compatibility" time="0"/>
  <testcase name="testWriteHive4ReadHive4UsingLegacyConversion(String)[1886]" classname="org.apache.hadoop.hive.ql.io.parquet.serde.TestParquetTimestampsHive2Compatibility" time="0.001"/>
  <testcase name="testWriteHive4ReadHive4UsingLegacyConversion(String)[1887]" classname="org.apache.hadoop.hive.ql.io.parquet.serde.TestParquetTimestampsHive2Compatibility" time="0"/>
  <testcase name="testWriteHive4ReadHive4UsingLegacyConversion(String)[1888]" classname="org.apache.hadoop.hive.ql.io.parquet.serde.TestParquetTimestampsHive2Compatibility" time="0"/>
  <testcase name="testWriteHive4ReadHive4UsingLegacyConversion(String)[1889]" classname="org.apache.hadoop.hive.ql.io.parquet.serde.TestParquetTimestampsHive2Compatibility" time="0"/>
  <testcase name="testWriteHive4ReadHive4UsingLegacyConversion(String)[1890]" classname="org.apache.hadoop.hive.ql.io.parquet.serde.TestParquetTimestampsHive2Compatibility" time="0"/>
  <testcase name="testWriteHive4ReadHive4UsingLegacyConversion(String)[1891]" classname="org.apache.hadoop.hive.ql.io.parquet.serde.TestParquetTimestampsHive2Compatibility" time="0"/>
  <testcase name="testWriteHive4ReadHive4UsingLegacyConversion(String)[1892]" classname="org.apache.hadoop.hive.ql.io.parquet.serde.TestParquetTimestampsHive2Compatibility" time="0"/>
  <testcase name="testWriteHive4ReadHive4UsingLegacyConversion(String)[1893]" classname="org.apache.hadoop.hive.ql.io.parquet.serde.TestParquetTimestampsHive2Compatibility" time="0"/>
  <testcase name="testWriteHive4ReadHive4UsingLegacyConversion(String)[1894]" classname="org.apache.hadoop.hive.ql.io.parquet.serde.TestParquetTimestampsHive2Compatibility" time="0"/>
  <testcase name="testWriteHive4ReadHive4UsingLegacyConversion(String)[1895]" classname="org.apache.hadoop.hive.ql.io.parquet.serde.TestParquetTimestampsHive2Compatibility" time="0"/>
  <testcase name="testWriteHive4ReadHive4UsingLegacyConversion(String)[1896]" classname="org.apache.hadoop.hive.ql.io.parquet.serde.TestParquetTimestampsHive2Compatibility" time="0"/>
  <testcase name="testWriteHive4ReadHive4UsingLegacyConversion(String)[1897]" classname="org.apache.hadoop.hive.ql.io.parquet.serde.TestParquetTimestampsHive2Compatibility" time="0"/>
  <testcase name="testWriteHive4ReadHive4UsingLegacyConversion(String)[1898]" classname="org.apache.hadoop.hive.ql.io.parquet.serde.TestParquetTimestampsHive2Compatibility" time="0"/>
  <testcase name="testWriteHive4ReadHive4UsingLegacyConversion(String)[1899]" classname="org.apache.hadoop.hive.ql.io.parquet.serde.TestParquetTimestampsHive2Compatibility" time="0.001"/>
  <testcase name="testWriteHive4ReadHive4UsingLegacyConversion(String)[1900]" classname="org.apache.hadoop.hive.ql.io.parquet.serde.TestParquetTimestampsHive2Compatibility" time="0"/>
  <testcase name="testWriteHive4ReadHive4UsingLegacyConversion(String)[1901]" classname="org.apache.hadoop.hive.ql.io.parquet.serde.TestParquetTimestampsHive2Compatibility" time="0"/>
  <testcase name="testWriteHive4ReadHive4UsingLegacyConversion(String)[1902]" classname="org.apache.hadoop.hive.ql.io.parquet.serde.TestParquetTimestampsHive2Compatibility" time="0"/>
  <testcase name="testWriteHive4ReadHive4UsingLegacyConversion(String)[1903]" classname="org.apache.hadoop.hive.ql.io.parquet.serde.TestParquetTimestampsHive2Compatibility" time="0"/>
  <testcase name="testWriteHive4ReadHive4UsingLegacyConversion(String)[1904]" classname="org.apache.hadoop.hive.ql.io.parquet.serde.TestParquetTimestampsHive2Compatibility" time="0"/>
  <testcase name="testWriteHive4ReadHive4UsingLegacyConversion(String)[1905]" classname="org.apache.hadoop.hive.ql.io.parquet.serde.TestParquetTimestampsHive2Compatibility" time="0"/>
  <testcase name="testWriteHive4ReadHive4UsingLegacyConversion(String)[1906]" classname="org.apache.hadoop.hive.ql.io.parquet.serde.TestParquetTimestampsHive2Compatibility" time="0"/>
  <testcase name="testWriteHive4ReadHive4UsingLegacyConversion(String)[1907]" classname="org.apache.hadoop.hive.ql.io.parquet.serde.TestParquetTimestampsHive2Compatibility" time="0"/>
  <testcase name="testWriteHive4ReadHive4UsingLegacyConversion(String)[1908]" classname="org.apache.hadoop.hive.ql.io.parquet.serde.TestParquetTimestampsHive2Compatibility" time="0"/>
  <testcase name="testWriteHive4ReadHive4UsingLegacyConversion(String)[1909]" classname="org.apache.hadoop.hive.ql.io.parquet.serde.TestParquetTimestampsHive2Compatibility" time="0"/>
  <testcase name="testWriteHive4ReadHive4UsingLegacyConversion(String)[1910]" classname="org.apache.hadoop.hive.ql.io.parquet.serde.TestParquetTimestampsHive2Compatibility" time="0"/>
  <testcase name="testWriteHive4ReadHive4UsingLegacyConversion(String)[1911]" classname="org.apache.hadoop.hive.ql.io.parquet.serde.TestParquetTimestampsHive2Compatibility" time="0"/>
  <testcase name="testWriteHive4ReadHive4UsingLegacyConversion(String)[1912]" classname="org.apache.hadoop.hive.ql.io.parquet.serde.TestParquetTimestampsHive2Compatibility" time="0"/>
  <testcase name="testWriteHive4ReadHive4UsingLegacyConversion(String)[1913]" classname="org.apache.hadoop.hive.ql.io.parquet.serde.TestParquetTimestampsHive2Compatibility" time="0"/>
  <testcase name="testWriteHive4ReadHive4UsingLegacyConversion(String)[1914]" classname="org.apache.hadoop.hive.ql.io.parquet.serde.TestParquetTimestampsHive2Compatibility" time="0"/>
  <testcase name="testWriteHive4ReadHive4UsingLegacyConversion(String)[1915]" classname="org.apache.hadoop.hive.ql.io.parquet.serde.TestParquetTimestampsHive2Compatibility" time="0"/>
  <testcase name="testWriteHive4ReadHive4UsingLegacyConversion(String)[1916]" classname="org.apache.hadoop.hive.ql.io.parquet.serde.TestParquetTimestampsHive2Compatibility" time="0"/>
  <testcase name="testWriteHive4ReadHive4UsingLegacyConversion(String)[1917]" classname="org.apache.hadoop.hive.ql.io.parquet.serde.TestParquetTimestampsHive2Compatibility" time="0"/>
  <testcase name="testWriteHive4ReadHive4UsingLegacyConversion(String)[1918]" classname="org.apache.hadoop.hive.ql.io.parquet.serde.TestParquetTimestampsHive2Compatibility" time="0.001"/>
  <testcase name="testWriteHive4ReadHive4UsingLegacyConversion(String)[1919]" classname="org.apache.hadoop.hive.ql.io.parquet.serde.TestParquetTimestampsHive2Compatibility" time="0"/>
  <testcase name="testWriteHive4ReadHive4UsingLegacyConversion(String)[1920]" classname="org.apache.hadoop.hive.ql.io.parquet.serde.TestParquetTimestampsHive2Compatibility" time="0"/>
  <testcase name="testWriteHive4ReadHive4UsingLegacyConversion(String)[1921]" classname="org.apache.hadoop.hive.ql.io.parquet.serde.TestParquetTimestampsHive2Compatibility" time="0"/>
  <testcase name="testWriteHive4ReadHive4UsingLegacyConversion(String)[1922]" classname="org.apache.hadoop.hive.ql.io.parquet.serde.TestParquetTimestampsHive2Compatibility" time="0"/>
  <testcase name="testWriteHive4ReadHive4UsingLegacyConversion(String)[1923]" classname="org.apache.hadoop.hive.ql.io.parquet.serde.TestParquetTimestampsHive2Compatibility" time="0"/>
  <testcase name="testWriteHive4ReadHive4UsingLegacyConversion(String)[1924]" classname="org.apache.hadoop.hive.ql.io.parquet.serde.TestParquetTimestampsHive2Compatibility" time="0"/>
  <testcase name="testWriteHive4ReadHive4UsingLegacyConversion(String)[1925]" classname="org.apache.hadoop.hive.ql.io.parquet.serde.TestParquetTimestampsHive2Compatibility" time="0"/>
  <testcase name="testWriteHive4ReadHive4UsingLegacyConversion(String)[1926]" classname="org.apache.hadoop.hive.ql.io.parquet.serde.TestParquetTimestampsHive2Compatibility" time="0"/>
  <testcase name="testWriteHive4ReadHive4UsingLegacyConversion(String)[1927]" classname="org.apache.hadoop.hive.ql.io.parquet.serde.TestParquetTimestampsHive2Compatibility" time="0"/>
  <testcase name="testWriteHive4ReadHive4UsingLegacyConversion(String)[1928]" classname="org.apache.hadoop.hive.ql.io.parquet.serde.TestParquetTimestampsHive2Compatibility" time="0"/>
  <testcase name="testWriteHive4ReadHive4UsingLegacyConversion(String)[1929]" classname="org.apache.hadoop.hive.ql.io.parquet.serde.TestParquetTimestampsHive2Compatibility" time="0"/>
  <testcase name="testWriteHive4ReadHive4UsingLegacyConversion(String)[1930]" classname="org.apache.hadoop.hive.ql.io.parquet.serde.TestParquetTimestampsHive2Compatibility" time="0"/>
  <testcase name="testWriteHive4ReadHive4UsingLegacyConversion(String)[1931]" classname="org.apache.hadoop.hive.ql.io.parquet.serde.TestParquetTimestampsHive2Compatibility" time="0.001"/>
  <testcase name="testWriteHive4ReadHive4UsingLegacyConversion(String)[1932]" classname="org.apache.hadoop.hive.ql.io.parquet.serde.TestParquetTimestampsHive2Compatibility" time="0"/>
  <testcase name="testWriteHive4ReadHive4UsingLegacyConversion(String)[1933]" classname="org.apache.hadoop.hive.ql.io.parquet.serde.TestParquetTimestampsHive2Compatibility" time="0"/>
  <testcase name="testWriteHive4ReadHive4UsingLegacyConversion(String)[1934]" classname="org.apache.hadoop.hive.ql.io.parquet.serde.TestParquetTimestampsHive2Compatibility" time="0"/>
  <testcase name="testWriteHive4ReadHive4UsingLegacyConversion(String)[1935]" classname="org.apache.hadoop.hive.ql.io.parquet.serde.TestParquetTimestampsHive2Compatibility" time="0"/>
  <testcase name="testWriteHive4ReadHive4UsingLegacyConversion(String)[1936]" classname="org.apache.hadoop.hive.ql.io.parquet.serde.TestParquetTimestampsHive2Compatibility" time="0"/>
  <testcase name="testWriteHive4ReadHive4UsingLegacyConversion(String)[1937]" classname="org.apache.hadoop.hive.ql.io.parquet.serde.TestParquetTimestampsHive2Compatibility" time="0"/>
  <testcase name="testWriteHive4ReadHive4UsingLegacyConversion(String)[1938]" classname="org.apache.hadoop.hive.ql.io.parquet.serde.TestParquetTimestampsHive2Compatibility" time="0"/>
  <testcase name="testWriteHive4ReadHive4UsingLegacyConversion(String)[1939]" classname="org.apache.hadoop.hive.ql.io.parquet.serde.TestParquetTimestampsHive2Compatibility" time="0"/>
  <testcase name="testWriteHive4ReadHive4UsingLegacyConversion(String)[1940]" classname="org.apache.hadoop.hive.ql.io.parquet.serde.TestParquetTimestampsHive2Compatibility" time="0"/>
  <testcase name="testWriteHive4ReadHive4UsingLegacyConversion(String)[1941]" classname="org.apache.hadoop.hive.ql.io.parquet.serde.TestParquetTimestampsHive2Compatibility" time="0"/>
  <testcase name="testWriteHive4ReadHive4UsingLegacyConversion(String)[1942]" classname="org.apache.hadoop.hive.ql.io.parquet.serde.TestParquetTimestampsHive2Compatibility" time="0"/>
  <testcase name="testWriteHive4ReadHive4UsingLegacyConversion(String)[1943]" classname="org.apache.hadoop.hive.ql.io.parquet.serde.TestParquetTimestampsHive2Compatibility" time="0"/>
  <testcase name="testWriteHive4ReadHive4UsingLegacyConversion(String)[1944]" classname="org.apache.hadoop.hive.ql.io.parquet.serde.TestParquetTimestampsHive2Compatibility" time="0.001"/>
  <testcase name="testWriteHive4ReadHive4UsingLegacyConversion(String)[1945]" classname="org.apache.hadoop.hive.ql.io.parquet.serde.TestParquetTimestampsHive2Compatibility" time="0"/>
  <testcase name="testWriteHive4ReadHive4UsingLegacyConversion(String)[1946]" classname="org.apache.hadoop.hive.ql.io.parquet.serde.TestParquetTimestampsHive2Compatibility" time="0"/>
  <testcase name="testWriteHive4ReadHive4UsingLegacyConversion(String)[1947]" classname="org.apache.hadoop.hive.ql.io.parquet.serde.TestParquetTimestampsHive2Compatibility" time="0"/>
  <testcase name="testWriteHive4ReadHive4UsingLegacyConversion(String)[1948]" classname="org.apache.hadoop.hive.ql.io.parquet.serde.TestParquetTimestampsHive2Compatibility" time="0"/>
  <testcase name="testWriteHive4ReadHive4UsingLegacyConversion(String)[1949]" classname="org.apache.hadoop.hive.ql.io.parquet.serde.TestParquetTimestampsHive2Compatibility" time="0"/>
  <testcase name="testWriteHive4ReadHive4UsingLegacyConversion(String)[1950]" classname="org.apache.hadoop.hive.ql.io.parquet.serde.TestParquetTimestampsHive2Compatibility" time="0.001"/>
  <testcase name="testWriteHive4ReadHive4UsingLegacyConversion(String)[1951]" classname="org.apache.hadoop.hive.ql.io.parquet.serde.TestParquetTimestampsHive2Compatibility" time="0"/>
  <testcase name="testWriteHive4ReadHive4UsingLegacyConversion(String)[1952]" classname="org.apache.hadoop.hive.ql.io.parquet.serde.TestParquetTimestampsHive2Compatibility" time="0"/>
  <testcase name="testWriteHive4ReadHive4UsingLegacyConversion(String)[1953]" classname="org.apache.hadoop.hive.ql.io.parquet.serde.TestParquetTimestampsHive2Compatibility" time="0"/>
  <testcase name="testWriteHive4ReadHive4UsingLegacyConversion(String)[1954]" classname="org.apache.hadoop.hive.ql.io.parquet.serde.TestParquetTimestampsHive2Compatibility" time="0"/>
  <testcase name="testWriteHive4ReadHive4UsingLegacyConversion(String)[1955]" classname="org.apache.hadoop.hive.ql.io.parquet.serde.TestParquetTimestampsHive2Compatibility" time="0"/>
  <testcase name="testWriteHive4ReadHive4UsingLegacyConversion(String)[1956]" classname="org.apache.hadoop.hive.ql.io.parquet.serde.TestParquetTimestampsHive2Compatibility" time="0"/>
  <testcase name="testWriteHive4ReadHive4UsingLegacyConversion(String)[1957]" classname="org.apache.hadoop.hive.ql.io.parquet.serde.TestParquetTimestampsHive2Compatibility" time="0"/>
  <testcase name="testWriteHive4ReadHive4UsingLegacyConversion(String)[1958]" classname="org.apache.hadoop.hive.ql.io.parquet.serde.TestParquetTimestampsHive2Compatibility" time="0"/>
  <testcase name="testWriteHive4ReadHive4UsingLegacyConversion(String)[1959]" classname="org.apache.hadoop.hive.ql.io.parquet.serde.TestParquetTimestampsHive2Compatibility" time="0"/>
  <testcase name="testWriteHive4ReadHive4UsingLegacyConversion(String)[1960]" classname="org.apache.hadoop.hive.ql.io.parquet.serde.TestParquetTimestampsHive2Compatibility" time="0"/>
  <testcase name="testWriteHive4ReadHive4UsingLegacyConversion(String)[1961]" classname="org.apache.hadoop.hive.ql.io.parquet.serde.TestParquetTimestampsHive2Compatibility" time="0"/>
  <testcase name="testWriteHive4ReadHive4UsingLegacyConversion(String)[1962]" classname="org.apache.hadoop.hive.ql.io.parquet.serde.TestParquetTimestampsHive2Compatibility" time="0"/>
  <testcase name="testWriteHive4ReadHive4UsingLegacyConversion(String)[1963]" classname="org.apache.hadoop.hive.ql.io.parquet.serde.TestParquetTimestampsHive2Compatibility" time="0.001"/>
  <testcase name="testWriteHive4ReadHive4UsingLegacyConversion(String)[1964]" classname="org.apache.hadoop.hive.ql.io.parquet.serde.TestParquetTimestampsHive2Compatibility" time="0"/>
  <testcase name="testWriteHive4ReadHive4UsingLegacyConversion(String)[1965]" classname="org.apache.hadoop.hive.ql.io.parquet.serde.TestParquetTimestampsHive2Compatibility" time="0"/>
  <testcase name="testWriteHive4ReadHive4UsingLegacyConversion(String)[1966]" classname="org.apache.hadoop.hive.ql.io.parquet.serde.TestParquetTimestampsHive2Compatibility" time="0"/>
  <testcase name="testWriteHive4ReadHive4UsingLegacyConversion(String)[1967]" classname="org.apache.hadoop.hive.ql.io.parquet.serde.TestParquetTimestampsHive2Compatibility" time="0"/>
  <testcase name="testWriteHive4ReadHive4UsingLegacyConversion(String)[1968]" classname="org.apache.hadoop.hive.ql.io.parquet.serde.TestParquetTimestampsHive2Compatibility" time="0"/>
  <testcase name="testWriteHive4ReadHive4UsingLegacyConversion(String)[1969]" classname="org.apache.hadoop.hive.ql.io.parquet.serde.TestParquetTimestampsHive2Compatibility" time="0"/>
  <testcase name="testWriteHive4ReadHive4UsingLegacyConversion(String)[1970]" classname="org.apache.hadoop.hive.ql.io.parquet.serde.TestParquetTimestampsHive2Compatibility" time="0"/>
  <testcase name="testWriteHive4ReadHive4UsingLegacyConversion(String)[1971]" classname="org.apache.hadoop.hive.ql.io.parquet.serde.TestParquetTimestampsHive2Compatibility" time="0"/>
  <testcase name="testWriteHive4ReadHive4UsingLegacyConversion(String)[1972]" classname="org.apache.hadoop.hive.ql.io.parquet.serde.TestParquetTimestampsHive2Compatibility" time="0"/>
  <testcase name="testWriteHive4ReadHive4UsingLegacyConversion(String)[1973]" classname="org.apache.hadoop.hive.ql.io.parquet.serde.TestParquetTimestampsHive2Compatibility" time="0"/>
  <testcase name="testWriteHive4ReadHive4UsingLegacyConversion(String)[1974]" classname="org.apache.hadoop.hive.ql.io.parquet.serde.TestParquetTimestampsHive2Compatibility" time="0"/>
  <testcase name="testWriteHive4ReadHive4UsingLegacyConversion(String)[1975]" classname="org.apache.hadoop.hive.ql.io.parquet.serde.TestParquetTimestampsHive2Compatibility" time="0"/>
  <testcase name="testWriteHive4ReadHive4UsingLegacyConversion(String)[1976]" classname="org.apache.hadoop.hive.ql.io.parquet.serde.TestParquetTimestampsHive2Compatibility" time="0"/>
  <testcase name="testWriteHive4ReadHive4UsingLegacyConversion(String)[1977]" classname="org.apache.hadoop.hive.ql.io.parquet.serde.TestParquetTimestampsHive2Compatibility" time="0"/>
  <testcase name="testWriteHive4ReadHive4UsingLegacyConversion(String)[1978]" classname="org.apache.hadoop.hive.ql.io.parquet.serde.TestParquetTimestampsHive2Compatibility" time="0"/>
  <testcase name="testWriteHive4ReadHive4UsingLegacyConversion(String)[1979]" classname="org.apache.hadoop.hive.ql.io.parquet.serde.TestParquetTimestampsHive2Compatibility" time="0"/>
  <testcase name="testWriteHive4ReadHive4UsingLegacyConversion(String)[1980]" classname="org.apache.hadoop.hive.ql.io.parquet.serde.TestParquetTimestampsHive2Compatibility" time="0"/>
  <testcase name="testWriteHive4ReadHive4UsingLegacyConversion(String)[1981]" classname="org.apache.hadoop.hive.ql.io.parquet.serde.TestParquetTimestampsHive2Compatibility" time="0"/>
  <testcase name="testWriteHive4ReadHive4UsingLegacyConversion(String)[1982]" classname="org.apache.hadoop.hive.ql.io.parquet.serde.TestParquetTimestampsHive2Compatibility" time="0"/>
  <testcase name="testWriteHive4ReadHive4UsingLegacyConversion(String)[1983]" classname="org.apache.hadoop.hive.ql.io.parquet.serde.TestParquetTimestampsHive2Compatibility" time="0"/>
  <testcase name="testWriteHive4ReadHive4UsingLegacyConversion(String)[1984]" classname="org.apache.hadoop.hive.ql.io.parquet.serde.TestParquetTimestampsHive2Compatibility" time="0"/>
  <testcase name="testWriteHive4ReadHive4UsingLegacyConversion(String)[1985]" classname="org.apache.hadoop.hive.ql.io.parquet.serde.TestParquetTimestampsHive2Compatibility" time="0"/>
  <testcase name="testWriteHive4ReadHive4UsingLegacyConversion(String)[1986]" classname="org.apache.hadoop.hive.ql.io.parquet.serde.TestParquetTimestampsHive2Compatibility" time="0"/>
  <testcase name="testWriteHive4ReadHive4UsingLegacyConversion(String)[1987]" classname="org.apache.hadoop.hive.ql.io.parquet.serde.TestParquetTimestampsHive2Compatibility" time="0"/>
  <testcase name="testWriteHive4ReadHive4UsingLegacyConversion(String)[1988]" classname="org.apache.hadoop.hive.ql.io.parquet.serde.TestParquetTimestampsHive2Compatibility" time="0.001"/>
  <testcase name="testWriteHive4ReadHive4UsingLegacyConversion(String)[1989]" classname="org.apache.hadoop.hive.ql.io.parquet.serde.TestParquetTimestampsHive2Compatibility" time="0"/>
  <testcase name="testWriteHive4ReadHive4UsingLegacyConversion(String)[1990]" classname="org.apache.hadoop.hive.ql.io.parquet.serde.TestParquetTimestampsHive2Compatibility" time="0"/>
  <testcase name="testWriteHive4ReadHive4UsingLegacyConversion(String)[1991]" classname="org.apache.hadoop.hive.ql.io.parquet.serde.TestParquetTimestampsHive2Compatibility" time="0"/>
  <testcase name="testWriteHive4ReadHive4UsingLegacyConversion(String)[1992]" classname="org.apache.hadoop.hive.ql.io.parquet.serde.TestParquetTimestampsHive2Compatibility" time="0"/>
  <testcase name="testWriteHive4ReadHive4UsingLegacyConversion(String)[1993]" classname="org.apache.hadoop.hive.ql.io.parquet.serde.TestParquetTimestampsHive2Compatibility" time="0"/>
  <testcase name="testWriteHive4ReadHive4UsingLegacyConversion(String)[1994]" classname="org.apache.hadoop.hive.ql.io.parquet.serde.TestParquetTimestampsHive2Compatibility" time="0.001"/>
  <testcase name="testWriteHive4ReadHive4UsingLegacyConversion(String)[1995]" classname="org.apache.hadoop.hive.ql.io.parquet.serde.TestParquetTimestampsHive2Compatibility" time="0"/>
  <testcase name="testWriteHive4ReadHive4UsingLegacyConversion(String)[1996]" classname="org.apache.hadoop.hive.ql.io.parquet.serde.TestParquetTimestampsHive2Compatibility" time="0"/>
  <testcase name="testWriteHive4ReadHive4UsingLegacyConversion(String)[1997]" classname="org.apache.hadoop.hive.ql.io.parquet.serde.TestParquetTimestampsHive2Compatibility" time="0"/>
  <testcase name="testWriteHive4ReadHive4UsingLegacyConversion(String)[1998]" classname="org.apache.hadoop.hive.ql.io.parquet.serde.TestParquetTimestampsHive2Compatibility" time="0"/>
  <testcase name="testWriteHive4ReadHive4UsingLegacyConversion(String)[1999]" classname="org.apache.hadoop.hive.ql.io.parquet.serde.TestParquetTimestampsHive2Compatibility" time="0"/>
  <testcase name="testWriteHive4ReadHive4UsingLegacyConversion(String)[2000]" classname="org.apache.hadoop.hive.ql.io.parquet.serde.TestParquetTimestampsHive2Compatibility" time="0"/>
  <testcase name="testWriteHive4ReadHive4UsingLegacyConversion(String)[2001]" classname="org.apache.hadoop.hive.ql.io.parquet.serde.TestParquetTimestampsHive2Compatibility" time="0"/>
  <testcase name="testWriteHive4ReadHive4UsingLegacyConversion(String)[2002]" classname="org.apache.hadoop.hive.ql.io.parquet.serde.TestParquetTimestampsHive2Compatibility" time="0"/>
  <testcase name="testWriteHive4ReadHive4UsingLegacyConversion(String)[2003]" classname="org.apache.hadoop.hive.ql.io.parquet.serde.TestParquetTimestampsHive2Compatibility" time="0"/>
  <testcase name="testWriteHive4ReadHive4UsingLegacyConversion(String)[2004]" classname="org.apache.hadoop.hive.ql.io.parquet.serde.TestParquetTimestampsHive2Compatibility" time="0"/>
  <testcase name="testWriteHive4ReadHive4UsingLegacyConversion(String)[2005]" classname="org.apache.hadoop.hive.ql.io.parquet.serde.TestParquetTimestampsHive2Compatibility" time="0"/>
  <testcase name="testWriteHive4ReadHive4UsingLegacyConversion(String)[2006]" classname="org.apache.hadoop.hive.ql.io.parquet.serde.TestParquetTimestampsHive2Compatibility" time="0"/>
  <testcase name="testWriteHive4ReadHive4UsingLegacyConversion(String)[2007]" classname="org.apache.hadoop.hive.ql.io.parquet.serde.TestParquetTimestampsHive2Compatibility" time="0"/>
  <testcase name="testWriteHive4ReadHive4UsingLegacyConversion(String)[2008]" classname="org.apache.hadoop.hive.ql.io.parquet.serde.TestParquetTimestampsHive2Compatibility" time="0"/>
  <testcase name="testWriteHive4ReadHive4UsingLegacyConversion(String)[2009]" classname="org.apache.hadoop.hive.ql.io.parquet.serde.TestParquetTimestampsHive2Compatibility" time="0"/>
  <testcase name="testWriteHive4ReadHive4UsingLegacyConversion(String)[2010]" classname="org.apache.hadoop.hive.ql.io.parquet.serde.TestParquetTimestampsHive2Compatibility" time="0"/>
  <testcase name="testWriteHive4ReadHive4UsingLegacyConversion(String)[2011]" classname="org.apache.hadoop.hive.ql.io.parquet.serde.TestParquetTimestampsHive2Compatibility" time="0"/>
  <testcase name="testWriteHive4ReadHive4UsingLegacyConversion(String)[2012]" classname="org.apache.hadoop.hive.ql.io.parquet.serde.TestParquetTimestampsHive2Compatibility" time="0"/>
  <testcase name="testWriteHive4ReadHive4UsingLegacyConversion(String)[2013]" classname="org.apache.hadoop.hive.ql.io.parquet.serde.TestParquetTimestampsHive2Compatibility" time="0"/>
  <testcase name="testWriteHive4ReadHive4UsingLegacyConversion(String)[2014]" classname="org.apache.hadoop.hive.ql.io.parquet.serde.TestParquetTimestampsHive2Compatibility" time="0"/>
  <testcase name="testWriteHive4ReadHive4UsingLegacyConversion(String)[2015]" classname="org.apache.hadoop.hive.ql.io.parquet.serde.TestParquetTimestampsHive2Compatibility" time="0"/>
  <testcase name="testWriteHive4ReadHive4UsingLegacyConversion(String)[2016]" classname="org.apache.hadoop.hive.ql.io.parquet.serde.TestParquetTimestampsHive2Compatibility" time="0"/>
  <testcase name="testWriteHive4ReadHive4UsingLegacyConversion(String)[2017]" classname="org.apache.hadoop.hive.ql.io.parquet.serde.TestParquetTimestampsHive2Compatibility" time="0"/>
  <testcase name="testWriteHive4ReadHive4UsingLegacyConversion(String)[2018]" classname="org.apache.hadoop.hive.ql.io.parquet.serde.TestParquetTimestampsHive2Compatibility" time="0"/>
  <testcase name="testWriteHive4ReadHive4UsingLegacyConversion(String)[2019]" classname="org.apache.hadoop.hive.ql.io.parquet.serde.TestParquetTimestampsHive2Compatibility" time="0"/>
  <testcase name="testWriteHive4ReadHive4UsingLegacyConversion(String)[2020]" classname="org.apache.hadoop.hive.ql.io.parquet.serde.TestParquetTimestampsHive2Compatibility" time="0"/>
  <testcase name="testWriteHive4ReadHive4UsingLegacyConversion(String)[2021]" classname="org.apache.hadoop.hive.ql.io.parquet.serde.TestParquetTimestampsHive2Compatibility" time="0"/>
  <testcase name="testWriteHive4ReadHive4UsingLegacyConversion(String)[2022]" classname="org.apache.hadoop.hive.ql.io.parquet.serde.TestParquetTimestampsHive2Compatibility" time="0"/>
  <testcase name="testWriteHive4ReadHive4UsingLegacyConversion(String)[2023]" classname="org.apache.hadoop.hive.ql.io.parquet.serde.TestParquetTimestampsHive2Compatibility" time="0"/>
  <testcase name="testWriteHive4ReadHive4UsingLegacyConversion(String)[2024]" classname="org.apache.hadoop.hive.ql.io.parquet.serde.TestParquetTimestampsHive2Compatibility" time="0"/>
  <testcase name="testWriteHive4ReadHive4UsingLegacyConversion(String)[2025]" classname="org.apache.hadoop.hive.ql.io.parquet.serde.TestParquetTimestampsHive2Compatibility" time="0"/>
  <testcase name="testWriteHive4ReadHive4UsingLegacyConversion(String)[2026]" classname="org.apache.hadoop.hive.ql.io.parquet.serde.TestParquetTimestampsHive2Compatibility" time="0.001"/>
  <testcase name="testWriteHive4ReadHive4UsingLegacyConversion(String)[2027]" classname="org.apache.hadoop.hive.ql.io.parquet.serde.TestParquetTimestampsHive2Compatibility" time="0"/>
  <testcase name="testWriteHive4ReadHive4UsingLegacyConversion(String)[2028]" classname="org.apache.hadoop.hive.ql.io.parquet.serde.TestParquetTimestampsHive2Compatibility" time="0"/>
  <testcase name="testWriteHive4ReadHive4UsingLegacyConversion(String)[2029]" classname="org.apache.hadoop.hive.ql.io.parquet.serde.TestParquetTimestampsHive2Compatibility" time="0"/>
  <testcase name="testWriteHive4ReadHive4UsingLegacyConversion(String)[2030]" classname="org.apache.hadoop.hive.ql.io.parquet.serde.TestParquetTimestampsHive2Compatibility" time="0"/>
  <testcase name="testWriteHive4ReadHive4UsingLegacyConversion(String)[2031]" classname="org.apache.hadoop.hive.ql.io.parquet.serde.TestParquetTimestampsHive2Compatibility" time="0"/>
  <testcase name="testWriteHive4ReadHive4UsingLegacyConversion(String)[2032]" classname="org.apache.hadoop.hive.ql.io.parquet.serde.TestParquetTimestampsHive2Compatibility" time="0"/>
  <testcase name="testWriteHive4ReadHive4UsingLegacyConversion(String)[2033]" classname="org.apache.hadoop.hive.ql.io.parquet.serde.TestParquetTimestampsHive2Compatibility" time="0"/>
  <testcase name="testWriteHive4ReadHive4UsingLegacyConversion(String)[2034]" classname="org.apache.hadoop.hive.ql.io.parquet.serde.TestParquetTimestampsHive2Compatibility" time="0"/>
  <testcase name="testWriteHive4ReadHive4UsingLegacyConversion(String)[2035]" classname="org.apache.hadoop.hive.ql.io.parquet.serde.TestParquetTimestampsHive2Compatibility" time="0"/>
  <testcase name="testWriteHive4ReadHive4UsingLegacyConversion(String)[2036]" classname="org.apache.hadoop.hive.ql.io.parquet.serde.TestParquetTimestampsHive2Compatibility" time="0"/>
  <testcase name="testWriteHive4ReadHive4UsingLegacyConversion(String)[2037]" classname="org.apache.hadoop.hive.ql.io.parquet.serde.TestParquetTimestampsHive2Compatibility" time="0"/>
  <testcase name="testWriteHive4ReadHive4UsingLegacyConversion(String)[2038]" classname="org.apache.hadoop.hive.ql.io.parquet.serde.TestParquetTimestampsHive2Compatibility" time="0"/>
  <testcase name="testWriteHive4ReadHive4UsingLegacyConversion(String)[2039]" classname="org.apache.hadoop.hive.ql.io.parquet.serde.TestParquetTimestampsHive2Compatibility" time="0"/>
  <testcase name="testWriteHive4ReadHive4UsingLegacyConversion(String)[2040]" classname="org.apache.hadoop.hive.ql.io.parquet.serde.TestParquetTimestampsHive2Compatibility" time="0"/>
  <testcase name="testWriteHive4ReadHive4UsingLegacyConversion(String)[2041]" classname="org.apache.hadoop.hive.ql.io.parquet.serde.TestParquetTimestampsHive2Compatibility" time="0"/>
  <testcase name="testWriteHive4ReadHive4UsingLegacyConversion(String)[2042]" classname="org.apache.hadoop.hive.ql.io.parquet.serde.TestParquetTimestampsHive2Compatibility" time="0"/>
  <testcase name="testWriteHive4ReadHive4UsingLegacyConversion(String)[2043]" classname="org.apache.hadoop.hive.ql.io.parquet.serde.TestParquetTimestampsHive2Compatibility" time="0"/>
  <testcase name="testWriteHive4ReadHive4UsingLegacyConversion(String)[2044]" classname="org.apache.hadoop.hive.ql.io.parquet.serde.TestParquetTimestampsHive2Compatibility" time="0"/>
  <testcase name="testWriteHive4ReadHive4UsingLegacyConversion(String)[2045]" classname="org.apache.hadoop.hive.ql.io.parquet.serde.TestParquetTimestampsHive2Compatibility" time="0"/>
  <testcase name="testWriteHive4ReadHive4UsingLegacyConversion(String)[2046]" classname="org.apache.hadoop.hive.ql.io.parquet.serde.TestParquetTimestampsHive2Compatibility" time="0"/>
  <testcase name="testWriteHive4ReadHive4UsingLegacyConversion(String)[2047]" classname="org.apache.hadoop.hive.ql.io.parquet.serde.TestParquetTimestampsHive2Compatibility" time="0"/>
  <testcase name="testWriteHive4ReadHive4UsingLegacyConversion(String)[2048]" classname="org.apache.hadoop.hive.ql.io.parquet.serde.TestParquetTimestampsHive2Compatibility" time="0"/>
  <testcase name="testWriteHive4ReadHive4UsingLegacyConversion(String)[2049]" classname="org.apache.hadoop.hive.ql.io.parquet.serde.TestParquetTimestampsHive2Compatibility" time="0.001"/>
  <testcase name="testWriteHive4ReadHive4UsingLegacyConversion(String)[2050]" classname="org.apache.hadoop.hive.ql.io.parquet.serde.TestParquetTimestampsHive2Compatibility" time="0"/>
  <testcase name="testWriteHive4ReadHive4UsingLegacyConversion(String)[2051]" classname="org.apache.hadoop.hive.ql.io.parquet.serde.TestParquetTimestampsHive2Compatibility" time="0"/>
  <testcase name="testWriteHive4ReadHive4UsingLegacyConversion(String)[2052]" classname="org.apache.hadoop.hive.ql.io.parquet.serde.TestParquetTimestampsHive2Compatibility" time="0"/>
  <testcase name="testWriteHive4ReadHive4UsingLegacyConversion(String)[2053]" classname="org.apache.hadoop.hive.ql.io.parquet.serde.TestParquetTimestampsHive2Compatibility" time="0"/>
  <testcase name="testWriteHive4ReadHive4UsingLegacyConversion(String)[2054]" classname="org.apache.hadoop.hive.ql.io.parquet.serde.TestParquetTimestampsHive2Compatibility" time="0.001"/>
  <testcase name="testWriteHive4ReadHive4UsingLegacyConversion(String)[2055]" classname="org.apache.hadoop.hive.ql.io.parquet.serde.TestParquetTimestampsHive2Compatibility" time="0"/>
  <testcase name="testWriteHive4ReadHive4UsingLegacyConversion(String)[2056]" classname="org.apache.hadoop.hive.ql.io.parquet.serde.TestParquetTimestampsHive2Compatibility" time="0"/>
  <testcase name="testWriteHive4ReadHive4UsingLegacyConversion(String)[2057]" classname="org.apache.hadoop.hive.ql.io.parquet.serde.TestParquetTimestampsHive2Compatibility" time="0"/>
  <testcase name="testWriteHive4ReadHive4UsingLegacyConversion(String)[2058]" classname="org.apache.hadoop.hive.ql.io.parquet.serde.TestParquetTimestampsHive2Compatibility" time="0"/>
  <testcase name="testWriteHive4ReadHive4UsingLegacyConversion(String)[2059]" classname="org.apache.hadoop.hive.ql.io.parquet.serde.TestParquetTimestampsHive2Compatibility" time="0"/>
  <testcase name="testWriteHive4ReadHive4UsingLegacyConversion(String)[2060]" classname="org.apache.hadoop.hive.ql.io.parquet.serde.TestParquetTimestampsHive2Compatibility" time="0"/>
  <testcase name="testWriteHive4ReadHive4UsingLegacyConversion(String)[2061]" classname="org.apache.hadoop.hive.ql.io.parquet.serde.TestParquetTimestampsHive2Compatibility" time="0"/>
  <testcase name="testWriteHive4ReadHive4UsingLegacyConversion(String)[2062]" classname="org.apache.hadoop.hive.ql.io.parquet.serde.TestParquetTimestampsHive2Compatibility" time="0"/>
  <testcase name="testWriteHive4ReadHive4UsingLegacyConversion(String)[2063]" classname="org.apache.hadoop.hive.ql.io.parquet.serde.TestParquetTimestampsHive2Compatibility" time="0"/>
  <testcase name="testWriteHive4ReadHive4UsingLegacyConversion(String)[2064]" classname="org.apache.hadoop.hive.ql.io.parquet.serde.TestParquetTimestampsHive2Compatibility" time="0"/>
  <testcase name="testWriteHive4ReadHive4UsingLegacyConversion(String)[2065]" classname="org.apache.hadoop.hive.ql.io.parquet.serde.TestParquetTimestampsHive2Compatibility" time="0.001"/>
  <testcase name="testWriteHive4ReadHive4UsingLegacyConversion(String)[2066]" classname="org.apache.hadoop.hive.ql.io.parquet.serde.TestParquetTimestampsHive2Compatibility" time="0"/>
  <testcase name="testWriteHive4ReadHive4UsingLegacyConversion(String)[2067]" classname="org.apache.hadoop.hive.ql.io.parquet.serde.TestParquetTimestampsHive2Compatibility" time="0"/>
  <testcase name="testWriteHive4ReadHive4UsingLegacyConversion(String)[2068]" classname="org.apache.hadoop.hive.ql.io.parquet.serde.TestParquetTimestampsHive2Compatibility" time="0"/>
  <testcase name="testWriteHive4ReadHive4UsingLegacyConversion(String)[2069]" classname="org.apache.hadoop.hive.ql.io.parquet.serde.TestParquetTimestampsHive2Compatibility" time="0"/>
  <testcase name="testWriteHive4ReadHive4UsingLegacyConversion(String)[2070]" classname="org.apache.hadoop.hive.ql.io.parquet.serde.TestParquetTimestampsHive2Compatibility" time="0"/>
  <testcase name="testWriteHive4ReadHive4UsingLegacyConversion(String)[2071]" classname="org.apache.hadoop.hive.ql.io.parquet.serde.TestParquetTimestampsHive2Compatibility" time="0.001"/>
  <testcase name="testWriteHive4ReadHive4UsingLegacyConversion(String)[2072]" classname="org.apache.hadoop.hive.ql.io.parquet.serde.TestParquetTimestampsHive2Compatibility" time="0"/>
  <testcase name="testWriteHive4ReadHive4UsingLegacyConversion(String)[2073]" classname="org.apache.hadoop.hive.ql.io.parquet.serde.TestParquetTimestampsHive2Compatibility" time="0"/>
  <testcase name="testWriteHive4ReadHive4UsingLegacyConversion(String)[2074]" classname="org.apache.hadoop.hive.ql.io.parquet.serde.TestParquetTimestampsHive2Compatibility" time="0"/>
  <testcase name="testWriteHive4ReadHive4UsingLegacyConversion(String)[2075]" classname="org.apache.hadoop.hive.ql.io.parquet.serde.TestParquetTimestampsHive2Compatibility" time="0"/>
  <testcase name="testWriteHive4ReadHive4UsingLegacyConversion(String)[2076]" classname="org.apache.hadoop.hive.ql.io.parquet.serde.TestParquetTimestampsHive2Compatibility" time="0"/>
  <testcase name="testWriteHive4ReadHive4UsingLegacyConversion(String)[2077]" classname="org.apache.hadoop.hive.ql.io.parquet.serde.TestParquetTimestampsHive2Compatibility" time="0.001"/>
  <testcase name="testWriteHive4ReadHive4UsingLegacyConversion(String)[2078]" classname="org.apache.hadoop.hive.ql.io.parquet.serde.TestParquetTimestampsHive2Compatibility" time="0"/>
  <testcase name="testWriteHive4ReadHive4UsingLegacyConversion(String)[2079]" classname="org.apache.hadoop.hive.ql.io.parquet.serde.TestParquetTimestampsHive2Compatibility" time="0"/>
  <testcase name="testWriteHive4ReadHive4UsingLegacyConversion(String)[2080]" classname="org.apache.hadoop.hive.ql.io.parquet.serde.TestParquetTimestampsHive2Compatibility" time="0"/>
  <testcase name="testWriteHive4ReadHive4UsingLegacyConversion(String)[2081]" classname="org.apache.hadoop.hive.ql.io.parquet.serde.TestParquetTimestampsHive2Compatibility" time="0"/>
  <testcase name="testWriteHive4ReadHive4UsingLegacyConversion(String)[2082]" classname="org.apache.hadoop.hive.ql.io.parquet.serde.TestParquetTimestampsHive2Compatibility" time="0"/>
  <testcase name="testWriteHive4ReadHive4UsingLegacyConversion(String)[2083]" classname="org.apache.hadoop.hive.ql.io.parquet.serde.TestParquetTimestampsHive2Compatibility" time="0"/>
  <testcase name="testWriteHive4ReadHive4UsingLegacyConversion(String)[2084]" classname="org.apache.hadoop.hive.ql.io.parquet.serde.TestParquetTimestampsHive2Compatibility" time="0"/>
  <testcase name="testWriteHive4ReadHive4UsingLegacyConversion(String)[2085]" classname="org.apache.hadoop.hive.ql.io.parquet.serde.TestParquetTimestampsHive2Compatibility" time="0"/>
  <testcase name="testWriteHive4ReadHive4UsingLegacyConversion(String)[2086]" classname="org.apache.hadoop.hive.ql.io.parquet.serde.TestParquetTimestampsHive2Compatibility" time="0"/>
  <testcase name="testWriteHive4ReadHive4UsingLegacyConversion(String)[2087]" classname="org.apache.hadoop.hive.ql.io.parquet.serde.TestParquetTimestampsHive2Compatibility" time="0"/>
  <testcase name="testWriteHive4ReadHive4UsingLegacyConversion(String)[2088]" classname="org.apache.hadoop.hive.ql.io.parquet.serde.TestParquetTimestampsHive2Compatibility" time="0"/>
  <testcase name="testWriteHive4ReadHive4UsingLegacyConversion(String)[2089]" classname="org.apache.hadoop.hive.ql.io.parquet.serde.TestParquetTimestampsHive2Compatibility" time="0"/>
  <testcase name="testWriteHive4ReadHive4UsingLegacyConversion(String)[2090]" classname="org.apache.hadoop.hive.ql.io.parquet.serde.TestParquetTimestampsHive2Compatibility" time="0"/>
  <testcase name="testWriteHive4ReadHive4UsingLegacyConversion(String)[2091]" classname="org.apache.hadoop.hive.ql.io.parquet.serde.TestParquetTimestampsHive2Compatibility" time="0"/>
  <testcase name="testWriteHive4ReadHive4UsingLegacyConversion(String)[2092]" classname="org.apache.hadoop.hive.ql.io.parquet.serde.TestParquetTimestampsHive2Compatibility" time="0"/>
  <testcase name="testWriteHive4ReadHive4UsingLegacyConversion(String)[2093]" classname="org.apache.hadoop.hive.ql.io.parquet.serde.TestParquetTimestampsHive2Compatibility" time="0"/>
  <testcase name="testWriteHive4ReadHive4UsingLegacyConversion(String)[2094]" classname="org.apache.hadoop.hive.ql.io.parquet.serde.TestParquetTimestampsHive2Compatibility" time="0"/>
  <testcase name="testWriteHive4ReadHive4UsingLegacyConversion(String)[2095]" classname="org.apache.hadoop.hive.ql.io.parquet.serde.TestParquetTimestampsHive2Compatibility" time="0"/>
  <testcase name="testWriteHive4ReadHive4UsingLegacyConversion(String)[2096]" classname="org.apache.hadoop.hive.ql.io.parquet.serde.TestParquetTimestampsHive2Compatibility" time="0"/>
  <testcase name="testWriteHive4ReadHive4UsingLegacyConversion(String)[2097]" classname="org.apache.hadoop.hive.ql.io.parquet.serde.TestParquetTimestampsHive2Compatibility" time="0"/>
  <testcase name="testWriteHive4ReadHive4UsingLegacyConversion(String)[2098]" classname="org.apache.hadoop.hive.ql.io.parquet.serde.TestParquetTimestampsHive2Compatibility" time="0"/>
  <testcase name="testWriteHive4ReadHive4UsingLegacyConversion(String)[2099]" classname="org.apache.hadoop.hive.ql.io.parquet.serde.TestParquetTimestampsHive2Compatibility" time="0"/>
  <testcase name="testWriteHive4ReadHive4UsingLegacyConversion(String)[2100]" classname="org.apache.hadoop.hive.ql.io.parquet.serde.TestParquetTimestampsHive2Compatibility" time="0"/>
  <testcase name="testWriteHive4ReadHive4UsingLegacyConversion(String)[2101]" classname="org.apache.hadoop.hive.ql.io.parquet.serde.TestParquetTimestampsHive2Compatibility" time="0"/>
  <testcase name="testWriteHive4ReadHive4UsingLegacyConversion(String)[2102]" classname="org.apache.hadoop.hive.ql.io.parquet.serde.TestParquetTimestampsHive2Compatibility" time="0"/>
  <testcase name="testWriteHive4ReadHive4UsingLegacyConversion(String)[2103]" classname="org.apache.hadoop.hive.ql.io.parquet.serde.TestParquetTimestampsHive2Compatibility" time="0"/>
  <testcase name="testWriteHive4ReadHive4UsingLegacyConversion(String)[2104]" classname="org.apache.hadoop.hive.ql.io.parquet.serde.TestParquetTimestampsHive2Compatibility" time="0"/>
  <testcase name="testWriteHive4ReadHive4UsingLegacyConversion(String)[2105]" classname="org.apache.hadoop.hive.ql.io.parquet.serde.TestParquetTimestampsHive2Compatibility" time="0"/>
  <testcase name="testWriteHive4ReadHive4UsingLegacyConversion(String)[2106]" classname="org.apache.hadoop.hive.ql.io.parquet.serde.TestParquetTimestampsHive2Compatibility" time="0"/>
  <testcase name="testWriteHive4ReadHive4UsingLegacyConversion(String)[2107]" classname="org.apache.hadoop.hive.ql.io.parquet.serde.TestParquetTimestampsHive2Compatibility" time="0"/>
  <testcase name="testWriteHive4ReadHive4UsingLegacyConversion(String)[2108]" classname="org.apache.hadoop.hive.ql.io.parquet.serde.TestParquetTimestampsHive2Compatibility" time="0"/>
  <testcase name="testWriteHive4ReadHive4UsingLegacyConversion(String)[2109]" classname="org.apache.hadoop.hive.ql.io.parquet.serde.TestParquetTimestampsHive2Compatibility" time="0"/>
  <testcase name="testWriteHive4ReadHive4UsingLegacyConversion(String)[2110]" classname="org.apache.hadoop.hive.ql.io.parquet.serde.TestParquetTimestampsHive2Compatibility" time="0"/>
  <testcase name="testWriteHive4ReadHive4UsingLegacyConversion(String)[2111]" classname="org.apache.hadoop.hive.ql.io.parquet.serde.TestParquetTimestampsHive2Compatibility" time="0"/>
  <testcase name="testWriteHive4ReadHive4UsingLegacyConversion(String)[2112]" classname="org.apache.hadoop.hive.ql.io.parquet.serde.TestParquetTimestampsHive2Compatibility" time="0"/>
  <testcase name="testWriteHive4ReadHive4UsingLegacyConversion(String)[2113]" classname="org.apache.hadoop.hive.ql.io.parquet.serde.TestParquetTimestampsHive2Compatibility" time="0"/>
  <testcase name="testWriteHive4ReadHive4UsingLegacyConversion(String)[2114]" classname="org.apache.hadoop.hive.ql.io.parquet.serde.TestParquetTimestampsHive2Compatibility" time="0"/>
  <testcase name="testWriteHive4ReadHive4UsingLegacyConversion(String)[2115]" classname="org.apache.hadoop.hive.ql.io.parquet.serde.TestParquetTimestampsHive2Compatibility" time="0"/>
  <testcase name="testWriteHive4ReadHive4UsingLegacyConversion(String)[2116]" classname="org.apache.hadoop.hive.ql.io.parquet.serde.TestParquetTimestampsHive2Compatibility" time="0"/>
  <testcase name="testWriteHive4ReadHive4UsingLegacyConversion(String)[2117]" classname="org.apache.hadoop.hive.ql.io.parquet.serde.TestParquetTimestampsHive2Compatibility" time="0"/>
  <testcase name="testWriteHive4ReadHive4UsingLegacyConversion(String)[2118]" classname="org.apache.hadoop.hive.ql.io.parquet.serde.TestParquetTimestampsHive2Compatibility" time="0"/>
  <testcase name="testWriteHive4ReadHive4UsingLegacyConversion(String)[2119]" classname="org.apache.hadoop.hive.ql.io.parquet.serde.TestParquetTimestampsHive2Compatibility" time="0.001"/>
  <testcase name="testWriteHive4ReadHive4UsingLegacyConversion(String)[2120]" classname="org.apache.hadoop.hive.ql.io.parquet.serde.TestParquetTimestampsHive2Compatibility" time="0"/>
  <testcase name="testWriteHive4ReadHive4UsingLegacyConversion(String)[2121]" classname="org.apache.hadoop.hive.ql.io.parquet.serde.TestParquetTimestampsHive2Compatibility" time="0"/>
  <testcase name="testWriteHive4ReadHive4UsingLegacyConversion(String)[2122]" classname="org.apache.hadoop.hive.ql.io.parquet.serde.TestParquetTimestampsHive2Compatibility" time="0"/>
  <testcase name="testWriteHive4ReadHive4UsingLegacyConversion(String)[2123]" classname="org.apache.hadoop.hive.ql.io.parquet.serde.TestParquetTimestampsHive2Compatibility" time="0"/>
  <testcase name="testWriteHive4ReadHive4UsingLegacyConversion(String)[2124]" classname="org.apache.hadoop.hive.ql.io.parquet.serde.TestParquetTimestampsHive2Compatibility" time="0"/>
  <testcase name="testWriteHive4ReadHive4UsingLegacyConversion(String)[2125]" classname="org.apache.hadoop.hive.ql.io.parquet.serde.TestParquetTimestampsHive2Compatibility" time="0.001"/>
  <testcase name="testWriteHive4ReadHive4UsingLegacyConversion(String)[2126]" classname="org.apache.hadoop.hive.ql.io.parquet.serde.TestParquetTimestampsHive2Compatibility" time="0"/>
  <testcase name="testWriteHive4ReadHive4UsingLegacyConversion(String)[2127]" classname="org.apache.hadoop.hive.ql.io.parquet.serde.TestParquetTimestampsHive2Compatibility" time="0"/>
  <testcase name="testWriteHive4ReadHive4UsingLegacyConversion(String)[2128]" classname="org.apache.hadoop.hive.ql.io.parquet.serde.TestParquetTimestampsHive2Compatibility" time="0"/>
  <testcase name="testWriteHive4ReadHive4UsingLegacyConversion(String)[2129]" classname="org.apache.hadoop.hive.ql.io.parquet.serde.TestParquetTimestampsHive2Compatibility" time="0"/>
  <testcase name="testWriteHive4ReadHive4UsingLegacyConversion(String)[2130]" classname="org.apache.hadoop.hive.ql.io.parquet.serde.TestParquetTimestampsHive2Compatibility" time="0"/>
  <testcase name="testWriteHive4ReadHive4UsingLegacyConversion(String)[2131]" classname="org.apache.hadoop.hive.ql.io.parquet.serde.TestParquetTimestampsHive2Compatibility" time="0.001"/>
  <testcase name="testWriteHive4ReadHive4UsingLegacyConversion(String)[2132]" classname="org.apache.hadoop.hive.ql.io.parquet.serde.TestParquetTimestampsHive2Compatibility" time="0"/>
  <testcase name="testWriteHive4ReadHive4UsingLegacyConversion(String)[2133]" classname="org.apache.hadoop.hive.ql.io.parquet.serde.TestParquetTimestampsHive2Compatibility" time="0"/>
  <testcase name="testWriteHive4ReadHive4UsingLegacyConversion(String)[2134]" classname="org.apache.hadoop.hive.ql.io.parquet.serde.TestParquetTimestampsHive2Compatibility" time="0"/>
  <testcase name="testWriteHive4ReadHive4UsingLegacyConversion(String)[2135]" classname="org.apache.hadoop.hive.ql.io.parquet.serde.TestParquetTimestampsHive2Compatibility" time="0"/>
  <testcase name="testWriteHive4ReadHive4UsingLegacyConversion(String)[2136]" classname="org.apache.hadoop.hive.ql.io.parquet.serde.TestParquetTimestampsHive2Compatibility" time="0"/>
  <testcase name="testWriteHive4ReadHive4UsingLegacyConversion(String)[2137]" classname="org.apache.hadoop.hive.ql.io.parquet.serde.TestParquetTimestampsHive2Compatibility" time="0"/>
  <testcase name="testWriteHive4ReadHive4UsingLegacyConversion(String)[2138]" classname="org.apache.hadoop.hive.ql.io.parquet.serde.TestParquetTimestampsHive2Compatibility" time="0"/>
  <testcase name="testWriteHive4ReadHive4UsingLegacyConversion(String)[2139]" classname="org.apache.hadoop.hive.ql.io.parquet.serde.TestParquetTimestampsHive2Compatibility" time="0"/>
  <testcase name="testWriteHive4ReadHive4UsingLegacyConversion(String)[2140]" classname="org.apache.hadoop.hive.ql.io.parquet.serde.TestParquetTimestampsHive2Compatibility" time="0"/>
  <testcase name="testWriteHive4ReadHive4UsingLegacyConversion(String)[2141]" classname="org.apache.hadoop.hive.ql.io.parquet.serde.TestParquetTimestampsHive2Compatibility" time="0"/>
  <testcase name="testWriteHive4ReadHive4UsingLegacyConversion(String)[2142]" classname="org.apache.hadoop.hive.ql.io.parquet.serde.TestParquetTimestampsHive2Compatibility" time="0"/>
  <testcase name="testWriteHive4ReadHive4UsingLegacyConversion(String)[2143]" classname="org.apache.hadoop.hive.ql.io.parquet.serde.TestParquetTimestampsHive2Compatibility" time="0"/>
  <testcase name="testWriteHive4ReadHive4UsingLegacyConversion(String)[2144]" classname="org.apache.hadoop.hive.ql.io.parquet.serde.TestParquetTimestampsHive2Compatibility" time="0"/>
  <testcase name="testWriteHive4ReadHive4UsingLegacyConversion(String)[2145]" classname="org.apache.hadoop.hive.ql.io.parquet.serde.TestParquetTimestampsHive2Compatibility" time="0"/>
  <testcase name="testWriteHive4ReadHive4UsingLegacyConversion(String)[2146]" classname="org.apache.hadoop.hive.ql.io.parquet.serde.TestParquetTimestampsHive2Compatibility" time="0"/>
  <testcase name="testWriteHive4ReadHive4UsingLegacyConversion(String)[2147]" classname="org.apache.hadoop.hive.ql.io.parquet.serde.TestParquetTimestampsHive2Compatibility" time="0"/>
  <testcase name="testWriteHive4ReadHive4UsingLegacyConversion(String)[2148]" classname="org.apache.hadoop.hive.ql.io.parquet.serde.TestParquetTimestampsHive2Compatibility" time="0"/>
  <testcase name="testWriteHive4ReadHive4UsingLegacyConversion(String)[2149]" classname="org.apache.hadoop.hive.ql.io.parquet.serde.TestParquetTimestampsHive2Compatibility" time="0.001"/>
  <testcase name="testWriteHive4ReadHive4UsingLegacyConversion(String)[2150]" classname="org.apache.hadoop.hive.ql.io.parquet.serde.TestParquetTimestampsHive2Compatibility" time="0"/>
  <testcase name="testWriteHive4ReadHive4UsingLegacyConversion(String)[2151]" classname="org.apache.hadoop.hive.ql.io.parquet.serde.TestParquetTimestampsHive2Compatibility" time="0"/>
  <testcase name="testWriteHive4ReadHive4UsingLegacyConversion(String)[2152]" classname="org.apache.hadoop.hive.ql.io.parquet.serde.TestParquetTimestampsHive2Compatibility" time="0"/>
  <testcase name="testWriteHive4ReadHive4UsingLegacyConversion(String)[2153]" classname="org.apache.hadoop.hive.ql.io.parquet.serde.TestParquetTimestampsHive2Compatibility" time="0"/>
  <testcase name="testWriteHive4ReadHive4UsingLegacyConversion(String)[2154]" classname="org.apache.hadoop.hive.ql.io.parquet.serde.TestParquetTimestampsHive2Compatibility" time="0"/>
  <testcase name="testWriteHive4ReadHive4UsingLegacyConversion(String)[2155]" classname="org.apache.hadoop.hive.ql.io.parquet.serde.TestParquetTimestampsHive2Compatibility" time="0.001"/>
  <testcase name="testWriteHive4ReadHive4UsingLegacyConversion(String)[2156]" classname="org.apache.hadoop.hive.ql.io.parquet.serde.TestParquetTimestampsHive2Compatibility" time="0"/>
  <testcase name="testWriteHive4ReadHive4UsingLegacyConversion(String)[2157]" classname="org.apache.hadoop.hive.ql.io.parquet.serde.TestParquetTimestampsHive2Compatibility" time="0"/>
  <testcase name="testWriteHive4ReadHive4UsingLegacyConversion(String)[2158]" classname="org.apache.hadoop.hive.ql.io.parquet.serde.TestParquetTimestampsHive2Compatibility" time="0"/>
  <testcase name="testWriteHive4ReadHive4UsingLegacyConversion(String)[2159]" classname="org.apache.hadoop.hive.ql.io.parquet.serde.TestParquetTimestampsHive2Compatibility" time="0"/>
  <testcase name="testWriteHive4ReadHive4UsingLegacyConversion(String)[2160]" classname="org.apache.hadoop.hive.ql.io.parquet.serde.TestParquetTimestampsHive2Compatibility" time="0"/>
  <testcase name="testWriteHive4ReadHive4UsingLegacyConversion(String)[2161]" classname="org.apache.hadoop.hive.ql.io.parquet.serde.TestParquetTimestampsHive2Compatibility" time="0.001"/>
  <testcase name="testWriteHive4ReadHive4UsingLegacyConversion(String)[2162]" classname="org.apache.hadoop.hive.ql.io.parquet.serde.TestParquetTimestampsHive2Compatibility" time="0"/>
  <testcase name="testWriteHive4ReadHive4UsingLegacyConversion(String)[2163]" classname="org.apache.hadoop.hive.ql.io.parquet.serde.TestParquetTimestampsHive2Compatibility" time="0"/>
  <testcase name="testWriteHive4ReadHive4UsingLegacyConversion(String)[2164]" classname="org.apache.hadoop.hive.ql.io.parquet.serde.TestParquetTimestampsHive2Compatibility" time="0"/>
  <testcase name="testWriteHive4ReadHive4UsingLegacyConversion(String)[2165]" classname="org.apache.hadoop.hive.ql.io.parquet.serde.TestParquetTimestampsHive2Compatibility" time="0"/>
  <testcase name="testWriteHive4ReadHive4UsingLegacyConversion(String)[2166]" classname="org.apache.hadoop.hive.ql.io.parquet.serde.TestParquetTimestampsHive2Compatibility" time="0"/>
  <testcase name="testWriteHive4ReadHive4UsingLegacyConversion(String)[2167]" classname="org.apache.hadoop.hive.ql.io.parquet.serde.TestParquetTimestampsHive2Compatibility" time="0.001"/>
  <testcase name="testWriteHive4ReadHive4UsingLegacyConversion(String)[2168]" classname="org.apache.hadoop.hive.ql.io.parquet.serde.TestParquetTimestampsHive2Compatibility" time="0"/>
  <testcase name="testWriteHive4ReadHive4UsingLegacyConversion(String)[2169]" classname="org.apache.hadoop.hive.ql.io.parquet.serde.TestParquetTimestampsHive2Compatibility" time="0"/>
  <testcase name="testWriteHive4ReadHive4UsingLegacyConversion(String)[2170]" classname="org.apache.hadoop.hive.ql.io.parquet.serde.TestParquetTimestampsHive2Compatibility" time="0"/>
  <testcase name="testWriteHive4ReadHive4UsingLegacyConversion(String)[2171]" classname="org.apache.hadoop.hive.ql.io.parquet.serde.TestParquetTimestampsHive2Compatibility" time="0"/>
  <testcase name="testWriteHive4ReadHive4UsingLegacyConversion(String)[2172]" classname="org.apache.hadoop.hive.ql.io.parquet.serde.TestParquetTimestampsHive2Compatibility" time="0"/>
  <testcase name="testWriteHive4ReadHive4UsingLegacyConversion(String)[2173]" classname="org.apache.hadoop.hive.ql.io.parquet.serde.TestParquetTimestampsHive2Compatibility" time="0.001"/>
  <testcase name="testWriteHive4ReadHive4UsingLegacyConversion(String)[2174]" classname="org.apache.hadoop.hive.ql.io.parquet.serde.TestParquetTimestampsHive2Compatibility" time="0"/>
  <testcase name="testWriteHive4ReadHive4UsingLegacyConversion(String)[2175]" classname="org.apache.hadoop.hive.ql.io.parquet.serde.TestParquetTimestampsHive2Compatibility" time="0"/>
  <testcase name="testWriteHive4ReadHive4UsingLegacyConversion(String)[2176]" classname="org.apache.hadoop.hive.ql.io.parquet.serde.TestParquetTimestampsHive2Compatibility" time="0"/>
  <testcase name="testWriteHive4ReadHive4UsingLegacyConversion(String)[2177]" classname="org.apache.hadoop.hive.ql.io.parquet.serde.TestParquetTimestampsHive2Compatibility" time="0"/>
  <testcase name="testWriteHive4ReadHive4UsingLegacyConversion(String)[2178]" classname="org.apache.hadoop.hive.ql.io.parquet.serde.TestParquetTimestampsHive2Compatibility" time="0"/>
  <testcase name="testWriteHive4ReadHive4UsingLegacyConversion(String)[2179]" classname="org.apache.hadoop.hive.ql.io.parquet.serde.TestParquetTimestampsHive2Compatibility" time="0"/>
  <testcase name="testWriteHive4ReadHive4UsingLegacyConversion(String)[2180]" classname="org.apache.hadoop.hive.ql.io.parquet.serde.TestParquetTimestampsHive2Compatibility" time="0"/>
  <testcase name="testWriteHive4ReadHive4UsingLegacyConversion(String)[2181]" classname="org.apache.hadoop.hive.ql.io.parquet.serde.TestParquetTimestampsHive2Compatibility" time="0"/>
  <testcase name="testWriteHive4ReadHive4UsingLegacyConversion(String)[2182]" classname="org.apache.hadoop.hive.ql.io.parquet.serde.TestParquetTimestampsHive2Compatibility" time="0.001"/>
  <testcase name="testWriteHive4ReadHive4UsingLegacyConversion(String)[2183]" classname="org.apache.hadoop.hive.ql.io.parquet.serde.TestParquetTimestampsHive2Compatibility" time="0"/>
  <testcase name="testWriteHive4ReadHive4UsingLegacyConversion(String)[2184]" classname="org.apache.hadoop.hive.ql.io.parquet.serde.TestParquetTimestampsHive2Compatibility" time="0"/>
  <testcase name="testWriteHive4ReadHive4UsingLegacyConversion(String)[2185]" classname="org.apache.hadoop.hive.ql.io.parquet.serde.TestParquetTimestampsHive2Compatibility" time="0"/>
  <testcase name="testWriteHive4ReadHive4UsingLegacyConversion(String)[2186]" classname="org.apache.hadoop.hive.ql.io.parquet.serde.TestParquetTimestampsHive2Compatibility" time="0"/>
  <testcase name="testWriteHive4ReadHive4UsingLegacyConversion(String)[2187]" classname="org.apache.hadoop.hive.ql.io.parquet.serde.TestParquetTimestampsHive2Compatibility" time="0"/>
  <testcase name="testWriteHive4ReadHive4UsingLegacyConversion(String)[2188]" classname="org.apache.hadoop.hive.ql.io.parquet.serde.TestParquetTimestampsHive2Compatibility" time="0.001"/>
  <testcase name="testWriteHive4ReadHive4UsingLegacyConversion(String)[2189]" classname="org.apache.hadoop.hive.ql.io.parquet.serde.TestParquetTimestampsHive2Compatibility" time="0"/>
  <testcase name="testWriteHive4ReadHive4UsingLegacyConversion(String)[2190]" classname="org.apache.hadoop.hive.ql.io.parquet.serde.TestParquetTimestampsHive2Compatibility" time="0"/>
  <testcase name="testWriteHive4ReadHive4UsingLegacyConversion(String)[2191]" classname="org.apache.hadoop.hive.ql.io.parquet.serde.TestParquetTimestampsHive2Compatibility" time="0"/>
  <testcase name="testWriteHive4ReadHive4UsingLegacyConversion(String)[2192]" classname="org.apache.hadoop.hive.ql.io.parquet.serde.TestParquetTimestampsHive2Compatibility" time="0"/>
  <testcase name="testWriteHive4ReadHive4UsingLegacyConversion(String)[2193]" classname="org.apache.hadoop.hive.ql.io.parquet.serde.TestParquetTimestampsHive2Compatibility" time="0"/>
  <testcase name="testWriteHive4ReadHive4UsingLegacyConversion(String)[2194]" classname="org.apache.hadoop.hive.ql.io.parquet.serde.TestParquetTimestampsHive2Compatibility" time="0"/>
  <testcase name="testWriteHive4ReadHive4UsingLegacyConversion(String)[2195]" classname="org.apache.hadoop.hive.ql.io.parquet.serde.TestParquetTimestampsHive2Compatibility" time="0"/>
  <testcase name="testWriteHive4ReadHive4UsingLegacyConversion(String)[2196]" classname="org.apache.hadoop.hive.ql.io.parquet.serde.TestParquetTimestampsHive2Compatibility" time="0"/>
  <testcase name="testWriteHive4ReadHive4UsingLegacyConversion(String)[2197]" classname="org.apache.hadoop.hive.ql.io.parquet.serde.TestParquetTimestampsHive2Compatibility" time="0"/>
  <testcase name="testWriteHive4ReadHive4UsingLegacyConversion(String)[2198]" classname="org.apache.hadoop.hive.ql.io.parquet.serde.TestParquetTimestampsHive2Compatibility" time="0"/>
  <testcase name="testWriteHive4ReadHive4UsingLegacyConversion(String)[2199]" classname="org.apache.hadoop.hive.ql.io.parquet.serde.TestParquetTimestampsHive2Compatibility" time="0"/>
  <testcase name="testWriteHive4ReadHive4UsingLegacyConversion(String)[2200]" classname="org.apache.hadoop.hive.ql.io.parquet.serde.TestParquetTimestampsHive2Compatibility" time="0"/>
  <testcase name="testWriteHive4ReadHive4UsingLegacyConversion(String)[2201]" classname="org.apache.hadoop.hive.ql.io.parquet.serde.TestParquetTimestampsHive2Compatibility" time="0"/>
  <testcase name="testWriteHive4ReadHive4UsingLegacyConversion(String)[2202]" classname="org.apache.hadoop.hive.ql.io.parquet.serde.TestParquetTimestampsHive2Compatibility" time="0"/>
  <testcase name="testWriteHive4ReadHive4UsingLegacyConversion(String)[2203]" classname="org.apache.hadoop.hive.ql.io.parquet.serde.TestParquetTimestampsHive2Compatibility" time="0"/>
  <testcase name="testWriteHive4ReadHive4UsingLegacyConversion(String)[2204]" classname="org.apache.hadoop.hive.ql.io.parquet.serde.TestParquetTimestampsHive2Compatibility" time="0"/>
  <testcase name="testWriteHive4ReadHive4UsingLegacyConversion(String)[2205]" classname="org.apache.hadoop.hive.ql.io.parquet.serde.TestParquetTimestampsHive2Compatibility" time="0"/>
  <testcase name="testWriteHive4ReadHive4UsingLegacyConversion(String)[2206]" classname="org.apache.hadoop.hive.ql.io.parquet.serde.TestParquetTimestampsHive2Compatibility" time="0"/>
  <testcase name="testWriteHive4ReadHive4UsingLegacyConversion(String)[2207]" classname="org.apache.hadoop.hive.ql.io.parquet.serde.TestParquetTimestampsHive2Compatibility" time="0"/>
  <testcase name="testWriteHive4ReadHive4UsingLegacyConversion(String)[2208]" classname="org.apache.hadoop.hive.ql.io.parquet.serde.TestParquetTimestampsHive2Compatibility" time="0"/>
  <testcase name="testWriteHive4ReadHive4UsingLegacyConversion(String)[2209]" classname="org.apache.hadoop.hive.ql.io.parquet.serde.TestParquetTimestampsHive2Compatibility" time="0"/>
  <testcase name="testWriteHive4ReadHive4UsingLegacyConversion(String)[2210]" classname="org.apache.hadoop.hive.ql.io.parquet.serde.TestParquetTimestampsHive2Compatibility" time="0"/>
  <testcase name="testWriteHive4ReadHive4UsingLegacyConversion(String)[2211]" classname="org.apache.hadoop.hive.ql.io.parquet.serde.TestParquetTimestampsHive2Compatibility" time="0"/>
  <testcase name="testWriteHive4ReadHive4UsingLegacyConversion(String)[2212]" classname="org.apache.hadoop.hive.ql.io.parquet.serde.TestParquetTimestampsHive2Compatibility" time="0"/>
  <testcase name="testWriteHive4ReadHive4UsingLegacyConversion(String)[2213]" classname="org.apache.hadoop.hive.ql.io.parquet.serde.TestParquetTimestampsHive2Compatibility" time="0"/>
  <testcase name="testWriteHive4ReadHive4UsingLegacyConversion(String)[2214]" classname="org.apache.hadoop.hive.ql.io.parquet.serde.TestParquetTimestampsHive2Compatibility" time="0"/>
  <testcase name="testWriteHive4ReadHive4UsingLegacyConversion(String)[2215]" classname="org.apache.hadoop.hive.ql.io.parquet.serde.TestParquetTimestampsHive2Compatibility" time="0"/>
  <testcase name="testWriteHive4ReadHive4UsingLegacyConversion(String)[2216]" classname="org.apache.hadoop.hive.ql.io.parquet.serde.TestParquetTimestampsHive2Compatibility" time="0"/>
  <testcase name="testWriteHive4ReadHive4UsingLegacyConversion(String)[2217]" classname="org.apache.hadoop.hive.ql.io.parquet.serde.TestParquetTimestampsHive2Compatibility" time="0.001"/>
  <testcase name="testWriteHive4ReadHive4UsingLegacyConversion(String)[2218]" classname="org.apache.hadoop.hive.ql.io.parquet.serde.TestParquetTimestampsHive2Compatibility" time="0"/>
  <testcase name="testWriteHive4ReadHive4UsingLegacyConversion(String)[2219]" classname="org.apache.hadoop.hive.ql.io.parquet.serde.TestParquetTimestampsHive2Compatibility" time="0"/>
  <testcase name="testWriteHive4ReadHive4UsingLegacyConversion(String)[2220]" classname="org.apache.hadoop.hive.ql.io.parquet.serde.TestParquetTimestampsHive2Compatibility" time="0"/>
  <testcase name="testWriteHive4ReadHive4UsingLegacyConversion(String)[2221]" classname="org.apache.hadoop.hive.ql.io.parquet.serde.TestParquetTimestampsHive2Compatibility" time="0"/>
  <testcase name="testWriteHive4ReadHive4UsingLegacyConversion(String)[2222]" classname="org.apache.hadoop.hive.ql.io.parquet.serde.TestParquetTimestampsHive2Compatibility" time="0"/>
  <testcase name="testWriteHive4ReadHive4UsingLegacyConversion(String)[2223]" classname="org.apache.hadoop.hive.ql.io.parquet.serde.TestParquetTimestampsHive2Compatibility" time="0.001"/>
  <testcase name="testWriteHive4ReadHive4UsingLegacyConversion(String)[2224]" classname="org.apache.hadoop.hive.ql.io.parquet.serde.TestParquetTimestampsHive2Compatibility" time="0"/>
  <testcase name="testWriteHive4ReadHive4UsingLegacyConversion(String)[2225]" classname="org.apache.hadoop.hive.ql.io.parquet.serde.TestParquetTimestampsHive2Compatibility" time="0"/>
  <testcase name="testWriteHive4ReadHive4UsingLegacyConversion(String)[2226]" classname="org.apache.hadoop.hive.ql.io.parquet.serde.TestParquetTimestampsHive2Compatibility" time="0"/>
  <testcase name="testWriteHive4ReadHive4UsingLegacyConversion(String)[2227]" classname="org.apache.hadoop.hive.ql.io.parquet.serde.TestParquetTimestampsHive2Compatibility" time="0"/>
  <testcase name="testWriteHive4ReadHive4UsingLegacyConversion(String)[2228]" classname="org.apache.hadoop.hive.ql.io.parquet.serde.TestParquetTimestampsHive2Compatibility" time="0"/>
  <testcase name="testWriteHive4ReadHive4UsingLegacyConversion(String)[2229]" classname="org.apache.hadoop.hive.ql.io.parquet.serde.TestParquetTimestampsHive2Compatibility" time="0"/>
  <testcase name="testWriteHive4ReadHive4UsingLegacyConversion(String)[2230]" classname="org.apache.hadoop.hive.ql.io.parquet.serde.TestParquetTimestampsHive2Compatibility" time="0"/>
  <testcase name="testWriteHive4ReadHive4UsingLegacyConversion(String)[2231]" classname="org.apache.hadoop.hive.ql.io.parquet.serde.TestParquetTimestampsHive2Compatibility" time="0"/>
  <testcase name="testWriteHive4ReadHive4UsingLegacyConversion(String)[2232]" classname="org.apache.hadoop.hive.ql.io.parquet.serde.TestParquetTimestampsHive2Compatibility" time="0"/>
  <testcase name="testWriteHive4ReadHive4UsingLegacyConversion(String)[2233]" classname="org.apache.hadoop.hive.ql.io.parquet.serde.TestParquetTimestampsHive2Compatibility" time="0"/>
  <testcase name="testWriteHive4ReadHive4UsingLegacyConversion(String)[2234]" classname="org.apache.hadoop.hive.ql.io.parquet.serde.TestParquetTimestampsHive2Compatibility" time="0"/>
  <testcase name="testWriteHive4ReadHive4UsingLegacyConversion(String)[2235]" classname="org.apache.hadoop.hive.ql.io.parquet.serde.TestParquetTimestampsHive2Compatibility" time="0.001"/>
  <testcase name="testWriteHive4ReadHive4UsingLegacyConversion(String)[2236]" classname="org.apache.hadoop.hive.ql.io.parquet.serde.TestParquetTimestampsHive2Compatibility" time="0"/>
  <testcase name="testWriteHive4ReadHive4UsingLegacyConversion(String)[2237]" classname="org.apache.hadoop.hive.ql.io.parquet.serde.TestParquetTimestampsHive2Compatibility" time="0"/>
  <testcase name="testWriteHive4ReadHive4UsingLegacyConversion(String)[2238]" classname="org.apache.hadoop.hive.ql.io.parquet.serde.TestParquetTimestampsHive2Compatibility" time="0"/>
  <testcase name="testWriteHive4ReadHive4UsingLegacyConversion(String)[2239]" classname="org.apache.hadoop.hive.ql.io.parquet.serde.TestParquetTimestampsHive2Compatibility" time="0"/>
  <testcase name="testWriteHive4ReadHive4UsingLegacyConversion(String)[2240]" classname="org.apache.hadoop.hive.ql.io.parquet.serde.TestParquetTimestampsHive2Compatibility" time="0"/>
  <testcase name="testWriteHive4ReadHive4UsingLegacyConversion(String)[2241]" classname="org.apache.hadoop.hive.ql.io.parquet.serde.TestParquetTimestampsHive2Compatibility" time="0.001"/>
  <testcase name="testWriteHive4ReadHive4UsingLegacyConversion(String)[2242]" classname="org.apache.hadoop.hive.ql.io.parquet.serde.TestParquetTimestampsHive2Compatibility" time="0"/>
  <testcase name="testWriteHive4ReadHive4UsingLegacyConversion(String)[2243]" classname="org.apache.hadoop.hive.ql.io.parquet.serde.TestParquetTimestampsHive2Compatibility" time="0"/>
  <testcase name="testWriteHive4ReadHive4UsingLegacyConversion(String)[2244]" classname="org.apache.hadoop.hive.ql.io.parquet.serde.TestParquetTimestampsHive2Compatibility" time="0"/>
  <testcase name="testWriteHive4ReadHive4UsingLegacyConversion(String)[2245]" classname="org.apache.hadoop.hive.ql.io.parquet.serde.TestParquetTimestampsHive2Compatibility" time="0"/>
  <testcase name="testWriteHive4ReadHive4UsingLegacyConversion(String)[2246]" classname="org.apache.hadoop.hive.ql.io.parquet.serde.TestParquetTimestampsHive2Compatibility" time="0.001"/>
  <testcase name="testWriteHive4ReadHive4UsingLegacyConversion(String)[2247]" classname="org.apache.hadoop.hive.ql.io.parquet.serde.TestParquetTimestampsHive2Compatibility" time="0"/>
  <testcase name="testWriteHive4ReadHive4UsingLegacyConversion(String)[2248]" classname="org.apache.hadoop.hive.ql.io.parquet.serde.TestParquetTimestampsHive2Compatibility" time="0"/>
  <testcase name="testWriteHive4ReadHive4UsingLegacyConversion(String)[2249]" classname="org.apache.hadoop.hive.ql.io.parquet.serde.TestParquetTimestampsHive2Compatibility" time="0"/>
  <testcase name="testWriteHive4ReadHive4UsingLegacyConversion(String)[2250]" classname="org.apache.hadoop.hive.ql.io.parquet.serde.TestParquetTimestampsHive2Compatibility" time="0.001"/>
  <testcase name="testWriteHive4ReadHive4UsingLegacyConversion(String)[2251]" classname="org.apache.hadoop.hive.ql.io.parquet.serde.TestParquetTimestampsHive2Compatibility" time="0"/>
  <testcase name="testWriteHive4ReadHive4UsingLegacyConversion(String)[2252]" classname="org.apache.hadoop.hive.ql.io.parquet.serde.TestParquetTimestampsHive2Compatibility" time="0"/>
  <testcase name="testWriteHive4ReadHive4UsingLegacyConversion(String)[2253]" classname="org.apache.hadoop.hive.ql.io.parquet.serde.TestParquetTimestampsHive2Compatibility" time="0"/>
  <testcase name="testWriteHive4ReadHive4UsingLegacyConversion(String)[2254]" classname="org.apache.hadoop.hive.ql.io.parquet.serde.TestParquetTimestampsHive2Compatibility" time="0"/>
  <testcase name="testWriteHive4ReadHive4UsingLegacyConversion(String)[2255]" classname="org.apache.hadoop.hive.ql.io.parquet.serde.TestParquetTimestampsHive2Compatibility" time="0"/>
  <testcase name="testWriteHive4ReadHive4UsingLegacyConversion(String)[2256]" classname="org.apache.hadoop.hive.ql.io.parquet.serde.TestParquetTimestampsHive2Compatibility" time="0"/>
  <testcase name="testWriteHive4ReadHive4UsingLegacyConversion(String)[2257]" classname="org.apache.hadoop.hive.ql.io.parquet.serde.TestParquetTimestampsHive2Compatibility" time="0"/>
  <testcase name="testWriteHive4ReadHive4UsingLegacyConversion(String)[2258]" classname="org.apache.hadoop.hive.ql.io.parquet.serde.TestParquetTimestampsHive2Compatibility" time="0"/>
  <testcase name="testWriteHive4ReadHive4UsingLegacyConversion(String)[2259]" classname="org.apache.hadoop.hive.ql.io.parquet.serde.TestParquetTimestampsHive2Compatibility" time="0"/>
  <testcase name="testWriteHive4ReadHive4UsingLegacyConversion(String)[2260]" classname="org.apache.hadoop.hive.ql.io.parquet.serde.TestParquetTimestampsHive2Compatibility" time="0"/>
  <testcase name="testWriteHive4ReadHive4UsingLegacyConversion(String)[2261]" classname="org.apache.hadoop.hive.ql.io.parquet.serde.TestParquetTimestampsHive2Compatibility" time="0"/>
  <testcase name="testWriteHive4ReadHive4UsingLegacyConversion(String)[2262]" classname="org.apache.hadoop.hive.ql.io.parquet.serde.TestParquetTimestampsHive2Compatibility" time="0"/>
  <testcase name="testWriteHive4ReadHive4UsingLegacyConversion(String)[2263]" classname="org.apache.hadoop.hive.ql.io.parquet.serde.TestParquetTimestampsHive2Compatibility" time="0.001"/>
  <testcase name="testWriteHive4ReadHive4UsingLegacyConversion(String)[2264]" classname="org.apache.hadoop.hive.ql.io.parquet.serde.TestParquetTimestampsHive2Compatibility" time="0"/>
  <testcase name="testWriteHive4ReadHive4UsingLegacyConversion(String)[2265]" classname="org.apache.hadoop.hive.ql.io.parquet.serde.TestParquetTimestampsHive2Compatibility" time="0"/>
  <testcase name="testWriteHive4ReadHive4UsingLegacyConversion(String)[2266]" classname="org.apache.hadoop.hive.ql.io.parquet.serde.TestParquetTimestampsHive2Compatibility" time="0"/>
  <testcase name="testWriteHive4ReadHive4UsingLegacyConversion(String)[2267]" classname="org.apache.hadoop.hive.ql.io.parquet.serde.TestParquetTimestampsHive2Compatibility" time="0.001"/>
  <testcase name="testWriteHive4ReadHive4UsingLegacyConversion(String)[2268]" classname="org.apache.hadoop.hive.ql.io.parquet.serde.TestParquetTimestampsHive2Compatibility" time="0"/>
  <testcase name="testWriteHive4ReadHive4UsingLegacyConversion(String)[2269]" classname="org.apache.hadoop.hive.ql.io.parquet.serde.TestParquetTimestampsHive2Compatibility" time="0"/>
  <testcase name="testWriteHive4ReadHive4UsingLegacyConversion(String)[2270]" classname="org.apache.hadoop.hive.ql.io.parquet.serde.TestParquetTimestampsHive2Compatibility" time="0"/>
  <testcase name="testWriteHive4ReadHive4UsingLegacyConversion(String)[2271]" classname="org.apache.hadoop.hive.ql.io.parquet.serde.TestParquetTimestampsHive2Compatibility" time="0"/>
  <testcase name="testWriteHive4ReadHive4UsingLegacyConversion(String)[2272]" classname="org.apache.hadoop.hive.ql.io.parquet.serde.TestParquetTimestampsHive2Compatibility" time="0"/>
  <testcase name="testWriteHive4ReadHive4UsingLegacyConversion(String)[2273]" classname="org.apache.hadoop.hive.ql.io.parquet.serde.TestParquetTimestampsHive2Compatibility" time="0"/>
  <testcase name="testWriteHive4ReadHive4UsingLegacyConversion(String)[2274]" classname="org.apache.hadoop.hive.ql.io.parquet.serde.TestParquetTimestampsHive2Compatibility" time="0"/>
  <testcase name="testWriteHive4ReadHive4UsingLegacyConversion(String)[2275]" classname="org.apache.hadoop.hive.ql.io.parquet.serde.TestParquetTimestampsHive2Compatibility" time="0.001"/>
  <testcase name="testWriteHive4ReadHive4UsingLegacyConversion(String)[2276]" classname="org.apache.hadoop.hive.ql.io.parquet.serde.TestParquetTimestampsHive2Compatibility" time="0"/>
  <testcase name="testWriteHive4ReadHive4UsingLegacyConversion(String)[2277]" classname="org.apache.hadoop.hive.ql.io.parquet.serde.TestParquetTimestampsHive2Compatibility" time="0"/>
  <testcase name="testWriteHive4ReadHive4UsingLegacyConversion(String)[2278]" classname="org.apache.hadoop.hive.ql.io.parquet.serde.TestParquetTimestampsHive2Compatibility" time="0"/>
  <testcase name="testWriteHive4ReadHive4UsingLegacyConversion(String)[2279]" classname="org.apache.hadoop.hive.ql.io.parquet.serde.TestParquetTimestampsHive2Compatibility" time="0.001"/>
  <testcase name="testWriteHive4ReadHive4UsingLegacyConversion(String)[2280]" classname="org.apache.hadoop.hive.ql.io.parquet.serde.TestParquetTimestampsHive2Compatibility" time="0"/>
  <testcase name="testWriteHive4ReadHive4UsingLegacyConversion(String)[2281]" classname="org.apache.hadoop.hive.ql.io.parquet.serde.TestParquetTimestampsHive2Compatibility" time="0"/>
  <testcase name="testWriteHive4ReadHive4UsingLegacyConversion(String)[2282]" classname="org.apache.hadoop.hive.ql.io.parquet.serde.TestParquetTimestampsHive2Compatibility" time="0"/>
  <testcase name="testWriteHive4ReadHive4UsingLegacyConversion(String)[2283]" classname="org.apache.hadoop.hive.ql.io.parquet.serde.TestParquetTimestampsHive2Compatibility" time="0.001"/>
  <testcase name="testWriteHive4ReadHive4UsingLegacyConversion(String)[2284]" classname="org.apache.hadoop.hive.ql.io.parquet.serde.TestParquetTimestampsHive2Compatibility" time="0"/>
  <testcase name="testWriteHive4ReadHive4UsingLegacyConversion(String)[2285]" classname="org.apache.hadoop.hive.ql.io.parquet.serde.TestParquetTimestampsHive2Compatibility" time="0"/>
  <testcase name="testWriteHive4ReadHive4UsingLegacyConversion(String)[2286]" classname="org.apache.hadoop.hive.ql.io.parquet.serde.TestParquetTimestampsHive2Compatibility" time="0"/>
  <testcase name="testWriteHive4ReadHive4UsingLegacyConversion(String)[2287]" classname="org.apache.hadoop.hive.ql.io.parquet.serde.TestParquetTimestampsHive2Compatibility" time="0.001"/>
  <testcase name="testWriteHive4ReadHive4UsingLegacyConversion(String)[2288]" classname="org.apache.hadoop.hive.ql.io.parquet.serde.TestParquetTimestampsHive2Compatibility" time="0"/>
  <testcase name="testWriteHive4ReadHive4UsingLegacyConversion(String)[2289]" classname="org.apache.hadoop.hive.ql.io.parquet.serde.TestParquetTimestampsHive2Compatibility" time="0"/>
  <testcase name="testWriteHive4ReadHive4UsingLegacyConversion(String)[2290]" classname="org.apache.hadoop.hive.ql.io.parquet.serde.TestParquetTimestampsHive2Compatibility" time="0"/>
  <testcase name="testWriteHive4ReadHive4UsingLegacyConversion(String)[2291]" classname="org.apache.hadoop.hive.ql.io.parquet.serde.TestParquetTimestampsHive2Compatibility" time="0"/>
  <testcase name="testWriteHive4ReadHive4UsingLegacyConversion(String)[2292]" classname="org.apache.hadoop.hive.ql.io.parquet.serde.TestParquetTimestampsHive2Compatibility" time="0"/>
  <testcase name="testWriteHive4ReadHive4UsingLegacyConversion(String)[2293]" classname="org.apache.hadoop.hive.ql.io.parquet.serde.TestParquetTimestampsHive2Compatibility" time="0"/>
  <testcase name="testWriteHive4ReadHive4UsingLegacyConversion(String)[2294]" classname="org.apache.hadoop.hive.ql.io.parquet.serde.TestParquetTimestampsHive2Compatibility" time="0"/>
  <testcase name="testWriteHive4ReadHive4UsingLegacyConversion(String)[2295]" classname="org.apache.hadoop.hive.ql.io.parquet.serde.TestParquetTimestampsHive2Compatibility" time="0"/>
  <testcase name="testWriteHive4ReadHive4UsingLegacyConversion(String)[2296]" classname="org.apache.hadoop.hive.ql.io.parquet.serde.TestParquetTimestampsHive2Compatibility" time="0"/>
  <testcase name="testWriteHive4ReadHive4UsingLegacyConversion(String)[2297]" classname="org.apache.hadoop.hive.ql.io.parquet.serde.TestParquetTimestampsHive2Compatibility" time="0"/>
  <testcase name="testWriteHive4ReadHive4UsingLegacyConversion(String)[2298]" classname="org.apache.hadoop.hive.ql.io.parquet.serde.TestParquetTimestampsHive2Compatibility" time="0"/>
  <testcase name="testWriteHive4ReadHive4UsingLegacyConversion(String)[2299]" classname="org.apache.hadoop.hive.ql.io.parquet.serde.TestParquetTimestampsHive2Compatibility" time="0"/>
  <testcase name="testWriteHive4ReadHive4UsingLegacyConversion(String)[2300]" classname="org.apache.hadoop.hive.ql.io.parquet.serde.TestParquetTimestampsHive2Compatibility" time="0"/>
  <testcase name="testWriteHive4ReadHive4UsingLegacyConversion(String)[2301]" classname="org.apache.hadoop.hive.ql.io.parquet.serde.TestParquetTimestampsHive2Compatibility" time="0"/>
  <testcase name="testWriteHive4ReadHive4UsingLegacyConversion(String)[2302]" classname="org.apache.hadoop.hive.ql.io.parquet.serde.TestParquetTimestampsHive2Compatibility" time="0"/>
  <testcase name="testWriteHive4ReadHive4UsingLegacyConversion(String)[2303]" classname="org.apache.hadoop.hive.ql.io.parquet.serde.TestParquetTimestampsHive2Compatibility" time="0"/>
  <testcase name="testWriteHive4ReadHive4UsingLegacyConversion(String)[2304]" classname="org.apache.hadoop.hive.ql.io.parquet.serde.TestParquetTimestampsHive2Compatibility" time="0"/>
  <testcase name="testWriteHive4ReadHive4UsingLegacyConversion(String)[2305]" classname="org.apache.hadoop.hive.ql.io.parquet.serde.TestParquetTimestampsHive2Compatibility" time="0"/>
  <testcase name="testWriteHive4ReadHive4UsingLegacyConversion(String)[2306]" classname="org.apache.hadoop.hive.ql.io.parquet.serde.TestParquetTimestampsHive2Compatibility" time="0"/>
  <testcase name="testWriteHive4ReadHive4UsingLegacyConversion(String)[2307]" classname="org.apache.hadoop.hive.ql.io.parquet.serde.TestParquetTimestampsHive2Compatibility" time="0"/>
  <testcase name="testWriteHive4ReadHive4UsingLegacyConversion(String)[2308]" classname="org.apache.hadoop.hive.ql.io.parquet.serde.TestParquetTimestampsHive2Compatibility" time="0"/>
  <testcase name="testWriteHive4ReadHive4UsingLegacyConversion(String)[2309]" classname="org.apache.hadoop.hive.ql.io.parquet.serde.TestParquetTimestampsHive2Compatibility" time="0"/>
  <testcase name="testWriteHive4ReadHive4UsingLegacyConversion(String)[2310]" classname="org.apache.hadoop.hive.ql.io.parquet.serde.TestParquetTimestampsHive2Compatibility" time="0"/>
  <testcase name="testWriteHive4ReadHive4UsingLegacyConversion(String)[2311]" classname="org.apache.hadoop.hive.ql.io.parquet.serde.TestParquetTimestampsHive2Compatibility" time="0"/>
  <testcase name="testWriteHive4ReadHive4UsingLegacyConversion(String)[2312]" classname="org.apache.hadoop.hive.ql.io.parquet.serde.TestParquetTimestampsHive2Compatibility" time="0"/>
  <testcase name="testWriteHive4ReadHive4UsingLegacyConversion(String)[2313]" classname="org.apache.hadoop.hive.ql.io.parquet.serde.TestParquetTimestampsHive2Compatibility" time="0"/>
  <testcase name="testWriteHive4ReadHive4UsingLegacyConversion(String)[2314]" classname="org.apache.hadoop.hive.ql.io.parquet.serde.TestParquetTimestampsHive2Compatibility" time="0"/>
  <testcase name="testWriteHive4ReadHive4UsingLegacyConversion(String)[2315]" classname="org.apache.hadoop.hive.ql.io.parquet.serde.TestParquetTimestampsHive2Compatibility" time="0"/>
  <testcase name="testWriteHive4ReadHive4UsingLegacyConversion(String)[2316]" classname="org.apache.hadoop.hive.ql.io.parquet.serde.TestParquetTimestampsHive2Compatibility" time="0"/>
  <testcase name="testWriteHive4ReadHive4UsingLegacyConversion(String)[2317]" classname="org.apache.hadoop.hive.ql.io.parquet.serde.TestParquetTimestampsHive2Compatibility" time="0"/>
  <testcase name="testWriteHive4ReadHive4UsingLegacyConversion(String)[2318]" classname="org.apache.hadoop.hive.ql.io.parquet.serde.TestParquetTimestampsHive2Compatibility" time="0"/>
  <testcase name="testWriteHive4ReadHive4UsingLegacyConversion(String)[2319]" classname="org.apache.hadoop.hive.ql.io.parquet.serde.TestParquetTimestampsHive2Compatibility" time="0.001"/>
  <testcase name="testWriteHive4ReadHive4UsingLegacyConversion(String)[2320]" classname="org.apache.hadoop.hive.ql.io.parquet.serde.TestParquetTimestampsHive2Compatibility" time="0"/>
  <testcase name="testWriteHive4ReadHive4UsingLegacyConversion(String)[2321]" classname="org.apache.hadoop.hive.ql.io.parquet.serde.TestParquetTimestampsHive2Compatibility" time="0"/>
  <testcase name="testWriteHive4ReadHive4UsingLegacyConversion(String)[2322]" classname="org.apache.hadoop.hive.ql.io.parquet.serde.TestParquetTimestampsHive2Compatibility" time="0"/>
  <testcase name="testWriteHive4ReadHive4UsingLegacyConversion(String)[2323]" classname="org.apache.hadoop.hive.ql.io.parquet.serde.TestParquetTimestampsHive2Compatibility" time="0.001"/>
  <testcase name="testWriteHive4ReadHive4UsingLegacyConversion(String)[2324]" classname="org.apache.hadoop.hive.ql.io.parquet.serde.TestParquetTimestampsHive2Compatibility" time="0"/>
  <testcase name="testWriteHive4ReadHive4UsingLegacyConversion(String)[2325]" classname="org.apache.hadoop.hive.ql.io.parquet.serde.TestParquetTimestampsHive2Compatibility" time="0"/>
  <testcase name="testWriteHive4ReadHive4UsingLegacyConversion(String)[2326]" classname="org.apache.hadoop.hive.ql.io.parquet.serde.TestParquetTimestampsHive2Compatibility" time="0"/>
  <testcase name="testWriteHive4ReadHive4UsingLegacyConversion(String)[2327]" classname="org.apache.hadoop.hive.ql.io.parquet.serde.TestParquetTimestampsHive2Compatibility" time="0.001"/>
  <testcase name="testWriteHive4ReadHive4UsingLegacyConversion(String)[2328]" classname="org.apache.hadoop.hive.ql.io.parquet.serde.TestParquetTimestampsHive2Compatibility" time="0"/>
  <testcase name="testWriteHive4ReadHive4UsingLegacyConversion(String)[2329]" classname="org.apache.hadoop.hive.ql.io.parquet.serde.TestParquetTimestampsHive2Compatibility" time="0"/>
  <testcase name="testWriteHive4ReadHive4UsingLegacyConversion(String)[2330]" classname="org.apache.hadoop.hive.ql.io.parquet.serde.TestParquetTimestampsHive2Compatibility" time="0"/>
  <testcase name="testWriteHive4ReadHive4UsingLegacyConversion(String)[2331]" classname="org.apache.hadoop.hive.ql.io.parquet.serde.TestParquetTimestampsHive2Compatibility" time="0.001"/>
  <testcase name="testWriteHive4ReadHive4UsingLegacyConversion(String)[2332]" classname="org.apache.hadoop.hive.ql.io.parquet.serde.TestParquetTimestampsHive2Compatibility" time="0"/>
  <testcase name="testWriteHive4ReadHive4UsingLegacyConversion(String)[2333]" classname="org.apache.hadoop.hive.ql.io.parquet.serde.TestParquetTimestampsHive2Compatibility" time="0"/>
  <testcase name="testWriteHive4ReadHive4UsingLegacyConversion(String)[2334]" classname="org.apache.hadoop.hive.ql.io.parquet.serde.TestParquetTimestampsHive2Compatibility" time="0"/>
  <testcase name="testWriteHive4ReadHive4UsingLegacyConversion(String)[2335]" classname="org.apache.hadoop.hive.ql.io.parquet.serde.TestParquetTimestampsHive2Compatibility" time="0.001"/>
  <testcase name="testWriteHive4ReadHive4UsingLegacyConversion(String)[2336]" classname="org.apache.hadoop.hive.ql.io.parquet.serde.TestParquetTimestampsHive2Compatibility" time="0"/>
  <testcase name="testWriteHive4ReadHive4UsingLegacyConversion(String)[2337]" classname="org.apache.hadoop.hive.ql.io.parquet.serde.TestParquetTimestampsHive2Compatibility" time="0"/>
  <testcase name="testWriteHive4ReadHive4UsingLegacyConversion(String)[2338]" classname="org.apache.hadoop.hive.ql.io.parquet.serde.TestParquetTimestampsHive2Compatibility" time="0"/>
  <testcase name="testWriteHive4ReadHive4UsingLegacyConversion(String)[2339]" classname="org.apache.hadoop.hive.ql.io.parquet.serde.TestParquetTimestampsHive2Compatibility" time="0"/>
  <testcase name="testWriteHive4ReadHive4UsingLegacyConversion(String)[2340]" classname="org.apache.hadoop.hive.ql.io.parquet.serde.TestParquetTimestampsHive2Compatibility" time="0"/>
  <testcase name="testWriteHive4ReadHive4UsingLegacyConversion(String)[2341]" classname="org.apache.hadoop.hive.ql.io.parquet.serde.TestParquetTimestampsHive2Compatibility" time="0"/>
  <testcase name="testWriteHive4ReadHive4UsingLegacyConversion(String)[2342]" classname="org.apache.hadoop.hive.ql.io.parquet.serde.TestParquetTimestampsHive2Compatibility" time="0"/>
  <testcase name="testWriteHive4ReadHive4UsingLegacyConversion(String)[2343]" classname="org.apache.hadoop.hive.ql.io.parquet.serde.TestParquetTimestampsHive2Compatibility" time="0.001"/>
  <testcase name="testWriteHive4ReadHive4UsingLegacyConversion(String)[2344]" classname="org.apache.hadoop.hive.ql.io.parquet.serde.TestParquetTimestampsHive2Compatibility" time="0"/>
  <testcase name="testWriteHive4ReadHive4UsingLegacyConversion(String)[2345]" classname="org.apache.hadoop.hive.ql.io.parquet.serde.TestParquetTimestampsHive2Compatibility" time="0"/>
  <testcase name="testWriteHive4ReadHive4UsingLegacyConversion(String)[2346]" classname="org.apache.hadoop.hive.ql.io.parquet.serde.TestParquetTimestampsHive2Compatibility" time="0"/>
  <testcase name="testWriteHive4ReadHive4UsingLegacyConversion(String)[2347]" classname="org.apache.hadoop.hive.ql.io.parquet.serde.TestParquetTimestampsHive2Compatibility" time="0.001"/>
  <testcase name="testWriteHive4ReadHive4UsingLegacyConversion(String)[2348]" classname="org.apache.hadoop.hive.ql.io.parquet.serde.TestParquetTimestampsHive2Compatibility" time="0"/>
  <testcase name="testWriteHive4ReadHive4UsingLegacyConversion(String)[2349]" classname="org.apache.hadoop.hive.ql.io.parquet.serde.TestParquetTimestampsHive2Compatibility" time="0"/>
  <testcase name="testWriteHive4ReadHive4UsingLegacyConversion(String)[2350]" classname="org.apache.hadoop.hive.ql.io.parquet.serde.TestParquetTimestampsHive2Compatibility" time="0"/>
  <testcase name="testWriteHive4ReadHive4UsingLegacyConversion(String)[2351]" classname="org.apache.hadoop.hive.ql.io.parquet.serde.TestParquetTimestampsHive2Compatibility" time="0.001"/>
  <testcase name="testWriteHive4ReadHive4UsingLegacyConversion(String)[2352]" classname="org.apache.hadoop.hive.ql.io.parquet.serde.TestParquetTimestampsHive2Compatibility" time="0"/>
  <testcase name="testWriteHive4ReadHive4UsingLegacyConversion(String)[2353]" classname="org.apache.hadoop.hive.ql.io.parquet.serde.TestParquetTimestampsHive2Compatibility" time="0"/>
  <testcase name="testWriteHive4ReadHive4UsingLegacyConversion(String)[2354]" classname="org.apache.hadoop.hive.ql.io.parquet.serde.TestParquetTimestampsHive2Compatibility" time="0"/>
  <testcase name="testWriteHive4ReadHive4UsingLegacyConversion(String)[2355]" classname="org.apache.hadoop.hive.ql.io.parquet.serde.TestParquetTimestampsHive2Compatibility" time="0"/>
  <testcase name="testWriteHive4ReadHive4UsingLegacyConversion(String)[2356]" classname="org.apache.hadoop.hive.ql.io.parquet.serde.TestParquetTimestampsHive2Compatibility" time="0"/>
  <testcase name="testWriteHive4ReadHive4UsingLegacyConversion(String)[2357]" classname="org.apache.hadoop.hive.ql.io.parquet.serde.TestParquetTimestampsHive2Compatibility" time="0"/>
  <testcase name="testWriteHive4ReadHive4UsingLegacyConversion(String)[2358]" classname="org.apache.hadoop.hive.ql.io.parquet.serde.TestParquetTimestampsHive2Compatibility" time="0"/>
  <testcase name="testWriteHive4ReadHive4UsingLegacyConversion(String)[2359]" classname="org.apache.hadoop.hive.ql.io.parquet.serde.TestParquetTimestampsHive2Compatibility" time="0"/>
  <testcase name="testWriteHive4ReadHive4UsingLegacyConversion(String)[2360]" classname="org.apache.hadoop.hive.ql.io.parquet.serde.TestParquetTimestampsHive2Compatibility" time="0"/>
  <testcase name="testWriteHive4ReadHive4UsingLegacyConversion(String)[2361]" classname="org.apache.hadoop.hive.ql.io.parquet.serde.TestParquetTimestampsHive2Compatibility" time="0"/>
  <testcase name="testWriteHive4ReadHive4UsingLegacyConversion(String)[2362]" classname="org.apache.hadoop.hive.ql.io.parquet.serde.TestParquetTimestampsHive2Compatibility" time="0.001"/>
  <testcase name="testWriteHive4ReadHive4UsingLegacyConversion(String)[2363]" classname="org.apache.hadoop.hive.ql.io.parquet.serde.TestParquetTimestampsHive2Compatibility" time="0"/>
  <testcase name="testWriteHive4ReadHive4UsingLegacyConversion(String)[2364]" classname="org.apache.hadoop.hive.ql.io.parquet.serde.TestParquetTimestampsHive2Compatibility" time="0"/>
  <testcase name="testWriteHive4ReadHive4UsingLegacyConversion(String)[2365]" classname="org.apache.hadoop.hive.ql.io.parquet.serde.TestParquetTimestampsHive2Compatibility" time="0"/>
  <testcase name="testWriteHive4ReadHive4UsingLegacyConversion(String)[2366]" classname="org.apache.hadoop.hive.ql.io.parquet.serde.TestParquetTimestampsHive2Compatibility" time="0.001"/>
  <testcase name="testWriteHive4ReadHive4UsingLegacyConversion(String)[2367]" classname="org.apache.hadoop.hive.ql.io.parquet.serde.TestParquetTimestampsHive2Compatibility" time="0"/>
  <testcase name="testWriteHive4ReadHive4UsingLegacyConversion(String)[2368]" classname="org.apache.hadoop.hive.ql.io.parquet.serde.TestParquetTimestampsHive2Compatibility" time="0"/>
  <testcase name="testWriteHive4ReadHive4UsingLegacyConversion(String)[2369]" classname="org.apache.hadoop.hive.ql.io.parquet.serde.TestParquetTimestampsHive2Compatibility" time="0"/>
  <testcase name="testWriteHive4ReadHive4UsingLegacyConversion(String)[2370]" classname="org.apache.hadoop.hive.ql.io.parquet.serde.TestParquetTimestampsHive2Compatibility" time="0.001"/>
  <testcase name="testWriteHive4ReadHive4UsingLegacyConversion(String)[2371]" classname="org.apache.hadoop.hive.ql.io.parquet.serde.TestParquetTimestampsHive2Compatibility" time="0"/>
  <testcase name="testWriteHive4ReadHive4UsingLegacyConversion(String)[2372]" classname="org.apache.hadoop.hive.ql.io.parquet.serde.TestParquetTimestampsHive2Compatibility" time="0"/>
  <testcase name="testWriteHive4ReadHive4UsingLegacyConversion(String)[2373]" classname="org.apache.hadoop.hive.ql.io.parquet.serde.TestParquetTimestampsHive2Compatibility" time="0"/>
  <testcase name="testWriteHive4ReadHive4UsingLegacyConversion(String)[2374]" classname="org.apache.hadoop.hive.ql.io.parquet.serde.TestParquetTimestampsHive2Compatibility" time="0.001"/>
  <testcase name="testWriteHive4ReadHive4UsingLegacyConversion(String)[2375]" classname="org.apache.hadoop.hive.ql.io.parquet.serde.TestParquetTimestampsHive2Compatibility" time="0"/>
  <testcase name="testWriteHive4ReadHive4UsingLegacyConversion(String)[2376]" classname="org.apache.hadoop.hive.ql.io.parquet.serde.TestParquetTimestampsHive2Compatibility" time="0"/>
  <testcase name="testWriteHive4ReadHive4UsingLegacyConversion(String)[2377]" classname="org.apache.hadoop.hive.ql.io.parquet.serde.TestParquetTimestampsHive2Compatibility" time="0"/>
  <testcase name="testWriteHive4ReadHive4UsingLegacyConversion(String)[2378]" classname="org.apache.hadoop.hive.ql.io.parquet.serde.TestParquetTimestampsHive2Compatibility" time="0"/>
  <testcase name="testWriteHive4ReadHive4UsingLegacyConversion(String)[2379]" classname="org.apache.hadoop.hive.ql.io.parquet.serde.TestParquetTimestampsHive2Compatibility" time="0"/>
  <testcase name="testWriteHive4ReadHive4UsingLegacyConversion(String)[2380]" classname="org.apache.hadoop.hive.ql.io.parquet.serde.TestParquetTimestampsHive2Compatibility" time="0"/>
  <testcase name="testWriteHive4ReadHive4UsingLegacyConversion(String)[2381]" classname="org.apache.hadoop.hive.ql.io.parquet.serde.TestParquetTimestampsHive2Compatibility" time="0"/>
  <testcase name="testWriteHive4ReadHive4UsingLegacyConversion(String)[2382]" classname="org.apache.hadoop.hive.ql.io.parquet.serde.TestParquetTimestampsHive2Compatibility" time="0"/>
  <testcase name="testWriteHive4ReadHive4UsingLegacyConversion(String)[2383]" classname="org.apache.hadoop.hive.ql.io.parquet.serde.TestParquetTimestampsHive2Compatibility" time="0"/>
  <testcase name="testWriteHive4ReadHive4UsingLegacyConversion(String)[2384]" classname="org.apache.hadoop.hive.ql.io.parquet.serde.TestParquetTimestampsHive2Compatibility" time="0"/>
  <testcase name="testWriteHive4ReadHive4UsingLegacyConversion(String)[2385]" classname="org.apache.hadoop.hive.ql.io.parquet.serde.TestParquetTimestampsHive2Compatibility" time="0"/>
  <testcase name="testWriteHive4ReadHive4UsingLegacyConversion(String)[2386]" classname="org.apache.hadoop.hive.ql.io.parquet.serde.TestParquetTimestampsHive2Compatibility" time="0"/>
  <testcase name="testWriteHive4ReadHive4UsingLegacyConversion(String)[2387]" classname="org.apache.hadoop.hive.ql.io.parquet.serde.TestParquetTimestampsHive2Compatibility" time="0"/>
  <testcase name="testWriteHive4ReadHive4UsingLegacyConversion(String)[2388]" classname="org.apache.hadoop.hive.ql.io.parquet.serde.TestParquetTimestampsHive2Compatibility" time="0"/>
  <testcase name="testWriteHive4ReadHive4UsingLegacyConversion(String)[2389]" classname="org.apache.hadoop.hive.ql.io.parquet.serde.TestParquetTimestampsHive2Compatibility" time="0"/>
  <testcase name="testWriteHive4ReadHive4UsingLegacyConversion(String)[2390]" classname="org.apache.hadoop.hive.ql.io.parquet.serde.TestParquetTimestampsHive2Compatibility" time="0"/>
  <testcase name="testWriteHive4ReadHive4UsingLegacyConversion(String)[2391]" classname="org.apache.hadoop.hive.ql.io.parquet.serde.TestParquetTimestampsHive2Compatibility" time="0.001"/>
  <testcase name="testWriteHive4ReadHive4UsingLegacyConversion(String)[2392]" classname="org.apache.hadoop.hive.ql.io.parquet.serde.TestParquetTimestampsHive2Compatibility" time="0"/>
  <testcase name="testWriteHive4ReadHive4UsingLegacyConversion(String)[2393]" classname="org.apache.hadoop.hive.ql.io.parquet.serde.TestParquetTimestampsHive2Compatibility" time="0"/>
  <testcase name="testWriteHive4ReadHive4UsingLegacyConversion(String)[2394]" classname="org.apache.hadoop.hive.ql.io.parquet.serde.TestParquetTimestampsHive2Compatibility" time="0"/>
  <testcase name="testWriteHive4ReadHive4UsingLegacyConversion(String)[2395]" classname="org.apache.hadoop.hive.ql.io.parquet.serde.TestParquetTimestampsHive2Compatibility" time="0.001"/>
  <testcase name="testWriteHive4ReadHive4UsingLegacyConversion(String)[2396]" classname="org.apache.hadoop.hive.ql.io.parquet.serde.TestParquetTimestampsHive2Compatibility" time="0"/>
  <testcase name="testWriteHive4ReadHive4UsingLegacyConversion(String)[2397]" classname="org.apache.hadoop.hive.ql.io.parquet.serde.TestParquetTimestampsHive2Compatibility" time="0"/>
  <testcase name="testWriteHive4ReadHive4UsingLegacyConversion(String)[2398]" classname="org.apache.hadoop.hive.ql.io.parquet.serde.TestParquetTimestampsHive2Compatibility" time="0"/>
  <testcase name="testWriteHive4ReadHive4UsingLegacyConversion(String)[2399]" classname="org.apache.hadoop.hive.ql.io.parquet.serde.TestParquetTimestampsHive2Compatibility" time="0.001"/>
  <testcase name="testWriteHive4ReadHive4UsingLegacyConversion(String)[2400]" classname="org.apache.hadoop.hive.ql.io.parquet.serde.TestParquetTimestampsHive2Compatibility" time="0"/>
  <testcase name="testWriteHive4ReadHive4UsingLegacyConversion(String)[2401]" classname="org.apache.hadoop.hive.ql.io.parquet.serde.TestParquetTimestampsHive2Compatibility" time="0"/>
  <testcase name="testWriteHive4ReadHive4UsingLegacyConversion(String)[2402]" classname="org.apache.hadoop.hive.ql.io.parquet.serde.TestParquetTimestampsHive2Compatibility" time="0"/>
  <testcase name="testWriteHive4ReadHive4UsingLegacyConversion(String)[2403]" classname="org.apache.hadoop.hive.ql.io.parquet.serde.TestParquetTimestampsHive2Compatibility" time="0.001"/>
  <testcase name="testWriteHive4ReadHive4UsingLegacyConversion(String)[2404]" classname="org.apache.hadoop.hive.ql.io.parquet.serde.TestParquetTimestampsHive2Compatibility" time="0"/>
  <testcase name="testWriteHive4ReadHive4UsingLegacyConversion(String)[2405]" classname="org.apache.hadoop.hive.ql.io.parquet.serde.TestParquetTimestampsHive2Compatibility" time="0"/>
  <testcase name="testWriteHive4ReadHive4UsingLegacyConversion(String)[2406]" classname="org.apache.hadoop.hive.ql.io.parquet.serde.TestParquetTimestampsHive2Compatibility" time="0"/>
  <testcase name="testWriteHive4ReadHive4UsingLegacyConversion(String)[2407]" classname="org.apache.hadoop.hive.ql.io.parquet.serde.TestParquetTimestampsHive2Compatibility" time="0"/>
  <testcase name="testWriteHive4ReadHive4UsingLegacyConversion(String)[2408]" classname="org.apache.hadoop.hive.ql.io.parquet.serde.TestParquetTimestampsHive2Compatibility" time="0"/>
  <testcase name="testWriteHive4ReadHive4UsingLegacyConversion(String)[2409]" classname="org.apache.hadoop.hive.ql.io.parquet.serde.TestParquetTimestampsHive2Compatibility" time="0"/>
  <testcase name="testWriteHive4ReadHive4UsingLegacyConversion(String)[2410]" classname="org.apache.hadoop.hive.ql.io.parquet.serde.TestParquetTimestampsHive2Compatibility" time="0"/>
  <testcase name="testWriteHive4ReadHive4UsingLegacyConversion(String)[2411]" classname="org.apache.hadoop.hive.ql.io.parquet.serde.TestParquetTimestampsHive2Compatibility" time="0.001"/>
  <testcase name="testWriteHive4ReadHive4UsingLegacyConversion(String)[2412]" classname="org.apache.hadoop.hive.ql.io.parquet.serde.TestParquetTimestampsHive2Compatibility" time="0"/>
  <testcase name="testWriteHive4ReadHive4UsingLegacyConversion(String)[2413]" classname="org.apache.hadoop.hive.ql.io.parquet.serde.TestParquetTimestampsHive2Compatibility" time="0"/>
  <testcase name="testWriteHive4ReadHive4UsingLegacyConversion(String)[2414]" classname="org.apache.hadoop.hive.ql.io.parquet.serde.TestParquetTimestampsHive2Compatibility" time="0"/>
  <testcase name="testWriteHive4ReadHive4UsingLegacyConversion(String)[2415]" classname="org.apache.hadoop.hive.ql.io.parquet.serde.TestParquetTimestampsHive2Compatibility" time="0.001"/>
  <testcase name="testWriteHive4ReadHive4UsingLegacyConversion(String)[2416]" classname="org.apache.hadoop.hive.ql.io.parquet.serde.TestParquetTimestampsHive2Compatibility" time="0"/>
  <testcase name="testWriteHive4ReadHive4UsingLegacyConversion(String)[2417]" classname="org.apache.hadoop.hive.ql.io.parquet.serde.TestParquetTimestampsHive2Compatibility" time="0"/>
  <testcase name="testWriteHive4ReadHive4UsingLegacyConversion(String)[2418]" classname="org.apache.hadoop.hive.ql.io.parquet.serde.TestParquetTimestampsHive2Compatibility" time="0"/>
  <testcase name="testWriteHive4ReadHive4UsingLegacyConversion(String)[2419]" classname="org.apache.hadoop.hive.ql.io.parquet.serde.TestParquetTimestampsHive2Compatibility" time="0.001"/>
  <testcase name="testWriteHive4ReadHive4UsingLegacyConversion(String)[2420]" classname="org.apache.hadoop.hive.ql.io.parquet.serde.TestParquetTimestampsHive2Compatibility" time="0"/>
  <testcase name="testWriteHive4ReadHive4UsingLegacyConversion(String)[2421]" classname="org.apache.hadoop.hive.ql.io.parquet.serde.TestParquetTimestampsHive2Compatibility" time="0"/>
  <testcase name="testWriteHive4ReadHive4UsingLegacyConversion(String)[2422]" classname="org.apache.hadoop.hive.ql.io.parquet.serde.TestParquetTimestampsHive2Compatibility" time="0"/>
  <testcase name="testWriteHive4ReadHive4UsingLegacyConversion(String)[2423]" classname="org.apache.hadoop.hive.ql.io.parquet.serde.TestParquetTimestampsHive2Compatibility" time="0.001"/>
  <testcase name="testWriteHive4ReadHive4UsingLegacyConversion(String)[2424]" classname="org.apache.hadoop.hive.ql.io.parquet.serde.TestParquetTimestampsHive2Compatibility" time="0"/>
  <testcase name="testWriteHive4ReadHive4UsingLegacyConversion(String)[2425]" classname="org.apache.hadoop.hive.ql.io.parquet.serde.TestParquetTimestampsHive2Compatibility" time="0"/>
  <testcase name="testWriteHive4ReadHive4UsingLegacyConversion(String)[2426]" classname="org.apache.hadoop.hive.ql.io.parquet.serde.TestParquetTimestampsHive2Compatibility" time="0"/>
  <testcase name="testWriteHive4ReadHive4UsingLegacyConversion(String)[2427]" classname="org.apache.hadoop.hive.ql.io.parquet.serde.TestParquetTimestampsHive2Compatibility" time="0"/>
  <testcase name="testWriteHive4ReadHive4UsingLegacyConversion(String)[2428]" classname="org.apache.hadoop.hive.ql.io.parquet.serde.TestParquetTimestampsHive2Compatibility" time="0"/>
  <testcase name="testWriteHive4ReadHive4UsingLegacyConversion(String)[2429]" classname="org.apache.hadoop.hive.ql.io.parquet.serde.TestParquetTimestampsHive2Compatibility" time="0"/>
  <testcase name="testWriteHive4ReadHive4UsingLegacyConversion(String)[2430]" classname="org.apache.hadoop.hive.ql.io.parquet.serde.TestParquetTimestampsHive2Compatibility" time="0"/>
  <testcase name="testWriteHive4ReadHive4UsingLegacyConversion(String)[2431]" classname="org.apache.hadoop.hive.ql.io.parquet.serde.TestParquetTimestampsHive2Compatibility" time="0"/>
  <testcase name="testWriteHive4ReadHive4UsingLegacyConversion(String)[2432]" classname="org.apache.hadoop.hive.ql.io.parquet.serde.TestParquetTimestampsHive2Compatibility" time="0"/>
  <testcase name="testWriteHive4ReadHive4UsingLegacyConversion(String)[2433]" classname="org.apache.hadoop.hive.ql.io.parquet.serde.TestParquetTimestampsHive2Compatibility" time="0"/>
  <testcase name="testWriteHive4ReadHive4UsingLegacyConversion(String)[2434]" classname="org.apache.hadoop.hive.ql.io.parquet.serde.TestParquetTimestampsHive2Compatibility" time="0"/>
  <testcase name="testWriteHive4ReadHive4UsingLegacyConversion(String)[2435]" classname="org.apache.hadoop.hive.ql.io.parquet.serde.TestParquetTimestampsHive2Compatibility" time="0"/>
  <testcase name="testWriteHive4ReadHive4UsingLegacyConversion(String)[2436]" classname="org.apache.hadoop.hive.ql.io.parquet.serde.TestParquetTimestampsHive2Compatibility" time="0"/>
  <testcase name="testWriteHive4ReadHive4UsingLegacyConversion(String)[2437]" classname="org.apache.hadoop.hive.ql.io.parquet.serde.TestParquetTimestampsHive2Compatibility" time="0"/>
  <testcase name="testWriteHive4ReadHive4UsingLegacyConversion(String)[2438]" classname="org.apache.hadoop.hive.ql.io.parquet.serde.TestParquetTimestampsHive2Compatibility" time="0"/>
  <testcase name="testWriteHive4ReadHive4UsingLegacyConversion(String)[2439]" classname="org.apache.hadoop.hive.ql.io.parquet.serde.TestParquetTimestampsHive2Compatibility" time="0"/>
  <testcase name="testWriteHive4ReadHive4UsingLegacyConversion(String)[2440]" classname="org.apache.hadoop.hive.ql.io.parquet.serde.TestParquetTimestampsHive2Compatibility" time="0"/>
  <testcase name="testWriteHive4ReadHive4UsingLegacyConversion(String)[2441]" classname="org.apache.hadoop.hive.ql.io.parquet.serde.TestParquetTimestampsHive2Compatibility" time="0"/>
  <testcase name="testWriteHive4ReadHive4UsingLegacyConversion(String)[2442]" classname="org.apache.hadoop.hive.ql.io.parquet.serde.TestParquetTimestampsHive2Compatibility" time="0"/>
  <testcase name="testWriteHive4ReadHive4UsingLegacyConversion(String)[2443]" classname="org.apache.hadoop.hive.ql.io.parquet.serde.TestParquetTimestampsHive2Compatibility" time="0.001"/>
  <testcase name="testWriteHive4ReadHive4UsingLegacyConversion(String)[2444]" classname="org.apache.hadoop.hive.ql.io.parquet.serde.TestParquetTimestampsHive2Compatibility" time="0"/>
  <testcase name="testWriteHive4ReadHive4UsingLegacyConversion(String)[2445]" classname="org.apache.hadoop.hive.ql.io.parquet.serde.TestParquetTimestampsHive2Compatibility" time="0"/>
  <testcase name="testWriteHive4ReadHive4UsingLegacyConversion(String)[2446]" classname="org.apache.hadoop.hive.ql.io.parquet.serde.TestParquetTimestampsHive2Compatibility" time="0"/>
  <testcase name="testWriteHive4ReadHive4UsingLegacyConversion(String)[2447]" classname="org.apache.hadoop.hive.ql.io.parquet.serde.TestParquetTimestampsHive2Compatibility" time="0.001"/>
  <testcase name="testWriteHive4ReadHive4UsingLegacyConversion(String)[2448]" classname="org.apache.hadoop.hive.ql.io.parquet.serde.TestParquetTimestampsHive2Compatibility" time="0"/>
  <testcase name="testWriteHive4ReadHive4UsingLegacyConversion(String)[2449]" classname="org.apache.hadoop.hive.ql.io.parquet.serde.TestParquetTimestampsHive2Compatibility" time="0"/>
  <testcase name="testWriteHive4ReadHive4UsingLegacyConversion(String)[2450]" classname="org.apache.hadoop.hive.ql.io.parquet.serde.TestParquetTimestampsHive2Compatibility" time="0"/>
  <testcase name="testWriteHive4ReadHive4UsingLegacyConversion(String)[2451]" classname="org.apache.hadoop.hive.ql.io.parquet.serde.TestParquetTimestampsHive2Compatibility" time="0.001"/>
  <testcase name="testWriteHive4ReadHive4UsingLegacyConversion(String)[2452]" classname="org.apache.hadoop.hive.ql.io.parquet.serde.TestParquetTimestampsHive2Compatibility" time="0"/>
  <testcase name="testWriteHive4ReadHive4UsingLegacyConversion(String)[2453]" classname="org.apache.hadoop.hive.ql.io.parquet.serde.TestParquetTimestampsHive2Compatibility" time="0"/>
  <testcase name="testWriteHive4ReadHive4UsingLegacyConversion(String)[2454]" classname="org.apache.hadoop.hive.ql.io.parquet.serde.TestParquetTimestampsHive2Compatibility" time="0"/>
  <testcase name="testWriteHive4ReadHive4UsingLegacyConversion(String)[2455]" classname="org.apache.hadoop.hive.ql.io.parquet.serde.TestParquetTimestampsHive2Compatibility" time="0"/>
  <testcase name="testWriteHive4ReadHive4UsingLegacyConversion(String)[2456]" classname="org.apache.hadoop.hive.ql.io.parquet.serde.TestParquetTimestampsHive2Compatibility" time="0"/>
  <testcase name="testWriteHive4ReadHive4UsingLegacyConversion(String)[2457]" classname="org.apache.hadoop.hive.ql.io.parquet.serde.TestParquetTimestampsHive2Compatibility" time="0"/>
  <testcase name="testWriteHive4ReadHive4UsingLegacyConversion(String)[2458]" classname="org.apache.hadoop.hive.ql.io.parquet.serde.TestParquetTimestampsHive2Compatibility" time="0"/>
  <testcase name="testWriteHive4ReadHive4UsingLegacyConversion(String)[2459]" classname="org.apache.hadoop.hive.ql.io.parquet.serde.TestParquetTimestampsHive2Compatibility" time="0"/>
  <testcase name="testWriteHive4ReadHive4UsingLegacyConversion(String)[2460]" classname="org.apache.hadoop.hive.ql.io.parquet.serde.TestParquetTimestampsHive2Compatibility" time="0"/>
  <testcase name="testWriteHive4ReadHive4UsingLegacyConversion(String)[2461]" classname="org.apache.hadoop.hive.ql.io.parquet.serde.TestParquetTimestampsHive2Compatibility" time="0"/>
  <testcase name="testWriteHive4ReadHive4UsingLegacyConversion(String)[2462]" classname="org.apache.hadoop.hive.ql.io.parquet.serde.TestParquetTimestampsHive2Compatibility" time="0"/>
  <testcase name="testWriteHive4ReadHive4UsingLegacyConversion(String)[2463]" classname="org.apache.hadoop.hive.ql.io.parquet.serde.TestParquetTimestampsHive2Compatibility" time="0"/>
  <testcase name="testWriteHive4ReadHive4UsingLegacyConversion(String)[2464]" classname="org.apache.hadoop.hive.ql.io.parquet.serde.TestParquetTimestampsHive2Compatibility" time="0"/>
  <testcase name="testWriteHive4ReadHive4UsingLegacyConversion(String)[2465]" classname="org.apache.hadoop.hive.ql.io.parquet.serde.TestParquetTimestampsHive2Compatibility" time="0"/>
  <testcase name="testWriteHive4ReadHive4UsingLegacyConversion(String)[2466]" classname="org.apache.hadoop.hive.ql.io.parquet.serde.TestParquetTimestampsHive2Compatibility" time="0"/>
  <testcase name="testWriteHive4ReadHive4UsingLegacyConversion(String)[2467]" classname="org.apache.hadoop.hive.ql.io.parquet.serde.TestParquetTimestampsHive2Compatibility" time="0"/>
  <testcase name="testWriteHive4ReadHive4UsingLegacyConversion(String)[2468]" classname="org.apache.hadoop.hive.ql.io.parquet.serde.TestParquetTimestampsHive2Compatibility" time="0"/>
  <testcase name="testWriteHive4ReadHive4UsingLegacyConversion(String)[2469]" classname="org.apache.hadoop.hive.ql.io.parquet.serde.TestParquetTimestampsHive2Compatibility" time="0"/>
  <testcase name="testWriteHive4ReadHive4UsingLegacyConversion(String)[2470]" classname="org.apache.hadoop.hive.ql.io.parquet.serde.TestParquetTimestampsHive2Compatibility" time="0"/>
  <testcase name="testWriteHive4ReadHive4UsingLegacyConversion(String)[2471]" classname="org.apache.hadoop.hive.ql.io.parquet.serde.TestParquetTimestampsHive2Compatibility" time="0.001"/>
  <testcase name="testWriteHive4ReadHive4UsingLegacyConversion(String)[2472]" classname="org.apache.hadoop.hive.ql.io.parquet.serde.TestParquetTimestampsHive2Compatibility" time="0"/>
  <testcase name="testWriteHive4ReadHive4UsingLegacyConversion(String)[2473]" classname="org.apache.hadoop.hive.ql.io.parquet.serde.TestParquetTimestampsHive2Compatibility" time="0"/>
  <testcase name="testWriteHive4ReadHive4UsingLegacyConversion(String)[2474]" classname="org.apache.hadoop.hive.ql.io.parquet.serde.TestParquetTimestampsHive2Compatibility" time="0"/>
  <testcase name="testWriteHive4ReadHive4UsingLegacyConversion(String)[2475]" classname="org.apache.hadoop.hive.ql.io.parquet.serde.TestParquetTimestampsHive2Compatibility" time="0.001"/>
  <testcase name="testWriteHive4ReadHive4UsingLegacyConversion(String)[2476]" classname="org.apache.hadoop.hive.ql.io.parquet.serde.TestParquetTimestampsHive2Compatibility" time="0"/>
  <testcase name="testWriteHive4ReadHive4UsingLegacyConversion(String)[2477]" classname="org.apache.hadoop.hive.ql.io.parquet.serde.TestParquetTimestampsHive2Compatibility" time="0"/>
  <testcase name="testWriteHive4ReadHive4UsingLegacyConversion(String)[2478]" classname="org.apache.hadoop.hive.ql.io.parquet.serde.TestParquetTimestampsHive2Compatibility" time="0"/>
  <testcase name="testWriteHive4ReadHive4UsingLegacyConversion(String)[2479]" classname="org.apache.hadoop.hive.ql.io.parquet.serde.TestParquetTimestampsHive2Compatibility" time="0.001"/>
  <testcase name="testWriteHive4ReadHive4UsingLegacyConversion(String)[2480]" classname="org.apache.hadoop.hive.ql.io.parquet.serde.TestParquetTimestampsHive2Compatibility" time="0"/>
  <testcase name="testWriteHive4ReadHive4UsingLegacyConversion(String)[2481]" classname="org.apache.hadoop.hive.ql.io.parquet.serde.TestParquetTimestampsHive2Compatibility" time="0"/>
  <testcase name="testWriteHive4ReadHive4UsingLegacyConversion(String)[2482]" classname="org.apache.hadoop.hive.ql.io.parquet.serde.TestParquetTimestampsHive2Compatibility" time="0"/>
  <testcase name="testWriteHive4ReadHive4UsingLegacyConversion(String)[2483]" classname="org.apache.hadoop.hive.ql.io.parquet.serde.TestParquetTimestampsHive2Compatibility" time="0.001"/>
  <testcase name="testWriteHive4ReadHive4UsingLegacyConversion(String)[2484]" classname="org.apache.hadoop.hive.ql.io.parquet.serde.TestParquetTimestampsHive2Compatibility" time="0"/>
  <testcase name="testWriteHive4ReadHive4UsingLegacyConversion(String)[2485]" classname="org.apache.hadoop.hive.ql.io.parquet.serde.TestParquetTimestampsHive2Compatibility" time="0"/>
  <testcase name="testWriteHive4ReadHive4UsingLegacyConversion(String)[2486]" classname="org.apache.hadoop.hive.ql.io.parquet.serde.TestParquetTimestampsHive2Compatibility" time="0"/>
  <testcase name="testWriteHive4ReadHive4UsingLegacyConversion(String)[2487]" classname="org.apache.hadoop.hive.ql.io.parquet.serde.TestParquetTimestampsHive2Compatibility" time="0.001"/>
  <testcase name="testWriteHive4ReadHive4UsingLegacyConversion(String)[2488]" classname="org.apache.hadoop.hive.ql.io.parquet.serde.TestParquetTimestampsHive2Compatibility" time="0"/>
  <testcase name="testWriteHive4ReadHive4UsingLegacyConversion(String)[2489]" classname="org.apache.hadoop.hive.ql.io.parquet.serde.TestParquetTimestampsHive2Compatibility" time="0"/>
  <testcase name="testWriteHive4ReadHive4UsingLegacyConversion(String)[2490]" classname="org.apache.hadoop.hive.ql.io.parquet.serde.TestParquetTimestampsHive2Compatibility" time="0"/>
  <testcase name="testWriteHive4ReadHive4UsingLegacyConversion(String)[2491]" classname="org.apache.hadoop.hive.ql.io.parquet.serde.TestParquetTimestampsHive2Compatibility" time="0"/>
  <testcase name="testWriteHive4ReadHive4UsingLegacyConversion(String)[2492]" classname="org.apache.hadoop.hive.ql.io.parquet.serde.TestParquetTimestampsHive2Compatibility" time="0"/>
  <testcase name="testWriteHive4ReadHive4UsingLegacyConversion(String)[2493]" classname="org.apache.hadoop.hive.ql.io.parquet.serde.TestParquetTimestampsHive2Compatibility" time="0"/>
  <testcase name="testWriteHive4ReadHive4UsingLegacyConversion(String)[2494]" classname="org.apache.hadoop.hive.ql.io.parquet.serde.TestParquetTimestampsHive2Compatibility" time="0"/>
  <testcase name="testWriteHive4ReadHive4UsingLegacyConversion(String)[2495]" classname="org.apache.hadoop.hive.ql.io.parquet.serde.TestParquetTimestampsHive2Compatibility" time="0"/>
  <testcase name="testWriteHive4ReadHive4UsingLegacyConversion(String)[2496]" classname="org.apache.hadoop.hive.ql.io.parquet.serde.TestParquetTimestampsHive2Compatibility" time="0"/>
  <testcase name="testWriteHive4ReadHive4UsingLegacyConversion(String)[2497]" classname="org.apache.hadoop.hive.ql.io.parquet.serde.TestParquetTimestampsHive2Compatibility" time="0"/>
  <testcase name="testWriteHive4ReadHive4UsingLegacyConversion(String)[2498]" classname="org.apache.hadoop.hive.ql.io.parquet.serde.TestParquetTimestampsHive2Compatibility" time="0"/>
  <testcase name="testWriteHive4ReadHive4UsingLegacyConversion(String)[2499]" classname="org.apache.hadoop.hive.ql.io.parquet.serde.TestParquetTimestampsHive2Compatibility" time="0"/>
  <testcase name="testWriteHive4ReadHive4UsingLegacyConversion(String)[2500]" classname="org.apache.hadoop.hive.ql.io.parquet.serde.TestParquetTimestampsHive2Compatibility" time="0"/>
  <testcase name="testWriteHive4ReadHive4UsingLegacyConversion(String)[2501]" classname="org.apache.hadoop.hive.ql.io.parquet.serde.TestParquetTimestampsHive2Compatibility" time="0"/>
  <testcase name="testWriteHive4ReadHive4UsingLegacyConversion(String)[2502]" classname="org.apache.hadoop.hive.ql.io.parquet.serde.TestParquetTimestampsHive2Compatibility" time="0"/>
  <testcase name="testWriteHive4ReadHive4UsingLegacyConversion(String)[2503]" classname="org.apache.hadoop.hive.ql.io.parquet.serde.TestParquetTimestampsHive2Compatibility" time="0"/>
  <testcase name="testWriteHive4ReadHive4UsingLegacyConversion(String)[2504]" classname="org.apache.hadoop.hive.ql.io.parquet.serde.TestParquetTimestampsHive2Compatibility" time="0.001"/>
  <testcase name="testWriteHive4ReadHive4UsingLegacyConversion(String)[2505]" classname="org.apache.hadoop.hive.ql.io.parquet.serde.TestParquetTimestampsHive2Compatibility" time="0"/>
  <testcase name="testWriteHive4ReadHive4UsingLegacyConversion(String)[2506]" classname="org.apache.hadoop.hive.ql.io.parquet.serde.TestParquetTimestampsHive2Compatibility" time="0"/>
  <testcase name="testWriteHive4ReadHive4UsingLegacyConversion(String)[2507]" classname="org.apache.hadoop.hive.ql.io.parquet.serde.TestParquetTimestampsHive2Compatibility" time="0"/>
  <testcase name="testWriteHive4ReadHive4UsingLegacyConversion(String)[2508]" classname="org.apache.hadoop.hive.ql.io.parquet.serde.TestParquetTimestampsHive2Compatibility" time="0"/>
  <testcase name="testWriteHive4ReadHive4UsingLegacyConversion(String)[2509]" classname="org.apache.hadoop.hive.ql.io.parquet.serde.TestParquetTimestampsHive2Compatibility" time="0"/>
  <testcase name="testWriteHive4ReadHive4UsingLegacyConversion(String)[2510]" classname="org.apache.hadoop.hive.ql.io.parquet.serde.TestParquetTimestampsHive2Compatibility" time="0"/>
  <testcase name="testWriteHive4ReadHive4UsingLegacyConversion(String)[2511]" classname="org.apache.hadoop.hive.ql.io.parquet.serde.TestParquetTimestampsHive2Compatibility" time="0"/>
  <testcase name="testWriteHive4ReadHive4UsingLegacyConversion(String)[2512]" classname="org.apache.hadoop.hive.ql.io.parquet.serde.TestParquetTimestampsHive2Compatibility" time="0"/>
  <testcase name="testWriteHive4ReadHive4UsingLegacyConversion(String)[2513]" classname="org.apache.hadoop.hive.ql.io.parquet.serde.TestParquetTimestampsHive2Compatibility" time="0.001"/>
  <testcase name="testWriteHive4ReadHive4UsingLegacyConversion(String)[2514]" classname="org.apache.hadoop.hive.ql.io.parquet.serde.TestParquetTimestampsHive2Compatibility" time="0"/>
  <testcase name="testWriteHive4ReadHive4UsingLegacyConversion(String)[2515]" classname="org.apache.hadoop.hive.ql.io.parquet.serde.TestParquetTimestampsHive2Compatibility" time="0"/>
  <testcase name="testWriteHive4ReadHive4UsingLegacyConversion(String)[2516]" classname="org.apache.hadoop.hive.ql.io.parquet.serde.TestParquetTimestampsHive2Compatibility" time="0"/>
  <testcase name="testWriteHive4ReadHive4UsingLegacyConversion(String)[2517]" classname="org.apache.hadoop.hive.ql.io.parquet.serde.TestParquetTimestampsHive2Compatibility" time="0.001"/>
  <testcase name="testWriteHive4ReadHive4UsingLegacyConversion(String)[2518]" classname="org.apache.hadoop.hive.ql.io.parquet.serde.TestParquetTimestampsHive2Compatibility" time="0"/>
  <testcase name="testWriteHive4ReadHive4UsingLegacyConversion(String)[2519]" classname="org.apache.hadoop.hive.ql.io.parquet.serde.TestParquetTimestampsHive2Compatibility" time="0"/>
  <testcase name="testWriteHive4ReadHive4UsingLegacyConversion(String)[2520]" classname="org.apache.hadoop.hive.ql.io.parquet.serde.TestParquetTimestampsHive2Compatibility" time="0"/>
  <testcase name="testWriteHive4ReadHive4UsingLegacyConversion(String)[2521]" classname="org.apache.hadoop.hive.ql.io.parquet.serde.TestParquetTimestampsHive2Compatibility" time="0"/>
  <testcase name="testWriteHive4ReadHive4UsingLegacyConversion(String)[2522]" classname="org.apache.hadoop.hive.ql.io.parquet.serde.TestParquetTimestampsHive2Compatibility" time="0"/>
  <testcase name="testWriteHive4ReadHive4UsingLegacyConversion(String)[2523]" classname="org.apache.hadoop.hive.ql.io.parquet.serde.TestParquetTimestampsHive2Compatibility" time="0"/>
  <testcase name="testWriteHive4ReadHive4UsingLegacyConversion(String)[2524]" classname="org.apache.hadoop.hive.ql.io.parquet.serde.TestParquetTimestampsHive2Compatibility" time="0"/>
  <testcase name="testWriteHive4ReadHive4UsingLegacyConversion(String)[2525]" classname="org.apache.hadoop.hive.ql.io.parquet.serde.TestParquetTimestampsHive2Compatibility" time="0"/>
  <testcase name="testWriteHive4ReadHive4UsingLegacyConversion(String)[2526]" classname="org.apache.hadoop.hive.ql.io.parquet.serde.TestParquetTimestampsHive2Compatibility" time="0.001"/>
  <testcase name="testWriteHive4ReadHive4UsingLegacyConversion(String)[2527]" classname="org.apache.hadoop.hive.ql.io.parquet.serde.TestParquetTimestampsHive2Compatibility" time="0"/>
  <testcase name="testWriteHive4ReadHive4UsingLegacyConversion(String)[2528]" classname="org.apache.hadoop.hive.ql.io.parquet.serde.TestParquetTimestampsHive2Compatibility" time="0"/>
  <testcase name="testWriteHive4ReadHive4UsingLegacyConversion(String)[2529]" classname="org.apache.hadoop.hive.ql.io.parquet.serde.TestParquetTimestampsHive2Compatibility" time="0"/>
  <testcase name="testWriteHive4ReadHive4UsingLegacyConversion(String)[2530]" classname="org.apache.hadoop.hive.ql.io.parquet.serde.TestParquetTimestampsHive2Compatibility" time="0"/>
  <testcase name="testWriteHive4ReadHive4UsingLegacyConversion(String)[2531]" classname="org.apache.hadoop.hive.ql.io.parquet.serde.TestParquetTimestampsHive2Compatibility" time="0"/>
  <testcase name="testWriteHive4ReadHive4UsingLegacyConversion(String)[2532]" classname="org.apache.hadoop.hive.ql.io.parquet.serde.TestParquetTimestampsHive2Compatibility" time="0"/>
  <testcase name="testWriteHive4ReadHive4UsingLegacyConversion(String)[2533]" classname="org.apache.hadoop.hive.ql.io.parquet.serde.TestParquetTimestampsHive2Compatibility" time="0"/>
  <testcase name="testWriteHive4ReadHive4UsingLegacyConversion(String)[2534]" classname="org.apache.hadoop.hive.ql.io.parquet.serde.TestParquetTimestampsHive2Compatibility" time="0"/>
  <testcase name="testWriteHive4ReadHive4UsingLegacyConversion(String)[2535]" classname="org.apache.hadoop.hive.ql.io.parquet.serde.TestParquetTimestampsHive2Compatibility" time="0"/>
  <testcase name="testWriteHive4ReadHive4UsingLegacyConversion(String)[2536]" classname="org.apache.hadoop.hive.ql.io.parquet.serde.TestParquetTimestampsHive2Compatibility" time="0"/>
  <testcase name="testWriteHive4ReadHive4UsingLegacyConversion(String)[2537]" classname="org.apache.hadoop.hive.ql.io.parquet.serde.TestParquetTimestampsHive2Compatibility" time="0"/>
  <testcase name="testWriteHive4ReadHive4UsingLegacyConversion(String)[2538]" classname="org.apache.hadoop.hive.ql.io.parquet.serde.TestParquetTimestampsHive2Compatibility" time="0"/>
  <testcase name="testWriteHive4ReadHive4UsingLegacyConversion(String)[2539]" classname="org.apache.hadoop.hive.ql.io.parquet.serde.TestParquetTimestampsHive2Compatibility" time="0.001"/>
  <testcase name="testWriteHive4ReadHive4UsingLegacyConversion(String)[2540]" classname="org.apache.hadoop.hive.ql.io.parquet.serde.TestParquetTimestampsHive2Compatibility" time="0"/>
  <testcase name="testWriteHive4ReadHive4UsingLegacyConversion(String)[2541]" classname="org.apache.hadoop.hive.ql.io.parquet.serde.TestParquetTimestampsHive2Compatibility" time="0"/>
  <testcase name="testWriteHive4ReadHive4UsingLegacyConversion(String)[2542]" classname="org.apache.hadoop.hive.ql.io.parquet.serde.TestParquetTimestampsHive2Compatibility" time="0"/>
  <testcase name="testWriteHive4ReadHive4UsingLegacyConversion(String)[2543]" classname="org.apache.hadoop.hive.ql.io.parquet.serde.TestParquetTimestampsHive2Compatibility" time="0"/>
  <testcase name="testWriteHive4ReadHive4UsingLegacyConversion(String)[2544]" classname="org.apache.hadoop.hive.ql.io.parquet.serde.TestParquetTimestampsHive2Compatibility" time="0"/>
  <testcase name="testWriteHive4ReadHive4UsingLegacyConversion(String)[2545]" classname="org.apache.hadoop.hive.ql.io.parquet.serde.TestParquetTimestampsHive2Compatibility" time="0"/>
  <testcase name="testWriteHive4ReadHive4UsingLegacyConversion(String)[2546]" classname="org.apache.hadoop.hive.ql.io.parquet.serde.TestParquetTimestampsHive2Compatibility" time="0"/>
  <testcase name="testWriteHive4ReadHive4UsingLegacyConversion(String)[2547]" classname="org.apache.hadoop.hive.ql.io.parquet.serde.TestParquetTimestampsHive2Compatibility" time="0"/>
  <testcase name="testWriteHive4ReadHive4UsingLegacyConversion(String)[2548]" classname="org.apache.hadoop.hive.ql.io.parquet.serde.TestParquetTimestampsHive2Compatibility" time="0.001"/>
  <testcase name="testWriteHive4ReadHive4UsingLegacyConversion(String)[2549]" classname="org.apache.hadoop.hive.ql.io.parquet.serde.TestParquetTimestampsHive2Compatibility" time="0"/>
  <testcase name="testWriteHive4ReadHive4UsingLegacyConversion(String)[2550]" classname="org.apache.hadoop.hive.ql.io.parquet.serde.TestParquetTimestampsHive2Compatibility" time="0"/>
  <testcase name="testWriteHive4ReadHive4UsingLegacyConversion(String)[2551]" classname="org.apache.hadoop.hive.ql.io.parquet.serde.TestParquetTimestampsHive2Compatibility" time="0"/>
  <testcase name="testWriteHive4ReadHive4UsingLegacyConversion(String)[2552]" classname="org.apache.hadoop.hive.ql.io.parquet.serde.TestParquetTimestampsHive2Compatibility" time="0.001"/>
  <testcase name="testWriteHive4ReadHive4UsingLegacyConversion(String)[2553]" classname="org.apache.hadoop.hive.ql.io.parquet.serde.TestParquetTimestampsHive2Compatibility" time="0"/>
  <testcase name="testWriteHive4ReadHive4UsingLegacyConversion(String)[2554]" classname="org.apache.hadoop.hive.ql.io.parquet.serde.TestParquetTimestampsHive2Compatibility" time="0"/>
  <testcase name="testWriteHive4ReadHive4UsingLegacyConversion(String)[2555]" classname="org.apache.hadoop.hive.ql.io.parquet.serde.TestParquetTimestampsHive2Compatibility" time="0"/>
  <testcase name="testWriteHive4ReadHive4UsingLegacyConversion(String)[2556]" classname="org.apache.hadoop.hive.ql.io.parquet.serde.TestParquetTimestampsHive2Compatibility" time="0.001"/>
  <testcase name="testWriteHive4ReadHive4UsingLegacyConversion(String)[2557]" classname="org.apache.hadoop.hive.ql.io.parquet.serde.TestParquetTimestampsHive2Compatibility" time="0"/>
  <testcase name="testWriteHive4ReadHive4UsingLegacyConversion(String)[2558]" classname="org.apache.hadoop.hive.ql.io.parquet.serde.TestParquetTimestampsHive2Compatibility" time="0"/>
  <testcase name="testWriteHive4ReadHive4UsingLegacyConversion(String)[2559]" classname="org.apache.hadoop.hive.ql.io.parquet.serde.TestParquetTimestampsHive2Compatibility" time="0"/>
  <testcase name="testWriteHive4ReadHive4UsingLegacyConversion(String)[2560]" classname="org.apache.hadoop.hive.ql.io.parquet.serde.TestParquetTimestampsHive2Compatibility" time="0"/>
  <testcase name="testWriteHive4ReadHive4UsingLegacyConversion(String)[2561]" classname="org.apache.hadoop.hive.ql.io.parquet.serde.TestParquetTimestampsHive2Compatibility" time="0"/>
  <testcase name="testWriteHive4ReadHive4UsingLegacyConversion(String)[2562]" classname="org.apache.hadoop.hive.ql.io.parquet.serde.TestParquetTimestampsHive2Compatibility" time="0"/>
  <testcase name="testWriteHive4ReadHive4UsingLegacyConversion(String)[2563]" classname="org.apache.hadoop.hive.ql.io.parquet.serde.TestParquetTimestampsHive2Compatibility" time="0"/>
  <testcase name="testWriteHive4ReadHive4UsingLegacyConversion(String)[2564]" classname="org.apache.hadoop.hive.ql.io.parquet.serde.TestParquetTimestampsHive2Compatibility" time="0"/>
  <testcase name="testWriteHive4ReadHive4UsingLegacyConversion(String)[2565]" classname="org.apache.hadoop.hive.ql.io.parquet.serde.TestParquetTimestampsHive2Compatibility" time="0"/>
  <testcase name="testWriteHive4ReadHive4UsingLegacyConversion(String)[2566]" classname="org.apache.hadoop.hive.ql.io.parquet.serde.TestParquetTimestampsHive2Compatibility" time="0"/>
  <testcase name="testWriteHive4ReadHive4UsingLegacyConversion(String)[2567]" classname="org.apache.hadoop.hive.ql.io.parquet.serde.TestParquetTimestampsHive2Compatibility" time="0"/>
  <testcase name="testWriteHive4ReadHive4UsingLegacyConversion(String)[2568]" classname="org.apache.hadoop.hive.ql.io.parquet.serde.TestParquetTimestampsHive2Compatibility" time="0"/>
  <testcase name="testWriteHive4ReadHive4UsingLegacyConversion(String)[2569]" classname="org.apache.hadoop.hive.ql.io.parquet.serde.TestParquetTimestampsHive2Compatibility" time="0"/>
  <testcase name="testWriteHive4ReadHive4UsingLegacyConversion(String)[2570]" classname="org.apache.hadoop.hive.ql.io.parquet.serde.TestParquetTimestampsHive2Compatibility" time="0"/>
  <testcase name="testWriteHive4ReadHive4UsingLegacyConversion(String)[2571]" classname="org.apache.hadoop.hive.ql.io.parquet.serde.TestParquetTimestampsHive2Compatibility" time="0"/>
  <testcase name="testWriteHive4ReadHive4UsingLegacyConversion(String)[2572]" classname="org.apache.hadoop.hive.ql.io.parquet.serde.TestParquetTimestampsHive2Compatibility" time="0.001"/>
  <testcase name="testWriteHive4ReadHive4UsingLegacyConversion(String)[2573]" classname="org.apache.hadoop.hive.ql.io.parquet.serde.TestParquetTimestampsHive2Compatibility" time="0"/>
  <testcase name="testWriteHive4ReadHive4UsingLegacyConversion(String)[2574]" classname="org.apache.hadoop.hive.ql.io.parquet.serde.TestParquetTimestampsHive2Compatibility" time="0"/>
  <testcase name="testWriteHive4ReadHive4UsingLegacyConversion(String)[2575]" classname="org.apache.hadoop.hive.ql.io.parquet.serde.TestParquetTimestampsHive2Compatibility" time="0"/>
  <testcase name="testWriteHive4ReadHive4UsingLegacyConversion(String)[2576]" classname="org.apache.hadoop.hive.ql.io.parquet.serde.TestParquetTimestampsHive2Compatibility" time="0.001"/>
  <testcase name="testWriteHive4ReadHive4UsingLegacyConversion(String)[2577]" classname="org.apache.hadoop.hive.ql.io.parquet.serde.TestParquetTimestampsHive2Compatibility" time="0"/>
  <testcase name="testWriteHive4ReadHive4UsingLegacyConversion(String)[2578]" classname="org.apache.hadoop.hive.ql.io.parquet.serde.TestParquetTimestampsHive2Compatibility" time="0"/>
  <testcase name="testWriteHive4ReadHive4UsingLegacyConversion(String)[2579]" classname="org.apache.hadoop.hive.ql.io.parquet.serde.TestParquetTimestampsHive2Compatibility" time="0"/>
  <testcase name="testWriteHive4ReadHive4UsingLegacyConversion(String)[2580]" classname="org.apache.hadoop.hive.ql.io.parquet.serde.TestParquetTimestampsHive2Compatibility" time="0.001"/>
  <testcase name="testWriteHive4ReadHive4UsingLegacyConversion(String)[2581]" classname="org.apache.hadoop.hive.ql.io.parquet.serde.TestParquetTimestampsHive2Compatibility" time="0"/>
  <testcase name="testWriteHive4ReadHive4UsingLegacyConversion(String)[2582]" classname="org.apache.hadoop.hive.ql.io.parquet.serde.TestParquetTimestampsHive2Compatibility" time="0"/>
  <testcase name="testWriteHive4ReadHive4UsingLegacyConversion(String)[2583]" classname="org.apache.hadoop.hive.ql.io.parquet.serde.TestParquetTimestampsHive2Compatibility" time="0"/>
  <testcase name="testWriteHive4ReadHive4UsingLegacyConversion(String)[2584]" classname="org.apache.hadoop.hive.ql.io.parquet.serde.TestParquetTimestampsHive2Compatibility" time="0.001"/>
  <testcase name="testWriteHive4ReadHive4UsingLegacyConversion(String)[2585]" classname="org.apache.hadoop.hive.ql.io.parquet.serde.TestParquetTimestampsHive2Compatibility" time="0"/>
  <testcase name="testWriteHive4ReadHive4UsingLegacyConversion(String)[2586]" classname="org.apache.hadoop.hive.ql.io.parquet.serde.TestParquetTimestampsHive2Compatibility" time="0"/>
  <testcase name="testWriteHive4ReadHive4UsingLegacyConversion(String)[2587]" classname="org.apache.hadoop.hive.ql.io.parquet.serde.TestParquetTimestampsHive2Compatibility" time="0"/>
  <testcase name="testWriteHive4ReadHive4UsingLegacyConversion(String)[2588]" classname="org.apache.hadoop.hive.ql.io.parquet.serde.TestParquetTimestampsHive2Compatibility" time="0.001"/>
  <testcase name="testWriteHive4ReadHive4UsingLegacyConversion(String)[2589]" classname="org.apache.hadoop.hive.ql.io.parquet.serde.TestParquetTimestampsHive2Compatibility" time="0"/>
  <testcase name="testWriteHive4ReadHive4UsingLegacyConversion(String)[2590]" classname="org.apache.hadoop.hive.ql.io.parquet.serde.TestParquetTimestampsHive2Compatibility" time="0"/>
  <testcase name="testWriteHive4ReadHive4UsingLegacyConversion(String)[2591]" classname="org.apache.hadoop.hive.ql.io.parquet.serde.TestParquetTimestampsHive2Compatibility" time="0"/>
  <testcase name="testWriteHive4ReadHive4UsingLegacyConversion(String)[2592]" classname="org.apache.hadoop.hive.ql.io.parquet.serde.TestParquetTimestampsHive2Compatibility" time="0"/>
  <testcase name="testWriteHive4ReadHive4UsingLegacyConversion(String)[2593]" classname="org.apache.hadoop.hive.ql.io.parquet.serde.TestParquetTimestampsHive2Compatibility" time="0"/>
  <testcase name="testWriteHive4ReadHive4UsingLegacyConversion(String)[2594]" classname="org.apache.hadoop.hive.ql.io.parquet.serde.TestParquetTimestampsHive2Compatibility" time="0"/>
  <testcase name="testWriteHive4ReadHive4UsingLegacyConversion(String)[2595]" classname="org.apache.hadoop.hive.ql.io.parquet.serde.TestParquetTimestampsHive2Compatibility" time="0"/>
  <testcase name="testWriteHive4ReadHive4UsingLegacyConversion(String)[2596]" classname="org.apache.hadoop.hive.ql.io.parquet.serde.TestParquetTimestampsHive2Compatibility" time="0"/>
  <testcase name="testWriteHive4ReadHive4UsingLegacyConversion(String)[2597]" classname="org.apache.hadoop.hive.ql.io.parquet.serde.TestParquetTimestampsHive2Compatibility" time="0"/>
  <testcase name="testWriteHive4ReadHive4UsingLegacyConversion(String)[2598]" classname="org.apache.hadoop.hive.ql.io.parquet.serde.TestParquetTimestampsHive2Compatibility" time="0"/>
  <testcase name="testWriteHive4ReadHive4UsingLegacyConversion(String)[2599]" classname="org.apache.hadoop.hive.ql.io.parquet.serde.TestParquetTimestampsHive2Compatibility" time="0"/>
  <testcase name="testWriteHive4ReadHive4UsingLegacyConversion(String)[2600]" classname="org.apache.hadoop.hive.ql.io.parquet.serde.TestParquetTimestampsHive2Compatibility" time="0"/>
  <testcase name="testWriteHive4ReadHive4UsingLegacyConversion(String)[2601]" classname="org.apache.hadoop.hive.ql.io.parquet.serde.TestParquetTimestampsHive2Compatibility" time="0"/>
  <testcase name="testWriteHive4ReadHive4UsingLegacyConversion(String)[2602]" classname="org.apache.hadoop.hive.ql.io.parquet.serde.TestParquetTimestampsHive2Compatibility" time="0"/>
  <testcase name="testWriteHive4ReadHive4UsingLegacyConversion(String)[2603]" classname="org.apache.hadoop.hive.ql.io.parquet.serde.TestParquetTimestampsHive2Compatibility" time="0"/>
  <testcase name="testWriteHive4ReadHive4UsingLegacyConversion(String)[2604]" classname="org.apache.hadoop.hive.ql.io.parquet.serde.TestParquetTimestampsHive2Compatibility" time="0"/>
  <testcase name="testWriteHive4ReadHive4UsingLegacyConversion(String)[2605]" classname="org.apache.hadoop.hive.ql.io.parquet.serde.TestParquetTimestampsHive2Compatibility" time="0.001"/>
  <testcase name="testWriteHive4ReadHive4UsingLegacyConversion(String)[2606]" classname="org.apache.hadoop.hive.ql.io.parquet.serde.TestParquetTimestampsHive2Compatibility" time="0"/>
  <testcase name="testWriteHive4ReadHive4UsingLegacyConversion(String)[2607]" classname="org.apache.hadoop.hive.ql.io.parquet.serde.TestParquetTimestampsHive2Compatibility" time="0"/>
  <testcase name="testWriteHive4ReadHive4UsingLegacyConversion(String)[2608]" classname="org.apache.hadoop.hive.ql.io.parquet.serde.TestParquetTimestampsHive2Compatibility" time="0"/>
  <testcase name="testWriteHive4ReadHive4UsingLegacyConversion(String)[2609]" classname="org.apache.hadoop.hive.ql.io.parquet.serde.TestParquetTimestampsHive2Compatibility" time="0"/>
  <testcase name="testWriteHive4ReadHive4UsingLegacyConversion(String)[2610]" classname="org.apache.hadoop.hive.ql.io.parquet.serde.TestParquetTimestampsHive2Compatibility" time="0"/>
  <testcase name="testWriteHive4ReadHive4UsingLegacyConversion(String)[2611]" classname="org.apache.hadoop.hive.ql.io.parquet.serde.TestParquetTimestampsHive2Compatibility" time="0"/>
  <testcase name="testWriteHive4ReadHive4UsingLegacyConversion(String)[2612]" classname="org.apache.hadoop.hive.ql.io.parquet.serde.TestParquetTimestampsHive2Compatibility" time="0"/>
  <testcase name="testWriteHive4ReadHive4UsingLegacyConversion(String)[2613]" classname="org.apache.hadoop.hive.ql.io.parquet.serde.TestParquetTimestampsHive2Compatibility" time="0"/>
  <testcase name="testWriteHive4ReadHive4UsingLegacyConversion(String)[2614]" classname="org.apache.hadoop.hive.ql.io.parquet.serde.TestParquetTimestampsHive2Compatibility" time="0"/>
  <testcase name="testWriteHive4ReadHive4UsingLegacyConversion(String)[2615]" classname="org.apache.hadoop.hive.ql.io.parquet.serde.TestParquetTimestampsHive2Compatibility" time="0"/>
  <testcase name="testWriteHive4ReadHive4UsingLegacyConversion(String)[2616]" classname="org.apache.hadoop.hive.ql.io.parquet.serde.TestParquetTimestampsHive2Compatibility" time="0"/>
  <testcase name="testWriteHive4ReadHive4UsingLegacyConversion(String)[2617]" classname="org.apache.hadoop.hive.ql.io.parquet.serde.TestParquetTimestampsHive2Compatibility" time="0"/>
  <testcase name="testWriteHive4ReadHive4UsingLegacyConversion(String)[2618]" classname="org.apache.hadoop.hive.ql.io.parquet.serde.TestParquetTimestampsHive2Compatibility" time="0"/>
  <testcase name="testWriteHive4ReadHive4UsingLegacyConversion(String)[2619]" classname="org.apache.hadoop.hive.ql.io.parquet.serde.TestParquetTimestampsHive2Compatibility" time="0"/>
  <testcase name="testWriteHive4ReadHive4UsingLegacyConversion(String)[2620]" classname="org.apache.hadoop.hive.ql.io.parquet.serde.TestParquetTimestampsHive2Compatibility" time="0"/>
  <testcase name="testWriteHive4ReadHive4UsingLegacyConversion(String)[2621]" classname="org.apache.hadoop.hive.ql.io.parquet.serde.TestParquetTimestampsHive2Compatibility" time="0"/>
  <testcase name="testWriteHive4ReadHive4UsingLegacyConversion(String)[2622]" classname="org.apache.hadoop.hive.ql.io.parquet.serde.TestParquetTimestampsHive2Compatibility" time="0.001"/>
  <testcase name="testWriteHive4ReadHive4UsingLegacyConversion(String)[2623]" classname="org.apache.hadoop.hive.ql.io.parquet.serde.TestParquetTimestampsHive2Compatibility" time="0"/>
  <testcase name="testWriteHive4ReadHive4UsingLegacyConversion(String)[2624]" classname="org.apache.hadoop.hive.ql.io.parquet.serde.TestParquetTimestampsHive2Compatibility" time="0"/>
  <testcase name="testWriteHive4ReadHive4UsingLegacyConversion(String)[2625]" classname="org.apache.hadoop.hive.ql.io.parquet.serde.TestParquetTimestampsHive2Compatibility" time="0"/>
  <testcase name="testWriteHive4ReadHive4UsingLegacyConversion(String)[2626]" classname="org.apache.hadoop.hive.ql.io.parquet.serde.TestParquetTimestampsHive2Compatibility" time="0.001"/>
  <testcase name="testWriteHive4ReadHive4UsingLegacyConversion(String)[2627]" classname="org.apache.hadoop.hive.ql.io.parquet.serde.TestParquetTimestampsHive2Compatibility" time="0"/>
  <testcase name="testWriteHive4ReadHive4UsingLegacyConversion(String)[2628]" classname="org.apache.hadoop.hive.ql.io.parquet.serde.TestParquetTimestampsHive2Compatibility" time="0"/>
  <testcase name="testWriteHive4ReadHive4UsingLegacyConversion(String)[2629]" classname="org.apache.hadoop.hive.ql.io.parquet.serde.TestParquetTimestampsHive2Compatibility" time="0"/>
  <testcase name="testWriteHive4ReadHive4UsingLegacyConversion(String)[2630]" classname="org.apache.hadoop.hive.ql.io.parquet.serde.TestParquetTimestampsHive2Compatibility" time="0.001"/>
  <testcase name="testWriteHive4ReadHive4UsingLegacyConversion(String)[2631]" classname="org.apache.hadoop.hive.ql.io.parquet.serde.TestParquetTimestampsHive2Compatibility" time="0"/>
  <testcase name="testWriteHive4ReadHive4UsingLegacyConversion(String)[2632]" classname="org.apache.hadoop.hive.ql.io.parquet.serde.TestParquetTimestampsHive2Compatibility" time="0"/>
  <testcase name="testWriteHive4ReadHive4UsingLegacyConversion(String)[2633]" classname="org.apache.hadoop.hive.ql.io.parquet.serde.TestParquetTimestampsHive2Compatibility" time="0"/>
  <testcase name="testWriteHive4ReadHive4UsingLegacyConversion(String)[2634]" classname="org.apache.hadoop.hive.ql.io.parquet.serde.TestParquetTimestampsHive2Compatibility" time="0"/>
  <testcase name="testWriteHive4ReadHive4UsingLegacyConversion(String)[2635]" classname="org.apache.hadoop.hive.ql.io.parquet.serde.TestParquetTimestampsHive2Compatibility" time="0"/>
  <testcase name="testWriteHive4ReadHive4UsingLegacyConversion(String)[2636]" classname="org.apache.hadoop.hive.ql.io.parquet.serde.TestParquetTimestampsHive2Compatibility" time="0"/>
  <testcase name="testWriteHive4ReadHive4UsingLegacyConversion(String)[2637]" classname="org.apache.hadoop.hive.ql.io.parquet.serde.TestParquetTimestampsHive2Compatibility" time="0"/>
  <testcase name="testWriteHive4ReadHive4UsingLegacyConversion(String)[2638]" classname="org.apache.hadoop.hive.ql.io.parquet.serde.TestParquetTimestampsHive2Compatibility" time="0.001"/>
  <testcase name="testWriteHive4ReadHive4UsingLegacyConversion(String)[2639]" classname="org.apache.hadoop.hive.ql.io.parquet.serde.TestParquetTimestampsHive2Compatibility" time="0"/>
  <testcase name="testWriteHive4ReadHive4UsingLegacyConversion(String)[2640]" classname="org.apache.hadoop.hive.ql.io.parquet.serde.TestParquetTimestampsHive2Compatibility" time="0"/>
  <testcase name="testWriteHive4ReadHive4UsingLegacyConversion(String)[2641]" classname="org.apache.hadoop.hive.ql.io.parquet.serde.TestParquetTimestampsHive2Compatibility" time="0"/>
  <testcase name="testWriteHive4ReadHive4UsingLegacyConversion(String)[2642]" classname="org.apache.hadoop.hive.ql.io.parquet.serde.TestParquetTimestampsHive2Compatibility" time="0"/>
  <testcase name="testWriteHive4ReadHive4UsingLegacyConversion(String)[2643]" classname="org.apache.hadoop.hive.ql.io.parquet.serde.TestParquetTimestampsHive2Compatibility" time="0"/>
  <testcase name="testWriteHive4ReadHive4UsingLegacyConversion(String)[2644]" classname="org.apache.hadoop.hive.ql.io.parquet.serde.TestParquetTimestampsHive2Compatibility" time="0"/>
  <testcase name="testWriteHive4ReadHive4UsingLegacyConversion(String)[2645]" classname="org.apache.hadoop.hive.ql.io.parquet.serde.TestParquetTimestampsHive2Compatibility" time="0"/>
  <testcase name="testWriteHive4ReadHive4UsingLegacyConversion(String)[2646]" classname="org.apache.hadoop.hive.ql.io.parquet.serde.TestParquetTimestampsHive2Compatibility" time="0"/>
  <testcase name="testWriteHive4ReadHive4UsingLegacyConversion(String)[2647]" classname="org.apache.hadoop.hive.ql.io.parquet.serde.TestParquetTimestampsHive2Compatibility" time="0.001"/>
  <testcase name="testWriteHive4ReadHive4UsingLegacyConversion(String)[2648]" classname="org.apache.hadoop.hive.ql.io.parquet.serde.TestParquetTimestampsHive2Compatibility" time="0"/>
  <testcase name="testWriteHive4ReadHive4UsingLegacyConversion(String)[2649]" classname="org.apache.hadoop.hive.ql.io.parquet.serde.TestParquetTimestampsHive2Compatibility" time="0"/>
  <testcase name="testWriteHive4ReadHive4UsingLegacyConversion(String)[2650]" classname="org.apache.hadoop.hive.ql.io.parquet.serde.TestParquetTimestampsHive2Compatibility" time="0"/>
  <testcase name="testWriteHive4ReadHive4UsingLegacyConversion(String)[2651]" classname="org.apache.hadoop.hive.ql.io.parquet.serde.TestParquetTimestampsHive2Compatibility" time="0"/>
  <testcase name="testWriteHive4ReadHive4UsingLegacyConversion(String)[2652]" classname="org.apache.hadoop.hive.ql.io.parquet.serde.TestParquetTimestampsHive2Compatibility" time="0"/>
  <testcase name="testWriteHive4ReadHive4UsingLegacyConversion(String)[2653]" classname="org.apache.hadoop.hive.ql.io.parquet.serde.TestParquetTimestampsHive2Compatibility" time="0"/>
  <testcase name="testWriteHive4ReadHive4UsingLegacyConversion(String)[2654]" classname="org.apache.hadoop.hive.ql.io.parquet.serde.TestParquetTimestampsHive2Compatibility" time="0"/>
  <testcase name="testWriteHive4ReadHive4UsingLegacyConversion(String)[2655]" classname="org.apache.hadoop.hive.ql.io.parquet.serde.TestParquetTimestampsHive2Compatibility" time="0"/>
  <testcase name="testWriteHive4ReadHive4UsingLegacyConversion(String)[2656]" classname="org.apache.hadoop.hive.ql.io.parquet.serde.TestParquetTimestampsHive2Compatibility" time="0"/>
  <testcase name="testWriteHive4ReadHive4UsingLegacyConversion(String)[2657]" classname="org.apache.hadoop.hive.ql.io.parquet.serde.TestParquetTimestampsHive2Compatibility" time="0"/>
  <testcase name="testWriteHive4ReadHive4UsingLegacyConversion(String)[2658]" classname="org.apache.hadoop.hive.ql.io.parquet.serde.TestParquetTimestampsHive2Compatibility" time="0"/>
  <testcase name="testWriteHive4ReadHive4UsingLegacyConversion(String)[2659]" classname="org.apache.hadoop.hive.ql.io.parquet.serde.TestParquetTimestampsHive2Compatibility" time="0"/>
  <testcase name="testWriteHive4ReadHive4UsingLegacyConversion(String)[2660]" classname="org.apache.hadoop.hive.ql.io.parquet.serde.TestParquetTimestampsHive2Compatibility" time="0"/>
  <testcase name="testWriteHive4ReadHive4UsingLegacyConversion(String)[2661]" classname="org.apache.hadoop.hive.ql.io.parquet.serde.TestParquetTimestampsHive2Compatibility" time="0"/>
  <testcase name="testWriteHive4ReadHive4UsingLegacyConversion(String)[2662]" classname="org.apache.hadoop.hive.ql.io.parquet.serde.TestParquetTimestampsHive2Compatibility" time="0"/>
  <testcase name="testWriteHive4ReadHive4UsingLegacyConversion(String)[2663]" classname="org.apache.hadoop.hive.ql.io.parquet.serde.TestParquetTimestampsHive2Compatibility" time="0"/>
  <testcase name="testWriteHive4ReadHive4UsingLegacyConversion(String)[2664]" classname="org.apache.hadoop.hive.ql.io.parquet.serde.TestParquetTimestampsHive2Compatibility" time="0.001"/>
  <testcase name="testWriteHive4ReadHive4UsingLegacyConversion(String)[2665]" classname="org.apache.hadoop.hive.ql.io.parquet.serde.TestParquetTimestampsHive2Compatibility" time="0"/>
  <testcase name="testWriteHive4ReadHive4UsingLegacyConversion(String)[2666]" classname="org.apache.hadoop.hive.ql.io.parquet.serde.TestParquetTimestampsHive2Compatibility" time="0"/>
  <testcase name="testWriteHive4ReadHive4UsingLegacyConversion(String)[2667]" classname="org.apache.hadoop.hive.ql.io.parquet.serde.TestParquetTimestampsHive2Compatibility" time="0"/>
  <testcase name="testWriteHive4ReadHive4UsingLegacyConversion(String)[2668]" classname="org.apache.hadoop.hive.ql.io.parquet.serde.TestParquetTimestampsHive2Compatibility" time="0"/>
  <testcase name="testWriteHive4ReadHive4UsingLegacyConversion(String)[2669]" classname="org.apache.hadoop.hive.ql.io.parquet.serde.TestParquetTimestampsHive2Compatibility" time="0"/>
  <testcase name="testWriteHive4ReadHive4UsingLegacyConversion(String)[2670]" classname="org.apache.hadoop.hive.ql.io.parquet.serde.TestParquetTimestampsHive2Compatibility" time="0"/>
  <testcase name="testWriteHive4ReadHive4UsingLegacyConversion(String)[2671]" classname="org.apache.hadoop.hive.ql.io.parquet.serde.TestParquetTimestampsHive2Compatibility" time="0"/>
  <testcase name="testWriteHive4ReadHive4UsingLegacyConversion(String)[2672]" classname="org.apache.hadoop.hive.ql.io.parquet.serde.TestParquetTimestampsHive2Compatibility" time="0"/>
  <testcase name="testWriteHive4ReadHive4UsingLegacyConversion(String)[2673]" classname="org.apache.hadoop.hive.ql.io.parquet.serde.TestParquetTimestampsHive2Compatibility" time="0.001"/>
  <testcase name="testWriteHive4ReadHive4UsingLegacyConversion(String)[2674]" classname="org.apache.hadoop.hive.ql.io.parquet.serde.TestParquetTimestampsHive2Compatibility" time="0"/>
  <testcase name="testWriteHive4ReadHive4UsingLegacyConversion(String)[2675]" classname="org.apache.hadoop.hive.ql.io.parquet.serde.TestParquetTimestampsHive2Compatibility" time="0"/>
  <testcase name="testWriteHive4ReadHive4UsingLegacyConversion(String)[2676]" classname="org.apache.hadoop.hive.ql.io.parquet.serde.TestParquetTimestampsHive2Compatibility" time="0"/>
  <testcase name="testWriteHive4ReadHive4UsingLegacyConversion(String)[2677]" classname="org.apache.hadoop.hive.ql.io.parquet.serde.TestParquetTimestampsHive2Compatibility" time="0"/>
  <testcase name="testWriteHive4ReadHive4UsingLegacyConversion(String)[2678]" classname="org.apache.hadoop.hive.ql.io.parquet.serde.TestParquetTimestampsHive2Compatibility" time="0.001"/>
  <testcase name="testWriteHive4ReadHive4UsingLegacyConversion(String)[2679]" classname="org.apache.hadoop.hive.ql.io.parquet.serde.TestParquetTimestampsHive2Compatibility" time="0"/>
  <testcase name="testWriteHive4ReadHive4UsingLegacyConversion(String)[2680]" classname="org.apache.hadoop.hive.ql.io.parquet.serde.TestParquetTimestampsHive2Compatibility" time="0"/>
  <testcase name="testWriteHive4ReadHive4UsingLegacyConversion(String)[2681]" classname="org.apache.hadoop.hive.ql.io.parquet.serde.TestParquetTimestampsHive2Compatibility" time="0"/>
  <testcase name="testWriteHive4ReadHive4UsingLegacyConversion(String)[2682]" classname="org.apache.hadoop.hive.ql.io.parquet.serde.TestParquetTimestampsHive2Compatibility" time="0"/>
  <testcase name="testWriteHive4ReadHive4UsingLegacyConversion(String)[2683]" classname="org.apache.hadoop.hive.ql.io.parquet.serde.TestParquetTimestampsHive2Compatibility" time="0"/>
  <testcase name="testWriteHive4ReadHive4UsingLegacyConversion(String)[2684]" classname="org.apache.hadoop.hive.ql.io.parquet.serde.TestParquetTimestampsHive2Compatibility" time="0"/>
  <testcase name="testWriteHive4ReadHive4UsingLegacyConversion(String)[2685]" classname="org.apache.hadoop.hive.ql.io.parquet.serde.TestParquetTimestampsHive2Compatibility" time="0"/>
  <testcase name="testWriteHive4ReadHive4UsingLegacyConversion(String)[2686]" classname="org.apache.hadoop.hive.ql.io.parquet.serde.TestParquetTimestampsHive2Compatibility" time="0"/>
  <testcase name="testWriteHive4ReadHive4UsingLegacyConversion(String)[2687]" classname="org.apache.hadoop.hive.ql.io.parquet.serde.TestParquetTimestampsHive2Compatibility" time="0.001"/>
  <testcase name="testWriteHive4ReadHive4UsingLegacyConversion(String)[2688]" classname="org.apache.hadoop.hive.ql.io.parquet.serde.TestParquetTimestampsHive2Compatibility" time="0"/>
  <testcase name="testWriteHive4ReadHive4UsingLegacyConversion(String)[2689]" classname="org.apache.hadoop.hive.ql.io.parquet.serde.TestParquetTimestampsHive2Compatibility" time="0"/>
  <testcase name="testWriteHive4ReadHive4UsingLegacyConversion(String)[2690]" classname="org.apache.hadoop.hive.ql.io.parquet.serde.TestParquetTimestampsHive2Compatibility" time="0"/>
  <testcase name="testWriteHive4ReadHive4UsingLegacyConversion(String)[2691]" classname="org.apache.hadoop.hive.ql.io.parquet.serde.TestParquetTimestampsHive2Compatibility" time="0"/>
  <testcase name="testWriteHive4ReadHive4UsingLegacyConversion(String)[2692]" classname="org.apache.hadoop.hive.ql.io.parquet.serde.TestParquetTimestampsHive2Compatibility" time="0"/>
  <testcase name="testWriteHive4ReadHive4UsingLegacyConversion(String)[2693]" classname="org.apache.hadoop.hive.ql.io.parquet.serde.TestParquetTimestampsHive2Compatibility" time="0"/>
  <testcase name="testWriteHive4ReadHive4UsingLegacyConversion(String)[2694]" classname="org.apache.hadoop.hive.ql.io.parquet.serde.TestParquetTimestampsHive2Compatibility" time="0"/>
  <testcase name="testWriteHive4ReadHive4UsingLegacyConversion(String)[2695]" classname="org.apache.hadoop.hive.ql.io.parquet.serde.TestParquetTimestampsHive2Compatibility" time="0"/>
  <testcase name="testWriteHive4ReadHive4UsingLegacyConversion(String)[2696]" classname="org.apache.hadoop.hive.ql.io.parquet.serde.TestParquetTimestampsHive2Compatibility" time="0"/>
  <testcase name="testWriteHive4ReadHive4UsingLegacyConversion(String)[2697]" classname="org.apache.hadoop.hive.ql.io.parquet.serde.TestParquetTimestampsHive2Compatibility" time="0"/>
  <testcase name="testWriteHive4ReadHive4UsingLegacyConversion(String)[2698]" classname="org.apache.hadoop.hive.ql.io.parquet.serde.TestParquetTimestampsHive2Compatibility" time="0"/>
  <testcase name="testWriteHive4ReadHive4UsingLegacyConversion(String)[2699]" classname="org.apache.hadoop.hive.ql.io.parquet.serde.TestParquetTimestampsHive2Compatibility" time="0"/>
  <testcase name="testWriteHive4ReadHive4UsingLegacyConversion(String)[2700]" classname="org.apache.hadoop.hive.ql.io.parquet.serde.TestParquetTimestampsHive2Compatibility" time="0.001"/>
  <testcase name="testWriteHive4ReadHive4UsingLegacyConversion(String)[2701]" classname="org.apache.hadoop.hive.ql.io.parquet.serde.TestParquetTimestampsHive2Compatibility" time="0"/>
  <testcase name="testWriteHive4ReadHive4UsingLegacyConversion(String)[2702]" classname="org.apache.hadoop.hive.ql.io.parquet.serde.TestParquetTimestampsHive2Compatibility" time="0"/>
  <testcase name="testWriteHive4ReadHive4UsingLegacyConversion(String)[2703]" classname="org.apache.hadoop.hive.ql.io.parquet.serde.TestParquetTimestampsHive2Compatibility" time="0"/>
  <testcase name="testWriteHive4ReadHive4UsingLegacyConversion(String)[2704]" classname="org.apache.hadoop.hive.ql.io.parquet.serde.TestParquetTimestampsHive2Compatibility" time="0"/>
  <testcase name="testWriteHive4ReadHive4UsingLegacyConversion(String)[2705]" classname="org.apache.hadoop.hive.ql.io.parquet.serde.TestParquetTimestampsHive2Compatibility" time="0"/>
  <testcase name="testWriteHive4ReadHive4UsingLegacyConversion(String)[2706]" classname="org.apache.hadoop.hive.ql.io.parquet.serde.TestParquetTimestampsHive2Compatibility" time="0"/>
  <testcase name="testWriteHive4ReadHive4UsingLegacyConversion(String)[2707]" classname="org.apache.hadoop.hive.ql.io.parquet.serde.TestParquetTimestampsHive2Compatibility" time="0"/>
  <testcase name="testWriteHive4ReadHive4UsingLegacyConversion(String)[2708]" classname="org.apache.hadoop.hive.ql.io.parquet.serde.TestParquetTimestampsHive2Compatibility" time="0"/>
  <testcase name="testWriteHive4ReadHive4UsingLegacyConversion(String)[2709]" classname="org.apache.hadoop.hive.ql.io.parquet.serde.TestParquetTimestampsHive2Compatibility" time="0"/>
  <testcase name="testWriteHive4ReadHive4UsingLegacyConversion(String)[2710]" classname="org.apache.hadoop.hive.ql.io.parquet.serde.TestParquetTimestampsHive2Compatibility" time="0"/>
  <testcase name="testWriteHive4ReadHive4UsingLegacyConversion(String)[2711]" classname="org.apache.hadoop.hive.ql.io.parquet.serde.TestParquetTimestampsHive2Compatibility" time="0"/>
  <testcase name="testWriteHive4ReadHive4UsingLegacyConversion(String)[2712]" classname="org.apache.hadoop.hive.ql.io.parquet.serde.TestParquetTimestampsHive2Compatibility" time="0"/>
  <testcase name="testWriteHive4ReadHive4UsingLegacyConversion(String)[2713]" classname="org.apache.hadoop.hive.ql.io.parquet.serde.TestParquetTimestampsHive2Compatibility" time="0.001"/>
  <testcase name="testWriteHive4ReadHive4UsingLegacyConversion(String)[2714]" classname="org.apache.hadoop.hive.ql.io.parquet.serde.TestParquetTimestampsHive2Compatibility" time="0"/>
  <testcase name="testWriteHive4ReadHive4UsingLegacyConversion(String)[2715]" classname="org.apache.hadoop.hive.ql.io.parquet.serde.TestParquetTimestampsHive2Compatibility" time="0"/>
  <testcase name="testWriteHive4ReadHive4UsingLegacyConversion(String)[2716]" classname="org.apache.hadoop.hive.ql.io.parquet.serde.TestParquetTimestampsHive2Compatibility" time="0"/>
  <testcase name="testWriteHive4ReadHive4UsingLegacyConversion(String)[2717]" classname="org.apache.hadoop.hive.ql.io.parquet.serde.TestParquetTimestampsHive2Compatibility" time="0"/>
  <testcase name="testWriteHive4ReadHive4UsingLegacyConversion(String)[2718]" classname="org.apache.hadoop.hive.ql.io.parquet.serde.TestParquetTimestampsHive2Compatibility" time="0"/>
  <testcase name="testWriteHive4ReadHive4UsingLegacyConversion(String)[2719]" classname="org.apache.hadoop.hive.ql.io.parquet.serde.TestParquetTimestampsHive2Compatibility" time="0"/>
  <testcase name="testWriteHive4ReadHive4UsingLegacyConversion(String)[2720]" classname="org.apache.hadoop.hive.ql.io.parquet.serde.TestParquetTimestampsHive2Compatibility" time="0"/>
  <testcase name="testWriteHive4ReadHive4UsingLegacyConversion(String)[2721]" classname="org.apache.hadoop.hive.ql.io.parquet.serde.TestParquetTimestampsHive2Compatibility" time="0"/>
  <testcase name="testWriteHive4ReadHive4UsingLegacyConversion(String)[2722]" classname="org.apache.hadoop.hive.ql.io.parquet.serde.TestParquetTimestampsHive2Compatibility" time="0"/>
  <testcase name="testWriteHive4ReadHive4UsingLegacyConversion(String)[2723]" classname="org.apache.hadoop.hive.ql.io.parquet.serde.TestParquetTimestampsHive2Compatibility" time="0"/>
  <testcase name="testWriteHive4ReadHive4UsingLegacyConversion(String)[2724]" classname="org.apache.hadoop.hive.ql.io.parquet.serde.TestParquetTimestampsHive2Compatibility" time="0"/>
  <testcase name="testWriteHive4ReadHive4UsingLegacyConversion(String)[2725]" classname="org.apache.hadoop.hive.ql.io.parquet.serde.TestParquetTimestampsHive2Compatibility" time="0"/>
  <testcase name="testWriteHive4ReadHive4UsingLegacyConversion(String)[2726]" classname="org.apache.hadoop.hive.ql.io.parquet.serde.TestParquetTimestampsHive2Compatibility" time="0.001"/>
  <testcase name="testWriteHive4ReadHive4UsingLegacyConversion(String)[2727]" classname="org.apache.hadoop.hive.ql.io.parquet.serde.TestParquetTimestampsHive2Compatibility" time="0"/>
  <testcase name="testWriteHive4ReadHive4UsingLegacyConversion(String)[2728]" classname="org.apache.hadoop.hive.ql.io.parquet.serde.TestParquetTimestampsHive2Compatibility" time="0"/>
  <testcase name="testWriteHive4ReadHive4UsingLegacyConversion(String)[2729]" classname="org.apache.hadoop.hive.ql.io.parquet.serde.TestParquetTimestampsHive2Compatibility" time="0"/>
  <testcase name="testWriteHive4ReadHive4UsingLegacyConversion(String)[2730]" classname="org.apache.hadoop.hive.ql.io.parquet.serde.TestParquetTimestampsHive2Compatibility" time="0"/>
  <testcase name="testWriteHive4ReadHive4UsingLegacyConversion(String)[2731]" classname="org.apache.hadoop.hive.ql.io.parquet.serde.TestParquetTimestampsHive2Compatibility" time="0"/>
  <testcase name="testWriteHive4ReadHive4UsingLegacyConversion(String)[2732]" classname="org.apache.hadoop.hive.ql.io.parquet.serde.TestParquetTimestampsHive2Compatibility" time="0"/>
  <testcase name="testWriteHive4ReadHive4UsingLegacyConversion(String)[2733]" classname="org.apache.hadoop.hive.ql.io.parquet.serde.TestParquetTimestampsHive2Compatibility" time="0"/>
  <testcase name="testWriteHive4ReadHive4UsingLegacyConversion(String)[2734]" classname="org.apache.hadoop.hive.ql.io.parquet.serde.TestParquetTimestampsHive2Compatibility" time="0"/>
  <testcase name="testWriteHive4ReadHive4UsingLegacyConversion(String)[2735]" classname="org.apache.hadoop.hive.ql.io.parquet.serde.TestParquetTimestampsHive2Compatibility" time="0"/>
  <testcase name="testWriteHive4ReadHive4UsingLegacyConversion(String)[2736]" classname="org.apache.hadoop.hive.ql.io.parquet.serde.TestParquetTimestampsHive2Compatibility" time="0"/>
  <testcase name="testWriteHive4ReadHive4UsingLegacyConversion(String)[2737]" classname="org.apache.hadoop.hive.ql.io.parquet.serde.TestParquetTimestampsHive2Compatibility" time="0"/>
  <testcase name="testWriteHive4ReadHive4UsingLegacyConversion(String)[2738]" classname="org.apache.hadoop.hive.ql.io.parquet.serde.TestParquetTimestampsHive2Compatibility" time="0.001"/>
  <testcase name="testWriteHive4ReadHive4UsingLegacyConversion(String)[2739]" classname="org.apache.hadoop.hive.ql.io.parquet.serde.TestParquetTimestampsHive2Compatibility" time="0"/>
  <testcase name="testWriteHive4ReadHive4UsingLegacyConversion(String)[2740]" classname="org.apache.hadoop.hive.ql.io.parquet.serde.TestParquetTimestampsHive2Compatibility" time="0"/>
  <testcase name="testWriteHive4ReadHive4UsingLegacyConversion(String)[2741]" classname="org.apache.hadoop.hive.ql.io.parquet.serde.TestParquetTimestampsHive2Compatibility" time="0"/>
  <testcase name="testWriteHive4ReadHive4UsingLegacyConversion(String)[2742]" classname="org.apache.hadoop.hive.ql.io.parquet.serde.TestParquetTimestampsHive2Compatibility" time="0.001"/>
  <testcase name="testWriteHive4ReadHive4UsingLegacyConversion(String)[2743]" classname="org.apache.hadoop.hive.ql.io.parquet.serde.TestParquetTimestampsHive2Compatibility" time="0"/>
  <testcase name="testWriteHive4ReadHive4UsingLegacyConversion(String)[2744]" classname="org.apache.hadoop.hive.ql.io.parquet.serde.TestParquetTimestampsHive2Compatibility" time="0"/>
  <testcase name="testWriteHive4ReadHive4UsingLegacyConversion(String)[2745]" classname="org.apache.hadoop.hive.ql.io.parquet.serde.TestParquetTimestampsHive2Compatibility" time="0"/>
  <testcase name="testWriteHive4ReadHive4UsingLegacyConversion(String)[2746]" classname="org.apache.hadoop.hive.ql.io.parquet.serde.TestParquetTimestampsHive2Compatibility" time="0.001"/>
  <testcase name="testWriteHive4ReadHive4UsingLegacyConversion(String)[2747]" classname="org.apache.hadoop.hive.ql.io.parquet.serde.TestParquetTimestampsHive2Compatibility" time="0"/>
  <testcase name="testWriteHive4ReadHive4UsingLegacyConversion(String)[2748]" classname="org.apache.hadoop.hive.ql.io.parquet.serde.TestParquetTimestampsHive2Compatibility" time="0"/>
  <testcase name="testWriteHive4ReadHive4UsingLegacyConversion(String)[2749]" classname="org.apache.hadoop.hive.ql.io.parquet.serde.TestParquetTimestampsHive2Compatibility" time="0"/>
  <testcase name="testWriteHive4ReadHive4UsingLegacyConversion(String)[2750]" classname="org.apache.hadoop.hive.ql.io.parquet.serde.TestParquetTimestampsHive2Compatibility" time="0"/>
  <testcase name="testWriteHive4ReadHive4UsingLegacyConversion(String)[2751]" classname="org.apache.hadoop.hive.ql.io.parquet.serde.TestParquetTimestampsHive2Compatibility" time="0"/>
  <testcase name="testWriteHive4ReadHive4UsingLegacyConversion(String)[2752]" classname="org.apache.hadoop.hive.ql.io.parquet.serde.TestParquetTimestampsHive2Compatibility" time="0"/>
  <testcase name="testWriteHive4ReadHive4UsingLegacyConversion(String)[2753]" classname="org.apache.hadoop.hive.ql.io.parquet.serde.TestParquetTimestampsHive2Compatibility" time="0"/>
  <testcase name="testWriteHive4ReadHive4UsingLegacyConversion(String)[2754]" classname="org.apache.hadoop.hive.ql.io.parquet.serde.TestParquetTimestampsHive2Compatibility" time="0"/>
  <testcase name="testWriteHive4ReadHive4UsingLegacyConversion(String)[2755]" classname="org.apache.hadoop.hive.ql.io.parquet.serde.TestParquetTimestampsHive2Compatibility" time="0"/>
  <testcase name="testWriteHive4ReadHive4UsingLegacyConversion(String)[2756]" classname="org.apache.hadoop.hive.ql.io.parquet.serde.TestParquetTimestampsHive2Compatibility" time="0"/>
  <testcase name="testWriteHive4ReadHive4UsingLegacyConversion(String)[2757]" classname="org.apache.hadoop.hive.ql.io.parquet.serde.TestParquetTimestampsHive2Compatibility" time="0"/>
  <testcase name="testWriteHive4ReadHive4UsingLegacyConversion(String)[2758]" classname="org.apache.hadoop.hive.ql.io.parquet.serde.TestParquetTimestampsHive2Compatibility" time="0"/>
  <testcase name="testWriteHive4ReadHive4UsingLegacyConversion(String)[2759]" classname="org.apache.hadoop.hive.ql.io.parquet.serde.TestParquetTimestampsHive2Compatibility" time="0"/>
  <testcase name="testWriteHive4ReadHive4UsingLegacyConversion(String)[2760]" classname="org.apache.hadoop.hive.ql.io.parquet.serde.TestParquetTimestampsHive2Compatibility" time="0"/>
  <testcase name="testWriteHive4ReadHive4UsingLegacyConversion(String)[2761]" classname="org.apache.hadoop.hive.ql.io.parquet.serde.TestParquetTimestampsHive2Compatibility" time="0.001"/>
  <testcase name="testWriteHive4ReadHive4UsingLegacyConversion(String)[2762]" classname="org.apache.hadoop.hive.ql.io.parquet.serde.TestParquetTimestampsHive2Compatibility" time="0"/>
  <testcase name="testWriteHive4ReadHive4UsingLegacyConversion(String)[2763]" classname="org.apache.hadoop.hive.ql.io.parquet.serde.TestParquetTimestampsHive2Compatibility" time="0"/>
  <testcase name="testWriteHive4ReadHive4UsingLegacyConversion(String)[2764]" classname="org.apache.hadoop.hive.ql.io.parquet.serde.TestParquetTimestampsHive2Compatibility" time="0"/>
  <testcase name="testWriteHive4ReadHive4UsingLegacyConversion(String)[2765]" classname="org.apache.hadoop.hive.ql.io.parquet.serde.TestParquetTimestampsHive2Compatibility" time="0.001"/>
  <testcase name="testWriteHive4ReadHive4UsingLegacyConversion(String)[2766]" classname="org.apache.hadoop.hive.ql.io.parquet.serde.TestParquetTimestampsHive2Compatibility" time="0"/>
  <testcase name="testWriteHive4ReadHive4UsingLegacyConversion(String)[2767]" classname="org.apache.hadoop.hive.ql.io.parquet.serde.TestParquetTimestampsHive2Compatibility" time="0"/>
  <testcase name="testWriteHive4ReadHive4UsingLegacyConversion(String)[2768]" classname="org.apache.hadoop.hive.ql.io.parquet.serde.TestParquetTimestampsHive2Compatibility" time="0"/>
  <testcase name="testWriteHive4ReadHive4UsingLegacyConversion(String)[2769]" classname="org.apache.hadoop.hive.ql.io.parquet.serde.TestParquetTimestampsHive2Compatibility" time="0.001"/>
  <testcase name="testWriteHive4ReadHive4UsingLegacyConversion(String)[2770]" classname="org.apache.hadoop.hive.ql.io.parquet.serde.TestParquetTimestampsHive2Compatibility" time="0"/>
  <testcase name="testWriteHive4ReadHive4UsingLegacyConversion(String)[2771]" classname="org.apache.hadoop.hive.ql.io.parquet.serde.TestParquetTimestampsHive2Compatibility" time="0"/>
  <testcase name="testWriteHive4ReadHive4UsingLegacyConversion(String)[2772]" classname="org.apache.hadoop.hive.ql.io.parquet.serde.TestParquetTimestampsHive2Compatibility" time="0"/>
  <testcase name="testWriteHive4ReadHive4UsingLegacyConversion(String)[2773]" classname="org.apache.hadoop.hive.ql.io.parquet.serde.TestParquetTimestampsHive2Compatibility" time="0.001"/>
  <testcase name="testWriteHive4ReadHive4UsingLegacyConversion(String)[2774]" classname="org.apache.hadoop.hive.ql.io.parquet.serde.TestParquetTimestampsHive2Compatibility" time="0"/>
  <testcase name="testWriteHive4ReadHive4UsingLegacyConversion(String)[2775]" classname="org.apache.hadoop.hive.ql.io.parquet.serde.TestParquetTimestampsHive2Compatibility" time="0"/>
  <testcase name="testWriteHive4ReadHive4UsingLegacyConversion(String)[2776]" classname="org.apache.hadoop.hive.ql.io.parquet.serde.TestParquetTimestampsHive2Compatibility" time="0"/>
  <testcase name="testWriteHive4ReadHive4UsingLegacyConversion(String)[2777]" classname="org.apache.hadoop.hive.ql.io.parquet.serde.TestParquetTimestampsHive2Compatibility" time="0.001"/>
  <testcase name="testWriteHive4ReadHive4UsingLegacyConversion(String)[2778]" classname="org.apache.hadoop.hive.ql.io.parquet.serde.TestParquetTimestampsHive2Compatibility" time="0"/>
  <testcase name="testWriteHive4ReadHive4UsingLegacyConversion(String)[2779]" classname="org.apache.hadoop.hive.ql.io.parquet.serde.TestParquetTimestampsHive2Compatibility" time="0"/>
  <testcase name="testWriteHive4ReadHive4UsingLegacyConversion(String)[2780]" classname="org.apache.hadoop.hive.ql.io.parquet.serde.TestParquetTimestampsHive2Compatibility" time="0"/>
  <testcase name="testWriteHive4ReadHive4UsingLegacyConversion(String)[2781]" classname="org.apache.hadoop.hive.ql.io.parquet.serde.TestParquetTimestampsHive2Compatibility" time="0"/>
  <testcase name="testWriteHive4ReadHive4UsingLegacyConversion(String)[2782]" classname="org.apache.hadoop.hive.ql.io.parquet.serde.TestParquetTimestampsHive2Compatibility" time="0"/>
  <testcase name="testWriteHive4ReadHive4UsingLegacyConversion(String)[2783]" classname="org.apache.hadoop.hive.ql.io.parquet.serde.TestParquetTimestampsHive2Compatibility" time="0"/>
  <testcase name="testWriteHive4ReadHive4UsingLegacyConversion(String)[2784]" classname="org.apache.hadoop.hive.ql.io.parquet.serde.TestParquetTimestampsHive2Compatibility" time="0"/>
  <testcase name="testWriteHive4ReadHive4UsingLegacyConversion(String)[2785]" classname="org.apache.hadoop.hive.ql.io.parquet.serde.TestParquetTimestampsHive2Compatibility" time="0"/>
  <testcase name="testWriteHive4ReadHive4UsingLegacyConversion(String)[2786]" classname="org.apache.hadoop.hive.ql.io.parquet.serde.TestParquetTimestampsHive2Compatibility" time="0"/>
  <testcase name="testWriteHive4ReadHive4UsingLegacyConversion(String)[2787]" classname="org.apache.hadoop.hive.ql.io.parquet.serde.TestParquetTimestampsHive2Compatibility" time="0"/>
  <testcase name="testWriteHive4ReadHive4UsingLegacyConversion(String)[2788]" classname="org.apache.hadoop.hive.ql.io.parquet.serde.TestParquetTimestampsHive2Compatibility" time="0.001"/>
  <testcase name="testWriteHive4ReadHive4UsingLegacyConversion(String)[2789]" classname="org.apache.hadoop.hive.ql.io.parquet.serde.TestParquetTimestampsHive2Compatibility" time="0"/>
  <testcase name="testWriteHive4ReadHive4UsingLegacyConversion(String)[2790]" classname="org.apache.hadoop.hive.ql.io.parquet.serde.TestParquetTimestampsHive2Compatibility" time="0"/>
  <testcase name="testWriteHive4ReadHive4UsingLegacyConversion(String)[2791]" classname="org.apache.hadoop.hive.ql.io.parquet.serde.TestParquetTimestampsHive2Compatibility" time="0"/>
  <testcase name="testWriteHive4ReadHive4UsingLegacyConversion(String)[2792]" classname="org.apache.hadoop.hive.ql.io.parquet.serde.TestParquetTimestampsHive2Compatibility" time="0.001"/>
  <testcase name="testWriteHive4ReadHive4UsingLegacyConversion(String)[2793]" classname="org.apache.hadoop.hive.ql.io.parquet.serde.TestParquetTimestampsHive2Compatibility" time="0"/>
  <testcase name="testWriteHive4ReadHive4UsingLegacyConversion(String)[2794]" classname="org.apache.hadoop.hive.ql.io.parquet.serde.TestParquetTimestampsHive2Compatibility" time="0"/>
  <testcase name="testWriteHive4ReadHive4UsingLegacyConversion(String)[2795]" classname="org.apache.hadoop.hive.ql.io.parquet.serde.TestParquetTimestampsHive2Compatibility" time="0"/>
  <testcase name="testWriteHive4ReadHive4UsingLegacyConversion(String)[2796]" classname="org.apache.hadoop.hive.ql.io.parquet.serde.TestParquetTimestampsHive2Compatibility" time="0"/>
  <testcase name="testWriteHive4ReadHive4UsingLegacyConversion(String)[2797]" classname="org.apache.hadoop.hive.ql.io.parquet.serde.TestParquetTimestampsHive2Compatibility" time="0"/>
  <testcase name="testWriteHive4ReadHive4UsingLegacyConversion(String)[2798]" classname="org.apache.hadoop.hive.ql.io.parquet.serde.TestParquetTimestampsHive2Compatibility" time="0"/>
  <testcase name="testWriteHive4ReadHive4UsingLegacyConversion(String)[2799]" classname="org.apache.hadoop.hive.ql.io.parquet.serde.TestParquetTimestampsHive2Compatibility" time="0"/>
  <testcase name="testWriteHive4ReadHive4UsingLegacyConversion(String)[2800]" classname="org.apache.hadoop.hive.ql.io.parquet.serde.TestParquetTimestampsHive2Compatibility" time="0"/>
  <testcase name="testWriteHive4ReadHive4UsingLegacyConversion(String)[2801]" classname="org.apache.hadoop.hive.ql.io.parquet.serde.TestParquetTimestampsHive2Compatibility" time="0"/>
  <testcase name="testWriteHive4ReadHive4UsingLegacyConversion(String)[2802]" classname="org.apache.hadoop.hive.ql.io.parquet.serde.TestParquetTimestampsHive2Compatibility" time="0"/>
  <testcase name="testWriteHive4ReadHive4UsingLegacyConversion(String)[2803]" classname="org.apache.hadoop.hive.ql.io.parquet.serde.TestParquetTimestampsHive2Compatibility" time="0"/>
  <testcase name="testWriteHive4ReadHive4UsingLegacyConversion(String)[2804]" classname="org.apache.hadoop.hive.ql.io.parquet.serde.TestParquetTimestampsHive2Compatibility" time="0"/>
  <testcase name="testWriteHive4ReadHive4UsingLegacyConversion(String)[2805]" classname="org.apache.hadoop.hive.ql.io.parquet.serde.TestParquetTimestampsHive2Compatibility" time="0"/>
  <testcase name="testWriteHive4ReadHive4UsingLegacyConversion(String)[2806]" classname="org.apache.hadoop.hive.ql.io.parquet.serde.TestParquetTimestampsHive2Compatibility" time="0.001"/>
  <testcase name="testWriteHive4ReadHive4UsingLegacyConversion(String)[2807]" classname="org.apache.hadoop.hive.ql.io.parquet.serde.TestParquetTimestampsHive2Compatibility" time="0"/>
  <testcase name="testWriteHive4ReadHive4UsingLegacyConversion(String)[2808]" classname="org.apache.hadoop.hive.ql.io.parquet.serde.TestParquetTimestampsHive2Compatibility" time="0"/>
  <testcase name="testWriteHive4ReadHive4UsingLegacyConversion(String)[2809]" classname="org.apache.hadoop.hive.ql.io.parquet.serde.TestParquetTimestampsHive2Compatibility" time="0"/>
  <testcase name="testWriteHive4ReadHive4UsingLegacyConversion(String)[2810]" classname="org.apache.hadoop.hive.ql.io.parquet.serde.TestParquetTimestampsHive2Compatibility" time="0"/>
  <testcase name="testWriteHive4ReadHive4UsingLegacyConversion(String)[2811]" classname="org.apache.hadoop.hive.ql.io.parquet.serde.TestParquetTimestampsHive2Compatibility" time="0"/>
  <testcase name="testWriteHive4ReadHive4UsingLegacyConversion(String)[2812]" classname="org.apache.hadoop.hive.ql.io.parquet.serde.TestParquetTimestampsHive2Compatibility" time="0"/>
  <testcase name="testWriteHive4ReadHive4UsingLegacyConversion(String)[2813]" classname="org.apache.hadoop.hive.ql.io.parquet.serde.TestParquetTimestampsHive2Compatibility" time="0"/>
  <testcase name="testWriteHive4ReadHive4UsingLegacyConversion(String)[2814]" classname="org.apache.hadoop.hive.ql.io.parquet.serde.TestParquetTimestampsHive2Compatibility" time="0"/>
  <testcase name="testWriteHive4ReadHive4UsingLegacyConversion(String)[2815]" classname="org.apache.hadoop.hive.ql.io.parquet.serde.TestParquetTimestampsHive2Compatibility" time="0"/>
  <testcase name="testWriteHive4ReadHive4UsingLegacyConversion(String)[2816]" classname="org.apache.hadoop.hive.ql.io.parquet.serde.TestParquetTimestampsHive2Compatibility" time="0"/>
  <testcase name="testWriteHive4ReadHive4UsingLegacyConversion(String)[2817]" classname="org.apache.hadoop.hive.ql.io.parquet.serde.TestParquetTimestampsHive2Compatibility" time="0"/>
  <testcase name="testWriteHive4ReadHive4UsingLegacyConversion(String)[2818]" classname="org.apache.hadoop.hive.ql.io.parquet.serde.TestParquetTimestampsHive2Compatibility" time="0"/>
  <testcase name="testWriteHive4ReadHive4UsingLegacyConversion(String)[2819]" classname="org.apache.hadoop.hive.ql.io.parquet.serde.TestParquetTimestampsHive2Compatibility" time="0.001"/>
  <testcase name="testWriteHive4ReadHive4UsingLegacyConversion(String)[2820]" classname="org.apache.hadoop.hive.ql.io.parquet.serde.TestParquetTimestampsHive2Compatibility" time="0"/>
  <testcase name="testWriteHive4ReadHive4UsingLegacyConversion(String)[2821]" classname="org.apache.hadoop.hive.ql.io.parquet.serde.TestParquetTimestampsHive2Compatibility" time="0"/>
  <testcase name="testWriteHive4ReadHive4UsingLegacyConversion(String)[2822]" classname="org.apache.hadoop.hive.ql.io.parquet.serde.TestParquetTimestampsHive2Compatibility" time="0"/>
  <testcase name="testWriteHive4ReadHive4UsingLegacyConversion(String)[2823]" classname="org.apache.hadoop.hive.ql.io.parquet.serde.TestParquetTimestampsHive2Compatibility" time="0"/>
  <testcase name="testWriteHive4ReadHive4UsingLegacyConversion(String)[2824]" classname="org.apache.hadoop.hive.ql.io.parquet.serde.TestParquetTimestampsHive2Compatibility" time="0"/>
  <testcase name="testWriteHive4ReadHive4UsingLegacyConversion(String)[2825]" classname="org.apache.hadoop.hive.ql.io.parquet.serde.TestParquetTimestampsHive2Compatibility" time="0"/>
  <testcase name="testWriteHive4ReadHive4UsingLegacyConversion(String)[2826]" classname="org.apache.hadoop.hive.ql.io.parquet.serde.TestParquetTimestampsHive2Compatibility" time="0"/>
  <testcase name="testWriteHive4ReadHive4UsingLegacyConversion(String)[2827]" classname="org.apache.hadoop.hive.ql.io.parquet.serde.TestParquetTimestampsHive2Compatibility" time="0.001"/>
  <testcase name="testWriteHive4ReadHive4UsingLegacyConversion(String)[2828]" classname="org.apache.hadoop.hive.ql.io.parquet.serde.TestParquetTimestampsHive2Compatibility" time="0"/>
  <testcase name="testWriteHive4ReadHive4UsingLegacyConversion(String)[2829]" classname="org.apache.hadoop.hive.ql.io.parquet.serde.TestParquetTimestampsHive2Compatibility" time="0"/>
  <testcase name="testWriteHive4ReadHive4UsingLegacyConversion(String)[2830]" classname="org.apache.hadoop.hive.ql.io.parquet.serde.TestParquetTimestampsHive2Compatibility" time="0"/>
  <testcase name="testWriteHive4ReadHive4UsingLegacyConversion(String)[2831]" classname="org.apache.hadoop.hive.ql.io.parquet.serde.TestParquetTimestampsHive2Compatibility" time="0.001"/>
  <testcase name="testWriteHive4ReadHive4UsingLegacyConversion(String)[2832]" classname="org.apache.hadoop.hive.ql.io.parquet.serde.TestParquetTimestampsHive2Compatibility" time="0"/>
  <testcase name="testWriteHive4ReadHive4UsingLegacyConversion(String)[2833]" classname="org.apache.hadoop.hive.ql.io.parquet.serde.TestParquetTimestampsHive2Compatibility" time="0"/>
  <testcase name="testWriteHive4ReadHive4UsingLegacyConversion(String)[2834]" classname="org.apache.hadoop.hive.ql.io.parquet.serde.TestParquetTimestampsHive2Compatibility" time="0"/>
  <testcase name="testWriteHive4ReadHive4UsingLegacyConversion(String)[2835]" classname="org.apache.hadoop.hive.ql.io.parquet.serde.TestParquetTimestampsHive2Compatibility" time="0.001"/>
  <testcase name="testWriteHive4ReadHive4UsingLegacyConversion(String)[2836]" classname="org.apache.hadoop.hive.ql.io.parquet.serde.TestParquetTimestampsHive2Compatibility" time="0"/>
  <testcase name="testWriteHive4ReadHive4UsingLegacyConversion(String)[2837]" classname="org.apache.hadoop.hive.ql.io.parquet.serde.TestParquetTimestampsHive2Compatibility" time="0"/>
  <testcase name="testWriteHive4ReadHive4UsingLegacyConversion(String)[2838]" classname="org.apache.hadoop.hive.ql.io.parquet.serde.TestParquetTimestampsHive2Compatibility" time="0"/>
  <testcase name="testWriteHive4ReadHive4UsingLegacyConversion(String)[2839]" classname="org.apache.hadoop.hive.ql.io.parquet.serde.TestParquetTimestampsHive2Compatibility" time="0"/>
  <testcase name="testWriteHive4ReadHive4UsingLegacyConversion(String)[2840]" classname="org.apache.hadoop.hive.ql.io.parquet.serde.TestParquetTimestampsHive2Compatibility" time="0"/>
  <testcase name="testWriteHive4ReadHive4UsingLegacyConversion(String)[2841]" classname="org.apache.hadoop.hive.ql.io.parquet.serde.TestParquetTimestampsHive2Compatibility" time="0"/>
  <testcase name="testWriteHive4ReadHive4UsingLegacyConversion(String)[2842]" classname="org.apache.hadoop.hive.ql.io.parquet.serde.TestParquetTimestampsHive2Compatibility" time="0"/>
  <testcase name="testWriteHive4ReadHive4UsingLegacyConversion(String)[2843]" classname="org.apache.hadoop.hive.ql.io.parquet.serde.TestParquetTimestampsHive2Compatibility" time="0"/>
  <testcase name="testWriteHive4ReadHive4UsingLegacyConversion(String)[2844]" classname="org.apache.hadoop.hive.ql.io.parquet.serde.TestParquetTimestampsHive2Compatibility" time="0"/>
  <testcase name="testWriteHive4ReadHive4UsingLegacyConversion(String)[2845]" classname="org.apache.hadoop.hive.ql.io.parquet.serde.TestParquetTimestampsHive2Compatibility" time="0"/>
  <testcase name="testWriteHive4ReadHive4UsingLegacyConversion(String)[2846]" classname="org.apache.hadoop.hive.ql.io.parquet.serde.TestParquetTimestampsHive2Compatibility" time="0"/>
  <testcase name="testWriteHive4ReadHive4UsingLegacyConversion(String)[2847]" classname="org.apache.hadoop.hive.ql.io.parquet.serde.TestParquetTimestampsHive2Compatibility" time="0"/>
  <testcase name="testWriteHive4ReadHive4UsingLegacyConversion(String)[2848]" classname="org.apache.hadoop.hive.ql.io.parquet.serde.TestParquetTimestampsHive2Compatibility" time="0"/>
  <testcase name="testWriteHive4ReadHive4UsingLegacyConversion(String)[2849]" classname="org.apache.hadoop.hive.ql.io.parquet.serde.TestParquetTimestampsHive2Compatibility" time="0"/>
  <testcase name="testWriteHive4ReadHive4UsingLegacyConversion(String)[2850]" classname="org.apache.hadoop.hive.ql.io.parquet.serde.TestParquetTimestampsHive2Compatibility" time="0"/>
  <testcase name="testWriteHive4ReadHive4UsingLegacyConversion(String)[2851]" classname="org.apache.hadoop.hive.ql.io.parquet.serde.TestParquetTimestampsHive2Compatibility" time="0.001"/>
  <testcase name="testWriteHive4ReadHive4UsingLegacyConversion(String)[2852]" classname="org.apache.hadoop.hive.ql.io.parquet.serde.TestParquetTimestampsHive2Compatibility" time="0"/>
  <testcase name="testWriteHive4ReadHive4UsingLegacyConversion(String)[2853]" classname="org.apache.hadoop.hive.ql.io.parquet.serde.TestParquetTimestampsHive2Compatibility" time="0"/>
  <testcase name="testWriteHive4ReadHive4UsingLegacyConversion(String)[2854]" classname="org.apache.hadoop.hive.ql.io.parquet.serde.TestParquetTimestampsHive2Compatibility" time="0"/>
  <testcase name="testWriteHive4ReadHive4UsingLegacyConversion(String)[2855]" classname="org.apache.hadoop.hive.ql.io.parquet.serde.TestParquetTimestampsHive2Compatibility" time="0"/>
  <testcase name="testWriteHive4ReadHive4UsingLegacyConversion(String)[2856]" classname="org.apache.hadoop.hive.ql.io.parquet.serde.TestParquetTimestampsHive2Compatibility" time="0"/>
  <testcase name="testWriteHive4ReadHive4UsingLegacyConversion(String)[2857]" classname="org.apache.hadoop.hive.ql.io.parquet.serde.TestParquetTimestampsHive2Compatibility" time="0"/>
  <testcase name="testWriteHive4ReadHive4UsingLegacyConversion(String)[2858]" classname="org.apache.hadoop.hive.ql.io.parquet.serde.TestParquetTimestampsHive2Compatibility" time="0"/>
  <testcase name="testWriteHive4ReadHive4UsingLegacyConversion(String)[2859]" classname="org.apache.hadoop.hive.ql.io.parquet.serde.TestParquetTimestampsHive2Compatibility" time="0.001"/>
  <testcase name="testWriteHive4ReadHive4UsingLegacyConversion(String)[2860]" classname="org.apache.hadoop.hive.ql.io.parquet.serde.TestParquetTimestampsHive2Compatibility" time="0"/>
  <testcase name="testWriteHive4ReadHive4UsingLegacyConversion(String)[2861]" classname="org.apache.hadoop.hive.ql.io.parquet.serde.TestParquetTimestampsHive2Compatibility" time="0"/>
  <testcase name="testWriteHive4ReadHive4UsingLegacyConversion(String)[2862]" classname="org.apache.hadoop.hive.ql.io.parquet.serde.TestParquetTimestampsHive2Compatibility" time="0"/>
  <testcase name="testWriteHive4ReadHive4UsingLegacyConversion(String)[2863]" classname="org.apache.hadoop.hive.ql.io.parquet.serde.TestParquetTimestampsHive2Compatibility" time="0.001"/>
  <testcase name="testWriteHive4ReadHive4UsingLegacyConversion(String)[2864]" classname="org.apache.hadoop.hive.ql.io.parquet.serde.TestParquetTimestampsHive2Compatibility" time="0"/>
  <testcase name="testWriteHive4ReadHive4UsingLegacyConversion(String)[2865]" classname="org.apache.hadoop.hive.ql.io.parquet.serde.TestParquetTimestampsHive2Compatibility" time="0"/>
  <testcase name="testWriteHive4ReadHive4UsingLegacyConversion(String)[2866]" classname="org.apache.hadoop.hive.ql.io.parquet.serde.TestParquetTimestampsHive2Compatibility" time="0"/>
  <testcase name="testWriteHive4ReadHive4UsingLegacyConversion(String)[2867]" classname="org.apache.hadoop.hive.ql.io.parquet.serde.TestParquetTimestampsHive2Compatibility" time="0.001"/>
  <testcase name="testWriteHive4ReadHive4UsingLegacyConversion(String)[2868]" classname="org.apache.hadoop.hive.ql.io.parquet.serde.TestParquetTimestampsHive2Compatibility" time="0"/>
  <testcase name="testWriteHive4ReadHive4UsingLegacyConversion(String)[2869]" classname="org.apache.hadoop.hive.ql.io.parquet.serde.TestParquetTimestampsHive2Compatibility" time="0"/>
  <testcase name="testWriteHive4ReadHive4UsingLegacyConversion(String)[2870]" classname="org.apache.hadoop.hive.ql.io.parquet.serde.TestParquetTimestampsHive2Compatibility" time="0"/>
  <testcase name="testWriteHive4ReadHive4UsingLegacyConversion(String)[2871]" classname="org.apache.hadoop.hive.ql.io.parquet.serde.TestParquetTimestampsHive2Compatibility" time="0.001"/>
  <testcase name="testWriteHive4ReadHive4UsingLegacyConversion(String)[2872]" classname="org.apache.hadoop.hive.ql.io.parquet.serde.TestParquetTimestampsHive2Compatibility" time="0"/>
  <testcase name="testWriteHive4ReadHive4UsingLegacyConversion(String)[2873]" classname="org.apache.hadoop.hive.ql.io.parquet.serde.TestParquetTimestampsHive2Compatibility" time="0"/>
  <testcase name="testWriteHive4ReadHive4UsingLegacyConversion(String)[2874]" classname="org.apache.hadoop.hive.ql.io.parquet.serde.TestParquetTimestampsHive2Compatibility" time="0"/>
  <testcase name="testWriteHive4ReadHive4UsingLegacyConversion(String)[2875]" classname="org.apache.hadoop.hive.ql.io.parquet.serde.TestParquetTimestampsHive2Compatibility" time="0"/>
  <testcase name="testWriteHive4ReadHive4UsingLegacyConversion(String)[2876]" classname="org.apache.hadoop.hive.ql.io.parquet.serde.TestParquetTimestampsHive2Compatibility" time="0"/>
  <testcase name="testWriteHive4ReadHive4UsingLegacyConversion(String)[2877]" classname="org.apache.hadoop.hive.ql.io.parquet.serde.TestParquetTimestampsHive2Compatibility" time="0"/>
  <testcase name="testWriteHive4ReadHive4UsingLegacyConversion(String)[2878]" classname="org.apache.hadoop.hive.ql.io.parquet.serde.TestParquetTimestampsHive2Compatibility" time="0"/>
  <testcase name="testWriteHive4ReadHive4UsingLegacyConversion(String)[2879]" classname="org.apache.hadoop.hive.ql.io.parquet.serde.TestParquetTimestampsHive2Compatibility" time="0.001"/>
  <testcase name="testWriteHive4ReadHive4UsingLegacyConversion(String)[2880]" classname="org.apache.hadoop.hive.ql.io.parquet.serde.TestParquetTimestampsHive2Compatibility" time="0"/>
  <testcase name="testWriteHive4ReadHive4UsingLegacyConversion(String)[2881]" classname="org.apache.hadoop.hive.ql.io.parquet.serde.TestParquetTimestampsHive2Compatibility" time="0"/>
  <testcase name="testWriteHive4ReadHive4UsingLegacyConversion(String)[2882]" classname="org.apache.hadoop.hive.ql.io.parquet.serde.TestParquetTimestampsHive2Compatibility" time="0"/>
  <testcase name="testWriteHive4ReadHive4UsingLegacyConversion(String)[2883]" classname="org.apache.hadoop.hive.ql.io.parquet.serde.TestParquetTimestampsHive2Compatibility" time="0.001"/>
  <testcase name="testWriteHive4ReadHive4UsingLegacyConversion(String)[2884]" classname="org.apache.hadoop.hive.ql.io.parquet.serde.TestParquetTimestampsHive2Compatibility" time="0"/>
  <testcase name="testWriteHive4ReadHive4UsingLegacyConversion(String)[2885]" classname="org.apache.hadoop.hive.ql.io.parquet.serde.TestParquetTimestampsHive2Compatibility" time="0"/>
  <testcase name="testWriteHive4ReadHive4UsingLegacyConversion(String)[2886]" classname="org.apache.hadoop.hive.ql.io.parquet.serde.TestParquetTimestampsHive2Compatibility" time="0"/>
  <testcase name="testWriteHive4ReadHive4UsingLegacyConversion(String)[2887]" classname="org.apache.hadoop.hive.ql.io.parquet.serde.TestParquetTimestampsHive2Compatibility" time="0.001"/>
  <testcase name="testWriteHive4ReadHive4UsingLegacyConversion(String)[2888]" classname="org.apache.hadoop.hive.ql.io.parquet.serde.TestParquetTimestampsHive2Compatibility" time="0"/>
  <testcase name="testWriteHive4ReadHive4UsingLegacyConversion(String)[2889]" classname="org.apache.hadoop.hive.ql.io.parquet.serde.TestParquetTimestampsHive2Compatibility" time="0"/>
  <testcase name="testWriteHive4ReadHive4UsingLegacyConversion(String)[2890]" classname="org.apache.hadoop.hive.ql.io.parquet.serde.TestParquetTimestampsHive2Compatibility" time="0"/>
  <testcase name="testWriteHive4ReadHive4UsingLegacyConversion(String)[2891]" classname="org.apache.hadoop.hive.ql.io.parquet.serde.TestParquetTimestampsHive2Compatibility" time="0"/>
  <testcase name="testWriteHive4ReadHive4UsingLegacyConversion(String)[2892]" classname="org.apache.hadoop.hive.ql.io.parquet.serde.TestParquetTimestampsHive2Compatibility" time="0"/>
  <testcase name="testWriteHive4ReadHive4UsingLegacyConversion(String)[2893]" classname="org.apache.hadoop.hive.ql.io.parquet.serde.TestParquetTimestampsHive2Compatibility" time="0"/>
  <testcase name="testWriteHive4ReadHive4UsingLegacyConversion(String)[2894]" classname="org.apache.hadoop.hive.ql.io.parquet.serde.TestParquetTimestampsHive2Compatibility" time="0"/>
  <testcase name="testWriteHive4ReadHive4UsingLegacyConversion(String)[2895]" classname="org.apache.hadoop.hive.ql.io.parquet.serde.TestParquetTimestampsHive2Compatibility" time="0"/>
  <testcase name="testWriteHive4ReadHive4UsingLegacyConversion(String)[2896]" classname="org.apache.hadoop.hive.ql.io.parquet.serde.TestParquetTimestampsHive2Compatibility" time="0"/>
  <testcase name="testWriteHive4ReadHive4UsingLegacyConversion(String)[2897]" classname="org.apache.hadoop.hive.ql.io.parquet.serde.TestParquetTimestampsHive2Compatibility" time="0"/>
  <testcase name="testWriteHive4ReadHive4UsingLegacyConversion(String)[2898]" classname="org.apache.hadoop.hive.ql.io.parquet.serde.TestParquetTimestampsHive2Compatibility" time="0"/>
  <testcase name="testWriteHive4ReadHive4UsingLegacyConversion(String)[2899]" classname="org.apache.hadoop.hive.ql.io.parquet.serde.TestParquetTimestampsHive2Compatibility" time="0"/>
  <testcase name="testWriteHive4ReadHive4UsingLegacyConversion(String)[2900]" classname="org.apache.hadoop.hive.ql.io.parquet.serde.TestParquetTimestampsHive2Compatibility" time="0"/>
  <testcase name="testWriteHive4ReadHive4UsingLegacyConversion(String)[2901]" classname="org.apache.hadoop.hive.ql.io.parquet.serde.TestParquetTimestampsHive2Compatibility" time="0"/>
  <testcase name="testWriteHive4ReadHive4UsingLegacyConversion(String)[2902]" classname="org.apache.hadoop.hive.ql.io.parquet.serde.TestParquetTimestampsHive2Compatibility" time="0"/>
  <testcase name="testWriteHive4ReadHive4UsingLegacyConversion(String)[2903]" classname="org.apache.hadoop.hive.ql.io.parquet.serde.TestParquetTimestampsHive2Compatibility" time="0"/>
  <testcase name="testWriteHive4ReadHive4UsingLegacyConversion(String)[2904]" classname="org.apache.hadoop.hive.ql.io.parquet.serde.TestParquetTimestampsHive2Compatibility" time="0"/>
  <testcase name="testWriteHive4ReadHive4UsingLegacyConversion(String)[2905]" classname="org.apache.hadoop.hive.ql.io.parquet.serde.TestParquetTimestampsHive2Compatibility" time="0"/>
  <testcase name="testWriteHive4ReadHive4UsingLegacyConversion(String)[2906]" classname="org.apache.hadoop.hive.ql.io.parquet.serde.TestParquetTimestampsHive2Compatibility" time="0"/>
  <testcase name="testWriteHive4ReadHive4UsingLegacyConversion(String)[2907]" classname="org.apache.hadoop.hive.ql.io.parquet.serde.TestParquetTimestampsHive2Compatibility" time="0"/>
  <testcase name="testWriteHive4ReadHive4UsingLegacyConversion(String)[2908]" classname="org.apache.hadoop.hive.ql.io.parquet.serde.TestParquetTimestampsHive2Compatibility" time="0"/>
  <testcase name="testWriteHive4ReadHive4UsingLegacyConversion(String)[2909]" classname="org.apache.hadoop.hive.ql.io.parquet.serde.TestParquetTimestampsHive2Compatibility" time="0"/>
  <testcase name="testWriteHive4ReadHive4UsingLegacyConversion(String)[2910]" classname="org.apache.hadoop.hive.ql.io.parquet.serde.TestParquetTimestampsHive2Compatibility" time="0"/>
  <testcase name="testWriteHive4ReadHive4UsingLegacyConversion(String)[2911]" classname="org.apache.hadoop.hive.ql.io.parquet.serde.TestParquetTimestampsHive2Compatibility" time="0"/>
  <testcase name="testWriteHive4ReadHive4UsingLegacyConversion(String)[2912]" classname="org.apache.hadoop.hive.ql.io.parquet.serde.TestParquetTimestampsHive2Compatibility" time="0"/>
  <testcase name="testWriteHive4ReadHive4UsingLegacyConversion(String)[2913]" classname="org.apache.hadoop.hive.ql.io.parquet.serde.TestParquetTimestampsHive2Compatibility" time="0"/>
  <testcase name="testWriteHive4ReadHive4UsingLegacyConversion(String)[2914]" classname="org.apache.hadoop.hive.ql.io.parquet.serde.TestParquetTimestampsHive2Compatibility" time="0"/>
  <testcase name="testWriteHive4ReadHive4UsingLegacyConversion(String)[2915]" classname="org.apache.hadoop.hive.ql.io.parquet.serde.TestParquetTimestampsHive2Compatibility" time="0"/>
  <testcase name="testWriteHive4ReadHive4UsingLegacyConversion(String)[2916]" classname="org.apache.hadoop.hive.ql.io.parquet.serde.TestParquetTimestampsHive2Compatibility" time="0"/>
  <testcase name="testWriteHive4ReadHive4UsingLegacyConversion(String)[2917]" classname="org.apache.hadoop.hive.ql.io.parquet.serde.TestParquetTimestampsHive2Compatibility" time="0"/>
  <testcase name="testWriteHive4ReadHive4UsingLegacyConversion(String)[2918]" classname="org.apache.hadoop.hive.ql.io.parquet.serde.TestParquetTimestampsHive2Compatibility" time="0.001"/>
  <testcase name="testWriteHive4ReadHive4UsingLegacyConversion(String)[2919]" classname="org.apache.hadoop.hive.ql.io.parquet.serde.TestParquetTimestampsHive2Compatibility" time="0"/>
  <testcase name="testWriteHive4ReadHive4UsingLegacyConversion(String)[2920]" classname="org.apache.hadoop.hive.ql.io.parquet.serde.TestParquetTimestampsHive2Compatibility" time="0"/>
  <testcase name="testWriteHive4ReadHive4UsingLegacyConversion(String)[2921]" classname="org.apache.hadoop.hive.ql.io.parquet.serde.TestParquetTimestampsHive2Compatibility" time="0"/>
  <testcase name="testWriteHive4ReadHive4UsingLegacyConversion(String)[2922]" classname="org.apache.hadoop.hive.ql.io.parquet.serde.TestParquetTimestampsHive2Compatibility" time="0.001"/>
  <testcase name="testWriteHive4ReadHive4UsingLegacyConversion(String)[2923]" classname="org.apache.hadoop.hive.ql.io.parquet.serde.TestParquetTimestampsHive2Compatibility" time="0"/>
  <testcase name="testWriteHive4ReadHive4UsingLegacyConversion(String)[2924]" classname="org.apache.hadoop.hive.ql.io.parquet.serde.TestParquetTimestampsHive2Compatibility" time="0"/>
  <testcase name="testWriteHive4ReadHive4UsingLegacyConversion(String)[2925]" classname="org.apache.hadoop.hive.ql.io.parquet.serde.TestParquetTimestampsHive2Compatibility" time="0"/>
  <testcase name="testWriteHive4ReadHive4UsingLegacyConversion(String)[2926]" classname="org.apache.hadoop.hive.ql.io.parquet.serde.TestParquetTimestampsHive2Compatibility" time="0.001"/>
  <testcase name="testWriteHive4ReadHive4UsingLegacyConversion(String)[2927]" classname="org.apache.hadoop.hive.ql.io.parquet.serde.TestParquetTimestampsHive2Compatibility" time="0"/>
  <testcase name="testWriteHive4ReadHive4UsingLegacyConversion(String)[2928]" classname="org.apache.hadoop.hive.ql.io.parquet.serde.TestParquetTimestampsHive2Compatibility" time="0"/>
  <testcase name="testWriteHive4ReadHive4UsingLegacyConversion(String)[2929]" classname="org.apache.hadoop.hive.ql.io.parquet.serde.TestParquetTimestampsHive2Compatibility" time="0"/>
  <testcase name="testWriteHive4ReadHive4UsingLegacyConversion(String)[2930]" classname="org.apache.hadoop.hive.ql.io.parquet.serde.TestParquetTimestampsHive2Compatibility" time="0.001"/>
  <testcase name="testWriteHive4ReadHive4UsingLegacyConversion(String)[2931]" classname="org.apache.hadoop.hive.ql.io.parquet.serde.TestParquetTimestampsHive2Compatibility" time="0"/>
  <testcase name="testWriteHive4ReadHive4UsingLegacyConversion(String)[2932]" classname="org.apache.hadoop.hive.ql.io.parquet.serde.TestParquetTimestampsHive2Compatibility" time="0"/>
  <testcase name="testWriteHive4ReadHive4UsingLegacyConversion(String)[2933]" classname="org.apache.hadoop.hive.ql.io.parquet.serde.TestParquetTimestampsHive2Compatibility" time="0"/>
  <testcase name="testWriteHive4ReadHive4UsingLegacyConversion(String)[2934]" classname="org.apache.hadoop.hive.ql.io.parquet.serde.TestParquetTimestampsHive2Compatibility" time="0.001"/>
  <testcase name="testWriteHive4ReadHive4UsingLegacyConversion(String)[2935]" classname="org.apache.hadoop.hive.ql.io.parquet.serde.TestParquetTimestampsHive2Compatibility" time="0"/>
  <testcase name="testWriteHive4ReadHive4UsingLegacyConversion(String)[2936]" classname="org.apache.hadoop.hive.ql.io.parquet.serde.TestParquetTimestampsHive2Compatibility" time="0"/>
  <testcase name="testWriteHive4ReadHive4UsingLegacyConversion(String)[2937]" classname="org.apache.hadoop.hive.ql.io.parquet.serde.TestParquetTimestampsHive2Compatibility" time="0"/>
  <testcase name="testWriteHive4ReadHive4UsingLegacyConversion(String)[2938]" classname="org.apache.hadoop.hive.ql.io.parquet.serde.TestParquetTimestampsHive2Compatibility" time="0.001"/>
  <testcase name="testWriteHive4ReadHive4UsingLegacyConversion(String)[2939]" classname="org.apache.hadoop.hive.ql.io.parquet.serde.TestParquetTimestampsHive2Compatibility" time="0"/>
  <testcase name="testWriteHive4ReadHive4UsingLegacyConversion(String)[2940]" classname="org.apache.hadoop.hive.ql.io.parquet.serde.TestParquetTimestampsHive2Compatibility" time="0"/>
  <testcase name="testWriteHive4ReadHive4UsingLegacyConversion(String)[2941]" classname="org.apache.hadoop.hive.ql.io.parquet.serde.TestParquetTimestampsHive2Compatibility" time="0"/>
  <testcase name="testWriteHive4ReadHive4UsingLegacyConversion(String)[2942]" classname="org.apache.hadoop.hive.ql.io.parquet.serde.TestParquetTimestampsHive2Compatibility" time="0.001"/>
  <testcase name="testWriteHive4ReadHive4UsingLegacyConversion(String)[2943]" classname="org.apache.hadoop.hive.ql.io.parquet.serde.TestParquetTimestampsHive2Compatibility" time="0"/>
  <testcase name="testWriteHive4ReadHive4UsingLegacyConversion(String)[2944]" classname="org.apache.hadoop.hive.ql.io.parquet.serde.TestParquetTimestampsHive2Compatibility" time="0"/>
  <testcase name="testWriteHive4ReadHive4UsingLegacyConversion(String)[2945]" classname="org.apache.hadoop.hive.ql.io.parquet.serde.TestParquetTimestampsHive2Compatibility" time="0"/>
  <testcase name="testWriteHive4ReadHive4UsingLegacyConversion(String)[2946]" classname="org.apache.hadoop.hive.ql.io.parquet.serde.TestParquetTimestampsHive2Compatibility" time="0.001"/>
  <testcase name="testWriteHive4ReadHive4UsingLegacyConversion(String)[2947]" classname="org.apache.hadoop.hive.ql.io.parquet.serde.TestParquetTimestampsHive2Compatibility" time="0"/>
  <testcase name="testWriteHive4ReadHive4UsingLegacyConversion(String)[2948]" classname="org.apache.hadoop.hive.ql.io.parquet.serde.TestParquetTimestampsHive2Compatibility" time="0"/>
  <testcase name="testWriteHive4ReadHive4UsingLegacyConversion(String)[2949]" classname="org.apache.hadoop.hive.ql.io.parquet.serde.TestParquetTimestampsHive2Compatibility" time="0"/>
  <testcase name="testWriteHive4ReadHive4UsingLegacyConversion(String)[2950]" classname="org.apache.hadoop.hive.ql.io.parquet.serde.TestParquetTimestampsHive2Compatibility" time="0"/>
  <testcase name="testWriteHive4ReadHive4UsingLegacyConversion(String)[2951]" classname="org.apache.hadoop.hive.ql.io.parquet.serde.TestParquetTimestampsHive2Compatibility" time="0"/>
  <testcase name="testWriteHive4ReadHive4UsingLegacyConversion(String)[2952]" classname="org.apache.hadoop.hive.ql.io.parquet.serde.TestParquetTimestampsHive2Compatibility" time="0"/>
  <testcase name="testWriteHive4ReadHive4UsingLegacyConversion(String)[2953]" classname="org.apache.hadoop.hive.ql.io.parquet.serde.TestParquetTimestampsHive2Compatibility" time="0"/>
  <testcase name="testWriteHive4ReadHive4UsingLegacyConversion(String)[2954]" classname="org.apache.hadoop.hive.ql.io.parquet.serde.TestParquetTimestampsHive2Compatibility" time="0"/>
  <testcase name="testWriteHive4ReadHive4UsingLegacyConversion(String)[2955]" classname="org.apache.hadoop.hive.ql.io.parquet.serde.TestParquetTimestampsHive2Compatibility" time="0"/>
  <testcase name="testWriteHive4ReadHive4UsingLegacyConversion(String)[2956]" classname="org.apache.hadoop.hive.ql.io.parquet.serde.TestParquetTimestampsHive2Compatibility" time="0"/>
  <testcase name="testWriteHive4ReadHive4UsingLegacyConversion(String)[2957]" classname="org.apache.hadoop.hive.ql.io.parquet.serde.TestParquetTimestampsHive2Compatibility" time="0"/>
  <testcase name="testWriteHive4ReadHive4UsingLegacyConversion(String)[2958]" classname="org.apache.hadoop.hive.ql.io.parquet.serde.TestParquetTimestampsHive2Compatibility" time="0"/>
  <testcase name="testWriteHive4ReadHive4UsingLegacyConversion(String)[2959]" classname="org.apache.hadoop.hive.ql.io.parquet.serde.TestParquetTimestampsHive2Compatibility" time="0"/>
  <testcase name="testWriteHive4ReadHive4UsingLegacyConversion(String)[2960]" classname="org.apache.hadoop.hive.ql.io.parquet.serde.TestParquetTimestampsHive2Compatibility" time="0"/>
  <testcase name="testWriteHive4ReadHive4UsingLegacyConversion(String)[2961]" classname="org.apache.hadoop.hive.ql.io.parquet.serde.TestParquetTimestampsHive2Compatibility" time="0"/>
  <testcase name="testWriteHive4ReadHive4UsingLegacyConversion(String)[2962]" classname="org.apache.hadoop.hive.ql.io.parquet.serde.TestParquetTimestampsHive2Compatibility" time="0"/>
  <testcase name="testWriteHive4ReadHive4UsingLegacyConversion(String)[2963]" classname="org.apache.hadoop.hive.ql.io.parquet.serde.TestParquetTimestampsHive2Compatibility" time="0"/>
  <testcase name="testWriteHive4ReadHive4UsingLegacyConversion(String)[2964]" classname="org.apache.hadoop.hive.ql.io.parquet.serde.TestParquetTimestampsHive2Compatibility" time="0"/>
  <testcase name="testWriteHive4ReadHive4UsingLegacyConversion(String)[2965]" classname="org.apache.hadoop.hive.ql.io.parquet.serde.TestParquetTimestampsHive2Compatibility" time="0.001"/>
  <testcase name="testWriteHive4ReadHive4UsingLegacyConversion(String)[2966]" classname="org.apache.hadoop.hive.ql.io.parquet.serde.TestParquetTimestampsHive2Compatibility" time="0"/>
  <testcase name="testWriteHive4ReadHive4UsingLegacyConversion(String)[2967]" classname="org.apache.hadoop.hive.ql.io.parquet.serde.TestParquetTimestampsHive2Compatibility" time="0"/>
  <testcase name="testWriteHive4ReadHive4UsingLegacyConversion(String)[2968]" classname="org.apache.hadoop.hive.ql.io.parquet.serde.TestParquetTimestampsHive2Compatibility" time="0.001"/>
  <testcase name="testWriteHive4ReadHive4UsingLegacyConversion(String)[2969]" classname="org.apache.hadoop.hive.ql.io.parquet.serde.TestParquetTimestampsHive2Compatibility" time="0"/>
  <testcase name="testWriteHive4ReadHive4UsingLegacyConversion(String)[2970]" classname="org.apache.hadoop.hive.ql.io.parquet.serde.TestParquetTimestampsHive2Compatibility" time="0"/>
  <testcase name="testWriteHive4ReadHive4UsingLegacyConversion(String)[2971]" classname="org.apache.hadoop.hive.ql.io.parquet.serde.TestParquetTimestampsHive2Compatibility" time="0.001"/>
  <testcase name="testWriteHive4ReadHive4UsingLegacyConversion(String)[2972]" classname="org.apache.hadoop.hive.ql.io.parquet.serde.TestParquetTimestampsHive2Compatibility" time="0"/>
  <testcase name="testWriteHive4ReadHive4UsingLegacyConversion(String)[2973]" classname="org.apache.hadoop.hive.ql.io.parquet.serde.TestParquetTimestampsHive2Compatibility" time="0"/>
  <testcase name="testWriteHive4ReadHive4UsingLegacyConversion(String)[2974]" classname="org.apache.hadoop.hive.ql.io.parquet.serde.TestParquetTimestampsHive2Compatibility" time="0"/>
  <testcase name="testWriteHive4ReadHive4UsingLegacyConversion(String)[2975]" classname="org.apache.hadoop.hive.ql.io.parquet.serde.TestParquetTimestampsHive2Compatibility" time="0"/>
  <testcase name="testWriteHive4ReadHive4UsingLegacyConversion(String)[2976]" classname="org.apache.hadoop.hive.ql.io.parquet.serde.TestParquetTimestampsHive2Compatibility" time="0"/>
  <testcase name="testWriteHive4ReadHive4UsingLegacyConversion(String)[2977]" classname="org.apache.hadoop.hive.ql.io.parquet.serde.TestParquetTimestampsHive2Compatibility" time="0"/>
  <testcase name="testWriteHive4ReadHive4UsingLegacyConversion(String)[2978]" classname="org.apache.hadoop.hive.ql.io.parquet.serde.TestParquetTimestampsHive2Compatibility" time="0.001"/>
  <testcase name="testWriteHive4ReadHive4UsingLegacyConversion(String)[2979]" classname="org.apache.hadoop.hive.ql.io.parquet.serde.TestParquetTimestampsHive2Compatibility" time="0"/>
  <testcase name="testWriteHive4ReadHive4UsingLegacyConversion(String)[2980]" classname="org.apache.hadoop.hive.ql.io.parquet.serde.TestParquetTimestampsHive2Compatibility" time="0"/>
  <testcase name="testWriteHive4ReadHive4UsingLegacyConversion(String)[2981]" classname="org.apache.hadoop.hive.ql.io.parquet.serde.TestParquetTimestampsHive2Compatibility" time="0"/>
  <testcase name="testWriteHive4ReadHive4UsingLegacyConversion(String)[2982]" classname="org.apache.hadoop.hive.ql.io.parquet.serde.TestParquetTimestampsHive2Compatibility" time="0"/>
  <testcase name="testWriteHive4ReadHive4UsingLegacyConversion(String)[2983]" classname="org.apache.hadoop.hive.ql.io.parquet.serde.TestParquetTimestampsHive2Compatibility" time="0"/>
  <testcase name="testWriteHive4ReadHive4UsingLegacyConversion(String)[2984]" classname="org.apache.hadoop.hive.ql.io.parquet.serde.TestParquetTimestampsHive2Compatibility" time="0"/>
  <testcase name="testWriteHive4ReadHive4UsingLegacyConversion(String)[2985]" classname="org.apache.hadoop.hive.ql.io.parquet.serde.TestParquetTimestampsHive2Compatibility" time="0"/>
  <testcase name="testWriteHive4ReadHive4UsingLegacyConversion(String)[2986]" classname="org.apache.hadoop.hive.ql.io.parquet.serde.TestParquetTimestampsHive2Compatibility" time="0"/>
  <testcase name="testWriteHive4ReadHive4UsingLegacyConversion(String)[2987]" classname="org.apache.hadoop.hive.ql.io.parquet.serde.TestParquetTimestampsHive2Compatibility" time="0.001"/>
  <testcase name="testWriteHive4ReadHive4UsingLegacyConversion(String)[2988]" classname="org.apache.hadoop.hive.ql.io.parquet.serde.TestParquetTimestampsHive2Compatibility" time="0"/>
  <testcase name="testWriteHive4ReadHive4UsingLegacyConversion(String)[2989]" classname="org.apache.hadoop.hive.ql.io.parquet.serde.TestParquetTimestampsHive2Compatibility" time="0"/>
  <testcase name="testWriteHive4ReadHive4UsingLegacyConversion(String)[2990]" classname="org.apache.hadoop.hive.ql.io.parquet.serde.TestParquetTimestampsHive2Compatibility" time="0.001"/>
  <testcase name="testWriteHive4ReadHive4UsingLegacyConversion(String)[2991]" classname="org.apache.hadoop.hive.ql.io.parquet.serde.TestParquetTimestampsHive2Compatibility" time="0"/>
  <testcase name="testWriteHive4ReadHive4UsingLegacyConversion(String)[2992]" classname="org.apache.hadoop.hive.ql.io.parquet.serde.TestParquetTimestampsHive2Compatibility" time="0"/>
  <testcase name="testWriteHive4ReadHive4UsingLegacyConversion(String)[2993]" classname="org.apache.hadoop.hive.ql.io.parquet.serde.TestParquetTimestampsHive2Compatibility" time="0"/>
  <testcase name="testWriteHive4ReadHive4UsingLegacyConversion(String)[2994]" classname="org.apache.hadoop.hive.ql.io.parquet.serde.TestParquetTimestampsHive2Compatibility" time="0"/>
  <testcase name="testWriteHive4ReadHive4UsingLegacyConversion(String)[2995]" classname="org.apache.hadoop.hive.ql.io.parquet.serde.TestParquetTimestampsHive2Compatibility" time="0"/>
  <testcase name="testWriteHive4ReadHive4UsingLegacyConversion(String)[2996]" classname="org.apache.hadoop.hive.ql.io.parquet.serde.TestParquetTimestampsHive2Compatibility" time="0"/>
  <testcase name="testWriteHive4ReadHive4UsingLegacyConversion(String)[2997]" classname="org.apache.hadoop.hive.ql.io.parquet.serde.TestParquetTimestampsHive2Compatibility" time="0"/>
  <testcase name="testWriteHive4ReadHive4UsingLegacyConversion(String)[2998]" classname="org.apache.hadoop.hive.ql.io.parquet.serde.TestParquetTimestampsHive2Compatibility" time="0"/>
  <testcase name="testWriteHive4ReadHive4UsingLegacyConversion(String)[2999]" classname="org.apache.hadoop.hive.ql.io.parquet.serde.TestParquetTimestampsHive2Compatibility" time="0"/>
  <testcase name="testWriteHive4ReadHive4UsingLegacyConversion(String)[3000]" classname="org.apache.hadoop.hive.ql.io.parquet.serde.TestParquetTimestampsHive2Compatibility" time="0.001"/>
  <testcase name="testWriteHive4ReadHive4UsingNewConversion(String)[1]" classname="org.apache.hadoop.hive.ql.io.parquet.serde.TestParquetTimestampsHive2Compatibility" time="0.001"/>
  <testcase name="testWriteHive4ReadHive4UsingNewConversion(String)[2]" classname="org.apache.hadoop.hive.ql.io.parquet.serde.TestParquetTimestampsHive2Compatibility" time="0"/>
  <testcase name="testWriteHive4ReadHive4UsingNewConversion(String)[3]" classname="org.apache.hadoop.hive.ql.io.parquet.serde.TestParquetTimestampsHive2Compatibility" time="0"/>
  <testcase name="testWriteHive4ReadHive4UsingNewConversion(String)[4]" classname="org.apache.hadoop.hive.ql.io.parquet.serde.TestParquetTimestampsHive2Compatibility" time="0"/>
  <testcase name="testWriteHive4ReadHive4UsingNewConversion(String)[5]" classname="org.apache.hadoop.hive.ql.io.parquet.serde.TestParquetTimestampsHive2Compatibility" time="0"/>
  <testcase name="testWriteHive4ReadHive4UsingNewConversion(String)[6]" classname="org.apache.hadoop.hive.ql.io.parquet.serde.TestParquetTimestampsHive2Compatibility" time="0"/>
  <testcase name="testWriteHive4ReadHive4UsingNewConversion(String)[7]" classname="org.apache.hadoop.hive.ql.io.parquet.serde.TestParquetTimestampsHive2Compatibility" time="0"/>
  <testcase name="testWriteHive4ReadHive4UsingNewConversion(String)[8]" classname="org.apache.hadoop.hive.ql.io.parquet.serde.TestParquetTimestampsHive2Compatibility" time="0"/>
  <testcase name="testWriteHive4ReadHive4UsingNewConversion(String)[9]" classname="org.apache.hadoop.hive.ql.io.parquet.serde.TestParquetTimestampsHive2Compatibility" time="0"/>
  <testcase name="testWriteHive4ReadHive4UsingNewConversion(String)[10]" classname="org.apache.hadoop.hive.ql.io.parquet.serde.TestParquetTimestampsHive2Compatibility" time="0"/>
  <testcase name="testWriteHive4ReadHive4UsingNewConversion(String)[11]" classname="org.apache.hadoop.hive.ql.io.parquet.serde.TestParquetTimestampsHive2Compatibility" time="0"/>
  <testcase name="testWriteHive4ReadHive4UsingNewConversion(String)[12]" classname="org.apache.hadoop.hive.ql.io.parquet.serde.TestParquetTimestampsHive2Compatibility" time="0"/>
  <testcase name="testWriteHive4ReadHive4UsingNewConversion(String)[13]" classname="org.apache.hadoop.hive.ql.io.parquet.serde.TestParquetTimestampsHive2Compatibility" time="0"/>
  <testcase name="testWriteHive4ReadHive4UsingNewConversion(String)[14]" classname="org.apache.hadoop.hive.ql.io.parquet.serde.TestParquetTimestampsHive2Compatibility" time="0"/>
  <testcase name="testWriteHive4ReadHive4UsingNewConversion(String)[15]" classname="org.apache.hadoop.hive.ql.io.parquet.serde.TestParquetTimestampsHive2Compatibility" time="0.001"/>
  <testcase name="testWriteHive4ReadHive4UsingNewConversion(String)[16]" classname="org.apache.hadoop.hive.ql.io.parquet.serde.TestParquetTimestampsHive2Compatibility" time="0"/>
  <testcase name="testWriteHive4ReadHive4UsingNewConversion(String)[17]" classname="org.apache.hadoop.hive.ql.io.parquet.serde.TestParquetTimestampsHive2Compatibility" time="0.001"/>
  <testcase name="testWriteHive4ReadHive4UsingNewConversion(String)[18]" classname="org.apache.hadoop.hive.ql.io.parquet.serde.TestParquetTimestampsHive2Compatibility" time="0"/>
  <testcase name="testWriteHive4ReadHive4UsingNewConversion(String)[19]" classname="org.apache.hadoop.hive.ql.io.parquet.serde.TestParquetTimestampsHive2Compatibility" time="0.001"/>
  <testcase name="testWriteHive4ReadHive4UsingNewConversion(String)[20]" classname="org.apache.hadoop.hive.ql.io.parquet.serde.TestParquetTimestampsHive2Compatibility" time="0"/>
  <testcase name="testWriteHive4ReadHive4UsingNewConversion(String)[21]" classname="org.apache.hadoop.hive.ql.io.parquet.serde.TestParquetTimestampsHive2Compatibility" time="0"/>
  <testcase name="testWriteHive4ReadHive4UsingNewConversion(String)[22]" classname="org.apache.hadoop.hive.ql.io.parquet.serde.TestParquetTimestampsHive2Compatibility" time="0"/>
  <testcase name="testWriteHive4ReadHive4UsingNewConversion(String)[23]" classname="org.apache.hadoop.hive.ql.io.parquet.serde.TestParquetTimestampsHive2Compatibility" time="0.001"/>
  <testcase name="testWriteHive4ReadHive4UsingNewConversion(String)[24]" classname="org.apache.hadoop.hive.ql.io.parquet.serde.TestParquetTimestampsHive2Compatibility" time="0"/>
  <testcase name="testWriteHive4ReadHive4UsingNewConversion(String)[25]" classname="org.apache.hadoop.hive.ql.io.parquet.serde.TestParquetTimestampsHive2Compatibility" time="0"/>
  <testcase name="testWriteHive4ReadHive4UsingNewConversion(String)[26]" classname="org.apache.hadoop.hive.ql.io.parquet.serde.TestParquetTimestampsHive2Compatibility" time="0"/>
  <testcase name="testWriteHive4ReadHive4UsingNewConversion(String)[27]" classname="org.apache.hadoop.hive.ql.io.parquet.serde.TestParquetTimestampsHive2Compatibility" time="0.001"/>
  <testcase name="testWriteHive4ReadHive4UsingNewConversion(String)[28]" classname="org.apache.hadoop.hive.ql.io.parquet.serde.TestParquetTimestampsHive2Compatibility" time="0"/>
  <testcase name="testWriteHive4ReadHive4UsingNewConversion(String)[29]" classname="org.apache.hadoop.hive.ql.io.parquet.serde.TestParquetTimestampsHive2Compatibility" time="0"/>
  <testcase name="testWriteHive4ReadHive4UsingNewConversion(String)[30]" classname="org.apache.hadoop.hive.ql.io.parquet.serde.TestParquetTimestampsHive2Compatibility" time="0"/>
  <testcase name="testWriteHive4ReadHive4UsingNewConversion(String)[31]" classname="org.apache.hadoop.hive.ql.io.parquet.serde.TestParquetTimestampsHive2Compatibility" time="0.001"/>
  <testcase name="testWriteHive4ReadHive4UsingNewConversion(String)[32]" classname="org.apache.hadoop.hive.ql.io.parquet.serde.TestParquetTimestampsHive2Compatibility" time="0"/>
  <testcase name="testWriteHive4ReadHive4UsingNewConversion(String)[33]" classname="org.apache.hadoop.hive.ql.io.parquet.serde.TestParquetTimestampsHive2Compatibility" time="0"/>
  <testcase name="testWriteHive4ReadHive4UsingNewConversion(String)[34]" classname="org.apache.hadoop.hive.ql.io.parquet.serde.TestParquetTimestampsHive2Compatibility" time="0"/>
  <testcase name="testWriteHive4ReadHive4UsingNewConversion(String)[35]" classname="org.apache.hadoop.hive.ql.io.parquet.serde.TestParquetTimestampsHive2Compatibility" time="0"/>
  <testcase name="testWriteHive4ReadHive4UsingNewConversion(String)[36]" classname="org.apache.hadoop.hive.ql.io.parquet.serde.TestParquetTimestampsHive2Compatibility" time="0"/>
  <testcase name="testWriteHive4ReadHive4UsingNewConversion(String)[37]" classname="org.apache.hadoop.hive.ql.io.parquet.serde.TestParquetTimestampsHive2Compatibility" time="0"/>
  <testcase name="testWriteHive4ReadHive4UsingNewConversion(String)[38]" classname="org.apache.hadoop.hive.ql.io.parquet.serde.TestParquetTimestampsHive2Compatibility" time="0.001"/>
  <testcase name="testWriteHive4ReadHive4UsingNewConversion(String)[39]" classname="org.apache.hadoop.hive.ql.io.parquet.serde.TestParquetTimestampsHive2Compatibility" time="0"/>
  <testcase name="testWriteHive4ReadHive4UsingNewConversion(String)[40]" classname="org.apache.hadoop.hive.ql.io.parquet.serde.TestParquetTimestampsHive2Compatibility" time="0"/>
  <testcase name="testWriteHive4ReadHive4UsingNewConversion(String)[41]" classname="org.apache.hadoop.hive.ql.io.parquet.serde.TestParquetTimestampsHive2Compatibility" time="0.001"/>
  <testcase name="testWriteHive4ReadHive4UsingNewConversion(String)[42]" classname="org.apache.hadoop.hive.ql.io.parquet.serde.TestParquetTimestampsHive2Compatibility" time="0"/>
  <testcase name="testWriteHive4ReadHive4UsingNewConversion(String)[43]" classname="org.apache.hadoop.hive.ql.io.parquet.serde.TestParquetTimestampsHive2Compatibility" time="0"/>
  <testcase name="testWriteHive4ReadHive4UsingNewConversion(String)[44]" classname="org.apache.hadoop.hive.ql.io.parquet.serde.TestParquetTimestampsHive2Compatibility" time="0.001"/>
  <testcase name="testWriteHive4ReadHive4UsingNewConversion(String)[45]" classname="org.apache.hadoop.hive.ql.io.parquet.serde.TestParquetTimestampsHive2Compatibility" time="0"/>
  <testcase name="testWriteHive4ReadHive4UsingNewConversion(String)[46]" classname="org.apache.hadoop.hive.ql.io.parquet.serde.TestParquetTimestampsHive2Compatibility" time="0"/>
  <testcase name="testWriteHive4ReadHive4UsingNewConversion(String)[47]" classname="org.apache.hadoop.hive.ql.io.parquet.serde.TestParquetTimestampsHive2Compatibility" time="0.001"/>
  <testcase name="testWriteHive4ReadHive4UsingNewConversion(String)[48]" classname="org.apache.hadoop.hive.ql.io.parquet.serde.TestParquetTimestampsHive2Compatibility" time="0"/>
  <testcase name="testWriteHive4ReadHive4UsingNewConversion(String)[49]" classname="org.apache.hadoop.hive.ql.io.parquet.serde.TestParquetTimestampsHive2Compatibility" time="0"/>
  <testcase name="testWriteHive4ReadHive4UsingNewConversion(String)[50]" classname="org.apache.hadoop.hive.ql.io.parquet.serde.TestParquetTimestampsHive2Compatibility" time="0"/>
  <testcase name="testWriteHive4ReadHive4UsingNewConversion(String)[51]" classname="org.apache.hadoop.hive.ql.io.parquet.serde.TestParquetTimestampsHive2Compatibility" time="0"/>
  <testcase name="testWriteHive4ReadHive4UsingNewConversion(String)[52]" classname="org.apache.hadoop.hive.ql.io.parquet.serde.TestParquetTimestampsHive2Compatibility" time="0"/>
  <testcase name="testWriteHive4ReadHive4UsingNewConversion(String)[53]" classname="org.apache.hadoop.hive.ql.io.parquet.serde.TestParquetTimestampsHive2Compatibility" time="0"/>
  <testcase name="testWriteHive4ReadHive4UsingNewConversion(String)[54]" classname="org.apache.hadoop.hive.ql.io.parquet.serde.TestParquetTimestampsHive2Compatibility" time="0"/>
  <testcase name="testWriteHive4ReadHive4UsingNewConversion(String)[55]" classname="org.apache.hadoop.hive.ql.io.parquet.serde.TestParquetTimestampsHive2Compatibility" time="0"/>
  <testcase name="testWriteHive4ReadHive4UsingNewConversion(String)[56]" classname="org.apache.hadoop.hive.ql.io.parquet.serde.TestParquetTimestampsHive2Compatibility" time="0"/>
  <testcase name="testWriteHive4ReadHive4UsingNewConversion(String)[57]" classname="org.apache.hadoop.hive.ql.io.parquet.serde.TestParquetTimestampsHive2Compatibility" time="0.001"/>
  <testcase name="testWriteHive4ReadHive4UsingNewConversion(String)[58]" classname="org.apache.hadoop.hive.ql.io.parquet.serde.TestParquetTimestampsHive2Compatibility" time="0"/>
  <testcase name="testWriteHive4ReadHive4UsingNewConversion(String)[59]" classname="org.apache.hadoop.hive.ql.io.parquet.serde.TestParquetTimestampsHive2Compatibility" time="0"/>
  <testcase name="testWriteHive4ReadHive4UsingNewConversion(String)[60]" classname="org.apache.hadoop.hive.ql.io.parquet.serde.TestParquetTimestampsHive2Compatibility" time="0"/>
  <testcase name="testWriteHive4ReadHive4UsingNewConversion(String)[61]" classname="org.apache.hadoop.hive.ql.io.parquet.serde.TestParquetTimestampsHive2Compatibility" time="0"/>
  <testcase name="testWriteHive4ReadHive4UsingNewConversion(String)[62]" classname="org.apache.hadoop.hive.ql.io.parquet.serde.TestParquetTimestampsHive2Compatibility" time="0"/>
  <testcase name="testWriteHive4ReadHive4UsingNewConversion(String)[63]" classname="org.apache.hadoop.hive.ql.io.parquet.serde.TestParquetTimestampsHive2Compatibility" time="0.001"/>
  <testcase name="testWriteHive4ReadHive4UsingNewConversion(String)[64]" classname="org.apache.hadoop.hive.ql.io.parquet.serde.TestParquetTimestampsHive2Compatibility" time="0"/>
  <testcase name="testWriteHive4ReadHive4UsingNewConversion(String)[65]" classname="org.apache.hadoop.hive.ql.io.parquet.serde.TestParquetTimestampsHive2Compatibility" time="0"/>
  <testcase name="testWriteHive4ReadHive4UsingNewConversion(String)[66]" classname="org.apache.hadoop.hive.ql.io.parquet.serde.TestParquetTimestampsHive2Compatibility" time="0.001"/>
  <testcase name="testWriteHive4ReadHive4UsingNewConversion(String)[67]" classname="org.apache.hadoop.hive.ql.io.parquet.serde.TestParquetTimestampsHive2Compatibility" time="0"/>
  <testcase name="testWriteHive4ReadHive4UsingNewConversion(String)[68]" classname="org.apache.hadoop.hive.ql.io.parquet.serde.TestParquetTimestampsHive2Compatibility" time="0"/>
  <testcase name="testWriteHive4ReadHive4UsingNewConversion(String)[69]" classname="org.apache.hadoop.hive.ql.io.parquet.serde.TestParquetTimestampsHive2Compatibility" time="0"/>
  <testcase name="testWriteHive4ReadHive4UsingNewConversion(String)[70]" classname="org.apache.hadoop.hive.ql.io.parquet.serde.TestParquetTimestampsHive2Compatibility" time="0.001"/>
  <testcase name="testWriteHive4ReadHive4UsingNewConversion(String)[71]" classname="org.apache.hadoop.hive.ql.io.parquet.serde.TestParquetTimestampsHive2Compatibility" time="0"/>
  <testcase name="testWriteHive4ReadHive4UsingNewConversion(String)[72]" classname="org.apache.hadoop.hive.ql.io.parquet.serde.TestParquetTimestampsHive2Compatibility" time="0"/>
  <testcase name="testWriteHive4ReadHive4UsingNewConversion(String)[73]" classname="org.apache.hadoop.hive.ql.io.parquet.serde.TestParquetTimestampsHive2Compatibility" time="0"/>
  <testcase name="testWriteHive4ReadHive4UsingNewConversion(String)[74]" classname="org.apache.hadoop.hive.ql.io.parquet.serde.TestParquetTimestampsHive2Compatibility" time="0"/>
  <testcase name="testWriteHive4ReadHive4UsingNewConversion(String)[75]" classname="org.apache.hadoop.hive.ql.io.parquet.serde.TestParquetTimestampsHive2Compatibility" time="0"/>
  <testcase name="testWriteHive4ReadHive4UsingNewConversion(String)[76]" classname="org.apache.hadoop.hive.ql.io.parquet.serde.TestParquetTimestampsHive2Compatibility" time="0"/>
  <testcase name="testWriteHive4ReadHive4UsingNewConversion(String)[77]" classname="org.apache.hadoop.hive.ql.io.parquet.serde.TestParquetTimestampsHive2Compatibility" time="0"/>
  <testcase name="testWriteHive4ReadHive4UsingNewConversion(String)[78]" classname="org.apache.hadoop.hive.ql.io.parquet.serde.TestParquetTimestampsHive2Compatibility" time="0"/>
  <testcase name="testWriteHive4ReadHive4UsingNewConversion(String)[79]" classname="org.apache.hadoop.hive.ql.io.parquet.serde.TestParquetTimestampsHive2Compatibility" time="0"/>
  <testcase name="testWriteHive4ReadHive4UsingNewConversion(String)[80]" classname="org.apache.hadoop.hive.ql.io.parquet.serde.TestParquetTimestampsHive2Compatibility" time="0"/>
  <testcase name="testWriteHive4ReadHive4UsingNewConversion(String)[81]" classname="org.apache.hadoop.hive.ql.io.parquet.serde.TestParquetTimestampsHive2Compatibility" time="0"/>
  <testcase name="testWriteHive4ReadHive4UsingNewConversion(String)[82]" classname="org.apache.hadoop.hive.ql.io.parquet.serde.TestParquetTimestampsHive2Compatibility" time="0"/>
  <testcase name="testWriteHive4ReadHive4UsingNewConversion(String)[83]" classname="org.apache.hadoop.hive.ql.io.parquet.serde.TestParquetTimestampsHive2Compatibility" time="0"/>
  <testcase name="testWriteHive4ReadHive4UsingNewConversion(String)[84]" classname="org.apache.hadoop.hive.ql.io.parquet.serde.TestParquetTimestampsHive2Compatibility" time="0"/>
  <testcase name="testWriteHive4ReadHive4UsingNewConversion(String)[85]" classname="org.apache.hadoop.hive.ql.io.parquet.serde.TestParquetTimestampsHive2Compatibility" time="0"/>
  <testcase name="testWriteHive4ReadHive4UsingNewConversion(String)[86]" classname="org.apache.hadoop.hive.ql.io.parquet.serde.TestParquetTimestampsHive2Compatibility" time="0"/>
  <testcase name="testWriteHive4ReadHive4UsingNewConversion(String)[87]" classname="org.apache.hadoop.hive.ql.io.parquet.serde.TestParquetTimestampsHive2Compatibility" time="0"/>
  <testcase name="testWriteHive4ReadHive4UsingNewConversion(String)[88]" classname="org.apache.hadoop.hive.ql.io.parquet.serde.TestParquetTimestampsHive2Compatibility" time="0"/>
  <testcase name="testWriteHive4ReadHive4UsingNewConversion(String)[89]" classname="org.apache.hadoop.hive.ql.io.parquet.serde.TestParquetTimestampsHive2Compatibility" time="0"/>
  <testcase name="testWriteHive4ReadHive4UsingNewConversion(String)[90]" classname="org.apache.hadoop.hive.ql.io.parquet.serde.TestParquetTimestampsHive2Compatibility" time="0.001"/>
  <testcase name="testWriteHive4ReadHive4UsingNewConversion(String)[91]" classname="org.apache.hadoop.hive.ql.io.parquet.serde.TestParquetTimestampsHive2Compatibility" time="0"/>
  <testcase name="testWriteHive4ReadHive4UsingNewConversion(String)[92]" classname="org.apache.hadoop.hive.ql.io.parquet.serde.TestParquetTimestampsHive2Compatibility" time="0"/>
  <testcase name="testWriteHive4ReadHive4UsingNewConversion(String)[93]" classname="org.apache.hadoop.hive.ql.io.parquet.serde.TestParquetTimestampsHive2Compatibility" time="0"/>
  <testcase name="testWriteHive4ReadHive4UsingNewConversion(String)[94]" classname="org.apache.hadoop.hive.ql.io.parquet.serde.TestParquetTimestampsHive2Compatibility" time="0"/>
  <testcase name="testWriteHive4ReadHive4UsingNewConversion(String)[95]" classname="org.apache.hadoop.hive.ql.io.parquet.serde.TestParquetTimestampsHive2Compatibility" time="0"/>
  <testcase name="testWriteHive4ReadHive4UsingNewConversion(String)[96]" classname="org.apache.hadoop.hive.ql.io.parquet.serde.TestParquetTimestampsHive2Compatibility" time="0"/>
  <testcase name="testWriteHive4ReadHive4UsingNewConversion(String)[97]" classname="org.apache.hadoop.hive.ql.io.parquet.serde.TestParquetTimestampsHive2Compatibility" time="0"/>
  <testcase name="testWriteHive4ReadHive4UsingNewConversion(String)[98]" classname="org.apache.hadoop.hive.ql.io.parquet.serde.TestParquetTimestampsHive2Compatibility" time="0.001"/>
  <testcase name="testWriteHive4ReadHive4UsingNewConversion(String)[99]" classname="org.apache.hadoop.hive.ql.io.parquet.serde.TestParquetTimestampsHive2Compatibility" time="0"/>
  <testcase name="testWriteHive4ReadHive4UsingNewConversion(String)[100]" classname="org.apache.hadoop.hive.ql.io.parquet.serde.TestParquetTimestampsHive2Compatibility" time="0"/>
  <testcase name="testWriteHive4ReadHive4UsingNewConversion(String)[101]" classname="org.apache.hadoop.hive.ql.io.parquet.serde.TestParquetTimestampsHive2Compatibility" time="0"/>
  <testcase name="testWriteHive4ReadHive4UsingNewConversion(String)[102]" classname="org.apache.hadoop.hive.ql.io.parquet.serde.TestParquetTimestampsHive2Compatibility" time="0"/>
  <testcase name="testWriteHive4ReadHive4UsingNewConversion(String)[103]" classname="org.apache.hadoop.hive.ql.io.parquet.serde.TestParquetTimestampsHive2Compatibility" time="0"/>
  <testcase name="testWriteHive4ReadHive4UsingNewConversion(String)[104]" classname="org.apache.hadoop.hive.ql.io.parquet.serde.TestParquetTimestampsHive2Compatibility" time="0"/>
  <testcase name="testWriteHive4ReadHive4UsingNewConversion(String)[105]" classname="org.apache.hadoop.hive.ql.io.parquet.serde.TestParquetTimestampsHive2Compatibility" time="0"/>
  <testcase name="testWriteHive4ReadHive4UsingNewConversion(String)[106]" classname="org.apache.hadoop.hive.ql.io.parquet.serde.TestParquetTimestampsHive2Compatibility" time="0"/>
  <testcase name="testWriteHive4ReadHive4UsingNewConversion(String)[107]" classname="org.apache.hadoop.hive.ql.io.parquet.serde.TestParquetTimestampsHive2Compatibility" time="0"/>
  <testcase name="testWriteHive4ReadHive4UsingNewConversion(String)[108]" classname="org.apache.hadoop.hive.ql.io.parquet.serde.TestParquetTimestampsHive2Compatibility" time="0"/>
  <testcase name="testWriteHive4ReadHive4UsingNewConversion(String)[109]" classname="org.apache.hadoop.hive.ql.io.parquet.serde.TestParquetTimestampsHive2Compatibility" time="0"/>
  <testcase name="testWriteHive4ReadHive4UsingNewConversion(String)[110]" classname="org.apache.hadoop.hive.ql.io.parquet.serde.TestParquetTimestampsHive2Compatibility" time="0"/>
  <testcase name="testWriteHive4ReadHive4UsingNewConversion(String)[111]" classname="org.apache.hadoop.hive.ql.io.parquet.serde.TestParquetTimestampsHive2Compatibility" time="0.001"/>
  <testcase name="testWriteHive4ReadHive4UsingNewConversion(String)[112]" classname="org.apache.hadoop.hive.ql.io.parquet.serde.TestParquetTimestampsHive2Compatibility" time="0"/>
  <testcase name="testWriteHive4ReadHive4UsingNewConversion(String)[113]" classname="org.apache.hadoop.hive.ql.io.parquet.serde.TestParquetTimestampsHive2Compatibility" time="0"/>
  <testcase name="testWriteHive4ReadHive4UsingNewConversion(String)[114]" classname="org.apache.hadoop.hive.ql.io.parquet.serde.TestParquetTimestampsHive2Compatibility" time="0"/>
  <testcase name="testWriteHive4ReadHive4UsingNewConversion(String)[115]" classname="org.apache.hadoop.hive.ql.io.parquet.serde.TestParquetTimestampsHive2Compatibility" time="0"/>
  <testcase name="testWriteHive4ReadHive4UsingNewConversion(String)[116]" classname="org.apache.hadoop.hive.ql.io.parquet.serde.TestParquetTimestampsHive2Compatibility" time="0"/>
  <testcase name="testWriteHive4ReadHive4UsingNewConversion(String)[117]" classname="org.apache.hadoop.hive.ql.io.parquet.serde.TestParquetTimestampsHive2Compatibility" time="0"/>
  <testcase name="testWriteHive4ReadHive4UsingNewConversion(String)[118]" classname="org.apache.hadoop.hive.ql.io.parquet.serde.TestParquetTimestampsHive2Compatibility" time="0"/>
  <testcase name="testWriteHive4ReadHive4UsingNewConversion(String)[119]" classname="org.apache.hadoop.hive.ql.io.parquet.serde.TestParquetTimestampsHive2Compatibility" time="0"/>
  <testcase name="testWriteHive4ReadHive4UsingNewConversion(String)[120]" classname="org.apache.hadoop.hive.ql.io.parquet.serde.TestParquetTimestampsHive2Compatibility" time="0"/>
  <testcase name="testWriteHive4ReadHive4UsingNewConversion(String)[121]" classname="org.apache.hadoop.hive.ql.io.parquet.serde.TestParquetTimestampsHive2Compatibility" time="0"/>
  <testcase name="testWriteHive4ReadHive4UsingNewConversion(String)[122]" classname="org.apache.hadoop.hive.ql.io.parquet.serde.TestParquetTimestampsHive2Compatibility" time="0"/>
  <testcase name="testWriteHive4ReadHive4UsingNewConversion(String)[123]" classname="org.apache.hadoop.hive.ql.io.parquet.serde.TestParquetTimestampsHive2Compatibility" time="0"/>
  <testcase name="testWriteHive4ReadHive4UsingNewConversion(String)[124]" classname="org.apache.hadoop.hive.ql.io.parquet.serde.TestParquetTimestampsHive2Compatibility" time="0"/>
  <testcase name="testWriteHive4ReadHive4UsingNewConversion(String)[125]" classname="org.apache.hadoop.hive.ql.io.parquet.serde.TestParquetTimestampsHive2Compatibility" time="0"/>
  <testcase name="testWriteHive4ReadHive4UsingNewConversion(String)[126]" classname="org.apache.hadoop.hive.ql.io.parquet.serde.TestParquetTimestampsHive2Compatibility" time="0"/>
  <testcase name="testWriteHive4ReadHive4UsingNewConversion(String)[127]" classname="org.apache.hadoop.hive.ql.io.parquet.serde.TestParquetTimestampsHive2Compatibility" time="0"/>
  <testcase name="testWriteHive4ReadHive4UsingNewConversion(String)[128]" classname="org.apache.hadoop.hive.ql.io.parquet.serde.TestParquetTimestampsHive2Compatibility" time="0.001"/>
  <testcase name="testWriteHive4ReadHive4UsingNewConversion(String)[129]" classname="org.apache.hadoop.hive.ql.io.parquet.serde.TestParquetTimestampsHive2Compatibility" time="0"/>
  <testcase name="testWriteHive4ReadHive4UsingNewConversion(String)[130]" classname="org.apache.hadoop.hive.ql.io.parquet.serde.TestParquetTimestampsHive2Compatibility" time="0"/>
  <testcase name="testWriteHive4ReadHive4UsingNewConversion(String)[131]" classname="org.apache.hadoop.hive.ql.io.parquet.serde.TestParquetTimestampsHive2Compatibility" time="0"/>
  <testcase name="testWriteHive4ReadHive4UsingNewConversion(String)[132]" classname="org.apache.hadoop.hive.ql.io.parquet.serde.TestParquetTimestampsHive2Compatibility" time="0"/>
  <testcase name="testWriteHive4ReadHive4UsingNewConversion(String)[133]" classname="org.apache.hadoop.hive.ql.io.parquet.serde.TestParquetTimestampsHive2Compatibility" time="0"/>
  <testcase name="testWriteHive4ReadHive4UsingNewConversion(String)[134]" classname="org.apache.hadoop.hive.ql.io.parquet.serde.TestParquetTimestampsHive2Compatibility" time="0"/>
  <testcase name="testWriteHive4ReadHive4UsingNewConversion(String)[135]" classname="org.apache.hadoop.hive.ql.io.parquet.serde.TestParquetTimestampsHive2Compatibility" time="0"/>
  <testcase name="testWriteHive4ReadHive4UsingNewConversion(String)[136]" classname="org.apache.hadoop.hive.ql.io.parquet.serde.TestParquetTimestampsHive2Compatibility" time="0"/>
  <testcase name="testWriteHive4ReadHive4UsingNewConversion(String)[137]" classname="org.apache.hadoop.hive.ql.io.parquet.serde.TestParquetTimestampsHive2Compatibility" time="0"/>
  <testcase name="testWriteHive4ReadHive4UsingNewConversion(String)[138]" classname="org.apache.hadoop.hive.ql.io.parquet.serde.TestParquetTimestampsHive2Compatibility" time="0"/>
  <testcase name="testWriteHive4ReadHive4UsingNewConversion(String)[139]" classname="org.apache.hadoop.hive.ql.io.parquet.serde.TestParquetTimestampsHive2Compatibility" time="0"/>
  <testcase name="testWriteHive4ReadHive4UsingNewConversion(String)[140]" classname="org.apache.hadoop.hive.ql.io.parquet.serde.TestParquetTimestampsHive2Compatibility" time="0"/>
  <testcase name="testWriteHive4ReadHive4UsingNewConversion(String)[141]" classname="org.apache.hadoop.hive.ql.io.parquet.serde.TestParquetTimestampsHive2Compatibility" time="0"/>
  <testcase name="testWriteHive4ReadHive4UsingNewConversion(String)[142]" classname="org.apache.hadoop.hive.ql.io.parquet.serde.TestParquetTimestampsHive2Compatibility" time="0.001"/>
  <testcase name="testWriteHive4ReadHive4UsingNewConversion(String)[143]" classname="org.apache.hadoop.hive.ql.io.parquet.serde.TestParquetTimestampsHive2Compatibility" time="0"/>
  <testcase name="testWriteHive4ReadHive4UsingNewConversion(String)[144]" classname="org.apache.hadoop.hive.ql.io.parquet.serde.TestParquetTimestampsHive2Compatibility" time="0"/>
  <testcase name="testWriteHive4ReadHive4UsingNewConversion(String)[145]" classname="org.apache.hadoop.hive.ql.io.parquet.serde.TestParquetTimestampsHive2Compatibility" time="0.001"/>
  <testcase name="testWriteHive4ReadHive4UsingNewConversion(String)[146]" classname="org.apache.hadoop.hive.ql.io.parquet.serde.TestParquetTimestampsHive2Compatibility" time="0"/>
  <testcase name="testWriteHive4ReadHive4UsingNewConversion(String)[147]" classname="org.apache.hadoop.hive.ql.io.parquet.serde.TestParquetTimestampsHive2Compatibility" time="0"/>
  <testcase name="testWriteHive4ReadHive4UsingNewConversion(String)[148]" classname="org.apache.hadoop.hive.ql.io.parquet.serde.TestParquetTimestampsHive2Compatibility" time="0.001"/>
  <testcase name="testWriteHive4ReadHive4UsingNewConversion(String)[149]" classname="org.apache.hadoop.hive.ql.io.parquet.serde.TestParquetTimestampsHive2Compatibility" time="0"/>
  <testcase name="testWriteHive4ReadHive4UsingNewConversion(String)[150]" classname="org.apache.hadoop.hive.ql.io.parquet.serde.TestParquetTimestampsHive2Compatibility" time="0"/>
  <testcase name="testWriteHive4ReadHive4UsingNewConversion(String)[151]" classname="org.apache.hadoop.hive.ql.io.parquet.serde.TestParquetTimestampsHive2Compatibility" time="0.001"/>
  <testcase name="testWriteHive4ReadHive4UsingNewConversion(String)[152]" classname="org.apache.hadoop.hive.ql.io.parquet.serde.TestParquetTimestampsHive2Compatibility" time="0"/>
  <testcase name="testWriteHive4ReadHive4UsingNewConversion(String)[153]" classname="org.apache.hadoop.hive.ql.io.parquet.serde.TestParquetTimestampsHive2Compatibility" time="0"/>
  <testcase name="testWriteHive4ReadHive4UsingNewConversion(String)[154]" classname="org.apache.hadoop.hive.ql.io.parquet.serde.TestParquetTimestampsHive2Compatibility" time="0.001"/>
  <testcase name="testWriteHive4ReadHive4UsingNewConversion(String)[155]" classname="org.apache.hadoop.hive.ql.io.parquet.serde.TestParquetTimestampsHive2Compatibility" time="0"/>
  <testcase name="testWriteHive4ReadHive4UsingNewConversion(String)[156]" classname="org.apache.hadoop.hive.ql.io.parquet.serde.TestParquetTimestampsHive2Compatibility" time="0"/>
  <testcase name="testWriteHive4ReadHive4UsingNewConversion(String)[157]" classname="org.apache.hadoop.hive.ql.io.parquet.serde.TestParquetTimestampsHive2Compatibility" time="0"/>
  <testcase name="testWriteHive4ReadHive4UsingNewConversion(String)[158]" classname="org.apache.hadoop.hive.ql.io.parquet.serde.TestParquetTimestampsHive2Compatibility" time="0"/>
  <testcase name="testWriteHive4ReadHive4UsingNewConversion(String)[159]" classname="org.apache.hadoop.hive.ql.io.parquet.serde.TestParquetTimestampsHive2Compatibility" time="0"/>
  <testcase name="testWriteHive4ReadHive4UsingNewConversion(String)[160]" classname="org.apache.hadoop.hive.ql.io.parquet.serde.TestParquetTimestampsHive2Compatibility" time="0.001"/>
  <testcase name="testWriteHive4ReadHive4UsingNewConversion(String)[161]" classname="org.apache.hadoop.hive.ql.io.parquet.serde.TestParquetTimestampsHive2Compatibility" time="0"/>
  <testcase name="testWriteHive4ReadHive4UsingNewConversion(String)[162]" classname="org.apache.hadoop.hive.ql.io.parquet.serde.TestParquetTimestampsHive2Compatibility" time="0"/>
  <testcase name="testWriteHive4ReadHive4UsingNewConversion(String)[163]" classname="org.apache.hadoop.hive.ql.io.parquet.serde.TestParquetTimestampsHive2Compatibility" time="0"/>
  <testcase name="testWriteHive4ReadHive4UsingNewConversion(String)[164]" classname="org.apache.hadoop.hive.ql.io.parquet.serde.TestParquetTimestampsHive2Compatibility" time="0"/>
  <testcase name="testWriteHive4ReadHive4UsingNewConversion(String)[165]" classname="org.apache.hadoop.hive.ql.io.parquet.serde.TestParquetTimestampsHive2Compatibility" time="0"/>
  <testcase name="testWriteHive4ReadHive4UsingNewConversion(String)[166]" classname="org.apache.hadoop.hive.ql.io.parquet.serde.TestParquetTimestampsHive2Compatibility" time="0"/>
  <testcase name="testWriteHive4ReadHive4UsingNewConversion(String)[167]" classname="org.apache.hadoop.hive.ql.io.parquet.serde.TestParquetTimestampsHive2Compatibility" time="0"/>
  <testcase name="testWriteHive4ReadHive4UsingNewConversion(String)[168]" classname="org.apache.hadoop.hive.ql.io.parquet.serde.TestParquetTimestampsHive2Compatibility" time="0"/>
  <testcase name="testWriteHive4ReadHive4UsingNewConversion(String)[169]" classname="org.apache.hadoop.hive.ql.io.parquet.serde.TestParquetTimestampsHive2Compatibility" time="0"/>
  <testcase name="testWriteHive4ReadHive4UsingNewConversion(String)[170]" classname="org.apache.hadoop.hive.ql.io.parquet.serde.TestParquetTimestampsHive2Compatibility" time="0.001"/>
  <testcase name="testWriteHive4ReadHive4UsingNewConversion(String)[171]" classname="org.apache.hadoop.hive.ql.io.parquet.serde.TestParquetTimestampsHive2Compatibility" time="0"/>
  <testcase name="testWriteHive4ReadHive4UsingNewConversion(String)[172]" classname="org.apache.hadoop.hive.ql.io.parquet.serde.TestParquetTimestampsHive2Compatibility" time="0"/>
  <testcase name="testWriteHive4ReadHive4UsingNewConversion(String)[173]" classname="org.apache.hadoop.hive.ql.io.parquet.serde.TestParquetTimestampsHive2Compatibility" time="0.001"/>
  <testcase name="testWriteHive4ReadHive4UsingNewConversion(String)[174]" classname="org.apache.hadoop.hive.ql.io.parquet.serde.TestParquetTimestampsHive2Compatibility" time="0"/>
  <testcase name="testWriteHive4ReadHive4UsingNewConversion(String)[175]" classname="org.apache.hadoop.hive.ql.io.parquet.serde.TestParquetTimestampsHive2Compatibility" time="0"/>
  <testcase name="testWriteHive4ReadHive4UsingNewConversion(String)[176]" classname="org.apache.hadoop.hive.ql.io.parquet.serde.TestParquetTimestampsHive2Compatibility" time="0"/>
  <testcase name="testWriteHive4ReadHive4UsingNewConversion(String)[177]" classname="org.apache.hadoop.hive.ql.io.parquet.serde.TestParquetTimestampsHive2Compatibility" time="0"/>
  <testcase name="testWriteHive4ReadHive4UsingNewConversion(String)[178]" classname="org.apache.hadoop.hive.ql.io.parquet.serde.TestParquetTimestampsHive2Compatibility" time="0"/>
  <testcase name="testWriteHive4ReadHive4UsingNewConversion(String)[179]" classname="org.apache.hadoop.hive.ql.io.parquet.serde.TestParquetTimestampsHive2Compatibility" time="0"/>
  <testcase name="testWriteHive4ReadHive4UsingNewConversion(String)[180]" classname="org.apache.hadoop.hive.ql.io.parquet.serde.TestParquetTimestampsHive2Compatibility" time="0.001"/>
  <testcase name="testWriteHive4ReadHive4UsingNewConversion(String)[181]" classname="org.apache.hadoop.hive.ql.io.parquet.serde.TestParquetTimestampsHive2Compatibility" time="0"/>
  <testcase name="testWriteHive4ReadHive4UsingNewConversion(String)[182]" classname="org.apache.hadoop.hive.ql.io.parquet.serde.TestParquetTimestampsHive2Compatibility" time="0"/>
  <testcase name="testWriteHive4ReadHive4UsingNewConversion(String)[183]" classname="org.apache.hadoop.hive.ql.io.parquet.serde.TestParquetTimestampsHive2Compatibility" time="0"/>
  <testcase name="testWriteHive4ReadHive4UsingNewConversion(String)[184]" classname="org.apache.hadoop.hive.ql.io.parquet.serde.TestParquetTimestampsHive2Compatibility" time="0"/>
  <testcase name="testWriteHive4ReadHive4UsingNewConversion(String)[185]" classname="org.apache.hadoop.hive.ql.io.parquet.serde.TestParquetTimestampsHive2Compatibility" time="0"/>
  <testcase name="testWriteHive4ReadHive4UsingNewConversion(String)[186]" classname="org.apache.hadoop.hive.ql.io.parquet.serde.TestParquetTimestampsHive2Compatibility" time="0"/>
  <testcase name="testWriteHive4ReadHive4UsingNewConversion(String)[187]" classname="org.apache.hadoop.hive.ql.io.parquet.serde.TestParquetTimestampsHive2Compatibility" time="0.001"/>
  <testcase name="testWriteHive4ReadHive4UsingNewConversion(String)[188]" classname="org.apache.hadoop.hive.ql.io.parquet.serde.TestParquetTimestampsHive2Compatibility" time="0"/>
  <testcase name="testWriteHive4ReadHive4UsingNewConversion(String)[189]" classname="org.apache.hadoop.hive.ql.io.parquet.serde.TestParquetTimestampsHive2Compatibility" time="0"/>
  <testcase name="testWriteHive4ReadHive4UsingNewConversion(String)[190]" classname="org.apache.hadoop.hive.ql.io.parquet.serde.TestParquetTimestampsHive2Compatibility" time="0.001"/>
  <testcase name="testWriteHive4ReadHive4UsingNewConversion(String)[191]" classname="org.apache.hadoop.hive.ql.io.parquet.serde.TestParquetTimestampsHive2Compatibility" time="0"/>
  <testcase name="testWriteHive4ReadHive4UsingNewConversion(String)[192]" classname="org.apache.hadoop.hive.ql.io.parquet.serde.TestParquetTimestampsHive2Compatibility" time="0"/>
  <testcase name="testWriteHive4ReadHive4UsingNewConversion(String)[193]" classname="org.apache.hadoop.hive.ql.io.parquet.serde.TestParquetTimestampsHive2Compatibility" time="0.001"/>
  <testcase name="testWriteHive4ReadHive4UsingNewConversion(String)[194]" classname="org.apache.hadoop.hive.ql.io.parquet.serde.TestParquetTimestampsHive2Compatibility" time="0"/>
  <testcase name="testWriteHive4ReadHive4UsingNewConversion(String)[195]" classname="org.apache.hadoop.hive.ql.io.parquet.serde.TestParquetTimestampsHive2Compatibility" time="0.001"/>
  <testcase name="testWriteHive4ReadHive4UsingNewConversion(String)[196]" classname="org.apache.hadoop.hive.ql.io.parquet.serde.TestParquetTimestampsHive2Compatibility" time="0"/>
  <testcase name="testWriteHive4ReadHive4UsingNewConversion(String)[197]" classname="org.apache.hadoop.hive.ql.io.parquet.serde.TestParquetTimestampsHive2Compatibility" time="0"/>
  <testcase name="testWriteHive4ReadHive4UsingNewConversion(String)[198]" classname="org.apache.hadoop.hive.ql.io.parquet.serde.TestParquetTimestampsHive2Compatibility" time="0.001"/>
  <testcase name="testWriteHive4ReadHive4UsingNewConversion(String)[199]" classname="org.apache.hadoop.hive.ql.io.parquet.serde.TestParquetTimestampsHive2Compatibility" time="0"/>
  <testcase name="testWriteHive4ReadHive4UsingNewConversion(String)[200]" classname="org.apache.hadoop.hive.ql.io.parquet.serde.TestParquetTimestampsHive2Compatibility" time="0"/>
  <testcase name="testWriteHive4ReadHive4UsingNewConversion(String)[201]" classname="org.apache.hadoop.hive.ql.io.parquet.serde.TestParquetTimestampsHive2Compatibility" time="0"/>
  <testcase name="testWriteHive4ReadHive4UsingNewConversion(String)[202]" classname="org.apache.hadoop.hive.ql.io.parquet.serde.TestParquetTimestampsHive2Compatibility" time="0"/>
  <testcase name="testWriteHive4ReadHive4UsingNewConversion(String)[203]" classname="org.apache.hadoop.hive.ql.io.parquet.serde.TestParquetTimestampsHive2Compatibility" time="0"/>
  <testcase name="testWriteHive4ReadHive4UsingNewConversion(String)[204]" classname="org.apache.hadoop.hive.ql.io.parquet.serde.TestParquetTimestampsHive2Compatibility" time="0"/>
  <testcase name="testWriteHive4ReadHive4UsingNewConversion(String)[205]" classname="org.apache.hadoop.hive.ql.io.parquet.serde.TestParquetTimestampsHive2Compatibility" time="0"/>
  <testcase name="testWriteHive4ReadHive4UsingNewConversion(String)[206]" classname="org.apache.hadoop.hive.ql.io.parquet.serde.TestParquetTimestampsHive2Compatibility" time="0"/>
  <testcase name="testWriteHive4ReadHive4UsingNewConversion(String)[207]" classname="org.apache.hadoop.hive.ql.io.parquet.serde.TestParquetTimestampsHive2Compatibility" time="0.001"/>
  <testcase name="testWriteHive4ReadHive4UsingNewConversion(String)[208]" classname="org.apache.hadoop.hive.ql.io.parquet.serde.TestParquetTimestampsHive2Compatibility" time="0"/>
  <testcase name="testWriteHive4ReadHive4UsingNewConversion(String)[209]" classname="org.apache.hadoop.hive.ql.io.parquet.serde.TestParquetTimestampsHive2Compatibility" time="0"/>
  <testcase name="testWriteHive4ReadHive4UsingNewConversion(String)[210]" classname="org.apache.hadoop.hive.ql.io.parquet.serde.TestParquetTimestampsHive2Compatibility" time="0"/>
  <testcase name="testWriteHive4ReadHive4UsingNewConversion(String)[211]" classname="org.apache.hadoop.hive.ql.io.parquet.serde.TestParquetTimestampsHive2Compatibility" time="0"/>
  <testcase name="testWriteHive4ReadHive4UsingNewConversion(String)[212]" classname="org.apache.hadoop.hive.ql.io.parquet.serde.TestParquetTimestampsHive2Compatibility" time="0"/>
  <testcase name="testWriteHive4ReadHive4UsingNewConversion(String)[213]" classname="org.apache.hadoop.hive.ql.io.parquet.serde.TestParquetTimestampsHive2Compatibility" time="0"/>
  <testcase name="testWriteHive4ReadHive4UsingNewConversion(String)[214]" classname="org.apache.hadoop.hive.ql.io.parquet.serde.TestParquetTimestampsHive2Compatibility" time="0"/>
  <testcase name="testWriteHive4ReadHive4UsingNewConversion(String)[215]" classname="org.apache.hadoop.hive.ql.io.parquet.serde.TestParquetTimestampsHive2Compatibility" time="0"/>
  <testcase name="testWriteHive4ReadHive4UsingNewConversion(String)[216]" classname="org.apache.hadoop.hive.ql.io.parquet.serde.TestParquetTimestampsHive2Compatibility" time="0.001"/>
  <testcase name="testWriteHive4ReadHive4UsingNewConversion(String)[217]" classname="org.apache.hadoop.hive.ql.io.parquet.serde.TestParquetTimestampsHive2Compatibility" time="0"/>
  <testcase name="testWriteHive4ReadHive4UsingNewConversion(String)[218]" classname="org.apache.hadoop.hive.ql.io.parquet.serde.TestParquetTimestampsHive2Compatibility" time="0"/>
  <testcase name="testWriteHive4ReadHive4UsingNewConversion(String)[219]" classname="org.apache.hadoop.hive.ql.io.parquet.serde.TestParquetTimestampsHive2Compatibility" time="0"/>
  <testcase name="testWriteHive4ReadHive4UsingNewConversion(String)[220]" classname="org.apache.hadoop.hive.ql.io.parquet.serde.TestParquetTimestampsHive2Compatibility" time="0.001"/>
  <testcase name="testWriteHive4ReadHive4UsingNewConversion(String)[221]" classname="org.apache.hadoop.hive.ql.io.parquet.serde.TestParquetTimestampsHive2Compatibility" time="0"/>
  <testcase name="testWriteHive4ReadHive4UsingNewConversion(String)[222]" classname="org.apache.hadoop.hive.ql.io.parquet.serde.TestParquetTimestampsHive2Compatibility" time="0"/>
  <testcase name="testWriteHive4ReadHive4UsingNewConversion(String)[223]" classname="org.apache.hadoop.hive.ql.io.parquet.serde.TestParquetTimestampsHive2Compatibility" time="0"/>
  <testcase name="testWriteHive4ReadHive4UsingNewConversion(String)[224]" classname="org.apache.hadoop.hive.ql.io.parquet.serde.TestParquetTimestampsHive2Compatibility" time="0"/>
  <testcase name="testWriteHive4ReadHive4UsingNewConversion(String)[225]" classname="org.apache.hadoop.hive.ql.io.parquet.serde.TestParquetTimestampsHive2Compatibility" time="0"/>
  <testcase name="testWriteHive4ReadHive4UsingNewConversion(String)[226]" classname="org.apache.hadoop.hive.ql.io.parquet.serde.TestParquetTimestampsHive2Compatibility" time="0"/>
  <testcase name="testWriteHive4ReadHive4UsingNewConversion(String)[227]" classname="org.apache.hadoop.hive.ql.io.parquet.serde.TestParquetTimestampsHive2Compatibility" time="0"/>
  <testcase name="testWriteHive4ReadHive4UsingNewConversion(String)[228]" classname="org.apache.hadoop.hive.ql.io.parquet.serde.TestParquetTimestampsHive2Compatibility" time="0"/>
  <testcase name="testWriteHive4ReadHive4UsingNewConversion(String)[229]" classname="org.apache.hadoop.hive.ql.io.parquet.serde.TestParquetTimestampsHive2Compatibility" time="0.001"/>
  <testcase name="testWriteHive4ReadHive4UsingNewConversion(String)[230]" classname="org.apache.hadoop.hive.ql.io.parquet.serde.TestParquetTimestampsHive2Compatibility" time="0"/>
  <testcase name="testWriteHive4ReadHive4UsingNewConversion(String)[231]" classname="org.apache.hadoop.hive.ql.io.parquet.serde.TestParquetTimestampsHive2Compatibility" time="0"/>
  <testcase name="testWriteHive4ReadHive4UsingNewConversion(String)[232]" classname="org.apache.hadoop.hive.ql.io.parquet.serde.TestParquetTimestampsHive2Compatibility" time="0"/>
  <testcase name="testWriteHive4ReadHive4UsingNewConversion(String)[233]" classname="org.apache.hadoop.hive.ql.io.parquet.serde.TestParquetTimestampsHive2Compatibility" time="0"/>
  <testcase name="testWriteHive4ReadHive4UsingNewConversion(String)[234]" classname="org.apache.hadoop.hive.ql.io.parquet.serde.TestParquetTimestampsHive2Compatibility" time="0"/>
  <testcase name="testWriteHive4ReadHive4UsingNewConversion(String)[235]" classname="org.apache.hadoop.hive.ql.io.parquet.serde.TestParquetTimestampsHive2Compatibility" time="0"/>
  <testcase name="testWriteHive4ReadHive4UsingNewConversion(String)[236]" classname="org.apache.hadoop.hive.ql.io.parquet.serde.TestParquetTimestampsHive2Compatibility" time="0"/>
  <testcase name="testWriteHive4ReadHive4UsingNewConversion(String)[237]" classname="org.apache.hadoop.hive.ql.io.parquet.serde.TestParquetTimestampsHive2Compatibility" time="0"/>
  <testcase name="testWriteHive4ReadHive4UsingNewConversion(String)[238]" classname="org.apache.hadoop.hive.ql.io.parquet.serde.TestParquetTimestampsHive2Compatibility" time="0"/>
  <testcase name="testWriteHive4ReadHive4UsingNewConversion(String)[239]" classname="org.apache.hadoop.hive.ql.io.parquet.serde.TestParquetTimestampsHive2Compatibility" time="0.008"/>
  <testcase name="testWriteHive4ReadHive4UsingNewConversion(String)[240]" classname="org.apache.hadoop.hive.ql.io.parquet.serde.TestParquetTimestampsHive2Compatibility" time="0"/>
  <testcase name="testWriteHive4ReadHive4UsingNewConversion(String)[241]" classname="org.apache.hadoop.hive.ql.io.parquet.serde.TestParquetTimestampsHive2Compatibility" time="0.001"/>
  <testcase name="testWriteHive4ReadHive4UsingNewConversion(String)[242]" classname="org.apache.hadoop.hive.ql.io.parquet.serde.TestParquetTimestampsHive2Compatibility" time="0"/>
  <testcase name="testWriteHive4ReadHive4UsingNewConversion(String)[243]" classname="org.apache.hadoop.hive.ql.io.parquet.serde.TestParquetTimestampsHive2Compatibility" time="0"/>
  <testcase name="testWriteHive4ReadHive4UsingNewConversion(String)[244]" classname="org.apache.hadoop.hive.ql.io.parquet.serde.TestParquetTimestampsHive2Compatibility" time="0"/>
  <testcase name="testWriteHive4ReadHive4UsingNewConversion(String)[245]" classname="org.apache.hadoop.hive.ql.io.parquet.serde.TestParquetTimestampsHive2Compatibility" time="0"/>
  <testcase name="testWriteHive4ReadHive4UsingNewConversion(String)[246]" classname="org.apache.hadoop.hive.ql.io.parquet.serde.TestParquetTimestampsHive2Compatibility" time="0"/>
  <testcase name="testWriteHive4ReadHive4UsingNewConversion(String)[247]" classname="org.apache.hadoop.hive.ql.io.parquet.serde.TestParquetTimestampsHive2Compatibility" time="0"/>
  <testcase name="testWriteHive4ReadHive4UsingNewConversion(String)[248]" classname="org.apache.hadoop.hive.ql.io.parquet.serde.TestParquetTimestampsHive2Compatibility" time="0"/>
  <testcase name="testWriteHive4ReadHive4UsingNewConversion(String)[249]" classname="org.apache.hadoop.hive.ql.io.parquet.serde.TestParquetTimestampsHive2Compatibility" time="0"/>
  <testcase name="testWriteHive4ReadHive4UsingNewConversion(String)[250]" classname="org.apache.hadoop.hive.ql.io.parquet.serde.TestParquetTimestampsHive2Compatibility" time="0"/>
  <testcase name="testWriteHive4ReadHive4UsingNewConversion(String)[251]" classname="org.apache.hadoop.hive.ql.io.parquet.serde.TestParquetTimestampsHive2Compatibility" time="0"/>
  <testcase name="testWriteHive4ReadHive4UsingNewConversion(String)[252]" classname="org.apache.hadoop.hive.ql.io.parquet.serde.TestParquetTimestampsHive2Compatibility" time="0"/>
  <testcase name="testWriteHive4ReadHive4UsingNewConversion(String)[253]" classname="org.apache.hadoop.hive.ql.io.parquet.serde.TestParquetTimestampsHive2Compatibility" time="0"/>
  <testcase name="testWriteHive4ReadHive4UsingNewConversion(String)[254]" classname="org.apache.hadoop.hive.ql.io.parquet.serde.TestParquetTimestampsHive2Compatibility" time="0"/>
  <testcase name="testWriteHive4ReadHive4UsingNewConversion(String)[255]" classname="org.apache.hadoop.hive.ql.io.parquet.serde.TestParquetTimestampsHive2Compatibility" time="0"/>
  <testcase name="testWriteHive4ReadHive4UsingNewConversion(String)[256]" classname="org.apache.hadoop.hive.ql.io.parquet.serde.TestParquetTimestampsHive2Compatibility" time="0"/>
  <testcase name="testWriteHive4ReadHive4UsingNewConversion(String)[257]" classname="org.apache.hadoop.hive.ql.io.parquet.serde.TestParquetTimestampsHive2Compatibility" time="0"/>
  <testcase name="testWriteHive4ReadHive4UsingNewConversion(String)[258]" classname="org.apache.hadoop.hive.ql.io.parquet.serde.TestParquetTimestampsHive2Compatibility" time="0"/>
  <testcase name="testWriteHive4ReadHive4UsingNewConversion(String)[259]" classname="org.apache.hadoop.hive.ql.io.parquet.serde.TestParquetTimestampsHive2Compatibility" time="0"/>
  <testcase name="testWriteHive4ReadHive4UsingNewConversion(String)[260]" classname="org.apache.hadoop.hive.ql.io.parquet.serde.TestParquetTimestampsHive2Compatibility" time="0"/>
  <testcase name="testWriteHive4ReadHive4UsingNewConversion(String)[261]" classname="org.apache.hadoop.hive.ql.io.parquet.serde.TestParquetTimestampsHive2Compatibility" time="0"/>
  <testcase name="testWriteHive4ReadHive4UsingNewConversion(String)[262]" classname="org.apache.hadoop.hive.ql.io.parquet.serde.TestParquetTimestampsHive2Compatibility" time="0.001"/>
  <testcase name="testWriteHive4ReadHive4UsingNewConversion(String)[263]" classname="org.apache.hadoop.hive.ql.io.parquet.serde.TestParquetTimestampsHive2Compatibility" time="0"/>
  <testcase name="testWriteHive4ReadHive4UsingNewConversion(String)[264]" classname="org.apache.hadoop.hive.ql.io.parquet.serde.TestParquetTimestampsHive2Compatibility" time="0"/>
  <testcase name="testWriteHive4ReadHive4UsingNewConversion(String)[265]" classname="org.apache.hadoop.hive.ql.io.parquet.serde.TestParquetTimestampsHive2Compatibility" time="0"/>
  <testcase name="testWriteHive4ReadHive4UsingNewConversion(String)[266]" classname="org.apache.hadoop.hive.ql.io.parquet.serde.TestParquetTimestampsHive2Compatibility" time="0"/>
  <testcase name="testWriteHive4ReadHive4UsingNewConversion(String)[267]" classname="org.apache.hadoop.hive.ql.io.parquet.serde.TestParquetTimestampsHive2Compatibility" time="0"/>
  <testcase name="testWriteHive4ReadHive4UsingNewConversion(String)[268]" classname="org.apache.hadoop.hive.ql.io.parquet.serde.TestParquetTimestampsHive2Compatibility" time="0"/>
  <testcase name="testWriteHive4ReadHive4UsingNewConversion(String)[269]" classname="org.apache.hadoop.hive.ql.io.parquet.serde.TestParquetTimestampsHive2Compatibility" time="0"/>
  <testcase name="testWriteHive4ReadHive4UsingNewConversion(String)[270]" classname="org.apache.hadoop.hive.ql.io.parquet.serde.TestParquetTimestampsHive2Compatibility" time="0"/>
  <testcase name="testWriteHive4ReadHive4UsingNewConversion(String)[271]" classname="org.apache.hadoop.hive.ql.io.parquet.serde.TestParquetTimestampsHive2Compatibility" time="0"/>
  <testcase name="testWriteHive4ReadHive4UsingNewConversion(String)[272]" classname="org.apache.hadoop.hive.ql.io.parquet.serde.TestParquetTimestampsHive2Compatibility" time="0"/>
  <testcase name="testWriteHive4ReadHive4UsingNewConversion(String)[273]" classname="org.apache.hadoop.hive.ql.io.parquet.serde.TestParquetTimestampsHive2Compatibility" time="0"/>
  <testcase name="testWriteHive4ReadHive4UsingNewConversion(String)[274]" classname="org.apache.hadoop.hive.ql.io.parquet.serde.TestParquetTimestampsHive2Compatibility" time="0.001"/>
  <testcase name="testWriteHive4ReadHive4UsingNewConversion(String)[275]" classname="org.apache.hadoop.hive.ql.io.parquet.serde.TestParquetTimestampsHive2Compatibility" time="0"/>
  <testcase name="testWriteHive4ReadHive4UsingNewConversion(String)[276]" classname="org.apache.hadoop.hive.ql.io.parquet.serde.TestParquetTimestampsHive2Compatibility" time="0"/>
  <testcase name="testWriteHive4ReadHive4UsingNewConversion(String)[277]" classname="org.apache.hadoop.hive.ql.io.parquet.serde.TestParquetTimestampsHive2Compatibility" time="0"/>
  <testcase name="testWriteHive4ReadHive4UsingNewConversion(String)[278]" classname="org.apache.hadoop.hive.ql.io.parquet.serde.TestParquetTimestampsHive2Compatibility" time="0"/>
  <testcase name="testWriteHive4ReadHive4UsingNewConversion(String)[279]" classname="org.apache.hadoop.hive.ql.io.parquet.serde.TestParquetTimestampsHive2Compatibility" time="0"/>
  <testcase name="testWriteHive4ReadHive4UsingNewConversion(String)[280]" classname="org.apache.hadoop.hive.ql.io.parquet.serde.TestParquetTimestampsHive2Compatibility" time="0"/>
  <testcase name="testWriteHive4ReadHive4UsingNewConversion(String)[281]" classname="org.apache.hadoop.hive.ql.io.parquet.serde.TestParquetTimestampsHive2Compatibility" time="0"/>
  <testcase name="testWriteHive4ReadHive4UsingNewConversion(String)[282]" classname="org.apache.hadoop.hive.ql.io.parquet.serde.TestParquetTimestampsHive2Compatibility" time="0"/>
  <testcase name="testWriteHive4ReadHive4UsingNewConversion(String)[283]" classname="org.apache.hadoop.hive.ql.io.parquet.serde.TestParquetTimestampsHive2Compatibility" time="0.001"/>
  <testcase name="testWriteHive4ReadHive4UsingNewConversion(String)[284]" classname="org.apache.hadoop.hive.ql.io.parquet.serde.TestParquetTimestampsHive2Compatibility" time="0"/>
  <testcase name="testWriteHive4ReadHive4UsingNewConversion(String)[285]" classname="org.apache.hadoop.hive.ql.io.parquet.serde.TestParquetTimestampsHive2Compatibility" time="0"/>
  <testcase name="testWriteHive4ReadHive4UsingNewConversion(String)[286]" classname="org.apache.hadoop.hive.ql.io.parquet.serde.TestParquetTimestampsHive2Compatibility" time="0"/>
  <testcase name="testWriteHive4ReadHive4UsingNewConversion(String)[287]" classname="org.apache.hadoop.hive.ql.io.parquet.serde.TestParquetTimestampsHive2Compatibility" time="0"/>
  <testcase name="testWriteHive4ReadHive4UsingNewConversion(String)[288]" classname="org.apache.hadoop.hive.ql.io.parquet.serde.TestParquetTimestampsHive2Compatibility" time="0"/>
  <testcase name="testWriteHive4ReadHive4UsingNewConversion(String)[289]" classname="org.apache.hadoop.hive.ql.io.parquet.serde.TestParquetTimestampsHive2Compatibility" time="0"/>
  <testcase name="testWriteHive4ReadHive4UsingNewConversion(String)[290]" classname="org.apache.hadoop.hive.ql.io.parquet.serde.TestParquetTimestampsHive2Compatibility" time="0"/>
  <testcase name="testWriteHive4ReadHive4UsingNewConversion(String)[291]" classname="org.apache.hadoop.hive.ql.io.parquet.serde.TestParquetTimestampsHive2Compatibility" time="0"/>
  <testcase name="testWriteHive4ReadHive4UsingNewConversion(String)[292]" classname="org.apache.hadoop.hive.ql.io.parquet.serde.TestParquetTimestampsHive2Compatibility" time="0"/>
  <testcase name="testWriteHive4ReadHive4UsingNewConversion(String)[293]" classname="org.apache.hadoop.hive.ql.io.parquet.serde.TestParquetTimestampsHive2Compatibility" time="0"/>
  <testcase name="testWriteHive4ReadHive4UsingNewConversion(String)[294]" classname="org.apache.hadoop.hive.ql.io.parquet.serde.TestParquetTimestampsHive2Compatibility" time="0.001"/>
  <testcase name="testWriteHive4ReadHive4UsingNewConversion(String)[295]" classname="org.apache.hadoop.hive.ql.io.parquet.serde.TestParquetTimestampsHive2Compatibility" time="0"/>
  <testcase name="testWriteHive4ReadHive4UsingNewConversion(String)[296]" classname="org.apache.hadoop.hive.ql.io.parquet.serde.TestParquetTimestampsHive2Compatibility" time="0"/>
  <testcase name="testWriteHive4ReadHive4UsingNewConversion(String)[297]" classname="org.apache.hadoop.hive.ql.io.parquet.serde.TestParquetTimestampsHive2Compatibility" time="0"/>
  <testcase name="testWriteHive4ReadHive4UsingNewConversion(String)[298]" classname="org.apache.hadoop.hive.ql.io.parquet.serde.TestParquetTimestampsHive2Compatibility" time="0"/>
  <testcase name="testWriteHive4ReadHive4UsingNewConversion(String)[299]" classname="org.apache.hadoop.hive.ql.io.parquet.serde.TestParquetTimestampsHive2Compatibility" time="0"/>
  <testcase name="testWriteHive4ReadHive4UsingNewConversion(String)[300]" classname="org.apache.hadoop.hive.ql.io.parquet.serde.TestParquetTimestampsHive2Compatibility" time="0"/>
  <testcase name="testWriteHive4ReadHive4UsingNewConversion(String)[301]" classname="org.apache.hadoop.hive.ql.io.parquet.serde.TestParquetTimestampsHive2Compatibility" time="0.001"/>
  <testcase name="testWriteHive4ReadHive4UsingNewConversion(String)[302]" classname="org.apache.hadoop.hive.ql.io.parquet.serde.TestParquetTimestampsHive2Compatibility" time="0"/>
  <testcase name="testWriteHive4ReadHive4UsingNewConversion(String)[303]" classname="org.apache.hadoop.hive.ql.io.parquet.serde.TestParquetTimestampsHive2Compatibility" time="0"/>
  <testcase name="testWriteHive4ReadHive4UsingNewConversion(String)[304]" classname="org.apache.hadoop.hive.ql.io.parquet.serde.TestParquetTimestampsHive2Compatibility" time="0"/>
  <testcase name="testWriteHive4ReadHive4UsingNewConversion(String)[305]" classname="org.apache.hadoop.hive.ql.io.parquet.serde.TestParquetTimestampsHive2Compatibility" time="0"/>
  <testcase name="testWriteHive4ReadHive4UsingNewConversion(String)[306]" classname="org.apache.hadoop.hive.ql.io.parquet.serde.TestParquetTimestampsHive2Compatibility" time="0"/>
  <testcase name="testWriteHive4ReadHive4UsingNewConversion(String)[307]" classname="org.apache.hadoop.hive.ql.io.parquet.serde.TestParquetTimestampsHive2Compatibility" time="0"/>
  <testcase name="testWriteHive4ReadHive4UsingNewConversion(String)[308]" classname="org.apache.hadoop.hive.ql.io.parquet.serde.TestParquetTimestampsHive2Compatibility" time="0"/>
  <testcase name="testWriteHive4ReadHive4UsingNewConversion(String)[309]" classname="org.apache.hadoop.hive.ql.io.parquet.serde.TestParquetTimestampsHive2Compatibility" time="0"/>
  <testcase name="testWriteHive4ReadHive4UsingNewConversion(String)[310]" classname="org.apache.hadoop.hive.ql.io.parquet.serde.TestParquetTimestampsHive2Compatibility" time="0"/>
  <testcase name="testWriteHive4ReadHive4UsingNewConversion(String)[311]" classname="org.apache.hadoop.hive.ql.io.parquet.serde.TestParquetTimestampsHive2Compatibility" time="0"/>
  <testcase name="testWriteHive4ReadHive4UsingNewConversion(String)[312]" classname="org.apache.hadoop.hive.ql.io.parquet.serde.TestParquetTimestampsHive2Compatibility" time="0"/>
  <testcase name="testWriteHive4ReadHive4UsingNewConversion(String)[313]" classname="org.apache.hadoop.hive.ql.io.parquet.serde.TestParquetTimestampsHive2Compatibility" time="0"/>
  <testcase name="testWriteHive4ReadHive4UsingNewConversion(String)[314]" classname="org.apache.hadoop.hive.ql.io.parquet.serde.TestParquetTimestampsHive2Compatibility" time="0"/>
  <testcase name="testWriteHive4ReadHive4UsingNewConversion(String)[315]" classname="org.apache.hadoop.hive.ql.io.parquet.serde.TestParquetTimestampsHive2Compatibility" time="0.001"/>
  <testcase name="testWriteHive4ReadHive4UsingNewConversion(String)[316]" classname="org.apache.hadoop.hive.ql.io.parquet.serde.TestParquetTimestampsHive2Compatibility" time="0"/>
  <testcase name="testWriteHive4ReadHive4UsingNewConversion(String)[317]" classname="org.apache.hadoop.hive.ql.io.parquet.serde.TestParquetTimestampsHive2Compatibility" time="0"/>
  <testcase name="testWriteHive4ReadHive4UsingNewConversion(String)[318]" classname="org.apache.hadoop.hive.ql.io.parquet.serde.TestParquetTimestampsHive2Compatibility" time="0"/>
  <testcase name="testWriteHive4ReadHive4UsingNewConversion(String)[319]" classname="org.apache.hadoop.hive.ql.io.parquet.serde.TestParquetTimestampsHive2Compatibility" time="0"/>
  <testcase name="testWriteHive4ReadHive4UsingNewConversion(String)[320]" classname="org.apache.hadoop.hive.ql.io.parquet.serde.TestParquetTimestampsHive2Compatibility" time="0"/>
  <testcase name="testWriteHive4ReadHive4UsingNewConversion(String)[321]" classname="org.apache.hadoop.hive.ql.io.parquet.serde.TestParquetTimestampsHive2Compatibility" time="0"/>
  <testcase name="testWriteHive4ReadHive4UsingNewConversion(String)[322]" classname="org.apache.hadoop.hive.ql.io.parquet.serde.TestParquetTimestampsHive2Compatibility" time="0"/>
  <testcase name="testWriteHive4ReadHive4UsingNewConversion(String)[323]" classname="org.apache.hadoop.hive.ql.io.parquet.serde.TestParquetTimestampsHive2Compatibility" time="0.001"/>
  <testcase name="testWriteHive4ReadHive4UsingNewConversion(String)[324]" classname="org.apache.hadoop.hive.ql.io.parquet.serde.TestParquetTimestampsHive2Compatibility" time="0"/>
  <testcase name="testWriteHive4ReadHive4UsingNewConversion(String)[325]" classname="org.apache.hadoop.hive.ql.io.parquet.serde.TestParquetTimestampsHive2Compatibility" time="0"/>
  <testcase name="testWriteHive4ReadHive4UsingNewConversion(String)[326]" classname="org.apache.hadoop.hive.ql.io.parquet.serde.TestParquetTimestampsHive2Compatibility" time="0"/>
  <testcase name="testWriteHive4ReadHive4UsingNewConversion(String)[327]" classname="org.apache.hadoop.hive.ql.io.parquet.serde.TestParquetTimestampsHive2Compatibility" time="0"/>
  <testcase name="testWriteHive4ReadHive4UsingNewConversion(String)[328]" classname="org.apache.hadoop.hive.ql.io.parquet.serde.TestParquetTimestampsHive2Compatibility" time="0"/>
  <testcase name="testWriteHive4ReadHive4UsingNewConversion(String)[329]" classname="org.apache.hadoop.hive.ql.io.parquet.serde.TestParquetTimestampsHive2Compatibility" time="0"/>
  <testcase name="testWriteHive4ReadHive4UsingNewConversion(String)[330]" classname="org.apache.hadoop.hive.ql.io.parquet.serde.TestParquetTimestampsHive2Compatibility" time="0"/>
  <testcase name="testWriteHive4ReadHive4UsingNewConversion(String)[331]" classname="org.apache.hadoop.hive.ql.io.parquet.serde.TestParquetTimestampsHive2Compatibility" time="0.001"/>
  <testcase name="testWriteHive4ReadHive4UsingNewConversion(String)[332]" classname="org.apache.hadoop.hive.ql.io.parquet.serde.TestParquetTimestampsHive2Compatibility" time="0"/>
  <testcase name="testWriteHive4ReadHive4UsingNewConversion(String)[333]" classname="org.apache.hadoop.hive.ql.io.parquet.serde.TestParquetTimestampsHive2Compatibility" time="0"/>
  <testcase name="testWriteHive4ReadHive4UsingNewConversion(String)[334]" classname="org.apache.hadoop.hive.ql.io.parquet.serde.TestParquetTimestampsHive2Compatibility" time="0"/>
  <testcase name="testWriteHive4ReadHive4UsingNewConversion(String)[335]" classname="org.apache.hadoop.hive.ql.io.parquet.serde.TestParquetTimestampsHive2Compatibility" time="0"/>
  <testcase name="testWriteHive4ReadHive4UsingNewConversion(String)[336]" classname="org.apache.hadoop.hive.ql.io.parquet.serde.TestParquetTimestampsHive2Compatibility" time="0"/>
  <testcase name="testWriteHive4ReadHive4UsingNewConversion(String)[337]" classname="org.apache.hadoop.hive.ql.io.parquet.serde.TestParquetTimestampsHive2Compatibility" time="0"/>
  <testcase name="testWriteHive4ReadHive4UsingNewConversion(String)[338]" classname="org.apache.hadoop.hive.ql.io.parquet.serde.TestParquetTimestampsHive2Compatibility" time="0.001"/>
  <testcase name="testWriteHive4ReadHive4UsingNewConversion(String)[339]" classname="org.apache.hadoop.hive.ql.io.parquet.serde.TestParquetTimestampsHive2Compatibility" time="0"/>
  <testcase name="testWriteHive4ReadHive4UsingNewConversion(String)[340]" classname="org.apache.hadoop.hive.ql.io.parquet.serde.TestParquetTimestampsHive2Compatibility" time="0"/>
  <testcase name="testWriteHive4ReadHive4UsingNewConversion(String)[341]" classname="org.apache.hadoop.hive.ql.io.parquet.serde.TestParquetTimestampsHive2Compatibility" time="0"/>
  <testcase name="testWriteHive4ReadHive4UsingNewConversion(String)[342]" classname="org.apache.hadoop.hive.ql.io.parquet.serde.TestParquetTimestampsHive2Compatibility" time="0"/>
  <testcase name="testWriteHive4ReadHive4UsingNewConversion(String)[343]" classname="org.apache.hadoop.hive.ql.io.parquet.serde.TestParquetTimestampsHive2Compatibility" time="0"/>
  <testcase name="testWriteHive4ReadHive4UsingNewConversion(String)[344]" classname="org.apache.hadoop.hive.ql.io.parquet.serde.TestParquetTimestampsHive2Compatibility" time="0"/>
  <testcase name="testWriteHive4ReadHive4UsingNewConversion(String)[345]" classname="org.apache.hadoop.hive.ql.io.parquet.serde.TestParquetTimestampsHive2Compatibility" time="0"/>
  <testcase name="testWriteHive4ReadHive4UsingNewConversion(String)[346]" classname="org.apache.hadoop.hive.ql.io.parquet.serde.TestParquetTimestampsHive2Compatibility" time="0"/>
  <testcase name="testWriteHive4ReadHive4UsingNewConversion(String)[347]" classname="org.apache.hadoop.hive.ql.io.parquet.serde.TestParquetTimestampsHive2Compatibility" time="0"/>
  <testcase name="testWriteHive4ReadHive4UsingNewConversion(String)[348]" classname="org.apache.hadoop.hive.ql.io.parquet.serde.TestParquetTimestampsHive2Compatibility" time="0"/>
  <testcase name="testWriteHive4ReadHive4UsingNewConversion(String)[349]" classname="org.apache.hadoop.hive.ql.io.parquet.serde.TestParquetTimestampsHive2Compatibility" time="0"/>
  <testcase name="testWriteHive4ReadHive4UsingNewConversion(String)[350]" classname="org.apache.hadoop.hive.ql.io.parquet.serde.TestParquetTimestampsHive2Compatibility" time="0"/>
  <testcase name="testWriteHive4ReadHive4UsingNewConversion(String)[351]" classname="org.apache.hadoop.hive.ql.io.parquet.serde.TestParquetTimestampsHive2Compatibility" time="0"/>
  <testcase name="testWriteHive4ReadHive4UsingNewConversion(String)[352]" classname="org.apache.hadoop.hive.ql.io.parquet.serde.TestParquetTimestampsHive2Compatibility" time="0"/>
  <testcase name="testWriteHive4ReadHive4UsingNewConversion(String)[353]" classname="org.apache.hadoop.hive.ql.io.parquet.serde.TestParquetTimestampsHive2Compatibility" time="0"/>
  <testcase name="testWriteHive4ReadHive4UsingNewConversion(String)[354]" classname="org.apache.hadoop.hive.ql.io.parquet.serde.TestParquetTimestampsHive2Compatibility" time="0"/>
  <testcase name="testWriteHive4ReadHive4UsingNewConversion(String)[355]" classname="org.apache.hadoop.hive.ql.io.parquet.serde.TestParquetTimestampsHive2Compatibility" time="0"/>
  <testcase name="testWriteHive4ReadHive4UsingNewConversion(String)[356]" classname="org.apache.hadoop.hive.ql.io.parquet.serde.TestParquetTimestampsHive2Compatibility" time="0"/>
  <testcase name="testWriteHive4ReadHive4UsingNewConversion(String)[357]" classname="org.apache.hadoop.hive.ql.io.parquet.serde.TestParquetTimestampsHive2Compatibility" time="0"/>
  <testcase name="testWriteHive4ReadHive4UsingNewConversion(String)[358]" classname="org.apache.hadoop.hive.ql.io.parquet.serde.TestParquetTimestampsHive2Compatibility" time="0"/>
  <testcase name="testWriteHive4ReadHive4UsingNewConversion(String)[359]" classname="org.apache.hadoop.hive.ql.io.parquet.serde.TestParquetTimestampsHive2Compatibility" time="0"/>
  <testcase name="testWriteHive4ReadHive4UsingNewConversion(String)[360]" classname="org.apache.hadoop.hive.ql.io.parquet.serde.TestParquetTimestampsHive2Compatibility" time="0"/>
  <testcase name="testWriteHive4ReadHive4UsingNewConversion(String)[361]" classname="org.apache.hadoop.hive.ql.io.parquet.serde.TestParquetTimestampsHive2Compatibility" time="0"/>
  <testcase name="testWriteHive4ReadHive4UsingNewConversion(String)[362]" classname="org.apache.hadoop.hive.ql.io.parquet.serde.TestParquetTimestampsHive2Compatibility" time="0"/>
  <testcase name="testWriteHive4ReadHive4UsingNewConversion(String)[363]" classname="org.apache.hadoop.hive.ql.io.parquet.serde.TestParquetTimestampsHive2Compatibility" time="0"/>
  <testcase name="testWriteHive4ReadHive4UsingNewConversion(String)[364]" classname="org.apache.hadoop.hive.ql.io.parquet.serde.TestParquetTimestampsHive2Compatibility" time="0"/>
  <testcase name="testWriteHive4ReadHive4UsingNewConversion(String)[365]" classname="org.apache.hadoop.hive.ql.io.parquet.serde.TestParquetTimestampsHive2Compatibility" time="0"/>
  <testcase name="testWriteHive4ReadHive4UsingNewConversion(String)[366]" classname="org.apache.hadoop.hive.ql.io.parquet.serde.TestParquetTimestampsHive2Compatibility" time="0"/>
  <testcase name="testWriteHive4ReadHive4UsingNewConversion(String)[367]" classname="org.apache.hadoop.hive.ql.io.parquet.serde.TestParquetTimestampsHive2Compatibility" time="0"/>
  <testcase name="testWriteHive4ReadHive4UsingNewConversion(String)[368]" classname="org.apache.hadoop.hive.ql.io.parquet.serde.TestParquetTimestampsHive2Compatibility" time="0"/>
  <testcase name="testWriteHive4ReadHive4UsingNewConversion(String)[369]" classname="org.apache.hadoop.hive.ql.io.parquet.serde.TestParquetTimestampsHive2Compatibility" time="0"/>
  <testcase name="testWriteHive4ReadHive4UsingNewConversion(String)[370]" classname="org.apache.hadoop.hive.ql.io.parquet.serde.TestParquetTimestampsHive2Compatibility" time="0"/>
  <testcase name="testWriteHive4ReadHive4UsingNewConversion(String)[371]" classname="org.apache.hadoop.hive.ql.io.parquet.serde.TestParquetTimestampsHive2Compatibility" time="0"/>
  <testcase name="testWriteHive4ReadHive4UsingNewConversion(String)[372]" classname="org.apache.hadoop.hive.ql.io.parquet.serde.TestParquetTimestampsHive2Compatibility" time="0"/>
  <testcase name="testWriteHive4ReadHive4UsingNewConversion(String)[373]" classname="org.apache.hadoop.hive.ql.io.parquet.serde.TestParquetTimestampsHive2Compatibility" time="0"/>
  <testcase name="testWriteHive4ReadHive4UsingNewConversion(String)[374]" classname="org.apache.hadoop.hive.ql.io.parquet.serde.TestParquetTimestampsHive2Compatibility" time="0"/>
  <testcase name="testWriteHive4ReadHive4UsingNewConversion(String)[375]" classname="org.apache.hadoop.hive.ql.io.parquet.serde.TestParquetTimestampsHive2Compatibility" time="0"/>
  <testcase name="testWriteHive4ReadHive4UsingNewConversion(String)[376]" classname="org.apache.hadoop.hive.ql.io.parquet.serde.TestParquetTimestampsHive2Compatibility" time="0"/>
  <testcase name="testWriteHive4ReadHive4UsingNewConversion(String)[377]" classname="org.apache.hadoop.hive.ql.io.parquet.serde.TestParquetTimestampsHive2Compatibility" time="0"/>
  <testcase name="testWriteHive4ReadHive4UsingNewConversion(String)[378]" classname="org.apache.hadoop.hive.ql.io.parquet.serde.TestParquetTimestampsHive2Compatibility" time="0"/>
  <testcase name="testWriteHive4ReadHive4UsingNewConversion(String)[379]" classname="org.apache.hadoop.hive.ql.io.parquet.serde.TestParquetTimestampsHive2Compatibility" time="0"/>
  <testcase name="testWriteHive4ReadHive4UsingNewConversion(String)[380]" classname="org.apache.hadoop.hive.ql.io.parquet.serde.TestParquetTimestampsHive2Compatibility" time="0"/>
  <testcase name="testWriteHive4ReadHive4UsingNewConversion(String)[381]" classname="org.apache.hadoop.hive.ql.io.parquet.serde.TestParquetTimestampsHive2Compatibility" time="0"/>
  <testcase name="testWriteHive4ReadHive4UsingNewConversion(String)[382]" classname="org.apache.hadoop.hive.ql.io.parquet.serde.TestParquetTimestampsHive2Compatibility" time="0"/>
  <testcase name="testWriteHive4ReadHive4UsingNewConversion(String)[383]" classname="org.apache.hadoop.hive.ql.io.parquet.serde.TestParquetTimestampsHive2Compatibility" time="0"/>
  <testcase name="testWriteHive4ReadHive4UsingNewConversion(String)[384]" classname="org.apache.hadoop.hive.ql.io.parquet.serde.TestParquetTimestampsHive2Compatibility" time="0"/>
  <testcase name="testWriteHive4ReadHive4UsingNewConversion(String)[385]" classname="org.apache.hadoop.hive.ql.io.parquet.serde.TestParquetTimestampsHive2Compatibility" time="0.001"/>
  <testcase name="testWriteHive4ReadHive4UsingNewConversion(String)[386]" classname="org.apache.hadoop.hive.ql.io.parquet.serde.TestParquetTimestampsHive2Compatibility" time="0"/>
  <testcase name="testWriteHive4ReadHive4UsingNewConversion(String)[387]" classname="org.apache.hadoop.hive.ql.io.parquet.serde.TestParquetTimestampsHive2Compatibility" time="0"/>
  <testcase name="testWriteHive4ReadHive4UsingNewConversion(String)[388]" classname="org.apache.hadoop.hive.ql.io.parquet.serde.TestParquetTimestampsHive2Compatibility" time="0"/>
  <testcase name="testWriteHive4ReadHive4UsingNewConversion(String)[389]" classname="org.apache.hadoop.hive.ql.io.parquet.serde.TestParquetTimestampsHive2Compatibility" time="0"/>
  <testcase name="testWriteHive4ReadHive4UsingNewConversion(String)[390]" classname="org.apache.hadoop.hive.ql.io.parquet.serde.TestParquetTimestampsHive2Compatibility" time="0.001"/>
  <testcase name="testWriteHive4ReadHive4UsingNewConversion(String)[391]" classname="org.apache.hadoop.hive.ql.io.parquet.serde.TestParquetTimestampsHive2Compatibility" time="0"/>
  <testcase name="testWriteHive4ReadHive4UsingNewConversion(String)[392]" classname="org.apache.hadoop.hive.ql.io.parquet.serde.TestParquetTimestampsHive2Compatibility" time="0"/>
  <testcase name="testWriteHive4ReadHive4UsingNewConversion(String)[393]" classname="org.apache.hadoop.hive.ql.io.parquet.serde.TestParquetTimestampsHive2Compatibility" time="0"/>
  <testcase name="testWriteHive4ReadHive4UsingNewConversion(String)[394]" classname="org.apache.hadoop.hive.ql.io.parquet.serde.TestParquetTimestampsHive2Compatibility" time="0.001"/>
  <testcase name="testWriteHive4ReadHive4UsingNewConversion(String)[395]" classname="org.apache.hadoop.hive.ql.io.parquet.serde.TestParquetTimestampsHive2Compatibility" time="0"/>
  <testcase name="testWriteHive4ReadHive4UsingNewConversion(String)[396]" classname="org.apache.hadoop.hive.ql.io.parquet.serde.TestParquetTimestampsHive2Compatibility" time="0"/>
  <testcase name="testWriteHive4ReadHive4UsingNewConversion(String)[397]" classname="org.apache.hadoop.hive.ql.io.parquet.serde.TestParquetTimestampsHive2Compatibility" time="0"/>
  <testcase name="testWriteHive4ReadHive4UsingNewConversion(String)[398]" classname="org.apache.hadoop.hive.ql.io.parquet.serde.TestParquetTimestampsHive2Compatibility" time="0"/>
  <testcase name="testWriteHive4ReadHive4UsingNewConversion(String)[399]" classname="org.apache.hadoop.hive.ql.io.parquet.serde.TestParquetTimestampsHive2Compatibility" time="0"/>
  <testcase name="testWriteHive4ReadHive4UsingNewConversion(String)[400]" classname="org.apache.hadoop.hive.ql.io.parquet.serde.TestParquetTimestampsHive2Compatibility" time="0"/>
  <testcase name="testWriteHive4ReadHive4UsingNewConversion(String)[401]" classname="org.apache.hadoop.hive.ql.io.parquet.serde.TestParquetTimestampsHive2Compatibility" time="0"/>
  <testcase name="testWriteHive4ReadHive4UsingNewConversion(String)[402]" classname="org.apache.hadoop.hive.ql.io.parquet.serde.TestParquetTimestampsHive2Compatibility" time="0"/>
  <testcase name="testWriteHive4ReadHive4UsingNewConversion(String)[403]" classname="org.apache.hadoop.hive.ql.io.parquet.serde.TestParquetTimestampsHive2Compatibility" time="0"/>
  <testcase name="testWriteHive4ReadHive4UsingNewConversion(String)[404]" classname="org.apache.hadoop.hive.ql.io.parquet.serde.TestParquetTimestampsHive2Compatibility" time="0"/>
  <testcase name="testWriteHive4ReadHive4UsingNewConversion(String)[405]" classname="org.apache.hadoop.hive.ql.io.parquet.serde.TestParquetTimestampsHive2Compatibility" time="0"/>
  <testcase name="testWriteHive4ReadHive4UsingNewConversion(String)[406]" classname="org.apache.hadoop.hive.ql.io.parquet.serde.TestParquetTimestampsHive2Compatibility" time="0"/>
  <testcase name="testWriteHive4ReadHive4UsingNewConversion(String)[407]" classname="org.apache.hadoop.hive.ql.io.parquet.serde.TestParquetTimestampsHive2Compatibility" time="0"/>
  <testcase name="testWriteHive4ReadHive4UsingNewConversion(String)[408]" classname="org.apache.hadoop.hive.ql.io.parquet.serde.TestParquetTimestampsHive2Compatibility" time="0"/>
  <testcase name="testWriteHive4ReadHive4UsingNewConversion(String)[409]" classname="org.apache.hadoop.hive.ql.io.parquet.serde.TestParquetTimestampsHive2Compatibility" time="0"/>
  <testcase name="testWriteHive4ReadHive4UsingNewConversion(String)[410]" classname="org.apache.hadoop.hive.ql.io.parquet.serde.TestParquetTimestampsHive2Compatibility" time="0"/>
  <testcase name="testWriteHive4ReadHive4UsingNewConversion(String)[411]" classname="org.apache.hadoop.hive.ql.io.parquet.serde.TestParquetTimestampsHive2Compatibility" time="0"/>
  <testcase name="testWriteHive4ReadHive4UsingNewConversion(String)[412]" classname="org.apache.hadoop.hive.ql.io.parquet.serde.TestParquetTimestampsHive2Compatibility" time="0"/>
  <testcase name="testWriteHive4ReadHive4UsingNewConversion(String)[413]" classname="org.apache.hadoop.hive.ql.io.parquet.serde.TestParquetTimestampsHive2Compatibility" time="0"/>
  <testcase name="testWriteHive4ReadHive4UsingNewConversion(String)[414]" classname="org.apache.hadoop.hive.ql.io.parquet.serde.TestParquetTimestampsHive2Compatibility" time="0"/>
  <testcase name="testWriteHive4ReadHive4UsingNewConversion(String)[415]" classname="org.apache.hadoop.hive.ql.io.parquet.serde.TestParquetTimestampsHive2Compatibility" time="0"/>
  <testcase name="testWriteHive4ReadHive4UsingNewConversion(String)[416]" classname="org.apache.hadoop.hive.ql.io.parquet.serde.TestParquetTimestampsHive2Compatibility" time="0"/>
  <testcase name="testWriteHive4ReadHive4UsingNewConversion(String)[417]" classname="org.apache.hadoop.hive.ql.io.parquet.serde.TestParquetTimestampsHive2Compatibility" time="0"/>
  <testcase name="testWriteHive4ReadHive4UsingNewConversion(String)[418]" classname="org.apache.hadoop.hive.ql.io.parquet.serde.TestParquetTimestampsHive2Compatibility" time="0"/>
  <testcase name="testWriteHive4ReadHive4UsingNewConversion(String)[419]" classname="org.apache.hadoop.hive.ql.io.parquet.serde.TestParquetTimestampsHive2Compatibility" time="0"/>
  <testcase name="testWriteHive4ReadHive4UsingNewConversion(String)[420]" classname="org.apache.hadoop.hive.ql.io.parquet.serde.TestParquetTimestampsHive2Compatibility" time="0"/>
  <testcase name="testWriteHive4ReadHive4UsingNewConversion(String)[421]" classname="org.apache.hadoop.hive.ql.io.parquet.serde.TestParquetTimestampsHive2Compatibility" time="0.001"/>
  <testcase name="testWriteHive4ReadHive4UsingNewConversion(String)[422]" classname="org.apache.hadoop.hive.ql.io.parquet.serde.TestParquetTimestampsHive2Compatibility" time="0"/>
  <testcase name="testWriteHive4ReadHive4UsingNewConversion(String)[423]" classname="org.apache.hadoop.hive.ql.io.parquet.serde.TestParquetTimestampsHive2Compatibility" time="0"/>
  <testcase name="testWriteHive4ReadHive4UsingNewConversion(String)[424]" classname="org.apache.hadoop.hive.ql.io.parquet.serde.TestParquetTimestampsHive2Compatibility" time="0"/>
  <testcase name="testWriteHive4ReadHive4UsingNewConversion(String)[425]" classname="org.apache.hadoop.hive.ql.io.parquet.serde.TestParquetTimestampsHive2Compatibility" time="0"/>
  <testcase name="testWriteHive4ReadHive4UsingNewConversion(String)[426]" classname="org.apache.hadoop.hive.ql.io.parquet.serde.TestParquetTimestampsHive2Compatibility" time="0"/>
  <testcase name="testWriteHive4ReadHive4UsingNewConversion(String)[427]" classname="org.apache.hadoop.hive.ql.io.parquet.serde.TestParquetTimestampsHive2Compatibility" time="0"/>
  <testcase name="testWriteHive4ReadHive4UsingNewConversion(String)[428]" classname="org.apache.hadoop.hive.ql.io.parquet.serde.TestParquetTimestampsHive2Compatibility" time="0"/>
  <testcase name="testWriteHive4ReadHive4UsingNewConversion(String)[429]" classname="org.apache.hadoop.hive.ql.io.parquet.serde.TestParquetTimestampsHive2Compatibility" time="0"/>
  <testcase name="testWriteHive4ReadHive4UsingNewConversion(String)[430]" classname="org.apache.hadoop.hive.ql.io.parquet.serde.TestParquetTimestampsHive2Compatibility" time="0"/>
  <testcase name="testWriteHive4ReadHive4UsingNewConversion(String)[431]" classname="org.apache.hadoop.hive.ql.io.parquet.serde.TestParquetTimestampsHive2Compatibility" time="0"/>
  <testcase name="testWriteHive4ReadHive4UsingNewConversion(String)[432]" classname="org.apache.hadoop.hive.ql.io.parquet.serde.TestParquetTimestampsHive2Compatibility" time="0"/>
  <testcase name="testWriteHive4ReadHive4UsingNewConversion(String)[433]" classname="org.apache.hadoop.hive.ql.io.parquet.serde.TestParquetTimestampsHive2Compatibility" time="0"/>
  <testcase name="testWriteHive4ReadHive4UsingNewConversion(String)[434]" classname="org.apache.hadoop.hive.ql.io.parquet.serde.TestParquetTimestampsHive2Compatibility" time="0"/>
  <testcase name="testWriteHive4ReadHive4UsingNewConversion(String)[435]" classname="org.apache.hadoop.hive.ql.io.parquet.serde.TestParquetTimestampsHive2Compatibility" time="0"/>
  <testcase name="testWriteHive4ReadHive4UsingNewConversion(String)[436]" classname="org.apache.hadoop.hive.ql.io.parquet.serde.TestParquetTimestampsHive2Compatibility" time="0"/>
  <testcase name="testWriteHive4ReadHive4UsingNewConversion(String)[437]" classname="org.apache.hadoop.hive.ql.io.parquet.serde.TestParquetTimestampsHive2Compatibility" time="0"/>
  <testcase name="testWriteHive4ReadHive4UsingNewConversion(String)[438]" classname="org.apache.hadoop.hive.ql.io.parquet.serde.TestParquetTimestampsHive2Compatibility" time="0"/>
  <testcase name="testWriteHive4ReadHive4UsingNewConversion(String)[439]" classname="org.apache.hadoop.hive.ql.io.parquet.serde.TestParquetTimestampsHive2Compatibility" time="0"/>
  <testcase name="testWriteHive4ReadHive4UsingNewConversion(String)[440]" classname="org.apache.hadoop.hive.ql.io.parquet.serde.TestParquetTimestampsHive2Compatibility" time="0"/>
  <testcase name="testWriteHive4ReadHive4UsingNewConversion(String)[441]" classname="org.apache.hadoop.hive.ql.io.parquet.serde.TestParquetTimestampsHive2Compatibility" time="0"/>
  <testcase name="testWriteHive4ReadHive4UsingNewConversion(String)[442]" classname="org.apache.hadoop.hive.ql.io.parquet.serde.TestParquetTimestampsHive2Compatibility" time="0"/>
  <testcase name="testWriteHive4ReadHive4UsingNewConversion(String)[443]" classname="org.apache.hadoop.hive.ql.io.parquet.serde.TestParquetTimestampsHive2Compatibility" time="0"/>
  <testcase name="testWriteHive4ReadHive4UsingNewConversion(String)[444]" classname="org.apache.hadoop.hive.ql.io.parquet.serde.TestParquetTimestampsHive2Compatibility" time="0"/>
  <testcase name="testWriteHive4ReadHive4UsingNewConversion(String)[445]" classname="org.apache.hadoop.hive.ql.io.parquet.serde.TestParquetTimestampsHive2Compatibility" time="0"/>
  <testcase name="testWriteHive4ReadHive4UsingNewConversion(String)[446]" classname="org.apache.hadoop.hive.ql.io.parquet.serde.TestParquetTimestampsHive2Compatibility" time="0"/>
  <testcase name="testWriteHive4ReadHive4UsingNewConversion(String)[447]" classname="org.apache.hadoop.hive.ql.io.parquet.serde.TestParquetTimestampsHive2Compatibility" time="0"/>
  <testcase name="testWriteHive4ReadHive4UsingNewConversion(String)[448]" classname="org.apache.hadoop.hive.ql.io.parquet.serde.TestParquetTimestampsHive2Compatibility" time="0"/>
  <testcase name="testWriteHive4ReadHive4UsingNewConversion(String)[449]" classname="org.apache.hadoop.hive.ql.io.parquet.serde.TestParquetTimestampsHive2Compatibility" time="0.001"/>
  <testcase name="testWriteHive4ReadHive4UsingNewConversion(String)[450]" classname="org.apache.hadoop.hive.ql.io.parquet.serde.TestParquetTimestampsHive2Compatibility" time="0"/>
  <testcase name="testWriteHive4ReadHive4UsingNewConversion(String)[451]" classname="org.apache.hadoop.hive.ql.io.parquet.serde.TestParquetTimestampsHive2Compatibility" time="0"/>
  <testcase name="testWriteHive4ReadHive4UsingNewConversion(String)[452]" classname="org.apache.hadoop.hive.ql.io.parquet.serde.TestParquetTimestampsHive2Compatibility" time="0"/>
  <testcase name="testWriteHive4ReadHive4UsingNewConversion(String)[453]" classname="org.apache.hadoop.hive.ql.io.parquet.serde.TestParquetTimestampsHive2Compatibility" time="0"/>
  <testcase name="testWriteHive4ReadHive4UsingNewConversion(String)[454]" classname="org.apache.hadoop.hive.ql.io.parquet.serde.TestParquetTimestampsHive2Compatibility" time="0"/>
  <testcase name="testWriteHive4ReadHive4UsingNewConversion(String)[455]" classname="org.apache.hadoop.hive.ql.io.parquet.serde.TestParquetTimestampsHive2Compatibility" time="0"/>
  <testcase name="testWriteHive4ReadHive4UsingNewConversion(String)[456]" classname="org.apache.hadoop.hive.ql.io.parquet.serde.TestParquetTimestampsHive2Compatibility" time="0"/>
  <testcase name="testWriteHive4ReadHive4UsingNewConversion(String)[457]" classname="org.apache.hadoop.hive.ql.io.parquet.serde.TestParquetTimestampsHive2Compatibility" time="0"/>
  <testcase name="testWriteHive4ReadHive4UsingNewConversion(String)[458]" classname="org.apache.hadoop.hive.ql.io.parquet.serde.TestParquetTimestampsHive2Compatibility" time="0"/>
  <testcase name="testWriteHive4ReadHive4UsingNewConversion(String)[459]" classname="org.apache.hadoop.hive.ql.io.parquet.serde.TestParquetTimestampsHive2Compatibility" time="0"/>
  <testcase name="testWriteHive4ReadHive4UsingNewConversion(String)[460]" classname="org.apache.hadoop.hive.ql.io.parquet.serde.TestParquetTimestampsHive2Compatibility" time="0"/>
  <testcase name="testWriteHive4ReadHive4UsingNewConversion(String)[461]" classname="org.apache.hadoop.hive.ql.io.parquet.serde.TestParquetTimestampsHive2Compatibility" time="0"/>
  <testcase name="testWriteHive4ReadHive4UsingNewConversion(String)[462]" classname="org.apache.hadoop.hive.ql.io.parquet.serde.TestParquetTimestampsHive2Compatibility" time="0"/>
  <testcase name="testWriteHive4ReadHive4UsingNewConversion(String)[463]" classname="org.apache.hadoop.hive.ql.io.parquet.serde.TestParquetTimestampsHive2Compatibility" time="0"/>
  <testcase name="testWriteHive4ReadHive4UsingNewConversion(String)[464]" classname="org.apache.hadoop.hive.ql.io.parquet.serde.TestParquetTimestampsHive2Compatibility" time="0"/>
  <testcase name="testWriteHive4ReadHive4UsingNewConversion(String)[465]" classname="org.apache.hadoop.hive.ql.io.parquet.serde.TestParquetTimestampsHive2Compatibility" time="0"/>
  <testcase name="testWriteHive4ReadHive4UsingNewConversion(String)[466]" classname="org.apache.hadoop.hive.ql.io.parquet.serde.TestParquetTimestampsHive2Compatibility" time="0"/>
  <testcase name="testWriteHive4ReadHive4UsingNewConversion(String)[467]" classname="org.apache.hadoop.hive.ql.io.parquet.serde.TestParquetTimestampsHive2Compatibility" time="0.001"/>
  <testcase name="testWriteHive4ReadHive4UsingNewConversion(String)[468]" classname="org.apache.hadoop.hive.ql.io.parquet.serde.TestParquetTimestampsHive2Compatibility" time="0"/>
  <testcase name="testWriteHive4ReadHive4UsingNewConversion(String)[469]" classname="org.apache.hadoop.hive.ql.io.parquet.serde.TestParquetTimestampsHive2Compatibility" time="0"/>
  <testcase name="testWriteHive4ReadHive4UsingNewConversion(String)[470]" classname="org.apache.hadoop.hive.ql.io.parquet.serde.TestParquetTimestampsHive2Compatibility" time="0"/>
  <testcase name="testWriteHive4ReadHive4UsingNewConversion(String)[471]" classname="org.apache.hadoop.hive.ql.io.parquet.serde.TestParquetTimestampsHive2Compatibility" time="0"/>
  <testcase name="testWriteHive4ReadHive4UsingNewConversion(String)[472]" classname="org.apache.hadoop.hive.ql.io.parquet.serde.TestParquetTimestampsHive2Compatibility" time="0"/>
  <testcase name="testWriteHive4ReadHive4UsingNewConversion(String)[473]" classname="org.apache.hadoop.hive.ql.io.parquet.serde.TestParquetTimestampsHive2Compatibility" time="0"/>
  <testcase name="testWriteHive4ReadHive4UsingNewConversion(String)[474]" classname="org.apache.hadoop.hive.ql.io.parquet.serde.TestParquetTimestampsHive2Compatibility" time="0"/>
  <testcase name="testWriteHive4ReadHive4UsingNewConversion(String)[475]" classname="org.apache.hadoop.hive.ql.io.parquet.serde.TestParquetTimestampsHive2Compatibility" time="0"/>
  <testcase name="testWriteHive4ReadHive4UsingNewConversion(String)[476]" classname="org.apache.hadoop.hive.ql.io.parquet.serde.TestParquetTimestampsHive2Compatibility" time="0"/>
  <testcase name="testWriteHive4ReadHive4UsingNewConversion(String)[477]" classname="org.apache.hadoop.hive.ql.io.parquet.serde.TestParquetTimestampsHive2Compatibility" time="0"/>
  <testcase name="testWriteHive4ReadHive4UsingNewConversion(String)[478]" classname="org.apache.hadoop.hive.ql.io.parquet.serde.TestParquetTimestampsHive2Compatibility" time="0"/>
  <testcase name="testWriteHive4ReadHive4UsingNewConversion(String)[479]" classname="org.apache.hadoop.hive.ql.io.parquet.serde.TestParquetTimestampsHive2Compatibility" time="0"/>
  <testcase name="testWriteHive4ReadHive4UsingNewConversion(String)[480]" classname="org.apache.hadoop.hive.ql.io.parquet.serde.TestParquetTimestampsHive2Compatibility" time="0"/>
  <testcase name="testWriteHive4ReadHive4UsingNewConversion(String)[481]" classname="org.apache.hadoop.hive.ql.io.parquet.serde.TestParquetTimestampsHive2Compatibility" time="0"/>
  <testcase name="testWriteHive4ReadHive4UsingNewConversion(String)[482]" classname="org.apache.hadoop.hive.ql.io.parquet.serde.TestParquetTimestampsHive2Compatibility" time="0.001"/>
  <testcase name="testWriteHive4ReadHive4UsingNewConversion(String)[483]" classname="org.apache.hadoop.hive.ql.io.parquet.serde.TestParquetTimestampsHive2Compatibility" time="0"/>
  <testcase name="testWriteHive4ReadHive4UsingNewConversion(String)[484]" classname="org.apache.hadoop.hive.ql.io.parquet.serde.TestParquetTimestampsHive2Compatibility" time="0"/>
  <testcase name="testWriteHive4ReadHive4UsingNewConversion(String)[485]" classname="org.apache.hadoop.hive.ql.io.parquet.serde.TestParquetTimestampsHive2Compatibility" time="0"/>
  <testcase name="testWriteHive4ReadHive4UsingNewConversion(String)[486]" classname="org.apache.hadoop.hive.ql.io.parquet.serde.TestParquetTimestampsHive2Compatibility" time="0"/>
  <testcase name="testWriteHive4ReadHive4UsingNewConversion(String)[487]" classname="org.apache.hadoop.hive.ql.io.parquet.serde.TestParquetTimestampsHive2Compatibility" time="0.001"/>
  <testcase name="testWriteHive4ReadHive4UsingNewConversion(String)[488]" classname="org.apache.hadoop.hive.ql.io.parquet.serde.TestParquetTimestampsHive2Compatibility" time="0"/>
  <testcase name="testWriteHive4ReadHive4UsingNewConversion(String)[489]" classname="org.apache.hadoop.hive.ql.io.parquet.serde.TestParquetTimestampsHive2Compatibility" time="0"/>
  <testcase name="testWriteHive4ReadHive4UsingNewConversion(String)[490]" classname="org.apache.hadoop.hive.ql.io.parquet.serde.TestParquetTimestampsHive2Compatibility" time="0"/>
  <testcase name="testWriteHive4ReadHive4UsingNewConversion(String)[491]" classname="org.apache.hadoop.hive.ql.io.parquet.serde.TestParquetTimestampsHive2Compatibility" time="0"/>
  <testcase name="testWriteHive4ReadHive4UsingNewConversion(String)[492]" classname="org.apache.hadoop.hive.ql.io.parquet.serde.TestParquetTimestampsHive2Compatibility" time="0.001"/>
  <testcase name="testWriteHive4ReadHive4UsingNewConversion(String)[493]" classname="org.apache.hadoop.hive.ql.io.parquet.serde.TestParquetTimestampsHive2Compatibility" time="0"/>
  <testcase name="testWriteHive4ReadHive4UsingNewConversion(String)[494]" classname="org.apache.hadoop.hive.ql.io.parquet.serde.TestParquetTimestampsHive2Compatibility" time="0"/>
  <testcase name="testWriteHive4ReadHive4UsingNewConversion(String)[495]" classname="org.apache.hadoop.hive.ql.io.parquet.serde.TestParquetTimestampsHive2Compatibility" time="0"/>
  <testcase name="testWriteHive4ReadHive4UsingNewConversion(String)[496]" classname="org.apache.hadoop.hive.ql.io.parquet.serde.TestParquetTimestampsHive2Compatibility" time="0"/>
  <testcase name="testWriteHive4ReadHive4UsingNewConversion(String)[497]" classname="org.apache.hadoop.hive.ql.io.parquet.serde.TestParquetTimestampsHive2Compatibility" time="0"/>
  <testcase name="testWriteHive4ReadHive4UsingNewConversion(String)[498]" classname="org.apache.hadoop.hive.ql.io.parquet.serde.TestParquetTimestampsHive2Compatibility" time="0"/>
  <testcase name="testWriteHive4ReadHive4UsingNewConversion(String)[499]" classname="org.apache.hadoop.hive.ql.io.parquet.serde.TestParquetTimestampsHive2Compatibility" time="0"/>
  <testcase name="testWriteHive4ReadHive4UsingNewConversion(String)[500]" classname="org.apache.hadoop.hive.ql.io.parquet.serde.TestParquetTimestampsHive2Compatibility" time="0"/>
  <testcase name="testWriteHive4ReadHive4UsingNewConversion(String)[501]" classname="org.apache.hadoop.hive.ql.io.parquet.serde.TestParquetTimestampsHive2Compatibility" time="0"/>
  <testcase name="testWriteHive4ReadHive4UsingNewConversion(String)[502]" classname="org.apache.hadoop.hive.ql.io.parquet.serde.TestParquetTimestampsHive2Compatibility" time="0"/>
  <testcase name="testWriteHive4ReadHive4UsingNewConversion(String)[503]" classname="org.apache.hadoop.hive.ql.io.parquet.serde.TestParquetTimestampsHive2Compatibility" time="0.001"/>
  <testcase name="testWriteHive4ReadHive4UsingNewConversion(String)[504]" classname="org.apache.hadoop.hive.ql.io.parquet.serde.TestParquetTimestampsHive2Compatibility" time="0"/>
  <testcase name="testWriteHive4ReadHive4UsingNewConversion(String)[505]" classname="org.apache.hadoop.hive.ql.io.parquet.serde.TestParquetTimestampsHive2Compatibility" time="0"/>
  <testcase name="testWriteHive4ReadHive4UsingNewConversion(String)[506]" classname="org.apache.hadoop.hive.ql.io.parquet.serde.TestParquetTimestampsHive2Compatibility" time="0"/>
  <testcase name="testWriteHive4ReadHive4UsingNewConversion(String)[507]" classname="org.apache.hadoop.hive.ql.io.parquet.serde.TestParquetTimestampsHive2Compatibility" time="0"/>
  <testcase name="testWriteHive4ReadHive4UsingNewConversion(String)[508]" classname="org.apache.hadoop.hive.ql.io.parquet.serde.TestParquetTimestampsHive2Compatibility" time="0.001"/>
  <testcase name="testWriteHive4ReadHive4UsingNewConversion(String)[509]" classname="org.apache.hadoop.hive.ql.io.parquet.serde.TestParquetTimestampsHive2Compatibility" time="0"/>
  <testcase name="testWriteHive4ReadHive4UsingNewConversion(String)[510]" classname="org.apache.hadoop.hive.ql.io.parquet.serde.TestParquetTimestampsHive2Compatibility" time="0"/>
  <testcase name="testWriteHive4ReadHive4UsingNewConversion(String)[511]" classname="org.apache.hadoop.hive.ql.io.parquet.serde.TestParquetTimestampsHive2Compatibility" time="0"/>
  <testcase name="testWriteHive4ReadHive4UsingNewConversion(String)[512]" classname="org.apache.hadoop.hive.ql.io.parquet.serde.TestParquetTimestampsHive2Compatibility" time="0"/>
  <testcase name="testWriteHive4ReadHive4UsingNewConversion(String)[513]" classname="org.apache.hadoop.hive.ql.io.parquet.serde.TestParquetTimestampsHive2Compatibility" time="0"/>
  <testcase name="testWriteHive4ReadHive4UsingNewConversion(String)[514]" classname="org.apache.hadoop.hive.ql.io.parquet.serde.TestParquetTimestampsHive2Compatibility" time="0"/>
  <testcase name="testWriteHive4ReadHive4UsingNewConversion(String)[515]" classname="org.apache.hadoop.hive.ql.io.parquet.serde.TestParquetTimestampsHive2Compatibility" time="0"/>
  <testcase name="testWriteHive4ReadHive4UsingNewConversion(String)[516]" classname="org.apache.hadoop.hive.ql.io.parquet.serde.TestParquetTimestampsHive2Compatibility" time="0"/>
  <testcase name="testWriteHive4ReadHive4UsingNewConversion(String)[517]" classname="org.apache.hadoop.hive.ql.io.parquet.serde.TestParquetTimestampsHive2Compatibility" time="0"/>
  <testcase name="testWriteHive4ReadHive4UsingNewConversion(String)[518]" classname="org.apache.hadoop.hive.ql.io.parquet.serde.TestParquetTimestampsHive2Compatibility" time="0"/>
  <testcase name="testWriteHive4ReadHive4UsingNewConversion(String)[519]" classname="org.apache.hadoop.hive.ql.io.parquet.serde.TestParquetTimestampsHive2Compatibility" time="0"/>
  <testcase name="testWriteHive4ReadHive4UsingNewConversion(String)[520]" classname="org.apache.hadoop.hive.ql.io.parquet.serde.TestParquetTimestampsHive2Compatibility" time="0"/>
  <testcase name="testWriteHive4ReadHive4UsingNewConversion(String)[521]" classname="org.apache.hadoop.hive.ql.io.parquet.serde.TestParquetTimestampsHive2Compatibility" time="0"/>
  <testcase name="testWriteHive4ReadHive4UsingNewConversion(String)[522]" classname="org.apache.hadoop.hive.ql.io.parquet.serde.TestParquetTimestampsHive2Compatibility" time="0"/>
  <testcase name="testWriteHive4ReadHive4UsingNewConversion(String)[523]" classname="org.apache.hadoop.hive.ql.io.parquet.serde.TestParquetTimestampsHive2Compatibility" time="0"/>
  <testcase name="testWriteHive4ReadHive4UsingNewConversion(String)[524]" classname="org.apache.hadoop.hive.ql.io.parquet.serde.TestParquetTimestampsHive2Compatibility" time="0"/>
  <testcase name="testWriteHive4ReadHive4UsingNewConversion(String)[525]" classname="org.apache.hadoop.hive.ql.io.parquet.serde.TestParquetTimestampsHive2Compatibility" time="0"/>
  <testcase name="testWriteHive4ReadHive4UsingNewConversion(String)[526]" classname="org.apache.hadoop.hive.ql.io.parquet.serde.TestParquetTimestampsHive2Compatibility" time="0"/>
  <testcase name="testWriteHive4ReadHive4UsingNewConversion(String)[527]" classname="org.apache.hadoop.hive.ql.io.parquet.serde.TestParquetTimestampsHive2Compatibility" time="0"/>
  <testcase name="testWriteHive4ReadHive4UsingNewConversion(String)[528]" classname="org.apache.hadoop.hive.ql.io.parquet.serde.TestParquetTimestampsHive2Compatibility" time="0"/>
  <testcase name="testWriteHive4ReadHive4UsingNewConversion(String)[529]" classname="org.apache.hadoop.hive.ql.io.parquet.serde.TestParquetTimestampsHive2Compatibility" time="0"/>
  <testcase name="testWriteHive4ReadHive4UsingNewConversion(String)[530]" classname="org.apache.hadoop.hive.ql.io.parquet.serde.TestParquetTimestampsHive2Compatibility" time="0"/>
  <testcase name="testWriteHive4ReadHive4UsingNewConversion(String)[531]" classname="org.apache.hadoop.hive.ql.io.parquet.serde.TestParquetTimestampsHive2Compatibility" time="0"/>
  <testcase name="testWriteHive4ReadHive4UsingNewConversion(String)[532]" classname="org.apache.hadoop.hive.ql.io.parquet.serde.TestParquetTimestampsHive2Compatibility" time="0"/>
  <testcase name="testWriteHive4ReadHive4UsingNewConversion(String)[533]" classname="org.apache.hadoop.hive.ql.io.parquet.serde.TestParquetTimestampsHive2Compatibility" time="0"/>
  <testcase name="testWriteHive4ReadHive4UsingNewConversion(String)[534]" classname="org.apache.hadoop.hive.ql.io.parquet.serde.TestParquetTimestampsHive2Compatibility" time="0.001"/>
  <testcase name="testWriteHive4ReadHive4UsingNewConversion(String)[535]" classname="org.apache.hadoop.hive.ql.io.parquet.serde.TestParquetTimestampsHive2Compatibility" time="0"/>
  <testcase name="testWriteHive4ReadHive4UsingNewConversion(String)[536]" classname="org.apache.hadoop.hive.ql.io.parquet.serde.TestParquetTimestampsHive2Compatibility" time="0"/>
  <testcase name="testWriteHive4ReadHive4UsingNewConversion(String)[537]" classname="org.apache.hadoop.hive.ql.io.parquet.serde.TestParquetTimestampsHive2Compatibility" time="0"/>
  <testcase name="testWriteHive4ReadHive4UsingNewConversion(String)[538]" classname="org.apache.hadoop.hive.ql.io.parquet.serde.TestParquetTimestampsHive2Compatibility" time="0"/>
  <testcase name="testWriteHive4ReadHive4UsingNewConversion(String)[539]" classname="org.apache.hadoop.hive.ql.io.parquet.serde.TestParquetTimestampsHive2Compatibility" time="0.001"/>
  <testcase name="testWriteHive4ReadHive4UsingNewConversion(String)[540]" classname="org.apache.hadoop.hive.ql.io.parquet.serde.TestParquetTimestampsHive2Compatibility" time="0"/>
  <testcase name="testWriteHive4ReadHive4UsingNewConversion(String)[541]" classname="org.apache.hadoop.hive.ql.io.parquet.serde.TestParquetTimestampsHive2Compatibility" time="0"/>
  <testcase name="testWriteHive4ReadHive4UsingNewConversion(String)[542]" classname="org.apache.hadoop.hive.ql.io.parquet.serde.TestParquetTimestampsHive2Compatibility" time="0"/>
  <testcase name="testWriteHive4ReadHive4UsingNewConversion(String)[543]" classname="org.apache.hadoop.hive.ql.io.parquet.serde.TestParquetTimestampsHive2Compatibility" time="0"/>
  <testcase name="testWriteHive4ReadHive4UsingNewConversion(String)[544]" classname="org.apache.hadoop.hive.ql.io.parquet.serde.TestParquetTimestampsHive2Compatibility" time="0.001"/>
  <testcase name="testWriteHive4ReadHive4UsingNewConversion(String)[545]" classname="org.apache.hadoop.hive.ql.io.parquet.serde.TestParquetTimestampsHive2Compatibility" time="0"/>
  <testcase name="testWriteHive4ReadHive4UsingNewConversion(String)[546]" classname="org.apache.hadoop.hive.ql.io.parquet.serde.TestParquetTimestampsHive2Compatibility" time="0"/>
  <testcase name="testWriteHive4ReadHive4UsingNewConversion(String)[547]" classname="org.apache.hadoop.hive.ql.io.parquet.serde.TestParquetTimestampsHive2Compatibility" time="0"/>
  <testcase name="testWriteHive4ReadHive4UsingNewConversion(String)[548]" classname="org.apache.hadoop.hive.ql.io.parquet.serde.TestParquetTimestampsHive2Compatibility" time="0"/>
  <testcase name="testWriteHive4ReadHive4UsingNewConversion(String)[549]" classname="org.apache.hadoop.hive.ql.io.parquet.serde.TestParquetTimestampsHive2Compatibility" time="0.001"/>
  <testcase name="testWriteHive4ReadHive4UsingNewConversion(String)[550]" classname="org.apache.hadoop.hive.ql.io.parquet.serde.TestParquetTimestampsHive2Compatibility" time="0"/>
  <testcase name="testWriteHive4ReadHive4UsingNewConversion(String)[551]" classname="org.apache.hadoop.hive.ql.io.parquet.serde.TestParquetTimestampsHive2Compatibility" time="0"/>
  <testcase name="testWriteHive4ReadHive4UsingNewConversion(String)[552]" classname="org.apache.hadoop.hive.ql.io.parquet.serde.TestParquetTimestampsHive2Compatibility" time="0"/>
  <testcase name="testWriteHive4ReadHive4UsingNewConversion(String)[553]" classname="org.apache.hadoop.hive.ql.io.parquet.serde.TestParquetTimestampsHive2Compatibility" time="0"/>
  <testcase name="testWriteHive4ReadHive4UsingNewConversion(String)[554]" classname="org.apache.hadoop.hive.ql.io.parquet.serde.TestParquetTimestampsHive2Compatibility" time="0"/>
  <testcase name="testWriteHive4ReadHive4UsingNewConversion(String)[555]" classname="org.apache.hadoop.hive.ql.io.parquet.serde.TestParquetTimestampsHive2Compatibility" time="0"/>
  <testcase name="testWriteHive4ReadHive4UsingNewConversion(String)[556]" classname="org.apache.hadoop.hive.ql.io.parquet.serde.TestParquetTimestampsHive2Compatibility" time="0"/>
  <testcase name="testWriteHive4ReadHive4UsingNewConversion(String)[557]" classname="org.apache.hadoop.hive.ql.io.parquet.serde.TestParquetTimestampsHive2Compatibility" time="0"/>
  <testcase name="testWriteHive4ReadHive4UsingNewConversion(String)[558]" classname="org.apache.hadoop.hive.ql.io.parquet.serde.TestParquetTimestampsHive2Compatibility" time="0"/>
  <testcase name="testWriteHive4ReadHive4UsingNewConversion(String)[559]" classname="org.apache.hadoop.hive.ql.io.parquet.serde.TestParquetTimestampsHive2Compatibility" time="0.001"/>
  <testcase name="testWriteHive4ReadHive4UsingNewConversion(String)[560]" classname="org.apache.hadoop.hive.ql.io.parquet.serde.TestParquetTimestampsHive2Compatibility" time="0"/>
  <testcase name="testWriteHive4ReadHive4UsingNewConversion(String)[561]" classname="org.apache.hadoop.hive.ql.io.parquet.serde.TestParquetTimestampsHive2Compatibility" time="0"/>
  <testcase name="testWriteHive4ReadHive4UsingNewConversion(String)[562]" classname="org.apache.hadoop.hive.ql.io.parquet.serde.TestParquetTimestampsHive2Compatibility" time="0"/>
  <testcase name="testWriteHive4ReadHive4UsingNewConversion(String)[563]" classname="org.apache.hadoop.hive.ql.io.parquet.serde.TestParquetTimestampsHive2Compatibility" time="0"/>
  <testcase name="testWriteHive4ReadHive4UsingNewConversion(String)[564]" classname="org.apache.hadoop.hive.ql.io.parquet.serde.TestParquetTimestampsHive2Compatibility" time="0.001"/>
  <testcase name="testWriteHive4ReadHive4UsingNewConversion(String)[565]" classname="org.apache.hadoop.hive.ql.io.parquet.serde.TestParquetTimestampsHive2Compatibility" time="0"/>
  <testcase name="testWriteHive4ReadHive4UsingNewConversion(String)[566]" classname="org.apache.hadoop.hive.ql.io.parquet.serde.TestParquetTimestampsHive2Compatibility" time="0"/>
  <testcase name="testWriteHive4ReadHive4UsingNewConversion(String)[567]" classname="org.apache.hadoop.hive.ql.io.parquet.serde.TestParquetTimestampsHive2Compatibility" time="0"/>
  <testcase name="testWriteHive4ReadHive4UsingNewConversion(String)[568]" classname="org.apache.hadoop.hive.ql.io.parquet.serde.TestParquetTimestampsHive2Compatibility" time="0"/>
  <testcase name="testWriteHive4ReadHive4UsingNewConversion(String)[569]" classname="org.apache.hadoop.hive.ql.io.parquet.serde.TestParquetTimestampsHive2Compatibility" time="0.001"/>
  <testcase name="testWriteHive4ReadHive4UsingNewConversion(String)[570]" classname="org.apache.hadoop.hive.ql.io.parquet.serde.TestParquetTimestampsHive2Compatibility" time="0"/>
  <testcase name="testWriteHive4ReadHive4UsingNewConversion(String)[571]" classname="org.apache.hadoop.hive.ql.io.parquet.serde.TestParquetTimestampsHive2Compatibility" time="0"/>
  <testcase name="testWriteHive4ReadHive4UsingNewConversion(String)[572]" classname="org.apache.hadoop.hive.ql.io.parquet.serde.TestParquetTimestampsHive2Compatibility" time="0"/>
  <testcase name="testWriteHive4ReadHive4UsingNewConversion(String)[573]" classname="org.apache.hadoop.hive.ql.io.parquet.serde.TestParquetTimestampsHive2Compatibility" time="0"/>
  <testcase name="testWriteHive4ReadHive4UsingNewConversion(String)[574]" classname="org.apache.hadoop.hive.ql.io.parquet.serde.TestParquetTimestampsHive2Compatibility" time="0.001"/>
  <testcase name="testWriteHive4ReadHive4UsingNewConversion(String)[575]" classname="org.apache.hadoop.hive.ql.io.parquet.serde.TestParquetTimestampsHive2Compatibility" time="0"/>
  <testcase name="testWriteHive4ReadHive4UsingNewConversion(String)[576]" classname="org.apache.hadoop.hive.ql.io.parquet.serde.TestParquetTimestampsHive2Compatibility" time="0"/>
  <testcase name="testWriteHive4ReadHive4UsingNewConversion(String)[577]" classname="org.apache.hadoop.hive.ql.io.parquet.serde.TestParquetTimestampsHive2Compatibility" time="0"/>
  <testcase name="testWriteHive4ReadHive4UsingNewConversion(String)[578]" classname="org.apache.hadoop.hive.ql.io.parquet.serde.TestParquetTimestampsHive2Compatibility" time="0"/>
  <testcase name="testWriteHive4ReadHive4UsingNewConversion(String)[579]" classname="org.apache.hadoop.hive.ql.io.parquet.serde.TestParquetTimestampsHive2Compatibility" time="0"/>
  <testcase name="testWriteHive4ReadHive4UsingNewConversion(String)[580]" classname="org.apache.hadoop.hive.ql.io.parquet.serde.TestParquetTimestampsHive2Compatibility" time="0"/>
  <testcase name="testWriteHive4ReadHive4UsingNewConversion(String)[581]" classname="org.apache.hadoop.hive.ql.io.parquet.serde.TestParquetTimestampsHive2Compatibility" time="0"/>
  <testcase name="testWriteHive4ReadHive4UsingNewConversion(String)[582]" classname="org.apache.hadoop.hive.ql.io.parquet.serde.TestParquetTimestampsHive2Compatibility" time="0"/>
  <testcase name="testWriteHive4ReadHive4UsingNewConversion(String)[583]" classname="org.apache.hadoop.hive.ql.io.parquet.serde.TestParquetTimestampsHive2Compatibility" time="0"/>
  <testcase name="testWriteHive4ReadHive4UsingNewConversion(String)[584]" classname="org.apache.hadoop.hive.ql.io.parquet.serde.TestParquetTimestampsHive2Compatibility" time="0"/>
  <testcase name="testWriteHive4ReadHive4UsingNewConversion(String)[585]" classname="org.apache.hadoop.hive.ql.io.parquet.serde.TestParquetTimestampsHive2Compatibility" time="0"/>
  <testcase name="testWriteHive4ReadHive4UsingNewConversion(String)[586]" classname="org.apache.hadoop.hive.ql.io.parquet.serde.TestParquetTimestampsHive2Compatibility" time="0"/>
  <testcase name="testWriteHive4ReadHive4UsingNewConversion(String)[587]" classname="org.apache.hadoop.hive.ql.io.parquet.serde.TestParquetTimestampsHive2Compatibility" time="0"/>
  <testcase name="testWriteHive4ReadHive4UsingNewConversion(String)[588]" classname="org.apache.hadoop.hive.ql.io.parquet.serde.TestParquetTimestampsHive2Compatibility" time="0"/>
  <testcase name="testWriteHive4ReadHive4UsingNewConversion(String)[589]" classname="org.apache.hadoop.hive.ql.io.parquet.serde.TestParquetTimestampsHive2Compatibility" time="0"/>
  <testcase name="testWriteHive4ReadHive4UsingNewConversion(String)[590]" classname="org.apache.hadoop.hive.ql.io.parquet.serde.TestParquetTimestampsHive2Compatibility" time="0"/>
  <testcase name="testWriteHive4ReadHive4UsingNewConversion(String)[591]" classname="org.apache.hadoop.hive.ql.io.parquet.serde.TestParquetTimestampsHive2Compatibility" time="0"/>
  <testcase name="testWriteHive4ReadHive4UsingNewConversion(String)[592]" classname="org.apache.hadoop.hive.ql.io.parquet.serde.TestParquetTimestampsHive2Compatibility" time="0"/>
  <testcase name="testWriteHive4ReadHive4UsingNewConversion(String)[593]" classname="org.apache.hadoop.hive.ql.io.parquet.serde.TestParquetTimestampsHive2Compatibility" time="0"/>
  <testcase name="testWriteHive4ReadHive4UsingNewConversion(String)[594]" classname="org.apache.hadoop.hive.ql.io.parquet.serde.TestParquetTimestampsHive2Compatibility" time="0"/>
  <testcase name="testWriteHive4ReadHive4UsingNewConversion(String)[595]" classname="org.apache.hadoop.hive.ql.io.parquet.serde.TestParquetTimestampsHive2Compatibility" time="0"/>
  <testcase name="testWriteHive4ReadHive4UsingNewConversion(String)[596]" classname="org.apache.hadoop.hive.ql.io.parquet.serde.TestParquetTimestampsHive2Compatibility" time="0"/>
  <testcase name="testWriteHive4ReadHive4UsingNewConversion(String)[597]" classname="org.apache.hadoop.hive.ql.io.parquet.serde.TestParquetTimestampsHive2Compatibility" time="0"/>
  <testcase name="testWriteHive4ReadHive4UsingNewConversion(String)[598]" classname="org.apache.hadoop.hive.ql.io.parquet.serde.TestParquetTimestampsHive2Compatibility" time="0"/>
  <testcase name="testWriteHive4ReadHive4UsingNewConversion(String)[599]" classname="org.apache.hadoop.hive.ql.io.parquet.serde.TestParquetTimestampsHive2Compatibility" time="0"/>
  <testcase name="testWriteHive4ReadHive4UsingNewConversion(String)[600]" classname="org.apache.hadoop.hive.ql.io.parquet.serde.TestParquetTimestampsHive2Compatibility" time="0.001"/>
  <testcase name="testWriteHive4ReadHive4UsingNewConversion(String)[601]" classname="org.apache.hadoop.hive.ql.io.parquet.serde.TestParquetTimestampsHive2Compatibility" time="0"/>
  <testcase name="testWriteHive4ReadHive4UsingNewConversion(String)[602]" classname="org.apache.hadoop.hive.ql.io.parquet.serde.TestParquetTimestampsHive2Compatibility" time="0"/>
  <testcase name="testWriteHive4ReadHive4UsingNewConversion(String)[603]" classname="org.apache.hadoop.hive.ql.io.parquet.serde.TestParquetTimestampsHive2Compatibility" time="0"/>
  <testcase name="testWriteHive4ReadHive4UsingNewConversion(String)[604]" classname="org.apache.hadoop.hive.ql.io.parquet.serde.TestParquetTimestampsHive2Compatibility" time="0"/>
  <testcase name="testWriteHive4ReadHive4UsingNewConversion(String)[605]" classname="org.apache.hadoop.hive.ql.io.parquet.serde.TestParquetTimestampsHive2Compatibility" time="0.001"/>
  <testcase name="testWriteHive4ReadHive4UsingNewConversion(String)[606]" classname="org.apache.hadoop.hive.ql.io.parquet.serde.TestParquetTimestampsHive2Compatibility" time="0"/>
  <testcase name="testWriteHive4ReadHive4UsingNewConversion(String)[607]" classname="org.apache.hadoop.hive.ql.io.parquet.serde.TestParquetTimestampsHive2Compatibility" time="0"/>
  <testcase name="testWriteHive4ReadHive4UsingNewConversion(String)[608]" classname="org.apache.hadoop.hive.ql.io.parquet.serde.TestParquetTimestampsHive2Compatibility" time="0"/>
  <testcase name="testWriteHive4ReadHive4UsingNewConversion(String)[609]" classname="org.apache.hadoop.hive.ql.io.parquet.serde.TestParquetTimestampsHive2Compatibility" time="0"/>
  <testcase name="testWriteHive4ReadHive4UsingNewConversion(String)[610]" classname="org.apache.hadoop.hive.ql.io.parquet.serde.TestParquetTimestampsHive2Compatibility" time="0"/>
  <testcase name="testWriteHive4ReadHive4UsingNewConversion(String)[611]" classname="org.apache.hadoop.hive.ql.io.parquet.serde.TestParquetTimestampsHive2Compatibility" time="0.001"/>
  <testcase name="testWriteHive4ReadHive4UsingNewConversion(String)[612]" classname="org.apache.hadoop.hive.ql.io.parquet.serde.TestParquetTimestampsHive2Compatibility" time="0"/>
  <testcase name="testWriteHive4ReadHive4UsingNewConversion(String)[613]" classname="org.apache.hadoop.hive.ql.io.parquet.serde.TestParquetTimestampsHive2Compatibility" time="0"/>
  <testcase name="testWriteHive4ReadHive4UsingNewConversion(String)[614]" classname="org.apache.hadoop.hive.ql.io.parquet.serde.TestParquetTimestampsHive2Compatibility" time="0"/>
  <testcase name="testWriteHive4ReadHive4UsingNewConversion(String)[615]" classname="org.apache.hadoop.hive.ql.io.parquet.serde.TestParquetTimestampsHive2Compatibility" time="0"/>
  <testcase name="testWriteHive4ReadHive4UsingNewConversion(String)[616]" classname="org.apache.hadoop.hive.ql.io.parquet.serde.TestParquetTimestampsHive2Compatibility" time="0"/>
  <testcase name="testWriteHive4ReadHive4UsingNewConversion(String)[617]" classname="org.apache.hadoop.hive.ql.io.parquet.serde.TestParquetTimestampsHive2Compatibility" time="0"/>
  <testcase name="testWriteHive4ReadHive4UsingNewConversion(String)[618]" classname="org.apache.hadoop.hive.ql.io.parquet.serde.TestParquetTimestampsHive2Compatibility" time="0"/>
  <testcase name="testWriteHive4ReadHive4UsingNewConversion(String)[619]" classname="org.apache.hadoop.hive.ql.io.parquet.serde.TestParquetTimestampsHive2Compatibility" time="0"/>
  <testcase name="testWriteHive4ReadHive4UsingNewConversion(String)[620]" classname="org.apache.hadoop.hive.ql.io.parquet.serde.TestParquetTimestampsHive2Compatibility" time="0"/>
  <testcase name="testWriteHive4ReadHive4UsingNewConversion(String)[621]" classname="org.apache.hadoop.hive.ql.io.parquet.serde.TestParquetTimestampsHive2Compatibility" time="0"/>
  <testcase name="testWriteHive4ReadHive4UsingNewConversion(String)[622]" classname="org.apache.hadoop.hive.ql.io.parquet.serde.TestParquetTimestampsHive2Compatibility" time="0"/>
  <testcase name="testWriteHive4ReadHive4UsingNewConversion(String)[623]" classname="org.apache.hadoop.hive.ql.io.parquet.serde.TestParquetTimestampsHive2Compatibility" time="0"/>
  <testcase name="testWriteHive4ReadHive4UsingNewConversion(String)[624]" classname="org.apache.hadoop.hive.ql.io.parquet.serde.TestParquetTimestampsHive2Compatibility" time="0"/>
  <testcase name="testWriteHive4ReadHive4UsingNewConversion(String)[625]" classname="org.apache.hadoop.hive.ql.io.parquet.serde.TestParquetTimestampsHive2Compatibility" time="0"/>
  <testcase name="testWriteHive4ReadHive4UsingNewConversion(String)[626]" classname="org.apache.hadoop.hive.ql.io.parquet.serde.TestParquetTimestampsHive2Compatibility" time="0"/>
  <testcase name="testWriteHive4ReadHive4UsingNewConversion(String)[627]" classname="org.apache.hadoop.hive.ql.io.parquet.serde.TestParquetTimestampsHive2Compatibility" time="0"/>
  <testcase name="testWriteHive4ReadHive4UsingNewConversion(String)[628]" classname="org.apache.hadoop.hive.ql.io.parquet.serde.TestParquetTimestampsHive2Compatibility" time="0.001"/>
  <testcase name="testWriteHive4ReadHive4UsingNewConversion(String)[629]" classname="org.apache.hadoop.hive.ql.io.parquet.serde.TestParquetTimestampsHive2Compatibility" time="0"/>
  <testcase name="testWriteHive4ReadHive4UsingNewConversion(String)[630]" classname="org.apache.hadoop.hive.ql.io.parquet.serde.TestParquetTimestampsHive2Compatibility" time="0"/>
  <testcase name="testWriteHive4ReadHive4UsingNewConversion(String)[631]" classname="org.apache.hadoop.hive.ql.io.parquet.serde.TestParquetTimestampsHive2Compatibility" time="0"/>
  <testcase name="testWriteHive4ReadHive4UsingNewConversion(String)[632]" classname="org.apache.hadoop.hive.ql.io.parquet.serde.TestParquetTimestampsHive2Compatibility" time="0"/>
  <testcase name="testWriteHive4ReadHive4UsingNewConversion(String)[633]" classname="org.apache.hadoop.hive.ql.io.parquet.serde.TestParquetTimestampsHive2Compatibility" time="0"/>
  <testcase name="testWriteHive4ReadHive4UsingNewConversion(String)[634]" classname="org.apache.hadoop.hive.ql.io.parquet.serde.TestParquetTimestampsHive2Compatibility" time="0"/>
  <testcase name="testWriteHive4ReadHive4UsingNewConversion(String)[635]" classname="org.apache.hadoop.hive.ql.io.parquet.serde.TestParquetTimestampsHive2Compatibility" time="0"/>
  <testcase name="testWriteHive4ReadHive4UsingNewConversion(String)[636]" classname="org.apache.hadoop.hive.ql.io.parquet.serde.TestParquetTimestampsHive2Compatibility" time="0"/>
  <testcase name="testWriteHive4ReadHive4UsingNewConversion(String)[637]" classname="org.apache.hadoop.hive.ql.io.parquet.serde.TestParquetTimestampsHive2Compatibility" time="0"/>
  <testcase name="testWriteHive4ReadHive4UsingNewConversion(String)[638]" classname="org.apache.hadoop.hive.ql.io.parquet.serde.TestParquetTimestampsHive2Compatibility" time="0"/>
  <testcase name="testWriteHive4ReadHive4UsingNewConversion(String)[639]" classname="org.apache.hadoop.hive.ql.io.parquet.serde.TestParquetTimestampsHive2Compatibility" time="0"/>
  <testcase name="testWriteHive4ReadHive4UsingNewConversion(String)[640]" classname="org.apache.hadoop.hive.ql.io.parquet.serde.TestParquetTimestampsHive2Compatibility" time="0"/>
  <testcase name="testWriteHive4ReadHive4UsingNewConversion(String)[641]" classname="org.apache.hadoop.hive.ql.io.parquet.serde.TestParquetTimestampsHive2Compatibility" time="0"/>
  <testcase name="testWriteHive4ReadHive4UsingNewConversion(String)[642]" classname="org.apache.hadoop.hive.ql.io.parquet.serde.TestParquetTimestampsHive2Compatibility" time="0"/>
  <testcase name="testWriteHive4ReadHive4UsingNewConversion(String)[643]" classname="org.apache.hadoop.hive.ql.io.parquet.serde.TestParquetTimestampsHive2Compatibility" time="0"/>
  <testcase name="testWriteHive4ReadHive4UsingNewConversion(String)[644]" classname="org.apache.hadoop.hive.ql.io.parquet.serde.TestParquetTimestampsHive2Compatibility" time="0"/>
  <testcase name="testWriteHive4ReadHive4UsingNewConversion(String)[645]" classname="org.apache.hadoop.hive.ql.io.parquet.serde.TestParquetTimestampsHive2Compatibility" time="0"/>
  <testcase name="testWriteHive4ReadHive4UsingNewConversion(String)[646]" classname="org.apache.hadoop.hive.ql.io.parquet.serde.TestParquetTimestampsHive2Compatibility" time="0"/>
  <testcase name="testWriteHive4ReadHive4UsingNewConversion(String)[647]" classname="org.apache.hadoop.hive.ql.io.parquet.serde.TestParquetTimestampsHive2Compatibility" time="0"/>
  <testcase name="testWriteHive4ReadHive4UsingNewConversion(String)[648]" classname="org.apache.hadoop.hive.ql.io.parquet.serde.TestParquetTimestampsHive2Compatibility" time="0"/>
  <testcase name="testWriteHive4ReadHive4UsingNewConversion(String)[649]" classname="org.apache.hadoop.hive.ql.io.parquet.serde.TestParquetTimestampsHive2Compatibility" time="0"/>
  <testcase name="testWriteHive4ReadHive4UsingNewConversion(String)[650]" classname="org.apache.hadoop.hive.ql.io.parquet.serde.TestParquetTimestampsHive2Compatibility" time="0"/>
  <testcase name="testWriteHive4ReadHive4UsingNewConversion(String)[651]" classname="org.apache.hadoop.hive.ql.io.parquet.serde.TestParquetTimestampsHive2Compatibility" time="0"/>
  <testcase name="testWriteHive4ReadHive4UsingNewConversion(String)[652]" classname="org.apache.hadoop.hive.ql.io.parquet.serde.TestParquetTimestampsHive2Compatibility" time="0"/>
  <testcase name="testWriteHive4ReadHive4UsingNewConversion(String)[653]" classname="org.apache.hadoop.hive.ql.io.parquet.serde.TestParquetTimestampsHive2Compatibility" time="0.001"/>
  <testcase name="testWriteHive4ReadHive4UsingNewConversion(String)[654]" classname="org.apache.hadoop.hive.ql.io.parquet.serde.TestParquetTimestampsHive2Compatibility" time="0"/>
  <testcase name="testWriteHive4ReadHive4UsingNewConversion(String)[655]" classname="org.apache.hadoop.hive.ql.io.parquet.serde.TestParquetTimestampsHive2Compatibility" time="0"/>
  <testcase name="testWriteHive4ReadHive4UsingNewConversion(String)[656]" classname="org.apache.hadoop.hive.ql.io.parquet.serde.TestParquetTimestampsHive2Compatibility" time="0"/>
  <testcase name="testWriteHive4ReadHive4UsingNewConversion(String)[657]" classname="org.apache.hadoop.hive.ql.io.parquet.serde.TestParquetTimestampsHive2Compatibility" time="0"/>
  <testcase name="testWriteHive4ReadHive4UsingNewConversion(String)[658]" classname="org.apache.hadoop.hive.ql.io.parquet.serde.TestParquetTimestampsHive2Compatibility" time="0"/>
  <testcase name="testWriteHive4ReadHive4UsingNewConversion(String)[659]" classname="org.apache.hadoop.hive.ql.io.parquet.serde.TestParquetTimestampsHive2Compatibility" time="0"/>
  <testcase name="testWriteHive4ReadHive4UsingNewConversion(String)[660]" classname="org.apache.hadoop.hive.ql.io.parquet.serde.TestParquetTimestampsHive2Compatibility" time="0"/>
  <testcase name="testWriteHive4ReadHive4UsingNewConversion(String)[661]" classname="org.apache.hadoop.hive.ql.io.parquet.serde.TestParquetTimestampsHive2Compatibility" time="0.001"/>
  <testcase name="testWriteHive4ReadHive4UsingNewConversion(String)[662]" classname="org.apache.hadoop.hive.ql.io.parquet.serde.TestParquetTimestampsHive2Compatibility" time="0"/>
  <testcase name="testWriteHive4ReadHive4UsingNewConversion(String)[663]" classname="org.apache.hadoop.hive.ql.io.parquet.serde.TestParquetTimestampsHive2Compatibility" time="0"/>
  <testcase name="testWriteHive4ReadHive4UsingNewConversion(String)[664]" classname="org.apache.hadoop.hive.ql.io.parquet.serde.TestParquetTimestampsHive2Compatibility" time="0"/>
  <testcase name="testWriteHive4ReadHive4UsingNewConversion(String)[665]" classname="org.apache.hadoop.hive.ql.io.parquet.serde.TestParquetTimestampsHive2Compatibility" time="0"/>
  <testcase name="testWriteHive4ReadHive4UsingNewConversion(String)[666]" classname="org.apache.hadoop.hive.ql.io.parquet.serde.TestParquetTimestampsHive2Compatibility" time="0"/>
  <testcase name="testWriteHive4ReadHive4UsingNewConversion(String)[667]" classname="org.apache.hadoop.hive.ql.io.parquet.serde.TestParquetTimestampsHive2Compatibility" time="0"/>
  <testcase name="testWriteHive4ReadHive4UsingNewConversion(String)[668]" classname="org.apache.hadoop.hive.ql.io.parquet.serde.TestParquetTimestampsHive2Compatibility" time="0"/>
  <testcase name="testWriteHive4ReadHive4UsingNewConversion(String)[669]" classname="org.apache.hadoop.hive.ql.io.parquet.serde.TestParquetTimestampsHive2Compatibility" time="0"/>
  <testcase name="testWriteHive4ReadHive4UsingNewConversion(String)[670]" classname="org.apache.hadoop.hive.ql.io.parquet.serde.TestParquetTimestampsHive2Compatibility" time="0"/>
  <testcase name="testWriteHive4ReadHive4UsingNewConversion(String)[671]" classname="org.apache.hadoop.hive.ql.io.parquet.serde.TestParquetTimestampsHive2Compatibility" time="0"/>
  <testcase name="testWriteHive4ReadHive4UsingNewConversion(String)[672]" classname="org.apache.hadoop.hive.ql.io.parquet.serde.TestParquetTimestampsHive2Compatibility" time="0"/>
  <testcase name="testWriteHive4ReadHive4UsingNewConversion(String)[673]" classname="org.apache.hadoop.hive.ql.io.parquet.serde.TestParquetTimestampsHive2Compatibility" time="0"/>
  <testcase name="testWriteHive4ReadHive4UsingNewConversion(String)[674]" classname="org.apache.hadoop.hive.ql.io.parquet.serde.TestParquetTimestampsHive2Compatibility" time="0"/>
  <testcase name="testWriteHive4ReadHive4UsingNewConversion(String)[675]" classname="org.apache.hadoop.hive.ql.io.parquet.serde.TestParquetTimestampsHive2Compatibility" time="0"/>
  <testcase name="testWriteHive4ReadHive4UsingNewConversion(String)[676]" classname="org.apache.hadoop.hive.ql.io.parquet.serde.TestParquetTimestampsHive2Compatibility" time="0"/>
  <testcase name="testWriteHive4ReadHive4UsingNewConversion(String)[677]" classname="org.apache.hadoop.hive.ql.io.parquet.serde.TestParquetTimestampsHive2Compatibility" time="0"/>
  <testcase name="testWriteHive4ReadHive4UsingNewConversion(String)[678]" classname="org.apache.hadoop.hive.ql.io.parquet.serde.TestParquetTimestampsHive2Compatibility" time="0.001"/>
  <testcase name="testWriteHive4ReadHive4UsingNewConversion(String)[679]" classname="org.apache.hadoop.hive.ql.io.parquet.serde.TestParquetTimestampsHive2Compatibility" time="0"/>
  <testcase name="testWriteHive4ReadHive4UsingNewConversion(String)[680]" classname="org.apache.hadoop.hive.ql.io.parquet.serde.TestParquetTimestampsHive2Compatibility" time="0"/>
  <testcase name="testWriteHive4ReadHive4UsingNewConversion(String)[681]" classname="org.apache.hadoop.hive.ql.io.parquet.serde.TestParquetTimestampsHive2Compatibility" time="0"/>
  <testcase name="testWriteHive4ReadHive4UsingNewConversion(String)[682]" classname="org.apache.hadoop.hive.ql.io.parquet.serde.TestParquetTimestampsHive2Compatibility" time="0"/>
  <testcase name="testWriteHive4ReadHive4UsingNewConversion(String)[683]" classname="org.apache.hadoop.hive.ql.io.parquet.serde.TestParquetTimestampsHive2Compatibility" time="0"/>
  <testcase name="testWriteHive4ReadHive4UsingNewConversion(String)[684]" classname="org.apache.hadoop.hive.ql.io.parquet.serde.TestParquetTimestampsHive2Compatibility" time="0"/>
  <testcase name="testWriteHive4ReadHive4UsingNewConversion(String)[685]" classname="org.apache.hadoop.hive.ql.io.parquet.serde.TestParquetTimestampsHive2Compatibility" time="0"/>
  <testcase name="testWriteHive4ReadHive4UsingNewConversion(String)[686]" classname="org.apache.hadoop.hive.ql.io.parquet.serde.TestParquetTimestampsHive2Compatibility" time="0.001"/>
  <testcase name="testWriteHive4ReadHive4UsingNewConversion(String)[687]" classname="org.apache.hadoop.hive.ql.io.parquet.serde.TestParquetTimestampsHive2Compatibility" time="0"/>
  <testcase name="testWriteHive4ReadHive4UsingNewConversion(String)[688]" classname="org.apache.hadoop.hive.ql.io.parquet.serde.TestParquetTimestampsHive2Compatibility" time="0"/>
  <testcase name="testWriteHive4ReadHive4UsingNewConversion(String)[689]" classname="org.apache.hadoop.hive.ql.io.parquet.serde.TestParquetTimestampsHive2Compatibility" time="0"/>
  <testcase name="testWriteHive4ReadHive4UsingNewConversion(String)[690]" classname="org.apache.hadoop.hive.ql.io.parquet.serde.TestParquetTimestampsHive2Compatibility" time="0"/>
  <testcase name="testWriteHive4ReadHive4UsingNewConversion(String)[691]" classname="org.apache.hadoop.hive.ql.io.parquet.serde.TestParquetTimestampsHive2Compatibility" time="0"/>
  <testcase name="testWriteHive4ReadHive4UsingNewConversion(String)[692]" classname="org.apache.hadoop.hive.ql.io.parquet.serde.TestParquetTimestampsHive2Compatibility" time="0"/>
  <testcase name="testWriteHive4ReadHive4UsingNewConversion(String)[693]" classname="org.apache.hadoop.hive.ql.io.parquet.serde.TestParquetTimestampsHive2Compatibility" time="0"/>
  <testcase name="testWriteHive4ReadHive4UsingNewConversion(String)[694]" classname="org.apache.hadoop.hive.ql.io.parquet.serde.TestParquetTimestampsHive2Compatibility" time="0"/>
  <testcase name="testWriteHive4ReadHive4UsingNewConversion(String)[695]" classname="org.apache.hadoop.hive.ql.io.parquet.serde.TestParquetTimestampsHive2Compatibility" time="0"/>
  <testcase name="testWriteHive4ReadHive4UsingNewConversion(String)[696]" classname="org.apache.hadoop.hive.ql.io.parquet.serde.TestParquetTimestampsHive2Compatibility" time="0"/>
  <testcase name="testWriteHive4ReadHive4UsingNewConversion(String)[697]" classname="org.apache.hadoop.hive.ql.io.parquet.serde.TestParquetTimestampsHive2Compatibility" time="0"/>
  <testcase name="testWriteHive4ReadHive4UsingNewConversion(String)[698]" classname="org.apache.hadoop.hive.ql.io.parquet.serde.TestParquetTimestampsHive2Compatibility" time="0"/>
  <testcase name="testWriteHive4ReadHive4UsingNewConversion(String)[699]" classname="org.apache.hadoop.hive.ql.io.parquet.serde.TestParquetTimestampsHive2Compatibility" time="0"/>
  <testcase name="testWriteHive4ReadHive4UsingNewConversion(String)[700]" classname="org.apache.hadoop.hive.ql.io.parquet.serde.TestParquetTimestampsHive2Compatibility" time="0"/>
  <testcase name="testWriteHive4ReadHive4UsingNewConversion(String)[701]" classname="org.apache.hadoop.hive.ql.io.parquet.serde.TestParquetTimestampsHive2Compatibility" time="0"/>
  <testcase name="testWriteHive4ReadHive4UsingNewConversion(String)[702]" classname="org.apache.hadoop.hive.ql.io.parquet.serde.TestParquetTimestampsHive2Compatibility" time="0"/>
  <testcase name="testWriteHive4ReadHive4UsingNewConversion(String)[703]" classname="org.apache.hadoop.hive.ql.io.parquet.serde.TestParquetTimestampsHive2Compatibility" time="0.001"/>
  <testcase name="testWriteHive4ReadHive4UsingNewConversion(String)[704]" classname="org.apache.hadoop.hive.ql.io.parquet.serde.TestParquetTimestampsHive2Compatibility" time="0"/>
  <testcase name="testWriteHive4ReadHive4UsingNewConversion(String)[705]" classname="org.apache.hadoop.hive.ql.io.parquet.serde.TestParquetTimestampsHive2Compatibility" time="0"/>
  <testcase name="testWriteHive4ReadHive4UsingNewConversion(String)[706]" classname="org.apache.hadoop.hive.ql.io.parquet.serde.TestParquetTimestampsHive2Compatibility" time="0"/>
  <testcase name="testWriteHive4ReadHive4UsingNewConversion(String)[707]" classname="org.apache.hadoop.hive.ql.io.parquet.serde.TestParquetTimestampsHive2Compatibility" time="0"/>
  <testcase name="testWriteHive4ReadHive4UsingNewConversion(String)[708]" classname="org.apache.hadoop.hive.ql.io.parquet.serde.TestParquetTimestampsHive2Compatibility" time="0"/>
  <testcase name="testWriteHive4ReadHive4UsingNewConversion(String)[709]" classname="org.apache.hadoop.hive.ql.io.parquet.serde.TestParquetTimestampsHive2Compatibility" time="0"/>
  <testcase name="testWriteHive4ReadHive4UsingNewConversion(String)[710]" classname="org.apache.hadoop.hive.ql.io.parquet.serde.TestParquetTimestampsHive2Compatibility" time="0"/>
  <testcase name="testWriteHive4ReadHive4UsingNewConversion(String)[711]" classname="org.apache.hadoop.hive.ql.io.parquet.serde.TestParquetTimestampsHive2Compatibility" time="0"/>
  <testcase name="testWriteHive4ReadHive4UsingNewConversion(String)[712]" classname="org.apache.hadoop.hive.ql.io.parquet.serde.TestParquetTimestampsHive2Compatibility" time="0"/>
  <testcase name="testWriteHive4ReadHive4UsingNewConversion(String)[713]" classname="org.apache.hadoop.hive.ql.io.parquet.serde.TestParquetTimestampsHive2Compatibility" time="0"/>
  <testcase name="testWriteHive4ReadHive4UsingNewConversion(String)[714]" classname="org.apache.hadoop.hive.ql.io.parquet.serde.TestParquetTimestampsHive2Compatibility" time="0"/>
  <testcase name="testWriteHive4ReadHive4UsingNewConversion(String)[715]" classname="org.apache.hadoop.hive.ql.io.parquet.serde.TestParquetTimestampsHive2Compatibility" time="0"/>
  <testcase name="testWriteHive4ReadHive4UsingNewConversion(String)[716]" classname="org.apache.hadoop.hive.ql.io.parquet.serde.TestParquetTimestampsHive2Compatibility" time="0"/>
  <testcase name="testWriteHive4ReadHive4UsingNewConversion(String)[717]" classname="org.apache.hadoop.hive.ql.io.parquet.serde.TestParquetTimestampsHive2Compatibility" time="0"/>
  <testcase name="testWriteHive4ReadHive4UsingNewConversion(String)[718]" classname="org.apache.hadoop.hive.ql.io.parquet.serde.TestParquetTimestampsHive2Compatibility" time="0"/>
  <testcase name="testWriteHive4ReadHive4UsingNewConversion(String)[719]" classname="org.apache.hadoop.hive.ql.io.parquet.serde.TestParquetTimestampsHive2Compatibility" time="0"/>
  <testcase name="testWriteHive4ReadHive4UsingNewConversion(String)[720]" classname="org.apache.hadoop.hive.ql.io.parquet.serde.TestParquetTimestampsHive2Compatibility" time="0"/>
  <testcase name="testWriteHive4ReadHive4UsingNewConversion(String)[721]" classname="org.apache.hadoop.hive.ql.io.parquet.serde.TestParquetTimestampsHive2Compatibility" time="0"/>
  <testcase name="testWriteHive4ReadHive4UsingNewConversion(String)[722]" classname="org.apache.hadoop.hive.ql.io.parquet.serde.TestParquetTimestampsHive2Compatibility" time="0"/>
  <testcase name="testWriteHive4ReadHive4UsingNewConversion(String)[723]" classname="org.apache.hadoop.hive.ql.io.parquet.serde.TestParquetTimestampsHive2Compatibility" time="0"/>
  <testcase name="testWriteHive4ReadHive4UsingNewConversion(String)[724]" classname="org.apache.hadoop.hive.ql.io.parquet.serde.TestParquetTimestampsHive2Compatibility" time="0"/>
  <testcase name="testWriteHive4ReadHive4UsingNewConversion(String)[725]" classname="org.apache.hadoop.hive.ql.io.parquet.serde.TestParquetTimestampsHive2Compatibility" time="0"/>
  <testcase name="testWriteHive4ReadHive4UsingNewConversion(String)[726]" classname="org.apache.hadoop.hive.ql.io.parquet.serde.TestParquetTimestampsHive2Compatibility" time="0"/>
  <testcase name="testWriteHive4ReadHive4UsingNewConversion(String)[727]" classname="org.apache.hadoop.hive.ql.io.parquet.serde.TestParquetTimestampsHive2Compatibility" time="0"/>
  <testcase name="testWriteHive4ReadHive4UsingNewConversion(String)[728]" classname="org.apache.hadoop.hive.ql.io.parquet.serde.TestParquetTimestampsHive2Compatibility" time="0"/>
  <testcase name="testWriteHive4ReadHive4UsingNewConversion(String)[729]" classname="org.apache.hadoop.hive.ql.io.parquet.serde.TestParquetTimestampsHive2Compatibility" time="0"/>
  <testcase name="testWriteHive4ReadHive4UsingNewConversion(String)[730]" classname="org.apache.hadoop.hive.ql.io.parquet.serde.TestParquetTimestampsHive2Compatibility" time="0"/>
  <testcase name="testWriteHive4ReadHive4UsingNewConversion(String)[731]" classname="org.apache.hadoop.hive.ql.io.parquet.serde.TestParquetTimestampsHive2Compatibility" time="0"/>
  <testcase name="testWriteHive4ReadHive4UsingNewConversion(String)[732]" classname="org.apache.hadoop.hive.ql.io.parquet.serde.TestParquetTimestampsHive2Compatibility" time="0"/>
  <testcase name="testWriteHive4ReadHive4UsingNewConversion(String)[733]" classname="org.apache.hadoop.hive.ql.io.parquet.serde.TestParquetTimestampsHive2Compatibility" time="0"/>
  <testcase name="testWriteHive4ReadHive4UsingNewConversion(String)[734]" classname="org.apache.hadoop.hive.ql.io.parquet.serde.TestParquetTimestampsHive2Compatibility" time="0"/>
  <testcase name="testWriteHive4ReadHive4UsingNewConversion(String)[735]" classname="org.apache.hadoop.hive.ql.io.parquet.serde.TestParquetTimestampsHive2Compatibility" time="0"/>
  <testcase name="testWriteHive4ReadHive4UsingNewConversion(String)[736]" classname="org.apache.hadoop.hive.ql.io.parquet.serde.TestParquetTimestampsHive2Compatibility" time="0.001"/>
  <testcase name="testWriteHive4ReadHive4UsingNewConversion(String)[737]" classname="org.apache.hadoop.hive.ql.io.parquet.serde.TestParquetTimestampsHive2Compatibility" time="0"/>
  <testcase name="testWriteHive4ReadHive4UsingNewConversion(String)[738]" classname="org.apache.hadoop.hive.ql.io.parquet.serde.TestParquetTimestampsHive2Compatibility" time="0"/>
  <testcase name="testWriteHive4ReadHive4UsingNewConversion(String)[739]" classname="org.apache.hadoop.hive.ql.io.parquet.serde.TestParquetTimestampsHive2Compatibility" time="0"/>
  <testcase name="testWriteHive4ReadHive4UsingNewConversion(String)[740]" classname="org.apache.hadoop.hive.ql.io.parquet.serde.TestParquetTimestampsHive2Compatibility" time="0"/>
  <testcase name="testWriteHive4ReadHive4UsingNewConversion(String)[741]" classname="org.apache.hadoop.hive.ql.io.parquet.serde.TestParquetTimestampsHive2Compatibility" time="0"/>
  <testcase name="testWriteHive4ReadHive4UsingNewConversion(String)[742]" classname="org.apache.hadoop.hive.ql.io.parquet.serde.TestParquetTimestampsHive2Compatibility" time="0"/>
  <testcase name="testWriteHive4ReadHive4UsingNewConversion(String)[743]" classname="org.apache.hadoop.hive.ql.io.parquet.serde.TestParquetTimestampsHive2Compatibility" time="0"/>
  <testcase name="testWriteHive4ReadHive4UsingNewConversion(String)[744]" classname="org.apache.hadoop.hive.ql.io.parquet.serde.TestParquetTimestampsHive2Compatibility" time="0"/>
  <testcase name="testWriteHive4ReadHive4UsingNewConversion(String)[745]" classname="org.apache.hadoop.hive.ql.io.parquet.serde.TestParquetTimestampsHive2Compatibility" time="0"/>
  <testcase name="testWriteHive4ReadHive4UsingNewConversion(String)[746]" classname="org.apache.hadoop.hive.ql.io.parquet.serde.TestParquetTimestampsHive2Compatibility" time="0"/>
  <testcase name="testWriteHive4ReadHive4UsingNewConversion(String)[747]" classname="org.apache.hadoop.hive.ql.io.parquet.serde.TestParquetTimestampsHive2Compatibility" time="0"/>
  <testcase name="testWriteHive4ReadHive4UsingNewConversion(String)[748]" classname="org.apache.hadoop.hive.ql.io.parquet.serde.TestParquetTimestampsHive2Compatibility" time="0"/>
  <testcase name="testWriteHive4ReadHive4UsingNewConversion(String)[749]" classname="org.apache.hadoop.hive.ql.io.parquet.serde.TestParquetTimestampsHive2Compatibility" time="0"/>
  <testcase name="testWriteHive4ReadHive4UsingNewConversion(String)[750]" classname="org.apache.hadoop.hive.ql.io.parquet.serde.TestParquetTimestampsHive2Compatibility" time="0"/>
  <testcase name="testWriteHive4ReadHive4UsingNewConversion(String)[751]" classname="org.apache.hadoop.hive.ql.io.parquet.serde.TestParquetTimestampsHive2Compatibility" time="0"/>
  <testcase name="testWriteHive4ReadHive4UsingNewConversion(String)[752]" classname="org.apache.hadoop.hive.ql.io.parquet.serde.TestParquetTimestampsHive2Compatibility" time="0"/>
  <testcase name="testWriteHive4ReadHive4UsingNewConversion(String)[753]" classname="org.apache.hadoop.hive.ql.io.parquet.serde.TestParquetTimestampsHive2Compatibility" time="0"/>
  <testcase name="testWriteHive4ReadHive4UsingNewConversion(String)[754]" classname="org.apache.hadoop.hive.ql.io.parquet.serde.TestParquetTimestampsHive2Compatibility" time="0"/>
  <testcase name="testWriteHive4ReadHive4UsingNewConversion(String)[755]" classname="org.apache.hadoop.hive.ql.io.parquet.serde.TestParquetTimestampsHive2Compatibility" time="0"/>
  <testcase name="testWriteHive4ReadHive4UsingNewConversion(String)[756]" classname="org.apache.hadoop.hive.ql.io.parquet.serde.TestParquetTimestampsHive2Compatibility" time="0"/>
  <testcase name="testWriteHive4ReadHive4UsingNewConversion(String)[757]" classname="org.apache.hadoop.hive.ql.io.parquet.serde.TestParquetTimestampsHive2Compatibility" time="0"/>
  <testcase name="testWriteHive4ReadHive4UsingNewConversion(String)[758]" classname="org.apache.hadoop.hive.ql.io.parquet.serde.TestParquetTimestampsHive2Compatibility" time="0"/>
  <testcase name="testWriteHive4ReadHive4UsingNewConversion(String)[759]" classname="org.apache.hadoop.hive.ql.io.parquet.serde.TestParquetTimestampsHive2Compatibility" time="0"/>
  <testcase name="testWriteHive4ReadHive4UsingNewConversion(String)[760]" classname="org.apache.hadoop.hive.ql.io.parquet.serde.TestParquetTimestampsHive2Compatibility" time="0"/>
  <testcase name="testWriteHive4ReadHive4UsingNewConversion(String)[761]" classname="org.apache.hadoop.hive.ql.io.parquet.serde.TestParquetTimestampsHive2Compatibility" time="0.001"/>
  <testcase name="testWriteHive4ReadHive4UsingNewConversion(String)[762]" classname="org.apache.hadoop.hive.ql.io.parquet.serde.TestParquetTimestampsHive2Compatibility" time="0"/>
  <testcase name="testWriteHive4ReadHive4UsingNewConversion(String)[763]" classname="org.apache.hadoop.hive.ql.io.parquet.serde.TestParquetTimestampsHive2Compatibility" time="0"/>
  <testcase name="testWriteHive4ReadHive4UsingNewConversion(String)[764]" classname="org.apache.hadoop.hive.ql.io.parquet.serde.TestParquetTimestampsHive2Compatibility" time="0"/>
  <testcase name="testWriteHive4ReadHive4UsingNewConversion(String)[765]" classname="org.apache.hadoop.hive.ql.io.parquet.serde.TestParquetTimestampsHive2Compatibility" time="0"/>
  <testcase name="testWriteHive4ReadHive4UsingNewConversion(String)[766]" classname="org.apache.hadoop.hive.ql.io.parquet.serde.TestParquetTimestampsHive2Compatibility" time="0"/>
  <testcase name="testWriteHive4ReadHive4UsingNewConversion(String)[767]" classname="org.apache.hadoop.hive.ql.io.parquet.serde.TestParquetTimestampsHive2Compatibility" time="0"/>
  <testcase name="testWriteHive4ReadHive4UsingNewConversion(String)[768]" classname="org.apache.hadoop.hive.ql.io.parquet.serde.TestParquetTimestampsHive2Compatibility" time="0"/>
  <testcase name="testWriteHive4ReadHive4UsingNewConversion(String)[769]" classname="org.apache.hadoop.hive.ql.io.parquet.serde.TestParquetTimestampsHive2Compatibility" time="0"/>
  <testcase name="testWriteHive4ReadHive4UsingNewConversion(String)[770]" classname="org.apache.hadoop.hive.ql.io.parquet.serde.TestParquetTimestampsHive2Compatibility" time="0"/>
  <testcase name="testWriteHive4ReadHive4UsingNewConversion(String)[771]" classname="org.apache.hadoop.hive.ql.io.parquet.serde.TestParquetTimestampsHive2Compatibility" time="0"/>
  <testcase name="testWriteHive4ReadHive4UsingNewConversion(String)[772]" classname="org.apache.hadoop.hive.ql.io.parquet.serde.TestParquetTimestampsHive2Compatibility" time="0"/>
  <testcase name="testWriteHive4ReadHive4UsingNewConversion(String)[773]" classname="org.apache.hadoop.hive.ql.io.parquet.serde.TestParquetTimestampsHive2Compatibility" time="0"/>
  <testcase name="testWriteHive4ReadHive4UsingNewConversion(String)[774]" classname="org.apache.hadoop.hive.ql.io.parquet.serde.TestParquetTimestampsHive2Compatibility" time="0"/>
  <testcase name="testWriteHive4ReadHive4UsingNewConversion(String)[775]" classname="org.apache.hadoop.hive.ql.io.parquet.serde.TestParquetTimestampsHive2Compatibility" time="0"/>
  <testcase name="testWriteHive4ReadHive4UsingNewConversion(String)[776]" classname="org.apache.hadoop.hive.ql.io.parquet.serde.TestParquetTimestampsHive2Compatibility" time="0"/>
  <testcase name="testWriteHive4ReadHive4UsingNewConversion(String)[777]" classname="org.apache.hadoop.hive.ql.io.parquet.serde.TestParquetTimestampsHive2Compatibility" time="0"/>
  <testcase name="testWriteHive4ReadHive4UsingNewConversion(String)[778]" classname="org.apache.hadoop.hive.ql.io.parquet.serde.TestParquetTimestampsHive2Compatibility" time="0"/>
  <testcase name="testWriteHive4ReadHive4UsingNewConversion(String)[779]" classname="org.apache.hadoop.hive.ql.io.parquet.serde.TestParquetTimestampsHive2Compatibility" time="0"/>
  <testcase name="testWriteHive4ReadHive4UsingNewConversion(String)[780]" classname="org.apache.hadoop.hive.ql.io.parquet.serde.TestParquetTimestampsHive2Compatibility" time="0"/>
  <testcase name="testWriteHive4ReadHive4UsingNewConversion(String)[781]" classname="org.apache.hadoop.hive.ql.io.parquet.serde.TestParquetTimestampsHive2Compatibility" time="0"/>
  <testcase name="testWriteHive4ReadHive4UsingNewConversion(String)[782]" classname="org.apache.hadoop.hive.ql.io.parquet.serde.TestParquetTimestampsHive2Compatibility" time="0"/>
  <testcase name="testWriteHive4ReadHive4UsingNewConversion(String)[783]" classname="org.apache.hadoop.hive.ql.io.parquet.serde.TestParquetTimestampsHive2Compatibility" time="0"/>
  <testcase name="testWriteHive4ReadHive4UsingNewConversion(String)[784]" classname="org.apache.hadoop.hive.ql.io.parquet.serde.TestParquetTimestampsHive2Compatibility" time="0"/>
  <testcase name="testWriteHive4ReadHive4UsingNewConversion(String)[785]" classname="org.apache.hadoop.hive.ql.io.parquet.serde.TestParquetTimestampsHive2Compatibility" time="0"/>
  <testcase name="testWriteHive4ReadHive4UsingNewConversion(String)[786]" classname="org.apache.hadoop.hive.ql.io.parquet.serde.TestParquetTimestampsHive2Compatibility" time="0"/>
  <testcase name="testWriteHive4ReadHive4UsingNewConversion(String)[787]" classname="org.apache.hadoop.hive.ql.io.parquet.serde.TestParquetTimestampsHive2Compatibility" time="0"/>
  <testcase name="testWriteHive4ReadHive4UsingNewConversion(String)[788]" classname="org.apache.hadoop.hive.ql.io.parquet.serde.TestParquetTimestampsHive2Compatibility" time="0"/>
  <testcase name="testWriteHive4ReadHive4UsingNewConversion(String)[789]" classname="org.apache.hadoop.hive.ql.io.parquet.serde.TestParquetTimestampsHive2Compatibility" time="0"/>
  <testcase name="testWriteHive4ReadHive4UsingNewConversion(String)[790]" classname="org.apache.hadoop.hive.ql.io.parquet.serde.TestParquetTimestampsHive2Compatibility" time="0"/>
  <testcase name="testWriteHive4ReadHive4UsingNewConversion(String)[791]" classname="org.apache.hadoop.hive.ql.io.parquet.serde.TestParquetTimestampsHive2Compatibility" time="0"/>
  <testcase name="testWriteHive4ReadHive4UsingNewConversion(String)[792]" classname="org.apache.hadoop.hive.ql.io.parquet.serde.TestParquetTimestampsHive2Compatibility" time="0"/>
  <testcase name="testWriteHive4ReadHive4UsingNewConversion(String)[793]" classname="org.apache.hadoop.hive.ql.io.parquet.serde.TestParquetTimestampsHive2Compatibility" time="0.001"/>
  <testcase name="testWriteHive4ReadHive4UsingNewConversion(String)[794]" classname="org.apache.hadoop.hive.ql.io.parquet.serde.TestParquetTimestampsHive2Compatibility" time="0"/>
  <testcase name="testWriteHive4ReadHive4UsingNewConversion(String)[795]" classname="org.apache.hadoop.hive.ql.io.parquet.serde.TestParquetTimestampsHive2Compatibility" time="0"/>
  <testcase name="testWriteHive4ReadHive4UsingNewConversion(String)[796]" classname="org.apache.hadoop.hive.ql.io.parquet.serde.TestParquetTimestampsHive2Compatibility" time="0"/>
  <testcase name="testWriteHive4ReadHive4UsingNewConversion(String)[797]" classname="org.apache.hadoop.hive.ql.io.parquet.serde.TestParquetTimestampsHive2Compatibility" time="0"/>
  <testcase name="testWriteHive4ReadHive4UsingNewConversion(String)[798]" classname="org.apache.hadoop.hive.ql.io.parquet.serde.TestParquetTimestampsHive2Compatibility" time="0"/>
  <testcase name="testWriteHive4ReadHive4UsingNewConversion(String)[799]" classname="org.apache.hadoop.hive.ql.io.parquet.serde.TestParquetTimestampsHive2Compatibility" time="0"/>
  <testcase name="testWriteHive4ReadHive4UsingNewConversion(String)[800]" classname="org.apache.hadoop.hive.ql.io.parquet.serde.TestParquetTimestampsHive2Compatibility" time="0"/>
  <testcase name="testWriteHive4ReadHive4UsingNewConversion(String)[801]" classname="org.apache.hadoop.hive.ql.io.parquet.serde.TestParquetTimestampsHive2Compatibility" time="0"/>
  <testcase name="testWriteHive4ReadHive4UsingNewConversion(String)[802]" classname="org.apache.hadoop.hive.ql.io.parquet.serde.TestParquetTimestampsHive2Compatibility" time="0"/>
  <testcase name="testWriteHive4ReadHive4UsingNewConversion(String)[803]" classname="org.apache.hadoop.hive.ql.io.parquet.serde.TestParquetTimestampsHive2Compatibility" time="0"/>
  <testcase name="testWriteHive4ReadHive4UsingNewConversion(String)[804]" classname="org.apache.hadoop.hive.ql.io.parquet.serde.TestParquetTimestampsHive2Compatibility" time="0"/>
  <testcase name="testWriteHive4ReadHive4UsingNewConversion(String)[805]" classname="org.apache.hadoop.hive.ql.io.parquet.serde.TestParquetTimestampsHive2Compatibility" time="0"/>
  <testcase name="testWriteHive4ReadHive4UsingNewConversion(String)[806]" classname="org.apache.hadoop.hive.ql.io.parquet.serde.TestParquetTimestampsHive2Compatibility" time="0"/>
  <testcase name="testWriteHive4ReadHive4UsingNewConversion(String)[807]" classname="org.apache.hadoop.hive.ql.io.parquet.serde.TestParquetTimestampsHive2Compatibility" time="0"/>
  <testcase name="testWriteHive4ReadHive4UsingNewConversion(String)[808]" classname="org.apache.hadoop.hive.ql.io.parquet.serde.TestParquetTimestampsHive2Compatibility" time="0"/>
  <testcase name="testWriteHive4ReadHive4UsingNewConversion(String)[809]" classname="org.apache.hadoop.hive.ql.io.parquet.serde.TestParquetTimestampsHive2Compatibility" time="0"/>
  <testcase name="testWriteHive4ReadHive4UsingNewConversion(String)[810]" classname="org.apache.hadoop.hive.ql.io.parquet.serde.TestParquetTimestampsHive2Compatibility" time="0"/>
  <testcase name="testWriteHive4ReadHive4UsingNewConversion(String)[811]" classname="org.apache.hadoop.hive.ql.io.parquet.serde.TestParquetTimestampsHive2Compatibility" time="0"/>
  <testcase name="testWriteHive4ReadHive4UsingNewConversion(String)[812]" classname="org.apache.hadoop.hive.ql.io.parquet.serde.TestParquetTimestampsHive2Compatibility" time="0"/>
  <testcase name="testWriteHive4ReadHive4UsingNewConversion(String)[813]" classname="org.apache.hadoop.hive.ql.io.parquet.serde.TestParquetTimestampsHive2Compatibility" time="0"/>
  <testcase name="testWriteHive4ReadHive4UsingNewConversion(String)[814]" classname="org.apache.hadoop.hive.ql.io.parquet.serde.TestParquetTimestampsHive2Compatibility" time="0"/>
  <testcase name="testWriteHive4ReadHive4UsingNewConversion(String)[815]" classname="org.apache.hadoop.hive.ql.io.parquet.serde.TestParquetTimestampsHive2Compatibility" time="0"/>
  <testcase name="testWriteHive4ReadHive4UsingNewConversion(String)[816]" classname="org.apache.hadoop.hive.ql.io.parquet.serde.TestParquetTimestampsHive2Compatibility" time="0"/>
  <testcase name="testWriteHive4ReadHive4UsingNewConversion(String)[817]" classname="org.apache.hadoop.hive.ql.io.parquet.serde.TestParquetTimestampsHive2Compatibility" time="0"/>
  <testcase name="testWriteHive4ReadHive4UsingNewConversion(String)[818]" classname="org.apache.hadoop.hive.ql.io.parquet.serde.TestParquetTimestampsHive2Compatibility" time="0"/>
  <testcase name="testWriteHive4ReadHive4UsingNewConversion(String)[819]" classname="org.apache.hadoop.hive.ql.io.parquet.serde.TestParquetTimestampsHive2Compatibility" time="0"/>
  <testcase name="testWriteHive4ReadHive4UsingNewConversion(String)[820]" classname="org.apache.hadoop.hive.ql.io.parquet.serde.TestParquetTimestampsHive2Compatibility" time="0"/>
  <testcase name="testWriteHive4ReadHive4UsingNewConversion(String)[821]" classname="org.apache.hadoop.hive.ql.io.parquet.serde.TestParquetTimestampsHive2Compatibility" time="0"/>
  <testcase name="testWriteHive4ReadHive4UsingNewConversion(String)[822]" classname="org.apache.hadoop.hive.ql.io.parquet.serde.TestParquetTimestampsHive2Compatibility" time="0"/>
  <testcase name="testWriteHive4ReadHive4UsingNewConversion(String)[823]" classname="org.apache.hadoop.hive.ql.io.parquet.serde.TestParquetTimestampsHive2Compatibility" time="0"/>
  <testcase name="testWriteHive4ReadHive4UsingNewConversion(String)[824]" classname="org.apache.hadoop.hive.ql.io.parquet.serde.TestParquetTimestampsHive2Compatibility" time="0"/>
  <testcase name="testWriteHive4ReadHive4UsingNewConversion(String)[825]" classname="org.apache.hadoop.hive.ql.io.parquet.serde.TestParquetTimestampsHive2Compatibility" time="0"/>
  <testcase name="testWriteHive4ReadHive4UsingNewConversion(String)[826]" classname="org.apache.hadoop.hive.ql.io.parquet.serde.TestParquetTimestampsHive2Compatibility" time="0"/>
  <testcase name="testWriteHive4ReadHive4UsingNewConversion(String)[827]" classname="org.apache.hadoop.hive.ql.io.parquet.serde.TestParquetTimestampsHive2Compatibility" time="0.001"/>
  <testcase name="testWriteHive4ReadHive4UsingNewConversion(String)[828]" classname="org.apache.hadoop.hive.ql.io.parquet.serde.TestParquetTimestampsHive2Compatibility" time="0"/>
  <testcase name="testWriteHive4ReadHive4UsingNewConversion(String)[829]" classname="org.apache.hadoop.hive.ql.io.parquet.serde.TestParquetTimestampsHive2Compatibility" time="0"/>
  <testcase name="testWriteHive4ReadHive4UsingNewConversion(String)[830]" classname="org.apache.hadoop.hive.ql.io.parquet.serde.TestParquetTimestampsHive2Compatibility" time="0"/>
  <testcase name="testWriteHive4ReadHive4UsingNewConversion(String)[831]" classname="org.apache.hadoop.hive.ql.io.parquet.serde.TestParquetTimestampsHive2Compatibility" time="0"/>
  <testcase name="testWriteHive4ReadHive4UsingNewConversion(String)[832]" classname="org.apache.hadoop.hive.ql.io.parquet.serde.TestParquetTimestampsHive2Compatibility" time="0"/>
  <testcase name="testWriteHive4ReadHive4UsingNewConversion(String)[833]" classname="org.apache.hadoop.hive.ql.io.parquet.serde.TestParquetTimestampsHive2Compatibility" time="0"/>
  <testcase name="testWriteHive4ReadHive4UsingNewConversion(String)[834]" classname="org.apache.hadoop.hive.ql.io.parquet.serde.TestParquetTimestampsHive2Compatibility" time="0"/>
  <testcase name="testWriteHive4ReadHive4UsingNewConversion(String)[835]" classname="org.apache.hadoop.hive.ql.io.parquet.serde.TestParquetTimestampsHive2Compatibility" time="0"/>
  <testcase name="testWriteHive4ReadHive4UsingNewConversion(String)[836]" classname="org.apache.hadoop.hive.ql.io.parquet.serde.TestParquetTimestampsHive2Compatibility" time="0"/>
  <testcase name="testWriteHive4ReadHive4UsingNewConversion(String)[837]" classname="org.apache.hadoop.hive.ql.io.parquet.serde.TestParquetTimestampsHive2Compatibility" time="0"/>
  <testcase name="testWriteHive4ReadHive4UsingNewConversion(String)[838]" classname="org.apache.hadoop.hive.ql.io.parquet.serde.TestParquetTimestampsHive2Compatibility" time="0"/>
  <testcase name="testWriteHive4ReadHive4UsingNewConversion(String)[839]" classname="org.apache.hadoop.hive.ql.io.parquet.serde.TestParquetTimestampsHive2Compatibility" time="0"/>
  <testcase name="testWriteHive4ReadHive4UsingNewConversion(String)[840]" classname="org.apache.hadoop.hive.ql.io.parquet.serde.TestParquetTimestampsHive2Compatibility" time="0"/>
  <testcase name="testWriteHive4ReadHive4UsingNewConversion(String)[841]" classname="org.apache.hadoop.hive.ql.io.parquet.serde.TestParquetTimestampsHive2Compatibility" time="0"/>
  <testcase name="testWriteHive4ReadHive4UsingNewConversion(String)[842]" classname="org.apache.hadoop.hive.ql.io.parquet.serde.TestParquetTimestampsHive2Compatibility" time="0"/>
  <testcase name="testWriteHive4ReadHive4UsingNewConversion(String)[843]" classname="org.apache.hadoop.hive.ql.io.parquet.serde.TestParquetTimestampsHive2Compatibility" time="0"/>
  <testcase name="testWriteHive4ReadHive4UsingNewConversion(String)[844]" classname="org.apache.hadoop.hive.ql.io.parquet.serde.TestParquetTimestampsHive2Compatibility" time="0"/>
  <testcase name="testWriteHive4ReadHive4UsingNewConversion(String)[845]" classname="org.apache.hadoop.hive.ql.io.parquet.serde.TestParquetTimestampsHive2Compatibility" time="0"/>
  <testcase name="testWriteHive4ReadHive4UsingNewConversion(String)[846]" classname="org.apache.hadoop.hive.ql.io.parquet.serde.TestParquetTimestampsHive2Compatibility" time="0"/>
  <testcase name="testWriteHive4ReadHive4UsingNewConversion(String)[847]" classname="org.apache.hadoop.hive.ql.io.parquet.serde.TestParquetTimestampsHive2Compatibility" time="0"/>
  <testcase name="testWriteHive4ReadHive4UsingNewConversion(String)[848]" classname="org.apache.hadoop.hive.ql.io.parquet.serde.TestParquetTimestampsHive2Compatibility" time="0"/>
  <testcase name="testWriteHive4ReadHive4UsingNewConversion(String)[849]" classname="org.apache.hadoop.hive.ql.io.parquet.serde.TestParquetTimestampsHive2Compatibility" time="0"/>
  <testcase name="testWriteHive4ReadHive4UsingNewConversion(String)[850]" classname="org.apache.hadoop.hive.ql.io.parquet.serde.TestParquetTimestampsHive2Compatibility" time="0"/>
  <testcase name="testWriteHive4ReadHive4UsingNewConversion(String)[851]" classname="org.apache.hadoop.hive.ql.io.parquet.serde.TestParquetTimestampsHive2Compatibility" time="0"/>
  <testcase name="testWriteHive4ReadHive4UsingNewConversion(String)[852]" classname="org.apache.hadoop.hive.ql.io.parquet.serde.TestParquetTimestampsHive2Compatibility" time="0"/>
  <testcase name="testWriteHive4ReadHive4UsingNewConversion(String)[853]" classname="org.apache.hadoop.hive.ql.io.parquet.serde.TestParquetTimestampsHive2Compatibility" time="0"/>
  <testcase name="testWriteHive4ReadHive4UsingNewConversion(String)[854]" classname="org.apache.hadoop.hive.ql.io.parquet.serde.TestParquetTimestampsHive2Compatibility" time="0"/>
  <testcase name="testWriteHive4ReadHive4UsingNewConversion(String)[855]" classname="org.apache.hadoop.hive.ql.io.parquet.serde.TestParquetTimestampsHive2Compatibility" time="0"/>
  <testcase name="testWriteHive4ReadHive4UsingNewConversion(String)[856]" classname="org.apache.hadoop.hive.ql.io.parquet.serde.TestParquetTimestampsHive2Compatibility" time="0"/>
  <testcase name="testWriteHive4ReadHive4UsingNewConversion(String)[857]" classname="org.apache.hadoop.hive.ql.io.parquet.serde.TestParquetTimestampsHive2Compatibility" time="0"/>
  <testcase name="testWriteHive4ReadHive4UsingNewConversion(String)[858]" classname="org.apache.hadoop.hive.ql.io.parquet.serde.TestParquetTimestampsHive2Compatibility" time="0"/>
  <testcase name="testWriteHive4ReadHive4UsingNewConversion(String)[859]" classname="org.apache.hadoop.hive.ql.io.parquet.serde.TestParquetTimestampsHive2Compatibility" time="0"/>
  <testcase name="testWriteHive4ReadHive4UsingNewConversion(String)[860]" classname="org.apache.hadoop.hive.ql.io.parquet.serde.TestParquetTimestampsHive2Compatibility" time="0"/>
  <testcase name="testWriteHive4ReadHive4UsingNewConversion(String)[861]" classname="org.apache.hadoop.hive.ql.io.parquet.serde.TestParquetTimestampsHive2Compatibility" time="0"/>
  <testcase name="testWriteHive4ReadHive4UsingNewConversion(String)[862]" classname="org.apache.hadoop.hive.ql.io.parquet.serde.TestParquetTimestampsHive2Compatibility" time="0"/>
  <testcase name="testWriteHive4ReadHive4UsingNewConversion(String)[863]" classname="org.apache.hadoop.hive.ql.io.parquet.serde.TestParquetTimestampsHive2Compatibility" time="0"/>
  <testcase name="testWriteHive4ReadHive4UsingNewConversion(String)[864]" classname="org.apache.hadoop.hive.ql.io.parquet.serde.TestParquetTimestampsHive2Compatibility" time="0"/>
  <testcase name="testWriteHive4ReadHive4UsingNewConversion(String)[865]" classname="org.apache.hadoop.hive.ql.io.parquet.serde.TestParquetTimestampsHive2Compatibility" time="0"/>
  <testcase name="testWriteHive4ReadHive4UsingNewConversion(String)[866]" classname="org.apache.hadoop.hive.ql.io.parquet.serde.TestParquetTimestampsHive2Compatibility" time="0"/>
  <testcase name="testWriteHive4ReadHive4UsingNewConversion(String)[867]" classname="org.apache.hadoop.hive.ql.io.parquet.serde.TestParquetTimestampsHive2Compatibility" time="0"/>
  <testcase name="testWriteHive4ReadHive4UsingNewConversion(String)[868]" classname="org.apache.hadoop.hive.ql.io.parquet.serde.TestParquetTimestampsHive2Compatibility" time="0"/>
  <testcase name="testWriteHive4ReadHive4UsingNewConversion(String)[869]" classname="org.apache.hadoop.hive.ql.io.parquet.serde.TestParquetTimestampsHive2Compatibility" time="0"/>
  <testcase name="testWriteHive4ReadHive4UsingNewConversion(String)[870]" classname="org.apache.hadoop.hive.ql.io.parquet.serde.TestParquetTimestampsHive2Compatibility" time="0.001"/>
  <testcase name="testWriteHive4ReadHive4UsingNewConversion(String)[871]" classname="org.apache.hadoop.hive.ql.io.parquet.serde.TestParquetTimestampsHive2Compatibility" time="0"/>
  <testcase name="testWriteHive4ReadHive4UsingNewConversion(String)[872]" classname="org.apache.hadoop.hive.ql.io.parquet.serde.TestParquetTimestampsHive2Compatibility" time="0"/>
  <testcase name="testWriteHive4ReadHive4UsingNewConversion(String)[873]" classname="org.apache.hadoop.hive.ql.io.parquet.serde.TestParquetTimestampsHive2Compatibility" time="0"/>
  <testcase name="testWriteHive4ReadHive4UsingNewConversion(String)[874]" classname="org.apache.hadoop.hive.ql.io.parquet.serde.TestParquetTimestampsHive2Compatibility" time="0"/>
  <testcase name="testWriteHive4ReadHive4UsingNewConversion(String)[875]" classname="org.apache.hadoop.hive.ql.io.parquet.serde.TestParquetTimestampsHive2Compatibility" time="0"/>
  <testcase name="testWriteHive4ReadHive4UsingNewConversion(String)[876]" classname="org.apache.hadoop.hive.ql.io.parquet.serde.TestParquetTimestampsHive2Compatibility" time="0"/>
  <testcase name="testWriteHive4ReadHive4UsingNewConversion(String)[877]" classname="org.apache.hadoop.hive.ql.io.parquet.serde.TestParquetTimestampsHive2Compatibility" time="0"/>
  <testcase name="testWriteHive4ReadHive4UsingNewConversion(String)[878]" classname="org.apache.hadoop.hive.ql.io.parquet.serde.TestParquetTimestampsHive2Compatibility" time="0"/>
  <testcase name="testWriteHive4ReadHive4UsingNewConversion(String)[879]" classname="org.apache.hadoop.hive.ql.io.parquet.serde.TestParquetTimestampsHive2Compatibility" time="0"/>
  <testcase name="testWriteHive4ReadHive4UsingNewConversion(String)[880]" classname="org.apache.hadoop.hive.ql.io.parquet.serde.TestParquetTimestampsHive2Compatibility" time="0"/>
  <testcase name="testWriteHive4ReadHive4UsingNewConversion(String)[881]" classname="org.apache.hadoop.hive.ql.io.parquet.serde.TestParquetTimestampsHive2Compatibility" time="0"/>
  <testcase name="testWriteHive4ReadHive4UsingNewConversion(String)[882]" classname="org.apache.hadoop.hive.ql.io.parquet.serde.TestParquetTimestampsHive2Compatibility" time="0"/>
  <testcase name="testWriteHive4ReadHive4UsingNewConversion(String)[883]" classname="org.apache.hadoop.hive.ql.io.parquet.serde.TestParquetTimestampsHive2Compatibility" time="0"/>
  <testcase name="testWriteHive4ReadHive4UsingNewConversion(String)[884]" classname="org.apache.hadoop.hive.ql.io.parquet.serde.TestParquetTimestampsHive2Compatibility" time="0"/>
  <testcase name="testWriteHive4ReadHive4UsingNewConversion(String)[885]" classname="org.apache.hadoop.hive.ql.io.parquet.serde.TestParquetTimestampsHive2Compatibility" time="0"/>
  <testcase name="testWriteHive4ReadHive4UsingNewConversion(String)[886]" classname="org.apache.hadoop.hive.ql.io.parquet.serde.TestParquetTimestampsHive2Compatibility" time="0"/>
  <testcase name="testWriteHive4ReadHive4UsingNewConversion(String)[887]" classname="org.apache.hadoop.hive.ql.io.parquet.serde.TestParquetTimestampsHive2Compatibility" time="0"/>
  <testcase name="testWriteHive4ReadHive4UsingNewConversion(String)[888]" classname="org.apache.hadoop.hive.ql.io.parquet.serde.TestParquetTimestampsHive2Compatibility" time="0"/>
  <testcase name="testWriteHive4ReadHive4UsingNewConversion(String)[889]" classname="org.apache.hadoop.hive.ql.io.parquet.serde.TestParquetTimestampsHive2Compatibility" time="0"/>
  <testcase name="testWriteHive4ReadHive4UsingNewConversion(String)[890]" classname="org.apache.hadoop.hive.ql.io.parquet.serde.TestParquetTimestampsHive2Compatibility" time="0"/>
  <testcase name="testWriteHive4ReadHive4UsingNewConversion(String)[891]" classname="org.apache.hadoop.hive.ql.io.parquet.serde.TestParquetTimestampsHive2Compatibility" time="0"/>
  <testcase name="testWriteHive4ReadHive4UsingNewConversion(String)[892]" classname="org.apache.hadoop.hive.ql.io.parquet.serde.TestParquetTimestampsHive2Compatibility" time="0"/>
  <testcase name="testWriteHive4ReadHive4UsingNewConversion(String)[893]" classname="org.apache.hadoop.hive.ql.io.parquet.serde.TestParquetTimestampsHive2Compatibility" time="0"/>
  <testcase name="testWriteHive4ReadHive4UsingNewConversion(String)[894]" classname="org.apache.hadoop.hive.ql.io.parquet.serde.TestParquetTimestampsHive2Compatibility" time="0"/>
  <testcase name="testWriteHive4ReadHive4UsingNewConversion(String)[895]" classname="org.apache.hadoop.hive.ql.io.parquet.serde.TestParquetTimestampsHive2Compatibility" time="0"/>
  <testcase name="testWriteHive4ReadHive4UsingNewConversion(String)[896]" classname="org.apache.hadoop.hive.ql.io.parquet.serde.TestParquetTimestampsHive2Compatibility" time="0"/>
  <testcase name="testWriteHive4ReadHive4UsingNewConversion(String)[897]" classname="org.apache.hadoop.hive.ql.io.parquet.serde.TestParquetTimestampsHive2Compatibility" time="0"/>
  <testcase name="testWriteHive4ReadHive4UsingNewConversion(String)[898]" classname="org.apache.hadoop.hive.ql.io.parquet.serde.TestParquetTimestampsHive2Compatibility" time="0"/>
  <testcase name="testWriteHive4ReadHive4UsingNewConversion(String)[899]" classname="org.apache.hadoop.hive.ql.io.parquet.serde.TestParquetTimestampsHive2Compatibility" time="0"/>
  <testcase name="testWriteHive4ReadHive4UsingNewConversion(String)[900]" classname="org.apache.hadoop.hive.ql.io.parquet.serde.TestParquetTimestampsHive2Compatibility" time="0"/>
  <testcase name="testWriteHive4ReadHive4UsingNewConversion(String)[901]" classname="org.apache.hadoop.hive.ql.io.parquet.serde.TestParquetTimestampsHive2Compatibility" time="0"/>
  <testcase name="testWriteHive4ReadHive4UsingNewConversion(String)[902]" classname="org.apache.hadoop.hive.ql.io.parquet.serde.TestParquetTimestampsHive2Compatibility" time="0"/>
  <testcase name="testWriteHive4ReadHive4UsingNewConversion(String)[903]" classname="org.apache.hadoop.hive.ql.io.parquet.serde.TestParquetTimestampsHive2Compatibility" time="0"/>
  <testcase name="testWriteHive4ReadHive4UsingNewConversion(String)[904]" classname="org.apache.hadoop.hive.ql.io.parquet.serde.TestParquetTimestampsHive2Compatibility" time="0.001"/>
  <testcase name="testWriteHive4ReadHive4UsingNewConversion(String)[905]" classname="org.apache.hadoop.hive.ql.io.parquet.serde.TestParquetTimestampsHive2Compatibility" time="0"/>
  <testcase name="testWriteHive4ReadHive4UsingNewConversion(String)[906]" classname="org.apache.hadoop.hive.ql.io.parquet.serde.TestParquetTimestampsHive2Compatibility" time="0"/>
  <testcase name="testWriteHive4ReadHive4UsingNewConversion(String)[907]" classname="org.apache.hadoop.hive.ql.io.parquet.serde.TestParquetTimestampsHive2Compatibility" time="0"/>
  <testcase name="testWriteHive4ReadHive4UsingNewConversion(String)[908]" classname="org.apache.hadoop.hive.ql.io.parquet.serde.TestParquetTimestampsHive2Compatibility" time="0"/>
  <testcase name="testWriteHive4ReadHive4UsingNewConversion(String)[909]" classname="org.apache.hadoop.hive.ql.io.parquet.serde.TestParquetTimestampsHive2Compatibility" time="0"/>
  <testcase name="testWriteHive4ReadHive4UsingNewConversion(String)[910]" classname="org.apache.hadoop.hive.ql.io.parquet.serde.TestParquetTimestampsHive2Compatibility" time="0"/>
  <testcase name="testWriteHive4ReadHive4UsingNewConversion(String)[911]" classname="org.apache.hadoop.hive.ql.io.parquet.serde.TestParquetTimestampsHive2Compatibility" time="0"/>
  <testcase name="testWriteHive4ReadHive4UsingNewConversion(String)[912]" classname="org.apache.hadoop.hive.ql.io.parquet.serde.TestParquetTimestampsHive2Compatibility" time="0.001"/>
  <testcase name="testWriteHive4ReadHive4UsingNewConversion(String)[913]" classname="org.apache.hadoop.hive.ql.io.parquet.serde.TestParquetTimestampsHive2Compatibility" time="0"/>
  <testcase name="testWriteHive4ReadHive4UsingNewConversion(String)[914]" classname="org.apache.hadoop.hive.ql.io.parquet.serde.TestParquetTimestampsHive2Compatibility" time="0"/>
  <testcase name="testWriteHive4ReadHive4UsingNewConversion(String)[915]" classname="org.apache.hadoop.hive.ql.io.parquet.serde.TestParquetTimestampsHive2Compatibility" time="0"/>
  <testcase name="testWriteHive4ReadHive4UsingNewConversion(String)[916]" classname="org.apache.hadoop.hive.ql.io.parquet.serde.TestParquetTimestampsHive2Compatibility" time="0"/>
  <testcase name="testWriteHive4ReadHive4UsingNewConversion(String)[917]" classname="org.apache.hadoop.hive.ql.io.parquet.serde.TestParquetTimestampsHive2Compatibility" time="0"/>
  <testcase name="testWriteHive4ReadHive4UsingNewConversion(String)[918]" classname="org.apache.hadoop.hive.ql.io.parquet.serde.TestParquetTimestampsHive2Compatibility" time="0"/>
  <testcase name="testWriteHive4ReadHive4UsingNewConversion(String)[919]" classname="org.apache.hadoop.hive.ql.io.parquet.serde.TestParquetTimestampsHive2Compatibility" time="0"/>
  <testcase name="testWriteHive4ReadHive4UsingNewConversion(String)[920]" classname="org.apache.hadoop.hive.ql.io.parquet.serde.TestParquetTimestampsHive2Compatibility" time="0.001"/>
  <testcase name="testWriteHive4ReadHive4UsingNewConversion(String)[921]" classname="org.apache.hadoop.hive.ql.io.parquet.serde.TestParquetTimestampsHive2Compatibility" time="0"/>
  <testcase name="testWriteHive4ReadHive4UsingNewConversion(String)[922]" classname="org.apache.hadoop.hive.ql.io.parquet.serde.TestParquetTimestampsHive2Compatibility" time="0"/>
  <testcase name="testWriteHive4ReadHive4UsingNewConversion(String)[923]" classname="org.apache.hadoop.hive.ql.io.parquet.serde.TestParquetTimestampsHive2Compatibility" time="0"/>
  <testcase name="testWriteHive4ReadHive4UsingNewConversion(String)[924]" classname="org.apache.hadoop.hive.ql.io.parquet.serde.TestParquetTimestampsHive2Compatibility" time="0"/>
  <testcase name="testWriteHive4ReadHive4UsingNewConversion(String)[925]" classname="org.apache.hadoop.hive.ql.io.parquet.serde.TestParquetTimestampsHive2Compatibility" time="0"/>
  <testcase name="testWriteHive4ReadHive4UsingNewConversion(String)[926]" classname="org.apache.hadoop.hive.ql.io.parquet.serde.TestParquetTimestampsHive2Compatibility" time="0"/>
  <testcase name="testWriteHive4ReadHive4UsingNewConversion(String)[927]" classname="org.apache.hadoop.hive.ql.io.parquet.serde.TestParquetTimestampsHive2Compatibility" time="0"/>
  <testcase name="testWriteHive4ReadHive4UsingNewConversion(String)[928]" classname="org.apache.hadoop.hive.ql.io.parquet.serde.TestParquetTimestampsHive2Compatibility" time="0"/>
  <testcase name="testWriteHive4ReadHive4UsingNewConversion(String)[929]" classname="org.apache.hadoop.hive.ql.io.parquet.serde.TestParquetTimestampsHive2Compatibility" time="0"/>
  <testcase name="testWriteHive4ReadHive4UsingNewConversion(String)[930]" classname="org.apache.hadoop.hive.ql.io.parquet.serde.TestParquetTimestampsHive2Compatibility" time="0"/>
  <testcase name="testWriteHive4ReadHive4UsingNewConversion(String)[931]" classname="org.apache.hadoop.hive.ql.io.parquet.serde.TestParquetTimestampsHive2Compatibility" time="0"/>
  <testcase name="testWriteHive4ReadHive4UsingNewConversion(String)[932]" classname="org.apache.hadoop.hive.ql.io.parquet.serde.TestParquetTimestampsHive2Compatibility" time="0"/>
  <testcase name="testWriteHive4ReadHive4UsingNewConversion(String)[933]" classname="org.apache.hadoop.hive.ql.io.parquet.serde.TestParquetTimestampsHive2Compatibility" time="0"/>
  <testcase name="testWriteHive4ReadHive4UsingNewConversion(String)[934]" classname="org.apache.hadoop.hive.ql.io.parquet.serde.TestParquetTimestampsHive2Compatibility" time="0"/>
  <testcase name="testWriteHive4ReadHive4UsingNewConversion(String)[935]" classname="org.apache.hadoop.hive.ql.io.parquet.serde.TestParquetTimestampsHive2Compatibility" time="0"/>
  <testcase name="testWriteHive4ReadHive4UsingNewConversion(String)[936]" classname="org.apache.hadoop.hive.ql.io.parquet.serde.TestParquetTimestampsHive2Compatibility" time="0"/>
  <testcase name="testWriteHive4ReadHive4UsingNewConversion(String)[937]" classname="org.apache.hadoop.hive.ql.io.parquet.serde.TestParquetTimestampsHive2Compatibility" time="0"/>
  <testcase name="testWriteHive4ReadHive4UsingNewConversion(String)[938]" classname="org.apache.hadoop.hive.ql.io.parquet.serde.TestParquetTimestampsHive2Compatibility" time="0"/>
  <testcase name="testWriteHive4ReadHive4UsingNewConversion(String)[939]" classname="org.apache.hadoop.hive.ql.io.parquet.serde.TestParquetTimestampsHive2Compatibility" time="0"/>
  <testcase name="testWriteHive4ReadHive4UsingNewConversion(String)[940]" classname="org.apache.hadoop.hive.ql.io.parquet.serde.TestParquetTimestampsHive2Compatibility" time="0"/>
  <testcase name="testWriteHive4ReadHive4UsingNewConversion(String)[941]" classname="org.apache.hadoop.hive.ql.io.parquet.serde.TestParquetTimestampsHive2Compatibility" time="0"/>
  <testcase name="testWriteHive4ReadHive4UsingNewConversion(String)[942]" classname="org.apache.hadoop.hive.ql.io.parquet.serde.TestParquetTimestampsHive2Compatibility" time="0"/>
  <testcase name="testWriteHive4ReadHive4UsingNewConversion(String)[943]" classname="org.apache.hadoop.hive.ql.io.parquet.serde.TestParquetTimestampsHive2Compatibility" time="0"/>
  <testcase name="testWriteHive4ReadHive4UsingNewConversion(String)[944]" classname="org.apache.hadoop.hive.ql.io.parquet.serde.TestParquetTimestampsHive2Compatibility" time="0"/>
  <testcase name="testWriteHive4ReadHive4UsingNewConversion(String)[945]" classname="org.apache.hadoop.hive.ql.io.parquet.serde.TestParquetTimestampsHive2Compatibility" time="0"/>
  <testcase name="testWriteHive4ReadHive4UsingNewConversion(String)[946]" classname="org.apache.hadoop.hive.ql.io.parquet.serde.TestParquetTimestampsHive2Compatibility" time="0.001"/>
  <testcase name="testWriteHive4ReadHive4UsingNewConversion(String)[947]" classname="org.apache.hadoop.hive.ql.io.parquet.serde.TestParquetTimestampsHive2Compatibility" time="0"/>
  <testcase name="testWriteHive4ReadHive4UsingNewConversion(String)[948]" classname="org.apache.hadoop.hive.ql.io.parquet.serde.TestParquetTimestampsHive2Compatibility" time="0"/>
  <testcase name="testWriteHive4ReadHive4UsingNewConversion(String)[949]" classname="org.apache.hadoop.hive.ql.io.parquet.serde.TestParquetTimestampsHive2Compatibility" time="0"/>
  <testcase name="testWriteHive4ReadHive4UsingNewConversion(String)[950]" classname="org.apache.hadoop.hive.ql.io.parquet.serde.TestParquetTimestampsHive2Compatibility" time="0"/>
  <testcase name="testWriteHive4ReadHive4UsingNewConversion(String)[951]" classname="org.apache.hadoop.hive.ql.io.parquet.serde.TestParquetTimestampsHive2Compatibility" time="0"/>
  <testcase name="testWriteHive4ReadHive4UsingNewConversion(String)[952]" classname="org.apache.hadoop.hive.ql.io.parquet.serde.TestParquetTimestampsHive2Compatibility" time="0"/>
  <testcase name="testWriteHive4ReadHive4UsingNewConversion(String)[953]" classname="org.apache.hadoop.hive.ql.io.parquet.serde.TestParquetTimestampsHive2Compatibility" time="0"/>
  <testcase name="testWriteHive4ReadHive4UsingNewConversion(String)[954]" classname="org.apache.hadoop.hive.ql.io.parquet.serde.TestParquetTimestampsHive2Compatibility" time="0"/>
  <testcase name="testWriteHive4ReadHive4UsingNewConversion(String)[955]" classname="org.apache.hadoop.hive.ql.io.parquet.serde.TestParquetTimestampsHive2Compatibility" time="0"/>
  <testcase name="testWriteHive4ReadHive4UsingNewConversion(String)[956]" classname="org.apache.hadoop.hive.ql.io.parquet.serde.TestParquetTimestampsHive2Compatibility" time="0"/>
  <testcase name="testWriteHive4ReadHive4UsingNewConversion(String)[957]" classname="org.apache.hadoop.hive.ql.io.parquet.serde.TestParquetTimestampsHive2Compatibility" time="0"/>
  <testcase name="testWriteHive4ReadHive4UsingNewConversion(String)[958]" classname="org.apache.hadoop.hive.ql.io.parquet.serde.TestParquetTimestampsHive2Compatibility" time="0"/>
  <testcase name="testWriteHive4ReadHive4UsingNewConversion(String)[959]" classname="org.apache.hadoop.hive.ql.io.parquet.serde.TestParquetTimestampsHive2Compatibility" time="0"/>
  <testcase name="testWriteHive4ReadHive4UsingNewConversion(String)[960]" classname="org.apache.hadoop.hive.ql.io.parquet.serde.TestParquetTimestampsHive2Compatibility" time="0"/>
  <testcase name="testWriteHive4ReadHive4UsingNewConversion(String)[961]" classname="org.apache.hadoop.hive.ql.io.parquet.serde.TestParquetTimestampsHive2Compatibility" time="0"/>
  <testcase name="testWriteHive4ReadHive4UsingNewConversion(String)[962]" classname="org.apache.hadoop.hive.ql.io.parquet.serde.TestParquetTimestampsHive2Compatibility" time="0"/>
  <testcase name="testWriteHive4ReadHive4UsingNewConversion(String)[963]" classname="org.apache.hadoop.hive.ql.io.parquet.serde.TestParquetTimestampsHive2Compatibility" time="0.001"/>
  <testcase name="testWriteHive4ReadHive4UsingNewConversion(String)[964]" classname="org.apache.hadoop.hive.ql.io.parquet.serde.TestParquetTimestampsHive2Compatibility" time="0"/>
  <testcase name="testWriteHive4ReadHive4UsingNewConversion(String)[965]" classname="org.apache.hadoop.hive.ql.io.parquet.serde.TestParquetTimestampsHive2Compatibility" time="0"/>
  <testcase name="testWriteHive4ReadHive4UsingNewConversion(String)[966]" classname="org.apache.hadoop.hive.ql.io.parquet.serde.TestParquetTimestampsHive2Compatibility" time="0"/>
  <testcase name="testWriteHive4ReadHive4UsingNewConversion(String)[967]" classname="org.apache.hadoop.hive.ql.io.parquet.serde.TestParquetTimestampsHive2Compatibility" time="0"/>
  <testcase name="testWriteHive4ReadHive4UsingNewConversion(String)[968]" classname="org.apache.hadoop.hive.ql.io.parquet.serde.TestParquetTimestampsHive2Compatibility" time="0"/>
  <testcase name="testWriteHive4ReadHive4UsingNewConversion(String)[969]" classname="org.apache.hadoop.hive.ql.io.parquet.serde.TestParquetTimestampsHive2Compatibility" time="0"/>
  <testcase name="testWriteHive4ReadHive4UsingNewConversion(String)[970]" classname="org.apache.hadoop.hive.ql.io.parquet.serde.TestParquetTimestampsHive2Compatibility" time="0"/>
  <testcase name="testWriteHive4ReadHive4UsingNewConversion(String)[971]" classname="org.apache.hadoop.hive.ql.io.parquet.serde.TestParquetTimestampsHive2Compatibility" time="0.001"/>
  <testcase name="testWriteHive4ReadHive4UsingNewConversion(String)[972]" classname="org.apache.hadoop.hive.ql.io.parquet.serde.TestParquetTimestampsHive2Compatibility" time="0"/>
  <testcase name="testWriteHive4ReadHive4UsingNewConversion(String)[973]" classname="org.apache.hadoop.hive.ql.io.parquet.serde.TestParquetTimestampsHive2Compatibility" time="0"/>
  <testcase name="testWriteHive4ReadHive4UsingNewConversion(String)[974]" classname="org.apache.hadoop.hive.ql.io.parquet.serde.TestParquetTimestampsHive2Compatibility" time="0"/>
  <testcase name="testWriteHive4ReadHive4UsingNewConversion(String)[975]" classname="org.apache.hadoop.hive.ql.io.parquet.serde.TestParquetTimestampsHive2Compatibility" time="0"/>
  <testcase name="testWriteHive4ReadHive4UsingNewConversion(String)[976]" classname="org.apache.hadoop.hive.ql.io.parquet.serde.TestParquetTimestampsHive2Compatibility" time="0"/>
  <testcase name="testWriteHive4ReadHive4UsingNewConversion(String)[977]" classname="org.apache.hadoop.hive.ql.io.parquet.serde.TestParquetTimestampsHive2Compatibility" time="0"/>
  <testcase name="testWriteHive4ReadHive4UsingNewConversion(String)[978]" classname="org.apache.hadoop.hive.ql.io.parquet.serde.TestParquetTimestampsHive2Compatibility" time="0"/>
  <testcase name="testWriteHive4ReadHive4UsingNewConversion(String)[979]" classname="org.apache.hadoop.hive.ql.io.parquet.serde.TestParquetTimestampsHive2Compatibility" time="0"/>
  <testcase name="testWriteHive4ReadHive4UsingNewConversion(String)[980]" classname="org.apache.hadoop.hive.ql.io.parquet.serde.TestParquetTimestampsHive2Compatibility" time="0"/>
  <testcase name="testWriteHive4ReadHive4UsingNewConversion(String)[981]" classname="org.apache.hadoop.hive.ql.io.parquet.serde.TestParquetTimestampsHive2Compatibility" time="0"/>
  <testcase name="testWriteHive4ReadHive4UsingNewConversion(String)[982]" classname="org.apache.hadoop.hive.ql.io.parquet.serde.TestParquetTimestampsHive2Compatibility" time="0"/>
  <testcase name="testWriteHive4ReadHive4UsingNewConversion(String)[983]" classname="org.apache.hadoop.hive.ql.io.parquet.serde.TestParquetTimestampsHive2Compatibility" time="0"/>
  <testcase name="testWriteHive4ReadHive4UsingNewConversion(String)[984]" classname="org.apache.hadoop.hive.ql.io.parquet.serde.TestParquetTimestampsHive2Compatibility" time="0"/>
  <testcase name="testWriteHive4ReadHive4UsingNewConversion(String)[985]" classname="org.apache.hadoop.hive.ql.io.parquet.serde.TestParquetTimestampsHive2Compatibility" time="0"/>
  <testcase name="testWriteHive4ReadHive4UsingNewConversion(String)[986]" classname="org.apache.hadoop.hive.ql.io.parquet.serde.TestParquetTimestampsHive2Compatibility" time="0"/>
  <testcase name="testWriteHive4ReadHive4UsingNewConversion(String)[987]" classname="org.apache.hadoop.hive.ql.io.parquet.serde.TestParquetTimestampsHive2Compatibility" time="0.001"/>
  <testcase name="testWriteHive4ReadHive4UsingNewConversion(String)[988]" classname="org.apache.hadoop.hive.ql.io.parquet.serde.TestParquetTimestampsHive2Compatibility" time="0"/>
  <testcase name="testWriteHive4ReadHive4UsingNewConversion(String)[989]" classname="org.apache.hadoop.hive.ql.io.parquet.serde.TestParquetTimestampsHive2Compatibility" time="0"/>
  <testcase name="testWriteHive4ReadHive4UsingNewConversion(String)[990]" classname="org.apache.hadoop.hive.ql.io.parquet.serde.TestParquetTimestampsHive2Compatibility" time="0"/>
  <testcase name="testWriteHive4ReadHive4UsingNewConversion(String)[991]" classname="org.apache.hadoop.hive.ql.io.parquet.serde.TestParquetTimestampsHive2Compatibility" time="0"/>
  <testcase name="testWriteHive4ReadHive4UsingNewConversion(String)[992]" classname="org.apache.hadoop.hive.ql.io.parquet.serde.TestParquetTimestampsHive2Compatibility" time="0"/>
  <testcase name="testWriteHive4ReadHive4UsingNewConversion(String)[993]" classname="org.apache.hadoop.hive.ql.io.parquet.serde.TestParquetTimestampsHive2Compatibility" time="0"/>
  <testcase name="testWriteHive4ReadHive4UsingNewConversion(String)[994]" classname="org.apache.hadoop.hive.ql.io.parquet.serde.TestParquetTimestampsHive2Compatibility" time="0"/>
  <testcase name="testWriteHive4ReadHive4UsingNewConversion(String)[995]" classname="org.apache.hadoop.hive.ql.io.parquet.serde.TestParquetTimestampsHive2Compatibility" time="0"/>
  <testcase name="testWriteHive4ReadHive4UsingNewConversion(String)[996]" classname="org.apache.hadoop.hive.ql.io.parquet.serde.TestParquetTimestampsHive2Compatibility" time="0"/>
  <testcase name="testWriteHive4ReadHive4UsingNewConversion(String)[997]" classname="org.apache.hadoop.hive.ql.io.parquet.serde.TestParquetTimestampsHive2Compatibility" time="0"/>
  <testcase name="testWriteHive4ReadHive4UsingNewConversion(String)[998]" classname="org.apache.hadoop.hive.ql.io.parquet.serde.TestParquetTimestampsHive2Compatibility" time="0"/>
  <testcase name="testWriteHive4ReadHive4UsingNewConversion(String)[999]" classname="org.apache.hadoop.hive.ql.io.parquet.serde.TestParquetTimestampsHive2Compatibility" time="0"/>
  <testcase name="testWriteHive4ReadHive4UsingNewConversion(String)[1000]" classname="org.apache.hadoop.hive.ql.io.parquet.serde.TestParquetTimestampsHive2Compatibility" time="0"/>
  <testcase name="testWriteHive4ReadHive4UsingNewConversion(String)[1001]" classname="org.apache.hadoop.hive.ql.io.parquet.serde.TestParquetTimestampsHive2Compatibility" time="0"/>
  <testcase name="testWriteHive4ReadHive4UsingNewConversion(String)[1002]" classname="org.apache.hadoop.hive.ql.io.parquet.serde.TestParquetTimestampsHive2Compatibility" time="0"/>
  <testcase name="testWriteHive4ReadHive4UsingNewConversion(String)[1003]" classname="org.apache.hadoop.hive.ql.io.parquet.serde.TestParquetTimestampsHive2Compatibility" time="0"/>
  <testcase name="testWriteHive4ReadHive4UsingNewConversion(String)[1004]" classname="org.apache.hadoop.hive.ql.io.parquet.serde.TestParquetTimestampsHive2Compatibility" time="0.001"/>
  <testcase name="testWriteHive4ReadHive4UsingNewConversion(String)[1005]" classname="org.apache.hadoop.hive.ql.io.parquet.serde.TestParquetTimestampsHive2Compatibility" time="0"/>
  <testcase name="testWriteHive4ReadHive4UsingNewConversion(String)[1006]" classname="org.apache.hadoop.hive.ql.io.parquet.serde.TestParquetTimestampsHive2Compatibility" time="0"/>
  <testcase name="testWriteHive4ReadHive4UsingNewConversion(String)[1007]" classname="org.apache.hadoop.hive.ql.io.parquet.serde.TestParquetTimestampsHive2Compatibility" time="0"/>
  <testcase name="testWriteHive4ReadHive4UsingNewConversion(String)[1008]" classname="org.apache.hadoop.hive.ql.io.parquet.serde.TestParquetTimestampsHive2Compatibility" time="0"/>
  <testcase name="testWriteHive4ReadHive4UsingNewConversion(String)[1009]" classname="org.apache.hadoop.hive.ql.io.parquet.serde.TestParquetTimestampsHive2Compatibility" time="0"/>
  <testcase name="testWriteHive4ReadHive4UsingNewConversion(String)[1010]" classname="org.apache.hadoop.hive.ql.io.parquet.serde.TestParquetTimestampsHive2Compatibility" time="0"/>
  <testcase name="testWriteHive4ReadHive4UsingNewConversion(String)[1011]" classname="org.apache.hadoop.hive.ql.io.parquet.serde.TestParquetTimestampsHive2Compatibility" time="0"/>
  <testcase name="testWriteHive4ReadHive4UsingNewConversion(String)[1012]" classname="org.apache.hadoop.hive.ql.io.parquet.serde.TestParquetTimestampsHive2Compatibility" time="0"/>
  <testcase name="testWriteHive4ReadHive4UsingNewConversion(String)[1013]" classname="org.apache.hadoop.hive.ql.io.parquet.serde.TestParquetTimestampsHive2Compatibility" time="0"/>
  <testcase name="testWriteHive4ReadHive4UsingNewConversion(String)[1014]" classname="org.apache.hadoop.hive.ql.io.parquet.serde.TestParquetTimestampsHive2Compatibility" time="0"/>
  <testcase name="testWriteHive4ReadHive4UsingNewConversion(String)[1015]" classname="org.apache.hadoop.hive.ql.io.parquet.serde.TestParquetTimestampsHive2Compatibility" time="0"/>
  <testcase name="testWriteHive4ReadHive4UsingNewConversion(String)[1016]" classname="org.apache.hadoop.hive.ql.io.parquet.serde.TestParquetTimestampsHive2Compatibility" time="0"/>
  <testcase name="testWriteHive4ReadHive4UsingNewConversion(String)[1017]" classname="org.apache.hadoop.hive.ql.io.parquet.serde.TestParquetTimestampsHive2Compatibility" time="0"/>
  <testcase name="testWriteHive4ReadHive4UsingNewConversion(String)[1018]" classname="org.apache.hadoop.hive.ql.io.parquet.serde.TestParquetTimestampsHive2Compatibility" time="0"/>
  <testcase name="testWriteHive4ReadHive4UsingNewConversion(String)[1019]" classname="org.apache.hadoop.hive.ql.io.parquet.serde.TestParquetTimestampsHive2Compatibility" time="0"/>
  <testcase name="testWriteHive4ReadHive4UsingNewConversion(String)[1020]" classname="org.apache.hadoop.hive.ql.io.parquet.serde.TestParquetTimestampsHive2Compatibility" time="0"/>
  <testcase name="testWriteHive4ReadHive4UsingNewConversion(String)[1021]" classname="org.apache.hadoop.hive.ql.io.parquet.serde.TestParquetTimestampsHive2Compatibility" time="0.001"/>
  <testcase name="testWriteHive4ReadHive4UsingNewConversion(String)[1022]" classname="org.apache.hadoop.hive.ql.io.parquet.serde.TestParquetTimestampsHive2Compatibility" time="0"/>
  <testcase name="testWriteHive4ReadHive4UsingNewConversion(String)[1023]" classname="org.apache.hadoop.hive.ql.io.parquet.serde.TestParquetTimestampsHive2Compatibility" time="0"/>
  <testcase name="testWriteHive4ReadHive4UsingNewConversion(String)[1024]" classname="org.apache.hadoop.hive.ql.io.parquet.serde.TestParquetTimestampsHive2Compatibility" time="0"/>
  <testcase name="testWriteHive4ReadHive4UsingNewConversion(String)[1025]" classname="org.apache.hadoop.hive.ql.io.parquet.serde.TestParquetTimestampsHive2Compatibility" time="0"/>
  <testcase name="testWriteHive4ReadHive4UsingNewConversion(String)[1026]" classname="org.apache.hadoop.hive.ql.io.parquet.serde.TestParquetTimestampsHive2Compatibility" time="0"/>
  <testcase name="testWriteHive4ReadHive4UsingNewConversion(String)[1027]" classname="org.apache.hadoop.hive.ql.io.parquet.serde.TestParquetTimestampsHive2Compatibility" time="0"/>
  <testcase name="testWriteHive4ReadHive4UsingNewConversion(String)[1028]" classname="org.apache.hadoop.hive.ql.io.parquet.serde.TestParquetTimestampsHive2Compatibility" time="0"/>
  <testcase name="testWriteHive4ReadHive4UsingNewConversion(String)[1029]" classname="org.apache.hadoop.hive.ql.io.parquet.serde.TestParquetTimestampsHive2Compatibility" time="0"/>
  <testcase name="testWriteHive4ReadHive4UsingNewConversion(String)[1030]" classname="org.apache.hadoop.hive.ql.io.parquet.serde.TestParquetTimestampsHive2Compatibility" time="0"/>
  <testcase name="testWriteHive4ReadHive4UsingNewConversion(String)[1031]" classname="org.apache.hadoop.hive.ql.io.parquet.serde.TestParquetTimestampsHive2Compatibility" time="0"/>
  <testcase name="testWriteHive4ReadHive4UsingNewConversion(String)[1032]" classname="org.apache.hadoop.hive.ql.io.parquet.serde.TestParquetTimestampsHive2Compatibility" time="0"/>
  <testcase name="testWriteHive4ReadHive4UsingNewConversion(String)[1033]" classname="org.apache.hadoop.hive.ql.io.parquet.serde.TestParquetTimestampsHive2Compatibility" time="0"/>
  <testcase name="testWriteHive4ReadHive4UsingNewConversion(String)[1034]" classname="org.apache.hadoop.hive.ql.io.parquet.serde.TestParquetTimestampsHive2Compatibility" time="0"/>
  <testcase name="testWriteHive4ReadHive4UsingNewConversion(String)[1035]" classname="org.apache.hadoop.hive.ql.io.parquet.serde.TestParquetTimestampsHive2Compatibility" time="0"/>
  <testcase name="testWriteHive4ReadHive4UsingNewConversion(String)[1036]" classname="org.apache.hadoop.hive.ql.io.parquet.serde.TestParquetTimestampsHive2Compatibility" time="0"/>
  <testcase name="testWriteHive4ReadHive4UsingNewConversion(String)[1037]" classname="org.apache.hadoop.hive.ql.io.parquet.serde.TestParquetTimestampsHive2Compatibility" time="0"/>
  <testcase name="testWriteHive4ReadHive4UsingNewConversion(String)[1038]" classname="org.apache.hadoop.hive.ql.io.parquet.serde.TestParquetTimestampsHive2Compatibility" time="0.001"/>
  <testcase name="testWriteHive4ReadHive4UsingNewConversion(String)[1039]" classname="org.apache.hadoop.hive.ql.io.parquet.serde.TestParquetTimestampsHive2Compatibility" time="0"/>
  <testcase name="testWriteHive4ReadHive4UsingNewConversion(String)[1040]" classname="org.apache.hadoop.hive.ql.io.parquet.serde.TestParquetTimestampsHive2Compatibility" time="0"/>
  <testcase name="testWriteHive4ReadHive4UsingNewConversion(String)[1041]" classname="org.apache.hadoop.hive.ql.io.parquet.serde.TestParquetTimestampsHive2Compatibility" time="0"/>
  <testcase name="testWriteHive4ReadHive4UsingNewConversion(String)[1042]" classname="org.apache.hadoop.hive.ql.io.parquet.serde.TestParquetTimestampsHive2Compatibility" time="0"/>
  <testcase name="testWriteHive4ReadHive4UsingNewConversion(String)[1043]" classname="org.apache.hadoop.hive.ql.io.parquet.serde.TestParquetTimestampsHive2Compatibility" time="0"/>
  <testcase name="testWriteHive4ReadHive4UsingNewConversion(String)[1044]" classname="org.apache.hadoop.hive.ql.io.parquet.serde.TestParquetTimestampsHive2Compatibility" time="0"/>
  <testcase name="testWriteHive4ReadHive4UsingNewConversion(String)[1045]" classname="org.apache.hadoop.hive.ql.io.parquet.serde.TestParquetTimestampsHive2Compatibility" time="0"/>
  <testcase name="testWriteHive4ReadHive4UsingNewConversion(String)[1046]" classname="org.apache.hadoop.hive.ql.io.parquet.serde.TestParquetTimestampsHive2Compatibility" time="0"/>
  <testcase name="testWriteHive4ReadHive4UsingNewConversion(String)[1047]" classname="org.apache.hadoop.hive.ql.io.parquet.serde.TestParquetTimestampsHive2Compatibility" time="0"/>
  <testcase name="testWriteHive4ReadHive4UsingNewConversion(String)[1048]" classname="org.apache.hadoop.hive.ql.io.parquet.serde.TestParquetTimestampsHive2Compatibility" time="0"/>
  <testcase name="testWriteHive4ReadHive4UsingNewConversion(String)[1049]" classname="org.apache.hadoop.hive.ql.io.parquet.serde.TestParquetTimestampsHive2Compatibility" time="0"/>
  <testcase name="testWriteHive4ReadHive4UsingNewConversion(String)[1050]" classname="org.apache.hadoop.hive.ql.io.parquet.serde.TestParquetTimestampsHive2Compatibility" time="0"/>
  <testcase name="testWriteHive4ReadHive4UsingNewConversion(String)[1051]" classname="org.apache.hadoop.hive.ql.io.parquet.serde.TestParquetTimestampsHive2Compatibility" time="0"/>
  <testcase name="testWriteHive4ReadHive4UsingNewConversion(String)[1052]" classname="org.apache.hadoop.hive.ql.io.parquet.serde.TestParquetTimestampsHive2Compatibility" time="0"/>
  <testcase name="testWriteHive4ReadHive4UsingNewConversion(String)[1053]" classname="org.apache.hadoop.hive.ql.io.parquet.serde.TestParquetTimestampsHive2Compatibility" time="0"/>
  <testcase name="testWriteHive4ReadHive4UsingNewConversion(String)[1054]" classname="org.apache.hadoop.hive.ql.io.parquet.serde.TestParquetTimestampsHive2Compatibility" time="0"/>
  <testcase name="testWriteHive4ReadHive4UsingNewConversion(String)[1055]" classname="org.apache.hadoop.hive.ql.io.parquet.serde.TestParquetTimestampsHive2Compatibility" time="0"/>
  <testcase name="testWriteHive4ReadHive4UsingNewConversion(String)[1056]" classname="org.apache.hadoop.hive.ql.io.parquet.serde.TestParquetTimestampsHive2Compatibility" time="0"/>
  <testcase name="testWriteHive4ReadHive4UsingNewConversion(String)[1057]" classname="org.apache.hadoop.hive.ql.io.parquet.serde.TestParquetTimestampsHive2Compatibility" time="0"/>
  <testcase name="testWriteHive4ReadHive4UsingNewConversion(String)[1058]" classname="org.apache.hadoop.hive.ql.io.parquet.serde.TestParquetTimestampsHive2Compatibility" time="0"/>
  <testcase name="testWriteHive4ReadHive4UsingNewConversion(String)[1059]" classname="org.apache.hadoop.hive.ql.io.parquet.serde.TestParquetTimestampsHive2Compatibility" time="0"/>
  <testcase name="testWriteHive4ReadHive4UsingNewConversion(String)[1060]" classname="org.apache.hadoop.hive.ql.io.parquet.serde.TestParquetTimestampsHive2Compatibility" time="0"/>
  <testcase name="testWriteHive4ReadHive4UsingNewConversion(String)[1061]" classname="org.apache.hadoop.hive.ql.io.parquet.serde.TestParquetTimestampsHive2Compatibility" time="0"/>
  <testcase name="testWriteHive4ReadHive4UsingNewConversion(String)[1062]" classname="org.apache.hadoop.hive.ql.io.parquet.serde.TestParquetTimestampsHive2Compatibility" time="0"/>
  <testcase name="testWriteHive4ReadHive4UsingNewConversion(String)[1063]" classname="org.apache.hadoop.hive.ql.io.parquet.serde.TestParquetTimestampsHive2Compatibility" time="0"/>
  <testcase name="testWriteHive4ReadHive4UsingNewConversion(String)[1064]" classname="org.apache.hadoop.hive.ql.io.parquet.serde.TestParquetTimestampsHive2Compatibility" time="0"/>
  <testcase name="testWriteHive4ReadHive4UsingNewConversion(String)[1065]" classname="org.apache.hadoop.hive.ql.io.parquet.serde.TestParquetTimestampsHive2Compatibility" time="0"/>
  <testcase name="testWriteHive4ReadHive4UsingNewConversion(String)[1066]" classname="org.apache.hadoop.hive.ql.io.parquet.serde.TestParquetTimestampsHive2Compatibility" time="0"/>
  <testcase name="testWriteHive4ReadHive4UsingNewConversion(String)[1067]" classname="org.apache.hadoop.hive.ql.io.parquet.serde.TestParquetTimestampsHive2Compatibility" time="0"/>
  <testcase name="testWriteHive4ReadHive4UsingNewConversion(String)[1068]" classname="org.apache.hadoop.hive.ql.io.parquet.serde.TestParquetTimestampsHive2Compatibility" time="0"/>
  <testcase name="testWriteHive4ReadHive4UsingNewConversion(String)[1069]" classname="org.apache.hadoop.hive.ql.io.parquet.serde.TestParquetTimestampsHive2Compatibility" time="0"/>
  <testcase name="testWriteHive4ReadHive4UsingNewConversion(String)[1070]" classname="org.apache.hadoop.hive.ql.io.parquet.serde.TestParquetTimestampsHive2Compatibility" time="0"/>
  <testcase name="testWriteHive4ReadHive4UsingNewConversion(String)[1071]" classname="org.apache.hadoop.hive.ql.io.parquet.serde.TestParquetTimestampsHive2Compatibility" time="0"/>
  <testcase name="testWriteHive4ReadHive4UsingNewConversion(String)[1072]" classname="org.apache.hadoop.hive.ql.io.parquet.serde.TestParquetTimestampsHive2Compatibility" time="0"/>
  <testcase name="testWriteHive4ReadHive4UsingNewConversion(String)[1073]" classname="org.apache.hadoop.hive.ql.io.parquet.serde.TestParquetTimestampsHive2Compatibility" time="0"/>
  <testcase name="testWriteHive4ReadHive4UsingNewConversion(String)[1074]" classname="org.apache.hadoop.hive.ql.io.parquet.serde.TestParquetTimestampsHive2Compatibility" time="0"/>
  <testcase name="testWriteHive4ReadHive4UsingNewConversion(String)[1075]" classname="org.apache.hadoop.hive.ql.io.parquet.serde.TestParquetTimestampsHive2Compatibility" time="0"/>
  <testcase name="testWriteHive4ReadHive4UsingNewConversion(String)[1076]" classname="org.apache.hadoop.hive.ql.io.parquet.serde.TestParquetTimestampsHive2Compatibility" time="0.001"/>
  <testcase name="testWriteHive4ReadHive4UsingNewConversion(String)[1077]" classname="org.apache.hadoop.hive.ql.io.parquet.serde.TestParquetTimestampsHive2Compatibility" time="0"/>
  <testcase name="testWriteHive4ReadHive4UsingNewConversion(String)[1078]" classname="org.apache.hadoop.hive.ql.io.parquet.serde.TestParquetTimestampsHive2Compatibility" time="0"/>
  <testcase name="testWriteHive4ReadHive4UsingNewConversion(String)[1079]" classname="org.apache.hadoop.hive.ql.io.parquet.serde.TestParquetTimestampsHive2Compatibility" time="0"/>
  <testcase name="testWriteHive4ReadHive4UsingNewConversion(String)[1080]" classname="org.apache.hadoop.hive.ql.io.parquet.serde.TestParquetTimestampsHive2Compatibility" time="0"/>
  <testcase name="testWriteHive4ReadHive4UsingNewConversion(String)[1081]" classname="org.apache.hadoop.hive.ql.io.parquet.serde.TestParquetTimestampsHive2Compatibility" time="0"/>
  <testcase name="testWriteHive4ReadHive4UsingNewConversion(String)[1082]" classname="org.apache.hadoop.hive.ql.io.parquet.serde.TestParquetTimestampsHive2Compatibility" time="0"/>
  <testcase name="testWriteHive4ReadHive4UsingNewConversion(String)[1083]" classname="org.apache.hadoop.hive.ql.io.parquet.serde.TestParquetTimestampsHive2Compatibility" time="0"/>
  <testcase name="testWriteHive4ReadHive4UsingNewConversion(String)[1084]" classname="org.apache.hadoop.hive.ql.io.parquet.serde.TestParquetTimestampsHive2Compatibility" time="0"/>
  <testcase name="testWriteHive4ReadHive4UsingNewConversion(String)[1085]" classname="org.apache.hadoop.hive.ql.io.parquet.serde.TestParquetTimestampsHive2Compatibility" time="0"/>
  <testcase name="testWriteHive4ReadHive4UsingNewConversion(String)[1086]" classname="org.apache.hadoop.hive.ql.io.parquet.serde.TestParquetTimestampsHive2Compatibility" time="0"/>
  <testcase name="testWriteHive4ReadHive4UsingNewConversion(String)[1087]" classname="org.apache.hadoop.hive.ql.io.parquet.serde.TestParquetTimestampsHive2Compatibility" time="0"/>
  <testcase name="testWriteHive4ReadHive4UsingNewConversion(String)[1088]" classname="org.apache.hadoop.hive.ql.io.parquet.serde.TestParquetTimestampsHive2Compatibility" time="0"/>
  <testcase name="testWriteHive4ReadHive4UsingNewConversion(String)[1089]" classname="org.apache.hadoop.hive.ql.io.parquet.serde.TestParquetTimestampsHive2Compatibility" time="0"/>
  <testcase name="testWriteHive4ReadHive4UsingNewConversion(String)[1090]" classname="org.apache.hadoop.hive.ql.io.parquet.serde.TestParquetTimestampsHive2Compatibility" time="0"/>
  <testcase name="testWriteHive4ReadHive4UsingNewConversion(String)[1091]" classname="org.apache.hadoop.hive.ql.io.parquet.serde.TestParquetTimestampsHive2Compatibility" time="0"/>
  <testcase name="testWriteHive4ReadHive4UsingNewConversion(String)[1092]" classname="org.apache.hadoop.hive.ql.io.parquet.serde.TestParquetTimestampsHive2Compatibility" time="0"/>
  <testcase name="testWriteHive4ReadHive4UsingNewConversion(String)[1093]" classname="org.apache.hadoop.hive.ql.io.parquet.serde.TestParquetTimestampsHive2Compatibility" time="0"/>
  <testcase name="testWriteHive4ReadHive4UsingNewConversion(String)[1094]" classname="org.apache.hadoop.hive.ql.io.parquet.serde.TestParquetTimestampsHive2Compatibility" time="0"/>
  <testcase name="testWriteHive4ReadHive4UsingNewConversion(String)[1095]" classname="org.apache.hadoop.hive.ql.io.parquet.serde.TestParquetTimestampsHive2Compatibility" time="0"/>
  <testcase name="testWriteHive4ReadHive4UsingNewConversion(String)[1096]" classname="org.apache.hadoop.hive.ql.io.parquet.serde.TestParquetTimestampsHive2Compatibility" time="0"/>
  <testcase name="testWriteHive4ReadHive4UsingNewConversion(String)[1097]" classname="org.apache.hadoop.hive.ql.io.parquet.serde.TestParquetTimestampsHive2Compatibility" time="0"/>
  <testcase name="testWriteHive4ReadHive4UsingNewConversion(String)[1098]" classname="org.apache.hadoop.hive.ql.io.parquet.serde.TestParquetTimestampsHive2Compatibility" time="0"/>
  <testcase name="testWriteHive4ReadHive4UsingNewConversion(String)[1099]" classname="org.apache.hadoop.hive.ql.io.parquet.serde.TestParquetTimestampsHive2Compatibility" time="0"/>
  <testcase name="testWriteHive4ReadHive4UsingNewConversion(String)[1100]" classname="org.apache.hadoop.hive.ql.io.parquet.serde.TestParquetTimestampsHive2Compatibility" time="0"/>
  <testcase name="testWriteHive4ReadHive4UsingNewConversion(String)[1101]" classname="org.apache.hadoop.hive.ql.io.parquet.serde.TestParquetTimestampsHive2Compatibility" time="0"/>
  <testcase name="testWriteHive4ReadHive4UsingNewConversion(String)[1102]" classname="org.apache.hadoop.hive.ql.io.parquet.serde.TestParquetTimestampsHive2Compatibility" time="0"/>
  <testcase name="testWriteHive4ReadHive4UsingNewConversion(String)[1103]" classname="org.apache.hadoop.hive.ql.io.parquet.serde.TestParquetTimestampsHive2Compatibility" time="0"/>
  <testcase name="testWriteHive4ReadHive4UsingNewConversion(String)[1104]" classname="org.apache.hadoop.hive.ql.io.parquet.serde.TestParquetTimestampsHive2Compatibility" time="0"/>
  <testcase name="testWriteHive4ReadHive4UsingNewConversion(String)[1105]" classname="org.apache.hadoop.hive.ql.io.parquet.serde.TestParquetTimestampsHive2Compatibility" time="0"/>
  <testcase name="testWriteHive4ReadHive4UsingNewConversion(String)[1106]" classname="org.apache.hadoop.hive.ql.io.parquet.serde.TestParquetTimestampsHive2Compatibility" time="0"/>
  <testcase name="testWriteHive4ReadHive4UsingNewConversion(String)[1107]" classname="org.apache.hadoop.hive.ql.io.parquet.serde.TestParquetTimestampsHive2Compatibility" time="0.001"/>
  <testcase name="testWriteHive4ReadHive4UsingNewConversion(String)[1108]" classname="org.apache.hadoop.hive.ql.io.parquet.serde.TestParquetTimestampsHive2Compatibility" time="0"/>
  <testcase name="testWriteHive4ReadHive4UsingNewConversion(String)[1109]" classname="org.apache.hadoop.hive.ql.io.parquet.serde.TestParquetTimestampsHive2Compatibility" time="0"/>
  <testcase name="testWriteHive4ReadHive4UsingNewConversion(String)[1110]" classname="org.apache.hadoop.hive.ql.io.parquet.serde.TestParquetTimestampsHive2Compatibility" time="0"/>
  <testcase name="testWriteHive4ReadHive4UsingNewConversion(String)[1111]" classname="org.apache.hadoop.hive.ql.io.parquet.serde.TestParquetTimestampsHive2Compatibility" time="0"/>
  <testcase name="testWriteHive4ReadHive4UsingNewConversion(String)[1112]" classname="org.apache.hadoop.hive.ql.io.parquet.serde.TestParquetTimestampsHive2Compatibility" time="0.001"/>
  <testcase name="testWriteHive4ReadHive4UsingNewConversion(String)[1113]" classname="org.apache.hadoop.hive.ql.io.parquet.serde.TestParquetTimestampsHive2Compatibility" time="0"/>
  <testcase name="testWriteHive4ReadHive4UsingNewConversion(String)[1114]" classname="org.apache.hadoop.hive.ql.io.parquet.serde.TestParquetTimestampsHive2Compatibility" time="0"/>
  <testcase name="testWriteHive4ReadHive4UsingNewConversion(String)[1115]" classname="org.apache.hadoop.hive.ql.io.parquet.serde.TestParquetTimestampsHive2Compatibility" time="0"/>
  <testcase name="testWriteHive4ReadHive4UsingNewConversion(String)[1116]" classname="org.apache.hadoop.hive.ql.io.parquet.serde.TestParquetTimestampsHive2Compatibility" time="0"/>
  <testcase name="testWriteHive4ReadHive4UsingNewConversion(String)[1117]" classname="org.apache.hadoop.hive.ql.io.parquet.serde.TestParquetTimestampsHive2Compatibility" time="0"/>
  <testcase name="testWriteHive4ReadHive4UsingNewConversion(String)[1118]" classname="org.apache.hadoop.hive.ql.io.parquet.serde.TestParquetTimestampsHive2Compatibility" time="0"/>
  <testcase name="testWriteHive4ReadHive4UsingNewConversion(String)[1119]" classname="org.apache.hadoop.hive.ql.io.parquet.serde.TestParquetTimestampsHive2Compatibility" time="0"/>
  <testcase name="testWriteHive4ReadHive4UsingNewConversion(String)[1120]" classname="org.apache.hadoop.hive.ql.io.parquet.serde.TestParquetTimestampsHive2Compatibility" time="0"/>
  <testcase name="testWriteHive4ReadHive4UsingNewConversion(String)[1121]" classname="org.apache.hadoop.hive.ql.io.parquet.serde.TestParquetTimestampsHive2Compatibility" time="0"/>
  <testcase name="testWriteHive4ReadHive4UsingNewConversion(String)[1122]" classname="org.apache.hadoop.hive.ql.io.parquet.serde.TestParquetTimestampsHive2Compatibility" time="0"/>
  <testcase name="testWriteHive4ReadHive4UsingNewConversion(String)[1123]" classname="org.apache.hadoop.hive.ql.io.parquet.serde.TestParquetTimestampsHive2Compatibility" time="0"/>
  <testcase name="testWriteHive4ReadHive4UsingNewConversion(String)[1124]" classname="org.apache.hadoop.hive.ql.io.parquet.serde.TestParquetTimestampsHive2Compatibility" time="0"/>
  <testcase name="testWriteHive4ReadHive4UsingNewConversion(String)[1125]" classname="org.apache.hadoop.hive.ql.io.parquet.serde.TestParquetTimestampsHive2Compatibility" time="0"/>
  <testcase name="testWriteHive4ReadHive4UsingNewConversion(String)[1126]" classname="org.apache.hadoop.hive.ql.io.parquet.serde.TestParquetTimestampsHive2Compatibility" time="0"/>
  <testcase name="testWriteHive4ReadHive4UsingNewConversion(String)[1127]" classname="org.apache.hadoop.hive.ql.io.parquet.serde.TestParquetTimestampsHive2Compatibility" time="0"/>
  <testcase name="testWriteHive4ReadHive4UsingNewConversion(String)[1128]" classname="org.apache.hadoop.hive.ql.io.parquet.serde.TestParquetTimestampsHive2Compatibility" time="0"/>
  <testcase name="testWriteHive4ReadHive4UsingNewConversion(String)[1129]" classname="org.apache.hadoop.hive.ql.io.parquet.serde.TestParquetTimestampsHive2Compatibility" time="0"/>
  <testcase name="testWriteHive4ReadHive4UsingNewConversion(String)[1130]" classname="org.apache.hadoop.hive.ql.io.parquet.serde.TestParquetTimestampsHive2Compatibility" time="0"/>
  <testcase name="testWriteHive4ReadHive4UsingNewConversion(String)[1131]" classname="org.apache.hadoop.hive.ql.io.parquet.serde.TestParquetTimestampsHive2Compatibility" time="0"/>
  <testcase name="testWriteHive4ReadHive4UsingNewConversion(String)[1132]" classname="org.apache.hadoop.hive.ql.io.parquet.serde.TestParquetTimestampsHive2Compatibility" time="0"/>
  <testcase name="testWriteHive4ReadHive4UsingNewConversion(String)[1133]" classname="org.apache.hadoop.hive.ql.io.parquet.serde.TestParquetTimestampsHive2Compatibility" time="0"/>
  <testcase name="testWriteHive4ReadHive4UsingNewConversion(String)[1134]" classname="org.apache.hadoop.hive.ql.io.parquet.serde.TestParquetTimestampsHive2Compatibility" time="0"/>
  <testcase name="testWriteHive4ReadHive4UsingNewConversion(String)[1135]" classname="org.apache.hadoop.hive.ql.io.parquet.serde.TestParquetTimestampsHive2Compatibility" time="0"/>
  <testcase name="testWriteHive4ReadHive4UsingNewConversion(String)[1136]" classname="org.apache.hadoop.hive.ql.io.parquet.serde.TestParquetTimestampsHive2Compatibility" time="0"/>
  <testcase name="testWriteHive4ReadHive4UsingNewConversion(String)[1137]" classname="org.apache.hadoop.hive.ql.io.parquet.serde.TestParquetTimestampsHive2Compatibility" time="0"/>
  <testcase name="testWriteHive4ReadHive4UsingNewConversion(String)[1138]" classname="org.apache.hadoop.hive.ql.io.parquet.serde.TestParquetTimestampsHive2Compatibility" time="0"/>
  <testcase name="testWriteHive4ReadHive4UsingNewConversion(String)[1139]" classname="org.apache.hadoop.hive.ql.io.parquet.serde.TestParquetTimestampsHive2Compatibility" time="0"/>
  <testcase name="testWriteHive4ReadHive4UsingNewConversion(String)[1140]" classname="org.apache.hadoop.hive.ql.io.parquet.serde.TestParquetTimestampsHive2Compatibility" time="0"/>
  <testcase name="testWriteHive4ReadHive4UsingNewConversion(String)[1141]" classname="org.apache.hadoop.hive.ql.io.parquet.serde.TestParquetTimestampsHive2Compatibility" time="0"/>
  <testcase name="testWriteHive4ReadHive4UsingNewConversion(String)[1142]" classname="org.apache.hadoop.hive.ql.io.parquet.serde.TestParquetTimestampsHive2Compatibility" time="0"/>
  <testcase name="testWriteHive4ReadHive4UsingNewConversion(String)[1143]" classname="org.apache.hadoop.hive.ql.io.parquet.serde.TestParquetTimestampsHive2Compatibility" time="0"/>
  <testcase name="testWriteHive4ReadHive4UsingNewConversion(String)[1144]" classname="org.apache.hadoop.hive.ql.io.parquet.serde.TestParquetTimestampsHive2Compatibility" time="0"/>
  <testcase name="testWriteHive4ReadHive4UsingNewConversion(String)[1145]" classname="org.apache.hadoop.hive.ql.io.parquet.serde.TestParquetTimestampsHive2Compatibility" time="0"/>
  <testcase name="testWriteHive4ReadHive4UsingNewConversion(String)[1146]" classname="org.apache.hadoop.hive.ql.io.parquet.serde.TestParquetTimestampsHive2Compatibility" time="0"/>
  <testcase name="testWriteHive4ReadHive4UsingNewConversion(String)[1147]" classname="org.apache.hadoop.hive.ql.io.parquet.serde.TestParquetTimestampsHive2Compatibility" time="0.001"/>
  <testcase name="testWriteHive4ReadHive4UsingNewConversion(String)[1148]" classname="org.apache.hadoop.hive.ql.io.parquet.serde.TestParquetTimestampsHive2Compatibility" time="0"/>
  <testcase name="testWriteHive4ReadHive4UsingNewConversion(String)[1149]" classname="org.apache.hadoop.hive.ql.io.parquet.serde.TestParquetTimestampsHive2Compatibility" time="0"/>
  <testcase name="testWriteHive4ReadHive4UsingNewConversion(String)[1150]" classname="org.apache.hadoop.hive.ql.io.parquet.serde.TestParquetTimestampsHive2Compatibility" time="0"/>
  <testcase name="testWriteHive4ReadHive4UsingNewConversion(String)[1151]" classname="org.apache.hadoop.hive.ql.io.parquet.serde.TestParquetTimestampsHive2Compatibility" time="0"/>
  <testcase name="testWriteHive4ReadHive4UsingNewConversion(String)[1152]" classname="org.apache.hadoop.hive.ql.io.parquet.serde.TestParquetTimestampsHive2Compatibility" time="0.001"/>
  <testcase name="testWriteHive4ReadHive4UsingNewConversion(String)[1153]" classname="org.apache.hadoop.hive.ql.io.parquet.serde.TestParquetTimestampsHive2Compatibility" time="0"/>
  <testcase name="testWriteHive4ReadHive4UsingNewConversion(String)[1154]" classname="org.apache.hadoop.hive.ql.io.parquet.serde.TestParquetTimestampsHive2Compatibility" time="0"/>
  <testcase name="testWriteHive4ReadHive4UsingNewConversion(String)[1155]" classname="org.apache.hadoop.hive.ql.io.parquet.serde.TestParquetTimestampsHive2Compatibility" time="0"/>
  <testcase name="testWriteHive4ReadHive4UsingNewConversion(String)[1156]" classname="org.apache.hadoop.hive.ql.io.parquet.serde.TestParquetTimestampsHive2Compatibility" time="0"/>
  <testcase name="testWriteHive4ReadHive4UsingNewConversion(String)[1157]" classname="org.apache.hadoop.hive.ql.io.parquet.serde.TestParquetTimestampsHive2Compatibility" time="0.001"/>
  <testcase name="testWriteHive4ReadHive4UsingNewConversion(String)[1158]" classname="org.apache.hadoop.hive.ql.io.parquet.serde.TestParquetTimestampsHive2Compatibility" time="0"/>
  <testcase name="testWriteHive4ReadHive4UsingNewConversion(String)[1159]" classname="org.apache.hadoop.hive.ql.io.parquet.serde.TestParquetTimestampsHive2Compatibility" time="0"/>
  <testcase name="testWriteHive4ReadHive4UsingNewConversion(String)[1160]" classname="org.apache.hadoop.hive.ql.io.parquet.serde.TestParquetTimestampsHive2Compatibility" time="0"/>
  <testcase name="testWriteHive4ReadHive4UsingNewConversion(String)[1161]" classname="org.apache.hadoop.hive.ql.io.parquet.serde.TestParquetTimestampsHive2Compatibility" time="0"/>
  <testcase name="testWriteHive4ReadHive4UsingNewConversion(String)[1162]" classname="org.apache.hadoop.hive.ql.io.parquet.serde.TestParquetTimestampsHive2Compatibility" time="0"/>
  <testcase name="testWriteHive4ReadHive4UsingNewConversion(String)[1163]" classname="org.apache.hadoop.hive.ql.io.parquet.serde.TestParquetTimestampsHive2Compatibility" time="0"/>
  <testcase name="testWriteHive4ReadHive4UsingNewConversion(String)[1164]" classname="org.apache.hadoop.hive.ql.io.parquet.serde.TestParquetTimestampsHive2Compatibility" time="0"/>
  <testcase name="testWriteHive4ReadHive4UsingNewConversion(String)[1165]" classname="org.apache.hadoop.hive.ql.io.parquet.serde.TestParquetTimestampsHive2Compatibility" time="0"/>
  <testcase name="testWriteHive4ReadHive4UsingNewConversion(String)[1166]" classname="org.apache.hadoop.hive.ql.io.parquet.serde.TestParquetTimestampsHive2Compatibility" time="0"/>
  <testcase name="testWriteHive4ReadHive4UsingNewConversion(String)[1167]" classname="org.apache.hadoop.hive.ql.io.parquet.serde.TestParquetTimestampsHive2Compatibility" time="0"/>
  <testcase name="testWriteHive4ReadHive4UsingNewConversion(String)[1168]" classname="org.apache.hadoop.hive.ql.io.parquet.serde.TestParquetTimestampsHive2Compatibility" time="0"/>
  <testcase name="testWriteHive4ReadHive4UsingNewConversion(String)[1169]" classname="org.apache.hadoop.hive.ql.io.parquet.serde.TestParquetTimestampsHive2Compatibility" time="0"/>
  <testcase name="testWriteHive4ReadHive4UsingNewConversion(String)[1170]" classname="org.apache.hadoop.hive.ql.io.parquet.serde.TestParquetTimestampsHive2Compatibility" time="0"/>
  <testcase name="testWriteHive4ReadHive4UsingNewConversion(String)[1171]" classname="org.apache.hadoop.hive.ql.io.parquet.serde.TestParquetTimestampsHive2Compatibility" time="0"/>
  <testcase name="testWriteHive4ReadHive4UsingNewConversion(String)[1172]" classname="org.apache.hadoop.hive.ql.io.parquet.serde.TestParquetTimestampsHive2Compatibility" time="0"/>
  <testcase name="testWriteHive4ReadHive4UsingNewConversion(String)[1173]" classname="org.apache.hadoop.hive.ql.io.parquet.serde.TestParquetTimestampsHive2Compatibility" time="0"/>
  <testcase name="testWriteHive4ReadHive4UsingNewConversion(String)[1174]" classname="org.apache.hadoop.hive.ql.io.parquet.serde.TestParquetTimestampsHive2Compatibility" time="0"/>
  <testcase name="testWriteHive4ReadHive4UsingNewConversion(String)[1175]" classname="org.apache.hadoop.hive.ql.io.parquet.serde.TestParquetTimestampsHive2Compatibility" time="0"/>
  <testcase name="testWriteHive4ReadHive4UsingNewConversion(String)[1176]" classname="org.apache.hadoop.hive.ql.io.parquet.serde.TestParquetTimestampsHive2Compatibility" time="0"/>
  <testcase name="testWriteHive4ReadHive4UsingNewConversion(String)[1177]" classname="org.apache.hadoop.hive.ql.io.parquet.serde.TestParquetTimestampsHive2Compatibility" time="0"/>
  <testcase name="testWriteHive4ReadHive4UsingNewConversion(String)[1178]" classname="org.apache.hadoop.hive.ql.io.parquet.serde.TestParquetTimestampsHive2Compatibility" time="0"/>
  <testcase name="testWriteHive4ReadHive4UsingNewConversion(String)[1179]" classname="org.apache.hadoop.hive.ql.io.parquet.serde.TestParquetTimestampsHive2Compatibility" time="0"/>
  <testcase name="testWriteHive4ReadHive4UsingNewConversion(String)[1180]" classname="org.apache.hadoop.hive.ql.io.parquet.serde.TestParquetTimestampsHive2Compatibility" time="0"/>
  <testcase name="testWriteHive4ReadHive4UsingNewConversion(String)[1181]" classname="org.apache.hadoop.hive.ql.io.parquet.serde.TestParquetTimestampsHive2Compatibility" time="0"/>
  <testcase name="testWriteHive4ReadHive4UsingNewConversion(String)[1182]" classname="org.apache.hadoop.hive.ql.io.parquet.serde.TestParquetTimestampsHive2Compatibility" time="0"/>
  <testcase name="testWriteHive4ReadHive4UsingNewConversion(String)[1183]" classname="org.apache.hadoop.hive.ql.io.parquet.serde.TestParquetTimestampsHive2Compatibility" time="0"/>
  <testcase name="testWriteHive4ReadHive4UsingNewConversion(String)[1184]" classname="org.apache.hadoop.hive.ql.io.parquet.serde.TestParquetTimestampsHive2Compatibility" time="0"/>
  <testcase name="testWriteHive4ReadHive4UsingNewConversion(String)[1185]" classname="org.apache.hadoop.hive.ql.io.parquet.serde.TestParquetTimestampsHive2Compatibility" time="0"/>
  <testcase name="testWriteHive4ReadHive4UsingNewConversion(String)[1186]" classname="org.apache.hadoop.hive.ql.io.parquet.serde.TestParquetTimestampsHive2Compatibility" time="0"/>
  <testcase name="testWriteHive4ReadHive4UsingNewConversion(String)[1187]" classname="org.apache.hadoop.hive.ql.io.parquet.serde.TestParquetTimestampsHive2Compatibility" time="0"/>
  <testcase name="testWriteHive4ReadHive4UsingNewConversion(String)[1188]" classname="org.apache.hadoop.hive.ql.io.parquet.serde.TestParquetTimestampsHive2Compatibility" time="0"/>
  <testcase name="testWriteHive4ReadHive4UsingNewConversion(String)[1189]" classname="org.apache.hadoop.hive.ql.io.parquet.serde.TestParquetTimestampsHive2Compatibility" time="0"/>
  <testcase name="testWriteHive4ReadHive4UsingNewConversion(String)[1190]" classname="org.apache.hadoop.hive.ql.io.parquet.serde.TestParquetTimestampsHive2Compatibility" time="0"/>
  <testcase name="testWriteHive4ReadHive4UsingNewConversion(String)[1191]" classname="org.apache.hadoop.hive.ql.io.parquet.serde.TestParquetTimestampsHive2Compatibility" time="0"/>
  <testcase name="testWriteHive4ReadHive4UsingNewConversion(String)[1192]" classname="org.apache.hadoop.hive.ql.io.parquet.serde.TestParquetTimestampsHive2Compatibility" time="0"/>
  <testcase name="testWriteHive4ReadHive4UsingNewConversion(String)[1193]" classname="org.apache.hadoop.hive.ql.io.parquet.serde.TestParquetTimestampsHive2Compatibility" time="0"/>
  <testcase name="testWriteHive4ReadHive4UsingNewConversion(String)[1194]" classname="org.apache.hadoop.hive.ql.io.parquet.serde.TestParquetTimestampsHive2Compatibility" time="0"/>
  <testcase name="testWriteHive4ReadHive4UsingNewConversion(String)[1195]" classname="org.apache.hadoop.hive.ql.io.parquet.serde.TestParquetTimestampsHive2Compatibility" time="0"/>
  <testcase name="testWriteHive4ReadHive4UsingNewConversion(String)[1196]" classname="org.apache.hadoop.hive.ql.io.parquet.serde.TestParquetTimestampsHive2Compatibility" time="0"/>
  <testcase name="testWriteHive4ReadHive4UsingNewConversion(String)[1197]" classname="org.apache.hadoop.hive.ql.io.parquet.serde.TestParquetTimestampsHive2Compatibility" time="0.001"/>
  <testcase name="testWriteHive4ReadHive4UsingNewConversion(String)[1198]" classname="org.apache.hadoop.hive.ql.io.parquet.serde.TestParquetTimestampsHive2Compatibility" time="0"/>
  <testcase name="testWriteHive4ReadHive4UsingNewConversion(String)[1199]" classname="org.apache.hadoop.hive.ql.io.parquet.serde.TestParquetTimestampsHive2Compatibility" time="0"/>
  <testcase name="testWriteHive4ReadHive4UsingNewConversion(String)[1200]" classname="org.apache.hadoop.hive.ql.io.parquet.serde.TestParquetTimestampsHive2Compatibility" time="0"/>
  <testcase name="testWriteHive4ReadHive4UsingNewConversion(String)[1201]" classname="org.apache.hadoop.hive.ql.io.parquet.serde.TestParquetTimestampsHive2Compatibility" time="0"/>
  <testcase name="testWriteHive4ReadHive4UsingNewConversion(String)[1202]" classname="org.apache.hadoop.hive.ql.io.parquet.serde.TestParquetTimestampsHive2Compatibility" time="0"/>
  <testcase name="testWriteHive4ReadHive4UsingNewConversion(String)[1203]" classname="org.apache.hadoop.hive.ql.io.parquet.serde.TestParquetTimestampsHive2Compatibility" time="0"/>
  <testcase name="testWriteHive4ReadHive4UsingNewConversion(String)[1204]" classname="org.apache.hadoop.hive.ql.io.parquet.serde.TestParquetTimestampsHive2Compatibility" time="0"/>
  <testcase name="testWriteHive4ReadHive4UsingNewConversion(String)[1205]" classname="org.apache.hadoop.hive.ql.io.parquet.serde.TestParquetTimestampsHive2Compatibility" time="0"/>
  <testcase name="testWriteHive4ReadHive4UsingNewConversion(String)[1206]" classname="org.apache.hadoop.hive.ql.io.parquet.serde.TestParquetTimestampsHive2Compatibility" time="0"/>
  <testcase name="testWriteHive4ReadHive4UsingNewConversion(String)[1207]" classname="org.apache.hadoop.hive.ql.io.parquet.serde.TestParquetTimestampsHive2Compatibility" time="0"/>
  <testcase name="testWriteHive4ReadHive4UsingNewConversion(String)[1208]" classname="org.apache.hadoop.hive.ql.io.parquet.serde.TestParquetTimestampsHive2Compatibility" time="0"/>
  <testcase name="testWriteHive4ReadHive4UsingNewConversion(String)[1209]" classname="org.apache.hadoop.hive.ql.io.parquet.serde.TestParquetTimestampsHive2Compatibility" time="0"/>
  <testcase name="testWriteHive4ReadHive4UsingNewConversion(String)[1210]" classname="org.apache.hadoop.hive.ql.io.parquet.serde.TestParquetTimestampsHive2Compatibility" time="0"/>
  <testcase name="testWriteHive4ReadHive4UsingNewConversion(String)[1211]" classname="org.apache.hadoop.hive.ql.io.parquet.serde.TestParquetTimestampsHive2Compatibility" time="0"/>
  <testcase name="testWriteHive4ReadHive4UsingNewConversion(String)[1212]" classname="org.apache.hadoop.hive.ql.io.parquet.serde.TestParquetTimestampsHive2Compatibility" time="0"/>
  <testcase name="testWriteHive4ReadHive4UsingNewConversion(String)[1213]" classname="org.apache.hadoop.hive.ql.io.parquet.serde.TestParquetTimestampsHive2Compatibility" time="0"/>
  <testcase name="testWriteHive4ReadHive4UsingNewConversion(String)[1214]" classname="org.apache.hadoop.hive.ql.io.parquet.serde.TestParquetTimestampsHive2Compatibility" time="0"/>
  <testcase name="testWriteHive4ReadHive4UsingNewConversion(String)[1215]" classname="org.apache.hadoop.hive.ql.io.parquet.serde.TestParquetTimestampsHive2Compatibility" time="0"/>
  <testcase name="testWriteHive4ReadHive4UsingNewConversion(String)[1216]" classname="org.apache.hadoop.hive.ql.io.parquet.serde.TestParquetTimestampsHive2Compatibility" time="0.001"/>
  <testcase name="testWriteHive4ReadHive4UsingNewConversion(String)[1217]" classname="org.apache.hadoop.hive.ql.io.parquet.serde.TestParquetTimestampsHive2Compatibility" time="0"/>
  <testcase name="testWriteHive4ReadHive4UsingNewConversion(String)[1218]" classname="org.apache.hadoop.hive.ql.io.parquet.serde.TestParquetTimestampsHive2Compatibility" time="0"/>
  <testcase name="testWriteHive4ReadHive4UsingNewConversion(String)[1219]" classname="org.apache.hadoop.hive.ql.io.parquet.serde.TestParquetTimestampsHive2Compatibility" time="0"/>
  <testcase name="testWriteHive4ReadHive4UsingNewConversion(String)[1220]" classname="org.apache.hadoop.hive.ql.io.parquet.serde.TestParquetTimestampsHive2Compatibility" time="0"/>
  <testcase name="testWriteHive4ReadHive4UsingNewConversion(String)[1221]" classname="org.apache.hadoop.hive.ql.io.parquet.serde.TestParquetTimestampsHive2Compatibility" time="0"/>
  <testcase name="testWriteHive4ReadHive4UsingNewConversion(String)[1222]" classname="org.apache.hadoop.hive.ql.io.parquet.serde.TestParquetTimestampsHive2Compatibility" time="0"/>
  <testcase name="testWriteHive4ReadHive4UsingNewConversion(String)[1223]" classname="org.apache.hadoop.hive.ql.io.parquet.serde.TestParquetTimestampsHive2Compatibility" time="0"/>
  <testcase name="testWriteHive4ReadHive4UsingNewConversion(String)[1224]" classname="org.apache.hadoop.hive.ql.io.parquet.serde.TestParquetTimestampsHive2Compatibility" time="0"/>
  <testcase name="testWriteHive4ReadHive4UsingNewConversion(String)[1225]" classname="org.apache.hadoop.hive.ql.io.parquet.serde.TestParquetTimestampsHive2Compatibility" time="0"/>
  <testcase name="testWriteHive4ReadHive4UsingNewConversion(String)[1226]" classname="org.apache.hadoop.hive.ql.io.parquet.serde.TestParquetTimestampsHive2Compatibility" time="0"/>
  <testcase name="testWriteHive4ReadHive4UsingNewConversion(String)[1227]" classname="org.apache.hadoop.hive.ql.io.parquet.serde.TestParquetTimestampsHive2Compatibility" time="0"/>
  <testcase name="testWriteHive4ReadHive4UsingNewConversion(String)[1228]" classname="org.apache.hadoop.hive.ql.io.parquet.serde.TestParquetTimestampsHive2Compatibility" time="0"/>
  <testcase name="testWriteHive4ReadHive4UsingNewConversion(String)[1229]" classname="org.apache.hadoop.hive.ql.io.parquet.serde.TestParquetTimestampsHive2Compatibility" time="0"/>
  <testcase name="testWriteHive4ReadHive4UsingNewConversion(String)[1230]" classname="org.apache.hadoop.hive.ql.io.parquet.serde.TestParquetTimestampsHive2Compatibility" time="0"/>
  <testcase name="testWriteHive4ReadHive4UsingNewConversion(String)[1231]" classname="org.apache.hadoop.hive.ql.io.parquet.serde.TestParquetTimestampsHive2Compatibility" time="0"/>
  <testcase name="testWriteHive4ReadHive4UsingNewConversion(String)[1232]" classname="org.apache.hadoop.hive.ql.io.parquet.serde.TestParquetTimestampsHive2Compatibility" time="0"/>
  <testcase name="testWriteHive4ReadHive4UsingNewConversion(String)[1233]" classname="org.apache.hadoop.hive.ql.io.parquet.serde.TestParquetTimestampsHive2Compatibility" time="0"/>
  <testcase name="testWriteHive4ReadHive4UsingNewConversion(String)[1234]" classname="org.apache.hadoop.hive.ql.io.parquet.serde.TestParquetTimestampsHive2Compatibility" time="0"/>
  <testcase name="testWriteHive4ReadHive4UsingNewConversion(String)[1235]" classname="org.apache.hadoop.hive.ql.io.parquet.serde.TestParquetTimestampsHive2Compatibility" time="0"/>
  <testcase name="testWriteHive4ReadHive4UsingNewConversion(String)[1236]" classname="org.apache.hadoop.hive.ql.io.parquet.serde.TestParquetTimestampsHive2Compatibility" time="0"/>
  <testcase name="testWriteHive4ReadHive4UsingNewConversion(String)[1237]" classname="org.apache.hadoop.hive.ql.io.parquet.serde.TestParquetTimestampsHive2Compatibility" time="0.001"/>
  <testcase name="testWriteHive4ReadHive4UsingNewConversion(String)[1238]" classname="org.apache.hadoop.hive.ql.io.parquet.serde.TestParquetTimestampsHive2Compatibility" time="0"/>
  <testcase name="testWriteHive4ReadHive4UsingNewConversion(String)[1239]" classname="org.apache.hadoop.hive.ql.io.parquet.serde.TestParquetTimestampsHive2Compatibility" time="0"/>
  <testcase name="testWriteHive4ReadHive4UsingNewConversion(String)[1240]" classname="org.apache.hadoop.hive.ql.io.parquet.serde.TestParquetTimestampsHive2Compatibility" time="0"/>
  <testcase name="testWriteHive4ReadHive4UsingNewConversion(String)[1241]" classname="org.apache.hadoop.hive.ql.io.parquet.serde.TestParquetTimestampsHive2Compatibility" time="0"/>
  <testcase name="testWriteHive4ReadHive4UsingNewConversion(String)[1242]" classname="org.apache.hadoop.hive.ql.io.parquet.serde.TestParquetTimestampsHive2Compatibility" time="0.001"/>
  <testcase name="testWriteHive4ReadHive4UsingNewConversion(String)[1243]" classname="org.apache.hadoop.hive.ql.io.parquet.serde.TestParquetTimestampsHive2Compatibility" time="0"/>
  <testcase name="testWriteHive4ReadHive4UsingNewConversion(String)[1244]" classname="org.apache.hadoop.hive.ql.io.parquet.serde.TestParquetTimestampsHive2Compatibility" time="0"/>
  <testcase name="testWriteHive4ReadHive4UsingNewConversion(String)[1245]" classname="org.apache.hadoop.hive.ql.io.parquet.serde.TestParquetTimestampsHive2Compatibility" time="0"/>
  <testcase name="testWriteHive4ReadHive4UsingNewConversion(String)[1246]" classname="org.apache.hadoop.hive.ql.io.parquet.serde.TestParquetTimestampsHive2Compatibility" time="0"/>
  <testcase name="testWriteHive4ReadHive4UsingNewConversion(String)[1247]" classname="org.apache.hadoop.hive.ql.io.parquet.serde.TestParquetTimestampsHive2Compatibility" time="0"/>
  <testcase name="testWriteHive4ReadHive4UsingNewConversion(String)[1248]" classname="org.apache.hadoop.hive.ql.io.parquet.serde.TestParquetTimestampsHive2Compatibility" time="0"/>
  <testcase name="testWriteHive4ReadHive4UsingNewConversion(String)[1249]" classname="org.apache.hadoop.hive.ql.io.parquet.serde.TestParquetTimestampsHive2Compatibility" time="0"/>
  <testcase name="testWriteHive4ReadHive4UsingNewConversion(String)[1250]" classname="org.apache.hadoop.hive.ql.io.parquet.serde.TestParquetTimestampsHive2Compatibility" time="0"/>
  <testcase name="testWriteHive4ReadHive4UsingNewConversion(String)[1251]" classname="org.apache.hadoop.hive.ql.io.parquet.serde.TestParquetTimestampsHive2Compatibility" time="0"/>
  <testcase name="testWriteHive4ReadHive4UsingNewConversion(String)[1252]" classname="org.apache.hadoop.hive.ql.io.parquet.serde.TestParquetTimestampsHive2Compatibility" time="0"/>
  <testcase name="testWriteHive4ReadHive4UsingNewConversion(String)[1253]" classname="org.apache.hadoop.hive.ql.io.parquet.serde.TestParquetTimestampsHive2Compatibility" time="0"/>
  <testcase name="testWriteHive4ReadHive4UsingNewConversion(String)[1254]" classname="org.apache.hadoop.hive.ql.io.parquet.serde.TestParquetTimestampsHive2Compatibility" time="0"/>
  <testcase name="testWriteHive4ReadHive4UsingNewConversion(String)[1255]" classname="org.apache.hadoop.hive.ql.io.parquet.serde.TestParquetTimestampsHive2Compatibility" time="0"/>
  <testcase name="testWriteHive4ReadHive4UsingNewConversion(String)[1256]" classname="org.apache.hadoop.hive.ql.io.parquet.serde.TestParquetTimestampsHive2Compatibility" time="0"/>
  <testcase name="testWriteHive4ReadHive4UsingNewConversion(String)[1257]" classname="org.apache.hadoop.hive.ql.io.parquet.serde.TestParquetTimestampsHive2Compatibility" time="0"/>
  <testcase name="testWriteHive4ReadHive4UsingNewConversion(String)[1258]" classname="org.apache.hadoop.hive.ql.io.parquet.serde.TestParquetTimestampsHive2Compatibility" time="0"/>
  <testcase name="testWriteHive4ReadHive4UsingNewConversion(String)[1259]" classname="org.apache.hadoop.hive.ql.io.parquet.serde.TestParquetTimestampsHive2Compatibility" time="0"/>
  <testcase name="testWriteHive4ReadHive4UsingNewConversion(String)[1260]" classname="org.apache.hadoop.hive.ql.io.parquet.serde.TestParquetTimestampsHive2Compatibility" time="0"/>
  <testcase name="testWriteHive4ReadHive4UsingNewConversion(String)[1261]" classname="org.apache.hadoop.hive.ql.io.parquet.serde.TestParquetTimestampsHive2Compatibility" time="0"/>
  <testcase name="testWriteHive4ReadHive4UsingNewConversion(String)[1262]" classname="org.apache.hadoop.hive.ql.io.parquet.serde.TestParquetTimestampsHive2Compatibility" time="0"/>
  <testcase name="testWriteHive4ReadHive4UsingNewConversion(String)[1263]" classname="org.apache.hadoop.hive.ql.io.parquet.serde.TestParquetTimestampsHive2Compatibility" time="0"/>
  <testcase name="testWriteHive4ReadHive4UsingNewConversion(String)[1264]" classname="org.apache.hadoop.hive.ql.io.parquet.serde.TestParquetTimestampsHive2Compatibility" time="0"/>
  <testcase name="testWriteHive4ReadHive4UsingNewConversion(String)[1265]" classname="org.apache.hadoop.hive.ql.io.parquet.serde.TestParquetTimestampsHive2Compatibility" time="0"/>
  <testcase name="testWriteHive4ReadHive4UsingNewConversion(String)[1266]" classname="org.apache.hadoop.hive.ql.io.parquet.serde.TestParquetTimestampsHive2Compatibility" time="0"/>
  <testcase name="testWriteHive4ReadHive4UsingNewConversion(String)[1267]" classname="org.apache.hadoop.hive.ql.io.parquet.serde.TestParquetTimestampsHive2Compatibility" time="0"/>
  <testcase name="testWriteHive4ReadHive4UsingNewConversion(String)[1268]" classname="org.apache.hadoop.hive.ql.io.parquet.serde.TestParquetTimestampsHive2Compatibility" time="0.001"/>
  <testcase name="testWriteHive4ReadHive4UsingNewConversion(String)[1269]" classname="org.apache.hadoop.hive.ql.io.parquet.serde.TestParquetTimestampsHive2Compatibility" time="0"/>
  <testcase name="testWriteHive4ReadHive4UsingNewConversion(String)[1270]" classname="org.apache.hadoop.hive.ql.io.parquet.serde.TestParquetTimestampsHive2Compatibility" time="0"/>
  <testcase name="testWriteHive4ReadHive4UsingNewConversion(String)[1271]" classname="org.apache.hadoop.hive.ql.io.parquet.serde.TestParquetTimestampsHive2Compatibility" time="0"/>
  <testcase name="testWriteHive4ReadHive4UsingNewConversion(String)[1272]" classname="org.apache.hadoop.hive.ql.io.parquet.serde.TestParquetTimestampsHive2Compatibility" time="0"/>
  <testcase name="testWriteHive4ReadHive4UsingNewConversion(String)[1273]" classname="org.apache.hadoop.hive.ql.io.parquet.serde.TestParquetTimestampsHive2Compatibility" time="0.001"/>
  <testcase name="testWriteHive4ReadHive4UsingNewConversion(String)[1274]" classname="org.apache.hadoop.hive.ql.io.parquet.serde.TestParquetTimestampsHive2Compatibility" time="0"/>
  <testcase name="testWriteHive4ReadHive4UsingNewConversion(String)[1275]" classname="org.apache.hadoop.hive.ql.io.parquet.serde.TestParquetTimestampsHive2Compatibility" time="0"/>
  <testcase name="testWriteHive4ReadHive4UsingNewConversion(String)[1276]" classname="org.apache.hadoop.hive.ql.io.parquet.serde.TestParquetTimestampsHive2Compatibility" time="0"/>
  <testcase name="testWriteHive4ReadHive4UsingNewConversion(String)[1277]" classname="org.apache.hadoop.hive.ql.io.parquet.serde.TestParquetTimestampsHive2Compatibility" time="0"/>
  <testcase name="testWriteHive4ReadHive4UsingNewConversion(String)[1278]" classname="org.apache.hadoop.hive.ql.io.parquet.serde.TestParquetTimestampsHive2Compatibility" time="0.001"/>
  <testcase name="testWriteHive4ReadHive4UsingNewConversion(String)[1279]" classname="org.apache.hadoop.hive.ql.io.parquet.serde.TestParquetTimestampsHive2Compatibility" time="0"/>
  <testcase name="testWriteHive4ReadHive4UsingNewConversion(String)[1280]" classname="org.apache.hadoop.hive.ql.io.parquet.serde.TestParquetTimestampsHive2Compatibility" time="0"/>
  <testcase name="testWriteHive4ReadHive4UsingNewConversion(String)[1281]" classname="org.apache.hadoop.hive.ql.io.parquet.serde.TestParquetTimestampsHive2Compatibility" time="0"/>
  <testcase name="testWriteHive4ReadHive4UsingNewConversion(String)[1282]" classname="org.apache.hadoop.hive.ql.io.parquet.serde.TestParquetTimestampsHive2Compatibility" time="0"/>
  <testcase name="testWriteHive4ReadHive4UsingNewConversion(String)[1283]" classname="org.apache.hadoop.hive.ql.io.parquet.serde.TestParquetTimestampsHive2Compatibility" time="0"/>
  <testcase name="testWriteHive4ReadHive4UsingNewConversion(String)[1284]" classname="org.apache.hadoop.hive.ql.io.parquet.serde.TestParquetTimestampsHive2Compatibility" time="0"/>
  <testcase name="testWriteHive4ReadHive4UsingNewConversion(String)[1285]" classname="org.apache.hadoop.hive.ql.io.parquet.serde.TestParquetTimestampsHive2Compatibility" time="0"/>
  <testcase name="testWriteHive4ReadHive4UsingNewConversion(String)[1286]" classname="org.apache.hadoop.hive.ql.io.parquet.serde.TestParquetTimestampsHive2Compatibility" time="0"/>
  <testcase name="testWriteHive4ReadHive4UsingNewConversion(String)[1287]" classname="org.apache.hadoop.hive.ql.io.parquet.serde.TestParquetTimestampsHive2Compatibility" time="0"/>
  <testcase name="testWriteHive4ReadHive4UsingNewConversion(String)[1288]" classname="org.apache.hadoop.hive.ql.io.parquet.serde.TestParquetTimestampsHive2Compatibility" time="0"/>
  <testcase name="testWriteHive4ReadHive4UsingNewConversion(String)[1289]" classname="org.apache.hadoop.hive.ql.io.parquet.serde.TestParquetTimestampsHive2Compatibility" time="0"/>
  <testcase name="testWriteHive4ReadHive4UsingNewConversion(String)[1290]" classname="org.apache.hadoop.hive.ql.io.parquet.serde.TestParquetTimestampsHive2Compatibility" time="0"/>
  <testcase name="testWriteHive4ReadHive4UsingNewConversion(String)[1291]" classname="org.apache.hadoop.hive.ql.io.parquet.serde.TestParquetTimestampsHive2Compatibility" time="0"/>
  <testcase name="testWriteHive4ReadHive4UsingNewConversion(String)[1292]" classname="org.apache.hadoop.hive.ql.io.parquet.serde.TestParquetTimestampsHive2Compatibility" time="0"/>
  <testcase name="testWriteHive4ReadHive4UsingNewConversion(String)[1293]" classname="org.apache.hadoop.hive.ql.io.parquet.serde.TestParquetTimestampsHive2Compatibility" time="0"/>
  <testcase name="testWriteHive4ReadHive4UsingNewConversion(String)[1294]" classname="org.apache.hadoop.hive.ql.io.parquet.serde.TestParquetTimestampsHive2Compatibility" time="0.001"/>
  <testcase name="testWriteHive4ReadHive4UsingNewConversion(String)[1295]" classname="org.apache.hadoop.hive.ql.io.parquet.serde.TestParquetTimestampsHive2Compatibility" time="0"/>
  <testcase name="testWriteHive4ReadHive4UsingNewConversion(String)[1296]" classname="org.apache.hadoop.hive.ql.io.parquet.serde.TestParquetTimestampsHive2Compatibility" time="0"/>
  <testcase name="testWriteHive4ReadHive4UsingNewConversion(String)[1297]" classname="org.apache.hadoop.hive.ql.io.parquet.serde.TestParquetTimestampsHive2Compatibility" time="0"/>
  <testcase name="testWriteHive4ReadHive4UsingNewConversion(String)[1298]" classname="org.apache.hadoop.hive.ql.io.parquet.serde.TestParquetTimestampsHive2Compatibility" time="0"/>
  <testcase name="testWriteHive4ReadHive4UsingNewConversion(String)[1299]" classname="org.apache.hadoop.hive.ql.io.parquet.serde.TestParquetTimestampsHive2Compatibility" time="0"/>
  <testcase name="testWriteHive4ReadHive4UsingNewConversion(String)[1300]" classname="org.apache.hadoop.hive.ql.io.parquet.serde.TestParquetTimestampsHive2Compatibility" time="0"/>
  <testcase name="testWriteHive4ReadHive4UsingNewConversion(String)[1301]" classname="org.apache.hadoop.hive.ql.io.parquet.serde.TestParquetTimestampsHive2Compatibility" time="0"/>
  <testcase name="testWriteHive4ReadHive4UsingNewConversion(String)[1302]" classname="org.apache.hadoop.hive.ql.io.parquet.serde.TestParquetTimestampsHive2Compatibility" time="0"/>
  <testcase name="testWriteHive4ReadHive4UsingNewConversion(String)[1303]" classname="org.apache.hadoop.hive.ql.io.parquet.serde.TestParquetTimestampsHive2Compatibility" time="0"/>
  <testcase name="testWriteHive4ReadHive4UsingNewConversion(String)[1304]" classname="org.apache.hadoop.hive.ql.io.parquet.serde.TestParquetTimestampsHive2Compatibility" time="0.001"/>
  <testcase name="testWriteHive4ReadHive4UsingNewConversion(String)[1305]" classname="org.apache.hadoop.hive.ql.io.parquet.serde.TestParquetTimestampsHive2Compatibility" time="0"/>
  <testcase name="testWriteHive4ReadHive4UsingNewConversion(String)[1306]" classname="org.apache.hadoop.hive.ql.io.parquet.serde.TestParquetTimestampsHive2Compatibility" time="0"/>
  <testcase name="testWriteHive4ReadHive4UsingNewConversion(String)[1307]" classname="org.apache.hadoop.hive.ql.io.parquet.serde.TestParquetTimestampsHive2Compatibility" time="0"/>
  <testcase name="testWriteHive4ReadHive4UsingNewConversion(String)[1308]" classname="org.apache.hadoop.hive.ql.io.parquet.serde.TestParquetTimestampsHive2Compatibility" time="0"/>
  <testcase name="testWriteHive4ReadHive4UsingNewConversion(String)[1309]" classname="org.apache.hadoop.hive.ql.io.parquet.serde.TestParquetTimestampsHive2Compatibility" time="0.001"/>
  <testcase name="testWriteHive4ReadHive4UsingNewConversion(String)[1310]" classname="org.apache.hadoop.hive.ql.io.parquet.serde.TestParquetTimestampsHive2Compatibility" time="0"/>
  <testcase name="testWriteHive4ReadHive4UsingNewConversion(String)[1311]" classname="org.apache.hadoop.hive.ql.io.parquet.serde.TestParquetTimestampsHive2Compatibility" time="0"/>
  <testcase name="testWriteHive4ReadHive4UsingNewConversion(String)[1312]" classname="org.apache.hadoop.hive.ql.io.parquet.serde.TestParquetTimestampsHive2Compatibility" time="0"/>
  <testcase name="testWriteHive4ReadHive4UsingNewConversion(String)[1313]" classname="org.apache.hadoop.hive.ql.io.parquet.serde.TestParquetTimestampsHive2Compatibility" time="0"/>
  <testcase name="testWriteHive4ReadHive4UsingNewConversion(String)[1314]" classname="org.apache.hadoop.hive.ql.io.parquet.serde.TestParquetTimestampsHive2Compatibility" time="0.001"/>
  <testcase name="testWriteHive4ReadHive4UsingNewConversion(String)[1315]" classname="org.apache.hadoop.hive.ql.io.parquet.serde.TestParquetTimestampsHive2Compatibility" time="0"/>
  <testcase name="testWriteHive4ReadHive4UsingNewConversion(String)[1316]" classname="org.apache.hadoop.hive.ql.io.parquet.serde.TestParquetTimestampsHive2Compatibility" time="0"/>
  <testcase name="testWriteHive4ReadHive4UsingNewConversion(String)[1317]" classname="org.apache.hadoop.hive.ql.io.parquet.serde.TestParquetTimestampsHive2Compatibility" time="0"/>
  <testcase name="testWriteHive4ReadHive4UsingNewConversion(String)[1318]" classname="org.apache.hadoop.hive.ql.io.parquet.serde.TestParquetTimestampsHive2Compatibility" time="0"/>
  <testcase name="testWriteHive4ReadHive4UsingNewConversion(String)[1319]" classname="org.apache.hadoop.hive.ql.io.parquet.serde.TestParquetTimestampsHive2Compatibility" time="0"/>
  <testcase name="testWriteHive4ReadHive4UsingNewConversion(String)[1320]" classname="org.apache.hadoop.hive.ql.io.parquet.serde.TestParquetTimestampsHive2Compatibility" time="0"/>
  <testcase name="testWriteHive4ReadHive4UsingNewConversion(String)[1321]" classname="org.apache.hadoop.hive.ql.io.parquet.serde.TestParquetTimestampsHive2Compatibility" time="0"/>
  <testcase name="testWriteHive4ReadHive4UsingNewConversion(String)[1322]" classname="org.apache.hadoop.hive.ql.io.parquet.serde.TestParquetTimestampsHive2Compatibility" time="0"/>
  <testcase name="testWriteHive4ReadHive4UsingNewConversion(String)[1323]" classname="org.apache.hadoop.hive.ql.io.parquet.serde.TestParquetTimestampsHive2Compatibility" time="0"/>
  <testcase name="testWriteHive4ReadHive4UsingNewConversion(String)[1324]" classname="org.apache.hadoop.hive.ql.io.parquet.serde.TestParquetTimestampsHive2Compatibility" time="0"/>
  <testcase name="testWriteHive4ReadHive4UsingNewConversion(String)[1325]" classname="org.apache.hadoop.hive.ql.io.parquet.serde.TestParquetTimestampsHive2Compatibility" time="0"/>
  <testcase name="testWriteHive4ReadHive4UsingNewConversion(String)[1326]" classname="org.apache.hadoop.hive.ql.io.parquet.serde.TestParquetTimestampsHive2Compatibility" time="0"/>
  <testcase name="testWriteHive4ReadHive4UsingNewConversion(String)[1327]" classname="org.apache.hadoop.hive.ql.io.parquet.serde.TestParquetTimestampsHive2Compatibility" time="0"/>
  <testcase name="testWriteHive4ReadHive4UsingNewConversion(String)[1328]" classname="org.apache.hadoop.hive.ql.io.parquet.serde.TestParquetTimestampsHive2Compatibility" time="0"/>
  <testcase name="testWriteHive4ReadHive4UsingNewConversion(String)[1329]" classname="org.apache.hadoop.hive.ql.io.parquet.serde.TestParquetTimestampsHive2Compatibility" time="0"/>
  <testcase name="testWriteHive4ReadHive4UsingNewConversion(String)[1330]" classname="org.apache.hadoop.hive.ql.io.parquet.serde.TestParquetTimestampsHive2Compatibility" time="0.001"/>
  <testcase name="testWriteHive4ReadHive4UsingNewConversion(String)[1331]" classname="org.apache.hadoop.hive.ql.io.parquet.serde.TestParquetTimestampsHive2Compatibility" time="0"/>
  <testcase name="testWriteHive4ReadHive4UsingNewConversion(String)[1332]" classname="org.apache.hadoop.hive.ql.io.parquet.serde.TestParquetTimestampsHive2Compatibility" time="0"/>
  <testcase name="testWriteHive4ReadHive4UsingNewConversion(String)[1333]" classname="org.apache.hadoop.hive.ql.io.parquet.serde.TestParquetTimestampsHive2Compatibility" time="0"/>
  <testcase name="testWriteHive4ReadHive4UsingNewConversion(String)[1334]" classname="org.apache.hadoop.hive.ql.io.parquet.serde.TestParquetTimestampsHive2Compatibility" time="0"/>
  <testcase name="testWriteHive4ReadHive4UsingNewConversion(String)[1335]" classname="org.apache.hadoop.hive.ql.io.parquet.serde.TestParquetTimestampsHive2Compatibility" time="0"/>
  <testcase name="testWriteHive4ReadHive4UsingNewConversion(String)[1336]" classname="org.apache.hadoop.hive.ql.io.parquet.serde.TestParquetTimestampsHive2Compatibility" time="0"/>
  <testcase name="testWriteHive4ReadHive4UsingNewConversion(String)[1337]" classname="org.apache.hadoop.hive.ql.io.parquet.serde.TestParquetTimestampsHive2Compatibility" time="0"/>
  <testcase name="testWriteHive4ReadHive4UsingNewConversion(String)[1338]" classname="org.apache.hadoop.hive.ql.io.parquet.serde.TestParquetTimestampsHive2Compatibility" time="0"/>
  <testcase name="testWriteHive4ReadHive4UsingNewConversion(String)[1339]" classname="org.apache.hadoop.hive.ql.io.parquet.serde.TestParquetTimestampsHive2Compatibility" time="0"/>
  <testcase name="testWriteHive4ReadHive4UsingNewConversion(String)[1340]" classname="org.apache.hadoop.hive.ql.io.parquet.serde.TestParquetTimestampsHive2Compatibility" time="0"/>
  <testcase name="testWriteHive4ReadHive4UsingNewConversion(String)[1341]" classname="org.apache.hadoop.hive.ql.io.parquet.serde.TestParquetTimestampsHive2Compatibility" time="0"/>
  <testcase name="testWriteHive4ReadHive4UsingNewConversion(String)[1342]" classname="org.apache.hadoop.hive.ql.io.parquet.serde.TestParquetTimestampsHive2Compatibility" time="0"/>
  <testcase name="testWriteHive4ReadHive4UsingNewConversion(String)[1343]" classname="org.apache.hadoop.hive.ql.io.parquet.serde.TestParquetTimestampsHive2Compatibility" time="0"/>
  <testcase name="testWriteHive4ReadHive4UsingNewConversion(String)[1344]" classname="org.apache.hadoop.hive.ql.io.parquet.serde.TestParquetTimestampsHive2Compatibility" time="0"/>
  <testcase name="testWriteHive4ReadHive4UsingNewConversion(String)[1345]" classname="org.apache.hadoop.hive.ql.io.parquet.serde.TestParquetTimestampsHive2Compatibility" time="0"/>
  <testcase name="testWriteHive4ReadHive4UsingNewConversion(String)[1346]" classname="org.apache.hadoop.hive.ql.io.parquet.serde.TestParquetTimestampsHive2Compatibility" time="0"/>
  <testcase name="testWriteHive4ReadHive4UsingNewConversion(String)[1347]" classname="org.apache.hadoop.hive.ql.io.parquet.serde.TestParquetTimestampsHive2Compatibility" time="0"/>
  <testcase name="testWriteHive4ReadHive4UsingNewConversion(String)[1348]" classname="org.apache.hadoop.hive.ql.io.parquet.serde.TestParquetTimestampsHive2Compatibility" time="0"/>
  <testcase name="testWriteHive4ReadHive4UsingNewConversion(String)[1349]" classname="org.apache.hadoop.hive.ql.io.parquet.serde.TestParquetTimestampsHive2Compatibility" time="0"/>
  <testcase name="testWriteHive4ReadHive4UsingNewConversion(String)[1350]" classname="org.apache.hadoop.hive.ql.io.parquet.serde.TestParquetTimestampsHive2Compatibility" time="0"/>
  <testcase name="testWriteHive4ReadHive4UsingNewConversion(String)[1351]" classname="org.apache.hadoop.hive.ql.io.parquet.serde.TestParquetTimestampsHive2Compatibility" time="0.001"/>
  <testcase name="testWriteHive4ReadHive4UsingNewConversion(String)[1352]" classname="org.apache.hadoop.hive.ql.io.parquet.serde.TestParquetTimestampsHive2Compatibility" time="0"/>
  <testcase name="testWriteHive4ReadHive4UsingNewConversion(String)[1353]" classname="org.apache.hadoop.hive.ql.io.parquet.serde.TestParquetTimestampsHive2Compatibility" time="0"/>
  <testcase name="testWriteHive4ReadHive4UsingNewConversion(String)[1354]" classname="org.apache.hadoop.hive.ql.io.parquet.serde.TestParquetTimestampsHive2Compatibility" time="0"/>
  <testcase name="testWriteHive4ReadHive4UsingNewConversion(String)[1355]" classname="org.apache.hadoop.hive.ql.io.parquet.serde.TestParquetTimestampsHive2Compatibility" time="0"/>
  <testcase name="testWriteHive4ReadHive4UsingNewConversion(String)[1356]" classname="org.apache.hadoop.hive.ql.io.parquet.serde.TestParquetTimestampsHive2Compatibility" time="0"/>
  <testcase name="testWriteHive4ReadHive4UsingNewConversion(String)[1357]" classname="org.apache.hadoop.hive.ql.io.parquet.serde.TestParquetTimestampsHive2Compatibility" time="0"/>
  <testcase name="testWriteHive4ReadHive4UsingNewConversion(String)[1358]" classname="org.apache.hadoop.hive.ql.io.parquet.serde.TestParquetTimestampsHive2Compatibility" time="0"/>
  <testcase name="testWriteHive4ReadHive4UsingNewConversion(String)[1359]" classname="org.apache.hadoop.hive.ql.io.parquet.serde.TestParquetTimestampsHive2Compatibility" time="0"/>
  <testcase name="testWriteHive4ReadHive4UsingNewConversion(String)[1360]" classname="org.apache.hadoop.hive.ql.io.parquet.serde.TestParquetTimestampsHive2Compatibility" time="0"/>
  <testcase name="testWriteHive4ReadHive4UsingNewConversion(String)[1361]" classname="org.apache.hadoop.hive.ql.io.parquet.serde.TestParquetTimestampsHive2Compatibility" time="0"/>
  <testcase name="testWriteHive4ReadHive4UsingNewConversion(String)[1362]" classname="org.apache.hadoop.hive.ql.io.parquet.serde.TestParquetTimestampsHive2Compatibility" time="0"/>
  <testcase name="testWriteHive4ReadHive4UsingNewConversion(String)[1363]" classname="org.apache.hadoop.hive.ql.io.parquet.serde.TestParquetTimestampsHive2Compatibility" time="0"/>
  <testcase name="testWriteHive4ReadHive4UsingNewConversion(String)[1364]" classname="org.apache.hadoop.hive.ql.io.parquet.serde.TestParquetTimestampsHive2Compatibility" time="0"/>
  <testcase name="testWriteHive4ReadHive4UsingNewConversion(String)[1365]" classname="org.apache.hadoop.hive.ql.io.parquet.serde.TestParquetTimestampsHive2Compatibility" time="0"/>
  <testcase name="testWriteHive4ReadHive4UsingNewConversion(String)[1366]" classname="org.apache.hadoop.hive.ql.io.parquet.serde.TestParquetTimestampsHive2Compatibility" time="0"/>
  <testcase name="testWriteHive4ReadHive4UsingNewConversion(String)[1367]" classname="org.apache.hadoop.hive.ql.io.parquet.serde.TestParquetTimestampsHive2Compatibility" time="0.001"/>
  <testcase name="testWriteHive4ReadHive4UsingNewConversion(String)[1368]" classname="org.apache.hadoop.hive.ql.io.parquet.serde.TestParquetTimestampsHive2Compatibility" time="0"/>
  <testcase name="testWriteHive4ReadHive4UsingNewConversion(String)[1369]" classname="org.apache.hadoop.hive.ql.io.parquet.serde.TestParquetTimestampsHive2Compatibility" time="0"/>
  <testcase name="testWriteHive4ReadHive4UsingNewConversion(String)[1370]" classname="org.apache.hadoop.hive.ql.io.parquet.serde.TestParquetTimestampsHive2Compatibility" time="0"/>
  <testcase name="testWriteHive4ReadHive4UsingNewConversion(String)[1371]" classname="org.apache.hadoop.hive.ql.io.parquet.serde.TestParquetTimestampsHive2Compatibility" time="0"/>
  <testcase name="testWriteHive4ReadHive4UsingNewConversion(String)[1372]" classname="org.apache.hadoop.hive.ql.io.parquet.serde.TestParquetTimestampsHive2Compatibility" time="0.001"/>
  <testcase name="testWriteHive4ReadHive4UsingNewConversion(String)[1373]" classname="org.apache.hadoop.hive.ql.io.parquet.serde.TestParquetTimestampsHive2Compatibility" time="0"/>
  <testcase name="testWriteHive4ReadHive4UsingNewConversion(String)[1374]" classname="org.apache.hadoop.hive.ql.io.parquet.serde.TestParquetTimestampsHive2Compatibility" time="0"/>
  <testcase name="testWriteHive4ReadHive4UsingNewConversion(String)[1375]" classname="org.apache.hadoop.hive.ql.io.parquet.serde.TestParquetTimestampsHive2Compatibility" time="0"/>
  <testcase name="testWriteHive4ReadHive4UsingNewConversion(String)[1376]" classname="org.apache.hadoop.hive.ql.io.parquet.serde.TestParquetTimestampsHive2Compatibility" time="0"/>
  <testcase name="testWriteHive4ReadHive4UsingNewConversion(String)[1377]" classname="org.apache.hadoop.hive.ql.io.parquet.serde.TestParquetTimestampsHive2Compatibility" time="0"/>
  <testcase name="testWriteHive4ReadHive4UsingNewConversion(String)[1378]" classname="org.apache.hadoop.hive.ql.io.parquet.serde.TestParquetTimestampsHive2Compatibility" time="0"/>
  <testcase name="testWriteHive4ReadHive4UsingNewConversion(String)[1379]" classname="org.apache.hadoop.hive.ql.io.parquet.serde.TestParquetTimestampsHive2Compatibility" time="0"/>
  <testcase name="testWriteHive4ReadHive4UsingNewConversion(String)[1380]" classname="org.apache.hadoop.hive.ql.io.parquet.serde.TestParquetTimestampsHive2Compatibility" time="0"/>
  <testcase name="testWriteHive4ReadHive4UsingNewConversion(String)[1381]" classname="org.apache.hadoop.hive.ql.io.parquet.serde.TestParquetTimestampsHive2Compatibility" time="0"/>
  <testcase name="testWriteHive4ReadHive4UsingNewConversion(String)[1382]" classname="org.apache.hadoop.hive.ql.io.parquet.serde.TestParquetTimestampsHive2Compatibility" time="0"/>
  <testcase name="testWriteHive4ReadHive4UsingNewConversion(String)[1383]" classname="org.apache.hadoop.hive.ql.io.parquet.serde.TestParquetTimestampsHive2Compatibility" time="0"/>
  <testcase name="testWriteHive4ReadHive4UsingNewConversion(String)[1384]" classname="org.apache.hadoop.hive.ql.io.parquet.serde.TestParquetTimestampsHive2Compatibility" time="0"/>
  <testcase name="testWriteHive4ReadHive4UsingNewConversion(String)[1385]" classname="org.apache.hadoop.hive.ql.io.parquet.serde.TestParquetTimestampsHive2Compatibility" time="0"/>
  <testcase name="testWriteHive4ReadHive4UsingNewConversion(String)[1386]" classname="org.apache.hadoop.hive.ql.io.parquet.serde.TestParquetTimestampsHive2Compatibility" time="0"/>
  <testcase name="testWriteHive4ReadHive4UsingNewConversion(String)[1387]" classname="org.apache.hadoop.hive.ql.io.parquet.serde.TestParquetTimestampsHive2Compatibility" time="0"/>
  <testcase name="testWriteHive4ReadHive4UsingNewConversion(String)[1388]" classname="org.apache.hadoop.hive.ql.io.parquet.serde.TestParquetTimestampsHive2Compatibility" time="0.001"/>
  <testcase name="testWriteHive4ReadHive4UsingNewConversion(String)[1389]" classname="org.apache.hadoop.hive.ql.io.parquet.serde.TestParquetTimestampsHive2Compatibility" time="0"/>
  <testcase name="testWriteHive4ReadHive4UsingNewConversion(String)[1390]" classname="org.apache.hadoop.hive.ql.io.parquet.serde.TestParquetTimestampsHive2Compatibility" time="0"/>
  <testcase name="testWriteHive4ReadHive4UsingNewConversion(String)[1391]" classname="org.apache.hadoop.hive.ql.io.parquet.serde.TestParquetTimestampsHive2Compatibility" time="0"/>
  <testcase name="testWriteHive4ReadHive4UsingNewConversion(String)[1392]" classname="org.apache.hadoop.hive.ql.io.parquet.serde.TestParquetTimestampsHive2Compatibility" time="0"/>
  <testcase name="testWriteHive4ReadHive4UsingNewConversion(String)[1393]" classname="org.apache.hadoop.hive.ql.io.parquet.serde.TestParquetTimestampsHive2Compatibility" time="0.001"/>
  <testcase name="testWriteHive4ReadHive4UsingNewConversion(String)[1394]" classname="org.apache.hadoop.hive.ql.io.parquet.serde.TestParquetTimestampsHive2Compatibility" time="0"/>
  <testcase name="testWriteHive4ReadHive4UsingNewConversion(String)[1395]" classname="org.apache.hadoop.hive.ql.io.parquet.serde.TestParquetTimestampsHive2Compatibility" time="0"/>
  <testcase name="testWriteHive4ReadHive4UsingNewConversion(String)[1396]" classname="org.apache.hadoop.hive.ql.io.parquet.serde.TestParquetTimestampsHive2Compatibility" time="0"/>
  <testcase name="testWriteHive4ReadHive4UsingNewConversion(String)[1397]" classname="org.apache.hadoop.hive.ql.io.parquet.serde.TestParquetTimestampsHive2Compatibility" time="0"/>
  <testcase name="testWriteHive4ReadHive4UsingNewConversion(String)[1398]" classname="org.apache.hadoop.hive.ql.io.parquet.serde.TestParquetTimestampsHive2Compatibility" time="0"/>
  <testcase name="testWriteHive4ReadHive4UsingNewConversion(String)[1399]" classname="org.apache.hadoop.hive.ql.io.parquet.serde.TestParquetTimestampsHive2Compatibility" time="0"/>
  <testcase name="testWriteHive4ReadHive4UsingNewConversion(String)[1400]" classname="org.apache.hadoop.hive.ql.io.parquet.serde.TestParquetTimestampsHive2Compatibility" time="0"/>
  <testcase name="testWriteHive4ReadHive4UsingNewConversion(String)[1401]" classname="org.apache.hadoop.hive.ql.io.parquet.serde.TestParquetTimestampsHive2Compatibility" time="0"/>
  <testcase name="testWriteHive4ReadHive4UsingNewConversion(String)[1402]" classname="org.apache.hadoop.hive.ql.io.parquet.serde.TestParquetTimestampsHive2Compatibility" time="0"/>
  <testcase name="testWriteHive4ReadHive4UsingNewConversion(String)[1403]" classname="org.apache.hadoop.hive.ql.io.parquet.serde.TestParquetTimestampsHive2Compatibility" time="0"/>
  <testcase name="testWriteHive4ReadHive4UsingNewConversion(String)[1404]" classname="org.apache.hadoop.hive.ql.io.parquet.serde.TestParquetTimestampsHive2Compatibility" time="0"/>
  <testcase name="testWriteHive4ReadHive4UsingNewConversion(String)[1405]" classname="org.apache.hadoop.hive.ql.io.parquet.serde.TestParquetTimestampsHive2Compatibility" time="0"/>
  <testcase name="testWriteHive4ReadHive4UsingNewConversion(String)[1406]" classname="org.apache.hadoop.hive.ql.io.parquet.serde.TestParquetTimestampsHive2Compatibility" time="0"/>
  <testcase name="testWriteHive4ReadHive4UsingNewConversion(String)[1407]" classname="org.apache.hadoop.hive.ql.io.parquet.serde.TestParquetTimestampsHive2Compatibility" time="0"/>
  <testcase name="testWriteHive4ReadHive4UsingNewConversion(String)[1408]" classname="org.apache.hadoop.hive.ql.io.parquet.serde.TestParquetTimestampsHive2Compatibility" time="0"/>
  <testcase name="testWriteHive4ReadHive4UsingNewConversion(String)[1409]" classname="org.apache.hadoop.hive.ql.io.parquet.serde.TestParquetTimestampsHive2Compatibility" time="0"/>
  <testcase name="testWriteHive4ReadHive4UsingNewConversion(String)[1410]" classname="org.apache.hadoop.hive.ql.io.parquet.serde.TestParquetTimestampsHive2Compatibility" time="0"/>
  <testcase name="testWriteHive4ReadHive4UsingNewConversion(String)[1411]" classname="org.apache.hadoop.hive.ql.io.parquet.serde.TestParquetTimestampsHive2Compatibility" time="0"/>
  <testcase name="testWriteHive4ReadHive4UsingNewConversion(String)[1412]" classname="org.apache.hadoop.hive.ql.io.parquet.serde.TestParquetTimestampsHive2Compatibility" time="0"/>
  <testcase name="testWriteHive4ReadHive4UsingNewConversion(String)[1413]" classname="org.apache.hadoop.hive.ql.io.parquet.serde.TestParquetTimestampsHive2Compatibility" time="0"/>
  <testcase name="testWriteHive4ReadHive4UsingNewConversion(String)[1414]" classname="org.apache.hadoop.hive.ql.io.parquet.serde.TestParquetTimestampsHive2Compatibility" time="0"/>
  <testcase name="testWriteHive4ReadHive4UsingNewConversion(String)[1415]" classname="org.apache.hadoop.hive.ql.io.parquet.serde.TestParquetTimestampsHive2Compatibility" time="0"/>
  <testcase name="testWriteHive4ReadHive4UsingNewConversion(String)[1416]" classname="org.apache.hadoop.hive.ql.io.parquet.serde.TestParquetTimestampsHive2Compatibility" time="0"/>
  <testcase name="testWriteHive4ReadHive4UsingNewConversion(String)[1417]" classname="org.apache.hadoop.hive.ql.io.parquet.serde.TestParquetTimestampsHive2Compatibility" time="0"/>
  <testcase name="testWriteHive4ReadHive4UsingNewConversion(String)[1418]" classname="org.apache.hadoop.hive.ql.io.parquet.serde.TestParquetTimestampsHive2Compatibility" time="0"/>
  <testcase name="testWriteHive4ReadHive4UsingNewConversion(String)[1419]" classname="org.apache.hadoop.hive.ql.io.parquet.serde.TestParquetTimestampsHive2Compatibility" time="0"/>
  <testcase name="testWriteHive4ReadHive4UsingNewConversion(String)[1420]" classname="org.apache.hadoop.hive.ql.io.parquet.serde.TestParquetTimestampsHive2Compatibility" time="0"/>
  <testcase name="testWriteHive4ReadHive4UsingNewConversion(String)[1421]" classname="org.apache.hadoop.hive.ql.io.parquet.serde.TestParquetTimestampsHive2Compatibility" time="0"/>
  <testcase name="testWriteHive4ReadHive4UsingNewConversion(String)[1422]" classname="org.apache.hadoop.hive.ql.io.parquet.serde.TestParquetTimestampsHive2Compatibility" time="0"/>
  <testcase name="testWriteHive4ReadHive4UsingNewConversion(String)[1423]" classname="org.apache.hadoop.hive.ql.io.parquet.serde.TestParquetTimestampsHive2Compatibility" time="0"/>
  <testcase name="testWriteHive4ReadHive4UsingNewConversion(String)[1424]" classname="org.apache.hadoop.hive.ql.io.parquet.serde.TestParquetTimestampsHive2Compatibility" time="0.001"/>
  <testcase name="testWriteHive4ReadHive4UsingNewConversion(String)[1425]" classname="org.apache.hadoop.hive.ql.io.parquet.serde.TestParquetTimestampsHive2Compatibility" time="0"/>
  <testcase name="testWriteHive4ReadHive4UsingNewConversion(String)[1426]" classname="org.apache.hadoop.hive.ql.io.parquet.serde.TestParquetTimestampsHive2Compatibility" time="0"/>
  <testcase name="testWriteHive4ReadHive4UsingNewConversion(String)[1427]" classname="org.apache.hadoop.hive.ql.io.parquet.serde.TestParquetTimestampsHive2Compatibility" time="0"/>
  <testcase name="testWriteHive4ReadHive4UsingNewConversion(String)[1428]" classname="org.apache.hadoop.hive.ql.io.parquet.serde.TestParquetTimestampsHive2Compatibility" time="0"/>
  <testcase name="testWriteHive4ReadHive4UsingNewConversion(String)[1429]" classname="org.apache.hadoop.hive.ql.io.parquet.serde.TestParquetTimestampsHive2Compatibility" time="0"/>
  <testcase name="testWriteHive4ReadHive4UsingNewConversion(String)[1430]" classname="org.apache.hadoop.hive.ql.io.parquet.serde.TestParquetTimestampsHive2Compatibility" time="0"/>
  <testcase name="testWriteHive4ReadHive4UsingNewConversion(String)[1431]" classname="org.apache.hadoop.hive.ql.io.parquet.serde.TestParquetTimestampsHive2Compatibility" time="0"/>
  <testcase name="testWriteHive4ReadHive4UsingNewConversion(String)[1432]" classname="org.apache.hadoop.hive.ql.io.parquet.serde.TestParquetTimestampsHive2Compatibility" time="0"/>
  <testcase name="testWriteHive4ReadHive4UsingNewConversion(String)[1433]" classname="org.apache.hadoop.hive.ql.io.parquet.serde.TestParquetTimestampsHive2Compatibility" time="0"/>
  <testcase name="testWriteHive4ReadHive4UsingNewConversion(String)[1434]" classname="org.apache.hadoop.hive.ql.io.parquet.serde.TestParquetTimestampsHive2Compatibility" time="0"/>
  <testcase name="testWriteHive4ReadHive4UsingNewConversion(String)[1435]" classname="org.apache.hadoop.hive.ql.io.parquet.serde.TestParquetTimestampsHive2Compatibility" time="0"/>
  <testcase name="testWriteHive4ReadHive4UsingNewConversion(String)[1436]" classname="org.apache.hadoop.hive.ql.io.parquet.serde.TestParquetTimestampsHive2Compatibility" time="0"/>
  <testcase name="testWriteHive4ReadHive4UsingNewConversion(String)[1437]" classname="org.apache.hadoop.hive.ql.io.parquet.serde.TestParquetTimestampsHive2Compatibility" time="0"/>
  <testcase name="testWriteHive4ReadHive4UsingNewConversion(String)[1438]" classname="org.apache.hadoop.hive.ql.io.parquet.serde.TestParquetTimestampsHive2Compatibility" time="0"/>
  <testcase name="testWriteHive4ReadHive4UsingNewConversion(String)[1439]" classname="org.apache.hadoop.hive.ql.io.parquet.serde.TestParquetTimestampsHive2Compatibility" time="0"/>
  <testcase name="testWriteHive4ReadHive4UsingNewConversion(String)[1440]" classname="org.apache.hadoop.hive.ql.io.parquet.serde.TestParquetTimestampsHive2Compatibility" time="0"/>
  <testcase name="testWriteHive4ReadHive4UsingNewConversion(String)[1441]" classname="org.apache.hadoop.hive.ql.io.parquet.serde.TestParquetTimestampsHive2Compatibility" time="0"/>
  <testcase name="testWriteHive4ReadHive4UsingNewConversion(String)[1442]" classname="org.apache.hadoop.hive.ql.io.parquet.serde.TestParquetTimestampsHive2Compatibility" time="0"/>
  <testcase name="testWriteHive4ReadHive4UsingNewConversion(String)[1443]" classname="org.apache.hadoop.hive.ql.io.parquet.serde.TestParquetTimestampsHive2Compatibility" time="0"/>
  <testcase name="testWriteHive4ReadHive4UsingNewConversion(String)[1444]" classname="org.apache.hadoop.hive.ql.io.parquet.serde.TestParquetTimestampsHive2Compatibility" time="0"/>
  <testcase name="testWriteHive4ReadHive4UsingNewConversion(String)[1445]" classname="org.apache.hadoop.hive.ql.io.parquet.serde.TestParquetTimestampsHive2Compatibility" time="0.001"/>
  <testcase name="testWriteHive4ReadHive4UsingNewConversion(String)[1446]" classname="org.apache.hadoop.hive.ql.io.parquet.serde.TestParquetTimestampsHive2Compatibility" time="0"/>
  <testcase name="testWriteHive4ReadHive4UsingNewConversion(String)[1447]" classname="org.apache.hadoop.hive.ql.io.parquet.serde.TestParquetTimestampsHive2Compatibility" time="0"/>
  <testcase name="testWriteHive4ReadHive4UsingNewConversion(String)[1448]" classname="org.apache.hadoop.hive.ql.io.parquet.serde.TestParquetTimestampsHive2Compatibility" time="0"/>
  <testcase name="testWriteHive4ReadHive4UsingNewConversion(String)[1449]" classname="org.apache.hadoop.hive.ql.io.parquet.serde.TestParquetTimestampsHive2Compatibility" time="0"/>
  <testcase name="testWriteHive4ReadHive4UsingNewConversion(String)[1450]" classname="org.apache.hadoop.hive.ql.io.parquet.serde.TestParquetTimestampsHive2Compatibility" time="0.001"/>
  <testcase name="testWriteHive4ReadHive4UsingNewConversion(String)[1451]" classname="org.apache.hadoop.hive.ql.io.parquet.serde.TestParquetTimestampsHive2Compatibility" time="0"/>
  <testcase name="testWriteHive4ReadHive4UsingNewConversion(String)[1452]" classname="org.apache.hadoop.hive.ql.io.parquet.serde.TestParquetTimestampsHive2Compatibility" time="0"/>
  <testcase name="testWriteHive4ReadHive4UsingNewConversion(String)[1453]" classname="org.apache.hadoop.hive.ql.io.parquet.serde.TestParquetTimestampsHive2Compatibility" time="0"/>
  <testcase name="testWriteHive4ReadHive4UsingNewConversion(String)[1454]" classname="org.apache.hadoop.hive.ql.io.parquet.serde.TestParquetTimestampsHive2Compatibility" time="0"/>
  <testcase name="testWriteHive4ReadHive4UsingNewConversion(String)[1455]" classname="org.apache.hadoop.hive.ql.io.parquet.serde.TestParquetTimestampsHive2Compatibility" time="0.001"/>
  <testcase name="testWriteHive4ReadHive4UsingNewConversion(String)[1456]" classname="org.apache.hadoop.hive.ql.io.parquet.serde.TestParquetTimestampsHive2Compatibility" time="0"/>
  <testcase name="testWriteHive4ReadHive4UsingNewConversion(String)[1457]" classname="org.apache.hadoop.hive.ql.io.parquet.serde.TestParquetTimestampsHive2Compatibility" time="0"/>
  <testcase name="testWriteHive4ReadHive4UsingNewConversion(String)[1458]" classname="org.apache.hadoop.hive.ql.io.parquet.serde.TestParquetTimestampsHive2Compatibility" time="0"/>
  <testcase name="testWriteHive4ReadHive4UsingNewConversion(String)[1459]" classname="org.apache.hadoop.hive.ql.io.parquet.serde.TestParquetTimestampsHive2Compatibility" time="0"/>
  <testcase name="testWriteHive4ReadHive4UsingNewConversion(String)[1460]" classname="org.apache.hadoop.hive.ql.io.parquet.serde.TestParquetTimestampsHive2Compatibility" time="0"/>
  <testcase name="testWriteHive4ReadHive4UsingNewConversion(String)[1461]" classname="org.apache.hadoop.hive.ql.io.parquet.serde.TestParquetTimestampsHive2Compatibility" time="0"/>
  <testcase name="testWriteHive4ReadHive4UsingNewConversion(String)[1462]" classname="org.apache.hadoop.hive.ql.io.parquet.serde.TestParquetTimestampsHive2Compatibility" time="0"/>
  <testcase name="testWriteHive4ReadHive4UsingNewConversion(String)[1463]" classname="org.apache.hadoop.hive.ql.io.parquet.serde.TestParquetTimestampsHive2Compatibility" time="0"/>
  <testcase name="testWriteHive4ReadHive4UsingNewConversion(String)[1464]" classname="org.apache.hadoop.hive.ql.io.parquet.serde.TestParquetTimestampsHive2Compatibility" time="0"/>
  <testcase name="testWriteHive4ReadHive4UsingNewConversion(String)[1465]" classname="org.apache.hadoop.hive.ql.io.parquet.serde.TestParquetTimestampsHive2Compatibility" time="0"/>
  <testcase name="testWriteHive4ReadHive4UsingNewConversion(String)[1466]" classname="org.apache.hadoop.hive.ql.io.parquet.serde.TestParquetTimestampsHive2Compatibility" time="0.001"/>
  <testcase name="testWriteHive4ReadHive4UsingNewConversion(String)[1467]" classname="org.apache.hadoop.hive.ql.io.parquet.serde.TestParquetTimestampsHive2Compatibility" time="0"/>
  <testcase name="testWriteHive4ReadHive4UsingNewConversion(String)[1468]" classname="org.apache.hadoop.hive.ql.io.parquet.serde.TestParquetTimestampsHive2Compatibility" time="0"/>
  <testcase name="testWriteHive4ReadHive4UsingNewConversion(String)[1469]" classname="org.apache.hadoop.hive.ql.io.parquet.serde.TestParquetTimestampsHive2Compatibility" time="0"/>
  <testcase name="testWriteHive4ReadHive4UsingNewConversion(String)[1470]" classname="org.apache.hadoop.hive.ql.io.parquet.serde.TestParquetTimestampsHive2Compatibility" time="0"/>
  <testcase name="testWriteHive4ReadHive4UsingNewConversion(String)[1471]" classname="org.apache.hadoop.hive.ql.io.parquet.serde.TestParquetTimestampsHive2Compatibility" time="0"/>
  <testcase name="testWriteHive4ReadHive4UsingNewConversion(String)[1472]" classname="org.apache.hadoop.hive.ql.io.parquet.serde.TestParquetTimestampsHive2Compatibility" time="0"/>
  <testcase name="testWriteHive4ReadHive4UsingNewConversion(String)[1473]" classname="org.apache.hadoop.hive.ql.io.parquet.serde.TestParquetTimestampsHive2Compatibility" time="0"/>
  <testcase name="testWriteHive4ReadHive4UsingNewConversion(String)[1474]" classname="org.apache.hadoop.hive.ql.io.parquet.serde.TestParquetTimestampsHive2Compatibility" time="0"/>
  <testcase name="testWriteHive4ReadHive4UsingNewConversion(String)[1475]" classname="org.apache.hadoop.hive.ql.io.parquet.serde.TestParquetTimestampsHive2Compatibility" time="0"/>
  <testcase name="testWriteHive4ReadHive4UsingNewConversion(String)[1476]" classname="org.apache.hadoop.hive.ql.io.parquet.serde.TestParquetTimestampsHive2Compatibility" time="0"/>
  <testcase name="testWriteHive4ReadHive4UsingNewConversion(String)[1477]" classname="org.apache.hadoop.hive.ql.io.parquet.serde.TestParquetTimestampsHive2Compatibility" time="0"/>
  <testcase name="testWriteHive4ReadHive4UsingNewConversion(String)[1478]" classname="org.apache.hadoop.hive.ql.io.parquet.serde.TestParquetTimestampsHive2Compatibility" time="0"/>
  <testcase name="testWriteHive4ReadHive4UsingNewConversion(String)[1479]" classname="org.apache.hadoop.hive.ql.io.parquet.serde.TestParquetTimestampsHive2Compatibility" time="0"/>
  <testcase name="testWriteHive4ReadHive4UsingNewConversion(String)[1480]" classname="org.apache.hadoop.hive.ql.io.parquet.serde.TestParquetTimestampsHive2Compatibility" time="0"/>
  <testcase name="testWriteHive4ReadHive4UsingNewConversion(String)[1481]" classname="org.apache.hadoop.hive.ql.io.parquet.serde.TestParquetTimestampsHive2Compatibility" time="0"/>
  <testcase name="testWriteHive4ReadHive4UsingNewConversion(String)[1482]" classname="org.apache.hadoop.hive.ql.io.parquet.serde.TestParquetTimestampsHive2Compatibility" time="0.001"/>
  <testcase name="testWriteHive4ReadHive4UsingNewConversion(String)[1483]" classname="org.apache.hadoop.hive.ql.io.parquet.serde.TestParquetTimestampsHive2Compatibility" time="0"/>
  <testcase name="testWriteHive4ReadHive4UsingNewConversion(String)[1484]" classname="org.apache.hadoop.hive.ql.io.parquet.serde.TestParquetTimestampsHive2Compatibility" time="0"/>
  <testcase name="testWriteHive4ReadHive4UsingNewConversion(String)[1485]" classname="org.apache.hadoop.hive.ql.io.parquet.serde.TestParquetTimestampsHive2Compatibility" time="0"/>
  <testcase name="testWriteHive4ReadHive4UsingNewConversion(String)[1486]" classname="org.apache.hadoop.hive.ql.io.parquet.serde.TestParquetTimestampsHive2Compatibility" time="0"/>
  <testcase name="testWriteHive4ReadHive4UsingNewConversion(String)[1487]" classname="org.apache.hadoop.hive.ql.io.parquet.serde.TestParquetTimestampsHive2Compatibility" time="0"/>
  <testcase name="testWriteHive4ReadHive4UsingNewConversion(String)[1488]" classname="org.apache.hadoop.hive.ql.io.parquet.serde.TestParquetTimestampsHive2Compatibility" time="0"/>
  <testcase name="testWriteHive4ReadHive4UsingNewConversion(String)[1489]" classname="org.apache.hadoop.hive.ql.io.parquet.serde.TestParquetTimestampsHive2Compatibility" time="0"/>
  <testcase name="testWriteHive4ReadHive4UsingNewConversion(String)[1490]" classname="org.apache.hadoop.hive.ql.io.parquet.serde.TestParquetTimestampsHive2Compatibility" time="0"/>
  <testcase name="testWriteHive4ReadHive4UsingNewConversion(String)[1491]" classname="org.apache.hadoop.hive.ql.io.parquet.serde.TestParquetTimestampsHive2Compatibility" time="0"/>
  <testcase name="testWriteHive4ReadHive4UsingNewConversion(String)[1492]" classname="org.apache.hadoop.hive.ql.io.parquet.serde.TestParquetTimestampsHive2Compatibility" time="0"/>
  <testcase name="testWriteHive4ReadHive4UsingNewConversion(String)[1493]" classname="org.apache.hadoop.hive.ql.io.parquet.serde.TestParquetTimestampsHive2Compatibility" time="0"/>
  <testcase name="testWriteHive4ReadHive4UsingNewConversion(String)[1494]" classname="org.apache.hadoop.hive.ql.io.parquet.serde.TestParquetTimestampsHive2Compatibility" time="0"/>
  <testcase name="testWriteHive4ReadHive4UsingNewConversion(String)[1495]" classname="org.apache.hadoop.hive.ql.io.parquet.serde.TestParquetTimestampsHive2Compatibility" time="0"/>
  <testcase name="testWriteHive4ReadHive4UsingNewConversion(String)[1496]" classname="org.apache.hadoop.hive.ql.io.parquet.serde.TestParquetTimestampsHive2Compatibility" time="0"/>
  <testcase name="testWriteHive4ReadHive4UsingNewConversion(String)[1497]" classname="org.apache.hadoop.hive.ql.io.parquet.serde.TestParquetTimestampsHive2Compatibility" time="0"/>
  <testcase name="testWriteHive4ReadHive4UsingNewConversion(String)[1498]" classname="org.apache.hadoop.hive.ql.io.parquet.serde.TestParquetTimestampsHive2Compatibility" time="0"/>
  <testcase name="testWriteHive4ReadHive4UsingNewConversion(String)[1499]" classname="org.apache.hadoop.hive.ql.io.parquet.serde.TestParquetTimestampsHive2Compatibility" time="0"/>
  <testcase name="testWriteHive4ReadHive4UsingNewConversion(String)[1500]" classname="org.apache.hadoop.hive.ql.io.parquet.serde.TestParquetTimestampsHive2Compatibility" time="0"/>
  <testcase name="testWriteHive4ReadHive4UsingNewConversion(String)[1501]" classname="org.apache.hadoop.hive.ql.io.parquet.serde.TestParquetTimestampsHive2Compatibility" time="0"/>
  <testcase name="testWriteHive4ReadHive4UsingNewConversion(String)[1502]" classname="org.apache.hadoop.hive.ql.io.parquet.serde.TestParquetTimestampsHive2Compatibility" time="0"/>
  <testcase name="testWriteHive4ReadHive4UsingNewConversion(String)[1503]" classname="org.apache.hadoop.hive.ql.io.parquet.serde.TestParquetTimestampsHive2Compatibility" time="0"/>
  <testcase name="testWriteHive4ReadHive4UsingNewConversion(String)[1504]" classname="org.apache.hadoop.hive.ql.io.parquet.serde.TestParquetTimestampsHive2Compatibility" time="0"/>
  <testcase name="testWriteHive4ReadHive4UsingNewConversion(String)[1505]" classname="org.apache.hadoop.hive.ql.io.parquet.serde.TestParquetTimestampsHive2Compatibility" time="0"/>
  <testcase name="testWriteHive4ReadHive4UsingNewConversion(String)[1506]" classname="org.apache.hadoop.hive.ql.io.parquet.serde.TestParquetTimestampsHive2Compatibility" time="0"/>
  <testcase name="testWriteHive4ReadHive4UsingNewConversion(String)[1507]" classname="org.apache.hadoop.hive.ql.io.parquet.serde.TestParquetTimestampsHive2Compatibility" time="0"/>
  <testcase name="testWriteHive4ReadHive4UsingNewConversion(String)[1508]" classname="org.apache.hadoop.hive.ql.io.parquet.serde.TestParquetTimestampsHive2Compatibility" time="0.001"/>
  <testcase name="testWriteHive4ReadHive4UsingNewConversion(String)[1509]" classname="org.apache.hadoop.hive.ql.io.parquet.serde.TestParquetTimestampsHive2Compatibility" time="0"/>
  <testcase name="testWriteHive4ReadHive4UsingNewConversion(String)[1510]" classname="org.apache.hadoop.hive.ql.io.parquet.serde.TestParquetTimestampsHive2Compatibility" time="0"/>
  <testcase name="testWriteHive4ReadHive4UsingNewConversion(String)[1511]" classname="org.apache.hadoop.hive.ql.io.parquet.serde.TestParquetTimestampsHive2Compatibility" time="0"/>
  <testcase name="testWriteHive4ReadHive4UsingNewConversion(String)[1512]" classname="org.apache.hadoop.hive.ql.io.parquet.serde.TestParquetTimestampsHive2Compatibility" time="0"/>
  <testcase name="testWriteHive4ReadHive4UsingNewConversion(String)[1513]" classname="org.apache.hadoop.hive.ql.io.parquet.serde.TestParquetTimestampsHive2Compatibility" time="0.001"/>
  <testcase name="testWriteHive4ReadHive4UsingNewConversion(String)[1514]" classname="org.apache.hadoop.hive.ql.io.parquet.serde.TestParquetTimestampsHive2Compatibility" time="0"/>
  <testcase name="testWriteHive4ReadHive4UsingNewConversion(String)[1515]" classname="org.apache.hadoop.hive.ql.io.parquet.serde.TestParquetTimestampsHive2Compatibility" time="0"/>
  <testcase name="testWriteHive4ReadHive4UsingNewConversion(String)[1516]" classname="org.apache.hadoop.hive.ql.io.parquet.serde.TestParquetTimestampsHive2Compatibility" time="0"/>
  <testcase name="testWriteHive4ReadHive4UsingNewConversion(String)[1517]" classname="org.apache.hadoop.hive.ql.io.parquet.serde.TestParquetTimestampsHive2Compatibility" time="0"/>
  <testcase name="testWriteHive4ReadHive4UsingNewConversion(String)[1518]" classname="org.apache.hadoop.hive.ql.io.parquet.serde.TestParquetTimestampsHive2Compatibility" time="0"/>
  <testcase name="testWriteHive4ReadHive4UsingNewConversion(String)[1519]" classname="org.apache.hadoop.hive.ql.io.parquet.serde.TestParquetTimestampsHive2Compatibility" time="0"/>
  <testcase name="testWriteHive4ReadHive4UsingNewConversion(String)[1520]" classname="org.apache.hadoop.hive.ql.io.parquet.serde.TestParquetTimestampsHive2Compatibility" time="0"/>
  <testcase name="testWriteHive4ReadHive4UsingNewConversion(String)[1521]" classname="org.apache.hadoop.hive.ql.io.parquet.serde.TestParquetTimestampsHive2Compatibility" time="0"/>
  <testcase name="testWriteHive4ReadHive4UsingNewConversion(String)[1522]" classname="org.apache.hadoop.hive.ql.io.parquet.serde.TestParquetTimestampsHive2Compatibility" time="0"/>
  <testcase name="testWriteHive4ReadHive4UsingNewConversion(String)[1523]" classname="org.apache.hadoop.hive.ql.io.parquet.serde.TestParquetTimestampsHive2Compatibility" time="0"/>
  <testcase name="testWriteHive4ReadHive4UsingNewConversion(String)[1524]" classname="org.apache.hadoop.hive.ql.io.parquet.serde.TestParquetTimestampsHive2Compatibility" time="0.001"/>
  <testcase name="testWriteHive4ReadHive4UsingNewConversion(String)[1525]" classname="org.apache.hadoop.hive.ql.io.parquet.serde.TestParquetTimestampsHive2Compatibility" time="0"/>
  <testcase name="testWriteHive4ReadHive4UsingNewConversion(String)[1526]" classname="org.apache.hadoop.hive.ql.io.parquet.serde.TestParquetTimestampsHive2Compatibility" time="0"/>
  <testcase name="testWriteHive4ReadHive4UsingNewConversion(String)[1527]" classname="org.apache.hadoop.hive.ql.io.parquet.serde.TestParquetTimestampsHive2Compatibility" time="0"/>
  <testcase name="testWriteHive4ReadHive4UsingNewConversion(String)[1528]" classname="org.apache.hadoop.hive.ql.io.parquet.serde.TestParquetTimestampsHive2Compatibility" time="0"/>
  <testcase name="testWriteHive4ReadHive4UsingNewConversion(String)[1529]" classname="org.apache.hadoop.hive.ql.io.parquet.serde.TestParquetTimestampsHive2Compatibility" time="0"/>
  <testcase name="testWriteHive4ReadHive4UsingNewConversion(String)[1530]" classname="org.apache.hadoop.hive.ql.io.parquet.serde.TestParquetTimestampsHive2Compatibility" time="0"/>
  <testcase name="testWriteHive4ReadHive4UsingNewConversion(String)[1531]" classname="org.apache.hadoop.hive.ql.io.parquet.serde.TestParquetTimestampsHive2Compatibility" time="0"/>
  <testcase name="testWriteHive4ReadHive4UsingNewConversion(String)[1532]" classname="org.apache.hadoop.hive.ql.io.parquet.serde.TestParquetTimestampsHive2Compatibility" time="0"/>
  <testcase name="testWriteHive4ReadHive4UsingNewConversion(String)[1533]" classname="org.apache.hadoop.hive.ql.io.parquet.serde.TestParquetTimestampsHive2Compatibility" time="0"/>
  <testcase name="testWriteHive4ReadHive4UsingNewConversion(String)[1534]" classname="org.apache.hadoop.hive.ql.io.parquet.serde.TestParquetTimestampsHive2Compatibility" time="0"/>
  <testcase name="testWriteHive4ReadHive4UsingNewConversion(String)[1535]" classname="org.apache.hadoop.hive.ql.io.parquet.serde.TestParquetTimestampsHive2Compatibility" time="0.001"/>
  <testcase name="testWriteHive4ReadHive4UsingNewConversion(String)[1536]" classname="org.apache.hadoop.hive.ql.io.parquet.serde.TestParquetTimestampsHive2Compatibility" time="0"/>
  <testcase name="testWriteHive4ReadHive4UsingNewConversion(String)[1537]" classname="org.apache.hadoop.hive.ql.io.parquet.serde.TestParquetTimestampsHive2Compatibility" time="0"/>
  <testcase name="testWriteHive4ReadHive4UsingNewConversion(String)[1538]" classname="org.apache.hadoop.hive.ql.io.parquet.serde.TestParquetTimestampsHive2Compatibility" time="0"/>
  <testcase name="testWriteHive4ReadHive4UsingNewConversion(String)[1539]" classname="org.apache.hadoop.hive.ql.io.parquet.serde.TestParquetTimestampsHive2Compatibility" time="0"/>
  <testcase name="testWriteHive4ReadHive4UsingNewConversion(String)[1540]" classname="org.apache.hadoop.hive.ql.io.parquet.serde.TestParquetTimestampsHive2Compatibility" time="0"/>
  <testcase name="testWriteHive4ReadHive4UsingNewConversion(String)[1541]" classname="org.apache.hadoop.hive.ql.io.parquet.serde.TestParquetTimestampsHive2Compatibility" time="0"/>
  <testcase name="testWriteHive4ReadHive4UsingNewConversion(String)[1542]" classname="org.apache.hadoop.hive.ql.io.parquet.serde.TestParquetTimestampsHive2Compatibility" time="0"/>
  <testcase name="testWriteHive4ReadHive4UsingNewConversion(String)[1543]" classname="org.apache.hadoop.hive.ql.io.parquet.serde.TestParquetTimestampsHive2Compatibility" time="0"/>
  <testcase name="testWriteHive4ReadHive4UsingNewConversion(String)[1544]" classname="org.apache.hadoop.hive.ql.io.parquet.serde.TestParquetTimestampsHive2Compatibility" time="0.001"/>
  <testcase name="testWriteHive4ReadHive4UsingNewConversion(String)[1545]" classname="org.apache.hadoop.hive.ql.io.parquet.serde.TestParquetTimestampsHive2Compatibility" time="0"/>
  <testcase name="testWriteHive4ReadHive4UsingNewConversion(String)[1546]" classname="org.apache.hadoop.hive.ql.io.parquet.serde.TestParquetTimestampsHive2Compatibility" time="0"/>
  <testcase name="testWriteHive4ReadHive4UsingNewConversion(String)[1547]" classname="org.apache.hadoop.hive.ql.io.parquet.serde.TestParquetTimestampsHive2Compatibility" time="0"/>
  <testcase name="testWriteHive4ReadHive4UsingNewConversion(String)[1548]" classname="org.apache.hadoop.hive.ql.io.parquet.serde.TestParquetTimestampsHive2Compatibility" time="0"/>
  <testcase name="testWriteHive4ReadHive4UsingNewConversion(String)[1549]" classname="org.apache.hadoop.hive.ql.io.parquet.serde.TestParquetTimestampsHive2Compatibility" time="0"/>
  <testcase name="testWriteHive4ReadHive4UsingNewConversion(String)[1550]" classname="org.apache.hadoop.hive.ql.io.parquet.serde.TestParquetTimestampsHive2Compatibility" time="0"/>
  <testcase name="testWriteHive4ReadHive4UsingNewConversion(String)[1551]" classname="org.apache.hadoop.hive.ql.io.parquet.serde.TestParquetTimestampsHive2Compatibility" time="0"/>
  <testcase name="testWriteHive4ReadHive4UsingNewConversion(String)[1552]" classname="org.apache.hadoop.hive.ql.io.parquet.serde.TestParquetTimestampsHive2Compatibility" time="0"/>
  <testcase name="testWriteHive4ReadHive4UsingNewConversion(String)[1553]" classname="org.apache.hadoop.hive.ql.io.parquet.serde.TestParquetTimestampsHive2Compatibility" time="0"/>
  <testcase name="testWriteHive4ReadHive4UsingNewConversion(String)[1554]" classname="org.apache.hadoop.hive.ql.io.parquet.serde.TestParquetTimestampsHive2Compatibility" time="0"/>
  <testcase name="testWriteHive4ReadHive4UsingNewConversion(String)[1555]" classname="org.apache.hadoop.hive.ql.io.parquet.serde.TestParquetTimestampsHive2Compatibility" time="0"/>
  <testcase name="testWriteHive4ReadHive4UsingNewConversion(String)[1556]" classname="org.apache.hadoop.hive.ql.io.parquet.serde.TestParquetTimestampsHive2Compatibility" time="0"/>
  <testcase name="testWriteHive4ReadHive4UsingNewConversion(String)[1557]" classname="org.apache.hadoop.hive.ql.io.parquet.serde.TestParquetTimestampsHive2Compatibility" time="0"/>
  <testcase name="testWriteHive4ReadHive4UsingNewConversion(String)[1558]" classname="org.apache.hadoop.hive.ql.io.parquet.serde.TestParquetTimestampsHive2Compatibility" time="0"/>
  <testcase name="testWriteHive4ReadHive4UsingNewConversion(String)[1559]" classname="org.apache.hadoop.hive.ql.io.parquet.serde.TestParquetTimestampsHive2Compatibility" time="0"/>
  <testcase name="testWriteHive4ReadHive4UsingNewConversion(String)[1560]" classname="org.apache.hadoop.hive.ql.io.parquet.serde.TestParquetTimestampsHive2Compatibility" time="0.001"/>
  <testcase name="testWriteHive4ReadHive4UsingNewConversion(String)[1561]" classname="org.apache.hadoop.hive.ql.io.parquet.serde.TestParquetTimestampsHive2Compatibility" time="0"/>
  <testcase name="testWriteHive4ReadHive4UsingNewConversion(String)[1562]" classname="org.apache.hadoop.hive.ql.io.parquet.serde.TestParquetTimestampsHive2Compatibility" time="0"/>
  <testcase name="testWriteHive4ReadHive4UsingNewConversion(String)[1563]" classname="org.apache.hadoop.hive.ql.io.parquet.serde.TestParquetTimestampsHive2Compatibility" time="0"/>
  <testcase name="testWriteHive4ReadHive4UsingNewConversion(String)[1564]" classname="org.apache.hadoop.hive.ql.io.parquet.serde.TestParquetTimestampsHive2Compatibility" time="0"/>
  <testcase name="testWriteHive4ReadHive4UsingNewConversion(String)[1565]" classname="org.apache.hadoop.hive.ql.io.parquet.serde.TestParquetTimestampsHive2Compatibility" time="0"/>
  <testcase name="testWriteHive4ReadHive4UsingNewConversion(String)[1566]" classname="org.apache.hadoop.hive.ql.io.parquet.serde.TestParquetTimestampsHive2Compatibility" time="0"/>
  <testcase name="testWriteHive4ReadHive4UsingNewConversion(String)[1567]" classname="org.apache.hadoop.hive.ql.io.parquet.serde.TestParquetTimestampsHive2Compatibility" time="0"/>
  <testcase name="testWriteHive4ReadHive4UsingNewConversion(String)[1568]" classname="org.apache.hadoop.hive.ql.io.parquet.serde.TestParquetTimestampsHive2Compatibility" time="0"/>
  <testcase name="testWriteHive4ReadHive4UsingNewConversion(String)[1569]" classname="org.apache.hadoop.hive.ql.io.parquet.serde.TestParquetTimestampsHive2Compatibility" time="0"/>
  <testcase name="testWriteHive4ReadHive4UsingNewConversion(String)[1570]" classname="org.apache.hadoop.hive.ql.io.parquet.serde.TestParquetTimestampsHive2Compatibility" time="0"/>
  <testcase name="testWriteHive4ReadHive4UsingNewConversion(String)[1571]" classname="org.apache.hadoop.hive.ql.io.parquet.serde.TestParquetTimestampsHive2Compatibility" time="0"/>
  <testcase name="testWriteHive4ReadHive4UsingNewConversion(String)[1572]" classname="org.apache.hadoop.hive.ql.io.parquet.serde.TestParquetTimestampsHive2Compatibility" time="0"/>
  <testcase name="testWriteHive4ReadHive4UsingNewConversion(String)[1573]" classname="org.apache.hadoop.hive.ql.io.parquet.serde.TestParquetTimestampsHive2Compatibility" time="0"/>
  <testcase name="testWriteHive4ReadHive4UsingNewConversion(String)[1574]" classname="org.apache.hadoop.hive.ql.io.parquet.serde.TestParquetTimestampsHive2Compatibility" time="0"/>
  <testcase name="testWriteHive4ReadHive4UsingNewConversion(String)[1575]" classname="org.apache.hadoop.hive.ql.io.parquet.serde.TestParquetTimestampsHive2Compatibility" time="0"/>
  <testcase name="testWriteHive4ReadHive4UsingNewConversion(String)[1576]" classname="org.apache.hadoop.hive.ql.io.parquet.serde.TestParquetTimestampsHive2Compatibility" time="0"/>
  <testcase name="testWriteHive4ReadHive4UsingNewConversion(String)[1577]" classname="org.apache.hadoop.hive.ql.io.parquet.serde.TestParquetTimestampsHive2Compatibility" time="0"/>
  <testcase name="testWriteHive4ReadHive4UsingNewConversion(String)[1578]" classname="org.apache.hadoop.hive.ql.io.parquet.serde.TestParquetTimestampsHive2Compatibility" time="0"/>
  <testcase name="testWriteHive4ReadHive4UsingNewConversion(String)[1579]" classname="org.apache.hadoop.hive.ql.io.parquet.serde.TestParquetTimestampsHive2Compatibility" time="0"/>
  <testcase name="testWriteHive4ReadHive4UsingNewConversion(String)[1580]" classname="org.apache.hadoop.hive.ql.io.parquet.serde.TestParquetTimestampsHive2Compatibility" time="0"/>
  <testcase name="testWriteHive4ReadHive4UsingNewConversion(String)[1581]" classname="org.apache.hadoop.hive.ql.io.parquet.serde.TestParquetTimestampsHive2Compatibility" time="0.001"/>
  <testcase name="testWriteHive4ReadHive4UsingNewConversion(String)[1582]" classname="org.apache.hadoop.hive.ql.io.parquet.serde.TestParquetTimestampsHive2Compatibility" time="0"/>
  <testcase name="testWriteHive4ReadHive4UsingNewConversion(String)[1583]" classname="org.apache.hadoop.hive.ql.io.parquet.serde.TestParquetTimestampsHive2Compatibility" time="0"/>
  <testcase name="testWriteHive4ReadHive4UsingNewConversion(String)[1584]" classname="org.apache.hadoop.hive.ql.io.parquet.serde.TestParquetTimestampsHive2Compatibility" time="0"/>
  <testcase name="testWriteHive4ReadHive4UsingNewConversion(String)[1585]" classname="org.apache.hadoop.hive.ql.io.parquet.serde.TestParquetTimestampsHive2Compatibility" time="0"/>
  <testcase name="testWriteHive4ReadHive4UsingNewConversion(String)[1586]" classname="org.apache.hadoop.hive.ql.io.parquet.serde.TestParquetTimestampsHive2Compatibility" time="0.001"/>
  <testcase name="testWriteHive4ReadHive4UsingNewConversion(String)[1587]" classname="org.apache.hadoop.hive.ql.io.parquet.serde.TestParquetTimestampsHive2Compatibility" time="0"/>
  <testcase name="testWriteHive4ReadHive4UsingNewConversion(String)[1588]" classname="org.apache.hadoop.hive.ql.io.parquet.serde.TestParquetTimestampsHive2Compatibility" time="0"/>
  <testcase name="testWriteHive4ReadHive4UsingNewConversion(String)[1589]" classname="org.apache.hadoop.hive.ql.io.parquet.serde.TestParquetTimestampsHive2Compatibility" time="0"/>
  <testcase name="testWriteHive4ReadHive4UsingNewConversion(String)[1590]" classname="org.apache.hadoop.hive.ql.io.parquet.serde.TestParquetTimestampsHive2Compatibility" time="0"/>
  <testcase name="testWriteHive4ReadHive4UsingNewConversion(String)[1591]" classname="org.apache.hadoop.hive.ql.io.parquet.serde.TestParquetTimestampsHive2Compatibility" time="0"/>
  <testcase name="testWriteHive4ReadHive4UsingNewConversion(String)[1592]" classname="org.apache.hadoop.hive.ql.io.parquet.serde.TestParquetTimestampsHive2Compatibility" time="0"/>
  <testcase name="testWriteHive4ReadHive4UsingNewConversion(String)[1593]" classname="org.apache.hadoop.hive.ql.io.parquet.serde.TestParquetTimestampsHive2Compatibility" time="0"/>
  <testcase name="testWriteHive4ReadHive4UsingNewConversion(String)[1594]" classname="org.apache.hadoop.hive.ql.io.parquet.serde.TestParquetTimestampsHive2Compatibility" time="0"/>
  <testcase name="testWriteHive4ReadHive4UsingNewConversion(String)[1595]" classname="org.apache.hadoop.hive.ql.io.parquet.serde.TestParquetTimestampsHive2Compatibility" time="0"/>
  <testcase name="testWriteHive4ReadHive4UsingNewConversion(String)[1596]" classname="org.apache.hadoop.hive.ql.io.parquet.serde.TestParquetTimestampsHive2Compatibility" time="0"/>
  <testcase name="testWriteHive4ReadHive4UsingNewConversion(String)[1597]" classname="org.apache.hadoop.hive.ql.io.parquet.serde.TestParquetTimestampsHive2Compatibility" time="0"/>
  <testcase name="testWriteHive4ReadHive4UsingNewConversion(String)[1598]" classname="org.apache.hadoop.hive.ql.io.parquet.serde.TestParquetTimestampsHive2Compatibility" time="0"/>
  <testcase name="testWriteHive4ReadHive4UsingNewConversion(String)[1599]" classname="org.apache.hadoop.hive.ql.io.parquet.serde.TestParquetTimestampsHive2Compatibility" time="0"/>
  <testcase name="testWriteHive4ReadHive4UsingNewConversion(String)[1600]" classname="org.apache.hadoop.hive.ql.io.parquet.serde.TestParquetTimestampsHive2Compatibility" time="0"/>
  <testcase name="testWriteHive4ReadHive4UsingNewConversion(String)[1601]" classname="org.apache.hadoop.hive.ql.io.parquet.serde.TestParquetTimestampsHive2Compatibility" time="0"/>
  <testcase name="testWriteHive4ReadHive4UsingNewConversion(String)[1602]" classname="org.apache.hadoop.hive.ql.io.parquet.serde.TestParquetTimestampsHive2Compatibility" time="0.001"/>
  <testcase name="testWriteHive4ReadHive4UsingNewConversion(String)[1603]" classname="org.apache.hadoop.hive.ql.io.parquet.serde.TestParquetTimestampsHive2Compatibility" time="0"/>
  <testcase name="testWriteHive4ReadHive4UsingNewConversion(String)[1604]" classname="org.apache.hadoop.hive.ql.io.parquet.serde.TestParquetTimestampsHive2Compatibility" time="0"/>
  <testcase name="testWriteHive4ReadHive4UsingNewConversion(String)[1605]" classname="org.apache.hadoop.hive.ql.io.parquet.serde.TestParquetTimestampsHive2Compatibility" time="0"/>
  <testcase name="testWriteHive4ReadHive4UsingNewConversion(String)[1606]" classname="org.apache.hadoop.hive.ql.io.parquet.serde.TestParquetTimestampsHive2Compatibility" time="0"/>
  <testcase name="testWriteHive4ReadHive4UsingNewConversion(String)[1607]" classname="org.apache.hadoop.hive.ql.io.parquet.serde.TestParquetTimestampsHive2Compatibility" time="0"/>
  <testcase name="testWriteHive4ReadHive4UsingNewConversion(String)[1608]" classname="org.apache.hadoop.hive.ql.io.parquet.serde.TestParquetTimestampsHive2Compatibility" time="0"/>
  <testcase name="testWriteHive4ReadHive4UsingNewConversion(String)[1609]" classname="org.apache.hadoop.hive.ql.io.parquet.serde.TestParquetTimestampsHive2Compatibility" time="0"/>
  <testcase name="testWriteHive4ReadHive4UsingNewConversion(String)[1610]" classname="org.apache.hadoop.hive.ql.io.parquet.serde.TestParquetTimestampsHive2Compatibility" time="0"/>
  <testcase name="testWriteHive4ReadHive4UsingNewConversion(String)[1611]" classname="org.apache.hadoop.hive.ql.io.parquet.serde.TestParquetTimestampsHive2Compatibility" time="0"/>
  <testcase name="testWriteHive4ReadHive4UsingNewConversion(String)[1612]" classname="org.apache.hadoop.hive.ql.io.parquet.serde.TestParquetTimestampsHive2Compatibility" time="0"/>
  <testcase name="testWriteHive4ReadHive4UsingNewConversion(String)[1613]" classname="org.apache.hadoop.hive.ql.io.parquet.serde.TestParquetTimestampsHive2Compatibility" time="0.001"/>
  <testcase name="testWriteHive4ReadHive4UsingNewConversion(String)[1614]" classname="org.apache.hadoop.hive.ql.io.parquet.serde.TestParquetTimestampsHive2Compatibility" time="0"/>
  <testcase name="testWriteHive4ReadHive4UsingNewConversion(String)[1615]" classname="org.apache.hadoop.hive.ql.io.parquet.serde.TestParquetTimestampsHive2Compatibility" time="0"/>
  <testcase name="testWriteHive4ReadHive4UsingNewConversion(String)[1616]" classname="org.apache.hadoop.hive.ql.io.parquet.serde.TestParquetTimestampsHive2Compatibility" time="0"/>
  <testcase name="testWriteHive4ReadHive4UsingNewConversion(String)[1617]" classname="org.apache.hadoop.hive.ql.io.parquet.serde.TestParquetTimestampsHive2Compatibility" time="0"/>
  <testcase name="testWriteHive4ReadHive4UsingNewConversion(String)[1618]" classname="org.apache.hadoop.hive.ql.io.parquet.serde.TestParquetTimestampsHive2Compatibility" time="0.001"/>
  <testcase name="testWriteHive4ReadHive4UsingNewConversion(String)[1619]" classname="org.apache.hadoop.hive.ql.io.parquet.serde.TestParquetTimestampsHive2Compatibility" time="0"/>
  <testcase name="testWriteHive4ReadHive4UsingNewConversion(String)[1620]" classname="org.apache.hadoop.hive.ql.io.parquet.serde.TestParquetTimestampsHive2Compatibility" time="0"/>
  <testcase name="testWriteHive4ReadHive4UsingNewConversion(String)[1621]" classname="org.apache.hadoop.hive.ql.io.parquet.serde.TestParquetTimestampsHive2Compatibility" time="0"/>
  <testcase name="testWriteHive4ReadHive4UsingNewConversion(String)[1622]" classname="org.apache.hadoop.hive.ql.io.parquet.serde.TestParquetTimestampsHive2Compatibility" time="0"/>
  <testcase name="testWriteHive4ReadHive4UsingNewConversion(String)[1623]" classname="org.apache.hadoop.hive.ql.io.parquet.serde.TestParquetTimestampsHive2Compatibility" time="0"/>
  <testcase name="testWriteHive4ReadHive4UsingNewConversion(String)[1624]" classname="org.apache.hadoop.hive.ql.io.parquet.serde.TestParquetTimestampsHive2Compatibility" time="0"/>
  <testcase name="testWriteHive4ReadHive4UsingNewConversion(String)[1625]" classname="org.apache.hadoop.hive.ql.io.parquet.serde.TestParquetTimestampsHive2Compatibility" time="0"/>
  <testcase name="testWriteHive4ReadHive4UsingNewConversion(String)[1626]" classname="org.apache.hadoop.hive.ql.io.parquet.serde.TestParquetTimestampsHive2Compatibility" time="0"/>
  <testcase name="testWriteHive4ReadHive4UsingNewConversion(String)[1627]" classname="org.apache.hadoop.hive.ql.io.parquet.serde.TestParquetTimestampsHive2Compatibility" time="0"/>
  <testcase name="testWriteHive4ReadHive4UsingNewConversion(String)[1628]" classname="org.apache.hadoop.hive.ql.io.parquet.serde.TestParquetTimestampsHive2Compatibility" time="0"/>
  <testcase name="testWriteHive4ReadHive4UsingNewConversion(String)[1629]" classname="org.apache.hadoop.hive.ql.io.parquet.serde.TestParquetTimestampsHive2Compatibility" time="0.001"/>
  <testcase name="testWriteHive4ReadHive4UsingNewConversion(String)[1630]" classname="org.apache.hadoop.hive.ql.io.parquet.serde.TestParquetTimestampsHive2Compatibility" time="0"/>
  <testcase name="testWriteHive4ReadHive4UsingNewConversion(String)[1631]" classname="org.apache.hadoop.hive.ql.io.parquet.serde.TestParquetTimestampsHive2Compatibility" time="0"/>
  <testcase name="testWriteHive4ReadHive4UsingNewConversion(String)[1632]" classname="org.apache.hadoop.hive.ql.io.parquet.serde.TestParquetTimestampsHive2Compatibility" time="0"/>
  <testcase name="testWriteHive4ReadHive4UsingNewConversion(String)[1633]" classname="org.apache.hadoop.hive.ql.io.parquet.serde.TestParquetTimestampsHive2Compatibility" time="0"/>
  <testcase name="testWriteHive4ReadHive4UsingNewConversion(String)[1634]" classname="org.apache.hadoop.hive.ql.io.parquet.serde.TestParquetTimestampsHive2Compatibility" time="0.001"/>
  <testcase name="testWriteHive4ReadHive4UsingNewConversion(String)[1635]" classname="org.apache.hadoop.hive.ql.io.parquet.serde.TestParquetTimestampsHive2Compatibility" time="0"/>
  <testcase name="testWriteHive4ReadHive4UsingNewConversion(String)[1636]" classname="org.apache.hadoop.hive.ql.io.parquet.serde.TestParquetTimestampsHive2Compatibility" time="0"/>
  <testcase name="testWriteHive4ReadHive4UsingNewConversion(String)[1637]" classname="org.apache.hadoop.hive.ql.io.parquet.serde.TestParquetTimestampsHive2Compatibility" time="0"/>
  <testcase name="testWriteHive4ReadHive4UsingNewConversion(String)[1638]" classname="org.apache.hadoop.hive.ql.io.parquet.serde.TestParquetTimestampsHive2Compatibility" time="0"/>
  <testcase name="testWriteHive4ReadHive4UsingNewConversion(String)[1639]" classname="org.apache.hadoop.hive.ql.io.parquet.serde.TestParquetTimestampsHive2Compatibility" time="0.001"/>
  <testcase name="testWriteHive4ReadHive4UsingNewConversion(String)[1640]" classname="org.apache.hadoop.hive.ql.io.parquet.serde.TestParquetTimestampsHive2Compatibility" time="0"/>
  <testcase name="testWriteHive4ReadHive4UsingNewConversion(String)[1641]" classname="org.apache.hadoop.hive.ql.io.parquet.serde.TestParquetTimestampsHive2Compatibility" time="0"/>
  <testcase name="testWriteHive4ReadHive4UsingNewConversion(String)[1642]" classname="org.apache.hadoop.hive.ql.io.parquet.serde.TestParquetTimestampsHive2Compatibility" time="0"/>
  <testcase name="testWriteHive4ReadHive4UsingNewConversion(String)[1643]" classname="org.apache.hadoop.hive.ql.io.parquet.serde.TestParquetTimestampsHive2Compatibility" time="0"/>
  <testcase name="testWriteHive4ReadHive4UsingNewConversion(String)[1644]" classname="org.apache.hadoop.hive.ql.io.parquet.serde.TestParquetTimestampsHive2Compatibility" time="0"/>
  <testcase name="testWriteHive4ReadHive4UsingNewConversion(String)[1645]" classname="org.apache.hadoop.hive.ql.io.parquet.serde.TestParquetTimestampsHive2Compatibility" time="0"/>
  <testcase name="testWriteHive4ReadHive4UsingNewConversion(String)[1646]" classname="org.apache.hadoop.hive.ql.io.parquet.serde.TestParquetTimestampsHive2Compatibility" time="0"/>
  <testcase name="testWriteHive4ReadHive4UsingNewConversion(String)[1647]" classname="org.apache.hadoop.hive.ql.io.parquet.serde.TestParquetTimestampsHive2Compatibility" time="0"/>
  <testcase name="testWriteHive4ReadHive4UsingNewConversion(String)[1648]" classname="org.apache.hadoop.hive.ql.io.parquet.serde.TestParquetTimestampsHive2Compatibility" time="0"/>
  <testcase name="testWriteHive4ReadHive4UsingNewConversion(String)[1649]" classname="org.apache.hadoop.hive.ql.io.parquet.serde.TestParquetTimestampsHive2Compatibility" time="0"/>
  <testcase name="testWriteHive4ReadHive4UsingNewConversion(String)[1650]" classname="org.apache.hadoop.hive.ql.io.parquet.serde.TestParquetTimestampsHive2Compatibility" time="0"/>
  <testcase name="testWriteHive4ReadHive4UsingNewConversion(String)[1651]" classname="org.apache.hadoop.hive.ql.io.parquet.serde.TestParquetTimestampsHive2Compatibility" time="0"/>
  <testcase name="testWriteHive4ReadHive4UsingNewConversion(String)[1652]" classname="org.apache.hadoop.hive.ql.io.parquet.serde.TestParquetTimestampsHive2Compatibility" time="0"/>
  <testcase name="testWriteHive4ReadHive4UsingNewConversion(String)[1653]" classname="org.apache.hadoop.hive.ql.io.parquet.serde.TestParquetTimestampsHive2Compatibility" time="0"/>
  <testcase name="testWriteHive4ReadHive4UsingNewConversion(String)[1654]" classname="org.apache.hadoop.hive.ql.io.parquet.serde.TestParquetTimestampsHive2Compatibility" time="0"/>
  <testcase name="testWriteHive4ReadHive4UsingNewConversion(String)[1655]" classname="org.apache.hadoop.hive.ql.io.parquet.serde.TestParquetTimestampsHive2Compatibility" time="0.001"/>
  <testcase name="testWriteHive4ReadHive4UsingNewConversion(String)[1656]" classname="org.apache.hadoop.hive.ql.io.parquet.serde.TestParquetTimestampsHive2Compatibility" time="0"/>
  <testcase name="testWriteHive4ReadHive4UsingNewConversion(String)[1657]" classname="org.apache.hadoop.hive.ql.io.parquet.serde.TestParquetTimestampsHive2Compatibility" time="0"/>
  <testcase name="testWriteHive4ReadHive4UsingNewConversion(String)[1658]" classname="org.apache.hadoop.hive.ql.io.parquet.serde.TestParquetTimestampsHive2Compatibility" time="0"/>
  <testcase name="testWriteHive4ReadHive4UsingNewConversion(String)[1659]" classname="org.apache.hadoop.hive.ql.io.parquet.serde.TestParquetTimestampsHive2Compatibility" time="0"/>
  <testcase name="testWriteHive4ReadHive4UsingNewConversion(String)[1660]" classname="org.apache.hadoop.hive.ql.io.parquet.serde.TestParquetTimestampsHive2Compatibility" time="0"/>
  <testcase name="testWriteHive4ReadHive4UsingNewConversion(String)[1661]" classname="org.apache.hadoop.hive.ql.io.parquet.serde.TestParquetTimestampsHive2Compatibility" time="0"/>
  <testcase name="testWriteHive4ReadHive4UsingNewConversion(String)[1662]" classname="org.apache.hadoop.hive.ql.io.parquet.serde.TestParquetTimestampsHive2Compatibility" time="0"/>
  <testcase name="testWriteHive4ReadHive4UsingNewConversion(String)[1663]" classname="org.apache.hadoop.hive.ql.io.parquet.serde.TestParquetTimestampsHive2Compatibility" time="0"/>
  <testcase name="testWriteHive4ReadHive4UsingNewConversion(String)[1664]" classname="org.apache.hadoop.hive.ql.io.parquet.serde.TestParquetTimestampsHive2Compatibility" time="0"/>
  <testcase name="testWriteHive4ReadHive4UsingNewConversion(String)[1665]" classname="org.apache.hadoop.hive.ql.io.parquet.serde.TestParquetTimestampsHive2Compatibility" time="0"/>
  <testcase name="testWriteHive4ReadHive4UsingNewConversion(String)[1666]" classname="org.apache.hadoop.hive.ql.io.parquet.serde.TestParquetTimestampsHive2Compatibility" time="0"/>
  <testcase name="testWriteHive4ReadHive4UsingNewConversion(String)[1667]" classname="org.apache.hadoop.hive.ql.io.parquet.serde.TestParquetTimestampsHive2Compatibility" time="0"/>
  <testcase name="testWriteHive4ReadHive4UsingNewConversion(String)[1668]" classname="org.apache.hadoop.hive.ql.io.parquet.serde.TestParquetTimestampsHive2Compatibility" time="0"/>
  <testcase name="testWriteHive4ReadHive4UsingNewConversion(String)[1669]" classname="org.apache.hadoop.hive.ql.io.parquet.serde.TestParquetTimestampsHive2Compatibility" time="0"/>
  <testcase name="testWriteHive4ReadHive4UsingNewConversion(String)[1670]" classname="org.apache.hadoop.hive.ql.io.parquet.serde.TestParquetTimestampsHive2Compatibility" time="0"/>
  <testcase name="testWriteHive4ReadHive4UsingNewConversion(String)[1671]" classname="org.apache.hadoop.hive.ql.io.parquet.serde.TestParquetTimestampsHive2Compatibility" time="0.001"/>
  <testcase name="testWriteHive4ReadHive4UsingNewConversion(String)[1672]" classname="org.apache.hadoop.hive.ql.io.parquet.serde.TestParquetTimestampsHive2Compatibility" time="0"/>
  <testcase name="testWriteHive4ReadHive4UsingNewConversion(String)[1673]" classname="org.apache.hadoop.hive.ql.io.parquet.serde.TestParquetTimestampsHive2Compatibility" time="0"/>
  <testcase name="testWriteHive4ReadHive4UsingNewConversion(String)[1674]" classname="org.apache.hadoop.hive.ql.io.parquet.serde.TestParquetTimestampsHive2Compatibility" time="0"/>
  <testcase name="testWriteHive4ReadHive4UsingNewConversion(String)[1675]" classname="org.apache.hadoop.hive.ql.io.parquet.serde.TestParquetTimestampsHive2Compatibility" time="0"/>
  <testcase name="testWriteHive4ReadHive4UsingNewConversion(String)[1676]" classname="org.apache.hadoop.hive.ql.io.parquet.serde.TestParquetTimestampsHive2Compatibility" time="0.001"/>
  <testcase name="testWriteHive4ReadHive4UsingNewConversion(String)[1677]" classname="org.apache.hadoop.hive.ql.io.parquet.serde.TestParquetTimestampsHive2Compatibility" time="0"/>
  <testcase name="testWriteHive4ReadHive4UsingNewConversion(String)[1678]" classname="org.apache.hadoop.hive.ql.io.parquet.serde.TestParquetTimestampsHive2Compatibility" time="0"/>
  <testcase name="testWriteHive4ReadHive4UsingNewConversion(String)[1679]" classname="org.apache.hadoop.hive.ql.io.parquet.serde.TestParquetTimestampsHive2Compatibility" time="0"/>
  <testcase name="testWriteHive4ReadHive4UsingNewConversion(String)[1680]" classname="org.apache.hadoop.hive.ql.io.parquet.serde.TestParquetTimestampsHive2Compatibility" time="0"/>
  <testcase name="testWriteHive4ReadHive4UsingNewConversion(String)[1681]" classname="org.apache.hadoop.hive.ql.io.parquet.serde.TestParquetTimestampsHive2Compatibility" time="0.001"/>
  <testcase name="testWriteHive4ReadHive4UsingNewConversion(String)[1682]" classname="org.apache.hadoop.hive.ql.io.parquet.serde.TestParquetTimestampsHive2Compatibility" time="0"/>
  <testcase name="testWriteHive4ReadHive4UsingNewConversion(String)[1683]" classname="org.apache.hadoop.hive.ql.io.parquet.serde.TestParquetTimestampsHive2Compatibility" time="0"/>
  <testcase name="testWriteHive4ReadHive4UsingNewConversion(String)[1684]" classname="org.apache.hadoop.hive.ql.io.parquet.serde.TestParquetTimestampsHive2Compatibility" time="0"/>
  <testcase name="testWriteHive4ReadHive4UsingNewConversion(String)[1685]" classname="org.apache.hadoop.hive.ql.io.parquet.serde.TestParquetTimestampsHive2Compatibility" time="0"/>
  <testcase name="testWriteHive4ReadHive4UsingNewConversion(String)[1686]" classname="org.apache.hadoop.hive.ql.io.parquet.serde.TestParquetTimestampsHive2Compatibility" time="0"/>
  <testcase name="testWriteHive4ReadHive4UsingNewConversion(String)[1687]" classname="org.apache.hadoop.hive.ql.io.parquet.serde.TestParquetTimestampsHive2Compatibility" time="0"/>
  <testcase name="testWriteHive4ReadHive4UsingNewConversion(String)[1688]" classname="org.apache.hadoop.hive.ql.io.parquet.serde.TestParquetTimestampsHive2Compatibility" time="0"/>
  <testcase name="testWriteHive4ReadHive4UsingNewConversion(String)[1689]" classname="org.apache.hadoop.hive.ql.io.parquet.serde.TestParquetTimestampsHive2Compatibility" time="0"/>
  <testcase name="testWriteHive4ReadHive4UsingNewConversion(String)[1690]" classname="org.apache.hadoop.hive.ql.io.parquet.serde.TestParquetTimestampsHive2Compatibility" time="0"/>
  <testcase name="testWriteHive4ReadHive4UsingNewConversion(String)[1691]" classname="org.apache.hadoop.hive.ql.io.parquet.serde.TestParquetTimestampsHive2Compatibility" time="0"/>
  <testcase name="testWriteHive4ReadHive4UsingNewConversion(String)[1692]" classname="org.apache.hadoop.hive.ql.io.parquet.serde.TestParquetTimestampsHive2Compatibility" time="0"/>
  <testcase name="testWriteHive4ReadHive4UsingNewConversion(String)[1693]" classname="org.apache.hadoop.hive.ql.io.parquet.serde.TestParquetTimestampsHive2Compatibility" time="0"/>
  <testcase name="testWriteHive4ReadHive4UsingNewConversion(String)[1694]" classname="org.apache.hadoop.hive.ql.io.parquet.serde.TestParquetTimestampsHive2Compatibility" time="0"/>
  <testcase name="testWriteHive4ReadHive4UsingNewConversion(String)[1695]" classname="org.apache.hadoop.hive.ql.io.parquet.serde.TestParquetTimestampsHive2Compatibility" time="0"/>
  <testcase name="testWriteHive4ReadHive4UsingNewConversion(String)[1696]" classname="org.apache.hadoop.hive.ql.io.parquet.serde.TestParquetTimestampsHive2Compatibility" time="0"/>
  <testcase name="testWriteHive4ReadHive4UsingNewConversion(String)[1697]" classname="org.apache.hadoop.hive.ql.io.parquet.serde.TestParquetTimestampsHive2Compatibility" time="0.001"/>
  <testcase name="testWriteHive4ReadHive4UsingNewConversion(String)[1698]" classname="org.apache.hadoop.hive.ql.io.parquet.serde.TestParquetTimestampsHive2Compatibility" time="0"/>
  <testcase name="testWriteHive4ReadHive4UsingNewConversion(String)[1699]" classname="org.apache.hadoop.hive.ql.io.parquet.serde.TestParquetTimestampsHive2Compatibility" time="0"/>
  <testcase name="testWriteHive4ReadHive4UsingNewConversion(String)[1700]" classname="org.apache.hadoop.hive.ql.io.parquet.serde.TestParquetTimestampsHive2Compatibility" time="0"/>
  <testcase name="testWriteHive4ReadHive4UsingNewConversion(String)[1701]" classname="org.apache.hadoop.hive.ql.io.parquet.serde.TestParquetTimestampsHive2Compatibility" time="0"/>
  <testcase name="testWriteHive4ReadHive4UsingNewConversion(String)[1702]" classname="org.apache.hadoop.hive.ql.io.parquet.serde.TestParquetTimestampsHive2Compatibility" time="0"/>
  <testcase name="testWriteHive4ReadHive4UsingNewConversion(String)[1703]" classname="org.apache.hadoop.hive.ql.io.parquet.serde.TestParquetTimestampsHive2Compatibility" time="0"/>
  <testcase name="testWriteHive4ReadHive4UsingNewConversion(String)[1704]" classname="org.apache.hadoop.hive.ql.io.parquet.serde.TestParquetTimestampsHive2Compatibility" time="0"/>
  <testcase name="testWriteHive4ReadHive4UsingNewConversion(String)[1705]" classname="org.apache.hadoop.hive.ql.io.parquet.serde.TestParquetTimestampsHive2Compatibility" time="0"/>
  <testcase name="testWriteHive4ReadHive4UsingNewConversion(String)[1706]" classname="org.apache.hadoop.hive.ql.io.parquet.serde.TestParquetTimestampsHive2Compatibility" time="0"/>
  <testcase name="testWriteHive4ReadHive4UsingNewConversion(String)[1707]" classname="org.apache.hadoop.hive.ql.io.parquet.serde.TestParquetTimestampsHive2Compatibility" time="0"/>
  <testcase name="testWriteHive4ReadHive4UsingNewConversion(String)[1708]" classname="org.apache.hadoop.hive.ql.io.parquet.serde.TestParquetTimestampsHive2Compatibility" time="0.001"/>
  <testcase name="testWriteHive4ReadHive4UsingNewConversion(String)[1709]" classname="org.apache.hadoop.hive.ql.io.parquet.serde.TestParquetTimestampsHive2Compatibility" time="0"/>
  <testcase name="testWriteHive4ReadHive4UsingNewConversion(String)[1710]" classname="org.apache.hadoop.hive.ql.io.parquet.serde.TestParquetTimestampsHive2Compatibility" time="0"/>
  <testcase name="testWriteHive4ReadHive4UsingNewConversion(String)[1711]" classname="org.apache.hadoop.hive.ql.io.parquet.serde.TestParquetTimestampsHive2Compatibility" time="0"/>
  <testcase name="testWriteHive4ReadHive4UsingNewConversion(String)[1712]" classname="org.apache.hadoop.hive.ql.io.parquet.serde.TestParquetTimestampsHive2Compatibility" time="0"/>
  <testcase name="testWriteHive4ReadHive4UsingNewConversion(String)[1713]" classname="org.apache.hadoop.hive.ql.io.parquet.serde.TestParquetTimestampsHive2Compatibility" time="0"/>
  <testcase name="testWriteHive4ReadHive4UsingNewConversion(String)[1714]" classname="org.apache.hadoop.hive.ql.io.parquet.serde.TestParquetTimestampsHive2Compatibility" time="0"/>
  <testcase name="testWriteHive4ReadHive4UsingNewConversion(String)[1715]" classname="org.apache.hadoop.hive.ql.io.parquet.serde.TestParquetTimestampsHive2Compatibility" time="0"/>
  <testcase name="testWriteHive4ReadHive4UsingNewConversion(String)[1716]" classname="org.apache.hadoop.hive.ql.io.parquet.serde.TestParquetTimestampsHive2Compatibility" time="0"/>
  <testcase name="testWriteHive4ReadHive4UsingNewConversion(String)[1717]" classname="org.apache.hadoop.hive.ql.io.parquet.serde.TestParquetTimestampsHive2Compatibility" time="0"/>
  <testcase name="testWriteHive4ReadHive4UsingNewConversion(String)[1718]" classname="org.apache.hadoop.hive.ql.io.parquet.serde.TestParquetTimestampsHive2Compatibility" time="0"/>
  <testcase name="testWriteHive4ReadHive4UsingNewConversion(String)[1719]" classname="org.apache.hadoop.hive.ql.io.parquet.serde.TestParquetTimestampsHive2Compatibility" time="0.001"/>
  <testcase name="testWriteHive4ReadHive4UsingNewConversion(String)[1720]" classname="org.apache.hadoop.hive.ql.io.parquet.serde.TestParquetTimestampsHive2Compatibility" time="0"/>
  <testcase name="testWriteHive4ReadHive4UsingNewConversion(String)[1721]" classname="org.apache.hadoop.hive.ql.io.parquet.serde.TestParquetTimestampsHive2Compatibility" time="0"/>
  <testcase name="testWriteHive4ReadHive4UsingNewConversion(String)[1722]" classname="org.apache.hadoop.hive.ql.io.parquet.serde.TestParquetTimestampsHive2Compatibility" time="0"/>
  <testcase name="testWriteHive4ReadHive4UsingNewConversion(String)[1723]" classname="org.apache.hadoop.hive.ql.io.parquet.serde.TestParquetTimestampsHive2Compatibility" time="0"/>
  <testcase name="testWriteHive4ReadHive4UsingNewConversion(String)[1724]" classname="org.apache.hadoop.hive.ql.io.parquet.serde.TestParquetTimestampsHive2Compatibility" time="0"/>
  <testcase name="testWriteHive4ReadHive4UsingNewConversion(String)[1725]" classname="org.apache.hadoop.hive.ql.io.parquet.serde.TestParquetTimestampsHive2Compatibility" time="0"/>
  <testcase name="testWriteHive4ReadHive4UsingNewConversion(String)[1726]" classname="org.apache.hadoop.hive.ql.io.parquet.serde.TestParquetTimestampsHive2Compatibility" time="0"/>
  <testcase name="testWriteHive4ReadHive4UsingNewConversion(String)[1727]" classname="org.apache.hadoop.hive.ql.io.parquet.serde.TestParquetTimestampsHive2Compatibility" time="0"/>
  <testcase name="testWriteHive4ReadHive4UsingNewConversion(String)[1728]" classname="org.apache.hadoop.hive.ql.io.parquet.serde.TestParquetTimestampsHive2Compatibility" time="0"/>
  <testcase name="testWriteHive4ReadHive4UsingNewConversion(String)[1729]" classname="org.apache.hadoop.hive.ql.io.parquet.serde.TestParquetTimestampsHive2Compatibility" time="0"/>
  <testcase name="testWriteHive4ReadHive4UsingNewConversion(String)[1730]" classname="org.apache.hadoop.hive.ql.io.parquet.serde.TestParquetTimestampsHive2Compatibility" time="0.001"/>
  <testcase name="testWriteHive4ReadHive4UsingNewConversion(String)[1731]" classname="org.apache.hadoop.hive.ql.io.parquet.serde.TestParquetTimestampsHive2Compatibility" time="0"/>
  <testcase name="testWriteHive4ReadHive4UsingNewConversion(String)[1732]" classname="org.apache.hadoop.hive.ql.io.parquet.serde.TestParquetTimestampsHive2Compatibility" time="0"/>
  <testcase name="testWriteHive4ReadHive4UsingNewConversion(String)[1733]" classname="org.apache.hadoop.hive.ql.io.parquet.serde.TestParquetTimestampsHive2Compatibility" time="0"/>
  <testcase name="testWriteHive4ReadHive4UsingNewConversion(String)[1734]" classname="org.apache.hadoop.hive.ql.io.parquet.serde.TestParquetTimestampsHive2Compatibility" time="0"/>
  <testcase name="testWriteHive4ReadHive4UsingNewConversion(String)[1735]" classname="org.apache.hadoop.hive.ql.io.parquet.serde.TestParquetTimestampsHive2Compatibility" time="0"/>
  <testcase name="testWriteHive4ReadHive4UsingNewConversion(String)[1736]" classname="org.apache.hadoop.hive.ql.io.parquet.serde.TestParquetTimestampsHive2Compatibility" time="0"/>
  <testcase name="testWriteHive4ReadHive4UsingNewConversion(String)[1737]" classname="org.apache.hadoop.hive.ql.io.parquet.serde.TestParquetTimestampsHive2Compatibility" time="0"/>
  <testcase name="testWriteHive4ReadHive4UsingNewConversion(String)[1738]" classname="org.apache.hadoop.hive.ql.io.parquet.serde.TestParquetTimestampsHive2Compatibility" time="0"/>
  <testcase name="testWriteHive4ReadHive4UsingNewConversion(String)[1739]" classname="org.apache.hadoop.hive.ql.io.parquet.serde.TestParquetTimestampsHive2Compatibility" time="0"/>
  <testcase name="testWriteHive4ReadHive4UsingNewConversion(String)[1740]" classname="org.apache.hadoop.hive.ql.io.parquet.serde.TestParquetTimestampsHive2Compatibility" time="0"/>
  <testcase name="testWriteHive4ReadHive4UsingNewConversion(String)[1741]" classname="org.apache.hadoop.hive.ql.io.parquet.serde.TestParquetTimestampsHive2Compatibility" time="0.001"/>
  <testcase name="testWriteHive4ReadHive4UsingNewConversion(String)[1742]" classname="org.apache.hadoop.hive.ql.io.parquet.serde.TestParquetTimestampsHive2Compatibility" time="0"/>
  <testcase name="testWriteHive4ReadHive4UsingNewConversion(String)[1743]" classname="org.apache.hadoop.hive.ql.io.parquet.serde.TestParquetTimestampsHive2Compatibility" time="0"/>
  <testcase name="testWriteHive4ReadHive4UsingNewConversion(String)[1744]" classname="org.apache.hadoop.hive.ql.io.parquet.serde.TestParquetTimestampsHive2Compatibility" time="0"/>
  <testcase name="testWriteHive4ReadHive4UsingNewConversion(String)[1745]" classname="org.apache.hadoop.hive.ql.io.parquet.serde.TestParquetTimestampsHive2Compatibility" time="0"/>
  <testcase name="testWriteHive4ReadHive4UsingNewConversion(String)[1746]" classname="org.apache.hadoop.hive.ql.io.parquet.serde.TestParquetTimestampsHive2Compatibility" time="0.001"/>
  <testcase name="testWriteHive4ReadHive4UsingNewConversion(String)[1747]" classname="org.apache.hadoop.hive.ql.io.parquet.serde.TestParquetTimestampsHive2Compatibility" time="0"/>
  <testcase name="testWriteHive4ReadHive4UsingNewConversion(String)[1748]" classname="org.apache.hadoop.hive.ql.io.parquet.serde.TestParquetTimestampsHive2Compatibility" time="0"/>
  <testcase name="testWriteHive4ReadHive4UsingNewConversion(String)[1749]" classname="org.apache.hadoop.hive.ql.io.parquet.serde.TestParquetTimestampsHive2Compatibility" time="0"/>
  <testcase name="testWriteHive4ReadHive4UsingNewConversion(String)[1750]" classname="org.apache.hadoop.hive.ql.io.parquet.serde.TestParquetTimestampsHive2Compatibility" time="0"/>
  <testcase name="testWriteHive4ReadHive4UsingNewConversion(String)[1751]" classname="org.apache.hadoop.hive.ql.io.parquet.serde.TestParquetTimestampsHive2Compatibility" time="0"/>
  <testcase name="testWriteHive4ReadHive4UsingNewConversion(String)[1752]" classname="org.apache.hadoop.hive.ql.io.parquet.serde.TestParquetTimestampsHive2Compatibility" time="0"/>
  <testcase name="testWriteHive4ReadHive4UsingNewConversion(String)[1753]" classname="org.apache.hadoop.hive.ql.io.parquet.serde.TestParquetTimestampsHive2Compatibility" time="0"/>
  <testcase name="testWriteHive4ReadHive4UsingNewConversion(String)[1754]" classname="org.apache.hadoop.hive.ql.io.parquet.serde.TestParquetTimestampsHive2Compatibility" time="0"/>
  <testcase name="testWriteHive4ReadHive4UsingNewConversion(String)[1755]" classname="org.apache.hadoop.hive.ql.io.parquet.serde.TestParquetTimestampsHive2Compatibility" time="0"/>
  <testcase name="testWriteHive4ReadHive4UsingNewConversion(String)[1756]" classname="org.apache.hadoop.hive.ql.io.parquet.serde.TestParquetTimestampsHive2Compatibility" time="0"/>
  <testcase name="testWriteHive4ReadHive4UsingNewConversion(String)[1757]" classname="org.apache.hadoop.hive.ql.io.parquet.serde.TestParquetTimestampsHive2Compatibility" time="0.001"/>
  <testcase name="testWriteHive4ReadHive4UsingNewConversion(String)[1758]" classname="org.apache.hadoop.hive.ql.io.parquet.serde.TestParquetTimestampsHive2Compatibility" time="0"/>
  <testcase name="testWriteHive4ReadHive4UsingNewConversion(String)[1759]" classname="org.apache.hadoop.hive.ql.io.parquet.serde.TestParquetTimestampsHive2Compatibility" time="0"/>
  <testcase name="testWriteHive4ReadHive4UsingNewConversion(String)[1760]" classname="org.apache.hadoop.hive.ql.io.parquet.serde.TestParquetTimestampsHive2Compatibility" time="0"/>
  <testcase name="testWriteHive4ReadHive4UsingNewConversion(String)[1761]" classname="org.apache.hadoop.hive.ql.io.parquet.serde.TestParquetTimestampsHive2Compatibility" time="0"/>
  <testcase name="testWriteHive4ReadHive4UsingNewConversion(String)[1762]" classname="org.apache.hadoop.hive.ql.io.parquet.serde.TestParquetTimestampsHive2Compatibility" time="0"/>
  <testcase name="testWriteHive4ReadHive4UsingNewConversion(String)[1763]" classname="org.apache.hadoop.hive.ql.io.parquet.serde.TestParquetTimestampsHive2Compatibility" time="0.001"/>
  <testcase name="testWriteHive4ReadHive4UsingNewConversion(String)[1764]" classname="org.apache.hadoop.hive.ql.io.parquet.serde.TestParquetTimestampsHive2Compatibility" time="0"/>
  <testcase name="testWriteHive4ReadHive4UsingNewConversion(String)[1765]" classname="org.apache.hadoop.hive.ql.io.parquet.serde.TestParquetTimestampsHive2Compatibility" time="0"/>
  <testcase name="testWriteHive4ReadHive4UsingNewConversion(String)[1766]" classname="org.apache.hadoop.hive.ql.io.parquet.serde.TestParquetTimestampsHive2Compatibility" time="0"/>
  <testcase name="testWriteHive4ReadHive4UsingNewConversion(String)[1767]" classname="org.apache.hadoop.hive.ql.io.parquet.serde.TestParquetTimestampsHive2Compatibility" time="0"/>
  <testcase name="testWriteHive4ReadHive4UsingNewConversion(String)[1768]" classname="org.apache.hadoop.hive.ql.io.parquet.serde.TestParquetTimestampsHive2Compatibility" time="0.001"/>
  <testcase name="testWriteHive4ReadHive4UsingNewConversion(String)[1769]" classname="org.apache.hadoop.hive.ql.io.parquet.serde.TestParquetTimestampsHive2Compatibility" time="0"/>
  <testcase name="testWriteHive4ReadHive4UsingNewConversion(String)[1770]" classname="org.apache.hadoop.hive.ql.io.parquet.serde.TestParquetTimestampsHive2Compatibility" time="0"/>
  <testcase name="testWriteHive4ReadHive4UsingNewConversion(String)[1771]" classname="org.apache.hadoop.hive.ql.io.parquet.serde.TestParquetTimestampsHive2Compatibility" time="0"/>
  <testcase name="testWriteHive4ReadHive4UsingNewConversion(String)[1772]" classname="org.apache.hadoop.hive.ql.io.parquet.serde.TestParquetTimestampsHive2Compatibility" time="0"/>
  <testcase name="testWriteHive4ReadHive4UsingNewConversion(String)[1773]" classname="org.apache.hadoop.hive.ql.io.parquet.serde.TestParquetTimestampsHive2Compatibility" time="0"/>
  <testcase name="testWriteHive4ReadHive4UsingNewConversion(String)[1774]" classname="org.apache.hadoop.hive.ql.io.parquet.serde.TestParquetTimestampsHive2Compatibility" time="0"/>
  <testcase name="testWriteHive4ReadHive4UsingNewConversion(String)[1775]" classname="org.apache.hadoop.hive.ql.io.parquet.serde.TestParquetTimestampsHive2Compatibility" time="0"/>
  <testcase name="testWriteHive4ReadHive4UsingNewConversion(String)[1776]" classname="org.apache.hadoop.hive.ql.io.parquet.serde.TestParquetTimestampsHive2Compatibility" time="0"/>
  <testcase name="testWriteHive4ReadHive4UsingNewConversion(String)[1777]" classname="org.apache.hadoop.hive.ql.io.parquet.serde.TestParquetTimestampsHive2Compatibility" time="0"/>
  <testcase name="testWriteHive4ReadHive4UsingNewConversion(String)[1778]" classname="org.apache.hadoop.hive.ql.io.parquet.serde.TestParquetTimestampsHive2Compatibility" time="0"/>
  <testcase name="testWriteHive4ReadHive4UsingNewConversion(String)[1779]" classname="org.apache.hadoop.hive.ql.io.parquet.serde.TestParquetTimestampsHive2Compatibility" time="0"/>
  <testcase name="testWriteHive4ReadHive4UsingNewConversion(String)[1780]" classname="org.apache.hadoop.hive.ql.io.parquet.serde.TestParquetTimestampsHive2Compatibility" time="0"/>
  <testcase name="testWriteHive4ReadHive4UsingNewConversion(String)[1781]" classname="org.apache.hadoop.hive.ql.io.parquet.serde.TestParquetTimestampsHive2Compatibility" time="0"/>
  <testcase name="testWriteHive4ReadHive4UsingNewConversion(String)[1782]" classname="org.apache.hadoop.hive.ql.io.parquet.serde.TestParquetTimestampsHive2Compatibility" time="0"/>
  <testcase name="testWriteHive4ReadHive4UsingNewConversion(String)[1783]" classname="org.apache.hadoop.hive.ql.io.parquet.serde.TestParquetTimestampsHive2Compatibility" time="0"/>
  <testcase name="testWriteHive4ReadHive4UsingNewConversion(String)[1784]" classname="org.apache.hadoop.hive.ql.io.parquet.serde.TestParquetTimestampsHive2Compatibility" time="0.001"/>
  <testcase name="testWriteHive4ReadHive4UsingNewConversion(String)[1785]" classname="org.apache.hadoop.hive.ql.io.parquet.serde.TestParquetTimestampsHive2Compatibility" time="0"/>
  <testcase name="testWriteHive4ReadHive4UsingNewConversion(String)[1786]" classname="org.apache.hadoop.hive.ql.io.parquet.serde.TestParquetTimestampsHive2Compatibility" time="0"/>
  <testcase name="testWriteHive4ReadHive4UsingNewConversion(String)[1787]" classname="org.apache.hadoop.hive.ql.io.parquet.serde.TestParquetTimestampsHive2Compatibility" time="0"/>
  <testcase name="testWriteHive4ReadHive4UsingNewConversion(String)[1788]" classname="org.apache.hadoop.hive.ql.io.parquet.serde.TestParquetTimestampsHive2Compatibility" time="0"/>
  <testcase name="testWriteHive4ReadHive4UsingNewConversion(String)[1789]" classname="org.apache.hadoop.hive.ql.io.parquet.serde.TestParquetTimestampsHive2Compatibility" time="0"/>
  <testcase name="testWriteHive4ReadHive4UsingNewConversion(String)[1790]" classname="org.apache.hadoop.hive.ql.io.parquet.serde.TestParquetTimestampsHive2Compatibility" time="0"/>
  <testcase name="testWriteHive4ReadHive4UsingNewConversion(String)[1791]" classname="org.apache.hadoop.hive.ql.io.parquet.serde.TestParquetTimestampsHive2Compatibility" time="0"/>
  <testcase name="testWriteHive4ReadHive4UsingNewConversion(String)[1792]" classname="org.apache.hadoop.hive.ql.io.parquet.serde.TestParquetTimestampsHive2Compatibility" time="0"/>
  <testcase name="testWriteHive4ReadHive4UsingNewConversion(String)[1793]" classname="org.apache.hadoop.hive.ql.io.parquet.serde.TestParquetTimestampsHive2Compatibility" time="0"/>
  <testcase name="testWriteHive4ReadHive4UsingNewConversion(String)[1794]" classname="org.apache.hadoop.hive.ql.io.parquet.serde.TestParquetTimestampsHive2Compatibility" time="0"/>
  <testcase name="testWriteHive4ReadHive4UsingNewConversion(String)[1795]" classname="org.apache.hadoop.hive.ql.io.parquet.serde.TestParquetTimestampsHive2Compatibility" time="0.001"/>
  <testcase name="testWriteHive4ReadHive4UsingNewConversion(String)[1796]" classname="org.apache.hadoop.hive.ql.io.parquet.serde.TestParquetTimestampsHive2Compatibility" time="0"/>
  <testcase name="testWriteHive4ReadHive4UsingNewConversion(String)[1797]" classname="org.apache.hadoop.hive.ql.io.parquet.serde.TestParquetTimestampsHive2Compatibility" time="0"/>
  <testcase name="testWriteHive4ReadHive4UsingNewConversion(String)[1798]" classname="org.apache.hadoop.hive.ql.io.parquet.serde.TestParquetTimestampsHive2Compatibility" time="0"/>
  <testcase name="testWriteHive4ReadHive4UsingNewConversion(String)[1799]" classname="org.apache.hadoop.hive.ql.io.parquet.serde.TestParquetTimestampsHive2Compatibility" time="0"/>
  <testcase name="testWriteHive4ReadHive4UsingNewConversion(String)[1800]" classname="org.apache.hadoop.hive.ql.io.parquet.serde.TestParquetTimestampsHive2Compatibility" time="0"/>
  <testcase name="testWriteHive4ReadHive4UsingNewConversion(String)[1801]" classname="org.apache.hadoop.hive.ql.io.parquet.serde.TestParquetTimestampsHive2Compatibility" time="0"/>
  <testcase name="testWriteHive4ReadHive4UsingNewConversion(String)[1802]" classname="org.apache.hadoop.hive.ql.io.parquet.serde.TestParquetTimestampsHive2Compatibility" time="0"/>
  <testcase name="testWriteHive4ReadHive4UsingNewConversion(String)[1803]" classname="org.apache.hadoop.hive.ql.io.parquet.serde.TestParquetTimestampsHive2Compatibility" time="0"/>
  <testcase name="testWriteHive4ReadHive4UsingNewConversion(String)[1804]" classname="org.apache.hadoop.hive.ql.io.parquet.serde.TestParquetTimestampsHive2Compatibility" time="0"/>
  <testcase name="testWriteHive4ReadHive4UsingNewConversion(String)[1805]" classname="org.apache.hadoop.hive.ql.io.parquet.serde.TestParquetTimestampsHive2Compatibility" time="0"/>
  <testcase name="testWriteHive4ReadHive4UsingNewConversion(String)[1806]" classname="org.apache.hadoop.hive.ql.io.parquet.serde.TestParquetTimestampsHive2Compatibility" time="0.001"/>
  <testcase name="testWriteHive4ReadHive4UsingNewConversion(String)[1807]" classname="org.apache.hadoop.hive.ql.io.parquet.serde.TestParquetTimestampsHive2Compatibility" time="0"/>
  <testcase name="testWriteHive4ReadHive4UsingNewConversion(String)[1808]" classname="org.apache.hadoop.hive.ql.io.parquet.serde.TestParquetTimestampsHive2Compatibility" time="0"/>
  <testcase name="testWriteHive4ReadHive4UsingNewConversion(String)[1809]" classname="org.apache.hadoop.hive.ql.io.parquet.serde.TestParquetTimestampsHive2Compatibility" time="0"/>
  <testcase name="testWriteHive4ReadHive4UsingNewConversion(String)[1810]" classname="org.apache.hadoop.hive.ql.io.parquet.serde.TestParquetTimestampsHive2Compatibility" time="0"/>
  <testcase name="testWriteHive4ReadHive4UsingNewConversion(String)[1811]" classname="org.apache.hadoop.hive.ql.io.parquet.serde.TestParquetTimestampsHive2Compatibility" time="0"/>
  <testcase name="testWriteHive4ReadHive4UsingNewConversion(String)[1812]" classname="org.apache.hadoop.hive.ql.io.parquet.serde.TestParquetTimestampsHive2Compatibility" time="0"/>
  <testcase name="testWriteHive4ReadHive4UsingNewConversion(String)[1813]" classname="org.apache.hadoop.hive.ql.io.parquet.serde.TestParquetTimestampsHive2Compatibility" time="0"/>
  <testcase name="testWriteHive4ReadHive4UsingNewConversion(String)[1814]" classname="org.apache.hadoop.hive.ql.io.parquet.serde.TestParquetTimestampsHive2Compatibility" time="0"/>
  <testcase name="testWriteHive4ReadHive4UsingNewConversion(String)[1815]" classname="org.apache.hadoop.hive.ql.io.parquet.serde.TestParquetTimestampsHive2Compatibility" time="0"/>
  <testcase name="testWriteHive4ReadHive4UsingNewConversion(String)[1816]" classname="org.apache.hadoop.hive.ql.io.parquet.serde.TestParquetTimestampsHive2Compatibility" time="0"/>
  <testcase name="testWriteHive4ReadHive4UsingNewConversion(String)[1817]" classname="org.apache.hadoop.hive.ql.io.parquet.serde.TestParquetTimestampsHive2Compatibility" time="0.001"/>
  <testcase name="testWriteHive4ReadHive4UsingNewConversion(String)[1818]" classname="org.apache.hadoop.hive.ql.io.parquet.serde.TestParquetTimestampsHive2Compatibility" time="0"/>
  <testcase name="testWriteHive4ReadHive4UsingNewConversion(String)[1819]" classname="org.apache.hadoop.hive.ql.io.parquet.serde.TestParquetTimestampsHive2Compatibility" time="0"/>
  <testcase name="testWriteHive4ReadHive4UsingNewConversion(String)[1820]" classname="org.apache.hadoop.hive.ql.io.parquet.serde.TestParquetTimestampsHive2Compatibility" time="0"/>
  <testcase name="testWriteHive4ReadHive4UsingNewConversion(String)[1821]" classname="org.apache.hadoop.hive.ql.io.parquet.serde.TestParquetTimestampsHive2Compatibility" time="0"/>
  <testcase name="testWriteHive4ReadHive4UsingNewConversion(String)[1822]" classname="org.apache.hadoop.hive.ql.io.parquet.serde.TestParquetTimestampsHive2Compatibility" time="0"/>
  <testcase name="testWriteHive4ReadHive4UsingNewConversion(String)[1823]" classname="org.apache.hadoop.hive.ql.io.parquet.serde.TestParquetTimestampsHive2Compatibility" time="0"/>
  <testcase name="testWriteHive4ReadHive4UsingNewConversion(String)[1824]" classname="org.apache.hadoop.hive.ql.io.parquet.serde.TestParquetTimestampsHive2Compatibility" time="0"/>
  <testcase name="testWriteHive4ReadHive4UsingNewConversion(String)[1825]" classname="org.apache.hadoop.hive.ql.io.parquet.serde.TestParquetTimestampsHive2Compatibility" time="0"/>
  <testcase name="testWriteHive4ReadHive4UsingNewConversion(String)[1826]" classname="org.apache.hadoop.hive.ql.io.parquet.serde.TestParquetTimestampsHive2Compatibility" time="0"/>
  <testcase name="testWriteHive4ReadHive4UsingNewConversion(String)[1827]" classname="org.apache.hadoop.hive.ql.io.parquet.serde.TestParquetTimestampsHive2Compatibility" time="0"/>
  <testcase name="testWriteHive4ReadHive4UsingNewConversion(String)[1828]" classname="org.apache.hadoop.hive.ql.io.parquet.serde.TestParquetTimestampsHive2Compatibility" time="0.001"/>
  <testcase name="testWriteHive4ReadHive4UsingNewConversion(String)[1829]" classname="org.apache.hadoop.hive.ql.io.parquet.serde.TestParquetTimestampsHive2Compatibility" time="0"/>
  <testcase name="testWriteHive4ReadHive4UsingNewConversion(String)[1830]" classname="org.apache.hadoop.hive.ql.io.parquet.serde.TestParquetTimestampsHive2Compatibility" time="0"/>
  <testcase name="testWriteHive4ReadHive4UsingNewConversion(String)[1831]" classname="org.apache.hadoop.hive.ql.io.parquet.serde.TestParquetTimestampsHive2Compatibility" time="0"/>
  <testcase name="testWriteHive4ReadHive4UsingNewConversion(String)[1832]" classname="org.apache.hadoop.hive.ql.io.parquet.serde.TestParquetTimestampsHive2Compatibility" time="0"/>
  <testcase name="testWriteHive4ReadHive4UsingNewConversion(String)[1833]" classname="org.apache.hadoop.hive.ql.io.parquet.serde.TestParquetTimestampsHive2Compatibility" time="0"/>
  <testcase name="testWriteHive4ReadHive4UsingNewConversion(String)[1834]" classname="org.apache.hadoop.hive.ql.io.parquet.serde.TestParquetTimestampsHive2Compatibility" time="0"/>
  <testcase name="testWriteHive4ReadHive4UsingNewConversion(String)[1835]" classname="org.apache.hadoop.hive.ql.io.parquet.serde.TestParquetTimestampsHive2Compatibility" time="0"/>
  <testcase name="testWriteHive4ReadHive4UsingNewConversion(String)[1836]" classname="org.apache.hadoop.hive.ql.io.parquet.serde.TestParquetTimestampsHive2Compatibility" time="0"/>
  <testcase name="testWriteHive4ReadHive4UsingNewConversion(String)[1837]" classname="org.apache.hadoop.hive.ql.io.parquet.serde.TestParquetTimestampsHive2Compatibility" time="0"/>
  <testcase name="testWriteHive4ReadHive4UsingNewConversion(String)[1838]" classname="org.apache.hadoop.hive.ql.io.parquet.serde.TestParquetTimestampsHive2Compatibility" time="0"/>
  <testcase name="testWriteHive4ReadHive4UsingNewConversion(String)[1839]" classname="org.apache.hadoop.hive.ql.io.parquet.serde.TestParquetTimestampsHive2Compatibility" time="0.001"/>
  <testcase name="testWriteHive4ReadHive4UsingNewConversion(String)[1840]" classname="org.apache.hadoop.hive.ql.io.parquet.serde.TestParquetTimestampsHive2Compatibility" time="0"/>
  <testcase name="testWriteHive4ReadHive4UsingNewConversion(String)[1841]" classname="org.apache.hadoop.hive.ql.io.parquet.serde.TestParquetTimestampsHive2Compatibility" time="0"/>
  <testcase name="testWriteHive4ReadHive4UsingNewConversion(String)[1842]" classname="org.apache.hadoop.hive.ql.io.parquet.serde.TestParquetTimestampsHive2Compatibility" time="0"/>
  <testcase name="testWriteHive4ReadHive4UsingNewConversion(String)[1843]" classname="org.apache.hadoop.hive.ql.io.parquet.serde.TestParquetTimestampsHive2Compatibility" time="0"/>
  <testcase name="testWriteHive4ReadHive4UsingNewConversion(String)[1844]" classname="org.apache.hadoop.hive.ql.io.parquet.serde.TestParquetTimestampsHive2Compatibility" time="0"/>
  <testcase name="testWriteHive4ReadHive4UsingNewConversion(String)[1845]" classname="org.apache.hadoop.hive.ql.io.parquet.serde.TestParquetTimestampsHive2Compatibility" time="0"/>
  <testcase name="testWriteHive4ReadHive4UsingNewConversion(String)[1846]" classname="org.apache.hadoop.hive.ql.io.parquet.serde.TestParquetTimestampsHive2Compatibility" time="0"/>
  <testcase name="testWriteHive4ReadHive4UsingNewConversion(String)[1847]" classname="org.apache.hadoop.hive.ql.io.parquet.serde.TestParquetTimestampsHive2Compatibility" time="0"/>
  <testcase name="testWriteHive4ReadHive4UsingNewConversion(String)[1848]" classname="org.apache.hadoop.hive.ql.io.parquet.serde.TestParquetTimestampsHive2Compatibility" time="0"/>
  <testcase name="testWriteHive4ReadHive4UsingNewConversion(String)[1849]" classname="org.apache.hadoop.hive.ql.io.parquet.serde.TestParquetTimestampsHive2Compatibility" time="0"/>
  <testcase name="testWriteHive4ReadHive4UsingNewConversion(String)[1850]" classname="org.apache.hadoop.hive.ql.io.parquet.serde.TestParquetTimestampsHive2Compatibility" time="0.001"/>
  <testcase name="testWriteHive4ReadHive4UsingNewConversion(String)[1851]" classname="org.apache.hadoop.hive.ql.io.parquet.serde.TestParquetTimestampsHive2Compatibility" time="0"/>
  <testcase name="testWriteHive4ReadHive4UsingNewConversion(String)[1852]" classname="org.apache.hadoop.hive.ql.io.parquet.serde.TestParquetTimestampsHive2Compatibility" time="0"/>
  <testcase name="testWriteHive4ReadHive4UsingNewConversion(String)[1853]" classname="org.apache.hadoop.hive.ql.io.parquet.serde.TestParquetTimestampsHive2Compatibility" time="0"/>
  <testcase name="testWriteHive4ReadHive4UsingNewConversion(String)[1854]" classname="org.apache.hadoop.hive.ql.io.parquet.serde.TestParquetTimestampsHive2Compatibility" time="0"/>
  <testcase name="testWriteHive4ReadHive4UsingNewConversion(String)[1855]" classname="org.apache.hadoop.hive.ql.io.parquet.serde.TestParquetTimestampsHive2Compatibility" time="0"/>
  <testcase name="testWriteHive4ReadHive4UsingNewConversion(String)[1856]" classname="org.apache.hadoop.hive.ql.io.parquet.serde.TestParquetTimestampsHive2Compatibility" time="0"/>
  <testcase name="testWriteHive4ReadHive4UsingNewConversion(String)[1857]" classname="org.apache.hadoop.hive.ql.io.parquet.serde.TestParquetTimestampsHive2Compatibility" time="0"/>
  <testcase name="testWriteHive4ReadHive4UsingNewConversion(String)[1858]" classname="org.apache.hadoop.hive.ql.io.parquet.serde.TestParquetTimestampsHive2Compatibility" time="0"/>
  <testcase name="testWriteHive4ReadHive4UsingNewConversion(String)[1859]" classname="org.apache.hadoop.hive.ql.io.parquet.serde.TestParquetTimestampsHive2Compatibility" time="0"/>
  <testcase name="testWriteHive4ReadHive4UsingNewConversion(String)[1860]" classname="org.apache.hadoop.hive.ql.io.parquet.serde.TestParquetTimestampsHive2Compatibility" time="0"/>
  <testcase name="testWriteHive4ReadHive4UsingNewConversion(String)[1861]" classname="org.apache.hadoop.hive.ql.io.parquet.serde.TestParquetTimestampsHive2Compatibility" time="0.001"/>
  <testcase name="testWriteHive4ReadHive4UsingNewConversion(String)[1862]" classname="org.apache.hadoop.hive.ql.io.parquet.serde.TestParquetTimestampsHive2Compatibility" time="0"/>
  <testcase name="testWriteHive4ReadHive4UsingNewConversion(String)[1863]" classname="org.apache.hadoop.hive.ql.io.parquet.serde.TestParquetTimestampsHive2Compatibility" time="0"/>
  <testcase name="testWriteHive4ReadHive4UsingNewConversion(String)[1864]" classname="org.apache.hadoop.hive.ql.io.parquet.serde.TestParquetTimestampsHive2Compatibility" time="0"/>
  <testcase name="testWriteHive4ReadHive4UsingNewConversion(String)[1865]" classname="org.apache.hadoop.hive.ql.io.parquet.serde.TestParquetTimestampsHive2Compatibility" time="0"/>
  <testcase name="testWriteHive4ReadHive4UsingNewConversion(String)[1866]" classname="org.apache.hadoop.hive.ql.io.parquet.serde.TestParquetTimestampsHive2Compatibility" time="0.001"/>
  <testcase name="testWriteHive4ReadHive4UsingNewConversion(String)[1867]" classname="org.apache.hadoop.hive.ql.io.parquet.serde.TestParquetTimestampsHive2Compatibility" time="0"/>
  <testcase name="testWriteHive4ReadHive4UsingNewConversion(String)[1868]" classname="org.apache.hadoop.hive.ql.io.parquet.serde.TestParquetTimestampsHive2Compatibility" time="0"/>
  <testcase name="testWriteHive4ReadHive4UsingNewConversion(String)[1869]" classname="org.apache.hadoop.hive.ql.io.parquet.serde.TestParquetTimestampsHive2Compatibility" time="0"/>
  <testcase name="testWriteHive4ReadHive4UsingNewConversion(String)[1870]" classname="org.apache.hadoop.hive.ql.io.parquet.serde.TestParquetTimestampsHive2Compatibility" time="0"/>
  <testcase name="testWriteHive4ReadHive4UsingNewConversion(String)[1871]" classname="org.apache.hadoop.hive.ql.io.parquet.serde.TestParquetTimestampsHive2Compatibility" time="0"/>
  <testcase name="testWriteHive4ReadHive4UsingNewConversion(String)[1872]" classname="org.apache.hadoop.hive.ql.io.parquet.serde.TestParquetTimestampsHive2Compatibility" time="0"/>
  <testcase name="testWriteHive4ReadHive4UsingNewConversion(String)[1873]" classname="org.apache.hadoop.hive.ql.io.parquet.serde.TestParquetTimestampsHive2Compatibility" time="0"/>
  <testcase name="testWriteHive4ReadHive4UsingNewConversion(String)[1874]" classname="org.apache.hadoop.hive.ql.io.parquet.serde.TestParquetTimestampsHive2Compatibility" time="0"/>
  <testcase name="testWriteHive4ReadHive4UsingNewConversion(String)[1875]" classname="org.apache.hadoop.hive.ql.io.parquet.serde.TestParquetTimestampsHive2Compatibility" time="0"/>
  <testcase name="testWriteHive4ReadHive4UsingNewConversion(String)[1876]" classname="org.apache.hadoop.hive.ql.io.parquet.serde.TestParquetTimestampsHive2Compatibility" time="0"/>
  <testcase name="testWriteHive4ReadHive4UsingNewConversion(String)[1877]" classname="org.apache.hadoop.hive.ql.io.parquet.serde.TestParquetTimestampsHive2Compatibility" time="0.001"/>
  <testcase name="testWriteHive4ReadHive4UsingNewConversion(String)[1878]" classname="org.apache.hadoop.hive.ql.io.parquet.serde.TestParquetTimestampsHive2Compatibility" time="0"/>
  <testcase name="testWriteHive4ReadHive4UsingNewConversion(String)[1879]" classname="org.apache.hadoop.hive.ql.io.parquet.serde.TestParquetTimestampsHive2Compatibility" time="0"/>
  <testcase name="testWriteHive4ReadHive4UsingNewConversion(String)[1880]" classname="org.apache.hadoop.hive.ql.io.parquet.serde.TestParquetTimestampsHive2Compatibility" time="0"/>
  <testcase name="testWriteHive4ReadHive4UsingNewConversion(String)[1881]" classname="org.apache.hadoop.hive.ql.io.parquet.serde.TestParquetTimestampsHive2Compatibility" time="0"/>
  <testcase name="testWriteHive4ReadHive4UsingNewConversion(String)[1882]" classname="org.apache.hadoop.hive.ql.io.parquet.serde.TestParquetTimestampsHive2Compatibility" time="0"/>
  <testcase name="testWriteHive4ReadHive4UsingNewConversion(String)[1883]" classname="org.apache.hadoop.hive.ql.io.parquet.serde.TestParquetTimestampsHive2Compatibility" time="0"/>
  <testcase name="testWriteHive4ReadHive4UsingNewConversion(String)[1884]" classname="org.apache.hadoop.hive.ql.io.parquet.serde.TestParquetTimestampsHive2Compatibility" time="0"/>
  <testcase name="testWriteHive4ReadHive4UsingNewConversion(String)[1885]" classname="org.apache.hadoop.hive.ql.io.parquet.serde.TestParquetTimestampsHive2Compatibility" time="0"/>
  <testcase name="testWriteHive4ReadHive4UsingNewConversion(String)[1886]" classname="org.apache.hadoop.hive.ql.io.parquet.serde.TestParquetTimestampsHive2Compatibility" time="0"/>
  <testcase name="testWriteHive4ReadHive4UsingNewConversion(String)[1887]" classname="org.apache.hadoop.hive.ql.io.parquet.serde.TestParquetTimestampsHive2Compatibility" time="0.001"/>
  <testcase name="testWriteHive4ReadHive4UsingNewConversion(String)[1888]" classname="org.apache.hadoop.hive.ql.io.parquet.serde.TestParquetTimestampsHive2Compatibility" time="0"/>
  <testcase name="testWriteHive4ReadHive4UsingNewConversion(String)[1889]" classname="org.apache.hadoop.hive.ql.io.parquet.serde.TestParquetTimestampsHive2Compatibility" time="0"/>
  <testcase name="testWriteHive4ReadHive4UsingNewConversion(String)[1890]" classname="org.apache.hadoop.hive.ql.io.parquet.serde.TestParquetTimestampsHive2Compatibility" time="0"/>
  <testcase name="testWriteHive4ReadHive4UsingNewConversion(String)[1891]" classname="org.apache.hadoop.hive.ql.io.parquet.serde.TestParquetTimestampsHive2Compatibility" time="0"/>
  <testcase name="testWriteHive4ReadHive4UsingNewConversion(String)[1892]" classname="org.apache.hadoop.hive.ql.io.parquet.serde.TestParquetTimestampsHive2Compatibility" time="0"/>
  <testcase name="testWriteHive4ReadHive4UsingNewConversion(String)[1893]" classname="org.apache.hadoop.hive.ql.io.parquet.serde.TestParquetTimestampsHive2Compatibility" time="0"/>
  <testcase name="testWriteHive4ReadHive4UsingNewConversion(String)[1894]" classname="org.apache.hadoop.hive.ql.io.parquet.serde.TestParquetTimestampsHive2Compatibility" time="0"/>
  <testcase name="testWriteHive4ReadHive4UsingNewConversion(String)[1895]" classname="org.apache.hadoop.hive.ql.io.parquet.serde.TestParquetTimestampsHive2Compatibility" time="0"/>
  <testcase name="testWriteHive4ReadHive4UsingNewConversion(String)[1896]" classname="org.apache.hadoop.hive.ql.io.parquet.serde.TestParquetTimestampsHive2Compatibility" time="0"/>
  <testcase name="testWriteHive4ReadHive4UsingNewConversion(String)[1897]" classname="org.apache.hadoop.hive.ql.io.parquet.serde.TestParquetTimestampsHive2Compatibility" time="0"/>
  <testcase name="testWriteHive4ReadHive4UsingNewConversion(String)[1898]" classname="org.apache.hadoop.hive.ql.io.parquet.serde.TestParquetTimestampsHive2Compatibility" time="0"/>
  <testcase name="testWriteHive4ReadHive4UsingNewConversion(String)[1899]" classname="org.apache.hadoop.hive.ql.io.parquet.serde.TestParquetTimestampsHive2Compatibility" time="0"/>
  <testcase name="testWriteHive4ReadHive4UsingNewConversion(String)[1900]" classname="org.apache.hadoop.hive.ql.io.parquet.serde.TestParquetTimestampsHive2Compatibility" time="0"/>
  <testcase name="testWriteHive4ReadHive4UsingNewConversion(String)[1901]" classname="org.apache.hadoop.hive.ql.io.parquet.serde.TestParquetTimestampsHive2Compatibility" time="0"/>
  <testcase name="testWriteHive4ReadHive4UsingNewConversion(String)[1902]" classname="org.apache.hadoop.hive.ql.io.parquet.serde.TestParquetTimestampsHive2Compatibility" time="0"/>
  <testcase name="testWriteHive4ReadHive4UsingNewConversion(String)[1903]" classname="org.apache.hadoop.hive.ql.io.parquet.serde.TestParquetTimestampsHive2Compatibility" time="0"/>
  <testcase name="testWriteHive4ReadHive4UsingNewConversion(String)[1904]" classname="org.apache.hadoop.hive.ql.io.parquet.serde.TestParquetTimestampsHive2Compatibility" time="0"/>
  <testcase name="testWriteHive4ReadHive4UsingNewConversion(String)[1905]" classname="org.apache.hadoop.hive.ql.io.parquet.serde.TestParquetTimestampsHive2Compatibility" time="0"/>
  <testcase name="testWriteHive4ReadHive4UsingNewConversion(String)[1906]" classname="org.apache.hadoop.hive.ql.io.parquet.serde.TestParquetTimestampsHive2Compatibility" time="0"/>
  <testcase name="testWriteHive4ReadHive4UsingNewConversion(String)[1907]" classname="org.apache.hadoop.hive.ql.io.parquet.serde.TestParquetTimestampsHive2Compatibility" time="0"/>
  <testcase name="testWriteHive4ReadHive4UsingNewConversion(String)[1908]" classname="org.apache.hadoop.hive.ql.io.parquet.serde.TestParquetTimestampsHive2Compatibility" time="0"/>
  <testcase name="testWriteHive4ReadHive4UsingNewConversion(String)[1909]" classname="org.apache.hadoop.hive.ql.io.parquet.serde.TestParquetTimestampsHive2Compatibility" time="0"/>
  <testcase name="testWriteHive4ReadHive4UsingNewConversion(String)[1910]" classname="org.apache.hadoop.hive.ql.io.parquet.serde.TestParquetTimestampsHive2Compatibility" time="0"/>
  <testcase name="testWriteHive4ReadHive4UsingNewConversion(String)[1911]" classname="org.apache.hadoop.hive.ql.io.parquet.serde.TestParquetTimestampsHive2Compatibility" time="0"/>
  <testcase name="testWriteHive4ReadHive4UsingNewConversion(String)[1912]" classname="org.apache.hadoop.hive.ql.io.parquet.serde.TestParquetTimestampsHive2Compatibility" time="0"/>
  <testcase name="testWriteHive4ReadHive4UsingNewConversion(String)[1913]" classname="org.apache.hadoop.hive.ql.io.parquet.serde.TestParquetTimestampsHive2Compatibility" time="0"/>
  <testcase name="testWriteHive4ReadHive4UsingNewConversion(String)[1914]" classname="org.apache.hadoop.hive.ql.io.parquet.serde.TestParquetTimestampsHive2Compatibility" time="0"/>
  <testcase name="testWriteHive4ReadHive4UsingNewConversion(String)[1915]" classname="org.apache.hadoop.hive.ql.io.parquet.serde.TestParquetTimestampsHive2Compatibility" time="0"/>
  <testcase name="testWriteHive4ReadHive4UsingNewConversion(String)[1916]" classname="org.apache.hadoop.hive.ql.io.parquet.serde.TestParquetTimestampsHive2Compatibility" time="0"/>
  <testcase name="testWriteHive4ReadHive4UsingNewConversion(String)[1917]" classname="org.apache.hadoop.hive.ql.io.parquet.serde.TestParquetTimestampsHive2Compatibility" time="0.001"/>
  <testcase name="testWriteHive4ReadHive4UsingNewConversion(String)[1918]" classname="org.apache.hadoop.hive.ql.io.parquet.serde.TestParquetTimestampsHive2Compatibility" time="0"/>
  <testcase name="testWriteHive4ReadHive4UsingNewConversion(String)[1919]" classname="org.apache.hadoop.hive.ql.io.parquet.serde.TestParquetTimestampsHive2Compatibility" time="0"/>
  <testcase name="testWriteHive4ReadHive4UsingNewConversion(String)[1920]" classname="org.apache.hadoop.hive.ql.io.parquet.serde.TestParquetTimestampsHive2Compatibility" time="0"/>
  <testcase name="testWriteHive4ReadHive4UsingNewConversion(String)[1921]" classname="org.apache.hadoop.hive.ql.io.parquet.serde.TestParquetTimestampsHive2Compatibility" time="0"/>
  <testcase name="testWriteHive4ReadHive4UsingNewConversion(String)[1922]" classname="org.apache.hadoop.hive.ql.io.parquet.serde.TestParquetTimestampsHive2Compatibility" time="0"/>
  <testcase name="testWriteHive4ReadHive4UsingNewConversion(String)[1923]" classname="org.apache.hadoop.hive.ql.io.parquet.serde.TestParquetTimestampsHive2Compatibility" time="0"/>
  <testcase name="testWriteHive4ReadHive4UsingNewConversion(String)[1924]" classname="org.apache.hadoop.hive.ql.io.parquet.serde.TestParquetTimestampsHive2Compatibility" time="0"/>
  <testcase name="testWriteHive4ReadHive4UsingNewConversion(String)[1925]" classname="org.apache.hadoop.hive.ql.io.parquet.serde.TestParquetTimestampsHive2Compatibility" time="0"/>
  <testcase name="testWriteHive4ReadHive4UsingNewConversion(String)[1926]" classname="org.apache.hadoop.hive.ql.io.parquet.serde.TestParquetTimestampsHive2Compatibility" time="0.001"/>
  <testcase name="testWriteHive4ReadHive4UsingNewConversion(String)[1927]" classname="org.apache.hadoop.hive.ql.io.parquet.serde.TestParquetTimestampsHive2Compatibility" time="0"/>
  <testcase name="testWriteHive4ReadHive4UsingNewConversion(String)[1928]" classname="org.apache.hadoop.hive.ql.io.parquet.serde.TestParquetTimestampsHive2Compatibility" time="0"/>
  <testcase name="testWriteHive4ReadHive4UsingNewConversion(String)[1929]" classname="org.apache.hadoop.hive.ql.io.parquet.serde.TestParquetTimestampsHive2Compatibility" time="0"/>
  <testcase name="testWriteHive4ReadHive4UsingNewConversion(String)[1930]" classname="org.apache.hadoop.hive.ql.io.parquet.serde.TestParquetTimestampsHive2Compatibility" time="0"/>
  <testcase name="testWriteHive4ReadHive4UsingNewConversion(String)[1931]" classname="org.apache.hadoop.hive.ql.io.parquet.serde.TestParquetTimestampsHive2Compatibility" time="0"/>
  <testcase name="testWriteHive4ReadHive4UsingNewConversion(String)[1932]" classname="org.apache.hadoop.hive.ql.io.parquet.serde.TestParquetTimestampsHive2Compatibility" time="0"/>
  <testcase name="testWriteHive4ReadHive4UsingNewConversion(String)[1933]" classname="org.apache.hadoop.hive.ql.io.parquet.serde.TestParquetTimestampsHive2Compatibility" time="0"/>
  <testcase name="testWriteHive4ReadHive4UsingNewConversion(String)[1934]" classname="org.apache.hadoop.hive.ql.io.parquet.serde.TestParquetTimestampsHive2Compatibility" time="0"/>
  <testcase name="testWriteHive4ReadHive4UsingNewConversion(String)[1935]" classname="org.apache.hadoop.hive.ql.io.parquet.serde.TestParquetTimestampsHive2Compatibility" time="0"/>
  <testcase name="testWriteHive4ReadHive4UsingNewConversion(String)[1936]" classname="org.apache.hadoop.hive.ql.io.parquet.serde.TestParquetTimestampsHive2Compatibility" time="0"/>
  <testcase name="testWriteHive4ReadHive4UsingNewConversion(String)[1937]" classname="org.apache.hadoop.hive.ql.io.parquet.serde.TestParquetTimestampsHive2Compatibility" time="0"/>
  <testcase name="testWriteHive4ReadHive4UsingNewConversion(String)[1938]" classname="org.apache.hadoop.hive.ql.io.parquet.serde.TestParquetTimestampsHive2Compatibility" time="0"/>
  <testcase name="testWriteHive4ReadHive4UsingNewConversion(String)[1939]" classname="org.apache.hadoop.hive.ql.io.parquet.serde.TestParquetTimestampsHive2Compatibility" time="0"/>
  <testcase name="testWriteHive4ReadHive4UsingNewConversion(String)[1940]" classname="org.apache.hadoop.hive.ql.io.parquet.serde.TestParquetTimestampsHive2Compatibility" time="0"/>
  <testcase name="testWriteHive4ReadHive4UsingNewConversion(String)[1941]" classname="org.apache.hadoop.hive.ql.io.parquet.serde.TestParquetTimestampsHive2Compatibility" time="0"/>
  <testcase name="testWriteHive4ReadHive4UsingNewConversion(String)[1942]" classname="org.apache.hadoop.hive.ql.io.parquet.serde.TestParquetTimestampsHive2Compatibility" time="0"/>
  <testcase name="testWriteHive4ReadHive4UsingNewConversion(String)[1943]" classname="org.apache.hadoop.hive.ql.io.parquet.serde.TestParquetTimestampsHive2Compatibility" time="0"/>
  <testcase name="testWriteHive4ReadHive4UsingNewConversion(String)[1944]" classname="org.apache.hadoop.hive.ql.io.parquet.serde.TestParquetTimestampsHive2Compatibility" time="0"/>
  <testcase name="testWriteHive4ReadHive4UsingNewConversion(String)[1945]" classname="org.apache.hadoop.hive.ql.io.parquet.serde.TestParquetTimestampsHive2Compatibility" time="0"/>
  <testcase name="testWriteHive4ReadHive4UsingNewConversion(String)[1946]" classname="org.apache.hadoop.hive.ql.io.parquet.serde.TestParquetTimestampsHive2Compatibility" time="0"/>
  <testcase name="testWriteHive4ReadHive4UsingNewConversion(String)[1947]" classname="org.apache.hadoop.hive.ql.io.parquet.serde.TestParquetTimestampsHive2Compatibility" time="0"/>
  <testcase name="testWriteHive4ReadHive4UsingNewConversion(String)[1948]" classname="org.apache.hadoop.hive.ql.io.parquet.serde.TestParquetTimestampsHive2Compatibility" time="0"/>
  <testcase name="testWriteHive4ReadHive4UsingNewConversion(String)[1949]" classname="org.apache.hadoop.hive.ql.io.parquet.serde.TestParquetTimestampsHive2Compatibility" time="0"/>
  <testcase name="testWriteHive4ReadHive4UsingNewConversion(String)[1950]" classname="org.apache.hadoop.hive.ql.io.parquet.serde.TestParquetTimestampsHive2Compatibility" time="0.001"/>
  <testcase name="testWriteHive4ReadHive4UsingNewConversion(String)[1951]" classname="org.apache.hadoop.hive.ql.io.parquet.serde.TestParquetTimestampsHive2Compatibility" time="0"/>
  <testcase name="testWriteHive4ReadHive4UsingNewConversion(String)[1952]" classname="org.apache.hadoop.hive.ql.io.parquet.serde.TestParquetTimestampsHive2Compatibility" time="0"/>
  <testcase name="testWriteHive4ReadHive4UsingNewConversion(String)[1953]" classname="org.apache.hadoop.hive.ql.io.parquet.serde.TestParquetTimestampsHive2Compatibility" time="0"/>
  <testcase name="testWriteHive4ReadHive4UsingNewConversion(String)[1954]" classname="org.apache.hadoop.hive.ql.io.parquet.serde.TestParquetTimestampsHive2Compatibility" time="0"/>
  <testcase name="testWriteHive4ReadHive4UsingNewConversion(String)[1955]" classname="org.apache.hadoop.hive.ql.io.parquet.serde.TestParquetTimestampsHive2Compatibility" time="0"/>
  <testcase name="testWriteHive4ReadHive4UsingNewConversion(String)[1956]" classname="org.apache.hadoop.hive.ql.io.parquet.serde.TestParquetTimestampsHive2Compatibility" time="0"/>
  <testcase name="testWriteHive4ReadHive4UsingNewConversion(String)[1957]" classname="org.apache.hadoop.hive.ql.io.parquet.serde.TestParquetTimestampsHive2Compatibility" time="0"/>
  <testcase name="testWriteHive4ReadHive4UsingNewConversion(String)[1958]" classname="org.apache.hadoop.hive.ql.io.parquet.serde.TestParquetTimestampsHive2Compatibility" time="0"/>
  <testcase name="testWriteHive4ReadHive4UsingNewConversion(String)[1959]" classname="org.apache.hadoop.hive.ql.io.parquet.serde.TestParquetTimestampsHive2Compatibility" time="0.001"/>
  <testcase name="testWriteHive4ReadHive4UsingNewConversion(String)[1960]" classname="org.apache.hadoop.hive.ql.io.parquet.serde.TestParquetTimestampsHive2Compatibility" time="0"/>
  <testcase name="testWriteHive4ReadHive4UsingNewConversion(String)[1961]" classname="org.apache.hadoop.hive.ql.io.parquet.serde.TestParquetTimestampsHive2Compatibility" time="0"/>
  <testcase name="testWriteHive4ReadHive4UsingNewConversion(String)[1962]" classname="org.apache.hadoop.hive.ql.io.parquet.serde.TestParquetTimestampsHive2Compatibility" time="0"/>
  <testcase name="testWriteHive4ReadHive4UsingNewConversion(String)[1963]" classname="org.apache.hadoop.hive.ql.io.parquet.serde.TestParquetTimestampsHive2Compatibility" time="0"/>
  <testcase name="testWriteHive4ReadHive4UsingNewConversion(String)[1964]" classname="org.apache.hadoop.hive.ql.io.parquet.serde.TestParquetTimestampsHive2Compatibility" time="0"/>
  <testcase name="testWriteHive4ReadHive4UsingNewConversion(String)[1965]" classname="org.apache.hadoop.hive.ql.io.parquet.serde.TestParquetTimestampsHive2Compatibility" time="0"/>
  <testcase name="testWriteHive4ReadHive4UsingNewConversion(String)[1966]" classname="org.apache.hadoop.hive.ql.io.parquet.serde.TestParquetTimestampsHive2Compatibility" time="0"/>
  <testcase name="testWriteHive4ReadHive4UsingNewConversion(String)[1967]" classname="org.apache.hadoop.hive.ql.io.parquet.serde.TestParquetTimestampsHive2Compatibility" time="0"/>
  <testcase name="testWriteHive4ReadHive4UsingNewConversion(String)[1968]" classname="org.apache.hadoop.hive.ql.io.parquet.serde.TestParquetTimestampsHive2Compatibility" time="0"/>
  <testcase name="testWriteHive4ReadHive4UsingNewConversion(String)[1969]" classname="org.apache.hadoop.hive.ql.io.parquet.serde.TestParquetTimestampsHive2Compatibility" time="0"/>
  <testcase name="testWriteHive4ReadHive4UsingNewConversion(String)[1970]" classname="org.apache.hadoop.hive.ql.io.parquet.serde.TestParquetTimestampsHive2Compatibility" time="0"/>
  <testcase name="testWriteHive4ReadHive4UsingNewConversion(String)[1971]" classname="org.apache.hadoop.hive.ql.io.parquet.serde.TestParquetTimestampsHive2Compatibility" time="0"/>
  <testcase name="testWriteHive4ReadHive4UsingNewConversion(String)[1972]" classname="org.apache.hadoop.hive.ql.io.parquet.serde.TestParquetTimestampsHive2Compatibility" time="0"/>
  <testcase name="testWriteHive4ReadHive4UsingNewConversion(String)[1973]" classname="org.apache.hadoop.hive.ql.io.parquet.serde.TestParquetTimestampsHive2Compatibility" time="0"/>
  <testcase name="testWriteHive4ReadHive4UsingNewConversion(String)[1974]" classname="org.apache.hadoop.hive.ql.io.parquet.serde.TestParquetTimestampsHive2Compatibility" time="0"/>
  <testcase name="testWriteHive4ReadHive4UsingNewConversion(String)[1975]" classname="org.apache.hadoop.hive.ql.io.parquet.serde.TestParquetTimestampsHive2Compatibility" time="0"/>
  <testcase name="testWriteHive4ReadHive4UsingNewConversion(String)[1976]" classname="org.apache.hadoop.hive.ql.io.parquet.serde.TestParquetTimestampsHive2Compatibility" time="0"/>
  <testcase name="testWriteHive4ReadHive4UsingNewConversion(String)[1977]" classname="org.apache.hadoop.hive.ql.io.parquet.serde.TestParquetTimestampsHive2Compatibility" time="0.001"/>
  <testcase name="testWriteHive4ReadHive4UsingNewConversion(String)[1978]" classname="org.apache.hadoop.hive.ql.io.parquet.serde.TestParquetTimestampsHive2Compatibility" time="0"/>
  <testcase name="testWriteHive4ReadHive4UsingNewConversion(String)[1979]" classname="org.apache.hadoop.hive.ql.io.parquet.serde.TestParquetTimestampsHive2Compatibility" time="0"/>
  <testcase name="testWriteHive4ReadHive4UsingNewConversion(String)[1980]" classname="org.apache.hadoop.hive.ql.io.parquet.serde.TestParquetTimestampsHive2Compatibility" time="0"/>
  <testcase name="testWriteHive4ReadHive4UsingNewConversion(String)[1981]" classname="org.apache.hadoop.hive.ql.io.parquet.serde.TestParquetTimestampsHive2Compatibility" time="0"/>
  <testcase name="testWriteHive4ReadHive4UsingNewConversion(String)[1982]" classname="org.apache.hadoop.hive.ql.io.parquet.serde.TestParquetTimestampsHive2Compatibility" time="0"/>
  <testcase name="testWriteHive4ReadHive4UsingNewConversion(String)[1983]" classname="org.apache.hadoop.hive.ql.io.parquet.serde.TestParquetTimestampsHive2Compatibility" time="0"/>
  <testcase name="testWriteHive4ReadHive4UsingNewConversion(String)[1984]" classname="org.apache.hadoop.hive.ql.io.parquet.serde.TestParquetTimestampsHive2Compatibility" time="0"/>
  <testcase name="testWriteHive4ReadHive4UsingNewConversion(String)[1985]" classname="org.apache.hadoop.hive.ql.io.parquet.serde.TestParquetTimestampsHive2Compatibility" time="0"/>
  <testcase name="testWriteHive4ReadHive4UsingNewConversion(String)[1986]" classname="org.apache.hadoop.hive.ql.io.parquet.serde.TestParquetTimestampsHive2Compatibility" time="0"/>
  <testcase name="testWriteHive4ReadHive4UsingNewConversion(String)[1987]" classname="org.apache.hadoop.hive.ql.io.parquet.serde.TestParquetTimestampsHive2Compatibility" time="0"/>
  <testcase name="testWriteHive4ReadHive4UsingNewConversion(String)[1988]" classname="org.apache.hadoop.hive.ql.io.parquet.serde.TestParquetTimestampsHive2Compatibility" time="0"/>
  <testcase name="testWriteHive4ReadHive4UsingNewConversion(String)[1989]" classname="org.apache.hadoop.hive.ql.io.parquet.serde.TestParquetTimestampsHive2Compatibility" time="0"/>
  <testcase name="testWriteHive4ReadHive4UsingNewConversion(String)[1990]" classname="org.apache.hadoop.hive.ql.io.parquet.serde.TestParquetTimestampsHive2Compatibility" time="0"/>
  <testcase name="testWriteHive4ReadHive4UsingNewConversion(String)[1991]" classname="org.apache.hadoop.hive.ql.io.parquet.serde.TestParquetTimestampsHive2Compatibility" time="0"/>
  <testcase name="testWriteHive4ReadHive4UsingNewConversion(String)[1992]" classname="org.apache.hadoop.hive.ql.io.parquet.serde.TestParquetTimestampsHive2Compatibility" time="0"/>
  <testcase name="testWriteHive4ReadHive4UsingNewConversion(String)[1993]" classname="org.apache.hadoop.hive.ql.io.parquet.serde.TestParquetTimestampsHive2Compatibility" time="0"/>
  <testcase name="testWriteHive4ReadHive4UsingNewConversion(String)[1994]" classname="org.apache.hadoop.hive.ql.io.parquet.serde.TestParquetTimestampsHive2Compatibility" time="0"/>
  <testcase name="testWriteHive4ReadHive4UsingNewConversion(String)[1995]" classname="org.apache.hadoop.hive.ql.io.parquet.serde.TestParquetTimestampsHive2Compatibility" time="0"/>
  <testcase name="testWriteHive4ReadHive4UsingNewConversion(String)[1996]" classname="org.apache.hadoop.hive.ql.io.parquet.serde.TestParquetTimestampsHive2Compatibility" time="0"/>
  <testcase name="testWriteHive4ReadHive4UsingNewConversion(String)[1997]" classname="org.apache.hadoop.hive.ql.io.parquet.serde.TestParquetTimestampsHive2Compatibility" time="0"/>
  <testcase name="testWriteHive4ReadHive4UsingNewConversion(String)[1998]" classname="org.apache.hadoop.hive.ql.io.parquet.serde.TestParquetTimestampsHive2Compatibility" time="0"/>
  <testcase name="testWriteHive4ReadHive4UsingNewConversion(String)[1999]" classname="org.apache.hadoop.hive.ql.io.parquet.serde.TestParquetTimestampsHive2Compatibility" time="0"/>
  <testcase name="testWriteHive4ReadHive4UsingNewConversion(String)[2000]" classname="org.apache.hadoop.hive.ql.io.parquet.serde.TestParquetTimestampsHive2Compatibility" time="0"/>
  <testcase name="testWriteHive4ReadHive4UsingNewConversion(String)[2001]" classname="org.apache.hadoop.hive.ql.io.parquet.serde.TestParquetTimestampsHive2Compatibility" time="0"/>
  <testcase name="testWriteHive4ReadHive4UsingNewConversion(String)[2002]" classname="org.apache.hadoop.hive.ql.io.parquet.serde.TestParquetTimestampsHive2Compatibility" time="0"/>
  <testcase name="testWriteHive4ReadHive4UsingNewConversion(String)[2003]" classname="org.apache.hadoop.hive.ql.io.parquet.serde.TestParquetTimestampsHive2Compatibility" time="0"/>
  <testcase name="testWriteHive4ReadHive4UsingNewConversion(String)[2004]" classname="org.apache.hadoop.hive.ql.io.parquet.serde.TestParquetTimestampsHive2Compatibility" time="0"/>
  <testcase name="testWriteHive4ReadHive4UsingNewConversion(String)[2005]" classname="org.apache.hadoop.hive.ql.io.parquet.serde.TestParquetTimestampsHive2Compatibility" time="0"/>
  <testcase name="testWriteHive4ReadHive4UsingNewConversion(String)[2006]" classname="org.apache.hadoop.hive.ql.io.parquet.serde.TestParquetTimestampsHive2Compatibility" time="0"/>
  <testcase name="testWriteHive4ReadHive4UsingNewConversion(String)[2007]" classname="org.apache.hadoop.hive.ql.io.parquet.serde.TestParquetTimestampsHive2Compatibility" time="0"/>
  <testcase name="testWriteHive4ReadHive4UsingNewConversion(String)[2008]" classname="org.apache.hadoop.hive.ql.io.parquet.serde.TestParquetTimestampsHive2Compatibility" time="0.001"/>
  <testcase name="testWriteHive4ReadHive4UsingNewConversion(String)[2009]" classname="org.apache.hadoop.hive.ql.io.parquet.serde.TestParquetTimestampsHive2Compatibility" time="0"/>
  <testcase name="testWriteHive4ReadHive4UsingNewConversion(String)[2010]" classname="org.apache.hadoop.hive.ql.io.parquet.serde.TestParquetTimestampsHive2Compatibility" time="0"/>
  <testcase name="testWriteHive4ReadHive4UsingNewConversion(String)[2011]" classname="org.apache.hadoop.hive.ql.io.parquet.serde.TestParquetTimestampsHive2Compatibility" time="0"/>
  <testcase name="testWriteHive4ReadHive4UsingNewConversion(String)[2012]" classname="org.apache.hadoop.hive.ql.io.parquet.serde.TestParquetTimestampsHive2Compatibility" time="0"/>
  <testcase name="testWriteHive4ReadHive4UsingNewConversion(String)[2013]" classname="org.apache.hadoop.hive.ql.io.parquet.serde.TestParquetTimestampsHive2Compatibility" time="0"/>
  <testcase name="testWriteHive4ReadHive4UsingNewConversion(String)[2014]" classname="org.apache.hadoop.hive.ql.io.parquet.serde.TestParquetTimestampsHive2Compatibility" time="0"/>
  <testcase name="testWriteHive4ReadHive4UsingNewConversion(String)[2015]" classname="org.apache.hadoop.hive.ql.io.parquet.serde.TestParquetTimestampsHive2Compatibility" time="0"/>
  <testcase name="testWriteHive4ReadHive4UsingNewConversion(String)[2016]" classname="org.apache.hadoop.hive.ql.io.parquet.serde.TestParquetTimestampsHive2Compatibility" time="0"/>
  <testcase name="testWriteHive4ReadHive4UsingNewConversion(String)[2017]" classname="org.apache.hadoop.hive.ql.io.parquet.serde.TestParquetTimestampsHive2Compatibility" time="0.001"/>
  <testcase name="testWriteHive4ReadHive4UsingNewConversion(String)[2018]" classname="org.apache.hadoop.hive.ql.io.parquet.serde.TestParquetTimestampsHive2Compatibility" time="0"/>
  <testcase name="testWriteHive4ReadHive4UsingNewConversion(String)[2019]" classname="org.apache.hadoop.hive.ql.io.parquet.serde.TestParquetTimestampsHive2Compatibility" time="0"/>
  <testcase name="testWriteHive4ReadHive4UsingNewConversion(String)[2020]" classname="org.apache.hadoop.hive.ql.io.parquet.serde.TestParquetTimestampsHive2Compatibility" time="0"/>
  <testcase name="testWriteHive4ReadHive4UsingNewConversion(String)[2021]" classname="org.apache.hadoop.hive.ql.io.parquet.serde.TestParquetTimestampsHive2Compatibility" time="0"/>
  <testcase name="testWriteHive4ReadHive4UsingNewConversion(String)[2022]" classname="org.apache.hadoop.hive.ql.io.parquet.serde.TestParquetTimestampsHive2Compatibility" time="0"/>
  <testcase name="testWriteHive4ReadHive4UsingNewConversion(String)[2023]" classname="org.apache.hadoop.hive.ql.io.parquet.serde.TestParquetTimestampsHive2Compatibility" time="0"/>
  <testcase name="testWriteHive4ReadHive4UsingNewConversion(String)[2024]" classname="org.apache.hadoop.hive.ql.io.parquet.serde.TestParquetTimestampsHive2Compatibility" time="0.001"/>
  <testcase name="testWriteHive4ReadHive4UsingNewConversion(String)[2025]" classname="org.apache.hadoop.hive.ql.io.parquet.serde.TestParquetTimestampsHive2Compatibility" time="0"/>
  <testcase name="testWriteHive4ReadHive4UsingNewConversion(String)[2026]" classname="org.apache.hadoop.hive.ql.io.parquet.serde.TestParquetTimestampsHive2Compatibility" time="0"/>
  <testcase name="testWriteHive4ReadHive4UsingNewConversion(String)[2027]" classname="org.apache.hadoop.hive.ql.io.parquet.serde.TestParquetTimestampsHive2Compatibility" time="0"/>
  <testcase name="testWriteHive4ReadHive4UsingNewConversion(String)[2028]" classname="org.apache.hadoop.hive.ql.io.parquet.serde.TestParquetTimestampsHive2Compatibility" time="0"/>
  <testcase name="testWriteHive4ReadHive4UsingNewConversion(String)[2029]" classname="org.apache.hadoop.hive.ql.io.parquet.serde.TestParquetTimestampsHive2Compatibility" time="0"/>
  <testcase name="testWriteHive4ReadHive4UsingNewConversion(String)[2030]" classname="org.apache.hadoop.hive.ql.io.parquet.serde.TestParquetTimestampsHive2Compatibility" time="0"/>
  <testcase name="testWriteHive4ReadHive4UsingNewConversion(String)[2031]" classname="org.apache.hadoop.hive.ql.io.parquet.serde.TestParquetTimestampsHive2Compatibility" time="0.001"/>
  <testcase name="testWriteHive4ReadHive4UsingNewConversion(String)[2032]" classname="org.apache.hadoop.hive.ql.io.parquet.serde.TestParquetTimestampsHive2Compatibility" time="0"/>
  <testcase name="testWriteHive4ReadHive4UsingNewConversion(String)[2033]" classname="org.apache.hadoop.hive.ql.io.parquet.serde.TestParquetTimestampsHive2Compatibility" time="0"/>
  <testcase name="testWriteHive4ReadHive4UsingNewConversion(String)[2034]" classname="org.apache.hadoop.hive.ql.io.parquet.serde.TestParquetTimestampsHive2Compatibility" time="0"/>
  <testcase name="testWriteHive4ReadHive4UsingNewConversion(String)[2035]" classname="org.apache.hadoop.hive.ql.io.parquet.serde.TestParquetTimestampsHive2Compatibility" time="0"/>
  <testcase name="testWriteHive4ReadHive4UsingNewConversion(String)[2036]" classname="org.apache.hadoop.hive.ql.io.parquet.serde.TestParquetTimestampsHive2Compatibility" time="0"/>
  <testcase name="testWriteHive4ReadHive4UsingNewConversion(String)[2037]" classname="org.apache.hadoop.hive.ql.io.parquet.serde.TestParquetTimestampsHive2Compatibility" time="0"/>
  <testcase name="testWriteHive4ReadHive4UsingNewConversion(String)[2038]" classname="org.apache.hadoop.hive.ql.io.parquet.serde.TestParquetTimestampsHive2Compatibility" time="0"/>
  <testcase name="testWriteHive4ReadHive4UsingNewConversion(String)[2039]" classname="org.apache.hadoop.hive.ql.io.parquet.serde.TestParquetTimestampsHive2Compatibility" time="0"/>
  <testcase name="testWriteHive4ReadHive4UsingNewConversion(String)[2040]" classname="org.apache.hadoop.hive.ql.io.parquet.serde.TestParquetTimestampsHive2Compatibility" time="0"/>
  <testcase name="testWriteHive4ReadHive4UsingNewConversion(String)[2041]" classname="org.apache.hadoop.hive.ql.io.parquet.serde.TestParquetTimestampsHive2Compatibility" time="0"/>
  <testcase name="testWriteHive4ReadHive4UsingNewConversion(String)[2042]" classname="org.apache.hadoop.hive.ql.io.parquet.serde.TestParquetTimestampsHive2Compatibility" time="0"/>
  <testcase name="testWriteHive4ReadHive4UsingNewConversion(String)[2043]" classname="org.apache.hadoop.hive.ql.io.parquet.serde.TestParquetTimestampsHive2Compatibility" time="0"/>
  <testcase name="testWriteHive4ReadHive4UsingNewConversion(String)[2044]" classname="org.apache.hadoop.hive.ql.io.parquet.serde.TestParquetTimestampsHive2Compatibility" time="0"/>
  <testcase name="testWriteHive4ReadHive4UsingNewConversion(String)[2045]" classname="org.apache.hadoop.hive.ql.io.parquet.serde.TestParquetTimestampsHive2Compatibility" time="0"/>
  <testcase name="testWriteHive4ReadHive4UsingNewConversion(String)[2046]" classname="org.apache.hadoop.hive.ql.io.parquet.serde.TestParquetTimestampsHive2Compatibility" time="0"/>
  <testcase name="testWriteHive4ReadHive4UsingNewConversion(String)[2047]" classname="org.apache.hadoop.hive.ql.io.parquet.serde.TestParquetTimestampsHive2Compatibility" time="0"/>
  <testcase name="testWriteHive4ReadHive4UsingNewConversion(String)[2048]" classname="org.apache.hadoop.hive.ql.io.parquet.serde.TestParquetTimestampsHive2Compatibility" time="0"/>
  <testcase name="testWriteHive4ReadHive4UsingNewConversion(String)[2049]" classname="org.apache.hadoop.hive.ql.io.parquet.serde.TestParquetTimestampsHive2Compatibility" time="0"/>
  <testcase name="testWriteHive4ReadHive4UsingNewConversion(String)[2050]" classname="org.apache.hadoop.hive.ql.io.parquet.serde.TestParquetTimestampsHive2Compatibility" time="0"/>
  <testcase name="testWriteHive4ReadHive4UsingNewConversion(String)[2051]" classname="org.apache.hadoop.hive.ql.io.parquet.serde.TestParquetTimestampsHive2Compatibility" time="0.001"/>
  <testcase name="testWriteHive4ReadHive4UsingNewConversion(String)[2052]" classname="org.apache.hadoop.hive.ql.io.parquet.serde.TestParquetTimestampsHive2Compatibility" time="0"/>
  <testcase name="testWriteHive4ReadHive4UsingNewConversion(String)[2053]" classname="org.apache.hadoop.hive.ql.io.parquet.serde.TestParquetTimestampsHive2Compatibility" time="0"/>
  <testcase name="testWriteHive4ReadHive4UsingNewConversion(String)[2054]" classname="org.apache.hadoop.hive.ql.io.parquet.serde.TestParquetTimestampsHive2Compatibility" time="0"/>
  <testcase name="testWriteHive4ReadHive4UsingNewConversion(String)[2055]" classname="org.apache.hadoop.hive.ql.io.parquet.serde.TestParquetTimestampsHive2Compatibility" time="0"/>
  <testcase name="testWriteHive4ReadHive4UsingNewConversion(String)[2056]" classname="org.apache.hadoop.hive.ql.io.parquet.serde.TestParquetTimestampsHive2Compatibility" time="0"/>
  <testcase name="testWriteHive4ReadHive4UsingNewConversion(String)[2057]" classname="org.apache.hadoop.hive.ql.io.parquet.serde.TestParquetTimestampsHive2Compatibility" time="0"/>
  <testcase name="testWriteHive4ReadHive4UsingNewConversion(String)[2058]" classname="org.apache.hadoop.hive.ql.io.parquet.serde.TestParquetTimestampsHive2Compatibility" time="0"/>
  <testcase name="testWriteHive4ReadHive4UsingNewConversion(String)[2059]" classname="org.apache.hadoop.hive.ql.io.parquet.serde.TestParquetTimestampsHive2Compatibility" time="0"/>
  <testcase name="testWriteHive4ReadHive4UsingNewConversion(String)[2060]" classname="org.apache.hadoop.hive.ql.io.parquet.serde.TestParquetTimestampsHive2Compatibility" time="0"/>
  <testcase name="testWriteHive4ReadHive4UsingNewConversion(String)[2061]" classname="org.apache.hadoop.hive.ql.io.parquet.serde.TestParquetTimestampsHive2Compatibility" time="0"/>
  <testcase name="testWriteHive4ReadHive4UsingNewConversion(String)[2062]" classname="org.apache.hadoop.hive.ql.io.parquet.serde.TestParquetTimestampsHive2Compatibility" time="0"/>
  <testcase name="testWriteHive4ReadHive4UsingNewConversion(String)[2063]" classname="org.apache.hadoop.hive.ql.io.parquet.serde.TestParquetTimestampsHive2Compatibility" time="0"/>
  <testcase name="testWriteHive4ReadHive4UsingNewConversion(String)[2064]" classname="org.apache.hadoop.hive.ql.io.parquet.serde.TestParquetTimestampsHive2Compatibility" time="0"/>
  <testcase name="testWriteHive4ReadHive4UsingNewConversion(String)[2065]" classname="org.apache.hadoop.hive.ql.io.parquet.serde.TestParquetTimestampsHive2Compatibility" time="0.001"/>
  <testcase name="testWriteHive4ReadHive4UsingNewConversion(String)[2066]" classname="org.apache.hadoop.hive.ql.io.parquet.serde.TestParquetTimestampsHive2Compatibility" time="0"/>
  <testcase name="testWriteHive4ReadHive4UsingNewConversion(String)[2067]" classname="org.apache.hadoop.hive.ql.io.parquet.serde.TestParquetTimestampsHive2Compatibility" time="0"/>
  <testcase name="testWriteHive4ReadHive4UsingNewConversion(String)[2068]" classname="org.apache.hadoop.hive.ql.io.parquet.serde.TestParquetTimestampsHive2Compatibility" time="0"/>
  <testcase name="testWriteHive4ReadHive4UsingNewConversion(String)[2069]" classname="org.apache.hadoop.hive.ql.io.parquet.serde.TestParquetTimestampsHive2Compatibility" time="0"/>
  <testcase name="testWriteHive4ReadHive4UsingNewConversion(String)[2070]" classname="org.apache.hadoop.hive.ql.io.parquet.serde.TestParquetTimestampsHive2Compatibility" time="0"/>
  <testcase name="testWriteHive4ReadHive4UsingNewConversion(String)[2071]" classname="org.apache.hadoop.hive.ql.io.parquet.serde.TestParquetTimestampsHive2Compatibility" time="0"/>
  <testcase name="testWriteHive4ReadHive4UsingNewConversion(String)[2072]" classname="org.apache.hadoop.hive.ql.io.parquet.serde.TestParquetTimestampsHive2Compatibility" time="0"/>
  <testcase name="testWriteHive4ReadHive4UsingNewConversion(String)[2073]" classname="org.apache.hadoop.hive.ql.io.parquet.serde.TestParquetTimestampsHive2Compatibility" time="0"/>
  <testcase name="testWriteHive4ReadHive4UsingNewConversion(String)[2074]" classname="org.apache.hadoop.hive.ql.io.parquet.serde.TestParquetTimestampsHive2Compatibility" time="0"/>
  <testcase name="testWriteHive4ReadHive4UsingNewConversion(String)[2075]" classname="org.apache.hadoop.hive.ql.io.parquet.serde.TestParquetTimestampsHive2Compatibility" time="0"/>
  <testcase name="testWriteHive4ReadHive4UsingNewConversion(String)[2076]" classname="org.apache.hadoop.hive.ql.io.parquet.serde.TestParquetTimestampsHive2Compatibility" time="0"/>
  <testcase name="testWriteHive4ReadHive4UsingNewConversion(String)[2077]" classname="org.apache.hadoop.hive.ql.io.parquet.serde.TestParquetTimestampsHive2Compatibility" time="0"/>
  <testcase name="testWriteHive4ReadHive4UsingNewConversion(String)[2078]" classname="org.apache.hadoop.hive.ql.io.parquet.serde.TestParquetTimestampsHive2Compatibility" time="0"/>
  <testcase name="testWriteHive4ReadHive4UsingNewConversion(String)[2079]" classname="org.apache.hadoop.hive.ql.io.parquet.serde.TestParquetTimestampsHive2Compatibility" time="0"/>
  <testcase name="testWriteHive4ReadHive4UsingNewConversion(String)[2080]" classname="org.apache.hadoop.hive.ql.io.parquet.serde.TestParquetTimestampsHive2Compatibility" time="0"/>
  <testcase name="testWriteHive4ReadHive4UsingNewConversion(String)[2081]" classname="org.apache.hadoop.hive.ql.io.parquet.serde.TestParquetTimestampsHive2Compatibility" time="0"/>
  <testcase name="testWriteHive4ReadHive4UsingNewConversion(String)[2082]" classname="org.apache.hadoop.hive.ql.io.parquet.serde.TestParquetTimestampsHive2Compatibility" time="0"/>
  <testcase name="testWriteHive4ReadHive4UsingNewConversion(String)[2083]" classname="org.apache.hadoop.hive.ql.io.parquet.serde.TestParquetTimestampsHive2Compatibility" time="0"/>
  <testcase name="testWriteHive4ReadHive4UsingNewConversion(String)[2084]" classname="org.apache.hadoop.hive.ql.io.parquet.serde.TestParquetTimestampsHive2Compatibility" time="0"/>
  <testcase name="testWriteHive4ReadHive4UsingNewConversion(String)[2085]" classname="org.apache.hadoop.hive.ql.io.parquet.serde.TestParquetTimestampsHive2Compatibility" time="0"/>
  <testcase name="testWriteHive4ReadHive4UsingNewConversion(String)[2086]" classname="org.apache.hadoop.hive.ql.io.parquet.serde.TestParquetTimestampsHive2Compatibility" time="0"/>
  <testcase name="testWriteHive4ReadHive4UsingNewConversion(String)[2087]" classname="org.apache.hadoop.hive.ql.io.parquet.serde.TestParquetTimestampsHive2Compatibility" time="0"/>
  <testcase name="testWriteHive4ReadHive4UsingNewConversion(String)[2088]" classname="org.apache.hadoop.hive.ql.io.parquet.serde.TestParquetTimestampsHive2Compatibility" time="0"/>
  <testcase name="testWriteHive4ReadHive4UsingNewConversion(String)[2089]" classname="org.apache.hadoop.hive.ql.io.parquet.serde.TestParquetTimestampsHive2Compatibility" time="0"/>
  <testcase name="testWriteHive4ReadHive4UsingNewConversion(String)[2090]" classname="org.apache.hadoop.hive.ql.io.parquet.serde.TestParquetTimestampsHive2Compatibility" time="0"/>
  <testcase name="testWriteHive4ReadHive4UsingNewConversion(String)[2091]" classname="org.apache.hadoop.hive.ql.io.parquet.serde.TestParquetTimestampsHive2Compatibility" time="0"/>
  <testcase name="testWriteHive4ReadHive4UsingNewConversion(String)[2092]" classname="org.apache.hadoop.hive.ql.io.parquet.serde.TestParquetTimestampsHive2Compatibility" time="0"/>
  <testcase name="testWriteHive4ReadHive4UsingNewConversion(String)[2093]" classname="org.apache.hadoop.hive.ql.io.parquet.serde.TestParquetTimestampsHive2Compatibility" time="0"/>
  <testcase name="testWriteHive4ReadHive4UsingNewConversion(String)[2094]" classname="org.apache.hadoop.hive.ql.io.parquet.serde.TestParquetTimestampsHive2Compatibility" time="0"/>
  <testcase name="testWriteHive4ReadHive4UsingNewConversion(String)[2095]" classname="org.apache.hadoop.hive.ql.io.parquet.serde.TestParquetTimestampsHive2Compatibility" time="0"/>
  <testcase name="testWriteHive4ReadHive4UsingNewConversion(String)[2096]" classname="org.apache.hadoop.hive.ql.io.parquet.serde.TestParquetTimestampsHive2Compatibility" time="0"/>
  <testcase name="testWriteHive4ReadHive4UsingNewConversion(String)[2097]" classname="org.apache.hadoop.hive.ql.io.parquet.serde.TestParquetTimestampsHive2Compatibility" time="0"/>
  <testcase name="testWriteHive4ReadHive4UsingNewConversion(String)[2098]" classname="org.apache.hadoop.hive.ql.io.parquet.serde.TestParquetTimestampsHive2Compatibility" time="0"/>
  <testcase name="testWriteHive4ReadHive4UsingNewConversion(String)[2099]" classname="org.apache.hadoop.hive.ql.io.parquet.serde.TestParquetTimestampsHive2Compatibility" time="0"/>
  <testcase name="testWriteHive4ReadHive4UsingNewConversion(String)[2100]" classname="org.apache.hadoop.hive.ql.io.parquet.serde.TestParquetTimestampsHive2Compatibility" time="0"/>
  <testcase name="testWriteHive4ReadHive4UsingNewConversion(String)[2101]" classname="org.apache.hadoop.hive.ql.io.parquet.serde.TestParquetTimestampsHive2Compatibility" time="0"/>
  <testcase name="testWriteHive4ReadHive4UsingNewConversion(String)[2102]" classname="org.apache.hadoop.hive.ql.io.parquet.serde.TestParquetTimestampsHive2Compatibility" time="0"/>
  <testcase name="testWriteHive4ReadHive4UsingNewConversion(String)[2103]" classname="org.apache.hadoop.hive.ql.io.parquet.serde.TestParquetTimestampsHive2Compatibility" time="0"/>
  <testcase name="testWriteHive4ReadHive4UsingNewConversion(String)[2104]" classname="org.apache.hadoop.hive.ql.io.parquet.serde.TestParquetTimestampsHive2Compatibility" time="0"/>
  <testcase name="testWriteHive4ReadHive4UsingNewConversion(String)[2105]" classname="org.apache.hadoop.hive.ql.io.parquet.serde.TestParquetTimestampsHive2Compatibility" time="0"/>
  <testcase name="testWriteHive4ReadHive4UsingNewConversion(String)[2106]" classname="org.apache.hadoop.hive.ql.io.parquet.serde.TestParquetTimestampsHive2Compatibility" time="0"/>
  <testcase name="testWriteHive4ReadHive4UsingNewConversion(String)[2107]" classname="org.apache.hadoop.hive.ql.io.parquet.serde.TestParquetTimestampsHive2Compatibility" time="0"/>
  <testcase name="testWriteHive4ReadHive4UsingNewConversion(String)[2108]" classname="org.apache.hadoop.hive.ql.io.parquet.serde.TestParquetTimestampsHive2Compatibility" time="0"/>
  <testcase name="testWriteHive4ReadHive4UsingNewConversion(String)[2109]" classname="org.apache.hadoop.hive.ql.io.parquet.serde.TestParquetTimestampsHive2Compatibility" time="0"/>
  <testcase name="testWriteHive4ReadHive4UsingNewConversion(String)[2110]" classname="org.apache.hadoop.hive.ql.io.parquet.serde.TestParquetTimestampsHive2Compatibility" time="0"/>
  <testcase name="testWriteHive4ReadHive4UsingNewConversion(String)[2111]" classname="org.apache.hadoop.hive.ql.io.parquet.serde.TestParquetTimestampsHive2Compatibility" time="0"/>
  <testcase name="testWriteHive4ReadHive4UsingNewConversion(String)[2112]" classname="org.apache.hadoop.hive.ql.io.parquet.serde.TestParquetTimestampsHive2Compatibility" time="0"/>
  <testcase name="testWriteHive4ReadHive4UsingNewConversion(String)[2113]" classname="org.apache.hadoop.hive.ql.io.parquet.serde.TestParquetTimestampsHive2Compatibility" time="0"/>
  <testcase name="testWriteHive4ReadHive4UsingNewConversion(String)[2114]" classname="org.apache.hadoop.hive.ql.io.parquet.serde.TestParquetTimestampsHive2Compatibility" time="0"/>
  <testcase name="testWriteHive4ReadHive4UsingNewConversion(String)[2115]" classname="org.apache.hadoop.hive.ql.io.parquet.serde.TestParquetTimestampsHive2Compatibility" time="0"/>
  <testcase name="testWriteHive4ReadHive4UsingNewConversion(String)[2116]" classname="org.apache.hadoop.hive.ql.io.parquet.serde.TestParquetTimestampsHive2Compatibility" time="0"/>
  <testcase name="testWriteHive4ReadHive4UsingNewConversion(String)[2117]" classname="org.apache.hadoop.hive.ql.io.parquet.serde.TestParquetTimestampsHive2Compatibility" time="0"/>
  <testcase name="testWriteHive4ReadHive4UsingNewConversion(String)[2118]" classname="org.apache.hadoop.hive.ql.io.parquet.serde.TestParquetTimestampsHive2Compatibility" time="0"/>
  <testcase name="testWriteHive4ReadHive4UsingNewConversion(String)[2119]" classname="org.apache.hadoop.hive.ql.io.parquet.serde.TestParquetTimestampsHive2Compatibility" time="0"/>
  <testcase name="testWriteHive4ReadHive4UsingNewConversion(String)[2120]" classname="org.apache.hadoop.hive.ql.io.parquet.serde.TestParquetTimestampsHive2Compatibility" time="0.001"/>
  <testcase name="testWriteHive4ReadHive4UsingNewConversion(String)[2121]" classname="org.apache.hadoop.hive.ql.io.parquet.serde.TestParquetTimestampsHive2Compatibility" time="0"/>
  <testcase name="testWriteHive4ReadHive4UsingNewConversion(String)[2122]" classname="org.apache.hadoop.hive.ql.io.parquet.serde.TestParquetTimestampsHive2Compatibility" time="0"/>
  <testcase name="testWriteHive4ReadHive4UsingNewConversion(String)[2123]" classname="org.apache.hadoop.hive.ql.io.parquet.serde.TestParquetTimestampsHive2Compatibility" time="0"/>
  <testcase name="testWriteHive4ReadHive4UsingNewConversion(String)[2124]" classname="org.apache.hadoop.hive.ql.io.parquet.serde.TestParquetTimestampsHive2Compatibility" time="0.001"/>
  <testcase name="testWriteHive4ReadHive4UsingNewConversion(String)[2125]" classname="org.apache.hadoop.hive.ql.io.parquet.serde.TestParquetTimestampsHive2Compatibility" time="0"/>
  <testcase name="testWriteHive4ReadHive4UsingNewConversion(String)[2126]" classname="org.apache.hadoop.hive.ql.io.parquet.serde.TestParquetTimestampsHive2Compatibility" time="0"/>
  <testcase name="testWriteHive4ReadHive4UsingNewConversion(String)[2127]" classname="org.apache.hadoop.hive.ql.io.parquet.serde.TestParquetTimestampsHive2Compatibility" time="0"/>
  <testcase name="testWriteHive4ReadHive4UsingNewConversion(String)[2128]" classname="org.apache.hadoop.hive.ql.io.parquet.serde.TestParquetTimestampsHive2Compatibility" time="0.001"/>
  <testcase name="testWriteHive4ReadHive4UsingNewConversion(String)[2129]" classname="org.apache.hadoop.hive.ql.io.parquet.serde.TestParquetTimestampsHive2Compatibility" time="0"/>
  <testcase name="testWriteHive4ReadHive4UsingNewConversion(String)[2130]" classname="org.apache.hadoop.hive.ql.io.parquet.serde.TestParquetTimestampsHive2Compatibility" time="0"/>
  <testcase name="testWriteHive4ReadHive4UsingNewConversion(String)[2131]" classname="org.apache.hadoop.hive.ql.io.parquet.serde.TestParquetTimestampsHive2Compatibility" time="0.001"/>
  <testcase name="testWriteHive4ReadHive4UsingNewConversion(String)[2132]" classname="org.apache.hadoop.hive.ql.io.parquet.serde.TestParquetTimestampsHive2Compatibility" time="0"/>
  <testcase name="testWriteHive4ReadHive4UsingNewConversion(String)[2133]" classname="org.apache.hadoop.hive.ql.io.parquet.serde.TestParquetTimestampsHive2Compatibility" time="0"/>
  <testcase name="testWriteHive4ReadHive4UsingNewConversion(String)[2134]" classname="org.apache.hadoop.hive.ql.io.parquet.serde.TestParquetTimestampsHive2Compatibility" time="0"/>
  <testcase name="testWriteHive4ReadHive4UsingNewConversion(String)[2135]" classname="org.apache.hadoop.hive.ql.io.parquet.serde.TestParquetTimestampsHive2Compatibility" time="0"/>
  <testcase name="testWriteHive4ReadHive4UsingNewConversion(String)[2136]" classname="org.apache.hadoop.hive.ql.io.parquet.serde.TestParquetTimestampsHive2Compatibility" time="0"/>
  <testcase name="testWriteHive4ReadHive4UsingNewConversion(String)[2137]" classname="org.apache.hadoop.hive.ql.io.parquet.serde.TestParquetTimestampsHive2Compatibility" time="0"/>
  <testcase name="testWriteHive4ReadHive4UsingNewConversion(String)[2138]" classname="org.apache.hadoop.hive.ql.io.parquet.serde.TestParquetTimestampsHive2Compatibility" time="0"/>
  <testcase name="testWriteHive4ReadHive4UsingNewConversion(String)[2139]" classname="org.apache.hadoop.hive.ql.io.parquet.serde.TestParquetTimestampsHive2Compatibility" time="0"/>
  <testcase name="testWriteHive4ReadHive4UsingNewConversion(String)[2140]" classname="org.apache.hadoop.hive.ql.io.parquet.serde.TestParquetTimestampsHive2Compatibility" time="0"/>
  <testcase name="testWriteHive4ReadHive4UsingNewConversion(String)[2141]" classname="org.apache.hadoop.hive.ql.io.parquet.serde.TestParquetTimestampsHive2Compatibility" time="0.001"/>
  <testcase name="testWriteHive4ReadHive4UsingNewConversion(String)[2142]" classname="org.apache.hadoop.hive.ql.io.parquet.serde.TestParquetTimestampsHive2Compatibility" time="0"/>
  <testcase name="testWriteHive4ReadHive4UsingNewConversion(String)[2143]" classname="org.apache.hadoop.hive.ql.io.parquet.serde.TestParquetTimestampsHive2Compatibility" time="0"/>
  <testcase name="testWriteHive4ReadHive4UsingNewConversion(String)[2144]" classname="org.apache.hadoop.hive.ql.io.parquet.serde.TestParquetTimestampsHive2Compatibility" time="0"/>
  <testcase name="testWriteHive4ReadHive4UsingNewConversion(String)[2145]" classname="org.apache.hadoop.hive.ql.io.parquet.serde.TestParquetTimestampsHive2Compatibility" time="0.001"/>
  <testcase name="testWriteHive4ReadHive4UsingNewConversion(String)[2146]" classname="org.apache.hadoop.hive.ql.io.parquet.serde.TestParquetTimestampsHive2Compatibility" time="0"/>
  <testcase name="testWriteHive4ReadHive4UsingNewConversion(String)[2147]" classname="org.apache.hadoop.hive.ql.io.parquet.serde.TestParquetTimestampsHive2Compatibility" time="0"/>
  <testcase name="testWriteHive4ReadHive4UsingNewConversion(String)[2148]" classname="org.apache.hadoop.hive.ql.io.parquet.serde.TestParquetTimestampsHive2Compatibility" time="0"/>
  <testcase name="testWriteHive4ReadHive4UsingNewConversion(String)[2149]" classname="org.apache.hadoop.hive.ql.io.parquet.serde.TestParquetTimestampsHive2Compatibility" time="0"/>
  <testcase name="testWriteHive4ReadHive4UsingNewConversion(String)[2150]" classname="org.apache.hadoop.hive.ql.io.parquet.serde.TestParquetTimestampsHive2Compatibility" time="0"/>
  <testcase name="testWriteHive4ReadHive4UsingNewConversion(String)[2151]" classname="org.apache.hadoop.hive.ql.io.parquet.serde.TestParquetTimestampsHive2Compatibility" time="0"/>
  <testcase name="testWriteHive4ReadHive4UsingNewConversion(String)[2152]" classname="org.apache.hadoop.hive.ql.io.parquet.serde.TestParquetTimestampsHive2Compatibility" time="0"/>
  <testcase name="testWriteHive4ReadHive4UsingNewConversion(String)[2153]" classname="org.apache.hadoop.hive.ql.io.parquet.serde.TestParquetTimestampsHive2Compatibility" time="0"/>
  <testcase name="testWriteHive4ReadHive4UsingNewConversion(String)[2154]" classname="org.apache.hadoop.hive.ql.io.parquet.serde.TestParquetTimestampsHive2Compatibility" time="0"/>
  <testcase name="testWriteHive4ReadHive4UsingNewConversion(String)[2155]" classname="org.apache.hadoop.hive.ql.io.parquet.serde.TestParquetTimestampsHive2Compatibility" time="0"/>
  <testcase name="testWriteHive4ReadHive4UsingNewConversion(String)[2156]" classname="org.apache.hadoop.hive.ql.io.parquet.serde.TestParquetTimestampsHive2Compatibility" time="0"/>
  <testcase name="testWriteHive4ReadHive4UsingNewConversion(String)[2157]" classname="org.apache.hadoop.hive.ql.io.parquet.serde.TestParquetTimestampsHive2Compatibility" time="0"/>
  <testcase name="testWriteHive4ReadHive4UsingNewConversion(String)[2158]" classname="org.apache.hadoop.hive.ql.io.parquet.serde.TestParquetTimestampsHive2Compatibility" time="0"/>
  <testcase name="testWriteHive4ReadHive4UsingNewConversion(String)[2159]" classname="org.apache.hadoop.hive.ql.io.parquet.serde.TestParquetTimestampsHive2Compatibility" time="0"/>
  <testcase name="testWriteHive4ReadHive4UsingNewConversion(String)[2160]" classname="org.apache.hadoop.hive.ql.io.parquet.serde.TestParquetTimestampsHive2Compatibility" time="0"/>
  <testcase name="testWriteHive4ReadHive4UsingNewConversion(String)[2161]" classname="org.apache.hadoop.hive.ql.io.parquet.serde.TestParquetTimestampsHive2Compatibility" time="0"/>
  <testcase name="testWriteHive4ReadHive4UsingNewConversion(String)[2162]" classname="org.apache.hadoop.hive.ql.io.parquet.serde.TestParquetTimestampsHive2Compatibility" time="0"/>
  <testcase name="testWriteHive4ReadHive4UsingNewConversion(String)[2163]" classname="org.apache.hadoop.hive.ql.io.parquet.serde.TestParquetTimestampsHive2Compatibility" time="0"/>
  <testcase name="testWriteHive4ReadHive4UsingNewConversion(String)[2164]" classname="org.apache.hadoop.hive.ql.io.parquet.serde.TestParquetTimestampsHive2Compatibility" time="0"/>
  <testcase name="testWriteHive4ReadHive4UsingNewConversion(String)[2165]" classname="org.apache.hadoop.hive.ql.io.parquet.serde.TestParquetTimestampsHive2Compatibility" time="0"/>
  <testcase name="testWriteHive4ReadHive4UsingNewConversion(String)[2166]" classname="org.apache.hadoop.hive.ql.io.parquet.serde.TestParquetTimestampsHive2Compatibility" time="0"/>
  <testcase name="testWriteHive4ReadHive4UsingNewConversion(String)[2167]" classname="org.apache.hadoop.hive.ql.io.parquet.serde.TestParquetTimestampsHive2Compatibility" time="0"/>
  <testcase name="testWriteHive4ReadHive4UsingNewConversion(String)[2168]" classname="org.apache.hadoop.hive.ql.io.parquet.serde.TestParquetTimestampsHive2Compatibility" time="0"/>
  <testcase name="testWriteHive4ReadHive4UsingNewConversion(String)[2169]" classname="org.apache.hadoop.hive.ql.io.parquet.serde.TestParquetTimestampsHive2Compatibility" time="0"/>
  <testcase name="testWriteHive4ReadHive4UsingNewConversion(String)[2170]" classname="org.apache.hadoop.hive.ql.io.parquet.serde.TestParquetTimestampsHive2Compatibility" time="0"/>
  <testcase name="testWriteHive4ReadHive4UsingNewConversion(String)[2171]" classname="org.apache.hadoop.hive.ql.io.parquet.serde.TestParquetTimestampsHive2Compatibility" time="0"/>
  <testcase name="testWriteHive4ReadHive4UsingNewConversion(String)[2172]" classname="org.apache.hadoop.hive.ql.io.parquet.serde.TestParquetTimestampsHive2Compatibility" time="0"/>
  <testcase name="testWriteHive4ReadHive4UsingNewConversion(String)[2173]" classname="org.apache.hadoop.hive.ql.io.parquet.serde.TestParquetTimestampsHive2Compatibility" time="0"/>
  <testcase name="testWriteHive4ReadHive4UsingNewConversion(String)[2174]" classname="org.apache.hadoop.hive.ql.io.parquet.serde.TestParquetTimestampsHive2Compatibility" time="0.001"/>
  <testcase name="testWriteHive4ReadHive4UsingNewConversion(String)[2175]" classname="org.apache.hadoop.hive.ql.io.parquet.serde.TestParquetTimestampsHive2Compatibility" time="0"/>
  <testcase name="testWriteHive4ReadHive4UsingNewConversion(String)[2176]" classname="org.apache.hadoop.hive.ql.io.parquet.serde.TestParquetTimestampsHive2Compatibility" time="0"/>
  <testcase name="testWriteHive4ReadHive4UsingNewConversion(String)[2177]" classname="org.apache.hadoop.hive.ql.io.parquet.serde.TestParquetTimestampsHive2Compatibility" time="0"/>
  <testcase name="testWriteHive4ReadHive4UsingNewConversion(String)[2178]" classname="org.apache.hadoop.hive.ql.io.parquet.serde.TestParquetTimestampsHive2Compatibility" time="0"/>
  <testcase name="testWriteHive4ReadHive4UsingNewConversion(String)[2179]" classname="org.apache.hadoop.hive.ql.io.parquet.serde.TestParquetTimestampsHive2Compatibility" time="0.001"/>
  <testcase name="testWriteHive4ReadHive4UsingNewConversion(String)[2180]" classname="org.apache.hadoop.hive.ql.io.parquet.serde.TestParquetTimestampsHive2Compatibility" time="0"/>
  <testcase name="testWriteHive4ReadHive4UsingNewConversion(String)[2181]" classname="org.apache.hadoop.hive.ql.io.parquet.serde.TestParquetTimestampsHive2Compatibility" time="0"/>
  <testcase name="testWriteHive4ReadHive4UsingNewConversion(String)[2182]" classname="org.apache.hadoop.hive.ql.io.parquet.serde.TestParquetTimestampsHive2Compatibility" time="0"/>
  <testcase name="testWriteHive4ReadHive4UsingNewConversion(String)[2183]" classname="org.apache.hadoop.hive.ql.io.parquet.serde.TestParquetTimestampsHive2Compatibility" time="0"/>
  <testcase name="testWriteHive4ReadHive4UsingNewConversion(String)[2184]" classname="org.apache.hadoop.hive.ql.io.parquet.serde.TestParquetTimestampsHive2Compatibility" time="0"/>
  <testcase name="testWriteHive4ReadHive4UsingNewConversion(String)[2185]" classname="org.apache.hadoop.hive.ql.io.parquet.serde.TestParquetTimestampsHive2Compatibility" time="0"/>
  <testcase name="testWriteHive4ReadHive4UsingNewConversion(String)[2186]" classname="org.apache.hadoop.hive.ql.io.parquet.serde.TestParquetTimestampsHive2Compatibility" time="0"/>
  <testcase name="testWriteHive4ReadHive4UsingNewConversion(String)[2187]" classname="org.apache.hadoop.hive.ql.io.parquet.serde.TestParquetTimestampsHive2Compatibility" time="0"/>
  <testcase name="testWriteHive4ReadHive4UsingNewConversion(String)[2188]" classname="org.apache.hadoop.hive.ql.io.parquet.serde.TestParquetTimestampsHive2Compatibility" time="0"/>
  <testcase name="testWriteHive4ReadHive4UsingNewConversion(String)[2189]" classname="org.apache.hadoop.hive.ql.io.parquet.serde.TestParquetTimestampsHive2Compatibility" time="0"/>
  <testcase name="testWriteHive4ReadHive4UsingNewConversion(String)[2190]" classname="org.apache.hadoop.hive.ql.io.parquet.serde.TestParquetTimestampsHive2Compatibility" time="0"/>
  <testcase name="testWriteHive4ReadHive4UsingNewConversion(String)[2191]" classname="org.apache.hadoop.hive.ql.io.parquet.serde.TestParquetTimestampsHive2Compatibility" time="0"/>
  <testcase name="testWriteHive4ReadHive4UsingNewConversion(String)[2192]" classname="org.apache.hadoop.hive.ql.io.parquet.serde.TestParquetTimestampsHive2Compatibility" time="0"/>
  <testcase name="testWriteHive4ReadHive4UsingNewConversion(String)[2193]" classname="org.apache.hadoop.hive.ql.io.parquet.serde.TestParquetTimestampsHive2Compatibility" time="0"/>
  <testcase name="testWriteHive4ReadHive4UsingNewConversion(String)[2194]" classname="org.apache.hadoop.hive.ql.io.parquet.serde.TestParquetTimestampsHive2Compatibility" time="0"/>
  <testcase name="testWriteHive4ReadHive4UsingNewConversion(String)[2195]" classname="org.apache.hadoop.hive.ql.io.parquet.serde.TestParquetTimestampsHive2Compatibility" time="0"/>
  <testcase name="testWriteHive4ReadHive4UsingNewConversion(String)[2196]" classname="org.apache.hadoop.hive.ql.io.parquet.serde.TestParquetTimestampsHive2Compatibility" time="0"/>
  <testcase name="testWriteHive4ReadHive4UsingNewConversion(String)[2197]" classname="org.apache.hadoop.hive.ql.io.parquet.serde.TestParquetTimestampsHive2Compatibility" time="0"/>
  <testcase name="testWriteHive4ReadHive4UsingNewConversion(String)[2198]" classname="org.apache.hadoop.hive.ql.io.parquet.serde.TestParquetTimestampsHive2Compatibility" time="0"/>
  <testcase name="testWriteHive4ReadHive4UsingNewConversion(String)[2199]" classname="org.apache.hadoop.hive.ql.io.parquet.serde.TestParquetTimestampsHive2Compatibility" time="0"/>
  <testcase name="testWriteHive4ReadHive4UsingNewConversion(String)[2200]" classname="org.apache.hadoop.hive.ql.io.parquet.serde.TestParquetTimestampsHive2Compatibility" time="0"/>
  <testcase name="testWriteHive4ReadHive4UsingNewConversion(String)[2201]" classname="org.apache.hadoop.hive.ql.io.parquet.serde.TestParquetTimestampsHive2Compatibility" time="0"/>
  <testcase name="testWriteHive4ReadHive4UsingNewConversion(String)[2202]" classname="org.apache.hadoop.hive.ql.io.parquet.serde.TestParquetTimestampsHive2Compatibility" time="0"/>
  <testcase name="testWriteHive4ReadHive4UsingNewConversion(String)[2203]" classname="org.apache.hadoop.hive.ql.io.parquet.serde.TestParquetTimestampsHive2Compatibility" time="0"/>
  <testcase name="testWriteHive4ReadHive4UsingNewConversion(String)[2204]" classname="org.apache.hadoop.hive.ql.io.parquet.serde.TestParquetTimestampsHive2Compatibility" time="0"/>
  <testcase name="testWriteHive4ReadHive4UsingNewConversion(String)[2205]" classname="org.apache.hadoop.hive.ql.io.parquet.serde.TestParquetTimestampsHive2Compatibility" time="0"/>
  <testcase name="testWriteHive4ReadHive4UsingNewConversion(String)[2206]" classname="org.apache.hadoop.hive.ql.io.parquet.serde.TestParquetTimestampsHive2Compatibility" time="0"/>
  <testcase name="testWriteHive4ReadHive4UsingNewConversion(String)[2207]" classname="org.apache.hadoop.hive.ql.io.parquet.serde.TestParquetTimestampsHive2Compatibility" time="0"/>
  <testcase name="testWriteHive4ReadHive4UsingNewConversion(String)[2208]" classname="org.apache.hadoop.hive.ql.io.parquet.serde.TestParquetTimestampsHive2Compatibility" time="0"/>
  <testcase name="testWriteHive4ReadHive4UsingNewConversion(String)[2209]" classname="org.apache.hadoop.hive.ql.io.parquet.serde.TestParquetTimestampsHive2Compatibility" time="0.001"/>
  <testcase name="testWriteHive4ReadHive4UsingNewConversion(String)[2210]" classname="org.apache.hadoop.hive.ql.io.parquet.serde.TestParquetTimestampsHive2Compatibility" time="0"/>
  <testcase name="testWriteHive4ReadHive4UsingNewConversion(String)[2211]" classname="org.apache.hadoop.hive.ql.io.parquet.serde.TestParquetTimestampsHive2Compatibility" time="0"/>
  <testcase name="testWriteHive4ReadHive4UsingNewConversion(String)[2212]" classname="org.apache.hadoop.hive.ql.io.parquet.serde.TestParquetTimestampsHive2Compatibility" time="0"/>
  <testcase name="testWriteHive4ReadHive4UsingNewConversion(String)[2213]" classname="org.apache.hadoop.hive.ql.io.parquet.serde.TestParquetTimestampsHive2Compatibility" time="0"/>
  <testcase name="testWriteHive4ReadHive4UsingNewConversion(String)[2214]" classname="org.apache.hadoop.hive.ql.io.parquet.serde.TestParquetTimestampsHive2Compatibility" time="0.001"/>
  <testcase name="testWriteHive4ReadHive4UsingNewConversion(String)[2215]" classname="org.apache.hadoop.hive.ql.io.parquet.serde.TestParquetTimestampsHive2Compatibility" time="0"/>
  <testcase name="testWriteHive4ReadHive4UsingNewConversion(String)[2216]" classname="org.apache.hadoop.hive.ql.io.parquet.serde.TestParquetTimestampsHive2Compatibility" time="0"/>
  <testcase name="testWriteHive4ReadHive4UsingNewConversion(String)[2217]" classname="org.apache.hadoop.hive.ql.io.parquet.serde.TestParquetTimestampsHive2Compatibility" time="0"/>
  <testcase name="testWriteHive4ReadHive4UsingNewConversion(String)[2218]" classname="org.apache.hadoop.hive.ql.io.parquet.serde.TestParquetTimestampsHive2Compatibility" time="0"/>
  <testcase name="testWriteHive4ReadHive4UsingNewConversion(String)[2219]" classname="org.apache.hadoop.hive.ql.io.parquet.serde.TestParquetTimestampsHive2Compatibility" time="0.001"/>
  <testcase name="testWriteHive4ReadHive4UsingNewConversion(String)[2220]" classname="org.apache.hadoop.hive.ql.io.parquet.serde.TestParquetTimestampsHive2Compatibility" time="0"/>
  <testcase name="testWriteHive4ReadHive4UsingNewConversion(String)[2221]" classname="org.apache.hadoop.hive.ql.io.parquet.serde.TestParquetTimestampsHive2Compatibility" time="0"/>
  <testcase name="testWriteHive4ReadHive4UsingNewConversion(String)[2222]" classname="org.apache.hadoop.hive.ql.io.parquet.serde.TestParquetTimestampsHive2Compatibility" time="0"/>
  <testcase name="testWriteHive4ReadHive4UsingNewConversion(String)[2223]" classname="org.apache.hadoop.hive.ql.io.parquet.serde.TestParquetTimestampsHive2Compatibility" time="0"/>
  <testcase name="testWriteHive4ReadHive4UsingNewConversion(String)[2224]" classname="org.apache.hadoop.hive.ql.io.parquet.serde.TestParquetTimestampsHive2Compatibility" time="0"/>
  <testcase name="testWriteHive4ReadHive4UsingNewConversion(String)[2225]" classname="org.apache.hadoop.hive.ql.io.parquet.serde.TestParquetTimestampsHive2Compatibility" time="0"/>
  <testcase name="testWriteHive4ReadHive4UsingNewConversion(String)[2226]" classname="org.apache.hadoop.hive.ql.io.parquet.serde.TestParquetTimestampsHive2Compatibility" time="0"/>
  <testcase name="testWriteHive4ReadHive4UsingNewConversion(String)[2227]" classname="org.apache.hadoop.hive.ql.io.parquet.serde.TestParquetTimestampsHive2Compatibility" time="0"/>
  <testcase name="testWriteHive4ReadHive4UsingNewConversion(String)[2228]" classname="org.apache.hadoop.hive.ql.io.parquet.serde.TestParquetTimestampsHive2Compatibility" time="0"/>
  <testcase name="testWriteHive4ReadHive4UsingNewConversion(String)[2229]" classname="org.apache.hadoop.hive.ql.io.parquet.serde.TestParquetTimestampsHive2Compatibility" time="0"/>
  <testcase name="testWriteHive4ReadHive4UsingNewConversion(String)[2230]" classname="org.apache.hadoop.hive.ql.io.parquet.serde.TestParquetTimestampsHive2Compatibility" time="0"/>
  <testcase name="testWriteHive4ReadHive4UsingNewConversion(String)[2231]" classname="org.apache.hadoop.hive.ql.io.parquet.serde.TestParquetTimestampsHive2Compatibility" time="0"/>
  <testcase name="testWriteHive4ReadHive4UsingNewConversion(String)[2232]" classname="org.apache.hadoop.hive.ql.io.parquet.serde.TestParquetTimestampsHive2Compatibility" time="0"/>
  <testcase name="testWriteHive4ReadHive4UsingNewConversion(String)[2233]" classname="org.apache.hadoop.hive.ql.io.parquet.serde.TestParquetTimestampsHive2Compatibility" time="0"/>
  <testcase name="testWriteHive4ReadHive4UsingNewConversion(String)[2234]" classname="org.apache.hadoop.hive.ql.io.parquet.serde.TestParquetTimestampsHive2Compatibility" time="0.001"/>
  <testcase name="testWriteHive4ReadHive4UsingNewConversion(String)[2235]" classname="org.apache.hadoop.hive.ql.io.parquet.serde.TestParquetTimestampsHive2Compatibility" time="0"/>
  <testcase name="testWriteHive4ReadHive4UsingNewConversion(String)[2236]" classname="org.apache.hadoop.hive.ql.io.parquet.serde.TestParquetTimestampsHive2Compatibility" time="0"/>
  <testcase name="testWriteHive4ReadHive4UsingNewConversion(String)[2237]" classname="org.apache.hadoop.hive.ql.io.parquet.serde.TestParquetTimestampsHive2Compatibility" time="0"/>
  <testcase name="testWriteHive4ReadHive4UsingNewConversion(String)[2238]" classname="org.apache.hadoop.hive.ql.io.parquet.serde.TestParquetTimestampsHive2Compatibility" time="0"/>
  <testcase name="testWriteHive4ReadHive4UsingNewConversion(String)[2239]" classname="org.apache.hadoop.hive.ql.io.parquet.serde.TestParquetTimestampsHive2Compatibility" time="0"/>
  <testcase name="testWriteHive4ReadHive4UsingNewConversion(String)[2240]" classname="org.apache.hadoop.hive.ql.io.parquet.serde.TestParquetTimestampsHive2Compatibility" time="0"/>
  <testcase name="testWriteHive4ReadHive4UsingNewConversion(String)[2241]" classname="org.apache.hadoop.hive.ql.io.parquet.serde.TestParquetTimestampsHive2Compatibility" time="0"/>
  <testcase name="testWriteHive4ReadHive4UsingNewConversion(String)[2242]" classname="org.apache.hadoop.hive.ql.io.parquet.serde.TestParquetTimestampsHive2Compatibility" time="0"/>
  <testcase name="testWriteHive4ReadHive4UsingNewConversion(String)[2243]" classname="org.apache.hadoop.hive.ql.io.parquet.serde.TestParquetTimestampsHive2Compatibility" time="0"/>
  <testcase name="testWriteHive4ReadHive4UsingNewConversion(String)[2244]" classname="org.apache.hadoop.hive.ql.io.parquet.serde.TestParquetTimestampsHive2Compatibility" time="0.001"/>
  <testcase name="testWriteHive4ReadHive4UsingNewConversion(String)[2245]" classname="org.apache.hadoop.hive.ql.io.parquet.serde.TestParquetTimestampsHive2Compatibility" time="0"/>
  <testcase name="testWriteHive4ReadHive4UsingNewConversion(String)[2246]" classname="org.apache.hadoop.hive.ql.io.parquet.serde.TestParquetTimestampsHive2Compatibility" time="0"/>
  <testcase name="testWriteHive4ReadHive4UsingNewConversion(String)[2247]" classname="org.apache.hadoop.hive.ql.io.parquet.serde.TestParquetTimestampsHive2Compatibility" time="0"/>
  <testcase name="testWriteHive4ReadHive4UsingNewConversion(String)[2248]" classname="org.apache.hadoop.hive.ql.io.parquet.serde.TestParquetTimestampsHive2Compatibility" time="0"/>
  <testcase name="testWriteHive4ReadHive4UsingNewConversion(String)[2249]" classname="org.apache.hadoop.hive.ql.io.parquet.serde.TestParquetTimestampsHive2Compatibility" time="0.001"/>
  <testcase name="testWriteHive4ReadHive4UsingNewConversion(String)[2250]" classname="org.apache.hadoop.hive.ql.io.parquet.serde.TestParquetTimestampsHive2Compatibility" time="0"/>
  <testcase name="testWriteHive4ReadHive4UsingNewConversion(String)[2251]" classname="org.apache.hadoop.hive.ql.io.parquet.serde.TestParquetTimestampsHive2Compatibility" time="0"/>
  <testcase name="testWriteHive4ReadHive4UsingNewConversion(String)[2252]" classname="org.apache.hadoop.hive.ql.io.parquet.serde.TestParquetTimestampsHive2Compatibility" time="0"/>
  <testcase name="testWriteHive4ReadHive4UsingNewConversion(String)[2253]" classname="org.apache.hadoop.hive.ql.io.parquet.serde.TestParquetTimestampsHive2Compatibility" time="0"/>
  <testcase name="testWriteHive4ReadHive4UsingNewConversion(String)[2254]" classname="org.apache.hadoop.hive.ql.io.parquet.serde.TestParquetTimestampsHive2Compatibility" time="0"/>
  <testcase name="testWriteHive4ReadHive4UsingNewConversion(String)[2255]" classname="org.apache.hadoop.hive.ql.io.parquet.serde.TestParquetTimestampsHive2Compatibility" time="0"/>
  <testcase name="testWriteHive4ReadHive4UsingNewConversion(String)[2256]" classname="org.apache.hadoop.hive.ql.io.parquet.serde.TestParquetTimestampsHive2Compatibility" time="0"/>
  <testcase name="testWriteHive4ReadHive4UsingNewConversion(String)[2257]" classname="org.apache.hadoop.hive.ql.io.parquet.serde.TestParquetTimestampsHive2Compatibility" time="0"/>
  <testcase name="testWriteHive4ReadHive4UsingNewConversion(String)[2258]" classname="org.apache.hadoop.hive.ql.io.parquet.serde.TestParquetTimestampsHive2Compatibility" time="0"/>
  <testcase name="testWriteHive4ReadHive4UsingNewConversion(String)[2259]" classname="org.apache.hadoop.hive.ql.io.parquet.serde.TestParquetTimestampsHive2Compatibility" time="0"/>
  <testcase name="testWriteHive4ReadHive4UsingNewConversion(String)[2260]" classname="org.apache.hadoop.hive.ql.io.parquet.serde.TestParquetTimestampsHive2Compatibility" time="0"/>
  <testcase name="testWriteHive4ReadHive4UsingNewConversion(String)[2261]" classname="org.apache.hadoop.hive.ql.io.parquet.serde.TestParquetTimestampsHive2Compatibility" time="0"/>
  <testcase name="testWriteHive4ReadHive4UsingNewConversion(String)[2262]" classname="org.apache.hadoop.hive.ql.io.parquet.serde.TestParquetTimestampsHive2Compatibility" time="0"/>
  <testcase name="testWriteHive4ReadHive4UsingNewConversion(String)[2263]" classname="org.apache.hadoop.hive.ql.io.parquet.serde.TestParquetTimestampsHive2Compatibility" time="0"/>
  <testcase name="testWriteHive4ReadHive4UsingNewConversion(String)[2264]" classname="org.apache.hadoop.hive.ql.io.parquet.serde.TestParquetTimestampsHive2Compatibility" time="0"/>
  <testcase name="testWriteHive4ReadHive4UsingNewConversion(String)[2265]" classname="org.apache.hadoop.hive.ql.io.parquet.serde.TestParquetTimestampsHive2Compatibility" time="0"/>
  <testcase name="testWriteHive4ReadHive4UsingNewConversion(String)[2266]" classname="org.apache.hadoop.hive.ql.io.parquet.serde.TestParquetTimestampsHive2Compatibility" time="0"/>
  <testcase name="testWriteHive4ReadHive4UsingNewConversion(String)[2267]" classname="org.apache.hadoop.hive.ql.io.parquet.serde.TestParquetTimestampsHive2Compatibility" time="0"/>
  <testcase name="testWriteHive4ReadHive4UsingNewConversion(String)[2268]" classname="org.apache.hadoop.hive.ql.io.parquet.serde.TestParquetTimestampsHive2Compatibility" time="0"/>
  <testcase name="testWriteHive4ReadHive4UsingNewConversion(String)[2269]" classname="org.apache.hadoop.hive.ql.io.parquet.serde.TestParquetTimestampsHive2Compatibility" time="0"/>
  <testcase name="testWriteHive4ReadHive4UsingNewConversion(String)[2270]" classname="org.apache.hadoop.hive.ql.io.parquet.serde.TestParquetTimestampsHive2Compatibility" time="0.001"/>
  <testcase name="testWriteHive4ReadHive4UsingNewConversion(String)[2271]" classname="org.apache.hadoop.hive.ql.io.parquet.serde.TestParquetTimestampsHive2Compatibility" time="0"/>
  <testcase name="testWriteHive4ReadHive4UsingNewConversion(String)[2272]" classname="org.apache.hadoop.hive.ql.io.parquet.serde.TestParquetTimestampsHive2Compatibility" time="0"/>
  <testcase name="testWriteHive4ReadHive4UsingNewConversion(String)[2273]" classname="org.apache.hadoop.hive.ql.io.parquet.serde.TestParquetTimestampsHive2Compatibility" time="0"/>
  <testcase name="testWriteHive4ReadHive4UsingNewConversion(String)[2274]" classname="org.apache.hadoop.hive.ql.io.parquet.serde.TestParquetTimestampsHive2Compatibility" time="0"/>
  <testcase name="testWriteHive4ReadHive4UsingNewConversion(String)[2275]" classname="org.apache.hadoop.hive.ql.io.parquet.serde.TestParquetTimestampsHive2Compatibility" time="0.001"/>
  <testcase name="testWriteHive4ReadHive4UsingNewConversion(String)[2276]" classname="org.apache.hadoop.hive.ql.io.parquet.serde.TestParquetTimestampsHive2Compatibility" time="0"/>
  <testcase name="testWriteHive4ReadHive4UsingNewConversion(String)[2277]" classname="org.apache.hadoop.hive.ql.io.parquet.serde.TestParquetTimestampsHive2Compatibility" time="0"/>
  <testcase name="testWriteHive4ReadHive4UsingNewConversion(String)[2278]" classname="org.apache.hadoop.hive.ql.io.parquet.serde.TestParquetTimestampsHive2Compatibility" time="0"/>
  <testcase name="testWriteHive4ReadHive4UsingNewConversion(String)[2279]" classname="org.apache.hadoop.hive.ql.io.parquet.serde.TestParquetTimestampsHive2Compatibility" time="0"/>
  <testcase name="testWriteHive4ReadHive4UsingNewConversion(String)[2280]" classname="org.apache.hadoop.hive.ql.io.parquet.serde.TestParquetTimestampsHive2Compatibility" time="0"/>
  <testcase name="testWriteHive4ReadHive4UsingNewConversion(String)[2281]" classname="org.apache.hadoop.hive.ql.io.parquet.serde.TestParquetTimestampsHive2Compatibility" time="0"/>
  <testcase name="testWriteHive4ReadHive4UsingNewConversion(String)[2282]" classname="org.apache.hadoop.hive.ql.io.parquet.serde.TestParquetTimestampsHive2Compatibility" time="0"/>
  <testcase name="testWriteHive4ReadHive4UsingNewConversion(String)[2283]" classname="org.apache.hadoop.hive.ql.io.parquet.serde.TestParquetTimestampsHive2Compatibility" time="0"/>
  <testcase name="testWriteHive4ReadHive4UsingNewConversion(String)[2284]" classname="org.apache.hadoop.hive.ql.io.parquet.serde.TestParquetTimestampsHive2Compatibility" time="0"/>
  <testcase name="testWriteHive4ReadHive4UsingNewConversion(String)[2285]" classname="org.apache.hadoop.hive.ql.io.parquet.serde.TestParquetTimestampsHive2Compatibility" time="0"/>
  <testcase name="testWriteHive4ReadHive4UsingNewConversion(String)[2286]" classname="org.apache.hadoop.hive.ql.io.parquet.serde.TestParquetTimestampsHive2Compatibility" time="0.001"/>
  <testcase name="testWriteHive4ReadHive4UsingNewConversion(String)[2287]" classname="org.apache.hadoop.hive.ql.io.parquet.serde.TestParquetTimestampsHive2Compatibility" time="0"/>
  <testcase name="testWriteHive4ReadHive4UsingNewConversion(String)[2288]" classname="org.apache.hadoop.hive.ql.io.parquet.serde.TestParquetTimestampsHive2Compatibility" time="0"/>
  <testcase name="testWriteHive4ReadHive4UsingNewConversion(String)[2289]" classname="org.apache.hadoop.hive.ql.io.parquet.serde.TestParquetTimestampsHive2Compatibility" time="0"/>
  <testcase name="testWriteHive4ReadHive4UsingNewConversion(String)[2290]" classname="org.apache.hadoop.hive.ql.io.parquet.serde.TestParquetTimestampsHive2Compatibility" time="0"/>
  <testcase name="testWriteHive4ReadHive4UsingNewConversion(String)[2291]" classname="org.apache.hadoop.hive.ql.io.parquet.serde.TestParquetTimestampsHive2Compatibility" time="0"/>
  <testcase name="testWriteHive4ReadHive4UsingNewConversion(String)[2292]" classname="org.apache.hadoop.hive.ql.io.parquet.serde.TestParquetTimestampsHive2Compatibility" time="0"/>
  <testcase name="testWriteHive4ReadHive4UsingNewConversion(String)[2293]" classname="org.apache.hadoop.hive.ql.io.parquet.serde.TestParquetTimestampsHive2Compatibility" time="0"/>
  <testcase name="testWriteHive4ReadHive4UsingNewConversion(String)[2294]" classname="org.apache.hadoop.hive.ql.io.parquet.serde.TestParquetTimestampsHive2Compatibility" time="0"/>
  <testcase name="testWriteHive4ReadHive4UsingNewConversion(String)[2295]" classname="org.apache.hadoop.hive.ql.io.parquet.serde.TestParquetTimestampsHive2Compatibility" time="0"/>
  <testcase name="testWriteHive4ReadHive4UsingNewConversion(String)[2296]" classname="org.apache.hadoop.hive.ql.io.parquet.serde.TestParquetTimestampsHive2Compatibility" time="0"/>
  <testcase name="testWriteHive4ReadHive4UsingNewConversion(String)[2297]" classname="org.apache.hadoop.hive.ql.io.parquet.serde.TestParquetTimestampsHive2Compatibility" time="0.001"/>
  <testcase name="testWriteHive4ReadHive4UsingNewConversion(String)[2298]" classname="org.apache.hadoop.hive.ql.io.parquet.serde.TestParquetTimestampsHive2Compatibility" time="0"/>
  <testcase name="testWriteHive4ReadHive4UsingNewConversion(String)[2299]" classname="org.apache.hadoop.hive.ql.io.parquet.serde.TestParquetTimestampsHive2Compatibility" time="0"/>
  <testcase name="testWriteHive4ReadHive4UsingNewConversion(String)[2300]" classname="org.apache.hadoop.hive.ql.io.parquet.serde.TestParquetTimestampsHive2Compatibility" time="0"/>
  <testcase name="testWriteHive4ReadHive4UsingNewConversion(String)[2301]" classname="org.apache.hadoop.hive.ql.io.parquet.serde.TestParquetTimestampsHive2Compatibility" time="0"/>
  <testcase name="testWriteHive4ReadHive4UsingNewConversion(String)[2302]" classname="org.apache.hadoop.hive.ql.io.parquet.serde.TestParquetTimestampsHive2Compatibility" time="0"/>
  <testcase name="testWriteHive4ReadHive4UsingNewConversion(String)[2303]" classname="org.apache.hadoop.hive.ql.io.parquet.serde.TestParquetTimestampsHive2Compatibility" time="0"/>
  <testcase name="testWriteHive4ReadHive4UsingNewConversion(String)[2304]" classname="org.apache.hadoop.hive.ql.io.parquet.serde.TestParquetTimestampsHive2Compatibility" time="0"/>
  <testcase name="testWriteHive4ReadHive4UsingNewConversion(String)[2305]" classname="org.apache.hadoop.hive.ql.io.parquet.serde.TestParquetTimestampsHive2Compatibility" time="0"/>
  <testcase name="testWriteHive4ReadHive4UsingNewConversion(String)[2306]" classname="org.apache.hadoop.hive.ql.io.parquet.serde.TestParquetTimestampsHive2Compatibility" time="0"/>
  <testcase name="testWriteHive4ReadHive4UsingNewConversion(String)[2307]" classname="org.apache.hadoop.hive.ql.io.parquet.serde.TestParquetTimestampsHive2Compatibility" time="0.001"/>
  <testcase name="testWriteHive4ReadHive4UsingNewConversion(String)[2308]" classname="org.apache.hadoop.hive.ql.io.parquet.serde.TestParquetTimestampsHive2Compatibility" time="0"/>
  <testcase name="testWriteHive4ReadHive4UsingNewConversion(String)[2309]" classname="org.apache.hadoop.hive.ql.io.parquet.serde.TestParquetTimestampsHive2Compatibility" time="0"/>
  <testcase name="testWriteHive4ReadHive4UsingNewConversion(String)[2310]" classname="org.apache.hadoop.hive.ql.io.parquet.serde.TestParquetTimestampsHive2Compatibility" time="0"/>
  <testcase name="testWriteHive4ReadHive4UsingNewConversion(String)[2311]" classname="org.apache.hadoop.hive.ql.io.parquet.serde.TestParquetTimestampsHive2Compatibility" time="0"/>
  <testcase name="testWriteHive4ReadHive4UsingNewConversion(String)[2312]" classname="org.apache.hadoop.hive.ql.io.parquet.serde.TestParquetTimestampsHive2Compatibility" time="0.001"/>
  <testcase name="testWriteHive4ReadHive4UsingNewConversion(String)[2313]" classname="org.apache.hadoop.hive.ql.io.parquet.serde.TestParquetTimestampsHive2Compatibility" time="0"/>
  <testcase name="testWriteHive4ReadHive4UsingNewConversion(String)[2314]" classname="org.apache.hadoop.hive.ql.io.parquet.serde.TestParquetTimestampsHive2Compatibility" time="0"/>
  <testcase name="testWriteHive4ReadHive4UsingNewConversion(String)[2315]" classname="org.apache.hadoop.hive.ql.io.parquet.serde.TestParquetTimestampsHive2Compatibility" time="0"/>
  <testcase name="testWriteHive4ReadHive4UsingNewConversion(String)[2316]" classname="org.apache.hadoop.hive.ql.io.parquet.serde.TestParquetTimestampsHive2Compatibility" time="0"/>
  <testcase name="testWriteHive4ReadHive4UsingNewConversion(String)[2317]" classname="org.apache.hadoop.hive.ql.io.parquet.serde.TestParquetTimestampsHive2Compatibility" time="0"/>
  <testcase name="testWriteHive4ReadHive4UsingNewConversion(String)[2318]" classname="org.apache.hadoop.hive.ql.io.parquet.serde.TestParquetTimestampsHive2Compatibility" time="0"/>
  <testcase name="testWriteHive4ReadHive4UsingNewConversion(String)[2319]" classname="org.apache.hadoop.hive.ql.io.parquet.serde.TestParquetTimestampsHive2Compatibility" time="0"/>
  <testcase name="testWriteHive4ReadHive4UsingNewConversion(String)[2320]" classname="org.apache.hadoop.hive.ql.io.parquet.serde.TestParquetTimestampsHive2Compatibility" time="0"/>
  <testcase name="testWriteHive4ReadHive4UsingNewConversion(String)[2321]" classname="org.apache.hadoop.hive.ql.io.parquet.serde.TestParquetTimestampsHive2Compatibility" time="0"/>
  <testcase name="testWriteHive4ReadHive4UsingNewConversion(String)[2322]" classname="org.apache.hadoop.hive.ql.io.parquet.serde.TestParquetTimestampsHive2Compatibility" time="0"/>
  <testcase name="testWriteHive4ReadHive4UsingNewConversion(String)[2323]" classname="org.apache.hadoop.hive.ql.io.parquet.serde.TestParquetTimestampsHive2Compatibility" time="0"/>
  <testcase name="testWriteHive4ReadHive4UsingNewConversion(String)[2324]" classname="org.apache.hadoop.hive.ql.io.parquet.serde.TestParquetTimestampsHive2Compatibility" time="0"/>
  <testcase name="testWriteHive4ReadHive4UsingNewConversion(String)[2325]" classname="org.apache.hadoop.hive.ql.io.parquet.serde.TestParquetTimestampsHive2Compatibility" time="0"/>
  <testcase name="testWriteHive4ReadHive4UsingNewConversion(String)[2326]" classname="org.apache.hadoop.hive.ql.io.parquet.serde.TestParquetTimestampsHive2Compatibility" time="0"/>
  <testcase name="testWriteHive4ReadHive4UsingNewConversion(String)[2327]" classname="org.apache.hadoop.hive.ql.io.parquet.serde.TestParquetTimestampsHive2Compatibility" time="0"/>
  <testcase name="testWriteHive4ReadHive4UsingNewConversion(String)[2328]" classname="org.apache.hadoop.hive.ql.io.parquet.serde.TestParquetTimestampsHive2Compatibility" time="0.001"/>
  <testcase name="testWriteHive4ReadHive4UsingNewConversion(String)[2329]" classname="org.apache.hadoop.hive.ql.io.parquet.serde.TestParquetTimestampsHive2Compatibility" time="0"/>
  <testcase name="testWriteHive4ReadHive4UsingNewConversion(String)[2330]" classname="org.apache.hadoop.hive.ql.io.parquet.serde.TestParquetTimestampsHive2Compatibility" time="0"/>
  <testcase name="testWriteHive4ReadHive4UsingNewConversion(String)[2331]" classname="org.apache.hadoop.hive.ql.io.parquet.serde.TestParquetTimestampsHive2Compatibility" time="0"/>
  <testcase name="testWriteHive4ReadHive4UsingNewConversion(String)[2332]" classname="org.apache.hadoop.hive.ql.io.parquet.serde.TestParquetTimestampsHive2Compatibility" time="0"/>
  <testcase name="testWriteHive4ReadHive4UsingNewConversion(String)[2333]" classname="org.apache.hadoop.hive.ql.io.parquet.serde.TestParquetTimestampsHive2Compatibility" time="0"/>
  <testcase name="testWriteHive4ReadHive4UsingNewConversion(String)[2334]" classname="org.apache.hadoop.hive.ql.io.parquet.serde.TestParquetTimestampsHive2Compatibility" time="0"/>
  <testcase name="testWriteHive4ReadHive4UsingNewConversion(String)[2335]" classname="org.apache.hadoop.hive.ql.io.parquet.serde.TestParquetTimestampsHive2Compatibility" time="0"/>
  <testcase name="testWriteHive4ReadHive4UsingNewConversion(String)[2336]" classname="org.apache.hadoop.hive.ql.io.parquet.serde.TestParquetTimestampsHive2Compatibility" time="0"/>
  <testcase name="testWriteHive4ReadHive4UsingNewConversion(String)[2337]" classname="org.apache.hadoop.hive.ql.io.parquet.serde.TestParquetTimestampsHive2Compatibility" time="0"/>
  <testcase name="testWriteHive4ReadHive4UsingNewConversion(String)[2338]" classname="org.apache.hadoop.hive.ql.io.parquet.serde.TestParquetTimestampsHive2Compatibility" time="0"/>
  <testcase name="testWriteHive4ReadHive4UsingNewConversion(String)[2339]" classname="org.apache.hadoop.hive.ql.io.parquet.serde.TestParquetTimestampsHive2Compatibility" time="0"/>
  <testcase name="testWriteHive4ReadHive4UsingNewConversion(String)[2340]" classname="org.apache.hadoop.hive.ql.io.parquet.serde.TestParquetTimestampsHive2Compatibility" time="0"/>
  <testcase name="testWriteHive4ReadHive4UsingNewConversion(String)[2341]" classname="org.apache.hadoop.hive.ql.io.parquet.serde.TestParquetTimestampsHive2Compatibility" time="0"/>
  <testcase name="testWriteHive4ReadHive4UsingNewConversion(String)[2342]" classname="org.apache.hadoop.hive.ql.io.parquet.serde.TestParquetTimestampsHive2Compatibility" time="0"/>
  <testcase name="testWriteHive4ReadHive4UsingNewConversion(String)[2343]" classname="org.apache.hadoop.hive.ql.io.parquet.serde.TestParquetTimestampsHive2Compatibility" time="0"/>
  <testcase name="testWriteHive4ReadHive4UsingNewConversion(String)[2344]" classname="org.apache.hadoop.hive.ql.io.parquet.serde.TestParquetTimestampsHive2Compatibility" time="0"/>
  <testcase name="testWriteHive4ReadHive4UsingNewConversion(String)[2345]" classname="org.apache.hadoop.hive.ql.io.parquet.serde.TestParquetTimestampsHive2Compatibility" time="0"/>
  <testcase name="testWriteHive4ReadHive4UsingNewConversion(String)[2346]" classname="org.apache.hadoop.hive.ql.io.parquet.serde.TestParquetTimestampsHive2Compatibility" time="0"/>
  <testcase name="testWriteHive4ReadHive4UsingNewConversion(String)[2347]" classname="org.apache.hadoop.hive.ql.io.parquet.serde.TestParquetTimestampsHive2Compatibility" time="0"/>
  <testcase name="testWriteHive4ReadHive4UsingNewConversion(String)[2348]" classname="org.apache.hadoop.hive.ql.io.parquet.serde.TestParquetTimestampsHive2Compatibility" time="0"/>
  <testcase name="testWriteHive4ReadHive4UsingNewConversion(String)[2349]" classname="org.apache.hadoop.hive.ql.io.parquet.serde.TestParquetTimestampsHive2Compatibility" time="0.001"/>
  <testcase name="testWriteHive4ReadHive4UsingNewConversion(String)[2350]" classname="org.apache.hadoop.hive.ql.io.parquet.serde.TestParquetTimestampsHive2Compatibility" time="0"/>
  <testcase name="testWriteHive4ReadHive4UsingNewConversion(String)[2351]" classname="org.apache.hadoop.hive.ql.io.parquet.serde.TestParquetTimestampsHive2Compatibility" time="0"/>
  <testcase name="testWriteHive4ReadHive4UsingNewConversion(String)[2352]" classname="org.apache.hadoop.hive.ql.io.parquet.serde.TestParquetTimestampsHive2Compatibility" time="0"/>
  <testcase name="testWriteHive4ReadHive4UsingNewConversion(String)[2353]" classname="org.apache.hadoop.hive.ql.io.parquet.serde.TestParquetTimestampsHive2Compatibility" time="0"/>
  <testcase name="testWriteHive4ReadHive4UsingNewConversion(String)[2354]" classname="org.apache.hadoop.hive.ql.io.parquet.serde.TestParquetTimestampsHive2Compatibility" time="0"/>
  <testcase name="testWriteHive4ReadHive4UsingNewConversion(String)[2355]" classname="org.apache.hadoop.hive.ql.io.parquet.serde.TestParquetTimestampsHive2Compatibility" time="0"/>
  <testcase name="testWriteHive4ReadHive4UsingNewConversion(String)[2356]" classname="org.apache.hadoop.hive.ql.io.parquet.serde.TestParquetTimestampsHive2Compatibility" time="0"/>
  <testcase name="testWriteHive4ReadHive4UsingNewConversion(String)[2357]" classname="org.apache.hadoop.hive.ql.io.parquet.serde.TestParquetTimestampsHive2Compatibility" time="0"/>
  <testcase name="testWriteHive4ReadHive4UsingNewConversion(String)[2358]" classname="org.apache.hadoop.hive.ql.io.parquet.serde.TestParquetTimestampsHive2Compatibility" time="0"/>
  <testcase name="testWriteHive4ReadHive4UsingNewConversion(String)[2359]" classname="org.apache.hadoop.hive.ql.io.parquet.serde.TestParquetTimestampsHive2Compatibility" time="0"/>
  <testcase name="testWriteHive4ReadHive4UsingNewConversion(String)[2360]" classname="org.apache.hadoop.hive.ql.io.parquet.serde.TestParquetTimestampsHive2Compatibility" time="0.001"/>
  <testcase name="testWriteHive4ReadHive4UsingNewConversion(String)[2361]" classname="org.apache.hadoop.hive.ql.io.parquet.serde.TestParquetTimestampsHive2Compatibility" time="0"/>
  <testcase name="testWriteHive4ReadHive4UsingNewConversion(String)[2362]" classname="org.apache.hadoop.hive.ql.io.parquet.serde.TestParquetTimestampsHive2Compatibility" time="0"/>
  <testcase name="testWriteHive4ReadHive4UsingNewConversion(String)[2363]" classname="org.apache.hadoop.hive.ql.io.parquet.serde.TestParquetTimestampsHive2Compatibility" time="0"/>
  <testcase name="testWriteHive4ReadHive4UsingNewConversion(String)[2364]" classname="org.apache.hadoop.hive.ql.io.parquet.serde.TestParquetTimestampsHive2Compatibility" time="0"/>
  <testcase name="testWriteHive4ReadHive4UsingNewConversion(String)[2365]" classname="org.apache.hadoop.hive.ql.io.parquet.serde.TestParquetTimestampsHive2Compatibility" time="0"/>
  <testcase name="testWriteHive4ReadHive4UsingNewConversion(String)[2366]" classname="org.apache.hadoop.hive.ql.io.parquet.serde.TestParquetTimestampsHive2Compatibility" time="0"/>
  <testcase name="testWriteHive4ReadHive4UsingNewConversion(String)[2367]" classname="org.apache.hadoop.hive.ql.io.parquet.serde.TestParquetTimestampsHive2Compatibility" time="0"/>
  <testcase name="testWriteHive4ReadHive4UsingNewConversion(String)[2368]" classname="org.apache.hadoop.hive.ql.io.parquet.serde.TestParquetTimestampsHive2Compatibility" time="0"/>
  <testcase name="testWriteHive4ReadHive4UsingNewConversion(String)[2369]" classname="org.apache.hadoop.hive.ql.io.parquet.serde.TestParquetTimestampsHive2Compatibility" time="0"/>
  <testcase name="testWriteHive4ReadHive4UsingNewConversion(String)[2370]" classname="org.apache.hadoop.hive.ql.io.parquet.serde.TestParquetTimestampsHive2Compatibility" time="0"/>
  <testcase name="testWriteHive4ReadHive4UsingNewConversion(String)[2371]" classname="org.apache.hadoop.hive.ql.io.parquet.serde.TestParquetTimestampsHive2Compatibility" time="0"/>
  <testcase name="testWriteHive4ReadHive4UsingNewConversion(String)[2372]" classname="org.apache.hadoop.hive.ql.io.parquet.serde.TestParquetTimestampsHive2Compatibility" time="0"/>
  <testcase name="testWriteHive4ReadHive4UsingNewConversion(String)[2373]" classname="org.apache.hadoop.hive.ql.io.parquet.serde.TestParquetTimestampsHive2Compatibility" time="0"/>
  <testcase name="testWriteHive4ReadHive4UsingNewConversion(String)[2374]" classname="org.apache.hadoop.hive.ql.io.parquet.serde.TestParquetTimestampsHive2Compatibility" time="0"/>
  <testcase name="testWriteHive4ReadHive4UsingNewConversion(String)[2375]" classname="org.apache.hadoop.hive.ql.io.parquet.serde.TestParquetTimestampsHive2Compatibility" time="0"/>
  <testcase name="testWriteHive4ReadHive4UsingNewConversion(String)[2376]" classname="org.apache.hadoop.hive.ql.io.parquet.serde.TestParquetTimestampsHive2Compatibility" time="0"/>
  <testcase name="testWriteHive4ReadHive4UsingNewConversion(String)[2377]" classname="org.apache.hadoop.hive.ql.io.parquet.serde.TestParquetTimestampsHive2Compatibility" time="0"/>
  <testcase name="testWriteHive4ReadHive4UsingNewConversion(String)[2378]" classname="org.apache.hadoop.hive.ql.io.parquet.serde.TestParquetTimestampsHive2Compatibility" time="0"/>
  <testcase name="testWriteHive4ReadHive4UsingNewConversion(String)[2379]" classname="org.apache.hadoop.hive.ql.io.parquet.serde.TestParquetTimestampsHive2Compatibility" time="0"/>
  <testcase name="testWriteHive4ReadHive4UsingNewConversion(String)[2380]" classname="org.apache.hadoop.hive.ql.io.parquet.serde.TestParquetTimestampsHive2Compatibility" time="0"/>
  <testcase name="testWriteHive4ReadHive4UsingNewConversion(String)[2381]" classname="org.apache.hadoop.hive.ql.io.parquet.serde.TestParquetTimestampsHive2Compatibility" time="0"/>
  <testcase name="testWriteHive4ReadHive4UsingNewConversion(String)[2382]" classname="org.apache.hadoop.hive.ql.io.parquet.serde.TestParquetTimestampsHive2Compatibility" time="0"/>
  <testcase name="testWriteHive4ReadHive4UsingNewConversion(String)[2383]" classname="org.apache.hadoop.hive.ql.io.parquet.serde.TestParquetTimestampsHive2Compatibility" time="0"/>
  <testcase name="testWriteHive4ReadHive4UsingNewConversion(String)[2384]" classname="org.apache.hadoop.hive.ql.io.parquet.serde.TestParquetTimestampsHive2Compatibility" time="0"/>
  <testcase name="testWriteHive4ReadHive4UsingNewConversion(String)[2385]" classname="org.apache.hadoop.hive.ql.io.parquet.serde.TestParquetTimestampsHive2Compatibility" time="0.001"/>
  <testcase name="testWriteHive4ReadHive4UsingNewConversion(String)[2386]" classname="org.apache.hadoop.hive.ql.io.parquet.serde.TestParquetTimestampsHive2Compatibility" time="0"/>
  <testcase name="testWriteHive4ReadHive4UsingNewConversion(String)[2387]" classname="org.apache.hadoop.hive.ql.io.parquet.serde.TestParquetTimestampsHive2Compatibility" time="0"/>
  <testcase name="testWriteHive4ReadHive4UsingNewConversion(String)[2388]" classname="org.apache.hadoop.hive.ql.io.parquet.serde.TestParquetTimestampsHive2Compatibility" time="0"/>
  <testcase name="testWriteHive4ReadHive4UsingNewConversion(String)[2389]" classname="org.apache.hadoop.hive.ql.io.parquet.serde.TestParquetTimestampsHive2Compatibility" time="0"/>
  <testcase name="testWriteHive4ReadHive4UsingNewConversion(String)[2390]" classname="org.apache.hadoop.hive.ql.io.parquet.serde.TestParquetTimestampsHive2Compatibility" time="0"/>
  <testcase name="testWriteHive4ReadHive4UsingNewConversion(String)[2391]" classname="org.apache.hadoop.hive.ql.io.parquet.serde.TestParquetTimestampsHive2Compatibility" time="0"/>
  <testcase name="testWriteHive4ReadHive4UsingNewConversion(String)[2392]" classname="org.apache.hadoop.hive.ql.io.parquet.serde.TestParquetTimestampsHive2Compatibility" time="0"/>
  <testcase name="testWriteHive4ReadHive4UsingNewConversion(String)[2393]" classname="org.apache.hadoop.hive.ql.io.parquet.serde.TestParquetTimestampsHive2Compatibility" time="0"/>
  <testcase name="testWriteHive4ReadHive4UsingNewConversion(String)[2394]" classname="org.apache.hadoop.hive.ql.io.parquet.serde.TestParquetTimestampsHive2Compatibility" time="0.001"/>
  <testcase name="testWriteHive4ReadHive4UsingNewConversion(String)[2395]" classname="org.apache.hadoop.hive.ql.io.parquet.serde.TestParquetTimestampsHive2Compatibility" time="0"/>
  <testcase name="testWriteHive4ReadHive4UsingNewConversion(String)[2396]" classname="org.apache.hadoop.hive.ql.io.parquet.serde.TestParquetTimestampsHive2Compatibility" time="0"/>
  <testcase name="testWriteHive4ReadHive4UsingNewConversion(String)[2397]" classname="org.apache.hadoop.hive.ql.io.parquet.serde.TestParquetTimestampsHive2Compatibility" time="0"/>
  <testcase name="testWriteHive4ReadHive4UsingNewConversion(String)[2398]" classname="org.apache.hadoop.hive.ql.io.parquet.serde.TestParquetTimestampsHive2Compatibility" time="0"/>
  <testcase name="testWriteHive4ReadHive4UsingNewConversion(String)[2399]" classname="org.apache.hadoop.hive.ql.io.parquet.serde.TestParquetTimestampsHive2Compatibility" time="0"/>
  <testcase name="testWriteHive4ReadHive4UsingNewConversion(String)[2400]" classname="org.apache.hadoop.hive.ql.io.parquet.serde.TestParquetTimestampsHive2Compatibility" time="0"/>
  <testcase name="testWriteHive4ReadHive4UsingNewConversion(String)[2401]" classname="org.apache.hadoop.hive.ql.io.parquet.serde.TestParquetTimestampsHive2Compatibility" time="0"/>
  <testcase name="testWriteHive4ReadHive4UsingNewConversion(String)[2402]" classname="org.apache.hadoop.hive.ql.io.parquet.serde.TestParquetTimestampsHive2Compatibility" time="0"/>
  <testcase name="testWriteHive4ReadHive4UsingNewConversion(String)[2403]" classname="org.apache.hadoop.hive.ql.io.parquet.serde.TestParquetTimestampsHive2Compatibility" time="0"/>
  <testcase name="testWriteHive4ReadHive4UsingNewConversion(String)[2404]" classname="org.apache.hadoop.hive.ql.io.parquet.serde.TestParquetTimestampsHive2Compatibility" time="0"/>
  <testcase name="testWriteHive4ReadHive4UsingNewConversion(String)[2405]" classname="org.apache.hadoop.hive.ql.io.parquet.serde.TestParquetTimestampsHive2Compatibility" time="0"/>
  <testcase name="testWriteHive4ReadHive4UsingNewConversion(String)[2406]" classname="org.apache.hadoop.hive.ql.io.parquet.serde.TestParquetTimestampsHive2Compatibility" time="0"/>
  <testcase name="testWriteHive4ReadHive4UsingNewConversion(String)[2407]" classname="org.apache.hadoop.hive.ql.io.parquet.serde.TestParquetTimestampsHive2Compatibility" time="0"/>
  <testcase name="testWriteHive4ReadHive4UsingNewConversion(String)[2408]" classname="org.apache.hadoop.hive.ql.io.parquet.serde.TestParquetTimestampsHive2Compatibility" time="0"/>
  <testcase name="testWriteHive4ReadHive4UsingNewConversion(String)[2409]" classname="org.apache.hadoop.hive.ql.io.parquet.serde.TestParquetTimestampsHive2Compatibility" time="0"/>
  <testcase name="testWriteHive4ReadHive4UsingNewConversion(String)[2410]" classname="org.apache.hadoop.hive.ql.io.parquet.serde.TestParquetTimestampsHive2Compatibility" time="0.001"/>
  <testcase name="testWriteHive4ReadHive4UsingNewConversion(String)[2411]" classname="org.apache.hadoop.hive.ql.io.parquet.serde.TestParquetTimestampsHive2Compatibility" time="0"/>
  <testcase name="testWriteHive4ReadHive4UsingNewConversion(String)[2412]" classname="org.apache.hadoop.hive.ql.io.parquet.serde.TestParquetTimestampsHive2Compatibility" time="0"/>
  <testcase name="testWriteHive4ReadHive4UsingNewConversion(String)[2413]" classname="org.apache.hadoop.hive.ql.io.parquet.serde.TestParquetTimestampsHive2Compatibility" time="0"/>
  <testcase name="testWriteHive4ReadHive4UsingNewConversion(String)[2414]" classname="org.apache.hadoop.hive.ql.io.parquet.serde.TestParquetTimestampsHive2Compatibility" time="0"/>
  <testcase name="testWriteHive4ReadHive4UsingNewConversion(String)[2415]" classname="org.apache.hadoop.hive.ql.io.parquet.serde.TestParquetTimestampsHive2Compatibility" time="0"/>
  <testcase name="testWriteHive4ReadHive4UsingNewConversion(String)[2416]" classname="org.apache.hadoop.hive.ql.io.parquet.serde.TestParquetTimestampsHive2Compatibility" time="0"/>
  <testcase name="testWriteHive4ReadHive4UsingNewConversion(String)[2417]" classname="org.apache.hadoop.hive.ql.io.parquet.serde.TestParquetTimestampsHive2Compatibility" time="0"/>
  <testcase name="testWriteHive4ReadHive4UsingNewConversion(String)[2418]" classname="org.apache.hadoop.hive.ql.io.parquet.serde.TestParquetTimestampsHive2Compatibility" time="0"/>
  <testcase name="testWriteHive4ReadHive4UsingNewConversion(String)[2419]" classname="org.apache.hadoop.hive.ql.io.parquet.serde.TestParquetTimestampsHive2Compatibility" time="0"/>
  <testcase name="testWriteHive4ReadHive4UsingNewConversion(String)[2420]" classname="org.apache.hadoop.hive.ql.io.parquet.serde.TestParquetTimestampsHive2Compatibility" time="0"/>
  <testcase name="testWriteHive4ReadHive4UsingNewConversion(String)[2421]" classname="org.apache.hadoop.hive.ql.io.parquet.serde.TestParquetTimestampsHive2Compatibility" time="0"/>
  <testcase name="testWriteHive4ReadHive4UsingNewConversion(String)[2422]" classname="org.apache.hadoop.hive.ql.io.parquet.serde.TestParquetTimestampsHive2Compatibility" time="0"/>
  <testcase name="testWriteHive4ReadHive4UsingNewConversion(String)[2423]" classname="org.apache.hadoop.hive.ql.io.parquet.serde.TestParquetTimestampsHive2Compatibility" time="0"/>
  <testcase name="testWriteHive4ReadHive4UsingNewConversion(String)[2424]" classname="org.apache.hadoop.hive.ql.io.parquet.serde.TestParquetTimestampsHive2Compatibility" time="0"/>
  <testcase name="testWriteHive4ReadHive4UsingNewConversion(String)[2425]" classname="org.apache.hadoop.hive.ql.io.parquet.serde.TestParquetTimestampsHive2Compatibility" time="0"/>
  <testcase name="testWriteHive4ReadHive4UsingNewConversion(String)[2426]" classname="org.apache.hadoop.hive.ql.io.parquet.serde.TestParquetTimestampsHive2Compatibility" time="0"/>
  <testcase name="testWriteHive4ReadHive4UsingNewConversion(String)[2427]" classname="org.apache.hadoop.hive.ql.io.parquet.serde.TestParquetTimestampsHive2Compatibility" time="0"/>
  <testcase name="testWriteHive4ReadHive4UsingNewConversion(String)[2428]" classname="org.apache.hadoop.hive.ql.io.parquet.serde.TestParquetTimestampsHive2Compatibility" time="0"/>
  <testcase name="testWriteHive4ReadHive4UsingNewConversion(String)[2429]" classname="org.apache.hadoop.hive.ql.io.parquet.serde.TestParquetTimestampsHive2Compatibility" time="0"/>
  <testcase name="testWriteHive4ReadHive4UsingNewConversion(String)[2430]" classname="org.apache.hadoop.hive.ql.io.parquet.serde.TestParquetTimestampsHive2Compatibility" time="0"/>
  <testcase name="testWriteHive4ReadHive4UsingNewConversion(String)[2431]" classname="org.apache.hadoop.hive.ql.io.parquet.serde.TestParquetTimestampsHive2Compatibility" time="0.001"/>
  <testcase name="testWriteHive4ReadHive4UsingNewConversion(String)[2432]" classname="org.apache.hadoop.hive.ql.io.parquet.serde.TestParquetTimestampsHive2Compatibility" time="0"/>
  <testcase name="testWriteHive4ReadHive4UsingNewConversion(String)[2433]" classname="org.apache.hadoop.hive.ql.io.parquet.serde.TestParquetTimestampsHive2Compatibility" time="0"/>
  <testcase name="testWriteHive4ReadHive4UsingNewConversion(String)[2434]" classname="org.apache.hadoop.hive.ql.io.parquet.serde.TestParquetTimestampsHive2Compatibility" time="0"/>
  <testcase name="testWriteHive4ReadHive4UsingNewConversion(String)[2435]" classname="org.apache.hadoop.hive.ql.io.parquet.serde.TestParquetTimestampsHive2Compatibility" time="0"/>
  <testcase name="testWriteHive4ReadHive4UsingNewConversion(String)[2436]" classname="org.apache.hadoop.hive.ql.io.parquet.serde.TestParquetTimestampsHive2Compatibility" time="0"/>
  <testcase name="testWriteHive4ReadHive4UsingNewConversion(String)[2437]" classname="org.apache.hadoop.hive.ql.io.parquet.serde.TestParquetTimestampsHive2Compatibility" time="0"/>
  <testcase name="testWriteHive4ReadHive4UsingNewConversion(String)[2438]" classname="org.apache.hadoop.hive.ql.io.parquet.serde.TestParquetTimestampsHive2Compatibility" time="0"/>
  <testcase name="testWriteHive4ReadHive4UsingNewConversion(String)[2439]" classname="org.apache.hadoop.hive.ql.io.parquet.serde.TestParquetTimestampsHive2Compatibility" time="0"/>
  <testcase name="testWriteHive4ReadHive4UsingNewConversion(String)[2440]" classname="org.apache.hadoop.hive.ql.io.parquet.serde.TestParquetTimestampsHive2Compatibility" time="0"/>
  <testcase name="testWriteHive4ReadHive4UsingNewConversion(String)[2441]" classname="org.apache.hadoop.hive.ql.io.parquet.serde.TestParquetTimestampsHive2Compatibility" time="0"/>
  <testcase name="testWriteHive4ReadHive4UsingNewConversion(String)[2442]" classname="org.apache.hadoop.hive.ql.io.parquet.serde.TestParquetTimestampsHive2Compatibility" time="0"/>
  <testcase name="testWriteHive4ReadHive4UsingNewConversion(String)[2443]" classname="org.apache.hadoop.hive.ql.io.parquet.serde.TestParquetTimestampsHive2Compatibility" time="0"/>
  <testcase name="testWriteHive4ReadHive4UsingNewConversion(String)[2444]" classname="org.apache.hadoop.hive.ql.io.parquet.serde.TestParquetTimestampsHive2Compatibility" time="0"/>
  <testcase name="testWriteHive4ReadHive4UsingNewConversion(String)[2445]" classname="org.apache.hadoop.hive.ql.io.parquet.serde.TestParquetTimestampsHive2Compatibility" time="0"/>
  <testcase name="testWriteHive4ReadHive4UsingNewConversion(String)[2446]" classname="org.apache.hadoop.hive.ql.io.parquet.serde.TestParquetTimestampsHive2Compatibility" time="0"/>
  <testcase name="testWriteHive4ReadHive4UsingNewConversion(String)[2447]" classname="org.apache.hadoop.hive.ql.io.parquet.serde.TestParquetTimestampsHive2Compatibility" time="0"/>
  <testcase name="testWriteHive4ReadHive4UsingNewConversion(String)[2448]" classname="org.apache.hadoop.hive.ql.io.parquet.serde.TestParquetTimestampsHive2Compatibility" time="0"/>
  <testcase name="testWriteHive4ReadHive4UsingNewConversion(String)[2449]" classname="org.apache.hadoop.hive.ql.io.parquet.serde.TestParquetTimestampsHive2Compatibility" time="0"/>
  <testcase name="testWriteHive4ReadHive4UsingNewConversion(String)[2450]" classname="org.apache.hadoop.hive.ql.io.parquet.serde.TestParquetTimestampsHive2Compatibility" time="0"/>
  <testcase name="testWriteHive4ReadHive4UsingNewConversion(String)[2451]" classname="org.apache.hadoop.hive.ql.io.parquet.serde.TestParquetTimestampsHive2Compatibility" time="0"/>
  <testcase name="testWriteHive4ReadHive4UsingNewConversion(String)[2452]" classname="org.apache.hadoop.hive.ql.io.parquet.serde.TestParquetTimestampsHive2Compatibility" time="0"/>
  <testcase name="testWriteHive4ReadHive4UsingNewConversion(String)[2453]" classname="org.apache.hadoop.hive.ql.io.parquet.serde.TestParquetTimestampsHive2Compatibility" time="0"/>
  <testcase name="testWriteHive4ReadHive4UsingNewConversion(String)[2454]" classname="org.apache.hadoop.hive.ql.io.parquet.serde.TestParquetTimestampsHive2Compatibility" time="0"/>
  <testcase name="testWriteHive4ReadHive4UsingNewConversion(String)[2455]" classname="org.apache.hadoop.hive.ql.io.parquet.serde.TestParquetTimestampsHive2Compatibility" time="0"/>
  <testcase name="testWriteHive4ReadHive4UsingNewConversion(String)[2456]" classname="org.apache.hadoop.hive.ql.io.parquet.serde.TestParquetTimestampsHive2Compatibility" time="0"/>
  <testcase name="testWriteHive4ReadHive4UsingNewConversion(String)[2457]" classname="org.apache.hadoop.hive.ql.io.parquet.serde.TestParquetTimestampsHive2Compatibility" time="0"/>
  <testcase name="testWriteHive4ReadHive4UsingNewConversion(String)[2458]" classname="org.apache.hadoop.hive.ql.io.parquet.serde.TestParquetTimestampsHive2Compatibility" time="0.001"/>
  <testcase name="testWriteHive4ReadHive4UsingNewConversion(String)[2459]" classname="org.apache.hadoop.hive.ql.io.parquet.serde.TestParquetTimestampsHive2Compatibility" time="0"/>
  <testcase name="testWriteHive4ReadHive4UsingNewConversion(String)[2460]" classname="org.apache.hadoop.hive.ql.io.parquet.serde.TestParquetTimestampsHive2Compatibility" time="0"/>
  <testcase name="testWriteHive4ReadHive4UsingNewConversion(String)[2461]" classname="org.apache.hadoop.hive.ql.io.parquet.serde.TestParquetTimestampsHive2Compatibility" time="0"/>
  <testcase name="testWriteHive4ReadHive4UsingNewConversion(String)[2462]" classname="org.apache.hadoop.hive.ql.io.parquet.serde.TestParquetTimestampsHive2Compatibility" time="0"/>
  <testcase name="testWriteHive4ReadHive4UsingNewConversion(String)[2463]" classname="org.apache.hadoop.hive.ql.io.parquet.serde.TestParquetTimestampsHive2Compatibility" time="0"/>
  <testcase name="testWriteHive4ReadHive4UsingNewConversion(String)[2464]" classname="org.apache.hadoop.hive.ql.io.parquet.serde.TestParquetTimestampsHive2Compatibility" time="0"/>
  <testcase name="testWriteHive4ReadHive4UsingNewConversion(String)[2465]" classname="org.apache.hadoop.hive.ql.io.parquet.serde.TestParquetTimestampsHive2Compatibility" time="0"/>
  <testcase name="testWriteHive4ReadHive4UsingNewConversion(String)[2466]" classname="org.apache.hadoop.hive.ql.io.parquet.serde.TestParquetTimestampsHive2Compatibility" time="0"/>
  <testcase name="testWriteHive4ReadHive4UsingNewConversion(String)[2467]" classname="org.apache.hadoop.hive.ql.io.parquet.serde.TestParquetTimestampsHive2Compatibility" time="0"/>
  <testcase name="testWriteHive4ReadHive4UsingNewConversion(String)[2468]" classname="org.apache.hadoop.hive.ql.io.parquet.serde.TestParquetTimestampsHive2Compatibility" time="0"/>
  <testcase name="testWriteHive4ReadHive4UsingNewConversion(String)[2469]" classname="org.apache.hadoop.hive.ql.io.parquet.serde.TestParquetTimestampsHive2Compatibility" time="0"/>
  <testcase name="testWriteHive4ReadHive4UsingNewConversion(String)[2470]" classname="org.apache.hadoop.hive.ql.io.parquet.serde.TestParquetTimestampsHive2Compatibility" time="0"/>
  <testcase name="testWriteHive4ReadHive4UsingNewConversion(String)[2471]" classname="org.apache.hadoop.hive.ql.io.parquet.serde.TestParquetTimestampsHive2Compatibility" time="0"/>
  <testcase name="testWriteHive4ReadHive4UsingNewConversion(String)[2472]" classname="org.apache.hadoop.hive.ql.io.parquet.serde.TestParquetTimestampsHive2Compatibility" time="0"/>
  <testcase name="testWriteHive4ReadHive4UsingNewConversion(String)[2473]" classname="org.apache.hadoop.hive.ql.io.parquet.serde.TestParquetTimestampsHive2Compatibility" time="0"/>
  <testcase name="testWriteHive4ReadHive4UsingNewConversion(String)[2474]" classname="org.apache.hadoop.hive.ql.io.parquet.serde.TestParquetTimestampsHive2Compatibility" time="0"/>
  <testcase name="testWriteHive4ReadHive4UsingNewConversion(String)[2475]" classname="org.apache.hadoop.hive.ql.io.parquet.serde.TestParquetTimestampsHive2Compatibility" time="0"/>
  <testcase name="testWriteHive4ReadHive4UsingNewConversion(String)[2476]" classname="org.apache.hadoop.hive.ql.io.parquet.serde.TestParquetTimestampsHive2Compatibility" time="0"/>
  <testcase name="testWriteHive4ReadHive4UsingNewConversion(String)[2477]" classname="org.apache.hadoop.hive.ql.io.parquet.serde.TestParquetTimestampsHive2Compatibility" time="0"/>
  <testcase name="testWriteHive4ReadHive4UsingNewConversion(String)[2478]" classname="org.apache.hadoop.hive.ql.io.parquet.serde.TestParquetTimestampsHive2Compatibility" time="0"/>
  <testcase name="testWriteHive4ReadHive4UsingNewConversion(String)[2479]" classname="org.apache.hadoop.hive.ql.io.parquet.serde.TestParquetTimestampsHive2Compatibility" time="0"/>
  <testcase name="testWriteHive4ReadHive4UsingNewConversion(String)[2480]" classname="org.apache.hadoop.hive.ql.io.parquet.serde.TestParquetTimestampsHive2Compatibility" time="0"/>
  <testcase name="testWriteHive4ReadHive4UsingNewConversion(String)[2481]" classname="org.apache.hadoop.hive.ql.io.parquet.serde.TestParquetTimestampsHive2Compatibility" time="0"/>
  <testcase name="testWriteHive4ReadHive4UsingNewConversion(String)[2482]" classname="org.apache.hadoop.hive.ql.io.parquet.serde.TestParquetTimestampsHive2Compatibility" time="0"/>
  <testcase name="testWriteHive4ReadHive4UsingNewConversion(String)[2483]" classname="org.apache.hadoop.hive.ql.io.parquet.serde.TestParquetTimestampsHive2Compatibility" time="0"/>
  <testcase name="testWriteHive4ReadHive4UsingNewConversion(String)[2484]" classname="org.apache.hadoop.hive.ql.io.parquet.serde.TestParquetTimestampsHive2Compatibility" time="0"/>
  <testcase name="testWriteHive4ReadHive4UsingNewConversion(String)[2485]" classname="org.apache.hadoop.hive.ql.io.parquet.serde.TestParquetTimestampsHive2Compatibility" time="0"/>
  <testcase name="testWriteHive4ReadHive4UsingNewConversion(String)[2486]" classname="org.apache.hadoop.hive.ql.io.parquet.serde.TestParquetTimestampsHive2Compatibility" time="0"/>
  <testcase name="testWriteHive4ReadHive4UsingNewConversion(String)[2487]" classname="org.apache.hadoop.hive.ql.io.parquet.serde.TestParquetTimestampsHive2Compatibility" time="0"/>
  <testcase name="testWriteHive4ReadHive4UsingNewConversion(String)[2488]" classname="org.apache.hadoop.hive.ql.io.parquet.serde.TestParquetTimestampsHive2Compatibility" time="0"/>
  <testcase name="testWriteHive4ReadHive4UsingNewConversion(String)[2489]" classname="org.apache.hadoop.hive.ql.io.parquet.serde.TestParquetTimestampsHive2Compatibility" time="0"/>
  <testcase name="testWriteHive4ReadHive4UsingNewConversion(String)[2490]" classname="org.apache.hadoop.hive.ql.io.parquet.serde.TestParquetTimestampsHive2Compatibility" time="0.001"/>
  <testcase name="testWriteHive4ReadHive4UsingNewConversion(String)[2491]" classname="org.apache.hadoop.hive.ql.io.parquet.serde.TestParquetTimestampsHive2Compatibility" time="0"/>
  <testcase name="testWriteHive4ReadHive4UsingNewConversion(String)[2492]" classname="org.apache.hadoop.hive.ql.io.parquet.serde.TestParquetTimestampsHive2Compatibility" time="0"/>
  <testcase name="testWriteHive4ReadHive4UsingNewConversion(String)[2493]" classname="org.apache.hadoop.hive.ql.io.parquet.serde.TestParquetTimestampsHive2Compatibility" time="0"/>
  <testcase name="testWriteHive4ReadHive4UsingNewConversion(String)[2494]" classname="org.apache.hadoop.hive.ql.io.parquet.serde.TestParquetTimestampsHive2Compatibility" time="0"/>
  <testcase name="testWriteHive4ReadHive4UsingNewConversion(String)[2495]" classname="org.apache.hadoop.hive.ql.io.parquet.serde.TestParquetTimestampsHive2Compatibility" time="0"/>
  <testcase name="testWriteHive4ReadHive4UsingNewConversion(String)[2496]" classname="org.apache.hadoop.hive.ql.io.parquet.serde.TestParquetTimestampsHive2Compatibility" time="0"/>
  <testcase name="testWriteHive4ReadHive4UsingNewConversion(String)[2497]" classname="org.apache.hadoop.hive.ql.io.parquet.serde.TestParquetTimestampsHive2Compatibility" time="0"/>
  <testcase name="testWriteHive4ReadHive4UsingNewConversion(String)[2498]" classname="org.apache.hadoop.hive.ql.io.parquet.serde.TestParquetTimestampsHive2Compatibility" time="0"/>
  <testcase name="testWriteHive4ReadHive4UsingNewConversion(String)[2499]" classname="org.apache.hadoop.hive.ql.io.parquet.serde.TestParquetTimestampsHive2Compatibility" time="0.001"/>
  <testcase name="testWriteHive4ReadHive4UsingNewConversion(String)[2500]" classname="org.apache.hadoop.hive.ql.io.parquet.serde.TestParquetTimestampsHive2Compatibility" time="0"/>
  <testcase name="testWriteHive4ReadHive4UsingNewConversion(String)[2501]" classname="org.apache.hadoop.hive.ql.io.parquet.serde.TestParquetTimestampsHive2Compatibility" time="0"/>
  <testcase name="testWriteHive4ReadHive4UsingNewConversion(String)[2502]" classname="org.apache.hadoop.hive.ql.io.parquet.serde.TestParquetTimestampsHive2Compatibility" time="0"/>
  <testcase name="testWriteHive4ReadHive4UsingNewConversion(String)[2503]" classname="org.apache.hadoop.hive.ql.io.parquet.serde.TestParquetTimestampsHive2Compatibility" time="0"/>
  <testcase name="testWriteHive4ReadHive4UsingNewConversion(String)[2504]" classname="org.apache.hadoop.hive.ql.io.parquet.serde.TestParquetTimestampsHive2Compatibility" time="0"/>
  <testcase name="testWriteHive4ReadHive4UsingNewConversion(String)[2505]" classname="org.apache.hadoop.hive.ql.io.parquet.serde.TestParquetTimestampsHive2Compatibility" time="0"/>
  <testcase name="testWriteHive4ReadHive4UsingNewConversion(String)[2506]" classname="org.apache.hadoop.hive.ql.io.parquet.serde.TestParquetTimestampsHive2Compatibility" time="0"/>
  <testcase name="testWriteHive4ReadHive4UsingNewConversion(String)[2507]" classname="org.apache.hadoop.hive.ql.io.parquet.serde.TestParquetTimestampsHive2Compatibility" time="0"/>
  <testcase name="testWriteHive4ReadHive4UsingNewConversion(String)[2508]" classname="org.apache.hadoop.hive.ql.io.parquet.serde.TestParquetTimestampsHive2Compatibility" time="0"/>
  <testcase name="testWriteHive4ReadHive4UsingNewConversion(String)[2509]" classname="org.apache.hadoop.hive.ql.io.parquet.serde.TestParquetTimestampsHive2Compatibility" time="0"/>
  <testcase name="testWriteHive4ReadHive4UsingNewConversion(String)[2510]" classname="org.apache.hadoop.hive.ql.io.parquet.serde.TestParquetTimestampsHive2Compatibility" time="0"/>
  <testcase name="testWriteHive4ReadHive4UsingNewConversion(String)[2511]" classname="org.apache.hadoop.hive.ql.io.parquet.serde.TestParquetTimestampsHive2Compatibility" time="0"/>
  <testcase name="testWriteHive4ReadHive4UsingNewConversion(String)[2512]" classname="org.apache.hadoop.hive.ql.io.parquet.serde.TestParquetTimestampsHive2Compatibility" time="0"/>
  <testcase name="testWriteHive4ReadHive4UsingNewConversion(String)[2513]" classname="org.apache.hadoop.hive.ql.io.parquet.serde.TestParquetTimestampsHive2Compatibility" time="0"/>
  <testcase name="testWriteHive4ReadHive4UsingNewConversion(String)[2514]" classname="org.apache.hadoop.hive.ql.io.parquet.serde.TestParquetTimestampsHive2Compatibility" time="0"/>
  <testcase name="testWriteHive4ReadHive4UsingNewConversion(String)[2515]" classname="org.apache.hadoop.hive.ql.io.parquet.serde.TestParquetTimestampsHive2Compatibility" time="0"/>
  <testcase name="testWriteHive4ReadHive4UsingNewConversion(String)[2516]" classname="org.apache.hadoop.hive.ql.io.parquet.serde.TestParquetTimestampsHive2Compatibility" time="0"/>
  <testcase name="testWriteHive4ReadHive4UsingNewConversion(String)[2517]" classname="org.apache.hadoop.hive.ql.io.parquet.serde.TestParquetTimestampsHive2Compatibility" time="0"/>
  <testcase name="testWriteHive4ReadHive4UsingNewConversion(String)[2518]" classname="org.apache.hadoop.hive.ql.io.parquet.serde.TestParquetTimestampsHive2Compatibility" time="0"/>
  <testcase name="testWriteHive4ReadHive4UsingNewConversion(String)[2519]" classname="org.apache.hadoop.hive.ql.io.parquet.serde.TestParquetTimestampsHive2Compatibility" time="0"/>
  <testcase name="testWriteHive4ReadHive4UsingNewConversion(String)[2520]" classname="org.apache.hadoop.hive.ql.io.parquet.serde.TestParquetTimestampsHive2Compatibility" time="0"/>
  <testcase name="testWriteHive4ReadHive4UsingNewConversion(String)[2521]" classname="org.apache.hadoop.hive.ql.io.parquet.serde.TestParquetTimestampsHive2Compatibility" time="0"/>
  <testcase name="testWriteHive4ReadHive4UsingNewConversion(String)[2522]" classname="org.apache.hadoop.hive.ql.io.parquet.serde.TestParquetTimestampsHive2Compatibility" time="0"/>
  <testcase name="testWriteHive4ReadHive4UsingNewConversion(String)[2523]" classname="org.apache.hadoop.hive.ql.io.parquet.serde.TestParquetTimestampsHive2Compatibility" time="0"/>
  <testcase name="testWriteHive4ReadHive4UsingNewConversion(String)[2524]" classname="org.apache.hadoop.hive.ql.io.parquet.serde.TestParquetTimestampsHive2Compatibility" time="0"/>
  <testcase name="testWriteHive4ReadHive4UsingNewConversion(String)[2525]" classname="org.apache.hadoop.hive.ql.io.parquet.serde.TestParquetTimestampsHive2Compatibility" time="0.001"/>
  <testcase name="testWriteHive4ReadHive4UsingNewConversion(String)[2526]" classname="org.apache.hadoop.hive.ql.io.parquet.serde.TestParquetTimestampsHive2Compatibility" time="0"/>
  <testcase name="testWriteHive4ReadHive4UsingNewConversion(String)[2527]" classname="org.apache.hadoop.hive.ql.io.parquet.serde.TestParquetTimestampsHive2Compatibility" time="0"/>
  <testcase name="testWriteHive4ReadHive4UsingNewConversion(String)[2528]" classname="org.apache.hadoop.hive.ql.io.parquet.serde.TestParquetTimestampsHive2Compatibility" time="0"/>
  <testcase name="testWriteHive4ReadHive4UsingNewConversion(String)[2529]" classname="org.apache.hadoop.hive.ql.io.parquet.serde.TestParquetTimestampsHive2Compatibility" time="0"/>
  <testcase name="testWriteHive4ReadHive4UsingNewConversion(String)[2530]" classname="org.apache.hadoop.hive.ql.io.parquet.serde.TestParquetTimestampsHive2Compatibility" time="0"/>
  <testcase name="testWriteHive4ReadHive4UsingNewConversion(String)[2531]" classname="org.apache.hadoop.hive.ql.io.parquet.serde.TestParquetTimestampsHive2Compatibility" time="0"/>
  <testcase name="testWriteHive4ReadHive4UsingNewConversion(String)[2532]" classname="org.apache.hadoop.hive.ql.io.parquet.serde.TestParquetTimestampsHive2Compatibility" time="0"/>
  <testcase name="testWriteHive4ReadHive4UsingNewConversion(String)[2533]" classname="org.apache.hadoop.hive.ql.io.parquet.serde.TestParquetTimestampsHive2Compatibility" time="0"/>
  <testcase name="testWriteHive4ReadHive4UsingNewConversion(String)[2534]" classname="org.apache.hadoop.hive.ql.io.parquet.serde.TestParquetTimestampsHive2Compatibility" time="0.001"/>
  <testcase name="testWriteHive4ReadHive4UsingNewConversion(String)[2535]" classname="org.apache.hadoop.hive.ql.io.parquet.serde.TestParquetTimestampsHive2Compatibility" time="0"/>
  <testcase name="testWriteHive4ReadHive4UsingNewConversion(String)[2536]" classname="org.apache.hadoop.hive.ql.io.parquet.serde.TestParquetTimestampsHive2Compatibility" time="0"/>
  <testcase name="testWriteHive4ReadHive4UsingNewConversion(String)[2537]" classname="org.apache.hadoop.hive.ql.io.parquet.serde.TestParquetTimestampsHive2Compatibility" time="0"/>
  <testcase name="testWriteHive4ReadHive4UsingNewConversion(String)[2538]" classname="org.apache.hadoop.hive.ql.io.parquet.serde.TestParquetTimestampsHive2Compatibility" time="0"/>
  <testcase name="testWriteHive4ReadHive4UsingNewConversion(String)[2539]" classname="org.apache.hadoop.hive.ql.io.parquet.serde.TestParquetTimestampsHive2Compatibility" time="0"/>
  <testcase name="testWriteHive4ReadHive4UsingNewConversion(String)[2540]" classname="org.apache.hadoop.hive.ql.io.parquet.serde.TestParquetTimestampsHive2Compatibility" time="0"/>
  <testcase name="testWriteHive4ReadHive4UsingNewConversion(String)[2541]" classname="org.apache.hadoop.hive.ql.io.parquet.serde.TestParquetTimestampsHive2Compatibility" time="0"/>
  <testcase name="testWriteHive4ReadHive4UsingNewConversion(String)[2542]" classname="org.apache.hadoop.hive.ql.io.parquet.serde.TestParquetTimestampsHive2Compatibility" time="0"/>
  <testcase name="testWriteHive4ReadHive4UsingNewConversion(String)[2543]" classname="org.apache.hadoop.hive.ql.io.parquet.serde.TestParquetTimestampsHive2Compatibility" time="0"/>
  <testcase name="testWriteHive4ReadHive4UsingNewConversion(String)[2544]" classname="org.apache.hadoop.hive.ql.io.parquet.serde.TestParquetTimestampsHive2Compatibility" time="0"/>
  <testcase name="testWriteHive4ReadHive4UsingNewConversion(String)[2545]" classname="org.apache.hadoop.hive.ql.io.parquet.serde.TestParquetTimestampsHive2Compatibility" time="0"/>
  <testcase name="testWriteHive4ReadHive4UsingNewConversion(String)[2546]" classname="org.apache.hadoop.hive.ql.io.parquet.serde.TestParquetTimestampsHive2Compatibility" time="0"/>
  <testcase name="testWriteHive4ReadHive4UsingNewConversion(String)[2547]" classname="org.apache.hadoop.hive.ql.io.parquet.serde.TestParquetTimestampsHive2Compatibility" time="0"/>
  <testcase name="testWriteHive4ReadHive4UsingNewConversion(String)[2548]" classname="org.apache.hadoop.hive.ql.io.parquet.serde.TestParquetTimestampsHive2Compatibility" time="0"/>
  <testcase name="testWriteHive4ReadHive4UsingNewConversion(String)[2549]" classname="org.apache.hadoop.hive.ql.io.parquet.serde.TestParquetTimestampsHive2Compatibility" time="0"/>
  <testcase name="testWriteHive4ReadHive4UsingNewConversion(String)[2550]" classname="org.apache.hadoop.hive.ql.io.parquet.serde.TestParquetTimestampsHive2Compatibility" time="0"/>
  <testcase name="testWriteHive4ReadHive4UsingNewConversion(String)[2551]" classname="org.apache.hadoop.hive.ql.io.parquet.serde.TestParquetTimestampsHive2Compatibility" time="0"/>
  <testcase name="testWriteHive4ReadHive4UsingNewConversion(String)[2552]" classname="org.apache.hadoop.hive.ql.io.parquet.serde.TestParquetTimestampsHive2Compatibility" time="0"/>
  <testcase name="testWriteHive4ReadHive4UsingNewConversion(String)[2553]" classname="org.apache.hadoop.hive.ql.io.parquet.serde.TestParquetTimestampsHive2Compatibility" time="0"/>
  <testcase name="testWriteHive4ReadHive4UsingNewConversion(String)[2554]" classname="org.apache.hadoop.hive.ql.io.parquet.serde.TestParquetTimestampsHive2Compatibility" time="0"/>
  <testcase name="testWriteHive4ReadHive4UsingNewConversion(String)[2555]" classname="org.apache.hadoop.hive.ql.io.parquet.serde.TestParquetTimestampsHive2Compatibility" time="0"/>
  <testcase name="testWriteHive4ReadHive4UsingNewConversion(String)[2556]" classname="org.apache.hadoop.hive.ql.io.parquet.serde.TestParquetTimestampsHive2Compatibility" time="0"/>
  <testcase name="testWriteHive4ReadHive4UsingNewConversion(String)[2557]" classname="org.apache.hadoop.hive.ql.io.parquet.serde.TestParquetTimestampsHive2Compatibility" time="0"/>
  <testcase name="testWriteHive4ReadHive4UsingNewConversion(String)[2558]" classname="org.apache.hadoop.hive.ql.io.parquet.serde.TestParquetTimestampsHive2Compatibility" time="0"/>
  <testcase name="testWriteHive4ReadHive4UsingNewConversion(String)[2559]" classname="org.apache.hadoop.hive.ql.io.parquet.serde.TestParquetTimestampsHive2Compatibility" time="0"/>
  <testcase name="testWriteHive4ReadHive4UsingNewConversion(String)[2560]" classname="org.apache.hadoop.hive.ql.io.parquet.serde.TestParquetTimestampsHive2Compatibility" time="0.001"/>
  <testcase name="testWriteHive4ReadHive4UsingNewConversion(String)[2561]" classname="org.apache.hadoop.hive.ql.io.parquet.serde.TestParquetTimestampsHive2Compatibility" time="0"/>
  <testcase name="testWriteHive4ReadHive4UsingNewConversion(String)[2562]" classname="org.apache.hadoop.hive.ql.io.parquet.serde.TestParquetTimestampsHive2Compatibility" time="0"/>
  <testcase name="testWriteHive4ReadHive4UsingNewConversion(String)[2563]" classname="org.apache.hadoop.hive.ql.io.parquet.serde.TestParquetTimestampsHive2Compatibility" time="0"/>
  <testcase name="testWriteHive4ReadHive4UsingNewConversion(String)[2564]" classname="org.apache.hadoop.hive.ql.io.parquet.serde.TestParquetTimestampsHive2Compatibility" time="0"/>
  <testcase name="testWriteHive4ReadHive4UsingNewConversion(String)[2565]" classname="org.apache.hadoop.hive.ql.io.parquet.serde.TestParquetTimestampsHive2Compatibility" time="0"/>
  <testcase name="testWriteHive4ReadHive4UsingNewConversion(String)[2566]" classname="org.apache.hadoop.hive.ql.io.parquet.serde.TestParquetTimestampsHive2Compatibility" time="0"/>
  <testcase name="testWriteHive4ReadHive4UsingNewConversion(String)[2567]" classname="org.apache.hadoop.hive.ql.io.parquet.serde.TestParquetTimestampsHive2Compatibility" time="0"/>
  <testcase name="testWriteHive4ReadHive4UsingNewConversion(String)[2568]" classname="org.apache.hadoop.hive.ql.io.parquet.serde.TestParquetTimestampsHive2Compatibility" time="0"/>
  <testcase name="testWriteHive4ReadHive4UsingNewConversion(String)[2569]" classname="org.apache.hadoop.hive.ql.io.parquet.serde.TestParquetTimestampsHive2Compatibility" time="0.001"/>
  <testcase name="testWriteHive4ReadHive4UsingNewConversion(String)[2570]" classname="org.apache.hadoop.hive.ql.io.parquet.serde.TestParquetTimestampsHive2Compatibility" time="0"/>
  <testcase name="testWriteHive4ReadHive4UsingNewConversion(String)[2571]" classname="org.apache.hadoop.hive.ql.io.parquet.serde.TestParquetTimestampsHive2Compatibility" time="0"/>
  <testcase name="testWriteHive4ReadHive4UsingNewConversion(String)[2572]" classname="org.apache.hadoop.hive.ql.io.parquet.serde.TestParquetTimestampsHive2Compatibility" time="0"/>
  <testcase name="testWriteHive4ReadHive4UsingNewConversion(String)[2573]" classname="org.apache.hadoop.hive.ql.io.parquet.serde.TestParquetTimestampsHive2Compatibility" time="0"/>
  <testcase name="testWriteHive4ReadHive4UsingNewConversion(String)[2574]" classname="org.apache.hadoop.hive.ql.io.parquet.serde.TestParquetTimestampsHive2Compatibility" time="0"/>
  <testcase name="testWriteHive4ReadHive4UsingNewConversion(String)[2575]" classname="org.apache.hadoop.hive.ql.io.parquet.serde.TestParquetTimestampsHive2Compatibility" time="0"/>
  <testcase name="testWriteHive4ReadHive4UsingNewConversion(String)[2576]" classname="org.apache.hadoop.hive.ql.io.parquet.serde.TestParquetTimestampsHive2Compatibility" time="0"/>
  <testcase name="testWriteHive4ReadHive4UsingNewConversion(String)[2577]" classname="org.apache.hadoop.hive.ql.io.parquet.serde.TestParquetTimestampsHive2Compatibility" time="0"/>
  <testcase name="testWriteHive4ReadHive4UsingNewConversion(String)[2578]" classname="org.apache.hadoop.hive.ql.io.parquet.serde.TestParquetTimestampsHive2Compatibility" time="0"/>
  <testcase name="testWriteHive4ReadHive4UsingNewConversion(String)[2579]" classname="org.apache.hadoop.hive.ql.io.parquet.serde.TestParquetTimestampsHive2Compatibility" time="0"/>
  <testcase name="testWriteHive4ReadHive4UsingNewConversion(String)[2580]" classname="org.apache.hadoop.hive.ql.io.parquet.serde.TestParquetTimestampsHive2Compatibility" time="0"/>
  <testcase name="testWriteHive4ReadHive4UsingNewConversion(String)[2581]" classname="org.apache.hadoop.hive.ql.io.parquet.serde.TestParquetTimestampsHive2Compatibility" time="0"/>
  <testcase name="testWriteHive4ReadHive4UsingNewConversion(String)[2582]" classname="org.apache.hadoop.hive.ql.io.parquet.serde.TestParquetTimestampsHive2Compatibility" time="0"/>
  <testcase name="testWriteHive4ReadHive4UsingNewConversion(String)[2583]" classname="org.apache.hadoop.hive.ql.io.parquet.serde.TestParquetTimestampsHive2Compatibility" time="0"/>
  <testcase name="testWriteHive4ReadHive4UsingNewConversion(String)[2584]" classname="org.apache.hadoop.hive.ql.io.parquet.serde.TestParquetTimestampsHive2Compatibility" time="0"/>
  <testcase name="testWriteHive4ReadHive4UsingNewConversion(String)[2585]" classname="org.apache.hadoop.hive.ql.io.parquet.serde.TestParquetTimestampsHive2Compatibility" time="0.001"/>
  <testcase name="testWriteHive4ReadHive4UsingNewConversion(String)[2586]" classname="org.apache.hadoop.hive.ql.io.parquet.serde.TestParquetTimestampsHive2Compatibility" time="0"/>
  <testcase name="testWriteHive4ReadHive4UsingNewConversion(String)[2587]" classname="org.apache.hadoop.hive.ql.io.parquet.serde.TestParquetTimestampsHive2Compatibility" time="0"/>
  <testcase name="testWriteHive4ReadHive4UsingNewConversion(String)[2588]" classname="org.apache.hadoop.hive.ql.io.parquet.serde.TestParquetTimestampsHive2Compatibility" time="0"/>
  <testcase name="testWriteHive4ReadHive4UsingNewConversion(String)[2589]" classname="org.apache.hadoop.hive.ql.io.parquet.serde.TestParquetTimestampsHive2Compatibility" time="0"/>
  <testcase name="testWriteHive4ReadHive4UsingNewConversion(String)[2590]" classname="org.apache.hadoop.hive.ql.io.parquet.serde.TestParquetTimestampsHive2Compatibility" time="0"/>
  <testcase name="testWriteHive4ReadHive4UsingNewConversion(String)[2591]" classname="org.apache.hadoop.hive.ql.io.parquet.serde.TestParquetTimestampsHive2Compatibility" time="0"/>
  <testcase name="testWriteHive4ReadHive4UsingNewConversion(String)[2592]" classname="org.apache.hadoop.hive.ql.io.parquet.serde.TestParquetTimestampsHive2Compatibility" time="0"/>
  <testcase name="testWriteHive4ReadHive4UsingNewConversion(String)[2593]" classname="org.apache.hadoop.hive.ql.io.parquet.serde.TestParquetTimestampsHive2Compatibility" time="0.001"/>
  <testcase name="testWriteHive4ReadHive4UsingNewConversion(String)[2594]" classname="org.apache.hadoop.hive.ql.io.parquet.serde.TestParquetTimestampsHive2Compatibility" time="0"/>
  <testcase name="testWriteHive4ReadHive4UsingNewConversion(String)[2595]" classname="org.apache.hadoop.hive.ql.io.parquet.serde.TestParquetTimestampsHive2Compatibility" time="0"/>
  <testcase name="testWriteHive4ReadHive4UsingNewConversion(String)[2596]" classname="org.apache.hadoop.hive.ql.io.parquet.serde.TestParquetTimestampsHive2Compatibility" time="0"/>
  <testcase name="testWriteHive4ReadHive4UsingNewConversion(String)[2597]" classname="org.apache.hadoop.hive.ql.io.parquet.serde.TestParquetTimestampsHive2Compatibility" time="0"/>
  <testcase name="testWriteHive4ReadHive4UsingNewConversion(String)[2598]" classname="org.apache.hadoop.hive.ql.io.parquet.serde.TestParquetTimestampsHive2Compatibility" time="0"/>
  <testcase name="testWriteHive4ReadHive4UsingNewConversion(String)[2599]" classname="org.apache.hadoop.hive.ql.io.parquet.serde.TestParquetTimestampsHive2Compatibility" time="0"/>
  <testcase name="testWriteHive4ReadHive4UsingNewConversion(String)[2600]" classname="org.apache.hadoop.hive.ql.io.parquet.serde.TestParquetTimestampsHive2Compatibility" time="0"/>
  <testcase name="testWriteHive4ReadHive4UsingNewConversion(String)[2601]" classname="org.apache.hadoop.hive.ql.io.parquet.serde.TestParquetTimestampsHive2Compatibility" time="0"/>
  <testcase name="testWriteHive4ReadHive4UsingNewConversion(String)[2602]" classname="org.apache.hadoop.hive.ql.io.parquet.serde.TestParquetTimestampsHive2Compatibility" time="0.001"/>
  <testcase name="testWriteHive4ReadHive4UsingNewConversion(String)[2603]" classname="org.apache.hadoop.hive.ql.io.parquet.serde.TestParquetTimestampsHive2Compatibility" time="0"/>
  <testcase name="testWriteHive4ReadHive4UsingNewConversion(String)[2604]" classname="org.apache.hadoop.hive.ql.io.parquet.serde.TestParquetTimestampsHive2Compatibility" time="0"/>
  <testcase name="testWriteHive4ReadHive4UsingNewConversion(String)[2605]" classname="org.apache.hadoop.hive.ql.io.parquet.serde.TestParquetTimestampsHive2Compatibility" time="0"/>
  <testcase name="testWriteHive4ReadHive4UsingNewConversion(String)[2606]" classname="org.apache.hadoop.hive.ql.io.parquet.serde.TestParquetTimestampsHive2Compatibility" time="0"/>
  <testcase name="testWriteHive4ReadHive4UsingNewConversion(String)[2607]" classname="org.apache.hadoop.hive.ql.io.parquet.serde.TestParquetTimestampsHive2Compatibility" time="0"/>
  <testcase name="testWriteHive4ReadHive4UsingNewConversion(String)[2608]" classname="org.apache.hadoop.hive.ql.io.parquet.serde.TestParquetTimestampsHive2Compatibility" time="0"/>
  <testcase name="testWriteHive4ReadHive4UsingNewConversion(String)[2609]" classname="org.apache.hadoop.hive.ql.io.parquet.serde.TestParquetTimestampsHive2Compatibility" time="0"/>
  <testcase name="testWriteHive4ReadHive4UsingNewConversion(String)[2610]" classname="org.apache.hadoop.hive.ql.io.parquet.serde.TestParquetTimestampsHive2Compatibility" time="0"/>
  <testcase name="testWriteHive4ReadHive4UsingNewConversion(String)[2611]" classname="org.apache.hadoop.hive.ql.io.parquet.serde.TestParquetTimestampsHive2Compatibility" time="0.001"/>
  <testcase name="testWriteHive4ReadHive4UsingNewConversion(String)[2612]" classname="org.apache.hadoop.hive.ql.io.parquet.serde.TestParquetTimestampsHive2Compatibility" time="0"/>
  <testcase name="testWriteHive4ReadHive4UsingNewConversion(String)[2613]" classname="org.apache.hadoop.hive.ql.io.parquet.serde.TestParquetTimestampsHive2Compatibility" time="0"/>
  <testcase name="testWriteHive4ReadHive4UsingNewConversion(String)[2614]" classname="org.apache.hadoop.hive.ql.io.parquet.serde.TestParquetTimestampsHive2Compatibility" time="0"/>
  <testcase name="testWriteHive4ReadHive4UsingNewConversion(String)[2615]" classname="org.apache.hadoop.hive.ql.io.parquet.serde.TestParquetTimestampsHive2Compatibility" time="0"/>
  <testcase name="testWriteHive4ReadHive4UsingNewConversion(String)[2616]" classname="org.apache.hadoop.hive.ql.io.parquet.serde.TestParquetTimestampsHive2Compatibility" time="0"/>
  <testcase name="testWriteHive4ReadHive4UsingNewConversion(String)[2617]" classname="org.apache.hadoop.hive.ql.io.parquet.serde.TestParquetTimestampsHive2Compatibility" time="0"/>
  <testcase name="testWriteHive4ReadHive4UsingNewConversion(String)[2618]" classname="org.apache.hadoop.hive.ql.io.parquet.serde.TestParquetTimestampsHive2Compatibility" time="0"/>
  <testcase name="testWriteHive4ReadHive4UsingNewConversion(String)[2619]" classname="org.apache.hadoop.hive.ql.io.parquet.serde.TestParquetTimestampsHive2Compatibility" time="0"/>
  <testcase name="testWriteHive4ReadHive4UsingNewConversion(String)[2620]" classname="org.apache.hadoop.hive.ql.io.parquet.serde.TestParquetTimestampsHive2Compatibility" time="0.001"/>
  <testcase name="testWriteHive4ReadHive4UsingNewConversion(String)[2621]" classname="org.apache.hadoop.hive.ql.io.parquet.serde.TestParquetTimestampsHive2Compatibility" time="0"/>
  <testcase name="testWriteHive4ReadHive4UsingNewConversion(String)[2622]" classname="org.apache.hadoop.hive.ql.io.parquet.serde.TestParquetTimestampsHive2Compatibility" time="0"/>
  <testcase name="testWriteHive4ReadHive4UsingNewConversion(String)[2623]" classname="org.apache.hadoop.hive.ql.io.parquet.serde.TestParquetTimestampsHive2Compatibility" time="0"/>
  <testcase name="testWriteHive4ReadHive4UsingNewConversion(String)[2624]" classname="org.apache.hadoop.hive.ql.io.parquet.serde.TestParquetTimestampsHive2Compatibility" time="0"/>
  <testcase name="testWriteHive4ReadHive4UsingNewConversion(String)[2625]" classname="org.apache.hadoop.hive.ql.io.parquet.serde.TestParquetTimestampsHive2Compatibility" time="0"/>
  <testcase name="testWriteHive4ReadHive4UsingNewConversion(String)[2626]" classname="org.apache.hadoop.hive.ql.io.parquet.serde.TestParquetTimestampsHive2Compatibility" time="0"/>
  <testcase name="testWriteHive4ReadHive4UsingNewConversion(String)[2627]" classname="org.apache.hadoop.hive.ql.io.parquet.serde.TestParquetTimestampsHive2Compatibility" time="0"/>
  <testcase name="testWriteHive4ReadHive4UsingNewConversion(String)[2628]" classname="org.apache.hadoop.hive.ql.io.parquet.serde.TestParquetTimestampsHive2Compatibility" time="0"/>
  <testcase name="testWriteHive4ReadHive4UsingNewConversion(String)[2629]" classname="org.apache.hadoop.hive.ql.io.parquet.serde.TestParquetTimestampsHive2Compatibility" time="0.001"/>
  <testcase name="testWriteHive4ReadHive4UsingNewConversion(String)[2630]" classname="org.apache.hadoop.hive.ql.io.parquet.serde.TestParquetTimestampsHive2Compatibility" time="0"/>
  <testcase name="testWriteHive4ReadHive4UsingNewConversion(String)[2631]" classname="org.apache.hadoop.hive.ql.io.parquet.serde.TestParquetTimestampsHive2Compatibility" time="0"/>
  <testcase name="testWriteHive4ReadHive4UsingNewConversion(String)[2632]" classname="org.apache.hadoop.hive.ql.io.parquet.serde.TestParquetTimestampsHive2Compatibility" time="0"/>
  <testcase name="testWriteHive4ReadHive4UsingNewConversion(String)[2633]" classname="org.apache.hadoop.hive.ql.io.parquet.serde.TestParquetTimestampsHive2Compatibility" time="0"/>
  <testcase name="testWriteHive4ReadHive4UsingNewConversion(String)[2634]" classname="org.apache.hadoop.hive.ql.io.parquet.serde.TestParquetTimestampsHive2Compatibility" time="0"/>
  <testcase name="testWriteHive4ReadHive4UsingNewConversion(String)[2635]" classname="org.apache.hadoop.hive.ql.io.parquet.serde.TestParquetTimestampsHive2Compatibility" time="0"/>
  <testcase name="testWriteHive4ReadHive4UsingNewConversion(String)[2636]" classname="org.apache.hadoop.hive.ql.io.parquet.serde.TestParquetTimestampsHive2Compatibility" time="0"/>
  <testcase name="testWriteHive4ReadHive4UsingNewConversion(String)[2637]" classname="org.apache.hadoop.hive.ql.io.parquet.serde.TestParquetTimestampsHive2Compatibility" time="0"/>
  <testcase name="testWriteHive4ReadHive4UsingNewConversion(String)[2638]" classname="org.apache.hadoop.hive.ql.io.parquet.serde.TestParquetTimestampsHive2Compatibility" time="0.001"/>
  <testcase name="testWriteHive4ReadHive4UsingNewConversion(String)[2639]" classname="org.apache.hadoop.hive.ql.io.parquet.serde.TestParquetTimestampsHive2Compatibility" time="0"/>
  <testcase name="testWriteHive4ReadHive4UsingNewConversion(String)[2640]" classname="org.apache.hadoop.hive.ql.io.parquet.serde.TestParquetTimestampsHive2Compatibility" time="0"/>
  <testcase name="testWriteHive4ReadHive4UsingNewConversion(String)[2641]" classname="org.apache.hadoop.hive.ql.io.parquet.serde.TestParquetTimestampsHive2Compatibility" time="0"/>
  <testcase name="testWriteHive4ReadHive4UsingNewConversion(String)[2642]" classname="org.apache.hadoop.hive.ql.io.parquet.serde.TestParquetTimestampsHive2Compatibility" time="0"/>
  <testcase name="testWriteHive4ReadHive4UsingNewConversion(String)[2643]" classname="org.apache.hadoop.hive.ql.io.parquet.serde.TestParquetTimestampsHive2Compatibility" time="0"/>
  <testcase name="testWriteHive4ReadHive4UsingNewConversion(String)[2644]" classname="org.apache.hadoop.hive.ql.io.parquet.serde.TestParquetTimestampsHive2Compatibility" time="0"/>
  <testcase name="testWriteHive4ReadHive4UsingNewConversion(String)[2645]" classname="org.apache.hadoop.hive.ql.io.parquet.serde.TestParquetTimestampsHive2Compatibility" time="0"/>
  <testcase name="testWriteHive4ReadHive4UsingNewConversion(String)[2646]" classname="org.apache.hadoop.hive.ql.io.parquet.serde.TestParquetTimestampsHive2Compatibility" time="0"/>
  <testcase name="testWriteHive4ReadHive4UsingNewConversion(String)[2647]" classname="org.apache.hadoop.hive.ql.io.parquet.serde.TestParquetTimestampsHive2Compatibility" time="0.001"/>
  <testcase name="testWriteHive4ReadHive4UsingNewConversion(String)[2648]" classname="org.apache.hadoop.hive.ql.io.parquet.serde.TestParquetTimestampsHive2Compatibility" time="0"/>
  <testcase name="testWriteHive4ReadHive4UsingNewConversion(String)[2649]" classname="org.apache.hadoop.hive.ql.io.parquet.serde.TestParquetTimestampsHive2Compatibility" time="0"/>
  <testcase name="testWriteHive4ReadHive4UsingNewConversion(String)[2650]" classname="org.apache.hadoop.hive.ql.io.parquet.serde.TestParquetTimestampsHive2Compatibility" time="0"/>
  <testcase name="testWriteHive4ReadHive4UsingNewConversion(String)[2651]" classname="org.apache.hadoop.hive.ql.io.parquet.serde.TestParquetTimestampsHive2Compatibility" time="0"/>
  <testcase name="testWriteHive4ReadHive4UsingNewConversion(String)[2652]" classname="org.apache.hadoop.hive.ql.io.parquet.serde.TestParquetTimestampsHive2Compatibility" time="0"/>
  <testcase name="testWriteHive4ReadHive4UsingNewConversion(String)[2653]" classname="org.apache.hadoop.hive.ql.io.parquet.serde.TestParquetTimestampsHive2Compatibility" time="0"/>
  <testcase name="testWriteHive4ReadHive4UsingNewConversion(String)[2654]" classname="org.apache.hadoop.hive.ql.io.parquet.serde.TestParquetTimestampsHive2Compatibility" time="0"/>
  <testcase name="testWriteHive4ReadHive4UsingNewConversion(String)[2655]" classname="org.apache.hadoop.hive.ql.io.parquet.serde.TestParquetTimestampsHive2Compatibility" time="0"/>
  <testcase name="testWriteHive4ReadHive4UsingNewConversion(String)[2656]" classname="org.apache.hadoop.hive.ql.io.parquet.serde.TestParquetTimestampsHive2Compatibility" time="0.001"/>
  <testcase name="testWriteHive4ReadHive4UsingNewConversion(String)[2657]" classname="org.apache.hadoop.hive.ql.io.parquet.serde.TestParquetTimestampsHive2Compatibility" time="0"/>
  <testcase name="testWriteHive4ReadHive4UsingNewConversion(String)[2658]" classname="org.apache.hadoop.hive.ql.io.parquet.serde.TestParquetTimestampsHive2Compatibility" time="0"/>
  <testcase name="testWriteHive4ReadHive4UsingNewConversion(String)[2659]" classname="org.apache.hadoop.hive.ql.io.parquet.serde.TestParquetTimestampsHive2Compatibility" time="0"/>
  <testcase name="testWriteHive4ReadHive4UsingNewConversion(String)[2660]" classname="org.apache.hadoop.hive.ql.io.parquet.serde.TestParquetTimestampsHive2Compatibility" time="0"/>
  <testcase name="testWriteHive4ReadHive4UsingNewConversion(String)[2661]" classname="org.apache.hadoop.hive.ql.io.parquet.serde.TestParquetTimestampsHive2Compatibility" time="0"/>
  <testcase name="testWriteHive4ReadHive4UsingNewConversion(String)[2662]" classname="org.apache.hadoop.hive.ql.io.parquet.serde.TestParquetTimestampsHive2Compatibility" time="0"/>
  <testcase name="testWriteHive4ReadHive4UsingNewConversion(String)[2663]" classname="org.apache.hadoop.hive.ql.io.parquet.serde.TestParquetTimestampsHive2Compatibility" time="0"/>
  <testcase name="testWriteHive4ReadHive4UsingNewConversion(String)[2664]" classname="org.apache.hadoop.hive.ql.io.parquet.serde.TestParquetTimestampsHive2Compatibility" time="0"/>
  <testcase name="testWriteHive4ReadHive4UsingNewConversion(String)[2665]" classname="org.apache.hadoop.hive.ql.io.parquet.serde.TestParquetTimestampsHive2Compatibility" time="0.001"/>
  <testcase name="testWriteHive4ReadHive4UsingNewConversion(String)[2666]" classname="org.apache.hadoop.hive.ql.io.parquet.serde.TestParquetTimestampsHive2Compatibility" time="0"/>
  <testcase name="testWriteHive4ReadHive4UsingNewConversion(String)[2667]" classname="org.apache.hadoop.hive.ql.io.parquet.serde.TestParquetTimestampsHive2Compatibility" time="0"/>
  <testcase name="testWriteHive4ReadHive4UsingNewConversion(String)[2668]" classname="org.apache.hadoop.hive.ql.io.parquet.serde.TestParquetTimestampsHive2Compatibility" time="0"/>
  <testcase name="testWriteHive4ReadHive4UsingNewConversion(String)[2669]" classname="org.apache.hadoop.hive.ql.io.parquet.serde.TestParquetTimestampsHive2Compatibility" time="0"/>
  <testcase name="testWriteHive4ReadHive4UsingNewConversion(String)[2670]" classname="org.apache.hadoop.hive.ql.io.parquet.serde.TestParquetTimestampsHive2Compatibility" time="0"/>
  <testcase name="testWriteHive4ReadHive4UsingNewConversion(String)[2671]" classname="org.apache.hadoop.hive.ql.io.parquet.serde.TestParquetTimestampsHive2Compatibility" time="0"/>
  <testcase name="testWriteHive4ReadHive4UsingNewConversion(String)[2672]" classname="org.apache.hadoop.hive.ql.io.parquet.serde.TestParquetTimestampsHive2Compatibility" time="0"/>
  <testcase name="testWriteHive4ReadHive4UsingNewConversion(String)[2673]" classname="org.apache.hadoop.hive.ql.io.parquet.serde.TestParquetTimestampsHive2Compatibility" time="0"/>
  <testcase name="testWriteHive4ReadHive4UsingNewConversion(String)[2674]" classname="org.apache.hadoop.hive.ql.io.parquet.serde.TestParquetTimestampsHive2Compatibility" time="0.001"/>
  <testcase name="testWriteHive4ReadHive4UsingNewConversion(String)[2675]" classname="org.apache.hadoop.hive.ql.io.parquet.serde.TestParquetTimestampsHive2Compatibility" time="0"/>
  <testcase name="testWriteHive4ReadHive4UsingNewConversion(String)[2676]" classname="org.apache.hadoop.hive.ql.io.parquet.serde.TestParquetTimestampsHive2Compatibility" time="0"/>
  <testcase name="testWriteHive4ReadHive4UsingNewConversion(String)[2677]" classname="org.apache.hadoop.hive.ql.io.parquet.serde.TestParquetTimestampsHive2Compatibility" time="0"/>
  <testcase name="testWriteHive4ReadHive4UsingNewConversion(String)[2678]" classname="org.apache.hadoop.hive.ql.io.parquet.serde.TestParquetTimestampsHive2Compatibility" time="0"/>
  <testcase name="testWriteHive4ReadHive4UsingNewConversion(String)[2679]" classname="org.apache.hadoop.hive.ql.io.parquet.serde.TestParquetTimestampsHive2Compatibility" time="0"/>
  <testcase name="testWriteHive4ReadHive4UsingNewConversion(String)[2680]" classname="org.apache.hadoop.hive.ql.io.parquet.serde.TestParquetTimestampsHive2Compatibility" time="0"/>
  <testcase name="testWriteHive4ReadHive4UsingNewConversion(String)[2681]" classname="org.apache.hadoop.hive.ql.io.parquet.serde.TestParquetTimestampsHive2Compatibility" time="0"/>
  <testcase name="testWriteHive4ReadHive4UsingNewConversion(String)[2682]" classname="org.apache.hadoop.hive.ql.io.parquet.serde.TestParquetTimestampsHive2Compatibility" time="0"/>
  <testcase name="testWriteHive4ReadHive4UsingNewConversion(String)[2683]" classname="org.apache.hadoop.hive.ql.io.parquet.serde.TestParquetTimestampsHive2Compatibility" time="0.001"/>
  <testcase name="testWriteHive4ReadHive4UsingNewConversion(String)[2684]" classname="org.apache.hadoop.hive.ql.io.parquet.serde.TestParquetTimestampsHive2Compatibility" time="0"/>
  <testcase name="testWriteHive4ReadHive4UsingNewConversion(String)[2685]" classname="org.apache.hadoop.hive.ql.io.parquet.serde.TestParquetTimestampsHive2Compatibility" time="0"/>
  <testcase name="testWriteHive4ReadHive4UsingNewConversion(String)[2686]" classname="org.apache.hadoop.hive.ql.io.parquet.serde.TestParquetTimestampsHive2Compatibility" time="0"/>
  <testcase name="testWriteHive4ReadHive4UsingNewConversion(String)[2687]" classname="org.apache.hadoop.hive.ql.io.parquet.serde.TestParquetTimestampsHive2Compatibility" time="0"/>
  <testcase name="testWriteHive4ReadHive4UsingNewConversion(String)[2688]" classname="org.apache.hadoop.hive.ql.io.parquet.serde.TestParquetTimestampsHive2Compatibility" time="0"/>
  <testcase name="testWriteHive4ReadHive4UsingNewConversion(String)[2689]" classname="org.apache.hadoop.hive.ql.io.parquet.serde.TestParquetTimestampsHive2Compatibility" time="0"/>
  <testcase name="testWriteHive4ReadHive4UsingNewConversion(String)[2690]" classname="org.apache.hadoop.hive.ql.io.parquet.serde.TestParquetTimestampsHive2Compatibility" time="0"/>
  <testcase name="testWriteHive4ReadHive4UsingNewConversion(String)[2691]" classname="org.apache.hadoop.hive.ql.io.parquet.serde.TestParquetTimestampsHive2Compatibility" time="0"/>
  <testcase name="testWriteHive4ReadHive4UsingNewConversion(String)[2692]" classname="org.apache.hadoop.hive.ql.io.parquet.serde.TestParquetTimestampsHive2Compatibility" time="0.001"/>
  <testcase name="testWriteHive4ReadHive4UsingNewConversion(String)[2693]" classname="org.apache.hadoop.hive.ql.io.parquet.serde.TestParquetTimestampsHive2Compatibility" time="0"/>
  <testcase name="testWriteHive4ReadHive4UsingNewConversion(String)[2694]" classname="org.apache.hadoop.hive.ql.io.parquet.serde.TestParquetTimestampsHive2Compatibility" time="0"/>
  <testcase name="testWriteHive4ReadHive4UsingNewConversion(String)[2695]" classname="org.apache.hadoop.hive.ql.io.parquet.serde.TestParquetTimestampsHive2Compatibility" time="0"/>
  <testcase name="testWriteHive4ReadHive4UsingNewConversion(String)[2696]" classname="org.apache.hadoop.hive.ql.io.parquet.serde.TestParquetTimestampsHive2Compatibility" time="0"/>
  <testcase name="testWriteHive4ReadHive4UsingNewConversion(String)[2697]" classname="org.apache.hadoop.hive.ql.io.parquet.serde.TestParquetTimestampsHive2Compatibility" time="0"/>
  <testcase name="testWriteHive4ReadHive4UsingNewConversion(String)[2698]" classname="org.apache.hadoop.hive.ql.io.parquet.serde.TestParquetTimestampsHive2Compatibility" time="0"/>
  <testcase name="testWriteHive4ReadHive4UsingNewConversion(String)[2699]" classname="org.apache.hadoop.hive.ql.io.parquet.serde.TestParquetTimestampsHive2Compatibility" time="0"/>
  <testcase name="testWriteHive4ReadHive4UsingNewConversion(String)[2700]" classname="org.apache.hadoop.hive.ql.io.parquet.serde.TestParquetTimestampsHive2Compatibility" time="0.001"/>
  <testcase name="testWriteHive4ReadHive4UsingNewConversion(String)[2701]" classname="org.apache.hadoop.hive.ql.io.parquet.serde.TestParquetTimestampsHive2Compatibility" time="0"/>
  <testcase name="testWriteHive4ReadHive4UsingNewConversion(String)[2702]" classname="org.apache.hadoop.hive.ql.io.parquet.serde.TestParquetTimestampsHive2Compatibility" time="0"/>
  <testcase name="testWriteHive4ReadHive4UsingNewConversion(String)[2703]" classname="org.apache.hadoop.hive.ql.io.parquet.serde.TestParquetTimestampsHive2Compatibility" time="0"/>
  <testcase name="testWriteHive4ReadHive4UsingNewConversion(String)[2704]" classname="org.apache.hadoop.hive.ql.io.parquet.serde.TestParquetTimestampsHive2Compatibility" time="0"/>
  <testcase name="testWriteHive4ReadHive4UsingNewConversion(String)[2705]" classname="org.apache.hadoop.hive.ql.io.parquet.serde.TestParquetTimestampsHive2Compatibility" time="0"/>
  <testcase name="testWriteHive4ReadHive4UsingNewConversion(String)[2706]" classname="org.apache.hadoop.hive.ql.io.parquet.serde.TestParquetTimestampsHive2Compatibility" time="0"/>
  <testcase name="testWriteHive4ReadHive4UsingNewConversion(String)[2707]" classname="org.apache.hadoop.hive.ql.io.parquet.serde.TestParquetTimestampsHive2Compatibility" time="0"/>
  <testcase name="testWriteHive4ReadHive4UsingNewConversion(String)[2708]" classname="org.apache.hadoop.hive.ql.io.parquet.serde.TestParquetTimestampsHive2Compatibility" time="0"/>
  <testcase name="testWriteHive4ReadHive4UsingNewConversion(String)[2709]" classname="org.apache.hadoop.hive.ql.io.parquet.serde.TestParquetTimestampsHive2Compatibility" time="0"/>
  <testcase name="testWriteHive4ReadHive4UsingNewConversion(String)[2710]" classname="org.apache.hadoop.hive.ql.io.parquet.serde.TestParquetTimestampsHive2Compatibility" time="0"/>
  <testcase name="testWriteHive4ReadHive4UsingNewConversion(String)[2711]" classname="org.apache.hadoop.hive.ql.io.parquet.serde.TestParquetTimestampsHive2Compatibility" time="0"/>
  <testcase name="testWriteHive4ReadHive4UsingNewConversion(String)[2712]" classname="org.apache.hadoop.hive.ql.io.parquet.serde.TestParquetTimestampsHive2Compatibility" time="0"/>
  <testcase name="testWriteHive4ReadHive4UsingNewConversion(String)[2713]" classname="org.apache.hadoop.hive.ql.io.parquet.serde.TestParquetTimestampsHive2Compatibility" time="0"/>
  <testcase name="testWriteHive4ReadHive4UsingNewConversion(String)[2714]" classname="org.apache.hadoop.hive.ql.io.parquet.serde.TestParquetTimestampsHive2Compatibility" time="0"/>
  <testcase name="testWriteHive4ReadHive4UsingNewConversion(String)[2715]" classname="org.apache.hadoop.hive.ql.io.parquet.serde.TestParquetTimestampsHive2Compatibility" time="0"/>
  <testcase name="testWriteHive4ReadHive4UsingNewConversion(String)[2716]" classname="org.apache.hadoop.hive.ql.io.parquet.serde.TestParquetTimestampsHive2Compatibility" time="0"/>
  <testcase name="testWriteHive4ReadHive4UsingNewConversion(String)[2717]" classname="org.apache.hadoop.hive.ql.io.parquet.serde.TestParquetTimestampsHive2Compatibility" time="0.001"/>
  <testcase name="testWriteHive4ReadHive4UsingNewConversion(String)[2718]" classname="org.apache.hadoop.hive.ql.io.parquet.serde.TestParquetTimestampsHive2Compatibility" time="0"/>
  <testcase name="testWriteHive4ReadHive4UsingNewConversion(String)[2719]" classname="org.apache.hadoop.hive.ql.io.parquet.serde.TestParquetTimestampsHive2Compatibility" time="0"/>
  <testcase name="testWriteHive4ReadHive4UsingNewConversion(String)[2720]" classname="org.apache.hadoop.hive.ql.io.parquet.serde.TestParquetTimestampsHive2Compatibility" time="0"/>
  <testcase name="testWriteHive4ReadHive4UsingNewConversion(String)[2721]" classname="org.apache.hadoop.hive.ql.io.parquet.serde.TestParquetTimestampsHive2Compatibility" time="0"/>
  <testcase name="testWriteHive4ReadHive4UsingNewConversion(String)[2722]" classname="org.apache.hadoop.hive.ql.io.parquet.serde.TestParquetTimestampsHive2Compatibility" time="0"/>
  <testcase name="testWriteHive4ReadHive4UsingNewConversion(String)[2723]" classname="org.apache.hadoop.hive.ql.io.parquet.serde.TestParquetTimestampsHive2Compatibility" time="0"/>
  <testcase name="testWriteHive4ReadHive4UsingNewConversion(String)[2724]" classname="org.apache.hadoop.hive.ql.io.parquet.serde.TestParquetTimestampsHive2Compatibility" time="0"/>
  <testcase name="testWriteHive4ReadHive4UsingNewConversion(String)[2725]" classname="org.apache.hadoop.hive.ql.io.parquet.serde.TestParquetTimestampsHive2Compatibility" time="0"/>
  <testcase name="testWriteHive4ReadHive4UsingNewConversion(String)[2726]" classname="org.apache.hadoop.hive.ql.io.parquet.serde.TestParquetTimestampsHive2Compatibility" time="0.001"/>
  <testcase name="testWriteHive4ReadHive4UsingNewConversion(String)[2727]" classname="org.apache.hadoop.hive.ql.io.parquet.serde.TestParquetTimestampsHive2Compatibility" time="0"/>
  <testcase name="testWriteHive4ReadHive4UsingNewConversion(String)[2728]" classname="org.apache.hadoop.hive.ql.io.parquet.serde.TestParquetTimestampsHive2Compatibility" time="0"/>
  <testcase name="testWriteHive4ReadHive4UsingNewConversion(String)[2729]" classname="org.apache.hadoop.hive.ql.io.parquet.serde.TestParquetTimestampsHive2Compatibility" time="0"/>
  <testcase name="testWriteHive4ReadHive4UsingNewConversion(String)[2730]" classname="org.apache.hadoop.hive.ql.io.parquet.serde.TestParquetTimestampsHive2Compatibility" time="0"/>
  <testcase name="testWriteHive4ReadHive4UsingNewConversion(String)[2731]" classname="org.apache.hadoop.hive.ql.io.parquet.serde.TestParquetTimestampsHive2Compatibility" time="0"/>
  <testcase name="testWriteHive4ReadHive4UsingNewConversion(String)[2732]" classname="org.apache.hadoop.hive.ql.io.parquet.serde.TestParquetTimestampsHive2Compatibility" time="0"/>
  <testcase name="testWriteHive4ReadHive4UsingNewConversion(String)[2733]" classname="org.apache.hadoop.hive.ql.io.parquet.serde.TestParquetTimestampsHive2Compatibility" time="0"/>
  <testcase name="testWriteHive4ReadHive4UsingNewConversion(String)[2734]" classname="org.apache.hadoop.hive.ql.io.parquet.serde.TestParquetTimestampsHive2Compatibility" time="0"/>
  <testcase name="testWriteHive4ReadHive4UsingNewConversion(String)[2735]" classname="org.apache.hadoop.hive.ql.io.parquet.serde.TestParquetTimestampsHive2Compatibility" time="0"/>
  <testcase name="testWriteHive4ReadHive4UsingNewConversion(String)[2736]" classname="org.apache.hadoop.hive.ql.io.parquet.serde.TestParquetTimestampsHive2Compatibility" time="0"/>
  <testcase name="testWriteHive4ReadHive4UsingNewConversion(String)[2737]" classname="org.apache.hadoop.hive.ql.io.parquet.serde.TestParquetTimestampsHive2Compatibility" time="0"/>
  <testcase name="testWriteHive4ReadHive4UsingNewConversion(String)[2738]" classname="org.apache.hadoop.hive.ql.io.parquet.serde.TestParquetTimestampsHive2Compatibility" time="0"/>
  <testcase name="testWriteHive4ReadHive4UsingNewConversion(String)[2739]" classname="org.apache.hadoop.hive.ql.io.parquet.serde.TestParquetTimestampsHive2Compatibility" time="0"/>
  <testcase name="testWriteHive4ReadHive4UsingNewConversion(String)[2740]" classname="org.apache.hadoop.hive.ql.io.parquet.serde.TestParquetTimestampsHive2Compatibility" time="0"/>
  <testcase name="testWriteHive4ReadHive4UsingNewConversion(String)[2741]" classname="org.apache.hadoop.hive.ql.io.parquet.serde.TestParquetTimestampsHive2Compatibility" time="0"/>
  <testcase name="testWriteHive4ReadHive4UsingNewConversion(String)[2742]" classname="org.apache.hadoop.hive.ql.io.parquet.serde.TestParquetTimestampsHive2Compatibility" time="0"/>
  <testcase name="testWriteHive4ReadHive4UsingNewConversion(String)[2743]" classname="org.apache.hadoop.hive.ql.io.parquet.serde.TestParquetTimestampsHive2Compatibility" time="0"/>
  <testcase name="testWriteHive4ReadHive4UsingNewConversion(String)[2744]" classname="org.apache.hadoop.hive.ql.io.parquet.serde.TestParquetTimestampsHive2Compatibility" time="0"/>
  <testcase name="testWriteHive4ReadHive4UsingNewConversion(String)[2745]" classname="org.apache.hadoop.hive.ql.io.parquet.serde.TestParquetTimestampsHive2Compatibility" time="0"/>
  <testcase name="testWriteHive4ReadHive4UsingNewConversion(String)[2746]" classname="org.apache.hadoop.hive.ql.io.parquet.serde.TestParquetTimestampsHive2Compatibility" time="0"/>
  <testcase name="testWriteHive4ReadHive4UsingNewConversion(String)[2747]" classname="org.apache.hadoop.hive.ql.io.parquet.serde.TestParquetTimestampsHive2Compatibility" time="0"/>
  <testcase name="testWriteHive4ReadHive4UsingNewConversion(String)[2748]" classname="org.apache.hadoop.hive.ql.io.parquet.serde.TestParquetTimestampsHive2Compatibility" time="0"/>
  <testcase name="testWriteHive4ReadHive4UsingNewConversion(String)[2749]" classname="org.apache.hadoop.hive.ql.io.parquet.serde.TestParquetTimestampsHive2Compatibility" time="0"/>
  <testcase name="testWriteHive4ReadHive4UsingNewConversion(String)[2750]" classname="org.apache.hadoop.hive.ql.io.parquet.serde.TestParquetTimestampsHive2Compatibility" time="0"/>
  <testcase name="testWriteHive4ReadHive4UsingNewConversion(String)[2751]" classname="org.apache.hadoop.hive.ql.io.parquet.serde.TestParquetTimestampsHive2Compatibility" time="0"/>
  <testcase name="testWriteHive4ReadHive4UsingNewConversion(String)[2752]" classname="org.apache.hadoop.hive.ql.io.parquet.serde.TestParquetTimestampsHive2Compatibility" time="0"/>
  <testcase name="testWriteHive4ReadHive4UsingNewConversion(String)[2753]" classname="org.apache.hadoop.hive.ql.io.parquet.serde.TestParquetTimestampsHive2Compatibility" time="0"/>
  <testcase name="testWriteHive4ReadHive4UsingNewConversion(String)[2754]" classname="org.apache.hadoop.hive.ql.io.parquet.serde.TestParquetTimestampsHive2Compatibility" time="0"/>
  <testcase name="testWriteHive4ReadHive4UsingNewConversion(String)[2755]" classname="org.apache.hadoop.hive.ql.io.parquet.serde.TestParquetTimestampsHive2Compatibility" time="0"/>
  <testcase name="testWriteHive4ReadHive4UsingNewConversion(String)[2756]" classname="org.apache.hadoop.hive.ql.io.parquet.serde.TestParquetTimestampsHive2Compatibility" time="0"/>
  <testcase name="testWriteHive4ReadHive4UsingNewConversion(String)[2757]" classname="org.apache.hadoop.hive.ql.io.parquet.serde.TestParquetTimestampsHive2Compatibility" time="0"/>
  <testcase name="testWriteHive4ReadHive4UsingNewConversion(String)[2758]" classname="org.apache.hadoop.hive.ql.io.parquet.serde.TestParquetTimestampsHive2Compatibility" time="0"/>
  <testcase name="testWriteHive4ReadHive4UsingNewConversion(String)[2759]" classname="org.apache.hadoop.hive.ql.io.parquet.serde.TestParquetTimestampsHive2Compatibility" time="0"/>
  <testcase name="testWriteHive4ReadHive4UsingNewConversion(String)[2760]" classname="org.apache.hadoop.hive.ql.io.parquet.serde.TestParquetTimestampsHive2Compatibility" time="0"/>
  <testcase name="testWriteHive4ReadHive4UsingNewConversion(String)[2761]" classname="org.apache.hadoop.hive.ql.io.parquet.serde.TestParquetTimestampsHive2Compatibility" time="0"/>
  <testcase name="testWriteHive4ReadHive4UsingNewConversion(String)[2762]" classname="org.apache.hadoop.hive.ql.io.parquet.serde.TestParquetTimestampsHive2Compatibility" time="0"/>
  <testcase name="testWriteHive4ReadHive4UsingNewConversion(String)[2763]" classname="org.apache.hadoop.hive.ql.io.parquet.serde.TestParquetTimestampsHive2Compatibility" time="0"/>
  <testcase name="testWriteHive4ReadHive4UsingNewConversion(String)[2764]" classname="org.apache.hadoop.hive.ql.io.parquet.serde.TestParquetTimestampsHive2Compatibility" time="0"/>
  <testcase name="testWriteHive4ReadHive4UsingNewConversion(String)[2765]" classname="org.apache.hadoop.hive.ql.io.parquet.serde.TestParquetTimestampsHive2Compatibility" time="0"/>
  <testcase name="testWriteHive4ReadHive4UsingNewConversion(String)[2766]" classname="org.apache.hadoop.hive.ql.io.parquet.serde.TestParquetTimestampsHive2Compatibility" time="0"/>
  <testcase name="testWriteHive4ReadHive4UsingNewConversion(String)[2767]" classname="org.apache.hadoop.hive.ql.io.parquet.serde.TestParquetTimestampsHive2Compatibility" time="0"/>
  <testcase name="testWriteHive4ReadHive4UsingNewConversion(String)[2768]" classname="org.apache.hadoop.hive.ql.io.parquet.serde.TestParquetTimestampsHive2Compatibility" time="0"/>
  <testcase name="testWriteHive4ReadHive4UsingNewConversion(String)[2769]" classname="org.apache.hadoop.hive.ql.io.parquet.serde.TestParquetTimestampsHive2Compatibility" time="0"/>
  <testcase name="testWriteHive4ReadHive4UsingNewConversion(String)[2770]" classname="org.apache.hadoop.hive.ql.io.parquet.serde.TestParquetTimestampsHive2Compatibility" time="0"/>
  <testcase name="testWriteHive4ReadHive4UsingNewConversion(String)[2771]" classname="org.apache.hadoop.hive.ql.io.parquet.serde.TestParquetTimestampsHive2Compatibility" time="0"/>
  <testcase name="testWriteHive4ReadHive4UsingNewConversion(String)[2772]" classname="org.apache.hadoop.hive.ql.io.parquet.serde.TestParquetTimestampsHive2Compatibility" time="0"/>
  <testcase name="testWriteHive4ReadHive4UsingNewConversion(String)[2773]" classname="org.apache.hadoop.hive.ql.io.parquet.serde.TestParquetTimestampsHive2Compatibility" time="0"/>
  <testcase name="testWriteHive4ReadHive4UsingNewConversion(String)[2774]" classname="org.apache.hadoop.hive.ql.io.parquet.serde.TestParquetTimestampsHive2Compatibility" time="0"/>
  <testcase name="testWriteHive4ReadHive4UsingNewConversion(String)[2775]" classname="org.apache.hadoop.hive.ql.io.parquet.serde.TestParquetTimestampsHive2Compatibility" time="0"/>
  <testcase name="testWriteHive4ReadHive4UsingNewConversion(String)[2776]" classname="org.apache.hadoop.hive.ql.io.parquet.serde.TestParquetTimestampsHive2Compatibility" time="0"/>
  <testcase name="testWriteHive4ReadHive4UsingNewConversion(String)[2777]" classname="org.apache.hadoop.hive.ql.io.parquet.serde.TestParquetTimestampsHive2Compatibility" time="0"/>
  <testcase name="testWriteHive4ReadHive4UsingNewConversion(String)[2778]" classname="org.apache.hadoop.hive.ql.io.parquet.serde.TestParquetTimestampsHive2Compatibility" time="0"/>
  <testcase name="testWriteHive4ReadHive4UsingNewConversion(String)[2779]" classname="org.apache.hadoop.hive.ql.io.parquet.serde.TestParquetTimestampsHive2Compatibility" time="0"/>
  <testcase name="testWriteHive4ReadHive4UsingNewConversion(String)[2780]" classname="org.apache.hadoop.hive.ql.io.parquet.serde.TestParquetTimestampsHive2Compatibility" time="0"/>
  <testcase name="testWriteHive4ReadHive4UsingNewConversion(String)[2781]" classname="org.apache.hadoop.hive.ql.io.parquet.serde.TestParquetTimestampsHive2Compatibility" time="0"/>
  <testcase name="testWriteHive4ReadHive4UsingNewConversion(String)[2782]" classname="org.apache.hadoop.hive.ql.io.parquet.serde.TestParquetTimestampsHive2Compatibility" time="0"/>
  <testcase name="testWriteHive4ReadHive4UsingNewConversion(String)[2783]" classname="org.apache.hadoop.hive.ql.io.parquet.serde.TestParquetTimestampsHive2Compatibility" time="0"/>
  <testcase name="testWriteHive4ReadHive4UsingNewConversion(String)[2784]" classname="org.apache.hadoop.hive.ql.io.parquet.serde.TestParquetTimestampsHive2Compatibility" time="0"/>
  <testcase name="testWriteHive4ReadHive4UsingNewConversion(String)[2785]" classname="org.apache.hadoop.hive.ql.io.parquet.serde.TestParquetTimestampsHive2Compatibility" time="0"/>
  <testcase name="testWriteHive4ReadHive4UsingNewConversion(String)[2786]" classname="org.apache.hadoop.hive.ql.io.parquet.serde.TestParquetTimestampsHive2Compatibility" time="0"/>
  <testcase name="testWriteHive4ReadHive4UsingNewConversion(String)[2787]" classname="org.apache.hadoop.hive.ql.io.parquet.serde.TestParquetTimestampsHive2Compatibility" time="0"/>
  <testcase name="testWriteHive4ReadHive4UsingNewConversion(String)[2788]" classname="org.apache.hadoop.hive.ql.io.parquet.serde.TestParquetTimestampsHive2Compatibility" time="0"/>
  <testcase name="testWriteHive4ReadHive4UsingNewConversion(String)[2789]" classname="org.apache.hadoop.hive.ql.io.parquet.serde.TestParquetTimestampsHive2Compatibility" time="0"/>
  <testcase name="testWriteHive4ReadHive4UsingNewConversion(String)[2790]" classname="org.apache.hadoop.hive.ql.io.parquet.serde.TestParquetTimestampsHive2Compatibility" time="0"/>
  <testcase name="testWriteHive4ReadHive4UsingNewConversion(String)[2791]" classname="org.apache.hadoop.hive.ql.io.parquet.serde.TestParquetTimestampsHive2Compatibility" time="0"/>
  <testcase name="testWriteHive4ReadHive4UsingNewConversion(String)[2792]" classname="org.apache.hadoop.hive.ql.io.parquet.serde.TestParquetTimestampsHive2Compatibility" time="0"/>
  <testcase name="testWriteHive4ReadHive4UsingNewConversion(String)[2793]" classname="org.apache.hadoop.hive.ql.io.parquet.serde.TestParquetTimestampsHive2Compatibility" time="0"/>
  <testcase name="testWriteHive4ReadHive4UsingNewConversion(String)[2794]" classname="org.apache.hadoop.hive.ql.io.parquet.serde.TestParquetTimestampsHive2Compatibility" time="0"/>
  <testcase name="testWriteHive4ReadHive4UsingNewConversion(String)[2795]" classname="org.apache.hadoop.hive.ql.io.parquet.serde.TestParquetTimestampsHive2Compatibility" time="0"/>
  <testcase name="testWriteHive4ReadHive4UsingNewConversion(String)[2796]" classname="org.apache.hadoop.hive.ql.io.parquet.serde.TestParquetTimestampsHive2Compatibility" time="0"/>
  <testcase name="testWriteHive4ReadHive4UsingNewConversion(String)[2797]" classname="org.apache.hadoop.hive.ql.io.parquet.serde.TestParquetTimestampsHive2Compatibility" time="0"/>
  <testcase name="testWriteHive4ReadHive4UsingNewConversion(String)[2798]" classname="org.apache.hadoop.hive.ql.io.parquet.serde.TestParquetTimestampsHive2Compatibility" time="0"/>
  <testcase name="testWriteHive4ReadHive4UsingNewConversion(String)[2799]" classname="org.apache.hadoop.hive.ql.io.parquet.serde.TestParquetTimestampsHive2Compatibility" time="0"/>
  <testcase name="testWriteHive4ReadHive4UsingNewConversion(String)[2800]" classname="org.apache.hadoop.hive.ql.io.parquet.serde.TestParquetTimestampsHive2Compatibility" time="0"/>
  <testcase name="testWriteHive4ReadHive4UsingNewConversion(String)[2801]" classname="org.apache.hadoop.hive.ql.io.parquet.serde.TestParquetTimestampsHive2Compatibility" time="0"/>
  <testcase name="testWriteHive4ReadHive4UsingNewConversion(String)[2802]" classname="org.apache.hadoop.hive.ql.io.parquet.serde.TestParquetTimestampsHive2Compatibility" time="0"/>
  <testcase name="testWriteHive4ReadHive4UsingNewConversion(String)[2803]" classname="org.apache.hadoop.hive.ql.io.parquet.serde.TestParquetTimestampsHive2Compatibility" time="0"/>
  <testcase name="testWriteHive4ReadHive4UsingNewConversion(String)[2804]" classname="org.apache.hadoop.hive.ql.io.parquet.serde.TestParquetTimestampsHive2Compatibility" time="0"/>
  <testcase name="testWriteHive4ReadHive4UsingNewConversion(String)[2805]" classname="org.apache.hadoop.hive.ql.io.parquet.serde.TestParquetTimestampsHive2Compatibility" time="0"/>
  <testcase name="testWriteHive4ReadHive4UsingNewConversion(String)[2806]" classname="org.apache.hadoop.hive.ql.io.parquet.serde.TestParquetTimestampsHive2Compatibility" time="0"/>
  <testcase name="testWriteHive4ReadHive4UsingNewConversion(String)[2807]" classname="org.apache.hadoop.hive.ql.io.parquet.serde.TestParquetTimestampsHive2Compatibility" time="0"/>
  <testcase name="testWriteHive4ReadHive4UsingNewConversion(String)[2808]" classname="org.apache.hadoop.hive.ql.io.parquet.serde.TestParquetTimestampsHive2Compatibility" time="0"/>
  <testcase name="testWriteHive4ReadHive4UsingNewConversion(String)[2809]" classname="org.apache.hadoop.hive.ql.io.parquet.serde.TestParquetTimestampsHive2Compatibility" time="0"/>
  <testcase name="testWriteHive4ReadHive4UsingNewConversion(String)[2810]" classname="org.apache.hadoop.hive.ql.io.parquet.serde.TestParquetTimestampsHive2Compatibility" time="0"/>
  <testcase name="testWriteHive4ReadHive4UsingNewConversion(String)[2811]" classname="org.apache.hadoop.hive.ql.io.parquet.serde.TestParquetTimestampsHive2Compatibility" time="0"/>
  <testcase name="testWriteHive4ReadHive4UsingNewConversion(String)[2812]" classname="org.apache.hadoop.hive.ql.io.parquet.serde.TestParquetTimestampsHive2Compatibility" time="0"/>
  <testcase name="testWriteHive4ReadHive4UsingNewConversion(String)[2813]" classname="org.apache.hadoop.hive.ql.io.parquet.serde.TestParquetTimestampsHive2Compatibility" time="0"/>
  <testcase name="testWriteHive4ReadHive4UsingNewConversion(String)[2814]" classname="org.apache.hadoop.hive.ql.io.parquet.serde.TestParquetTimestampsHive2Compatibility" time="0"/>
  <testcase name="testWriteHive4ReadHive4UsingNewConversion(String)[2815]" classname="org.apache.hadoop.hive.ql.io.parquet.serde.TestParquetTimestampsHive2Compatibility" time="0"/>
  <testcase name="testWriteHive4ReadHive4UsingNewConversion(String)[2816]" classname="org.apache.hadoop.hive.ql.io.parquet.serde.TestParquetTimestampsHive2Compatibility" time="0"/>
  <testcase name="testWriteHive4ReadHive4UsingNewConversion(String)[2817]" classname="org.apache.hadoop.hive.ql.io.parquet.serde.TestParquetTimestampsHive2Compatibility" time="0"/>
  <testcase name="testWriteHive4ReadHive4UsingNewConversion(String)[2818]" classname="org.apache.hadoop.hive.ql.io.parquet.serde.TestParquetTimestampsHive2Compatibility" time="0"/>
  <testcase name="testWriteHive4ReadHive4UsingNewConversion(String)[2819]" classname="org.apache.hadoop.hive.ql.io.parquet.serde.TestParquetTimestampsHive2Compatibility" time="0"/>
  <testcase name="testWriteHive4ReadHive4UsingNewConversion(String)[2820]" classname="org.apache.hadoop.hive.ql.io.parquet.serde.TestParquetTimestampsHive2Compatibility" time="0"/>
  <testcase name="testWriteHive4ReadHive4UsingNewConversion(String)[2821]" classname="org.apache.hadoop.hive.ql.io.parquet.serde.TestParquetTimestampsHive2Compatibility" time="0"/>
  <testcase name="testWriteHive4ReadHive4UsingNewConversion(String)[2822]" classname="org.apache.hadoop.hive.ql.io.parquet.serde.TestParquetTimestampsHive2Compatibility" time="0"/>
  <testcase name="testWriteHive4ReadHive4UsingNewConversion(String)[2823]" classname="org.apache.hadoop.hive.ql.io.parquet.serde.TestParquetTimestampsHive2Compatibility" time="0"/>
  <testcase name="testWriteHive4ReadHive4UsingNewConversion(String)[2824]" classname="org.apache.hadoop.hive.ql.io.parquet.serde.TestParquetTimestampsHive2Compatibility" time="0"/>
  <testcase name="testWriteHive4ReadHive4UsingNewConversion(String)[2825]" classname="org.apache.hadoop.hive.ql.io.parquet.serde.TestParquetTimestampsHive2Compatibility" time="0"/>
  <testcase name="testWriteHive4ReadHive4UsingNewConversion(String)[2826]" classname="org.apache.hadoop.hive.ql.io.parquet.serde.TestParquetTimestampsHive2Compatibility" time="0"/>
  <testcase name="testWriteHive4ReadHive4UsingNewConversion(String)[2827]" classname="org.apache.hadoop.hive.ql.io.parquet.serde.TestParquetTimestampsHive2Compatibility" time="0"/>
  <testcase name="testWriteHive4ReadHive4UsingNewConversion(String)[2828]" classname="org.apache.hadoop.hive.ql.io.parquet.serde.TestParquetTimestampsHive2Compatibility" time="0"/>
  <testcase name="testWriteHive4ReadHive4UsingNewConversion(String)[2829]" classname="org.apache.hadoop.hive.ql.io.parquet.serde.TestParquetTimestampsHive2Compatibility" time="0"/>
  <testcase name="testWriteHive4ReadHive4UsingNewConversion(String)[2830]" classname="org.apache.hadoop.hive.ql.io.parquet.serde.TestParquetTimestampsHive2Compatibility" time="0"/>
  <testcase name="testWriteHive4ReadHive4UsingNewConversion(String)[2831]" classname="org.apache.hadoop.hive.ql.io.parquet.serde.TestParquetTimestampsHive2Compatibility" time="0"/>
  <testcase name="testWriteHive4ReadHive4UsingNewConversion(String)[2832]" classname="org.apache.hadoop.hive.ql.io.parquet.serde.TestParquetTimestampsHive2Compatibility" time="0"/>
  <testcase name="testWriteHive4ReadHive4UsingNewConversion(String)[2833]" classname="org.apache.hadoop.hive.ql.io.parquet.serde.TestParquetTimestampsHive2Compatibility" time="0"/>
  <testcase name="testWriteHive4ReadHive4UsingNewConversion(String)[2834]" classname="org.apache.hadoop.hive.ql.io.parquet.serde.TestParquetTimestampsHive2Compatibility" time="0"/>
  <testcase name="testWriteHive4ReadHive4UsingNewConversion(String)[2835]" classname="org.apache.hadoop.hive.ql.io.parquet.serde.TestParquetTimestampsHive2Compatibility" time="0"/>
  <testcase name="testWriteHive4ReadHive4UsingNewConversion(String)[2836]" classname="org.apache.hadoop.hive.ql.io.parquet.serde.TestParquetTimestampsHive2Compatibility" time="0"/>
  <testcase name="testWriteHive4ReadHive4UsingNewConversion(String)[2837]" classname="org.apache.hadoop.hive.ql.io.parquet.serde.TestParquetTimestampsHive2Compatibility" time="0"/>
  <testcase name="testWriteHive4ReadHive4UsingNewConversion(String)[2838]" classname="org.apache.hadoop.hive.ql.io.parquet.serde.TestParquetTimestampsHive2Compatibility" time="0"/>
  <testcase name="testWriteHive4ReadHive4UsingNewConversion(String)[2839]" classname="org.apache.hadoop.hive.ql.io.parquet.serde.TestParquetTimestampsHive2Compatibility" time="0"/>
  <testcase name="testWriteHive4ReadHive4UsingNewConversion(String)[2840]" classname="org.apache.hadoop.hive.ql.io.parquet.serde.TestParquetTimestampsHive2Compatibility" time="0"/>
  <testcase name="testWriteHive4ReadHive4UsingNewConversion(String)[2841]" classname="org.apache.hadoop.hive.ql.io.parquet.serde.TestParquetTimestampsHive2Compatibility" time="0"/>
  <testcase name="testWriteHive4ReadHive4UsingNewConversion(String)[2842]" classname="org.apache.hadoop.hive.ql.io.parquet.serde.TestParquetTimestampsHive2Compatibility" time="0"/>
  <testcase name="testWriteHive4ReadHive4UsingNewConversion(String)[2843]" classname="org.apache.hadoop.hive.ql.io.parquet.serde.TestParquetTimestampsHive2Compatibility" time="0.001"/>
  <testcase name="testWriteHive4ReadHive4UsingNewConversion(String)[2844]" classname="org.apache.hadoop.hive.ql.io.parquet.serde.TestParquetTimestampsHive2Compatibility" time="0"/>
  <testcase name="testWriteHive4ReadHive4UsingNewConversion(String)[2845]" classname="org.apache.hadoop.hive.ql.io.parquet.serde.TestParquetTimestampsHive2Compatibility" time="0"/>
  <testcase name="testWriteHive4ReadHive4UsingNewConversion(String)[2846]" classname="org.apache.hadoop.hive.ql.io.parquet.serde.TestParquetTimestampsHive2Compatibility" time="0"/>
  <testcase name="testWriteHive4ReadHive4UsingNewConversion(String)[2847]" classname="org.apache.hadoop.hive.ql.io.parquet.serde.TestParquetTimestampsHive2Compatibility" time="0"/>
  <testcase name="testWriteHive4ReadHive4UsingNewConversion(String)[2848]" classname="org.apache.hadoop.hive.ql.io.parquet.serde.TestParquetTimestampsHive2Compatibility" time="0.001"/>
  <testcase name="testWriteHive4ReadHive4UsingNewConversion(String)[2849]" classname="org.apache.hadoop.hive.ql.io.parquet.serde.TestParquetTimestampsHive2Compatibility" time="0"/>
  <testcase name="testWriteHive4ReadHive4UsingNewConversion(String)[2850]" classname="org.apache.hadoop.hive.ql.io.parquet.serde.TestParquetTimestampsHive2Compatibility" time="0"/>
  <testcase name="testWriteHive4ReadHive4UsingNewConversion(String)[2851]" classname="org.apache.hadoop.hive.ql.io.parquet.serde.TestParquetTimestampsHive2Compatibility" time="0"/>
  <testcase name="testWriteHive4ReadHive4UsingNewConversion(String)[2852]" classname="org.apache.hadoop.hive.ql.io.parquet.serde.TestParquetTimestampsHive2Compatibility" time="0"/>
  <testcase name="testWriteHive4ReadHive4UsingNewConversion(String)[2853]" classname="org.apache.hadoop.hive.ql.io.parquet.serde.TestParquetTimestampsHive2Compatibility" time="0"/>
  <testcase name="testWriteHive4ReadHive4UsingNewConversion(String)[2854]" classname="org.apache.hadoop.hive.ql.io.parquet.serde.TestParquetTimestampsHive2Compatibility" time="0"/>
  <testcase name="testWriteHive4ReadHive4UsingNewConversion(String)[2855]" classname="org.apache.hadoop.hive.ql.io.parquet.serde.TestParquetTimestampsHive2Compatibility" time="0"/>
  <testcase name="testWriteHive4ReadHive4UsingNewConversion(String)[2856]" classname="org.apache.hadoop.hive.ql.io.parquet.serde.TestParquetTimestampsHive2Compatibility" time="0"/>
  <testcase name="testWriteHive4ReadHive4UsingNewConversion(String)[2857]" classname="org.apache.hadoop.hive.ql.io.parquet.serde.TestParquetTimestampsHive2Compatibility" time="0"/>
  <testcase name="testWriteHive4ReadHive4UsingNewConversion(String)[2858]" classname="org.apache.hadoop.hive.ql.io.parquet.serde.TestParquetTimestampsHive2Compatibility" time="0"/>
  <testcase name="testWriteHive4ReadHive4UsingNewConversion(String)[2859]" classname="org.apache.hadoop.hive.ql.io.parquet.serde.TestParquetTimestampsHive2Compatibility" time="0.001"/>
  <testcase name="testWriteHive4ReadHive4UsingNewConversion(String)[2860]" classname="org.apache.hadoop.hive.ql.io.parquet.serde.TestParquetTimestampsHive2Compatibility" time="0"/>
  <testcase name="testWriteHive4ReadHive4UsingNewConversion(String)[2861]" classname="org.apache.hadoop.hive.ql.io.parquet.serde.TestParquetTimestampsHive2Compatibility" time="0"/>
  <testcase name="testWriteHive4ReadHive4UsingNewConversion(String)[2862]" classname="org.apache.hadoop.hive.ql.io.parquet.serde.TestParquetTimestampsHive2Compatibility" time="0"/>
  <testcase name="testWriteHive4ReadHive4UsingNewConversion(String)[2863]" classname="org.apache.hadoop.hive.ql.io.parquet.serde.TestParquetTimestampsHive2Compatibility" time="0"/>
  <testcase name="testWriteHive4ReadHive4UsingNewConversion(String)[2864]" classname="org.apache.hadoop.hive.ql.io.parquet.serde.TestParquetTimestampsHive2Compatibility" time="0"/>
  <testcase name="testWriteHive4ReadHive4UsingNewConversion(String)[2865]" classname="org.apache.hadoop.hive.ql.io.parquet.serde.TestParquetTimestampsHive2Compatibility" time="0"/>
  <testcase name="testWriteHive4ReadHive4UsingNewConversion(String)[2866]" classname="org.apache.hadoop.hive.ql.io.parquet.serde.TestParquetTimestampsHive2Compatibility" time="0"/>
  <testcase name="testWriteHive4ReadHive4UsingNewConversion(String)[2867]" classname="org.apache.hadoop.hive.ql.io.parquet.serde.TestParquetTimestampsHive2Compatibility" time="0"/>
  <testcase name="testWriteHive4ReadHive4UsingNewConversion(String)[2868]" classname="org.apache.hadoop.hive.ql.io.parquet.serde.TestParquetTimestampsHive2Compatibility" time="0"/>
  <testcase name="testWriteHive4ReadHive4UsingNewConversion(String)[2869]" classname="org.apache.hadoop.hive.ql.io.parquet.serde.TestParquetTimestampsHive2Compatibility" time="0"/>
  <testcase name="testWriteHive4ReadHive4UsingNewConversion(String)[2870]" classname="org.apache.hadoop.hive.ql.io.parquet.serde.TestParquetTimestampsHive2Compatibility" time="0"/>
  <testcase name="testWriteHive4ReadHive4UsingNewConversion(String)[2871]" classname="org.apache.hadoop.hive.ql.io.parquet.serde.TestParquetTimestampsHive2Compatibility" time="0"/>
  <testcase name="testWriteHive4ReadHive4UsingNewConversion(String)[2872]" classname="org.apache.hadoop.hive.ql.io.parquet.serde.TestParquetTimestampsHive2Compatibility" time="0"/>
  <testcase name="testWriteHive4ReadHive4UsingNewConversion(String)[2873]" classname="org.apache.hadoop.hive.ql.io.parquet.serde.TestParquetTimestampsHive2Compatibility" time="0"/>
  <testcase name="testWriteHive4ReadHive4UsingNewConversion(String)[2874]" classname="org.apache.hadoop.hive.ql.io.parquet.serde.TestParquetTimestampsHive2Compatibility" time="0"/>
  <testcase name="testWriteHive4ReadHive4UsingNewConversion(String)[2875]" classname="org.apache.hadoop.hive.ql.io.parquet.serde.TestParquetTimestampsHive2Compatibility" time="0.001"/>
  <testcase name="testWriteHive4ReadHive4UsingNewConversion(String)[2876]" classname="org.apache.hadoop.hive.ql.io.parquet.serde.TestParquetTimestampsHive2Compatibility" time="0"/>
  <testcase name="testWriteHive4ReadHive4UsingNewConversion(String)[2877]" classname="org.apache.hadoop.hive.ql.io.parquet.serde.TestParquetTimestampsHive2Compatibility" time="0"/>
  <testcase name="testWriteHive4ReadHive4UsingNewConversion(String)[2878]" classname="org.apache.hadoop.hive.ql.io.parquet.serde.TestParquetTimestampsHive2Compatibility" time="0"/>
  <testcase name="testWriteHive4ReadHive4UsingNewConversion(String)[2879]" classname="org.apache.hadoop.hive.ql.io.parquet.serde.TestParquetTimestampsHive2Compatibility" time="0"/>
  <testcase name="testWriteHive4ReadHive4UsingNewConversion(String)[2880]" classname="org.apache.hadoop.hive.ql.io.parquet.serde.TestParquetTimestampsHive2Compatibility" time="0"/>
  <testcase name="testWriteHive4ReadHive4UsingNewConversion(String)[2881]" classname="org.apache.hadoop.hive.ql.io.parquet.serde.TestParquetTimestampsHive2Compatibility" time="0"/>
  <testcase name="testWriteHive4ReadHive4UsingNewConversion(String)[2882]" classname="org.apache.hadoop.hive.ql.io.parquet.serde.TestParquetTimestampsHive2Compatibility" time="0"/>
  <testcase name="testWriteHive4ReadHive4UsingNewConversion(String)[2883]" classname="org.apache.hadoop.hive.ql.io.parquet.serde.TestParquetTimestampsHive2Compatibility" time="0"/>
  <testcase name="testWriteHive4ReadHive4UsingNewConversion(String)[2884]" classname="org.apache.hadoop.hive.ql.io.parquet.serde.TestParquetTimestampsHive2Compatibility" time="0"/>
  <testcase name="testWriteHive4ReadHive4UsingNewConversion(String)[2885]" classname="org.apache.hadoop.hive.ql.io.parquet.serde.TestParquetTimestampsHive2Compatibility" time="0"/>
  <testcase name="testWriteHive4ReadHive4UsingNewConversion(String)[2886]" classname="org.apache.hadoop.hive.ql.io.parquet.serde.TestParquetTimestampsHive2Compatibility" time="0"/>
  <testcase name="testWriteHive4ReadHive4UsingNewConversion(String)[2887]" classname="org.apache.hadoop.hive.ql.io.parquet.serde.TestParquetTimestampsHive2Compatibility" time="0"/>
  <testcase name="testWriteHive4ReadHive4UsingNewConversion(String)[2888]" classname="org.apache.hadoop.hive.ql.io.parquet.serde.TestParquetTimestampsHive2Compatibility" time="0"/>
  <testcase name="testWriteHive4ReadHive4UsingNewConversion(String)[2889]" classname="org.apache.hadoop.hive.ql.io.parquet.serde.TestParquetTimestampsHive2Compatibility" time="0"/>
  <testcase name="testWriteHive4ReadHive4UsingNewConversion(String)[2890]" classname="org.apache.hadoop.hive.ql.io.parquet.serde.TestParquetTimestampsHive2Compatibility" time="0"/>
  <testcase name="testWriteHive4ReadHive4UsingNewConversion(String)[2891]" classname="org.apache.hadoop.hive.ql.io.parquet.serde.TestParquetTimestampsHive2Compatibility" time="0"/>
  <testcase name="testWriteHive4ReadHive4UsingNewConversion(String)[2892]" classname="org.apache.hadoop.hive.ql.io.parquet.serde.TestParquetTimestampsHive2Compatibility" time="0"/>
  <testcase name="testWriteHive4ReadHive4UsingNewConversion(String)[2893]" classname="org.apache.hadoop.hive.ql.io.parquet.serde.TestParquetTimestampsHive2Compatibility" time="0"/>
  <testcase name="testWriteHive4ReadHive4UsingNewConversion(String)[2894]" classname="org.apache.hadoop.hive.ql.io.parquet.serde.TestParquetTimestampsHive2Compatibility" time="0"/>
  <testcase name="testWriteHive4ReadHive4UsingNewConversion(String)[2895]" classname="org.apache.hadoop.hive.ql.io.parquet.serde.TestParquetTimestampsHive2Compatibility" time="0"/>
  <testcase name="testWriteHive4ReadHive4UsingNewConversion(String)[2896]" classname="org.apache.hadoop.hive.ql.io.parquet.serde.TestParquetTimestampsHive2Compatibility" time="0.001"/>
  <testcase name="testWriteHive4ReadHive4UsingNewConversion(String)[2897]" classname="org.apache.hadoop.hive.ql.io.parquet.serde.TestParquetTimestampsHive2Compatibility" time="0"/>
  <testcase name="testWriteHive4ReadHive4UsingNewConversion(String)[2898]" classname="org.apache.hadoop.hive.ql.io.parquet.serde.TestParquetTimestampsHive2Compatibility" time="0"/>
  <testcase name="testWriteHive4ReadHive4UsingNewConversion(String)[2899]" classname="org.apache.hadoop.hive.ql.io.parquet.serde.TestParquetTimestampsHive2Compatibility" time="0"/>
  <testcase name="testWriteHive4ReadHive4UsingNewConversion(String)[2900]" classname="org.apache.hadoop.hive.ql.io.parquet.serde.TestParquetTimestampsHive2Compatibility" time="0"/>
  <testcase name="testWriteHive4ReadHive4UsingNewConversion(String)[2901]" classname="org.apache.hadoop.hive.ql.io.parquet.serde.TestParquetTimestampsHive2Compatibility" time="0"/>
  <testcase name="testWriteHive4ReadHive4UsingNewConversion(String)[2902]" classname="org.apache.hadoop.hive.ql.io.parquet.serde.TestParquetTimestampsHive2Compatibility" time="0"/>
  <testcase name="testWriteHive4ReadHive4UsingNewConversion(String)[2903]" classname="org.apache.hadoop.hive.ql.io.parquet.serde.TestParquetTimestampsHive2Compatibility" time="0"/>
  <testcase name="testWriteHive4ReadHive4UsingNewConversion(String)[2904]" classname="org.apache.hadoop.hive.ql.io.parquet.serde.TestParquetTimestampsHive2Compatibility" time="0"/>
  <testcase name="testWriteHive4ReadHive4UsingNewConversion(String)[2905]" classname="org.apache.hadoop.hive.ql.io.parquet.serde.TestParquetTimestampsHive2Compatibility" time="0"/>
  <testcase name="testWriteHive4ReadHive4UsingNewConversion(String)[2906]" classname="org.apache.hadoop.hive.ql.io.parquet.serde.TestParquetTimestampsHive2Compatibility" time="0"/>
  <testcase name="testWriteHive4ReadHive4UsingNewConversion(String)[2907]" classname="org.apache.hadoop.hive.ql.io.parquet.serde.TestParquetTimestampsHive2Compatibility" time="0"/>
  <testcase name="testWriteHive4ReadHive4UsingNewConversion(String)[2908]" classname="org.apache.hadoop.hive.ql.io.parquet.serde.TestParquetTimestampsHive2Compatibility" time="0"/>
  <testcase name="testWriteHive4ReadHive4UsingNewConversion(String)[2909]" classname="org.apache.hadoop.hive.ql.io.parquet.serde.TestParquetTimestampsHive2Compatibility" time="0"/>
  <testcase name="testWriteHive4ReadHive4UsingNewConversion(String)[2910]" classname="org.apache.hadoop.hive.ql.io.parquet.serde.TestParquetTimestampsHive2Compatibility" time="0"/>
  <testcase name="testWriteHive4ReadHive4UsingNewConversion(String)[2911]" classname="org.apache.hadoop.hive.ql.io.parquet.serde.TestParquetTimestampsHive2Compatibility" time="0"/>
  <testcase name="testWriteHive4ReadHive4UsingNewConversion(String)[2912]" classname="org.apache.hadoop.hive.ql.io.parquet.serde.TestParquetTimestampsHive2Compatibility" time="0.001"/>
  <testcase name="testWriteHive4ReadHive4UsingNewConversion(String)[2913]" classname="org.apache.hadoop.hive.ql.io.parquet.serde.TestParquetTimestampsHive2Compatibility" time="0"/>
  <testcase name="testWriteHive4ReadHive4UsingNewConversion(String)[2914]" classname="org.apache.hadoop.hive.ql.io.parquet.serde.TestParquetTimestampsHive2Compatibility" time="0"/>
  <testcase name="testWriteHive4ReadHive4UsingNewConversion(String)[2915]" classname="org.apache.hadoop.hive.ql.io.parquet.serde.TestParquetTimestampsHive2Compatibility" time="0"/>
  <testcase name="testWriteHive4ReadHive4UsingNewConversion(String)[2916]" classname="org.apache.hadoop.hive.ql.io.parquet.serde.TestParquetTimestampsHive2Compatibility" time="0"/>
  <testcase name="testWriteHive4ReadHive4UsingNewConversion(String)[2917]" classname="org.apache.hadoop.hive.ql.io.parquet.serde.TestParquetTimestampsHive2Compatibility" time="0"/>
  <testcase name="testWriteHive4ReadHive4UsingNewConversion(String)[2918]" classname="org.apache.hadoop.hive.ql.io.parquet.serde.TestParquetTimestampsHive2Compatibility" time="0"/>
  <testcase name="testWriteHive4ReadHive4UsingNewConversion(String)[2919]" classname="org.apache.hadoop.hive.ql.io.parquet.serde.TestParquetTimestampsHive2Compatibility" time="0"/>
  <testcase name="testWriteHive4ReadHive4UsingNewConversion(String)[2920]" classname="org.apache.hadoop.hive.ql.io.parquet.serde.TestParquetTimestampsHive2Compatibility" time="0"/>
  <testcase name="testWriteHive4ReadHive4UsingNewConversion(String)[2921]" classname="org.apache.hadoop.hive.ql.io.parquet.serde.TestParquetTimestampsHive2Compatibility" time="0"/>
  <testcase name="testWriteHive4ReadHive4UsingNewConversion(String)[2922]" classname="org.apache.hadoop.hive.ql.io.parquet.serde.TestParquetTimestampsHive2Compatibility" time="0"/>
  <testcase name="testWriteHive4ReadHive4UsingNewConversion(String)[2923]" classname="org.apache.hadoop.hive.ql.io.parquet.serde.TestParquetTimestampsHive2Compatibility" time="0"/>
  <testcase name="testWriteHive4ReadHive4UsingNewConversion(String)[2924]" classname="org.apache.hadoop.hive.ql.io.parquet.serde.TestParquetTimestampsHive2Compatibility" time="0"/>
  <testcase name="testWriteHive4ReadHive4UsingNewConversion(String)[2925]" classname="org.apache.hadoop.hive.ql.io.parquet.serde.TestParquetTimestampsHive2Compatibility" time="0"/>
  <testcase name="testWriteHive4ReadHive4UsingNewConversion(String)[2926]" classname="org.apache.hadoop.hive.ql.io.parquet.serde.TestParquetTimestampsHive2Compatibility" time="0"/>
  <testcase name="testWriteHive4ReadHive4UsingNewConversion(String)[2927]" classname="org.apache.hadoop.hive.ql.io.parquet.serde.TestParquetTimestampsHive2Compatibility" time="0"/>
  <testcase name="testWriteHive4ReadHive4UsingNewConversion(String)[2928]" classname="org.apache.hadoop.hive.ql.io.parquet.serde.TestParquetTimestampsHive2Compatibility" time="0.001"/>
  <testcase name="testWriteHive4ReadHive4UsingNewConversion(String)[2929]" classname="org.apache.hadoop.hive.ql.io.parquet.serde.TestParquetTimestampsHive2Compatibility" time="0"/>
  <testcase name="testWriteHive4ReadHive4UsingNewConversion(String)[2930]" classname="org.apache.hadoop.hive.ql.io.parquet.serde.TestParquetTimestampsHive2Compatibility" time="0"/>
  <testcase name="testWriteHive4ReadHive4UsingNewConversion(String)[2931]" classname="org.apache.hadoop.hive.ql.io.parquet.serde.TestParquetTimestampsHive2Compatibility" time="0"/>
  <testcase name="testWriteHive4ReadHive4UsingNewConversion(String)[2932]" classname="org.apache.hadoop.hive.ql.io.parquet.serde.TestParquetTimestampsHive2Compatibility" time="0"/>
  <testcase name="testWriteHive4ReadHive4UsingNewConversion(String)[2933]" classname="org.apache.hadoop.hive.ql.io.parquet.serde.TestParquetTimestampsHive2Compatibility" time="0"/>
  <testcase name="testWriteHive4ReadHive4UsingNewConversion(String)[2934]" classname="org.apache.hadoop.hive.ql.io.parquet.serde.TestParquetTimestampsHive2Compatibility" time="0"/>
  <testcase name="testWriteHive4ReadHive4UsingNewConversion(String)[2935]" classname="org.apache.hadoop.hive.ql.io.parquet.serde.TestParquetTimestampsHive2Compatibility" time="0"/>
  <testcase name="testWriteHive4ReadHive4UsingNewConversion(String)[2936]" classname="org.apache.hadoop.hive.ql.io.parquet.serde.TestParquetTimestampsHive2Compatibility" time="0"/>
  <testcase name="testWriteHive4ReadHive4UsingNewConversion(String)[2937]" classname="org.apache.hadoop.hive.ql.io.parquet.serde.TestParquetTimestampsHive2Compatibility" time="0"/>
  <testcase name="testWriteHive4ReadHive4UsingNewConversion(String)[2938]" classname="org.apache.hadoop.hive.ql.io.parquet.serde.TestParquetTimestampsHive2Compatibility" time="0"/>
  <testcase name="testWriteHive4ReadHive4UsingNewConversion(String)[2939]" classname="org.apache.hadoop.hive.ql.io.parquet.serde.TestParquetTimestampsHive2Compatibility" time="0"/>
  <testcase name="testWriteHive4ReadHive4UsingNewConversion(String)[2940]" classname="org.apache.hadoop.hive.ql.io.parquet.serde.TestParquetTimestampsHive2Compatibility" time="0"/>
  <testcase name="testWriteHive4ReadHive4UsingNewConversion(String)[2941]" classname="org.apache.hadoop.hive.ql.io.parquet.serde.TestParquetTimestampsHive2Compatibility" time="0"/>
  <testcase name="testWriteHive4ReadHive4UsingNewConversion(String)[2942]" classname="org.apache.hadoop.hive.ql.io.parquet.serde.TestParquetTimestampsHive2Compatibility" time="0"/>
  <testcase name="testWriteHive4ReadHive4UsingNewConversion(String)[2943]" classname="org.apache.hadoop.hive.ql.io.parquet.serde.TestParquetTimestampsHive2Compatibility" time="0"/>
  <testcase name="testWriteHive4ReadHive4UsingNewConversion(String)[2944]" classname="org.apache.hadoop.hive.ql.io.parquet.serde.TestParquetTimestampsHive2Compatibility" time="0.001"/>
  <testcase name="testWriteHive4ReadHive4UsingNewConversion(String)[2945]" classname="org.apache.hadoop.hive.ql.io.parquet.serde.TestParquetTimestampsHive2Compatibility" time="0"/>
  <testcase name="testWriteHive4ReadHive4UsingNewConversion(String)[2946]" classname="org.apache.hadoop.hive.ql.io.parquet.serde.TestParquetTimestampsHive2Compatibility" time="0"/>
  <testcase name="testWriteHive4ReadHive4UsingNewConversion(String)[2947]" classname="org.apache.hadoop.hive.ql.io.parquet.serde.TestParquetTimestampsHive2Compatibility" time="0"/>
  <testcase name="testWriteHive4ReadHive4UsingNewConversion(String)[2948]" classname="org.apache.hadoop.hive.ql.io.parquet.serde.TestParquetTimestampsHive2Compatibility" time="0"/>
  <testcase name="testWriteHive4ReadHive4UsingNewConversion(String)[2949]" classname="org.apache.hadoop.hive.ql.io.parquet.serde.TestParquetTimestampsHive2Compatibility" time="0.001"/>
  <testcase name="testWriteHive4ReadHive4UsingNewConversion(String)[2950]" classname="org.apache.hadoop.hive.ql.io.parquet.serde.TestParquetTimestampsHive2Compatibility" time="0"/>
  <testcase name="testWriteHive4ReadHive4UsingNewConversion(String)[2951]" classname="org.apache.hadoop.hive.ql.io.parquet.serde.TestParquetTimestampsHive2Compatibility" time="0"/>
  <testcase name="testWriteHive4ReadHive4UsingNewConversion(String)[2952]" classname="org.apache.hadoop.hive.ql.io.parquet.serde.TestParquetTimestampsHive2Compatibility" time="0"/>
  <testcase name="testWriteHive4ReadHive4UsingNewConversion(String)[2953]" classname="org.apache.hadoop.hive.ql.io.parquet.serde.TestParquetTimestampsHive2Compatibility" time="0"/>
  <testcase name="testWriteHive4ReadHive4UsingNewConversion(String)[2954]" classname="org.apache.hadoop.hive.ql.io.parquet.serde.TestParquetTimestampsHive2Compatibility" time="0"/>
  <testcase name="testWriteHive4ReadHive4UsingNewConversion(String)[2955]" classname="org.apache.hadoop.hive.ql.io.parquet.serde.TestParquetTimestampsHive2Compatibility" time="0"/>
  <testcase name="testWriteHive4ReadHive4UsingNewConversion(String)[2956]" classname="org.apache.hadoop.hive.ql.io.parquet.serde.TestParquetTimestampsHive2Compatibility" time="0"/>
  <testcase name="testWriteHive4ReadHive4UsingNewConversion(String)[2957]" classname="org.apache.hadoop.hive.ql.io.parquet.serde.TestParquetTimestampsHive2Compatibility" time="0"/>
  <testcase name="testWriteHive4ReadHive4UsingNewConversion(String)[2958]" classname="org.apache.hadoop.hive.ql.io.parquet.serde.TestParquetTimestampsHive2Compatibility" time="0"/>
  <testcase name="testWriteHive4ReadHive4UsingNewConversion(String)[2959]" classname="org.apache.hadoop.hive.ql.io.parquet.serde.TestParquetTimestampsHive2Compatibility" time="0"/>
  <testcase name="testWriteHive4ReadHive4UsingNewConversion(String)[2960]" classname="org.apache.hadoop.hive.ql.io.parquet.serde.TestParquetTimestampsHive2Compatibility" time="0.001"/>
  <testcase name="testWriteHive4ReadHive4UsingNewConversion(String)[2961]" classname="org.apache.hadoop.hive.ql.io.parquet.serde.TestParquetTimestampsHive2Compatibility" time="0"/>
  <testcase name="testWriteHive4ReadHive4UsingNewConversion(String)[2962]" classname="org.apache.hadoop.hive.ql.io.parquet.serde.TestParquetTimestampsHive2Compatibility" time="0"/>
  <testcase name="testWriteHive4ReadHive4UsingNewConversion(String)[2963]" classname="org.apache.hadoop.hive.ql.io.parquet.serde.TestParquetTimestampsHive2Compatibility" time="0"/>
  <testcase name="testWriteHive4ReadHive4UsingNewConversion(String)[2964]" classname="org.apache.hadoop.hive.ql.io.parquet.serde.TestParquetTimestampsHive2Compatibility" time="0"/>
  <testcase name="testWriteHive4ReadHive4UsingNewConversion(String)[2965]" classname="org.apache.hadoop.hive.ql.io.parquet.serde.TestParquetTimestampsHive2Compatibility" time="0.001"/>
  <testcase name="testWriteHive4ReadHive4UsingNewConversion(String)[2966]" classname="org.apache.hadoop.hive.ql.io.parquet.serde.TestParquetTimestampsHive2Compatibility" time="0"/>
  <testcase name="testWriteHive4ReadHive4UsingNewConversion(String)[2967]" classname="org.apache.hadoop.hive.ql.io.parquet.serde.TestParquetTimestampsHive2Compatibility" time="0"/>
  <testcase name="testWriteHive4ReadHive4UsingNewConversion(String)[2968]" classname="org.apache.hadoop.hive.ql.io.parquet.serde.TestParquetTimestampsHive2Compatibility" time="0"/>
  <testcase name="testWriteHive4ReadHive4UsingNewConversion(String)[2969]" classname="org.apache.hadoop.hive.ql.io.parquet.serde.TestParquetTimestampsHive2Compatibility" time="0"/>
  <testcase name="testWriteHive4ReadHive4UsingNewConversion(String)[2970]" classname="org.apache.hadoop.hive.ql.io.parquet.serde.TestParquetTimestampsHive2Compatibility" time="0"/>
  <testcase name="testWriteHive4ReadHive4UsingNewConversion(String)[2971]" classname="org.apache.hadoop.hive.ql.io.parquet.serde.TestParquetTimestampsHive2Compatibility" time="0"/>
  <testcase name="testWriteHive4ReadHive4UsingNewConversion(String)[2972]" classname="org.apache.hadoop.hive.ql.io.parquet.serde.TestParquetTimestampsHive2Compatibility" time="0"/>
  <testcase name="testWriteHive4ReadHive4UsingNewConversion(String)[2973]" classname="org.apache.hadoop.hive.ql.io.parquet.serde.TestParquetTimestampsHive2Compatibility" time="0"/>
  <testcase name="testWriteHive4ReadHive4UsingNewConversion(String)[2974]" classname="org.apache.hadoop.hive.ql.io.parquet.serde.TestParquetTimestampsHive2Compatibility" time="0"/>
  <testcase name="testWriteHive4ReadHive4UsingNewConversion(String)[2975]" classname="org.apache.hadoop.hive.ql.io.parquet.serde.TestParquetTimestampsHive2Compatibility" time="0"/>
  <testcase name="testWriteHive4ReadHive4UsingNewConversion(String)[2976]" classname="org.apache.hadoop.hive.ql.io.parquet.serde.TestParquetTimestampsHive2Compatibility" time="0.001"/>
  <testcase name="testWriteHive4ReadHive4UsingNewConversion(String)[2977]" classname="org.apache.hadoop.hive.ql.io.parquet.serde.TestParquetTimestampsHive2Compatibility" time="0"/>
  <testcase name="testWriteHive4ReadHive4UsingNewConversion(String)[2978]" classname="org.apache.hadoop.hive.ql.io.parquet.serde.TestParquetTimestampsHive2Compatibility" time="0"/>
  <testcase name="testWriteHive4ReadHive4UsingNewConversion(String)[2979]" classname="org.apache.hadoop.hive.ql.io.parquet.serde.TestParquetTimestampsHive2Compatibility" time="0"/>
  <testcase name="testWriteHive4ReadHive4UsingNewConversion(String)[2980]" classname="org.apache.hadoop.hive.ql.io.parquet.serde.TestParquetTimestampsHive2Compatibility" time="0"/>
  <testcase name="testWriteHive4ReadHive4UsingNewConversion(String)[2981]" classname="org.apache.hadoop.hive.ql.io.parquet.serde.TestParquetTimestampsHive2Compatibility" time="0"/>
  <testcase name="testWriteHive4ReadHive4UsingNewConversion(String)[2982]" classname="org.apache.hadoop.hive.ql.io.parquet.serde.TestParquetTimestampsHive2Compatibility" time="0"/>
  <testcase name="testWriteHive4ReadHive4UsingNewConversion(String)[2983]" classname="org.apache.hadoop.hive.ql.io.parquet.serde.TestParquetTimestampsHive2Compatibility" time="0"/>
  <testcase name="testWriteHive4ReadHive4UsingNewConversion(String)[2984]" classname="org.apache.hadoop.hive.ql.io.parquet.serde.TestParquetTimestampsHive2Compatibility" time="0"/>
  <testcase name="testWriteHive4ReadHive4UsingNewConversion(String)[2985]" classname="org.apache.hadoop.hive.ql.io.parquet.serde.TestParquetTimestampsHive2Compatibility" time="0"/>
  <testcase name="testWriteHive4ReadHive4UsingNewConversion(String)[2986]" classname="org.apache.hadoop.hive.ql.io.parquet.serde.TestParquetTimestampsHive2Compatibility" time="0"/>
  <testcase name="testWriteHive4ReadHive4UsingNewConversion(String)[2987]" classname="org.apache.hadoop.hive.ql.io.parquet.serde.TestParquetTimestampsHive2Compatibility" time="0.001"/>
  <testcase name="testWriteHive4ReadHive4UsingNewConversion(String)[2988]" classname="org.apache.hadoop.hive.ql.io.parquet.serde.TestParquetTimestampsHive2Compatibility" time="0"/>
  <testcase name="testWriteHive4ReadHive4UsingNewConversion(String)[2989]" classname="org.apache.hadoop.hive.ql.io.parquet.serde.TestParquetTimestampsHive2Compatibility" time="0"/>
  <testcase name="testWriteHive4ReadHive4UsingNewConversion(String)[2990]" classname="org.apache.hadoop.hive.ql.io.parquet.serde.TestParquetTimestampsHive2Compatibility" time="0"/>
  <testcase name="testWriteHive4ReadHive4UsingNewConversion(String)[2991]" classname="org.apache.hadoop.hive.ql.io.parquet.serde.TestParquetTimestampsHive2Compatibility" time="0"/>
  <testcase name="testWriteHive4ReadHive4UsingNewConversion(String)[2992]" classname="org.apache.hadoop.hive.ql.io.parquet.serde.TestParquetTimestampsHive2Compatibility" time="0"/>
  <testcase name="testWriteHive4ReadHive4UsingNewConversion(String)[2993]" classname="org.apache.hadoop.hive.ql.io.parquet.serde.TestParquetTimestampsHive2Compatibility" time="0"/>
  <testcase name="testWriteHive4ReadHive4UsingNewConversion(String)[2994]" classname="org.apache.hadoop.hive.ql.io.parquet.serde.TestParquetTimestampsHive2Compatibility" time="0"/>
  <testcase name="testWriteHive4ReadHive4UsingNewConversion(String)[2995]" classname="org.apache.hadoop.hive.ql.io.parquet.serde.TestParquetTimestampsHive2Compatibility" time="0"/>
  <testcase name="testWriteHive4ReadHive4UsingNewConversion(String)[2996]" classname="org.apache.hadoop.hive.ql.io.parquet.serde.TestParquetTimestampsHive2Compatibility" time="0"/>
  <testcase name="testWriteHive4ReadHive4UsingNewConversion(String)[2997]" classname="org.apache.hadoop.hive.ql.io.parquet.serde.TestParquetTimestampsHive2Compatibility" time="0"/>
  <testcase name="testWriteHive4ReadHive4UsingNewConversion(String)[2998]" classname="org.apache.hadoop.hive.ql.io.parquet.serde.TestParquetTimestampsHive2Compatibility" time="0"/>
  <testcase name="testWriteHive4ReadHive4UsingNewConversion(String)[2999]" classname="org.apache.hadoop.hive.ql.io.parquet.serde.TestParquetTimestampsHive2Compatibility" time="0"/>
  <testcase name="testWriteHive4ReadHive4UsingNewConversion(String)[3000]" classname="org.apache.hadoop.hive.ql.io.parquet.serde.TestParquetTimestampsHive2Compatibility" time="0"/>
  <testcase name="testWriteHive2ReadHive2(String)[1]" classname="org.apache.hadoop.hive.ql.io.parquet.serde.TestParquetTimestampsHive2Compatibility" time="0.001"/>
  <testcase name="testWriteHive2ReadHive2(String)[2]" classname="org.apache.hadoop.hive.ql.io.parquet.serde.TestParquetTimestampsHive2Compatibility" time="0"/>
  <testcase name="testWriteHive2ReadHive2(String)[3]" classname="org.apache.hadoop.hive.ql.io.parquet.serde.TestParquetTimestampsHive2Compatibility" time="0"/>
  <testcase name="testWriteHive2ReadHive2(String)[4]" classname="org.apache.hadoop.hive.ql.io.parquet.serde.TestParquetTimestampsHive2Compatibility" time="0"/>
  <testcase name="testWriteHive2ReadHive2(String)[5]" classname="org.apache.hadoop.hive.ql.io.parquet.serde.TestParquetTimestampsHive2Compatibility" time="0.001"/>
  <testcase name="testWriteHive2ReadHive2(String)[6]" classname="org.apache.hadoop.hive.ql.io.parquet.serde.TestParquetTimestampsHive2Compatibility" time="0"/>
  <testcase name="testWriteHive2ReadHive2(String)[7]" classname="org.apache.hadoop.hive.ql.io.parquet.serde.TestParquetTimestampsHive2Compatibility" time="0"/>
  <testcase name="testWriteHive2ReadHive2(String)[8]" classname="org.apache.hadoop.hive.ql.io.parquet.serde.TestParquetTimestampsHive2Compatibility" time="0"/>
  <testcase name="testWriteHive2ReadHive2(String)[9]" classname="org.apache.hadoop.hive.ql.io.parquet.serde.TestParquetTimestampsHive2Compatibility" time="0"/>
  <testcase name="testWriteHive2ReadHive2(String)[10]" classname="org.apache.hadoop.hive.ql.io.parquet.serde.TestParquetTimestampsHive2Compatibility" time="0"/>
  <testcase name="testWriteHive2ReadHive2(String)[11]" classname="org.apache.hadoop.hive.ql.io.parquet.serde.TestParquetTimestampsHive2Compatibility" time="0"/>
  <testcase name="testWriteHive2ReadHive2(String)[12]" classname="org.apache.hadoop.hive.ql.io.parquet.serde.TestParquetTimestampsHive2Compatibility" time="0"/>
  <testcase name="testWriteHive2ReadHive2(String)[13]" classname="org.apache.hadoop.hive.ql.io.parquet.serde.TestParquetTimestampsHive2Compatibility" time="0"/>
  <testcase name="testWriteHive2ReadHive2(String)[14]" classname="org.apache.hadoop.hive.ql.io.parquet.serde.TestParquetTimestampsHive2Compatibility" time="0"/>
  <testcase name="testWriteHive2ReadHive2(String)[15]" classname="org.apache.hadoop.hive.ql.io.parquet.serde.TestParquetTimestampsHive2Compatibility" time="0"/>
  <testcase name="testWriteHive2ReadHive2(String)[16]" classname="org.apache.hadoop.hive.ql.io.parquet.serde.TestParquetTimestampsHive2Compatibility" time="0"/>
  <testcase name="testWriteHive2ReadHive2(String)[17]" classname="org.apache.hadoop.hive.ql.io.parquet.serde.TestParquetTimestampsHive2Compatibility" time="0"/>
  <testcase name="testWriteHive2ReadHive2(String)[18]" classname="org.apache.hadoop.hive.ql.io.parquet.serde.TestParquetTimestampsHive2Compatibility" time="0"/>
  <testcase name="testWriteHive2ReadHive2(String)[19]" classname="org.apache.hadoop.hive.ql.io.parquet.serde.TestParquetTimestampsHive2Compatibility" time="0"/>
  <testcase name="testWriteHive2ReadHive2(String)[20]" classname="org.apache.hadoop.hive.ql.io.parquet.serde.TestParquetTimestampsHive2Compatibility" time="0.001"/>
  <testcase name="testWriteHive2ReadHive2(String)[21]" classname="org.apache.hadoop.hive.ql.io.parquet.serde.TestParquetTimestampsHive2Compatibility" time="0"/>
  <testcase name="testWriteHive2ReadHive2(String)[22]" classname="org.apache.hadoop.hive.ql.io.parquet.serde.TestParquetTimestampsHive2Compatibility" time="0"/>
  <testcase name="testWriteHive2ReadHive2(String)[23]" classname="org.apache.hadoop.hive.ql.io.parquet.serde.TestParquetTimestampsHive2Compatibility" time="0"/>
  <testcase name="testWriteHive2ReadHive2(String)[24]" classname="org.apache.hadoop.hive.ql.io.parquet.serde.TestParquetTimestampsHive2Compatibility" time="0.001"/>
  <testcase name="testWriteHive2ReadHive2(String)[25]" classname="org.apache.hadoop.hive.ql.io.parquet.serde.TestParquetTimestampsHive2Compatibility" time="0"/>
  <testcase name="testWriteHive2ReadHive2(String)[26]" classname="org.apache.hadoop.hive.ql.io.parquet.serde.TestParquetTimestampsHive2Compatibility" time="0"/>
  <testcase name="testWriteHive2ReadHive2(String)[27]" classname="org.apache.hadoop.hive.ql.io.parquet.serde.TestParquetTimestampsHive2Compatibility" time="0"/>
  <testcase name="testWriteHive2ReadHive2(String)[28]" classname="org.apache.hadoop.hive.ql.io.parquet.serde.TestParquetTimestampsHive2Compatibility" time="0.001"/>
  <testcase name="testWriteHive2ReadHive2(String)[29]" classname="org.apache.hadoop.hive.ql.io.parquet.serde.TestParquetTimestampsHive2Compatibility" time="0"/>
  <testcase name="testWriteHive2ReadHive2(String)[30]" classname="org.apache.hadoop.hive.ql.io.parquet.serde.TestParquetTimestampsHive2Compatibility" time="0"/>
  <testcase name="testWriteHive2ReadHive2(String)[31]" classname="org.apache.hadoop.hive.ql.io.parquet.serde.TestParquetTimestampsHive2Compatibility" time="0"/>
  <testcase name="testWriteHive2ReadHive2(String)[32]" classname="org.apache.hadoop.hive.ql.io.parquet.serde.TestParquetTimestampsHive2Compatibility" time="0.001"/>
  <testcase name="testWriteHive2ReadHive2(String)[33]" classname="org.apache.hadoop.hive.ql.io.parquet.serde.TestParquetTimestampsHive2Compatibility" time="0"/>
  <testcase name="testWriteHive2ReadHive2(String)[34]" classname="org.apache.hadoop.hive.ql.io.parquet.serde.TestParquetTimestampsHive2Compatibility" time="0"/>
  <testcase name="testWriteHive2ReadHive2(String)[35]" classname="org.apache.hadoop.hive.ql.io.parquet.serde.TestParquetTimestampsHive2Compatibility" time="0"/>
  <testcase name="testWriteHive2ReadHive2(String)[36]" classname="org.apache.hadoop.hive.ql.io.parquet.serde.TestParquetTimestampsHive2Compatibility" time="0.001"/>
  <testcase name="testWriteHive2ReadHive2(String)[37]" classname="org.apache.hadoop.hive.ql.io.parquet.serde.TestParquetTimestampsHive2Compatibility" time="0"/>
  <testcase name="testWriteHive2ReadHive2(String)[38]" classname="org.apache.hadoop.hive.ql.io.parquet.serde.TestParquetTimestampsHive2Compatibility" time="0"/>
  <testcase name="testWriteHive2ReadHive2(String)[39]" classname="org.apache.hadoop.hive.ql.io.parquet.serde.TestParquetTimestampsHive2Compatibility" time="0"/>
  <testcase name="testWriteHive2ReadHive2(String)[40]" classname="org.apache.hadoop.hive.ql.io.parquet.serde.TestParquetTimestampsHive2Compatibility" time="0"/>
  <testcase name="testWriteHive2ReadHive2(String)[41]" classname="org.apache.hadoop.hive.ql.io.parquet.serde.TestParquetTimestampsHive2Compatibility" time="0"/>
  <testcase name="testWriteHive2ReadHive2(String)[42]" classname="org.apache.hadoop.hive.ql.io.parquet.serde.TestParquetTimestampsHive2Compatibility" time="0"/>
  <testcase name="testWriteHive2ReadHive2(String)[43]" classname="org.apache.hadoop.hive.ql.io.parquet.serde.TestParquetTimestampsHive2Compatibility" time="0"/>
  <testcase name="testWriteHive2ReadHive2(String)[44]" classname="org.apache.hadoop.hive.ql.io.parquet.serde.TestParquetTimestampsHive2Compatibility" time="0"/>
  <testcase name="testWriteHive2ReadHive2(String)[45]" classname="org.apache.hadoop.hive.ql.io.parquet.serde.TestParquetTimestampsHive2Compatibility" time="0"/>
  <testcase name="testWriteHive2ReadHive2(String)[46]" classname="org.apache.hadoop.hive.ql.io.parquet.serde.TestParquetTimestampsHive2Compatibility" time="0"/>
  <testcase name="testWriteHive2ReadHive2(String)[47]" classname="org.apache.hadoop.hive.ql.io.parquet.serde.TestParquetTimestampsHive2Compatibility" time="0"/>
  <testcase name="testWriteHive2ReadHive2(String)[48]" classname="org.apache.hadoop.hive.ql.io.parquet.serde.TestParquetTimestampsHive2Compatibility" time="0"/>
  <testcase name="testWriteHive2ReadHive2(String)[49]" classname="org.apache.hadoop.hive.ql.io.parquet.serde.TestParquetTimestampsHive2Compatibility" time="0"/>
  <testcase name="testWriteHive2ReadHive2(String)[50]" classname="org.apache.hadoop.hive.ql.io.parquet.serde.TestParquetTimestampsHive2Compatibility" time="0"/>
  <testcase name="testWriteHive2ReadHive2(String)[51]" classname="org.apache.hadoop.hive.ql.io.parquet.serde.TestParquetTimestampsHive2Compatibility" time="0"/>
  <testcase name="testWriteHive2ReadHive2(String)[52]" classname="org.apache.hadoop.hive.ql.io.parquet.serde.TestParquetTimestampsHive2Compatibility" time="0"/>
  <testcase name="testWriteHive2ReadHive2(String)[53]" classname="org.apache.hadoop.hive.ql.io.parquet.serde.TestParquetTimestampsHive2Compatibility" time="0"/>
  <testcase name="testWriteHive2ReadHive2(String)[54]" classname="org.apache.hadoop.hive.ql.io.parquet.serde.TestParquetTimestampsHive2Compatibility" time="0"/>
  <testcase name="testWriteHive2ReadHive2(String)[55]" classname="org.apache.hadoop.hive.ql.io.parquet.serde.TestParquetTimestampsHive2Compatibility" time="0"/>
  <testcase name="testWriteHive2ReadHive2(String)[56]" classname="org.apache.hadoop.hive.ql.io.parquet.serde.TestParquetTimestampsHive2Compatibility" time="0.001"/>
  <testcase name="testWriteHive2ReadHive2(String)[57]" classname="org.apache.hadoop.hive.ql.io.parquet.serde.TestParquetTimestampsHive2Compatibility" time="0"/>
  <testcase name="testWriteHive2ReadHive2(String)[58]" classname="org.apache.hadoop.hive.ql.io.parquet.serde.TestParquetTimestampsHive2Compatibility" time="0"/>
  <testcase name="testWriteHive2ReadHive2(String)[59]" classname="org.apache.hadoop.hive.ql.io.parquet.serde.TestParquetTimestampsHive2Compatibility" time="0"/>
  <testcase name="testWriteHive2ReadHive2(String)[60]" classname="org.apache.hadoop.hive.ql.io.parquet.serde.TestParquetTimestampsHive2Compatibility" time="0"/>
  <testcase name="testWriteHive2ReadHive2(String)[61]" classname="org.apache.hadoop.hive.ql.io.parquet.serde.TestParquetTimestampsHive2Compatibility" time="0"/>
  <testcase name="testWriteHive2ReadHive2(String)[62]" classname="org.apache.hadoop.hive.ql.io.parquet.serde.TestParquetTimestampsHive2Compatibility" time="0.001"/>
  <testcase name="testWriteHive2ReadHive2(String)[63]" classname="org.apache.hadoop.hive.ql.io.parquet.serde.TestParquetTimestampsHive2Compatibility" time="0"/>
  <testcase name="testWriteHive2ReadHive2(String)[64]" classname="org.apache.hadoop.hive.ql.io.parquet.serde.TestParquetTimestampsHive2Compatibility" time="0"/>
  <testcase name="testWriteHive2ReadHive2(String)[65]" classname="org.apache.hadoop.hive.ql.io.parquet.serde.TestParquetTimestampsHive2Compatibility" time="0"/>
  <testcase name="testWriteHive2ReadHive2(String)[66]" classname="org.apache.hadoop.hive.ql.io.parquet.serde.TestParquetTimestampsHive2Compatibility" time="0"/>
  <testcase name="testWriteHive2ReadHive2(String)[67]" classname="org.apache.hadoop.hive.ql.io.parquet.serde.TestParquetTimestampsHive2Compatibility" time="0"/>
  <testcase name="testWriteHive2ReadHive2(String)[68]" classname="org.apache.hadoop.hive.ql.io.parquet.serde.TestParquetTimestampsHive2Compatibility" time="0"/>
  <testcase name="testWriteHive2ReadHive2(String)[69]" classname="org.apache.hadoop.hive.ql.io.parquet.serde.TestParquetTimestampsHive2Compatibility" time="0"/>
  <testcase name="testWriteHive2ReadHive2(String)[70]" classname="org.apache.hadoop.hive.ql.io.parquet.serde.TestParquetTimestampsHive2Compatibility" time="0"/>
  <testcase name="testWriteHive2ReadHive2(String)[71]" classname="org.apache.hadoop.hive.ql.io.parquet.serde.TestParquetTimestampsHive2Compatibility" time="0"/>
  <testcase name="testWriteHive2ReadHive2(String)[72]" classname="org.apache.hadoop.hive.ql.io.parquet.serde.TestParquetTimestampsHive2Compatibility" time="0"/>
  <testcase name="testWriteHive2ReadHive2(String)[73]" classname="org.apache.hadoop.hive.ql.io.parquet.serde.TestParquetTimestampsHive2Compatibility" time="0"/>
  <testcase name="testWriteHive2ReadHive2(String)[74]" classname="org.apache.hadoop.hive.ql.io.parquet.serde.TestParquetTimestampsHive2Compatibility" time="0"/>
  <testcase name="testWriteHive2ReadHive2(String)[75]" classname="org.apache.hadoop.hive.ql.io.parquet.serde.TestParquetTimestampsHive2Compatibility" time="0"/>
  <testcase name="testWriteHive2ReadHive2(String)[76]" classname="org.apache.hadoop.hive.ql.io.parquet.serde.TestParquetTimestampsHive2Compatibility" time="0"/>
  <testcase name="testWriteHive2ReadHive2(String)[77]" classname="org.apache.hadoop.hive.ql.io.parquet.serde.TestParquetTimestampsHive2Compatibility" time="0.001"/>
  <testcase name="testWriteHive2ReadHive2(String)[78]" classname="org.apache.hadoop.hive.ql.io.parquet.serde.TestParquetTimestampsHive2Compatibility" time="0"/>
  <testcase name="testWriteHive2ReadHive2(String)[79]" classname="org.apache.hadoop.hive.ql.io.parquet.serde.TestParquetTimestampsHive2Compatibility" time="0"/>
  <testcase name="testWriteHive2ReadHive2(String)[80]" classname="org.apache.hadoop.hive.ql.io.parquet.serde.TestParquetTimestampsHive2Compatibility" time="0"/>
  <testcase name="testWriteHive2ReadHive2(String)[81]" classname="org.apache.hadoop.hive.ql.io.parquet.serde.TestParquetTimestampsHive2Compatibility" time="0"/>
  <testcase name="testWriteHive2ReadHive2(String)[82]" classname="org.apache.hadoop.hive.ql.io.parquet.serde.TestParquetTimestampsHive2Compatibility" time="0"/>
  <testcase name="testWriteHive2ReadHive2(String)[83]" classname="org.apache.hadoop.hive.ql.io.parquet.serde.TestParquetTimestampsHive2Compatibility" time="0"/>
  <testcase name="testWriteHive2ReadHive2(String)[84]" classname="org.apache.hadoop.hive.ql.io.parquet.serde.TestParquetTimestampsHive2Compatibility" time="0.001"/>
  <testcase name="testWriteHive2ReadHive2(String)[85]" classname="org.apache.hadoop.hive.ql.io.parquet.serde.TestParquetTimestampsHive2Compatibility" time="0"/>
  <testcase name="testWriteHive2ReadHive2(String)[86]" classname="org.apache.hadoop.hive.ql.io.parquet.serde.TestParquetTimestampsHive2Compatibility" time="0"/>
  <testcase name="testWriteHive2ReadHive2(String)[87]" classname="org.apache.hadoop.hive.ql.io.parquet.serde.TestParquetTimestampsHive2Compatibility" time="0"/>
  <testcase name="testWriteHive2ReadHive2(String)[88]" classname="org.apache.hadoop.hive.ql.io.parquet.serde.TestParquetTimestampsHive2Compatibility" time="0"/>
  <testcase name="testWriteHive2ReadHive2(String)[89]" classname="org.apache.hadoop.hive.ql.io.parquet.serde.TestParquetTimestampsHive2Compatibility" time="0"/>
  <testcase name="testWriteHive2ReadHive2(String)[90]" classname="org.apache.hadoop.hive.ql.io.parquet.serde.TestParquetTimestampsHive2Compatibility" time="0"/>
  <testcase name="testWriteHive2ReadHive2(String)[91]" classname="org.apache.hadoop.hive.ql.io.parquet.serde.TestParquetTimestampsHive2Compatibility" time="0"/>
  <testcase name="testWriteHive2ReadHive2(String)[92]" classname="org.apache.hadoop.hive.ql.io.parquet.serde.TestParquetTimestampsHive2Compatibility" time="0"/>
  <testcase name="testWriteHive2ReadHive2(String)[93]" classname="org.apache.hadoop.hive.ql.io.parquet.serde.TestParquetTimestampsHive2Compatibility" time="0"/>
  <testcase name="testWriteHive2ReadHive2(String)[94]" classname="org.apache.hadoop.hive.ql.io.parquet.serde.TestParquetTimestampsHive2Compatibility" time="0"/>
  <testcase name="testWriteHive2ReadHive2(String)[95]" classname="org.apache.hadoop.hive.ql.io.parquet.serde.TestParquetTimestampsHive2Compatibility" time="0"/>
  <testcase name="testWriteHive2ReadHive2(String)[96]" classname="org.apache.hadoop.hive.ql.io.parquet.serde.TestParquetTimestampsHive2Compatibility" time="0"/>
  <testcase name="testWriteHive2ReadHive2(String)[97]" classname="org.apache.hadoop.hive.ql.io.parquet.serde.TestParquetTimestampsHive2Compatibility" time="0"/>
  <testcase name="testWriteHive2ReadHive2(String)[98]" classname="org.apache.hadoop.hive.ql.io.parquet.serde.TestParquetTimestampsHive2Compatibility" time="0"/>
  <testcase name="testWriteHive2ReadHive2(String)[99]" classname="org.apache.hadoop.hive.ql.io.parquet.serde.TestParquetTimestampsHive2Compatibility" time="0"/>
  <testcase name="testWriteHive2ReadHive2(String)[100]" classname="org.apache.hadoop.hive.ql.io.parquet.serde.TestParquetTimestampsHive2Compatibility" time="0"/>
  <testcase name="testWriteHive2ReadHive2(String)[101]" classname="org.apache.hadoop.hive.ql.io.parquet.serde.TestParquetTimestampsHive2Compatibility" time="0"/>
  <testcase name="testWriteHive2ReadHive2(String)[102]" classname="org.apache.hadoop.hive.ql.io.parquet.serde.TestParquetTimestampsHive2Compatibility" time="0"/>
  <testcase name="testWriteHive2ReadHive2(String)[103]" classname="org.apache.hadoop.hive.ql.io.parquet.serde.TestParquetTimestampsHive2Compatibility" time="0.001"/>
  <testcase name="testWriteHive2ReadHive2(String)[104]" classname="org.apache.hadoop.hive.ql.io.parquet.serde.TestParquetTimestampsHive2Compatibility" time="0"/>
  <testcase name="testWriteHive2ReadHive2(String)[105]" classname="org.apache.hadoop.hive.ql.io.parquet.serde.TestParquetTimestampsHive2Compatibility" time="0"/>
  <testcase name="testWriteHive2ReadHive2(String)[106]" classname="org.apache.hadoop.hive.ql.io.parquet.serde.TestParquetTimestampsHive2Compatibility" time="0"/>
  <testcase name="testWriteHive2ReadHive2(String)[107]" classname="org.apache.hadoop.hive.ql.io.parquet.serde.TestParquetTimestampsHive2Compatibility" time="0"/>
  <testcase name="testWriteHive2ReadHive2(String)[108]" classname="org.apache.hadoop.hive.ql.io.parquet.serde.TestParquetTimestampsHive2Compatibility" time="0"/>
  <testcase name="testWriteHive2ReadHive2(String)[109]" classname="org.apache.hadoop.hive.ql.io.parquet.serde.TestParquetTimestampsHive2Compatibility" time="0"/>
  <testcase name="testWriteHive2ReadHive2(String)[110]" classname="org.apache.hadoop.hive.ql.io.parquet.serde.TestParquetTimestampsHive2Compatibility" time="0"/>
  <testcase name="testWriteHive2ReadHive2(String)[111]" classname="org.apache.hadoop.hive.ql.io.parquet.serde.TestParquetTimestampsHive2Compatibility" time="0"/>
  <testcase name="testWriteHive2ReadHive2(String)[112]" classname="org.apache.hadoop.hive.ql.io.parquet.serde.TestParquetTimestampsHive2Compatibility" time="0"/>
  <testcase name="testWriteHive2ReadHive2(String)[113]" classname="org.apache.hadoop.hive.ql.io.parquet.serde.TestParquetTimestampsHive2Compatibility" time="0"/>
  <testcase name="testWriteHive2ReadHive2(String)[114]" classname="org.apache.hadoop.hive.ql.io.parquet.serde.TestParquetTimestampsHive2Compatibility" time="0"/>
  <testcase name="testWriteHive2ReadHive2(String)[115]" classname="org.apache.hadoop.hive.ql.io.parquet.serde.TestParquetTimestampsHive2Compatibility" time="0"/>
  <testcase name="testWriteHive2ReadHive2(String)[116]" classname="org.apache.hadoop.hive.ql.io.parquet.serde.TestParquetTimestampsHive2Compatibility" time="0"/>
  <testcase name="testWriteHive2ReadHive2(String)[117]" classname="org.apache.hadoop.hive.ql.io.parquet.serde.TestParquetTimestampsHive2Compatibility" time="0"/>
  <testcase name="testWriteHive2ReadHive2(String)[118]" classname="org.apache.hadoop.hive.ql.io.parquet.serde.TestParquetTimestampsHive2Compatibility" time="0"/>
  <testcase name="testWriteHive2ReadHive2(String)[119]" classname="org.apache.hadoop.hive.ql.io.parquet.serde.TestParquetTimestampsHive2Compatibility" time="0"/>
  <testcase name="testWriteHive2ReadHive2(String)[120]" classname="org.apache.hadoop.hive.ql.io.parquet.serde.TestParquetTimestampsHive2Compatibility" time="0"/>
  <testcase name="testWriteHive2ReadHive2(String)[121]" classname="org.apache.hadoop.hive.ql.io.parquet.serde.TestParquetTimestampsHive2Compatibility" time="0.001"/>
  <testcase name="testWriteHive2ReadHive2(String)[122]" classname="org.apache.hadoop.hive.ql.io.parquet.serde.TestParquetTimestampsHive2Compatibility" time="0"/>
  <testcase name="testWriteHive2ReadHive2(String)[123]" classname="org.apache.hadoop.hive.ql.io.parquet.serde.TestParquetTimestampsHive2Compatibility" time="0"/>
  <testcase name="testWriteHive2ReadHive2(String)[124]" classname="org.apache.hadoop.hive.ql.io.parquet.serde.TestParquetTimestampsHive2Compatibility" time="0"/>
  <testcase name="testWriteHive2ReadHive2(String)[125]" classname="org.apache.hadoop.hive.ql.io.parquet.serde.TestParquetTimestampsHive2Compatibility" time="0"/>
  <testcase name="testWriteHive2ReadHive2(String)[126]" classname="org.apache.hadoop.hive.ql.io.parquet.serde.TestParquetTimestampsHive2Compatibility" time="0"/>
  <testcase name="testWriteHive2ReadHive2(String)[127]" classname="org.apache.hadoop.hive.ql.io.parquet.serde.TestParquetTimestampsHive2Compatibility" time="0"/>
  <testcase name="testWriteHive2ReadHive2(String)[128]" classname="org.apache.hadoop.hive.ql.io.parquet.serde.TestParquetTimestampsHive2Compatibility" time="0"/>
  <testcase name="testWriteHive2ReadHive2(String)[129]" classname="org.apache.hadoop.hive.ql.io.parquet.serde.TestParquetTimestampsHive2Compatibility" time="0"/>
  <testcase name="testWriteHive2ReadHive2(String)[130]" classname="org.apache.hadoop.hive.ql.io.parquet.serde.TestParquetTimestampsHive2Compatibility" time="0"/>
  <testcase name="testWriteHive2ReadHive2(String)[131]" classname="org.apache.hadoop.hive.ql.io.parquet.serde.TestParquetTimestampsHive2Compatibility" time="0"/>
  <testcase name="testWriteHive2ReadHive2(String)[132]" classname="org.apache.hadoop.hive.ql.io.parquet.serde.TestParquetTimestampsHive2Compatibility" time="0"/>
  <testcase name="testWriteHive2ReadHive2(String)[133]" classname="org.apache.hadoop.hive.ql.io.parquet.serde.TestParquetTimestampsHive2Compatibility" time="0"/>
  <testcase name="testWriteHive2ReadHive2(String)[134]" classname="org.apache.hadoop.hive.ql.io.parquet.serde.TestParquetTimestampsHive2Compatibility" time="0"/>
  <testcase name="testWriteHive2ReadHive2(String)[135]" classname="org.apache.hadoop.hive.ql.io.parquet.serde.TestParquetTimestampsHive2Compatibility" time="0"/>
  <testcase name="testWriteHive2ReadHive2(String)[136]" classname="org.apache.hadoop.hive.ql.io.parquet.serde.TestParquetTimestampsHive2Compatibility" time="0.001"/>
  <testcase name="testWriteHive2ReadHive2(String)[137]" classname="org.apache.hadoop.hive.ql.io.parquet.serde.TestParquetTimestampsHive2Compatibility" time="0"/>
  <testcase name="testWriteHive2ReadHive2(String)[138]" classname="org.apache.hadoop.hive.ql.io.parquet.serde.TestParquetTimestampsHive2Compatibility" time="0"/>
  <testcase name="testWriteHive2ReadHive2(String)[139]" classname="org.apache.hadoop.hive.ql.io.parquet.serde.TestParquetTimestampsHive2Compatibility" time="0"/>
  <testcase name="testWriteHive2ReadHive2(String)[140]" classname="org.apache.hadoop.hive.ql.io.parquet.serde.TestParquetTimestampsHive2Compatibility" time="0"/>
  <testcase name="testWriteHive2ReadHive2(String)[141]" classname="org.apache.hadoop.hive.ql.io.parquet.serde.TestParquetTimestampsHive2Compatibility" time="0"/>
  <testcase name="testWriteHive2ReadHive2(String)[142]" classname="org.apache.hadoop.hive.ql.io.parquet.serde.TestParquetTimestampsHive2Compatibility" time="0"/>
  <testcase name="testWriteHive2ReadHive2(String)[143]" classname="org.apache.hadoop.hive.ql.io.parquet.serde.TestParquetTimestampsHive2Compatibility" time="0"/>
  <testcase name="testWriteHive2ReadHive2(String)[144]" classname="org.apache.hadoop.hive.ql.io.parquet.serde.TestParquetTimestampsHive2Compatibility" time="0.001"/>
  <testcase name="testWriteHive2ReadHive2(String)[145]" classname="org.apache.hadoop.hive.ql.io.parquet.serde.TestParquetTimestampsHive2Compatibility" time="0"/>
  <testcase name="testWriteHive2ReadHive2(String)[146]" classname="org.apache.hadoop.hive.ql.io.parquet.serde.TestParquetTimestampsHive2Compatibility" time="0"/>
  <testcase name="testWriteHive2ReadHive2(String)[147]" classname="org.apache.hadoop.hive.ql.io.parquet.serde.TestParquetTimestampsHive2Compatibility" time="0"/>
  <testcase name="testWriteHive2ReadHive2(String)[148]" classname="org.apache.hadoop.hive.ql.io.parquet.serde.TestParquetTimestampsHive2Compatibility" time="0"/>
  <testcase name="testWriteHive2ReadHive2(String)[149]" classname="org.apache.hadoop.hive.ql.io.parquet.serde.TestParquetTimestampsHive2Compatibility" time="0"/>
  <testcase name="testWriteHive2ReadHive2(String)[150]" classname="org.apache.hadoop.hive.ql.io.parquet.serde.TestParquetTimestampsHive2Compatibility" time="0"/>
  <testcase name="testWriteHive2ReadHive2(String)[151]" classname="org.apache.hadoop.hive.ql.io.parquet.serde.TestParquetTimestampsHive2Compatibility" time="0"/>
  <testcase name="testWriteHive2ReadHive2(String)[152]" classname="org.apache.hadoop.hive.ql.io.parquet.serde.TestParquetTimestampsHive2Compatibility" time="0.001"/>
  <testcase name="testWriteHive2ReadHive2(String)[153]" classname="org.apache.hadoop.hive.ql.io.parquet.serde.TestParquetTimestampsHive2Compatibility" time="0"/>
  <testcase name="testWriteHive2ReadHive2(String)[154]" classname="org.apache.hadoop.hive.ql.io.parquet.serde.TestParquetTimestampsHive2Compatibility" time="0"/>
  <testcase name="testWriteHive2ReadHive2(String)[155]" classname="org.apache.hadoop.hive.ql.io.parquet.serde.TestParquetTimestampsHive2Compatibility" time="0"/>
  <testcase name="testWriteHive2ReadHive2(String)[156]" classname="org.apache.hadoop.hive.ql.io.parquet.serde.TestParquetTimestampsHive2Compatibility" time="0"/>
  <testcase name="testWriteHive2ReadHive2(String)[157]" classname="org.apache.hadoop.hive.ql.io.parquet.serde.TestParquetTimestampsHive2Compatibility" time="0"/>
  <testcase name="testWriteHive2ReadHive2(String)[158]" classname="org.apache.hadoop.hive.ql.io.parquet.serde.TestParquetTimestampsHive2Compatibility" time="0"/>
  <testcase name="testWriteHive2ReadHive2(String)[159]" classname="org.apache.hadoop.hive.ql.io.parquet.serde.TestParquetTimestampsHive2Compatibility" time="0"/>
  <testcase name="testWriteHive2ReadHive2(String)[160]" classname="org.apache.hadoop.hive.ql.io.parquet.serde.TestParquetTimestampsHive2Compatibility" time="0.001"/>
  <testcase name="testWriteHive2ReadHive2(String)[161]" classname="org.apache.hadoop.hive.ql.io.parquet.serde.TestParquetTimestampsHive2Compatibility" time="0"/>
  <testcase name="testWriteHive2ReadHive2(String)[162]" classname="org.apache.hadoop.hive.ql.io.parquet.serde.TestParquetTimestampsHive2Compatibility" time="0"/>
  <testcase name="testWriteHive2ReadHive2(String)[163]" classname="org.apache.hadoop.hive.ql.io.parquet.serde.TestParquetTimestampsHive2Compatibility" time="0"/>
  <testcase name="testWriteHive2ReadHive2(String)[164]" classname="org.apache.hadoop.hive.ql.io.parquet.serde.TestParquetTimestampsHive2Compatibility" time="0"/>
  <testcase name="testWriteHive2ReadHive2(String)[165]" classname="org.apache.hadoop.hive.ql.io.parquet.serde.TestParquetTimestampsHive2Compatibility" time="0"/>
  <testcase name="testWriteHive2ReadHive2(String)[166]" classname="org.apache.hadoop.hive.ql.io.parquet.serde.TestParquetTimestampsHive2Compatibility" time="0"/>
  <testcase name="testWriteHive2ReadHive2(String)[167]" classname="org.apache.hadoop.hive.ql.io.parquet.serde.TestParquetTimestampsHive2Compatibility" time="0"/>
  <testcase name="testWriteHive2ReadHive2(String)[168]" classname="org.apache.hadoop.hive.ql.io.parquet.serde.TestParquetTimestampsHive2Compatibility" time="0"/>
  <testcase name="testWriteHive2ReadHive2(String)[169]" classname="org.apache.hadoop.hive.ql.io.parquet.serde.TestParquetTimestampsHive2Compatibility" time="0"/>
  <testcase name="testWriteHive2ReadHive2(String)[170]" classname="org.apache.hadoop.hive.ql.io.parquet.serde.TestParquetTimestampsHive2Compatibility" time="0"/>
  <testcase name="testWriteHive2ReadHive2(String)[171]" classname="org.apache.hadoop.hive.ql.io.parquet.serde.TestParquetTimestampsHive2Compatibility" time="0"/>
  <testcase name="testWriteHive2ReadHive2(String)[172]" classname="org.apache.hadoop.hive.ql.io.parquet.serde.TestParquetTimestampsHive2Compatibility" time="0"/>
  <testcase name="testWriteHive2ReadHive2(String)[173]" classname="org.apache.hadoop.hive.ql.io.parquet.serde.TestParquetTimestampsHive2Compatibility" time="0"/>
  <testcase name="testWriteHive2ReadHive2(String)[174]" classname="org.apache.hadoop.hive.ql.io.parquet.serde.TestParquetTimestampsHive2Compatibility" time="0"/>
  <testcase name="testWriteHive2ReadHive2(String)[175]" classname="org.apache.hadoop.hive.ql.io.parquet.serde.TestParquetTimestampsHive2Compatibility" time="0"/>
  <testcase name="testWriteHive2ReadHive2(String)[176]" classname="org.apache.hadoop.hive.ql.io.parquet.serde.TestParquetTimestampsHive2Compatibility" time="0"/>
  <testcase name="testWriteHive2ReadHive2(String)[177]" classname="org.apache.hadoop.hive.ql.io.parquet.serde.TestParquetTimestampsHive2Compatibility" time="0"/>
  <testcase name="testWriteHive2ReadHive2(String)[178]" classname="org.apache.hadoop.hive.ql.io.parquet.serde.TestParquetTimestampsHive2Compatibility" time="0"/>
  <testcase name="testWriteHive2ReadHive2(String)[179]" classname="org.apache.hadoop.hive.ql.io.parquet.serde.TestParquetTimestampsHive2Compatibility" time="0"/>
  <testcase name="testWriteHive2ReadHive2(String)[180]" classname="org.apache.hadoop.hive.ql.io.parquet.serde.TestParquetTimestampsHive2Compatibility" time="0"/>
  <testcase name="testWriteHive2ReadHive2(String)[181]" classname="org.apache.hadoop.hive.ql.io.parquet.serde.TestParquetTimestampsHive2Compatibility" time="0"/>
  <testcase name="testWriteHive2ReadHive2(String)[182]" classname="org.apache.hadoop.hive.ql.io.parquet.serde.TestParquetTimestampsHive2Compatibility" time="0"/>
  <testcase name="testWriteHive2ReadHive2(String)[183]" classname="org.apache.hadoop.hive.ql.io.parquet.serde.TestParquetTimestampsHive2Compatibility" time="0"/>
  <testcase name="testWriteHive2ReadHive2(String)[184]" classname="org.apache.hadoop.hive.ql.io.parquet.serde.TestParquetTimestampsHive2Compatibility" time="0"/>
  <testcase name="testWriteHive2ReadHive2(String)[185]" classname="org.apache.hadoop.hive.ql.io.parquet.serde.TestParquetTimestampsHive2Compatibility" time="0"/>
  <testcase name="testWriteHive2ReadHive2(String)[186]" classname="org.apache.hadoop.hive.ql.io.parquet.serde.TestParquetTimestampsHive2Compatibility" time="0"/>
  <testcase name="testWriteHive2ReadHive2(String)[187]" classname="org.apache.hadoop.hive.ql.io.parquet.serde.TestParquetTimestampsHive2Compatibility" time="0"/>
  <testcase name="testWriteHive2ReadHive2(String)[188]" classname="org.apache.hadoop.hive.ql.io.parquet.serde.TestParquetTimestampsHive2Compatibility" time="0"/>
  <testcase name="testWriteHive2ReadHive2(String)[189]" classname="org.apache.hadoop.hive.ql.io.parquet.serde.TestParquetTimestampsHive2Compatibility" time="0"/>
  <testcase name="testWriteHive2ReadHive2(String)[190]" classname="org.apache.hadoop.hive.ql.io.parquet.serde.TestParquetTimestampsHive2Compatibility" time="0"/>
  <testcase name="testWriteHive2ReadHive2(String)[191]" classname="org.apache.hadoop.hive.ql.io.parquet.serde.TestParquetTimestampsHive2Compatibility" time="0"/>
  <testcase name="testWriteHive2ReadHive2(String)[192]" classname="org.apache.hadoop.hive.ql.io.parquet.serde.TestParquetTimestampsHive2Compatibility" time="0"/>
  <testcase name="testWriteHive2ReadHive2(String)[193]" classname="org.apache.hadoop.hive.ql.io.parquet.serde.TestParquetTimestampsHive2Compatibility" time="0.001"/>
  <testcase name="testWriteHive2ReadHive2(String)[194]" classname="org.apache.hadoop.hive.ql.io.parquet.serde.TestParquetTimestampsHive2Compatibility" time="0"/>
  <testcase name="testWriteHive2ReadHive2(String)[195]" classname="org.apache.hadoop.hive.ql.io.parquet.serde.TestParquetTimestampsHive2Compatibility" time="0"/>
  <testcase name="testWriteHive2ReadHive2(String)[196]" classname="org.apache.hadoop.hive.ql.io.parquet.serde.TestParquetTimestampsHive2Compatibility" time="0"/>
  <testcase name="testWriteHive2ReadHive2(String)[197]" classname="org.apache.hadoop.hive.ql.io.parquet.serde.TestParquetTimestampsHive2Compatibility" time="0"/>
  <testcase name="testWriteHive2ReadHive2(String)[198]" classname="org.apache.hadoop.hive.ql.io.parquet.serde.TestParquetTimestampsHive2Compatibility" time="0"/>
  <testcase name="testWriteHive2ReadHive2(String)[199]" classname="org.apache.hadoop.hive.ql.io.parquet.serde.TestParquetTimestampsHive2Compatibility" time="0"/>
  <testcase name="testWriteHive2ReadHive2(String)[200]" classname="org.apache.hadoop.hive.ql.io.parquet.serde.TestParquetTimestampsHive2Compatibility" time="0"/>
  <testcase name="testWriteHive2ReadHive2(String)[201]" classname="org.apache.hadoop.hive.ql.io.parquet.serde.TestParquetTimestampsHive2Compatibility" time="0.001"/>
  <testcase name="testWriteHive2ReadHive2(String)[202]" classname="org.apache.hadoop.hive.ql.io.parquet.serde.TestParquetTimestampsHive2Compatibility" time="0"/>
  <testcase name="testWriteHive2ReadHive2(String)[203]" classname="org.apache.hadoop.hive.ql.io.parquet.serde.TestParquetTimestampsHive2Compatibility" time="0"/>
  <testcase name="testWriteHive2ReadHive2(String)[204]" classname="org.apache.hadoop.hive.ql.io.parquet.serde.TestParquetTimestampsHive2Compatibility" time="0"/>
  <testcase name="testWriteHive2ReadHive2(String)[205]" classname="org.apache.hadoop.hive.ql.io.parquet.serde.TestParquetTimestampsHive2Compatibility" time="0"/>
  <testcase name="testWriteHive2ReadHive2(String)[206]" classname="org.apache.hadoop.hive.ql.io.parquet.serde.TestParquetTimestampsHive2Compatibility" time="0"/>
  <testcase name="testWriteHive2ReadHive2(String)[207]" classname="org.apache.hadoop.hive.ql.io.parquet.serde.TestParquetTimestampsHive2Compatibility" time="0"/>
  <testcase name="testWriteHive2ReadHive2(String)[208]" classname="org.apache.hadoop.hive.ql.io.parquet.serde.TestParquetTimestampsHive2Compatibility" time="0"/>
  <testcase name="testWriteHive2ReadHive2(String)[209]" classname="org.apache.hadoop.hive.ql.io.parquet.serde.TestParquetTimestampsHive2Compatibility" time="0"/>
  <testcase name="testWriteHive2ReadHive2(String)[210]" classname="org.apache.hadoop.hive.ql.io.parquet.serde.TestParquetTimestampsHive2Compatibility" time="0"/>
  <testcase name="testWriteHive2ReadHive2(String)[211]" classname="org.apache.hadoop.hive.ql.io.parquet.serde.TestParquetTimestampsHive2Compatibility" time="0"/>
  <testcase name="testWriteHive2ReadHive2(String)[212]" classname="org.apache.hadoop.hive.ql.io.parquet.serde.TestParquetTimestampsHive2Compatibility" time="0"/>
  <testcase name="testWriteHive2ReadHive2(String)[213]" classname="org.apache.hadoop.hive.ql.io.parquet.serde.TestParquetTimestampsHive2Compatibility" time="0"/>
  <testcase name="testWriteHive2ReadHive2(String)[214]" classname="org.apache.hadoop.hive.ql.io.parquet.serde.TestParquetTimestampsHive2Compatibility" time="0"/>
  <testcase name="testWriteHive2ReadHive2(String)[215]" classname="org.apache.hadoop.hive.ql.io.parquet.serde.TestParquetTimestampsHive2Compatibility" time="0"/>
  <testcase name="testWriteHive2ReadHive2(String)[216]" classname="org.apache.hadoop.hive.ql.io.parquet.serde.TestParquetTimestampsHive2Compatibility" time="0"/>
  <testcase name="testWriteHive2ReadHive2(String)[217]" classname="org.apache.hadoop.hive.ql.io.parquet.serde.TestParquetTimestampsHive2Compatibility" time="0"/>
  <testcase name="testWriteHive2ReadHive2(String)[218]" classname="org.apache.hadoop.hive.ql.io.parquet.serde.TestParquetTimestampsHive2Compatibility" time="0"/>
  <testcase name="testWriteHive2ReadHive2(String)[219]" classname="org.apache.hadoop.hive.ql.io.parquet.serde.TestParquetTimestampsHive2Compatibility" time="0"/>
  <testcase name="testWriteHive2ReadHive2(String)[220]" classname="org.apache.hadoop.hive.ql.io.parquet.serde.TestParquetTimestampsHive2Compatibility" time="0"/>
  <testcase name="testWriteHive2ReadHive2(String)[221]" classname="org.apache.hadoop.hive.ql.io.parquet.serde.TestParquetTimestampsHive2Compatibility" time="0"/>
  <testcase name="testWriteHive2ReadHive2(String)[222]" classname="org.apache.hadoop.hive.ql.io.parquet.serde.TestParquetTimestampsHive2Compatibility" time="0"/>
  <testcase name="testWriteHive2ReadHive2(String)[223]" classname="org.apache.hadoop.hive.ql.io.parquet.serde.TestParquetTimestampsHive2Compatibility" time="0"/>
  <testcase name="testWriteHive2ReadHive2(String)[224]" classname="org.apache.hadoop.hive.ql.io.parquet.serde.TestParquetTimestampsHive2Compatibility" time="0"/>
  <testcase name="testWriteHive2ReadHive2(String)[225]" classname="org.apache.hadoop.hive.ql.io.parquet.serde.TestParquetTimestampsHive2Compatibility" time="0"/>
  <testcase name="testWriteHive2ReadHive2(String)[226]" classname="org.apache.hadoop.hive.ql.io.parquet.serde.TestParquetTimestampsHive2Compatibility" time="0"/>
  <testcase name="testWriteHive2ReadHive2(String)[227]" classname="org.apache.hadoop.hive.ql.io.parquet.serde.TestParquetTimestampsHive2Compatibility" time="0"/>
  <testcase name="testWriteHive2ReadHive2(String)[228]" classname="org.apache.hadoop.hive.ql.io.parquet.serde.TestParquetTimestampsHive2Compatibility" time="0"/>
  <testcase name="testWriteHive2ReadHive2(String)[229]" classname="org.apache.hadoop.hive.ql.io.parquet.serde.TestParquetTimestampsHive2Compatibility" time="0"/>
  <testcase name="testWriteHive2ReadHive2(String)[230]" classname="org.apache.hadoop.hive.ql.io.parquet.serde.TestParquetTimestampsHive2Compatibility" time="0"/>
  <testcase name="testWriteHive2ReadHive2(String)[231]" classname="org.apache.hadoop.hive.ql.io.parquet.serde.TestParquetTimestampsHive2Compatibility" time="0"/>
  <testcase name="testWriteHive2ReadHive2(String)[232]" classname="org.apache.hadoop.hive.ql.io.parquet.serde.TestParquetTimestampsHive2Compatibility" time="0"/>
  <testcase name="testWriteHive2ReadHive2(String)[233]" classname="org.apache.hadoop.hive.ql.io.parquet.serde.TestParquetTimestampsHive2Compatibility" time="0"/>
  <testcase name="testWriteHive2ReadHive2(String)[234]" classname="org.apache.hadoop.hive.ql.io.parquet.serde.TestParquetTimestampsHive2Compatibility" time="0"/>
  <testcase name="testWriteHive2ReadHive2(String)[235]" classname="org.apache.hadoop.hive.ql.io.parquet.serde.TestParquetTimestampsHive2Compatibility" time="0"/>
  <testcase name="testWriteHive2ReadHive2(String)[236]" classname="org.apache.hadoop.hive.ql.io.parquet.serde.TestParquetTimestampsHive2Compatibility" time="0"/>
  <testcase name="testWriteHive2ReadHive2(String)[237]" classname="org.apache.hadoop.hive.ql.io.parquet.serde.TestParquetTimestampsHive2Compatibility" time="0"/>
  <testcase name="testWriteHive2ReadHive2(String)[238]" classname="org.apache.hadoop.hive.ql.io.parquet.serde.TestParquetTimestampsHive2Compatibility" time="0"/>
  <testcase name="testWriteHive2ReadHive2(String)[239]" classname="org.apache.hadoop.hive.ql.io.parquet.serde.TestParquetTimestampsHive2Compatibility" time="0"/>
  <testcase name="testWriteHive2ReadHive2(String)[240]" classname="org.apache.hadoop.hive.ql.io.parquet.serde.TestParquetTimestampsHive2Compatibility" time="0"/>
  <testcase name="testWriteHive2ReadHive2(String)[241]" classname="org.apache.hadoop.hive.ql.io.parquet.serde.TestParquetTimestampsHive2Compatibility" time="0"/>
  <testcase name="testWriteHive2ReadHive2(String)[242]" classname="org.apache.hadoop.hive.ql.io.parquet.serde.TestParquetTimestampsHive2Compatibility" time="0.001"/>
  <testcase name="testWriteHive2ReadHive2(String)[243]" classname="org.apache.hadoop.hive.ql.io.parquet.serde.TestParquetTimestampsHive2Compatibility" time="0"/>
  <testcase name="testWriteHive2ReadHive2(String)[244]" classname="org.apache.hadoop.hive.ql.io.parquet.serde.TestParquetTimestampsHive2Compatibility" time="0"/>
  <testcase name="testWriteHive2ReadHive2(String)[245]" classname="org.apache.hadoop.hive.ql.io.parquet.serde.TestParquetTimestampsHive2Compatibility" time="0"/>
  <testcase name="testWriteHive2ReadHive2(String)[246]" classname="org.apache.hadoop.hive.ql.io.parquet.serde.TestParquetTimestampsHive2Compatibility" time="0"/>
  <testcase name="testWriteHive2ReadHive2(String)[247]" classname="org.apache.hadoop.hive.ql.io.parquet.serde.TestParquetTimestampsHive2Compatibility" time="0"/>
  <testcase name="testWriteHive2ReadHive2(String)[248]" classname="org.apache.hadoop.hive.ql.io.parquet.serde.TestParquetTimestampsHive2Compatibility" time="0"/>
  <testcase name="testWriteHive2ReadHive2(String)[249]" classname="org.apache.hadoop.hive.ql.io.parquet.serde.TestParquetTimestampsHive2Compatibility" time="0"/>
  <testcase name="testWriteHive2ReadHive2(String)[250]" classname="org.apache.hadoop.hive.ql.io.parquet.serde.TestParquetTimestampsHive2Compatibility" time="0.001"/>
  <testcase name="testWriteHive2ReadHive2(String)[251]" classname="org.apache.hadoop.hive.ql.io.parquet.serde.TestParquetTimestampsHive2Compatibility" time="0"/>
  <testcase name="testWriteHive2ReadHive2(String)[252]" classname="org.apache.hadoop.hive.ql.io.parquet.serde.TestParquetTimestampsHive2Compatibility" time="0"/>
  <testcase name="testWriteHive2ReadHive2(String)[253]" classname="org.apache.hadoop.hive.ql.io.parquet.serde.TestParquetTimestampsHive2Compatibility" time="0"/>
  <testcase name="testWriteHive2ReadHive2(String)[254]" classname="org.apache.hadoop.hive.ql.io.parquet.serde.TestParquetTimestampsHive2Compatibility" time="0"/>
  <testcase name="testWriteHive2ReadHive2(String)[255]" classname="org.apache.hadoop.hive.ql.io.parquet.serde.TestParquetTimestampsHive2Compatibility" time="0"/>
  <testcase name="testWriteHive2ReadHive2(String)[256]" classname="org.apache.hadoop.hive.ql.io.parquet.serde.TestParquetTimestampsHive2Compatibility" time="0"/>
  <testcase name="testWriteHive2ReadHive2(String)[257]" classname="org.apache.hadoop.hive.ql.io.parquet.serde.TestParquetTimestampsHive2Compatibility" time="0"/>
  <testcase name="testWriteHive2ReadHive2(String)[258]" classname="org.apache.hadoop.hive.ql.io.parquet.serde.TestParquetTimestampsHive2Compatibility" time="0"/>
  <testcase name="testWriteHive2ReadHive2(String)[259]" classname="org.apache.hadoop.hive.ql.io.parquet.serde.TestParquetTimestampsHive2Compatibility" time="0"/>
  <testcase name="testWriteHive2ReadHive2(String)[260]" classname="org.apache.hadoop.hive.ql.io.parquet.serde.TestParquetTimestampsHive2Compatibility" time="0"/>
  <testcase name="testWriteHive2ReadHive2(String)[261]" classname="org.apache.hadoop.hive.ql.io.parquet.serde.TestParquetTimestampsHive2Compatibility" time="0"/>
  <testcase name="testWriteHive2ReadHive2(String)[262]" classname="org.apache.hadoop.hive.ql.io.parquet.serde.TestParquetTimestampsHive2Compatibility" time="0"/>
  <testcase name="testWriteHive2ReadHive2(String)[263]" classname="org.apache.hadoop.hive.ql.io.parquet.serde.TestParquetTimestampsHive2Compatibility" time="0"/>
  <testcase name="testWriteHive2ReadHive2(String)[264]" classname="org.apache.hadoop.hive.ql.io.parquet.serde.TestParquetTimestampsHive2Compatibility" time="0"/>
  <testcase name="testWriteHive2ReadHive2(String)[265]" classname="org.apache.hadoop.hive.ql.io.parquet.serde.TestParquetTimestampsHive2Compatibility" time="0"/>
  <testcase name="testWriteHive2ReadHive2(String)[266]" classname="org.apache.hadoop.hive.ql.io.parquet.serde.TestParquetTimestampsHive2Compatibility" time="0"/>
  <testcase name="testWriteHive2ReadHive2(String)[267]" classname="org.apache.hadoop.hive.ql.io.parquet.serde.TestParquetTimestampsHive2Compatibility" time="0"/>
  <testcase name="testWriteHive2ReadHive2(String)[268]" classname="org.apache.hadoop.hive.ql.io.parquet.serde.TestParquetTimestampsHive2Compatibility" time="0"/>
  <testcase name="testWriteHive2ReadHive2(String)[269]" classname="org.apache.hadoop.hive.ql.io.parquet.serde.TestParquetTimestampsHive2Compatibility" time="0"/>
  <testcase name="testWriteHive2ReadHive2(String)[270]" classname="org.apache.hadoop.hive.ql.io.parquet.serde.TestParquetTimestampsHive2Compatibility" time="0"/>
  <testcase name="testWriteHive2ReadHive2(String)[271]" classname="org.apache.hadoop.hive.ql.io.parquet.serde.TestParquetTimestampsHive2Compatibility" time="0"/>
  <testcase name="testWriteHive2ReadHive2(String)[272]" classname="org.apache.hadoop.hive.ql.io.parquet.serde.TestParquetTimestampsHive2Compatibility" time="0"/>
  <testcase name="testWriteHive2ReadHive2(String)[273]" classname="org.apache.hadoop.hive.ql.io.parquet.serde.TestParquetTimestampsHive2Compatibility" time="0"/>
  <testcase name="testWriteHive2ReadHive2(String)[274]" classname="org.apache.hadoop.hive.ql.io.parquet.serde.TestParquetTimestampsHive2Compatibility" time="0"/>
  <testcase name="testWriteHive2ReadHive2(String)[275]" classname="org.apache.hadoop.hive.ql.io.parquet.serde.TestParquetTimestampsHive2Compatibility" time="0"/>
  <testcase name="testWriteHive2ReadHive2(String)[276]" classname="org.apache.hadoop.hive.ql.io.parquet.serde.TestParquetTimestampsHive2Compatibility" time="0"/>
  <testcase name="testWriteHive2ReadHive2(String)[277]" classname="org.apache.hadoop.hive.ql.io.parquet.serde.TestParquetTimestampsHive2Compatibility" time="0"/>
  <testcase name="testWriteHive2ReadHive2(String)[278]" classname="org.apache.hadoop.hive.ql.io.parquet.serde.TestParquetTimestampsHive2Compatibility" time="0"/>
  <testcase name="testWriteHive2ReadHive2(String)[279]" classname="org.apache.hadoop.hive.ql.io.parquet.serde.TestParquetTimestampsHive2Compatibility" time="0"/>
  <testcase name="testWriteHive2ReadHive2(String)[280]" classname="org.apache.hadoop.hive.ql.io.parquet.serde.TestParquetTimestampsHive2Compatibility" time="0"/>
  <testcase name="testWriteHive2ReadHive2(String)[281]" classname="org.apache.hadoop.hive.ql.io.parquet.serde.TestParquetTimestampsHive2Compatibility" time="0"/>
  <testcase name="testWriteHive2ReadHive2(String)[282]" classname="org.apache.hadoop.hive.ql.io.parquet.serde.TestParquetTimestampsHive2Compatibility" time="0"/>
  <testcase name="testWriteHive2ReadHive2(String)[283]" classname="org.apache.hadoop.hive.ql.io.parquet.serde.TestParquetTimestampsHive2Compatibility" time="0"/>
  <testcase name="testWriteHive2ReadHive2(String)[284]" classname="org.apache.hadoop.hive.ql.io.parquet.serde.TestParquetTimestampsHive2Compatibility" time="0"/>
  <testcase name="testWriteHive2ReadHive2(String)[285]" classname="org.apache.hadoop.hive.ql.io.parquet.serde.TestParquetTimestampsHive2Compatibility" time="0"/>
  <testcase name="testWriteHive2ReadHive2(String)[286]" classname="org.apache.hadoop.hive.ql.io.parquet.serde.TestParquetTimestampsHive2Compatibility" time="0"/>
  <testcase name="testWriteHive2ReadHive2(String)[287]" classname="org.apache.hadoop.hive.ql.io.parquet.serde.TestParquetTimestampsHive2Compatibility" time="0"/>
  <testcase name="testWriteHive2ReadHive2(String)[288]" classname="org.apache.hadoop.hive.ql.io.parquet.serde.TestParquetTimestampsHive2Compatibility" time="0"/>
  <testcase name="testWriteHive2ReadHive2(String)[289]" classname="org.apache.hadoop.hive.ql.io.parquet.serde.TestParquetTimestampsHive2Compatibility" time="0"/>
  <testcase name="testWriteHive2ReadHive2(String)[290]" classname="org.apache.hadoop.hive.ql.io.parquet.serde.TestParquetTimestampsHive2Compatibility" time="0"/>
  <testcase name="testWriteHive2ReadHive2(String)[291]" classname="org.apache.hadoop.hive.ql.io.parquet.serde.TestParquetTimestampsHive2Compatibility" time="0"/>
  <testcase name="testWriteHive2ReadHive2(String)[292]" classname="org.apache.hadoop.hive.ql.io.parquet.serde.TestParquetTimestampsHive2Compatibility" time="0"/>
  <testcase name="testWriteHive2ReadHive2(String)[293]" classname="org.apache.hadoop.hive.ql.io.parquet.serde.TestParquetTimestampsHive2Compatibility" time="0"/>
  <testcase name="testWriteHive2ReadHive2(String)[294]" classname="org.apache.hadoop.hive.ql.io.parquet.serde.TestParquetTimestampsHive2Compatibility" time="0"/>
  <testcase name="testWriteHive2ReadHive2(String)[295]" classname="org.apache.hadoop.hive.ql.io.parquet.serde.TestParquetTimestampsHive2Compatibility" time="0"/>
  <testcase name="testWriteHive2ReadHive2(String)[296]" classname="org.apache.hadoop.hive.ql.io.parquet.serde.TestParquetTimestampsHive2Compatibility" time="0"/>
  <testcase name="testWriteHive2ReadHive2(String)[297]" classname="org.apache.hadoop.hive.ql.io.parquet.serde.TestParquetTimestampsHive2Compatibility" time="0"/>
  <testcase name="testWriteHive2ReadHive2(String)[298]" classname="org.apache.hadoop.hive.ql.io.parquet.serde.TestParquetTimestampsHive2Compatibility" time="0"/>
  <testcase name="testWriteHive2ReadHive2(String)[299]" classname="org.apache.hadoop.hive.ql.io.parquet.serde.TestParquetTimestampsHive2Compatibility" time="0"/>
  <testcase name="testWriteHive2ReadHive2(String)[300]" classname="org.apache.hadoop.hive.ql.io.parquet.serde.TestParquetTimestampsHive2Compatibility" time="0"/>
  <testcase name="testWriteHive2ReadHive2(String)[301]" classname="org.apache.hadoop.hive.ql.io.parquet.serde.TestParquetTimestampsHive2Compatibility" time="0"/>
  <testcase name="testWriteHive2ReadHive2(String)[302]" classname="org.apache.hadoop.hive.ql.io.parquet.serde.TestParquetTimestampsHive2Compatibility" time="0"/>
  <testcase name="testWriteHive2ReadHive2(String)[303]" classname="org.apache.hadoop.hive.ql.io.parquet.serde.TestParquetTimestampsHive2Compatibility" time="0"/>
  <testcase name="testWriteHive2ReadHive2(String)[304]" classname="org.apache.hadoop.hive.ql.io.parquet.serde.TestParquetTimestampsHive2Compatibility" time="0"/>
  <testcase name="testWriteHive2ReadHive2(String)[305]" classname="org.apache.hadoop.hive.ql.io.parquet.serde.TestParquetTimestampsHive2Compatibility" time="0"/>
  <testcase name="testWriteHive2ReadHive2(String)[306]" classname="org.apache.hadoop.hive.ql.io.parquet.serde.TestParquetTimestampsHive2Compatibility" time="0"/>
  <testcase name="testWriteHive2ReadHive2(String)[307]" classname="org.apache.hadoop.hive.ql.io.parquet.serde.TestParquetTimestampsHive2Compatibility" time="0"/>
  <testcase name="testWriteHive2ReadHive2(String)[308]" classname="org.apache.hadoop.hive.ql.io.parquet.serde.TestParquetTimestampsHive2Compatibility" time="0"/>
  <testcase name="testWriteHive2ReadHive2(String)[309]" classname="org.apache.hadoop.hive.ql.io.parquet.serde.TestParquetTimestampsHive2Compatibility" time="0"/>
  <testcase name="testWriteHive2ReadHive2(String)[310]" classname="org.apache.hadoop.hive.ql.io.parquet.serde.TestParquetTimestampsHive2Compatibility" time="0"/>
  <testcase name="testWriteHive2ReadHive2(String)[311]" classname="org.apache.hadoop.hive.ql.io.parquet.serde.TestParquetTimestampsHive2Compatibility" time="0"/>
  <testcase name="testWriteHive2ReadHive2(String)[312]" classname="org.apache.hadoop.hive.ql.io.parquet.serde.TestParquetTimestampsHive2Compatibility" time="0"/>
  <testcase name="testWriteHive2ReadHive2(String)[313]" classname="org.apache.hadoop.hive.ql.io.parquet.serde.TestParquetTimestampsHive2Compatibility" time="0"/>
  <testcase name="testWriteHive2ReadHive2(String)[314]" classname="org.apache.hadoop.hive.ql.io.parquet.serde.TestParquetTimestampsHive2Compatibility" time="0.001"/>
  <testcase name="testWriteHive2ReadHive2(String)[315]" classname="org.apache.hadoop.hive.ql.io.parquet.serde.TestParquetTimestampsHive2Compatibility" time="0"/>
  <testcase name="testWriteHive2ReadHive2(String)[316]" classname="org.apache.hadoop.hive.ql.io.parquet.serde.TestParquetTimestampsHive2Compatibility" time="0"/>
  <testcase name="testWriteHive2ReadHive2(String)[317]" classname="org.apache.hadoop.hive.ql.io.parquet.serde.TestParquetTimestampsHive2Compatibility" time="0"/>
  <testcase name="testWriteHive2ReadHive2(String)[318]" classname="org.apache.hadoop.hive.ql.io.parquet.serde.TestParquetTimestampsHive2Compatibility" time="0"/>
  <testcase name="testWriteHive2ReadHive2(String)[319]" classname="org.apache.hadoop.hive.ql.io.parquet.serde.TestParquetTimestampsHive2Compatibility" time="0"/>
  <testcase name="testWriteHive2ReadHive2(String)[320]" classname="org.apache.hadoop.hive.ql.io.parquet.serde.TestParquetTimestampsHive2Compatibility" time="0"/>
  <testcase name="testWriteHive2ReadHive2(String)[321]" classname="org.apache.hadoop.hive.ql.io.parquet.serde.TestParquetTimestampsHive2Compatibility" time="0"/>
  <testcase name="testWriteHive2ReadHive2(String)[322]" classname="org.apache.hadoop.hive.ql.io.parquet.serde.TestParquetTimestampsHive2Compatibility" time="0"/>
  <testcase name="testWriteHive2ReadHive2(String)[323]" classname="org.apache.hadoop.hive.ql.io.parquet.serde.TestParquetTimestampsHive2Compatibility" time="0.001"/>
  <testcase name="testWriteHive2ReadHive2(String)[324]" classname="org.apache.hadoop.hive.ql.io.parquet.serde.TestParquetTimestampsHive2Compatibility" time="0"/>
  <testcase name="testWriteHive2ReadHive2(String)[325]" classname="org.apache.hadoop.hive.ql.io.parquet.serde.TestParquetTimestampsHive2Compatibility" time="0"/>
  <testcase name="testWriteHive2ReadHive2(String)[326]" classname="org.apache.hadoop.hive.ql.io.parquet.serde.TestParquetTimestampsHive2Compatibility" time="0"/>
  <testcase name="testWriteHive2ReadHive2(String)[327]" classname="org.apache.hadoop.hive.ql.io.parquet.serde.TestParquetTimestampsHive2Compatibility" time="0"/>
  <testcase name="testWriteHive2ReadHive2(String)[328]" classname="org.apache.hadoop.hive.ql.io.parquet.serde.TestParquetTimestampsHive2Compatibility" time="0"/>
  <testcase name="testWriteHive2ReadHive2(String)[329]" classname="org.apache.hadoop.hive.ql.io.parquet.serde.TestParquetTimestampsHive2Compatibility" time="0"/>
  <testcase name="testWriteHive2ReadHive2(String)[330]" classname="org.apache.hadoop.hive.ql.io.parquet.serde.TestParquetTimestampsHive2Compatibility" time="0"/>
  <testcase name="testWriteHive2ReadHive2(String)[331]" classname="org.apache.hadoop.hive.ql.io.parquet.serde.TestParquetTimestampsHive2Compatibility" time="0"/>
  <testcase name="testWriteHive2ReadHive2(String)[332]" classname="org.apache.hadoop.hive.ql.io.parquet.serde.TestParquetTimestampsHive2Compatibility" time="0"/>
  <testcase name="testWriteHive2ReadHive2(String)[333]" classname="org.apache.hadoop.hive.ql.io.parquet.serde.TestParquetTimestampsHive2Compatibility" time="0"/>
  <testcase name="testWriteHive2ReadHive2(String)[334]" classname="org.apache.hadoop.hive.ql.io.parquet.serde.TestParquetTimestampsHive2Compatibility" time="0"/>
  <testcase name="testWriteHive2ReadHive2(String)[335]" classname="org.apache.hadoop.hive.ql.io.parquet.serde.TestParquetTimestampsHive2Compatibility" time="0"/>
  <testcase name="testWriteHive2ReadHive2(String)[336]" classname="org.apache.hadoop.hive.ql.io.parquet.serde.TestParquetTimestampsHive2Compatibility" time="0"/>
  <testcase name="testWriteHive2ReadHive2(String)[337]" classname="org.apache.hadoop.hive.ql.io.parquet.serde.TestParquetTimestampsHive2Compatibility" time="0"/>
  <testcase name="testWriteHive2ReadHive2(String)[338]" classname="org.apache.hadoop.hive.ql.io.parquet.serde.TestParquetTimestampsHive2Compatibility" time="0"/>
  <testcase name="testWriteHive2ReadHive2(String)[339]" classname="org.apache.hadoop.hive.ql.io.parquet.serde.TestParquetTimestampsHive2Compatibility" time="0"/>
  <testcase name="testWriteHive2ReadHive2(String)[340]" classname="org.apache.hadoop.hive.ql.io.parquet.serde.TestParquetTimestampsHive2Compatibility" time="0.001"/>
  <testcase name="testWriteHive2ReadHive2(String)[341]" classname="org.apache.hadoop.hive.ql.io.parquet.serde.TestParquetTimestampsHive2Compatibility" time="0"/>
  <testcase name="testWriteHive2ReadHive2(String)[342]" classname="org.apache.hadoop.hive.ql.io.parquet.serde.TestParquetTimestampsHive2Compatibility" time="0"/>
  <testcase name="testWriteHive2ReadHive2(String)[343]" classname="org.apache.hadoop.hive.ql.io.parquet.serde.TestParquetTimestampsHive2Compatibility" time="0"/>
  <testcase name="testWriteHive2ReadHive2(String)[344]" classname="org.apache.hadoop.hive.ql.io.parquet.serde.TestParquetTimestampsHive2Compatibility" time="0"/>
  <testcase name="testWriteHive2ReadHive2(String)[345]" classname="org.apache.hadoop.hive.ql.io.parquet.serde.TestParquetTimestampsHive2Compatibility" time="0"/>
  <testcase name="testWriteHive2ReadHive2(String)[346]" classname="org.apache.hadoop.hive.ql.io.parquet.serde.TestParquetTimestampsHive2Compatibility" time="0"/>
  <testcase name="testWriteHive2ReadHive2(String)[347]" classname="org.apache.hadoop.hive.ql.io.parquet.serde.TestParquetTimestampsHive2Compatibility" time="0"/>
  <testcase name="testWriteHive2ReadHive2(String)[348]" classname="org.apache.hadoop.hive.ql.io.parquet.serde.TestParquetTimestampsHive2Compatibility" time="0"/>
  <testcase name="testWriteHive2ReadHive2(String)[349]" classname="org.apache.hadoop.hive.ql.io.parquet.serde.TestParquetTimestampsHive2Compatibility" time="0"/>
  <testcase name="testWriteHive2ReadHive2(String)[350]" classname="org.apache.hadoop.hive.ql.io.parquet.serde.TestParquetTimestampsHive2Compatibility" time="0"/>
  <testcase name="testWriteHive2ReadHive2(String)[351]" classname="org.apache.hadoop.hive.ql.io.parquet.serde.TestParquetTimestampsHive2Compatibility" time="0"/>
  <testcase name="testWriteHive2ReadHive2(String)[352]" classname="org.apache.hadoop.hive.ql.io.parquet.serde.TestParquetTimestampsHive2Compatibility" time="0"/>
  <testcase name="testWriteHive2ReadHive2(String)[353]" classname="org.apache.hadoop.hive.ql.io.parquet.serde.TestParquetTimestampsHive2Compatibility" time="0"/>
  <testcase name="testWriteHive2ReadHive2(String)[354]" classname="org.apache.hadoop.hive.ql.io.parquet.serde.TestParquetTimestampsHive2Compatibility" time="0"/>
  <testcase name="testWriteHive2ReadHive2(String)[355]" classname="org.apache.hadoop.hive.ql.io.parquet.serde.TestParquetTimestampsHive2Compatibility" time="0"/>
  <testcase name="testWriteHive2ReadHive2(String)[356]" classname="org.apache.hadoop.hive.ql.io.parquet.serde.TestParquetTimestampsHive2Compatibility" time="0"/>
  <testcase name="testWriteHive2ReadHive2(String)[357]" classname="org.apache.hadoop.hive.ql.io.parquet.serde.TestParquetTimestampsHive2Compatibility" time="0"/>
  <testcase name="testWriteHive2ReadHive2(String)[358]" classname="org.apache.hadoop.hive.ql.io.parquet.serde.TestParquetTimestampsHive2Compatibility" time="0"/>
  <testcase name="testWriteHive2ReadHive2(String)[359]" classname="org.apache.hadoop.hive.ql.io.parquet.serde.TestParquetTimestampsHive2Compatibility" time="0"/>
  <testcase name="testWriteHive2ReadHive2(String)[360]" classname="org.apache.hadoop.hive.ql.io.parquet.serde.TestParquetTimestampsHive2Compatibility" time="0"/>
  <testcase name="testWriteHive2ReadHive2(String)[361]" classname="org.apache.hadoop.hive.ql.io.parquet.serde.TestParquetTimestampsHive2Compatibility" time="0"/>
  <testcase name="testWriteHive2ReadHive2(String)[362]" classname="org.apache.hadoop.hive.ql.io.parquet.serde.TestParquetTimestampsHive2Compatibility" time="0"/>
  <testcase name="testWriteHive2ReadHive2(String)[363]" classname="org.apache.hadoop.hive.ql.io.parquet.serde.TestParquetTimestampsHive2Compatibility" time="0"/>
  <testcase name="testWriteHive2ReadHive2(String)[364]" classname="org.apache.hadoop.hive.ql.io.parquet.serde.TestParquetTimestampsHive2Compatibility" time="0"/>
  <testcase name="testWriteHive2ReadHive2(String)[365]" classname="org.apache.hadoop.hive.ql.io.parquet.serde.TestParquetTimestampsHive2Compatibility" time="0"/>
  <testcase name="testWriteHive2ReadHive2(String)[366]" classname="org.apache.hadoop.hive.ql.io.parquet.serde.TestParquetTimestampsHive2Compatibility" time="0"/>
  <testcase name="testWriteHive2ReadHive2(String)[367]" classname="org.apache.hadoop.hive.ql.io.parquet.serde.TestParquetTimestampsHive2Compatibility" time="0"/>
  <testcase name="testWriteHive2ReadHive2(String)[368]" classname="org.apache.hadoop.hive.ql.io.parquet.serde.TestParquetTimestampsHive2Compatibility" time="0"/>
  <testcase name="testWriteHive2ReadHive2(String)[369]" classname="org.apache.hadoop.hive.ql.io.parquet.serde.TestParquetTimestampsHive2Compatibility" time="0"/>
  <testcase name="testWriteHive2ReadHive2(String)[370]" classname="org.apache.hadoop.hive.ql.io.parquet.serde.TestParquetTimestampsHive2Compatibility" time="0"/>
  <testcase name="testWriteHive2ReadHive2(String)[371]" classname="org.apache.hadoop.hive.ql.io.parquet.serde.TestParquetTimestampsHive2Compatibility" time="0"/>
  <testcase name="testWriteHive2ReadHive2(String)[372]" classname="org.apache.hadoop.hive.ql.io.parquet.serde.TestParquetTimestampsHive2Compatibility" time="0"/>
  <testcase name="testWriteHive2ReadHive2(String)[373]" classname="org.apache.hadoop.hive.ql.io.parquet.serde.TestParquetTimestampsHive2Compatibility" time="0"/>
  <testcase name="testWriteHive2ReadHive2(String)[374]" classname="org.apache.hadoop.hive.ql.io.parquet.serde.TestParquetTimestampsHive2Compatibility" time="0"/>
  <testcase name="testWriteHive2ReadHive2(String)[375]" classname="org.apache.hadoop.hive.ql.io.parquet.serde.TestParquetTimestampsHive2Compatibility" time="0.001"/>
  <testcase name="testWriteHive2ReadHive2(String)[376]" classname="org.apache.hadoop.hive.ql.io.parquet.serde.TestParquetTimestampsHive2Compatibility" time="0"/>
  <testcase name="testWriteHive2ReadHive2(String)[377]" classname="org.apache.hadoop.hive.ql.io.parquet.serde.TestParquetTimestampsHive2Compatibility" time="0"/>
  <testcase name="testWriteHive2ReadHive2(String)[378]" classname="org.apache.hadoop.hive.ql.io.parquet.serde.TestParquetTimestampsHive2Compatibility" time="0"/>
  <testcase name="testWriteHive2ReadHive2(String)[379]" classname="org.apache.hadoop.hive.ql.io.parquet.serde.TestParquetTimestampsHive2Compatibility" time="0"/>
  <testcase name="testWriteHive2ReadHive2(String)[380]" classname="org.apache.hadoop.hive.ql.io.parquet.serde.TestParquetTimestampsHive2Compatibility" time="0"/>
  <testcase name="testWriteHive2ReadHive2(String)[381]" classname="org.apache.hadoop.hive.ql.io.parquet.serde.TestParquetTimestampsHive2Compatibility" time="0"/>
  <testcase name="testWriteHive2ReadHive2(String)[382]" classname="org.apache.hadoop.hive.ql.io.parquet.serde.TestParquetTimestampsHive2Compatibility" time="0"/>
  <testcase name="testWriteHive2ReadHive2(String)[383]" classname="org.apache.hadoop.hive.ql.io.parquet.serde.TestParquetTimestampsHive2Compatibility" time="0"/>
  <testcase name="testWriteHive2ReadHive2(String)[384]" classname="org.apache.hadoop.hive.ql.io.parquet.serde.TestParquetTimestampsHive2Compatibility" time="0"/>
  <testcase name="testWriteHive2ReadHive2(String)[385]" classname="org.apache.hadoop.hive.ql.io.parquet.serde.TestParquetTimestampsHive2Compatibility" time="0"/>
  <testcase name="testWriteHive2ReadHive2(String)[386]" classname="org.apache.hadoop.hive.ql.io.parquet.serde.TestParquetTimestampsHive2Compatibility" time="0"/>
  <testcase name="testWriteHive2ReadHive2(String)[387]" classname="org.apache.hadoop.hive.ql.io.parquet.serde.TestParquetTimestampsHive2Compatibility" time="0"/>
  <testcase name="testWriteHive2ReadHive2(String)[388]" classname="org.apache.hadoop.hive.ql.io.parquet.serde.TestParquetTimestampsHive2Compatibility" time="0.001"/>
  <testcase name="testWriteHive2ReadHive2(String)[389]" classname="org.apache.hadoop.hive.ql.io.parquet.serde.TestParquetTimestampsHive2Compatibility" time="0"/>
  <testcase name="testWriteHive2ReadHive2(String)[390]" classname="org.apache.hadoop.hive.ql.io.parquet.serde.TestParquetTimestampsHive2Compatibility" time="0"/>
  <testcase name="testWriteHive2ReadHive2(String)[391]" classname="org.apache.hadoop.hive.ql.io.parquet.serde.TestParquetTimestampsHive2Compatibility" time="0"/>
  <testcase name="testWriteHive2ReadHive2(String)[392]" classname="org.apache.hadoop.hive.ql.io.parquet.serde.TestParquetTimestampsHive2Compatibility" time="0"/>
  <testcase name="testWriteHive2ReadHive2(String)[393]" classname="org.apache.hadoop.hive.ql.io.parquet.serde.TestParquetTimestampsHive2Compatibility" time="0.001"/>
  <testcase name="testWriteHive2ReadHive2(String)[394]" classname="org.apache.hadoop.hive.ql.io.parquet.serde.TestParquetTimestampsHive2Compatibility" time="0"/>
  <testcase name="testWriteHive2ReadHive2(String)[395]" classname="org.apache.hadoop.hive.ql.io.parquet.serde.TestParquetTimestampsHive2Compatibility" time="0"/>
  <testcase name="testWriteHive2ReadHive2(String)[396]" classname="org.apache.hadoop.hive.ql.io.parquet.serde.TestParquetTimestampsHive2Compatibility" time="0"/>
  <testcase name="testWriteHive2ReadHive2(String)[397]" classname="org.apache.hadoop.hive.ql.io.parquet.serde.TestParquetTimestampsHive2Compatibility" time="0"/>
  <testcase name="testWriteHive2ReadHive2(String)[398]" classname="org.apache.hadoop.hive.ql.io.parquet.serde.TestParquetTimestampsHive2Compatibility" time="0.001"/>
  <testcase name="testWriteHive2ReadHive2(String)[399]" classname="org.apache.hadoop.hive.ql.io.parquet.serde.TestParquetTimestampsHive2Compatibility" time="0"/>
  <testcase name="testWriteHive2ReadHive2(String)[400]" classname="org.apache.hadoop.hive.ql.io.parquet.serde.TestParquetTimestampsHive2Compatibility" time="0"/>
  <testcase name="testWriteHive2ReadHive2(String)[401]" classname="org.apache.hadoop.hive.ql.io.parquet.serde.TestParquetTimestampsHive2Compatibility" time="0"/>
  <testcase name="testWriteHive2ReadHive2(String)[402]" classname="org.apache.hadoop.hive.ql.io.parquet.serde.TestParquetTimestampsHive2Compatibility" time="0"/>
  <testcase name="testWriteHive2ReadHive2(String)[403]" classname="org.apache.hadoop.hive.ql.io.parquet.serde.TestParquetTimestampsHive2Compatibility" time="0.001"/>
  <testcase name="testWriteHive2ReadHive2(String)[404]" classname="org.apache.hadoop.hive.ql.io.parquet.serde.TestParquetTimestampsHive2Compatibility" time="0"/>
  <testcase name="testWriteHive2ReadHive2(String)[405]" classname="org.apache.hadoop.hive.ql.io.parquet.serde.TestParquetTimestampsHive2Compatibility" time="0"/>
  <testcase name="testWriteHive2ReadHive2(String)[406]" classname="org.apache.hadoop.hive.ql.io.parquet.serde.TestParquetTimestampsHive2Compatibility" time="0"/>
  <testcase name="testWriteHive2ReadHive2(String)[407]" classname="org.apache.hadoop.hive.ql.io.parquet.serde.TestParquetTimestampsHive2Compatibility" time="0"/>
  <testcase name="testWriteHive2ReadHive2(String)[408]" classname="org.apache.hadoop.hive.ql.io.parquet.serde.TestParquetTimestampsHive2Compatibility" time="0"/>
  <testcase name="testWriteHive2ReadHive2(String)[409]" classname="org.apache.hadoop.hive.ql.io.parquet.serde.TestParquetTimestampsHive2Compatibility" time="0"/>
  <testcase name="testWriteHive2ReadHive2(String)[410]" classname="org.apache.hadoop.hive.ql.io.parquet.serde.TestParquetTimestampsHive2Compatibility" time="0"/>
  <testcase name="testWriteHive2ReadHive2(String)[411]" classname="org.apache.hadoop.hive.ql.io.parquet.serde.TestParquetTimestampsHive2Compatibility" time="0"/>
  <testcase name="testWriteHive2ReadHive2(String)[412]" classname="org.apache.hadoop.hive.ql.io.parquet.serde.TestParquetTimestampsHive2Compatibility" time="0"/>
  <testcase name="testWriteHive2ReadHive2(String)[413]" classname="org.apache.hadoop.hive.ql.io.parquet.serde.TestParquetTimestampsHive2Compatibility" time="0.001"/>
  <testcase name="testWriteHive2ReadHive2(String)[414]" classname="org.apache.hadoop.hive.ql.io.parquet.serde.TestParquetTimestampsHive2Compatibility" time="0"/>
  <testcase name="testWriteHive2ReadHive2(String)[415]" classname="org.apache.hadoop.hive.ql.io.parquet.serde.TestParquetTimestampsHive2Compatibility" time="0"/>
  <testcase name="testWriteHive2ReadHive2(String)[416]" classname="org.apache.hadoop.hive.ql.io.parquet.serde.TestParquetTimestampsHive2Compatibility" time="0"/>
  <testcase name="testWriteHive2ReadHive2(String)[417]" classname="org.apache.hadoop.hive.ql.io.parquet.serde.TestParquetTimestampsHive2Compatibility" time="0"/>
  <testcase name="testWriteHive2ReadHive2(String)[418]" classname="org.apache.hadoop.hive.ql.io.parquet.serde.TestParquetTimestampsHive2Compatibility" time="0"/>
  <testcase name="testWriteHive2ReadHive2(String)[419]" classname="org.apache.hadoop.hive.ql.io.parquet.serde.TestParquetTimestampsHive2Compatibility" time="0"/>
  <testcase name="testWriteHive2ReadHive2(String)[420]" classname="org.apache.hadoop.hive.ql.io.parquet.serde.TestParquetTimestampsHive2Compatibility" time="0"/>
  <testcase name="testWriteHive2ReadHive2(String)[421]" classname="org.apache.hadoop.hive.ql.io.parquet.serde.TestParquetTimestampsHive2Compatibility" time="0"/>
  <testcase name="testWriteHive2ReadHive2(String)[422]" classname="org.apache.hadoop.hive.ql.io.parquet.serde.TestParquetTimestampsHive2Compatibility" time="0"/>
  <testcase name="testWriteHive2ReadHive2(String)[423]" classname="org.apache.hadoop.hive.ql.io.parquet.serde.TestParquetTimestampsHive2Compatibility" time="0"/>
  <testcase name="testWriteHive2ReadHive2(String)[424]" classname="org.apache.hadoop.hive.ql.io.parquet.serde.TestParquetTimestampsHive2Compatibility" time="0"/>
  <testcase name="testWriteHive2ReadHive2(String)[425]" classname="org.apache.hadoop.hive.ql.io.parquet.serde.TestParquetTimestampsHive2Compatibility" time="0"/>
  <testcase name="testWriteHive2ReadHive2(String)[426]" classname="org.apache.hadoop.hive.ql.io.parquet.serde.TestParquetTimestampsHive2Compatibility" time="0"/>
  <testcase name="testWriteHive2ReadHive2(String)[427]" classname="org.apache.hadoop.hive.ql.io.parquet.serde.TestParquetTimestampsHive2Compatibility" time="0"/>
  <testcase name="testWriteHive2ReadHive2(String)[428]" classname="org.apache.hadoop.hive.ql.io.parquet.serde.TestParquetTimestampsHive2Compatibility" time="0"/>
  <testcase name="testWriteHive2ReadHive2(String)[429]" classname="org.apache.hadoop.hive.ql.io.parquet.serde.TestParquetTimestampsHive2Compatibility" time="0"/>
  <testcase name="testWriteHive2ReadHive2(String)[430]" classname="org.apache.hadoop.hive.ql.io.parquet.serde.TestParquetTimestampsHive2Compatibility" time="0"/>
  <testcase name="testWriteHive2ReadHive2(String)[431]" classname="org.apache.hadoop.hive.ql.io.parquet.serde.TestParquetTimestampsHive2Compatibility" time="0.001"/>
  <testcase name="testWriteHive2ReadHive2(String)[432]" classname="org.apache.hadoop.hive.ql.io.parquet.serde.TestParquetTimestampsHive2Compatibility" time="0"/>
  <testcase name="testWriteHive2ReadHive2(String)[433]" classname="org.apache.hadoop.hive.ql.io.parquet.serde.TestParquetTimestampsHive2Compatibility" time="0"/>
  <testcase name="testWriteHive2ReadHive2(String)[434]" classname="org.apache.hadoop.hive.ql.io.parquet.serde.TestParquetTimestampsHive2Compatibility" time="0"/>
  <testcase name="testWriteHive2ReadHive2(String)[435]" classname="org.apache.hadoop.hive.ql.io.parquet.serde.TestParquetTimestampsHive2Compatibility" time="0"/>
  <testcase name="testWriteHive2ReadHive2(String)[436]" classname="org.apache.hadoop.hive.ql.io.parquet.serde.TestParquetTimestampsHive2Compatibility" time="0"/>
  <testcase name="testWriteHive2ReadHive2(String)[437]" classname="org.apache.hadoop.hive.ql.io.parquet.serde.TestParquetTimestampsHive2Compatibility" time="0"/>
  <testcase name="testWriteHive2ReadHive2(String)[438]" classname="org.apache.hadoop.hive.ql.io.parquet.serde.TestParquetTimestampsHive2Compatibility" time="0"/>
  <testcase name="testWriteHive2ReadHive2(String)[439]" classname="org.apache.hadoop.hive.ql.io.parquet.serde.TestParquetTimestampsHive2Compatibility" time="0"/>
  <testcase name="testWriteHive2ReadHive2(String)[440]" classname="org.apache.hadoop.hive.ql.io.parquet.serde.TestParquetTimestampsHive2Compatibility" time="0"/>
  <testcase name="testWriteHive2ReadHive2(String)[441]" classname="org.apache.hadoop.hive.ql.io.parquet.serde.TestParquetTimestampsHive2Compatibility" time="0"/>
  <testcase name="testWriteHive2ReadHive2(String)[442]" classname="org.apache.hadoop.hive.ql.io.parquet.serde.TestParquetTimestampsHive2Compatibility" time="0"/>
  <testcase name="testWriteHive2ReadHive2(String)[443]" classname="org.apache.hadoop.hive.ql.io.parquet.serde.TestParquetTimestampsHive2Compatibility" time="0"/>
  <testcase name="testWriteHive2ReadHive2(String)[444]" classname="org.apache.hadoop.hive.ql.io.parquet.serde.TestParquetTimestampsHive2Compatibility" time="0"/>
  <testcase name="testWriteHive2ReadHive2(String)[445]" classname="org.apache.hadoop.hive.ql.io.parquet.serde.TestParquetTimestampsHive2Compatibility" time="0"/>
  <testcase name="testWriteHive2ReadHive2(String)[446]" classname="org.apache.hadoop.hive.ql.io.parquet.serde.TestParquetTimestampsHive2Compatibility" time="0"/>
  <testcase name="testWriteHive2ReadHive2(String)[447]" classname="org.apache.hadoop.hive.ql.io.parquet.serde.TestParquetTimestampsHive2Compatibility" time="0"/>
  <testcase name="testWriteHive2ReadHive2(String)[448]" classname="org.apache.hadoop.hive.ql.io.parquet.serde.TestParquetTimestampsHive2Compatibility" time="0"/>
  <testcase name="testWriteHive2ReadHive2(String)[449]" classname="org.apache.hadoop.hive.ql.io.parquet.serde.TestParquetTimestampsHive2Compatibility" time="0"/>
  <testcase name="testWriteHive2ReadHive2(String)[450]" classname="org.apache.hadoop.hive.ql.io.parquet.serde.TestParquetTimestampsHive2Compatibility" time="0"/>
  <testcase name="testWriteHive2ReadHive2(String)[451]" classname="org.apache.hadoop.hive.ql.io.parquet.serde.TestParquetTimestampsHive2Compatibility" time="0"/>
  <testcase name="testWriteHive2ReadHive2(String)[452]" classname="org.apache.hadoop.hive.ql.io.parquet.serde.TestParquetTimestampsHive2Compatibility" time="0"/>
  <testcase name="testWriteHive2ReadHive2(String)[453]" classname="org.apache.hadoop.hive.ql.io.parquet.serde.TestParquetTimestampsHive2Compatibility" time="0"/>
  <testcase name="testWriteHive2ReadHive2(String)[454]" classname="org.apache.hadoop.hive.ql.io.parquet.serde.TestParquetTimestampsHive2Compatibility" time="0"/>
  <testcase name="testWriteHive2ReadHive2(String)[455]" classname="org.apache.hadoop.hive.ql.io.parquet.serde.TestParquetTimestampsHive2Compatibility" time="0"/>
  <testcase name="testWriteHive2ReadHive2(String)[456]" classname="org.apache.hadoop.hive.ql.io.parquet.serde.TestParquetTimestampsHive2Compatibility" time="0"/>
  <testcase name="testWriteHive2ReadHive2(String)[457]" classname="org.apache.hadoop.hive.ql.io.parquet.serde.TestParquetTimestampsHive2Compatibility" time="0"/>
  <testcase name="testWriteHive2ReadHive2(String)[458]" classname="org.apache.hadoop.hive.ql.io.parquet.serde.TestParquetTimestampsHive2Compatibility" time="0"/>
  <testcase name="testWriteHive2ReadHive2(String)[459]" classname="org.apache.hadoop.hive.ql.io.parquet.serde.TestParquetTimestampsHive2Compatibility" time="0"/>
  <testcase name="testWriteHive2ReadHive2(String)[460]" classname="org.apache.hadoop.hive.ql.io.parquet.serde.TestParquetTimestampsHive2Compatibility" time="0"/>
  <testcase name="testWriteHive2ReadHive2(String)[461]" classname="org.apache.hadoop.hive.ql.io.parquet.serde.TestParquetTimestampsHive2Compatibility" time="0"/>
  <testcase name="testWriteHive2ReadHive2(String)[462]" classname="org.apache.hadoop.hive.ql.io.parquet.serde.TestParquetTimestampsHive2Compatibility" time="0"/>
  <testcase name="testWriteHive2ReadHive2(String)[463]" classname="org.apache.hadoop.hive.ql.io.parquet.serde.TestParquetTimestampsHive2Compatibility" time="0"/>
  <testcase name="testWriteHive2ReadHive2(String)[464]" classname="org.apache.hadoop.hive.ql.io.parquet.serde.TestParquetTimestampsHive2Compatibility" time="0"/>
  <testcase name="testWriteHive2ReadHive2(String)[465]" classname="org.apache.hadoop.hive.ql.io.parquet.serde.TestParquetTimestampsHive2Compatibility" time="0"/>
  <testcase name="testWriteHive2ReadHive2(String)[466]" classname="org.apache.hadoop.hive.ql.io.parquet.serde.TestParquetTimestampsHive2Compatibility" time="0"/>
  <testcase name="testWriteHive2ReadHive2(String)[467]" classname="org.apache.hadoop.hive.ql.io.parquet.serde.TestParquetTimestampsHive2Compatibility" time="0"/>
  <testcase name="testWriteHive2ReadHive2(String)[468]" classname="org.apache.hadoop.hive.ql.io.parquet.serde.TestParquetTimestampsHive2Compatibility" time="0"/>
  <testcase name="testWriteHive2ReadHive2(String)[469]" classname="org.apache.hadoop.hive.ql.io.parquet.serde.TestParquetTimestampsHive2Compatibility" time="0"/>
  <testcase name="testWriteHive2ReadHive2(String)[470]" classname="org.apache.hadoop.hive.ql.io.parquet.serde.TestParquetTimestampsHive2Compatibility" time="0"/>
  <testcase name="testWriteHive2ReadHive2(String)[471]" classname="org.apache.hadoop.hive.ql.io.parquet.serde.TestParquetTimestampsHive2Compatibility" time="0"/>
  <testcase name="testWriteHive2ReadHive2(String)[472]" classname="org.apache.hadoop.hive.ql.io.parquet.serde.TestParquetTimestampsHive2Compatibility" time="0"/>
  <testcase name="testWriteHive2ReadHive2(String)[473]" classname="org.apache.hadoop.hive.ql.io.parquet.serde.TestParquetTimestampsHive2Compatibility" time="0"/>
  <testcase name="testWriteHive2ReadHive2(String)[474]" classname="org.apache.hadoop.hive.ql.io.parquet.serde.TestParquetTimestampsHive2Compatibility" time="0"/>
  <testcase name="testWriteHive2ReadHive2(String)[475]" classname="org.apache.hadoop.hive.ql.io.parquet.serde.TestParquetTimestampsHive2Compatibility" time="0"/>
  <testcase name="testWriteHive2ReadHive2(String)[476]" classname="org.apache.hadoop.hive.ql.io.parquet.serde.TestParquetTimestampsHive2Compatibility" time="0"/>
  <testcase name="testWriteHive2ReadHive2(String)[477]" classname="org.apache.hadoop.hive.ql.io.parquet.serde.TestParquetTimestampsHive2Compatibility" time="0.001"/>
  <testcase name="testWriteHive2ReadHive2(String)[478]" classname="org.apache.hadoop.hive.ql.io.parquet.serde.TestParquetTimestampsHive2Compatibility" time="0"/>
  <testcase name="testWriteHive2ReadHive2(String)[479]" classname="org.apache.hadoop.hive.ql.io.parquet.serde.TestParquetTimestampsHive2Compatibility" time="0"/>
  <testcase name="testWriteHive2ReadHive2(String)[480]" classname="org.apache.hadoop.hive.ql.io.parquet.serde.TestParquetTimestampsHive2Compatibility" time="0"/>
  <testcase name="testWriteHive2ReadHive2(String)[481]" classname="org.apache.hadoop.hive.ql.io.parquet.serde.TestParquetTimestampsHive2Compatibility" time="0"/>
  <testcase name="testWriteHive2ReadHive2(String)[482]" classname="org.apache.hadoop.hive.ql.io.parquet.serde.TestParquetTimestampsHive2Compatibility" time="0"/>
  <testcase name="testWriteHive2ReadHive2(String)[483]" classname="org.apache.hadoop.hive.ql.io.parquet.serde.TestParquetTimestampsHive2Compatibility" time="0"/>
  <testcase name="testWriteHive2ReadHive2(String)[484]" classname="org.apache.hadoop.hive.ql.io.parquet.serde.TestParquetTimestampsHive2Compatibility" time="0"/>
  <testcase name="testWriteHive2ReadHive2(String)[485]" classname="org.apache.hadoop.hive.ql.io.parquet.serde.TestParquetTimestampsHive2Compatibility" time="0"/>
  <testcase name="testWriteHive2ReadHive2(String)[486]" classname="org.apache.hadoop.hive.ql.io.parquet.serde.TestParquetTimestampsHive2Compatibility" time="0.001"/>
  <testcase name="testWriteHive2ReadHive2(String)[487]" classname="org.apache.hadoop.hive.ql.io.parquet.serde.TestParquetTimestampsHive2Compatibility" time="0"/>
  <testcase name="testWriteHive2ReadHive2(String)[488]" classname="org.apache.hadoop.hive.ql.io.parquet.serde.TestParquetTimestampsHive2Compatibility" time="0"/>
  <testcase name="testWriteHive2ReadHive2(String)[489]" classname="org.apache.hadoop.hive.ql.io.parquet.serde.TestParquetTimestampsHive2Compatibility" time="0"/>
  <testcase name="testWriteHive2ReadHive2(String)[490]" classname="org.apache.hadoop.hive.ql.io.parquet.serde.TestParquetTimestampsHive2Compatibility" time="0"/>
  <testcase name="testWriteHive2ReadHive2(String)[491]" classname="org.apache.hadoop.hive.ql.io.parquet.serde.TestParquetTimestampsHive2Compatibility" time="0"/>
  <testcase name="testWriteHive2ReadHive2(String)[492]" classname="org.apache.hadoop.hive.ql.io.parquet.serde.TestParquetTimestampsHive2Compatibility" time="0"/>
  <testcase name="testWriteHive2ReadHive2(String)[493]" classname="org.apache.hadoop.hive.ql.io.parquet.serde.TestParquetTimestampsHive2Compatibility" time="0"/>
  <testcase name="testWriteHive2ReadHive2(String)[494]" classname="org.apache.hadoop.hive.ql.io.parquet.serde.TestParquetTimestampsHive2Compatibility" time="0"/>
  <testcase name="testWriteHive2ReadHive2(String)[495]" classname="org.apache.hadoop.hive.ql.io.parquet.serde.TestParquetTimestampsHive2Compatibility" time="0.001"/>
  <testcase name="testWriteHive2ReadHive2(String)[496]" classname="org.apache.hadoop.hive.ql.io.parquet.serde.TestParquetTimestampsHive2Compatibility" time="0"/>
  <testcase name="testWriteHive2ReadHive2(String)[497]" classname="org.apache.hadoop.hive.ql.io.parquet.serde.TestParquetTimestampsHive2Compatibility" time="0"/>
  <testcase name="testWriteHive2ReadHive2(String)[498]" classname="org.apache.hadoop.hive.ql.io.parquet.serde.TestParquetTimestampsHive2Compatibility" time="0"/>
  <testcase name="testWriteHive2ReadHive2(String)[499]" classname="org.apache.hadoop.hive.ql.io.parquet.serde.TestParquetTimestampsHive2Compatibility" time="0"/>
  <testcase name="testWriteHive2ReadHive2(String)[500]" classname="org.apache.hadoop.hive.ql.io.parquet.serde.TestParquetTimestampsHive2Compatibility" time="0"/>
  <testcase name="testWriteHive2ReadHive2(String)[501]" classname="org.apache.hadoop.hive.ql.io.parquet.serde.TestParquetTimestampsHive2Compatibility" time="0"/>
  <testcase name="testWriteHive2ReadHive2(String)[502]" classname="org.apache.hadoop.hive.ql.io.parquet.serde.TestParquetTimestampsHive2Compatibility" time="0"/>
  <testcase name="testWriteHive2ReadHive2(String)[503]" classname="org.apache.hadoop.hive.ql.io.parquet.serde.TestParquetTimestampsHive2Compatibility" time="0"/>
  <testcase name="testWriteHive2ReadHive2(String)[504]" classname="org.apache.hadoop.hive.ql.io.parquet.serde.TestParquetTimestampsHive2Compatibility" time="0.001"/>
  <testcase name="testWriteHive2ReadHive2(String)[505]" classname="org.apache.hadoop.hive.ql.io.parquet.serde.TestParquetTimestampsHive2Compatibility" time="0"/>
  <testcase name="testWriteHive2ReadHive2(String)[506]" classname="org.apache.hadoop.hive.ql.io.parquet.serde.TestParquetTimestampsHive2Compatibility" time="0"/>
  <testcase name="testWriteHive2ReadHive2(String)[507]" classname="org.apache.hadoop.hive.ql.io.parquet.serde.TestParquetTimestampsHive2Compatibility" time="0"/>
  <testcase name="testWriteHive2ReadHive2(String)[508]" classname="org.apache.hadoop.hive.ql.io.parquet.serde.TestParquetTimestampsHive2Compatibility" time="0"/>
  <testcase name="testWriteHive2ReadHive2(String)[509]" classname="org.apache.hadoop.hive.ql.io.parquet.serde.TestParquetTimestampsHive2Compatibility" time="0"/>
  <testcase name="testWriteHive2ReadHive2(String)[510]" classname="org.apache.hadoop.hive.ql.io.parquet.serde.TestParquetTimestampsHive2Compatibility" time="0"/>
  <testcase name="testWriteHive2ReadHive2(String)[511]" classname="org.apache.hadoop.hive.ql.io.parquet.serde.TestParquetTimestampsHive2Compatibility" time="0"/>
  <testcase name="testWriteHive2ReadHive2(String)[512]" classname="org.apache.hadoop.hive.ql.io.parquet.serde.TestParquetTimestampsHive2Compatibility" time="0"/>
  <testcase name="testWriteHive2ReadHive2(String)[513]" classname="org.apache.hadoop.hive.ql.io.parquet.serde.TestParquetTimestampsHive2Compatibility" time="0"/>
  <testcase name="testWriteHive2ReadHive2(String)[514]" classname="org.apache.hadoop.hive.ql.io.parquet.serde.TestParquetTimestampsHive2Compatibility" time="0"/>
  <testcase name="testWriteHive2ReadHive2(String)[515]" classname="org.apache.hadoop.hive.ql.io.parquet.serde.TestParquetTimestampsHive2Compatibility" time="0"/>
  <testcase name="testWriteHive2ReadHive2(String)[516]" classname="org.apache.hadoop.hive.ql.io.parquet.serde.TestParquetTimestampsHive2Compatibility" time="0"/>
  <testcase name="testWriteHive2ReadHive2(String)[517]" classname="org.apache.hadoop.hive.ql.io.parquet.serde.TestParquetTimestampsHive2Compatibility" time="0"/>
  <testcase name="testWriteHive2ReadHive2(String)[518]" classname="org.apache.hadoop.hive.ql.io.parquet.serde.TestParquetTimestampsHive2Compatibility" time="0"/>
  <testcase name="testWriteHive2ReadHive2(String)[519]" classname="org.apache.hadoop.hive.ql.io.parquet.serde.TestParquetTimestampsHive2Compatibility" time="0"/>
  <testcase name="testWriteHive2ReadHive2(String)[520]" classname="org.apache.hadoop.hive.ql.io.parquet.serde.TestParquetTimestampsHive2Compatibility" time="0"/>
  <testcase name="testWriteHive2ReadHive2(String)[521]" classname="org.apache.hadoop.hive.ql.io.parquet.serde.TestParquetTimestampsHive2Compatibility" time="0"/>
  <testcase name="testWriteHive2ReadHive2(String)[522]" classname="org.apache.hadoop.hive.ql.io.parquet.serde.TestParquetTimestampsHive2Compatibility" time="0"/>
  <testcase name="testWriteHive2ReadHive2(String)[523]" classname="org.apache.hadoop.hive.ql.io.parquet.serde.TestParquetTimestampsHive2Compatibility" time="0.001"/>
  <testcase name="testWriteHive2ReadHive2(String)[524]" classname="org.apache.hadoop.hive.ql.io.parquet.serde.TestParquetTimestampsHive2Compatibility" time="0"/>
  <testcase name="testWriteHive2ReadHive2(String)[525]" classname="org.apache.hadoop.hive.ql.io.parquet.serde.TestParquetTimestampsHive2Compatibility" time="0"/>
  <testcase name="testWriteHive2ReadHive2(String)[526]" classname="org.apache.hadoop.hive.ql.io.parquet.serde.TestParquetTimestampsHive2Compatibility" time="0"/>
  <testcase name="testWriteHive2ReadHive2(String)[527]" classname="org.apache.hadoop.hive.ql.io.parquet.serde.TestParquetTimestampsHive2Compatibility" time="0"/>
  <testcase name="testWriteHive2ReadHive2(String)[528]" classname="org.apache.hadoop.hive.ql.io.parquet.serde.TestParquetTimestampsHive2Compatibility" time="0"/>
  <testcase name="testWriteHive2ReadHive2(String)[529]" classname="org.apache.hadoop.hive.ql.io.parquet.serde.TestParquetTimestampsHive2Compatibility" time="0"/>
  <testcase name="testWriteHive2ReadHive2(String)[530]" classname="org.apache.hadoop.hive.ql.io.parquet.serde.TestParquetTimestampsHive2Compatibility" time="0"/>
  <testcase name="testWriteHive2ReadHive2(String)[531]" classname="org.apache.hadoop.hive.ql.io.parquet.serde.TestParquetTimestampsHive2Compatibility" time="0"/>
  <testcase name="testWriteHive2ReadHive2(String)[532]" classname="org.apache.hadoop.hive.ql.io.parquet.serde.TestParquetTimestampsHive2Compatibility" time="0.001"/>
  <testcase name="testWriteHive2ReadHive2(String)[533]" classname="org.apache.hadoop.hive.ql.io.parquet.serde.TestParquetTimestampsHive2Compatibility" time="0"/>
  <testcase name="testWriteHive2ReadHive2(String)[534]" classname="org.apache.hadoop.hive.ql.io.parquet.serde.TestParquetTimestampsHive2Compatibility" time="0"/>
  <testcase name="testWriteHive2ReadHive2(String)[535]" classname="org.apache.hadoop.hive.ql.io.parquet.serde.TestParquetTimestampsHive2Compatibility" time="0"/>
  <testcase name="testWriteHive2ReadHive2(String)[536]" classname="org.apache.hadoop.hive.ql.io.parquet.serde.TestParquetTimestampsHive2Compatibility" time="0"/>
  <testcase name="testWriteHive2ReadHive2(String)[537]" classname="org.apache.hadoop.hive.ql.io.parquet.serde.TestParquetTimestampsHive2Compatibility" time="0"/>
  <testcase name="testWriteHive2ReadHive2(String)[538]" classname="org.apache.hadoop.hive.ql.io.parquet.serde.TestParquetTimestampsHive2Compatibility" time="0"/>
  <testcase name="testWriteHive2ReadHive2(String)[539]" classname="org.apache.hadoop.hive.ql.io.parquet.serde.TestParquetTimestampsHive2Compatibility" time="0"/>
  <testcase name="testWriteHive2ReadHive2(String)[540]" classname="org.apache.hadoop.hive.ql.io.parquet.serde.TestParquetTimestampsHive2Compatibility" time="0"/>
  <testcase name="testWriteHive2ReadHive2(String)[541]" classname="org.apache.hadoop.hive.ql.io.parquet.serde.TestParquetTimestampsHive2Compatibility" time="0"/>
  <testcase name="testWriteHive2ReadHive2(String)[542]" classname="org.apache.hadoop.hive.ql.io.parquet.serde.TestParquetTimestampsHive2Compatibility" time="0"/>
  <testcase name="testWriteHive2ReadHive2(String)[543]" classname="org.apache.hadoop.hive.ql.io.parquet.serde.TestParquetTimestampsHive2Compatibility" time="0"/>
  <testcase name="testWriteHive2ReadHive2(String)[544]" classname="org.apache.hadoop.hive.ql.io.parquet.serde.TestParquetTimestampsHive2Compatibility" time="0"/>
  <testcase name="testWriteHive2ReadHive2(String)[545]" classname="org.apache.hadoop.hive.ql.io.parquet.serde.TestParquetTimestampsHive2Compatibility" time="0"/>
  <testcase name="testWriteHive2ReadHive2(String)[546]" classname="org.apache.hadoop.hive.ql.io.parquet.serde.TestParquetTimestampsHive2Compatibility" time="0"/>
  <testcase name="testWriteHive2ReadHive2(String)[547]" classname="org.apache.hadoop.hive.ql.io.parquet.serde.TestParquetTimestampsHive2Compatibility" time="0"/>
  <testcase name="testWriteHive2ReadHive2(String)[548]" classname="org.apache.hadoop.hive.ql.io.parquet.serde.TestParquetTimestampsHive2Compatibility" time="0"/>
  <testcase name="testWriteHive2ReadHive2(String)[549]" classname="org.apache.hadoop.hive.ql.io.parquet.serde.TestParquetTimestampsHive2Compatibility" time="0"/>
  <testcase name="testWriteHive2ReadHive2(String)[550]" classname="org.apache.hadoop.hive.ql.io.parquet.serde.TestParquetTimestampsHive2Compatibility" time="0"/>
  <testcase name="testWriteHive2ReadHive2(String)[551]" classname="org.apache.hadoop.hive.ql.io.parquet.serde.TestParquetTimestampsHive2Compatibility" time="0"/>
  <testcase name="testWriteHive2ReadHive2(String)[552]" classname="org.apache.hadoop.hive.ql.io.parquet.serde.TestParquetTimestampsHive2Compatibility" time="0"/>
  <testcase name="testWriteHive2ReadHive2(String)[553]" classname="org.apache.hadoop.hive.ql.io.parquet.serde.TestParquetTimestampsHive2Compatibility" time="0"/>
  <testcase name="testWriteHive2ReadHive2(String)[554]" classname="org.apache.hadoop.hive.ql.io.parquet.serde.TestParquetTimestampsHive2Compatibility" time="0"/>
  <testcase name="testWriteHive2ReadHive2(String)[555]" classname="org.apache.hadoop.hive.ql.io.parquet.serde.TestParquetTimestampsHive2Compatibility" time="0"/>
  <testcase name="testWriteHive2ReadHive2(String)[556]" classname="org.apache.hadoop.hive.ql.io.parquet.serde.TestParquetTimestampsHive2Compatibility" time="0"/>
  <testcase name="testWriteHive2ReadHive2(String)[557]" classname="org.apache.hadoop.hive.ql.io.parquet.serde.TestParquetTimestampsHive2Compatibility" time="0"/>
  <testcase name="testWriteHive2ReadHive2(String)[558]" classname="org.apache.hadoop.hive.ql.io.parquet.serde.TestParquetTimestampsHive2Compatibility" time="0"/>
  <testcase name="testWriteHive2ReadHive2(String)[559]" classname="org.apache.hadoop.hive.ql.io.parquet.serde.TestParquetTimestampsHive2Compatibility" time="0"/>
  <testcase name="testWriteHive2ReadHive2(String)[560]" classname="org.apache.hadoop.hive.ql.io.parquet.serde.TestParquetTimestampsHive2Compatibility" time="0.001"/>
  <testcase name="testWriteHive2ReadHive2(String)[561]" classname="org.apache.hadoop.hive.ql.io.parquet.serde.TestParquetTimestampsHive2Compatibility" time="0"/>
  <testcase name="testWriteHive2ReadHive2(String)[562]" classname="org.apache.hadoop.hive.ql.io.parquet.serde.TestParquetTimestampsHive2Compatibility" time="0"/>
  <testcase name="testWriteHive2ReadHive2(String)[563]" classname="org.apache.hadoop.hive.ql.io.parquet.serde.TestParquetTimestampsHive2Compatibility" time="0"/>
  <testcase name="testWriteHive2ReadHive2(String)[564]" classname="org.apache.hadoop.hive.ql.io.parquet.serde.TestParquetTimestampsHive2Compatibility" time="0"/>
  <testcase name="testWriteHive2ReadHive2(String)[565]" classname="org.apache.hadoop.hive.ql.io.parquet.serde.TestParquetTimestampsHive2Compatibility" time="0"/>
  <testcase name="testWriteHive2ReadHive2(String)[566]" classname="org.apache.hadoop.hive.ql.io.parquet.serde.TestParquetTimestampsHive2Compatibility" time="0"/>
  <testcase name="testWriteHive2ReadHive2(String)[567]" classname="org.apache.hadoop.hive.ql.io.parquet.serde.TestParquetTimestampsHive2Compatibility" time="0"/>
  <testcase name="testWriteHive2ReadHive2(String)[568]" classname="org.apache.hadoop.hive.ql.io.parquet.serde.TestParquetTimestampsHive2Compatibility" time="0"/>
  <testcase name="testWriteHive2ReadHive2(String)[569]" classname="org.apache.hadoop.hive.ql.io.parquet.serde.TestParquetTimestampsHive2Compatibility" time="0.001"/>
  <testcase name="testWriteHive2ReadHive2(String)[570]" classname="org.apache.hadoop.hive.ql.io.parquet.serde.TestParquetTimestampsHive2Compatibility" time="0"/>
  <testcase name="testWriteHive2ReadHive2(String)[571]" classname="org.apache.hadoop.hive.ql.io.parquet.serde.TestParquetTimestampsHive2Compatibility" time="0"/>
  <testcase name="testWriteHive2ReadHive2(String)[572]" classname="org.apache.hadoop.hive.ql.io.parquet.serde.TestParquetTimestampsHive2Compatibility" time="0"/>
  <testcase name="testWriteHive2ReadHive2(String)[573]" classname="org.apache.hadoop.hive.ql.io.parquet.serde.TestParquetTimestampsHive2Compatibility" time="0"/>
  <testcase name="testWriteHive2ReadHive2(String)[574]" classname="org.apache.hadoop.hive.ql.io.parquet.serde.TestParquetTimestampsHive2Compatibility" time="0"/>
  <testcase name="testWriteHive2ReadHive2(String)[575]" classname="org.apache.hadoop.hive.ql.io.parquet.serde.TestParquetTimestampsHive2Compatibility" time="0"/>
  <testcase name="testWriteHive2ReadHive2(String)[576]" classname="org.apache.hadoop.hive.ql.io.parquet.serde.TestParquetTimestampsHive2Compatibility" time="0"/>
  <testcase name="testWriteHive2ReadHive2(String)[577]" classname="org.apache.hadoop.hive.ql.io.parquet.serde.TestParquetTimestampsHive2Compatibility" time="0"/>
  <testcase name="testWriteHive2ReadHive2(String)[578]" classname="org.apache.hadoop.hive.ql.io.parquet.serde.TestParquetTimestampsHive2Compatibility" time="0"/>
  <testcase name="testWriteHive2ReadHive2(String)[579]" classname="org.apache.hadoop.hive.ql.io.parquet.serde.TestParquetTimestampsHive2Compatibility" time="0"/>
  <testcase name="testWriteHive2ReadHive2(String)[580]" classname="org.apache.hadoop.hive.ql.io.parquet.serde.TestParquetTimestampsHive2Compatibility" time="0"/>
  <testcase name="testWriteHive2ReadHive2(String)[581]" classname="org.apache.hadoop.hive.ql.io.parquet.serde.TestParquetTimestampsHive2Compatibility" time="0"/>
  <testcase name="testWriteHive2ReadHive2(String)[582]" classname="org.apache.hadoop.hive.ql.io.parquet.serde.TestParquetTimestampsHive2Compatibility" time="0"/>
  <testcase name="testWriteHive2ReadHive2(String)[583]" classname="org.apache.hadoop.hive.ql.io.parquet.serde.TestParquetTimestampsHive2Compatibility" time="0"/>
  <testcase name="testWriteHive2ReadHive2(String)[584]" classname="org.apache.hadoop.hive.ql.io.parquet.serde.TestParquetTimestampsHive2Compatibility" time="0"/>
  <testcase name="testWriteHive2ReadHive2(String)[585]" classname="org.apache.hadoop.hive.ql.io.parquet.serde.TestParquetTimestampsHive2Compatibility" time="0"/>
  <testcase name="testWriteHive2ReadHive2(String)[586]" classname="org.apache.hadoop.hive.ql.io.parquet.serde.TestParquetTimestampsHive2Compatibility" time="0"/>
  <testcase name="testWriteHive2ReadHive2(String)[587]" classname="org.apache.hadoop.hive.ql.io.parquet.serde.TestParquetTimestampsHive2Compatibility" time="0"/>
  <testcase name="testWriteHive2ReadHive2(String)[588]" classname="org.apache.hadoop.hive.ql.io.parquet.serde.TestParquetTimestampsHive2Compatibility" time="0"/>
  <testcase name="testWriteHive2ReadHive2(String)[589]" classname="org.apache.hadoop.hive.ql.io.parquet.serde.TestParquetTimestampsHive2Compatibility" time="0"/>
  <testcase name="testWriteHive2ReadHive2(String)[590]" classname="org.apache.hadoop.hive.ql.io.parquet.serde.TestParquetTimestampsHive2Compatibility" time="0"/>
  <testcase name="testWriteHive2ReadHive2(String)[591]" classname="org.apache.hadoop.hive.ql.io.parquet.serde.TestParquetTimestampsHive2Compatibility" time="0"/>
  <testcase name="testWriteHive2ReadHive2(String)[592]" classname="org.apache.hadoop.hive.ql.io.parquet.serde.TestParquetTimestampsHive2Compatibility" time="0"/>
  <testcase name="testWriteHive2ReadHive2(String)[593]" classname="org.apache.hadoop.hive.ql.io.parquet.serde.TestParquetTimestampsHive2Compatibility" time="0"/>
  <testcase name="testWriteHive2ReadHive2(String)[594]" classname="org.apache.hadoop.hive.ql.io.parquet.serde.TestParquetTimestampsHive2Compatibility" time="0"/>
  <testcase name="testWriteHive2ReadHive2(String)[595]" classname="org.apache.hadoop.hive.ql.io.parquet.serde.TestParquetTimestampsHive2Compatibility" time="0"/>
  <testcase name="testWriteHive2ReadHive2(String)[596]" classname="org.apache.hadoop.hive.ql.io.parquet.serde.TestParquetTimestampsHive2Compatibility" time="0"/>
  <testcase name="testWriteHive2ReadHive2(String)[597]" classname="org.apache.hadoop.hive.ql.io.parquet.serde.TestParquetTimestampsHive2Compatibility" time="0"/>
  <testcase name="testWriteHive2ReadHive2(String)[598]" classname="org.apache.hadoop.hive.ql.io.parquet.serde.TestParquetTimestampsHive2Compatibility" time="0"/>
  <testcase name="testWriteHive2ReadHive2(String)[599]" classname="org.apache.hadoop.hive.ql.io.parquet.serde.TestParquetTimestampsHive2Compatibility" time="0"/>
  <testcase name="testWriteHive2ReadHive2(String)[600]" classname="org.apache.hadoop.hive.ql.io.parquet.serde.TestParquetTimestampsHive2Compatibility" time="0"/>
  <testcase name="testWriteHive2ReadHive2(String)[601]" classname="org.apache.hadoop.hive.ql.io.parquet.serde.TestParquetTimestampsHive2Compatibility" time="0"/>
  <testcase name="testWriteHive2ReadHive2(String)[602]" classname="org.apache.hadoop.hive.ql.io.parquet.serde.TestParquetTimestampsHive2Compatibility" time="0"/>
  <testcase name="testWriteHive2ReadHive2(String)[603]" classname="org.apache.hadoop.hive.ql.io.parquet.serde.TestParquetTimestampsHive2Compatibility" time="0"/>
  <testcase name="testWriteHive2ReadHive2(String)[604]" classname="org.apache.hadoop.hive.ql.io.parquet.serde.TestParquetTimestampsHive2Compatibility" time="0"/>
  <testcase name="testWriteHive2ReadHive2(String)[605]" classname="org.apache.hadoop.hive.ql.io.parquet.serde.TestParquetTimestampsHive2Compatibility" time="0"/>
  <testcase name="testWriteHive2ReadHive2(String)[606]" classname="org.apache.hadoop.hive.ql.io.parquet.serde.TestParquetTimestampsHive2Compatibility" time="0"/>
  <testcase name="testWriteHive2ReadHive2(String)[607]" classname="org.apache.hadoop.hive.ql.io.parquet.serde.TestParquetTimestampsHive2Compatibility" time="0"/>
  <testcase name="testWriteHive2ReadHive2(String)[608]" classname="org.apache.hadoop.hive.ql.io.parquet.serde.TestParquetTimestampsHive2Compatibility" time="0"/>
  <testcase name="testWriteHive2ReadHive2(String)[609]" classname="org.apache.hadoop.hive.ql.io.parquet.serde.TestParquetTimestampsHive2Compatibility" time="0"/>
  <testcase name="testWriteHive2ReadHive2(String)[610]" classname="org.apache.hadoop.hive.ql.io.parquet.serde.TestParquetTimestampsHive2Compatibility" time="0"/>
  <testcase name="testWriteHive2ReadHive2(String)[611]" classname="org.apache.hadoop.hive.ql.io.parquet.serde.TestParquetTimestampsHive2Compatibility" time="0"/>
  <testcase name="testWriteHive2ReadHive2(String)[612]" classname="org.apache.hadoop.hive.ql.io.parquet.serde.TestParquetTimestampsHive2Compatibility" time="0"/>
  <testcase name="testWriteHive2ReadHive2(String)[613]" classname="org.apache.hadoop.hive.ql.io.parquet.serde.TestParquetTimestampsHive2Compatibility" time="0"/>
  <testcase name="testWriteHive2ReadHive2(String)[614]" classname="org.apache.hadoop.hive.ql.io.parquet.serde.TestParquetTimestampsHive2Compatibility" time="0"/>
  <testcase name="testWriteHive2ReadHive2(String)[615]" classname="org.apache.hadoop.hive.ql.io.parquet.serde.TestParquetTimestampsHive2Compatibility" time="0.001"/>
  <testcase name="testWriteHive2ReadHive2(String)[616]" classname="org.apache.hadoop.hive.ql.io.parquet.serde.TestParquetTimestampsHive2Compatibility" time="0"/>
  <testcase name="testWriteHive2ReadHive2(String)[617]" classname="org.apache.hadoop.hive.ql.io.parquet.serde.TestParquetTimestampsHive2Compatibility" time="0"/>
  <testcase name="testWriteHive2ReadHive2(String)[618]" classname="org.apache.hadoop.hive.ql.io.parquet.serde.TestParquetTimestampsHive2Compatibility" time="0"/>
  <testcase name="testWriteHive2ReadHive2(String)[619]" classname="org.apache.hadoop.hive.ql.io.parquet.serde.TestParquetTimestampsHive2Compatibility" time="0"/>
  <testcase name="testWriteHive2ReadHive2(String)[620]" classname="org.apache.hadoop.hive.ql.io.parquet.serde.TestParquetTimestampsHive2Compatibility" time="0"/>
  <testcase name="testWriteHive2ReadHive2(String)[621]" classname="org.apache.hadoop.hive.ql.io.parquet.serde.TestParquetTimestampsHive2Compatibility" time="0"/>
  <testcase name="testWriteHive2ReadHive2(String)[622]" classname="org.apache.hadoop.hive.ql.io.parquet.serde.TestParquetTimestampsHive2Compatibility" time="0"/>
  <testcase name="testWriteHive2ReadHive2(String)[623]" classname="org.apache.hadoop.hive.ql.io.parquet.serde.TestParquetTimestampsHive2Compatibility" time="0"/>
  <testcase name="testWriteHive2ReadHive2(String)[624]" classname="org.apache.hadoop.hive.ql.io.parquet.serde.TestParquetTimestampsHive2Compatibility" time="0"/>
  <testcase name="testWriteHive2ReadHive2(String)[625]" classname="org.apache.hadoop.hive.ql.io.parquet.serde.TestParquetTimestampsHive2Compatibility" time="0"/>
  <testcase name="testWriteHive2ReadHive2(String)[626]" classname="org.apache.hadoop.hive.ql.io.parquet.serde.TestParquetTimestampsHive2Compatibility" time="0"/>
  <testcase name="testWriteHive2ReadHive2(String)[627]" classname="org.apache.hadoop.hive.ql.io.parquet.serde.TestParquetTimestampsHive2Compatibility" time="0"/>
  <testcase name="testWriteHive2ReadHive2(String)[628]" classname="org.apache.hadoop.hive.ql.io.parquet.serde.TestParquetTimestampsHive2Compatibility" time="0"/>
  <testcase name="testWriteHive2ReadHive2(String)[629]" classname="org.apache.hadoop.hive.ql.io.parquet.serde.TestParquetTimestampsHive2Compatibility" time="0"/>
  <testcase name="testWriteHive2ReadHive2(String)[630]" classname="org.apache.hadoop.hive.ql.io.parquet.serde.TestParquetTimestampsHive2Compatibility" time="0"/>
  <testcase name="testWriteHive2ReadHive2(String)[631]" classname="org.apache.hadoop.hive.ql.io.parquet.serde.TestParquetTimestampsHive2Compatibility" time="0"/>
  <testcase name="testWriteHive2ReadHive2(String)[632]" classname="org.apache.hadoop.hive.ql.io.parquet.serde.TestParquetTimestampsHive2Compatibility" time="0"/>
  <testcase name="testWriteHive2ReadHive2(String)[633]" classname="org.apache.hadoop.hive.ql.io.parquet.serde.TestParquetTimestampsHive2Compatibility" time="0"/>
  <testcase name="testWriteHive2ReadHive2(String)[634]" classname="org.apache.hadoop.hive.ql.io.parquet.serde.TestParquetTimestampsHive2Compatibility" time="0.001"/>
  <testcase name="testWriteHive2ReadHive2(String)[635]" classname="org.apache.hadoop.hive.ql.io.parquet.serde.TestParquetTimestampsHive2Compatibility" time="0"/>
  <testcase name="testWriteHive2ReadHive2(String)[636]" classname="org.apache.hadoop.hive.ql.io.parquet.serde.TestParquetTimestampsHive2Compatibility" time="0"/>
  <testcase name="testWriteHive2ReadHive2(String)[637]" classname="org.apache.hadoop.hive.ql.io.parquet.serde.TestParquetTimestampsHive2Compatibility" time="0"/>
  <testcase name="testWriteHive2ReadHive2(String)[638]" classname="org.apache.hadoop.hive.ql.io.parquet.serde.TestParquetTimestampsHive2Compatibility" time="0"/>
  <testcase name="testWriteHive2ReadHive2(String)[639]" classname="org.apache.hadoop.hive.ql.io.parquet.serde.TestParquetTimestampsHive2Compatibility" time="0"/>
  <testcase name="testWriteHive2ReadHive2(String)[640]" classname="org.apache.hadoop.hive.ql.io.parquet.serde.TestParquetTimestampsHive2Compatibility" time="0"/>
  <testcase name="testWriteHive2ReadHive2(String)[641]" classname="org.apache.hadoop.hive.ql.io.parquet.serde.TestParquetTimestampsHive2Compatibility" time="0"/>
  <testcase name="testWriteHive2ReadHive2(String)[642]" classname="org.apache.hadoop.hive.ql.io.parquet.serde.TestParquetTimestampsHive2Compatibility" time="0"/>
  <testcase name="testWriteHive2ReadHive2(String)[643]" classname="org.apache.hadoop.hive.ql.io.parquet.serde.TestParquetTimestampsHive2Compatibility" time="0.001"/>
  <testcase name="testWriteHive2ReadHive2(String)[644]" classname="org.apache.hadoop.hive.ql.io.parquet.serde.TestParquetTimestampsHive2Compatibility" time="0"/>
  <testcase name="testWriteHive2ReadHive2(String)[645]" classname="org.apache.hadoop.hive.ql.io.parquet.serde.TestParquetTimestampsHive2Compatibility" time="0"/>
  <testcase name="testWriteHive2ReadHive2(String)[646]" classname="org.apache.hadoop.hive.ql.io.parquet.serde.TestParquetTimestampsHive2Compatibility" time="0"/>
  <testcase name="testWriteHive2ReadHive2(String)[647]" classname="org.apache.hadoop.hive.ql.io.parquet.serde.TestParquetTimestampsHive2Compatibility" time="0"/>
  <testcase name="testWriteHive2ReadHive2(String)[648]" classname="org.apache.hadoop.hive.ql.io.parquet.serde.TestParquetTimestampsHive2Compatibility" time="0"/>
  <testcase name="testWriteHive2ReadHive2(String)[649]" classname="org.apache.hadoop.hive.ql.io.parquet.serde.TestParquetTimestampsHive2Compatibility" time="0"/>
  <testcase name="testWriteHive2ReadHive2(String)[650]" classname="org.apache.hadoop.hive.ql.io.parquet.serde.TestParquetTimestampsHive2Compatibility" time="0"/>
  <testcase name="testWriteHive2ReadHive2(String)[651]" classname="org.apache.hadoop.hive.ql.io.parquet.serde.TestParquetTimestampsHive2Compatibility" time="0"/>
  <testcase name="testWriteHive2ReadHive2(String)[652]" classname="org.apache.hadoop.hive.ql.io.parquet.serde.TestParquetTimestampsHive2Compatibility" time="0"/>
  <testcase name="testWriteHive2ReadHive2(String)[653]" classname="org.apache.hadoop.hive.ql.io.parquet.serde.TestParquetTimestampsHive2Compatibility" time="0"/>
  <testcase name="testWriteHive2ReadHive2(String)[654]" classname="org.apache.hadoop.hive.ql.io.parquet.serde.TestParquetTimestampsHive2Compatibility" time="0"/>
  <testcase name="testWriteHive2ReadHive2(String)[655]" classname="org.apache.hadoop.hive.ql.io.parquet.serde.TestParquetTimestampsHive2Compatibility" time="0"/>
  <testcase name="testWriteHive2ReadHive2(String)[656]" classname="org.apache.hadoop.hive.ql.io.parquet.serde.TestParquetTimestampsHive2Compatibility" time="0"/>
  <testcase name="testWriteHive2ReadHive2(String)[657]" classname="org.apache.hadoop.hive.ql.io.parquet.serde.TestParquetTimestampsHive2Compatibility" time="0"/>
  <testcase name="testWriteHive2ReadHive2(String)[658]" classname="org.apache.hadoop.hive.ql.io.parquet.serde.TestParquetTimestampsHive2Compatibility" time="0"/>
  <testcase name="testWriteHive2ReadHive2(String)[659]" classname="org.apache.hadoop.hive.ql.io.parquet.serde.TestParquetTimestampsHive2Compatibility" time="0"/>
  <testcase name="testWriteHive2ReadHive2(String)[660]" classname="org.apache.hadoop.hive.ql.io.parquet.serde.TestParquetTimestampsHive2Compatibility" time="0"/>
  <testcase name="testWriteHive2ReadHive2(String)[661]" classname="org.apache.hadoop.hive.ql.io.parquet.serde.TestParquetTimestampsHive2Compatibility" time="0"/>
  <testcase name="testWriteHive2ReadHive2(String)[662]" classname="org.apache.hadoop.hive.ql.io.parquet.serde.TestParquetTimestampsHive2Compatibility" time="0"/>
  <testcase name="testWriteHive2ReadHive2(String)[663]" classname="org.apache.hadoop.hive.ql.io.parquet.serde.TestParquetTimestampsHive2Compatibility" time="0"/>
  <testcase name="testWriteHive2ReadHive2(String)[664]" classname="org.apache.hadoop.hive.ql.io.parquet.serde.TestParquetTimestampsHive2Compatibility" time="0"/>
  <testcase name="testWriteHive2ReadHive2(String)[665]" classname="org.apache.hadoop.hive.ql.io.parquet.serde.TestParquetTimestampsHive2Compatibility" time="0"/>
  <testcase name="testWriteHive2ReadHive2(String)[666]" classname="org.apache.hadoop.hive.ql.io.parquet.serde.TestParquetTimestampsHive2Compatibility" time="0"/>
  <testcase name="testWriteHive2ReadHive2(String)[667]" classname="org.apache.hadoop.hive.ql.io.parquet.serde.TestParquetTimestampsHive2Compatibility" time="0"/>
  <testcase name="testWriteHive2ReadHive2(String)[668]" classname="org.apache.hadoop.hive.ql.io.parquet.serde.TestParquetTimestampsHive2Compatibility" time="0"/>
  <testcase name="testWriteHive2ReadHive2(String)[669]" classname="org.apache.hadoop.hive.ql.io.parquet.serde.TestParquetTimestampsHive2Compatibility" time="0"/>
  <testcase name="testWriteHive2ReadHive2(String)[670]" classname="org.apache.hadoop.hive.ql.io.parquet.serde.TestParquetTimestampsHive2Compatibility" time="0"/>
  <testcase name="testWriteHive2ReadHive2(String)[671]" classname="org.apache.hadoop.hive.ql.io.parquet.serde.TestParquetTimestampsHive2Compatibility" time="0"/>
  <testcase name="testWriteHive2ReadHive2(String)[672]" classname="org.apache.hadoop.hive.ql.io.parquet.serde.TestParquetTimestampsHive2Compatibility" time="0"/>
  <testcase name="testWriteHive2ReadHive2(String)[673]" classname="org.apache.hadoop.hive.ql.io.parquet.serde.TestParquetTimestampsHive2Compatibility" time="0"/>
  <testcase name="testWriteHive2ReadHive2(String)[674]" classname="org.apache.hadoop.hive.ql.io.parquet.serde.TestParquetTimestampsHive2Compatibility" time="0"/>
  <testcase name="testWriteHive2ReadHive2(String)[675]" classname="org.apache.hadoop.hive.ql.io.parquet.serde.TestParquetTimestampsHive2Compatibility" time="0"/>
  <testcase name="testWriteHive2ReadHive2(String)[676]" classname="org.apache.hadoop.hive.ql.io.parquet.serde.TestParquetTimestampsHive2Compatibility" time="0"/>
  <testcase name="testWriteHive2ReadHive2(String)[677]" classname="org.apache.hadoop.hive.ql.io.parquet.serde.TestParquetTimestampsHive2Compatibility" time="0"/>
  <testcase name="testWriteHive2ReadHive2(String)[678]" classname="org.apache.hadoop.hive.ql.io.parquet.serde.TestParquetTimestampsHive2Compatibility" time="0"/>
  <testcase name="testWriteHive2ReadHive2(String)[679]" classname="org.apache.hadoop.hive.ql.io.parquet.serde.TestParquetTimestampsHive2Compatibility" time="0"/>
  <testcase name="testWriteHive2ReadHive2(String)[680]" classname="org.apache.hadoop.hive.ql.io.parquet.serde.TestParquetTimestampsHive2Compatibility" time="0"/>
  <testcase name="testWriteHive2ReadHive2(String)[681]" classname="org.apache.hadoop.hive.ql.io.parquet.serde.TestParquetTimestampsHive2Compatibility" time="0"/>
  <testcase name="testWriteHive2ReadHive2(String)[682]" classname="org.apache.hadoop.hive.ql.io.parquet.serde.TestParquetTimestampsHive2Compatibility" time="0"/>
  <testcase name="testWriteHive2ReadHive2(String)[683]" classname="org.apache.hadoop.hive.ql.io.parquet.serde.TestParquetTimestampsHive2Compatibility" time="0"/>
  <testcase name="testWriteHive2ReadHive2(String)[684]" classname="org.apache.hadoop.hive.ql.io.parquet.serde.TestParquetTimestampsHive2Compatibility" time="0"/>
  <testcase name="testWriteHive2ReadHive2(String)[685]" classname="org.apache.hadoop.hive.ql.io.parquet.serde.TestParquetTimestampsHive2Compatibility" time="0"/>
  <testcase name="testWriteHive2ReadHive2(String)[686]" classname="org.apache.hadoop.hive.ql.io.parquet.serde.TestParquetTimestampsHive2Compatibility" time="0"/>
  <testcase name="testWriteHive2ReadHive2(String)[687]" classname="org.apache.hadoop.hive.ql.io.parquet.serde.TestParquetTimestampsHive2Compatibility" time="0"/>
  <testcase name="testWriteHive2ReadHive2(String)[688]" classname="org.apache.hadoop.hive.ql.io.parquet.serde.TestParquetTimestampsHive2Compatibility" time="0"/>
  <testcase name="testWriteHive2ReadHive2(String)[689]" classname="org.apache.hadoop.hive.ql.io.parquet.serde.TestParquetTimestampsHive2Compatibility" time="0"/>
  <testcase name="testWriteHive2ReadHive2(String)[690]" classname="org.apache.hadoop.hive.ql.io.parquet.serde.TestParquetTimestampsHive2Compatibility" time="0"/>
  <testcase name="testWriteHive2ReadHive2(String)[691]" classname="org.apache.hadoop.hive.ql.io.parquet.serde.TestParquetTimestampsHive2Compatibility" time="0"/>
  <testcase name="testWriteHive2ReadHive2(String)[692]" classname="org.apache.hadoop.hive.ql.io.parquet.serde.TestParquetTimestampsHive2Compatibility" time="0"/>
  <testcase name="testWriteHive2ReadHive2(String)[693]" classname="org.apache.hadoop.hive.ql.io.parquet.serde.TestParquetTimestampsHive2Compatibility" time="0"/>
  <testcase name="testWriteHive2ReadHive2(String)[694]" classname="org.apache.hadoop.hive.ql.io.parquet.serde.TestParquetTimestampsHive2Compatibility" time="0"/>
  <testcase name="testWriteHive2ReadHive2(String)[695]" classname="org.apache.hadoop.hive.ql.io.parquet.serde.TestParquetTimestampsHive2Compatibility" time="0"/>
  <testcase name="testWriteHive2ReadHive2(String)[696]" classname="org.apache.hadoop.hive.ql.io.parquet.serde.TestParquetTimestampsHive2Compatibility" time="0"/>
  <testcase name="testWriteHive2ReadHive2(String)[697]" classname="org.apache.hadoop.hive.ql.io.parquet.serde.TestParquetTimestampsHive2Compatibility" time="0"/>
  <testcase name="testWriteHive2ReadHive2(String)[698]" classname="org.apache.hadoop.hive.ql.io.parquet.serde.TestParquetTimestampsHive2Compatibility" time="0.001"/>
  <testcase name="testWriteHive2ReadHive2(String)[699]" classname="org.apache.hadoop.hive.ql.io.parquet.serde.TestParquetTimestampsHive2Compatibility" time="0"/>
  <testcase name="testWriteHive2ReadHive2(String)[700]" classname="org.apache.hadoop.hive.ql.io.parquet.serde.TestParquetTimestampsHive2Compatibility" time="0"/>
  <testcase name="testWriteHive2ReadHive2(String)[701]" classname="org.apache.hadoop.hive.ql.io.parquet.serde.TestParquetTimestampsHive2Compatibility" time="0"/>
  <testcase name="testWriteHive2ReadHive2(String)[702]" classname="org.apache.hadoop.hive.ql.io.parquet.serde.TestParquetTimestampsHive2Compatibility" time="0"/>
  <testcase name="testWriteHive2ReadHive2(String)[703]" classname="org.apache.hadoop.hive.ql.io.parquet.serde.TestParquetTimestampsHive2Compatibility" time="0"/>
  <testcase name="testWriteHive2ReadHive2(String)[704]" classname="org.apache.hadoop.hive.ql.io.parquet.serde.TestParquetTimestampsHive2Compatibility" time="0"/>
  <testcase name="testWriteHive2ReadHive2(String)[705]" classname="org.apache.hadoop.hive.ql.io.parquet.serde.TestParquetTimestampsHive2Compatibility" time="0"/>
  <testcase name="testWriteHive2ReadHive2(String)[706]" classname="org.apache.hadoop.hive.ql.io.parquet.serde.TestParquetTimestampsHive2Compatibility" time="0"/>
  <testcase name="testWriteHive2ReadHive2(String)[707]" classname="org.apache.hadoop.hive.ql.io.parquet.serde.TestParquetTimestampsHive2Compatibility" time="0"/>
  <testcase name="testWriteHive2ReadHive2(String)[708]" classname="org.apache.hadoop.hive.ql.io.parquet.serde.TestParquetTimestampsHive2Compatibility" time="0"/>
  <testcase name="testWriteHive2ReadHive2(String)[709]" classname="org.apache.hadoop.hive.ql.io.parquet.serde.TestParquetTimestampsHive2Compatibility" time="0"/>
  <testcase name="testWriteHive2ReadHive2(String)[710]" classname="org.apache.hadoop.hive.ql.io.parquet.serde.TestParquetTimestampsHive2Compatibility" time="0"/>
  <testcase name="testWriteHive2ReadHive2(String)[711]" classname="org.apache.hadoop.hive.ql.io.parquet.serde.TestParquetTimestampsHive2Compatibility" time="0"/>
  <testcase name="testWriteHive2ReadHive2(String)[712]" classname="org.apache.hadoop.hive.ql.io.parquet.serde.TestParquetTimestampsHive2Compatibility" time="0"/>
  <testcase name="testWriteHive2ReadHive2(String)[713]" classname="org.apache.hadoop.hive.ql.io.parquet.serde.TestParquetTimestampsHive2Compatibility" time="0"/>
  <testcase name="testWriteHive2ReadHive2(String)[714]" classname="org.apache.hadoop.hive.ql.io.parquet.serde.TestParquetTimestampsHive2Compatibility" time="0"/>
  <testcase name="testWriteHive2ReadHive2(String)[715]" classname="org.apache.hadoop.hive.ql.io.parquet.serde.TestParquetTimestampsHive2Compatibility" time="0"/>
  <testcase name="testWriteHive2ReadHive2(String)[716]" classname="org.apache.hadoop.hive.ql.io.parquet.serde.TestParquetTimestampsHive2Compatibility" time="0"/>
  <testcase name="testWriteHive2ReadHive2(String)[717]" classname="org.apache.hadoop.hive.ql.io.parquet.serde.TestParquetTimestampsHive2Compatibility" time="0"/>
  <testcase name="testWriteHive2ReadHive2(String)[718]" classname="org.apache.hadoop.hive.ql.io.parquet.serde.TestParquetTimestampsHive2Compatibility" time="0"/>
  <testcase name="testWriteHive2ReadHive2(String)[719]" classname="org.apache.hadoop.hive.ql.io.parquet.serde.TestParquetTimestampsHive2Compatibility" time="0"/>
  <testcase name="testWriteHive2ReadHive2(String)[720]" classname="org.apache.hadoop.hive.ql.io.parquet.serde.TestParquetTimestampsHive2Compatibility" time="0"/>
  <testcase name="testWriteHive2ReadHive2(String)[721]" classname="org.apache.hadoop.hive.ql.io.parquet.serde.TestParquetTimestampsHive2Compatibility" time="0"/>
  <testcase name="testWriteHive2ReadHive2(String)[722]" classname="org.apache.hadoop.hive.ql.io.parquet.serde.TestParquetTimestampsHive2Compatibility" time="0"/>
  <testcase name="testWriteHive2ReadHive2(String)[723]" classname="org.apache.hadoop.hive.ql.io.parquet.serde.TestParquetTimestampsHive2Compatibility" time="0"/>
  <testcase name="testWriteHive2ReadHive2(String)[724]" classname="org.apache.hadoop.hive.ql.io.parquet.serde.TestParquetTimestampsHive2Compatibility" time="0"/>
  <testcase name="testWriteHive2ReadHive2(String)[725]" classname="org.apache.hadoop.hive.ql.io.parquet.serde.TestParquetTimestampsHive2Compatibility" time="0.001"/>
  <testcase name="testWriteHive2ReadHive2(String)[726]" classname="org.apache.hadoop.hive.ql.io.parquet.serde.TestParquetTimestampsHive2Compatibility" time="0"/>
  <testcase name="testWriteHive2ReadHive2(String)[727]" classname="org.apache.hadoop.hive.ql.io.parquet.serde.TestParquetTimestampsHive2Compatibility" time="0"/>
  <testcase name="testWriteHive2ReadHive2(String)[728]" classname="org.apache.hadoop.hive.ql.io.parquet.serde.TestParquetTimestampsHive2Compatibility" time="0"/>
  <testcase name="testWriteHive2ReadHive2(String)[729]" classname="org.apache.hadoop.hive.ql.io.parquet.serde.TestParquetTimestampsHive2Compatibility" time="0"/>
  <testcase name="testWriteHive2ReadHive2(String)[730]" classname="org.apache.hadoop.hive.ql.io.parquet.serde.TestParquetTimestampsHive2Compatibility" time="0"/>
  <testcase name="testWriteHive2ReadHive2(String)[731]" classname="org.apache.hadoop.hive.ql.io.parquet.serde.TestParquetTimestampsHive2Compatibility" time="0"/>
  <testcase name="testWriteHive2ReadHive2(String)[732]" classname="org.apache.hadoop.hive.ql.io.parquet.serde.TestParquetTimestampsHive2Compatibility" time="0"/>
  <testcase name="testWriteHive2ReadHive2(String)[733]" classname="org.apache.hadoop.hive.ql.io.parquet.serde.TestParquetTimestampsHive2Compatibility" time="0"/>
  <testcase name="testWriteHive2ReadHive2(String)[734]" classname="org.apache.hadoop.hive.ql.io.parquet.serde.TestParquetTimestampsHive2Compatibility" time="0"/>
  <testcase name="testWriteHive2ReadHive2(String)[735]" classname="org.apache.hadoop.hive.ql.io.parquet.serde.TestParquetTimestampsHive2Compatibility" time="0"/>
  <testcase name="testWriteHive2ReadHive2(String)[736]" classname="org.apache.hadoop.hive.ql.io.parquet.serde.TestParquetTimestampsHive2Compatibility" time="0"/>
  <testcase name="testWriteHive2ReadHive2(String)[737]" classname="org.apache.hadoop.hive.ql.io.parquet.serde.TestParquetTimestampsHive2Compatibility" time="0"/>
  <testcase name="testWriteHive2ReadHive2(String)[738]" classname="org.apache.hadoop.hive.ql.io.parquet.serde.TestParquetTimestampsHive2Compatibility" time="0"/>
  <testcase name="testWriteHive2ReadHive2(String)[739]" classname="org.apache.hadoop.hive.ql.io.parquet.serde.TestParquetTimestampsHive2Compatibility" time="0"/>
  <testcase name="testWriteHive2ReadHive2(String)[740]" classname="org.apache.hadoop.hive.ql.io.parquet.serde.TestParquetTimestampsHive2Compatibility" time="0"/>
  <testcase name="testWriteHive2ReadHive2(String)[741]" classname="org.apache.hadoop.hive.ql.io.parquet.serde.TestParquetTimestampsHive2Compatibility" time="0"/>
  <testcase name="testWriteHive2ReadHive2(String)[742]" classname="org.apache.hadoop.hive.ql.io.parquet.serde.TestParquetTimestampsHive2Compatibility" time="0"/>
  <testcase name="testWriteHive2ReadHive2(String)[743]" classname="org.apache.hadoop.hive.ql.io.parquet.serde.TestParquetTimestampsHive2Compatibility" time="0"/>
  <testcase name="testWriteHive2ReadHive2(String)[744]" classname="org.apache.hadoop.hive.ql.io.parquet.serde.TestParquetTimestampsHive2Compatibility" time="0"/>
  <testcase name="testWriteHive2ReadHive2(String)[745]" classname="org.apache.hadoop.hive.ql.io.parquet.serde.TestParquetTimestampsHive2Compatibility" time="0"/>
  <testcase name="testWriteHive2ReadHive2(String)[746]" classname="org.apache.hadoop.hive.ql.io.parquet.serde.TestParquetTimestampsHive2Compatibility" time="0"/>
  <testcase name="testWriteHive2ReadHive2(String)[747]" classname="org.apache.hadoop.hive.ql.io.parquet.serde.TestParquetTimestampsHive2Compatibility" time="0"/>
  <testcase name="testWriteHive2ReadHive2(String)[748]" classname="org.apache.hadoop.hive.ql.io.parquet.serde.TestParquetTimestampsHive2Compatibility" time="0"/>
  <testcase name="testWriteHive2ReadHive2(String)[749]" classname="org.apache.hadoop.hive.ql.io.parquet.serde.TestParquetTimestampsHive2Compatibility" time="0"/>
  <testcase name="testWriteHive2ReadHive2(String)[750]" classname="org.apache.hadoop.hive.ql.io.parquet.serde.TestParquetTimestampsHive2Compatibility" time="0"/>
  <testcase name="testWriteHive2ReadHive2(String)[751]" classname="org.apache.hadoop.hive.ql.io.parquet.serde.TestParquetTimestampsHive2Compatibility" time="0"/>
  <testcase name="testWriteHive2ReadHive2(String)[752]" classname="org.apache.hadoop.hive.ql.io.parquet.serde.TestParquetTimestampsHive2Compatibility" time="0"/>
  <testcase name="testWriteHive2ReadHive2(String)[753]" classname="org.apache.hadoop.hive.ql.io.parquet.serde.TestParquetTimestampsHive2Compatibility" time="0"/>
  <testcase name="testWriteHive2ReadHive2(String)[754]" classname="org.apache.hadoop.hive.ql.io.parquet.serde.TestParquetTimestampsHive2Compatibility" time="0"/>
  <testcase name="testWriteHive2ReadHive2(String)[755]" classname="org.apache.hadoop.hive.ql.io.parquet.serde.TestParquetTimestampsHive2Compatibility" time="0"/>
  <testcase name="testWriteHive2ReadHive2(String)[756]" classname="org.apache.hadoop.hive.ql.io.parquet.serde.TestParquetTimestampsHive2Compatibility" time="0"/>
  <testcase name="testWriteHive2ReadHive2(String)[757]" classname="org.apache.hadoop.hive.ql.io.parquet.serde.TestParquetTimestampsHive2Compatibility" time="0"/>
  <testcase name="testWriteHive2ReadHive2(String)[758]" classname="org.apache.hadoop.hive.ql.io.parquet.serde.TestParquetTimestampsHive2Compatibility" time="0"/>
  <testcase name="testWriteHive2ReadHive2(String)[759]" classname="org.apache.hadoop.hive.ql.io.parquet.serde.TestParquetTimestampsHive2Compatibility" time="0"/>
  <testcase name="testWriteHive2ReadHive2(String)[760]" classname="org.apache.hadoop.hive.ql.io.parquet.serde.TestParquetTimestampsHive2Compatibility" time="0"/>
  <testcase name="testWriteHive2ReadHive2(String)[761]" classname="org.apache.hadoop.hive.ql.io.parquet.serde.TestParquetTimestampsHive2Compatibility" time="0"/>
  <testcase name="testWriteHive2ReadHive2(String)[762]" classname="org.apache.hadoop.hive.ql.io.parquet.serde.TestParquetTimestampsHive2Compatibility" time="0.001"/>
  <testcase name="testWriteHive2ReadHive2(String)[763]" classname="org.apache.hadoop.hive.ql.io.parquet.serde.TestParquetTimestampsHive2Compatibility" time="0"/>
  <testcase name="testWriteHive2ReadHive2(String)[764]" classname="org.apache.hadoop.hive.ql.io.parquet.serde.TestParquetTimestampsHive2Compatibility" time="0"/>
  <testcase name="testWriteHive2ReadHive2(String)[765]" classname="org.apache.hadoop.hive.ql.io.parquet.serde.TestParquetTimestampsHive2Compatibility" time="0"/>
  <testcase name="testWriteHive2ReadHive2(String)[766]" classname="org.apache.hadoop.hive.ql.io.parquet.serde.TestParquetTimestampsHive2Compatibility" time="0"/>
  <testcase name="testWriteHive2ReadHive2(String)[767]" classname="org.apache.hadoop.hive.ql.io.parquet.serde.TestParquetTimestampsHive2Compatibility" time="0"/>
  <testcase name="testWriteHive2ReadHive2(String)[768]" classname="org.apache.hadoop.hive.ql.io.parquet.serde.TestParquetTimestampsHive2Compatibility" time="0"/>
  <testcase name="testWriteHive2ReadHive2(String)[769]" classname="org.apache.hadoop.hive.ql.io.parquet.serde.TestParquetTimestampsHive2Compatibility" time="0"/>
  <testcase name="testWriteHive2ReadHive2(String)[770]" classname="org.apache.hadoop.hive.ql.io.parquet.serde.TestParquetTimestampsHive2Compatibility" time="0"/>
  <testcase name="testWriteHive2ReadHive2(String)[771]" classname="org.apache.hadoop.hive.ql.io.parquet.serde.TestParquetTimestampsHive2Compatibility" time="0"/>
  <testcase name="testWriteHive2ReadHive2(String)[772]" classname="org.apache.hadoop.hive.ql.io.parquet.serde.TestParquetTimestampsHive2Compatibility" time="0"/>
  <testcase name="testWriteHive2ReadHive2(String)[773]" classname="org.apache.hadoop.hive.ql.io.parquet.serde.TestParquetTimestampsHive2Compatibility" time="0"/>
  <testcase name="testWriteHive2ReadHive2(String)[774]" classname="org.apache.hadoop.hive.ql.io.parquet.serde.TestParquetTimestampsHive2Compatibility" time="0"/>
  <testcase name="testWriteHive2ReadHive2(String)[775]" classname="org.apache.hadoop.hive.ql.io.parquet.serde.TestParquetTimestampsHive2Compatibility" time="0"/>
  <testcase name="testWriteHive2ReadHive2(String)[776]" classname="org.apache.hadoop.hive.ql.io.parquet.serde.TestParquetTimestampsHive2Compatibility" time="0"/>
  <testcase name="testWriteHive2ReadHive2(String)[777]" classname="org.apache.hadoop.hive.ql.io.parquet.serde.TestParquetTimestampsHive2Compatibility" time="0"/>
  <testcase name="testWriteHive2ReadHive2(String)[778]" classname="org.apache.hadoop.hive.ql.io.parquet.serde.TestParquetTimestampsHive2Compatibility" time="0"/>
  <testcase name="testWriteHive2ReadHive2(String)[779]" classname="org.apache.hadoop.hive.ql.io.parquet.serde.TestParquetTimestampsHive2Compatibility" time="0.001"/>
  <testcase name="testWriteHive2ReadHive2(String)[780]" classname="org.apache.hadoop.hive.ql.io.parquet.serde.TestParquetTimestampsHive2Compatibility" time="0"/>
  <testcase name="testWriteHive2ReadHive2(String)[781]" classname="org.apache.hadoop.hive.ql.io.parquet.serde.TestParquetTimestampsHive2Compatibility" time="0"/>
  <testcase name="testWriteHive2ReadHive2(String)[782]" classname="org.apache.hadoop.hive.ql.io.parquet.serde.TestParquetTimestampsHive2Compatibility" time="0"/>
  <testcase name="testWriteHive2ReadHive2(String)[783]" classname="org.apache.hadoop.hive.ql.io.parquet.serde.TestParquetTimestampsHive2Compatibility" time="0"/>
  <testcase name="testWriteHive2ReadHive2(String)[784]" classname="org.apache.hadoop.hive.ql.io.parquet.serde.TestParquetTimestampsHive2Compatibility" time="0"/>
  <testcase name="testWriteHive2ReadHive2(String)[785]" classname="org.apache.hadoop.hive.ql.io.parquet.serde.TestParquetTimestampsHive2Compatibility" time="0"/>
  <testcase name="testWriteHive2ReadHive2(String)[786]" classname="org.apache.hadoop.hive.ql.io.parquet.serde.TestParquetTimestampsHive2Compatibility" time="0"/>
  <testcase name="testWriteHive2ReadHive2(String)[787]" classname="org.apache.hadoop.hive.ql.io.parquet.serde.TestParquetTimestampsHive2Compatibility" time="0"/>
  <testcase name="testWriteHive2ReadHive2(String)[788]" classname="org.apache.hadoop.hive.ql.io.parquet.serde.TestParquetTimestampsHive2Compatibility" time="0.001"/>
  <testcase name="testWriteHive2ReadHive2(String)[789]" classname="org.apache.hadoop.hive.ql.io.parquet.serde.TestParquetTimestampsHive2Compatibility" time="0"/>
  <testcase name="testWriteHive2ReadHive2(String)[790]" classname="org.apache.hadoop.hive.ql.io.parquet.serde.TestParquetTimestampsHive2Compatibility" time="0"/>
  <testcase name="testWriteHive2ReadHive2(String)[791]" classname="org.apache.hadoop.hive.ql.io.parquet.serde.TestParquetTimestampsHive2Compatibility" time="0"/>
  <testcase name="testWriteHive2ReadHive2(String)[792]" classname="org.apache.hadoop.hive.ql.io.parquet.serde.TestParquetTimestampsHive2Compatibility" time="0"/>
  <testcase name="testWriteHive2ReadHive2(String)[793]" classname="org.apache.hadoop.hive.ql.io.parquet.serde.TestParquetTimestampsHive2Compatibility" time="0"/>
  <testcase name="testWriteHive2ReadHive2(String)[794]" classname="org.apache.hadoop.hive.ql.io.parquet.serde.TestParquetTimestampsHive2Compatibility" time="0"/>
  <testcase name="testWriteHive2ReadHive2(String)[795]" classname="org.apache.hadoop.hive.ql.io.parquet.serde.TestParquetTimestampsHive2Compatibility" time="0"/>
  <testcase name="testWriteHive2ReadHive2(String)[796]" classname="org.apache.hadoop.hive.ql.io.parquet.serde.TestParquetTimestampsHive2Compatibility" time="0"/>
  <testcase name="testWriteHive2ReadHive2(String)[797]" classname="org.apache.hadoop.hive.ql.io.parquet.serde.TestParquetTimestampsHive2Compatibility" time="0"/>
  <testcase name="testWriteHive2ReadHive2(String)[798]" classname="org.apache.hadoop.hive.ql.io.parquet.serde.TestParquetTimestampsHive2Compatibility" time="0"/>
  <testcase name="testWriteHive2ReadHive2(String)[799]" classname="org.apache.hadoop.hive.ql.io.parquet.serde.TestParquetTimestampsHive2Compatibility" time="0"/>
  <testcase name="testWriteHive2ReadHive2(String)[800]" classname="org.apache.hadoop.hive.ql.io.parquet.serde.TestParquetTimestampsHive2Compatibility" time="0"/>
  <testcase name="testWriteHive2ReadHive2(String)[801]" classname="org.apache.hadoop.hive.ql.io.parquet.serde.TestParquetTimestampsHive2Compatibility" time="0"/>
  <testcase name="testWriteHive2ReadHive2(String)[802]" classname="org.apache.hadoop.hive.ql.io.parquet.serde.TestParquetTimestampsHive2Compatibility" time="0"/>
  <testcase name="testWriteHive2ReadHive2(String)[803]" classname="org.apache.hadoop.hive.ql.io.parquet.serde.TestParquetTimestampsHive2Compatibility" time="0"/>
  <testcase name="testWriteHive2ReadHive2(String)[804]" classname="org.apache.hadoop.hive.ql.io.parquet.serde.TestParquetTimestampsHive2Compatibility" time="0"/>
  <testcase name="testWriteHive2ReadHive2(String)[805]" classname="org.apache.hadoop.hive.ql.io.parquet.serde.TestParquetTimestampsHive2Compatibility" time="0"/>
  <testcase name="testWriteHive2ReadHive2(String)[806]" classname="org.apache.hadoop.hive.ql.io.parquet.serde.TestParquetTimestampsHive2Compatibility" time="0"/>
  <testcase name="testWriteHive2ReadHive2(String)[807]" classname="org.apache.hadoop.hive.ql.io.parquet.serde.TestParquetTimestampsHive2Compatibility" time="0"/>
  <testcase name="testWriteHive2ReadHive2(String)[808]" classname="org.apache.hadoop.hive.ql.io.parquet.serde.TestParquetTimestampsHive2Compatibility" time="0"/>
  <testcase name="testWriteHive2ReadHive2(String)[809]" classname="org.apache.hadoop.hive.ql.io.parquet.serde.TestParquetTimestampsHive2Compatibility" time="0"/>
  <testcase name="testWriteHive2ReadHive2(String)[810]" classname="org.apache.hadoop.hive.ql.io.parquet.serde.TestParquetTimestampsHive2Compatibility" time="0"/>
  <testcase name="testWriteHive2ReadHive2(String)[811]" classname="org.apache.hadoop.hive.ql.io.parquet.serde.TestParquetTimestampsHive2Compatibility" time="0"/>
  <testcase name="testWriteHive2ReadHive2(String)[812]" classname="org.apache.hadoop.hive.ql.io.parquet.serde.TestParquetTimestampsHive2Compatibility" time="0"/>
  <testcase name="testWriteHive2ReadHive2(String)[813]" classname="org.apache.hadoop.hive.ql.io.parquet.serde.TestParquetTimestampsHive2Compatibility" time="0"/>
  <testcase name="testWriteHive2ReadHive2(String)[814]" classname="org.apache.hadoop.hive.ql.io.parquet.serde.TestParquetTimestampsHive2Compatibility" time="0"/>
  <testcase name="testWriteHive2ReadHive2(String)[815]" classname="org.apache.hadoop.hive.ql.io.parquet.serde.TestParquetTimestampsHive2Compatibility" time="0"/>
  <testcase name="testWriteHive2ReadHive2(String)[816]" classname="org.apache.hadoop.hive.ql.io.parquet.serde.TestParquetTimestampsHive2Compatibility" time="0.001"/>
  <testcase name="testWriteHive2ReadHive2(String)[817]" classname="org.apache.hadoop.hive.ql.io.parquet.serde.TestParquetTimestampsHive2Compatibility" time="0"/>
  <testcase name="testWriteHive2ReadHive2(String)[818]" classname="org.apache.hadoop.hive.ql.io.parquet.serde.TestParquetTimestampsHive2Compatibility" time="0"/>
  <testcase name="testWriteHive2ReadHive2(String)[819]" classname="org.apache.hadoop.hive.ql.io.parquet.serde.TestParquetTimestampsHive2Compatibility" time="0"/>
  <testcase name="testWriteHive2ReadHive2(String)[820]" classname="org.apache.hadoop.hive.ql.io.parquet.serde.TestParquetTimestampsHive2Compatibility" time="0"/>
  <testcase name="testWriteHive2ReadHive2(String)[821]" classname="org.apache.hadoop.hive.ql.io.parquet.serde.TestParquetTimestampsHive2Compatibility" time="0"/>
  <testcase name="testWriteHive2ReadHive2(String)[822]" classname="org.apache.hadoop.hive.ql.io.parquet.serde.TestParquetTimestampsHive2Compatibility" time="0"/>
  <testcase name="testWriteHive2ReadHive2(String)[823]" classname="org.apache.hadoop.hive.ql.io.parquet.serde.TestParquetTimestampsHive2Compatibility" time="0"/>
  <testcase name="testWriteHive2ReadHive2(String)[824]" classname="org.apache.hadoop.hive.ql.io.parquet.serde.TestParquetTimestampsHive2Compatibility" time="0"/>
  <testcase name="testWriteHive2ReadHive2(String)[825]" classname="org.apache.hadoop.hive.ql.io.parquet.serde.TestParquetTimestampsHive2Compatibility" time="0"/>
  <testcase name="testWriteHive2ReadHive2(String)[826]" classname="org.apache.hadoop.hive.ql.io.parquet.serde.TestParquetTimestampsHive2Compatibility" time="0"/>
  <testcase name="testWriteHive2ReadHive2(String)[827]" classname="org.apache.hadoop.hive.ql.io.parquet.serde.TestParquetTimestampsHive2Compatibility" time="0"/>
  <testcase name="testWriteHive2ReadHive2(String)[828]" classname="org.apache.hadoop.hive.ql.io.parquet.serde.TestParquetTimestampsHive2Compatibility" time="0"/>
  <testcase name="testWriteHive2ReadHive2(String)[829]" classname="org.apache.hadoop.hive.ql.io.parquet.serde.TestParquetTimestampsHive2Compatibility" time="0"/>
  <testcase name="testWriteHive2ReadHive2(String)[830]" classname="org.apache.hadoop.hive.ql.io.parquet.serde.TestParquetTimestampsHive2Compatibility" time="0"/>
  <testcase name="testWriteHive2ReadHive2(String)[831]" classname="org.apache.hadoop.hive.ql.io.parquet.serde.TestParquetTimestampsHive2Compatibility" time="0"/>
  <testcase name="testWriteHive2ReadHive2(String)[832]" classname="org.apache.hadoop.hive.ql.io.parquet.serde.TestParquetTimestampsHive2Compatibility" time="0"/>
  <testcase name="testWriteHive2ReadHive2(String)[833]" classname="org.apache.hadoop.hive.ql.io.parquet.serde.TestParquetTimestampsHive2Compatibility" time="0"/>
  <testcase name="testWriteHive2ReadHive2(String)[834]" classname="org.apache.hadoop.hive.ql.io.parquet.serde.TestParquetTimestampsHive2Compatibility" time="0"/>
  <testcase name="testWriteHive2ReadHive2(String)[835]" classname="org.apache.hadoop.hive.ql.io.parquet.serde.TestParquetTimestampsHive2Compatibility" time="0.001"/>
  <testcase name="testWriteHive2ReadHive2(String)[836]" classname="org.apache.hadoop.hive.ql.io.parquet.serde.TestParquetTimestampsHive2Compatibility" time="0"/>
  <testcase name="testWriteHive2ReadHive2(String)[837]" classname="org.apache.hadoop.hive.ql.io.parquet.serde.TestParquetTimestampsHive2Compatibility" time="0"/>
  <testcase name="testWriteHive2ReadHive2(String)[838]" classname="org.apache.hadoop.hive.ql.io.parquet.serde.TestParquetTimestampsHive2Compatibility" time="0"/>
  <testcase name="testWriteHive2ReadHive2(String)[839]" classname="org.apache.hadoop.hive.ql.io.parquet.serde.TestParquetTimestampsHive2Compatibility" time="0"/>
  <testcase name="testWriteHive2ReadHive2(String)[840]" classname="org.apache.hadoop.hive.ql.io.parquet.serde.TestParquetTimestampsHive2Compatibility" time="0"/>
  <testcase name="testWriteHive2ReadHive2(String)[841]" classname="org.apache.hadoop.hive.ql.io.parquet.serde.TestParquetTimestampsHive2Compatibility" time="0"/>
  <testcase name="testWriteHive2ReadHive2(String)[842]" classname="org.apache.hadoop.hive.ql.io.parquet.serde.TestParquetTimestampsHive2Compatibility" time="0"/>
  <testcase name="testWriteHive2ReadHive2(String)[843]" classname="org.apache.hadoop.hive.ql.io.parquet.serde.TestParquetTimestampsHive2Compatibility" time="0"/>
  <testcase name="testWriteHive2ReadHive2(String)[844]" classname="org.apache.hadoop.hive.ql.io.parquet.serde.TestParquetTimestampsHive2Compatibility" time="0"/>
  <testcase name="testWriteHive2ReadHive2(String)[845]" classname="org.apache.hadoop.hive.ql.io.parquet.serde.TestParquetTimestampsHive2Compatibility" time="0"/>
  <testcase name="testWriteHive2ReadHive2(String)[846]" classname="org.apache.hadoop.hive.ql.io.parquet.serde.TestParquetTimestampsHive2Compatibility" time="0"/>
  <testcase name="testWriteHive2ReadHive2(String)[847]" classname="org.apache.hadoop.hive.ql.io.parquet.serde.TestParquetTimestampsHive2Compatibility" time="0"/>
  <testcase name="testWriteHive2ReadHive2(String)[848]" classname="org.apache.hadoop.hive.ql.io.parquet.serde.TestParquetTimestampsHive2Compatibility" time="0"/>
  <testcase name="testWriteHive2ReadHive2(String)[849]" classname="org.apache.hadoop.hive.ql.io.parquet.serde.TestParquetTimestampsHive2Compatibility" time="0"/>
  <testcase name="testWriteHive2ReadHive2(String)[850]" classname="org.apache.hadoop.hive.ql.io.parquet.serde.TestParquetTimestampsHive2Compatibility" time="0"/>
  <testcase name="testWriteHive2ReadHive2(String)[851]" classname="org.apache.hadoop.hive.ql.io.parquet.serde.TestParquetTimestampsHive2Compatibility" time="0"/>
  <testcase name="testWriteHive2ReadHive2(String)[852]" classname="org.apache.hadoop.hive.ql.io.parquet.serde.TestParquetTimestampsHive2Compatibility" time="0"/>
  <testcase name="testWriteHive2ReadHive2(String)[853]" classname="org.apache.hadoop.hive.ql.io.parquet.serde.TestParquetTimestampsHive2Compatibility" time="0"/>
  <testcase name="testWriteHive2ReadHive2(String)[854]" classname="org.apache.hadoop.hive.ql.io.parquet.serde.TestParquetTimestampsHive2Compatibility" time="0"/>
  <testcase name="testWriteHive2ReadHive2(String)[855]" classname="org.apache.hadoop.hive.ql.io.parquet.serde.TestParquetTimestampsHive2Compatibility" time="0"/>
  <testcase name="testWriteHive2ReadHive2(String)[856]" classname="org.apache.hadoop.hive.ql.io.parquet.serde.TestParquetTimestampsHive2Compatibility" time="0"/>
  <testcase name="testWriteHive2ReadHive2(String)[857]" classname="org.apache.hadoop.hive.ql.io.parquet.serde.TestParquetTimestampsHive2Compatibility" time="0"/>
  <testcase name="testWriteHive2ReadHive2(String)[858]" classname="org.apache.hadoop.hive.ql.io.parquet.serde.TestParquetTimestampsHive2Compatibility" time="0"/>
  <testcase name="testWriteHive2ReadHive2(String)[859]" classname="org.apache.hadoop.hive.ql.io.parquet.serde.TestParquetTimestampsHive2Compatibility" time="0"/>
  <testcase name="testWriteHive2ReadHive2(String)[860]" classname="org.apache.hadoop.hive.ql.io.parquet.serde.TestParquetTimestampsHive2Compatibility" time="0"/>
  <testcase name="testWriteHive2ReadHive2(String)[861]" classname="org.apache.hadoop.hive.ql.io.parquet.serde.TestParquetTimestampsHive2Compatibility" time="0"/>
  <testcase name="testWriteHive2ReadHive2(String)[862]" classname="org.apache.hadoop.hive.ql.io.parquet.serde.TestParquetTimestampsHive2Compatibility" time="0"/>
  <testcase name="testWriteHive2ReadHive2(String)[863]" classname="org.apache.hadoop.hive.ql.io.parquet.serde.TestParquetTimestampsHive2Compatibility" time="0.001"/>
  <testcase name="testWriteHive2ReadHive2(String)[864]" classname="org.apache.hadoop.hive.ql.io.parquet.serde.TestParquetTimestampsHive2Compatibility" time="0"/>
  <testcase name="testWriteHive2ReadHive2(String)[865]" classname="org.apache.hadoop.hive.ql.io.parquet.serde.TestParquetTimestampsHive2Compatibility" time="0"/>
  <testcase name="testWriteHive2ReadHive2(String)[866]" classname="org.apache.hadoop.hive.ql.io.parquet.serde.TestParquetTimestampsHive2Compatibility" time="0"/>
  <testcase name="testWriteHive2ReadHive2(String)[867]" classname="org.apache.hadoop.hive.ql.io.parquet.serde.TestParquetTimestampsHive2Compatibility" time="0"/>
  <testcase name="testWriteHive2ReadHive2(String)[868]" classname="org.apache.hadoop.hive.ql.io.parquet.serde.TestParquetTimestampsHive2Compatibility" time="0"/>
  <testcase name="testWriteHive2ReadHive2(String)[869]" classname="org.apache.hadoop.hive.ql.io.parquet.serde.TestParquetTimestampsHive2Compatibility" time="0"/>
  <testcase name="testWriteHive2ReadHive2(String)[870]" classname="org.apache.hadoop.hive.ql.io.parquet.serde.TestParquetTimestampsHive2Compatibility" time="0"/>
  <testcase name="testWriteHive2ReadHive2(String)[871]" classname="org.apache.hadoop.hive.ql.io.parquet.serde.TestParquetTimestampsHive2Compatibility" time="0"/>
  <testcase name="testWriteHive2ReadHive2(String)[872]" classname="org.apache.hadoop.hive.ql.io.parquet.serde.TestParquetTimestampsHive2Compatibility" time="0"/>
  <testcase name="testWriteHive2ReadHive2(String)[873]" classname="org.apache.hadoop.hive.ql.io.parquet.serde.TestParquetTimestampsHive2Compatibility" time="0"/>
  <testcase name="testWriteHive2ReadHive2(String)[874]" classname="org.apache.hadoop.hive.ql.io.parquet.serde.TestParquetTimestampsHive2Compatibility" time="0"/>
  <testcase name="testWriteHive2ReadHive2(String)[875]" classname="org.apache.hadoop.hive.ql.io.parquet.serde.TestParquetTimestampsHive2Compatibility" time="0"/>
  <testcase name="testWriteHive2ReadHive2(String)[876]" classname="org.apache.hadoop.hive.ql.io.parquet.serde.TestParquetTimestampsHive2Compatibility" time="0"/>
  <testcase name="testWriteHive2ReadHive2(String)[877]" classname="org.apache.hadoop.hive.ql.io.parquet.serde.TestParquetTimestampsHive2Compatibility" time="0"/>
  <testcase name="testWriteHive2ReadHive2(String)[878]" classname="org.apache.hadoop.hive.ql.io.parquet.serde.TestParquetTimestampsHive2Compatibility" time="0"/>
  <testcase name="testWriteHive2ReadHive2(String)[879]" classname="org.apache.hadoop.hive.ql.io.parquet.serde.TestParquetTimestampsHive2Compatibility" time="0"/>
  <testcase name="testWriteHive2ReadHive2(String)[880]" classname="org.apache.hadoop.hive.ql.io.parquet.serde.TestParquetTimestampsHive2Compatibility" time="0"/>
  <testcase name="testWriteHive2ReadHive2(String)[881]" classname="org.apache.hadoop.hive.ql.io.parquet.serde.TestParquetTimestampsHive2Compatibility" time="0"/>
  <testcase name="testWriteHive2ReadHive2(String)[882]" classname="org.apache.hadoop.hive.ql.io.parquet.serde.TestParquetTimestampsHive2Compatibility" time="0.001"/>
  <testcase name="testWriteHive2ReadHive2(String)[883]" classname="org.apache.hadoop.hive.ql.io.parquet.serde.TestParquetTimestampsHive2Compatibility" time="0"/>
  <testcase name="testWriteHive2ReadHive2(String)[884]" classname="org.apache.hadoop.hive.ql.io.parquet.serde.TestParquetTimestampsHive2Compatibility" time="0"/>
  <testcase name="testWriteHive2ReadHive2(String)[885]" classname="org.apache.hadoop.hive.ql.io.parquet.serde.TestParquetTimestampsHive2Compatibility" time="0"/>
  <testcase name="testWriteHive2ReadHive2(String)[886]" classname="org.apache.hadoop.hive.ql.io.parquet.serde.TestParquetTimestampsHive2Compatibility" time="0"/>
  <testcase name="testWriteHive2ReadHive2(String)[887]" classname="org.apache.hadoop.hive.ql.io.parquet.serde.TestParquetTimestampsHive2Compatibility" time="0"/>
  <testcase name="testWriteHive2ReadHive2(String)[888]" classname="org.apache.hadoop.hive.ql.io.parquet.serde.TestParquetTimestampsHive2Compatibility" time="0"/>
  <testcase name="testWriteHive2ReadHive2(String)[889]" classname="org.apache.hadoop.hive.ql.io.parquet.serde.TestParquetTimestampsHive2Compatibility" time="0"/>
  <testcase name="testWriteHive2ReadHive2(String)[890]" classname="org.apache.hadoop.hive.ql.io.parquet.serde.TestParquetTimestampsHive2Compatibility" time="0"/>
  <testcase name="testWriteHive2ReadHive2(String)[891]" classname="org.apache.hadoop.hive.ql.io.parquet.serde.TestParquetTimestampsHive2Compatibility" time="0"/>
  <testcase name="testWriteHive2ReadHive2(String)[892]" classname="org.apache.hadoop.hive.ql.io.parquet.serde.TestParquetTimestampsHive2Compatibility" time="0"/>
  <testcase name="testWriteHive2ReadHive2(String)[893]" classname="org.apache.hadoop.hive.ql.io.parquet.serde.TestParquetTimestampsHive2Compatibility" time="0"/>
  <testcase name="testWriteHive2ReadHive2(String)[894]" classname="org.apache.hadoop.hive.ql.io.parquet.serde.TestParquetTimestampsHive2Compatibility" time="0"/>
  <testcase name="testWriteHive2ReadHive2(String)[895]" classname="org.apache.hadoop.hive.ql.io.parquet.serde.TestParquetTimestampsHive2Compatibility" time="0"/>
  <testcase name="testWriteHive2ReadHive2(String)[896]" classname="org.apache.hadoop.hive.ql.io.parquet.serde.TestParquetTimestampsHive2Compatibility" time="0"/>
  <testcase name="testWriteHive2ReadHive2(String)[897]" classname="org.apache.hadoop.hive.ql.io.parquet.serde.TestParquetTimestampsHive2Compatibility" time="0"/>
  <testcase name="testWriteHive2ReadHive2(String)[898]" classname="org.apache.hadoop.hive.ql.io.parquet.serde.TestParquetTimestampsHive2Compatibility" time="0"/>
  <testcase name="testWriteHive2ReadHive2(String)[899]" classname="org.apache.hadoop.hive.ql.io.parquet.serde.TestParquetTimestampsHive2Compatibility" time="0"/>
  <testcase name="testWriteHive2ReadHive2(String)[900]" classname="org.apache.hadoop.hive.ql.io.parquet.serde.TestParquetTimestampsHive2Compatibility" time="0"/>
  <testcase name="testWriteHive2ReadHive2(String)[901]" classname="org.apache.hadoop.hive.ql.io.parquet.serde.TestParquetTimestampsHive2Compatibility" time="0"/>
  <testcase name="testWriteHive2ReadHive2(String)[902]" classname="org.apache.hadoop.hive.ql.io.parquet.serde.TestParquetTimestampsHive2Compatibility" time="0"/>
  <testcase name="testWriteHive2ReadHive2(String)[903]" classname="org.apache.hadoop.hive.ql.io.parquet.serde.TestParquetTimestampsHive2Compatibility" time="0"/>
  <testcase name="testWriteHive2ReadHive2(String)[904]" classname="org.apache.hadoop.hive.ql.io.parquet.serde.TestParquetTimestampsHive2Compatibility" time="0"/>
  <testcase name="testWriteHive2ReadHive2(String)[905]" classname="org.apache.hadoop.hive.ql.io.parquet.serde.TestParquetTimestampsHive2Compatibility" time="0"/>
  <testcase name="testWriteHive2ReadHive2(String)[906]" classname="org.apache.hadoop.hive.ql.io.parquet.serde.TestParquetTimestampsHive2Compatibility" time="0"/>
  <testcase name="testWriteHive2ReadHive2(String)[907]" classname="org.apache.hadoop.hive.ql.io.parquet.serde.TestParquetTimestampsHive2Compatibility" time="0"/>
  <testcase name="testWriteHive2ReadHive2(String)[908]" classname="org.apache.hadoop.hive.ql.io.parquet.serde.TestParquetTimestampsHive2Compatibility" time="0"/>
  <testcase name="testWriteHive2ReadHive2(String)[909]" classname="org.apache.hadoop.hive.ql.io.parquet.serde.TestParquetTimestampsHive2Compatibility" time="0"/>
  <testcase name="testWriteHive2ReadHive2(String)[910]" classname="org.apache.hadoop.hive.ql.io.parquet.serde.TestParquetTimestampsHive2Compatibility" time="0.001"/>
  <testcase name="testWriteHive2ReadHive2(String)[911]" classname="org.apache.hadoop.hive.ql.io.parquet.serde.TestParquetTimestampsHive2Compatibility" time="0"/>
  <testcase name="testWriteHive2ReadHive2(String)[912]" classname="org.apache.hadoop.hive.ql.io.parquet.serde.TestParquetTimestampsHive2Compatibility" time="0"/>
  <testcase name="testWriteHive2ReadHive2(String)[913]" classname="org.apache.hadoop.hive.ql.io.parquet.serde.TestParquetTimestampsHive2Compatibility" time="0"/>
  <testcase name="testWriteHive2ReadHive2(String)[914]" classname="org.apache.hadoop.hive.ql.io.parquet.serde.TestParquetTimestampsHive2Compatibility" time="0"/>
  <testcase name="testWriteHive2ReadHive2(String)[915]" classname="org.apache.hadoop.hive.ql.io.parquet.serde.TestParquetTimestampsHive2Compatibility" time="0"/>
  <testcase name="testWriteHive2ReadHive2(String)[916]" classname="org.apache.hadoop.hive.ql.io.parquet.serde.TestParquetTimestampsHive2Compatibility" time="0"/>
  <testcase name="testWriteHive2ReadHive2(String)[917]" classname="org.apache.hadoop.hive.ql.io.parquet.serde.TestParquetTimestampsHive2Compatibility" time="0"/>
  <testcase name="testWriteHive2ReadHive2(String)[918]" classname="org.apache.hadoop.hive.ql.io.parquet.serde.TestParquetTimestampsHive2Compatibility" time="0"/>
  <testcase name="testWriteHive2ReadHive2(String)[919]" classname="org.apache.hadoop.hive.ql.io.parquet.serde.TestParquetTimestampsHive2Compatibility" time="0"/>
  <testcase name="testWriteHive2ReadHive2(String)[920]" classname="org.apache.hadoop.hive.ql.io.parquet.serde.TestParquetTimestampsHive2Compatibility" time="0"/>
  <testcase name="testWriteHive2ReadHive2(String)[921]" classname="org.apache.hadoop.hive.ql.io.parquet.serde.TestParquetTimestampsHive2Compatibility" time="0"/>
  <testcase name="testWriteHive2ReadHive2(String)[922]" classname="org.apache.hadoop.hive.ql.io.parquet.serde.TestParquetTimestampsHive2Compatibility" time="0"/>
  <testcase name="testWriteHive2ReadHive2(String)[923]" classname="org.apache.hadoop.hive.ql.io.parquet.serde.TestParquetTimestampsHive2Compatibility" time="0"/>
  <testcase name="testWriteHive2ReadHive2(String)[924]" classname="org.apache.hadoop.hive.ql.io.parquet.serde.TestParquetTimestampsHive2Compatibility" time="0"/>
  <testcase name="testWriteHive2ReadHive2(String)[925]" classname="org.apache.hadoop.hive.ql.io.parquet.serde.TestParquetTimestampsHive2Compatibility" time="0"/>
  <testcase name="testWriteHive2ReadHive2(String)[926]" classname="org.apache.hadoop.hive.ql.io.parquet.serde.TestParquetTimestampsHive2Compatibility" time="0"/>
  <testcase name="testWriteHive2ReadHive2(String)[927]" classname="org.apache.hadoop.hive.ql.io.parquet.serde.TestParquetTimestampsHive2Compatibility" time="0"/>
  <testcase name="testWriteHive2ReadHive2(String)[928]" classname="org.apache.hadoop.hive.ql.io.parquet.serde.TestParquetTimestampsHive2Compatibility" time="0"/>
  <testcase name="testWriteHive2ReadHive2(String)[929]" classname="org.apache.hadoop.hive.ql.io.parquet.serde.TestParquetTimestampsHive2Compatibility" time="0.001"/>
  <testcase name="testWriteHive2ReadHive2(String)[930]" classname="org.apache.hadoop.hive.ql.io.parquet.serde.TestParquetTimestampsHive2Compatibility" time="0"/>
  <testcase name="testWriteHive2ReadHive2(String)[931]" classname="org.apache.hadoop.hive.ql.io.parquet.serde.TestParquetTimestampsHive2Compatibility" time="0"/>
  <testcase name="testWriteHive2ReadHive2(String)[932]" classname="org.apache.hadoop.hive.ql.io.parquet.serde.TestParquetTimestampsHive2Compatibility" time="0"/>
  <testcase name="testWriteHive2ReadHive2(String)[933]" classname="org.apache.hadoop.hive.ql.io.parquet.serde.TestParquetTimestampsHive2Compatibility" time="0"/>
  <testcase name="testWriteHive2ReadHive2(String)[934]" classname="org.apache.hadoop.hive.ql.io.parquet.serde.TestParquetTimestampsHive2Compatibility" time="0"/>
  <testcase name="testWriteHive2ReadHive2(String)[935]" classname="org.apache.hadoop.hive.ql.io.parquet.serde.TestParquetTimestampsHive2Compatibility" time="0"/>
  <testcase name="testWriteHive2ReadHive2(String)[936]" classname="org.apache.hadoop.hive.ql.io.parquet.serde.TestParquetTimestampsHive2Compatibility" time="0"/>
  <testcase name="testWriteHive2ReadHive2(String)[937]" classname="org.apache.hadoop.hive.ql.io.parquet.serde.TestParquetTimestampsHive2Compatibility" time="0"/>
  <testcase name="testWriteHive2ReadHive2(String)[938]" classname="org.apache.hadoop.hive.ql.io.parquet.serde.TestParquetTimestampsHive2Compatibility" time="0"/>
  <testcase name="testWriteHive2ReadHive2(String)[939]" classname="org.apache.hadoop.hive.ql.io.parquet.serde.TestParquetTimestampsHive2Compatibility" time="0"/>
  <testcase name="testWriteHive2ReadHive2(String)[940]" classname="org.apache.hadoop.hive.ql.io.parquet.serde.TestParquetTimestampsHive2Compatibility" time="0"/>
  <testcase name="testWriteHive2ReadHive2(String)[941]" classname="org.apache.hadoop.hive.ql.io.parquet.serde.TestParquetTimestampsHive2Compatibility" time="0"/>
  <testcase name="testWriteHive2ReadHive2(String)[942]" classname="org.apache.hadoop.hive.ql.io.parquet.serde.TestParquetTimestampsHive2Compatibility" time="0"/>
  <testcase name="testWriteHive2ReadHive2(String)[943]" classname="org.apache.hadoop.hive.ql.io.parquet.serde.TestParquetTimestampsHive2Compatibility" time="0"/>
  <testcase name="testWriteHive2ReadHive2(String)[944]" classname="org.apache.hadoop.hive.ql.io.parquet.serde.TestParquetTimestampsHive2Compatibility" time="0"/>
  <testcase name="testWriteHive2ReadHive2(String)[945]" classname="org.apache.hadoop.hive.ql.io.parquet.serde.TestParquetTimestampsHive2Compatibility" time="0"/>
  <testcase name="testWriteHive2ReadHive2(String)[946]" classname="org.apache.hadoop.hive.ql.io.parquet.serde.TestParquetTimestampsHive2Compatibility" time="0"/>
  <testcase name="testWriteHive2ReadHive2(String)[947]" classname="org.apache.hadoop.hive.ql.io.parquet.serde.TestParquetTimestampsHive2Compatibility" time="0"/>
  <testcase name="testWriteHive2ReadHive2(String)[948]" classname="org.apache.hadoop.hive.ql.io.parquet.serde.TestParquetTimestampsHive2Compatibility" time="0"/>
  <testcase name="testWriteHive2ReadHive2(String)[949]" classname="org.apache.hadoop.hive.ql.io.parquet.serde.TestParquetTimestampsHive2Compatibility" time="0"/>
  <testcase name="testWriteHive2ReadHive2(String)[950]" classname="org.apache.hadoop.hive.ql.io.parquet.serde.TestParquetTimestampsHive2Compatibility" time="0"/>
  <testcase name="testWriteHive2ReadHive2(String)[951]" classname="org.apache.hadoop.hive.ql.io.parquet.serde.TestParquetTimestampsHive2Compatibility" time="0"/>
  <testcase name="testWriteHive2ReadHive2(String)[952]" classname="org.apache.hadoop.hive.ql.io.parquet.serde.TestParquetTimestampsHive2Compatibility" time="0"/>
  <testcase name="testWriteHive2ReadHive2(String)[953]" classname="org.apache.hadoop.hive.ql.io.parquet.serde.TestParquetTimestampsHive2Compatibility" time="0"/>
  <testcase name="testWriteHive2ReadHive2(String)[954]" classname="org.apache.hadoop.hive.ql.io.parquet.serde.TestParquetTimestampsHive2Compatibility" time="0"/>
  <testcase name="testWriteHive2ReadHive2(String)[955]" classname="org.apache.hadoop.hive.ql.io.parquet.serde.TestParquetTimestampsHive2Compatibility" time="0"/>
  <testcase name="testWriteHive2ReadHive2(String)[956]" classname="org.apache.hadoop.hive.ql.io.parquet.serde.TestParquetTimestampsHive2Compatibility" time="0"/>
  <testcase name="testWriteHive2ReadHive2(String)[957]" classname="org.apache.hadoop.hive.ql.io.parquet.serde.TestParquetTimestampsHive2Compatibility" time="0.001"/>
  <testcase name="testWriteHive2ReadHive2(String)[958]" classname="org.apache.hadoop.hive.ql.io.parquet.serde.TestParquetTimestampsHive2Compatibility" time="0"/>
  <testcase name="testWriteHive2ReadHive2(String)[959]" classname="org.apache.hadoop.hive.ql.io.parquet.serde.TestParquetTimestampsHive2Compatibility" time="0"/>
  <testcase name="testWriteHive2ReadHive2(String)[960]" classname="org.apache.hadoop.hive.ql.io.parquet.serde.TestParquetTimestampsHive2Compatibility" time="0"/>
  <testcase name="testWriteHive2ReadHive2(String)[961]" classname="org.apache.hadoop.hive.ql.io.parquet.serde.TestParquetTimestampsHive2Compatibility" time="0"/>
  <testcase name="testWriteHive2ReadHive2(String)[962]" classname="org.apache.hadoop.hive.ql.io.parquet.serde.TestParquetTimestampsHive2Compatibility" time="0"/>
  <testcase name="testWriteHive2ReadHive2(String)[963]" classname="org.apache.hadoop.hive.ql.io.parquet.serde.TestParquetTimestampsHive2Compatibility" time="0"/>
  <testcase name="testWriteHive2ReadHive2(String)[964]" classname="org.apache.hadoop.hive.ql.io.parquet.serde.TestParquetTimestampsHive2Compatibility" time="0"/>
  <testcase name="testWriteHive2ReadHive2(String)[965]" classname="org.apache.hadoop.hive.ql.io.parquet.serde.TestParquetTimestampsHive2Compatibility" time="0"/>
  <testcase name="testWriteHive2ReadHive2(String)[966]" classname="org.apache.hadoop.hive.ql.io.parquet.serde.TestParquetTimestampsHive2Compatibility" time="0.001"/>
  <testcase name="testWriteHive2ReadHive2(String)[967]" classname="org.apache.hadoop.hive.ql.io.parquet.serde.TestParquetTimestampsHive2Compatibility" time="0"/>
  <testcase name="testWriteHive2ReadHive2(String)[968]" classname="org.apache.hadoop.hive.ql.io.parquet.serde.TestParquetTimestampsHive2Compatibility" time="0"/>
  <testcase name="testWriteHive2ReadHive2(String)[969]" classname="org.apache.hadoop.hive.ql.io.parquet.serde.TestParquetTimestampsHive2Compatibility" time="0"/>
  <testcase name="testWriteHive2ReadHive2(String)[970]" classname="org.apache.hadoop.hive.ql.io.parquet.serde.TestParquetTimestampsHive2Compatibility" time="0"/>
  <testcase name="testWriteHive2ReadHive2(String)[971]" classname="org.apache.hadoop.hive.ql.io.parquet.serde.TestParquetTimestampsHive2Compatibility" time="0"/>
  <testcase name="testWriteHive2ReadHive2(String)[972]" classname="org.apache.hadoop.hive.ql.io.parquet.serde.TestParquetTimestampsHive2Compatibility" time="0"/>
  <testcase name="testWriteHive2ReadHive2(String)[973]" classname="org.apache.hadoop.hive.ql.io.parquet.serde.TestParquetTimestampsHive2Compatibility" time="0"/>
  <testcase name="testWriteHive2ReadHive2(String)[974]" classname="org.apache.hadoop.hive.ql.io.parquet.serde.TestParquetTimestampsHive2Compatibility" time="0"/>
  <testcase name="testWriteHive2ReadHive2(String)[975]" classname="org.apache.hadoop.hive.ql.io.parquet.serde.TestParquetTimestampsHive2Compatibility" time="0.001"/>
  <testcase name="testWriteHive2ReadHive2(String)[976]" classname="org.apache.hadoop.hive.ql.io.parquet.serde.TestParquetTimestampsHive2Compatibility" time="0"/>
  <testcase name="testWriteHive2ReadHive2(String)[977]" classname="org.apache.hadoop.hive.ql.io.parquet.serde.TestParquetTimestampsHive2Compatibility" time="0"/>
  <testcase name="testWriteHive2ReadHive2(String)[978]" classname="org.apache.hadoop.hive.ql.io.parquet.serde.TestParquetTimestampsHive2Compatibility" time="0"/>
  <testcase name="testWriteHive2ReadHive2(String)[979]" classname="org.apache.hadoop.hive.ql.io.parquet.serde.TestParquetTimestampsHive2Compatibility" time="0"/>
  <testcase name="testWriteHive2ReadHive2(String)[980]" classname="org.apache.hadoop.hive.ql.io.parquet.serde.TestParquetTimestampsHive2Compatibility" time="0"/>
  <testcase name="testWriteHive2ReadHive2(String)[981]" classname="org.apache.hadoop.hive.ql.io.parquet.serde.TestParquetTimestampsHive2Compatibility" time="0"/>
  <testcase name="testWriteHive2ReadHive2(String)[982]" classname="org.apache.hadoop.hive.ql.io.parquet.serde.TestParquetTimestampsHive2Compatibility" time="0"/>
  <testcase name="testWriteHive2ReadHive2(String)[983]" classname="org.apache.hadoop.hive.ql.io.parquet.serde.TestParquetTimestampsHive2Compatibility" time="0"/>
  <testcase name="testWriteHive2ReadHive2(String)[984]" classname="org.apache.hadoop.hive.ql.io.parquet.serde.TestParquetTimestampsHive2Compatibility" time="0"/>
  <testcase name="testWriteHive2ReadHive2(String)[985]" classname="org.apache.hadoop.hive.ql.io.parquet.serde.TestParquetTimestampsHive2Compatibility" time="0"/>
  <testcase name="testWriteHive2ReadHive2(String)[986]" classname="org.apache.hadoop.hive.ql.io.parquet.serde.TestParquetTimestampsHive2Compatibility" time="0"/>
  <testcase name="testWriteHive2ReadHive2(String)[987]" classname="org.apache.hadoop.hive.ql.io.parquet.serde.TestParquetTimestampsHive2Compatibility" time="0"/>
  <testcase name="testWriteHive2ReadHive2(String)[988]" classname="org.apache.hadoop.hive.ql.io.parquet.serde.TestParquetTimestampsHive2Compatibility" time="0"/>
  <testcase name="testWriteHive2ReadHive2(String)[989]" classname="org.apache.hadoop.hive.ql.io.parquet.serde.TestParquetTimestampsHive2Compatibility" time="0"/>
  <testcase name="testWriteHive2ReadHive2(String)[990]" classname="org.apache.hadoop.hive.ql.io.parquet.serde.TestParquetTimestampsHive2Compatibility" time="0"/>
  <testcase name="testWriteHive2ReadHive2(String)[991]" classname="org.apache.hadoop.hive.ql.io.parquet.serde.TestParquetTimestampsHive2Compatibility" time="0"/>
  <testcase name="testWriteHive2ReadHive2(String)[992]" classname="org.apache.hadoop.hive.ql.io.parquet.serde.TestParquetTimestampsHive2Compatibility" time="0"/>
  <testcase name="testWriteHive2ReadHive2(String)[993]" classname="org.apache.hadoop.hive.ql.io.parquet.serde.TestParquetTimestampsHive2Compatibility" time="0"/>
  <testcase name="testWriteHive2ReadHive2(String)[994]" classname="org.apache.hadoop.hive.ql.io.parquet.serde.TestParquetTimestampsHive2Compatibility" time="0.001"/>
  <testcase name="testWriteHive2ReadHive2(String)[995]" classname="org.apache.hadoop.hive.ql.io.parquet.serde.TestParquetTimestampsHive2Compatibility" time="0"/>
  <testcase name="testWriteHive2ReadHive2(String)[996]" classname="org.apache.hadoop.hive.ql.io.parquet.serde.TestParquetTimestampsHive2Compatibility" time="0"/>
  <testcase name="testWriteHive2ReadHive2(String)[997]" classname="org.apache.hadoop.hive.ql.io.parquet.serde.TestParquetTimestampsHive2Compatibility" time="0"/>
  <testcase name="testWriteHive2ReadHive2(String)[998]" classname="org.apache.hadoop.hive.ql.io.parquet.serde.TestParquetTimestampsHive2Compatibility" time="0"/>
  <testcase name="testWriteHive2ReadHive2(String)[999]" classname="org.apache.hadoop.hive.ql.io.parquet.serde.TestParquetTimestampsHive2Compatibility" time="0"/>
  <testcase name="testWriteHive2ReadHive2(String)[1000]" classname="org.apache.hadoop.hive.ql.io.parquet.serde.TestParquetTimestampsHive2Compatibility" time="0"/>
  <testcase name="testWriteHive2ReadHive2(String)[1001]" classname="org.apache.hadoop.hive.ql.io.parquet.serde.TestParquetTimestampsHive2Compatibility" time="0"/>
  <testcase name="testWriteHive2ReadHive2(String)[1002]" classname="org.apache.hadoop.hive.ql.io.parquet.serde.TestParquetTimestampsHive2Compatibility" time="0"/>
  <testcase name="testWriteHive2ReadHive2(String)[1003]" classname="org.apache.hadoop.hive.ql.io.parquet.serde.TestParquetTimestampsHive2Compatibility" time="0.001"/>
  <testcase name="testWriteHive2ReadHive2(String)[1004]" classname="org.apache.hadoop.hive.ql.io.parquet.serde.TestParquetTimestampsHive2Compatibility" time="0"/>
  <testcase name="testWriteHive2ReadHive2(String)[1005]" classname="org.apache.hadoop.hive.ql.io.parquet.serde.TestParquetTimestampsHive2Compatibility" time="0"/>
  <testcase name="testWriteHive2ReadHive2(String)[1006]" classname="org.apache.hadoop.hive.ql.io.parquet.serde.TestParquetTimestampsHive2Compatibility" time="0"/>
  <testcase name="testWriteHive2ReadHive2(String)[1007]" classname="org.apache.hadoop.hive.ql.io.parquet.serde.TestParquetTimestampsHive2Compatibility" time="0"/>
  <testcase name="testWriteHive2ReadHive2(String)[1008]" classname="org.apache.hadoop.hive.ql.io.parquet.serde.TestParquetTimestampsHive2Compatibility" time="0"/>
  <testcase name="testWriteHive2ReadHive2(String)[1009]" classname="org.apache.hadoop.hive.ql.io.parquet.serde.TestParquetTimestampsHive2Compatibility" time="0"/>
  <testcase name="testWriteHive2ReadHive2(String)[1010]" classname="org.apache.hadoop.hive.ql.io.parquet.serde.TestParquetTimestampsHive2Compatibility" time="0"/>
  <testcase name="testWriteHive2ReadHive2(String)[1011]" classname="org.apache.hadoop.hive.ql.io.parquet.serde.TestParquetTimestampsHive2Compatibility" time="0"/>
  <testcase name="testWriteHive2ReadHive2(String)[1012]" classname="org.apache.hadoop.hive.ql.io.parquet.serde.TestParquetTimestampsHive2Compatibility" time="0.001"/>
  <testcase name="testWriteHive2ReadHive2(String)[1013]" classname="org.apache.hadoop.hive.ql.io.parquet.serde.TestParquetTimestampsHive2Compatibility" time="0"/>
  <testcase name="testWriteHive2ReadHive2(String)[1014]" classname="org.apache.hadoop.hive.ql.io.parquet.serde.TestParquetTimestampsHive2Compatibility" time="0"/>
  <testcase name="testWriteHive2ReadHive2(String)[1015]" classname="org.apache.hadoop.hive.ql.io.parquet.serde.TestParquetTimestampsHive2Compatibility" time="0"/>
  <testcase name="testWriteHive2ReadHive2(String)[1016]" classname="org.apache.hadoop.hive.ql.io.parquet.serde.TestParquetTimestampsHive2Compatibility" time="0"/>
  <testcase name="testWriteHive2ReadHive2(String)[1017]" classname="org.apache.hadoop.hive.ql.io.parquet.serde.TestParquetTimestampsHive2Compatibility" time="0"/>
  <testcase name="testWriteHive2ReadHive2(String)[1018]" classname="org.apache.hadoop.hive.ql.io.parquet.serde.TestParquetTimestampsHive2Compatibility" time="0"/>
  <testcase name="testWriteHive2ReadHive2(String)[1019]" classname="org.apache.hadoop.hive.ql.io.parquet.serde.TestParquetTimestampsHive2Compatibility" time="0"/>
  <testcase name="testWriteHive2ReadHive2(String)[1020]" classname="org.apache.hadoop.hive.ql.io.parquet.serde.TestParquetTimestampsHive2Compatibility" time="0"/>
  <testcase name="testWriteHive2ReadHive2(String)[1021]" classname="org.apache.hadoop.hive.ql.io.parquet.serde.TestParquetTimestampsHive2Compatibility" time="0"/>
  <testcase name="testWriteHive2ReadHive2(String)[1022]" classname="org.apache.hadoop.hive.ql.io.parquet.serde.TestParquetTimestampsHive2Compatibility" time="0"/>
  <testcase name="testWriteHive2ReadHive2(String)[1023]" classname="org.apache.hadoop.hive.ql.io.parquet.serde.TestParquetTimestampsHive2Compatibility" time="0"/>
  <testcase name="testWriteHive2ReadHive2(String)[1024]" classname="org.apache.hadoop.hive.ql.io.parquet.serde.TestParquetTimestampsHive2Compatibility" time="0"/>
  <testcase name="testWriteHive2ReadHive2(String)[1025]" classname="org.apache.hadoop.hive.ql.io.parquet.serde.TestParquetTimestampsHive2Compatibility" time="0"/>
  <testcase name="testWriteHive2ReadHive2(String)[1026]" classname="org.apache.hadoop.hive.ql.io.parquet.serde.TestParquetTimestampsHive2Compatibility" time="0"/>
  <testcase name="testWriteHive2ReadHive2(String)[1027]" classname="org.apache.hadoop.hive.ql.io.parquet.serde.TestParquetTimestampsHive2Compatibility" time="0"/>
  <testcase name="testWriteHive2ReadHive2(String)[1028]" classname="org.apache.hadoop.hive.ql.io.parquet.serde.TestParquetTimestampsHive2Compatibility" time="0"/>
  <testcase name="testWriteHive2ReadHive2(String)[1029]" classname="org.apache.hadoop.hive.ql.io.parquet.serde.TestParquetTimestampsHive2Compatibility" time="0"/>
  <testcase name="testWriteHive2ReadHive2(String)[1030]" classname="org.apache.hadoop.hive.ql.io.parquet.serde.TestParquetTimestampsHive2Compatibility" time="0"/>
  <testcase name="testWriteHive2ReadHive2(String)[1031]" classname="org.apache.hadoop.hive.ql.io.parquet.serde.TestParquetTimestampsHive2Compatibility" time="0.001"/>
  <testcase name="testWriteHive2ReadHive2(String)[1032]" classname="org.apache.hadoop.hive.ql.io.parquet.serde.TestParquetTimestampsHive2Compatibility" time="0"/>
  <testcase name="testWriteHive2ReadHive2(String)[1033]" classname="org.apache.hadoop.hive.ql.io.parquet.serde.TestParquetTimestampsHive2Compatibility" time="0"/>
  <testcase name="testWriteHive2ReadHive2(String)[1034]" classname="org.apache.hadoop.hive.ql.io.parquet.serde.TestParquetTimestampsHive2Compatibility" time="0"/>
  <testcase name="testWriteHive2ReadHive2(String)[1035]" classname="org.apache.hadoop.hive.ql.io.parquet.serde.TestParquetTimestampsHive2Compatibility" time="0"/>
  <testcase name="testWriteHive2ReadHive2(String)[1036]" classname="org.apache.hadoop.hive.ql.io.parquet.serde.TestParquetTimestampsHive2Compatibility" time="0"/>
  <testcase name="testWriteHive2ReadHive2(String)[1037]" classname="org.apache.hadoop.hive.ql.io.parquet.serde.TestParquetTimestampsHive2Compatibility" time="0"/>
  <testcase name="testWriteHive2ReadHive2(String)[1038]" classname="org.apache.hadoop.hive.ql.io.parquet.serde.TestParquetTimestampsHive2Compatibility" time="0"/>
  <testcase name="testWriteHive2ReadHive2(String)[1039]" classname="org.apache.hadoop.hive.ql.io.parquet.serde.TestParquetTimestampsHive2Compatibility" time="0"/>
  <testcase name="testWriteHive2ReadHive2(String)[1040]" classname="org.apache.hadoop.hive.ql.io.parquet.serde.TestParquetTimestampsHive2Compatibility" time="0"/>
  <testcase name="testWriteHive2ReadHive2(String)[1041]" classname="org.apache.hadoop.hive.ql.io.parquet.serde.TestParquetTimestampsHive2Compatibility" time="0"/>
  <testcase name="testWriteHive2ReadHive2(String)[1042]" classname="org.apache.hadoop.hive.ql.io.parquet.serde.TestParquetTimestampsHive2Compatibility" time="0"/>
  <testcase name="testWriteHive2ReadHive2(String)[1043]" classname="org.apache.hadoop.hive.ql.io.parquet.serde.TestParquetTimestampsHive2Compatibility" time="0"/>
  <testcase name="testWriteHive2ReadHive2(String)[1044]" classname="org.apache.hadoop.hive.ql.io.parquet.serde.TestParquetTimestampsHive2Compatibility" time="0"/>
  <testcase name="testWriteHive2ReadHive2(String)[1045]" classname="org.apache.hadoop.hive.ql.io.parquet.serde.TestParquetTimestampsHive2Compatibility" time="0"/>
  <testcase name="testWriteHive2ReadHive2(String)[1046]" classname="org.apache.hadoop.hive.ql.io.parquet.serde.TestParquetTimestampsHive2Compatibility" time="0"/>
  <testcase name="testWriteHive2ReadHive2(String)[1047]" classname="org.apache.hadoop.hive.ql.io.parquet.serde.TestParquetTimestampsHive2Compatibility" time="0"/>
  <testcase name="testWriteHive2ReadHive2(String)[1048]" classname="org.apache.hadoop.hive.ql.io.parquet.serde.TestParquetTimestampsHive2Compatibility" time="0"/>
  <testcase name="testWriteHive2ReadHive2(String)[1049]" classname="org.apache.hadoop.hive.ql.io.parquet.serde.TestParquetTimestampsHive2Compatibility" time="0"/>
  <testcase name="testWriteHive2ReadHive2(String)[1050]" classname="org.apache.hadoop.hive.ql.io.parquet.serde.TestParquetTimestampsHive2Compatibility" time="0"/>
  <testcase name="testWriteHive2ReadHive2(String)[1051]" classname="org.apache.hadoop.hive.ql.io.parquet.serde.TestParquetTimestampsHive2Compatibility" time="0"/>
  <testcase name="testWriteHive2ReadHive2(String)[1052]" classname="org.apache.hadoop.hive.ql.io.parquet.serde.TestParquetTimestampsHive2Compatibility" time="0"/>
  <testcase name="testWriteHive2ReadHive2(String)[1053]" classname="org.apache.hadoop.hive.ql.io.parquet.serde.TestParquetTimestampsHive2Compatibility" time="0"/>
  <testcase name="testWriteHive2ReadHive2(String)[1054]" classname="org.apache.hadoop.hive.ql.io.parquet.serde.TestParquetTimestampsHive2Compatibility" time="0"/>
  <testcase name="testWriteHive2ReadHive2(String)[1055]" classname="org.apache.hadoop.hive.ql.io.parquet.serde.TestParquetTimestampsHive2Compatibility" time="0"/>
  <testcase name="testWriteHive2ReadHive2(String)[1056]" classname="org.apache.hadoop.hive.ql.io.parquet.serde.TestParquetTimestampsHive2Compatibility" time="0"/>
  <testcase name="testWriteHive2ReadHive2(String)[1057]" classname="org.apache.hadoop.hive.ql.io.parquet.serde.TestParquetTimestampsHive2Compatibility" time="0"/>
  <testcase name="testWriteHive2ReadHive2(String)[1058]" classname="org.apache.hadoop.hive.ql.io.parquet.serde.TestParquetTimestampsHive2Compatibility" time="0"/>
  <testcase name="testWriteHive2ReadHive2(String)[1059]" classname="org.apache.hadoop.hive.ql.io.parquet.serde.TestParquetTimestampsHive2Compatibility" time="0"/>
  <testcase name="testWriteHive2ReadHive2(String)[1060]" classname="org.apache.hadoop.hive.ql.io.parquet.serde.TestParquetTimestampsHive2Compatibility" time="0"/>
  <testcase name="testWriteHive2ReadHive2(String)[1061]" classname="org.apache.hadoop.hive.ql.io.parquet.serde.TestParquetTimestampsHive2Compatibility" time="0"/>
  <testcase name="testWriteHive2ReadHive2(String)[1062]" classname="org.apache.hadoop.hive.ql.io.parquet.serde.TestParquetTimestampsHive2Compatibility" time="0"/>
  <testcase name="testWriteHive2ReadHive2(String)[1063]" classname="org.apache.hadoop.hive.ql.io.parquet.serde.TestParquetTimestampsHive2Compatibility" time="0"/>
  <testcase name="testWriteHive2ReadHive2(String)[1064]" classname="org.apache.hadoop.hive.ql.io.parquet.serde.TestParquetTimestampsHive2Compatibility" time="0"/>
  <testcase name="testWriteHive2ReadHive2(String)[1065]" classname="org.apache.hadoop.hive.ql.io.parquet.serde.TestParquetTimestampsHive2Compatibility" time="0"/>
  <testcase name="testWriteHive2ReadHive2(String)[1066]" classname="org.apache.hadoop.hive.ql.io.parquet.serde.TestParquetTimestampsHive2Compatibility" time="0"/>
  <testcase name="testWriteHive2ReadHive2(String)[1067]" classname="org.apache.hadoop.hive.ql.io.parquet.serde.TestParquetTimestampsHive2Compatibility" time="0"/>
  <testcase name="testWriteHive2ReadHive2(String)[1068]" classname="org.apache.hadoop.hive.ql.io.parquet.serde.TestParquetTimestampsHive2Compatibility" time="0"/>
  <testcase name="testWriteHive2ReadHive2(String)[1069]" classname="org.apache.hadoop.hive.ql.io.parquet.serde.TestParquetTimestampsHive2Compatibility" time="0"/>
  <testcase name="testWriteHive2ReadHive2(String)[1070]" classname="org.apache.hadoop.hive.ql.io.parquet.serde.TestParquetTimestampsHive2Compatibility" time="0"/>
  <testcase name="testWriteHive2ReadHive2(String)[1071]" classname="org.apache.hadoop.hive.ql.io.parquet.serde.TestParquetTimestampsHive2Compatibility" time="0"/>
  <testcase name="testWriteHive2ReadHive2(String)[1072]" classname="org.apache.hadoop.hive.ql.io.parquet.serde.TestParquetTimestampsHive2Compatibility" time="0"/>
  <testcase name="testWriteHive2ReadHive2(String)[1073]" classname="org.apache.hadoop.hive.ql.io.parquet.serde.TestParquetTimestampsHive2Compatibility" time="0"/>
  <testcase name="testWriteHive2ReadHive2(String)[1074]" classname="org.apache.hadoop.hive.ql.io.parquet.serde.TestParquetTimestampsHive2Compatibility" time="0"/>
  <testcase name="testWriteHive2ReadHive2(String)[1075]" classname="org.apache.hadoop.hive.ql.io.parquet.serde.TestParquetTimestampsHive2Compatibility" time="0"/>
  <testcase name="testWriteHive2ReadHive2(String)[1076]" classname="org.apache.hadoop.hive.ql.io.parquet.serde.TestParquetTimestampsHive2Compatibility" time="0"/>
  <testcase name="testWriteHive2ReadHive2(String)[1077]" classname="org.apache.hadoop.hive.ql.io.parquet.serde.TestParquetTimestampsHive2Compatibility" time="0.001"/>
  <testcase name="testWriteHive2ReadHive2(String)[1078]" classname="org.apache.hadoop.hive.ql.io.parquet.serde.TestParquetTimestampsHive2Compatibility" time="0"/>
  <testcase name="testWriteHive2ReadHive2(String)[1079]" classname="org.apache.hadoop.hive.ql.io.parquet.serde.TestParquetTimestampsHive2Compatibility" time="0"/>
  <testcase name="testWriteHive2ReadHive2(String)[1080]" classname="org.apache.hadoop.hive.ql.io.parquet.serde.TestParquetTimestampsHive2Compatibility" time="0"/>
  <testcase name="testWriteHive2ReadHive2(String)[1081]" classname="org.apache.hadoop.hive.ql.io.parquet.serde.TestParquetTimestampsHive2Compatibility" time="0"/>
  <testcase name="testWriteHive2ReadHive2(String)[1082]" classname="org.apache.hadoop.hive.ql.io.parquet.serde.TestParquetTimestampsHive2Compatibility" time="0"/>
  <testcase name="testWriteHive2ReadHive2(String)[1083]" classname="org.apache.hadoop.hive.ql.io.parquet.serde.TestParquetTimestampsHive2Compatibility" time="0"/>
  <testcase name="testWriteHive2ReadHive2(String)[1084]" classname="org.apache.hadoop.hive.ql.io.parquet.serde.TestParquetTimestampsHive2Compatibility" time="0"/>
  <testcase name="testWriteHive2ReadHive2(String)[1085]" classname="org.apache.hadoop.hive.ql.io.parquet.serde.TestParquetTimestampsHive2Compatibility" time="0"/>
  <testcase name="testWriteHive2ReadHive2(String)[1086]" classname="org.apache.hadoop.hive.ql.io.parquet.serde.TestParquetTimestampsHive2Compatibility" time="0"/>
  <testcase name="testWriteHive2ReadHive2(String)[1087]" classname="org.apache.hadoop.hive.ql.io.parquet.serde.TestParquetTimestampsHive2Compatibility" time="0"/>
  <testcase name="testWriteHive2ReadHive2(String)[1088]" classname="org.apache.hadoop.hive.ql.io.parquet.serde.TestParquetTimestampsHive2Compatibility" time="0"/>
  <testcase name="testWriteHive2ReadHive2(String)[1089]" classname="org.apache.hadoop.hive.ql.io.parquet.serde.TestParquetTimestampsHive2Compatibility" time="0"/>
  <testcase name="testWriteHive2ReadHive2(String)[1090]" classname="org.apache.hadoop.hive.ql.io.parquet.serde.TestParquetTimestampsHive2Compatibility" time="0"/>
  <testcase name="testWriteHive2ReadHive2(String)[1091]" classname="org.apache.hadoop.hive.ql.io.parquet.serde.TestParquetTimestampsHive2Compatibility" time="0"/>
  <testcase name="testWriteHive2ReadHive2(String)[1092]" classname="org.apache.hadoop.hive.ql.io.parquet.serde.TestParquetTimestampsHive2Compatibility" time="0"/>
  <testcase name="testWriteHive2ReadHive2(String)[1093]" classname="org.apache.hadoop.hive.ql.io.parquet.serde.TestParquetTimestampsHive2Compatibility" time="0"/>
  <testcase name="testWriteHive2ReadHive2(String)[1094]" classname="org.apache.hadoop.hive.ql.io.parquet.serde.TestParquetTimestampsHive2Compatibility" time="0"/>
  <testcase name="testWriteHive2ReadHive2(String)[1095]" classname="org.apache.hadoop.hive.ql.io.parquet.serde.TestParquetTimestampsHive2Compatibility" time="0"/>
  <testcase name="testWriteHive2ReadHive2(String)[1096]" classname="org.apache.hadoop.hive.ql.io.parquet.serde.TestParquetTimestampsHive2Compatibility" time="0"/>
  <testcase name="testWriteHive2ReadHive2(String)[1097]" classname="org.apache.hadoop.hive.ql.io.parquet.serde.TestParquetTimestampsHive2Compatibility" time="0"/>
  <testcase name="testWriteHive2ReadHive2(String)[1098]" classname="org.apache.hadoop.hive.ql.io.parquet.serde.TestParquetTimestampsHive2Compatibility" time="0"/>
  <testcase name="testWriteHive2ReadHive2(String)[1099]" classname="org.apache.hadoop.hive.ql.io.parquet.serde.TestParquetTimestampsHive2Compatibility" time="0"/>
  <testcase name="testWriteHive2ReadHive2(String)[1100]" classname="org.apache.hadoop.hive.ql.io.parquet.serde.TestParquetTimestampsHive2Compatibility" time="0"/>
  <testcase name="testWriteHive2ReadHive2(String)[1101]" classname="org.apache.hadoop.hive.ql.io.parquet.serde.TestParquetTimestampsHive2Compatibility" time="0"/>
  <testcase name="testWriteHive2ReadHive2(String)[1102]" classname="org.apache.hadoop.hive.ql.io.parquet.serde.TestParquetTimestampsHive2Compatibility" time="0"/>
  <testcase name="testWriteHive2ReadHive2(String)[1103]" classname="org.apache.hadoop.hive.ql.io.parquet.serde.TestParquetTimestampsHive2Compatibility" time="0"/>
  <testcase name="testWriteHive2ReadHive2(String)[1104]" classname="org.apache.hadoop.hive.ql.io.parquet.serde.TestParquetTimestampsHive2Compatibility" time="0"/>
  <testcase name="testWriteHive2ReadHive2(String)[1105]" classname="org.apache.hadoop.hive.ql.io.parquet.serde.TestParquetTimestampsHive2Compatibility" time="0"/>
  <testcase name="testWriteHive2ReadHive2(String)[1106]" classname="org.apache.hadoop.hive.ql.io.parquet.serde.TestParquetTimestampsHive2Compatibility" time="0"/>
  <testcase name="testWriteHive2ReadHive2(String)[1107]" classname="org.apache.hadoop.hive.ql.io.parquet.serde.TestParquetTimestampsHive2Compatibility" time="0"/>
  <testcase name="testWriteHive2ReadHive2(String)[1108]" classname="org.apache.hadoop.hive.ql.io.parquet.serde.TestParquetTimestampsHive2Compatibility" time="0"/>
  <testcase name="testWriteHive2ReadHive2(String)[1109]" classname="org.apache.hadoop.hive.ql.io.parquet.serde.TestParquetTimestampsHive2Compatibility" time="0"/>
  <testcase name="testWriteHive2ReadHive2(String)[1110]" classname="org.apache.hadoop.hive.ql.io.parquet.serde.TestParquetTimestampsHive2Compatibility" time="0"/>
  <testcase name="testWriteHive2ReadHive2(String)[1111]" classname="org.apache.hadoop.hive.ql.io.parquet.serde.TestParquetTimestampsHive2Compatibility" time="0"/>
  <testcase name="testWriteHive2ReadHive2(String)[1112]" classname="org.apache.hadoop.hive.ql.io.parquet.serde.TestParquetTimestampsHive2Compatibility" time="0"/>
  <testcase name="testWriteHive2ReadHive2(String)[1113]" classname="org.apache.hadoop.hive.ql.io.parquet.serde.TestParquetTimestampsHive2Compatibility" time="0"/>
  <testcase name="testWriteHive2ReadHive2(String)[1114]" classname="org.apache.hadoop.hive.ql.io.parquet.serde.TestParquetTimestampsHive2Compatibility" time="0.001"/>
  <testcase name="testWriteHive2ReadHive2(String)[1115]" classname="org.apache.hadoop.hive.ql.io.parquet.serde.TestParquetTimestampsHive2Compatibility" time="0"/>
  <testcase name="testWriteHive2ReadHive2(String)[1116]" classname="org.apache.hadoop.hive.ql.io.parquet.serde.TestParquetTimestampsHive2Compatibility" time="0"/>
  <testcase name="testWriteHive2ReadHive2(String)[1117]" classname="org.apache.hadoop.hive.ql.io.parquet.serde.TestParquetTimestampsHive2Compatibility" time="0"/>
  <testcase name="testWriteHive2ReadHive2(String)[1118]" classname="org.apache.hadoop.hive.ql.io.parquet.serde.TestParquetTimestampsHive2Compatibility" time="0"/>
  <testcase name="testWriteHive2ReadHive2(String)[1119]" classname="org.apache.hadoop.hive.ql.io.parquet.serde.TestParquetTimestampsHive2Compatibility" time="0"/>
  <testcase name="testWriteHive2ReadHive2(String)[1120]" classname="org.apache.hadoop.hive.ql.io.parquet.serde.TestParquetTimestampsHive2Compatibility" time="0"/>
  <testcase name="testWriteHive2ReadHive2(String)[1121]" classname="org.apache.hadoop.hive.ql.io.parquet.serde.TestParquetTimestampsHive2Compatibility" time="0"/>
  <testcase name="testWriteHive2ReadHive2(String)[1122]" classname="org.apache.hadoop.hive.ql.io.parquet.serde.TestParquetTimestampsHive2Compatibility" time="0"/>
  <testcase name="testWriteHive2ReadHive2(String)[1123]" classname="org.apache.hadoop.hive.ql.io.parquet.serde.TestParquetTimestampsHive2Compatibility" time="0.001"/>
  <testcase name="testWriteHive2ReadHive2(String)[1124]" classname="org.apache.hadoop.hive.ql.io.parquet.serde.TestParquetTimestampsHive2Compatibility" time="0"/>
  <testcase name="testWriteHive2ReadHive2(String)[1125]" classname="org.apache.hadoop.hive.ql.io.parquet.serde.TestParquetTimestampsHive2Compatibility" time="0"/>
  <testcase name="testWriteHive2ReadHive2(String)[1126]" classname="org.apache.hadoop.hive.ql.io.parquet.serde.TestParquetTimestampsHive2Compatibility" time="0"/>
  <testcase name="testWriteHive2ReadHive2(String)[1127]" classname="org.apache.hadoop.hive.ql.io.parquet.serde.TestParquetTimestampsHive2Compatibility" time="0"/>
  <testcase name="testWriteHive2ReadHive2(String)[1128]" classname="org.apache.hadoop.hive.ql.io.parquet.serde.TestParquetTimestampsHive2Compatibility" time="0"/>
  <testcase name="testWriteHive2ReadHive2(String)[1129]" classname="org.apache.hadoop.hive.ql.io.parquet.serde.TestParquetTimestampsHive2Compatibility" time="0"/>
  <testcase name="testWriteHive2ReadHive2(String)[1130]" classname="org.apache.hadoop.hive.ql.io.parquet.serde.TestParquetTimestampsHive2Compatibility" time="0"/>
  <testcase name="testWriteHive2ReadHive2(String)[1131]" classname="org.apache.hadoop.hive.ql.io.parquet.serde.TestParquetTimestampsHive2Compatibility" time="0"/>
  <testcase name="testWriteHive2ReadHive2(String)[1132]" classname="org.apache.hadoop.hive.ql.io.parquet.serde.TestParquetTimestampsHive2Compatibility" time="0"/>
  <testcase name="testWriteHive2ReadHive2(String)[1133]" classname="org.apache.hadoop.hive.ql.io.parquet.serde.TestParquetTimestampsHive2Compatibility" time="0"/>
  <testcase name="testWriteHive2ReadHive2(String)[1134]" classname="org.apache.hadoop.hive.ql.io.parquet.serde.TestParquetTimestampsHive2Compatibility" time="0"/>
  <testcase name="testWriteHive2ReadHive2(String)[1135]" classname="org.apache.hadoop.hive.ql.io.parquet.serde.TestParquetTimestampsHive2Compatibility" time="0"/>
  <testcase name="testWriteHive2ReadHive2(String)[1136]" classname="org.apache.hadoop.hive.ql.io.parquet.serde.TestParquetTimestampsHive2Compatibility" time="0"/>
  <testcase name="testWriteHive2ReadHive2(String)[1137]" classname="org.apache.hadoop.hive.ql.io.parquet.serde.TestParquetTimestampsHive2Compatibility" time="0"/>
  <testcase name="testWriteHive2ReadHive2(String)[1138]" classname="org.apache.hadoop.hive.ql.io.parquet.serde.TestParquetTimestampsHive2Compatibility" time="0"/>
  <testcase name="testWriteHive2ReadHive2(String)[1139]" classname="org.apache.hadoop.hive.ql.io.parquet.serde.TestParquetTimestampsHive2Compatibility" time="0"/>
  <testcase name="testWriteHive2ReadHive2(String)[1140]" classname="org.apache.hadoop.hive.ql.io.parquet.serde.TestParquetTimestampsHive2Compatibility" time="0"/>
  <testcase name="testWriteHive2ReadHive2(String)[1141]" classname="org.apache.hadoop.hive.ql.io.parquet.serde.TestParquetTimestampsHive2Compatibility" time="0"/>
  <testcase name="testWriteHive2ReadHive2(String)[1142]" classname="org.apache.hadoop.hive.ql.io.parquet.serde.TestParquetTimestampsHive2Compatibility" time="0.001"/>
  <testcase name="testWriteHive2ReadHive2(String)[1143]" classname="org.apache.hadoop.hive.ql.io.parquet.serde.TestParquetTimestampsHive2Compatibility" time="0"/>
  <testcase name="testWriteHive2ReadHive2(String)[1144]" classname="org.apache.hadoop.hive.ql.io.parquet.serde.TestParquetTimestampsHive2Compatibility" time="0"/>
  <testcase name="testWriteHive2ReadHive2(String)[1145]" classname="org.apache.hadoop.hive.ql.io.parquet.serde.TestParquetTimestampsHive2Compatibility" time="0"/>
  <testcase name="testWriteHive2ReadHive2(String)[1146]" classname="org.apache.hadoop.hive.ql.io.parquet.serde.TestParquetTimestampsHive2Compatibility" time="0"/>
  <testcase name="testWriteHive2ReadHive2(String)[1147]" classname="org.apache.hadoop.hive.ql.io.parquet.serde.TestParquetTimestampsHive2Compatibility" time="0"/>
  <testcase name="testWriteHive2ReadHive2(String)[1148]" classname="org.apache.hadoop.hive.ql.io.parquet.serde.TestParquetTimestampsHive2Compatibility" time="0"/>
  <testcase name="testWriteHive2ReadHive2(String)[1149]" classname="org.apache.hadoop.hive.ql.io.parquet.serde.TestParquetTimestampsHive2Compatibility" time="0"/>
  <testcase name="testWriteHive2ReadHive2(String)[1150]" classname="org.apache.hadoop.hive.ql.io.parquet.serde.TestParquetTimestampsHive2Compatibility" time="0"/>
  <testcase name="testWriteHive2ReadHive2(String)[1151]" classname="org.apache.hadoop.hive.ql.io.parquet.serde.TestParquetTimestampsHive2Compatibility" time="0"/>
  <testcase name="testWriteHive2ReadHive2(String)[1152]" classname="org.apache.hadoop.hive.ql.io.parquet.serde.TestParquetTimestampsHive2Compatibility" time="0"/>
  <testcase name="testWriteHive2ReadHive2(String)[1153]" classname="org.apache.hadoop.hive.ql.io.parquet.serde.TestParquetTimestampsHive2Compatibility" time="0"/>
  <testcase name="testWriteHive2ReadHive2(String)[1154]" classname="org.apache.hadoop.hive.ql.io.parquet.serde.TestParquetTimestampsHive2Compatibility" time="0"/>
  <testcase name="testWriteHive2ReadHive2(String)[1155]" classname="org.apache.hadoop.hive.ql.io.parquet.serde.TestParquetTimestampsHive2Compatibility" time="0"/>
  <testcase name="testWriteHive2ReadHive2(String)[1156]" classname="org.apache.hadoop.hive.ql.io.parquet.serde.TestParquetTimestampsHive2Compatibility" time="0"/>
  <testcase name="testWriteHive2ReadHive2(String)[1157]" classname="org.apache.hadoop.hive.ql.io.parquet.serde.TestParquetTimestampsHive2Compatibility" time="0"/>
  <testcase name="testWriteHive2ReadHive2(String)[1158]" classname="org.apache.hadoop.hive.ql.io.parquet.serde.TestParquetTimestampsHive2Compatibility" time="0"/>
  <testcase name="testWriteHive2ReadHive2(String)[1159]" classname="org.apache.hadoop.hive.ql.io.parquet.serde.TestParquetTimestampsHive2Compatibility" time="0"/>
  <testcase name="testWriteHive2ReadHive2(String)[1160]" classname="org.apache.hadoop.hive.ql.io.parquet.serde.TestParquetTimestampsHive2Compatibility" time="0"/>
  <testcase name="testWriteHive2ReadHive2(String)[1161]" classname="org.apache.hadoop.hive.ql.io.parquet.serde.TestParquetTimestampsHive2Compatibility" time="0"/>
  <testcase name="testWriteHive2ReadHive2(String)[1162]" classname="org.apache.hadoop.hive.ql.io.parquet.serde.TestParquetTimestampsHive2Compatibility" time="0"/>
  <testcase name="testWriteHive2ReadHive2(String)[1163]" classname="org.apache.hadoop.hive.ql.io.parquet.serde.TestParquetTimestampsHive2Compatibility" time="0"/>
  <testcase name="testWriteHive2ReadHive2(String)[1164]" classname="org.apache.hadoop.hive.ql.io.parquet.serde.TestParquetTimestampsHive2Compatibility" time="0"/>
  <testcase name="testWriteHive2ReadHive2(String)[1165]" classname="org.apache.hadoop.hive.ql.io.parquet.serde.TestParquetTimestampsHive2Compatibility" time="0"/>
  <testcase name="testWriteHive2ReadHive2(String)[1166]" classname="org.apache.hadoop.hive.ql.io.parquet.serde.TestParquetTimestampsHive2Compatibility" time="0"/>
  <testcase name="testWriteHive2ReadHive2(String)[1167]" classname="org.apache.hadoop.hive.ql.io.parquet.serde.TestParquetTimestampsHive2Compatibility" time="0"/>
  <testcase name="testWriteHive2ReadHive2(String)[1168]" classname="org.apache.hadoop.hive.ql.io.parquet.serde.TestParquetTimestampsHive2Compatibility" time="0"/>
  <testcase name="testWriteHive2ReadHive2(String)[1169]" classname="org.apache.hadoop.hive.ql.io.parquet.serde.TestParquetTimestampsHive2Compatibility" time="0"/>
  <testcase name="testWriteHive2ReadHive2(String)[1170]" classname="org.apache.hadoop.hive.ql.io.parquet.serde.TestParquetTimestampsHive2Compatibility" time="0.001"/>
  <testcase name="testWriteHive2ReadHive2(String)[1171]" classname="org.apache.hadoop.hive.ql.io.parquet.serde.TestParquetTimestampsHive2Compatibility" time="0"/>
  <testcase name="testWriteHive2ReadHive2(String)[1172]" classname="org.apache.hadoop.hive.ql.io.parquet.serde.TestParquetTimestampsHive2Compatibility" time="0"/>
  <testcase name="testWriteHive2ReadHive2(String)[1173]" classname="org.apache.hadoop.hive.ql.io.parquet.serde.TestParquetTimestampsHive2Compatibility" time="0"/>
  <testcase name="testWriteHive2ReadHive2(String)[1174]" classname="org.apache.hadoop.hive.ql.io.parquet.serde.TestParquetTimestampsHive2Compatibility" time="0"/>
  <testcase name="testWriteHive2ReadHive2(String)[1175]" classname="org.apache.hadoop.hive.ql.io.parquet.serde.TestParquetTimestampsHive2Compatibility" time="0"/>
  <testcase name="testWriteHive2ReadHive2(String)[1176]" classname="org.apache.hadoop.hive.ql.io.parquet.serde.TestParquetTimestampsHive2Compatibility" time="0"/>
  <testcase name="testWriteHive2ReadHive2(String)[1177]" classname="org.apache.hadoop.hive.ql.io.parquet.serde.TestParquetTimestampsHive2Compatibility" time="0"/>
  <testcase name="testWriteHive2ReadHive2(String)[1178]" classname="org.apache.hadoop.hive.ql.io.parquet.serde.TestParquetTimestampsHive2Compatibility" time="0"/>
  <testcase name="testWriteHive2ReadHive2(String)[1179]" classname="org.apache.hadoop.hive.ql.io.parquet.serde.TestParquetTimestampsHive2Compatibility" time="0"/>
  <testcase name="testWriteHive2ReadHive2(String)[1180]" classname="org.apache.hadoop.hive.ql.io.parquet.serde.TestParquetTimestampsHive2Compatibility" time="0"/>
  <testcase name="testWriteHive2ReadHive2(String)[1181]" classname="org.apache.hadoop.hive.ql.io.parquet.serde.TestParquetTimestampsHive2Compatibility" time="0"/>
  <testcase name="testWriteHive2ReadHive2(String)[1182]" classname="org.apache.hadoop.hive.ql.io.parquet.serde.TestParquetTimestampsHive2Compatibility" time="0"/>
  <testcase name="testWriteHive2ReadHive2(String)[1183]" classname="org.apache.hadoop.hive.ql.io.parquet.serde.TestParquetTimestampsHive2Compatibility" time="0"/>
  <testcase name="testWriteHive2ReadHive2(String)[1184]" classname="org.apache.hadoop.hive.ql.io.parquet.serde.TestParquetTimestampsHive2Compatibility" time="0"/>
  <testcase name="testWriteHive2ReadHive2(String)[1185]" classname="org.apache.hadoop.hive.ql.io.parquet.serde.TestParquetTimestampsHive2Compatibility" time="0"/>
  <testcase name="testWriteHive2ReadHive2(String)[1186]" classname="org.apache.hadoop.hive.ql.io.parquet.serde.TestParquetTimestampsHive2Compatibility" time="0"/>
  <testcase name="testWriteHive2ReadHive2(String)[1187]" classname="org.apache.hadoop.hive.ql.io.parquet.serde.TestParquetTimestampsHive2Compatibility" time="0"/>
  <testcase name="testWriteHive2ReadHive2(String)[1188]" classname="org.apache.hadoop.hive.ql.io.parquet.serde.TestParquetTimestampsHive2Compatibility" time="0"/>
  <testcase name="testWriteHive2ReadHive2(String)[1189]" classname="org.apache.hadoop.hive.ql.io.parquet.serde.TestParquetTimestampsHive2Compatibility" time="0"/>
  <testcase name="testWriteHive2ReadHive2(String)[1190]" classname="org.apache.hadoop.hive.ql.io.parquet.serde.TestParquetTimestampsHive2Compatibility" time="0"/>
  <testcase name="testWriteHive2ReadHive2(String)[1191]" classname="org.apache.hadoop.hive.ql.io.parquet.serde.TestParquetTimestampsHive2Compatibility" time="0"/>
  <testcase name="testWriteHive2ReadHive2(String)[1192]" classname="org.apache.hadoop.hive.ql.io.parquet.serde.TestParquetTimestampsHive2Compatibility" time="0"/>
  <testcase name="testWriteHive2ReadHive2(String)[1193]" classname="org.apache.hadoop.hive.ql.io.parquet.serde.TestParquetTimestampsHive2Compatibility" time="0"/>
  <testcase name="testWriteHive2ReadHive2(String)[1194]" classname="org.apache.hadoop.hive.ql.io.parquet.serde.TestParquetTimestampsHive2Compatibility" time="0"/>
  <testcase name="testWriteHive2ReadHive2(String)[1195]" classname="org.apache.hadoop.hive.ql.io.parquet.serde.TestParquetTimestampsHive2Compatibility" time="0"/>
  <testcase name="testWriteHive2ReadHive2(String)[1196]" classname="org.apache.hadoop.hive.ql.io.parquet.serde.TestParquetTimestampsHive2Compatibility" time="0"/>
  <testcase name="testWriteHive2ReadHive2(String)[1197]" classname="org.apache.hadoop.hive.ql.io.parquet.serde.TestParquetTimestampsHive2Compatibility" time="0"/>
  <testcase name="testWriteHive2ReadHive2(String)[1198]" classname="org.apache.hadoop.hive.ql.io.parquet.serde.TestParquetTimestampsHive2Compatibility" time="0"/>
  <testcase name="testWriteHive2ReadHive2(String)[1199]" classname="org.apache.hadoop.hive.ql.io.parquet.serde.TestParquetTimestampsHive2Compatibility" time="0"/>
  <testcase name="testWriteHive2ReadHive2(String)[1200]" classname="org.apache.hadoop.hive.ql.io.parquet.serde.TestParquetTimestampsHive2Compatibility" time="0"/>
  <testcase name="testWriteHive2ReadHive2(String)[1201]" classname="org.apache.hadoop.hive.ql.io.parquet.serde.TestParquetTimestampsHive2Compatibility" time="0"/>
  <testcase name="testWriteHive2ReadHive2(String)[1202]" classname="org.apache.hadoop.hive.ql.io.parquet.serde.TestParquetTimestampsHive2Compatibility" time="0"/>
  <testcase name="testWriteHive2ReadHive2(String)[1203]" classname="org.apache.hadoop.hive.ql.io.parquet.serde.TestParquetTimestampsHive2Compatibility" time="0"/>
  <testcase name="testWriteHive2ReadHive2(String)[1204]" classname="org.apache.hadoop.hive.ql.io.parquet.serde.TestParquetTimestampsHive2Compatibility" time="0"/>
  <testcase name="testWriteHive2ReadHive2(String)[1205]" classname="org.apache.hadoop.hive.ql.io.parquet.serde.TestParquetTimestampsHive2Compatibility" time="0"/>
  <testcase name="testWriteHive2ReadHive2(String)[1206]" classname="org.apache.hadoop.hive.ql.io.parquet.serde.TestParquetTimestampsHive2Compatibility" time="0"/>
  <testcase name="testWriteHive2ReadHive2(String)[1207]" classname="org.apache.hadoop.hive.ql.io.parquet.serde.TestParquetTimestampsHive2Compatibility" time="0"/>
  <testcase name="testWriteHive2ReadHive2(String)[1208]" classname="org.apache.hadoop.hive.ql.io.parquet.serde.TestParquetTimestampsHive2Compatibility" time="0"/>
  <testcase name="testWriteHive2ReadHive2(String)[1209]" classname="org.apache.hadoop.hive.ql.io.parquet.serde.TestParquetTimestampsHive2Compatibility" time="0"/>
  <testcase name="testWriteHive2ReadHive2(String)[1210]" classname="org.apache.hadoop.hive.ql.io.parquet.serde.TestParquetTimestampsHive2Compatibility" time="0"/>
  <testcase name="testWriteHive2ReadHive2(String)[1211]" classname="org.apache.hadoop.hive.ql.io.parquet.serde.TestParquetTimestampsHive2Compatibility" time="0"/>
  <testcase name="testWriteHive2ReadHive2(String)[1212]" classname="org.apache.hadoop.hive.ql.io.parquet.serde.TestParquetTimestampsHive2Compatibility" time="0"/>
  <testcase name="testWriteHive2ReadHive2(String)[1213]" classname="org.apache.hadoop.hive.ql.io.parquet.serde.TestParquetTimestampsHive2Compatibility" time="0"/>
  <testcase name="testWriteHive2ReadHive2(String)[1214]" classname="org.apache.hadoop.hive.ql.io.parquet.serde.TestParquetTimestampsHive2Compatibility" time="0"/>
  <testcase name="testWriteHive2ReadHive2(String)[1215]" classname="org.apache.hadoop.hive.ql.io.parquet.serde.TestParquetTimestampsHive2Compatibility" time="0"/>
  <testcase name="testWriteHive2ReadHive2(String)[1216]" classname="org.apache.hadoop.hive.ql.io.parquet.serde.TestParquetTimestampsHive2Compatibility" time="0.001"/>
  <testcase name="testWriteHive2ReadHive2(String)[1217]" classname="org.apache.hadoop.hive.ql.io.parquet.serde.TestParquetTimestampsHive2Compatibility" time="0"/>
  <testcase name="testWriteHive2ReadHive2(String)[1218]" classname="org.apache.hadoop.hive.ql.io.parquet.serde.TestParquetTimestampsHive2Compatibility" time="0"/>
  <testcase name="testWriteHive2ReadHive2(String)[1219]" classname="org.apache.hadoop.hive.ql.io.parquet.serde.TestParquetTimestampsHive2Compatibility" time="0"/>
  <testcase name="testWriteHive2ReadHive2(String)[1220]" classname="org.apache.hadoop.hive.ql.io.parquet.serde.TestParquetTimestampsHive2Compatibility" time="0"/>
  <testcase name="testWriteHive2ReadHive2(String)[1221]" classname="org.apache.hadoop.hive.ql.io.parquet.serde.TestParquetTimestampsHive2Compatibility" time="0"/>
  <testcase name="testWriteHive2ReadHive2(String)[1222]" classname="org.apache.hadoop.hive.ql.io.parquet.serde.TestParquetTimestampsHive2Compatibility" time="0"/>
  <testcase name="testWriteHive2ReadHive2(String)[1223]" classname="org.apache.hadoop.hive.ql.io.parquet.serde.TestParquetTimestampsHive2Compatibility" time="0"/>
  <testcase name="testWriteHive2ReadHive2(String)[1224]" classname="org.apache.hadoop.hive.ql.io.parquet.serde.TestParquetTimestampsHive2Compatibility" time="0"/>
  <testcase name="testWriteHive2ReadHive2(String)[1225]" classname="org.apache.hadoop.hive.ql.io.parquet.serde.TestParquetTimestampsHive2Compatibility" time="0"/>
  <testcase name="testWriteHive2ReadHive2(String)[1226]" classname="org.apache.hadoop.hive.ql.io.parquet.serde.TestParquetTimestampsHive2Compatibility" time="0"/>
  <testcase name="testWriteHive2ReadHive2(String)[1227]" classname="org.apache.hadoop.hive.ql.io.parquet.serde.TestParquetTimestampsHive2Compatibility" time="0"/>
  <testcase name="testWriteHive2ReadHive2(String)[1228]" classname="org.apache.hadoop.hive.ql.io.parquet.serde.TestParquetTimestampsHive2Compatibility" time="0"/>
  <testcase name="testWriteHive2ReadHive2(String)[1229]" classname="org.apache.hadoop.hive.ql.io.parquet.serde.TestParquetTimestampsHive2Compatibility" time="0"/>
  <testcase name="testWriteHive2ReadHive2(String)[1230]" classname="org.apache.hadoop.hive.ql.io.parquet.serde.TestParquetTimestampsHive2Compatibility" time="0"/>
  <testcase name="testWriteHive2ReadHive2(String)[1231]" classname="org.apache.hadoop.hive.ql.io.parquet.serde.TestParquetTimestampsHive2Compatibility" time="0"/>
  <testcase name="testWriteHive2ReadHive2(String)[1232]" classname="org.apache.hadoop.hive.ql.io.parquet.serde.TestParquetTimestampsHive2Compatibility" time="0.001"/>
  <testcase name="testWriteHive2ReadHive2(String)[1233]" classname="org.apache.hadoop.hive.ql.io.parquet.serde.TestParquetTimestampsHive2Compatibility" time="0"/>
  <testcase name="testWriteHive2ReadHive2(String)[1234]" classname="org.apache.hadoop.hive.ql.io.parquet.serde.TestParquetTimestampsHive2Compatibility" time="0"/>
  <testcase name="testWriteHive2ReadHive2(String)[1235]" classname="org.apache.hadoop.hive.ql.io.parquet.serde.TestParquetTimestampsHive2Compatibility" time="0"/>
  <testcase name="testWriteHive2ReadHive2(String)[1236]" classname="org.apache.hadoop.hive.ql.io.parquet.serde.TestParquetTimestampsHive2Compatibility" time="0"/>
  <testcase name="testWriteHive2ReadHive2(String)[1237]" classname="org.apache.hadoop.hive.ql.io.parquet.serde.TestParquetTimestampsHive2Compatibility" time="0.001"/>
  <testcase name="testWriteHive2ReadHive2(String)[1238]" classname="org.apache.hadoop.hive.ql.io.parquet.serde.TestParquetTimestampsHive2Compatibility" time="0"/>
  <testcase name="testWriteHive2ReadHive2(String)[1239]" classname="org.apache.hadoop.hive.ql.io.parquet.serde.TestParquetTimestampsHive2Compatibility" time="0"/>
  <testcase name="testWriteHive2ReadHive2(String)[1240]" classname="org.apache.hadoop.hive.ql.io.parquet.serde.TestParquetTimestampsHive2Compatibility" time="0"/>
  <testcase name="testWriteHive2ReadHive2(String)[1241]" classname="org.apache.hadoop.hive.ql.io.parquet.serde.TestParquetTimestampsHive2Compatibility" time="0"/>
  <testcase name="testWriteHive2ReadHive2(String)[1242]" classname="org.apache.hadoop.hive.ql.io.parquet.serde.TestParquetTimestampsHive2Compatibility" time="0"/>
  <testcase name="testWriteHive2ReadHive2(String)[1243]" classname="org.apache.hadoop.hive.ql.io.parquet.serde.TestParquetTimestampsHive2Compatibility" time="0"/>
  <testcase name="testWriteHive2ReadHive2(String)[1244]" classname="org.apache.hadoop.hive.ql.io.parquet.serde.TestParquetTimestampsHive2Compatibility" time="0"/>
  <testcase name="testWriteHive2ReadHive2(String)[1245]" classname="org.apache.hadoop.hive.ql.io.parquet.serde.TestParquetTimestampsHive2Compatibility" time="0"/>
  <testcase name="testWriteHive2ReadHive2(String)[1246]" classname="org.apache.hadoop.hive.ql.io.parquet.serde.TestParquetTimestampsHive2Compatibility" time="0"/>
  <testcase name="testWriteHive2ReadHive2(String)[1247]" classname="org.apache.hadoop.hive.ql.io.parquet.serde.TestParquetTimestampsHive2Compatibility" time="0"/>
  <testcase name="testWriteHive2ReadHive2(String)[1248]" classname="org.apache.hadoop.hive.ql.io.parquet.serde.TestParquetTimestampsHive2Compatibility" time="0.001"/>
  <testcase name="testWriteHive2ReadHive2(String)[1249]" classname="org.apache.hadoop.hive.ql.io.parquet.serde.TestParquetTimestampsHive2Compatibility" time="0"/>
  <testcase name="testWriteHive2ReadHive2(String)[1250]" classname="org.apache.hadoop.hive.ql.io.parquet.serde.TestParquetTimestampsHive2Compatibility" time="0"/>
  <testcase name="testWriteHive2ReadHive2(String)[1251]" classname="org.apache.hadoop.hive.ql.io.parquet.serde.TestParquetTimestampsHive2Compatibility" time="0"/>
  <testcase name="testWriteHive2ReadHive2(String)[1252]" classname="org.apache.hadoop.hive.ql.io.parquet.serde.TestParquetTimestampsHive2Compatibility" time="0"/>
  <testcase name="testWriteHive2ReadHive2(String)[1253]" classname="org.apache.hadoop.hive.ql.io.parquet.serde.TestParquetTimestampsHive2Compatibility" time="0"/>
  <testcase name="testWriteHive2ReadHive2(String)[1254]" classname="org.apache.hadoop.hive.ql.io.parquet.serde.TestParquetTimestampsHive2Compatibility" time="0"/>
  <testcase name="testWriteHive2ReadHive2(String)[1255]" classname="org.apache.hadoop.hive.ql.io.parquet.serde.TestParquetTimestampsHive2Compatibility" time="0"/>
  <testcase name="testWriteHive2ReadHive2(String)[1256]" classname="org.apache.hadoop.hive.ql.io.parquet.serde.TestParquetTimestampsHive2Compatibility" time="0"/>
  <testcase name="testWriteHive2ReadHive2(String)[1257]" classname="org.apache.hadoop.hive.ql.io.parquet.serde.TestParquetTimestampsHive2Compatibility" time="0"/>
  <testcase name="testWriteHive2ReadHive2(String)[1258]" classname="org.apache.hadoop.hive.ql.io.parquet.serde.TestParquetTimestampsHive2Compatibility" time="0"/>
  <testcase name="testWriteHive2ReadHive2(String)[1259]" classname="org.apache.hadoop.hive.ql.io.parquet.serde.TestParquetTimestampsHive2Compatibility" time="0"/>
  <testcase name="testWriteHive2ReadHive2(String)[1260]" classname="org.apache.hadoop.hive.ql.io.parquet.serde.TestParquetTimestampsHive2Compatibility" time="0"/>
  <testcase name="testWriteHive2ReadHive2(String)[1261]" classname="org.apache.hadoop.hive.ql.io.parquet.serde.TestParquetTimestampsHive2Compatibility" time="0"/>
  <testcase name="testWriteHive2ReadHive2(String)[1262]" classname="org.apache.hadoop.hive.ql.io.parquet.serde.TestParquetTimestampsHive2Compatibility" time="0"/>
  <testcase name="testWriteHive2ReadHive2(String)[1263]" classname="org.apache.hadoop.hive.ql.io.parquet.serde.TestParquetTimestampsHive2Compatibility" time="0"/>
  <testcase name="testWriteHive2ReadHive2(String)[1264]" classname="org.apache.hadoop.hive.ql.io.parquet.serde.TestParquetTimestampsHive2Compatibility" time="0.001"/>
  <testcase name="testWriteHive2ReadHive2(String)[1265]" classname="org.apache.hadoop.hive.ql.io.parquet.serde.TestParquetTimestampsHive2Compatibility" time="0"/>
  <testcase name="testWriteHive2ReadHive2(String)[1266]" classname="org.apache.hadoop.hive.ql.io.parquet.serde.TestParquetTimestampsHive2Compatibility" time="0"/>
  <testcase name="testWriteHive2ReadHive2(String)[1267]" classname="org.apache.hadoop.hive.ql.io.parquet.serde.TestParquetTimestampsHive2Compatibility" time="0"/>
  <testcase name="testWriteHive2ReadHive2(String)[1268]" classname="org.apache.hadoop.hive.ql.io.parquet.serde.TestParquetTimestampsHive2Compatibility" time="0"/>
  <testcase name="testWriteHive2ReadHive2(String)[1269]" classname="org.apache.hadoop.hive.ql.io.parquet.serde.TestParquetTimestampsHive2Compatibility" time="0"/>
  <testcase name="testWriteHive2ReadHive2(String)[1270]" classname="org.apache.hadoop.hive.ql.io.parquet.serde.TestParquetTimestampsHive2Compatibility" time="0"/>
  <testcase name="testWriteHive2ReadHive2(String)[1271]" classname="org.apache.hadoop.hive.ql.io.parquet.serde.TestParquetTimestampsHive2Compatibility" time="0"/>
  <testcase name="testWriteHive2ReadHive2(String)[1272]" classname="org.apache.hadoop.hive.ql.io.parquet.serde.TestParquetTimestampsHive2Compatibility" time="0"/>
  <testcase name="testWriteHive2ReadHive2(String)[1273]" classname="org.apache.hadoop.hive.ql.io.parquet.serde.TestParquetTimestampsHive2Compatibility" time="0"/>
  <testcase name="testWriteHive2ReadHive2(String)[1274]" classname="org.apache.hadoop.hive.ql.io.parquet.serde.TestParquetTimestampsHive2Compatibility" time="0"/>
  <testcase name="testWriteHive2ReadHive2(String)[1275]" classname="org.apache.hadoop.hive.ql.io.parquet.serde.TestParquetTimestampsHive2Compatibility" time="0.001"/>
  <testcase name="testWriteHive2ReadHive2(String)[1276]" classname="org.apache.hadoop.hive.ql.io.parquet.serde.TestParquetTimestampsHive2Compatibility" time="0"/>
  <testcase name="testWriteHive2ReadHive2(String)[1277]" classname="org.apache.hadoop.hive.ql.io.parquet.serde.TestParquetTimestampsHive2Compatibility" time="0"/>
  <testcase name="testWriteHive2ReadHive2(String)[1278]" classname="org.apache.hadoop.hive.ql.io.parquet.serde.TestParquetTimestampsHive2Compatibility" time="0"/>
  <testcase name="testWriteHive2ReadHive2(String)[1279]" classname="org.apache.hadoop.hive.ql.io.parquet.serde.TestParquetTimestampsHive2Compatibility" time="0"/>
  <testcase name="testWriteHive2ReadHive2(String)[1280]" classname="org.apache.hadoop.hive.ql.io.parquet.serde.TestParquetTimestampsHive2Compatibility" time="0"/>
  <testcase name="testWriteHive2ReadHive2(String)[1281]" classname="org.apache.hadoop.hive.ql.io.parquet.serde.TestParquetTimestampsHive2Compatibility" time="0"/>
  <testcase name="testWriteHive2ReadHive2(String)[1282]" classname="org.apache.hadoop.hive.ql.io.parquet.serde.TestParquetTimestampsHive2Compatibility" time="0"/>
  <testcase name="testWriteHive2ReadHive2(String)[1283]" classname="org.apache.hadoop.hive.ql.io.parquet.serde.TestParquetTimestampsHive2Compatibility" time="0"/>
  <testcase name="testWriteHive2ReadHive2(String)[1284]" classname="org.apache.hadoop.hive.ql.io.parquet.serde.TestParquetTimestampsHive2Compatibility" time="0"/>
  <testcase name="testWriteHive2ReadHive2(String)[1285]" classname="org.apache.hadoop.hive.ql.io.parquet.serde.TestParquetTimestampsHive2Compatibility" time="0"/>
  <testcase name="testWriteHive2ReadHive2(String)[1286]" classname="org.apache.hadoop.hive.ql.io.parquet.serde.TestParquetTimestampsHive2Compatibility" time="0.001"/>
  <testcase name="testWriteHive2ReadHive2(String)[1287]" classname="org.apache.hadoop.hive.ql.io.parquet.serde.TestParquetTimestampsHive2Compatibility" time="0"/>
  <testcase name="testWriteHive2ReadHive2(String)[1288]" classname="org.apache.hadoop.hive.ql.io.parquet.serde.TestParquetTimestampsHive2Compatibility" time="0"/>
  <testcase name="testWriteHive2ReadHive2(String)[1289]" classname="org.apache.hadoop.hive.ql.io.parquet.serde.TestParquetTimestampsHive2Compatibility" time="0"/>
  <testcase name="testWriteHive2ReadHive2(String)[1290]" classname="org.apache.hadoop.hive.ql.io.parquet.serde.TestParquetTimestampsHive2Compatibility" time="0"/>
  <testcase name="testWriteHive2ReadHive2(String)[1291]" classname="org.apache.hadoop.hive.ql.io.parquet.serde.TestParquetTimestampsHive2Compatibility" time="0"/>
  <testcase name="testWriteHive2ReadHive2(String)[1292]" classname="org.apache.hadoop.hive.ql.io.parquet.serde.TestParquetTimestampsHive2Compatibility" time="0"/>
  <testcase name="testWriteHive2ReadHive2(String)[1293]" classname="org.apache.hadoop.hive.ql.io.parquet.serde.TestParquetTimestampsHive2Compatibility" time="0"/>
  <testcase name="testWriteHive2ReadHive2(String)[1294]" classname="org.apache.hadoop.hive.ql.io.parquet.serde.TestParquetTimestampsHive2Compatibility" time="0"/>
  <testcase name="testWriteHive2ReadHive2(String)[1295]" classname="org.apache.hadoop.hive.ql.io.parquet.serde.TestParquetTimestampsHive2Compatibility" time="0"/>
  <testcase name="testWriteHive2ReadHive2(String)[1296]" classname="org.apache.hadoop.hive.ql.io.parquet.serde.TestParquetTimestampsHive2Compatibility" time="0"/>
  <testcase name="testWriteHive2ReadHive2(String)[1297]" classname="org.apache.hadoop.hive.ql.io.parquet.serde.TestParquetTimestampsHive2Compatibility" time="0"/>
  <testcase name="testWriteHive2ReadHive2(String)[1298]" classname="org.apache.hadoop.hive.ql.io.parquet.serde.TestParquetTimestampsHive2Compatibility" time="0"/>
  <testcase name="testWriteHive2ReadHive2(String)[1299]" classname="org.apache.hadoop.hive.ql.io.parquet.serde.TestParquetTimestampsHive2Compatibility" time="0"/>
  <testcase name="testWriteHive2ReadHive2(String)[1300]" classname="org.apache.hadoop.hive.ql.io.parquet.serde.TestParquetTimestampsHive2Compatibility" time="0"/>
  <testcase name="testWriteHive2ReadHive2(String)[1301]" classname="org.apache.hadoop.hive.ql.io.parquet.serde.TestParquetTimestampsHive2Compatibility" time="0"/>
  <testcase name="testWriteHive2ReadHive2(String)[1302]" classname="org.apache.hadoop.hive.ql.io.parquet.serde.TestParquetTimestampsHive2Compatibility" time="0.001"/>
  <testcase name="testWriteHive2ReadHive2(String)[1303]" classname="org.apache.hadoop.hive.ql.io.parquet.serde.TestParquetTimestampsHive2Compatibility" time="0"/>
  <testcase name="testWriteHive2ReadHive2(String)[1304]" classname="org.apache.hadoop.hive.ql.io.parquet.serde.TestParquetTimestampsHive2Compatibility" time="0"/>
  <testcase name="testWriteHive2ReadHive2(String)[1305]" classname="org.apache.hadoop.hive.ql.io.parquet.serde.TestParquetTimestampsHive2Compatibility" time="0"/>
  <testcase name="testWriteHive2ReadHive2(String)[1306]" classname="org.apache.hadoop.hive.ql.io.parquet.serde.TestParquetTimestampsHive2Compatibility" time="0"/>
  <testcase name="testWriteHive2ReadHive2(String)[1307]" classname="org.apache.hadoop.hive.ql.io.parquet.serde.TestParquetTimestampsHive2Compatibility" time="0"/>
  <testcase name="testWriteHive2ReadHive2(String)[1308]" classname="org.apache.hadoop.hive.ql.io.parquet.serde.TestParquetTimestampsHive2Compatibility" time="0"/>
  <testcase name="testWriteHive2ReadHive2(String)[1309]" classname="org.apache.hadoop.hive.ql.io.parquet.serde.TestParquetTimestampsHive2Compatibility" time="0"/>
  <testcase name="testWriteHive2ReadHive2(String)[1310]" classname="org.apache.hadoop.hive.ql.io.parquet.serde.TestParquetTimestampsHive2Compatibility" time="0"/>
  <testcase name="testWriteHive2ReadHive2(String)[1311]" classname="org.apache.hadoop.hive.ql.io.parquet.serde.TestParquetTimestampsHive2Compatibility" time="0"/>
  <testcase name="testWriteHive2ReadHive2(String)[1312]" classname="org.apache.hadoop.hive.ql.io.parquet.serde.TestParquetTimestampsHive2Compatibility" time="0"/>
  <testcase name="testWriteHive2ReadHive2(String)[1313]" classname="org.apache.hadoop.hive.ql.io.parquet.serde.TestParquetTimestampsHive2Compatibility" time="0"/>
  <testcase name="testWriteHive2ReadHive2(String)[1314]" classname="org.apache.hadoop.hive.ql.io.parquet.serde.TestParquetTimestampsHive2Compatibility" time="0"/>
  <testcase name="testWriteHive2ReadHive2(String)[1315]" classname="org.apache.hadoop.hive.ql.io.parquet.serde.TestParquetTimestampsHive2Compatibility" time="0"/>
  <testcase name="testWriteHive2ReadHive2(String)[1316]" classname="org.apache.hadoop.hive.ql.io.parquet.serde.TestParquetTimestampsHive2Compatibility" time="0"/>
  <testcase name="testWriteHive2ReadHive2(String)[1317]" classname="org.apache.hadoop.hive.ql.io.parquet.serde.TestParquetTimestampsHive2Compatibility" time="0"/>
  <testcase name="testWriteHive2ReadHive2(String)[1318]" classname="org.apache.hadoop.hive.ql.io.parquet.serde.TestParquetTimestampsHive2Compatibility" time="0.001"/>
  <testcase name="testWriteHive2ReadHive2(String)[1319]" classname="org.apache.hadoop.hive.ql.io.parquet.serde.TestParquetTimestampsHive2Compatibility" time="0"/>
  <testcase name="testWriteHive2ReadHive2(String)[1320]" classname="org.apache.hadoop.hive.ql.io.parquet.serde.TestParquetTimestampsHive2Compatibility" time="0"/>
  <testcase name="testWriteHive2ReadHive2(String)[1321]" classname="org.apache.hadoop.hive.ql.io.parquet.serde.TestParquetTimestampsHive2Compatibility" time="0"/>
  <testcase name="testWriteHive2ReadHive2(String)[1322]" classname="org.apache.hadoop.hive.ql.io.parquet.serde.TestParquetTimestampsHive2Compatibility" time="0"/>
  <testcase name="testWriteHive2ReadHive2(String)[1323]" classname="org.apache.hadoop.hive.ql.io.parquet.serde.TestParquetTimestampsHive2Compatibility" time="0"/>
  <testcase name="testWriteHive2ReadHive2(String)[1324]" classname="org.apache.hadoop.hive.ql.io.parquet.serde.TestParquetTimestampsHive2Compatibility" time="0"/>
  <testcase name="testWriteHive2ReadHive2(String)[1325]" classname="org.apache.hadoop.hive.ql.io.parquet.serde.TestParquetTimestampsHive2Compatibility" time="0"/>
  <testcase name="testWriteHive2ReadHive2(String)[1326]" classname="org.apache.hadoop.hive.ql.io.parquet.serde.TestParquetTimestampsHive2Compatibility" time="0"/>
  <testcase name="testWriteHive2ReadHive2(String)[1327]" classname="org.apache.hadoop.hive.ql.io.parquet.serde.TestParquetTimestampsHive2Compatibility" time="0"/>
  <testcase name="testWriteHive2ReadHive2(String)[1328]" classname="org.apache.hadoop.hive.ql.io.parquet.serde.TestParquetTimestampsHive2Compatibility" time="0"/>
  <testcase name="testWriteHive2ReadHive2(String)[1329]" classname="org.apache.hadoop.hive.ql.io.parquet.serde.TestParquetTimestampsHive2Compatibility" time="0.001"/>
  <testcase name="testWriteHive2ReadHive2(String)[1330]" classname="org.apache.hadoop.hive.ql.io.parquet.serde.TestParquetTimestampsHive2Compatibility" time="0"/>
  <testcase name="testWriteHive2ReadHive2(String)[1331]" classname="org.apache.hadoop.hive.ql.io.parquet.serde.TestParquetTimestampsHive2Compatibility" time="0"/>
  <testcase name="testWriteHive2ReadHive2(String)[1332]" classname="org.apache.hadoop.hive.ql.io.parquet.serde.TestParquetTimestampsHive2Compatibility" time="0"/>
  <testcase name="testWriteHive2ReadHive2(String)[1333]" classname="org.apache.hadoop.hive.ql.io.parquet.serde.TestParquetTimestampsHive2Compatibility" time="0"/>
  <testcase name="testWriteHive2ReadHive2(String)[1334]" classname="org.apache.hadoop.hive.ql.io.parquet.serde.TestParquetTimestampsHive2Compatibility" time="0"/>
  <testcase name="testWriteHive2ReadHive2(String)[1335]" classname="org.apache.hadoop.hive.ql.io.parquet.serde.TestParquetTimestampsHive2Compatibility" time="0"/>
  <testcase name="testWriteHive2ReadHive2(String)[1336]" classname="org.apache.hadoop.hive.ql.io.parquet.serde.TestParquetTimestampsHive2Compatibility" time="0"/>
  <testcase name="testWriteHive2ReadHive2(String)[1337]" classname="org.apache.hadoop.hive.ql.io.parquet.serde.TestParquetTimestampsHive2Compatibility" time="0"/>
  <testcase name="testWriteHive2ReadHive2(String)[1338]" classname="org.apache.hadoop.hive.ql.io.parquet.serde.TestParquetTimestampsHive2Compatibility" time="0"/>
  <testcase name="testWriteHive2ReadHive2(String)[1339]" classname="org.apache.hadoop.hive.ql.io.parquet.serde.TestParquetTimestampsHive2Compatibility" time="0"/>
  <testcase name="testWriteHive2ReadHive2(String)[1340]" classname="org.apache.hadoop.hive.ql.io.parquet.serde.TestParquetTimestampsHive2Compatibility" time="0"/>
  <testcase name="testWriteHive2ReadHive2(String)[1341]" classname="org.apache.hadoop.hive.ql.io.parquet.serde.TestParquetTimestampsHive2Compatibility" time="0"/>
  <testcase name="testWriteHive2ReadHive2(String)[1342]" classname="org.apache.hadoop.hive.ql.io.parquet.serde.TestParquetTimestampsHive2Compatibility" time="0"/>
  <testcase name="testWriteHive2ReadHive2(String)[1343]" classname="org.apache.hadoop.hive.ql.io.parquet.serde.TestParquetTimestampsHive2Compatibility" time="0"/>
  <testcase name="testWriteHive2ReadHive2(String)[1344]" classname="org.apache.hadoop.hive.ql.io.parquet.serde.TestParquetTimestampsHive2Compatibility" time="0"/>
  <testcase name="testWriteHive2ReadHive2(String)[1345]" classname="org.apache.hadoop.hive.ql.io.parquet.serde.TestParquetTimestampsHive2Compatibility" time="0.001"/>
  <testcase name="testWriteHive2ReadHive2(String)[1346]" classname="org.apache.hadoop.hive.ql.io.parquet.serde.TestParquetTimestampsHive2Compatibility" time="0"/>
  <testcase name="testWriteHive2ReadHive2(String)[1347]" classname="org.apache.hadoop.hive.ql.io.parquet.serde.TestParquetTimestampsHive2Compatibility" time="0"/>
  <testcase name="testWriteHive2ReadHive2(String)[1348]" classname="org.apache.hadoop.hive.ql.io.parquet.serde.TestParquetTimestampsHive2Compatibility" time="0"/>
  <testcase name="testWriteHive2ReadHive2(String)[1349]" classname="org.apache.hadoop.hive.ql.io.parquet.serde.TestParquetTimestampsHive2Compatibility" time="0"/>
  <testcase name="testWriteHive2ReadHive2(String)[1350]" classname="org.apache.hadoop.hive.ql.io.parquet.serde.TestParquetTimestampsHive2Compatibility" time="0"/>
  <testcase name="testWriteHive2ReadHive2(String)[1351]" classname="org.apache.hadoop.hive.ql.io.parquet.serde.TestParquetTimestampsHive2Compatibility" time="0"/>
  <testcase name="testWriteHive2ReadHive2(String)[1352]" classname="org.apache.hadoop.hive.ql.io.parquet.serde.TestParquetTimestampsHive2Compatibility" time="0"/>
  <testcase name="testWriteHive2ReadHive2(String)[1353]" classname="org.apache.hadoop.hive.ql.io.parquet.serde.TestParquetTimestampsHive2Compatibility" time="0"/>
  <testcase name="testWriteHive2ReadHive2(String)[1354]" classname="org.apache.hadoop.hive.ql.io.parquet.serde.TestParquetTimestampsHive2Compatibility" time="0"/>
  <testcase name="testWriteHive2ReadHive2(String)[1355]" classname="org.apache.hadoop.hive.ql.io.parquet.serde.TestParquetTimestampsHive2Compatibility" time="0"/>
  <testcase name="testWriteHive2ReadHive2(String)[1356]" classname="org.apache.hadoop.hive.ql.io.parquet.serde.TestParquetTimestampsHive2Compatibility" time="0.001"/>
  <testcase name="testWriteHive2ReadHive2(String)[1357]" classname="org.apache.hadoop.hive.ql.io.parquet.serde.TestParquetTimestampsHive2Compatibility" time="0"/>
  <testcase name="testWriteHive2ReadHive2(String)[1358]" classname="org.apache.hadoop.hive.ql.io.parquet.serde.TestParquetTimestampsHive2Compatibility" time="0"/>
  <testcase name="testWriteHive2ReadHive2(String)[1359]" classname="org.apache.hadoop.hive.ql.io.parquet.serde.TestParquetTimestampsHive2Compatibility" time="0"/>
  <testcase name="testWriteHive2ReadHive2(String)[1360]" classname="org.apache.hadoop.hive.ql.io.parquet.serde.TestParquetTimestampsHive2Compatibility" time="0"/>
  <testcase name="testWriteHive2ReadHive2(String)[1361]" classname="org.apache.hadoop.hive.ql.io.parquet.serde.TestParquetTimestampsHive2Compatibility" time="0"/>
  <testcase name="testWriteHive2ReadHive2(String)[1362]" classname="org.apache.hadoop.hive.ql.io.parquet.serde.TestParquetTimestampsHive2Compatibility" time="0"/>
  <testcase name="testWriteHive2ReadHive2(String)[1363]" classname="org.apache.hadoop.hive.ql.io.parquet.serde.TestParquetTimestampsHive2Compatibility" time="0"/>
  <testcase name="testWriteHive2ReadHive2(String)[1364]" classname="org.apache.hadoop.hive.ql.io.parquet.serde.TestParquetTimestampsHive2Compatibility" time="0"/>
  <testcase name="testWriteHive2ReadHive2(String)[1365]" classname="org.apache.hadoop.hive.ql.io.parquet.serde.TestParquetTimestampsHive2Compatibility" time="0"/>
  <testcase name="testWriteHive2ReadHive2(String)[1366]" classname="org.apache.hadoop.hive.ql.io.parquet.serde.TestParquetTimestampsHive2Compatibility" time="0"/>
  <testcase name="testWriteHive2ReadHive2(String)[1367]" classname="org.apache.hadoop.hive.ql.io.parquet.serde.TestParquetTimestampsHive2Compatibility" time="0.001"/>
  <testcase name="testWriteHive2ReadHive2(String)[1368]" classname="org.apache.hadoop.hive.ql.io.parquet.serde.TestParquetTimestampsHive2Compatibility" time="0"/>
  <testcase name="testWriteHive2ReadHive2(String)[1369]" classname="org.apache.hadoop.hive.ql.io.parquet.serde.TestParquetTimestampsHive2Compatibility" time="0"/>
  <testcase name="testWriteHive2ReadHive2(String)[1370]" classname="org.apache.hadoop.hive.ql.io.parquet.serde.TestParquetTimestampsHive2Compatibility" time="0"/>
  <testcase name="testWriteHive2ReadHive2(String)[1371]" classname="org.apache.hadoop.hive.ql.io.parquet.serde.TestParquetTimestampsHive2Compatibility" time="0"/>
  <testcase name="testWriteHive2ReadHive2(String)[1372]" classname="org.apache.hadoop.hive.ql.io.parquet.serde.TestParquetTimestampsHive2Compatibility" time="0"/>
  <testcase name="testWriteHive2ReadHive2(String)[1373]" classname="org.apache.hadoop.hive.ql.io.parquet.serde.TestParquetTimestampsHive2Compatibility" time="0"/>
  <testcase name="testWriteHive2ReadHive2(String)[1374]" classname="org.apache.hadoop.hive.ql.io.parquet.serde.TestParquetTimestampsHive2Compatibility" time="0"/>
  <testcase name="testWriteHive2ReadHive2(String)[1375]" classname="org.apache.hadoop.hive.ql.io.parquet.serde.TestParquetTimestampsHive2Compatibility" time="0"/>
  <testcase name="testWriteHive2ReadHive2(String)[1376]" classname="org.apache.hadoop.hive.ql.io.parquet.serde.TestParquetTimestampsHive2Compatibility" time="0"/>
  <testcase name="testWriteHive2ReadHive2(String)[1377]" classname="org.apache.hadoop.hive.ql.io.parquet.serde.TestParquetTimestampsHive2Compatibility" time="0"/>
  <testcase name="testWriteHive2ReadHive2(String)[1378]" classname="org.apache.hadoop.hive.ql.io.parquet.serde.TestParquetTimestampsHive2Compatibility" time="0"/>
  <testcase name="testWriteHive2ReadHive2(String)[1379]" classname="org.apache.hadoop.hive.ql.io.parquet.serde.TestParquetTimestampsHive2Compatibility" time="0"/>
  <testcase name="testWriteHive2ReadHive2(String)[1380]" classname="org.apache.hadoop.hive.ql.io.parquet.serde.TestParquetTimestampsHive2Compatibility" time="0"/>
  <testcase name="testWriteHive2ReadHive2(String)[1381]" classname="org.apache.hadoop.hive.ql.io.parquet.serde.TestParquetTimestampsHive2Compatibility" time="0"/>
  <testcase name="testWriteHive2ReadHive2(String)[1382]" classname="org.apache.hadoop.hive.ql.io.parquet.serde.TestParquetTimestampsHive2Compatibility" time="0"/>
  <testcase name="testWriteHive2ReadHive2(String)[1383]" classname="org.apache.hadoop.hive.ql.io.parquet.serde.TestParquetTimestampsHive2Compatibility" time="0.001"/>
  <testcase name="testWriteHive2ReadHive2(String)[1384]" classname="org.apache.hadoop.hive.ql.io.parquet.serde.TestParquetTimestampsHive2Compatibility" time="0"/>
  <testcase name="testWriteHive2ReadHive2(String)[1385]" classname="org.apache.hadoop.hive.ql.io.parquet.serde.TestParquetTimestampsHive2Compatibility" time="0"/>
  <testcase name="testWriteHive2ReadHive2(String)[1386]" classname="org.apache.hadoop.hive.ql.io.parquet.serde.TestParquetTimestampsHive2Compatibility" time="0"/>
  <testcase name="testWriteHive2ReadHive2(String)[1387]" classname="org.apache.hadoop.hive.ql.io.parquet.serde.TestParquetTimestampsHive2Compatibility" time="0"/>
  <testcase name="testWriteHive2ReadHive2(String)[1388]" classname="org.apache.hadoop.hive.ql.io.parquet.serde.TestParquetTimestampsHive2Compatibility" time="0"/>
  <testcase name="testWriteHive2ReadHive2(String)[1389]" classname="org.apache.hadoop.hive.ql.io.parquet.serde.TestParquetTimestampsHive2Compatibility" time="0"/>
  <testcase name="testWriteHive2ReadHive2(String)[1390]" classname="org.apache.hadoop.hive.ql.io.parquet.serde.TestParquetTimestampsHive2Compatibility" time="0"/>
  <testcase name="testWriteHive2ReadHive2(String)[1391]" classname="org.apache.hadoop.hive.ql.io.parquet.serde.TestParquetTimestampsHive2Compatibility" time="0"/>
  <testcase name="testWriteHive2ReadHive2(String)[1392]" classname="org.apache.hadoop.hive.ql.io.parquet.serde.TestParquetTimestampsHive2Compatibility" time="0"/>
  <testcase name="testWriteHive2ReadHive2(String)[1393]" classname="org.apache.hadoop.hive.ql.io.parquet.serde.TestParquetTimestampsHive2Compatibility" time="0"/>
  <testcase name="testWriteHive2ReadHive2(String)[1394]" classname="org.apache.hadoop.hive.ql.io.parquet.serde.TestParquetTimestampsHive2Compatibility" time="0"/>
  <testcase name="testWriteHive2ReadHive2(String)[1395]" classname="org.apache.hadoop.hive.ql.io.parquet.serde.TestParquetTimestampsHive2Compatibility" time="0"/>
  <testcase name="testWriteHive2ReadHive2(String)[1396]" classname="org.apache.hadoop.hive.ql.io.parquet.serde.TestParquetTimestampsHive2Compatibility" time="0"/>
  <testcase name="testWriteHive2ReadHive2(String)[1397]" classname="org.apache.hadoop.hive.ql.io.parquet.serde.TestParquetTimestampsHive2Compatibility" time="0"/>
  <testcase name="testWriteHive2ReadHive2(String)[1398]" classname="org.apache.hadoop.hive.ql.io.parquet.serde.TestParquetTimestampsHive2Compatibility" time="0"/>
  <testcase name="testWriteHive2ReadHive2(String)[1399]" classname="org.apache.hadoop.hive.ql.io.parquet.serde.TestParquetTimestampsHive2Compatibility" time="0"/>
  <testcase name="testWriteHive2ReadHive2(String)[1400]" classname="org.apache.hadoop.hive.ql.io.parquet.serde.TestParquetTimestampsHive2Compatibility" time="0.001"/>
  <testcase name="testWriteHive2ReadHive2(String)[1401]" classname="org.apache.hadoop.hive.ql.io.parquet.serde.TestParquetTimestampsHive2Compatibility" time="0"/>
  <testcase name="testWriteHive2ReadHive2(String)[1402]" classname="org.apache.hadoop.hive.ql.io.parquet.serde.TestParquetTimestampsHive2Compatibility" time="0"/>
  <testcase name="testWriteHive2ReadHive2(String)[1403]" classname="org.apache.hadoop.hive.ql.io.parquet.serde.TestParquetTimestampsHive2Compatibility" time="0"/>
  <testcase name="testWriteHive2ReadHive2(String)[1404]" classname="org.apache.hadoop.hive.ql.io.parquet.serde.TestParquetTimestampsHive2Compatibility" time="0"/>
  <testcase name="testWriteHive2ReadHive2(String)[1405]" classname="org.apache.hadoop.hive.ql.io.parquet.serde.TestParquetTimestampsHive2Compatibility" time="0"/>
  <testcase name="testWriteHive2ReadHive2(String)[1406]" classname="org.apache.hadoop.hive.ql.io.parquet.serde.TestParquetTimestampsHive2Compatibility" time="0"/>
  <testcase name="testWriteHive2ReadHive2(String)[1407]" classname="org.apache.hadoop.hive.ql.io.parquet.serde.TestParquetTimestampsHive2Compatibility" time="0"/>
  <testcase name="testWriteHive2ReadHive2(String)[1408]" classname="org.apache.hadoop.hive.ql.io.parquet.serde.TestParquetTimestampsHive2Compatibility" time="0"/>
  <testcase name="testWriteHive2ReadHive2(String)[1409]" classname="org.apache.hadoop.hive.ql.io.parquet.serde.TestParquetTimestampsHive2Compatibility" time="0"/>
  <testcase name="testWriteHive2ReadHive2(String)[1410]" classname="org.apache.hadoop.hive.ql.io.parquet.serde.TestParquetTimestampsHive2Compatibility" time="0.001"/>
  <testcase name="testWriteHive2ReadHive2(String)[1411]" classname="org.apache.hadoop.hive.ql.io.parquet.serde.TestParquetTimestampsHive2Compatibility" time="0"/>
  <testcase name="testWriteHive2ReadHive2(String)[1412]" classname="org.apache.hadoop.hive.ql.io.parquet.serde.TestParquetTimestampsHive2Compatibility" time="0"/>
  <testcase name="testWriteHive2ReadHive2(String)[1413]" classname="org.apache.hadoop.hive.ql.io.parquet.serde.TestParquetTimestampsHive2Compatibility" time="0"/>
  <testcase name="testWriteHive2ReadHive2(String)[1414]" classname="org.apache.hadoop.hive.ql.io.parquet.serde.TestParquetTimestampsHive2Compatibility" time="0"/>
  <testcase name="testWriteHive2ReadHive2(String)[1415]" classname="org.apache.hadoop.hive.ql.io.parquet.serde.TestParquetTimestampsHive2Compatibility" time="0"/>
  <testcase name="testWriteHive2ReadHive2(String)[1416]" classname="org.apache.hadoop.hive.ql.io.parquet.serde.TestParquetTimestampsHive2Compatibility" time="0"/>
  <testcase name="testWriteHive2ReadHive2(String)[1417]" classname="org.apache.hadoop.hive.ql.io.parquet.serde.TestParquetTimestampsHive2Compatibility" time="0"/>
  <testcase name="testWriteHive2ReadHive2(String)[1418]" classname="org.apache.hadoop.hive.ql.io.parquet.serde.TestParquetTimestampsHive2Compatibility" time="0"/>
  <testcase name="testWriteHive2ReadHive2(String)[1419]" classname="org.apache.hadoop.hive.ql.io.parquet.serde.TestParquetTimestampsHive2Compatibility" time="0"/>
  <testcase name="testWriteHive2ReadHive2(String)[1420]" classname="org.apache.hadoop.hive.ql.io.parquet.serde.TestParquetTimestampsHive2Compatibility" time="0"/>
  <testcase name="testWriteHive2ReadHive2(String)[1421]" classname="org.apache.hadoop.hive.ql.io.parquet.serde.TestParquetTimestampsHive2Compatibility" time="0"/>
  <testcase name="testWriteHive2ReadHive2(String)[1422]" classname="org.apache.hadoop.hive.ql.io.parquet.serde.TestParquetTimestampsHive2Compatibility" time="0"/>
  <testcase name="testWriteHive2ReadHive2(String)[1423]" classname="org.apache.hadoop.hive.ql.io.parquet.serde.TestParquetTimestampsHive2Compatibility" time="0"/>
  <testcase name="testWriteHive2ReadHive2(String)[1424]" classname="org.apache.hadoop.hive.ql.io.parquet.serde.TestParquetTimestampsHive2Compatibility" time="0"/>
  <testcase name="testWriteHive2ReadHive2(String)[1425]" classname="org.apache.hadoop.hive.ql.io.parquet.serde.TestParquetTimestampsHive2Compatibility" time="0"/>
  <testcase name="testWriteHive2ReadHive2(String)[1426]" classname="org.apache.hadoop.hive.ql.io.parquet.serde.TestParquetTimestampsHive2Compatibility" time="0"/>
  <testcase name="testWriteHive2ReadHive2(String)[1427]" classname="org.apache.hadoop.hive.ql.io.parquet.serde.TestParquetTimestampsHive2Compatibility" time="0"/>
  <testcase name="testWriteHive2ReadHive2(String)[1428]" classname="org.apache.hadoop.hive.ql.io.parquet.serde.TestParquetTimestampsHive2Compatibility" time="0"/>
  <testcase name="testWriteHive2ReadHive2(String)[1429]" classname="org.apache.hadoop.hive.ql.io.parquet.serde.TestParquetTimestampsHive2Compatibility" time="0"/>
  <testcase name="testWriteHive2ReadHive2(String)[1430]" classname="org.apache.hadoop.hive.ql.io.parquet.serde.TestParquetTimestampsHive2Compatibility" time="0"/>
  <testcase name="testWriteHive2ReadHive2(String)[1431]" classname="org.apache.hadoop.hive.ql.io.parquet.serde.TestParquetTimestampsHive2Compatibility" time="0"/>
  <testcase name="testWriteHive2ReadHive2(String)[1432]" classname="org.apache.hadoop.hive.ql.io.parquet.serde.TestParquetTimestampsHive2Compatibility" time="0"/>
  <testcase name="testWriteHive2ReadHive2(String)[1433]" classname="org.apache.hadoop.hive.ql.io.parquet.serde.TestParquetTimestampsHive2Compatibility" time="0"/>
  <testcase name="testWriteHive2ReadHive2(String)[1434]" classname="org.apache.hadoop.hive.ql.io.parquet.serde.TestParquetTimestampsHive2Compatibility" time="0"/>
  <testcase name="testWriteHive2ReadHive2(String)[1435]" classname="org.apache.hadoop.hive.ql.io.parquet.serde.TestParquetTimestampsHive2Compatibility" time="0"/>
  <testcase name="testWriteHive2ReadHive2(String)[1436]" classname="org.apache.hadoop.hive.ql.io.parquet.serde.TestParquetTimestampsHive2Compatibility" time="0"/>
  <testcase name="testWriteHive2ReadHive2(String)[1437]" classname="org.apache.hadoop.hive.ql.io.parquet.serde.TestParquetTimestampsHive2Compatibility" time="0"/>
  <testcase name="testWriteHive2ReadHive2(String)[1438]" classname="org.apache.hadoop.hive.ql.io.parquet.serde.TestParquetTimestampsHive2Compatibility" time="0.001"/>
  <testcase name="testWriteHive2ReadHive2(String)[1439]" classname="org.apache.hadoop.hive.ql.io.parquet.serde.TestParquetTimestampsHive2Compatibility" time="0"/>
  <testcase name="testWriteHive2ReadHive2(String)[1440]" classname="org.apache.hadoop.hive.ql.io.parquet.serde.TestParquetTimestampsHive2Compatibility" time="0"/>
  <testcase name="testWriteHive2ReadHive2(String)[1441]" classname="org.apache.hadoop.hive.ql.io.parquet.serde.TestParquetTimestampsHive2Compatibility" time="0"/>
  <testcase name="testWriteHive2ReadHive2(String)[1442]" classname="org.apache.hadoop.hive.ql.io.parquet.serde.TestParquetTimestampsHive2Compatibility" time="0"/>
  <testcase name="testWriteHive2ReadHive2(String)[1443]" classname="org.apache.hadoop.hive.ql.io.parquet.serde.TestParquetTimestampsHive2Compatibility" time="0"/>
  <testcase name="testWriteHive2ReadHive2(String)[1444]" classname="org.apache.hadoop.hive.ql.io.parquet.serde.TestParquetTimestampsHive2Compatibility" time="0"/>
  <testcase name="testWriteHive2ReadHive2(String)[1445]" classname="org.apache.hadoop.hive.ql.io.parquet.serde.TestParquetTimestampsHive2Compatibility" time="0"/>
  <testcase name="testWriteHive2ReadHive2(String)[1446]" classname="org.apache.hadoop.hive.ql.io.parquet.serde.TestParquetTimestampsHive2Compatibility" time="0"/>
  <testcase name="testWriteHive2ReadHive2(String)[1447]" classname="org.apache.hadoop.hive.ql.io.parquet.serde.TestParquetTimestampsHive2Compatibility" time="0"/>
  <testcase name="testWriteHive2ReadHive2(String)[1448]" classname="org.apache.hadoop.hive.ql.io.parquet.serde.TestParquetTimestampsHive2Compatibility" time="0.001"/>
  <testcase name="testWriteHive2ReadHive2(String)[1449]" classname="org.apache.hadoop.hive.ql.io.parquet.serde.TestParquetTimestampsHive2Compatibility" time="0"/>
  <testcase name="testWriteHive2ReadHive2(String)[1450]" classname="org.apache.hadoop.hive.ql.io.parquet.serde.TestParquetTimestampsHive2Compatibility" time="0"/>
  <testcase name="testWriteHive2ReadHive2(String)[1451]" classname="org.apache.hadoop.hive.ql.io.parquet.serde.TestParquetTimestampsHive2Compatibility" time="0"/>
  <testcase name="testWriteHive2ReadHive2(String)[1452]" classname="org.apache.hadoop.hive.ql.io.parquet.serde.TestParquetTimestampsHive2Compatibility" time="0"/>
  <testcase name="testWriteHive2ReadHive2(String)[1453]" classname="org.apache.hadoop.hive.ql.io.parquet.serde.TestParquetTimestampsHive2Compatibility" time="0"/>
  <testcase name="testWriteHive2ReadHive2(String)[1454]" classname="org.apache.hadoop.hive.ql.io.parquet.serde.TestParquetTimestampsHive2Compatibility" time="0"/>
  <testcase name="testWriteHive2ReadHive2(String)[1455]" classname="org.apache.hadoop.hive.ql.io.parquet.serde.TestParquetTimestampsHive2Compatibility" time="0"/>
  <testcase name="testWriteHive2ReadHive2(String)[1456]" classname="org.apache.hadoop.hive.ql.io.parquet.serde.TestParquetTimestampsHive2Compatibility" time="0"/>
  <testcase name="testWriteHive2ReadHive2(String)[1457]" classname="org.apache.hadoop.hive.ql.io.parquet.serde.TestParquetTimestampsHive2Compatibility" time="0"/>
  <testcase name="testWriteHive2ReadHive2(String)[1458]" classname="org.apache.hadoop.hive.ql.io.parquet.serde.TestParquetTimestampsHive2Compatibility" time="0"/>
  <testcase name="testWriteHive2ReadHive2(String)[1459]" classname="org.apache.hadoop.hive.ql.io.parquet.serde.TestParquetTimestampsHive2Compatibility" time="0.001"/>
  <testcase name="testWriteHive2ReadHive2(String)[1460]" classname="org.apache.hadoop.hive.ql.io.parquet.serde.TestParquetTimestampsHive2Compatibility" time="0"/>
  <testcase name="testWriteHive2ReadHive2(String)[1461]" classname="org.apache.hadoop.hive.ql.io.parquet.serde.TestParquetTimestampsHive2Compatibility" time="0"/>
  <testcase name="testWriteHive2ReadHive2(String)[1462]" classname="org.apache.hadoop.hive.ql.io.parquet.serde.TestParquetTimestampsHive2Compatibility" time="0"/>
  <testcase name="testWriteHive2ReadHive2(String)[1463]" classname="org.apache.hadoop.hive.ql.io.parquet.serde.TestParquetTimestampsHive2Compatibility" time="0"/>
  <testcase name="testWriteHive2ReadHive2(String)[1464]" classname="org.apache.hadoop.hive.ql.io.parquet.serde.TestParquetTimestampsHive2Compatibility" time="0"/>
  <testcase name="testWriteHive2ReadHive2(String)[1465]" classname="org.apache.hadoop.hive.ql.io.parquet.serde.TestParquetTimestampsHive2Compatibility" time="0.001"/>
  <testcase name="testWriteHive2ReadHive2(String)[1466]" classname="org.apache.hadoop.hive.ql.io.parquet.serde.TestParquetTimestampsHive2Compatibility" time="0"/>
  <testcase name="testWriteHive2ReadHive2(String)[1467]" classname="org.apache.hadoop.hive.ql.io.parquet.serde.TestParquetTimestampsHive2Compatibility" time="0"/>
  <testcase name="testWriteHive2ReadHive2(String)[1468]" classname="org.apache.hadoop.hive.ql.io.parquet.serde.TestParquetTimestampsHive2Compatibility" time="0"/>
  <testcase name="testWriteHive2ReadHive2(String)[1469]" classname="org.apache.hadoop.hive.ql.io.parquet.serde.TestParquetTimestampsHive2Compatibility" time="0"/>
  <testcase name="testWriteHive2ReadHive2(String)[1470]" classname="org.apache.hadoop.hive.ql.io.parquet.serde.TestParquetTimestampsHive2Compatibility" time="0.001"/>
  <testcase name="testWriteHive2ReadHive2(String)[1471]" classname="org.apache.hadoop.hive.ql.io.parquet.serde.TestParquetTimestampsHive2Compatibility" time="0"/>
  <testcase name="testWriteHive2ReadHive2(String)[1472]" classname="org.apache.hadoop.hive.ql.io.parquet.serde.TestParquetTimestampsHive2Compatibility" time="0"/>
  <testcase name="testWriteHive2ReadHive2(String)[1473]" classname="org.apache.hadoop.hive.ql.io.parquet.serde.TestParquetTimestampsHive2Compatibility" time="0"/>
  <testcase name="testWriteHive2ReadHive2(String)[1474]" classname="org.apache.hadoop.hive.ql.io.parquet.serde.TestParquetTimestampsHive2Compatibility" time="0"/>
  <testcase name="testWriteHive2ReadHive2(String)[1475]" classname="org.apache.hadoop.hive.ql.io.parquet.serde.TestParquetTimestampsHive2Compatibility" time="0"/>
  <testcase name="testWriteHive2ReadHive2(String)[1476]" classname="org.apache.hadoop.hive.ql.io.parquet.serde.TestParquetTimestampsHive2Compatibility" time="0.001"/>
  <testcase name="testWriteHive2ReadHive2(String)[1477]" classname="org.apache.hadoop.hive.ql.io.parquet.serde.TestParquetTimestampsHive2Compatibility" time="0"/>
  <testcase name="testWriteHive2ReadHive2(String)[1478]" classname="org.apache.hadoop.hive.ql.io.parquet.serde.TestParquetTimestampsHive2Compatibility" time="0"/>
  <testcase name="testWriteHive2ReadHive2(String)[1479]" classname="org.apache.hadoop.hive.ql.io.parquet.serde.TestParquetTimestampsHive2Compatibility" time="0"/>
  <testcase name="testWriteHive2ReadHive2(String)[1480]" classname="org.apache.hadoop.hive.ql.io.parquet.serde.TestParquetTimestampsHive2Compatibility" time="0"/>
  <testcase name="testWriteHive2ReadHive2(String)[1481]" classname="org.apache.hadoop.hive.ql.io.parquet.serde.TestParquetTimestampsHive2Compatibility" time="0"/>
  <testcase name="testWriteHive2ReadHive2(String)[1482]" classname="org.apache.hadoop.hive.ql.io.parquet.serde.TestParquetTimestampsHive2Compatibility" time="0"/>
  <testcase name="testWriteHive2ReadHive2(String)[1483]" classname="org.apache.hadoop.hive.ql.io.parquet.serde.TestParquetTimestampsHive2Compatibility" time="0"/>
  <testcase name="testWriteHive2ReadHive2(String)[1484]" classname="org.apache.hadoop.hive.ql.io.parquet.serde.TestParquetTimestampsHive2Compatibility" time="0"/>
  <testcase name="testWriteHive2ReadHive2(String)[1485]" classname="org.apache.hadoop.hive.ql.io.parquet.serde.TestParquetTimestampsHive2Compatibility" time="0"/>
  <testcase name="testWriteHive2ReadHive2(String)[1486]" classname="org.apache.hadoop.hive.ql.io.parquet.serde.TestParquetTimestampsHive2Compatibility" time="0"/>
  <testcase name="testWriteHive2ReadHive2(String)[1487]" classname="org.apache.hadoop.hive.ql.io.parquet.serde.TestParquetTimestampsHive2Compatibility" time="0.001"/>
  <testcase name="testWriteHive2ReadHive2(String)[1488]" classname="org.apache.hadoop.hive.ql.io.parquet.serde.TestParquetTimestampsHive2Compatibility" time="0"/>
  <testcase name="testWriteHive2ReadHive2(String)[1489]" classname="org.apache.hadoop.hive.ql.io.parquet.serde.TestParquetTimestampsHive2Compatibility" time="0"/>
  <testcase name="testWriteHive2ReadHive2(String)[1490]" classname="org.apache.hadoop.hive.ql.io.parquet.serde.TestParquetTimestampsHive2Compatibility" time="0"/>
  <testcase name="testWriteHive2ReadHive2(String)[1491]" classname="org.apache.hadoop.hive.ql.io.parquet.serde.TestParquetTimestampsHive2Compatibility" time="0"/>
  <testcase name="testWriteHive2ReadHive2(String)[1492]" classname="org.apache.hadoop.hive.ql.io.parquet.serde.TestParquetTimestampsHive2Compatibility" time="0"/>
  <testcase name="testWriteHive2ReadHive2(String)[1493]" classname="org.apache.hadoop.hive.ql.io.parquet.serde.TestParquetTimestampsHive2Compatibility" time="0"/>
  <testcase name="testWriteHive2ReadHive2(String)[1494]" classname="org.apache.hadoop.hive.ql.io.parquet.serde.TestParquetTimestampsHive2Compatibility" time="0"/>
  <testcase name="testWriteHive2ReadHive2(String)[1495]" classname="org.apache.hadoop.hive.ql.io.parquet.serde.TestParquetTimestampsHive2Compatibility" time="0"/>
  <testcase name="testWriteHive2ReadHive2(String)[1496]" classname="org.apache.hadoop.hive.ql.io.parquet.serde.TestParquetTimestampsHive2Compatibility" time="0"/>
  <testcase name="testWriteHive2ReadHive2(String)[1497]" classname="org.apache.hadoop.hive.ql.io.parquet.serde.TestParquetTimestampsHive2Compatibility" time="0"/>
  <testcase name="testWriteHive2ReadHive2(String)[1498]" classname="org.apache.hadoop.hive.ql.io.parquet.serde.TestParquetTimestampsHive2Compatibility" time="0"/>
  <testcase name="testWriteHive2ReadHive2(String)[1499]" classname="org.apache.hadoop.hive.ql.io.parquet.serde.TestParquetTimestampsHive2Compatibility" time="0"/>
  <testcase name="testWriteHive2ReadHive2(String)[1500]" classname="org.apache.hadoop.hive.ql.io.parquet.serde.TestParquetTimestampsHive2Compatibility" time="0"/>
  <testcase name="testWriteHive2ReadHive2(String)[1501]" classname="org.apache.hadoop.hive.ql.io.parquet.serde.TestParquetTimestampsHive2Compatibility" time="0"/>
  <testcase name="testWriteHive2ReadHive2(String)[1502]" classname="org.apache.hadoop.hive.ql.io.parquet.serde.TestParquetTimestampsHive2Compatibility" time="0.001"/>
  <testcase name="testWriteHive2ReadHive2(String)[1503]" classname="org.apache.hadoop.hive.ql.io.parquet.serde.TestParquetTimestampsHive2Compatibility" time="0"/>
  <testcase name="testWriteHive2ReadHive2(String)[1504]" classname="org.apache.hadoop.hive.ql.io.parquet.serde.TestParquetTimestampsHive2Compatibility" time="0"/>
  <testcase name="testWriteHive2ReadHive2(String)[1505]" classname="org.apache.hadoop.hive.ql.io.parquet.serde.TestParquetTimestampsHive2Compatibility" time="0"/>
  <testcase name="testWriteHive2ReadHive2(String)[1506]" classname="org.apache.hadoop.hive.ql.io.parquet.serde.TestParquetTimestampsHive2Compatibility" time="0"/>
  <testcase name="testWriteHive2ReadHive2(String)[1507]" classname="org.apache.hadoop.hive.ql.io.parquet.serde.TestParquetTimestampsHive2Compatibility" time="0"/>
  <testcase name="testWriteHive2ReadHive2(String)[1508]" classname="org.apache.hadoop.hive.ql.io.parquet.serde.TestParquetTimestampsHive2Compatibility" time="0"/>
  <testcase name="testWriteHive2ReadHive2(String)[1509]" classname="org.apache.hadoop.hive.ql.io.parquet.serde.TestParquetTimestampsHive2Compatibility" time="0"/>
  <testcase name="testWriteHive2ReadHive2(String)[1510]" classname="org.apache.hadoop.hive.ql.io.parquet.serde.TestParquetTimestampsHive2Compatibility" time="0"/>
  <testcase name="testWriteHive2ReadHive2(String)[1511]" classname="org.apache.hadoop.hive.ql.io.parquet.serde.TestParquetTimestampsHive2Compatibility" time="0"/>
  <testcase name="testWriteHive2ReadHive2(String)[1512]" classname="org.apache.hadoop.hive.ql.io.parquet.serde.TestParquetTimestampsHive2Compatibility" time="0"/>
  <testcase name="testWriteHive2ReadHive2(String)[1513]" classname="org.apache.hadoop.hive.ql.io.parquet.serde.TestParquetTimestampsHive2Compatibility" time="0.001"/>
  <testcase name="testWriteHive2ReadHive2(String)[1514]" classname="org.apache.hadoop.hive.ql.io.parquet.serde.TestParquetTimestampsHive2Compatibility" time="0"/>
  <testcase name="testWriteHive2ReadHive2(String)[1515]" classname="org.apache.hadoop.hive.ql.io.parquet.serde.TestParquetTimestampsHive2Compatibility" time="0"/>
  <testcase name="testWriteHive2ReadHive2(String)[1516]" classname="org.apache.hadoop.hive.ql.io.parquet.serde.TestParquetTimestampsHive2Compatibility" time="0"/>
  <testcase name="testWriteHive2ReadHive2(String)[1517]" classname="org.apache.hadoop.hive.ql.io.parquet.serde.TestParquetTimestampsHive2Compatibility" time="0"/>
  <testcase name="testWriteHive2ReadHive2(String)[1518]" classname="org.apache.hadoop.hive.ql.io.parquet.serde.TestParquetTimestampsHive2Compatibility" time="0"/>
  <testcase name="testWriteHive2ReadHive2(String)[1519]" classname="org.apache.hadoop.hive.ql.io.parquet.serde.TestParquetTimestampsHive2Compatibility" time="0"/>
  <testcase name="testWriteHive2ReadHive2(String)[1520]" classname="org.apache.hadoop.hive.ql.io.parquet.serde.TestParquetTimestampsHive2Compatibility" time="0"/>
  <testcase name="testWriteHive2ReadHive2(String)[1521]" classname="org.apache.hadoop.hive.ql.io.parquet.serde.TestParquetTimestampsHive2Compatibility" time="0"/>
  <testcase name="testWriteHive2ReadHive2(String)[1522]" classname="org.apache.hadoop.hive.ql.io.parquet.serde.TestParquetTimestampsHive2Compatibility" time="0"/>
  <testcase name="testWriteHive2ReadHive2(String)[1523]" classname="org.apache.hadoop.hive.ql.io.parquet.serde.TestParquetTimestampsHive2Compatibility" time="0"/>
  <testcase name="testWriteHive2ReadHive2(String)[1524]" classname="org.apache.hadoop.hive.ql.io.parquet.serde.TestParquetTimestampsHive2Compatibility" time="0"/>
  <testcase name="testWriteHive2ReadHive2(String)[1525]" classname="org.apache.hadoop.hive.ql.io.parquet.serde.TestParquetTimestampsHive2Compatibility" time="0"/>
  <testcase name="testWriteHive2ReadHive2(String)[1526]" classname="org.apache.hadoop.hive.ql.io.parquet.serde.TestParquetTimestampsHive2Compatibility" time="0"/>
  <testcase name="testWriteHive2ReadHive2(String)[1527]" classname="org.apache.hadoop.hive.ql.io.parquet.serde.TestParquetTimestampsHive2Compatibility" time="0"/>
  <testcase name="testWriteHive2ReadHive2(String)[1528]" classname="org.apache.hadoop.hive.ql.io.parquet.serde.TestParquetTimestampsHive2Compatibility" time="0"/>
  <testcase name="testWriteHive2ReadHive2(String)[1529]" classname="org.apache.hadoop.hive.ql.io.parquet.serde.TestParquetTimestampsHive2Compatibility" time="0"/>
  <testcase name="testWriteHive2ReadHive2(String)[1530]" classname="org.apache.hadoop.hive.ql.io.parquet.serde.TestParquetTimestampsHive2Compatibility" time="0"/>
  <testcase name="testWriteHive2ReadHive2(String)[1531]" classname="org.apache.hadoop.hive.ql.io.parquet.serde.TestParquetTimestampsHive2Compatibility" time="0"/>
  <testcase name="testWriteHive2ReadHive2(String)[1532]" classname="org.apache.hadoop.hive.ql.io.parquet.serde.TestParquetTimestampsHive2Compatibility" time="0"/>
  <testcase name="testWriteHive2ReadHive2(String)[1533]" classname="org.apache.hadoop.hive.ql.io.parquet.serde.TestParquetTimestampsHive2Compatibility" time="0"/>
  <testcase name="testWriteHive2ReadHive2(String)[1534]" classname="org.apache.hadoop.hive.ql.io.parquet.serde.TestParquetTimestampsHive2Compatibility" time="0.001"/>
  <testcase name="testWriteHive2ReadHive2(String)[1535]" classname="org.apache.hadoop.hive.ql.io.parquet.serde.TestParquetTimestampsHive2Compatibility" time="0"/>
  <testcase name="testWriteHive2ReadHive2(String)[1536]" classname="org.apache.hadoop.hive.ql.io.parquet.serde.TestParquetTimestampsHive2Compatibility" time="0"/>
  <testcase name="testWriteHive2ReadHive2(String)[1537]" classname="org.apache.hadoop.hive.ql.io.parquet.serde.TestParquetTimestampsHive2Compatibility" time="0"/>
  <testcase name="testWriteHive2ReadHive2(String)[1538]" classname="org.apache.hadoop.hive.ql.io.parquet.serde.TestParquetTimestampsHive2Compatibility" time="0.001"/>
  <testcase name="testWriteHive2ReadHive2(String)[1539]" classname="org.apache.hadoop.hive.ql.io.parquet.serde.TestParquetTimestampsHive2Compatibility" time="0"/>
  <testcase name="testWriteHive2ReadHive2(String)[1540]" classname="org.apache.hadoop.hive.ql.io.parquet.serde.TestParquetTimestampsHive2Compatibility" time="0"/>
  <testcase name="testWriteHive2ReadHive2(String)[1541]" classname="org.apache.hadoop.hive.ql.io.parquet.serde.TestParquetTimestampsHive2Compatibility" time="0"/>
  <testcase name="testWriteHive2ReadHive2(String)[1542]" classname="org.apache.hadoop.hive.ql.io.parquet.serde.TestParquetTimestampsHive2Compatibility" time="0"/>
  <testcase name="testWriteHive2ReadHive2(String)[1543]" classname="org.apache.hadoop.hive.ql.io.parquet.serde.TestParquetTimestampsHive2Compatibility" time="0"/>
  <testcase name="testWriteHive2ReadHive2(String)[1544]" classname="org.apache.hadoop.hive.ql.io.parquet.serde.TestParquetTimestampsHive2Compatibility" time="0"/>
  <testcase name="testWriteHive2ReadHive2(String)[1545]" classname="org.apache.hadoop.hive.ql.io.parquet.serde.TestParquetTimestampsHive2Compatibility" time="0"/>
  <testcase name="testWriteHive2ReadHive2(String)[1546]" classname="org.apache.hadoop.hive.ql.io.parquet.serde.TestParquetTimestampsHive2Compatibility" time="0"/>
  <testcase name="testWriteHive2ReadHive2(String)[1547]" classname="org.apache.hadoop.hive.ql.io.parquet.serde.TestParquetTimestampsHive2Compatibility" time="0"/>
  <testcase name="testWriteHive2ReadHive2(String)[1548]" classname="org.apache.hadoop.hive.ql.io.parquet.serde.TestParquetTimestampsHive2Compatibility" time="0"/>
  <testcase name="testWriteHive2ReadHive2(String)[1549]" classname="org.apache.hadoop.hive.ql.io.parquet.serde.TestParquetTimestampsHive2Compatibility" time="0"/>
  <testcase name="testWriteHive2ReadHive2(String)[1550]" classname="org.apache.hadoop.hive.ql.io.parquet.serde.TestParquetTimestampsHive2Compatibility" time="0"/>
  <testcase name="testWriteHive2ReadHive2(String)[1551]" classname="org.apache.hadoop.hive.ql.io.parquet.serde.TestParquetTimestampsHive2Compatibility" time="0"/>
  <testcase name="testWriteHive2ReadHive2(String)[1552]" classname="org.apache.hadoop.hive.ql.io.parquet.serde.TestParquetTimestampsHive2Compatibility" time="0"/>
  <testcase name="testWriteHive2ReadHive2(String)[1553]" classname="org.apache.hadoop.hive.ql.io.parquet.serde.TestParquetTimestampsHive2Compatibility" time="0"/>
  <testcase name="testWriteHive2ReadHive2(String)[1554]" classname="org.apache.hadoop.hive.ql.io.parquet.serde.TestParquetTimestampsHive2Compatibility" time="0.001"/>
  <testcase name="testWriteHive2ReadHive2(String)[1555]" classname="org.apache.hadoop.hive.ql.io.parquet.serde.TestParquetTimestampsHive2Compatibility" time="0"/>
  <testcase name="testWriteHive2ReadHive2(String)[1556]" classname="org.apache.hadoop.hive.ql.io.parquet.serde.TestParquetTimestampsHive2Compatibility" time="0"/>
  <testcase name="testWriteHive2ReadHive2(String)[1557]" classname="org.apache.hadoop.hive.ql.io.parquet.serde.TestParquetTimestampsHive2Compatibility" time="0"/>
  <testcase name="testWriteHive2ReadHive2(String)[1558]" classname="org.apache.hadoop.hive.ql.io.parquet.serde.TestParquetTimestampsHive2Compatibility" time="0"/>
  <testcase name="testWriteHive2ReadHive2(String)[1559]" classname="org.apache.hadoop.hive.ql.io.parquet.serde.TestParquetTimestampsHive2Compatibility" time="0"/>
  <testcase name="testWriteHive2ReadHive2(String)[1560]" classname="org.apache.hadoop.hive.ql.io.parquet.serde.TestParquetTimestampsHive2Compatibility" time="0.001"/>
  <testcase name="testWriteHive2ReadHive2(String)[1561]" classname="org.apache.hadoop.hive.ql.io.parquet.serde.TestParquetTimestampsHive2Compatibility" time="0"/>
  <testcase name="testWriteHive2ReadHive2(String)[1562]" classname="org.apache.hadoop.hive.ql.io.parquet.serde.TestParquetTimestampsHive2Compatibility" time="0"/>
  <testcase name="testWriteHive2ReadHive2(String)[1563]" classname="org.apache.hadoop.hive.ql.io.parquet.serde.TestParquetTimestampsHive2Compatibility" time="0"/>
  <testcase name="testWriteHive2ReadHive2(String)[1564]" classname="org.apache.hadoop.hive.ql.io.parquet.serde.TestParquetTimestampsHive2Compatibility" time="0"/>
  <testcase name="testWriteHive2ReadHive2(String)[1565]" classname="org.apache.hadoop.hive.ql.io.parquet.serde.TestParquetTimestampsHive2Compatibility" time="0"/>
  <testcase name="testWriteHive2ReadHive2(String)[1566]" classname="org.apache.hadoop.hive.ql.io.parquet.serde.TestParquetTimestampsHive2Compatibility" time="0"/>
  <testcase name="testWriteHive2ReadHive2(String)[1567]" classname="org.apache.hadoop.hive.ql.io.parquet.serde.TestParquetTimestampsHive2Compatibility" time="0"/>
  <testcase name="testWriteHive2ReadHive2(String)[1568]" classname="org.apache.hadoop.hive.ql.io.parquet.serde.TestParquetTimestampsHive2Compatibility" time="0"/>
  <testcase name="testWriteHive2ReadHive2(String)[1569]" classname="org.apache.hadoop.hive.ql.io.parquet.serde.TestParquetTimestampsHive2Compatibility" time="0"/>
  <testcase name="testWriteHive2ReadHive2(String)[1570]" classname="org.apache.hadoop.hive.ql.io.parquet.serde.TestParquetTimestampsHive2Compatibility" time="0"/>
  <testcase name="testWriteHive2ReadHive2(String)[1571]" classname="org.apache.hadoop.hive.ql.io.parquet.serde.TestParquetTimestampsHive2Compatibility" time="0.001"/>
  <testcase name="testWriteHive2ReadHive2(String)[1572]" classname="org.apache.hadoop.hive.ql.io.parquet.serde.TestParquetTimestampsHive2Compatibility" time="0"/>
  <testcase name="testWriteHive2ReadHive2(String)[1573]" classname="org.apache.hadoop.hive.ql.io.parquet.serde.TestParquetTimestampsHive2Compatibility" time="0"/>
  <testcase name="testWriteHive2ReadHive2(String)[1574]" classname="org.apache.hadoop.hive.ql.io.parquet.serde.TestParquetTimestampsHive2Compatibility" time="0"/>
  <testcase name="testWriteHive2ReadHive2(String)[1575]" classname="org.apache.hadoop.hive.ql.io.parquet.serde.TestParquetTimestampsHive2Compatibility" time="0"/>
  <testcase name="testWriteHive2ReadHive2(String)[1576]" classname="org.apache.hadoop.hive.ql.io.parquet.serde.TestParquetTimestampsHive2Compatibility" time="0"/>
  <testcase name="testWriteHive2ReadHive2(String)[1577]" classname="org.apache.hadoop.hive.ql.io.parquet.serde.TestParquetTimestampsHive2Compatibility" time="0"/>
  <testcase name="testWriteHive2ReadHive2(String)[1578]" classname="org.apache.hadoop.hive.ql.io.parquet.serde.TestParquetTimestampsHive2Compatibility" time="0"/>
  <testcase name="testWriteHive2ReadHive2(String)[1579]" classname="org.apache.hadoop.hive.ql.io.parquet.serde.TestParquetTimestampsHive2Compatibility" time="0"/>
  <testcase name="testWriteHive2ReadHive2(String)[1580]" classname="org.apache.hadoop.hive.ql.io.parquet.serde.TestParquetTimestampsHive2Compatibility" time="0"/>
  <testcase name="testWriteHive2ReadHive2(String)[1581]" classname="org.apache.hadoop.hive.ql.io.parquet.serde.TestParquetTimestampsHive2Compatibility" time="0"/>
  <testcase name="testWriteHive2ReadHive2(String)[1582]" classname="org.apache.hadoop.hive.ql.io.parquet.serde.TestParquetTimestampsHive2Compatibility" time="0.001"/>
  <testcase name="testWriteHive2ReadHive2(String)[1583]" classname="org.apache.hadoop.hive.ql.io.parquet.serde.TestParquetTimestampsHive2Compatibility" time="0"/>
  <testcase name="testWriteHive2ReadHive2(String)[1584]" classname="org.apache.hadoop.hive.ql.io.parquet.serde.TestParquetTimestampsHive2Compatibility" time="0"/>
  <testcase name="testWriteHive2ReadHive2(String)[1585]" classname="org.apache.hadoop.hive.ql.io.parquet.serde.TestParquetTimestampsHive2Compatibility" time="0"/>
  <testcase name="testWriteHive2ReadHive2(String)[1586]" classname="org.apache.hadoop.hive.ql.io.parquet.serde.TestParquetTimestampsHive2Compatibility" time="0.001"/>
  <testcase name="testWriteHive2ReadHive2(String)[1587]" classname="org.apache.hadoop.hive.ql.io.parquet.serde.TestParquetTimestampsHive2Compatibility" time="0"/>
  <testcase name="testWriteHive2ReadHive2(String)[1588]" classname="org.apache.hadoop.hive.ql.io.parquet.serde.TestParquetTimestampsHive2Compatibility" time="0"/>
  <testcase name="testWriteHive2ReadHive2(String)[1589]" classname="org.apache.hadoop.hive.ql.io.parquet.serde.TestParquetTimestampsHive2Compatibility" time="0"/>
  <testcase name="testWriteHive2ReadHive2(String)[1590]" classname="org.apache.hadoop.hive.ql.io.parquet.serde.TestParquetTimestampsHive2Compatibility" time="0"/>
  <testcase name="testWriteHive2ReadHive2(String)[1591]" classname="org.apache.hadoop.hive.ql.io.parquet.serde.TestParquetTimestampsHive2Compatibility" time="0"/>
  <testcase name="testWriteHive2ReadHive2(String)[1592]" classname="org.apache.hadoop.hive.ql.io.parquet.serde.TestParquetTimestampsHive2Compatibility" time="0"/>
  <testcase name="testWriteHive2ReadHive2(String)[1593]" classname="org.apache.hadoop.hive.ql.io.parquet.serde.TestParquetTimestampsHive2Compatibility" time="0"/>
  <testcase name="testWriteHive2ReadHive2(String)[1594]" classname="org.apache.hadoop.hive.ql.io.parquet.serde.TestParquetTimestampsHive2Compatibility" time="0"/>
  <testcase name="testWriteHive2ReadHive2(String)[1595]" classname="org.apache.hadoop.hive.ql.io.parquet.serde.TestParquetTimestampsHive2Compatibility" time="0"/>
  <testcase name="testWriteHive2ReadHive2(String)[1596]" classname="org.apache.hadoop.hive.ql.io.parquet.serde.TestParquetTimestampsHive2Compatibility" time="0"/>
  <testcase name="testWriteHive2ReadHive2(String)[1597]" classname="org.apache.hadoop.hive.ql.io.parquet.serde.TestParquetTimestampsHive2Compatibility" time="0"/>
  <testcase name="testWriteHive2ReadHive2(String)[1598]" classname="org.apache.hadoop.hive.ql.io.parquet.serde.TestParquetTimestampsHive2Compatibility" time="0"/>
  <testcase name="testWriteHive2ReadHive2(String)[1599]" classname="org.apache.hadoop.hive.ql.io.parquet.serde.TestParquetTimestampsHive2Compatibility" time="0"/>
  <testcase name="testWriteHive2ReadHive2(String)[1600]" classname="org.apache.hadoop.hive.ql.io.parquet.serde.TestParquetTimestampsHive2Compatibility" time="0"/>
  <testcase name="testWriteHive2ReadHive2(String)[1601]" classname="org.apache.hadoop.hive.ql.io.parquet.serde.TestParquetTimestampsHive2Compatibility" time="0"/>
  <testcase name="testWriteHive2ReadHive2(String)[1602]" classname="org.apache.hadoop.hive.ql.io.parquet.serde.TestParquetTimestampsHive2Compatibility" time="0"/>
  <testcase name="testWriteHive2ReadHive2(String)[1603]" classname="org.apache.hadoop.hive.ql.io.parquet.serde.TestParquetTimestampsHive2Compatibility" time="0"/>
  <testcase name="testWriteHive2ReadHive2(String)[1604]" classname="org.apache.hadoop.hive.ql.io.parquet.serde.TestParquetTimestampsHive2Compatibility" time="0"/>
  <testcase name="testWriteHive2ReadHive2(String)[1605]" classname="org.apache.hadoop.hive.ql.io.parquet.serde.TestParquetTimestampsHive2Compatibility" time="0"/>
  <testcase name="testWriteHive2ReadHive2(String)[1606]" classname="org.apache.hadoop.hive.ql.io.parquet.serde.TestParquetTimestampsHive2Compatibility" time="0"/>
  <testcase name="testWriteHive2ReadHive2(String)[1607]" classname="org.apache.hadoop.hive.ql.io.parquet.serde.TestParquetTimestampsHive2Compatibility" time="0"/>
  <testcase name="testWriteHive2ReadHive2(String)[1608]" classname="org.apache.hadoop.hive.ql.io.parquet.serde.TestParquetTimestampsHive2Compatibility" time="0.001"/>
  <testcase name="testWriteHive2ReadHive2(String)[1609]" classname="org.apache.hadoop.hive.ql.io.parquet.serde.TestParquetTimestampsHive2Compatibility" time="0"/>
  <testcase name="testWriteHive2ReadHive2(String)[1610]" classname="org.apache.hadoop.hive.ql.io.parquet.serde.TestParquetTimestampsHive2Compatibility" time="0"/>
  <testcase name="testWriteHive2ReadHive2(String)[1611]" classname="org.apache.hadoop.hive.ql.io.parquet.serde.TestParquetTimestampsHive2Compatibility" time="0"/>
  <testcase name="testWriteHive2ReadHive2(String)[1612]" classname="org.apache.hadoop.hive.ql.io.parquet.serde.TestParquetTimestampsHive2Compatibility" time="0.001"/>
  <testcase name="testWriteHive2ReadHive2(String)[1613]" classname="org.apache.hadoop.hive.ql.io.parquet.serde.TestParquetTimestampsHive2Compatibility" time="0"/>
  <testcase name="testWriteHive2ReadHive2(String)[1614]" classname="org.apache.hadoop.hive.ql.io.parquet.serde.TestParquetTimestampsHive2Compatibility" time="0"/>
  <testcase name="testWriteHive2ReadHive2(String)[1615]" classname="org.apache.hadoop.hive.ql.io.parquet.serde.TestParquetTimestampsHive2Compatibility" time="0"/>
  <testcase name="testWriteHive2ReadHive2(String)[1616]" classname="org.apache.hadoop.hive.ql.io.parquet.serde.TestParquetTimestampsHive2Compatibility" time="0.001"/>
  <testcase name="testWriteHive2ReadHive2(String)[1617]" classname="org.apache.hadoop.hive.ql.io.parquet.serde.TestParquetTimestampsHive2Compatibility" time="0"/>
  <testcase name="testWriteHive2ReadHive2(String)[1618]" classname="org.apache.hadoop.hive.ql.io.parquet.serde.TestParquetTimestampsHive2Compatibility" time="0"/>
  <testcase name="testWriteHive2ReadHive2(String)[1619]" classname="org.apache.hadoop.hive.ql.io.parquet.serde.TestParquetTimestampsHive2Compatibility" time="0"/>
  <testcase name="testWriteHive2ReadHive2(String)[1620]" classname="org.apache.hadoop.hive.ql.io.parquet.serde.TestParquetTimestampsHive2Compatibility" time="0.001"/>
  <testcase name="testWriteHive2ReadHive2(String)[1621]" classname="org.apache.hadoop.hive.ql.io.parquet.serde.TestParquetTimestampsHive2Compatibility" time="0"/>
  <testcase name="testWriteHive2ReadHive2(String)[1622]" classname="org.apache.hadoop.hive.ql.io.parquet.serde.TestParquetTimestampsHive2Compatibility" time="0"/>
  <testcase name="testWriteHive2ReadHive2(String)[1623]" classname="org.apache.hadoop.hive.ql.io.parquet.serde.TestParquetTimestampsHive2Compatibility" time="0"/>
  <testcase name="testWriteHive2ReadHive2(String)[1624]" classname="org.apache.hadoop.hive.ql.io.parquet.serde.TestParquetTimestampsHive2Compatibility" time="0.001"/>
  <testcase name="testWriteHive2ReadHive2(String)[1625]" classname="org.apache.hadoop.hive.ql.io.parquet.serde.TestParquetTimestampsHive2Compatibility" time="0"/>
  <testcase name="testWriteHive2ReadHive2(String)[1626]" classname="org.apache.hadoop.hive.ql.io.parquet.serde.TestParquetTimestampsHive2Compatibility" time="0"/>
  <testcase name="testWriteHive2ReadHive2(String)[1627]" classname="org.apache.hadoop.hive.ql.io.parquet.serde.TestParquetTimestampsHive2Compatibility" time="0"/>
  <testcase name="testWriteHive2ReadHive2(String)[1628]" classname="org.apache.hadoop.hive.ql.io.parquet.serde.TestParquetTimestampsHive2Compatibility" time="0.001"/>
  <testcase name="testWriteHive2ReadHive2(String)[1629]" classname="org.apache.hadoop.hive.ql.io.parquet.serde.TestParquetTimestampsHive2Compatibility" time="0"/>
  <testcase name="testWriteHive2ReadHive2(String)[1630]" classname="org.apache.hadoop.hive.ql.io.parquet.serde.TestParquetTimestampsHive2Compatibility" time="0"/>
  <testcase name="testWriteHive2ReadHive2(String)[1631]" classname="org.apache.hadoop.hive.ql.io.parquet.serde.TestParquetTimestampsHive2Compatibility" time="0"/>
  <testcase name="testWriteHive2ReadHive2(String)[1632]" classname="org.apache.hadoop.hive.ql.io.parquet.serde.TestParquetTimestampsHive2Compatibility" time="0.001"/>
  <testcase name="testWriteHive2ReadHive2(String)[1633]" classname="org.apache.hadoop.hive.ql.io.parquet.serde.TestParquetTimestampsHive2Compatibility" time="0"/>
  <testcase name="testWriteHive2ReadHive2(String)[1634]" classname="org.apache.hadoop.hive.ql.io.parquet.serde.TestParquetTimestampsHive2Compatibility" time="0"/>
  <testcase name="testWriteHive2ReadHive2(String)[1635]" classname="org.apache.hadoop.hive.ql.io.parquet.serde.TestParquetTimestampsHive2Compatibility" time="0"/>
  <testcase name="testWriteHive2ReadHive2(String)[1636]" classname="org.apache.hadoop.hive.ql.io.parquet.serde.TestParquetTimestampsHive2Compatibility" time="0.001"/>
  <testcase name="testWriteHive2ReadHive2(String)[1637]" classname="org.apache.hadoop.hive.ql.io.parquet.serde.TestParquetTimestampsHive2Compatibility" time="0"/>
  <testcase name="testWriteHive2ReadHive2(String)[1638]" classname="org.apache.hadoop.hive.ql.io.parquet.serde.TestParquetTimestampsHive2Compatibility" time="0"/>
  <testcase name="testWriteHive2ReadHive2(String)[1639]" classname="org.apache.hadoop.hive.ql.io.parquet.serde.TestParquetTimestampsHive2Compatibility" time="0"/>
  <testcase name="testWriteHive2ReadHive2(String)[1640]" classname="org.apache.hadoop.hive.ql.io.parquet.serde.TestParquetTimestampsHive2Compatibility" time="0"/>
  <testcase name="testWriteHive2ReadHive2(String)[1641]" classname="org.apache.hadoop.hive.ql.io.parquet.serde.TestParquetTimestampsHive2Compatibility" time="0"/>
  <testcase name="testWriteHive2ReadHive2(String)[1642]" classname="org.apache.hadoop.hive.ql.io.parquet.serde.TestParquetTimestampsHive2Compatibility" time="0"/>
  <testcase name="testWriteHive2ReadHive2(String)[1643]" classname="org.apache.hadoop.hive.ql.io.parquet.serde.TestParquetTimestampsHive2Compatibility" time="0"/>
  <testcase name="testWriteHive2ReadHive2(String)[1644]" classname="org.apache.hadoop.hive.ql.io.parquet.serde.TestParquetTimestampsHive2Compatibility" time="0"/>
  <testcase name="testWriteHive2ReadHive2(String)[1645]" classname="org.apache.hadoop.hive.ql.io.parquet.serde.TestParquetTimestampsHive2Compatibility" time="0"/>
  <testcase name="testWriteHive2ReadHive2(String)[1646]" classname="org.apache.hadoop.hive.ql.io.parquet.serde.TestParquetTimestampsHive2Compatibility" time="0"/>
  <testcase name="testWriteHive2ReadHive2(String)[1647]" classname="org.apache.hadoop.hive.ql.io.parquet.serde.TestParquetTimestampsHive2Compatibility" time="0"/>
  <testcase name="testWriteHive2ReadHive2(String)[1648]" classname="org.apache.hadoop.hive.ql.io.parquet.serde.TestParquetTimestampsHive2Compatibility" time="0"/>
  <testcase name="testWriteHive2ReadHive2(String)[1649]" classname="org.apache.hadoop.hive.ql.io.parquet.serde.TestParquetTimestampsHive2Compatibility" time="0"/>
  <testcase name="testWriteHive2ReadHive2(String)[1650]" classname="org.apache.hadoop.hive.ql.io.parquet.serde.TestParquetTimestampsHive2Compatibility" time="0"/>
  <testcase name="testWriteHive2ReadHive2(String)[1651]" classname="org.apache.hadoop.hive.ql.io.parquet.serde.TestParquetTimestampsHive2Compatibility" time="0.001"/>
  <testcase name="testWriteHive2ReadHive2(String)[1652]" classname="org.apache.hadoop.hive.ql.io.parquet.serde.TestParquetTimestampsHive2Compatibility" time="0"/>
  <testcase name="testWriteHive2ReadHive2(String)[1653]" classname="org.apache.hadoop.hive.ql.io.parquet.serde.TestParquetTimestampsHive2Compatibility" time="0"/>
  <testcase name="testWriteHive2ReadHive2(String)[1654]" classname="org.apache.hadoop.hive.ql.io.parquet.serde.TestParquetTimestampsHive2Compatibility" time="0"/>
  <testcase name="testWriteHive2ReadHive2(String)[1655]" classname="org.apache.hadoop.hive.ql.io.parquet.serde.TestParquetTimestampsHive2Compatibility" time="0.001"/>
  <testcase name="testWriteHive2ReadHive2(String)[1656]" classname="org.apache.hadoop.hive.ql.io.parquet.serde.TestParquetTimestampsHive2Compatibility" time="0"/>
  <testcase name="testWriteHive2ReadHive2(String)[1657]" classname="org.apache.hadoop.hive.ql.io.parquet.serde.TestParquetTimestampsHive2Compatibility" time="0"/>
  <testcase name="testWriteHive2ReadHive2(String)[1658]" classname="org.apache.hadoop.hive.ql.io.parquet.serde.TestParquetTimestampsHive2Compatibility" time="0"/>
  <testcase name="testWriteHive2ReadHive2(String)[1659]" classname="org.apache.hadoop.hive.ql.io.parquet.serde.TestParquetTimestampsHive2Compatibility" time="0.001"/>
  <testcase name="testWriteHive2ReadHive2(String)[1660]" classname="org.apache.hadoop.hive.ql.io.parquet.serde.TestParquetTimestampsHive2Compatibility" time="0"/>
  <testcase name="testWriteHive2ReadHive2(String)[1661]" classname="org.apache.hadoop.hive.ql.io.parquet.serde.TestParquetTimestampsHive2Compatibility" time="0"/>
  <testcase name="testWriteHive2ReadHive2(String)[1662]" classname="org.apache.hadoop.hive.ql.io.parquet.serde.TestParquetTimestampsHive2Compatibility" time="0"/>
  <testcase name="testWriteHive2ReadHive2(String)[1663]" classname="org.apache.hadoop.hive.ql.io.parquet.serde.TestParquetTimestampsHive2Compatibility" time="0"/>
  <testcase name="testWriteHive2ReadHive2(String)[1664]" classname="org.apache.hadoop.hive.ql.io.parquet.serde.TestParquetTimestampsHive2Compatibility" time="0"/>
  <testcase name="testWriteHive2ReadHive2(String)[1665]" classname="org.apache.hadoop.hive.ql.io.parquet.serde.TestParquetTimestampsHive2Compatibility" time="0"/>
  <testcase name="testWriteHive2ReadHive2(String)[1666]" classname="org.apache.hadoop.hive.ql.io.parquet.serde.TestParquetTimestampsHive2Compatibility" time="0"/>
  <testcase name="testWriteHive2ReadHive2(String)[1667]" classname="org.apache.hadoop.hive.ql.io.parquet.serde.TestParquetTimestampsHive2Compatibility" time="0"/>
  <testcase name="testWriteHive2ReadHive2(String)[1668]" classname="org.apache.hadoop.hive.ql.io.parquet.serde.TestParquetTimestampsHive2Compatibility" time="0"/>
  <testcase name="testWriteHive2ReadHive2(String)[1669]" classname="org.apache.hadoop.hive.ql.io.parquet.serde.TestParquetTimestampsHive2Compatibility" time="0"/>
  <testcase name="testWriteHive2ReadHive2(String)[1670]" classname="org.apache.hadoop.hive.ql.io.parquet.serde.TestParquetTimestampsHive2Compatibility" time="0"/>
  <testcase name="testWriteHive2ReadHive2(String)[1671]" classname="org.apache.hadoop.hive.ql.io.parquet.serde.TestParquetTimestampsHive2Compatibility" time="0"/>
  <testcase name="testWriteHive2ReadHive2(String)[1672]" classname="org.apache.hadoop.hive.ql.io.parquet.serde.TestParquetTimestampsHive2Compatibility" time="0"/>
  <testcase name="testWriteHive2ReadHive2(String)[1673]" classname="org.apache.hadoop.hive.ql.io.parquet.serde.TestParquetTimestampsHive2Compatibility" time="0"/>
  <testcase name="testWriteHive2ReadHive2(String)[1674]" classname="org.apache.hadoop.hive.ql.io.parquet.serde.TestParquetTimestampsHive2Compatibility" time="0"/>
  <testcase name="testWriteHive2ReadHive2(String)[1675]" classname="org.apache.hadoop.hive.ql.io.parquet.serde.TestParquetTimestampsHive2Compatibility" time="0"/>
  <testcase name="testWriteHive2ReadHive2(String)[1676]" classname="org.apache.hadoop.hive.ql.io.parquet.serde.TestParquetTimestampsHive2Compatibility" time="0"/>
  <testcase name="testWriteHive2ReadHive2(String)[1677]" classname="org.apache.hadoop.hive.ql.io.parquet.serde.TestParquetTimestampsHive2Compatibility" time="0"/>
  <testcase name="testWriteHive2ReadHive2(String)[1678]" classname="org.apache.hadoop.hive.ql.io.parquet.serde.TestParquetTimestampsHive2Compatibility" time="0"/>
  <testcase name="testWriteHive2ReadHive2(String)[1679]" classname="org.apache.hadoop.hive.ql.io.parquet.serde.TestParquetTimestampsHive2Compatibility" time="0.001"/>
  <testcase name="testWriteHive2ReadHive2(String)[1680]" classname="org.apache.hadoop.hive.ql.io.parquet.serde.TestParquetTimestampsHive2Compatibility" time="0"/>
  <testcase name="testWriteHive2ReadHive2(String)[1681]" classname="org.apache.hadoop.hive.ql.io.parquet.serde.TestParquetTimestampsHive2Compatibility" time="0"/>
  <testcase name="testWriteHive2ReadHive2(String)[1682]" classname="org.apache.hadoop.hive.ql.io.parquet.serde.TestParquetTimestampsHive2Compatibility" time="0.01"/>
  <testcase name="testWriteHive2ReadHive2(String)[1683]" classname="org.apache.hadoop.hive.ql.io.parquet.serde.TestParquetTimestampsHive2Compatibility" time="0"/>
  <testcase name="testWriteHive2ReadHive2(String)[1684]" classname="org.apache.hadoop.hive.ql.io.parquet.serde.TestParquetTimestampsHive2Compatibility" time="0"/>
  <testcase name="testWriteHive2ReadHive2(String)[1685]" classname="org.apache.hadoop.hive.ql.io.parquet.serde.TestParquetTimestampsHive2Compatibility" time="0"/>
  <testcase name="testWriteHive2ReadHive2(String)[1686]" classname="org.apache.hadoop.hive.ql.io.parquet.serde.TestParquetTimestampsHive2Compatibility" time="0"/>
  <testcase name="testWriteHive2ReadHive2(String)[1687]" classname="org.apache.hadoop.hive.ql.io.parquet.serde.TestParquetTimestampsHive2Compatibility" time="0"/>
  <testcase name="testWriteHive2ReadHive2(String)[1688]" classname="org.apache.hadoop.hive.ql.io.parquet.serde.TestParquetTimestampsHive2Compatibility" time="0"/>
  <testcase name="testWriteHive2ReadHive2(String)[1689]" classname="org.apache.hadoop.hive.ql.io.parquet.serde.TestParquetTimestampsHive2Compatibility" time="0.001"/>
  <testcase name="testWriteHive2ReadHive2(String)[1690]" classname="org.apache.hadoop.hive.ql.io.parquet.serde.TestParquetTimestampsHive2Compatibility" time="0"/>
  <testcase name="testWriteHive2ReadHive2(String)[1691]" classname="org.apache.hadoop.hive.ql.io.parquet.serde.TestParquetTimestampsHive2Compatibility" time="0"/>
  <testcase name="testWriteHive2ReadHive2(String)[1692]" classname="org.apache.hadoop.hive.ql.io.parquet.serde.TestParquetTimestampsHive2Compatibility" time="0"/>
  <testcase name="testWriteHive2ReadHive2(String)[1693]" classname="org.apache.hadoop.hive.ql.io.parquet.serde.TestParquetTimestampsHive2Compatibility" time="0"/>
  <testcase name="testWriteHive2ReadHive2(String)[1694]" classname="org.apache.hadoop.hive.ql.io.parquet.serde.TestParquetTimestampsHive2Compatibility" time="0"/>
  <testcase name="testWriteHive2ReadHive2(String)[1695]" classname="org.apache.hadoop.hive.ql.io.parquet.serde.TestParquetTimestampsHive2Compatibility" time="0"/>
  <testcase name="testWriteHive2ReadHive2(String)[1696]" classname="org.apache.hadoop.hive.ql.io.parquet.serde.TestParquetTimestampsHive2Compatibility" time="0"/>
  <testcase name="testWriteHive2ReadHive2(String)[1697]" classname="org.apache.hadoop.hive.ql.io.parquet.serde.TestParquetTimestampsHive2Compatibility" time="0"/>
  <testcase name="testWriteHive2ReadHive2(String)[1698]" classname="org.apache.hadoop.hive.ql.io.parquet.serde.TestParquetTimestampsHive2Compatibility" time="0"/>
  <testcase name="testWriteHive2ReadHive2(String)[1699]" classname="org.apache.hadoop.hive.ql.io.parquet.serde.TestParquetTimestampsHive2Compatibility" time="0"/>
  <testcase name="testWriteHive2ReadHive2(String)[1700]" classname="org.apache.hadoop.hive.ql.io.parquet.serde.TestParquetTimestampsHive2Compatibility" time="0.001"/>
  <testcase name="testWriteHive2ReadHive2(String)[1701]" classname="org.apache.hadoop.hive.ql.io.parquet.serde.TestParquetTimestampsHive2Compatibility" time="0"/>
  <testcase name="testWriteHive2ReadHive2(String)[1702]" classname="org.apache.hadoop.hive.ql.io.parquet.serde.TestParquetTimestampsHive2Compatibility" time="0"/>
  <testcase name="testWriteHive2ReadHive2(String)[1703]" classname="org.apache.hadoop.hive.ql.io.parquet.serde.TestParquetTimestampsHive2Compatibility" time="0"/>
  <testcase name="testWriteHive2ReadHive2(String)[1704]" classname="org.apache.hadoop.hive.ql.io.parquet.serde.TestParquetTimestampsHive2Compatibility" time="0"/>
  <testcase name="testWriteHive2ReadHive2(String)[1705]" classname="org.apache.hadoop.hive.ql.io.parquet.serde.TestParquetTimestampsHive2Compatibility" time="0"/>
  <testcase name="testWriteHive2ReadHive2(String)[1706]" classname="org.apache.hadoop.hive.ql.io.parquet.serde.TestParquetTimestampsHive2Compatibility" time="0"/>
  <testcase name="testWriteHive2ReadHive2(String)[1707]" classname="org.apache.hadoop.hive.ql.io.parquet.serde.TestParquetTimestampsHive2Compatibility" time="0"/>
  <testcase name="testWriteHive2ReadHive2(String)[1708]" classname="org.apache.hadoop.hive.ql.io.parquet.serde.TestParquetTimestampsHive2Compatibility" time="0"/>
  <testcase name="testWriteHive2ReadHive2(String)[1709]" classname="org.apache.hadoop.hive.ql.io.parquet.serde.TestParquetTimestampsHive2Compatibility" time="0"/>
  <testcase name="testWriteHive2ReadHive2(String)[1710]" classname="org.apache.hadoop.hive.ql.io.parquet.serde.TestParquetTimestampsHive2Compatibility" time="0"/>
  <testcase name="testWriteHive2ReadHive2(String)[1711]" classname="org.apache.hadoop.hive.ql.io.parquet.serde.TestParquetTimestampsHive2Compatibility" time="0"/>
  <testcase name="testWriteHive2ReadHive2(String)[1712]" classname="org.apache.hadoop.hive.ql.io.parquet.serde.TestParquetTimestampsHive2Compatibility" time="0"/>
  <testcase name="testWriteHive2ReadHive2(String)[1713]" classname="org.apache.hadoop.hive.ql.io.parquet.serde.TestParquetTimestampsHive2Compatibility" time="0"/>
  <testcase name="testWriteHive2ReadHive2(String)[1714]" classname="org.apache.hadoop.hive.ql.io.parquet.serde.TestParquetTimestampsHive2Compatibility" time="0"/>
  <testcase name="testWriteHive2ReadHive2(String)[1715]" classname="org.apache.hadoop.hive.ql.io.parquet.serde.TestParquetTimestampsHive2Compatibility" time="0"/>
  <testcase name="testWriteHive2ReadHive2(String)[1716]" classname="org.apache.hadoop.hive.ql.io.parquet.serde.TestParquetTimestampsHive2Compatibility" time="0"/>
  <testcase name="testWriteHive2ReadHive2(String)[1717]" classname="org.apache.hadoop.hive.ql.io.parquet.serde.TestParquetTimestampsHive2Compatibility" time="0"/>
  <testcase name="testWriteHive2ReadHive2(String)[1718]" classname="org.apache.hadoop.hive.ql.io.parquet.serde.TestParquetTimestampsHive2Compatibility" time="0"/>
  <testcase name="testWriteHive2ReadHive2(String)[1719]" classname="org.apache.hadoop.hive.ql.io.parquet.serde.TestParquetTimestampsHive2Compatibility" time="0"/>
  <testcase name="testWriteHive2ReadHive2(String)[1720]" classname="org.apache.hadoop.hive.ql.io.parquet.serde.TestParquetTimestampsHive2Compatibility" time="0"/>
  <testcase name="testWriteHive2ReadHive2(String)[1721]" classname="org.apache.hadoop.hive.ql.io.parquet.serde.TestParquetTimestampsHive2Compatibility" time="0"/>
  <testcase name="testWriteHive2ReadHive2(String)[1722]" classname="org.apache.hadoop.hive.ql.io.parquet.serde.TestParquetTimestampsHive2Compatibility" time="0"/>
  <testcase name="testWriteHive2ReadHive2(String)[1723]" classname="org.apache.hadoop.hive.ql.io.parquet.serde.TestParquetTimestampsHive2Compatibility" time="0"/>
  <testcase name="testWriteHive2ReadHive2(String)[1724]" classname="org.apache.hadoop.hive.ql.io.parquet.serde.TestParquetTimestampsHive2Compatibility" time="0"/>
  <testcase name="testWriteHive2ReadHive2(String)[1725]" classname="org.apache.hadoop.hive.ql.io.parquet.serde.TestParquetTimestampsHive2Compatibility" time="0"/>
  <testcase name="testWriteHive2ReadHive2(String)[1726]" classname="org.apache.hadoop.hive.ql.io.parquet.serde.TestParquetTimestampsHive2Compatibility" time="0"/>
  <testcase name="testWriteHive2ReadHive2(String)[1727]" classname="org.apache.hadoop.hive.ql.io.parquet.serde.TestParquetTimestampsHive2Compatibility" time="0"/>
  <testcase name="testWriteHive2ReadHive2(String)[1728]" classname="org.apache.hadoop.hive.ql.io.parquet.serde.TestParquetTimestampsHive2Compatibility" time="0"/>
  <testcase name="testWriteHive2ReadHive2(String)[1729]" classname="org.apache.hadoop.hive.ql.io.parquet.serde.TestParquetTimestampsHive2Compatibility" time="0"/>
  <testcase name="testWriteHive2ReadHive2(String)[1730]" classname="org.apache.hadoop.hive.ql.io.parquet.serde.TestParquetTimestampsHive2Compatibility" time="0"/>
  <testcase name="testWriteHive2ReadHive2(String)[1731]" classname="org.apache.hadoop.hive.ql.io.parquet.serde.TestParquetTimestampsHive2Compatibility" time="0"/>
  <testcase name="testWriteHive2ReadHive2(String)[1732]" classname="org.apache.hadoop.hive.ql.io.parquet.serde.TestParquetTimestampsHive2Compatibility" time="0"/>
  <testcase name="testWriteHive2ReadHive2(String)[1733]" classname="org.apache.hadoop.hive.ql.io.parquet.serde.TestParquetTimestampsHive2Compatibility" time="0"/>
  <testcase name="testWriteHive2ReadHive2(String)[1734]" classname="org.apache.hadoop.hive.ql.io.parquet.serde.TestParquetTimestampsHive2Compatibility" time="0"/>
  <testcase name="testWriteHive2ReadHive2(String)[1735]" classname="org.apache.hadoop.hive.ql.io.parquet.serde.TestParquetTimestampsHive2Compatibility" time="0"/>
  <testcase name="testWriteHive2ReadHive2(String)[1736]" classname="org.apache.hadoop.hive.ql.io.parquet.serde.TestParquetTimestampsHive2Compatibility" time="0"/>
  <testcase name="testWriteHive2ReadHive2(String)[1737]" classname="org.apache.hadoop.hive.ql.io.parquet.serde.TestParquetTimestampsHive2Compatibility" time="0.001"/>
  <testcase name="testWriteHive2ReadHive2(String)[1738]" classname="org.apache.hadoop.hive.ql.io.parquet.serde.TestParquetTimestampsHive2Compatibility" time="0"/>
  <testcase name="testWriteHive2ReadHive2(String)[1739]" classname="org.apache.hadoop.hive.ql.io.parquet.serde.TestParquetTimestampsHive2Compatibility" time="0"/>
  <testcase name="testWriteHive2ReadHive2(String)[1740]" classname="org.apache.hadoop.hive.ql.io.parquet.serde.TestParquetTimestampsHive2Compatibility" time="0"/>
  <testcase name="testWriteHive2ReadHive2(String)[1741]" classname="org.apache.hadoop.hive.ql.io.parquet.serde.TestParquetTimestampsHive2Compatibility" time="0"/>
  <testcase name="testWriteHive2ReadHive2(String)[1742]" classname="org.apache.hadoop.hive.ql.io.parquet.serde.TestParquetTimestampsHive2Compatibility" time="0"/>
  <testcase name="testWriteHive2ReadHive2(String)[1743]" classname="org.apache.hadoop.hive.ql.io.parquet.serde.TestParquetTimestampsHive2Compatibility" time="0.001"/>
  <testcase name="testWriteHive2ReadHive2(String)[1744]" classname="org.apache.hadoop.hive.ql.io.parquet.serde.TestParquetTimestampsHive2Compatibility" time="0"/>
  <testcase name="testWriteHive2ReadHive2(String)[1745]" classname="org.apache.hadoop.hive.ql.io.parquet.serde.TestParquetTimestampsHive2Compatibility" time="0"/>
  <testcase name="testWriteHive2ReadHive2(String)[1746]" classname="org.apache.hadoop.hive.ql.io.parquet.serde.TestParquetTimestampsHive2Compatibility" time="0"/>
  <testcase name="testWriteHive2ReadHive2(String)[1747]" classname="org.apache.hadoop.hive.ql.io.parquet.serde.TestParquetTimestampsHive2Compatibility" time="0.001"/>
  <testcase name="testWriteHive2ReadHive2(String)[1748]" classname="org.apache.hadoop.hive.ql.io.parquet.serde.TestParquetTimestampsHive2Compatibility" time="0"/>
  <testcase name="testWriteHive2ReadHive2(String)[1749]" classname="org.apache.hadoop.hive.ql.io.parquet.serde.TestParquetTimestampsHive2Compatibility" time="0"/>
  <testcase name="testWriteHive2ReadHive2(String)[1750]" classname="org.apache.hadoop.hive.ql.io.parquet.serde.TestParquetTimestampsHive2Compatibility" time="0"/>
  <testcase name="testWriteHive2ReadHive2(String)[1751]" classname="org.apache.hadoop.hive.ql.io.parquet.serde.TestParquetTimestampsHive2Compatibility" time="0"/>
  <testcase name="testWriteHive2ReadHive2(String)[1752]" classname="org.apache.hadoop.hive.ql.io.parquet.serde.TestParquetTimestampsHive2Compatibility" time="0"/>
  <testcase name="testWriteHive2ReadHive2(String)[1753]" classname="org.apache.hadoop.hive.ql.io.parquet.serde.TestParquetTimestampsHive2Compatibility" time="0"/>
  <testcase name="testWriteHive2ReadHive2(String)[1754]" classname="org.apache.hadoop.hive.ql.io.parquet.serde.TestParquetTimestampsHive2Compatibility" time="0"/>
  <testcase name="testWriteHive2ReadHive2(String)[1755]" classname="org.apache.hadoop.hive.ql.io.parquet.serde.TestParquetTimestampsHive2Compatibility" time="0"/>
  <testcase name="testWriteHive2ReadHive2(String)[1756]" classname="org.apache.hadoop.hive.ql.io.parquet.serde.TestParquetTimestampsHive2Compatibility" time="0"/>
  <testcase name="testWriteHive2ReadHive2(String)[1757]" classname="org.apache.hadoop.hive.ql.io.parquet.serde.TestParquetTimestampsHive2Compatibility" time="0.001"/>
  <testcase name="testWriteHive2ReadHive2(String)[1758]" classname="org.apache.hadoop.hive.ql.io.parquet.serde.TestParquetTimestampsHive2Compatibility" time="0"/>
  <testcase name="testWriteHive2ReadHive2(String)[1759]" classname="org.apache.hadoop.hive.ql.io.parquet.serde.TestParquetTimestampsHive2Compatibility" time="0"/>
  <testcase name="testWriteHive2ReadHive2(String)[1760]" classname="org.apache.hadoop.hive.ql.io.parquet.serde.TestParquetTimestampsHive2Compatibility" time="0"/>
  <testcase name="testWriteHive2ReadHive2(String)[1761]" classname="org.apache.hadoop.hive.ql.io.parquet.serde.TestParquetTimestampsHive2Compatibility" time="0"/>
  <testcase name="testWriteHive2ReadHive2(String)[1762]" classname="org.apache.hadoop.hive.ql.io.parquet.serde.TestParquetTimestampsHive2Compatibility" time="0"/>
  <testcase name="testWriteHive2ReadHive2(String)[1763]" classname="org.apache.hadoop.hive.ql.io.parquet.serde.TestParquetTimestampsHive2Compatibility" time="0"/>
  <testcase name="testWriteHive2ReadHive2(String)[1764]" classname="org.apache.hadoop.hive.ql.io.parquet.serde.TestParquetTimestampsHive2Compatibility" time="0"/>
  <testcase name="testWriteHive2ReadHive2(String)[1765]" classname="org.apache.hadoop.hive.ql.io.parquet.serde.TestParquetTimestampsHive2Compatibility" time="0"/>
  <testcase name="testWriteHive2ReadHive2(String)[1766]" classname="org.apache.hadoop.hive.ql.io.parquet.serde.TestParquetTimestampsHive2Compatibility" time="0"/>
  <testcase name="testWriteHive2ReadHive2(String)[1767]" classname="org.apache.hadoop.hive.ql.io.parquet.serde.TestParquetTimestampsHive2Compatibility" time="0"/>
  <testcase name="testWriteHive2ReadHive2(String)[1768]" classname="org.apache.hadoop.hive.ql.io.parquet.serde.TestParquetTimestampsHive2Compatibility" time="0"/>
  <testcase name="testWriteHive2ReadHive2(String)[1769]" classname="org.apache.hadoop.hive.ql.io.parquet.serde.TestParquetTimestampsHive2Compatibility" time="0"/>
  <testcase name="testWriteHive2ReadHive2(String)[1770]" classname="org.apache.hadoop.hive.ql.io.parquet.serde.TestParquetTimestampsHive2Compatibility" time="0"/>
  <testcase name="testWriteHive2ReadHive2(String)[1771]" classname="org.apache.hadoop.hive.ql.io.parquet.serde.TestParquetTimestampsHive2Compatibility" time="0"/>
  <testcase name="testWriteHive2ReadHive2(String)[1772]" classname="org.apache.hadoop.hive.ql.io.parquet.serde.TestParquetTimestampsHive2Compatibility" time="0"/>
  <testcase name="testWriteHive2ReadHive2(String)[1773]" classname="org.apache.hadoop.hive.ql.io.parquet.serde.TestParquetTimestampsHive2Compatibility" time="0"/>
  <testcase name="testWriteHive2ReadHive2(String)[1774]" classname="org.apache.hadoop.hive.ql.io.parquet.serde.TestParquetTimestampsHive2Compatibility" time="0"/>
  <testcase name="testWriteHive2ReadHive2(String)[1775]" classname="org.apache.hadoop.hive.ql.io.parquet.serde.TestParquetTimestampsHive2Compatibility" time="0"/>
  <testcase name="testWriteHive2ReadHive2(String)[1776]" classname="org.apache.hadoop.hive.ql.io.parquet.serde.TestParquetTimestampsHive2Compatibility" time="0"/>
  <testcase name="testWriteHive2ReadHive2(String)[1777]" classname="org.apache.hadoop.hive.ql.io.parquet.serde.TestParquetTimestampsHive2Compatibility" time="0"/>
  <testcase name="testWriteHive2ReadHive2(String)[1778]" classname="org.apache.hadoop.hive.ql.io.parquet.serde.TestParquetTimestampsHive2Compatibility" time="0"/>
  <testcase name="testWriteHive2ReadHive2(String)[1779]" classname="org.apache.hadoop.hive.ql.io.parquet.serde.TestParquetTimestampsHive2Compatibility" time="0"/>
  <testcase name="testWriteHive2ReadHive2(String)[1780]" classname="org.apache.hadoop.hive.ql.io.parquet.serde.TestParquetTimestampsHive2Compatibility" time="0"/>
  <testcase name="testWriteHive2ReadHive2(String)[1781]" classname="org.apache.hadoop.hive.ql.io.parquet.serde.TestParquetTimestampsHive2Compatibility" time="0"/>
  <testcase name="testWriteHive2ReadHive2(String)[1782]" classname="org.apache.hadoop.hive.ql.io.parquet.serde.TestParquetTimestampsHive2Compatibility" time="0"/>
  <testcase name="testWriteHive2ReadHive2(String)[1783]" classname="org.apache.hadoop.hive.ql.io.parquet.serde.TestParquetTimestampsHive2Compatibility" time="0"/>
  <testcase name="testWriteHive2ReadHive2(String)[1784]" classname="org.apache.hadoop.hive.ql.io.parquet.serde.TestParquetTimestampsHive2Compatibility" time="0"/>
  <testcase name="testWriteHive2ReadHive2(String)[1785]" classname="org.apache.hadoop.hive.ql.io.parquet.serde.TestParquetTimestampsHive2Compatibility" time="0.001"/>
  <testcase name="testWriteHive2ReadHive2(String)[1786]" classname="org.apache.hadoop.hive.ql.io.parquet.serde.TestParquetTimestampsHive2Compatibility" time="0"/>
  <testcase name="testWriteHive2ReadHive2(String)[1787]" classname="org.apache.hadoop.hive.ql.io.parquet.serde.TestParquetTimestampsHive2Compatibility" time="0"/>
  <testcase name="testWriteHive2ReadHive2(String)[1788]" classname="org.apache.hadoop.hive.ql.io.parquet.serde.TestParquetTimestampsHive2Compatibility" time="0"/>
  <testcase name="testWriteHive2ReadHive2(String)[1789]" classname="org.apache.hadoop.hive.ql.io.parquet.serde.TestParquetTimestampsHive2Compatibility" time="0"/>
  <testcase name="testWriteHive2ReadHive2(String)[1790]" classname="org.apache.hadoop.hive.ql.io.parquet.serde.TestParquetTimestampsHive2Compatibility" time="0"/>
  <testcase name="testWriteHive2ReadHive2(String)[1791]" classname="org.apache.hadoop.hive.ql.io.parquet.serde.TestParquetTimestampsHive2Compatibility" time="0.001"/>
  <testcase name="testWriteHive2ReadHive2(String)[1792]" classname="org.apache.hadoop.hive.ql.io.parquet.serde.TestParquetTimestampsHive2Compatibility" time="0"/>
  <testcase name="testWriteHive2ReadHive2(String)[1793]" classname="org.apache.hadoop.hive.ql.io.parquet.serde.TestParquetTimestampsHive2Compatibility" time="0"/>
  <testcase name="testWriteHive2ReadHive2(String)[1794]" classname="org.apache.hadoop.hive.ql.io.parquet.serde.TestParquetTimestampsHive2Compatibility" time="0"/>
  <testcase name="testWriteHive2ReadHive2(String)[1795]" classname="org.apache.hadoop.hive.ql.io.parquet.serde.TestParquetTimestampsHive2Compatibility" time="0"/>
  <testcase name="testWriteHive2ReadHive2(String)[1796]" classname="org.apache.hadoop.hive.ql.io.parquet.serde.TestParquetTimestampsHive2Compatibility" time="0"/>
  <testcase name="testWriteHive2ReadHive2(String)[1797]" classname="org.apache.hadoop.hive.ql.io.parquet.serde.TestParquetTimestampsHive2Compatibility" time="0"/>
  <testcase name="testWriteHive2ReadHive2(String)[1798]" classname="org.apache.hadoop.hive.ql.io.parquet.serde.TestParquetTimestampsHive2Compatibility" time="0"/>
  <testcase name="testWriteHive2ReadHive2(String)[1799]" classname="org.apache.hadoop.hive.ql.io.parquet.serde.TestParquetTimestampsHive2Compatibility" time="0"/>
  <testcase name="testWriteHive2ReadHive2(String)[1800]" classname="org.apache.hadoop.hive.ql.io.parquet.serde.TestParquetTimestampsHive2Compatibility" time="0"/>
  <testcase name="testWriteHive2ReadHive2(String)[1801]" classname="org.apache.hadoop.hive.ql.io.parquet.serde.TestParquetTimestampsHive2Compatibility" time="0"/>
  <testcase name="testWriteHive2ReadHive2(String)[1802]" classname="org.apache.hadoop.hive.ql.io.parquet.serde.TestParquetTimestampsHive2Compatibility" time="0.001"/>
  <testcase name="testWriteHive2ReadHive2(String)[1803]" classname="org.apache.hadoop.hive.ql.io.parquet.serde.TestParquetTimestampsHive2Compatibility" time="0"/>
  <testcase name="testWriteHive2ReadHive2(String)[1804]" classname="org.apache.hadoop.hive.ql.io.parquet.serde.TestParquetTimestampsHive2Compatibility" time="0"/>
  <testcase name="testWriteHive2ReadHive2(String)[1805]" classname="org.apache.hadoop.hive.ql.io.parquet.serde.TestParquetTimestampsHive2Compatibility" time="0"/>
  <testcase name="testWriteHive2ReadHive2(String)[1806]" classname="org.apache.hadoop.hive.ql.io.parquet.serde.TestParquetTimestampsHive2Compatibility" time="0"/>
  <testcase name="testWriteHive2ReadHive2(String)[1807]" classname="org.apache.hadoop.hive.ql.io.parquet.serde.TestParquetTimestampsHive2Compatibility" time="0"/>
  <testcase name="testWriteHive2ReadHive2(String)[1808]" classname="org.apache.hadoop.hive.ql.io.parquet.serde.TestParquetTimestampsHive2Compatibility" time="0"/>
  <testcase name="testWriteHive2ReadHive2(String)[1809]" classname="org.apache.hadoop.hive.ql.io.parquet.serde.TestParquetTimestampsHive2Compatibility" time="0"/>
  <testcase name="testWriteHive2ReadHive2(String)[1810]" classname="org.apache.hadoop.hive.ql.io.parquet.serde.TestParquetTimestampsHive2Compatibility" time="0"/>
  <testcase name="testWriteHive2ReadHive2(String)[1811]" classname="org.apache.hadoop.hive.ql.io.parquet.serde.TestParquetTimestampsHive2Compatibility" time="0"/>
  <testcase name="testWriteHive2ReadHive2(String)[1812]" classname="org.apache.hadoop.hive.ql.io.parquet.serde.TestParquetTimestampsHive2Compatibility" time="0"/>
  <testcase name="testWriteHive2ReadHive2(String)[1813]" classname="org.apache.hadoop.hive.ql.io.parquet.serde.TestParquetTimestampsHive2Compatibility" time="0"/>
  <testcase name="testWriteHive2ReadHive2(String)[1814]" classname="org.apache.hadoop.hive.ql.io.parquet.serde.TestParquetTimestampsHive2Compatibility" time="0"/>
  <testcase name="testWriteHive2ReadHive2(String)[1815]" classname="org.apache.hadoop.hive.ql.io.parquet.serde.TestParquetTimestampsHive2Compatibility" time="0"/>
  <testcase name="testWriteHive2ReadHive2(String)[1816]" classname="org.apache.hadoop.hive.ql.io.parquet.serde.TestParquetTimestampsHive2Compatibility" time="0"/>
  <testcase name="testWriteHive2ReadHive2(String)[1817]" classname="org.apache.hadoop.hive.ql.io.parquet.serde.TestParquetTimestampsHive2Compatibility" time="0"/>
  <testcase name="testWriteHive2ReadHive2(String)[1818]" classname="org.apache.hadoop.hive.ql.io.parquet.serde.TestParquetTimestampsHive2Compatibility" time="0"/>
  <testcase name="testWriteHive2ReadHive2(String)[1819]" classname="org.apache.hadoop.hive.ql.io.parquet.serde.TestParquetTimestampsHive2Compatibility" time="0"/>
  <testcase name="testWriteHive2ReadHive2(String)[1820]" classname="org.apache.hadoop.hive.ql.io.parquet.serde.TestParquetTimestampsHive2Compatibility" time="0"/>
  <testcase name="testWriteHive2ReadHive2(String)[1821]" classname="org.apache.hadoop.hive.ql.io.parquet.serde.TestParquetTimestampsHive2Compatibility" time="0"/>
  <testcase name="testWriteHive2ReadHive2(String)[1822]" classname="org.apache.hadoop.hive.ql.io.parquet.serde.TestParquetTimestampsHive2Compatibility" time="0"/>
  <testcase name="testWriteHive2ReadHive2(String)[1823]" classname="org.apache.hadoop.hive.ql.io.parquet.serde.TestParquetTimestampsHive2Compatibility" time="0"/>
  <testcase name="testWriteHive2ReadHive2(String)[1824]" classname="org.apache.hadoop.hive.ql.io.parquet.serde.TestParquetTimestampsHive2Compatibility" time="0"/>
  <testcase name="testWriteHive2ReadHive2(String)[1825]" classname="org.apache.hadoop.hive.ql.io.parquet.serde.TestParquetTimestampsHive2Compatibility" time="0"/>
  <testcase name="testWriteHive2ReadHive2(String)[1826]" classname="org.apache.hadoop.hive.ql.io.parquet.serde.TestParquetTimestampsHive2Compatibility" time="0"/>
  <testcase name="testWriteHive2ReadHive2(String)[1827]" classname="org.apache.hadoop.hive.ql.io.parquet.serde.TestParquetTimestampsHive2Compatibility" time="0"/>
  <testcase name="testWriteHive2ReadHive2(String)[1828]" classname="org.apache.hadoop.hive.ql.io.parquet.serde.TestParquetTimestampsHive2Compatibility" time="0"/>
  <testcase name="testWriteHive2ReadHive2(String)[1829]" classname="org.apache.hadoop.hive.ql.io.parquet.serde.TestParquetTimestampsHive2Compatibility" time="0"/>
  <testcase name="testWriteHive2ReadHive2(String)[1830]" classname="org.apache.hadoop.hive.ql.io.parquet.serde.TestParquetTimestampsHive2Compatibility" time="0"/>
  <testcase name="testWriteHive2ReadHive2(String)[1831]" classname="org.apache.hadoop.hive.ql.io.parquet.serde.TestParquetTimestampsHive2Compatibility" time="0.001"/>
  <testcase name="testWriteHive2ReadHive2(String)[1832]" classname="org.apache.hadoop.hive.ql.io.parquet.serde.TestParquetTimestampsHive2Compatibility" time="0"/>
  <testcase name="testWriteHive2ReadHive2(String)[1833]" classname="org.apache.hadoop.hive.ql.io.parquet.serde.TestParquetTimestampsHive2Compatibility" time="0"/>
  <testcase name="testWriteHive2ReadHive2(String)[1834]" classname="org.apache.hadoop.hive.ql.io.parquet.serde.TestParquetTimestampsHive2Compatibility" time="0"/>
  <testcase name="testWriteHive2ReadHive2(String)[1835]" classname="org.apache.hadoop.hive.ql.io.parquet.serde.TestParquetTimestampsHive2Compatibility" time="0"/>
  <testcase name="testWriteHive2ReadHive2(String)[1836]" classname="org.apache.hadoop.hive.ql.io.parquet.serde.TestParquetTimestampsHive2Compatibility" time="0"/>
  <testcase name="testWriteHive2ReadHive2(String)[1837]" classname="org.apache.hadoop.hive.ql.io.parquet.serde.TestParquetTimestampsHive2Compatibility" time="0"/>
  <testcase name="testWriteHive2ReadHive2(String)[1838]" classname="org.apache.hadoop.hive.ql.io.parquet.serde.TestParquetTimestampsHive2Compatibility" time="0"/>
  <testcase name="testWriteHive2ReadHive2(String)[1839]" classname="org.apache.hadoop.hive.ql.io.parquet.serde.TestParquetTimestampsHive2Compatibility" time="0"/>
  <testcase name="testWriteHive2ReadHive2(String)[1840]" classname="org.apache.hadoop.hive.ql.io.parquet.serde.TestParquetTimestampsHive2Compatibility" time="0"/>
  <testcase name="testWriteHive2ReadHive2(String)[1841]" classname="org.apache.hadoop.hive.ql.io.parquet.serde.TestParquetTimestampsHive2Compatibility" time="0"/>
  <testcase name="testWriteHive2ReadHive2(String)[1842]" classname="org.apache.hadoop.hive.ql.io.parquet.serde.TestParquetTimestampsHive2Compatibility" time="0.001"/>
  <testcase name="testWriteHive2ReadHive2(String)[1843]" classname="org.apache.hadoop.hive.ql.io.parquet.serde.TestParquetTimestampsHive2Compatibility" time="0"/>
  <testcase name="testWriteHive2ReadHive2(String)[1844]" classname="org.apache.hadoop.hive.ql.io.parquet.serde.TestParquetTimestampsHive2Compatibility" time="0"/>
  <testcase name="testWriteHive2ReadHive2(String)[1845]" classname="org.apache.hadoop.hive.ql.io.parquet.serde.TestParquetTimestampsHive2Compatibility" time="0"/>
  <testcase name="testWriteHive2ReadHive2(String)[1846]" classname="org.apache.hadoop.hive.ql.io.parquet.serde.TestParquetTimestampsHive2Compatibility" time="0"/>
  <testcase name="testWriteHive2ReadHive2(String)[1847]" classname="org.apache.hadoop.hive.ql.io.parquet.serde.TestParquetTimestampsHive2Compatibility" time="0"/>
  <testcase name="testWriteHive2ReadHive2(String)[1848]" classname="org.apache.hadoop.hive.ql.io.parquet.serde.TestParquetTimestampsHive2Compatibility" time="0.001"/>
  <testcase name="testWriteHive2ReadHive2(String)[1849]" classname="org.apache.hadoop.hive.ql.io.parquet.serde.TestParquetTimestampsHive2Compatibility" time="0"/>
  <testcase name="testWriteHive2ReadHive2(String)[1850]" classname="org.apache.hadoop.hive.ql.io.parquet.serde.TestParquetTimestampsHive2Compatibility" time="0"/>
  <testcase name="testWriteHive2ReadHive2(String)[1851]" classname="org.apache.hadoop.hive.ql.io.parquet.serde.TestParquetTimestampsHive2Compatibility" time="0"/>
  <testcase name="testWriteHive2ReadHive2(String)[1852]" classname="org.apache.hadoop.hive.ql.io.parquet.serde.TestParquetTimestampsHive2Compatibility" time="0"/>
  <testcase name="testWriteHive2ReadHive2(String)[1853]" classname="org.apache.hadoop.hive.ql.io.parquet.serde.TestParquetTimestampsHive2Compatibility" time="0"/>
  <testcase name="testWriteHive2ReadHive2(String)[1854]" classname="org.apache.hadoop.hive.ql.io.parquet.serde.TestParquetTimestampsHive2Compatibility" time="0"/>
  <testcase name="testWriteHive2ReadHive2(String)[1855]" classname="org.apache.hadoop.hive.ql.io.parquet.serde.TestParquetTimestampsHive2Compatibility" time="0"/>
  <testcase name="testWriteHive2ReadHive2(String)[1856]" classname="org.apache.hadoop.hive.ql.io.parquet.serde.TestParquetTimestampsHive2Compatibility" time="0"/>
  <testcase name="testWriteHive2ReadHive2(String)[1857]" classname="org.apache.hadoop.hive.ql.io.parquet.serde.TestParquetTimestampsHive2Compatibility" time="0"/>
  <testcase name="testWriteHive2ReadHive2(String)[1858]" classname="org.apache.hadoop.hive.ql.io.parquet.serde.TestParquetTimestampsHive2Compatibility" time="0"/>
  <testcase name="testWriteHive2ReadHive2(String)[1859]" classname="org.apache.hadoop.hive.ql.io.parquet.serde.TestParquetTimestampsHive2Compatibility" time="0.001"/>
  <testcase name="testWriteHive2ReadHive2(String)[1860]" classname="org.apache.hadoop.hive.ql.io.parquet.serde.TestParquetTimestampsHive2Compatibility" time="0"/>
  <testcase name="testWriteHive2ReadHive2(String)[1861]" classname="org.apache.hadoop.hive.ql.io.parquet.serde.TestParquetTimestampsHive2Compatibility" time="0"/>
  <testcase name="testWriteHive2ReadHive2(String)[1862]" classname="org.apache.hadoop.hive.ql.io.parquet.serde.TestParquetTimestampsHive2Compatibility" time="0"/>
  <testcase name="testWriteHive2ReadHive2(String)[1863]" classname="org.apache.hadoop.hive.ql.io.parquet.serde.TestParquetTimestampsHive2Compatibility" time="0"/>
  <testcase name="testWriteHive2ReadHive2(String)[1864]" classname="org.apache.hadoop.hive.ql.io.parquet.serde.TestParquetTimestampsHive2Compatibility" time="0"/>
  <testcase name="testWriteHive2ReadHive2(String)[1865]" classname="org.apache.hadoop.hive.ql.io.parquet.serde.TestParquetTimestampsHive2Compatibility" time="0"/>
  <testcase name="testWriteHive2ReadHive2(String)[1866]" classname="org.apache.hadoop.hive.ql.io.parquet.serde.TestParquetTimestampsHive2Compatibility" time="0"/>
  <testcase name="testWriteHive2ReadHive2(String)[1867]" classname="org.apache.hadoop.hive.ql.io.parquet.serde.TestParquetTimestampsHive2Compatibility" time="0"/>
  <testcase name="testWriteHive2ReadHive2(String)[1868]" classname="org.apache.hadoop.hive.ql.io.parquet.serde.TestParquetTimestampsHive2Compatibility" time="0"/>
  <testcase name="testWriteHive2ReadHive2(String)[1869]" classname="org.apache.hadoop.hive.ql.io.parquet.serde.TestParquetTimestampsHive2Compatibility" time="0"/>
  <testcase name="testWriteHive2ReadHive2(String)[1870]" classname="org.apache.hadoop.hive.ql.io.parquet.serde.TestParquetTimestampsHive2Compatibility" time="0"/>
  <testcase name="testWriteHive2ReadHive2(String)[1871]" classname="org.apache.hadoop.hive.ql.io.parquet.serde.TestParquetTimestampsHive2Compatibility" time="0"/>
  <testcase name="testWriteHive2ReadHive2(String)[1872]" classname="org.apache.hadoop.hive.ql.io.parquet.serde.TestParquetTimestampsHive2Compatibility" time="0"/>
  <testcase name="testWriteHive2ReadHive2(String)[1873]" classname="org.apache.hadoop.hive.ql.io.parquet.serde.TestParquetTimestampsHive2Compatibility" time="0"/>
  <testcase name="testWriteHive2ReadHive2(String)[1874]" classname="org.apache.hadoop.hive.ql.io.parquet.serde.TestParquetTimestampsHive2Compatibility" time="0"/>
  <testcase name="testWriteHive2ReadHive2(String)[1875]" classname="org.apache.hadoop.hive.ql.io.parquet.serde.TestParquetTimestampsHive2Compatibility" time="0"/>
  <testcase name="testWriteHive2ReadHive2(String)[1876]" classname="org.apache.hadoop.hive.ql.io.parquet.serde.TestParquetTimestampsHive2Compatibility" time="0"/>
  <testcase name="testWriteHive2ReadHive2(String)[1877]" classname="org.apache.hadoop.hive.ql.io.parquet.serde.TestParquetTimestampsHive2Compatibility" time="0"/>
  <testcase name="testWriteHive2ReadHive2(String)[1878]" classname="org.apache.hadoop.hive.ql.io.parquet.serde.TestParquetTimestampsHive2Compatibility" time="0"/>
  <testcase name="testWriteHive2ReadHive2(String)[1879]" classname="org.apache.hadoop.hive.ql.io.parquet.serde.TestParquetTimestampsHive2Compatibility" time="0"/>
  <testcase name="testWriteHive2ReadHive2(String)[1880]" classname="org.apache.hadoop.hive.ql.io.parquet.serde.TestParquetTimestampsHive2Compatibility" time="0"/>
  <testcase name="testWriteHive2ReadHive2(String)[1881]" classname="org.apache.hadoop.hive.ql.io.parquet.serde.TestParquetTimestampsHive2Compatibility" time="0"/>
  <testcase name="testWriteHive2ReadHive2(String)[1882]" classname="org.apache.hadoop.hive.ql.io.parquet.serde.TestParquetTimestampsHive2Compatibility" time="0"/>
  <testcase name="testWriteHive2ReadHive2(String)[1883]" classname="org.apache.hadoop.hive.ql.io.parquet.serde.TestParquetTimestampsHive2Compatibility" time="0"/>
  <testcase name="testWriteHive2ReadHive2(String)[1884]" classname="org.apache.hadoop.hive.ql.io.parquet.serde.TestParquetTimestampsHive2Compatibility" time="0"/>
  <testcase name="testWriteHive2ReadHive2(String)[1885]" classname="org.apache.hadoop.hive.ql.io.parquet.serde.TestParquetTimestampsHive2Compatibility" time="0"/>
  <testcase name="testWriteHive2ReadHive2(String)[1886]" classname="org.apache.hadoop.hive.ql.io.parquet.serde.TestParquetTimestampsHive2Compatibility" time="0"/>
  <testcase name="testWriteHive2ReadHive2(String)[1887]" classname="org.apache.hadoop.hive.ql.io.parquet.serde.TestParquetTimestampsHive2Compatibility" time="0"/>
  <testcase name="testWriteHive2ReadHive2(String)[1888]" classname="org.apache.hadoop.hive.ql.io.parquet.serde.TestParquetTimestampsHive2Compatibility" time="0"/>
  <testcase name="testWriteHive2ReadHive2(String)[1889]" classname="org.apache.hadoop.hive.ql.io.parquet.serde.TestParquetTimestampsHive2Compatibility" time="0"/>
  <testcase name="testWriteHive2ReadHive2(String)[1890]" classname="org.apache.hadoop.hive.ql.io.parquet.serde.TestParquetTimestampsHive2Compatibility" time="0"/>
  <testcase name="testWriteHive2ReadHive2(String)[1891]" classname="org.apache.hadoop.hive.ql.io.parquet.serde.TestParquetTimestampsHive2Compatibility" time="0"/>
  <testcase name="testWriteHive2ReadHive2(String)[1892]" classname="org.apache.hadoop.hive.ql.io.parquet.serde.TestParquetTimestampsHive2Compatibility" time="0"/>
  <testcase name="testWriteHive2ReadHive2(String)[1893]" classname="org.apache.hadoop.hive.ql.io.parquet.serde.TestParquetTimestampsHive2Compatibility" time="0"/>
  <testcase name="testWriteHive2ReadHive2(String)[1894]" classname="org.apache.hadoop.hive.ql.io.parquet.serde.TestParquetTimestampsHive2Compatibility" time="0"/>
  <testcase name="testWriteHive2ReadHive2(String)[1895]" classname="org.apache.hadoop.hive.ql.io.parquet.serde.TestParquetTimestampsHive2Compatibility" time="0"/>
  <testcase name="testWriteHive2ReadHive2(String)[1896]" classname="org.apache.hadoop.hive.ql.io.parquet.serde.TestParquetTimestampsHive2Compatibility" time="0"/>
  <testcase name="testWriteHive2ReadHive2(String)[1897]" classname="org.apache.hadoop.hive.ql.io.parquet.serde.TestParquetTimestampsHive2Compatibility" time="0"/>
  <testcase name="testWriteHive2ReadHive2(String)[1898]" classname="org.apache.hadoop.hive.ql.io.parquet.serde.TestParquetTimestampsHive2Compatibility" time="0"/>
  <testcase name="testWriteHive2ReadHive2(String)[1899]" classname="org.apache.hadoop.hive.ql.io.parquet.serde.TestParquetTimestampsHive2Compatibility" time="0"/>
  <testcase name="testWriteHive2ReadHive2(String)[1900]" classname="org.apache.hadoop.hive.ql.io.parquet.serde.TestParquetTimestampsHive2Compatibility" time="0.001"/>
  <testcase name="testWriteHive2ReadHive2(String)[1901]" classname="org.apache.hadoop.hive.ql.io.parquet.serde.TestParquetTimestampsHive2Compatibility" time="0"/>
  <testcase name="testWriteHive2ReadHive2(String)[1902]" classname="org.apache.hadoop.hive.ql.io.parquet.serde.TestParquetTimestampsHive2Compatibility" time="0"/>
  <testcase name="testWriteHive2ReadHive2(String)[1903]" classname="org.apache.hadoop.hive.ql.io.parquet.serde.TestParquetTimestampsHive2Compatibility" time="0"/>
  <testcase name="testWriteHive2ReadHive2(String)[1904]" classname="org.apache.hadoop.hive.ql.io.parquet.serde.TestParquetTimestampsHive2Compatibility" time="0"/>
  <testcase name="testWriteHive2ReadHive2(String)[1905]" classname="org.apache.hadoop.hive.ql.io.parquet.serde.TestParquetTimestampsHive2Compatibility" time="0"/>
  <testcase name="testWriteHive2ReadHive2(String)[1906]" classname="org.apache.hadoop.hive.ql.io.parquet.serde.TestParquetTimestampsHive2Compatibility" time="0"/>
  <testcase name="testWriteHive2ReadHive2(String)[1907]" classname="org.apache.hadoop.hive.ql.io.parquet.serde.TestParquetTimestampsHive2Compatibility" time="0"/>
  <testcase name="testWriteHive2ReadHive2(String)[1908]" classname="org.apache.hadoop.hive.ql.io.parquet.serde.TestParquetTimestampsHive2Compatibility" time="0"/>
  <testcase name="testWriteHive2ReadHive2(String)[1909]" classname="org.apache.hadoop.hive.ql.io.parquet.serde.TestParquetTimestampsHive2Compatibility" time="0"/>
  <testcase name="testWriteHive2ReadHive2(String)[1910]" classname="org.apache.hadoop.hive.ql.io.parquet.serde.TestParquetTimestampsHive2Compatibility" time="0"/>
  <testcase name="testWriteHive2ReadHive2(String)[1911]" classname="org.apache.hadoop.hive.ql.io.parquet.serde.TestParquetTimestampsHive2Compatibility" time="0"/>
  <testcase name="testWriteHive2ReadHive2(String)[1912]" classname="org.apache.hadoop.hive.ql.io.parquet.serde.TestParquetTimestampsHive2Compatibility" time="0"/>
  <testcase name="testWriteHive2ReadHive2(String)[1913]" classname="org.apache.hadoop.hive.ql.io.parquet.serde.TestParquetTimestampsHive2Compatibility" time="0"/>
  <testcase name="testWriteHive2ReadHive2(String)[1914]" classname="org.apache.hadoop.hive.ql.io.parquet.serde.TestParquetTimestampsHive2Compatibility" time="0"/>
  <testcase name="testWriteHive2ReadHive2(String)[1915]" classname="org.apache.hadoop.hive.ql.io.parquet.serde.TestParquetTimestampsHive2Compatibility" time="0"/>
  <testcase name="testWriteHive2ReadHive2(String)[1916]" classname="org.apache.hadoop.hive.ql.io.parquet.serde.TestParquetTimestampsHive2Compatibility" time="0"/>
  <testcase name="testWriteHive2ReadHive2(String)[1917]" classname="org.apache.hadoop.hive.ql.io.parquet.serde.TestParquetTimestampsHive2Compatibility" time="0.001"/>
  <testcase name="testWriteHive2ReadHive2(String)[1918]" classname="org.apache.hadoop.hive.ql.io.parquet.serde.TestParquetTimestampsHive2Compatibility" time="0"/>
  <testcase name="testWriteHive2ReadHive2(String)[1919]" classname="org.apache.hadoop.hive.ql.io.parquet.serde.TestParquetTimestampsHive2Compatibility" time="0"/>
  <testcase name="testWriteHive2ReadHive2(String)[1920]" classname="org.apache.hadoop.hive.ql.io.parquet.serde.TestParquetTimestampsHive2Compatibility" time="0"/>
  <testcase name="testWriteHive2ReadHive2(String)[1921]" classname="org.apache.hadoop.hive.ql.io.parquet.serde.TestParquetTimestampsHive2Compatibility" time="0"/>
  <testcase name="testWriteHive2ReadHive2(String)[1922]" classname="org.apache.hadoop.hive.ql.io.parquet.serde.TestParquetTimestampsHive2Compatibility" time="0"/>
  <testcase name="testWriteHive2ReadHive2(String)[1923]" classname="org.apache.hadoop.hive.ql.io.parquet.serde.TestParquetTimestampsHive2Compatibility" time="0"/>
  <testcase name="testWriteHive2ReadHive2(String)[1924]" classname="org.apache.hadoop.hive.ql.io.parquet.serde.TestParquetTimestampsHive2Compatibility" time="0"/>
  <testcase name="testWriteHive2ReadHive2(String)[1925]" classname="org.apache.hadoop.hive.ql.io.parquet.serde.TestParquetTimestampsHive2Compatibility" time="0"/>
  <testcase name="testWriteHive2ReadHive2(String)[1926]" classname="org.apache.hadoop.hive.ql.io.parquet.serde.TestParquetTimestampsHive2Compatibility" time="0"/>
  <testcase name="testWriteHive2ReadHive2(String)[1927]" classname="org.apache.hadoop.hive.ql.io.parquet.serde.TestParquetTimestampsHive2Compatibility" time="0"/>
  <testcase name="testWriteHive2ReadHive2(String)[1928]" classname="org.apache.hadoop.hive.ql.io.parquet.serde.TestParquetTimestampsHive2Compatibility" time="0"/>
  <testcase name="testWriteHive2ReadHive2(String)[1929]" classname="org.apache.hadoop.hive.ql.io.parquet.serde.TestParquetTimestampsHive2Compatibility" time="0"/>
  <testcase name="testWriteHive2ReadHive2(String)[1930]" classname="org.apache.hadoop.hive.ql.io.parquet.serde.TestParquetTimestampsHive2Compatibility" time="0"/>
  <testcase name="testWriteHive2ReadHive2(String)[1931]" classname="org.apache.hadoop.hive.ql.io.parquet.serde.TestParquetTimestampsHive2Compatibility" time="0"/>
  <testcase name="testWriteHive2ReadHive2(String)[1932]" classname="org.apache.hadoop.hive.ql.io.parquet.serde.TestParquetTimestampsHive2Compatibility" time="0"/>
  <testcase name="testWriteHive2ReadHive2(String)[1933]" classname="org.apache.hadoop.hive.ql.io.parquet.serde.TestParquetTimestampsHive2Compatibility" time="0"/>
  <testcase name="testWriteHive2ReadHive2(String)[1934]" classname="org.apache.hadoop.hive.ql.io.parquet.serde.TestParquetTimestampsHive2Compatibility" time="0.001"/>
  <testcase name="testWriteHive2ReadHive2(String)[1935]" classname="org.apache.hadoop.hive.ql.io.parquet.serde.TestParquetTimestampsHive2Compatibility" time="0"/>
  <testcase name="testWriteHive2ReadHive2(String)[1936]" classname="org.apache.hadoop.hive.ql.io.parquet.serde.TestParquetTimestampsHive2Compatibility" time="0"/>
  <testcase name="testWriteHive2ReadHive2(String)[1937]" classname="org.apache.hadoop.hive.ql.io.parquet.serde.TestParquetTimestampsHive2Compatibility" time="0"/>
  <testcase name="testWriteHive2ReadHive2(String)[1938]" classname="org.apache.hadoop.hive.ql.io.parquet.serde.TestParquetTimestampsHive2Compatibility" time="0"/>
  <testcase name="testWriteHive2ReadHive2(String)[1939]" classname="org.apache.hadoop.hive.ql.io.parquet.serde.TestParquetTimestampsHive2Compatibility" time="0"/>
  <testcase name="testWriteHive2ReadHive2(String)[1940]" classname="org.apache.hadoop.hive.ql.io.parquet.serde.TestParquetTimestampsHive2Compatibility" time="0"/>
  <testcase name="testWriteHive2ReadHive2(String)[1941]" classname="org.apache.hadoop.hive.ql.io.parquet.serde.TestParquetTimestampsHive2Compatibility" time="0"/>
  <testcase name="testWriteHive2ReadHive2(String)[1942]" classname="org.apache.hadoop.hive.ql.io.parquet.serde.TestParquetTimestampsHive2Compatibility" time="0"/>
  <testcase name="testWriteHive2ReadHive2(String)[1943]" classname="org.apache.hadoop.hive.ql.io.parquet.serde.TestParquetTimestampsHive2Compatibility" time="0"/>
  <testcase name="testWriteHive2ReadHive2(String)[1944]" classname="org.apache.hadoop.hive.ql.io.parquet.serde.TestParquetTimestampsHive2Compatibility" time="0"/>
  <testcase name="testWriteHive2ReadHive2(String)[1945]" classname="org.apache.hadoop.hive.ql.io.parquet.serde.TestParquetTimestampsHive2Compatibility" time="0"/>
  <testcase name="testWriteHive2ReadHive2(String)[1946]" classname="org.apache.hadoop.hive.ql.io.parquet.serde.TestParquetTimestampsHive2Compatibility" time="0"/>
  <testcase name="testWriteHive2ReadHive2(String)[1947]" classname="org.apache.hadoop.hive.ql.io.parquet.serde.TestParquetTimestampsHive2Compatibility" time="0"/>
  <testcase name="testWriteHive2ReadHive2(String)[1948]" classname="org.apache.hadoop.hive.ql.io.parquet.serde.TestParquetTimestampsHive2Compatibility" time="0"/>
  <testcase name="testWriteHive2ReadHive2(String)[1949]" classname="org.apache.hadoop.hive.ql.io.parquet.serde.TestParquetTimestampsHive2Compatibility" time="0"/>
  <testcase name="testWriteHive2ReadHive2(String)[1950]" classname="org.apache.hadoop.hive.ql.io.parquet.serde.TestParquetTimestampsHive2Compatibility" time="0"/>
  <testcase name="testWriteHive2ReadHive2(String)[1951]" classname="org.apache.hadoop.hive.ql.io.parquet.serde.TestParquetTimestampsHive2Compatibility" time="0"/>
  <testcase name="testWriteHive2ReadHive2(String)[1952]" classname="org.apache.hadoop.hive.ql.io.parquet.serde.TestParquetTimestampsHive2Compatibility" time="0"/>
  <testcase name="testWriteHive2ReadHive2(String)[1953]" classname="org.apache.hadoop.hive.ql.io.parquet.serde.TestParquetTimestampsHive2Compatibility" time="0"/>
  <testcase name="testWriteHive2ReadHive2(String)[1954]" classname="org.apache.hadoop.hive.ql.io.parquet.serde.TestParquetTimestampsHive2Compatibility" time="0"/>
  <testcase name="testWriteHive2ReadHive2(String)[1955]" classname="org.apache.hadoop.hive.ql.io.parquet.serde.TestParquetTimestampsHive2Compatibility" time="0"/>
  <testcase name="testWriteHive2ReadHive2(String)[1956]" classname="org.apache.hadoop.hive.ql.io.parquet.serde.TestParquetTimestampsHive2Compatibility" time="0"/>
  <testcase name="testWriteHive2ReadHive2(String)[1957]" classname="org.apache.hadoop.hive.ql.io.parquet.serde.TestParquetTimestampsHive2Compatibility" time="0"/>
  <testcase name="testWriteHive2ReadHive2(String)[1958]" classname="org.apache.hadoop.hive.ql.io.parquet.serde.TestParquetTimestampsHive2Compatibility" time="0"/>
  <testcase name="testWriteHive2ReadHive2(String)[1959]" classname="org.apache.hadoop.hive.ql.io.parquet.serde.TestParquetTimestampsHive2Compatibility" time="0"/>
  <testcase name="testWriteHive2ReadHive2(String)[1960]" classname="org.apache.hadoop.hive.ql.io.parquet.serde.TestParquetTimestampsHive2Compatibility" time="0"/>
  <testcase name="testWriteHive2ReadHive2(String)[1961]" classname="org.apache.hadoop.hive.ql.io.parquet.serde.TestParquetTimestampsHive2Compatibility" time="0"/>
  <testcase name="testWriteHive2ReadHive2(String)[1962]" classname="org.apache.hadoop.hive.ql.io.parquet.serde.TestParquetTimestampsHive2Compatibility" time="0"/>
  <testcase name="testWriteHive2ReadHive2(String)[1963]" classname="org.apache.hadoop.hive.ql.io.parquet.serde.TestParquetTimestampsHive2Compatibility" time="0.001"/>
  <testcase name="testWriteHive2ReadHive2(String)[1964]" classname="org.apache.hadoop.hive.ql.io.parquet.serde.TestParquetTimestampsHive2Compatibility" time="0"/>
  <testcase name="testWriteHive2ReadHive2(String)[1965]" classname="org.apache.hadoop.hive.ql.io.parquet.serde.TestParquetTimestampsHive2Compatibility" time="0"/>
  <testcase name="testWriteHive2ReadHive2(String)[1966]" classname="org.apache.hadoop.hive.ql.io.parquet.serde.TestParquetTimestampsHive2Compatibility" time="0"/>
  <testcase name="testWriteHive2ReadHive2(String)[1967]" classname="org.apache.hadoop.hive.ql.io.parquet.serde.TestParquetTimestampsHive2Compatibility" time="0"/>
  <testcase name="testWriteHive2ReadHive2(String)[1968]" classname="org.apache.hadoop.hive.ql.io.parquet.serde.TestParquetTimestampsHive2Compatibility" time="0"/>
  <testcase name="testWriteHive2ReadHive2(String)[1969]" classname="org.apache.hadoop.hive.ql.io.parquet.serde.TestParquetTimestampsHive2Compatibility" time="0.001"/>
  <testcase name="testWriteHive2ReadHive2(String)[1970]" classname="org.apache.hadoop.hive.ql.io.parquet.serde.TestParquetTimestampsHive2Compatibility" time="0"/>
  <testcase name="testWriteHive2ReadHive2(String)[1971]" classname="org.apache.hadoop.hive.ql.io.parquet.serde.TestParquetTimestampsHive2Compatibility" time="0"/>
  <testcase name="testWriteHive2ReadHive2(String)[1972]" classname="org.apache.hadoop.hive.ql.io.parquet.serde.TestParquetTimestampsHive2Compatibility" time="0"/>
  <testcase name="testWriteHive2ReadHive2(String)[1973]" classname="org.apache.hadoop.hive.ql.io.parquet.serde.TestParquetTimestampsHive2Compatibility" time="0"/>
  <testcase name="testWriteHive2ReadHive2(String)[1974]" classname="org.apache.hadoop.hive.ql.io.parquet.serde.TestParquetTimestampsHive2Compatibility" time="0"/>
  <testcase name="testWriteHive2ReadHive2(String)[1975]" classname="org.apache.hadoop.hive.ql.io.parquet.serde.TestParquetTimestampsHive2Compatibility" time="0.001"/>
  <testcase name="testWriteHive2ReadHive2(String)[1976]" classname="org.apache.hadoop.hive.ql.io.parquet.serde.TestParquetTimestampsHive2Compatibility" time="0"/>
  <testcase name="testWriteHive2ReadHive2(String)[1977]" classname="org.apache.hadoop.hive.ql.io.parquet.serde.TestParquetTimestampsHive2Compatibility" time="0"/>
  <testcase name="testWriteHive2ReadHive2(String)[1978]" classname="org.apache.hadoop.hive.ql.io.parquet.serde.TestParquetTimestampsHive2Compatibility" time="0"/>
  <testcase name="testWriteHive2ReadHive2(String)[1979]" classname="org.apache.hadoop.hive.ql.io.parquet.serde.TestParquetTimestampsHive2Compatibility" time="0"/>
  <testcase name="testWriteHive2ReadHive2(String)[1980]" classname="org.apache.hadoop.hive.ql.io.parquet.serde.TestParquetTimestampsHive2Compatibility" time="0"/>
  <testcase name="testWriteHive2ReadHive2(String)[1981]" classname="org.apache.hadoop.hive.ql.io.parquet.serde.TestParquetTimestampsHive2Compatibility" time="0"/>
  <testcase name="testWriteHive2ReadHive2(String)[1982]" classname="org.apache.hadoop.hive.ql.io.parquet.serde.TestParquetTimestampsHive2Compatibility" time="0"/>
  <testcase name="testWriteHive2ReadHive2(String)[1983]" classname="org.apache.hadoop.hive.ql.io.parquet.serde.TestParquetTimestampsHive2Compatibility" time="0"/>
  <testcase name="testWriteHive2ReadHive2(String)[1984]" classname="org.apache.hadoop.hive.ql.io.parquet.serde.TestParquetTimestampsHive2Compatibility" time="0"/>
  <testcase name="testWriteHive2ReadHive2(String)[1985]" classname="org.apache.hadoop.hive.ql.io.parquet.serde.TestParquetTimestampsHive2Compatibility" time="0"/>
  <testcase name="testWriteHive2ReadHive2(String)[1986]" classname="org.apache.hadoop.hive.ql.io.parquet.serde.TestParquetTimestampsHive2Compatibility" time="0"/>
  <testcase name="testWriteHive2ReadHive2(String)[1987]" classname="org.apache.hadoop.hive.ql.io.parquet.serde.TestParquetTimestampsHive2Compatibility" time="0"/>
  <testcase name="testWriteHive2ReadHive2(String)[1988]" classname="org.apache.hadoop.hive.ql.io.parquet.serde.TestParquetTimestampsHive2Compatibility" time="0"/>
  <testcase name="testWriteHive2ReadHive2(String)[1989]" classname="org.apache.hadoop.hive.ql.io.parquet.serde.TestParquetTimestampsHive2Compatibility" time="0"/>
  <testcase name="testWriteHive2ReadHive2(String)[1990]" classname="org.apache.hadoop.hive.ql.io.parquet.serde.TestParquetTimestampsHive2Compatibility" time="0"/>
  <testcase name="testWriteHive2ReadHive2(String)[1991]" classname="org.apache.hadoop.hive.ql.io.parquet.serde.TestParquetTimestampsHive2Compatibility" time="0"/>
  <testcase name="testWriteHive2ReadHive2(String)[1992]" classname="org.apache.hadoop.hive.ql.io.parquet.serde.TestParquetTimestampsHive2Compatibility" time="0"/>
  <testcase name="testWriteHive2ReadHive2(String)[1993]" classname="org.apache.hadoop.hive.ql.io.parquet.serde.TestParquetTimestampsHive2Compatibility" time="0"/>
  <testcase name="testWriteHive2ReadHive2(String)[1994]" classname="org.apache.hadoop.hive.ql.io.parquet.serde.TestParquetTimestampsHive2Compatibility" time="0"/>
  <testcase name="testWriteHive2ReadHive2(String)[1995]" classname="org.apache.hadoop.hive.ql.io.parquet.serde.TestParquetTimestampsHive2Compatibility" time="0"/>
  <testcase name="testWriteHive2ReadHive2(String)[1996]" classname="org.apache.hadoop.hive.ql.io.parquet.serde.TestParquetTimestampsHive2Compatibility" time="0"/>
  <testcase name="testWriteHive2ReadHive2(String)[1997]" classname="org.apache.hadoop.hive.ql.io.parquet.serde.TestParquetTimestampsHive2Compatibility" time="0"/>
  <testcase name="testWriteHive2ReadHive2(String)[1998]" classname="org.apache.hadoop.hive.ql.io.parquet.serde.TestParquetTimestampsHive2Compatibility" time="0.001"/>
  <testcase name="testWriteHive2ReadHive2(String)[1999]" classname="org.apache.hadoop.hive.ql.io.parquet.serde.TestParquetTimestampsHive2Compatibility" time="0"/>
  <testcase name="testWriteHive2ReadHive2(String)[2000]" classname="org.apache.hadoop.hive.ql.io.parquet.serde.TestParquetTimestampsHive2Compatibility" time="0"/>
  <testcase name="testWriteHive2ReadHive2(String)[2001]" classname="org.apache.hadoop.hive.ql.io.parquet.serde.TestParquetTimestampsHive2Compatibility" time="0"/>
  <testcase name="testWriteHive2ReadHive2(String)[2002]" classname="org.apache.hadoop.hive.ql.io.parquet.serde.TestParquetTimestampsHive2Compatibility" time="0"/>
  <testcase name="testWriteHive2ReadHive2(String)[2003]" classname="org.apache.hadoop.hive.ql.io.parquet.serde.TestParquetTimestampsHive2Compatibility" time="0"/>
  <testcase name="testWriteHive2ReadHive2(String)[2004]" classname="org.apache.hadoop.hive.ql.io.parquet.serde.TestParquetTimestampsHive2Compatibility" time="0.001"/>
  <testcase name="testWriteHive2ReadHive2(String)[2005]" classname="org.apache.hadoop.hive.ql.io.parquet.serde.TestParquetTimestampsHive2Compatibility" time="0"/>
  <testcase name="testWriteHive2ReadHive2(String)[2006]" classname="org.apache.hadoop.hive.ql.io.parquet.serde.TestParquetTimestampsHive2Compatibility" time="0"/>
  <testcase name="testWriteHive2ReadHive2(String)[2007]" classname="org.apache.hadoop.hive.ql.io.parquet.serde.TestParquetTimestampsHive2Compatibility" time="0"/>
  <testcase name="testWriteHive2ReadHive2(String)[2008]" classname="org.apache.hadoop.hive.ql.io.parquet.serde.TestParquetTimestampsHive2Compatibility" time="0"/>
  <testcase name="testWriteHive2ReadHive2(String)[2009]" classname="org.apache.hadoop.hive.ql.io.parquet.serde.TestParquetTimestampsHive2Compatibility" time="0"/>
  <testcase name="testWriteHive2ReadHive2(String)[2010]" classname="org.apache.hadoop.hive.ql.io.parquet.serde.TestParquetTimestampsHive2Compatibility" time="0"/>
  <testcase name="testWriteHive2ReadHive2(String)[2011]" classname="org.apache.hadoop.hive.ql.io.parquet.serde.TestParquetTimestampsHive2Compatibility" time="0"/>
  <testcase name="testWriteHive2ReadHive2(String)[2012]" classname="org.apache.hadoop.hive.ql.io.parquet.serde.TestParquetTimestampsHive2Compatibility" time="0"/>
  <testcase name="testWriteHive2ReadHive2(String)[2013]" classname="org.apache.hadoop.hive.ql.io.parquet.serde.TestParquetTimestampsHive2Compatibility" time="0"/>
  <testcase name="testWriteHive2ReadHive2(String)[2014]" classname="org.apache.hadoop.hive.ql.io.parquet.serde.TestParquetTimestampsHive2Compatibility" time="0"/>
  <testcase name="testWriteHive2ReadHive2(String)[2015]" classname="org.apache.hadoop.hive.ql.io.parquet.serde.TestParquetTimestampsHive2Compatibility" time="0.001"/>
  <testcase name="testWriteHive2ReadHive2(String)[2016]" classname="org.apache.hadoop.hive.ql.io.parquet.serde.TestParquetTimestampsHive2Compatibility" time="0"/>
  <testcase name="testWriteHive2ReadHive2(String)[2017]" classname="org.apache.hadoop.hive.ql.io.parquet.serde.TestParquetTimestampsHive2Compatibility" time="0"/>
  <testcase name="testWriteHive2ReadHive2(String)[2018]" classname="org.apache.hadoop.hive.ql.io.parquet.serde.TestParquetTimestampsHive2Compatibility" time="0"/>
  <testcase name="testWriteHive2ReadHive2(String)[2019]" classname="org.apache.hadoop.hive.ql.io.parquet.serde.TestParquetTimestampsHive2Compatibility" time="0"/>
  <testcase name="testWriteHive2ReadHive2(String)[2020]" classname="org.apache.hadoop.hive.ql.io.parquet.serde.TestParquetTimestampsHive2Compatibility" time="0"/>
  <testcase name="testWriteHive2ReadHive2(String)[2021]" classname="org.apache.hadoop.hive.ql.io.parquet.serde.TestParquetTimestampsHive2Compatibility" time="0"/>
  <testcase name="testWriteHive2ReadHive2(String)[2022]" classname="org.apache.hadoop.hive.ql.io.parquet.serde.TestParquetTimestampsHive2Compatibility" time="0"/>
  <testcase name="testWriteHive2ReadHive2(String)[2023]" classname="org.apache.hadoop.hive.ql.io.parquet.serde.TestParquetTimestampsHive2Compatibility" time="0"/>
  <testcase name="testWriteHive2ReadHive2(String)[2024]" classname="org.apache.hadoop.hive.ql.io.parquet.serde.TestParquetTimestampsHive2Compatibility" time="0"/>
  <testcase name="testWriteHive2ReadHive2(String)[2025]" classname="org.apache.hadoop.hive.ql.io.parquet.serde.TestParquetTimestampsHive2Compatibility" time="0"/>
  <testcase name="testWriteHive2ReadHive2(String)[2026]" classname="org.apache.hadoop.hive.ql.io.parquet.serde.TestParquetTimestampsHive2Compatibility" time="0"/>
  <testcase name="testWriteHive2ReadHive2(String)[2027]" classname="org.apache.hadoop.hive.ql.io.parquet.serde.TestParquetTimestampsHive2Compatibility" time="0"/>
  <testcase name="testWriteHive2ReadHive2(String)[2028]" classname="org.apache.hadoop.hive.ql.io.parquet.serde.TestParquetTimestampsHive2Compatibility" time="0"/>
  <testcase name="testWriteHive2ReadHive2(String)[2029]" classname="org.apache.hadoop.hive.ql.io.parquet.serde.TestParquetTimestampsHive2Compatibility" time="0"/>
  <testcase name="testWriteHive2ReadHive2(String)[2030]" classname="org.apache.hadoop.hive.ql.io.parquet.serde.TestParquetTimestampsHive2Compatibility" time="0"/>
  <testcase name="testWriteHive2ReadHive2(String)[2031]" classname="org.apache.hadoop.hive.ql.io.parquet.serde.TestParquetTimestampsHive2Compatibility" time="0"/>
  <testcase name="testWriteHive2ReadHive2(String)[2032]" classname="org.apache.hadoop.hive.ql.io.parquet.serde.TestParquetTimestampsHive2Compatibility" time="0"/>
  <testcase name="testWriteHive2ReadHive2(String)[2033]" classname="org.apache.hadoop.hive.ql.io.parquet.serde.TestParquetTimestampsHive2Compatibility" time="0"/>
  <testcase name="testWriteHive2ReadHive2(String)[2034]" classname="org.apache.hadoop.hive.ql.io.parquet.serde.TestParquetTimestampsHive2Compatibility" time="0"/>
  <testcase name="testWriteHive2ReadHive2(String)[2035]" classname="org.apache.hadoop.hive.ql.io.parquet.serde.TestParquetTimestampsHive2Compatibility" time="0"/>
  <testcase name="testWriteHive2ReadHive2(String)[2036]" classname="org.apache.hadoop.hive.ql.io.parquet.serde.TestParquetTimestampsHive2Compatibility" time="0"/>
  <testcase name="testWriteHive2ReadHive2(String)[2037]" classname="org.apache.hadoop.hive.ql.io.parquet.serde.TestParquetTimestampsHive2Compatibility" time="0"/>
  <testcase name="testWriteHive2ReadHive2(String)[2038]" classname="org.apache.hadoop.hive.ql.io.parquet.serde.TestParquetTimestampsHive2Compatibility" time="0"/>
  <testcase name="testWriteHive2ReadHive2(String)[2039]" classname="org.apache.hadoop.hive.ql.io.parquet.serde.TestParquetTimestampsHive2Compatibility" time="0"/>
  <testcase name="testWriteHive2ReadHive2(String)[2040]" classname="org.apache.hadoop.hive.ql.io.parquet.serde.TestParquetTimestampsHive2Compatibility" time="0"/>
  <testcase name="testWriteHive2ReadHive2(String)[2041]" classname="org.apache.hadoop.hive.ql.io.parquet.serde.TestParquetTimestampsHive2Compatibility" time="0"/>
  <testcase name="testWriteHive2ReadHive2(String)[2042]" classname="org.apache.hadoop.hive.ql.io.parquet.serde.TestParquetTimestampsHive2Compatibility" time="0"/>
  <testcase name="testWriteHive2ReadHive2(String)[2043]" classname="org.apache.hadoop.hive.ql.io.parquet.serde.TestParquetTimestampsHive2Compatibility" time="0"/>
  <testcase name="testWriteHive2ReadHive2(String)[2044]" classname="org.apache.hadoop.hive.ql.io.parquet.serde.TestParquetTimestampsHive2Compatibility" time="0"/>
  <testcase name="testWriteHive2ReadHive2(String)[2045]" classname="org.apache.hadoop.hive.ql.io.parquet.serde.TestParquetTimestampsHive2Compatibility" time="0"/>
  <testcase name="testWriteHive2ReadHive2(String)[2046]" classname="org.apache.hadoop.hive.ql.io.parquet.serde.TestParquetTimestampsHive2Compatibility" time="0"/>
  <testcase name="testWriteHive2ReadHive2(String)[2047]" classname="org.apache.hadoop.hive.ql.io.parquet.serde.TestParquetTimestampsHive2Compatibility" time="0"/>
  <testcase name="testWriteHive2ReadHive2(String)[2048]" classname="org.apache.hadoop.hive.ql.io.parquet.serde.TestParquetTimestampsHive2Compatibility" time="0"/>
  <testcase name="testWriteHive2ReadHive2(String)[2049]" classname="org.apache.hadoop.hive.ql.io.parquet.serde.TestParquetTimestampsHive2Compatibility" time="0"/>
  <testcase name="testWriteHive2ReadHive2(String)[2050]" classname="org.apache.hadoop.hive.ql.io.parquet.serde.TestParquetTimestampsHive2Compatibility" time="0"/>
  <testcase name="testWriteHive2ReadHive2(String)[2051]" classname="org.apache.hadoop.hive.ql.io.parquet.serde.TestParquetTimestampsHive2Compatibility" time="0"/>
  <testcase name="testWriteHive2ReadHive2(String)[2052]" classname="org.apache.hadoop.hive.ql.io.parquet.serde.TestParquetTimestampsHive2Compatibility" time="0"/>
  <testcase name="testWriteHive2ReadHive2(String)[2053]" classname="org.apache.hadoop.hive.ql.io.parquet.serde.TestParquetTimestampsHive2Compatibility" time="0"/>
  <testcase name="testWriteHive2ReadHive2(String)[2054]" classname="org.apache.hadoop.hive.ql.io.parquet.serde.TestParquetTimestampsHive2Compatibility" time="0"/>
  <testcase name="testWriteHive2ReadHive2(String)[2055]" classname="org.apache.hadoop.hive.ql.io.parquet.serde.TestParquetTimestampsHive2Compatibility" time="0"/>
  <testcase name="testWriteHive2ReadHive2(String)[2056]" classname="org.apache.hadoop.hive.ql.io.parquet.serde.TestParquetTimestampsHive2Compatibility" time="0"/>
  <testcase name="testWriteHive2ReadHive2(String)[2057]" classname="org.apache.hadoop.hive.ql.io.parquet.serde.TestParquetTimestampsHive2Compatibility" time="0"/>
  <testcase name="testWriteHive2ReadHive2(String)[2058]" classname="org.apache.hadoop.hive.ql.io.parquet.serde.TestParquetTimestampsHive2Compatibility" time="0"/>
  <testcase name="testWriteHive2ReadHive2(String)[2059]" classname="org.apache.hadoop.hive.ql.io.parquet.serde.TestParquetTimestampsHive2Compatibility" time="0"/>
  <testcase name="testWriteHive2ReadHive2(String)[2060]" classname="org.apache.hadoop.hive.ql.io.parquet.serde.TestParquetTimestampsHive2Compatibility" time="0"/>
  <testcase name="testWriteHive2ReadHive2(String)[2061]" classname="org.apache.hadoop.hive.ql.io.parquet.serde.TestParquetTimestampsHive2Compatibility" time="0"/>
  <testcase name="testWriteHive2ReadHive2(String)[2062]" classname="org.apache.hadoop.hive.ql.io.parquet.serde.TestParquetTimestampsHive2Compatibility" time="0"/>
  <testcase name="testWriteHive2ReadHive2(String)[2063]" classname="org.apache.hadoop.hive.ql.io.parquet.serde.TestParquetTimestampsHive2Compatibility" time="0"/>
  <testcase name="testWriteHive2ReadHive2(String)[2064]" classname="org.apache.hadoop.hive.ql.io.parquet.serde.TestParquetTimestampsHive2Compatibility" time="0"/>
  <testcase name="testWriteHive2ReadHive2(String)[2065]" classname="org.apache.hadoop.hive.ql.io.parquet.serde.TestParquetTimestampsHive2Compatibility" time="0"/>
  <testcase name="testWriteHive2ReadHive2(String)[2066]" classname="org.apache.hadoop.hive.ql.io.parquet.serde.TestParquetTimestampsHive2Compatibility" time="0"/>
  <testcase name="testWriteHive2ReadHive2(String)[2067]" classname="org.apache.hadoop.hive.ql.io.parquet.serde.TestParquetTimestampsHive2Compatibility" time="0"/>
  <testcase name="testWriteHive2ReadHive2(String)[2068]" classname="org.apache.hadoop.hive.ql.io.parquet.serde.TestParquetTimestampsHive2Compatibility" time="0"/>
  <testcase name="testWriteHive2ReadHive2(String)[2069]" classname="org.apache.hadoop.hive.ql.io.parquet.serde.TestParquetTimestampsHive2Compatibility" time="0"/>
  <testcase name="testWriteHive2ReadHive2(String)[2070]" classname="org.apache.hadoop.hive.ql.io.parquet.serde.TestParquetTimestampsHive2Compatibility" time="0"/>
  <testcase name="testWriteHive2ReadHive2(String)[2071]" classname="org.apache.hadoop.hive.ql.io.parquet.serde.TestParquetTimestampsHive2Compatibility" time="0"/>
  <testcase name="testWriteHive2ReadHive2(String)[2072]" classname="org.apache.hadoop.hive.ql.io.parquet.serde.TestParquetTimestampsHive2Compatibility" time="0"/>
  <testcase name="testWriteHive2ReadHive2(String)[2073]" classname="org.apache.hadoop.hive.ql.io.parquet.serde.TestParquetTimestampsHive2Compatibility" time="0"/>
  <testcase name="testWriteHive2ReadHive2(String)[2074]" classname="org.apache.hadoop.hive.ql.io.parquet.serde.TestParquetTimestampsHive2Compatibility" time="0"/>
  <testcase name="testWriteHive2ReadHive2(String)[2075]" classname="org.apache.hadoop.hive.ql.io.parquet.serde.TestParquetTimestampsHive2Compatibility" time="0"/>
  <testcase name="testWriteHive2ReadHive2(String)[2076]" classname="org.apache.hadoop.hive.ql.io.parquet.serde.TestParquetTimestampsHive2Compatibility" time="0"/>
  <testcase name="testWriteHive2ReadHive2(String)[2077]" classname="org.apache.hadoop.hive.ql.io.parquet.serde.TestParquetTimestampsHive2Compatibility" time="0"/>
  <testcase name="testWriteHive2ReadHive2(String)[2078]" classname="org.apache.hadoop.hive.ql.io.parquet.serde.TestParquetTimestampsHive2Compatibility" time="0"/>
  <testcase name="testWriteHive2ReadHive2(String)[2079]" classname="org.apache.hadoop.hive.ql.io.parquet.serde.TestParquetTimestampsHive2Compatibility" time="0"/>
  <testcase name="testWriteHive2ReadHive2(String)[2080]" classname="org.apache.hadoop.hive.ql.io.parquet.serde.TestParquetTimestampsHive2Compatibility" time="0"/>
  <testcase name="testWriteHive2ReadHive2(String)[2081]" classname="org.apache.hadoop.hive.ql.io.parquet.serde.TestParquetTimestampsHive2Compatibility" time="0"/>
  <testcase name="testWriteHive2ReadHive2(String)[2082]" classname="org.apache.hadoop.hive.ql.io.parquet.serde.TestParquetTimestampsHive2Compatibility" time="0"/>
  <testcase name="testWriteHive2ReadHive2(String)[2083]" classname="org.apache.hadoop.hive.ql.io.parquet.serde.TestParquetTimestampsHive2Compatibility" time="0"/>
  <testcase name="testWriteHive2ReadHive2(String)[2084]" classname="org.apache.hadoop.hive.ql.io.parquet.serde.TestParquetTimestampsHive2Compatibility" time="0"/>
  <testcase name="testWriteHive2ReadHive2(String)[2085]" classname="org.apache.hadoop.hive.ql.io.parquet.serde.TestParquetTimestampsHive2Compatibility" time="0"/>
  <testcase name="testWriteHive2ReadHive2(String)[2086]" classname="org.apache.hadoop.hive.ql.io.parquet.serde.TestParquetTimestampsHive2Compatibility" time="0"/>
  <testcase name="testWriteHive2ReadHive2(String)[2087]" classname="org.apache.hadoop.hive.ql.io.parquet.serde.TestParquetTimestampsHive2Compatibility" time="0"/>
  <testcase name="testWriteHive2ReadHive2(String)[2088]" classname="org.apache.hadoop.hive.ql.io.parquet.serde.TestParquetTimestampsHive2Compatibility" time="0"/>
  <testcase name="testWriteHive2ReadHive2(String)[2089]" classname="org.apache.hadoop.hive.ql.io.parquet.serde.TestParquetTimestampsHive2Compatibility" time="0"/>
  <testcase name="testWriteHive2ReadHive2(String)[2090]" classname="org.apache.hadoop.hive.ql.io.parquet.serde.TestParquetTimestampsHive2Compatibility" time="0"/>
  <testcase name="testWriteHive2ReadHive2(String)[2091]" classname="org.apache.hadoop.hive.ql.io.parquet.serde.TestParquetTimestampsHive2Compatibility" time="0"/>
  <testcase name="testWriteHive2ReadHive2(String)[2092]" classname="org.apache.hadoop.hive.ql.io.parquet.serde.TestParquetTimestampsHive2Compatibility" time="0"/>
  <testcase name="testWriteHive2ReadHive2(String)[2093]" classname="org.apache.hadoop.hive.ql.io.parquet.serde.TestParquetTimestampsHive2Compatibility" time="0"/>
  <testcase name="testWriteHive2ReadHive2(String)[2094]" classname="org.apache.hadoop.hive.ql.io.parquet.serde.TestParquetTimestampsHive2Compatibility" time="0"/>
  <testcase name="testWriteHive2ReadHive2(String)[2095]" classname="org.apache.hadoop.hive.ql.io.parquet.serde.TestParquetTimestampsHive2Compatibility" time="0"/>
  <testcase name="testWriteHive2ReadHive2(String)[2096]" classname="org.apache.hadoop.hive.ql.io.parquet.serde.TestParquetTimestampsHive2Compatibility" time="0"/>
  <testcase name="testWriteHive2ReadHive2(String)[2097]" classname="org.apache.hadoop.hive.ql.io.parquet.serde.TestParquetTimestampsHive2Compatibility" time="0"/>
  <testcase name="testWriteHive2ReadHive2(String)[2098]" classname="org.apache.hadoop.hive.ql.io.parquet.serde.TestParquetTimestampsHive2Compatibility" time="0"/>
  <testcase name="testWriteHive2ReadHive2(String)[2099]" classname="org.apache.hadoop.hive.ql.io.parquet.serde.TestParquetTimestampsHive2Compatibility" time="0"/>
  <testcase name="testWriteHive2ReadHive2(String)[2100]" classname="org.apache.hadoop.hive.ql.io.parquet.serde.TestParquetTimestampsHive2Compatibility" time="0"/>
  <testcase name="testWriteHive2ReadHive2(String)[2101]" classname="org.apache.hadoop.hive.ql.io.parquet.serde.TestParquetTimestampsHive2Compatibility" time="0"/>
  <testcase name="testWriteHive2ReadHive2(String)[2102]" classname="org.apache.hadoop.hive.ql.io.parquet.serde.TestParquetTimestampsHive2Compatibility" time="0"/>
  <testcase name="testWriteHive2ReadHive2(String)[2103]" classname="org.apache.hadoop.hive.ql.io.parquet.serde.TestParquetTimestampsHive2Compatibility" time="0"/>
  <testcase name="testWriteHive2ReadHive2(String)[2104]" classname="org.apache.hadoop.hive.ql.io.parquet.serde.TestParquetTimestampsHive2Compatibility" time="0"/>
  <testcase name="testWriteHive2ReadHive2(String)[2105]" classname="org.apache.hadoop.hive.ql.io.parquet.serde.TestParquetTimestampsHive2Compatibility" time="0"/>
  <testcase name="testWriteHive2ReadHive2(String)[2106]" classname="org.apache.hadoop.hive.ql.io.parquet.serde.TestParquetTimestampsHive2Compatibility" time="0"/>
  <testcase name="testWriteHive2ReadHive2(String)[2107]" classname="org.apache.hadoop.hive.ql.io.parquet.serde.TestParquetTimestampsHive2Compatibility" time="0"/>
  <testcase name="testWriteHive2ReadHive2(String)[2108]" classname="org.apache.hadoop.hive.ql.io.parquet.serde.TestParquetTimestampsHive2Compatibility" time="0.001"/>
  <testcase name="testWriteHive2ReadHive2(String)[2109]" classname="org.apache.hadoop.hive.ql.io.parquet.serde.TestParquetTimestampsHive2Compatibility" time="0"/>
  <testcase name="testWriteHive2ReadHive2(String)[2110]" classname="org.apache.hadoop.hive.ql.io.parquet.serde.TestParquetTimestampsHive2Compatibility" time="0"/>
  <testcase name="testWriteHive2ReadHive2(String)[2111]" classname="org.apache.hadoop.hive.ql.io.parquet.serde.TestParquetTimestampsHive2Compatibility" time="0"/>
  <testcase name="testWriteHive2ReadHive2(String)[2112]" classname="org.apache.hadoop.hive.ql.io.parquet.serde.TestParquetTimestampsHive2Compatibility" time="0"/>
  <testcase name="testWriteHive2ReadHive2(String)[2113]" classname="org.apache.hadoop.hive.ql.io.parquet.serde.TestParquetTimestampsHive2Compatibility" time="0"/>
  <testcase name="testWriteHive2ReadHive2(String)[2114]" classname="org.apache.hadoop.hive.ql.io.parquet.serde.TestParquetTimestampsHive2Compatibility" time="0"/>
  <testcase name="testWriteHive2ReadHive2(String)[2115]" classname="org.apache.hadoop.hive.ql.io.parquet.serde.TestParquetTimestampsHive2Compatibility" time="0"/>
  <testcase name="testWriteHive2ReadHive2(String)[2116]" classname="org.apache.hadoop.hive.ql.io.parquet.serde.TestParquetTimestampsHive2Compatibility" time="0"/>
  <testcase name="testWriteHive2ReadHive2(String)[2117]" classname="org.apache.hadoop.hive.ql.io.parquet.serde.TestParquetTimestampsHive2Compatibility" time="0"/>
  <testcase name="testWriteHive2ReadHive2(String)[2118]" classname="org.apache.hadoop.hive.ql.io.parquet.serde.TestParquetTimestampsHive2Compatibility" time="0"/>
  <testcase name="testWriteHive2ReadHive2(String)[2119]" classname="org.apache.hadoop.hive.ql.io.parquet.serde.TestParquetTimestampsHive2Compatibility" time="0"/>
  <testcase name="testWriteHive2ReadHive2(String)[2120]" classname="org.apache.hadoop.hive.ql.io.parquet.serde.TestParquetTimestampsHive2Compatibility" time="0"/>
  <testcase name="testWriteHive2ReadHive2(String)[2121]" classname="org.apache.hadoop.hive.ql.io.parquet.serde.TestParquetTimestampsHive2Compatibility" time="0"/>
  <testcase name="testWriteHive2ReadHive2(String)[2122]" classname="org.apache.hadoop.hive.ql.io.parquet.serde.TestParquetTimestampsHive2Compatibility" time="0"/>
  <testcase name="testWriteHive2ReadHive2(String)[2123]" classname="org.apache.hadoop.hive.ql.io.parquet.serde.TestParquetTimestampsHive2Compatibility" time="0"/>
  <testcase name="testWriteHive2ReadHive2(String)[2124]" classname="org.apache.hadoop.hive.ql.io.parquet.serde.TestParquetTimestampsHive2Compatibility" time="0"/>
  <testcase name="testWriteHive2ReadHive2(String)[2125]" classname="org.apache.hadoop.hive.ql.io.parquet.serde.TestParquetTimestampsHive2Compatibility" time="0"/>
  <testcase name="testWriteHive2ReadHive2(String)[2126]" classname="org.apache.hadoop.hive.ql.io.parquet.serde.TestParquetTimestampsHive2Compatibility" time="0"/>
  <testcase name="testWriteHive2ReadHive2(String)[2127]" classname="org.apache.hadoop.hive.ql.io.parquet.serde.TestParquetTimestampsHive2Compatibility" time="0"/>
  <testcase name="testWriteHive2ReadHive2(String)[2128]" classname="org.apache.hadoop.hive.ql.io.parquet.serde.TestParquetTimestampsHive2Compatibility" time="0"/>
  <testcase name="testWriteHive2ReadHive2(String)[2129]" classname="org.apache.hadoop.hive.ql.io.parquet.serde.TestParquetTimestampsHive2Compatibility" time="0.001"/>
  <testcase name="testWriteHive2ReadHive2(String)[2130]" classname="org.apache.hadoop.hive.ql.io.parquet.serde.TestParquetTimestampsHive2Compatibility" time="0"/>
  <testcase name="testWriteHive2ReadHive2(String)[2131]" classname="org.apache.hadoop.hive.ql.io.parquet.serde.TestParquetTimestampsHive2Compatibility" time="0.001"/>
  <testcase name="testWriteHive2ReadHive2(String)[2132]" classname="org.apache.hadoop.hive.ql.io.parquet.serde.TestParquetTimestampsHive2Compatibility" time="0"/>
  <testcase name="testWriteHive2ReadHive2(String)[2133]" classname="org.apache.hadoop.hive.ql.io.parquet.serde.TestParquetTimestampsHive2Compatibility" time="0"/>
  <testcase name="testWriteHive2ReadHive2(String)[2134]" classname="org.apache.hadoop.hive.ql.io.parquet.serde.TestParquetTimestampsHive2Compatibility" time="0"/>
  <testcase name="testWriteHive2ReadHive2(String)[2135]" classname="org.apache.hadoop.hive.ql.io.parquet.serde.TestParquetTimestampsHive2Compatibility" time="0"/>
  <testcase name="testWriteHive2ReadHive2(String)[2136]" classname="org.apache.hadoop.hive.ql.io.parquet.serde.TestParquetTimestampsHive2Compatibility" time="0"/>
  <testcase name="testWriteHive2ReadHive2(String)[2137]" classname="org.apache.hadoop.hive.ql.io.parquet.serde.TestParquetTimestampsHive2Compatibility" time="0"/>
  <testcase name="testWriteHive2ReadHive2(String)[2138]" classname="org.apache.hadoop.hive.ql.io.parquet.serde.TestParquetTimestampsHive2Compatibility" time="0"/>
  <testcase name="testWriteHive2ReadHive2(String)[2139]" classname="org.apache.hadoop.hive.ql.io.parquet.serde.TestParquetTimestampsHive2Compatibility" time="0"/>
  <testcase name="testWriteHive2ReadHive2(String)[2140]" classname="org.apache.hadoop.hive.ql.io.parquet.serde.TestParquetTimestampsHive2Compatibility" time="0.001"/>
  <testcase name="testWriteHive2ReadHive2(String)[2141]" classname="org.apache.hadoop.hive.ql.io.parquet.serde.TestParquetTimestampsHive2Compatibility" time="0"/>
  <testcase name="testWriteHive2ReadHive2(String)[2142]" classname="org.apache.hadoop.hive.ql.io.parquet.serde.TestParquetTimestampsHive2Compatibility" time="0"/>
  <testcase name="testWriteHive2ReadHive2(String)[2143]" classname="org.apache.hadoop.hive.ql.io.parquet.serde.TestParquetTimestampsHive2Compatibility" time="0"/>
  <testcase name="testWriteHive2ReadHive2(String)[2144]" classname="org.apache.hadoop.hive.ql.io.parquet.serde.TestParquetTimestampsHive2Compatibility" time="0"/>
  <testcase name="testWriteHive2ReadHive2(String)[2145]" classname="org.apache.hadoop.hive.ql.io.parquet.serde.TestParquetTimestampsHive2Compatibility" time="0.001"/>
  <testcase name="testWriteHive2ReadHive2(String)[2146]" classname="org.apache.hadoop.hive.ql.io.parquet.serde.TestParquetTimestampsHive2Compatibility" time="0"/>
  <testcase name="testWriteHive2ReadHive2(String)[2147]" classname="org.apache.hadoop.hive.ql.io.parquet.serde.TestParquetTimestampsHive2Compatibility" time="0"/>
  <testcase name="testWriteHive2ReadHive2(String)[2148]" classname="org.apache.hadoop.hive.ql.io.parquet.serde.TestParquetTimestampsHive2Compatibility" time="0"/>
  <testcase name="testWriteHive2ReadHive2(String)[2149]" classname="org.apache.hadoop.hive.ql.io.parquet.serde.TestParquetTimestampsHive2Compatibility" time="0"/>
  <testcase name="testWriteHive2ReadHive2(String)[2150]" classname="org.apache.hadoop.hive.ql.io.parquet.serde.TestParquetTimestampsHive2Compatibility" time="0.001"/>
  <testcase name="testWriteHive2ReadHive2(String)[2151]" classname="org.apache.hadoop.hive.ql.io.parquet.serde.TestParquetTimestampsHive2Compatibility" time="0"/>
  <testcase name="testWriteHive2ReadHive2(String)[2152]" classname="org.apache.hadoop.hive.ql.io.parquet.serde.TestParquetTimestampsHive2Compatibility" time="0"/>
  <testcase name="testWriteHive2ReadHive2(String)[2153]" classname="org.apache.hadoop.hive.ql.io.parquet.serde.TestParquetTimestampsHive2Compatibility" time="0"/>
  <testcase name="testWriteHive2ReadHive2(String)[2154]" classname="org.apache.hadoop.hive.ql.io.parquet.serde.TestParquetTimestampsHive2Compatibility" time="0"/>
  <testcase name="testWriteHive2ReadHive2(String)[2155]" classname="org.apache.hadoop.hive.ql.io.parquet.serde.TestParquetTimestampsHive2Compatibility" time="0"/>
  <testcase name="testWriteHive2ReadHive2(String)[2156]" classname="org.apache.hadoop.hive.ql.io.parquet.serde.TestParquetTimestampsHive2Compatibility" time="0"/>
  <testcase name="testWriteHive2ReadHive2(String)[2157]" classname="org.apache.hadoop.hive.ql.io.parquet.serde.TestParquetTimestampsHive2Compatibility" time="0"/>
  <testcase name="testWriteHive2ReadHive2(String)[2158]" classname="org.apache.hadoop.hive.ql.io.parquet.serde.TestParquetTimestampsHive2Compatibility" time="0"/>
  <testcase name="testWriteHive2ReadHive2(String)[2159]" classname="org.apache.hadoop.hive.ql.io.parquet.serde.TestParquetTimestampsHive2Compatibility" time="0"/>
  <testcase name="testWriteHive2ReadHive2(String)[2160]" classname="org.apache.hadoop.hive.ql.io.parquet.serde.TestParquetTimestampsHive2Compatibility" time="0"/>
  <testcase name="testWriteHive2ReadHive2(String)[2161]" classname="org.apache.hadoop.hive.ql.io.parquet.serde.TestParquetTimestampsHive2Compatibility" time="0"/>
  <testcase name="testWriteHive2ReadHive2(String)[2162]" classname="org.apache.hadoop.hive.ql.io.parquet.serde.TestParquetTimestampsHive2Compatibility" time="0"/>
  <testcase name="testWriteHive2ReadHive2(String)[2163]" classname="org.apache.hadoop.hive.ql.io.parquet.serde.TestParquetTimestampsHive2Compatibility" time="0"/>
  <testcase name="testWriteHive2ReadHive2(String)[2164]" classname="org.apache.hadoop.hive.ql.io.parquet.serde.TestParquetTimestampsHive2Compatibility" time="0"/>
  <testcase name="testWriteHive2ReadHive2(String)[2165]" classname="org.apache.hadoop.hive.ql.io.parquet.serde.TestParquetTimestampsHive2Compatibility" time="0"/>
  <testcase name="testWriteHive2ReadHive2(String)[2166]" classname="org.apache.hadoop.hive.ql.io.parquet.serde.TestParquetTimestampsHive2Compatibility" time="0"/>
  <testcase name="testWriteHive2ReadHive2(String)[2167]" classname="org.apache.hadoop.hive.ql.io.parquet.serde.TestParquetTimestampsHive2Compatibility" time="0"/>
  <testcase name="testWriteHive2ReadHive2(String)[2168]" classname="org.apache.hadoop.hive.ql.io.parquet.serde.TestParquetTimestampsHive2Compatibility" time="0"/>
  <testcase name="testWriteHive2ReadHive2(String)[2169]" classname="org.apache.hadoop.hive.ql.io.parquet.serde.TestParquetTimestampsHive2Compatibility" time="0"/>
  <testcase name="testWriteHive2ReadHive2(String)[2170]" classname="org.apache.hadoop.hive.ql.io.parquet.serde.TestParquetTimestampsHive2Compatibility" time="0"/>
  <testcase name="testWriteHive2ReadHive2(String)[2171]" classname="org.apache.hadoop.hive.ql.io.parquet.serde.TestParquetTimestampsHive2Compatibility" time="0"/>
  <testcase name="testWriteHive2ReadHive2(String)[2172]" classname="org.apache.hadoop.hive.ql.io.parquet.serde.TestParquetTimestampsHive2Compatibility" time="0"/>
  <testcase name="testWriteHive2ReadHive2(String)[2173]" classname="org.apache.hadoop.hive.ql.io.parquet.serde.TestParquetTimestampsHive2Compatibility" time="0"/>
  <testcase name="testWriteHive2ReadHive2(String)[2174]" classname="org.apache.hadoop.hive.ql.io.parquet.serde.TestParquetTimestampsHive2Compatibility" time="0"/>
  <testcase name="testWriteHive2ReadHive2(String)[2175]" classname="org.apache.hadoop.hive.ql.io.parquet.serde.TestParquetTimestampsHive2Compatibility" time="0"/>
  <testcase name="testWriteHive2ReadHive2(String)[2176]" classname="org.apache.hadoop.hive.ql.io.parquet.serde.TestParquetTimestampsHive2Compatibility" time="0"/>
  <testcase name="testWriteHive2ReadHive2(String)[2177]" classname="org.apache.hadoop.hive.ql.io.parquet.serde.TestParquetTimestampsHive2Compatibility" time="0"/>
  <testcase name="testWriteHive2ReadHive2(String)[2178]" classname="org.apache.hadoop.hive.ql.io.parquet.serde.TestParquetTimestampsHive2Compatibility" time="0"/>
  <testcase name="testWriteHive2ReadHive2(String)[2179]" classname="org.apache.hadoop.hive.ql.io.parquet.serde.TestParquetTimestampsHive2Compatibility" time="0"/>
  <testcase name="testWriteHive2ReadHive2(String)[2180]" classname="org.apache.hadoop.hive.ql.io.parquet.serde.TestParquetTimestampsHive2Compatibility" time="0"/>
  <testcase name="testWriteHive2ReadHive2(String)[2181]" classname="org.apache.hadoop.hive.ql.io.parquet.serde.TestParquetTimestampsHive2Compatibility" time="0.001"/>
  <testcase name="testWriteHive2ReadHive2(String)[2182]" classname="org.apache.hadoop.hive.ql.io.parquet.serde.TestParquetTimestampsHive2Compatibility" time="0"/>
  <testcase name="testWriteHive2ReadHive2(String)[2183]" classname="org.apache.hadoop.hive.ql.io.parquet.serde.TestParquetTimestampsHive2Compatibility" time="0"/>
  <testcase name="testWriteHive2ReadHive2(String)[2184]" classname="org.apache.hadoop.hive.ql.io.parquet.serde.TestParquetTimestampsHive2Compatibility" time="0"/>
  <testcase name="testWriteHive2ReadHive2(String)[2185]" classname="org.apache.hadoop.hive.ql.io.parquet.serde.TestParquetTimestampsHive2Compatibility" time="0"/>
  <testcase name="testWriteHive2ReadHive2(String)[2186]" classname="org.apache.hadoop.hive.ql.io.parquet.serde.TestParquetTimestampsHive2Compatibility" time="0"/>
  <testcase name="testWriteHive2ReadHive2(String)[2187]" classname="org.apache.hadoop.hive.ql.io.parquet.serde.TestParquetTimestampsHive2Compatibility" time="0"/>
  <testcase name="testWriteHive2ReadHive2(String)[2188]" classname="org.apache.hadoop.hive.ql.io.parquet.serde.TestParquetTimestampsHive2Compatibility" time="0"/>
  <testcase name="testWriteHive2ReadHive2(String)[2189]" classname="org.apache.hadoop.hive.ql.io.parquet.serde.TestParquetTimestampsHive2Compatibility" time="0"/>
  <testcase name="testWriteHive2ReadHive2(String)[2190]" classname="org.apache.hadoop.hive.ql.io.parquet.serde.TestParquetTimestampsHive2Compatibility" time="0"/>
  <testcase name="testWriteHive2ReadHive2(String)[2191]" classname="org.apache.hadoop.hive.ql.io.parquet.serde.TestParquetTimestampsHive2Compatibility" time="0"/>
  <testcase name="testWriteHive2ReadHive2(String)[2192]" classname="org.apache.hadoop.hive.ql.io.parquet.serde.TestParquetTimestampsHive2Compatibility" time="0"/>
  <testcase name="testWriteHive2ReadHive2(String)[2193]" classname="org.apache.hadoop.hive.ql.io.parquet.serde.TestParquetTimestampsHive2Compatibility" time="0"/>
  <testcase name="testWriteHive2ReadHive2(String)[2194]" classname="org.apache.hadoop.hive.ql.io.parquet.serde.TestParquetTimestampsHive2Compatibility" time="0"/>
  <testcase name="testWriteHive2ReadHive2(String)[2195]" classname="org.apache.hadoop.hive.ql.io.parquet.serde.TestParquetTimestampsHive2Compatibility" time="0"/>
  <testcase name="testWriteHive2ReadHive2(String)[2196]" classname="org.apache.hadoop.hive.ql.io.parquet.serde.TestParquetTimestampsHive2Compatibility" time="0"/>
  <testcase name="testWriteHive2ReadHive2(String)[2197]" classname="org.apache.hadoop.hive.ql.io.parquet.serde.TestParquetTimestampsHive2Compatibility" time="0"/>
  <testcase name="testWriteHive2ReadHive2(String)[2198]" classname="org.apache.hadoop.hive.ql.io.parquet.serde.TestParquetTimestampsHive2Compatibility" time="0"/>
  <testcase name="testWriteHive2ReadHive2(String)[2199]" classname="org.apache.hadoop.hive.ql.io.parquet.serde.TestParquetTimestampsHive2Compatibility" time="0"/>
  <testcase name="testWriteHive2ReadHive2(String)[2200]" classname="org.apache.hadoop.hive.ql.io.parquet.serde.TestParquetTimestampsHive2Compatibility" time="0.001"/>
  <testcase name="testWriteHive2ReadHive2(String)[2201]" classname="org.apache.hadoop.hive.ql.io.parquet.serde.TestParquetTimestampsHive2Compatibility" time="0"/>
  <testcase name="testWriteHive2ReadHive2(String)[2202]" classname="org.apache.hadoop.hive.ql.io.parquet.serde.TestParquetTimestampsHive2Compatibility" time="0"/>
  <testcase name="testWriteHive2ReadHive2(String)[2203]" classname="org.apache.hadoop.hive.ql.io.parquet.serde.TestParquetTimestampsHive2Compatibility" time="0"/>
  <testcase name="testWriteHive2ReadHive2(String)[2204]" classname="org.apache.hadoop.hive.ql.io.parquet.serde.TestParquetTimestampsHive2Compatibility" time="0"/>
  <testcase name="testWriteHive2ReadHive2(String)[2205]" classname="org.apache.hadoop.hive.ql.io.parquet.serde.TestParquetTimestampsHive2Compatibility" time="0"/>
  <testcase name="testWriteHive2ReadHive2(String)[2206]" classname="org.apache.hadoop.hive.ql.io.parquet.serde.TestParquetTimestampsHive2Compatibility" time="0"/>
  <testcase name="testWriteHive2ReadHive2(String)[2207]" classname="org.apache.hadoop.hive.ql.io.parquet.serde.TestParquetTimestampsHive2Compatibility" time="0"/>
  <testcase name="testWriteHive2ReadHive2(String)[2208]" classname="org.apache.hadoop.hive.ql.io.parquet.serde.TestParquetTimestampsHive2Compatibility" time="0"/>
  <testcase name="testWriteHive2ReadHive2(String)[2209]" classname="org.apache.hadoop.hive.ql.io.parquet.serde.TestParquetTimestampsHive2Compatibility" time="0"/>
  <testcase name="testWriteHive2ReadHive2(String)[2210]" classname="org.apache.hadoop.hive.ql.io.parquet.serde.TestParquetTimestampsHive2Compatibility" time="0"/>
  <testcase name="testWriteHive2ReadHive2(String)[2211]" classname="org.apache.hadoop.hive.ql.io.parquet.serde.TestParquetTimestampsHive2Compatibility" time="0"/>
  <testcase name="testWriteHive2ReadHive2(String)[2212]" classname="org.apache.hadoop.hive.ql.io.parquet.serde.TestParquetTimestampsHive2Compatibility" time="0"/>
  <testcase name="testWriteHive2ReadHive2(String)[2213]" classname="org.apache.hadoop.hive.ql.io.parquet.serde.TestParquetTimestampsHive2Compatibility" time="0"/>
  <testcase name="testWriteHive2ReadHive2(String)[2214]" classname="org.apache.hadoop.hive.ql.io.parquet.serde.TestParquetTimestampsHive2Compatibility" time="0"/>
  <testcase name="testWriteHive2ReadHive2(String)[2215]" classname="org.apache.hadoop.hive.ql.io.parquet.serde.TestParquetTimestampsHive2Compatibility" time="0"/>
  <testcase name="testWriteHive2ReadHive2(String)[2216]" classname="org.apache.hadoop.hive.ql.io.parquet.serde.TestParquetTimestampsHive2Compatibility" time="0"/>
  <testcase name="testWriteHive2ReadHive2(String)[2217]" classname="org.apache.hadoop.hive.ql.io.parquet.serde.TestParquetTimestampsHive2Compatibility" time="0"/>
  <testcase name="testWriteHive2ReadHive2(String)[2218]" classname="org.apache.hadoop.hive.ql.io.parquet.serde.TestParquetTimestampsHive2Compatibility" time="0"/>
  <testcase name="testWriteHive2ReadHive2(String)[2219]" classname="org.apache.hadoop.hive.ql.io.parquet.serde.TestParquetTimestampsHive2Compatibility" time="0"/>
  <testcase name="testWriteHive2ReadHive2(String)[2220]" classname="org.apache.hadoop.hive.ql.io.parquet.serde.TestParquetTimestampsHive2Compatibility" time="0"/>
  <testcase name="testWriteHive2ReadHive2(String)[2221]" classname="org.apache.hadoop.hive.ql.io.parquet.serde.TestParquetTimestampsHive2Compatibility" time="0.001"/>
  <testcase name="testWriteHive2ReadHive2(String)[2222]" classname="org.apache.hadoop.hive.ql.io.parquet.serde.TestParquetTimestampsHive2Compatibility" time="0"/>
  <testcase name="testWriteHive2ReadHive2(String)[2223]" classname="org.apache.hadoop.hive.ql.io.parquet.serde.TestParquetTimestampsHive2Compatibility" time="0"/>
  <testcase name="testWriteHive2ReadHive2(String)[2224]" classname="org.apache.hadoop.hive.ql.io.parquet.serde.TestParquetTimestampsHive2Compatibility" time="0"/>
  <testcase name="testWriteHive2ReadHive2(String)[2225]" classname="org.apache.hadoop.hive.ql.io.parquet.serde.TestParquetTimestampsHive2Compatibility" time="0"/>
  <testcase name="testWriteHive2ReadHive2(String)[2226]" classname="org.apache.hadoop.hive.ql.io.parquet.serde.TestParquetTimestampsHive2Compatibility" time="0"/>
  <testcase name="testWriteHive2ReadHive2(String)[2227]" classname="org.apache.hadoop.hive.ql.io.parquet.serde.TestParquetTimestampsHive2Compatibility" time="0"/>
  <testcase name="testWriteHive2ReadHive2(String)[2228]" classname="org.apache.hadoop.hive.ql.io.parquet.serde.TestParquetTimestampsHive2Compatibility" time="0"/>
  <testcase name="testWriteHive2ReadHive2(String)[2229]" classname="org.apache.hadoop.hive.ql.io.parquet.serde.TestParquetTimestampsHive2Compatibility" time="0"/>
  <testcase name="testWriteHive2ReadHive2(String)[2230]" classname="org.apache.hadoop.hive.ql.io.parquet.serde.TestParquetTimestampsHive2Compatibility" time="0.001"/>
  <testcase name="testWriteHive2ReadHive2(String)[2231]" classname="org.apache.hadoop.hive.ql.io.parquet.serde.TestParquetTimestampsHive2Compatibility" time="0"/>
  <testcase name="testWriteHive2ReadHive2(String)[2232]" classname="org.apache.hadoop.hive.ql.io.parquet.serde.TestParquetTimestampsHive2Compatibility" time="0"/>
  <testcase name="testWriteHive2ReadHive2(String)[2233]" classname="org.apache.hadoop.hive.ql.io.parquet.serde.TestParquetTimestampsHive2Compatibility" time="0"/>
  <testcase name="testWriteHive2ReadHive2(String)[2234]" classname="org.apache.hadoop.hive.ql.io.parquet.serde.TestParquetTimestampsHive2Compatibility" time="0"/>
  <testcase name="testWriteHive2ReadHive2(String)[2235]" classname="org.apache.hadoop.hive.ql.io.parquet.serde.TestParquetTimestampsHive2Compatibility" time="0.001"/>
  <testcase name="testWriteHive2ReadHive2(String)[2236]" classname="org.apache.hadoop.hive.ql.io.parquet.serde.TestParquetTimestampsHive2Compatibility" time="0"/>
  <testcase name="testWriteHive2ReadHive2(String)[2237]" classname="org.apache.hadoop.hive.ql.io.parquet.serde.TestParquetTimestampsHive2Compatibility" time="0"/>
  <testcase name="testWriteHive2ReadHive2(String)[2238]" classname="org.apache.hadoop.hive.ql.io.parquet.serde.TestParquetTimestampsHive2Compatibility" time="0"/>
  <testcase name="testWriteHive2ReadHive2(String)[2239]" classname="org.apache.hadoop.hive.ql.io.parquet.serde.TestParquetTimestampsHive2Compatibility" time="0"/>
  <testcase name="testWriteHive2ReadHive2(String)[2240]" classname="org.apache.hadoop.hive.ql.io.parquet.serde.TestParquetTimestampsHive2Compatibility" time="0"/>
  <testcase name="testWriteHive2ReadHive2(String)[2241]" classname="org.apache.hadoop.hive.ql.io.parquet.serde.TestParquetTimestampsHive2Compatibility" time="0"/>
  <testcase name="testWriteHive2ReadHive2(String)[2242]" classname="org.apache.hadoop.hive.ql.io.parquet.serde.TestParquetTimestampsHive2Compatibility" time="0"/>
  <testcase name="testWriteHive2ReadHive2(String)[2243]" classname="org.apache.hadoop.hive.ql.io.parquet.serde.TestParquetTimestampsHive2Compatibility" time="0"/>
  <testcase name="testWriteHive2ReadHive2(String)[2244]" classname="org.apache.hadoop.hive.ql.io.parquet.serde.TestParquetTimestampsHive2Compatibility" time="0"/>
  <testcase name="testWriteHive2ReadHive2(String)[2245]" classname="org.apache.hadoop.hive.ql.io.parquet.serde.TestParquetTimestampsHive2Compatibility" time="0"/>
  <testcase name="testWriteHive2ReadHive2(String)[2246]" classname="org.apache.hadoop.hive.ql.io.parquet.serde.TestParquetTimestampsHive2Compatibility" time="0"/>
  <testcase name="testWriteHive2ReadHive2(String)[2247]" classname="org.apache.hadoop.hive.ql.io.parquet.serde.TestParquetTimestampsHive2Compatibility" time="0"/>
  <testcase name="testWriteHive2ReadHive2(String)[2248]" classname="org.apache.hadoop.hive.ql.io.parquet.serde.TestParquetTimestampsHive2Compatibility" time="0"/>
  <testcase name="testWriteHive2ReadHive2(String)[2249]" classname="org.apache.hadoop.hive.ql.io.parquet.serde.TestParquetTimestampsHive2Compatibility" time="0"/>
  <testcase name="testWriteHive2ReadHive2(String)[2250]" classname="org.apache.hadoop.hive.ql.io.parquet.serde.TestParquetTimestampsHive2Compatibility" time="0"/>
  <testcase name="testWriteHive2ReadHive2(String)[2251]" classname="org.apache.hadoop.hive.ql.io.parquet.serde.TestParquetTimestampsHive2Compatibility" time="0"/>
  <testcase name="testWriteHive2ReadHive2(String)[2252]" classname="org.apache.hadoop.hive.ql.io.parquet.serde.TestParquetTimestampsHive2Compatibility" time="0"/>
  <testcase name="testWriteHive2ReadHive2(String)[2253]" classname="org.apache.hadoop.hive.ql.io.parquet.serde.TestParquetTimestampsHive2Compatibility" time="0"/>
  <testcase name="testWriteHive2ReadHive2(String)[2254]" classname="org.apache.hadoop.hive.ql.io.parquet.serde.TestParquetTimestampsHive2Compatibility" time="0"/>
  <testcase name="testWriteHive2ReadHive2(String)[2255]" classname="org.apache.hadoop.hive.ql.io.parquet.serde.TestParquetTimestampsHive2Compatibility" time="0"/>
  <testcase name="testWriteHive2ReadHive2(String)[2256]" classname="org.apache.hadoop.hive.ql.io.parquet.serde.TestParquetTimestampsHive2Compatibility" time="0"/>
  <testcase name="testWriteHive2ReadHive2(String)[2257]" classname="org.apache.hadoop.hive.ql.io.parquet.serde.TestParquetTimestampsHive2Compatibility" time="0"/>
  <testcase name="testWriteHive2ReadHive2(String)[2258]" classname="org.apache.hadoop.hive.ql.io.parquet.serde.TestParquetTimestampsHive2Compatibility" time="0"/>
  <testcase name="testWriteHive2ReadHive2(String)[2259]" classname="org.apache.hadoop.hive.ql.io.parquet.serde.TestParquetTimestampsHive2Compatibility" time="0"/>
  <testcase name="testWriteHive2ReadHive2(String)[2260]" classname="org.apache.hadoop.hive.ql.io.parquet.serde.TestParquetTimestampsHive2Compatibility" time="0"/>
  <testcase name="testWriteHive2ReadHive2(String)[2261]" classname="org.apache.hadoop.hive.ql.io.parquet.serde.TestParquetTimestampsHive2Compatibility" time="0.001"/>
  <testcase name="testWriteHive2ReadHive2(String)[2262]" classname="org.apache.hadoop.hive.ql.io.parquet.serde.TestParquetTimestampsHive2Compatibility" time="0"/>
  <testcase name="testWriteHive2ReadHive2(String)[2263]" classname="org.apache.hadoop.hive.ql.io.parquet.serde.TestParquetTimestampsHive2Compatibility" time="0"/>
  <testcase name="testWriteHive2ReadHive2(String)[2264]" classname="org.apache.hadoop.hive.ql.io.parquet.serde.TestParquetTimestampsHive2Compatibility" time="0"/>
  <testcase name="testWriteHive2ReadHive2(String)[2265]" classname="org.apache.hadoop.hive.ql.io.parquet.serde.TestParquetTimestampsHive2Compatibility" time="0"/>
  <testcase name="testWriteHive2ReadHive2(String)[2266]" classname="org.apache.hadoop.hive.ql.io.parquet.serde.TestParquetTimestampsHive2Compatibility" time="0.001"/>
  <testcase name="testWriteHive2ReadHive2(String)[2267]" classname="org.apache.hadoop.hive.ql.io.parquet.serde.TestParquetTimestampsHive2Compatibility" time="0"/>
  <testcase name="testWriteHive2ReadHive2(String)[2268]" classname="org.apache.hadoop.hive.ql.io.parquet.serde.TestParquetTimestampsHive2Compatibility" time="0"/>
  <testcase name="testWriteHive2ReadHive2(String)[2269]" classname="org.apache.hadoop.hive.ql.io.parquet.serde.TestParquetTimestampsHive2Compatibility" time="0"/>
  <testcase name="testWriteHive2ReadHive2(String)[2270]" classname="org.apache.hadoop.hive.ql.io.parquet.serde.TestParquetTimestampsHive2Compatibility" time="0"/>
  <testcase name="testWriteHive2ReadHive2(String)[2271]" classname="org.apache.hadoop.hive.ql.io.parquet.serde.TestParquetTimestampsHive2Compatibility" time="0.001"/>
  <testcase name="testWriteHive2ReadHive2(String)[2272]" classname="org.apache.hadoop.hive.ql.io.parquet.serde.TestParquetTimestampsHive2Compatibility" time="0"/>
  <testcase name="testWriteHive2ReadHive2(String)[2273]" classname="org.apache.hadoop.hive.ql.io.parquet.serde.TestParquetTimestampsHive2Compatibility" time="0"/>
  <testcase name="testWriteHive2ReadHive2(String)[2274]" classname="org.apache.hadoop.hive.ql.io.parquet.serde.TestParquetTimestampsHive2Compatibility" time="0"/>
  <testcase name="testWriteHive2ReadHive2(String)[2275]" classname="org.apache.hadoop.hive.ql.io.parquet.serde.TestParquetTimestampsHive2Compatibility" time="0"/>
  <testcase name="testWriteHive2ReadHive2(String)[2276]" classname="org.apache.hadoop.hive.ql.io.parquet.serde.TestParquetTimestampsHive2Compatibility" time="0"/>
  <testcase name="testWriteHive2ReadHive2(String)[2277]" classname="org.apache.hadoop.hive.ql.io.parquet.serde.TestParquetTimestampsHive2Compatibility" time="0"/>
  <testcase name="testWriteHive2ReadHive2(String)[2278]" classname="org.apache.hadoop.hive.ql.io.parquet.serde.TestParquetTimestampsHive2Compatibility" time="0"/>
  <testcase name="testWriteHive2ReadHive2(String)[2279]" classname="org.apache.hadoop.hive.ql.io.parquet.serde.TestParquetTimestampsHive2Compatibility" time="0"/>
  <testcase name="testWriteHive2ReadHive2(String)[2280]" classname="org.apache.hadoop.hive.ql.io.parquet.serde.TestParquetTimestampsHive2Compatibility" time="0"/>
  <testcase name="testWriteHive2ReadHive2(String)[2281]" classname="org.apache.hadoop.hive.ql.io.parquet.serde.TestParquetTimestampsHive2Compatibility" time="0"/>
  <testcase name="testWriteHive2ReadHive2(String)[2282]" classname="org.apache.hadoop.hive.ql.io.parquet.serde.TestParquetTimestampsHive2Compatibility" time="0"/>
  <testcase name="testWriteHive2ReadHive2(String)[2283]" classname="org.apache.hadoop.hive.ql.io.parquet.serde.TestParquetTimestampsHive2Compatibility" time="0"/>
  <testcase name="testWriteHive2ReadHive2(String)[2284]" classname="org.apache.hadoop.hive.ql.io.parquet.serde.TestParquetTimestampsHive2Compatibility" time="0"/>
  <testcase name="testWriteHive2ReadHive2(String)[2285]" classname="org.apache.hadoop.hive.ql.io.parquet.serde.TestParquetTimestampsHive2Compatibility" time="0"/>
  <testcase name="testWriteHive2ReadHive2(String)[2286]" classname="org.apache.hadoop.hive.ql.io.parquet.serde.TestParquetTimestampsHive2Compatibility" time="0"/>
  <testcase name="testWriteHive2ReadHive2(String)[2287]" classname="org.apache.hadoop.hive.ql.io.parquet.serde.TestParquetTimestampsHive2Compatibility" time="0"/>
  <testcase name="testWriteHive2ReadHive2(String)[2288]" classname="org.apache.hadoop.hive.ql.io.parquet.serde.TestParquetTimestampsHive2Compatibility" time="0"/>
  <testcase name="testWriteHive2ReadHive2(String)[2289]" classname="org.apache.hadoop.hive.ql.io.parquet.serde.TestParquetTimestampsHive2Compatibility" time="0"/>
  <testcase name="testWriteHive2ReadHive2(String)[2290]" classname="org.apache.hadoop.hive.ql.io.parquet.serde.TestParquetTimestampsHive2Compatibility" time="0"/>
  <testcase name="testWriteHive2ReadHive2(String)[2291]" classname="org.apache.hadoop.hive.ql.io.parquet.serde.TestParquetTimestampsHive2Compatibility" time="0"/>
  <testcase name="testWriteHive2ReadHive2(String)[2292]" classname="org.apache.hadoop.hive.ql.io.parquet.serde.TestParquetTimestampsHive2Compatibility" time="0.001"/>
  <testcase name="testWriteHive2ReadHive2(String)[2293]" classname="org.apache.hadoop.hive.ql.io.parquet.serde.TestParquetTimestampsHive2Compatibility" time="0"/>
  <testcase name="testWriteHive2ReadHive2(String)[2294]" classname="org.apache.hadoop.hive.ql.io.parquet.serde.TestParquetTimestampsHive2Compatibility" time="0"/>
  <testcase name="testWriteHive2ReadHive2(String)[2295]" classname="org.apache.hadoop.hive.ql.io.parquet.serde.TestParquetTimestampsHive2Compatibility" time="0"/>
  <testcase name="testWriteHive2ReadHive2(String)[2296]" classname="org.apache.hadoop.hive.ql.io.parquet.serde.TestParquetTimestampsHive2Compatibility" time="0"/>
  <testcase name="testWriteHive2ReadHive2(String)[2297]" classname="org.apache.hadoop.hive.ql.io.parquet.serde.TestParquetTimestampsHive2Compatibility" time="0.001"/>
  <testcase name="testWriteHive2ReadHive2(String)[2298]" classname="org.apache.hadoop.hive.ql.io.parquet.serde.TestParquetTimestampsHive2Compatibility" time="0"/>
  <testcase name="testWriteHive2ReadHive2(String)[2299]" classname="org.apache.hadoop.hive.ql.io.parquet.serde.TestParquetTimestampsHive2Compatibility" time="0"/>
  <testcase name="testWriteHive2ReadHive2(String)[2300]" classname="org.apache.hadoop.hive.ql.io.parquet.serde.TestParquetTimestampsHive2Compatibility" time="0"/>
  <testcase name="testWriteHive2ReadHive2(String)[2301]" classname="org.apache.hadoop.hive.ql.io.parquet.serde.TestParquetTimestampsHive2Compatibility" time="0"/>
  <testcase name="testWriteHive2ReadHive2(String)[2302]" classname="org.apache.hadoop.hive.ql.io.parquet.serde.TestParquetTimestampsHive2Compatibility" time="0"/>
  <testcase name="testWriteHive2ReadHive2(String)[2303]" classname="org.apache.hadoop.hive.ql.io.parquet.serde.TestParquetTimestampsHive2Compatibility" time="0"/>
  <testcase name="testWriteHive2ReadHive2(String)[2304]" classname="org.apache.hadoop.hive.ql.io.parquet.serde.TestParquetTimestampsHive2Compatibility" time="0"/>
  <testcase name="testWriteHive2ReadHive2(String)[2305]" classname="org.apache.hadoop.hive.ql.io.parquet.serde.TestParquetTimestampsHive2Compatibility" time="0"/>
  <testcase name="testWriteHive2ReadHive2(String)[2306]" classname="org.apache.hadoop.hive.ql.io.parquet.serde.TestParquetTimestampsHive2Compatibility" time="0"/>
  <testcase name="testWriteHive2ReadHive2(String)[2307]" classname="org.apache.hadoop.hive.ql.io.parquet.serde.TestParquetTimestampsHive2Compatibility" time="0"/>
  <testcase name="testWriteHive2ReadHive2(String)[2308]" classname="org.apache.hadoop.hive.ql.io.parquet.serde.TestParquetTimestampsHive2Compatibility" time="0.001"/>
  <testcase name="testWriteHive2ReadHive2(String)[2309]" classname="org.apache.hadoop.hive.ql.io.parquet.serde.TestParquetTimestampsHive2Compatibility" time="0"/>
  <testcase name="testWriteHive2ReadHive2(String)[2310]" classname="org.apache.hadoop.hive.ql.io.parquet.serde.TestParquetTimestampsHive2Compatibility" time="0"/>
  <testcase name="testWriteHive2ReadHive2(String)[2311]" classname="org.apache.hadoop.hive.ql.io.parquet.serde.TestParquetTimestampsHive2Compatibility" time="0"/>
  <testcase name="testWriteHive2ReadHive2(String)[2312]" classname="org.apache.hadoop.hive.ql.io.parquet.serde.TestParquetTimestampsHive2Compatibility" time="0"/>
  <testcase name="testWriteHive2ReadHive2(String)[2313]" classname="org.apache.hadoop.hive.ql.io.parquet.serde.TestParquetTimestampsHive2Compatibility" time="0"/>
  <testcase name="testWriteHive2ReadHive2(String)[2314]" classname="org.apache.hadoop.hive.ql.io.parquet.serde.TestParquetTimestampsHive2Compatibility" time="0"/>
  <testcase name="testWriteHive2ReadHive2(String)[2315]" classname="org.apache.hadoop.hive.ql.io.parquet.serde.TestParquetTimestampsHive2Compatibility" time="0"/>
  <testcase name="testWriteHive2ReadHive2(String)[2316]" classname="org.apache.hadoop.hive.ql.io.parquet.serde.TestParquetTimestampsHive2Compatibility" time="0"/>
  <testcase name="testWriteHive2ReadHive2(String)[2317]" classname="org.apache.hadoop.hive.ql.io.parquet.serde.TestParquetTimestampsHive2Compatibility" time="0"/>
  <testcase name="testWriteHive2ReadHive2(String)[2318]" classname="org.apache.hadoop.hive.ql.io.parquet.serde.TestParquetTimestampsHive2Compatibility" time="0"/>
  <testcase name="testWriteHive2ReadHive2(String)[2319]" classname="org.apache.hadoop.hive.ql.io.parquet.serde.TestParquetTimestampsHive2Compatibility" time="0.001"/>
  <testcase name="testWriteHive2ReadHive2(String)[2320]" classname="org.apache.hadoop.hive.ql.io.parquet.serde.TestParquetTimestampsHive2Compatibility" time="0"/>
  <testcase name="testWriteHive2ReadHive2(String)[2321]" classname="org.apache.hadoop.hive.ql.io.parquet.serde.TestParquetTimestampsHive2Compatibility" time="0"/>
  <testcase name="testWriteHive2ReadHive2(String)[2322]" classname="org.apache.hadoop.hive.ql.io.parquet.serde.TestParquetTimestampsHive2Compatibility" time="0"/>
  <testcase name="testWriteHive2ReadHive2(String)[2323]" classname="org.apache.hadoop.hive.ql.io.parquet.serde.TestParquetTimestampsHive2Compatibility" time="0"/>
  <testcase name="testWriteHive2ReadHive2(String)[2324]" classname="org.apache.hadoop.hive.ql.io.parquet.serde.TestParquetTimestampsHive2Compatibility" time="0"/>
  <testcase name="testWriteHive2ReadHive2(String)[2325]" classname="org.apache.hadoop.hive.ql.io.parquet.serde.TestParquetTimestampsHive2Compatibility" time="0"/>
  <testcase name="testWriteHive2ReadHive2(String)[2326]" classname="org.apache.hadoop.hive.ql.io.parquet.serde.TestParquetTimestampsHive2Compatibility" time="0"/>
  <testcase name="testWriteHive2ReadHive2(String)[2327]" classname="org.apache.hadoop.hive.ql.io.parquet.serde.TestParquetTimestampsHive2Compatibility" time="0"/>
  <testcase name="testWriteHive2ReadHive2(String)[2328]" classname="org.apache.hadoop.hive.ql.io.parquet.serde.TestParquetTimestampsHive2Compatibility" time="0"/>
  <testcase name="testWriteHive2ReadHive2(String)[2329]" classname="org.apache.hadoop.hive.ql.io.parquet.serde.TestParquetTimestampsHive2Compatibility" time="0"/>
  <testcase name="testWriteHive2ReadHive2(String)[2330]" classname="org.apache.hadoop.hive.ql.io.parquet.serde.TestParquetTimestampsHive2Compatibility" time="0"/>
  <testcase name="testWriteHive2ReadHive2(String)[2331]" classname="org.apache.hadoop.hive.ql.io.parquet.serde.TestParquetTimestampsHive2Compatibility" time="0"/>
  <testcase name="testWriteHive2ReadHive2(String)[2332]" classname="org.apache.hadoop.hive.ql.io.parquet.serde.TestParquetTimestampsHive2Compatibility" time="0"/>
  <testcase name="testWriteHive2ReadHive2(String)[2333]" classname="org.apache.hadoop.hive.ql.io.parquet.serde.TestParquetTimestampsHive2Compatibility" time="0"/>
  <testcase name="testWriteHive2ReadHive2(String)[2334]" classname="org.apache.hadoop.hive.ql.io.parquet.serde.TestParquetTimestampsHive2Compatibility" time="0"/>
  <testcase name="testWriteHive2ReadHive2(String)[2335]" classname="org.apache.hadoop.hive.ql.io.parquet.serde.TestParquetTimestampsHive2Compatibility" time="0"/>
  <testcase name="testWriteHive2ReadHive2(String)[2336]" classname="org.apache.hadoop.hive.ql.io.parquet.serde.TestParquetTimestampsHive2Compatibility" time="0.001"/>
  <testcase name="testWriteHive2ReadHive2(String)[2337]" classname="org.apache.hadoop.hive.ql.io.parquet.serde.TestParquetTimestampsHive2Compatibility" time="0"/>
  <testcase name="testWriteHive2ReadHive2(String)[2338]" classname="org.apache.hadoop.hive.ql.io.parquet.serde.TestParquetTimestampsHive2Compatibility" time="0"/>
  <testcase name="testWriteHive2ReadHive2(String)[2339]" classname="org.apache.hadoop.hive.ql.io.parquet.serde.TestParquetTimestampsHive2Compatibility" time="0"/>
  <testcase name="testWriteHive2ReadHive2(String)[2340]" classname="org.apache.hadoop.hive.ql.io.parquet.serde.TestParquetTimestampsHive2Compatibility" time="0"/>
  <testcase name="testWriteHive2ReadHive2(String)[2341]" classname="org.apache.hadoop.hive.ql.io.parquet.serde.TestParquetTimestampsHive2Compatibility" time="0"/>
  <testcase name="testWriteHive2ReadHive2(String)[2342]" classname="org.apache.hadoop.hive.ql.io.parquet.serde.TestParquetTimestampsHive2Compatibility" time="0"/>
  <testcase name="testWriteHive2ReadHive2(String)[2343]" classname="org.apache.hadoop.hive.ql.io.parquet.serde.TestParquetTimestampsHive2Compatibility" time="0"/>
  <testcase name="testWriteHive2ReadHive2(String)[2344]" classname="org.apache.hadoop.hive.ql.io.parquet.serde.TestParquetTimestampsHive2Compatibility" time="0"/>
  <testcase name="testWriteHive2ReadHive2(String)[2345]" classname="org.apache.hadoop.hive.ql.io.parquet.serde.TestParquetTimestampsHive2Compatibility" time="0"/>
  <testcase name="testWriteHive2ReadHive2(String)[2346]" classname="org.apache.hadoop.hive.ql.io.parquet.serde.TestParquetTimestampsHive2Compatibility" time="0"/>
  <testcase name="testWriteHive2ReadHive2(String)[2347]" classname="org.apache.hadoop.hive.ql.io.parquet.serde.TestParquetTimestampsHive2Compatibility" time="0.001"/>
  <testcase name="testWriteHive2ReadHive2(String)[2348]" classname="org.apache.hadoop.hive.ql.io.parquet.serde.TestParquetTimestampsHive2Compatibility" time="0"/>
  <testcase name="testWriteHive2ReadHive2(String)[2349]" classname="org.apache.hadoop.hive.ql.io.parquet.serde.TestParquetTimestampsHive2Compatibility" time="0"/>
  <testcase name="testWriteHive2ReadHive2(String)[2350]" classname="org.apache.hadoop.hive.ql.io.parquet.serde.TestParquetTimestampsHive2Compatibility" time="0"/>
  <testcase name="testWriteHive2ReadHive2(String)[2351]" classname="org.apache.hadoop.hive.ql.io.parquet.serde.TestParquetTimestampsHive2Compatibility" time="0"/>
  <testcase name="testWriteHive2ReadHive2(String)[2352]" classname="org.apache.hadoop.hive.ql.io.parquet.serde.TestParquetTimestampsHive2Compatibility" time="0.001"/>
  <testcase name="testWriteHive2ReadHive2(String)[2353]" classname="org.apache.hadoop.hive.ql.io.parquet.serde.TestParquetTimestampsHive2Compatibility" time="0"/>
  <testcase name="testWriteHive2ReadHive2(String)[2354]" classname="org.apache.hadoop.hive.ql.io.parquet.serde.TestParquetTimestampsHive2Compatibility" time="0"/>
  <testcase name="testWriteHive2ReadHive2(String)[2355]" classname="org.apache.hadoop.hive.ql.io.parquet.serde.TestParquetTimestampsHive2Compatibility" time="0"/>
  <testcase name="testWriteHive2ReadHive2(String)[2356]" classname="org.apache.hadoop.hive.ql.io.parquet.serde.TestParquetTimestampsHive2Compatibility" time="0"/>
  <testcase name="testWriteHive2ReadHive2(String)[2357]" classname="org.apache.hadoop.hive.ql.io.parquet.serde.TestParquetTimestampsHive2Compatibility" time="0"/>
  <testcase name="testWriteHive2ReadHive2(String)[2358]" classname="org.apache.hadoop.hive.ql.io.parquet.serde.TestParquetTimestampsHive2Compatibility" time="0"/>
  <testcase name="testWriteHive2ReadHive2(String)[2359]" classname="org.apache.hadoop.hive.ql.io.parquet.serde.TestParquetTimestampsHive2Compatibility" time="0"/>
  <testcase name="testWriteHive2ReadHive2(String)[2360]" classname="org.apache.hadoop.hive.ql.io.parquet.serde.TestParquetTimestampsHive2Compatibility" time="0"/>
  <testcase name="testWriteHive2ReadHive2(String)[2361]" classname="org.apache.hadoop.hive.ql.io.parquet.serde.TestParquetTimestampsHive2Compatibility" time="0"/>
  <testcase name="testWriteHive2ReadHive2(String)[2362]" classname="org.apache.hadoop.hive.ql.io.parquet.serde.TestParquetTimestampsHive2Compatibility" time="0"/>
  <testcase name="testWriteHive2ReadHive2(String)[2363]" classname="org.apache.hadoop.hive.ql.io.parquet.serde.TestParquetTimestampsHive2Compatibility" time="0"/>
  <testcase name="testWriteHive2ReadHive2(String)[2364]" classname="org.apache.hadoop.hive.ql.io.parquet.serde.TestParquetTimestampsHive2Compatibility" time="0"/>
  <testcase name="testWriteHive2ReadHive2(String)[2365]" classname="org.apache.hadoop.hive.ql.io.parquet.serde.TestParquetTimestampsHive2Compatibility" time="0"/>
  <testcase name="testWriteHive2ReadHive2(String)[2366]" classname="org.apache.hadoop.hive.ql.io.parquet.serde.TestParquetTimestampsHive2Compatibility" time="0"/>
  <testcase name="testWriteHive2ReadHive2(String)[2367]" classname="org.apache.hadoop.hive.ql.io.parquet.serde.TestParquetTimestampsHive2Compatibility" time="0"/>
  <testcase name="testWriteHive2ReadHive2(String)[2368]" classname="org.apache.hadoop.hive.ql.io.parquet.serde.TestParquetTimestampsHive2Compatibility" time="0"/>
  <testcase name="testWriteHive2ReadHive2(String)[2369]" classname="org.apache.hadoop.hive.ql.io.parquet.serde.TestParquetTimestampsHive2Compatibility" time="0"/>
  <testcase name="testWriteHive2ReadHive2(String)[2370]" classname="org.apache.hadoop.hive.ql.io.parquet.serde.TestParquetTimestampsHive2Compatibility" time="0"/>
  <testcase name="testWriteHive2ReadHive2(String)[2371]" classname="org.apache.hadoop.hive.ql.io.parquet.serde.TestParquetTimestampsHive2Compatibility" time="0"/>
  <testcase name="testWriteHive2ReadHive2(String)[2372]" classname="org.apache.hadoop.hive.ql.io.parquet.serde.TestParquetTimestampsHive2Compatibility" time="0"/>
  <testcase name="testWriteHive2ReadHive2(String)[2373]" classname="org.apache.hadoop.hive.ql.io.parquet.serde.TestParquetTimestampsHive2Compatibility" time="0"/>
  <testcase name="testWriteHive2ReadHive2(String)[2374]" classname="org.apache.hadoop.hive.ql.io.parquet.serde.TestParquetTimestampsHive2Compatibility" time="0"/>
  <testcase name="testWriteHive2ReadHive2(String)[2375]" classname="org.apache.hadoop.hive.ql.io.parquet.serde.TestParquetTimestampsHive2Compatibility" time="0"/>
  <testcase name="testWriteHive2ReadHive2(String)[2376]" classname="org.apache.hadoop.hive.ql.io.parquet.serde.TestParquetTimestampsHive2Compatibility" time="0"/>
  <testcase name="testWriteHive2ReadHive2(String)[2377]" classname="org.apache.hadoop.hive.ql.io.parquet.serde.TestParquetTimestampsHive2Compatibility" time="0"/>
  <testcase name="testWriteHive2ReadHive2(String)[2378]" classname="org.apache.hadoop.hive.ql.io.parquet.serde.TestParquetTimestampsHive2Compatibility" time="0"/>
  <testcase name="testWriteHive2ReadHive2(String)[2379]" classname="org.apache.hadoop.hive.ql.io.parquet.serde.TestParquetTimestampsHive2Compatibility" time="0"/>
  <testcase name="testWriteHive2ReadHive2(String)[2380]" classname="org.apache.hadoop.hive.ql.io.parquet.serde.TestParquetTimestampsHive2Compatibility" time="0"/>
  <testcase name="testWriteHive2ReadHive2(String)[2381]" classname="org.apache.hadoop.hive.ql.io.parquet.serde.TestParquetTimestampsHive2Compatibility" time="0"/>
  <testcase name="testWriteHive2ReadHive2(String)[2382]" classname="org.apache.hadoop.hive.ql.io.parquet.serde.TestParquetTimestampsHive2Compatibility" time="0"/>
  <testcase name="testWriteHive2ReadHive2(String)[2383]" classname="org.apache.hadoop.hive.ql.io.parquet.serde.TestParquetTimestampsHive2Compatibility" time="0.001"/>
  <testcase name="testWriteHive2ReadHive2(String)[2384]" classname="org.apache.hadoop.hive.ql.io.parquet.serde.TestParquetTimestampsHive2Compatibility" time="0"/>
  <testcase name="testWriteHive2ReadHive2(String)[2385]" classname="org.apache.hadoop.hive.ql.io.parquet.serde.TestParquetTimestampsHive2Compatibility" time="0"/>
  <testcase name="testWriteHive2ReadHive2(String)[2386]" classname="org.apache.hadoop.hive.ql.io.parquet.serde.TestParquetTimestampsHive2Compatibility" time="0"/>
  <testcase name="testWriteHive2ReadHive2(String)[2387]" classname="org.apache.hadoop.hive.ql.io.parquet.serde.TestParquetTimestampsHive2Compatibility" time="0"/>
  <testcase name="testWriteHive2ReadHive2(String)[2388]" classname="org.apache.hadoop.hive.ql.io.parquet.serde.TestParquetTimestampsHive2Compatibility" time="0"/>
  <testcase name="testWriteHive2ReadHive2(String)[2389]" classname="org.apache.hadoop.hive.ql.io.parquet.serde.TestParquetTimestampsHive2Compatibility" time="0"/>
  <testcase name="testWriteHive2ReadHive2(String)[2390]" classname="org.apache.hadoop.hive.ql.io.parquet.serde.TestParquetTimestampsHive2Compatibility" time="0"/>
  <testcase name="testWriteHive2ReadHive2(String)[2391]" classname="org.apache.hadoop.hive.ql.io.parquet.serde.TestParquetTimestampsHive2Compatibility" time="0"/>
  <testcase name="testWriteHive2ReadHive2(String)[2392]" classname="org.apache.hadoop.hive.ql.io.parquet.serde.TestParquetTimestampsHive2Compatibility" time="0"/>
  <testcase name="testWriteHive2ReadHive2(String)[2393]" classname="org.apache.hadoop.hive.ql.io.parquet.serde.TestParquetTimestampsHive2Compatibility" time="0"/>
  <testcase name="testWriteHive2ReadHive2(String)[2394]" classname="org.apache.hadoop.hive.ql.io.parquet.serde.TestParquetTimestampsHive2Compatibility" time="0"/>
  <testcase name="testWriteHive2ReadHive2(String)[2395]" classname="org.apache.hadoop.hive.ql.io.parquet.serde.TestParquetTimestampsHive2Compatibility" time="0"/>
  <testcase name="testWriteHive2ReadHive2(String)[2396]" classname="org.apache.hadoop.hive.ql.io.parquet.serde.TestParquetTimestampsHive2Compatibility" time="0"/>
  <testcase name="testWriteHive2ReadHive2(String)[2397]" classname="org.apache.hadoop.hive.ql.io.parquet.serde.TestParquetTimestampsHive2Compatibility" time="0"/>
  <testcase name="testWriteHive2ReadHive2(String)[2398]" classname="org.apache.hadoop.hive.ql.io.parquet.serde.TestParquetTimestampsHive2Compatibility" time="0"/>
  <testcase name="testWriteHive2ReadHive2(String)[2399]" classname="org.apache.hadoop.hive.ql.io.parquet.serde.TestParquetTimestampsHive2Compatibility" time="0.001"/>
  <testcase name="testWriteHive2ReadHive2(String)[2400]" classname="org.apache.hadoop.hive.ql.io.parquet.serde.TestParquetTimestampsHive2Compatibility" time="0"/>
  <testcase name="testWriteHive2ReadHive2(String)[2401]" classname="org.apache.hadoop.hive.ql.io.parquet.serde.TestParquetTimestampsHive2Compatibility" time="0"/>
  <testcase name="testWriteHive2ReadHive2(String)[2402]" classname="org.apache.hadoop.hive.ql.io.parquet.serde.TestParquetTimestampsHive2Compatibility" time="0"/>
  <testcase name="testWriteHive2ReadHive2(String)[2403]" classname="org.apache.hadoop.hive.ql.io.parquet.serde.TestParquetTimestampsHive2Compatibility" time="0"/>
  <testcase name="testWriteHive2ReadHive2(String)[2404]" classname="org.apache.hadoop.hive.ql.io.parquet.serde.TestParquetTimestampsHive2Compatibility" time="0"/>
  <testcase name="testWriteHive2ReadHive2(String)[2405]" classname="org.apache.hadoop.hive.ql.io.parquet.serde.TestParquetTimestampsHive2Compatibility" time="0.001"/>
  <testcase name="testWriteHive2ReadHive2(String)[2406]" classname="org.apache.hadoop.hive.ql.io.parquet.serde.TestParquetTimestampsHive2Compatibility" time="0"/>
  <testcase name="testWriteHive2ReadHive2(String)[2407]" classname="org.apache.hadoop.hive.ql.io.parquet.serde.TestParquetTimestampsHive2Compatibility" time="0"/>
  <testcase name="testWriteHive2ReadHive2(String)[2408]" classname="org.apache.hadoop.hive.ql.io.parquet.serde.TestParquetTimestampsHive2Compatibility" time="0"/>
  <testcase name="testWriteHive2ReadHive2(String)[2409]" classname="org.apache.hadoop.hive.ql.io.parquet.serde.TestParquetTimestampsHive2Compatibility" time="0"/>
  <testcase name="testWriteHive2ReadHive2(String)[2410]" classname="org.apache.hadoop.hive.ql.io.parquet.serde.TestParquetTimestampsHive2Compatibility" time="0"/>
  <testcase name="testWriteHive2ReadHive2(String)[2411]" classname="org.apache.hadoop.hive.ql.io.parquet.serde.TestParquetTimestampsHive2Compatibility" time="0"/>
  <testcase name="testWriteHive2ReadHive2(String)[2412]" classname="org.apache.hadoop.hive.ql.io.parquet.serde.TestParquetTimestampsHive2Compatibility" time="0"/>
  <testcase name="testWriteHive2ReadHive2(String)[2413]" classname="org.apache.hadoop.hive.ql.io.parquet.serde.TestParquetTimestampsHive2Compatibility" time="0"/>
  <testcase name="testWriteHive2ReadHive2(String)[2414]" classname="org.apache.hadoop.hive.ql.io.parquet.serde.TestParquetTimestampsHive2Compatibility" time="0"/>
  <testcase name="testWriteHive2ReadHive2(String)[2415]" classname="org.apache.hadoop.hive.ql.io.parquet.serde.TestParquetTimestampsHive2Compatibility" time="0"/>
  <testcase name="testWriteHive2ReadHive2(String)[2416]" classname="org.apache.hadoop.hive.ql.io.parquet.serde.TestParquetTimestampsHive2Compatibility" time="0"/>
  <testcase name="testWriteHive2ReadHive2(String)[2417]" classname="org.apache.hadoop.hive.ql.io.parquet.serde.TestParquetTimestampsHive2Compatibility" time="0"/>
  <testcase name="testWriteHive2ReadHive2(String)[2418]" classname="org.apache.hadoop.hive.ql.io.parquet.serde.TestParquetTimestampsHive2Compatibility" time="0"/>
  <testcase name="testWriteHive2ReadHive2(String)[2419]" classname="org.apache.hadoop.hive.ql.io.parquet.serde.TestParquetTimestampsHive2Compatibility" time="0"/>
  <testcase name="testWriteHive2ReadHive2(String)[2420]" classname="org.apache.hadoop.hive.ql.io.parquet.serde.TestParquetTimestampsHive2Compatibility" time="0"/>
  <testcase name="testWriteHive2ReadHive2(String)[2421]" classname="org.apache.hadoop.hive.ql.io.parquet.serde.TestParquetTimestampsHive2Compatibility" time="0"/>
  <testcase name="testWriteHive2ReadHive2(String)[2422]" classname="org.apache.hadoop.hive.ql.io.parquet.serde.TestParquetTimestampsHive2Compatibility" time="0"/>
  <testcase name="testWriteHive2ReadHive2(String)[2423]" classname="org.apache.hadoop.hive.ql.io.parquet.serde.TestParquetTimestampsHive2Compatibility" time="0"/>
  <testcase name="testWriteHive2ReadHive2(String)[2424]" classname="org.apache.hadoop.hive.ql.io.parquet.serde.TestParquetTimestampsHive2Compatibility" time="0"/>
  <testcase name="testWriteHive2ReadHive2(String)[2425]" classname="org.apache.hadoop.hive.ql.io.parquet.serde.TestParquetTimestampsHive2Compatibility" time="0"/>
  <testcase name="testWriteHive2ReadHive2(String)[2426]" classname="org.apache.hadoop.hive.ql.io.parquet.serde.TestParquetTimestampsHive2Compatibility" time="0"/>
  <testcase name="testWriteHive2ReadHive2(String)[2427]" classname="org.apache.hadoop.hive.ql.io.parquet.serde.TestParquetTimestampsHive2Compatibility" time="0"/>
  <testcase name="testWriteHive2ReadHive2(String)[2428]" classname="org.apache.hadoop.hive.ql.io.parquet.serde.TestParquetTimestampsHive2Compatibility" time="0"/>
  <testcase name="testWriteHive2ReadHive2(String)[2429]" classname="org.apache.hadoop.hive.ql.io.parquet.serde.TestParquetTimestampsHive2Compatibility" time="0"/>
  <testcase name="testWriteHive2ReadHive2(String)[2430]" classname="org.apache.hadoop.hive.ql.io.parquet.serde.TestParquetTimestampsHive2Compatibility" time="0"/>
  <testcase name="testWriteHive2ReadHive2(String)[2431]" classname="org.apache.hadoop.hive.ql.io.parquet.serde.TestParquetTimestampsHive2Compatibility" time="0"/>
  <testcase name="testWriteHive2ReadHive2(String)[2432]" classname="org.apache.hadoop.hive.ql.io.parquet.serde.TestParquetTimestampsHive2Compatibility" time="0"/>
  <testcase name="testWriteHive2ReadHive2(String)[2433]" classname="org.apache.hadoop.hive.ql.io.parquet.serde.TestParquetTimestampsHive2Compatibility" time="0"/>
  <testcase name="testWriteHive2ReadHive2(String)[2434]" classname="org.apache.hadoop.hive.ql.io.parquet.serde.TestParquetTimestampsHive2Compatibility" time="0"/>
  <testcase name="testWriteHive2ReadHive2(String)[2435]" classname="org.apache.hadoop.hive.ql.io.parquet.serde.TestParquetTimestampsHive2Compatibility" time="0"/>
  <testcase name="testWriteHive2ReadHive2(String)[2436]" classname="org.apache.hadoop.hive.ql.io.parquet.serde.TestParquetTimestampsHive2Compatibility" time="0.001"/>
  <testcase name="testWriteHive2ReadHive2(String)[2437]" classname="org.apache.hadoop.hive.ql.io.parquet.serde.TestParquetTimestampsHive2Compatibility" time="0"/>
  <testcase name="testWriteHive2ReadHive2(String)[2438]" classname="org.apache.hadoop.hive.ql.io.parquet.serde.TestParquetTimestampsHive2Compatibility" time="0"/>
  <testcase name="testWriteHive2ReadHive2(String)[2439]" classname="org.apache.hadoop.hive.ql.io.parquet.serde.TestParquetTimestampsHive2Compatibility" time="0"/>
  <testcase name="testWriteHive2ReadHive2(String)[2440]" classname="org.apache.hadoop.hive.ql.io.parquet.serde.TestParquetTimestampsHive2Compatibility" time="0"/>
  <testcase name="testWriteHive2ReadHive2(String)[2441]" classname="org.apache.hadoop.hive.ql.io.parquet.serde.TestParquetTimestampsHive2Compatibility" time="0.001"/>
  <testcase name="testWriteHive2ReadHive2(String)[2442]" classname="org.apache.hadoop.hive.ql.io.parquet.serde.TestParquetTimestampsHive2Compatibility" time="0"/>
  <testcase name="testWriteHive2ReadHive2(String)[2443]" classname="org.apache.hadoop.hive.ql.io.parquet.serde.TestParquetTimestampsHive2Compatibility" time="0"/>
  <testcase name="testWriteHive2ReadHive2(String)[2444]" classname="org.apache.hadoop.hive.ql.io.parquet.serde.TestParquetTimestampsHive2Compatibility" time="0"/>
  <testcase name="testWriteHive2ReadHive2(String)[2445]" classname="org.apache.hadoop.hive.ql.io.parquet.serde.TestParquetTimestampsHive2Compatibility" time="0"/>
  <testcase name="testWriteHive2ReadHive2(String)[2446]" classname="org.apache.hadoop.hive.ql.io.parquet.serde.TestParquetTimestampsHive2Compatibility" time="0"/>
  <testcase name="testWriteHive2ReadHive2(String)[2447]" classname="org.apache.hadoop.hive.ql.io.parquet.serde.TestParquetTimestampsHive2Compatibility" time="0"/>
  <testcase name="testWriteHive2ReadHive2(String)[2448]" classname="org.apache.hadoop.hive.ql.io.parquet.serde.TestParquetTimestampsHive2Compatibility" time="0"/>
  <testcase name="testWriteHive2ReadHive2(String)[2449]" classname="org.apache.hadoop.hive.ql.io.parquet.serde.TestParquetTimestampsHive2Compatibility" time="0"/>
  <testcase name="testWriteHive2ReadHive2(String)[2450]" classname="org.apache.hadoop.hive.ql.io.parquet.serde.TestParquetTimestampsHive2Compatibility" time="0"/>
  <testcase name="testWriteHive2ReadHive2(String)[2451]" classname="org.apache.hadoop.hive.ql.io.parquet.serde.TestParquetTimestampsHive2Compatibility" time="0"/>
  <testcase name="testWriteHive2ReadHive2(String)[2452]" classname="org.apache.hadoop.hive.ql.io.parquet.serde.TestParquetTimestampsHive2Compatibility" time="0"/>
  <testcase name="testWriteHive2ReadHive2(String)[2453]" classname="org.apache.hadoop.hive.ql.io.parquet.serde.TestParquetTimestampsHive2Compatibility" time="0"/>
  <testcase name="testWriteHive2ReadHive2(String)[2454]" classname="org.apache.hadoop.hive.ql.io.parquet.serde.TestParquetTimestampsHive2Compatibility" time="0"/>
  <testcase name="testWriteHive2ReadHive2(String)[2455]" classname="org.apache.hadoop.hive.ql.io.parquet.serde.TestParquetTimestampsHive2Compatibility" time="0"/>
  <testcase name="testWriteHive2ReadHive2(String)[2456]" classname="org.apache.hadoop.hive.ql.io.parquet.serde.TestParquetTimestampsHive2Compatibility" time="0"/>
  <testcase name="testWriteHive2ReadHive2(String)[2457]" classname="org.apache.hadoop.hive.ql.io.parquet.serde.TestParquetTimestampsHive2Compatibility" time="0"/>
  <testcase name="testWriteHive2ReadHive2(String)[2458]" classname="org.apache.hadoop.hive.ql.io.parquet.serde.TestParquetTimestampsHive2Compatibility" time="0"/>
  <testcase name="testWriteHive2ReadHive2(String)[2459]" classname="org.apache.hadoop.hive.ql.io.parquet.serde.TestParquetTimestampsHive2Compatibility" time="0"/>
  <testcase name="testWriteHive2ReadHive2(String)[2460]" classname="org.apache.hadoop.hive.ql.io.parquet.serde.TestParquetTimestampsHive2Compatibility" time="0"/>
  <testcase name="testWriteHive2ReadHive2(String)[2461]" classname="org.apache.hadoop.hive.ql.io.parquet.serde.TestParquetTimestampsHive2Compatibility" time="0"/>
  <testcase name="testWriteHive2ReadHive2(String)[2462]" classname="org.apache.hadoop.hive.ql.io.parquet.serde.TestParquetTimestampsHive2Compatibility" time="0"/>
  <testcase name="testWriteHive2ReadHive2(String)[2463]" classname="org.apache.hadoop.hive.ql.io.parquet.serde.TestParquetTimestampsHive2Compatibility" time="0"/>
  <testcase name="testWriteHive2ReadHive2(String)[2464]" classname="org.apache.hadoop.hive.ql.io.parquet.serde.TestParquetTimestampsHive2Compatibility" time="0"/>
  <testcase name="testWriteHive2ReadHive2(String)[2465]" classname="org.apache.hadoop.hive.ql.io.parquet.serde.TestParquetTimestampsHive2Compatibility" time="0"/>
  <testcase name="testWriteHive2ReadHive2(String)[2466]" classname="org.apache.hadoop.hive.ql.io.parquet.serde.TestParquetTimestampsHive2Compatibility" time="0"/>
  <testcase name="testWriteHive2ReadHive2(String)[2467]" classname="org.apache.hadoop.hive.ql.io.parquet.serde.TestParquetTimestampsHive2Compatibility" time="0.001"/>
  <testcase name="testWriteHive2ReadHive2(String)[2468]" classname="org.apache.hadoop.hive.ql.io.parquet.serde.TestParquetTimestampsHive2Compatibility" time="0"/>
  <testcase name="testWriteHive2ReadHive2(String)[2469]" classname="org.apache.hadoop.hive.ql.io.parquet.serde.TestParquetTimestampsHive2Compatibility" time="0"/>
  <testcase name="testWriteHive2ReadHive2(String)[2470]" classname="org.apache.hadoop.hive.ql.io.parquet.serde.TestParquetTimestampsHive2Compatibility" time="0"/>
  <testcase name="testWriteHive2ReadHive2(String)[2471]" classname="org.apache.hadoop.hive.ql.io.parquet.serde.TestParquetTimestampsHive2Compatibility" time="0"/>
  <testcase name="testWriteHive2ReadHive2(String)[2472]" classname="org.apache.hadoop.hive.ql.io.parquet.serde.TestParquetTimestampsHive2Compatibility" time="0"/>
  <testcase name="testWriteHive2ReadHive2(String)[2473]" classname="org.apache.hadoop.hive.ql.io.parquet.serde.TestParquetTimestampsHive2Compatibility" time="0"/>
  <testcase name="testWriteHive2ReadHive2(String)[2474]" classname="org.apache.hadoop.hive.ql.io.parquet.serde.TestParquetTimestampsHive2Compatibility" time="0"/>
  <testcase name="testWriteHive2ReadHive2(String)[2475]" classname="org.apache.hadoop.hive.ql.io.parquet.serde.TestParquetTimestampsHive2Compatibility" time="0"/>
  <testcase name="testWriteHive2ReadHive2(String)[2476]" classname="org.apache.hadoop.hive.ql.io.parquet.serde.TestParquetTimestampsHive2Compatibility" time="0"/>
  <testcase name="testWriteHive2ReadHive2(String)[2477]" classname="org.apache.hadoop.hive.ql.io.parquet.serde.TestParquetTimestampsHive2Compatibility" time="0"/>
  <testcase name="testWriteHive2ReadHive2(String)[2478]" classname="org.apache.hadoop.hive.ql.io.parquet.serde.TestParquetTimestampsHive2Compatibility" time="0.001"/>
  <testcase name="testWriteHive2ReadHive2(String)[2479]" classname="org.apache.hadoop.hive.ql.io.parquet.serde.TestParquetTimestampsHive2Compatibility" time="0"/>
  <testcase name="testWriteHive2ReadHive2(String)[2480]" classname="org.apache.hadoop.hive.ql.io.parquet.serde.TestParquetTimestampsHive2Compatibility" time="0"/>
  <testcase name="testWriteHive2ReadHive2(String)[2481]" classname="org.apache.hadoop.hive.ql.io.parquet.serde.TestParquetTimestampsHive2Compatibility" time="0"/>
  <testcase name="testWriteHive2ReadHive2(String)[2482]" classname="org.apache.hadoop.hive.ql.io.parquet.serde.TestParquetTimestampsHive2Compatibility" time="0"/>
  <testcase name="testWriteHive2ReadHive2(String)[2483]" classname="org.apache.hadoop.hive.ql.io.parquet.serde.TestParquetTimestampsHive2Compatibility" time="0"/>
  <testcase name="testWriteHive2ReadHive2(String)[2484]" classname="org.apache.hadoop.hive.ql.io.parquet.serde.TestParquetTimestampsHive2Compatibility" time="0"/>
  <testcase name="testWriteHive2ReadHive2(String)[2485]" classname="org.apache.hadoop.hive.ql.io.parquet.serde.TestParquetTimestampsHive2Compatibility" time="0"/>
  <testcase name="testWriteHive2ReadHive2(String)[2486]" classname="org.apache.hadoop.hive.ql.io.parquet.serde.TestParquetTimestampsHive2Compatibility" time="0"/>
  <testcase name="testWriteHive2ReadHive2(String)[2487]" classname="org.apache.hadoop.hive.ql.io.parquet.serde.TestParquetTimestampsHive2Compatibility" time="0"/>
  <testcase name="testWriteHive2ReadHive2(String)[2488]" classname="org.apache.hadoop.hive.ql.io.parquet.serde.TestParquetTimestampsHive2Compatibility" time="0"/>
  <testcase name="testWriteHive2ReadHive2(String)[2489]" classname="org.apache.hadoop.hive.ql.io.parquet.serde.TestParquetTimestampsHive2Compatibility" time="0"/>
  <testcase name="testWriteHive2ReadHive2(String)[2490]" classname="org.apache.hadoop.hive.ql.io.parquet.serde.TestParquetTimestampsHive2Compatibility" time="0"/>
  <testcase name="testWriteHive2ReadHive2(String)[2491]" classname="org.apache.hadoop.hive.ql.io.parquet.serde.TestParquetTimestampsHive2Compatibility" time="0"/>
  <testcase name="testWriteHive2ReadHive2(String)[2492]" classname="org.apache.hadoop.hive.ql.io.parquet.serde.TestParquetTimestampsHive2Compatibility" time="0"/>
  <testcase name="testWriteHive2ReadHive2(String)[2493]" classname="org.apache.hadoop.hive.ql.io.parquet.serde.TestParquetTimestampsHive2Compatibility" time="0"/>
  <testcase name="testWriteHive2ReadHive2(String)[2494]" classname="org.apache.hadoop.hive.ql.io.parquet.serde.TestParquetTimestampsHive2Compatibility" time="0"/>
  <testcase name="testWriteHive2ReadHive2(String)[2495]" classname="org.apache.hadoop.hive.ql.io.parquet.serde.TestParquetTimestampsHive2Compatibility" time="0.001"/>
  <testcase name="testWriteHive2ReadHive2(String)[2496]" classname="org.apache.hadoop.hive.ql.io.parquet.serde.TestParquetTimestampsHive2Compatibility" time="0"/>
  <testcase name="testWriteHive2ReadHive2(String)[2497]" classname="org.apache.hadoop.hive.ql.io.parquet.serde.TestParquetTimestampsHive2Compatibility" time="0"/>
  <testcase name="testWriteHive2ReadHive2(String)[2498]" classname="org.apache.hadoop.hive.ql.io.parquet.serde.TestParquetTimestampsHive2Compatibility" time="0"/>
  <testcase name="testWriteHive2ReadHive2(String)[2499]" classname="org.apache.hadoop.hive.ql.io.parquet.serde.TestParquetTimestampsHive2Compatibility" time="0"/>
  <testcase name="testWriteHive2ReadHive2(String)[2500]" classname="org.apache.hadoop.hive.ql.io.parquet.serde.TestParquetTimestampsHive2Compatibility" time="0"/>
  <testcase name="testWriteHive2ReadHive2(String)[2501]" classname="org.apache.hadoop.hive.ql.io.parquet.serde.TestParquetTimestampsHive2Compatibility" time="0.001"/>
  <testcase name="testWriteHive2ReadHive2(String)[2502]" classname="org.apache.hadoop.hive.ql.io.parquet.serde.TestParquetTimestampsHive2Compatibility" time="0"/>
  <testcase name="testWriteHive2ReadHive2(String)[2503]" classname="org.apache.hadoop.hive.ql.io.parquet.serde.TestParquetTimestampsHive2Compatibility" time="0"/>
  <testcase name="testWriteHive2ReadHive2(String)[2504]" classname="org.apache.hadoop.hive.ql.io.parquet.serde.TestParquetTimestampsHive2Compatibility" time="0"/>
  <testcase name="testWriteHive2ReadHive2(String)[2505]" classname="org.apache.hadoop.hive.ql.io.parquet.serde.TestParquetTimestampsHive2Compatibility" time="0"/>
  <testcase name="testWriteHive2ReadHive2(String)[2506]" classname="org.apache.hadoop.hive.ql.io.parquet.serde.TestParquetTimestampsHive2Compatibility" time="0"/>
  <testcase name="testWriteHive2ReadHive2(String)[2507]" classname="org.apache.hadoop.hive.ql.io.parquet.serde.TestParquetTimestampsHive2Compatibility" time="0"/>
  <testcase name="testWriteHive2ReadHive2(String)[2508]" classname="org.apache.hadoop.hive.ql.io.parquet.serde.TestParquetTimestampsHive2Compatibility" time="0"/>
  <testcase name="testWriteHive2ReadHive2(String)[2509]" classname="org.apache.hadoop.hive.ql.io.parquet.serde.TestParquetTimestampsHive2Compatibility" time="0"/>
  <testcase name="testWriteHive2ReadHive2(String)[2510]" classname="org.apache.hadoop.hive.ql.io.parquet.serde.TestParquetTimestampsHive2Compatibility" time="0"/>
  <testcase name="testWriteHive2ReadHive2(String)[2511]" classname="org.apache.hadoop.hive.ql.io.parquet.serde.TestParquetTimestampsHive2Compatibility" time="0"/>
  <testcase name="testWriteHive2ReadHive2(String)[2512]" classname="org.apache.hadoop.hive.ql.io.parquet.serde.TestParquetTimestampsHive2Compatibility" time="0.001"/>
  <testcase name="testWriteHive2ReadHive2(String)[2513]" classname="org.apache.hadoop.hive.ql.io.parquet.serde.TestParquetTimestampsHive2Compatibility" time="0"/>
  <testcase name="testWriteHive2ReadHive2(String)[2514]" classname="org.apache.hadoop.hive.ql.io.parquet.serde.TestParquetTimestampsHive2Compatibility" time="0"/>
  <testcase name="testWriteHive2ReadHive2(String)[2515]" classname="org.apache.hadoop.hive.ql.io.parquet.serde.TestParquetTimestampsHive2Compatibility" time="0"/>
  <testcase name="testWriteHive2ReadHive2(String)[2516]" classname="org.apache.hadoop.hive.ql.io.parquet.serde.TestParquetTimestampsHive2Compatibility" time="0"/>
  <testcase name="testWriteHive2ReadHive2(String)[2517]" classname="org.apache.hadoop.hive.ql.io.parquet.serde.TestParquetTimestampsHive2Compatibility" time="0"/>
  <testcase name="testWriteHive2ReadHive2(String)[2518]" classname="org.apache.hadoop.hive.ql.io.parquet.serde.TestParquetTimestampsHive2Compatibility" time="0.001"/>
  <testcase name="testWriteHive2ReadHive2(String)[2519]" classname="org.apache.hadoop.hive.ql.io.parquet.serde.TestParquetTimestampsHive2Compatibility" time="0"/>
  <testcase name="testWriteHive2ReadHive2(String)[2520]" classname="org.apache.hadoop.hive.ql.io.parquet.serde.TestParquetTimestampsHive2Compatibility" time="0"/>
  <testcase name="testWriteHive2ReadHive2(String)[2521]" classname="org.apache.hadoop.hive.ql.io.parquet.serde.TestParquetTimestampsHive2Compatibility" time="0"/>
  <testcase name="testWriteHive2ReadHive2(String)[2522]" classname="org.apache.hadoop.hive.ql.io.parquet.serde.TestParquetTimestampsHive2Compatibility" time="0"/>
  <testcase name="testWriteHive2ReadHive2(String)[2523]" classname="org.apache.hadoop.hive.ql.io.parquet.serde.TestParquetTimestampsHive2Compatibility" time="0"/>
  <testcase name="testWriteHive2ReadHive2(String)[2524]" classname="org.apache.hadoop.hive.ql.io.parquet.serde.TestParquetTimestampsHive2Compatibility" time="0"/>
  <testcase name="testWriteHive2ReadHive2(String)[2525]" classname="org.apache.hadoop.hive.ql.io.parquet.serde.TestParquetTimestampsHive2Compatibility" time="0"/>
  <testcase name="testWriteHive2ReadHive2(String)[2526]" classname="org.apache.hadoop.hive.ql.io.parquet.serde.TestParquetTimestampsHive2Compatibility" time="0"/>
  <testcase name="testWriteHive2ReadHive2(String)[2527]" classname="org.apache.hadoop.hive.ql.io.parquet.serde.TestParquetTimestampsHive2Compatibility" time="0"/>
  <testcase name="testWriteHive2ReadHive2(String)[2528]" classname="org.apache.hadoop.hive.ql.io.parquet.serde.TestParquetTimestampsHive2Compatibility" time="0"/>
  <testcase name="testWriteHive2ReadHive2(String)[2529]" classname="org.apache.hadoop.hive.ql.io.parquet.serde.TestParquetTimestampsHive2Compatibility" time="0.001"/>
  <testcase name="testWriteHive2ReadHive2(String)[2530]" classname="org.apache.hadoop.hive.ql.io.parquet.serde.TestParquetTimestampsHive2Compatibility" time="0"/>
  <testcase name="testWriteHive2ReadHive2(String)[2531]" classname="org.apache.hadoop.hive.ql.io.parquet.serde.TestParquetTimestampsHive2Compatibility" time="0"/>
  <testcase name="testWriteHive2ReadHive2(String)[2532]" classname="org.apache.hadoop.hive.ql.io.parquet.serde.TestParquetTimestampsHive2Compatibility" time="0"/>
  <testcase name="testWriteHive2ReadHive2(String)[2533]" classname="org.apache.hadoop.hive.ql.io.parquet.serde.TestParquetTimestampsHive2Compatibility" time="0"/>
  <testcase name="testWriteHive2ReadHive2(String)[2534]" classname="org.apache.hadoop.hive.ql.io.parquet.serde.TestParquetTimestampsHive2Compatibility" time="0"/>
  <testcase name="testWriteHive2ReadHive2(String)[2535]" classname="org.apache.hadoop.hive.ql.io.parquet.serde.TestParquetTimestampsHive2Compatibility" time="0"/>
  <testcase name="testWriteHive2ReadHive2(String)[2536]" classname="org.apache.hadoop.hive.ql.io.parquet.serde.TestParquetTimestampsHive2Compatibility" time="0"/>
  <testcase name="testWriteHive2ReadHive2(String)[2537]" classname="org.apache.hadoop.hive.ql.io.parquet.serde.TestParquetTimestampsHive2Compatibility" time="0"/>
  <testcase name="testWriteHive2ReadHive2(String)[2538]" classname="org.apache.hadoop.hive.ql.io.parquet.serde.TestParquetTimestampsHive2Compatibility" time="0"/>
  <testcase name="testWriteHive2ReadHive2(String)[2539]" classname="org.apache.hadoop.hive.ql.io.parquet.serde.TestParquetTimestampsHive2Compatibility" time="0"/>
  <testcase name="testWriteHive2ReadHive2(String)[2540]" classname="org.apache.hadoop.hive.ql.io.parquet.serde.TestParquetTimestampsHive2Compatibility" time="0"/>
  <testcase name="testWriteHive2ReadHive2(String)[2541]" classname="org.apache.hadoop.hive.ql.io.parquet.serde.TestParquetTimestampsHive2Compatibility" time="0"/>
  <testcase name="testWriteHive2ReadHive2(String)[2542]" classname="org.apache.hadoop.hive.ql.io.parquet.serde.TestParquetTimestampsHive2Compatibility" time="0"/>
  <testcase name="testWriteHive2ReadHive2(String)[2543]" classname="org.apache.hadoop.hive.ql.io.parquet.serde.TestParquetTimestampsHive2Compatibility" time="0"/>
  <testcase name="testWriteHive2ReadHive2(String)[2544]" classname="org.apache.hadoop.hive.ql.io.parquet.serde.TestParquetTimestampsHive2Compatibility" time="0"/>
  <testcase name="testWriteHive2ReadHive2(String)[2545]" classname="org.apache.hadoop.hive.ql.io.parquet.serde.TestParquetTimestampsHive2Compatibility" time="0"/>
  <testcase name="testWriteHive2ReadHive2(String)[2546]" classname="org.apache.hadoop.hive.ql.io.parquet.serde.TestParquetTimestampsHive2Compatibility" time="0"/>
  <testcase name="testWriteHive2ReadHive2(String)[2547]" classname="org.apache.hadoop.hive.ql.io.parquet.serde.TestParquetTimestampsHive2Compatibility" time="0"/>
  <testcase name="testWriteHive2ReadHive2(String)[2548]" classname="org.apache.hadoop.hive.ql.io.parquet.serde.TestParquetTimestampsHive2Compatibility" time="0"/>
  <testcase name="testWriteHive2ReadHive2(String)[2549]" classname="org.apache.hadoop.hive.ql.io.parquet.serde.TestParquetTimestampsHive2Compatibility" time="0"/>
  <testcase name="testWriteHive2ReadHive2(String)[2550]" classname="org.apache.hadoop.hive.ql.io.parquet.serde.TestParquetTimestampsHive2Compatibility" time="0"/>
  <testcase name="testWriteHive2ReadHive2(String)[2551]" classname="org.apache.hadoop.hive.ql.io.parquet.serde.TestParquetTimestampsHive2Compatibility" time="0"/>
  <testcase name="testWriteHive2ReadHive2(String)[2552]" classname="org.apache.hadoop.hive.ql.io.parquet.serde.TestParquetTimestampsHive2Compatibility" time="0.001"/>
  <testcase name="testWriteHive2ReadHive2(String)[2553]" classname="org.apache.hadoop.hive.ql.io.parquet.serde.TestParquetTimestampsHive2Compatibility" time="0"/>
  <testcase name="testWriteHive2ReadHive2(String)[2554]" classname="org.apache.hadoop.hive.ql.io.parquet.serde.TestParquetTimestampsHive2Compatibility" time="0"/>
  <testcase name="testWriteHive2ReadHive2(String)[2555]" classname="org.apache.hadoop.hive.ql.io.parquet.serde.TestParquetTimestampsHive2Compatibility" time="0"/>
  <testcase name="testWriteHive2ReadHive2(String)[2556]" classname="org.apache.hadoop.hive.ql.io.parquet.serde.TestParquetTimestampsHive2Compatibility" time="0"/>
  <testcase name="testWriteHive2ReadHive2(String)[2557]" classname="org.apache.hadoop.hive.ql.io.parquet.serde.TestParquetTimestampsHive2Compatibility" time="0"/>
  <testcase name="testWriteHive2ReadHive2(String)[2558]" classname="org.apache.hadoop.hive.ql.io.parquet.serde.TestParquetTimestampsHive2Compatibility" time="0"/>
  <testcase name="testWriteHive2ReadHive2(String)[2559]" classname="org.apache.hadoop.hive.ql.io.parquet.serde.TestParquetTimestampsHive2Compatibility" time="0"/>
  <testcase name="testWriteHive2ReadHive2(String)[2560]" classname="org.apache.hadoop.hive.ql.io.parquet.serde.TestParquetTimestampsHive2Compatibility" time="0"/>
  <testcase name="testWriteHive2ReadHive2(String)[2561]" classname="org.apache.hadoop.hive.ql.io.parquet.serde.TestParquetTimestampsHive2Compatibility" time="0"/>
  <testcase name="testWriteHive2ReadHive2(String)[2562]" classname="org.apache.hadoop.hive.ql.io.parquet.serde.TestParquetTimestampsHive2Compatibility" time="0"/>
  <testcase name="testWriteHive2ReadHive2(String)[2563]" classname="org.apache.hadoop.hive.ql.io.parquet.serde.TestParquetTimestampsHive2Compatibility" time="0.001"/>
  <testcase name="testWriteHive2ReadHive2(String)[2564]" classname="org.apache.hadoop.hive.ql.io.parquet.serde.TestParquetTimestampsHive2Compatibility" time="0"/>
  <testcase name="testWriteHive2ReadHive2(String)[2565]" classname="org.apache.hadoop.hive.ql.io.parquet.serde.TestParquetTimestampsHive2Compatibility" time="0"/>
  <testcase name="testWriteHive2ReadHive2(String)[2566]" classname="org.apache.hadoop.hive.ql.io.parquet.serde.TestParquetTimestampsHive2Compatibility" time="0"/>
  <testcase name="testWriteHive2ReadHive2(String)[2567]" classname="org.apache.hadoop.hive.ql.io.parquet.serde.TestParquetTimestampsHive2Compatibility" time="0"/>
  <testcase name="testWriteHive2ReadHive2(String)[2568]" classname="org.apache.hadoop.hive.ql.io.parquet.serde.TestParquetTimestampsHive2Compatibility" time="0"/>
  <testcase name="testWriteHive2ReadHive2(String)[2569]" classname="org.apache.hadoop.hive.ql.io.parquet.serde.TestParquetTimestampsHive2Compatibility" time="0"/>
  <testcase name="testWriteHive2ReadHive2(String)[2570]" classname="org.apache.hadoop.hive.ql.io.parquet.serde.TestParquetTimestampsHive2Compatibility" time="0"/>
  <testcase name="testWriteHive2ReadHive2(String)[2571]" classname="org.apache.hadoop.hive.ql.io.parquet.serde.TestParquetTimestampsHive2Compatibility" time="0"/>
  <testcase name="testWriteHive2ReadHive2(String)[2572]" classname="org.apache.hadoop.hive.ql.io.parquet.serde.TestParquetTimestampsHive2Compatibility" time="0"/>
  <testcase name="testWriteHive2ReadHive2(String)[2573]" classname="org.apache.hadoop.hive.ql.io.parquet.serde.TestParquetTimestampsHive2Compatibility" time="0"/>
  <testcase name="testWriteHive2ReadHive2(String)[2574]" classname="org.apache.hadoop.hive.ql.io.parquet.serde.TestParquetTimestampsHive2Compatibility" time="0"/>
  <testcase name="testWriteHive2ReadHive2(String)[2575]" classname="org.apache.hadoop.hive.ql.io.parquet.serde.TestParquetTimestampsHive2Compatibility" time="0"/>
  <testcase name="testWriteHive2ReadHive2(String)[2576]" classname="org.apache.hadoop.hive.ql.io.parquet.serde.TestParquetTimestampsHive2Compatibility" time="0"/>
  <testcase name="testWriteHive2ReadHive2(String)[2577]" classname="org.apache.hadoop.hive.ql.io.parquet.serde.TestParquetTimestampsHive2Compatibility" time="0"/>
  <testcase name="testWriteHive2ReadHive2(String)[2578]" classname="org.apache.hadoop.hive.ql.io.parquet.serde.TestParquetTimestampsHive2Compatibility" time="0"/>
  <testcase name="testWriteHive2ReadHive2(String)[2579]" classname="org.apache.hadoop.hive.ql.io.parquet.serde.TestParquetTimestampsHive2Compatibility" time="0.001"/>
  <testcase name="testWriteHive2ReadHive2(String)[2580]" classname="org.apache.hadoop.hive.ql.io.parquet.serde.TestParquetTimestampsHive2Compatibility" time="0"/>
  <testcase name="testWriteHive2ReadHive2(String)[2581]" classname="org.apache.hadoop.hive.ql.io.parquet.serde.TestParquetTimestampsHive2Compatibility" time="0"/>
  <testcase name="testWriteHive2ReadHive2(String)[2582]" classname="org.apache.hadoop.hive.ql.io.parquet.serde.TestParquetTimestampsHive2Compatibility" time="0"/>
  <testcase name="testWriteHive2ReadHive2(String)[2583]" classname="org.apache.hadoop.hive.ql.io.parquet.serde.TestParquetTimestampsHive2Compatibility" time="0"/>
  <testcase name="testWriteHive2ReadHive2(String)[2584]" classname="org.apache.hadoop.hive.ql.io.parquet.serde.TestParquetTimestampsHive2Compatibility" time="0"/>
  <testcase name="testWriteHive2ReadHive2(String)[2585]" classname="org.apache.hadoop.hive.ql.io.parquet.serde.TestParquetTimestampsHive2Compatibility" time="0.001"/>
  <testcase name="testWriteHive2ReadHive2(String)[2586]" classname="org.apache.hadoop.hive.ql.io.parquet.serde.TestParquetTimestampsHive2Compatibility" time="0"/>
  <testcase name="testWriteHive2ReadHive2(String)[2587]" classname="org.apache.hadoop.hive.ql.io.parquet.serde.TestParquetTimestampsHive2Compatibility" time="0"/>
  <testcase name="testWriteHive2ReadHive2(String)[2588]" classname="org.apache.hadoop.hive.ql.io.parquet.serde.TestParquetTimestampsHive2Compatibility" time="0"/>
  <testcase name="testWriteHive2ReadHive2(String)[2589]" classname="org.apache.hadoop.hive.ql.io.parquet.serde.TestParquetTimestampsHive2Compatibility" time="0"/>
  <testcase name="testWriteHive2ReadHive2(String)[2590]" classname="org.apache.hadoop.hive.ql.io.parquet.serde.TestParquetTimestampsHive2Compatibility" time="0"/>
  <testcase name="testWriteHive2ReadHive2(String)[2591]" classname="org.apache.hadoop.hive.ql.io.parquet.serde.TestParquetTimestampsHive2Compatibility" time="0"/>
  <testcase name="testWriteHive2ReadHive2(String)[2592]" classname="org.apache.hadoop.hive.ql.io.parquet.serde.TestParquetTimestampsHive2Compatibility" time="0.001"/>
  <testcase name="testWriteHive2ReadHive2(String)[2593]" classname="org.apache.hadoop.hive.ql.io.parquet.serde.TestParquetTimestampsHive2Compatibility" time="0"/>
  <testcase name="testWriteHive2ReadHive2(String)[2594]" classname="org.apache.hadoop.hive.ql.io.parquet.serde.TestParquetTimestampsHive2Compatibility" time="0"/>
  <testcase name="testWriteHive2ReadHive2(String)[2595]" classname="org.apache.hadoop.hive.ql.io.parquet.serde.TestParquetTimestampsHive2Compatibility" time="0"/>
  <testcase name="testWriteHive2ReadHive2(String)[2596]" classname="org.apache.hadoop.hive.ql.io.parquet.serde.TestParquetTimestampsHive2Compatibility" time="0"/>
  <testcase name="testWriteHive2ReadHive2(String)[2597]" classname="org.apache.hadoop.hive.ql.io.parquet.serde.TestParquetTimestampsHive2Compatibility" time="0"/>
  <testcase name="testWriteHive2ReadHive2(String)[2598]" classname="org.apache.hadoop.hive.ql.io.parquet.serde.TestParquetTimestampsHive2Compatibility" time="0"/>
  <testcase name="testWriteHive2ReadHive2(String)[2599]" classname="org.apache.hadoop.hive.ql.io.parquet.serde.TestParquetTimestampsHive2Compatibility" time="0"/>
  <testcase name="testWriteHive2ReadHive2(String)[2600]" classname="org.apache.hadoop.hive.ql.io.parquet.serde.TestParquetTimestampsHive2Compatibility" time="0"/>
  <testcase name="testWriteHive2ReadHive2(String)[2601]" classname="org.apache.hadoop.hive.ql.io.parquet.serde.TestParquetTimestampsHive2Compatibility" time="0"/>
  <testcase name="testWriteHive2ReadHive2(String)[2602]" classname="org.apache.hadoop.hive.ql.io.parquet.serde.TestParquetTimestampsHive2Compatibility" time="0"/>
  <testcase name="testWriteHive2ReadHive2(String)[2603]" classname="org.apache.hadoop.hive.ql.io.parquet.serde.TestParquetTimestampsHive2Compatibility" time="0"/>
  <testcase name="testWriteHive2ReadHive2(String)[2604]" classname="org.apache.hadoop.hive.ql.io.parquet.serde.TestParquetTimestampsHive2Compatibility" time="0"/>
  <testcase name="testWriteHive2ReadHive2(String)[2605]" classname="org.apache.hadoop.hive.ql.io.parquet.serde.TestParquetTimestampsHive2Compatibility" time="0"/>
  <testcase name="testWriteHive2ReadHive2(String)[2606]" classname="org.apache.hadoop.hive.ql.io.parquet.serde.TestParquetTimestampsHive2Compatibility" time="0"/>
  <testcase name="testWriteHive2ReadHive2(String)[2607]" classname="org.apache.hadoop.hive.ql.io.parquet.serde.TestParquetTimestampsHive2Compatibility" time="0"/>
  <testcase name="testWriteHive2ReadHive2(String)[2608]" classname="org.apache.hadoop.hive.ql.io.parquet.serde.TestParquetTimestampsHive2Compatibility" time="0"/>
  <testcase name="testWriteHive2ReadHive2(String)[2609]" classname="org.apache.hadoop.hive.ql.io.parquet.serde.TestParquetTimestampsHive2Compatibility" time="0"/>
  <testcase name="testWriteHive2ReadHive2(String)[2610]" classname="org.apache.hadoop.hive.ql.io.parquet.serde.TestParquetTimestampsHive2Compatibility" time="0"/>
  <testcase name="testWriteHive2ReadHive2(String)[2611]" classname="org.apache.hadoop.hive.ql.io.parquet.serde.TestParquetTimestampsHive2Compatibility" time="0"/>
  <testcase name="testWriteHive2ReadHive2(String)[2612]" classname="org.apache.hadoop.hive.ql.io.parquet.serde.TestParquetTimestampsHive2Compatibility" time="0.001"/>
  <testcase name="testWriteHive2ReadHive2(String)[2613]" classname="org.apache.hadoop.hive.ql.io.parquet.serde.TestParquetTimestampsHive2Compatibility" time="0"/>
  <testcase name="testWriteHive2ReadHive2(String)[2614]" classname="org.apache.hadoop.hive.ql.io.parquet.serde.TestParquetTimestampsHive2Compatibility" time="0"/>
  <testcase name="testWriteHive2ReadHive2(String)[2615]" classname="org.apache.hadoop.hive.ql.io.parquet.serde.TestParquetTimestampsHive2Compatibility" time="0"/>
  <testcase name="testWriteHive2ReadHive2(String)[2616]" classname="org.apache.hadoop.hive.ql.io.parquet.serde.TestParquetTimestampsHive2Compatibility" time="0"/>
  <testcase name="testWriteHive2ReadHive2(String)[2617]" classname="org.apache.hadoop.hive.ql.io.parquet.serde.TestParquetTimestampsHive2Compatibility" time="0"/>
  <testcase name="testWriteHive2ReadHive2(String)[2618]" classname="org.apache.hadoop.hive.ql.io.parquet.serde.TestParquetTimestampsHive2Compatibility" time="0"/>
  <testcase name="testWriteHive2ReadHive2(String)[2619]" classname="org.apache.hadoop.hive.ql.io.parquet.serde.TestParquetTimestampsHive2Compatibility" time="0"/>
  <testcase name="testWriteHive2ReadHive2(String)[2620]" classname="org.apache.hadoop.hive.ql.io.parquet.serde.TestParquetTimestampsHive2Compatibility" time="0"/>
  <testcase name="testWriteHive2ReadHive2(String)[2621]" classname="org.apache.hadoop.hive.ql.io.parquet.serde.TestParquetTimestampsHive2Compatibility" time="0"/>
  <testcase name="testWriteHive2ReadHive2(String)[2622]" classname="org.apache.hadoop.hive.ql.io.parquet.serde.TestParquetTimestampsHive2Compatibility" time="0.001"/>
  <testcase name="testWriteHive2ReadHive2(String)[2623]" classname="org.apache.hadoop.hive.ql.io.parquet.serde.TestParquetTimestampsHive2Compatibility" time="0"/>
  <testcase name="testWriteHive2ReadHive2(String)[2624]" classname="org.apache.hadoop.hive.ql.io.parquet.serde.TestParquetTimestampsHive2Compatibility" time="0"/>
  <testcase name="testWriteHive2ReadHive2(String)[2625]" classname="org.apache.hadoop.hive.ql.io.parquet.serde.TestParquetTimestampsHive2Compatibility" time="0"/>
  <testcase name="testWriteHive2ReadHive2(String)[2626]" classname="org.apache.hadoop.hive.ql.io.parquet.serde.TestParquetTimestampsHive2Compatibility" time="0"/>
  <testcase name="testWriteHive2ReadHive2(String)[2627]" classname="org.apache.hadoop.hive.ql.io.parquet.serde.TestParquetTimestampsHive2Compatibility" time="0"/>
  <testcase name="testWriteHive2ReadHive2(String)[2628]" classname="org.apache.hadoop.hive.ql.io.parquet.serde.TestParquetTimestampsHive2Compatibility" time="0"/>
  <testcase name="testWriteHive2ReadHive2(String)[2629]" classname="org.apache.hadoop.hive.ql.io.parquet.serde.TestParquetTimestampsHive2Compatibility" time="0"/>
  <testcase name="testWriteHive2ReadHive2(String)[2630]" classname="org.apache.hadoop.hive.ql.io.parquet.serde.TestParquetTimestampsHive2Compatibility" time="0"/>
  <testcase name="testWriteHive2ReadHive2(String)[2631]" classname="org.apache.hadoop.hive.ql.io.parquet.serde.TestParquetTimestampsHive2Compatibility" time="0"/>
  <testcase name="testWriteHive2ReadHive2(String)[2632]" classname="org.apache.hadoop.hive.ql.io.parquet.serde.TestParquetTimestampsHive2Compatibility" time="0.001"/>
  <testcase name="testWriteHive2ReadHive2(String)[2633]" classname="org.apache.hadoop.hive.ql.io.parquet.serde.TestParquetTimestampsHive2Compatibility" time="0"/>
  <testcase name="testWriteHive2ReadHive2(String)[2634]" classname="org.apache.hadoop.hive.ql.io.parquet.serde.TestParquetTimestampsHive2Compatibility" time="0"/>
  <testcase name="testWriteHive2ReadHive2(String)[2635]" classname="org.apache.hadoop.hive.ql.io.parquet.serde.TestParquetTimestampsHive2Compatibility" time="0"/>
  <testcase name="testWriteHive2ReadHive2(String)[2636]" classname="org.apache.hadoop.hive.ql.io.parquet.serde.TestParquetTimestampsHive2Compatibility" time="0"/>
  <testcase name="testWriteHive2ReadHive2(String)[2637]" classname="org.apache.hadoop.hive.ql.io.parquet.serde.TestParquetTimestampsHive2Compatibility" time="0"/>
  <testcase name="testWriteHive2ReadHive2(String)[2638]" classname="org.apache.hadoop.hive.ql.io.parquet.serde.TestParquetTimestampsHive2Compatibility" time="0"/>
  <testcase name="testWriteHive2ReadHive2(String)[2639]" classname="org.apache.hadoop.hive.ql.io.parquet.serde.TestParquetTimestampsHive2Compatibility" time="0"/>
  <testcase name="testWriteHive2ReadHive2(String)[2640]" classname="org.apache.hadoop.hive.ql.io.parquet.serde.TestParquetTimestampsHive2Compatibility" time="0"/>
  <testcase name="testWriteHive2ReadHive2(String)[2641]" classname="org.apache.hadoop.hive.ql.io.parquet.serde.TestParquetTimestampsHive2Compatibility" time="0"/>
  <testcase name="testWriteHive2ReadHive2(String)[2642]" classname="org.apache.hadoop.hive.ql.io.parquet.serde.TestParquetTimestampsHive2Compatibility" time="0"/>
  <testcase name="testWriteHive2ReadHive2(String)[2643]" classname="org.apache.hadoop.hive.ql.io.parquet.serde.TestParquetTimestampsHive2Compatibility" time="0.001"/>
  <testcase name="testWriteHive2ReadHive2(String)[2644]" classname="org.apache.hadoop.hive.ql.io.parquet.serde.TestParquetTimestampsHive2Compatibility" time="0"/>
  <testcase name="testWriteHive2ReadHive2(String)[2645]" classname="org.apache.hadoop.hive.ql.io.parquet.serde.TestParquetTimestampsHive2Compatibility" time="0"/>
  <testcase name="testWriteHive2ReadHive2(String)[2646]" classname="org.apache.hadoop.hive.ql.io.parquet.serde.TestParquetTimestampsHive2Compatibility" time="0"/>
  <testcase name="testWriteHive2ReadHive2(String)[2647]" classname="org.apache.hadoop.hive.ql.io.parquet.serde.TestParquetTimestampsHive2Compatibility" time="0"/>
  <testcase name="testWriteHive2ReadHive2(String)[2648]" classname="org.apache.hadoop.hive.ql.io.parquet.serde.TestParquetTimestampsHive2Compatibility" time="0"/>
  <testcase name="testWriteHive2ReadHive2(String)[2649]" classname="org.apache.hadoop.hive.ql.io.parquet.serde.TestParquetTimestampsHive2Compatibility" time="0"/>
  <testcase name="testWriteHive2ReadHive2(String)[2650]" classname="org.apache.hadoop.hive.ql.io.parquet.serde.TestParquetTimestampsHive2Compatibility" time="0"/>
  <testcase name="testWriteHive2ReadHive2(String)[2651]" classname="org.apache.hadoop.hive.ql.io.parquet.serde.TestParquetTimestampsHive2Compatibility" time="0"/>
  <testcase name="testWriteHive2ReadHive2(String)[2652]" classname="org.apache.hadoop.hive.ql.io.parquet.serde.TestParquetTimestampsHive2Compatibility" time="0"/>
  <testcase name="testWriteHive2ReadHive2(String)[2653]" classname="org.apache.hadoop.hive.ql.io.parquet.serde.TestParquetTimestampsHive2Compatibility" time="0"/>
  <testcase name="testWriteHive2ReadHive2(String)[2654]" classname="org.apache.hadoop.hive.ql.io.parquet.serde.TestParquetTimestampsHive2Compatibility" time="0"/>
  <testcase name="testWriteHive2ReadHive2(String)[2655]" classname="org.apache.hadoop.hive.ql.io.parquet.serde.TestParquetTimestampsHive2Compatibility" time="0"/>
  <testcase name="testWriteHive2ReadHive2(String)[2656]" classname="org.apache.hadoop.hive.ql.io.parquet.serde.TestParquetTimestampsHive2Compatibility" time="0"/>
  <testcase name="testWriteHive2ReadHive2(String)[2657]" classname="org.apache.hadoop.hive.ql.io.parquet.serde.TestParquetTimestampsHive2Compatibility" time="0"/>
  <testcase name="testWriteHive2ReadHive2(String)[2658]" classname="org.apache.hadoop.hive.ql.io.parquet.serde.TestParquetTimestampsHive2Compatibility" time="0"/>
  <testcase name="testWriteHive2ReadHive2(String)[2659]" classname="org.apache.hadoop.hive.ql.io.parquet.serde.TestParquetTimestampsHive2Compatibility" time="0"/>
  <testcase name="testWriteHive2ReadHive2(String)[2660]" classname="org.apache.hadoop.hive.ql.io.parquet.serde.TestParquetTimestampsHive2Compatibility" time="0"/>
  <testcase name="testWriteHive2ReadHive2(String)[2661]" classname="org.apache.hadoop.hive.ql.io.parquet.serde.TestParquetTimestampsHive2Compatibility" time="0"/>
  <testcase name="testWriteHive2ReadHive2(String)[2662]" classname="org.apache.hadoop.hive.ql.io.parquet.serde.TestParquetTimestampsHive2Compatibility" time="0"/>
  <testcase name="testWriteHive2ReadHive2(String)[2663]" classname="org.apache.hadoop.hive.ql.io.parquet.serde.TestParquetTimestampsHive2Compatibility" time="0"/>
  <testcase name="testWriteHive2ReadHive2(String)[2664]" classname="org.apache.hadoop.hive.ql.io.parquet.serde.TestParquetTimestampsHive2Compatibility" time="0"/>
  <testcase name="testWriteHive2ReadHive2(String)[2665]" classname="org.apache.hadoop.hive.ql.io.parquet.serde.TestParquetTimestampsHive2Compatibility" time="0"/>
  <testcase name="testWriteHive2ReadHive2(String)[2666]" classname="org.apache.hadoop.hive.ql.io.parquet.serde.TestParquetTimestampsHive2Compatibility" time="0"/>
  <testcase name="testWriteHive2ReadHive2(String)[2667]" classname="org.apache.hadoop.hive.ql.io.parquet.serde.TestParquetTimestampsHive2Compatibility" time="0"/>
  <testcase name="testWriteHive2ReadHive2(String)[2668]" classname="org.apache.hadoop.hive.ql.io.parquet.serde.TestParquetTimestampsHive2Compatibility" time="0"/>
  <testcase name="testWriteHive2ReadHive2(String)[2669]" classname="org.apache.hadoop.hive.ql.io.parquet.serde.TestParquetTimestampsHive2Compatibility" time="0.001"/>
  <testcase name="testWriteHive2ReadHive2(String)[2670]" classname="org.apache.hadoop.hive.ql.io.parquet.serde.TestParquetTimestampsHive2Compatibility" time="0"/>
  <testcase name="testWriteHive2ReadHive2(String)[2671]" classname="org.apache.hadoop.hive.ql.io.parquet.serde.TestParquetTimestampsHive2Compatibility" time="0"/>
  <testcase name="testWriteHive2ReadHive2(String)[2672]" classname="org.apache.hadoop.hive.ql.io.parquet.serde.TestParquetTimestampsHive2Compatibility" time="0"/>
  <testcase name="testWriteHive2ReadHive2(String)[2673]" classname="org.apache.hadoop.hive.ql.io.parquet.serde.TestParquetTimestampsHive2Compatibility" time="0"/>
  <testcase name="testWriteHive2ReadHive2(String)[2674]" classname="org.apache.hadoop.hive.ql.io.parquet.serde.TestParquetTimestampsHive2Compatibility" time="0"/>
  <testcase name="testWriteHive2ReadHive2(String)[2675]" classname="org.apache.hadoop.hive.ql.io.parquet.serde.TestParquetTimestampsHive2Compatibility" time="0"/>
  <testcase name="testWriteHive2ReadHive2(String)[2676]" classname="org.apache.hadoop.hive.ql.io.parquet.serde.TestParquetTimestampsHive2Compatibility" time="0"/>
  <testcase name="testWriteHive2ReadHive2(String)[2677]" classname="org.apache.hadoop.hive.ql.io.parquet.serde.TestParquetTimestampsHive2Compatibility" time="0"/>
  <testcase name="testWriteHive2ReadHive2(String)[2678]" classname="org.apache.hadoop.hive.ql.io.parquet.serde.TestParquetTimestampsHive2Compatibility" time="0"/>
  <testcase name="testWriteHive2ReadHive2(String)[2679]" classname="org.apache.hadoop.hive.ql.io.parquet.serde.TestParquetTimestampsHive2Compatibility" time="0"/>
  <testcase name="testWriteHive2ReadHive2(String)[2680]" classname="org.apache.hadoop.hive.ql.io.parquet.serde.TestParquetTimestampsHive2Compatibility" time="0"/>
  <testcase name="testWriteHive2ReadHive2(String)[2681]" classname="org.apache.hadoop.hive.ql.io.parquet.serde.TestParquetTimestampsHive2Compatibility" time="0"/>
  <testcase name="testWriteHive2ReadHive2(String)[2682]" classname="org.apache.hadoop.hive.ql.io.parquet.serde.TestParquetTimestampsHive2Compatibility" time="0"/>
  <testcase name="testWriteHive2ReadHive2(String)[2683]" classname="org.apache.hadoop.hive.ql.io.parquet.serde.TestParquetTimestampsHive2Compatibility" time="0"/>
  <testcase name="testWriteHive2ReadHive2(String)[2684]" classname="org.apache.hadoop.hive.ql.io.parquet.serde.TestParquetTimestampsHive2Compatibility" time="0"/>
  <testcase name="testWriteHive2ReadHive2(String)[2685]" classname="org.apache.hadoop.hive.ql.io.parquet.serde.TestParquetTimestampsHive2Compatibility" time="0.001"/>
  <testcase name="testWriteHive2ReadHive2(String)[2686]" classname="org.apache.hadoop.hive.ql.io.parquet.serde.TestParquetTimestampsHive2Compatibility" time="0"/>
  <testcase name="testWriteHive2ReadHive2(String)[2687]" classname="org.apache.hadoop.hive.ql.io.parquet.serde.TestParquetTimestampsHive2Compatibility" time="0"/>
  <testcase name="testWriteHive2ReadHive2(String)[2688]" classname="org.apache.hadoop.hive.ql.io.parquet.serde.TestParquetTimestampsHive2Compatibility" time="0"/>
  <testcase name="testWriteHive2ReadHive2(String)[2689]" classname="org.apache.hadoop.hive.ql.io.parquet.serde.TestParquetTimestampsHive2Compatibility" time="0"/>
  <testcase name="testWriteHive2ReadHive2(String)[2690]" classname="org.apache.hadoop.hive.ql.io.parquet.serde.TestParquetTimestampsHive2Compatibility" time="0"/>
  <testcase name="testWriteHive2ReadHive2(String)[2691]" classname="org.apache.hadoop.hive.ql.io.parquet.serde.TestParquetTimestampsHive2Compatibility" time="0"/>
  <testcase name="testWriteHive2ReadHive2(String)[2692]" classname="org.apache.hadoop.hive.ql.io.parquet.serde.TestParquetTimestampsHive2Compatibility" time="0"/>
  <testcase name="testWriteHive2ReadHive2(String)[2693]" classname="org.apache.hadoop.hive.ql.io.parquet.serde.TestParquetTimestampsHive2Compatibility" time="0"/>
  <testcase name="testWriteHive2ReadHive2(String)[2694]" classname="org.apache.hadoop.hive.ql.io.parquet.serde.TestParquetTimestampsHive2Compatibility" time="0"/>
  <testcase name="testWriteHive2ReadHive2(String)[2695]" classname="org.apache.hadoop.hive.ql.io.parquet.serde.TestParquetTimestampsHive2Compatibility" time="0"/>
  <testcase name="testWriteHive2ReadHive2(String)[2696]" classname="org.apache.hadoop.hive.ql.io.parquet.serde.TestParquetTimestampsHive2Compatibility" time="0"/>
  <testcase name="testWriteHive2ReadHive2(String)[2697]" classname="org.apache.hadoop.hive.ql.io.parquet.serde.TestParquetTimestampsHive2Compatibility" time="0"/>
  <testcase name="testWriteHive2ReadHive2(String)[2698]" classname="org.apache.hadoop.hive.ql.io.parquet.serde.TestParquetTimestampsHive2Compatibility" time="0"/>
  <testcase name="testWriteHive2ReadHive2(String)[2699]" classname="org.apache.hadoop.hive.ql.io.parquet.serde.TestParquetTimestampsHive2Compatibility" time="0"/>
  <testcase name="testWriteHive2ReadHive2(String)[2700]" classname="org.apache.hadoop.hive.ql.io.parquet.serde.TestParquetTimestampsHive2Compatibility" time="0"/>
  <testcase name="testWriteHive2ReadHive2(String)[2701]" classname="org.apache.hadoop.hive.ql.io.parquet.serde.TestParquetTimestampsHive2Compatibility" time="0"/>
  <testcase name="testWriteHive2ReadHive2(String)[2702]" classname="org.apache.hadoop.hive.ql.io.parquet.serde.TestParquetTimestampsHive2Compatibility" time="0"/>
  <testcase name="testWriteHive2ReadHive2(String)[2703]" classname="org.apache.hadoop.hive.ql.io.parquet.serde.TestParquetTimestampsHive2Compatibility" time="0"/>
  <testcase name="testWriteHive2ReadHive2(String)[2704]" classname="org.apache.hadoop.hive.ql.io.parquet.serde.TestParquetTimestampsHive2Compatibility" time="0"/>
  <testcase name="testWriteHive2ReadHive2(String)[2705]" classname="org.apache.hadoop.hive.ql.io.parquet.serde.TestParquetTimestampsHive2Compatibility" time="0"/>
  <testcase name="testWriteHive2ReadHive2(String)[2706]" classname="org.apache.hadoop.hive.ql.io.parquet.serde.TestParquetTimestampsHive2Compatibility" time="0"/>
  <testcase name="testWriteHive2ReadHive2(String)[2707]" classname="org.apache.hadoop.hive.ql.io.parquet.serde.TestParquetTimestampsHive2Compatibility" time="0"/>
  <testcase name="testWriteHive2ReadHive2(String)[2708]" classname="org.apache.hadoop.hive.ql.io.parquet.serde.TestParquetTimestampsHive2Compatibility" time="0"/>
  <testcase name="testWriteHive2ReadHive2(String)[2709]" classname="org.apache.hadoop.hive.ql.io.parquet.serde.TestParquetTimestampsHive2Compatibility" time="0"/>
  <testcase name="testWriteHive2ReadHive2(String)[2710]" classname="org.apache.hadoop.hive.ql.io.parquet.serde.TestParquetTimestampsHive2Compatibility" time="0"/>
  <testcase name="testWriteHive2ReadHive2(String)[2711]" classname="org.apache.hadoop.hive.ql.io.parquet.serde.TestParquetTimestampsHive2Compatibility" time="0"/>
  <testcase name="testWriteHive2ReadHive2(String)[2712]" classname="org.apache.hadoop.hive.ql.io.parquet.serde.TestParquetTimestampsHive2Compatibility" time="0"/>
  <testcase name="testWriteHive2ReadHive2(String)[2713]" classname="org.apache.hadoop.hive.ql.io.parquet.serde.TestParquetTimestampsHive2Compatibility" time="0"/>
  <testcase name="testWriteHive2ReadHive2(String)[2714]" classname="org.apache.hadoop.hive.ql.io.parquet.serde.TestParquetTimestampsHive2Compatibility" time="0"/>
  <testcase name="testWriteHive2ReadHive2(String)[2715]" classname="org.apache.hadoop.hive.ql.io.parquet.serde.TestParquetTimestampsHive2Compatibility" time="0"/>
  <testcase name="testWriteHive2ReadHive2(String)[2716]" classname="org.apache.hadoop.hive.ql.io.parquet.serde.TestParquetTimestampsHive2Compatibility" time="0"/>
  <testcase name="testWriteHive2ReadHive2(String)[2717]" classname="org.apache.hadoop.hive.ql.io.parquet.serde.TestParquetTimestampsHive2Compatibility" time="0"/>
  <testcase name="testWriteHive2ReadHive2(String)[2718]" classname="org.apache.hadoop.hive.ql.io.parquet.serde.TestParquetTimestampsHive2Compatibility" time="0.001"/>
  <testcase name="testWriteHive2ReadHive2(String)[2719]" classname="org.apache.hadoop.hive.ql.io.parquet.serde.TestParquetTimestampsHive2Compatibility" time="0"/>
  <testcase name="testWriteHive2ReadHive2(String)[2720]" classname="org.apache.hadoop.hive.ql.io.parquet.serde.TestParquetTimestampsHive2Compatibility" time="0"/>
  <testcase name="testWriteHive2ReadHive2(String)[2721]" classname="org.apache.hadoop.hive.ql.io.parquet.serde.TestParquetTimestampsHive2Compatibility" time="0"/>
  <testcase name="testWriteHive2ReadHive2(String)[2722]" classname="org.apache.hadoop.hive.ql.io.parquet.serde.TestParquetTimestampsHive2Compatibility" time="0"/>
  <testcase name="testWriteHive2ReadHive2(String)[2723]" classname="org.apache.hadoop.hive.ql.io.parquet.serde.TestParquetTimestampsHive2Compatibility" time="0"/>
  <testcase name="testWriteHive2ReadHive2(String)[2724]" classname="org.apache.hadoop.hive.ql.io.parquet.serde.TestParquetTimestampsHive2Compatibility" time="0.001"/>
  <testcase name="testWriteHive2ReadHive2(String)[2725]" classname="org.apache.hadoop.hive.ql.io.parquet.serde.TestParquetTimestampsHive2Compatibility" time="0"/>
  <testcase name="testWriteHive2ReadHive2(String)[2726]" classname="org.apache.hadoop.hive.ql.io.parquet.serde.TestParquetTimestampsHive2Compatibility" time="0"/>
  <testcase name="testWriteHive2ReadHive2(String)[2727]" classname="org.apache.hadoop.hive.ql.io.parquet.serde.TestParquetTimestampsHive2Compatibility" time="0"/>
  <testcase name="testWriteHive2ReadHive2(String)[2728]" classname="org.apache.hadoop.hive.ql.io.parquet.serde.TestParquetTimestampsHive2Compatibility" time="0"/>
  <testcase name="testWriteHive2ReadHive2(String)[2729]" classname="org.apache.hadoop.hive.ql.io.parquet.serde.TestParquetTimestampsHive2Compatibility" time="0"/>
  <testcase name="testWriteHive2ReadHive2(String)[2730]" classname="org.apache.hadoop.hive.ql.io.parquet.serde.TestParquetTimestampsHive2Compatibility" time="0.001"/>
  <testcase name="testWriteHive2ReadHive2(String)[2731]" classname="org.apache.hadoop.hive.ql.io.parquet.serde.TestParquetTimestampsHive2Compatibility" time="0"/>
  <testcase name="testWriteHive2ReadHive2(String)[2732]" classname="org.apache.hadoop.hive.ql.io.parquet.serde.TestParquetTimestampsHive2Compatibility" time="0"/>
  <testcase name="testWriteHive2ReadHive2(String)[2733]" classname="org.apache.hadoop.hive.ql.io.parquet.serde.TestParquetTimestampsHive2Compatibility" time="0"/>
  <testcase name="testWriteHive2ReadHive2(String)[2734]" classname="org.apache.hadoop.hive.ql.io.parquet.serde.TestParquetTimestampsHive2Compatibility" time="0"/>
  <testcase name="testWriteHive2ReadHive2(String)[2735]" classname="org.apache.hadoop.hive.ql.io.parquet.serde.TestParquetTimestampsHive2Compatibility" time="0"/>
  <testcase name="testWriteHive2ReadHive2(String)[2736]" classname="org.apache.hadoop.hive.ql.io.parquet.serde.TestParquetTimestampsHive2Compatibility" time="0"/>
  <testcase name="testWriteHive2ReadHive2(String)[2737]" classname="org.apache.hadoop.hive.ql.io.parquet.serde.TestParquetTimestampsHive2Compatibility" time="0"/>
  <testcase name="testWriteHive2ReadHive2(String)[2738]" classname="org.apache.hadoop.hive.ql.io.parquet.serde.TestParquetTimestampsHive2Compatibility" time="0"/>
  <testcase name="testWriteHive2ReadHive2(String)[2739]" classname="org.apache.hadoop.hive.ql.io.parquet.serde.TestParquetTimestampsHive2Compatibility" time="0"/>
  <testcase name="testWriteHive2ReadHive2(String)[2740]" classname="org.apache.hadoop.hive.ql.io.parquet.serde.TestParquetTimestampsHive2Compatibility" time="0"/>
  <testcase name="testWriteHive2ReadHive2(String)[2741]" classname="org.apache.hadoop.hive.ql.io.parquet.serde.TestParquetTimestampsHive2Compatibility" time="0.001"/>
  <testcase name="testWriteHive2ReadHive2(String)[2742]" classname="org.apache.hadoop.hive.ql.io.parquet.serde.TestParquetTimestampsHive2Compatibility" time="0"/>
  <testcase name="testWriteHive2ReadHive2(String)[2743]" classname="org.apache.hadoop.hive.ql.io.parquet.serde.TestParquetTimestampsHive2Compatibility" time="0"/>
  <testcase name="testWriteHive2ReadHive2(String)[2744]" classname="org.apache.hadoop.hive.ql.io.parquet.serde.TestParquetTimestampsHive2Compatibility" time="0"/>
  <testcase name="testWriteHive2ReadHive2(String)[2745]" classname="org.apache.hadoop.hive.ql.io.parquet.serde.TestParquetTimestampsHive2Compatibility" time="0"/>
  <testcase name="testWriteHive2ReadHive2(String)[2746]" classname="org.apache.hadoop.hive.ql.io.parquet.serde.TestParquetTimestampsHive2Compatibility" time="0"/>
  <testcase name="testWriteHive2ReadHive2(String)[2747]" classname="org.apache.hadoop.hive.ql.io.parquet.serde.TestParquetTimestampsHive2Compatibility" time="0"/>
  <testcase name="testWriteHive2ReadHive2(String)[2748]" classname="org.apache.hadoop.hive.ql.io.parquet.serde.TestParquetTimestampsHive2Compatibility" time="0"/>
  <testcase name="testWriteHive2ReadHive2(String)[2749]" classname="org.apache.hadoop.hive.ql.io.parquet.serde.TestParquetTimestampsHive2Compatibility" time="0"/>
  <testcase name="testWriteHive2ReadHive2(String)[2750]" classname="org.apache.hadoop.hive.ql.io.parquet.serde.TestParquetTimestampsHive2Compatibility" time="0"/>
  <testcase name="testWriteHive2ReadHive2(String)[2751]" classname="org.apache.hadoop.hive.ql.io.parquet.serde.TestParquetTimestampsHive2Compatibility" time="0"/>
  <testcase name="testWriteHive2ReadHive2(String)[2752]" classname="org.apache.hadoop.hive.ql.io.parquet.serde.TestParquetTimestampsHive2Compatibility" time="0"/>
  <testcase name="testWriteHive2ReadHive2(String)[2753]" classname="org.apache.hadoop.hive.ql.io.parquet.serde.TestParquetTimestampsHive2Compatibility" time="0"/>
  <testcase name="testWriteHive2ReadHive2(String)[2754]" classname="org.apache.hadoop.hive.ql.io.parquet.serde.TestParquetTimestampsHive2Compatibility" time="0"/>
  <testcase name="testWriteHive2ReadHive2(String)[2755]" classname="org.apache.hadoop.hive.ql.io.parquet.serde.TestParquetTimestampsHive2Compatibility" time="0"/>
  <testcase name="testWriteHive2ReadHive2(String)[2756]" classname="org.apache.hadoop.hive.ql.io.parquet.serde.TestParquetTimestampsHive2Compatibility" time="0.001"/>
  <testcase name="testWriteHive2ReadHive2(String)[2757]" classname="org.apache.hadoop.hive.ql.io.parquet.serde.TestParquetTimestampsHive2Compatibility" time="0"/>
  <testcase name="testWriteHive2ReadHive2(String)[2758]" classname="org.apache.hadoop.hive.ql.io.parquet.serde.TestParquetTimestampsHive2Compatibility" time="0"/>
  <testcase name="testWriteHive2ReadHive2(String)[2759]" classname="org.apache.hadoop.hive.ql.io.parquet.serde.TestParquetTimestampsHive2Compatibility" time="0"/>
  <testcase name="testWriteHive2ReadHive2(String)[2760]" classname="org.apache.hadoop.hive.ql.io.parquet.serde.TestParquetTimestampsHive2Compatibility" time="0"/>
  <testcase name="testWriteHive2ReadHive2(String)[2761]" classname="org.apache.hadoop.hive.ql.io.parquet.serde.TestParquetTimestampsHive2Compatibility" time="0"/>
  <testcase name="testWriteHive2ReadHive2(String)[2762]" classname="org.apache.hadoop.hive.ql.io.parquet.serde.TestParquetTimestampsHive2Compatibility" time="0.001"/>
  <testcase name="testWriteHive2ReadHive2(String)[2763]" classname="org.apache.hadoop.hive.ql.io.parquet.serde.TestParquetTimestampsHive2Compatibility" time="0"/>
  <testcase name="testWriteHive2ReadHive2(String)[2764]" classname="org.apache.hadoop.hive.ql.io.parquet.serde.TestParquetTimestampsHive2Compatibility" time="0"/>
  <testcase name="testWriteHive2ReadHive2(String)[2765]" classname="org.apache.hadoop.hive.ql.io.parquet.serde.TestParquetTimestampsHive2Compatibility" time="0"/>
  <testcase name="testWriteHive2ReadHive2(String)[2766]" classname="org.apache.hadoop.hive.ql.io.parquet.serde.TestParquetTimestampsHive2Compatibility" time="0"/>
  <testcase name="testWriteHive2ReadHive2(String)[2767]" classname="org.apache.hadoop.hive.ql.io.parquet.serde.TestParquetTimestampsHive2Compatibility" time="0"/>
  <testcase name="testWriteHive2ReadHive2(String)[2768]" classname="org.apache.hadoop.hive.ql.io.parquet.serde.TestParquetTimestampsHive2Compatibility" time="0"/>
  <testcase name="testWriteHive2ReadHive2(String)[2769]" classname="org.apache.hadoop.hive.ql.io.parquet.serde.TestParquetTimestampsHive2Compatibility" time="0"/>
  <testcase name="testWriteHive2ReadHive2(String)[2770]" classname="org.apache.hadoop.hive.ql.io.parquet.serde.TestParquetTimestampsHive2Compatibility" time="0.001"/>
  <testcase name="testWriteHive2ReadHive2(String)[2771]" classname="org.apache.hadoop.hive.ql.io.parquet.serde.TestParquetTimestampsHive2Compatibility" time="0"/>
  <testcase name="testWriteHive2ReadHive2(String)[2772]" classname="org.apache.hadoop.hive.ql.io.parquet.serde.TestParquetTimestampsHive2Compatibility" time="0"/>
  <testcase name="testWriteHive2ReadHive2(String)[2773]" classname="org.apache.hadoop.hive.ql.io.parquet.serde.TestParquetTimestampsHive2Compatibility" time="0.001"/>
  <testcase name="testWriteHive2ReadHive2(String)[2774]" classname="org.apache.hadoop.hive.ql.io.parquet.serde.TestParquetTimestampsHive2Compatibility" time="0"/>
  <testcase name="testWriteHive2ReadHive2(String)[2775]" classname="org.apache.hadoop.hive.ql.io.parquet.serde.TestParquetTimestampsHive2Compatibility" time="0"/>
  <testcase name="testWriteHive2ReadHive2(String)[2776]" classname="org.apache.hadoop.hive.ql.io.parquet.serde.TestParquetTimestampsHive2Compatibility" time="0"/>
  <testcase name="testWriteHive2ReadHive2(String)[2777]" classname="org.apache.hadoop.hive.ql.io.parquet.serde.TestParquetTimestampsHive2Compatibility" time="0"/>
  <testcase name="testWriteHive2ReadHive2(String)[2778]" classname="org.apache.hadoop.hive.ql.io.parquet.serde.TestParquetTimestampsHive2Compatibility" time="0"/>
  <testcase name="testWriteHive2ReadHive2(String)[2779]" classname="org.apache.hadoop.hive.ql.io.parquet.serde.TestParquetTimestampsHive2Compatibility" time="0"/>
  <testcase name="testWriteHive2ReadHive2(String)[2780]" classname="org.apache.hadoop.hive.ql.io.parquet.serde.TestParquetTimestampsHive2Compatibility" time="0"/>
  <testcase name="testWriteHive2ReadHive2(String)[2781]" classname="org.apache.hadoop.hive.ql.io.parquet.serde.TestParquetTimestampsHive2Compatibility" time="0"/>
  <testcase name="testWriteHive2ReadHive2(String)[2782]" classname="org.apache.hadoop.hive.ql.io.parquet.serde.TestParquetTimestampsHive2Compatibility" time="0"/>
  <testcase name="testWriteHive2ReadHive2(String)[2783]" classname="org.apache.hadoop.hive.ql.io.parquet.serde.TestParquetTimestampsHive2Compatibility" time="0"/>
  <testcase name="testWriteHive2ReadHive2(String)[2784]" classname="org.apache.hadoop.hive.ql.io.parquet.serde.TestParquetTimestampsHive2Compatibility" time="0.001"/>
  <testcase name="testWriteHive2ReadHive2(String)[2785]" classname="org.apache.hadoop.hive.ql.io.parquet.serde.TestParquetTimestampsHive2Compatibility" time="0"/>
  <testcase name="testWriteHive2ReadHive2(String)[2786]" classname="org.apache.hadoop.hive.ql.io.parquet.serde.TestParquetTimestampsHive2Compatibility" time="0"/>
  <testcase name="testWriteHive2ReadHive2(String)[2787]" classname="org.apache.hadoop.hive.ql.io.parquet.serde.TestParquetTimestampsHive2Compatibility" time="0"/>
  <testcase name="testWriteHive2ReadHive2(String)[2788]" classname="org.apache.hadoop.hive.ql.io.parquet.serde.TestParquetTimestampsHive2Compatibility" time="0"/>
  <testcase name="testWriteHive2ReadHive2(String)[2789]" classname="org.apache.hadoop.hive.ql.io.parquet.serde.TestParquetTimestampsHive2Compatibility" time="0"/>
  <testcase name="testWriteHive2ReadHive2(String)[2790]" classname="org.apache.hadoop.hive.ql.io.parquet.serde.TestParquetTimestampsHive2Compatibility" time="0.001"/>
  <testcase name="testWriteHive2ReadHive2(String)[2791]" classname="org.apache.hadoop.hive.ql.io.parquet.serde.TestParquetTimestampsHive2Compatibility" time="0"/>
  <testcase name="testWriteHive2ReadHive2(String)[2792]" classname="org.apache.hadoop.hive.ql.io.parquet.serde.TestParquetTimestampsHive2Compatibility" time="0"/>
  <testcase name="testWriteHive2ReadHive2(String)[2793]" classname="org.apache.hadoop.hive.ql.io.parquet.serde.TestParquetTimestampsHive2Compatibility" time="0"/>
  <testcase name="testWriteHive2ReadHive2(String)[2794]" classname="org.apache.hadoop.hive.ql.io.parquet.serde.TestParquetTimestampsHive2Compatibility" time="0"/>
  <testcase name="testWriteHive2ReadHive2(String)[2795]" classname="org.apache.hadoop.hive.ql.io.parquet.serde.TestParquetTimestampsHive2Compatibility" time="0"/>
  <testcase name="testWriteHive2ReadHive2(String)[2796]" classname="org.apache.hadoop.hive.ql.io.parquet.serde.TestParquetTimestampsHive2Compatibility" time="0.001"/>
  <testcase name="testWriteHive2ReadHive2(String)[2797]" classname="org.apache.hadoop.hive.ql.io.parquet.serde.TestParquetTimestampsHive2Compatibility" time="0"/>
  <testcase name="testWriteHive2ReadHive2(String)[2798]" classname="org.apache.hadoop.hive.ql.io.parquet.serde.TestParquetTimestampsHive2Compatibility" time="0"/>
  <testcase name="testWriteHive2ReadHive2(String)[2799]" classname="org.apache.hadoop.hive.ql.io.parquet.serde.TestParquetTimestampsHive2Compatibility" time="0"/>
  <testcase name="testWriteHive2ReadHive2(String)[2800]" classname="org.apache.hadoop.hive.ql.io.parquet.serde.TestParquetTimestampsHive2Compatibility" time="0"/>
  <testcase name="testWriteHive2ReadHive2(String)[2801]" classname="org.apache.hadoop.hive.ql.io.parquet.serde.TestParquetTimestampsHive2Compatibility" time="0"/>
  <testcase name="testWriteHive2ReadHive2(String)[2802]" classname="org.apache.hadoop.hive.ql.io.parquet.serde.TestParquetTimestampsHive2Compatibility" time="0.001"/>
  <testcase name="testWriteHive2ReadHive2(String)[2803]" classname="org.apache.hadoop.hive.ql.io.parquet.serde.TestParquetTimestampsHive2Compatibility" time="0"/>
  <testcase name="testWriteHive2ReadHive2(String)[2804]" classname="org.apache.hadoop.hive.ql.io.parquet.serde.TestParquetTimestampsHive2Compatibility" time="0"/>
  <testcase name="testWriteHive2ReadHive2(String)[2805]" classname="org.apache.hadoop.hive.ql.io.parquet.serde.TestParquetTimestampsHive2Compatibility" time="0"/>
  <testcase name="testWriteHive2ReadHive2(String)[2806]" classname="org.apache.hadoop.hive.ql.io.parquet.serde.TestParquetTimestampsHive2Compatibility" time="0"/>
  <testcase name="testWriteHive2ReadHive2(String)[2807]" classname="org.apache.hadoop.hive.ql.io.parquet.serde.TestParquetTimestampsHive2Compatibility" time="0"/>
  <testcase name="testWriteHive2ReadHive2(String)[2808]" classname="org.apache.hadoop.hive.ql.io.parquet.serde.TestParquetTimestampsHive2Compatibility" time="0"/>
  <testcase name="testWriteHive2ReadHive2(String)[2809]" classname="org.apache.hadoop.hive.ql.io.parquet.serde.TestParquetTimestampsHive2Compatibility" time="0"/>
  <testcase name="testWriteHive2ReadHive2(String)[2810]" classname="org.apache.hadoop.hive.ql.io.parquet.serde.TestParquetTimestampsHive2Compatibility" time="0"/>
  <testcase name="testWriteHive2ReadHive2(String)[2811]" classname="org.apache.hadoop.hive.ql.io.parquet.serde.TestParquetTimestampsHive2Compatibility" time="0"/>
  <testcase name="testWriteHive2ReadHive2(String)[2812]" classname="org.apache.hadoop.hive.ql.io.parquet.serde.TestParquetTimestampsHive2Compatibility" time="0"/>
  <testcase name="testWriteHive2ReadHive2(String)[2813]" classname="org.apache.hadoop.hive.ql.io.parquet.serde.TestParquetTimestampsHive2Compatibility" time="0"/>
  <testcase name="testWriteHive2ReadHive2(String)[2814]" classname="org.apache.hadoop.hive.ql.io.parquet.serde.TestParquetTimestampsHive2Compatibility" time="0"/>
  <testcase name="testWriteHive2ReadHive2(String)[2815]" classname="org.apache.hadoop.hive.ql.io.parquet.serde.TestParquetTimestampsHive2Compatibility" time="0"/>
  <testcase name="testWriteHive2ReadHive2(String)[2816]" classname="org.apache.hadoop.hive.ql.io.parquet.serde.TestParquetTimestampsHive2Compatibility" time="0"/>
  <testcase name="testWriteHive2ReadHive2(String)[2817]" classname="org.apache.hadoop.hive.ql.io.parquet.serde.TestParquetTimestampsHive2Compatibility" time="0"/>
  <testcase name="testWriteHive2ReadHive2(String)[2818]" classname="org.apache.hadoop.hive.ql.io.parquet.serde.TestParquetTimestampsHive2Compatibility" time="0"/>
  <testcase name="testWriteHive2ReadHive2(String)[2819]" classname="org.apache.hadoop.hive.ql.io.parquet.serde.TestParquetTimestampsHive2Compatibility" time="0"/>
  <testcase name="testWriteHive2ReadHive2(String)[2820]" classname="org.apache.hadoop.hive.ql.io.parquet.serde.TestParquetTimestampsHive2Compatibility" time="0"/>
  <testcase name="testWriteHive2ReadHive2(String)[2821]" classname="org.apache.hadoop.hive.ql.io.parquet.serde.TestParquetTimestampsHive2Compatibility" time="0"/>
  <testcase name="testWriteHive2ReadHive2(String)[2822]" classname="org.apache.hadoop.hive.ql.io.parquet.serde.TestParquetTimestampsHive2Compatibility" time="0"/>
  <testcase name="testWriteHive2ReadHive2(String)[2823]" classname="org.apache.hadoop.hive.ql.io.parquet.serde.TestParquetTimestampsHive2Compatibility" time="0"/>
  <testcase name="testWriteHive2ReadHive2(String)[2824]" classname="org.apache.hadoop.hive.ql.io.parquet.serde.TestParquetTimestampsHive2Compatibility" time="0"/>
  <testcase name="testWriteHive2ReadHive2(String)[2825]" classname="org.apache.hadoop.hive.ql.io.parquet.serde.TestParquetTimestampsHive2Compatibility" time="0"/>
  <testcase name="testWriteHive2ReadHive2(String)[2826]" classname="org.apache.hadoop.hive.ql.io.parquet.serde.TestParquetTimestampsHive2Compatibility" time="0"/>
  <testcase name="testWriteHive2ReadHive2(String)[2827]" classname="org.apache.hadoop.hive.ql.io.parquet.serde.TestParquetTimestampsHive2Compatibility" time="0"/>
  <testcase name="testWriteHive2ReadHive2(String)[2828]" classname="org.apache.hadoop.hive.ql.io.parquet.serde.TestParquetTimestampsHive2Compatibility" time="0"/>
  <testcase name="testWriteHive2ReadHive2(String)[2829]" classname="org.apache.hadoop.hive.ql.io.parquet.serde.TestParquetTimestampsHive2Compatibility" time="0"/>
  <testcase name="testWriteHive2ReadHive2(String)[2830]" classname="org.apache.hadoop.hive.ql.io.parquet.serde.TestParquetTimestampsHive2Compatibility" time="0"/>
  <testcase name="testWriteHive2ReadHive2(String)[2831]" classname="org.apache.hadoop.hive.ql.io.parquet.serde.TestParquetTimestampsHive2Compatibility" time="0"/>
  <testcase name="testWriteHive2ReadHive2(String)[2832]" classname="org.apache.hadoop.hive.ql.io.parquet.serde.TestParquetTimestampsHive2Compatibility" time="0"/>
  <testcase name="testWriteHive2ReadHive2(String)[2833]" classname="org.apache.hadoop.hive.ql.io.parquet.serde.TestParquetTimestampsHive2Compatibility" time="0"/>
  <testcase name="testWriteHive2ReadHive2(String)[2834]" classname="org.apache.hadoop.hive.ql.io.parquet.serde.TestParquetTimestampsHive2Compatibility" time="0"/>
  <testcase name="testWriteHive2ReadHive2(String)[2835]" classname="org.apache.hadoop.hive.ql.io.parquet.serde.TestParquetTimestampsHive2Compatibility" time="0"/>
  <testcase name="testWriteHive2ReadHive2(String)[2836]" classname="org.apache.hadoop.hive.ql.io.parquet.serde.TestParquetTimestampsHive2Compatibility" time="0"/>
  <testcase name="testWriteHive2ReadHive2(String)[2837]" classname="org.apache.hadoop.hive.ql.io.parquet.serde.TestParquetTimestampsHive2Compatibility" time="0"/>
  <testcase name="testWriteHive2ReadHive2(String)[2838]" classname="org.apache.hadoop.hive.ql.io.parquet.serde.TestParquetTimestampsHive2Compatibility" time="0"/>
  <testcase name="testWriteHive2ReadHive2(String)[2839]" classname="org.apache.hadoop.hive.ql.io.parquet.serde.TestParquetTimestampsHive2Compatibility" time="0"/>
  <testcase name="testWriteHive2ReadHive2(String)[2840]" classname="org.apache.hadoop.hive.ql.io.parquet.serde.TestParquetTimestampsHive2Compatibility" time="0"/>
  <testcase name="testWriteHive2ReadHive2(String)[2841]" classname="org.apache.hadoop.hive.ql.io.parquet.serde.TestParquetTimestampsHive2Compatibility" time="0"/>
  <testcase name="testWriteHive2ReadHive2(String)[2842]" classname="org.apache.hadoop.hive.ql.io.parquet.serde.TestParquetTimestampsHive2Compatibility" time="0"/>
  <testcase name="testWriteHive2ReadHive2(String)[2843]" classname="org.apache.hadoop.hive.ql.io.parquet.serde.TestParquetTimestampsHive2Compatibility" time="0"/>
  <testcase name="testWriteHive2ReadHive2(String)[2844]" classname="org.apache.hadoop.hive.ql.io.parquet.serde.TestParquetTimestampsHive2Compatibility" time="0"/>
  <testcase name="testWriteHive2ReadHive2(String)[2845]" classname="org.apache.hadoop.hive.ql.io.parquet.serde.TestParquetTimestampsHive2Compatibility" time="0"/>
  <testcase name="testWriteHive2ReadHive2(String)[2846]" classname="org.apache.hadoop.hive.ql.io.parquet.serde.TestParquetTimestampsHive2Compatibility" time="0"/>
  <testcase name="testWriteHive2ReadHive2(String)[2847]" classname="org.apache.hadoop.hive.ql.io.parquet.serde.TestParquetTimestampsHive2Compatibility" time="0"/>
  <testcase name="testWriteHive2ReadHive2(String)[2848]" classname="org.apache.hadoop.hive.ql.io.parquet.serde.TestParquetTimestampsHive2Compatibility" time="0"/>
  <testcase name="testWriteHive2ReadHive2(String)[2849]" classname="org.apache.hadoop.hive.ql.io.parquet.serde.TestParquetTimestampsHive2Compatibility" time="0.001"/>
  <testcase name="testWriteHive2ReadHive2(String)[2850]" classname="org.apache.hadoop.hive.ql.io.parquet.serde.TestParquetTimestampsHive2Compatibility" time="0"/>
  <testcase name="testWriteHive2ReadHive2(String)[2851]" classname="org.apache.hadoop.hive.ql.io.parquet.serde.TestParquetTimestampsHive2Compatibility" time="0"/>
  <testcase name="testWriteHive2ReadHive2(String)[2852]" classname="org.apache.hadoop.hive.ql.io.parquet.serde.TestParquetTimestampsHive2Compatibility" time="0"/>
  <testcase name="testWriteHive2ReadHive2(String)[2853]" classname="org.apache.hadoop.hive.ql.io.parquet.serde.TestParquetTimestampsHive2Compatibility" time="0"/>
  <testcase name="testWriteHive2ReadHive2(String)[2854]" classname="org.apache.hadoop.hive.ql.io.parquet.serde.TestParquetTimestampsHive2Compatibility" time="0"/>
  <testcase name="testWriteHive2ReadHive2(String)[2855]" classname="org.apache.hadoop.hive.ql.io.parquet.serde.TestParquetTimestampsHive2Compatibility" time="0.001"/>
  <testcase name="testWriteHive2ReadHive2(String)[2856]" classname="org.apache.hadoop.hive.ql.io.parquet.serde.TestParquetTimestampsHive2Compatibility" time="0"/>
  <testcase name="testWriteHive2ReadHive2(String)[2857]" classname="org.apache.hadoop.hive.ql.io.parquet.serde.TestParquetTimestampsHive2Compatibility" time="0"/>
  <testcase name="testWriteHive2ReadHive2(String)[2858]" classname="org.apache.hadoop.hive.ql.io.parquet.serde.TestParquetTimestampsHive2Compatibility" time="0"/>
  <testcase name="testWriteHive2ReadHive2(String)[2859]" classname="org.apache.hadoop.hive.ql.io.parquet.serde.TestParquetTimestampsHive2Compatibility" time="0"/>
  <testcase name="testWriteHive2ReadHive2(String)[2860]" classname="org.apache.hadoop.hive.ql.io.parquet.serde.TestParquetTimestampsHive2Compatibility" time="0"/>
  <testcase name="testWriteHive2ReadHive2(String)[2861]" classname="org.apache.hadoop.hive.ql.io.parquet.serde.TestParquetTimestampsHive2Compatibility" time="0"/>
  <testcase name="testWriteHive2ReadHive2(String)[2862]" classname="org.apache.hadoop.hive.ql.io.parquet.serde.TestParquetTimestampsHive2Compatibility" time="0"/>
  <testcase name="testWriteHive2ReadHive2(String)[2863]" classname="org.apache.hadoop.hive.ql.io.parquet.serde.TestParquetTimestampsHive2Compatibility" time="0"/>
  <testcase name="testWriteHive2ReadHive2(String)[2864]" classname="org.apache.hadoop.hive.ql.io.parquet.serde.TestParquetTimestampsHive2Compatibility" time="0"/>
  <testcase name="testWriteHive2ReadHive2(String)[2865]" classname="org.apache.hadoop.hive.ql.io.parquet.serde.TestParquetTimestampsHive2Compatibility" time="0"/>
  <testcase name="testWriteHive2ReadHive2(String)[2866]" classname="org.apache.hadoop.hive.ql.io.parquet.serde.TestParquetTimestampsHive2Compatibility" time="0.001"/>
  <testcase name="testWriteHive2ReadHive2(String)[2867]" classname="org.apache.hadoop.hive.ql.io.parquet.serde.TestParquetTimestampsHive2Compatibility" time="0"/>
  <testcase name="testWriteHive2ReadHive2(String)[2868]" classname="org.apache.hadoop.hive.ql.io.parquet.serde.TestParquetTimestampsHive2Compatibility" time="0"/>
  <testcase name="testWriteHive2ReadHive2(String)[2869]" classname="org.apache.hadoop.hive.ql.io.parquet.serde.TestParquetTimestampsHive2Compatibility" time="0"/>
  <testcase name="testWriteHive2ReadHive2(String)[2870]" classname="org.apache.hadoop.hive.ql.io.parquet.serde.TestParquetTimestampsHive2Compatibility" time="0"/>
  <testcase name="testWriteHive2ReadHive2(String)[2871]" classname="org.apache.hadoop.hive.ql.io.parquet.serde.TestParquetTimestampsHive2Compatibility" time="0"/>
  <testcase name="testWriteHive2ReadHive2(String)[2872]" classname="org.apache.hadoop.hive.ql.io.parquet.serde.TestParquetTimestampsHive2Compatibility" time="0.001"/>
  <testcase name="testWriteHive2ReadHive2(String)[2873]" classname="org.apache.hadoop.hive.ql.io.parquet.serde.TestParquetTimestampsHive2Compatibility" time="0"/>
  <testcase name="testWriteHive2ReadHive2(String)[2874]" classname="org.apache.hadoop.hive.ql.io.parquet.serde.TestParquetTimestampsHive2Compatibility" time="0"/>
  <testcase name="testWriteHive2ReadHive2(String)[2875]" classname="org.apache.hadoop.hive.ql.io.parquet.serde.TestParquetTimestampsHive2Compatibility" time="0"/>
  <testcase name="testWriteHive2ReadHive2(String)[2876]" classname="org.apache.hadoop.hive.ql.io.parquet.serde.TestParquetTimestampsHive2Compatibility" time="0"/>
  <testcase name="testWriteHive2ReadHive2(String)[2877]" classname="org.apache.hadoop.hive.ql.io.parquet.serde.TestParquetTimestampsHive2Compatibility" time="0"/>
  <testcase name="testWriteHive2ReadHive2(String)[2878]" classname="org.apache.hadoop.hive.ql.io.parquet.serde.TestParquetTimestampsHive2Compatibility" time="0.001"/>
  <testcase name="testWriteHive2ReadHive2(String)[2879]" classname="org.apache.hadoop.hive.ql.io.parquet.serde.TestParquetTimestampsHive2Compatibility" time="0"/>
  <testcase name="testWriteHive2ReadHive2(String)[2880]" classname="org.apache.hadoop.hive.ql.io.parquet.serde.TestParquetTimestampsHive2Compatibility" time="0"/>
  <testcase name="testWriteHive2ReadHive2(String)[2881]" classname="org.apache.hadoop.hive.ql.io.parquet.serde.TestParquetTimestampsHive2Compatibility" time="0"/>
  <testcase name="testWriteHive2ReadHive2(String)[2882]" classname="org.apache.hadoop.hive.ql.io.parquet.serde.TestParquetTimestampsHive2Compatibility" time="0"/>
  <testcase name="testWriteHive2ReadHive2(String)[2883]" classname="org.apache.hadoop.hive.ql.io.parquet.serde.TestParquetTimestampsHive2Compatibility" time="0"/>
  <testcase name="testWriteHive2ReadHive2(String)[2884]" classname="org.apache.hadoop.hive.ql.io.parquet.serde.TestParquetTimestampsHive2Compatibility" time="0.001"/>
  <testcase name="testWriteHive2ReadHive2(String)[2885]" classname="org.apache.hadoop.hive.ql.io.parquet.serde.TestParquetTimestampsHive2Compatibility" time="0"/>
  <testcase name="testWriteHive2ReadHive2(String)[2886]" classname="org.apache.hadoop.hive.ql.io.parquet.serde.TestParquetTimestampsHive2Compatibility" time="0"/>
  <testcase name="testWriteHive2ReadHive2(String)[2887]" classname="org.apache.hadoop.hive.ql.io.parquet.serde.TestParquetTimestampsHive2Compatibility" time="0"/>
  <testcase name="testWriteHive2ReadHive2(String)[2888]" classname="org.apache.hadoop.hive.ql.io.parquet.serde.TestParquetTimestampsHive2Compatibility" time="0"/>
  <testcase name="testWriteHive2ReadHive2(String)[2889]" classname="org.apache.hadoop.hive.ql.io.parquet.serde.TestParquetTimestampsHive2Compatibility" time="0"/>
  <testcase name="testWriteHive2ReadHive2(String)[2890]" classname="org.apache.hadoop.hive.ql.io.parquet.serde.TestParquetTimestampsHive2Compatibility" time="0"/>
  <testcase name="testWriteHive2ReadHive2(String)[2891]" classname="org.apache.hadoop.hive.ql.io.parquet.serde.TestParquetTimestampsHive2Compatibility" time="0"/>
  <testcase name="testWriteHive2ReadHive2(String)[2892]" classname="org.apache.hadoop.hive.ql.io.parquet.serde.TestParquetTimestampsHive2Compatibility" time="0"/>
  <testcase name="testWriteHive2ReadHive2(String)[2893]" classname="org.apache.hadoop.hive.ql.io.parquet.serde.TestParquetTimestampsHive2Compatibility" time="0"/>
  <testcase name="testWriteHive2ReadHive2(String)[2894]" classname="org.apache.hadoop.hive.ql.io.parquet.serde.TestParquetTimestampsHive2Compatibility" time="0"/>
  <testcase name="testWriteHive2ReadHive2(String)[2895]" classname="org.apache.hadoop.hive.ql.io.parquet.serde.TestParquetTimestampsHive2Compatibility" time="0"/>
  <testcase name="testWriteHive2ReadHive2(String)[2896]" classname="org.apache.hadoop.hive.ql.io.parquet.serde.TestParquetTimestampsHive2Compatibility" time="0"/>
  <testcase name="testWriteHive2ReadHive2(String)[2897]" classname="org.apache.hadoop.hive.ql.io.parquet.serde.TestParquetTimestampsHive2Compatibility" time="0"/>
  <testcase name="testWriteHive2ReadHive2(String)[2898]" classname="org.apache.hadoop.hive.ql.io.parquet.serde.TestParquetTimestampsHive2Compatibility" time="0"/>
  <testcase name="testWriteHive2ReadHive2(String)[2899]" classname="org.apache.hadoop.hive.ql.io.parquet.serde.TestParquetTimestampsHive2Compatibility" time="0"/>
  <testcase name="testWriteHive2ReadHive2(String)[2900]" classname="org.apache.hadoop.hive.ql.io.parquet.serde.TestParquetTimestampsHive2Compatibility" time="0"/>
  <testcase name="testWriteHive2ReadHive2(String)[2901]" classname="org.apache.hadoop.hive.ql.io.parquet.serde.TestParquetTimestampsHive2Compatibility" time="0"/>
  <testcase name="testWriteHive2ReadHive2(String)[2902]" classname="org.apache.hadoop.hive.ql.io.parquet.serde.TestParquetTimestampsHive2Compatibility" time="0.001"/>
  <testcase name="testWriteHive2ReadHive2(String)[2903]" classname="org.apache.hadoop.hive.ql.io.parquet.serde.TestParquetTimestampsHive2Compatibility" time="0"/>
  <testcase name="testWriteHive2ReadHive2(String)[2904]" classname="org.apache.hadoop.hive.ql.io.parquet.serde.TestParquetTimestampsHive2Compatibility" time="0"/>
  <testcase name="testWriteHive2ReadHive2(String)[2905]" classname="org.apache.hadoop.hive.ql.io.parquet.serde.TestParquetTimestampsHive2Compatibility" time="0"/>
  <testcase name="testWriteHive2ReadHive2(String)[2906]" classname="org.apache.hadoop.hive.ql.io.parquet.serde.TestParquetTimestampsHive2Compatibility" time="0"/>
  <testcase name="testWriteHive2ReadHive2(String)[2907]" classname="org.apache.hadoop.hive.ql.io.parquet.serde.TestParquetTimestampsHive2Compatibility" time="0"/>
  <testcase name="testWriteHive2ReadHive2(String)[2908]" classname="org.apache.hadoop.hive.ql.io.parquet.serde.TestParquetTimestampsHive2Compatibility" time="0"/>
  <testcase name="testWriteHive2ReadHive2(String)[2909]" classname="org.apache.hadoop.hive.ql.io.parquet.serde.TestParquetTimestampsHive2Compatibility" time="0"/>
  <testcase name="testWriteHive2ReadHive2(String)[2910]" classname="org.apache.hadoop.hive.ql.io.parquet.serde.TestParquetTimestampsHive2Compatibility" time="0"/>
  <testcase name="testWriteHive2ReadHive2(String)[2911]" classname="org.apache.hadoop.hive.ql.io.parquet.serde.TestParquetTimestampsHive2Compatibility" time="0"/>
  <testcase name="testWriteHive2ReadHive2(String)[2912]" classname="org.apache.hadoop.hive.ql.io.parquet.serde.TestParquetTimestampsHive2Compatibility" time="0"/>
  <testcase name="testWriteHive2ReadHive2(String)[2913]" classname="org.apache.hadoop.hive.ql.io.parquet.serde.TestParquetTimestampsHive2Compatibility" time="0"/>
  <testcase name="testWriteHive2ReadHive2(String)[2914]" classname="org.apache.hadoop.hive.ql.io.parquet.serde.TestParquetTimestampsHive2Compatibility" time="0"/>
  <testcase name="testWriteHive2ReadHive2(String)[2915]" classname="org.apache.hadoop.hive.ql.io.parquet.serde.TestParquetTimestampsHive2Compatibility" time="0"/>
  <testcase name="testWriteHive2ReadHive2(String)[2916]" classname="org.apache.hadoop.hive.ql.io.parquet.serde.TestParquetTimestampsHive2Compatibility" time="0"/>
  <testcase name="testWriteHive2ReadHive2(String)[2917]" classname="org.apache.hadoop.hive.ql.io.parquet.serde.TestParquetTimestampsHive2Compatibility" time="0"/>
  <testcase name="testWriteHive2ReadHive2(String)[2918]" classname="org.apache.hadoop.hive.ql.io.parquet.serde.TestParquetTimestampsHive2Compatibility" time="0"/>
  <testcase name="testWriteHive2ReadHive2(String)[2919]" classname="org.apache.hadoop.hive.ql.io.parquet.serde.TestParquetTimestampsHive2Compatibility" time="0"/>
  <testcase name="testWriteHive2ReadHive2(String)[2920]" classname="org.apache.hadoop.hive.ql.io.parquet.serde.TestParquetTimestampsHive2Compatibility" time="0"/>
  <testcase name="testWriteHive2ReadHive2(String)[2921]" classname="org.apache.hadoop.hive.ql.io.parquet.serde.TestParquetTimestampsHive2Compatibility" time="0"/>
  <testcase name="testWriteHive2ReadHive2(String)[2922]" classname="org.apache.hadoop.hive.ql.io.parquet.serde.TestParquetTimestampsHive2Compatibility" time="0"/>
  <testcase name="testWriteHive2ReadHive2(String)[2923]" classname="org.apache.hadoop.hive.ql.io.parquet.serde.TestParquetTimestampsHive2Compatibility" time="0"/>
  <testcase name="testWriteHive2ReadHive2(String)[2924]" classname="org.apache.hadoop.hive.ql.io.parquet.serde.TestParquetTimestampsHive2Compatibility" time="0"/>
  <testcase name="testWriteHive2ReadHive2(String)[2925]" classname="org.apache.hadoop.hive.ql.io.parquet.serde.TestParquetTimestampsHive2Compatibility" time="0"/>
  <testcase name="testWriteHive2ReadHive2(String)[2926]" classname="org.apache.hadoop.hive.ql.io.parquet.serde.TestParquetTimestampsHive2Compatibility" time="0"/>
  <testcase name="testWriteHive2ReadHive2(String)[2927]" classname="org.apache.hadoop.hive.ql.io.parquet.serde.TestParquetTimestampsHive2Compatibility" time="0"/>
  <testcase name="testWriteHive2ReadHive2(String)[2928]" classname="org.apache.hadoop.hive.ql.io.parquet.serde.TestParquetTimestampsHive2Compatibility" time="0"/>
  <testcase name="testWriteHive2ReadHive2(String)[2929]" classname="org.apache.hadoop.hive.ql.io.parquet.serde.TestParquetTimestampsHive2Compatibility" time="0"/>
  <testcase name="testWriteHive2ReadHive2(String)[2930]" classname="org.apache.hadoop.hive.ql.io.parquet.serde.TestParquetTimestampsHive2Compatibility" time="0"/>
  <testcase name="testWriteHive2ReadHive2(String)[2931]" classname="org.apache.hadoop.hive.ql.io.parquet.serde.TestParquetTimestampsHive2Compatibility" time="0"/>
  <testcase name="testWriteHive2ReadHive2(String)[2932]" classname="org.apache.hadoop.hive.ql.io.parquet.serde.TestParquetTimestampsHive2Compatibility" time="0.001"/>
  <testcase name="testWriteHive2ReadHive2(String)[2933]" classname="org.apache.hadoop.hive.ql.io.parquet.serde.TestParquetTimestampsHive2Compatibility" time="0"/>
  <testcase name="testWriteHive2ReadHive2(String)[2934]" classname="org.apache.hadoop.hive.ql.io.parquet.serde.TestParquetTimestampsHive2Compatibility" time="0"/>
  <testcase name="testWriteHive2ReadHive2(String)[2935]" classname="org.apache.hadoop.hive.ql.io.parquet.serde.TestParquetTimestampsHive2Compatibility" time="0"/>
  <testcase name="testWriteHive2ReadHive2(String)[2936]" classname="org.apache.hadoop.hive.ql.io.parquet.serde.TestParquetTimestampsHive2Compatibility" time="0"/>
  <testcase name="testWriteHive2ReadHive2(String)[2937]" classname="org.apache.hadoop.hive.ql.io.parquet.serde.TestParquetTimestampsHive2Compatibility" time="0"/>
  <testcase name="testWriteHive2ReadHive2(String)[2938]" classname="org.apache.hadoop.hive.ql.io.parquet.serde.TestParquetTimestampsHive2Compatibility" time="0"/>
  <testcase name="testWriteHive2ReadHive2(String)[2939]" classname="org.apache.hadoop.hive.ql.io.parquet.serde.TestParquetTimestampsHive2Compatibility" time="0"/>
  <testcase name="testWriteHive2ReadHive2(String)[2940]" classname="org.apache.hadoop.hive.ql.io.parquet.serde.TestParquetTimestampsHive2Compatibility" time="0"/>
  <testcase name="testWriteHive2ReadHive2(String)[2941]" classname="org.apache.hadoop.hive.ql.io.parquet.serde.TestParquetTimestampsHive2Compatibility" time="0"/>
  <testcase name="testWriteHive2ReadHive2(String)[2942]" classname="org.apache.hadoop.hive.ql.io.parquet.serde.TestParquetTimestampsHive2Compatibility" time="0"/>
  <testcase name="testWriteHive2ReadHive2(String)[2943]" classname="org.apache.hadoop.hive.ql.io.parquet.serde.TestParquetTimestampsHive2Compatibility" time="0"/>
  <testcase name="testWriteHive2ReadHive2(String)[2944]" classname="org.apache.hadoop.hive.ql.io.parquet.serde.TestParquetTimestampsHive2Compatibility" time="0"/>
  <testcase name="testWriteHive2ReadHive2(String)[2945]" classname="org.apache.hadoop.hive.ql.io.parquet.serde.TestParquetTimestampsHive2Compatibility" time="0"/>
  <testcase name="testWriteHive2ReadHive2(String)[2946]" classname="org.apache.hadoop.hive.ql.io.parquet.serde.TestParquetTimestampsHive2Compatibility" time="0"/>
  <testcase name="testWriteHive2ReadHive2(String)[2947]" classname="org.apache.hadoop.hive.ql.io.parquet.serde.TestParquetTimestampsHive2Compatibility" time="0"/>
  <testcase name="testWriteHive2ReadHive2(String)[2948]" classname="org.apache.hadoop.hive.ql.io.parquet.serde.TestParquetTimestampsHive2Compatibility" time="0"/>
  <testcase name="testWriteHive2ReadHive2(String)[2949]" classname="org.apache.hadoop.hive.ql.io.parquet.serde.TestParquetTimestampsHive2Compatibility" time="0.001"/>
  <testcase name="testWriteHive2ReadHive2(String)[2950]" classname="org.apache.hadoop.hive.ql.io.parquet.serde.TestParquetTimestampsHive2Compatibility" time="0"/>
  <testcase name="testWriteHive2ReadHive2(String)[2951]" classname="org.apache.hadoop.hive.ql.io.parquet.serde.TestParquetTimestampsHive2Compatibility" time="0"/>
  <testcase name="testWriteHive2ReadHive2(String)[2952]" classname="org.apache.hadoop.hive.ql.io.parquet.serde.TestParquetTimestampsHive2Compatibility" time="0"/>
  <testcase name="testWriteHive2ReadHive2(String)[2953]" classname="org.apache.hadoop.hive.ql.io.parquet.serde.TestParquetTimestampsHive2Compatibility" time="0"/>
  <testcase name="testWriteHive2ReadHive2(String)[2954]" classname="org.apache.hadoop.hive.ql.io.parquet.serde.TestParquetTimestampsHive2Compatibility" time="0"/>
  <testcase name="testWriteHive2ReadHive2(String)[2955]" classname="org.apache.hadoop.hive.ql.io.parquet.serde.TestParquetTimestampsHive2Compatibility" time="0"/>
  <testcase name="testWriteHive2ReadHive2(String)[2956]" classname="org.apache.hadoop.hive.ql.io.parquet.serde.TestParquetTimestampsHive2Compatibility" time="0"/>
  <testcase name="testWriteHive2ReadHive2(String)[2957]" classname="org.apache.hadoop.hive.ql.io.parquet.serde.TestParquetTimestampsHive2Compatibility" time="0"/>
  <testcase name="testWriteHive2ReadHive2(String)[2958]" classname="org.apache.hadoop.hive.ql.io.parquet.serde.TestParquetTimestampsHive2Compatibility" time="0"/>
  <testcase name="testWriteHive2ReadHive2(String)[2959]" classname="org.apache.hadoop.hive.ql.io.parquet.serde.TestParquetTimestampsHive2Compatibility" time="0"/>
  <testcase name="testWriteHive2ReadHive2(String)[2960]" classname="org.apache.hadoop.hive.ql.io.parquet.serde.TestParquetTimestampsHive2Compatibility" time="0.001"/>
  <testcase name="testWriteHive2ReadHive2(String)[2961]" classname="org.apache.hadoop.hive.ql.io.parquet.serde.TestParquetTimestampsHive2Compatibility" time="0"/>
  <testcase name="testWriteHive2ReadHive2(String)[2962]" classname="org.apache.hadoop.hive.ql.io.parquet.serde.TestParquetTimestampsHive2Compatibility" time="0"/>
  <testcase name="testWriteHive2ReadHive2(String)[2963]" classname="org.apache.hadoop.hive.ql.io.parquet.serde.TestParquetTimestampsHive2Compatibility" time="0"/>
  <testcase name="testWriteHive2ReadHive2(String)[2964]" classname="org.apache.hadoop.hive.ql.io.parquet.serde.TestParquetTimestampsHive2Compatibility" time="0"/>
  <testcase name="testWriteHive2ReadHive2(String)[2965]" classname="org.apache.hadoop.hive.ql.io.parquet.serde.TestParquetTimestampsHive2Compatibility" time="0"/>
  <testcase name="testWriteHive2ReadHive2(String)[2966]" classname="org.apache.hadoop.hive.ql.io.parquet.serde.TestParquetTimestampsHive2Compatibility" time="0"/>
  <testcase name="testWriteHive2ReadHive2(String)[2967]" classname="org.apache.hadoop.hive.ql.io.parquet.serde.TestParquetTimestampsHive2Compatibility" time="0"/>
  <testcase name="testWriteHive2ReadHive2(String)[2968]" classname="org.apache.hadoop.hive.ql.io.parquet.serde.TestParquetTimestampsHive2Compatibility" time="0"/>
  <testcase name="testWriteHive2ReadHive2(String)[2969]" classname="org.apache.hadoop.hive.ql.io.parquet.serde.TestParquetTimestampsHive2Compatibility" time="0"/>
  <testcase name="testWriteHive2ReadHive2(String)[2970]" classname="org.apache.hadoop.hive.ql.io.parquet.serde.TestParquetTimestampsHive2Compatibility" time="0"/>
  <testcase name="testWriteHive2ReadHive2(String)[2971]" classname="org.apache.hadoop.hive.ql.io.parquet.serde.TestParquetTimestampsHive2Compatibility" time="0"/>
  <testcase name="testWriteHive2ReadHive2(String)[2972]" classname="org.apache.hadoop.hive.ql.io.parquet.serde.TestParquetTimestampsHive2Compatibility" time="0"/>
  <testcase name="testWriteHive2ReadHive2(String)[2973]" classname="org.apache.hadoop.hive.ql.io.parquet.serde.TestParquetTimestampsHive2Compatibility" time="0"/>
  <testcase name="testWriteHive2ReadHive2(String)[2974]" classname="org.apache.hadoop.hive.ql.io.parquet.serde.TestParquetTimestampsHive2Compatibility" time="0"/>
  <testcase name="testWriteHive2ReadHive2(String)[2975]" classname="org.apache.hadoop.hive.ql.io.parquet.serde.TestParquetTimestampsHive2Compatibility" time="0"/>
  <testcase name="testWriteHive2ReadHive2(String)[2976]" classname="org.apache.hadoop.hive.ql.io.parquet.serde.TestParquetTimestampsHive2Compatibility" time="0"/>
  <testcase name="testWriteHive2ReadHive2(String)[2977]" classname="org.apache.hadoop.hive.ql.io.parquet.serde.TestParquetTimestampsHive2Compatibility" time="0.001"/>
  <testcase name="testWriteHive2ReadHive2(String)[2978]" classname="org.apache.hadoop.hive.ql.io.parquet.serde.TestParquetTimestampsHive2Compatibility" time="0"/>
  <testcase name="testWriteHive2ReadHive2(String)[2979]" classname="org.apache.hadoop.hive.ql.io.parquet.serde.TestParquetTimestampsHive2Compatibility" time="0"/>
  <testcase name="testWriteHive2ReadHive2(String)[2980]" classname="org.apache.hadoop.hive.ql.io.parquet.serde.TestParquetTimestampsHive2Compatibility" time="0"/>
  <testcase name="testWriteHive2ReadHive2(String)[2981]" classname="org.apache.hadoop.hive.ql.io.parquet.serde.TestParquetTimestampsHive2Compatibility" time="0"/>
  <testcase name="testWriteHive2ReadHive2(String)[2982]" classname="org.apache.hadoop.hive.ql.io.parquet.serde.TestParquetTimestampsHive2Compatibility" time="0"/>
  <testcase name="testWriteHive2ReadHive2(String)[2983]" classname="org.apache.hadoop.hive.ql.io.parquet.serde.TestParquetTimestampsHive2Compatibility" time="0.001"/>
  <testcase name="testWriteHive2ReadHive2(String)[2984]" classname="org.apache.hadoop.hive.ql.io.parquet.serde.TestParquetTimestampsHive2Compatibility" time="0"/>
  <testcase name="testWriteHive2ReadHive2(String)[2985]" classname="org.apache.hadoop.hive.ql.io.parquet.serde.TestParquetTimestampsHive2Compatibility" time="0"/>
  <testcase name="testWriteHive2ReadHive2(String)[2986]" classname="org.apache.hadoop.hive.ql.io.parquet.serde.TestParquetTimestampsHive2Compatibility" time="0"/>
  <testcase name="testWriteHive2ReadHive2(String)[2987]" classname="org.apache.hadoop.hive.ql.io.parquet.serde.TestParquetTimestampsHive2Compatibility" time="0"/>
  <testcase name="testWriteHive2ReadHive2(String)[2988]" classname="org.apache.hadoop.hive.ql.io.parquet.serde.TestParquetTimestampsHive2Compatibility" time="0"/>
  <testcase name="testWriteHive2ReadHive2(String)[2989]" classname="org.apache.hadoop.hive.ql.io.parquet.serde.TestParquetTimestampsHive2Compatibility" time="0.001"/>
  <testcase name="testWriteHive2ReadHive2(String)[2990]" classname="org.apache.hadoop.hive.ql.io.parquet.serde.TestParquetTimestampsHive2Compatibility" time="0"/>
  <testcase name="testWriteHive2ReadHive2(String)[2991]" classname="org.apache.hadoop.hive.ql.io.parquet.serde.TestParquetTimestampsHive2Compatibility" time="0"/>
  <testcase name="testWriteHive2ReadHive2(String)[2992]" classname="org.apache.hadoop.hive.ql.io.parquet.serde.TestParquetTimestampsHive2Compatibility" time="0"/>
  <testcase name="testWriteHive2ReadHive2(String)[2993]" classname="org.apache.hadoop.hive.ql.io.parquet.serde.TestParquetTimestampsHive2Compatibility" time="0"/>
  <testcase name="testWriteHive2ReadHive2(String)[2994]" classname="org.apache.hadoop.hive.ql.io.parquet.serde.TestParquetTimestampsHive2Compatibility" time="0"/>
  <testcase name="testWriteHive2ReadHive2(String)[2995]" classname="org.apache.hadoop.hive.ql.io.parquet.serde.TestParquetTimestampsHive2Compatibility" time="0"/>
  <testcase name="testWriteHive2ReadHive2(String)[2996]" classname="org.apache.hadoop.hive.ql.io.parquet.serde.TestParquetTimestampsHive2Compatibility" time="0"/>
  <testcase name="testWriteHive2ReadHive2(String)[2997]" classname="org.apache.hadoop.hive.ql.io.parquet.serde.TestParquetTimestampsHive2Compatibility" time="0"/>
  <testcase name="testWriteHive2ReadHive2(String)[2998]" classname="org.apache.hadoop.hive.ql.io.parquet.serde.TestParquetTimestampsHive2Compatibility" time="0"/>
  <testcase name="testWriteHive2ReadHive2(String)[2999]" classname="org.apache.hadoop.hive.ql.io.parquet.serde.TestParquetTimestampsHive2Compatibility" time="0"/>
  <testcase name="testWriteHive2ReadHive2(String)[3000]" classname="org.apache.hadoop.hive.ql.io.parquet.serde.TestParquetTimestampsHive2Compatibility" time="0"/>
  <testcase name="testWriteHive4UsingLegacyConversionReadHive2(String)[1]" classname="org.apache.hadoop.hive.ql.io.parquet.serde.TestParquetTimestampsHive2Compatibility" time="0.001"/>
  <testcase name="testWriteHive4UsingLegacyConversionReadHive2(String)[2]" classname="org.apache.hadoop.hive.ql.io.parquet.serde.TestParquetTimestampsHive2Compatibility" time="0"/>
  <testcase name="testWriteHive4UsingLegacyConversionReadHive2(String)[3]" classname="org.apache.hadoop.hive.ql.io.parquet.serde.TestParquetTimestampsHive2Compatibility" time="0"/>
  <testcase name="testWriteHive4UsingLegacyConversionReadHive2(String)[4]" classname="org.apache.hadoop.hive.ql.io.parquet.serde.TestParquetTimestampsHive2Compatibility" time="0"/>
  <testcase name="testWriteHive4UsingLegacyConversionReadHive2(String)[5]" classname="org.apache.hadoop.hive.ql.io.parquet.serde.TestParquetTimestampsHive2Compatibility" time="0"/>
  <testcase name="testWriteHive4UsingLegacyConversionReadHive2(String)[6]" classname="org.apache.hadoop.hive.ql.io.parquet.serde.TestParquetTimestampsHive2Compatibility" time="0"/>
  <testcase name="testWriteHive4UsingLegacyConversionReadHive2(String)[7]" classname="org.apache.hadoop.hive.ql.io.parquet.serde.TestParquetTimestampsHive2Compatibility" time="0"/>
  <testcase name="testWriteHive4UsingLegacyConversionReadHive2(String)[8]" classname="org.apache.hadoop.hive.ql.io.parquet.serde.TestParquetTimestampsHive2Compatibility" time="0"/>
  <testcase name="testWriteHive4UsingLegacyConversionReadHive2(String)[9]" classname="org.apache.hadoop.hive.ql.io.parquet.serde.TestParquetTimestampsHive2Compatibility" time="0"/>
  <testcase name="testWriteHive4UsingLegacyConversionReadHive2(String)[10]" classname="org.apache.hadoop.hive.ql.io.parquet.serde.TestParquetTimestampsHive2Compatibility" time="0.001"/>
  <testcase name="testWriteHive4UsingLegacyConversionReadHive2(String)[11]" classname="org.apache.hadoop.hive.ql.io.parquet.serde.TestParquetTimestampsHive2Compatibility" time="0"/>
  <testcase name="testWriteHive4UsingLegacyConversionReadHive2(String)[12]" classname="org.apache.hadoop.hive.ql.io.parquet.serde.TestParquetTimestampsHive2Compatibility" time="0"/>
  <testcase name="testWriteHive4UsingLegacyConversionReadHive2(String)[13]" classname="org.apache.hadoop.hive.ql.io.parquet.serde.TestParquetTimestampsHive2Compatibility" time="0"/>
  <testcase name="testWriteHive4UsingLegacyConversionReadHive2(String)[14]" classname="org.apache.hadoop.hive.ql.io.parquet.serde.TestParquetTimestampsHive2Compatibility" time="0"/>
  <testcase name="testWriteHive4UsingLegacyConversionReadHive2(String)[15]" classname="org.apache.hadoop.hive.ql.io.parquet.serde.TestParquetTimestampsHive2Compatibility" time="0.001"/>
  <testcase name="testWriteHive4UsingLegacyConversionReadHive2(String)[16]" classname="org.apache.hadoop.hive.ql.io.parquet.serde.TestParquetTimestampsHive2Compatibility" time="0"/>
  <testcase name="testWriteHive4UsingLegacyConversionReadHive2(String)[17]" classname="org.apache.hadoop.hive.ql.io.parquet.serde.TestParquetTimestampsHive2Compatibility" time="0"/>
  <testcase name="testWriteHive4UsingLegacyConversionReadHive2(String)[18]" classname="org.apache.hadoop.hive.ql.io.parquet.serde.TestParquetTimestampsHive2Compatibility" time="0"/>
  <testcase name="testWriteHive4UsingLegacyConversionReadHive2(String)[19]" classname="org.apache.hadoop.hive.ql.io.parquet.serde.TestParquetTimestampsHive2Compatibility" time="0"/>
  <testcase name="testWriteHive4UsingLegacyConversionReadHive2(String)[20]" classname="org.apache.hadoop.hive.ql.io.parquet.serde.TestParquetTimestampsHive2Compatibility" time="0"/>
  <testcase name="testWriteHive4UsingLegacyConversionReadHive2(String)[21]" classname="org.apache.hadoop.hive.ql.io.parquet.serde.TestParquetTimestampsHive2Compatibility" time="0"/>
  <testcase name="testWriteHive4UsingLegacyConversionReadHive2(String)[22]" classname="org.apache.hadoop.hive.ql.io.parquet.serde.TestParquetTimestampsHive2Compatibility" time="0"/>
  <testcase name="testWriteHive4UsingLegacyConversionReadHive2(String)[23]" classname="org.apache.hadoop.hive.ql.io.parquet.serde.TestParquetTimestampsHive2Compatibility" time="0"/>
  <testcase name="testWriteHive4UsingLegacyConversionReadHive2(String)[24]" classname="org.apache.hadoop.hive.ql.io.parquet.serde.TestParquetTimestampsHive2Compatibility" time="0"/>
  <testcase name="testWriteHive4UsingLegacyConversionReadHive2(String)[25]" classname="org.apache.hadoop.hive.ql.io.parquet.serde.TestParquetTimestampsHive2Compatibility" time="0"/>
  <testcase name="testWriteHive4UsingLegacyConversionReadHive2(String)[26]" classname="org.apache.hadoop.hive.ql.io.parquet.serde.TestParquetTimestampsHive2Compatibility" time="0"/>
  <testcase name="testWriteHive4UsingLegacyConversionReadHive2(String)[27]" classname="org.apache.hadoop.hive.ql.io.parquet.serde.TestParquetTimestampsHive2Compatibility" time="0"/>
  <testcase name="testWriteHive4UsingLegacyConversionReadHive2(String)[28]" classname="org.apache.hadoop.hive.ql.io.parquet.serde.TestParquetTimestampsHive2Compatibility" time="0"/>
  <testcase name="testWriteHive4UsingLegacyConversionReadHive2(String)[29]" classname="org.apache.hadoop.hive.ql.io.parquet.serde.TestParquetTimestampsHive2Compatibility" time="0"/>
  <testcase name="testWriteHive4UsingLegacyConversionReadHive2(String)[30]" classname="org.apache.hadoop.hive.ql.io.parquet.serde.TestParquetTimestampsHive2Compatibility" time="0"/>
  <testcase name="testWriteHive4UsingLegacyConversionReadHive2(String)[31]" classname="org.apache.hadoop.hive.ql.io.parquet.serde.TestParquetTimestampsHive2Compatibility" time="0"/>
  <testcase name="testWriteHive4UsingLegacyConversionReadHive2(String)[32]" classname="org.apache.hadoop.hive.ql.io.parquet.serde.TestParquetTimestampsHive2Compatibility" time="0"/>
  <testcase name="testWriteHive4UsingLegacyConversionReadHive2(String)[33]" classname="org.apache.hadoop.hive.ql.io.parquet.serde.TestParquetTimestampsHive2Compatibility" time="0.001"/>
  <testcase name="testWriteHive4UsingLegacyConversionReadHive2(String)[34]" classname="org.apache.hadoop.hive.ql.io.parquet.serde.TestParquetTimestampsHive2Compatibility" time="0"/>
  <testcase name="testWriteHive4UsingLegacyConversionReadHive2(String)[35]" classname="org.apache.hadoop.hive.ql.io.parquet.serde.TestParquetTimestampsHive2Compatibility" time="0"/>
  <testcase name="testWriteHive4UsingLegacyConversionReadHive2(String)[36]" classname="org.apache.hadoop.hive.ql.io.parquet.serde.TestParquetTimestampsHive2Compatibility" time="0"/>
  <testcase name="testWriteHive4UsingLegacyConversionReadHive2(String)[37]" classname="org.apache.hadoop.hive.ql.io.parquet.serde.TestParquetTimestampsHive2Compatibility" time="0"/>
  <testcase name="testWriteHive4UsingLegacyConversionReadHive2(String)[38]" classname="org.apache.hadoop.hive.ql.io.parquet.serde.TestParquetTimestampsHive2Compatibility" time="0"/>
  <testcase name="testWriteHive4UsingLegacyConversionReadHive2(String)[39]" classname="org.apache.hadoop.hive.ql.io.parquet.serde.TestParquetTimestampsHive2Compatibility" time="0"/>
  <testcase name="testWriteHive4UsingLegacyConversionReadHive2(String)[40]" classname="org.apache.hadoop.hive.ql.io.parquet.serde.TestParquetTimestampsHive2Compatibility" time="0"/>
  <testcase name="testWriteHive4UsingLegacyConversionReadHive2(String)[41]" classname="org.apache.hadoop.hive.ql.io.parquet.serde.TestParquetTimestampsHive2Compatibility" time="0"/>
  <testcase name="testWriteHive4UsingLegacyConversionReadHive2(String)[42]" classname="org.apache.hadoop.hive.ql.io.parquet.serde.TestParquetTimestampsHive2Compatibility" time="0"/>
  <testcase name="testWriteHive4UsingLegacyConversionReadHive2(String)[43]" classname="org.apache.hadoop.hive.ql.io.parquet.serde.TestParquetTimestampsHive2Compatibility" time="0"/>
  <testcase name="testWriteHive4UsingLegacyConversionReadHive2(String)[44]" classname="org.apache.hadoop.hive.ql.io.parquet.serde.TestParquetTimestampsHive2Compatibility" time="0"/>
  <testcase name="testWriteHive4UsingLegacyConversionReadHive2(String)[45]" classname="org.apache.hadoop.hive.ql.io.parquet.serde.TestParquetTimestampsHive2Compatibility" time="0"/>
  <testcase name="testWriteHive4UsingLegacyConversionReadHive2(String)[46]" classname="org.apache.hadoop.hive.ql.io.parquet.serde.TestParquetTimestampsHive2Compatibility" time="0"/>
  <testcase name="testWriteHive4UsingLegacyConversionReadHive2(String)[47]" classname="org.apache.hadoop.hive.ql.io.parquet.serde.TestParquetTimestampsHive2Compatibility" time="0"/>
  <testcase name="testWriteHive4UsingLegacyConversionReadHive2(String)[48]" classname="org.apache.hadoop.hive.ql.io.parquet.serde.TestParquetTimestampsHive2Compatibility" time="0.001"/>
  <testcase name="testWriteHive4UsingLegacyConversionReadHive2(String)[49]" classname="org.apache.hadoop.hive.ql.io.parquet.serde.TestParquetTimestampsHive2Compatibility" time="0"/>
  <testcase name="testWriteHive4UsingLegacyConversionReadHive2(String)[50]" classname="org.apache.hadoop.hive.ql.io.parquet.serde.TestParquetTimestampsHive2Compatibility" time="0"/>
  <testcase name="testWriteHive4UsingLegacyConversionReadHive2(String)[51]" classname="org.apache.hadoop.hive.ql.io.parquet.serde.TestParquetTimestampsHive2Compatibility" time="0"/>
  <testcase name="testWriteHive4UsingLegacyConversionReadHive2(String)[52]" classname="org.apache.hadoop.hive.ql.io.parquet.serde.TestParquetTimestampsHive2Compatibility" time="0"/>
  <testcase name="testWriteHive4UsingLegacyConversionReadHive2(String)[53]" classname="org.apache.hadoop.hive.ql.io.parquet.serde.TestParquetTimestampsHive2Compatibility" time="0"/>
  <testcase name="testWriteHive4UsingLegacyConversionReadHive2(String)[54]" classname="org.apache.hadoop.hive.ql.io.parquet.serde.TestParquetTimestampsHive2Compatibility" time="0"/>
  <testcase name="testWriteHive4UsingLegacyConversionReadHive2(String)[55]" classname="org.apache.hadoop.hive.ql.io.parquet.serde.TestParquetTimestampsHive2Compatibility" time="0"/>
  <testcase name="testWriteHive4UsingLegacyConversionReadHive2(String)[56]" classname="org.apache.hadoop.hive.ql.io.parquet.serde.TestParquetTimestampsHive2Compatibility" time="0"/>
  <testcase name="testWriteHive4UsingLegacyConversionReadHive2(String)[57]" classname="org.apache.hadoop.hive.ql.io.parquet.serde.TestParquetTimestampsHive2Compatibility" time="0"/>
  <testcase name="testWriteHive4UsingLegacyConversionReadHive2(String)[58]" classname="org.apache.hadoop.hive.ql.io.parquet.serde.TestParquetTimestampsHive2Compatibility" time="0"/>
  <testcase name="testWriteHive4UsingLegacyConversionReadHive2(String)[59]" classname="org.apache.hadoop.hive.ql.io.parquet.serde.TestParquetTimestampsHive2Compatibility" time="0"/>
  <testcase name="testWriteHive4UsingLegacyConversionReadHive2(String)[60]" classname="org.apache.hadoop.hive.ql.io.parquet.serde.TestParquetTimestampsHive2Compatibility" time="0"/>
  <testcase name="testWriteHive4UsingLegacyConversionReadHive2(String)[61]" classname="org.apache.hadoop.hive.ql.io.parquet.serde.TestParquetTimestampsHive2Compatibility" time="0"/>
  <testcase name="testWriteHive4UsingLegacyConversionReadHive2(String)[62]" classname="org.apache.hadoop.hive.ql.io.parquet.serde.TestParquetTimestampsHive2Compatibility" time="0"/>
  <testcase name="testWriteHive4UsingLegacyConversionReadHive2(String)[63]" classname="org.apache.hadoop.hive.ql.io.parquet.serde.TestParquetTimestampsHive2Compatibility" time="0"/>
  <testcase name="testWriteHive4UsingLegacyConversionReadHive2(String)[64]" classname="org.apache.hadoop.hive.ql.io.parquet.serde.TestParquetTimestampsHive2Compatibility" time="0"/>
  <testcase name="testWriteHive4UsingLegacyConversionReadHive2(String)[65]" classname="org.apache.hadoop.hive.ql.io.parquet.serde.TestParquetTimestampsHive2Compatibility" time="0"/>
  <testcase name="testWriteHive4UsingLegacyConversionReadHive2(String)[66]" classname="org.apache.hadoop.hive.ql.io.parquet.serde.TestParquetTimestampsHive2Compatibility" time="0"/>
  <testcase name="testWriteHive4UsingLegacyConversionReadHive2(String)[67]" classname="org.apache.hadoop.hive.ql.io.parquet.serde.TestParquetTimestampsHive2Compatibility" time="0"/>
  <testcase name="testWriteHive4UsingLegacyConversionReadHive2(String)[68]" classname="org.apache.hadoop.hive.ql.io.parquet.serde.TestParquetTimestampsHive2Compatibility" time="0"/>
  <testcase name="testWriteHive4UsingLegacyConversionReadHive2(String)[69]" classname="org.apache.hadoop.hive.ql.io.parquet.serde.TestParquetTimestampsHive2Compatibility" time="0.001"/>
  <testcase name="testWriteHive4UsingLegacyConversionReadHive2(String)[70]" classname="org.apache.hadoop.hive.ql.io.parquet.serde.TestParquetTimestampsHive2Compatibility" time="0"/>
  <testcase name="testWriteHive4UsingLegacyConversionReadHive2(String)[71]" classname="org.apache.hadoop.hive.ql.io.parquet.serde.TestParquetTimestampsHive2Compatibility" time="0"/>
  <testcase name="testWriteHive4UsingLegacyConversionReadHive2(String)[72]" classname="org.apache.hadoop.hive.ql.io.parquet.serde.TestParquetTimestampsHive2Compatibility" time="0"/>
  <testcase name="testWriteHive4UsingLegacyConversionReadHive2(String)[73]" classname="org.apache.hadoop.hive.ql.io.parquet.serde.TestParquetTimestampsHive2Compatibility" time="0"/>
  <testcase name="testWriteHive4UsingLegacyConversionReadHive2(String)[74]" classname="org.apache.hadoop.hive.ql.io.parquet.serde.TestParquetTimestampsHive2Compatibility" time="0.001"/>
  <testcase name="testWriteHive4UsingLegacyConversionReadHive2(String)[75]" classname="org.apache.hadoop.hive.ql.io.parquet.serde.TestParquetTimestampsHive2Compatibility" time="0"/>
  <testcase name="testWriteHive4UsingLegacyConversionReadHive2(String)[76]" classname="org.apache.hadoop.hive.ql.io.parquet.serde.TestParquetTimestampsHive2Compatibility" time="0"/>
  <testcase name="testWriteHive4UsingLegacyConversionReadHive2(String)[77]" classname="org.apache.hadoop.hive.ql.io.parquet.serde.TestParquetTimestampsHive2Compatibility" time="0"/>
  <testcase name="testWriteHive4UsingLegacyConversionReadHive2(String)[78]" classname="org.apache.hadoop.hive.ql.io.parquet.serde.TestParquetTimestampsHive2Compatibility" time="0"/>
  <testcase name="testWriteHive4UsingLegacyConversionReadHive2(String)[79]" classname="org.apache.hadoop.hive.ql.io.parquet.serde.TestParquetTimestampsHive2Compatibility" time="0"/>
  <testcase name="testWriteHive4UsingLegacyConversionReadHive2(String)[80]" classname="org.apache.hadoop.hive.ql.io.parquet.serde.TestParquetTimestampsHive2Compatibility" time="0"/>
  <testcase name="testWriteHive4UsingLegacyConversionReadHive2(String)[81]" classname="org.apache.hadoop.hive.ql.io.parquet.serde.TestParquetTimestampsHive2Compatibility" time="0"/>
  <testcase name="testWriteHive4UsingLegacyConversionReadHive2(String)[82]" classname="org.apache.hadoop.hive.ql.io.parquet.serde.TestParquetTimestampsHive2Compatibility" time="0"/>
  <testcase name="testWriteHive4UsingLegacyConversionReadHive2(String)[83]" classname="org.apache.hadoop.hive.ql.io.parquet.serde.TestParquetTimestampsHive2Compatibility" time="0"/>
  <testcase name="testWriteHive4UsingLegacyConversionReadHive2(String)[84]" classname="org.apache.hadoop.hive.ql.io.parquet.serde.TestParquetTimestampsHive2Compatibility" time="0"/>
  <testcase name="testWriteHive4UsingLegacyConversionReadHive2(String)[85]" classname="org.apache.hadoop.hive.ql.io.parquet.serde.TestParquetTimestampsHive2Compatibility" time="0.001"/>
  <testcase name="testWriteHive4UsingLegacyConversionReadHive2(String)[86]" classname="org.apache.hadoop.hive.ql.io.parquet.serde.TestParquetTimestampsHive2Compatibility" time="0"/>
  <testcase name="testWriteHive4UsingLegacyConversionReadHive2(String)[87]" classname="org.apache.hadoop.hive.ql.io.parquet.serde.TestParquetTimestampsHive2Compatibility" time="0"/>
  <testcase name="testWriteHive4UsingLegacyConversionReadHive2(String)[88]" classname="org.apache.hadoop.hive.ql.io.parquet.serde.TestParquetTimestampsHive2Compatibility" time="0"/>
  <testcase name="testWriteHive4UsingLegacyConversionReadHive2(String)[89]" classname="org.apache.hadoop.hive.ql.io.parquet.serde.TestParquetTimestampsHive2Compatibility" time="0"/>
  <testcase name="testWriteHive4UsingLegacyConversionReadHive2(String)[90]" classname="org.apache.hadoop.hive.ql.io.parquet.serde.TestParquetTimestampsHive2Compatibility" time="0"/>
  <testcase name="testWriteHive4UsingLegacyConversionReadHive2(String)[91]" classname="org.apache.hadoop.hive.ql.io.parquet.serde.TestParquetTimestampsHive2Compatibility" time="0"/>
  <testcase name="testWriteHive4UsingLegacyConversionReadHive2(String)[92]" classname="org.apache.hadoop.hive.ql.io.parquet.serde.TestParquetTimestampsHive2Compatibility" time="0"/>
  <testcase name="testWriteHive4UsingLegacyConversionReadHive2(String)[93]" classname="org.apache.hadoop.hive.ql.io.parquet.serde.TestParquetTimestampsHive2Compatibility" time="0"/>
  <testcase name="testWriteHive4UsingLegacyConversionReadHive2(String)[94]" classname="org.apache.hadoop.hive.ql.io.parquet.serde.TestParquetTimestampsHive2Compatibility" time="0.001"/>
  <testcase name="testWriteHive4UsingLegacyConversionReadHive2(String)[95]" classname="org.apache.hadoop.hive.ql.io.parquet.serde.TestParquetTimestampsHive2Compatibility" time="0"/>
  <testcase name="testWriteHive4UsingLegacyConversionReadHive2(String)[96]" classname="org.apache.hadoop.hive.ql.io.parquet.serde.TestParquetTimestampsHive2Compatibility" time="0"/>
  <testcase name="testWriteHive4UsingLegacyConversionReadHive2(String)[97]" classname="org.apache.hadoop.hive.ql.io.parquet.serde.TestParquetTimestampsHive2Compatibility" time="0"/>
  <testcase name="testWriteHive4UsingLegacyConversionReadHive2(String)[98]" classname="org.apache.hadoop.hive.ql.io.parquet.serde.TestParquetTimestampsHive2Compatibility" time="0"/>
  <testcase name="testWriteHive4UsingLegacyConversionReadHive2(String)[99]" classname="org.apache.hadoop.hive.ql.io.parquet.serde.TestParquetTimestampsHive2Compatibility" time="0"/>
  <testcase name="testWriteHive4UsingLegacyConversionReadHive2(String)[100]" classname="org.apache.hadoop.hive.ql.io.parquet.serde.TestParquetTimestampsHive2Compatibility" time="0"/>
  <testcase name="testWriteHive4UsingLegacyConversionReadHive2(String)[101]" classname="org.apache.hadoop.hive.ql.io.parquet.serde.TestParquetTimestampsHive2Compatibility" time="0"/>
  <testcase name="testWriteHive4UsingLegacyConversionReadHive2(String)[102]" classname="org.apache.hadoop.hive.ql.io.parquet.serde.TestParquetTimestampsHive2Compatibility" time="0"/>
  <testcase name="testWriteHive4UsingLegacyConversionReadHive2(String)[103]" classname="org.apache.hadoop.hive.ql.io.parquet.serde.TestParquetTimestampsHive2Compatibility" time="0"/>
  <testcase name="testWriteHive4UsingLegacyConversionReadHive2(String)[104]" classname="org.apache.hadoop.hive.ql.io.parquet.serde.TestParquetTimestampsHive2Compatibility" time="0.001"/>
  <testcase name="testWriteHive4UsingLegacyConversionReadHive2(String)[105]" classname="org.apache.hadoop.hive.ql.io.parquet.serde.TestParquetTimestampsHive2Compatibility" time="0"/>
  <testcase name="testWriteHive4UsingLegacyConversionReadHive2(String)[106]" classname="org.apache.hadoop.hive.ql.io.parquet.serde.TestParquetTimestampsHive2Compatibility" time="0"/>
  <testcase name="testWriteHive4UsingLegacyConversionReadHive2(String)[107]" classname="org.apache.hadoop.hive.ql.io.parquet.serde.TestParquetTimestampsHive2Compatibility" time="0"/>
  <testcase name="testWriteHive4UsingLegacyConversionReadHive2(String)[108]" classname="org.apache.hadoop.hive.ql.io.parquet.serde.TestParquetTimestampsHive2Compatibility" time="0"/>
  <testcase name="testWriteHive4UsingLegacyConversionReadHive2(String)[109]" classname="org.apache.hadoop.hive.ql.io.parquet.serde.TestParquetTimestampsHive2Compatibility" time="0"/>
  <testcase name="testWriteHive4UsingLegacyConversionReadHive2(String)[110]" classname="org.apache.hadoop.hive.ql.io.parquet.serde.TestParquetTimestampsHive2Compatibility" time="0"/>
  <testcase name="testWriteHive4UsingLegacyConversionReadHive2(String)[111]" classname="org.apache.hadoop.hive.ql.io.parquet.serde.TestParquetTimestampsHive2Compatibility" time="0"/>
  <testcase name="testWriteHive4UsingLegacyConversionReadHive2(String)[112]" classname="org.apache.hadoop.hive.ql.io.parquet.serde.TestParquetTimestampsHive2Compatibility" time="0"/>
  <testcase name="testWriteHive4UsingLegacyConversionReadHive2(String)[113]" classname="org.apache.hadoop.hive.ql.io.parquet.serde.TestParquetTimestampsHive2Compatibility" time="0"/>
  <testcase name="testWriteHive4UsingLegacyConversionReadHive2(String)[114]" classname="org.apache.hadoop.hive.ql.io.parquet.serde.TestParquetTimestampsHive2Compatibility" time="0"/>
  <testcase name="testWriteHive4UsingLegacyConversionReadHive2(String)[115]" classname="org.apache.hadoop.hive.ql.io.parquet.serde.TestParquetTimestampsHive2Compatibility" time="0"/>
  <testcase name="testWriteHive4UsingLegacyConversionReadHive2(String)[116]" classname="org.apache.hadoop.hive.ql.io.parquet.serde.TestParquetTimestampsHive2Compatibility" time="0"/>
  <testcase name="testWriteHive4UsingLegacyConversionReadHive2(String)[117]" classname="org.apache.hadoop.hive.ql.io.parquet.serde.TestParquetTimestampsHive2Compatibility" time="0"/>
  <testcase name="testWriteHive4UsingLegacyConversionReadHive2(String)[118]" classname="org.apache.hadoop.hive.ql.io.parquet.serde.TestParquetTimestampsHive2Compatibility" time="0"/>
  <testcase name="testWriteHive4UsingLegacyConversionReadHive2(String)[119]" classname="org.apache.hadoop.hive.ql.io.parquet.serde.TestParquetTimestampsHive2Compatibility" time="0"/>
  <testcase name="testWriteHive4UsingLegacyConversionReadHive2(String)[120]" classname="org.apache.hadoop.hive.ql.io.parquet.serde.TestParquetTimestampsHive2Compatibility" time="0"/>
  <testcase name="testWriteHive4UsingLegacyConversionReadHive2(String)[121]" classname="org.apache.hadoop.hive.ql.io.parquet.serde.TestParquetTimestampsHive2Compatibility" time="0"/>
  <testcase name="testWriteHive4UsingLegacyConversionReadHive2(String)[122]" classname="org.apache.hadoop.hive.ql.io.parquet.serde.TestParquetTimestampsHive2Compatibility" time="0"/>
  <testcase name="testWriteHive4UsingLegacyConversionReadHive2(String)[123]" classname="org.apache.hadoop.hive.ql.io.parquet.serde.TestParquetTimestampsHive2Compatibility" time="0"/>
  <testcase name="testWriteHive4UsingLegacyConversionReadHive2(String)[124]" classname="org.apache.hadoop.hive.ql.io.parquet.serde.TestParquetTimestampsHive2Compatibility" time="0"/>
  <testcase name="testWriteHive4UsingLegacyConversionReadHive2(String)[125]" classname="org.apache.hadoop.hive.ql.io.parquet.serde.TestParquetTimestampsHive2Compatibility" time="0.001"/>
  <testcase name="testWriteHive4UsingLegacyConversionReadHive2(String)[126]" classname="org.apache.hadoop.hive.ql.io.parquet.serde.TestParquetTimestampsHive2Compatibility" time="0"/>
  <testcase name="testWriteHive4UsingLegacyConversionReadHive2(String)[127]" classname="org.apache.hadoop.hive.ql.io.parquet.serde.TestParquetTimestampsHive2Compatibility" time="0"/>
  <testcase name="testWriteHive4UsingLegacyConversionReadHive2(String)[128]" classname="org.apache.hadoop.hive.ql.io.parquet.serde.TestParquetTimestampsHive2Compatibility" time="0"/>
  <testcase name="testWriteHive4UsingLegacyConversionReadHive2(String)[129]" classname="org.apache.hadoop.hive.ql.io.parquet.serde.TestParquetTimestampsHive2Compatibility" time="0"/>
  <testcase name="testWriteHive4UsingLegacyConversionReadHive2(String)[130]" classname="org.apache.hadoop.hive.ql.io.parquet.serde.TestParquetTimestampsHive2Compatibility" time="0.001"/>
  <testcase name="testWriteHive4UsingLegacyConversionReadHive2(String)[131]" classname="org.apache.hadoop.hive.ql.io.parquet.serde.TestParquetTimestampsHive2Compatibility" time="0"/>
  <testcase name="testWriteHive4UsingLegacyConversionReadHive2(String)[132]" classname="org.apache.hadoop.hive.ql.io.parquet.serde.TestParquetTimestampsHive2Compatibility" time="0"/>
  <testcase name="testWriteHive4UsingLegacyConversionReadHive2(String)[133]" classname="org.apache.hadoop.hive.ql.io.parquet.serde.TestParquetTimestampsHive2Compatibility" time="0"/>
  <testcase name="testWriteHive4UsingLegacyConversionReadHive2(String)[134]" classname="org.apache.hadoop.hive.ql.io.parquet.serde.TestParquetTimestampsHive2Compatibility" time="0"/>
  <testcase name="testWriteHive4UsingLegacyConversionReadHive2(String)[135]" classname="org.apache.hadoop.hive.ql.io.parquet.serde.TestParquetTimestampsHive2Compatibility" time="0.001"/>
  <testcase name="testWriteHive4UsingLegacyConversionReadHive2(String)[136]" classname="org.apache.hadoop.hive.ql.io.parquet.serde.TestParquetTimestampsHive2Compatibility" time="0"/>
  <testcase name="testWriteHive4UsingLegacyConversionReadHive2(String)[137]" classname="org.apache.hadoop.hive.ql.io.parquet.serde.TestParquetTimestampsHive2Compatibility" time="0"/>
  <testcase name="testWriteHive4UsingLegacyConversionReadHive2(String)[138]" classname="org.apache.hadoop.hive.ql.io.parquet.serde.TestParquetTimestampsHive2Compatibility" time="0"/>
  <testcase name="testWriteHive4UsingLegacyConversionReadHive2(String)[139]" classname="org.apache.hadoop.hive.ql.io.parquet.serde.TestParquetTimestampsHive2Compatibility" time="0"/>
  <testcase name="testWriteHive4UsingLegacyConversionReadHive2(String)[140]" classname="org.apache.hadoop.hive.ql.io.parquet.serde.TestParquetTimestampsHive2Compatibility" time="0.001"/>
  <testcase name="testWriteHive4UsingLegacyConversionReadHive2(String)[141]" classname="org.apache.hadoop.hive.ql.io.parquet.serde.TestParquetTimestampsHive2Compatibility" time="0"/>
  <testcase name="testWriteHive4UsingLegacyConversionReadHive2(String)[142]" classname="org.apache.hadoop.hive.ql.io.parquet.serde.TestParquetTimestampsHive2Compatibility" time="0"/>
  <testcase name="testWriteHive4UsingLegacyConversionReadHive2(String)[143]" classname="org.apache.hadoop.hive.ql.io.parquet.serde.TestParquetTimestampsHive2Compatibility" time="0"/>
  <testcase name="testWriteHive4UsingLegacyConversionReadHive2(String)[144]" classname="org.apache.hadoop.hive.ql.io.parquet.serde.TestParquetTimestampsHive2Compatibility" time="0"/>
  <testcase name="testWriteHive4UsingLegacyConversionReadHive2(String)[145]" classname="org.apache.hadoop.hive.ql.io.parquet.serde.TestParquetTimestampsHive2Compatibility" time="0.001"/>
  <testcase name="testWriteHive4UsingLegacyConversionReadHive2(String)[146]" classname="org.apache.hadoop.hive.ql.io.parquet.serde.TestParquetTimestampsHive2Compatibility" time="0"/>
  <testcase name="testWriteHive4UsingLegacyConversionReadHive2(String)[147]" classname="org.apache.hadoop.hive.ql.io.parquet.serde.TestParquetTimestampsHive2Compatibility" time="0"/>
  <testcase name="testWriteHive4UsingLegacyConversionReadHive2(String)[148]" classname="org.apache.hadoop.hive.ql.io.parquet.serde.TestParquetTimestampsHive2Compatibility" time="0"/>
  <testcase name="testWriteHive4UsingLegacyConversionReadHive2(String)[149]" classname="org.apache.hadoop.hive.ql.io.parquet.serde.TestParquetTimestampsHive2Compatibility" time="0"/>
  <testcase name="testWriteHive4UsingLegacyConversionReadHive2(String)[150]" classname="org.apache.hadoop.hive.ql.io.parquet.serde.TestParquetTimestampsHive2Compatibility" time="0.001"/>
  <testcase name="testWriteHive4UsingLegacyConversionReadHive2(String)[151]" classname="org.apache.hadoop.hive.ql.io.parquet.serde.TestParquetTimestampsHive2Compatibility" time="0"/>
  <testcase name="testWriteHive4UsingLegacyConversionReadHive2(String)[152]" classname="org.apache.hadoop.hive.ql.io.parquet.serde.TestParquetTimestampsHive2Compatibility" time="0"/>
  <testcase name="testWriteHive4UsingLegacyConversionReadHive2(String)[153]" classname="org.apache.hadoop.hive.ql.io.parquet.serde.TestParquetTimestampsHive2Compatibility" time="0"/>
  <testcase name="testWriteHive4UsingLegacyConversionReadHive2(String)[154]" classname="org.apache.hadoop.hive.ql.io.parquet.serde.TestParquetTimestampsHive2Compatibility" time="0"/>
  <testcase name="testWriteHive4UsingLegacyConversionReadHive2(String)[155]" classname="org.apache.hadoop.hive.ql.io.parquet.serde.TestParquetTimestampsHive2Compatibility" time="0"/>
  <testcase name="testWriteHive4UsingLegacyConversionReadHive2(String)[156]" classname="org.apache.hadoop.hive.ql.io.parquet.serde.TestParquetTimestampsHive2Compatibility" time="0"/>
  <testcase name="testWriteHive4UsingLegacyConversionReadHive2(String)[157]" classname="org.apache.hadoop.hive.ql.io.parquet.serde.TestParquetTimestampsHive2Compatibility" time="0"/>
  <testcase name="testWriteHive4UsingLegacyConversionReadHive2(String)[158]" classname="org.apache.hadoop.hive.ql.io.parquet.serde.TestParquetTimestampsHive2Compatibility" time="0"/>
  <testcase name="testWriteHive4UsingLegacyConversionReadHive2(String)[159]" classname="org.apache.hadoop.hive.ql.io.parquet.serde.TestParquetTimestampsHive2Compatibility" time="0"/>
  <testcase name="testWriteHive4UsingLegacyConversionReadHive2(String)[160]" classname="org.apache.hadoop.hive.ql.io.parquet.serde.TestParquetTimestampsHive2Compatibility" time="0"/>
  <testcase name="testWriteHive4UsingLegacyConversionReadHive2(String)[161]" classname="org.apache.hadoop.hive.ql.io.parquet.serde.TestParquetTimestampsHive2Compatibility" time="0"/>
  <testcase name="testWriteHive4UsingLegacyConversionReadHive2(String)[162]" classname="org.apache.hadoop.hive.ql.io.parquet.serde.TestParquetTimestampsHive2Compatibility" time="0"/>
  <testcase name="testWriteHive4UsingLegacyConversionReadHive2(String)[163]" classname="org.apache.hadoop.hive.ql.io.parquet.serde.TestParquetTimestampsHive2Compatibility" time="0"/>
  <testcase name="testWriteHive4UsingLegacyConversionReadHive2(String)[164]" classname="org.apache.hadoop.hive.ql.io.parquet.serde.TestParquetTimestampsHive2Compatibility" time="0"/>
  <testcase name="testWriteHive4UsingLegacyConversionReadHive2(String)[165]" classname="org.apache.hadoop.hive.ql.io.parquet.serde.TestParquetTimestampsHive2Compatibility" time="0"/>
  <testcase name="testWriteHive4UsingLegacyConversionReadHive2(String)[166]" classname="org.apache.hadoop.hive.ql.io.parquet.serde.TestParquetTimestampsHive2Compatibility" time="0"/>
  <testcase name="testWriteHive4UsingLegacyConversionReadHive2(String)[167]" classname="org.apache.hadoop.hive.ql.io.parquet.serde.TestParquetTimestampsHive2Compatibility" time="0"/>
  <testcase name="testWriteHive4UsingLegacyConversionReadHive2(String)[168]" classname="org.apache.hadoop.hive.ql.io.parquet.serde.TestParquetTimestampsHive2Compatibility" time="0"/>
  <testcase name="testWriteHive4UsingLegacyConversionReadHive2(String)[169]" classname="org.apache.hadoop.hive.ql.io.parquet.serde.TestParquetTimestampsHive2Compatibility" time="0.001"/>
  <testcase name="testWriteHive4UsingLegacyConversionReadHive2(String)[170]" classname="org.apache.hadoop.hive.ql.io.parquet.serde.TestParquetTimestampsHive2Compatibility" time="0"/>
  <testcase name="testWriteHive4UsingLegacyConversionReadHive2(String)[171]" classname="org.apache.hadoop.hive.ql.io.parquet.serde.TestParquetTimestampsHive2Compatibility" time="0"/>
  <testcase name="testWriteHive4UsingLegacyConversionReadHive2(String)[172]" classname="org.apache.hadoop.hive.ql.io.parquet.serde.TestParquetTimestampsHive2Compatibility" time="0"/>
  <testcase name="testWriteHive4UsingLegacyConversionReadHive2(String)[173]" classname="org.apache.hadoop.hive.ql.io.parquet.serde.TestParquetTimestampsHive2Compatibility" time="0.001"/>
  <testcase name="testWriteHive4UsingLegacyConversionReadHive2(String)[174]" classname="org.apache.hadoop.hive.ql.io.parquet.serde.TestParquetTimestampsHive2Compatibility" time="0"/>
  <testcase name="testWriteHive4UsingLegacyConversionReadHive2(String)[175]" classname="org.apache.hadoop.hive.ql.io.parquet.serde.TestParquetTimestampsHive2Compatibility" time="0"/>
  <testcase name="testWriteHive4UsingLegacyConversionReadHive2(String)[176]" classname="org.apache.hadoop.hive.ql.io.parquet.serde.TestParquetTimestampsHive2Compatibility" time="0"/>
  <testcase name="testWriteHive4UsingLegacyConversionReadHive2(String)[177]" classname="org.apache.hadoop.hive.ql.io.parquet.serde.TestParquetTimestampsHive2Compatibility" time="0"/>
  <testcase name="testWriteHive4UsingLegacyConversionReadHive2(String)[178]" classname="org.apache.hadoop.hive.ql.io.parquet.serde.TestParquetTimestampsHive2Compatibility" time="0"/>
  <testcase name="testWriteHive4UsingLegacyConversionReadHive2(String)[179]" classname="org.apache.hadoop.hive.ql.io.parquet.serde.TestParquetTimestampsHive2Compatibility" time="0"/>
  <testcase name="testWriteHive4UsingLegacyConversionReadHive2(String)[180]" classname="org.apache.hadoop.hive.ql.io.parquet.serde.TestParquetTimestampsHive2Compatibility" time="0"/>
  <testcase name="testWriteHive4UsingLegacyConversionReadHive2(String)[181]" classname="org.apache.hadoop.hive.ql.io.parquet.serde.TestParquetTimestampsHive2Compatibility" time="0"/>
  <testcase name="testWriteHive4UsingLegacyConversionReadHive2(String)[182]" classname="org.apache.hadoop.hive.ql.io.parquet.serde.TestParquetTimestampsHive2Compatibility" time="0"/>
  <testcase name="testWriteHive4UsingLegacyConversionReadHive2(String)[183]" classname="org.apache.hadoop.hive.ql.io.parquet.serde.TestParquetTimestampsHive2Compatibility" time="0"/>
  <testcase name="testWriteHive4UsingLegacyConversionReadHive2(String)[184]" classname="org.apache.hadoop.hive.ql.io.parquet.serde.TestParquetTimestampsHive2Compatibility" time="0.001"/>
  <testcase name="testWriteHive4UsingLegacyConversionReadHive2(String)[185]" classname="org.apache.hadoop.hive.ql.io.parquet.serde.TestParquetTimestampsHive2Compatibility" time="0"/>
  <testcase name="testWriteHive4UsingLegacyConversionReadHive2(String)[186]" classname="org.apache.hadoop.hive.ql.io.parquet.serde.TestParquetTimestampsHive2Compatibility" time="0"/>
  <testcase name="testWriteHive4UsingLegacyConversionReadHive2(String)[187]" classname="org.apache.hadoop.hive.ql.io.parquet.serde.TestParquetTimestampsHive2Compatibility" time="0"/>
  <testcase name="testWriteHive4UsingLegacyConversionReadHive2(String)[188]" classname="org.apache.hadoop.hive.ql.io.parquet.serde.TestParquetTimestampsHive2Compatibility" time="0"/>
  <testcase name="testWriteHive4UsingLegacyConversionReadHive2(String)[189]" classname="org.apache.hadoop.hive.ql.io.parquet.serde.TestParquetTimestampsHive2Compatibility" time="0"/>
  <testcase name="testWriteHive4UsingLegacyConversionReadHive2(String)[190]" classname="org.apache.hadoop.hive.ql.io.parquet.serde.TestParquetTimestampsHive2Compatibility" time="0"/>
  <testcase name="testWriteHive4UsingLegacyConversionReadHive2(String)[191]" classname="org.apache.hadoop.hive.ql.io.parquet.serde.TestParquetTimestampsHive2Compatibility" time="0"/>
  <testcase name="testWriteHive4UsingLegacyConversionReadHive2(String)[192]" classname="org.apache.hadoop.hive.ql.io.parquet.serde.TestParquetTimestampsHive2Compatibility" time="0"/>
  <testcase name="testWriteHive4UsingLegacyConversionReadHive2(String)[193]" classname="org.apache.hadoop.hive.ql.io.parquet.serde.TestParquetTimestampsHive2Compatibility" time="0"/>
  <testcase name="testWriteHive4UsingLegacyConversionReadHive2(String)[194]" classname="org.apache.hadoop.hive.ql.io.parquet.serde.TestParquetTimestampsHive2Compatibility" time="0.001"/>
  <testcase name="testWriteHive4UsingLegacyConversionReadHive2(String)[195]" classname="org.apache.hadoop.hive.ql.io.parquet.serde.TestParquetTimestampsHive2Compatibility" time="0"/>
  <testcase name="testWriteHive4UsingLegacyConversionReadHive2(String)[196]" classname="org.apache.hadoop.hive.ql.io.parquet.serde.TestParquetTimestampsHive2Compatibility" time="0"/>
  <testcase name="testWriteHive4UsingLegacyConversionReadHive2(String)[197]" classname="org.apache.hadoop.hive.ql.io.parquet.serde.TestParquetTimestampsHive2Compatibility" time="0"/>
  <testcase name="testWriteHive4UsingLegacyConversionReadHive2(String)[198]" classname="org.apache.hadoop.hive.ql.io.parquet.serde.TestParquetTimestampsHive2Compatibility" time="0"/>
  <testcase name="testWriteHive4UsingLegacyConversionReadHive2(String)[199]" classname="org.apache.hadoop.hive.ql.io.parquet.serde.TestParquetTimestampsHive2Compatibility" time="0"/>
  <testcase name="testWriteHive4UsingLegacyConversionReadHive2(String)[200]" classname="org.apache.hadoop.hive.ql.io.parquet.serde.TestParquetTimestampsHive2Compatibility" time="0.001"/>
  <testcase name="testWriteHive4UsingLegacyConversionReadHive2(String)[201]" classname="org.apache.hadoop.hive.ql.io.parquet.serde.TestParquetTimestampsHive2Compatibility" time="0"/>
  <testcase name="testWriteHive4UsingLegacyConversionReadHive2(String)[202]" classname="org.apache.hadoop.hive.ql.io.parquet.serde.TestParquetTimestampsHive2Compatibility" time="0"/>
  <testcase name="testWriteHive4UsingLegacyConversionReadHive2(String)[203]" classname="org.apache.hadoop.hive.ql.io.parquet.serde.TestParquetTimestampsHive2Compatibility" time="0"/>
  <testcase name="testWriteHive4UsingLegacyConversionReadHive2(String)[204]" classname="org.apache.hadoop.hive.ql.io.parquet.serde.TestParquetTimestampsHive2Compatibility" time="0"/>
  <testcase name="testWriteHive4UsingLegacyConversionReadHive2(String)[205]" classname="org.apache.hadoop.hive.ql.io.parquet.serde.TestParquetTimestampsHive2Compatibility" time="0"/>
  <testcase name="testWriteHive4UsingLegacyConversionReadHive2(String)[206]" classname="org.apache.hadoop.hive.ql.io.parquet.serde.TestParquetTimestampsHive2Compatibility" time="0.001"/>
  <testcase name="testWriteHive4UsingLegacyConversionReadHive2(String)[207]" classname="org.apache.hadoop.hive.ql.io.parquet.serde.TestParquetTimestampsHive2Compatibility" time="0"/>
  <testcase name="testWriteHive4UsingLegacyConversionReadHive2(String)[208]" classname="org.apache.hadoop.hive.ql.io.parquet.serde.TestParquetTimestampsHive2Compatibility" time="0"/>
  <testcase name="testWriteHive4UsingLegacyConversionReadHive2(String)[209]" classname="org.apache.hadoop.hive.ql.io.parquet.serde.TestParquetTimestampsHive2Compatibility" time="0"/>
  <testcase name="testWriteHive4UsingLegacyConversionReadHive2(String)[210]" classname="org.apache.hadoop.hive.ql.io.parquet.serde.TestParquetTimestampsHive2Compatibility" time="0"/>
  <testcase name="testWriteHive4UsingLegacyConversionReadHive2(String)[211]" classname="org.apache.hadoop.hive.ql.io.parquet.serde.TestParquetTimestampsHive2Compatibility" time="0"/>
  <testcase name="testWriteHive4UsingLegacyConversionReadHive2(String)[212]" classname="org.apache.hadoop.hive.ql.io.parquet.serde.TestParquetTimestampsHive2Compatibility" time="0.001"/>
  <testcase name="testWriteHive4UsingLegacyConversionReadHive2(String)[213]" classname="org.apache.hadoop.hive.ql.io.parquet.serde.TestParquetTimestampsHive2Compatibility" time="0"/>
  <testcase name="testWriteHive4UsingLegacyConversionReadHive2(String)[214]" classname="org.apache.hadoop.hive.ql.io.parquet.serde.TestParquetTimestampsHive2Compatibility" time="0"/>
  <testcase name="testWriteHive4UsingLegacyConversionReadHive2(String)[215]" classname="org.apache.hadoop.hive.ql.io.parquet.serde.TestParquetTimestampsHive2Compatibility" time="0"/>
  <testcase name="testWriteHive4UsingLegacyConversionReadHive2(String)[216]" classname="org.apache.hadoop.hive.ql.io.parquet.serde.TestParquetTimestampsHive2Compatibility" time="0"/>
  <testcase name="testWriteHive4UsingLegacyConversionReadHive2(String)[217]" classname="org.apache.hadoop.hive.ql.io.parquet.serde.TestParquetTimestampsHive2Compatibility" time="0"/>
  <testcase name="testWriteHive4UsingLegacyConversionReadHive2(String)[218]" classname="org.apache.hadoop.hive.ql.io.parquet.serde.TestParquetTimestampsHive2Compatibility" time="0.001"/>
  <testcase name="testWriteHive4UsingLegacyConversionReadHive2(String)[219]" classname="org.apache.hadoop.hive.ql.io.parquet.serde.TestParquetTimestampsHive2Compatibility" time="0"/>
  <testcase name="testWriteHive4UsingLegacyConversionReadHive2(String)[220]" classname="org.apache.hadoop.hive.ql.io.parquet.serde.TestParquetTimestampsHive2Compatibility" time="0"/>
  <testcase name="testWriteHive4UsingLegacyConversionReadHive2(String)[221]" classname="org.apache.hadoop.hive.ql.io.parquet.serde.TestParquetTimestampsHive2Compatibility" time="0"/>
  <testcase name="testWriteHive4UsingLegacyConversionReadHive2(String)[222]" classname="org.apache.hadoop.hive.ql.io.parquet.serde.TestParquetTimestampsHive2Compatibility" time="0"/>
  <testcase name="testWriteHive4UsingLegacyConversionReadHive2(String)[223]" classname="org.apache.hadoop.hive.ql.io.parquet.serde.TestParquetTimestampsHive2Compatibility" time="0"/>
  <testcase name="testWriteHive4UsingLegacyConversionReadHive2(String)[224]" classname="org.apache.hadoop.hive.ql.io.parquet.serde.TestParquetTimestampsHive2Compatibility" time="0"/>
  <testcase name="testWriteHive4UsingLegacyConversionReadHive2(String)[225]" classname="org.apache.hadoop.hive.ql.io.parquet.serde.TestParquetTimestampsHive2Compatibility" time="0"/>
  <testcase name="testWriteHive4UsingLegacyConversionReadHive2(String)[226]" classname="org.apache.hadoop.hive.ql.io.parquet.serde.TestParquetTimestampsHive2Compatibility" time="0"/>
  <testcase name="testWriteHive4UsingLegacyConversionReadHive2(String)[227]" classname="org.apache.hadoop.hive.ql.io.parquet.serde.TestParquetTimestampsHive2Compatibility" time="0"/>
  <testcase name="testWriteHive4UsingLegacyConversionReadHive2(String)[228]" classname="org.apache.hadoop.hive.ql.io.parquet.serde.TestParquetTimestampsHive2Compatibility" time="0"/>
  <testcase name="testWriteHive4UsingLegacyConversionReadHive2(String)[229]" classname="org.apache.hadoop.hive.ql.io.parquet.serde.TestParquetTimestampsHive2Compatibility" time="0"/>
  <testcase name="testWriteHive4UsingLegacyConversionReadHive2(String)[230]" classname="org.apache.hadoop.hive.ql.io.parquet.serde.TestParquetTimestampsHive2Compatibility" time="0"/>
  <testcase name="testWriteHive4UsingLegacyConversionReadHive2(String)[231]" classname="org.apache.hadoop.hive.ql.io.parquet.serde.TestParquetTimestampsHive2Compatibility" time="0"/>
  <testcase name="testWriteHive4UsingLegacyConversionReadHive2(String)[232]" classname="org.apache.hadoop.hive.ql.io.parquet.serde.TestParquetTimestampsHive2Compatibility" time="0"/>
  <testcase name="testWriteHive4UsingLegacyConversionReadHive2(String)[233]" classname="org.apache.hadoop.hive.ql.io.parquet.serde.TestParquetTimestampsHive2Compatibility" time="0"/>
  <testcase name="testWriteHive4UsingLegacyConversionReadHive2(String)[234]" classname="org.apache.hadoop.hive.ql.io.parquet.serde.TestParquetTimestampsHive2Compatibility" time="0"/>
  <testcase name="testWriteHive4UsingLegacyConversionReadHive2(String)[235]" classname="org.apache.hadoop.hive.ql.io.parquet.serde.TestParquetTimestampsHive2Compatibility" time="0.001"/>
  <testcase name="testWriteHive4UsingLegacyConversionReadHive2(String)[236]" classname="org.apache.hadoop.hive.ql.io.parquet.serde.TestParquetTimestampsHive2Compatibility" time="0"/>
  <testcase name="testWriteHive4UsingLegacyConversionReadHive2(String)[237]" classname="org.apache.hadoop.hive.ql.io.parquet.serde.TestParquetTimestampsHive2Compatibility" time="0"/>
  <testcase name="testWriteHive4UsingLegacyConversionReadHive2(String)[238]" classname="org.apache.hadoop.hive.ql.io.parquet.serde.TestParquetTimestampsHive2Compatibility" time="0"/>
  <testcase name="testWriteHive4UsingLegacyConversionReadHive2(String)[239]" classname="org.apache.hadoop.hive.ql.io.parquet.serde.TestParquetTimestampsHive2Compatibility" time="0"/>
  <testcase name="testWriteHive4UsingLegacyConversionReadHive2(String)[240]" classname="org.apache.hadoop.hive.ql.io.parquet.serde.TestParquetTimestampsHive2Compatibility" time="0"/>
  <testcase name="testWriteHive4UsingLegacyConversionReadHive2(String)[241]" classname="org.apache.hadoop.hive.ql.io.parquet.serde.TestParquetTimestampsHive2Compatibility" time="0"/>
  <testcase name="testWriteHive4UsingLegacyConversionReadHive2(String)[242]" classname="org.apache.hadoop.hive.ql.io.parquet.serde.TestParquetTimestampsHive2Compatibility" time="0"/>
  <testcase name="testWriteHive4UsingLegacyConversionReadHive2(String)[243]" classname="org.apache.hadoop.hive.ql.io.parquet.serde.TestParquetTimestampsHive2Compatibility" time="0"/>
  <testcase name="testWriteHive4UsingLegacyConversionReadHive2(String)[244]" classname="org.apache.hadoop.hive.ql.io.parquet.serde.TestParquetTimestampsHive2Compatibility" time="0"/>
  <testcase name="testWriteHive4UsingLegacyConversionReadHive2(String)[245]" classname="org.apache.hadoop.hive.ql.io.parquet.serde.TestParquetTimestampsHive2Compatibility" time="0"/>
  <testcase name="testWriteHive4UsingLegacyConversionReadHive2(String)[246]" classname="org.apache.hadoop.hive.ql.io.parquet.serde.TestParquetTimestampsHive2Compatibility" time="0"/>
  <testcase name="testWriteHive4UsingLegacyConversionReadHive2(String)[247]" classname="org.apache.hadoop.hive.ql.io.parquet.serde.TestParquetTimestampsHive2Compatibility" time="0"/>
  <testcase name="testWriteHive4UsingLegacyConversionReadHive2(String)[248]" classname="org.apache.hadoop.hive.ql.io.parquet.serde.TestParquetTimestampsHive2Compatibility" time="0"/>
  <testcase name="testWriteHive4UsingLegacyConversionReadHive2(String)[249]" classname="org.apache.hadoop.hive.ql.io.parquet.serde.TestParquetTimestampsHive2Compatibility" time="0"/>
  <testcase name="testWriteHive4UsingLegacyConversionReadHive2(String)[250]" classname="org.apache.hadoop.hive.ql.io.parquet.serde.TestParquetTimestampsHive2Compatibility" time="0"/>
  <testcase name="testWriteHive4UsingLegacyConversionReadHive2(String)[251]" classname="org.apache.hadoop.hive.ql.io.parquet.serde.TestParquetTimestampsHive2Compatibility" time="0"/>
  <testcase name="testWriteHive4UsingLegacyConversionReadHive2(String)[252]" classname="org.apache.hadoop.hive.ql.io.parquet.serde.TestParquetTimestampsHive2Compatibility" time="0"/>
  <testcase name="testWriteHive4UsingLegacyConversionReadHive2(String)[253]" classname="org.apache.hadoop.hive.ql.io.parquet.serde.TestParquetTimestampsHive2Compatibility" time="0"/>
  <testcase name="testWriteHive4UsingLegacyConversionReadHive2(String)[254]" classname="org.apache.hadoop.hive.ql.io.parquet.serde.TestParquetTimestampsHive2Compatibility" time="0"/>
  <testcase name="testWriteHive4UsingLegacyConversionReadHive2(String)[255]" classname="org.apache.hadoop.hive.ql.io.parquet.serde.TestParquetTimestampsHive2Compatibility" time="0"/>
  <testcase name="testWriteHive4UsingLegacyConversionReadHive2(String)[256]" classname="org.apache.hadoop.hive.ql.io.parquet.serde.TestParquetTimestampsHive2Compatibility" time="0"/>
  <testcase name="testWriteHive4UsingLegacyConversionReadHive2(String)[257]" classname="org.apache.hadoop.hive.ql.io.parquet.serde.TestParquetTimestampsHive2Compatibility" time="0.001"/>
  <testcase name="testWriteHive4UsingLegacyConversionReadHive2(String)[258]" classname="org.apache.hadoop.hive.ql.io.parquet.serde.TestParquetTimestampsHive2Compatibility" time="0"/>
  <testcase name="testWriteHive4UsingLegacyConversionReadHive2(String)[259]" classname="org.apache.hadoop.hive.ql.io.parquet.serde.TestParquetTimestampsHive2Compatibility" time="0"/>
  <testcase name="testWriteHive4UsingLegacyConversionReadHive2(String)[260]" classname="org.apache.hadoop.hive.ql.io.parquet.serde.TestParquetTimestampsHive2Compatibility" time="0"/>
  <testcase name="testWriteHive4UsingLegacyConversionReadHive2(String)[261]" classname="org.apache.hadoop.hive.ql.io.parquet.serde.TestParquetTimestampsHive2Compatibility" time="0"/>
  <testcase name="testWriteHive4UsingLegacyConversionReadHive2(String)[262]" classname="org.apache.hadoop.hive.ql.io.parquet.serde.TestParquetTimestampsHive2Compatibility" time="0"/>
  <testcase name="testWriteHive4UsingLegacyConversionReadHive2(String)[263]" classname="org.apache.hadoop.hive.ql.io.parquet.serde.TestParquetTimestampsHive2Compatibility" time="0.001"/>
  <testcase name="testWriteHive4UsingLegacyConversionReadHive2(String)[264]" classname="org.apache.hadoop.hive.ql.io.parquet.serde.TestParquetTimestampsHive2Compatibility" time="0"/>
  <testcase name="testWriteHive4UsingLegacyConversionReadHive2(String)[265]" classname="org.apache.hadoop.hive.ql.io.parquet.serde.TestParquetTimestampsHive2Compatibility" time="0"/>
  <testcase name="testWriteHive4UsingLegacyConversionReadHive2(String)[266]" classname="org.apache.hadoop.hive.ql.io.parquet.serde.TestParquetTimestampsHive2Compatibility" time="0"/>
  <testcase name="testWriteHive4UsingLegacyConversionReadHive2(String)[267]" classname="org.apache.hadoop.hive.ql.io.parquet.serde.TestParquetTimestampsHive2Compatibility" time="0"/>
  <testcase name="testWriteHive4UsingLegacyConversionReadHive2(String)[268]" classname="org.apache.hadoop.hive.ql.io.parquet.serde.TestParquetTimestampsHive2Compatibility" time="0"/>
  <testcase name="testWriteHive4UsingLegacyConversionReadHive2(String)[269]" classname="org.apache.hadoop.hive.ql.io.parquet.serde.TestParquetTimestampsHive2Compatibility" time="0"/>
  <testcase name="testWriteHive4UsingLegacyConversionReadHive2(String)[270]" classname="org.apache.hadoop.hive.ql.io.parquet.serde.TestParquetTimestampsHive2Compatibility" time="0"/>
  <testcase name="testWriteHive4UsingLegacyConversionReadHive2(String)[271]" classname="org.apache.hadoop.hive.ql.io.parquet.serde.TestParquetTimestampsHive2Compatibility" time="0"/>
  <testcase name="testWriteHive4UsingLegacyConversionReadHive2(String)[272]" classname="org.apache.hadoop.hive.ql.io.parquet.serde.TestParquetTimestampsHive2Compatibility" time="0"/>
  <testcase name="testWriteHive4UsingLegacyConversionReadHive2(String)[273]" classname="org.apache.hadoop.hive.ql.io.parquet.serde.TestParquetTimestampsHive2Compatibility" time="0"/>
  <testcase name="testWriteHive4UsingLegacyConversionReadHive2(String)[274]" classname="org.apache.hadoop.hive.ql.io.parquet.serde.TestParquetTimestampsHive2Compatibility" time="0"/>
  <testcase name="testWriteHive4UsingLegacyConversionReadHive2(String)[275]" classname="org.apache.hadoop.hive.ql.io.parquet.serde.TestParquetTimestampsHive2Compatibility" time="0"/>
  <testcase name="testWriteHive4UsingLegacyConversionReadHive2(String)[276]" classname="org.apache.hadoop.hive.ql.io.parquet.serde.TestParquetTimestampsHive2Compatibility" time="0"/>
  <testcase name="testWriteHive4UsingLegacyConversionReadHive2(String)[277]" classname="org.apache.hadoop.hive.ql.io.parquet.serde.TestParquetTimestampsHive2Compatibility" time="0"/>
  <testcase name="testWriteHive4UsingLegacyConversionReadHive2(String)[278]" classname="org.apache.hadoop.hive.ql.io.parquet.serde.TestParquetTimestampsHive2Compatibility" time="0"/>
  <testcase name="testWriteHive4UsingLegacyConversionReadHive2(String)[279]" classname="org.apache.hadoop.hive.ql.io.parquet.serde.TestParquetTimestampsHive2Compatibility" time="0"/>
  <testcase name="testWriteHive4UsingLegacyConversionReadHive2(String)[280]" classname="org.apache.hadoop.hive.ql.io.parquet.serde.TestParquetTimestampsHive2Compatibility" time="0"/>
  <testcase name="testWriteHive4UsingLegacyConversionReadHive2(String)[281]" classname="org.apache.hadoop.hive.ql.io.parquet.serde.TestParquetTimestampsHive2Compatibility" time="0"/>
  <testcase name="testWriteHive4UsingLegacyConversionReadHive2(String)[282]" classname="org.apache.hadoop.hive.ql.io.parquet.serde.TestParquetTimestampsHive2Compatibility" time="0.001"/>
  <testcase name="testWriteHive4UsingLegacyConversionReadHive2(String)[283]" classname="org.apache.hadoop.hive.ql.io.parquet.serde.TestParquetTimestampsHive2Compatibility" time="0"/>
  <testcase name="testWriteHive4UsingLegacyConversionReadHive2(String)[284]" classname="org.apache.hadoop.hive.ql.io.parquet.serde.TestParquetTimestampsHive2Compatibility" time="0"/>
  <testcase name="testWriteHive4UsingLegacyConversionReadHive2(String)[285]" classname="org.apache.hadoop.hive.ql.io.parquet.serde.TestParquetTimestampsHive2Compatibility" time="0"/>
  <testcase name="testWriteHive4UsingLegacyConversionReadHive2(String)[286]" classname="org.apache.hadoop.hive.ql.io.parquet.serde.TestParquetTimestampsHive2Compatibility" time="0"/>
  <testcase name="testWriteHive4UsingLegacyConversionReadHive2(String)[287]" classname="org.apache.hadoop.hive.ql.io.parquet.serde.TestParquetTimestampsHive2Compatibility" time="0"/>
  <testcase name="testWriteHive4UsingLegacyConversionReadHive2(String)[288]" classname="org.apache.hadoop.hive.ql.io.parquet.serde.TestParquetTimestampsHive2Compatibility" time="0"/>
  <testcase name="testWriteHive4UsingLegacyConversionReadHive2(String)[289]" classname="org.apache.hadoop.hive.ql.io.parquet.serde.TestParquetTimestampsHive2Compatibility" time="0"/>
  <testcase name="testWriteHive4UsingLegacyConversionReadHive2(String)[290]" classname="org.apache.hadoop.hive.ql.io.parquet.serde.TestParquetTimestampsHive2Compatibility" time="0"/>
  <testcase name="testWriteHive4UsingLegacyConversionReadHive2(String)[291]" classname="org.apache.hadoop.hive.ql.io.parquet.serde.TestParquetTimestampsHive2Compatibility" time="0"/>
  <testcase name="testWriteHive4UsingLegacyConversionReadHive2(String)[292]" classname="org.apache.hadoop.hive.ql.io.parquet.serde.TestParquetTimestampsHive2Compatibility" time="0"/>
  <testcase name="testWriteHive4UsingLegacyConversionReadHive2(String)[293]" classname="org.apache.hadoop.hive.ql.io.parquet.serde.TestParquetTimestampsHive2Compatibility" time="0.001"/>
  <testcase name="testWriteHive4UsingLegacyConversionReadHive2(String)[294]" classname="org.apache.hadoop.hive.ql.io.parquet.serde.TestParquetTimestampsHive2Compatibility" time="0"/>
  <testcase name="testWriteHive4UsingLegacyConversionReadHive2(String)[295]" classname="org.apache.hadoop.hive.ql.io.parquet.serde.TestParquetTimestampsHive2Compatibility" time="0"/>
  <testcase name="testWriteHive4UsingLegacyConversionReadHive2(String)[296]" classname="org.apache.hadoop.hive.ql.io.parquet.serde.TestParquetTimestampsHive2Compatibility" time="0"/>
  <testcase name="testWriteHive4UsingLegacyConversionReadHive2(String)[297]" classname="org.apache.hadoop.hive.ql.io.parquet.serde.TestParquetTimestampsHive2Compatibility" time="0"/>
  <testcase name="testWriteHive4UsingLegacyConversionReadHive2(String)[298]" classname="org.apache.hadoop.hive.ql.io.parquet.serde.TestParquetTimestampsHive2Compatibility" time="0"/>
  <testcase name="testWriteHive4UsingLegacyConversionReadHive2(String)[299]" classname="org.apache.hadoop.hive.ql.io.parquet.serde.TestParquetTimestampsHive2Compatibility" time="0"/>
  <testcase name="testWriteHive4UsingLegacyConversionReadHive2(String)[300]" classname="org.apache.hadoop.hive.ql.io.parquet.serde.TestParquetTimestampsHive2Compatibility" time="0"/>
  <testcase name="testWriteHive4UsingLegacyConversionReadHive2(String)[301]" classname="org.apache.hadoop.hive.ql.io.parquet.serde.TestParquetTimestampsHive2Compatibility" time="0"/>
  <testcase name="testWriteHive4UsingLegacyConversionReadHive2(String)[302]" classname="org.apache.hadoop.hive.ql.io.parquet.serde.TestParquetTimestampsHive2Compatibility" time="0"/>
  <testcase name="testWriteHive4UsingLegacyConversionReadHive2(String)[303]" classname="org.apache.hadoop.hive.ql.io.parquet.serde.TestParquetTimestampsHive2Compatibility" time="0"/>
  <testcase name="testWriteHive4UsingLegacyConversionReadHive2(String)[304]" classname="org.apache.hadoop.hive.ql.io.parquet.serde.TestParquetTimestampsHive2Compatibility" time="0"/>
  <testcase name="testWriteHive4UsingLegacyConversionReadHive2(String)[305]" classname="org.apache.hadoop.hive.ql.io.parquet.serde.TestParquetTimestampsHive2Compatibility" time="0.001"/>
  <testcase name="testWriteHive4UsingLegacyConversionReadHive2(String)[306]" classname="org.apache.hadoop.hive.ql.io.parquet.serde.TestParquetTimestampsHive2Compatibility" time="0"/>
  <testcase name="testWriteHive4UsingLegacyConversionReadHive2(String)[307]" classname="org.apache.hadoop.hive.ql.io.parquet.serde.TestParquetTimestampsHive2Compatibility" time="0"/>
  <testcase name="testWriteHive4UsingLegacyConversionReadHive2(String)[308]" classname="org.apache.hadoop.hive.ql.io.parquet.serde.TestParquetTimestampsHive2Compatibility" time="0"/>
  <testcase name="testWriteHive4UsingLegacyConversionReadHive2(String)[309]" classname="org.apache.hadoop.hive.ql.io.parquet.serde.TestParquetTimestampsHive2Compatibility" time="0"/>
  <testcase name="testWriteHive4UsingLegacyConversionReadHive2(String)[310]" classname="org.apache.hadoop.hive.ql.io.parquet.serde.TestParquetTimestampsHive2Compatibility" time="0"/>
  <testcase name="testWriteHive4UsingLegacyConversionReadHive2(String)[311]" classname="org.apache.hadoop.hive.ql.io.parquet.serde.TestParquetTimestampsHive2Compatibility" time="0.001"/>
  <testcase name="testWriteHive4UsingLegacyConversionReadHive2(String)[312]" classname="org.apache.hadoop.hive.ql.io.parquet.serde.TestParquetTimestampsHive2Compatibility" time="0"/>
  <testcase name="testWriteHive4UsingLegacyConversionReadHive2(String)[313]" classname="org.apache.hadoop.hive.ql.io.parquet.serde.TestParquetTimestampsHive2Compatibility" time="0"/>
  <testcase name="testWriteHive4UsingLegacyConversionReadHive2(String)[314]" classname="org.apache.hadoop.hive.ql.io.parquet.serde.TestParquetTimestampsHive2Compatibility" time="0"/>
  <testcase name="testWriteHive4UsingLegacyConversionReadHive2(String)[315]" classname="org.apache.hadoop.hive.ql.io.parquet.serde.TestParquetTimestampsHive2Compatibility" time="0"/>
  <testcase name="testWriteHive4UsingLegacyConversionReadHive2(String)[316]" classname="org.apache.hadoop.hive.ql.io.parquet.serde.TestParquetTimestampsHive2Compatibility" time="0.001"/>
  <testcase name="testWriteHive4UsingLegacyConversionReadHive2(String)[317]" classname="org.apache.hadoop.hive.ql.io.parquet.serde.TestParquetTimestampsHive2Compatibility" time="0"/>
  <testcase name="testWriteHive4UsingLegacyConversionReadHive2(String)[318]" classname="org.apache.hadoop.hive.ql.io.parquet.serde.TestParquetTimestampsHive2Compatibility" time="0"/>
  <testcase name="testWriteHive4UsingLegacyConversionReadHive2(String)[319]" classname="org.apache.hadoop.hive.ql.io.parquet.serde.TestParquetTimestampsHive2Compatibility" time="0"/>
  <testcase name="testWriteHive4UsingLegacyConversionReadHive2(String)[320]" classname="org.apache.hadoop.hive.ql.io.parquet.serde.TestParquetTimestampsHive2Compatibility" time="0"/>
  <testcase name="testWriteHive4UsingLegacyConversionReadHive2(String)[321]" classname="org.apache.hadoop.hive.ql.io.parquet.serde.TestParquetTimestampsHive2Compatibility" time="0"/>
  <testcase name="testWriteHive4UsingLegacyConversionReadHive2(String)[322]" classname="org.apache.hadoop.hive.ql.io.parquet.serde.TestParquetTimestampsHive2Compatibility" time="0.001"/>
  <testcase name="testWriteHive4UsingLegacyConversionReadHive2(String)[323]" classname="org.apache.hadoop.hive.ql.io.parquet.serde.TestParquetTimestampsHive2Compatibility" time="0"/>
  <testcase name="testWriteHive4UsingLegacyConversionReadHive2(String)[324]" classname="org.apache.hadoop.hive.ql.io.parquet.serde.TestParquetTimestampsHive2Compatibility" time="0"/>
  <testcase name="testWriteHive4UsingLegacyConversionReadHive2(String)[325]" classname="org.apache.hadoop.hive.ql.io.parquet.serde.TestParquetTimestampsHive2Compatibility" time="0"/>
  <testcase name="testWriteHive4UsingLegacyConversionReadHive2(String)[326]" classname="org.apache.hadoop.hive.ql.io.parquet.serde.TestParquetTimestampsHive2Compatibility" time="0"/>
  <testcase name="testWriteHive4UsingLegacyConversionReadHive2(String)[327]" classname="org.apache.hadoop.hive.ql.io.parquet.serde.TestParquetTimestampsHive2Compatibility" time="0"/>
  <testcase name="testWriteHive4UsingLegacyConversionReadHive2(String)[328]" classname="org.apache.hadoop.hive.ql.io.parquet.serde.TestParquetTimestampsHive2Compatibility" time="0"/>
  <testcase name="testWriteHive4UsingLegacyConversionReadHive2(String)[329]" classname="org.apache.hadoop.hive.ql.io.parquet.serde.TestParquetTimestampsHive2Compatibility" time="0"/>
  <testcase name="testWriteHive4UsingLegacyConversionReadHive2(String)[330]" classname="org.apache.hadoop.hive.ql.io.parquet.serde.TestParquetTimestampsHive2Compatibility" time="0"/>
  <testcase name="testWriteHive4UsingLegacyConversionReadHive2(String)[331]" classname="org.apache.hadoop.hive.ql.io.parquet.serde.TestParquetTimestampsHive2Compatibility" time="0"/>
  <testcase name="testWriteHive4UsingLegacyConversionReadHive2(String)[332]" classname="org.apache.hadoop.hive.ql.io.parquet.serde.TestParquetTimestampsHive2Compatibility" time="0"/>
  <testcase name="testWriteHive4UsingLegacyConversionReadHive2(String)[333]" classname="org.apache.hadoop.hive.ql.io.parquet.serde.TestParquetTimestampsHive2Compatibility" time="0"/>
  <testcase name="testWriteHive4UsingLegacyConversionReadHive2(String)[334]" classname="org.apache.hadoop.hive.ql.io.parquet.serde.TestParquetTimestampsHive2Compatibility" time="0"/>
  <testcase name="testWriteHive4UsingLegacyConversionReadHive2(String)[335]" classname="org.apache.hadoop.hive.ql.io.parquet.serde.TestParquetTimestampsHive2Compatibility" time="0"/>
  <testcase name="testWriteHive4UsingLegacyConversionReadHive2(String)[336]" classname="org.apache.hadoop.hive.ql.io.parquet.serde.TestParquetTimestampsHive2Compatibility" time="0"/>
  <testcase name="testWriteHive4UsingLegacyConversionReadHive2(String)[337]" classname="org.apache.hadoop.hive.ql.io.parquet.serde.TestParquetTimestampsHive2Compatibility" time="0"/>
  <testcase name="testWriteHive4UsingLegacyConversionReadHive2(String)[338]" classname="org.apache.hadoop.hive.ql.io.parquet.serde.TestParquetTimestampsHive2Compatibility" time="0"/>
  <testcase name="testWriteHive4UsingLegacyConversionReadHive2(String)[339]" classname="org.apache.hadoop.hive.ql.io.parquet.serde.TestParquetTimestampsHive2Compatibility" time="0"/>
  <testcase name="testWriteHive4UsingLegacyConversionReadHive2(String)[340]" classname="org.apache.hadoop.hive.ql.io.parquet.serde.TestParquetTimestampsHive2Compatibility" time="0"/>
  <testcase name="testWriteHive4UsingLegacyConversionReadHive2(String)[341]" classname="org.apache.hadoop.hive.ql.io.parquet.serde.TestParquetTimestampsHive2Compatibility" time="0"/>
  <testcase name="testWriteHive4UsingLegacyConversionReadHive2(String)[342]" classname="org.apache.hadoop.hive.ql.io.parquet.serde.TestParquetTimestampsHive2Compatibility" time="0"/>
  <testcase name="testWriteHive4UsingLegacyConversionReadHive2(String)[343]" classname="org.apache.hadoop.hive.ql.io.parquet.serde.TestParquetTimestampsHive2Compatibility" time="0"/>
  <testcase name="testWriteHive4UsingLegacyConversionReadHive2(String)[344]" classname="org.apache.hadoop.hive.ql.io.parquet.serde.TestParquetTimestampsHive2Compatibility" time="0"/>
  <testcase name="testWriteHive4UsingLegacyConversionReadHive2(String)[345]" classname="org.apache.hadoop.hive.ql.io.parquet.serde.TestParquetTimestampsHive2Compatibility" time="0.001"/>
  <testcase name="testWriteHive4UsingLegacyConversionReadHive2(String)[346]" classname="org.apache.hadoop.hive.ql.io.parquet.serde.TestParquetTimestampsHive2Compatibility" time="0"/>
  <testcase name="testWriteHive4UsingLegacyConversionReadHive2(String)[347]" classname="org.apache.hadoop.hive.ql.io.parquet.serde.TestParquetTimestampsHive2Compatibility" time="0"/>
  <testcase name="testWriteHive4UsingLegacyConversionReadHive2(String)[348]" classname="org.apache.hadoop.hive.ql.io.parquet.serde.TestParquetTimestampsHive2Compatibility" time="0"/>
  <testcase name="testWriteHive4UsingLegacyConversionReadHive2(String)[349]" classname="org.apache.hadoop.hive.ql.io.parquet.serde.TestParquetTimestampsHive2Compatibility" time="0"/>
  <testcase name="testWriteHive4UsingLegacyConversionReadHive2(String)[350]" classname="org.apache.hadoop.hive.ql.io.parquet.serde.TestParquetTimestampsHive2Compatibility" time="0"/>
  <testcase name="testWriteHive4UsingLegacyConversionReadHive2(String)[351]" classname="org.apache.hadoop.hive.ql.io.parquet.serde.TestParquetTimestampsHive2Compatibility" time="0.001"/>
  <testcase name="testWriteHive4UsingLegacyConversionReadHive2(String)[352]" classname="org.apache.hadoop.hive.ql.io.parquet.serde.TestParquetTimestampsHive2Compatibility" time="0"/>
  <testcase name="testWriteHive4UsingLegacyConversionReadHive2(String)[353]" classname="org.apache.hadoop.hive.ql.io.parquet.serde.TestParquetTimestampsHive2Compatibility" time="0"/>
  <testcase name="testWriteHive4UsingLegacyConversionReadHive2(String)[354]" classname="org.apache.hadoop.hive.ql.io.parquet.serde.TestParquetTimestampsHive2Compatibility" time="0"/>
  <testcase name="testWriteHive4UsingLegacyConversionReadHive2(String)[355]" classname="org.apache.hadoop.hive.ql.io.parquet.serde.TestParquetTimestampsHive2Compatibility" time="0"/>
  <testcase name="testWriteHive4UsingLegacyConversionReadHive2(String)[356]" classname="org.apache.hadoop.hive.ql.io.parquet.serde.TestParquetTimestampsHive2Compatibility" time="0"/>
  <testcase name="testWriteHive4UsingLegacyConversionReadHive2(String)[357]" classname="org.apache.hadoop.hive.ql.io.parquet.serde.TestParquetTimestampsHive2Compatibility" time="0.001"/>
  <testcase name="testWriteHive4UsingLegacyConversionReadHive2(String)[358]" classname="org.apache.hadoop.hive.ql.io.parquet.serde.TestParquetTimestampsHive2Compatibility" time="0"/>
  <testcase name="testWriteHive4UsingLegacyConversionReadHive2(String)[359]" classname="org.apache.hadoop.hive.ql.io.parquet.serde.TestParquetTimestampsHive2Compatibility" time="0"/>
  <testcase name="testWriteHive4UsingLegacyConversionReadHive2(String)[360]" classname="org.apache.hadoop.hive.ql.io.parquet.serde.TestParquetTimestampsHive2Compatibility" time="0"/>
  <testcase name="testWriteHive4UsingLegacyConversionReadHive2(String)[361]" classname="org.apache.hadoop.hive.ql.io.parquet.serde.TestParquetTimestampsHive2Compatibility" time="0"/>
  <testcase name="testWriteHive4UsingLegacyConversionReadHive2(String)[362]" classname="org.apache.hadoop.hive.ql.io.parquet.serde.TestParquetTimestampsHive2Compatibility" time="0"/>
  <testcase name="testWriteHive4UsingLegacyConversionReadHive2(String)[363]" classname="org.apache.hadoop.hive.ql.io.parquet.serde.TestParquetTimestampsHive2Compatibility" time="0.001"/>
  <testcase name="testWriteHive4UsingLegacyConversionReadHive2(String)[364]" classname="org.apache.hadoop.hive.ql.io.parquet.serde.TestParquetTimestampsHive2Compatibility" time="0"/>
  <testcase name="testWriteHive4UsingLegacyConversionReadHive2(String)[365]" classname="org.apache.hadoop.hive.ql.io.parquet.serde.TestParquetTimestampsHive2Compatibility" time="0"/>
  <testcase name="testWriteHive4UsingLegacyConversionReadHive2(String)[366]" classname="org.apache.hadoop.hive.ql.io.parquet.serde.TestParquetTimestampsHive2Compatibility" time="0"/>
  <testcase name="testWriteHive4UsingLegacyConversionReadHive2(String)[367]" classname="org.apache.hadoop.hive.ql.io.parquet.serde.TestParquetTimestampsHive2Compatibility" time="0"/>
  <testcase name="testWriteHive4UsingLegacyConversionReadHive2(String)[368]" classname="org.apache.hadoop.hive.ql.io.parquet.serde.TestParquetTimestampsHive2Compatibility" time="0"/>
  <testcase name="testWriteHive4UsingLegacyConversionReadHive2(String)[369]" classname="org.apache.hadoop.hive.ql.io.parquet.serde.TestParquetTimestampsHive2Compatibility" time="0"/>
  <testcase name="testWriteHive4UsingLegacyConversionReadHive2(String)[370]" classname="org.apache.hadoop.hive.ql.io.parquet.serde.TestParquetTimestampsHive2Compatibility" time="0"/>
  <testcase name="testWriteHive4UsingLegacyConversionReadHive2(String)[371]" classname="org.apache.hadoop.hive.ql.io.parquet.serde.TestParquetTimestampsHive2Compatibility" time="0"/>
  <testcase name="testWriteHive4UsingLegacyConversionReadHive2(String)[372]" classname="org.apache.hadoop.hive.ql.io.parquet.serde.TestParquetTimestampsHive2Compatibility" time="0"/>
  <testcase name="testWriteHive4UsingLegacyConversionReadHive2(String)[373]" classname="org.apache.hadoop.hive.ql.io.parquet.serde.TestParquetTimestampsHive2Compatibility" time="0"/>
  <testcase name="testWriteHive4UsingLegacyConversionReadHive2(String)[374]" classname="org.apache.hadoop.hive.ql.io.parquet.serde.TestParquetTimestampsHive2Compatibility" time="0"/>
  <testcase name="testWriteHive4UsingLegacyConversionReadHive2(String)[375]" classname="org.apache.hadoop.hive.ql.io.parquet.serde.TestParquetTimestampsHive2Compatibility" time="0"/>
  <testcase name="testWriteHive4UsingLegacyConversionReadHive2(String)[376]" classname="org.apache.hadoop.hive.ql.io.parquet.serde.TestParquetTimestampsHive2Compatibility" time="0"/>
  <testcase name="testWriteHive4UsingLegacyConversionReadHive2(String)[377]" classname="org.apache.hadoop.hive.ql.io.parquet.serde.TestParquetTimestampsHive2Compatibility" time="0"/>
  <testcase name="testWriteHive4UsingLegacyConversionReadHive2(String)[378]" classname="org.apache.hadoop.hive.ql.io.parquet.serde.TestParquetTimestampsHive2Compatibility" time="0"/>
  <testcase name="testWriteHive4UsingLegacyConversionReadHive2(String)[379]" classname="org.apache.hadoop.hive.ql.io.parquet.serde.TestParquetTimestampsHive2Compatibility" time="0"/>
  <testcase name="testWriteHive4UsingLegacyConversionReadHive2(String)[380]" classname="org.apache.hadoop.hive.ql.io.parquet.serde.TestParquetTimestampsHive2Compatibility" time="0"/>
  <testcase name="testWriteHive4UsingLegacyConversionReadHive2(String)[381]" classname="org.apache.hadoop.hive.ql.io.parquet.serde.TestParquetTimestampsHive2Compatibility" time="0"/>
  <testcase name="testWriteHive4UsingLegacyConversionReadHive2(String)[382]" classname="org.apache.hadoop.hive.ql.io.parquet.serde.TestParquetTimestampsHive2Compatibility" time="0"/>
  <testcase name="testWriteHive4UsingLegacyConversionReadHive2(String)[383]" classname="org.apache.hadoop.hive.ql.io.parquet.serde.TestParquetTimestampsHive2Compatibility" time="0"/>
  <testcase name="testWriteHive4UsingLegacyConversionReadHive2(String)[384]" classname="org.apache.hadoop.hive.ql.io.parquet.serde.TestParquetTimestampsHive2Compatibility" time="0"/>
  <testcase name="testWriteHive4UsingLegacyConversionReadHive2(String)[385]" classname="org.apache.hadoop.hive.ql.io.parquet.serde.TestParquetTimestampsHive2Compatibility" time="0"/>
  <testcase name="testWriteHive4UsingLegacyConversionReadHive2(String)[386]" classname="org.apache.hadoop.hive.ql.io.parquet.serde.TestParquetTimestampsHive2Compatibility" time="0"/>
  <testcase name="testWriteHive4UsingLegacyConversionReadHive2(String)[387]" classname="org.apache.hadoop.hive.ql.io.parquet.serde.TestParquetTimestampsHive2Compatibility" time="0"/>
  <testcase name="testWriteHive4UsingLegacyConversionReadHive2(String)[388]" classname="org.apache.hadoop.hive.ql.io.parquet.serde.TestParquetTimestampsHive2Compatibility" time="0.001"/>
  <testcase name="testWriteHive4UsingLegacyConversionReadHive2(String)[389]" classname="org.apache.hadoop.hive.ql.io.parquet.serde.TestParquetTimestampsHive2Compatibility" time="0"/>
  <testcase name="testWriteHive4UsingLegacyConversionReadHive2(String)[390]" classname="org.apache.hadoop.hive.ql.io.parquet.serde.TestParquetTimestampsHive2Compatibility" time="0"/>
  <testcase name="testWriteHive4UsingLegacyConversionReadHive2(String)[391]" classname="org.apache.hadoop.hive.ql.io.parquet.serde.TestParquetTimestampsHive2Compatibility" time="0"/>
  <testcase name="testWriteHive4UsingLegacyConversionReadHive2(String)[392]" classname="org.apache.hadoop.hive.ql.io.parquet.serde.TestParquetTimestampsHive2Compatibility" time="0"/>
  <testcase name="testWriteHive4UsingLegacyConversionReadHive2(String)[393]" classname="org.apache.hadoop.hive.ql.io.parquet.serde.TestParquetTimestampsHive2Compatibility" time="0"/>
  <testcase name="testWriteHive4UsingLegacyConversionReadHive2(String)[394]" classname="org.apache.hadoop.hive.ql.io.parquet.serde.TestParquetTimestampsHive2Compatibility" time="0"/>
  <testcase name="testWriteHive4UsingLegacyConversionReadHive2(String)[395]" classname="org.apache.hadoop.hive.ql.io.parquet.serde.TestParquetTimestampsHive2Compatibility" time="0"/>
  <testcase name="testWriteHive4UsingLegacyConversionReadHive2(String)[396]" classname="org.apache.hadoop.hive.ql.io.parquet.serde.TestParquetTimestampsHive2Compatibility" time="0"/>
  <testcase name="testWriteHive4UsingLegacyConversionReadHive2(String)[397]" classname="org.apache.hadoop.hive.ql.io.parquet.serde.TestParquetTimestampsHive2Compatibility" time="0"/>
  <testcase name="testWriteHive4UsingLegacyConversionReadHive2(String)[398]" classname="org.apache.hadoop.hive.ql.io.parquet.serde.TestParquetTimestampsHive2Compatibility" time="0"/>
  <testcase name="testWriteHive4UsingLegacyConversionReadHive2(String)[399]" classname="org.apache.hadoop.hive.ql.io.parquet.serde.TestParquetTimestampsHive2Compatibility" time="0"/>
  <testcase name="testWriteHive4UsingLegacyConversionReadHive2(String)[400]" classname="org.apache.hadoop.hive.ql.io.parquet.serde.TestParquetTimestampsHive2Compatibility" time="0"/>
  <testcase name="testWriteHive4UsingLegacyConversionReadHive2(String)[401]" classname="org.apache.hadoop.hive.ql.io.parquet.serde.TestParquetTimestampsHive2Compatibility" time="0"/>
  <testcase name="testWriteHive4UsingLegacyConversionReadHive2(String)[402]" classname="org.apache.hadoop.hive.ql.io.parquet.serde.TestParquetTimestampsHive2Compatibility" time="0"/>
  <testcase name="testWriteHive4UsingLegacyConversionReadHive2(String)[403]" classname="org.apache.hadoop.hive.ql.io.parquet.serde.TestParquetTimestampsHive2Compatibility" time="0"/>
  <testcase name="testWriteHive4UsingLegacyConversionReadHive2(String)[404]" classname="org.apache.hadoop.hive.ql.io.parquet.serde.TestParquetTimestampsHive2Compatibility" time="0"/>
  <testcase name="testWriteHive4UsingLegacyConversionReadHive2(String)[405]" classname="org.apache.hadoop.hive.ql.io.parquet.serde.TestParquetTimestampsHive2Compatibility" time="0"/>
  <testcase name="testWriteHive4UsingLegacyConversionReadHive2(String)[406]" classname="org.apache.hadoop.hive.ql.io.parquet.serde.TestParquetTimestampsHive2Compatibility" time="0"/>
  <testcase name="testWriteHive4UsingLegacyConversionReadHive2(String)[407]" classname="org.apache.hadoop.hive.ql.io.parquet.serde.TestParquetTimestampsHive2Compatibility" time="0"/>
  <testcase name="testWriteHive4UsingLegacyConversionReadHive2(String)[408]" classname="org.apache.hadoop.hive.ql.io.parquet.serde.TestParquetTimestampsHive2Compatibility" time="0"/>
  <testcase name="testWriteHive4UsingLegacyConversionReadHive2(String)[409]" classname="org.apache.hadoop.hive.ql.io.parquet.serde.TestParquetTimestampsHive2Compatibility" time="0"/>
  <testcase name="testWriteHive4UsingLegacyConversionReadHive2(String)[410]" classname="org.apache.hadoop.hive.ql.io.parquet.serde.TestParquetTimestampsHive2Compatibility" time="0.001"/>
  <testcase name="testWriteHive4UsingLegacyConversionReadHive2(String)[411]" classname="org.apache.hadoop.hive.ql.io.parquet.serde.TestParquetTimestampsHive2Compatibility" time="0"/>
  <testcase name="testWriteHive4UsingLegacyConversionReadHive2(String)[412]" classname="org.apache.hadoop.hive.ql.io.parquet.serde.TestParquetTimestampsHive2Compatibility" time="0"/>
  <testcase name="testWriteHive4UsingLegacyConversionReadHive2(String)[413]" classname="org.apache.hadoop.hive.ql.io.parquet.serde.TestParquetTimestampsHive2Compatibility" time="0"/>
  <testcase name="testWriteHive4UsingLegacyConversionReadHive2(String)[414]" classname="org.apache.hadoop.hive.ql.io.parquet.serde.TestParquetTimestampsHive2Compatibility" time="0"/>
  <testcase name="testWriteHive4UsingLegacyConversionReadHive2(String)[415]" classname="org.apache.hadoop.hive.ql.io.parquet.serde.TestParquetTimestampsHive2Compatibility" time="0"/>
  <testcase name="testWriteHive4UsingLegacyConversionReadHive2(String)[416]" classname="org.apache.hadoop.hive.ql.io.parquet.serde.TestParquetTimestampsHive2Compatibility" time="0"/>
  <testcase name="testWriteHive4UsingLegacyConversionReadHive2(String)[417]" classname="org.apache.hadoop.hive.ql.io.parquet.serde.TestParquetTimestampsHive2Compatibility" time="0"/>
  <testcase name="testWriteHive4UsingLegacyConversionReadHive2(String)[418]" classname="org.apache.hadoop.hive.ql.io.parquet.serde.TestParquetTimestampsHive2Compatibility" time="0"/>
  <testcase name="testWriteHive4UsingLegacyConversionReadHive2(String)[419]" classname="org.apache.hadoop.hive.ql.io.parquet.serde.TestParquetTimestampsHive2Compatibility" time="0"/>
  <testcase name="testWriteHive4UsingLegacyConversionReadHive2(String)[420]" classname="org.apache.hadoop.hive.ql.io.parquet.serde.TestParquetTimestampsHive2Compatibility" time="0"/>
  <testcase name="testWriteHive4UsingLegacyConversionReadHive2(String)[421]" classname="org.apache.hadoop.hive.ql.io.parquet.serde.TestParquetTimestampsHive2Compatibility" time="0"/>
  <testcase name="testWriteHive4UsingLegacyConversionReadHive2(String)[422]" classname="org.apache.hadoop.hive.ql.io.parquet.serde.TestParquetTimestampsHive2Compatibility" time="0"/>
  <testcase name="testWriteHive4UsingLegacyConversionReadHive2(String)[423]" classname="org.apache.hadoop.hive.ql.io.parquet.serde.TestParquetTimestampsHive2Compatibility" time="0"/>
  <testcase name="testWriteHive4UsingLegacyConversionReadHive2(String)[424]" classname="org.apache.hadoop.hive.ql.io.parquet.serde.TestParquetTimestampsHive2Compatibility" time="0"/>
  <testcase name="testWriteHive4UsingLegacyConversionReadHive2(String)[425]" classname="org.apache.hadoop.hive.ql.io.parquet.serde.TestParquetTimestampsHive2Compatibility" time="0"/>
  <testcase name="testWriteHive4UsingLegacyConversionReadHive2(String)[426]" classname="org.apache.hadoop.hive.ql.io.parquet.serde.TestParquetTimestampsHive2Compatibility" time="0"/>
  <testcase name="testWriteHive4UsingLegacyConversionReadHive2(String)[427]" classname="org.apache.hadoop.hive.ql.io.parquet.serde.TestParquetTimestampsHive2Compatibility" time="0.001"/>
  <testcase name="testWriteHive4UsingLegacyConversionReadHive2(String)[428]" classname="org.apache.hadoop.hive.ql.io.parquet.serde.TestParquetTimestampsHive2Compatibility" time="0"/>
  <testcase name="testWriteHive4UsingLegacyConversionReadHive2(String)[429]" classname="org.apache.hadoop.hive.ql.io.parquet.serde.TestParquetTimestampsHive2Compatibility" time="0"/>
  <testcase name="testWriteHive4UsingLegacyConversionReadHive2(String)[430]" classname="org.apache.hadoop.hive.ql.io.parquet.serde.TestParquetTimestampsHive2Compatibility" time="0"/>
  <testcase name="testWriteHive4UsingLegacyConversionReadHive2(String)[431]" classname="org.apache.hadoop.hive.ql.io.parquet.serde.TestParquetTimestampsHive2Compatibility" time="0"/>
  <testcase name="testWriteHive4UsingLegacyConversionReadHive2(String)[432]" classname="org.apache.hadoop.hive.ql.io.parquet.serde.TestParquetTimestampsHive2Compatibility" time="0"/>
  <testcase name="testWriteHive4UsingLegacyConversionReadHive2(String)[433]" classname="org.apache.hadoop.hive.ql.io.parquet.serde.TestParquetTimestampsHive2Compatibility" time="0"/>
  <testcase name="testWriteHive4UsingLegacyConversionReadHive2(String)[434]" classname="org.apache.hadoop.hive.ql.io.parquet.serde.TestParquetTimestampsHive2Compatibility" time="0"/>
  <testcase name="testWriteHive4UsingLegacyConversionReadHive2(String)[435]" classname="org.apache.hadoop.hive.ql.io.parquet.serde.TestParquetTimestampsHive2Compatibility" time="0"/>
  <testcase name="testWriteHive4UsingLegacyConversionReadHive2(String)[436]" classname="org.apache.hadoop.hive.ql.io.parquet.serde.TestParquetTimestampsHive2Compatibility" time="0"/>
  <testcase name="testWriteHive4UsingLegacyConversionReadHive2(String)[437]" classname="org.apache.hadoop.hive.ql.io.parquet.serde.TestParquetTimestampsHive2Compatibility" time="0"/>
  <testcase name="testWriteHive4UsingLegacyConversionReadHive2(String)[438]" classname="org.apache.hadoop.hive.ql.io.parquet.serde.TestParquetTimestampsHive2Compatibility" time="0.001"/>
  <testcase name="testWriteHive4UsingLegacyConversionReadHive2(String)[439]" classname="org.apache.hadoop.hive.ql.io.parquet.serde.TestParquetTimestampsHive2Compatibility" time="0"/>
  <testcase name="testWriteHive4UsingLegacyConversionReadHive2(String)[440]" classname="org.apache.hadoop.hive.ql.io.parquet.serde.TestParquetTimestampsHive2Compatibility" time="0"/>
  <testcase name="testWriteHive4UsingLegacyConversionReadHive2(String)[441]" classname="org.apache.hadoop.hive.ql.io.parquet.serde.TestParquetTimestampsHive2Compatibility" time="0"/>
  <testcase name="testWriteHive4UsingLegacyConversionReadHive2(String)[442]" classname="org.apache.hadoop.hive.ql.io.parquet.serde.TestParquetTimestampsHive2Compatibility" time="0"/>
  <testcase name="testWriteHive4UsingLegacyConversionReadHive2(String)[443]" classname="org.apache.hadoop.hive.ql.io.parquet.serde.TestParquetTimestampsHive2Compatibility" time="0"/>
  <testcase name="testWriteHive4UsingLegacyConversionReadHive2(String)[444]" classname="org.apache.hadoop.hive.ql.io.parquet.serde.TestParquetTimestampsHive2Compatibility" time="0"/>
  <testcase name="testWriteHive4UsingLegacyConversionReadHive2(String)[445]" classname="org.apache.hadoop.hive.ql.io.parquet.serde.TestParquetTimestampsHive2Compatibility" time="0"/>
  <testcase name="testWriteHive4UsingLegacyConversionReadHive2(String)[446]" classname="org.apache.hadoop.hive.ql.io.parquet.serde.TestParquetTimestampsHive2Compatibility" time="0"/>
  <testcase name="testWriteHive4UsingLegacyConversionReadHive2(String)[447]" classname="org.apache.hadoop.hive.ql.io.parquet.serde.TestParquetTimestampsHive2Compatibility" time="0"/>
  <testcase name="testWriteHive4UsingLegacyConversionReadHive2(String)[448]" classname="org.apache.hadoop.hive.ql.io.parquet.serde.TestParquetTimestampsHive2Compatibility" time="0"/>
  <testcase name="testWriteHive4UsingLegacyConversionReadHive2(String)[449]" classname="org.apache.hadoop.hive.ql.io.parquet.serde.TestParquetTimestampsHive2Compatibility" time="0"/>
  <testcase name="testWriteHive4UsingLegacyConversionReadHive2(String)[450]" classname="org.apache.hadoop.hive.ql.io.parquet.serde.TestParquetTimestampsHive2Compatibility" time="0"/>
  <testcase name="testWriteHive4UsingLegacyConversionReadHive2(String)[451]" classname="org.apache.hadoop.hive.ql.io.parquet.serde.TestParquetTimestampsHive2Compatibility" time="0"/>
  <testcase name="testWriteHive4UsingLegacyConversionReadHive2(String)[452]" classname="org.apache.hadoop.hive.ql.io.parquet.serde.TestParquetTimestampsHive2Compatibility" time="0"/>
  <testcase name="testWriteHive4UsingLegacyConversionReadHive2(String)[453]" classname="org.apache.hadoop.hive.ql.io.parquet.serde.TestParquetTimestampsHive2Compatibility" time="0"/>
  <testcase name="testWriteHive4UsingLegacyConversionReadHive2(String)[454]" classname="org.apache.hadoop.hive.ql.io.parquet.serde.TestParquetTimestampsHive2Compatibility" time="0"/>
  <testcase name="testWriteHive4UsingLegacyConversionReadHive2(String)[455]" classname="org.apache.hadoop.hive.ql.io.parquet.serde.TestParquetTimestampsHive2Compatibility" time="0.001"/>
  <testcase name="testWriteHive4UsingLegacyConversionReadHive2(String)[456]" classname="org.apache.hadoop.hive.ql.io.parquet.serde.TestParquetTimestampsHive2Compatibility" time="0"/>
  <testcase name="testWriteHive4UsingLegacyConversionReadHive2(String)[457]" classname="org.apache.hadoop.hive.ql.io.parquet.serde.TestParquetTimestampsHive2Compatibility" time="0"/>
  <testcase name="testWriteHive4UsingLegacyConversionReadHive2(String)[458]" classname="org.apache.hadoop.hive.ql.io.parquet.serde.TestParquetTimestampsHive2Compatibility" time="0"/>
  <testcase name="testWriteHive4UsingLegacyConversionReadHive2(String)[459]" classname="org.apache.hadoop.hive.ql.io.parquet.serde.TestParquetTimestampsHive2Compatibility" time="0"/>
  <testcase name="testWriteHive4UsingLegacyConversionReadHive2(String)[460]" classname="org.apache.hadoop.hive.ql.io.parquet.serde.TestParquetTimestampsHive2Compatibility" time="0"/>
  <testcase name="testWriteHive4UsingLegacyConversionReadHive2(String)[461]" classname="org.apache.hadoop.hive.ql.io.parquet.serde.TestParquetTimestampsHive2Compatibility" time="0"/>
  <testcase name="testWriteHive4UsingLegacyConversionReadHive2(String)[462]" classname="org.apache.hadoop.hive.ql.io.parquet.serde.TestParquetTimestampsHive2Compatibility" time="0"/>
  <testcase name="testWriteHive4UsingLegacyConversionReadHive2(String)[463]" classname="org.apache.hadoop.hive.ql.io.parquet.serde.TestParquetTimestampsHive2Compatibility" time="0"/>
  <testcase name="testWriteHive4UsingLegacyConversionReadHive2(String)[464]" classname="org.apache.hadoop.hive.ql.io.parquet.serde.TestParquetTimestampsHive2Compatibility" time="0"/>
  <testcase name="testWriteHive4UsingLegacyConversionReadHive2(String)[465]" classname="org.apache.hadoop.hive.ql.io.parquet.serde.TestParquetTimestampsHive2Compatibility" time="0"/>
  <testcase name="testWriteHive4UsingLegacyConversionReadHive2(String)[466]" classname="org.apache.hadoop.hive.ql.io.parquet.serde.TestParquetTimestampsHive2Compatibility" time="0.001"/>
  <testcase name="testWriteHive4UsingLegacyConversionReadHive2(String)[467]" classname="org.apache.hadoop.hive.ql.io.parquet.serde.TestParquetTimestampsHive2Compatibility" time="0"/>
  <testcase name="testWriteHive4UsingLegacyConversionReadHive2(String)[468]" classname="org.apache.hadoop.hive.ql.io.parquet.serde.TestParquetTimestampsHive2Compatibility" time="0"/>
  <testcase name="testWriteHive4UsingLegacyConversionReadHive2(String)[469]" classname="org.apache.hadoop.hive.ql.io.parquet.serde.TestParquetTimestampsHive2Compatibility" time="0"/>
  <testcase name="testWriteHive4UsingLegacyConversionReadHive2(String)[470]" classname="org.apache.hadoop.hive.ql.io.parquet.serde.TestParquetTimestampsHive2Compatibility" time="0"/>
  <testcase name="testWriteHive4UsingLegacyConversionReadHive2(String)[471]" classname="org.apache.hadoop.hive.ql.io.parquet.serde.TestParquetTimestampsHive2Compatibility" time="0"/>
  <testcase name="testWriteHive4UsingLegacyConversionReadHive2(String)[472]" classname="org.apache.hadoop.hive.ql.io.parquet.serde.TestParquetTimestampsHive2Compatibility" time="0"/>
  <testcase name="testWriteHive4UsingLegacyConversionReadHive2(String)[473]" classname="org.apache.hadoop.hive.ql.io.parquet.serde.TestParquetTimestampsHive2Compatibility" time="0"/>
  <testcase name="testWriteHive4UsingLegacyConversionReadHive2(String)[474]" classname="org.apache.hadoop.hive.ql.io.parquet.serde.TestParquetTimestampsHive2Compatibility" time="0"/>
  <testcase name="testWriteHive4UsingLegacyConversionReadHive2(String)[475]" classname="org.apache.hadoop.hive.ql.io.parquet.serde.TestParquetTimestampsHive2Compatibility" time="0"/>
  <testcase name="testWriteHive4UsingLegacyConversionReadHive2(String)[476]" classname="org.apache.hadoop.hive.ql.io.parquet.serde.TestParquetTimestampsHive2Compatibility" time="0"/>
  <testcase name="testWriteHive4UsingLegacyConversionReadHive2(String)[477]" classname="org.apache.hadoop.hive.ql.io.parquet.serde.TestParquetTimestampsHive2Compatibility" time="0"/>
  <testcase name="testWriteHive4UsingLegacyConversionReadHive2(String)[478]" classname="org.apache.hadoop.hive.ql.io.parquet.serde.TestParquetTimestampsHive2Compatibility" time="0"/>
  <testcase name="testWriteHive4UsingLegacyConversionReadHive2(String)[479]" classname="org.apache.hadoop.hive.ql.io.parquet.serde.TestParquetTimestampsHive2Compatibility" time="0"/>
  <testcase name="testWriteHive4UsingLegacyConversionReadHive2(String)[480]" classname="org.apache.hadoop.hive.ql.io.parquet.serde.TestParquetTimestampsHive2Compatibility" time="0"/>
  <testcase name="testWriteHive4UsingLegacyConversionReadHive2(String)[481]" classname="org.apache.hadoop.hive.ql.io.parquet.serde.TestParquetTimestampsHive2Compatibility" time="0"/>
  <testcase name="testWriteHive4UsingLegacyConversionReadHive2(String)[482]" classname="org.apache.hadoop.hive.ql.io.parquet.serde.TestParquetTimestampsHive2Compatibility" time="0"/>
  <testcase name="testWriteHive4UsingLegacyConversionReadHive2(String)[483]" classname="org.apache.hadoop.hive.ql.io.parquet.serde.TestParquetTimestampsHive2Compatibility" time="0.001"/>
  <testcase name="testWriteHive4UsingLegacyConversionReadHive2(String)[484]" classname="org.apache.hadoop.hive.ql.io.parquet.serde.TestParquetTimestampsHive2Compatibility" time="0"/>
  <testcase name="testWriteHive4UsingLegacyConversionReadHive2(String)[485]" classname="org.apache.hadoop.hive.ql.io.parquet.serde.TestParquetTimestampsHive2Compatibility" time="0"/>
  <testcase name="testWriteHive4UsingLegacyConversionReadHive2(String)[486]" classname="org.apache.hadoop.hive.ql.io.parquet.serde.TestParquetTimestampsHive2Compatibility" time="0"/>
  <testcase name="testWriteHive4UsingLegacyConversionReadHive2(String)[487]" classname="org.apache.hadoop.hive.ql.io.parquet.serde.TestParquetTimestampsHive2Compatibility" time="0"/>
  <testcase name="testWriteHive4UsingLegacyConversionReadHive2(String)[488]" classname="org.apache.hadoop.hive.ql.io.parquet.serde.TestParquetTimestampsHive2Compatibility" time="0"/>
  <testcase name="testWriteHive4UsingLegacyConversionReadHive2(String)[489]" classname="org.apache.hadoop.hive.ql.io.parquet.serde.TestParquetTimestampsHive2Compatibility" time="0"/>
  <testcase name="testWriteHive4UsingLegacyConversionReadHive2(String)[490]" classname="org.apache.hadoop.hive.ql.io.parquet.serde.TestParquetTimestampsHive2Compatibility" time="0"/>
  <testcase name="testWriteHive4UsingLegacyConversionReadHive2(String)[491]" classname="org.apache.hadoop.hive.ql.io.parquet.serde.TestParquetTimestampsHive2Compatibility" time="0"/>
  <testcase name="testWriteHive4UsingLegacyConversionReadHive2(String)[492]" classname="org.apache.hadoop.hive.ql.io.parquet.serde.TestParquetTimestampsHive2Compatibility" time="0"/>
  <testcase name="testWriteHive4UsingLegacyConversionReadHive2(String)[493]" classname="org.apache.hadoop.hive.ql.io.parquet.serde.TestParquetTimestampsHive2Compatibility" time="0"/>
  <testcase name="testWriteHive4UsingLegacyConversionReadHive2(String)[494]" classname="org.apache.hadoop.hive.ql.io.parquet.serde.TestParquetTimestampsHive2Compatibility" time="0"/>
  <testcase name="testWriteHive4UsingLegacyConversionReadHive2(String)[495]" classname="org.apache.hadoop.hive.ql.io.parquet.serde.TestParquetTimestampsHive2Compatibility" time="0"/>
  <testcase name="testWriteHive4UsingLegacyConversionReadHive2(String)[496]" classname="org.apache.hadoop.hive.ql.io.parquet.serde.TestParquetTimestampsHive2Compatibility" time="0"/>
  <testcase name="testWriteHive4UsingLegacyConversionReadHive2(String)[497]" classname="org.apache.hadoop.hive.ql.io.parquet.serde.TestParquetTimestampsHive2Compatibility" time="0"/>
  <testcase name="testWriteHive4UsingLegacyConversionReadHive2(String)[498]" classname="org.apache.hadoop.hive.ql.io.parquet.serde.TestParquetTimestampsHive2Compatibility" time="0"/>
  <testcase name="testWriteHive4UsingLegacyConversionReadHive2(String)[499]" classname="org.apache.hadoop.hive.ql.io.parquet.serde.TestParquetTimestampsHive2Compatibility" time="0"/>
  <testcase name="testWriteHive4UsingLegacyConversionReadHive2(String)[500]" classname="org.apache.hadoop.hive.ql.io.parquet.serde.TestParquetTimestampsHive2Compatibility" time="0.001"/>
  <testcase name="testWriteHive4UsingLegacyConversionReadHive2(String)[501]" classname="org.apache.hadoop.hive.ql.io.parquet.serde.TestParquetTimestampsHive2Compatibility" time="0"/>
  <testcase name="testWriteHive4UsingLegacyConversionReadHive2(String)[502]" classname="org.apache.hadoop.hive.ql.io.parquet.serde.TestParquetTimestampsHive2Compatibility" time="0"/>
  <testcase name="testWriteHive4UsingLegacyConversionReadHive2(String)[503]" classname="org.apache.hadoop.hive.ql.io.parquet.serde.TestParquetTimestampsHive2Compatibility" time="0"/>
  <testcase name="testWriteHive4UsingLegacyConversionReadHive2(String)[504]" classname="org.apache.hadoop.hive.ql.io.parquet.serde.TestParquetTimestampsHive2Compatibility" time="0"/>
  <testcase name="testWriteHive4UsingLegacyConversionReadHive2(String)[505]" classname="org.apache.hadoop.hive.ql.io.parquet.serde.TestParquetTimestampsHive2Compatibility" time="0"/>
  <testcase name="testWriteHive4UsingLegacyConversionReadHive2(String)[506]" classname="org.apache.hadoop.hive.ql.io.parquet.serde.TestParquetTimestampsHive2Compatibility" time="0"/>
  <testcase name="testWriteHive4UsingLegacyConversionReadHive2(String)[507]" classname="org.apache.hadoop.hive.ql.io.parquet.serde.TestParquetTimestampsHive2Compatibility" time="0"/>
  <testcase name="testWriteHive4UsingLegacyConversionReadHive2(String)[508]" classname="org.apache.hadoop.hive.ql.io.parquet.serde.TestParquetTimestampsHive2Compatibility" time="0"/>
  <testcase name="testWriteHive4UsingLegacyConversionReadHive2(String)[509]" classname="org.apache.hadoop.hive.ql.io.parquet.serde.TestParquetTimestampsHive2Compatibility" time="0"/>
  <testcase name="testWriteHive4UsingLegacyConversionReadHive2(String)[510]" classname="org.apache.hadoop.hive.ql.io.parquet.serde.TestParquetTimestampsHive2Compatibility" time="0"/>
  <testcase name="testWriteHive4UsingLegacyConversionReadHive2(String)[511]" classname="org.apache.hadoop.hive.ql.io.parquet.serde.TestParquetTimestampsHive2Compatibility" time="0"/>
  <testcase name="testWriteHive4UsingLegacyConversionReadHive2(String)[512]" classname="org.apache.hadoop.hive.ql.io.parquet.serde.TestParquetTimestampsHive2Compatibility" time="0"/>
  <testcase name="testWriteHive4UsingLegacyConversionReadHive2(String)[513]" classname="org.apache.hadoop.hive.ql.io.parquet.serde.TestParquetTimestampsHive2Compatibility" time="0"/>
  <testcase name="testWriteHive4UsingLegacyConversionReadHive2(String)[514]" classname="org.apache.hadoop.hive.ql.io.parquet.serde.TestParquetTimestampsHive2Compatibility" time="0"/>
  <testcase name="testWriteHive4UsingLegacyConversionReadHive2(String)[515]" classname="org.apache.hadoop.hive.ql.io.parquet.serde.TestParquetTimestampsHive2Compatibility" time="0"/>
  <testcase name="testWriteHive4UsingLegacyConversionReadHive2(String)[516]" classname="org.apache.hadoop.hive.ql.io.parquet.serde.TestParquetTimestampsHive2Compatibility" time="0"/>
  <testcase name="testWriteHive4UsingLegacyConversionReadHive2(String)[517]" classname="org.apache.hadoop.hive.ql.io.parquet.serde.TestParquetTimestampsHive2Compatibility" time="0.001"/>
  <testcase name="testWriteHive4UsingLegacyConversionReadHive2(String)[518]" classname="org.apache.hadoop.hive.ql.io.parquet.serde.TestParquetTimestampsHive2Compatibility" time="0"/>
  <testcase name="testWriteHive4UsingLegacyConversionReadHive2(String)[519]" classname="org.apache.hadoop.hive.ql.io.parquet.serde.TestParquetTimestampsHive2Compatibility" time="0"/>
  <testcase name="testWriteHive4UsingLegacyConversionReadHive2(String)[520]" classname="org.apache.hadoop.hive.ql.io.parquet.serde.TestParquetTimestampsHive2Compatibility" time="0"/>
  <testcase name="testWriteHive4UsingLegacyConversionReadHive2(String)[521]" classname="org.apache.hadoop.hive.ql.io.parquet.serde.TestParquetTimestampsHive2Compatibility" time="0"/>
  <testcase name="testWriteHive4UsingLegacyConversionReadHive2(String)[522]" classname="org.apache.hadoop.hive.ql.io.parquet.serde.TestParquetTimestampsHive2Compatibility" time="0"/>
  <testcase name="testWriteHive4UsingLegacyConversionReadHive2(String)[523]" classname="org.apache.hadoop.hive.ql.io.parquet.serde.TestParquetTimestampsHive2Compatibility" time="0.001"/>
  <testcase name="testWriteHive4UsingLegacyConversionReadHive2(String)[524]" classname="org.apache.hadoop.hive.ql.io.parquet.serde.TestParquetTimestampsHive2Compatibility" time="0"/>
  <testcase name="testWriteHive4UsingLegacyConversionReadHive2(String)[525]" classname="org.apache.hadoop.hive.ql.io.parquet.serde.TestParquetTimestampsHive2Compatibility" time="0"/>
  <testcase name="testWriteHive4UsingLegacyConversionReadHive2(String)[526]" classname="org.apache.hadoop.hive.ql.io.parquet.serde.TestParquetTimestampsHive2Compatibility" time="0"/>
  <testcase name="testWriteHive4UsingLegacyConversionReadHive2(String)[527]" classname="org.apache.hadoop.hive.ql.io.parquet.serde.TestParquetTimestampsHive2Compatibility" time="0"/>
  <testcase name="testWriteHive4UsingLegacyConversionReadHive2(String)[528]" classname="org.apache.hadoop.hive.ql.io.parquet.serde.TestParquetTimestampsHive2Compatibility" time="0"/>
  <testcase name="testWriteHive4UsingLegacyConversionReadHive2(String)[529]" classname="org.apache.hadoop.hive.ql.io.parquet.serde.TestParquetTimestampsHive2Compatibility" time="0"/>
  <testcase name="testWriteHive4UsingLegacyConversionReadHive2(String)[530]" classname="org.apache.hadoop.hive.ql.io.parquet.serde.TestParquetTimestampsHive2Compatibility" time="0"/>
  <testcase name="testWriteHive4UsingLegacyConversionReadHive2(String)[531]" classname="org.apache.hadoop.hive.ql.io.parquet.serde.TestParquetTimestampsHive2Compatibility" time="0"/>
  <testcase name="testWriteHive4UsingLegacyConversionReadHive2(String)[532]" classname="org.apache.hadoop.hive.ql.io.parquet.serde.TestParquetTimestampsHive2Compatibility" time="0"/>
  <testcase name="testWriteHive4UsingLegacyConversionReadHive2(String)[533]" classname="org.apache.hadoop.hive.ql.io.parquet.serde.TestParquetTimestampsHive2Compatibility" time="0"/>
  <testcase name="testWriteHive4UsingLegacyConversionReadHive2(String)[534]" classname="org.apache.hadoop.hive.ql.io.parquet.serde.TestParquetTimestampsHive2Compatibility" time="0"/>
  <testcase name="testWriteHive4UsingLegacyConversionReadHive2(String)[535]" classname="org.apache.hadoop.hive.ql.io.parquet.serde.TestParquetTimestampsHive2Compatibility" time="0"/>
  <testcase name="testWriteHive4UsingLegacyConversionReadHive2(String)[536]" classname="org.apache.hadoop.hive.ql.io.parquet.serde.TestParquetTimestampsHive2Compatibility" time="0"/>
  <testcase name="testWriteHive4UsingLegacyConversionReadHive2(String)[537]" classname="org.apache.hadoop.hive.ql.io.parquet.serde.TestParquetTimestampsHive2Compatibility" time="0"/>
  <testcase name="testWriteHive4UsingLegacyConversionReadHive2(String)[538]" classname="org.apache.hadoop.hive.ql.io.parquet.serde.TestParquetTimestampsHive2Compatibility" time="0"/>
  <testcase name="testWriteHive4UsingLegacyConversionReadHive2(String)[539]" classname="org.apache.hadoop.hive.ql.io.parquet.serde.TestParquetTimestampsHive2Compatibility" time="0"/>
  <testcase name="testWriteHive4UsingLegacyConversionReadHive2(String)[540]" classname="org.apache.hadoop.hive.ql.io.parquet.serde.TestParquetTimestampsHive2Compatibility" time="0.001"/>
  <testcase name="testWriteHive4UsingLegacyConversionReadHive2(String)[541]" classname="org.apache.hadoop.hive.ql.io.parquet.serde.TestParquetTimestampsHive2Compatibility" time="0"/>
  <testcase name="testWriteHive4UsingLegacyConversionReadHive2(String)[542]" classname="org.apache.hadoop.hive.ql.io.parquet.serde.TestParquetTimestampsHive2Compatibility" time="0"/>
  <testcase name="testWriteHive4UsingLegacyConversionReadHive2(String)[543]" classname="org.apache.hadoop.hive.ql.io.parquet.serde.TestParquetTimestampsHive2Compatibility" time="0"/>
  <testcase name="testWriteHive4UsingLegacyConversionReadHive2(String)[544]" classname="org.apache.hadoop.hive.ql.io.parquet.serde.TestParquetTimestampsHive2Compatibility" time="0"/>
  <testcase name="testWriteHive4UsingLegacyConversionReadHive2(String)[545]" classname="org.apache.hadoop.hive.ql.io.parquet.serde.TestParquetTimestampsHive2Compatibility" time="0"/>
  <testcase name="testWriteHive4UsingLegacyConversionReadHive2(String)[546]" classname="org.apache.hadoop.hive.ql.io.parquet.serde.TestParquetTimestampsHive2Compatibility" time="0"/>
  <testcase name="testWriteHive4UsingLegacyConversionReadHive2(String)[547]" classname="org.apache.hadoop.hive.ql.io.parquet.serde.TestParquetTimestampsHive2Compatibility" time="0"/>
  <testcase name="testWriteHive4UsingLegacyConversionReadHive2(String)[548]" classname="org.apache.hadoop.hive.ql.io.parquet.serde.TestParquetTimestampsHive2Compatibility" time="0"/>
  <testcase name="testWriteHive4UsingLegacyConversionReadHive2(String)[549]" classname="org.apache.hadoop.hive.ql.io.parquet.serde.TestParquetTimestampsHive2Compatibility" time="0"/>
  <testcase name="testWriteHive4UsingLegacyConversionReadHive2(String)[550]" classname="org.apache.hadoop.hive.ql.io.parquet.serde.TestParquetTimestampsHive2Compatibility" time="0"/>
  <testcase name="testWriteHive4UsingLegacyConversionReadHive2(String)[551]" classname="org.apache.hadoop.hive.ql.io.parquet.serde.TestParquetTimestampsHive2Compatibility" time="0"/>
  <testcase name="testWriteHive4UsingLegacyConversionReadHive2(String)[552]" classname="org.apache.hadoop.hive.ql.io.parquet.serde.TestParquetTimestampsHive2Compatibility" time="0"/>
  <testcase name="testWriteHive4UsingLegacyConversionReadHive2(String)[553]" classname="org.apache.hadoop.hive.ql.io.parquet.serde.TestParquetTimestampsHive2Compatibility" time="0"/>
  <testcase name="testWriteHive4UsingLegacyConversionReadHive2(String)[554]" classname="org.apache.hadoop.hive.ql.io.parquet.serde.TestParquetTimestampsHive2Compatibility" time="0"/>
  <testcase name="testWriteHive4UsingLegacyConversionReadHive2(String)[555]" classname="org.apache.hadoop.hive.ql.io.parquet.serde.TestParquetTimestampsHive2Compatibility" time="0"/>
  <testcase name="testWriteHive4UsingLegacyConversionReadHive2(String)[556]" classname="org.apache.hadoop.hive.ql.io.parquet.serde.TestParquetTimestampsHive2Compatibility" time="0"/>
  <testcase name="testWriteHive4UsingLegacyConversionReadHive2(String)[557]" classname="org.apache.hadoop.hive.ql.io.parquet.serde.TestParquetTimestampsHive2Compatibility" time="0.001"/>
  <testcase name="testWriteHive4UsingLegacyConversionReadHive2(String)[558]" classname="org.apache.hadoop.hive.ql.io.parquet.serde.TestParquetTimestampsHive2Compatibility" time="0"/>
  <testcase name="testWriteHive4UsingLegacyConversionReadHive2(String)[559]" classname="org.apache.hadoop.hive.ql.io.parquet.serde.TestParquetTimestampsHive2Compatibility" time="0"/>
  <testcase name="testWriteHive4UsingLegacyConversionReadHive2(String)[560]" classname="org.apache.hadoop.hive.ql.io.parquet.serde.TestParquetTimestampsHive2Compatibility" time="0"/>
  <testcase name="testWriteHive4UsingLegacyConversionReadHive2(String)[561]" classname="org.apache.hadoop.hive.ql.io.parquet.serde.TestParquetTimestampsHive2Compatibility" time="0"/>
  <testcase name="testWriteHive4UsingLegacyConversionReadHive2(String)[562]" classname="org.apache.hadoop.hive.ql.io.parquet.serde.TestParquetTimestampsHive2Compatibility" time="0"/>
  <testcase name="testWriteHive4UsingLegacyConversionReadHive2(String)[563]" classname="org.apache.hadoop.hive.ql.io.parquet.serde.TestParquetTimestampsHive2Compatibility" time="0.001"/>
  <testcase name="testWriteHive4UsingLegacyConversionReadHive2(String)[564]" classname="org.apache.hadoop.hive.ql.io.parquet.serde.TestParquetTimestampsHive2Compatibility" time="0"/>
  <testcase name="testWriteHive4UsingLegacyConversionReadHive2(String)[565]" classname="org.apache.hadoop.hive.ql.io.parquet.serde.TestParquetTimestampsHive2Compatibility" time="0"/>
  <testcase name="testWriteHive4UsingLegacyConversionReadHive2(String)[566]" classname="org.apache.hadoop.hive.ql.io.parquet.serde.TestParquetTimestampsHive2Compatibility" time="0"/>
  <testcase name="testWriteHive4UsingLegacyConversionReadHive2(String)[567]" classname="org.apache.hadoop.hive.ql.io.parquet.serde.TestParquetTimestampsHive2Compatibility" time="0"/>
  <testcase name="testWriteHive4UsingLegacyConversionReadHive2(String)[568]" classname="org.apache.hadoop.hive.ql.io.parquet.serde.TestParquetTimestampsHive2Compatibility" time="0"/>
  <testcase name="testWriteHive4UsingLegacyConversionReadHive2(String)[569]" classname="org.apache.hadoop.hive.ql.io.parquet.serde.TestParquetTimestampsHive2Compatibility" time="0"/>
  <testcase name="testWriteHive4UsingLegacyConversionReadHive2(String)[570]" classname="org.apache.hadoop.hive.ql.io.parquet.serde.TestParquetTimestampsHive2Compatibility" time="0"/>
  <testcase name="testWriteHive4UsingLegacyConversionReadHive2(String)[571]" classname="org.apache.hadoop.hive.ql.io.parquet.serde.TestParquetTimestampsHive2Compatibility" time="0"/>
  <testcase name="testWriteHive4UsingLegacyConversionReadHive2(String)[572]" classname="org.apache.hadoop.hive.ql.io.parquet.serde.TestParquetTimestampsHive2Compatibility" time="0"/>
  <testcase name="testWriteHive4UsingLegacyConversionReadHive2(String)[573]" classname="org.apache.hadoop.hive.ql.io.parquet.serde.TestParquetTimestampsHive2Compatibility" time="0"/>
  <testcase name="testWriteHive4UsingLegacyConversionReadHive2(String)[574]" classname="org.apache.hadoop.hive.ql.io.parquet.serde.TestParquetTimestampsHive2Compatibility" time="0.001"/>
  <testcase name="testWriteHive4UsingLegacyConversionReadHive2(String)[575]" classname="org.apache.hadoop.hive.ql.io.parquet.serde.TestParquetTimestampsHive2Compatibility" time="0"/>
  <testcase name="testWriteHive4UsingLegacyConversionReadHive2(String)[576]" classname="org.apache.hadoop.hive.ql.io.parquet.serde.TestParquetTimestampsHive2Compatibility" time="0"/>
  <testcase name="testWriteHive4UsingLegacyConversionReadHive2(String)[577]" classname="org.apache.hadoop.hive.ql.io.parquet.serde.TestParquetTimestampsHive2Compatibility" time="0"/>
  <testcase name="testWriteHive4UsingLegacyConversionReadHive2(String)[578]" classname="org.apache.hadoop.hive.ql.io.parquet.serde.TestParquetTimestampsHive2Compatibility" time="0"/>
  <testcase name="testWriteHive4UsingLegacyConversionReadHive2(String)[579]" classname="org.apache.hadoop.hive.ql.io.parquet.serde.TestParquetTimestampsHive2Compatibility" time="0"/>
  <testcase name="testWriteHive4UsingLegacyConversionReadHive2(String)[580]" classname="org.apache.hadoop.hive.ql.io.parquet.serde.TestParquetTimestampsHive2Compatibility" time="0"/>
  <testcase name="testWriteHive4UsingLegacyConversionReadHive2(String)[581]" classname="org.apache.hadoop.hive.ql.io.parquet.serde.TestParquetTimestampsHive2Compatibility" time="0"/>
  <testcase name="testWriteHive4UsingLegacyConversionReadHive2(String)[582]" classname="org.apache.hadoop.hive.ql.io.parquet.serde.TestParquetTimestampsHive2Compatibility" time="0"/>
  <testcase name="testWriteHive4UsingLegacyConversionReadHive2(String)[583]" classname="org.apache.hadoop.hive.ql.io.parquet.serde.TestParquetTimestampsHive2Compatibility" time="0"/>
  <testcase name="testWriteHive4UsingLegacyConversionReadHive2(String)[584]" classname="org.apache.hadoop.hive.ql.io.parquet.serde.TestParquetTimestampsHive2Compatibility" time="0"/>
  <testcase name="testWriteHive4UsingLegacyConversionReadHive2(String)[585]" classname="org.apache.hadoop.hive.ql.io.parquet.serde.TestParquetTimestampsHive2Compatibility" time="0"/>
  <testcase name="testWriteHive4UsingLegacyConversionReadHive2(String)[586]" classname="org.apache.hadoop.hive.ql.io.parquet.serde.TestParquetTimestampsHive2Compatibility" time="0"/>
  <testcase name="testWriteHive4UsingLegacyConversionReadHive2(String)[587]" classname="org.apache.hadoop.hive.ql.io.parquet.serde.TestParquetTimestampsHive2Compatibility" time="0"/>
  <testcase name="testWriteHive4UsingLegacyConversionReadHive2(String)[588]" classname="org.apache.hadoop.hive.ql.io.parquet.serde.TestParquetTimestampsHive2Compatibility" time="0"/>
  <testcase name="testWriteHive4UsingLegacyConversionReadHive2(String)[589]" classname="org.apache.hadoop.hive.ql.io.parquet.serde.TestParquetTimestampsHive2Compatibility" time="0"/>
  <testcase name="testWriteHive4UsingLegacyConversionReadHive2(String)[590]" classname="org.apache.hadoop.hive.ql.io.parquet.serde.TestParquetTimestampsHive2Compatibility" time="0"/>
  <testcase name="testWriteHive4UsingLegacyConversionReadHive2(String)[591]" classname="org.apache.hadoop.hive.ql.io.parquet.serde.TestParquetTimestampsHive2Compatibility" time="0.001"/>
  <testcase name="testWriteHive4UsingLegacyConversionReadHive2(String)[592]" classname="org.apache.hadoop.hive.ql.io.parquet.serde.TestParquetTimestampsHive2Compatibility" time="0"/>
  <testcase name="testWriteHive4UsingLegacyConversionReadHive2(String)[593]" classname="org.apache.hadoop.hive.ql.io.parquet.serde.TestParquetTimestampsHive2Compatibility" time="0"/>
  <testcase name="testWriteHive4UsingLegacyConversionReadHive2(String)[594]" classname="org.apache.hadoop.hive.ql.io.parquet.serde.TestParquetTimestampsHive2Compatibility" time="0"/>
  <testcase name="testWriteHive4UsingLegacyConversionReadHive2(String)[595]" classname="org.apache.hadoop.hive.ql.io.parquet.serde.TestParquetTimestampsHive2Compatibility" time="0"/>
  <testcase name="testWriteHive4UsingLegacyConversionReadHive2(String)[596]" classname="org.apache.hadoop.hive.ql.io.parquet.serde.TestParquetTimestampsHive2Compatibility" time="0"/>
  <testcase name="testWriteHive4UsingLegacyConversionReadHive2(String)[597]" classname="org.apache.hadoop.hive.ql.io.parquet.serde.TestParquetTimestampsHive2Compatibility" time="0.001"/>
  <testcase name="testWriteHive4UsingLegacyConversionReadHive2(String)[598]" classname="org.apache.hadoop.hive.ql.io.parquet.serde.TestParquetTimestampsHive2Compatibility" time="0"/>
  <testcase name="testWriteHive4UsingLegacyConversionReadHive2(String)[599]" classname="org.apache.hadoop.hive.ql.io.parquet.serde.TestParquetTimestampsHive2Compatibility" time="0"/>
  <testcase name="testWriteHive4UsingLegacyConversionReadHive2(String)[600]" classname="org.apache.hadoop.hive.ql.io.parquet.serde.TestParquetTimestampsHive2Compatibility" time="0"/>
  <testcase name="testWriteHive4UsingLegacyConversionReadHive2(String)[601]" classname="org.apache.hadoop.hive.ql.io.parquet.serde.TestParquetTimestampsHive2Compatibility" time="0"/>
  <testcase name="testWriteHive4UsingLegacyConversionReadHive2(String)[602]" classname="org.apache.hadoop.hive.ql.io.parquet.serde.TestParquetTimestampsHive2Compatibility" time="0"/>
  <testcase name="testWriteHive4UsingLegacyConversionReadHive2(String)[603]" classname="org.apache.hadoop.hive.ql.io.parquet.serde.TestParquetTimestampsHive2Compatibility" time="0"/>
  <testcase name="testWriteHive4UsingLegacyConversionReadHive2(String)[604]" classname="org.apache.hadoop.hive.ql.io.parquet.serde.TestParquetTimestampsHive2Compatibility" time="0"/>
  <testcase name="testWriteHive4UsingLegacyConversionReadHive2(String)[605]" classname="org.apache.hadoop.hive.ql.io.parquet.serde.TestParquetTimestampsHive2Compatibility" time="0"/>
  <testcase name="testWriteHive4UsingLegacyConversionReadHive2(String)[606]" classname="org.apache.hadoop.hive.ql.io.parquet.serde.TestParquetTimestampsHive2Compatibility" time="0"/>
  <testcase name="testWriteHive4UsingLegacyConversionReadHive2(String)[607]" classname="org.apache.hadoop.hive.ql.io.parquet.serde.TestParquetTimestampsHive2Compatibility" time="0"/>
  <testcase name="testWriteHive4UsingLegacyConversionReadHive2(String)[608]" classname="org.apache.hadoop.hive.ql.io.parquet.serde.TestParquetTimestampsHive2Compatibility" time="0"/>
  <testcase name="testWriteHive4UsingLegacyConversionReadHive2(String)[609]" classname="org.apache.hadoop.hive.ql.io.parquet.serde.TestParquetTimestampsHive2Compatibility" time="0"/>
  <testcase name="testWriteHive4UsingLegacyConversionReadHive2(String)[610]" classname="org.apache.hadoop.hive.ql.io.parquet.serde.TestParquetTimestampsHive2Compatibility" time="0"/>
  <testcase name="testWriteHive4UsingLegacyConversionReadHive2(String)[611]" classname="org.apache.hadoop.hive.ql.io.parquet.serde.TestParquetTimestampsHive2Compatibility" time="0"/>
  <testcase name="testWriteHive4UsingLegacyConversionReadHive2(String)[612]" classname="org.apache.hadoop.hive.ql.io.parquet.serde.TestParquetTimestampsHive2Compatibility" time="0"/>
  <testcase name="testWriteHive4UsingLegacyConversionReadHive2(String)[613]" classname="org.apache.hadoop.hive.ql.io.parquet.serde.TestParquetTimestampsHive2Compatibility" time="0"/>
  <testcase name="testWriteHive4UsingLegacyConversionReadHive2(String)[614]" classname="org.apache.hadoop.hive.ql.io.parquet.serde.TestParquetTimestampsHive2Compatibility" time="0"/>
  <testcase name="testWriteHive4UsingLegacyConversionReadHive2(String)[615]" classname="org.apache.hadoop.hive.ql.io.parquet.serde.TestParquetTimestampsHive2Compatibility" time="0"/>
  <testcase name="testWriteHive4UsingLegacyConversionReadHive2(String)[616]" classname="org.apache.hadoop.hive.ql.io.parquet.serde.TestParquetTimestampsHive2Compatibility" time="0"/>
  <testcase name="testWriteHive4UsingLegacyConversionReadHive2(String)[617]" classname="org.apache.hadoop.hive.ql.io.parquet.serde.TestParquetTimestampsHive2Compatibility" time="0"/>
  <testcase name="testWriteHive4UsingLegacyConversionReadHive2(String)[618]" classname="org.apache.hadoop.hive.ql.io.parquet.serde.TestParquetTimestampsHive2Compatibility" time="0"/>
  <testcase name="testWriteHive4UsingLegacyConversionReadHive2(String)[619]" classname="org.apache.hadoop.hive.ql.io.parquet.serde.TestParquetTimestampsHive2Compatibility" time="0"/>
  <testcase name="testWriteHive4UsingLegacyConversionReadHive2(String)[620]" classname="org.apache.hadoop.hive.ql.io.parquet.serde.TestParquetTimestampsHive2Compatibility" time="0"/>
  <testcase name="testWriteHive4UsingLegacyConversionReadHive2(String)[621]" classname="org.apache.hadoop.hive.ql.io.parquet.serde.TestParquetTimestampsHive2Compatibility" time="0"/>
  <testcase name="testWriteHive4UsingLegacyConversionReadHive2(String)[622]" classname="org.apache.hadoop.hive.ql.io.parquet.serde.TestParquetTimestampsHive2Compatibility" time="0"/>
  <testcase name="testWriteHive4UsingLegacyConversionReadHive2(String)[623]" classname="org.apache.hadoop.hive.ql.io.parquet.serde.TestParquetTimestampsHive2Compatibility" time="0"/>
  <testcase name="testWriteHive4UsingLegacyConversionReadHive2(String)[624]" classname="org.apache.hadoop.hive.ql.io.parquet.serde.TestParquetTimestampsHive2Compatibility" time="0"/>
  <testcase name="testWriteHive4UsingLegacyConversionReadHive2(String)[625]" classname="org.apache.hadoop.hive.ql.io.parquet.serde.TestParquetTimestampsHive2Compatibility" time="0"/>
  <testcase name="testWriteHive4UsingLegacyConversionReadHive2(String)[626]" classname="org.apache.hadoop.hive.ql.io.parquet.serde.TestParquetTimestampsHive2Compatibility" time="0"/>
  <testcase name="testWriteHive4UsingLegacyConversionReadHive2(String)[627]" classname="org.apache.hadoop.hive.ql.io.parquet.serde.TestParquetTimestampsHive2Compatibility" time="0"/>
  <testcase name="testWriteHive4UsingLegacyConversionReadHive2(String)[628]" classname="org.apache.hadoop.hive.ql.io.parquet.serde.TestParquetTimestampsHive2Compatibility" time="0"/>
  <testcase name="testWriteHive4UsingLegacyConversionReadHive2(String)[629]" classname="org.apache.hadoop.hive.ql.io.parquet.serde.TestParquetTimestampsHive2Compatibility" time="0"/>
  <testcase name="testWriteHive4UsingLegacyConversionReadHive2(String)[630]" classname="org.apache.hadoop.hive.ql.io.parquet.serde.TestParquetTimestampsHive2Compatibility" time="0"/>
  <testcase name="testWriteHive4UsingLegacyConversionReadHive2(String)[631]" classname="org.apache.hadoop.hive.ql.io.parquet.serde.TestParquetTimestampsHive2Compatibility" time="0.001"/>
  <testcase name="testWriteHive4UsingLegacyConversionReadHive2(String)[632]" classname="org.apache.hadoop.hive.ql.io.parquet.serde.TestParquetTimestampsHive2Compatibility" time="0"/>
  <testcase name="testWriteHive4UsingLegacyConversionReadHive2(String)[633]" classname="org.apache.hadoop.hive.ql.io.parquet.serde.TestParquetTimestampsHive2Compatibility" time="0"/>
  <testcase name="testWriteHive4UsingLegacyConversionReadHive2(String)[634]" classname="org.apache.hadoop.hive.ql.io.parquet.serde.TestParquetTimestampsHive2Compatibility" time="0"/>
  <testcase name="testWriteHive4UsingLegacyConversionReadHive2(String)[635]" classname="org.apache.hadoop.hive.ql.io.parquet.serde.TestParquetTimestampsHive2Compatibility" time="0"/>
  <testcase name="testWriteHive4UsingLegacyConversionReadHive2(String)[636]" classname="org.apache.hadoop.hive.ql.io.parquet.serde.TestParquetTimestampsHive2Compatibility" time="0"/>
  <testcase name="testWriteHive4UsingLegacyConversionReadHive2(String)[637]" classname="org.apache.hadoop.hive.ql.io.parquet.serde.TestParquetTimestampsHive2Compatibility" time="0"/>
  <testcase name="testWriteHive4UsingLegacyConversionReadHive2(String)[638]" classname="org.apache.hadoop.hive.ql.io.parquet.serde.TestParquetTimestampsHive2Compatibility" time="0"/>
  <testcase name="testWriteHive4UsingLegacyConversionReadHive2(String)[639]" classname="org.apache.hadoop.hive.ql.io.parquet.serde.TestParquetTimestampsHive2Compatibility" time="0"/>
  <testcase name="testWriteHive4UsingLegacyConversionReadHive2(String)[640]" classname="org.apache.hadoop.hive.ql.io.parquet.serde.TestParquetTimestampsHive2Compatibility" time="0"/>
  <testcase name="testWriteHive4UsingLegacyConversionReadHive2(String)[641]" classname="org.apache.hadoop.hive.ql.io.parquet.serde.TestParquetTimestampsHive2Compatibility" time="0"/>
  <testcase name="testWriteHive4UsingLegacyConversionReadHive2(String)[642]" classname="org.apache.hadoop.hive.ql.io.parquet.serde.TestParquetTimestampsHive2Compatibility" time="0"/>
  <testcase name="testWriteHive4UsingLegacyConversionReadHive2(String)[643]" classname="org.apache.hadoop.hive.ql.io.parquet.serde.TestParquetTimestampsHive2Compatibility" time="0"/>
  <testcase name="testWriteHive4UsingLegacyConversionReadHive2(String)[644]" classname="org.apache.hadoop.hive.ql.io.parquet.serde.TestParquetTimestampsHive2Compatibility" time="0"/>
  <testcase name="testWriteHive4UsingLegacyConversionReadHive2(String)[645]" classname="org.apache.hadoop.hive.ql.io.parquet.serde.TestParquetTimestampsHive2Compatibility" time="0"/>
  <testcase name="testWriteHive4UsingLegacyConversionReadHive2(String)[646]" classname="org.apache.hadoop.hive.ql.io.parquet.serde.TestParquetTimestampsHive2Compatibility" time="0"/>
  <testcase name="testWriteHive4UsingLegacyConversionReadHive2(String)[647]" classname="org.apache.hadoop.hive.ql.io.parquet.serde.TestParquetTimestampsHive2Compatibility" time="0"/>
  <testcase name="testWriteHive4UsingLegacyConversionReadHive2(String)[648]" classname="org.apache.hadoop.hive.ql.io.parquet.serde.TestParquetTimestampsHive2Compatibility" time="0"/>
  <testcase name="testWriteHive4UsingLegacyConversionReadHive2(String)[649]" classname="org.apache.hadoop.hive.ql.io.parquet.serde.TestParquetTimestampsHive2Compatibility" time="0"/>
  <testcase name="testWriteHive4UsingLegacyConversionReadHive2(String)[650]" classname="org.apache.hadoop.hive.ql.io.parquet.serde.TestParquetTimestampsHive2Compatibility" time="0"/>
  <testcase name="testWriteHive4UsingLegacyConversionReadHive2(String)[651]" classname="org.apache.hadoop.hive.ql.io.parquet.serde.TestParquetTimestampsHive2Compatibility" time="0"/>
  <testcase name="testWriteHive4UsingLegacyConversionReadHive2(String)[652]" classname="org.apache.hadoop.hive.ql.io.parquet.serde.TestParquetTimestampsHive2Compatibility" time="0"/>
  <testcase name="testWriteHive4UsingLegacyConversionReadHive2(String)[653]" classname="org.apache.hadoop.hive.ql.io.parquet.serde.TestParquetTimestampsHive2Compatibility" time="0"/>
  <testcase name="testWriteHive4UsingLegacyConversionReadHive2(String)[654]" classname="org.apache.hadoop.hive.ql.io.parquet.serde.TestParquetTimestampsHive2Compatibility" time="0"/>
  <testcase name="testWriteHive4UsingLegacyConversionReadHive2(String)[655]" classname="org.apache.hadoop.hive.ql.io.parquet.serde.TestParquetTimestampsHive2Compatibility" time="0"/>
  <testcase name="testWriteHive4UsingLegacyConversionReadHive2(String)[656]" classname="org.apache.hadoop.hive.ql.io.parquet.serde.TestParquetTimestampsHive2Compatibility" time="0"/>
  <testcase name="testWriteHive4UsingLegacyConversionReadHive2(String)[657]" classname="org.apache.hadoop.hive.ql.io.parquet.serde.TestParquetTimestampsHive2Compatibility" time="0"/>
  <testcase name="testWriteHive4UsingLegacyConversionReadHive2(String)[658]" classname="org.apache.hadoop.hive.ql.io.parquet.serde.TestParquetTimestampsHive2Compatibility" time="0"/>
  <testcase name="testWriteHive4UsingLegacyConversionReadHive2(String)[659]" classname="org.apache.hadoop.hive.ql.io.parquet.serde.TestParquetTimestampsHive2Compatibility" time="0"/>
  <testcase name="testWriteHive4UsingLegacyConversionReadHive2(String)[660]" classname="org.apache.hadoop.hive.ql.io.parquet.serde.TestParquetTimestampsHive2Compatibility" time="0.001"/>
  <testcase name="testWriteHive4UsingLegacyConversionReadHive2(String)[661]" classname="org.apache.hadoop.hive.ql.io.parquet.serde.TestParquetTimestampsHive2Compatibility" time="0"/>
  <testcase name="testWriteHive4UsingLegacyConversionReadHive2(String)[662]" classname="org.apache.hadoop.hive.ql.io.parquet.serde.TestParquetTimestampsHive2Compatibility" time="0"/>
  <testcase name="testWriteHive4UsingLegacyConversionReadHive2(String)[663]" classname="org.apache.hadoop.hive.ql.io.parquet.serde.TestParquetTimestampsHive2Compatibility" time="0"/>
  <testcase name="testWriteHive4UsingLegacyConversionReadHive2(String)[664]" classname="org.apache.hadoop.hive.ql.io.parquet.serde.TestParquetTimestampsHive2Compatibility" time="0"/>
  <testcase name="testWriteHive4UsingLegacyConversionReadHive2(String)[665]" classname="org.apache.hadoop.hive.ql.io.parquet.serde.TestParquetTimestampsHive2Compatibility" time="0"/>
  <testcase name="testWriteHive4UsingLegacyConversionReadHive2(String)[666]" classname="org.apache.hadoop.hive.ql.io.parquet.serde.TestParquetTimestampsHive2Compatibility" time="0"/>
  <testcase name="testWriteHive4UsingLegacyConversionReadHive2(String)[667]" classname="org.apache.hadoop.hive.ql.io.parquet.serde.TestParquetTimestampsHive2Compatibility" time="0"/>
  <testcase name="testWriteHive4UsingLegacyConversionReadHive2(String)[668]" classname="org.apache.hadoop.hive.ql.io.parquet.serde.TestParquetTimestampsHive2Compatibility" time="0"/>
  <testcase name="testWriteHive4UsingLegacyConversionReadHive2(String)[669]" classname="org.apache.hadoop.hive.ql.io.parquet.serde.TestParquetTimestampsHive2Compatibility" time="0"/>
  <testcase name="testWriteHive4UsingLegacyConversionReadHive2(String)[670]" classname="org.apache.hadoop.hive.ql.io.parquet.serde.TestParquetTimestampsHive2Compatibility" time="0"/>
  <testcase name="testWriteHive4UsingLegacyConversionReadHive2(String)[671]" classname="org.apache.hadoop.hive.ql.io.parquet.serde.TestParquetTimestampsHive2Compatibility" time="0.001"/>
  <testcase name="testWriteHive4UsingLegacyConversionReadHive2(String)[672]" classname="org.apache.hadoop.hive.ql.io.parquet.serde.TestParquetTimestampsHive2Compatibility" time="0"/>
  <testcase name="testWriteHive4UsingLegacyConversionReadHive2(String)[673]" classname="org.apache.hadoop.hive.ql.io.parquet.serde.TestParquetTimestampsHive2Compatibility" time="0"/>
  <testcase name="testWriteHive4UsingLegacyConversionReadHive2(String)[674]" classname="org.apache.hadoop.hive.ql.io.parquet.serde.TestParquetTimestampsHive2Compatibility" time="0"/>
  <testcase name="testWriteHive4UsingLegacyConversionReadHive2(String)[675]" classname="org.apache.hadoop.hive.ql.io.parquet.serde.TestParquetTimestampsHive2Compatibility" time="0"/>
  <testcase name="testWriteHive4UsingLegacyConversionReadHive2(String)[676]" classname="org.apache.hadoop.hive.ql.io.parquet.serde.TestParquetTimestampsHive2Compatibility" time="0"/>
  <testcase name="testWriteHive4UsingLegacyConversionReadHive2(String)[677]" classname="org.apache.hadoop.hive.ql.io.parquet.serde.TestParquetTimestampsHive2Compatibility" time="0"/>
  <testcase name="testWriteHive4UsingLegacyConversionReadHive2(String)[678]" classname="org.apache.hadoop.hive.ql.io.parquet.serde.TestParquetTimestampsHive2Compatibility" time="0"/>
  <testcase name="testWriteHive4UsingLegacyConversionReadHive2(String)[679]" classname="org.apache.hadoop.hive.ql.io.parquet.serde.TestParquetTimestampsHive2Compatibility" time="0"/>
  <testcase name="testWriteHive4UsingLegacyConversionReadHive2(String)[680]" classname="org.apache.hadoop.hive.ql.io.parquet.serde.TestParquetTimestampsHive2Compatibility" time="0"/>
  <testcase name="testWriteHive4UsingLegacyConversionReadHive2(String)[681]" classname="org.apache.hadoop.hive.ql.io.parquet.serde.TestParquetTimestampsHive2Compatibility" time="0"/>
  <testcase name="testWriteHive4UsingLegacyConversionReadHive2(String)[682]" classname="org.apache.hadoop.hive.ql.io.parquet.serde.TestParquetTimestampsHive2Compatibility" time="0"/>
  <testcase name="testWriteHive4UsingLegacyConversionReadHive2(String)[683]" classname="org.apache.hadoop.hive.ql.io.parquet.serde.TestParquetTimestampsHive2Compatibility" time="0"/>
  <testcase name="testWriteHive4UsingLegacyConversionReadHive2(String)[684]" classname="org.apache.hadoop.hive.ql.io.parquet.serde.TestParquetTimestampsHive2Compatibility" time="0"/>
  <testcase name="testWriteHive4UsingLegacyConversionReadHive2(String)[685]" classname="org.apache.hadoop.hive.ql.io.parquet.serde.TestParquetTimestampsHive2Compatibility" time="0"/>
  <testcase name="testWriteHive4UsingLegacyConversionReadHive2(String)[686]" classname="org.apache.hadoop.hive.ql.io.parquet.serde.TestParquetTimestampsHive2Compatibility" time="0"/>
  <testcase name="testWriteHive4UsingLegacyConversionReadHive2(String)[687]" classname="org.apache.hadoop.hive.ql.io.parquet.serde.TestParquetTimestampsHive2Compatibility" time="0"/>
  <testcase name="testWriteHive4UsingLegacyConversionReadHive2(String)[688]" classname="org.apache.hadoop.hive.ql.io.parquet.serde.TestParquetTimestampsHive2Compatibility" time="0"/>
  <testcase name="testWriteHive4UsingLegacyConversionReadHive2(String)[689]" classname="org.apache.hadoop.hive.ql.io.parquet.serde.TestParquetTimestampsHive2Compatibility" time="0"/>
  <testcase name="testWriteHive4UsingLegacyConversionReadHive2(String)[690]" classname="org.apache.hadoop.hive.ql.io.parquet.serde.TestParquetTimestampsHive2Compatibility" time="0"/>
  <testcase name="testWriteHive4UsingLegacyConversionReadHive2(String)[691]" classname="org.apache.hadoop.hive.ql.io.parquet.serde.TestParquetTimestampsHive2Compatibility" time="0"/>
  <testcase name="testWriteHive4UsingLegacyConversionReadHive2(String)[692]" classname="org.apache.hadoop.hive.ql.io.parquet.serde.TestParquetTimestampsHive2Compatibility" time="0"/>
  <testcase name="testWriteHive4UsingLegacyConversionReadHive2(String)[693]" classname="org.apache.hadoop.hive.ql.io.parquet.serde.TestParquetTimestampsHive2Compatibility" time="0"/>
  <testcase name="testWriteHive4UsingLegacyConversionReadHive2(String)[694]" classname="org.apache.hadoop.hive.ql.io.parquet.serde.TestParquetTimestampsHive2Compatibility" time="0.001"/>
  <testcase name="testWriteHive4UsingLegacyConversionReadHive2(String)[695]" classname="org.apache.hadoop.hive.ql.io.parquet.serde.TestParquetTimestampsHive2Compatibility" time="0"/>
  <testcase name="testWriteHive4UsingLegacyConversionReadHive2(String)[696]" classname="org.apache.hadoop.hive.ql.io.parquet.serde.TestParquetTimestampsHive2Compatibility" time="0"/>
  <testcase name="testWriteHive4UsingLegacyConversionReadHive2(String)[697]" classname="org.apache.hadoop.hive.ql.io.parquet.serde.TestParquetTimestampsHive2Compatibility" time="0"/>
  <testcase name="testWriteHive4UsingLegacyConversionReadHive2(String)[698]" classname="org.apache.hadoop.hive.ql.io.parquet.serde.TestParquetTimestampsHive2Compatibility" time="0"/>
  <testcase name="testWriteHive4UsingLegacyConversionReadHive2(String)[699]" classname="org.apache.hadoop.hive.ql.io.parquet.serde.TestParquetTimestampsHive2Compatibility" time="0"/>
  <testcase name="testWriteHive4UsingLegacyConversionReadHive2(String)[700]" classname="org.apache.hadoop.hive.ql.io.parquet.serde.TestParquetTimestampsHive2Compatibility" time="0.001"/>
  <testcase name="testWriteHive4UsingLegacyConversionReadHive2(String)[701]" classname="org.apache.hadoop.hive.ql.io.parquet.serde.TestParquetTimestampsHive2Compatibility" time="0"/>
  <testcase name="testWriteHive4UsingLegacyConversionReadHive2(String)[702]" classname="org.apache.hadoop.hive.ql.io.parquet.serde.TestParquetTimestampsHive2Compatibility" time="0"/>
  <testcase name="testWriteHive4UsingLegacyConversionReadHive2(String)[703]" classname="org.apache.hadoop.hive.ql.io.parquet.serde.TestParquetTimestampsHive2Compatibility" time="0"/>
  <testcase name="testWriteHive4UsingLegacyConversionReadHive2(String)[704]" classname="org.apache.hadoop.hive.ql.io.parquet.serde.TestParquetTimestampsHive2Compatibility" time="0"/>
  <testcase name="testWriteHive4UsingLegacyConversionReadHive2(String)[705]" classname="org.apache.hadoop.hive.ql.io.parquet.serde.TestParquetTimestampsHive2Compatibility" time="0"/>
  <testcase name="testWriteHive4UsingLegacyConversionReadHive2(String)[706]" classname="org.apache.hadoop.hive.ql.io.parquet.serde.TestParquetTimestampsHive2Compatibility" time="0.001"/>
  <testcase name="testWriteHive4UsingLegacyConversionReadHive2(String)[707]" classname="org.apache.hadoop.hive.ql.io.parquet.serde.TestParquetTimestampsHive2Compatibility" time="0"/>
  <testcase name="testWriteHive4UsingLegacyConversionReadHive2(String)[708]" classname="org.apache.hadoop.hive.ql.io.parquet.serde.TestParquetTimestampsHive2Compatibility" time="0"/>
  <testcase name="testWriteHive4UsingLegacyConversionReadHive2(String)[709]" classname="org.apache.hadoop.hive.ql.io.parquet.serde.TestParquetTimestampsHive2Compatibility" time="0"/>
  <testcase name="testWriteHive4UsingLegacyConversionReadHive2(String)[710]" classname="org.apache.hadoop.hive.ql.io.parquet.serde.TestParquetTimestampsHive2Compatibility" time="0"/>
  <testcase name="testWriteHive4UsingLegacyConversionReadHive2(String)[711]" classname="org.apache.hadoop.hive.ql.io.parquet.serde.TestParquetTimestampsHive2Compatibility" time="0.001"/>
  <testcase name="testWriteHive4UsingLegacyConversionReadHive2(String)[712]" classname="org.apache.hadoop.hive.ql.io.parquet.serde.TestParquetTimestampsHive2Compatibility" time="0"/>
  <testcase name="testWriteHive4UsingLegacyConversionReadHive2(String)[713]" classname="org.apache.hadoop.hive.ql.io.parquet.serde.TestParquetTimestampsHive2Compatibility" time="0"/>
  <testcase name="testWriteHive4UsingLegacyConversionReadHive2(String)[714]" classname="org.apache.hadoop.hive.ql.io.parquet.serde.TestParquetTimestampsHive2Compatibility" time="0"/>
  <testcase name="testWriteHive4UsingLegacyConversionReadHive2(String)[715]" classname="org.apache.hadoop.hive.ql.io.parquet.serde.TestParquetTimestampsHive2Compatibility" time="0"/>
  <testcase name="testWriteHive4UsingLegacyConversionReadHive2(String)[716]" classname="org.apache.hadoop.hive.ql.io.parquet.serde.TestParquetTimestampsHive2Compatibility" time="0"/>
  <testcase name="testWriteHive4UsingLegacyConversionReadHive2(String)[717]" classname="org.apache.hadoop.hive.ql.io.parquet.serde.TestParquetTimestampsHive2Compatibility" time="0.001"/>
  <testcase name="testWriteHive4UsingLegacyConversionReadHive2(String)[718]" classname="org.apache.hadoop.hive.ql.io.parquet.serde.TestParquetTimestampsHive2Compatibility" time="0"/>
  <testcase name="testWriteHive4UsingLegacyConversionReadHive2(String)[719]" classname="org.apache.hadoop.hive.ql.io.parquet.serde.TestParquetTimestampsHive2Compatibility" time="0"/>
  <testcase name="testWriteHive4UsingLegacyConversionReadHive2(String)[720]" classname="org.apache.hadoop.hive.ql.io.parquet.serde.TestParquetTimestampsHive2Compatibility" time="0"/>
  <testcase name="testWriteHive4UsingLegacyConversionReadHive2(String)[721]" classname="org.apache.hadoop.hive.ql.io.parquet.serde.TestParquetTimestampsHive2Compatibility" time="0"/>
  <testcase name="testWriteHive4UsingLegacyConversionReadHive2(String)[722]" classname="org.apache.hadoop.hive.ql.io.parquet.serde.TestParquetTimestampsHive2Compatibility" time="0"/>
  <testcase name="testWriteHive4UsingLegacyConversionReadHive2(String)[723]" classname="org.apache.hadoop.hive.ql.io.parquet.serde.TestParquetTimestampsHive2Compatibility" time="0.001"/>
  <testcase name="testWriteHive4UsingLegacyConversionReadHive2(String)[724]" classname="org.apache.hadoop.hive.ql.io.parquet.serde.TestParquetTimestampsHive2Compatibility" time="0"/>
  <testcase name="testWriteHive4UsingLegacyConversionReadHive2(String)[725]" classname="org.apache.hadoop.hive.ql.io.parquet.serde.TestParquetTimestampsHive2Compatibility" time="0"/>
  <testcase name="testWriteHive4UsingLegacyConversionReadHive2(String)[726]" classname="org.apache.hadoop.hive.ql.io.parquet.serde.TestParquetTimestampsHive2Compatibility" time="0"/>
  <testcase name="testWriteHive4UsingLegacyConversionReadHive2(String)[727]" classname="org.apache.hadoop.hive.ql.io.parquet.serde.TestParquetTimestampsHive2Compatibility" time="0"/>
  <testcase name="testWriteHive4UsingLegacyConversionReadHive2(String)[728]" classname="org.apache.hadoop.hive.ql.io.parquet.serde.TestParquetTimestampsHive2Compatibility" time="0"/>
  <testcase name="testWriteHive4UsingLegacyConversionReadHive2(String)[729]" classname="org.apache.hadoop.hive.ql.io.parquet.serde.TestParquetTimestampsHive2Compatibility" time="0"/>
  <testcase name="testWriteHive4UsingLegacyConversionReadHive2(String)[730]" classname="org.apache.hadoop.hive.ql.io.parquet.serde.TestParquetTimestampsHive2Compatibility" time="0"/>
  <testcase name="testWriteHive4UsingLegacyConversionReadHive2(String)[731]" classname="org.apache.hadoop.hive.ql.io.parquet.serde.TestParquetTimestampsHive2Compatibility" time="0"/>
  <testcase name="testWriteHive4UsingLegacyConversionReadHive2(String)[732]" classname="org.apache.hadoop.hive.ql.io.parquet.serde.TestParquetTimestampsHive2Compatibility" time="0"/>
  <testcase name="testWriteHive4UsingLegacyConversionReadHive2(String)[733]" classname="org.apache.hadoop.hive.ql.io.parquet.serde.TestParquetTimestampsHive2Compatibility" time="0"/>
  <testcase name="testWriteHive4UsingLegacyConversionReadHive2(String)[734]" classname="org.apache.hadoop.hive.ql.io.parquet.serde.TestParquetTimestampsHive2Compatibility" time="0.001"/>
  <testcase name="testWriteHive4UsingLegacyConversionReadHive2(String)[735]" classname="org.apache.hadoop.hive.ql.io.parquet.serde.TestParquetTimestampsHive2Compatibility" time="0"/>
  <testcase name="testWriteHive4UsingLegacyConversionReadHive2(String)[736]" classname="org.apache.hadoop.hive.ql.io.parquet.serde.TestParquetTimestampsHive2Compatibility" time="0"/>
  <testcase name="testWriteHive4UsingLegacyConversionReadHive2(String)[737]" classname="org.apache.hadoop.hive.ql.io.parquet.serde.TestParquetTimestampsHive2Compatibility" time="0"/>
  <testcase name="testWriteHive4UsingLegacyConversionReadHive2(String)[738]" classname="org.apache.hadoop.hive.ql.io.parquet.serde.TestParquetTimestampsHive2Compatibility" time="0"/>
  <testcase name="testWriteHive4UsingLegacyConversionReadHive2(String)[739]" classname="org.apache.hadoop.hive.ql.io.parquet.serde.TestParquetTimestampsHive2Compatibility" time="0"/>
  <testcase name="testWriteHive4UsingLegacyConversionReadHive2(String)[740]" classname="org.apache.hadoop.hive.ql.io.parquet.serde.TestParquetTimestampsHive2Compatibility" time="0"/>
  <testcase name="testWriteHive4UsingLegacyConversionReadHive2(String)[741]" classname="org.apache.hadoop.hive.ql.io.parquet.serde.TestParquetTimestampsHive2Compatibility" time="0"/>
  <testcase name="testWriteHive4UsingLegacyConversionReadHive2(String)[742]" classname="org.apache.hadoop.hive.ql.io.parquet.serde.TestParquetTimestampsHive2Compatibility" time="0"/>
  <testcase name="testWriteHive4UsingLegacyConversionReadHive2(String)[743]" classname="org.apache.hadoop.hive.ql.io.parquet.serde.TestParquetTimestampsHive2Compatibility" time="0"/>
  <testcase name="testWriteHive4UsingLegacyConversionReadHive2(String)[744]" classname="org.apache.hadoop.hive.ql.io.parquet.serde.TestParquetTimestampsHive2Compatibility" time="0"/>
  <testcase name="testWriteHive4UsingLegacyConversionReadHive2(String)[745]" classname="org.apache.hadoop.hive.ql.io.parquet.serde.TestParquetTimestampsHive2Compatibility" time="0"/>
  <testcase name="testWriteHive4UsingLegacyConversionReadHive2(String)[746]" classname="org.apache.hadoop.hive.ql.io.parquet.serde.TestParquetTimestampsHive2Compatibility" time="0"/>
  <testcase name="testWriteHive4UsingLegacyConversionReadHive2(String)[747]" classname="org.apache.hadoop.hive.ql.io.parquet.serde.TestParquetTimestampsHive2Compatibility" time="0"/>
  <testcase name="testWriteHive4UsingLegacyConversionReadHive2(String)[748]" classname="org.apache.hadoop.hive.ql.io.parquet.serde.TestParquetTimestampsHive2Compatibility" time="0"/>
  <testcase name="testWriteHive4UsingLegacyConversionReadHive2(String)[749]" classname="org.apache.hadoop.hive.ql.io.parquet.serde.TestParquetTimestampsHive2Compatibility" time="0"/>
  <testcase name="testWriteHive4UsingLegacyConversionReadHive2(String)[750]" classname="org.apache.hadoop.hive.ql.io.parquet.serde.TestParquetTimestampsHive2Compatibility" time="0"/>
  <testcase name="testWriteHive4UsingLegacyConversionReadHive2(String)[751]" classname="org.apache.hadoop.hive.ql.io.parquet.serde.TestParquetTimestampsHive2Compatibility" time="0"/>
  <testcase name="testWriteHive4UsingLegacyConversionReadHive2(String)[752]" classname="org.apache.hadoop.hive.ql.io.parquet.serde.TestParquetTimestampsHive2Compatibility" time="0"/>
  <testcase name="testWriteHive4UsingLegacyConversionReadHive2(String)[753]" classname="org.apache.hadoop.hive.ql.io.parquet.serde.TestParquetTimestampsHive2Compatibility" time="0"/>
  <testcase name="testWriteHive4UsingLegacyConversionReadHive2(String)[754]" classname="org.apache.hadoop.hive.ql.io.parquet.serde.TestParquetTimestampsHive2Compatibility" time="0"/>
  <testcase name="testWriteHive4UsingLegacyConversionReadHive2(String)[755]" classname="org.apache.hadoop.hive.ql.io.parquet.serde.TestParquetTimestampsHive2Compatibility" time="0"/>
  <testcase name="testWriteHive4UsingLegacyConversionReadHive2(String)[756]" classname="org.apache.hadoop.hive.ql.io.parquet.serde.TestParquetTimestampsHive2Compatibility" time="0"/>
  <testcase name="testWriteHive4UsingLegacyConversionReadHive2(String)[757]" classname="org.apache.hadoop.hive.ql.io.parquet.serde.TestParquetTimestampsHive2Compatibility" time="0.001"/>
  <testcase name="testWriteHive4UsingLegacyConversionReadHive2(String)[758]" classname="org.apache.hadoop.hive.ql.io.parquet.serde.TestParquetTimestampsHive2Compatibility" time="0"/>
  <testcase name="testWriteHive4UsingLegacyConversionReadHive2(String)[759]" classname="org.apache.hadoop.hive.ql.io.parquet.serde.TestParquetTimestampsHive2Compatibility" time="0"/>
  <testcase name="testWriteHive4UsingLegacyConversionReadHive2(String)[760]" classname="org.apache.hadoop.hive.ql.io.parquet.serde.TestParquetTimestampsHive2Compatibility" time="0"/>
  <testcase name="testWriteHive4UsingLegacyConversionReadHive2(String)[761]" classname="org.apache.hadoop.hive.ql.io.parquet.serde.TestParquetTimestampsHive2Compatibility" time="0"/>
  <testcase name="testWriteHive4UsingLegacyConversionReadHive2(String)[762]" classname="org.apache.hadoop.hive.ql.io.parquet.serde.TestParquetTimestampsHive2Compatibility" time="0"/>
  <testcase name="testWriteHive4UsingLegacyConversionReadHive2(String)[763]" classname="org.apache.hadoop.hive.ql.io.parquet.serde.TestParquetTimestampsHive2Compatibility" time="0"/>
  <testcase name="testWriteHive4UsingLegacyConversionReadHive2(String)[764]" classname="org.apache.hadoop.hive.ql.io.parquet.serde.TestParquetTimestampsHive2Compatibility" time="0"/>
  <testcase name="testWriteHive4UsingLegacyConversionReadHive2(String)[765]" classname="org.apache.hadoop.hive.ql.io.parquet.serde.TestParquetTimestampsHive2Compatibility" time="0"/>
  <testcase name="testWriteHive4UsingLegacyConversionReadHive2(String)[766]" classname="org.apache.hadoop.hive.ql.io.parquet.serde.TestParquetTimestampsHive2Compatibility" time="0"/>
  <testcase name="testWriteHive4UsingLegacyConversionReadHive2(String)[767]" classname="org.apache.hadoop.hive.ql.io.parquet.serde.TestParquetTimestampsHive2Compatibility" time="0"/>
  <testcase name="testWriteHive4UsingLegacyConversionReadHive2(String)[768]" classname="org.apache.hadoop.hive.ql.io.parquet.serde.TestParquetTimestampsHive2Compatibility" time="0"/>
  <testcase name="testWriteHive4UsingLegacyConversionReadHive2(String)[769]" classname="org.apache.hadoop.hive.ql.io.parquet.serde.TestParquetTimestampsHive2Compatibility" time="0"/>
  <testcase name="testWriteHive4UsingLegacyConversionReadHive2(String)[770]" classname="org.apache.hadoop.hive.ql.io.parquet.serde.TestParquetTimestampsHive2Compatibility" time="0"/>
  <testcase name="testWriteHive4UsingLegacyConversionReadHive2(String)[771]" classname="org.apache.hadoop.hive.ql.io.parquet.serde.TestParquetTimestampsHive2Compatibility" time="0"/>
  <testcase name="testWriteHive4UsingLegacyConversionReadHive2(String)[772]" classname="org.apache.hadoop.hive.ql.io.parquet.serde.TestParquetTimestampsHive2Compatibility" time="0"/>
  <testcase name="testWriteHive4UsingLegacyConversionReadHive2(String)[773]" classname="org.apache.hadoop.hive.ql.io.parquet.serde.TestParquetTimestampsHive2Compatibility" time="0"/>
  <testcase name="testWriteHive4UsingLegacyConversionReadHive2(String)[774]" classname="org.apache.hadoop.hive.ql.io.parquet.serde.TestParquetTimestampsHive2Compatibility" time="0"/>
  <testcase name="testWriteHive4UsingLegacyConversionReadHive2(String)[775]" classname="org.apache.hadoop.hive.ql.io.parquet.serde.TestParquetTimestampsHive2Compatibility" time="0"/>
  <testcase name="testWriteHive4UsingLegacyConversionReadHive2(String)[776]" classname="org.apache.hadoop.hive.ql.io.parquet.serde.TestParquetTimestampsHive2Compatibility" time="0"/>
  <testcase name="testWriteHive4UsingLegacyConversionReadHive2(String)[777]" classname="org.apache.hadoop.hive.ql.io.parquet.serde.TestParquetTimestampsHive2Compatibility" time="0"/>
  <testcase name="testWriteHive4UsingLegacyConversionReadHive2(String)[778]" classname="org.apache.hadoop.hive.ql.io.parquet.serde.TestParquetTimestampsHive2Compatibility" time="0"/>
  <testcase name="testWriteHive4UsingLegacyConversionReadHive2(String)[779]" classname="org.apache.hadoop.hive.ql.io.parquet.serde.TestParquetTimestampsHive2Compatibility" time="0.001"/>
  <testcase name="testWriteHive4UsingLegacyConversionReadHive2(String)[780]" classname="org.apache.hadoop.hive.ql.io.parquet.serde.TestParquetTimestampsHive2Compatibility" time="0"/>
  <testcase name="testWriteHive4UsingLegacyConversionReadHive2(String)[781]" classname="org.apache.hadoop.hive.ql.io.parquet.serde.TestParquetTimestampsHive2Compatibility" time="0"/>
  <testcase name="testWriteHive4UsingLegacyConversionReadHive2(String)[782]" classname="org.apache.hadoop.hive.ql.io.parquet.serde.TestParquetTimestampsHive2Compatibility" time="0"/>
  <testcase name="testWriteHive4UsingLegacyConversionReadHive2(String)[783]" classname="org.apache.hadoop.hive.ql.io.parquet.serde.TestParquetTimestampsHive2Compatibility" time="0"/>
  <testcase name="testWriteHive4UsingLegacyConversionReadHive2(String)[784]" classname="org.apache.hadoop.hive.ql.io.parquet.serde.TestParquetTimestampsHive2Compatibility" time="0"/>
  <testcase name="testWriteHive4UsingLegacyConversionReadHive2(String)[785]" classname="org.apache.hadoop.hive.ql.io.parquet.serde.TestParquetTimestampsHive2Compatibility" time="0.001"/>
  <testcase name="testWriteHive4UsingLegacyConversionReadHive2(String)[786]" classname="org.apache.hadoop.hive.ql.io.parquet.serde.TestParquetTimestampsHive2Compatibility" time="0"/>
  <testcase name="testWriteHive4UsingLegacyConversionReadHive2(String)[787]" classname="org.apache.hadoop.hive.ql.io.parquet.serde.TestParquetTimestampsHive2Compatibility" time="0"/>
  <testcase name="testWriteHive4UsingLegacyConversionReadHive2(String)[788]" classname="org.apache.hadoop.hive.ql.io.parquet.serde.TestParquetTimestampsHive2Compatibility" time="0"/>
  <testcase name="testWriteHive4UsingLegacyConversionReadHive2(String)[789]" classname="org.apache.hadoop.hive.ql.io.parquet.serde.TestParquetTimestampsHive2Compatibility" time="0"/>
  <testcase name="testWriteHive4UsingLegacyConversionReadHive2(String)[790]" classname="org.apache.hadoop.hive.ql.io.parquet.serde.TestParquetTimestampsHive2Compatibility" time="0"/>
  <testcase name="testWriteHive4UsingLegacyConversionReadHive2(String)[791]" classname="org.apache.hadoop.hive.ql.io.parquet.serde.TestParquetTimestampsHive2Compatibility" time="0"/>
  <testcase name="testWriteHive4UsingLegacyConversionReadHive2(String)[792]" classname="org.apache.hadoop.hive.ql.io.parquet.serde.TestParquetTimestampsHive2Compatibility" time="0"/>
  <testcase name="testWriteHive4UsingLegacyConversionReadHive2(String)[793]" classname="org.apache.hadoop.hive.ql.io.parquet.serde.TestParquetTimestampsHive2Compatibility" time="0"/>
  <testcase name="testWriteHive4UsingLegacyConversionReadHive2(String)[794]" classname="org.apache.hadoop.hive.ql.io.parquet.serde.TestParquetTimestampsHive2Compatibility" time="0"/>
  <testcase name="testWriteHive4UsingLegacyConversionReadHive2(String)[795]" classname="org.apache.hadoop.hive.ql.io.parquet.serde.TestParquetTimestampsHive2Compatibility" time="0"/>
  <testcase name="testWriteHive4UsingLegacyConversionReadHive2(String)[796]" classname="org.apache.hadoop.hive.ql.io.parquet.serde.TestParquetTimestampsHive2Compatibility" time="0"/>
  <testcase name="testWriteHive4UsingLegacyConversionReadHive2(String)[797]" classname="org.apache.hadoop.hive.ql.io.parquet.serde.TestParquetTimestampsHive2Compatibility" time="0"/>
  <testcase name="testWriteHive4UsingLegacyConversionReadHive2(String)[798]" classname="org.apache.hadoop.hive.ql.io.parquet.serde.TestParquetTimestampsHive2Compatibility" time="0"/>
  <testcase name="testWriteHive4UsingLegacyConversionReadHive2(String)[799]" classname="org.apache.hadoop.hive.ql.io.parquet.serde.TestParquetTimestampsHive2Compatibility" time="0"/>
  <testcase name="testWriteHive4UsingLegacyConversionReadHive2(String)[800]" classname="org.apache.hadoop.hive.ql.io.parquet.serde.TestParquetTimestampsHive2Compatibility" time="0"/>
  <testcase name="testWriteHive4UsingLegacyConversionReadHive2(String)[801]" classname="org.apache.hadoop.hive.ql.io.parquet.serde.TestParquetTimestampsHive2Compatibility" time="0.001"/>
  <testcase name="testWriteHive4UsingLegacyConversionReadHive2(String)[802]" classname="org.apache.hadoop.hive.ql.io.parquet.serde.TestParquetTimestampsHive2Compatibility" time="0"/>
  <testcase name="testWriteHive4UsingLegacyConversionReadHive2(String)[803]" classname="org.apache.hadoop.hive.ql.io.parquet.serde.TestParquetTimestampsHive2Compatibility" time="0"/>
  <testcase name="testWriteHive4UsingLegacyConversionReadHive2(String)[804]" classname="org.apache.hadoop.hive.ql.io.parquet.serde.TestParquetTimestampsHive2Compatibility" time="0"/>
  <testcase name="testWriteHive4UsingLegacyConversionReadHive2(String)[805]" classname="org.apache.hadoop.hive.ql.io.parquet.serde.TestParquetTimestampsHive2Compatibility" time="0"/>
  <testcase name="testWriteHive4UsingLegacyConversionReadHive2(String)[806]" classname="org.apache.hadoop.hive.ql.io.parquet.serde.TestParquetTimestampsHive2Compatibility" time="0"/>
  <testcase name="testWriteHive4UsingLegacyConversionReadHive2(String)[807]" classname="org.apache.hadoop.hive.ql.io.parquet.serde.TestParquetTimestampsHive2Compatibility" time="0"/>
  <testcase name="testWriteHive4UsingLegacyConversionReadHive2(String)[808]" classname="org.apache.hadoop.hive.ql.io.parquet.serde.TestParquetTimestampsHive2Compatibility" time="0"/>
  <testcase name="testWriteHive4UsingLegacyConversionReadHive2(String)[809]" classname="org.apache.hadoop.hive.ql.io.parquet.serde.TestParquetTimestampsHive2Compatibility" time="0"/>
  <testcase name="testWriteHive4UsingLegacyConversionReadHive2(String)[810]" classname="org.apache.hadoop.hive.ql.io.parquet.serde.TestParquetTimestampsHive2Compatibility" time="0"/>
  <testcase name="testWriteHive4UsingLegacyConversionReadHive2(String)[811]" classname="org.apache.hadoop.hive.ql.io.parquet.serde.TestParquetTimestampsHive2Compatibility" time="0"/>
  <testcase name="testWriteHive4UsingLegacyConversionReadHive2(String)[812]" classname="org.apache.hadoop.hive.ql.io.parquet.serde.TestParquetTimestampsHive2Compatibility" time="0"/>
  <testcase name="testWriteHive4UsingLegacyConversionReadHive2(String)[813]" classname="org.apache.hadoop.hive.ql.io.parquet.serde.TestParquetTimestampsHive2Compatibility" time="0"/>
  <testcase name="testWriteHive4UsingLegacyConversionReadHive2(String)[814]" classname="org.apache.hadoop.hive.ql.io.parquet.serde.TestParquetTimestampsHive2Compatibility" time="0"/>
  <testcase name="testWriteHive4UsingLegacyConversionReadHive2(String)[815]" classname="org.apache.hadoop.hive.ql.io.parquet.serde.TestParquetTimestampsHive2Compatibility" time="0"/>
  <testcase name="testWriteHive4UsingLegacyConversionReadHive2(String)[816]" classname="org.apache.hadoop.hive.ql.io.parquet.serde.TestParquetTimestampsHive2Compatibility" time="0"/>
  <testcase name="testWriteHive4UsingLegacyConversionReadHive2(String)[817]" classname="org.apache.hadoop.hive.ql.io.parquet.serde.TestParquetTimestampsHive2Compatibility" time="0"/>
  <testcase name="testWriteHive4UsingLegacyConversionReadHive2(String)[818]" classname="org.apache.hadoop.hive.ql.io.parquet.serde.TestParquetTimestampsHive2Compatibility" time="0.001"/>
  <testcase name="testWriteHive4UsingLegacyConversionReadHive2(String)[819]" classname="org.apache.hadoop.hive.ql.io.parquet.serde.TestParquetTimestampsHive2Compatibility" time="0"/>
  <testcase name="testWriteHive4UsingLegacyConversionReadHive2(String)[820]" classname="org.apache.hadoop.hive.ql.io.parquet.serde.TestParquetTimestampsHive2Compatibility" time="0"/>
  <testcase name="testWriteHive4UsingLegacyConversionReadHive2(String)[821]" classname="org.apache.hadoop.hive.ql.io.parquet.serde.TestParquetTimestampsHive2Compatibility" time="0"/>
  <testcase name="testWriteHive4UsingLegacyConversionReadHive2(String)[822]" classname="org.apache.hadoop.hive.ql.io.parquet.serde.TestParquetTimestampsHive2Compatibility" time="0"/>
  <testcase name="testWriteHive4UsingLegacyConversionReadHive2(String)[823]" classname="org.apache.hadoop.hive.ql.io.parquet.serde.TestParquetTimestampsHive2Compatibility" time="0"/>
  <testcase name="testWriteHive4UsingLegacyConversionReadHive2(String)[824]" classname="org.apache.hadoop.hive.ql.io.parquet.serde.TestParquetTimestampsHive2Compatibility" time="0.001"/>
  <testcase name="testWriteHive4UsingLegacyConversionReadHive2(String)[825]" classname="org.apache.hadoop.hive.ql.io.parquet.serde.TestParquetTimestampsHive2Compatibility" time="0"/>
  <testcase name="testWriteHive4UsingLegacyConversionReadHive2(String)[826]" classname="org.apache.hadoop.hive.ql.io.parquet.serde.TestParquetTimestampsHive2Compatibility" time="0"/>
  <testcase name="testWriteHive4UsingLegacyConversionReadHive2(String)[827]" classname="org.apache.hadoop.hive.ql.io.parquet.serde.TestParquetTimestampsHive2Compatibility" time="0"/>
  <testcase name="testWriteHive4UsingLegacyConversionReadHive2(String)[828]" classname="org.apache.hadoop.hive.ql.io.parquet.serde.TestParquetTimestampsHive2Compatibility" time="0"/>
  <testcase name="testWriteHive4UsingLegacyConversionReadHive2(String)[829]" classname="org.apache.hadoop.hive.ql.io.parquet.serde.TestParquetTimestampsHive2Compatibility" time="0"/>
  <testcase name="testWriteHive4UsingLegacyConversionReadHive2(String)[830]" classname="org.apache.hadoop.hive.ql.io.parquet.serde.TestParquetTimestampsHive2Compatibility" time="0"/>
  <testcase name="testWriteHive4UsingLegacyConversionReadHive2(String)[831]" classname="org.apache.hadoop.hive.ql.io.parquet.serde.TestParquetTimestampsHive2Compatibility" time="0"/>
  <testcase name="testWriteHive4UsingLegacyConversionReadHive2(String)[832]" classname="org.apache.hadoop.hive.ql.io.parquet.serde.TestParquetTimestampsHive2Compatibility" time="0"/>
  <testcase name="testWriteHive4UsingLegacyConversionReadHive2(String)[833]" classname="org.apache.hadoop.hive.ql.io.parquet.serde.TestParquetTimestampsHive2Compatibility" time="0"/>
  <testcase name="testWriteHive4UsingLegacyConversionReadHive2(String)[834]" classname="org.apache.hadoop.hive.ql.io.parquet.serde.TestParquetTimestampsHive2Compatibility" time="0"/>
  <testcase name="testWriteHive4UsingLegacyConversionReadHive2(String)[835]" classname="org.apache.hadoop.hive.ql.io.parquet.serde.TestParquetTimestampsHive2Compatibility" time="0.001"/>
  <testcase name="testWriteHive4UsingLegacyConversionReadHive2(String)[836]" classname="org.apache.hadoop.hive.ql.io.parquet.serde.TestParquetTimestampsHive2Compatibility" time="0"/>
  <testcase name="testWriteHive4UsingLegacyConversionReadHive2(String)[837]" classname="org.apache.hadoop.hive.ql.io.parquet.serde.TestParquetTimestampsHive2Compatibility" time="0"/>
  <testcase name="testWriteHive4UsingLegacyConversionReadHive2(String)[838]" classname="org.apache.hadoop.hive.ql.io.parquet.serde.TestParquetTimestampsHive2Compatibility" time="0"/>
  <testcase name="testWriteHive4UsingLegacyConversionReadHive2(String)[839]" classname="org.apache.hadoop.hive.ql.io.parquet.serde.TestParquetTimestampsHive2Compatibility" time="0"/>
  <testcase name="testWriteHive4UsingLegacyConversionReadHive2(String)[840]" classname="org.apache.hadoop.hive.ql.io.parquet.serde.TestParquetTimestampsHive2Compatibility" time="0"/>
  <testcase name="testWriteHive4UsingLegacyConversionReadHive2(String)[841]" classname="org.apache.hadoop.hive.ql.io.parquet.serde.TestParquetTimestampsHive2Compatibility" time="0.001"/>
  <testcase name="testWriteHive4UsingLegacyConversionReadHive2(String)[842]" classname="org.apache.hadoop.hive.ql.io.parquet.serde.TestParquetTimestampsHive2Compatibility" time="0"/>
  <testcase name="testWriteHive4UsingLegacyConversionReadHive2(String)[843]" classname="org.apache.hadoop.hive.ql.io.parquet.serde.TestParquetTimestampsHive2Compatibility" time="0"/>
  <testcase name="testWriteHive4UsingLegacyConversionReadHive2(String)[844]" classname="org.apache.hadoop.hive.ql.io.parquet.serde.TestParquetTimestampsHive2Compatibility" time="0"/>
  <testcase name="testWriteHive4UsingLegacyConversionReadHive2(String)[845]" classname="org.apache.hadoop.hive.ql.io.parquet.serde.TestParquetTimestampsHive2Compatibility" time="0"/>
  <testcase name="testWriteHive4UsingLegacyConversionReadHive2(String)[846]" classname="org.apache.hadoop.hive.ql.io.parquet.serde.TestParquetTimestampsHive2Compatibility" time="0"/>
  <testcase name="testWriteHive4UsingLegacyConversionReadHive2(String)[847]" classname="org.apache.hadoop.hive.ql.io.parquet.serde.TestParquetTimestampsHive2Compatibility" time="0.001"/>
  <testcase name="testWriteHive4UsingLegacyConversionReadHive2(String)[848]" classname="org.apache.hadoop.hive.ql.io.parquet.serde.TestParquetTimestampsHive2Compatibility" time="0"/>
  <testcase name="testWriteHive4UsingLegacyConversionReadHive2(String)[849]" classname="org.apache.hadoop.hive.ql.io.parquet.serde.TestParquetTimestampsHive2Compatibility" time="0"/>
  <testcase name="testWriteHive4UsingLegacyConversionReadHive2(String)[850]" classname="org.apache.hadoop.hive.ql.io.parquet.serde.TestParquetTimestampsHive2Compatibility" time="0"/>
  <testcase name="testWriteHive4UsingLegacyConversionReadHive2(String)[851]" classname="org.apache.hadoop.hive.ql.io.parquet.serde.TestParquetTimestampsHive2Compatibility" time="0"/>
  <testcase name="testWriteHive4UsingLegacyConversionReadHive2(String)[852]" classname="org.apache.hadoop.hive.ql.io.parquet.serde.TestParquetTimestampsHive2Compatibility" time="0"/>
  <testcase name="testWriteHive4UsingLegacyConversionReadHive2(String)[853]" classname="org.apache.hadoop.hive.ql.io.parquet.serde.TestParquetTimestampsHive2Compatibility" time="0"/>
  <testcase name="testWriteHive4UsingLegacyConversionReadHive2(String)[854]" classname="org.apache.hadoop.hive.ql.io.parquet.serde.TestParquetTimestampsHive2Compatibility" time="0"/>
  <testcase name="testWriteHive4UsingLegacyConversionReadHive2(String)[855]" classname="org.apache.hadoop.hive.ql.io.parquet.serde.TestParquetTimestampsHive2Compatibility" time="0"/>
  <testcase name="testWriteHive4UsingLegacyConversionReadHive2(String)[856]" classname="org.apache.hadoop.hive.ql.io.parquet.serde.TestParquetTimestampsHive2Compatibility" time="0"/>
  <testcase name="testWriteHive4UsingLegacyConversionReadHive2(String)[857]" classname="org.apache.hadoop.hive.ql.io.parquet.serde.TestParquetTimestampsHive2Compatibility" time="0"/>
  <testcase name="testWriteHive4UsingLegacyConversionReadHive2(String)[858]" classname="org.apache.hadoop.hive.ql.io.parquet.serde.TestParquetTimestampsHive2Compatibility" time="0.001"/>
  <testcase name="testWriteHive4UsingLegacyConversionReadHive2(String)[859]" classname="org.apache.hadoop.hive.ql.io.parquet.serde.TestParquetTimestampsHive2Compatibility" time="0"/>
  <testcase name="testWriteHive4UsingLegacyConversionReadHive2(String)[860]" classname="org.apache.hadoop.hive.ql.io.parquet.serde.TestParquetTimestampsHive2Compatibility" time="0"/>
  <testcase name="testWriteHive4UsingLegacyConversionReadHive2(String)[861]" classname="org.apache.hadoop.hive.ql.io.parquet.serde.TestParquetTimestampsHive2Compatibility" time="0"/>
  <testcase name="testWriteHive4UsingLegacyConversionReadHive2(String)[862]" classname="org.apache.hadoop.hive.ql.io.parquet.serde.TestParquetTimestampsHive2Compatibility" time="0"/>
  <testcase name="testWriteHive4UsingLegacyConversionReadHive2(String)[863]" classname="org.apache.hadoop.hive.ql.io.parquet.serde.TestParquetTimestampsHive2Compatibility" time="0"/>
  <testcase name="testWriteHive4UsingLegacyConversionReadHive2(String)[864]" classname="org.apache.hadoop.hive.ql.io.parquet.serde.TestParquetTimestampsHive2Compatibility" time="0.001"/>
  <testcase name="testWriteHive4UsingLegacyConversionReadHive2(String)[865]" classname="org.apache.hadoop.hive.ql.io.parquet.serde.TestParquetTimestampsHive2Compatibility" time="0"/>
  <testcase name="testWriteHive4UsingLegacyConversionReadHive2(String)[866]" classname="org.apache.hadoop.hive.ql.io.parquet.serde.TestParquetTimestampsHive2Compatibility" time="0"/>
  <testcase name="testWriteHive4UsingLegacyConversionReadHive2(String)[867]" classname="org.apache.hadoop.hive.ql.io.parquet.serde.TestParquetTimestampsHive2Compatibility" time="0"/>
  <testcase name="testWriteHive4UsingLegacyConversionReadHive2(String)[868]" classname="org.apache.hadoop.hive.ql.io.parquet.serde.TestParquetTimestampsHive2Compatibility" time="0"/>
  <testcase name="testWriteHive4UsingLegacyConversionReadHive2(String)[869]" classname="org.apache.hadoop.hive.ql.io.parquet.serde.TestParquetTimestampsHive2Compatibility" time="0"/>
  <testcase name="testWriteHive4UsingLegacyConversionReadHive2(String)[870]" classname="org.apache.hadoop.hive.ql.io.parquet.serde.TestParquetTimestampsHive2Compatibility" time="0"/>
  <testcase name="testWriteHive4UsingLegacyConversionReadHive2(String)[871]" classname="org.apache.hadoop.hive.ql.io.parquet.serde.TestParquetTimestampsHive2Compatibility" time="0"/>
  <testcase name="testWriteHive4UsingLegacyConversionReadHive2(String)[872]" classname="org.apache.hadoop.hive.ql.io.parquet.serde.TestParquetTimestampsHive2Compatibility" time="0"/>
  <testcase name="testWriteHive4UsingLegacyConversionReadHive2(String)[873]" classname="org.apache.hadoop.hive.ql.io.parquet.serde.TestParquetTimestampsHive2Compatibility" time="0"/>
  <testcase name="testWriteHive4UsingLegacyConversionReadHive2(String)[874]" classname="org.apache.hadoop.hive.ql.io.parquet.serde.TestParquetTimestampsHive2Compatibility" time="0"/>
  <testcase name="testWriteHive4UsingLegacyConversionReadHive2(String)[875]" classname="org.apache.hadoop.hive.ql.io.parquet.serde.TestParquetTimestampsHive2Compatibility" time="0"/>
  <testcase name="testWriteHive4UsingLegacyConversionReadHive2(String)[876]" classname="org.apache.hadoop.hive.ql.io.parquet.serde.TestParquetTimestampsHive2Compatibility" time="0"/>
  <testcase name="testWriteHive4UsingLegacyConversionReadHive2(String)[877]" classname="org.apache.hadoop.hive.ql.io.parquet.serde.TestParquetTimestampsHive2Compatibility" time="0"/>
  <testcase name="testWriteHive4UsingLegacyConversionReadHive2(String)[878]" classname="org.apache.hadoop.hive.ql.io.parquet.serde.TestParquetTimestampsHive2Compatibility" time="0"/>
  <testcase name="testWriteHive4UsingLegacyConversionReadHive2(String)[879]" classname="org.apache.hadoop.hive.ql.io.parquet.serde.TestParquetTimestampsHive2Compatibility" time="0"/>
  <testcase name="testWriteHive4UsingLegacyConversionReadHive2(String)[880]" classname="org.apache.hadoop.hive.ql.io.parquet.serde.TestParquetTimestampsHive2Compatibility" time="0"/>
  <testcase name="testWriteHive4UsingLegacyConversionReadHive2(String)[881]" classname="org.apache.hadoop.hive.ql.io.parquet.serde.TestParquetTimestampsHive2Compatibility" time="0"/>
  <testcase name="testWriteHive4UsingLegacyConversionReadHive2(String)[882]" classname="org.apache.hadoop.hive.ql.io.parquet.serde.TestParquetTimestampsHive2Compatibility" time="0"/>
  <testcase name="testWriteHive4UsingLegacyConversionReadHive2(String)[883]" classname="org.apache.hadoop.hive.ql.io.parquet.serde.TestParquetTimestampsHive2Compatibility" time="0"/>
  <testcase name="testWriteHive4UsingLegacyConversionReadHive2(String)[884]" classname="org.apache.hadoop.hive.ql.io.parquet.serde.TestParquetTimestampsHive2Compatibility" time="0"/>
  <testcase name="testWriteHive4UsingLegacyConversionReadHive2(String)[885]" classname="org.apache.hadoop.hive.ql.io.parquet.serde.TestParquetTimestampsHive2Compatibility" time="0"/>
  <testcase name="testWriteHive4UsingLegacyConversionReadHive2(String)[886]" classname="org.apache.hadoop.hive.ql.io.parquet.serde.TestParquetTimestampsHive2Compatibility" time="0"/>
  <testcase name="testWriteHive4UsingLegacyConversionReadHive2(String)[887]" classname="org.apache.hadoop.hive.ql.io.parquet.serde.TestParquetTimestampsHive2Compatibility" time="0.001"/>
  <testcase name="testWriteHive4UsingLegacyConversionReadHive2(String)[888]" classname="org.apache.hadoop.hive.ql.io.parquet.serde.TestParquetTimestampsHive2Compatibility" time="0"/>
  <testcase name="testWriteHive4UsingLegacyConversionReadHive2(String)[889]" classname="org.apache.hadoop.hive.ql.io.parquet.serde.TestParquetTimestampsHive2Compatibility" time="0"/>
  <testcase name="testWriteHive4UsingLegacyConversionReadHive2(String)[890]" classname="org.apache.hadoop.hive.ql.io.parquet.serde.TestParquetTimestampsHive2Compatibility" time="0"/>
  <testcase name="testWriteHive4UsingLegacyConversionReadHive2(String)[891]" classname="org.apache.hadoop.hive.ql.io.parquet.serde.TestParquetTimestampsHive2Compatibility" time="0"/>
  <testcase name="testWriteHive4UsingLegacyConversionReadHive2(String)[892]" classname="org.apache.hadoop.hive.ql.io.parquet.serde.TestParquetTimestampsHive2Compatibility" time="0"/>
  <testcase name="testWriteHive4UsingLegacyConversionReadHive2(String)[893]" classname="org.apache.hadoop.hive.ql.io.parquet.serde.TestParquetTimestampsHive2Compatibility" time="0"/>
  <testcase name="testWriteHive4UsingLegacyConversionReadHive2(String)[894]" classname="org.apache.hadoop.hive.ql.io.parquet.serde.TestParquetTimestampsHive2Compatibility" time="0"/>
  <testcase name="testWriteHive4UsingLegacyConversionReadHive2(String)[895]" classname="org.apache.hadoop.hive.ql.io.parquet.serde.TestParquetTimestampsHive2Compatibility" time="0"/>
  <testcase name="testWriteHive4UsingLegacyConversionReadHive2(String)[896]" classname="org.apache.hadoop.hive.ql.io.parquet.serde.TestParquetTimestampsHive2Compatibility" time="0"/>
  <testcase name="testWriteHive4UsingLegacyConversionReadHive2(String)[897]" classname="org.apache.hadoop.hive.ql.io.parquet.serde.TestParquetTimestampsHive2Compatibility" time="0"/>
  <testcase name="testWriteHive4UsingLegacyConversionReadHive2(String)[898]" classname="org.apache.hadoop.hive.ql.io.parquet.serde.TestParquetTimestampsHive2Compatibility" time="0.001"/>
  <testcase name="testWriteHive4UsingLegacyConversionReadHive2(String)[899]" classname="org.apache.hadoop.hive.ql.io.parquet.serde.TestParquetTimestampsHive2Compatibility" time="0"/>
  <testcase name="testWriteHive4UsingLegacyConversionReadHive2(String)[900]" classname="org.apache.hadoop.hive.ql.io.parquet.serde.TestParquetTimestampsHive2Compatibility" time="0"/>
  <testcase name="testWriteHive4UsingLegacyConversionReadHive2(String)[901]" classname="org.apache.hadoop.hive.ql.io.parquet.serde.TestParquetTimestampsHive2Compatibility" time="0"/>
  <testcase name="testWriteHive4UsingLegacyConversionReadHive2(String)[902]" classname="org.apache.hadoop.hive.ql.io.parquet.serde.TestParquetTimestampsHive2Compatibility" time="0"/>
  <testcase name="testWriteHive4UsingLegacyConversionReadHive2(String)[903]" classname="org.apache.hadoop.hive.ql.io.parquet.serde.TestParquetTimestampsHive2Compatibility" time="0"/>
  <testcase name="testWriteHive4UsingLegacyConversionReadHive2(String)[904]" classname="org.apache.hadoop.hive.ql.io.parquet.serde.TestParquetTimestampsHive2Compatibility" time="0.001"/>
  <testcase name="testWriteHive4UsingLegacyConversionReadHive2(String)[905]" classname="org.apache.hadoop.hive.ql.io.parquet.serde.TestParquetTimestampsHive2Compatibility" time="0"/>
  <testcase name="testWriteHive4UsingLegacyConversionReadHive2(String)[906]" classname="org.apache.hadoop.hive.ql.io.parquet.serde.TestParquetTimestampsHive2Compatibility" time="0"/>
  <testcase name="testWriteHive4UsingLegacyConversionReadHive2(String)[907]" classname="org.apache.hadoop.hive.ql.io.parquet.serde.TestParquetTimestampsHive2Compatibility" time="0"/>
  <testcase name="testWriteHive4UsingLegacyConversionReadHive2(String)[908]" classname="org.apache.hadoop.hive.ql.io.parquet.serde.TestParquetTimestampsHive2Compatibility" time="0"/>
  <testcase name="testWriteHive4UsingLegacyConversionReadHive2(String)[909]" classname="org.apache.hadoop.hive.ql.io.parquet.serde.TestParquetTimestampsHive2Compatibility" time="0"/>
  <testcase name="testWriteHive4UsingLegacyConversionReadHive2(String)[910]" classname="org.apache.hadoop.hive.ql.io.parquet.serde.TestParquetTimestampsHive2Compatibility" time="0"/>
  <testcase name="testWriteHive4UsingLegacyConversionReadHive2(String)[911]" classname="org.apache.hadoop.hive.ql.io.parquet.serde.TestParquetTimestampsHive2Compatibility" time="0"/>
  <testcase name="testWriteHive4UsingLegacyConversionReadHive2(String)[912]" classname="org.apache.hadoop.hive.ql.io.parquet.serde.TestParquetTimestampsHive2Compatibility" time="0"/>
  <testcase name="testWriteHive4UsingLegacyConversionReadHive2(String)[913]" classname="org.apache.hadoop.hive.ql.io.parquet.serde.TestParquetTimestampsHive2Compatibility" time="0"/>
  <testcase name="testWriteHive4UsingLegacyConversionReadHive2(String)[914]" classname="org.apache.hadoop.hive.ql.io.parquet.serde.TestParquetTimestampsHive2Compatibility" time="0"/>
  <testcase name="testWriteHive4UsingLegacyConversionReadHive2(String)[915]" classname="org.apache.hadoop.hive.ql.io.parquet.serde.TestParquetTimestampsHive2Compatibility" time="0"/>
  <testcase name="testWriteHive4UsingLegacyConversionReadHive2(String)[916]" classname="org.apache.hadoop.hive.ql.io.parquet.serde.TestParquetTimestampsHive2Compatibility" time="0"/>
  <testcase name="testWriteHive4UsingLegacyConversionReadHive2(String)[917]" classname="org.apache.hadoop.hive.ql.io.parquet.serde.TestParquetTimestampsHive2Compatibility" time="0"/>
  <testcase name="testWriteHive4UsingLegacyConversionReadHive2(String)[918]" classname="org.apache.hadoop.hive.ql.io.parquet.serde.TestParquetTimestampsHive2Compatibility" time="0"/>
  <testcase name="testWriteHive4UsingLegacyConversionReadHive2(String)[919]" classname="org.apache.hadoop.hive.ql.io.parquet.serde.TestParquetTimestampsHive2Compatibility" time="0"/>
  <testcase name="testWriteHive4UsingLegacyConversionReadHive2(String)[920]" classname="org.apache.hadoop.hive.ql.io.parquet.serde.TestParquetTimestampsHive2Compatibility" time="0"/>
  <testcase name="testWriteHive4UsingLegacyConversionReadHive2(String)[921]" classname="org.apache.hadoop.hive.ql.io.parquet.serde.TestParquetTimestampsHive2Compatibility" time="0.001"/>
  <testcase name="testWriteHive4UsingLegacyConversionReadHive2(String)[922]" classname="org.apache.hadoop.hive.ql.io.parquet.serde.TestParquetTimestampsHive2Compatibility" time="0"/>
  <testcase name="testWriteHive4UsingLegacyConversionReadHive2(String)[923]" classname="org.apache.hadoop.hive.ql.io.parquet.serde.TestParquetTimestampsHive2Compatibility" time="0"/>
  <testcase name="testWriteHive4UsingLegacyConversionReadHive2(String)[924]" classname="org.apache.hadoop.hive.ql.io.parquet.serde.TestParquetTimestampsHive2Compatibility" time="0"/>
  <testcase name="testWriteHive4UsingLegacyConversionReadHive2(String)[925]" classname="org.apache.hadoop.hive.ql.io.parquet.serde.TestParquetTimestampsHive2Compatibility" time="0"/>
  <testcase name="testWriteHive4UsingLegacyConversionReadHive2(String)[926]" classname="org.apache.hadoop.hive.ql.io.parquet.serde.TestParquetTimestampsHive2Compatibility" time="0"/>
  <testcase name="testWriteHive4UsingLegacyConversionReadHive2(String)[927]" classname="org.apache.hadoop.hive.ql.io.parquet.serde.TestParquetTimestampsHive2Compatibility" time="0.001"/>
  <testcase name="testWriteHive4UsingLegacyConversionReadHive2(String)[928]" classname="org.apache.hadoop.hive.ql.io.parquet.serde.TestParquetTimestampsHive2Compatibility" time="0"/>
  <testcase name="testWriteHive4UsingLegacyConversionReadHive2(String)[929]" classname="org.apache.hadoop.hive.ql.io.parquet.serde.TestParquetTimestampsHive2Compatibility" time="0"/>
  <testcase name="testWriteHive4UsingLegacyConversionReadHive2(String)[930]" classname="org.apache.hadoop.hive.ql.io.parquet.serde.TestParquetTimestampsHive2Compatibility" time="0"/>
  <testcase name="testWriteHive4UsingLegacyConversionReadHive2(String)[931]" classname="org.apache.hadoop.hive.ql.io.parquet.serde.TestParquetTimestampsHive2Compatibility" time="0"/>
  <testcase name="testWriteHive4UsingLegacyConversionReadHive2(String)[932]" classname="org.apache.hadoop.hive.ql.io.parquet.serde.TestParquetTimestampsHive2Compatibility" time="0"/>
  <testcase name="testWriteHive4UsingLegacyConversionReadHive2(String)[933]" classname="org.apache.hadoop.hive.ql.io.parquet.serde.TestParquetTimestampsHive2Compatibility" time="0"/>
  <testcase name="testWriteHive4UsingLegacyConversionReadHive2(String)[934]" classname="org.apache.hadoop.hive.ql.io.parquet.serde.TestParquetTimestampsHive2Compatibility" time="0"/>
  <testcase name="testWriteHive4UsingLegacyConversionReadHive2(String)[935]" classname="org.apache.hadoop.hive.ql.io.parquet.serde.TestParquetTimestampsHive2Compatibility" time="0"/>
  <testcase name="testWriteHive4UsingLegacyConversionReadHive2(String)[936]" classname="org.apache.hadoop.hive.ql.io.parquet.serde.TestParquetTimestampsHive2Compatibility" time="0"/>
  <testcase name="testWriteHive4UsingLegacyConversionReadHive2(String)[937]" classname="org.apache.hadoop.hive.ql.io.parquet.serde.TestParquetTimestampsHive2Compatibility" time="0"/>
  <testcase name="testWriteHive4UsingLegacyConversionReadHive2(String)[938]" classname="org.apache.hadoop.hive.ql.io.parquet.serde.TestParquetTimestampsHive2Compatibility" time="0"/>
  <testcase name="testWriteHive4UsingLegacyConversionReadHive2(String)[939]" classname="org.apache.hadoop.hive.ql.io.parquet.serde.TestParquetTimestampsHive2Compatibility" time="0"/>
  <testcase name="testWriteHive4UsingLegacyConversionReadHive2(String)[940]" classname="org.apache.hadoop.hive.ql.io.parquet.serde.TestParquetTimestampsHive2Compatibility" time="0"/>
  <testcase name="testWriteHive4UsingLegacyConversionReadHive2(String)[941]" classname="org.apache.hadoop.hive.ql.io.parquet.serde.TestParquetTimestampsHive2Compatibility" time="0"/>
  <testcase name="testWriteHive4UsingLegacyConversionReadHive2(String)[942]" classname="org.apache.hadoop.hive.ql.io.parquet.serde.TestParquetTimestampsHive2Compatibility" time="0"/>
  <testcase name="testWriteHive4UsingLegacyConversionReadHive2(String)[943]" classname="org.apache.hadoop.hive.ql.io.parquet.serde.TestParquetTimestampsHive2Compatibility" time="0"/>
  <testcase name="testWriteHive4UsingLegacyConversionReadHive2(String)[944]" classname="org.apache.hadoop.hive.ql.io.parquet.serde.TestParquetTimestampsHive2Compatibility" time="0.001"/>
  <testcase name="testWriteHive4UsingLegacyConversionReadHive2(String)[945]" classname="org.apache.hadoop.hive.ql.io.parquet.serde.TestParquetTimestampsHive2Compatibility" time="0"/>
  <testcase name="testWriteHive4UsingLegacyConversionReadHive2(String)[946]" classname="org.apache.hadoop.hive.ql.io.parquet.serde.TestParquetTimestampsHive2Compatibility" time="0"/>
  <testcase name="testWriteHive4UsingLegacyConversionReadHive2(String)[947]" classname="org.apache.hadoop.hive.ql.io.parquet.serde.TestParquetTimestampsHive2Compatibility" time="0"/>
  <testcase name="testWriteHive4UsingLegacyConversionReadHive2(String)[948]" classname="org.apache.hadoop.hive.ql.io.parquet.serde.TestParquetTimestampsHive2Compatibility" time="0"/>
  <testcase name="testWriteHive4UsingLegacyConversionReadHive2(String)[949]" classname="org.apache.hadoop.hive.ql.io.parquet.serde.TestParquetTimestampsHive2Compatibility" time="0"/>
  <testcase name="testWriteHive4UsingLegacyConversionReadHive2(String)[950]" classname="org.apache.hadoop.hive.ql.io.parquet.serde.TestParquetTimestampsHive2Compatibility" time="0.001"/>
  <testcase name="testWriteHive4UsingLegacyConversionReadHive2(String)[951]" classname="org.apache.hadoop.hive.ql.io.parquet.serde.TestParquetTimestampsHive2Compatibility" time="0"/>
  <testcase name="testWriteHive4UsingLegacyConversionReadHive2(String)[952]" classname="org.apache.hadoop.hive.ql.io.parquet.serde.TestParquetTimestampsHive2Compatibility" time="0"/>
  <testcase name="testWriteHive4UsingLegacyConversionReadHive2(String)[953]" classname="org.apache.hadoop.hive.ql.io.parquet.serde.TestParquetTimestampsHive2Compatibility" time="0"/>
  <testcase name="testWriteHive4UsingLegacyConversionReadHive2(String)[954]" classname="org.apache.hadoop.hive.ql.io.parquet.serde.TestParquetTimestampsHive2Compatibility" time="0"/>
  <testcase name="testWriteHive4UsingLegacyConversionReadHive2(String)[955]" classname="org.apache.hadoop.hive.ql.io.parquet.serde.TestParquetTimestampsHive2Compatibility" time="0"/>
  <testcase name="testWriteHive4UsingLegacyConversionReadHive2(String)[956]" classname="org.apache.hadoop.hive.ql.io.parquet.serde.TestParquetTimestampsHive2Compatibility" time="0"/>
  <testcase name="testWriteHive4UsingLegacyConversionReadHive2(String)[957]" classname="org.apache.hadoop.hive.ql.io.parquet.serde.TestParquetTimestampsHive2Compatibility" time="0"/>
  <testcase name="testWriteHive4UsingLegacyConversionReadHive2(String)[958]" classname="org.apache.hadoop.hive.ql.io.parquet.serde.TestParquetTimestampsHive2Compatibility" time="0"/>
  <testcase name="testWriteHive4UsingLegacyConversionReadHive2(String)[959]" classname="org.apache.hadoop.hive.ql.io.parquet.serde.TestParquetTimestampsHive2Compatibility" time="0"/>
  <testcase name="testWriteHive4UsingLegacyConversionReadHive2(String)[960]" classname="org.apache.hadoop.hive.ql.io.parquet.serde.TestParquetTimestampsHive2Compatibility" time="0"/>
  <testcase name="testWriteHive4UsingLegacyConversionReadHive2(String)[961]" classname="org.apache.hadoop.hive.ql.io.parquet.serde.TestParquetTimestampsHive2Compatibility" time="0"/>
  <testcase name="testWriteHive4UsingLegacyConversionReadHive2(String)[962]" classname="org.apache.hadoop.hive.ql.io.parquet.serde.TestParquetTimestampsHive2Compatibility" time="0"/>
  <testcase name="testWriteHive4UsingLegacyConversionReadHive2(String)[963]" classname="org.apache.hadoop.hive.ql.io.parquet.serde.TestParquetTimestampsHive2Compatibility" time="0"/>
  <testcase name="testWriteHive4UsingLegacyConversionReadHive2(String)[964]" classname="org.apache.hadoop.hive.ql.io.parquet.serde.TestParquetTimestampsHive2Compatibility" time="0"/>
  <testcase name="testWriteHive4UsingLegacyConversionReadHive2(String)[965]" classname="org.apache.hadoop.hive.ql.io.parquet.serde.TestParquetTimestampsHive2Compatibility" time="0"/>
  <testcase name="testWriteHive4UsingLegacyConversionReadHive2(String)[966]" classname="org.apache.hadoop.hive.ql.io.parquet.serde.TestParquetTimestampsHive2Compatibility" time="0"/>
  <testcase name="testWriteHive4UsingLegacyConversionReadHive2(String)[967]" classname="org.apache.hadoop.hive.ql.io.parquet.serde.TestParquetTimestampsHive2Compatibility" time="0.001"/>
  <testcase name="testWriteHive4UsingLegacyConversionReadHive2(String)[968]" classname="org.apache.hadoop.hive.ql.io.parquet.serde.TestParquetTimestampsHive2Compatibility" time="0"/>
  <testcase name="testWriteHive4UsingLegacyConversionReadHive2(String)[969]" classname="org.apache.hadoop.hive.ql.io.parquet.serde.TestParquetTimestampsHive2Compatibility" time="0"/>
  <testcase name="testWriteHive4UsingLegacyConversionReadHive2(String)[970]" classname="org.apache.hadoop.hive.ql.io.parquet.serde.TestParquetTimestampsHive2Compatibility" time="0"/>
  <testcase name="testWriteHive4UsingLegacyConversionReadHive2(String)[971]" classname="org.apache.hadoop.hive.ql.io.parquet.serde.TestParquetTimestampsHive2Compatibility" time="0"/>
  <testcase name="testWriteHive4UsingLegacyConversionReadHive2(String)[972]" classname="org.apache.hadoop.hive.ql.io.parquet.serde.TestParquetTimestampsHive2Compatibility" time="0"/>
  <testcase name="testWriteHive4UsingLegacyConversionReadHive2(String)[973]" classname="org.apache.hadoop.hive.ql.io.parquet.serde.TestParquetTimestampsHive2Compatibility" time="0.001"/>
  <testcase name="testWriteHive4UsingLegacyConversionReadHive2(String)[974]" classname="org.apache.hadoop.hive.ql.io.parquet.serde.TestParquetTimestampsHive2Compatibility" time="0"/>
  <testcase name="testWriteHive4UsingLegacyConversionReadHive2(String)[975]" classname="org.apache.hadoop.hive.ql.io.parquet.serde.TestParquetTimestampsHive2Compatibility" time="0"/>
  <testcase name="testWriteHive4UsingLegacyConversionReadHive2(String)[976]" classname="org.apache.hadoop.hive.ql.io.parquet.serde.TestParquetTimestampsHive2Compatibility" time="0"/>
  <testcase name="testWriteHive4UsingLegacyConversionReadHive2(String)[977]" classname="org.apache.hadoop.hive.ql.io.parquet.serde.TestParquetTimestampsHive2Compatibility" time="0"/>
  <testcase name="testWriteHive4UsingLegacyConversionReadHive2(String)[978]" classname="org.apache.hadoop.hive.ql.io.parquet.serde.TestParquetTimestampsHive2Compatibility" time="0"/>
  <testcase name="testWriteHive4UsingLegacyConversionReadHive2(String)[979]" classname="org.apache.hadoop.hive.ql.io.parquet.serde.TestParquetTimestampsHive2Compatibility" time="0"/>
  <testcase name="testWriteHive4UsingLegacyConversionReadHive2(String)[980]" classname="org.apache.hadoop.hive.ql.io.parquet.serde.TestParquetTimestampsHive2Compatibility" time="0"/>
  <testcase name="testWriteHive4UsingLegacyConversionReadHive2(String)[981]" classname="org.apache.hadoop.hive.ql.io.parquet.serde.TestParquetTimestampsHive2Compatibility" time="0"/>
  <testcase name="testWriteHive4UsingLegacyConversionReadHive2(String)[982]" classname="org.apache.hadoop.hive.ql.io.parquet.serde.TestParquetTimestampsHive2Compatibility" time="0"/>
  <testcase name="testWriteHive4UsingLegacyConversionReadHive2(String)[983]" classname="org.apache.hadoop.hive.ql.io.parquet.serde.TestParquetTimestampsHive2Compatibility" time="0"/>
  <testcase name="testWriteHive4UsingLegacyConversionReadHive2(String)[984]" classname="org.apache.hadoop.hive.ql.io.parquet.serde.TestParquetTimestampsHive2Compatibility" time="0.001"/>
  <testcase name="testWriteHive4UsingLegacyConversionReadHive2(String)[985]" classname="org.apache.hadoop.hive.ql.io.parquet.serde.TestParquetTimestampsHive2Compatibility" time="0"/>
  <testcase name="testWriteHive4UsingLegacyConversionReadHive2(String)[986]" classname="org.apache.hadoop.hive.ql.io.parquet.serde.TestParquetTimestampsHive2Compatibility" time="0"/>
  <testcase name="testWriteHive4UsingLegacyConversionReadHive2(String)[987]" classname="org.apache.hadoop.hive.ql.io.parquet.serde.TestParquetTimestampsHive2Compatibility" time="0"/>
  <testcase name="testWriteHive4UsingLegacyConversionReadHive2(String)[988]" classname="org.apache.hadoop.hive.ql.io.parquet.serde.TestParquetTimestampsHive2Compatibility" time="0"/>
  <testcase name="testWriteHive4UsingLegacyConversionReadHive2(String)[989]" classname="org.apache.hadoop.hive.ql.io.parquet.serde.TestParquetTimestampsHive2Compatibility" time="0"/>
  <testcase name="testWriteHive4UsingLegacyConversionReadHive2(String)[990]" classname="org.apache.hadoop.hive.ql.io.parquet.serde.TestParquetTimestampsHive2Compatibility" time="0.001"/>
  <testcase name="testWriteHive4UsingLegacyConversionReadHive2(String)[991]" classname="org.apache.hadoop.hive.ql.io.parquet.serde.TestParquetTimestampsHive2Compatibility" time="0"/>
  <testcase name="testWriteHive4UsingLegacyConversionReadHive2(String)[992]" classname="org.apache.hadoop.hive.ql.io.parquet.serde.TestParquetTimestampsHive2Compatibility" time="0"/>
  <testcase name="testWriteHive4UsingLegacyConversionReadHive2(String)[993]" classname="org.apache.hadoop.hive.ql.io.parquet.serde.TestParquetTimestampsHive2Compatibility" time="0"/>
  <testcase name="testWriteHive4UsingLegacyConversionReadHive2(String)[994]" classname="org.apache.hadoop.hive.ql.io.parquet.serde.TestParquetTimestampsHive2Compatibility" time="0"/>
  <testcase name="testWriteHive4UsingLegacyConversionReadHive2(String)[995]" classname="org.apache.hadoop.hive.ql.io.parquet.serde.TestParquetTimestampsHive2Compatibility" time="0"/>
  <testcase name="testWriteHive4UsingLegacyConversionReadHive2(String)[996]" classname="org.apache.hadoop.hive.ql.io.parquet.serde.TestParquetTimestampsHive2Compatibility" time="0.001"/>
  <testcase name="testWriteHive4UsingLegacyConversionReadHive2(String)[997]" classname="org.apache.hadoop.hive.ql.io.parquet.serde.TestParquetTimestampsHive2Compatibility" time="0"/>
  <testcase name="testWriteHive4UsingLegacyConversionReadHive2(String)[998]" classname="org.apache.hadoop.hive.ql.io.parquet.serde.TestParquetTimestampsHive2Compatibility" time="0"/>
  <testcase name="testWriteHive4UsingLegacyConversionReadHive2(String)[999]" classname="org.apache.hadoop.hive.ql.io.parquet.serde.TestParquetTimestampsHive2Compatibility" time="0"/>
  <testcase name="testWriteHive4UsingLegacyConversionReadHive2(String)[1000]" classname="org.apache.hadoop.hive.ql.io.parquet.serde.TestParquetTimestampsHive2Compatibility" time="0"/>
  <testcase name="testWriteHive4UsingLegacyConversionReadHive2(String)[1001]" classname="org.apache.hadoop.hive.ql.io.parquet.serde.TestParquetTimestampsHive2Compatibility" time="0"/>
  <testcase name="testWriteHive4UsingLegacyConversionReadHive2(String)[1002]" classname="org.apache.hadoop.hive.ql.io.parquet.serde.TestParquetTimestampsHive2Compatibility" time="0"/>
  <testcase name="testWriteHive4UsingLegacyConversionReadHive2(String)[1003]" classname="org.apache.hadoop.hive.ql.io.parquet.serde.TestParquetTimestampsHive2Compatibility" time="0"/>
  <testcase name="testWriteHive4UsingLegacyConversionReadHive2(String)[1004]" classname="org.apache.hadoop.hive.ql.io.parquet.serde.TestParquetTimestampsHive2Compatibility" time="0"/>
  <testcase name="testWriteHive4UsingLegacyConversionReadHive2(String)[1005]" classname="org.apache.hadoop.hive.ql.io.parquet.serde.TestParquetTimestampsHive2Compatibility" time="0"/>
  <testcase name="testWriteHive4UsingLegacyConversionReadHive2(String)[1006]" classname="org.apache.hadoop.hive.ql.io.parquet.serde.TestParquetTimestampsHive2Compatibility" time="0"/>
  <testcase name="testWriteHive4UsingLegacyConversionReadHive2(String)[1007]" classname="org.apache.hadoop.hive.ql.io.parquet.serde.TestParquetTimestampsHive2Compatibility" time="0.001"/>
  <testcase name="testWriteHive4UsingLegacyConversionReadHive2(String)[1008]" classname="org.apache.hadoop.hive.ql.io.parquet.serde.TestParquetTimestampsHive2Compatibility" time="0"/>
  <testcase name="testWriteHive4UsingLegacyConversionReadHive2(String)[1009]" classname="org.apache.hadoop.hive.ql.io.parquet.serde.TestParquetTimestampsHive2Compatibility" time="0"/>
  <testcase name="testWriteHive4UsingLegacyConversionReadHive2(String)[1010]" classname="org.apache.hadoop.hive.ql.io.parquet.serde.TestParquetTimestampsHive2Compatibility" time="0"/>
  <testcase name="testWriteHive4UsingLegacyConversionReadHive2(String)[1011]" classname="org.apache.hadoop.hive.ql.io.parquet.serde.TestParquetTimestampsHive2Compatibility" time="0"/>
  <testcase name="testWriteHive4UsingLegacyConversionReadHive2(String)[1012]" classname="org.apache.hadoop.hive.ql.io.parquet.serde.TestParquetTimestampsHive2Compatibility" time="0"/>
  <testcase name="testWriteHive4UsingLegacyConversionReadHive2(String)[1013]" classname="org.apache.hadoop.hive.ql.io.parquet.serde.TestParquetTimestampsHive2Compatibility" time="0"/>
  <testcase name="testWriteHive4UsingLegacyConversionReadHive2(String)[1014]" classname="org.apache.hadoop.hive.ql.io.parquet.serde.TestParquetTimestampsHive2Compatibility" time="0"/>
  <testcase name="testWriteHive4UsingLegacyConversionReadHive2(String)[1015]" classname="org.apache.hadoop.hive.ql.io.parquet.serde.TestParquetTimestampsHive2Compatibility" time="0"/>
  <testcase name="testWriteHive4UsingLegacyConversionReadHive2(String)[1016]" classname="org.apache.hadoop.hive.ql.io.parquet.serde.TestParquetTimestampsHive2Compatibility" time="0"/>
  <testcase name="testWriteHive4UsingLegacyConversionReadHive2(String)[1017]" classname="org.apache.hadoop.hive.ql.io.parquet.serde.TestParquetTimestampsHive2Compatibility" time="0"/>
  <testcase name="testWriteHive4UsingLegacyConversionReadHive2(String)[1018]" classname="org.apache.hadoop.hive.ql.io.parquet.serde.TestParquetTimestampsHive2Compatibility" time="0"/>
  <testcase name="testWriteHive4UsingLegacyConversionReadHive2(String)[1019]" classname="org.apache.hadoop.hive.ql.io.parquet.serde.TestParquetTimestampsHive2Compatibility" time="0"/>
  <testcase name="testWriteHive4UsingLegacyConversionReadHive2(String)[1020]" classname="org.apache.hadoop.hive.ql.io.parquet.serde.TestParquetTimestampsHive2Compatibility" time="0"/>
  <testcase name="testWriteHive4UsingLegacyConversionReadHive2(String)[1021]" classname="org.apache.hadoop.hive.ql.io.parquet.serde.TestParquetTimestampsHive2Compatibility" time="0"/>
  <testcase name="testWriteHive4UsingLegacyConversionReadHive2(String)[1022]" classname="org.apache.hadoop.hive.ql.io.parquet.serde.TestParquetTimestampsHive2Compatibility" time="0"/>
  <testcase name="testWriteHive4UsingLegacyConversionReadHive2(String)[1023]" classname="org.apache.hadoop.hive.ql.io.parquet.serde.TestParquetTimestampsHive2Compatibility" time="0"/>
  <testcase name="testWriteHive4UsingLegacyConversionReadHive2(String)[1024]" classname="org.apache.hadoop.hive.ql.io.parquet.serde.TestParquetTimestampsHive2Compatibility" time="0"/>
  <testcase name="testWriteHive4UsingLegacyConversionReadHive2(String)[1025]" classname="org.apache.hadoop.hive.ql.io.parquet.serde.TestParquetTimestampsHive2Compatibility" time="0"/>
  <testcase name="testWriteHive4UsingLegacyConversionReadHive2(String)[1026]" classname="org.apache.hadoop.hive.ql.io.parquet.serde.TestParquetTimestampsHive2Compatibility" time="0"/>
  <testcase name="testWriteHive4UsingLegacyConversionReadHive2(String)[1027]" classname="org.apache.hadoop.hive.ql.io.parquet.serde.TestParquetTimestampsHive2Compatibility" time="0"/>
  <testcase name="testWriteHive4UsingLegacyConversionReadHive2(String)[1028]" classname="org.apache.hadoop.hive.ql.io.parquet.serde.TestParquetTimestampsHive2Compatibility" time="0"/>
  <testcase name="testWriteHive4UsingLegacyConversionReadHive2(String)[1029]" classname="org.apache.hadoop.hive.ql.io.parquet.serde.TestParquetTimestampsHive2Compatibility" time="0"/>
  <testcase name="testWriteHive4UsingLegacyConversionReadHive2(String)[1030]" classname="org.apache.hadoop.hive.ql.io.parquet.serde.TestParquetTimestampsHive2Compatibility" time="0.001"/>
  <testcase name="testWriteHive4UsingLegacyConversionReadHive2(String)[1031]" classname="org.apache.hadoop.hive.ql.io.parquet.serde.TestParquetTimestampsHive2Compatibility" time="0"/>
  <testcase name="testWriteHive4UsingLegacyConversionReadHive2(String)[1032]" classname="org.apache.hadoop.hive.ql.io.parquet.serde.TestParquetTimestampsHive2Compatibility" time="0"/>
  <testcase name="testWriteHive4UsingLegacyConversionReadHive2(String)[1033]" classname="org.apache.hadoop.hive.ql.io.parquet.serde.TestParquetTimestampsHive2Compatibility" time="0"/>
  <testcase name="testWriteHive4UsingLegacyConversionReadHive2(String)[1034]" classname="org.apache.hadoop.hive.ql.io.parquet.serde.TestParquetTimestampsHive2Compatibility" time="0"/>
  <testcase name="testWriteHive4UsingLegacyConversionReadHive2(String)[1035]" classname="org.apache.hadoop.hive.ql.io.parquet.serde.TestParquetTimestampsHive2Compatibility" time="0"/>
  <testcase name="testWriteHive4UsingLegacyConversionReadHive2(String)[1036]" classname="org.apache.hadoop.hive.ql.io.parquet.serde.TestParquetTimestampsHive2Compatibility" time="0.001"/>
  <testcase name="testWriteHive4UsingLegacyConversionReadHive2(String)[1037]" classname="org.apache.hadoop.hive.ql.io.parquet.serde.TestParquetTimestampsHive2Compatibility" time="0"/>
  <testcase name="testWriteHive4UsingLegacyConversionReadHive2(String)[1038]" classname="org.apache.hadoop.hive.ql.io.parquet.serde.TestParquetTimestampsHive2Compatibility" time="0"/>
  <testcase name="testWriteHive4UsingLegacyConversionReadHive2(String)[1039]" classname="org.apache.hadoop.hive.ql.io.parquet.serde.TestParquetTimestampsHive2Compatibility" time="0"/>
  <testcase name="testWriteHive4UsingLegacyConversionReadHive2(String)[1040]" classname="org.apache.hadoop.hive.ql.io.parquet.serde.TestParquetTimestampsHive2Compatibility" time="0"/>
  <testcase name="testWriteHive4UsingLegacyConversionReadHive2(String)[1041]" classname="org.apache.hadoop.hive.ql.io.parquet.serde.TestParquetTimestampsHive2Compatibility" time="0"/>
  <testcase name="testWriteHive4UsingLegacyConversionReadHive2(String)[1042]" classname="org.apache.hadoop.hive.ql.io.parquet.serde.TestParquetTimestampsHive2Compatibility" time="0.001"/>
  <testcase name="testWriteHive4UsingLegacyConversionReadHive2(String)[1043]" classname="org.apache.hadoop.hive.ql.io.parquet.serde.TestParquetTimestampsHive2Compatibility" time="0"/>
  <testcase name="testWriteHive4UsingLegacyConversionReadHive2(String)[1044]" classname="org.apache.hadoop.hive.ql.io.parquet.serde.TestParquetTimestampsHive2Compatibility" time="0"/>
  <testcase name="testWriteHive4UsingLegacyConversionReadHive2(String)[1045]" classname="org.apache.hadoop.hive.ql.io.parquet.serde.TestParquetTimestampsHive2Compatibility" time="0"/>
  <testcase name="testWriteHive4UsingLegacyConversionReadHive2(String)[1046]" classname="org.apache.hadoop.hive.ql.io.parquet.serde.TestParquetTimestampsHive2Compatibility" time="0"/>
  <testcase name="testWriteHive4UsingLegacyConversionReadHive2(String)[1047]" classname="org.apache.hadoop.hive.ql.io.parquet.serde.TestParquetTimestampsHive2Compatibility" time="0"/>
  <testcase name="testWriteHive4UsingLegacyConversionReadHive2(String)[1048]" classname="org.apache.hadoop.hive.ql.io.parquet.serde.TestParquetTimestampsHive2Compatibility" time="0"/>
  <testcase name="testWriteHive4UsingLegacyConversionReadHive2(String)[1049]" classname="org.apache.hadoop.hive.ql.io.parquet.serde.TestParquetTimestampsHive2Compatibility" time="0"/>
  <testcase name="testWriteHive4UsingLegacyConversionReadHive2(String)[1050]" classname="org.apache.hadoop.hive.ql.io.parquet.serde.TestParquetTimestampsHive2Compatibility" time="0"/>
  <testcase name="testWriteHive4UsingLegacyConversionReadHive2(String)[1051]" classname="org.apache.hadoop.hive.ql.io.parquet.serde.TestParquetTimestampsHive2Compatibility" time="0"/>
  <testcase name="testWriteHive4UsingLegacyConversionReadHive2(String)[1052]" classname="org.apache.hadoop.hive.ql.io.parquet.serde.TestParquetTimestampsHive2Compatibility" time="0"/>
  <testcase name="testWriteHive4UsingLegacyConversionReadHive2(String)[1053]" classname="org.apache.hadoop.hive.ql.io.parquet.serde.TestParquetTimestampsHive2Compatibility" time="0"/>
  <testcase name="testWriteHive4UsingLegacyConversionReadHive2(String)[1054]" classname="org.apache.hadoop.hive.ql.io.parquet.serde.TestParquetTimestampsHive2Compatibility" time="0"/>
  <testcase name="testWriteHive4UsingLegacyConversionReadHive2(String)[1055]" classname="org.apache.hadoop.hive.ql.io.parquet.serde.TestParquetTimestampsHive2Compatibility" time="0"/>
  <testcase name="testWriteHive4UsingLegacyConversionReadHive2(String)[1056]" classname="org.apache.hadoop.hive.ql.io.parquet.serde.TestParquetTimestampsHive2Compatibility" time="0"/>
  <testcase name="testWriteHive4UsingLegacyConversionReadHive2(String)[1057]" classname="org.apache.hadoop.hive.ql.io.parquet.serde.TestParquetTimestampsHive2Compatibility" time="0"/>
  <testcase name="testWriteHive4UsingLegacyConversionReadHive2(String)[1058]" classname="org.apache.hadoop.hive.ql.io.parquet.serde.TestParquetTimestampsHive2Compatibility" time="0"/>
  <testcase name="testWriteHive4UsingLegacyConversionReadHive2(String)[1059]" classname="org.apache.hadoop.hive.ql.io.parquet.serde.TestParquetTimestampsHive2Compatibility" time="0"/>
  <testcase name="testWriteHive4UsingLegacyConversionReadHive2(String)[1060]" classname="org.apache.hadoop.hive.ql.io.parquet.serde.TestParquetTimestampsHive2Compatibility" time="0"/>
  <testcase name="testWriteHive4UsingLegacyConversionReadHive2(String)[1061]" classname="org.apache.hadoop.hive.ql.io.parquet.serde.TestParquetTimestampsHive2Compatibility" time="0"/>
  <testcase name="testWriteHive4UsingLegacyConversionReadHive2(String)[1062]" classname="org.apache.hadoop.hive.ql.io.parquet.serde.TestParquetTimestampsHive2Compatibility" time="0"/>
  <testcase name="testWriteHive4UsingLegacyConversionReadHive2(String)[1063]" classname="org.apache.hadoop.hive.ql.io.parquet.serde.TestParquetTimestampsHive2Compatibility" time="0"/>
  <testcase name="testWriteHive4UsingLegacyConversionReadHive2(String)[1064]" classname="org.apache.hadoop.hive.ql.io.parquet.serde.TestParquetTimestampsHive2Compatibility" time="0"/>
  <testcase name="testWriteHive4UsingLegacyConversionReadHive2(String)[1065]" classname="org.apache.hadoop.hive.ql.io.parquet.serde.TestParquetTimestampsHive2Compatibility" time="0"/>
  <testcase name="testWriteHive4UsingLegacyConversionReadHive2(String)[1066]" classname="org.apache.hadoop.hive.ql.io.parquet.serde.TestParquetTimestampsHive2Compatibility" time="0"/>
  <testcase name="testWriteHive4UsingLegacyConversionReadHive2(String)[1067]" classname="org.apache.hadoop.hive.ql.io.parquet.serde.TestParquetTimestampsHive2Compatibility" time="0"/>
  <testcase name="testWriteHive4UsingLegacyConversionReadHive2(String)[1068]" classname="org.apache.hadoop.hive.ql.io.parquet.serde.TestParquetTimestampsHive2Compatibility" time="0"/>
  <testcase name="testWriteHive4UsingLegacyConversionReadHive2(String)[1069]" classname="org.apache.hadoop.hive.ql.io.parquet.serde.TestParquetTimestampsHive2Compatibility" time="0"/>
  <testcase name="testWriteHive4UsingLegacyConversionReadHive2(String)[1070]" classname="org.apache.hadoop.hive.ql.io.parquet.serde.TestParquetTimestampsHive2Compatibility" time="0"/>
  <testcase name="testWriteHive4UsingLegacyConversionReadHive2(String)[1071]" classname="org.apache.hadoop.hive.ql.io.parquet.serde.TestParquetTimestampsHive2Compatibility" time="0.001"/>
  <testcase name="testWriteHive4UsingLegacyConversionReadHive2(String)[1072]" classname="org.apache.hadoop.hive.ql.io.parquet.serde.TestParquetTimestampsHive2Compatibility" time="0"/>
  <testcase name="testWriteHive4UsingLegacyConversionReadHive2(String)[1073]" classname="org.apache.hadoop.hive.ql.io.parquet.serde.TestParquetTimestampsHive2Compatibility" time="0"/>
  <testcase name="testWriteHive4UsingLegacyConversionReadHive2(String)[1074]" classname="org.apache.hadoop.hive.ql.io.parquet.serde.TestParquetTimestampsHive2Compatibility" time="0"/>
  <testcase name="testWriteHive4UsingLegacyConversionReadHive2(String)[1075]" classname="org.apache.hadoop.hive.ql.io.parquet.serde.TestParquetTimestampsHive2Compatibility" time="0"/>
  <testcase name="testWriteHive4UsingLegacyConversionReadHive2(String)[1076]" classname="org.apache.hadoop.hive.ql.io.parquet.serde.TestParquetTimestampsHive2Compatibility" time="0"/>
  <testcase name="testWriteHive4UsingLegacyConversionReadHive2(String)[1077]" classname="org.apache.hadoop.hive.ql.io.parquet.serde.TestParquetTimestampsHive2Compatibility" time="0.001"/>
  <testcase name="testWriteHive4UsingLegacyConversionReadHive2(String)[1078]" classname="org.apache.hadoop.hive.ql.io.parquet.serde.TestParquetTimestampsHive2Compatibility" time="0"/>
  <testcase name="testWriteHive4UsingLegacyConversionReadHive2(String)[1079]" classname="org.apache.hadoop.hive.ql.io.parquet.serde.TestParquetTimestampsHive2Compatibility" time="0"/>
  <testcase name="testWriteHive4UsingLegacyConversionReadHive2(String)[1080]" classname="org.apache.hadoop.hive.ql.io.parquet.serde.TestParquetTimestampsHive2Compatibility" time="0"/>
  <testcase name="testWriteHive4UsingLegacyConversionReadHive2(String)[1081]" classname="org.apache.hadoop.hive.ql.io.parquet.serde.TestParquetTimestampsHive2Compatibility" time="0"/>
  <testcase name="testWriteHive4UsingLegacyConversionReadHive2(String)[1082]" classname="org.apache.hadoop.hive.ql.io.parquet.serde.TestParquetTimestampsHive2Compatibility" time="0"/>
  <testcase name="testWriteHive4UsingLegacyConversionReadHive2(String)[1083]" classname="org.apache.hadoop.hive.ql.io.parquet.serde.TestParquetTimestampsHive2Compatibility" time="0.001"/>
  <testcase name="testWriteHive4UsingLegacyConversionReadHive2(String)[1084]" classname="org.apache.hadoop.hive.ql.io.parquet.serde.TestParquetTimestampsHive2Compatibility" time="0"/>
  <testcase name="testWriteHive4UsingLegacyConversionReadHive2(String)[1085]" classname="org.apache.hadoop.hive.ql.io.parquet.serde.TestParquetTimestampsHive2Compatibility" time="0"/>
  <testcase name="testWriteHive4UsingLegacyConversionReadHive2(String)[1086]" classname="org.apache.hadoop.hive.ql.io.parquet.serde.TestParquetTimestampsHive2Compatibility" time="0"/>
  <testcase name="testWriteHive4UsingLegacyConversionReadHive2(String)[1087]" classname="org.apache.hadoop.hive.ql.io.parquet.serde.TestParquetTimestampsHive2Compatibility" time="0"/>
  <testcase name="testWriteHive4UsingLegacyConversionReadHive2(String)[1088]" classname="org.apache.hadoop.hive.ql.io.parquet.serde.TestParquetTimestampsHive2Compatibility" time="0"/>
  <testcase name="testWriteHive4UsingLegacyConversionReadHive2(String)[1089]" classname="org.apache.hadoop.hive.ql.io.parquet.serde.TestParquetTimestampsHive2Compatibility" time="0"/>
  <testcase name="testWriteHive4UsingLegacyConversionReadHive2(String)[1090]" classname="org.apache.hadoop.hive.ql.io.parquet.serde.TestParquetTimestampsHive2Compatibility" time="0"/>
  <testcase name="testWriteHive4UsingLegacyConversionReadHive2(String)[1091]" classname="org.apache.hadoop.hive.ql.io.parquet.serde.TestParquetTimestampsHive2Compatibility" time="0"/>
  <testcase name="testWriteHive4UsingLegacyConversionReadHive2(String)[1092]" classname="org.apache.hadoop.hive.ql.io.parquet.serde.TestParquetTimestampsHive2Compatibility" time="0"/>
  <testcase name="testWriteHive4UsingLegacyConversionReadHive2(String)[1093]" classname="org.apache.hadoop.hive.ql.io.parquet.serde.TestParquetTimestampsHive2Compatibility" time="0"/>
  <testcase name="testWriteHive4UsingLegacyConversionReadHive2(String)[1094]" classname="org.apache.hadoop.hive.ql.io.parquet.serde.TestParquetTimestampsHive2Compatibility" time="0"/>
  <testcase name="testWriteHive4UsingLegacyConversionReadHive2(String)[1095]" classname="org.apache.hadoop.hive.ql.io.parquet.serde.TestParquetTimestampsHive2Compatibility" time="0"/>
  <testcase name="testWriteHive4UsingLegacyConversionReadHive2(String)[1096]" classname="org.apache.hadoop.hive.ql.io.parquet.serde.TestParquetTimestampsHive2Compatibility" time="0"/>
  <testcase name="testWriteHive4UsingLegacyConversionReadHive2(String)[1097]" classname="org.apache.hadoop.hive.ql.io.parquet.serde.TestParquetTimestampsHive2Compatibility" time="0"/>
  <testcase name="testWriteHive4UsingLegacyConversionReadHive2(String)[1098]" classname="org.apache.hadoop.hive.ql.io.parquet.serde.TestParquetTimestampsHive2Compatibility" time="0"/>
  <testcase name="testWriteHive4UsingLegacyConversionReadHive2(String)[1099]" classname="org.apache.hadoop.hive.ql.io.parquet.serde.TestParquetTimestampsHive2Compatibility" time="0"/>
  <testcase name="testWriteHive4UsingLegacyConversionReadHive2(String)[1100]" classname="org.apache.hadoop.hive.ql.io.parquet.serde.TestParquetTimestampsHive2Compatibility" time="0"/>
  <testcase name="testWriteHive4UsingLegacyConversionReadHive2(String)[1101]" classname="org.apache.hadoop.hive.ql.io.parquet.serde.TestParquetTimestampsHive2Compatibility" time="0"/>
  <testcase name="testWriteHive4UsingLegacyConversionReadHive2(String)[1102]" classname="org.apache.hadoop.hive.ql.io.parquet.serde.TestParquetTimestampsHive2Compatibility" time="0"/>
  <testcase name="testWriteHive4UsingLegacyConversionReadHive2(String)[1103]" classname="org.apache.hadoop.hive.ql.io.parquet.serde.TestParquetTimestampsHive2Compatibility" time="0"/>
  <testcase name="testWriteHive4UsingLegacyConversionReadHive2(String)[1104]" classname="org.apache.hadoop.hive.ql.io.parquet.serde.TestParquetTimestampsHive2Compatibility" time="0"/>
  <testcase name="testWriteHive4UsingLegacyConversionReadHive2(String)[1105]" classname="org.apache.hadoop.hive.ql.io.parquet.serde.TestParquetTimestampsHive2Compatibility" time="0"/>
  <testcase name="testWriteHive4UsingLegacyConversionReadHive2(String)[1106]" classname="org.apache.hadoop.hive.ql.io.parquet.serde.TestParquetTimestampsHive2Compatibility" time="0.001"/>
  <testcase name="testWriteHive4UsingLegacyConversionReadHive2(String)[1107]" classname="org.apache.hadoop.hive.ql.io.parquet.serde.TestParquetTimestampsHive2Compatibility" time="0"/>
  <testcase name="testWriteHive4UsingLegacyConversionReadHive2(String)[1108]" classname="org.apache.hadoop.hive.ql.io.parquet.serde.TestParquetTimestampsHive2Compatibility" time="0"/>
  <testcase name="testWriteHive4UsingLegacyConversionReadHive2(String)[1109]" classname="org.apache.hadoop.hive.ql.io.parquet.serde.TestParquetTimestampsHive2Compatibility" time="0"/>
  <testcase name="testWriteHive4UsingLegacyConversionReadHive2(String)[1110]" classname="org.apache.hadoop.hive.ql.io.parquet.serde.TestParquetTimestampsHive2Compatibility" time="0"/>
  <testcase name="testWriteHive4UsingLegacyConversionReadHive2(String)[1111]" classname="org.apache.hadoop.hive.ql.io.parquet.serde.TestParquetTimestampsHive2Compatibility" time="0"/>
  <testcase name="testWriteHive4UsingLegacyConversionReadHive2(String)[1112]" classname="org.apache.hadoop.hive.ql.io.parquet.serde.TestParquetTimestampsHive2Compatibility" time="0.001"/>
  <testcase name="testWriteHive4UsingLegacyConversionReadHive2(String)[1113]" classname="org.apache.hadoop.hive.ql.io.parquet.serde.TestParquetTimestampsHive2Compatibility" time="0"/>
  <testcase name="testWriteHive4UsingLegacyConversionReadHive2(String)[1114]" classname="org.apache.hadoop.hive.ql.io.parquet.serde.TestParquetTimestampsHive2Compatibility" time="0"/>
  <testcase name="testWriteHive4UsingLegacyConversionReadHive2(String)[1115]" classname="org.apache.hadoop.hive.ql.io.parquet.serde.TestParquetTimestampsHive2Compatibility" time="0"/>
  <testcase name="testWriteHive4UsingLegacyConversionReadHive2(String)[1116]" classname="org.apache.hadoop.hive.ql.io.parquet.serde.TestParquetTimestampsHive2Compatibility" time="0"/>
  <testcase name="testWriteHive4UsingLegacyConversionReadHive2(String)[1117]" classname="org.apache.hadoop.hive.ql.io.parquet.serde.TestParquetTimestampsHive2Compatibility" time="0"/>
  <testcase name="testWriteHive4UsingLegacyConversionReadHive2(String)[1118]" classname="org.apache.hadoop.hive.ql.io.parquet.serde.TestParquetTimestampsHive2Compatibility" time="0"/>
  <testcase name="testWriteHive4UsingLegacyConversionReadHive2(String)[1119]" classname="org.apache.hadoop.hive.ql.io.parquet.serde.TestParquetTimestampsHive2Compatibility" time="0"/>
  <testcase name="testWriteHive4UsingLegacyConversionReadHive2(String)[1120]" classname="org.apache.hadoop.hive.ql.io.parquet.serde.TestParquetTimestampsHive2Compatibility" time="0"/>
  <testcase name="testWriteHive4UsingLegacyConversionReadHive2(String)[1121]" classname="org.apache.hadoop.hive.ql.io.parquet.serde.TestParquetTimestampsHive2Compatibility" time="0"/>
  <testcase name="testWriteHive4UsingLegacyConversionReadHive2(String)[1122]" classname="org.apache.hadoop.hive.ql.io.parquet.serde.TestParquetTimestampsHive2Compatibility" time="0"/>
  <testcase name="testWriteHive4UsingLegacyConversionReadHive2(String)[1123]" classname="org.apache.hadoop.hive.ql.io.parquet.serde.TestParquetTimestampsHive2Compatibility" time="0"/>
  <testcase name="testWriteHive4UsingLegacyConversionReadHive2(String)[1124]" classname="org.apache.hadoop.hive.ql.io.parquet.serde.TestParquetTimestampsHive2Compatibility" time="0"/>
  <testcase name="testWriteHive4UsingLegacyConversionReadHive2(String)[1125]" classname="org.apache.hadoop.hive.ql.io.parquet.serde.TestParquetTimestampsHive2Compatibility" time="0"/>
  <testcase name="testWriteHive4UsingLegacyConversionReadHive2(String)[1126]" classname="org.apache.hadoop.hive.ql.io.parquet.serde.TestParquetTimestampsHive2Compatibility" time="0"/>
  <testcase name="testWriteHive4UsingLegacyConversionReadHive2(String)[1127]" classname="org.apache.hadoop.hive.ql.io.parquet.serde.TestParquetTimestampsHive2Compatibility" time="0"/>
  <testcase name="testWriteHive4UsingLegacyConversionReadHive2(String)[1128]" classname="org.apache.hadoop.hive.ql.io.parquet.serde.TestParquetTimestampsHive2Compatibility" time="0"/>
  <testcase name="testWriteHive4UsingLegacyConversionReadHive2(String)[1129]" classname="org.apache.hadoop.hive.ql.io.parquet.serde.TestParquetTimestampsHive2Compatibility" time="0"/>
  <testcase name="testWriteHive4UsingLegacyConversionReadHive2(String)[1130]" classname="org.apache.hadoop.hive.ql.io.parquet.serde.TestParquetTimestampsHive2Compatibility" time="0"/>
  <testcase name="testWriteHive4UsingLegacyConversionReadHive2(String)[1131]" classname="org.apache.hadoop.hive.ql.io.parquet.serde.TestParquetTimestampsHive2Compatibility" time="0"/>
  <testcase name="testWriteHive4UsingLegacyConversionReadHive2(String)[1132]" classname="org.apache.hadoop.hive.ql.io.parquet.serde.TestParquetTimestampsHive2Compatibility" time="0"/>
  <testcase name="testWriteHive4UsingLegacyConversionReadHive2(String)[1133]" classname="org.apache.hadoop.hive.ql.io.parquet.serde.TestParquetTimestampsHive2Compatibility" time="0"/>
  <testcase name="testWriteHive4UsingLegacyConversionReadHive2(String)[1134]" classname="org.apache.hadoop.hive.ql.io.parquet.serde.TestParquetTimestampsHive2Compatibility" time="0"/>
  <testcase name="testWriteHive4UsingLegacyConversionReadHive2(String)[1135]" classname="org.apache.hadoop.hive.ql.io.parquet.serde.TestParquetTimestampsHive2Compatibility" time="0.001"/>
  <testcase name="testWriteHive4UsingLegacyConversionReadHive2(String)[1136]" classname="org.apache.hadoop.hive.ql.io.parquet.serde.TestParquetTimestampsHive2Compatibility" time="0"/>
  <testcase name="testWriteHive4UsingLegacyConversionReadHive2(String)[1137]" classname="org.apache.hadoop.hive.ql.io.parquet.serde.TestParquetTimestampsHive2Compatibility" time="0"/>
  <testcase name="testWriteHive4UsingLegacyConversionReadHive2(String)[1138]" classname="org.apache.hadoop.hive.ql.io.parquet.serde.TestParquetTimestampsHive2Compatibility" time="0.001"/>
  <testcase name="testWriteHive4UsingLegacyConversionReadHive2(String)[1139]" classname="org.apache.hadoop.hive.ql.io.parquet.serde.TestParquetTimestampsHive2Compatibility" time="0"/>
  <testcase name="testWriteHive4UsingLegacyConversionReadHive2(String)[1140]" classname="org.apache.hadoop.hive.ql.io.parquet.serde.TestParquetTimestampsHive2Compatibility" time="0"/>
  <testcase name="testWriteHive4UsingLegacyConversionReadHive2(String)[1141]" classname="org.apache.hadoop.hive.ql.io.parquet.serde.TestParquetTimestampsHive2Compatibility" time="0"/>
  <testcase name="testWriteHive4UsingLegacyConversionReadHive2(String)[1142]" classname="org.apache.hadoop.hive.ql.io.parquet.serde.TestParquetTimestampsHive2Compatibility" time="0"/>
  <testcase name="testWriteHive4UsingLegacyConversionReadHive2(String)[1143]" classname="org.apache.hadoop.hive.ql.io.parquet.serde.TestParquetTimestampsHive2Compatibility" time="0"/>
  <testcase name="testWriteHive4UsingLegacyConversionReadHive2(String)[1144]" classname="org.apache.hadoop.hive.ql.io.parquet.serde.TestParquetTimestampsHive2Compatibility" time="0"/>
  <testcase name="testWriteHive4UsingLegacyConversionReadHive2(String)[1145]" classname="org.apache.hadoop.hive.ql.io.parquet.serde.TestParquetTimestampsHive2Compatibility" time="0"/>
  <testcase name="testWriteHive4UsingLegacyConversionReadHive2(String)[1146]" classname="org.apache.hadoop.hive.ql.io.parquet.serde.TestParquetTimestampsHive2Compatibility" time="0"/>
  <testcase name="testWriteHive4UsingLegacyConversionReadHive2(String)[1147]" classname="org.apache.hadoop.hive.ql.io.parquet.serde.TestParquetTimestampsHive2Compatibility" time="0"/>
  <testcase name="testWriteHive4UsingLegacyConversionReadHive2(String)[1148]" classname="org.apache.hadoop.hive.ql.io.parquet.serde.TestParquetTimestampsHive2Compatibility" time="0"/>
  <testcase name="testWriteHive4UsingLegacyConversionReadHive2(String)[1149]" classname="org.apache.hadoop.hive.ql.io.parquet.serde.TestParquetTimestampsHive2Compatibility" time="0"/>
  <testcase name="testWriteHive4UsingLegacyConversionReadHive2(String)[1150]" classname="org.apache.hadoop.hive.ql.io.parquet.serde.TestParquetTimestampsHive2Compatibility" time="0"/>
  <testcase name="testWriteHive4UsingLegacyConversionReadHive2(String)[1151]" classname="org.apache.hadoop.hive.ql.io.parquet.serde.TestParquetTimestampsHive2Compatibility" time="0"/>
  <testcase name="testWriteHive4UsingLegacyConversionReadHive2(String)[1152]" classname="org.apache.hadoop.hive.ql.io.parquet.serde.TestParquetTimestampsHive2Compatibility" time="0"/>
  <testcase name="testWriteHive4UsingLegacyConversionReadHive2(String)[1153]" classname="org.apache.hadoop.hive.ql.io.parquet.serde.TestParquetTimestampsHive2Compatibility" time="0"/>
  <testcase name="testWriteHive4UsingLegacyConversionReadHive2(String)[1154]" classname="org.apache.hadoop.hive.ql.io.parquet.serde.TestParquetTimestampsHive2Compatibility" time="0"/>
  <testcase name="testWriteHive4UsingLegacyConversionReadHive2(String)[1155]" classname="org.apache.hadoop.hive.ql.io.parquet.serde.TestParquetTimestampsHive2Compatibility" time="0.001"/>
  <testcase name="testWriteHive4UsingLegacyConversionReadHive2(String)[1156]" classname="org.apache.hadoop.hive.ql.io.parquet.serde.TestParquetTimestampsHive2Compatibility" time="0"/>
  <testcase name="testWriteHive4UsingLegacyConversionReadHive2(String)[1157]" classname="org.apache.hadoop.hive.ql.io.parquet.serde.TestParquetTimestampsHive2Compatibility" time="0"/>
  <testcase name="testWriteHive4UsingLegacyConversionReadHive2(String)[1158]" classname="org.apache.hadoop.hive.ql.io.parquet.serde.TestParquetTimestampsHive2Compatibility" time="0"/>
  <testcase name="testWriteHive4UsingLegacyConversionReadHive2(String)[1159]" classname="org.apache.hadoop.hive.ql.io.parquet.serde.TestParquetTimestampsHive2Compatibility" time="0"/>
  <testcase name="testWriteHive4UsingLegacyConversionReadHive2(String)[1160]" classname="org.apache.hadoop.hive.ql.io.parquet.serde.TestParquetTimestampsHive2Compatibility" time="0"/>
  <testcase name="testWriteHive4UsingLegacyConversionReadHive2(String)[1161]" classname="org.apache.hadoop.hive.ql.io.parquet.serde.TestParquetTimestampsHive2Compatibility" time="0.001"/>
  <testcase name="testWriteHive4UsingLegacyConversionReadHive2(String)[1162]" classname="org.apache.hadoop.hive.ql.io.parquet.serde.TestParquetTimestampsHive2Compatibility" time="0"/>
  <testcase name="testWriteHive4UsingLegacyConversionReadHive2(String)[1163]" classname="org.apache.hadoop.hive.ql.io.parquet.serde.TestParquetTimestampsHive2Compatibility" time="0"/>
  <testcase name="testWriteHive4UsingLegacyConversionReadHive2(String)[1164]" classname="org.apache.hadoop.hive.ql.io.parquet.serde.TestParquetTimestampsHive2Compatibility" time="0"/>
  <testcase name="testWriteHive4UsingLegacyConversionReadHive2(String)[1165]" classname="org.apache.hadoop.hive.ql.io.parquet.serde.TestParquetTimestampsHive2Compatibility" time="0"/>
  <testcase name="testWriteHive4UsingLegacyConversionReadHive2(String)[1166]" classname="org.apache.hadoop.hive.ql.io.parquet.serde.TestParquetTimestampsHive2Compatibility" time="0"/>
  <testcase name="testWriteHive4UsingLegacyConversionReadHive2(String)[1167]" classname="org.apache.hadoop.hive.ql.io.parquet.serde.TestParquetTimestampsHive2Compatibility" time="0.001"/>
  <testcase name="testWriteHive4UsingLegacyConversionReadHive2(String)[1168]" classname="org.apache.hadoop.hive.ql.io.parquet.serde.TestParquetTimestampsHive2Compatibility" time="0"/>
  <testcase name="testWriteHive4UsingLegacyConversionReadHive2(String)[1169]" classname="org.apache.hadoop.hive.ql.io.parquet.serde.TestParquetTimestampsHive2Compatibility" time="0"/>
  <testcase name="testWriteHive4UsingLegacyConversionReadHive2(String)[1170]" classname="org.apache.hadoop.hive.ql.io.parquet.serde.TestParquetTimestampsHive2Compatibility" time="0"/>
  <testcase name="testWriteHive4UsingLegacyConversionReadHive2(String)[1171]" classname="org.apache.hadoop.hive.ql.io.parquet.serde.TestParquetTimestampsHive2Compatibility" time="0"/>
  <testcase name="testWriteHive4UsingLegacyConversionReadHive2(String)[1172]" classname="org.apache.hadoop.hive.ql.io.parquet.serde.TestParquetTimestampsHive2Compatibility" time="0"/>
  <testcase name="testWriteHive4UsingLegacyConversionReadHive2(String)[1173]" classname="org.apache.hadoop.hive.ql.io.parquet.serde.TestParquetTimestampsHive2Compatibility" time="0"/>
  <testcase name="testWriteHive4UsingLegacyConversionReadHive2(String)[1174]" classname="org.apache.hadoop.hive.ql.io.parquet.serde.TestParquetTimestampsHive2Compatibility" time="0"/>
  <testcase name="testWriteHive4UsingLegacyConversionReadHive2(String)[1175]" classname="org.apache.hadoop.hive.ql.io.parquet.serde.TestParquetTimestampsHive2Compatibility" time="0"/>
  <testcase name="testWriteHive4UsingLegacyConversionReadHive2(String)[1176]" classname="org.apache.hadoop.hive.ql.io.parquet.serde.TestParquetTimestampsHive2Compatibility" time="0"/>
  <testcase name="testWriteHive4UsingLegacyConversionReadHive2(String)[1177]" classname="org.apache.hadoop.hive.ql.io.parquet.serde.TestParquetTimestampsHive2Compatibility" time="0"/>
  <testcase name="testWriteHive4UsingLegacyConversionReadHive2(String)[1178]" classname="org.apache.hadoop.hive.ql.io.parquet.serde.TestParquetTimestampsHive2Compatibility" time="0"/>
  <testcase name="testWriteHive4UsingLegacyConversionReadHive2(String)[1179]" classname="org.apache.hadoop.hive.ql.io.parquet.serde.TestParquetTimestampsHive2Compatibility" time="0"/>
  <testcase name="testWriteHive4UsingLegacyConversionReadHive2(String)[1180]" classname="org.apache.hadoop.hive.ql.io.parquet.serde.TestParquetTimestampsHive2Compatibility" time="0"/>
  <testcase name="testWriteHive4UsingLegacyConversionReadHive2(String)[1181]" classname="org.apache.hadoop.hive.ql.io.parquet.serde.TestParquetTimestampsHive2Compatibility" time="0"/>
  <testcase name="testWriteHive4UsingLegacyConversionReadHive2(String)[1182]" classname="org.apache.hadoop.hive.ql.io.parquet.serde.TestParquetTimestampsHive2Compatibility" time="0"/>
  <testcase name="testWriteHive4UsingLegacyConversionReadHive2(String)[1183]" classname="org.apache.hadoop.hive.ql.io.parquet.serde.TestParquetTimestampsHive2Compatibility" time="0"/>
  <testcase name="testWriteHive4UsingLegacyConversionReadHive2(String)[1184]" classname="org.apache.hadoop.hive.ql.io.parquet.serde.TestParquetTimestampsHive2Compatibility" time="0.001"/>
  <testcase name="testWriteHive4UsingLegacyConversionReadHive2(String)[1185]" classname="org.apache.hadoop.hive.ql.io.parquet.serde.TestParquetTimestampsHive2Compatibility" time="0"/>
  <testcase name="testWriteHive4UsingLegacyConversionReadHive2(String)[1186]" classname="org.apache.hadoop.hive.ql.io.parquet.serde.TestParquetTimestampsHive2Compatibility" time="0"/>
  <testcase name="testWriteHive4UsingLegacyConversionReadHive2(String)[1187]" classname="org.apache.hadoop.hive.ql.io.parquet.serde.TestParquetTimestampsHive2Compatibility" time="0"/>
  <testcase name="testWriteHive4UsingLegacyConversionReadHive2(String)[1188]" classname="org.apache.hadoop.hive.ql.io.parquet.serde.TestParquetTimestampsHive2Compatibility" time="0"/>
  <testcase name="testWriteHive4UsingLegacyConversionReadHive2(String)[1189]" classname="org.apache.hadoop.hive.ql.io.parquet.serde.TestParquetTimestampsHive2Compatibility" time="0"/>
  <testcase name="testWriteHive4UsingLegacyConversionReadHive2(String)[1190]" classname="org.apache.hadoop.hive.ql.io.parquet.serde.TestParquetTimestampsHive2Compatibility" time="0.001"/>
  <testcase name="testWriteHive4UsingLegacyConversionReadHive2(String)[1191]" classname="org.apache.hadoop.hive.ql.io.parquet.serde.TestParquetTimestampsHive2Compatibility" time="0"/>
  <testcase name="testWriteHive4UsingLegacyConversionReadHive2(String)[1192]" classname="org.apache.hadoop.hive.ql.io.parquet.serde.TestParquetTimestampsHive2Compatibility" time="0"/>
  <testcase name="testWriteHive4UsingLegacyConversionReadHive2(String)[1193]" classname="org.apache.hadoop.hive.ql.io.parquet.serde.TestParquetTimestampsHive2Compatibility" time="0"/>
  <testcase name="testWriteHive4UsingLegacyConversionReadHive2(String)[1194]" classname="org.apache.hadoop.hive.ql.io.parquet.serde.TestParquetTimestampsHive2Compatibility" time="0"/>
  <testcase name="testWriteHive4UsingLegacyConversionReadHive2(String)[1195]" classname="org.apache.hadoop.hive.ql.io.parquet.serde.TestParquetTimestampsHive2Compatibility" time="0"/>
  <testcase name="testWriteHive4UsingLegacyConversionReadHive2(String)[1196]" classname="org.apache.hadoop.hive.ql.io.parquet.serde.TestParquetTimestampsHive2Compatibility" time="0.001"/>
  <testcase name="testWriteHive4UsingLegacyConversionReadHive2(String)[1197]" classname="org.apache.hadoop.hive.ql.io.parquet.serde.TestParquetTimestampsHive2Compatibility" time="0"/>
  <testcase name="testWriteHive4UsingLegacyConversionReadHive2(String)[1198]" classname="org.apache.hadoop.hive.ql.io.parquet.serde.TestParquetTimestampsHive2Compatibility" time="0"/>
  <testcase name="testWriteHive4UsingLegacyConversionReadHive2(String)[1199]" classname="org.apache.hadoop.hive.ql.io.parquet.serde.TestParquetTimestampsHive2Compatibility" time="0"/>
  <testcase name="testWriteHive4UsingLegacyConversionReadHive2(String)[1200]" classname="org.apache.hadoop.hive.ql.io.parquet.serde.TestParquetTimestampsHive2Compatibility" time="0"/>
  <testcase name="testWriteHive4UsingLegacyConversionReadHive2(String)[1201]" classname="org.apache.hadoop.hive.ql.io.parquet.serde.TestParquetTimestampsHive2Compatibility" time="0"/>
  <testcase name="testWriteHive4UsingLegacyConversionReadHive2(String)[1202]" classname="org.apache.hadoop.hive.ql.io.parquet.serde.TestParquetTimestampsHive2Compatibility" time="0"/>
  <testcase name="testWriteHive4UsingLegacyConversionReadHive2(String)[1203]" classname="org.apache.hadoop.hive.ql.io.parquet.serde.TestParquetTimestampsHive2Compatibility" time="0"/>
  <testcase name="testWriteHive4UsingLegacyConversionReadHive2(String)[1204]" classname="org.apache.hadoop.hive.ql.io.parquet.serde.TestParquetTimestampsHive2Compatibility" time="0"/>
  <testcase name="testWriteHive4UsingLegacyConversionReadHive2(String)[1205]" classname="org.apache.hadoop.hive.ql.io.parquet.serde.TestParquetTimestampsHive2Compatibility" time="0"/>
  <testcase name="testWriteHive4UsingLegacyConversionReadHive2(String)[1206]" classname="org.apache.hadoop.hive.ql.io.parquet.serde.TestParquetTimestampsHive2Compatibility" time="0"/>
  <testcase name="testWriteHive4UsingLegacyConversionReadHive2(String)[1207]" classname="org.apache.hadoop.hive.ql.io.parquet.serde.TestParquetTimestampsHive2Compatibility" time="0"/>
  <testcase name="testWriteHive4UsingLegacyConversionReadHive2(String)[1208]" classname="org.apache.hadoop.hive.ql.io.parquet.serde.TestParquetTimestampsHive2Compatibility" time="0"/>
  <testcase name="testWriteHive4UsingLegacyConversionReadHive2(String)[1209]" classname="org.apache.hadoop.hive.ql.io.parquet.serde.TestParquetTimestampsHive2Compatibility" time="0"/>
  <testcase name="testWriteHive4UsingLegacyConversionReadHive2(String)[1210]" classname="org.apache.hadoop.hive.ql.io.parquet.serde.TestParquetTimestampsHive2Compatibility" time="0"/>
  <testcase name="testWriteHive4UsingLegacyConversionReadHive2(String)[1211]" classname="org.apache.hadoop.hive.ql.io.parquet.serde.TestParquetTimestampsHive2Compatibility" time="0"/>
  <testcase name="testWriteHive4UsingLegacyConversionReadHive2(String)[1212]" classname="org.apache.hadoop.hive.ql.io.parquet.serde.TestParquetTimestampsHive2Compatibility" time="0"/>
  <testcase name="testWriteHive4UsingLegacyConversionReadHive2(String)[1213]" classname="org.apache.hadoop.hive.ql.io.parquet.serde.TestParquetTimestampsHive2Compatibility" time="0"/>
  <testcase name="testWriteHive4UsingLegacyConversionReadHive2(String)[1214]" classname="org.apache.hadoop.hive.ql.io.parquet.serde.TestParquetTimestampsHive2Compatibility" time="0"/>
  <testcase name="testWriteHive4UsingLegacyConversionReadHive2(String)[1215]" classname="org.apache.hadoop.hive.ql.io.parquet.serde.TestParquetTimestampsHive2Compatibility" time="0"/>
  <testcase name="testWriteHive4UsingLegacyConversionReadHive2(String)[1216]" classname="org.apache.hadoop.hive.ql.io.parquet.serde.TestParquetTimestampsHive2Compatibility" time="0"/>
  <testcase name="testWriteHive4UsingLegacyConversionReadHive2(String)[1217]" classname="org.apache.hadoop.hive.ql.io.parquet.serde.TestParquetTimestampsHive2Compatibility" time="0"/>
  <testcase name="testWriteHive4UsingLegacyConversionReadHive2(String)[1218]" classname="org.apache.hadoop.hive.ql.io.parquet.serde.TestParquetTimestampsHive2Compatibility" time="0"/>
  <testcase name="testWriteHive4UsingLegacyConversionReadHive2(String)[1219]" classname="org.apache.hadoop.hive.ql.io.parquet.serde.TestParquetTimestampsHive2Compatibility" time="0"/>
  <testcase name="testWriteHive4UsingLegacyConversionReadHive2(String)[1220]" classname="org.apache.hadoop.hive.ql.io.parquet.serde.TestParquetTimestampsHive2Compatibility" time="0"/>
  <testcase name="testWriteHive4UsingLegacyConversionReadHive2(String)[1221]" classname="org.apache.hadoop.hive.ql.io.parquet.serde.TestParquetTimestampsHive2Compatibility" time="0"/>
  <testcase name="testWriteHive4UsingLegacyConversionReadHive2(String)[1222]" classname="org.apache.hadoop.hive.ql.io.parquet.serde.TestParquetTimestampsHive2Compatibility" time="0"/>
  <testcase name="testWriteHive4UsingLegacyConversionReadHive2(String)[1223]" classname="org.apache.hadoop.hive.ql.io.parquet.serde.TestParquetTimestampsHive2Compatibility" time="0"/>
  <testcase name="testWriteHive4UsingLegacyConversionReadHive2(String)[1224]" classname="org.apache.hadoop.hive.ql.io.parquet.serde.TestParquetTimestampsHive2Compatibility" time="0"/>
  <testcase name="testWriteHive4UsingLegacyConversionReadHive2(String)[1225]" classname="org.apache.hadoop.hive.ql.io.parquet.serde.TestParquetTimestampsHive2Compatibility" time="0"/>
  <testcase name="testWriteHive4UsingLegacyConversionReadHive2(String)[1226]" classname="org.apache.hadoop.hive.ql.io.parquet.serde.TestParquetTimestampsHive2Compatibility" time="0"/>
  <testcase name="testWriteHive4UsingLegacyConversionReadHive2(String)[1227]" classname="org.apache.hadoop.hive.ql.io.parquet.serde.TestParquetTimestampsHive2Compatibility" time="0"/>
  <testcase name="testWriteHive4UsingLegacyConversionReadHive2(String)[1228]" classname="org.apache.hadoop.hive.ql.io.parquet.serde.TestParquetTimestampsHive2Compatibility" time="0"/>
  <testcase name="testWriteHive4UsingLegacyConversionReadHive2(String)[1229]" classname="org.apache.hadoop.hive.ql.io.parquet.serde.TestParquetTimestampsHive2Compatibility" time="0"/>
  <testcase name="testWriteHive4UsingLegacyConversionReadHive2(String)[1230]" classname="org.apache.hadoop.hive.ql.io.parquet.serde.TestParquetTimestampsHive2Compatibility" time="0"/>
  <testcase name="testWriteHive4UsingLegacyConversionReadHive2(String)[1231]" classname="org.apache.hadoop.hive.ql.io.parquet.serde.TestParquetTimestampsHive2Compatibility" time="0.001"/>
  <testcase name="testWriteHive4UsingLegacyConversionReadHive2(String)[1232]" classname="org.apache.hadoop.hive.ql.io.parquet.serde.TestParquetTimestampsHive2Compatibility" time="0"/>
  <testcase name="testWriteHive4UsingLegacyConversionReadHive2(String)[1233]" classname="org.apache.hadoop.hive.ql.io.parquet.serde.TestParquetTimestampsHive2Compatibility" time="0"/>
  <testcase name="testWriteHive4UsingLegacyConversionReadHive2(String)[1234]" classname="org.apache.hadoop.hive.ql.io.parquet.serde.TestParquetTimestampsHive2Compatibility" time="0"/>
  <testcase name="testWriteHive4UsingLegacyConversionReadHive2(String)[1235]" classname="org.apache.hadoop.hive.ql.io.parquet.serde.TestParquetTimestampsHive2Compatibility" time="0"/>
  <testcase name="testWriteHive4UsingLegacyConversionReadHive2(String)[1236]" classname="org.apache.hadoop.hive.ql.io.parquet.serde.TestParquetTimestampsHive2Compatibility" time="0"/>
  <testcase name="testWriteHive4UsingLegacyConversionReadHive2(String)[1237]" classname="org.apache.hadoop.hive.ql.io.parquet.serde.TestParquetTimestampsHive2Compatibility" time="0.001"/>
  <testcase name="testWriteHive4UsingLegacyConversionReadHive2(String)[1238]" classname="org.apache.hadoop.hive.ql.io.parquet.serde.TestParquetTimestampsHive2Compatibility" time="0"/>
  <testcase name="testWriteHive4UsingLegacyConversionReadHive2(String)[1239]" classname="org.apache.hadoop.hive.ql.io.parquet.serde.TestParquetTimestampsHive2Compatibility" time="0"/>
  <testcase name="testWriteHive4UsingLegacyConversionReadHive2(String)[1240]" classname="org.apache.hadoop.hive.ql.io.parquet.serde.TestParquetTimestampsHive2Compatibility" time="0"/>
  <testcase name="testWriteHive4UsingLegacyConversionReadHive2(String)[1241]" classname="org.apache.hadoop.hive.ql.io.parquet.serde.TestParquetTimestampsHive2Compatibility" time="0"/>
  <testcase name="testWriteHive4UsingLegacyConversionReadHive2(String)[1242]" classname="org.apache.hadoop.hive.ql.io.parquet.serde.TestParquetTimestampsHive2Compatibility" time="0"/>
  <testcase name="testWriteHive4UsingLegacyConversionReadHive2(String)[1243]" classname="org.apache.hadoop.hive.ql.io.parquet.serde.TestParquetTimestampsHive2Compatibility" time="0.001"/>
  <testcase name="testWriteHive4UsingLegacyConversionReadHive2(String)[1244]" classname="org.apache.hadoop.hive.ql.io.parquet.serde.TestParquetTimestampsHive2Compatibility" time="0"/>
  <testcase name="testWriteHive4UsingLegacyConversionReadHive2(String)[1245]" classname="org.apache.hadoop.hive.ql.io.parquet.serde.TestParquetTimestampsHive2Compatibility" time="0"/>
  <testcase name="testWriteHive4UsingLegacyConversionReadHive2(String)[1246]" classname="org.apache.hadoop.hive.ql.io.parquet.serde.TestParquetTimestampsHive2Compatibility" time="0"/>
  <testcase name="testWriteHive4UsingLegacyConversionReadHive2(String)[1247]" classname="org.apache.hadoop.hive.ql.io.parquet.serde.TestParquetTimestampsHive2Compatibility" time="0"/>
  <testcase name="testWriteHive4UsingLegacyConversionReadHive2(String)[1248]" classname="org.apache.hadoop.hive.ql.io.parquet.serde.TestParquetTimestampsHive2Compatibility" time="0"/>
  <testcase name="testWriteHive4UsingLegacyConversionReadHive2(String)[1249]" classname="org.apache.hadoop.hive.ql.io.parquet.serde.TestParquetTimestampsHive2Compatibility" time="0.001"/>
  <testcase name="testWriteHive4UsingLegacyConversionReadHive2(String)[1250]" classname="org.apache.hadoop.hive.ql.io.parquet.serde.TestParquetTimestampsHive2Compatibility" time="0"/>
  <testcase name="testWriteHive4UsingLegacyConversionReadHive2(String)[1251]" classname="org.apache.hadoop.hive.ql.io.parquet.serde.TestParquetTimestampsHive2Compatibility" time="0"/>
  <testcase name="testWriteHive4UsingLegacyConversionReadHive2(String)[1252]" classname="org.apache.hadoop.hive.ql.io.parquet.serde.TestParquetTimestampsHive2Compatibility" time="0"/>
  <testcase name="testWriteHive4UsingLegacyConversionReadHive2(String)[1253]" classname="org.apache.hadoop.hive.ql.io.parquet.serde.TestParquetTimestampsHive2Compatibility" time="0"/>
  <testcase name="testWriteHive4UsingLegacyConversionReadHive2(String)[1254]" classname="org.apache.hadoop.hive.ql.io.parquet.serde.TestParquetTimestampsHive2Compatibility" time="0"/>
  <testcase name="testWriteHive4UsingLegacyConversionReadHive2(String)[1255]" classname="org.apache.hadoop.hive.ql.io.parquet.serde.TestParquetTimestampsHive2Compatibility" time="0"/>
  <testcase name="testWriteHive4UsingLegacyConversionReadHive2(String)[1256]" classname="org.apache.hadoop.hive.ql.io.parquet.serde.TestParquetTimestampsHive2Compatibility" time="0"/>
  <testcase name="testWriteHive4UsingLegacyConversionReadHive2(String)[1257]" classname="org.apache.hadoop.hive.ql.io.parquet.serde.TestParquetTimestampsHive2Compatibility" time="0"/>
  <testcase name="testWriteHive4UsingLegacyConversionReadHive2(String)[1258]" classname="org.apache.hadoop.hive.ql.io.parquet.serde.TestParquetTimestampsHive2Compatibility" time="0"/>
  <testcase name="testWriteHive4UsingLegacyConversionReadHive2(String)[1259]" classname="org.apache.hadoop.hive.ql.io.parquet.serde.TestParquetTimestampsHive2Compatibility" time="0"/>
  <testcase name="testWriteHive4UsingLegacyConversionReadHive2(String)[1260]" classname="org.apache.hadoop.hive.ql.io.parquet.serde.TestParquetTimestampsHive2Compatibility" time="0"/>
  <testcase name="testWriteHive4UsingLegacyConversionReadHive2(String)[1261]" classname="org.apache.hadoop.hive.ql.io.parquet.serde.TestParquetTimestampsHive2Compatibility" time="0"/>
  <testcase name="testWriteHive4UsingLegacyConversionReadHive2(String)[1262]" classname="org.apache.hadoop.hive.ql.io.parquet.serde.TestParquetTimestampsHive2Compatibility" time="0"/>
  <testcase name="testWriteHive4UsingLegacyConversionReadHive2(String)[1263]" classname="org.apache.hadoop.hive.ql.io.parquet.serde.TestParquetTimestampsHive2Compatibility" time="0"/>
  <testcase name="testWriteHive4UsingLegacyConversionReadHive2(String)[1264]" classname="org.apache.hadoop.hive.ql.io.parquet.serde.TestParquetTimestampsHive2Compatibility" time="0"/>
  <testcase name="testWriteHive4UsingLegacyConversionReadHive2(String)[1265]" classname="org.apache.hadoop.hive.ql.io.parquet.serde.TestParquetTimestampsHive2Compatibility" time="0"/>
  <testcase name="testWriteHive4UsingLegacyConversionReadHive2(String)[1266]" classname="org.apache.hadoop.hive.ql.io.parquet.serde.TestParquetTimestampsHive2Compatibility" time="0"/>
  <testcase name="testWriteHive4UsingLegacyConversionReadHive2(String)[1267]" classname="org.apache.hadoop.hive.ql.io.parquet.serde.TestParquetTimestampsHive2Compatibility" time="0"/>
  <testcase name="testWriteHive4UsingLegacyConversionReadHive2(String)[1268]" classname="org.apache.hadoop.hive.ql.io.parquet.serde.TestParquetTimestampsHive2Compatibility" time="0"/>
  <testcase name="testWriteHive4UsingLegacyConversionReadHive2(String)[1269]" classname="org.apache.hadoop.hive.ql.io.parquet.serde.TestParquetTimestampsHive2Compatibility" time="0"/>
  <testcase name="testWriteHive4UsingLegacyConversionReadHive2(String)[1270]" classname="org.apache.hadoop.hive.ql.io.parquet.serde.TestParquetTimestampsHive2Compatibility" time="0"/>
  <testcase name="testWriteHive4UsingLegacyConversionReadHive2(String)[1271]" classname="org.apache.hadoop.hive.ql.io.parquet.serde.TestParquetTimestampsHive2Compatibility" time="0"/>
  <testcase name="testWriteHive4UsingLegacyConversionReadHive2(String)[1272]" classname="org.apache.hadoop.hive.ql.io.parquet.serde.TestParquetTimestampsHive2Compatibility" time="0"/>
  <testcase name="testWriteHive4UsingLegacyConversionReadHive2(String)[1273]" classname="org.apache.hadoop.hive.ql.io.parquet.serde.TestParquetTimestampsHive2Compatibility" time="0"/>
  <testcase name="testWriteHive4UsingLegacyConversionReadHive2(String)[1274]" classname="org.apache.hadoop.hive.ql.io.parquet.serde.TestParquetTimestampsHive2Compatibility" time="0"/>
  <testcase name="testWriteHive4UsingLegacyConversionReadHive2(String)[1275]" classname="org.apache.hadoop.hive.ql.io.parquet.serde.TestParquetTimestampsHive2Compatibility" time="0"/>
  <testcase name="testWriteHive4UsingLegacyConversionReadHive2(String)[1276]" classname="org.apache.hadoop.hive.ql.io.parquet.serde.TestParquetTimestampsHive2Compatibility" time="0"/>
  <testcase name="testWriteHive4UsingLegacyConversionReadHive2(String)[1277]" classname="org.apache.hadoop.hive.ql.io.parquet.serde.TestParquetTimestampsHive2Compatibility" time="0"/>
  <testcase name="testWriteHive4UsingLegacyConversionReadHive2(String)[1278]" classname="org.apache.hadoop.hive.ql.io.parquet.serde.TestParquetTimestampsHive2Compatibility" time="0.001"/>
  <testcase name="testWriteHive4UsingLegacyConversionReadHive2(String)[1279]" classname="org.apache.hadoop.hive.ql.io.parquet.serde.TestParquetTimestampsHive2Compatibility" time="0"/>
  <testcase name="testWriteHive4UsingLegacyConversionReadHive2(String)[1280]" classname="org.apache.hadoop.hive.ql.io.parquet.serde.TestParquetTimestampsHive2Compatibility" time="0"/>
  <testcase name="testWriteHive4UsingLegacyConversionReadHive2(String)[1281]" classname="org.apache.hadoop.hive.ql.io.parquet.serde.TestParquetTimestampsHive2Compatibility" time="0"/>
  <testcase name="testWriteHive4UsingLegacyConversionReadHive2(String)[1282]" classname="org.apache.hadoop.hive.ql.io.parquet.serde.TestParquetTimestampsHive2Compatibility" time="0"/>
  <testcase name="testWriteHive4UsingLegacyConversionReadHive2(String)[1283]" classname="org.apache.hadoop.hive.ql.io.parquet.serde.TestParquetTimestampsHive2Compatibility" time="0"/>
  <testcase name="testWriteHive4UsingLegacyConversionReadHive2(String)[1284]" classname="org.apache.hadoop.hive.ql.io.parquet.serde.TestParquetTimestampsHive2Compatibility" time="0.001"/>
  <testcase name="testWriteHive4UsingLegacyConversionReadHive2(String)[1285]" classname="org.apache.hadoop.hive.ql.io.parquet.serde.TestParquetTimestampsHive2Compatibility" time="0"/>
  <testcase name="testWriteHive4UsingLegacyConversionReadHive2(String)[1286]" classname="org.apache.hadoop.hive.ql.io.parquet.serde.TestParquetTimestampsHive2Compatibility" time="0"/>
  <testcase name="testWriteHive4UsingLegacyConversionReadHive2(String)[1287]" classname="org.apache.hadoop.hive.ql.io.parquet.serde.TestParquetTimestampsHive2Compatibility" time="0"/>
  <testcase name="testWriteHive4UsingLegacyConversionReadHive2(String)[1288]" classname="org.apache.hadoop.hive.ql.io.parquet.serde.TestParquetTimestampsHive2Compatibility" time="0"/>
  <testcase name="testWriteHive4UsingLegacyConversionReadHive2(String)[1289]" classname="org.apache.hadoop.hive.ql.io.parquet.serde.TestParquetTimestampsHive2Compatibility" time="0"/>
  <testcase name="testWriteHive4UsingLegacyConversionReadHive2(String)[1290]" classname="org.apache.hadoop.hive.ql.io.parquet.serde.TestParquetTimestampsHive2Compatibility" time="0.001"/>
  <testcase name="testWriteHive4UsingLegacyConversionReadHive2(String)[1291]" classname="org.apache.hadoop.hive.ql.io.parquet.serde.TestParquetTimestampsHive2Compatibility" time="0"/>
  <testcase name="testWriteHive4UsingLegacyConversionReadHive2(String)[1292]" classname="org.apache.hadoop.hive.ql.io.parquet.serde.TestParquetTimestampsHive2Compatibility" time="0"/>
  <testcase name="testWriteHive4UsingLegacyConversionReadHive2(String)[1293]" classname="org.apache.hadoop.hive.ql.io.parquet.serde.TestParquetTimestampsHive2Compatibility" time="0"/>
  <testcase name="testWriteHive4UsingLegacyConversionReadHive2(String)[1294]" classname="org.apache.hadoop.hive.ql.io.parquet.serde.TestParquetTimestampsHive2Compatibility" time="0"/>
  <testcase name="testWriteHive4UsingLegacyConversionReadHive2(String)[1295]" classname="org.apache.hadoop.hive.ql.io.parquet.serde.TestParquetTimestampsHive2Compatibility" time="0"/>
  <testcase name="testWriteHive4UsingLegacyConversionReadHive2(String)[1296]" classname="org.apache.hadoop.hive.ql.io.parquet.serde.TestParquetTimestampsHive2Compatibility" time="0"/>
  <testcase name="testWriteHive4UsingLegacyConversionReadHive2(String)[1297]" classname="org.apache.hadoop.hive.ql.io.parquet.serde.TestParquetTimestampsHive2Compatibility" time="0"/>
  <testcase name="testWriteHive4UsingLegacyConversionReadHive2(String)[1298]" classname="org.apache.hadoop.hive.ql.io.parquet.serde.TestParquetTimestampsHive2Compatibility" time="0"/>
  <testcase name="testWriteHive4UsingLegacyConversionReadHive2(String)[1299]" classname="org.apache.hadoop.hive.ql.io.parquet.serde.TestParquetTimestampsHive2Compatibility" time="0"/>
  <testcase name="testWriteHive4UsingLegacyConversionReadHive2(String)[1300]" classname="org.apache.hadoop.hive.ql.io.parquet.serde.TestParquetTimestampsHive2Compatibility" time="0"/>
  <testcase name="testWriteHive4UsingLegacyConversionReadHive2(String)[1301]" classname="org.apache.hadoop.hive.ql.io.parquet.serde.TestParquetTimestampsHive2Compatibility" time="0"/>
  <testcase name="testWriteHive4UsingLegacyConversionReadHive2(String)[1302]" classname="org.apache.hadoop.hive.ql.io.parquet.serde.TestParquetTimestampsHive2Compatibility" time="0"/>
  <testcase name="testWriteHive4UsingLegacyConversionReadHive2(String)[1303]" classname="org.apache.hadoop.hive.ql.io.parquet.serde.TestParquetTimestampsHive2Compatibility" time="0"/>
  <testcase name="testWriteHive4UsingLegacyConversionReadHive2(String)[1304]" classname="org.apache.hadoop.hive.ql.io.parquet.serde.TestParquetTimestampsHive2Compatibility" time="0"/>
  <testcase name="testWriteHive4UsingLegacyConversionReadHive2(String)[1305]" classname="org.apache.hadoop.hive.ql.io.parquet.serde.TestParquetTimestampsHive2Compatibility" time="0"/>
  <testcase name="testWriteHive4UsingLegacyConversionReadHive2(String)[1306]" classname="org.apache.hadoop.hive.ql.io.parquet.serde.TestParquetTimestampsHive2Compatibility" time="0"/>
  <testcase name="testWriteHive4UsingLegacyConversionReadHive2(String)[1307]" classname="org.apache.hadoop.hive.ql.io.parquet.serde.TestParquetTimestampsHive2Compatibility" time="0"/>
  <testcase name="testWriteHive4UsingLegacyConversionReadHive2(String)[1308]" classname="org.apache.hadoop.hive.ql.io.parquet.serde.TestParquetTimestampsHive2Compatibility" time="0"/>
  <testcase name="testWriteHive4UsingLegacyConversionReadHive2(String)[1309]" classname="org.apache.hadoop.hive.ql.io.parquet.serde.TestParquetTimestampsHive2Compatibility" time="0"/>
  <testcase name="testWriteHive4UsingLegacyConversionReadHive2(String)[1310]" classname="org.apache.hadoop.hive.ql.io.parquet.serde.TestParquetTimestampsHive2Compatibility" time="0"/>
  <testcase name="testWriteHive4UsingLegacyConversionReadHive2(String)[1311]" classname="org.apache.hadoop.hive.ql.io.parquet.serde.TestParquetTimestampsHive2Compatibility" time="0"/>
  <testcase name="testWriteHive4UsingLegacyConversionReadHive2(String)[1312]" classname="org.apache.hadoop.hive.ql.io.parquet.serde.TestParquetTimestampsHive2Compatibility" time="0"/>
  <testcase name="testWriteHive4UsingLegacyConversionReadHive2(String)[1313]" classname="org.apache.hadoop.hive.ql.io.parquet.serde.TestParquetTimestampsHive2Compatibility" time="0"/>
  <testcase name="testWriteHive4UsingLegacyConversionReadHive2(String)[1314]" classname="org.apache.hadoop.hive.ql.io.parquet.serde.TestParquetTimestampsHive2Compatibility" time="0"/>
  <testcase name="testWriteHive4UsingLegacyConversionReadHive2(String)[1315]" classname="org.apache.hadoop.hive.ql.io.parquet.serde.TestParquetTimestampsHive2Compatibility" time="0"/>
  <testcase name="testWriteHive4UsingLegacyConversionReadHive2(String)[1316]" classname="org.apache.hadoop.hive.ql.io.parquet.serde.TestParquetTimestampsHive2Compatibility" time="0"/>
  <testcase name="testWriteHive4UsingLegacyConversionReadHive2(String)[1317]" classname="org.apache.hadoop.hive.ql.io.parquet.serde.TestParquetTimestampsHive2Compatibility" time="0"/>
  <testcase name="testWriteHive4UsingLegacyConversionReadHive2(String)[1318]" classname="org.apache.hadoop.hive.ql.io.parquet.serde.TestParquetTimestampsHive2Compatibility" time="0"/>
  <testcase name="testWriteHive4UsingLegacyConversionReadHive2(String)[1319]" classname="org.apache.hadoop.hive.ql.io.parquet.serde.TestParquetTimestampsHive2Compatibility" time="0"/>
  <testcase name="testWriteHive4UsingLegacyConversionReadHive2(String)[1320]" classname="org.apache.hadoop.hive.ql.io.parquet.serde.TestParquetTimestampsHive2Compatibility" time="0"/>
  <testcase name="testWriteHive4UsingLegacyConversionReadHive2(String)[1321]" classname="org.apache.hadoop.hive.ql.io.parquet.serde.TestParquetTimestampsHive2Compatibility" time="0"/>
  <testcase name="testWriteHive4UsingLegacyConversionReadHive2(String)[1322]" classname="org.apache.hadoop.hive.ql.io.parquet.serde.TestParquetTimestampsHive2Compatibility" time="0"/>
  <testcase name="testWriteHive4UsingLegacyConversionReadHive2(String)[1323]" classname="org.apache.hadoop.hive.ql.io.parquet.serde.TestParquetTimestampsHive2Compatibility" time="0"/>
  <testcase name="testWriteHive4UsingLegacyConversionReadHive2(String)[1324]" classname="org.apache.hadoop.hive.ql.io.parquet.serde.TestParquetTimestampsHive2Compatibility" time="0"/>
  <testcase name="testWriteHive4UsingLegacyConversionReadHive2(String)[1325]" classname="org.apache.hadoop.hive.ql.io.parquet.serde.TestParquetTimestampsHive2Compatibility" time="0.001"/>
  <testcase name="testWriteHive4UsingLegacyConversionReadHive2(String)[1326]" classname="org.apache.hadoop.hive.ql.io.parquet.serde.TestParquetTimestampsHive2Compatibility" time="0"/>
  <testcase name="testWriteHive4UsingLegacyConversionReadHive2(String)[1327]" classname="org.apache.hadoop.hive.ql.io.parquet.serde.TestParquetTimestampsHive2Compatibility" time="0"/>
  <testcase name="testWriteHive4UsingLegacyConversionReadHive2(String)[1328]" classname="org.apache.hadoop.hive.ql.io.parquet.serde.TestParquetTimestampsHive2Compatibility" time="0"/>
  <testcase name="testWriteHive4UsingLegacyConversionReadHive2(String)[1329]" classname="org.apache.hadoop.hive.ql.io.parquet.serde.TestParquetTimestampsHive2Compatibility" time="0"/>
  <testcase name="testWriteHive4UsingLegacyConversionReadHive2(String)[1330]" classname="org.apache.hadoop.hive.ql.io.parquet.serde.TestParquetTimestampsHive2Compatibility" time="0"/>
  <testcase name="testWriteHive4UsingLegacyConversionReadHive2(String)[1331]" classname="org.apache.hadoop.hive.ql.io.parquet.serde.TestParquetTimestampsHive2Compatibility" time="0.001"/>
  <testcase name="testWriteHive4UsingLegacyConversionReadHive2(String)[1332]" classname="org.apache.hadoop.hive.ql.io.parquet.serde.TestParquetTimestampsHive2Compatibility" time="0"/>
  <testcase name="testWriteHive4UsingLegacyConversionReadHive2(String)[1333]" classname="org.apache.hadoop.hive.ql.io.parquet.serde.TestParquetTimestampsHive2Compatibility" time="0"/>
  <testcase name="testWriteHive4UsingLegacyConversionReadHive2(String)[1334]" classname="org.apache.hadoop.hive.ql.io.parquet.serde.TestParquetTimestampsHive2Compatibility" time="0"/>
  <testcase name="testWriteHive4UsingLegacyConversionReadHive2(String)[1335]" classname="org.apache.hadoop.hive.ql.io.parquet.serde.TestParquetTimestampsHive2Compatibility" time="0"/>
  <testcase name="testWriteHive4UsingLegacyConversionReadHive2(String)[1336]" classname="org.apache.hadoop.hive.ql.io.parquet.serde.TestParquetTimestampsHive2Compatibility" time="0"/>
  <testcase name="testWriteHive4UsingLegacyConversionReadHive2(String)[1337]" classname="org.apache.hadoop.hive.ql.io.parquet.serde.TestParquetTimestampsHive2Compatibility" time="0"/>
  <testcase name="testWriteHive4UsingLegacyConversionReadHive2(String)[1338]" classname="org.apache.hadoop.hive.ql.io.parquet.serde.TestParquetTimestampsHive2Compatibility" time="0"/>
  <testcase name="testWriteHive4UsingLegacyConversionReadHive2(String)[1339]" classname="org.apache.hadoop.hive.ql.io.parquet.serde.TestParquetTimestampsHive2Compatibility" time="0"/>
  <testcase name="testWriteHive4UsingLegacyConversionReadHive2(String)[1340]" classname="org.apache.hadoop.hive.ql.io.parquet.serde.TestParquetTimestampsHive2Compatibility" time="0"/>
  <testcase name="testWriteHive4UsingLegacyConversionReadHive2(String)[1341]" classname="org.apache.hadoop.hive.ql.io.parquet.serde.TestParquetTimestampsHive2Compatibility" time="0"/>
  <testcase name="testWriteHive4UsingLegacyConversionReadHive2(String)[1342]" classname="org.apache.hadoop.hive.ql.io.parquet.serde.TestParquetTimestampsHive2Compatibility" time="0"/>
  <testcase name="testWriteHive4UsingLegacyConversionReadHive2(String)[1343]" classname="org.apache.hadoop.hive.ql.io.parquet.serde.TestParquetTimestampsHive2Compatibility" time="0"/>
  <testcase name="testWriteHive4UsingLegacyConversionReadHive2(String)[1344]" classname="org.apache.hadoop.hive.ql.io.parquet.serde.TestParquetTimestampsHive2Compatibility" time="0"/>
  <testcase name="testWriteHive4UsingLegacyConversionReadHive2(String)[1345]" classname="org.apache.hadoop.hive.ql.io.parquet.serde.TestParquetTimestampsHive2Compatibility" time="0"/>
  <testcase name="testWriteHive4UsingLegacyConversionReadHive2(String)[1346]" classname="org.apache.hadoop.hive.ql.io.parquet.serde.TestParquetTimestampsHive2Compatibility" time="0"/>
  <testcase name="testWriteHive4UsingLegacyConversionReadHive2(String)[1347]" classname="org.apache.hadoop.hive.ql.io.parquet.serde.TestParquetTimestampsHive2Compatibility" time="0"/>
  <testcase name="testWriteHive4UsingLegacyConversionReadHive2(String)[1348]" classname="org.apache.hadoop.hive.ql.io.parquet.serde.TestParquetTimestampsHive2Compatibility" time="0.001"/>
  <testcase name="testWriteHive4UsingLegacyConversionReadHive2(String)[1349]" classname="org.apache.hadoop.hive.ql.io.parquet.serde.TestParquetTimestampsHive2Compatibility" time="0"/>
  <testcase name="testWriteHive4UsingLegacyConversionReadHive2(String)[1350]" classname="org.apache.hadoop.hive.ql.io.parquet.serde.TestParquetTimestampsHive2Compatibility" time="0"/>
  <testcase name="testWriteHive4UsingLegacyConversionReadHive2(String)[1351]" classname="org.apache.hadoop.hive.ql.io.parquet.serde.TestParquetTimestampsHive2Compatibility" time="0"/>
  <testcase name="testWriteHive4UsingLegacyConversionReadHive2(String)[1352]" classname="org.apache.hadoop.hive.ql.io.parquet.serde.TestParquetTimestampsHive2Compatibility" time="0"/>
  <testcase name="testWriteHive4UsingLegacyConversionReadHive2(String)[1353]" classname="org.apache.hadoop.hive.ql.io.parquet.serde.TestParquetTimestampsHive2Compatibility" time="0"/>
  <testcase name="testWriteHive4UsingLegacyConversionReadHive2(String)[1354]" classname="org.apache.hadoop.hive.ql.io.parquet.serde.TestParquetTimestampsHive2Compatibility" time="0.001"/>
  <testcase name="testWriteHive4UsingLegacyConversionReadHive2(String)[1355]" classname="org.apache.hadoop.hive.ql.io.parquet.serde.TestParquetTimestampsHive2Compatibility" time="0"/>
  <testcase name="testWriteHive4UsingLegacyConversionReadHive2(String)[1356]" classname="org.apache.hadoop.hive.ql.io.parquet.serde.TestParquetTimestampsHive2Compatibility" time="0"/>
  <testcase name="testWriteHive4UsingLegacyConversionReadHive2(String)[1357]" classname="org.apache.hadoop.hive.ql.io.parquet.serde.TestParquetTimestampsHive2Compatibility" time="0"/>
  <testcase name="testWriteHive4UsingLegacyConversionReadHive2(String)[1358]" classname="org.apache.hadoop.hive.ql.io.parquet.serde.TestParquetTimestampsHive2Compatibility" time="0"/>
  <testcase name="testWriteHive4UsingLegacyConversionReadHive2(String)[1359]" classname="org.apache.hadoop.hive.ql.io.parquet.serde.TestParquetTimestampsHive2Compatibility" time="0"/>
  <testcase name="testWriteHive4UsingLegacyConversionReadHive2(String)[1360]" classname="org.apache.hadoop.hive.ql.io.parquet.serde.TestParquetTimestampsHive2Compatibility" time="0.001"/>
  <testcase name="testWriteHive4UsingLegacyConversionReadHive2(String)[1361]" classname="org.apache.hadoop.hive.ql.io.parquet.serde.TestParquetTimestampsHive2Compatibility" time="0"/>
  <testcase name="testWriteHive4UsingLegacyConversionReadHive2(String)[1362]" classname="org.apache.hadoop.hive.ql.io.parquet.serde.TestParquetTimestampsHive2Compatibility" time="0"/>
  <testcase name="testWriteHive4UsingLegacyConversionReadHive2(String)[1363]" classname="org.apache.hadoop.hive.ql.io.parquet.serde.TestParquetTimestampsHive2Compatibility" time="0"/>
  <testcase name="testWriteHive4UsingLegacyConversionReadHive2(String)[1364]" classname="org.apache.hadoop.hive.ql.io.parquet.serde.TestParquetTimestampsHive2Compatibility" time="0"/>
  <testcase name="testWriteHive4UsingLegacyConversionReadHive2(String)[1365]" classname="org.apache.hadoop.hive.ql.io.parquet.serde.TestParquetTimestampsHive2Compatibility" time="0"/>
  <testcase name="testWriteHive4UsingLegacyConversionReadHive2(String)[1366]" classname="org.apache.hadoop.hive.ql.io.parquet.serde.TestParquetTimestampsHive2Compatibility" time="0.001"/>
  <testcase name="testWriteHive4UsingLegacyConversionReadHive2(String)[1367]" classname="org.apache.hadoop.hive.ql.io.parquet.serde.TestParquetTimestampsHive2Compatibility" time="0"/>
  <testcase name="testWriteHive4UsingLegacyConversionReadHive2(String)[1368]" classname="org.apache.hadoop.hive.ql.io.parquet.serde.TestParquetTimestampsHive2Compatibility" time="0"/>
  <testcase name="testWriteHive4UsingLegacyConversionReadHive2(String)[1369]" classname="org.apache.hadoop.hive.ql.io.parquet.serde.TestParquetTimestampsHive2Compatibility" time="0"/>
  <testcase name="testWriteHive4UsingLegacyConversionReadHive2(String)[1370]" classname="org.apache.hadoop.hive.ql.io.parquet.serde.TestParquetTimestampsHive2Compatibility" time="0"/>
  <testcase name="testWriteHive4UsingLegacyConversionReadHive2(String)[1371]" classname="org.apache.hadoop.hive.ql.io.parquet.serde.TestParquetTimestampsHive2Compatibility" time="0"/>
  <testcase name="testWriteHive4UsingLegacyConversionReadHive2(String)[1372]" classname="org.apache.hadoop.hive.ql.io.parquet.serde.TestParquetTimestampsHive2Compatibility" time="0"/>
  <testcase name="testWriteHive4UsingLegacyConversionReadHive2(String)[1373]" classname="org.apache.hadoop.hive.ql.io.parquet.serde.TestParquetTimestampsHive2Compatibility" time="0"/>
  <testcase name="testWriteHive4UsingLegacyConversionReadHive2(String)[1374]" classname="org.apache.hadoop.hive.ql.io.parquet.serde.TestParquetTimestampsHive2Compatibility" time="0"/>
  <testcase name="testWriteHive4UsingLegacyConversionReadHive2(String)[1375]" classname="org.apache.hadoop.hive.ql.io.parquet.serde.TestParquetTimestampsHive2Compatibility" time="0"/>
  <testcase name="testWriteHive4UsingLegacyConversionReadHive2(String)[1376]" classname="org.apache.hadoop.hive.ql.io.parquet.serde.TestParquetTimestampsHive2Compatibility" time="0"/>
  <testcase name="testWriteHive4UsingLegacyConversionReadHive2(String)[1377]" classname="org.apache.hadoop.hive.ql.io.parquet.serde.TestParquetTimestampsHive2Compatibility" time="0"/>
  <testcase name="testWriteHive4UsingLegacyConversionReadHive2(String)[1378]" classname="org.apache.hadoop.hive.ql.io.parquet.serde.TestParquetTimestampsHive2Compatibility" time="0"/>
  <testcase name="testWriteHive4UsingLegacyConversionReadHive2(String)[1379]" classname="org.apache.hadoop.hive.ql.io.parquet.serde.TestParquetTimestampsHive2Compatibility" time="0"/>
  <testcase name="testWriteHive4UsingLegacyConversionReadHive2(String)[1380]" classname="org.apache.hadoop.hive.ql.io.parquet.serde.TestParquetTimestampsHive2Compatibility" time="0"/>
  <testcase name="testWriteHive4UsingLegacyConversionReadHive2(String)[1381]" classname="org.apache.hadoop.hive.ql.io.parquet.serde.TestParquetTimestampsHive2Compatibility" time="0"/>
  <testcase name="testWriteHive4UsingLegacyConversionReadHive2(String)[1382]" classname="org.apache.hadoop.hive.ql.io.parquet.serde.TestParquetTimestampsHive2Compatibility" time="0"/>
  <testcase name="testWriteHive4UsingLegacyConversionReadHive2(String)[1383]" classname="org.apache.hadoop.hive.ql.io.parquet.serde.TestParquetTimestampsHive2Compatibility" time="0"/>
  <testcase name="testWriteHive4UsingLegacyConversionReadHive2(String)[1384]" classname="org.apache.hadoop.hive.ql.io.parquet.serde.TestParquetTimestampsHive2Compatibility" time="0"/>
  <testcase name="testWriteHive4UsingLegacyConversionReadHive2(String)[1385]" classname="org.apache.hadoop.hive.ql.io.parquet.serde.TestParquetTimestampsHive2Compatibility" time="0"/>
  <testcase name="testWriteHive4UsingLegacyConversionReadHive2(String)[1386]" classname="org.apache.hadoop.hive.ql.io.parquet.serde.TestParquetTimestampsHive2Compatibility" time="0"/>
  <testcase name="testWriteHive4UsingLegacyConversionReadHive2(String)[1387]" classname="org.apache.hadoop.hive.ql.io.parquet.serde.TestParquetTimestampsHive2Compatibility" time="0"/>
  <testcase name="testWriteHive4UsingLegacyConversionReadHive2(String)[1388]" classname="org.apache.hadoop.hive.ql.io.parquet.serde.TestParquetTimestampsHive2Compatibility" time="0"/>
  <testcase name="testWriteHive4UsingLegacyConversionReadHive2(String)[1389]" classname="org.apache.hadoop.hive.ql.io.parquet.serde.TestParquetTimestampsHive2Compatibility" time="0"/>
  <testcase name="testWriteHive4UsingLegacyConversionReadHive2(String)[1390]" classname="org.apache.hadoop.hive.ql.io.parquet.serde.TestParquetTimestampsHive2Compatibility" time="0"/>
  <testcase name="testWriteHive4UsingLegacyConversionReadHive2(String)[1391]" classname="org.apache.hadoop.hive.ql.io.parquet.serde.TestParquetTimestampsHive2Compatibility" time="0"/>
  <testcase name="testWriteHive4UsingLegacyConversionReadHive2(String)[1392]" classname="org.apache.hadoop.hive.ql.io.parquet.serde.TestParquetTimestampsHive2Compatibility" time="0"/>
  <testcase name="testWriteHive4UsingLegacyConversionReadHive2(String)[1393]" classname="org.apache.hadoop.hive.ql.io.parquet.serde.TestParquetTimestampsHive2Compatibility" time="0"/>
  <testcase name="testWriteHive4UsingLegacyConversionReadHive2(String)[1394]" classname="org.apache.hadoop.hive.ql.io.parquet.serde.TestParquetTimestampsHive2Compatibility" time="0"/>
  <testcase name="testWriteHive4UsingLegacyConversionReadHive2(String)[1395]" classname="org.apache.hadoop.hive.ql.io.parquet.serde.TestParquetTimestampsHive2Compatibility" time="0.001"/>
  <testcase name="testWriteHive4UsingLegacyConversionReadHive2(String)[1396]" classname="org.apache.hadoop.hive.ql.io.parquet.serde.TestParquetTimestampsHive2Compatibility" time="0"/>
  <testcase name="testWriteHive4UsingLegacyConversionReadHive2(String)[1397]" classname="org.apache.hadoop.hive.ql.io.parquet.serde.TestParquetTimestampsHive2Compatibility" time="0"/>
  <testcase name="testWriteHive4UsingLegacyConversionReadHive2(String)[1398]" classname="org.apache.hadoop.hive.ql.io.parquet.serde.TestParquetTimestampsHive2Compatibility" time="0"/>
  <testcase name="testWriteHive4UsingLegacyConversionReadHive2(String)[1399]" classname="org.apache.hadoop.hive.ql.io.parquet.serde.TestParquetTimestampsHive2Compatibility" time="0"/>
  <testcase name="testWriteHive4UsingLegacyConversionReadHive2(String)[1400]" classname="org.apache.hadoop.hive.ql.io.parquet.serde.TestParquetTimestampsHive2Compatibility" time="0"/>
  <testcase name="testWriteHive4UsingLegacyConversionReadHive2(String)[1401]" classname="org.apache.hadoop.hive.ql.io.parquet.serde.TestParquetTimestampsHive2Compatibility" time="0.001"/>
  <testcase name="testWriteHive4UsingLegacyConversionReadHive2(String)[1402]" classname="org.apache.hadoop.hive.ql.io.parquet.serde.TestParquetTimestampsHive2Compatibility" time="0"/>
  <testcase name="testWriteHive4UsingLegacyConversionReadHive2(String)[1403]" classname="org.apache.hadoop.hive.ql.io.parquet.serde.TestParquetTimestampsHive2Compatibility" time="0"/>
  <testcase name="testWriteHive4UsingLegacyConversionReadHive2(String)[1404]" classname="org.apache.hadoop.hive.ql.io.parquet.serde.TestParquetTimestampsHive2Compatibility" time="0"/>
  <testcase name="testWriteHive4UsingLegacyConversionReadHive2(String)[1405]" classname="org.apache.hadoop.hive.ql.io.parquet.serde.TestParquetTimestampsHive2Compatibility" time="0"/>
  <testcase name="testWriteHive4UsingLegacyConversionReadHive2(String)[1406]" classname="org.apache.hadoop.hive.ql.io.parquet.serde.TestParquetTimestampsHive2Compatibility" time="0"/>
  <testcase name="testWriteHive4UsingLegacyConversionReadHive2(String)[1407]" classname="org.apache.hadoop.hive.ql.io.parquet.serde.TestParquetTimestampsHive2Compatibility" time="0.001"/>
  <testcase name="testWriteHive4UsingLegacyConversionReadHive2(String)[1408]" classname="org.apache.hadoop.hive.ql.io.parquet.serde.TestParquetTimestampsHive2Compatibility" time="0"/>
  <testcase name="testWriteHive4UsingLegacyConversionReadHive2(String)[1409]" classname="org.apache.hadoop.hive.ql.io.parquet.serde.TestParquetTimestampsHive2Compatibility" time="0"/>
  <testcase name="testWriteHive4UsingLegacyConversionReadHive2(String)[1410]" classname="org.apache.hadoop.hive.ql.io.parquet.serde.TestParquetTimestampsHive2Compatibility" time="0"/>
  <testcase name="testWriteHive4UsingLegacyConversionReadHive2(String)[1411]" classname="org.apache.hadoop.hive.ql.io.parquet.serde.TestParquetTimestampsHive2Compatibility" time="0"/>
  <testcase name="testWriteHive4UsingLegacyConversionReadHive2(String)[1412]" classname="org.apache.hadoop.hive.ql.io.parquet.serde.TestParquetTimestampsHive2Compatibility" time="0"/>
  <testcase name="testWriteHive4UsingLegacyConversionReadHive2(String)[1413]" classname="org.apache.hadoop.hive.ql.io.parquet.serde.TestParquetTimestampsHive2Compatibility" time="0.001"/>
  <testcase name="testWriteHive4UsingLegacyConversionReadHive2(String)[1414]" classname="org.apache.hadoop.hive.ql.io.parquet.serde.TestParquetTimestampsHive2Compatibility" time="0"/>
  <testcase name="testWriteHive4UsingLegacyConversionReadHive2(String)[1415]" classname="org.apache.hadoop.hive.ql.io.parquet.serde.TestParquetTimestampsHive2Compatibility" time="0"/>
  <testcase name="testWriteHive4UsingLegacyConversionReadHive2(String)[1416]" classname="org.apache.hadoop.hive.ql.io.parquet.serde.TestParquetTimestampsHive2Compatibility" time="0"/>
  <testcase name="testWriteHive4UsingLegacyConversionReadHive2(String)[1417]" classname="org.apache.hadoop.hive.ql.io.parquet.serde.TestParquetTimestampsHive2Compatibility" time="0"/>
  <testcase name="testWriteHive4UsingLegacyConversionReadHive2(String)[1418]" classname="org.apache.hadoop.hive.ql.io.parquet.serde.TestParquetTimestampsHive2Compatibility" time="0"/>
  <testcase name="testWriteHive4UsingLegacyConversionReadHive2(String)[1419]" classname="org.apache.hadoop.hive.ql.io.parquet.serde.TestParquetTimestampsHive2Compatibility" time="0"/>
  <testcase name="testWriteHive4UsingLegacyConversionReadHive2(String)[1420]" classname="org.apache.hadoop.hive.ql.io.parquet.serde.TestParquetTimestampsHive2Compatibility" time="0"/>
  <testcase name="testWriteHive4UsingLegacyConversionReadHive2(String)[1421]" classname="org.apache.hadoop.hive.ql.io.parquet.serde.TestParquetTimestampsHive2Compatibility" time="0"/>
  <testcase name="testWriteHive4UsingLegacyConversionReadHive2(String)[1422]" classname="org.apache.hadoop.hive.ql.io.parquet.serde.TestParquetTimestampsHive2Compatibility" time="0"/>
  <testcase name="testWriteHive4UsingLegacyConversionReadHive2(String)[1423]" classname="org.apache.hadoop.hive.ql.io.parquet.serde.TestParquetTimestampsHive2Compatibility" time="0"/>
  <testcase name="testWriteHive4UsingLegacyConversionReadHive2(String)[1424]" classname="org.apache.hadoop.hive.ql.io.parquet.serde.TestParquetTimestampsHive2Compatibility" time="0"/>
  <testcase name="testWriteHive4UsingLegacyConversionReadHive2(String)[1425]" classname="org.apache.hadoop.hive.ql.io.parquet.serde.TestParquetTimestampsHive2Compatibility" time="0"/>
  <testcase name="testWriteHive4UsingLegacyConversionReadHive2(String)[1426]" classname="org.apache.hadoop.hive.ql.io.parquet.serde.TestParquetTimestampsHive2Compatibility" time="0"/>
  <testcase name="testWriteHive4UsingLegacyConversionReadHive2(String)[1427]" classname="org.apache.hadoop.hive.ql.io.parquet.serde.TestParquetTimestampsHive2Compatibility" time="0"/>
  <testcase name="testWriteHive4UsingLegacyConversionReadHive2(String)[1428]" classname="org.apache.hadoop.hive.ql.io.parquet.serde.TestParquetTimestampsHive2Compatibility" time="0"/>
  <testcase name="testWriteHive4UsingLegacyConversionReadHive2(String)[1429]" classname="org.apache.hadoop.hive.ql.io.parquet.serde.TestParquetTimestampsHive2Compatibility" time="0"/>
  <testcase name="testWriteHive4UsingLegacyConversionReadHive2(String)[1430]" classname="org.apache.hadoop.hive.ql.io.parquet.serde.TestParquetTimestampsHive2Compatibility" time="0"/>
  <testcase name="testWriteHive4UsingLegacyConversionReadHive2(String)[1431]" classname="org.apache.hadoop.hive.ql.io.parquet.serde.TestParquetTimestampsHive2Compatibility" time="0"/>
  <testcase name="testWriteHive4UsingLegacyConversionReadHive2(String)[1432]" classname="org.apache.hadoop.hive.ql.io.parquet.serde.TestParquetTimestampsHive2Compatibility" time="0"/>
  <testcase name="testWriteHive4UsingLegacyConversionReadHive2(String)[1433]" classname="org.apache.hadoop.hive.ql.io.parquet.serde.TestParquetTimestampsHive2Compatibility" time="0"/>
  <testcase name="testWriteHive4UsingLegacyConversionReadHive2(String)[1434]" classname="org.apache.hadoop.hive.ql.io.parquet.serde.TestParquetTimestampsHive2Compatibility" time="0"/>
  <testcase name="testWriteHive4UsingLegacyConversionReadHive2(String)[1435]" classname="org.apache.hadoop.hive.ql.io.parquet.serde.TestParquetTimestampsHive2Compatibility" time="0"/>
  <testcase name="testWriteHive4UsingLegacyConversionReadHive2(String)[1436]" classname="org.apache.hadoop.hive.ql.io.parquet.serde.TestParquetTimestampsHive2Compatibility" time="0"/>
  <testcase name="testWriteHive4UsingLegacyConversionReadHive2(String)[1437]" classname="org.apache.hadoop.hive.ql.io.parquet.serde.TestParquetTimestampsHive2Compatibility" time="0"/>
  <testcase name="testWriteHive4UsingLegacyConversionReadHive2(String)[1438]" classname="org.apache.hadoop.hive.ql.io.parquet.serde.TestParquetTimestampsHive2Compatibility" time="0"/>
  <testcase name="testWriteHive4UsingLegacyConversionReadHive2(String)[1439]" classname="org.apache.hadoop.hive.ql.io.parquet.serde.TestParquetTimestampsHive2Compatibility" time="0"/>
  <testcase name="testWriteHive4UsingLegacyConversionReadHive2(String)[1440]" classname="org.apache.hadoop.hive.ql.io.parquet.serde.TestParquetTimestampsHive2Compatibility" time="0"/>
  <testcase name="testWriteHive4UsingLegacyConversionReadHive2(String)[1441]" classname="org.apache.hadoop.hive.ql.io.parquet.serde.TestParquetTimestampsHive2Compatibility" time="0"/>
  <testcase name="testWriteHive4UsingLegacyConversionReadHive2(String)[1442]" classname="org.apache.hadoop.hive.ql.io.parquet.serde.TestParquetTimestampsHive2Compatibility" time="0.001"/>
  <testcase name="testWriteHive4UsingLegacyConversionReadHive2(String)[1443]" classname="org.apache.hadoop.hive.ql.io.parquet.serde.TestParquetTimestampsHive2Compatibility" time="0"/>
  <testcase name="testWriteHive4UsingLegacyConversionReadHive2(String)[1444]" classname="org.apache.hadoop.hive.ql.io.parquet.serde.TestParquetTimestampsHive2Compatibility" time="0"/>
  <testcase name="testWriteHive4UsingLegacyConversionReadHive2(String)[1445]" classname="org.apache.hadoop.hive.ql.io.parquet.serde.TestParquetTimestampsHive2Compatibility" time="0"/>
  <testcase name="testWriteHive4UsingLegacyConversionReadHive2(String)[1446]" classname="org.apache.hadoop.hive.ql.io.parquet.serde.TestParquetTimestampsHive2Compatibility" time="0"/>
  <testcase name="testWriteHive4UsingLegacyConversionReadHive2(String)[1447]" classname="org.apache.hadoop.hive.ql.io.parquet.serde.TestParquetTimestampsHive2Compatibility" time="0"/>
  <testcase name="testWriteHive4UsingLegacyConversionReadHive2(String)[1448]" classname="org.apache.hadoop.hive.ql.io.parquet.serde.TestParquetTimestampsHive2Compatibility" time="0.001"/>
  <testcase name="testWriteHive4UsingLegacyConversionReadHive2(String)[1449]" classname="org.apache.hadoop.hive.ql.io.parquet.serde.TestParquetTimestampsHive2Compatibility" time="0"/>
  <testcase name="testWriteHive4UsingLegacyConversionReadHive2(String)[1450]" classname="org.apache.hadoop.hive.ql.io.parquet.serde.TestParquetTimestampsHive2Compatibility" time="0"/>
  <testcase name="testWriteHive4UsingLegacyConversionReadHive2(String)[1451]" classname="org.apache.hadoop.hive.ql.io.parquet.serde.TestParquetTimestampsHive2Compatibility" time="0"/>
  <testcase name="testWriteHive4UsingLegacyConversionReadHive2(String)[1452]" classname="org.apache.hadoop.hive.ql.io.parquet.serde.TestParquetTimestampsHive2Compatibility" time="0"/>
  <testcase name="testWriteHive4UsingLegacyConversionReadHive2(String)[1453]" classname="org.apache.hadoop.hive.ql.io.parquet.serde.TestParquetTimestampsHive2Compatibility" time="0"/>
  <testcase name="testWriteHive4UsingLegacyConversionReadHive2(String)[1454]" classname="org.apache.hadoop.hive.ql.io.parquet.serde.TestParquetTimestampsHive2Compatibility" time="0.001"/>
  <testcase name="testWriteHive4UsingLegacyConversionReadHive2(String)[1455]" classname="org.apache.hadoop.hive.ql.io.parquet.serde.TestParquetTimestampsHive2Compatibility" time="0"/>
  <testcase name="testWriteHive4UsingLegacyConversionReadHive2(String)[1456]" classname="org.apache.hadoop.hive.ql.io.parquet.serde.TestParquetTimestampsHive2Compatibility" time="0"/>
  <testcase name="testWriteHive4UsingLegacyConversionReadHive2(String)[1457]" classname="org.apache.hadoop.hive.ql.io.parquet.serde.TestParquetTimestampsHive2Compatibility" time="0"/>
  <testcase name="testWriteHive4UsingLegacyConversionReadHive2(String)[1458]" classname="org.apache.hadoop.hive.ql.io.parquet.serde.TestParquetTimestampsHive2Compatibility" time="0"/>
  <testcase name="testWriteHive4UsingLegacyConversionReadHive2(String)[1459]" classname="org.apache.hadoop.hive.ql.io.parquet.serde.TestParquetTimestampsHive2Compatibility" time="0"/>
  <testcase name="testWriteHive4UsingLegacyConversionReadHive2(String)[1460]" classname="org.apache.hadoop.hive.ql.io.parquet.serde.TestParquetTimestampsHive2Compatibility" time="0.001"/>
  <testcase name="testWriteHive4UsingLegacyConversionReadHive2(String)[1461]" classname="org.apache.hadoop.hive.ql.io.parquet.serde.TestParquetTimestampsHive2Compatibility" time="0"/>
  <testcase name="testWriteHive4UsingLegacyConversionReadHive2(String)[1462]" classname="org.apache.hadoop.hive.ql.io.parquet.serde.TestParquetTimestampsHive2Compatibility" time="0"/>
  <testcase name="testWriteHive4UsingLegacyConversionReadHive2(String)[1463]" classname="org.apache.hadoop.hive.ql.io.parquet.serde.TestParquetTimestampsHive2Compatibility" time="0"/>
  <testcase name="testWriteHive4UsingLegacyConversionReadHive2(String)[1464]" classname="org.apache.hadoop.hive.ql.io.parquet.serde.TestParquetTimestampsHive2Compatibility" time="0"/>
  <testcase name="testWriteHive4UsingLegacyConversionReadHive2(String)[1465]" classname="org.apache.hadoop.hive.ql.io.parquet.serde.TestParquetTimestampsHive2Compatibility" time="0"/>
  <testcase name="testWriteHive4UsingLegacyConversionReadHive2(String)[1466]" classname="org.apache.hadoop.hive.ql.io.parquet.serde.TestParquetTimestampsHive2Compatibility" time="0.001"/>
  <testcase name="testWriteHive4UsingLegacyConversionReadHive2(String)[1467]" classname="org.apache.hadoop.hive.ql.io.parquet.serde.TestParquetTimestampsHive2Compatibility" time="0"/>
  <testcase name="testWriteHive4UsingLegacyConversionReadHive2(String)[1468]" classname="org.apache.hadoop.hive.ql.io.parquet.serde.TestParquetTimestampsHive2Compatibility" time="0"/>
  <testcase name="testWriteHive4UsingLegacyConversionReadHive2(String)[1469]" classname="org.apache.hadoop.hive.ql.io.parquet.serde.TestParquetTimestampsHive2Compatibility" time="0"/>
  <testcase name="testWriteHive4UsingLegacyConversionReadHive2(String)[1470]" classname="org.apache.hadoop.hive.ql.io.parquet.serde.TestParquetTimestampsHive2Compatibility" time="0"/>
  <testcase name="testWriteHive4UsingLegacyConversionReadHive2(String)[1471]" classname="org.apache.hadoop.hive.ql.io.parquet.serde.TestParquetTimestampsHive2Compatibility" time="0"/>
  <testcase name="testWriteHive4UsingLegacyConversionReadHive2(String)[1472]" classname="org.apache.hadoop.hive.ql.io.parquet.serde.TestParquetTimestampsHive2Compatibility" time="0.001"/>
  <testcase name="testWriteHive4UsingLegacyConversionReadHive2(String)[1473]" classname="org.apache.hadoop.hive.ql.io.parquet.serde.TestParquetTimestampsHive2Compatibility" time="0"/>
  <testcase name="testWriteHive4UsingLegacyConversionReadHive2(String)[1474]" classname="org.apache.hadoop.hive.ql.io.parquet.serde.TestParquetTimestampsHive2Compatibility" time="0"/>
  <testcase name="testWriteHive4UsingLegacyConversionReadHive2(String)[1475]" classname="org.apache.hadoop.hive.ql.io.parquet.serde.TestParquetTimestampsHive2Compatibility" time="0"/>
  <testcase name="testWriteHive4UsingLegacyConversionReadHive2(String)[1476]" classname="org.apache.hadoop.hive.ql.io.parquet.serde.TestParquetTimestampsHive2Compatibility" time="0"/>
  <testcase name="testWriteHive4UsingLegacyConversionReadHive2(String)[1477]" classname="org.apache.hadoop.hive.ql.io.parquet.serde.TestParquetTimestampsHive2Compatibility" time="0"/>
  <testcase name="testWriteHive4UsingLegacyConversionReadHive2(String)[1478]" classname="org.apache.hadoop.hive.ql.io.parquet.serde.TestParquetTimestampsHive2Compatibility" time="0.001"/>
  <testcase name="testWriteHive4UsingLegacyConversionReadHive2(String)[1479]" classname="org.apache.hadoop.hive.ql.io.parquet.serde.TestParquetTimestampsHive2Compatibility" time="0"/>
  <testcase name="testWriteHive4UsingLegacyConversionReadHive2(String)[1480]" classname="org.apache.hadoop.hive.ql.io.parquet.serde.TestParquetTimestampsHive2Compatibility" time="0"/>
  <testcase name="testWriteHive4UsingLegacyConversionReadHive2(String)[1481]" classname="org.apache.hadoop.hive.ql.io.parquet.serde.TestParquetTimestampsHive2Compatibility" time="0"/>
  <testcase name="testWriteHive4UsingLegacyConversionReadHive2(String)[1482]" classname="org.apache.hadoop.hive.ql.io.parquet.serde.TestParquetTimestampsHive2Compatibility" time="0"/>
  <testcase name="testWriteHive4UsingLegacyConversionReadHive2(String)[1483]" classname="org.apache.hadoop.hive.ql.io.parquet.serde.TestParquetTimestampsHive2Compatibility" time="0"/>
  <testcase name="testWriteHive4UsingLegacyConversionReadHive2(String)[1484]" classname="org.apache.hadoop.hive.ql.io.parquet.serde.TestParquetTimestampsHive2Compatibility" time="0.001"/>
  <testcase name="testWriteHive4UsingLegacyConversionReadHive2(String)[1485]" classname="org.apache.hadoop.hive.ql.io.parquet.serde.TestParquetTimestampsHive2Compatibility" time="0"/>
  <testcase name="testWriteHive4UsingLegacyConversionReadHive2(String)[1486]" classname="org.apache.hadoop.hive.ql.io.parquet.serde.TestParquetTimestampsHive2Compatibility" time="0"/>
  <testcase name="testWriteHive4UsingLegacyConversionReadHive2(String)[1487]" classname="org.apache.hadoop.hive.ql.io.parquet.serde.TestParquetTimestampsHive2Compatibility" time="0"/>
  <testcase name="testWriteHive4UsingLegacyConversionReadHive2(String)[1488]" classname="org.apache.hadoop.hive.ql.io.parquet.serde.TestParquetTimestampsHive2Compatibility" time="0"/>
  <testcase name="testWriteHive4UsingLegacyConversionReadHive2(String)[1489]" classname="org.apache.hadoop.hive.ql.io.parquet.serde.TestParquetTimestampsHive2Compatibility" time="0"/>
  <testcase name="testWriteHive4UsingLegacyConversionReadHive2(String)[1490]" classname="org.apache.hadoop.hive.ql.io.parquet.serde.TestParquetTimestampsHive2Compatibility" time="0"/>
  <testcase name="testWriteHive4UsingLegacyConversionReadHive2(String)[1491]" classname="org.apache.hadoop.hive.ql.io.parquet.serde.TestParquetTimestampsHive2Compatibility" time="0"/>
  <testcase name="testWriteHive4UsingLegacyConversionReadHive2(String)[1492]" classname="org.apache.hadoop.hive.ql.io.parquet.serde.TestParquetTimestampsHive2Compatibility" time="0"/>
  <testcase name="testWriteHive4UsingLegacyConversionReadHive2(String)[1493]" classname="org.apache.hadoop.hive.ql.io.parquet.serde.TestParquetTimestampsHive2Compatibility" time="0"/>
  <testcase name="testWriteHive4UsingLegacyConversionReadHive2(String)[1494]" classname="org.apache.hadoop.hive.ql.io.parquet.serde.TestParquetTimestampsHive2Compatibility" time="0"/>
  <testcase name="testWriteHive4UsingLegacyConversionReadHive2(String)[1495]" classname="org.apache.hadoop.hive.ql.io.parquet.serde.TestParquetTimestampsHive2Compatibility" time="0"/>
  <testcase name="testWriteHive4UsingLegacyConversionReadHive2(String)[1496]" classname="org.apache.hadoop.hive.ql.io.parquet.serde.TestParquetTimestampsHive2Compatibility" time="0"/>
  <testcase name="testWriteHive4UsingLegacyConversionReadHive2(String)[1497]" classname="org.apache.hadoop.hive.ql.io.parquet.serde.TestParquetTimestampsHive2Compatibility" time="0"/>
  <testcase name="testWriteHive4UsingLegacyConversionReadHive2(String)[1498]" classname="org.apache.hadoop.hive.ql.io.parquet.serde.TestParquetTimestampsHive2Compatibility" time="0"/>
  <testcase name="testWriteHive4UsingLegacyConversionReadHive2(String)[1499]" classname="org.apache.hadoop.hive.ql.io.parquet.serde.TestParquetTimestampsHive2Compatibility" time="0"/>
  <testcase name="testWriteHive4UsingLegacyConversionReadHive2(String)[1500]" classname="org.apache.hadoop.hive.ql.io.parquet.serde.TestParquetTimestampsHive2Compatibility" time="0"/>
  <testcase name="testWriteHive4UsingLegacyConversionReadHive2(String)[1501]" classname="org.apache.hadoop.hive.ql.io.parquet.serde.TestParquetTimestampsHive2Compatibility" time="0.001"/>
  <testcase name="testWriteHive4UsingLegacyConversionReadHive2(String)[1502]" classname="org.apache.hadoop.hive.ql.io.parquet.serde.TestParquetTimestampsHive2Compatibility" time="0"/>
  <testcase name="testWriteHive4UsingLegacyConversionReadHive2(String)[1503]" classname="org.apache.hadoop.hive.ql.io.parquet.serde.TestParquetTimestampsHive2Compatibility" time="0"/>
  <testcase name="testWriteHive4UsingLegacyConversionReadHive2(String)[1504]" classname="org.apache.hadoop.hive.ql.io.parquet.serde.TestParquetTimestampsHive2Compatibility" time="0"/>
  <testcase name="testWriteHive4UsingLegacyConversionReadHive2(String)[1505]" classname="org.apache.hadoop.hive.ql.io.parquet.serde.TestParquetTimestampsHive2Compatibility" time="0"/>
  <testcase name="testWriteHive4UsingLegacyConversionReadHive2(String)[1506]" classname="org.apache.hadoop.hive.ql.io.parquet.serde.TestParquetTimestampsHive2Compatibility" time="0"/>
  <testcase name="testWriteHive4UsingLegacyConversionReadHive2(String)[1507]" classname="org.apache.hadoop.hive.ql.io.parquet.serde.TestParquetTimestampsHive2Compatibility" time="0"/>
  <testcase name="testWriteHive4UsingLegacyConversionReadHive2(String)[1508]" classname="org.apache.hadoop.hive.ql.io.parquet.serde.TestParquetTimestampsHive2Compatibility" time="0"/>
  <testcase name="testWriteHive4UsingLegacyConversionReadHive2(String)[1509]" classname="org.apache.hadoop.hive.ql.io.parquet.serde.TestParquetTimestampsHive2Compatibility" time="0"/>
  <testcase name="testWriteHive4UsingLegacyConversionReadHive2(String)[1510]" classname="org.apache.hadoop.hive.ql.io.parquet.serde.TestParquetTimestampsHive2Compatibility" time="0"/>
  <testcase name="testWriteHive4UsingLegacyConversionReadHive2(String)[1511]" classname="org.apache.hadoop.hive.ql.io.parquet.serde.TestParquetTimestampsHive2Compatibility" time="0"/>
  <testcase name="testWriteHive4UsingLegacyConversionReadHive2(String)[1512]" classname="org.apache.hadoop.hive.ql.io.parquet.serde.TestParquetTimestampsHive2Compatibility" time="0"/>
  <testcase name="testWriteHive4UsingLegacyConversionReadHive2(String)[1513]" classname="org.apache.hadoop.hive.ql.io.parquet.serde.TestParquetTimestampsHive2Compatibility" time="0"/>
  <testcase name="testWriteHive4UsingLegacyConversionReadHive2(String)[1514]" classname="org.apache.hadoop.hive.ql.io.parquet.serde.TestParquetTimestampsHive2Compatibility" time="0"/>
  <testcase name="testWriteHive4UsingLegacyConversionReadHive2(String)[1515]" classname="org.apache.hadoop.hive.ql.io.parquet.serde.TestParquetTimestampsHive2Compatibility" time="0"/>
  <testcase name="testWriteHive4UsingLegacyConversionReadHive2(String)[1516]" classname="org.apache.hadoop.hive.ql.io.parquet.serde.TestParquetTimestampsHive2Compatibility" time="0"/>
  <testcase name="testWriteHive4UsingLegacyConversionReadHive2(String)[1517]" classname="org.apache.hadoop.hive.ql.io.parquet.serde.TestParquetTimestampsHive2Compatibility" time="0"/>
  <testcase name="testWriteHive4UsingLegacyConversionReadHive2(String)[1518]" classname="org.apache.hadoop.hive.ql.io.parquet.serde.TestParquetTimestampsHive2Compatibility" time="0.001"/>
  <testcase name="testWriteHive4UsingLegacyConversionReadHive2(String)[1519]" classname="org.apache.hadoop.hive.ql.io.parquet.serde.TestParquetTimestampsHive2Compatibility" time="0"/>
  <testcase name="testWriteHive4UsingLegacyConversionReadHive2(String)[1520]" classname="org.apache.hadoop.hive.ql.io.parquet.serde.TestParquetTimestampsHive2Compatibility" time="0"/>
  <testcase name="testWriteHive4UsingLegacyConversionReadHive2(String)[1521]" classname="org.apache.hadoop.hive.ql.io.parquet.serde.TestParquetTimestampsHive2Compatibility" time="0"/>
  <testcase name="testWriteHive4UsingLegacyConversionReadHive2(String)[1522]" classname="org.apache.hadoop.hive.ql.io.parquet.serde.TestParquetTimestampsHive2Compatibility" time="0"/>
  <testcase name="testWriteHive4UsingLegacyConversionReadHive2(String)[1523]" classname="org.apache.hadoop.hive.ql.io.parquet.serde.TestParquetTimestampsHive2Compatibility" time="0"/>
  <testcase name="testWriteHive4UsingLegacyConversionReadHive2(String)[1524]" classname="org.apache.hadoop.hive.ql.io.parquet.serde.TestParquetTimestampsHive2Compatibility" time="0"/>
  <testcase name="testWriteHive4UsingLegacyConversionReadHive2(String)[1525]" classname="org.apache.hadoop.hive.ql.io.parquet.serde.TestParquetTimestampsHive2Compatibility" time="0"/>
  <testcase name="testWriteHive4UsingLegacyConversionReadHive2(String)[1526]" classname="org.apache.hadoop.hive.ql.io.parquet.serde.TestParquetTimestampsHive2Compatibility" time="0"/>
  <testcase name="testWriteHive4UsingLegacyConversionReadHive2(String)[1527]" classname="org.apache.hadoop.hive.ql.io.parquet.serde.TestParquetTimestampsHive2Compatibility" time="0"/>
  <testcase name="testWriteHive4UsingLegacyConversionReadHive2(String)[1528]" classname="org.apache.hadoop.hive.ql.io.parquet.serde.TestParquetTimestampsHive2Compatibility" time="0"/>
  <testcase name="testWriteHive4UsingLegacyConversionReadHive2(String)[1529]" classname="org.apache.hadoop.hive.ql.io.parquet.serde.TestParquetTimestampsHive2Compatibility" time="0"/>
  <testcase name="testWriteHive4UsingLegacyConversionReadHive2(String)[1530]" classname="org.apache.hadoop.hive.ql.io.parquet.serde.TestParquetTimestampsHive2Compatibility" time="0"/>
  <testcase name="testWriteHive4UsingLegacyConversionReadHive2(String)[1531]" classname="org.apache.hadoop.hive.ql.io.parquet.serde.TestParquetTimestampsHive2Compatibility" time="0"/>
  <testcase name="testWriteHive4UsingLegacyConversionReadHive2(String)[1532]" classname="org.apache.hadoop.hive.ql.io.parquet.serde.TestParquetTimestampsHive2Compatibility" time="0"/>
  <testcase name="testWriteHive4UsingLegacyConversionReadHive2(String)[1533]" classname="org.apache.hadoop.hive.ql.io.parquet.serde.TestParquetTimestampsHive2Compatibility" time="0"/>
  <testcase name="testWriteHive4UsingLegacyConversionReadHive2(String)[1534]" classname="org.apache.hadoop.hive.ql.io.parquet.serde.TestParquetTimestampsHive2Compatibility" time="0"/>
  <testcase name="testWriteHive4UsingLegacyConversionReadHive2(String)[1535]" classname="org.apache.hadoop.hive.ql.io.parquet.serde.TestParquetTimestampsHive2Compatibility" time="0.001"/>
  <testcase name="testWriteHive4UsingLegacyConversionReadHive2(String)[1536]" classname="org.apache.hadoop.hive.ql.io.parquet.serde.TestParquetTimestampsHive2Compatibility" time="0"/>
  <testcase name="testWriteHive4UsingLegacyConversionReadHive2(String)[1537]" classname="org.apache.hadoop.hive.ql.io.parquet.serde.TestParquetTimestampsHive2Compatibility" time="0"/>
  <testcase name="testWriteHive4UsingLegacyConversionReadHive2(String)[1538]" classname="org.apache.hadoop.hive.ql.io.parquet.serde.TestParquetTimestampsHive2Compatibility" time="0"/>
  <testcase name="testWriteHive4UsingLegacyConversionReadHive2(String)[1539]" classname="org.apache.hadoop.hive.ql.io.parquet.serde.TestParquetTimestampsHive2Compatibility" time="0"/>
  <testcase name="testWriteHive4UsingLegacyConversionReadHive2(String)[1540]" classname="org.apache.hadoop.hive.ql.io.parquet.serde.TestParquetTimestampsHive2Compatibility" time="0"/>
  <testcase name="testWriteHive4UsingLegacyConversionReadHive2(String)[1541]" classname="org.apache.hadoop.hive.ql.io.parquet.serde.TestParquetTimestampsHive2Compatibility" time="0"/>
  <testcase name="testWriteHive4UsingLegacyConversionReadHive2(String)[1542]" classname="org.apache.hadoop.hive.ql.io.parquet.serde.TestParquetTimestampsHive2Compatibility" time="0"/>
  <testcase name="testWriteHive4UsingLegacyConversionReadHive2(String)[1543]" classname="org.apache.hadoop.hive.ql.io.parquet.serde.TestParquetTimestampsHive2Compatibility" time="0"/>
  <testcase name="testWriteHive4UsingLegacyConversionReadHive2(String)[1544]" classname="org.apache.hadoop.hive.ql.io.parquet.serde.TestParquetTimestampsHive2Compatibility" time="0"/>
  <testcase name="testWriteHive4UsingLegacyConversionReadHive2(String)[1545]" classname="org.apache.hadoop.hive.ql.io.parquet.serde.TestParquetTimestampsHive2Compatibility" time="0"/>
  <testcase name="testWriteHive4UsingLegacyConversionReadHive2(String)[1546]" classname="org.apache.hadoop.hive.ql.io.parquet.serde.TestParquetTimestampsHive2Compatibility" time="0"/>
  <testcase name="testWriteHive4UsingLegacyConversionReadHive2(String)[1547]" classname="org.apache.hadoop.hive.ql.io.parquet.serde.TestParquetTimestampsHive2Compatibility" time="0"/>
  <testcase name="testWriteHive4UsingLegacyConversionReadHive2(String)[1548]" classname="org.apache.hadoop.hive.ql.io.parquet.serde.TestParquetTimestampsHive2Compatibility" time="0"/>
  <testcase name="testWriteHive4UsingLegacyConversionReadHive2(String)[1549]" classname="org.apache.hadoop.hive.ql.io.parquet.serde.TestParquetTimestampsHive2Compatibility" time="0"/>
  <testcase name="testWriteHive4UsingLegacyConversionReadHive2(String)[1550]" classname="org.apache.hadoop.hive.ql.io.parquet.serde.TestParquetTimestampsHive2Compatibility" time="0"/>
  <testcase name="testWriteHive4UsingLegacyConversionReadHive2(String)[1551]" classname="org.apache.hadoop.hive.ql.io.parquet.serde.TestParquetTimestampsHive2Compatibility" time="0.001"/>
  <testcase name="testWriteHive4UsingLegacyConversionReadHive2(String)[1552]" classname="org.apache.hadoop.hive.ql.io.parquet.serde.TestParquetTimestampsHive2Compatibility" time="0"/>
  <testcase name="testWriteHive4UsingLegacyConversionReadHive2(String)[1553]" classname="org.apache.hadoop.hive.ql.io.parquet.serde.TestParquetTimestampsHive2Compatibility" time="0"/>
  <testcase name="testWriteHive4UsingLegacyConversionReadHive2(String)[1554]" classname="org.apache.hadoop.hive.ql.io.parquet.serde.TestParquetTimestampsHive2Compatibility" time="0"/>
  <testcase name="testWriteHive4UsingLegacyConversionReadHive2(String)[1555]" classname="org.apache.hadoop.hive.ql.io.parquet.serde.TestParquetTimestampsHive2Compatibility" time="0"/>
  <testcase name="testWriteHive4UsingLegacyConversionReadHive2(String)[1556]" classname="org.apache.hadoop.hive.ql.io.parquet.serde.TestParquetTimestampsHive2Compatibility" time="0"/>
  <testcase name="testWriteHive4UsingLegacyConversionReadHive2(String)[1557]" classname="org.apache.hadoop.hive.ql.io.parquet.serde.TestParquetTimestampsHive2Compatibility" time="0"/>
  <testcase name="testWriteHive4UsingLegacyConversionReadHive2(String)[1558]" classname="org.apache.hadoop.hive.ql.io.parquet.serde.TestParquetTimestampsHive2Compatibility" time="0"/>
  <testcase name="testWriteHive4UsingLegacyConversionReadHive2(String)[1559]" classname="org.apache.hadoop.hive.ql.io.parquet.serde.TestParquetTimestampsHive2Compatibility" time="0"/>
  <testcase name="testWriteHive4UsingLegacyConversionReadHive2(String)[1560]" classname="org.apache.hadoop.hive.ql.io.parquet.serde.TestParquetTimestampsHive2Compatibility" time="0"/>
  <testcase name="testWriteHive4UsingLegacyConversionReadHive2(String)[1561]" classname="org.apache.hadoop.hive.ql.io.parquet.serde.TestParquetTimestampsHive2Compatibility" time="0"/>
  <testcase name="testWriteHive4UsingLegacyConversionReadHive2(String)[1562]" classname="org.apache.hadoop.hive.ql.io.parquet.serde.TestParquetTimestampsHive2Compatibility" time="0"/>
  <testcase name="testWriteHive4UsingLegacyConversionReadHive2(String)[1563]" classname="org.apache.hadoop.hive.ql.io.parquet.serde.TestParquetTimestampsHive2Compatibility" time="0"/>
  <testcase name="testWriteHive4UsingLegacyConversionReadHive2(String)[1564]" classname="org.apache.hadoop.hive.ql.io.parquet.serde.TestParquetTimestampsHive2Compatibility" time="0"/>
  <testcase name="testWriteHive4UsingLegacyConversionReadHive2(String)[1565]" classname="org.apache.hadoop.hive.ql.io.parquet.serde.TestParquetTimestampsHive2Compatibility" time="0"/>
  <testcase name="testWriteHive4UsingLegacyConversionReadHive2(String)[1566]" classname="org.apache.hadoop.hive.ql.io.parquet.serde.TestParquetTimestampsHive2Compatibility" time="0"/>
  <testcase name="testWriteHive4UsingLegacyConversionReadHive2(String)[1567]" classname="org.apache.hadoop.hive.ql.io.parquet.serde.TestParquetTimestampsHive2Compatibility" time="0"/>
  <testcase name="testWriteHive4UsingLegacyConversionReadHive2(String)[1568]" classname="org.apache.hadoop.hive.ql.io.parquet.serde.TestParquetTimestampsHive2Compatibility" time="0.001"/>
  <testcase name="testWriteHive4UsingLegacyConversionReadHive2(String)[1569]" classname="org.apache.hadoop.hive.ql.io.parquet.serde.TestParquetTimestampsHive2Compatibility" time="0"/>
  <testcase name="testWriteHive4UsingLegacyConversionReadHive2(String)[1570]" classname="org.apache.hadoop.hive.ql.io.parquet.serde.TestParquetTimestampsHive2Compatibility" time="0"/>
  <testcase name="testWriteHive4UsingLegacyConversionReadHive2(String)[1571]" classname="org.apache.hadoop.hive.ql.io.parquet.serde.TestParquetTimestampsHive2Compatibility" time="0"/>
  <testcase name="testWriteHive4UsingLegacyConversionReadHive2(String)[1572]" classname="org.apache.hadoop.hive.ql.io.parquet.serde.TestParquetTimestampsHive2Compatibility" time="0"/>
  <testcase name="testWriteHive4UsingLegacyConversionReadHive2(String)[1573]" classname="org.apache.hadoop.hive.ql.io.parquet.serde.TestParquetTimestampsHive2Compatibility" time="0"/>
  <testcase name="testWriteHive4UsingLegacyConversionReadHive2(String)[1574]" classname="org.apache.hadoop.hive.ql.io.parquet.serde.TestParquetTimestampsHive2Compatibility" time="0"/>
  <testcase name="testWriteHive4UsingLegacyConversionReadHive2(String)[1575]" classname="org.apache.hadoop.hive.ql.io.parquet.serde.TestParquetTimestampsHive2Compatibility" time="0"/>
  <testcase name="testWriteHive4UsingLegacyConversionReadHive2(String)[1576]" classname="org.apache.hadoop.hive.ql.io.parquet.serde.TestParquetTimestampsHive2Compatibility" time="0"/>
  <testcase name="testWriteHive4UsingLegacyConversionReadHive2(String)[1577]" classname="org.apache.hadoop.hive.ql.io.parquet.serde.TestParquetTimestampsHive2Compatibility" time="0"/>
  <testcase name="testWriteHive4UsingLegacyConversionReadHive2(String)[1578]" classname="org.apache.hadoop.hive.ql.io.parquet.serde.TestParquetTimestampsHive2Compatibility" time="0"/>
  <testcase name="testWriteHive4UsingLegacyConversionReadHive2(String)[1579]" classname="org.apache.hadoop.hive.ql.io.parquet.serde.TestParquetTimestampsHive2Compatibility" time="0.001"/>
  <testcase name="testWriteHive4UsingLegacyConversionReadHive2(String)[1580]" classname="org.apache.hadoop.hive.ql.io.parquet.serde.TestParquetTimestampsHive2Compatibility" time="0"/>
  <testcase name="testWriteHive4UsingLegacyConversionReadHive2(String)[1581]" classname="org.apache.hadoop.hive.ql.io.parquet.serde.TestParquetTimestampsHive2Compatibility" time="0"/>
  <testcase name="testWriteHive4UsingLegacyConversionReadHive2(String)[1582]" classname="org.apache.hadoop.hive.ql.io.parquet.serde.TestParquetTimestampsHive2Compatibility" time="0"/>
  <testcase name="testWriteHive4UsingLegacyConversionReadHive2(String)[1583]" classname="org.apache.hadoop.hive.ql.io.parquet.serde.TestParquetTimestampsHive2Compatibility" time="0"/>
  <testcase name="testWriteHive4UsingLegacyConversionReadHive2(String)[1584]" classname="org.apache.hadoop.hive.ql.io.parquet.serde.TestParquetTimestampsHive2Compatibility" time="0"/>
  <testcase name="testWriteHive4UsingLegacyConversionReadHive2(String)[1585]" classname="org.apache.hadoop.hive.ql.io.parquet.serde.TestParquetTimestampsHive2Compatibility" time="0"/>
  <testcase name="testWriteHive4UsingLegacyConversionReadHive2(String)[1586]" classname="org.apache.hadoop.hive.ql.io.parquet.serde.TestParquetTimestampsHive2Compatibility" time="0"/>
  <testcase name="testWriteHive4UsingLegacyConversionReadHive2(String)[1587]" classname="org.apache.hadoop.hive.ql.io.parquet.serde.TestParquetTimestampsHive2Compatibility" time="0"/>
  <testcase name="testWriteHive4UsingLegacyConversionReadHive2(String)[1588]" classname="org.apache.hadoop.hive.ql.io.parquet.serde.TestParquetTimestampsHive2Compatibility" time="0"/>
  <testcase name="testWriteHive4UsingLegacyConversionReadHive2(String)[1589]" classname="org.apache.hadoop.hive.ql.io.parquet.serde.TestParquetTimestampsHive2Compatibility" time="0"/>
  <testcase name="testWriteHive4UsingLegacyConversionReadHive2(String)[1590]" classname="org.apache.hadoop.hive.ql.io.parquet.serde.TestParquetTimestampsHive2Compatibility" time="0.001"/>
  <testcase name="testWriteHive4UsingLegacyConversionReadHive2(String)[1591]" classname="org.apache.hadoop.hive.ql.io.parquet.serde.TestParquetTimestampsHive2Compatibility" time="0"/>
  <testcase name="testWriteHive4UsingLegacyConversionReadHive2(String)[1592]" classname="org.apache.hadoop.hive.ql.io.parquet.serde.TestParquetTimestampsHive2Compatibility" time="0"/>
  <testcase name="testWriteHive4UsingLegacyConversionReadHive2(String)[1593]" classname="org.apache.hadoop.hive.ql.io.parquet.serde.TestParquetTimestampsHive2Compatibility" time="0"/>
  <testcase name="testWriteHive4UsingLegacyConversionReadHive2(String)[1594]" classname="org.apache.hadoop.hive.ql.io.parquet.serde.TestParquetTimestampsHive2Compatibility" time="0"/>
  <testcase name="testWriteHive4UsingLegacyConversionReadHive2(String)[1595]" classname="org.apache.hadoop.hive.ql.io.parquet.serde.TestParquetTimestampsHive2Compatibility" time="0"/>
  <testcase name="testWriteHive4UsingLegacyConversionReadHive2(String)[1596]" classname="org.apache.hadoop.hive.ql.io.parquet.serde.TestParquetTimestampsHive2Compatibility" time="0"/>
  <testcase name="testWriteHive4UsingLegacyConversionReadHive2(String)[1597]" classname="org.apache.hadoop.hive.ql.io.parquet.serde.TestParquetTimestampsHive2Compatibility" time="0"/>
  <testcase name="testWriteHive4UsingLegacyConversionReadHive2(String)[1598]" classname="org.apache.hadoop.hive.ql.io.parquet.serde.TestParquetTimestampsHive2Compatibility" time="0"/>
  <testcase name="testWriteHive4UsingLegacyConversionReadHive2(String)[1599]" classname="org.apache.hadoop.hive.ql.io.parquet.serde.TestParquetTimestampsHive2Compatibility" time="0"/>
  <testcase name="testWriteHive4UsingLegacyConversionReadHive2(String)[1600]" classname="org.apache.hadoop.hive.ql.io.parquet.serde.TestParquetTimestampsHive2Compatibility" time="0"/>
  <testcase name="testWriteHive4UsingLegacyConversionReadHive2(String)[1601]" classname="org.apache.hadoop.hive.ql.io.parquet.serde.TestParquetTimestampsHive2Compatibility" time="0.001"/>
  <testcase name="testWriteHive4UsingLegacyConversionReadHive2(String)[1602]" classname="org.apache.hadoop.hive.ql.io.parquet.serde.TestParquetTimestampsHive2Compatibility" time="0"/>
  <testcase name="testWriteHive4UsingLegacyConversionReadHive2(String)[1603]" classname="org.apache.hadoop.hive.ql.io.parquet.serde.TestParquetTimestampsHive2Compatibility" time="0"/>
  <testcase name="testWriteHive4UsingLegacyConversionReadHive2(String)[1604]" classname="org.apache.hadoop.hive.ql.io.parquet.serde.TestParquetTimestampsHive2Compatibility" time="0"/>
  <testcase name="testWriteHive4UsingLegacyConversionReadHive2(String)[1605]" classname="org.apache.hadoop.hive.ql.io.parquet.serde.TestParquetTimestampsHive2Compatibility" time="0"/>
  <testcase name="testWriteHive4UsingLegacyConversionReadHive2(String)[1606]" classname="org.apache.hadoop.hive.ql.io.parquet.serde.TestParquetTimestampsHive2Compatibility" time="0"/>
  <testcase name="testWriteHive4UsingLegacyConversionReadHive2(String)[1607]" classname="org.apache.hadoop.hive.ql.io.parquet.serde.TestParquetTimestampsHive2Compatibility" time="0.001"/>
  <testcase name="testWriteHive4UsingLegacyConversionReadHive2(String)[1608]" classname="org.apache.hadoop.hive.ql.io.parquet.serde.TestParquetTimestampsHive2Compatibility" time="0"/>
  <testcase name="testWriteHive4UsingLegacyConversionReadHive2(String)[1609]" classname="org.apache.hadoop.hive.ql.io.parquet.serde.TestParquetTimestampsHive2Compatibility" time="0"/>
  <testcase name="testWriteHive4UsingLegacyConversionReadHive2(String)[1610]" classname="org.apache.hadoop.hive.ql.io.parquet.serde.TestParquetTimestampsHive2Compatibility" time="0"/>
  <testcase name="testWriteHive4UsingLegacyConversionReadHive2(String)[1611]" classname="org.apache.hadoop.hive.ql.io.parquet.serde.TestParquetTimestampsHive2Compatibility" time="0"/>
  <testcase name="testWriteHive4UsingLegacyConversionReadHive2(String)[1612]" classname="org.apache.hadoop.hive.ql.io.parquet.serde.TestParquetTimestampsHive2Compatibility" time="0"/>
  <testcase name="testWriteHive4UsingLegacyConversionReadHive2(String)[1613]" classname="org.apache.hadoop.hive.ql.io.parquet.serde.TestParquetTimestampsHive2Compatibility" time="0"/>
  <testcase name="testWriteHive4UsingLegacyConversionReadHive2(String)[1614]" classname="org.apache.hadoop.hive.ql.io.parquet.serde.TestParquetTimestampsHive2Compatibility" time="0"/>
  <testcase name="testWriteHive4UsingLegacyConversionReadHive2(String)[1615]" classname="org.apache.hadoop.hive.ql.io.parquet.serde.TestParquetTimestampsHive2Compatibility" time="0"/>
  <testcase name="testWriteHive4UsingLegacyConversionReadHive2(String)[1616]" classname="org.apache.hadoop.hive.ql.io.parquet.serde.TestParquetTimestampsHive2Compatibility" time="0"/>
  <testcase name="testWriteHive4UsingLegacyConversionReadHive2(String)[1617]" classname="org.apache.hadoop.hive.ql.io.parquet.serde.TestParquetTimestampsHive2Compatibility" time="0"/>
  <testcase name="testWriteHive4UsingLegacyConversionReadHive2(String)[1618]" classname="org.apache.hadoop.hive.ql.io.parquet.serde.TestParquetTimestampsHive2Compatibility" time="0.001"/>
  <testcase name="testWriteHive4UsingLegacyConversionReadHive2(String)[1619]" classname="org.apache.hadoop.hive.ql.io.parquet.serde.TestParquetTimestampsHive2Compatibility" time="0"/>
  <testcase name="testWriteHive4UsingLegacyConversionReadHive2(String)[1620]" classname="org.apache.hadoop.hive.ql.io.parquet.serde.TestParquetTimestampsHive2Compatibility" time="0"/>
  <testcase name="testWriteHive4UsingLegacyConversionReadHive2(String)[1621]" classname="org.apache.hadoop.hive.ql.io.parquet.serde.TestParquetTimestampsHive2Compatibility" time="0"/>
  <testcase name="testWriteHive4UsingLegacyConversionReadHive2(String)[1622]" classname="org.apache.hadoop.hive.ql.io.parquet.serde.TestParquetTimestampsHive2Compatibility" time="0"/>
  <testcase name="testWriteHive4UsingLegacyConversionReadHive2(String)[1623]" classname="org.apache.hadoop.hive.ql.io.parquet.serde.TestParquetTimestampsHive2Compatibility" time="0"/>
  <testcase name="testWriteHive4UsingLegacyConversionReadHive2(String)[1624]" classname="org.apache.hadoop.hive.ql.io.parquet.serde.TestParquetTimestampsHive2Compatibility" time="0"/>
  <testcase name="testWriteHive4UsingLegacyConversionReadHive2(String)[1625]" classname="org.apache.hadoop.hive.ql.io.parquet.serde.TestParquetTimestampsHive2Compatibility" time="0"/>
  <testcase name="testWriteHive4UsingLegacyConversionReadHive2(String)[1626]" classname="org.apache.hadoop.hive.ql.io.parquet.serde.TestParquetTimestampsHive2Compatibility" time="0"/>
  <testcase name="testWriteHive4UsingLegacyConversionReadHive2(String)[1627]" classname="org.apache.hadoop.hive.ql.io.parquet.serde.TestParquetTimestampsHive2Compatibility" time="0"/>
  <testcase name="testWriteHive4UsingLegacyConversionReadHive2(String)[1628]" classname="org.apache.hadoop.hive.ql.io.parquet.serde.TestParquetTimestampsHive2Compatibility" time="0"/>
  <testcase name="testWriteHive4UsingLegacyConversionReadHive2(String)[1629]" classname="org.apache.hadoop.hive.ql.io.parquet.serde.TestParquetTimestampsHive2Compatibility" time="0.001"/>
  <testcase name="testWriteHive4UsingLegacyConversionReadHive2(String)[1630]" classname="org.apache.hadoop.hive.ql.io.parquet.serde.TestParquetTimestampsHive2Compatibility" time="0"/>
  <testcase name="testWriteHive4UsingLegacyConversionReadHive2(String)[1631]" classname="org.apache.hadoop.hive.ql.io.parquet.serde.TestParquetTimestampsHive2Compatibility" time="0"/>
  <testcase name="testWriteHive4UsingLegacyConversionReadHive2(String)[1632]" classname="org.apache.hadoop.hive.ql.io.parquet.serde.TestParquetTimestampsHive2Compatibility" time="0"/>
  <testcase name="testWriteHive4UsingLegacyConversionReadHive2(String)[1633]" classname="org.apache.hadoop.hive.ql.io.parquet.serde.TestParquetTimestampsHive2Compatibility" time="0"/>
  <testcase name="testWriteHive4UsingLegacyConversionReadHive2(String)[1634]" classname="org.apache.hadoop.hive.ql.io.parquet.serde.TestParquetTimestampsHive2Compatibility" time="0"/>
  <testcase name="testWriteHive4UsingLegacyConversionReadHive2(String)[1635]" classname="org.apache.hadoop.hive.ql.io.parquet.serde.TestParquetTimestampsHive2Compatibility" time="0"/>
  <testcase name="testWriteHive4UsingLegacyConversionReadHive2(String)[1636]" classname="org.apache.hadoop.hive.ql.io.parquet.serde.TestParquetTimestampsHive2Compatibility" time="0"/>
  <testcase name="testWriteHive4UsingLegacyConversionReadHive2(String)[1637]" classname="org.apache.hadoop.hive.ql.io.parquet.serde.TestParquetTimestampsHive2Compatibility" time="0"/>
  <testcase name="testWriteHive4UsingLegacyConversionReadHive2(String)[1638]" classname="org.apache.hadoop.hive.ql.io.parquet.serde.TestParquetTimestampsHive2Compatibility" time="0"/>
  <testcase name="testWriteHive4UsingLegacyConversionReadHive2(String)[1639]" classname="org.apache.hadoop.hive.ql.io.parquet.serde.TestParquetTimestampsHive2Compatibility" time="0"/>
  <testcase name="testWriteHive4UsingLegacyConversionReadHive2(String)[1640]" classname="org.apache.hadoop.hive.ql.io.parquet.serde.TestParquetTimestampsHive2Compatibility" time="0.001"/>
  <testcase name="testWriteHive4UsingLegacyConversionReadHive2(String)[1641]" classname="org.apache.hadoop.hive.ql.io.parquet.serde.TestParquetTimestampsHive2Compatibility" time="0"/>
  <testcase name="testWriteHive4UsingLegacyConversionReadHive2(String)[1642]" classname="org.apache.hadoop.hive.ql.io.parquet.serde.TestParquetTimestampsHive2Compatibility" time="0"/>
  <testcase name="testWriteHive4UsingLegacyConversionReadHive2(String)[1643]" classname="org.apache.hadoop.hive.ql.io.parquet.serde.TestParquetTimestampsHive2Compatibility" time="0"/>
  <testcase name="testWriteHive4UsingLegacyConversionReadHive2(String)[1644]" classname="org.apache.hadoop.hive.ql.io.parquet.serde.TestParquetTimestampsHive2Compatibility" time="0"/>
  <testcase name="testWriteHive4UsingLegacyConversionReadHive2(String)[1645]" classname="org.apache.hadoop.hive.ql.io.parquet.serde.TestParquetTimestampsHive2Compatibility" time="0"/>
  <testcase name="testWriteHive4UsingLegacyConversionReadHive2(String)[1646]" classname="org.apache.hadoop.hive.ql.io.parquet.serde.TestParquetTimestampsHive2Compatibility" time="0"/>
  <testcase name="testWriteHive4UsingLegacyConversionReadHive2(String)[1647]" classname="org.apache.hadoop.hive.ql.io.parquet.serde.TestParquetTimestampsHive2Compatibility" time="0"/>
  <testcase name="testWriteHive4UsingLegacyConversionReadHive2(String)[1648]" classname="org.apache.hadoop.hive.ql.io.parquet.serde.TestParquetTimestampsHive2Compatibility" time="0"/>
  <testcase name="testWriteHive4UsingLegacyConversionReadHive2(String)[1649]" classname="org.apache.hadoop.hive.ql.io.parquet.serde.TestParquetTimestampsHive2Compatibility" time="0"/>
  <testcase name="testWriteHive4UsingLegacyConversionReadHive2(String)[1650]" classname="org.apache.hadoop.hive.ql.io.parquet.serde.TestParquetTimestampsHive2Compatibility" time="0"/>
  <testcase name="testWriteHive4UsingLegacyConversionReadHive2(String)[1651]" classname="org.apache.hadoop.hive.ql.io.parquet.serde.TestParquetTimestampsHive2Compatibility" time="0.001"/>
  <testcase name="testWriteHive4UsingLegacyConversionReadHive2(String)[1652]" classname="org.apache.hadoop.hive.ql.io.parquet.serde.TestParquetTimestampsHive2Compatibility" time="0"/>
  <testcase name="testWriteHive4UsingLegacyConversionReadHive2(String)[1653]" classname="org.apache.hadoop.hive.ql.io.parquet.serde.TestParquetTimestampsHive2Compatibility" time="0"/>
  <testcase name="testWriteHive4UsingLegacyConversionReadHive2(String)[1654]" classname="org.apache.hadoop.hive.ql.io.parquet.serde.TestParquetTimestampsHive2Compatibility" time="0"/>
  <testcase name="testWriteHive4UsingLegacyConversionReadHive2(String)[1655]" classname="org.apache.hadoop.hive.ql.io.parquet.serde.TestParquetTimestampsHive2Compatibility" time="0"/>
  <testcase name="testWriteHive4UsingLegacyConversionReadHive2(String)[1656]" classname="org.apache.hadoop.hive.ql.io.parquet.serde.TestParquetTimestampsHive2Compatibility" time="0"/>
  <testcase name="testWriteHive4UsingLegacyConversionReadHive2(String)[1657]" classname="org.apache.hadoop.hive.ql.io.parquet.serde.TestParquetTimestampsHive2Compatibility" time="0"/>
  <testcase name="testWriteHive4UsingLegacyConversionReadHive2(String)[1658]" classname="org.apache.hadoop.hive.ql.io.parquet.serde.TestParquetTimestampsHive2Compatibility" time="0"/>
  <testcase name="testWriteHive4UsingLegacyConversionReadHive2(String)[1659]" classname="org.apache.hadoop.hive.ql.io.parquet.serde.TestParquetTimestampsHive2Compatibility" time="0"/>
  <testcase name="testWriteHive4UsingLegacyConversionReadHive2(String)[1660]" classname="org.apache.hadoop.hive.ql.io.parquet.serde.TestParquetTimestampsHive2Compatibility" time="0"/>
  <testcase name="testWriteHive4UsingLegacyConversionReadHive2(String)[1661]" classname="org.apache.hadoop.hive.ql.io.parquet.serde.TestParquetTimestampsHive2Compatibility" time="0"/>
  <testcase name="testWriteHive4UsingLegacyConversionReadHive2(String)[1662]" classname="org.apache.hadoop.hive.ql.io.parquet.serde.TestParquetTimestampsHive2Compatibility" time="0"/>
  <testcase name="testWriteHive4UsingLegacyConversionReadHive2(String)[1663]" classname="org.apache.hadoop.hive.ql.io.parquet.serde.TestParquetTimestampsHive2Compatibility" time="0"/>
  <testcase name="testWriteHive4UsingLegacyConversionReadHive2(String)[1664]" classname="org.apache.hadoop.hive.ql.io.parquet.serde.TestParquetTimestampsHive2Compatibility" time="0"/>
  <testcase name="testWriteHive4UsingLegacyConversionReadHive2(String)[1665]" classname="org.apache.hadoop.hive.ql.io.parquet.serde.TestParquetTimestampsHive2Compatibility" time="0"/>
  <testcase name="testWriteHive4UsingLegacyConversionReadHive2(String)[1666]" classname="org.apache.hadoop.hive.ql.io.parquet.serde.TestParquetTimestampsHive2Compatibility" time="0"/>
  <testcase name="testWriteHive4UsingLegacyConversionReadHive2(String)[1667]" classname="org.apache.hadoop.hive.ql.io.parquet.serde.TestParquetTimestampsHive2Compatibility" time="0"/>
  <testcase name="testWriteHive4UsingLegacyConversionReadHive2(String)[1668]" classname="org.apache.hadoop.hive.ql.io.parquet.serde.TestParquetTimestampsHive2Compatibility" time="0.001"/>
  <testcase name="testWriteHive4UsingLegacyConversionReadHive2(String)[1669]" classname="org.apache.hadoop.hive.ql.io.parquet.serde.TestParquetTimestampsHive2Compatibility" time="0"/>
  <testcase name="testWriteHive4UsingLegacyConversionReadHive2(String)[1670]" classname="org.apache.hadoop.hive.ql.io.parquet.serde.TestParquetTimestampsHive2Compatibility" time="0"/>
  <testcase name="testWriteHive4UsingLegacyConversionReadHive2(String)[1671]" classname="org.apache.hadoop.hive.ql.io.parquet.serde.TestParquetTimestampsHive2Compatibility" time="0"/>
  <testcase name="testWriteHive4UsingLegacyConversionReadHive2(String)[1672]" classname="org.apache.hadoop.hive.ql.io.parquet.serde.TestParquetTimestampsHive2Compatibility" time="0"/>
  <testcase name="testWriteHive4UsingLegacyConversionReadHive2(String)[1673]" classname="org.apache.hadoop.hive.ql.io.parquet.serde.TestParquetTimestampsHive2Compatibility" time="0"/>
  <testcase name="testWriteHive4UsingLegacyConversionReadHive2(String)[1674]" classname="org.apache.hadoop.hive.ql.io.parquet.serde.TestParquetTimestampsHive2Compatibility" time="0"/>
  <testcase name="testWriteHive4UsingLegacyConversionReadHive2(String)[1675]" classname="org.apache.hadoop.hive.ql.io.parquet.serde.TestParquetTimestampsHive2Compatibility" time="0"/>
  <testcase name="testWriteHive4UsingLegacyConversionReadHive2(String)[1676]" classname="org.apache.hadoop.hive.ql.io.parquet.serde.TestParquetTimestampsHive2Compatibility" time="0"/>
  <testcase name="testWriteHive4UsingLegacyConversionReadHive2(String)[1677]" classname="org.apache.hadoop.hive.ql.io.parquet.serde.TestParquetTimestampsHive2Compatibility" time="0"/>
  <testcase name="testWriteHive4UsingLegacyConversionReadHive2(String)[1678]" classname="org.apache.hadoop.hive.ql.io.parquet.serde.TestParquetTimestampsHive2Compatibility" time="0"/>
  <testcase name="testWriteHive4UsingLegacyConversionReadHive2(String)[1679]" classname="org.apache.hadoop.hive.ql.io.parquet.serde.TestParquetTimestampsHive2Compatibility" time="0.001"/>
  <testcase name="testWriteHive4UsingLegacyConversionReadHive2(String)[1680]" classname="org.apache.hadoop.hive.ql.io.parquet.serde.TestParquetTimestampsHive2Compatibility" time="0"/>
  <testcase name="testWriteHive4UsingLegacyConversionReadHive2(String)[1681]" classname="org.apache.hadoop.hive.ql.io.parquet.serde.TestParquetTimestampsHive2Compatibility" time="0"/>
  <testcase name="testWriteHive4UsingLegacyConversionReadHive2(String)[1682]" classname="org.apache.hadoop.hive.ql.io.parquet.serde.TestParquetTimestampsHive2Compatibility" time="0"/>
  <testcase name="testWriteHive4UsingLegacyConversionReadHive2(String)[1683]" classname="org.apache.hadoop.hive.ql.io.parquet.serde.TestParquetTimestampsHive2Compatibility" time="0"/>
  <testcase name="testWriteHive4UsingLegacyConversionReadHive2(String)[1684]" classname="org.apache.hadoop.hive.ql.io.parquet.serde.TestParquetTimestampsHive2Compatibility" time="0"/>
  <testcase name="testWriteHive4UsingLegacyConversionReadHive2(String)[1685]" classname="org.apache.hadoop.hive.ql.io.parquet.serde.TestParquetTimestampsHive2Compatibility" time="0.001"/>
  <testcase name="testWriteHive4UsingLegacyConversionReadHive2(String)[1686]" classname="org.apache.hadoop.hive.ql.io.parquet.serde.TestParquetTimestampsHive2Compatibility" time="0"/>
  <testcase name="testWriteHive4UsingLegacyConversionReadHive2(String)[1687]" classname="org.apache.hadoop.hive.ql.io.parquet.serde.TestParquetTimestampsHive2Compatibility" time="0"/>
  <testcase name="testWriteHive4UsingLegacyConversionReadHive2(String)[1688]" classname="org.apache.hadoop.hive.ql.io.parquet.serde.TestParquetTimestampsHive2Compatibility" time="0"/>
  <testcase name="testWriteHive4UsingLegacyConversionReadHive2(String)[1689]" classname="org.apache.hadoop.hive.ql.io.parquet.serde.TestParquetTimestampsHive2Compatibility" time="0"/>
  <testcase name="testWriteHive4UsingLegacyConversionReadHive2(String)[1690]" classname="org.apache.hadoop.hive.ql.io.parquet.serde.TestParquetTimestampsHive2Compatibility" time="0"/>
  <testcase name="testWriteHive4UsingLegacyConversionReadHive2(String)[1691]" classname="org.apache.hadoop.hive.ql.io.parquet.serde.TestParquetTimestampsHive2Compatibility" time="0"/>
  <testcase name="testWriteHive4UsingLegacyConversionReadHive2(String)[1692]" classname="org.apache.hadoop.hive.ql.io.parquet.serde.TestParquetTimestampsHive2Compatibility" time="0"/>
  <testcase name="testWriteHive4UsingLegacyConversionReadHive2(String)[1693]" classname="org.apache.hadoop.hive.ql.io.parquet.serde.TestParquetTimestampsHive2Compatibility" time="0"/>
  <testcase name="testWriteHive4UsingLegacyConversionReadHive2(String)[1694]" classname="org.apache.hadoop.hive.ql.io.parquet.serde.TestParquetTimestampsHive2Compatibility" time="0"/>
  <testcase name="testWriteHive4UsingLegacyConversionReadHive2(String)[1695]" classname="org.apache.hadoop.hive.ql.io.parquet.serde.TestParquetTimestampsHive2Compatibility" time="0"/>
  <testcase name="testWriteHive4UsingLegacyConversionReadHive2(String)[1696]" classname="org.apache.hadoop.hive.ql.io.parquet.serde.TestParquetTimestampsHive2Compatibility" time="0.001"/>
  <testcase name="testWriteHive4UsingLegacyConversionReadHive2(String)[1697]" classname="org.apache.hadoop.hive.ql.io.parquet.serde.TestParquetTimestampsHive2Compatibility" time="0"/>
  <testcase name="testWriteHive4UsingLegacyConversionReadHive2(String)[1698]" classname="org.apache.hadoop.hive.ql.io.parquet.serde.TestParquetTimestampsHive2Compatibility" time="0"/>
  <testcase name="testWriteHive4UsingLegacyConversionReadHive2(String)[1699]" classname="org.apache.hadoop.hive.ql.io.parquet.serde.TestParquetTimestampsHive2Compatibility" time="0"/>
  <testcase name="testWriteHive4UsingLegacyConversionReadHive2(String)[1700]" classname="org.apache.hadoop.hive.ql.io.parquet.serde.TestParquetTimestampsHive2Compatibility" time="0"/>
  <testcase name="testWriteHive4UsingLegacyConversionReadHive2(String)[1701]" classname="org.apache.hadoop.hive.ql.io.parquet.serde.TestParquetTimestampsHive2Compatibility" time="0"/>
  <testcase name="testWriteHive4UsingLegacyConversionReadHive2(String)[1702]" classname="org.apache.hadoop.hive.ql.io.parquet.serde.TestParquetTimestampsHive2Compatibility" time="0"/>
  <testcase name="testWriteHive4UsingLegacyConversionReadHive2(String)[1703]" classname="org.apache.hadoop.hive.ql.io.parquet.serde.TestParquetTimestampsHive2Compatibility" time="0"/>
  <testcase name="testWriteHive4UsingLegacyConversionReadHive2(String)[1704]" classname="org.apache.hadoop.hive.ql.io.parquet.serde.TestParquetTimestampsHive2Compatibility" time="0"/>
  <testcase name="testWriteHive4UsingLegacyConversionReadHive2(String)[1705]" classname="org.apache.hadoop.hive.ql.io.parquet.serde.TestParquetTimestampsHive2Compatibility" time="0"/>
  <testcase name="testWriteHive4UsingLegacyConversionReadHive2(String)[1706]" classname="org.apache.hadoop.hive.ql.io.parquet.serde.TestParquetTimestampsHive2Compatibility" time="0"/>
  <testcase name="testWriteHive4UsingLegacyConversionReadHive2(String)[1707]" classname="org.apache.hadoop.hive.ql.io.parquet.serde.TestParquetTimestampsHive2Compatibility" time="0"/>
  <testcase name="testWriteHive4UsingLegacyConversionReadHive2(String)[1708]" classname="org.apache.hadoop.hive.ql.io.parquet.serde.TestParquetTimestampsHive2Compatibility" time="0"/>
  <testcase name="testWriteHive4UsingLegacyConversionReadHive2(String)[1709]" classname="org.apache.hadoop.hive.ql.io.parquet.serde.TestParquetTimestampsHive2Compatibility" time="0"/>
  <testcase name="testWriteHive4UsingLegacyConversionReadHive2(String)[1710]" classname="org.apache.hadoop.hive.ql.io.parquet.serde.TestParquetTimestampsHive2Compatibility" time="0"/>
  <testcase name="testWriteHive4UsingLegacyConversionReadHive2(String)[1711]" classname="org.apache.hadoop.hive.ql.io.parquet.serde.TestParquetTimestampsHive2Compatibility" time="0"/>
  <testcase name="testWriteHive4UsingLegacyConversionReadHive2(String)[1712]" classname="org.apache.hadoop.hive.ql.io.parquet.serde.TestParquetTimestampsHive2Compatibility" time="0"/>
  <testcase name="testWriteHive4UsingLegacyConversionReadHive2(String)[1713]" classname="org.apache.hadoop.hive.ql.io.parquet.serde.TestParquetTimestampsHive2Compatibility" time="0.001"/>
  <testcase name="testWriteHive4UsingLegacyConversionReadHive2(String)[1714]" classname="org.apache.hadoop.hive.ql.io.parquet.serde.TestParquetTimestampsHive2Compatibility" time="0"/>
  <testcase name="testWriteHive4UsingLegacyConversionReadHive2(String)[1715]" classname="org.apache.hadoop.hive.ql.io.parquet.serde.TestParquetTimestampsHive2Compatibility" time="0"/>
  <testcase name="testWriteHive4UsingLegacyConversionReadHive2(String)[1716]" classname="org.apache.hadoop.hive.ql.io.parquet.serde.TestParquetTimestampsHive2Compatibility" time="0"/>
  <testcase name="testWriteHive4UsingLegacyConversionReadHive2(String)[1717]" classname="org.apache.hadoop.hive.ql.io.parquet.serde.TestParquetTimestampsHive2Compatibility" time="0"/>
  <testcase name="testWriteHive4UsingLegacyConversionReadHive2(String)[1718]" classname="org.apache.hadoop.hive.ql.io.parquet.serde.TestParquetTimestampsHive2Compatibility" time="0"/>
  <testcase name="testWriteHive4UsingLegacyConversionReadHive2(String)[1719]" classname="org.apache.hadoop.hive.ql.io.parquet.serde.TestParquetTimestampsHive2Compatibility" time="0"/>
  <testcase name="testWriteHive4UsingLegacyConversionReadHive2(String)[1720]" classname="org.apache.hadoop.hive.ql.io.parquet.serde.TestParquetTimestampsHive2Compatibility" time="0"/>
  <testcase name="testWriteHive4UsingLegacyConversionReadHive2(String)[1721]" classname="org.apache.hadoop.hive.ql.io.parquet.serde.TestParquetTimestampsHive2Compatibility" time="0"/>
  <testcase name="testWriteHive4UsingLegacyConversionReadHive2(String)[1722]" classname="org.apache.hadoop.hive.ql.io.parquet.serde.TestParquetTimestampsHive2Compatibility" time="0"/>
  <testcase name="testWriteHive4UsingLegacyConversionReadHive2(String)[1723]" classname="org.apache.hadoop.hive.ql.io.parquet.serde.TestParquetTimestampsHive2Compatibility" time="0"/>
  <testcase name="testWriteHive4UsingLegacyConversionReadHive2(String)[1724]" classname="org.apache.hadoop.hive.ql.io.parquet.serde.TestParquetTimestampsHive2Compatibility" time="0.001"/>
  <testcase name="testWriteHive4UsingLegacyConversionReadHive2(String)[1725]" classname="org.apache.hadoop.hive.ql.io.parquet.serde.TestParquetTimestampsHive2Compatibility" time="0"/>
  <testcase name="testWriteHive4UsingLegacyConversionReadHive2(String)[1726]" classname="org.apache.hadoop.hive.ql.io.parquet.serde.TestParquetTimestampsHive2Compatibility" time="0"/>
  <testcase name="testWriteHive4UsingLegacyConversionReadHive2(String)[1727]" classname="org.apache.hadoop.hive.ql.io.parquet.serde.TestParquetTimestampsHive2Compatibility" time="0"/>
  <testcase name="testWriteHive4UsingLegacyConversionReadHive2(String)[1728]" classname="org.apache.hadoop.hive.ql.io.parquet.serde.TestParquetTimestampsHive2Compatibility" time="0"/>
  <testcase name="testWriteHive4UsingLegacyConversionReadHive2(String)[1729]" classname="org.apache.hadoop.hive.ql.io.parquet.serde.TestParquetTimestampsHive2Compatibility" time="0"/>
  <testcase name="testWriteHive4UsingLegacyConversionReadHive2(String)[1730]" classname="org.apache.hadoop.hive.ql.io.parquet.serde.TestParquetTimestampsHive2Compatibility" time="0"/>
  <testcase name="testWriteHive4UsingLegacyConversionReadHive2(String)[1731]" classname="org.apache.hadoop.hive.ql.io.parquet.serde.TestParquetTimestampsHive2Compatibility" time="0"/>
  <testcase name="testWriteHive4UsingLegacyConversionReadHive2(String)[1732]" classname="org.apache.hadoop.hive.ql.io.parquet.serde.TestParquetTimestampsHive2Compatibility" time="0"/>
  <testcase name="testWriteHive4UsingLegacyConversionReadHive2(String)[1733]" classname="org.apache.hadoop.hive.ql.io.parquet.serde.TestParquetTimestampsHive2Compatibility" time="0"/>
  <testcase name="testWriteHive4UsingLegacyConversionReadHive2(String)[1734]" classname="org.apache.hadoop.hive.ql.io.parquet.serde.TestParquetTimestampsHive2Compatibility" time="0"/>
  <testcase name="testWriteHive4UsingLegacyConversionReadHive2(String)[1735]" classname="org.apache.hadoop.hive.ql.io.parquet.serde.TestParquetTimestampsHive2Compatibility" time="0"/>
  <testcase name="testWriteHive4UsingLegacyConversionReadHive2(String)[1736]" classname="org.apache.hadoop.hive.ql.io.parquet.serde.TestParquetTimestampsHive2Compatibility" time="0"/>
  <testcase name="testWriteHive4UsingLegacyConversionReadHive2(String)[1737]" classname="org.apache.hadoop.hive.ql.io.parquet.serde.TestParquetTimestampsHive2Compatibility" time="0"/>
  <testcase name="testWriteHive4UsingLegacyConversionReadHive2(String)[1738]" classname="org.apache.hadoop.hive.ql.io.parquet.serde.TestParquetTimestampsHive2Compatibility" time="0"/>
  <testcase name="testWriteHive4UsingLegacyConversionReadHive2(String)[1739]" classname="org.apache.hadoop.hive.ql.io.parquet.serde.TestParquetTimestampsHive2Compatibility" time="0"/>
  <testcase name="testWriteHive4UsingLegacyConversionReadHive2(String)[1740]" classname="org.apache.hadoop.hive.ql.io.parquet.serde.TestParquetTimestampsHive2Compatibility" time="0"/>
  <testcase name="testWriteHive4UsingLegacyConversionReadHive2(String)[1741]" classname="org.apache.hadoop.hive.ql.io.parquet.serde.TestParquetTimestampsHive2Compatibility" time="0.001"/>
  <testcase name="testWriteHive4UsingLegacyConversionReadHive2(String)[1742]" classname="org.apache.hadoop.hive.ql.io.parquet.serde.TestParquetTimestampsHive2Compatibility" time="0"/>
  <testcase name="testWriteHive4UsingLegacyConversionReadHive2(String)[1743]" classname="org.apache.hadoop.hive.ql.io.parquet.serde.TestParquetTimestampsHive2Compatibility" time="0"/>
  <testcase name="testWriteHive4UsingLegacyConversionReadHive2(String)[1744]" classname="org.apache.hadoop.hive.ql.io.parquet.serde.TestParquetTimestampsHive2Compatibility" time="0"/>
  <testcase name="testWriteHive4UsingLegacyConversionReadHive2(String)[1745]" classname="org.apache.hadoop.hive.ql.io.parquet.serde.TestParquetTimestampsHive2Compatibility" time="0"/>
  <testcase name="testWriteHive4UsingLegacyConversionReadHive2(String)[1746]" classname="org.apache.hadoop.hive.ql.io.parquet.serde.TestParquetTimestampsHive2Compatibility" time="0"/>
  <testcase name="testWriteHive4UsingLegacyConversionReadHive2(String)[1747]" classname="org.apache.hadoop.hive.ql.io.parquet.serde.TestParquetTimestampsHive2Compatibility" time="0"/>
  <testcase name="testWriteHive4UsingLegacyConversionReadHive2(String)[1748]" classname="org.apache.hadoop.hive.ql.io.parquet.serde.TestParquetTimestampsHive2Compatibility" time="0"/>
  <testcase name="testWriteHive4UsingLegacyConversionReadHive2(String)[1749]" classname="org.apache.hadoop.hive.ql.io.parquet.serde.TestParquetTimestampsHive2Compatibility" time="0"/>
  <testcase name="testWriteHive4UsingLegacyConversionReadHive2(String)[1750]" classname="org.apache.hadoop.hive.ql.io.parquet.serde.TestParquetTimestampsHive2Compatibility" time="0"/>
  <testcase name="testWriteHive4UsingLegacyConversionReadHive2(String)[1751]" classname="org.apache.hadoop.hive.ql.io.parquet.serde.TestParquetTimestampsHive2Compatibility" time="0"/>
  <testcase name="testWriteHive4UsingLegacyConversionReadHive2(String)[1752]" classname="org.apache.hadoop.hive.ql.io.parquet.serde.TestParquetTimestampsHive2Compatibility" time="0.001"/>
  <testcase name="testWriteHive4UsingLegacyConversionReadHive2(String)[1753]" classname="org.apache.hadoop.hive.ql.io.parquet.serde.TestParquetTimestampsHive2Compatibility" time="0"/>
  <testcase name="testWriteHive4UsingLegacyConversionReadHive2(String)[1754]" classname="org.apache.hadoop.hive.ql.io.parquet.serde.TestParquetTimestampsHive2Compatibility" time="0"/>
  <testcase name="testWriteHive4UsingLegacyConversionReadHive2(String)[1755]" classname="org.apache.hadoop.hive.ql.io.parquet.serde.TestParquetTimestampsHive2Compatibility" time="0"/>
  <testcase name="testWriteHive4UsingLegacyConversionReadHive2(String)[1756]" classname="org.apache.hadoop.hive.ql.io.parquet.serde.TestParquetTimestampsHive2Compatibility" time="0"/>
  <testcase name="testWriteHive4UsingLegacyConversionReadHive2(String)[1757]" classname="org.apache.hadoop.hive.ql.io.parquet.serde.TestParquetTimestampsHive2Compatibility" time="0"/>
  <testcase name="testWriteHive4UsingLegacyConversionReadHive2(String)[1758]" classname="org.apache.hadoop.hive.ql.io.parquet.serde.TestParquetTimestampsHive2Compatibility" time="0"/>
  <testcase name="testWriteHive4UsingLegacyConversionReadHive2(String)[1759]" classname="org.apache.hadoop.hive.ql.io.parquet.serde.TestParquetTimestampsHive2Compatibility" time="0"/>
  <testcase name="testWriteHive4UsingLegacyConversionReadHive2(String)[1760]" classname="org.apache.hadoop.hive.ql.io.parquet.serde.TestParquetTimestampsHive2Compatibility" time="0"/>
  <testcase name="testWriteHive4UsingLegacyConversionReadHive2(String)[1761]" classname="org.apache.hadoop.hive.ql.io.parquet.serde.TestParquetTimestampsHive2Compatibility" time="0"/>
  <testcase name="testWriteHive4UsingLegacyConversionReadHive2(String)[1762]" classname="org.apache.hadoop.hive.ql.io.parquet.serde.TestParquetTimestampsHive2Compatibility" time="0"/>
  <testcase name="testWriteHive4UsingLegacyConversionReadHive2(String)[1763]" classname="org.apache.hadoop.hive.ql.io.parquet.serde.TestParquetTimestampsHive2Compatibility" time="0.001"/>
  <testcase name="testWriteHive4UsingLegacyConversionReadHive2(String)[1764]" classname="org.apache.hadoop.hive.ql.io.parquet.serde.TestParquetTimestampsHive2Compatibility" time="0"/>
  <testcase name="testWriteHive4UsingLegacyConversionReadHive2(String)[1765]" classname="org.apache.hadoop.hive.ql.io.parquet.serde.TestParquetTimestampsHive2Compatibility" time="0"/>
  <testcase name="testWriteHive4UsingLegacyConversionReadHive2(String)[1766]" classname="org.apache.hadoop.hive.ql.io.parquet.serde.TestParquetTimestampsHive2Compatibility" time="0"/>
  <testcase name="testWriteHive4UsingLegacyConversionReadHive2(String)[1767]" classname="org.apache.hadoop.hive.ql.io.parquet.serde.TestParquetTimestampsHive2Compatibility" time="0.001"/>
  <testcase name="testWriteHive4UsingLegacyConversionReadHive2(String)[1768]" classname="org.apache.hadoop.hive.ql.io.parquet.serde.TestParquetTimestampsHive2Compatibility" time="0"/>
  <testcase name="testWriteHive4UsingLegacyConversionReadHive2(String)[1769]" classname="org.apache.hadoop.hive.ql.io.parquet.serde.TestParquetTimestampsHive2Compatibility" time="0"/>
  <testcase name="testWriteHive4UsingLegacyConversionReadHive2(String)[1770]" classname="org.apache.hadoop.hive.ql.io.parquet.serde.TestParquetTimestampsHive2Compatibility" time="0"/>
  <testcase name="testWriteHive4UsingLegacyConversionReadHive2(String)[1771]" classname="org.apache.hadoop.hive.ql.io.parquet.serde.TestParquetTimestampsHive2Compatibility" time="0"/>
  <testcase name="testWriteHive4UsingLegacyConversionReadHive2(String)[1772]" classname="org.apache.hadoop.hive.ql.io.parquet.serde.TestParquetTimestampsHive2Compatibility" time="0"/>
  <testcase name="testWriteHive4UsingLegacyConversionReadHive2(String)[1773]" classname="org.apache.hadoop.hive.ql.io.parquet.serde.TestParquetTimestampsHive2Compatibility" time="0"/>
  <testcase name="testWriteHive4UsingLegacyConversionReadHive2(String)[1774]" classname="org.apache.hadoop.hive.ql.io.parquet.serde.TestParquetTimestampsHive2Compatibility" time="0"/>
  <testcase name="testWriteHive4UsingLegacyConversionReadHive2(String)[1775]" classname="org.apache.hadoop.hive.ql.io.parquet.serde.TestParquetTimestampsHive2Compatibility" time="0"/>
  <testcase name="testWriteHive4UsingLegacyConversionReadHive2(String)[1776]" classname="org.apache.hadoop.hive.ql.io.parquet.serde.TestParquetTimestampsHive2Compatibility" time="0"/>
  <testcase name="testWriteHive4UsingLegacyConversionReadHive2(String)[1777]" classname="org.apache.hadoop.hive.ql.io.parquet.serde.TestParquetTimestampsHive2Compatibility" time="0"/>
  <testcase name="testWriteHive4UsingLegacyConversionReadHive2(String)[1778]" classname="org.apache.hadoop.hive.ql.io.parquet.serde.TestParquetTimestampsHive2Compatibility" time="0"/>
  <testcase name="testWriteHive4UsingLegacyConversionReadHive2(String)[1779]" classname="org.apache.hadoop.hive.ql.io.parquet.serde.TestParquetTimestampsHive2Compatibility" time="0"/>
  <testcase name="testWriteHive4UsingLegacyConversionReadHive2(String)[1780]" classname="org.apache.hadoop.hive.ql.io.parquet.serde.TestParquetTimestampsHive2Compatibility" time="0"/>
  <testcase name="testWriteHive4UsingLegacyConversionReadHive2(String)[1781]" classname="org.apache.hadoop.hive.ql.io.parquet.serde.TestParquetTimestampsHive2Compatibility" time="0"/>
  <testcase name="testWriteHive4UsingLegacyConversionReadHive2(String)[1782]" classname="org.apache.hadoop.hive.ql.io.parquet.serde.TestParquetTimestampsHive2Compatibility" time="0"/>
  <testcase name="testWriteHive4UsingLegacyConversionReadHive2(String)[1783]" classname="org.apache.hadoop.hive.ql.io.parquet.serde.TestParquetTimestampsHive2Compatibility" time="0"/>
  <testcase name="testWriteHive4UsingLegacyConversionReadHive2(String)[1784]" classname="org.apache.hadoop.hive.ql.io.parquet.serde.TestParquetTimestampsHive2Compatibility" time="0"/>
  <testcase name="testWriteHive4UsingLegacyConversionReadHive2(String)[1785]" classname="org.apache.hadoop.hive.ql.io.parquet.serde.TestParquetTimestampsHive2Compatibility" time="0"/>
  <testcase name="testWriteHive4UsingLegacyConversionReadHive2(String)[1786]" classname="org.apache.hadoop.hive.ql.io.parquet.serde.TestParquetTimestampsHive2Compatibility" time="0"/>
  <testcase name="testWriteHive4UsingLegacyConversionReadHive2(String)[1787]" classname="org.apache.hadoop.hive.ql.io.parquet.serde.TestParquetTimestampsHive2Compatibility" time="0"/>
  <testcase name="testWriteHive4UsingLegacyConversionReadHive2(String)[1788]" classname="org.apache.hadoop.hive.ql.io.parquet.serde.TestParquetTimestampsHive2Compatibility" time="0"/>
  <testcase name="testWriteHive4UsingLegacyConversionReadHive2(String)[1789]" classname="org.apache.hadoop.hive.ql.io.parquet.serde.TestParquetTimestampsHive2Compatibility" time="0"/>
  <testcase name="testWriteHive4UsingLegacyConversionReadHive2(String)[1790]" classname="org.apache.hadoop.hive.ql.io.parquet.serde.TestParquetTimestampsHive2Compatibility" time="0"/>
  <testcase name="testWriteHive4UsingLegacyConversionReadHive2(String)[1791]" classname="org.apache.hadoop.hive.ql.io.parquet.serde.TestParquetTimestampsHive2Compatibility" time="0"/>
  <testcase name="testWriteHive4UsingLegacyConversionReadHive2(String)[1792]" classname="org.apache.hadoop.hive.ql.io.parquet.serde.TestParquetTimestampsHive2Compatibility" time="0"/>
  <testcase name="testWriteHive4UsingLegacyConversionReadHive2(String)[1793]" classname="org.apache.hadoop.hive.ql.io.parquet.serde.TestParquetTimestampsHive2Compatibility" time="0"/>
  <testcase name="testWriteHive4UsingLegacyConversionReadHive2(String)[1794]" classname="org.apache.hadoop.hive.ql.io.parquet.serde.TestParquetTimestampsHive2Compatibility" time="0"/>
  <testcase name="testWriteHive4UsingLegacyConversionReadHive2(String)[1795]" classname="org.apache.hadoop.hive.ql.io.parquet.serde.TestParquetTimestampsHive2Compatibility" time="0"/>
  <testcase name="testWriteHive4UsingLegacyConversionReadHive2(String)[1796]" classname="org.apache.hadoop.hive.ql.io.parquet.serde.TestParquetTimestampsHive2Compatibility" time="0"/>
  <testcase name="testWriteHive4UsingLegacyConversionReadHive2(String)[1797]" classname="org.apache.hadoop.hive.ql.io.parquet.serde.TestParquetTimestampsHive2Compatibility" time="0"/>
  <testcase name="testWriteHive4UsingLegacyConversionReadHive2(String)[1798]" classname="org.apache.hadoop.hive.ql.io.parquet.serde.TestParquetTimestampsHive2Compatibility" time="0"/>
  <testcase name="testWriteHive4UsingLegacyConversionReadHive2(String)[1799]" classname="org.apache.hadoop.hive.ql.io.parquet.serde.TestParquetTimestampsHive2Compatibility" time="0"/>
  <testcase name="testWriteHive4UsingLegacyConversionReadHive2(String)[1800]" classname="org.apache.hadoop.hive.ql.io.parquet.serde.TestParquetTimestampsHive2Compatibility" time="0"/>
  <testcase name="testWriteHive4UsingLegacyConversionReadHive2(String)[1801]" classname="org.apache.hadoop.hive.ql.io.parquet.serde.TestParquetTimestampsHive2Compatibility" time="0.001"/>
  <testcase name="testWriteHive4UsingLegacyConversionReadHive2(String)[1802]" classname="org.apache.hadoop.hive.ql.io.parquet.serde.TestParquetTimestampsHive2Compatibility" time="0"/>
  <testcase name="testWriteHive4UsingLegacyConversionReadHive2(String)[1803]" classname="org.apache.hadoop.hive.ql.io.parquet.serde.TestParquetTimestampsHive2Compatibility" time="0"/>
  <testcase name="testWriteHive4UsingLegacyConversionReadHive2(String)[1804]" classname="org.apache.hadoop.hive.ql.io.parquet.serde.TestParquetTimestampsHive2Compatibility" time="0"/>
  <testcase name="testWriteHive4UsingLegacyConversionReadHive2(String)[1805]" classname="org.apache.hadoop.hive.ql.io.parquet.serde.TestParquetTimestampsHive2Compatibility" time="0"/>
  <testcase name="testWriteHive4UsingLegacyConversionReadHive2(String)[1806]" classname="org.apache.hadoop.hive.ql.io.parquet.serde.TestParquetTimestampsHive2Compatibility" time="0"/>
  <testcase name="testWriteHive4UsingLegacyConversionReadHive2(String)[1807]" classname="org.apache.hadoop.hive.ql.io.parquet.serde.TestParquetTimestampsHive2Compatibility" time="0.001"/>
  <testcase name="testWriteHive4UsingLegacyConversionReadHive2(String)[1808]" classname="org.apache.hadoop.hive.ql.io.parquet.serde.TestParquetTimestampsHive2Compatibility" time="0"/>
  <testcase name="testWriteHive4UsingLegacyConversionReadHive2(String)[1809]" classname="org.apache.hadoop.hive.ql.io.parquet.serde.TestParquetTimestampsHive2Compatibility" time="0"/>
  <testcase name="testWriteHive4UsingLegacyConversionReadHive2(String)[1810]" classname="org.apache.hadoop.hive.ql.io.parquet.serde.TestParquetTimestampsHive2Compatibility" time="0"/>
  <testcase name="testWriteHive4UsingLegacyConversionReadHive2(String)[1811]" classname="org.apache.hadoop.hive.ql.io.parquet.serde.TestParquetTimestampsHive2Compatibility" time="0"/>
  <testcase name="testWriteHive4UsingLegacyConversionReadHive2(String)[1812]" classname="org.apache.hadoop.hive.ql.io.parquet.serde.TestParquetTimestampsHive2Compatibility" time="0"/>
  <testcase name="testWriteHive4UsingLegacyConversionReadHive2(String)[1813]" classname="org.apache.hadoop.hive.ql.io.parquet.serde.TestParquetTimestampsHive2Compatibility" time="0.001"/>
  <testcase name="testWriteHive4UsingLegacyConversionReadHive2(String)[1814]" classname="org.apache.hadoop.hive.ql.io.parquet.serde.TestParquetTimestampsHive2Compatibility" time="0"/>
  <testcase name="testWriteHive4UsingLegacyConversionReadHive2(String)[1815]" classname="org.apache.hadoop.hive.ql.io.parquet.serde.TestParquetTimestampsHive2Compatibility" time="0"/>
  <testcase name="testWriteHive4UsingLegacyConversionReadHive2(String)[1816]" classname="org.apache.hadoop.hive.ql.io.parquet.serde.TestParquetTimestampsHive2Compatibility" time="0"/>
  <testcase name="testWriteHive4UsingLegacyConversionReadHive2(String)[1817]" classname="org.apache.hadoop.hive.ql.io.parquet.serde.TestParquetTimestampsHive2Compatibility" time="0"/>
  <testcase name="testWriteHive4UsingLegacyConversionReadHive2(String)[1818]" classname="org.apache.hadoop.hive.ql.io.parquet.serde.TestParquetTimestampsHive2Compatibility" time="0"/>
  <testcase name="testWriteHive4UsingLegacyConversionReadHive2(String)[1819]" classname="org.apache.hadoop.hive.ql.io.parquet.serde.TestParquetTimestampsHive2Compatibility" time="0"/>
  <testcase name="testWriteHive4UsingLegacyConversionReadHive2(String)[1820]" classname="org.apache.hadoop.hive.ql.io.parquet.serde.TestParquetTimestampsHive2Compatibility" time="0"/>
  <testcase name="testWriteHive4UsingLegacyConversionReadHive2(String)[1821]" classname="org.apache.hadoop.hive.ql.io.parquet.serde.TestParquetTimestampsHive2Compatibility" time="0"/>
  <testcase name="testWriteHive4UsingLegacyConversionReadHive2(String)[1822]" classname="org.apache.hadoop.hive.ql.io.parquet.serde.TestParquetTimestampsHive2Compatibility" time="0"/>
  <testcase name="testWriteHive4UsingLegacyConversionReadHive2(String)[1823]" classname="org.apache.hadoop.hive.ql.io.parquet.serde.TestParquetTimestampsHive2Compatibility" time="0"/>
  <testcase name="testWriteHive4UsingLegacyConversionReadHive2(String)[1824]" classname="org.apache.hadoop.hive.ql.io.parquet.serde.TestParquetTimestampsHive2Compatibility" time="0"/>
  <testcase name="testWriteHive4UsingLegacyConversionReadHive2(String)[1825]" classname="org.apache.hadoop.hive.ql.io.parquet.serde.TestParquetTimestampsHive2Compatibility" time="0"/>
  <testcase name="testWriteHive4UsingLegacyConversionReadHive2(String)[1826]" classname="org.apache.hadoop.hive.ql.io.parquet.serde.TestParquetTimestampsHive2Compatibility" time="0"/>
  <testcase name="testWriteHive4UsingLegacyConversionReadHive2(String)[1827]" classname="org.apache.hadoop.hive.ql.io.parquet.serde.TestParquetTimestampsHive2Compatibility" time="0"/>
  <testcase name="testWriteHive4UsingLegacyConversionReadHive2(String)[1828]" classname="org.apache.hadoop.hive.ql.io.parquet.serde.TestParquetTimestampsHive2Compatibility" time="0"/>
  <testcase name="testWriteHive4UsingLegacyConversionReadHive2(String)[1829]" classname="org.apache.hadoop.hive.ql.io.parquet.serde.TestParquetTimestampsHive2Compatibility" time="0"/>
  <testcase name="testWriteHive4UsingLegacyConversionReadHive2(String)[1830]" classname="org.apache.hadoop.hive.ql.io.parquet.serde.TestParquetTimestampsHive2Compatibility" time="0"/>
  <testcase name="testWriteHive4UsingLegacyConversionReadHive2(String)[1831]" classname="org.apache.hadoop.hive.ql.io.parquet.serde.TestParquetTimestampsHive2Compatibility" time="0"/>
  <testcase name="testWriteHive4UsingLegacyConversionReadHive2(String)[1832]" classname="org.apache.hadoop.hive.ql.io.parquet.serde.TestParquetTimestampsHive2Compatibility" time="0"/>
  <testcase name="testWriteHive4UsingLegacyConversionReadHive2(String)[1833]" classname="org.apache.hadoop.hive.ql.io.parquet.serde.TestParquetTimestampsHive2Compatibility" time="0"/>
  <testcase name="testWriteHive4UsingLegacyConversionReadHive2(String)[1834]" classname="org.apache.hadoop.hive.ql.io.parquet.serde.TestParquetTimestampsHive2Compatibility" time="0"/>
  <testcase name="testWriteHive4UsingLegacyConversionReadHive2(String)[1835]" classname="org.apache.hadoop.hive.ql.io.parquet.serde.TestParquetTimestampsHive2Compatibility" time="0"/>
  <testcase name="testWriteHive4UsingLegacyConversionReadHive2(String)[1836]" classname="org.apache.hadoop.hive.ql.io.parquet.serde.TestParquetTimestampsHive2Compatibility" time="0"/>
  <testcase name="testWriteHive4UsingLegacyConversionReadHive2(String)[1837]" classname="org.apache.hadoop.hive.ql.io.parquet.serde.TestParquetTimestampsHive2Compatibility" time="0"/>
  <testcase name="testWriteHive4UsingLegacyConversionReadHive2(String)[1838]" classname="org.apache.hadoop.hive.ql.io.parquet.serde.TestParquetTimestampsHive2Compatibility" time="0"/>
  <testcase name="testWriteHive4UsingLegacyConversionReadHive2(String)[1839]" classname="org.apache.hadoop.hive.ql.io.parquet.serde.TestParquetTimestampsHive2Compatibility" time="0"/>
  <testcase name="testWriteHive4UsingLegacyConversionReadHive2(String)[1840]" classname="org.apache.hadoop.hive.ql.io.parquet.serde.TestParquetTimestampsHive2Compatibility" time="0"/>
  <testcase name="testWriteHive4UsingLegacyConversionReadHive2(String)[1841]" classname="org.apache.hadoop.hive.ql.io.parquet.serde.TestParquetTimestampsHive2Compatibility" time="0.001"/>
  <testcase name="testWriteHive4UsingLegacyConversionReadHive2(String)[1842]" classname="org.apache.hadoop.hive.ql.io.parquet.serde.TestParquetTimestampsHive2Compatibility" time="0"/>
  <testcase name="testWriteHive4UsingLegacyConversionReadHive2(String)[1843]" classname="org.apache.hadoop.hive.ql.io.parquet.serde.TestParquetTimestampsHive2Compatibility" time="0"/>
  <testcase name="testWriteHive4UsingLegacyConversionReadHive2(String)[1844]" classname="org.apache.hadoop.hive.ql.io.parquet.serde.TestParquetTimestampsHive2Compatibility" time="0"/>
  <testcase name="testWriteHive4UsingLegacyConversionReadHive2(String)[1845]" classname="org.apache.hadoop.hive.ql.io.parquet.serde.TestParquetTimestampsHive2Compatibility" time="0"/>
  <testcase name="testWriteHive4UsingLegacyConversionReadHive2(String)[1846]" classname="org.apache.hadoop.hive.ql.io.parquet.serde.TestParquetTimestampsHive2Compatibility" time="0"/>
  <testcase name="testWriteHive4UsingLegacyConversionReadHive2(String)[1847]" classname="org.apache.hadoop.hive.ql.io.parquet.serde.TestParquetTimestampsHive2Compatibility" time="0.001"/>
  <testcase name="testWriteHive4UsingLegacyConversionReadHive2(String)[1848]" classname="org.apache.hadoop.hive.ql.io.parquet.serde.TestParquetTimestampsHive2Compatibility" time="0"/>
  <testcase name="testWriteHive4UsingLegacyConversionReadHive2(String)[1849]" classname="org.apache.hadoop.hive.ql.io.parquet.serde.TestParquetTimestampsHive2Compatibility" time="0"/>
  <testcase name="testWriteHive4UsingLegacyConversionReadHive2(String)[1850]" classname="org.apache.hadoop.hive.ql.io.parquet.serde.TestParquetTimestampsHive2Compatibility" time="0"/>
  <testcase name="testWriteHive4UsingLegacyConversionReadHive2(String)[1851]" classname="org.apache.hadoop.hive.ql.io.parquet.serde.TestParquetTimestampsHive2Compatibility" time="0"/>
  <testcase name="testWriteHive4UsingLegacyConversionReadHive2(String)[1852]" classname="org.apache.hadoop.hive.ql.io.parquet.serde.TestParquetTimestampsHive2Compatibility" time="0"/>
  <testcase name="testWriteHive4UsingLegacyConversionReadHive2(String)[1853]" classname="org.apache.hadoop.hive.ql.io.parquet.serde.TestParquetTimestampsHive2Compatibility" time="0"/>
  <testcase name="testWriteHive4UsingLegacyConversionReadHive2(String)[1854]" classname="org.apache.hadoop.hive.ql.io.parquet.serde.TestParquetTimestampsHive2Compatibility" time="0"/>
  <testcase name="testWriteHive4UsingLegacyConversionReadHive2(String)[1855]" classname="org.apache.hadoop.hive.ql.io.parquet.serde.TestParquetTimestampsHive2Compatibility" time="0"/>
  <testcase name="testWriteHive4UsingLegacyConversionReadHive2(String)[1856]" classname="org.apache.hadoop.hive.ql.io.parquet.serde.TestParquetTimestampsHive2Compatibility" time="0"/>
  <testcase name="testWriteHive4UsingLegacyConversionReadHive2(String)[1857]" classname="org.apache.hadoop.hive.ql.io.parquet.serde.TestParquetTimestampsHive2Compatibility" time="0"/>
  <testcase name="testWriteHive4UsingLegacyConversionReadHive2(String)[1858]" classname="org.apache.hadoop.hive.ql.io.parquet.serde.TestParquetTimestampsHive2Compatibility" time="0"/>
  <testcase name="testWriteHive4UsingLegacyConversionReadHive2(String)[1859]" classname="org.apache.hadoop.hive.ql.io.parquet.serde.TestParquetTimestampsHive2Compatibility" time="0"/>
  <testcase name="testWriteHive4UsingLegacyConversionReadHive2(String)[1860]" classname="org.apache.hadoop.hive.ql.io.parquet.serde.TestParquetTimestampsHive2Compatibility" time="0"/>
  <testcase name="testWriteHive4UsingLegacyConversionReadHive2(String)[1861]" classname="org.apache.hadoop.hive.ql.io.parquet.serde.TestParquetTimestampsHive2Compatibility" time="0"/>
  <testcase name="testWriteHive4UsingLegacyConversionReadHive2(String)[1862]" classname="org.apache.hadoop.hive.ql.io.parquet.serde.TestParquetTimestampsHive2Compatibility" time="0"/>
  <testcase name="testWriteHive4UsingLegacyConversionReadHive2(String)[1863]" classname="org.apache.hadoop.hive.ql.io.parquet.serde.TestParquetTimestampsHive2Compatibility" time="0"/>
  <testcase name="testWriteHive4UsingLegacyConversionReadHive2(String)[1864]" classname="org.apache.hadoop.hive.ql.io.parquet.serde.TestParquetTimestampsHive2Compatibility" time="0.001"/>
  <testcase name="testWriteHive4UsingLegacyConversionReadHive2(String)[1865]" classname="org.apache.hadoop.hive.ql.io.parquet.serde.TestParquetTimestampsHive2Compatibility" time="0"/>
  <testcase name="testWriteHive4UsingLegacyConversionReadHive2(String)[1866]" classname="org.apache.hadoop.hive.ql.io.parquet.serde.TestParquetTimestampsHive2Compatibility" time="0"/>
  <testcase name="testWriteHive4UsingLegacyConversionReadHive2(String)[1867]" classname="org.apache.hadoop.hive.ql.io.parquet.serde.TestParquetTimestampsHive2Compatibility" time="0"/>
  <testcase name="testWriteHive4UsingLegacyConversionReadHive2(String)[1868]" classname="org.apache.hadoop.hive.ql.io.parquet.serde.TestParquetTimestampsHive2Compatibility" time="0"/>
  <testcase name="testWriteHive4UsingLegacyConversionReadHive2(String)[1869]" classname="org.apache.hadoop.hive.ql.io.parquet.serde.TestParquetTimestampsHive2Compatibility" time="0"/>
  <testcase name="testWriteHive4UsingLegacyConversionReadHive2(String)[1870]" classname="org.apache.hadoop.hive.ql.io.parquet.serde.TestParquetTimestampsHive2Compatibility" time="0"/>
  <testcase name="testWriteHive4UsingLegacyConversionReadHive2(String)[1871]" classname="org.apache.hadoop.hive.ql.io.parquet.serde.TestParquetTimestampsHive2Compatibility" time="0"/>
  <testcase name="testWriteHive4UsingLegacyConversionReadHive2(String)[1872]" classname="org.apache.hadoop.hive.ql.io.parquet.serde.TestParquetTimestampsHive2Compatibility" time="0"/>
  <testcase name="testWriteHive4UsingLegacyConversionReadHive2(String)[1873]" classname="org.apache.hadoop.hive.ql.io.parquet.serde.TestParquetTimestampsHive2Compatibility" time="0"/>
  <testcase name="testWriteHive4UsingLegacyConversionReadHive2(String)[1874]" classname="org.apache.hadoop.hive.ql.io.parquet.serde.TestParquetTimestampsHive2Compatibility" time="0"/>
  <testcase name="testWriteHive4UsingLegacyConversionReadHive2(String)[1875]" classname="org.apache.hadoop.hive.ql.io.parquet.serde.TestParquetTimestampsHive2Compatibility" time="0"/>
  <testcase name="testWriteHive4UsingLegacyConversionReadHive2(String)[1876]" classname="org.apache.hadoop.hive.ql.io.parquet.serde.TestParquetTimestampsHive2Compatibility" time="0"/>
  <testcase name="testWriteHive4UsingLegacyConversionReadHive2(String)[1877]" classname="org.apache.hadoop.hive.ql.io.parquet.serde.TestParquetTimestampsHive2Compatibility" time="0"/>
  <testcase name="testWriteHive4UsingLegacyConversionReadHive2(String)[1878]" classname="org.apache.hadoop.hive.ql.io.parquet.serde.TestParquetTimestampsHive2Compatibility" time="0"/>
  <testcase name="testWriteHive4UsingLegacyConversionReadHive2(String)[1879]" classname="org.apache.hadoop.hive.ql.io.parquet.serde.TestParquetTimestampsHive2Compatibility" time="0"/>
  <testcase name="testWriteHive4UsingLegacyConversionReadHive2(String)[1880]" classname="org.apache.hadoop.hive.ql.io.parquet.serde.TestParquetTimestampsHive2Compatibility" time="0"/>
  <testcase name="testWriteHive4UsingLegacyConversionReadHive2(String)[1881]" classname="org.apache.hadoop.hive.ql.io.parquet.serde.TestParquetTimestampsHive2Compatibility" time="0"/>
  <testcase name="testWriteHive4UsingLegacyConversionReadHive2(String)[1882]" classname="org.apache.hadoop.hive.ql.io.parquet.serde.TestParquetTimestampsHive2Compatibility" time="0"/>
  <testcase name="testWriteHive4UsingLegacyConversionReadHive2(String)[1883]" classname="org.apache.hadoop.hive.ql.io.parquet.serde.TestParquetTimestampsHive2Compatibility" time="0"/>
  <testcase name="testWriteHive4UsingLegacyConversionReadHive2(String)[1884]" classname="org.apache.hadoop.hive.ql.io.parquet.serde.TestParquetTimestampsHive2Compatibility" time="0"/>
  <testcase name="testWriteHive4UsingLegacyConversionReadHive2(String)[1885]" classname="org.apache.hadoop.hive.ql.io.parquet.serde.TestParquetTimestampsHive2Compatibility" time="0"/>
  <testcase name="testWriteHive4UsingLegacyConversionReadHive2(String)[1886]" classname="org.apache.hadoop.hive.ql.io.parquet.serde.TestParquetTimestampsHive2Compatibility" time="0"/>
  <testcase name="testWriteHive4UsingLegacyConversionReadHive2(String)[1887]" classname="org.apache.hadoop.hive.ql.io.parquet.serde.TestParquetTimestampsHive2Compatibility" time="0.001"/>
  <testcase name="testWriteHive4UsingLegacyConversionReadHive2(String)[1888]" classname="org.apache.hadoop.hive.ql.io.parquet.serde.TestParquetTimestampsHive2Compatibility" time="0"/>
  <testcase name="testWriteHive4UsingLegacyConversionReadHive2(String)[1889]" classname="org.apache.hadoop.hive.ql.io.parquet.serde.TestParquetTimestampsHive2Compatibility" time="0"/>
  <testcase name="testWriteHive4UsingLegacyConversionReadHive2(String)[1890]" classname="org.apache.hadoop.hive.ql.io.parquet.serde.TestParquetTimestampsHive2Compatibility" time="0"/>
  <testcase name="testWriteHive4UsingLegacyConversionReadHive2(String)[1891]" classname="org.apache.hadoop.hive.ql.io.parquet.serde.TestParquetTimestampsHive2Compatibility" time="0"/>
  <testcase name="testWriteHive4UsingLegacyConversionReadHive2(String)[1892]" classname="org.apache.hadoop.hive.ql.io.parquet.serde.TestParquetTimestampsHive2Compatibility" time="0"/>
  <testcase name="testWriteHive4UsingLegacyConversionReadHive2(String)[1893]" classname="org.apache.hadoop.hive.ql.io.parquet.serde.TestParquetTimestampsHive2Compatibility" time="0"/>
  <testcase name="testWriteHive4UsingLegacyConversionReadHive2(String)[1894]" classname="org.apache.hadoop.hive.ql.io.parquet.serde.TestParquetTimestampsHive2Compatibility" time="0"/>
  <testcase name="testWriteHive4UsingLegacyConversionReadHive2(String)[1895]" classname="org.apache.hadoop.hive.ql.io.parquet.serde.TestParquetTimestampsHive2Compatibility" time="0"/>
  <testcase name="testWriteHive4UsingLegacyConversionReadHive2(String)[1896]" classname="org.apache.hadoop.hive.ql.io.parquet.serde.TestParquetTimestampsHive2Compatibility" time="0"/>
  <testcase name="testWriteHive4UsingLegacyConversionReadHive2(String)[1897]" classname="org.apache.hadoop.hive.ql.io.parquet.serde.TestParquetTimestampsHive2Compatibility" time="0"/>
  <testcase name="testWriteHive4UsingLegacyConversionReadHive2(String)[1898]" classname="org.apache.hadoop.hive.ql.io.parquet.serde.TestParquetTimestampsHive2Compatibility" time="0"/>
  <testcase name="testWriteHive4UsingLegacyConversionReadHive2(String)[1899]" classname="org.apache.hadoop.hive.ql.io.parquet.serde.TestParquetTimestampsHive2Compatibility" time="0"/>
  <testcase name="testWriteHive4UsingLegacyConversionReadHive2(String)[1900]" classname="org.apache.hadoop.hive.ql.io.parquet.serde.TestParquetTimestampsHive2Compatibility" time="0"/>
  <testcase name="testWriteHive4UsingLegacyConversionReadHive2(String)[1901]" classname="org.apache.hadoop.hive.ql.io.parquet.serde.TestParquetTimestampsHive2Compatibility" time="0"/>
  <testcase name="testWriteHive4UsingLegacyConversionReadHive2(String)[1902]" classname="org.apache.hadoop.hive.ql.io.parquet.serde.TestParquetTimestampsHive2Compatibility" time="0"/>
  <testcase name="testWriteHive4UsingLegacyConversionReadHive2(String)[1903]" classname="org.apache.hadoop.hive.ql.io.parquet.serde.TestParquetTimestampsHive2Compatibility" time="0"/>
  <testcase name="testWriteHive4UsingLegacyConversionReadHive2(String)[1904]" classname="org.apache.hadoop.hive.ql.io.parquet.serde.TestParquetTimestampsHive2Compatibility" time="0"/>
  <testcase name="testWriteHive4UsingLegacyConversionReadHive2(String)[1905]" classname="org.apache.hadoop.hive.ql.io.parquet.serde.TestParquetTimestampsHive2Compatibility" time="0"/>
  <testcase name="testWriteHive4UsingLegacyConversionReadHive2(String)[1906]" classname="org.apache.hadoop.hive.ql.io.parquet.serde.TestParquetTimestampsHive2Compatibility" time="0"/>
  <testcase name="testWriteHive4UsingLegacyConversionReadHive2(String)[1907]" classname="org.apache.hadoop.hive.ql.io.parquet.serde.TestParquetTimestampsHive2Compatibility" time="0"/>
  <testcase name="testWriteHive4UsingLegacyConversionReadHive2(String)[1908]" classname="org.apache.hadoop.hive.ql.io.parquet.serde.TestParquetTimestampsHive2Compatibility" time="0"/>
  <testcase name="testWriteHive4UsingLegacyConversionReadHive2(String)[1909]" classname="org.apache.hadoop.hive.ql.io.parquet.serde.TestParquetTimestampsHive2Compatibility" time="0"/>
  <testcase name="testWriteHive4UsingLegacyConversionReadHive2(String)[1910]" classname="org.apache.hadoop.hive.ql.io.parquet.serde.TestParquetTimestampsHive2Compatibility" time="0.001"/>
  <testcase name="testWriteHive4UsingLegacyConversionReadHive2(String)[1911]" classname="org.apache.hadoop.hive.ql.io.parquet.serde.TestParquetTimestampsHive2Compatibility" time="0"/>
  <testcase name="testWriteHive4UsingLegacyConversionReadHive2(String)[1912]" classname="org.apache.hadoop.hive.ql.io.parquet.serde.TestParquetTimestampsHive2Compatibility" time="0"/>
  <testcase name="testWriteHive4UsingLegacyConversionReadHive2(String)[1913]" classname="org.apache.hadoop.hive.ql.io.parquet.serde.TestParquetTimestampsHive2Compatibility" time="0"/>
  <testcase name="testWriteHive4UsingLegacyConversionReadHive2(String)[1914]" classname="org.apache.hadoop.hive.ql.io.parquet.serde.TestParquetTimestampsHive2Compatibility" time="0"/>
  <testcase name="testWriteHive4UsingLegacyConversionReadHive2(String)[1915]" classname="org.apache.hadoop.hive.ql.io.parquet.serde.TestParquetTimestampsHive2Compatibility" time="0"/>
  <testcase name="testWriteHive4UsingLegacyConversionReadHive2(String)[1916]" classname="org.apache.hadoop.hive.ql.io.parquet.serde.TestParquetTimestampsHive2Compatibility" time="0.001"/>
  <testcase name="testWriteHive4UsingLegacyConversionReadHive2(String)[1917]" classname="org.apache.hadoop.hive.ql.io.parquet.serde.TestParquetTimestampsHive2Compatibility" time="0"/>
  <testcase name="testWriteHive4UsingLegacyConversionReadHive2(String)[1918]" classname="org.apache.hadoop.hive.ql.io.parquet.serde.TestParquetTimestampsHive2Compatibility" time="0"/>
  <testcase name="testWriteHive4UsingLegacyConversionReadHive2(String)[1919]" classname="org.apache.hadoop.hive.ql.io.parquet.serde.TestParquetTimestampsHive2Compatibility" time="0"/>
  <testcase name="testWriteHive4UsingLegacyConversionReadHive2(String)[1920]" classname="org.apache.hadoop.hive.ql.io.parquet.serde.TestParquetTimestampsHive2Compatibility" time="0"/>
  <testcase name="testWriteHive4UsingLegacyConversionReadHive2(String)[1921]" classname="org.apache.hadoop.hive.ql.io.parquet.serde.TestParquetTimestampsHive2Compatibility" time="0"/>
  <testcase name="testWriteHive4UsingLegacyConversionReadHive2(String)[1922]" classname="org.apache.hadoop.hive.ql.io.parquet.serde.TestParquetTimestampsHive2Compatibility" time="0.001"/>
  <testcase name="testWriteHive4UsingLegacyConversionReadHive2(String)[1923]" classname="org.apache.hadoop.hive.ql.io.parquet.serde.TestParquetTimestampsHive2Compatibility" time="0"/>
  <testcase name="testWriteHive4UsingLegacyConversionReadHive2(String)[1924]" classname="org.apache.hadoop.hive.ql.io.parquet.serde.TestParquetTimestampsHive2Compatibility" time="0"/>
  <testcase name="testWriteHive4UsingLegacyConversionReadHive2(String)[1925]" classname="org.apache.hadoop.hive.ql.io.parquet.serde.TestParquetTimestampsHive2Compatibility" time="0"/>
  <testcase name="testWriteHive4UsingLegacyConversionReadHive2(String)[1926]" classname="org.apache.hadoop.hive.ql.io.parquet.serde.TestParquetTimestampsHive2Compatibility" time="0"/>
  <testcase name="testWriteHive4UsingLegacyConversionReadHive2(String)[1927]" classname="org.apache.hadoop.hive.ql.io.parquet.serde.TestParquetTimestampsHive2Compatibility" time="0"/>
  <testcase name="testWriteHive4UsingLegacyConversionReadHive2(String)[1928]" classname="org.apache.hadoop.hive.ql.io.parquet.serde.TestParquetTimestampsHive2Compatibility" time="0"/>
  <testcase name="testWriteHive4UsingLegacyConversionReadHive2(String)[1929]" classname="org.apache.hadoop.hive.ql.io.parquet.serde.TestParquetTimestampsHive2Compatibility" time="0"/>
  <testcase name="testWriteHive4UsingLegacyConversionReadHive2(String)[1930]" classname="org.apache.hadoop.hive.ql.io.parquet.serde.TestParquetTimestampsHive2Compatibility" time="0"/>
  <testcase name="testWriteHive4UsingLegacyConversionReadHive2(String)[1931]" classname="org.apache.hadoop.hive.ql.io.parquet.serde.TestParquetTimestampsHive2Compatibility" time="0"/>
  <testcase name="testWriteHive4UsingLegacyConversionReadHive2(String)[1932]" classname="org.apache.hadoop.hive.ql.io.parquet.serde.TestParquetTimestampsHive2Compatibility" time="0"/>
  <testcase name="testWriteHive4UsingLegacyConversionReadHive2(String)[1933]" classname="org.apache.hadoop.hive.ql.io.parquet.serde.TestParquetTimestampsHive2Compatibility" time="0"/>
  <testcase name="testWriteHive4UsingLegacyConversionReadHive2(String)[1934]" classname="org.apache.hadoop.hive.ql.io.parquet.serde.TestParquetTimestampsHive2Compatibility" time="0"/>
  <testcase name="testWriteHive4UsingLegacyConversionReadHive2(String)[1935]" classname="org.apache.hadoop.hive.ql.io.parquet.serde.TestParquetTimestampsHive2Compatibility" time="0"/>
  <testcase name="testWriteHive4UsingLegacyConversionReadHive2(String)[1936]" classname="org.apache.hadoop.hive.ql.io.parquet.serde.TestParquetTimestampsHive2Compatibility" time="0"/>
  <testcase name="testWriteHive4UsingLegacyConversionReadHive2(String)[1937]" classname="org.apache.hadoop.hive.ql.io.parquet.serde.TestParquetTimestampsHive2Compatibility" time="0"/>
  <testcase name="testWriteHive4UsingLegacyConversionReadHive2(String)[1938]" classname="org.apache.hadoop.hive.ql.io.parquet.serde.TestParquetTimestampsHive2Compatibility" time="0"/>
  <testcase name="testWriteHive4UsingLegacyConversionReadHive2(String)[1939]" classname="org.apache.hadoop.hive.ql.io.parquet.serde.TestParquetTimestampsHive2Compatibility" time="0"/>
  <testcase name="testWriteHive4UsingLegacyConversionReadHive2(String)[1940]" classname="org.apache.hadoop.hive.ql.io.parquet.serde.TestParquetTimestampsHive2Compatibility" time="0"/>
  <testcase name="testWriteHive4UsingLegacyConversionReadHive2(String)[1941]" classname="org.apache.hadoop.hive.ql.io.parquet.serde.TestParquetTimestampsHive2Compatibility" time="0"/>
  <testcase name="testWriteHive4UsingLegacyConversionReadHive2(String)[1942]" classname="org.apache.hadoop.hive.ql.io.parquet.serde.TestParquetTimestampsHive2Compatibility" time="0"/>
  <testcase name="testWriteHive4UsingLegacyConversionReadHive2(String)[1943]" classname="org.apache.hadoop.hive.ql.io.parquet.serde.TestParquetTimestampsHive2Compatibility" time="0"/>
  <testcase name="testWriteHive4UsingLegacyConversionReadHive2(String)[1944]" classname="org.apache.hadoop.hive.ql.io.parquet.serde.TestParquetTimestampsHive2Compatibility" time="0"/>
  <testcase name="testWriteHive4UsingLegacyConversionReadHive2(String)[1945]" classname="org.apache.hadoop.hive.ql.io.parquet.serde.TestParquetTimestampsHive2Compatibility" time="0"/>
  <testcase name="testWriteHive4UsingLegacyConversionReadHive2(String)[1946]" classname="org.apache.hadoop.hive.ql.io.parquet.serde.TestParquetTimestampsHive2Compatibility" time="0"/>
  <testcase name="testWriteHive4UsingLegacyConversionReadHive2(String)[1947]" classname="org.apache.hadoop.hive.ql.io.parquet.serde.TestParquetTimestampsHive2Compatibility" time="0"/>
  <testcase name="testWriteHive4UsingLegacyConversionReadHive2(String)[1948]" classname="org.apache.hadoop.hive.ql.io.parquet.serde.TestParquetTimestampsHive2Compatibility" time="0"/>
  <testcase name="testWriteHive4UsingLegacyConversionReadHive2(String)[1949]" classname="org.apache.hadoop.hive.ql.io.parquet.serde.TestParquetTimestampsHive2Compatibility" time="0"/>
  <testcase name="testWriteHive4UsingLegacyConversionReadHive2(String)[1950]" classname="org.apache.hadoop.hive.ql.io.parquet.serde.TestParquetTimestampsHive2Compatibility" time="0.001"/>
  <testcase name="testWriteHive4UsingLegacyConversionReadHive2(String)[1951]" classname="org.apache.hadoop.hive.ql.io.parquet.serde.TestParquetTimestampsHive2Compatibility" time="0"/>
  <testcase name="testWriteHive4UsingLegacyConversionReadHive2(String)[1952]" classname="org.apache.hadoop.hive.ql.io.parquet.serde.TestParquetTimestampsHive2Compatibility" time="0"/>
  <testcase name="testWriteHive4UsingLegacyConversionReadHive2(String)[1953]" classname="org.apache.hadoop.hive.ql.io.parquet.serde.TestParquetTimestampsHive2Compatibility" time="0"/>
  <testcase name="testWriteHive4UsingLegacyConversionReadHive2(String)[1954]" classname="org.apache.hadoop.hive.ql.io.parquet.serde.TestParquetTimestampsHive2Compatibility" time="0"/>
  <testcase name="testWriteHive4UsingLegacyConversionReadHive2(String)[1955]" classname="org.apache.hadoop.hive.ql.io.parquet.serde.TestParquetTimestampsHive2Compatibility" time="0"/>
  <testcase name="testWriteHive4UsingLegacyConversionReadHive2(String)[1956]" classname="org.apache.hadoop.hive.ql.io.parquet.serde.TestParquetTimestampsHive2Compatibility" time="0.001"/>
  <testcase name="testWriteHive4UsingLegacyConversionReadHive2(String)[1957]" classname="org.apache.hadoop.hive.ql.io.parquet.serde.TestParquetTimestampsHive2Compatibility" time="0"/>
  <testcase name="testWriteHive4UsingLegacyConversionReadHive2(String)[1958]" classname="org.apache.hadoop.hive.ql.io.parquet.serde.TestParquetTimestampsHive2Compatibility" time="0"/>
  <testcase name="testWriteHive4UsingLegacyConversionReadHive2(String)[1959]" classname="org.apache.hadoop.hive.ql.io.parquet.serde.TestParquetTimestampsHive2Compatibility" time="0"/>
  <testcase name="testWriteHive4UsingLegacyConversionReadHive2(String)[1960]" classname="org.apache.hadoop.hive.ql.io.parquet.serde.TestParquetTimestampsHive2Compatibility" time="0"/>
  <testcase name="testWriteHive4UsingLegacyConversionReadHive2(String)[1961]" classname="org.apache.hadoop.hive.ql.io.parquet.serde.TestParquetTimestampsHive2Compatibility" time="0"/>
  <testcase name="testWriteHive4UsingLegacyConversionReadHive2(String)[1962]" classname="org.apache.hadoop.hive.ql.io.parquet.serde.TestParquetTimestampsHive2Compatibility" time="0.001"/>
  <testcase name="testWriteHive4UsingLegacyConversionReadHive2(String)[1963]" classname="org.apache.hadoop.hive.ql.io.parquet.serde.TestParquetTimestampsHive2Compatibility" time="0"/>
  <testcase name="testWriteHive4UsingLegacyConversionReadHive2(String)[1964]" classname="org.apache.hadoop.hive.ql.io.parquet.serde.TestParquetTimestampsHive2Compatibility" time="0"/>
  <testcase name="testWriteHive4UsingLegacyConversionReadHive2(String)[1965]" classname="org.apache.hadoop.hive.ql.io.parquet.serde.TestParquetTimestampsHive2Compatibility" time="0"/>
  <testcase name="testWriteHive4UsingLegacyConversionReadHive2(String)[1966]" classname="org.apache.hadoop.hive.ql.io.parquet.serde.TestParquetTimestampsHive2Compatibility" time="0"/>
  <testcase name="testWriteHive4UsingLegacyConversionReadHive2(String)[1967]" classname="org.apache.hadoop.hive.ql.io.parquet.serde.TestParquetTimestampsHive2Compatibility" time="0"/>
  <testcase name="testWriteHive4UsingLegacyConversionReadHive2(String)[1968]" classname="org.apache.hadoop.hive.ql.io.parquet.serde.TestParquetTimestampsHive2Compatibility" time="0"/>
  <testcase name="testWriteHive4UsingLegacyConversionReadHive2(String)[1969]" classname="org.apache.hadoop.hive.ql.io.parquet.serde.TestParquetTimestampsHive2Compatibility" time="0"/>
  <testcase name="testWriteHive4UsingLegacyConversionReadHive2(String)[1970]" classname="org.apache.hadoop.hive.ql.io.parquet.serde.TestParquetTimestampsHive2Compatibility" time="0"/>
  <testcase name="testWriteHive4UsingLegacyConversionReadHive2(String)[1971]" classname="org.apache.hadoop.hive.ql.io.parquet.serde.TestParquetTimestampsHive2Compatibility" time="0"/>
  <testcase name="testWriteHive4UsingLegacyConversionReadHive2(String)[1972]" classname="org.apache.hadoop.hive.ql.io.parquet.serde.TestParquetTimestampsHive2Compatibility" time="0"/>
  <testcase name="testWriteHive4UsingLegacyConversionReadHive2(String)[1973]" classname="org.apache.hadoop.hive.ql.io.parquet.serde.TestParquetTimestampsHive2Compatibility" time="0"/>
  <testcase name="testWriteHive4UsingLegacyConversionReadHive2(String)[1974]" classname="org.apache.hadoop.hive.ql.io.parquet.serde.TestParquetTimestampsHive2Compatibility" time="0"/>
  <testcase name="testWriteHive4UsingLegacyConversionReadHive2(String)[1975]" classname="org.apache.hadoop.hive.ql.io.parquet.serde.TestParquetTimestampsHive2Compatibility" time="0"/>
  <testcase name="testWriteHive4UsingLegacyConversionReadHive2(String)[1976]" classname="org.apache.hadoop.hive.ql.io.parquet.serde.TestParquetTimestampsHive2Compatibility" time="0"/>
  <testcase name="testWriteHive4UsingLegacyConversionReadHive2(String)[1977]" classname="org.apache.hadoop.hive.ql.io.parquet.serde.TestParquetTimestampsHive2Compatibility" time="0"/>
  <testcase name="testWriteHive4UsingLegacyConversionReadHive2(String)[1978]" classname="org.apache.hadoop.hive.ql.io.parquet.serde.TestParquetTimestampsHive2Compatibility" time="0"/>
  <testcase name="testWriteHive4UsingLegacyConversionReadHive2(String)[1979]" classname="org.apache.hadoop.hive.ql.io.parquet.serde.TestParquetTimestampsHive2Compatibility" time="0.001"/>
  <testcase name="testWriteHive4UsingLegacyConversionReadHive2(String)[1980]" classname="org.apache.hadoop.hive.ql.io.parquet.serde.TestParquetTimestampsHive2Compatibility" time="0"/>
  <testcase name="testWriteHive4UsingLegacyConversionReadHive2(String)[1981]" classname="org.apache.hadoop.hive.ql.io.parquet.serde.TestParquetTimestampsHive2Compatibility" time="0"/>
  <testcase name="testWriteHive4UsingLegacyConversionReadHive2(String)[1982]" classname="org.apache.hadoop.hive.ql.io.parquet.serde.TestParquetTimestampsHive2Compatibility" time="0"/>
  <testcase name="testWriteHive4UsingLegacyConversionReadHive2(String)[1983]" classname="org.apache.hadoop.hive.ql.io.parquet.serde.TestParquetTimestampsHive2Compatibility" time="0"/>
  <testcase name="testWriteHive4UsingLegacyConversionReadHive2(String)[1984]" classname="org.apache.hadoop.hive.ql.io.parquet.serde.TestParquetTimestampsHive2Compatibility" time="0"/>
  <testcase name="testWriteHive4UsingLegacyConversionReadHive2(String)[1985]" classname="org.apache.hadoop.hive.ql.io.parquet.serde.TestParquetTimestampsHive2Compatibility" time="0"/>
  <testcase name="testWriteHive4UsingLegacyConversionReadHive2(String)[1986]" classname="org.apache.hadoop.hive.ql.io.parquet.serde.TestParquetTimestampsHive2Compatibility" time="0"/>
  <testcase name="testWriteHive4UsingLegacyConversionReadHive2(String)[1987]" classname="org.apache.hadoop.hive.ql.io.parquet.serde.TestParquetTimestampsHive2Compatibility" time="0"/>
  <testcase name="testWriteHive4UsingLegacyConversionReadHive2(String)[1988]" classname="org.apache.hadoop.hive.ql.io.parquet.serde.TestParquetTimestampsHive2Compatibility" time="0"/>
  <testcase name="testWriteHive4UsingLegacyConversionReadHive2(String)[1989]" classname="org.apache.hadoop.hive.ql.io.parquet.serde.TestParquetTimestampsHive2Compatibility" time="0"/>
  <testcase name="testWriteHive4UsingLegacyConversionReadHive2(String)[1990]" classname="org.apache.hadoop.hive.ql.io.parquet.serde.TestParquetTimestampsHive2Compatibility" time="0"/>
  <testcase name="testWriteHive4UsingLegacyConversionReadHive2(String)[1991]" classname="org.apache.hadoop.hive.ql.io.parquet.serde.TestParquetTimestampsHive2Compatibility" time="0"/>
  <testcase name="testWriteHive4UsingLegacyConversionReadHive2(String)[1992]" classname="org.apache.hadoop.hive.ql.io.parquet.serde.TestParquetTimestampsHive2Compatibility" time="0.001"/>
  <testcase name="testWriteHive4UsingLegacyConversionReadHive2(String)[1993]" classname="org.apache.hadoop.hive.ql.io.parquet.serde.TestParquetTimestampsHive2Compatibility" time="0"/>
  <testcase name="testWriteHive4UsingLegacyConversionReadHive2(String)[1994]" classname="org.apache.hadoop.hive.ql.io.parquet.serde.TestParquetTimestampsHive2Compatibility" time="0"/>
  <testcase name="testWriteHive4UsingLegacyConversionReadHive2(String)[1995]" classname="org.apache.hadoop.hive.ql.io.parquet.serde.TestParquetTimestampsHive2Compatibility" time="0"/>
  <testcase name="testWriteHive4UsingLegacyConversionReadHive2(String)[1996]" classname="org.apache.hadoop.hive.ql.io.parquet.serde.TestParquetTimestampsHive2Compatibility" time="0"/>
  <testcase name="testWriteHive4UsingLegacyConversionReadHive2(String)[1997]" classname="org.apache.hadoop.hive.ql.io.parquet.serde.TestParquetTimestampsHive2Compatibility" time="0"/>
  <testcase name="testWriteHive4UsingLegacyConversionReadHive2(String)[1998]" classname="org.apache.hadoop.hive.ql.io.parquet.serde.TestParquetTimestampsHive2Compatibility" time="0"/>
  <testcase name="testWriteHive4UsingLegacyConversionReadHive2(String)[1999]" classname="org.apache.hadoop.hive.ql.io.parquet.serde.TestParquetTimestampsHive2Compatibility" time="0"/>
  <testcase name="testWriteHive4UsingLegacyConversionReadHive2(String)[2000]" classname="org.apache.hadoop.hive.ql.io.parquet.serde.TestParquetTimestampsHive2Compatibility" time="0"/>
  <testcase name="testWriteHive4UsingLegacyConversionReadHive2(String)[2001]" classname="org.apache.hadoop.hive.ql.io.parquet.serde.TestParquetTimestampsHive2Compatibility" time="0"/>
  <testcase name="testWriteHive4UsingLegacyConversionReadHive2(String)[2002]" classname="org.apache.hadoop.hive.ql.io.parquet.serde.TestParquetTimestampsHive2Compatibility" time="0"/>
  <testcase name="testWriteHive4UsingLegacyConversionReadHive2(String)[2003]" classname="org.apache.hadoop.hive.ql.io.parquet.serde.TestParquetTimestampsHive2Compatibility" time="0"/>
  <testcase name="testWriteHive4UsingLegacyConversionReadHive2(String)[2004]" classname="org.apache.hadoop.hive.ql.io.parquet.serde.TestParquetTimestampsHive2Compatibility" time="0"/>
  <testcase name="testWriteHive4UsingLegacyConversionReadHive2(String)[2005]" classname="org.apache.hadoop.hive.ql.io.parquet.serde.TestParquetTimestampsHive2Compatibility" time="0.001"/>
  <testcase name="testWriteHive4UsingLegacyConversionReadHive2(String)[2006]" classname="org.apache.hadoop.hive.ql.io.parquet.serde.TestParquetTimestampsHive2Compatibility" time="0"/>
  <testcase name="testWriteHive4UsingLegacyConversionReadHive2(String)[2007]" classname="org.apache.hadoop.hive.ql.io.parquet.serde.TestParquetTimestampsHive2Compatibility" time="0"/>
  <testcase name="testWriteHive4UsingLegacyConversionReadHive2(String)[2008]" classname="org.apache.hadoop.hive.ql.io.parquet.serde.TestParquetTimestampsHive2Compatibility" time="0"/>
  <testcase name="testWriteHive4UsingLegacyConversionReadHive2(String)[2009]" classname="org.apache.hadoop.hive.ql.io.parquet.serde.TestParquetTimestampsHive2Compatibility" time="0"/>
  <testcase name="testWriteHive4UsingLegacyConversionReadHive2(String)[2010]" classname="org.apache.hadoop.hive.ql.io.parquet.serde.TestParquetTimestampsHive2Compatibility" time="0"/>
  <testcase name="testWriteHive4UsingLegacyConversionReadHive2(String)[2011]" classname="org.apache.hadoop.hive.ql.io.parquet.serde.TestParquetTimestampsHive2Compatibility" time="0"/>
  <testcase name="testWriteHive4UsingLegacyConversionReadHive2(String)[2012]" classname="org.apache.hadoop.hive.ql.io.parquet.serde.TestParquetTimestampsHive2Compatibility" time="0"/>
  <testcase name="testWriteHive4UsingLegacyConversionReadHive2(String)[2013]" classname="org.apache.hadoop.hive.ql.io.parquet.serde.TestParquetTimestampsHive2Compatibility" time="0"/>
  <testcase name="testWriteHive4UsingLegacyConversionReadHive2(String)[2014]" classname="org.apache.hadoop.hive.ql.io.parquet.serde.TestParquetTimestampsHive2Compatibility" time="0"/>
  <testcase name="testWriteHive4UsingLegacyConversionReadHive2(String)[2015]" classname="org.apache.hadoop.hive.ql.io.parquet.serde.TestParquetTimestampsHive2Compatibility" time="0"/>
  <testcase name="testWriteHive4UsingLegacyConversionReadHive2(String)[2016]" classname="org.apache.hadoop.hive.ql.io.parquet.serde.TestParquetTimestampsHive2Compatibility" time="0"/>
  <testcase name="testWriteHive4UsingLegacyConversionReadHive2(String)[2017]" classname="org.apache.hadoop.hive.ql.io.parquet.serde.TestParquetTimestampsHive2Compatibility" time="0"/>
  <testcase name="testWriteHive4UsingLegacyConversionReadHive2(String)[2018]" classname="org.apache.hadoop.hive.ql.io.parquet.serde.TestParquetTimestampsHive2Compatibility" time="0.001"/>
  <testcase name="testWriteHive4UsingLegacyConversionReadHive2(String)[2019]" classname="org.apache.hadoop.hive.ql.io.parquet.serde.TestParquetTimestampsHive2Compatibility" time="0"/>
  <testcase name="testWriteHive4UsingLegacyConversionReadHive2(String)[2020]" classname="org.apache.hadoop.hive.ql.io.parquet.serde.TestParquetTimestampsHive2Compatibility" time="0"/>
  <testcase name="testWriteHive4UsingLegacyConversionReadHive2(String)[2021]" classname="org.apache.hadoop.hive.ql.io.parquet.serde.TestParquetTimestampsHive2Compatibility" time="0"/>
  <testcase name="testWriteHive4UsingLegacyConversionReadHive2(String)[2022]" classname="org.apache.hadoop.hive.ql.io.parquet.serde.TestParquetTimestampsHive2Compatibility" time="0"/>
  <testcase name="testWriteHive4UsingLegacyConversionReadHive2(String)[2023]" classname="org.apache.hadoop.hive.ql.io.parquet.serde.TestParquetTimestampsHive2Compatibility" time="0"/>
  <testcase name="testWriteHive4UsingLegacyConversionReadHive2(String)[2024]" classname="org.apache.hadoop.hive.ql.io.parquet.serde.TestParquetTimestampsHive2Compatibility" time="0"/>
  <testcase name="testWriteHive4UsingLegacyConversionReadHive2(String)[2025]" classname="org.apache.hadoop.hive.ql.io.parquet.serde.TestParquetTimestampsHive2Compatibility" time="0"/>
  <testcase name="testWriteHive4UsingLegacyConversionReadHive2(String)[2026]" classname="org.apache.hadoop.hive.ql.io.parquet.serde.TestParquetTimestampsHive2Compatibility" time="0"/>
  <testcase name="testWriteHive4UsingLegacyConversionReadHive2(String)[2027]" classname="org.apache.hadoop.hive.ql.io.parquet.serde.TestParquetTimestampsHive2Compatibility" time="0"/>
  <testcase name="testWriteHive4UsingLegacyConversionReadHive2(String)[2028]" classname="org.apache.hadoop.hive.ql.io.parquet.serde.TestParquetTimestampsHive2Compatibility" time="0"/>
  <testcase name="testWriteHive4UsingLegacyConversionReadHive2(String)[2029]" classname="org.apache.hadoop.hive.ql.io.parquet.serde.TestParquetTimestampsHive2Compatibility" time="0"/>
  <testcase name="testWriteHive4UsingLegacyConversionReadHive2(String)[2030]" classname="org.apache.hadoop.hive.ql.io.parquet.serde.TestParquetTimestampsHive2Compatibility" time="0"/>
  <testcase name="testWriteHive4UsingLegacyConversionReadHive2(String)[2031]" classname="org.apache.hadoop.hive.ql.io.parquet.serde.TestParquetTimestampsHive2Compatibility" time="0.001"/>
  <testcase name="testWriteHive4UsingLegacyConversionReadHive2(String)[2032]" classname="org.apache.hadoop.hive.ql.io.parquet.serde.TestParquetTimestampsHive2Compatibility" time="0"/>
  <testcase name="testWriteHive4UsingLegacyConversionReadHive2(String)[2033]" classname="org.apache.hadoop.hive.ql.io.parquet.serde.TestParquetTimestampsHive2Compatibility" time="0"/>
  <testcase name="testWriteHive4UsingLegacyConversionReadHive2(String)[2034]" classname="org.apache.hadoop.hive.ql.io.parquet.serde.TestParquetTimestampsHive2Compatibility" time="0"/>
  <testcase name="testWriteHive4UsingLegacyConversionReadHive2(String)[2035]" classname="org.apache.hadoop.hive.ql.io.parquet.serde.TestParquetTimestampsHive2Compatibility" time="0"/>
  <testcase name="testWriteHive4UsingLegacyConversionReadHive2(String)[2036]" classname="org.apache.hadoop.hive.ql.io.parquet.serde.TestParquetTimestampsHive2Compatibility" time="0"/>
  <testcase name="testWriteHive4UsingLegacyConversionReadHive2(String)[2037]" classname="org.apache.hadoop.hive.ql.io.parquet.serde.TestParquetTimestampsHive2Compatibility" time="0"/>
  <testcase name="testWriteHive4UsingLegacyConversionReadHive2(String)[2038]" classname="org.apache.hadoop.hive.ql.io.parquet.serde.TestParquetTimestampsHive2Compatibility" time="0"/>
  <testcase name="testWriteHive4UsingLegacyConversionReadHive2(String)[2039]" classname="org.apache.hadoop.hive.ql.io.parquet.serde.TestParquetTimestampsHive2Compatibility" time="0"/>
  <testcase name="testWriteHive4UsingLegacyConversionReadHive2(String)[2040]" classname="org.apache.hadoop.hive.ql.io.parquet.serde.TestParquetTimestampsHive2Compatibility" time="0.001"/>
  <testcase name="testWriteHive4UsingLegacyConversionReadHive2(String)[2041]" classname="org.apache.hadoop.hive.ql.io.parquet.serde.TestParquetTimestampsHive2Compatibility" time="0"/>
  <testcase name="testWriteHive4UsingLegacyConversionReadHive2(String)[2042]" classname="org.apache.hadoop.hive.ql.io.parquet.serde.TestParquetTimestampsHive2Compatibility" time="0"/>
  <testcase name="testWriteHive4UsingLegacyConversionReadHive2(String)[2043]" classname="org.apache.hadoop.hive.ql.io.parquet.serde.TestParquetTimestampsHive2Compatibility" time="0"/>
  <testcase name="testWriteHive4UsingLegacyConversionReadHive2(String)[2044]" classname="org.apache.hadoop.hive.ql.io.parquet.serde.TestParquetTimestampsHive2Compatibility" time="0"/>
  <testcase name="testWriteHive4UsingLegacyConversionReadHive2(String)[2045]" classname="org.apache.hadoop.hive.ql.io.parquet.serde.TestParquetTimestampsHive2Compatibility" time="0"/>
  <testcase name="testWriteHive4UsingLegacyConversionReadHive2(String)[2046]" classname="org.apache.hadoop.hive.ql.io.parquet.serde.TestParquetTimestampsHive2Compatibility" time="0"/>
  <testcase name="testWriteHive4UsingLegacyConversionReadHive2(String)[2047]" classname="org.apache.hadoop.hive.ql.io.parquet.serde.TestParquetTimestampsHive2Compatibility" time="0"/>
  <testcase name="testWriteHive4UsingLegacyConversionReadHive2(String)[2048]" classname="org.apache.hadoop.hive.ql.io.parquet.serde.TestParquetTimestampsHive2Compatibility" time="0"/>
  <testcase name="testWriteHive4UsingLegacyConversionReadHive2(String)[2049]" classname="org.apache.hadoop.hive.ql.io.parquet.serde.TestParquetTimestampsHive2Compatibility" time="0"/>
  <testcase name="testWriteHive4UsingLegacyConversionReadHive2(String)[2050]" classname="org.apache.hadoop.hive.ql.io.parquet.serde.TestParquetTimestampsHive2Compatibility" time="0"/>
  <testcase name="testWriteHive4UsingLegacyConversionReadHive2(String)[2051]" classname="org.apache.hadoop.hive.ql.io.parquet.serde.TestParquetTimestampsHive2Compatibility" time="0"/>
  <testcase name="testWriteHive4UsingLegacyConversionReadHive2(String)[2052]" classname="org.apache.hadoop.hive.ql.io.parquet.serde.TestParquetTimestampsHive2Compatibility" time="0"/>
  <testcase name="testWriteHive4UsingLegacyConversionReadHive2(String)[2053]" classname="org.apache.hadoop.hive.ql.io.parquet.serde.TestParquetTimestampsHive2Compatibility" time="0"/>
  <testcase name="testWriteHive4UsingLegacyConversionReadHive2(String)[2054]" classname="org.apache.hadoop.hive.ql.io.parquet.serde.TestParquetTimestampsHive2Compatibility" time="0"/>
  <testcase name="testWriteHive4UsingLegacyConversionReadHive2(String)[2055]" classname="org.apache.hadoop.hive.ql.io.parquet.serde.TestParquetTimestampsHive2Compatibility" time="0"/>
  <testcase name="testWriteHive4UsingLegacyConversionReadHive2(String)[2056]" classname="org.apache.hadoop.hive.ql.io.parquet.serde.TestParquetTimestampsHive2Compatibility" time="0"/>
  <testcase name="testWriteHive4UsingLegacyConversionReadHive2(String)[2057]" classname="org.apache.hadoop.hive.ql.io.parquet.serde.TestParquetTimestampsHive2Compatibility" time="0"/>
  <testcase name="testWriteHive4UsingLegacyConversionReadHive2(String)[2058]" classname="org.apache.hadoop.hive.ql.io.parquet.serde.TestParquetTimestampsHive2Compatibility" time="0"/>
  <testcase name="testWriteHive4UsingLegacyConversionReadHive2(String)[2059]" classname="org.apache.hadoop.hive.ql.io.parquet.serde.TestParquetTimestampsHive2Compatibility" time="0"/>
  <testcase name="testWriteHive4UsingLegacyConversionReadHive2(String)[2060]" classname="org.apache.hadoop.hive.ql.io.parquet.serde.TestParquetTimestampsHive2Compatibility" time="0"/>
  <testcase name="testWriteHive4UsingLegacyConversionReadHive2(String)[2061]" classname="org.apache.hadoop.hive.ql.io.parquet.serde.TestParquetTimestampsHive2Compatibility" time="0"/>
  <testcase name="testWriteHive4UsingLegacyConversionReadHive2(String)[2062]" classname="org.apache.hadoop.hive.ql.io.parquet.serde.TestParquetTimestampsHive2Compatibility" time="0"/>
  <testcase name="testWriteHive4UsingLegacyConversionReadHive2(String)[2063]" classname="org.apache.hadoop.hive.ql.io.parquet.serde.TestParquetTimestampsHive2Compatibility" time="0"/>
  <testcase name="testWriteHive4UsingLegacyConversionReadHive2(String)[2064]" classname="org.apache.hadoop.hive.ql.io.parquet.serde.TestParquetTimestampsHive2Compatibility" time="0"/>
  <testcase name="testWriteHive4UsingLegacyConversionReadHive2(String)[2065]" classname="org.apache.hadoop.hive.ql.io.parquet.serde.TestParquetTimestampsHive2Compatibility" time="0"/>
  <testcase name="testWriteHive4UsingLegacyConversionReadHive2(String)[2066]" classname="org.apache.hadoop.hive.ql.io.parquet.serde.TestParquetTimestampsHive2Compatibility" time="0"/>
  <testcase name="testWriteHive4UsingLegacyConversionReadHive2(String)[2067]" classname="org.apache.hadoop.hive.ql.io.parquet.serde.TestParquetTimestampsHive2Compatibility" time="0"/>
  <testcase name="testWriteHive4UsingLegacyConversionReadHive2(String)[2068]" classname="org.apache.hadoop.hive.ql.io.parquet.serde.TestParquetTimestampsHive2Compatibility" time="0"/>
  <testcase name="testWriteHive4UsingLegacyConversionReadHive2(String)[2069]" classname="org.apache.hadoop.hive.ql.io.parquet.serde.TestParquetTimestampsHive2Compatibility" time="0"/>
  <testcase name="testWriteHive4UsingLegacyConversionReadHive2(String)[2070]" classname="org.apache.hadoop.hive.ql.io.parquet.serde.TestParquetTimestampsHive2Compatibility" time="0"/>
  <testcase name="testWriteHive4UsingLegacyConversionReadHive2(String)[2071]" classname="org.apache.hadoop.hive.ql.io.parquet.serde.TestParquetTimestampsHive2Compatibility" time="0"/>
  <testcase name="testWriteHive4UsingLegacyConversionReadHive2(String)[2072]" classname="org.apache.hadoop.hive.ql.io.parquet.serde.TestParquetTimestampsHive2Compatibility" time="0"/>
  <testcase name="testWriteHive4UsingLegacyConversionReadHive2(String)[2073]" classname="org.apache.hadoop.hive.ql.io.parquet.serde.TestParquetTimestampsHive2Compatibility" time="0"/>
  <testcase name="testWriteHive4UsingLegacyConversionReadHive2(String)[2074]" classname="org.apache.hadoop.hive.ql.io.parquet.serde.TestParquetTimestampsHive2Compatibility" time="0"/>
  <testcase name="testWriteHive4UsingLegacyConversionReadHive2(String)[2075]" classname="org.apache.hadoop.hive.ql.io.parquet.serde.TestParquetTimestampsHive2Compatibility" time="0"/>
  <testcase name="testWriteHive4UsingLegacyConversionReadHive2(String)[2076]" classname="org.apache.hadoop.hive.ql.io.parquet.serde.TestParquetTimestampsHive2Compatibility" time="0"/>
  <testcase name="testWriteHive4UsingLegacyConversionReadHive2(String)[2077]" classname="org.apache.hadoop.hive.ql.io.parquet.serde.TestParquetTimestampsHive2Compatibility" time="0"/>
  <testcase name="testWriteHive4UsingLegacyConversionReadHive2(String)[2078]" classname="org.apache.hadoop.hive.ql.io.parquet.serde.TestParquetTimestampsHive2Compatibility" time="0"/>
  <testcase name="testWriteHive4UsingLegacyConversionReadHive2(String)[2079]" classname="org.apache.hadoop.hive.ql.io.parquet.serde.TestParquetTimestampsHive2Compatibility" time="0.001"/>
  <testcase name="testWriteHive4UsingLegacyConversionReadHive2(String)[2080]" classname="org.apache.hadoop.hive.ql.io.parquet.serde.TestParquetTimestampsHive2Compatibility" time="0"/>
  <testcase name="testWriteHive4UsingLegacyConversionReadHive2(String)[2081]" classname="org.apache.hadoop.hive.ql.io.parquet.serde.TestParquetTimestampsHive2Compatibility" time="0"/>
  <testcase name="testWriteHive4UsingLegacyConversionReadHive2(String)[2082]" classname="org.apache.hadoop.hive.ql.io.parquet.serde.TestParquetTimestampsHive2Compatibility" time="0"/>
  <testcase name="testWriteHive4UsingLegacyConversionReadHive2(String)[2083]" classname="org.apache.hadoop.hive.ql.io.parquet.serde.TestParquetTimestampsHive2Compatibility" time="0"/>
  <testcase name="testWriteHive4UsingLegacyConversionReadHive2(String)[2084]" classname="org.apache.hadoop.hive.ql.io.parquet.serde.TestParquetTimestampsHive2Compatibility" time="0"/>
  <testcase name="testWriteHive4UsingLegacyConversionReadHive2(String)[2085]" classname="org.apache.hadoop.hive.ql.io.parquet.serde.TestParquetTimestampsHive2Compatibility" time="0"/>
  <testcase name="testWriteHive4UsingLegacyConversionReadHive2(String)[2086]" classname="org.apache.hadoop.hive.ql.io.parquet.serde.TestParquetTimestampsHive2Compatibility" time="0"/>
  <testcase name="testWriteHive4UsingLegacyConversionReadHive2(String)[2087]" classname="org.apache.hadoop.hive.ql.io.parquet.serde.TestParquetTimestampsHive2Compatibility" time="0"/>
  <testcase name="testWriteHive4UsingLegacyConversionReadHive2(String)[2088]" classname="org.apache.hadoop.hive.ql.io.parquet.serde.TestParquetTimestampsHive2Compatibility" time="0"/>
  <testcase name="testWriteHive4UsingLegacyConversionReadHive2(String)[2089]" classname="org.apache.hadoop.hive.ql.io.parquet.serde.TestParquetTimestampsHive2Compatibility" time="0.001"/>
  <testcase name="testWriteHive4UsingLegacyConversionReadHive2(String)[2090]" classname="org.apache.hadoop.hive.ql.io.parquet.serde.TestParquetTimestampsHive2Compatibility" time="0"/>
  <testcase name="testWriteHive4UsingLegacyConversionReadHive2(String)[2091]" classname="org.apache.hadoop.hive.ql.io.parquet.serde.TestParquetTimestampsHive2Compatibility" time="0"/>
  <testcase name="testWriteHive4UsingLegacyConversionReadHive2(String)[2092]" classname="org.apache.hadoop.hive.ql.io.parquet.serde.TestParquetTimestampsHive2Compatibility" time="0"/>
  <testcase name="testWriteHive4UsingLegacyConversionReadHive2(String)[2093]" classname="org.apache.hadoop.hive.ql.io.parquet.serde.TestParquetTimestampsHive2Compatibility" time="0"/>
  <testcase name="testWriteHive4UsingLegacyConversionReadHive2(String)[2094]" classname="org.apache.hadoop.hive.ql.io.parquet.serde.TestParquetTimestampsHive2Compatibility" time="0"/>
  <testcase name="testWriteHive4UsingLegacyConversionReadHive2(String)[2095]" classname="org.apache.hadoop.hive.ql.io.parquet.serde.TestParquetTimestampsHive2Compatibility" time="0"/>
  <testcase name="testWriteHive4UsingLegacyConversionReadHive2(String)[2096]" classname="org.apache.hadoop.hive.ql.io.parquet.serde.TestParquetTimestampsHive2Compatibility" time="0"/>
  <testcase name="testWriteHive4UsingLegacyConversionReadHive2(String)[2097]" classname="org.apache.hadoop.hive.ql.io.parquet.serde.TestParquetTimestampsHive2Compatibility" time="0"/>
  <testcase name="testWriteHive4UsingLegacyConversionReadHive2(String)[2098]" classname="org.apache.hadoop.hive.ql.io.parquet.serde.TestParquetTimestampsHive2Compatibility" time="0"/>
  <testcase name="testWriteHive4UsingLegacyConversionReadHive2(String)[2099]" classname="org.apache.hadoop.hive.ql.io.parquet.serde.TestParquetTimestampsHive2Compatibility" time="0"/>
  <testcase name="testWriteHive4UsingLegacyConversionReadHive2(String)[2100]" classname="org.apache.hadoop.hive.ql.io.parquet.serde.TestParquetTimestampsHive2Compatibility" time="0"/>
  <testcase name="testWriteHive4UsingLegacyConversionReadHive2(String)[2101]" classname="org.apache.hadoop.hive.ql.io.parquet.serde.TestParquetTimestampsHive2Compatibility" time="0"/>
  <testcase name="testWriteHive4UsingLegacyConversionReadHive2(String)[2102]" classname="org.apache.hadoop.hive.ql.io.parquet.serde.TestParquetTimestampsHive2Compatibility" time="0"/>
  <testcase name="testWriteHive4UsingLegacyConversionReadHive2(String)[2103]" classname="org.apache.hadoop.hive.ql.io.parquet.serde.TestParquetTimestampsHive2Compatibility" time="0"/>
  <testcase name="testWriteHive4UsingLegacyConversionReadHive2(String)[2104]" classname="org.apache.hadoop.hive.ql.io.parquet.serde.TestParquetTimestampsHive2Compatibility" time="0"/>
  <testcase name="testWriteHive4UsingLegacyConversionReadHive2(String)[2105]" classname="org.apache.hadoop.hive.ql.io.parquet.serde.TestParquetTimestampsHive2Compatibility" time="0"/>
  <testcase name="testWriteHive4UsingLegacyConversionReadHive2(String)[2106]" classname="org.apache.hadoop.hive.ql.io.parquet.serde.TestParquetTimestampsHive2Compatibility" time="0"/>
  <testcase name="testWriteHive4UsingLegacyConversionReadHive2(String)[2107]" classname="org.apache.hadoop.hive.ql.io.parquet.serde.TestParquetTimestampsHive2Compatibility" time="0"/>
  <testcase name="testWriteHive4UsingLegacyConversionReadHive2(String)[2108]" classname="org.apache.hadoop.hive.ql.io.parquet.serde.TestParquetTimestampsHive2Compatibility" time="0"/>
  <testcase name="testWriteHive4UsingLegacyConversionReadHive2(String)[2109]" classname="org.apache.hadoop.hive.ql.io.parquet.serde.TestParquetTimestampsHive2Compatibility" time="0"/>
  <testcase name="testWriteHive4UsingLegacyConversionReadHive2(String)[2110]" classname="org.apache.hadoop.hive.ql.io.parquet.serde.TestParquetTimestampsHive2Compatibility" time="0"/>
  <testcase name="testWriteHive4UsingLegacyConversionReadHive2(String)[2111]" classname="org.apache.hadoop.hive.ql.io.parquet.serde.TestParquetTimestampsHive2Compatibility" time="0"/>
  <testcase name="testWriteHive4UsingLegacyConversionReadHive2(String)[2112]" classname="org.apache.hadoop.hive.ql.io.parquet.serde.TestParquetTimestampsHive2Compatibility" time="0"/>
  <testcase name="testWriteHive4UsingLegacyConversionReadHive2(String)[2113]" classname="org.apache.hadoop.hive.ql.io.parquet.serde.TestParquetTimestampsHive2Compatibility" time="0"/>
  <testcase name="testWriteHive4UsingLegacyConversionReadHive2(String)[2114]" classname="org.apache.hadoop.hive.ql.io.parquet.serde.TestParquetTimestampsHive2Compatibility" time="0"/>
  <testcase name="testWriteHive4UsingLegacyConversionReadHive2(String)[2115]" classname="org.apache.hadoop.hive.ql.io.parquet.serde.TestParquetTimestampsHive2Compatibility" time="0"/>
  <testcase name="testWriteHive4UsingLegacyConversionReadHive2(String)[2116]" classname="org.apache.hadoop.hive.ql.io.parquet.serde.TestParquetTimestampsHive2Compatibility" time="0"/>
  <testcase name="testWriteHive4UsingLegacyConversionReadHive2(String)[2117]" classname="org.apache.hadoop.hive.ql.io.parquet.serde.TestParquetTimestampsHive2Compatibility" time="0"/>
  <testcase name="testWriteHive4UsingLegacyConversionReadHive2(String)[2118]" classname="org.apache.hadoop.hive.ql.io.parquet.serde.TestParquetTimestampsHive2Compatibility" time="0.001"/>
  <testcase name="testWriteHive4UsingLegacyConversionReadHive2(String)[2119]" classname="org.apache.hadoop.hive.ql.io.parquet.serde.TestParquetTimestampsHive2Compatibility" time="0"/>
  <testcase name="testWriteHive4UsingLegacyConversionReadHive2(String)[2120]" classname="org.apache.hadoop.hive.ql.io.parquet.serde.TestParquetTimestampsHive2Compatibility" time="0"/>
  <testcase name="testWriteHive4UsingLegacyConversionReadHive2(String)[2121]" classname="org.apache.hadoop.hive.ql.io.parquet.serde.TestParquetTimestampsHive2Compatibility" time="0"/>
  <testcase name="testWriteHive4UsingLegacyConversionReadHive2(String)[2122]" classname="org.apache.hadoop.hive.ql.io.parquet.serde.TestParquetTimestampsHive2Compatibility" time="0"/>
  <testcase name="testWriteHive4UsingLegacyConversionReadHive2(String)[2123]" classname="org.apache.hadoop.hive.ql.io.parquet.serde.TestParquetTimestampsHive2Compatibility" time="0"/>
  <testcase name="testWriteHive4UsingLegacyConversionReadHive2(String)[2124]" classname="org.apache.hadoop.hive.ql.io.parquet.serde.TestParquetTimestampsHive2Compatibility" time="0"/>
  <testcase name="testWriteHive4UsingLegacyConversionReadHive2(String)[2125]" classname="org.apache.hadoop.hive.ql.io.parquet.serde.TestParquetTimestampsHive2Compatibility" time="0"/>
  <testcase name="testWriteHive4UsingLegacyConversionReadHive2(String)[2126]" classname="org.apache.hadoop.hive.ql.io.parquet.serde.TestParquetTimestampsHive2Compatibility" time="0"/>
  <testcase name="testWriteHive4UsingLegacyConversionReadHive2(String)[2127]" classname="org.apache.hadoop.hive.ql.io.parquet.serde.TestParquetTimestampsHive2Compatibility" time="0"/>
  <testcase name="testWriteHive4UsingLegacyConversionReadHive2(String)[2128]" classname="org.apache.hadoop.hive.ql.io.parquet.serde.TestParquetTimestampsHive2Compatibility" time="0.001"/>
  <testcase name="testWriteHive4UsingLegacyConversionReadHive2(String)[2129]" classname="org.apache.hadoop.hive.ql.io.parquet.serde.TestParquetTimestampsHive2Compatibility" time="0"/>
  <testcase name="testWriteHive4UsingLegacyConversionReadHive2(String)[2130]" classname="org.apache.hadoop.hive.ql.io.parquet.serde.TestParquetTimestampsHive2Compatibility" time="0"/>
  <testcase name="testWriteHive4UsingLegacyConversionReadHive2(String)[2131]" classname="org.apache.hadoop.hive.ql.io.parquet.serde.TestParquetTimestampsHive2Compatibility" time="0"/>
  <testcase name="testWriteHive4UsingLegacyConversionReadHive2(String)[2132]" classname="org.apache.hadoop.hive.ql.io.parquet.serde.TestParquetTimestampsHive2Compatibility" time="0"/>
  <testcase name="testWriteHive4UsingLegacyConversionReadHive2(String)[2133]" classname="org.apache.hadoop.hive.ql.io.parquet.serde.TestParquetTimestampsHive2Compatibility" time="0"/>
  <testcase name="testWriteHive4UsingLegacyConversionReadHive2(String)[2134]" classname="org.apache.hadoop.hive.ql.io.parquet.serde.TestParquetTimestampsHive2Compatibility" time="0"/>
  <testcase name="testWriteHive4UsingLegacyConversionReadHive2(String)[2135]" classname="org.apache.hadoop.hive.ql.io.parquet.serde.TestParquetTimestampsHive2Compatibility" time="0"/>
  <testcase name="testWriteHive4UsingLegacyConversionReadHive2(String)[2136]" classname="org.apache.hadoop.hive.ql.io.parquet.serde.TestParquetTimestampsHive2Compatibility" time="0"/>
  <testcase name="testWriteHive4UsingLegacyConversionReadHive2(String)[2137]" classname="org.apache.hadoop.hive.ql.io.parquet.serde.TestParquetTimestampsHive2Compatibility" time="0"/>
  <testcase name="testWriteHive4UsingLegacyConversionReadHive2(String)[2138]" classname="org.apache.hadoop.hive.ql.io.parquet.serde.TestParquetTimestampsHive2Compatibility" time="0.001"/>
  <testcase name="testWriteHive4UsingLegacyConversionReadHive2(String)[2139]" classname="org.apache.hadoop.hive.ql.io.parquet.serde.TestParquetTimestampsHive2Compatibility" time="0"/>
  <testcase name="testWriteHive4UsingLegacyConversionReadHive2(String)[2140]" classname="org.apache.hadoop.hive.ql.io.parquet.serde.TestParquetTimestampsHive2Compatibility" time="0"/>
  <testcase name="testWriteHive4UsingLegacyConversionReadHive2(String)[2141]" classname="org.apache.hadoop.hive.ql.io.parquet.serde.TestParquetTimestampsHive2Compatibility" time="0"/>
  <testcase name="testWriteHive4UsingLegacyConversionReadHive2(String)[2142]" classname="org.apache.hadoop.hive.ql.io.parquet.serde.TestParquetTimestampsHive2Compatibility" time="0"/>
  <testcase name="testWriteHive4UsingLegacyConversionReadHive2(String)[2143]" classname="org.apache.hadoop.hive.ql.io.parquet.serde.TestParquetTimestampsHive2Compatibility" time="0"/>
  <testcase name="testWriteHive4UsingLegacyConversionReadHive2(String)[2144]" classname="org.apache.hadoop.hive.ql.io.parquet.serde.TestParquetTimestampsHive2Compatibility" time="0"/>
  <testcase name="testWriteHive4UsingLegacyConversionReadHive2(String)[2145]" classname="org.apache.hadoop.hive.ql.io.parquet.serde.TestParquetTimestampsHive2Compatibility" time="0"/>
  <testcase name="testWriteHive4UsingLegacyConversionReadHive2(String)[2146]" classname="org.apache.hadoop.hive.ql.io.parquet.serde.TestParquetTimestampsHive2Compatibility" time="0"/>
  <testcase name="testWriteHive4UsingLegacyConversionReadHive2(String)[2147]" classname="org.apache.hadoop.hive.ql.io.parquet.serde.TestParquetTimestampsHive2Compatibility" time="0"/>
  <testcase name="testWriteHive4UsingLegacyConversionReadHive2(String)[2148]" classname="org.apache.hadoop.hive.ql.io.parquet.serde.TestParquetTimestampsHive2Compatibility" time="0.001"/>
  <testcase name="testWriteHive4UsingLegacyConversionReadHive2(String)[2149]" classname="org.apache.hadoop.hive.ql.io.parquet.serde.TestParquetTimestampsHive2Compatibility" time="0"/>
  <testcase name="testWriteHive4UsingLegacyConversionReadHive2(String)[2150]" classname="org.apache.hadoop.hive.ql.io.parquet.serde.TestParquetTimestampsHive2Compatibility" time="0"/>
  <testcase name="testWriteHive4UsingLegacyConversionReadHive2(String)[2151]" classname="org.apache.hadoop.hive.ql.io.parquet.serde.TestParquetTimestampsHive2Compatibility" time="0"/>
  <testcase name="testWriteHive4UsingLegacyConversionReadHive2(String)[2152]" classname="org.apache.hadoop.hive.ql.io.parquet.serde.TestParquetTimestampsHive2Compatibility" time="0"/>
  <testcase name="testWriteHive4UsingLegacyConversionReadHive2(String)[2153]" classname="org.apache.hadoop.hive.ql.io.parquet.serde.TestParquetTimestampsHive2Compatibility" time="0"/>
  <testcase name="testWriteHive4UsingLegacyConversionReadHive2(String)[2154]" classname="org.apache.hadoop.hive.ql.io.parquet.serde.TestParquetTimestampsHive2Compatibility" time="0"/>
  <testcase name="testWriteHive4UsingLegacyConversionReadHive2(String)[2155]" classname="org.apache.hadoop.hive.ql.io.parquet.serde.TestParquetTimestampsHive2Compatibility" time="0"/>
  <testcase name="testWriteHive4UsingLegacyConversionReadHive2(String)[2156]" classname="org.apache.hadoop.hive.ql.io.parquet.serde.TestParquetTimestampsHive2Compatibility" time="0"/>
  <testcase name="testWriteHive4UsingLegacyConversionReadHive2(String)[2157]" classname="org.apache.hadoop.hive.ql.io.parquet.serde.TestParquetTimestampsHive2Compatibility" time="0"/>
  <testcase name="testWriteHive4UsingLegacyConversionReadHive2(String)[2158]" classname="org.apache.hadoop.hive.ql.io.parquet.serde.TestParquetTimestampsHive2Compatibility" time="0"/>
  <testcase name="testWriteHive4UsingLegacyConversionReadHive2(String)[2159]" classname="org.apache.hadoop.hive.ql.io.parquet.serde.TestParquetTimestampsHive2Compatibility" time="0"/>
  <testcase name="testWriteHive4UsingLegacyConversionReadHive2(String)[2160]" classname="org.apache.hadoop.hive.ql.io.parquet.serde.TestParquetTimestampsHive2Compatibility" time="0"/>
  <testcase name="testWriteHive4UsingLegacyConversionReadHive2(String)[2161]" classname="org.apache.hadoop.hive.ql.io.parquet.serde.TestParquetTimestampsHive2Compatibility" time="0"/>
  <testcase name="testWriteHive4UsingLegacyConversionReadHive2(String)[2162]" classname="org.apache.hadoop.hive.ql.io.parquet.serde.TestParquetTimestampsHive2Compatibility" time="0"/>
  <testcase name="testWriteHive4UsingLegacyConversionReadHive2(String)[2163]" classname="org.apache.hadoop.hive.ql.io.parquet.serde.TestParquetTimestampsHive2Compatibility" time="0"/>
  <testcase name="testWriteHive4UsingLegacyConversionReadHive2(String)[2164]" classname="org.apache.hadoop.hive.ql.io.parquet.serde.TestParquetTimestampsHive2Compatibility" time="0"/>
  <testcase name="testWriteHive4UsingLegacyConversionReadHive2(String)[2165]" classname="org.apache.hadoop.hive.ql.io.parquet.serde.TestParquetTimestampsHive2Compatibility" time="0"/>
  <testcase name="testWriteHive4UsingLegacyConversionReadHive2(String)[2166]" classname="org.apache.hadoop.hive.ql.io.parquet.serde.TestParquetTimestampsHive2Compatibility" time="0"/>
  <testcase name="testWriteHive4UsingLegacyConversionReadHive2(String)[2167]" classname="org.apache.hadoop.hive.ql.io.parquet.serde.TestParquetTimestampsHive2Compatibility" time="0"/>
  <testcase name="testWriteHive4UsingLegacyConversionReadHive2(String)[2168]" classname="org.apache.hadoop.hive.ql.io.parquet.serde.TestParquetTimestampsHive2Compatibility" time="0"/>
  <testcase name="testWriteHive4UsingLegacyConversionReadHive2(String)[2169]" classname="org.apache.hadoop.hive.ql.io.parquet.serde.TestParquetTimestampsHive2Compatibility" time="0"/>
  <testcase name="testWriteHive4UsingLegacyConversionReadHive2(String)[2170]" classname="org.apache.hadoop.hive.ql.io.parquet.serde.TestParquetTimestampsHive2Compatibility" time="0"/>
  <testcase name="testWriteHive4UsingLegacyConversionReadHive2(String)[2171]" classname="org.apache.hadoop.hive.ql.io.parquet.serde.TestParquetTimestampsHive2Compatibility" time="0"/>
  <testcase name="testWriteHive4UsingLegacyConversionReadHive2(String)[2172]" classname="org.apache.hadoop.hive.ql.io.parquet.serde.TestParquetTimestampsHive2Compatibility" time="0"/>
  <testcase name="testWriteHive4UsingLegacyConversionReadHive2(String)[2173]" classname="org.apache.hadoop.hive.ql.io.parquet.serde.TestParquetTimestampsHive2Compatibility" time="0"/>
  <testcase name="testWriteHive4UsingLegacyConversionReadHive2(String)[2174]" classname="org.apache.hadoop.hive.ql.io.parquet.serde.TestParquetTimestampsHive2Compatibility" time="0"/>
  <testcase name="testWriteHive4UsingLegacyConversionReadHive2(String)[2175]" classname="org.apache.hadoop.hive.ql.io.parquet.serde.TestParquetTimestampsHive2Compatibility" time="0"/>
  <testcase name="testWriteHive4UsingLegacyConversionReadHive2(String)[2176]" classname="org.apache.hadoop.hive.ql.io.parquet.serde.TestParquetTimestampsHive2Compatibility" time="0"/>
  <testcase name="testWriteHive4UsingLegacyConversionReadHive2(String)[2177]" classname="org.apache.hadoop.hive.ql.io.parquet.serde.TestParquetTimestampsHive2Compatibility" time="0"/>
  <testcase name="testWriteHive4UsingLegacyConversionReadHive2(String)[2178]" classname="org.apache.hadoop.hive.ql.io.parquet.serde.TestParquetTimestampsHive2Compatibility" time="0"/>
  <testcase name="testWriteHive4UsingLegacyConversionReadHive2(String)[2179]" classname="org.apache.hadoop.hive.ql.io.parquet.serde.TestParquetTimestampsHive2Compatibility" time="0"/>
  <testcase name="testWriteHive4UsingLegacyConversionReadHive2(String)[2180]" classname="org.apache.hadoop.hive.ql.io.parquet.serde.TestParquetTimestampsHive2Compatibility" time="0"/>
  <testcase name="testWriteHive4UsingLegacyConversionReadHive2(String)[2181]" classname="org.apache.hadoop.hive.ql.io.parquet.serde.TestParquetTimestampsHive2Compatibility" time="0"/>
  <testcase name="testWriteHive4UsingLegacyConversionReadHive2(String)[2182]" classname="org.apache.hadoop.hive.ql.io.parquet.serde.TestParquetTimestampsHive2Compatibility" time="0"/>
  <testcase name="testWriteHive4UsingLegacyConversionReadHive2(String)[2183]" classname="org.apache.hadoop.hive.ql.io.parquet.serde.TestParquetTimestampsHive2Compatibility" time="0"/>
  <testcase name="testWriteHive4UsingLegacyConversionReadHive2(String)[2184]" classname="org.apache.hadoop.hive.ql.io.parquet.serde.TestParquetTimestampsHive2Compatibility" time="0"/>
  <testcase name="testWriteHive4UsingLegacyConversionReadHive2(String)[2185]" classname="org.apache.hadoop.hive.ql.io.parquet.serde.TestParquetTimestampsHive2Compatibility" time="0"/>
  <testcase name="testWriteHive4UsingLegacyConversionReadHive2(String)[2186]" classname="org.apache.hadoop.hive.ql.io.parquet.serde.TestParquetTimestampsHive2Compatibility" time="0"/>
  <testcase name="testWriteHive4UsingLegacyConversionReadHive2(String)[2187]" classname="org.apache.hadoop.hive.ql.io.parquet.serde.TestParquetTimestampsHive2Compatibility" time="0"/>
  <testcase name="testWriteHive4UsingLegacyConversionReadHive2(String)[2188]" classname="org.apache.hadoop.hive.ql.io.parquet.serde.TestParquetTimestampsHive2Compatibility" time="0"/>
  <testcase name="testWriteHive4UsingLegacyConversionReadHive2(String)[2189]" classname="org.apache.hadoop.hive.ql.io.parquet.serde.TestParquetTimestampsHive2Compatibility" time="0"/>
  <testcase name="testWriteHive4UsingLegacyConversionReadHive2(String)[2190]" classname="org.apache.hadoop.hive.ql.io.parquet.serde.TestParquetTimestampsHive2Compatibility" time="0"/>
  <testcase name="testWriteHive4UsingLegacyConversionReadHive2(String)[2191]" classname="org.apache.hadoop.hive.ql.io.parquet.serde.TestParquetTimestampsHive2Compatibility" time="0"/>
  <testcase name="testWriteHive4UsingLegacyConversionReadHive2(String)[2192]" classname="org.apache.hadoop.hive.ql.io.parquet.serde.TestParquetTimestampsHive2Compatibility" time="0"/>
  <testcase name="testWriteHive4UsingLegacyConversionReadHive2(String)[2193]" classname="org.apache.hadoop.hive.ql.io.parquet.serde.TestParquetTimestampsHive2Compatibility" time="0"/>
  <testcase name="testWriteHive4UsingLegacyConversionReadHive2(String)[2194]" classname="org.apache.hadoop.hive.ql.io.parquet.serde.TestParquetTimestampsHive2Compatibility" time="0"/>
  <testcase name="testWriteHive4UsingLegacyConversionReadHive2(String)[2195]" classname="org.apache.hadoop.hive.ql.io.parquet.serde.TestParquetTimestampsHive2Compatibility" time="0.001"/>
  <testcase name="testWriteHive4UsingLegacyConversionReadHive2(String)[2196]" classname="org.apache.hadoop.hive.ql.io.parquet.serde.TestParquetTimestampsHive2Compatibility" time="0"/>
  <testcase name="testWriteHive4UsingLegacyConversionReadHive2(String)[2197]" classname="org.apache.hadoop.hive.ql.io.parquet.serde.TestParquetTimestampsHive2Compatibility" time="0"/>
  <testcase name="testWriteHive4UsingLegacyConversionReadHive2(String)[2198]" classname="org.apache.hadoop.hive.ql.io.parquet.serde.TestParquetTimestampsHive2Compatibility" time="0"/>
  <testcase name="testWriteHive4UsingLegacyConversionReadHive2(String)[2199]" classname="org.apache.hadoop.hive.ql.io.parquet.serde.TestParquetTimestampsHive2Compatibility" time="0"/>
  <testcase name="testWriteHive4UsingLegacyConversionReadHive2(String)[2200]" classname="org.apache.hadoop.hive.ql.io.parquet.serde.TestParquetTimestampsHive2Compatibility" time="0"/>
  <testcase name="testWriteHive4UsingLegacyConversionReadHive2(String)[2201]" classname="org.apache.hadoop.hive.ql.io.parquet.serde.TestParquetTimestampsHive2Compatibility" time="0"/>
  <testcase name="testWriteHive4UsingLegacyConversionReadHive2(String)[2202]" classname="org.apache.hadoop.hive.ql.io.parquet.serde.TestParquetTimestampsHive2Compatibility" time="0"/>
  <testcase name="testWriteHive4UsingLegacyConversionReadHive2(String)[2203]" classname="org.apache.hadoop.hive.ql.io.parquet.serde.TestParquetTimestampsHive2Compatibility" time="0"/>
  <testcase name="testWriteHive4UsingLegacyConversionReadHive2(String)[2204]" classname="org.apache.hadoop.hive.ql.io.parquet.serde.TestParquetTimestampsHive2Compatibility" time="0"/>
  <testcase name="testWriteHive4UsingLegacyConversionReadHive2(String)[2205]" classname="org.apache.hadoop.hive.ql.io.parquet.serde.TestParquetTimestampsHive2Compatibility" time="0.001"/>
  <testcase name="testWriteHive4UsingLegacyConversionReadHive2(String)[2206]" classname="org.apache.hadoop.hive.ql.io.parquet.serde.TestParquetTimestampsHive2Compatibility" time="0"/>
  <testcase name="testWriteHive4UsingLegacyConversionReadHive2(String)[2207]" classname="org.apache.hadoop.hive.ql.io.parquet.serde.TestParquetTimestampsHive2Compatibility" time="0"/>
  <testcase name="testWriteHive4UsingLegacyConversionReadHive2(String)[2208]" classname="org.apache.hadoop.hive.ql.io.parquet.serde.TestParquetTimestampsHive2Compatibility" time="0"/>
  <testcase name="testWriteHive4UsingLegacyConversionReadHive2(String)[2209]" classname="org.apache.hadoop.hive.ql.io.parquet.serde.TestParquetTimestampsHive2Compatibility" time="0"/>
  <testcase name="testWriteHive4UsingLegacyConversionReadHive2(String)[2210]" classname="org.apache.hadoop.hive.ql.io.parquet.serde.TestParquetTimestampsHive2Compatibility" time="0"/>
  <testcase name="testWriteHive4UsingLegacyConversionReadHive2(String)[2211]" classname="org.apache.hadoop.hive.ql.io.parquet.serde.TestParquetTimestampsHive2Compatibility" time="0"/>
  <testcase name="testWriteHive4UsingLegacyConversionReadHive2(String)[2212]" classname="org.apache.hadoop.hive.ql.io.parquet.serde.TestParquetTimestampsHive2Compatibility" time="0"/>
  <testcase name="testWriteHive4UsingLegacyConversionReadHive2(String)[2213]" classname="org.apache.hadoop.hive.ql.io.parquet.serde.TestParquetTimestampsHive2Compatibility" time="0"/>
  <testcase name="testWriteHive4UsingLegacyConversionReadHive2(String)[2214]" classname="org.apache.hadoop.hive.ql.io.parquet.serde.TestParquetTimestampsHive2Compatibility" time="0"/>
  <testcase name="testWriteHive4UsingLegacyConversionReadHive2(String)[2215]" classname="org.apache.hadoop.hive.ql.io.parquet.serde.TestParquetTimestampsHive2Compatibility" time="0"/>
  <testcase name="testWriteHive4UsingLegacyConversionReadHive2(String)[2216]" classname="org.apache.hadoop.hive.ql.io.parquet.serde.TestParquetTimestampsHive2Compatibility" time="0"/>
  <testcase name="testWriteHive4UsingLegacyConversionReadHive2(String)[2217]" classname="org.apache.hadoop.hive.ql.io.parquet.serde.TestParquetTimestampsHive2Compatibility" time="0"/>
  <testcase name="testWriteHive4UsingLegacyConversionReadHive2(String)[2218]" classname="org.apache.hadoop.hive.ql.io.parquet.serde.TestParquetTimestampsHive2Compatibility" time="0"/>
  <testcase name="testWriteHive4UsingLegacyConversionReadHive2(String)[2219]" classname="org.apache.hadoop.hive.ql.io.parquet.serde.TestParquetTimestampsHive2Compatibility" time="0"/>
  <testcase name="testWriteHive4UsingLegacyConversionReadHive2(String)[2220]" classname="org.apache.hadoop.hive.ql.io.parquet.serde.TestParquetTimestampsHive2Compatibility" time="0"/>
  <testcase name="testWriteHive4UsingLegacyConversionReadHive2(String)[2221]" classname="org.apache.hadoop.hive.ql.io.parquet.serde.TestParquetTimestampsHive2Compatibility" time="0"/>
  <testcase name="testWriteHive4UsingLegacyConversionReadHive2(String)[2222]" classname="org.apache.hadoop.hive.ql.io.parquet.serde.TestParquetTimestampsHive2Compatibility" time="0"/>
  <testcase name="testWriteHive4UsingLegacyConversionReadHive2(String)[2223]" classname="org.apache.hadoop.hive.ql.io.parquet.serde.TestParquetTimestampsHive2Compatibility" time="0"/>
  <testcase name="testWriteHive4UsingLegacyConversionReadHive2(String)[2224]" classname="org.apache.hadoop.hive.ql.io.parquet.serde.TestParquetTimestampsHive2Compatibility" time="0"/>
  <testcase name="testWriteHive4UsingLegacyConversionReadHive2(String)[2225]" classname="org.apache.hadoop.hive.ql.io.parquet.serde.TestParquetTimestampsHive2Compatibility" time="0"/>
  <testcase name="testWriteHive4UsingLegacyConversionReadHive2(String)[2226]" classname="org.apache.hadoop.hive.ql.io.parquet.serde.TestParquetTimestampsHive2Compatibility" time="0"/>
  <testcase name="testWriteHive4UsingLegacyConversionReadHive2(String)[2227]" classname="org.apache.hadoop.hive.ql.io.parquet.serde.TestParquetTimestampsHive2Compatibility" time="0"/>
  <testcase name="testWriteHive4UsingLegacyConversionReadHive2(String)[2228]" classname="org.apache.hadoop.hive.ql.io.parquet.serde.TestParquetTimestampsHive2Compatibility" time="0"/>
  <testcase name="testWriteHive4UsingLegacyConversionReadHive2(String)[2229]" classname="org.apache.hadoop.hive.ql.io.parquet.serde.TestParquetTimestampsHive2Compatibility" time="0"/>
  <testcase name="testWriteHive4UsingLegacyConversionReadHive2(String)[2230]" classname="org.apache.hadoop.hive.ql.io.parquet.serde.TestParquetTimestampsHive2Compatibility" time="0"/>
  <testcase name="testWriteHive4UsingLegacyConversionReadHive2(String)[2231]" classname="org.apache.hadoop.hive.ql.io.parquet.serde.TestParquetTimestampsHive2Compatibility" time="0"/>
  <testcase name="testWriteHive4UsingLegacyConversionReadHive2(String)[2232]" classname="org.apache.hadoop.hive.ql.io.parquet.serde.TestParquetTimestampsHive2Compatibility" time="0"/>
  <testcase name="testWriteHive4UsingLegacyConversionReadHive2(String)[2233]" classname="org.apache.hadoop.hive.ql.io.parquet.serde.TestParquetTimestampsHive2Compatibility" time="0"/>
  <testcase name="testWriteHive4UsingLegacyConversionReadHive2(String)[2234]" classname="org.apache.hadoop.hive.ql.io.parquet.serde.TestParquetTimestampsHive2Compatibility" time="0.001"/>
  <testcase name="testWriteHive4UsingLegacyConversionReadHive2(String)[2235]" classname="org.apache.hadoop.hive.ql.io.parquet.serde.TestParquetTimestampsHive2Compatibility" time="0"/>
  <testcase name="testWriteHive4UsingLegacyConversionReadHive2(String)[2236]" classname="org.apache.hadoop.hive.ql.io.parquet.serde.TestParquetTimestampsHive2Compatibility" time="0"/>
  <testcase name="testWriteHive4UsingLegacyConversionReadHive2(String)[2237]" classname="org.apache.hadoop.hive.ql.io.parquet.serde.TestParquetTimestampsHive2Compatibility" time="0"/>
  <testcase name="testWriteHive4UsingLegacyConversionReadHive2(String)[2238]" classname="org.apache.hadoop.hive.ql.io.parquet.serde.TestParquetTimestampsHive2Compatibility" time="0"/>
  <testcase name="testWriteHive4UsingLegacyConversionReadHive2(String)[2239]" classname="org.apache.hadoop.hive.ql.io.parquet.serde.TestParquetTimestampsHive2Compatibility" time="0"/>
  <testcase name="testWriteHive4UsingLegacyConversionReadHive2(String)[2240]" classname="org.apache.hadoop.hive.ql.io.parquet.serde.TestParquetTimestampsHive2Compatibility" time="0"/>
  <testcase name="testWriteHive4UsingLegacyConversionReadHive2(String)[2241]" classname="org.apache.hadoop.hive.ql.io.parquet.serde.TestParquetTimestampsHive2Compatibility" time="0"/>
  <testcase name="testWriteHive4UsingLegacyConversionReadHive2(String)[2242]" classname="org.apache.hadoop.hive.ql.io.parquet.serde.TestParquetTimestampsHive2Compatibility" time="0"/>
  <testcase name="testWriteHive4UsingLegacyConversionReadHive2(String)[2243]" classname="org.apache.hadoop.hive.ql.io.parquet.serde.TestParquetTimestampsHive2Compatibility" time="0"/>
  <testcase name="testWriteHive4UsingLegacyConversionReadHive2(String)[2244]" classname="org.apache.hadoop.hive.ql.io.parquet.serde.TestParquetTimestampsHive2Compatibility" time="0.001"/>
  <testcase name="testWriteHive4UsingLegacyConversionReadHive2(String)[2245]" classname="org.apache.hadoop.hive.ql.io.parquet.serde.TestParquetTimestampsHive2Compatibility" time="0"/>
  <testcase name="testWriteHive4UsingLegacyConversionReadHive2(String)[2246]" classname="org.apache.hadoop.hive.ql.io.parquet.serde.TestParquetTimestampsHive2Compatibility" time="0"/>
  <testcase name="testWriteHive4UsingLegacyConversionReadHive2(String)[2247]" classname="org.apache.hadoop.hive.ql.io.parquet.serde.TestParquetTimestampsHive2Compatibility" time="0"/>
  <testcase name="testWriteHive4UsingLegacyConversionReadHive2(String)[2248]" classname="org.apache.hadoop.hive.ql.io.parquet.serde.TestParquetTimestampsHive2Compatibility" time="0"/>
  <testcase name="testWriteHive4UsingLegacyConversionReadHive2(String)[2249]" classname="org.apache.hadoop.hive.ql.io.parquet.serde.TestParquetTimestampsHive2Compatibility" time="0"/>
  <testcase name="testWriteHive4UsingLegacyConversionReadHive2(String)[2250]" classname="org.apache.hadoop.hive.ql.io.parquet.serde.TestParquetTimestampsHive2Compatibility" time="0"/>
  <testcase name="testWriteHive4UsingLegacyConversionReadHive2(String)[2251]" classname="org.apache.hadoop.hive.ql.io.parquet.serde.TestParquetTimestampsHive2Compatibility" time="0"/>
  <testcase name="testWriteHive4UsingLegacyConversionReadHive2(String)[2252]" classname="org.apache.hadoop.hive.ql.io.parquet.serde.TestParquetTimestampsHive2Compatibility" time="0"/>
  <testcase name="testWriteHive4UsingLegacyConversionReadHive2(String)[2253]" classname="org.apache.hadoop.hive.ql.io.parquet.serde.TestParquetTimestampsHive2Compatibility" time="0"/>
  <testcase name="testWriteHive4UsingLegacyConversionReadHive2(String)[2254]" classname="org.apache.hadoop.hive.ql.io.parquet.serde.TestParquetTimestampsHive2Compatibility" time="0.001"/>
  <testcase name="testWriteHive4UsingLegacyConversionReadHive2(String)[2255]" classname="org.apache.hadoop.hive.ql.io.parquet.serde.TestParquetTimestampsHive2Compatibility" time="0"/>
  <testcase name="testWriteHive4UsingLegacyConversionReadHive2(String)[2256]" classname="org.apache.hadoop.hive.ql.io.parquet.serde.TestParquetTimestampsHive2Compatibility" time="0"/>
  <testcase name="testWriteHive4UsingLegacyConversionReadHive2(String)[2257]" classname="org.apache.hadoop.hive.ql.io.parquet.serde.TestParquetTimestampsHive2Compatibility" time="0"/>
  <testcase name="testWriteHive4UsingLegacyConversionReadHive2(String)[2258]" classname="org.apache.hadoop.hive.ql.io.parquet.serde.TestParquetTimestampsHive2Compatibility" time="0"/>
  <testcase name="testWriteHive4UsingLegacyConversionReadHive2(String)[2259]" classname="org.apache.hadoop.hive.ql.io.parquet.serde.TestParquetTimestampsHive2Compatibility" time="0"/>
  <testcase name="testWriteHive4UsingLegacyConversionReadHive2(String)[2260]" classname="org.apache.hadoop.hive.ql.io.parquet.serde.TestParquetTimestampsHive2Compatibility" time="0"/>
  <testcase name="testWriteHive4UsingLegacyConversionReadHive2(String)[2261]" classname="org.apache.hadoop.hive.ql.io.parquet.serde.TestParquetTimestampsHive2Compatibility" time="0"/>
  <testcase name="testWriteHive4UsingLegacyConversionReadHive2(String)[2262]" classname="org.apache.hadoop.hive.ql.io.parquet.serde.TestParquetTimestampsHive2Compatibility" time="0"/>
  <testcase name="testWriteHive4UsingLegacyConversionReadHive2(String)[2263]" classname="org.apache.hadoop.hive.ql.io.parquet.serde.TestParquetTimestampsHive2Compatibility" time="0"/>
  <testcase name="testWriteHive4UsingLegacyConversionReadHive2(String)[2264]" classname="org.apache.hadoop.hive.ql.io.parquet.serde.TestParquetTimestampsHive2Compatibility" time="0.001"/>
  <testcase name="testWriteHive4UsingLegacyConversionReadHive2(String)[2265]" classname="org.apache.hadoop.hive.ql.io.parquet.serde.TestParquetTimestampsHive2Compatibility" time="0"/>
  <testcase name="testWriteHive4UsingLegacyConversionReadHive2(String)[2266]" classname="org.apache.hadoop.hive.ql.io.parquet.serde.TestParquetTimestampsHive2Compatibility" time="0"/>
  <testcase name="testWriteHive4UsingLegacyConversionReadHive2(String)[2267]" classname="org.apache.hadoop.hive.ql.io.parquet.serde.TestParquetTimestampsHive2Compatibility" time="0"/>
  <testcase name="testWriteHive4UsingLegacyConversionReadHive2(String)[2268]" classname="org.apache.hadoop.hive.ql.io.parquet.serde.TestParquetTimestampsHive2Compatibility" time="0"/>
  <testcase name="testWriteHive4UsingLegacyConversionReadHive2(String)[2269]" classname="org.apache.hadoop.hive.ql.io.parquet.serde.TestParquetTimestampsHive2Compatibility" time="0"/>
  <testcase name="testWriteHive4UsingLegacyConversionReadHive2(String)[2270]" classname="org.apache.hadoop.hive.ql.io.parquet.serde.TestParquetTimestampsHive2Compatibility" time="0"/>
  <testcase name="testWriteHive4UsingLegacyConversionReadHive2(String)[2271]" classname="org.apache.hadoop.hive.ql.io.parquet.serde.TestParquetTimestampsHive2Compatibility" time="0"/>
  <testcase name="testWriteHive4UsingLegacyConversionReadHive2(String)[2272]" classname="org.apache.hadoop.hive.ql.io.parquet.serde.TestParquetTimestampsHive2Compatibility" time="0"/>
  <testcase name="testWriteHive4UsingLegacyConversionReadHive2(String)[2273]" classname="org.apache.hadoop.hive.ql.io.parquet.serde.TestParquetTimestampsHive2Compatibility" time="0"/>
  <testcase name="testWriteHive4UsingLegacyConversionReadHive2(String)[2274]" classname="org.apache.hadoop.hive.ql.io.parquet.serde.TestParquetTimestampsHive2Compatibility" time="0.001"/>
  <testcase name="testWriteHive4UsingLegacyConversionReadHive2(String)[2275]" classname="org.apache.hadoop.hive.ql.io.parquet.serde.TestParquetTimestampsHive2Compatibility" time="0"/>
  <testcase name="testWriteHive4UsingLegacyConversionReadHive2(String)[2276]" classname="org.apache.hadoop.hive.ql.io.parquet.serde.TestParquetTimestampsHive2Compatibility" time="0"/>
  <testcase name="testWriteHive4UsingLegacyConversionReadHive2(String)[2277]" classname="org.apache.hadoop.hive.ql.io.parquet.serde.TestParquetTimestampsHive2Compatibility" time="0"/>
  <testcase name="testWriteHive4UsingLegacyConversionReadHive2(String)[2278]" classname="org.apache.hadoop.hive.ql.io.parquet.serde.TestParquetTimestampsHive2Compatibility" time="0"/>
  <testcase name="testWriteHive4UsingLegacyConversionReadHive2(String)[2279]" classname="org.apache.hadoop.hive.ql.io.parquet.serde.TestParquetTimestampsHive2Compatibility" time="0"/>
  <testcase name="testWriteHive4UsingLegacyConversionReadHive2(String)[2280]" classname="org.apache.hadoop.hive.ql.io.parquet.serde.TestParquetTimestampsHive2Compatibility" time="0"/>
  <testcase name="testWriteHive4UsingLegacyConversionReadHive2(String)[2281]" classname="org.apache.hadoop.hive.ql.io.parquet.serde.TestParquetTimestampsHive2Compatibility" time="0"/>
  <testcase name="testWriteHive4UsingLegacyConversionReadHive2(String)[2282]" classname="org.apache.hadoop.hive.ql.io.parquet.serde.TestParquetTimestampsHive2Compatibility" time="0"/>
  <testcase name="testWriteHive4UsingLegacyConversionReadHive2(String)[2283]" classname="org.apache.hadoop.hive.ql.io.parquet.serde.TestParquetTimestampsHive2Compatibility" time="0"/>
  <testcase name="testWriteHive4UsingLegacyConversionReadHive2(String)[2284]" classname="org.apache.hadoop.hive.ql.io.parquet.serde.TestParquetTimestampsHive2Compatibility" time="0"/>
  <testcase name="testWriteHive4UsingLegacyConversionReadHive2(String)[2285]" classname="org.apache.hadoop.hive.ql.io.parquet.serde.TestParquetTimestampsHive2Compatibility" time="0"/>
  <testcase name="testWriteHive4UsingLegacyConversionReadHive2(String)[2286]" classname="org.apache.hadoop.hive.ql.io.parquet.serde.TestParquetTimestampsHive2Compatibility" time="0"/>
  <testcase name="testWriteHive4UsingLegacyConversionReadHive2(String)[2287]" classname="org.apache.hadoop.hive.ql.io.parquet.serde.TestParquetTimestampsHive2Compatibility" time="0"/>
  <testcase name="testWriteHive4UsingLegacyConversionReadHive2(String)[2288]" classname="org.apache.hadoop.hive.ql.io.parquet.serde.TestParquetTimestampsHive2Compatibility" time="0"/>
  <testcase name="testWriteHive4UsingLegacyConversionReadHive2(String)[2289]" classname="org.apache.hadoop.hive.ql.io.parquet.serde.TestParquetTimestampsHive2Compatibility" time="0"/>
  <testcase name="testWriteHive4UsingLegacyConversionReadHive2(String)[2290]" classname="org.apache.hadoop.hive.ql.io.parquet.serde.TestParquetTimestampsHive2Compatibility" time="0"/>
  <testcase name="testWriteHive4UsingLegacyConversionReadHive2(String)[2291]" classname="org.apache.hadoop.hive.ql.io.parquet.serde.TestParquetTimestampsHive2Compatibility" time="0"/>
  <testcase name="testWriteHive4UsingLegacyConversionReadHive2(String)[2292]" classname="org.apache.hadoop.hive.ql.io.parquet.serde.TestParquetTimestampsHive2Compatibility" time="0"/>
  <testcase name="testWriteHive4UsingLegacyConversionReadHive2(String)[2293]" classname="org.apache.hadoop.hive.ql.io.parquet.serde.TestParquetTimestampsHive2Compatibility" time="0"/>
  <testcase name="testWriteHive4UsingLegacyConversionReadHive2(String)[2294]" classname="org.apache.hadoop.hive.ql.io.parquet.serde.TestParquetTimestampsHive2Compatibility" time="0"/>
  <testcase name="testWriteHive4UsingLegacyConversionReadHive2(String)[2295]" classname="org.apache.hadoop.hive.ql.io.parquet.serde.TestParquetTimestampsHive2Compatibility" time="0"/>
  <testcase name="testWriteHive4UsingLegacyConversionReadHive2(String)[2296]" classname="org.apache.hadoop.hive.ql.io.parquet.serde.TestParquetTimestampsHive2Compatibility" time="0"/>
  <testcase name="testWriteHive4UsingLegacyConversionReadHive2(String)[2297]" classname="org.apache.hadoop.hive.ql.io.parquet.serde.TestParquetTimestampsHive2Compatibility" time="0"/>
  <testcase name="testWriteHive4UsingLegacyConversionReadHive2(String)[2298]" classname="org.apache.hadoop.hive.ql.io.parquet.serde.TestParquetTimestampsHive2Compatibility" time="0"/>
  <testcase name="testWriteHive4UsingLegacyConversionReadHive2(String)[2299]" classname="org.apache.hadoop.hive.ql.io.parquet.serde.TestParquetTimestampsHive2Compatibility" time="0"/>
  <testcase name="testWriteHive4UsingLegacyConversionReadHive2(String)[2300]" classname="org.apache.hadoop.hive.ql.io.parquet.serde.TestParquetTimestampsHive2Compatibility" time="0"/>
  <testcase name="testWriteHive4UsingLegacyConversionReadHive2(String)[2301]" classname="org.apache.hadoop.hive.ql.io.parquet.serde.TestParquetTimestampsHive2Compatibility" time="0"/>
  <testcase name="testWriteHive4UsingLegacyConversionReadHive2(String)[2302]" classname="org.apache.hadoop.hive.ql.io.parquet.serde.TestParquetTimestampsHive2Compatibility" time="0"/>
  <testcase name="testWriteHive4UsingLegacyConversionReadHive2(String)[2303]" classname="org.apache.hadoop.hive.ql.io.parquet.serde.TestParquetTimestampsHive2Compatibility" time="0"/>
  <testcase name="testWriteHive4UsingLegacyConversionReadHive2(String)[2304]" classname="org.apache.hadoop.hive.ql.io.parquet.serde.TestParquetTimestampsHive2Compatibility" time="0"/>
  <testcase name="testWriteHive4UsingLegacyConversionReadHive2(String)[2305]" classname="org.apache.hadoop.hive.ql.io.parquet.serde.TestParquetTimestampsHive2Compatibility" time="0"/>
  <testcase name="testWriteHive4UsingLegacyConversionReadHive2(String)[2306]" classname="org.apache.hadoop.hive.ql.io.parquet.serde.TestParquetTimestampsHive2Compatibility" time="0"/>
  <testcase name="testWriteHive4UsingLegacyConversionReadHive2(String)[2307]" classname="org.apache.hadoop.hive.ql.io.parquet.serde.TestParquetTimestampsHive2Compatibility" time="0"/>
  <testcase name="testWriteHive4UsingLegacyConversionReadHive2(String)[2308]" classname="org.apache.hadoop.hive.ql.io.parquet.serde.TestParquetTimestampsHive2Compatibility" time="0"/>
  <testcase name="testWriteHive4UsingLegacyConversionReadHive2(String)[2309]" classname="org.apache.hadoop.hive.ql.io.parquet.serde.TestParquetTimestampsHive2Compatibility" time="0"/>
  <testcase name="testWriteHive4UsingLegacyConversionReadHive2(String)[2310]" classname="org.apache.hadoop.hive.ql.io.parquet.serde.TestParquetTimestampsHive2Compatibility" time="0"/>
  <testcase name="testWriteHive4UsingLegacyConversionReadHive2(String)[2311]" classname="org.apache.hadoop.hive.ql.io.parquet.serde.TestParquetTimestampsHive2Compatibility" time="0"/>
  <testcase name="testWriteHive4UsingLegacyConversionReadHive2(String)[2312]" classname="org.apache.hadoop.hive.ql.io.parquet.serde.TestParquetTimestampsHive2Compatibility" time="0"/>
  <testcase name="testWriteHive4UsingLegacyConversionReadHive2(String)[2313]" classname="org.apache.hadoop.hive.ql.io.parquet.serde.TestParquetTimestampsHive2Compatibility" time="0"/>
  <testcase name="testWriteHive4UsingLegacyConversionReadHive2(String)[2314]" classname="org.apache.hadoop.hive.ql.io.parquet.serde.TestParquetTimestampsHive2Compatibility" time="0"/>
  <testcase name="testWriteHive4UsingLegacyConversionReadHive2(String)[2315]" classname="org.apache.hadoop.hive.ql.io.parquet.serde.TestParquetTimestampsHive2Compatibility" time="0"/>
  <testcase name="testWriteHive4UsingLegacyConversionReadHive2(String)[2316]" classname="org.apache.hadoop.hive.ql.io.parquet.serde.TestParquetTimestampsHive2Compatibility" time="0"/>
  <testcase name="testWriteHive4UsingLegacyConversionReadHive2(String)[2317]" classname="org.apache.hadoop.hive.ql.io.parquet.serde.TestParquetTimestampsHive2Compatibility" time="0"/>
  <testcase name="testWriteHive4UsingLegacyConversionReadHive2(String)[2318]" classname="org.apache.hadoop.hive.ql.io.parquet.serde.TestParquetTimestampsHive2Compatibility" time="0"/>
  <testcase name="testWriteHive4UsingLegacyConversionReadHive2(String)[2319]" classname="org.apache.hadoop.hive.ql.io.parquet.serde.TestParquetTimestampsHive2Compatibility" time="0"/>
  <testcase name="testWriteHive4UsingLegacyConversionReadHive2(String)[2320]" classname="org.apache.hadoop.hive.ql.io.parquet.serde.TestParquetTimestampsHive2Compatibility" time="0"/>
  <testcase name="testWriteHive4UsingLegacyConversionReadHive2(String)[2321]" classname="org.apache.hadoop.hive.ql.io.parquet.serde.TestParquetTimestampsHive2Compatibility" time="0"/>
  <testcase name="testWriteHive4UsingLegacyConversionReadHive2(String)[2322]" classname="org.apache.hadoop.hive.ql.io.parquet.serde.TestParquetTimestampsHive2Compatibility" time="0"/>
  <testcase name="testWriteHive4UsingLegacyConversionReadHive2(String)[2323]" classname="org.apache.hadoop.hive.ql.io.parquet.serde.TestParquetTimestampsHive2Compatibility" time="0"/>
  <testcase name="testWriteHive4UsingLegacyConversionReadHive2(String)[2324]" classname="org.apache.hadoop.hive.ql.io.parquet.serde.TestParquetTimestampsHive2Compatibility" time="0"/>
  <testcase name="testWriteHive4UsingLegacyConversionReadHive2(String)[2325]" classname="org.apache.hadoop.hive.ql.io.parquet.serde.TestParquetTimestampsHive2Compatibility" time="0"/>
  <testcase name="testWriteHive4UsingLegacyConversionReadHive2(String)[2326]" classname="org.apache.hadoop.hive.ql.io.parquet.serde.TestParquetTimestampsHive2Compatibility" time="0"/>
  <testcase name="testWriteHive4UsingLegacyConversionReadHive2(String)[2327]" classname="org.apache.hadoop.hive.ql.io.parquet.serde.TestParquetTimestampsHive2Compatibility" time="0"/>
  <testcase name="testWriteHive4UsingLegacyConversionReadHive2(String)[2328]" classname="org.apache.hadoop.hive.ql.io.parquet.serde.TestParquetTimestampsHive2Compatibility" time="0"/>
  <testcase name="testWriteHive4UsingLegacyConversionReadHive2(String)[2329]" classname="org.apache.hadoop.hive.ql.io.parquet.serde.TestParquetTimestampsHive2Compatibility" time="0"/>
  <testcase name="testWriteHive4UsingLegacyConversionReadHive2(String)[2330]" classname="org.apache.hadoop.hive.ql.io.parquet.serde.TestParquetTimestampsHive2Compatibility" time="0"/>
  <testcase name="testWriteHive4UsingLegacyConversionReadHive2(String)[2331]" classname="org.apache.hadoop.hive.ql.io.parquet.serde.TestParquetTimestampsHive2Compatibility" time="0"/>
  <testcase name="testWriteHive4UsingLegacyConversionReadHive2(String)[2332]" classname="org.apache.hadoop.hive.ql.io.parquet.serde.TestParquetTimestampsHive2Compatibility" time="0"/>
  <testcase name="testWriteHive4UsingLegacyConversionReadHive2(String)[2333]" classname="org.apache.hadoop.hive.ql.io.parquet.serde.TestParquetTimestampsHive2Compatibility" time="0"/>
  <testcase name="testWriteHive4UsingLegacyConversionReadHive2(String)[2334]" classname="org.apache.hadoop.hive.ql.io.parquet.serde.TestParquetTimestampsHive2Compatibility" time="0"/>
  <testcase name="testWriteHive4UsingLegacyConversionReadHive2(String)[2335]" classname="org.apache.hadoop.hive.ql.io.parquet.serde.TestParquetTimestampsHive2Compatibility" time="0"/>
  <testcase name="testWriteHive4UsingLegacyConversionReadHive2(String)[2336]" classname="org.apache.hadoop.hive.ql.io.parquet.serde.TestParquetTimestampsHive2Compatibility" time="0"/>
  <testcase name="testWriteHive4UsingLegacyConversionReadHive2(String)[2337]" classname="org.apache.hadoop.hive.ql.io.parquet.serde.TestParquetTimestampsHive2Compatibility" time="0"/>
  <testcase name="testWriteHive4UsingLegacyConversionReadHive2(String)[2338]" classname="org.apache.hadoop.hive.ql.io.parquet.serde.TestParquetTimestampsHive2Compatibility" time="0"/>
  <testcase name="testWriteHive4UsingLegacyConversionReadHive2(String)[2339]" classname="org.apache.hadoop.hive.ql.io.parquet.serde.TestParquetTimestampsHive2Compatibility" time="0"/>
  <testcase name="testWriteHive4UsingLegacyConversionReadHive2(String)[2340]" classname="org.apache.hadoop.hive.ql.io.parquet.serde.TestParquetTimestampsHive2Compatibility" time="0"/>
  <testcase name="testWriteHive4UsingLegacyConversionReadHive2(String)[2341]" classname="org.apache.hadoop.hive.ql.io.parquet.serde.TestParquetTimestampsHive2Compatibility" time="0"/>
  <testcase name="testWriteHive4UsingLegacyConversionReadHive2(String)[2342]" classname="org.apache.hadoop.hive.ql.io.parquet.serde.TestParquetTimestampsHive2Compatibility" time="0"/>
  <testcase name="testWriteHive4UsingLegacyConversionReadHive2(String)[2343]" classname="org.apache.hadoop.hive.ql.io.parquet.serde.TestParquetTimestampsHive2Compatibility" time="0"/>
  <testcase name="testWriteHive4UsingLegacyConversionReadHive2(String)[2344]" classname="org.apache.hadoop.hive.ql.io.parquet.serde.TestParquetTimestampsHive2Compatibility" time="0"/>
  <testcase name="testWriteHive4UsingLegacyConversionReadHive2(String)[2345]" classname="org.apache.hadoop.hive.ql.io.parquet.serde.TestParquetTimestampsHive2Compatibility" time="0"/>
  <testcase name="testWriteHive4UsingLegacyConversionReadHive2(String)[2346]" classname="org.apache.hadoop.hive.ql.io.parquet.serde.TestParquetTimestampsHive2Compatibility" time="0"/>
  <testcase name="testWriteHive4UsingLegacyConversionReadHive2(String)[2347]" classname="org.apache.hadoop.hive.ql.io.parquet.serde.TestParquetTimestampsHive2Compatibility" time="0"/>
  <testcase name="testWriteHive4UsingLegacyConversionReadHive2(String)[2348]" classname="org.apache.hadoop.hive.ql.io.parquet.serde.TestParquetTimestampsHive2Compatibility" time="0"/>
  <testcase name="testWriteHive4UsingLegacyConversionReadHive2(String)[2349]" classname="org.apache.hadoop.hive.ql.io.parquet.serde.TestParquetTimestampsHive2Compatibility" time="0"/>
  <testcase name="testWriteHive4UsingLegacyConversionReadHive2(String)[2350]" classname="org.apache.hadoop.hive.ql.io.parquet.serde.TestParquetTimestampsHive2Compatibility" time="0"/>
  <testcase name="testWriteHive4UsingLegacyConversionReadHive2(String)[2351]" classname="org.apache.hadoop.hive.ql.io.parquet.serde.TestParquetTimestampsHive2Compatibility" time="0"/>
  <testcase name="testWriteHive4UsingLegacyConversionReadHive2(String)[2352]" classname="org.apache.hadoop.hive.ql.io.parquet.serde.TestParquetTimestampsHive2Compatibility" time="0"/>
  <testcase name="testWriteHive4UsingLegacyConversionReadHive2(String)[2353]" classname="org.apache.hadoop.hive.ql.io.parquet.serde.TestParquetTimestampsHive2Compatibility" time="0"/>
  <testcase name="testWriteHive4UsingLegacyConversionReadHive2(String)[2354]" classname="org.apache.hadoop.hive.ql.io.parquet.serde.TestParquetTimestampsHive2Compatibility" time="0"/>
  <testcase name="testWriteHive4UsingLegacyConversionReadHive2(String)[2355]" classname="org.apache.hadoop.hive.ql.io.parquet.serde.TestParquetTimestampsHive2Compatibility" time="0"/>
  <testcase name="testWriteHive4UsingLegacyConversionReadHive2(String)[2356]" classname="org.apache.hadoop.hive.ql.io.parquet.serde.TestParquetTimestampsHive2Compatibility" time="0"/>
  <testcase name="testWriteHive4UsingLegacyConversionReadHive2(String)[2357]" classname="org.apache.hadoop.hive.ql.io.parquet.serde.TestParquetTimestampsHive2Compatibility" time="0"/>
  <testcase name="testWriteHive4UsingLegacyConversionReadHive2(String)[2358]" classname="org.apache.hadoop.hive.ql.io.parquet.serde.TestParquetTimestampsHive2Compatibility" time="0"/>
  <testcase name="testWriteHive4UsingLegacyConversionReadHive2(String)[2359]" classname="org.apache.hadoop.hive.ql.io.parquet.serde.TestParquetTimestampsHive2Compatibility" time="0"/>
  <testcase name="testWriteHive4UsingLegacyConversionReadHive2(String)[2360]" classname="org.apache.hadoop.hive.ql.io.parquet.serde.TestParquetTimestampsHive2Compatibility" time="0"/>
  <testcase name="testWriteHive4UsingLegacyConversionReadHive2(String)[2361]" classname="org.apache.hadoop.hive.ql.io.parquet.serde.TestParquetTimestampsHive2Compatibility" time="0"/>
  <testcase name="testWriteHive4UsingLegacyConversionReadHive2(String)[2362]" classname="org.apache.hadoop.hive.ql.io.parquet.serde.TestParquetTimestampsHive2Compatibility" time="0"/>
  <testcase name="testWriteHive4UsingLegacyConversionReadHive2(String)[2363]" classname="org.apache.hadoop.hive.ql.io.parquet.serde.TestParquetTimestampsHive2Compatibility" time="0"/>
  <testcase name="testWriteHive4UsingLegacyConversionReadHive2(String)[2364]" classname="org.apache.hadoop.hive.ql.io.parquet.serde.TestParquetTimestampsHive2Compatibility" time="0"/>
  <testcase name="testWriteHive4UsingLegacyConversionReadHive2(String)[2365]" classname="org.apache.hadoop.hive.ql.io.parquet.serde.TestParquetTimestampsHive2Compatibility" time="0"/>
  <testcase name="testWriteHive4UsingLegacyConversionReadHive2(String)[2366]" classname="org.apache.hadoop.hive.ql.io.parquet.serde.TestParquetTimestampsHive2Compatibility" time="0"/>
  <testcase name="testWriteHive4UsingLegacyConversionReadHive2(String)[2367]" classname="org.apache.hadoop.hive.ql.io.parquet.serde.TestParquetTimestampsHive2Compatibility" time="0"/>
  <testcase name="testWriteHive4UsingLegacyConversionReadHive2(String)[2368]" classname="org.apache.hadoop.hive.ql.io.parquet.serde.TestParquetTimestampsHive2Compatibility" time="0"/>
  <testcase name="testWriteHive4UsingLegacyConversionReadHive2(String)[2369]" classname="org.apache.hadoop.hive.ql.io.parquet.serde.TestParquetTimestampsHive2Compatibility" time="0"/>
  <testcase name="testWriteHive4UsingLegacyConversionReadHive2(String)[2370]" classname="org.apache.hadoop.hive.ql.io.parquet.serde.TestParquetTimestampsHive2Compatibility" time="0"/>
  <testcase name="testWriteHive4UsingLegacyConversionReadHive2(String)[2371]" classname="org.apache.hadoop.hive.ql.io.parquet.serde.TestParquetTimestampsHive2Compatibility" time="0"/>
  <testcase name="testWriteHive4UsingLegacyConversionReadHive2(String)[2372]" classname="org.apache.hadoop.hive.ql.io.parquet.serde.TestParquetTimestampsHive2Compatibility" time="0"/>
  <testcase name="testWriteHive4UsingLegacyConversionReadHive2(String)[2373]" classname="org.apache.hadoop.hive.ql.io.parquet.serde.TestParquetTimestampsHive2Compatibility" time="0"/>
  <testcase name="testWriteHive4UsingLegacyConversionReadHive2(String)[2374]" classname="org.apache.hadoop.hive.ql.io.parquet.serde.TestParquetTimestampsHive2Compatibility" time="0"/>
  <testcase name="testWriteHive4UsingLegacyConversionReadHive2(String)[2375]" classname="org.apache.hadoop.hive.ql.io.parquet.serde.TestParquetTimestampsHive2Compatibility" time="0"/>
  <testcase name="testWriteHive4UsingLegacyConversionReadHive2(String)[2376]" classname="org.apache.hadoop.hive.ql.io.parquet.serde.TestParquetTimestampsHive2Compatibility" time="0"/>
  <testcase name="testWriteHive4UsingLegacyConversionReadHive2(String)[2377]" classname="org.apache.hadoop.hive.ql.io.parquet.serde.TestParquetTimestampsHive2Compatibility" time="0"/>
  <testcase name="testWriteHive4UsingLegacyConversionReadHive2(String)[2378]" classname="org.apache.hadoop.hive.ql.io.parquet.serde.TestParquetTimestampsHive2Compatibility" time="0"/>
  <testcase name="testWriteHive4UsingLegacyConversionReadHive2(String)[2379]" classname="org.apache.hadoop.hive.ql.io.parquet.serde.TestParquetTimestampsHive2Compatibility" time="0"/>
  <testcase name="testWriteHive4UsingLegacyConversionReadHive2(String)[2380]" classname="org.apache.hadoop.hive.ql.io.parquet.serde.TestParquetTimestampsHive2Compatibility" time="0"/>
  <testcase name="testWriteHive4UsingLegacyConversionReadHive2(String)[2381]" classname="org.apache.hadoop.hive.ql.io.parquet.serde.TestParquetTimestampsHive2Compatibility" time="0"/>
  <testcase name="testWriteHive4UsingLegacyConversionReadHive2(String)[2382]" classname="org.apache.hadoop.hive.ql.io.parquet.serde.TestParquetTimestampsHive2Compatibility" time="0"/>
  <testcase name="testWriteHive4UsingLegacyConversionReadHive2(String)[2383]" classname="org.apache.hadoop.hive.ql.io.parquet.serde.TestParquetTimestampsHive2Compatibility" time="0"/>
  <testcase name="testWriteHive4UsingLegacyConversionReadHive2(String)[2384]" classname="org.apache.hadoop.hive.ql.io.parquet.serde.TestParquetTimestampsHive2Compatibility" time="0"/>
  <testcase name="testWriteHive4UsingLegacyConversionReadHive2(String)[2385]" classname="org.apache.hadoop.hive.ql.io.parquet.serde.TestParquetTimestampsHive2Compatibility" time="0"/>
  <testcase name="testWriteHive4UsingLegacyConversionReadHive2(String)[2386]" classname="org.apache.hadoop.hive.ql.io.parquet.serde.TestParquetTimestampsHive2Compatibility" time="0"/>
  <testcase name="testWriteHive4UsingLegacyConversionReadHive2(String)[2387]" classname="org.apache.hadoop.hive.ql.io.parquet.serde.TestParquetTimestampsHive2Compatibility" time="0"/>
  <testcase name="testWriteHive4UsingLegacyConversionReadHive2(String)[2388]" classname="org.apache.hadoop.hive.ql.io.parquet.serde.TestParquetTimestampsHive2Compatibility" time="0"/>
  <testcase name="testWriteHive4UsingLegacyConversionReadHive2(String)[2389]" classname="org.apache.hadoop.hive.ql.io.parquet.serde.TestParquetTimestampsHive2Compatibility" time="0"/>
  <testcase name="testWriteHive4UsingLegacyConversionReadHive2(String)[2390]" classname="org.apache.hadoop.hive.ql.io.parquet.serde.TestParquetTimestampsHive2Compatibility" time="0"/>
  <testcase name="testWriteHive4UsingLegacyConversionReadHive2(String)[2391]" classname="org.apache.hadoop.hive.ql.io.parquet.serde.TestParquetTimestampsHive2Compatibility" time="0"/>
  <testcase name="testWriteHive4UsingLegacyConversionReadHive2(String)[2392]" classname="org.apache.hadoop.hive.ql.io.parquet.serde.TestParquetTimestampsHive2Compatibility" time="0"/>
  <testcase name="testWriteHive4UsingLegacyConversionReadHive2(String)[2393]" classname="org.apache.hadoop.hive.ql.io.parquet.serde.TestParquetTimestampsHive2Compatibility" time="0"/>
  <testcase name="testWriteHive4UsingLegacyConversionReadHive2(String)[2394]" classname="org.apache.hadoop.hive.ql.io.parquet.serde.TestParquetTimestampsHive2Compatibility" time="0"/>
  <testcase name="testWriteHive4UsingLegacyConversionReadHive2(String)[2395]" classname="org.apache.hadoop.hive.ql.io.parquet.serde.TestParquetTimestampsHive2Compatibility" time="0"/>
  <testcase name="testWriteHive4UsingLegacyConversionReadHive2(String)[2396]" classname="org.apache.hadoop.hive.ql.io.parquet.serde.TestParquetTimestampsHive2Compatibility" time="0"/>
  <testcase name="testWriteHive4UsingLegacyConversionReadHive2(String)[2397]" classname="org.apache.hadoop.hive.ql.io.parquet.serde.TestParquetTimestampsHive2Compatibility" time="0"/>
  <testcase name="testWriteHive4UsingLegacyConversionReadHive2(String)[2398]" classname="org.apache.hadoop.hive.ql.io.parquet.serde.TestParquetTimestampsHive2Compatibility" time="0"/>
  <testcase name="testWriteHive4UsingLegacyConversionReadHive2(String)[2399]" classname="org.apache.hadoop.hive.ql.io.parquet.serde.TestParquetTimestampsHive2Compatibility" time="0"/>
  <testcase name="testWriteHive4UsingLegacyConversionReadHive2(String)[2400]" classname="org.apache.hadoop.hive.ql.io.parquet.serde.TestParquetTimestampsHive2Compatibility" time="0"/>
  <testcase name="testWriteHive4UsingLegacyConversionReadHive2(String)[2401]" classname="org.apache.hadoop.hive.ql.io.parquet.serde.TestParquetTimestampsHive2Compatibility" time="0"/>
  <testcase name="testWriteHive4UsingLegacyConversionReadHive2(String)[2402]" classname="org.apache.hadoop.hive.ql.io.parquet.serde.TestParquetTimestampsHive2Compatibility" time="0"/>
  <testcase name="testWriteHive4UsingLegacyConversionReadHive2(String)[2403]" classname="org.apache.hadoop.hive.ql.io.parquet.serde.TestParquetTimestampsHive2Compatibility" time="0.001"/>
  <testcase name="testWriteHive4UsingLegacyConversionReadHive2(String)[2404]" classname="org.apache.hadoop.hive.ql.io.parquet.serde.TestParquetTimestampsHive2Compatibility" time="0"/>
  <testcase name="testWriteHive4UsingLegacyConversionReadHive2(String)[2405]" classname="org.apache.hadoop.hive.ql.io.parquet.serde.TestParquetTimestampsHive2Compatibility" time="0"/>
  <testcase name="testWriteHive4UsingLegacyConversionReadHive2(String)[2406]" classname="org.apache.hadoop.hive.ql.io.parquet.serde.TestParquetTimestampsHive2Compatibility" time="0"/>
  <testcase name="testWriteHive4UsingLegacyConversionReadHive2(String)[2407]" classname="org.apache.hadoop.hive.ql.io.parquet.serde.TestParquetTimestampsHive2Compatibility" time="0"/>
  <testcase name="testWriteHive4UsingLegacyConversionReadHive2(String)[2408]" classname="org.apache.hadoop.hive.ql.io.parquet.serde.TestParquetTimestampsHive2Compatibility" time="0"/>
  <testcase name="testWriteHive4UsingLegacyConversionReadHive2(String)[2409]" classname="org.apache.hadoop.hive.ql.io.parquet.serde.TestParquetTimestampsHive2Compatibility" time="0.001"/>
  <testcase name="testWriteHive4UsingLegacyConversionReadHive2(String)[2410]" classname="org.apache.hadoop.hive.ql.io.parquet.serde.TestParquetTimestampsHive2Compatibility" time="0"/>
  <testcase name="testWriteHive4UsingLegacyConversionReadHive2(String)[2411]" classname="org.apache.hadoop.hive.ql.io.parquet.serde.TestParquetTimestampsHive2Compatibility" time="0"/>
  <testcase name="testWriteHive4UsingLegacyConversionReadHive2(String)[2412]" classname="org.apache.hadoop.hive.ql.io.parquet.serde.TestParquetTimestampsHive2Compatibility" time="0"/>
  <testcase name="testWriteHive4UsingLegacyConversionReadHive2(String)[2413]" classname="org.apache.hadoop.hive.ql.io.parquet.serde.TestParquetTimestampsHive2Compatibility" time="0"/>
  <testcase name="testWriteHive4UsingLegacyConversionReadHive2(String)[2414]" classname="org.apache.hadoop.hive.ql.io.parquet.serde.TestParquetTimestampsHive2Compatibility" time="0"/>
  <testcase name="testWriteHive4UsingLegacyConversionReadHive2(String)[2415]" classname="org.apache.hadoop.hive.ql.io.parquet.serde.TestParquetTimestampsHive2Compatibility" time="0.001"/>
  <testcase name="testWriteHive4UsingLegacyConversionReadHive2(String)[2416]" classname="org.apache.hadoop.hive.ql.io.parquet.serde.TestParquetTimestampsHive2Compatibility" time="0"/>
  <testcase name="testWriteHive4UsingLegacyConversionReadHive2(String)[2417]" classname="org.apache.hadoop.hive.ql.io.parquet.serde.TestParquetTimestampsHive2Compatibility" time="0"/>
  <testcase name="testWriteHive4UsingLegacyConversionReadHive2(String)[2418]" classname="org.apache.hadoop.hive.ql.io.parquet.serde.TestParquetTimestampsHive2Compatibility" time="0"/>
  <testcase name="testWriteHive4UsingLegacyConversionReadHive2(String)[2419]" classname="org.apache.hadoop.hive.ql.io.parquet.serde.TestParquetTimestampsHive2Compatibility" time="0"/>
  <testcase name="testWriteHive4UsingLegacyConversionReadHive2(String)[2420]" classname="org.apache.hadoop.hive.ql.io.parquet.serde.TestParquetTimestampsHive2Compatibility" time="0"/>
  <testcase name="testWriteHive4UsingLegacyConversionReadHive2(String)[2421]" classname="org.apache.hadoop.hive.ql.io.parquet.serde.TestParquetTimestampsHive2Compatibility" time="0.001"/>
  <testcase name="testWriteHive4UsingLegacyConversionReadHive2(String)[2422]" classname="org.apache.hadoop.hive.ql.io.parquet.serde.TestParquetTimestampsHive2Compatibility" time="0"/>
  <testcase name="testWriteHive4UsingLegacyConversionReadHive2(String)[2423]" classname="org.apache.hadoop.hive.ql.io.parquet.serde.TestParquetTimestampsHive2Compatibility" time="0"/>
  <testcase name="testWriteHive4UsingLegacyConversionReadHive2(String)[2424]" classname="org.apache.hadoop.hive.ql.io.parquet.serde.TestParquetTimestampsHive2Compatibility" time="0"/>
  <testcase name="testWriteHive4UsingLegacyConversionReadHive2(String)[2425]" classname="org.apache.hadoop.hive.ql.io.parquet.serde.TestParquetTimestampsHive2Compatibility" time="0"/>
  <testcase name="testWriteHive4UsingLegacyConversionReadHive2(String)[2426]" classname="org.apache.hadoop.hive.ql.io.parquet.serde.TestParquetTimestampsHive2Compatibility" time="0"/>
  <testcase name="testWriteHive4UsingLegacyConversionReadHive2(String)[2427]" classname="org.apache.hadoop.hive.ql.io.parquet.serde.TestParquetTimestampsHive2Compatibility" time="0"/>
  <testcase name="testWriteHive4UsingLegacyConversionReadHive2(String)[2428]" classname="org.apache.hadoop.hive.ql.io.parquet.serde.TestParquetTimestampsHive2Compatibility" time="0"/>
  <testcase name="testWriteHive4UsingLegacyConversionReadHive2(String)[2429]" classname="org.apache.hadoop.hive.ql.io.parquet.serde.TestParquetTimestampsHive2Compatibility" time="0"/>
  <testcase name="testWriteHive4UsingLegacyConversionReadHive2(String)[2430]" classname="org.apache.hadoop.hive.ql.io.parquet.serde.TestParquetTimestampsHive2Compatibility" time="0"/>
  <testcase name="testWriteHive4UsingLegacyConversionReadHive2(String)[2431]" classname="org.apache.hadoop.hive.ql.io.parquet.serde.TestParquetTimestampsHive2Compatibility" time="0"/>
  <testcase name="testWriteHive4UsingLegacyConversionReadHive2(String)[2432]" classname="org.apache.hadoop.hive.ql.io.parquet.serde.TestParquetTimestampsHive2Compatibility" time="0"/>
  <testcase name="testWriteHive4UsingLegacyConversionReadHive2(String)[2433]" classname="org.apache.hadoop.hive.ql.io.parquet.serde.TestParquetTimestampsHive2Compatibility" time="0"/>
  <testcase name="testWriteHive4UsingLegacyConversionReadHive2(String)[2434]" classname="org.apache.hadoop.hive.ql.io.parquet.serde.TestParquetTimestampsHive2Compatibility" time="0"/>
  <testcase name="testWriteHive4UsingLegacyConversionReadHive2(String)[2435]" classname="org.apache.hadoop.hive.ql.io.parquet.serde.TestParquetTimestampsHive2Compatibility" time="0"/>
  <testcase name="testWriteHive4UsingLegacyConversionReadHive2(String)[2436]" classname="org.apache.hadoop.hive.ql.io.parquet.serde.TestParquetTimestampsHive2Compatibility" time="0"/>
  <testcase name="testWriteHive4UsingLegacyConversionReadHive2(String)[2437]" classname="org.apache.hadoop.hive.ql.io.parquet.serde.TestParquetTimestampsHive2Compatibility" time="0"/>
  <testcase name="testWriteHive4UsingLegacyConversionReadHive2(String)[2438]" classname="org.apache.hadoop.hive.ql.io.parquet.serde.TestParquetTimestampsHive2Compatibility" time="0"/>
  <testcase name="testWriteHive4UsingLegacyConversionReadHive2(String)[2439]" classname="org.apache.hadoop.hive.ql.io.parquet.serde.TestParquetTimestampsHive2Compatibility" time="0"/>
  <testcase name="testWriteHive4UsingLegacyConversionReadHive2(String)[2440]" classname="org.apache.hadoop.hive.ql.io.parquet.serde.TestParquetTimestampsHive2Compatibility" time="0"/>
  <testcase name="testWriteHive4UsingLegacyConversionReadHive2(String)[2441]" classname="org.apache.hadoop.hive.ql.io.parquet.serde.TestParquetTimestampsHive2Compatibility" time="0"/>
  <testcase name="testWriteHive4UsingLegacyConversionReadHive2(String)[2442]" classname="org.apache.hadoop.hive.ql.io.parquet.serde.TestParquetTimestampsHive2Compatibility" time="0"/>
  <testcase name="testWriteHive4UsingLegacyConversionReadHive2(String)[2443]" classname="org.apache.hadoop.hive.ql.io.parquet.serde.TestParquetTimestampsHive2Compatibility" time="0"/>
  <testcase name="testWriteHive4UsingLegacyConversionReadHive2(String)[2444]" classname="org.apache.hadoop.hive.ql.io.parquet.serde.TestParquetTimestampsHive2Compatibility" time="0.001"/>
  <testcase name="testWriteHive4UsingLegacyConversionReadHive2(String)[2445]" classname="org.apache.hadoop.hive.ql.io.parquet.serde.TestParquetTimestampsHive2Compatibility" time="0"/>
  <testcase name="testWriteHive4UsingLegacyConversionReadHive2(String)[2446]" classname="org.apache.hadoop.hive.ql.io.parquet.serde.TestParquetTimestampsHive2Compatibility" time="0"/>
  <testcase name="testWriteHive4UsingLegacyConversionReadHive2(String)[2447]" classname="org.apache.hadoop.hive.ql.io.parquet.serde.TestParquetTimestampsHive2Compatibility" time="0"/>
  <testcase name="testWriteHive4UsingLegacyConversionReadHive2(String)[2448]" classname="org.apache.hadoop.hive.ql.io.parquet.serde.TestParquetTimestampsHive2Compatibility" time="0"/>
  <testcase name="testWriteHive4UsingLegacyConversionReadHive2(String)[2449]" classname="org.apache.hadoop.hive.ql.io.parquet.serde.TestParquetTimestampsHive2Compatibility" time="0"/>
  <testcase name="testWriteHive4UsingLegacyConversionReadHive2(String)[2450]" classname="org.apache.hadoop.hive.ql.io.parquet.serde.TestParquetTimestampsHive2Compatibility" time="0"/>
  <testcase name="testWriteHive4UsingLegacyConversionReadHive2(String)[2451]" classname="org.apache.hadoop.hive.ql.io.parquet.serde.TestParquetTimestampsHive2Compatibility" time="0"/>
  <testcase name="testWriteHive4UsingLegacyConversionReadHive2(String)[2452]" classname="org.apache.hadoop.hive.ql.io.parquet.serde.TestParquetTimestampsHive2Compatibility" time="0"/>
  <testcase name="testWriteHive4UsingLegacyConversionReadHive2(String)[2453]" classname="org.apache.hadoop.hive.ql.io.parquet.serde.TestParquetTimestampsHive2Compatibility" time="0"/>
  <testcase name="testWriteHive4UsingLegacyConversionReadHive2(String)[2454]" classname="org.apache.hadoop.hive.ql.io.parquet.serde.TestParquetTimestampsHive2Compatibility" time="0"/>
  <testcase name="testWriteHive4UsingLegacyConversionReadHive2(String)[2455]" classname="org.apache.hadoop.hive.ql.io.parquet.serde.TestParquetTimestampsHive2Compatibility" time="0"/>
  <testcase name="testWriteHive4UsingLegacyConversionReadHive2(String)[2456]" classname="org.apache.hadoop.hive.ql.io.parquet.serde.TestParquetTimestampsHive2Compatibility" time="0"/>
  <testcase name="testWriteHive4UsingLegacyConversionReadHive2(String)[2457]" classname="org.apache.hadoop.hive.ql.io.parquet.serde.TestParquetTimestampsHive2Compatibility" time="0"/>
  <testcase name="testWriteHive4UsingLegacyConversionReadHive2(String)[2458]" classname="org.apache.hadoop.hive.ql.io.parquet.serde.TestParquetTimestampsHive2Compatibility" time="0"/>
  <testcase name="testWriteHive4UsingLegacyConversionReadHive2(String)[2459]" classname="org.apache.hadoop.hive.ql.io.parquet.serde.TestParquetTimestampsHive2Compatibility" time="0"/>
  <testcase name="testWriteHive4UsingLegacyConversionReadHive2(String)[2460]" classname="org.apache.hadoop.hive.ql.io.parquet.serde.TestParquetTimestampsHive2Compatibility" time="0"/>
  <testcase name="testWriteHive4UsingLegacyConversionReadHive2(String)[2461]" classname="org.apache.hadoop.hive.ql.io.parquet.serde.TestParquetTimestampsHive2Compatibility" time="0"/>
  <testcase name="testWriteHive4UsingLegacyConversionReadHive2(String)[2462]" classname="org.apache.hadoop.hive.ql.io.parquet.serde.TestParquetTimestampsHive2Compatibility" time="0"/>
  <testcase name="testWriteHive4UsingLegacyConversionReadHive2(String)[2463]" classname="org.apache.hadoop.hive.ql.io.parquet.serde.TestParquetTimestampsHive2Compatibility" time="0"/>
  <testcase name="testWriteHive4UsingLegacyConversionReadHive2(String)[2464]" classname="org.apache.hadoop.hive.ql.io.parquet.serde.TestParquetTimestampsHive2Compatibility" time="0"/>
  <testcase name="testWriteHive4UsingLegacyConversionReadHive2(String)[2465]" classname="org.apache.hadoop.hive.ql.io.parquet.serde.TestParquetTimestampsHive2Compatibility" time="0"/>
  <testcase name="testWriteHive4UsingLegacyConversionReadHive2(String)[2466]" classname="org.apache.hadoop.hive.ql.io.parquet.serde.TestParquetTimestampsHive2Compatibility" time="0"/>
  <testcase name="testWriteHive4UsingLegacyConversionReadHive2(String)[2467]" classname="org.apache.hadoop.hive.ql.io.parquet.serde.TestParquetTimestampsHive2Compatibility" time="0"/>
  <testcase name="testWriteHive4UsingLegacyConversionReadHive2(String)[2468]" classname="org.apache.hadoop.hive.ql.io.parquet.serde.TestParquetTimestampsHive2Compatibility" time="0.001"/>
  <testcase name="testWriteHive4UsingLegacyConversionReadHive2(String)[2469]" classname="org.apache.hadoop.hive.ql.io.parquet.serde.TestParquetTimestampsHive2Compatibility" time="0"/>
  <testcase name="testWriteHive4UsingLegacyConversionReadHive2(String)[2470]" classname="org.apache.hadoop.hive.ql.io.parquet.serde.TestParquetTimestampsHive2Compatibility" time="0"/>
  <testcase name="testWriteHive4UsingLegacyConversionReadHive2(String)[2471]" classname="org.apache.hadoop.hive.ql.io.parquet.serde.TestParquetTimestampsHive2Compatibility" time="0"/>
  <testcase name="testWriteHive4UsingLegacyConversionReadHive2(String)[2472]" classname="org.apache.hadoop.hive.ql.io.parquet.serde.TestParquetTimestampsHive2Compatibility" time="0"/>
  <testcase name="testWriteHive4UsingLegacyConversionReadHive2(String)[2473]" classname="org.apache.hadoop.hive.ql.io.parquet.serde.TestParquetTimestampsHive2Compatibility" time="0"/>
  <testcase name="testWriteHive4UsingLegacyConversionReadHive2(String)[2474]" classname="org.apache.hadoop.hive.ql.io.parquet.serde.TestParquetTimestampsHive2Compatibility" time="0.001"/>
  <testcase name="testWriteHive4UsingLegacyConversionReadHive2(String)[2475]" classname="org.apache.hadoop.hive.ql.io.parquet.serde.TestParquetTimestampsHive2Compatibility" time="0"/>
  <testcase name="testWriteHive4UsingLegacyConversionReadHive2(String)[2476]" classname="org.apache.hadoop.hive.ql.io.parquet.serde.TestParquetTimestampsHive2Compatibility" time="0"/>
  <testcase name="testWriteHive4UsingLegacyConversionReadHive2(String)[2477]" classname="org.apache.hadoop.hive.ql.io.parquet.serde.TestParquetTimestampsHive2Compatibility" time="0"/>
  <testcase name="testWriteHive4UsingLegacyConversionReadHive2(String)[2478]" classname="org.apache.hadoop.hive.ql.io.parquet.serde.TestParquetTimestampsHive2Compatibility" time="0"/>
  <testcase name="testWriteHive4UsingLegacyConversionReadHive2(String)[2479]" classname="org.apache.hadoop.hive.ql.io.parquet.serde.TestParquetTimestampsHive2Compatibility" time="0"/>
  <testcase name="testWriteHive4UsingLegacyConversionReadHive2(String)[2480]" classname="org.apache.hadoop.hive.ql.io.parquet.serde.TestParquetTimestampsHive2Compatibility" time="0.001"/>
  <testcase name="testWriteHive4UsingLegacyConversionReadHive2(String)[2481]" classname="org.apache.hadoop.hive.ql.io.parquet.serde.TestParquetTimestampsHive2Compatibility" time="0"/>
  <testcase name="testWriteHive4UsingLegacyConversionReadHive2(String)[2482]" classname="org.apache.hadoop.hive.ql.io.parquet.serde.TestParquetTimestampsHive2Compatibility" time="0"/>
  <testcase name="testWriteHive4UsingLegacyConversionReadHive2(String)[2483]" classname="org.apache.hadoop.hive.ql.io.parquet.serde.TestParquetTimestampsHive2Compatibility" time="0"/>
  <testcase name="testWriteHive4UsingLegacyConversionReadHive2(String)[2484]" classname="org.apache.hadoop.hive.ql.io.parquet.serde.TestParquetTimestampsHive2Compatibility" time="0"/>
  <testcase name="testWriteHive4UsingLegacyConversionReadHive2(String)[2485]" classname="org.apache.hadoop.hive.ql.io.parquet.serde.TestParquetTimestampsHive2Compatibility" time="0"/>
  <testcase name="testWriteHive4UsingLegacyConversionReadHive2(String)[2486]" classname="org.apache.hadoop.hive.ql.io.parquet.serde.TestParquetTimestampsHive2Compatibility" time="0.001"/>
  <testcase name="testWriteHive4UsingLegacyConversionReadHive2(String)[2487]" classname="org.apache.hadoop.hive.ql.io.parquet.serde.TestParquetTimestampsHive2Compatibility" time="0"/>
  <testcase name="testWriteHive4UsingLegacyConversionReadHive2(String)[2488]" classname="org.apache.hadoop.hive.ql.io.parquet.serde.TestParquetTimestampsHive2Compatibility" time="0"/>
  <testcase name="testWriteHive4UsingLegacyConversionReadHive2(String)[2489]" classname="org.apache.hadoop.hive.ql.io.parquet.serde.TestParquetTimestampsHive2Compatibility" time="0"/>
  <testcase name="testWriteHive4UsingLegacyConversionReadHive2(String)[2490]" classname="org.apache.hadoop.hive.ql.io.parquet.serde.TestParquetTimestampsHive2Compatibility" time="0"/>
  <testcase name="testWriteHive4UsingLegacyConversionReadHive2(String)[2491]" classname="org.apache.hadoop.hive.ql.io.parquet.serde.TestParquetTimestampsHive2Compatibility" time="0"/>
  <testcase name="testWriteHive4UsingLegacyConversionReadHive2(String)[2492]" classname="org.apache.hadoop.hive.ql.io.parquet.serde.TestParquetTimestampsHive2Compatibility" time="0.001"/>
  <testcase name="testWriteHive4UsingLegacyConversionReadHive2(String)[2493]" classname="org.apache.hadoop.hive.ql.io.parquet.serde.TestParquetTimestampsHive2Compatibility" time="0"/>
  <testcase name="testWriteHive4UsingLegacyConversionReadHive2(String)[2494]" classname="org.apache.hadoop.hive.ql.io.parquet.serde.TestParquetTimestampsHive2Compatibility" time="0"/>
  <testcase name="testWriteHive4UsingLegacyConversionReadHive2(String)[2495]" classname="org.apache.hadoop.hive.ql.io.parquet.serde.TestParquetTimestampsHive2Compatibility" time="0"/>
  <testcase name="testWriteHive4UsingLegacyConversionReadHive2(String)[2496]" classname="org.apache.hadoop.hive.ql.io.parquet.serde.TestParquetTimestampsHive2Compatibility" time="0"/>
  <testcase name="testWriteHive4UsingLegacyConversionReadHive2(String)[2497]" classname="org.apache.hadoop.hive.ql.io.parquet.serde.TestParquetTimestampsHive2Compatibility" time="0"/>
  <testcase name="testWriteHive4UsingLegacyConversionReadHive2(String)[2498]" classname="org.apache.hadoop.hive.ql.io.parquet.serde.TestParquetTimestampsHive2Compatibility" time="0.001"/>
  <testcase name="testWriteHive4UsingLegacyConversionReadHive2(String)[2499]" classname="org.apache.hadoop.hive.ql.io.parquet.serde.TestParquetTimestampsHive2Compatibility" time="0"/>
  <testcase name="testWriteHive4UsingLegacyConversionReadHive2(String)[2500]" classname="org.apache.hadoop.hive.ql.io.parquet.serde.TestParquetTimestampsHive2Compatibility" time="0"/>
  <testcase name="testWriteHive4UsingLegacyConversionReadHive2(String)[2501]" classname="org.apache.hadoop.hive.ql.io.parquet.serde.TestParquetTimestampsHive2Compatibility" time="0"/>
  <testcase name="testWriteHive4UsingLegacyConversionReadHive2(String)[2502]" classname="org.apache.hadoop.hive.ql.io.parquet.serde.TestParquetTimestampsHive2Compatibility" time="0"/>
  <testcase name="testWriteHive4UsingLegacyConversionReadHive2(String)[2503]" classname="org.apache.hadoop.hive.ql.io.parquet.serde.TestParquetTimestampsHive2Compatibility" time="0"/>
  <testcase name="testWriteHive4UsingLegacyConversionReadHive2(String)[2504]" classname="org.apache.hadoop.hive.ql.io.parquet.serde.TestParquetTimestampsHive2Compatibility" time="0.001"/>
  <testcase name="testWriteHive4UsingLegacyConversionReadHive2(String)[2505]" classname="org.apache.hadoop.hive.ql.io.parquet.serde.TestParquetTimestampsHive2Compatibility" time="0"/>
  <testcase name="testWriteHive4UsingLegacyConversionReadHive2(String)[2506]" classname="org.apache.hadoop.hive.ql.io.parquet.serde.TestParquetTimestampsHive2Compatibility" time="0"/>
  <testcase name="testWriteHive4UsingLegacyConversionReadHive2(String)[2507]" classname="org.apache.hadoop.hive.ql.io.parquet.serde.TestParquetTimestampsHive2Compatibility" time="0"/>
  <testcase name="testWriteHive4UsingLegacyConversionReadHive2(String)[2508]" classname="org.apache.hadoop.hive.ql.io.parquet.serde.TestParquetTimestampsHive2Compatibility" time="0"/>
  <testcase name="testWriteHive4UsingLegacyConversionReadHive2(String)[2509]" classname="org.apache.hadoop.hive.ql.io.parquet.serde.TestParquetTimestampsHive2Compatibility" time="0"/>
  <testcase name="testWriteHive4UsingLegacyConversionReadHive2(String)[2510]" classname="org.apache.hadoop.hive.ql.io.parquet.serde.TestParquetTimestampsHive2Compatibility" time="0"/>
  <testcase name="testWriteHive4UsingLegacyConversionReadHive2(String)[2511]" classname="org.apache.hadoop.hive.ql.io.parquet.serde.TestParquetTimestampsHive2Compatibility" time="0"/>
  <testcase name="testWriteHive4UsingLegacyConversionReadHive2(String)[2512]" classname="org.apache.hadoop.hive.ql.io.parquet.serde.TestParquetTimestampsHive2Compatibility" time="0"/>
  <testcase name="testWriteHive4UsingLegacyConversionReadHive2(String)[2513]" classname="org.apache.hadoop.hive.ql.io.parquet.serde.TestParquetTimestampsHive2Compatibility" time="0"/>
  <testcase name="testWriteHive4UsingLegacyConversionReadHive2(String)[2514]" classname="org.apache.hadoop.hive.ql.io.parquet.serde.TestParquetTimestampsHive2Compatibility" time="0"/>
  <testcase name="testWriteHive4UsingLegacyConversionReadHive2(String)[2515]" classname="org.apache.hadoop.hive.ql.io.parquet.serde.TestParquetTimestampsHive2Compatibility" time="0"/>
  <testcase name="testWriteHive4UsingLegacyConversionReadHive2(String)[2516]" classname="org.apache.hadoop.hive.ql.io.parquet.serde.TestParquetTimestampsHive2Compatibility" time="0"/>
  <testcase name="testWriteHive4UsingLegacyConversionReadHive2(String)[2517]" classname="org.apache.hadoop.hive.ql.io.parquet.serde.TestParquetTimestampsHive2Compatibility" time="0"/>
  <testcase name="testWriteHive4UsingLegacyConversionReadHive2(String)[2518]" classname="org.apache.hadoop.hive.ql.io.parquet.serde.TestParquetTimestampsHive2Compatibility" time="0"/>
  <testcase name="testWriteHive4UsingLegacyConversionReadHive2(String)[2519]" classname="org.apache.hadoop.hive.ql.io.parquet.serde.TestParquetTimestampsHive2Compatibility" time="0"/>
  <testcase name="testWriteHive4UsingLegacyConversionReadHive2(String)[2520]" classname="org.apache.hadoop.hive.ql.io.parquet.serde.TestParquetTimestampsHive2Compatibility" time="0"/>
  <testcase name="testWriteHive4UsingLegacyConversionReadHive2(String)[2521]" classname="org.apache.hadoop.hive.ql.io.parquet.serde.TestParquetTimestampsHive2Compatibility" time="0"/>
  <testcase name="testWriteHive4UsingLegacyConversionReadHive2(String)[2522]" classname="org.apache.hadoop.hive.ql.io.parquet.serde.TestParquetTimestampsHive2Compatibility" time="0.001"/>
  <testcase name="testWriteHive4UsingLegacyConversionReadHive2(String)[2523]" classname="org.apache.hadoop.hive.ql.io.parquet.serde.TestParquetTimestampsHive2Compatibility" time="0"/>
  <testcase name="testWriteHive4UsingLegacyConversionReadHive2(String)[2524]" classname="org.apache.hadoop.hive.ql.io.parquet.serde.TestParquetTimestampsHive2Compatibility" time="0"/>
  <testcase name="testWriteHive4UsingLegacyConversionReadHive2(String)[2525]" classname="org.apache.hadoop.hive.ql.io.parquet.serde.TestParquetTimestampsHive2Compatibility" time="0"/>
  <testcase name="testWriteHive4UsingLegacyConversionReadHive2(String)[2526]" classname="org.apache.hadoop.hive.ql.io.parquet.serde.TestParquetTimestampsHive2Compatibility" time="0"/>
  <testcase name="testWriteHive4UsingLegacyConversionReadHive2(String)[2527]" classname="org.apache.hadoop.hive.ql.io.parquet.serde.TestParquetTimestampsHive2Compatibility" time="0"/>
  <testcase name="testWriteHive4UsingLegacyConversionReadHive2(String)[2528]" classname="org.apache.hadoop.hive.ql.io.parquet.serde.TestParquetTimestampsHive2Compatibility" time="0.001"/>
  <testcase name="testWriteHive4UsingLegacyConversionReadHive2(String)[2529]" classname="org.apache.hadoop.hive.ql.io.parquet.serde.TestParquetTimestampsHive2Compatibility" time="0"/>
  <testcase name="testWriteHive4UsingLegacyConversionReadHive2(String)[2530]" classname="org.apache.hadoop.hive.ql.io.parquet.serde.TestParquetTimestampsHive2Compatibility" time="0"/>
  <testcase name="testWriteHive4UsingLegacyConversionReadHive2(String)[2531]" classname="org.apache.hadoop.hive.ql.io.parquet.serde.TestParquetTimestampsHive2Compatibility" time="0"/>
  <testcase name="testWriteHive4UsingLegacyConversionReadHive2(String)[2532]" classname="org.apache.hadoop.hive.ql.io.parquet.serde.TestParquetTimestampsHive2Compatibility" time="0"/>
  <testcase name="testWriteHive4UsingLegacyConversionReadHive2(String)[2533]" classname="org.apache.hadoop.hive.ql.io.parquet.serde.TestParquetTimestampsHive2Compatibility" time="0"/>
  <testcase name="testWriteHive4UsingLegacyConversionReadHive2(String)[2534]" classname="org.apache.hadoop.hive.ql.io.parquet.serde.TestParquetTimestampsHive2Compatibility" time="0.001"/>
  <testcase name="testWriteHive4UsingLegacyConversionReadHive2(String)[2535]" classname="org.apache.hadoop.hive.ql.io.parquet.serde.TestParquetTimestampsHive2Compatibility" time="0"/>
  <testcase name="testWriteHive4UsingLegacyConversionReadHive2(String)[2536]" classname="org.apache.hadoop.hive.ql.io.parquet.serde.TestParquetTimestampsHive2Compatibility" time="0"/>
  <testcase name="testWriteHive4UsingLegacyConversionReadHive2(String)[2537]" classname="org.apache.hadoop.hive.ql.io.parquet.serde.TestParquetTimestampsHive2Compatibility" time="0"/>
  <testcase name="testWriteHive4UsingLegacyConversionReadHive2(String)[2538]" classname="org.apache.hadoop.hive.ql.io.parquet.serde.TestParquetTimestampsHive2Compatibility" time="0"/>
  <testcase name="testWriteHive4UsingLegacyConversionReadHive2(String)[2539]" classname="org.apache.hadoop.hive.ql.io.parquet.serde.TestParquetTimestampsHive2Compatibility" time="0"/>
  <testcase name="testWriteHive4UsingLegacyConversionReadHive2(String)[2540]" classname="org.apache.hadoop.hive.ql.io.parquet.serde.TestParquetTimestampsHive2Compatibility" time="0.001"/>
  <testcase name="testWriteHive4UsingLegacyConversionReadHive2(String)[2541]" classname="org.apache.hadoop.hive.ql.io.parquet.serde.TestParquetTimestampsHive2Compatibility" time="0"/>
  <testcase name="testWriteHive4UsingLegacyConversionReadHive2(String)[2542]" classname="org.apache.hadoop.hive.ql.io.parquet.serde.TestParquetTimestampsHive2Compatibility" time="0"/>
  <testcase name="testWriteHive4UsingLegacyConversionReadHive2(String)[2543]" classname="org.apache.hadoop.hive.ql.io.parquet.serde.TestParquetTimestampsHive2Compatibility" time="0"/>
  <testcase name="testWriteHive4UsingLegacyConversionReadHive2(String)[2544]" classname="org.apache.hadoop.hive.ql.io.parquet.serde.TestParquetTimestampsHive2Compatibility" time="0"/>
  <testcase name="testWriteHive4UsingLegacyConversionReadHive2(String)[2545]" classname="org.apache.hadoop.hive.ql.io.parquet.serde.TestParquetTimestampsHive2Compatibility" time="0"/>
  <testcase name="testWriteHive4UsingLegacyConversionReadHive2(String)[2546]" classname="org.apache.hadoop.hive.ql.io.parquet.serde.TestParquetTimestampsHive2Compatibility" time="0.001"/>
  <testcase name="testWriteHive4UsingLegacyConversionReadHive2(String)[2547]" classname="org.apache.hadoop.hive.ql.io.parquet.serde.TestParquetTimestampsHive2Compatibility" time="0"/>
  <testcase name="testWriteHive4UsingLegacyConversionReadHive2(String)[2548]" classname="org.apache.hadoop.hive.ql.io.parquet.serde.TestParquetTimestampsHive2Compatibility" time="0"/>
  <testcase name="testWriteHive4UsingLegacyConversionReadHive2(String)[2549]" classname="org.apache.hadoop.hive.ql.io.parquet.serde.TestParquetTimestampsHive2Compatibility" time="0"/>
  <testcase name="testWriteHive4UsingLegacyConversionReadHive2(String)[2550]" classname="org.apache.hadoop.hive.ql.io.parquet.serde.TestParquetTimestampsHive2Compatibility" time="0"/>
  <testcase name="testWriteHive4UsingLegacyConversionReadHive2(String)[2551]" classname="org.apache.hadoop.hive.ql.io.parquet.serde.TestParquetTimestampsHive2Compatibility" time="0"/>
  <testcase name="testWriteHive4UsingLegacyConversionReadHive2(String)[2552]" classname="org.apache.hadoop.hive.ql.io.parquet.serde.TestParquetTimestampsHive2Compatibility" time="0.001"/>
  <testcase name="testWriteHive4UsingLegacyConversionReadHive2(String)[2553]" classname="org.apache.hadoop.hive.ql.io.parquet.serde.TestParquetTimestampsHive2Compatibility" time="0"/>
  <testcase name="testWriteHive4UsingLegacyConversionReadHive2(String)[2554]" classname="org.apache.hadoop.hive.ql.io.parquet.serde.TestParquetTimestampsHive2Compatibility" time="0"/>
  <testcase name="testWriteHive4UsingLegacyConversionReadHive2(String)[2555]" classname="org.apache.hadoop.hive.ql.io.parquet.serde.TestParquetTimestampsHive2Compatibility" time="0"/>
  <testcase name="testWriteHive4UsingLegacyConversionReadHive2(String)[2556]" classname="org.apache.hadoop.hive.ql.io.parquet.serde.TestParquetTimestampsHive2Compatibility" time="0"/>
  <testcase name="testWriteHive4UsingLegacyConversionReadHive2(String)[2557]" classname="org.apache.hadoop.hive.ql.io.parquet.serde.TestParquetTimestampsHive2Compatibility" time="0"/>
  <testcase name="testWriteHive4UsingLegacyConversionReadHive2(String)[2558]" classname="org.apache.hadoop.hive.ql.io.parquet.serde.TestParquetTimestampsHive2Compatibility" time="0"/>
  <testcase name="testWriteHive4UsingLegacyConversionReadHive2(String)[2559]" classname="org.apache.hadoop.hive.ql.io.parquet.serde.TestParquetTimestampsHive2Compatibility" time="0"/>
  <testcase name="testWriteHive4UsingLegacyConversionReadHive2(String)[2560]" classname="org.apache.hadoop.hive.ql.io.parquet.serde.TestParquetTimestampsHive2Compatibility" time="0"/>
  <testcase name="testWriteHive4UsingLegacyConversionReadHive2(String)[2561]" classname="org.apache.hadoop.hive.ql.io.parquet.serde.TestParquetTimestampsHive2Compatibility" time="0"/>
  <testcase name="testWriteHive4UsingLegacyConversionReadHive2(String)[2562]" classname="org.apache.hadoop.hive.ql.io.parquet.serde.TestParquetTimestampsHive2Compatibility" time="0"/>
  <testcase name="testWriteHive4UsingLegacyConversionReadHive2(String)[2563]" classname="org.apache.hadoop.hive.ql.io.parquet.serde.TestParquetTimestampsHive2Compatibility" time="0"/>
  <testcase name="testWriteHive4UsingLegacyConversionReadHive2(String)[2564]" classname="org.apache.hadoop.hive.ql.io.parquet.serde.TestParquetTimestampsHive2Compatibility" time="0"/>
  <testcase name="testWriteHive4UsingLegacyConversionReadHive2(String)[2565]" classname="org.apache.hadoop.hive.ql.io.parquet.serde.TestParquetTimestampsHive2Compatibility" time="0"/>
  <testcase name="testWriteHive4UsingLegacyConversionReadHive2(String)[2566]" classname="org.apache.hadoop.hive.ql.io.parquet.serde.TestParquetTimestampsHive2Compatibility" time="0"/>
  <testcase name="testWriteHive4UsingLegacyConversionReadHive2(String)[2567]" classname="org.apache.hadoop.hive.ql.io.parquet.serde.TestParquetTimestampsHive2Compatibility" time="0"/>
  <testcase name="testWriteHive4UsingLegacyConversionReadHive2(String)[2568]" classname="org.apache.hadoop.hive.ql.io.parquet.serde.TestParquetTimestampsHive2Compatibility" time="0"/>
  <testcase name="testWriteHive4UsingLegacyConversionReadHive2(String)[2569]" classname="org.apache.hadoop.hive.ql.io.parquet.serde.TestParquetTimestampsHive2Compatibility" time="0"/>
  <testcase name="testWriteHive4UsingLegacyConversionReadHive2(String)[2570]" classname="org.apache.hadoop.hive.ql.io.parquet.serde.TestParquetTimestampsHive2Compatibility" time="0"/>
  <testcase name="testWriteHive4UsingLegacyConversionReadHive2(String)[2571]" classname="org.apache.hadoop.hive.ql.io.parquet.serde.TestParquetTimestampsHive2Compatibility" time="0"/>
  <testcase name="testWriteHive4UsingLegacyConversionReadHive2(String)[2572]" classname="org.apache.hadoop.hive.ql.io.parquet.serde.TestParquetTimestampsHive2Compatibility" time="0"/>
  <testcase name="testWriteHive4UsingLegacyConversionReadHive2(String)[2573]" classname="org.apache.hadoop.hive.ql.io.parquet.serde.TestParquetTimestampsHive2Compatibility" time="0"/>
  <testcase name="testWriteHive4UsingLegacyConversionReadHive2(String)[2574]" classname="org.apache.hadoop.hive.ql.io.parquet.serde.TestParquetTimestampsHive2Compatibility" time="0"/>
  <testcase name="testWriteHive4UsingLegacyConversionReadHive2(String)[2575]" classname="org.apache.hadoop.hive.ql.io.parquet.serde.TestParquetTimestampsHive2Compatibility" time="0"/>
  <testcase name="testWriteHive4UsingLegacyConversionReadHive2(String)[2576]" classname="org.apache.hadoop.hive.ql.io.parquet.serde.TestParquetTimestampsHive2Compatibility" time="0"/>
  <testcase name="testWriteHive4UsingLegacyConversionReadHive2(String)[2577]" classname="org.apache.hadoop.hive.ql.io.parquet.serde.TestParquetTimestampsHive2Compatibility" time="0"/>
  <testcase name="testWriteHive4UsingLegacyConversionReadHive2(String)[2578]" classname="org.apache.hadoop.hive.ql.io.parquet.serde.TestParquetTimestampsHive2Compatibility" time="0"/>
  <testcase name="testWriteHive4UsingLegacyConversionReadHive2(String)[2579]" classname="org.apache.hadoop.hive.ql.io.parquet.serde.TestParquetTimestampsHive2Compatibility" time="0"/>
  <testcase name="testWriteHive4UsingLegacyConversionReadHive2(String)[2580]" classname="org.apache.hadoop.hive.ql.io.parquet.serde.TestParquetTimestampsHive2Compatibility" time="0"/>
  <testcase name="testWriteHive4UsingLegacyConversionReadHive2(String)[2581]" classname="org.apache.hadoop.hive.ql.io.parquet.serde.TestParquetTimestampsHive2Compatibility" time="0"/>
  <testcase name="testWriteHive4UsingLegacyConversionReadHive2(String)[2582]" classname="org.apache.hadoop.hive.ql.io.parquet.serde.TestParquetTimestampsHive2Compatibility" time="0"/>
  <testcase name="testWriteHive4UsingLegacyConversionReadHive2(String)[2583]" classname="org.apache.hadoop.hive.ql.io.parquet.serde.TestParquetTimestampsHive2Compatibility" time="0"/>
  <testcase name="testWriteHive4UsingLegacyConversionReadHive2(String)[2584]" classname="org.apache.hadoop.hive.ql.io.parquet.serde.TestParquetTimestampsHive2Compatibility" time="0"/>
  <testcase name="testWriteHive4UsingLegacyConversionReadHive2(String)[2585]" classname="org.apache.hadoop.hive.ql.io.parquet.serde.TestParquetTimestampsHive2Compatibility" time="0"/>
  <testcase name="testWriteHive4UsingLegacyConversionReadHive2(String)[2586]" classname="org.apache.hadoop.hive.ql.io.parquet.serde.TestParquetTimestampsHive2Compatibility" time="0"/>
  <testcase name="testWriteHive4UsingLegacyConversionReadHive2(String)[2587]" classname="org.apache.hadoop.hive.ql.io.parquet.serde.TestParquetTimestampsHive2Compatibility" time="0.001"/>
  <testcase name="testWriteHive4UsingLegacyConversionReadHive2(String)[2588]" classname="org.apache.hadoop.hive.ql.io.parquet.serde.TestParquetTimestampsHive2Compatibility" time="0"/>
  <testcase name="testWriteHive4UsingLegacyConversionReadHive2(String)[2589]" classname="org.apache.hadoop.hive.ql.io.parquet.serde.TestParquetTimestampsHive2Compatibility" time="0"/>
  <testcase name="testWriteHive4UsingLegacyConversionReadHive2(String)[2590]" classname="org.apache.hadoop.hive.ql.io.parquet.serde.TestParquetTimestampsHive2Compatibility" time="0"/>
  <testcase name="testWriteHive4UsingLegacyConversionReadHive2(String)[2591]" classname="org.apache.hadoop.hive.ql.io.parquet.serde.TestParquetTimestampsHive2Compatibility" time="0"/>
  <testcase name="testWriteHive4UsingLegacyConversionReadHive2(String)[2592]" classname="org.apache.hadoop.hive.ql.io.parquet.serde.TestParquetTimestampsHive2Compatibility" time="0"/>
  <testcase name="testWriteHive4UsingLegacyConversionReadHive2(String)[2593]" classname="org.apache.hadoop.hive.ql.io.parquet.serde.TestParquetTimestampsHive2Compatibility" time="0.001"/>
  <testcase name="testWriteHive4UsingLegacyConversionReadHive2(String)[2594]" classname="org.apache.hadoop.hive.ql.io.parquet.serde.TestParquetTimestampsHive2Compatibility" time="0"/>
  <testcase name="testWriteHive4UsingLegacyConversionReadHive2(String)[2595]" classname="org.apache.hadoop.hive.ql.io.parquet.serde.TestParquetTimestampsHive2Compatibility" time="0"/>
  <testcase name="testWriteHive4UsingLegacyConversionReadHive2(String)[2596]" classname="org.apache.hadoop.hive.ql.io.parquet.serde.TestParquetTimestampsHive2Compatibility" time="0"/>
  <testcase name="testWriteHive4UsingLegacyConversionReadHive2(String)[2597]" classname="org.apache.hadoop.hive.ql.io.parquet.serde.TestParquetTimestampsHive2Compatibility" time="0"/>
  <testcase name="testWriteHive4UsingLegacyConversionReadHive2(String)[2598]" classname="org.apache.hadoop.hive.ql.io.parquet.serde.TestParquetTimestampsHive2Compatibility" time="0"/>
  <testcase name="testWriteHive4UsingLegacyConversionReadHive2(String)[2599]" classname="org.apache.hadoop.hive.ql.io.parquet.serde.TestParquetTimestampsHive2Compatibility" time="0.001"/>
  <testcase name="testWriteHive4UsingLegacyConversionReadHive2(String)[2600]" classname="org.apache.hadoop.hive.ql.io.parquet.serde.TestParquetTimestampsHive2Compatibility" time="0"/>
  <testcase name="testWriteHive4UsingLegacyConversionReadHive2(String)[2601]" classname="org.apache.hadoop.hive.ql.io.parquet.serde.TestParquetTimestampsHive2Compatibility" time="0"/>
  <testcase name="testWriteHive4UsingLegacyConversionReadHive2(String)[2602]" classname="org.apache.hadoop.hive.ql.io.parquet.serde.TestParquetTimestampsHive2Compatibility" time="0"/>
  <testcase name="testWriteHive4UsingLegacyConversionReadHive2(String)[2603]" classname="org.apache.hadoop.hive.ql.io.parquet.serde.TestParquetTimestampsHive2Compatibility" time="0"/>
  <testcase name="testWriteHive4UsingLegacyConversionReadHive2(String)[2604]" classname="org.apache.hadoop.hive.ql.io.parquet.serde.TestParquetTimestampsHive2Compatibility" time="0"/>
  <testcase name="testWriteHive4UsingLegacyConversionReadHive2(String)[2605]" classname="org.apache.hadoop.hive.ql.io.parquet.serde.TestParquetTimestampsHive2Compatibility" time="0.001"/>
  <testcase name="testWriteHive4UsingLegacyConversionReadHive2(String)[2606]" classname="org.apache.hadoop.hive.ql.io.parquet.serde.TestParquetTimestampsHive2Compatibility" time="0"/>
  <testcase name="testWriteHive4UsingLegacyConversionReadHive2(String)[2607]" classname="org.apache.hadoop.hive.ql.io.parquet.serde.TestParquetTimestampsHive2Compatibility" time="0"/>
  <testcase name="testWriteHive4UsingLegacyConversionReadHive2(String)[2608]" classname="org.apache.hadoop.hive.ql.io.parquet.serde.TestParquetTimestampsHive2Compatibility" time="0"/>
  <testcase name="testWriteHive4UsingLegacyConversionReadHive2(String)[2609]" classname="org.apache.hadoop.hive.ql.io.parquet.serde.TestParquetTimestampsHive2Compatibility" time="0"/>
  <testcase name="testWriteHive4UsingLegacyConversionReadHive2(String)[2610]" classname="org.apache.hadoop.hive.ql.io.parquet.serde.TestParquetTimestampsHive2Compatibility" time="0"/>
  <testcase name="testWriteHive4UsingLegacyConversionReadHive2(String)[2611]" classname="org.apache.hadoop.hive.ql.io.parquet.serde.TestParquetTimestampsHive2Compatibility" time="0"/>
  <testcase name="testWriteHive4UsingLegacyConversionReadHive2(String)[2612]" classname="org.apache.hadoop.hive.ql.io.parquet.serde.TestParquetTimestampsHive2Compatibility" time="0"/>
  <testcase name="testWriteHive4UsingLegacyConversionReadHive2(String)[2613]" classname="org.apache.hadoop.hive.ql.io.parquet.serde.TestParquetTimestampsHive2Compatibility" time="0"/>
  <testcase name="testWriteHive4UsingLegacyConversionReadHive2(String)[2614]" classname="org.apache.hadoop.hive.ql.io.parquet.serde.TestParquetTimestampsHive2Compatibility" time="0"/>
  <testcase name="testWriteHive4UsingLegacyConversionReadHive2(String)[2615]" classname="org.apache.hadoop.hive.ql.io.parquet.serde.TestParquetTimestampsHive2Compatibility" time="0"/>
  <testcase name="testWriteHive4UsingLegacyConversionReadHive2(String)[2616]" classname="org.apache.hadoop.hive.ql.io.parquet.serde.TestParquetTimestampsHive2Compatibility" time="0"/>
  <testcase name="testWriteHive4UsingLegacyConversionReadHive2(String)[2617]" classname="org.apache.hadoop.hive.ql.io.parquet.serde.TestParquetTimestampsHive2Compatibility" time="0"/>
  <testcase name="testWriteHive4UsingLegacyConversionReadHive2(String)[2618]" classname="org.apache.hadoop.hive.ql.io.parquet.serde.TestParquetTimestampsHive2Compatibility" time="0.001"/>
  <testcase name="testWriteHive4UsingLegacyConversionReadHive2(String)[2619]" classname="org.apache.hadoop.hive.ql.io.parquet.serde.TestParquetTimestampsHive2Compatibility" time="0"/>
  <testcase name="testWriteHive4UsingLegacyConversionReadHive2(String)[2620]" classname="org.apache.hadoop.hive.ql.io.parquet.serde.TestParquetTimestampsHive2Compatibility" time="0"/>
  <testcase name="testWriteHive4UsingLegacyConversionReadHive2(String)[2621]" classname="org.apache.hadoop.hive.ql.io.parquet.serde.TestParquetTimestampsHive2Compatibility" time="0"/>
  <testcase name="testWriteHive4UsingLegacyConversionReadHive2(String)[2622]" classname="org.apache.hadoop.hive.ql.io.parquet.serde.TestParquetTimestampsHive2Compatibility" time="0"/>
  <testcase name="testWriteHive4UsingLegacyConversionReadHive2(String)[2623]" classname="org.apache.hadoop.hive.ql.io.parquet.serde.TestParquetTimestampsHive2Compatibility" time="0"/>
  <testcase name="testWriteHive4UsingLegacyConversionReadHive2(String)[2624]" classname="org.apache.hadoop.hive.ql.io.parquet.serde.TestParquetTimestampsHive2Compatibility" time="0"/>
  <testcase name="testWriteHive4UsingLegacyConversionReadHive2(String)[2625]" classname="org.apache.hadoop.hive.ql.io.parquet.serde.TestParquetTimestampsHive2Compatibility" time="0.001"/>
  <testcase name="testWriteHive4UsingLegacyConversionReadHive2(String)[2626]" classname="org.apache.hadoop.hive.ql.io.parquet.serde.TestParquetTimestampsHive2Compatibility" time="0"/>
  <testcase name="testWriteHive4UsingLegacyConversionReadHive2(String)[2627]" classname="org.apache.hadoop.hive.ql.io.parquet.serde.TestParquetTimestampsHive2Compatibility" time="0"/>
  <testcase name="testWriteHive4UsingLegacyConversionReadHive2(String)[2628]" classname="org.apache.hadoop.hive.ql.io.parquet.serde.TestParquetTimestampsHive2Compatibility" time="0"/>
  <testcase name="testWriteHive4UsingLegacyConversionReadHive2(String)[2629]" classname="org.apache.hadoop.hive.ql.io.parquet.serde.TestParquetTimestampsHive2Compatibility" time="0"/>
  <testcase name="testWriteHive4UsingLegacyConversionReadHive2(String)[2630]" classname="org.apache.hadoop.hive.ql.io.parquet.serde.TestParquetTimestampsHive2Compatibility" time="0"/>
  <testcase name="testWriteHive4UsingLegacyConversionReadHive2(String)[2631]" classname="org.apache.hadoop.hive.ql.io.parquet.serde.TestParquetTimestampsHive2Compatibility" time="0"/>
  <testcase name="testWriteHive4UsingLegacyConversionReadHive2(String)[2632]" classname="org.apache.hadoop.hive.ql.io.parquet.serde.TestParquetTimestampsHive2Compatibility" time="0.001"/>
  <testcase name="testWriteHive4UsingLegacyConversionReadHive2(String)[2633]" classname="org.apache.hadoop.hive.ql.io.parquet.serde.TestParquetTimestampsHive2Compatibility" time="0"/>
  <testcase name="testWriteHive4UsingLegacyConversionReadHive2(String)[2634]" classname="org.apache.hadoop.hive.ql.io.parquet.serde.TestParquetTimestampsHive2Compatibility" time="0"/>
  <testcase name="testWriteHive4UsingLegacyConversionReadHive2(String)[2635]" classname="org.apache.hadoop.hive.ql.io.parquet.serde.TestParquetTimestampsHive2Compatibility" time="0"/>
  <testcase name="testWriteHive4UsingLegacyConversionReadHive2(String)[2636]" classname="org.apache.hadoop.hive.ql.io.parquet.serde.TestParquetTimestampsHive2Compatibility" time="0"/>
  <testcase name="testWriteHive4UsingLegacyConversionReadHive2(String)[2637]" classname="org.apache.hadoop.hive.ql.io.parquet.serde.TestParquetTimestampsHive2Compatibility" time="0"/>
  <testcase name="testWriteHive4UsingLegacyConversionReadHive2(String)[2638]" classname="org.apache.hadoop.hive.ql.io.parquet.serde.TestParquetTimestampsHive2Compatibility" time="0"/>
  <testcase name="testWriteHive4UsingLegacyConversionReadHive2(String)[2639]" classname="org.apache.hadoop.hive.ql.io.parquet.serde.TestParquetTimestampsHive2Compatibility" time="0"/>
  <testcase name="testWriteHive4UsingLegacyConversionReadHive2(String)[2640]" classname="org.apache.hadoop.hive.ql.io.parquet.serde.TestParquetTimestampsHive2Compatibility" time="0"/>
  <testcase name="testWriteHive4UsingLegacyConversionReadHive2(String)[2641]" classname="org.apache.hadoop.hive.ql.io.parquet.serde.TestParquetTimestampsHive2Compatibility" time="0"/>
  <testcase name="testWriteHive4UsingLegacyConversionReadHive2(String)[2642]" classname="org.apache.hadoop.hive.ql.io.parquet.serde.TestParquetTimestampsHive2Compatibility" time="0"/>
  <testcase name="testWriteHive4UsingLegacyConversionReadHive2(String)[2643]" classname="org.apache.hadoop.hive.ql.io.parquet.serde.TestParquetTimestampsHive2Compatibility" time="0"/>
  <testcase name="testWriteHive4UsingLegacyConversionReadHive2(String)[2644]" classname="org.apache.hadoop.hive.ql.io.parquet.serde.TestParquetTimestampsHive2Compatibility" time="0"/>
  <testcase name="testWriteHive4UsingLegacyConversionReadHive2(String)[2645]" classname="org.apache.hadoop.hive.ql.io.parquet.serde.TestParquetTimestampsHive2Compatibility" time="0"/>
  <testcase name="testWriteHive4UsingLegacyConversionReadHive2(String)[2646]" classname="org.apache.hadoop.hive.ql.io.parquet.serde.TestParquetTimestampsHive2Compatibility" time="0"/>
  <testcase name="testWriteHive4UsingLegacyConversionReadHive2(String)[2647]" classname="org.apache.hadoop.hive.ql.io.parquet.serde.TestParquetTimestampsHive2Compatibility" time="0"/>
  <testcase name="testWriteHive4UsingLegacyConversionReadHive2(String)[2648]" classname="org.apache.hadoop.hive.ql.io.parquet.serde.TestParquetTimestampsHive2Compatibility" time="0"/>
  <testcase name="testWriteHive4UsingLegacyConversionReadHive2(String)[2649]" classname="org.apache.hadoop.hive.ql.io.parquet.serde.TestParquetTimestampsHive2Compatibility" time="0"/>
  <testcase name="testWriteHive4UsingLegacyConversionReadHive2(String)[2650]" classname="org.apache.hadoop.hive.ql.io.parquet.serde.TestParquetTimestampsHive2Compatibility" time="0"/>
  <testcase name="testWriteHive4UsingLegacyConversionReadHive2(String)[2651]" classname="org.apache.hadoop.hive.ql.io.parquet.serde.TestParquetTimestampsHive2Compatibility" time="0"/>
  <testcase name="testWriteHive4UsingLegacyConversionReadHive2(String)[2652]" classname="org.apache.hadoop.hive.ql.io.parquet.serde.TestParquetTimestampsHive2Compatibility" time="0.001"/>
  <testcase name="testWriteHive4UsingLegacyConversionReadHive2(String)[2653]" classname="org.apache.hadoop.hive.ql.io.parquet.serde.TestParquetTimestampsHive2Compatibility" time="0"/>
  <testcase name="testWriteHive4UsingLegacyConversionReadHive2(String)[2654]" classname="org.apache.hadoop.hive.ql.io.parquet.serde.TestParquetTimestampsHive2Compatibility" time="0"/>
  <testcase name="testWriteHive4UsingLegacyConversionReadHive2(String)[2655]" classname="org.apache.hadoop.hive.ql.io.parquet.serde.TestParquetTimestampsHive2Compatibility" time="0"/>
  <testcase name="testWriteHive4UsingLegacyConversionReadHive2(String)[2656]" classname="org.apache.hadoop.hive.ql.io.parquet.serde.TestParquetTimestampsHive2Compatibility" time="0"/>
  <testcase name="testWriteHive4UsingLegacyConversionReadHive2(String)[2657]" classname="org.apache.hadoop.hive.ql.io.parquet.serde.TestParquetTimestampsHive2Compatibility" time="0"/>
  <testcase name="testWriteHive4UsingLegacyConversionReadHive2(String)[2658]" classname="org.apache.hadoop.hive.ql.io.parquet.serde.TestParquetTimestampsHive2Compatibility" time="0"/>
  <testcase name="testWriteHive4UsingLegacyConversionReadHive2(String)[2659]" classname="org.apache.hadoop.hive.ql.io.parquet.serde.TestParquetTimestampsHive2Compatibility" time="0.001"/>
  <testcase name="testWriteHive4UsingLegacyConversionReadHive2(String)[2660]" classname="org.apache.hadoop.hive.ql.io.parquet.serde.TestParquetTimestampsHive2Compatibility" time="0"/>
  <testcase name="testWriteHive4UsingLegacyConversionReadHive2(String)[2661]" classname="org.apache.hadoop.hive.ql.io.parquet.serde.TestParquetTimestampsHive2Compatibility" time="0"/>
  <testcase name="testWriteHive4UsingLegacyConversionReadHive2(String)[2662]" classname="org.apache.hadoop.hive.ql.io.parquet.serde.TestParquetTimestampsHive2Compatibility" time="0"/>
  <testcase name="testWriteHive4UsingLegacyConversionReadHive2(String)[2663]" classname="org.apache.hadoop.hive.ql.io.parquet.serde.TestParquetTimestampsHive2Compatibility" time="0"/>
  <testcase name="testWriteHive4UsingLegacyConversionReadHive2(String)[2664]" classname="org.apache.hadoop.hive.ql.io.parquet.serde.TestParquetTimestampsHive2Compatibility" time="0"/>
  <testcase name="testWriteHive4UsingLegacyConversionReadHive2(String)[2665]" classname="org.apache.hadoop.hive.ql.io.parquet.serde.TestParquetTimestampsHive2Compatibility" time="0"/>
  <testcase name="testWriteHive4UsingLegacyConversionReadHive2(String)[2666]" classname="org.apache.hadoop.hive.ql.io.parquet.serde.TestParquetTimestampsHive2Compatibility" time="0"/>
  <testcase name="testWriteHive4UsingLegacyConversionReadHive2(String)[2667]" classname="org.apache.hadoop.hive.ql.io.parquet.serde.TestParquetTimestampsHive2Compatibility" time="0"/>
  <testcase name="testWriteHive4UsingLegacyConversionReadHive2(String)[2668]" classname="org.apache.hadoop.hive.ql.io.parquet.serde.TestParquetTimestampsHive2Compatibility" time="0"/>
  <testcase name="testWriteHive4UsingLegacyConversionReadHive2(String)[2669]" classname="org.apache.hadoop.hive.ql.io.parquet.serde.TestParquetTimestampsHive2Compatibility" time="0"/>
  <testcase name="testWriteHive4UsingLegacyConversionReadHive2(String)[2670]" classname="org.apache.hadoop.hive.ql.io.parquet.serde.TestParquetTimestampsHive2Compatibility" time="0"/>
  <testcase name="testWriteHive4UsingLegacyConversionReadHive2(String)[2671]" classname="org.apache.hadoop.hive.ql.io.parquet.serde.TestParquetTimestampsHive2Compatibility" time="0"/>
  <testcase name="testWriteHive4UsingLegacyConversionReadHive2(String)[2672]" classname="org.apache.hadoop.hive.ql.io.parquet.serde.TestParquetTimestampsHive2Compatibility" time="0"/>
  <testcase name="testWriteHive4UsingLegacyConversionReadHive2(String)[2673]" classname="org.apache.hadoop.hive.ql.io.parquet.serde.TestParquetTimestampsHive2Compatibility" time="0"/>
  <testcase name="testWriteHive4UsingLegacyConversionReadHive2(String)[2674]" classname="org.apache.hadoop.hive.ql.io.parquet.serde.TestParquetTimestampsHive2Compatibility" time="0"/>
  <testcase name="testWriteHive4UsingLegacyConversionReadHive2(String)[2675]" classname="org.apache.hadoop.hive.ql.io.parquet.serde.TestParquetTimestampsHive2Compatibility" time="0"/>
  <testcase name="testWriteHive4UsingLegacyConversionReadHive2(String)[2676]" classname="org.apache.hadoop.hive.ql.io.parquet.serde.TestParquetTimestampsHive2Compatibility" time="0"/>
  <testcase name="testWriteHive4UsingLegacyConversionReadHive2(String)[2677]" classname="org.apache.hadoop.hive.ql.io.parquet.serde.TestParquetTimestampsHive2Compatibility" time="0"/>
  <testcase name="testWriteHive4UsingLegacyConversionReadHive2(String)[2678]" classname="org.apache.hadoop.hive.ql.io.parquet.serde.TestParquetTimestampsHive2Compatibility" time="0"/>
  <testcase name="testWriteHive4UsingLegacyConversionReadHive2(String)[2679]" classname="org.apache.hadoop.hive.ql.io.parquet.serde.TestParquetTimestampsHive2Compatibility" time="0"/>
  <testcase name="testWriteHive4UsingLegacyConversionReadHive2(String)[2680]" classname="org.apache.hadoop.hive.ql.io.parquet.serde.TestParquetTimestampsHive2Compatibility" time="0"/>
  <testcase name="testWriteHive4UsingLegacyConversionReadHive2(String)[2681]" classname="org.apache.hadoop.hive.ql.io.parquet.serde.TestParquetTimestampsHive2Compatibility" time="0"/>
  <testcase name="testWriteHive4UsingLegacyConversionReadHive2(String)[2682]" classname="org.apache.hadoop.hive.ql.io.parquet.serde.TestParquetTimestampsHive2Compatibility" time="0"/>
  <testcase name="testWriteHive4UsingLegacyConversionReadHive2(String)[2683]" classname="org.apache.hadoop.hive.ql.io.parquet.serde.TestParquetTimestampsHive2Compatibility" time="0"/>
  <testcase name="testWriteHive4UsingLegacyConversionReadHive2(String)[2684]" classname="org.apache.hadoop.hive.ql.io.parquet.serde.TestParquetTimestampsHive2Compatibility" time="0"/>
  <testcase name="testWriteHive4UsingLegacyConversionReadHive2(String)[2685]" classname="org.apache.hadoop.hive.ql.io.parquet.serde.TestParquetTimestampsHive2Compatibility" time="0"/>
  <testcase name="testWriteHive4UsingLegacyConversionReadHive2(String)[2686]" classname="org.apache.hadoop.hive.ql.io.parquet.serde.TestParquetTimestampsHive2Compatibility" time="0"/>
  <testcase name="testWriteHive4UsingLegacyConversionReadHive2(String)[2687]" classname="org.apache.hadoop.hive.ql.io.parquet.serde.TestParquetTimestampsHive2Compatibility" time="0"/>
  <testcase name="testWriteHive4UsingLegacyConversionReadHive2(String)[2688]" classname="org.apache.hadoop.hive.ql.io.parquet.serde.TestParquetTimestampsHive2Compatibility" time="0"/>
  <testcase name="testWriteHive4UsingLegacyConversionReadHive2(String)[2689]" classname="org.apache.hadoop.hive.ql.io.parquet.serde.TestParquetTimestampsHive2Compatibility" time="0"/>
  <testcase name="testWriteHive4UsingLegacyConversionReadHive2(String)[2690]" classname="org.apache.hadoop.hive.ql.io.parquet.serde.TestParquetTimestampsHive2Compatibility" time="0"/>
  <testcase name="testWriteHive4UsingLegacyConversionReadHive2(String)[2691]" classname="org.apache.hadoop.hive.ql.io.parquet.serde.TestParquetTimestampsHive2Compatibility" time="0"/>
  <testcase name="testWriteHive4UsingLegacyConversionReadHive2(String)[2692]" classname="org.apache.hadoop.hive.ql.io.parquet.serde.TestParquetTimestampsHive2Compatibility" time="0"/>
  <testcase name="testWriteHive4UsingLegacyConversionReadHive2(String)[2693]" classname="org.apache.hadoop.hive.ql.io.parquet.serde.TestParquetTimestampsHive2Compatibility" time="0"/>
  <testcase name="testWriteHive4UsingLegacyConversionReadHive2(String)[2694]" classname="org.apache.hadoop.hive.ql.io.parquet.serde.TestParquetTimestampsHive2Compatibility" time="0"/>
  <testcase name="testWriteHive4UsingLegacyConversionReadHive2(String)[2695]" classname="org.apache.hadoop.hive.ql.io.parquet.serde.TestParquetTimestampsHive2Compatibility" time="0"/>
  <testcase name="testWriteHive4UsingLegacyConversionReadHive2(String)[2696]" classname="org.apache.hadoop.hive.ql.io.parquet.serde.TestParquetTimestampsHive2Compatibility" time="0"/>
  <testcase name="testWriteHive4UsingLegacyConversionReadHive2(String)[2697]" classname="org.apache.hadoop.hive.ql.io.parquet.serde.TestParquetTimestampsHive2Compatibility" time="0"/>
  <testcase name="testWriteHive4UsingLegacyConversionReadHive2(String)[2698]" classname="org.apache.hadoop.hive.ql.io.parquet.serde.TestParquetTimestampsHive2Compatibility" time="0"/>
  <testcase name="testWriteHive4UsingLegacyConversionReadHive2(String)[2699]" classname="org.apache.hadoop.hive.ql.io.parquet.serde.TestParquetTimestampsHive2Compatibility" time="0.001"/>
  <testcase name="testWriteHive4UsingLegacyConversionReadHive2(String)[2700]" classname="org.apache.hadoop.hive.ql.io.parquet.serde.TestParquetTimestampsHive2Compatibility" time="0"/>
  <testcase name="testWriteHive4UsingLegacyConversionReadHive2(String)[2701]" classname="org.apache.hadoop.hive.ql.io.parquet.serde.TestParquetTimestampsHive2Compatibility" time="0"/>
  <testcase name="testWriteHive4UsingLegacyConversionReadHive2(String)[2702]" classname="org.apache.hadoop.hive.ql.io.parquet.serde.TestParquetTimestampsHive2Compatibility" time="0"/>
  <testcase name="testWriteHive4UsingLegacyConversionReadHive2(String)[2703]" classname="org.apache.hadoop.hive.ql.io.parquet.serde.TestParquetTimestampsHive2Compatibility" time="0"/>
  <testcase name="testWriteHive4UsingLegacyConversionReadHive2(String)[2704]" classname="org.apache.hadoop.hive.ql.io.parquet.serde.TestParquetTimestampsHive2Compatibility" time="0"/>
  <testcase name="testWriteHive4UsingLegacyConversionReadHive2(String)[2705]" classname="org.apache.hadoop.hive.ql.io.parquet.serde.TestParquetTimestampsHive2Compatibility" time="0"/>
  <testcase name="testWriteHive4UsingLegacyConversionReadHive2(String)[2706]" classname="org.apache.hadoop.hive.ql.io.parquet.serde.TestParquetTimestampsHive2Compatibility" time="0"/>
  <testcase name="testWriteHive4UsingLegacyConversionReadHive2(String)[2707]" classname="org.apache.hadoop.hive.ql.io.parquet.serde.TestParquetTimestampsHive2Compatibility" time="0"/>
  <testcase name="testWriteHive4UsingLegacyConversionReadHive2(String)[2708]" classname="org.apache.hadoop.hive.ql.io.parquet.serde.TestParquetTimestampsHive2Compatibility" time="0"/>
  <testcase name="testWriteHive4UsingLegacyConversionReadHive2(String)[2709]" classname="org.apache.hadoop.hive.ql.io.parquet.serde.TestParquetTimestampsHive2Compatibility" time="0.001"/>
  <testcase name="testWriteHive4UsingLegacyConversionReadHive2(String)[2710]" classname="org.apache.hadoop.hive.ql.io.parquet.serde.TestParquetTimestampsHive2Compatibility" time="0"/>
  <testcase name="testWriteHive4UsingLegacyConversionReadHive2(String)[2711]" classname="org.apache.hadoop.hive.ql.io.parquet.serde.TestParquetTimestampsHive2Compatibility" time="0"/>
  <testcase name="testWriteHive4UsingLegacyConversionReadHive2(String)[2712]" classname="org.apache.hadoop.hive.ql.io.parquet.serde.TestParquetTimestampsHive2Compatibility" time="0"/>
  <testcase name="testWriteHive4UsingLegacyConversionReadHive2(String)[2713]" classname="org.apache.hadoop.hive.ql.io.parquet.serde.TestParquetTimestampsHive2Compatibility" time="0"/>
  <testcase name="testWriteHive4UsingLegacyConversionReadHive2(String)[2714]" classname="org.apache.hadoop.hive.ql.io.parquet.serde.TestParquetTimestampsHive2Compatibility" time="0"/>
  <testcase name="testWriteHive4UsingLegacyConversionReadHive2(String)[2715]" classname="org.apache.hadoop.hive.ql.io.parquet.serde.TestParquetTimestampsHive2Compatibility" time="0"/>
  <testcase name="testWriteHive4UsingLegacyConversionReadHive2(String)[2716]" classname="org.apache.hadoop.hive.ql.io.parquet.serde.TestParquetTimestampsHive2Compatibility" time="0"/>
  <testcase name="testWriteHive4UsingLegacyConversionReadHive2(String)[2717]" classname="org.apache.hadoop.hive.ql.io.parquet.serde.TestParquetTimestampsHive2Compatibility" time="0"/>
  <testcase name="testWriteHive4UsingLegacyConversionReadHive2(String)[2718]" classname="org.apache.hadoop.hive.ql.io.parquet.serde.TestParquetTimestampsHive2Compatibility" time="0"/>
  <testcase name="testWriteHive4UsingLegacyConversionReadHive2(String)[2719]" classname="org.apache.hadoop.hive.ql.io.parquet.serde.TestParquetTimestampsHive2Compatibility" time="0"/>
  <testcase name="testWriteHive4UsingLegacyConversionReadHive2(String)[2720]" classname="org.apache.hadoop.hive.ql.io.parquet.serde.TestParquetTimestampsHive2Compatibility" time="0"/>
  <testcase name="testWriteHive4UsingLegacyConversionReadHive2(String)[2721]" classname="org.apache.hadoop.hive.ql.io.parquet.serde.TestParquetTimestampsHive2Compatibility" time="0"/>
  <testcase name="testWriteHive4UsingLegacyConversionReadHive2(String)[2722]" classname="org.apache.hadoop.hive.ql.io.parquet.serde.TestParquetTimestampsHive2Compatibility" time="0"/>
  <testcase name="testWriteHive4UsingLegacyConversionReadHive2(String)[2723]" classname="org.apache.hadoop.hive.ql.io.parquet.serde.TestParquetTimestampsHive2Compatibility" time="0"/>
  <testcase name="testWriteHive4UsingLegacyConversionReadHive2(String)[2724]" classname="org.apache.hadoop.hive.ql.io.parquet.serde.TestParquetTimestampsHive2Compatibility" time="0"/>
  <testcase name="testWriteHive4UsingLegacyConversionReadHive2(String)[2725]" classname="org.apache.hadoop.hive.ql.io.parquet.serde.TestParquetTimestampsHive2Compatibility" time="0"/>
  <testcase name="testWriteHive4UsingLegacyConversionReadHive2(String)[2726]" classname="org.apache.hadoop.hive.ql.io.parquet.serde.TestParquetTimestampsHive2Compatibility" time="0"/>
  <testcase name="testWriteHive4UsingLegacyConversionReadHive2(String)[2727]" classname="org.apache.hadoop.hive.ql.io.parquet.serde.TestParquetTimestampsHive2Compatibility" time="0"/>
  <testcase name="testWriteHive4UsingLegacyConversionReadHive2(String)[2728]" classname="org.apache.hadoop.hive.ql.io.parquet.serde.TestParquetTimestampsHive2Compatibility" time="0"/>
  <testcase name="testWriteHive4UsingLegacyConversionReadHive2(String)[2729]" classname="org.apache.hadoop.hive.ql.io.parquet.serde.TestParquetTimestampsHive2Compatibility" time="0"/>
  <testcase name="testWriteHive4UsingLegacyConversionReadHive2(String)[2730]" classname="org.apache.hadoop.hive.ql.io.parquet.serde.TestParquetTimestampsHive2Compatibility" time="0"/>
  <testcase name="testWriteHive4UsingLegacyConversionReadHive2(String)[2731]" classname="org.apache.hadoop.hive.ql.io.parquet.serde.TestParquetTimestampsHive2Compatibility" time="0"/>
  <testcase name="testWriteHive4UsingLegacyConversionReadHive2(String)[2732]" classname="org.apache.hadoop.hive.ql.io.parquet.serde.TestParquetTimestampsHive2Compatibility" time="0"/>
  <testcase name="testWriteHive4UsingLegacyConversionReadHive2(String)[2733]" classname="org.apache.hadoop.hive.ql.io.parquet.serde.TestParquetTimestampsHive2Compatibility" time="0"/>
  <testcase name="testWriteHive4UsingLegacyConversionReadHive2(String)[2734]" classname="org.apache.hadoop.hive.ql.io.parquet.serde.TestParquetTimestampsHive2Compatibility" time="0"/>
  <testcase name="testWriteHive4UsingLegacyConversionReadHive2(String)[2735]" classname="org.apache.hadoop.hive.ql.io.parquet.serde.TestParquetTimestampsHive2Compatibility" time="0"/>
  <testcase name="testWriteHive4UsingLegacyConversionReadHive2(String)[2736]" classname="org.apache.hadoop.hive.ql.io.parquet.serde.TestParquetTimestampsHive2Compatibility" time="0"/>
  <testcase name="testWriteHive4UsingLegacyConversionReadHive2(String)[2737]" classname="org.apache.hadoop.hive.ql.io.parquet.serde.TestParquetTimestampsHive2Compatibility" time="0"/>
  <testcase name="testWriteHive4UsingLegacyConversionReadHive2(String)[2738]" classname="org.apache.hadoop.hive.ql.io.parquet.serde.TestParquetTimestampsHive2Compatibility" time="0"/>
  <testcase name="testWriteHive4UsingLegacyConversionReadHive2(String)[2739]" classname="org.apache.hadoop.hive.ql.io.parquet.serde.TestParquetTimestampsHive2Compatibility" time="0"/>
  <testcase name="testWriteHive4UsingLegacyConversionReadHive2(String)[2740]" classname="org.apache.hadoop.hive.ql.io.parquet.serde.TestParquetTimestampsHive2Compatibility" time="0"/>
  <testcase name="testWriteHive4UsingLegacyConversionReadHive2(String)[2741]" classname="org.apache.hadoop.hive.ql.io.parquet.serde.TestParquetTimestampsHive2Compatibility" time="0.001"/>
  <testcase name="testWriteHive4UsingLegacyConversionReadHive2(String)[2742]" classname="org.apache.hadoop.hive.ql.io.parquet.serde.TestParquetTimestampsHive2Compatibility" time="0"/>
  <testcase name="testWriteHive4UsingLegacyConversionReadHive2(String)[2743]" classname="org.apache.hadoop.hive.ql.io.parquet.serde.TestParquetTimestampsHive2Compatibility" time="0"/>
  <testcase name="testWriteHive4UsingLegacyConversionReadHive2(String)[2744]" classname="org.apache.hadoop.hive.ql.io.parquet.serde.TestParquetTimestampsHive2Compatibility" time="0"/>
  <testcase name="testWriteHive4UsingLegacyConversionReadHive2(String)[2745]" classname="org.apache.hadoop.hive.ql.io.parquet.serde.TestParquetTimestampsHive2Compatibility" time="0"/>
  <testcase name="testWriteHive4UsingLegacyConversionReadHive2(String)[2746]" classname="org.apache.hadoop.hive.ql.io.parquet.serde.TestParquetTimestampsHive2Compatibility" time="0"/>
  <testcase name="testWriteHive4UsingLegacyConversionReadHive2(String)[2747]" classname="org.apache.hadoop.hive.ql.io.parquet.serde.TestParquetTimestampsHive2Compatibility" time="0"/>
  <testcase name="testWriteHive4UsingLegacyConversionReadHive2(String)[2748]" classname="org.apache.hadoop.hive.ql.io.parquet.serde.TestParquetTimestampsHive2Compatibility" time="0"/>
  <testcase name="testWriteHive4UsingLegacyConversionReadHive2(String)[2749]" classname="org.apache.hadoop.hive.ql.io.parquet.serde.TestParquetTimestampsHive2Compatibility" time="0"/>
  <testcase name="testWriteHive4UsingLegacyConversionReadHive2(String)[2750]" classname="org.apache.hadoop.hive.ql.io.parquet.serde.TestParquetTimestampsHive2Compatibility" time="0"/>
  <testcase name="testWriteHive4UsingLegacyConversionReadHive2(String)[2751]" classname="org.apache.hadoop.hive.ql.io.parquet.serde.TestParquetTimestampsHive2Compatibility" time="0.001"/>
  <testcase name="testWriteHive4UsingLegacyConversionReadHive2(String)[2752]" classname="org.apache.hadoop.hive.ql.io.parquet.serde.TestParquetTimestampsHive2Compatibility" time="0"/>
  <testcase name="testWriteHive4UsingLegacyConversionReadHive2(String)[2753]" classname="org.apache.hadoop.hive.ql.io.parquet.serde.TestParquetTimestampsHive2Compatibility" time="0"/>
  <testcase name="testWriteHive4UsingLegacyConversionReadHive2(String)[2754]" classname="org.apache.hadoop.hive.ql.io.parquet.serde.TestParquetTimestampsHive2Compatibility" time="0"/>
  <testcase name="testWriteHive4UsingLegacyConversionReadHive2(String)[2755]" classname="org.apache.hadoop.hive.ql.io.parquet.serde.TestParquetTimestampsHive2Compatibility" time="0"/>
  <testcase name="testWriteHive4UsingLegacyConversionReadHive2(String)[2756]" classname="org.apache.hadoop.hive.ql.io.parquet.serde.TestParquetTimestampsHive2Compatibility" time="0"/>
  <testcase name="testWriteHive4UsingLegacyConversionReadHive2(String)[2757]" classname="org.apache.hadoop.hive.ql.io.parquet.serde.TestParquetTimestampsHive2Compatibility" time="0"/>
  <testcase name="testWriteHive4UsingLegacyConversionReadHive2(String)[2758]" classname="org.apache.hadoop.hive.ql.io.parquet.serde.TestParquetTimestampsHive2Compatibility" time="0"/>
  <testcase name="testWriteHive4UsingLegacyConversionReadHive2(String)[2759]" classname="org.apache.hadoop.hive.ql.io.parquet.serde.TestParquetTimestampsHive2Compatibility" time="0"/>
  <testcase name="testWriteHive4UsingLegacyConversionReadHive2(String)[2760]" classname="org.apache.hadoop.hive.ql.io.parquet.serde.TestParquetTimestampsHive2Compatibility" time="0"/>
  <testcase name="testWriteHive4UsingLegacyConversionReadHive2(String)[2761]" classname="org.apache.hadoop.hive.ql.io.parquet.serde.TestParquetTimestampsHive2Compatibility" time="0"/>
  <testcase name="testWriteHive4UsingLegacyConversionReadHive2(String)[2762]" classname="org.apache.hadoop.hive.ql.io.parquet.serde.TestParquetTimestampsHive2Compatibility" time="0"/>
  <testcase name="testWriteHive4UsingLegacyConversionReadHive2(String)[2763]" classname="org.apache.hadoop.hive.ql.io.parquet.serde.TestParquetTimestampsHive2Compatibility" time="0"/>
  <testcase name="testWriteHive4UsingLegacyConversionReadHive2(String)[2764]" classname="org.apache.hadoop.hive.ql.io.parquet.serde.TestParquetTimestampsHive2Compatibility" time="0"/>
  <testcase name="testWriteHive4UsingLegacyConversionReadHive2(String)[2765]" classname="org.apache.hadoop.hive.ql.io.parquet.serde.TestParquetTimestampsHive2Compatibility" time="0"/>
  <testcase name="testWriteHive4UsingLegacyConversionReadHive2(String)[2766]" classname="org.apache.hadoop.hive.ql.io.parquet.serde.TestParquetTimestampsHive2Compatibility" time="0"/>
  <testcase name="testWriteHive4UsingLegacyConversionReadHive2(String)[2767]" classname="org.apache.hadoop.hive.ql.io.parquet.serde.TestParquetTimestampsHive2Compatibility" time="0"/>
  <testcase name="testWriteHive4UsingLegacyConversionReadHive2(String)[2768]" classname="org.apache.hadoop.hive.ql.io.parquet.serde.TestParquetTimestampsHive2Compatibility" time="0"/>
  <testcase name="testWriteHive4UsingLegacyConversionReadHive2(String)[2769]" classname="org.apache.hadoop.hive.ql.io.parquet.serde.TestParquetTimestampsHive2Compatibility" time="0"/>
  <testcase name="testWriteHive4UsingLegacyConversionReadHive2(String)[2770]" classname="org.apache.hadoop.hive.ql.io.parquet.serde.TestParquetTimestampsHive2Compatibility" time="0"/>
  <testcase name="testWriteHive4UsingLegacyConversionReadHive2(String)[2771]" classname="org.apache.hadoop.hive.ql.io.parquet.serde.TestParquetTimestampsHive2Compatibility" time="0"/>
  <testcase name="testWriteHive4UsingLegacyConversionReadHive2(String)[2772]" classname="org.apache.hadoop.hive.ql.io.parquet.serde.TestParquetTimestampsHive2Compatibility" time="0"/>
  <testcase name="testWriteHive4UsingLegacyConversionReadHive2(String)[2773]" classname="org.apache.hadoop.hive.ql.io.parquet.serde.TestParquetTimestampsHive2Compatibility" time="0"/>
  <testcase name="testWriteHive4UsingLegacyConversionReadHive2(String)[2774]" classname="org.apache.hadoop.hive.ql.io.parquet.serde.TestParquetTimestampsHive2Compatibility" time="0"/>
  <testcase name="testWriteHive4UsingLegacyConversionReadHive2(String)[2775]" classname="org.apache.hadoop.hive.ql.io.parquet.serde.TestParquetTimestampsHive2Compatibility" time="0"/>
  <testcase name="testWriteHive4UsingLegacyConversionReadHive2(String)[2776]" classname="org.apache.hadoop.hive.ql.io.parquet.serde.TestParquetTimestampsHive2Compatibility" time="0"/>
  <testcase name="testWriteHive4UsingLegacyConversionReadHive2(String)[2777]" classname="org.apache.hadoop.hive.ql.io.parquet.serde.TestParquetTimestampsHive2Compatibility" time="0"/>
  <testcase name="testWriteHive4UsingLegacyConversionReadHive2(String)[2778]" classname="org.apache.hadoop.hive.ql.io.parquet.serde.TestParquetTimestampsHive2Compatibility" time="0"/>
  <testcase name="testWriteHive4UsingLegacyConversionReadHive2(String)[2779]" classname="org.apache.hadoop.hive.ql.io.parquet.serde.TestParquetTimestampsHive2Compatibility" time="0"/>
  <testcase name="testWriteHive4UsingLegacyConversionReadHive2(String)[2780]" classname="org.apache.hadoop.hive.ql.io.parquet.serde.TestParquetTimestampsHive2Compatibility" time="0"/>
  <testcase name="testWriteHive4UsingLegacyConversionReadHive2(String)[2781]" classname="org.apache.hadoop.hive.ql.io.parquet.serde.TestParquetTimestampsHive2Compatibility" time="0"/>
  <testcase name="testWriteHive4UsingLegacyConversionReadHive2(String)[2782]" classname="org.apache.hadoop.hive.ql.io.parquet.serde.TestParquetTimestampsHive2Compatibility" time="0"/>
  <testcase name="testWriteHive4UsingLegacyConversionReadHive2(String)[2783]" classname="org.apache.hadoop.hive.ql.io.parquet.serde.TestParquetTimestampsHive2Compatibility" time="0.001"/>
  <testcase name="testWriteHive4UsingLegacyConversionReadHive2(String)[2784]" classname="org.apache.hadoop.hive.ql.io.parquet.serde.TestParquetTimestampsHive2Compatibility" time="0"/>
  <testcase name="testWriteHive4UsingLegacyConversionReadHive2(String)[2785]" classname="org.apache.hadoop.hive.ql.io.parquet.serde.TestParquetTimestampsHive2Compatibility" time="0"/>
  <testcase name="testWriteHive4UsingLegacyConversionReadHive2(String)[2786]" classname="org.apache.hadoop.hive.ql.io.parquet.serde.TestParquetTimestampsHive2Compatibility" time="0"/>
  <testcase name="testWriteHive4UsingLegacyConversionReadHive2(String)[2787]" classname="org.apache.hadoop.hive.ql.io.parquet.serde.TestParquetTimestampsHive2Compatibility" time="0"/>
  <testcase name="testWriteHive4UsingLegacyConversionReadHive2(String)[2788]" classname="org.apache.hadoop.hive.ql.io.parquet.serde.TestParquetTimestampsHive2Compatibility" time="0"/>
  <testcase name="testWriteHive4UsingLegacyConversionReadHive2(String)[2789]" classname="org.apache.hadoop.hive.ql.io.parquet.serde.TestParquetTimestampsHive2Compatibility" time="0"/>
  <testcase name="testWriteHive4UsingLegacyConversionReadHive2(String)[2790]" classname="org.apache.hadoop.hive.ql.io.parquet.serde.TestParquetTimestampsHive2Compatibility" time="0"/>
  <testcase name="testWriteHive4UsingLegacyConversionReadHive2(String)[2791]" classname="org.apache.hadoop.hive.ql.io.parquet.serde.TestParquetTimestampsHive2Compatibility" time="0"/>
  <testcase name="testWriteHive4UsingLegacyConversionReadHive2(String)[2792]" classname="org.apache.hadoop.hive.ql.io.parquet.serde.TestParquetTimestampsHive2Compatibility" time="0"/>
  <testcase name="testWriteHive4UsingLegacyConversionReadHive2(String)[2793]" classname="org.apache.hadoop.hive.ql.io.parquet.serde.TestParquetTimestampsHive2Compatibility" time="0"/>
  <testcase name="testWriteHive4UsingLegacyConversionReadHive2(String)[2794]" classname="org.apache.hadoop.hive.ql.io.parquet.serde.TestParquetTimestampsHive2Compatibility" time="0"/>
  <testcase name="testWriteHive4UsingLegacyConversionReadHive2(String)[2795]" classname="org.apache.hadoop.hive.ql.io.parquet.serde.TestParquetTimestampsHive2Compatibility" time="0"/>
  <testcase name="testWriteHive4UsingLegacyConversionReadHive2(String)[2796]" classname="org.apache.hadoop.hive.ql.io.parquet.serde.TestParquetTimestampsHive2Compatibility" time="0"/>
  <testcase name="testWriteHive4UsingLegacyConversionReadHive2(String)[2797]" classname="org.apache.hadoop.hive.ql.io.parquet.serde.TestParquetTimestampsHive2Compatibility" time="0"/>
  <testcase name="testWriteHive4UsingLegacyConversionReadHive2(String)[2798]" classname="org.apache.hadoop.hive.ql.io.parquet.serde.TestParquetTimestampsHive2Compatibility" time="0"/>
  <testcase name="testWriteHive4UsingLegacyConversionReadHive2(String)[2799]" classname="org.apache.hadoop.hive.ql.io.parquet.serde.TestParquetTimestampsHive2Compatibility" time="0"/>
  <testcase name="testWriteHive4UsingLegacyConversionReadHive2(String)[2800]" classname="org.apache.hadoop.hive.ql.io.parquet.serde.TestParquetTimestampsHive2Compatibility" time="0"/>
  <testcase name="testWriteHive4UsingLegacyConversionReadHive2(String)[2801]" classname="org.apache.hadoop.hive.ql.io.parquet.serde.TestParquetTimestampsHive2Compatibility" time="0"/>
  <testcase name="testWriteHive4UsingLegacyConversionReadHive2(String)[2802]" classname="org.apache.hadoop.hive.ql.io.parquet.serde.TestParquetTimestampsHive2Compatibility" time="0"/>
  <testcase name="testWriteHive4UsingLegacyConversionReadHive2(String)[2803]" classname="org.apache.hadoop.hive.ql.io.parquet.serde.TestParquetTimestampsHive2Compatibility" time="0"/>
  <testcase name="testWriteHive4UsingLegacyConversionReadHive2(String)[2804]" classname="org.apache.hadoop.hive.ql.io.parquet.serde.TestParquetTimestampsHive2Compatibility" time="0.001"/>
  <testcase name="testWriteHive4UsingLegacyConversionReadHive2(String)[2805]" classname="org.apache.hadoop.hive.ql.io.parquet.serde.TestParquetTimestampsHive2Compatibility" time="0"/>
  <testcase name="testWriteHive4UsingLegacyConversionReadHive2(String)[2806]" classname="org.apache.hadoop.hive.ql.io.parquet.serde.TestParquetTimestampsHive2Compatibility" time="0"/>
  <testcase name="testWriteHive4UsingLegacyConversionReadHive2(String)[2807]" classname="org.apache.hadoop.hive.ql.io.parquet.serde.TestParquetTimestampsHive2Compatibility" time="0"/>
  <testcase name="testWriteHive4UsingLegacyConversionReadHive2(String)[2808]" classname="org.apache.hadoop.hive.ql.io.parquet.serde.TestParquetTimestampsHive2Compatibility" time="0"/>
  <testcase name="testWriteHive4UsingLegacyConversionReadHive2(String)[2809]" classname="org.apache.hadoop.hive.ql.io.parquet.serde.TestParquetTimestampsHive2Compatibility" time="0"/>
  <testcase name="testWriteHive4UsingLegacyConversionReadHive2(String)[2810]" classname="org.apache.hadoop.hive.ql.io.parquet.serde.TestParquetTimestampsHive2Compatibility" time="0"/>
  <testcase name="testWriteHive4UsingLegacyConversionReadHive2(String)[2811]" classname="org.apache.hadoop.hive.ql.io.parquet.serde.TestParquetTimestampsHive2Compatibility" time="0"/>
  <testcase name="testWriteHive4UsingLegacyConversionReadHive2(String)[2812]" classname="org.apache.hadoop.hive.ql.io.parquet.serde.TestParquetTimestampsHive2Compatibility" time="0"/>
  <testcase name="testWriteHive4UsingLegacyConversionReadHive2(String)[2813]" classname="org.apache.hadoop.hive.ql.io.parquet.serde.TestParquetTimestampsHive2Compatibility" time="0"/>
  <testcase name="testWriteHive4UsingLegacyConversionReadHive2(String)[2814]" classname="org.apache.hadoop.hive.ql.io.parquet.serde.TestParquetTimestampsHive2Compatibility" time="0"/>
  <testcase name="testWriteHive4UsingLegacyConversionReadHive2(String)[2815]" classname="org.apache.hadoop.hive.ql.io.parquet.serde.TestParquetTimestampsHive2Compatibility" time="0"/>
  <testcase name="testWriteHive4UsingLegacyConversionReadHive2(String)[2816]" classname="org.apache.hadoop.hive.ql.io.parquet.serde.TestParquetTimestampsHive2Compatibility" time="0"/>
  <testcase name="testWriteHive4UsingLegacyConversionReadHive2(String)[2817]" classname="org.apache.hadoop.hive.ql.io.parquet.serde.TestParquetTimestampsHive2Compatibility" time="0"/>
  <testcase name="testWriteHive4UsingLegacyConversionReadHive2(String)[2818]" classname="org.apache.hadoop.hive.ql.io.parquet.serde.TestParquetTimestampsHive2Compatibility" time="0"/>
  <testcase name="testWriteHive4UsingLegacyConversionReadHive2(String)[2819]" classname="org.apache.hadoop.hive.ql.io.parquet.serde.TestParquetTimestampsHive2Compatibility" time="0"/>
  <testcase name="testWriteHive4UsingLegacyConversionReadHive2(String)[2820]" classname="org.apache.hadoop.hive.ql.io.parquet.serde.TestParquetTimestampsHive2Compatibility" time="0"/>
  <testcase name="testWriteHive4UsingLegacyConversionReadHive2(String)[2821]" classname="org.apache.hadoop.hive.ql.io.parquet.serde.TestParquetTimestampsHive2Compatibility" time="0"/>
  <testcase name="testWriteHive4UsingLegacyConversionReadHive2(String)[2822]" classname="org.apache.hadoop.hive.ql.io.parquet.serde.TestParquetTimestampsHive2Compatibility" time="0"/>
  <testcase name="testWriteHive4UsingLegacyConversionReadHive2(String)[2823]" classname="org.apache.hadoop.hive.ql.io.parquet.serde.TestParquetTimestampsHive2Compatibility" time="0"/>
  <testcase name="testWriteHive4UsingLegacyConversionReadHive2(String)[2824]" classname="org.apache.hadoop.hive.ql.io.parquet.serde.TestParquetTimestampsHive2Compatibility" time="0.001"/>
  <testcase name="testWriteHive4UsingLegacyConversionReadHive2(String)[2825]" classname="org.apache.hadoop.hive.ql.io.parquet.serde.TestParquetTimestampsHive2Compatibility" time="0"/>
  <testcase name="testWriteHive4UsingLegacyConversionReadHive2(String)[2826]" classname="org.apache.hadoop.hive.ql.io.parquet.serde.TestParquetTimestampsHive2Compatibility" time="0"/>
  <testcase name="testWriteHive4UsingLegacyConversionReadHive2(String)[2827]" classname="org.apache.hadoop.hive.ql.io.parquet.serde.TestParquetTimestampsHive2Compatibility" time="0"/>
  <testcase name="testWriteHive4UsingLegacyConversionReadHive2(String)[2828]" classname="org.apache.hadoop.hive.ql.io.parquet.serde.TestParquetTimestampsHive2Compatibility" time="0"/>
  <testcase name="testWriteHive4UsingLegacyConversionReadHive2(String)[2829]" classname="org.apache.hadoop.hive.ql.io.parquet.serde.TestParquetTimestampsHive2Compatibility" time="0"/>
  <testcase name="testWriteHive4UsingLegacyConversionReadHive2(String)[2830]" classname="org.apache.hadoop.hive.ql.io.parquet.serde.TestParquetTimestampsHive2Compatibility" time="0"/>
  <testcase name="testWriteHive4UsingLegacyConversionReadHive2(String)[2831]" classname="org.apache.hadoop.hive.ql.io.parquet.serde.TestParquetTimestampsHive2Compatibility" time="0"/>
  <testcase name="testWriteHive4UsingLegacyConversionReadHive2(String)[2832]" classname="org.apache.hadoop.hive.ql.io.parquet.serde.TestParquetTimestampsHive2Compatibility" time="0"/>
  <testcase name="testWriteHive4UsingLegacyConversionReadHive2(String)[2833]" classname="org.apache.hadoop.hive.ql.io.parquet.serde.TestParquetTimestampsHive2Compatibility" time="0"/>
  <testcase name="testWriteHive4UsingLegacyConversionReadHive2(String)[2834]" classname="org.apache.hadoop.hive.ql.io.parquet.serde.TestParquetTimestampsHive2Compatibility" time="0.001"/>
  <testcase name="testWriteHive4UsingLegacyConversionReadHive2(String)[2835]" classname="org.apache.hadoop.hive.ql.io.parquet.serde.TestParquetTimestampsHive2Compatibility" time="0"/>
  <testcase name="testWriteHive4UsingLegacyConversionReadHive2(String)[2836]" classname="org.apache.hadoop.hive.ql.io.parquet.serde.TestParquetTimestampsHive2Compatibility" time="0"/>
  <testcase name="testWriteHive4UsingLegacyConversionReadHive2(String)[2837]" classname="org.apache.hadoop.hive.ql.io.parquet.serde.TestParquetTimestampsHive2Compatibility" time="0"/>
  <testcase name="testWriteHive4UsingLegacyConversionReadHive2(String)[2838]" classname="org.apache.hadoop.hive.ql.io.parquet.serde.TestParquetTimestampsHive2Compatibility" time="0"/>
  <testcase name="testWriteHive4UsingLegacyConversionReadHive2(String)[2839]" classname="org.apache.hadoop.hive.ql.io.parquet.serde.TestParquetTimestampsHive2Compatibility" time="0"/>
  <testcase name="testWriteHive4UsingLegacyConversionReadHive2(String)[2840]" classname="org.apache.hadoop.hive.ql.io.parquet.serde.TestParquetTimestampsHive2Compatibility" time="0"/>
  <testcase name="testWriteHive4UsingLegacyConversionReadHive2(String)[2841]" classname="org.apache.hadoop.hive.ql.io.parquet.serde.TestParquetTimestampsHive2Compatibility" time="0"/>
  <testcase name="testWriteHive4UsingLegacyConversionReadHive2(String)[2842]" classname="org.apache.hadoop.hive.ql.io.parquet.serde.TestParquetTimestampsHive2Compatibility" time="0"/>
  <testcase name="testWriteHive4UsingLegacyConversionReadHive2(String)[2843]" classname="org.apache.hadoop.hive.ql.io.parquet.serde.TestParquetTimestampsHive2Compatibility" time="0"/>
  <testcase name="testWriteHive4UsingLegacyConversionReadHive2(String)[2844]" classname="org.apache.hadoop.hive.ql.io.parquet.serde.TestParquetTimestampsHive2Compatibility" time="0"/>
  <testcase name="testWriteHive4UsingLegacyConversionReadHive2(String)[2845]" classname="org.apache.hadoop.hive.ql.io.parquet.serde.TestParquetTimestampsHive2Compatibility" time="0"/>
  <testcase name="testWriteHive4UsingLegacyConversionReadHive2(String)[2846]" classname="org.apache.hadoop.hive.ql.io.parquet.serde.TestParquetTimestampsHive2Compatibility" time="0"/>
  <testcase name="testWriteHive4UsingLegacyConversionReadHive2(String)[2847]" classname="org.apache.hadoop.hive.ql.io.parquet.serde.TestParquetTimestampsHive2Compatibility" time="0"/>
  <testcase name="testWriteHive4UsingLegacyConversionReadHive2(String)[2848]" classname="org.apache.hadoop.hive.ql.io.parquet.serde.TestParquetTimestampsHive2Compatibility" time="0"/>
  <testcase name="testWriteHive4UsingLegacyConversionReadHive2(String)[2849]" classname="org.apache.hadoop.hive.ql.io.parquet.serde.TestParquetTimestampsHive2Compatibility" time="0"/>
  <testcase name="testWriteHive4UsingLegacyConversionReadHive2(String)[2850]" classname="org.apache.hadoop.hive.ql.io.parquet.serde.TestParquetTimestampsHive2Compatibility" time="0"/>
  <testcase name="testWriteHive4UsingLegacyConversionReadHive2(String)[2851]" classname="org.apache.hadoop.hive.ql.io.parquet.serde.TestParquetTimestampsHive2Compatibility" time="0.001"/>
  <testcase name="testWriteHive4UsingLegacyConversionReadHive2(String)[2852]" classname="org.apache.hadoop.hive.ql.io.parquet.serde.TestParquetTimestampsHive2Compatibility" time="0"/>
  <testcase name="testWriteHive4UsingLegacyConversionReadHive2(String)[2853]" classname="org.apache.hadoop.hive.ql.io.parquet.serde.TestParquetTimestampsHive2Compatibility" time="0"/>
  <testcase name="testWriteHive4UsingLegacyConversionReadHive2(String)[2854]" classname="org.apache.hadoop.hive.ql.io.parquet.serde.TestParquetTimestampsHive2Compatibility" time="0"/>
  <testcase name="testWriteHive4UsingLegacyConversionReadHive2(String)[2855]" classname="org.apache.hadoop.hive.ql.io.parquet.serde.TestParquetTimestampsHive2Compatibility" time="0"/>
  <testcase name="testWriteHive4UsingLegacyConversionReadHive2(String)[2856]" classname="org.apache.hadoop.hive.ql.io.parquet.serde.TestParquetTimestampsHive2Compatibility" time="0"/>
  <testcase name="testWriteHive4UsingLegacyConversionReadHive2(String)[2857]" classname="org.apache.hadoop.hive.ql.io.parquet.serde.TestParquetTimestampsHive2Compatibility" time="0"/>
  <testcase name="testWriteHive4UsingLegacyConversionReadHive2(String)[2858]" classname="org.apache.hadoop.hive.ql.io.parquet.serde.TestParquetTimestampsHive2Compatibility" time="0"/>
  <testcase name="testWriteHive4UsingLegacyConversionReadHive2(String)[2859]" classname="org.apache.hadoop.hive.ql.io.parquet.serde.TestParquetTimestampsHive2Compatibility" time="0"/>
  <testcase name="testWriteHive4UsingLegacyConversionReadHive2(String)[2860]" classname="org.apache.hadoop.hive.ql.io.parquet.serde.TestParquetTimestampsHive2Compatibility" time="0"/>
  <testcase name="testWriteHive4UsingLegacyConversionReadHive2(String)[2861]" classname="org.apache.hadoop.hive.ql.io.parquet.serde.TestParquetTimestampsHive2Compatibility" time="0"/>
  <testcase name="testWriteHive4UsingLegacyConversionReadHive2(String)[2862]" classname="org.apache.hadoop.hive.ql.io.parquet.serde.TestParquetTimestampsHive2Compatibility" time="0"/>
  <testcase name="testWriteHive4UsingLegacyConversionReadHive2(String)[2863]" classname="org.apache.hadoop.hive.ql.io.parquet.serde.TestParquetTimestampsHive2Compatibility" time="0"/>
  <testcase name="testWriteHive4UsingLegacyConversionReadHive2(String)[2864]" classname="org.apache.hadoop.hive.ql.io.parquet.serde.TestParquetTimestampsHive2Compatibility" time="0.001"/>
  <testcase name="testWriteHive4UsingLegacyConversionReadHive2(String)[2865]" classname="org.apache.hadoop.hive.ql.io.parquet.serde.TestParquetTimestampsHive2Compatibility" time="0"/>
  <testcase name="testWriteHive4UsingLegacyConversionReadHive2(String)[2866]" classname="org.apache.hadoop.hive.ql.io.parquet.serde.TestParquetTimestampsHive2Compatibility" time="0"/>
  <testcase name="testWriteHive4UsingLegacyConversionReadHive2(String)[2867]" classname="org.apache.hadoop.hive.ql.io.parquet.serde.TestParquetTimestampsHive2Compatibility" time="0"/>
  <testcase name="testWriteHive4UsingLegacyConversionReadHive2(String)[2868]" classname="org.apache.hadoop.hive.ql.io.parquet.serde.TestParquetTimestampsHive2Compatibility" time="0"/>
  <testcase name="testWriteHive4UsingLegacyConversionReadHive2(String)[2869]" classname="org.apache.hadoop.hive.ql.io.parquet.serde.TestParquetTimestampsHive2Compatibility" time="0"/>
  <testcase name="testWriteHive4UsingLegacyConversionReadHive2(String)[2870]" classname="org.apache.hadoop.hive.ql.io.parquet.serde.TestParquetTimestampsHive2Compatibility" time="0"/>
  <testcase name="testWriteHive4UsingLegacyConversionReadHive2(String)[2871]" classname="org.apache.hadoop.hive.ql.io.parquet.serde.TestParquetTimestampsHive2Compatibility" time="0"/>
  <testcase name="testWriteHive4UsingLegacyConversionReadHive2(String)[2872]" classname="org.apache.hadoop.hive.ql.io.parquet.serde.TestParquetTimestampsHive2Compatibility" time="0"/>
  <testcase name="testWriteHive4UsingLegacyConversionReadHive2(String)[2873]" classname="org.apache.hadoop.hive.ql.io.parquet.serde.TestParquetTimestampsHive2Compatibility" time="0"/>
  <testcase name="testWriteHive4UsingLegacyConversionReadHive2(String)[2874]" classname="org.apache.hadoop.hive.ql.io.parquet.serde.TestParquetTimestampsHive2Compatibility" time="0"/>
  <testcase name="testWriteHive4UsingLegacyConversionReadHive2(String)[2875]" classname="org.apache.hadoop.hive.ql.io.parquet.serde.TestParquetTimestampsHive2Compatibility" time="0"/>
  <testcase name="testWriteHive4UsingLegacyConversionReadHive2(String)[2876]" classname="org.apache.hadoop.hive.ql.io.parquet.serde.TestParquetTimestampsHive2Compatibility" time="0"/>
  <testcase name="testWriteHive4UsingLegacyConversionReadHive2(String)[2877]" classname="org.apache.hadoop.hive.ql.io.parquet.serde.TestParquetTimestampsHive2Compatibility" time="0.001"/>
  <testcase name="testWriteHive4UsingLegacyConversionReadHive2(String)[2878]" classname="org.apache.hadoop.hive.ql.io.parquet.serde.TestParquetTimestampsHive2Compatibility" time="0"/>
  <testcase name="testWriteHive4UsingLegacyConversionReadHive2(String)[2879]" classname="org.apache.hadoop.hive.ql.io.parquet.serde.TestParquetTimestampsHive2Compatibility" time="0"/>
  <testcase name="testWriteHive4UsingLegacyConversionReadHive2(String)[2880]" classname="org.apache.hadoop.hive.ql.io.parquet.serde.TestParquetTimestampsHive2Compatibility" time="0"/>
  <testcase name="testWriteHive4UsingLegacyConversionReadHive2(String)[2881]" classname="org.apache.hadoop.hive.ql.io.parquet.serde.TestParquetTimestampsHive2Compatibility" time="0"/>
  <testcase name="testWriteHive4UsingLegacyConversionReadHive2(String)[2882]" classname="org.apache.hadoop.hive.ql.io.parquet.serde.TestParquetTimestampsHive2Compatibility" time="0"/>
  <testcase name="testWriteHive4UsingLegacyConversionReadHive2(String)[2883]" classname="org.apache.hadoop.hive.ql.io.parquet.serde.TestParquetTimestampsHive2Compatibility" time="0"/>
  <testcase name="testWriteHive4UsingLegacyConversionReadHive2(String)[2884]" classname="org.apache.hadoop.hive.ql.io.parquet.serde.TestParquetTimestampsHive2Compatibility" time="0"/>
  <testcase name="testWriteHive4UsingLegacyConversionReadHive2(String)[2885]" classname="org.apache.hadoop.hive.ql.io.parquet.serde.TestParquetTimestampsHive2Compatibility" time="0"/>
  <testcase name="testWriteHive4UsingLegacyConversionReadHive2(String)[2886]" classname="org.apache.hadoop.hive.ql.io.parquet.serde.TestParquetTimestampsHive2Compatibility" time="0"/>
  <testcase name="testWriteHive4UsingLegacyConversionReadHive2(String)[2887]" classname="org.apache.hadoop.hive.ql.io.parquet.serde.TestParquetTimestampsHive2Compatibility" time="0"/>
  <testcase name="testWriteHive4UsingLegacyConversionReadHive2(String)[2888]" classname="org.apache.hadoop.hive.ql.io.parquet.serde.TestParquetTimestampsHive2Compatibility" time="0"/>
  <testcase name="testWriteHive4UsingLegacyConversionReadHive2(String)[2889]" classname="org.apache.hadoop.hive.ql.io.parquet.serde.TestParquetTimestampsHive2Compatibility" time="0"/>
  <testcase name="testWriteHive4UsingLegacyConversionReadHive2(String)[2890]" classname="org.apache.hadoop.hive.ql.io.parquet.serde.TestParquetTimestampsHive2Compatibility" time="0"/>
  <testcase name="testWriteHive4UsingLegacyConversionReadHive2(String)[2891]" classname="org.apache.hadoop.hive.ql.io.parquet.serde.TestParquetTimestampsHive2Compatibility" time="0"/>
  <testcase name="testWriteHive4UsingLegacyConversionReadHive2(String)[2892]" classname="org.apache.hadoop.hive.ql.io.parquet.serde.TestParquetTimestampsHive2Compatibility" time="0"/>
  <testcase name="testWriteHive4UsingLegacyConversionReadHive2(String)[2893]" classname="org.apache.hadoop.hive.ql.io.parquet.serde.TestParquetTimestampsHive2Compatibility" time="0"/>
  <testcase name="testWriteHive4UsingLegacyConversionReadHive2(String)[2894]" classname="org.apache.hadoop.hive.ql.io.parquet.serde.TestParquetTimestampsHive2Compatibility" time="0"/>
  <testcase name="testWriteHive4UsingLegacyConversionReadHive2(String)[2895]" classname="org.apache.hadoop.hive.ql.io.parquet.serde.TestParquetTimestampsHive2Compatibility" time="0"/>
  <testcase name="testWriteHive4UsingLegacyConversionReadHive2(String)[2896]" classname="org.apache.hadoop.hive.ql.io.parquet.serde.TestParquetTimestampsHive2Compatibility" time="0"/>
  <testcase name="testWriteHive4UsingLegacyConversionReadHive2(String)[2897]" classname="org.apache.hadoop.hive.ql.io.parquet.serde.TestParquetTimestampsHive2Compatibility" time="0"/>
  <testcase name="testWriteHive4UsingLegacyConversionReadHive2(String)[2898]" classname="org.apache.hadoop.hive.ql.io.parquet.serde.TestParquetTimestampsHive2Compatibility" time="0"/>
  <testcase name="testWriteHive4UsingLegacyConversionReadHive2(String)[2899]" classname="org.apache.hadoop.hive.ql.io.parquet.serde.TestParquetTimestampsHive2Compatibility" time="0"/>
  <testcase name="testWriteHive4UsingLegacyConversionReadHive2(String)[2900]" classname="org.apache.hadoop.hive.ql.io.parquet.serde.TestParquetTimestampsHive2Compatibility" time="0"/>
  <testcase name="testWriteHive4UsingLegacyConversionReadHive2(String)[2901]" classname="org.apache.hadoop.hive.ql.io.parquet.serde.TestParquetTimestampsHive2Compatibility" time="0"/>
  <testcase name="testWriteHive4UsingLegacyConversionReadHive2(String)[2902]" classname="org.apache.hadoop.hive.ql.io.parquet.serde.TestParquetTimestampsHive2Compatibility" time="0"/>
  <testcase name="testWriteHive4UsingLegacyConversionReadHive2(String)[2903]" classname="org.apache.hadoop.hive.ql.io.parquet.serde.TestParquetTimestampsHive2Compatibility" time="0"/>
  <testcase name="testWriteHive4UsingLegacyConversionReadHive2(String)[2904]" classname="org.apache.hadoop.hive.ql.io.parquet.serde.TestParquetTimestampsHive2Compatibility" time="0"/>
  <testcase name="testWriteHive4UsingLegacyConversionReadHive2(String)[2905]" classname="org.apache.hadoop.hive.ql.io.parquet.serde.TestParquetTimestampsHive2Compatibility" time="0"/>
  <testcase name="testWriteHive4UsingLegacyConversionReadHive2(String)[2906]" classname="org.apache.hadoop.hive.ql.io.parquet.serde.TestParquetTimestampsHive2Compatibility" time="0"/>
  <testcase name="testWriteHive4UsingLegacyConversionReadHive2(String)[2907]" classname="org.apache.hadoop.hive.ql.io.parquet.serde.TestParquetTimestampsHive2Compatibility" time="0"/>
  <testcase name="testWriteHive4UsingLegacyConversionReadHive2(String)[2908]" classname="org.apache.hadoop.hive.ql.io.parquet.serde.TestParquetTimestampsHive2Compatibility" time="0"/>
  <testcase name="testWriteHive4UsingLegacyConversionReadHive2(String)[2909]" classname="org.apache.hadoop.hive.ql.io.parquet.serde.TestParquetTimestampsHive2Compatibility" time="0"/>
  <testcase name="testWriteHive4UsingLegacyConversionReadHive2(String)[2910]" classname="org.apache.hadoop.hive.ql.io.parquet.serde.TestParquetTimestampsHive2Compatibility" time="0"/>
  <testcase name="testWriteHive4UsingLegacyConversionReadHive2(String)[2911]" classname="org.apache.hadoop.hive.ql.io.parquet.serde.TestParquetTimestampsHive2Compatibility" time="0"/>
  <testcase name="testWriteHive4UsingLegacyConversionReadHive2(String)[2912]" classname="org.apache.hadoop.hive.ql.io.parquet.serde.TestParquetTimestampsHive2Compatibility" time="0"/>
  <testcase name="testWriteHive4UsingLegacyConversionReadHive2(String)[2913]" classname="org.apache.hadoop.hive.ql.io.parquet.serde.TestParquetTimestampsHive2Compatibility" time="0"/>
  <testcase name="testWriteHive4UsingLegacyConversionReadHive2(String)[2914]" classname="org.apache.hadoop.hive.ql.io.parquet.serde.TestParquetTimestampsHive2Compatibility" time="0"/>
  <testcase name="testWriteHive4UsingLegacyConversionReadHive2(String)[2915]" classname="org.apache.hadoop.hive.ql.io.parquet.serde.TestParquetTimestampsHive2Compatibility" time="0"/>
  <testcase name="testWriteHive4UsingLegacyConversionReadHive2(String)[2916]" classname="org.apache.hadoop.hive.ql.io.parquet.serde.TestParquetTimestampsHive2Compatibility" time="0"/>
  <testcase name="testWriteHive4UsingLegacyConversionReadHive2(String)[2917]" classname="org.apache.hadoop.hive.ql.io.parquet.serde.TestParquetTimestampsHive2Compatibility" time="0"/>
  <testcase name="testWriteHive4UsingLegacyConversionReadHive2(String)[2918]" classname="org.apache.hadoop.hive.ql.io.parquet.serde.TestParquetTimestampsHive2Compatibility" time="0"/>
  <testcase name="testWriteHive4UsingLegacyConversionReadHive2(String)[2919]" classname="org.apache.hadoop.hive.ql.io.parquet.serde.TestParquetTimestampsHive2Compatibility" time="0"/>
  <testcase name="testWriteHive4UsingLegacyConversionReadHive2(String)[2920]" classname="org.apache.hadoop.hive.ql.io.parquet.serde.TestParquetTimestampsHive2Compatibility" time="0"/>
  <testcase name="testWriteHive4UsingLegacyConversionReadHive2(String)[2921]" classname="org.apache.hadoop.hive.ql.io.parquet.serde.TestParquetTimestampsHive2Compatibility" time="0.001"/>
  <testcase name="testWriteHive4UsingLegacyConversionReadHive2(String)[2922]" classname="org.apache.hadoop.hive.ql.io.parquet.serde.TestParquetTimestampsHive2Compatibility" time="0"/>
  <testcase name="testWriteHive4UsingLegacyConversionReadHive2(String)[2923]" classname="org.apache.hadoop.hive.ql.io.parquet.serde.TestParquetTimestampsHive2Compatibility" time="0"/>
  <testcase name="testWriteHive4UsingLegacyConversionReadHive2(String)[2924]" classname="org.apache.hadoop.hive.ql.io.parquet.serde.TestParquetTimestampsHive2Compatibility" time="0"/>
  <testcase name="testWriteHive4UsingLegacyConversionReadHive2(String)[2925]" classname="org.apache.hadoop.hive.ql.io.parquet.serde.TestParquetTimestampsHive2Compatibility" time="0"/>
  <testcase name="testWriteHive4UsingLegacyConversionReadHive2(String)[2926]" classname="org.apache.hadoop.hive.ql.io.parquet.serde.TestParquetTimestampsHive2Compatibility" time="0"/>
  <testcase name="testWriteHive4UsingLegacyConversionReadHive2(String)[2927]" classname="org.apache.hadoop.hive.ql.io.parquet.serde.TestParquetTimestampsHive2Compatibility" time="0.001"/>
  <testcase name="testWriteHive4UsingLegacyConversionReadHive2(String)[2928]" classname="org.apache.hadoop.hive.ql.io.parquet.serde.TestParquetTimestampsHive2Compatibility" time="0"/>
  <testcase name="testWriteHive4UsingLegacyConversionReadHive2(String)[2929]" classname="org.apache.hadoop.hive.ql.io.parquet.serde.TestParquetTimestampsHive2Compatibility" time="0"/>
  <testcase name="testWriteHive4UsingLegacyConversionReadHive2(String)[2930]" classname="org.apache.hadoop.hive.ql.io.parquet.serde.TestParquetTimestampsHive2Compatibility" time="0"/>
  <testcase name="testWriteHive4UsingLegacyConversionReadHive2(String)[2931]" classname="org.apache.hadoop.hive.ql.io.parquet.serde.TestParquetTimestampsHive2Compatibility" time="0"/>
  <testcase name="testWriteHive4UsingLegacyConversionReadHive2(String)[2932]" classname="org.apache.hadoop.hive.ql.io.parquet.serde.TestParquetTimestampsHive2Compatibility" time="0"/>
  <testcase name="testWriteHive4UsingLegacyConversionReadHive2(String)[2933]" classname="org.apache.hadoop.hive.ql.io.parquet.serde.TestParquetTimestampsHive2Compatibility" time="0.001"/>
  <testcase name="testWriteHive4UsingLegacyConversionReadHive2(String)[2934]" classname="org.apache.hadoop.hive.ql.io.parquet.serde.TestParquetTimestampsHive2Compatibility" time="0"/>
  <testcase name="testWriteHive4UsingLegacyConversionReadHive2(String)[2935]" classname="org.apache.hadoop.hive.ql.io.parquet.serde.TestParquetTimestampsHive2Compatibility" time="0"/>
  <testcase name="testWriteHive4UsingLegacyConversionReadHive2(String)[2936]" classname="org.apache.hadoop.hive.ql.io.parquet.serde.TestParquetTimestampsHive2Compatibility" time="0"/>
  <testcase name="testWriteHive4UsingLegacyConversionReadHive2(String)[2937]" classname="org.apache.hadoop.hive.ql.io.parquet.serde.TestParquetTimestampsHive2Compatibility" time="0"/>
  <testcase name="testWriteHive4UsingLegacyConversionReadHive2(String)[2938]" classname="org.apache.hadoop.hive.ql.io.parquet.serde.TestParquetTimestampsHive2Compatibility" time="0"/>
  <testcase name="testWriteHive4UsingLegacyConversionReadHive2(String)[2939]" classname="org.apache.hadoop.hive.ql.io.parquet.serde.TestParquetTimestampsHive2Compatibility" time="0"/>
  <testcase name="testWriteHive4UsingLegacyConversionReadHive2(String)[2940]" classname="org.apache.hadoop.hive.ql.io.parquet.serde.TestParquetTimestampsHive2Compatibility" time="0"/>
  <testcase name="testWriteHive4UsingLegacyConversionReadHive2(String)[2941]" classname="org.apache.hadoop.hive.ql.io.parquet.serde.TestParquetTimestampsHive2Compatibility" time="0"/>
  <testcase name="testWriteHive4UsingLegacyConversionReadHive2(String)[2942]" classname="org.apache.hadoop.hive.ql.io.parquet.serde.TestParquetTimestampsHive2Compatibility" time="0"/>
  <testcase name="testWriteHive4UsingLegacyConversionReadHive2(String)[2943]" classname="org.apache.hadoop.hive.ql.io.parquet.serde.TestParquetTimestampsHive2Compatibility" time="0"/>
  <testcase name="testWriteHive4UsingLegacyConversionReadHive2(String)[2944]" classname="org.apache.hadoop.hive.ql.io.parquet.serde.TestParquetTimestampsHive2Compatibility" time="0"/>
  <testcase name="testWriteHive4UsingLegacyConversionReadHive2(String)[2945]" classname="org.apache.hadoop.hive.ql.io.parquet.serde.TestParquetTimestampsHive2Compatibility" time="0"/>
  <testcase name="testWriteHive4UsingLegacyConversionReadHive2(String)[2946]" classname="org.apache.hadoop.hive.ql.io.parquet.serde.TestParquetTimestampsHive2Compatibility" time="0"/>
  <testcase name="testWriteHive4UsingLegacyConversionReadHive2(String)[2947]" classname="org.apache.hadoop.hive.ql.io.parquet.serde.TestParquetTimestampsHive2Compatibility" time="0"/>
  <testcase name="testWriteHive4UsingLegacyConversionReadHive2(String)[2948]" classname="org.apache.hadoop.hive.ql.io.parquet.serde.TestParquetTimestampsHive2Compatibility" time="0"/>
  <testcase name="testWriteHive4UsingLegacyConversionReadHive2(String)[2949]" classname="org.apache.hadoop.hive.ql.io.parquet.serde.TestParquetTimestampsHive2Compatibility" time="0"/>
  <testcase name="testWriteHive4UsingLegacyConversionReadHive2(String)[2950]" classname="org.apache.hadoop.hive.ql.io.parquet.serde.TestParquetTimestampsHive2Compatibility" time="0"/>
  <testcase name="testWriteHive4UsingLegacyConversionReadHive2(String)[2951]" classname="org.apache.hadoop.hive.ql.io.parquet.serde.TestParquetTimestampsHive2Compatibility" time="0"/>
  <testcase name="testWriteHive4UsingLegacyConversionReadHive2(String)[2952]" classname="org.apache.hadoop.hive.ql.io.parquet.serde.TestParquetTimestampsHive2Compatibility" time="0"/>
  <testcase name="testWriteHive4UsingLegacyConversionReadHive2(String)[2953]" classname="org.apache.hadoop.hive.ql.io.parquet.serde.TestParquetTimestampsHive2Compatibility" time="0"/>
  <testcase name="testWriteHive4UsingLegacyConversionReadHive2(String)[2954]" classname="org.apache.hadoop.hive.ql.io.parquet.serde.TestParquetTimestampsHive2Compatibility" time="0"/>
  <testcase name="testWriteHive4UsingLegacyConversionReadHive2(String)[2955]" classname="org.apache.hadoop.hive.ql.io.parquet.serde.TestParquetTimestampsHive2Compatibility" time="0"/>
  <testcase name="testWriteHive4UsingLegacyConversionReadHive2(String)[2956]" classname="org.apache.hadoop.hive.ql.io.parquet.serde.TestParquetTimestampsHive2Compatibility" time="0"/>
  <testcase name="testWriteHive4UsingLegacyConversionReadHive2(String)[2957]" classname="org.apache.hadoop.hive.ql.io.parquet.serde.TestParquetTimestampsHive2Compatibility" time="0"/>
  <testcase name="testWriteHive4UsingLegacyConversionReadHive2(String)[2958]" classname="org.apache.hadoop.hive.ql.io.parquet.serde.TestParquetTimestampsHive2Compatibility" time="0"/>
  <testcase name="testWriteHive4UsingLegacyConversionReadHive2(String)[2959]" classname="org.apache.hadoop.hive.ql.io.parquet.serde.TestParquetTimestampsHive2Compatibility" time="0"/>
  <testcase name="testWriteHive4UsingLegacyConversionReadHive2(String)[2960]" classname="org.apache.hadoop.hive.ql.io.parquet.serde.TestParquetTimestampsHive2Compatibility" time="0"/>
  <testcase name="testWriteHive4UsingLegacyConversionReadHive2(String)[2961]" classname="org.apache.hadoop.hive.ql.io.parquet.serde.TestParquetTimestampsHive2Compatibility" time="0"/>
  <testcase name="testWriteHive4UsingLegacyConversionReadHive2(String)[2962]" classname="org.apache.hadoop.hive.ql.io.parquet.serde.TestParquetTimestampsHive2Compatibility" time="0"/>
  <testcase name="testWriteHive4UsingLegacyConversionReadHive2(String)[2963]" classname="org.apache.hadoop.hive.ql.io.parquet.serde.TestParquetTimestampsHive2Compatibility" time="0"/>
  <testcase name="testWriteHive4UsingLegacyConversionReadHive2(String)[2964]" classname="org.apache.hadoop.hive.ql.io.parquet.serde.TestParquetTimestampsHive2Compatibility" time="0"/>
  <testcase name="testWriteHive4UsingLegacyConversionReadHive2(String)[2965]" classname="org.apache.hadoop.hive.ql.io.parquet.serde.TestParquetTimestampsHive2Compatibility" time="0"/>
  <testcase name="testWriteHive4UsingLegacyConversionReadHive2(String)[2966]" classname="org.apache.hadoop.hive.ql.io.parquet.serde.TestParquetTimestampsHive2Compatibility" time="0"/>
  <testcase name="testWriteHive4UsingLegacyConversionReadHive2(String)[2967]" classname="org.apache.hadoop.hive.ql.io.parquet.serde.TestParquetTimestampsHive2Compatibility" time="0"/>
  <testcase name="testWriteHive4UsingLegacyConversionReadHive2(String)[2968]" classname="org.apache.hadoop.hive.ql.io.parquet.serde.TestParquetTimestampsHive2Compatibility" time="0"/>
  <testcase name="testWriteHive4UsingLegacyConversionReadHive2(String)[2969]" classname="org.apache.hadoop.hive.ql.io.parquet.serde.TestParquetTimestampsHive2Compatibility" time="0"/>
  <testcase name="testWriteHive4UsingLegacyConversionReadHive2(String)[2970]" classname="org.apache.hadoop.hive.ql.io.parquet.serde.TestParquetTimestampsHive2Compatibility" time="0"/>
  <testcase name="testWriteHive4UsingLegacyConversionReadHive2(String)[2971]" classname="org.apache.hadoop.hive.ql.io.parquet.serde.TestParquetTimestampsHive2Compatibility" time="0"/>
  <testcase name="testWriteHive4UsingLegacyConversionReadHive2(String)[2972]" classname="org.apache.hadoop.hive.ql.io.parquet.serde.TestParquetTimestampsHive2Compatibility" time="0"/>
  <testcase name="testWriteHive4UsingLegacyConversionReadHive2(String)[2973]" classname="org.apache.hadoop.hive.ql.io.parquet.serde.TestParquetTimestampsHive2Compatibility" time="0"/>
  <testcase name="testWriteHive4UsingLegacyConversionReadHive2(String)[2974]" classname="org.apache.hadoop.hive.ql.io.parquet.serde.TestParquetTimestampsHive2Compatibility" time="0"/>
  <testcase name="testWriteHive4UsingLegacyConversionReadHive2(String)[2975]" classname="org.apache.hadoop.hive.ql.io.parquet.serde.TestParquetTimestampsHive2Compatibility" time="0"/>
  <testcase name="testWriteHive4UsingLegacyConversionReadHive2(String)[2976]" classname="org.apache.hadoop.hive.ql.io.parquet.serde.TestParquetTimestampsHive2Compatibility" time="0"/>
  <testcase name="testWriteHive4UsingLegacyConversionReadHive2(String)[2977]" classname="org.apache.hadoop.hive.ql.io.parquet.serde.TestParquetTimestampsHive2Compatibility" time="0"/>
  <testcase name="testWriteHive4UsingLegacyConversionReadHive2(String)[2978]" classname="org.apache.hadoop.hive.ql.io.parquet.serde.TestParquetTimestampsHive2Compatibility" time="0"/>
  <testcase name="testWriteHive4UsingLegacyConversionReadHive2(String)[2979]" classname="org.apache.hadoop.hive.ql.io.parquet.serde.TestParquetTimestampsHive2Compatibility" time="0"/>
  <testcase name="testWriteHive4UsingLegacyConversionReadHive2(String)[2980]" classname="org.apache.hadoop.hive.ql.io.parquet.serde.TestParquetTimestampsHive2Compatibility" time="0"/>
  <testcase name="testWriteHive4UsingLegacyConversionReadHive2(String)[2981]" classname="org.apache.hadoop.hive.ql.io.parquet.serde.TestParquetTimestampsHive2Compatibility" time="0"/>
  <testcase name="testWriteHive4UsingLegacyConversionReadHive2(String)[2982]" classname="org.apache.hadoop.hive.ql.io.parquet.serde.TestParquetTimestampsHive2Compatibility" time="0"/>
  <testcase name="testWriteHive4UsingLegacyConversionReadHive2(String)[2983]" classname="org.apache.hadoop.hive.ql.io.parquet.serde.TestParquetTimestampsHive2Compatibility" time="0"/>
  <testcase name="testWriteHive4UsingLegacyConversionReadHive2(String)[2984]" classname="org.apache.hadoop.hive.ql.io.parquet.serde.TestParquetTimestampsHive2Compatibility" time="0"/>
  <testcase name="testWriteHive4UsingLegacyConversionReadHive2(String)[2985]" classname="org.apache.hadoop.hive.ql.io.parquet.serde.TestParquetTimestampsHive2Compatibility" time="0"/>
  <testcase name="testWriteHive4UsingLegacyConversionReadHive2(String)[2986]" classname="org.apache.hadoop.hive.ql.io.parquet.serde.TestParquetTimestampsHive2Compatibility" time="0"/>
  <testcase name="testWriteHive4UsingLegacyConversionReadHive2(String)[2987]" classname="org.apache.hadoop.hive.ql.io.parquet.serde.TestParquetTimestampsHive2Compatibility" time="0"/>
  <testcase name="testWriteHive4UsingLegacyConversionReadHive2(String)[2988]" classname="org.apache.hadoop.hive.ql.io.parquet.serde.TestParquetTimestampsHive2Compatibility" time="0.001"/>
  <testcase name="testWriteHive4UsingLegacyConversionReadHive2(String)[2989]" classname="org.apache.hadoop.hive.ql.io.parquet.serde.TestParquetTimestampsHive2Compatibility" time="0"/>
  <testcase name="testWriteHive4UsingLegacyConversionReadHive2(String)[2990]" classname="org.apache.hadoop.hive.ql.io.parquet.serde.TestParquetTimestampsHive2Compatibility" time="0"/>
  <testcase name="testWriteHive4UsingLegacyConversionReadHive2(String)[2991]" classname="org.apache.hadoop.hive.ql.io.parquet.serde.TestParquetTimestampsHive2Compatibility" time="0"/>
  <testcase name="testWriteHive4UsingLegacyConversionReadHive2(String)[2992]" classname="org.apache.hadoop.hive.ql.io.parquet.serde.TestParquetTimestampsHive2Compatibility" time="0"/>
  <testcase name="testWriteHive4UsingLegacyConversionReadHive2(String)[2993]" classname="org.apache.hadoop.hive.ql.io.parquet.serde.TestParquetTimestampsHive2Compatibility" time="0"/>
  <testcase name="testWriteHive4UsingLegacyConversionReadHive2(String)[2994]" classname="org.apache.hadoop.hive.ql.io.parquet.serde.TestParquetTimestampsHive2Compatibility" time="0.001"/>
  <testcase name="testWriteHive4UsingLegacyConversionReadHive2(String)[2995]" classname="org.apache.hadoop.hive.ql.io.parquet.serde.TestParquetTimestampsHive2Compatibility" time="0"/>
  <testcase name="testWriteHive4UsingLegacyConversionReadHive2(String)[2996]" classname="org.apache.hadoop.hive.ql.io.parquet.serde.TestParquetTimestampsHive2Compatibility" time="0"/>
  <testcase name="testWriteHive4UsingLegacyConversionReadHive2(String)[2997]" classname="org.apache.hadoop.hive.ql.io.parquet.serde.TestParquetTimestampsHive2Compatibility" time="0"/>
  <testcase name="testWriteHive4UsingLegacyConversionReadHive2(String)[2998]" classname="org.apache.hadoop.hive.ql.io.parquet.serde.TestParquetTimestampsHive2Compatibility" time="0"/>
  <testcase name="testWriteHive4UsingLegacyConversionReadHive2(String)[2999]" classname="org.apache.hadoop.hive.ql.io.parquet.serde.TestParquetTimestampsHive2Compatibility" time="0"/>
  <testcase name="testWriteHive4UsingLegacyConversionReadHive2(String)[3000]" classname="org.apache.hadoop.hive.ql.io.parquet.serde.TestParquetTimestampsHive2Compatibility" time="0.001"/>
</testsuite>