<?xml version="1.0" encoding="UTF-8"?>
<testsuite xmlns:xsi="http://www.w3.org/2001/XMLSchema-instance" xsi:noNamespaceSchemaLocation="https://maven.apache.org/surefire/maven-surefire-plugin/xsd/surefire-test-report-3.0.xsd" version="3.0" name="org.apache.hive.beeline.cli.TestHiveCli" time="18.411" tests="28" errors="1" skipped="0" failures="17">
  <properties>
    <property name="build.test.dir" value="/home/alex/Repositories/hive/beeline/target/tmp"/>
    <property name="awt.toolkit" value="sun.awt.X11.XToolkit"/>
    <property name="test.tmp.dir.uri" value="file:///home/alex/Repositories/hive/beeline/target/tmp"/>
    <property name="java.specification.version" value="1.8"/>
    <property name="qfile" value=""/>
    <property name="test.warehouse.dir" value="pfile:///home/alex/Repositories/hive/beeline/target/warehouse"/>
    <property name="sun.cpu.isalist" value=""/>
    <property name="sun.jnu.encoding" value="UTF-8"/>
    <property name="run_disabled" value=""/>
    <property name="sun.arch.data.model" value="64"/>
    <property name="java.vendor.url" value="http://java.oracle.com/"/>
    <property name="user.country.format" value="PT"/>
    <property name="test.tmp.dir" value="/home/alex/Repositories/hive/beeline/target/tmp"/>
    <property name="sun.boot.library.path" value="/usr/lib/jvm/java-8-openjdk-amd64/jre/lib/amd64"/>
    <property name="sun.java.command" value="/home/alex/Repositories/hive/beeline/target/surefire/surefirebooter4859292428788217733.jar /home/alex/Repositories/hive/beeline/target/surefire 2024-05-01T00-40-33_663-jvmRun1 surefire8154101856469394080tmp surefire_8728955514739948676958tmp"/>
    <property name="java.specification.vendor" value="Oracle Corporation"/>
    <property name="java.home" value="/usr/lib/jvm/java-8-openjdk-amd64/jre"/>
    <property name="file.separator" value="/"/>
    <property name="basedir" value="/home/alex/Repositories/hive/beeline"/>
    <property name="line.separator" value="&#10;"/>
    <property name="java.vm.specification.vendor" value="Oracle Corporation"/>
    <property name="java.specification.name" value="Java Platform API Specification"/>
    <property name="derby.stream.error.file" value="/home/alex/Repositories/hive/beeline/target/tmp/derby.log"/>
    <property name="log4j.debug" value="true"/>
    <property name="sun.boot.class.path" value="/usr/lib/jvm/java-8-openjdk-amd64/jre/lib/resources.jar:/usr/lib/jvm/java-8-openjdk-amd64/jre/lib/rt.jar:/usr/lib/jvm/java-8-openjdk-amd64/jre/lib/sunrsasign.jar:/usr/lib/jvm/java-8-openjdk-amd64/jre/lib/jsse.jar:/usr/lib/jvm/java-8-openjdk-amd64/jre/lib/jce.jar:/usr/lib/jvm/java-8-openjdk-amd64/jre/lib/charsets.jar:/usr/lib/jvm/java-8-openjdk-amd64/jre/lib/jfr.jar:/usr/lib/jvm/java-8-openjdk-amd64/jre/classes"/>
    <property name="sun.management.compiler" value="HotSpot 64-Bit Tiered Compilers"/>
    <property name="spark.home" value=""/>
    <property name="java.runtime.version" value="1.8.0_402-8u402-ga-2ubuntu1~22.04-b06"/>
    <property name="user.name" value="alex"/>
    <property name="test.src.tables" value=""/>
    <property name="file.encoding" value="UTF-8"/>
    <property name="yyy" value="5"/>
    <property name="qfile_regex" value=""/>
    <property name="hadoop.bin.path" value="/home/alex/Repositories/hive/beeline/../testutils/hadoop"/>
    <property name="localRepository" value="/home/alex/.m2/repository"/>
    <property name="build.dir" value="/home/alex/Repositories/hive/beeline/target"/>
    <property name="mapred.job.tracker" value="local"/>
    <property name="java.io.tmpdir" value="/home/alex/Repositories/hive/beeline/target/tmp"/>
    <property name="com.zaxxer.hikari.pool_number" value="3"/>
    <property name="java.version" value="1.8.0_402"/>
    <property name="hive.version" value="4.0.0-SNAPSHOT"/>
    <property name="java.vm.specification.name" value="Java Virtual Machine Specification"/>
    <property name="java.awt.printerjob" value="sun.print.PSPrinterJob"/>
    <property name="sun.os.patch.level" value="unknown"/>
    <property name="test.data.dir" value="/home/alex/Repositories/hive/beeline/../data/files"/>
    <property name="java.library.path" value="/usr/java/packages/lib/amd64:/usr/lib/x86_64-linux-gnu/jni:/lib/x86_64-linux-gnu:/usr/lib/x86_64-linux-gnu:/usr/lib/jni:/lib:/usr/lib"/>
    <property name="java.vendor" value="Private Build"/>
    <property name="java.specification.maintenance.version" value="5"/>
    <property name="sun.io.unicode.encoding" value="UnicodeLittle"/>
    <property name="xxx" value="5"/>
    <property name="initScript" value=""/>
    <property name="sun.desktop" value="gnome"/>
    <property name="calcite.enable.rexnode.digest.normalize" value="false"/>
    <property name="file.encoding.pkg" value="sun.io"/>
    <property name="log4j.configurationFile" value="file:///home/alex/Repositories/hive/beeline/target/testconf/hive-log4j2.properties"/>
    <property name="java.class.path" value="/home/alex/Repositories/hive/beeline/target/test-classes:/home/alex/Repositories/hive/beeline/target/classes:/home/alex/Repositories/hive/common/target/classes:/home/alex/Repositories/hive/classification/target/classes:/home/alex/Repositories/hive/storage-api/target/classes:/home/alex/Repositories/hive/standalone-metastore/metastore-common/target/classes:/home/alex/.m2/repository/com/github/ben-manes/caffeine/caffeine/2.8.4/caffeine-2.8.4.jar:/home/alex/.m2/repository/org/checkerframework/checker-qual/3.4.0/checker-qual-3.4.0.jar:/home/alex/.m2/repository/com/google/errorprone/error_prone_annotations/2.3.4/error_prone_annotations-2.3.4.jar:/home/alex/.m2/repository/com/google/guava/guava/19.0/guava-19.0.jar:/home/alex/.m2/repository/org/apache/commons/commons-lang3/3.9/commons-lang3-3.9.jar:/home/alex/.m2/repository/org/apache/commons/commons-math3/3.6.1/commons-math3-3.6.1.jar:/home/alex/.m2/repository/org/apache/orc/orc-core/1.6.9/orc-core-1.6.9.jar:/home/alex/.m2/repository/org/apache/orc/orc-shims/1.6.9/orc-shims-1.6.9.jar:/home/alex/.m2/repository/io/airlift/aircompressor/0.19/aircompressor-0.19.jar:/home/alex/.m2/repository/javax/xml/bind/jaxb-api/2.2.11/jaxb-api-2.2.11.jar:/home/alex/.m2/repository/org/jetbrains/annotations/17.0.0/annotations-17.0.0.jar:/home/alex/.m2/repository/org/threeten/threeten-extra/1.5.0/threeten-extra-1.5.0.jar:/home/alex/.m2/repository/javax/servlet/javax.servlet-api/3.1.0/javax.servlet-api-3.1.0.jar:/home/alex/.m2/repository/org/eclipse/jetty/jetty-http/9.3.27.v20190418/jetty-http-9.3.27.v20190418.jar:/home/alex/.m2/repository/org/eclipse/jetty/jetty-rewrite/9.3.27.v20190418/jetty-rewrite-9.3.27.v20190418.jar:/home/alex/.m2/repository/org/eclipse/jetty/jetty-client/9.3.27.v20190418/jetty-client-9.3.27.v20190418.jar:/home/alex/.m2/repository/org/eclipse/jetty/jetty-server/9.3.27.v20190418/jetty-server-9.3.27.v20190418.jar:/home/alex/.m2/repository/org/eclipse/jetty/jetty-io/9.3.27.v20190418/jetty-io-9.3.27.v20190418.jar:/home/alex/.m2/repository/org/eclipse/jetty/jetty-servlet/9.3.27.v20190418/jetty-servlet-9.3.27.v20190418.jar:/home/alex/.m2/repository/org/eclipse/jetty/jetty-security/9.3.27.v20190418/jetty-security-9.3.27.v20190418.jar:/home/alex/.m2/repository/org/eclipse/jetty/jetty-webapp/9.3.27.v20190418/jetty-webapp-9.3.27.v20190418.jar:/home/alex/.m2/repository/org/eclipse/jetty/jetty-xml/9.3.27.v20190418/jetty-xml-9.3.27.v20190418.jar:/home/alex/.m2/repository/joda-time/joda-time/2.9.9/joda-time-2.9.9.jar:/home/alex/.m2/repository/org/apache/logging/log4j/log4j-1.2-api/2.13.2/log4j-1.2-api-2.13.2.jar:/home/alex/.m2/repository/org/apache/logging/log4j/log4j-web/2.13.2/log4j-web-2.13.2.jar:/home/alex/.m2/repository/org/apache/commons/commons-compress/1.21/commons-compress-1.21.jar:/home/alex/.m2/repository/org/apache/ant/ant/1.9.1/ant-1.9.1.jar:/home/alex/.m2/repository/org/apache/ant/ant-launcher/1.9.1/ant-launcher-1.9.1.jar:/home/alex/.m2/repository/net/sf/jpam/jpam/1.1/jpam-1.1.jar:/home/alex/.m2/repository/com/tdunning/json/1.8/json-1.8.jar:/home/alex/.m2/repository/io/dropwizard/metrics/metrics-core/3.1.0/metrics-core-3.1.0.jar:/home/alex/.m2/repository/io/dropwizard/metrics/metrics-jvm/3.1.0/metrics-jvm-3.1.0.jar:/home/alex/.m2/repository/io/dropwizard/metrics/metrics-json/3.1.0/metrics-json-3.1.0.jar:/home/alex/.m2/repository/com/fasterxml/jackson/core/jackson-databind/2.12.0/jackson-databind-2.12.0.jar:/home/alex/.m2/repository/com/github/joshelser/dropwizard-metrics-hadoop-metrics2-reporter/0.1.2/dropwizard-metrics-hadoop-metrics2-reporter-0.1.2.jar:/home/alex/.m2/repository/javolution/javolution/5.5.1/javolution-5.5.1.jar:/home/alex/Repositories/hive/metastore/target/classes:/home/alex/Repositories/hive/serde/target/classes:/home/alex/.m2/repository/org/apache/arrow/arrow-vector/0.15.1/arrow-vector-0.15.1.jar:/home/alex/.m2/repository/org/apache/arrow/arrow-format/0.15.1/arrow-format-0.15.1.jar:/home/alex/.m2/repository/org/apache/arrow/arrow-memory/0.15.1/arrow-memory-0.15.1.jar:/home/alex/.m2/repository/com/google/flatbuffers/flatbuffers-java/1.9.0/flatbuffers-java-1.9.0.jar:/home/alex/.m2/repository/com/carrotsearch/hppc/0.7.2/hppc-0.7.2.jar:/home/alex/.m2/repository/com/github/davidmoten/flatbuffers-java/1.6.0.1/flatbuffers-java-1.6.0.1.jar:/home/alex/.m2/repository/org/apache/derby/derby/10.14.1.0/derby-10.14.1.0.jar:/home/alex/.m2/repository/org/antlr/antlr-runtime/3.5.2/antlr-runtime-3.5.2.jar:/home/alex/.m2/repository/org/apache/thrift/libfb303/0.9.3/libfb303-0.9.3.jar:/home/alex/Repositories/hive/shims/aggregator/target/classes:/home/alex/Repositories/hive/shims/common/target/classes:/home/alex/Repositories/hive/shims/0.23/target/classes:/home/alex/.m2/repository/org/apache/hadoop/hadoop-yarn-server-resourcemanager/3.1.0/hadoop-yarn-server-resourcemanager-3.1.0.jar:/home/alex/.m2/repository/org/eclipse/jetty/jetty-util-ajax/9.3.19.v20170502/jetty-util-ajax-9.3.19.v20170502.jar:/home/alex/.m2/repository/org/apache/hadoop/hadoop-yarn-server-common/3.1.0/hadoop-yarn-server-common-3.1.0.jar:/home/alex/.m2/repository/org/apache/geronimo/specs/geronimo-jcache_1.0_spec/1.0-alpha-1/geronimo-jcache_1.0_spec-1.0-alpha-1.jar:/home/alex/.m2/repository/org/ehcache/ehcache/3.3.1/ehcache-3.3.1.jar:/home/alex/.m2/repository/com/zaxxer/HikariCP-java7/2.4.12/HikariCP-java7-2.4.12.jar:/home/alex/.m2/repository/org/apache/hadoop/hadoop-yarn-server-applicationhistoryservice/3.1.0/hadoop-yarn-server-applicationhistoryservice-3.1.0.jar:/home/alex/.m2/repository/de/ruedigermoeller/fst/2.50/fst-2.50.jar:/home/alex/.m2/repository/com/cedarsoftware/java-util/1.9.0/java-util-1.9.0.jar:/home/alex/.m2/repository/com/cedarsoftware/json-io/2.5.1/json-io-2.5.1.jar:/home/alex/.m2/repository/org/apache/hadoop/hadoop-yarn-server-web-proxy/3.1.0/hadoop-yarn-server-web-proxy-3.1.0.jar:/home/alex/.m2/repository/org/fusesource/leveldbjni/leveldbjni-all/1.8/leveldbjni-all-1.8.jar:/home/alex/Repositories/hive/shims/scheduler/target/classes:/home/alex/Repositories/hive/jdbc/target/classes:/home/alex/Repositories/hive/llap-client/target/classes:/home/alex/Repositories/hive/llap-common/target/classes:/home/alex/.m2/repository/io/jsonwebtoken/jjwt-api/0.10.5/jjwt-api-0.10.5.jar:/home/alex/.m2/repository/io/jsonwebtoken/jjwt-impl/0.10.5/jjwt-impl-0.10.5.jar:/home/alex/.m2/repository/io/jsonwebtoken/jjwt-jackson/0.10.5/jjwt-jackson-0.10.5.jar:/home/alex/Repositories/hive/service-rpc/target/classes:/home/alex/.m2/repository/org/apache/httpcomponents/httpclient/4.5.13/httpclient-4.5.13.jar:/home/alex/.m2/repository/org/apache/httpcomponents/httpcore/4.4.13/httpcore-4.4.13.jar:/home/alex/.m2/repository/org/apache/zookeeper/zookeeper/3.5.5/zookeeper-3.5.5.jar:/home/alex/.m2/repository/org/apache/zookeeper/zookeeper-jute/3.5.5/zookeeper-jute-3.5.5.jar:/home/alex/.m2/repository/org/apache/yetus/audience-annotations/0.5.0/audience-annotations-0.5.0.jar:/home/alex/.m2/repository/org/apache/curator/curator-framework/4.2.0/curator-framework-4.2.0.jar:/home/alex/Repositories/hive/standalone-metastore/metastore-server/target/classes:/home/alex/.m2/repository/com/google/protobuf/protobuf-java/2.5.0/protobuf-java-2.5.0.jar:/home/alex/.m2/repository/com/zaxxer/HikariCP/2.6.1/HikariCP-2.6.1.jar:/home/alex/.m2/repository/org/apache/commons/commons-dbcp2/2.7.0/commons-dbcp2-2.7.0.jar:/home/alex/.m2/repository/org/apache/commons/commons-pool2/2.7.0/commons-pool2-2.7.0.jar:/home/alex/.m2/repository/commons-beanutils/commons-beanutils/1.9.4/commons-beanutils-1.9.4.jar:/home/alex/.m2/repository/org/apache/logging/log4j/log4j-core/2.13.2/log4j-core-2.13.2.jar:/home/alex/.m2/repository/org/datanucleus/datanucleus-api-jdo/5.2.4/datanucleus-api-jdo-5.2.4.jar:/home/alex/.m2/repository/org/datanucleus/datanucleus-core/5.2.4/datanucleus-core-5.2.4.jar:/home/alex/.m2/repository/org/datanucleus/datanucleus-rdbms/5.2.4/datanucleus-rdbms-5.2.4.jar:/home/alex/.m2/repository/org/datanucleus/javax.jdo/3.2.0-release/javax.jdo-3.2.0-release.jar:/home/alex/.m2/repository/javax/transaction/javax.transaction-api/1.3/javax.transaction-api-1.3.jar:/home/alex/.m2/repository/org/glassfish/corba/glassfish-corba-omgapi/4.2.2/glassfish-corba-omgapi-4.2.2.jar:/home/alex/.m2/repository/sqlline/sqlline/1.9.0/sqlline-1.9.0.jar:/home/alex/.m2/repository/org/jline/jline-terminal/3.12.1/jline-terminal-3.12.1.jar:/home/alex/.m2/repository/org/jline/jline-reader/3.12.1/jline-reader-3.12.1.jar:/home/alex/.m2/repository/org/jline/jline-terminal-jansi/3.12.1/jline-terminal-jansi-3.12.1.jar:/home/alex/.m2/repository/org/fusesource/jansi/jansi/1.18/jansi-1.18.jar:/home/alex/.m2/repository/org/jline/jline-terminal-jna/3.12.1/jline-terminal-jna-3.12.1.jar:/home/alex/.m2/repository/net/java/dev/jna/jna/5.3.1/jna-5.3.1.jar:/home/alex/.m2/repository/org/jline/jline-builtins/3.12.1/jline-builtins-3.12.1.jar:/home/alex/.m2/repository/org/jline/jline-style/3.12.1/jline-style-3.12.1.jar:/home/alex/.m2/repository/commons-logging/commons-logging/1.1.3/commons-logging-1.1.3.jar:/home/alex/.m2/repository/com/cronutils/cron-utils/9.1.3/cron-utils-9.1.3.jar:/home/alex/.m2/repository/org/glassfish/javax.el/3.0.0/javax.el-3.0.0.jar:/home/alex/.m2/repository/com/oracle/database/jdbc/ojdbc8/21.3.0.0/ojdbc8-21.3.0.0.jar:/home/alex/.m2/repository/mysql/mysql-connector-java/8.0.27/mysql-connector-java-8.0.27.jar:/home/alex/.m2/repository/com/microsoft/sqlserver/mssql-jdbc/6.2.1.jre8/mssql-jdbc-6.2.1.jre8.jar:/home/alex/.m2/repository/commons-cli/commons-cli/1.4/commons-cli-1.4.jar:/home/alex/.m2/repository/commons-io/commons-io/2.6/commons-io-2.6.jar:/home/alex/.m2/repository/com/fasterxml/jackson/core/jackson-core/2.12.0/jackson-core-2.12.0.jar:/home/alex/.m2/repository/jline/jline/2.14.6/jline-2.14.6.jar:/home/alex/.m2/repository/org/apache/hadoop/hadoop-common/3.1.0/hadoop-common-3.1.0.jar:/home/alex/.m2/repository/org/apache/hadoop/hadoop-annotations/3.1.0/hadoop-annotations-3.1.0.jar:/usr/lib/jvm/java-8-openjdk-amd64/jre/../lib/tools.jar:/home/alex/.m2/repository/commons-codec/commons-codec/1.15/commons-codec-1.15.jar:/home/alex/.m2/repository/commons-net/commons-net/3.6/commons-net-3.6.jar:/home/alex/.m2/repository/commons-collections/commons-collections/3.2.2/commons-collections-3.2.2.jar:/home/alex/.m2/repository/org/eclipse/jetty/jetty-util/9.3.27.v20190418/jetty-util-9.3.27.v20190418.jar:/home/alex/.m2/repository/javax/servlet/jsp/jsp-api/2.1/jsp-api-2.1.jar:/home/alex/.m2/repository/com/sun/jersey/jersey-core/1.19/jersey-core-1.19.jar:/home/alex/.m2/repository/javax/ws/rs/jsr311-api/1.1.1/jsr311-api-1.1.1.jar:/home/alex/.m2/repository/com/sun/jersey/jersey-servlet/1.19/jersey-servlet-1.19.jar:/home/alex/.m2/repository/com/sun/jersey/jersey-json/1.19/jersey-json-1.19.jar:/home/alex/.m2/repository/org/codehaus/jettison/jettison/1.1/jettison-1.1.jar:/home/alex/.m2/repository/com/sun/xml/bind/jaxb-impl/2.2.3-1/jaxb-impl-2.2.3-1.jar:/home/alex/.m2/repository/org/codehaus/jackson/jackson-core-asl/1.9.2/jackson-core-asl-1.9.2.jar:/home/alex/.m2/repository/org/codehaus/jackson/jackson-mapper-asl/1.9.2/jackson-mapper-asl-1.9.2.jar:/home/alex/.m2/repository/org/codehaus/jackson/jackson-jaxrs/1.9.2/jackson-jaxrs-1.9.2.jar:/home/alex/.m2/repository/org/codehaus/jackson/jackson-xc/1.9.2/jackson-xc-1.9.2.jar:/home/alex/.m2/repository/com/sun/jersey/jersey-server/1.19/jersey-server-1.19.jar:/home/alex/.m2/repository/commons-lang/commons-lang/2.6/commons-lang-2.6.jar:/home/alex/.m2/repository/org/apache/commons/commons-configuration2/2.1.1/commons-configuration2-2.1.1.jar:/home/alex/.m2/repository/org/apache/avro/avro/1.8.2/avro-1.8.2.jar:/home/alex/.m2/repository/com/thoughtworks/paranamer/paranamer/2.8/paranamer-2.8.jar:/home/alex/.m2/repository/org/xerial/snappy/snappy-java/1.1.4/snappy-java-1.1.4.jar:/home/alex/.m2/repository/org/tukaani/xz/1.5/xz-1.5.jar:/home/alex/.m2/repository/com/google/re2j/re2j/1.2/re2j-1.2.jar:/home/alex/.m2/repository/com/google/code/gson/gson/2.2.4/gson-2.2.4.jar:/home/alex/.m2/repository/org/apache/hadoop/hadoop-auth/3.1.0/hadoop-auth-3.1.0.jar:/home/alex/.m2/repository/com/nimbusds/nimbus-jose-jwt/4.41.1/nimbus-jose-jwt-4.41.1.jar:/home/alex/.m2/repository/com/github/stephenc/jcip/jcip-annotations/1.0-1/jcip-annotations-1.0-1.jar:/home/alex/.m2/repository/net/minidev/json-smart/2.3/json-smart-2.3.jar:/home/alex/.m2/repository/net/minidev/accessors-smart/1.2/accessors-smart-1.2.jar:/home/alex/.m2/repository/com/jcraft/jsch/0.1.54/jsch-0.1.54.jar:/home/alex/.m2/repository/com/google/code/findbugs/jsr305/3.0.0/jsr305-3.0.0.jar:/home/alex/.m2/repository/org/apache/htrace/htrace-core4/4.1.0-incubating/htrace-core4-4.1.0-incubating.jar:/home/alex/.m2/repository/org/apache/kerby/kerb-simplekdc/1.0.1/kerb-simplekdc-1.0.1.jar:/home/alex/.m2/repository/org/apache/kerby/kerb-client/1.0.1/kerb-client-1.0.1.jar:/home/alex/.m2/repository/org/apache/kerby/kerby-config/1.0.1/kerby-config-1.0.1.jar:/home/alex/.m2/repository/org/apache/kerby/kerb-core/1.0.1/kerb-core-1.0.1.jar:/home/alex/.m2/repository/org/apache/kerby/kerby-pkix/1.0.1/kerby-pkix-1.0.1.jar:/home/alex/.m2/repository/org/apache/kerby/kerby-asn1/1.0.1/kerby-asn1-1.0.1.jar:/home/alex/.m2/repository/org/apache/kerby/kerby-util/1.0.1/kerby-util-1.0.1.jar:/home/alex/.m2/repository/org/apache/kerby/kerb-common/1.0.1/kerb-common-1.0.1.jar:/home/alex/.m2/repository/org/apache/kerby/kerb-crypto/1.0.1/kerb-crypto-1.0.1.jar:/home/alex/.m2/repository/org/apache/kerby/kerb-util/1.0.1/kerb-util-1.0.1.jar:/home/alex/.m2/repository/org/apache/kerby/token-provider/1.0.1/token-provider-1.0.1.jar:/home/alex/.m2/repository/org/apache/kerby/kerb-admin/1.0.1/kerb-admin-1.0.1.jar:/home/alex/.m2/repository/org/apache/kerby/kerb-server/1.0.1/kerb-server-1.0.1.jar:/home/alex/.m2/repository/org/apache/kerby/kerb-identity/1.0.1/kerb-identity-1.0.1.jar:/home/alex/.m2/repository/org/apache/kerby/kerby-xdr/1.0.1/kerby-xdr-1.0.1.jar:/home/alex/.m2/repository/org/codehaus/woodstox/stax2-api/3.1.4/stax2-api-3.1.4.jar:/home/alex/.m2/repository/com/fasterxml/woodstox/woodstox-core/5.0.3/woodstox-core-5.0.3.jar:/home/alex/.m2/repository/org/apache/thrift/libthrift/0.14.1/libthrift-0.14.1.jar:/home/alex/.m2/repository/org/apache/tomcat/embed/tomcat-embed-core/8.5.46/tomcat-embed-core-8.5.46.jar:/home/alex/.m2/repository/org/apache/tomcat/tomcat-annotations-api/8.5.46/tomcat-annotations-api-8.5.46.jar:/home/alex/.m2/repository/javax/annotation/javax.annotation-api/1.3.2/javax.annotation-api-1.3.2.jar:/home/alex/.m2/repository/net/sf/supercsv/super-csv/2.2.0/super-csv-2.2.0.jar:/home/alex/.m2/repository/org/apache/logging/log4j/log4j-slf4j-impl/2.13.2/log4j-slf4j-impl-2.13.2.jar:/home/alex/.m2/repository/org/apache/logging/log4j/log4j-api/2.13.2/log4j-api-2.13.2.jar:/home/alex/Repositories/hive/ql/target/test-classes:/home/alex/.m2/repository/org/apache/atlas/atlas-client-v2/2.1.0/atlas-client-v2-2.1.0.jar:/home/alex/.m2/repository/cglib/cglib/2.2.2/cglib-2.2.2.jar:/home/alex/.m2/repository/asm/asm/3.3.1/asm-3.3.1.jar:/home/alex/.m2/repository/org/apache/atlas/atlas-client-common/2.1.0/atlas-client-common-2.1.0.jar:/home/alex/.m2/repository/com/sun/jersey/jersey-client/1.19/jersey-client-1.19.jar:/home/alex/.m2/repository/org/apache/atlas/atlas-intg/2.1.0/atlas-intg-2.1.0.jar:/home/alex/.m2/repository/commons-validator/commons-validator/1.6/commons-validator-1.6.jar:/home/alex/.m2/repository/commons-digester/commons-digester/1.8.1/commons-digester-1.8.1.jar:/home/alex/.m2/repository/com/fasterxml/jackson/jaxrs/jackson-jaxrs-base/2.12.0/jackson-jaxrs-base-2.12.0.jar:/home/alex/.m2/repository/com/fasterxml/jackson/jaxrs/jackson-jaxrs-json-provider/2.12.0/jackson-jaxrs-json-provider-2.12.0.jar:/home/alex/.m2/repository/javax/inject/javax.inject/1/javax.inject-1.jar:/home/alex/.m2/repository/org/springframework/spring-context/4.3.20.RELEASE/spring-context-4.3.20.RELEASE.jar:/home/alex/.m2/repository/org/springframework/spring-aop/4.3.20.RELEASE/spring-aop-4.3.20.RELEASE.jar:/home/alex/.m2/repository/org/springframework/spring-beans/4.3.20.RELEASE/spring-beans-4.3.20.RELEASE.jar:/home/alex/.m2/repository/org/springframework/spring-core/4.3.20.RELEASE/spring-core-4.3.20.RELEASE.jar:/home/alex/.m2/repository/org/springframework/spring-expression/4.3.20.RELEASE/spring-expression-4.3.20.RELEASE.jar:/home/alex/.m2/repository/commons-configuration/commons-configuration/1.10/commons-configuration-1.10.jar:/home/alex/Repositories/hive/vector-code-gen/target/classes:/home/alex/.m2/repository/org/apache/velocity/velocity/1.5/velocity-1.5.jar:/home/alex/.m2/repository/oro/oro/2.0.8/oro-2.0.8.jar:/home/alex/Repositories/hive/parser/target/classes:/home/alex/Repositories/hive/udf/target/classes:/home/alex/Repositories/hive/llap-tez/target/classes:/home/alex/Repositories/hive/spark-client/target/classes:/home/alex/.m2/repository/io/netty/netty-all/4.1.65.Final/netty-all-4.1.65.Final.jar:/home/alex/.m2/repository/com/fasterxml/jackson/module/jackson-module-scala_2.12/2.12.0/jackson-module-scala_2.12-2.12.0.jar:/home/alex/.m2/repository/org/scala-lang/scala-library/2.12.10/scala-library-2.12.10.jar:/home/alex/.m2/repository/org/apache/spark/spark-core_2.12/2.4.5/spark-core_2.12-2.4.5.jar:/home/alex/.m2/repository/com/twitter/chill_2.12/0.9.3/chill_2.12-0.9.3.jar:/home/alex/.m2/repository/com/twitter/chill-java/0.9.3/chill-java-0.9.3.jar:/home/alex/.m2/repository/org/apache/xbean/xbean-asm6-shaded/4.8/xbean-asm6-shaded-4.8.jar:/home/alex/.m2/repository/org/apache/hadoop/hadoop-client/3.1.0/hadoop-client-3.1.0.jar:/home/alex/.m2/repository/org/apache/hadoop/hadoop-mapreduce-client-jobclient/3.1.0/hadoop-mapreduce-client-jobclient-3.1.0.jar:/home/alex/.m2/repository/org/apache/hadoop/hadoop-mapreduce-client-common/3.1.0/hadoop-mapreduce-client-common-3.1.0.jar:/home/alex/.m2/repository/org/apache/spark/spark-launcher_2.12/2.4.5/spark-launcher_2.12-2.4.5.jar:/home/alex/.m2/repository/org/apache/spark/spark-kvstore_2.12/2.4.5/spark-kvstore_2.12-2.4.5.jar:/home/alex/.m2/repository/org/apache/spark/spark-network-common_2.12/2.4.5/spark-network-common_2.12-2.4.5.jar:/home/alex/.m2/repository/org/apache/spark/spark-network-shuffle_2.12/2.4.5/spark-network-shuffle_2.12-2.4.5.jar:/home/alex/.m2/repository/org/apache/spark/spark-unsafe_2.12/2.4.5/spark-unsafe_2.12-2.4.5.jar:/home/alex/.m2/repository/javax/activation/activation/1.1.1/activation-1.1.1.jar:/home/alex/.m2/repository/org/slf4j/jul-to-slf4j/1.7.16/jul-to-slf4j-1.7.16.jar:/home/alex/.m2/repository/org/slf4j/jcl-over-slf4j/1.7.16/jcl-over-slf4j-1.7.16.jar:/home/alex/.m2/repository/com/ning/compress-lzf/1.0.3/compress-lzf-1.0.3.jar:/home/alex/.m2/repository/org/roaringbitmap/RoaringBitmap/0.7.45/RoaringBitmap-0.7.45.jar:/home/alex/.m2/repository/org/roaringbitmap/shims/0.7.45/shims-0.7.45.jar:/home/alex/.m2/repository/org/json4s/json4s-jackson_2.12/3.5.3/json4s-jackson_2.12-3.5.3.jar:/home/alex/.m2/repository/org/json4s/json4s-core_2.12/3.5.3/json4s-core_2.12-3.5.3.jar:/home/alex/.m2/repository/org/json4s/json4s-ast_2.12/3.5.3/json4s-ast_2.12-3.5.3.jar:/home/alex/.m2/repository/org/json4s/json4s-scalap_2.12/3.5.3/json4s-scalap_2.12-3.5.3.jar:/home/alex/.m2/repository/org/scala-lang/modules/scala-xml_2.12/1.0.6/scala-xml_2.12-1.0.6.jar:/home/alex/.m2/repository/com/clearspring/analytics/stream/2.7.0/stream-2.7.0.jar:/home/alex/.m2/repository/io/dropwizard/metrics/metrics-graphite/3.1.5/metrics-graphite-3.1.5.jar:/home/alex/.m2/repository/net/razorvine/pyrolite/4.13/pyrolite-4.13.jar:/home/alex/.m2/repository/net/sf/py4j/py4j/0.10.7/py4j-0.10.7.jar:/home/alex/.m2/repository/org/apache/spark/spark-tags_2.12/2.4.5/spark-tags_2.12-2.4.5.jar:/home/alex/.m2/repository/org/apache/commons/commons-crypto/1.0.0/commons-crypto-1.0.0.jar:/home/alex/.m2/repository/org/spark-project/spark/unused/1.0.0/unused-1.0.0.jar:/home/alex/.m2/repository/org/apache/spark/spark-yarn_2.12/2.4.5/spark-yarn_2.12-2.4.5.jar:/home/alex/.m2/repository/com/amazonaws/secretsmanager/aws-secretsmanager-caching-java/1.0.1/aws-secretsmanager-caching-java-1.0.1.jar:/home/alex/.m2/repository/com/esotericsoftware/kryo/5.0.3/kryo-5.0.3.jar:/home/alex/.m2/repository/com/esotericsoftware/minlog/1.3.1/minlog-1.3.1.jar:/home/alex/.m2/repository/com/esotericsoftware/reflectasm/1.11.9/reflectasm-1.11.9.jar:/home/alex/.m2/repository/org/apache/parquet/parquet-hadoop-bundle/1.11.1/parquet-hadoop-bundle-1.11.1.jar:/home/alex/.m2/repository/org/apache/commons/commons-collections4/4.1/commons-collections4-4.1.jar:/home/alex/.m2/repository/org/apache/commons/commons-text/1.8/commons-text-1.8.jar:/home/alex/.m2/repository/org/antlr/ST4/4.0.4/ST4-4.0.4.jar:/home/alex/.m2/repository/org/apache/avro/avro-mapred/1.8.2/avro-mapred-1.8.2-hadoop2.jar:/home/alex/.m2/repository/org/apache/avro/avro-ipc/1.8.2/avro-ipc-1.8.2.jar:/home/alex/.m2/repository/org/mortbay/jetty/jetty/6.1.26/jetty-6.1.26.jar:/home/alex/.m2/repository/org/apache/hadoop/hadoop-yarn-registry/3.1.0/hadoop-yarn-registry-3.1.0.jar:/home/alex/.m2/repository/org/apache/hadoop/hadoop-yarn-api/3.1.0/hadoop-yarn-api-3.1.0.jar:/home/alex/.m2/repository/commons-daemon/commons-daemon/1.0.13/commons-daemon-1.0.13.jar:/home/alex/.m2/repository/dnsjava/dnsjava/2.1.7/dnsjava-2.1.7.jar:/home/alex/.m2/repository/org/apache/orc/orc-tools/1.6.9/orc-tools-1.6.9.jar:/home/alex/.m2/repository/com/opencsv/opencsv/3.9/opencsv-3.9.jar:/home/alex/.m2/repository/org/apache/hadoop/hadoop-hdfs/3.1.0/hadoop-hdfs-3.1.0.jar:/home/alex/.m2/repository/org/threeten/threetenbp/1.3.5/threetenbp-1.3.5.jar:/home/alex/.m2/repository/org/apache/ivy/ivy/2.4.0/ivy-2.4.0.jar:/home/alex/.m2/repository/org/apache/datasketches/datasketches-hive/1.1.0-incubating/datasketches-hive-1.1.0-incubating.jar:/home/alex/.m2/repository/org/apache/datasketches/datasketches-java/1.3.0-incubating/datasketches-java-1.3.0-incubating.jar:/home/alex/.m2/repository/org/apache/datasketches/datasketches-memory/1.2.0-incubating/datasketches-memory-1.2.0-incubating.jar:/home/alex/.m2/repository/org/slf4j/slf4j-simple/1.7.27/slf4j-simple-1.7.27.jar:/home/alex/.m2/repository/org/codehaus/groovy/groovy-all/2.4.11/groovy-all-2.4.11.jar:/home/alex/.m2/repository/org/jodd/jodd-util/6.0.0/jodd-util-6.0.0.jar:/home/alex/.m2/repository/com/fasterxml/jackson/core/jackson-annotations/2.12.0/jackson-annotations-2.12.0.jar:/home/alex/.m2/repository/com/fasterxml/jackson/dataformat/jackson-dataformat-yaml/2.12.0/jackson-dataformat-yaml-2.12.0.jar:/home/alex/.m2/repository/org/yaml/snakeyaml/1.27/snakeyaml-1.27.jar:/home/alex/.m2/repository/org/apache/calcite/calcite-core/1.25.0/calcite-core-1.25.0.jar:/home/alex/.m2/repository/org/apache/calcite/calcite-linq4j/1.25.0/calcite-linq4j-1.25.0.jar:/home/alex/.m2/repository/com/esri/geometry/esri-geometry-api/2.2.0/esri-geometry-api-2.2.0.jar:/home/alex/.m2/repository/com/yahoo/datasketches/sketches-core/0.9.0/sketches-core-0.9.0.jar:/home/alex/.m2/repository/com/yahoo/datasketches/memory/0.9.0/memory-0.9.0.jar:/home/alex/.m2/repository/org/apache/calcite/calcite-druid/1.25.0/calcite-druid-1.25.0.jar:/home/alex/.m2/repository/org/apache/calcite/avatica/avatica/1.12.0/avatica-1.12.0.jar:/home/alex/.m2/repository/com/googlecode/javaewah/JavaEWAH/0.3.2/JavaEWAH-0.3.2.jar:/home/alex/.m2/repository/stax/stax-api/1.0.1/stax-api-1.0.1.jar:/home/alex/.m2/repository/net/sf/opencsv/opencsv/2.3/opencsv-2.3.jar:/home/alex/.m2/repository/org/reflections/reflections/0.9.10/reflections-0.9.10.jar:/home/alex/.m2/repository/org/javassist/javassist/3.19.0-GA/javassist-3.19.0-GA.jar:/home/alex/.m2/repository/com/jayway/jsonpath/json-path/2.4.0/json-path-2.4.0.jar:/home/alex/.m2/repository/org/codehaus/janino/commons-compiler/3.0.11/commons-compiler-3.0.11.jar:/home/alex/.m2/repository/org/codehaus/janino/janino/3.0.11/janino-3.0.11.jar:/home/alex/.m2/repository/com/sun/jersey/contribs/jersey-multipart/1.19/jersey-multipart-1.19.jar:/home/alex/.m2/repository/org/jvnet/mimepull/mimepull/1.9.3/mimepull-1.9.3.jar:/home/alex/.m2/repository/org/apache/kafka/kafka-clients/2.5.0/kafka-clients-2.5.0.jar:/home/alex/.m2/repository/com/github/luben/zstd-jni/1.4.4-7/zstd-jni-1.4.4-7.jar:/home/alex/.m2/repository/org/lz4/lz4-java/1.7.1/lz4-java-1.7.1.jar:/home/alex/Repositories/hive/service/target/classes:/home/alex/Repositories/hive/ql/target/classes:/home/alex/Repositories/hive/llap-server/target/classes:/home/alex/.m2/repository/com/lmax/disruptor/3.3.7/disruptor-3.3.7.jar:/home/alex/Repositories/hive/llap-common/target/test-classes:/home/alex/Repositories/hive/hplsql/target/classes:/home/alex/.m2/repository/org/antlr/antlr4-runtime/4.5/antlr4-runtime-4.5.jar:/home/alex/.m2/repository/org/abego/treelayout/org.abego.treelayout.core/1.0.1/org.abego.treelayout.core-1.0.1.jar:/home/alex/.m2/repository/javax/servlet/jsp/javax.servlet.jsp-api/2.3.1/javax.servlet.jsp-api-2.3.1.jar:/home/alex/.m2/repository/org/eclipse/jetty/jetty-runner/9.3.27.v20190418/jetty-runner-9.3.27.v20190418.jar:/home/alex/.m2/repository/org/eclipse/jetty/jetty-plus/9.3.27.v20190418/jetty-plus-9.3.27.v20190418.jar:/home/alex/.m2/repository/org/eclipse/jetty/jetty-annotations/9.3.27.v20190418/jetty-annotations-9.3.27.v20190418.jar:/home/alex/.m2/repository/org/ow2/asm/asm/6.0/asm-6.0.jar:/home/alex/.m2/repository/org/ow2/asm/asm-commons/6.0/asm-commons-6.0.jar:/home/alex/.m2/repository/org/ow2/asm/asm-tree/6.0/asm-tree-6.0.jar:/home/alex/.m2/repository/org/eclipse/jetty/jetty-jaas/9.3.27.v20190418/jetty-jaas-9.3.27.v20190418.jar:/home/alex/.m2/repository/org/eclipse/jetty/websocket/websocket-server/9.3.27.v20190418/websocket-server-9.3.27.v20190418.jar:/home/alex/.m2/repository/org/eclipse/jetty/websocket/websocket-common/9.3.27.v20190418/websocket-common-9.3.27.v20190418.jar:/home/alex/.m2/repository/org/eclipse/jetty/websocket/websocket-api/9.3.27.v20190418/websocket-api-9.3.27.v20190418.jar:/home/alex/.m2/repository/org/eclipse/jetty/websocket/websocket-client/9.3.27.v20190418/websocket-client-9.3.27.v20190418.jar:/home/alex/.m2/repository/org/eclipse/jetty/websocket/websocket-servlet/9.3.27.v20190418/websocket-servlet-9.3.27.v20190418.jar:/home/alex/.m2/repository/org/eclipse/jetty/jetty-jndi/9.3.27.v20190418/jetty-jndi-9.3.27.v20190418.jar:/home/alex/.m2/repository/org/eclipse/jetty/apache-jsp/9.3.27.v20190418/apache-jsp-9.3.27.v20190418.jar:/home/alex/.m2/repository/org/eclipse/jetty/toolchain/jetty-schemas/3.1/jetty-schemas-3.1.jar:/home/alex/.m2/repository/org/eclipse/jdt/core/compiler/ecj/4.4.2/ecj-4.4.2.jar:/home/alex/.m2/repository/org/eclipse/jetty/apache-jstl/9.3.27.v20190418/apache-jstl-9.3.27.v20190418.jar:/home/alex/.m2/repository/org/apache/taglibs/taglibs-standard-spec/1.2.5/taglibs-standard-spec-1.2.5.jar:/home/alex/.m2/repository/org/apache/taglibs/taglibs-standard-impl/1.2.5/taglibs-standard-impl-1.2.5.jar:/home/alex/.m2/repository/org/apache/curator/curator-client/4.2.0/curator-client-4.2.0.jar:/home/alex/.m2/repository/org/apache/curator/curator-recipes/4.2.0/curator-recipes-4.2.0.jar:/home/alex/.m2/repository/org/pac4j/pac4j-saml-opensamlv3/4.0.3/pac4j-saml-opensamlv3-4.0.3.jar:/home/alex/.m2/repository/org/pac4j/pac4j-core/4.0.3/pac4j-core-4.0.3.jar:/home/alex/.m2/repository/org/opensaml/opensaml-core/3.4.5/opensaml-core-3.4.5.jar:/home/alex/.m2/repository/net/shibboleth/utilities/java-support/7.5.1/java-support-7.5.1.jar:/home/alex/.m2/repository/org/opensaml/opensaml-saml-api/3.4.5/opensaml-saml-api-3.4.5.jar:/home/alex/.m2/repository/org/opensaml/opensaml-storage-api/3.4.5/opensaml-storage-api-3.4.5.jar:/home/alex/.m2/repository/org/opensaml/opensaml-saml-impl/3.4.5/opensaml-saml-impl-3.4.5.jar:/home/alex/.m2/repository/org/opensaml/opensaml-soap-impl/3.4.5/opensaml-soap-impl-3.4.5.jar:/home/alex/.m2/repository/org/opensaml/opensaml-soap-api/3.4.5/opensaml-soap-api-3.4.5.jar:/home/alex/.m2/repository/org/opensaml/opensaml-xmlsec-api/3.4.5/opensaml-xmlsec-api-3.4.5.jar:/home/alex/.m2/repository/org/opensaml/opensaml-security-api/3.4.5/opensaml-security-api-3.4.5.jar:/home/alex/.m2/repository/org/opensaml/opensaml-security-impl/3.4.5/opensaml-security-impl-3.4.5.jar:/home/alex/.m2/repository/org/opensaml/opensaml-profile-api/3.4.5/opensaml-profile-api-3.4.5.jar:/home/alex/.m2/repository/org/opensaml/opensaml-profile-impl/3.4.5/opensaml-profile-impl-3.4.5.jar:/home/alex/.m2/repository/org/opensaml/opensaml-messaging-api/3.4.5/opensaml-messaging-api-3.4.5.jar:/home/alex/.m2/repository/org/opensaml/opensaml-messaging-impl/3.4.5/opensaml-messaging-impl-3.4.5.jar:/home/alex/.m2/repository/org/opensaml/opensaml-storage-impl/3.4.5/opensaml-storage-impl-3.4.5.jar:/home/alex/.m2/repository/org/ldaptive/ldaptive/1.0.13/ldaptive-1.0.13.jar:/home/alex/.m2/repository/javax/json/javax.json-api/1.0/javax.json-api-1.0.jar:/home/alex/.m2/repository/net/spy/spymemcached/2.12.3/spymemcached-2.12.3.jar:/home/alex/.m2/repository/org/glassfish/javax.json/1.0.4/javax.json-1.0.4.jar:/home/alex/.m2/repository/org/opensaml/opensaml-xmlsec-impl/3.4.5/opensaml-xmlsec-impl-3.4.5.jar:/home/alex/.m2/repository/org/cryptacular/cryptacular/1.2.4/cryptacular-1.2.4.jar:/home/alex/.m2/repository/net/shibboleth/tool/xmlsectool/2.0.0/xmlsectool-2.0.0.jar:/home/alex/.m2/repository/com/beust/jcommander/1.48/jcommander-1.48.jar:/home/alex/.m2/repository/org/bouncycastle/bcprov-jdk15on/1.64/bcprov-jdk15on-1.64.jar:/home/alex/.m2/repository/org/apache/santuario/xmlsec/2.2.1/xmlsec-2.2.1.jar:/home/alex/.m2/repository/org/jamon/jamon-runtime/2.3.1/jamon-runtime-2.3.1.jar:/home/alex/.m2/repository/org/apache/hadoop/hadoop-mapreduce-client-core/3.1.0/hadoop-mapreduce-client-core-3.1.0.jar:/home/alex/.m2/repository/org/apache/hadoop/hadoop-yarn-client/3.1.0/hadoop-yarn-client-3.1.0.jar:/home/alex/.m2/repository/org/apache/hadoop/hadoop-yarn-common/3.1.0/hadoop-yarn-common-3.1.0.jar:/home/alex/.m2/repository/com/google/inject/guice/4.0/guice-4.0.jar:/home/alex/.m2/repository/aopalliance/aopalliance/1.0/aopalliance-1.0.jar:/home/alex/.m2/repository/com/sun/jersey/contribs/jersey-guice/1.19/jersey-guice-1.19.jar:/home/alex/.m2/repository/com/fasterxml/jackson/module/jackson-module-jaxb-annotations/2.12.0/jackson-module-jaxb-annotations-2.12.0.jar:/home/alex/.m2/repository/jakarta/xml/bind/jakarta.xml.bind-api/2.3.2/jakarta.xml.bind-api-2.3.2.jar:/home/alex/.m2/repository/jakarta/activation/jakarta.activation-api/1.2.1/jakarta.activation-api-1.2.1.jar:/home/alex/.m2/repository/org/apache/hadoop/hadoop-hdfs-client/3.1.0/hadoop-hdfs-client-3.1.0.jar:/home/alex/.m2/repository/com/squareup/okhttp/okhttp/2.7.5/okhttp-2.7.5.jar:/home/alex/.m2/repository/com/squareup/okio/okio/1.6.0/okio-1.6.0.jar:/home/alex/.m2/repository/com/google/inject/extensions/guice-servlet/4.0/guice-servlet-4.0.jar:/home/alex/.m2/repository/junit/junit/4.13/junit-4.13.jar:/home/alex/.m2/repository/org/hamcrest/hamcrest-core/1.3/hamcrest-core-1.3.jar:/home/alex/.m2/repository/org/junit/jupiter/junit-jupiter-engine/5.6.2/junit-jupiter-engine-5.6.2.jar:/home/alex/.m2/repository/org/apiguardian/apiguardian-api/1.1.0/apiguardian-api-1.1.0.jar:/home/alex/.m2/repository/org/junit/platform/junit-platform-engine/1.6.2/junit-platform-engine-1.6.2.jar:/home/alex/.m2/repository/org/opentest4j/opentest4j/1.2.0/opentest4j-1.2.0.jar:/home/alex/.m2/repository/org/junit/platform/junit-platform-commons/1.6.2/junit-platform-commons-1.6.2.jar:/home/alex/.m2/repository/org/junit/jupiter/junit-jupiter-api/5.6.2/junit-jupiter-api-5.6.2.jar:/home/alex/.m2/repository/org/junit/vintage/junit-vintage-engine/5.6.2/junit-vintage-engine-5.6.2.jar:/home/alex/.m2/repository/org/powermock/powermock-module-junit4/2.0.2/powermock-module-junit4-2.0.2.jar:/home/alex/.m2/repository/org/powermock/powermock-module-junit4-common/2.0.2/powermock-module-junit4-common-2.0.2.jar:/home/alex/.m2/repository/org/powermock/powermock-reflect/2.0.2/powermock-reflect-2.0.2.jar:/home/alex/.m2/repository/org/powermock/powermock-core/2.0.2/powermock-core-2.0.2.jar:/home/alex/.m2/repository/org/powermock/powermock-api-mockito2/2.0.2/powermock-api-mockito2-2.0.2.jar:/home/alex/.m2/repository/org/powermock/powermock-api-support/2.0.2/powermock-api-support-2.0.2.jar:/home/alex/.m2/repository/org/postgresql/postgresql/42.2.14/postgresql-42.2.14.jar:/home/alex/.m2/repository/org/slf4j/slf4j-api/1.7.30/slf4j-api-1.7.30.jar:/home/alex/.m2/repository/org/mockito/mockito-core/3.4.4/mockito-core-3.4.4.jar:/home/alex/.m2/repository/net/bytebuddy/byte-buddy/1.10.13/byte-buddy-1.10.13.jar:/home/alex/.m2/repository/net/bytebuddy/byte-buddy-agent/1.10.13/byte-buddy-agent-1.10.13.jar:/home/alex/.m2/repository/org/objenesis/objenesis/2.6/objenesis-2.6.jar:/home/alex/Repositories/hive/beeline/target/testconf:/home/alex/Repositories/hive/beeline/../conf:"/>
    <property name="java.vm.vendor" value="Private Build"/>
    <property name="hadoop.version" value="3.1.0"/>
    <property name="user.timezone" value="US/Pacific"/>
    <property name="test.local.warehouse.dir" value="pfile:///home/alex/Repositories/hive/beeline/target/localfs/warehouse"/>
    <property name="os.name" value="Linux"/>
    <property name="java.vm.specification.version" value="1.8"/>
    <property name="test.build.data" value="/home/alex/Repositories/hive/beeline/target/tmp"/>
    <property name="clustermode" value=""/>
    <property name="sun.java.launcher" value="SUN_STANDARD"/>
    <property name="user.country" value="US"/>
    <property name="test.data.files" value="/home/alex/Repositories/hive/beeline/../data/files"/>
    <property name="surefire.test.class.path" value="/home/alex/Repositories/hive/beeline/target/test-classes:/home/alex/Repositories/hive/beeline/target/classes:/home/alex/Repositories/hive/common/target/classes:/home/alex/Repositories/hive/classification/target/classes:/home/alex/Repositories/hive/storage-api/target/classes:/home/alex/Repositories/hive/standalone-metastore/metastore-common/target/classes:/home/alex/.m2/repository/com/github/ben-manes/caffeine/caffeine/2.8.4/caffeine-2.8.4.jar:/home/alex/.m2/repository/org/checkerframework/checker-qual/3.4.0/checker-qual-3.4.0.jar:/home/alex/.m2/repository/com/google/errorprone/error_prone_annotations/2.3.4/error_prone_annotations-2.3.4.jar:/home/alex/.m2/repository/com/google/guava/guava/19.0/guava-19.0.jar:/home/alex/.m2/repository/org/apache/commons/commons-lang3/3.9/commons-lang3-3.9.jar:/home/alex/.m2/repository/org/apache/commons/commons-math3/3.6.1/commons-math3-3.6.1.jar:/home/alex/.m2/repository/org/apache/orc/orc-core/1.6.9/orc-core-1.6.9.jar:/home/alex/.m2/repository/org/apache/orc/orc-shims/1.6.9/orc-shims-1.6.9.jar:/home/alex/.m2/repository/io/airlift/aircompressor/0.19/aircompressor-0.19.jar:/home/alex/.m2/repository/javax/xml/bind/jaxb-api/2.2.11/jaxb-api-2.2.11.jar:/home/alex/.m2/repository/org/jetbrains/annotations/17.0.0/annotations-17.0.0.jar:/home/alex/.m2/repository/org/threeten/threeten-extra/1.5.0/threeten-extra-1.5.0.jar:/home/alex/.m2/repository/javax/servlet/javax.servlet-api/3.1.0/javax.servlet-api-3.1.0.jar:/home/alex/.m2/repository/org/eclipse/jetty/jetty-http/9.3.27.v20190418/jetty-http-9.3.27.v20190418.jar:/home/alex/.m2/repository/org/eclipse/jetty/jetty-rewrite/9.3.27.v20190418/jetty-rewrite-9.3.27.v20190418.jar:/home/alex/.m2/repository/org/eclipse/jetty/jetty-client/9.3.27.v20190418/jetty-client-9.3.27.v20190418.jar:/home/alex/.m2/repository/org/eclipse/jetty/jetty-server/9.3.27.v20190418/jetty-server-9.3.27.v20190418.jar:/home/alex/.m2/repository/org/eclipse/jetty/jetty-io/9.3.27.v20190418/jetty-io-9.3.27.v20190418.jar:/home/alex/.m2/repository/org/eclipse/jetty/jetty-servlet/9.3.27.v20190418/jetty-servlet-9.3.27.v20190418.jar:/home/alex/.m2/repository/org/eclipse/jetty/jetty-security/9.3.27.v20190418/jetty-security-9.3.27.v20190418.jar:/home/alex/.m2/repository/org/eclipse/jetty/jetty-webapp/9.3.27.v20190418/jetty-webapp-9.3.27.v20190418.jar:/home/alex/.m2/repository/org/eclipse/jetty/jetty-xml/9.3.27.v20190418/jetty-xml-9.3.27.v20190418.jar:/home/alex/.m2/repository/joda-time/joda-time/2.9.9/joda-time-2.9.9.jar:/home/alex/.m2/repository/org/apache/logging/log4j/log4j-1.2-api/2.13.2/log4j-1.2-api-2.13.2.jar:/home/alex/.m2/repository/org/apache/logging/log4j/log4j-web/2.13.2/log4j-web-2.13.2.jar:/home/alex/.m2/repository/org/apache/commons/commons-compress/1.21/commons-compress-1.21.jar:/home/alex/.m2/repository/org/apache/ant/ant/1.9.1/ant-1.9.1.jar:/home/alex/.m2/repository/org/apache/ant/ant-launcher/1.9.1/ant-launcher-1.9.1.jar:/home/alex/.m2/repository/net/sf/jpam/jpam/1.1/jpam-1.1.jar:/home/alex/.m2/repository/com/tdunning/json/1.8/json-1.8.jar:/home/alex/.m2/repository/io/dropwizard/metrics/metrics-core/3.1.0/metrics-core-3.1.0.jar:/home/alex/.m2/repository/io/dropwizard/metrics/metrics-jvm/3.1.0/metrics-jvm-3.1.0.jar:/home/alex/.m2/repository/io/dropwizard/metrics/metrics-json/3.1.0/metrics-json-3.1.0.jar:/home/alex/.m2/repository/com/fasterxml/jackson/core/jackson-databind/2.12.0/jackson-databind-2.12.0.jar:/home/alex/.m2/repository/com/github/joshelser/dropwizard-metrics-hadoop-metrics2-reporter/0.1.2/dropwizard-metrics-hadoop-metrics2-reporter-0.1.2.jar:/home/alex/.m2/repository/javolution/javolution/5.5.1/javolution-5.5.1.jar:/home/alex/Repositories/hive/metastore/target/classes:/home/alex/Repositories/hive/serde/target/classes:/home/alex/.m2/repository/org/apache/arrow/arrow-vector/0.15.1/arrow-vector-0.15.1.jar:/home/alex/.m2/repository/org/apache/arrow/arrow-format/0.15.1/arrow-format-0.15.1.jar:/home/alex/.m2/repository/org/apache/arrow/arrow-memory/0.15.1/arrow-memory-0.15.1.jar:/home/alex/.m2/repository/com/google/flatbuffers/flatbuffers-java/1.9.0/flatbuffers-java-1.9.0.jar:/home/alex/.m2/repository/com/carrotsearch/hppc/0.7.2/hppc-0.7.2.jar:/home/alex/.m2/repository/com/github/davidmoten/flatbuffers-java/1.6.0.1/flatbuffers-java-1.6.0.1.jar:/home/alex/.m2/repository/org/apache/derby/derby/10.14.1.0/derby-10.14.1.0.jar:/home/alex/.m2/repository/org/antlr/antlr-runtime/3.5.2/antlr-runtime-3.5.2.jar:/home/alex/.m2/repository/org/apache/thrift/libfb303/0.9.3/libfb303-0.9.3.jar:/home/alex/Repositories/hive/shims/aggregator/target/classes:/home/alex/Repositories/hive/shims/common/target/classes:/home/alex/Repositories/hive/shims/0.23/target/classes:/home/alex/.m2/repository/org/apache/hadoop/hadoop-yarn-server-resourcemanager/3.1.0/hadoop-yarn-server-resourcemanager-3.1.0.jar:/home/alex/.m2/repository/org/eclipse/jetty/jetty-util-ajax/9.3.19.v20170502/jetty-util-ajax-9.3.19.v20170502.jar:/home/alex/.m2/repository/org/apache/hadoop/hadoop-yarn-server-common/3.1.0/hadoop-yarn-server-common-3.1.0.jar:/home/alex/.m2/repository/org/apache/geronimo/specs/geronimo-jcache_1.0_spec/1.0-alpha-1/geronimo-jcache_1.0_spec-1.0-alpha-1.jar:/home/alex/.m2/repository/org/ehcache/ehcache/3.3.1/ehcache-3.3.1.jar:/home/alex/.m2/repository/com/zaxxer/HikariCP-java7/2.4.12/HikariCP-java7-2.4.12.jar:/home/alex/.m2/repository/org/apache/hadoop/hadoop-yarn-server-applicationhistoryservice/3.1.0/hadoop-yarn-server-applicationhistoryservice-3.1.0.jar:/home/alex/.m2/repository/de/ruedigermoeller/fst/2.50/fst-2.50.jar:/home/alex/.m2/repository/com/cedarsoftware/java-util/1.9.0/java-util-1.9.0.jar:/home/alex/.m2/repository/com/cedarsoftware/json-io/2.5.1/json-io-2.5.1.jar:/home/alex/.m2/repository/org/apache/hadoop/hadoop-yarn-server-web-proxy/3.1.0/hadoop-yarn-server-web-proxy-3.1.0.jar:/home/alex/.m2/repository/org/fusesource/leveldbjni/leveldbjni-all/1.8/leveldbjni-all-1.8.jar:/home/alex/Repositories/hive/shims/scheduler/target/classes:/home/alex/Repositories/hive/jdbc/target/classes:/home/alex/Repositories/hive/llap-client/target/classes:/home/alex/Repositories/hive/llap-common/target/classes:/home/alex/.m2/repository/io/jsonwebtoken/jjwt-api/0.10.5/jjwt-api-0.10.5.jar:/home/alex/.m2/repository/io/jsonwebtoken/jjwt-impl/0.10.5/jjwt-impl-0.10.5.jar:/home/alex/.m2/repository/io/jsonwebtoken/jjwt-jackson/0.10.5/jjwt-jackson-0.10.5.jar:/home/alex/Repositories/hive/service-rpc/target/classes:/home/alex/.m2/repository/org/apache/httpcomponents/httpclient/4.5.13/httpclient-4.5.13.jar:/home/alex/.m2/repository/org/apache/httpcomponents/httpcore/4.4.13/httpcore-4.4.13.jar:/home/alex/.m2/repository/org/apache/zookeeper/zookeeper/3.5.5/zookeeper-3.5.5.jar:/home/alex/.m2/repository/org/apache/zookeeper/zookeeper-jute/3.5.5/zookeeper-jute-3.5.5.jar:/home/alex/.m2/repository/org/apache/yetus/audience-annotations/0.5.0/audience-annotations-0.5.0.jar:/home/alex/.m2/repository/org/apache/curator/curator-framework/4.2.0/curator-framework-4.2.0.jar:/home/alex/Repositories/hive/standalone-metastore/metastore-server/target/classes:/home/alex/.m2/repository/com/google/protobuf/protobuf-java/2.5.0/protobuf-java-2.5.0.jar:/home/alex/.m2/repository/com/zaxxer/HikariCP/2.6.1/HikariCP-2.6.1.jar:/home/alex/.m2/repository/org/apache/commons/commons-dbcp2/2.7.0/commons-dbcp2-2.7.0.jar:/home/alex/.m2/repository/org/apache/commons/commons-pool2/2.7.0/commons-pool2-2.7.0.jar:/home/alex/.m2/repository/commons-beanutils/commons-beanutils/1.9.4/commons-beanutils-1.9.4.jar:/home/alex/.m2/repository/org/apache/logging/log4j/log4j-core/2.13.2/log4j-core-2.13.2.jar:/home/alex/.m2/repository/org/datanucleus/datanucleus-api-jdo/5.2.4/datanucleus-api-jdo-5.2.4.jar:/home/alex/.m2/repository/org/datanucleus/datanucleus-core/5.2.4/datanucleus-core-5.2.4.jar:/home/alex/.m2/repository/org/datanucleus/datanucleus-rdbms/5.2.4/datanucleus-rdbms-5.2.4.jar:/home/alex/.m2/repository/org/datanucleus/javax.jdo/3.2.0-release/javax.jdo-3.2.0-release.jar:/home/alex/.m2/repository/javax/transaction/javax.transaction-api/1.3/javax.transaction-api-1.3.jar:/home/alex/.m2/repository/org/glassfish/corba/glassfish-corba-omgapi/4.2.2/glassfish-corba-omgapi-4.2.2.jar:/home/alex/.m2/repository/sqlline/sqlline/1.9.0/sqlline-1.9.0.jar:/home/alex/.m2/repository/org/jline/jline-terminal/3.12.1/jline-terminal-3.12.1.jar:/home/alex/.m2/repository/org/jline/jline-reader/3.12.1/jline-reader-3.12.1.jar:/home/alex/.m2/repository/org/jline/jline-terminal-jansi/3.12.1/jline-terminal-jansi-3.12.1.jar:/home/alex/.m2/repository/org/fusesource/jansi/jansi/1.18/jansi-1.18.jar:/home/alex/.m2/repository/org/jline/jline-terminal-jna/3.12.1/jline-terminal-jna-3.12.1.jar:/home/alex/.m2/repository/net/java/dev/jna/jna/5.3.1/jna-5.3.1.jar:/home/alex/.m2/repository/org/jline/jline-builtins/3.12.1/jline-builtins-3.12.1.jar:/home/alex/.m2/repository/org/jline/jline-style/3.12.1/jline-style-3.12.1.jar:/home/alex/.m2/repository/commons-logging/commons-logging/1.1.3/commons-logging-1.1.3.jar:/home/alex/.m2/repository/com/cronutils/cron-utils/9.1.3/cron-utils-9.1.3.jar:/home/alex/.m2/repository/org/glassfish/javax.el/3.0.0/javax.el-3.0.0.jar:/home/alex/.m2/repository/com/oracle/database/jdbc/ojdbc8/21.3.0.0/ojdbc8-21.3.0.0.jar:/home/alex/.m2/repository/mysql/mysql-connector-java/8.0.27/mysql-connector-java-8.0.27.jar:/home/alex/.m2/repository/com/microsoft/sqlserver/mssql-jdbc/6.2.1.jre8/mssql-jdbc-6.2.1.jre8.jar:/home/alex/.m2/repository/commons-cli/commons-cli/1.4/commons-cli-1.4.jar:/home/alex/.m2/repository/commons-io/commons-io/2.6/commons-io-2.6.jar:/home/alex/.m2/repository/com/fasterxml/jackson/core/jackson-core/2.12.0/jackson-core-2.12.0.jar:/home/alex/.m2/repository/jline/jline/2.14.6/jline-2.14.6.jar:/home/alex/.m2/repository/org/apache/hadoop/hadoop-common/3.1.0/hadoop-common-3.1.0.jar:/home/alex/.m2/repository/org/apache/hadoop/hadoop-annotations/3.1.0/hadoop-annotations-3.1.0.jar:/usr/lib/jvm/java-8-openjdk-amd64/jre/../lib/tools.jar:/home/alex/.m2/repository/commons-codec/commons-codec/1.15/commons-codec-1.15.jar:/home/alex/.m2/repository/commons-net/commons-net/3.6/commons-net-3.6.jar:/home/alex/.m2/repository/commons-collections/commons-collections/3.2.2/commons-collections-3.2.2.jar:/home/alex/.m2/repository/org/eclipse/jetty/jetty-util/9.3.27.v20190418/jetty-util-9.3.27.v20190418.jar:/home/alex/.m2/repository/javax/servlet/jsp/jsp-api/2.1/jsp-api-2.1.jar:/home/alex/.m2/repository/com/sun/jersey/jersey-core/1.19/jersey-core-1.19.jar:/home/alex/.m2/repository/javax/ws/rs/jsr311-api/1.1.1/jsr311-api-1.1.1.jar:/home/alex/.m2/repository/com/sun/jersey/jersey-servlet/1.19/jersey-servlet-1.19.jar:/home/alex/.m2/repository/com/sun/jersey/jersey-json/1.19/jersey-json-1.19.jar:/home/alex/.m2/repository/org/codehaus/jettison/jettison/1.1/jettison-1.1.jar:/home/alex/.m2/repository/com/sun/xml/bind/jaxb-impl/2.2.3-1/jaxb-impl-2.2.3-1.jar:/home/alex/.m2/repository/org/codehaus/jackson/jackson-core-asl/1.9.2/jackson-core-asl-1.9.2.jar:/home/alex/.m2/repository/org/codehaus/jackson/jackson-mapper-asl/1.9.2/jackson-mapper-asl-1.9.2.jar:/home/alex/.m2/repository/org/codehaus/jackson/jackson-jaxrs/1.9.2/jackson-jaxrs-1.9.2.jar:/home/alex/.m2/repository/org/codehaus/jackson/jackson-xc/1.9.2/jackson-xc-1.9.2.jar:/home/alex/.m2/repository/com/sun/jersey/jersey-server/1.19/jersey-server-1.19.jar:/home/alex/.m2/repository/commons-lang/commons-lang/2.6/commons-lang-2.6.jar:/home/alex/.m2/repository/org/apache/commons/commons-configuration2/2.1.1/commons-configuration2-2.1.1.jar:/home/alex/.m2/repository/org/apache/avro/avro/1.8.2/avro-1.8.2.jar:/home/alex/.m2/repository/com/thoughtworks/paranamer/paranamer/2.8/paranamer-2.8.jar:/home/alex/.m2/repository/org/xerial/snappy/snappy-java/1.1.4/snappy-java-1.1.4.jar:/home/alex/.m2/repository/org/tukaani/xz/1.5/xz-1.5.jar:/home/alex/.m2/repository/com/google/re2j/re2j/1.2/re2j-1.2.jar:/home/alex/.m2/repository/com/google/code/gson/gson/2.2.4/gson-2.2.4.jar:/home/alex/.m2/repository/org/apache/hadoop/hadoop-auth/3.1.0/hadoop-auth-3.1.0.jar:/home/alex/.m2/repository/com/nimbusds/nimbus-jose-jwt/4.41.1/nimbus-jose-jwt-4.41.1.jar:/home/alex/.m2/repository/com/github/stephenc/jcip/jcip-annotations/1.0-1/jcip-annotations-1.0-1.jar:/home/alex/.m2/repository/net/minidev/json-smart/2.3/json-smart-2.3.jar:/home/alex/.m2/repository/net/minidev/accessors-smart/1.2/accessors-smart-1.2.jar:/home/alex/.m2/repository/com/jcraft/jsch/0.1.54/jsch-0.1.54.jar:/home/alex/.m2/repository/com/google/code/findbugs/jsr305/3.0.0/jsr305-3.0.0.jar:/home/alex/.m2/repository/org/apache/htrace/htrace-core4/4.1.0-incubating/htrace-core4-4.1.0-incubating.jar:/home/alex/.m2/repository/org/apache/kerby/kerb-simplekdc/1.0.1/kerb-simplekdc-1.0.1.jar:/home/alex/.m2/repository/org/apache/kerby/kerb-client/1.0.1/kerb-client-1.0.1.jar:/home/alex/.m2/repository/org/apache/kerby/kerby-config/1.0.1/kerby-config-1.0.1.jar:/home/alex/.m2/repository/org/apache/kerby/kerb-core/1.0.1/kerb-core-1.0.1.jar:/home/alex/.m2/repository/org/apache/kerby/kerby-pkix/1.0.1/kerby-pkix-1.0.1.jar:/home/alex/.m2/repository/org/apache/kerby/kerby-asn1/1.0.1/kerby-asn1-1.0.1.jar:/home/alex/.m2/repository/org/apache/kerby/kerby-util/1.0.1/kerby-util-1.0.1.jar:/home/alex/.m2/repository/org/apache/kerby/kerb-common/1.0.1/kerb-common-1.0.1.jar:/home/alex/.m2/repository/org/apache/kerby/kerb-crypto/1.0.1/kerb-crypto-1.0.1.jar:/home/alex/.m2/repository/org/apache/kerby/kerb-util/1.0.1/kerb-util-1.0.1.jar:/home/alex/.m2/repository/org/apache/kerby/token-provider/1.0.1/token-provider-1.0.1.jar:/home/alex/.m2/repository/org/apache/kerby/kerb-admin/1.0.1/kerb-admin-1.0.1.jar:/home/alex/.m2/repository/org/apache/kerby/kerb-server/1.0.1/kerb-server-1.0.1.jar:/home/alex/.m2/repository/org/apache/kerby/kerb-identity/1.0.1/kerb-identity-1.0.1.jar:/home/alex/.m2/repository/org/apache/kerby/kerby-xdr/1.0.1/kerby-xdr-1.0.1.jar:/home/alex/.m2/repository/org/codehaus/woodstox/stax2-api/3.1.4/stax2-api-3.1.4.jar:/home/alex/.m2/repository/com/fasterxml/woodstox/woodstox-core/5.0.3/woodstox-core-5.0.3.jar:/home/alex/.m2/repository/org/apache/thrift/libthrift/0.14.1/libthrift-0.14.1.jar:/home/alex/.m2/repository/org/apache/tomcat/embed/tomcat-embed-core/8.5.46/tomcat-embed-core-8.5.46.jar:/home/alex/.m2/repository/org/apache/tomcat/tomcat-annotations-api/8.5.46/tomcat-annotations-api-8.5.46.jar:/home/alex/.m2/repository/javax/annotation/javax.annotation-api/1.3.2/javax.annotation-api-1.3.2.jar:/home/alex/.m2/repository/net/sf/supercsv/super-csv/2.2.0/super-csv-2.2.0.jar:/home/alex/.m2/repository/org/apache/logging/log4j/log4j-slf4j-impl/2.13.2/log4j-slf4j-impl-2.13.2.jar:/home/alex/.m2/repository/org/apache/logging/log4j/log4j-api/2.13.2/log4j-api-2.13.2.jar:/home/alex/Repositories/hive/ql/target/test-classes:/home/alex/.m2/repository/org/apache/atlas/atlas-client-v2/2.1.0/atlas-client-v2-2.1.0.jar:/home/alex/.m2/repository/cglib/cglib/2.2.2/cglib-2.2.2.jar:/home/alex/.m2/repository/asm/asm/3.3.1/asm-3.3.1.jar:/home/alex/.m2/repository/org/apache/atlas/atlas-client-common/2.1.0/atlas-client-common-2.1.0.jar:/home/alex/.m2/repository/com/sun/jersey/jersey-client/1.19/jersey-client-1.19.jar:/home/alex/.m2/repository/org/apache/atlas/atlas-intg/2.1.0/atlas-intg-2.1.0.jar:/home/alex/.m2/repository/commons-validator/commons-validator/1.6/commons-validator-1.6.jar:/home/alex/.m2/repository/commons-digester/commons-digester/1.8.1/commons-digester-1.8.1.jar:/home/alex/.m2/repository/com/fasterxml/jackson/jaxrs/jackson-jaxrs-base/2.12.0/jackson-jaxrs-base-2.12.0.jar:/home/alex/.m2/repository/com/fasterxml/jackson/jaxrs/jackson-jaxrs-json-provider/2.12.0/jackson-jaxrs-json-provider-2.12.0.jar:/home/alex/.m2/repository/javax/inject/javax.inject/1/javax.inject-1.jar:/home/alex/.m2/repository/org/springframework/spring-context/4.3.20.RELEASE/spring-context-4.3.20.RELEASE.jar:/home/alex/.m2/repository/org/springframework/spring-aop/4.3.20.RELEASE/spring-aop-4.3.20.RELEASE.jar:/home/alex/.m2/repository/org/springframework/spring-beans/4.3.20.RELEASE/spring-beans-4.3.20.RELEASE.jar:/home/alex/.m2/repository/org/springframework/spring-core/4.3.20.RELEASE/spring-core-4.3.20.RELEASE.jar:/home/alex/.m2/repository/org/springframework/spring-expression/4.3.20.RELEASE/spring-expression-4.3.20.RELEASE.jar:/home/alex/.m2/repository/commons-configuration/commons-configuration/1.10/commons-configuration-1.10.jar:/home/alex/Repositories/hive/vector-code-gen/target/classes:/home/alex/.m2/repository/org/apache/velocity/velocity/1.5/velocity-1.5.jar:/home/alex/.m2/repository/oro/oro/2.0.8/oro-2.0.8.jar:/home/alex/Repositories/hive/parser/target/classes:/home/alex/Repositories/hive/udf/target/classes:/home/alex/Repositories/hive/llap-tez/target/classes:/home/alex/Repositories/hive/spark-client/target/classes:/home/alex/.m2/repository/io/netty/netty-all/4.1.65.Final/netty-all-4.1.65.Final.jar:/home/alex/.m2/repository/com/fasterxml/jackson/module/jackson-module-scala_2.12/2.12.0/jackson-module-scala_2.12-2.12.0.jar:/home/alex/.m2/repository/org/scala-lang/scala-library/2.12.10/scala-library-2.12.10.jar:/home/alex/.m2/repository/org/apache/spark/spark-core_2.12/2.4.5/spark-core_2.12-2.4.5.jar:/home/alex/.m2/repository/com/twitter/chill_2.12/0.9.3/chill_2.12-0.9.3.jar:/home/alex/.m2/repository/com/twitter/chill-java/0.9.3/chill-java-0.9.3.jar:/home/alex/.m2/repository/org/apache/xbean/xbean-asm6-shaded/4.8/xbean-asm6-shaded-4.8.jar:/home/alex/.m2/repository/org/apache/hadoop/hadoop-client/3.1.0/hadoop-client-3.1.0.jar:/home/alex/.m2/repository/org/apache/hadoop/hadoop-mapreduce-client-jobclient/3.1.0/hadoop-mapreduce-client-jobclient-3.1.0.jar:/home/alex/.m2/repository/org/apache/hadoop/hadoop-mapreduce-client-common/3.1.0/hadoop-mapreduce-client-common-3.1.0.jar:/home/alex/.m2/repository/org/apache/spark/spark-launcher_2.12/2.4.5/spark-launcher_2.12-2.4.5.jar:/home/alex/.m2/repository/org/apache/spark/spark-kvstore_2.12/2.4.5/spark-kvstore_2.12-2.4.5.jar:/home/alex/.m2/repository/org/apache/spark/spark-network-common_2.12/2.4.5/spark-network-common_2.12-2.4.5.jar:/home/alex/.m2/repository/org/apache/spark/spark-network-shuffle_2.12/2.4.5/spark-network-shuffle_2.12-2.4.5.jar:/home/alex/.m2/repository/org/apache/spark/spark-unsafe_2.12/2.4.5/spark-unsafe_2.12-2.4.5.jar:/home/alex/.m2/repository/javax/activation/activation/1.1.1/activation-1.1.1.jar:/home/alex/.m2/repository/org/slf4j/jul-to-slf4j/1.7.16/jul-to-slf4j-1.7.16.jar:/home/alex/.m2/repository/org/slf4j/jcl-over-slf4j/1.7.16/jcl-over-slf4j-1.7.16.jar:/home/alex/.m2/repository/com/ning/compress-lzf/1.0.3/compress-lzf-1.0.3.jar:/home/alex/.m2/repository/org/roaringbitmap/RoaringBitmap/0.7.45/RoaringBitmap-0.7.45.jar:/home/alex/.m2/repository/org/roaringbitmap/shims/0.7.45/shims-0.7.45.jar:/home/alex/.m2/repository/org/json4s/json4s-jackson_2.12/3.5.3/json4s-jackson_2.12-3.5.3.jar:/home/alex/.m2/repository/org/json4s/json4s-core_2.12/3.5.3/json4s-core_2.12-3.5.3.jar:/home/alex/.m2/repository/org/json4s/json4s-ast_2.12/3.5.3/json4s-ast_2.12-3.5.3.jar:/home/alex/.m2/repository/org/json4s/json4s-scalap_2.12/3.5.3/json4s-scalap_2.12-3.5.3.jar:/home/alex/.m2/repository/org/scala-lang/modules/scala-xml_2.12/1.0.6/scala-xml_2.12-1.0.6.jar:/home/alex/.m2/repository/com/clearspring/analytics/stream/2.7.0/stream-2.7.0.jar:/home/alex/.m2/repository/io/dropwizard/metrics/metrics-graphite/3.1.5/metrics-graphite-3.1.5.jar:/home/alex/.m2/repository/net/razorvine/pyrolite/4.13/pyrolite-4.13.jar:/home/alex/.m2/repository/net/sf/py4j/py4j/0.10.7/py4j-0.10.7.jar:/home/alex/.m2/repository/org/apache/spark/spark-tags_2.12/2.4.5/spark-tags_2.12-2.4.5.jar:/home/alex/.m2/repository/org/apache/commons/commons-crypto/1.0.0/commons-crypto-1.0.0.jar:/home/alex/.m2/repository/org/spark-project/spark/unused/1.0.0/unused-1.0.0.jar:/home/alex/.m2/repository/org/apache/spark/spark-yarn_2.12/2.4.5/spark-yarn_2.12-2.4.5.jar:/home/alex/.m2/repository/com/amazonaws/secretsmanager/aws-secretsmanager-caching-java/1.0.1/aws-secretsmanager-caching-java-1.0.1.jar:/home/alex/.m2/repository/com/esotericsoftware/kryo/5.0.3/kryo-5.0.3.jar:/home/alex/.m2/repository/com/esotericsoftware/minlog/1.3.1/minlog-1.3.1.jar:/home/alex/.m2/repository/com/esotericsoftware/reflectasm/1.11.9/reflectasm-1.11.9.jar:/home/alex/.m2/repository/org/apache/parquet/parquet-hadoop-bundle/1.11.1/parquet-hadoop-bundle-1.11.1.jar:/home/alex/.m2/repository/org/apache/commons/commons-collections4/4.1/commons-collections4-4.1.jar:/home/alex/.m2/repository/org/apache/commons/commons-text/1.8/commons-text-1.8.jar:/home/alex/.m2/repository/org/antlr/ST4/4.0.4/ST4-4.0.4.jar:/home/alex/.m2/repository/org/apache/avro/avro-mapred/1.8.2/avro-mapred-1.8.2-hadoop2.jar:/home/alex/.m2/repository/org/apache/avro/avro-ipc/1.8.2/avro-ipc-1.8.2.jar:/home/alex/.m2/repository/org/mortbay/jetty/jetty/6.1.26/jetty-6.1.26.jar:/home/alex/.m2/repository/org/apache/hadoop/hadoop-yarn-registry/3.1.0/hadoop-yarn-registry-3.1.0.jar:/home/alex/.m2/repository/org/apache/hadoop/hadoop-yarn-api/3.1.0/hadoop-yarn-api-3.1.0.jar:/home/alex/.m2/repository/commons-daemon/commons-daemon/1.0.13/commons-daemon-1.0.13.jar:/home/alex/.m2/repository/dnsjava/dnsjava/2.1.7/dnsjava-2.1.7.jar:/home/alex/.m2/repository/org/apache/orc/orc-tools/1.6.9/orc-tools-1.6.9.jar:/home/alex/.m2/repository/com/opencsv/opencsv/3.9/opencsv-3.9.jar:/home/alex/.m2/repository/org/apache/hadoop/hadoop-hdfs/3.1.0/hadoop-hdfs-3.1.0.jar:/home/alex/.m2/repository/org/threeten/threetenbp/1.3.5/threetenbp-1.3.5.jar:/home/alex/.m2/repository/org/apache/ivy/ivy/2.4.0/ivy-2.4.0.jar:/home/alex/.m2/repository/org/apache/datasketches/datasketches-hive/1.1.0-incubating/datasketches-hive-1.1.0-incubating.jar:/home/alex/.m2/repository/org/apache/datasketches/datasketches-java/1.3.0-incubating/datasketches-java-1.3.0-incubating.jar:/home/alex/.m2/repository/org/apache/datasketches/datasketches-memory/1.2.0-incubating/datasketches-memory-1.2.0-incubating.jar:/home/alex/.m2/repository/org/slf4j/slf4j-simple/1.7.27/slf4j-simple-1.7.27.jar:/home/alex/.m2/repository/org/codehaus/groovy/groovy-all/2.4.11/groovy-all-2.4.11.jar:/home/alex/.m2/repository/org/jodd/jodd-util/6.0.0/jodd-util-6.0.0.jar:/home/alex/.m2/repository/com/fasterxml/jackson/core/jackson-annotations/2.12.0/jackson-annotations-2.12.0.jar:/home/alex/.m2/repository/com/fasterxml/jackson/dataformat/jackson-dataformat-yaml/2.12.0/jackson-dataformat-yaml-2.12.0.jar:/home/alex/.m2/repository/org/yaml/snakeyaml/1.27/snakeyaml-1.27.jar:/home/alex/.m2/repository/org/apache/calcite/calcite-core/1.25.0/calcite-core-1.25.0.jar:/home/alex/.m2/repository/org/apache/calcite/calcite-linq4j/1.25.0/calcite-linq4j-1.25.0.jar:/home/alex/.m2/repository/com/esri/geometry/esri-geometry-api/2.2.0/esri-geometry-api-2.2.0.jar:/home/alex/.m2/repository/com/yahoo/datasketches/sketches-core/0.9.0/sketches-core-0.9.0.jar:/home/alex/.m2/repository/com/yahoo/datasketches/memory/0.9.0/memory-0.9.0.jar:/home/alex/.m2/repository/org/apache/calcite/calcite-druid/1.25.0/calcite-druid-1.25.0.jar:/home/alex/.m2/repository/org/apache/calcite/avatica/avatica/1.12.0/avatica-1.12.0.jar:/home/alex/.m2/repository/com/googlecode/javaewah/JavaEWAH/0.3.2/JavaEWAH-0.3.2.jar:/home/alex/.m2/repository/stax/stax-api/1.0.1/stax-api-1.0.1.jar:/home/alex/.m2/repository/net/sf/opencsv/opencsv/2.3/opencsv-2.3.jar:/home/alex/.m2/repository/org/reflections/reflections/0.9.10/reflections-0.9.10.jar:/home/alex/.m2/repository/org/javassist/javassist/3.19.0-GA/javassist-3.19.0-GA.jar:/home/alex/.m2/repository/com/jayway/jsonpath/json-path/2.4.0/json-path-2.4.0.jar:/home/alex/.m2/repository/org/codehaus/janino/commons-compiler/3.0.11/commons-compiler-3.0.11.jar:/home/alex/.m2/repository/org/codehaus/janino/janino/3.0.11/janino-3.0.11.jar:/home/alex/.m2/repository/com/sun/jersey/contribs/jersey-multipart/1.19/jersey-multipart-1.19.jar:/home/alex/.m2/repository/org/jvnet/mimepull/mimepull/1.9.3/mimepull-1.9.3.jar:/home/alex/.m2/repository/org/apache/kafka/kafka-clients/2.5.0/kafka-clients-2.5.0.jar:/home/alex/.m2/repository/com/github/luben/zstd-jni/1.4.4-7/zstd-jni-1.4.4-7.jar:/home/alex/.m2/repository/org/lz4/lz4-java/1.7.1/lz4-java-1.7.1.jar:/home/alex/Repositories/hive/service/target/classes:/home/alex/Repositories/hive/ql/target/classes:/home/alex/Repositories/hive/llap-server/target/classes:/home/alex/.m2/repository/com/lmax/disruptor/3.3.7/disruptor-3.3.7.jar:/home/alex/Repositories/hive/llap-common/target/test-classes:/home/alex/Repositories/hive/hplsql/target/classes:/home/alex/.m2/repository/org/antlr/antlr4-runtime/4.5/antlr4-runtime-4.5.jar:/home/alex/.m2/repository/org/abego/treelayout/org.abego.treelayout.core/1.0.1/org.abego.treelayout.core-1.0.1.jar:/home/alex/.m2/repository/javax/servlet/jsp/javax.servlet.jsp-api/2.3.1/javax.servlet.jsp-api-2.3.1.jar:/home/alex/.m2/repository/org/eclipse/jetty/jetty-runner/9.3.27.v20190418/jetty-runner-9.3.27.v20190418.jar:/home/alex/.m2/repository/org/eclipse/jetty/jetty-plus/9.3.27.v20190418/jetty-plus-9.3.27.v20190418.jar:/home/alex/.m2/repository/org/eclipse/jetty/jetty-annotations/9.3.27.v20190418/jetty-annotations-9.3.27.v20190418.jar:/home/alex/.m2/repository/org/ow2/asm/asm/6.0/asm-6.0.jar:/home/alex/.m2/repository/org/ow2/asm/asm-commons/6.0/asm-commons-6.0.jar:/home/alex/.m2/repository/org/ow2/asm/asm-tree/6.0/asm-tree-6.0.jar:/home/alex/.m2/repository/org/eclipse/jetty/jetty-jaas/9.3.27.v20190418/jetty-jaas-9.3.27.v20190418.jar:/home/alex/.m2/repository/org/eclipse/jetty/websocket/websocket-server/9.3.27.v20190418/websocket-server-9.3.27.v20190418.jar:/home/alex/.m2/repository/org/eclipse/jetty/websocket/websocket-common/9.3.27.v20190418/websocket-common-9.3.27.v20190418.jar:/home/alex/.m2/repository/org/eclipse/jetty/websocket/websocket-api/9.3.27.v20190418/websocket-api-9.3.27.v20190418.jar:/home/alex/.m2/repository/org/eclipse/jetty/websocket/websocket-client/9.3.27.v20190418/websocket-client-9.3.27.v20190418.jar:/home/alex/.m2/repository/org/eclipse/jetty/websocket/websocket-servlet/9.3.27.v20190418/websocket-servlet-9.3.27.v20190418.jar:/home/alex/.m2/repository/org/eclipse/jetty/jetty-jndi/9.3.27.v20190418/jetty-jndi-9.3.27.v20190418.jar:/home/alex/.m2/repository/org/eclipse/jetty/apache-jsp/9.3.27.v20190418/apache-jsp-9.3.27.v20190418.jar:/home/alex/.m2/repository/org/eclipse/jetty/toolchain/jetty-schemas/3.1/jetty-schemas-3.1.jar:/home/alex/.m2/repository/org/eclipse/jdt/core/compiler/ecj/4.4.2/ecj-4.4.2.jar:/home/alex/.m2/repository/org/eclipse/jetty/apache-jstl/9.3.27.v20190418/apache-jstl-9.3.27.v20190418.jar:/home/alex/.m2/repository/org/apache/taglibs/taglibs-standard-spec/1.2.5/taglibs-standard-spec-1.2.5.jar:/home/alex/.m2/repository/org/apache/taglibs/taglibs-standard-impl/1.2.5/taglibs-standard-impl-1.2.5.jar:/home/alex/.m2/repository/org/apache/curator/curator-client/4.2.0/curator-client-4.2.0.jar:/home/alex/.m2/repository/org/apache/curator/curator-recipes/4.2.0/curator-recipes-4.2.0.jar:/home/alex/.m2/repository/org/pac4j/pac4j-saml-opensamlv3/4.0.3/pac4j-saml-opensamlv3-4.0.3.jar:/home/alex/.m2/repository/org/pac4j/pac4j-core/4.0.3/pac4j-core-4.0.3.jar:/home/alex/.m2/repository/org/opensaml/opensaml-core/3.4.5/opensaml-core-3.4.5.jar:/home/alex/.m2/repository/net/shibboleth/utilities/java-support/7.5.1/java-support-7.5.1.jar:/home/alex/.m2/repository/org/opensaml/opensaml-saml-api/3.4.5/opensaml-saml-api-3.4.5.jar:/home/alex/.m2/repository/org/opensaml/opensaml-storage-api/3.4.5/opensaml-storage-api-3.4.5.jar:/home/alex/.m2/repository/org/opensaml/opensaml-saml-impl/3.4.5/opensaml-saml-impl-3.4.5.jar:/home/alex/.m2/repository/org/opensaml/opensaml-soap-impl/3.4.5/opensaml-soap-impl-3.4.5.jar:/home/alex/.m2/repository/org/opensaml/opensaml-soap-api/3.4.5/opensaml-soap-api-3.4.5.jar:/home/alex/.m2/repository/org/opensaml/opensaml-xmlsec-api/3.4.5/opensaml-xmlsec-api-3.4.5.jar:/home/alex/.m2/repository/org/opensaml/opensaml-security-api/3.4.5/opensaml-security-api-3.4.5.jar:/home/alex/.m2/repository/org/opensaml/opensaml-security-impl/3.4.5/opensaml-security-impl-3.4.5.jar:/home/alex/.m2/repository/org/opensaml/opensaml-profile-api/3.4.5/opensaml-profile-api-3.4.5.jar:/home/alex/.m2/repository/org/opensaml/opensaml-profile-impl/3.4.5/opensaml-profile-impl-3.4.5.jar:/home/alex/.m2/repository/org/opensaml/opensaml-messaging-api/3.4.5/opensaml-messaging-api-3.4.5.jar:/home/alex/.m2/repository/org/opensaml/opensaml-messaging-impl/3.4.5/opensaml-messaging-impl-3.4.5.jar:/home/alex/.m2/repository/org/opensaml/opensaml-storage-impl/3.4.5/opensaml-storage-impl-3.4.5.jar:/home/alex/.m2/repository/org/ldaptive/ldaptive/1.0.13/ldaptive-1.0.13.jar:/home/alex/.m2/repository/javax/json/javax.json-api/1.0/javax.json-api-1.0.jar:/home/alex/.m2/repository/net/spy/spymemcached/2.12.3/spymemcached-2.12.3.jar:/home/alex/.m2/repository/org/glassfish/javax.json/1.0.4/javax.json-1.0.4.jar:/home/alex/.m2/repository/org/opensaml/opensaml-xmlsec-impl/3.4.5/opensaml-xmlsec-impl-3.4.5.jar:/home/alex/.m2/repository/org/cryptacular/cryptacular/1.2.4/cryptacular-1.2.4.jar:/home/alex/.m2/repository/net/shibboleth/tool/xmlsectool/2.0.0/xmlsectool-2.0.0.jar:/home/alex/.m2/repository/com/beust/jcommander/1.48/jcommander-1.48.jar:/home/alex/.m2/repository/org/bouncycastle/bcprov-jdk15on/1.64/bcprov-jdk15on-1.64.jar:/home/alex/.m2/repository/org/apache/santuario/xmlsec/2.2.1/xmlsec-2.2.1.jar:/home/alex/.m2/repository/org/jamon/jamon-runtime/2.3.1/jamon-runtime-2.3.1.jar:/home/alex/.m2/repository/org/apache/hadoop/hadoop-mapreduce-client-core/3.1.0/hadoop-mapreduce-client-core-3.1.0.jar:/home/alex/.m2/repository/org/apache/hadoop/hadoop-yarn-client/3.1.0/hadoop-yarn-client-3.1.0.jar:/home/alex/.m2/repository/org/apache/hadoop/hadoop-yarn-common/3.1.0/hadoop-yarn-common-3.1.0.jar:/home/alex/.m2/repository/com/google/inject/guice/4.0/guice-4.0.jar:/home/alex/.m2/repository/aopalliance/aopalliance/1.0/aopalliance-1.0.jar:/home/alex/.m2/repository/com/sun/jersey/contribs/jersey-guice/1.19/jersey-guice-1.19.jar:/home/alex/.m2/repository/com/fasterxml/jackson/module/jackson-module-jaxb-annotations/2.12.0/jackson-module-jaxb-annotations-2.12.0.jar:/home/alex/.m2/repository/jakarta/xml/bind/jakarta.xml.bind-api/2.3.2/jakarta.xml.bind-api-2.3.2.jar:/home/alex/.m2/repository/jakarta/activation/jakarta.activation-api/1.2.1/jakarta.activation-api-1.2.1.jar:/home/alex/.m2/repository/org/apache/hadoop/hadoop-hdfs-client/3.1.0/hadoop-hdfs-client-3.1.0.jar:/home/alex/.m2/repository/com/squareup/okhttp/okhttp/2.7.5/okhttp-2.7.5.jar:/home/alex/.m2/repository/com/squareup/okio/okio/1.6.0/okio-1.6.0.jar:/home/alex/.m2/repository/com/google/inject/extensions/guice-servlet/4.0/guice-servlet-4.0.jar:/home/alex/.m2/repository/junit/junit/4.13/junit-4.13.jar:/home/alex/.m2/repository/org/hamcrest/hamcrest-core/1.3/hamcrest-core-1.3.jar:/home/alex/.m2/repository/org/junit/jupiter/junit-jupiter-engine/5.6.2/junit-jupiter-engine-5.6.2.jar:/home/alex/.m2/repository/org/apiguardian/apiguardian-api/1.1.0/apiguardian-api-1.1.0.jar:/home/alex/.m2/repository/org/junit/platform/junit-platform-engine/1.6.2/junit-platform-engine-1.6.2.jar:/home/alex/.m2/repository/org/opentest4j/opentest4j/1.2.0/opentest4j-1.2.0.jar:/home/alex/.m2/repository/org/junit/platform/junit-platform-commons/1.6.2/junit-platform-commons-1.6.2.jar:/home/alex/.m2/repository/org/junit/jupiter/junit-jupiter-api/5.6.2/junit-jupiter-api-5.6.2.jar:/home/alex/.m2/repository/org/junit/vintage/junit-vintage-engine/5.6.2/junit-vintage-engine-5.6.2.jar:/home/alex/.m2/repository/org/powermock/powermock-module-junit4/2.0.2/powermock-module-junit4-2.0.2.jar:/home/alex/.m2/repository/org/powermock/powermock-module-junit4-common/2.0.2/powermock-module-junit4-common-2.0.2.jar:/home/alex/.m2/repository/org/powermock/powermock-reflect/2.0.2/powermock-reflect-2.0.2.jar:/home/alex/.m2/repository/org/powermock/powermock-core/2.0.2/powermock-core-2.0.2.jar:/home/alex/.m2/repository/org/powermock/powermock-api-mockito2/2.0.2/powermock-api-mockito2-2.0.2.jar:/home/alex/.m2/repository/org/powermock/powermock-api-support/2.0.2/powermock-api-support-2.0.2.jar:/home/alex/.m2/repository/org/postgresql/postgresql/42.2.14/postgresql-42.2.14.jar:/home/alex/.m2/repository/org/slf4j/slf4j-api/1.7.30/slf4j-api-1.7.30.jar:/home/alex/.m2/repository/org/mockito/mockito-core/3.4.4/mockito-core-3.4.4.jar:/home/alex/.m2/repository/net/bytebuddy/byte-buddy/1.10.13/byte-buddy-1.10.13.jar:/home/alex/.m2/repository/net/bytebuddy/byte-buddy-agent/1.10.13/byte-buddy-agent-1.10.13.jar:/home/alex/.m2/repository/org/objenesis/objenesis/2.6/objenesis-2.6.jar:/home/alex/Repositories/hive/beeline/target/testconf:/home/alex/Repositories/hive/beeline/../conf:"/>
    <property name="sun.cpu.endian" value="little"/>
    <property name="user.home" value="/home/alex"/>
    <property name="user.language" value="en"/>
    <property name="java.security.krb5.conf" value="/home/alex/Repositories/hive/beeline/target/testconf/krb5.conf"/>
    <property name="test.dfs.mkdir" value=""/>
    <property name="java.awt.graphicsenv" value="sun.awt.X11GraphicsEnvironment"/>
    <property name="surefire.real.class.path" value="/home/alex/Repositories/hive/beeline/target/surefire/surefirebooter4859292428788217733.jar"/>
    <property name="hadoop.log.dir" value="/home/alex/Repositories/hive/beeline/target/tmp"/>
    <property name="java.net.preferIPv4Stack" value="true"/>
    <property name="path.separator" value=":"/>
    <property name="os.version" value="6.5.0-28-generic"/>
    <property name="java.endorsed.dirs" value="/usr/lib/jvm/java-8-openjdk-amd64/jre/lib/endorsed"/>
    <property name="java.runtime.name" value="OpenJDK Runtime Environment"/>
    <property name="hive.test.console.log.level" value="INFO"/>
    <property name="java.vm.name" value="OpenJDK 64-Bit Server VM"/>
    <property name="java.vendor.url.bug" value="http://bugreport.sun.com/bugreport/"/>
    <property name="maven.local.repository" value="/home/alex/.m2/repository"/>
    <property name="user.dir" value="/home/alex/Repositories/hive/beeline"/>
    <property name="os.arch" value="amd64"/>
    <property name="user.language.format" value="pt"/>
    <property name="antlr.version" value="3.5.2"/>
    <property name="derby.version" value="10.14.1.0"/>
    <property name="java.vm.info" value="mixed mode"/>
    <property name="java.vm.version" value="25.402-b06"/>
    <property name="java.ext.dirs" value="/usr/lib/jvm/java-8-openjdk-amd64/jre/lib/ext:/usr/java/packages/lib/ext"/>
    <property name="datanucleus.schema.autoCreateAll" value="true"/>
    <property name="java.class.version" value="52.0"/>
    <property name="test.output.overwrite" value=""/>
    <property name="hive.root" value="/home/alex/Repositories/hive/beeline/../"/>
  </properties>
  <testcase name="testSetPromptValue" classname="org.apache.hive.beeline.cli.TestHiveCli" time="8.81">
    <error type="java.lang.NullPointerException"><![CDATA[java.lang.NullPointerException
	at org.apache.hive.beeline.cli.TestHiveCli.executeCMD(TestHiveCli.java:255)
	at org.apache.hive.beeline.cli.TestHiveCli.initFromFile(TestHiveCli.java:321)
	at org.apache.hive.beeline.cli.TestHiveCli.setup(TestHiveCli.java:294)
	at sun.reflect.NativeMethodAccessorImpl.invoke0(Native Method)
	at sun.reflect.NativeMethodAccessorImpl.invoke(NativeMethodAccessorImpl.java:62)
	at sun.reflect.DelegatingMethodAccessorImpl.invoke(DelegatingMethodAccessorImpl.java:43)
	at java.lang.reflect.Method.invoke(Method.java:498)
	at org.junit.runners.model.FrameworkMethod$1.runReflectiveCall(FrameworkMethod.java:59)
	at org.junit.internal.runners.model.ReflectiveCallable.run(ReflectiveCallable.java:12)
	at org.junit.runners.model.FrameworkMethod.invokeExplosively(FrameworkMethod.java:56)
	at org.junit.internal.runners.statements.RunBefores.invokeMethod(RunBefores.java:33)
	at org.junit.internal.runners.statements.RunBefores.evaluate(RunBefores.java:24)
	at org.junit.internal.runners.statements.RunAfters.evaluate(RunAfters.java:27)
	at org.junit.runners.ParentRunner$3.evaluate(ParentRunner.java:306)
	at org.junit.runners.BlockJUnit4ClassRunner$1.evaluate(BlockJUnit4ClassRunner.java:100)
	at org.junit.runners.ParentRunner.runLeaf(ParentRunner.java:366)
	at org.junit.runners.BlockJUnit4ClassRunner.runChild(BlockJUnit4ClassRunner.java:103)
	at org.junit.runners.BlockJUnit4ClassRunner.runChild(BlockJUnit4ClassRunner.java:63)
	at org.junit.runners.ParentRunner$4.run(ParentRunner.java:331)
	at org.junit.runners.ParentRunner$1.schedule(ParentRunner.java:79)
	at org.junit.runners.ParentRunner.runChildren(ParentRunner.java:329)
	at org.junit.runners.ParentRunner.access$100(ParentRunner.java:66)
	at org.junit.runners.ParentRunner$2.evaluate(ParentRunner.java:293)
	at org.junit.internal.runners.statements.RunBefores.evaluate(RunBefores.java:26)
	at org.junit.runners.ParentRunner$3.evaluate(ParentRunner.java:306)
	at org.junit.runners.ParentRunner.run(ParentRunner.java:413)
	at org.junit.runner.JUnitCore.run(JUnitCore.java:137)
	at org.junit.runner.JUnitCore.run(JUnitCore.java:115)
	at org.junit.vintage.engine.execution.RunnerExecutor.execute(RunnerExecutor.java:43)
	at java.util.stream.ForEachOps$ForEachOp$OfRef.accept(ForEachOps.java:183)
	at java.util.stream.ReferencePipeline$3$1.accept(ReferencePipeline.java:193)
	at java.util.Iterator.forEachRemaining(Iterator.java:116)
	at java.util.Spliterators$IteratorSpliterator.forEachRemaining(Spliterators.java:1801)
	at java.util.stream.AbstractPipeline.copyInto(AbstractPipeline.java:482)
	at java.util.stream.AbstractPipeline.wrapAndCopyInto(AbstractPipeline.java:472)
	at java.util.stream.ForEachOps$ForEachOp.evaluateSequential(ForEachOps.java:150)
	at java.util.stream.ForEachOps$ForEachOp$OfRef.evaluateSequential(ForEachOps.java:173)
	at java.util.stream.AbstractPipeline.evaluate(AbstractPipeline.java:234)
	at java.util.stream.ReferencePipeline.forEach(ReferencePipeline.java:485)
	at org.junit.vintage.engine.VintageTestEngine.executeAllChildren(VintageTestEngine.java:82)
	at org.junit.vintage.engine.VintageTestEngine.execute(VintageTestEngine.java:73)
	at org.junit.platform.launcher.core.DefaultLauncher.execute(DefaultLauncher.java:248)
	at org.junit.platform.launcher.core.DefaultLauncher.lambda$execute$5(DefaultLauncher.java:211)
	at org.junit.platform.launcher.core.DefaultLauncher.withInterceptedStreams(DefaultLauncher.java:226)
	at org.junit.platform.launcher.core.DefaultLauncher.execute(DefaultLauncher.java:199)
	at org.junit.platform.launcher.core.DefaultLauncher.execute(DefaultLauncher.java:132)
	at org.apache.maven.surefire.junitplatform.JUnitPlatformProvider.invokeAllTests(JUnitPlatformProvider.java:154)
	at org.apache.maven.surefire.junitplatform.JUnitPlatformProvider.invoke(JUnitPlatformProvider.java:123)
	at org.apache.maven.surefire.booter.ForkedBooter.runSuitesInProcess(ForkedBooter.java:377)
	at org.apache.maven.surefire.booter.ForkedBooter.execute(ForkedBooter.java:138)
	at org.apache.maven.surefire.booter.ForkedBooter.run(ForkedBooter.java:465)
	at org.apache.maven.surefire.booter.ForkedBooter.main(ForkedBooter.java:451)
]]></error>
    <system-err><![CDATA[SLF4J: Class path contains multiple SLF4J bindings.
SLF4J: Found binding in [jar:file:/home/alex/.m2/repository/org/apache/logging/log4j/log4j-slf4j-impl/2.13.2/log4j-slf4j-impl-2.13.2.jar!/org/slf4j/impl/StaticLoggerBinder.class]
SLF4J: Found binding in [jar:file:/home/alex/.m2/repository/org/slf4j/slf4j-simple/1.7.27/slf4j-simple-1.7.27.jar!/org/slf4j/impl/StaticLoggerBinder.class]
SLF4J: See http://www.slf4j.org/codes.html#multiple_bindings for an explanation.
SLF4J: Actual binding is of type [org.apache.logging.slf4j.Log4jLoggerFactory]
DEBUG StatusLogger Using ShutdownCallbackRegistry class org.apache.logging.log4j.core.util.DefaultShutdownCallbackRegistry
DEBUG StatusLogger Took 0,067108 seconds to load 250 plugins from sun.misc.Launcher$AppClassLoader@7f31245a
DEBUG StatusLogger PluginManager 'Converter' found 46 plugins
DEBUG StatusLogger Starting OutputStreamManager SYSTEM_OUT.false.false-1
DEBUG StatusLogger Starting LoggerContext[name=7f31245a, org.apache.logging.log4j.core.LoggerContext@76b1e9b8]...
DEBUG StatusLogger Reconfiguration started for context[name=7f31245a] at URI null (org.apache.logging.log4j.core.LoggerContext@76b1e9b8) with optional ClassLoader: null
DEBUG StatusLogger PluginManager 'ConfigurationFactory' found 6 plugins
DEBUG StatusLogger Using configurationFactory org.apache.logging.log4j.core.config.ConfigurationFactory$Factory@7a35b0f5
DEBUG StatusLogger Apache Log4j Core 2.13.2 initializing configuration org.apache.logging.log4j.core.config.properties.PropertiesConfiguration@2a693f59
DEBUG StatusLogger Installed 2 script engines
DEBUG StatusLogger Groovy Scripting Engine version: 2.0, language: Groovy, threading: MULTITHREADED, compile: true, names: [groovy, Groovy], factory class: org.codehaus.groovy.jsr223.GroovyScriptEngineFactory
DEBUG StatusLogger Oracle Nashorn version: 1.8.0_402, language: ECMAScript, threading: Not Thread Safe, compile: true, names: [nashorn, Nashorn, js, JS, JavaScript, javascript, ECMAScript, ecmascript], factory class: jdk.nashorn.api.scripting.NashornScriptEngineFactory
INFO StatusLogger Scanning for classes in '/home/alex/Repositories/hive/common/target/classes/org/apache/hadoop/hive/ql/log' matching criteria annotated with @Plugin
DEBUG StatusLogger Checking to see if class org.apache.hadoop.hive.ql.log.PerfLogger matches criteria annotated with @Plugin
INFO StatusLogger Scanning for classes in '/home/alex/Repositories/hive/ql/target/test-classes/org/apache/hadoop/hive/ql/log' matching criteria annotated with @Plugin
DEBUG StatusLogger Checking to see if class org.apache.hadoop.hive.ql.log.TestSlidingFilenameRolloverStrategy matches criteria annotated with @Plugin
DEBUG StatusLogger Checking to see if class org.apache.hadoop.hive.ql.log.TestSyslogInputFormat matches criteria annotated with @Plugin
DEBUG StatusLogger Checking to see if class org.apache.hadoop.hive.ql.log.TestLog4j2Appenders matches criteria annotated with @Plugin
INFO StatusLogger Scanning for classes in '/home/alex/Repositories/hive/ql/target/classes/org/apache/hadoop/hive/ql/log' matching criteria annotated with @Plugin
DEBUG StatusLogger Checking to see if class org.apache.hadoop.hive.ql.log.PidFilePatternConverter matches criteria annotated with @Plugin
DEBUG StatusLogger Checking to see if class org.apache.hadoop.hive.ql.log.LogDivertAppenderForTest$TestFilter matches criteria annotated with @Plugin
DEBUG StatusLogger Checking to see if class org.apache.hadoop.hive.ql.log.HushableRandomAccessFileAppender matches criteria annotated with @Plugin
DEBUG StatusLogger Checking to see if class org.apache.hadoop.hive.ql.log.LogDivertAppender$NameFilter matches criteria annotated with @Plugin
DEBUG StatusLogger Checking to see if class org.apache.hadoop.hive.ql.log.LogDivertAppenderForTest matches criteria annotated with @Plugin
DEBUG StatusLogger Checking to see if class org.apache.hadoop.hive.ql.log.HiveEventCounter matches criteria annotated with @Plugin
DEBUG StatusLogger Checking to see if class org.apache.hadoop.hive.ql.log.HiveEventCounter$EventCounts matches criteria annotated with @Plugin
DEBUG StatusLogger Checking to see if class org.apache.hadoop.hive.ql.log.SlidingFilenameRolloverStrategy matches criteria annotated with @Plugin
DEBUG StatusLogger Checking to see if class org.apache.hadoop.hive.ql.log.HushableRandomAccessFileAppender$1 matches criteria annotated with @Plugin
DEBUG StatusLogger Checking to see if class org.apache.hadoop.hive.ql.log.SlidingFilenameRolloverStrategy$1 matches criteria annotated with @Plugin
DEBUG StatusLogger Checking to see if class org.apache.hadoop.hive.ql.log.HiveEventCounter$1 matches criteria annotated with @Plugin
DEBUG StatusLogger Checking to see if class org.apache.hadoop.hive.ql.log.LogDivertAppender matches criteria annotated with @Plugin
DEBUG StatusLogger Checking to see if class org.apache.hadoop.hive.ql.log.syslog.SyslogSerDe matches criteria annotated with @Plugin
DEBUG StatusLogger Checking to see if class org.apache.hadoop.hive.ql.log.syslog.SyslogStorageHandler matches criteria annotated with @Plugin
DEBUG StatusLogger Checking to see if class org.apache.hadoop.hive.ql.log.syslog.SyslogInputFormat$Location matches criteria annotated with @Plugin
DEBUG StatusLogger Checking to see if class org.apache.hadoop.hive.ql.log.syslog.SyslogParser matches criteria annotated with @Plugin
DEBUG StatusLogger Checking to see if class org.apache.hadoop.hive.ql.log.syslog.SyslogInputFormat matches criteria annotated with @Plugin
DEBUG StatusLogger Checking to see if class org.apache.hadoop.hive.ql.log.NullAppender matches criteria annotated with @Plugin
DEBUG StatusLogger Took 0,024207 seconds to load 7 plugins from package org.apache.hadoop.hive.ql.log
DEBUG StatusLogger PluginManager 'Core' found 132 plugins
DEBUG StatusLogger PluginManager 'Level' found 0 plugins
DEBUG StatusLogger Building Plugin[name=property, class=org.apache.logging.log4j.core.config.Property].
TRACE StatusLogger TypeConverterRegistry initializing.
DEBUG StatusLogger PluginManager 'TypeConverter' found 26 plugins
DEBUG StatusLogger createProperty(name="hive.log.file", value="hive.log")
DEBUG StatusLogger Building Plugin[name=property, class=org.apache.logging.log4j.core.config.Property].
DEBUG StatusLogger createProperty(name="hive.log.dir", value="/home/alex/Repositories/hive/beeline/target/tmp/log")
DEBUG StatusLogger Building Plugin[name=property, class=org.apache.logging.log4j.core.config.Property].
DEBUG StatusLogger createProperty(name="hive.root.logger", value="DRFA")
DEBUG StatusLogger Building Plugin[name=property, class=org.apache.logging.log4j.core.config.Property].
DEBUG StatusLogger createProperty(name="hive.log.level", value="DEBUG")
DEBUG StatusLogger Building Plugin[name=property, class=org.apache.logging.log4j.core.config.Property].
DEBUG StatusLogger createProperty(name="hive.test.console.log.level", value="INFO")
DEBUG StatusLogger Building Plugin[name=properties, class=org.apache.logging.log4j.core.config.PropertiesPlugin].
DEBUG StatusLogger configureSubstitutor(={hive.log.file=hive.log, hive.log.dir=/home/alex/Repositories/hive/beeline/target/tmp/log, hive.root.logger=DRFA, hive.log.level=DEBUG, hive.test.console.log.level=INFO}, Configuration(HiveLog4j2Test))
DEBUG StatusLogger PluginManager 'Lookup' found 17 plugins
DEBUG StatusLogger Building Plugin[name=logger, class=org.apache.logging.log4j.core.config.LoggerConfig].
DEBUG StatusLogger createLogger(additivity="true", level="WARN", name="org.apache.hadoop.ipc", includeLocation="null", ={}, ={}, Configuration(HiveLog4j2Test), Filter=null)
DEBUG StatusLogger Building Plugin[name=logger, class=org.apache.logging.log4j.core.config.LoggerConfig].
DEBUG StatusLogger createLogger(additivity="true", level="INFO", name="org.apache.hadoop.security", includeLocation="null", ={}, ={}, Configuration(HiveLog4j2Test), Filter=null)
DEBUG StatusLogger Building Plugin[name=logger, class=org.apache.logging.log4j.core.config.LoggerConfig].
DEBUG StatusLogger createLogger(additivity="true", level="INFO", name="org.apache.hadoop.hdfs", includeLocation="null", ={}, ={}, Configuration(HiveLog4j2Test), Filter=null)
DEBUG StatusLogger Building Plugin[name=logger, class=org.apache.logging.log4j.core.config.LoggerConfig].
DEBUG StatusLogger createLogger(additivity="true", level="WARN", name="org.apache.hadoop.hdfs.server", includeLocation="null", ={}, ={}, Configuration(HiveLog4j2Test), Filter=null)
DEBUG StatusLogger Building Plugin[name=logger, class=org.apache.logging.log4j.core.config.LoggerConfig].
DEBUG StatusLogger createLogger(additivity="true", level="INFO", name="org.apache.hadoop.metrics2", includeLocation="null", ={}, ={}, Configuration(HiveLog4j2Test), Filter=null)
DEBUG StatusLogger Building Plugin[name=logger, class=org.apache.logging.log4j.core.config.LoggerConfig].
DEBUG StatusLogger createLogger(additivity="true", level="INFO", name="org.mortbay", includeLocation="null", ={}, ={}, Configuration(HiveLog4j2Test), Filter=null)
DEBUG StatusLogger Building Plugin[name=logger, class=org.apache.logging.log4j.core.config.LoggerConfig].
DEBUG StatusLogger createLogger(additivity="true", level="INFO", name="org.apache.hadoop.yarn", includeLocation="null", ={}, ={}, Configuration(HiveLog4j2Test), Filter=null)
DEBUG StatusLogger Building Plugin[name=logger, class=org.apache.logging.log4j.core.config.LoggerConfig].
DEBUG StatusLogger createLogger(additivity="true", level="WARN", name="org.apache.hadoop.yarn.server", includeLocation="null", ={}, ={}, Configuration(HiveLog4j2Test), Filter=null)
DEBUG StatusLogger Building Plugin[name=logger, class=org.apache.logging.log4j.core.config.LoggerConfig].
DEBUG StatusLogger createLogger(additivity="true", level="INFO", name="org.apache.tez", includeLocation="null", ={}, ={}, Configuration(HiveLog4j2Test), Filter=null)
DEBUG StatusLogger Building Plugin[name=logger, class=org.apache.logging.log4j.core.config.LoggerConfig].
DEBUG StatusLogger createLogger(additivity="true", level="ERROR", name="org.apache.hadoop.conf.Configuration", includeLocation="null", ={}, ={}, Configuration(HiveLog4j2Test), Filter=null)
DEBUG StatusLogger Building Plugin[name=logger, class=org.apache.logging.log4j.core.config.LoggerConfig].
DEBUG StatusLogger createLogger(additivity="true", level="INFO", name="org.apache.zookeeper", includeLocation="null", ={}, ={}, Configuration(HiveLog4j2Test), Filter=null)
DEBUG StatusLogger Building Plugin[name=logger, class=org.apache.logging.log4j.core.config.LoggerConfig].
DEBUG StatusLogger createLogger(additivity="true", level="WARN", name="org.apache.zookeeper.server.ServerCnxn", includeLocation="null", ={}, ={}, Configuration(HiveLog4j2Test), Filter=null)
DEBUG StatusLogger Building Plugin[name=logger, class=org.apache.logging.log4j.core.config.LoggerConfig].
DEBUG StatusLogger createLogger(additivity="true", level="WARN", name="org.apache.zookeeper.server.NIOServerCnxn", includeLocation="null", ={}, ={}, Configuration(HiveLog4j2Test), Filter=null)
DEBUG StatusLogger Building Plugin[name=logger, class=org.apache.logging.log4j.core.config.LoggerConfig].
DEBUG StatusLogger createLogger(additivity="true", level="WARN", name="org.apache.zookeeper.ClientCnxn", includeLocation="null", ={}, ={}, Configuration(HiveLog4j2Test), Filter=null)
DEBUG StatusLogger Building Plugin[name=logger, class=org.apache.logging.log4j.core.config.LoggerConfig].
DEBUG StatusLogger createLogger(additivity="true", level="WARN", name="org.apache.zookeeper.ClientCnxnSocket", includeLocation="null", ={}, ={}, Configuration(HiveLog4j2Test), Filter=null)
DEBUG StatusLogger Building Plugin[name=logger, class=org.apache.logging.log4j.core.config.LoggerConfig].
DEBUG StatusLogger createLogger(additivity="true", level="WARN", name="org.apache.zookeeper.ClientCnxnSocketNIO", includeLocation="null", ={}, ={}, Configuration(HiveLog4j2Test), Filter=null)
DEBUG StatusLogger Building Plugin[name=logger, class=org.apache.logging.log4j.core.config.LoggerConfig].
DEBUG StatusLogger createLogger(additivity="true", level="ERROR", name="DataNucleus", includeLocation="null", ={}, ={}, Configuration(HiveLog4j2Test), Filter=null)
DEBUG StatusLogger Building Plugin[name=logger, class=org.apache.logging.log4j.core.config.LoggerConfig].
DEBUG StatusLogger createLogger(additivity="true", level="ERROR", name="Datastore", includeLocation="null", ={}, ={}, Configuration(HiveLog4j2Test), Filter=null)
DEBUG StatusLogger Building Plugin[name=logger, class=org.apache.logging.log4j.core.config.LoggerConfig].
DEBUG StatusLogger createLogger(additivity="true", level="ERROR", name="JPOX", includeLocation="null", ={}, ={}, Configuration(HiveLog4j2Test), Filter=null)
DEBUG StatusLogger Building Plugin[name=logger, class=org.apache.logging.log4j.core.config.LoggerConfig].
DEBUG StatusLogger createLogger(additivity="true", level="INFO", name="org.apache.hadoop.hive.ql.exec.Operator", includeLocation="null", ={}, ={}, Configuration(HiveLog4j2Test), Filter=null)
DEBUG StatusLogger Building Plugin[name=logger, class=org.apache.logging.log4j.core.config.LoggerConfig].
DEBUG StatusLogger createLogger(additivity="true", level="INFO", name="org.apache.hadoop.hive.serde2.lazy", includeLocation="null", ={}, ={}, Configuration(HiveLog4j2Test), Filter=null)
DEBUG StatusLogger Building Plugin[name=logger, class=org.apache.logging.log4j.core.config.LoggerConfig].
DEBUG StatusLogger createLogger(additivity="true", level="INFO", name="org.apache.hadoop.hive.metastore.ObjectStore", includeLocation="null", ={}, ={}, Configuration(HiveLog4j2Test), Filter=null)
DEBUG StatusLogger Building Plugin[name=logger, class=org.apache.logging.log4j.core.config.LoggerConfig].
DEBUG StatusLogger createLogger(additivity="true", level="INFO", name="org.apache.calcite.plan.RelOptPlanner", includeLocation="null", ={}, ={}, Configuration(HiveLog4j2Test), Filter=null)
DEBUG StatusLogger Building Plugin[name=logger, class=org.apache.logging.log4j.core.config.LoggerConfig].
DEBUG StatusLogger createLogger(additivity="true", level="INFO", name="com.amazonaws", includeLocation="null", ={}, ={}, Configuration(HiveLog4j2Test), Filter=null)
DEBUG StatusLogger Building Plugin[name=logger, class=org.apache.logging.log4j.core.config.LoggerConfig].
DEBUG StatusLogger createLogger(additivity="true", level="INFO", name="org.apache.http", includeLocation="null", ={}, ={}, Configuration(HiveLog4j2Test), Filter=null)
DEBUG StatusLogger Building Plugin[name=logger, class=org.apache.logging.log4j.core.config.LoggerConfig].
DEBUG StatusLogger createLogger(additivity="true", level="WARN", name="org.apache.thrift", includeLocation="null", ={}, ={}, Configuration(HiveLog4j2Test), Filter=null)
DEBUG StatusLogger Building Plugin[name=logger, class=org.apache.logging.log4j.core.config.LoggerConfig].
DEBUG StatusLogger createLogger(additivity="true", level="WARN", name="org.eclipse.jetty", includeLocation="null", ={}, ={}, Configuration(HiveLog4j2Test), Filter=null)
DEBUG StatusLogger Building Plugin[name=logger, class=org.apache.logging.log4j.core.config.LoggerConfig].
DEBUG StatusLogger createLogger(additivity="true", level="WARN", name="BlockStateChange", includeLocation="null", ={}, ={}, Configuration(HiveLog4j2Test), Filter=null)
DEBUG StatusLogger Building Plugin[name=logger, class=org.apache.logging.log4j.core.config.LoggerConfig].
DEBUG StatusLogger createLogger(additivity="true", level="DEBUG", name="org.apache.hadoop.hive.ql.optimizer.SharedWorkOptimizer", includeLocation="null", ={}, ={}, Configuration(HiveLog4j2Test), Filter=null)
DEBUG StatusLogger Building Plugin[name=AppenderRef, class=org.apache.logging.log4j.core.config.AppenderRef].
DEBUG StatusLogger createAppenderRef(ref="console", level="INFO", Filter=null)
DEBUG StatusLogger Building Plugin[name=AppenderRef, class=org.apache.logging.log4j.core.config.AppenderRef].
DEBUG StatusLogger createAppenderRef(ref="DRFA", level="null", Filter=null)
DEBUG StatusLogger Building Plugin[name=root, class=org.apache.logging.log4j.core.config.LoggerConfig$RootLogger].
DEBUG StatusLogger createLogger(additivity="null", level="DEBUG", includeLocation="null", ={console, DRFA}, ={}, Configuration(HiveLog4j2Test), Filter=null)
DEBUG StatusLogger Building Plugin[name=loggers, class=org.apache.logging.log4j.core.config.LoggersPlugin].
DEBUG StatusLogger createLoggers(={org.apache.hadoop.ipc, org.apache.hadoop.security, org.apache.hadoop.hdfs, org.apache.hadoop.hdfs.server, org.apache.hadoop.metrics2, org.mortbay, org.apache.hadoop.yarn, org.apache.hadoop.yarn.server, org.apache.tez, org.apache.hadoop.conf.Configuration, org.apache.zookeeper, org.apache.zookeeper.server.ServerCnxn, org.apache.zookeeper.server.NIOServerCnxn, org.apache.zookeeper.ClientCnxn, org.apache.zookeeper.ClientCnxnSocket, org.apache.zookeeper.ClientCnxnSocketNIO, DataNucleus, Datastore, JPOX, org.apache.hadoop.hive.ql.exec.Operator, org.apache.hadoop.hive.serde2.lazy, org.apache.hadoop.hive.metastore.ObjectStore, org.apache.calcite.plan.RelOptPlanner, com.amazonaws, org.apache.http, org.apache.thrift, org.eclipse.jetty, BlockStateChange, org.apache.hadoop.hive.ql.optimizer.SharedWorkOptimizer, root})
DEBUG StatusLogger Building Plugin[name=layout, class=org.apache.logging.log4j.core.layout.PatternLayout].
DEBUG StatusLogger PatternLayout$Builder(pattern="%d{ISO8601} %5p [%t] %c{2}: %m%n", PatternSelector=null, Configuration(HiveLog4j2Test), Replace=null, charset="null", alwaysWriteExceptions="null", disableAnsi="null", noConsoleNoAnsi="null", header="null", footer="null")
DEBUG StatusLogger PluginManager 'Converter' found 46 plugins
DEBUG StatusLogger Building Plugin[name=appender, class=org.apache.logging.log4j.core.appender.ConsoleAppender].
DEBUG StatusLogger ConsoleAppender$Builder(target="SYSTEM_ERR", follow="null", direct="null", bufferedIo="null", bufferSize="null", immediateFlush="null", ignoreExceptions="null", PatternLayout(%d{ISO8601} %5p [%t] %c{2}: %m%n), name="console", Configuration(HiveLog4j2Test), Filter=null, ={})
DEBUG StatusLogger Starting OutputStreamManager SYSTEM_ERR.false.false
DEBUG StatusLogger Building Plugin[name=layout, class=org.apache.logging.log4j.core.layout.PatternLayout].
DEBUG StatusLogger PatternLayout$Builder(pattern="%d{ISO8601} %5p [%t] %c{2}: %m%n", PatternSelector=null, Configuration(HiveLog4j2Test), Replace=null, charset="null", alwaysWriteExceptions="null", disableAnsi="null", noConsoleNoAnsi="null", header="null", footer="null")
DEBUG StatusLogger Building Plugin[name=TimeBasedTriggeringPolicy, class=org.apache.logging.log4j.core.appender.rolling.TimeBasedTriggeringPolicy].
DEBUG StatusLogger TimeBasedTriggeringPolicy$Builder(interval="1", modulate="true", maxRandomDelay="null")
DEBUG StatusLogger Building Plugin[name=Policies, class=org.apache.logging.log4j.core.appender.rolling.CompositeTriggeringPolicy].
DEBUG StatusLogger createPolicy(={TimeBasedTriggeringPolicy(nextRolloverMillis=0, interval=1, modulate=true)})
DEBUG StatusLogger Building Plugin[name=DefaultRolloverStrategy, class=org.apache.logging.log4j.core.appender.rolling.DefaultRolloverStrategy].
DEBUG StatusLogger DefaultRolloverStrategy$Builder(max="30", min="null", fileIndex="null", compressionLevel="null", ={}, stopCustomActionsOnError="null", tempCompressedFilePattern="null", Configuration(HiveLog4j2Test))
DEBUG StatusLogger Building Plugin[name=appender, class=org.apache.logging.log4j.core.appender.RollingRandomAccessFileAppender].
DEBUG StatusLogger RollingRandomAccessFileAppender$Builder(fileName="/home/alex/Repositories/hive/beeline/target/tmp/log/hive.log", filePattern="/home/alex/Repositories/hive/beeline/target/tmp/log/hive.log.%d{yyyy-MM-dd}", append="null", Policies(CompositeTriggeringPolicy(policies=[TimeBasedTriggeringPolicy(nextRolloverMillis=0, interval=1, modulate=true)])), DefaultRolloverStrategy(DefaultRolloverStrategy(min=1, max=30, useMax=true)), advertise="null", advertiseURI="null", filePermissions="null", fileOwner="null", fileGroup="null", bufferedIo="null", bufferSize="null", immediateFlush="null", ignoreExceptions="null", PatternLayout(%d{ISO8601} %5p [%t] %c{2}: %m%n), name="DRFA", Configuration(HiveLog4j2Test), Filter=null, ={})
TRACE StatusLogger RandomAccessFile /home/alex/Repositories/hive/beeline/target/tmp/log/hive.log seek to 0
DEBUG StatusLogger Starting RollingRandomAccessFileManager /home/alex/Repositories/hive/beeline/target/tmp/log/hive.log
DEBUG StatusLogger PluginManager 'FileConverter' found 3 plugins
DEBUG StatusLogger Setting prev file time to 2024-04-30T20:08:37.132-0700
DEBUG StatusLogger Initializing triggering policy CompositeTriggeringPolicy(policies=[TimeBasedTriggeringPolicy(nextRolloverMillis=0, interval=1, modulate=true)])
DEBUG StatusLogger Initializing triggering policy TimeBasedTriggeringPolicy(nextRolloverMillis=0, interval=1, modulate=true)
TRACE StatusLogger PatternProcessor.getNextTime returning 2024/05/01-00:00:00.000, nextFileTime=2024/04/30-00:00:00.000, prevFileTime=1969/12/31-16:00:00.000, current=2024/04/30-20:08:37.139, freq=DAILY
TRACE StatusLogger PatternProcessor.getNextTime returning 2024/05/01-00:00:00.000, nextFileTime=2024/04/30-00:00:00.000, prevFileTime=2024/04/30-00:00:00.000, current=2024/04/30-20:08:37.140, freq=DAILY
DEBUG StatusLogger Building Plugin[name=appenders, class=org.apache.logging.log4j.core.config.AppendersPlugin].
DEBUG StatusLogger createAppenders(={console, DRFA})
DEBUG StatusLogger Configuration org.apache.logging.log4j.core.config.properties.PropertiesConfiguration@2a693f59 initialized
DEBUG StatusLogger Starting configuration org.apache.logging.log4j.core.config.properties.PropertiesConfiguration@2a693f59
DEBUG StatusLogger Started configuration org.apache.logging.log4j.core.config.properties.PropertiesConfiguration@2a693f59 OK.
TRACE StatusLogger Stopping org.apache.logging.log4j.core.config.DefaultConfiguration@65e98b1c...
TRACE StatusLogger DefaultConfiguration notified 1 ReliabilityStrategies that config will be stopped.
TRACE StatusLogger DefaultConfiguration stopping root LoggerConfig.
TRACE StatusLogger DefaultConfiguration notifying ReliabilityStrategies that appenders will be stopped.
TRACE StatusLogger DefaultConfiguration stopping remaining Appenders.
DEBUG StatusLogger Shutting down OutputStreamManager SYSTEM_OUT.false.false-1
DEBUG StatusLogger OutputStream closed
DEBUG StatusLogger Shut down OutputStreamManager SYSTEM_OUT.false.false-1, all resources released: true
DEBUG StatusLogger Appender DefaultConsole-1 stopped with status true
TRACE StatusLogger DefaultConfiguration stopped 1 remaining Appenders.
TRACE StatusLogger DefaultConfiguration cleaning Appenders from 1 LoggerConfigs.
DEBUG StatusLogger Stopped org.apache.logging.log4j.core.config.DefaultConfiguration@65e98b1c OK
TRACE StatusLogger Reregistering MBeans after reconfigure. Selector=org.apache.logging.log4j.core.selector.ClassLoaderContextSelector@4af0df05
TRACE StatusLogger Reregistering context (1/1): '7f31245a' org.apache.logging.log4j.core.LoggerContext@76b1e9b8
TRACE StatusLogger Unregistering but no MBeans found matching 'org.apache.logging.log4j2:type=7f31245a'
TRACE StatusLogger Unregistering but no MBeans found matching 'org.apache.logging.log4j2:type=7f31245a,component=StatusLogger'
TRACE StatusLogger Unregistering but no MBeans found matching 'org.apache.logging.log4j2:type=7f31245a,component=ContextSelector'
TRACE StatusLogger Unregistering but no MBeans found matching 'org.apache.logging.log4j2:type=7f31245a,component=Loggers,name=*'
TRACE StatusLogger Unregistering but no MBeans found matching 'org.apache.logging.log4j2:type=7f31245a,component=Appenders,name=*'
TRACE StatusLogger Unregistering but no MBeans found matching 'org.apache.logging.log4j2:type=7f31245a,component=AsyncAppenders,name=*'
TRACE StatusLogger Unregistering but no MBeans found matching 'org.apache.logging.log4j2:type=7f31245a,component=AsyncLoggerRingBuffer'
TRACE StatusLogger Unregistering but no MBeans found matching 'org.apache.logging.log4j2:type=7f31245a,component=Loggers,name=*,subtype=RingBuffer'
DEBUG StatusLogger Registering MBean org.apache.logging.log4j2:type=7f31245a
DEBUG StatusLogger Registering MBean org.apache.logging.log4j2:type=7f31245a,component=StatusLogger
DEBUG StatusLogger Registering MBean org.apache.logging.log4j2:type=7f31245a,component=ContextSelector
DEBUG StatusLogger Registering MBean org.apache.logging.log4j2:type=7f31245a,component=Loggers,name=
DEBUG StatusLogger Registering MBean org.apache.logging.log4j2:type=7f31245a,component=Loggers,name=org.apache.tez
DEBUG StatusLogger Registering MBean org.apache.logging.log4j2:type=7f31245a,component=Loggers,name=com.amazonaws
DEBUG StatusLogger Registering MBean org.apache.logging.log4j2:type=7f31245a,component=Loggers,name=org.apache.thrift
DEBUG StatusLogger Registering MBean org.apache.logging.log4j2:type=7f31245a,component=Loggers,name=org.eclipse.jetty
DEBUG StatusLogger Registering MBean org.apache.logging.log4j2:type=7f31245a,component=Loggers,name=BlockStateChange
DEBUG StatusLogger Registering MBean org.apache.logging.log4j2:type=7f31245a,component=Loggers,name=org.apache.hadoop.metrics2
DEBUG StatusLogger Registering MBean org.apache.logging.log4j2:type=7f31245a,component=Loggers,name=org.apache.zookeeper.ClientCnxn
DEBUG StatusLogger Registering MBean org.apache.logging.log4j2:type=7f31245a,component=Loggers,name=org.apache.zookeeper
DEBUG StatusLogger Registering MBean org.apache.logging.log4j2:type=7f31245a,component=Loggers,name=org.apache.hadoop.security
DEBUG StatusLogger Registering MBean org.apache.logging.log4j2:type=7f31245a,component=Loggers,name=JPOX
DEBUG StatusLogger Registering MBean org.apache.logging.log4j2:type=7f31245a,component=Loggers,name=org.apache.hadoop.hive.ql.optimizer.SharedWorkOptimizer
DEBUG StatusLogger Registering MBean org.apache.logging.log4j2:type=7f31245a,component=Loggers,name=org.apache.hadoop.yarn.server
DEBUG StatusLogger Registering MBean org.apache.logging.log4j2:type=7f31245a,component=Loggers,name=org.apache.hadoop.conf.Configuration
DEBUG StatusLogger Registering MBean org.apache.logging.log4j2:type=7f31245a,component=Loggers,name=org.apache.hadoop.yarn
DEBUG StatusLogger Registering MBean org.apache.logging.log4j2:type=7f31245a,component=Loggers,name=org.apache.zookeeper.ClientCnxnSocketNIO
DEBUG StatusLogger Registering MBean org.apache.logging.log4j2:type=7f31245a,component=Loggers,name=org.apache.zookeeper.server.ServerCnxn
DEBUG StatusLogger Registering MBean org.apache.logging.log4j2:type=7f31245a,component=Loggers,name=org.apache.hadoop.hdfs
DEBUG StatusLogger Registering MBean org.apache.logging.log4j2:type=7f31245a,component=Loggers,name=org.apache.hadoop.hdfs.server
DEBUG StatusLogger Registering MBean org.apache.logging.log4j2:type=7f31245a,component=Loggers,name=org.apache.hadoop.hive.serde2.lazy
DEBUG StatusLogger Registering MBean org.apache.logging.log4j2:type=7f31245a,component=Loggers,name=org.apache.zookeeper.ClientCnxnSocket
DEBUG StatusLogger Registering MBean org.apache.logging.log4j2:type=7f31245a,component=Loggers,name=org.mortbay
DEBUG StatusLogger Registering MBean org.apache.logging.log4j2:type=7f31245a,component=Loggers,name=org.apache.http
DEBUG StatusLogger Registering MBean org.apache.logging.log4j2:type=7f31245a,component=Loggers,name=org.apache.hadoop.hive.ql.exec.Operator
DEBUG StatusLogger Registering MBean org.apache.logging.log4j2:type=7f31245a,component=Loggers,name=DataNucleus
DEBUG StatusLogger Registering MBean org.apache.logging.log4j2:type=7f31245a,component=Loggers,name=Datastore
DEBUG StatusLogger Registering MBean org.apache.logging.log4j2:type=7f31245a,component=Loggers,name=org.apache.hadoop.hive.metastore.ObjectStore
DEBUG StatusLogger Registering MBean org.apache.logging.log4j2:type=7f31245a,component=Loggers,name=org.apache.hadoop.ipc
DEBUG StatusLogger Registering MBean org.apache.logging.log4j2:type=7f31245a,component=Loggers,name=org.apache.zookeeper.server.NIOServerCnxn
DEBUG StatusLogger Registering MBean org.apache.logging.log4j2:type=7f31245a,component=Loggers,name=org.apache.calcite.plan.RelOptPlanner
DEBUG StatusLogger Registering MBean org.apache.logging.log4j2:type=7f31245a,component=Appenders,name=console
DEBUG StatusLogger Registering MBean org.apache.logging.log4j2:type=7f31245a,component=Appenders,name=DRFA
TRACE StatusLogger Using default SystemClock for timestamps.
DEBUG StatusLogger org.apache.logging.log4j.core.util.SystemClock does not support precise timestamps.
TRACE StatusLogger Using DummyNanoClock for nanosecond timestamps.
DEBUG StatusLogger Reconfiguration complete for context[name=7f31245a] at URI /home/alex/Repositories/hive/beeline/target/testconf/hive-log4j2.properties (org.apache.logging.log4j.core.LoggerContext@76b1e9b8) with optional ClassLoader: null
DEBUG StatusLogger Shutdown hook enabled. Registering a new one.
DEBUG StatusLogger LoggerContext[name=7f31245a, org.apache.logging.log4j.core.LoggerContext@76b1e9b8] started OK.
2024-04-30T20:08:37,274  INFO [main] conf.HiveConf: Found configuration file file:/home/alex/Repositories/hive/beeline/target/test-classes/hive-site.xml
DEBUG StatusLogger AsyncLogger.ThreadNameStrategy=UNCACHED (user specified null, default is UNCACHED)
TRACE StatusLogger Using default SystemClock for timestamps.
DEBUG StatusLogger org.apache.logging.log4j.core.util.SystemClock does not support precise timestamps.
2024-04-30T20:08:37,672  WARN [main] util.NativeCodeLoader: Unable to load native-hadoop library for your platform... using builtin-java classes where applicable
2024-04-30T20:08:37,731  WARN [main] conf.HiveConf: HiveConf of name hive.dummyparam.test.server.specific.config.override does not exist
2024-04-30T20:08:37,732  WARN [main] conf.HiveConf: HiveConf of name hive.dummyparam.test.server.specific.config.metastoresite does not exist
Connecting to jdbc:hive2://
2024-04-30T20:08:38,106  WARN [main] conf.HiveConf: HiveConf of name hive.dummyparam.test.server.specific.config.override does not exist
2024-04-30T20:08:38,107  WARN [main] conf.HiveConf: HiveConf of name hive.dummyparam.test.server.specific.config.hiveserver2site does not exist
2024-04-30T20:08:38,107  WARN [main] conf.HiveConf: HiveConf of name hive.dummyparam.test.server.specific.config.metastoresite does not exist
Hive Session ID = ea6f7645-59a9-4f06-a64f-5f9d53036145
2024-04-30T20:08:38,149  INFO [main] SessionState: Hive Session ID = ea6f7645-59a9-4f06-a64f-5f9d53036145
ivysettings.xml file not found in HIVE_HOME or HIVE_CONF_DIR,/home/alex/Repositories/hive/conf/ivysettings.xml will be used
2024-04-30T20:08:38,165  INFO [main] DependencyResolver: ivysettings.xml file not found in HIVE_HOME or HIVE_CONF_DIR,/home/alex/Repositories/hive/conf/ivysettings.xml will be used
2024-04-30T20:08:38,447  INFO [main] session.SessionState: Created HDFS directory: /tmp/hive/alex
2024-04-30T20:08:38,450  INFO [main] session.SessionState: Created local directory: /home/alex/Repositories/hive/beeline/target/tmp/alex
2024-04-30T20:08:38,454  INFO [main] session.SessionState: Created HDFS directory: /tmp/hive/alex/ea6f7645-59a9-4f06-a64f-5f9d53036145
2024-04-30T20:08:38,457  INFO [main] session.SessionState: Created local directory: /home/alex/Repositories/hive/beeline/target/tmp/alex/ea6f7645-59a9-4f06-a64f-5f9d53036145
2024-04-30T20:08:38,461  INFO [main] session.SessionState: Created HDFS directory: /tmp/hive/alex/ea6f7645-59a9-4f06-a64f-5f9d53036145/_tmp_space.db
2024-04-30T20:08:38,492  INFO [main] sqlstd.SQLStdHiveAccessController: Created SQLStdHiveAccessController for session context : HiveAuthzSessionContext [sessionString=ea6f7645-59a9-4f06-a64f-5f9d53036145, clientType=HIVESERVER2]
2024-04-30T20:08:38,601  INFO [main] metastore.HiveMetaStoreClient: HMS client filtering is enabled.
2024-04-30T20:08:38,735  INFO [main] metastore.HMSHandler: 0: Opening raw store with implementation class:org.apache.hadoop.hive.metastore.ObjectStore
2024-04-30T20:08:38,766  INFO [main] metastore.PersistenceManagerProvider: Configuration datanucleus.autoStartMechanismMode is not set. Defaulting to 'ignored'
2024-04-30T20:08:38,772  INFO [main] metastore.PersistenceManagerProvider: Updating the pmf due to property change
2024-04-30T20:08:38,772  INFO [main] metastore.PersistenceManagerProvider: Current pmf properties are uninitialized
2024-04-30T20:08:38,790  WARN [main] hikari.HikariConfig: HikariPool-1 - leakDetectionThreshold is less than 2000ms or more than maxLifetime, disabling it.
2024-04-30T20:08:38,794  INFO [main] hikari.HikariDataSource: HikariPool-1 - Starting...
2024-04-30T20:08:39,518  INFO [main] pool.PoolBase: HikariPool-1 - Driver does not support get/set network timeout for connections. (Feature not implemented: No details.)
2024-04-30T20:08:39,521  INFO [main] hikari.HikariDataSource: HikariPool-1 - Start completed.
2024-04-30T20:08:40,142  INFO [main] metastore.PersistenceManagerProvider: Setting MetaStore object pin classes with hive.metastore.cache.pinobjtypes="Table,StorageDescriptor,SerDeInfo,Partition,Database,Type,FieldSchema,Order"
2024-04-30T20:08:40,143  INFO [main] metastore.ObjectStore: RawStore: org.apache.hadoop.hive.metastore.ObjectStore@2938127d, with PersistenceManager: null will be shutdown
2024-04-30T20:08:40,164  INFO [main] metastore.ObjectStore: RawStore: org.apache.hadoop.hive.metastore.ObjectStore@2938127d, with PersistenceManager: org.datanucleus.api.jdo.JDOPersistenceManager@7c8c70d6 created in the thread with id: 1
2024-04-30T20:08:43,114  WARN [main] metastore.ObjectStore: Version information not found in metastore. metastore.schema.verification is not enabled so recording the schema version 4.0.0
2024-04-30T20:08:43,114  WARN [main] metastore.ObjectStore: setMetaStoreSchemaVersion called but recording version is disabled: version = 4.0.0, comment = Set by MetaStore alex@127.0.1.1
2024-04-30T20:08:43,114  INFO [main] metastore.HMSHandler: Created RawStore: org.apache.hadoop.hive.metastore.ObjectStore@2938127d from thread id: 1
2024-04-30T20:08:43,250  INFO [main] metastore.HMSHandler: Started creating a default database with name: default
2024-04-30T20:08:43,285  INFO [main] metastore.HMSHandler: Successfully created a default database with name: default
2024-04-30T20:08:43,326  INFO [main] metastore.HMSHandler: Added admin role in metastore
2024-04-30T20:08:43,328  INFO [main] metastore.HMSHandler: Added public role in metastore
2024-04-30T20:08:43,384  INFO [main] metastore.HMSHandler: No user is added in admin role, since config is empty
2024-04-30T20:08:43,389  INFO [main] metastore.HMSHandler: Scheduling for org.apache.hadoop.hive.metastore.events.EventCleanerTask service with frequency 0ms.
2024-04-30T20:08:43,389  INFO [main] metastore.HMSHandler: Scheduling for org.apache.hadoop.hive.metastore.RuntimeStatsCleanerTask service with frequency 3600000ms.
2024-04-30T20:08:43,392  INFO [main] metastore.HMSHandler: Scheduling for org.apache.hadoop.hive.metastore.HiveProtoEventsCleanerTask service with frequency 86400000ms.
2024-04-30T20:08:43,412  WARN [main] hikari.HikariConfig: HikariPool-2 - leakDetectionThreshold is less than 2000ms or more than maxLifetime, disabling it.
2024-04-30T20:08:43,416  INFO [main] hikari.HikariDataSource: HikariPool-2 - Starting...
2024-04-30T20:08:43,417  INFO [main] pool.PoolBase: HikariPool-2 - Driver does not support get/set network timeout for connections. (Feature not implemented: No details.)
2024-04-30T20:08:43,418  INFO [main] hikari.HikariDataSource: HikariPool-2 - Start completed.
2024-04-30T20:08:43,420  WARN [main] hikari.HikariConfig: HikariPool-3 - leakDetectionThreshold is less than 2000ms or more than maxLifetime, disabling it.
2024-04-30T20:08:43,423  INFO [main] hikari.HikariDataSource: HikariPool-3 - Starting...
2024-04-30T20:08:43,425  INFO [main] pool.PoolBase: HikariPool-3 - Driver does not support get/set network timeout for connections. (Feature not implemented: No details.)
2024-04-30T20:08:43,425  INFO [main] hikari.HikariDataSource: HikariPool-3 - Start completed.
2024-04-30T20:08:43,432  INFO [main] metastore.HMSHandler: Scheduling for org.apache.hadoop.hive.metastore.metrics.AcidMetricService service with frequency 300000ms.
2024-04-30T20:08:43,433  INFO [main] metastore.HMSHandler: Scheduling for org.apache.hadoop.hive.metastore.ReplicationMetricsMaintTask service with frequency 86400000ms.
2024-04-30T20:08:43,434  INFO [main] metastore.HMSHandler: Scheduling for org.apache.hadoop.hive.metastore.ScheduledQueryExecutionsMaintTask service with frequency 60000ms.
2024-04-30T20:08:43,436  INFO [main] metastore.HMSHandler: HMS server filtering is disabled by configuration
2024-04-30T20:08:43,553  INFO [main] metastore.RetryingMetaStoreClient: RetryingMetaStoreClient proxy=class org.apache.hadoop.hive.ql.metadata.SessionHiveMetaStoreClient ugi=alex (auth:SIMPLE) retries=1 delay=1 lifetime=0
2024-04-30T20:08:44,289  WARN [main] exec.FunctionRegistry: UDF Class org.apache.datasketches.hive.cpc.UnionSketchUDF does not have description. Please annotate the class with the org.apache.hadoop.hive.ql.exec.Description annotation and provide the description of the function.
2024-04-30T20:08:44,293  WARN [main] exec.FunctionRegistry: UDF Class org.apache.datasketches.hive.hll.UnionSketchUDF does not have description. Please annotate the class with the org.apache.hadoop.hive.ql.exec.Description annotation and provide the description of the function.
2024-04-30T20:08:44,298  WARN [main] exec.FunctionRegistry: UDF Class org.apache.datasketches.hive.theta.IntersectSketchUDF does not have description. Please annotate the class with the org.apache.hadoop.hive.ql.exec.Description annotation and provide the description of the function.
2024-04-30T20:08:44,299  WARN [main] exec.FunctionRegistry: UDF Class org.apache.datasketches.hive.theta.EstimateSketchUDF does not have description. Please annotate the class with the org.apache.hadoop.hive.ql.exec.Description annotation and provide the description of the function.
2024-04-30T20:08:44,299  WARN [main] exec.FunctionRegistry: UDF Class org.apache.datasketches.hive.theta.ExcludeSketchUDF does not have description. Please annotate the class with the org.apache.hadoop.hive.ql.exec.Description annotation and provide the description of the function.
2024-04-30T20:08:44,301  WARN [main] exec.FunctionRegistry: UDF Class org.apache.datasketches.hive.theta.UnionSketchUDF does not have description. Please annotate the class with the org.apache.hadoop.hive.ql.exec.Description annotation and provide the description of the function.
2024-04-30T20:08:44,302  WARN [main] exec.FunctionRegistry: UDF Class org.apache.datasketches.hive.tuple.ArrayOfDoublesSketchToValuesUDTF does not have description. Please annotate the class with the org.apache.hadoop.hive.ql.exec.Description annotation and provide the description of the function.
2024-04-30T20:08:44,393  INFO [main] service.CompositeService: Operation log root directory is created: /home/alex/Repositories/hive/beeline/target/tmp/alex/operation_logs
2024-04-30T20:08:44,395  INFO [main] service.CompositeService: HiveServer2: Background operation thread pool size: 100
2024-04-30T20:08:44,395  INFO [main] service.CompositeService: HiveServer2: Background operation thread wait queue size: 100
2024-04-30T20:08:44,396  INFO [main] service.CompositeService: HiveServer2: Background operation thread keepalive time: 10 seconds
2024-04-30T20:08:44,397  INFO [main] service.CompositeService: Connections limit are user: 0 ipaddress: 0 user-ipaddress: 0
2024-04-30T20:08:44,401  INFO [main] cleanup.EventualCleanupService: EventualCleanupService started with 10 threads and queue of size 10000
2024-04-30T20:08:44,407  INFO [main] service.AbstractService: Service:OperationManager is inited.
DEBUG StatusLogger Building Plugin[name=appender, class=org.apache.hadoop.hive.ql.log.NullAppender].
DEBUG StatusLogger createNullAppender()
DEBUG StatusLogger PluginManager 'Converter' found 46 plugins
DEBUG StatusLogger Starting OutputStreamManager SYSTEM_OUT.false.false-2
DEBUG StatusLogger Log4j2 ConfigurationScheduler starting 2 threads
DEBUG StatusLogger Building Plugin[name=appender, class=org.apache.hadoop.hive.ql.log.NullAppender].
DEBUG StatusLogger createNullAppender()
DEBUG StatusLogger PluginManager 'Converter' found 46 plugins
DEBUG StatusLogger Starting OutputStreamManager SYSTEM_OUT.false.false-3
2024-04-30T20:08:44,419  INFO [main] service.AbstractService: Service:SessionManager is inited.
2024-04-30T20:08:44,419  INFO [main] service.AbstractService: Service:CLIService is inited.
2024-04-30T20:08:44,419  INFO [main] service.AbstractService: Service:OperationManager is started.
2024-04-30T20:08:44,419  INFO [main] service.AbstractService: Service:SessionManager is started.
2024-04-30T20:08:44,420  INFO [main] service.AbstractService: Service:CLIService is started.
2024-04-30T20:08:44,421  INFO [main] service.AbstractService: Service:ThriftBinaryCLIService is inited.
2024-04-30T20:08:44,423  INFO [main] thrift.ThriftCLIService: Client protocol version: HIVE_CLI_SERVICE_PROTOCOL_V10
2024-04-30T20:08:44,428  INFO [main] thrift.ThriftCLIService: Creating Hive session handle for user [null] from IP null
ivysettings.xml file not found in HIVE_HOME or HIVE_CONF_DIR,/home/alex/Repositories/hive/conf/ivysettings.xml will be used
2024-04-30T20:08:44,434  INFO [main] DependencyResolver: ivysettings.xml file not found in HIVE_HOME or HIVE_CONF_DIR,/home/alex/Repositories/hive/conf/ivysettings.xml will be used
2024-04-30T20:08:44,445  INFO [main] session.SessionState: Created HDFS directory: /tmp/hive/alex/44e23fdc-366c-4fe8-8e18-325b843e040a
2024-04-30T20:08:44,449  INFO [main] session.SessionState: Created local directory: /home/alex/Repositories/hive/beeline/target/tmp/alex/44e23fdc-366c-4fe8-8e18-325b843e040a
2024-04-30T20:08:44,453  INFO [main] session.SessionState: Created HDFS directory: /tmp/hive/alex/44e23fdc-366c-4fe8-8e18-325b843e040a/_tmp_space.db
2024-04-30T20:08:44,456  INFO [main] session.SessionState: Reloading auxiliary JAR files
2024-04-30T20:08:44,457  WARN [main] session.SessionState: Configuration hive.reloadable.aux.jars.path not specified
2024-04-30T20:08:44,459  INFO [main] metastore.HiveMetaStoreClient: HMS client filtering is enabled.
2024-04-30T20:08:44,459  INFO [main] metastore.PersistenceManagerProvider: Configuration datanucleus.autoStartMechanismMode is not set. Defaulting to 'ignored'
2024-04-30T20:08:44,462  INFO [main] metastore.ObjectStore: RawStore: org.apache.hadoop.hive.metastore.ObjectStore@2938127d, with PersistenceManager: org.datanucleus.api.jdo.JDOPersistenceManager@7c8c70d6 will be shutdown
2024-04-30T20:08:44,462  INFO [main] metastore.ObjectStore: RawStore: org.apache.hadoop.hive.metastore.ObjectStore@2938127d, with PersistenceManager: org.datanucleus.api.jdo.JDOPersistenceManager@9785903 created in the thread with id: 1
2024-04-30T20:08:44,480  INFO [main] metastore.HMSHandler: HMS server filtering is disabled by configuration
2024-04-30T20:08:44,480  INFO [main] metastore.RetryingMetaStoreClient: RetryingMetaStoreClient proxy=class org.apache.hadoop.hive.ql.metadata.SessionHiveMetaStoreClient ugi=alex (auth:SIMPLE) retries=1 delay=1 lifetime=0
2024-04-30T20:08:44,482  INFO [main] HiveMetaStore.audit: ugi=alex	ip=unknown-ip-addr	cmd=get_all_functions	
2024-04-30T20:08:44,555  INFO [main] HiveMetaStore.audit: ugi=alex	ip=unknown-ip-addr	cmd=Cleaning up thread local RawStore...	
2024-04-30T20:08:44,555  INFO [main] metastore.ObjectStore: RawStore: org.apache.hadoop.hive.metastore.ObjectStore@2938127d, with PersistenceManager: org.datanucleus.api.jdo.JDOPersistenceManager@9785903 will be shutdown
2024-04-30T20:08:44,556  INFO [main] HiveMetaStore.audit: ugi=alex	ip=unknown-ip-addr	cmd=Done cleaning up thread local RawStore	
2024-04-30T20:08:44,556  INFO [main] metastore.HiveMetaStoreClient: Closed a connection to metastore, current connections: -1
2024-04-30T20:08:44,557  INFO [main] session.HiveSessionImpl: Operation log session directory is created: /home/alex/Repositories/hive/beeline/target/tmp/alex/operation_logs/44e23fdc-366c-4fe8-8e18-325b843e040a
2024-04-30T20:08:44,561  INFO [main] service.CompositeService: Session opened, SessionHandle [44e23fdc-366c-4fe8-8e18-325b843e040a], current sessions:1
2024-04-30T20:08:44,565  INFO [main] thrift.ThriftCLIService: Login attempt is successful for user : null
Connected to: Apache Hive (version 4.0.0-SNAPSHOT)
Error: Couldn't load manifest attributes. (state=,code=0)
Transaction isolation: TRANSACTION_REPEATABLE_READ
2024-04-30T20:08:44,711  WARN [main] conf.HiveConf: HiveConf of name hive.dummyparam.test.server.specific.config.override does not exist
2024-04-30T20:08:44,712  WARN [main] conf.HiveConf: HiveConf of name hive.dummyparam.test.server.specific.config.hiveserver2site does not exist
2024-04-30T20:08:44,712  WARN [main] conf.HiveConf: HiveConf of name hive.dummyparam.test.server.specific.config.metastoresite does not exist
2024-04-30T20:08:44,718  INFO [44e23fdc-366c-4fe8-8e18-325b843e040a main] session.HiveSessionImpl: executing set
2024-04-30T20:08:44,747  INFO [44e23fdc-366c-4fe8-8e18-325b843e040a main] operation.HiveCommandOperation: Putting temp output to file /home/alex/Repositories/hive/beeline/target/tmp/alex/44e23fdc-366c-4fe8-8e18-325b843e040a5935955861353710390.pipeout and error output to file /home/alex/Repositories/hive/beeline/target/tmp/alex/44e23fdc-366c-4fe8-8e18-325b843e040a3268975094491826607.pipeout
2024-04-30T20:08:44,747  INFO [44e23fdc-366c-4fe8-8e18-325b843e040a main] operation.OperationManager: Adding operation: OperationHandle [opType=EXECUTE_STATEMENT, getHandleIdentifier()=9f1d9c34-a321-4dcc-bb8e-e4d6006b5dc5] SessionHandle [44e23fdc-366c-4fe8-8e18-325b843e040a]
2024-04-30T20:08:44,753  INFO [44e23fdc-366c-4fe8-8e18-325b843e040a main] common.LogUtils: Thread context registration is done.
DEBUG StatusLogger Building Plugin[name=filter, class=org.apache.hadoop.hive.ql.log.LogDivertAppender$NameFilter].
DEBUG StatusLogger createFilter(loggingLevel="EXECUTION")
DEBUG StatusLogger Building Plugin[name=layout, class=org.apache.logging.log4j.core.layout.PatternLayout].
DEBUG StatusLogger PatternLayout$Builder(pattern="%-5p : %m%n", PatternSelector=null, Configuration(HiveLog4j2Test), Replace=null, charset="null", alwaysWriteExceptions="null", disableAnsi="null", noConsoleNoAnsi="null", header="null", footer="null")
DEBUG StatusLogger Building Plugin[name=appender, class=org.apache.hadoop.hive.ql.log.HushableRandomAccessFileAppender].
DEBUG StatusLogger createAppender(fileName="/home/alex/Repositories/hive/beeline/target/tmp/alex/operation_logs/44e23fdc-366c-4fe8-8e18-325b843e040a/alex_20240430200844_00f77d8e-d625-448f-9734-8b3222a35390", append="null", name="query-file-appender", immediateFlush="null", bufferSize="null", ignoreExceptions="null", PatternLayout(org.apache.logging.log4j.core.layout.PatternLayout with name PatternLayout), NameFilter(org.apache.hadoop.hive.ql.log.LogDivertAppender$NameFilter with name NameFilter), advertise="null", advertiseURI="null", Configuration(HiveLog4j2Test))
DEBUG StatusLogger Starting RandomAccessFileManager /home/alex/Repositories/hive/beeline/target/tmp/alex/operation_logs/44e23fdc-366c-4fe8-8e18-325b843e040a/alex_20240430200844_00f77d8e-d625-448f-9734-8b3222a35390
DEBUG StatusLogger Building Plugin[name=, class=org.apache.hadoop.hive.ql.log.LogDivertAppenderForTest$TestFilter].
DEBUG StatusLogger createFilter()
DEBUG StatusLogger Building Plugin[name=, class=org.apache.logging.log4j.core.layout.PatternLayout].
DEBUG StatusLogger PatternLayout$Builder(pattern="%-5p : %m%n", PatternSelector=null, Configuration(HiveLog4j2Test), Replace=null, charset="null", alwaysWriteExceptions="null", disableAnsi="null", noConsoleNoAnsi="null", header="null", footer="null")
DEBUG StatusLogger Building Plugin[name=appender, class=org.apache.hadoop.hive.ql.log.HushableRandomAccessFileAppender].
DEBUG StatusLogger createAppender(fileName="/home/alex/Repositories/hive/beeline/target/tmp/alex/operation_logs/44e23fdc-366c-4fe8-8e18-325b843e040a/alex_20240430200844_00f77d8e-d625-448f-9734-8b3222a35390.test", append="null", name="test-query-file-appender", immediateFlush="null", bufferSize="null", ignoreExceptions="null", PatternLayout(org.apache.logging.log4j.core.layout.PatternLayout with name PatternLayout), test-filter(org.apache.hadoop.hive.ql.log.LogDivertAppenderForTest$TestFilter with name test-filter), advertise="null", advertiseURI="null", Configuration(HiveLog4j2Test))
DEBUG StatusLogger Starting RandomAccessFileManager /home/alex/Repositories/hive/beeline/target/tmp/alex/operation_logs/44e23fdc-366c-4fe8-8e18-325b843e040a/alex_20240430200844_00f77d8e-d625-448f-9734-8b3222a35390.test
2024-04-30T20:08:44,764  INFO [44e23fdc-366c-4fe8-8e18-325b843e040a main] operation.HiveCommandOperation: [opType=EXECUTE_STATEMENT, queryId=alex_20240430200844_00f77d8e-d625-448f-9734-8b3222a35390, startTime=1714532924741, sessionId=44e23fdc-366c-4fe8-8e18-325b843e040a, createTime=1714532924430, userName=null, ipAddress=null]
2024-04-30T20:08:44,785  INFO [44e23fdc-366c-4fe8-8e18-325b843e040a main] common.LogUtils: Unregistered logging context.
2024-04-30T20:08:44,847  INFO [44e23fdc-366c-4fe8-8e18-325b843e040a main] operation.OperationManager: Closing operation: OperationHandle [opType=EXECUTE_STATEMENT, getHandleIdentifier()=9f1d9c34-a321-4dcc-bb8e-e4d6006b5dc5]
2024-04-30T20:08:44,847  INFO [44e23fdc-366c-4fe8-8e18-325b843e040a main] operation.OperationManager: Removed queryId: alex_20240430200844_00f77d8e-d625-448f-9734-8b3222a35390 corresponding to operation: OperationHandle [opType=EXECUTE_STATEMENT, getHandleIdentifier()=9f1d9c34-a321-4dcc-bb8e-e4d6006b5dc5] with tag: null
2024-04-30T20:08:44,849  INFO [44e23fdc-366c-4fe8-8e18-325b843e040a main] operation.HiveCommandOperation: Closing operation log /home/alex/Repositories/hive/beeline/target/tmp/alex/operation_logs/44e23fdc-366c-4fe8-8e18-325b843e040a/alex_20240430200844_00f77d8e-d625-448f-9734-8b3222a35390 without delay
hive> create database if not exists test;
2024-04-30T20:08:44,896  INFO [44e23fdc-366c-4fe8-8e18-325b843e040a main] session.HiveSessionImpl: executing create database if not exists test
2024-04-30T20:08:44,899  INFO [44e23fdc-366c-4fe8-8e18-325b843e040a main] operation.OperationManager: Adding operation: OperationHandle [opType=EXECUTE_STATEMENT, getHandleIdentifier()=9eb5b0ac-ed64-441f-8c2b-602a600c3307] SessionHandle [44e23fdc-366c-4fe8-8e18-325b843e040a]
2024-04-30T20:08:44,900  INFO [44e23fdc-366c-4fe8-8e18-325b843e040a main] common.LogUtils: Thread context registration is done.
DEBUG StatusLogger Building Plugin[name=filter, class=org.apache.hadoop.hive.ql.log.LogDivertAppender$NameFilter].
DEBUG StatusLogger createFilter(loggingLevel="EXECUTION")
DEBUG StatusLogger Building Plugin[name=layout, class=org.apache.logging.log4j.core.layout.PatternLayout].
DEBUG StatusLogger PatternLayout$Builder(pattern="%-5p : %m%n", PatternSelector=null, Configuration(HiveLog4j2Test), Replace=null, charset="null", alwaysWriteExceptions="null", disableAnsi="null", noConsoleNoAnsi="null", header="null", footer="null")
DEBUG StatusLogger Building Plugin[name=appender, class=org.apache.hadoop.hive.ql.log.HushableRandomAccessFileAppender].
DEBUG StatusLogger createAppender(fileName="/home/alex/Repositories/hive/beeline/target/tmp/alex/operation_logs/44e23fdc-366c-4fe8-8e18-325b843e040a/alex_20240430200844_0c65feb2-68ad-47e2-8a77-bb79c29c0cfc", append="null", name="query-file-appender", immediateFlush="null", bufferSize="null", ignoreExceptions="null", PatternLayout(org.apache.logging.log4j.core.layout.PatternLayout with name PatternLayout), NameFilter(org.apache.hadoop.hive.ql.log.LogDivertAppender$NameFilter with name NameFilter), advertise="null", advertiseURI="null", Configuration(HiveLog4j2Test))
DEBUG StatusLogger Starting RandomAccessFileManager /home/alex/Repositories/hive/beeline/target/tmp/alex/operation_logs/44e23fdc-366c-4fe8-8e18-325b843e040a/alex_20240430200844_0c65feb2-68ad-47e2-8a77-bb79c29c0cfc
DEBUG StatusLogger Building Plugin[name=, class=org.apache.hadoop.hive.ql.log.LogDivertAppenderForTest$TestFilter].
DEBUG StatusLogger createFilter()
DEBUG StatusLogger Building Plugin[name=, class=org.apache.logging.log4j.core.layout.PatternLayout].
DEBUG StatusLogger PatternLayout$Builder(pattern="%-5p : %m%n", PatternSelector=null, Configuration(HiveLog4j2Test), Replace=null, charset="null", alwaysWriteExceptions="null", disableAnsi="null", noConsoleNoAnsi="null", header="null", footer="null")
DEBUG StatusLogger Building Plugin[name=appender, class=org.apache.hadoop.hive.ql.log.HushableRandomAccessFileAppender].
DEBUG StatusLogger createAppender(fileName="/home/alex/Repositories/hive/beeline/target/tmp/alex/operation_logs/44e23fdc-366c-4fe8-8e18-325b843e040a/alex_20240430200844_0c65feb2-68ad-47e2-8a77-bb79c29c0cfc.test", append="null", name="test-query-file-appender", immediateFlush="null", bufferSize="null", ignoreExceptions="null", PatternLayout(org.apache.logging.log4j.core.layout.PatternLayout with name PatternLayout), test-filter(org.apache.hadoop.hive.ql.log.LogDivertAppenderForTest$TestFilter with name test-filter), advertise="null", advertiseURI="null", Configuration(HiveLog4j2Test))
DEBUG StatusLogger Starting RandomAccessFileManager /home/alex/Repositories/hive/beeline/target/tmp/alex/operation_logs/44e23fdc-366c-4fe8-8e18-325b843e040a/alex_20240430200844_0c65feb2-68ad-47e2-8a77-bb79c29c0cfc.test
2024-04-30T20:08:44,903  INFO [44e23fdc-366c-4fe8-8e18-325b843e040a main] operation.SQLOperation: [opType=EXECUTE_STATEMENT, queryId=alex_20240430200844_0c65feb2-68ad-47e2-8a77-bb79c29c0cfc, startTime=1714532924898, sessionId=44e23fdc-366c-4fe8-8e18-325b843e040a, createTime=1714532924430, userName=null, ipAddress=null]
2024-04-30T20:08:44,995  INFO [44e23fdc-366c-4fe8-8e18-325b843e040a main] ql.Driver: Compiling command(queryId=alex_20240430200844_0c65feb2-68ad-47e2-8a77-bb79c29c0cfc): create database if not exists test
2024-04-30T20:08:45,009  WARN [Metastore-RuntimeStats-Loader-1] conf.HiveConf: HiveConf of name hive.dummyparam.test.server.specific.config.override does not exist
2024-04-30T20:08:45,010  WARN [Metastore-RuntimeStats-Loader-1] conf.HiveConf: HiveConf of name hive.dummyparam.test.server.specific.config.hiveserver2site does not exist
2024-04-30T20:08:45,010  WARN [Metastore-RuntimeStats-Loader-1] conf.HiveConf: HiveConf of name hive.dummyparam.test.server.specific.config.metastoresite does not exist
2024-04-30T20:08:45,012  INFO [Metastore-RuntimeStats-Loader-1] metastore.HiveMetaStoreClient: HMS client filtering is enabled.
2024-04-30T20:08:45,013  INFO [Metastore-RuntimeStats-Loader-1] metastore.HMSHandler: 1: Opening raw store with implementation class:org.apache.hadoop.hive.metastore.ObjectStore
2024-04-30T20:08:45,013  INFO [Metastore-RuntimeStats-Loader-1] metastore.PersistenceManagerProvider: Configuration datanucleus.autoStartMechanismMode is not set. Defaulting to 'ignored'
2024-04-30T20:08:45,014  INFO [Metastore-RuntimeStats-Loader-1] metastore.ObjectStore: RawStore: org.apache.hadoop.hive.metastore.ObjectStore@9d0154e, with PersistenceManager: null will be shutdown
2024-04-30T20:08:45,014  INFO [Metastore-RuntimeStats-Loader-1] metastore.ObjectStore: RawStore: org.apache.hadoop.hive.metastore.ObjectStore@9d0154e, with PersistenceManager: org.datanucleus.api.jdo.JDOPersistenceManager@43e169f1 created in the thread with id: 89
2024-04-30T20:08:45,027  INFO [Metastore-RuntimeStats-Loader-1] metastore.HMSHandler: Created RawStore: org.apache.hadoop.hive.metastore.ObjectStore@9d0154e from thread id: 89
2024-04-30T20:08:45,027  INFO [Metastore-RuntimeStats-Loader-1] metastore.HMSHandler: HMS server filtering is disabled by configuration
2024-04-30T20:08:45,028  INFO [Metastore-RuntimeStats-Loader-1] metastore.RetryingMetaStoreClient: RetryingMetaStoreClient proxy=class org.apache.hadoop.hive.ql.metadata.SessionHiveMetaStoreClient ugi=alex (auth:SIMPLE) retries=1 delay=1 lifetime=0
2024-04-30T20:08:45,028  INFO [Metastore-RuntimeStats-Loader-1] HiveMetaStore.audit: ugi=alex	ip=unknown-ip-addr	cmd=get_runtime_stats	
2024-04-30T20:08:45,748  INFO [44e23fdc-366c-4fe8-8e18-325b843e040a main] metastore.HMSHandler: 0: Opening raw store with implementation class:org.apache.hadoop.hive.metastore.ObjectStore
2024-04-30T20:08:45,751  INFO [44e23fdc-366c-4fe8-8e18-325b843e040a main] metastore.ObjectStore: RawStore: org.apache.hadoop.hive.metastore.ObjectStore@7661e474, with PersistenceManager: null will be shutdown
2024-04-30T20:08:45,751  INFO [44e23fdc-366c-4fe8-8e18-325b843e040a main] metastore.ObjectStore: RawStore: org.apache.hadoop.hive.metastore.ObjectStore@7661e474, with PersistenceManager: org.datanucleus.api.jdo.JDOPersistenceManager@20ffb8d5 created in the thread with id: 1
2024-04-30T20:08:45,756  INFO [44e23fdc-366c-4fe8-8e18-325b843e040a main] metastore.HMSHandler: Created RawStore: org.apache.hadoop.hive.metastore.ObjectStore@7661e474 from thread id: 1
2024-04-30T20:08:45,984  INFO [44e23fdc-366c-4fe8-8e18-325b843e040a main] reflections.Reflections: Reflections took 195 ms to scan 2 urls, producing 53 keys and 784 values 
2024-04-30T20:08:46,151  INFO [44e23fdc-366c-4fe8-8e18-325b843e040a main] reflections.Reflections: Reflections took 101 ms to scan 2 urls, producing 53 keys and 784 values 
2024-04-30T20:08:46,254  INFO [44e23fdc-366c-4fe8-8e18-325b843e040a main] reflections.Reflections: Reflections took 97 ms to scan 2 urls, producing 53 keys and 784 values 
2024-04-30T20:08:46,371  INFO [44e23fdc-366c-4fe8-8e18-325b843e040a main] reflections.Reflections: Reflections took 104 ms to scan 2 urls, producing 53 keys and 784 values 
2024-04-30T20:08:46,465  INFO [44e23fdc-366c-4fe8-8e18-325b843e040a main] ql.Driver: Semantic Analysis Completed (retrial = false)
2024-04-30T20:08:46,465  INFO [44e23fdc-366c-4fe8-8e18-325b843e040a main] ql.Driver: Created Hive schema: Schema(fieldSchemas:null, properties:null)
2024-04-30T20:08:46,469  INFO [44e23fdc-366c-4fe8-8e18-325b843e040a main] metadata.Hive: Dumping metastore api call timing information for : compilation phase
2024-04-30T20:08:46,469  INFO [44e23fdc-366c-4fe8-8e18-325b843e040a main] metadata.Hive: Total time spent in each metastore function (ms): {isCompatibleWith_(Configuration)=0, flushCache_()=10, getAllFunctions_()=73}
2024-04-30T20:08:46,470  INFO [44e23fdc-366c-4fe8-8e18-325b843e040a main] ql.Driver: Completed compiling command(queryId=alex_20240430200844_0c65feb2-68ad-47e2-8a77-bb79c29c0cfc); Time taken: 1.476 seconds
2024-04-30T20:08:46,471  INFO [44e23fdc-366c-4fe8-8e18-325b843e040a main] common.LogUtils: Unregistered logging context.
2024-04-30T20:08:46,473  INFO [HiveServer2-Background-Pool: Thread-90] common.LogUtils: Thread context registration is done.
2024-04-30T20:08:46,473  INFO [HiveServer2-Background-Pool: Thread-90] reexec.ReExecDriver: Execution #1 of query
2024-04-30T20:08:46,474  INFO [HiveServer2-Background-Pool: Thread-90] ql.Driver: Concurrency mode is disabled, not creating a lock manager
2024-04-30T20:08:46,478  INFO [HiveServer2-Background-Pool: Thread-90] ql.Driver: Executing command(queryId=alex_20240430200844_0c65feb2-68ad-47e2-8a77-bb79c29c0cfc): create database if not exists test
2024-04-30T20:08:46,484  INFO [HiveServer2-Background-Pool: Thread-90] ql.Driver: Starting task [Stage-0:DDL] in serial mode
2024-04-30T20:08:46,486  INFO [HiveServer2-Background-Pool: Thread-90] sqlstd.SQLStdHiveAccessController: Created SQLStdHiveAccessController for session context : HiveAuthzSessionContext [sessionString=44e23fdc-366c-4fe8-8e18-325b843e040a, clientType=HIVESERVER2]
2024-04-30T20:08:46,487  WARN [HiveServer2-Background-Pool: Thread-90] exec.DDLTask: metastore.warehouse.external.dir is not set, falling back to metastore.warehouse.dir. This could cause external tables to use to managed tablespace.
2024-04-30T20:08:46,488  INFO [HiveServer2-Background-Pool: Thread-90] HiveMetaStore.audit: ugi=alex	ip=unknown-ip-addr	cmd=create_database: Database(name:test, description:null, locationUri:file:/home/alex/Repositories/hive/beeline/target/tmp/warehouse/test.db, parameters:null, ownerName:alex, ownerType:USER, catalogName:hive, type:NATIVE)	
2024-04-30T20:08:46,489  INFO [HiveServer2-Background-Pool: Thread-90] metastore.HMSHandler: 2: Opening raw store with implementation class:org.apache.hadoop.hive.metastore.ObjectStore
2024-04-30T20:08:46,490  INFO [HiveServer2-Background-Pool: Thread-90] metastore.ObjectStore: RawStore: org.apache.hadoop.hive.metastore.ObjectStore@762ebc1, with PersistenceManager: null will be shutdown
2024-04-30T20:08:46,490  INFO [HiveServer2-Background-Pool: Thread-90] metastore.ObjectStore: RawStore: org.apache.hadoop.hive.metastore.ObjectStore@762ebc1, with PersistenceManager: org.datanucleus.api.jdo.JDOPersistenceManager@1598a04 created in the thread with id: 90
2024-04-30T20:08:46,495  INFO [HiveServer2-Background-Pool: Thread-90] metastore.HMSHandler: Created RawStore: org.apache.hadoop.hive.metastore.ObjectStore@762ebc1 from thread id: 90
2024-04-30T20:08:46,503  INFO [HiveServer2-Background-Pool: Thread-90] metastore.HMSHandler: Creating database path in external directory file:/home/alex/Repositories/hive/beeline/target/tmp/warehouse/test.db
2024-04-30T20:08:46,505  INFO [HiveServer2-Background-Pool: Thread-90] utils.FileUtils: Creating directory if it doesn't exist: file:/home/alex/Repositories/hive/beeline/target/tmp/warehouse/test.db
2024-04-30T20:08:46,512  INFO [HiveServer2-Background-Pool: Thread-90] metastore.HMSHandler: Created database path in external directory file:/home/alex/Repositories/hive/beeline/target/tmp/warehouse/test.db
2024-04-30T20:08:46,528  INFO [HiveServer2-Background-Pool: Thread-90] metadata.Hive: Dumping metastore api call timing information for : execution phase
2024-04-30T20:08:46,528  INFO [HiveServer2-Background-Pool: Thread-90] metadata.Hive: Total time spent in each metastore function (ms): {isCompatibleWith_(Configuration)=1, createDatabase_(Database)=41}
2024-04-30T20:08:46,529  INFO [HiveServer2-Background-Pool: Thread-90] ql.Driver: Completed executing command(queryId=alex_20240430200844_0c65feb2-68ad-47e2-8a77-bb79c29c0cfc); Time taken: 0.051 seconds
2024-04-30T20:08:46,529  INFO [HiveServer2-Background-Pool: Thread-90] common.LogUtils: Unregistered logging context.
INFO  : Compiling command(queryId=alex_20240430200844_0c65feb2-68ad-47e2-8a77-bb79c29c0cfc): create database if not exists test
INFO  : Semantic Analysis Completed (retrial = false)
INFO  : Created Hive schema: Schema(fieldSchemas:null, properties:null)
INFO  : Completed compiling command(queryId=alex_20240430200844_0c65feb2-68ad-47e2-8a77-bb79c29c0cfc); Time taken: 1.476 seconds
INFO  : Concurrency mode is disabled, not creating a lock manager
INFO  : Executing command(queryId=alex_20240430200844_0c65feb2-68ad-47e2-8a77-bb79c29c0cfc): create database if not exists test
INFO  : Starting task [Stage-0:DDL] in serial mode
DEBUG : Task getting executed using mapred tag : alex_20240430200844_0c65feb2-68ad-47e2-8a77-bb79c29c0cfc,userid=null
INFO  : Completed executing command(queryId=alex_20240430200844_0c65feb2-68ad-47e2-8a77-bb79c29c0cfc); Time taken: 0.051 seconds
DEBUG : Shutting down query create database if not exists test
2024-04-30T20:08:46,532  INFO [44e23fdc-366c-4fe8-8e18-325b843e040a main] operation.OperationManager: Closing operation: OperationHandle [opType=EXECUTE_STATEMENT, getHandleIdentifier()=9eb5b0ac-ed64-441f-8c2b-602a600c3307]
2024-04-30T20:08:46,532  INFO [44e23fdc-366c-4fe8-8e18-325b843e040a main] operation.OperationManager: Removed queryId: alex_20240430200844_0c65feb2-68ad-47e2-8a77-bb79c29c0cfc corresponding to operation: OperationHandle [opType=EXECUTE_STATEMENT, getHandleIdentifier()=9eb5b0ac-ed64-441f-8c2b-602a600c3307] with tag: null
2024-04-30T20:08:46,532  INFO [44e23fdc-366c-4fe8-8e18-325b843e040a main] operation.SQLOperation: Closing operation log /home/alex/Repositories/hive/beeline/target/tmp/alex/operation_logs/44e23fdc-366c-4fe8-8e18-325b843e040a/alex_20240430200844_0c65feb2-68ad-47e2-8a77-bb79c29c0cfc without delay
Error: Failed to wait for operation to complete (state=08S01,code=0)
Closing: 0: jdbc:hive2://
2024-04-30T20:08:46,534  INFO [main] service.CompositeService: Session closed, SessionHandle [44e23fdc-366c-4fe8-8e18-325b843e040a], current sessions:0
2024-04-30T20:08:46,534  INFO [44e23fdc-366c-4fe8-8e18-325b843e040a main] session.HiveSessionImpl: Operation log session directory is deleted: /home/alex/Repositories/hive/beeline/target/tmp/alex/operation_logs/44e23fdc-366c-4fe8-8e18-325b843e040a
2024-04-30T20:08:46,535  INFO [main] cleanup.EventualCleanupService: Delete /tmp/hive/alex/44e23fdc-366c-4fe8-8e18-325b843e040a operation was queued
2024-04-30T20:08:46,536  INFO [main] cleanup.EventualCleanupService: Delete /home/alex/Repositories/hive/beeline/target/tmp/alex/44e23fdc-366c-4fe8-8e18-325b843e040a operation was queued
2024-04-30T20:08:46,536  INFO [EventualCleanupService thread 1] cleanup.EventualCleanupService: Deleted /home/alex/Repositories/hive/beeline/target/tmp/alex/44e23fdc-366c-4fe8-8e18-325b843e040a
2024-04-30T20:08:46,536  INFO [EventualCleanupService thread 0] cleanup.EventualCleanupService: Deleted /tmp/hive/alex/44e23fdc-366c-4fe8-8e18-325b843e040a
2024-04-30T20:08:46,542  INFO [main] HiveMetaStore.audit: ugi=alex	ip=unknown-ip-addr	cmd=Cleaning up thread local RawStore...	
2024-04-30T20:08:46,542  INFO [main] metastore.ObjectStore: RawStore: org.apache.hadoop.hive.metastore.ObjectStore@7661e474, with PersistenceManager: org.datanucleus.api.jdo.JDOPersistenceManager@20ffb8d5 will be shutdown
2024-04-30T20:08:46,542  INFO [main] HiveMetaStore.audit: ugi=alex	ip=unknown-ip-addr	cmd=Done cleaning up thread local RawStore	
2024-04-30T20:08:46,542  INFO [main] metastore.HiveMetaStoreClient: Closed a connection to metastore, current connections: -2
]]></system-err>
  </testcase>
  <testcase name="testSourceCmd2" classname="org.apache.hive.beeline.cli.TestHiveCli" time="0.646">
    <failure type="java.lang.AssertionError"><![CDATA[java.lang.AssertionError: The expected keyword "sc3" occur in the output: 
	at org.junit.Assert.fail(Assert.java:89)
	at org.junit.Assert.assertTrue(Assert.java:42)
	at org.apache.hive.beeline.cli.TestHiveCli.verifyCMD(TestHiveCli.java:270)
	at org.apache.hive.beeline.cli.TestHiveCli.testSourceCmd2(TestHiveCli.java:122)
	at sun.reflect.NativeMethodAccessorImpl.invoke0(Native Method)
	at sun.reflect.NativeMethodAccessorImpl.invoke(NativeMethodAccessorImpl.java:62)
	at sun.reflect.DelegatingMethodAccessorImpl.invoke(DelegatingMethodAccessorImpl.java:43)
	at java.lang.reflect.Method.invoke(Method.java:498)
	at org.junit.runners.model.FrameworkMethod$1.runReflectiveCall(FrameworkMethod.java:59)
	at org.junit.internal.runners.model.ReflectiveCallable.run(ReflectiveCallable.java:12)
	at org.junit.runners.model.FrameworkMethod.invokeExplosively(FrameworkMethod.java:56)
	at org.junit.internal.runners.statements.InvokeMethod.evaluate(InvokeMethod.java:17)
	at org.junit.internal.runners.statements.RunBefores.evaluate(RunBefores.java:26)
	at org.junit.internal.runners.statements.RunAfters.evaluate(RunAfters.java:27)
	at org.junit.runners.ParentRunner$3.evaluate(ParentRunner.java:306)
	at org.junit.runners.BlockJUnit4ClassRunner$1.evaluate(BlockJUnit4ClassRunner.java:100)
	at org.junit.runners.ParentRunner.runLeaf(ParentRunner.java:366)
	at org.junit.runners.BlockJUnit4ClassRunner.runChild(BlockJUnit4ClassRunner.java:103)
	at org.junit.runners.BlockJUnit4ClassRunner.runChild(BlockJUnit4ClassRunner.java:63)
	at org.junit.runners.ParentRunner$4.run(ParentRunner.java:331)
	at org.junit.runners.ParentRunner$1.schedule(ParentRunner.java:79)
	at org.junit.runners.ParentRunner.runChildren(ParentRunner.java:329)
	at org.junit.runners.ParentRunner.access$100(ParentRunner.java:66)
	at org.junit.runners.ParentRunner$2.evaluate(ParentRunner.java:293)
	at org.junit.internal.runners.statements.RunBefores.evaluate(RunBefores.java:26)
	at org.junit.runners.ParentRunner$3.evaluate(ParentRunner.java:306)
	at org.junit.runners.ParentRunner.run(ParentRunner.java:413)
	at org.junit.runner.JUnitCore.run(JUnitCore.java:137)
	at org.junit.runner.JUnitCore.run(JUnitCore.java:115)
	at org.junit.vintage.engine.execution.RunnerExecutor.execute(RunnerExecutor.java:43)
	at java.util.stream.ForEachOps$ForEachOp$OfRef.accept(ForEachOps.java:183)
	at java.util.stream.ReferencePipeline$3$1.accept(ReferencePipeline.java:193)
	at java.util.Iterator.forEachRemaining(Iterator.java:116)
	at java.util.Spliterators$IteratorSpliterator.forEachRemaining(Spliterators.java:1801)
	at java.util.stream.AbstractPipeline.copyInto(AbstractPipeline.java:482)
	at java.util.stream.AbstractPipeline.wrapAndCopyInto(AbstractPipeline.java:472)
	at java.util.stream.ForEachOps$ForEachOp.evaluateSequential(ForEachOps.java:150)
	at java.util.stream.ForEachOps$ForEachOp$OfRef.evaluateSequential(ForEachOps.java:173)
	at java.util.stream.AbstractPipeline.evaluate(AbstractPipeline.java:234)
	at java.util.stream.ReferencePipeline.forEach(ReferencePipeline.java:485)
	at org.junit.vintage.engine.VintageTestEngine.executeAllChildren(VintageTestEngine.java:82)
	at org.junit.vintage.engine.VintageTestEngine.execute(VintageTestEngine.java:73)
	at org.junit.platform.launcher.core.DefaultLauncher.execute(DefaultLauncher.java:248)
	at org.junit.platform.launcher.core.DefaultLauncher.lambda$execute$5(DefaultLauncher.java:211)
	at org.junit.platform.launcher.core.DefaultLauncher.withInterceptedStreams(DefaultLauncher.java:226)
	at org.junit.platform.launcher.core.DefaultLauncher.execute(DefaultLauncher.java:199)
	at org.junit.platform.launcher.core.DefaultLauncher.execute(DefaultLauncher.java:132)
	at org.apache.maven.surefire.junitplatform.JUnitPlatformProvider.invokeAllTests(JUnitPlatformProvider.java:154)
	at org.apache.maven.surefire.junitplatform.JUnitPlatformProvider.invoke(JUnitPlatformProvider.java:123)
	at org.apache.maven.surefire.booter.ForkedBooter.runSuitesInProcess(ForkedBooter.java:377)
	at org.apache.maven.surefire.booter.ForkedBooter.execute(ForkedBooter.java:138)
	at org.apache.maven.surefire.booter.ForkedBooter.run(ForkedBooter.java:465)
	at org.apache.maven.surefire.booter.ForkedBooter.main(ForkedBooter.java:451)
]]></failure>
    <system-err><![CDATA[2024-04-30T20:08:46,556 ERROR [main] cli.TestHiveCli: Failed to execute command due to the error: java.lang.NullPointerException: Null output stream
2024-04-30T20:08:46,602  WARN [main] conf.HiveConf: HiveConf of name hive.dummyparam.test.server.specific.config.override does not exist
2024-04-30T20:08:46,602  WARN [main] conf.HiveConf: HiveConf of name hive.dummyparam.test.server.specific.config.hiveserver2site does not exist
2024-04-30T20:08:46,602  WARN [main] conf.HiveConf: HiveConf of name hive.dummyparam.test.server.specific.config.metastoresite does not exist
2024-04-30T20:08:46,603  INFO [main] SessionState: Hive Session ID = e8d297cc-f327-4b1d-a2af-2a136e7fbcb5
2024-04-30T20:08:46,604  INFO [main] DependencyResolver: ivysettings.xml file not found in HIVE_HOME or HIVE_CONF_DIR,/home/alex/Repositories/hive/conf/ivysettings.xml will be used
2024-04-30T20:08:46,612  INFO [main] session.SessionState: Created HDFS directory: /tmp/hive/alex/e8d297cc-f327-4b1d-a2af-2a136e7fbcb5
2024-04-30T20:08:46,616  INFO [main] session.SessionState: Created local directory: /home/alex/Repositories/hive/beeline/target/tmp/alex/e8d297cc-f327-4b1d-a2af-2a136e7fbcb5
2024-04-30T20:08:46,620  INFO [main] session.SessionState: Created HDFS directory: /tmp/hive/alex/e8d297cc-f327-4b1d-a2af-2a136e7fbcb5/_tmp_space.db
2024-04-30T20:08:46,620  INFO [main] sqlstd.SQLStdHiveAccessController: Created SQLStdHiveAccessController for session context : HiveAuthzSessionContext [sessionString=e8d297cc-f327-4b1d-a2af-2a136e7fbcb5, clientType=HIVESERVER2]
2024-04-30T20:08:46,621  INFO [main] metastore.HiveMetaStoreClient: HMS client filtering is enabled.
2024-04-30T20:08:46,622  INFO [main] metastore.HMSHandler: 0: Opening raw store with implementation class:org.apache.hadoop.hive.metastore.ObjectStore
2024-04-30T20:08:46,622  INFO [main] metastore.PersistenceManagerProvider: Configuration datanucleus.autoStartMechanismMode is not set. Defaulting to 'ignored'
2024-04-30T20:08:46,623  INFO [main] metastore.ObjectStore: RawStore: org.apache.hadoop.hive.metastore.ObjectStore@2ba024cb, with PersistenceManager: null will be shutdown
2024-04-30T20:08:46,623  INFO [main] metastore.ObjectStore: RawStore: org.apache.hadoop.hive.metastore.ObjectStore@2ba024cb, with PersistenceManager: org.datanucleus.api.jdo.JDOPersistenceManager@7af0d91b created in the thread with id: 1
2024-04-30T20:08:46,627  INFO [main] metastore.HMSHandler: Created RawStore: org.apache.hadoop.hive.metastore.ObjectStore@2ba024cb from thread id: 1
2024-04-30T20:08:46,627  INFO [main] metastore.HMSHandler: HMS server filtering is disabled by configuration
2024-04-30T20:08:46,627  INFO [main] metastore.RetryingMetaStoreClient: RetryingMetaStoreClient proxy=class org.apache.hadoop.hive.ql.metadata.SessionHiveMetaStoreClient ugi=alex (auth:SIMPLE) retries=1 delay=1 lifetime=0
2024-04-30T20:08:46,628  INFO [main] service.CompositeService: Operation log root directory is created: /home/alex/Repositories/hive/beeline/target/tmp/alex/operation_logs
2024-04-30T20:08:46,628  INFO [main] service.CompositeService: HiveServer2: Background operation thread pool size: 100
2024-04-30T20:08:46,628  INFO [main] service.CompositeService: HiveServer2: Background operation thread wait queue size: 100
2024-04-30T20:08:46,628  INFO [main] service.CompositeService: HiveServer2: Background operation thread keepalive time: 10 seconds
2024-04-30T20:08:46,628  INFO [main] service.CompositeService: Connections limit are user: 0 ipaddress: 0 user-ipaddress: 0
2024-04-30T20:08:46,629  INFO [main] cleanup.EventualCleanupService: EventualCleanupService started with 10 threads and queue of size 10000
ERROR StatusLogger Log4j2 ConfigurationScheduler attempted to increment scheduled items after start
ERROR StatusLogger Log4j2 ConfigurationScheduler attempted to increment scheduled items after start
2024-04-30T20:08:46,631  INFO [main] service.AbstractService: Service:OperationManager is inited.
2024-04-30T20:08:46,631  INFO [main] service.AbstractService: Service:SessionManager is inited.
2024-04-30T20:08:46,631  INFO [main] service.AbstractService: Service:CLIService is inited.
2024-04-30T20:08:46,631  INFO [main] service.AbstractService: Service:OperationManager is started.
2024-04-30T20:08:46,631  INFO [main] service.AbstractService: Service:SessionManager is started.
2024-04-30T20:08:46,631  INFO [main] service.AbstractService: Service:CLIService is started.
2024-04-30T20:08:46,631  INFO [main] service.AbstractService: Service:ThriftBinaryCLIService is inited.
2024-04-30T20:08:46,631  INFO [main] thrift.ThriftCLIService: Client protocol version: HIVE_CLI_SERVICE_PROTOCOL_V10
2024-04-30T20:08:46,631  INFO [main] thrift.ThriftCLIService: Creating Hive session handle for user [null] from IP null
2024-04-30T20:08:46,632  INFO [main] DependencyResolver: ivysettings.xml file not found in HIVE_HOME or HIVE_CONF_DIR,/home/alex/Repositories/hive/conf/ivysettings.xml will be used
2024-04-30T20:08:46,640  INFO [main] session.SessionState: Created HDFS directory: /tmp/hive/alex/269d2a02-18c5-4252-af8b-299b82d307c2
2024-04-30T20:08:46,644  INFO [main] session.SessionState: Created local directory: /home/alex/Repositories/hive/beeline/target/tmp/alex/269d2a02-18c5-4252-af8b-299b82d307c2
2024-04-30T20:08:46,648  INFO [main] session.SessionState: Created HDFS directory: /tmp/hive/alex/269d2a02-18c5-4252-af8b-299b82d307c2/_tmp_space.db
2024-04-30T20:08:46,648  INFO [main] session.SessionState: Reloading auxiliary JAR files
2024-04-30T20:08:46,648  WARN [main] session.SessionState: Configuration hive.reloadable.aux.jars.path not specified
2024-04-30T20:08:46,649  INFO [main] HiveMetaStore.audit: ugi=alex	ip=unknown-ip-addr	cmd=Cleaning up thread local RawStore...	
2024-04-30T20:08:46,649  INFO [main] metastore.ObjectStore: RawStore: org.apache.hadoop.hive.metastore.ObjectStore@2ba024cb, with PersistenceManager: org.datanucleus.api.jdo.JDOPersistenceManager@7af0d91b will be shutdown
2024-04-30T20:08:46,649  INFO [main] HiveMetaStore.audit: ugi=alex	ip=unknown-ip-addr	cmd=Done cleaning up thread local RawStore	
2024-04-30T20:08:46,649  INFO [main] metastore.HiveMetaStoreClient: Closed a connection to metastore, current connections: -3
2024-04-30T20:08:46,649  INFO [main] session.HiveSessionImpl: Operation log session directory is created: /home/alex/Repositories/hive/beeline/target/tmp/alex/operation_logs/269d2a02-18c5-4252-af8b-299b82d307c2
2024-04-30T20:08:46,649  INFO [main] service.CompositeService: Session opened, SessionHandle [269d2a02-18c5-4252-af8b-299b82d307c2], current sessions:1
2024-04-30T20:08:46,649  INFO [main] thrift.ThriftCLIService: Login attempt is successful for user : null
2024-04-30T20:08:46,699  WARN [main] conf.HiveConf: HiveConf of name hive.dummyparam.test.server.specific.config.override does not exist
2024-04-30T20:08:46,700  WARN [main] conf.HiveConf: HiveConf of name hive.dummyparam.test.server.specific.config.hiveserver2site does not exist
2024-04-30T20:08:46,700  WARN [main] conf.HiveConf: HiveConf of name hive.dummyparam.test.server.specific.config.metastoresite does not exist
2024-04-30T20:08:46,700  INFO [269d2a02-18c5-4252-af8b-299b82d307c2 main] session.HiveSessionImpl: executing set
2024-04-30T20:08:46,701  INFO [269d2a02-18c5-4252-af8b-299b82d307c2 main] operation.HiveCommandOperation: Putting temp output to file /home/alex/Repositories/hive/beeline/target/tmp/alex/269d2a02-18c5-4252-af8b-299b82d307c25986463160021369009.pipeout and error output to file /home/alex/Repositories/hive/beeline/target/tmp/alex/269d2a02-18c5-4252-af8b-299b82d307c28571730408837842962.pipeout
2024-04-30T20:08:46,701  INFO [269d2a02-18c5-4252-af8b-299b82d307c2 main] operation.OperationManager: Adding operation: OperationHandle [opType=EXECUTE_STATEMENT, getHandleIdentifier()=b22d4a52-338d-48bc-afc6-a0f5cbbfcc2e] SessionHandle [269d2a02-18c5-4252-af8b-299b82d307c2]
2024-04-30T20:08:46,701  INFO [269d2a02-18c5-4252-af8b-299b82d307c2 main] common.LogUtils: Thread context registration is done.
DEBUG StatusLogger Building Plugin[name=filter, class=org.apache.hadoop.hive.ql.log.LogDivertAppender$NameFilter].
DEBUG StatusLogger createFilter(loggingLevel="EXECUTION")
DEBUG StatusLogger Building Plugin[name=layout, class=org.apache.logging.log4j.core.layout.PatternLayout].
DEBUG StatusLogger PatternLayout$Builder(pattern="%-5p : %m%n", PatternSelector=null, Configuration(HiveLog4j2Test), Replace=null, charset="null", alwaysWriteExceptions="null", disableAnsi="null", noConsoleNoAnsi="null", header="null", footer="null")
DEBUG StatusLogger Building Plugin[name=appender, class=org.apache.hadoop.hive.ql.log.HushableRandomAccessFileAppender].
DEBUG StatusLogger createAppender(fileName="/home/alex/Repositories/hive/beeline/target/tmp/alex/operation_logs/269d2a02-18c5-4252-af8b-299b82d307c2/alex_20240430200846_f5483385-8dab-4d3a-b7ed-10b5b684a0bb", append="null", name="query-file-appender", immediateFlush="null", bufferSize="null", ignoreExceptions="null", PatternLayout(org.apache.logging.log4j.core.layout.PatternLayout with name PatternLayout), NameFilter(org.apache.hadoop.hive.ql.log.LogDivertAppender$NameFilter with name NameFilter), advertise="null", advertiseURI="null", Configuration(HiveLog4j2Test))
DEBUG StatusLogger Starting RandomAccessFileManager /home/alex/Repositories/hive/beeline/target/tmp/alex/operation_logs/269d2a02-18c5-4252-af8b-299b82d307c2/alex_20240430200846_f5483385-8dab-4d3a-b7ed-10b5b684a0bb
DEBUG StatusLogger Building Plugin[name=, class=org.apache.hadoop.hive.ql.log.LogDivertAppenderForTest$TestFilter].
DEBUG StatusLogger createFilter()
DEBUG StatusLogger Building Plugin[name=, class=org.apache.logging.log4j.core.layout.PatternLayout].
DEBUG StatusLogger PatternLayout$Builder(pattern="%-5p : %m%n", PatternSelector=null, Configuration(HiveLog4j2Test), Replace=null, charset="null", alwaysWriteExceptions="null", disableAnsi="null", noConsoleNoAnsi="null", header="null", footer="null")
DEBUG StatusLogger Building Plugin[name=appender, class=org.apache.hadoop.hive.ql.log.HushableRandomAccessFileAppender].
DEBUG StatusLogger createAppender(fileName="/home/alex/Repositories/hive/beeline/target/tmp/alex/operation_logs/269d2a02-18c5-4252-af8b-299b82d307c2/alex_20240430200846_f5483385-8dab-4d3a-b7ed-10b5b684a0bb.test", append="null", name="test-query-file-appender", immediateFlush="null", bufferSize="null", ignoreExceptions="null", PatternLayout(org.apache.logging.log4j.core.layout.PatternLayout with name PatternLayout), test-filter(org.apache.hadoop.hive.ql.log.LogDivertAppenderForTest$TestFilter with name test-filter), advertise="null", advertiseURI="null", Configuration(HiveLog4j2Test))
DEBUG StatusLogger Starting RandomAccessFileManager /home/alex/Repositories/hive/beeline/target/tmp/alex/operation_logs/269d2a02-18c5-4252-af8b-299b82d307c2/alex_20240430200846_f5483385-8dab-4d3a-b7ed-10b5b684a0bb.test
2024-04-30T20:08:46,705  INFO [269d2a02-18c5-4252-af8b-299b82d307c2 main] operation.HiveCommandOperation: [opType=EXECUTE_STATEMENT, queryId=alex_20240430200846_f5483385-8dab-4d3a-b7ed-10b5b684a0bb, startTime=1714532926701, sessionId=269d2a02-18c5-4252-af8b-299b82d307c2, createTime=1714532926631, userName=null, ipAddress=null]
2024-04-30T20:08:46,714  INFO [269d2a02-18c5-4252-af8b-299b82d307c2 main] common.LogUtils: Unregistered logging context.
2024-04-30T20:08:46,718  INFO [269d2a02-18c5-4252-af8b-299b82d307c2 main] operation.OperationManager: Closing operation: OperationHandle [opType=EXECUTE_STATEMENT, getHandleIdentifier()=b22d4a52-338d-48bc-afc6-a0f5cbbfcc2e]
2024-04-30T20:08:46,718  INFO [269d2a02-18c5-4252-af8b-299b82d307c2 main] operation.OperationManager: Removed queryId: alex_20240430200846_f5483385-8dab-4d3a-b7ed-10b5b684a0bb corresponding to operation: OperationHandle [opType=EXECUTE_STATEMENT, getHandleIdentifier()=b22d4a52-338d-48bc-afc6-a0f5cbbfcc2e] with tag: null
2024-04-30T20:08:46,719  INFO [269d2a02-18c5-4252-af8b-299b82d307c2 main] operation.HiveCommandOperation: Closing operation log /home/alex/Repositories/hive/beeline/target/tmp/alex/operation_logs/269d2a02-18c5-4252-af8b-299b82d307c2/alex_20240430200846_f5483385-8dab-4d3a-b7ed-10b5b684a0bb without delay
2024-04-30T20:08:46,722  INFO [269d2a02-18c5-4252-af8b-299b82d307c2 main] session.HiveSessionImpl: executing use test
2024-04-30T20:08:46,723  INFO [269d2a02-18c5-4252-af8b-299b82d307c2 main] operation.OperationManager: Adding operation: OperationHandle [opType=EXECUTE_STATEMENT, getHandleIdentifier()=b43fa359-9ef6-443c-b916-c750cf68e0df] SessionHandle [269d2a02-18c5-4252-af8b-299b82d307c2]
2024-04-30T20:08:46,723  INFO [269d2a02-18c5-4252-af8b-299b82d307c2 main] common.LogUtils: Thread context registration is done.
DEBUG StatusLogger Building Plugin[name=filter, class=org.apache.hadoop.hive.ql.log.LogDivertAppender$NameFilter].
DEBUG StatusLogger createFilter(loggingLevel="EXECUTION")
DEBUG StatusLogger Building Plugin[name=layout, class=org.apache.logging.log4j.core.layout.PatternLayout].
DEBUG StatusLogger PatternLayout$Builder(pattern="%-5p : %m%n", PatternSelector=null, Configuration(HiveLog4j2Test), Replace=null, charset="null", alwaysWriteExceptions="null", disableAnsi="null", noConsoleNoAnsi="null", header="null", footer="null")
DEBUG StatusLogger Building Plugin[name=appender, class=org.apache.hadoop.hive.ql.log.HushableRandomAccessFileAppender].
DEBUG StatusLogger createAppender(fileName="/home/alex/Repositories/hive/beeline/target/tmp/alex/operation_logs/269d2a02-18c5-4252-af8b-299b82d307c2/alex_20240430200846_ddb8dda6-c857-4fad-b78f-c8dfd23bdeaa", append="null", name="query-file-appender", immediateFlush="null", bufferSize="null", ignoreExceptions="null", PatternLayout(org.apache.logging.log4j.core.layout.PatternLayout with name PatternLayout), NameFilter(org.apache.hadoop.hive.ql.log.LogDivertAppender$NameFilter with name NameFilter), advertise="null", advertiseURI="null", Configuration(HiveLog4j2Test))
DEBUG StatusLogger Starting RandomAccessFileManager /home/alex/Repositories/hive/beeline/target/tmp/alex/operation_logs/269d2a02-18c5-4252-af8b-299b82d307c2/alex_20240430200846_ddb8dda6-c857-4fad-b78f-c8dfd23bdeaa
DEBUG StatusLogger Building Plugin[name=, class=org.apache.hadoop.hive.ql.log.LogDivertAppenderForTest$TestFilter].
DEBUG StatusLogger createFilter()
DEBUG StatusLogger Building Plugin[name=, class=org.apache.logging.log4j.core.layout.PatternLayout].
DEBUG StatusLogger PatternLayout$Builder(pattern="%-5p : %m%n", PatternSelector=null, Configuration(HiveLog4j2Test), Replace=null, charset="null", alwaysWriteExceptions="null", disableAnsi="null", noConsoleNoAnsi="null", header="null", footer="null")
DEBUG StatusLogger Building Plugin[name=appender, class=org.apache.hadoop.hive.ql.log.HushableRandomAccessFileAppender].
DEBUG StatusLogger createAppender(fileName="/home/alex/Repositories/hive/beeline/target/tmp/alex/operation_logs/269d2a02-18c5-4252-af8b-299b82d307c2/alex_20240430200846_ddb8dda6-c857-4fad-b78f-c8dfd23bdeaa.test", append="null", name="test-query-file-appender", immediateFlush="null", bufferSize="null", ignoreExceptions="null", PatternLayout(org.apache.logging.log4j.core.layout.PatternLayout with name PatternLayout), test-filter(org.apache.hadoop.hive.ql.log.LogDivertAppenderForTest$TestFilter with name test-filter), advertise="null", advertiseURI="null", Configuration(HiveLog4j2Test))
DEBUG StatusLogger Starting RandomAccessFileManager /home/alex/Repositories/hive/beeline/target/tmp/alex/operation_logs/269d2a02-18c5-4252-af8b-299b82d307c2/alex_20240430200846_ddb8dda6-c857-4fad-b78f-c8dfd23bdeaa.test
2024-04-30T20:08:46,726  INFO [269d2a02-18c5-4252-af8b-299b82d307c2 main] operation.SQLOperation: [opType=EXECUTE_STATEMENT, queryId=alex_20240430200846_ddb8dda6-c857-4fad-b78f-c8dfd23bdeaa, startTime=1714532926722, sessionId=269d2a02-18c5-4252-af8b-299b82d307c2, createTime=1714532926631, userName=null, ipAddress=null]
2024-04-30T20:08:46,728  INFO [269d2a02-18c5-4252-af8b-299b82d307c2 main] ql.Driver: Compiling command(queryId=alex_20240430200846_ddb8dda6-c857-4fad-b78f-c8dfd23bdeaa): use test
2024-04-30T20:08:46,729  INFO [269d2a02-18c5-4252-af8b-299b82d307c2 main] metastore.HiveMetaStoreClient: HMS client filtering is enabled.
2024-04-30T20:08:46,729  INFO [269d2a02-18c5-4252-af8b-299b82d307c2 main] metastore.HMSHandler: 0: Opening raw store with implementation class:org.apache.hadoop.hive.metastore.ObjectStore
2024-04-30T20:08:46,729  INFO [269d2a02-18c5-4252-af8b-299b82d307c2 main] metastore.PersistenceManagerProvider: Configuration datanucleus.autoStartMechanismMode is not set. Defaulting to 'ignored'
2024-04-30T20:08:46,730  INFO [269d2a02-18c5-4252-af8b-299b82d307c2 main] metastore.ObjectStore: RawStore: org.apache.hadoop.hive.metastore.ObjectStore@e2b3026, with PersistenceManager: null will be shutdown
2024-04-30T20:08:46,730  INFO [269d2a02-18c5-4252-af8b-299b82d307c2 main] metastore.ObjectStore: RawStore: org.apache.hadoop.hive.metastore.ObjectStore@e2b3026, with PersistenceManager: org.datanucleus.api.jdo.JDOPersistenceManager@38bc5ac0 created in the thread with id: 1
2024-04-30T20:08:46,734  INFO [269d2a02-18c5-4252-af8b-299b82d307c2 main] metastore.HMSHandler: Created RawStore: org.apache.hadoop.hive.metastore.ObjectStore@e2b3026 from thread id: 1
2024-04-30T20:08:46,735  INFO [269d2a02-18c5-4252-af8b-299b82d307c2 main] metastore.HMSHandler: HMS server filtering is disabled by configuration
2024-04-30T20:08:46,735  INFO [269d2a02-18c5-4252-af8b-299b82d307c2 main] metastore.RetryingMetaStoreClient: RetryingMetaStoreClient proxy=class org.apache.hadoop.hive.ql.metadata.SessionHiveMetaStoreClient ugi=alex (auth:SIMPLE) retries=1 delay=1 lifetime=0
2024-04-30T20:08:46,736  INFO [269d2a02-18c5-4252-af8b-299b82d307c2 main] HiveMetaStore.audit: ugi=alex	ip=unknown-ip-addr	cmd=get_database: test	
2024-04-30T20:08:46,744  INFO [269d2a02-18c5-4252-af8b-299b82d307c2 main] ql.Driver: Semantic Analysis Completed (retrial = false)
2024-04-30T20:08:46,744  INFO [269d2a02-18c5-4252-af8b-299b82d307c2 main] ql.Driver: Created Hive schema: Schema(fieldSchemas:null, properties:null)
2024-04-30T20:08:46,744  INFO [269d2a02-18c5-4252-af8b-299b82d307c2 main] metadata.Hive: Dumping metastore api call timing information for : compilation phase
2024-04-30T20:08:46,744  INFO [269d2a02-18c5-4252-af8b-299b82d307c2 main] metadata.Hive: Total time spent in each metastore function (ms): {isCompatibleWith_(Configuration)=0, getDatabase_(String)=8, flushCache_()=0}
2024-04-30T20:08:46,744  INFO [269d2a02-18c5-4252-af8b-299b82d307c2 main] ql.Driver: Completed compiling command(queryId=alex_20240430200846_ddb8dda6-c857-4fad-b78f-c8dfd23bdeaa); Time taken: 0.017 seconds
2024-04-30T20:08:46,745  INFO [269d2a02-18c5-4252-af8b-299b82d307c2 main] common.LogUtils: Unregistered logging context.
2024-04-30T20:08:46,746  INFO [HiveServer2-Background-Pool: Thread-115] common.LogUtils: Thread context registration is done.
2024-04-30T20:08:46,746  INFO [HiveServer2-Background-Pool: Thread-115] reexec.ReExecDriver: Execution #1 of query
2024-04-30T20:08:46,746  INFO [HiveServer2-Background-Pool: Thread-115] ql.Driver: Concurrency mode is disabled, not creating a lock manager
2024-04-30T20:08:46,746  INFO [HiveServer2-Background-Pool: Thread-115] ql.Driver: Executing command(queryId=alex_20240430200846_ddb8dda6-c857-4fad-b78f-c8dfd23bdeaa): use test
2024-04-30T20:08:46,747  INFO [HiveServer2-Background-Pool: Thread-115] ql.Driver: Starting task [Stage-0:DDL] in serial mode
2024-04-30T20:08:46,748  INFO [HiveServer2-Background-Pool: Thread-115] HiveMetaStore.audit: ugi=alex	ip=unknown-ip-addr	cmd=get_database: test	
2024-04-30T20:08:46,749  INFO [HiveServer2-Background-Pool: Thread-115] metastore.HMSHandler: 3: Opening raw store with implementation class:org.apache.hadoop.hive.metastore.ObjectStore
2024-04-30T20:08:46,750  INFO [HiveServer2-Background-Pool: Thread-115] metastore.ObjectStore: RawStore: org.apache.hadoop.hive.metastore.ObjectStore@55820447, with PersistenceManager: null will be shutdown
2024-04-30T20:08:46,751  INFO [HiveServer2-Background-Pool: Thread-115] metastore.ObjectStore: RawStore: org.apache.hadoop.hive.metastore.ObjectStore@55820447, with PersistenceManager: org.datanucleus.api.jdo.JDOPersistenceManager@10809093 created in the thread with id: 115
2024-04-30T20:08:46,754  INFO [HiveServer2-Background-Pool: Thread-115] metastore.HMSHandler: Created RawStore: org.apache.hadoop.hive.metastore.ObjectStore@55820447 from thread id: 115
2024-04-30T20:08:46,756  INFO [HiveServer2-Background-Pool: Thread-115] HiveMetaStore.audit: ugi=alex	ip=unknown-ip-addr	cmd=get_database: test	
2024-04-30T20:08:46,757  INFO [HiveServer2-Background-Pool: Thread-115] metadata.Hive: Dumping metastore api call timing information for : execution phase
2024-04-30T20:08:46,757  INFO [HiveServer2-Background-Pool: Thread-115] metadata.Hive: Total time spent in each metastore function (ms): {isCompatibleWith_(Configuration)=0, getDatabase_(String)=9}
2024-04-30T20:08:46,758  INFO [HiveServer2-Background-Pool: Thread-115] ql.Driver: Completed executing command(queryId=alex_20240430200846_ddb8dda6-c857-4fad-b78f-c8dfd23bdeaa); Time taken: 0.011 seconds
2024-04-30T20:08:46,758  INFO [HiveServer2-Background-Pool: Thread-115] common.LogUtils: Unregistered logging context.
2024-04-30T20:08:46,760  INFO [269d2a02-18c5-4252-af8b-299b82d307c2 main] operation.OperationManager: Closing operation: OperationHandle [opType=EXECUTE_STATEMENT, getHandleIdentifier()=b43fa359-9ef6-443c-b916-c750cf68e0df]
2024-04-30T20:08:46,760  INFO [269d2a02-18c5-4252-af8b-299b82d307c2 main] operation.OperationManager: Removed queryId: alex_20240430200846_ddb8dda6-c857-4fad-b78f-c8dfd23bdeaa corresponding to operation: OperationHandle [opType=EXECUTE_STATEMENT, getHandleIdentifier()=b43fa359-9ef6-443c-b916-c750cf68e0df] with tag: null
2024-04-30T20:08:46,761  INFO [269d2a02-18c5-4252-af8b-299b82d307c2 main] operation.SQLOperation: Closing operation log /home/alex/Repositories/hive/beeline/target/tmp/alex/operation_logs/269d2a02-18c5-4252-af8b-299b82d307c2/alex_20240430200846_ddb8dda6-c857-4fad-b78f-c8dfd23bdeaa without delay
2024-04-30T20:08:46,813  WARN [main] conf.HiveConf: HiveConf of name hive.dummyparam.test.server.specific.config.override does not exist
2024-04-30T20:08:46,813  WARN [main] conf.HiveConf: HiveConf of name hive.dummyparam.test.server.specific.config.hiveserver2site does not exist
2024-04-30T20:08:46,814  WARN [main] conf.HiveConf: HiveConf of name hive.dummyparam.test.server.specific.config.metastoresite does not exist
2024-04-30T20:08:46,814  INFO [269d2a02-18c5-4252-af8b-299b82d307c2 main] session.HiveSessionImpl: executing set
2024-04-30T20:08:46,815  INFO [269d2a02-18c5-4252-af8b-299b82d307c2 main] operation.HiveCommandOperation: Putting temp output to file /home/alex/Repositories/hive/beeline/target/tmp/alex/269d2a02-18c5-4252-af8b-299b82d307c25986463160021369009.pipeout and error output to file /home/alex/Repositories/hive/beeline/target/tmp/alex/269d2a02-18c5-4252-af8b-299b82d307c28571730408837842962.pipeout
2024-04-30T20:08:46,815  INFO [269d2a02-18c5-4252-af8b-299b82d307c2 main] operation.OperationManager: Adding operation: OperationHandle [opType=EXECUTE_STATEMENT, getHandleIdentifier()=13c98e1a-a99a-4f77-a96d-b8036cf774fc] SessionHandle [269d2a02-18c5-4252-af8b-299b82d307c2]
2024-04-30T20:08:46,815  INFO [269d2a02-18c5-4252-af8b-299b82d307c2 main] common.LogUtils: Thread context registration is done.
DEBUG StatusLogger Building Plugin[name=filter, class=org.apache.hadoop.hive.ql.log.LogDivertAppender$NameFilter].
DEBUG StatusLogger createFilter(loggingLevel="EXECUTION")
DEBUG StatusLogger Building Plugin[name=layout, class=org.apache.logging.log4j.core.layout.PatternLayout].
DEBUG StatusLogger PatternLayout$Builder(pattern="%-5p : %m%n", PatternSelector=null, Configuration(HiveLog4j2Test), Replace=null, charset="null", alwaysWriteExceptions="null", disableAnsi="null", noConsoleNoAnsi="null", header="null", footer="null")
DEBUG StatusLogger Building Plugin[name=appender, class=org.apache.hadoop.hive.ql.log.HushableRandomAccessFileAppender].
DEBUG StatusLogger createAppender(fileName="/home/alex/Repositories/hive/beeline/target/tmp/alex/operation_logs/269d2a02-18c5-4252-af8b-299b82d307c2/alex_20240430200846_ac570128-f15a-40fe-af5f-da5391ed6130", append="null", name="query-file-appender", immediateFlush="null", bufferSize="null", ignoreExceptions="null", PatternLayout(org.apache.logging.log4j.core.layout.PatternLayout with name PatternLayout), NameFilter(org.apache.hadoop.hive.ql.log.LogDivertAppender$NameFilter with name NameFilter), advertise="null", advertiseURI="null", Configuration(HiveLog4j2Test))
DEBUG StatusLogger Starting RandomAccessFileManager /home/alex/Repositories/hive/beeline/target/tmp/alex/operation_logs/269d2a02-18c5-4252-af8b-299b82d307c2/alex_20240430200846_ac570128-f15a-40fe-af5f-da5391ed6130
DEBUG StatusLogger Building Plugin[name=, class=org.apache.hadoop.hive.ql.log.LogDivertAppenderForTest$TestFilter].
DEBUG StatusLogger createFilter()
DEBUG StatusLogger Building Plugin[name=, class=org.apache.logging.log4j.core.layout.PatternLayout].
DEBUG StatusLogger PatternLayout$Builder(pattern="%-5p : %m%n", PatternSelector=null, Configuration(HiveLog4j2Test), Replace=null, charset="null", alwaysWriteExceptions="null", disableAnsi="null", noConsoleNoAnsi="null", header="null", footer="null")
DEBUG StatusLogger Building Plugin[name=appender, class=org.apache.hadoop.hive.ql.log.HushableRandomAccessFileAppender].
DEBUG StatusLogger createAppender(fileName="/home/alex/Repositories/hive/beeline/target/tmp/alex/operation_logs/269d2a02-18c5-4252-af8b-299b82d307c2/alex_20240430200846_ac570128-f15a-40fe-af5f-da5391ed6130.test", append="null", name="test-query-file-appender", immediateFlush="null", bufferSize="null", ignoreExceptions="null", PatternLayout(org.apache.logging.log4j.core.layout.PatternLayout with name PatternLayout), test-filter(org.apache.hadoop.hive.ql.log.LogDivertAppenderForTest$TestFilter with name test-filter), advertise="null", advertiseURI="null", Configuration(HiveLog4j2Test))
DEBUG StatusLogger Starting RandomAccessFileManager /home/alex/Repositories/hive/beeline/target/tmp/alex/operation_logs/269d2a02-18c5-4252-af8b-299b82d307c2/alex_20240430200846_ac570128-f15a-40fe-af5f-da5391ed6130.test
2024-04-30T20:08:46,819  INFO [269d2a02-18c5-4252-af8b-299b82d307c2 main] operation.HiveCommandOperation: [opType=EXECUTE_STATEMENT, queryId=alex_20240430200846_ac570128-f15a-40fe-af5f-da5391ed6130, startTime=1714532926814, sessionId=269d2a02-18c5-4252-af8b-299b82d307c2, createTime=1714532926631, userName=null, ipAddress=null]
2024-04-30T20:08:46,828  INFO [269d2a02-18c5-4252-af8b-299b82d307c2 main] common.LogUtils: Unregistered logging context.
2024-04-30T20:08:46,832  INFO [269d2a02-18c5-4252-af8b-299b82d307c2 main] operation.OperationManager: Closing operation: OperationHandle [opType=EXECUTE_STATEMENT, getHandleIdentifier()=13c98e1a-a99a-4f77-a96d-b8036cf774fc]
2024-04-30T20:08:46,832  INFO [269d2a02-18c5-4252-af8b-299b82d307c2 main] operation.OperationManager: Removed queryId: alex_20240430200846_ac570128-f15a-40fe-af5f-da5391ed6130 corresponding to operation: OperationHandle [opType=EXECUTE_STATEMENT, getHandleIdentifier()=13c98e1a-a99a-4f77-a96d-b8036cf774fc] with tag: null
2024-04-30T20:08:46,832  INFO [269d2a02-18c5-4252-af8b-299b82d307c2 main] operation.HiveCommandOperation: Closing operation log /home/alex/Repositories/hive/beeline/target/tmp/alex/operation_logs/269d2a02-18c5-4252-af8b-299b82d307c2/alex_20240430200846_ac570128-f15a-40fe-af5f-da5391ed6130 without delay
2024-04-30T20:08:46,834  INFO [269d2a02-18c5-4252-af8b-299b82d307c2 main] session.HiveSessionImpl: executing create table if not exists test.testSrcTbl3(sc3 string)
2024-04-30T20:08:46,835  INFO [269d2a02-18c5-4252-af8b-299b82d307c2 main] operation.OperationManager: Adding operation: OperationHandle [opType=EXECUTE_STATEMENT, getHandleIdentifier()=1b98d393-0ee1-48db-9038-034098da9cf4] SessionHandle [269d2a02-18c5-4252-af8b-299b82d307c2]
2024-04-30T20:08:46,835  INFO [269d2a02-18c5-4252-af8b-299b82d307c2 main] common.LogUtils: Thread context registration is done.
DEBUG StatusLogger Building Plugin[name=filter, class=org.apache.hadoop.hive.ql.log.LogDivertAppender$NameFilter].
DEBUG StatusLogger createFilter(loggingLevel="EXECUTION")
DEBUG StatusLogger Building Plugin[name=layout, class=org.apache.logging.log4j.core.layout.PatternLayout].
DEBUG StatusLogger PatternLayout$Builder(pattern="%-5p : %m%n", PatternSelector=null, Configuration(HiveLog4j2Test), Replace=null, charset="null", alwaysWriteExceptions="null", disableAnsi="null", noConsoleNoAnsi="null", header="null", footer="null")
DEBUG StatusLogger Building Plugin[name=appender, class=org.apache.hadoop.hive.ql.log.HushableRandomAccessFileAppender].
DEBUG StatusLogger createAppender(fileName="/home/alex/Repositories/hive/beeline/target/tmp/alex/operation_logs/269d2a02-18c5-4252-af8b-299b82d307c2/alex_20240430200846_57eec210-08e3-417b-9a13-63c68682248b", append="null", name="query-file-appender", immediateFlush="null", bufferSize="null", ignoreExceptions="null", PatternLayout(org.apache.logging.log4j.core.layout.PatternLayout with name PatternLayout), NameFilter(org.apache.hadoop.hive.ql.log.LogDivertAppender$NameFilter with name NameFilter), advertise="null", advertiseURI="null", Configuration(HiveLog4j2Test))
DEBUG StatusLogger Starting RandomAccessFileManager /home/alex/Repositories/hive/beeline/target/tmp/alex/operation_logs/269d2a02-18c5-4252-af8b-299b82d307c2/alex_20240430200846_57eec210-08e3-417b-9a13-63c68682248b
DEBUG StatusLogger Building Plugin[name=, class=org.apache.hadoop.hive.ql.log.LogDivertAppenderForTest$TestFilter].
DEBUG StatusLogger createFilter()
DEBUG StatusLogger Building Plugin[name=, class=org.apache.logging.log4j.core.layout.PatternLayout].
DEBUG StatusLogger PatternLayout$Builder(pattern="%-5p : %m%n", PatternSelector=null, Configuration(HiveLog4j2Test), Replace=null, charset="null", alwaysWriteExceptions="null", disableAnsi="null", noConsoleNoAnsi="null", header="null", footer="null")
DEBUG StatusLogger Building Plugin[name=appender, class=org.apache.hadoop.hive.ql.log.HushableRandomAccessFileAppender].
DEBUG StatusLogger createAppender(fileName="/home/alex/Repositories/hive/beeline/target/tmp/alex/operation_logs/269d2a02-18c5-4252-af8b-299b82d307c2/alex_20240430200846_57eec210-08e3-417b-9a13-63c68682248b.test", append="null", name="test-query-file-appender", immediateFlush="null", bufferSize="null", ignoreExceptions="null", PatternLayout(org.apache.logging.log4j.core.layout.PatternLayout with name PatternLayout), test-filter(org.apache.hadoop.hive.ql.log.LogDivertAppenderForTest$TestFilter with name test-filter), advertise="null", advertiseURI="null", Configuration(HiveLog4j2Test))
DEBUG StatusLogger Starting RandomAccessFileManager /home/alex/Repositories/hive/beeline/target/tmp/alex/operation_logs/269d2a02-18c5-4252-af8b-299b82d307c2/alex_20240430200846_57eec210-08e3-417b-9a13-63c68682248b.test
2024-04-30T20:08:46,839  INFO [269d2a02-18c5-4252-af8b-299b82d307c2 main] operation.SQLOperation: [opType=EXECUTE_STATEMENT, queryId=alex_20240430200846_57eec210-08e3-417b-9a13-63c68682248b, startTime=1714532926834, sessionId=269d2a02-18c5-4252-af8b-299b82d307c2, createTime=1714532926631, userName=null, ipAddress=null]
2024-04-30T20:08:46,840  INFO [269d2a02-18c5-4252-af8b-299b82d307c2 main] ql.Driver: Compiling command(queryId=alex_20240430200846_57eec210-08e3-417b-9a13-63c68682248b): create table if not exists test.testSrcTbl3(sc3 string)
2024-04-30T20:08:46,912  INFO [269d2a02-18c5-4252-af8b-299b82d307c2 main] parse.CalcitePlanner: Starting caching scope for: alex_20240430200846_57eec210-08e3-417b-9a13-63c68682248b
2024-04-30T20:08:46,915  INFO [269d2a02-18c5-4252-af8b-299b82d307c2 main] parse.CalcitePlanner: Starting Semantic Analysis
2024-04-30T20:08:46,915  INFO [269d2a02-18c5-4252-af8b-299b82d307c2 main] sqlstd.SQLStdHiveAccessController: Created SQLStdHiveAccessController for session context : HiveAuthzSessionContext [sessionString=269d2a02-18c5-4252-af8b-299b82d307c2, clientType=HIVESERVER2]
2024-04-30T20:08:46,921  INFO [269d2a02-18c5-4252-af8b-299b82d307c2 main] parse.CalcitePlanner: Creating table test.testSrcTbl3 position=27
2024-04-30T20:08:46,933  INFO [269d2a02-18c5-4252-af8b-299b82d307c2 main] HiveMetaStore.audit: ugi=alex	ip=unknown-ip-addr	cmd=get_table : tbl=hive.test.testSrcTbl3	
2024-04-30T20:08:46,944  INFO [269d2a02-18c5-4252-af8b-299b82d307c2 main] HiveMetaStore.audit: ugi=alex	ip=unknown-ip-addr	cmd=get_database: test	
2024-04-30T20:08:46,953  INFO [269d2a02-18c5-4252-af8b-299b82d307c2 main] parse.CalcitePlanner: Ending caching scope for: alex_20240430200846_57eec210-08e3-417b-9a13-63c68682248b
2024-04-30T20:08:46,953  INFO [269d2a02-18c5-4252-af8b-299b82d307c2 main] ql.Driver: Semantic Analysis Completed (retrial = false)
2024-04-30T20:08:46,953  INFO [269d2a02-18c5-4252-af8b-299b82d307c2 main] ql.Driver: Created Hive schema: Schema(fieldSchemas:null, properties:null)
2024-04-30T20:08:46,954  INFO [269d2a02-18c5-4252-af8b-299b82d307c2 main] metadata.Hive: Dumping metastore api call timing information for : compilation phase
2024-04-30T20:08:46,954  INFO [269d2a02-18c5-4252-af8b-299b82d307c2 main] metadata.Hive: Total time spent in each metastore function (ms): {isCompatibleWith_(Configuration)=0, getDatabase_(String)=1, flushCache_()=1}
2024-04-30T20:08:46,954  INFO [269d2a02-18c5-4252-af8b-299b82d307c2 main] ql.Driver: Completed compiling command(queryId=alex_20240430200846_57eec210-08e3-417b-9a13-63c68682248b); Time taken: 0.114 seconds
2024-04-30T20:08:46,954  INFO [269d2a02-18c5-4252-af8b-299b82d307c2 main] common.LogUtils: Unregistered logging context.
2024-04-30T20:08:46,955  INFO [HiveServer2-Background-Pool: Thread-118] common.LogUtils: Thread context registration is done.
2024-04-30T20:08:46,955  INFO [HiveServer2-Background-Pool: Thread-118] reexec.ReExecDriver: Execution #1 of query
2024-04-30T20:08:46,955  INFO [HiveServer2-Background-Pool: Thread-118] ql.Driver: Concurrency mode is disabled, not creating a lock manager
2024-04-30T20:08:46,955  INFO [HiveServer2-Background-Pool: Thread-118] ql.Driver: Executing command(queryId=alex_20240430200846_57eec210-08e3-417b-9a13-63c68682248b): create table if not exists test.testSrcTbl3(sc3 string)
2024-04-30T20:08:46,956  INFO [HiveServer2-Background-Pool: Thread-118] ql.Driver: Starting task [Stage-0:DDL] in serial mode
2024-04-30T20:08:47,050  INFO [HiveServer2-Background-Pool: Thread-118] HiveMetaStore.audit: ugi=alex	ip=unknown-ip-addr	cmd=create_table_req: Table(tableName:testSrcTbl3, dbName:test, owner:alex, createTime:1714532926, lastAccessTime:0, retention:0, sd:StorageDescriptor(cols:[FieldSchema(name:sc3, type:string, comment:null)], location:null, inputFormat:org.apache.hadoop.mapred.TextInputFormat, outputFormat:org.apache.hadoop.hive.ql.io.HiveIgnoreKeyTextOutputFormat, compressed:false, numBuckets:-1, serdeInfo:SerDeInfo(name:null, serializationLib:org.apache.hadoop.hive.serde2.lazy.LazySimpleSerDe, parameters:{serialization.format=1}), bucketCols:[], sortCols:[], parameters:{}, skewedInfo:SkewedInfo(skewedColNames:[], skewedColValues:[], skewedColValueLocationMaps:{}), storedAsSubDirectories:false), partitionKeys:[], parameters:{totalSize=0, numRows=0, rawDataSize=0, COLUMN_STATS_ACCURATE={"BASIC_STATS":"true","COLUMN_STATS":{"sc3":"true"}}, numFiles=0, bucketing_version=2, numFilesErasureCoded=0}, viewOriginalText:null, viewExpandedText:null, tableType:MANAGED_TABLE, privileges:PrincipalPrivilegeSet(userPrivileges:{alex=[PrivilegeGrantInfo(privilege:INSERT, createTime:-1, grantor:alex, grantorType:USER, grantOption:true), PrivilegeGrantInfo(privilege:SELECT, createTime:-1, grantor:alex, grantorType:USER, grantOption:true), PrivilegeGrantInfo(privilege:UPDATE, createTime:-1, grantor:alex, grantorType:USER, grantOption:true), PrivilegeGrantInfo(privilege:DELETE, createTime:-1, grantor:alex, grantorType:USER, grantOption:true)]}, groupPrivileges:null, rolePrivileges:null), temporary:false, catName:hive, ownerType:USER)	
2024-04-30T20:08:47,051  INFO [HiveServer2-Background-Pool: Thread-118] metastore.HMSHandler: 4: Opening raw store with implementation class:org.apache.hadoop.hive.metastore.ObjectStore
2024-04-30T20:08:47,052  INFO [HiveServer2-Background-Pool: Thread-118] metastore.ObjectStore: RawStore: org.apache.hadoop.hive.metastore.ObjectStore@709d6cf, with PersistenceManager: null will be shutdown
2024-04-30T20:08:47,052  INFO [HiveServer2-Background-Pool: Thread-118] metastore.ObjectStore: RawStore: org.apache.hadoop.hive.metastore.ObjectStore@709d6cf, with PersistenceManager: org.datanucleus.api.jdo.JDOPersistenceManager@651f51fc created in the thread with id: 118
2024-04-30T20:08:47,056  INFO [HiveServer2-Background-Pool: Thread-118] metastore.HMSHandler: Created RawStore: org.apache.hadoop.hive.metastore.ObjectStore@709d6cf from thread id: 118
2024-04-30T20:08:47,061  INFO [HiveServer2-Background-Pool: Thread-118] utils.FileUtils: Creating directory if it doesn't exist: file:/home/alex/Repositories/hive/beeline/target/tmp/warehouse/test.db/testsrctbl3
2024-04-30T20:08:47,187  INFO [HiveServer2-Background-Pool: Thread-118] metadata.Hive: Dumping metastore api call timing information for : execution phase
2024-04-30T20:08:47,187  INFO [HiveServer2-Background-Pool: Thread-118] metadata.Hive: Total time spent in each metastore function (ms): {isCompatibleWith_(Configuration)=0, createTable_(Table)=137}
2024-04-30T20:08:47,187  INFO [HiveServer2-Background-Pool: Thread-118] ql.Driver: Completed executing command(queryId=alex_20240430200846_57eec210-08e3-417b-9a13-63c68682248b); Time taken: 0.232 seconds
2024-04-30T20:08:47,188  INFO [HiveServer2-Background-Pool: Thread-118] common.LogUtils: Unregistered logging context.
2024-04-30T20:08:47,190  INFO [269d2a02-18c5-4252-af8b-299b82d307c2 main] operation.OperationManager: Closing operation: OperationHandle [opType=EXECUTE_STATEMENT, getHandleIdentifier()=1b98d393-0ee1-48db-9038-034098da9cf4]
2024-04-30T20:08:47,190  INFO [269d2a02-18c5-4252-af8b-299b82d307c2 main] operation.OperationManager: Removed queryId: alex_20240430200846_57eec210-08e3-417b-9a13-63c68682248b corresponding to operation: OperationHandle [opType=EXECUTE_STATEMENT, getHandleIdentifier()=1b98d393-0ee1-48db-9038-034098da9cf4] with tag: null
2024-04-30T20:08:47,190  INFO [269d2a02-18c5-4252-af8b-299b82d307c2 main] operation.SQLOperation: Closing operation log /home/alex/Repositories/hive/beeline/target/tmp/alex/operation_logs/269d2a02-18c5-4252-af8b-299b82d307c2/alex_20240430200846_57eec210-08e3-417b-9a13-63c68682248b without delay
2024-04-30T20:08:47,195  INFO [main] service.CompositeService: Session closed, SessionHandle [269d2a02-18c5-4252-af8b-299b82d307c2], current sessions:0
2024-04-30T20:08:47,195  INFO [269d2a02-18c5-4252-af8b-299b82d307c2 main] session.HiveSessionImpl: Operation log session directory is deleted: /home/alex/Repositories/hive/beeline/target/tmp/alex/operation_logs/269d2a02-18c5-4252-af8b-299b82d307c2
2024-04-30T20:08:47,196  INFO [main] cleanup.EventualCleanupService: Delete /tmp/hive/alex/269d2a02-18c5-4252-af8b-299b82d307c2 operation was queued
2024-04-30T20:08:47,196  INFO [main] cleanup.EventualCleanupService: Delete /home/alex/Repositories/hive/beeline/target/tmp/alex/269d2a02-18c5-4252-af8b-299b82d307c2 operation was queued
2024-04-30T20:08:47,196  INFO [EventualCleanupService thread 0] cleanup.EventualCleanupService: Deleted /tmp/hive/alex/269d2a02-18c5-4252-af8b-299b82d307c2
2024-04-30T20:08:47,196  INFO [EventualCleanupService thread 1] cleanup.EventualCleanupService: Deleted /home/alex/Repositories/hive/beeline/target/tmp/alex/269d2a02-18c5-4252-af8b-299b82d307c2
2024-04-30T20:08:47,197  INFO [main] HiveMetaStore.audit: ugi=alex	ip=unknown-ip-addr	cmd=Cleaning up thread local RawStore...	
2024-04-30T20:08:47,197  INFO [main] metastore.ObjectStore: RawStore: org.apache.hadoop.hive.metastore.ObjectStore@e2b3026, with PersistenceManager: org.datanucleus.api.jdo.JDOPersistenceManager@38bc5ac0 will be shutdown
2024-04-30T20:08:47,197  INFO [main] HiveMetaStore.audit: ugi=alex	ip=unknown-ip-addr	cmd=Done cleaning up thread local RawStore	
2024-04-30T20:08:47,198  INFO [main] metastore.HiveMetaStoreClient: Closed a connection to metastore, current connections: -4
]]></system-err>
  </testcase>
  <testcase name="testSourceCmd3" classname="org.apache.hive.beeline.cli.TestHiveCli" time="0.585">
    <failure type="java.lang.AssertionError"><![CDATA[java.lang.AssertionError: Supported return code is 2 while the actual is 0
	at org.junit.Assert.fail(Assert.java:89)
	at org.apache.hive.beeline.cli.TestHiveCli.executeCMD(TestHiveCli.java:256)
	at org.apache.hive.beeline.cli.TestHiveCli.verifyCMD(TestHiveCli.java:266)
	at org.apache.hive.beeline.cli.TestHiveCli.testSourceCmd3(TestHiveCli.java:130)
	at sun.reflect.NativeMethodAccessorImpl.invoke0(Native Method)
	at sun.reflect.NativeMethodAccessorImpl.invoke(NativeMethodAccessorImpl.java:62)
	at sun.reflect.DelegatingMethodAccessorImpl.invoke(DelegatingMethodAccessorImpl.java:43)
	at java.lang.reflect.Method.invoke(Method.java:498)
	at org.junit.runners.model.FrameworkMethod$1.runReflectiveCall(FrameworkMethod.java:59)
	at org.junit.internal.runners.model.ReflectiveCallable.run(ReflectiveCallable.java:12)
	at org.junit.runners.model.FrameworkMethod.invokeExplosively(FrameworkMethod.java:56)
	at org.junit.internal.runners.statements.InvokeMethod.evaluate(InvokeMethod.java:17)
	at org.junit.internal.runners.statements.RunBefores.evaluate(RunBefores.java:26)
	at org.junit.internal.runners.statements.RunAfters.evaluate(RunAfters.java:27)
	at org.junit.runners.ParentRunner$3.evaluate(ParentRunner.java:306)
	at org.junit.runners.BlockJUnit4ClassRunner$1.evaluate(BlockJUnit4ClassRunner.java:100)
	at org.junit.runners.ParentRunner.runLeaf(ParentRunner.java:366)
	at org.junit.runners.BlockJUnit4ClassRunner.runChild(BlockJUnit4ClassRunner.java:103)
	at org.junit.runners.BlockJUnit4ClassRunner.runChild(BlockJUnit4ClassRunner.java:63)
	at org.junit.runners.ParentRunner$4.run(ParentRunner.java:331)
	at org.junit.runners.ParentRunner$1.schedule(ParentRunner.java:79)
	at org.junit.runners.ParentRunner.runChildren(ParentRunner.java:329)
	at org.junit.runners.ParentRunner.access$100(ParentRunner.java:66)
	at org.junit.runners.ParentRunner$2.evaluate(ParentRunner.java:293)
	at org.junit.internal.runners.statements.RunBefores.evaluate(RunBefores.java:26)
	at org.junit.runners.ParentRunner$3.evaluate(ParentRunner.java:306)
	at org.junit.runners.ParentRunner.run(ParentRunner.java:413)
	at org.junit.runner.JUnitCore.run(JUnitCore.java:137)
	at org.junit.runner.JUnitCore.run(JUnitCore.java:115)
	at org.junit.vintage.engine.execution.RunnerExecutor.execute(RunnerExecutor.java:43)
	at java.util.stream.ForEachOps$ForEachOp$OfRef.accept(ForEachOps.java:183)
	at java.util.stream.ReferencePipeline$3$1.accept(ReferencePipeline.java:193)
	at java.util.Iterator.forEachRemaining(Iterator.java:116)
	at java.util.Spliterators$IteratorSpliterator.forEachRemaining(Spliterators.java:1801)
	at java.util.stream.AbstractPipeline.copyInto(AbstractPipeline.java:482)
	at java.util.stream.AbstractPipeline.wrapAndCopyInto(AbstractPipeline.java:472)
	at java.util.stream.ForEachOps$ForEachOp.evaluateSequential(ForEachOps.java:150)
	at java.util.stream.ForEachOps$ForEachOp$OfRef.evaluateSequential(ForEachOps.java:173)
	at java.util.stream.AbstractPipeline.evaluate(AbstractPipeline.java:234)
	at java.util.stream.ReferencePipeline.forEach(ReferencePipeline.java:485)
	at org.junit.vintage.engine.VintageTestEngine.executeAllChildren(VintageTestEngine.java:82)
	at org.junit.vintage.engine.VintageTestEngine.execute(VintageTestEngine.java:73)
	at org.junit.platform.launcher.core.DefaultLauncher.execute(DefaultLauncher.java:248)
	at org.junit.platform.launcher.core.DefaultLauncher.lambda$execute$5(DefaultLauncher.java:211)
	at org.junit.platform.launcher.core.DefaultLauncher.withInterceptedStreams(DefaultLauncher.java:226)
	at org.junit.platform.launcher.core.DefaultLauncher.execute(DefaultLauncher.java:199)
	at org.junit.platform.launcher.core.DefaultLauncher.execute(DefaultLauncher.java:132)
	at org.apache.maven.surefire.junitplatform.JUnitPlatformProvider.invokeAllTests(JUnitPlatformProvider.java:154)
	at org.apache.maven.surefire.junitplatform.JUnitPlatformProvider.invoke(JUnitPlatformProvider.java:123)
	at org.apache.maven.surefire.booter.ForkedBooter.runSuitesInProcess(ForkedBooter.java:377)
	at org.apache.maven.surefire.booter.ForkedBooter.execute(ForkedBooter.java:138)
	at org.apache.maven.surefire.booter.ForkedBooter.run(ForkedBooter.java:465)
	at org.apache.maven.surefire.booter.ForkedBooter.main(ForkedBooter.java:451)
]]></failure>
    <system-err><![CDATA[2024-04-30T20:08:47,199 ERROR [main] cli.TestHiveCli: Failed to execute command due to the error: java.lang.NullPointerException: Null output stream
2024-04-30T20:08:47,249  WARN [main] conf.HiveConf: HiveConf of name hive.dummyparam.test.server.specific.config.override does not exist
2024-04-30T20:08:47,249  WARN [main] conf.HiveConf: HiveConf of name hive.dummyparam.test.server.specific.config.hiveserver2site does not exist
2024-04-30T20:08:47,250  WARN [main] conf.HiveConf: HiveConf of name hive.dummyparam.test.server.specific.config.metastoresite does not exist
2024-04-30T20:08:47,250  INFO [main] SessionState: Hive Session ID = 7b947c5a-7565-459f-9588-0dafdf045a72
2024-04-30T20:08:47,251  INFO [main] DependencyResolver: ivysettings.xml file not found in HIVE_HOME or HIVE_CONF_DIR,/home/alex/Repositories/hive/conf/ivysettings.xml will be used
2024-04-30T20:08:47,258  INFO [main] session.SessionState: Created HDFS directory: /tmp/hive/alex/7b947c5a-7565-459f-9588-0dafdf045a72
2024-04-30T20:08:47,261  INFO [main] session.SessionState: Created local directory: /home/alex/Repositories/hive/beeline/target/tmp/alex/7b947c5a-7565-459f-9588-0dafdf045a72
2024-04-30T20:08:47,265  INFO [main] session.SessionState: Created HDFS directory: /tmp/hive/alex/7b947c5a-7565-459f-9588-0dafdf045a72/_tmp_space.db
2024-04-30T20:08:47,266  INFO [main] sqlstd.SQLStdHiveAccessController: Created SQLStdHiveAccessController for session context : HiveAuthzSessionContext [sessionString=7b947c5a-7565-459f-9588-0dafdf045a72, clientType=HIVESERVER2]
2024-04-30T20:08:47,266  INFO [main] metastore.HiveMetaStoreClient: HMS client filtering is enabled.
2024-04-30T20:08:47,267  INFO [main] metastore.HMSHandler: 0: Opening raw store with implementation class:org.apache.hadoop.hive.metastore.ObjectStore
2024-04-30T20:08:47,267  INFO [main] metastore.PersistenceManagerProvider: Configuration datanucleus.autoStartMechanismMode is not set. Defaulting to 'ignored'
2024-04-30T20:08:47,268  INFO [main] metastore.ObjectStore: RawStore: org.apache.hadoop.hive.metastore.ObjectStore@44b9c7c4, with PersistenceManager: null will be shutdown
2024-04-30T20:08:47,268  INFO [main] metastore.ObjectStore: RawStore: org.apache.hadoop.hive.metastore.ObjectStore@44b9c7c4, with PersistenceManager: org.datanucleus.api.jdo.JDOPersistenceManager@674184d created in the thread with id: 1
2024-04-30T20:08:47,279  INFO [main] metastore.HMSHandler: Created RawStore: org.apache.hadoop.hive.metastore.ObjectStore@44b9c7c4 from thread id: 1
2024-04-30T20:08:47,279  INFO [main] metastore.HMSHandler: HMS server filtering is disabled by configuration
2024-04-30T20:08:47,279  INFO [main] metastore.RetryingMetaStoreClient: RetryingMetaStoreClient proxy=class org.apache.hadoop.hive.ql.metadata.SessionHiveMetaStoreClient ugi=alex (auth:SIMPLE) retries=1 delay=1 lifetime=0
2024-04-30T20:08:47,280  INFO [main] service.CompositeService: Operation log root directory is created: /home/alex/Repositories/hive/beeline/target/tmp/alex/operation_logs
2024-04-30T20:08:47,280  INFO [main] service.CompositeService: HiveServer2: Background operation thread pool size: 100
2024-04-30T20:08:47,280  INFO [main] service.CompositeService: HiveServer2: Background operation thread wait queue size: 100
2024-04-30T20:08:47,280  INFO [main] service.CompositeService: HiveServer2: Background operation thread keepalive time: 10 seconds
2024-04-30T20:08:47,280  INFO [main] service.CompositeService: Connections limit are user: 0 ipaddress: 0 user-ipaddress: 0
2024-04-30T20:08:47,282  INFO [main] cleanup.EventualCleanupService: EventualCleanupService started with 10 threads and queue of size 10000
ERROR StatusLogger Log4j2 ConfigurationScheduler attempted to increment scheduled items after start
ERROR StatusLogger Log4j2 ConfigurationScheduler attempted to increment scheduled items after start
2024-04-30T20:08:47,284  INFO [main] service.AbstractService: Service:OperationManager is inited.
2024-04-30T20:08:47,284  INFO [main] service.AbstractService: Service:SessionManager is inited.
2024-04-30T20:08:47,284  INFO [main] service.AbstractService: Service:CLIService is inited.
2024-04-30T20:08:47,284  INFO [main] service.AbstractService: Service:OperationManager is started.
2024-04-30T20:08:47,284  INFO [main] service.AbstractService: Service:SessionManager is started.
2024-04-30T20:08:47,284  INFO [main] service.AbstractService: Service:CLIService is started.
2024-04-30T20:08:47,284  INFO [main] service.AbstractService: Service:ThriftBinaryCLIService is inited.
2024-04-30T20:08:47,284  INFO [main] thrift.ThriftCLIService: Client protocol version: HIVE_CLI_SERVICE_PROTOCOL_V10
2024-04-30T20:08:47,284  INFO [main] thrift.ThriftCLIService: Creating Hive session handle for user [null] from IP null
2024-04-30T20:08:47,286  INFO [main] DependencyResolver: ivysettings.xml file not found in HIVE_HOME or HIVE_CONF_DIR,/home/alex/Repositories/hive/conf/ivysettings.xml will be used
2024-04-30T20:08:47,294  INFO [main] session.SessionState: Created HDFS directory: /tmp/hive/alex/8c9b921a-b31f-48f6-80d9-c95b7493eda9
2024-04-30T20:08:47,297  INFO [main] session.SessionState: Created local directory: /home/alex/Repositories/hive/beeline/target/tmp/alex/8c9b921a-b31f-48f6-80d9-c95b7493eda9
2024-04-30T20:08:47,301  INFO [main] session.SessionState: Created HDFS directory: /tmp/hive/alex/8c9b921a-b31f-48f6-80d9-c95b7493eda9/_tmp_space.db
2024-04-30T20:08:47,301  INFO [main] session.SessionState: Reloading auxiliary JAR files
2024-04-30T20:08:47,301  WARN [main] session.SessionState: Configuration hive.reloadable.aux.jars.path not specified
2024-04-30T20:08:47,302  INFO [main] HiveMetaStore.audit: ugi=alex	ip=unknown-ip-addr	cmd=Cleaning up thread local RawStore...	
2024-04-30T20:08:47,302  INFO [main] metastore.ObjectStore: RawStore: org.apache.hadoop.hive.metastore.ObjectStore@44b9c7c4, with PersistenceManager: org.datanucleus.api.jdo.JDOPersistenceManager@674184d will be shutdown
2024-04-30T20:08:47,302  INFO [main] HiveMetaStore.audit: ugi=alex	ip=unknown-ip-addr	cmd=Done cleaning up thread local RawStore	
2024-04-30T20:08:47,302  INFO [main] metastore.HiveMetaStoreClient: Closed a connection to metastore, current connections: -5
2024-04-30T20:08:47,302  INFO [main] session.HiveSessionImpl: Operation log session directory is created: /home/alex/Repositories/hive/beeline/target/tmp/alex/operation_logs/8c9b921a-b31f-48f6-80d9-c95b7493eda9
2024-04-30T20:08:47,302  INFO [main] service.CompositeService: Session opened, SessionHandle [8c9b921a-b31f-48f6-80d9-c95b7493eda9], current sessions:1
2024-04-30T20:08:47,302  INFO [main] thrift.ThriftCLIService: Login attempt is successful for user : null
2024-04-30T20:08:47,347  WARN [main] conf.HiveConf: HiveConf of name hive.dummyparam.test.server.specific.config.override does not exist
2024-04-30T20:08:47,347  WARN [main] conf.HiveConf: HiveConf of name hive.dummyparam.test.server.specific.config.hiveserver2site does not exist
2024-04-30T20:08:47,347  WARN [main] conf.HiveConf: HiveConf of name hive.dummyparam.test.server.specific.config.metastoresite does not exist
2024-04-30T20:08:47,348  INFO [8c9b921a-b31f-48f6-80d9-c95b7493eda9 main] session.HiveSessionImpl: executing set
2024-04-30T20:08:47,348  INFO [8c9b921a-b31f-48f6-80d9-c95b7493eda9 main] operation.HiveCommandOperation: Putting temp output to file /home/alex/Repositories/hive/beeline/target/tmp/alex/8c9b921a-b31f-48f6-80d9-c95b7493eda97923086869373529763.pipeout and error output to file /home/alex/Repositories/hive/beeline/target/tmp/alex/8c9b921a-b31f-48f6-80d9-c95b7493eda96855050578270345526.pipeout
2024-04-30T20:08:47,348  INFO [8c9b921a-b31f-48f6-80d9-c95b7493eda9 main] operation.OperationManager: Adding operation: OperationHandle [opType=EXECUTE_STATEMENT, getHandleIdentifier()=9649748f-3dfc-48db-bed9-a1723030e4cd] SessionHandle [8c9b921a-b31f-48f6-80d9-c95b7493eda9]
2024-04-30T20:08:47,349  INFO [8c9b921a-b31f-48f6-80d9-c95b7493eda9 main] common.LogUtils: Thread context registration is done.
DEBUG StatusLogger Building Plugin[name=filter, class=org.apache.hadoop.hive.ql.log.LogDivertAppender$NameFilter].
DEBUG StatusLogger createFilter(loggingLevel="EXECUTION")
DEBUG StatusLogger Building Plugin[name=layout, class=org.apache.logging.log4j.core.layout.PatternLayout].
DEBUG StatusLogger PatternLayout$Builder(pattern="%-5p : %m%n", PatternSelector=null, Configuration(HiveLog4j2Test), Replace=null, charset="null", alwaysWriteExceptions="null", disableAnsi="null", noConsoleNoAnsi="null", header="null", footer="null")
DEBUG StatusLogger Building Plugin[name=appender, class=org.apache.hadoop.hive.ql.log.HushableRandomAccessFileAppender].
DEBUG StatusLogger createAppender(fileName="/home/alex/Repositories/hive/beeline/target/tmp/alex/operation_logs/8c9b921a-b31f-48f6-80d9-c95b7493eda9/alex_20240430200847_57c9d72a-6135-4077-b09d-3350be362e3c", append="null", name="query-file-appender", immediateFlush="null", bufferSize="null", ignoreExceptions="null", PatternLayout(org.apache.logging.log4j.core.layout.PatternLayout with name PatternLayout), NameFilter(org.apache.hadoop.hive.ql.log.LogDivertAppender$NameFilter with name NameFilter), advertise="null", advertiseURI="null", Configuration(HiveLog4j2Test))
DEBUG StatusLogger Starting RandomAccessFileManager /home/alex/Repositories/hive/beeline/target/tmp/alex/operation_logs/8c9b921a-b31f-48f6-80d9-c95b7493eda9/alex_20240430200847_57c9d72a-6135-4077-b09d-3350be362e3c
DEBUG StatusLogger Building Plugin[name=, class=org.apache.hadoop.hive.ql.log.LogDivertAppenderForTest$TestFilter].
DEBUG StatusLogger createFilter()
DEBUG StatusLogger Building Plugin[name=, class=org.apache.logging.log4j.core.layout.PatternLayout].
DEBUG StatusLogger PatternLayout$Builder(pattern="%-5p : %m%n", PatternSelector=null, Configuration(HiveLog4j2Test), Replace=null, charset="null", alwaysWriteExceptions="null", disableAnsi="null", noConsoleNoAnsi="null", header="null", footer="null")
DEBUG StatusLogger Building Plugin[name=appender, class=org.apache.hadoop.hive.ql.log.HushableRandomAccessFileAppender].
DEBUG StatusLogger createAppender(fileName="/home/alex/Repositories/hive/beeline/target/tmp/alex/operation_logs/8c9b921a-b31f-48f6-80d9-c95b7493eda9/alex_20240430200847_57c9d72a-6135-4077-b09d-3350be362e3c.test", append="null", name="test-query-file-appender", immediateFlush="null", bufferSize="null", ignoreExceptions="null", PatternLayout(org.apache.logging.log4j.core.layout.PatternLayout with name PatternLayout), test-filter(org.apache.hadoop.hive.ql.log.LogDivertAppenderForTest$TestFilter with name test-filter), advertise="null", advertiseURI="null", Configuration(HiveLog4j2Test))
DEBUG StatusLogger Starting RandomAccessFileManager /home/alex/Repositories/hive/beeline/target/tmp/alex/operation_logs/8c9b921a-b31f-48f6-80d9-c95b7493eda9/alex_20240430200847_57c9d72a-6135-4077-b09d-3350be362e3c.test
2024-04-30T20:08:47,352  INFO [8c9b921a-b31f-48f6-80d9-c95b7493eda9 main] operation.HiveCommandOperation: [opType=EXECUTE_STATEMENT, queryId=alex_20240430200847_57c9d72a-6135-4077-b09d-3350be362e3c, startTime=1714532927348, sessionId=8c9b921a-b31f-48f6-80d9-c95b7493eda9, createTime=1714532927284, userName=null, ipAddress=null]
2024-04-30T20:08:47,361  INFO [8c9b921a-b31f-48f6-80d9-c95b7493eda9 main] common.LogUtils: Unregistered logging context.
2024-04-30T20:08:47,366  INFO [8c9b921a-b31f-48f6-80d9-c95b7493eda9 main] operation.OperationManager: Closing operation: OperationHandle [opType=EXECUTE_STATEMENT, getHandleIdentifier()=9649748f-3dfc-48db-bed9-a1723030e4cd]
2024-04-30T20:08:47,367  INFO [8c9b921a-b31f-48f6-80d9-c95b7493eda9 main] operation.OperationManager: Removed queryId: alex_20240430200847_57c9d72a-6135-4077-b09d-3350be362e3c corresponding to operation: OperationHandle [opType=EXECUTE_STATEMENT, getHandleIdentifier()=9649748f-3dfc-48db-bed9-a1723030e4cd] with tag: null
2024-04-30T20:08:47,368  INFO [8c9b921a-b31f-48f6-80d9-c95b7493eda9 main] operation.HiveCommandOperation: Closing operation log /home/alex/Repositories/hive/beeline/target/tmp/alex/operation_logs/8c9b921a-b31f-48f6-80d9-c95b7493eda9/alex_20240430200847_57c9d72a-6135-4077-b09d-3350be362e3c without delay
2024-04-30T20:08:47,370  INFO [8c9b921a-b31f-48f6-80d9-c95b7493eda9 main] session.HiveSessionImpl: executing use test
2024-04-30T20:08:47,371  INFO [8c9b921a-b31f-48f6-80d9-c95b7493eda9 main] operation.OperationManager: Adding operation: OperationHandle [opType=EXECUTE_STATEMENT, getHandleIdentifier()=19ef69e0-a404-46af-9b29-df28afb0d028] SessionHandle [8c9b921a-b31f-48f6-80d9-c95b7493eda9]
2024-04-30T20:08:47,371  INFO [8c9b921a-b31f-48f6-80d9-c95b7493eda9 main] common.LogUtils: Thread context registration is done.
DEBUG StatusLogger Building Plugin[name=filter, class=org.apache.hadoop.hive.ql.log.LogDivertAppender$NameFilter].
DEBUG StatusLogger createFilter(loggingLevel="EXECUTION")
DEBUG StatusLogger Building Plugin[name=layout, class=org.apache.logging.log4j.core.layout.PatternLayout].
DEBUG StatusLogger PatternLayout$Builder(pattern="%-5p : %m%n", PatternSelector=null, Configuration(HiveLog4j2Test), Replace=null, charset="null", alwaysWriteExceptions="null", disableAnsi="null", noConsoleNoAnsi="null", header="null", footer="null")
DEBUG StatusLogger Building Plugin[name=appender, class=org.apache.hadoop.hive.ql.log.HushableRandomAccessFileAppender].
DEBUG StatusLogger createAppender(fileName="/home/alex/Repositories/hive/beeline/target/tmp/alex/operation_logs/8c9b921a-b31f-48f6-80d9-c95b7493eda9/alex_20240430200847_e4705aff-78ec-4497-83f9-4a5933c0bf7f", append="null", name="query-file-appender", immediateFlush="null", bufferSize="null", ignoreExceptions="null", PatternLayout(org.apache.logging.log4j.core.layout.PatternLayout with name PatternLayout), NameFilter(org.apache.hadoop.hive.ql.log.LogDivertAppender$NameFilter with name NameFilter), advertise="null", advertiseURI="null", Configuration(HiveLog4j2Test))
DEBUG StatusLogger Starting RandomAccessFileManager /home/alex/Repositories/hive/beeline/target/tmp/alex/operation_logs/8c9b921a-b31f-48f6-80d9-c95b7493eda9/alex_20240430200847_e4705aff-78ec-4497-83f9-4a5933c0bf7f
DEBUG StatusLogger Building Plugin[name=, class=org.apache.hadoop.hive.ql.log.LogDivertAppenderForTest$TestFilter].
DEBUG StatusLogger createFilter()
DEBUG StatusLogger Building Plugin[name=, class=org.apache.logging.log4j.core.layout.PatternLayout].
DEBUG StatusLogger PatternLayout$Builder(pattern="%-5p : %m%n", PatternSelector=null, Configuration(HiveLog4j2Test), Replace=null, charset="null", alwaysWriteExceptions="null", disableAnsi="null", noConsoleNoAnsi="null", header="null", footer="null")
DEBUG StatusLogger Building Plugin[name=appender, class=org.apache.hadoop.hive.ql.log.HushableRandomAccessFileAppender].
DEBUG StatusLogger createAppender(fileName="/home/alex/Repositories/hive/beeline/target/tmp/alex/operation_logs/8c9b921a-b31f-48f6-80d9-c95b7493eda9/alex_20240430200847_e4705aff-78ec-4497-83f9-4a5933c0bf7f.test", append="null", name="test-query-file-appender", immediateFlush="null", bufferSize="null", ignoreExceptions="null", PatternLayout(org.apache.logging.log4j.core.layout.PatternLayout with name PatternLayout), test-filter(org.apache.hadoop.hive.ql.log.LogDivertAppenderForTest$TestFilter with name test-filter), advertise="null", advertiseURI="null", Configuration(HiveLog4j2Test))
DEBUG StatusLogger Starting RandomAccessFileManager /home/alex/Repositories/hive/beeline/target/tmp/alex/operation_logs/8c9b921a-b31f-48f6-80d9-c95b7493eda9/alex_20240430200847_e4705aff-78ec-4497-83f9-4a5933c0bf7f.test
2024-04-30T20:08:47,376  INFO [8c9b921a-b31f-48f6-80d9-c95b7493eda9 main] operation.SQLOperation: [opType=EXECUTE_STATEMENT, queryId=alex_20240430200847_e4705aff-78ec-4497-83f9-4a5933c0bf7f, startTime=1714532927371, sessionId=8c9b921a-b31f-48f6-80d9-c95b7493eda9, createTime=1714532927284, userName=null, ipAddress=null]
2024-04-30T20:08:47,377  INFO [8c9b921a-b31f-48f6-80d9-c95b7493eda9 main] ql.Driver: Compiling command(queryId=alex_20240430200847_e4705aff-78ec-4497-83f9-4a5933c0bf7f): use test
2024-04-30T20:08:47,378  INFO [8c9b921a-b31f-48f6-80d9-c95b7493eda9 main] metastore.HiveMetaStoreClient: HMS client filtering is enabled.
2024-04-30T20:08:47,379  INFO [8c9b921a-b31f-48f6-80d9-c95b7493eda9 main] metastore.HMSHandler: 0: Opening raw store with implementation class:org.apache.hadoop.hive.metastore.ObjectStore
2024-04-30T20:08:47,379  INFO [8c9b921a-b31f-48f6-80d9-c95b7493eda9 main] metastore.PersistenceManagerProvider: Configuration datanucleus.autoStartMechanismMode is not set. Defaulting to 'ignored'
2024-04-30T20:08:47,380  INFO [8c9b921a-b31f-48f6-80d9-c95b7493eda9 main] metastore.ObjectStore: RawStore: org.apache.hadoop.hive.metastore.ObjectStore@191f4d65, with PersistenceManager: null will be shutdown
2024-04-30T20:08:47,380  INFO [8c9b921a-b31f-48f6-80d9-c95b7493eda9 main] metastore.ObjectStore: RawStore: org.apache.hadoop.hive.metastore.ObjectStore@191f4d65, with PersistenceManager: org.datanucleus.api.jdo.JDOPersistenceManager@7a2a7492 created in the thread with id: 1
2024-04-30T20:08:47,384  INFO [8c9b921a-b31f-48f6-80d9-c95b7493eda9 main] metastore.HMSHandler: Created RawStore: org.apache.hadoop.hive.metastore.ObjectStore@191f4d65 from thread id: 1
2024-04-30T20:08:47,384  INFO [8c9b921a-b31f-48f6-80d9-c95b7493eda9 main] metastore.HMSHandler: HMS server filtering is disabled by configuration
2024-04-30T20:08:47,385  INFO [8c9b921a-b31f-48f6-80d9-c95b7493eda9 main] metastore.RetryingMetaStoreClient: RetryingMetaStoreClient proxy=class org.apache.hadoop.hive.ql.metadata.SessionHiveMetaStoreClient ugi=alex (auth:SIMPLE) retries=1 delay=1 lifetime=0
2024-04-30T20:08:47,386  INFO [8c9b921a-b31f-48f6-80d9-c95b7493eda9 main] HiveMetaStore.audit: ugi=alex	ip=unknown-ip-addr	cmd=get_database: test	
2024-04-30T20:08:47,387  INFO [8c9b921a-b31f-48f6-80d9-c95b7493eda9 main] ql.Driver: Semantic Analysis Completed (retrial = false)
2024-04-30T20:08:47,387  INFO [8c9b921a-b31f-48f6-80d9-c95b7493eda9 main] ql.Driver: Created Hive schema: Schema(fieldSchemas:null, properties:null)
2024-04-30T20:08:47,387  INFO [8c9b921a-b31f-48f6-80d9-c95b7493eda9 main] metadata.Hive: Dumping metastore api call timing information for : compilation phase
2024-04-30T20:08:47,387  INFO [8c9b921a-b31f-48f6-80d9-c95b7493eda9 main] metadata.Hive: Total time spent in each metastore function (ms): {isCompatibleWith_(Configuration)=0, getDatabase_(String)=2, flushCache_()=0}
2024-04-30T20:08:47,387  INFO [8c9b921a-b31f-48f6-80d9-c95b7493eda9 main] ql.Driver: Completed compiling command(queryId=alex_20240430200847_e4705aff-78ec-4497-83f9-4a5933c0bf7f); Time taken: 0.01 seconds
2024-04-30T20:08:47,388  INFO [8c9b921a-b31f-48f6-80d9-c95b7493eda9 main] common.LogUtils: Unregistered logging context.
2024-04-30T20:08:47,389  INFO [HiveServer2-Background-Pool: Thread-142] common.LogUtils: Thread context registration is done.
2024-04-30T20:08:47,389  INFO [HiveServer2-Background-Pool: Thread-142] reexec.ReExecDriver: Execution #1 of query
2024-04-30T20:08:47,389  INFO [HiveServer2-Background-Pool: Thread-142] ql.Driver: Concurrency mode is disabled, not creating a lock manager
2024-04-30T20:08:47,390  INFO [HiveServer2-Background-Pool: Thread-142] ql.Driver: Executing command(queryId=alex_20240430200847_e4705aff-78ec-4497-83f9-4a5933c0bf7f): use test
2024-04-30T20:08:47,390  INFO [HiveServer2-Background-Pool: Thread-142] ql.Driver: Starting task [Stage-0:DDL] in serial mode
2024-04-30T20:08:47,391  INFO [HiveServer2-Background-Pool: Thread-142] HiveMetaStore.audit: ugi=alex	ip=unknown-ip-addr	cmd=get_database: test	
2024-04-30T20:08:47,392  INFO [HiveServer2-Background-Pool: Thread-142] metastore.HMSHandler: 5: Opening raw store with implementation class:org.apache.hadoop.hive.metastore.ObjectStore
2024-04-30T20:08:47,392  INFO [HiveServer2-Background-Pool: Thread-142] metastore.ObjectStore: RawStore: org.apache.hadoop.hive.metastore.ObjectStore@4cd1446a, with PersistenceManager: null will be shutdown
2024-04-30T20:08:47,392  INFO [HiveServer2-Background-Pool: Thread-142] metastore.ObjectStore: RawStore: org.apache.hadoop.hive.metastore.ObjectStore@4cd1446a, with PersistenceManager: org.datanucleus.api.jdo.JDOPersistenceManager@9d3c394 created in the thread with id: 142
2024-04-30T20:08:47,396  INFO [HiveServer2-Background-Pool: Thread-142] metastore.HMSHandler: Created RawStore: org.apache.hadoop.hive.metastore.ObjectStore@4cd1446a from thread id: 142
2024-04-30T20:08:47,397  INFO [HiveServer2-Background-Pool: Thread-142] HiveMetaStore.audit: ugi=alex	ip=unknown-ip-addr	cmd=get_database: test	
2024-04-30T20:08:47,399  INFO [HiveServer2-Background-Pool: Thread-142] metadata.Hive: Dumping metastore api call timing information for : execution phase
2024-04-30T20:08:47,399  INFO [HiveServer2-Background-Pool: Thread-142] metadata.Hive: Total time spent in each metastore function (ms): {isCompatibleWith_(Configuration)=0, getDatabase_(String)=7}
2024-04-30T20:08:47,399  INFO [HiveServer2-Background-Pool: Thread-142] ql.Driver: Completed executing command(queryId=alex_20240430200847_e4705aff-78ec-4497-83f9-4a5933c0bf7f); Time taken: 0.009 seconds
2024-04-30T20:08:47,399  INFO [HiveServer2-Background-Pool: Thread-142] common.LogUtils: Unregistered logging context.
2024-04-30T20:08:47,402  INFO [8c9b921a-b31f-48f6-80d9-c95b7493eda9 main] operation.OperationManager: Closing operation: OperationHandle [opType=EXECUTE_STATEMENT, getHandleIdentifier()=19ef69e0-a404-46af-9b29-df28afb0d028]
2024-04-30T20:08:47,402  INFO [8c9b921a-b31f-48f6-80d9-c95b7493eda9 main] operation.OperationManager: Removed queryId: alex_20240430200847_e4705aff-78ec-4497-83f9-4a5933c0bf7f corresponding to operation: OperationHandle [opType=EXECUTE_STATEMENT, getHandleIdentifier()=19ef69e0-a404-46af-9b29-df28afb0d028] with tag: null
2024-04-30T20:08:47,402  INFO [8c9b921a-b31f-48f6-80d9-c95b7493eda9 main] operation.SQLOperation: Closing operation log /home/alex/Repositories/hive/beeline/target/tmp/alex/operation_logs/8c9b921a-b31f-48f6-80d9-c95b7493eda9/alex_20240430200847_e4705aff-78ec-4497-83f9-4a5933c0bf7f without delay
2024-04-30T20:08:47,456  WARN [main] conf.HiveConf: HiveConf of name hive.dummyparam.test.server.specific.config.override does not exist
2024-04-30T20:08:47,456  WARN [main] conf.HiveConf: HiveConf of name hive.dummyparam.test.server.specific.config.hiveserver2site does not exist
2024-04-30T20:08:47,456  WARN [main] conf.HiveConf: HiveConf of name hive.dummyparam.test.server.specific.config.metastoresite does not exist
2024-04-30T20:08:47,457  INFO [8c9b921a-b31f-48f6-80d9-c95b7493eda9 main] session.HiveSessionImpl: executing set
2024-04-30T20:08:47,458  INFO [8c9b921a-b31f-48f6-80d9-c95b7493eda9 main] operation.HiveCommandOperation: Putting temp output to file /home/alex/Repositories/hive/beeline/target/tmp/alex/8c9b921a-b31f-48f6-80d9-c95b7493eda97923086869373529763.pipeout and error output to file /home/alex/Repositories/hive/beeline/target/tmp/alex/8c9b921a-b31f-48f6-80d9-c95b7493eda96855050578270345526.pipeout
2024-04-30T20:08:47,458  INFO [8c9b921a-b31f-48f6-80d9-c95b7493eda9 main] operation.OperationManager: Adding operation: OperationHandle [opType=EXECUTE_STATEMENT, getHandleIdentifier()=2ddaf276-4bb3-468e-8dc6-1ed69234ddbd] SessionHandle [8c9b921a-b31f-48f6-80d9-c95b7493eda9]
2024-04-30T20:08:47,458  INFO [8c9b921a-b31f-48f6-80d9-c95b7493eda9 main] common.LogUtils: Thread context registration is done.
DEBUG StatusLogger Building Plugin[name=filter, class=org.apache.hadoop.hive.ql.log.LogDivertAppender$NameFilter].
DEBUG StatusLogger createFilter(loggingLevel="EXECUTION")
DEBUG StatusLogger Building Plugin[name=layout, class=org.apache.logging.log4j.core.layout.PatternLayout].
DEBUG StatusLogger PatternLayout$Builder(pattern="%-5p : %m%n", PatternSelector=null, Configuration(HiveLog4j2Test), Replace=null, charset="null", alwaysWriteExceptions="null", disableAnsi="null", noConsoleNoAnsi="null", header="null", footer="null")
DEBUG StatusLogger Building Plugin[name=appender, class=org.apache.hadoop.hive.ql.log.HushableRandomAccessFileAppender].
DEBUG StatusLogger createAppender(fileName="/home/alex/Repositories/hive/beeline/target/tmp/alex/operation_logs/8c9b921a-b31f-48f6-80d9-c95b7493eda9/alex_20240430200847_9477ee5b-b43f-4b3d-8611-7460f067ed78", append="null", name="query-file-appender", immediateFlush="null", bufferSize="null", ignoreExceptions="null", PatternLayout(org.apache.logging.log4j.core.layout.PatternLayout with name PatternLayout), NameFilter(org.apache.hadoop.hive.ql.log.LogDivertAppender$NameFilter with name NameFilter), advertise="null", advertiseURI="null", Configuration(HiveLog4j2Test))
DEBUG StatusLogger Starting RandomAccessFileManager /home/alex/Repositories/hive/beeline/target/tmp/alex/operation_logs/8c9b921a-b31f-48f6-80d9-c95b7493eda9/alex_20240430200847_9477ee5b-b43f-4b3d-8611-7460f067ed78
DEBUG StatusLogger Building Plugin[name=, class=org.apache.hadoop.hive.ql.log.LogDivertAppenderForTest$TestFilter].
DEBUG StatusLogger createFilter()
DEBUG StatusLogger Building Plugin[name=, class=org.apache.logging.log4j.core.layout.PatternLayout].
DEBUG StatusLogger PatternLayout$Builder(pattern="%-5p : %m%n", PatternSelector=null, Configuration(HiveLog4j2Test), Replace=null, charset="null", alwaysWriteExceptions="null", disableAnsi="null", noConsoleNoAnsi="null", header="null", footer="null")
DEBUG StatusLogger Building Plugin[name=appender, class=org.apache.hadoop.hive.ql.log.HushableRandomAccessFileAppender].
DEBUG StatusLogger createAppender(fileName="/home/alex/Repositories/hive/beeline/target/tmp/alex/operation_logs/8c9b921a-b31f-48f6-80d9-c95b7493eda9/alex_20240430200847_9477ee5b-b43f-4b3d-8611-7460f067ed78.test", append="null", name="test-query-file-appender", immediateFlush="null", bufferSize="null", ignoreExceptions="null", PatternLayout(org.apache.logging.log4j.core.layout.PatternLayout with name PatternLayout), test-filter(org.apache.hadoop.hive.ql.log.LogDivertAppenderForTest$TestFilter with name test-filter), advertise="null", advertiseURI="null", Configuration(HiveLog4j2Test))
DEBUG StatusLogger Starting RandomAccessFileManager /home/alex/Repositories/hive/beeline/target/tmp/alex/operation_logs/8c9b921a-b31f-48f6-80d9-c95b7493eda9/alex_20240430200847_9477ee5b-b43f-4b3d-8611-7460f067ed78.test
2024-04-30T20:08:47,462  INFO [8c9b921a-b31f-48f6-80d9-c95b7493eda9 main] operation.HiveCommandOperation: [opType=EXECUTE_STATEMENT, queryId=alex_20240430200847_9477ee5b-b43f-4b3d-8611-7460f067ed78, startTime=1714532927457, sessionId=8c9b921a-b31f-48f6-80d9-c95b7493eda9, createTime=1714532927284, userName=null, ipAddress=null]
2024-04-30T20:08:47,471  INFO [8c9b921a-b31f-48f6-80d9-c95b7493eda9 main] common.LogUtils: Unregistered logging context.
2024-04-30T20:08:47,474  INFO [8c9b921a-b31f-48f6-80d9-c95b7493eda9 main] operation.OperationManager: Closing operation: OperationHandle [opType=EXECUTE_STATEMENT, getHandleIdentifier()=2ddaf276-4bb3-468e-8dc6-1ed69234ddbd]
2024-04-30T20:08:47,474  INFO [8c9b921a-b31f-48f6-80d9-c95b7493eda9 main] operation.OperationManager: Removed queryId: alex_20240430200847_9477ee5b-b43f-4b3d-8611-7460f067ed78 corresponding to operation: OperationHandle [opType=EXECUTE_STATEMENT, getHandleIdentifier()=2ddaf276-4bb3-468e-8dc6-1ed69234ddbd] with tag: null
2024-04-30T20:08:47,475  INFO [8c9b921a-b31f-48f6-80d9-c95b7493eda9 main] operation.HiveCommandOperation: Closing operation log /home/alex/Repositories/hive/beeline/target/tmp/alex/operation_logs/8c9b921a-b31f-48f6-80d9-c95b7493eda9/alex_20240430200847_9477ee5b-b43f-4b3d-8611-7460f067ed78 without delay
2024-04-30T20:08:47,476  INFO [8c9b921a-b31f-48f6-80d9-c95b7493eda9 main] session.HiveSessionImpl: executing show tables
2024-04-30T20:08:47,477  INFO [8c9b921a-b31f-48f6-80d9-c95b7493eda9 main] operation.OperationManager: Adding operation: OperationHandle [opType=EXECUTE_STATEMENT, getHandleIdentifier()=a491bf0d-ff4a-4700-8c13-09bb82addb2a] SessionHandle [8c9b921a-b31f-48f6-80d9-c95b7493eda9]
2024-04-30T20:08:47,477  INFO [8c9b921a-b31f-48f6-80d9-c95b7493eda9 main] common.LogUtils: Thread context registration is done.
DEBUG StatusLogger Building Plugin[name=filter, class=org.apache.hadoop.hive.ql.log.LogDivertAppender$NameFilter].
DEBUG StatusLogger createFilter(loggingLevel="EXECUTION")
DEBUG StatusLogger Building Plugin[name=layout, class=org.apache.logging.log4j.core.layout.PatternLayout].
DEBUG StatusLogger PatternLayout$Builder(pattern="%-5p : %m%n", PatternSelector=null, Configuration(HiveLog4j2Test), Replace=null, charset="null", alwaysWriteExceptions="null", disableAnsi="null", noConsoleNoAnsi="null", header="null", footer="null")
DEBUG StatusLogger Building Plugin[name=appender, class=org.apache.hadoop.hive.ql.log.HushableRandomAccessFileAppender].
DEBUG StatusLogger createAppender(fileName="/home/alex/Repositories/hive/beeline/target/tmp/alex/operation_logs/8c9b921a-b31f-48f6-80d9-c95b7493eda9/alex_20240430200847_c2b75c05-c33c-49f8-9781-3553454f1380", append="null", name="query-file-appender", immediateFlush="null", bufferSize="null", ignoreExceptions="null", PatternLayout(org.apache.logging.log4j.core.layout.PatternLayout with name PatternLayout), NameFilter(org.apache.hadoop.hive.ql.log.LogDivertAppender$NameFilter with name NameFilter), advertise="null", advertiseURI="null", Configuration(HiveLog4j2Test))
DEBUG StatusLogger Starting RandomAccessFileManager /home/alex/Repositories/hive/beeline/target/tmp/alex/operation_logs/8c9b921a-b31f-48f6-80d9-c95b7493eda9/alex_20240430200847_c2b75c05-c33c-49f8-9781-3553454f1380
DEBUG StatusLogger Building Plugin[name=, class=org.apache.hadoop.hive.ql.log.LogDivertAppenderForTest$TestFilter].
DEBUG StatusLogger createFilter()
DEBUG StatusLogger Building Plugin[name=, class=org.apache.logging.log4j.core.layout.PatternLayout].
DEBUG StatusLogger PatternLayout$Builder(pattern="%-5p : %m%n", PatternSelector=null, Configuration(HiveLog4j2Test), Replace=null, charset="null", alwaysWriteExceptions="null", disableAnsi="null", noConsoleNoAnsi="null", header="null", footer="null")
DEBUG StatusLogger Building Plugin[name=appender, class=org.apache.hadoop.hive.ql.log.HushableRandomAccessFileAppender].
DEBUG StatusLogger createAppender(fileName="/home/alex/Repositories/hive/beeline/target/tmp/alex/operation_logs/8c9b921a-b31f-48f6-80d9-c95b7493eda9/alex_20240430200847_c2b75c05-c33c-49f8-9781-3553454f1380.test", append="null", name="test-query-file-appender", immediateFlush="null", bufferSize="null", ignoreExceptions="null", PatternLayout(org.apache.logging.log4j.core.layout.PatternLayout with name PatternLayout), test-filter(org.apache.hadoop.hive.ql.log.LogDivertAppenderForTest$TestFilter with name test-filter), advertise="null", advertiseURI="null", Configuration(HiveLog4j2Test))
DEBUG StatusLogger Starting RandomAccessFileManager /home/alex/Repositories/hive/beeline/target/tmp/alex/operation_logs/8c9b921a-b31f-48f6-80d9-c95b7493eda9/alex_20240430200847_c2b75c05-c33c-49f8-9781-3553454f1380.test
2024-04-30T20:08:47,482  INFO [8c9b921a-b31f-48f6-80d9-c95b7493eda9 main] operation.SQLOperation: [opType=EXECUTE_STATEMENT, queryId=alex_20240430200847_c2b75c05-c33c-49f8-9781-3553454f1380, startTime=1714532927477, sessionId=8c9b921a-b31f-48f6-80d9-c95b7493eda9, createTime=1714532927284, userName=null, ipAddress=null]
2024-04-30T20:08:47,483  INFO [8c9b921a-b31f-48f6-80d9-c95b7493eda9 main] ql.Driver: Compiling command(queryId=alex_20240430200847_c2b75c05-c33c-49f8-9781-3553454f1380): show tables
2024-04-30T20:08:47,516  INFO [8c9b921a-b31f-48f6-80d9-c95b7493eda9 main] HiveMetaStore.audit: ugi=alex	ip=unknown-ip-addr	cmd=get_database: test	
2024-04-30T20:08:47,519  INFO [8c9b921a-b31f-48f6-80d9-c95b7493eda9 main] ql.Driver: Semantic Analysis Completed (retrial = false)
2024-04-30T20:08:47,519  INFO [8c9b921a-b31f-48f6-80d9-c95b7493eda9 main] ql.Driver: Created Hive schema: Schema(fieldSchemas:[FieldSchema(name:tab_name, type:string, comment:from deserializer)], properties:null)
2024-04-30T20:08:47,682  INFO [8c9b921a-b31f-48f6-80d9-c95b7493eda9 main] exec.ListSinkOperator: Initializing Operator: LIST_SINK[0]
2024-04-30T20:08:47,687  INFO [8c9b921a-b31f-48f6-80d9-c95b7493eda9 main] metadata.Hive: Dumping metastore api call timing information for : compilation phase
2024-04-30T20:08:47,687  INFO [8c9b921a-b31f-48f6-80d9-c95b7493eda9 main] metadata.Hive: Total time spent in each metastore function (ms): {isCompatibleWith_(Configuration)=0, getDatabase_(String)=1, flushCache_()=1}
2024-04-30T20:08:47,687  INFO [8c9b921a-b31f-48f6-80d9-c95b7493eda9 main] ql.Driver: Completed compiling command(queryId=alex_20240430200847_c2b75c05-c33c-49f8-9781-3553454f1380); Time taken: 0.204 seconds
2024-04-30T20:08:47,688  INFO [8c9b921a-b31f-48f6-80d9-c95b7493eda9 main] common.LogUtils: Unregistered logging context.
2024-04-30T20:08:47,688  INFO [HiveServer2-Background-Pool: Thread-146] common.LogUtils: Thread context registration is done.
2024-04-30T20:08:47,689  INFO [HiveServer2-Background-Pool: Thread-146] reexec.ReExecDriver: Execution #1 of query
2024-04-30T20:08:47,689  INFO [HiveServer2-Background-Pool: Thread-146] ql.Driver: Concurrency mode is disabled, not creating a lock manager
2024-04-30T20:08:47,689  INFO [HiveServer2-Background-Pool: Thread-146] ql.Driver: Executing command(queryId=alex_20240430200847_c2b75c05-c33c-49f8-9781-3553454f1380): show tables
2024-04-30T20:08:47,689  INFO [HiveServer2-Background-Pool: Thread-146] ql.Driver: Starting task [Stage-0:DDL] in serial mode
2024-04-30T20:08:47,690  INFO [HiveServer2-Background-Pool: Thread-146] HiveMetaStore.audit: ugi=alex	ip=unknown-ip-addr	cmd=get_database: test	
2024-04-30T20:08:47,691  INFO [HiveServer2-Background-Pool: Thread-146] metastore.HMSHandler: 6: Opening raw store with implementation class:org.apache.hadoop.hive.metastore.ObjectStore
2024-04-30T20:08:47,691  INFO [HiveServer2-Background-Pool: Thread-146] metastore.ObjectStore: RawStore: org.apache.hadoop.hive.metastore.ObjectStore@cc86ce, with PersistenceManager: null will be shutdown
2024-04-30T20:08:47,692  INFO [HiveServer2-Background-Pool: Thread-146] metastore.ObjectStore: RawStore: org.apache.hadoop.hive.metastore.ObjectStore@cc86ce, with PersistenceManager: org.datanucleus.api.jdo.JDOPersistenceManager@45ce08b3 created in the thread with id: 146
2024-04-30T20:08:47,696  INFO [HiveServer2-Background-Pool: Thread-146] metastore.HMSHandler: Created RawStore: org.apache.hadoop.hive.metastore.ObjectStore@cc86ce from thread id: 146
2024-04-30T20:08:47,699  INFO [HiveServer2-Background-Pool: Thread-146] HiveMetaStore.audit: ugi=alex	ip=unknown-ip-addr	cmd=get_multi_table : db=test tbls=null	
2024-04-30T20:08:47,752  INFO [HiveServer2-Background-Pool: Thread-146] sqlstd.SQLStdHiveAccessController: Created SQLStdHiveAccessController for session context : HiveAuthzSessionContext [sessionString=8c9b921a-b31f-48f6-80d9-c95b7493eda9, clientType=HIVESERVER2]
2024-04-30T20:08:47,768  INFO [HiveServer2-Background-Pool: Thread-146] metadata.Hive: Dumping metastore api call timing information for : execution phase
2024-04-30T20:08:47,768  INFO [HiveServer2-Background-Pool: Thread-146] metadata.Hive: Total time spent in each metastore function (ms): {isCompatibleWith_(Configuration)=0, getDatabase_(String)=7, getTables_(String, String)=56}
2024-04-30T20:08:47,768  INFO [HiveServer2-Background-Pool: Thread-146] ql.Driver: Completed executing command(queryId=alex_20240430200847_c2b75c05-c33c-49f8-9781-3553454f1380); Time taken: 0.079 seconds
2024-04-30T20:08:47,769  INFO [HiveServer2-Background-Pool: Thread-146] common.LogUtils: Unregistered logging context.
2024-04-30T20:08:47,770  INFO [8c9b921a-b31f-48f6-80d9-c95b7493eda9 main] operation.OperationManager: Closing operation: OperationHandle [opType=EXECUTE_STATEMENT, getHandleIdentifier()=a491bf0d-ff4a-4700-8c13-09bb82addb2a]
2024-04-30T20:08:47,770  INFO [8c9b921a-b31f-48f6-80d9-c95b7493eda9 main] operation.OperationManager: Removed queryId: alex_20240430200847_c2b75c05-c33c-49f8-9781-3553454f1380 corresponding to operation: OperationHandle [opType=EXECUTE_STATEMENT, getHandleIdentifier()=a491bf0d-ff4a-4700-8c13-09bb82addb2a] with tag: null
2024-04-30T20:08:47,771  INFO [8c9b921a-b31f-48f6-80d9-c95b7493eda9 main] ql.Context: Deleting scratch dir: file:/home/alex/Repositories/hive/beeline/target/tmp/alex/8c9b921a-b31f-48f6-80d9-c95b7493eda9/hive_2024-04-30_20-08-47_482_3766554704015696067-1
2024-04-30T20:08:47,771  INFO [8c9b921a-b31f-48f6-80d9-c95b7493eda9 main] cleanup.EventualCleanupService: Delete file:/home/alex/Repositories/hive/beeline/target/tmp/alex/8c9b921a-b31f-48f6-80d9-c95b7493eda9/hive_2024-04-30_20-08-47_482_3766554704015696067-1 operation was queued
2024-04-30T20:08:47,771  INFO [8c9b921a-b31f-48f6-80d9-c95b7493eda9 main] exec.ListSinkOperator: Closing Operator: LIST_SINK[0]
2024-04-30T20:08:47,771  INFO [EventualCleanupService thread 0] cleanup.EventualCleanupService: Deleted file:/home/alex/Repositories/hive/beeline/target/tmp/alex/8c9b921a-b31f-48f6-80d9-c95b7493eda9/hive_2024-04-30_20-08-47_482_3766554704015696067-1
2024-04-30T20:08:47,772  INFO [8c9b921a-b31f-48f6-80d9-c95b7493eda9 main] exec.ListSinkOperator: RECORDS_OUT_INTERMEDIATE:0, RECORDS_OUT_OPERATOR_LIST_SINK_0:0, 
2024-04-30T20:08:47,772  INFO [8c9b921a-b31f-48f6-80d9-c95b7493eda9 main] operation.SQLOperation: Closing operation log /home/alex/Repositories/hive/beeline/target/tmp/alex/operation_logs/8c9b921a-b31f-48f6-80d9-c95b7493eda9/alex_20240430200847_c2b75c05-c33c-49f8-9781-3553454f1380 without delay
2024-04-30T20:08:47,780  INFO [main] service.CompositeService: Session closed, SessionHandle [8c9b921a-b31f-48f6-80d9-c95b7493eda9], current sessions:0
2024-04-30T20:08:47,781  INFO [8c9b921a-b31f-48f6-80d9-c95b7493eda9 main] session.HiveSessionImpl: Operation log session directory is deleted: /home/alex/Repositories/hive/beeline/target/tmp/alex/operation_logs/8c9b921a-b31f-48f6-80d9-c95b7493eda9
2024-04-30T20:08:47,782  INFO [main] cleanup.EventualCleanupService: Delete /tmp/hive/alex/8c9b921a-b31f-48f6-80d9-c95b7493eda9 operation was queued
2024-04-30T20:08:47,782  INFO [main] cleanup.EventualCleanupService: Delete /home/alex/Repositories/hive/beeline/target/tmp/alex/8c9b921a-b31f-48f6-80d9-c95b7493eda9 operation was queued
2024-04-30T20:08:47,782  INFO [EventualCleanupService thread 1] cleanup.EventualCleanupService: Deleted /tmp/hive/alex/8c9b921a-b31f-48f6-80d9-c95b7493eda9
2024-04-30T20:08:47,782  INFO [EventualCleanupService thread 2] cleanup.EventualCleanupService: Deleted /home/alex/Repositories/hive/beeline/target/tmp/alex/8c9b921a-b31f-48f6-80d9-c95b7493eda9
2024-04-30T20:08:47,783  INFO [main] HiveMetaStore.audit: ugi=alex	ip=unknown-ip-addr	cmd=Cleaning up thread local RawStore...	
2024-04-30T20:08:47,783  INFO [main] metastore.ObjectStore: RawStore: org.apache.hadoop.hive.metastore.ObjectStore@191f4d65, with PersistenceManager: org.datanucleus.api.jdo.JDOPersistenceManager@7a2a7492 will be shutdown
2024-04-30T20:08:47,783  INFO [main] HiveMetaStore.audit: ugi=alex	ip=unknown-ip-addr	cmd=Done cleaning up thread local RawStore	
2024-04-30T20:08:47,783  INFO [main] metastore.HiveMetaStoreClient: Closed a connection to metastore, current connections: -6
2024-04-30T20:08:47,783 ERROR [main] cli.TestHiveCli: Failed due to the error:Connecting to jdbc:hive2://
Hive Session ID = 7b947c5a-7565-459f-9588-0dafdf045a72
ivysettings.xml file not found in HIVE_HOME or HIVE_CONF_DIR,/home/alex/Repositories/hive/conf/ivysettings.xml will be used
ivysettings.xml file not found in HIVE_HOME or HIVE_CONF_DIR,/home/alex/Repositories/hive/conf/ivysettings.xml will be used
Connected to: Apache Hive (version 4.0.0-SNAPSHOT)
Error: Couldn't load manifest attributes. (state=,code=0)
Transaction isolation: TRANSACTION_REPEATABLE_READ
INFO  : Compiling command(queryId=alex_20240430200847_e4705aff-78ec-4497-83f9-4a5933c0bf7f): use test
INFO  : Semantic Analysis Completed (retrial = false)
INFO  : Created Hive schema: Schema(fieldSchemas:null, properties:null)
INFO  : Completed compiling command(queryId=alex_20240430200847_e4705aff-78ec-4497-83f9-4a5933c0bf7f); Time taken: 0.01 seconds
INFO  : Concurrency mode is disabled, not creating a lock manager
INFO  : Executing command(queryId=alex_20240430200847_e4705aff-78ec-4497-83f9-4a5933c0bf7f): use test
INFO  : Starting task [Stage-0:DDL] in serial mode
DEBUG : Task getting executed using mapred tag : alex_20240430200847_e4705aff-78ec-4497-83f9-4a5933c0bf7f,userid=null
INFO  : Completed executing command(queryId=alex_20240430200847_e4705aff-78ec-4497-83f9-4a5933c0bf7f); Time taken: 0.009 seconds
DEBUG : Shutting down query use test
Error: Failed to wait for operation to complete (state=08S01,code=0)
Beeline version ??? by Apache Hive
hive> source /home/alex/Repositories/hive/beeline/target/tmp/test7027211197141927397.sql;desc testSrcTbl4;
INFO  : Compiling command(queryId=alex_20240430200847_c2b75c05-c33c-49f8-9781-3553454f1380): show tables
INFO  : Semantic Analysis Completed (retrial = false)
INFO  : Created Hive schema: Schema(fieldSchemas:[FieldSchema(name:tab_name, type:string, comment:from deserializer)], properties:null)
INFO  : Completed compiling command(queryId=alex_20240430200847_c2b75c05-c33c-49f8-9781-3553454f1380); Time taken: 0.204 seconds
INFO  : Concurrency mode is disabled, not creating a lock manager
INFO  : Executing command(queryId=alex_20240430200847_c2b75c05-c33c-49f8-9781-3553454f1380): show tables
INFO  : Starting task [Stage-0:DDL] in serial mode
DEBUG : Task getting executed using mapred tag : alex_20240430200847_c2b75c05-c33c-49f8-9781-3553454f1380,userid=null
INFO  : Completed executing command(queryId=alex_20240430200847_c2b75c05-c33c-49f8-9781-3553454f1380); Time taken: 0.079 seconds
DEBUG : Shutting down query show tables
Error: Failed to wait for operation to complete (state=08S01,code=0)
hive> quit;
Closing: 0: jdbc:hive2://

]]></system-err>
  </testcase>
  <testcase name="testSourceCmd4" classname="org.apache.hive.beeline.cli.TestHiveCli" time="0.306">
    <failure type="java.lang.AssertionError"><![CDATA[java.lang.AssertionError: Supported return code is 0 while the actual is 2
	at org.junit.Assert.fail(Assert.java:89)
	at org.apache.hive.beeline.cli.TestHiveCli.executeCMD(TestHiveCli.java:256)
	at org.apache.hive.beeline.cli.TestHiveCli.verifyCMD(TestHiveCli.java:266)
	at org.apache.hive.beeline.cli.TestHiveCli.testSourceCmd4(TestHiveCli.java:138)
	at sun.reflect.NativeMethodAccessorImpl.invoke0(Native Method)
	at sun.reflect.NativeMethodAccessorImpl.invoke(NativeMethodAccessorImpl.java:62)
	at sun.reflect.DelegatingMethodAccessorImpl.invoke(DelegatingMethodAccessorImpl.java:43)
	at java.lang.reflect.Method.invoke(Method.java:498)
	at org.junit.runners.model.FrameworkMethod$1.runReflectiveCall(FrameworkMethod.java:59)
	at org.junit.internal.runners.model.ReflectiveCallable.run(ReflectiveCallable.java:12)
	at org.junit.runners.model.FrameworkMethod.invokeExplosively(FrameworkMethod.java:56)
	at org.junit.internal.runners.statements.InvokeMethod.evaluate(InvokeMethod.java:17)
	at org.junit.internal.runners.statements.RunBefores.evaluate(RunBefores.java:26)
	at org.junit.internal.runners.statements.RunAfters.evaluate(RunAfters.java:27)
	at org.junit.runners.ParentRunner$3.evaluate(ParentRunner.java:306)
	at org.junit.runners.BlockJUnit4ClassRunner$1.evaluate(BlockJUnit4ClassRunner.java:100)
	at org.junit.runners.ParentRunner.runLeaf(ParentRunner.java:366)
	at org.junit.runners.BlockJUnit4ClassRunner.runChild(BlockJUnit4ClassRunner.java:103)
	at org.junit.runners.BlockJUnit4ClassRunner.runChild(BlockJUnit4ClassRunner.java:63)
	at org.junit.runners.ParentRunner$4.run(ParentRunner.java:331)
	at org.junit.runners.ParentRunner$1.schedule(ParentRunner.java:79)
	at org.junit.runners.ParentRunner.runChildren(ParentRunner.java:329)
	at org.junit.runners.ParentRunner.access$100(ParentRunner.java:66)
	at org.junit.runners.ParentRunner$2.evaluate(ParentRunner.java:293)
	at org.junit.internal.runners.statements.RunBefores.evaluate(RunBefores.java:26)
	at org.junit.runners.ParentRunner$3.evaluate(ParentRunner.java:306)
	at org.junit.runners.ParentRunner.run(ParentRunner.java:413)
	at org.junit.runner.JUnitCore.run(JUnitCore.java:137)
	at org.junit.runner.JUnitCore.run(JUnitCore.java:115)
	at org.junit.vintage.engine.execution.RunnerExecutor.execute(RunnerExecutor.java:43)
	at java.util.stream.ForEachOps$ForEachOp$OfRef.accept(ForEachOps.java:183)
	at java.util.stream.ReferencePipeline$3$1.accept(ReferencePipeline.java:193)
	at java.util.Iterator.forEachRemaining(Iterator.java:116)
	at java.util.Spliterators$IteratorSpliterator.forEachRemaining(Spliterators.java:1801)
	at java.util.stream.AbstractPipeline.copyInto(AbstractPipeline.java:482)
	at java.util.stream.AbstractPipeline.wrapAndCopyInto(AbstractPipeline.java:472)
	at java.util.stream.ForEachOps$ForEachOp.evaluateSequential(ForEachOps.java:150)
	at java.util.stream.ForEachOps$ForEachOp$OfRef.evaluateSequential(ForEachOps.java:173)
	at java.util.stream.AbstractPipeline.evaluate(AbstractPipeline.java:234)
	at java.util.stream.ReferencePipeline.forEach(ReferencePipeline.java:485)
	at org.junit.vintage.engine.VintageTestEngine.executeAllChildren(VintageTestEngine.java:82)
	at org.junit.vintage.engine.VintageTestEngine.execute(VintageTestEngine.java:73)
	at org.junit.platform.launcher.core.DefaultLauncher.execute(DefaultLauncher.java:248)
	at org.junit.platform.launcher.core.DefaultLauncher.lambda$execute$5(DefaultLauncher.java:211)
	at org.junit.platform.launcher.core.DefaultLauncher.withInterceptedStreams(DefaultLauncher.java:226)
	at org.junit.platform.launcher.core.DefaultLauncher.execute(DefaultLauncher.java:199)
	at org.junit.platform.launcher.core.DefaultLauncher.execute(DefaultLauncher.java:132)
	at org.apache.maven.surefire.junitplatform.JUnitPlatformProvider.invokeAllTests(JUnitPlatformProvider.java:154)
	at org.apache.maven.surefire.junitplatform.JUnitPlatformProvider.invoke(JUnitPlatformProvider.java:123)
	at org.apache.maven.surefire.booter.ForkedBooter.runSuitesInProcess(ForkedBooter.java:377)
	at org.apache.maven.surefire.booter.ForkedBooter.execute(ForkedBooter.java:138)
	at org.apache.maven.surefire.booter.ForkedBooter.run(ForkedBooter.java:465)
	at org.apache.maven.surefire.booter.ForkedBooter.main(ForkedBooter.java:451)
]]></failure>
    <system-err><![CDATA[2024-04-30T20:08:47,785 ERROR [main] cli.TestHiveCli: Failed to execute command due to the error: java.lang.NullPointerException: Null output stream
2024-04-30T20:08:47,831  WARN [main] conf.HiveConf: HiveConf of name hive.dummyparam.test.server.specific.config.override does not exist
2024-04-30T20:08:47,831  WARN [main] conf.HiveConf: HiveConf of name hive.dummyparam.test.server.specific.config.hiveserver2site does not exist
2024-04-30T20:08:47,831  WARN [main] conf.HiveConf: HiveConf of name hive.dummyparam.test.server.specific.config.metastoresite does not exist
2024-04-30T20:08:47,831  INFO [main] SessionState: Hive Session ID = eff2779a-4469-4766-b161-11ff01c5afe1
2024-04-30T20:08:47,832  INFO [main] DependencyResolver: ivysettings.xml file not found in HIVE_HOME or HIVE_CONF_DIR,/home/alex/Repositories/hive/conf/ivysettings.xml will be used
2024-04-30T20:08:47,839  INFO [main] session.SessionState: Created HDFS directory: /tmp/hive/alex/eff2779a-4469-4766-b161-11ff01c5afe1
2024-04-30T20:08:47,842  INFO [main] session.SessionState: Created local directory: /home/alex/Repositories/hive/beeline/target/tmp/alex/eff2779a-4469-4766-b161-11ff01c5afe1
2024-04-30T20:08:47,845  INFO [main] session.SessionState: Created HDFS directory: /tmp/hive/alex/eff2779a-4469-4766-b161-11ff01c5afe1/_tmp_space.db
2024-04-30T20:08:47,846  INFO [main] sqlstd.SQLStdHiveAccessController: Created SQLStdHiveAccessController for session context : HiveAuthzSessionContext [sessionString=eff2779a-4469-4766-b161-11ff01c5afe1, clientType=HIVESERVER2]
2024-04-30T20:08:47,846  INFO [main] metastore.HiveMetaStoreClient: HMS client filtering is enabled.
2024-04-30T20:08:47,847  INFO [main] metastore.HMSHandler: 0: Opening raw store with implementation class:org.apache.hadoop.hive.metastore.ObjectStore
2024-04-30T20:08:47,847  INFO [main] metastore.PersistenceManagerProvider: Configuration datanucleus.autoStartMechanismMode is not set. Defaulting to 'ignored'
2024-04-30T20:08:47,847  INFO [main] metastore.ObjectStore: RawStore: org.apache.hadoop.hive.metastore.ObjectStore@1a0d313, with PersistenceManager: null will be shutdown
2024-04-30T20:08:47,847  INFO [main] metastore.ObjectStore: RawStore: org.apache.hadoop.hive.metastore.ObjectStore@1a0d313, with PersistenceManager: org.datanucleus.api.jdo.JDOPersistenceManager@13908f9c created in the thread with id: 1
2024-04-30T20:08:47,851  INFO [main] metastore.HMSHandler: Created RawStore: org.apache.hadoop.hive.metastore.ObjectStore@1a0d313 from thread id: 1
2024-04-30T20:08:47,851  INFO [main] metastore.HMSHandler: HMS server filtering is disabled by configuration
2024-04-30T20:08:47,851  INFO [main] metastore.RetryingMetaStoreClient: RetryingMetaStoreClient proxy=class org.apache.hadoop.hive.ql.metadata.SessionHiveMetaStoreClient ugi=alex (auth:SIMPLE) retries=1 delay=1 lifetime=0
2024-04-30T20:08:47,851  INFO [main] service.CompositeService: Operation log root directory is created: /home/alex/Repositories/hive/beeline/target/tmp/alex/operation_logs
2024-04-30T20:08:47,852  INFO [main] service.CompositeService: HiveServer2: Background operation thread pool size: 100
2024-04-30T20:08:47,852  INFO [main] service.CompositeService: HiveServer2: Background operation thread wait queue size: 100
2024-04-30T20:08:47,852  INFO [main] service.CompositeService: HiveServer2: Background operation thread keepalive time: 10 seconds
2024-04-30T20:08:47,852  INFO [main] service.CompositeService: Connections limit are user: 0 ipaddress: 0 user-ipaddress: 0
2024-04-30T20:08:47,853  INFO [main] cleanup.EventualCleanupService: EventualCleanupService started with 10 threads and queue of size 10000
ERROR StatusLogger Log4j2 ConfigurationScheduler attempted to increment scheduled items after start
ERROR StatusLogger Log4j2 ConfigurationScheduler attempted to increment scheduled items after start
2024-04-30T20:08:47,855  INFO [main] service.AbstractService: Service:OperationManager is inited.
2024-04-30T20:08:47,855  INFO [main] service.AbstractService: Service:SessionManager is inited.
2024-04-30T20:08:47,855  INFO [main] service.AbstractService: Service:CLIService is inited.
2024-04-30T20:08:47,855  INFO [main] service.AbstractService: Service:OperationManager is started.
2024-04-30T20:08:47,855  INFO [main] service.AbstractService: Service:SessionManager is started.
2024-04-30T20:08:47,855  INFO [main] service.AbstractService: Service:CLIService is started.
2024-04-30T20:08:47,855  INFO [main] service.AbstractService: Service:ThriftBinaryCLIService is inited.
2024-04-30T20:08:47,855  INFO [main] thrift.ThriftCLIService: Client protocol version: HIVE_CLI_SERVICE_PROTOCOL_V10
2024-04-30T20:08:47,855  INFO [main] thrift.ThriftCLIService: Creating Hive session handle for user [null] from IP null
2024-04-30T20:08:47,857  INFO [main] DependencyResolver: ivysettings.xml file not found in HIVE_HOME or HIVE_CONF_DIR,/home/alex/Repositories/hive/conf/ivysettings.xml will be used
2024-04-30T20:08:47,864  INFO [main] session.SessionState: Created HDFS directory: /tmp/hive/alex/3e4578d1-63d7-49a1-80d7-8a97b3703b23
2024-04-30T20:08:47,867  INFO [main] session.SessionState: Created local directory: /home/alex/Repositories/hive/beeline/target/tmp/alex/3e4578d1-63d7-49a1-80d7-8a97b3703b23
2024-04-30T20:08:47,871  INFO [main] session.SessionState: Created HDFS directory: /tmp/hive/alex/3e4578d1-63d7-49a1-80d7-8a97b3703b23/_tmp_space.db
2024-04-30T20:08:47,871  INFO [main] session.SessionState: Reloading auxiliary JAR files
2024-04-30T20:08:47,871  WARN [main] session.SessionState: Configuration hive.reloadable.aux.jars.path not specified
2024-04-30T20:08:47,871  INFO [main] HiveMetaStore.audit: ugi=alex	ip=unknown-ip-addr	cmd=Cleaning up thread local RawStore...	
2024-04-30T20:08:47,871  INFO [main] metastore.ObjectStore: RawStore: org.apache.hadoop.hive.metastore.ObjectStore@1a0d313, with PersistenceManager: org.datanucleus.api.jdo.JDOPersistenceManager@13908f9c will be shutdown
2024-04-30T20:08:47,871  INFO [main] HiveMetaStore.audit: ugi=alex	ip=unknown-ip-addr	cmd=Done cleaning up thread local RawStore	
2024-04-30T20:08:47,871  INFO [main] metastore.HiveMetaStoreClient: Closed a connection to metastore, current connections: -7
2024-04-30T20:08:47,872  INFO [main] session.HiveSessionImpl: Operation log session directory is created: /home/alex/Repositories/hive/beeline/target/tmp/alex/operation_logs/3e4578d1-63d7-49a1-80d7-8a97b3703b23
2024-04-30T20:08:47,872  INFO [main] service.CompositeService: Session opened, SessionHandle [3e4578d1-63d7-49a1-80d7-8a97b3703b23], current sessions:1
2024-04-30T20:08:47,872  INFO [main] thrift.ThriftCLIService: Login attempt is successful for user : null
2024-04-30T20:08:47,916  WARN [main] conf.HiveConf: HiveConf of name hive.dummyparam.test.server.specific.config.override does not exist
2024-04-30T20:08:47,916  WARN [main] conf.HiveConf: HiveConf of name hive.dummyparam.test.server.specific.config.hiveserver2site does not exist
2024-04-30T20:08:47,916  WARN [main] conf.HiveConf: HiveConf of name hive.dummyparam.test.server.specific.config.metastoresite does not exist
2024-04-30T20:08:47,916  INFO [3e4578d1-63d7-49a1-80d7-8a97b3703b23 main] session.HiveSessionImpl: executing set
2024-04-30T20:08:47,917  INFO [3e4578d1-63d7-49a1-80d7-8a97b3703b23 main] operation.HiveCommandOperation: Putting temp output to file /home/alex/Repositories/hive/beeline/target/tmp/alex/3e4578d1-63d7-49a1-80d7-8a97b3703b232218242266511455415.pipeout and error output to file /home/alex/Repositories/hive/beeline/target/tmp/alex/3e4578d1-63d7-49a1-80d7-8a97b3703b2353342669632986894.pipeout
2024-04-30T20:08:47,917  INFO [3e4578d1-63d7-49a1-80d7-8a97b3703b23 main] operation.OperationManager: Adding operation: OperationHandle [opType=EXECUTE_STATEMENT, getHandleIdentifier()=d950116c-79c4-4fa6-ab39-d787b847dadc] SessionHandle [3e4578d1-63d7-49a1-80d7-8a97b3703b23]
2024-04-30T20:08:47,917  INFO [3e4578d1-63d7-49a1-80d7-8a97b3703b23 main] common.LogUtils: Thread context registration is done.
DEBUG StatusLogger Building Plugin[name=filter, class=org.apache.hadoop.hive.ql.log.LogDivertAppender$NameFilter].
DEBUG StatusLogger createFilter(loggingLevel="EXECUTION")
DEBUG StatusLogger Building Plugin[name=layout, class=org.apache.logging.log4j.core.layout.PatternLayout].
DEBUG StatusLogger PatternLayout$Builder(pattern="%-5p : %m%n", PatternSelector=null, Configuration(HiveLog4j2Test), Replace=null, charset="null", alwaysWriteExceptions="null", disableAnsi="null", noConsoleNoAnsi="null", header="null", footer="null")
DEBUG StatusLogger Building Plugin[name=appender, class=org.apache.hadoop.hive.ql.log.HushableRandomAccessFileAppender].
DEBUG StatusLogger createAppender(fileName="/home/alex/Repositories/hive/beeline/target/tmp/alex/operation_logs/3e4578d1-63d7-49a1-80d7-8a97b3703b23/alex_20240430200847_389a020a-550e-45af-b081-d094d078bea8", append="null", name="query-file-appender", immediateFlush="null", bufferSize="null", ignoreExceptions="null", PatternLayout(org.apache.logging.log4j.core.layout.PatternLayout with name PatternLayout), NameFilter(org.apache.hadoop.hive.ql.log.LogDivertAppender$NameFilter with name NameFilter), advertise="null", advertiseURI="null", Configuration(HiveLog4j2Test))
DEBUG StatusLogger Starting RandomAccessFileManager /home/alex/Repositories/hive/beeline/target/tmp/alex/operation_logs/3e4578d1-63d7-49a1-80d7-8a97b3703b23/alex_20240430200847_389a020a-550e-45af-b081-d094d078bea8
DEBUG StatusLogger Building Plugin[name=, class=org.apache.hadoop.hive.ql.log.LogDivertAppenderForTest$TestFilter].
DEBUG StatusLogger createFilter()
DEBUG StatusLogger Building Plugin[name=, class=org.apache.logging.log4j.core.layout.PatternLayout].
DEBUG StatusLogger PatternLayout$Builder(pattern="%-5p : %m%n", PatternSelector=null, Configuration(HiveLog4j2Test), Replace=null, charset="null", alwaysWriteExceptions="null", disableAnsi="null", noConsoleNoAnsi="null", header="null", footer="null")
DEBUG StatusLogger Building Plugin[name=appender, class=org.apache.hadoop.hive.ql.log.HushableRandomAccessFileAppender].
DEBUG StatusLogger createAppender(fileName="/home/alex/Repositories/hive/beeline/target/tmp/alex/operation_logs/3e4578d1-63d7-49a1-80d7-8a97b3703b23/alex_20240430200847_389a020a-550e-45af-b081-d094d078bea8.test", append="null", name="test-query-file-appender", immediateFlush="null", bufferSize="null", ignoreExceptions="null", PatternLayout(org.apache.logging.log4j.core.layout.PatternLayout with name PatternLayout), test-filter(org.apache.hadoop.hive.ql.log.LogDivertAppenderForTest$TestFilter with name test-filter), advertise="null", advertiseURI="null", Configuration(HiveLog4j2Test))
DEBUG StatusLogger Starting RandomAccessFileManager /home/alex/Repositories/hive/beeline/target/tmp/alex/operation_logs/3e4578d1-63d7-49a1-80d7-8a97b3703b23/alex_20240430200847_389a020a-550e-45af-b081-d094d078bea8.test
2024-04-30T20:08:47,921  INFO [3e4578d1-63d7-49a1-80d7-8a97b3703b23 main] operation.HiveCommandOperation: [opType=EXECUTE_STATEMENT, queryId=alex_20240430200847_389a020a-550e-45af-b081-d094d078bea8, startTime=1714532927917, sessionId=3e4578d1-63d7-49a1-80d7-8a97b3703b23, createTime=1714532927855, userName=null, ipAddress=null]
2024-04-30T20:08:47,929  INFO [3e4578d1-63d7-49a1-80d7-8a97b3703b23 main] common.LogUtils: Unregistered logging context.
2024-04-30T20:08:47,932  INFO [3e4578d1-63d7-49a1-80d7-8a97b3703b23 main] operation.OperationManager: Closing operation: OperationHandle [opType=EXECUTE_STATEMENT, getHandleIdentifier()=d950116c-79c4-4fa6-ab39-d787b847dadc]
2024-04-30T20:08:47,932  INFO [3e4578d1-63d7-49a1-80d7-8a97b3703b23 main] operation.OperationManager: Removed queryId: alex_20240430200847_389a020a-550e-45af-b081-d094d078bea8 corresponding to operation: OperationHandle [opType=EXECUTE_STATEMENT, getHandleIdentifier()=d950116c-79c4-4fa6-ab39-d787b847dadc] with tag: null
2024-04-30T20:08:47,933  INFO [3e4578d1-63d7-49a1-80d7-8a97b3703b23 main] operation.HiveCommandOperation: Closing operation log /home/alex/Repositories/hive/beeline/target/tmp/alex/operation_logs/3e4578d1-63d7-49a1-80d7-8a97b3703b23/alex_20240430200847_389a020a-550e-45af-b081-d094d078bea8 without delay
2024-04-30T20:08:47,936  INFO [3e4578d1-63d7-49a1-80d7-8a97b3703b23 main] session.HiveSessionImpl: executing use test
2024-04-30T20:08:47,936  INFO [3e4578d1-63d7-49a1-80d7-8a97b3703b23 main] operation.OperationManager: Adding operation: OperationHandle [opType=EXECUTE_STATEMENT, getHandleIdentifier()=28303462-aac4-47b8-9c04-7a5750c150d8] SessionHandle [3e4578d1-63d7-49a1-80d7-8a97b3703b23]
2024-04-30T20:08:47,936  INFO [3e4578d1-63d7-49a1-80d7-8a97b3703b23 main] common.LogUtils: Thread context registration is done.
DEBUG StatusLogger Building Plugin[name=filter, class=org.apache.hadoop.hive.ql.log.LogDivertAppender$NameFilter].
DEBUG StatusLogger createFilter(loggingLevel="EXECUTION")
DEBUG StatusLogger Building Plugin[name=layout, class=org.apache.logging.log4j.core.layout.PatternLayout].
DEBUG StatusLogger PatternLayout$Builder(pattern="%-5p : %m%n", PatternSelector=null, Configuration(HiveLog4j2Test), Replace=null, charset="null", alwaysWriteExceptions="null", disableAnsi="null", noConsoleNoAnsi="null", header="null", footer="null")
DEBUG StatusLogger Building Plugin[name=appender, class=org.apache.hadoop.hive.ql.log.HushableRandomAccessFileAppender].
DEBUG StatusLogger createAppender(fileName="/home/alex/Repositories/hive/beeline/target/tmp/alex/operation_logs/3e4578d1-63d7-49a1-80d7-8a97b3703b23/alex_20240430200847_196427da-2c5c-4db4-b843-cffab175a97c", append="null", name="query-file-appender", immediateFlush="null", bufferSize="null", ignoreExceptions="null", PatternLayout(org.apache.logging.log4j.core.layout.PatternLayout with name PatternLayout), NameFilter(org.apache.hadoop.hive.ql.log.LogDivertAppender$NameFilter with name NameFilter), advertise="null", advertiseURI="null", Configuration(HiveLog4j2Test))
DEBUG StatusLogger Starting RandomAccessFileManager /home/alex/Repositories/hive/beeline/target/tmp/alex/operation_logs/3e4578d1-63d7-49a1-80d7-8a97b3703b23/alex_20240430200847_196427da-2c5c-4db4-b843-cffab175a97c
DEBUG StatusLogger Building Plugin[name=, class=org.apache.hadoop.hive.ql.log.LogDivertAppenderForTest$TestFilter].
DEBUG StatusLogger createFilter()
DEBUG StatusLogger Building Plugin[name=, class=org.apache.logging.log4j.core.layout.PatternLayout].
DEBUG StatusLogger PatternLayout$Builder(pattern="%-5p : %m%n", PatternSelector=null, Configuration(HiveLog4j2Test), Replace=null, charset="null", alwaysWriteExceptions="null", disableAnsi="null", noConsoleNoAnsi="null", header="null", footer="null")
DEBUG StatusLogger Building Plugin[name=appender, class=org.apache.hadoop.hive.ql.log.HushableRandomAccessFileAppender].
DEBUG StatusLogger createAppender(fileName="/home/alex/Repositories/hive/beeline/target/tmp/alex/operation_logs/3e4578d1-63d7-49a1-80d7-8a97b3703b23/alex_20240430200847_196427da-2c5c-4db4-b843-cffab175a97c.test", append="null", name="test-query-file-appender", immediateFlush="null", bufferSize="null", ignoreExceptions="null", PatternLayout(org.apache.logging.log4j.core.layout.PatternLayout with name PatternLayout), test-filter(org.apache.hadoop.hive.ql.log.LogDivertAppenderForTest$TestFilter with name test-filter), advertise="null", advertiseURI="null", Configuration(HiveLog4j2Test))
DEBUG StatusLogger Starting RandomAccessFileManager /home/alex/Repositories/hive/beeline/target/tmp/alex/operation_logs/3e4578d1-63d7-49a1-80d7-8a97b3703b23/alex_20240430200847_196427da-2c5c-4db4-b843-cffab175a97c.test
2024-04-30T20:08:47,940  INFO [3e4578d1-63d7-49a1-80d7-8a97b3703b23 main] operation.SQLOperation: [opType=EXECUTE_STATEMENT, queryId=alex_20240430200847_196427da-2c5c-4db4-b843-cffab175a97c, startTime=1714532927936, sessionId=3e4578d1-63d7-49a1-80d7-8a97b3703b23, createTime=1714532927855, userName=null, ipAddress=null]
2024-04-30T20:08:47,941  INFO [3e4578d1-63d7-49a1-80d7-8a97b3703b23 main] ql.Driver: Compiling command(queryId=alex_20240430200847_196427da-2c5c-4db4-b843-cffab175a97c): use test
2024-04-30T20:08:47,943  INFO [3e4578d1-63d7-49a1-80d7-8a97b3703b23 main] metastore.HiveMetaStoreClient: HMS client filtering is enabled.
2024-04-30T20:08:47,943  INFO [3e4578d1-63d7-49a1-80d7-8a97b3703b23 main] metastore.HMSHandler: 0: Opening raw store with implementation class:org.apache.hadoop.hive.metastore.ObjectStore
2024-04-30T20:08:47,944  INFO [3e4578d1-63d7-49a1-80d7-8a97b3703b23 main] metastore.PersistenceManagerProvider: Configuration datanucleus.autoStartMechanismMode is not set. Defaulting to 'ignored'
2024-04-30T20:08:47,944  INFO [3e4578d1-63d7-49a1-80d7-8a97b3703b23 main] metastore.ObjectStore: RawStore: org.apache.hadoop.hive.metastore.ObjectStore@260d48f5, with PersistenceManager: null will be shutdown
2024-04-30T20:08:47,944  INFO [3e4578d1-63d7-49a1-80d7-8a97b3703b23 main] metastore.ObjectStore: RawStore: org.apache.hadoop.hive.metastore.ObjectStore@260d48f5, with PersistenceManager: org.datanucleus.api.jdo.JDOPersistenceManager@148ab138 created in the thread with id: 1
2024-04-30T20:08:47,947  INFO [3e4578d1-63d7-49a1-80d7-8a97b3703b23 main] metastore.HMSHandler: Created RawStore: org.apache.hadoop.hive.metastore.ObjectStore@260d48f5 from thread id: 1
2024-04-30T20:08:47,947  INFO [3e4578d1-63d7-49a1-80d7-8a97b3703b23 main] metastore.HMSHandler: HMS server filtering is disabled by configuration
2024-04-30T20:08:47,948  INFO [3e4578d1-63d7-49a1-80d7-8a97b3703b23 main] metastore.RetryingMetaStoreClient: RetryingMetaStoreClient proxy=class org.apache.hadoop.hive.ql.metadata.SessionHiveMetaStoreClient ugi=alex (auth:SIMPLE) retries=1 delay=1 lifetime=0
2024-04-30T20:08:47,948  INFO [3e4578d1-63d7-49a1-80d7-8a97b3703b23 main] HiveMetaStore.audit: ugi=alex	ip=unknown-ip-addr	cmd=get_database: test	
2024-04-30T20:08:47,950  INFO [3e4578d1-63d7-49a1-80d7-8a97b3703b23 main] ql.Driver: Semantic Analysis Completed (retrial = false)
2024-04-30T20:08:47,950  INFO [3e4578d1-63d7-49a1-80d7-8a97b3703b23 main] ql.Driver: Created Hive schema: Schema(fieldSchemas:null, properties:null)
2024-04-30T20:08:47,950  INFO [3e4578d1-63d7-49a1-80d7-8a97b3703b23 main] metadata.Hive: Dumping metastore api call timing information for : compilation phase
2024-04-30T20:08:47,950  INFO [3e4578d1-63d7-49a1-80d7-8a97b3703b23 main] metadata.Hive: Total time spent in each metastore function (ms): {isCompatibleWith_(Configuration)=0, getDatabase_(String)=1, flushCache_()=0}
2024-04-30T20:08:47,950  INFO [3e4578d1-63d7-49a1-80d7-8a97b3703b23 main] ql.Driver: Completed compiling command(queryId=alex_20240430200847_196427da-2c5c-4db4-b843-cffab175a97c); Time taken: 0.009 seconds
2024-04-30T20:08:47,950  INFO [3e4578d1-63d7-49a1-80d7-8a97b3703b23 main] common.LogUtils: Unregistered logging context.
2024-04-30T20:08:47,951  INFO [HiveServer2-Background-Pool: Thread-171] common.LogUtils: Thread context registration is done.
2024-04-30T20:08:47,951  INFO [HiveServer2-Background-Pool: Thread-171] reexec.ReExecDriver: Execution #1 of query
2024-04-30T20:08:47,952  INFO [HiveServer2-Background-Pool: Thread-171] ql.Driver: Concurrency mode is disabled, not creating a lock manager
2024-04-30T20:08:47,952  INFO [HiveServer2-Background-Pool: Thread-171] ql.Driver: Executing command(queryId=alex_20240430200847_196427da-2c5c-4db4-b843-cffab175a97c): use test
2024-04-30T20:08:47,952  INFO [HiveServer2-Background-Pool: Thread-171] ql.Driver: Starting task [Stage-0:DDL] in serial mode
2024-04-30T20:08:47,954  INFO [HiveServer2-Background-Pool: Thread-171] HiveMetaStore.audit: ugi=alex	ip=unknown-ip-addr	cmd=get_database: test	
2024-04-30T20:08:47,954  INFO [HiveServer2-Background-Pool: Thread-171] metastore.HMSHandler: 7: Opening raw store with implementation class:org.apache.hadoop.hive.metastore.ObjectStore
2024-04-30T20:08:47,955  INFO [HiveServer2-Background-Pool: Thread-171] metastore.ObjectStore: RawStore: org.apache.hadoop.hive.metastore.ObjectStore@25c98290, with PersistenceManager: null will be shutdown
2024-04-30T20:08:47,955  INFO [HiveServer2-Background-Pool: Thread-171] metastore.ObjectStore: RawStore: org.apache.hadoop.hive.metastore.ObjectStore@25c98290, with PersistenceManager: org.datanucleus.api.jdo.JDOPersistenceManager@60cb084d created in the thread with id: 171
2024-04-30T20:08:47,961  INFO [HiveServer2-Background-Pool: Thread-171] metastore.HMSHandler: Created RawStore: org.apache.hadoop.hive.metastore.ObjectStore@25c98290 from thread id: 171
2024-04-30T20:08:47,962  INFO [HiveServer2-Background-Pool: Thread-171] HiveMetaStore.audit: ugi=alex	ip=unknown-ip-addr	cmd=get_database: test	
2024-04-30T20:08:47,964  INFO [HiveServer2-Background-Pool: Thread-171] metadata.Hive: Dumping metastore api call timing information for : execution phase
2024-04-30T20:08:47,964  INFO [HiveServer2-Background-Pool: Thread-171] metadata.Hive: Total time spent in each metastore function (ms): {isCompatibleWith_(Configuration)=1, getDatabase_(String)=10}
2024-04-30T20:08:47,964  INFO [HiveServer2-Background-Pool: Thread-171] ql.Driver: Completed executing command(queryId=alex_20240430200847_196427da-2c5c-4db4-b843-cffab175a97c); Time taken: 0.012 seconds
2024-04-30T20:08:47,964  INFO [HiveServer2-Background-Pool: Thread-171] common.LogUtils: Unregistered logging context.
2024-04-30T20:08:47,967  INFO [3e4578d1-63d7-49a1-80d7-8a97b3703b23 main] operation.OperationManager: Closing operation: OperationHandle [opType=EXECUTE_STATEMENT, getHandleIdentifier()=28303462-aac4-47b8-9c04-7a5750c150d8]
2024-04-30T20:08:47,967  INFO [3e4578d1-63d7-49a1-80d7-8a97b3703b23 main] operation.OperationManager: Removed queryId: alex_20240430200847_196427da-2c5c-4db4-b843-cffab175a97c corresponding to operation: OperationHandle [opType=EXECUTE_STATEMENT, getHandleIdentifier()=28303462-aac4-47b8-9c04-7a5750c150d8] with tag: null
2024-04-30T20:08:47,967  INFO [3e4578d1-63d7-49a1-80d7-8a97b3703b23 main] operation.SQLOperation: Closing operation log /home/alex/Repositories/hive/beeline/target/tmp/alex/operation_logs/3e4578d1-63d7-49a1-80d7-8a97b3703b23/alex_20240430200847_196427da-2c5c-4db4-b843-cffab175a97c without delay
2024-04-30T20:08:48,017  WARN [main] conf.HiveConf: HiveConf of name hive.dummyparam.test.server.specific.config.override does not exist
2024-04-30T20:08:48,018  WARN [main] conf.HiveConf: HiveConf of name hive.dummyparam.test.server.specific.config.hiveserver2site does not exist
2024-04-30T20:08:48,018  WARN [main] conf.HiveConf: HiveConf of name hive.dummyparam.test.server.specific.config.metastoresite does not exist
2024-04-30T20:08:48,018  INFO [3e4578d1-63d7-49a1-80d7-8a97b3703b23 main] session.HiveSessionImpl: executing set
2024-04-30T20:08:48,019  INFO [3e4578d1-63d7-49a1-80d7-8a97b3703b23 main] operation.HiveCommandOperation: Putting temp output to file /home/alex/Repositories/hive/beeline/target/tmp/alex/3e4578d1-63d7-49a1-80d7-8a97b3703b232218242266511455415.pipeout and error output to file /home/alex/Repositories/hive/beeline/target/tmp/alex/3e4578d1-63d7-49a1-80d7-8a97b3703b2353342669632986894.pipeout
2024-04-30T20:08:48,019  INFO [3e4578d1-63d7-49a1-80d7-8a97b3703b23 main] operation.OperationManager: Adding operation: OperationHandle [opType=EXECUTE_STATEMENT, getHandleIdentifier()=af8b16c4-d9c5-46f8-b141-889269916af9] SessionHandle [3e4578d1-63d7-49a1-80d7-8a97b3703b23]
2024-04-30T20:08:48,019  INFO [3e4578d1-63d7-49a1-80d7-8a97b3703b23 main] common.LogUtils: Thread context registration is done.
DEBUG StatusLogger Building Plugin[name=filter, class=org.apache.hadoop.hive.ql.log.LogDivertAppender$NameFilter].
DEBUG StatusLogger createFilter(loggingLevel="EXECUTION")
DEBUG StatusLogger Building Plugin[name=layout, class=org.apache.logging.log4j.core.layout.PatternLayout].
DEBUG StatusLogger PatternLayout$Builder(pattern="%-5p : %m%n", PatternSelector=null, Configuration(HiveLog4j2Test), Replace=null, charset="null", alwaysWriteExceptions="null", disableAnsi="null", noConsoleNoAnsi="null", header="null", footer="null")
DEBUG StatusLogger Building Plugin[name=appender, class=org.apache.hadoop.hive.ql.log.HushableRandomAccessFileAppender].
DEBUG StatusLogger createAppender(fileName="/home/alex/Repositories/hive/beeline/target/tmp/alex/operation_logs/3e4578d1-63d7-49a1-80d7-8a97b3703b23/alex_20240430200848_ac76bf18-f925-41f1-a088-5e7ed82d9763", append="null", name="query-file-appender", immediateFlush="null", bufferSize="null", ignoreExceptions="null", PatternLayout(org.apache.logging.log4j.core.layout.PatternLayout with name PatternLayout), NameFilter(org.apache.hadoop.hive.ql.log.LogDivertAppender$NameFilter with name NameFilter), advertise="null", advertiseURI="null", Configuration(HiveLog4j2Test))
DEBUG StatusLogger Starting RandomAccessFileManager /home/alex/Repositories/hive/beeline/target/tmp/alex/operation_logs/3e4578d1-63d7-49a1-80d7-8a97b3703b23/alex_20240430200848_ac76bf18-f925-41f1-a088-5e7ed82d9763
DEBUG StatusLogger Building Plugin[name=, class=org.apache.hadoop.hive.ql.log.LogDivertAppenderForTest$TestFilter].
DEBUG StatusLogger createFilter()
DEBUG StatusLogger Building Plugin[name=, class=org.apache.logging.log4j.core.layout.PatternLayout].
DEBUG StatusLogger PatternLayout$Builder(pattern="%-5p : %m%n", PatternSelector=null, Configuration(HiveLog4j2Test), Replace=null, charset="null", alwaysWriteExceptions="null", disableAnsi="null", noConsoleNoAnsi="null", header="null", footer="null")
DEBUG StatusLogger Building Plugin[name=appender, class=org.apache.hadoop.hive.ql.log.HushableRandomAccessFileAppender].
DEBUG StatusLogger createAppender(fileName="/home/alex/Repositories/hive/beeline/target/tmp/alex/operation_logs/3e4578d1-63d7-49a1-80d7-8a97b3703b23/alex_20240430200848_ac76bf18-f925-41f1-a088-5e7ed82d9763.test", append="null", name="test-query-file-appender", immediateFlush="null", bufferSize="null", ignoreExceptions="null", PatternLayout(org.apache.logging.log4j.core.layout.PatternLayout with name PatternLayout), test-filter(org.apache.hadoop.hive.ql.log.LogDivertAppenderForTest$TestFilter with name test-filter), advertise="null", advertiseURI="null", Configuration(HiveLog4j2Test))
DEBUG StatusLogger Starting RandomAccessFileManager /home/alex/Repositories/hive/beeline/target/tmp/alex/operation_logs/3e4578d1-63d7-49a1-80d7-8a97b3703b23/alex_20240430200848_ac76bf18-f925-41f1-a088-5e7ed82d9763.test
2024-04-30T20:08:48,022  INFO [3e4578d1-63d7-49a1-80d7-8a97b3703b23 main] operation.HiveCommandOperation: [opType=EXECUTE_STATEMENT, queryId=alex_20240430200848_ac76bf18-f925-41f1-a088-5e7ed82d9763, startTime=1714532928018, sessionId=3e4578d1-63d7-49a1-80d7-8a97b3703b23, createTime=1714532927855, userName=null, ipAddress=null]
2024-04-30T20:08:48,030  INFO [3e4578d1-63d7-49a1-80d7-8a97b3703b23 main] common.LogUtils: Unregistered logging context.
2024-04-30T20:08:48,033  INFO [3e4578d1-63d7-49a1-80d7-8a97b3703b23 main] operation.OperationManager: Closing operation: OperationHandle [opType=EXECUTE_STATEMENT, getHandleIdentifier()=af8b16c4-d9c5-46f8-b141-889269916af9]
2024-04-30T20:08:48,033  INFO [3e4578d1-63d7-49a1-80d7-8a97b3703b23 main] operation.OperationManager: Removed queryId: alex_20240430200848_ac76bf18-f925-41f1-a088-5e7ed82d9763 corresponding to operation: OperationHandle [opType=EXECUTE_STATEMENT, getHandleIdentifier()=af8b16c4-d9c5-46f8-b141-889269916af9] with tag: null
2024-04-30T20:08:48,033  INFO [3e4578d1-63d7-49a1-80d7-8a97b3703b23 main] operation.HiveCommandOperation: Closing operation log /home/alex/Repositories/hive/beeline/target/tmp/alex/operation_logs/3e4578d1-63d7-49a1-80d7-8a97b3703b23/alex_20240430200848_ac76bf18-f925-41f1-a088-5e7ed82d9763 without delay
2024-04-30T20:08:48,036  INFO [3e4578d1-63d7-49a1-80d7-8a97b3703b23 main] session.HiveSessionImpl: executing show tables
2024-04-30T20:08:48,037  INFO [3e4578d1-63d7-49a1-80d7-8a97b3703b23 main] operation.OperationManager: Adding operation: OperationHandle [opType=EXECUTE_STATEMENT, getHandleIdentifier()=1b817a5f-900e-48ba-aa0e-d89415d4c47c] SessionHandle [3e4578d1-63d7-49a1-80d7-8a97b3703b23]
2024-04-30T20:08:48,037  INFO [3e4578d1-63d7-49a1-80d7-8a97b3703b23 main] common.LogUtils: Thread context registration is done.
DEBUG StatusLogger Building Plugin[name=filter, class=org.apache.hadoop.hive.ql.log.LogDivertAppender$NameFilter].
DEBUG StatusLogger createFilter(loggingLevel="EXECUTION")
DEBUG StatusLogger Building Plugin[name=layout, class=org.apache.logging.log4j.core.layout.PatternLayout].
DEBUG StatusLogger PatternLayout$Builder(pattern="%-5p : %m%n", PatternSelector=null, Configuration(HiveLog4j2Test), Replace=null, charset="null", alwaysWriteExceptions="null", disableAnsi="null", noConsoleNoAnsi="null", header="null", footer="null")
DEBUG StatusLogger Building Plugin[name=appender, class=org.apache.hadoop.hive.ql.log.HushableRandomAccessFileAppender].
DEBUG StatusLogger createAppender(fileName="/home/alex/Repositories/hive/beeline/target/tmp/alex/operation_logs/3e4578d1-63d7-49a1-80d7-8a97b3703b23/alex_20240430200848_8371502b-1155-4472-ac3c-a06d090dd357", append="null", name="query-file-appender", immediateFlush="null", bufferSize="null", ignoreExceptions="null", PatternLayout(org.apache.logging.log4j.core.layout.PatternLayout with name PatternLayout), NameFilter(org.apache.hadoop.hive.ql.log.LogDivertAppender$NameFilter with name NameFilter), advertise="null", advertiseURI="null", Configuration(HiveLog4j2Test))
DEBUG StatusLogger Starting RandomAccessFileManager /home/alex/Repositories/hive/beeline/target/tmp/alex/operation_logs/3e4578d1-63d7-49a1-80d7-8a97b3703b23/alex_20240430200848_8371502b-1155-4472-ac3c-a06d090dd357
DEBUG StatusLogger Building Plugin[name=, class=org.apache.hadoop.hive.ql.log.LogDivertAppenderForTest$TestFilter].
DEBUG StatusLogger createFilter()
DEBUG StatusLogger Building Plugin[name=, class=org.apache.logging.log4j.core.layout.PatternLayout].
DEBUG StatusLogger PatternLayout$Builder(pattern="%-5p : %m%n", PatternSelector=null, Configuration(HiveLog4j2Test), Replace=null, charset="null", alwaysWriteExceptions="null", disableAnsi="null", noConsoleNoAnsi="null", header="null", footer="null")
DEBUG StatusLogger Building Plugin[name=appender, class=org.apache.hadoop.hive.ql.log.HushableRandomAccessFileAppender].
DEBUG StatusLogger createAppender(fileName="/home/alex/Repositories/hive/beeline/target/tmp/alex/operation_logs/3e4578d1-63d7-49a1-80d7-8a97b3703b23/alex_20240430200848_8371502b-1155-4472-ac3c-a06d090dd357.test", append="null", name="test-query-file-appender", immediateFlush="null", bufferSize="null", ignoreExceptions="null", PatternLayout(org.apache.logging.log4j.core.layout.PatternLayout with name PatternLayout), test-filter(org.apache.hadoop.hive.ql.log.LogDivertAppenderForTest$TestFilter with name test-filter), advertise="null", advertiseURI="null", Configuration(HiveLog4j2Test))
DEBUG StatusLogger Starting RandomAccessFileManager /home/alex/Repositories/hive/beeline/target/tmp/alex/operation_logs/3e4578d1-63d7-49a1-80d7-8a97b3703b23/alex_20240430200848_8371502b-1155-4472-ac3c-a06d090dd357.test
2024-04-30T20:08:48,040  INFO [3e4578d1-63d7-49a1-80d7-8a97b3703b23 main] operation.SQLOperation: [opType=EXECUTE_STATEMENT, queryId=alex_20240430200848_8371502b-1155-4472-ac3c-a06d090dd357, startTime=1714532928036, sessionId=3e4578d1-63d7-49a1-80d7-8a97b3703b23, createTime=1714532927855, userName=null, ipAddress=null]
2024-04-30T20:08:48,041  INFO [3e4578d1-63d7-49a1-80d7-8a97b3703b23 main] ql.Driver: Compiling command(queryId=alex_20240430200848_8371502b-1155-4472-ac3c-a06d090dd357): show tables
2024-04-30T20:08:48,046  INFO [3e4578d1-63d7-49a1-80d7-8a97b3703b23 main] HiveMetaStore.audit: ugi=alex	ip=unknown-ip-addr	cmd=get_database: test	
2024-04-30T20:08:48,047  INFO [3e4578d1-63d7-49a1-80d7-8a97b3703b23 main] ql.Driver: Semantic Analysis Completed (retrial = false)
2024-04-30T20:08:48,048  INFO [3e4578d1-63d7-49a1-80d7-8a97b3703b23 main] ql.Driver: Created Hive schema: Schema(fieldSchemas:[FieldSchema(name:tab_name, type:string, comment:from deserializer)], properties:null)
2024-04-30T20:08:48,049  INFO [3e4578d1-63d7-49a1-80d7-8a97b3703b23 main] exec.ListSinkOperator: Initializing Operator: LIST_SINK[0]
2024-04-30T20:08:48,049  INFO [3e4578d1-63d7-49a1-80d7-8a97b3703b23 main] metadata.Hive: Dumping metastore api call timing information for : compilation phase
2024-04-30T20:08:48,049  INFO [3e4578d1-63d7-49a1-80d7-8a97b3703b23 main] metadata.Hive: Total time spent in each metastore function (ms): {isCompatibleWith_(Configuration)=0, getDatabase_(String)=1, flushCache_()=0}
2024-04-30T20:08:48,049  INFO [3e4578d1-63d7-49a1-80d7-8a97b3703b23 main] ql.Driver: Completed compiling command(queryId=alex_20240430200848_8371502b-1155-4472-ac3c-a06d090dd357); Time taken: 0.008 seconds
2024-04-30T20:08:48,049  INFO [3e4578d1-63d7-49a1-80d7-8a97b3703b23 main] common.LogUtils: Unregistered logging context.
2024-04-30T20:08:48,050  INFO [HiveServer2-Background-Pool: Thread-175] common.LogUtils: Thread context registration is done.
2024-04-30T20:08:48,051  INFO [HiveServer2-Background-Pool: Thread-175] reexec.ReExecDriver: Execution #1 of query
2024-04-30T20:08:48,051  INFO [HiveServer2-Background-Pool: Thread-175] ql.Driver: Concurrency mode is disabled, not creating a lock manager
2024-04-30T20:08:48,051  INFO [HiveServer2-Background-Pool: Thread-175] ql.Driver: Executing command(queryId=alex_20240430200848_8371502b-1155-4472-ac3c-a06d090dd357): show tables
2024-04-30T20:08:48,052  INFO [HiveServer2-Background-Pool: Thread-175] ql.Driver: Starting task [Stage-0:DDL] in serial mode
2024-04-30T20:08:48,052  INFO [HiveServer2-Background-Pool: Thread-175] HiveMetaStore.audit: ugi=alex	ip=unknown-ip-addr	cmd=get_database: test	
2024-04-30T20:08:48,053  INFO [HiveServer2-Background-Pool: Thread-175] metastore.HMSHandler: 8: Opening raw store with implementation class:org.apache.hadoop.hive.metastore.ObjectStore
2024-04-30T20:08:48,054  INFO [HiveServer2-Background-Pool: Thread-175] metastore.ObjectStore: RawStore: org.apache.hadoop.hive.metastore.ObjectStore@5117d003, with PersistenceManager: null will be shutdown
2024-04-30T20:08:48,055  INFO [HiveServer2-Background-Pool: Thread-175] metastore.ObjectStore: RawStore: org.apache.hadoop.hive.metastore.ObjectStore@5117d003, with PersistenceManager: org.datanucleus.api.jdo.JDOPersistenceManager@26b1943b created in the thread with id: 175
2024-04-30T20:08:48,059  INFO [HiveServer2-Background-Pool: Thread-175] metastore.HMSHandler: Created RawStore: org.apache.hadoop.hive.metastore.ObjectStore@5117d003 from thread id: 175
2024-04-30T20:08:48,061  INFO [HiveServer2-Background-Pool: Thread-175] HiveMetaStore.audit: ugi=alex	ip=unknown-ip-addr	cmd=get_multi_table : db=test tbls=null	
2024-04-30T20:08:48,072  INFO [HiveServer2-Background-Pool: Thread-175] sqlstd.SQLStdHiveAccessController: Created SQLStdHiveAccessController for session context : HiveAuthzSessionContext [sessionString=3e4578d1-63d7-49a1-80d7-8a97b3703b23, clientType=HIVESERVER2]
2024-04-30T20:08:48,080  INFO [HiveServer2-Background-Pool: Thread-175] metadata.Hive: Dumping metastore api call timing information for : execution phase
2024-04-30T20:08:48,080  INFO [HiveServer2-Background-Pool: Thread-175] metadata.Hive: Total time spent in each metastore function (ms): {isCompatibleWith_(Configuration)=0, getDatabase_(String)=8, getTables_(String, String)=12}
2024-04-30T20:08:48,080  INFO [HiveServer2-Background-Pool: Thread-175] ql.Driver: Completed executing command(queryId=alex_20240430200848_8371502b-1155-4472-ac3c-a06d090dd357); Time taken: 0.029 seconds
2024-04-30T20:08:48,080  INFO [HiveServer2-Background-Pool: Thread-175] common.LogUtils: Unregistered logging context.
2024-04-30T20:08:48,082  INFO [3e4578d1-63d7-49a1-80d7-8a97b3703b23 main] operation.OperationManager: Closing operation: OperationHandle [opType=EXECUTE_STATEMENT, getHandleIdentifier()=1b817a5f-900e-48ba-aa0e-d89415d4c47c]
2024-04-30T20:08:48,082  INFO [3e4578d1-63d7-49a1-80d7-8a97b3703b23 main] operation.OperationManager: Removed queryId: alex_20240430200848_8371502b-1155-4472-ac3c-a06d090dd357 corresponding to operation: OperationHandle [opType=EXECUTE_STATEMENT, getHandleIdentifier()=1b817a5f-900e-48ba-aa0e-d89415d4c47c] with tag: null
2024-04-30T20:08:48,082  INFO [3e4578d1-63d7-49a1-80d7-8a97b3703b23 main] ql.Context: Deleting scratch dir: file:/home/alex/Repositories/hive/beeline/target/tmp/alex/3e4578d1-63d7-49a1-80d7-8a97b3703b23/hive_2024-04-30_20-08-48_041_97952750247379601-1
2024-04-30T20:08:48,082  INFO [3e4578d1-63d7-49a1-80d7-8a97b3703b23 main] cleanup.EventualCleanupService: Delete file:/home/alex/Repositories/hive/beeline/target/tmp/alex/3e4578d1-63d7-49a1-80d7-8a97b3703b23/hive_2024-04-30_20-08-48_041_97952750247379601-1 operation was queued
2024-04-30T20:08:48,082  INFO [3e4578d1-63d7-49a1-80d7-8a97b3703b23 main] exec.ListSinkOperator: Closing Operator: LIST_SINK[0]
2024-04-30T20:08:48,082  INFO [3e4578d1-63d7-49a1-80d7-8a97b3703b23 main] exec.ListSinkOperator: RECORDS_OUT_INTERMEDIATE:0, RECORDS_OUT_OPERATOR_LIST_SINK_0:0, 
2024-04-30T20:08:48,082  INFO [3e4578d1-63d7-49a1-80d7-8a97b3703b23 main] operation.SQLOperation: Closing operation log /home/alex/Repositories/hive/beeline/target/tmp/alex/operation_logs/3e4578d1-63d7-49a1-80d7-8a97b3703b23/alex_20240430200848_8371502b-1155-4472-ac3c-a06d090dd357 without delay
2024-04-30T20:08:48,082  INFO [EventualCleanupService thread 0] cleanup.EventualCleanupService: Deleted file:/home/alex/Repositories/hive/beeline/target/tmp/alex/3e4578d1-63d7-49a1-80d7-8a97b3703b23/hive_2024-04-30_20-08-48_041_97952750247379601-1
2024-04-30T20:08:48,086  INFO [main] service.CompositeService: Session closed, SessionHandle [3e4578d1-63d7-49a1-80d7-8a97b3703b23], current sessions:0
2024-04-30T20:08:48,087  INFO [3e4578d1-63d7-49a1-80d7-8a97b3703b23 main] session.HiveSessionImpl: Operation log session directory is deleted: /home/alex/Repositories/hive/beeline/target/tmp/alex/operation_logs/3e4578d1-63d7-49a1-80d7-8a97b3703b23
2024-04-30T20:08:48,088  INFO [main] cleanup.EventualCleanupService: Delete /tmp/hive/alex/3e4578d1-63d7-49a1-80d7-8a97b3703b23 operation was queued
2024-04-30T20:08:48,088  INFO [main] cleanup.EventualCleanupService: Delete /home/alex/Repositories/hive/beeline/target/tmp/alex/3e4578d1-63d7-49a1-80d7-8a97b3703b23 operation was queued
2024-04-30T20:08:48,088  INFO [EventualCleanupService thread 1] cleanup.EventualCleanupService: Deleted /tmp/hive/alex/3e4578d1-63d7-49a1-80d7-8a97b3703b23
2024-04-30T20:08:48,088  INFO [EventualCleanupService thread 2] cleanup.EventualCleanupService: Deleted /home/alex/Repositories/hive/beeline/target/tmp/alex/3e4578d1-63d7-49a1-80d7-8a97b3703b23
2024-04-30T20:08:48,089  INFO [main] HiveMetaStore.audit: ugi=alex	ip=unknown-ip-addr	cmd=Cleaning up thread local RawStore...	
2024-04-30T20:08:48,089  INFO [main] metastore.ObjectStore: RawStore: org.apache.hadoop.hive.metastore.ObjectStore@260d48f5, with PersistenceManager: org.datanucleus.api.jdo.JDOPersistenceManager@148ab138 will be shutdown
2024-04-30T20:08:48,089  INFO [main] HiveMetaStore.audit: ugi=alex	ip=unknown-ip-addr	cmd=Done cleaning up thread local RawStore	
2024-04-30T20:08:48,089  INFO [main] metastore.HiveMetaStoreClient: Closed a connection to metastore, current connections: -8
2024-04-30T20:08:48,089 ERROR [main] cli.TestHiveCli: Failed due to the error:Connecting to jdbc:hive2://
Hive Session ID = eff2779a-4469-4766-b161-11ff01c5afe1
ivysettings.xml file not found in HIVE_HOME or HIVE_CONF_DIR,/home/alex/Repositories/hive/conf/ivysettings.xml will be used
ivysettings.xml file not found in HIVE_HOME or HIVE_CONF_DIR,/home/alex/Repositories/hive/conf/ivysettings.xml will be used
Connected to: Apache Hive (version 4.0.0-SNAPSHOT)
Error: Couldn't load manifest attributes. (state=,code=0)
Transaction isolation: TRANSACTION_REPEATABLE_READ
INFO  : Compiling command(queryId=alex_20240430200847_196427da-2c5c-4db4-b843-cffab175a97c): use test
INFO  : Semantic Analysis Completed (retrial = false)
INFO  : Created Hive schema: Schema(fieldSchemas:null, properties:null)
INFO  : Completed compiling command(queryId=alex_20240430200847_196427da-2c5c-4db4-b843-cffab175a97c); Time taken: 0.009 seconds
INFO  : Concurrency mode is disabled, not creating a lock manager
INFO  : Executing command(queryId=alex_20240430200847_196427da-2c5c-4db4-b843-cffab175a97c): use test
INFO  : Starting task [Stage-0:DDL] in serial mode
DEBUG : Task getting executed using mapred tag : alex_20240430200847_196427da-2c5c-4db4-b843-cffab175a97c,userid=null
INFO  : Completed executing command(queryId=alex_20240430200847_196427da-2c5c-4db4-b843-cffab175a97c); Time taken: 0.012 seconds
DEBUG : Shutting down query use test
Error: Failed to wait for operation to complete (state=08S01,code=0)
Beeline version ??? by Apache Hive
hive> source /home/alex/Repositories/hive/beeline/target/tmp/test8431199289971399391.sql;
INFO  : Compiling command(queryId=alex_20240430200848_8371502b-1155-4472-ac3c-a06d090dd357): show tables
INFO  : Semantic Analysis Completed (retrial = false)
INFO  : Created Hive schema: Schema(fieldSchemas:[FieldSchema(name:tab_name, type:string, comment:from deserializer)], properties:null)
INFO  : Completed compiling command(queryId=alex_20240430200848_8371502b-1155-4472-ac3c-a06d090dd357); Time taken: 0.008 seconds
INFO  : Concurrency mode is disabled, not creating a lock manager
INFO  : Executing command(queryId=alex_20240430200848_8371502b-1155-4472-ac3c-a06d090dd357): show tables
INFO  : Starting task [Stage-0:DDL] in serial mode
DEBUG : Task getting executed using mapred tag : alex_20240430200848_8371502b-1155-4472-ac3c-a06d090dd357,userid=null
INFO  : Completed executing command(queryId=alex_20240430200848_8371502b-1155-4472-ac3c-a06d090dd357); Time taken: 0.029 seconds
DEBUG : Shutting down query show tables
Error: Failed to wait for operation to complete (state=08S01,code=0)
hive> Closing: 0: jdbc:hive2://

]]></system-err>
  </testcase>
  <testcase name="testInvalidOptions2" classname="org.apache.hive.beeline.cli.TestHiveCli" time="0.006"/>
  <testcase name="testCmd" classname="org.apache.hive.beeline.cli.TestHiveCli" time="0.218">
    <failure type="java.lang.AssertionError"><![CDATA[java.lang.AssertionError: The expected keyword "src" occur in the output: 
	at org.junit.Assert.fail(Assert.java:89)
	at org.junit.Assert.assertTrue(Assert.java:42)
	at org.apache.hive.beeline.cli.TestHiveCli.verifyCMD(TestHiveCli.java:270)
	at org.apache.hive.beeline.cli.TestHiveCli.testCmd(TestHiveCli.java:72)
	at sun.reflect.NativeMethodAccessorImpl.invoke0(Native Method)
	at sun.reflect.NativeMethodAccessorImpl.invoke(NativeMethodAccessorImpl.java:62)
	at sun.reflect.DelegatingMethodAccessorImpl.invoke(DelegatingMethodAccessorImpl.java:43)
	at java.lang.reflect.Method.invoke(Method.java:498)
	at org.junit.runners.model.FrameworkMethod$1.runReflectiveCall(FrameworkMethod.java:59)
	at org.junit.internal.runners.model.ReflectiveCallable.run(ReflectiveCallable.java:12)
	at org.junit.runners.model.FrameworkMethod.invokeExplosively(FrameworkMethod.java:56)
	at org.junit.internal.runners.statements.InvokeMethod.evaluate(InvokeMethod.java:17)
	at org.junit.internal.runners.statements.RunBefores.evaluate(RunBefores.java:26)
	at org.junit.internal.runners.statements.RunAfters.evaluate(RunAfters.java:27)
	at org.junit.runners.ParentRunner$3.evaluate(ParentRunner.java:306)
	at org.junit.runners.BlockJUnit4ClassRunner$1.evaluate(BlockJUnit4ClassRunner.java:100)
	at org.junit.runners.ParentRunner.runLeaf(ParentRunner.java:366)
	at org.junit.runners.BlockJUnit4ClassRunner.runChild(BlockJUnit4ClassRunner.java:103)
	at org.junit.runners.BlockJUnit4ClassRunner.runChild(BlockJUnit4ClassRunner.java:63)
	at org.junit.runners.ParentRunner$4.run(ParentRunner.java:331)
	at org.junit.runners.ParentRunner$1.schedule(ParentRunner.java:79)
	at org.junit.runners.ParentRunner.runChildren(ParentRunner.java:329)
	at org.junit.runners.ParentRunner.access$100(ParentRunner.java:66)
	at org.junit.runners.ParentRunner$2.evaluate(ParentRunner.java:293)
	at org.junit.internal.runners.statements.RunBefores.evaluate(RunBefores.java:26)
	at org.junit.runners.ParentRunner$3.evaluate(ParentRunner.java:306)
	at org.junit.runners.ParentRunner.run(ParentRunner.java:413)
	at org.junit.runner.JUnitCore.run(JUnitCore.java:137)
	at org.junit.runner.JUnitCore.run(JUnitCore.java:115)
	at org.junit.vintage.engine.execution.RunnerExecutor.execute(RunnerExecutor.java:43)
	at java.util.stream.ForEachOps$ForEachOp$OfRef.accept(ForEachOps.java:183)
	at java.util.stream.ReferencePipeline$3$1.accept(ReferencePipeline.java:193)
	at java.util.Iterator.forEachRemaining(Iterator.java:116)
	at java.util.Spliterators$IteratorSpliterator.forEachRemaining(Spliterators.java:1801)
	at java.util.stream.AbstractPipeline.copyInto(AbstractPipeline.java:482)
	at java.util.stream.AbstractPipeline.wrapAndCopyInto(AbstractPipeline.java:472)
	at java.util.stream.ForEachOps$ForEachOp.evaluateSequential(ForEachOps.java:150)
	at java.util.stream.ForEachOps$ForEachOp$OfRef.evaluateSequential(ForEachOps.java:173)
	at java.util.stream.AbstractPipeline.evaluate(AbstractPipeline.java:234)
	at java.util.stream.ReferencePipeline.forEach(ReferencePipeline.java:485)
	at org.junit.vintage.engine.VintageTestEngine.executeAllChildren(VintageTestEngine.java:82)
	at org.junit.vintage.engine.VintageTestEngine.execute(VintageTestEngine.java:73)
	at org.junit.platform.launcher.core.DefaultLauncher.execute(DefaultLauncher.java:248)
	at org.junit.platform.launcher.core.DefaultLauncher.lambda$execute$5(DefaultLauncher.java:211)
	at org.junit.platform.launcher.core.DefaultLauncher.withInterceptedStreams(DefaultLauncher.java:226)
	at org.junit.platform.launcher.core.DefaultLauncher.execute(DefaultLauncher.java:199)
	at org.junit.platform.launcher.core.DefaultLauncher.execute(DefaultLauncher.java:132)
	at org.apache.maven.surefire.junitplatform.JUnitPlatformProvider.invokeAllTests(JUnitPlatformProvider.java:154)
	at org.apache.maven.surefire.junitplatform.JUnitPlatformProvider.invoke(JUnitPlatformProvider.java:123)
	at org.apache.maven.surefire.booter.ForkedBooter.runSuitesInProcess(ForkedBooter.java:377)
	at org.apache.maven.surefire.booter.ForkedBooter.execute(ForkedBooter.java:138)
	at org.apache.maven.surefire.booter.ForkedBooter.run(ForkedBooter.java:465)
	at org.apache.maven.surefire.booter.ForkedBooter.main(ForkedBooter.java:451)
]]></failure>
    <system-err><![CDATA[2024-04-30T20:08:48,096 ERROR [main] cli.TestHiveCli: Failed to execute command due to the error: java.lang.NullPointerException: Null output stream
2024-04-30T20:08:48,155  WARN [main] conf.HiveConf: HiveConf of name hive.dummyparam.test.server.specific.config.override does not exist
2024-04-30T20:08:48,155  WARN [main] conf.HiveConf: HiveConf of name hive.dummyparam.test.server.specific.config.hiveserver2site does not exist
2024-04-30T20:08:48,156  WARN [main] conf.HiveConf: HiveConf of name hive.dummyparam.test.server.specific.config.metastoresite does not exist
2024-04-30T20:08:48,156  INFO [main] SessionState: Hive Session ID = aaf9c293-17bd-432e-a692-f9c9332911bf
2024-04-30T20:08:48,157  INFO [main] DependencyResolver: ivysettings.xml file not found in HIVE_HOME or HIVE_CONF_DIR,/home/alex/Repositories/hive/conf/ivysettings.xml will be used
2024-04-30T20:08:48,164  INFO [main] session.SessionState: Created HDFS directory: /tmp/hive/alex/aaf9c293-17bd-432e-a692-f9c9332911bf
2024-04-30T20:08:48,167  INFO [main] session.SessionState: Created local directory: /home/alex/Repositories/hive/beeline/target/tmp/alex/aaf9c293-17bd-432e-a692-f9c9332911bf
2024-04-30T20:08:48,170  INFO [main] session.SessionState: Created HDFS directory: /tmp/hive/alex/aaf9c293-17bd-432e-a692-f9c9332911bf/_tmp_space.db
2024-04-30T20:08:48,170  INFO [main] sqlstd.SQLStdHiveAccessController: Created SQLStdHiveAccessController for session context : HiveAuthzSessionContext [sessionString=aaf9c293-17bd-432e-a692-f9c9332911bf, clientType=HIVESERVER2]
2024-04-30T20:08:48,171  INFO [main] metastore.HiveMetaStoreClient: HMS client filtering is enabled.
2024-04-30T20:08:48,172  INFO [main] metastore.HMSHandler: 0: Opening raw store with implementation class:org.apache.hadoop.hive.metastore.ObjectStore
2024-04-30T20:08:48,172  INFO [main] metastore.PersistenceManagerProvider: Configuration datanucleus.autoStartMechanismMode is not set. Defaulting to 'ignored'
2024-04-30T20:08:48,173  INFO [main] metastore.ObjectStore: RawStore: org.apache.hadoop.hive.metastore.ObjectStore@75d97e18, with PersistenceManager: null will be shutdown
2024-04-30T20:08:48,173  INFO [main] metastore.ObjectStore: RawStore: org.apache.hadoop.hive.metastore.ObjectStore@75d97e18, with PersistenceManager: org.datanucleus.api.jdo.JDOPersistenceManager@5fdb7394 created in the thread with id: 1
2024-04-30T20:08:48,176  INFO [main] metastore.HMSHandler: Created RawStore: org.apache.hadoop.hive.metastore.ObjectStore@75d97e18 from thread id: 1
2024-04-30T20:08:48,177  INFO [main] metastore.HMSHandler: HMS server filtering is disabled by configuration
2024-04-30T20:08:48,177  INFO [main] metastore.RetryingMetaStoreClient: RetryingMetaStoreClient proxy=class org.apache.hadoop.hive.ql.metadata.SessionHiveMetaStoreClient ugi=alex (auth:SIMPLE) retries=1 delay=1 lifetime=0
2024-04-30T20:08:48,177  INFO [main] service.CompositeService: Operation log root directory is created: /home/alex/Repositories/hive/beeline/target/tmp/alex/operation_logs
2024-04-30T20:08:48,177  INFO [main] service.CompositeService: HiveServer2: Background operation thread pool size: 100
2024-04-30T20:08:48,177  INFO [main] service.CompositeService: HiveServer2: Background operation thread wait queue size: 100
2024-04-30T20:08:48,177  INFO [main] service.CompositeService: HiveServer2: Background operation thread keepalive time: 10 seconds
2024-04-30T20:08:48,177  INFO [main] service.CompositeService: Connections limit are user: 0 ipaddress: 0 user-ipaddress: 0
2024-04-30T20:08:48,179  INFO [main] cleanup.EventualCleanupService: EventualCleanupService started with 10 threads and queue of size 10000
ERROR StatusLogger Log4j2 ConfigurationScheduler attempted to increment scheduled items after start
ERROR StatusLogger Log4j2 ConfigurationScheduler attempted to increment scheduled items after start
2024-04-30T20:08:48,181  INFO [main] service.AbstractService: Service:OperationManager is inited.
2024-04-30T20:08:48,181  INFO [main] service.AbstractService: Service:SessionManager is inited.
2024-04-30T20:08:48,181  INFO [main] service.AbstractService: Service:CLIService is inited.
2024-04-30T20:08:48,181  INFO [main] service.AbstractService: Service:OperationManager is started.
2024-04-30T20:08:48,181  INFO [main] service.AbstractService: Service:SessionManager is started.
2024-04-30T20:08:48,181  INFO [main] service.AbstractService: Service:CLIService is started.
2024-04-30T20:08:48,181  INFO [main] service.AbstractService: Service:ThriftBinaryCLIService is inited.
2024-04-30T20:08:48,181  INFO [main] thrift.ThriftCLIService: Client protocol version: HIVE_CLI_SERVICE_PROTOCOL_V10
2024-04-30T20:08:48,181  INFO [main] thrift.ThriftCLIService: Creating Hive session handle for user [null] from IP null
2024-04-30T20:08:48,182  INFO [main] DependencyResolver: ivysettings.xml file not found in HIVE_HOME or HIVE_CONF_DIR,/home/alex/Repositories/hive/conf/ivysettings.xml will be used
2024-04-30T20:08:48,189  INFO [main] session.SessionState: Created HDFS directory: /tmp/hive/alex/a5a1c8ff-d931-4ad0-adcd-34cc1a5f40d4
2024-04-30T20:08:48,192  INFO [main] session.SessionState: Created local directory: /home/alex/Repositories/hive/beeline/target/tmp/alex/a5a1c8ff-d931-4ad0-adcd-34cc1a5f40d4
2024-04-30T20:08:48,195  INFO [main] session.SessionState: Created HDFS directory: /tmp/hive/alex/a5a1c8ff-d931-4ad0-adcd-34cc1a5f40d4/_tmp_space.db
2024-04-30T20:08:48,196  INFO [main] session.SessionState: Reloading auxiliary JAR files
2024-04-30T20:08:48,196  WARN [main] session.SessionState: Configuration hive.reloadable.aux.jars.path not specified
2024-04-30T20:08:48,196  INFO [main] HiveMetaStore.audit: ugi=alex	ip=unknown-ip-addr	cmd=Cleaning up thread local RawStore...	
2024-04-30T20:08:48,196  INFO [main] metastore.ObjectStore: RawStore: org.apache.hadoop.hive.metastore.ObjectStore@75d97e18, with PersistenceManager: org.datanucleus.api.jdo.JDOPersistenceManager@5fdb7394 will be shutdown
2024-04-30T20:08:48,196  INFO [main] HiveMetaStore.audit: ugi=alex	ip=unknown-ip-addr	cmd=Done cleaning up thread local RawStore	
2024-04-30T20:08:48,196  INFO [main] metastore.HiveMetaStoreClient: Closed a connection to metastore, current connections: -9
2024-04-30T20:08:48,196  INFO [main] session.HiveSessionImpl: Operation log session directory is created: /home/alex/Repositories/hive/beeline/target/tmp/alex/operation_logs/a5a1c8ff-d931-4ad0-adcd-34cc1a5f40d4
2024-04-30T20:08:48,196  INFO [main] service.CompositeService: Session opened, SessionHandle [a5a1c8ff-d931-4ad0-adcd-34cc1a5f40d4], current sessions:1
2024-04-30T20:08:48,196  INFO [main] thrift.ThriftCLIService: Login attempt is successful for user : null
2024-04-30T20:08:48,239  WARN [main] conf.HiveConf: HiveConf of name hive.dummyparam.test.server.specific.config.override does not exist
2024-04-30T20:08:48,239  WARN [main] conf.HiveConf: HiveConf of name hive.dummyparam.test.server.specific.config.hiveserver2site does not exist
2024-04-30T20:08:48,239  WARN [main] conf.HiveConf: HiveConf of name hive.dummyparam.test.server.specific.config.metastoresite does not exist
2024-04-30T20:08:48,240  INFO [a5a1c8ff-d931-4ad0-adcd-34cc1a5f40d4 main] session.HiveSessionImpl: executing set
2024-04-30T20:08:48,240  INFO [a5a1c8ff-d931-4ad0-adcd-34cc1a5f40d4 main] operation.HiveCommandOperation: Putting temp output to file /home/alex/Repositories/hive/beeline/target/tmp/alex/a5a1c8ff-d931-4ad0-adcd-34cc1a5f40d41234248774775125816.pipeout and error output to file /home/alex/Repositories/hive/beeline/target/tmp/alex/a5a1c8ff-d931-4ad0-adcd-34cc1a5f40d48929827289963627762.pipeout
2024-04-30T20:08:48,240  INFO [a5a1c8ff-d931-4ad0-adcd-34cc1a5f40d4 main] operation.OperationManager: Adding operation: OperationHandle [opType=EXECUTE_STATEMENT, getHandleIdentifier()=1dfa4e76-30c1-47f9-8f3c-fad36108193b] SessionHandle [a5a1c8ff-d931-4ad0-adcd-34cc1a5f40d4]
2024-04-30T20:08:48,240  INFO [a5a1c8ff-d931-4ad0-adcd-34cc1a5f40d4 main] common.LogUtils: Thread context registration is done.
DEBUG StatusLogger Building Plugin[name=filter, class=org.apache.hadoop.hive.ql.log.LogDivertAppender$NameFilter].
DEBUG StatusLogger createFilter(loggingLevel="EXECUTION")
DEBUG StatusLogger Building Plugin[name=layout, class=org.apache.logging.log4j.core.layout.PatternLayout].
DEBUG StatusLogger PatternLayout$Builder(pattern="%-5p : %m%n", PatternSelector=null, Configuration(HiveLog4j2Test), Replace=null, charset="null", alwaysWriteExceptions="null", disableAnsi="null", noConsoleNoAnsi="null", header="null", footer="null")
DEBUG StatusLogger Building Plugin[name=appender, class=org.apache.hadoop.hive.ql.log.HushableRandomAccessFileAppender].
DEBUG StatusLogger createAppender(fileName="/home/alex/Repositories/hive/beeline/target/tmp/alex/operation_logs/a5a1c8ff-d931-4ad0-adcd-34cc1a5f40d4/alex_20240430200848_79b93a23-fae8-4e31-90fc-d63b87f89bd6", append="null", name="query-file-appender", immediateFlush="null", bufferSize="null", ignoreExceptions="null", PatternLayout(org.apache.logging.log4j.core.layout.PatternLayout with name PatternLayout), NameFilter(org.apache.hadoop.hive.ql.log.LogDivertAppender$NameFilter with name NameFilter), advertise="null", advertiseURI="null", Configuration(HiveLog4j2Test))
DEBUG StatusLogger Starting RandomAccessFileManager /home/alex/Repositories/hive/beeline/target/tmp/alex/operation_logs/a5a1c8ff-d931-4ad0-adcd-34cc1a5f40d4/alex_20240430200848_79b93a23-fae8-4e31-90fc-d63b87f89bd6
DEBUG StatusLogger Building Plugin[name=, class=org.apache.hadoop.hive.ql.log.LogDivertAppenderForTest$TestFilter].
DEBUG StatusLogger createFilter()
DEBUG StatusLogger Building Plugin[name=, class=org.apache.logging.log4j.core.layout.PatternLayout].
DEBUG StatusLogger PatternLayout$Builder(pattern="%-5p : %m%n", PatternSelector=null, Configuration(HiveLog4j2Test), Replace=null, charset="null", alwaysWriteExceptions="null", disableAnsi="null", noConsoleNoAnsi="null", header="null", footer="null")
DEBUG StatusLogger Building Plugin[name=appender, class=org.apache.hadoop.hive.ql.log.HushableRandomAccessFileAppender].
DEBUG StatusLogger createAppender(fileName="/home/alex/Repositories/hive/beeline/target/tmp/alex/operation_logs/a5a1c8ff-d931-4ad0-adcd-34cc1a5f40d4/alex_20240430200848_79b93a23-fae8-4e31-90fc-d63b87f89bd6.test", append="null", name="test-query-file-appender", immediateFlush="null", bufferSize="null", ignoreExceptions="null", PatternLayout(org.apache.logging.log4j.core.layout.PatternLayout with name PatternLayout), test-filter(org.apache.hadoop.hive.ql.log.LogDivertAppenderForTest$TestFilter with name test-filter), advertise="null", advertiseURI="null", Configuration(HiveLog4j2Test))
DEBUG StatusLogger Starting RandomAccessFileManager /home/alex/Repositories/hive/beeline/target/tmp/alex/operation_logs/a5a1c8ff-d931-4ad0-adcd-34cc1a5f40d4/alex_20240430200848_79b93a23-fae8-4e31-90fc-d63b87f89bd6.test
2024-04-30T20:08:48,244  INFO [a5a1c8ff-d931-4ad0-adcd-34cc1a5f40d4 main] operation.HiveCommandOperation: [opType=EXECUTE_STATEMENT, queryId=alex_20240430200848_79b93a23-fae8-4e31-90fc-d63b87f89bd6, startTime=1714532928240, sessionId=a5a1c8ff-d931-4ad0-adcd-34cc1a5f40d4, createTime=1714532928181, userName=null, ipAddress=null]
2024-04-30T20:08:48,252  INFO [a5a1c8ff-d931-4ad0-adcd-34cc1a5f40d4 main] common.LogUtils: Unregistered logging context.
2024-04-30T20:08:48,255  INFO [a5a1c8ff-d931-4ad0-adcd-34cc1a5f40d4 main] operation.OperationManager: Closing operation: OperationHandle [opType=EXECUTE_STATEMENT, getHandleIdentifier()=1dfa4e76-30c1-47f9-8f3c-fad36108193b]
2024-04-30T20:08:48,255  INFO [a5a1c8ff-d931-4ad0-adcd-34cc1a5f40d4 main] operation.OperationManager: Removed queryId: alex_20240430200848_79b93a23-fae8-4e31-90fc-d63b87f89bd6 corresponding to operation: OperationHandle [opType=EXECUTE_STATEMENT, getHandleIdentifier()=1dfa4e76-30c1-47f9-8f3c-fad36108193b] with tag: null
2024-04-30T20:08:48,256  INFO [a5a1c8ff-d931-4ad0-adcd-34cc1a5f40d4 main] operation.HiveCommandOperation: Closing operation log /home/alex/Repositories/hive/beeline/target/tmp/alex/operation_logs/a5a1c8ff-d931-4ad0-adcd-34cc1a5f40d4/alex_20240430200848_79b93a23-fae8-4e31-90fc-d63b87f89bd6 without delay
2024-04-30T20:08:48,262  INFO [a5a1c8ff-d931-4ad0-adcd-34cc1a5f40d4 main] session.HiveSessionImpl: executing show tables
2024-04-30T20:08:48,263  INFO [a5a1c8ff-d931-4ad0-adcd-34cc1a5f40d4 main] operation.OperationManager: Adding operation: OperationHandle [opType=EXECUTE_STATEMENT, getHandleIdentifier()=a5fb69cc-f5bd-49c2-adb2-b9295b2b443f] SessionHandle [a5a1c8ff-d931-4ad0-adcd-34cc1a5f40d4]
2024-04-30T20:08:48,263  INFO [a5a1c8ff-d931-4ad0-adcd-34cc1a5f40d4 main] common.LogUtils: Thread context registration is done.
DEBUG StatusLogger Building Plugin[name=filter, class=org.apache.hadoop.hive.ql.log.LogDivertAppender$NameFilter].
DEBUG StatusLogger createFilter(loggingLevel="EXECUTION")
DEBUG StatusLogger Building Plugin[name=layout, class=org.apache.logging.log4j.core.layout.PatternLayout].
DEBUG StatusLogger PatternLayout$Builder(pattern="%-5p : %m%n", PatternSelector=null, Configuration(HiveLog4j2Test), Replace=null, charset="null", alwaysWriteExceptions="null", disableAnsi="null", noConsoleNoAnsi="null", header="null", footer="null")
DEBUG StatusLogger Building Plugin[name=appender, class=org.apache.hadoop.hive.ql.log.HushableRandomAccessFileAppender].
DEBUG StatusLogger createAppender(fileName="/home/alex/Repositories/hive/beeline/target/tmp/alex/operation_logs/a5a1c8ff-d931-4ad0-adcd-34cc1a5f40d4/alex_20240430200848_cb8fe662-f62c-43e3-9380-f1253f0f44e9", append="null", name="query-file-appender", immediateFlush="null", bufferSize="null", ignoreExceptions="null", PatternLayout(org.apache.logging.log4j.core.layout.PatternLayout with name PatternLayout), NameFilter(org.apache.hadoop.hive.ql.log.LogDivertAppender$NameFilter with name NameFilter), advertise="null", advertiseURI="null", Configuration(HiveLog4j2Test))
DEBUG StatusLogger Starting RandomAccessFileManager /home/alex/Repositories/hive/beeline/target/tmp/alex/operation_logs/a5a1c8ff-d931-4ad0-adcd-34cc1a5f40d4/alex_20240430200848_cb8fe662-f62c-43e3-9380-f1253f0f44e9
DEBUG StatusLogger Building Plugin[name=, class=org.apache.hadoop.hive.ql.log.LogDivertAppenderForTest$TestFilter].
DEBUG StatusLogger createFilter()
DEBUG StatusLogger Building Plugin[name=, class=org.apache.logging.log4j.core.layout.PatternLayout].
DEBUG StatusLogger PatternLayout$Builder(pattern="%-5p : %m%n", PatternSelector=null, Configuration(HiveLog4j2Test), Replace=null, charset="null", alwaysWriteExceptions="null", disableAnsi="null", noConsoleNoAnsi="null", header="null", footer="null")
DEBUG StatusLogger Building Plugin[name=appender, class=org.apache.hadoop.hive.ql.log.HushableRandomAccessFileAppender].
DEBUG StatusLogger createAppender(fileName="/home/alex/Repositories/hive/beeline/target/tmp/alex/operation_logs/a5a1c8ff-d931-4ad0-adcd-34cc1a5f40d4/alex_20240430200848_cb8fe662-f62c-43e3-9380-f1253f0f44e9.test", append="null", name="test-query-file-appender", immediateFlush="null", bufferSize="null", ignoreExceptions="null", PatternLayout(org.apache.logging.log4j.core.layout.PatternLayout with name PatternLayout), test-filter(org.apache.hadoop.hive.ql.log.LogDivertAppenderForTest$TestFilter with name test-filter), advertise="null", advertiseURI="null", Configuration(HiveLog4j2Test))
DEBUG StatusLogger Starting RandomAccessFileManager /home/alex/Repositories/hive/beeline/target/tmp/alex/operation_logs/a5a1c8ff-d931-4ad0-adcd-34cc1a5f40d4/alex_20240430200848_cb8fe662-f62c-43e3-9380-f1253f0f44e9.test
2024-04-30T20:08:48,267  INFO [a5a1c8ff-d931-4ad0-adcd-34cc1a5f40d4 main] operation.SQLOperation: [opType=EXECUTE_STATEMENT, queryId=alex_20240430200848_cb8fe662-f62c-43e3-9380-f1253f0f44e9, startTime=1714532928262, sessionId=a5a1c8ff-d931-4ad0-adcd-34cc1a5f40d4, createTime=1714532928181, userName=null, ipAddress=null]
2024-04-30T20:08:48,269  INFO [a5a1c8ff-d931-4ad0-adcd-34cc1a5f40d4 main] ql.Driver: Compiling command(queryId=alex_20240430200848_cb8fe662-f62c-43e3-9380-f1253f0f44e9): show tables
2024-04-30T20:08:48,270  INFO [a5a1c8ff-d931-4ad0-adcd-34cc1a5f40d4 main] metastore.HiveMetaStoreClient: HMS client filtering is enabled.
2024-04-30T20:08:48,270  INFO [a5a1c8ff-d931-4ad0-adcd-34cc1a5f40d4 main] metastore.HMSHandler: 0: Opening raw store with implementation class:org.apache.hadoop.hive.metastore.ObjectStore
2024-04-30T20:08:48,270  INFO [a5a1c8ff-d931-4ad0-adcd-34cc1a5f40d4 main] metastore.PersistenceManagerProvider: Configuration datanucleus.autoStartMechanismMode is not set. Defaulting to 'ignored'
2024-04-30T20:08:48,271  INFO [a5a1c8ff-d931-4ad0-adcd-34cc1a5f40d4 main] metastore.ObjectStore: RawStore: org.apache.hadoop.hive.metastore.ObjectStore@23469199, with PersistenceManager: null will be shutdown
2024-04-30T20:08:48,271  INFO [a5a1c8ff-d931-4ad0-adcd-34cc1a5f40d4 main] metastore.ObjectStore: RawStore: org.apache.hadoop.hive.metastore.ObjectStore@23469199, with PersistenceManager: org.datanucleus.api.jdo.JDOPersistenceManager@75dc1c1c created in the thread with id: 1
2024-04-30T20:08:48,274  INFO [a5a1c8ff-d931-4ad0-adcd-34cc1a5f40d4 main] metastore.HMSHandler: Created RawStore: org.apache.hadoop.hive.metastore.ObjectStore@23469199 from thread id: 1
2024-04-30T20:08:48,274  INFO [a5a1c8ff-d931-4ad0-adcd-34cc1a5f40d4 main] metastore.HMSHandler: HMS server filtering is disabled by configuration
2024-04-30T20:08:48,274  INFO [a5a1c8ff-d931-4ad0-adcd-34cc1a5f40d4 main] metastore.RetryingMetaStoreClient: RetryingMetaStoreClient proxy=class org.apache.hadoop.hive.ql.metadata.SessionHiveMetaStoreClient ugi=alex (auth:SIMPLE) retries=1 delay=1 lifetime=0
2024-04-30T20:08:48,278  INFO [a5a1c8ff-d931-4ad0-adcd-34cc1a5f40d4 main] HiveMetaStore.audit: ugi=alex	ip=unknown-ip-addr	cmd=get_database: default	
2024-04-30T20:08:48,280  INFO [a5a1c8ff-d931-4ad0-adcd-34cc1a5f40d4 main] ql.Driver: Semantic Analysis Completed (retrial = false)
2024-04-30T20:08:48,280  INFO [a5a1c8ff-d931-4ad0-adcd-34cc1a5f40d4 main] ql.Driver: Created Hive schema: Schema(fieldSchemas:[FieldSchema(name:tab_name, type:string, comment:from deserializer)], properties:null)
2024-04-30T20:08:48,281  INFO [a5a1c8ff-d931-4ad0-adcd-34cc1a5f40d4 main] exec.ListSinkOperator: Initializing Operator: LIST_SINK[0]
2024-04-30T20:08:48,281  INFO [a5a1c8ff-d931-4ad0-adcd-34cc1a5f40d4 main] metadata.Hive: Dumping metastore api call timing information for : compilation phase
2024-04-30T20:08:48,281  INFO [a5a1c8ff-d931-4ad0-adcd-34cc1a5f40d4 main] metadata.Hive: Total time spent in each metastore function (ms): {isCompatibleWith_(Configuration)=0, getDatabase_(String)=1, flushCache_()=0}
2024-04-30T20:08:48,281  INFO [a5a1c8ff-d931-4ad0-adcd-34cc1a5f40d4 main] ql.Driver: Completed compiling command(queryId=alex_20240430200848_cb8fe662-f62c-43e3-9380-f1253f0f44e9); Time taken: 0.012 seconds
2024-04-30T20:08:48,281  INFO [a5a1c8ff-d931-4ad0-adcd-34cc1a5f40d4 main] common.LogUtils: Unregistered logging context.
2024-04-30T20:08:48,282  INFO [HiveServer2-Background-Pool: Thread-202] common.LogUtils: Thread context registration is done.
2024-04-30T20:08:48,282  INFO [HiveServer2-Background-Pool: Thread-202] reexec.ReExecDriver: Execution #1 of query
2024-04-30T20:08:48,282  INFO [HiveServer2-Background-Pool: Thread-202] ql.Driver: Concurrency mode is disabled, not creating a lock manager
2024-04-30T20:08:48,282  INFO [HiveServer2-Background-Pool: Thread-202] ql.Driver: Executing command(queryId=alex_20240430200848_cb8fe662-f62c-43e3-9380-f1253f0f44e9): show tables
2024-04-30T20:08:48,283  INFO [HiveServer2-Background-Pool: Thread-202] ql.Driver: Starting task [Stage-0:DDL] in serial mode
2024-04-30T20:08:48,284  INFO [HiveServer2-Background-Pool: Thread-202] HiveMetaStore.audit: ugi=alex	ip=unknown-ip-addr	cmd=get_database: default	
2024-04-30T20:08:48,285  INFO [HiveServer2-Background-Pool: Thread-202] metastore.HMSHandler: 9: Opening raw store with implementation class:org.apache.hadoop.hive.metastore.ObjectStore
2024-04-30T20:08:48,285  INFO [HiveServer2-Background-Pool: Thread-202] metastore.ObjectStore: RawStore: org.apache.hadoop.hive.metastore.ObjectStore@7852ad31, with PersistenceManager: null will be shutdown
2024-04-30T20:08:48,286  INFO [HiveServer2-Background-Pool: Thread-202] metastore.ObjectStore: RawStore: org.apache.hadoop.hive.metastore.ObjectStore@7852ad31, with PersistenceManager: org.datanucleus.api.jdo.JDOPersistenceManager@6e796212 created in the thread with id: 202
2024-04-30T20:08:48,288  INFO [HiveServer2-Background-Pool: Thread-202] metastore.HMSHandler: Created RawStore: org.apache.hadoop.hive.metastore.ObjectStore@7852ad31 from thread id: 202
2024-04-30T20:08:48,290  INFO [HiveServer2-Background-Pool: Thread-202] HiveMetaStore.audit: ugi=alex	ip=unknown-ip-addr	cmd=get_multi_table : db=default tbls=null	
2024-04-30T20:08:48,293  INFO [HiveServer2-Background-Pool: Thread-202] sqlstd.SQLStdHiveAccessController: Created SQLStdHiveAccessController for session context : HiveAuthzSessionContext [sessionString=a5a1c8ff-d931-4ad0-adcd-34cc1a5f40d4, clientType=HIVESERVER2]
2024-04-30T20:08:48,300  INFO [HiveServer2-Background-Pool: Thread-202] metadata.Hive: Dumping metastore api call timing information for : execution phase
2024-04-30T20:08:48,300  INFO [HiveServer2-Background-Pool: Thread-202] metadata.Hive: Total time spent in each metastore function (ms): {isCompatibleWith_(Configuration)=0, getDatabase_(String)=5, getTables_(String, String)=4}
2024-04-30T20:08:48,300  INFO [HiveServer2-Background-Pool: Thread-202] ql.Driver: Completed executing command(queryId=alex_20240430200848_cb8fe662-f62c-43e3-9380-f1253f0f44e9); Time taken: 0.018 seconds
2024-04-30T20:08:48,301  INFO [HiveServer2-Background-Pool: Thread-202] common.LogUtils: Unregistered logging context.
2024-04-30T20:08:48,304  INFO [a5a1c8ff-d931-4ad0-adcd-34cc1a5f40d4 main] operation.OperationManager: Closing operation: OperationHandle [opType=EXECUTE_STATEMENT, getHandleIdentifier()=a5fb69cc-f5bd-49c2-adb2-b9295b2b443f]
2024-04-30T20:08:48,304  INFO [a5a1c8ff-d931-4ad0-adcd-34cc1a5f40d4 main] operation.OperationManager: Removed queryId: alex_20240430200848_cb8fe662-f62c-43e3-9380-f1253f0f44e9 corresponding to operation: OperationHandle [opType=EXECUTE_STATEMENT, getHandleIdentifier()=a5fb69cc-f5bd-49c2-adb2-b9295b2b443f] with tag: null
2024-04-30T20:08:48,304  INFO [a5a1c8ff-d931-4ad0-adcd-34cc1a5f40d4 main] ql.Context: Deleting scratch dir: file:/home/alex/Repositories/hive/beeline/target/tmp/alex/a5a1c8ff-d931-4ad0-adcd-34cc1a5f40d4/hive_2024-04-30_20-08-48_269_8022120984694097492-1
2024-04-30T20:08:48,304  INFO [a5a1c8ff-d931-4ad0-adcd-34cc1a5f40d4 main] cleanup.EventualCleanupService: Delete file:/home/alex/Repositories/hive/beeline/target/tmp/alex/a5a1c8ff-d931-4ad0-adcd-34cc1a5f40d4/hive_2024-04-30_20-08-48_269_8022120984694097492-1 operation was queued
2024-04-30T20:08:48,304  INFO [a5a1c8ff-d931-4ad0-adcd-34cc1a5f40d4 main] exec.ListSinkOperator: Closing Operator: LIST_SINK[0]
2024-04-30T20:08:48,304  INFO [a5a1c8ff-d931-4ad0-adcd-34cc1a5f40d4 main] exec.ListSinkOperator: RECORDS_OUT_INTERMEDIATE:0, RECORDS_OUT_OPERATOR_LIST_SINK_0:0, 
2024-04-30T20:08:48,304  INFO [a5a1c8ff-d931-4ad0-adcd-34cc1a5f40d4 main] operation.SQLOperation: Closing operation log /home/alex/Repositories/hive/beeline/target/tmp/alex/operation_logs/a5a1c8ff-d931-4ad0-adcd-34cc1a5f40d4/alex_20240430200848_cb8fe662-f62c-43e3-9380-f1253f0f44e9 without delay
2024-04-30T20:08:48,304  INFO [EventualCleanupService thread 0] cleanup.EventualCleanupService: Deleted file:/home/alex/Repositories/hive/beeline/target/tmp/alex/a5a1c8ff-d931-4ad0-adcd-34cc1a5f40d4/hive_2024-04-30_20-08-48_269_8022120984694097492-1
2024-04-30T20:08:48,312  INFO [main] service.CompositeService: Session closed, SessionHandle [a5a1c8ff-d931-4ad0-adcd-34cc1a5f40d4], current sessions:0
2024-04-30T20:08:48,312  INFO [a5a1c8ff-d931-4ad0-adcd-34cc1a5f40d4 main] session.HiveSessionImpl: Operation log session directory is deleted: /home/alex/Repositories/hive/beeline/target/tmp/alex/operation_logs/a5a1c8ff-d931-4ad0-adcd-34cc1a5f40d4
2024-04-30T20:08:48,312  INFO [main] cleanup.EventualCleanupService: Delete /tmp/hive/alex/a5a1c8ff-d931-4ad0-adcd-34cc1a5f40d4 operation was queued
2024-04-30T20:08:48,313  INFO [main] cleanup.EventualCleanupService: Delete /home/alex/Repositories/hive/beeline/target/tmp/alex/a5a1c8ff-d931-4ad0-adcd-34cc1a5f40d4 operation was queued
2024-04-30T20:08:48,313  INFO [EventualCleanupService thread 1] cleanup.EventualCleanupService: Deleted /tmp/hive/alex/a5a1c8ff-d931-4ad0-adcd-34cc1a5f40d4
2024-04-30T20:08:48,313  INFO [EventualCleanupService thread 2] cleanup.EventualCleanupService: Deleted /home/alex/Repositories/hive/beeline/target/tmp/alex/a5a1c8ff-d931-4ad0-adcd-34cc1a5f40d4
2024-04-30T20:08:48,313  INFO [main] HiveMetaStore.audit: ugi=alex	ip=unknown-ip-addr	cmd=Cleaning up thread local RawStore...	
2024-04-30T20:08:48,313  INFO [main] metastore.ObjectStore: RawStore: org.apache.hadoop.hive.metastore.ObjectStore@23469199, with PersistenceManager: org.datanucleus.api.jdo.JDOPersistenceManager@75dc1c1c will be shutdown
2024-04-30T20:08:48,314  INFO [main] HiveMetaStore.audit: ugi=alex	ip=unknown-ip-addr	cmd=Done cleaning up thread local RawStore	
2024-04-30T20:08:48,314  INFO [main] metastore.HiveMetaStoreClient: Closed a connection to metastore, current connections: -10
]]></system-err>
  </testcase>
  <testcase name="testHelp" classname="org.apache.hive.beeline.cli.TestHiveCli" time="0.002"/>
  <testcase name="testSourceCmd" classname="org.apache.hive.beeline.cli.TestHiveCli" time="0.297">
    <failure type="java.lang.AssertionError"><![CDATA[java.lang.AssertionError: The expected keyword "sc1" occur in the output: 
	at org.junit.Assert.fail(Assert.java:89)
	at org.junit.Assert.assertTrue(Assert.java:42)
	at org.apache.hive.beeline.cli.TestHiveCli.verifyCMD(TestHiveCli.java:270)
	at org.apache.hive.beeline.cli.TestHiveCli.testSourceCmd(TestHiveCli.java:114)
	at sun.reflect.NativeMethodAccessorImpl.invoke0(Native Method)
	at sun.reflect.NativeMethodAccessorImpl.invoke(NativeMethodAccessorImpl.java:62)
	at sun.reflect.DelegatingMethodAccessorImpl.invoke(DelegatingMethodAccessorImpl.java:43)
	at java.lang.reflect.Method.invoke(Method.java:498)
	at org.junit.runners.model.FrameworkMethod$1.runReflectiveCall(FrameworkMethod.java:59)
	at org.junit.internal.runners.model.ReflectiveCallable.run(ReflectiveCallable.java:12)
	at org.junit.runners.model.FrameworkMethod.invokeExplosively(FrameworkMethod.java:56)
	at org.junit.internal.runners.statements.InvokeMethod.evaluate(InvokeMethod.java:17)
	at org.junit.internal.runners.statements.RunBefores.evaluate(RunBefores.java:26)
	at org.junit.internal.runners.statements.RunAfters.evaluate(RunAfters.java:27)
	at org.junit.runners.ParentRunner$3.evaluate(ParentRunner.java:306)
	at org.junit.runners.BlockJUnit4ClassRunner$1.evaluate(BlockJUnit4ClassRunner.java:100)
	at org.junit.runners.ParentRunner.runLeaf(ParentRunner.java:366)
	at org.junit.runners.BlockJUnit4ClassRunner.runChild(BlockJUnit4ClassRunner.java:103)
	at org.junit.runners.BlockJUnit4ClassRunner.runChild(BlockJUnit4ClassRunner.java:63)
	at org.junit.runners.ParentRunner$4.run(ParentRunner.java:331)
	at org.junit.runners.ParentRunner$1.schedule(ParentRunner.java:79)
	at org.junit.runners.ParentRunner.runChildren(ParentRunner.java:329)
	at org.junit.runners.ParentRunner.access$100(ParentRunner.java:66)
	at org.junit.runners.ParentRunner$2.evaluate(ParentRunner.java:293)
	at org.junit.internal.runners.statements.RunBefores.evaluate(RunBefores.java:26)
	at org.junit.runners.ParentRunner$3.evaluate(ParentRunner.java:306)
	at org.junit.runners.ParentRunner.run(ParentRunner.java:413)
	at org.junit.runner.JUnitCore.run(JUnitCore.java:137)
	at org.junit.runner.JUnitCore.run(JUnitCore.java:115)
	at org.junit.vintage.engine.execution.RunnerExecutor.execute(RunnerExecutor.java:43)
	at java.util.stream.ForEachOps$ForEachOp$OfRef.accept(ForEachOps.java:183)
	at java.util.stream.ReferencePipeline$3$1.accept(ReferencePipeline.java:193)
	at java.util.Iterator.forEachRemaining(Iterator.java:116)
	at java.util.Spliterators$IteratorSpliterator.forEachRemaining(Spliterators.java:1801)
	at java.util.stream.AbstractPipeline.copyInto(AbstractPipeline.java:482)
	at java.util.stream.AbstractPipeline.wrapAndCopyInto(AbstractPipeline.java:472)
	at java.util.stream.ForEachOps$ForEachOp.evaluateSequential(ForEachOps.java:150)
	at java.util.stream.ForEachOps$ForEachOp$OfRef.evaluateSequential(ForEachOps.java:173)
	at java.util.stream.AbstractPipeline.evaluate(AbstractPipeline.java:234)
	at java.util.stream.ReferencePipeline.forEach(ReferencePipeline.java:485)
	at org.junit.vintage.engine.VintageTestEngine.executeAllChildren(VintageTestEngine.java:82)
	at org.junit.vintage.engine.VintageTestEngine.execute(VintageTestEngine.java:73)
	at org.junit.platform.launcher.core.DefaultLauncher.execute(DefaultLauncher.java:248)
	at org.junit.platform.launcher.core.DefaultLauncher.lambda$execute$5(DefaultLauncher.java:211)
	at org.junit.platform.launcher.core.DefaultLauncher.withInterceptedStreams(DefaultLauncher.java:226)
	at org.junit.platform.launcher.core.DefaultLauncher.execute(DefaultLauncher.java:199)
	at org.junit.platform.launcher.core.DefaultLauncher.execute(DefaultLauncher.java:132)
	at org.apache.maven.surefire.junitplatform.JUnitPlatformProvider.invokeAllTests(JUnitPlatformProvider.java:154)
	at org.apache.maven.surefire.junitplatform.JUnitPlatformProvider.invoke(JUnitPlatformProvider.java:123)
	at org.apache.maven.surefire.booter.ForkedBooter.runSuitesInProcess(ForkedBooter.java:377)
	at org.apache.maven.surefire.booter.ForkedBooter.execute(ForkedBooter.java:138)
	at org.apache.maven.surefire.booter.ForkedBooter.run(ForkedBooter.java:465)
	at org.apache.maven.surefire.booter.ForkedBooter.main(ForkedBooter.java:451)
]]></failure>
    <system-err><![CDATA[2024-04-30T20:08:48,316 ERROR [main] cli.TestHiveCli: Failed to execute command due to the error: java.lang.NullPointerException: Null output stream
2024-04-30T20:08:48,363  WARN [main] conf.HiveConf: HiveConf of name hive.dummyparam.test.server.specific.config.override does not exist
2024-04-30T20:08:48,363  WARN [main] conf.HiveConf: HiveConf of name hive.dummyparam.test.server.specific.config.hiveserver2site does not exist
2024-04-30T20:08:48,363  WARN [main] conf.HiveConf: HiveConf of name hive.dummyparam.test.server.specific.config.metastoresite does not exist
2024-04-30T20:08:48,364  INFO [main] SessionState: Hive Session ID = 4f359495-05f9-477f-87ed-7781d0e1db9b
2024-04-30T20:08:48,364  INFO [main] DependencyResolver: ivysettings.xml file not found in HIVE_HOME or HIVE_CONF_DIR,/home/alex/Repositories/hive/conf/ivysettings.xml will be used
2024-04-30T20:08:48,371  INFO [main] session.SessionState: Created HDFS directory: /tmp/hive/alex/4f359495-05f9-477f-87ed-7781d0e1db9b
2024-04-30T20:08:48,374  INFO [main] session.SessionState: Created local directory: /home/alex/Repositories/hive/beeline/target/tmp/alex/4f359495-05f9-477f-87ed-7781d0e1db9b
2024-04-30T20:08:48,377  INFO [main] session.SessionState: Created HDFS directory: /tmp/hive/alex/4f359495-05f9-477f-87ed-7781d0e1db9b/_tmp_space.db
2024-04-30T20:08:48,378  INFO [main] sqlstd.SQLStdHiveAccessController: Created SQLStdHiveAccessController for session context : HiveAuthzSessionContext [sessionString=4f359495-05f9-477f-87ed-7781d0e1db9b, clientType=HIVESERVER2]
2024-04-30T20:08:48,378  INFO [main] metastore.HiveMetaStoreClient: HMS client filtering is enabled.
2024-04-30T20:08:48,379  INFO [main] metastore.HMSHandler: 0: Opening raw store with implementation class:org.apache.hadoop.hive.metastore.ObjectStore
2024-04-30T20:08:48,379  INFO [main] metastore.PersistenceManagerProvider: Configuration datanucleus.autoStartMechanismMode is not set. Defaulting to 'ignored'
2024-04-30T20:08:48,379  INFO [main] metastore.ObjectStore: RawStore: org.apache.hadoop.hive.metastore.ObjectStore@27db45f, with PersistenceManager: null will be shutdown
2024-04-30T20:08:48,380  INFO [main] metastore.ObjectStore: RawStore: org.apache.hadoop.hive.metastore.ObjectStore@27db45f, with PersistenceManager: org.datanucleus.api.jdo.JDOPersistenceManager@6ec3d8e4 created in the thread with id: 1
2024-04-30T20:08:48,382  INFO [main] metastore.HMSHandler: Created RawStore: org.apache.hadoop.hive.metastore.ObjectStore@27db45f from thread id: 1
2024-04-30T20:08:48,382  INFO [main] metastore.HMSHandler: HMS server filtering is disabled by configuration
2024-04-30T20:08:48,382  INFO [main] metastore.RetryingMetaStoreClient: RetryingMetaStoreClient proxy=class org.apache.hadoop.hive.ql.metadata.SessionHiveMetaStoreClient ugi=alex (auth:SIMPLE) retries=1 delay=1 lifetime=0
2024-04-30T20:08:48,383  INFO [main] service.CompositeService: Operation log root directory is created: /home/alex/Repositories/hive/beeline/target/tmp/alex/operation_logs
2024-04-30T20:08:48,383  INFO [main] service.CompositeService: HiveServer2: Background operation thread pool size: 100
2024-04-30T20:08:48,383  INFO [main] service.CompositeService: HiveServer2: Background operation thread wait queue size: 100
2024-04-30T20:08:48,383  INFO [main] service.CompositeService: HiveServer2: Background operation thread keepalive time: 10 seconds
2024-04-30T20:08:48,383  INFO [main] service.CompositeService: Connections limit are user: 0 ipaddress: 0 user-ipaddress: 0
2024-04-30T20:08:48,384  INFO [main] cleanup.EventualCleanupService: EventualCleanupService started with 10 threads and queue of size 10000
ERROR StatusLogger Log4j2 ConfigurationScheduler attempted to increment scheduled items after start
ERROR StatusLogger Log4j2 ConfigurationScheduler attempted to increment scheduled items after start
2024-04-30T20:08:48,386  INFO [main] service.AbstractService: Service:OperationManager is inited.
2024-04-30T20:08:48,386  INFO [main] service.AbstractService: Service:SessionManager is inited.
2024-04-30T20:08:48,386  INFO [main] service.AbstractService: Service:CLIService is inited.
2024-04-30T20:08:48,386  INFO [main] service.AbstractService: Service:OperationManager is started.
2024-04-30T20:08:48,386  INFO [main] service.AbstractService: Service:SessionManager is started.
2024-04-30T20:08:48,386  INFO [main] service.AbstractService: Service:CLIService is started.
2024-04-30T20:08:48,386  INFO [main] service.AbstractService: Service:ThriftBinaryCLIService is inited.
2024-04-30T20:08:48,386  INFO [main] thrift.ThriftCLIService: Client protocol version: HIVE_CLI_SERVICE_PROTOCOL_V10
2024-04-30T20:08:48,386  INFO [main] thrift.ThriftCLIService: Creating Hive session handle for user [null] from IP null
2024-04-30T20:08:48,387  INFO [main] DependencyResolver: ivysettings.xml file not found in HIVE_HOME or HIVE_CONF_DIR,/home/alex/Repositories/hive/conf/ivysettings.xml will be used
2024-04-30T20:08:48,394  INFO [main] session.SessionState: Created HDFS directory: /tmp/hive/alex/f5b16bf2-495d-4d95-882e-a02891c678b7
2024-04-30T20:08:48,397  INFO [main] session.SessionState: Created local directory: /home/alex/Repositories/hive/beeline/target/tmp/alex/f5b16bf2-495d-4d95-882e-a02891c678b7
2024-04-30T20:08:48,400  INFO [main] session.SessionState: Created HDFS directory: /tmp/hive/alex/f5b16bf2-495d-4d95-882e-a02891c678b7/_tmp_space.db
2024-04-30T20:08:48,400  INFO [main] session.SessionState: Reloading auxiliary JAR files
2024-04-30T20:08:48,400  WARN [main] session.SessionState: Configuration hive.reloadable.aux.jars.path not specified
2024-04-30T20:08:48,400  INFO [main] HiveMetaStore.audit: ugi=alex	ip=unknown-ip-addr	cmd=Cleaning up thread local RawStore...	
2024-04-30T20:08:48,400  INFO [main] metastore.ObjectStore: RawStore: org.apache.hadoop.hive.metastore.ObjectStore@27db45f, with PersistenceManager: org.datanucleus.api.jdo.JDOPersistenceManager@6ec3d8e4 will be shutdown
2024-04-30T20:08:48,400  INFO [main] HiveMetaStore.audit: ugi=alex	ip=unknown-ip-addr	cmd=Done cleaning up thread local RawStore	
2024-04-30T20:08:48,400  INFO [main] metastore.HiveMetaStoreClient: Closed a connection to metastore, current connections: -11
2024-04-30T20:08:48,401  INFO [main] session.HiveSessionImpl: Operation log session directory is created: /home/alex/Repositories/hive/beeline/target/tmp/alex/operation_logs/f5b16bf2-495d-4d95-882e-a02891c678b7
2024-04-30T20:08:48,401  INFO [main] service.CompositeService: Session opened, SessionHandle [f5b16bf2-495d-4d95-882e-a02891c678b7], current sessions:1
2024-04-30T20:08:48,401  INFO [main] thrift.ThriftCLIService: Login attempt is successful for user : null
2024-04-30T20:08:48,444  WARN [main] conf.HiveConf: HiveConf of name hive.dummyparam.test.server.specific.config.override does not exist
2024-04-30T20:08:48,444  WARN [main] conf.HiveConf: HiveConf of name hive.dummyparam.test.server.specific.config.hiveserver2site does not exist
2024-04-30T20:08:48,444  WARN [main] conf.HiveConf: HiveConf of name hive.dummyparam.test.server.specific.config.metastoresite does not exist
2024-04-30T20:08:48,445  INFO [f5b16bf2-495d-4d95-882e-a02891c678b7 main] session.HiveSessionImpl: executing set
2024-04-30T20:08:48,445  INFO [f5b16bf2-495d-4d95-882e-a02891c678b7 main] operation.HiveCommandOperation: Putting temp output to file /home/alex/Repositories/hive/beeline/target/tmp/alex/f5b16bf2-495d-4d95-882e-a02891c678b71487393280020855032.pipeout and error output to file /home/alex/Repositories/hive/beeline/target/tmp/alex/f5b16bf2-495d-4d95-882e-a02891c678b71856577490136106468.pipeout
2024-04-30T20:08:48,445  INFO [f5b16bf2-495d-4d95-882e-a02891c678b7 main] operation.OperationManager: Adding operation: OperationHandle [opType=EXECUTE_STATEMENT, getHandleIdentifier()=804d25f2-5053-42f8-87dc-10a9a3433a56] SessionHandle [f5b16bf2-495d-4d95-882e-a02891c678b7]
2024-04-30T20:08:48,445  INFO [f5b16bf2-495d-4d95-882e-a02891c678b7 main] common.LogUtils: Thread context registration is done.
DEBUG StatusLogger Building Plugin[name=filter, class=org.apache.hadoop.hive.ql.log.LogDivertAppender$NameFilter].
DEBUG StatusLogger createFilter(loggingLevel="EXECUTION")
DEBUG StatusLogger Building Plugin[name=layout, class=org.apache.logging.log4j.core.layout.PatternLayout].
DEBUG StatusLogger PatternLayout$Builder(pattern="%-5p : %m%n", PatternSelector=null, Configuration(HiveLog4j2Test), Replace=null, charset="null", alwaysWriteExceptions="null", disableAnsi="null", noConsoleNoAnsi="null", header="null", footer="null")
DEBUG StatusLogger Building Plugin[name=appender, class=org.apache.hadoop.hive.ql.log.HushableRandomAccessFileAppender].
DEBUG StatusLogger createAppender(fileName="/home/alex/Repositories/hive/beeline/target/tmp/alex/operation_logs/f5b16bf2-495d-4d95-882e-a02891c678b7/alex_20240430200848_98c728bb-6eef-4290-adfe-ed705b71747d", append="null", name="query-file-appender", immediateFlush="null", bufferSize="null", ignoreExceptions="null", PatternLayout(org.apache.logging.log4j.core.layout.PatternLayout with name PatternLayout), NameFilter(org.apache.hadoop.hive.ql.log.LogDivertAppender$NameFilter with name NameFilter), advertise="null", advertiseURI="null", Configuration(HiveLog4j2Test))
DEBUG StatusLogger Starting RandomAccessFileManager /home/alex/Repositories/hive/beeline/target/tmp/alex/operation_logs/f5b16bf2-495d-4d95-882e-a02891c678b7/alex_20240430200848_98c728bb-6eef-4290-adfe-ed705b71747d
DEBUG StatusLogger Building Plugin[name=, class=org.apache.hadoop.hive.ql.log.LogDivertAppenderForTest$TestFilter].
DEBUG StatusLogger createFilter()
DEBUG StatusLogger Building Plugin[name=, class=org.apache.logging.log4j.core.layout.PatternLayout].
DEBUG StatusLogger PatternLayout$Builder(pattern="%-5p : %m%n", PatternSelector=null, Configuration(HiveLog4j2Test), Replace=null, charset="null", alwaysWriteExceptions="null", disableAnsi="null", noConsoleNoAnsi="null", header="null", footer="null")
DEBUG StatusLogger Building Plugin[name=appender, class=org.apache.hadoop.hive.ql.log.HushableRandomAccessFileAppender].
DEBUG StatusLogger createAppender(fileName="/home/alex/Repositories/hive/beeline/target/tmp/alex/operation_logs/f5b16bf2-495d-4d95-882e-a02891c678b7/alex_20240430200848_98c728bb-6eef-4290-adfe-ed705b71747d.test", append="null", name="test-query-file-appender", immediateFlush="null", bufferSize="null", ignoreExceptions="null", PatternLayout(org.apache.logging.log4j.core.layout.PatternLayout with name PatternLayout), test-filter(org.apache.hadoop.hive.ql.log.LogDivertAppenderForTest$TestFilter with name test-filter), advertise="null", advertiseURI="null", Configuration(HiveLog4j2Test))
DEBUG StatusLogger Starting RandomAccessFileManager /home/alex/Repositories/hive/beeline/target/tmp/alex/operation_logs/f5b16bf2-495d-4d95-882e-a02891c678b7/alex_20240430200848_98c728bb-6eef-4290-adfe-ed705b71747d.test
2024-04-30T20:08:48,449  INFO [f5b16bf2-495d-4d95-882e-a02891c678b7 main] operation.HiveCommandOperation: [opType=EXECUTE_STATEMENT, queryId=alex_20240430200848_98c728bb-6eef-4290-adfe-ed705b71747d, startTime=1714532928445, sessionId=f5b16bf2-495d-4d95-882e-a02891c678b7, createTime=1714532928386, userName=null, ipAddress=null]
2024-04-30T20:08:48,457  INFO [f5b16bf2-495d-4d95-882e-a02891c678b7 main] common.LogUtils: Unregistered logging context.
2024-04-30T20:08:48,460  INFO [f5b16bf2-495d-4d95-882e-a02891c678b7 main] operation.OperationManager: Closing operation: OperationHandle [opType=EXECUTE_STATEMENT, getHandleIdentifier()=804d25f2-5053-42f8-87dc-10a9a3433a56]
2024-04-30T20:08:48,460  INFO [f5b16bf2-495d-4d95-882e-a02891c678b7 main] operation.OperationManager: Removed queryId: alex_20240430200848_98c728bb-6eef-4290-adfe-ed705b71747d corresponding to operation: OperationHandle [opType=EXECUTE_STATEMENT, getHandleIdentifier()=804d25f2-5053-42f8-87dc-10a9a3433a56] with tag: null
2024-04-30T20:08:48,461  INFO [f5b16bf2-495d-4d95-882e-a02891c678b7 main] operation.HiveCommandOperation: Closing operation log /home/alex/Repositories/hive/beeline/target/tmp/alex/operation_logs/f5b16bf2-495d-4d95-882e-a02891c678b7/alex_20240430200848_98c728bb-6eef-4290-adfe-ed705b71747d without delay
2024-04-30T20:08:48,463  INFO [f5b16bf2-495d-4d95-882e-a02891c678b7 main] session.HiveSessionImpl: executing use test
2024-04-30T20:08:48,463  INFO [f5b16bf2-495d-4d95-882e-a02891c678b7 main] operation.OperationManager: Adding operation: OperationHandle [opType=EXECUTE_STATEMENT, getHandleIdentifier()=be117131-9952-43b2-acdb-ad1adcb9238b] SessionHandle [f5b16bf2-495d-4d95-882e-a02891c678b7]
2024-04-30T20:08:48,463  INFO [f5b16bf2-495d-4d95-882e-a02891c678b7 main] common.LogUtils: Thread context registration is done.
DEBUG StatusLogger Building Plugin[name=filter, class=org.apache.hadoop.hive.ql.log.LogDivertAppender$NameFilter].
DEBUG StatusLogger createFilter(loggingLevel="EXECUTION")
DEBUG StatusLogger Building Plugin[name=layout, class=org.apache.logging.log4j.core.layout.PatternLayout].
DEBUG StatusLogger PatternLayout$Builder(pattern="%-5p : %m%n", PatternSelector=null, Configuration(HiveLog4j2Test), Replace=null, charset="null", alwaysWriteExceptions="null", disableAnsi="null", noConsoleNoAnsi="null", header="null", footer="null")
DEBUG StatusLogger Building Plugin[name=appender, class=org.apache.hadoop.hive.ql.log.HushableRandomAccessFileAppender].
DEBUG StatusLogger createAppender(fileName="/home/alex/Repositories/hive/beeline/target/tmp/alex/operation_logs/f5b16bf2-495d-4d95-882e-a02891c678b7/alex_20240430200848_d1fd1023-d3d0-4124-8727-12650641495f", append="null", name="query-file-appender", immediateFlush="null", bufferSize="null", ignoreExceptions="null", PatternLayout(org.apache.logging.log4j.core.layout.PatternLayout with name PatternLayout), NameFilter(org.apache.hadoop.hive.ql.log.LogDivertAppender$NameFilter with name NameFilter), advertise="null", advertiseURI="null", Configuration(HiveLog4j2Test))
DEBUG StatusLogger Starting RandomAccessFileManager /home/alex/Repositories/hive/beeline/target/tmp/alex/operation_logs/f5b16bf2-495d-4d95-882e-a02891c678b7/alex_20240430200848_d1fd1023-d3d0-4124-8727-12650641495f
DEBUG StatusLogger Building Plugin[name=, class=org.apache.hadoop.hive.ql.log.LogDivertAppenderForTest$TestFilter].
DEBUG StatusLogger createFilter()
DEBUG StatusLogger Building Plugin[name=, class=org.apache.logging.log4j.core.layout.PatternLayout].
DEBUG StatusLogger PatternLayout$Builder(pattern="%-5p : %m%n", PatternSelector=null, Configuration(HiveLog4j2Test), Replace=null, charset="null", alwaysWriteExceptions="null", disableAnsi="null", noConsoleNoAnsi="null", header="null", footer="null")
DEBUG StatusLogger Building Plugin[name=appender, class=org.apache.hadoop.hive.ql.log.HushableRandomAccessFileAppender].
DEBUG StatusLogger createAppender(fileName="/home/alex/Repositories/hive/beeline/target/tmp/alex/operation_logs/f5b16bf2-495d-4d95-882e-a02891c678b7/alex_20240430200848_d1fd1023-d3d0-4124-8727-12650641495f.test", append="null", name="test-query-file-appender", immediateFlush="null", bufferSize="null", ignoreExceptions="null", PatternLayout(org.apache.logging.log4j.core.layout.PatternLayout with name PatternLayout), test-filter(org.apache.hadoop.hive.ql.log.LogDivertAppenderForTest$TestFilter with name test-filter), advertise="null", advertiseURI="null", Configuration(HiveLog4j2Test))
DEBUG StatusLogger Starting RandomAccessFileManager /home/alex/Repositories/hive/beeline/target/tmp/alex/operation_logs/f5b16bf2-495d-4d95-882e-a02891c678b7/alex_20240430200848_d1fd1023-d3d0-4124-8727-12650641495f.test
2024-04-30T20:08:48,467  INFO [f5b16bf2-495d-4d95-882e-a02891c678b7 main] operation.SQLOperation: [opType=EXECUTE_STATEMENT, queryId=alex_20240430200848_d1fd1023-d3d0-4124-8727-12650641495f, startTime=1714532928463, sessionId=f5b16bf2-495d-4d95-882e-a02891c678b7, createTime=1714532928386, userName=null, ipAddress=null]
2024-04-30T20:08:48,468  INFO [f5b16bf2-495d-4d95-882e-a02891c678b7 main] ql.Driver: Compiling command(queryId=alex_20240430200848_d1fd1023-d3d0-4124-8727-12650641495f): use test
2024-04-30T20:08:48,469  INFO [f5b16bf2-495d-4d95-882e-a02891c678b7 main] metastore.HiveMetaStoreClient: HMS client filtering is enabled.
2024-04-30T20:08:48,469  INFO [f5b16bf2-495d-4d95-882e-a02891c678b7 main] metastore.HMSHandler: 0: Opening raw store with implementation class:org.apache.hadoop.hive.metastore.ObjectStore
2024-04-30T20:08:48,470  INFO [f5b16bf2-495d-4d95-882e-a02891c678b7 main] metastore.PersistenceManagerProvider: Configuration datanucleus.autoStartMechanismMode is not set. Defaulting to 'ignored'
2024-04-30T20:08:48,470  INFO [f5b16bf2-495d-4d95-882e-a02891c678b7 main] metastore.ObjectStore: RawStore: org.apache.hadoop.hive.metastore.ObjectStore@79b7c350, with PersistenceManager: null will be shutdown
2024-04-30T20:08:48,470  INFO [f5b16bf2-495d-4d95-882e-a02891c678b7 main] metastore.ObjectStore: RawStore: org.apache.hadoop.hive.metastore.ObjectStore@79b7c350, with PersistenceManager: org.datanucleus.api.jdo.JDOPersistenceManager@586737ff created in the thread with id: 1
2024-04-30T20:08:48,473  INFO [f5b16bf2-495d-4d95-882e-a02891c678b7 main] metastore.HMSHandler: Created RawStore: org.apache.hadoop.hive.metastore.ObjectStore@79b7c350 from thread id: 1
2024-04-30T20:08:48,473  INFO [f5b16bf2-495d-4d95-882e-a02891c678b7 main] metastore.HMSHandler: HMS server filtering is disabled by configuration
2024-04-30T20:08:48,474  INFO [f5b16bf2-495d-4d95-882e-a02891c678b7 main] metastore.RetryingMetaStoreClient: RetryingMetaStoreClient proxy=class org.apache.hadoop.hive.ql.metadata.SessionHiveMetaStoreClient ugi=alex (auth:SIMPLE) retries=1 delay=1 lifetime=0
2024-04-30T20:08:48,474  INFO [f5b16bf2-495d-4d95-882e-a02891c678b7 main] HiveMetaStore.audit: ugi=alex	ip=unknown-ip-addr	cmd=get_database: test	
2024-04-30T20:08:48,475  INFO [f5b16bf2-495d-4d95-882e-a02891c678b7 main] ql.Driver: Semantic Analysis Completed (retrial = false)
2024-04-30T20:08:48,475  INFO [f5b16bf2-495d-4d95-882e-a02891c678b7 main] ql.Driver: Created Hive schema: Schema(fieldSchemas:null, properties:null)
2024-04-30T20:08:48,476  INFO [f5b16bf2-495d-4d95-882e-a02891c678b7 main] metadata.Hive: Dumping metastore api call timing information for : compilation phase
2024-04-30T20:08:48,476  INFO [f5b16bf2-495d-4d95-882e-a02891c678b7 main] metadata.Hive: Total time spent in each metastore function (ms): {isCompatibleWith_(Configuration)=0, getDatabase_(String)=1, flushCache_()=0}
2024-04-30T20:08:48,476  INFO [f5b16bf2-495d-4d95-882e-a02891c678b7 main] ql.Driver: Completed compiling command(queryId=alex_20240430200848_d1fd1023-d3d0-4124-8727-12650641495f); Time taken: 0.007 seconds
2024-04-30T20:08:48,476  INFO [f5b16bf2-495d-4d95-882e-a02891c678b7 main] common.LogUtils: Unregistered logging context.
2024-04-30T20:08:48,476  INFO [HiveServer2-Background-Pool: Thread-228] common.LogUtils: Thread context registration is done.
2024-04-30T20:08:48,476  INFO [HiveServer2-Background-Pool: Thread-228] reexec.ReExecDriver: Execution #1 of query
2024-04-30T20:08:48,477  INFO [HiveServer2-Background-Pool: Thread-228] ql.Driver: Concurrency mode is disabled, not creating a lock manager
2024-04-30T20:08:48,477  INFO [HiveServer2-Background-Pool: Thread-228] ql.Driver: Executing command(queryId=alex_20240430200848_d1fd1023-d3d0-4124-8727-12650641495f): use test
2024-04-30T20:08:48,478  INFO [HiveServer2-Background-Pool: Thread-228] ql.Driver: Starting task [Stage-0:DDL] in serial mode
2024-04-30T20:08:48,478  INFO [HiveServer2-Background-Pool: Thread-228] HiveMetaStore.audit: ugi=alex	ip=unknown-ip-addr	cmd=get_database: test	
2024-04-30T20:08:48,479  INFO [HiveServer2-Background-Pool: Thread-228] metastore.HMSHandler: 10: Opening raw store with implementation class:org.apache.hadoop.hive.metastore.ObjectStore
2024-04-30T20:08:48,480  INFO [HiveServer2-Background-Pool: Thread-228] metastore.ObjectStore: RawStore: org.apache.hadoop.hive.metastore.ObjectStore@7d03fefd, with PersistenceManager: null will be shutdown
2024-04-30T20:08:48,480  INFO [HiveServer2-Background-Pool: Thread-228] metastore.ObjectStore: RawStore: org.apache.hadoop.hive.metastore.ObjectStore@7d03fefd, with PersistenceManager: org.datanucleus.api.jdo.JDOPersistenceManager@38017f39 created in the thread with id: 228
2024-04-30T20:08:48,483  INFO [HiveServer2-Background-Pool: Thread-228] metastore.HMSHandler: Created RawStore: org.apache.hadoop.hive.metastore.ObjectStore@7d03fefd from thread id: 228
2024-04-30T20:08:48,484  INFO [HiveServer2-Background-Pool: Thread-228] HiveMetaStore.audit: ugi=alex	ip=unknown-ip-addr	cmd=get_database: test	
2024-04-30T20:08:48,485  INFO [HiveServer2-Background-Pool: Thread-228] metadata.Hive: Dumping metastore api call timing information for : execution phase
2024-04-30T20:08:48,485  INFO [HiveServer2-Background-Pool: Thread-228] metadata.Hive: Total time spent in each metastore function (ms): {isCompatibleWith_(Configuration)=0, getDatabase_(String)=7}
2024-04-30T20:08:48,485  INFO [HiveServer2-Background-Pool: Thread-228] ql.Driver: Completed executing command(queryId=alex_20240430200848_d1fd1023-d3d0-4124-8727-12650641495f); Time taken: 0.008 seconds
2024-04-30T20:08:48,486  INFO [HiveServer2-Background-Pool: Thread-228] common.LogUtils: Unregistered logging context.
2024-04-30T20:08:48,488  INFO [f5b16bf2-495d-4d95-882e-a02891c678b7 main] operation.OperationManager: Closing operation: OperationHandle [opType=EXECUTE_STATEMENT, getHandleIdentifier()=be117131-9952-43b2-acdb-ad1adcb9238b]
2024-04-30T20:08:48,488  INFO [f5b16bf2-495d-4d95-882e-a02891c678b7 main] operation.OperationManager: Removed queryId: alex_20240430200848_d1fd1023-d3d0-4124-8727-12650641495f corresponding to operation: OperationHandle [opType=EXECUTE_STATEMENT, getHandleIdentifier()=be117131-9952-43b2-acdb-ad1adcb9238b] with tag: null
2024-04-30T20:08:48,488  INFO [f5b16bf2-495d-4d95-882e-a02891c678b7 main] operation.SQLOperation: Closing operation log /home/alex/Repositories/hive/beeline/target/tmp/alex/operation_logs/f5b16bf2-495d-4d95-882e-a02891c678b7/alex_20240430200848_d1fd1023-d3d0-4124-8727-12650641495f without delay
2024-04-30T20:08:48,535  WARN [main] conf.HiveConf: HiveConf of name hive.dummyparam.test.server.specific.config.override does not exist
2024-04-30T20:08:48,535  WARN [main] conf.HiveConf: HiveConf of name hive.dummyparam.test.server.specific.config.hiveserver2site does not exist
2024-04-30T20:08:48,535  WARN [main] conf.HiveConf: HiveConf of name hive.dummyparam.test.server.specific.config.metastoresite does not exist
2024-04-30T20:08:48,536  INFO [f5b16bf2-495d-4d95-882e-a02891c678b7 main] session.HiveSessionImpl: executing set
2024-04-30T20:08:48,536  INFO [f5b16bf2-495d-4d95-882e-a02891c678b7 main] operation.HiveCommandOperation: Putting temp output to file /home/alex/Repositories/hive/beeline/target/tmp/alex/f5b16bf2-495d-4d95-882e-a02891c678b71487393280020855032.pipeout and error output to file /home/alex/Repositories/hive/beeline/target/tmp/alex/f5b16bf2-495d-4d95-882e-a02891c678b71856577490136106468.pipeout
2024-04-30T20:08:48,536  INFO [f5b16bf2-495d-4d95-882e-a02891c678b7 main] operation.OperationManager: Adding operation: OperationHandle [opType=EXECUTE_STATEMENT, getHandleIdentifier()=90af706b-3dfb-459b-8416-c0ab337518fc] SessionHandle [f5b16bf2-495d-4d95-882e-a02891c678b7]
2024-04-30T20:08:48,537  INFO [f5b16bf2-495d-4d95-882e-a02891c678b7 main] common.LogUtils: Thread context registration is done.
DEBUG StatusLogger Building Plugin[name=filter, class=org.apache.hadoop.hive.ql.log.LogDivertAppender$NameFilter].
DEBUG StatusLogger createFilter(loggingLevel="EXECUTION")
DEBUG StatusLogger Building Plugin[name=layout, class=org.apache.logging.log4j.core.layout.PatternLayout].
DEBUG StatusLogger PatternLayout$Builder(pattern="%-5p : %m%n", PatternSelector=null, Configuration(HiveLog4j2Test), Replace=null, charset="null", alwaysWriteExceptions="null", disableAnsi="null", noConsoleNoAnsi="null", header="null", footer="null")
DEBUG StatusLogger Building Plugin[name=appender, class=org.apache.hadoop.hive.ql.log.HushableRandomAccessFileAppender].
DEBUG StatusLogger createAppender(fileName="/home/alex/Repositories/hive/beeline/target/tmp/alex/operation_logs/f5b16bf2-495d-4d95-882e-a02891c678b7/alex_20240430200848_7f6d03ee-2101-4cfe-b523-ad471c60e8ce", append="null", name="query-file-appender", immediateFlush="null", bufferSize="null", ignoreExceptions="null", PatternLayout(org.apache.logging.log4j.core.layout.PatternLayout with name PatternLayout), NameFilter(org.apache.hadoop.hive.ql.log.LogDivertAppender$NameFilter with name NameFilter), advertise="null", advertiseURI="null", Configuration(HiveLog4j2Test))
DEBUG StatusLogger Starting RandomAccessFileManager /home/alex/Repositories/hive/beeline/target/tmp/alex/operation_logs/f5b16bf2-495d-4d95-882e-a02891c678b7/alex_20240430200848_7f6d03ee-2101-4cfe-b523-ad471c60e8ce
DEBUG StatusLogger Building Plugin[name=, class=org.apache.hadoop.hive.ql.log.LogDivertAppenderForTest$TestFilter].
DEBUG StatusLogger createFilter()
DEBUG StatusLogger Building Plugin[name=, class=org.apache.logging.log4j.core.layout.PatternLayout].
DEBUG StatusLogger PatternLayout$Builder(pattern="%-5p : %m%n", PatternSelector=null, Configuration(HiveLog4j2Test), Replace=null, charset="null", alwaysWriteExceptions="null", disableAnsi="null", noConsoleNoAnsi="null", header="null", footer="null")
DEBUG StatusLogger Building Plugin[name=appender, class=org.apache.hadoop.hive.ql.log.HushableRandomAccessFileAppender].
DEBUG StatusLogger createAppender(fileName="/home/alex/Repositories/hive/beeline/target/tmp/alex/operation_logs/f5b16bf2-495d-4d95-882e-a02891c678b7/alex_20240430200848_7f6d03ee-2101-4cfe-b523-ad471c60e8ce.test", append="null", name="test-query-file-appender", immediateFlush="null", bufferSize="null", ignoreExceptions="null", PatternLayout(org.apache.logging.log4j.core.layout.PatternLayout with name PatternLayout), test-filter(org.apache.hadoop.hive.ql.log.LogDivertAppenderForTest$TestFilter with name test-filter), advertise="null", advertiseURI="null", Configuration(HiveLog4j2Test))
DEBUG StatusLogger Starting RandomAccessFileManager /home/alex/Repositories/hive/beeline/target/tmp/alex/operation_logs/f5b16bf2-495d-4d95-882e-a02891c678b7/alex_20240430200848_7f6d03ee-2101-4cfe-b523-ad471c60e8ce.test
2024-04-30T20:08:48,540  INFO [f5b16bf2-495d-4d95-882e-a02891c678b7 main] operation.HiveCommandOperation: [opType=EXECUTE_STATEMENT, queryId=alex_20240430200848_7f6d03ee-2101-4cfe-b523-ad471c60e8ce, startTime=1714532928536, sessionId=f5b16bf2-495d-4d95-882e-a02891c678b7, createTime=1714532928386, userName=null, ipAddress=null]
2024-04-30T20:08:48,548  INFO [f5b16bf2-495d-4d95-882e-a02891c678b7 main] common.LogUtils: Unregistered logging context.
2024-04-30T20:08:48,550  INFO [f5b16bf2-495d-4d95-882e-a02891c678b7 main] operation.OperationManager: Closing operation: OperationHandle [opType=EXECUTE_STATEMENT, getHandleIdentifier()=90af706b-3dfb-459b-8416-c0ab337518fc]
2024-04-30T20:08:48,550  INFO [f5b16bf2-495d-4d95-882e-a02891c678b7 main] operation.OperationManager: Removed queryId: alex_20240430200848_7f6d03ee-2101-4cfe-b523-ad471c60e8ce corresponding to operation: OperationHandle [opType=EXECUTE_STATEMENT, getHandleIdentifier()=90af706b-3dfb-459b-8416-c0ab337518fc] with tag: null
2024-04-30T20:08:48,551  INFO [f5b16bf2-495d-4d95-882e-a02891c678b7 main] operation.HiveCommandOperation: Closing operation log /home/alex/Repositories/hive/beeline/target/tmp/alex/operation_logs/f5b16bf2-495d-4d95-882e-a02891c678b7/alex_20240430200848_7f6d03ee-2101-4cfe-b523-ad471c60e8ce without delay
2024-04-30T20:08:48,552  INFO [f5b16bf2-495d-4d95-882e-a02891c678b7 main] session.HiveSessionImpl: executing create table if not exists test.testSrcTbl(sc1 string)
2024-04-30T20:08:48,553  INFO [f5b16bf2-495d-4d95-882e-a02891c678b7 main] operation.OperationManager: Adding operation: OperationHandle [opType=EXECUTE_STATEMENT, getHandleIdentifier()=ba6f3df8-a195-43f0-8193-9482e111957c] SessionHandle [f5b16bf2-495d-4d95-882e-a02891c678b7]
2024-04-30T20:08:48,553  INFO [f5b16bf2-495d-4d95-882e-a02891c678b7 main] common.LogUtils: Thread context registration is done.
DEBUG StatusLogger Building Plugin[name=filter, class=org.apache.hadoop.hive.ql.log.LogDivertAppender$NameFilter].
DEBUG StatusLogger createFilter(loggingLevel="EXECUTION")
DEBUG StatusLogger Building Plugin[name=layout, class=org.apache.logging.log4j.core.layout.PatternLayout].
DEBUG StatusLogger PatternLayout$Builder(pattern="%-5p : %m%n", PatternSelector=null, Configuration(HiveLog4j2Test), Replace=null, charset="null", alwaysWriteExceptions="null", disableAnsi="null", noConsoleNoAnsi="null", header="null", footer="null")
DEBUG StatusLogger Building Plugin[name=appender, class=org.apache.hadoop.hive.ql.log.HushableRandomAccessFileAppender].
DEBUG StatusLogger createAppender(fileName="/home/alex/Repositories/hive/beeline/target/tmp/alex/operation_logs/f5b16bf2-495d-4d95-882e-a02891c678b7/alex_20240430200848_118d77d1-7c35-469f-bc2e-a998ade0c50f", append="null", name="query-file-appender", immediateFlush="null", bufferSize="null", ignoreExceptions="null", PatternLayout(org.apache.logging.log4j.core.layout.PatternLayout with name PatternLayout), NameFilter(org.apache.hadoop.hive.ql.log.LogDivertAppender$NameFilter with name NameFilter), advertise="null", advertiseURI="null", Configuration(HiveLog4j2Test))
DEBUG StatusLogger Starting RandomAccessFileManager /home/alex/Repositories/hive/beeline/target/tmp/alex/operation_logs/f5b16bf2-495d-4d95-882e-a02891c678b7/alex_20240430200848_118d77d1-7c35-469f-bc2e-a998ade0c50f
DEBUG StatusLogger Building Plugin[name=, class=org.apache.hadoop.hive.ql.log.LogDivertAppenderForTest$TestFilter].
DEBUG StatusLogger createFilter()
DEBUG StatusLogger Building Plugin[name=, class=org.apache.logging.log4j.core.layout.PatternLayout].
DEBUG StatusLogger PatternLayout$Builder(pattern="%-5p : %m%n", PatternSelector=null, Configuration(HiveLog4j2Test), Replace=null, charset="null", alwaysWriteExceptions="null", disableAnsi="null", noConsoleNoAnsi="null", header="null", footer="null")
DEBUG StatusLogger Building Plugin[name=appender, class=org.apache.hadoop.hive.ql.log.HushableRandomAccessFileAppender].
DEBUG StatusLogger createAppender(fileName="/home/alex/Repositories/hive/beeline/target/tmp/alex/operation_logs/f5b16bf2-495d-4d95-882e-a02891c678b7/alex_20240430200848_118d77d1-7c35-469f-bc2e-a998ade0c50f.test", append="null", name="test-query-file-appender", immediateFlush="null", bufferSize="null", ignoreExceptions="null", PatternLayout(org.apache.logging.log4j.core.layout.PatternLayout with name PatternLayout), test-filter(org.apache.hadoop.hive.ql.log.LogDivertAppenderForTest$TestFilter with name test-filter), advertise="null", advertiseURI="null", Configuration(HiveLog4j2Test))
DEBUG StatusLogger Starting RandomAccessFileManager /home/alex/Repositories/hive/beeline/target/tmp/alex/operation_logs/f5b16bf2-495d-4d95-882e-a02891c678b7/alex_20240430200848_118d77d1-7c35-469f-bc2e-a998ade0c50f.test
2024-04-30T20:08:48,556  INFO [f5b16bf2-495d-4d95-882e-a02891c678b7 main] operation.SQLOperation: [opType=EXECUTE_STATEMENT, queryId=alex_20240430200848_118d77d1-7c35-469f-bc2e-a998ade0c50f, startTime=1714532928552, sessionId=f5b16bf2-495d-4d95-882e-a02891c678b7, createTime=1714532928386, userName=null, ipAddress=null]
2024-04-30T20:08:48,557  INFO [f5b16bf2-495d-4d95-882e-a02891c678b7 main] ql.Driver: Compiling command(queryId=alex_20240430200848_118d77d1-7c35-469f-bc2e-a998ade0c50f): create table if not exists test.testSrcTbl(sc1 string)
2024-04-30T20:08:48,558  INFO [f5b16bf2-495d-4d95-882e-a02891c678b7 main] parse.CalcitePlanner: Starting caching scope for: alex_20240430200848_118d77d1-7c35-469f-bc2e-a998ade0c50f
2024-04-30T20:08:48,558  INFO [f5b16bf2-495d-4d95-882e-a02891c678b7 main] parse.CalcitePlanner: Starting Semantic Analysis
2024-04-30T20:08:48,558  INFO [f5b16bf2-495d-4d95-882e-a02891c678b7 main] sqlstd.SQLStdHiveAccessController: Created SQLStdHiveAccessController for session context : HiveAuthzSessionContext [sessionString=f5b16bf2-495d-4d95-882e-a02891c678b7, clientType=HIVESERVER2]
2024-04-30T20:08:48,558  INFO [f5b16bf2-495d-4d95-882e-a02891c678b7 main] parse.CalcitePlanner: Creating table test.testSrcTbl position=27
2024-04-30T20:08:48,559  INFO [f5b16bf2-495d-4d95-882e-a02891c678b7 main] HiveMetaStore.audit: ugi=alex	ip=unknown-ip-addr	cmd=get_table : tbl=hive.test.testSrcTbl	
2024-04-30T20:08:48,566  INFO [f5b16bf2-495d-4d95-882e-a02891c678b7 main] HiveMetaStore.audit: ugi=alex	ip=unknown-ip-addr	cmd=get_database: test	
2024-04-30T20:08:48,567  INFO [f5b16bf2-495d-4d95-882e-a02891c678b7 main] parse.CalcitePlanner: Ending caching scope for: alex_20240430200848_118d77d1-7c35-469f-bc2e-a998ade0c50f
2024-04-30T20:08:48,567  INFO [f5b16bf2-495d-4d95-882e-a02891c678b7 main] ql.Driver: Semantic Analysis Completed (retrial = false)
2024-04-30T20:08:48,567  INFO [f5b16bf2-495d-4d95-882e-a02891c678b7 main] ql.Driver: Created Hive schema: Schema(fieldSchemas:null, properties:null)
2024-04-30T20:08:48,568  INFO [f5b16bf2-495d-4d95-882e-a02891c678b7 main] metadata.Hive: Dumping metastore api call timing information for : compilation phase
2024-04-30T20:08:48,568  INFO [f5b16bf2-495d-4d95-882e-a02891c678b7 main] metadata.Hive: Total time spent in each metastore function (ms): {isCompatibleWith_(Configuration)=0, getDatabase_(String)=1, flushCache_()=0}
2024-04-30T20:08:48,568  INFO [f5b16bf2-495d-4d95-882e-a02891c678b7 main] ql.Driver: Completed compiling command(queryId=alex_20240430200848_118d77d1-7c35-469f-bc2e-a998ade0c50f); Time taken: 0.01 seconds
2024-04-30T20:08:48,568  INFO [f5b16bf2-495d-4d95-882e-a02891c678b7 main] common.LogUtils: Unregistered logging context.
2024-04-30T20:08:48,568  INFO [HiveServer2-Background-Pool: Thread-231] common.LogUtils: Thread context registration is done.
2024-04-30T20:08:48,568  INFO [HiveServer2-Background-Pool: Thread-231] reexec.ReExecDriver: Execution #1 of query
2024-04-30T20:08:48,569  INFO [HiveServer2-Background-Pool: Thread-231] ql.Driver: Concurrency mode is disabled, not creating a lock manager
2024-04-30T20:08:48,569  INFO [HiveServer2-Background-Pool: Thread-231] ql.Driver: Executing command(queryId=alex_20240430200848_118d77d1-7c35-469f-bc2e-a998ade0c50f): create table if not exists test.testSrcTbl(sc1 string)
2024-04-30T20:08:48,569  INFO [HiveServer2-Background-Pool: Thread-231] ql.Driver: Starting task [Stage-0:DDL] in serial mode
2024-04-30T20:08:48,571  INFO [HiveServer2-Background-Pool: Thread-231] HiveMetaStore.audit: ugi=alex	ip=unknown-ip-addr	cmd=create_table_req: Table(tableName:testSrcTbl, dbName:test, owner:alex, createTime:1714532928, lastAccessTime:0, retention:0, sd:StorageDescriptor(cols:[FieldSchema(name:sc1, type:string, comment:null)], location:null, inputFormat:org.apache.hadoop.mapred.TextInputFormat, outputFormat:org.apache.hadoop.hive.ql.io.HiveIgnoreKeyTextOutputFormat, compressed:false, numBuckets:-1, serdeInfo:SerDeInfo(name:null, serializationLib:org.apache.hadoop.hive.serde2.lazy.LazySimpleSerDe, parameters:{serialization.format=1}), bucketCols:[], sortCols:[], parameters:{}, skewedInfo:SkewedInfo(skewedColNames:[], skewedColValues:[], skewedColValueLocationMaps:{}), storedAsSubDirectories:false), partitionKeys:[], parameters:{totalSize=0, numRows=0, rawDataSize=0, COLUMN_STATS_ACCURATE={"BASIC_STATS":"true","COLUMN_STATS":{"sc1":"true"}}, numFiles=0, bucketing_version=2, numFilesErasureCoded=0}, viewOriginalText:null, viewExpandedText:null, tableType:MANAGED_TABLE, privileges:PrincipalPrivilegeSet(userPrivileges:{alex=[PrivilegeGrantInfo(privilege:INSERT, createTime:-1, grantor:alex, grantorType:USER, grantOption:true), PrivilegeGrantInfo(privilege:SELECT, createTime:-1, grantor:alex, grantorType:USER, grantOption:true), PrivilegeGrantInfo(privilege:UPDATE, createTime:-1, grantor:alex, grantorType:USER, grantOption:true), PrivilegeGrantInfo(privilege:DELETE, createTime:-1, grantor:alex, grantorType:USER, grantOption:true)]}, groupPrivileges:null, rolePrivileges:null), temporary:false, catName:hive, ownerType:USER)	
2024-04-30T20:08:48,571  INFO [HiveServer2-Background-Pool: Thread-231] metastore.HMSHandler: 11: Opening raw store with implementation class:org.apache.hadoop.hive.metastore.ObjectStore
2024-04-30T20:08:48,572  INFO [HiveServer2-Background-Pool: Thread-231] metastore.ObjectStore: RawStore: org.apache.hadoop.hive.metastore.ObjectStore@50b00411, with PersistenceManager: null will be shutdown
2024-04-30T20:08:48,572  INFO [HiveServer2-Background-Pool: Thread-231] metastore.ObjectStore: RawStore: org.apache.hadoop.hive.metastore.ObjectStore@50b00411, with PersistenceManager: org.datanucleus.api.jdo.JDOPersistenceManager@182f22cf created in the thread with id: 231
2024-04-30T20:08:48,575  INFO [HiveServer2-Background-Pool: Thread-231] metastore.HMSHandler: Created RawStore: org.apache.hadoop.hive.metastore.ObjectStore@50b00411 from thread id: 231
2024-04-30T20:08:48,578  INFO [HiveServer2-Background-Pool: Thread-231] utils.FileUtils: Creating directory if it doesn't exist: file:/home/alex/Repositories/hive/beeline/target/tmp/warehouse/test.db/testsrctbl
2024-04-30T20:08:48,604  INFO [HiveServer2-Background-Pool: Thread-231] metadata.Hive: Dumping metastore api call timing information for : execution phase
2024-04-30T20:08:48,604  INFO [HiveServer2-Background-Pool: Thread-231] metadata.Hive: Total time spent in each metastore function (ms): {isCompatibleWith_(Configuration)=1, createTable_(Table)=34}
2024-04-30T20:08:48,604  INFO [HiveServer2-Background-Pool: Thread-231] ql.Driver: Completed executing command(queryId=alex_20240430200848_118d77d1-7c35-469f-bc2e-a998ade0c50f); Time taken: 0.035 seconds
2024-04-30T20:08:48,604  INFO [HiveServer2-Background-Pool: Thread-231] common.LogUtils: Unregistered logging context.
2024-04-30T20:08:48,606  INFO [f5b16bf2-495d-4d95-882e-a02891c678b7 main] operation.OperationManager: Closing operation: OperationHandle [opType=EXECUTE_STATEMENT, getHandleIdentifier()=ba6f3df8-a195-43f0-8193-9482e111957c]
2024-04-30T20:08:48,606  INFO [f5b16bf2-495d-4d95-882e-a02891c678b7 main] operation.OperationManager: Removed queryId: alex_20240430200848_118d77d1-7c35-469f-bc2e-a998ade0c50f corresponding to operation: OperationHandle [opType=EXECUTE_STATEMENT, getHandleIdentifier()=ba6f3df8-a195-43f0-8193-9482e111957c] with tag: null
2024-04-30T20:08:48,606  INFO [f5b16bf2-495d-4d95-882e-a02891c678b7 main] operation.SQLOperation: Closing operation log /home/alex/Repositories/hive/beeline/target/tmp/alex/operation_logs/f5b16bf2-495d-4d95-882e-a02891c678b7/alex_20240430200848_118d77d1-7c35-469f-bc2e-a998ade0c50f without delay
2024-04-30T20:08:48,610  INFO [main] service.CompositeService: Session closed, SessionHandle [f5b16bf2-495d-4d95-882e-a02891c678b7], current sessions:0
2024-04-30T20:08:48,611  INFO [f5b16bf2-495d-4d95-882e-a02891c678b7 main] session.HiveSessionImpl: Operation log session directory is deleted: /home/alex/Repositories/hive/beeline/target/tmp/alex/operation_logs/f5b16bf2-495d-4d95-882e-a02891c678b7
2024-04-30T20:08:48,611  INFO [main] cleanup.EventualCleanupService: Delete /tmp/hive/alex/f5b16bf2-495d-4d95-882e-a02891c678b7 operation was queued
2024-04-30T20:08:48,611  INFO [main] cleanup.EventualCleanupService: Delete /home/alex/Repositories/hive/beeline/target/tmp/alex/f5b16bf2-495d-4d95-882e-a02891c678b7 operation was queued
2024-04-30T20:08:48,611  INFO [EventualCleanupService thread 0] cleanup.EventualCleanupService: Deleted /tmp/hive/alex/f5b16bf2-495d-4d95-882e-a02891c678b7
2024-04-30T20:08:48,612  INFO [EventualCleanupService thread 1] cleanup.EventualCleanupService: Deleted /home/alex/Repositories/hive/beeline/target/tmp/alex/f5b16bf2-495d-4d95-882e-a02891c678b7
2024-04-30T20:08:48,612  INFO [main] HiveMetaStore.audit: ugi=alex	ip=unknown-ip-addr	cmd=Cleaning up thread local RawStore...	
2024-04-30T20:08:48,612  INFO [main] metastore.ObjectStore: RawStore: org.apache.hadoop.hive.metastore.ObjectStore@79b7c350, with PersistenceManager: org.datanucleus.api.jdo.JDOPersistenceManager@586737ff will be shutdown
2024-04-30T20:08:48,613  INFO [main] HiveMetaStore.audit: ugi=alex	ip=unknown-ip-addr	cmd=Done cleaning up thread local RawStore	
2024-04-30T20:08:48,613  INFO [main] metastore.HiveMetaStoreClient: Closed a connection to metastore, current connections: -12
]]></system-err>
  </testcase>
  <testcase name="testSqlFromCmdWithDBName" classname="org.apache.hive.beeline.cli.TestHiveCli" time="0.23">
    <failure type="java.lang.AssertionError"><![CDATA[java.lang.AssertionError: Supported return code is 0 while the actual is 1
	at org.junit.Assert.fail(Assert.java:89)
	at org.apache.hive.beeline.cli.TestHiveCli.executeCMD(TestHiveCli.java:256)
	at org.apache.hive.beeline.cli.TestHiveCli.verifyCMD(TestHiveCli.java:266)
	at org.apache.hive.beeline.cli.TestHiveCli.testSqlFromCmdWithDBName(TestHiveCli.java:166)
	at sun.reflect.NativeMethodAccessorImpl.invoke0(Native Method)
	at sun.reflect.NativeMethodAccessorImpl.invoke(NativeMethodAccessorImpl.java:62)
	at sun.reflect.DelegatingMethodAccessorImpl.invoke(DelegatingMethodAccessorImpl.java:43)
	at java.lang.reflect.Method.invoke(Method.java:498)
	at org.junit.runners.model.FrameworkMethod$1.runReflectiveCall(FrameworkMethod.java:59)
	at org.junit.internal.runners.model.ReflectiveCallable.run(ReflectiveCallable.java:12)
	at org.junit.runners.model.FrameworkMethod.invokeExplosively(FrameworkMethod.java:56)
	at org.junit.internal.runners.statements.InvokeMethod.evaluate(InvokeMethod.java:17)
	at org.junit.internal.runners.statements.RunBefores.evaluate(RunBefores.java:26)
	at org.junit.internal.runners.statements.RunAfters.evaluate(RunAfters.java:27)
	at org.junit.runners.ParentRunner$3.evaluate(ParentRunner.java:306)
	at org.junit.runners.BlockJUnit4ClassRunner$1.evaluate(BlockJUnit4ClassRunner.java:100)
	at org.junit.runners.ParentRunner.runLeaf(ParentRunner.java:366)
	at org.junit.runners.BlockJUnit4ClassRunner.runChild(BlockJUnit4ClassRunner.java:103)
	at org.junit.runners.BlockJUnit4ClassRunner.runChild(BlockJUnit4ClassRunner.java:63)
	at org.junit.runners.ParentRunner$4.run(ParentRunner.java:331)
	at org.junit.runners.ParentRunner$1.schedule(ParentRunner.java:79)
	at org.junit.runners.ParentRunner.runChildren(ParentRunner.java:329)
	at org.junit.runners.ParentRunner.access$100(ParentRunner.java:66)
	at org.junit.runners.ParentRunner$2.evaluate(ParentRunner.java:293)
	at org.junit.internal.runners.statements.RunBefores.evaluate(RunBefores.java:26)
	at org.junit.runners.ParentRunner$3.evaluate(ParentRunner.java:306)
	at org.junit.runners.ParentRunner.run(ParentRunner.java:413)
	at org.junit.runner.JUnitCore.run(JUnitCore.java:137)
	at org.junit.runner.JUnitCore.run(JUnitCore.java:115)
	at org.junit.vintage.engine.execution.RunnerExecutor.execute(RunnerExecutor.java:43)
	at java.util.stream.ForEachOps$ForEachOp$OfRef.accept(ForEachOps.java:183)
	at java.util.stream.ReferencePipeline$3$1.accept(ReferencePipeline.java:193)
	at java.util.Iterator.forEachRemaining(Iterator.java:116)
	at java.util.Spliterators$IteratorSpliterator.forEachRemaining(Spliterators.java:1801)
	at java.util.stream.AbstractPipeline.copyInto(AbstractPipeline.java:482)
	at java.util.stream.AbstractPipeline.wrapAndCopyInto(AbstractPipeline.java:472)
	at java.util.stream.ForEachOps$ForEachOp.evaluateSequential(ForEachOps.java:150)
	at java.util.stream.ForEachOps$ForEachOp$OfRef.evaluateSequential(ForEachOps.java:173)
	at java.util.stream.AbstractPipeline.evaluate(AbstractPipeline.java:234)
	at java.util.stream.ReferencePipeline.forEach(ReferencePipeline.java:485)
	at org.junit.vintage.engine.VintageTestEngine.executeAllChildren(VintageTestEngine.java:82)
	at org.junit.vintage.engine.VintageTestEngine.execute(VintageTestEngine.java:73)
	at org.junit.platform.launcher.core.DefaultLauncher.execute(DefaultLauncher.java:248)
	at org.junit.platform.launcher.core.DefaultLauncher.lambda$execute$5(DefaultLauncher.java:211)
	at org.junit.platform.launcher.core.DefaultLauncher.withInterceptedStreams(DefaultLauncher.java:226)
	at org.junit.platform.launcher.core.DefaultLauncher.execute(DefaultLauncher.java:199)
	at org.junit.platform.launcher.core.DefaultLauncher.execute(DefaultLauncher.java:132)
	at org.apache.maven.surefire.junitplatform.JUnitPlatformProvider.invokeAllTests(JUnitPlatformProvider.java:154)
	at org.apache.maven.surefire.junitplatform.JUnitPlatformProvider.invoke(JUnitPlatformProvider.java:123)
	at org.apache.maven.surefire.booter.ForkedBooter.runSuitesInProcess(ForkedBooter.java:377)
	at org.apache.maven.surefire.booter.ForkedBooter.execute(ForkedBooter.java:138)
	at org.apache.maven.surefire.booter.ForkedBooter.run(ForkedBooter.java:465)
	at org.apache.maven.surefire.booter.ForkedBooter.main(ForkedBooter.java:451)
]]></failure>
    <system-err><![CDATA[2024-04-30T20:08:48,614 ERROR [main] cli.TestHiveCli: Failed to execute command due to the error: java.lang.NullPointerException: Null output stream
2024-04-30T20:08:48,656  WARN [main] conf.HiveConf: HiveConf of name hive.dummyparam.test.server.specific.config.override does not exist
2024-04-30T20:08:48,656  WARN [main] conf.HiveConf: HiveConf of name hive.dummyparam.test.server.specific.config.hiveserver2site does not exist
2024-04-30T20:08:48,656  WARN [main] conf.HiveConf: HiveConf of name hive.dummyparam.test.server.specific.config.metastoresite does not exist
2024-04-30T20:08:48,657  INFO [main] SessionState: Hive Session ID = 377268cd-644a-4123-9500-b9aa9f20c1bc
2024-04-30T20:08:48,657  INFO [main] DependencyResolver: ivysettings.xml file not found in HIVE_HOME or HIVE_CONF_DIR,/home/alex/Repositories/hive/conf/ivysettings.xml will be used
2024-04-30T20:08:48,664  INFO [main] session.SessionState: Created HDFS directory: /tmp/hive/alex/377268cd-644a-4123-9500-b9aa9f20c1bc
2024-04-30T20:08:48,667  INFO [main] session.SessionState: Created local directory: /home/alex/Repositories/hive/beeline/target/tmp/alex/377268cd-644a-4123-9500-b9aa9f20c1bc
2024-04-30T20:08:48,670  INFO [main] session.SessionState: Created HDFS directory: /tmp/hive/alex/377268cd-644a-4123-9500-b9aa9f20c1bc/_tmp_space.db
2024-04-30T20:08:48,670  INFO [main] sqlstd.SQLStdHiveAccessController: Created SQLStdHiveAccessController for session context : HiveAuthzSessionContext [sessionString=377268cd-644a-4123-9500-b9aa9f20c1bc, clientType=HIVESERVER2]
2024-04-30T20:08:48,671  INFO [main] metastore.HiveMetaStoreClient: HMS client filtering is enabled.
2024-04-30T20:08:48,671  INFO [main] metastore.HMSHandler: 0: Opening raw store with implementation class:org.apache.hadoop.hive.metastore.ObjectStore
2024-04-30T20:08:48,671  INFO [main] metastore.PersistenceManagerProvider: Configuration datanucleus.autoStartMechanismMode is not set. Defaulting to 'ignored'
2024-04-30T20:08:48,672  INFO [main] metastore.ObjectStore: RawStore: org.apache.hadoop.hive.metastore.ObjectStore@44aeae34, with PersistenceManager: null will be shutdown
2024-04-30T20:08:48,672  INFO [main] metastore.ObjectStore: RawStore: org.apache.hadoop.hive.metastore.ObjectStore@44aeae34, with PersistenceManager: org.datanucleus.api.jdo.JDOPersistenceManager@2ec5cc14 created in the thread with id: 1
2024-04-30T20:08:48,675  INFO [main] metastore.HMSHandler: Created RawStore: org.apache.hadoop.hive.metastore.ObjectStore@44aeae34 from thread id: 1
2024-04-30T20:08:48,675  INFO [main] metastore.HMSHandler: HMS server filtering is disabled by configuration
2024-04-30T20:08:48,675  INFO [main] metastore.RetryingMetaStoreClient: RetryingMetaStoreClient proxy=class org.apache.hadoop.hive.ql.metadata.SessionHiveMetaStoreClient ugi=alex (auth:SIMPLE) retries=1 delay=1 lifetime=0
2024-04-30T20:08:48,675  INFO [main] service.CompositeService: Operation log root directory is created: /home/alex/Repositories/hive/beeline/target/tmp/alex/operation_logs
2024-04-30T20:08:48,675  INFO [main] service.CompositeService: HiveServer2: Background operation thread pool size: 100
2024-04-30T20:08:48,675  INFO [main] service.CompositeService: HiveServer2: Background operation thread wait queue size: 100
2024-04-30T20:08:48,675  INFO [main] service.CompositeService: HiveServer2: Background operation thread keepalive time: 10 seconds
2024-04-30T20:08:48,675  INFO [main] service.CompositeService: Connections limit are user: 0 ipaddress: 0 user-ipaddress: 0
2024-04-30T20:08:48,677  INFO [main] cleanup.EventualCleanupService: EventualCleanupService started with 10 threads and queue of size 10000
ERROR StatusLogger Log4j2 ConfigurationScheduler attempted to increment scheduled items after start
ERROR StatusLogger Log4j2 ConfigurationScheduler attempted to increment scheduled items after start
2024-04-30T20:08:48,678  INFO [main] service.AbstractService: Service:OperationManager is inited.
2024-04-30T20:08:48,678  INFO [main] service.AbstractService: Service:SessionManager is inited.
2024-04-30T20:08:48,678  INFO [main] service.AbstractService: Service:CLIService is inited.
2024-04-30T20:08:48,678  INFO [main] service.AbstractService: Service:OperationManager is started.
2024-04-30T20:08:48,678  INFO [main] service.AbstractService: Service:SessionManager is started.
2024-04-30T20:08:48,678  INFO [main] service.AbstractService: Service:CLIService is started.
2024-04-30T20:08:48,678  INFO [main] service.AbstractService: Service:ThriftBinaryCLIService is inited.
2024-04-30T20:08:48,678  INFO [main] thrift.ThriftCLIService: Client protocol version: HIVE_CLI_SERVICE_PROTOCOL_V10
2024-04-30T20:08:48,679  INFO [main] thrift.ThriftCLIService: Creating Hive session handle for user [null] from IP null
2024-04-30T20:08:48,679  INFO [main] DependencyResolver: ivysettings.xml file not found in HIVE_HOME or HIVE_CONF_DIR,/home/alex/Repositories/hive/conf/ivysettings.xml will be used
2024-04-30T20:08:48,686  INFO [main] session.SessionState: Created HDFS directory: /tmp/hive/alex/d5c26aa3-db93-488e-9519-0e9cf9a0248f
2024-04-30T20:08:48,689  INFO [main] session.SessionState: Created local directory: /home/alex/Repositories/hive/beeline/target/tmp/alex/d5c26aa3-db93-488e-9519-0e9cf9a0248f
2024-04-30T20:08:48,692  INFO [main] session.SessionState: Created HDFS directory: /tmp/hive/alex/d5c26aa3-db93-488e-9519-0e9cf9a0248f/_tmp_space.db
2024-04-30T20:08:48,692  INFO [main] session.SessionState: Reloading auxiliary JAR files
2024-04-30T20:08:48,692  WARN [main] session.SessionState: Configuration hive.reloadable.aux.jars.path not specified
2024-04-30T20:08:48,692  INFO [main] HiveMetaStore.audit: ugi=alex	ip=unknown-ip-addr	cmd=Cleaning up thread local RawStore...	
2024-04-30T20:08:48,692  INFO [main] metastore.ObjectStore: RawStore: org.apache.hadoop.hive.metastore.ObjectStore@44aeae34, with PersistenceManager: org.datanucleus.api.jdo.JDOPersistenceManager@2ec5cc14 will be shutdown
2024-04-30T20:08:48,692  INFO [main] HiveMetaStore.audit: ugi=alex	ip=unknown-ip-addr	cmd=Done cleaning up thread local RawStore	
2024-04-30T20:08:48,693  INFO [main] metastore.HiveMetaStoreClient: Closed a connection to metastore, current connections: -13
2024-04-30T20:08:48,693  INFO [main] session.HiveSessionImpl: Operation log session directory is created: /home/alex/Repositories/hive/beeline/target/tmp/alex/operation_logs/d5c26aa3-db93-488e-9519-0e9cf9a0248f
2024-04-30T20:08:48,693  INFO [main] service.CompositeService: Session opened, SessionHandle [d5c26aa3-db93-488e-9519-0e9cf9a0248f], current sessions:1
2024-04-30T20:08:48,693  INFO [main] thrift.ThriftCLIService: Login attempt is successful for user : null
2024-04-30T20:08:48,746  WARN [main] conf.HiveConf: HiveConf of name hive.dummyparam.test.server.specific.config.override does not exist
2024-04-30T20:08:48,746  WARN [main] conf.HiveConf: HiveConf of name hive.dummyparam.test.server.specific.config.hiveserver2site does not exist
2024-04-30T20:08:48,746  WARN [main] conf.HiveConf: HiveConf of name hive.dummyparam.test.server.specific.config.metastoresite does not exist
2024-04-30T20:08:48,747  INFO [d5c26aa3-db93-488e-9519-0e9cf9a0248f main] session.HiveSessionImpl: executing set
2024-04-30T20:08:48,747  INFO [d5c26aa3-db93-488e-9519-0e9cf9a0248f main] operation.HiveCommandOperation: Putting temp output to file /home/alex/Repositories/hive/beeline/target/tmp/alex/d5c26aa3-db93-488e-9519-0e9cf9a0248f9005085010099243648.pipeout and error output to file /home/alex/Repositories/hive/beeline/target/tmp/alex/d5c26aa3-db93-488e-9519-0e9cf9a0248f5075588889641389183.pipeout
2024-04-30T20:08:48,747  INFO [d5c26aa3-db93-488e-9519-0e9cf9a0248f main] operation.OperationManager: Adding operation: OperationHandle [opType=EXECUTE_STATEMENT, getHandleIdentifier()=736e0dfd-f261-485e-928d-9a3907b1cb1c] SessionHandle [d5c26aa3-db93-488e-9519-0e9cf9a0248f]
2024-04-30T20:08:48,747  INFO [d5c26aa3-db93-488e-9519-0e9cf9a0248f main] common.LogUtils: Thread context registration is done.
DEBUG StatusLogger Building Plugin[name=filter, class=org.apache.hadoop.hive.ql.log.LogDivertAppender$NameFilter].
DEBUG StatusLogger createFilter(loggingLevel="EXECUTION")
DEBUG StatusLogger Building Plugin[name=layout, class=org.apache.logging.log4j.core.layout.PatternLayout].
DEBUG StatusLogger PatternLayout$Builder(pattern="%-5p : %m%n", PatternSelector=null, Configuration(HiveLog4j2Test), Replace=null, charset="null", alwaysWriteExceptions="null", disableAnsi="null", noConsoleNoAnsi="null", header="null", footer="null")
DEBUG StatusLogger Building Plugin[name=appender, class=org.apache.hadoop.hive.ql.log.HushableRandomAccessFileAppender].
DEBUG StatusLogger createAppender(fileName="/home/alex/Repositories/hive/beeline/target/tmp/alex/operation_logs/d5c26aa3-db93-488e-9519-0e9cf9a0248f/alex_20240430200848_e7708229-24d2-4d73-b357-30efbcc12b9a", append="null", name="query-file-appender", immediateFlush="null", bufferSize="null", ignoreExceptions="null", PatternLayout(org.apache.logging.log4j.core.layout.PatternLayout with name PatternLayout), NameFilter(org.apache.hadoop.hive.ql.log.LogDivertAppender$NameFilter with name NameFilter), advertise="null", advertiseURI="null", Configuration(HiveLog4j2Test))
DEBUG StatusLogger Starting RandomAccessFileManager /home/alex/Repositories/hive/beeline/target/tmp/alex/operation_logs/d5c26aa3-db93-488e-9519-0e9cf9a0248f/alex_20240430200848_e7708229-24d2-4d73-b357-30efbcc12b9a
DEBUG StatusLogger Building Plugin[name=, class=org.apache.hadoop.hive.ql.log.LogDivertAppenderForTest$TestFilter].
DEBUG StatusLogger createFilter()
DEBUG StatusLogger Building Plugin[name=, class=org.apache.logging.log4j.core.layout.PatternLayout].
DEBUG StatusLogger PatternLayout$Builder(pattern="%-5p : %m%n", PatternSelector=null, Configuration(HiveLog4j2Test), Replace=null, charset="null", alwaysWriteExceptions="null", disableAnsi="null", noConsoleNoAnsi="null", header="null", footer="null")
DEBUG StatusLogger Building Plugin[name=appender, class=org.apache.hadoop.hive.ql.log.HushableRandomAccessFileAppender].
DEBUG StatusLogger createAppender(fileName="/home/alex/Repositories/hive/beeline/target/tmp/alex/operation_logs/d5c26aa3-db93-488e-9519-0e9cf9a0248f/alex_20240430200848_e7708229-24d2-4d73-b357-30efbcc12b9a.test", append="null", name="test-query-file-appender", immediateFlush="null", bufferSize="null", ignoreExceptions="null", PatternLayout(org.apache.logging.log4j.core.layout.PatternLayout with name PatternLayout), test-filter(org.apache.hadoop.hive.ql.log.LogDivertAppenderForTest$TestFilter with name test-filter), advertise="null", advertiseURI="null", Configuration(HiveLog4j2Test))
DEBUG StatusLogger Starting RandomAccessFileManager /home/alex/Repositories/hive/beeline/target/tmp/alex/operation_logs/d5c26aa3-db93-488e-9519-0e9cf9a0248f/alex_20240430200848_e7708229-24d2-4d73-b357-30efbcc12b9a.test
2024-04-30T20:08:48,752  INFO [d5c26aa3-db93-488e-9519-0e9cf9a0248f main] operation.HiveCommandOperation: [opType=EXECUTE_STATEMENT, queryId=alex_20240430200848_e7708229-24d2-4d73-b357-30efbcc12b9a, startTime=1714532928747, sessionId=d5c26aa3-db93-488e-9519-0e9cf9a0248f, createTime=1714532928679, userName=null, ipAddress=null]
2024-04-30T20:08:48,764  INFO [d5c26aa3-db93-488e-9519-0e9cf9a0248f main] common.LogUtils: Unregistered logging context.
2024-04-30T20:08:48,769  INFO [d5c26aa3-db93-488e-9519-0e9cf9a0248f main] operation.OperationManager: Closing operation: OperationHandle [opType=EXECUTE_STATEMENT, getHandleIdentifier()=736e0dfd-f261-485e-928d-9a3907b1cb1c]
2024-04-30T20:08:48,769  INFO [d5c26aa3-db93-488e-9519-0e9cf9a0248f main] operation.OperationManager: Removed queryId: alex_20240430200848_e7708229-24d2-4d73-b357-30efbcc12b9a corresponding to operation: OperationHandle [opType=EXECUTE_STATEMENT, getHandleIdentifier()=736e0dfd-f261-485e-928d-9a3907b1cb1c] with tag: null
2024-04-30T20:08:48,770  INFO [d5c26aa3-db93-488e-9519-0e9cf9a0248f main] operation.HiveCommandOperation: Closing operation log /home/alex/Repositories/hive/beeline/target/tmp/alex/operation_logs/d5c26aa3-db93-488e-9519-0e9cf9a0248f/alex_20240430200848_e7708229-24d2-4d73-b357-30efbcc12b9a without delay
2024-04-30T20:08:48,773  INFO [d5c26aa3-db93-488e-9519-0e9cf9a0248f main] session.HiveSessionImpl: executing use test
2024-04-30T20:08:48,773  INFO [d5c26aa3-db93-488e-9519-0e9cf9a0248f main] operation.OperationManager: Adding operation: OperationHandle [opType=EXECUTE_STATEMENT, getHandleIdentifier()=f6de242d-575b-4377-a31f-26213ac8f3fd] SessionHandle [d5c26aa3-db93-488e-9519-0e9cf9a0248f]
2024-04-30T20:08:48,774  INFO [d5c26aa3-db93-488e-9519-0e9cf9a0248f main] common.LogUtils: Thread context registration is done.
DEBUG StatusLogger Building Plugin[name=filter, class=org.apache.hadoop.hive.ql.log.LogDivertAppender$NameFilter].
DEBUG StatusLogger createFilter(loggingLevel="EXECUTION")
DEBUG StatusLogger Building Plugin[name=layout, class=org.apache.logging.log4j.core.layout.PatternLayout].
DEBUG StatusLogger PatternLayout$Builder(pattern="%-5p : %m%n", PatternSelector=null, Configuration(HiveLog4j2Test), Replace=null, charset="null", alwaysWriteExceptions="null", disableAnsi="null", noConsoleNoAnsi="null", header="null", footer="null")
DEBUG StatusLogger Building Plugin[name=appender, class=org.apache.hadoop.hive.ql.log.HushableRandomAccessFileAppender].
DEBUG StatusLogger createAppender(fileName="/home/alex/Repositories/hive/beeline/target/tmp/alex/operation_logs/d5c26aa3-db93-488e-9519-0e9cf9a0248f/alex_20240430200848_6aba413b-626e-4464-999b-4fd4962f02ea", append="null", name="query-file-appender", immediateFlush="null", bufferSize="null", ignoreExceptions="null", PatternLayout(org.apache.logging.log4j.core.layout.PatternLayout with name PatternLayout), NameFilter(org.apache.hadoop.hive.ql.log.LogDivertAppender$NameFilter with name NameFilter), advertise="null", advertiseURI="null", Configuration(HiveLog4j2Test))
DEBUG StatusLogger Starting RandomAccessFileManager /home/alex/Repositories/hive/beeline/target/tmp/alex/operation_logs/d5c26aa3-db93-488e-9519-0e9cf9a0248f/alex_20240430200848_6aba413b-626e-4464-999b-4fd4962f02ea
DEBUG StatusLogger Building Plugin[name=, class=org.apache.hadoop.hive.ql.log.LogDivertAppenderForTest$TestFilter].
DEBUG StatusLogger createFilter()
DEBUG StatusLogger Building Plugin[name=, class=org.apache.logging.log4j.core.layout.PatternLayout].
DEBUG StatusLogger PatternLayout$Builder(pattern="%-5p : %m%n", PatternSelector=null, Configuration(HiveLog4j2Test), Replace=null, charset="null", alwaysWriteExceptions="null", disableAnsi="null", noConsoleNoAnsi="null", header="null", footer="null")
DEBUG StatusLogger Building Plugin[name=appender, class=org.apache.hadoop.hive.ql.log.HushableRandomAccessFileAppender].
DEBUG StatusLogger createAppender(fileName="/home/alex/Repositories/hive/beeline/target/tmp/alex/operation_logs/d5c26aa3-db93-488e-9519-0e9cf9a0248f/alex_20240430200848_6aba413b-626e-4464-999b-4fd4962f02ea.test", append="null", name="test-query-file-appender", immediateFlush="null", bufferSize="null", ignoreExceptions="null", PatternLayout(org.apache.logging.log4j.core.layout.PatternLayout with name PatternLayout), test-filter(org.apache.hadoop.hive.ql.log.LogDivertAppenderForTest$TestFilter with name test-filter), advertise="null", advertiseURI="null", Configuration(HiveLog4j2Test))
DEBUG StatusLogger Starting RandomAccessFileManager /home/alex/Repositories/hive/beeline/target/tmp/alex/operation_logs/d5c26aa3-db93-488e-9519-0e9cf9a0248f/alex_20240430200848_6aba413b-626e-4464-999b-4fd4962f02ea.test
2024-04-30T20:08:48,778  INFO [d5c26aa3-db93-488e-9519-0e9cf9a0248f main] operation.SQLOperation: [opType=EXECUTE_STATEMENT, queryId=alex_20240430200848_6aba413b-626e-4464-999b-4fd4962f02ea, startTime=1714532928773, sessionId=d5c26aa3-db93-488e-9519-0e9cf9a0248f, createTime=1714532928679, userName=null, ipAddress=null]
2024-04-30T20:08:48,779  INFO [d5c26aa3-db93-488e-9519-0e9cf9a0248f main] ql.Driver: Compiling command(queryId=alex_20240430200848_6aba413b-626e-4464-999b-4fd4962f02ea): use test
2024-04-30T20:08:48,780  INFO [d5c26aa3-db93-488e-9519-0e9cf9a0248f main] metastore.HiveMetaStoreClient: HMS client filtering is enabled.
2024-04-30T20:08:48,781  INFO [d5c26aa3-db93-488e-9519-0e9cf9a0248f main] metastore.HMSHandler: 0: Opening raw store with implementation class:org.apache.hadoop.hive.metastore.ObjectStore
2024-04-30T20:08:48,781  INFO [d5c26aa3-db93-488e-9519-0e9cf9a0248f main] metastore.PersistenceManagerProvider: Configuration datanucleus.autoStartMechanismMode is not set. Defaulting to 'ignored'
2024-04-30T20:08:48,782  INFO [d5c26aa3-db93-488e-9519-0e9cf9a0248f main] metastore.ObjectStore: RawStore: org.apache.hadoop.hive.metastore.ObjectStore@1e5aacd9, with PersistenceManager: null will be shutdown
2024-04-30T20:08:48,782  INFO [d5c26aa3-db93-488e-9519-0e9cf9a0248f main] metastore.ObjectStore: RawStore: org.apache.hadoop.hive.metastore.ObjectStore@1e5aacd9, with PersistenceManager: org.datanucleus.api.jdo.JDOPersistenceManager@7d90644f created in the thread with id: 1
2024-04-30T20:08:48,785  INFO [d5c26aa3-db93-488e-9519-0e9cf9a0248f main] metastore.HMSHandler: Created RawStore: org.apache.hadoop.hive.metastore.ObjectStore@1e5aacd9 from thread id: 1
2024-04-30T20:08:48,786  INFO [d5c26aa3-db93-488e-9519-0e9cf9a0248f main] metastore.HMSHandler: HMS server filtering is disabled by configuration
2024-04-30T20:08:48,786  INFO [d5c26aa3-db93-488e-9519-0e9cf9a0248f main] metastore.RetryingMetaStoreClient: RetryingMetaStoreClient proxy=class org.apache.hadoop.hive.ql.metadata.SessionHiveMetaStoreClient ugi=alex (auth:SIMPLE) retries=1 delay=1 lifetime=0
2024-04-30T20:08:48,786  INFO [d5c26aa3-db93-488e-9519-0e9cf9a0248f main] HiveMetaStore.audit: ugi=alex	ip=unknown-ip-addr	cmd=get_database: test	
2024-04-30T20:08:48,788  INFO [d5c26aa3-db93-488e-9519-0e9cf9a0248f main] ql.Driver: Semantic Analysis Completed (retrial = false)
2024-04-30T20:08:48,788  INFO [d5c26aa3-db93-488e-9519-0e9cf9a0248f main] ql.Driver: Created Hive schema: Schema(fieldSchemas:null, properties:null)
2024-04-30T20:08:48,788  INFO [d5c26aa3-db93-488e-9519-0e9cf9a0248f main] metadata.Hive: Dumping metastore api call timing information for : compilation phase
2024-04-30T20:08:48,788  INFO [d5c26aa3-db93-488e-9519-0e9cf9a0248f main] metadata.Hive: Total time spent in each metastore function (ms): {isCompatibleWith_(Configuration)=0, getDatabase_(String)=2, flushCache_()=0}
2024-04-30T20:08:48,788  INFO [d5c26aa3-db93-488e-9519-0e9cf9a0248f main] ql.Driver: Completed compiling command(queryId=alex_20240430200848_6aba413b-626e-4464-999b-4fd4962f02ea); Time taken: 0.009 seconds
2024-04-30T20:08:48,788  INFO [d5c26aa3-db93-488e-9519-0e9cf9a0248f main] common.LogUtils: Unregistered logging context.
2024-04-30T20:08:48,789  INFO [HiveServer2-Background-Pool: Thread-255] common.LogUtils: Thread context registration is done.
2024-04-30T20:08:48,789  INFO [HiveServer2-Background-Pool: Thread-255] reexec.ReExecDriver: Execution #1 of query
2024-04-30T20:08:48,789  INFO [HiveServer2-Background-Pool: Thread-255] ql.Driver: Concurrency mode is disabled, not creating a lock manager
2024-04-30T20:08:48,790  INFO [HiveServer2-Background-Pool: Thread-255] ql.Driver: Executing command(queryId=alex_20240430200848_6aba413b-626e-4464-999b-4fd4962f02ea): use test
2024-04-30T20:08:48,790  INFO [HiveServer2-Background-Pool: Thread-255] ql.Driver: Starting task [Stage-0:DDL] in serial mode
2024-04-30T20:08:48,791  INFO [HiveServer2-Background-Pool: Thread-255] HiveMetaStore.audit: ugi=alex	ip=unknown-ip-addr	cmd=get_database: test	
2024-04-30T20:08:48,792  INFO [HiveServer2-Background-Pool: Thread-255] metastore.HMSHandler: 12: Opening raw store with implementation class:org.apache.hadoop.hive.metastore.ObjectStore
2024-04-30T20:08:48,793  INFO [HiveServer2-Background-Pool: Thread-255] metastore.ObjectStore: RawStore: org.apache.hadoop.hive.metastore.ObjectStore@550efb7b, with PersistenceManager: null will be shutdown
2024-04-30T20:08:48,793  INFO [HiveServer2-Background-Pool: Thread-255] metastore.ObjectStore: RawStore: org.apache.hadoop.hive.metastore.ObjectStore@550efb7b, with PersistenceManager: org.datanucleus.api.jdo.JDOPersistenceManager@100c7fbe created in the thread with id: 255
2024-04-30T20:08:48,796  INFO [HiveServer2-Background-Pool: Thread-255] metastore.HMSHandler: Created RawStore: org.apache.hadoop.hive.metastore.ObjectStore@550efb7b from thread id: 255
2024-04-30T20:08:48,798  INFO [HiveServer2-Background-Pool: Thread-255] HiveMetaStore.audit: ugi=alex	ip=unknown-ip-addr	cmd=get_database: test	
2024-04-30T20:08:48,799  INFO [HiveServer2-Background-Pool: Thread-255] metadata.Hive: Dumping metastore api call timing information for : execution phase
2024-04-30T20:08:48,799  INFO [HiveServer2-Background-Pool: Thread-255] metadata.Hive: Total time spent in each metastore function (ms): {isCompatibleWith_(Configuration)=1, getDatabase_(String)=8}
2024-04-30T20:08:48,799  INFO [HiveServer2-Background-Pool: Thread-255] ql.Driver: Completed executing command(queryId=alex_20240430200848_6aba413b-626e-4464-999b-4fd4962f02ea); Time taken: 0.009 seconds
2024-04-30T20:08:48,800  INFO [HiveServer2-Background-Pool: Thread-255] common.LogUtils: Unregistered logging context.
2024-04-30T20:08:48,802  INFO [d5c26aa3-db93-488e-9519-0e9cf9a0248f main] operation.OperationManager: Closing operation: OperationHandle [opType=EXECUTE_STATEMENT, getHandleIdentifier()=f6de242d-575b-4377-a31f-26213ac8f3fd]
2024-04-30T20:08:48,802  INFO [d5c26aa3-db93-488e-9519-0e9cf9a0248f main] operation.OperationManager: Removed queryId: alex_20240430200848_6aba413b-626e-4464-999b-4fd4962f02ea corresponding to operation: OperationHandle [opType=EXECUTE_STATEMENT, getHandleIdentifier()=f6de242d-575b-4377-a31f-26213ac8f3fd] with tag: null
2024-04-30T20:08:48,802  INFO [d5c26aa3-db93-488e-9519-0e9cf9a0248f main] operation.SQLOperation: Closing operation log /home/alex/Repositories/hive/beeline/target/tmp/alex/operation_logs/d5c26aa3-db93-488e-9519-0e9cf9a0248f/alex_20240430200848_6aba413b-626e-4464-999b-4fd4962f02ea without delay
2024-04-30T20:08:48,803  INFO [d5c26aa3-db93-488e-9519-0e9cf9a0248f main] session.HiveSessionImpl: executing show tables
2024-04-30T20:08:48,804  INFO [d5c26aa3-db93-488e-9519-0e9cf9a0248f main] operation.OperationManager: Adding operation: OperationHandle [opType=EXECUTE_STATEMENT, getHandleIdentifier()=a1c28315-1459-4605-9840-e6f8a8580210] SessionHandle [d5c26aa3-db93-488e-9519-0e9cf9a0248f]
2024-04-30T20:08:48,804  INFO [d5c26aa3-db93-488e-9519-0e9cf9a0248f main] common.LogUtils: Thread context registration is done.
DEBUG StatusLogger Building Plugin[name=filter, class=org.apache.hadoop.hive.ql.log.LogDivertAppender$NameFilter].
DEBUG StatusLogger createFilter(loggingLevel="EXECUTION")
DEBUG StatusLogger Building Plugin[name=layout, class=org.apache.logging.log4j.core.layout.PatternLayout].
DEBUG StatusLogger PatternLayout$Builder(pattern="%-5p : %m%n", PatternSelector=null, Configuration(HiveLog4j2Test), Replace=null, charset="null", alwaysWriteExceptions="null", disableAnsi="null", noConsoleNoAnsi="null", header="null", footer="null")
DEBUG StatusLogger Building Plugin[name=appender, class=org.apache.hadoop.hive.ql.log.HushableRandomAccessFileAppender].
DEBUG StatusLogger createAppender(fileName="/home/alex/Repositories/hive/beeline/target/tmp/alex/operation_logs/d5c26aa3-db93-488e-9519-0e9cf9a0248f/alex_20240430200848_bd78c497-c4be-4482-b486-a54575daaf8f", append="null", name="query-file-appender", immediateFlush="null", bufferSize="null", ignoreExceptions="null", PatternLayout(org.apache.logging.log4j.core.layout.PatternLayout with name PatternLayout), NameFilter(org.apache.hadoop.hive.ql.log.LogDivertAppender$NameFilter with name NameFilter), advertise="null", advertiseURI="null", Configuration(HiveLog4j2Test))
DEBUG StatusLogger Starting RandomAccessFileManager /home/alex/Repositories/hive/beeline/target/tmp/alex/operation_logs/d5c26aa3-db93-488e-9519-0e9cf9a0248f/alex_20240430200848_bd78c497-c4be-4482-b486-a54575daaf8f
DEBUG StatusLogger Building Plugin[name=, class=org.apache.hadoop.hive.ql.log.LogDivertAppenderForTest$TestFilter].
DEBUG StatusLogger createFilter()
DEBUG StatusLogger Building Plugin[name=, class=org.apache.logging.log4j.core.layout.PatternLayout].
DEBUG StatusLogger PatternLayout$Builder(pattern="%-5p : %m%n", PatternSelector=null, Configuration(HiveLog4j2Test), Replace=null, charset="null", alwaysWriteExceptions="null", disableAnsi="null", noConsoleNoAnsi="null", header="null", footer="null")
DEBUG StatusLogger Building Plugin[name=appender, class=org.apache.hadoop.hive.ql.log.HushableRandomAccessFileAppender].
DEBUG StatusLogger createAppender(fileName="/home/alex/Repositories/hive/beeline/target/tmp/alex/operation_logs/d5c26aa3-db93-488e-9519-0e9cf9a0248f/alex_20240430200848_bd78c497-c4be-4482-b486-a54575daaf8f.test", append="null", name="test-query-file-appender", immediateFlush="null", bufferSize="null", ignoreExceptions="null", PatternLayout(org.apache.logging.log4j.core.layout.PatternLayout with name PatternLayout), test-filter(org.apache.hadoop.hive.ql.log.LogDivertAppenderForTest$TestFilter with name test-filter), advertise="null", advertiseURI="null", Configuration(HiveLog4j2Test))
DEBUG StatusLogger Starting RandomAccessFileManager /home/alex/Repositories/hive/beeline/target/tmp/alex/operation_logs/d5c26aa3-db93-488e-9519-0e9cf9a0248f/alex_20240430200848_bd78c497-c4be-4482-b486-a54575daaf8f.test
2024-04-30T20:08:48,809  INFO [d5c26aa3-db93-488e-9519-0e9cf9a0248f main] operation.SQLOperation: [opType=EXECUTE_STATEMENT, queryId=alex_20240430200848_bd78c497-c4be-4482-b486-a54575daaf8f, startTime=1714532928803, sessionId=d5c26aa3-db93-488e-9519-0e9cf9a0248f, createTime=1714532928679, userName=null, ipAddress=null]
2024-04-30T20:08:48,810  INFO [d5c26aa3-db93-488e-9519-0e9cf9a0248f main] ql.Driver: Compiling command(queryId=alex_20240430200848_bd78c497-c4be-4482-b486-a54575daaf8f): show tables
2024-04-30T20:08:48,815  INFO [d5c26aa3-db93-488e-9519-0e9cf9a0248f main] HiveMetaStore.audit: ugi=alex	ip=unknown-ip-addr	cmd=get_database: test	
2024-04-30T20:08:48,816  INFO [d5c26aa3-db93-488e-9519-0e9cf9a0248f main] ql.Driver: Semantic Analysis Completed (retrial = false)
2024-04-30T20:08:48,816  INFO [d5c26aa3-db93-488e-9519-0e9cf9a0248f main] ql.Driver: Created Hive schema: Schema(fieldSchemas:[FieldSchema(name:tab_name, type:string, comment:from deserializer)], properties:null)
2024-04-30T20:08:48,817  INFO [d5c26aa3-db93-488e-9519-0e9cf9a0248f main] exec.ListSinkOperator: Initializing Operator: LIST_SINK[0]
2024-04-30T20:08:48,817  INFO [d5c26aa3-db93-488e-9519-0e9cf9a0248f main] metadata.Hive: Dumping metastore api call timing information for : compilation phase
2024-04-30T20:08:48,817  INFO [d5c26aa3-db93-488e-9519-0e9cf9a0248f main] metadata.Hive: Total time spent in each metastore function (ms): {isCompatibleWith_(Configuration)=0, getDatabase_(String)=1, flushCache_()=0}
2024-04-30T20:08:48,817  INFO [d5c26aa3-db93-488e-9519-0e9cf9a0248f main] ql.Driver: Completed compiling command(queryId=alex_20240430200848_bd78c497-c4be-4482-b486-a54575daaf8f); Time taken: 0.007 seconds
2024-04-30T20:08:48,817  INFO [d5c26aa3-db93-488e-9519-0e9cf9a0248f main] common.LogUtils: Unregistered logging context.
2024-04-30T20:08:48,818  INFO [HiveServer2-Background-Pool: Thread-259] common.LogUtils: Thread context registration is done.
2024-04-30T20:08:48,818  INFO [HiveServer2-Background-Pool: Thread-259] reexec.ReExecDriver: Execution #1 of query
2024-04-30T20:08:48,818  INFO [HiveServer2-Background-Pool: Thread-259] ql.Driver: Concurrency mode is disabled, not creating a lock manager
2024-04-30T20:08:48,819  INFO [HiveServer2-Background-Pool: Thread-259] ql.Driver: Executing command(queryId=alex_20240430200848_bd78c497-c4be-4482-b486-a54575daaf8f): show tables
2024-04-30T20:08:48,819  INFO [HiveServer2-Background-Pool: Thread-259] ql.Driver: Starting task [Stage-0:DDL] in serial mode
2024-04-30T20:08:48,819  INFO [HiveServer2-Background-Pool: Thread-259] HiveMetaStore.audit: ugi=alex	ip=unknown-ip-addr	cmd=get_database: test	
2024-04-30T20:08:48,820  INFO [HiveServer2-Background-Pool: Thread-259] metastore.HMSHandler: 13: Opening raw store with implementation class:org.apache.hadoop.hive.metastore.ObjectStore
2024-04-30T20:08:48,820  INFO [HiveServer2-Background-Pool: Thread-259] metastore.ObjectStore: RawStore: org.apache.hadoop.hive.metastore.ObjectStore@3e87ece9, with PersistenceManager: null will be shutdown
2024-04-30T20:08:48,820  INFO [HiveServer2-Background-Pool: Thread-259] metastore.ObjectStore: RawStore: org.apache.hadoop.hive.metastore.ObjectStore@3e87ece9, with PersistenceManager: org.datanucleus.api.jdo.JDOPersistenceManager@7b85655d created in the thread with id: 259
2024-04-30T20:08:48,823  INFO [HiveServer2-Background-Pool: Thread-259] metastore.HMSHandler: Created RawStore: org.apache.hadoop.hive.metastore.ObjectStore@3e87ece9 from thread id: 259
2024-04-30T20:08:48,825  INFO [HiveServer2-Background-Pool: Thread-259] HiveMetaStore.audit: ugi=alex	ip=unknown-ip-addr	cmd=get_multi_table : db=test tbls=null	
2024-04-30T20:08:48,832  INFO [HiveServer2-Background-Pool: Thread-259] sqlstd.SQLStdHiveAccessController: Created SQLStdHiveAccessController for session context : HiveAuthzSessionContext [sessionString=d5c26aa3-db93-488e-9519-0e9cf9a0248f, clientType=HIVESERVER2]
2024-04-30T20:08:48,839  INFO [HiveServer2-Background-Pool: Thread-259] metadata.Hive: Dumping metastore api call timing information for : execution phase
2024-04-30T20:08:48,839  INFO [HiveServer2-Background-Pool: Thread-259] metadata.Hive: Total time spent in each metastore function (ms): {isCompatibleWith_(Configuration)=0, getDatabase_(String)=5, getTables_(String, String)=8}
2024-04-30T20:08:48,839  INFO [HiveServer2-Background-Pool: Thread-259] ql.Driver: Completed executing command(queryId=alex_20240430200848_bd78c497-c4be-4482-b486-a54575daaf8f); Time taken: 0.021 seconds
2024-04-30T20:08:48,839  INFO [HiveServer2-Background-Pool: Thread-259] common.LogUtils: Unregistered logging context.
2024-04-30T20:08:48,840  INFO [d5c26aa3-db93-488e-9519-0e9cf9a0248f main] operation.OperationManager: Closing operation: OperationHandle [opType=EXECUTE_STATEMENT, getHandleIdentifier()=a1c28315-1459-4605-9840-e6f8a8580210]
2024-04-30T20:08:48,840  INFO [d5c26aa3-db93-488e-9519-0e9cf9a0248f main] operation.OperationManager: Removed queryId: alex_20240430200848_bd78c497-c4be-4482-b486-a54575daaf8f corresponding to operation: OperationHandle [opType=EXECUTE_STATEMENT, getHandleIdentifier()=a1c28315-1459-4605-9840-e6f8a8580210] with tag: null
2024-04-30T20:08:48,841  INFO [d5c26aa3-db93-488e-9519-0e9cf9a0248f main] ql.Context: Deleting scratch dir: file:/home/alex/Repositories/hive/beeline/target/tmp/alex/d5c26aa3-db93-488e-9519-0e9cf9a0248f/hive_2024-04-30_20-08-48_810_6098495482109823598-1
2024-04-30T20:08:48,841  INFO [d5c26aa3-db93-488e-9519-0e9cf9a0248f main] cleanup.EventualCleanupService: Delete file:/home/alex/Repositories/hive/beeline/target/tmp/alex/d5c26aa3-db93-488e-9519-0e9cf9a0248f/hive_2024-04-30_20-08-48_810_6098495482109823598-1 operation was queued
2024-04-30T20:08:48,841  INFO [d5c26aa3-db93-488e-9519-0e9cf9a0248f main] exec.ListSinkOperator: Closing Operator: LIST_SINK[0]
2024-04-30T20:08:48,841  INFO [d5c26aa3-db93-488e-9519-0e9cf9a0248f main] exec.ListSinkOperator: RECORDS_OUT_INTERMEDIATE:0, RECORDS_OUT_OPERATOR_LIST_SINK_0:0, 
2024-04-30T20:08:48,841  INFO [d5c26aa3-db93-488e-9519-0e9cf9a0248f main] operation.SQLOperation: Closing operation log /home/alex/Repositories/hive/beeline/target/tmp/alex/operation_logs/d5c26aa3-db93-488e-9519-0e9cf9a0248f/alex_20240430200848_bd78c497-c4be-4482-b486-a54575daaf8f without delay
2024-04-30T20:08:48,841  INFO [EventualCleanupService thread 0] cleanup.EventualCleanupService: Deleted file:/home/alex/Repositories/hive/beeline/target/tmp/alex/d5c26aa3-db93-488e-9519-0e9cf9a0248f/hive_2024-04-30_20-08-48_810_6098495482109823598-1
2024-04-30T20:08:48,841  INFO [main] service.CompositeService: Session closed, SessionHandle [d5c26aa3-db93-488e-9519-0e9cf9a0248f], current sessions:0
2024-04-30T20:08:48,841  INFO [d5c26aa3-db93-488e-9519-0e9cf9a0248f main] session.HiveSessionImpl: Operation log session directory is deleted: /home/alex/Repositories/hive/beeline/target/tmp/alex/operation_logs/d5c26aa3-db93-488e-9519-0e9cf9a0248f
2024-04-30T20:08:48,842  INFO [main] cleanup.EventualCleanupService: Delete /tmp/hive/alex/d5c26aa3-db93-488e-9519-0e9cf9a0248f operation was queued
2024-04-30T20:08:48,842  INFO [main] cleanup.EventualCleanupService: Delete /home/alex/Repositories/hive/beeline/target/tmp/alex/d5c26aa3-db93-488e-9519-0e9cf9a0248f operation was queued
2024-04-30T20:08:48,842  INFO [EventualCleanupService thread 2] cleanup.EventualCleanupService: Deleted /home/alex/Repositories/hive/beeline/target/tmp/alex/d5c26aa3-db93-488e-9519-0e9cf9a0248f
2024-04-30T20:08:48,842  INFO [EventualCleanupService thread 1] cleanup.EventualCleanupService: Deleted /tmp/hive/alex/d5c26aa3-db93-488e-9519-0e9cf9a0248f
2024-04-30T20:08:48,843  INFO [main] HiveMetaStore.audit: ugi=alex	ip=unknown-ip-addr	cmd=Cleaning up thread local RawStore...	
2024-04-30T20:08:48,843  INFO [main] metastore.ObjectStore: RawStore: org.apache.hadoop.hive.metastore.ObjectStore@1e5aacd9, with PersistenceManager: org.datanucleus.api.jdo.JDOPersistenceManager@7d90644f will be shutdown
2024-04-30T20:08:48,843  INFO [main] HiveMetaStore.audit: ugi=alex	ip=unknown-ip-addr	cmd=Done cleaning up thread local RawStore	
2024-04-30T20:08:48,843  INFO [main] metastore.HiveMetaStoreClient: Closed a connection to metastore, current connections: -14
2024-04-30T20:08:48,843 ERROR [main] cli.TestHiveCli: Failed due to the error:Connecting to jdbc:hive2://
Hive Session ID = 377268cd-644a-4123-9500-b9aa9f20c1bc
ivysettings.xml file not found in HIVE_HOME or HIVE_CONF_DIR,/home/alex/Repositories/hive/conf/ivysettings.xml will be used
ivysettings.xml file not found in HIVE_HOME or HIVE_CONF_DIR,/home/alex/Repositories/hive/conf/ivysettings.xml will be used
Connected to: Apache Hive (version 4.0.0-SNAPSHOT)
Error: Couldn't load manifest attributes. (state=,code=0)
Transaction isolation: TRANSACTION_REPEATABLE_READ
INFO  : Compiling command(queryId=alex_20240430200848_6aba413b-626e-4464-999b-4fd4962f02ea): use test
INFO  : Semantic Analysis Completed (retrial = false)
INFO  : Created Hive schema: Schema(fieldSchemas:null, properties:null)
INFO  : Completed compiling command(queryId=alex_20240430200848_6aba413b-626e-4464-999b-4fd4962f02ea); Time taken: 0.009 seconds
INFO  : Concurrency mode is disabled, not creating a lock manager
INFO  : Executing command(queryId=alex_20240430200848_6aba413b-626e-4464-999b-4fd4962f02ea): use test
INFO  : Starting task [Stage-0:DDL] in serial mode
DEBUG : Task getting executed using mapred tag : alex_20240430200848_6aba413b-626e-4464-999b-4fd4962f02ea,userid=null
INFO  : Completed executing command(queryId=alex_20240430200848_6aba413b-626e-4464-999b-4fd4962f02ea); Time taken: 0.009 seconds
DEBUG : Shutting down query use test
Error: Failed to wait for operation to complete (state=08S01,code=0)
INFO  : Compiling command(queryId=alex_20240430200848_bd78c497-c4be-4482-b486-a54575daaf8f): show tables
INFO  : Semantic Analysis Completed (retrial = false)
INFO  : Created Hive schema: Schema(fieldSchemas:[FieldSchema(name:tab_name, type:string, comment:from deserializer)], properties:null)
INFO  : Completed compiling command(queryId=alex_20240430200848_bd78c497-c4be-4482-b486-a54575daaf8f); Time taken: 0.007 seconds
INFO  : Concurrency mode is disabled, not creating a lock manager
INFO  : Executing command(queryId=alex_20240430200848_bd78c497-c4be-4482-b486-a54575daaf8f): show tables
INFO  : Starting task [Stage-0:DDL] in serial mode
DEBUG : Task getting executed using mapred tag : alex_20240430200848_bd78c497-c4be-4482-b486-a54575daaf8f,userid=null
INFO  : Completed executing command(queryId=alex_20240430200848_bd78c497-c4be-4482-b486-a54575daaf8f); Time taken: 0.021 seconds
DEBUG : Shutting down query show tables
Error: Failed to wait for operation to complete (state=08S01,code=0)
Closing: 0: jdbc:hive2://

]]></system-err>
  </testcase>
  <testcase name="testCommentStripping" classname="org.apache.hive.beeline.cli.TestHiveCli" time="0.226"/>
  <testcase name="testUseCurrentDB1" classname="org.apache.hive.beeline.cli.TestHiveCli" time="0.206">
    <failure type="java.lang.AssertionError"><![CDATA[java.lang.AssertionError: 
The expected keyword "hive (testDB)>" occur in the output: Connecting to jdbc:hive2://
Hive Session ID = 4f4f6d51-cffb-4d72-b894-600cd5ec8a3c
ivysettings.xml file not found in HIVE_HOME or HIVE_CONF_DIR,/home/alex/Repositories/hive/conf/ivysettings.xml will be used
ivysettings.xml file not found in HIVE_HOME or HIVE_CONF_DIR,/home/alex/Repositories/hive/conf/ivysettings.xml will be used
Connected to: Apache Hive (version 4.0.0-SNAPSHOT)
Error: Couldn't load manifest attributes. (state=,code=0)
Transaction isolation: TRANSACTION_REPEATABLE_READ
Beeline version ??? by Apache Hive
hive> create database if not exists testDB; set hive.cli.print.current.db=true;use testDB;
INFO  : Compiling command(queryId=alex_20240430200849_14ebfad3-aa5b-42a6-9548-c15147293a1c): create database if not exists testDB
INFO  : Semantic Analysis Completed (retrial = false)
INFO  : Created Hive schema: Schema(fieldSchemas:null, properties:null)
INFO  : Completed compiling command(queryId=alex_20240430200849_14ebfad3-aa5b-42a6-9548-c15147293a1c); Time taken: 0.006 seconds
INFO  : Concurrency mode is disabled, not creating a lock manager
INFO  : Executing command(queryId=alex_20240430200849_14ebfad3-aa5b-42a6-9548-c15147293a1c): create database if not exists testDB
INFO  : Starting task [Stage-0:DDL] in serial mode
DEBUG : Task getting executed using mapred tag : alex_20240430200849_14ebfad3-aa5b-42a6-9548-c15147293a1c,userid=null
INFO  : Completed executing command(queryId=alex_20240430200849_14ebfad3-aa5b-42a6-9548-c15147293a1c); Time taken: 0.014 seconds
DEBUG : Shutting down query create database if not exists testDB
Error: Failed to wait for operation to complete (state=08S01,code=0)
hive> use default;drop if exists testDB;
INFO  : Compiling command(queryId=alex_20240430200849_5c85a83e-a992-4bcc-a79d-be94850d7686): use default
INFO  : Semantic Analysis Completed (retrial = false)
INFO  : Created Hive schema: Schema(fieldSchemas:null, properties:null)
INFO  : Completed compiling command(queryId=alex_20240430200849_5c85a83e-a992-4bcc-a79d-be94850d7686); Time taken: 0.002 seconds
INFO  : Concurrency mode is disabled, not creating a lock manager
INFO  : Executing command(queryId=alex_20240430200849_5c85a83e-a992-4bcc-a79d-be94850d7686): use default
INFO  : Starting task [Stage-0:DDL] in serial mode
DEBUG : Task getting executed using mapred tag : alex_20240430200849_5c85a83e-a992-4bcc-a79d-be94850d7686,userid=null
INFO  : Completed executing command(queryId=alex_20240430200849_5c85a83e-a992-4bcc-a79d-be94850d7686); Time taken: 0.006 seconds
DEBUG : Shutting down query use default
Error: Failed to wait for operation to complete (state=08S01,code=0)
hive> Closing: 0: jdbc:hive2://

	at org.junit.Assert.fail(Assert.java:89)
	at org.junit.Assert.assertTrue(Assert.java:42)
	at org.apache.hive.beeline.cli.TestHiveCli.verifyCMD(TestHiveCli.java:270)
	at org.apache.hive.beeline.cli.TestHiveCli.testUseCurrentDB1(TestHiveCli.java:212)
	at sun.reflect.NativeMethodAccessorImpl.invoke0(Native Method)
	at sun.reflect.NativeMethodAccessorImpl.invoke(NativeMethodAccessorImpl.java:62)
	at sun.reflect.DelegatingMethodAccessorImpl.invoke(DelegatingMethodAccessorImpl.java:43)
	at java.lang.reflect.Method.invoke(Method.java:498)
	at org.junit.runners.model.FrameworkMethod$1.runReflectiveCall(FrameworkMethod.java:59)
	at org.junit.internal.runners.model.ReflectiveCallable.run(ReflectiveCallable.java:12)
	at org.junit.runners.model.FrameworkMethod.invokeExplosively(FrameworkMethod.java:56)
	at org.junit.internal.runners.statements.InvokeMethod.evaluate(InvokeMethod.java:17)
	at org.junit.internal.runners.statements.RunBefores.evaluate(RunBefores.java:26)
	at org.junit.internal.runners.statements.RunAfters.evaluate(RunAfters.java:27)
	at org.junit.runners.ParentRunner$3.evaluate(ParentRunner.java:306)
	at org.junit.runners.BlockJUnit4ClassRunner$1.evaluate(BlockJUnit4ClassRunner.java:100)
	at org.junit.runners.ParentRunner.runLeaf(ParentRunner.java:366)
	at org.junit.runners.BlockJUnit4ClassRunner.runChild(BlockJUnit4ClassRunner.java:103)
	at org.junit.runners.BlockJUnit4ClassRunner.runChild(BlockJUnit4ClassRunner.java:63)
	at org.junit.runners.ParentRunner$4.run(ParentRunner.java:331)
	at org.junit.runners.ParentRunner$1.schedule(ParentRunner.java:79)
	at org.junit.runners.ParentRunner.runChildren(ParentRunner.java:329)
	at org.junit.runners.ParentRunner.access$100(ParentRunner.java:66)
	at org.junit.runners.ParentRunner$2.evaluate(ParentRunner.java:293)
	at org.junit.internal.runners.statements.RunBefores.evaluate(RunBefores.java:26)
	at org.junit.runners.ParentRunner$3.evaluate(ParentRunner.java:306)
	at org.junit.runners.ParentRunner.run(ParentRunner.java:413)
	at org.junit.runner.JUnitCore.run(JUnitCore.java:137)
	at org.junit.runner.JUnitCore.run(JUnitCore.java:115)
	at org.junit.vintage.engine.execution.RunnerExecutor.execute(RunnerExecutor.java:43)
	at java.util.stream.ForEachOps$ForEachOp$OfRef.accept(ForEachOps.java:183)
	at java.util.stream.ReferencePipeline$3$1.accept(ReferencePipeline.java:193)
	at java.util.Iterator.forEachRemaining(Iterator.java:116)
	at java.util.Spliterators$IteratorSpliterator.forEachRemaining(Spliterators.java:1801)
	at java.util.stream.AbstractPipeline.copyInto(AbstractPipeline.java:482)
	at java.util.stream.AbstractPipeline.wrapAndCopyInto(AbstractPipeline.java:472)
	at java.util.stream.ForEachOps$ForEachOp.evaluateSequential(ForEachOps.java:150)
	at java.util.stream.ForEachOps$ForEachOp$OfRef.evaluateSequential(ForEachOps.java:173)
	at java.util.stream.AbstractPipeline.evaluate(AbstractPipeline.java:234)
	at java.util.stream.ReferencePipeline.forEach(ReferencePipeline.java:485)
	at org.junit.vintage.engine.VintageTestEngine.executeAllChildren(VintageTestEngine.java:82)
	at org.junit.vintage.engine.VintageTestEngine.execute(VintageTestEngine.java:73)
	at org.junit.platform.launcher.core.DefaultLauncher.execute(DefaultLauncher.java:248)
	at org.junit.platform.launcher.core.DefaultLauncher.lambda$execute$5(DefaultLauncher.java:211)
	at org.junit.platform.launcher.core.DefaultLauncher.withInterceptedStreams(DefaultLauncher.java:226)
	at org.junit.platform.launcher.core.DefaultLauncher.execute(DefaultLauncher.java:199)
	at org.junit.platform.launcher.core.DefaultLauncher.execute(DefaultLauncher.java:132)
	at org.apache.maven.surefire.junitplatform.JUnitPlatformProvider.invokeAllTests(JUnitPlatformProvider.java:154)
	at org.apache.maven.surefire.junitplatform.JUnitPlatformProvider.invoke(JUnitPlatformProvider.java:123)
	at org.apache.maven.surefire.booter.ForkedBooter.runSuitesInProcess(ForkedBooter.java:377)
	at org.apache.maven.surefire.booter.ForkedBooter.execute(ForkedBooter.java:138)
	at org.apache.maven.surefire.booter.ForkedBooter.run(ForkedBooter.java:465)
	at org.apache.maven.surefire.booter.ForkedBooter.main(ForkedBooter.java:451)
]]></failure>
    <system-err><![CDATA[2024-04-30T20:08:49,071 ERROR [main] cli.TestHiveCli: Failed to execute command due to the error: java.lang.NullPointerException: Null output stream
2024-04-30T20:08:49,114  WARN [main] conf.HiveConf: HiveConf of name hive.dummyparam.test.server.specific.config.override does not exist
2024-04-30T20:08:49,115  WARN [main] conf.HiveConf: HiveConf of name hive.dummyparam.test.server.specific.config.hiveserver2site does not exist
2024-04-30T20:08:49,115  WARN [main] conf.HiveConf: HiveConf of name hive.dummyparam.test.server.specific.config.metastoresite does not exist
2024-04-30T20:08:49,115  INFO [main] SessionState: Hive Session ID = 4f4f6d51-cffb-4d72-b894-600cd5ec8a3c
2024-04-30T20:08:49,116  INFO [main] DependencyResolver: ivysettings.xml file not found in HIVE_HOME or HIVE_CONF_DIR,/home/alex/Repositories/hive/conf/ivysettings.xml will be used
2024-04-30T20:08:49,122  INFO [main] session.SessionState: Created HDFS directory: /tmp/hive/alex/4f4f6d51-cffb-4d72-b894-600cd5ec8a3c
2024-04-30T20:08:49,125  INFO [main] session.SessionState: Created local directory: /home/alex/Repositories/hive/beeline/target/tmp/alex/4f4f6d51-cffb-4d72-b894-600cd5ec8a3c
2024-04-30T20:08:49,128  INFO [main] session.SessionState: Created HDFS directory: /tmp/hive/alex/4f4f6d51-cffb-4d72-b894-600cd5ec8a3c/_tmp_space.db
2024-04-30T20:08:49,129  INFO [main] sqlstd.SQLStdHiveAccessController: Created SQLStdHiveAccessController for session context : HiveAuthzSessionContext [sessionString=4f4f6d51-cffb-4d72-b894-600cd5ec8a3c, clientType=HIVESERVER2]
2024-04-30T20:08:49,130  INFO [main] metastore.HiveMetaStoreClient: HMS client filtering is enabled.
2024-04-30T20:08:49,130  INFO [main] metastore.HMSHandler: 0: Opening raw store with implementation class:org.apache.hadoop.hive.metastore.ObjectStore
2024-04-30T20:08:49,130  INFO [main] metastore.PersistenceManagerProvider: Configuration datanucleus.autoStartMechanismMode is not set. Defaulting to 'ignored'
2024-04-30T20:08:49,131  INFO [main] metastore.ObjectStore: RawStore: org.apache.hadoop.hive.metastore.ObjectStore@3f4a605f, with PersistenceManager: null will be shutdown
2024-04-30T20:08:49,131  INFO [main] metastore.ObjectStore: RawStore: org.apache.hadoop.hive.metastore.ObjectStore@3f4a605f, with PersistenceManager: org.datanucleus.api.jdo.JDOPersistenceManager@30c8c6ab created in the thread with id: 1
2024-04-30T20:08:49,134  INFO [main] metastore.HMSHandler: Created RawStore: org.apache.hadoop.hive.metastore.ObjectStore@3f4a605f from thread id: 1
2024-04-30T20:08:49,134  INFO [main] metastore.HMSHandler: HMS server filtering is disabled by configuration
2024-04-30T20:08:49,135  INFO [main] metastore.RetryingMetaStoreClient: RetryingMetaStoreClient proxy=class org.apache.hadoop.hive.ql.metadata.SessionHiveMetaStoreClient ugi=alex (auth:SIMPLE) retries=1 delay=1 lifetime=0
2024-04-30T20:08:49,135  INFO [main] service.CompositeService: Operation log root directory is created: /home/alex/Repositories/hive/beeline/target/tmp/alex/operation_logs
2024-04-30T20:08:49,135  INFO [main] service.CompositeService: HiveServer2: Background operation thread pool size: 100
2024-04-30T20:08:49,135  INFO [main] service.CompositeService: HiveServer2: Background operation thread wait queue size: 100
2024-04-30T20:08:49,135  INFO [main] service.CompositeService: HiveServer2: Background operation thread keepalive time: 10 seconds
2024-04-30T20:08:49,135  INFO [main] service.CompositeService: Connections limit are user: 0 ipaddress: 0 user-ipaddress: 0
2024-04-30T20:08:49,137  INFO [main] cleanup.EventualCleanupService: EventualCleanupService started with 10 threads and queue of size 10000
ERROR StatusLogger Log4j2 ConfigurationScheduler attempted to increment scheduled items after start
ERROR StatusLogger Log4j2 ConfigurationScheduler attempted to increment scheduled items after start
2024-04-30T20:08:49,138  INFO [main] service.AbstractService: Service:OperationManager is inited.
2024-04-30T20:08:49,138  INFO [main] service.AbstractService: Service:SessionManager is inited.
2024-04-30T20:08:49,138  INFO [main] service.AbstractService: Service:CLIService is inited.
2024-04-30T20:08:49,138  INFO [main] service.AbstractService: Service:OperationManager is started.
2024-04-30T20:08:49,138  INFO [main] service.AbstractService: Service:SessionManager is started.
2024-04-30T20:08:49,138  INFO [main] service.AbstractService: Service:CLIService is started.
2024-04-30T20:08:49,138  INFO [main] service.AbstractService: Service:ThriftBinaryCLIService is inited.
2024-04-30T20:08:49,138  INFO [main] thrift.ThriftCLIService: Client protocol version: HIVE_CLI_SERVICE_PROTOCOL_V10
2024-04-30T20:08:49,138  INFO [main] thrift.ThriftCLIService: Creating Hive session handle for user [null] from IP null
2024-04-30T20:08:49,139  INFO [main] DependencyResolver: ivysettings.xml file not found in HIVE_HOME or HIVE_CONF_DIR,/home/alex/Repositories/hive/conf/ivysettings.xml will be used
2024-04-30T20:08:49,146  INFO [main] session.SessionState: Created HDFS directory: /tmp/hive/alex/eb15ab91-3ab1-4c68-9524-9675e5a2f062
2024-04-30T20:08:49,149  INFO [main] session.SessionState: Created local directory: /home/alex/Repositories/hive/beeline/target/tmp/alex/eb15ab91-3ab1-4c68-9524-9675e5a2f062
2024-04-30T20:08:49,152  INFO [main] session.SessionState: Created HDFS directory: /tmp/hive/alex/eb15ab91-3ab1-4c68-9524-9675e5a2f062/_tmp_space.db
2024-04-30T20:08:49,152  INFO [main] session.SessionState: Reloading auxiliary JAR files
2024-04-30T20:08:49,152  WARN [main] session.SessionState: Configuration hive.reloadable.aux.jars.path not specified
2024-04-30T20:08:49,153  INFO [main] HiveMetaStore.audit: ugi=alex	ip=unknown-ip-addr	cmd=Cleaning up thread local RawStore...	
2024-04-30T20:08:49,153  INFO [main] metastore.ObjectStore: RawStore: org.apache.hadoop.hive.metastore.ObjectStore@3f4a605f, with PersistenceManager: org.datanucleus.api.jdo.JDOPersistenceManager@30c8c6ab will be shutdown
2024-04-30T20:08:49,153  INFO [main] HiveMetaStore.audit: ugi=alex	ip=unknown-ip-addr	cmd=Done cleaning up thread local RawStore	
2024-04-30T20:08:49,153  INFO [main] metastore.HiveMetaStoreClient: Closed a connection to metastore, current connections: -16
2024-04-30T20:08:49,153  INFO [main] session.HiveSessionImpl: Operation log session directory is created: /home/alex/Repositories/hive/beeline/target/tmp/alex/operation_logs/eb15ab91-3ab1-4c68-9524-9675e5a2f062
2024-04-30T20:08:49,153  INFO [main] service.CompositeService: Session opened, SessionHandle [eb15ab91-3ab1-4c68-9524-9675e5a2f062], current sessions:1
2024-04-30T20:08:49,153  INFO [main] thrift.ThriftCLIService: Login attempt is successful for user : null
2024-04-30T20:08:49,198  WARN [main] conf.HiveConf: HiveConf of name hive.dummyparam.test.server.specific.config.override does not exist
2024-04-30T20:08:49,198  WARN [main] conf.HiveConf: HiveConf of name hive.dummyparam.test.server.specific.config.hiveserver2site does not exist
2024-04-30T20:08:49,199  WARN [main] conf.HiveConf: HiveConf of name hive.dummyparam.test.server.specific.config.metastoresite does not exist
2024-04-30T20:08:49,199  INFO [eb15ab91-3ab1-4c68-9524-9675e5a2f062 main] session.HiveSessionImpl: executing set
2024-04-30T20:08:49,200  INFO [eb15ab91-3ab1-4c68-9524-9675e5a2f062 main] operation.HiveCommandOperation: Putting temp output to file /home/alex/Repositories/hive/beeline/target/tmp/alex/eb15ab91-3ab1-4c68-9524-9675e5a2f0626651872001321805210.pipeout and error output to file /home/alex/Repositories/hive/beeline/target/tmp/alex/eb15ab91-3ab1-4c68-9524-9675e5a2f0621229070626544736392.pipeout
2024-04-30T20:08:49,200  INFO [eb15ab91-3ab1-4c68-9524-9675e5a2f062 main] operation.OperationManager: Adding operation: OperationHandle [opType=EXECUTE_STATEMENT, getHandleIdentifier()=cb342455-e21a-44d4-89e7-1cc7878ea47a] SessionHandle [eb15ab91-3ab1-4c68-9524-9675e5a2f062]
2024-04-30T20:08:49,200  INFO [eb15ab91-3ab1-4c68-9524-9675e5a2f062 main] common.LogUtils: Thread context registration is done.
DEBUG StatusLogger Building Plugin[name=filter, class=org.apache.hadoop.hive.ql.log.LogDivertAppender$NameFilter].
DEBUG StatusLogger createFilter(loggingLevel="EXECUTION")
DEBUG StatusLogger Building Plugin[name=layout, class=org.apache.logging.log4j.core.layout.PatternLayout].
DEBUG StatusLogger PatternLayout$Builder(pattern="%-5p : %m%n", PatternSelector=null, Configuration(HiveLog4j2Test), Replace=null, charset="null", alwaysWriteExceptions="null", disableAnsi="null", noConsoleNoAnsi="null", header="null", footer="null")
DEBUG StatusLogger Building Plugin[name=appender, class=org.apache.hadoop.hive.ql.log.HushableRandomAccessFileAppender].
DEBUG StatusLogger createAppender(fileName="/home/alex/Repositories/hive/beeline/target/tmp/alex/operation_logs/eb15ab91-3ab1-4c68-9524-9675e5a2f062/alex_20240430200849_f91e03dd-dc71-4a35-9ad3-ba862cec3921", append="null", name="query-file-appender", immediateFlush="null", bufferSize="null", ignoreExceptions="null", PatternLayout(org.apache.logging.log4j.core.layout.PatternLayout with name PatternLayout), NameFilter(org.apache.hadoop.hive.ql.log.LogDivertAppender$NameFilter with name NameFilter), advertise="null", advertiseURI="null", Configuration(HiveLog4j2Test))
DEBUG StatusLogger Starting RandomAccessFileManager /home/alex/Repositories/hive/beeline/target/tmp/alex/operation_logs/eb15ab91-3ab1-4c68-9524-9675e5a2f062/alex_20240430200849_f91e03dd-dc71-4a35-9ad3-ba862cec3921
DEBUG StatusLogger Building Plugin[name=, class=org.apache.hadoop.hive.ql.log.LogDivertAppenderForTest$TestFilter].
DEBUG StatusLogger createFilter()
DEBUG StatusLogger Building Plugin[name=, class=org.apache.logging.log4j.core.layout.PatternLayout].
DEBUG StatusLogger PatternLayout$Builder(pattern="%-5p : %m%n", PatternSelector=null, Configuration(HiveLog4j2Test), Replace=null, charset="null", alwaysWriteExceptions="null", disableAnsi="null", noConsoleNoAnsi="null", header="null", footer="null")
DEBUG StatusLogger Building Plugin[name=appender, class=org.apache.hadoop.hive.ql.log.HushableRandomAccessFileAppender].
DEBUG StatusLogger createAppender(fileName="/home/alex/Repositories/hive/beeline/target/tmp/alex/operation_logs/eb15ab91-3ab1-4c68-9524-9675e5a2f062/alex_20240430200849_f91e03dd-dc71-4a35-9ad3-ba862cec3921.test", append="null", name="test-query-file-appender", immediateFlush="null", bufferSize="null", ignoreExceptions="null", PatternLayout(org.apache.logging.log4j.core.layout.PatternLayout with name PatternLayout), test-filter(org.apache.hadoop.hive.ql.log.LogDivertAppenderForTest$TestFilter with name test-filter), advertise="null", advertiseURI="null", Configuration(HiveLog4j2Test))
DEBUG StatusLogger Starting RandomAccessFileManager /home/alex/Repositories/hive/beeline/target/tmp/alex/operation_logs/eb15ab91-3ab1-4c68-9524-9675e5a2f062/alex_20240430200849_f91e03dd-dc71-4a35-9ad3-ba862cec3921.test
2024-04-30T20:08:49,203  INFO [eb15ab91-3ab1-4c68-9524-9675e5a2f062 main] operation.HiveCommandOperation: [opType=EXECUTE_STATEMENT, queryId=alex_20240430200849_f91e03dd-dc71-4a35-9ad3-ba862cec3921, startTime=1714532929199, sessionId=eb15ab91-3ab1-4c68-9524-9675e5a2f062, createTime=1714532929138, userName=null, ipAddress=null]
2024-04-30T20:08:49,211  INFO [eb15ab91-3ab1-4c68-9524-9675e5a2f062 main] common.LogUtils: Unregistered logging context.
2024-04-30T20:08:49,213  INFO [eb15ab91-3ab1-4c68-9524-9675e5a2f062 main] operation.OperationManager: Closing operation: OperationHandle [opType=EXECUTE_STATEMENT, getHandleIdentifier()=cb342455-e21a-44d4-89e7-1cc7878ea47a]
2024-04-30T20:08:49,213  INFO [eb15ab91-3ab1-4c68-9524-9675e5a2f062 main] operation.OperationManager: Removed queryId: alex_20240430200849_f91e03dd-dc71-4a35-9ad3-ba862cec3921 corresponding to operation: OperationHandle [opType=EXECUTE_STATEMENT, getHandleIdentifier()=cb342455-e21a-44d4-89e7-1cc7878ea47a] with tag: null
2024-04-30T20:08:49,214  INFO [eb15ab91-3ab1-4c68-9524-9675e5a2f062 main] operation.HiveCommandOperation: Closing operation log /home/alex/Repositories/hive/beeline/target/tmp/alex/operation_logs/eb15ab91-3ab1-4c68-9524-9675e5a2f062/alex_20240430200849_f91e03dd-dc71-4a35-9ad3-ba862cec3921 without delay
2024-04-30T20:08:49,221  INFO [eb15ab91-3ab1-4c68-9524-9675e5a2f062 main] session.HiveSessionImpl: executing create database if not exists testDB
2024-04-30T20:08:49,222  INFO [eb15ab91-3ab1-4c68-9524-9675e5a2f062 main] operation.OperationManager: Adding operation: OperationHandle [opType=EXECUTE_STATEMENT, getHandleIdentifier()=59fb22e9-7573-4877-a862-00445176592e] SessionHandle [eb15ab91-3ab1-4c68-9524-9675e5a2f062]
2024-04-30T20:08:49,222  INFO [eb15ab91-3ab1-4c68-9524-9675e5a2f062 main] common.LogUtils: Thread context registration is done.
DEBUG StatusLogger Building Plugin[name=filter, class=org.apache.hadoop.hive.ql.log.LogDivertAppender$NameFilter].
DEBUG StatusLogger createFilter(loggingLevel="EXECUTION")
DEBUG StatusLogger Building Plugin[name=layout, class=org.apache.logging.log4j.core.layout.PatternLayout].
DEBUG StatusLogger PatternLayout$Builder(pattern="%-5p : %m%n", PatternSelector=null, Configuration(HiveLog4j2Test), Replace=null, charset="null", alwaysWriteExceptions="null", disableAnsi="null", noConsoleNoAnsi="null", header="null", footer="null")
DEBUG StatusLogger Building Plugin[name=appender, class=org.apache.hadoop.hive.ql.log.HushableRandomAccessFileAppender].
DEBUG StatusLogger createAppender(fileName="/home/alex/Repositories/hive/beeline/target/tmp/alex/operation_logs/eb15ab91-3ab1-4c68-9524-9675e5a2f062/alex_20240430200849_14ebfad3-aa5b-42a6-9548-c15147293a1c", append="null", name="query-file-appender", immediateFlush="null", bufferSize="null", ignoreExceptions="null", PatternLayout(org.apache.logging.log4j.core.layout.PatternLayout with name PatternLayout), NameFilter(org.apache.hadoop.hive.ql.log.LogDivertAppender$NameFilter with name NameFilter), advertise="null", advertiseURI="null", Configuration(HiveLog4j2Test))
DEBUG StatusLogger Starting RandomAccessFileManager /home/alex/Repositories/hive/beeline/target/tmp/alex/operation_logs/eb15ab91-3ab1-4c68-9524-9675e5a2f062/alex_20240430200849_14ebfad3-aa5b-42a6-9548-c15147293a1c
DEBUG StatusLogger Building Plugin[name=, class=org.apache.hadoop.hive.ql.log.LogDivertAppenderForTest$TestFilter].
DEBUG StatusLogger createFilter()
DEBUG StatusLogger Building Plugin[name=, class=org.apache.logging.log4j.core.layout.PatternLayout].
DEBUG StatusLogger PatternLayout$Builder(pattern="%-5p : %m%n", PatternSelector=null, Configuration(HiveLog4j2Test), Replace=null, charset="null", alwaysWriteExceptions="null", disableAnsi="null", noConsoleNoAnsi="null", header="null", footer="null")
DEBUG StatusLogger Building Plugin[name=appender, class=org.apache.hadoop.hive.ql.log.HushableRandomAccessFileAppender].
DEBUG StatusLogger createAppender(fileName="/home/alex/Repositories/hive/beeline/target/tmp/alex/operation_logs/eb15ab91-3ab1-4c68-9524-9675e5a2f062/alex_20240430200849_14ebfad3-aa5b-42a6-9548-c15147293a1c.test", append="null", name="test-query-file-appender", immediateFlush="null", bufferSize="null", ignoreExceptions="null", PatternLayout(org.apache.logging.log4j.core.layout.PatternLayout with name PatternLayout), test-filter(org.apache.hadoop.hive.ql.log.LogDivertAppenderForTest$TestFilter with name test-filter), advertise="null", advertiseURI="null", Configuration(HiveLog4j2Test))
DEBUG StatusLogger Starting RandomAccessFileManager /home/alex/Repositories/hive/beeline/target/tmp/alex/operation_logs/eb15ab91-3ab1-4c68-9524-9675e5a2f062/alex_20240430200849_14ebfad3-aa5b-42a6-9548-c15147293a1c.test
2024-04-30T20:08:49,226  INFO [eb15ab91-3ab1-4c68-9524-9675e5a2f062 main] operation.SQLOperation: [opType=EXECUTE_STATEMENT, queryId=alex_20240430200849_14ebfad3-aa5b-42a6-9548-c15147293a1c, startTime=1714532929221, sessionId=eb15ab91-3ab1-4c68-9524-9675e5a2f062, createTime=1714532929138, userName=null, ipAddress=null]
2024-04-30T20:08:49,227  INFO [eb15ab91-3ab1-4c68-9524-9675e5a2f062 main] ql.Driver: Compiling command(queryId=alex_20240430200849_14ebfad3-aa5b-42a6-9548-c15147293a1c): create database if not exists testDB
2024-04-30T20:08:49,228  INFO [eb15ab91-3ab1-4c68-9524-9675e5a2f062 main] metastore.HiveMetaStoreClient: HMS client filtering is enabled.
2024-04-30T20:08:49,228  INFO [eb15ab91-3ab1-4c68-9524-9675e5a2f062 main] metastore.HMSHandler: 0: Opening raw store with implementation class:org.apache.hadoop.hive.metastore.ObjectStore
2024-04-30T20:08:49,229  INFO [eb15ab91-3ab1-4c68-9524-9675e5a2f062 main] metastore.PersistenceManagerProvider: Configuration datanucleus.autoStartMechanismMode is not set. Defaulting to 'ignored'
2024-04-30T20:08:49,229  INFO [eb15ab91-3ab1-4c68-9524-9675e5a2f062 main] metastore.ObjectStore: RawStore: org.apache.hadoop.hive.metastore.ObjectStore@b808af5, with PersistenceManager: null will be shutdown
2024-04-30T20:08:49,229  INFO [eb15ab91-3ab1-4c68-9524-9675e5a2f062 main] metastore.ObjectStore: RawStore: org.apache.hadoop.hive.metastore.ObjectStore@b808af5, with PersistenceManager: org.datanucleus.api.jdo.JDOPersistenceManager@18b04526 created in the thread with id: 1
2024-04-30T20:08:49,232  INFO [eb15ab91-3ab1-4c68-9524-9675e5a2f062 main] metastore.HMSHandler: Created RawStore: org.apache.hadoop.hive.metastore.ObjectStore@b808af5 from thread id: 1
2024-04-30T20:08:49,232  INFO [eb15ab91-3ab1-4c68-9524-9675e5a2f062 main] metastore.HMSHandler: HMS server filtering is disabled by configuration
2024-04-30T20:08:49,232  INFO [eb15ab91-3ab1-4c68-9524-9675e5a2f062 main] metastore.RetryingMetaStoreClient: RetryingMetaStoreClient proxy=class org.apache.hadoop.hive.ql.metadata.SessionHiveMetaStoreClient ugi=alex (auth:SIMPLE) retries=1 delay=1 lifetime=0
2024-04-30T20:08:49,233  INFO [eb15ab91-3ab1-4c68-9524-9675e5a2f062 main] ql.Driver: Semantic Analysis Completed (retrial = false)
2024-04-30T20:08:49,233  INFO [eb15ab91-3ab1-4c68-9524-9675e5a2f062 main] ql.Driver: Created Hive schema: Schema(fieldSchemas:null, properties:null)
2024-04-30T20:08:49,233  INFO [eb15ab91-3ab1-4c68-9524-9675e5a2f062 main] metadata.Hive: Dumping metastore api call timing information for : compilation phase
2024-04-30T20:08:49,233  INFO [eb15ab91-3ab1-4c68-9524-9675e5a2f062 main] metadata.Hive: Total time spent in each metastore function (ms): {isCompatibleWith_(Configuration)=0, flushCache_()=0}
2024-04-30T20:08:49,233  INFO [eb15ab91-3ab1-4c68-9524-9675e5a2f062 main] ql.Driver: Completed compiling command(queryId=alex_20240430200849_14ebfad3-aa5b-42a6-9548-c15147293a1c); Time taken: 0.006 seconds
2024-04-30T20:08:49,233  INFO [eb15ab91-3ab1-4c68-9524-9675e5a2f062 main] common.LogUtils: Unregistered logging context.
2024-04-30T20:08:49,234  INFO [HiveServer2-Background-Pool: Thread-306] common.LogUtils: Thread context registration is done.
2024-04-30T20:08:49,234  INFO [HiveServer2-Background-Pool: Thread-306] reexec.ReExecDriver: Execution #1 of query
2024-04-30T20:08:49,234  INFO [HiveServer2-Background-Pool: Thread-306] ql.Driver: Concurrency mode is disabled, not creating a lock manager
2024-04-30T20:08:49,234  INFO [HiveServer2-Background-Pool: Thread-306] ql.Driver: Executing command(queryId=alex_20240430200849_14ebfad3-aa5b-42a6-9548-c15147293a1c): create database if not exists testDB
2024-04-30T20:08:49,235  INFO [HiveServer2-Background-Pool: Thread-306] ql.Driver: Starting task [Stage-0:DDL] in serial mode
2024-04-30T20:08:49,235  INFO [HiveServer2-Background-Pool: Thread-306] sqlstd.SQLStdHiveAccessController: Created SQLStdHiveAccessController for session context : HiveAuthzSessionContext [sessionString=eb15ab91-3ab1-4c68-9524-9675e5a2f062, clientType=HIVESERVER2]
2024-04-30T20:08:49,235  WARN [HiveServer2-Background-Pool: Thread-306] exec.DDLTask: metastore.warehouse.external.dir is not set, falling back to metastore.warehouse.dir. This could cause external tables to use to managed tablespace.
2024-04-30T20:08:49,236  INFO [HiveServer2-Background-Pool: Thread-306] HiveMetaStore.audit: ugi=alex	ip=unknown-ip-addr	cmd=create_database: Database(name:testDB, description:null, locationUri:file:/home/alex/Repositories/hive/beeline/target/tmp/warehouse/testdb.db, parameters:null, ownerName:alex, ownerType:USER, catalogName:hive, type:NATIVE)	
2024-04-30T20:08:49,236  INFO [HiveServer2-Background-Pool: Thread-306] metastore.HMSHandler: 14: Opening raw store with implementation class:org.apache.hadoop.hive.metastore.ObjectStore
2024-04-30T20:08:49,237  INFO [HiveServer2-Background-Pool: Thread-306] metastore.ObjectStore: RawStore: org.apache.hadoop.hive.metastore.ObjectStore@3ff8da78, with PersistenceManager: null will be shutdown
2024-04-30T20:08:49,237  INFO [HiveServer2-Background-Pool: Thread-306] metastore.ObjectStore: RawStore: org.apache.hadoop.hive.metastore.ObjectStore@3ff8da78, with PersistenceManager: org.datanucleus.api.jdo.JDOPersistenceManager@7afa43e3 created in the thread with id: 306
2024-04-30T20:08:49,240  INFO [HiveServer2-Background-Pool: Thread-306] metastore.HMSHandler: Created RawStore: org.apache.hadoop.hive.metastore.ObjectStore@3ff8da78 from thread id: 306
2024-04-30T20:08:49,243  INFO [HiveServer2-Background-Pool: Thread-306] metastore.HMSHandler: Creating database path in external directory file:/home/alex/Repositories/hive/beeline/target/tmp/warehouse/testdb.db
2024-04-30T20:08:49,243  INFO [HiveServer2-Background-Pool: Thread-306] utils.FileUtils: Creating directory if it doesn't exist: file:/home/alex/Repositories/hive/beeline/target/tmp/warehouse/testdb.db
2024-04-30T20:08:49,246  INFO [HiveServer2-Background-Pool: Thread-306] metastore.HMSHandler: Created database path in external directory file:/home/alex/Repositories/hive/beeline/target/tmp/warehouse/testdb.db
2024-04-30T20:08:49,248  INFO [HiveServer2-Background-Pool: Thread-306] metadata.Hive: Dumping metastore api call timing information for : execution phase
2024-04-30T20:08:49,248  INFO [HiveServer2-Background-Pool: Thread-306] metadata.Hive: Total time spent in each metastore function (ms): {isCompatibleWith_(Configuration)=0, createDatabase_(Database)=12}
2024-04-30T20:08:49,248  INFO [HiveServer2-Background-Pool: Thread-306] ql.Driver: Completed executing command(queryId=alex_20240430200849_14ebfad3-aa5b-42a6-9548-c15147293a1c); Time taken: 0.014 seconds
2024-04-30T20:08:49,249  INFO [HiveServer2-Background-Pool: Thread-306] common.LogUtils: Unregistered logging context.
2024-04-30T20:08:49,251  INFO [eb15ab91-3ab1-4c68-9524-9675e5a2f062 main] operation.OperationManager: Closing operation: OperationHandle [opType=EXECUTE_STATEMENT, getHandleIdentifier()=59fb22e9-7573-4877-a862-00445176592e]
2024-04-30T20:08:49,251  INFO [eb15ab91-3ab1-4c68-9524-9675e5a2f062 main] operation.OperationManager: Removed queryId: alex_20240430200849_14ebfad3-aa5b-42a6-9548-c15147293a1c corresponding to operation: OperationHandle [opType=EXECUTE_STATEMENT, getHandleIdentifier()=59fb22e9-7573-4877-a862-00445176592e] with tag: null
2024-04-30T20:08:49,251  INFO [eb15ab91-3ab1-4c68-9524-9675e5a2f062 main] operation.SQLOperation: Closing operation log /home/alex/Repositories/hive/beeline/target/tmp/alex/operation_logs/eb15ab91-3ab1-4c68-9524-9675e5a2f062/alex_20240430200849_14ebfad3-aa5b-42a6-9548-c15147293a1c without delay
2024-04-30T20:08:49,255  INFO [eb15ab91-3ab1-4c68-9524-9675e5a2f062 main] session.HiveSessionImpl: executing use default
2024-04-30T20:08:49,256  INFO [eb15ab91-3ab1-4c68-9524-9675e5a2f062 main] operation.OperationManager: Adding operation: OperationHandle [opType=EXECUTE_STATEMENT, getHandleIdentifier()=7c402b21-eb71-4528-935a-3b93af034707] SessionHandle [eb15ab91-3ab1-4c68-9524-9675e5a2f062]
2024-04-30T20:08:49,256  INFO [eb15ab91-3ab1-4c68-9524-9675e5a2f062 main] common.LogUtils: Thread context registration is done.
DEBUG StatusLogger Building Plugin[name=filter, class=org.apache.hadoop.hive.ql.log.LogDivertAppender$NameFilter].
DEBUG StatusLogger createFilter(loggingLevel="EXECUTION")
DEBUG StatusLogger Building Plugin[name=layout, class=org.apache.logging.log4j.core.layout.PatternLayout].
DEBUG StatusLogger PatternLayout$Builder(pattern="%-5p : %m%n", PatternSelector=null, Configuration(HiveLog4j2Test), Replace=null, charset="null", alwaysWriteExceptions="null", disableAnsi="null", noConsoleNoAnsi="null", header="null", footer="null")
DEBUG StatusLogger Building Plugin[name=appender, class=org.apache.hadoop.hive.ql.log.HushableRandomAccessFileAppender].
DEBUG StatusLogger createAppender(fileName="/home/alex/Repositories/hive/beeline/target/tmp/alex/operation_logs/eb15ab91-3ab1-4c68-9524-9675e5a2f062/alex_20240430200849_5c85a83e-a992-4bcc-a79d-be94850d7686", append="null", name="query-file-appender", immediateFlush="null", bufferSize="null", ignoreExceptions="null", PatternLayout(org.apache.logging.log4j.core.layout.PatternLayout with name PatternLayout), NameFilter(org.apache.hadoop.hive.ql.log.LogDivertAppender$NameFilter with name NameFilter), advertise="null", advertiseURI="null", Configuration(HiveLog4j2Test))
DEBUG StatusLogger Starting RandomAccessFileManager /home/alex/Repositories/hive/beeline/target/tmp/alex/operation_logs/eb15ab91-3ab1-4c68-9524-9675e5a2f062/alex_20240430200849_5c85a83e-a992-4bcc-a79d-be94850d7686
DEBUG StatusLogger Building Plugin[name=, class=org.apache.hadoop.hive.ql.log.LogDivertAppenderForTest$TestFilter].
DEBUG StatusLogger createFilter()
DEBUG StatusLogger Building Plugin[name=, class=org.apache.logging.log4j.core.layout.PatternLayout].
DEBUG StatusLogger PatternLayout$Builder(pattern="%-5p : %m%n", PatternSelector=null, Configuration(HiveLog4j2Test), Replace=null, charset="null", alwaysWriteExceptions="null", disableAnsi="null", noConsoleNoAnsi="null", header="null", footer="null")
DEBUG StatusLogger Building Plugin[name=appender, class=org.apache.hadoop.hive.ql.log.HushableRandomAccessFileAppender].
DEBUG StatusLogger createAppender(fileName="/home/alex/Repositories/hive/beeline/target/tmp/alex/operation_logs/eb15ab91-3ab1-4c68-9524-9675e5a2f062/alex_20240430200849_5c85a83e-a992-4bcc-a79d-be94850d7686.test", append="null", name="test-query-file-appender", immediateFlush="null", bufferSize="null", ignoreExceptions="null", PatternLayout(org.apache.logging.log4j.core.layout.PatternLayout with name PatternLayout), test-filter(org.apache.hadoop.hive.ql.log.LogDivertAppenderForTest$TestFilter with name test-filter), advertise="null", advertiseURI="null", Configuration(HiveLog4j2Test))
DEBUG StatusLogger Starting RandomAccessFileManager /home/alex/Repositories/hive/beeline/target/tmp/alex/operation_logs/eb15ab91-3ab1-4c68-9524-9675e5a2f062/alex_20240430200849_5c85a83e-a992-4bcc-a79d-be94850d7686.test
2024-04-30T20:08:49,259  INFO [eb15ab91-3ab1-4c68-9524-9675e5a2f062 main] operation.SQLOperation: [opType=EXECUTE_STATEMENT, queryId=alex_20240430200849_5c85a83e-a992-4bcc-a79d-be94850d7686, startTime=1714532929255, sessionId=eb15ab91-3ab1-4c68-9524-9675e5a2f062, createTime=1714532929138, userName=null, ipAddress=null]
2024-04-30T20:08:49,260  INFO [eb15ab91-3ab1-4c68-9524-9675e5a2f062 main] ql.Driver: Compiling command(queryId=alex_20240430200849_5c85a83e-a992-4bcc-a79d-be94850d7686): use default
2024-04-30T20:08:49,260  INFO [eb15ab91-3ab1-4c68-9524-9675e5a2f062 main] HiveMetaStore.audit: ugi=alex	ip=unknown-ip-addr	cmd=get_database: default	
2024-04-30T20:08:49,261  INFO [eb15ab91-3ab1-4c68-9524-9675e5a2f062 main] ql.Driver: Semantic Analysis Completed (retrial = false)
2024-04-30T20:08:49,262  INFO [eb15ab91-3ab1-4c68-9524-9675e5a2f062 main] ql.Driver: Created Hive schema: Schema(fieldSchemas:null, properties:null)
2024-04-30T20:08:49,262  INFO [eb15ab91-3ab1-4c68-9524-9675e5a2f062 main] metadata.Hive: Dumping metastore api call timing information for : compilation phase
2024-04-30T20:08:49,262  INFO [eb15ab91-3ab1-4c68-9524-9675e5a2f062 main] metadata.Hive: Total time spent in each metastore function (ms): {isCompatibleWith_(Configuration)=0, getDatabase_(String)=1, flushCache_()=0}
2024-04-30T20:08:49,262  INFO [eb15ab91-3ab1-4c68-9524-9675e5a2f062 main] ql.Driver: Completed compiling command(queryId=alex_20240430200849_5c85a83e-a992-4bcc-a79d-be94850d7686); Time taken: 0.002 seconds
2024-04-30T20:08:49,262  INFO [eb15ab91-3ab1-4c68-9524-9675e5a2f062 main] common.LogUtils: Unregistered logging context.
2024-04-30T20:08:49,262  INFO [HiveServer2-Background-Pool: Thread-310] common.LogUtils: Thread context registration is done.
2024-04-30T20:08:49,263  INFO [HiveServer2-Background-Pool: Thread-310] reexec.ReExecDriver: Execution #1 of query
2024-04-30T20:08:49,263  INFO [HiveServer2-Background-Pool: Thread-310] ql.Driver: Concurrency mode is disabled, not creating a lock manager
2024-04-30T20:08:49,263  INFO [HiveServer2-Background-Pool: Thread-310] ql.Driver: Executing command(queryId=alex_20240430200849_5c85a83e-a992-4bcc-a79d-be94850d7686): use default
2024-04-30T20:08:49,263  INFO [HiveServer2-Background-Pool: Thread-310] ql.Driver: Starting task [Stage-0:DDL] in serial mode
2024-04-30T20:08:49,264  INFO [HiveServer2-Background-Pool: Thread-310] HiveMetaStore.audit: ugi=alex	ip=unknown-ip-addr	cmd=get_database: default	
2024-04-30T20:08:49,264  INFO [HiveServer2-Background-Pool: Thread-310] metastore.HMSHandler: 15: Opening raw store with implementation class:org.apache.hadoop.hive.metastore.ObjectStore
2024-04-30T20:08:49,265  INFO [HiveServer2-Background-Pool: Thread-310] metastore.ObjectStore: RawStore: org.apache.hadoop.hive.metastore.ObjectStore@571fc7c2, with PersistenceManager: null will be shutdown
2024-04-30T20:08:49,265  INFO [HiveServer2-Background-Pool: Thread-310] metastore.ObjectStore: RawStore: org.apache.hadoop.hive.metastore.ObjectStore@571fc7c2, with PersistenceManager: org.datanucleus.api.jdo.JDOPersistenceManager@121d4345 created in the thread with id: 310
2024-04-30T20:08:49,267  INFO [HiveServer2-Background-Pool: Thread-310] metastore.HMSHandler: Created RawStore: org.apache.hadoop.hive.metastore.ObjectStore@571fc7c2 from thread id: 310
2024-04-30T20:08:49,268  INFO [HiveServer2-Background-Pool: Thread-310] HiveMetaStore.audit: ugi=alex	ip=unknown-ip-addr	cmd=get_database: default	
2024-04-30T20:08:49,269  INFO [HiveServer2-Background-Pool: Thread-310] metadata.Hive: Dumping metastore api call timing information for : execution phase
2024-04-30T20:08:49,269  INFO [HiveServer2-Background-Pool: Thread-310] metadata.Hive: Total time spent in each metastore function (ms): {isCompatibleWith_(Configuration)=1, getDatabase_(String)=5}
2024-04-30T20:08:49,269  INFO [HiveServer2-Background-Pool: Thread-310] ql.Driver: Completed executing command(queryId=alex_20240430200849_5c85a83e-a992-4bcc-a79d-be94850d7686); Time taken: 0.006 seconds
2024-04-30T20:08:49,270  INFO [HiveServer2-Background-Pool: Thread-310] common.LogUtils: Unregistered logging context.
2024-04-30T20:08:49,271  INFO [eb15ab91-3ab1-4c68-9524-9675e5a2f062 main] operation.OperationManager: Closing operation: OperationHandle [opType=EXECUTE_STATEMENT, getHandleIdentifier()=7c402b21-eb71-4528-935a-3b93af034707]
2024-04-30T20:08:49,271  INFO [eb15ab91-3ab1-4c68-9524-9675e5a2f062 main] operation.OperationManager: Removed queryId: alex_20240430200849_5c85a83e-a992-4bcc-a79d-be94850d7686 corresponding to operation: OperationHandle [opType=EXECUTE_STATEMENT, getHandleIdentifier()=7c402b21-eb71-4528-935a-3b93af034707] with tag: null
2024-04-30T20:08:49,271  INFO [eb15ab91-3ab1-4c68-9524-9675e5a2f062 main] operation.SQLOperation: Closing operation log /home/alex/Repositories/hive/beeline/target/tmp/alex/operation_logs/eb15ab91-3ab1-4c68-9524-9675e5a2f062/alex_20240430200849_5c85a83e-a992-4bcc-a79d-be94850d7686 without delay
2024-04-30T20:08:49,275  INFO [main] service.CompositeService: Session closed, SessionHandle [eb15ab91-3ab1-4c68-9524-9675e5a2f062], current sessions:0
2024-04-30T20:08:49,275  INFO [eb15ab91-3ab1-4c68-9524-9675e5a2f062 main] session.HiveSessionImpl: Operation log session directory is deleted: /home/alex/Repositories/hive/beeline/target/tmp/alex/operation_logs/eb15ab91-3ab1-4c68-9524-9675e5a2f062
2024-04-30T20:08:49,275  INFO [main] cleanup.EventualCleanupService: Delete /tmp/hive/alex/eb15ab91-3ab1-4c68-9524-9675e5a2f062 operation was queued
2024-04-30T20:08:49,276  INFO [main] cleanup.EventualCleanupService: Delete /home/alex/Repositories/hive/beeline/target/tmp/alex/eb15ab91-3ab1-4c68-9524-9675e5a2f062 operation was queued
2024-04-30T20:08:49,276  INFO [EventualCleanupService thread 1] cleanup.EventualCleanupService: Deleted /home/alex/Repositories/hive/beeline/target/tmp/alex/eb15ab91-3ab1-4c68-9524-9675e5a2f062
2024-04-30T20:08:49,276  INFO [EventualCleanupService thread 0] cleanup.EventualCleanupService: Deleted /tmp/hive/alex/eb15ab91-3ab1-4c68-9524-9675e5a2f062
2024-04-30T20:08:49,276  INFO [main] HiveMetaStore.audit: ugi=alex	ip=unknown-ip-addr	cmd=Cleaning up thread local RawStore...	
2024-04-30T20:08:49,276  INFO [main] metastore.ObjectStore: RawStore: org.apache.hadoop.hive.metastore.ObjectStore@b808af5, with PersistenceManager: org.datanucleus.api.jdo.JDOPersistenceManager@18b04526 will be shutdown
2024-04-30T20:08:49,277  INFO [main] HiveMetaStore.audit: ugi=alex	ip=unknown-ip-addr	cmd=Done cleaning up thread local RawStore	
2024-04-30T20:08:49,277  INFO [main] metastore.HiveMetaStoreClient: Closed a connection to metastore, current connections: -17
]]></system-err>
  </testcase>
  <testcase name="testUseCurrentDB2" classname="org.apache.hive.beeline.cli.TestHiveCli" time="0.198">
    <failure type="java.lang.AssertionError"><![CDATA[java.lang.AssertionError: 
The expected keyword "hive (testDB)>" occur in the output: Connecting to jdbc:hive2://
Hive Session ID = 8f294285-b23e-43f3-9430-e5ec83e5d0e5
ivysettings.xml file not found in HIVE_HOME or HIVE_CONF_DIR,/home/alex/Repositories/hive/conf/ivysettings.xml will be used
ivysettings.xml file not found in HIVE_HOME or HIVE_CONF_DIR,/home/alex/Repositories/hive/conf/ivysettings.xml will be used
Connected to: Apache Hive (version 4.0.0-SNAPSHOT)
Error: Couldn't load manifest attributes. (state=,code=0)
Transaction isolation: TRANSACTION_REPEATABLE_READ
Beeline version ??? by Apache Hive
hive> create database if not exists testDB; set hive.cli.print.current.db=true;use
. . > testDB;
INFO  : Compiling command(queryId=alex_20240430200849_e0303e35-3cd5-4e62-afca-190346900551): create database if not exists testDB
INFO  : Semantic Analysis Completed (retrial = false)
INFO  : Created Hive schema: Schema(fieldSchemas:null, properties:null)
INFO  : Completed compiling command(queryId=alex_20240430200849_e0303e35-3cd5-4e62-afca-190346900551); Time taken: 0.004 seconds
INFO  : Concurrency mode is disabled, not creating a lock manager
INFO  : Executing command(queryId=alex_20240430200849_e0303e35-3cd5-4e62-afca-190346900551): create database if not exists testDB
INFO  : Starting task [Stage-0:DDL] in serial mode
DEBUG : Task getting executed using mapred tag : alex_20240430200849_e0303e35-3cd5-4e62-afca-190346900551,userid=null
INFO  : Completed executing command(queryId=alex_20240430200849_e0303e35-3cd5-4e62-afca-190346900551); Time taken: 0.009 seconds
DEBUG : Shutting down query create database if not exists testDB
Error: Failed to wait for operation to complete (state=08S01,code=0)
hive> use default;drop if exists testDB;
INFO  : Compiling command(queryId=alex_20240430200849_e5435490-220a-43f7-83f2-057ea1be229d): use default
INFO  : Semantic Analysis Completed (retrial = false)
INFO  : Created Hive schema: Schema(fieldSchemas:null, properties:null)
INFO  : Completed compiling command(queryId=alex_20240430200849_e5435490-220a-43f7-83f2-057ea1be229d); Time taken: 0.002 seconds
INFO  : Concurrency mode is disabled, not creating a lock manager
INFO  : Executing command(queryId=alex_20240430200849_e5435490-220a-43f7-83f2-057ea1be229d): use default
INFO  : Starting task [Stage-0:DDL] in serial mode
DEBUG : Task getting executed using mapred tag : alex_20240430200849_e5435490-220a-43f7-83f2-057ea1be229d,userid=null
INFO  : Completed executing command(queryId=alex_20240430200849_e5435490-220a-43f7-83f2-057ea1be229d); Time taken: 0.006 seconds
DEBUG : Shutting down query use default
Error: Failed to wait for operation to complete (state=08S01,code=0)
hive> Closing: 0: jdbc:hive2://

	at org.junit.Assert.fail(Assert.java:89)
	at org.junit.Assert.assertTrue(Assert.java:42)
	at org.apache.hive.beeline.cli.TestHiveCli.verifyCMD(TestHiveCli.java:270)
	at org.apache.hive.beeline.cli.TestHiveCli.testUseCurrentDB2(TestHiveCli.java:219)
	at sun.reflect.NativeMethodAccessorImpl.invoke0(Native Method)
	at sun.reflect.NativeMethodAccessorImpl.invoke(NativeMethodAccessorImpl.java:62)
	at sun.reflect.DelegatingMethodAccessorImpl.invoke(DelegatingMethodAccessorImpl.java:43)
	at java.lang.reflect.Method.invoke(Method.java:498)
	at org.junit.runners.model.FrameworkMethod$1.runReflectiveCall(FrameworkMethod.java:59)
	at org.junit.internal.runners.model.ReflectiveCallable.run(ReflectiveCallable.java:12)
	at org.junit.runners.model.FrameworkMethod.invokeExplosively(FrameworkMethod.java:56)
	at org.junit.internal.runners.statements.InvokeMethod.evaluate(InvokeMethod.java:17)
	at org.junit.internal.runners.statements.RunBefores.evaluate(RunBefores.java:26)
	at org.junit.internal.runners.statements.RunAfters.evaluate(RunAfters.java:27)
	at org.junit.runners.ParentRunner$3.evaluate(ParentRunner.java:306)
	at org.junit.runners.BlockJUnit4ClassRunner$1.evaluate(BlockJUnit4ClassRunner.java:100)
	at org.junit.runners.ParentRunner.runLeaf(ParentRunner.java:366)
	at org.junit.runners.BlockJUnit4ClassRunner.runChild(BlockJUnit4ClassRunner.java:103)
	at org.junit.runners.BlockJUnit4ClassRunner.runChild(BlockJUnit4ClassRunner.java:63)
	at org.junit.runners.ParentRunner$4.run(ParentRunner.java:331)
	at org.junit.runners.ParentRunner$1.schedule(ParentRunner.java:79)
	at org.junit.runners.ParentRunner.runChildren(ParentRunner.java:329)
	at org.junit.runners.ParentRunner.access$100(ParentRunner.java:66)
	at org.junit.runners.ParentRunner$2.evaluate(ParentRunner.java:293)
	at org.junit.internal.runners.statements.RunBefores.evaluate(RunBefores.java:26)
	at org.junit.runners.ParentRunner$3.evaluate(ParentRunner.java:306)
	at org.junit.runners.ParentRunner.run(ParentRunner.java:413)
	at org.junit.runner.JUnitCore.run(JUnitCore.java:137)
	at org.junit.runner.JUnitCore.run(JUnitCore.java:115)
	at org.junit.vintage.engine.execution.RunnerExecutor.execute(RunnerExecutor.java:43)
	at java.util.stream.ForEachOps$ForEachOp$OfRef.accept(ForEachOps.java:183)
	at java.util.stream.ReferencePipeline$3$1.accept(ReferencePipeline.java:193)
	at java.util.Iterator.forEachRemaining(Iterator.java:116)
	at java.util.Spliterators$IteratorSpliterator.forEachRemaining(Spliterators.java:1801)
	at java.util.stream.AbstractPipeline.copyInto(AbstractPipeline.java:482)
	at java.util.stream.AbstractPipeline.wrapAndCopyInto(AbstractPipeline.java:472)
	at java.util.stream.ForEachOps$ForEachOp.evaluateSequential(ForEachOps.java:150)
	at java.util.stream.ForEachOps$ForEachOp$OfRef.evaluateSequential(ForEachOps.java:173)
	at java.util.stream.AbstractPipeline.evaluate(AbstractPipeline.java:234)
	at java.util.stream.ReferencePipeline.forEach(ReferencePipeline.java:485)
	at org.junit.vintage.engine.VintageTestEngine.executeAllChildren(VintageTestEngine.java:82)
	at org.junit.vintage.engine.VintageTestEngine.execute(VintageTestEngine.java:73)
	at org.junit.platform.launcher.core.DefaultLauncher.execute(DefaultLauncher.java:248)
	at org.junit.platform.launcher.core.DefaultLauncher.lambda$execute$5(DefaultLauncher.java:211)
	at org.junit.platform.launcher.core.DefaultLauncher.withInterceptedStreams(DefaultLauncher.java:226)
	at org.junit.platform.launcher.core.DefaultLauncher.execute(DefaultLauncher.java:199)
	at org.junit.platform.launcher.core.DefaultLauncher.execute(DefaultLauncher.java:132)
	at org.apache.maven.surefire.junitplatform.JUnitPlatformProvider.invokeAllTests(JUnitPlatformProvider.java:154)
	at org.apache.maven.surefire.junitplatform.JUnitPlatformProvider.invoke(JUnitPlatformProvider.java:123)
	at org.apache.maven.surefire.booter.ForkedBooter.runSuitesInProcess(ForkedBooter.java:377)
	at org.apache.maven.surefire.booter.ForkedBooter.execute(ForkedBooter.java:138)
	at org.apache.maven.surefire.booter.ForkedBooter.run(ForkedBooter.java:465)
	at org.apache.maven.surefire.booter.ForkedBooter.main(ForkedBooter.java:451)
]]></failure>
    <system-err><![CDATA[2024-04-30T20:08:49,278 ERROR [main] cli.TestHiveCli: Failed to execute command due to the error: java.lang.NullPointerException: Null output stream
2024-04-30T20:08:49,319  WARN [main] conf.HiveConf: HiveConf of name hive.dummyparam.test.server.specific.config.override does not exist
2024-04-30T20:08:49,319  WARN [main] conf.HiveConf: HiveConf of name hive.dummyparam.test.server.specific.config.hiveserver2site does not exist
2024-04-30T20:08:49,320  WARN [main] conf.HiveConf: HiveConf of name hive.dummyparam.test.server.specific.config.metastoresite does not exist
2024-04-30T20:08:49,320  INFO [main] SessionState: Hive Session ID = 8f294285-b23e-43f3-9430-e5ec83e5d0e5
2024-04-30T20:08:49,321  INFO [main] DependencyResolver: ivysettings.xml file not found in HIVE_HOME or HIVE_CONF_DIR,/home/alex/Repositories/hive/conf/ivysettings.xml will be used
2024-04-30T20:08:49,327  INFO [main] session.SessionState: Created HDFS directory: /tmp/hive/alex/8f294285-b23e-43f3-9430-e5ec83e5d0e5
2024-04-30T20:08:49,330  INFO [main] session.SessionState: Created local directory: /home/alex/Repositories/hive/beeline/target/tmp/alex/8f294285-b23e-43f3-9430-e5ec83e5d0e5
2024-04-30T20:08:49,334  INFO [main] session.SessionState: Created HDFS directory: /tmp/hive/alex/8f294285-b23e-43f3-9430-e5ec83e5d0e5/_tmp_space.db
2024-04-30T20:08:49,334  INFO [main] sqlstd.SQLStdHiveAccessController: Created SQLStdHiveAccessController for session context : HiveAuthzSessionContext [sessionString=8f294285-b23e-43f3-9430-e5ec83e5d0e5, clientType=HIVESERVER2]
2024-04-30T20:08:49,334  INFO [main] metastore.HiveMetaStoreClient: HMS client filtering is enabled.
2024-04-30T20:08:49,335  INFO [main] metastore.HMSHandler: 0: Opening raw store with implementation class:org.apache.hadoop.hive.metastore.ObjectStore
2024-04-30T20:08:49,335  INFO [main] metastore.PersistenceManagerProvider: Configuration datanucleus.autoStartMechanismMode is not set. Defaulting to 'ignored'
2024-04-30T20:08:49,335  INFO [main] metastore.ObjectStore: RawStore: org.apache.hadoop.hive.metastore.ObjectStore@11015ca0, with PersistenceManager: null will be shutdown
2024-04-30T20:08:49,336  INFO [main] metastore.ObjectStore: RawStore: org.apache.hadoop.hive.metastore.ObjectStore@11015ca0, with PersistenceManager: org.datanucleus.api.jdo.JDOPersistenceManager@6ebbc06 created in the thread with id: 1
2024-04-30T20:08:49,338  INFO [main] metastore.HMSHandler: Created RawStore: org.apache.hadoop.hive.metastore.ObjectStore@11015ca0 from thread id: 1
2024-04-30T20:08:49,338  INFO [main] metastore.HMSHandler: HMS server filtering is disabled by configuration
2024-04-30T20:08:49,338  INFO [main] metastore.RetryingMetaStoreClient: RetryingMetaStoreClient proxy=class org.apache.hadoop.hive.ql.metadata.SessionHiveMetaStoreClient ugi=alex (auth:SIMPLE) retries=1 delay=1 lifetime=0
2024-04-30T20:08:49,338  INFO [main] service.CompositeService: Operation log root directory is created: /home/alex/Repositories/hive/beeline/target/tmp/alex/operation_logs
2024-04-30T20:08:49,339  INFO [main] service.CompositeService: HiveServer2: Background operation thread pool size: 100
2024-04-30T20:08:49,339  INFO [main] service.CompositeService: HiveServer2: Background operation thread wait queue size: 100
2024-04-30T20:08:49,339  INFO [main] service.CompositeService: HiveServer2: Background operation thread keepalive time: 10 seconds
2024-04-30T20:08:49,339  INFO [main] service.CompositeService: Connections limit are user: 0 ipaddress: 0 user-ipaddress: 0
2024-04-30T20:08:49,340  INFO [main] cleanup.EventualCleanupService: EventualCleanupService started with 10 threads and queue of size 10000
ERROR StatusLogger Log4j2 ConfigurationScheduler attempted to increment scheduled items after start
ERROR StatusLogger Log4j2 ConfigurationScheduler attempted to increment scheduled items after start
2024-04-30T20:08:49,342  INFO [main] service.AbstractService: Service:OperationManager is inited.
2024-04-30T20:08:49,342  INFO [main] service.AbstractService: Service:SessionManager is inited.
2024-04-30T20:08:49,342  INFO [main] service.AbstractService: Service:CLIService is inited.
2024-04-30T20:08:49,342  INFO [main] service.AbstractService: Service:OperationManager is started.
2024-04-30T20:08:49,342  INFO [main] service.AbstractService: Service:SessionManager is started.
2024-04-30T20:08:49,342  INFO [main] service.AbstractService: Service:CLIService is started.
2024-04-30T20:08:49,342  INFO [main] service.AbstractService: Service:ThriftBinaryCLIService is inited.
2024-04-30T20:08:49,342  INFO [main] thrift.ThriftCLIService: Client protocol version: HIVE_CLI_SERVICE_PROTOCOL_V10
2024-04-30T20:08:49,342  INFO [main] thrift.ThriftCLIService: Creating Hive session handle for user [null] from IP null
2024-04-30T20:08:49,343  INFO [main] DependencyResolver: ivysettings.xml file not found in HIVE_HOME or HIVE_CONF_DIR,/home/alex/Repositories/hive/conf/ivysettings.xml will be used
2024-04-30T20:08:49,349  INFO [main] session.SessionState: Created HDFS directory: /tmp/hive/alex/128d4ae3-713e-4d6f-9f80-6c26dd705a8d
2024-04-30T20:08:49,352  INFO [main] session.SessionState: Created local directory: /home/alex/Repositories/hive/beeline/target/tmp/alex/128d4ae3-713e-4d6f-9f80-6c26dd705a8d
2024-04-30T20:08:49,355  INFO [main] session.SessionState: Created HDFS directory: /tmp/hive/alex/128d4ae3-713e-4d6f-9f80-6c26dd705a8d/_tmp_space.db
2024-04-30T20:08:49,356  INFO [main] session.SessionState: Reloading auxiliary JAR files
2024-04-30T20:08:49,356  WARN [main] session.SessionState: Configuration hive.reloadable.aux.jars.path not specified
2024-04-30T20:08:49,356  INFO [main] HiveMetaStore.audit: ugi=alex	ip=unknown-ip-addr	cmd=Cleaning up thread local RawStore...	
2024-04-30T20:08:49,356  INFO [main] metastore.ObjectStore: RawStore: org.apache.hadoop.hive.metastore.ObjectStore@11015ca0, with PersistenceManager: org.datanucleus.api.jdo.JDOPersistenceManager@6ebbc06 will be shutdown
2024-04-30T20:08:49,356  INFO [main] HiveMetaStore.audit: ugi=alex	ip=unknown-ip-addr	cmd=Done cleaning up thread local RawStore	
2024-04-30T20:08:49,356  INFO [main] metastore.HiveMetaStoreClient: Closed a connection to metastore, current connections: -18
2024-04-30T20:08:49,356  INFO [main] session.HiveSessionImpl: Operation log session directory is created: /home/alex/Repositories/hive/beeline/target/tmp/alex/operation_logs/128d4ae3-713e-4d6f-9f80-6c26dd705a8d
2024-04-30T20:08:49,356  INFO [main] service.CompositeService: Session opened, SessionHandle [128d4ae3-713e-4d6f-9f80-6c26dd705a8d], current sessions:1
2024-04-30T20:08:49,356  INFO [main] thrift.ThriftCLIService: Login attempt is successful for user : null
2024-04-30T20:08:49,399  WARN [main] conf.HiveConf: HiveConf of name hive.dummyparam.test.server.specific.config.override does not exist
2024-04-30T20:08:49,399  WARN [main] conf.HiveConf: HiveConf of name hive.dummyparam.test.server.specific.config.hiveserver2site does not exist
2024-04-30T20:08:49,399  WARN [main] conf.HiveConf: HiveConf of name hive.dummyparam.test.server.specific.config.metastoresite does not exist
2024-04-30T20:08:49,400  INFO [128d4ae3-713e-4d6f-9f80-6c26dd705a8d main] session.HiveSessionImpl: executing set
2024-04-30T20:08:49,400  INFO [128d4ae3-713e-4d6f-9f80-6c26dd705a8d main] operation.HiveCommandOperation: Putting temp output to file /home/alex/Repositories/hive/beeline/target/tmp/alex/128d4ae3-713e-4d6f-9f80-6c26dd705a8d4468215048525909527.pipeout and error output to file /home/alex/Repositories/hive/beeline/target/tmp/alex/128d4ae3-713e-4d6f-9f80-6c26dd705a8d1003635785726163724.pipeout
2024-04-30T20:08:49,400  INFO [128d4ae3-713e-4d6f-9f80-6c26dd705a8d main] operation.OperationManager: Adding operation: OperationHandle [opType=EXECUTE_STATEMENT, getHandleIdentifier()=a42a6e21-e3e8-4cde-9e48-50e071ce53d1] SessionHandle [128d4ae3-713e-4d6f-9f80-6c26dd705a8d]
2024-04-30T20:08:49,400  INFO [128d4ae3-713e-4d6f-9f80-6c26dd705a8d main] common.LogUtils: Thread context registration is done.
DEBUG StatusLogger Building Plugin[name=filter, class=org.apache.hadoop.hive.ql.log.LogDivertAppender$NameFilter].
DEBUG StatusLogger createFilter(loggingLevel="EXECUTION")
DEBUG StatusLogger Building Plugin[name=layout, class=org.apache.logging.log4j.core.layout.PatternLayout].
DEBUG StatusLogger PatternLayout$Builder(pattern="%-5p : %m%n", PatternSelector=null, Configuration(HiveLog4j2Test), Replace=null, charset="null", alwaysWriteExceptions="null", disableAnsi="null", noConsoleNoAnsi="null", header="null", footer="null")
DEBUG StatusLogger Building Plugin[name=appender, class=org.apache.hadoop.hive.ql.log.HushableRandomAccessFileAppender].
DEBUG StatusLogger createAppender(fileName="/home/alex/Repositories/hive/beeline/target/tmp/alex/operation_logs/128d4ae3-713e-4d6f-9f80-6c26dd705a8d/alex_20240430200849_5d29221f-4150-4507-b667-bd87d473c609", append="null", name="query-file-appender", immediateFlush="null", bufferSize="null", ignoreExceptions="null", PatternLayout(org.apache.logging.log4j.core.layout.PatternLayout with name PatternLayout), NameFilter(org.apache.hadoop.hive.ql.log.LogDivertAppender$NameFilter with name NameFilter), advertise="null", advertiseURI="null", Configuration(HiveLog4j2Test))
DEBUG StatusLogger Starting RandomAccessFileManager /home/alex/Repositories/hive/beeline/target/tmp/alex/operation_logs/128d4ae3-713e-4d6f-9f80-6c26dd705a8d/alex_20240430200849_5d29221f-4150-4507-b667-bd87d473c609
DEBUG StatusLogger Building Plugin[name=, class=org.apache.hadoop.hive.ql.log.LogDivertAppenderForTest$TestFilter].
DEBUG StatusLogger createFilter()
DEBUG StatusLogger Building Plugin[name=, class=org.apache.logging.log4j.core.layout.PatternLayout].
DEBUG StatusLogger PatternLayout$Builder(pattern="%-5p : %m%n", PatternSelector=null, Configuration(HiveLog4j2Test), Replace=null, charset="null", alwaysWriteExceptions="null", disableAnsi="null", noConsoleNoAnsi="null", header="null", footer="null")
DEBUG StatusLogger Building Plugin[name=appender, class=org.apache.hadoop.hive.ql.log.HushableRandomAccessFileAppender].
DEBUG StatusLogger createAppender(fileName="/home/alex/Repositories/hive/beeline/target/tmp/alex/operation_logs/128d4ae3-713e-4d6f-9f80-6c26dd705a8d/alex_20240430200849_5d29221f-4150-4507-b667-bd87d473c609.test", append="null", name="test-query-file-appender", immediateFlush="null", bufferSize="null", ignoreExceptions="null", PatternLayout(org.apache.logging.log4j.core.layout.PatternLayout with name PatternLayout), test-filter(org.apache.hadoop.hive.ql.log.LogDivertAppenderForTest$TestFilter with name test-filter), advertise="null", advertiseURI="null", Configuration(HiveLog4j2Test))
DEBUG StatusLogger Starting RandomAccessFileManager /home/alex/Repositories/hive/beeline/target/tmp/alex/operation_logs/128d4ae3-713e-4d6f-9f80-6c26dd705a8d/alex_20240430200849_5d29221f-4150-4507-b667-bd87d473c609.test
2024-04-30T20:08:49,404  INFO [128d4ae3-713e-4d6f-9f80-6c26dd705a8d main] operation.HiveCommandOperation: [opType=EXECUTE_STATEMENT, queryId=alex_20240430200849_5d29221f-4150-4507-b667-bd87d473c609, startTime=1714532929400, sessionId=128d4ae3-713e-4d6f-9f80-6c26dd705a8d, createTime=1714532929342, userName=null, ipAddress=null]
2024-04-30T20:08:49,412  INFO [128d4ae3-713e-4d6f-9f80-6c26dd705a8d main] common.LogUtils: Unregistered logging context.
2024-04-30T20:08:49,415  INFO [128d4ae3-713e-4d6f-9f80-6c26dd705a8d main] operation.OperationManager: Closing operation: OperationHandle [opType=EXECUTE_STATEMENT, getHandleIdentifier()=a42a6e21-e3e8-4cde-9e48-50e071ce53d1]
2024-04-30T20:08:49,415  INFO [128d4ae3-713e-4d6f-9f80-6c26dd705a8d main] operation.OperationManager: Removed queryId: alex_20240430200849_5d29221f-4150-4507-b667-bd87d473c609 corresponding to operation: OperationHandle [opType=EXECUTE_STATEMENT, getHandleIdentifier()=a42a6e21-e3e8-4cde-9e48-50e071ce53d1] with tag: null
2024-04-30T20:08:49,416  INFO [128d4ae3-713e-4d6f-9f80-6c26dd705a8d main] operation.HiveCommandOperation: Closing operation log /home/alex/Repositories/hive/beeline/target/tmp/alex/operation_logs/128d4ae3-713e-4d6f-9f80-6c26dd705a8d/alex_20240430200849_5d29221f-4150-4507-b667-bd87d473c609 without delay
2024-04-30T20:08:49,425  INFO [128d4ae3-713e-4d6f-9f80-6c26dd705a8d main] session.HiveSessionImpl: executing create database if not exists testDB
2024-04-30T20:08:49,426  INFO [128d4ae3-713e-4d6f-9f80-6c26dd705a8d main] operation.OperationManager: Adding operation: OperationHandle [opType=EXECUTE_STATEMENT, getHandleIdentifier()=ecc0bb84-d131-4faa-9298-f007ac6e685d] SessionHandle [128d4ae3-713e-4d6f-9f80-6c26dd705a8d]
2024-04-30T20:08:49,426  INFO [128d4ae3-713e-4d6f-9f80-6c26dd705a8d main] common.LogUtils: Thread context registration is done.
DEBUG StatusLogger Building Plugin[name=filter, class=org.apache.hadoop.hive.ql.log.LogDivertAppender$NameFilter].
DEBUG StatusLogger createFilter(loggingLevel="EXECUTION")
DEBUG StatusLogger Building Plugin[name=layout, class=org.apache.logging.log4j.core.layout.PatternLayout].
DEBUG StatusLogger PatternLayout$Builder(pattern="%-5p : %m%n", PatternSelector=null, Configuration(HiveLog4j2Test), Replace=null, charset="null", alwaysWriteExceptions="null", disableAnsi="null", noConsoleNoAnsi="null", header="null", footer="null")
DEBUG StatusLogger Building Plugin[name=appender, class=org.apache.hadoop.hive.ql.log.HushableRandomAccessFileAppender].
DEBUG StatusLogger createAppender(fileName="/home/alex/Repositories/hive/beeline/target/tmp/alex/operation_logs/128d4ae3-713e-4d6f-9f80-6c26dd705a8d/alex_20240430200849_e0303e35-3cd5-4e62-afca-190346900551", append="null", name="query-file-appender", immediateFlush="null", bufferSize="null", ignoreExceptions="null", PatternLayout(org.apache.logging.log4j.core.layout.PatternLayout with name PatternLayout), NameFilter(org.apache.hadoop.hive.ql.log.LogDivertAppender$NameFilter with name NameFilter), advertise="null", advertiseURI="null", Configuration(HiveLog4j2Test))
DEBUG StatusLogger Starting RandomAccessFileManager /home/alex/Repositories/hive/beeline/target/tmp/alex/operation_logs/128d4ae3-713e-4d6f-9f80-6c26dd705a8d/alex_20240430200849_e0303e35-3cd5-4e62-afca-190346900551
DEBUG StatusLogger Building Plugin[name=, class=org.apache.hadoop.hive.ql.log.LogDivertAppenderForTest$TestFilter].
DEBUG StatusLogger createFilter()
DEBUG StatusLogger Building Plugin[name=, class=org.apache.logging.log4j.core.layout.PatternLayout].
DEBUG StatusLogger PatternLayout$Builder(pattern="%-5p : %m%n", PatternSelector=null, Configuration(HiveLog4j2Test), Replace=null, charset="null", alwaysWriteExceptions="null", disableAnsi="null", noConsoleNoAnsi="null", header="null", footer="null")
DEBUG StatusLogger Building Plugin[name=appender, class=org.apache.hadoop.hive.ql.log.HushableRandomAccessFileAppender].
DEBUG StatusLogger createAppender(fileName="/home/alex/Repositories/hive/beeline/target/tmp/alex/operation_logs/128d4ae3-713e-4d6f-9f80-6c26dd705a8d/alex_20240430200849_e0303e35-3cd5-4e62-afca-190346900551.test", append="null", name="test-query-file-appender", immediateFlush="null", bufferSize="null", ignoreExceptions="null", PatternLayout(org.apache.logging.log4j.core.layout.PatternLayout with name PatternLayout), test-filter(org.apache.hadoop.hive.ql.log.LogDivertAppenderForTest$TestFilter with name test-filter), advertise="null", advertiseURI="null", Configuration(HiveLog4j2Test))
DEBUG StatusLogger Starting RandomAccessFileManager /home/alex/Repositories/hive/beeline/target/tmp/alex/operation_logs/128d4ae3-713e-4d6f-9f80-6c26dd705a8d/alex_20240430200849_e0303e35-3cd5-4e62-afca-190346900551.test
2024-04-30T20:08:49,430  INFO [128d4ae3-713e-4d6f-9f80-6c26dd705a8d main] operation.SQLOperation: [opType=EXECUTE_STATEMENT, queryId=alex_20240430200849_e0303e35-3cd5-4e62-afca-190346900551, startTime=1714532929426, sessionId=128d4ae3-713e-4d6f-9f80-6c26dd705a8d, createTime=1714532929342, userName=null, ipAddress=null]
2024-04-30T20:08:49,431  INFO [128d4ae3-713e-4d6f-9f80-6c26dd705a8d main] ql.Driver: Compiling command(queryId=alex_20240430200849_e0303e35-3cd5-4e62-afca-190346900551): create database if not exists testDB
2024-04-30T20:08:49,431  INFO [128d4ae3-713e-4d6f-9f80-6c26dd705a8d main] metastore.HiveMetaStoreClient: HMS client filtering is enabled.
2024-04-30T20:08:49,432  INFO [128d4ae3-713e-4d6f-9f80-6c26dd705a8d main] metastore.HMSHandler: 0: Opening raw store with implementation class:org.apache.hadoop.hive.metastore.ObjectStore
2024-04-30T20:08:49,432  INFO [128d4ae3-713e-4d6f-9f80-6c26dd705a8d main] metastore.PersistenceManagerProvider: Configuration datanucleus.autoStartMechanismMode is not set. Defaulting to 'ignored'
2024-04-30T20:08:49,432  INFO [128d4ae3-713e-4d6f-9f80-6c26dd705a8d main] metastore.ObjectStore: RawStore: org.apache.hadoop.hive.metastore.ObjectStore@24b3f778, with PersistenceManager: null will be shutdown
2024-04-30T20:08:49,433  INFO [128d4ae3-713e-4d6f-9f80-6c26dd705a8d main] metastore.ObjectStore: RawStore: org.apache.hadoop.hive.metastore.ObjectStore@24b3f778, with PersistenceManager: org.datanucleus.api.jdo.JDOPersistenceManager@164dea80 created in the thread with id: 1
2024-04-30T20:08:49,435  INFO [128d4ae3-713e-4d6f-9f80-6c26dd705a8d main] metastore.HMSHandler: Created RawStore: org.apache.hadoop.hive.metastore.ObjectStore@24b3f778 from thread id: 1
2024-04-30T20:08:49,435  INFO [128d4ae3-713e-4d6f-9f80-6c26dd705a8d main] metastore.HMSHandler: HMS server filtering is disabled by configuration
2024-04-30T20:08:49,435  INFO [128d4ae3-713e-4d6f-9f80-6c26dd705a8d main] metastore.RetryingMetaStoreClient: RetryingMetaStoreClient proxy=class org.apache.hadoop.hive.ql.metadata.SessionHiveMetaStoreClient ugi=alex (auth:SIMPLE) retries=1 delay=1 lifetime=0
2024-04-30T20:08:49,435  INFO [128d4ae3-713e-4d6f-9f80-6c26dd705a8d main] ql.Driver: Semantic Analysis Completed (retrial = false)
2024-04-30T20:08:49,435  INFO [128d4ae3-713e-4d6f-9f80-6c26dd705a8d main] ql.Driver: Created Hive schema: Schema(fieldSchemas:null, properties:null)
2024-04-30T20:08:49,436  INFO [128d4ae3-713e-4d6f-9f80-6c26dd705a8d main] metadata.Hive: Dumping metastore api call timing information for : compilation phase
2024-04-30T20:08:49,436  INFO [128d4ae3-713e-4d6f-9f80-6c26dd705a8d main] metadata.Hive: Total time spent in each metastore function (ms): {isCompatibleWith_(Configuration)=0, flushCache_()=0}
2024-04-30T20:08:49,436  INFO [128d4ae3-713e-4d6f-9f80-6c26dd705a8d main] ql.Driver: Completed compiling command(queryId=alex_20240430200849_e0303e35-3cd5-4e62-afca-190346900551); Time taken: 0.004 seconds
2024-04-30T20:08:49,436  INFO [128d4ae3-713e-4d6f-9f80-6c26dd705a8d main] common.LogUtils: Unregistered logging context.
2024-04-30T20:08:49,437  INFO [HiveServer2-Background-Pool: Thread-333] common.LogUtils: Thread context registration is done.
2024-04-30T20:08:49,437  INFO [HiveServer2-Background-Pool: Thread-333] reexec.ReExecDriver: Execution #1 of query
2024-04-30T20:08:49,437  INFO [HiveServer2-Background-Pool: Thread-333] ql.Driver: Concurrency mode is disabled, not creating a lock manager
2024-04-30T20:08:49,437  INFO [HiveServer2-Background-Pool: Thread-333] ql.Driver: Executing command(queryId=alex_20240430200849_e0303e35-3cd5-4e62-afca-190346900551): create database if not exists testDB
2024-04-30T20:08:49,438  INFO [HiveServer2-Background-Pool: Thread-333] ql.Driver: Starting task [Stage-0:DDL] in serial mode
2024-04-30T20:08:49,438  INFO [HiveServer2-Background-Pool: Thread-333] sqlstd.SQLStdHiveAccessController: Created SQLStdHiveAccessController for session context : HiveAuthzSessionContext [sessionString=128d4ae3-713e-4d6f-9f80-6c26dd705a8d, clientType=HIVESERVER2]
2024-04-30T20:08:49,438  WARN [HiveServer2-Background-Pool: Thread-333] exec.DDLTask: metastore.warehouse.external.dir is not set, falling back to metastore.warehouse.dir. This could cause external tables to use to managed tablespace.
2024-04-30T20:08:49,439  INFO [HiveServer2-Background-Pool: Thread-333] HiveMetaStore.audit: ugi=alex	ip=unknown-ip-addr	cmd=create_database: Database(name:testDB, description:null, locationUri:file:/home/alex/Repositories/hive/beeline/target/tmp/warehouse/testdb.db, parameters:null, ownerName:alex, ownerType:USER, catalogName:hive, type:NATIVE)	
2024-04-30T20:08:49,439  INFO [HiveServer2-Background-Pool: Thread-333] metastore.HMSHandler: 16: Opening raw store with implementation class:org.apache.hadoop.hive.metastore.ObjectStore
2024-04-30T20:08:49,440  INFO [HiveServer2-Background-Pool: Thread-333] metastore.ObjectStore: RawStore: org.apache.hadoop.hive.metastore.ObjectStore@7679b088, with PersistenceManager: null will be shutdown
2024-04-30T20:08:49,440  INFO [HiveServer2-Background-Pool: Thread-333] metastore.ObjectStore: RawStore: org.apache.hadoop.hive.metastore.ObjectStore@7679b088, with PersistenceManager: org.datanucleus.api.jdo.JDOPersistenceManager@337b3023 created in the thread with id: 333
2024-04-30T20:08:49,442  INFO [HiveServer2-Background-Pool: Thread-333] metastore.HMSHandler: Created RawStore: org.apache.hadoop.hive.metastore.ObjectStore@7679b088 from thread id: 333
2024-04-30T20:08:49,445 ERROR [HiveServer2-Background-Pool: Thread-333] metastore.RetryingHMSHandler: AlreadyExistsException(message:Database testDB already exists)
	at org.apache.hadoop.hive.metastore.HMSHandler.create_database(HMSHandler.java:1472)
	at sun.reflect.NativeMethodAccessorImpl.invoke0(Native Method)
	at sun.reflect.NativeMethodAccessorImpl.invoke(NativeMethodAccessorImpl.java:62)
	at sun.reflect.DelegatingMethodAccessorImpl.invoke(DelegatingMethodAccessorImpl.java:43)
	at java.lang.reflect.Method.invoke(Method.java:498)
	at org.apache.hadoop.hive.metastore.RetryingHMSHandler.invokeInternal(RetryingHMSHandler.java:147)
	at org.apache.hadoop.hive.metastore.RetryingHMSHandler.invoke(RetryingHMSHandler.java:108)
	at com.sun.proxy.$Proxy40.create_database(Unknown Source)
	at org.apache.hadoop.hive.metastore.HiveMetaStoreClient.createDatabase(HiveMetaStoreClient.java:1151)
	at sun.reflect.NativeMethodAccessorImpl.invoke0(Native Method)
	at sun.reflect.NativeMethodAccessorImpl.invoke(NativeMethodAccessorImpl.java:62)
	at sun.reflect.DelegatingMethodAccessorImpl.invoke(DelegatingMethodAccessorImpl.java:43)
	at java.lang.reflect.Method.invoke(Method.java:498)
	at org.apache.hadoop.hive.metastore.RetryingMetaStoreClient.invoke(RetryingMetaStoreClient.java:218)
	at com.sun.proxy.$Proxy41.createDatabase(Unknown Source)
	at org.apache.hadoop.hive.ql.metadata.Hive.createDatabase(Hive.java:605)
	at org.apache.hadoop.hive.ql.ddl.database.create.CreateDatabaseOperation.execute(CreateDatabaseOperation.java:68)
	at org.apache.hadoop.hive.ql.ddl.DDLTask.execute(DDLTask.java:84)
	at org.apache.hadoop.hive.ql.exec.Task.executeTask(Task.java:212)
	at org.apache.hadoop.hive.ql.exec.TaskRunner.runSequential(TaskRunner.java:105)
	at org.apache.hadoop.hive.ql.Executor.launchTask(Executor.java:361)
	at org.apache.hadoop.hive.ql.Executor.launchTasks(Executor.java:334)
	at org.apache.hadoop.hive.ql.Executor.runTasks(Executor.java:245)
	at org.apache.hadoop.hive.ql.Executor.execute(Executor.java:108)
	at org.apache.hadoop.hive.ql.Driver.execute(Driver.java:348)
	at org.apache.hadoop.hive.ql.Driver.runInternal(Driver.java:204)
	at org.apache.hadoop.hive.ql.Driver.run(Driver.java:153)
	at org.apache.hadoop.hive.ql.Driver.run(Driver.java:148)
	at org.apache.hadoop.hive.ql.reexec.ReExecDriver.run(ReExecDriver.java:164)
	at org.apache.hive.service.cli.operation.SQLOperation.runQuery(SQLOperation.java:233)
	at org.apache.hive.service.cli.operation.SQLOperation.access$500(SQLOperation.java:88)
	at org.apache.hive.service.cli.operation.SQLOperation$BackgroundWork$1.run(SQLOperation.java:336)
	at java.security.AccessController.doPrivileged(Native Method)
	at javax.security.auth.Subject.doAs(Subject.java:422)
	at org.apache.hadoop.security.UserGroupInformation.doAs(UserGroupInformation.java:1682)
	at org.apache.hive.service.cli.operation.SQLOperation$BackgroundWork.run(SQLOperation.java:356)
	at java.util.concurrent.Executors$RunnableAdapter.call(Executors.java:511)
	at java.util.concurrent.FutureTask.run(FutureTask.java:266)
	at java.util.concurrent.ThreadPoolExecutor.runWorker(ThreadPoolExecutor.java:1149)
	at java.util.concurrent.ThreadPoolExecutor$Worker.run(ThreadPoolExecutor.java:624)
	at java.lang.Thread.run(Thread.java:750)

2024-04-30T20:08:49,446  INFO [HiveServer2-Background-Pool: Thread-333] metadata.Hive: Dumping metastore api call timing information for : execution phase
2024-04-30T20:08:49,446  INFO [HiveServer2-Background-Pool: Thread-333] metadata.Hive: Total time spent in each metastore function (ms): {isCompatibleWith_(Configuration)=0}
2024-04-30T20:08:49,446  INFO [HiveServer2-Background-Pool: Thread-333] ql.Driver: Completed executing command(queryId=alex_20240430200849_e0303e35-3cd5-4e62-afca-190346900551); Time taken: 0.009 seconds
2024-04-30T20:08:49,446  INFO [HiveServer2-Background-Pool: Thread-333] common.LogUtils: Unregistered logging context.
2024-04-30T20:08:49,448  INFO [128d4ae3-713e-4d6f-9f80-6c26dd705a8d main] operation.OperationManager: Closing operation: OperationHandle [opType=EXECUTE_STATEMENT, getHandleIdentifier()=ecc0bb84-d131-4faa-9298-f007ac6e685d]
2024-04-30T20:08:49,448  INFO [128d4ae3-713e-4d6f-9f80-6c26dd705a8d main] operation.OperationManager: Removed queryId: alex_20240430200849_e0303e35-3cd5-4e62-afca-190346900551 corresponding to operation: OperationHandle [opType=EXECUTE_STATEMENT, getHandleIdentifier()=ecc0bb84-d131-4faa-9298-f007ac6e685d] with tag: null
2024-04-30T20:08:49,448  INFO [128d4ae3-713e-4d6f-9f80-6c26dd705a8d main] operation.SQLOperation: Closing operation log /home/alex/Repositories/hive/beeline/target/tmp/alex/operation_logs/128d4ae3-713e-4d6f-9f80-6c26dd705a8d/alex_20240430200849_e0303e35-3cd5-4e62-afca-190346900551 without delay
2024-04-30T20:08:49,452  INFO [128d4ae3-713e-4d6f-9f80-6c26dd705a8d main] session.HiveSessionImpl: executing use default
2024-04-30T20:08:49,453  INFO [128d4ae3-713e-4d6f-9f80-6c26dd705a8d main] operation.OperationManager: Adding operation: OperationHandle [opType=EXECUTE_STATEMENT, getHandleIdentifier()=f3fa7a88-7227-4baa-b6fc-30bf75a4134c] SessionHandle [128d4ae3-713e-4d6f-9f80-6c26dd705a8d]
2024-04-30T20:08:49,453  INFO [128d4ae3-713e-4d6f-9f80-6c26dd705a8d main] common.LogUtils: Thread context registration is done.
DEBUG StatusLogger Building Plugin[name=filter, class=org.apache.hadoop.hive.ql.log.LogDivertAppender$NameFilter].
DEBUG StatusLogger createFilter(loggingLevel="EXECUTION")
DEBUG StatusLogger Building Plugin[name=layout, class=org.apache.logging.log4j.core.layout.PatternLayout].
DEBUG StatusLogger PatternLayout$Builder(pattern="%-5p : %m%n", PatternSelector=null, Configuration(HiveLog4j2Test), Replace=null, charset="null", alwaysWriteExceptions="null", disableAnsi="null", noConsoleNoAnsi="null", header="null", footer="null")
DEBUG StatusLogger Building Plugin[name=appender, class=org.apache.hadoop.hive.ql.log.HushableRandomAccessFileAppender].
DEBUG StatusLogger createAppender(fileName="/home/alex/Repositories/hive/beeline/target/tmp/alex/operation_logs/128d4ae3-713e-4d6f-9f80-6c26dd705a8d/alex_20240430200849_e5435490-220a-43f7-83f2-057ea1be229d", append="null", name="query-file-appender", immediateFlush="null", bufferSize="null", ignoreExceptions="null", PatternLayout(org.apache.logging.log4j.core.layout.PatternLayout with name PatternLayout), NameFilter(org.apache.hadoop.hive.ql.log.LogDivertAppender$NameFilter with name NameFilter), advertise="null", advertiseURI="null", Configuration(HiveLog4j2Test))
DEBUG StatusLogger Starting RandomAccessFileManager /home/alex/Repositories/hive/beeline/target/tmp/alex/operation_logs/128d4ae3-713e-4d6f-9f80-6c26dd705a8d/alex_20240430200849_e5435490-220a-43f7-83f2-057ea1be229d
DEBUG StatusLogger Building Plugin[name=, class=org.apache.hadoop.hive.ql.log.LogDivertAppenderForTest$TestFilter].
DEBUG StatusLogger createFilter()
DEBUG StatusLogger Building Plugin[name=, class=org.apache.logging.log4j.core.layout.PatternLayout].
DEBUG StatusLogger PatternLayout$Builder(pattern="%-5p : %m%n", PatternSelector=null, Configuration(HiveLog4j2Test), Replace=null, charset="null", alwaysWriteExceptions="null", disableAnsi="null", noConsoleNoAnsi="null", header="null", footer="null")
DEBUG StatusLogger Building Plugin[name=appender, class=org.apache.hadoop.hive.ql.log.HushableRandomAccessFileAppender].
DEBUG StatusLogger createAppender(fileName="/home/alex/Repositories/hive/beeline/target/tmp/alex/operation_logs/128d4ae3-713e-4d6f-9f80-6c26dd705a8d/alex_20240430200849_e5435490-220a-43f7-83f2-057ea1be229d.test", append="null", name="test-query-file-appender", immediateFlush="null", bufferSize="null", ignoreExceptions="null", PatternLayout(org.apache.logging.log4j.core.layout.PatternLayout with name PatternLayout), test-filter(org.apache.hadoop.hive.ql.log.LogDivertAppenderForTest$TestFilter with name test-filter), advertise="null", advertiseURI="null", Configuration(HiveLog4j2Test))
DEBUG StatusLogger Starting RandomAccessFileManager /home/alex/Repositories/hive/beeline/target/tmp/alex/operation_logs/128d4ae3-713e-4d6f-9f80-6c26dd705a8d/alex_20240430200849_e5435490-220a-43f7-83f2-057ea1be229d.test
2024-04-30T20:08:49,457  INFO [128d4ae3-713e-4d6f-9f80-6c26dd705a8d main] operation.SQLOperation: [opType=EXECUTE_STATEMENT, queryId=alex_20240430200849_e5435490-220a-43f7-83f2-057ea1be229d, startTime=1714532929453, sessionId=128d4ae3-713e-4d6f-9f80-6c26dd705a8d, createTime=1714532929342, userName=null, ipAddress=null]
2024-04-30T20:08:49,458  INFO [128d4ae3-713e-4d6f-9f80-6c26dd705a8d main] ql.Driver: Compiling command(queryId=alex_20240430200849_e5435490-220a-43f7-83f2-057ea1be229d): use default
2024-04-30T20:08:49,459  INFO [128d4ae3-713e-4d6f-9f80-6c26dd705a8d main] HiveMetaStore.audit: ugi=alex	ip=unknown-ip-addr	cmd=get_database: default	
2024-04-30T20:08:49,460  INFO [128d4ae3-713e-4d6f-9f80-6c26dd705a8d main] ql.Driver: Semantic Analysis Completed (retrial = false)
2024-04-30T20:08:49,460  INFO [128d4ae3-713e-4d6f-9f80-6c26dd705a8d main] ql.Driver: Created Hive schema: Schema(fieldSchemas:null, properties:null)
2024-04-30T20:08:49,460  INFO [128d4ae3-713e-4d6f-9f80-6c26dd705a8d main] metadata.Hive: Dumping metastore api call timing information for : compilation phase
2024-04-30T20:08:49,460  INFO [128d4ae3-713e-4d6f-9f80-6c26dd705a8d main] metadata.Hive: Total time spent in each metastore function (ms): {isCompatibleWith_(Configuration)=0, getDatabase_(String)=1, flushCache_()=1}
2024-04-30T20:08:49,460  INFO [128d4ae3-713e-4d6f-9f80-6c26dd705a8d main] ql.Driver: Completed compiling command(queryId=alex_20240430200849_e5435490-220a-43f7-83f2-057ea1be229d); Time taken: 0.002 seconds
2024-04-30T20:08:49,461  INFO [128d4ae3-713e-4d6f-9f80-6c26dd705a8d main] common.LogUtils: Unregistered logging context.
2024-04-30T20:08:49,461  INFO [HiveServer2-Background-Pool: Thread-336] common.LogUtils: Thread context registration is done.
2024-04-30T20:08:49,461  INFO [HiveServer2-Background-Pool: Thread-336] reexec.ReExecDriver: Execution #1 of query
2024-04-30T20:08:49,462  INFO [HiveServer2-Background-Pool: Thread-336] ql.Driver: Concurrency mode is disabled, not creating a lock manager
2024-04-30T20:08:49,462  INFO [HiveServer2-Background-Pool: Thread-336] ql.Driver: Executing command(queryId=alex_20240430200849_e5435490-220a-43f7-83f2-057ea1be229d): use default
2024-04-30T20:08:49,462  INFO [HiveServer2-Background-Pool: Thread-336] ql.Driver: Starting task [Stage-0:DDL] in serial mode
2024-04-30T20:08:49,463  INFO [HiveServer2-Background-Pool: Thread-336] HiveMetaStore.audit: ugi=alex	ip=unknown-ip-addr	cmd=get_database: default	
2024-04-30T20:08:49,463  INFO [HiveServer2-Background-Pool: Thread-336] metastore.HMSHandler: 17: Opening raw store with implementation class:org.apache.hadoop.hive.metastore.ObjectStore
2024-04-30T20:08:49,464  INFO [HiveServer2-Background-Pool: Thread-336] metastore.ObjectStore: RawStore: org.apache.hadoop.hive.metastore.ObjectStore@639ee66e, with PersistenceManager: null will be shutdown
2024-04-30T20:08:49,464  INFO [HiveServer2-Background-Pool: Thread-336] metastore.ObjectStore: RawStore: org.apache.hadoop.hive.metastore.ObjectStore@639ee66e, with PersistenceManager: org.datanucleus.api.jdo.JDOPersistenceManager@269c7479 created in the thread with id: 336
2024-04-30T20:08:49,467  INFO [HiveServer2-Background-Pool: Thread-336] metastore.HMSHandler: Created RawStore: org.apache.hadoop.hive.metastore.ObjectStore@639ee66e from thread id: 336
2024-04-30T20:08:49,468  INFO [HiveServer2-Background-Pool: Thread-336] HiveMetaStore.audit: ugi=alex	ip=unknown-ip-addr	cmd=get_database: default	
2024-04-30T20:08:49,469  INFO [HiveServer2-Background-Pool: Thread-336] metadata.Hive: Dumping metastore api call timing information for : execution phase
2024-04-30T20:08:49,469  INFO [HiveServer2-Background-Pool: Thread-336] metadata.Hive: Total time spent in each metastore function (ms): {isCompatibleWith_(Configuration)=0, getDatabase_(String)=5}
2024-04-30T20:08:49,469  INFO [HiveServer2-Background-Pool: Thread-336] ql.Driver: Completed executing command(queryId=alex_20240430200849_e5435490-220a-43f7-83f2-057ea1be229d); Time taken: 0.006 seconds
2024-04-30T20:08:49,469  INFO [HiveServer2-Background-Pool: Thread-336] common.LogUtils: Unregistered logging context.
2024-04-30T20:08:49,470  INFO [128d4ae3-713e-4d6f-9f80-6c26dd705a8d main] operation.OperationManager: Closing operation: OperationHandle [opType=EXECUTE_STATEMENT, getHandleIdentifier()=f3fa7a88-7227-4baa-b6fc-30bf75a4134c]
2024-04-30T20:08:49,470  INFO [128d4ae3-713e-4d6f-9f80-6c26dd705a8d main] operation.OperationManager: Removed queryId: alex_20240430200849_e5435490-220a-43f7-83f2-057ea1be229d corresponding to operation: OperationHandle [opType=EXECUTE_STATEMENT, getHandleIdentifier()=f3fa7a88-7227-4baa-b6fc-30bf75a4134c] with tag: null
2024-04-30T20:08:49,470  INFO [128d4ae3-713e-4d6f-9f80-6c26dd705a8d main] operation.SQLOperation: Closing operation log /home/alex/Repositories/hive/beeline/target/tmp/alex/operation_logs/128d4ae3-713e-4d6f-9f80-6c26dd705a8d/alex_20240430200849_e5435490-220a-43f7-83f2-057ea1be229d without delay
2024-04-30T20:08:49,474  INFO [main] service.CompositeService: Session closed, SessionHandle [128d4ae3-713e-4d6f-9f80-6c26dd705a8d], current sessions:0
2024-04-30T20:08:49,474  INFO [128d4ae3-713e-4d6f-9f80-6c26dd705a8d main] session.HiveSessionImpl: Operation log session directory is deleted: /home/alex/Repositories/hive/beeline/target/tmp/alex/operation_logs/128d4ae3-713e-4d6f-9f80-6c26dd705a8d
2024-04-30T20:08:49,475  INFO [main] cleanup.EventualCleanupService: Delete /tmp/hive/alex/128d4ae3-713e-4d6f-9f80-6c26dd705a8d operation was queued
2024-04-30T20:08:49,475  INFO [main] cleanup.EventualCleanupService: Delete /home/alex/Repositories/hive/beeline/target/tmp/alex/128d4ae3-713e-4d6f-9f80-6c26dd705a8d operation was queued
2024-04-30T20:08:49,475  INFO [EventualCleanupService thread 0] cleanup.EventualCleanupService: Deleted /tmp/hive/alex/128d4ae3-713e-4d6f-9f80-6c26dd705a8d
2024-04-30T20:08:49,475  INFO [EventualCleanupService thread 1] cleanup.EventualCleanupService: Deleted /home/alex/Repositories/hive/beeline/target/tmp/alex/128d4ae3-713e-4d6f-9f80-6c26dd705a8d
2024-04-30T20:08:49,476  INFO [main] HiveMetaStore.audit: ugi=alex	ip=unknown-ip-addr	cmd=Cleaning up thread local RawStore...	
2024-04-30T20:08:49,476  INFO [main] metastore.ObjectStore: RawStore: org.apache.hadoop.hive.metastore.ObjectStore@24b3f778, with PersistenceManager: org.datanucleus.api.jdo.JDOPersistenceManager@164dea80 will be shutdown
2024-04-30T20:08:49,476  INFO [main] HiveMetaStore.audit: ugi=alex	ip=unknown-ip-addr	cmd=Done cleaning up thread local RawStore	
2024-04-30T20:08:49,476  INFO [main] metastore.HiveMetaStoreClient: Closed a connection to metastore, current connections: -19
]]></system-err>
  </testcase>
  <testcase name="testUseCurrentDB3" classname="org.apache.hive.beeline.cli.TestHiveCli" time="0.208">
    <failure type="java.lang.AssertionError"><![CDATA[java.lang.AssertionError: 
The expected keyword "hive (testDB)>" occur in the output: Connecting to jdbc:hive2://
Hive Session ID = 7d09e64b-a5be-4d40-a1b5-2997d181074c
ivysettings.xml file not found in HIVE_HOME or HIVE_CONF_DIR,/home/alex/Repositories/hive/conf/ivysettings.xml will be used
ivysettings.xml file not found in HIVE_HOME or HIVE_CONF_DIR,/home/alex/Repositories/hive/conf/ivysettings.xml will be used
Connected to: Apache Hive (version 4.0.0-SNAPSHOT)
Error: Couldn't load manifest attributes. (state=,code=0)
Transaction isolation: TRANSACTION_REPEATABLE_READ
Beeline version ??? by Apache Hive
hive> create database if not exists testDB; set hive.cli.print.current.db=true;use  testDB;
INFO  : Compiling command(queryId=alex_20240430200849_5ce9e25e-680b-46e0-bbbf-13271fdbcd12): create database if not exists testDB
INFO  : Semantic Analysis Completed (retrial = false)
INFO  : Created Hive schema: Schema(fieldSchemas:null, properties:null)
INFO  : Completed compiling command(queryId=alex_20240430200849_5ce9e25e-680b-46e0-bbbf-13271fdbcd12); Time taken: 0.007 seconds
INFO  : Concurrency mode is disabled, not creating a lock manager
INFO  : Executing command(queryId=alex_20240430200849_5ce9e25e-680b-46e0-bbbf-13271fdbcd12): create database if not exists testDB
INFO  : Starting task [Stage-0:DDL] in serial mode
DEBUG : Task getting executed using mapred tag : alex_20240430200849_5ce9e25e-680b-46e0-bbbf-13271fdbcd12,userid=null
INFO  : Completed executing command(queryId=alex_20240430200849_5ce9e25e-680b-46e0-bbbf-13271fdbcd12); Time taken: 0.008 seconds
DEBUG : Shutting down query create database if not exists testDB
Error: Failed to wait for operation to complete (state=08S01,code=0)
hive> use default;drop if exists testDB;
INFO  : Compiling command(queryId=alex_20240430200849_cca5849d-7848-4ea3-a3bd-31b889b24388): use default
INFO  : Semantic Analysis Completed (retrial = false)
INFO  : Created Hive schema: Schema(fieldSchemas:null, properties:null)
INFO  : Completed compiling command(queryId=alex_20240430200849_cca5849d-7848-4ea3-a3bd-31b889b24388); Time taken: 0.002 seconds
INFO  : Concurrency mode is disabled, not creating a lock manager
INFO  : Executing command(queryId=alex_20240430200849_cca5849d-7848-4ea3-a3bd-31b889b24388): use default
INFO  : Starting task [Stage-0:DDL] in serial mode
DEBUG : Task getting executed using mapred tag : alex_20240430200849_cca5849d-7848-4ea3-a3bd-31b889b24388,userid=null
INFO  : Completed executing command(queryId=alex_20240430200849_cca5849d-7848-4ea3-a3bd-31b889b24388); Time taken: 0.006 seconds
DEBUG : Shutting down query use default
Error: Failed to wait for operation to complete (state=08S01,code=0)
hive> Closing: 0: jdbc:hive2://

	at org.junit.Assert.fail(Assert.java:89)
	at org.junit.Assert.assertTrue(Assert.java:42)
	at org.apache.hive.beeline.cli.TestHiveCli.verifyCMD(TestHiveCli.java:270)
	at org.apache.hive.beeline.cli.TestHiveCli.testUseCurrentDB3(TestHiveCli.java:226)
	at sun.reflect.NativeMethodAccessorImpl.invoke0(Native Method)
	at sun.reflect.NativeMethodAccessorImpl.invoke(NativeMethodAccessorImpl.java:62)
	at sun.reflect.DelegatingMethodAccessorImpl.invoke(DelegatingMethodAccessorImpl.java:43)
	at java.lang.reflect.Method.invoke(Method.java:498)
	at org.junit.runners.model.FrameworkMethod$1.runReflectiveCall(FrameworkMethod.java:59)
	at org.junit.internal.runners.model.ReflectiveCallable.run(ReflectiveCallable.java:12)
	at org.junit.runners.model.FrameworkMethod.invokeExplosively(FrameworkMethod.java:56)
	at org.junit.internal.runners.statements.InvokeMethod.evaluate(InvokeMethod.java:17)
	at org.junit.internal.runners.statements.RunBefores.evaluate(RunBefores.java:26)
	at org.junit.internal.runners.statements.RunAfters.evaluate(RunAfters.java:27)
	at org.junit.runners.ParentRunner$3.evaluate(ParentRunner.java:306)
	at org.junit.runners.BlockJUnit4ClassRunner$1.evaluate(BlockJUnit4ClassRunner.java:100)
	at org.junit.runners.ParentRunner.runLeaf(ParentRunner.java:366)
	at org.junit.runners.BlockJUnit4ClassRunner.runChild(BlockJUnit4ClassRunner.java:103)
	at org.junit.runners.BlockJUnit4ClassRunner.runChild(BlockJUnit4ClassRunner.java:63)
	at org.junit.runners.ParentRunner$4.run(ParentRunner.java:331)
	at org.junit.runners.ParentRunner$1.schedule(ParentRunner.java:79)
	at org.junit.runners.ParentRunner.runChildren(ParentRunner.java:329)
	at org.junit.runners.ParentRunner.access$100(ParentRunner.java:66)
	at org.junit.runners.ParentRunner$2.evaluate(ParentRunner.java:293)
	at org.junit.internal.runners.statements.RunBefores.evaluate(RunBefores.java:26)
	at org.junit.runners.ParentRunner$3.evaluate(ParentRunner.java:306)
	at org.junit.runners.ParentRunner.run(ParentRunner.java:413)
	at org.junit.runner.JUnitCore.run(JUnitCore.java:137)
	at org.junit.runner.JUnitCore.run(JUnitCore.java:115)
	at org.junit.vintage.engine.execution.RunnerExecutor.execute(RunnerExecutor.java:43)
	at java.util.stream.ForEachOps$ForEachOp$OfRef.accept(ForEachOps.java:183)
	at java.util.stream.ReferencePipeline$3$1.accept(ReferencePipeline.java:193)
	at java.util.Iterator.forEachRemaining(Iterator.java:116)
	at java.util.Spliterators$IteratorSpliterator.forEachRemaining(Spliterators.java:1801)
	at java.util.stream.AbstractPipeline.copyInto(AbstractPipeline.java:482)
	at java.util.stream.AbstractPipeline.wrapAndCopyInto(AbstractPipeline.java:472)
	at java.util.stream.ForEachOps$ForEachOp.evaluateSequential(ForEachOps.java:150)
	at java.util.stream.ForEachOps$ForEachOp$OfRef.evaluateSequential(ForEachOps.java:173)
	at java.util.stream.AbstractPipeline.evaluate(AbstractPipeline.java:234)
	at java.util.stream.ReferencePipeline.forEach(ReferencePipeline.java:485)
	at org.junit.vintage.engine.VintageTestEngine.executeAllChildren(VintageTestEngine.java:82)
	at org.junit.vintage.engine.VintageTestEngine.execute(VintageTestEngine.java:73)
	at org.junit.platform.launcher.core.DefaultLauncher.execute(DefaultLauncher.java:248)
	at org.junit.platform.launcher.core.DefaultLauncher.lambda$execute$5(DefaultLauncher.java:211)
	at org.junit.platform.launcher.core.DefaultLauncher.withInterceptedStreams(DefaultLauncher.java:226)
	at org.junit.platform.launcher.core.DefaultLauncher.execute(DefaultLauncher.java:199)
	at org.junit.platform.launcher.core.DefaultLauncher.execute(DefaultLauncher.java:132)
	at org.apache.maven.surefire.junitplatform.JUnitPlatformProvider.invokeAllTests(JUnitPlatformProvider.java:154)
	at org.apache.maven.surefire.junitplatform.JUnitPlatformProvider.invoke(JUnitPlatformProvider.java:123)
	at org.apache.maven.surefire.booter.ForkedBooter.runSuitesInProcess(ForkedBooter.java:377)
	at org.apache.maven.surefire.booter.ForkedBooter.execute(ForkedBooter.java:138)
	at org.apache.maven.surefire.booter.ForkedBooter.run(ForkedBooter.java:465)
	at org.apache.maven.surefire.booter.ForkedBooter.main(ForkedBooter.java:451)
]]></failure>
    <system-err><![CDATA[2024-04-30T20:08:49,477 ERROR [main] cli.TestHiveCli: Failed to execute command due to the error: java.lang.NullPointerException: Null output stream
2024-04-30T20:08:49,519  WARN [main] conf.HiveConf: HiveConf of name hive.dummyparam.test.server.specific.config.override does not exist
2024-04-30T20:08:49,519  WARN [main] conf.HiveConf: HiveConf of name hive.dummyparam.test.server.specific.config.hiveserver2site does not exist
2024-04-30T20:08:49,519  WARN [main] conf.HiveConf: HiveConf of name hive.dummyparam.test.server.specific.config.metastoresite does not exist
2024-04-30T20:08:49,519  INFO [main] SessionState: Hive Session ID = 7d09e64b-a5be-4d40-a1b5-2997d181074c
2024-04-30T20:08:49,520  INFO [main] DependencyResolver: ivysettings.xml file not found in HIVE_HOME or HIVE_CONF_DIR,/home/alex/Repositories/hive/conf/ivysettings.xml will be used
2024-04-30T20:08:49,527  INFO [main] session.SessionState: Created HDFS directory: /tmp/hive/alex/7d09e64b-a5be-4d40-a1b5-2997d181074c
2024-04-30T20:08:49,530  INFO [main] session.SessionState: Created local directory: /home/alex/Repositories/hive/beeline/target/tmp/alex/7d09e64b-a5be-4d40-a1b5-2997d181074c
2024-04-30T20:08:49,533  INFO [main] session.SessionState: Created HDFS directory: /tmp/hive/alex/7d09e64b-a5be-4d40-a1b5-2997d181074c/_tmp_space.db
2024-04-30T20:08:49,533  INFO [main] sqlstd.SQLStdHiveAccessController: Created SQLStdHiveAccessController for session context : HiveAuthzSessionContext [sessionString=7d09e64b-a5be-4d40-a1b5-2997d181074c, clientType=HIVESERVER2]
2024-04-30T20:08:49,534  INFO [main] metastore.HiveMetaStoreClient: HMS client filtering is enabled.
2024-04-30T20:08:49,534  INFO [main] metastore.HMSHandler: 0: Opening raw store with implementation class:org.apache.hadoop.hive.metastore.ObjectStore
2024-04-30T20:08:49,534  INFO [main] metastore.PersistenceManagerProvider: Configuration datanucleus.autoStartMechanismMode is not set. Defaulting to 'ignored'
2024-04-30T20:08:49,535  INFO [main] metastore.ObjectStore: RawStore: org.apache.hadoop.hive.metastore.ObjectStore@e5c5e6, with PersistenceManager: null will be shutdown
2024-04-30T20:08:49,535  INFO [main] metastore.ObjectStore: RawStore: org.apache.hadoop.hive.metastore.ObjectStore@e5c5e6, with PersistenceManager: org.datanucleus.api.jdo.JDOPersistenceManager@76dc36e5 created in the thread with id: 1
2024-04-30T20:08:49,538  INFO [main] metastore.HMSHandler: Created RawStore: org.apache.hadoop.hive.metastore.ObjectStore@e5c5e6 from thread id: 1
2024-04-30T20:08:49,538  INFO [main] metastore.HMSHandler: HMS server filtering is disabled by configuration
2024-04-30T20:08:49,538  INFO [main] metastore.RetryingMetaStoreClient: RetryingMetaStoreClient proxy=class org.apache.hadoop.hive.ql.metadata.SessionHiveMetaStoreClient ugi=alex (auth:SIMPLE) retries=1 delay=1 lifetime=0
2024-04-30T20:08:49,538  INFO [main] service.CompositeService: Operation log root directory is created: /home/alex/Repositories/hive/beeline/target/tmp/alex/operation_logs
2024-04-30T20:08:49,538  INFO [main] service.CompositeService: HiveServer2: Background operation thread pool size: 100
2024-04-30T20:08:49,538  INFO [main] service.CompositeService: HiveServer2: Background operation thread wait queue size: 100
2024-04-30T20:08:49,539  INFO [main] service.CompositeService: HiveServer2: Background operation thread keepalive time: 10 seconds
2024-04-30T20:08:49,539  INFO [main] service.CompositeService: Connections limit are user: 0 ipaddress: 0 user-ipaddress: 0
2024-04-30T20:08:49,540  INFO [main] cleanup.EventualCleanupService: EventualCleanupService started with 10 threads and queue of size 10000
ERROR StatusLogger Log4j2 ConfigurationScheduler attempted to increment scheduled items after start
ERROR StatusLogger Log4j2 ConfigurationScheduler attempted to increment scheduled items after start
2024-04-30T20:08:49,541  INFO [main] service.AbstractService: Service:OperationManager is inited.
2024-04-30T20:08:49,541  INFO [main] service.AbstractService: Service:SessionManager is inited.
2024-04-30T20:08:49,542  INFO [main] service.AbstractService: Service:CLIService is inited.
2024-04-30T20:08:49,542  INFO [main] service.AbstractService: Service:OperationManager is started.
2024-04-30T20:08:49,542  INFO [main] service.AbstractService: Service:SessionManager is started.
2024-04-30T20:08:49,542  INFO [main] service.AbstractService: Service:CLIService is started.
2024-04-30T20:08:49,542  INFO [main] service.AbstractService: Service:ThriftBinaryCLIService is inited.
2024-04-30T20:08:49,542  INFO [main] thrift.ThriftCLIService: Client protocol version: HIVE_CLI_SERVICE_PROTOCOL_V10
2024-04-30T20:08:49,542  INFO [main] thrift.ThriftCLIService: Creating Hive session handle for user [null] from IP null
2024-04-30T20:08:49,543  INFO [main] DependencyResolver: ivysettings.xml file not found in HIVE_HOME or HIVE_CONF_DIR,/home/alex/Repositories/hive/conf/ivysettings.xml will be used
2024-04-30T20:08:49,551  INFO [main] session.SessionState: Created HDFS directory: /tmp/hive/alex/9275eb5f-8e7b-4990-a70a-60324a67a9d0
2024-04-30T20:08:49,554  INFO [main] session.SessionState: Created local directory: /home/alex/Repositories/hive/beeline/target/tmp/alex/9275eb5f-8e7b-4990-a70a-60324a67a9d0
2024-04-30T20:08:49,558  INFO [main] session.SessionState: Created HDFS directory: /tmp/hive/alex/9275eb5f-8e7b-4990-a70a-60324a67a9d0/_tmp_space.db
2024-04-30T20:08:49,558  INFO [main] session.SessionState: Reloading auxiliary JAR files
2024-04-30T20:08:49,558  WARN [main] session.SessionState: Configuration hive.reloadable.aux.jars.path not specified
2024-04-30T20:08:49,558  INFO [main] HiveMetaStore.audit: ugi=alex	ip=unknown-ip-addr	cmd=Cleaning up thread local RawStore...	
2024-04-30T20:08:49,558  INFO [main] metastore.ObjectStore: RawStore: org.apache.hadoop.hive.metastore.ObjectStore@e5c5e6, with PersistenceManager: org.datanucleus.api.jdo.JDOPersistenceManager@76dc36e5 will be shutdown
2024-04-30T20:08:49,558  INFO [main] HiveMetaStore.audit: ugi=alex	ip=unknown-ip-addr	cmd=Done cleaning up thread local RawStore	
2024-04-30T20:08:49,558  INFO [main] metastore.HiveMetaStoreClient: Closed a connection to metastore, current connections: -20
2024-04-30T20:08:49,558  INFO [main] session.HiveSessionImpl: Operation log session directory is created: /home/alex/Repositories/hive/beeline/target/tmp/alex/operation_logs/9275eb5f-8e7b-4990-a70a-60324a67a9d0
2024-04-30T20:08:49,558  INFO [main] service.CompositeService: Session opened, SessionHandle [9275eb5f-8e7b-4990-a70a-60324a67a9d0], current sessions:1
2024-04-30T20:08:49,558  INFO [main] thrift.ThriftCLIService: Login attempt is successful for user : null
2024-04-30T20:08:49,605  WARN [main] conf.HiveConf: HiveConf of name hive.dummyparam.test.server.specific.config.override does not exist
2024-04-30T20:08:49,605  WARN [main] conf.HiveConf: HiveConf of name hive.dummyparam.test.server.specific.config.hiveserver2site does not exist
2024-04-30T20:08:49,605  WARN [main] conf.HiveConf: HiveConf of name hive.dummyparam.test.server.specific.config.metastoresite does not exist
2024-04-30T20:08:49,605  INFO [9275eb5f-8e7b-4990-a70a-60324a67a9d0 main] session.HiveSessionImpl: executing set
2024-04-30T20:08:49,606  INFO [9275eb5f-8e7b-4990-a70a-60324a67a9d0 main] operation.HiveCommandOperation: Putting temp output to file /home/alex/Repositories/hive/beeline/target/tmp/alex/9275eb5f-8e7b-4990-a70a-60324a67a9d02269198620228486640.pipeout and error output to file /home/alex/Repositories/hive/beeline/target/tmp/alex/9275eb5f-8e7b-4990-a70a-60324a67a9d08928065057064910425.pipeout
2024-04-30T20:08:49,606  INFO [9275eb5f-8e7b-4990-a70a-60324a67a9d0 main] operation.OperationManager: Adding operation: OperationHandle [opType=EXECUTE_STATEMENT, getHandleIdentifier()=793413a2-1190-4251-a0f6-1704ab80eefb] SessionHandle [9275eb5f-8e7b-4990-a70a-60324a67a9d0]
2024-04-30T20:08:49,606  INFO [9275eb5f-8e7b-4990-a70a-60324a67a9d0 main] common.LogUtils: Thread context registration is done.
DEBUG StatusLogger Building Plugin[name=filter, class=org.apache.hadoop.hive.ql.log.LogDivertAppender$NameFilter].
DEBUG StatusLogger createFilter(loggingLevel="EXECUTION")
DEBUG StatusLogger Building Plugin[name=layout, class=org.apache.logging.log4j.core.layout.PatternLayout].
DEBUG StatusLogger PatternLayout$Builder(pattern="%-5p : %m%n", PatternSelector=null, Configuration(HiveLog4j2Test), Replace=null, charset="null", alwaysWriteExceptions="null", disableAnsi="null", noConsoleNoAnsi="null", header="null", footer="null")
DEBUG StatusLogger Building Plugin[name=appender, class=org.apache.hadoop.hive.ql.log.HushableRandomAccessFileAppender].
DEBUG StatusLogger createAppender(fileName="/home/alex/Repositories/hive/beeline/target/tmp/alex/operation_logs/9275eb5f-8e7b-4990-a70a-60324a67a9d0/alex_20240430200849_4930d9b2-88b8-40d0-a202-9c9347eae246", append="null", name="query-file-appender", immediateFlush="null", bufferSize="null", ignoreExceptions="null", PatternLayout(org.apache.logging.log4j.core.layout.PatternLayout with name PatternLayout), NameFilter(org.apache.hadoop.hive.ql.log.LogDivertAppender$NameFilter with name NameFilter), advertise="null", advertiseURI="null", Configuration(HiveLog4j2Test))
DEBUG StatusLogger Starting RandomAccessFileManager /home/alex/Repositories/hive/beeline/target/tmp/alex/operation_logs/9275eb5f-8e7b-4990-a70a-60324a67a9d0/alex_20240430200849_4930d9b2-88b8-40d0-a202-9c9347eae246
DEBUG StatusLogger Building Plugin[name=, class=org.apache.hadoop.hive.ql.log.LogDivertAppenderForTest$TestFilter].
DEBUG StatusLogger createFilter()
DEBUG StatusLogger Building Plugin[name=, class=org.apache.logging.log4j.core.layout.PatternLayout].
DEBUG StatusLogger PatternLayout$Builder(pattern="%-5p : %m%n", PatternSelector=null, Configuration(HiveLog4j2Test), Replace=null, charset="null", alwaysWriteExceptions="null", disableAnsi="null", noConsoleNoAnsi="null", header="null", footer="null")
DEBUG StatusLogger Building Plugin[name=appender, class=org.apache.hadoop.hive.ql.log.HushableRandomAccessFileAppender].
DEBUG StatusLogger createAppender(fileName="/home/alex/Repositories/hive/beeline/target/tmp/alex/operation_logs/9275eb5f-8e7b-4990-a70a-60324a67a9d0/alex_20240430200849_4930d9b2-88b8-40d0-a202-9c9347eae246.test", append="null", name="test-query-file-appender", immediateFlush="null", bufferSize="null", ignoreExceptions="null", PatternLayout(org.apache.logging.log4j.core.layout.PatternLayout with name PatternLayout), test-filter(org.apache.hadoop.hive.ql.log.LogDivertAppenderForTest$TestFilter with name test-filter), advertise="null", advertiseURI="null", Configuration(HiveLog4j2Test))
DEBUG StatusLogger Starting RandomAccessFileManager /home/alex/Repositories/hive/beeline/target/tmp/alex/operation_logs/9275eb5f-8e7b-4990-a70a-60324a67a9d0/alex_20240430200849_4930d9b2-88b8-40d0-a202-9c9347eae246.test
2024-04-30T20:08:49,610  INFO [9275eb5f-8e7b-4990-a70a-60324a67a9d0 main] operation.HiveCommandOperation: [opType=EXECUTE_STATEMENT, queryId=alex_20240430200849_4930d9b2-88b8-40d0-a202-9c9347eae246, startTime=1714532929606, sessionId=9275eb5f-8e7b-4990-a70a-60324a67a9d0, createTime=1714532929542, userName=null, ipAddress=null]
2024-04-30T20:08:49,619  INFO [9275eb5f-8e7b-4990-a70a-60324a67a9d0 main] common.LogUtils: Unregistered logging context.
2024-04-30T20:08:49,622  INFO [9275eb5f-8e7b-4990-a70a-60324a67a9d0 main] operation.OperationManager: Closing operation: OperationHandle [opType=EXECUTE_STATEMENT, getHandleIdentifier()=793413a2-1190-4251-a0f6-1704ab80eefb]
2024-04-30T20:08:49,622  INFO [9275eb5f-8e7b-4990-a70a-60324a67a9d0 main] operation.OperationManager: Removed queryId: alex_20240430200849_4930d9b2-88b8-40d0-a202-9c9347eae246 corresponding to operation: OperationHandle [opType=EXECUTE_STATEMENT, getHandleIdentifier()=793413a2-1190-4251-a0f6-1704ab80eefb] with tag: null
2024-04-30T20:08:49,623  INFO [9275eb5f-8e7b-4990-a70a-60324a67a9d0 main] operation.HiveCommandOperation: Closing operation log /home/alex/Repositories/hive/beeline/target/tmp/alex/operation_logs/9275eb5f-8e7b-4990-a70a-60324a67a9d0/alex_20240430200849_4930d9b2-88b8-40d0-a202-9c9347eae246 without delay
2024-04-30T20:08:49,630  INFO [9275eb5f-8e7b-4990-a70a-60324a67a9d0 main] session.HiveSessionImpl: executing create database if not exists testDB
2024-04-30T20:08:49,631  INFO [9275eb5f-8e7b-4990-a70a-60324a67a9d0 main] operation.OperationManager: Adding operation: OperationHandle [opType=EXECUTE_STATEMENT, getHandleIdentifier()=383024f6-404b-4137-ade7-04047acb679b] SessionHandle [9275eb5f-8e7b-4990-a70a-60324a67a9d0]
2024-04-30T20:08:49,631  INFO [9275eb5f-8e7b-4990-a70a-60324a67a9d0 main] common.LogUtils: Thread context registration is done.
DEBUG StatusLogger Building Plugin[name=filter, class=org.apache.hadoop.hive.ql.log.LogDivertAppender$NameFilter].
DEBUG StatusLogger createFilter(loggingLevel="EXECUTION")
DEBUG StatusLogger Building Plugin[name=layout, class=org.apache.logging.log4j.core.layout.PatternLayout].
DEBUG StatusLogger PatternLayout$Builder(pattern="%-5p : %m%n", PatternSelector=null, Configuration(HiveLog4j2Test), Replace=null, charset="null", alwaysWriteExceptions="null", disableAnsi="null", noConsoleNoAnsi="null", header="null", footer="null")
DEBUG StatusLogger Building Plugin[name=appender, class=org.apache.hadoop.hive.ql.log.HushableRandomAccessFileAppender].
DEBUG StatusLogger createAppender(fileName="/home/alex/Repositories/hive/beeline/target/tmp/alex/operation_logs/9275eb5f-8e7b-4990-a70a-60324a67a9d0/alex_20240430200849_5ce9e25e-680b-46e0-bbbf-13271fdbcd12", append="null", name="query-file-appender", immediateFlush="null", bufferSize="null", ignoreExceptions="null", PatternLayout(org.apache.logging.log4j.core.layout.PatternLayout with name PatternLayout), NameFilter(org.apache.hadoop.hive.ql.log.LogDivertAppender$NameFilter with name NameFilter), advertise="null", advertiseURI="null", Configuration(HiveLog4j2Test))
DEBUG StatusLogger Starting RandomAccessFileManager /home/alex/Repositories/hive/beeline/target/tmp/alex/operation_logs/9275eb5f-8e7b-4990-a70a-60324a67a9d0/alex_20240430200849_5ce9e25e-680b-46e0-bbbf-13271fdbcd12
DEBUG StatusLogger Building Plugin[name=, class=org.apache.hadoop.hive.ql.log.LogDivertAppenderForTest$TestFilter].
DEBUG StatusLogger createFilter()
DEBUG StatusLogger Building Plugin[name=, class=org.apache.logging.log4j.core.layout.PatternLayout].
DEBUG StatusLogger PatternLayout$Builder(pattern="%-5p : %m%n", PatternSelector=null, Configuration(HiveLog4j2Test), Replace=null, charset="null", alwaysWriteExceptions="null", disableAnsi="null", noConsoleNoAnsi="null", header="null", footer="null")
DEBUG StatusLogger Building Plugin[name=appender, class=org.apache.hadoop.hive.ql.log.HushableRandomAccessFileAppender].
DEBUG StatusLogger createAppender(fileName="/home/alex/Repositories/hive/beeline/target/tmp/alex/operation_logs/9275eb5f-8e7b-4990-a70a-60324a67a9d0/alex_20240430200849_5ce9e25e-680b-46e0-bbbf-13271fdbcd12.test", append="null", name="test-query-file-appender", immediateFlush="null", bufferSize="null", ignoreExceptions="null", PatternLayout(org.apache.logging.log4j.core.layout.PatternLayout with name PatternLayout), test-filter(org.apache.hadoop.hive.ql.log.LogDivertAppenderForTest$TestFilter with name test-filter), advertise="null", advertiseURI="null", Configuration(HiveLog4j2Test))
DEBUG StatusLogger Starting RandomAccessFileManager /home/alex/Repositories/hive/beeline/target/tmp/alex/operation_logs/9275eb5f-8e7b-4990-a70a-60324a67a9d0/alex_20240430200849_5ce9e25e-680b-46e0-bbbf-13271fdbcd12.test
2024-04-30T20:08:49,635  INFO [9275eb5f-8e7b-4990-a70a-60324a67a9d0 main] operation.SQLOperation: [opType=EXECUTE_STATEMENT, queryId=alex_20240430200849_5ce9e25e-680b-46e0-bbbf-13271fdbcd12, startTime=1714532929630, sessionId=9275eb5f-8e7b-4990-a70a-60324a67a9d0, createTime=1714532929542, userName=null, ipAddress=null]
2024-04-30T20:08:49,636  INFO [9275eb5f-8e7b-4990-a70a-60324a67a9d0 main] ql.Driver: Compiling command(queryId=alex_20240430200849_5ce9e25e-680b-46e0-bbbf-13271fdbcd12): create database if not exists testDB
2024-04-30T20:08:49,637  INFO [9275eb5f-8e7b-4990-a70a-60324a67a9d0 main] metastore.HiveMetaStoreClient: HMS client filtering is enabled.
2024-04-30T20:08:49,638  INFO [9275eb5f-8e7b-4990-a70a-60324a67a9d0 main] metastore.HMSHandler: 0: Opening raw store with implementation class:org.apache.hadoop.hive.metastore.ObjectStore
2024-04-30T20:08:49,638  INFO [9275eb5f-8e7b-4990-a70a-60324a67a9d0 main] metastore.PersistenceManagerProvider: Configuration datanucleus.autoStartMechanismMode is not set. Defaulting to 'ignored'
2024-04-30T20:08:49,639  INFO [9275eb5f-8e7b-4990-a70a-60324a67a9d0 main] metastore.ObjectStore: RawStore: org.apache.hadoop.hive.metastore.ObjectStore@7be7c052, with PersistenceManager: null will be shutdown
2024-04-30T20:08:49,639  INFO [9275eb5f-8e7b-4990-a70a-60324a67a9d0 main] metastore.ObjectStore: RawStore: org.apache.hadoop.hive.metastore.ObjectStore@7be7c052, with PersistenceManager: org.datanucleus.api.jdo.JDOPersistenceManager@4ab9d160 created in the thread with id: 1
2024-04-30T20:08:49,641  INFO [9275eb5f-8e7b-4990-a70a-60324a67a9d0 main] metastore.HMSHandler: Created RawStore: org.apache.hadoop.hive.metastore.ObjectStore@7be7c052 from thread id: 1
2024-04-30T20:08:49,642  INFO [9275eb5f-8e7b-4990-a70a-60324a67a9d0 main] metastore.HMSHandler: HMS server filtering is disabled by configuration
2024-04-30T20:08:49,642  INFO [9275eb5f-8e7b-4990-a70a-60324a67a9d0 main] metastore.RetryingMetaStoreClient: RetryingMetaStoreClient proxy=class org.apache.hadoop.hive.ql.metadata.SessionHiveMetaStoreClient ugi=alex (auth:SIMPLE) retries=1 delay=1 lifetime=0
2024-04-30T20:08:49,643  INFO [9275eb5f-8e7b-4990-a70a-60324a67a9d0 main] ql.Driver: Semantic Analysis Completed (retrial = false)
2024-04-30T20:08:49,643  INFO [9275eb5f-8e7b-4990-a70a-60324a67a9d0 main] ql.Driver: Created Hive schema: Schema(fieldSchemas:null, properties:null)
2024-04-30T20:08:49,643  INFO [9275eb5f-8e7b-4990-a70a-60324a67a9d0 main] metadata.Hive: Dumping metastore api call timing information for : compilation phase
2024-04-30T20:08:49,643  INFO [9275eb5f-8e7b-4990-a70a-60324a67a9d0 main] metadata.Hive: Total time spent in each metastore function (ms): {isCompatibleWith_(Configuration)=0, flushCache_()=0}
2024-04-30T20:08:49,643  INFO [9275eb5f-8e7b-4990-a70a-60324a67a9d0 main] ql.Driver: Completed compiling command(queryId=alex_20240430200849_5ce9e25e-680b-46e0-bbbf-13271fdbcd12); Time taken: 0.007 seconds
2024-04-30T20:08:49,644  INFO [9275eb5f-8e7b-4990-a70a-60324a67a9d0 main] common.LogUtils: Unregistered logging context.
2024-04-30T20:08:49,644  INFO [HiveServer2-Background-Pool: Thread-359] common.LogUtils: Thread context registration is done.
2024-04-30T20:08:49,644  INFO [HiveServer2-Background-Pool: Thread-359] reexec.ReExecDriver: Execution #1 of query
2024-04-30T20:08:49,645  INFO [HiveServer2-Background-Pool: Thread-359] ql.Driver: Concurrency mode is disabled, not creating a lock manager
2024-04-30T20:08:49,645  INFO [HiveServer2-Background-Pool: Thread-359] ql.Driver: Executing command(queryId=alex_20240430200849_5ce9e25e-680b-46e0-bbbf-13271fdbcd12): create database if not exists testDB
2024-04-30T20:08:49,645  INFO [HiveServer2-Background-Pool: Thread-359] ql.Driver: Starting task [Stage-0:DDL] in serial mode
2024-04-30T20:08:49,646  INFO [HiveServer2-Background-Pool: Thread-359] sqlstd.SQLStdHiveAccessController: Created SQLStdHiveAccessController for session context : HiveAuthzSessionContext [sessionString=9275eb5f-8e7b-4990-a70a-60324a67a9d0, clientType=HIVESERVER2]
2024-04-30T20:08:49,646  WARN [HiveServer2-Background-Pool: Thread-359] exec.DDLTask: metastore.warehouse.external.dir is not set, falling back to metastore.warehouse.dir. This could cause external tables to use to managed tablespace.
2024-04-30T20:08:49,647  INFO [HiveServer2-Background-Pool: Thread-359] HiveMetaStore.audit: ugi=alex	ip=unknown-ip-addr	cmd=create_database: Database(name:testDB, description:null, locationUri:file:/home/alex/Repositories/hive/beeline/target/tmp/warehouse/testdb.db, parameters:null, ownerName:alex, ownerType:USER, catalogName:hive, type:NATIVE)	
2024-04-30T20:08:49,647  INFO [HiveServer2-Background-Pool: Thread-359] metastore.HMSHandler: 18: Opening raw store with implementation class:org.apache.hadoop.hive.metastore.ObjectStore
2024-04-30T20:08:49,648  INFO [HiveServer2-Background-Pool: Thread-359] metastore.ObjectStore: RawStore: org.apache.hadoop.hive.metastore.ObjectStore@7125b8cf, with PersistenceManager: null will be shutdown
2024-04-30T20:08:49,648  INFO [HiveServer2-Background-Pool: Thread-359] metastore.ObjectStore: RawStore: org.apache.hadoop.hive.metastore.ObjectStore@7125b8cf, with PersistenceManager: org.datanucleus.api.jdo.JDOPersistenceManager@3427388f created in the thread with id: 359
2024-04-30T20:08:49,652  INFO [HiveServer2-Background-Pool: Thread-359] metastore.HMSHandler: Created RawStore: org.apache.hadoop.hive.metastore.ObjectStore@7125b8cf from thread id: 359
2024-04-30T20:08:49,653 ERROR [HiveServer2-Background-Pool: Thread-359] metastore.RetryingHMSHandler: AlreadyExistsException(message:Database testDB already exists)
	at org.apache.hadoop.hive.metastore.HMSHandler.create_database(HMSHandler.java:1472)
	at sun.reflect.NativeMethodAccessorImpl.invoke0(Native Method)
	at sun.reflect.NativeMethodAccessorImpl.invoke(NativeMethodAccessorImpl.java:62)
	at sun.reflect.DelegatingMethodAccessorImpl.invoke(DelegatingMethodAccessorImpl.java:43)
	at java.lang.reflect.Method.invoke(Method.java:498)
	at org.apache.hadoop.hive.metastore.RetryingHMSHandler.invokeInternal(RetryingHMSHandler.java:147)
	at org.apache.hadoop.hive.metastore.RetryingHMSHandler.invoke(RetryingHMSHandler.java:108)
	at com.sun.proxy.$Proxy40.create_database(Unknown Source)
	at org.apache.hadoop.hive.metastore.HiveMetaStoreClient.createDatabase(HiveMetaStoreClient.java:1151)
	at sun.reflect.NativeMethodAccessorImpl.invoke0(Native Method)
	at sun.reflect.NativeMethodAccessorImpl.invoke(NativeMethodAccessorImpl.java:62)
	at sun.reflect.DelegatingMethodAccessorImpl.invoke(DelegatingMethodAccessorImpl.java:43)
	at java.lang.reflect.Method.invoke(Method.java:498)
	at org.apache.hadoop.hive.metastore.RetryingMetaStoreClient.invoke(RetryingMetaStoreClient.java:218)
	at com.sun.proxy.$Proxy41.createDatabase(Unknown Source)
	at org.apache.hadoop.hive.ql.metadata.Hive.createDatabase(Hive.java:605)
	at org.apache.hadoop.hive.ql.ddl.database.create.CreateDatabaseOperation.execute(CreateDatabaseOperation.java:68)
	at org.apache.hadoop.hive.ql.ddl.DDLTask.execute(DDLTask.java:84)
	at org.apache.hadoop.hive.ql.exec.Task.executeTask(Task.java:212)
	at org.apache.hadoop.hive.ql.exec.TaskRunner.runSequential(TaskRunner.java:105)
	at org.apache.hadoop.hive.ql.Executor.launchTask(Executor.java:361)
	at org.apache.hadoop.hive.ql.Executor.launchTasks(Executor.java:334)
	at org.apache.hadoop.hive.ql.Executor.runTasks(Executor.java:245)
	at org.apache.hadoop.hive.ql.Executor.execute(Executor.java:108)
	at org.apache.hadoop.hive.ql.Driver.execute(Driver.java:348)
	at org.apache.hadoop.hive.ql.Driver.runInternal(Driver.java:204)
	at org.apache.hadoop.hive.ql.Driver.run(Driver.java:153)
	at org.apache.hadoop.hive.ql.Driver.run(Driver.java:148)
	at org.apache.hadoop.hive.ql.reexec.ReExecDriver.run(ReExecDriver.java:164)
	at org.apache.hive.service.cli.operation.SQLOperation.runQuery(SQLOperation.java:233)
	at org.apache.hive.service.cli.operation.SQLOperation.access$500(SQLOperation.java:88)
	at org.apache.hive.service.cli.operation.SQLOperation$BackgroundWork$1.run(SQLOperation.java:336)
	at java.security.AccessController.doPrivileged(Native Method)
	at javax.security.auth.Subject.doAs(Subject.java:422)
	at org.apache.hadoop.security.UserGroupInformation.doAs(UserGroupInformation.java:1682)
	at org.apache.hive.service.cli.operation.SQLOperation$BackgroundWork.run(SQLOperation.java:356)
	at java.util.concurrent.Executors$RunnableAdapter.call(Executors.java:511)
	at java.util.concurrent.FutureTask.run(FutureTask.java:266)
	at java.util.concurrent.ThreadPoolExecutor.runWorker(ThreadPoolExecutor.java:1149)
	at java.util.concurrent.ThreadPoolExecutor$Worker.run(ThreadPoolExecutor.java:624)
	at java.lang.Thread.run(Thread.java:750)

2024-04-30T20:08:49,653  INFO [HiveServer2-Background-Pool: Thread-359] metadata.Hive: Dumping metastore api call timing information for : execution phase
2024-04-30T20:08:49,653  INFO [HiveServer2-Background-Pool: Thread-359] metadata.Hive: Total time spent in each metastore function (ms): {isCompatibleWith_(Configuration)=1}
2024-04-30T20:08:49,653  INFO [HiveServer2-Background-Pool: Thread-359] ql.Driver: Completed executing command(queryId=alex_20240430200849_5ce9e25e-680b-46e0-bbbf-13271fdbcd12); Time taken: 0.008 seconds
2024-04-30T20:08:49,654  INFO [HiveServer2-Background-Pool: Thread-359] common.LogUtils: Unregistered logging context.
2024-04-30T20:08:49,656  INFO [9275eb5f-8e7b-4990-a70a-60324a67a9d0 main] operation.OperationManager: Closing operation: OperationHandle [opType=EXECUTE_STATEMENT, getHandleIdentifier()=383024f6-404b-4137-ade7-04047acb679b]
2024-04-30T20:08:49,656  INFO [9275eb5f-8e7b-4990-a70a-60324a67a9d0 main] operation.OperationManager: Removed queryId: alex_20240430200849_5ce9e25e-680b-46e0-bbbf-13271fdbcd12 corresponding to operation: OperationHandle [opType=EXECUTE_STATEMENT, getHandleIdentifier()=383024f6-404b-4137-ade7-04047acb679b] with tag: null
2024-04-30T20:08:49,656  INFO [9275eb5f-8e7b-4990-a70a-60324a67a9d0 main] operation.SQLOperation: Closing operation log /home/alex/Repositories/hive/beeline/target/tmp/alex/operation_logs/9275eb5f-8e7b-4990-a70a-60324a67a9d0/alex_20240430200849_5ce9e25e-680b-46e0-bbbf-13271fdbcd12 without delay
2024-04-30T20:08:49,660  INFO [9275eb5f-8e7b-4990-a70a-60324a67a9d0 main] session.HiveSessionImpl: executing use default
2024-04-30T20:08:49,661  INFO [9275eb5f-8e7b-4990-a70a-60324a67a9d0 main] operation.OperationManager: Adding operation: OperationHandle [opType=EXECUTE_STATEMENT, getHandleIdentifier()=f59b6719-334b-47b0-bd1c-838f1889ac4a] SessionHandle [9275eb5f-8e7b-4990-a70a-60324a67a9d0]
2024-04-30T20:08:49,661  INFO [9275eb5f-8e7b-4990-a70a-60324a67a9d0 main] common.LogUtils: Thread context registration is done.
DEBUG StatusLogger Building Plugin[name=filter, class=org.apache.hadoop.hive.ql.log.LogDivertAppender$NameFilter].
DEBUG StatusLogger createFilter(loggingLevel="EXECUTION")
DEBUG StatusLogger Building Plugin[name=layout, class=org.apache.logging.log4j.core.layout.PatternLayout].
DEBUG StatusLogger PatternLayout$Builder(pattern="%-5p : %m%n", PatternSelector=null, Configuration(HiveLog4j2Test), Replace=null, charset="null", alwaysWriteExceptions="null", disableAnsi="null", noConsoleNoAnsi="null", header="null", footer="null")
DEBUG StatusLogger Building Plugin[name=appender, class=org.apache.hadoop.hive.ql.log.HushableRandomAccessFileAppender].
DEBUG StatusLogger createAppender(fileName="/home/alex/Repositories/hive/beeline/target/tmp/alex/operation_logs/9275eb5f-8e7b-4990-a70a-60324a67a9d0/alex_20240430200849_cca5849d-7848-4ea3-a3bd-31b889b24388", append="null", name="query-file-appender", immediateFlush="null", bufferSize="null", ignoreExceptions="null", PatternLayout(org.apache.logging.log4j.core.layout.PatternLayout with name PatternLayout), NameFilter(org.apache.hadoop.hive.ql.log.LogDivertAppender$NameFilter with name NameFilter), advertise="null", advertiseURI="null", Configuration(HiveLog4j2Test))
DEBUG StatusLogger Starting RandomAccessFileManager /home/alex/Repositories/hive/beeline/target/tmp/alex/operation_logs/9275eb5f-8e7b-4990-a70a-60324a67a9d0/alex_20240430200849_cca5849d-7848-4ea3-a3bd-31b889b24388
DEBUG StatusLogger Building Plugin[name=, class=org.apache.hadoop.hive.ql.log.LogDivertAppenderForTest$TestFilter].
DEBUG StatusLogger createFilter()
DEBUG StatusLogger Building Plugin[name=, class=org.apache.logging.log4j.core.layout.PatternLayout].
DEBUG StatusLogger PatternLayout$Builder(pattern="%-5p : %m%n", PatternSelector=null, Configuration(HiveLog4j2Test), Replace=null, charset="null", alwaysWriteExceptions="null", disableAnsi="null", noConsoleNoAnsi="null", header="null", footer="null")
DEBUG StatusLogger Building Plugin[name=appender, class=org.apache.hadoop.hive.ql.log.HushableRandomAccessFileAppender].
DEBUG StatusLogger createAppender(fileName="/home/alex/Repositories/hive/beeline/target/tmp/alex/operation_logs/9275eb5f-8e7b-4990-a70a-60324a67a9d0/alex_20240430200849_cca5849d-7848-4ea3-a3bd-31b889b24388.test", append="null", name="test-query-file-appender", immediateFlush="null", bufferSize="null", ignoreExceptions="null", PatternLayout(org.apache.logging.log4j.core.layout.PatternLayout with name PatternLayout), test-filter(org.apache.hadoop.hive.ql.log.LogDivertAppenderForTest$TestFilter with name test-filter), advertise="null", advertiseURI="null", Configuration(HiveLog4j2Test))
DEBUG StatusLogger Starting RandomAccessFileManager /home/alex/Repositories/hive/beeline/target/tmp/alex/operation_logs/9275eb5f-8e7b-4990-a70a-60324a67a9d0/alex_20240430200849_cca5849d-7848-4ea3-a3bd-31b889b24388.test
2024-04-30T20:08:49,665  INFO [9275eb5f-8e7b-4990-a70a-60324a67a9d0 main] operation.SQLOperation: [opType=EXECUTE_STATEMENT, queryId=alex_20240430200849_cca5849d-7848-4ea3-a3bd-31b889b24388, startTime=1714532929660, sessionId=9275eb5f-8e7b-4990-a70a-60324a67a9d0, createTime=1714532929542, userName=null, ipAddress=null]
2024-04-30T20:08:49,666  INFO [9275eb5f-8e7b-4990-a70a-60324a67a9d0 main] ql.Driver: Compiling command(queryId=alex_20240430200849_cca5849d-7848-4ea3-a3bd-31b889b24388): use default
2024-04-30T20:08:49,667  INFO [9275eb5f-8e7b-4990-a70a-60324a67a9d0 main] HiveMetaStore.audit: ugi=alex	ip=unknown-ip-addr	cmd=get_database: default	
2024-04-30T20:08:49,668  INFO [9275eb5f-8e7b-4990-a70a-60324a67a9d0 main] ql.Driver: Semantic Analysis Completed (retrial = false)
2024-04-30T20:08:49,668  INFO [9275eb5f-8e7b-4990-a70a-60324a67a9d0 main] ql.Driver: Created Hive schema: Schema(fieldSchemas:null, properties:null)
2024-04-30T20:08:49,668  INFO [9275eb5f-8e7b-4990-a70a-60324a67a9d0 main] metadata.Hive: Dumping metastore api call timing information for : compilation phase
2024-04-30T20:08:49,668  INFO [9275eb5f-8e7b-4990-a70a-60324a67a9d0 main] metadata.Hive: Total time spent in each metastore function (ms): {isCompatibleWith_(Configuration)=0, getDatabase_(String)=1, flushCache_()=0}
2024-04-30T20:08:49,668  INFO [9275eb5f-8e7b-4990-a70a-60324a67a9d0 main] ql.Driver: Completed compiling command(queryId=alex_20240430200849_cca5849d-7848-4ea3-a3bd-31b889b24388); Time taken: 0.002 seconds
2024-04-30T20:08:49,669  INFO [9275eb5f-8e7b-4990-a70a-60324a67a9d0 main] common.LogUtils: Unregistered logging context.
2024-04-30T20:08:49,669  INFO [HiveServer2-Background-Pool: Thread-362] common.LogUtils: Thread context registration is done.
2024-04-30T20:08:49,669  INFO [HiveServer2-Background-Pool: Thread-362] reexec.ReExecDriver: Execution #1 of query
2024-04-30T20:08:49,670  INFO [HiveServer2-Background-Pool: Thread-362] ql.Driver: Concurrency mode is disabled, not creating a lock manager
2024-04-30T20:08:49,670  INFO [HiveServer2-Background-Pool: Thread-362] ql.Driver: Executing command(queryId=alex_20240430200849_cca5849d-7848-4ea3-a3bd-31b889b24388): use default
2024-04-30T20:08:49,670  INFO [HiveServer2-Background-Pool: Thread-362] ql.Driver: Starting task [Stage-0:DDL] in serial mode
2024-04-30T20:08:49,671  INFO [HiveServer2-Background-Pool: Thread-362] HiveMetaStore.audit: ugi=alex	ip=unknown-ip-addr	cmd=get_database: default	
2024-04-30T20:08:49,672  INFO [HiveServer2-Background-Pool: Thread-362] metastore.HMSHandler: 19: Opening raw store with implementation class:org.apache.hadoop.hive.metastore.ObjectStore
2024-04-30T20:08:49,672  INFO [HiveServer2-Background-Pool: Thread-362] metastore.ObjectStore: RawStore: org.apache.hadoop.hive.metastore.ObjectStore@5eab6821, with PersistenceManager: null will be shutdown
2024-04-30T20:08:49,672  INFO [HiveServer2-Background-Pool: Thread-362] metastore.ObjectStore: RawStore: org.apache.hadoop.hive.metastore.ObjectStore@5eab6821, with PersistenceManager: org.datanucleus.api.jdo.JDOPersistenceManager@1ba9ed90 created in the thread with id: 362
2024-04-30T20:08:49,675  INFO [HiveServer2-Background-Pool: Thread-362] metastore.HMSHandler: Created RawStore: org.apache.hadoop.hive.metastore.ObjectStore@5eab6821 from thread id: 362
2024-04-30T20:08:49,676  INFO [HiveServer2-Background-Pool: Thread-362] HiveMetaStore.audit: ugi=alex	ip=unknown-ip-addr	cmd=get_database: default	
2024-04-30T20:08:49,677  INFO [HiveServer2-Background-Pool: Thread-362] metadata.Hive: Dumping metastore api call timing information for : execution phase
2024-04-30T20:08:49,677  INFO [HiveServer2-Background-Pool: Thread-362] metadata.Hive: Total time spent in each metastore function (ms): {isCompatibleWith_(Configuration)=1, getDatabase_(String)=4}
2024-04-30T20:08:49,677  INFO [HiveServer2-Background-Pool: Thread-362] ql.Driver: Completed executing command(queryId=alex_20240430200849_cca5849d-7848-4ea3-a3bd-31b889b24388); Time taken: 0.006 seconds
2024-04-30T20:08:49,677  INFO [HiveServer2-Background-Pool: Thread-362] common.LogUtils: Unregistered logging context.
2024-04-30T20:08:49,679  INFO [9275eb5f-8e7b-4990-a70a-60324a67a9d0 main] operation.OperationManager: Closing operation: OperationHandle [opType=EXECUTE_STATEMENT, getHandleIdentifier()=f59b6719-334b-47b0-bd1c-838f1889ac4a]
2024-04-30T20:08:49,679  INFO [9275eb5f-8e7b-4990-a70a-60324a67a9d0 main] operation.OperationManager: Removed queryId: alex_20240430200849_cca5849d-7848-4ea3-a3bd-31b889b24388 corresponding to operation: OperationHandle [opType=EXECUTE_STATEMENT, getHandleIdentifier()=f59b6719-334b-47b0-bd1c-838f1889ac4a] with tag: null
2024-04-30T20:08:49,679  INFO [9275eb5f-8e7b-4990-a70a-60324a67a9d0 main] operation.SQLOperation: Closing operation log /home/alex/Repositories/hive/beeline/target/tmp/alex/operation_logs/9275eb5f-8e7b-4990-a70a-60324a67a9d0/alex_20240430200849_cca5849d-7848-4ea3-a3bd-31b889b24388 without delay
2024-04-30T20:08:49,683  INFO [main] service.CompositeService: Session closed, SessionHandle [9275eb5f-8e7b-4990-a70a-60324a67a9d0], current sessions:0
2024-04-30T20:08:49,683  INFO [9275eb5f-8e7b-4990-a70a-60324a67a9d0 main] session.HiveSessionImpl: Operation log session directory is deleted: /home/alex/Repositories/hive/beeline/target/tmp/alex/operation_logs/9275eb5f-8e7b-4990-a70a-60324a67a9d0
2024-04-30T20:08:49,683  INFO [main] cleanup.EventualCleanupService: Delete /tmp/hive/alex/9275eb5f-8e7b-4990-a70a-60324a67a9d0 operation was queued
2024-04-30T20:08:49,684  INFO [main] cleanup.EventualCleanupService: Delete /home/alex/Repositories/hive/beeline/target/tmp/alex/9275eb5f-8e7b-4990-a70a-60324a67a9d0 operation was queued
2024-04-30T20:08:49,684  INFO [EventualCleanupService thread 1] cleanup.EventualCleanupService: Deleted /home/alex/Repositories/hive/beeline/target/tmp/alex/9275eb5f-8e7b-4990-a70a-60324a67a9d0
2024-04-30T20:08:49,684  INFO [EventualCleanupService thread 0] cleanup.EventualCleanupService: Deleted /tmp/hive/alex/9275eb5f-8e7b-4990-a70a-60324a67a9d0
2024-04-30T20:08:49,685  INFO [main] HiveMetaStore.audit: ugi=alex	ip=unknown-ip-addr	cmd=Cleaning up thread local RawStore...	
2024-04-30T20:08:49,685  INFO [main] metastore.ObjectStore: RawStore: org.apache.hadoop.hive.metastore.ObjectStore@7be7c052, with PersistenceManager: org.datanucleus.api.jdo.JDOPersistenceManager@4ab9d160 will be shutdown
2024-04-30T20:08:49,685  INFO [main] HiveMetaStore.audit: ugi=alex	ip=unknown-ip-addr	cmd=Done cleaning up thread local RawStore	
2024-04-30T20:08:49,685  INFO [main] metastore.HiveMetaStoreClient: Closed a connection to metastore, current connections: -21
]]></system-err>
  </testcase>
  <testcase name="testDatabaseOptions" classname="org.apache.hive.beeline.cli.TestHiveCli" time="0.268">
    <failure type="java.lang.AssertionError"><![CDATA[java.lang.AssertionError: The expected keyword "testtbl" occur in the output: 
	at org.junit.Assert.fail(Assert.java:89)
	at org.junit.Assert.assertTrue(Assert.java:42)
	at org.apache.hive.beeline.cli.TestHiveCli.verifyCMD(TestHiveCli.java:270)
	at org.apache.hive.beeline.cli.TestHiveCli.testDatabaseOptions(TestHiveCli.java:107)
	at sun.reflect.NativeMethodAccessorImpl.invoke0(Native Method)
	at sun.reflect.NativeMethodAccessorImpl.invoke(NativeMethodAccessorImpl.java:62)
	at sun.reflect.DelegatingMethodAccessorImpl.invoke(DelegatingMethodAccessorImpl.java:43)
	at java.lang.reflect.Method.invoke(Method.java:498)
	at org.junit.runners.model.FrameworkMethod$1.runReflectiveCall(FrameworkMethod.java:59)
	at org.junit.internal.runners.model.ReflectiveCallable.run(ReflectiveCallable.java:12)
	at org.junit.runners.model.FrameworkMethod.invokeExplosively(FrameworkMethod.java:56)
	at org.junit.internal.runners.statements.InvokeMethod.evaluate(InvokeMethod.java:17)
	at org.junit.internal.runners.statements.RunBefores.evaluate(RunBefores.java:26)
	at org.junit.internal.runners.statements.RunAfters.evaluate(RunAfters.java:27)
	at org.junit.runners.ParentRunner$3.evaluate(ParentRunner.java:306)
	at org.junit.runners.BlockJUnit4ClassRunner$1.evaluate(BlockJUnit4ClassRunner.java:100)
	at org.junit.runners.ParentRunner.runLeaf(ParentRunner.java:366)
	at org.junit.runners.BlockJUnit4ClassRunner.runChild(BlockJUnit4ClassRunner.java:103)
	at org.junit.runners.BlockJUnit4ClassRunner.runChild(BlockJUnit4ClassRunner.java:63)
	at org.junit.runners.ParentRunner$4.run(ParentRunner.java:331)
	at org.junit.runners.ParentRunner$1.schedule(ParentRunner.java:79)
	at org.junit.runners.ParentRunner.runChildren(ParentRunner.java:329)
	at org.junit.runners.ParentRunner.access$100(ParentRunner.java:66)
	at org.junit.runners.ParentRunner$2.evaluate(ParentRunner.java:293)
	at org.junit.internal.runners.statements.RunBefores.evaluate(RunBefores.java:26)
	at org.junit.runners.ParentRunner$3.evaluate(ParentRunner.java:306)
	at org.junit.runners.ParentRunner.run(ParentRunner.java:413)
	at org.junit.runner.JUnitCore.run(JUnitCore.java:137)
	at org.junit.runner.JUnitCore.run(JUnitCore.java:115)
	at org.junit.vintage.engine.execution.RunnerExecutor.execute(RunnerExecutor.java:43)
	at java.util.stream.ForEachOps$ForEachOp$OfRef.accept(ForEachOps.java:183)
	at java.util.stream.ReferencePipeline$3$1.accept(ReferencePipeline.java:193)
	at java.util.Iterator.forEachRemaining(Iterator.java:116)
	at java.util.Spliterators$IteratorSpliterator.forEachRemaining(Spliterators.java:1801)
	at java.util.stream.AbstractPipeline.copyInto(AbstractPipeline.java:482)
	at java.util.stream.AbstractPipeline.wrapAndCopyInto(AbstractPipeline.java:472)
	at java.util.stream.ForEachOps$ForEachOp.evaluateSequential(ForEachOps.java:150)
	at java.util.stream.ForEachOps$ForEachOp$OfRef.evaluateSequential(ForEachOps.java:173)
	at java.util.stream.AbstractPipeline.evaluate(AbstractPipeline.java:234)
	at java.util.stream.ReferencePipeline.forEach(ReferencePipeline.java:485)
	at org.junit.vintage.engine.VintageTestEngine.executeAllChildren(VintageTestEngine.java:82)
	at org.junit.vintage.engine.VintageTestEngine.execute(VintageTestEngine.java:73)
	at org.junit.platform.launcher.core.DefaultLauncher.execute(DefaultLauncher.java:248)
	at org.junit.platform.launcher.core.DefaultLauncher.lambda$execute$5(DefaultLauncher.java:211)
	at org.junit.platform.launcher.core.DefaultLauncher.withInterceptedStreams(DefaultLauncher.java:226)
	at org.junit.platform.launcher.core.DefaultLauncher.execute(DefaultLauncher.java:199)
	at org.junit.platform.launcher.core.DefaultLauncher.execute(DefaultLauncher.java:132)
	at org.apache.maven.surefire.junitplatform.JUnitPlatformProvider.invokeAllTests(JUnitPlatformProvider.java:154)
	at org.apache.maven.surefire.junitplatform.JUnitPlatformProvider.invoke(JUnitPlatformProvider.java:123)
	at org.apache.maven.surefire.booter.ForkedBooter.runSuitesInProcess(ForkedBooter.java:377)
	at org.apache.maven.surefire.booter.ForkedBooter.execute(ForkedBooter.java:138)
	at org.apache.maven.surefire.booter.ForkedBooter.run(ForkedBooter.java:465)
	at org.apache.maven.surefire.booter.ForkedBooter.main(ForkedBooter.java:451)
]]></failure>
    <system-err><![CDATA[2024-04-30T20:08:49,686 ERROR [main] cli.TestHiveCli: Failed to execute command due to the error: java.lang.NullPointerException: Null output stream
2024-04-30T20:08:49,731  WARN [main] conf.HiveConf: HiveConf of name hive.dummyparam.test.server.specific.config.override does not exist
2024-04-30T20:08:49,731  WARN [main] conf.HiveConf: HiveConf of name hive.dummyparam.test.server.specific.config.hiveserver2site does not exist
2024-04-30T20:08:49,731  WARN [main] conf.HiveConf: HiveConf of name hive.dummyparam.test.server.specific.config.metastoresite does not exist
2024-04-30T20:08:49,732  INFO [main] SessionState: Hive Session ID = b47487d0-c752-4935-ad2f-1f67da6b9844
2024-04-30T20:08:49,732  INFO [main] DependencyResolver: ivysettings.xml file not found in HIVE_HOME or HIVE_CONF_DIR,/home/alex/Repositories/hive/conf/ivysettings.xml will be used
2024-04-30T20:08:49,764  INFO [main] session.SessionState: Created HDFS directory: /tmp/hive/alex/b47487d0-c752-4935-ad2f-1f67da6b9844
2024-04-30T20:08:49,768  INFO [main] session.SessionState: Created local directory: /home/alex/Repositories/hive/beeline/target/tmp/alex/b47487d0-c752-4935-ad2f-1f67da6b9844
2024-04-30T20:08:49,772  INFO [main] session.SessionState: Created HDFS directory: /tmp/hive/alex/b47487d0-c752-4935-ad2f-1f67da6b9844/_tmp_space.db
2024-04-30T20:08:49,772  INFO [main] sqlstd.SQLStdHiveAccessController: Created SQLStdHiveAccessController for session context : HiveAuthzSessionContext [sessionString=b47487d0-c752-4935-ad2f-1f67da6b9844, clientType=HIVESERVER2]
2024-04-30T20:08:49,773  INFO [main] metastore.HiveMetaStoreClient: HMS client filtering is enabled.
2024-04-30T20:08:49,773  INFO [main] metastore.HMSHandler: 0: Opening raw store with implementation class:org.apache.hadoop.hive.metastore.ObjectStore
2024-04-30T20:08:49,773  INFO [main] metastore.PersistenceManagerProvider: Configuration datanucleus.autoStartMechanismMode is not set. Defaulting to 'ignored'
2024-04-30T20:08:49,773  INFO [main] metastore.ObjectStore: RawStore: org.apache.hadoop.hive.metastore.ObjectStore@6da646b8, with PersistenceManager: null will be shutdown
2024-04-30T20:08:49,774  INFO [main] metastore.ObjectStore: RawStore: org.apache.hadoop.hive.metastore.ObjectStore@6da646b8, with PersistenceManager: org.datanucleus.api.jdo.JDOPersistenceManager@2a65e237 created in the thread with id: 1
2024-04-30T20:08:49,776  INFO [main] metastore.HMSHandler: Created RawStore: org.apache.hadoop.hive.metastore.ObjectStore@6da646b8 from thread id: 1
2024-04-30T20:08:49,776  INFO [main] metastore.HMSHandler: HMS server filtering is disabled by configuration
2024-04-30T20:08:49,776  INFO [main] metastore.RetryingMetaStoreClient: RetryingMetaStoreClient proxy=class org.apache.hadoop.hive.ql.metadata.SessionHiveMetaStoreClient ugi=alex (auth:SIMPLE) retries=1 delay=1 lifetime=0
2024-04-30T20:08:49,777  INFO [main] service.CompositeService: Operation log root directory is created: /home/alex/Repositories/hive/beeline/target/tmp/alex/operation_logs
2024-04-30T20:08:49,777  INFO [main] service.CompositeService: HiveServer2: Background operation thread pool size: 100
2024-04-30T20:08:49,777  INFO [main] service.CompositeService: HiveServer2: Background operation thread wait queue size: 100
2024-04-30T20:08:49,777  INFO [main] service.CompositeService: HiveServer2: Background operation thread keepalive time: 10 seconds
2024-04-30T20:08:49,777  INFO [main] service.CompositeService: Connections limit are user: 0 ipaddress: 0 user-ipaddress: 0
2024-04-30T20:08:49,778  INFO [main] cleanup.EventualCleanupService: EventualCleanupService started with 10 threads and queue of size 10000
ERROR StatusLogger Log4j2 ConfigurationScheduler attempted to increment scheduled items after start
ERROR StatusLogger Log4j2 ConfigurationScheduler attempted to increment scheduled items after start
2024-04-30T20:08:49,780  INFO [main] service.AbstractService: Service:OperationManager is inited.
2024-04-30T20:08:49,780  INFO [main] service.AbstractService: Service:SessionManager is inited.
2024-04-30T20:08:49,780  INFO [main] service.AbstractService: Service:CLIService is inited.
2024-04-30T20:08:49,780  INFO [main] service.AbstractService: Service:OperationManager is started.
2024-04-30T20:08:49,780  INFO [main] service.AbstractService: Service:SessionManager is started.
2024-04-30T20:08:49,780  INFO [main] service.AbstractService: Service:CLIService is started.
2024-04-30T20:08:49,780  INFO [main] service.AbstractService: Service:ThriftBinaryCLIService is inited.
2024-04-30T20:08:49,780  INFO [main] thrift.ThriftCLIService: Client protocol version: HIVE_CLI_SERVICE_PROTOCOL_V10
2024-04-30T20:08:49,780  INFO [main] thrift.ThriftCLIService: Creating Hive session handle for user [null] from IP null
2024-04-30T20:08:49,781  INFO [main] DependencyResolver: ivysettings.xml file not found in HIVE_HOME or HIVE_CONF_DIR,/home/alex/Repositories/hive/conf/ivysettings.xml will be used
2024-04-30T20:08:49,788  INFO [main] session.SessionState: Created HDFS directory: /tmp/hive/alex/348a731e-f3ca-4019-94ec-808802738398
2024-04-30T20:08:49,791  INFO [main] session.SessionState: Created local directory: /home/alex/Repositories/hive/beeline/target/tmp/alex/348a731e-f3ca-4019-94ec-808802738398
2024-04-30T20:08:49,795  INFO [main] session.SessionState: Created HDFS directory: /tmp/hive/alex/348a731e-f3ca-4019-94ec-808802738398/_tmp_space.db
2024-04-30T20:08:49,795  INFO [main] session.SessionState: Reloading auxiliary JAR files
2024-04-30T20:08:49,795  WARN [main] session.SessionState: Configuration hive.reloadable.aux.jars.path not specified
2024-04-30T20:08:49,795  INFO [main] HiveMetaStore.audit: ugi=alex	ip=unknown-ip-addr	cmd=Cleaning up thread local RawStore...	
2024-04-30T20:08:49,795  INFO [main] metastore.ObjectStore: RawStore: org.apache.hadoop.hive.metastore.ObjectStore@6da646b8, with PersistenceManager: org.datanucleus.api.jdo.JDOPersistenceManager@2a65e237 will be shutdown
2024-04-30T20:08:49,796  INFO [main] HiveMetaStore.audit: ugi=alex	ip=unknown-ip-addr	cmd=Done cleaning up thread local RawStore	
2024-04-30T20:08:49,796  INFO [main] metastore.HiveMetaStoreClient: Closed a connection to metastore, current connections: -22
2024-04-30T20:08:49,796  INFO [main] session.HiveSessionImpl: Operation log session directory is created: /home/alex/Repositories/hive/beeline/target/tmp/alex/operation_logs/348a731e-f3ca-4019-94ec-808802738398
2024-04-30T20:08:49,796  INFO [main] service.CompositeService: Session opened, SessionHandle [348a731e-f3ca-4019-94ec-808802738398], current sessions:1
2024-04-30T20:08:49,796  INFO [main] thrift.ThriftCLIService: Login attempt is successful for user : null
2024-04-30T20:08:49,854  WARN [main] conf.HiveConf: HiveConf of name hive.dummyparam.test.server.specific.config.override does not exist
2024-04-30T20:08:49,854  WARN [main] conf.HiveConf: HiveConf of name hive.dummyparam.test.server.specific.config.hiveserver2site does not exist
2024-04-30T20:08:49,855  WARN [main] conf.HiveConf: HiveConf of name hive.dummyparam.test.server.specific.config.metastoresite does not exist
2024-04-30T20:08:49,855  INFO [348a731e-f3ca-4019-94ec-808802738398 main] session.HiveSessionImpl: executing set
2024-04-30T20:08:49,856  INFO [348a731e-f3ca-4019-94ec-808802738398 main] operation.HiveCommandOperation: Putting temp output to file /home/alex/Repositories/hive/beeline/target/tmp/alex/348a731e-f3ca-4019-94ec-8088027383981440513263069246399.pipeout and error output to file /home/alex/Repositories/hive/beeline/target/tmp/alex/348a731e-f3ca-4019-94ec-8088027383988172926791734644924.pipeout
2024-04-30T20:08:49,856  INFO [348a731e-f3ca-4019-94ec-808802738398 main] operation.OperationManager: Adding operation: OperationHandle [opType=EXECUTE_STATEMENT, getHandleIdentifier()=9e541c15-10d3-4e17-aa81-0770abaa95ab] SessionHandle [348a731e-f3ca-4019-94ec-808802738398]
2024-04-30T20:08:49,856  INFO [348a731e-f3ca-4019-94ec-808802738398 main] common.LogUtils: Thread context registration is done.
DEBUG StatusLogger Building Plugin[name=filter, class=org.apache.hadoop.hive.ql.log.LogDivertAppender$NameFilter].
DEBUG StatusLogger createFilter(loggingLevel="EXECUTION")
DEBUG StatusLogger Building Plugin[name=layout, class=org.apache.logging.log4j.core.layout.PatternLayout].
DEBUG StatusLogger PatternLayout$Builder(pattern="%-5p : %m%n", PatternSelector=null, Configuration(HiveLog4j2Test), Replace=null, charset="null", alwaysWriteExceptions="null", disableAnsi="null", noConsoleNoAnsi="null", header="null", footer="null")
DEBUG StatusLogger Building Plugin[name=appender, class=org.apache.hadoop.hive.ql.log.HushableRandomAccessFileAppender].
DEBUG StatusLogger createAppender(fileName="/home/alex/Repositories/hive/beeline/target/tmp/alex/operation_logs/348a731e-f3ca-4019-94ec-808802738398/alex_20240430200849_5637bca4-ab82-4217-9a44-3620e56e1703", append="null", name="query-file-appender", immediateFlush="null", bufferSize="null", ignoreExceptions="null", PatternLayout(org.apache.logging.log4j.core.layout.PatternLayout with name PatternLayout), NameFilter(org.apache.hadoop.hive.ql.log.LogDivertAppender$NameFilter with name NameFilter), advertise="null", advertiseURI="null", Configuration(HiveLog4j2Test))
DEBUG StatusLogger Starting RandomAccessFileManager /home/alex/Repositories/hive/beeline/target/tmp/alex/operation_logs/348a731e-f3ca-4019-94ec-808802738398/alex_20240430200849_5637bca4-ab82-4217-9a44-3620e56e1703
DEBUG StatusLogger Building Plugin[name=, class=org.apache.hadoop.hive.ql.log.LogDivertAppenderForTest$TestFilter].
DEBUG StatusLogger createFilter()
DEBUG StatusLogger Building Plugin[name=, class=org.apache.logging.log4j.core.layout.PatternLayout].
DEBUG StatusLogger PatternLayout$Builder(pattern="%-5p : %m%n", PatternSelector=null, Configuration(HiveLog4j2Test), Replace=null, charset="null", alwaysWriteExceptions="null", disableAnsi="null", noConsoleNoAnsi="null", header="null", footer="null")
DEBUG StatusLogger Building Plugin[name=appender, class=org.apache.hadoop.hive.ql.log.HushableRandomAccessFileAppender].
DEBUG StatusLogger createAppender(fileName="/home/alex/Repositories/hive/beeline/target/tmp/alex/operation_logs/348a731e-f3ca-4019-94ec-808802738398/alex_20240430200849_5637bca4-ab82-4217-9a44-3620e56e1703.test", append="null", name="test-query-file-appender", immediateFlush="null", bufferSize="null", ignoreExceptions="null", PatternLayout(org.apache.logging.log4j.core.layout.PatternLayout with name PatternLayout), test-filter(org.apache.hadoop.hive.ql.log.LogDivertAppenderForTest$TestFilter with name test-filter), advertise="null", advertiseURI="null", Configuration(HiveLog4j2Test))
DEBUG StatusLogger Starting RandomAccessFileManager /home/alex/Repositories/hive/beeline/target/tmp/alex/operation_logs/348a731e-f3ca-4019-94ec-808802738398/alex_20240430200849_5637bca4-ab82-4217-9a44-3620e56e1703.test
2024-04-30T20:08:49,860  INFO [348a731e-f3ca-4019-94ec-808802738398 main] operation.HiveCommandOperation: [opType=EXECUTE_STATEMENT, queryId=alex_20240430200849_5637bca4-ab82-4217-9a44-3620e56e1703, startTime=1714532929855, sessionId=348a731e-f3ca-4019-94ec-808802738398, createTime=1714532929780, userName=null, ipAddress=null]
2024-04-30T20:08:49,868  INFO [348a731e-f3ca-4019-94ec-808802738398 main] common.LogUtils: Unregistered logging context.
2024-04-30T20:08:49,870  INFO [348a731e-f3ca-4019-94ec-808802738398 main] operation.OperationManager: Closing operation: OperationHandle [opType=EXECUTE_STATEMENT, getHandleIdentifier()=9e541c15-10d3-4e17-aa81-0770abaa95ab]
2024-04-30T20:08:49,870  INFO [348a731e-f3ca-4019-94ec-808802738398 main] operation.OperationManager: Removed queryId: alex_20240430200849_5637bca4-ab82-4217-9a44-3620e56e1703 corresponding to operation: OperationHandle [opType=EXECUTE_STATEMENT, getHandleIdentifier()=9e541c15-10d3-4e17-aa81-0770abaa95ab] with tag: null
2024-04-30T20:08:49,871  INFO [348a731e-f3ca-4019-94ec-808802738398 main] operation.HiveCommandOperation: Closing operation log /home/alex/Repositories/hive/beeline/target/tmp/alex/operation_logs/348a731e-f3ca-4019-94ec-808802738398/alex_20240430200849_5637bca4-ab82-4217-9a44-3620e56e1703 without delay
2024-04-30T20:08:49,873  INFO [348a731e-f3ca-4019-94ec-808802738398 main] session.HiveSessionImpl: executing use test
2024-04-30T20:08:49,874  INFO [348a731e-f3ca-4019-94ec-808802738398 main] operation.OperationManager: Adding operation: OperationHandle [opType=EXECUTE_STATEMENT, getHandleIdentifier()=183e61bb-3805-41f2-a855-d0dd60550432] SessionHandle [348a731e-f3ca-4019-94ec-808802738398]
2024-04-30T20:08:49,874  INFO [348a731e-f3ca-4019-94ec-808802738398 main] common.LogUtils: Thread context registration is done.
DEBUG StatusLogger Building Plugin[name=filter, class=org.apache.hadoop.hive.ql.log.LogDivertAppender$NameFilter].
DEBUG StatusLogger createFilter(loggingLevel="EXECUTION")
DEBUG StatusLogger Building Plugin[name=layout, class=org.apache.logging.log4j.core.layout.PatternLayout].
DEBUG StatusLogger PatternLayout$Builder(pattern="%-5p : %m%n", PatternSelector=null, Configuration(HiveLog4j2Test), Replace=null, charset="null", alwaysWriteExceptions="null", disableAnsi="null", noConsoleNoAnsi="null", header="null", footer="null")
DEBUG StatusLogger Building Plugin[name=appender, class=org.apache.hadoop.hive.ql.log.HushableRandomAccessFileAppender].
DEBUG StatusLogger createAppender(fileName="/home/alex/Repositories/hive/beeline/target/tmp/alex/operation_logs/348a731e-f3ca-4019-94ec-808802738398/alex_20240430200849_ebd6a4b9-f69a-4ed4-b50c-bf7d38a84fe8", append="null", name="query-file-appender", immediateFlush="null", bufferSize="null", ignoreExceptions="null", PatternLayout(org.apache.logging.log4j.core.layout.PatternLayout with name PatternLayout), NameFilter(org.apache.hadoop.hive.ql.log.LogDivertAppender$NameFilter with name NameFilter), advertise="null", advertiseURI="null", Configuration(HiveLog4j2Test))
DEBUG StatusLogger Starting RandomAccessFileManager /home/alex/Repositories/hive/beeline/target/tmp/alex/operation_logs/348a731e-f3ca-4019-94ec-808802738398/alex_20240430200849_ebd6a4b9-f69a-4ed4-b50c-bf7d38a84fe8
DEBUG StatusLogger Building Plugin[name=, class=org.apache.hadoop.hive.ql.log.LogDivertAppenderForTest$TestFilter].
DEBUG StatusLogger createFilter()
DEBUG StatusLogger Building Plugin[name=, class=org.apache.logging.log4j.core.layout.PatternLayout].
DEBUG StatusLogger PatternLayout$Builder(pattern="%-5p : %m%n", PatternSelector=null, Configuration(HiveLog4j2Test), Replace=null, charset="null", alwaysWriteExceptions="null", disableAnsi="null", noConsoleNoAnsi="null", header="null", footer="null")
DEBUG StatusLogger Building Plugin[name=appender, class=org.apache.hadoop.hive.ql.log.HushableRandomAccessFileAppender].
DEBUG StatusLogger createAppender(fileName="/home/alex/Repositories/hive/beeline/target/tmp/alex/operation_logs/348a731e-f3ca-4019-94ec-808802738398/alex_20240430200849_ebd6a4b9-f69a-4ed4-b50c-bf7d38a84fe8.test", append="null", name="test-query-file-appender", immediateFlush="null", bufferSize="null", ignoreExceptions="null", PatternLayout(org.apache.logging.log4j.core.layout.PatternLayout with name PatternLayout), test-filter(org.apache.hadoop.hive.ql.log.LogDivertAppenderForTest$TestFilter with name test-filter), advertise="null", advertiseURI="null", Configuration(HiveLog4j2Test))
DEBUG StatusLogger Starting RandomAccessFileManager /home/alex/Repositories/hive/beeline/target/tmp/alex/operation_logs/348a731e-f3ca-4019-94ec-808802738398/alex_20240430200849_ebd6a4b9-f69a-4ed4-b50c-bf7d38a84fe8.test
2024-04-30T20:08:49,878  INFO [348a731e-f3ca-4019-94ec-808802738398 main] operation.SQLOperation: [opType=EXECUTE_STATEMENT, queryId=alex_20240430200849_ebd6a4b9-f69a-4ed4-b50c-bf7d38a84fe8, startTime=1714532929873, sessionId=348a731e-f3ca-4019-94ec-808802738398, createTime=1714532929780, userName=null, ipAddress=null]
2024-04-30T20:08:49,879  INFO [348a731e-f3ca-4019-94ec-808802738398 main] ql.Driver: Compiling command(queryId=alex_20240430200849_ebd6a4b9-f69a-4ed4-b50c-bf7d38a84fe8): use test
2024-04-30T20:08:49,880  INFO [348a731e-f3ca-4019-94ec-808802738398 main] metastore.HiveMetaStoreClient: HMS client filtering is enabled.
2024-04-30T20:08:49,880  INFO [348a731e-f3ca-4019-94ec-808802738398 main] metastore.HMSHandler: 0: Opening raw store with implementation class:org.apache.hadoop.hive.metastore.ObjectStore
2024-04-30T20:08:49,880  INFO [348a731e-f3ca-4019-94ec-808802738398 main] metastore.PersistenceManagerProvider: Configuration datanucleus.autoStartMechanismMode is not set. Defaulting to 'ignored'
2024-04-30T20:08:49,881  INFO [348a731e-f3ca-4019-94ec-808802738398 main] metastore.ObjectStore: RawStore: org.apache.hadoop.hive.metastore.ObjectStore@4cef0747, with PersistenceManager: null will be shutdown
2024-04-30T20:08:49,881  INFO [348a731e-f3ca-4019-94ec-808802738398 main] metastore.ObjectStore: RawStore: org.apache.hadoop.hive.metastore.ObjectStore@4cef0747, with PersistenceManager: org.datanucleus.api.jdo.JDOPersistenceManager@4213bc3e created in the thread with id: 1
2024-04-30T20:08:49,884  INFO [348a731e-f3ca-4019-94ec-808802738398 main] metastore.HMSHandler: Created RawStore: org.apache.hadoop.hive.metastore.ObjectStore@4cef0747 from thread id: 1
2024-04-30T20:08:49,884  INFO [348a731e-f3ca-4019-94ec-808802738398 main] metastore.HMSHandler: HMS server filtering is disabled by configuration
2024-04-30T20:08:49,884  INFO [348a731e-f3ca-4019-94ec-808802738398 main] metastore.RetryingMetaStoreClient: RetryingMetaStoreClient proxy=class org.apache.hadoop.hive.ql.metadata.SessionHiveMetaStoreClient ugi=alex (auth:SIMPLE) retries=1 delay=1 lifetime=0
2024-04-30T20:08:49,885  INFO [348a731e-f3ca-4019-94ec-808802738398 main] HiveMetaStore.audit: ugi=alex	ip=unknown-ip-addr	cmd=get_database: test	
2024-04-30T20:08:49,886  INFO [348a731e-f3ca-4019-94ec-808802738398 main] ql.Driver: Semantic Analysis Completed (retrial = false)
2024-04-30T20:08:49,886  INFO [348a731e-f3ca-4019-94ec-808802738398 main] ql.Driver: Created Hive schema: Schema(fieldSchemas:null, properties:null)
2024-04-30T20:08:49,886  INFO [348a731e-f3ca-4019-94ec-808802738398 main] metadata.Hive: Dumping metastore api call timing information for : compilation phase
2024-04-30T20:08:49,886  INFO [348a731e-f3ca-4019-94ec-808802738398 main] metadata.Hive: Total time spent in each metastore function (ms): {isCompatibleWith_(Configuration)=0, getDatabase_(String)=1, flushCache_()=0}
2024-04-30T20:08:49,886  INFO [348a731e-f3ca-4019-94ec-808802738398 main] ql.Driver: Completed compiling command(queryId=alex_20240430200849_ebd6a4b9-f69a-4ed4-b50c-bf7d38a84fe8); Time taken: 0.007 seconds
2024-04-30T20:08:49,886  INFO [348a731e-f3ca-4019-94ec-808802738398 main] common.LogUtils: Unregistered logging context.
2024-04-30T20:08:49,887  INFO [HiveServer2-Background-Pool: Thread-385] common.LogUtils: Thread context registration is done.
2024-04-30T20:08:49,887  INFO [HiveServer2-Background-Pool: Thread-385] reexec.ReExecDriver: Execution #1 of query
2024-04-30T20:08:49,887  INFO [HiveServer2-Background-Pool: Thread-385] ql.Driver: Concurrency mode is disabled, not creating a lock manager
2024-04-30T20:08:49,887  INFO [HiveServer2-Background-Pool: Thread-385] ql.Driver: Executing command(queryId=alex_20240430200849_ebd6a4b9-f69a-4ed4-b50c-bf7d38a84fe8): use test
2024-04-30T20:08:49,888  INFO [HiveServer2-Background-Pool: Thread-385] ql.Driver: Starting task [Stage-0:DDL] in serial mode
2024-04-30T20:08:49,888  INFO [HiveServer2-Background-Pool: Thread-385] HiveMetaStore.audit: ugi=alex	ip=unknown-ip-addr	cmd=get_database: test	
2024-04-30T20:08:49,889  INFO [HiveServer2-Background-Pool: Thread-385] metastore.HMSHandler: 20: Opening raw store with implementation class:org.apache.hadoop.hive.metastore.ObjectStore
2024-04-30T20:08:49,889  INFO [HiveServer2-Background-Pool: Thread-385] metastore.ObjectStore: RawStore: org.apache.hadoop.hive.metastore.ObjectStore@42bf19df, with PersistenceManager: null will be shutdown
2024-04-30T20:08:49,890  INFO [HiveServer2-Background-Pool: Thread-385] metastore.ObjectStore: RawStore: org.apache.hadoop.hive.metastore.ObjectStore@42bf19df, with PersistenceManager: org.datanucleus.api.jdo.JDOPersistenceManager@7bd9fec created in the thread with id: 385
2024-04-30T20:08:49,892  INFO [HiveServer2-Background-Pool: Thread-385] metastore.HMSHandler: Created RawStore: org.apache.hadoop.hive.metastore.ObjectStore@42bf19df from thread id: 385
2024-04-30T20:08:49,893  INFO [HiveServer2-Background-Pool: Thread-385] HiveMetaStore.audit: ugi=alex	ip=unknown-ip-addr	cmd=get_database: test	
2024-04-30T20:08:49,894  INFO [HiveServer2-Background-Pool: Thread-385] metadata.Hive: Dumping metastore api call timing information for : execution phase
2024-04-30T20:08:49,894  INFO [HiveServer2-Background-Pool: Thread-385] metadata.Hive: Total time spent in each metastore function (ms): {isCompatibleWith_(Configuration)=0, getDatabase_(String)=6}
2024-04-30T20:08:49,894  INFO [HiveServer2-Background-Pool: Thread-385] ql.Driver: Completed executing command(queryId=alex_20240430200849_ebd6a4b9-f69a-4ed4-b50c-bf7d38a84fe8); Time taken: 0.007 seconds
2024-04-30T20:08:49,895  INFO [HiveServer2-Background-Pool: Thread-385] common.LogUtils: Unregistered logging context.
2024-04-30T20:08:49,898  INFO [348a731e-f3ca-4019-94ec-808802738398 main] operation.OperationManager: Closing operation: OperationHandle [opType=EXECUTE_STATEMENT, getHandleIdentifier()=183e61bb-3805-41f2-a855-d0dd60550432]
2024-04-30T20:08:49,898  INFO [348a731e-f3ca-4019-94ec-808802738398 main] operation.OperationManager: Removed queryId: alex_20240430200849_ebd6a4b9-f69a-4ed4-b50c-bf7d38a84fe8 corresponding to operation: OperationHandle [opType=EXECUTE_STATEMENT, getHandleIdentifier()=183e61bb-3805-41f2-a855-d0dd60550432] with tag: null
2024-04-30T20:08:49,898  INFO [348a731e-f3ca-4019-94ec-808802738398 main] operation.SQLOperation: Closing operation log /home/alex/Repositories/hive/beeline/target/tmp/alex/operation_logs/348a731e-f3ca-4019-94ec-808802738398/alex_20240430200849_ebd6a4b9-f69a-4ed4-b50c-bf7d38a84fe8 without delay
2024-04-30T20:08:49,910  INFO [348a731e-f3ca-4019-94ec-808802738398 main] session.HiveSessionImpl: executing show tables
2024-04-30T20:08:49,910  INFO [348a731e-f3ca-4019-94ec-808802738398 main] operation.OperationManager: Adding operation: OperationHandle [opType=EXECUTE_STATEMENT, getHandleIdentifier()=0d4af44f-eaff-4cd6-aba2-5a9519c9b1ce] SessionHandle [348a731e-f3ca-4019-94ec-808802738398]
2024-04-30T20:08:49,910  INFO [348a731e-f3ca-4019-94ec-808802738398 main] common.LogUtils: Thread context registration is done.
DEBUG StatusLogger Building Plugin[name=filter, class=org.apache.hadoop.hive.ql.log.LogDivertAppender$NameFilter].
DEBUG StatusLogger createFilter(loggingLevel="EXECUTION")
DEBUG StatusLogger Building Plugin[name=layout, class=org.apache.logging.log4j.core.layout.PatternLayout].
DEBUG StatusLogger PatternLayout$Builder(pattern="%-5p : %m%n", PatternSelector=null, Configuration(HiveLog4j2Test), Replace=null, charset="null", alwaysWriteExceptions="null", disableAnsi="null", noConsoleNoAnsi="null", header="null", footer="null")
DEBUG StatusLogger Building Plugin[name=appender, class=org.apache.hadoop.hive.ql.log.HushableRandomAccessFileAppender].
DEBUG StatusLogger createAppender(fileName="/home/alex/Repositories/hive/beeline/target/tmp/alex/operation_logs/348a731e-f3ca-4019-94ec-808802738398/alex_20240430200849_93bbe03b-4f22-46fe-8ca9-0bb3eaf7ed37", append="null", name="query-file-appender", immediateFlush="null", bufferSize="null", ignoreExceptions="null", PatternLayout(org.apache.logging.log4j.core.layout.PatternLayout with name PatternLayout), NameFilter(org.apache.hadoop.hive.ql.log.LogDivertAppender$NameFilter with name NameFilter), advertise="null", advertiseURI="null", Configuration(HiveLog4j2Test))
DEBUG StatusLogger Starting RandomAccessFileManager /home/alex/Repositories/hive/beeline/target/tmp/alex/operation_logs/348a731e-f3ca-4019-94ec-808802738398/alex_20240430200849_93bbe03b-4f22-46fe-8ca9-0bb3eaf7ed37
DEBUG StatusLogger Building Plugin[name=, class=org.apache.hadoop.hive.ql.log.LogDivertAppenderForTest$TestFilter].
DEBUG StatusLogger createFilter()
DEBUG StatusLogger Building Plugin[name=, class=org.apache.logging.log4j.core.layout.PatternLayout].
DEBUG StatusLogger PatternLayout$Builder(pattern="%-5p : %m%n", PatternSelector=null, Configuration(HiveLog4j2Test), Replace=null, charset="null", alwaysWriteExceptions="null", disableAnsi="null", noConsoleNoAnsi="null", header="null", footer="null")
DEBUG StatusLogger Building Plugin[name=appender, class=org.apache.hadoop.hive.ql.log.HushableRandomAccessFileAppender].
DEBUG StatusLogger createAppender(fileName="/home/alex/Repositories/hive/beeline/target/tmp/alex/operation_logs/348a731e-f3ca-4019-94ec-808802738398/alex_20240430200849_93bbe03b-4f22-46fe-8ca9-0bb3eaf7ed37.test", append="null", name="test-query-file-appender", immediateFlush="null", bufferSize="null", ignoreExceptions="null", PatternLayout(org.apache.logging.log4j.core.layout.PatternLayout with name PatternLayout), test-filter(org.apache.hadoop.hive.ql.log.LogDivertAppenderForTest$TestFilter with name test-filter), advertise="null", advertiseURI="null", Configuration(HiveLog4j2Test))
DEBUG StatusLogger Starting RandomAccessFileManager /home/alex/Repositories/hive/beeline/target/tmp/alex/operation_logs/348a731e-f3ca-4019-94ec-808802738398/alex_20240430200849_93bbe03b-4f22-46fe-8ca9-0bb3eaf7ed37.test
2024-04-30T20:08:49,914  INFO [348a731e-f3ca-4019-94ec-808802738398 main] operation.SQLOperation: [opType=EXECUTE_STATEMENT, queryId=alex_20240430200849_93bbe03b-4f22-46fe-8ca9-0bb3eaf7ed37, startTime=1714532929910, sessionId=348a731e-f3ca-4019-94ec-808802738398, createTime=1714532929780, userName=null, ipAddress=null]
2024-04-30T20:08:49,915  INFO [348a731e-f3ca-4019-94ec-808802738398 main] ql.Driver: Compiling command(queryId=alex_20240430200849_93bbe03b-4f22-46fe-8ca9-0bb3eaf7ed37): show tables
2024-04-30T20:08:49,918  INFO [348a731e-f3ca-4019-94ec-808802738398 main] HiveMetaStore.audit: ugi=alex	ip=unknown-ip-addr	cmd=get_database: test	
2024-04-30T20:08:49,919  INFO [348a731e-f3ca-4019-94ec-808802738398 main] ql.Driver: Semantic Analysis Completed (retrial = false)
2024-04-30T20:08:49,920  INFO [348a731e-f3ca-4019-94ec-808802738398 main] ql.Driver: Created Hive schema: Schema(fieldSchemas:[FieldSchema(name:tab_name, type:string, comment:from deserializer)], properties:null)
2024-04-30T20:08:49,920  INFO [348a731e-f3ca-4019-94ec-808802738398 main] exec.ListSinkOperator: Initializing Operator: LIST_SINK[0]
2024-04-30T20:08:49,920  INFO [348a731e-f3ca-4019-94ec-808802738398 main] metadata.Hive: Dumping metastore api call timing information for : compilation phase
2024-04-30T20:08:49,921  INFO [348a731e-f3ca-4019-94ec-808802738398 main] metadata.Hive: Total time spent in each metastore function (ms): {isCompatibleWith_(Configuration)=0, getDatabase_(String)=1, flushCache_()=0}
2024-04-30T20:08:49,921  INFO [348a731e-f3ca-4019-94ec-808802738398 main] ql.Driver: Completed compiling command(queryId=alex_20240430200849_93bbe03b-4f22-46fe-8ca9-0bb3eaf7ed37); Time taken: 0.005 seconds
2024-04-30T20:08:49,921  INFO [348a731e-f3ca-4019-94ec-808802738398 main] common.LogUtils: Unregistered logging context.
2024-04-30T20:08:49,921  INFO [HiveServer2-Background-Pool: Thread-389] common.LogUtils: Thread context registration is done.
2024-04-30T20:08:49,922  INFO [HiveServer2-Background-Pool: Thread-389] reexec.ReExecDriver: Execution #1 of query
2024-04-30T20:08:49,923  INFO [HiveServer2-Background-Pool: Thread-389] ql.Driver: Concurrency mode is disabled, not creating a lock manager
2024-04-30T20:08:49,923  INFO [HiveServer2-Background-Pool: Thread-389] ql.Driver: Executing command(queryId=alex_20240430200849_93bbe03b-4f22-46fe-8ca9-0bb3eaf7ed37): show tables
2024-04-30T20:08:49,923  INFO [HiveServer2-Background-Pool: Thread-389] ql.Driver: Starting task [Stage-0:DDL] in serial mode
2024-04-30T20:08:49,924  INFO [HiveServer2-Background-Pool: Thread-389] HiveMetaStore.audit: ugi=alex	ip=unknown-ip-addr	cmd=get_database: test	
2024-04-30T20:08:49,925  INFO [HiveServer2-Background-Pool: Thread-389] metastore.HMSHandler: 21: Opening raw store with implementation class:org.apache.hadoop.hive.metastore.ObjectStore
2024-04-30T20:08:49,925  INFO [HiveServer2-Background-Pool: Thread-389] metastore.ObjectStore: RawStore: org.apache.hadoop.hive.metastore.ObjectStore@227acdaf, with PersistenceManager: null will be shutdown
2024-04-30T20:08:49,925  INFO [HiveServer2-Background-Pool: Thread-389] metastore.ObjectStore: RawStore: org.apache.hadoop.hive.metastore.ObjectStore@227acdaf, with PersistenceManager: org.datanucleus.api.jdo.JDOPersistenceManager@67784784 created in the thread with id: 389
2024-04-30T20:08:49,928  INFO [HiveServer2-Background-Pool: Thread-389] metastore.HMSHandler: Created RawStore: org.apache.hadoop.hive.metastore.ObjectStore@227acdaf from thread id: 389
2024-04-30T20:08:49,930  INFO [HiveServer2-Background-Pool: Thread-389] HiveMetaStore.audit: ugi=alex	ip=unknown-ip-addr	cmd=get_multi_table : db=test tbls=null	
2024-04-30T20:08:49,936  INFO [HiveServer2-Background-Pool: Thread-389] sqlstd.SQLStdHiveAccessController: Created SQLStdHiveAccessController for session context : HiveAuthzSessionContext [sessionString=348a731e-f3ca-4019-94ec-808802738398, clientType=HIVESERVER2]
2024-04-30T20:08:49,944  INFO [HiveServer2-Background-Pool: Thread-389] metadata.Hive: Dumping metastore api call timing information for : execution phase
2024-04-30T20:08:49,944  INFO [HiveServer2-Background-Pool: Thread-389] metadata.Hive: Total time spent in each metastore function (ms): {isCompatibleWith_(Configuration)=0, getDatabase_(String)=5, getTables_(String, String)=8}
2024-04-30T20:08:49,944  INFO [HiveServer2-Background-Pool: Thread-389] ql.Driver: Completed executing command(queryId=alex_20240430200849_93bbe03b-4f22-46fe-8ca9-0bb3eaf7ed37); Time taken: 0.021 seconds
2024-04-30T20:08:49,944  INFO [HiveServer2-Background-Pool: Thread-389] common.LogUtils: Unregistered logging context.
2024-04-30T20:08:49,946  INFO [348a731e-f3ca-4019-94ec-808802738398 main] operation.OperationManager: Closing operation: OperationHandle [opType=EXECUTE_STATEMENT, getHandleIdentifier()=0d4af44f-eaff-4cd6-aba2-5a9519c9b1ce]
2024-04-30T20:08:49,946  INFO [348a731e-f3ca-4019-94ec-808802738398 main] operation.OperationManager: Removed queryId: alex_20240430200849_93bbe03b-4f22-46fe-8ca9-0bb3eaf7ed37 corresponding to operation: OperationHandle [opType=EXECUTE_STATEMENT, getHandleIdentifier()=0d4af44f-eaff-4cd6-aba2-5a9519c9b1ce] with tag: null
2024-04-30T20:08:49,947  INFO [348a731e-f3ca-4019-94ec-808802738398 main] ql.Context: Deleting scratch dir: file:/home/alex/Repositories/hive/beeline/target/tmp/alex/348a731e-f3ca-4019-94ec-808802738398/hive_2024-04-30_20-08-49_914_1303341655381455633-1
2024-04-30T20:08:49,947  INFO [348a731e-f3ca-4019-94ec-808802738398 main] cleanup.EventualCleanupService: Delete file:/home/alex/Repositories/hive/beeline/target/tmp/alex/348a731e-f3ca-4019-94ec-808802738398/hive_2024-04-30_20-08-49_914_1303341655381455633-1 operation was queued
2024-04-30T20:08:49,947  INFO [348a731e-f3ca-4019-94ec-808802738398 main] exec.ListSinkOperator: Closing Operator: LIST_SINK[0]
2024-04-30T20:08:49,947  INFO [348a731e-f3ca-4019-94ec-808802738398 main] exec.ListSinkOperator: RECORDS_OUT_INTERMEDIATE:0, RECORDS_OUT_OPERATOR_LIST_SINK_0:0, 
2024-04-30T20:08:49,947  INFO [348a731e-f3ca-4019-94ec-808802738398 main] operation.SQLOperation: Closing operation log /home/alex/Repositories/hive/beeline/target/tmp/alex/operation_logs/348a731e-f3ca-4019-94ec-808802738398/alex_20240430200849_93bbe03b-4f22-46fe-8ca9-0bb3eaf7ed37 without delay
2024-04-30T20:08:49,947  INFO [EventualCleanupService thread 0] cleanup.EventualCleanupService: Deleted file:/home/alex/Repositories/hive/beeline/target/tmp/alex/348a731e-f3ca-4019-94ec-808802738398/hive_2024-04-30_20-08-49_914_1303341655381455633-1
2024-04-30T20:08:49,951  INFO [main] service.CompositeService: Session closed, SessionHandle [348a731e-f3ca-4019-94ec-808802738398], current sessions:0
2024-04-30T20:08:49,951  INFO [348a731e-f3ca-4019-94ec-808802738398 main] session.HiveSessionImpl: Operation log session directory is deleted: /home/alex/Repositories/hive/beeline/target/tmp/alex/operation_logs/348a731e-f3ca-4019-94ec-808802738398
2024-04-30T20:08:49,952  INFO [main] cleanup.EventualCleanupService: Delete /tmp/hive/alex/348a731e-f3ca-4019-94ec-808802738398 operation was queued
2024-04-30T20:08:49,953  INFO [main] cleanup.EventualCleanupService: Delete /home/alex/Repositories/hive/beeline/target/tmp/alex/348a731e-f3ca-4019-94ec-808802738398 operation was queued
2024-04-30T20:08:49,953  INFO [EventualCleanupService thread 2] cleanup.EventualCleanupService: Deleted /home/alex/Repositories/hive/beeline/target/tmp/alex/348a731e-f3ca-4019-94ec-808802738398
2024-04-30T20:08:49,953  INFO [EventualCleanupService thread 1] cleanup.EventualCleanupService: Deleted /tmp/hive/alex/348a731e-f3ca-4019-94ec-808802738398
2024-04-30T20:08:49,953  INFO [main] HiveMetaStore.audit: ugi=alex	ip=unknown-ip-addr	cmd=Cleaning up thread local RawStore...	
2024-04-30T20:08:49,953  INFO [main] metastore.ObjectStore: RawStore: org.apache.hadoop.hive.metastore.ObjectStore@4cef0747, with PersistenceManager: org.datanucleus.api.jdo.JDOPersistenceManager@4213bc3e will be shutdown
2024-04-30T20:08:49,953  INFO [main] HiveMetaStore.audit: ugi=alex	ip=unknown-ip-addr	cmd=Done cleaning up thread local RawStore	
2024-04-30T20:08:49,954  INFO [main] metastore.HiveMetaStoreClient: Closed a connection to metastore, current connections: -23
]]></system-err>
  </testcase>
  <testcase name="testNoErrorDB" classname="org.apache.hive.beeline.cli.TestHiveCli" time="0.182">
    <failure type="java.lang.AssertionError"><![CDATA[java.lang.AssertionError: Supported return code is 0 while the actual is 1
	at org.junit.Assert.fail(Assert.java:89)
	at org.apache.hive.beeline.cli.TestHiveCli.executeCMD(TestHiveCli.java:256)
	at org.apache.hive.beeline.cli.TestHiveCli.verifyCMD(TestHiveCli.java:266)
	at org.apache.hive.beeline.cli.TestHiveCli.testNoErrorDB(TestHiveCli.java:239)
	at sun.reflect.NativeMethodAccessorImpl.invoke0(Native Method)
	at sun.reflect.NativeMethodAccessorImpl.invoke(NativeMethodAccessorImpl.java:62)
	at sun.reflect.DelegatingMethodAccessorImpl.invoke(DelegatingMethodAccessorImpl.java:43)
	at java.lang.reflect.Method.invoke(Method.java:498)
	at org.junit.runners.model.FrameworkMethod$1.runReflectiveCall(FrameworkMethod.java:59)
	at org.junit.internal.runners.model.ReflectiveCallable.run(ReflectiveCallable.java:12)
	at org.junit.runners.model.FrameworkMethod.invokeExplosively(FrameworkMethod.java:56)
	at org.junit.internal.runners.statements.InvokeMethod.evaluate(InvokeMethod.java:17)
	at org.junit.internal.runners.statements.RunBefores.evaluate(RunBefores.java:26)
	at org.junit.internal.runners.statements.RunAfters.evaluate(RunAfters.java:27)
	at org.junit.runners.ParentRunner$3.evaluate(ParentRunner.java:306)
	at org.junit.runners.BlockJUnit4ClassRunner$1.evaluate(BlockJUnit4ClassRunner.java:100)
	at org.junit.runners.ParentRunner.runLeaf(ParentRunner.java:366)
	at org.junit.runners.BlockJUnit4ClassRunner.runChild(BlockJUnit4ClassRunner.java:103)
	at org.junit.runners.BlockJUnit4ClassRunner.runChild(BlockJUnit4ClassRunner.java:63)
	at org.junit.runners.ParentRunner$4.run(ParentRunner.java:331)
	at org.junit.runners.ParentRunner$1.schedule(ParentRunner.java:79)
	at org.junit.runners.ParentRunner.runChildren(ParentRunner.java:329)
	at org.junit.runners.ParentRunner.access$100(ParentRunner.java:66)
	at org.junit.runners.ParentRunner$2.evaluate(ParentRunner.java:293)
	at org.junit.internal.runners.statements.RunBefores.evaluate(RunBefores.java:26)
	at org.junit.runners.ParentRunner$3.evaluate(ParentRunner.java:306)
	at org.junit.runners.ParentRunner.run(ParentRunner.java:413)
	at org.junit.runner.JUnitCore.run(JUnitCore.java:137)
	at org.junit.runner.JUnitCore.run(JUnitCore.java:115)
	at org.junit.vintage.engine.execution.RunnerExecutor.execute(RunnerExecutor.java:43)
	at java.util.stream.ForEachOps$ForEachOp$OfRef.accept(ForEachOps.java:183)
	at java.util.stream.ReferencePipeline$3$1.accept(ReferencePipeline.java:193)
	at java.util.Iterator.forEachRemaining(Iterator.java:116)
	at java.util.Spliterators$IteratorSpliterator.forEachRemaining(Spliterators.java:1801)
	at java.util.stream.AbstractPipeline.copyInto(AbstractPipeline.java:482)
	at java.util.stream.AbstractPipeline.wrapAndCopyInto(AbstractPipeline.java:472)
	at java.util.stream.ForEachOps$ForEachOp.evaluateSequential(ForEachOps.java:150)
	at java.util.stream.ForEachOps$ForEachOp$OfRef.evaluateSequential(ForEachOps.java:173)
	at java.util.stream.AbstractPipeline.evaluate(AbstractPipeline.java:234)
	at java.util.stream.ReferencePipeline.forEach(ReferencePipeline.java:485)
	at org.junit.vintage.engine.VintageTestEngine.executeAllChildren(VintageTestEngine.java:82)
	at org.junit.vintage.engine.VintageTestEngine.execute(VintageTestEngine.java:73)
	at org.junit.platform.launcher.core.DefaultLauncher.execute(DefaultLauncher.java:248)
	at org.junit.platform.launcher.core.DefaultLauncher.lambda$execute$5(DefaultLauncher.java:211)
	at org.junit.platform.launcher.core.DefaultLauncher.withInterceptedStreams(DefaultLauncher.java:226)
	at org.junit.platform.launcher.core.DefaultLauncher.execute(DefaultLauncher.java:199)
	at org.junit.platform.launcher.core.DefaultLauncher.execute(DefaultLauncher.java:132)
	at org.apache.maven.surefire.junitplatform.JUnitPlatformProvider.invokeAllTests(JUnitPlatformProvider.java:154)
	at org.apache.maven.surefire.junitplatform.JUnitPlatformProvider.invoke(JUnitPlatformProvider.java:123)
	at org.apache.maven.surefire.booter.ForkedBooter.runSuitesInProcess(ForkedBooter.java:377)
	at org.apache.maven.surefire.booter.ForkedBooter.execute(ForkedBooter.java:138)
	at org.apache.maven.surefire.booter.ForkedBooter.run(ForkedBooter.java:465)
	at org.apache.maven.surefire.booter.ForkedBooter.main(ForkedBooter.java:451)
]]></failure>
    <system-err><![CDATA[2024-04-30T20:08:49,955 ERROR [main] cli.TestHiveCli: Failed to execute command due to the error: java.lang.NullPointerException: Null output stream
2024-04-30T20:08:49,998  WARN [main] conf.HiveConf: HiveConf of name hive.dummyparam.test.server.specific.config.override does not exist
2024-04-30T20:08:49,998  WARN [main] conf.HiveConf: HiveConf of name hive.dummyparam.test.server.specific.config.hiveserver2site does not exist
2024-04-30T20:08:49,998  WARN [main] conf.HiveConf: HiveConf of name hive.dummyparam.test.server.specific.config.metastoresite does not exist
2024-04-30T20:08:49,998  INFO [main] SessionState: Hive Session ID = e01d4418-59b3-4f8b-9937-eb02fa0373c6
2024-04-30T20:08:49,999  INFO [main] DependencyResolver: ivysettings.xml file not found in HIVE_HOME or HIVE_CONF_DIR,/home/alex/Repositories/hive/conf/ivysettings.xml will be used
2024-04-30T20:08:50,005  INFO [main] session.SessionState: Created HDFS directory: /tmp/hive/alex/e01d4418-59b3-4f8b-9937-eb02fa0373c6
2024-04-30T20:08:50,008  INFO [main] session.SessionState: Created local directory: /home/alex/Repositories/hive/beeline/target/tmp/alex/e01d4418-59b3-4f8b-9937-eb02fa0373c6
2024-04-30T20:08:50,012  INFO [main] session.SessionState: Created HDFS directory: /tmp/hive/alex/e01d4418-59b3-4f8b-9937-eb02fa0373c6/_tmp_space.db
2024-04-30T20:08:50,012  INFO [main] sqlstd.SQLStdHiveAccessController: Created SQLStdHiveAccessController for session context : HiveAuthzSessionContext [sessionString=e01d4418-59b3-4f8b-9937-eb02fa0373c6, clientType=HIVESERVER2]
2024-04-30T20:08:50,012  INFO [main] metastore.HiveMetaStoreClient: HMS client filtering is enabled.
2024-04-30T20:08:50,013  INFO [main] metastore.HMSHandler: 0: Opening raw store with implementation class:org.apache.hadoop.hive.metastore.ObjectStore
2024-04-30T20:08:50,013  INFO [main] metastore.PersistenceManagerProvider: Configuration datanucleus.autoStartMechanismMode is not set. Defaulting to 'ignored'
2024-04-30T20:08:50,013  INFO [main] metastore.ObjectStore: RawStore: org.apache.hadoop.hive.metastore.ObjectStore@44e08a7a, with PersistenceManager: null will be shutdown
2024-04-30T20:08:50,013  INFO [main] metastore.ObjectStore: RawStore: org.apache.hadoop.hive.metastore.ObjectStore@44e08a7a, with PersistenceManager: org.datanucleus.api.jdo.JDOPersistenceManager@78bd02c8 created in the thread with id: 1
2024-04-30T20:08:50,015  INFO [main] metastore.HMSHandler: Created RawStore: org.apache.hadoop.hive.metastore.ObjectStore@44e08a7a from thread id: 1
2024-04-30T20:08:50,015  INFO [main] metastore.HMSHandler: HMS server filtering is disabled by configuration
2024-04-30T20:08:50,015  INFO [main] metastore.RetryingMetaStoreClient: RetryingMetaStoreClient proxy=class org.apache.hadoop.hive.ql.metadata.SessionHiveMetaStoreClient ugi=alex (auth:SIMPLE) retries=1 delay=1 lifetime=0
2024-04-30T20:08:50,016  INFO [main] service.CompositeService: Operation log root directory is created: /home/alex/Repositories/hive/beeline/target/tmp/alex/operation_logs
2024-04-30T20:08:50,016  INFO [main] service.CompositeService: HiveServer2: Background operation thread pool size: 100
2024-04-30T20:08:50,016  INFO [main] service.CompositeService: HiveServer2: Background operation thread wait queue size: 100
2024-04-30T20:08:50,016  INFO [main] service.CompositeService: HiveServer2: Background operation thread keepalive time: 10 seconds
2024-04-30T20:08:50,016  INFO [main] service.CompositeService: Connections limit are user: 0 ipaddress: 0 user-ipaddress: 0
2024-04-30T20:08:50,018  INFO [main] cleanup.EventualCleanupService: EventualCleanupService started with 10 threads and queue of size 10000
ERROR StatusLogger Log4j2 ConfigurationScheduler attempted to increment scheduled items after start
ERROR StatusLogger Log4j2 ConfigurationScheduler attempted to increment scheduled items after start
2024-04-30T20:08:50,019  INFO [main] service.AbstractService: Service:OperationManager is inited.
2024-04-30T20:08:50,019  INFO [main] service.AbstractService: Service:SessionManager is inited.
2024-04-30T20:08:50,019  INFO [main] service.AbstractService: Service:CLIService is inited.
2024-04-30T20:08:50,019  INFO [main] service.AbstractService: Service:OperationManager is started.
2024-04-30T20:08:50,019  INFO [main] service.AbstractService: Service:SessionManager is started.
2024-04-30T20:08:50,019  INFO [main] service.AbstractService: Service:CLIService is started.
2024-04-30T20:08:50,019  INFO [main] service.AbstractService: Service:ThriftBinaryCLIService is inited.
2024-04-30T20:08:50,019  INFO [main] thrift.ThriftCLIService: Client protocol version: HIVE_CLI_SERVICE_PROTOCOL_V10
2024-04-30T20:08:50,019  INFO [main] thrift.ThriftCLIService: Creating Hive session handle for user [null] from IP null
2024-04-30T20:08:50,021  INFO [main] DependencyResolver: ivysettings.xml file not found in HIVE_HOME or HIVE_CONF_DIR,/home/alex/Repositories/hive/conf/ivysettings.xml will be used
2024-04-30T20:08:50,028  INFO [main] session.SessionState: Created HDFS directory: /tmp/hive/alex/8bc1070b-fd85-45f3-be90-9022cb7ac206
2024-04-30T20:08:50,031  INFO [main] session.SessionState: Created local directory: /home/alex/Repositories/hive/beeline/target/tmp/alex/8bc1070b-fd85-45f3-be90-9022cb7ac206
2024-04-30T20:08:50,035  INFO [main] session.SessionState: Created HDFS directory: /tmp/hive/alex/8bc1070b-fd85-45f3-be90-9022cb7ac206/_tmp_space.db
2024-04-30T20:08:50,035  INFO [main] session.SessionState: Reloading auxiliary JAR files
2024-04-30T20:08:50,035  WARN [main] session.SessionState: Configuration hive.reloadable.aux.jars.path not specified
2024-04-30T20:08:50,035  INFO [main] HiveMetaStore.audit: ugi=alex	ip=unknown-ip-addr	cmd=Cleaning up thread local RawStore...	
2024-04-30T20:08:50,035  INFO [main] metastore.ObjectStore: RawStore: org.apache.hadoop.hive.metastore.ObjectStore@44e08a7a, with PersistenceManager: org.datanucleus.api.jdo.JDOPersistenceManager@78bd02c8 will be shutdown
2024-04-30T20:08:50,035  INFO [main] HiveMetaStore.audit: ugi=alex	ip=unknown-ip-addr	cmd=Done cleaning up thread local RawStore	
2024-04-30T20:08:50,035  INFO [main] metastore.HiveMetaStoreClient: Closed a connection to metastore, current connections: -24
2024-04-30T20:08:50,035  INFO [main] session.HiveSessionImpl: Operation log session directory is created: /home/alex/Repositories/hive/beeline/target/tmp/alex/operation_logs/8bc1070b-fd85-45f3-be90-9022cb7ac206
2024-04-30T20:08:50,035  INFO [main] service.CompositeService: Session opened, SessionHandle [8bc1070b-fd85-45f3-be90-9022cb7ac206], current sessions:1
2024-04-30T20:08:50,036  INFO [main] thrift.ThriftCLIService: Login attempt is successful for user : null
2024-04-30T20:08:50,078  WARN [main] conf.HiveConf: HiveConf of name hive.dummyparam.test.server.specific.config.override does not exist
2024-04-30T20:08:50,078  WARN [main] conf.HiveConf: HiveConf of name hive.dummyparam.test.server.specific.config.hiveserver2site does not exist
2024-04-30T20:08:50,078  WARN [main] conf.HiveConf: HiveConf of name hive.dummyparam.test.server.specific.config.metastoresite does not exist
2024-04-30T20:08:50,078  INFO [8bc1070b-fd85-45f3-be90-9022cb7ac206 main] session.HiveSessionImpl: executing set
2024-04-30T20:08:50,079  INFO [8bc1070b-fd85-45f3-be90-9022cb7ac206 main] operation.HiveCommandOperation: Putting temp output to file /home/alex/Repositories/hive/beeline/target/tmp/alex/8bc1070b-fd85-45f3-be90-9022cb7ac2069026718266398016542.pipeout and error output to file /home/alex/Repositories/hive/beeline/target/tmp/alex/8bc1070b-fd85-45f3-be90-9022cb7ac2065694923154814272449.pipeout
2024-04-30T20:08:50,079  INFO [8bc1070b-fd85-45f3-be90-9022cb7ac206 main] operation.OperationManager: Adding operation: OperationHandle [opType=EXECUTE_STATEMENT, getHandleIdentifier()=ec3128dd-c7cc-48a2-8fb6-6502f851bb76] SessionHandle [8bc1070b-fd85-45f3-be90-9022cb7ac206]
2024-04-30T20:08:50,079  INFO [8bc1070b-fd85-45f3-be90-9022cb7ac206 main] common.LogUtils: Thread context registration is done.
DEBUG StatusLogger Building Plugin[name=filter, class=org.apache.hadoop.hive.ql.log.LogDivertAppender$NameFilter].
DEBUG StatusLogger createFilter(loggingLevel="EXECUTION")
DEBUG StatusLogger Building Plugin[name=layout, class=org.apache.logging.log4j.core.layout.PatternLayout].
DEBUG StatusLogger PatternLayout$Builder(pattern="%-5p : %m%n", PatternSelector=null, Configuration(HiveLog4j2Test), Replace=null, charset="null", alwaysWriteExceptions="null", disableAnsi="null", noConsoleNoAnsi="null", header="null", footer="null")
DEBUG StatusLogger Building Plugin[name=appender, class=org.apache.hadoop.hive.ql.log.HushableRandomAccessFileAppender].
DEBUG StatusLogger createAppender(fileName="/home/alex/Repositories/hive/beeline/target/tmp/alex/operation_logs/8bc1070b-fd85-45f3-be90-9022cb7ac206/alex_20240430200850_4e926b1f-31a6-47f0-b6b7-ab0128b88e9d", append="null", name="query-file-appender", immediateFlush="null", bufferSize="null", ignoreExceptions="null", PatternLayout(org.apache.logging.log4j.core.layout.PatternLayout with name PatternLayout), NameFilter(org.apache.hadoop.hive.ql.log.LogDivertAppender$NameFilter with name NameFilter), advertise="null", advertiseURI="null", Configuration(HiveLog4j2Test))
DEBUG StatusLogger Starting RandomAccessFileManager /home/alex/Repositories/hive/beeline/target/tmp/alex/operation_logs/8bc1070b-fd85-45f3-be90-9022cb7ac206/alex_20240430200850_4e926b1f-31a6-47f0-b6b7-ab0128b88e9d
DEBUG StatusLogger Building Plugin[name=, class=org.apache.hadoop.hive.ql.log.LogDivertAppenderForTest$TestFilter].
DEBUG StatusLogger createFilter()
DEBUG StatusLogger Building Plugin[name=, class=org.apache.logging.log4j.core.layout.PatternLayout].
DEBUG StatusLogger PatternLayout$Builder(pattern="%-5p : %m%n", PatternSelector=null, Configuration(HiveLog4j2Test), Replace=null, charset="null", alwaysWriteExceptions="null", disableAnsi="null", noConsoleNoAnsi="null", header="null", footer="null")
DEBUG StatusLogger Building Plugin[name=appender, class=org.apache.hadoop.hive.ql.log.HushableRandomAccessFileAppender].
DEBUG StatusLogger createAppender(fileName="/home/alex/Repositories/hive/beeline/target/tmp/alex/operation_logs/8bc1070b-fd85-45f3-be90-9022cb7ac206/alex_20240430200850_4e926b1f-31a6-47f0-b6b7-ab0128b88e9d.test", append="null", name="test-query-file-appender", immediateFlush="null", bufferSize="null", ignoreExceptions="null", PatternLayout(org.apache.logging.log4j.core.layout.PatternLayout with name PatternLayout), test-filter(org.apache.hadoop.hive.ql.log.LogDivertAppenderForTest$TestFilter with name test-filter), advertise="null", advertiseURI="null", Configuration(HiveLog4j2Test))
DEBUG StatusLogger Starting RandomAccessFileManager /home/alex/Repositories/hive/beeline/target/tmp/alex/operation_logs/8bc1070b-fd85-45f3-be90-9022cb7ac206/alex_20240430200850_4e926b1f-31a6-47f0-b6b7-ab0128b88e9d.test
2024-04-30T20:08:50,083  INFO [8bc1070b-fd85-45f3-be90-9022cb7ac206 main] operation.HiveCommandOperation: [opType=EXECUTE_STATEMENT, queryId=alex_20240430200850_4e926b1f-31a6-47f0-b6b7-ab0128b88e9d, startTime=1714532930079, sessionId=8bc1070b-fd85-45f3-be90-9022cb7ac206, createTime=1714532930020, userName=null, ipAddress=null]
2024-04-30T20:08:50,090  INFO [8bc1070b-fd85-45f3-be90-9022cb7ac206 main] common.LogUtils: Unregistered logging context.
2024-04-30T20:08:50,093  INFO [8bc1070b-fd85-45f3-be90-9022cb7ac206 main] operation.OperationManager: Closing operation: OperationHandle [opType=EXECUTE_STATEMENT, getHandleIdentifier()=ec3128dd-c7cc-48a2-8fb6-6502f851bb76]
2024-04-30T20:08:50,093  INFO [8bc1070b-fd85-45f3-be90-9022cb7ac206 main] operation.OperationManager: Removed queryId: alex_20240430200850_4e926b1f-31a6-47f0-b6b7-ab0128b88e9d corresponding to operation: OperationHandle [opType=EXECUTE_STATEMENT, getHandleIdentifier()=ec3128dd-c7cc-48a2-8fb6-6502f851bb76] with tag: null
2024-04-30T20:08:50,094  INFO [8bc1070b-fd85-45f3-be90-9022cb7ac206 main] operation.HiveCommandOperation: Closing operation log /home/alex/Repositories/hive/beeline/target/tmp/alex/operation_logs/8bc1070b-fd85-45f3-be90-9022cb7ac206/alex_20240430200850_4e926b1f-31a6-47f0-b6b7-ab0128b88e9d without delay
2024-04-30T20:08:50,096  INFO [8bc1070b-fd85-45f3-be90-9022cb7ac206 main] session.HiveSessionImpl: executing show tables
2024-04-30T20:08:50,096  INFO [8bc1070b-fd85-45f3-be90-9022cb7ac206 main] operation.OperationManager: Adding operation: OperationHandle [opType=EXECUTE_STATEMENT, getHandleIdentifier()=5cde8ce4-951a-4434-85cf-2682a00dba80] SessionHandle [8bc1070b-fd85-45f3-be90-9022cb7ac206]
2024-04-30T20:08:50,096  INFO [8bc1070b-fd85-45f3-be90-9022cb7ac206 main] common.LogUtils: Thread context registration is done.
DEBUG StatusLogger Building Plugin[name=filter, class=org.apache.hadoop.hive.ql.log.LogDivertAppender$NameFilter].
DEBUG StatusLogger createFilter(loggingLevel="EXECUTION")
DEBUG StatusLogger Building Plugin[name=layout, class=org.apache.logging.log4j.core.layout.PatternLayout].
DEBUG StatusLogger PatternLayout$Builder(pattern="%-5p : %m%n", PatternSelector=null, Configuration(HiveLog4j2Test), Replace=null, charset="null", alwaysWriteExceptions="null", disableAnsi="null", noConsoleNoAnsi="null", header="null", footer="null")
DEBUG StatusLogger Building Plugin[name=appender, class=org.apache.hadoop.hive.ql.log.HushableRandomAccessFileAppender].
DEBUG StatusLogger createAppender(fileName="/home/alex/Repositories/hive/beeline/target/tmp/alex/operation_logs/8bc1070b-fd85-45f3-be90-9022cb7ac206/alex_20240430200850_f5c43101-b96c-4549-93ce-1624ff096380", append="null", name="query-file-appender", immediateFlush="null", bufferSize="null", ignoreExceptions="null", PatternLayout(org.apache.logging.log4j.core.layout.PatternLayout with name PatternLayout), NameFilter(org.apache.hadoop.hive.ql.log.LogDivertAppender$NameFilter with name NameFilter), advertise="null", advertiseURI="null", Configuration(HiveLog4j2Test))
DEBUG StatusLogger Starting RandomAccessFileManager /home/alex/Repositories/hive/beeline/target/tmp/alex/operation_logs/8bc1070b-fd85-45f3-be90-9022cb7ac206/alex_20240430200850_f5c43101-b96c-4549-93ce-1624ff096380
DEBUG StatusLogger Building Plugin[name=, class=org.apache.hadoop.hive.ql.log.LogDivertAppenderForTest$TestFilter].
DEBUG StatusLogger createFilter()
DEBUG StatusLogger Building Plugin[name=, class=org.apache.logging.log4j.core.layout.PatternLayout].
DEBUG StatusLogger PatternLayout$Builder(pattern="%-5p : %m%n", PatternSelector=null, Configuration(HiveLog4j2Test), Replace=null, charset="null", alwaysWriteExceptions="null", disableAnsi="null", noConsoleNoAnsi="null", header="null", footer="null")
DEBUG StatusLogger Building Plugin[name=appender, class=org.apache.hadoop.hive.ql.log.HushableRandomAccessFileAppender].
DEBUG StatusLogger createAppender(fileName="/home/alex/Repositories/hive/beeline/target/tmp/alex/operation_logs/8bc1070b-fd85-45f3-be90-9022cb7ac206/alex_20240430200850_f5c43101-b96c-4549-93ce-1624ff096380.test", append="null", name="test-query-file-appender", immediateFlush="null", bufferSize="null", ignoreExceptions="null", PatternLayout(org.apache.logging.log4j.core.layout.PatternLayout with name PatternLayout), test-filter(org.apache.hadoop.hive.ql.log.LogDivertAppenderForTest$TestFilter with name test-filter), advertise="null", advertiseURI="null", Configuration(HiveLog4j2Test))
DEBUG StatusLogger Starting RandomAccessFileManager /home/alex/Repositories/hive/beeline/target/tmp/alex/operation_logs/8bc1070b-fd85-45f3-be90-9022cb7ac206/alex_20240430200850_f5c43101-b96c-4549-93ce-1624ff096380.test
2024-04-30T20:08:50,103  INFO [8bc1070b-fd85-45f3-be90-9022cb7ac206 main] operation.SQLOperation: [opType=EXECUTE_STATEMENT, queryId=alex_20240430200850_f5c43101-b96c-4549-93ce-1624ff096380, startTime=1714532930096, sessionId=8bc1070b-fd85-45f3-be90-9022cb7ac206, createTime=1714532930020, userName=null, ipAddress=null]
2024-04-30T20:08:50,104  INFO [8bc1070b-fd85-45f3-be90-9022cb7ac206 main] ql.Driver: Compiling command(queryId=alex_20240430200850_f5c43101-b96c-4549-93ce-1624ff096380): show tables
2024-04-30T20:08:50,105  INFO [8bc1070b-fd85-45f3-be90-9022cb7ac206 main] metastore.HiveMetaStoreClient: HMS client filtering is enabled.
2024-04-30T20:08:50,106  INFO [8bc1070b-fd85-45f3-be90-9022cb7ac206 main] metastore.HMSHandler: 0: Opening raw store with implementation class:org.apache.hadoop.hive.metastore.ObjectStore
2024-04-30T20:08:50,106  INFO [8bc1070b-fd85-45f3-be90-9022cb7ac206 main] metastore.PersistenceManagerProvider: Configuration datanucleus.autoStartMechanismMode is not set. Defaulting to 'ignored'
2024-04-30T20:08:50,106  INFO [8bc1070b-fd85-45f3-be90-9022cb7ac206 main] metastore.ObjectStore: RawStore: org.apache.hadoop.hive.metastore.ObjectStore@56499781, with PersistenceManager: null will be shutdown
2024-04-30T20:08:50,106  INFO [8bc1070b-fd85-45f3-be90-9022cb7ac206 main] metastore.ObjectStore: RawStore: org.apache.hadoop.hive.metastore.ObjectStore@56499781, with PersistenceManager: org.datanucleus.api.jdo.JDOPersistenceManager@43f99817 created in the thread with id: 1
2024-04-30T20:08:50,108  INFO [8bc1070b-fd85-45f3-be90-9022cb7ac206 main] metastore.HMSHandler: Created RawStore: org.apache.hadoop.hive.metastore.ObjectStore@56499781 from thread id: 1
2024-04-30T20:08:50,108  INFO [8bc1070b-fd85-45f3-be90-9022cb7ac206 main] metastore.HMSHandler: HMS server filtering is disabled by configuration
2024-04-30T20:08:50,109  INFO [8bc1070b-fd85-45f3-be90-9022cb7ac206 main] metastore.RetryingMetaStoreClient: RetryingMetaStoreClient proxy=class org.apache.hadoop.hive.ql.metadata.SessionHiveMetaStoreClient ugi=alex (auth:SIMPLE) retries=1 delay=1 lifetime=0
2024-04-30T20:08:50,112  INFO [8bc1070b-fd85-45f3-be90-9022cb7ac206 main] HiveMetaStore.audit: ugi=alex	ip=unknown-ip-addr	cmd=get_database: default	
2024-04-30T20:08:50,113  INFO [8bc1070b-fd85-45f3-be90-9022cb7ac206 main] ql.Driver: Semantic Analysis Completed (retrial = false)
2024-04-30T20:08:50,113  INFO [8bc1070b-fd85-45f3-be90-9022cb7ac206 main] ql.Driver: Created Hive schema: Schema(fieldSchemas:[FieldSchema(name:tab_name, type:string, comment:from deserializer)], properties:null)
2024-04-30T20:08:50,114  INFO [8bc1070b-fd85-45f3-be90-9022cb7ac206 main] exec.ListSinkOperator: Initializing Operator: LIST_SINK[0]
2024-04-30T20:08:50,114  INFO [8bc1070b-fd85-45f3-be90-9022cb7ac206 main] metadata.Hive: Dumping metastore api call timing information for : compilation phase
2024-04-30T20:08:50,114  INFO [8bc1070b-fd85-45f3-be90-9022cb7ac206 main] metadata.Hive: Total time spent in each metastore function (ms): {isCompatibleWith_(Configuration)=0, getDatabase_(String)=1, flushCache_()=0}
2024-04-30T20:08:50,114  INFO [8bc1070b-fd85-45f3-be90-9022cb7ac206 main] ql.Driver: Completed compiling command(queryId=alex_20240430200850_f5c43101-b96c-4549-93ce-1624ff096380); Time taken: 0.01 seconds
2024-04-30T20:08:50,115  INFO [8bc1070b-fd85-45f3-be90-9022cb7ac206 main] common.LogUtils: Unregistered logging context.
2024-04-30T20:08:50,115  INFO [HiveServer2-Background-Pool: Thread-415] common.LogUtils: Thread context registration is done.
2024-04-30T20:08:50,115  INFO [HiveServer2-Background-Pool: Thread-415] reexec.ReExecDriver: Execution #1 of query
2024-04-30T20:08:50,116  INFO [HiveServer2-Background-Pool: Thread-415] ql.Driver: Concurrency mode is disabled, not creating a lock manager
2024-04-30T20:08:50,116  INFO [HiveServer2-Background-Pool: Thread-415] ql.Driver: Executing command(queryId=alex_20240430200850_f5c43101-b96c-4549-93ce-1624ff096380): show tables
2024-04-30T20:08:50,116  INFO [HiveServer2-Background-Pool: Thread-415] ql.Driver: Starting task [Stage-0:DDL] in serial mode
2024-04-30T20:08:50,117  INFO [HiveServer2-Background-Pool: Thread-415] HiveMetaStore.audit: ugi=alex	ip=unknown-ip-addr	cmd=get_database: default	
2024-04-30T20:08:50,117  INFO [HiveServer2-Background-Pool: Thread-415] metastore.HMSHandler: 22: Opening raw store with implementation class:org.apache.hadoop.hive.metastore.ObjectStore
2024-04-30T20:08:50,118  INFO [HiveServer2-Background-Pool: Thread-415] metastore.ObjectStore: RawStore: org.apache.hadoop.hive.metastore.ObjectStore@30ca05de, with PersistenceManager: null will be shutdown
2024-04-30T20:08:50,118  INFO [HiveServer2-Background-Pool: Thread-415] metastore.ObjectStore: RawStore: org.apache.hadoop.hive.metastore.ObjectStore@30ca05de, with PersistenceManager: org.datanucleus.api.jdo.JDOPersistenceManager@75c89da3 created in the thread with id: 415
2024-04-30T20:08:50,120  INFO [HiveServer2-Background-Pool: Thread-415] metastore.HMSHandler: Created RawStore: org.apache.hadoop.hive.metastore.ObjectStore@30ca05de from thread id: 415
2024-04-30T20:08:50,122  INFO [HiveServer2-Background-Pool: Thread-415] HiveMetaStore.audit: ugi=alex	ip=unknown-ip-addr	cmd=get_multi_table : db=default tbls=null	
2024-04-30T20:08:50,124  INFO [HiveServer2-Background-Pool: Thread-415] sqlstd.SQLStdHiveAccessController: Created SQLStdHiveAccessController for session context : HiveAuthzSessionContext [sessionString=8bc1070b-fd85-45f3-be90-9022cb7ac206, clientType=HIVESERVER2]
2024-04-30T20:08:50,130  INFO [HiveServer2-Background-Pool: Thread-415] metadata.Hive: Dumping metastore api call timing information for : execution phase
2024-04-30T20:08:50,130  INFO [HiveServer2-Background-Pool: Thread-415] metadata.Hive: Total time spent in each metastore function (ms): {isCompatibleWith_(Configuration)=0, getDatabase_(String)=4, getTables_(String, String)=3}
2024-04-30T20:08:50,130  INFO [HiveServer2-Background-Pool: Thread-415] ql.Driver: Completed executing command(queryId=alex_20240430200850_f5c43101-b96c-4549-93ce-1624ff096380); Time taken: 0.014 seconds
2024-04-30T20:08:50,131  INFO [HiveServer2-Background-Pool: Thread-415] common.LogUtils: Unregistered logging context.
2024-04-30T20:08:50,133  INFO [8bc1070b-fd85-45f3-be90-9022cb7ac206 main] operation.OperationManager: Closing operation: OperationHandle [opType=EXECUTE_STATEMENT, getHandleIdentifier()=5cde8ce4-951a-4434-85cf-2682a00dba80]
2024-04-30T20:08:50,133  INFO [8bc1070b-fd85-45f3-be90-9022cb7ac206 main] operation.OperationManager: Removed queryId: alex_20240430200850_f5c43101-b96c-4549-93ce-1624ff096380 corresponding to operation: OperationHandle [opType=EXECUTE_STATEMENT, getHandleIdentifier()=5cde8ce4-951a-4434-85cf-2682a00dba80] with tag: null
2024-04-30T20:08:50,134  INFO [8bc1070b-fd85-45f3-be90-9022cb7ac206 main] ql.Context: Deleting scratch dir: file:/home/alex/Repositories/hive/beeline/target/tmp/alex/8bc1070b-fd85-45f3-be90-9022cb7ac206/hive_2024-04-30_20-08-50_104_1526797173652856222-1
2024-04-30T20:08:50,134  INFO [8bc1070b-fd85-45f3-be90-9022cb7ac206 main] cleanup.EventualCleanupService: Delete file:/home/alex/Repositories/hive/beeline/target/tmp/alex/8bc1070b-fd85-45f3-be90-9022cb7ac206/hive_2024-04-30_20-08-50_104_1526797173652856222-1 operation was queued
2024-04-30T20:08:50,134  INFO [8bc1070b-fd85-45f3-be90-9022cb7ac206 main] exec.ListSinkOperator: Closing Operator: LIST_SINK[0]
2024-04-30T20:08:50,134  INFO [8bc1070b-fd85-45f3-be90-9022cb7ac206 main] exec.ListSinkOperator: RECORDS_OUT_INTERMEDIATE:0, RECORDS_OUT_OPERATOR_LIST_SINK_0:0, 
2024-04-30T20:08:50,134  INFO [8bc1070b-fd85-45f3-be90-9022cb7ac206 main] operation.SQLOperation: Closing operation log /home/alex/Repositories/hive/beeline/target/tmp/alex/operation_logs/8bc1070b-fd85-45f3-be90-9022cb7ac206/alex_20240430200850_f5c43101-b96c-4549-93ce-1624ff096380 without delay
2024-04-30T20:08:50,134  INFO [EventualCleanupService thread 0] cleanup.EventualCleanupService: Deleted file:/home/alex/Repositories/hive/beeline/target/tmp/alex/8bc1070b-fd85-45f3-be90-9022cb7ac206/hive_2024-04-30_20-08-50_104_1526797173652856222-1
2024-04-30T20:08:50,134  INFO [main] service.CompositeService: Session closed, SessionHandle [8bc1070b-fd85-45f3-be90-9022cb7ac206], current sessions:0
2024-04-30T20:08:50,134  INFO [8bc1070b-fd85-45f3-be90-9022cb7ac206 main] session.HiveSessionImpl: Operation log session directory is deleted: /home/alex/Repositories/hive/beeline/target/tmp/alex/operation_logs/8bc1070b-fd85-45f3-be90-9022cb7ac206
2024-04-30T20:08:50,135  INFO [main] cleanup.EventualCleanupService: Delete /tmp/hive/alex/8bc1070b-fd85-45f3-be90-9022cb7ac206 operation was queued
2024-04-30T20:08:50,135  INFO [main] cleanup.EventualCleanupService: Delete /home/alex/Repositories/hive/beeline/target/tmp/alex/8bc1070b-fd85-45f3-be90-9022cb7ac206 operation was queued
2024-04-30T20:08:50,135  INFO [EventualCleanupService thread 2] cleanup.EventualCleanupService: Deleted /home/alex/Repositories/hive/beeline/target/tmp/alex/8bc1070b-fd85-45f3-be90-9022cb7ac206
2024-04-30T20:08:50,135  INFO [EventualCleanupService thread 1] cleanup.EventualCleanupService: Deleted /tmp/hive/alex/8bc1070b-fd85-45f3-be90-9022cb7ac206
2024-04-30T20:08:50,136  INFO [main] HiveMetaStore.audit: ugi=alex	ip=unknown-ip-addr	cmd=Cleaning up thread local RawStore...	
2024-04-30T20:08:50,136  INFO [main] metastore.ObjectStore: RawStore: org.apache.hadoop.hive.metastore.ObjectStore@56499781, with PersistenceManager: org.datanucleus.api.jdo.JDOPersistenceManager@43f99817 will be shutdown
2024-04-30T20:08:50,136  INFO [main] HiveMetaStore.audit: ugi=alex	ip=unknown-ip-addr	cmd=Done cleaning up thread local RawStore	
2024-04-30T20:08:50,136  INFO [main] metastore.HiveMetaStoreClient: Closed a connection to metastore, current connections: -25
2024-04-30T20:08:50,136 ERROR [main] cli.TestHiveCli: Failed due to the error:Connecting to jdbc:hive2://
Hive Session ID = e01d4418-59b3-4f8b-9937-eb02fa0373c6
ivysettings.xml file not found in HIVE_HOME or HIVE_CONF_DIR,/home/alex/Repositories/hive/conf/ivysettings.xml will be used
ivysettings.xml file not found in HIVE_HOME or HIVE_CONF_DIR,/home/alex/Repositories/hive/conf/ivysettings.xml will be used
Connected to: Apache Hive (version 4.0.0-SNAPSHOT)
Error: Couldn't load manifest attributes. (state=,code=0)
Transaction isolation: TRANSACTION_REPEATABLE_READ
INFO  : Compiling command(queryId=alex_20240430200850_f5c43101-b96c-4549-93ce-1624ff096380): show tables
INFO  : Semantic Analysis Completed (retrial = false)
INFO  : Created Hive schema: Schema(fieldSchemas:[FieldSchema(name:tab_name, type:string, comment:from deserializer)], properties:null)
INFO  : Completed compiling command(queryId=alex_20240430200850_f5c43101-b96c-4549-93ce-1624ff096380); Time taken: 0.01 seconds
INFO  : Concurrency mode is disabled, not creating a lock manager
INFO  : Executing command(queryId=alex_20240430200850_f5c43101-b96c-4549-93ce-1624ff096380): show tables
INFO  : Starting task [Stage-0:DDL] in serial mode
DEBUG : Task getting executed using mapred tag : alex_20240430200850_f5c43101-b96c-4549-93ce-1624ff096380,userid=null
INFO  : Completed executing command(queryId=alex_20240430200850_f5c43101-b96c-4549-93ce-1624ff096380); Time taken: 0.014 seconds
DEBUG : Shutting down query show tables
Error: Failed to wait for operation to complete (state=08S01,code=0)
Closing: 0: jdbc:hive2://

]]></system-err>
  </testcase>
  <testcase name="testUseInvalidDB" classname="org.apache.hive.beeline.cli.TestHiveCli" time="0.237"/>
  <testcase name="testErrOutput" classname="org.apache.hive.beeline.cli.TestHiveCli" time="0.208"/>
  <testcase name="testSqlFromCmdWithComments1" classname="org.apache.hive.beeline.cli.TestHiveCli" time="0.189">
    <failure type="java.lang.AssertionError"><![CDATA[java.lang.AssertionError: Supported return code is 0 while the actual is 1
	at org.junit.Assert.fail(Assert.java:89)
	at org.apache.hive.beeline.cli.TestHiveCli.executeCMD(TestHiveCli.java:256)
	at org.apache.hive.beeline.cli.TestHiveCli.verifyCMD(TestHiveCli.java:266)
	at org.apache.hive.beeline.cli.TestHiveCli.testSqlFromCmdWithComments1(TestHiveCli.java:150)
	at sun.reflect.NativeMethodAccessorImpl.invoke0(Native Method)
	at sun.reflect.NativeMethodAccessorImpl.invoke(NativeMethodAccessorImpl.java:62)
	at sun.reflect.DelegatingMethodAccessorImpl.invoke(DelegatingMethodAccessorImpl.java:43)
	at java.lang.reflect.Method.invoke(Method.java:498)
	at org.junit.runners.model.FrameworkMethod$1.runReflectiveCall(FrameworkMethod.java:59)
	at org.junit.internal.runners.model.ReflectiveCallable.run(ReflectiveCallable.java:12)
	at org.junit.runners.model.FrameworkMethod.invokeExplosively(FrameworkMethod.java:56)
	at org.junit.internal.runners.statements.InvokeMethod.evaluate(InvokeMethod.java:17)
	at org.junit.internal.runners.statements.RunBefores.evaluate(RunBefores.java:26)
	at org.junit.internal.runners.statements.RunAfters.evaluate(RunAfters.java:27)
	at org.junit.runners.ParentRunner$3.evaluate(ParentRunner.java:306)
	at org.junit.runners.BlockJUnit4ClassRunner$1.evaluate(BlockJUnit4ClassRunner.java:100)
	at org.junit.runners.ParentRunner.runLeaf(ParentRunner.java:366)
	at org.junit.runners.BlockJUnit4ClassRunner.runChild(BlockJUnit4ClassRunner.java:103)
	at org.junit.runners.BlockJUnit4ClassRunner.runChild(BlockJUnit4ClassRunner.java:63)
	at org.junit.runners.ParentRunner$4.run(ParentRunner.java:331)
	at org.junit.runners.ParentRunner$1.schedule(ParentRunner.java:79)
	at org.junit.runners.ParentRunner.runChildren(ParentRunner.java:329)
	at org.junit.runners.ParentRunner.access$100(ParentRunner.java:66)
	at org.junit.runners.ParentRunner$2.evaluate(ParentRunner.java:293)
	at org.junit.internal.runners.statements.RunBefores.evaluate(RunBefores.java:26)
	at org.junit.runners.ParentRunner$3.evaluate(ParentRunner.java:306)
	at org.junit.runners.ParentRunner.run(ParentRunner.java:413)
	at org.junit.runner.JUnitCore.run(JUnitCore.java:137)
	at org.junit.runner.JUnitCore.run(JUnitCore.java:115)
	at org.junit.vintage.engine.execution.RunnerExecutor.execute(RunnerExecutor.java:43)
	at java.util.stream.ForEachOps$ForEachOp$OfRef.accept(ForEachOps.java:183)
	at java.util.stream.ReferencePipeline$3$1.accept(ReferencePipeline.java:193)
	at java.util.Iterator.forEachRemaining(Iterator.java:116)
	at java.util.Spliterators$IteratorSpliterator.forEachRemaining(Spliterators.java:1801)
	at java.util.stream.AbstractPipeline.copyInto(AbstractPipeline.java:482)
	at java.util.stream.AbstractPipeline.wrapAndCopyInto(AbstractPipeline.java:472)
	at java.util.stream.ForEachOps$ForEachOp.evaluateSequential(ForEachOps.java:150)
	at java.util.stream.ForEachOps$ForEachOp$OfRef.evaluateSequential(ForEachOps.java:173)
	at java.util.stream.AbstractPipeline.evaluate(AbstractPipeline.java:234)
	at java.util.stream.ReferencePipeline.forEach(ReferencePipeline.java:485)
	at org.junit.vintage.engine.VintageTestEngine.executeAllChildren(VintageTestEngine.java:82)
	at org.junit.vintage.engine.VintageTestEngine.execute(VintageTestEngine.java:73)
	at org.junit.platform.launcher.core.DefaultLauncher.execute(DefaultLauncher.java:248)
	at org.junit.platform.launcher.core.DefaultLauncher.lambda$execute$5(DefaultLauncher.java:211)
	at org.junit.platform.launcher.core.DefaultLauncher.withInterceptedStreams(DefaultLauncher.java:226)
	at org.junit.platform.launcher.core.DefaultLauncher.execute(DefaultLauncher.java:199)
	at org.junit.platform.launcher.core.DefaultLauncher.execute(DefaultLauncher.java:132)
	at org.apache.maven.surefire.junitplatform.JUnitPlatformProvider.invokeAllTests(JUnitPlatformProvider.java:154)
	at org.apache.maven.surefire.junitplatform.JUnitPlatformProvider.invoke(JUnitPlatformProvider.java:123)
	at org.apache.maven.surefire.booter.ForkedBooter.runSuitesInProcess(ForkedBooter.java:377)
	at org.apache.maven.surefire.booter.ForkedBooter.execute(ForkedBooter.java:138)
	at org.apache.maven.surefire.booter.ForkedBooter.run(ForkedBooter.java:465)
	at org.apache.maven.surefire.booter.ForkedBooter.main(ForkedBooter.java:451)
]]></failure>
    <system-err><![CDATA[2024-04-30T20:08:50,582 ERROR [main] cli.TestHiveCli: Failed to execute command due to the error: java.lang.NullPointerException: Null output stream
2024-04-30T20:08:50,623  WARN [main] conf.HiveConf: HiveConf of name hive.dummyparam.test.server.specific.config.override does not exist
2024-04-30T20:08:50,623  WARN [main] conf.HiveConf: HiveConf of name hive.dummyparam.test.server.specific.config.hiveserver2site does not exist
2024-04-30T20:08:50,623  WARN [main] conf.HiveConf: HiveConf of name hive.dummyparam.test.server.specific.config.metastoresite does not exist
2024-04-30T20:08:50,624  INFO [main] SessionState: Hive Session ID = 0f2bbcc2-fda8-442e-aca8-3392438f7d74
2024-04-30T20:08:50,624  INFO [main] DependencyResolver: ivysettings.xml file not found in HIVE_HOME or HIVE_CONF_DIR,/home/alex/Repositories/hive/conf/ivysettings.xml will be used
2024-04-30T20:08:50,631  INFO [main] session.SessionState: Created HDFS directory: /tmp/hive/alex/0f2bbcc2-fda8-442e-aca8-3392438f7d74
2024-04-30T20:08:50,634  INFO [main] session.SessionState: Created local directory: /home/alex/Repositories/hive/beeline/target/tmp/alex/0f2bbcc2-fda8-442e-aca8-3392438f7d74
2024-04-30T20:08:50,637  INFO [main] session.SessionState: Created HDFS directory: /tmp/hive/alex/0f2bbcc2-fda8-442e-aca8-3392438f7d74/_tmp_space.db
2024-04-30T20:08:50,638  INFO [main] sqlstd.SQLStdHiveAccessController: Created SQLStdHiveAccessController for session context : HiveAuthzSessionContext [sessionString=0f2bbcc2-fda8-442e-aca8-3392438f7d74, clientType=HIVESERVER2]
2024-04-30T20:08:50,638  INFO [main] metastore.HiveMetaStoreClient: HMS client filtering is enabled.
2024-04-30T20:08:50,639  INFO [main] metastore.HMSHandler: 0: Opening raw store with implementation class:org.apache.hadoop.hive.metastore.ObjectStore
2024-04-30T20:08:50,639  INFO [main] metastore.PersistenceManagerProvider: Configuration datanucleus.autoStartMechanismMode is not set. Defaulting to 'ignored'
2024-04-30T20:08:50,639  INFO [main] metastore.ObjectStore: RawStore: org.apache.hadoop.hive.metastore.ObjectStore@2bc2e022, with PersistenceManager: null will be shutdown
2024-04-30T20:08:50,640  INFO [main] metastore.ObjectStore: RawStore: org.apache.hadoop.hive.metastore.ObjectStore@2bc2e022, with PersistenceManager: org.datanucleus.api.jdo.JDOPersistenceManager@2210e466 created in the thread with id: 1
2024-04-30T20:08:50,641  INFO [main] metastore.HMSHandler: Created RawStore: org.apache.hadoop.hive.metastore.ObjectStore@2bc2e022 from thread id: 1
2024-04-30T20:08:50,642  INFO [main] metastore.HMSHandler: HMS server filtering is disabled by configuration
2024-04-30T20:08:50,642  INFO [main] metastore.RetryingMetaStoreClient: RetryingMetaStoreClient proxy=class org.apache.hadoop.hive.ql.metadata.SessionHiveMetaStoreClient ugi=alex (auth:SIMPLE) retries=1 delay=1 lifetime=0
2024-04-30T20:08:50,642  INFO [main] service.CompositeService: Operation log root directory is created: /home/alex/Repositories/hive/beeline/target/tmp/alex/operation_logs
2024-04-30T20:08:50,642  INFO [main] service.CompositeService: HiveServer2: Background operation thread pool size: 100
2024-04-30T20:08:50,642  INFO [main] service.CompositeService: HiveServer2: Background operation thread wait queue size: 100
2024-04-30T20:08:50,642  INFO [main] service.CompositeService: HiveServer2: Background operation thread keepalive time: 10 seconds
2024-04-30T20:08:50,642  INFO [main] service.CompositeService: Connections limit are user: 0 ipaddress: 0 user-ipaddress: 0
2024-04-30T20:08:50,643  INFO [main] cleanup.EventualCleanupService: EventualCleanupService started with 10 threads and queue of size 10000
ERROR StatusLogger Log4j2 ConfigurationScheduler attempted to increment scheduled items after start
ERROR StatusLogger Log4j2 ConfigurationScheduler attempted to increment scheduled items after start
2024-04-30T20:08:50,645  INFO [main] service.AbstractService: Service:OperationManager is inited.
2024-04-30T20:08:50,645  INFO [main] service.AbstractService: Service:SessionManager is inited.
2024-04-30T20:08:50,645  INFO [main] service.AbstractService: Service:CLIService is inited.
2024-04-30T20:08:50,645  INFO [main] service.AbstractService: Service:OperationManager is started.
2024-04-30T20:08:50,645  INFO [main] service.AbstractService: Service:SessionManager is started.
2024-04-30T20:08:50,645  INFO [main] service.AbstractService: Service:CLIService is started.
2024-04-30T20:08:50,645  INFO [main] service.AbstractService: Service:ThriftBinaryCLIService is inited.
2024-04-30T20:08:50,645  INFO [main] thrift.ThriftCLIService: Client protocol version: HIVE_CLI_SERVICE_PROTOCOL_V10
2024-04-30T20:08:50,645  INFO [main] thrift.ThriftCLIService: Creating Hive session handle for user [null] from IP null
2024-04-30T20:08:50,646  INFO [main] DependencyResolver: ivysettings.xml file not found in HIVE_HOME or HIVE_CONF_DIR,/home/alex/Repositories/hive/conf/ivysettings.xml will be used
2024-04-30T20:08:50,653  INFO [main] session.SessionState: Created HDFS directory: /tmp/hive/alex/b98176ed-be51-459e-a93d-fb7ca7fb2218
2024-04-30T20:08:50,657  INFO [main] session.SessionState: Created local directory: /home/alex/Repositories/hive/beeline/target/tmp/alex/b98176ed-be51-459e-a93d-fb7ca7fb2218
2024-04-30T20:08:50,660  INFO [main] session.SessionState: Created HDFS directory: /tmp/hive/alex/b98176ed-be51-459e-a93d-fb7ca7fb2218/_tmp_space.db
2024-04-30T20:08:50,660  INFO [main] session.SessionState: Reloading auxiliary JAR files
2024-04-30T20:08:50,660  WARN [main] session.SessionState: Configuration hive.reloadable.aux.jars.path not specified
2024-04-30T20:08:50,660  INFO [main] HiveMetaStore.audit: ugi=alex	ip=unknown-ip-addr	cmd=Cleaning up thread local RawStore...	
2024-04-30T20:08:50,660  INFO [main] metastore.ObjectStore: RawStore: org.apache.hadoop.hive.metastore.ObjectStore@2bc2e022, with PersistenceManager: org.datanucleus.api.jdo.JDOPersistenceManager@2210e466 will be shutdown
2024-04-30T20:08:50,660  INFO [main] HiveMetaStore.audit: ugi=alex	ip=unknown-ip-addr	cmd=Done cleaning up thread local RawStore	
2024-04-30T20:08:50,661  INFO [main] metastore.HiveMetaStoreClient: Closed a connection to metastore, current connections: -30
2024-04-30T20:08:50,661  INFO [main] session.HiveSessionImpl: Operation log session directory is created: /home/alex/Repositories/hive/beeline/target/tmp/alex/operation_logs/b98176ed-be51-459e-a93d-fb7ca7fb2218
2024-04-30T20:08:50,661  INFO [main] service.CompositeService: Session opened, SessionHandle [b98176ed-be51-459e-a93d-fb7ca7fb2218], current sessions:1
2024-04-30T20:08:50,661  INFO [main] thrift.ThriftCLIService: Login attempt is successful for user : null
2024-04-30T20:08:50,711  WARN [main] conf.HiveConf: HiveConf of name hive.dummyparam.test.server.specific.config.override does not exist
2024-04-30T20:08:50,711  WARN [main] conf.HiveConf: HiveConf of name hive.dummyparam.test.server.specific.config.hiveserver2site does not exist
2024-04-30T20:08:50,711  WARN [main] conf.HiveConf: HiveConf of name hive.dummyparam.test.server.specific.config.metastoresite does not exist
2024-04-30T20:08:50,711  INFO [b98176ed-be51-459e-a93d-fb7ca7fb2218 main] session.HiveSessionImpl: executing set
2024-04-30T20:08:50,712  INFO [b98176ed-be51-459e-a93d-fb7ca7fb2218 main] operation.HiveCommandOperation: Putting temp output to file /home/alex/Repositories/hive/beeline/target/tmp/alex/b98176ed-be51-459e-a93d-fb7ca7fb22188208405083647628374.pipeout and error output to file /home/alex/Repositories/hive/beeline/target/tmp/alex/b98176ed-be51-459e-a93d-fb7ca7fb22186117043011605074535.pipeout
2024-04-30T20:08:50,712  INFO [b98176ed-be51-459e-a93d-fb7ca7fb2218 main] operation.OperationManager: Adding operation: OperationHandle [opType=EXECUTE_STATEMENT, getHandleIdentifier()=efd94556-2c8b-4f21-a6cc-795c6eb48791] SessionHandle [b98176ed-be51-459e-a93d-fb7ca7fb2218]
2024-04-30T20:08:50,712  INFO [b98176ed-be51-459e-a93d-fb7ca7fb2218 main] common.LogUtils: Thread context registration is done.
DEBUG StatusLogger Building Plugin[name=filter, class=org.apache.hadoop.hive.ql.log.LogDivertAppender$NameFilter].
DEBUG StatusLogger createFilter(loggingLevel="EXECUTION")
DEBUG StatusLogger Building Plugin[name=layout, class=org.apache.logging.log4j.core.layout.PatternLayout].
DEBUG StatusLogger PatternLayout$Builder(pattern="%-5p : %m%n", PatternSelector=null, Configuration(HiveLog4j2Test), Replace=null, charset="null", alwaysWriteExceptions="null", disableAnsi="null", noConsoleNoAnsi="null", header="null", footer="null")
DEBUG StatusLogger Building Plugin[name=appender, class=org.apache.hadoop.hive.ql.log.HushableRandomAccessFileAppender].
DEBUG StatusLogger createAppender(fileName="/home/alex/Repositories/hive/beeline/target/tmp/alex/operation_logs/b98176ed-be51-459e-a93d-fb7ca7fb2218/alex_20240430200850_6b4f68ff-4ea0-4517-981a-eb750c9b1c44", append="null", name="query-file-appender", immediateFlush="null", bufferSize="null", ignoreExceptions="null", PatternLayout(org.apache.logging.log4j.core.layout.PatternLayout with name PatternLayout), NameFilter(org.apache.hadoop.hive.ql.log.LogDivertAppender$NameFilter with name NameFilter), advertise="null", advertiseURI="null", Configuration(HiveLog4j2Test))
DEBUG StatusLogger Starting RandomAccessFileManager /home/alex/Repositories/hive/beeline/target/tmp/alex/operation_logs/b98176ed-be51-459e-a93d-fb7ca7fb2218/alex_20240430200850_6b4f68ff-4ea0-4517-981a-eb750c9b1c44
DEBUG StatusLogger Building Plugin[name=, class=org.apache.hadoop.hive.ql.log.LogDivertAppenderForTest$TestFilter].
DEBUG StatusLogger createFilter()
DEBUG StatusLogger Building Plugin[name=, class=org.apache.logging.log4j.core.layout.PatternLayout].
DEBUG StatusLogger PatternLayout$Builder(pattern="%-5p : %m%n", PatternSelector=null, Configuration(HiveLog4j2Test), Replace=null, charset="null", alwaysWriteExceptions="null", disableAnsi="null", noConsoleNoAnsi="null", header="null", footer="null")
DEBUG StatusLogger Building Plugin[name=appender, class=org.apache.hadoop.hive.ql.log.HushableRandomAccessFileAppender].
DEBUG StatusLogger createAppender(fileName="/home/alex/Repositories/hive/beeline/target/tmp/alex/operation_logs/b98176ed-be51-459e-a93d-fb7ca7fb2218/alex_20240430200850_6b4f68ff-4ea0-4517-981a-eb750c9b1c44.test", append="null", name="test-query-file-appender", immediateFlush="null", bufferSize="null", ignoreExceptions="null", PatternLayout(org.apache.logging.log4j.core.layout.PatternLayout with name PatternLayout), test-filter(org.apache.hadoop.hive.ql.log.LogDivertAppenderForTest$TestFilter with name test-filter), advertise="null", advertiseURI="null", Configuration(HiveLog4j2Test))
DEBUG StatusLogger Starting RandomAccessFileManager /home/alex/Repositories/hive/beeline/target/tmp/alex/operation_logs/b98176ed-be51-459e-a93d-fb7ca7fb2218/alex_20240430200850_6b4f68ff-4ea0-4517-981a-eb750c9b1c44.test
2024-04-30T20:08:50,715  INFO [b98176ed-be51-459e-a93d-fb7ca7fb2218 main] operation.HiveCommandOperation: [opType=EXECUTE_STATEMENT, queryId=alex_20240430200850_6b4f68ff-4ea0-4517-981a-eb750c9b1c44, startTime=1714532930711, sessionId=b98176ed-be51-459e-a93d-fb7ca7fb2218, createTime=1714532930645, userName=null, ipAddress=null]
2024-04-30T20:08:50,723  INFO [b98176ed-be51-459e-a93d-fb7ca7fb2218 main] common.LogUtils: Unregistered logging context.
2024-04-30T20:08:50,725  INFO [b98176ed-be51-459e-a93d-fb7ca7fb2218 main] operation.OperationManager: Closing operation: OperationHandle [opType=EXECUTE_STATEMENT, getHandleIdentifier()=efd94556-2c8b-4f21-a6cc-795c6eb48791]
2024-04-30T20:08:50,725  INFO [b98176ed-be51-459e-a93d-fb7ca7fb2218 main] operation.OperationManager: Removed queryId: alex_20240430200850_6b4f68ff-4ea0-4517-981a-eb750c9b1c44 corresponding to operation: OperationHandle [opType=EXECUTE_STATEMENT, getHandleIdentifier()=efd94556-2c8b-4f21-a6cc-795c6eb48791] with tag: null
2024-04-30T20:08:50,726  INFO [b98176ed-be51-459e-a93d-fb7ca7fb2218 main] operation.HiveCommandOperation: Closing operation log /home/alex/Repositories/hive/beeline/target/tmp/alex/operation_logs/b98176ed-be51-459e-a93d-fb7ca7fb2218/alex_20240430200850_6b4f68ff-4ea0-4517-981a-eb750c9b1c44 without delay
2024-04-30T20:08:50,728  INFO [b98176ed-be51-459e-a93d-fb7ca7fb2218 main] session.HiveSessionImpl: executing show databases
2024-04-30T20:08:50,729  INFO [b98176ed-be51-459e-a93d-fb7ca7fb2218 main] operation.OperationManager: Adding operation: OperationHandle [opType=EXECUTE_STATEMENT, getHandleIdentifier()=0e180daf-3e4f-42f7-8d28-14f6cacdff35] SessionHandle [b98176ed-be51-459e-a93d-fb7ca7fb2218]
2024-04-30T20:08:50,729  INFO [b98176ed-be51-459e-a93d-fb7ca7fb2218 main] common.LogUtils: Thread context registration is done.
DEBUG StatusLogger Building Plugin[name=filter, class=org.apache.hadoop.hive.ql.log.LogDivertAppender$NameFilter].
DEBUG StatusLogger createFilter(loggingLevel="EXECUTION")
DEBUG StatusLogger Building Plugin[name=layout, class=org.apache.logging.log4j.core.layout.PatternLayout].
DEBUG StatusLogger PatternLayout$Builder(pattern="%-5p : %m%n", PatternSelector=null, Configuration(HiveLog4j2Test), Replace=null, charset="null", alwaysWriteExceptions="null", disableAnsi="null", noConsoleNoAnsi="null", header="null", footer="null")
DEBUG StatusLogger Building Plugin[name=appender, class=org.apache.hadoop.hive.ql.log.HushableRandomAccessFileAppender].
DEBUG StatusLogger createAppender(fileName="/home/alex/Repositories/hive/beeline/target/tmp/alex/operation_logs/b98176ed-be51-459e-a93d-fb7ca7fb2218/alex_20240430200850_7689d6dd-28c4-4a12-a005-31f1eb44fee4", append="null", name="query-file-appender", immediateFlush="null", bufferSize="null", ignoreExceptions="null", PatternLayout(org.apache.logging.log4j.core.layout.PatternLayout with name PatternLayout), NameFilter(org.apache.hadoop.hive.ql.log.LogDivertAppender$NameFilter with name NameFilter), advertise="null", advertiseURI="null", Configuration(HiveLog4j2Test))
DEBUG StatusLogger Starting RandomAccessFileManager /home/alex/Repositories/hive/beeline/target/tmp/alex/operation_logs/b98176ed-be51-459e-a93d-fb7ca7fb2218/alex_20240430200850_7689d6dd-28c4-4a12-a005-31f1eb44fee4
DEBUG StatusLogger Building Plugin[name=, class=org.apache.hadoop.hive.ql.log.LogDivertAppenderForTest$TestFilter].
DEBUG StatusLogger createFilter()
DEBUG StatusLogger Building Plugin[name=, class=org.apache.logging.log4j.core.layout.PatternLayout].
DEBUG StatusLogger PatternLayout$Builder(pattern="%-5p : %m%n", PatternSelector=null, Configuration(HiveLog4j2Test), Replace=null, charset="null", alwaysWriteExceptions="null", disableAnsi="null", noConsoleNoAnsi="null", header="null", footer="null")
DEBUG StatusLogger Building Plugin[name=appender, class=org.apache.hadoop.hive.ql.log.HushableRandomAccessFileAppender].
DEBUG StatusLogger createAppender(fileName="/home/alex/Repositories/hive/beeline/target/tmp/alex/operation_logs/b98176ed-be51-459e-a93d-fb7ca7fb2218/alex_20240430200850_7689d6dd-28c4-4a12-a005-31f1eb44fee4.test", append="null", name="test-query-file-appender", immediateFlush="null", bufferSize="null", ignoreExceptions="null", PatternLayout(org.apache.logging.log4j.core.layout.PatternLayout with name PatternLayout), test-filter(org.apache.hadoop.hive.ql.log.LogDivertAppenderForTest$TestFilter with name test-filter), advertise="null", advertiseURI="null", Configuration(HiveLog4j2Test))
DEBUG StatusLogger Starting RandomAccessFileManager /home/alex/Repositories/hive/beeline/target/tmp/alex/operation_logs/b98176ed-be51-459e-a93d-fb7ca7fb2218/alex_20240430200850_7689d6dd-28c4-4a12-a005-31f1eb44fee4.test
2024-04-30T20:08:50,732  INFO [b98176ed-be51-459e-a93d-fb7ca7fb2218 main] operation.SQLOperation: [opType=EXECUTE_STATEMENT, queryId=alex_20240430200850_7689d6dd-28c4-4a12-a005-31f1eb44fee4, startTime=1714532930728, sessionId=b98176ed-be51-459e-a93d-fb7ca7fb2218, createTime=1714532930645, userName=null, ipAddress=null]
2024-04-30T20:08:50,733  INFO [b98176ed-be51-459e-a93d-fb7ca7fb2218 main] ql.Driver: Compiling command(queryId=alex_20240430200850_7689d6dd-28c4-4a12-a005-31f1eb44fee4): show databases
2024-04-30T20:08:50,734  INFO [b98176ed-be51-459e-a93d-fb7ca7fb2218 main] metastore.HiveMetaStoreClient: HMS client filtering is enabled.
2024-04-30T20:08:50,734  INFO [b98176ed-be51-459e-a93d-fb7ca7fb2218 main] metastore.HMSHandler: 0: Opening raw store with implementation class:org.apache.hadoop.hive.metastore.ObjectStore
2024-04-30T20:08:50,734  INFO [b98176ed-be51-459e-a93d-fb7ca7fb2218 main] metastore.PersistenceManagerProvider: Configuration datanucleus.autoStartMechanismMode is not set. Defaulting to 'ignored'
2024-04-30T20:08:50,735  INFO [b98176ed-be51-459e-a93d-fb7ca7fb2218 main] metastore.ObjectStore: RawStore: org.apache.hadoop.hive.metastore.ObjectStore@785d6a98, with PersistenceManager: null will be shutdown
2024-04-30T20:08:50,735  INFO [b98176ed-be51-459e-a93d-fb7ca7fb2218 main] metastore.ObjectStore: RawStore: org.apache.hadoop.hive.metastore.ObjectStore@785d6a98, with PersistenceManager: org.datanucleus.api.jdo.JDOPersistenceManager@614d7fbf created in the thread with id: 1
2024-04-30T20:08:50,737  INFO [b98176ed-be51-459e-a93d-fb7ca7fb2218 main] metastore.HMSHandler: Created RawStore: org.apache.hadoop.hive.metastore.ObjectStore@785d6a98 from thread id: 1
2024-04-30T20:08:50,737  INFO [b98176ed-be51-459e-a93d-fb7ca7fb2218 main] metastore.HMSHandler: HMS server filtering is disabled by configuration
2024-04-30T20:08:50,738  INFO [b98176ed-be51-459e-a93d-fb7ca7fb2218 main] metastore.RetryingMetaStoreClient: RetryingMetaStoreClient proxy=class org.apache.hadoop.hive.ql.metadata.SessionHiveMetaStoreClient ugi=alex (auth:SIMPLE) retries=1 delay=1 lifetime=0
2024-04-30T20:08:50,741  INFO [b98176ed-be51-459e-a93d-fb7ca7fb2218 main] ql.Driver: Semantic Analysis Completed (retrial = false)
2024-04-30T20:08:50,742  INFO [b98176ed-be51-459e-a93d-fb7ca7fb2218 main] ql.Driver: Created Hive schema: Schema(fieldSchemas:[FieldSchema(name:database_name, type:string, comment:from deserializer)], properties:null)
2024-04-30T20:08:50,742  INFO [b98176ed-be51-459e-a93d-fb7ca7fb2218 main] exec.ListSinkOperator: Initializing Operator: LIST_SINK[0]
2024-04-30T20:08:50,742  INFO [b98176ed-be51-459e-a93d-fb7ca7fb2218 main] metadata.Hive: Dumping metastore api call timing information for : compilation phase
2024-04-30T20:08:50,742  INFO [b98176ed-be51-459e-a93d-fb7ca7fb2218 main] metadata.Hive: Total time spent in each metastore function (ms): {isCompatibleWith_(Configuration)=0, flushCache_()=0}
2024-04-30T20:08:50,742  INFO [b98176ed-be51-459e-a93d-fb7ca7fb2218 main] ql.Driver: Completed compiling command(queryId=alex_20240430200850_7689d6dd-28c4-4a12-a005-31f1eb44fee4); Time taken: 0.009 seconds
2024-04-30T20:08:50,743  INFO [b98176ed-be51-459e-a93d-fb7ca7fb2218 main] common.LogUtils: Unregistered logging context.
2024-04-30T20:08:50,744  INFO [HiveServer2-Background-Pool: Thread-490] common.LogUtils: Thread context registration is done.
2024-04-30T20:08:50,744  INFO [HiveServer2-Background-Pool: Thread-490] reexec.ReExecDriver: Execution #1 of query
2024-04-30T20:08:50,744  INFO [HiveServer2-Background-Pool: Thread-490] ql.Driver: Concurrency mode is disabled, not creating a lock manager
2024-04-30T20:08:50,745  INFO [HiveServer2-Background-Pool: Thread-490] ql.Driver: Executing command(queryId=alex_20240430200850_7689d6dd-28c4-4a12-a005-31f1eb44fee4): show databases
2024-04-30T20:08:50,745  INFO [HiveServer2-Background-Pool: Thread-490] ql.Driver: Starting task [Stage-0:DDL] in serial mode
2024-04-30T20:08:50,746  INFO [HiveServer2-Background-Pool: Thread-490] HiveMetaStore.audit: ugi=alex	ip=unknown-ip-addr	cmd=get_databases: @hive#	
2024-04-30T20:08:50,746  INFO [HiveServer2-Background-Pool: Thread-490] metastore.HMSHandler: 24: Opening raw store with implementation class:org.apache.hadoop.hive.metastore.ObjectStore
2024-04-30T20:08:50,747  INFO [HiveServer2-Background-Pool: Thread-490] metastore.ObjectStore: RawStore: org.apache.hadoop.hive.metastore.ObjectStore@6578f17b, with PersistenceManager: null will be shutdown
2024-04-30T20:08:50,747  INFO [HiveServer2-Background-Pool: Thread-490] metastore.ObjectStore: RawStore: org.apache.hadoop.hive.metastore.ObjectStore@6578f17b, with PersistenceManager: org.datanucleus.api.jdo.JDOPersistenceManager@207a73b0 created in the thread with id: 490
2024-04-30T20:08:50,749  INFO [HiveServer2-Background-Pool: Thread-490] metastore.HMSHandler: Created RawStore: org.apache.hadoop.hive.metastore.ObjectStore@6578f17b from thread id: 490
2024-04-30T20:08:50,755  INFO [HiveServer2-Background-Pool: Thread-490] sqlstd.SQLStdHiveAccessController: Created SQLStdHiveAccessController for session context : HiveAuthzSessionContext [sessionString=b98176ed-be51-459e-a93d-fb7ca7fb2218, clientType=HIVESERVER2]
2024-04-30T20:08:50,756  INFO [HiveServer2-Background-Pool: Thread-490] exec.DDLTask: Found 3 database(s) matching the SHOW DATABASES statement.
2024-04-30T20:08:50,764  INFO [HiveServer2-Background-Pool: Thread-490] metadata.Hive: Dumping metastore api call timing information for : execution phase
2024-04-30T20:08:50,764  INFO [HiveServer2-Background-Pool: Thread-490] metadata.Hive: Total time spent in each metastore function (ms): {isCompatibleWith_(Configuration)=0, getAllDatabases_()=10}
2024-04-30T20:08:50,764  INFO [HiveServer2-Background-Pool: Thread-490] ql.Driver: Completed executing command(queryId=alex_20240430200850_7689d6dd-28c4-4a12-a005-31f1eb44fee4); Time taken: 0.019 seconds
2024-04-30T20:08:50,764  INFO [HiveServer2-Background-Pool: Thread-490] common.LogUtils: Unregistered logging context.
2024-04-30T20:08:50,767  INFO [b98176ed-be51-459e-a93d-fb7ca7fb2218 main] operation.OperationManager: Closing operation: OperationHandle [opType=EXECUTE_STATEMENT, getHandleIdentifier()=0e180daf-3e4f-42f7-8d28-14f6cacdff35]
2024-04-30T20:08:50,767  INFO [b98176ed-be51-459e-a93d-fb7ca7fb2218 main] operation.OperationManager: Removed queryId: alex_20240430200850_7689d6dd-28c4-4a12-a005-31f1eb44fee4 corresponding to operation: OperationHandle [opType=EXECUTE_STATEMENT, getHandleIdentifier()=0e180daf-3e4f-42f7-8d28-14f6cacdff35] with tag: null
2024-04-30T20:08:50,767  INFO [b98176ed-be51-459e-a93d-fb7ca7fb2218 main] ql.Context: Deleting scratch dir: file:/home/alex/Repositories/hive/beeline/target/tmp/alex/b98176ed-be51-459e-a93d-fb7ca7fb2218/hive_2024-04-30_20-08-50_733_6384070295239379033-1
2024-04-30T20:08:50,767  INFO [b98176ed-be51-459e-a93d-fb7ca7fb2218 main] cleanup.EventualCleanupService: Delete file:/home/alex/Repositories/hive/beeline/target/tmp/alex/b98176ed-be51-459e-a93d-fb7ca7fb2218/hive_2024-04-30_20-08-50_733_6384070295239379033-1 operation was queued
2024-04-30T20:08:50,767  INFO [b98176ed-be51-459e-a93d-fb7ca7fb2218 main] exec.ListSinkOperator: Closing Operator: LIST_SINK[0]
2024-04-30T20:08:50,767  INFO [b98176ed-be51-459e-a93d-fb7ca7fb2218 main] exec.ListSinkOperator: RECORDS_OUT_INTERMEDIATE:0, RECORDS_OUT_OPERATOR_LIST_SINK_0:0, 
2024-04-30T20:08:50,767  INFO [b98176ed-be51-459e-a93d-fb7ca7fb2218 main] operation.SQLOperation: Closing operation log /home/alex/Repositories/hive/beeline/target/tmp/alex/operation_logs/b98176ed-be51-459e-a93d-fb7ca7fb2218/alex_20240430200850_7689d6dd-28c4-4a12-a005-31f1eb44fee4 without delay
2024-04-30T20:08:50,768  INFO [EventualCleanupService thread 0] cleanup.EventualCleanupService: Deleted file:/home/alex/Repositories/hive/beeline/target/tmp/alex/b98176ed-be51-459e-a93d-fb7ca7fb2218/hive_2024-04-30_20-08-50_733_6384070295239379033-1
2024-04-30T20:08:50,768  INFO [main] service.CompositeService: Session closed, SessionHandle [b98176ed-be51-459e-a93d-fb7ca7fb2218], current sessions:0
2024-04-30T20:08:50,768  INFO [b98176ed-be51-459e-a93d-fb7ca7fb2218 main] session.HiveSessionImpl: Operation log session directory is deleted: /home/alex/Repositories/hive/beeline/target/tmp/alex/operation_logs/b98176ed-be51-459e-a93d-fb7ca7fb2218
2024-04-30T20:08:50,769  INFO [main] cleanup.EventualCleanupService: Delete /tmp/hive/alex/b98176ed-be51-459e-a93d-fb7ca7fb2218 operation was queued
2024-04-30T20:08:50,769  INFO [main] cleanup.EventualCleanupService: Delete /home/alex/Repositories/hive/beeline/target/tmp/alex/b98176ed-be51-459e-a93d-fb7ca7fb2218 operation was queued
2024-04-30T20:08:50,769  INFO [EventualCleanupService thread 1] cleanup.EventualCleanupService: Deleted /tmp/hive/alex/b98176ed-be51-459e-a93d-fb7ca7fb2218
2024-04-30T20:08:50,769  INFO [EventualCleanupService thread 2] cleanup.EventualCleanupService: Deleted /home/alex/Repositories/hive/beeline/target/tmp/alex/b98176ed-be51-459e-a93d-fb7ca7fb2218
2024-04-30T20:08:50,770  INFO [main] HiveMetaStore.audit: ugi=alex	ip=unknown-ip-addr	cmd=Cleaning up thread local RawStore...	
2024-04-30T20:08:50,770  INFO [main] metastore.ObjectStore: RawStore: org.apache.hadoop.hive.metastore.ObjectStore@785d6a98, with PersistenceManager: org.datanucleus.api.jdo.JDOPersistenceManager@614d7fbf will be shutdown
2024-04-30T20:08:50,770  INFO [main] HiveMetaStore.audit: ugi=alex	ip=unknown-ip-addr	cmd=Done cleaning up thread local RawStore	
2024-04-30T20:08:50,770  INFO [main] metastore.HiveMetaStoreClient: Closed a connection to metastore, current connections: -31
2024-04-30T20:08:50,770 ERROR [main] cli.TestHiveCli: Failed due to the error:Connecting to jdbc:hive2://
Hive Session ID = 0f2bbcc2-fda8-442e-aca8-3392438f7d74
ivysettings.xml file not found in HIVE_HOME or HIVE_CONF_DIR,/home/alex/Repositories/hive/conf/ivysettings.xml will be used
ivysettings.xml file not found in HIVE_HOME or HIVE_CONF_DIR,/home/alex/Repositories/hive/conf/ivysettings.xml will be used
Connected to: Apache Hive (version 4.0.0-SNAPSHOT)
Error: Couldn't load manifest attributes. (state=,code=0)
Transaction isolation: TRANSACTION_REPEATABLE_READ
INFO  : Compiling command(queryId=alex_20240430200850_7689d6dd-28c4-4a12-a005-31f1eb44fee4): show databases
INFO  : Semantic Analysis Completed (retrial = false)
INFO  : Created Hive schema: Schema(fieldSchemas:[FieldSchema(name:database_name, type:string, comment:from deserializer)], properties:null)
INFO  : Completed compiling command(queryId=alex_20240430200850_7689d6dd-28c4-4a12-a005-31f1eb44fee4); Time taken: 0.009 seconds
INFO  : Concurrency mode is disabled, not creating a lock manager
INFO  : Executing command(queryId=alex_20240430200850_7689d6dd-28c4-4a12-a005-31f1eb44fee4): show databases
INFO  : Starting task [Stage-0:DDL] in serial mode
DEBUG : Task getting executed using mapred tag : alex_20240430200850_7689d6dd-28c4-4a12-a005-31f1eb44fee4,userid=null
INFO  : Completed executing command(queryId=alex_20240430200850_7689d6dd-28c4-4a12-a005-31f1eb44fee4); Time taken: 0.019 seconds
DEBUG : Shutting down query show databases
Error: Failed to wait for operation to complete (state=08S01,code=0)
Closing: 0: jdbc:hive2://

]]></system-err>
  </testcase>
  <testcase name="testSqlFromCmdWithComments2" classname="org.apache.hive.beeline.cli.TestHiveCli" time="0.151"/>
  <testcase name="testSqlFromCmdWithComments3" classname="org.apache.hive.beeline.cli.TestHiveCli" time="0.185">
    <failure type="java.lang.AssertionError"><![CDATA[java.lang.AssertionError: Supported return code is 0 while the actual is 1
	at org.junit.Assert.fail(Assert.java:89)
	at org.apache.hive.beeline.cli.TestHiveCli.executeCMD(TestHiveCli.java:256)
	at org.apache.hive.beeline.cli.TestHiveCli.verifyCMD(TestHiveCli.java:266)
	at org.apache.hive.beeline.cli.TestHiveCli.testSqlFromCmdWithComments3(TestHiveCli.java:160)
	at sun.reflect.NativeMethodAccessorImpl.invoke0(Native Method)
	at sun.reflect.NativeMethodAccessorImpl.invoke(NativeMethodAccessorImpl.java:62)
	at sun.reflect.DelegatingMethodAccessorImpl.invoke(DelegatingMethodAccessorImpl.java:43)
	at java.lang.reflect.Method.invoke(Method.java:498)
	at org.junit.runners.model.FrameworkMethod$1.runReflectiveCall(FrameworkMethod.java:59)
	at org.junit.internal.runners.model.ReflectiveCallable.run(ReflectiveCallable.java:12)
	at org.junit.runners.model.FrameworkMethod.invokeExplosively(FrameworkMethod.java:56)
	at org.junit.internal.runners.statements.InvokeMethod.evaluate(InvokeMethod.java:17)
	at org.junit.internal.runners.statements.RunBefores.evaluate(RunBefores.java:26)
	at org.junit.internal.runners.statements.RunAfters.evaluate(RunAfters.java:27)
	at org.junit.runners.ParentRunner$3.evaluate(ParentRunner.java:306)
	at org.junit.runners.BlockJUnit4ClassRunner$1.evaluate(BlockJUnit4ClassRunner.java:100)
	at org.junit.runners.ParentRunner.runLeaf(ParentRunner.java:366)
	at org.junit.runners.BlockJUnit4ClassRunner.runChild(BlockJUnit4ClassRunner.java:103)
	at org.junit.runners.BlockJUnit4ClassRunner.runChild(BlockJUnit4ClassRunner.java:63)
	at org.junit.runners.ParentRunner$4.run(ParentRunner.java:331)
	at org.junit.runners.ParentRunner$1.schedule(ParentRunner.java:79)
	at org.junit.runners.ParentRunner.runChildren(ParentRunner.java:329)
	at org.junit.runners.ParentRunner.access$100(ParentRunner.java:66)
	at org.junit.runners.ParentRunner$2.evaluate(ParentRunner.java:293)
	at org.junit.internal.runners.statements.RunBefores.evaluate(RunBefores.java:26)
	at org.junit.runners.ParentRunner$3.evaluate(ParentRunner.java:306)
	at org.junit.runners.ParentRunner.run(ParentRunner.java:413)
	at org.junit.runner.JUnitCore.run(JUnitCore.java:137)
	at org.junit.runner.JUnitCore.run(JUnitCore.java:115)
	at org.junit.vintage.engine.execution.RunnerExecutor.execute(RunnerExecutor.java:43)
	at java.util.stream.ForEachOps$ForEachOp$OfRef.accept(ForEachOps.java:183)
	at java.util.stream.ReferencePipeline$3$1.accept(ReferencePipeline.java:193)
	at java.util.Iterator.forEachRemaining(Iterator.java:116)
	at java.util.Spliterators$IteratorSpliterator.forEachRemaining(Spliterators.java:1801)
	at java.util.stream.AbstractPipeline.copyInto(AbstractPipeline.java:482)
	at java.util.stream.AbstractPipeline.wrapAndCopyInto(AbstractPipeline.java:472)
	at java.util.stream.ForEachOps$ForEachOp.evaluateSequential(ForEachOps.java:150)
	at java.util.stream.ForEachOps$ForEachOp$OfRef.evaluateSequential(ForEachOps.java:173)
	at java.util.stream.AbstractPipeline.evaluate(AbstractPipeline.java:234)
	at java.util.stream.ReferencePipeline.forEach(ReferencePipeline.java:485)
	at org.junit.vintage.engine.VintageTestEngine.executeAllChildren(VintageTestEngine.java:82)
	at org.junit.vintage.engine.VintageTestEngine.execute(VintageTestEngine.java:73)
	at org.junit.platform.launcher.core.DefaultLauncher.execute(DefaultLauncher.java:248)
	at org.junit.platform.launcher.core.DefaultLauncher.lambda$execute$5(DefaultLauncher.java:211)
	at org.junit.platform.launcher.core.DefaultLauncher.withInterceptedStreams(DefaultLauncher.java:226)
	at org.junit.platform.launcher.core.DefaultLauncher.execute(DefaultLauncher.java:199)
	at org.junit.platform.launcher.core.DefaultLauncher.execute(DefaultLauncher.java:132)
	at org.apache.maven.surefire.junitplatform.JUnitPlatformProvider.invokeAllTests(JUnitPlatformProvider.java:154)
	at org.apache.maven.surefire.junitplatform.JUnitPlatformProvider.invoke(JUnitPlatformProvider.java:123)
	at org.apache.maven.surefire.booter.ForkedBooter.runSuitesInProcess(ForkedBooter.java:377)
	at org.apache.maven.surefire.booter.ForkedBooter.execute(ForkedBooter.java:138)
	at org.apache.maven.surefire.booter.ForkedBooter.run(ForkedBooter.java:465)
	at org.apache.maven.surefire.booter.ForkedBooter.main(ForkedBooter.java:451)
]]></failure>
    <system-err><![CDATA[2024-04-30T20:08:50,926 ERROR [main] cli.TestHiveCli: Failed to execute command due to the error: java.lang.NullPointerException: Null output stream
2024-04-30T20:08:50,977  WARN [main] conf.HiveConf: HiveConf of name hive.dummyparam.test.server.specific.config.override does not exist
2024-04-30T20:08:50,977  WARN [main] conf.HiveConf: HiveConf of name hive.dummyparam.test.server.specific.config.hiveserver2site does not exist
2024-04-30T20:08:50,977  WARN [main] conf.HiveConf: HiveConf of name hive.dummyparam.test.server.specific.config.metastoresite does not exist
2024-04-30T20:08:50,977  INFO [main] SessionState: Hive Session ID = 914642a6-542d-4310-9b91-05e229d8abec
2024-04-30T20:08:50,978  INFO [main] DependencyResolver: ivysettings.xml file not found in HIVE_HOME or HIVE_CONF_DIR,/home/alex/Repositories/hive/conf/ivysettings.xml will be used
2024-04-30T20:08:50,985  INFO [main] session.SessionState: Created HDFS directory: /tmp/hive/alex/914642a6-542d-4310-9b91-05e229d8abec
2024-04-30T20:08:50,988  INFO [main] session.SessionState: Created local directory: /home/alex/Repositories/hive/beeline/target/tmp/alex/914642a6-542d-4310-9b91-05e229d8abec
2024-04-30T20:08:50,991  INFO [main] session.SessionState: Created HDFS directory: /tmp/hive/alex/914642a6-542d-4310-9b91-05e229d8abec/_tmp_space.db
2024-04-30T20:08:50,991  INFO [main] sqlstd.SQLStdHiveAccessController: Created SQLStdHiveAccessController for session context : HiveAuthzSessionContext [sessionString=914642a6-542d-4310-9b91-05e229d8abec, clientType=HIVESERVER2]
2024-04-30T20:08:50,992  INFO [main] metastore.HiveMetaStoreClient: HMS client filtering is enabled.
2024-04-30T20:08:50,992  INFO [main] metastore.HMSHandler: 0: Opening raw store with implementation class:org.apache.hadoop.hive.metastore.ObjectStore
2024-04-30T20:08:50,992  INFO [main] metastore.PersistenceManagerProvider: Configuration datanucleus.autoStartMechanismMode is not set. Defaulting to 'ignored'
2024-04-30T20:08:50,993  INFO [main] metastore.ObjectStore: RawStore: org.apache.hadoop.hive.metastore.ObjectStore@103bcc9f, with PersistenceManager: null will be shutdown
2024-04-30T20:08:50,993  INFO [main] metastore.ObjectStore: RawStore: org.apache.hadoop.hive.metastore.ObjectStore@103bcc9f, with PersistenceManager: org.datanucleus.api.jdo.JDOPersistenceManager@106802ea created in the thread with id: 1
2024-04-30T20:08:50,995  INFO [main] metastore.HMSHandler: Created RawStore: org.apache.hadoop.hive.metastore.ObjectStore@103bcc9f from thread id: 1
2024-04-30T20:08:50,995  INFO [main] metastore.HMSHandler: HMS server filtering is disabled by configuration
2024-04-30T20:08:50,995  INFO [main] metastore.RetryingMetaStoreClient: RetryingMetaStoreClient proxy=class org.apache.hadoop.hive.ql.metadata.SessionHiveMetaStoreClient ugi=alex (auth:SIMPLE) retries=1 delay=1 lifetime=0
2024-04-30T20:08:50,996  INFO [main] service.CompositeService: Operation log root directory is created: /home/alex/Repositories/hive/beeline/target/tmp/alex/operation_logs
2024-04-30T20:08:50,996  INFO [main] service.CompositeService: HiveServer2: Background operation thread pool size: 100
2024-04-30T20:08:50,996  INFO [main] service.CompositeService: HiveServer2: Background operation thread wait queue size: 100
2024-04-30T20:08:50,996  INFO [main] service.CompositeService: HiveServer2: Background operation thread keepalive time: 10 seconds
2024-04-30T20:08:50,996  INFO [main] service.CompositeService: Connections limit are user: 0 ipaddress: 0 user-ipaddress: 0
2024-04-30T20:08:50,997  INFO [main] cleanup.EventualCleanupService: EventualCleanupService started with 10 threads and queue of size 10000
ERROR StatusLogger Log4j2 ConfigurationScheduler attempted to increment scheduled items after start
ERROR StatusLogger Log4j2 ConfigurationScheduler attempted to increment scheduled items after start
2024-04-30T20:08:50,999  INFO [main] service.AbstractService: Service:OperationManager is inited.
2024-04-30T20:08:50,999  INFO [main] service.AbstractService: Service:SessionManager is inited.
2024-04-30T20:08:50,999  INFO [main] service.AbstractService: Service:CLIService is inited.
2024-04-30T20:08:50,999  INFO [main] service.AbstractService: Service:OperationManager is started.
2024-04-30T20:08:50,999  INFO [main] service.AbstractService: Service:SessionManager is started.
2024-04-30T20:08:50,999  INFO [main] service.AbstractService: Service:CLIService is started.
2024-04-30T20:08:50,999  INFO [main] service.AbstractService: Service:ThriftBinaryCLIService is inited.
2024-04-30T20:08:50,999  INFO [main] thrift.ThriftCLIService: Client protocol version: HIVE_CLI_SERVICE_PROTOCOL_V10
2024-04-30T20:08:50,999  INFO [main] thrift.ThriftCLIService: Creating Hive session handle for user [null] from IP null
2024-04-30T20:08:51,000  INFO [main] DependencyResolver: ivysettings.xml file not found in HIVE_HOME or HIVE_CONF_DIR,/home/alex/Repositories/hive/conf/ivysettings.xml will be used
2024-04-30T20:08:51,007  INFO [main] session.SessionState: Created HDFS directory: /tmp/hive/alex/713de4b9-6671-48c2-8ee1-10ee62de04b7
2024-04-30T20:08:51,010  INFO [main] session.SessionState: Created local directory: /home/alex/Repositories/hive/beeline/target/tmp/alex/713de4b9-6671-48c2-8ee1-10ee62de04b7
2024-04-30T20:08:51,013  INFO [main] session.SessionState: Created HDFS directory: /tmp/hive/alex/713de4b9-6671-48c2-8ee1-10ee62de04b7/_tmp_space.db
2024-04-30T20:08:51,013  INFO [main] session.SessionState: Reloading auxiliary JAR files
2024-04-30T20:08:51,013  WARN [main] session.SessionState: Configuration hive.reloadable.aux.jars.path not specified
2024-04-30T20:08:51,013  INFO [main] HiveMetaStore.audit: ugi=alex	ip=unknown-ip-addr	cmd=Cleaning up thread local RawStore...	
2024-04-30T20:08:51,013  INFO [main] metastore.ObjectStore: RawStore: org.apache.hadoop.hive.metastore.ObjectStore@103bcc9f, with PersistenceManager: org.datanucleus.api.jdo.JDOPersistenceManager@106802ea will be shutdown
2024-04-30T20:08:51,013  INFO [main] HiveMetaStore.audit: ugi=alex	ip=unknown-ip-addr	cmd=Done cleaning up thread local RawStore	
2024-04-30T20:08:51,014  INFO [main] metastore.HiveMetaStoreClient: Closed a connection to metastore, current connections: -33
2024-04-30T20:08:51,014  INFO [main] session.HiveSessionImpl: Operation log session directory is created: /home/alex/Repositories/hive/beeline/target/tmp/alex/operation_logs/713de4b9-6671-48c2-8ee1-10ee62de04b7
2024-04-30T20:08:51,014  INFO [main] service.CompositeService: Session opened, SessionHandle [713de4b9-6671-48c2-8ee1-10ee62de04b7], current sessions:1
2024-04-30T20:08:51,014  INFO [main] thrift.ThriftCLIService: Login attempt is successful for user : null
2024-04-30T20:08:51,054  WARN [main] conf.HiveConf: HiveConf of name hive.dummyparam.test.server.specific.config.override does not exist
2024-04-30T20:08:51,054  WARN [main] conf.HiveConf: HiveConf of name hive.dummyparam.test.server.specific.config.hiveserver2site does not exist
2024-04-30T20:08:51,054  WARN [main] conf.HiveConf: HiveConf of name hive.dummyparam.test.server.specific.config.metastoresite does not exist
2024-04-30T20:08:51,055  INFO [713de4b9-6671-48c2-8ee1-10ee62de04b7 main] session.HiveSessionImpl: executing set
2024-04-30T20:08:51,056  INFO [713de4b9-6671-48c2-8ee1-10ee62de04b7 main] operation.HiveCommandOperation: Putting temp output to file /home/alex/Repositories/hive/beeline/target/tmp/alex/713de4b9-6671-48c2-8ee1-10ee62de04b74810058058539210958.pipeout and error output to file /home/alex/Repositories/hive/beeline/target/tmp/alex/713de4b9-6671-48c2-8ee1-10ee62de04b73169814202330372216.pipeout
2024-04-30T20:08:51,056  INFO [713de4b9-6671-48c2-8ee1-10ee62de04b7 main] operation.OperationManager: Adding operation: OperationHandle [opType=EXECUTE_STATEMENT, getHandleIdentifier()=a74fb86b-1662-4ade-ba3b-ddfa3a8d3872] SessionHandle [713de4b9-6671-48c2-8ee1-10ee62de04b7]
2024-04-30T20:08:51,056  INFO [713de4b9-6671-48c2-8ee1-10ee62de04b7 main] common.LogUtils: Thread context registration is done.
DEBUG StatusLogger Building Plugin[name=filter, class=org.apache.hadoop.hive.ql.log.LogDivertAppender$NameFilter].
DEBUG StatusLogger createFilter(loggingLevel="EXECUTION")
DEBUG StatusLogger Building Plugin[name=layout, class=org.apache.logging.log4j.core.layout.PatternLayout].
DEBUG StatusLogger PatternLayout$Builder(pattern="%-5p : %m%n", PatternSelector=null, Configuration(HiveLog4j2Test), Replace=null, charset="null", alwaysWriteExceptions="null", disableAnsi="null", noConsoleNoAnsi="null", header="null", footer="null")
DEBUG StatusLogger Building Plugin[name=appender, class=org.apache.hadoop.hive.ql.log.HushableRandomAccessFileAppender].
DEBUG StatusLogger createAppender(fileName="/home/alex/Repositories/hive/beeline/target/tmp/alex/operation_logs/713de4b9-6671-48c2-8ee1-10ee62de04b7/alex_20240430200851_87b73b88-2064-45a9-bf97-d7b9c38802b2", append="null", name="query-file-appender", immediateFlush="null", bufferSize="null", ignoreExceptions="null", PatternLayout(org.apache.logging.log4j.core.layout.PatternLayout with name PatternLayout), NameFilter(org.apache.hadoop.hive.ql.log.LogDivertAppender$NameFilter with name NameFilter), advertise="null", advertiseURI="null", Configuration(HiveLog4j2Test))
DEBUG StatusLogger Starting RandomAccessFileManager /home/alex/Repositories/hive/beeline/target/tmp/alex/operation_logs/713de4b9-6671-48c2-8ee1-10ee62de04b7/alex_20240430200851_87b73b88-2064-45a9-bf97-d7b9c38802b2
DEBUG StatusLogger Building Plugin[name=, class=org.apache.hadoop.hive.ql.log.LogDivertAppenderForTest$TestFilter].
DEBUG StatusLogger createFilter()
DEBUG StatusLogger Building Plugin[name=, class=org.apache.logging.log4j.core.layout.PatternLayout].
DEBUG StatusLogger PatternLayout$Builder(pattern="%-5p : %m%n", PatternSelector=null, Configuration(HiveLog4j2Test), Replace=null, charset="null", alwaysWriteExceptions="null", disableAnsi="null", noConsoleNoAnsi="null", header="null", footer="null")
DEBUG StatusLogger Building Plugin[name=appender, class=org.apache.hadoop.hive.ql.log.HushableRandomAccessFileAppender].
DEBUG StatusLogger createAppender(fileName="/home/alex/Repositories/hive/beeline/target/tmp/alex/operation_logs/713de4b9-6671-48c2-8ee1-10ee62de04b7/alex_20240430200851_87b73b88-2064-45a9-bf97-d7b9c38802b2.test", append="null", name="test-query-file-appender", immediateFlush="null", bufferSize="null", ignoreExceptions="null", PatternLayout(org.apache.logging.log4j.core.layout.PatternLayout with name PatternLayout), test-filter(org.apache.hadoop.hive.ql.log.LogDivertAppenderForTest$TestFilter with name test-filter), advertise="null", advertiseURI="null", Configuration(HiveLog4j2Test))
DEBUG StatusLogger Starting RandomAccessFileManager /home/alex/Repositories/hive/beeline/target/tmp/alex/operation_logs/713de4b9-6671-48c2-8ee1-10ee62de04b7/alex_20240430200851_87b73b88-2064-45a9-bf97-d7b9c38802b2.test
2024-04-30T20:08:51,060  INFO [713de4b9-6671-48c2-8ee1-10ee62de04b7 main] operation.HiveCommandOperation: [opType=EXECUTE_STATEMENT, queryId=alex_20240430200851_87b73b88-2064-45a9-bf97-d7b9c38802b2, startTime=1714532931055, sessionId=713de4b9-6671-48c2-8ee1-10ee62de04b7, createTime=1714532930999, userName=null, ipAddress=null]
2024-04-30T20:08:51,068  INFO [713de4b9-6671-48c2-8ee1-10ee62de04b7 main] common.LogUtils: Unregistered logging context.
2024-04-30T20:08:51,070  INFO [713de4b9-6671-48c2-8ee1-10ee62de04b7 main] operation.OperationManager: Closing operation: OperationHandle [opType=EXECUTE_STATEMENT, getHandleIdentifier()=a74fb86b-1662-4ade-ba3b-ddfa3a8d3872]
2024-04-30T20:08:51,070  INFO [713de4b9-6671-48c2-8ee1-10ee62de04b7 main] operation.OperationManager: Removed queryId: alex_20240430200851_87b73b88-2064-45a9-bf97-d7b9c38802b2 corresponding to operation: OperationHandle [opType=EXECUTE_STATEMENT, getHandleIdentifier()=a74fb86b-1662-4ade-ba3b-ddfa3a8d3872] with tag: null
2024-04-30T20:08:51,071  INFO [713de4b9-6671-48c2-8ee1-10ee62de04b7 main] operation.HiveCommandOperation: Closing operation log /home/alex/Repositories/hive/beeline/target/tmp/alex/operation_logs/713de4b9-6671-48c2-8ee1-10ee62de04b7/alex_20240430200851_87b73b88-2064-45a9-bf97-d7b9c38802b2 without delay
2024-04-30T20:08:51,073  INFO [713de4b9-6671-48c2-8ee1-10ee62de04b7 main] session.HiveSessionImpl: executing show databases
2024-04-30T20:08:51,073  INFO [713de4b9-6671-48c2-8ee1-10ee62de04b7 main] operation.OperationManager: Adding operation: OperationHandle [opType=EXECUTE_STATEMENT, getHandleIdentifier()=cbc5b2b9-730e-415c-9eae-ce1675aa22f2] SessionHandle [713de4b9-6671-48c2-8ee1-10ee62de04b7]
2024-04-30T20:08:51,073  INFO [713de4b9-6671-48c2-8ee1-10ee62de04b7 main] common.LogUtils: Thread context registration is done.
DEBUG StatusLogger Building Plugin[name=filter, class=org.apache.hadoop.hive.ql.log.LogDivertAppender$NameFilter].
DEBUG StatusLogger createFilter(loggingLevel="EXECUTION")
DEBUG StatusLogger Building Plugin[name=layout, class=org.apache.logging.log4j.core.layout.PatternLayout].
DEBUG StatusLogger PatternLayout$Builder(pattern="%-5p : %m%n", PatternSelector=null, Configuration(HiveLog4j2Test), Replace=null, charset="null", alwaysWriteExceptions="null", disableAnsi="null", noConsoleNoAnsi="null", header="null", footer="null")
DEBUG StatusLogger Building Plugin[name=appender, class=org.apache.hadoop.hive.ql.log.HushableRandomAccessFileAppender].
DEBUG StatusLogger createAppender(fileName="/home/alex/Repositories/hive/beeline/target/tmp/alex/operation_logs/713de4b9-6671-48c2-8ee1-10ee62de04b7/alex_20240430200851_24fde5e6-ddc9-4891-9cd2-894b708ef8d0", append="null", name="query-file-appender", immediateFlush="null", bufferSize="null", ignoreExceptions="null", PatternLayout(org.apache.logging.log4j.core.layout.PatternLayout with name PatternLayout), NameFilter(org.apache.hadoop.hive.ql.log.LogDivertAppender$NameFilter with name NameFilter), advertise="null", advertiseURI="null", Configuration(HiveLog4j2Test))
DEBUG StatusLogger Starting RandomAccessFileManager /home/alex/Repositories/hive/beeline/target/tmp/alex/operation_logs/713de4b9-6671-48c2-8ee1-10ee62de04b7/alex_20240430200851_24fde5e6-ddc9-4891-9cd2-894b708ef8d0
DEBUG StatusLogger Building Plugin[name=, class=org.apache.hadoop.hive.ql.log.LogDivertAppenderForTest$TestFilter].
DEBUG StatusLogger createFilter()
DEBUG StatusLogger Building Plugin[name=, class=org.apache.logging.log4j.core.layout.PatternLayout].
DEBUG StatusLogger PatternLayout$Builder(pattern="%-5p : %m%n", PatternSelector=null, Configuration(HiveLog4j2Test), Replace=null, charset="null", alwaysWriteExceptions="null", disableAnsi="null", noConsoleNoAnsi="null", header="null", footer="null")
DEBUG StatusLogger Building Plugin[name=appender, class=org.apache.hadoop.hive.ql.log.HushableRandomAccessFileAppender].
DEBUG StatusLogger createAppender(fileName="/home/alex/Repositories/hive/beeline/target/tmp/alex/operation_logs/713de4b9-6671-48c2-8ee1-10ee62de04b7/alex_20240430200851_24fde5e6-ddc9-4891-9cd2-894b708ef8d0.test", append="null", name="test-query-file-appender", immediateFlush="null", bufferSize="null", ignoreExceptions="null", PatternLayout(org.apache.logging.log4j.core.layout.PatternLayout with name PatternLayout), test-filter(org.apache.hadoop.hive.ql.log.LogDivertAppenderForTest$TestFilter with name test-filter), advertise="null", advertiseURI="null", Configuration(HiveLog4j2Test))
DEBUG StatusLogger Starting RandomAccessFileManager /home/alex/Repositories/hive/beeline/target/tmp/alex/operation_logs/713de4b9-6671-48c2-8ee1-10ee62de04b7/alex_20240430200851_24fde5e6-ddc9-4891-9cd2-894b708ef8d0.test
2024-04-30T20:08:51,076  INFO [713de4b9-6671-48c2-8ee1-10ee62de04b7 main] operation.SQLOperation: [opType=EXECUTE_STATEMENT, queryId=alex_20240430200851_24fde5e6-ddc9-4891-9cd2-894b708ef8d0, startTime=1714532931073, sessionId=713de4b9-6671-48c2-8ee1-10ee62de04b7, createTime=1714532930999, userName=null, ipAddress=null]
2024-04-30T20:08:51,077  INFO [713de4b9-6671-48c2-8ee1-10ee62de04b7 main] ql.Driver: Compiling command(queryId=alex_20240430200851_24fde5e6-ddc9-4891-9cd2-894b708ef8d0): show databases
2024-04-30T20:08:51,077  INFO [713de4b9-6671-48c2-8ee1-10ee62de04b7 main] metastore.HiveMetaStoreClient: HMS client filtering is enabled.
2024-04-30T20:08:51,078  INFO [713de4b9-6671-48c2-8ee1-10ee62de04b7 main] metastore.HMSHandler: 0: Opening raw store with implementation class:org.apache.hadoop.hive.metastore.ObjectStore
2024-04-30T20:08:51,078  INFO [713de4b9-6671-48c2-8ee1-10ee62de04b7 main] metastore.PersistenceManagerProvider: Configuration datanucleus.autoStartMechanismMode is not set. Defaulting to 'ignored'
2024-04-30T20:08:51,078  INFO [713de4b9-6671-48c2-8ee1-10ee62de04b7 main] metastore.ObjectStore: RawStore: org.apache.hadoop.hive.metastore.ObjectStore@6d7bb5cc, with PersistenceManager: null will be shutdown
2024-04-30T20:08:51,079  INFO [713de4b9-6671-48c2-8ee1-10ee62de04b7 main] metastore.ObjectStore: RawStore: org.apache.hadoop.hive.metastore.ObjectStore@6d7bb5cc, with PersistenceManager: org.datanucleus.api.jdo.JDOPersistenceManager@756200d1 created in the thread with id: 1
2024-04-30T20:08:51,080  INFO [713de4b9-6671-48c2-8ee1-10ee62de04b7 main] metastore.HMSHandler: Created RawStore: org.apache.hadoop.hive.metastore.ObjectStore@6d7bb5cc from thread id: 1
2024-04-30T20:08:51,080  INFO [713de4b9-6671-48c2-8ee1-10ee62de04b7 main] metastore.HMSHandler: HMS server filtering is disabled by configuration
2024-04-30T20:08:51,080  INFO [713de4b9-6671-48c2-8ee1-10ee62de04b7 main] metastore.RetryingMetaStoreClient: RetryingMetaStoreClient proxy=class org.apache.hadoop.hive.ql.metadata.SessionHiveMetaStoreClient ugi=alex (auth:SIMPLE) retries=1 delay=1 lifetime=0
2024-04-30T20:08:51,084  INFO [713de4b9-6671-48c2-8ee1-10ee62de04b7 main] ql.Driver: Semantic Analysis Completed (retrial = false)
2024-04-30T20:08:51,084  INFO [713de4b9-6671-48c2-8ee1-10ee62de04b7 main] ql.Driver: Created Hive schema: Schema(fieldSchemas:[FieldSchema(name:database_name, type:string, comment:from deserializer)], properties:null)
2024-04-30T20:08:51,085  INFO [713de4b9-6671-48c2-8ee1-10ee62de04b7 main] exec.ListSinkOperator: Initializing Operator: LIST_SINK[0]
2024-04-30T20:08:51,085  INFO [713de4b9-6671-48c2-8ee1-10ee62de04b7 main] metadata.Hive: Dumping metastore api call timing information for : compilation phase
2024-04-30T20:08:51,085  INFO [713de4b9-6671-48c2-8ee1-10ee62de04b7 main] metadata.Hive: Total time spent in each metastore function (ms): {isCompatibleWith_(Configuration)=0, flushCache_()=1}
2024-04-30T20:08:51,085  INFO [713de4b9-6671-48c2-8ee1-10ee62de04b7 main] ql.Driver: Completed compiling command(queryId=alex_20240430200851_24fde5e6-ddc9-4891-9cd2-894b708ef8d0); Time taken: 0.008 seconds
2024-04-30T20:08:51,086  INFO [713de4b9-6671-48c2-8ee1-10ee62de04b7 main] common.LogUtils: Unregistered logging context.
2024-04-30T20:08:51,086  INFO [HiveServer2-Background-Pool: Thread-537] common.LogUtils: Thread context registration is done.
2024-04-30T20:08:51,086  INFO [HiveServer2-Background-Pool: Thread-537] reexec.ReExecDriver: Execution #1 of query
2024-04-30T20:08:51,087  INFO [HiveServer2-Background-Pool: Thread-537] ql.Driver: Concurrency mode is disabled, not creating a lock manager
2024-04-30T20:08:51,087  INFO [HiveServer2-Background-Pool: Thread-537] ql.Driver: Executing command(queryId=alex_20240430200851_24fde5e6-ddc9-4891-9cd2-894b708ef8d0): show databases
2024-04-30T20:08:51,088  INFO [HiveServer2-Background-Pool: Thread-537] ql.Driver: Starting task [Stage-0:DDL] in serial mode
2024-04-30T20:08:51,088  INFO [HiveServer2-Background-Pool: Thread-537] HiveMetaStore.audit: ugi=alex	ip=unknown-ip-addr	cmd=get_databases: @hive#	
2024-04-30T20:08:51,089  INFO [HiveServer2-Background-Pool: Thread-537] metastore.HMSHandler: 25: Opening raw store with implementation class:org.apache.hadoop.hive.metastore.ObjectStore
2024-04-30T20:08:51,089  INFO [HiveServer2-Background-Pool: Thread-537] metastore.ObjectStore: RawStore: org.apache.hadoop.hive.metastore.ObjectStore@1a58adea, with PersistenceManager: null will be shutdown
2024-04-30T20:08:51,090  INFO [HiveServer2-Background-Pool: Thread-537] metastore.ObjectStore: RawStore: org.apache.hadoop.hive.metastore.ObjectStore@1a58adea, with PersistenceManager: org.datanucleus.api.jdo.JDOPersistenceManager@5f5a20c5 created in the thread with id: 537
2024-04-30T20:08:51,092  INFO [HiveServer2-Background-Pool: Thread-537] metastore.HMSHandler: Created RawStore: org.apache.hadoop.hive.metastore.ObjectStore@1a58adea from thread id: 537
2024-04-30T20:08:51,094  INFO [HiveServer2-Background-Pool: Thread-537] sqlstd.SQLStdHiveAccessController: Created SQLStdHiveAccessController for session context : HiveAuthzSessionContext [sessionString=713de4b9-6671-48c2-8ee1-10ee62de04b7, clientType=HIVESERVER2]
2024-04-30T20:08:51,094  INFO [HiveServer2-Background-Pool: Thread-537] exec.DDLTask: Found 3 database(s) matching the SHOW DATABASES statement.
2024-04-30T20:08:51,101  INFO [HiveServer2-Background-Pool: Thread-537] metadata.Hive: Dumping metastore api call timing information for : execution phase
2024-04-30T20:08:51,101  INFO [HiveServer2-Background-Pool: Thread-537] metadata.Hive: Total time spent in each metastore function (ms): {isCompatibleWith_(Configuration)=0, getAllDatabases_()=6}
2024-04-30T20:08:51,101  INFO [HiveServer2-Background-Pool: Thread-537] ql.Driver: Completed executing command(queryId=alex_20240430200851_24fde5e6-ddc9-4891-9cd2-894b708ef8d0); Time taken: 0.014 seconds
2024-04-30T20:08:51,102  INFO [HiveServer2-Background-Pool: Thread-537] common.LogUtils: Unregistered logging context.
2024-04-30T20:08:51,105  INFO [713de4b9-6671-48c2-8ee1-10ee62de04b7 main] operation.OperationManager: Closing operation: OperationHandle [opType=EXECUTE_STATEMENT, getHandleIdentifier()=cbc5b2b9-730e-415c-9eae-ce1675aa22f2]
2024-04-30T20:08:51,105  INFO [713de4b9-6671-48c2-8ee1-10ee62de04b7 main] operation.OperationManager: Removed queryId: alex_20240430200851_24fde5e6-ddc9-4891-9cd2-894b708ef8d0 corresponding to operation: OperationHandle [opType=EXECUTE_STATEMENT, getHandleIdentifier()=cbc5b2b9-730e-415c-9eae-ce1675aa22f2] with tag: null
2024-04-30T20:08:51,105  INFO [713de4b9-6671-48c2-8ee1-10ee62de04b7 main] ql.Context: Deleting scratch dir: file:/home/alex/Repositories/hive/beeline/target/tmp/alex/713de4b9-6671-48c2-8ee1-10ee62de04b7/hive_2024-04-30_20-08-51_077_8216617760503093823-1
2024-04-30T20:08:51,105  INFO [713de4b9-6671-48c2-8ee1-10ee62de04b7 main] cleanup.EventualCleanupService: Delete file:/home/alex/Repositories/hive/beeline/target/tmp/alex/713de4b9-6671-48c2-8ee1-10ee62de04b7/hive_2024-04-30_20-08-51_077_8216617760503093823-1 operation was queued
2024-04-30T20:08:51,105  INFO [713de4b9-6671-48c2-8ee1-10ee62de04b7 main] exec.ListSinkOperator: Closing Operator: LIST_SINK[0]
2024-04-30T20:08:51,105  INFO [713de4b9-6671-48c2-8ee1-10ee62de04b7 main] exec.ListSinkOperator: RECORDS_OUT_INTERMEDIATE:0, RECORDS_OUT_OPERATOR_LIST_SINK_0:0, 
2024-04-30T20:08:51,105  INFO [713de4b9-6671-48c2-8ee1-10ee62de04b7 main] operation.SQLOperation: Closing operation log /home/alex/Repositories/hive/beeline/target/tmp/alex/operation_logs/713de4b9-6671-48c2-8ee1-10ee62de04b7/alex_20240430200851_24fde5e6-ddc9-4891-9cd2-894b708ef8d0 without delay
2024-04-30T20:08:51,105  INFO [EventualCleanupService thread 0] cleanup.EventualCleanupService: Deleted file:/home/alex/Repositories/hive/beeline/target/tmp/alex/713de4b9-6671-48c2-8ee1-10ee62de04b7/hive_2024-04-30_20-08-51_077_8216617760503093823-1
2024-04-30T20:08:51,105  INFO [main] service.CompositeService: Session closed, SessionHandle [713de4b9-6671-48c2-8ee1-10ee62de04b7], current sessions:0
2024-04-30T20:08:51,106  INFO [713de4b9-6671-48c2-8ee1-10ee62de04b7 main] session.HiveSessionImpl: Operation log session directory is deleted: /home/alex/Repositories/hive/beeline/target/tmp/alex/operation_logs/713de4b9-6671-48c2-8ee1-10ee62de04b7
2024-04-30T20:08:51,106  INFO [main] cleanup.EventualCleanupService: Delete /tmp/hive/alex/713de4b9-6671-48c2-8ee1-10ee62de04b7 operation was queued
2024-04-30T20:08:51,106  INFO [main] cleanup.EventualCleanupService: Delete /home/alex/Repositories/hive/beeline/target/tmp/alex/713de4b9-6671-48c2-8ee1-10ee62de04b7 operation was queued
2024-04-30T20:08:51,106  INFO [EventualCleanupService thread 2] cleanup.EventualCleanupService: Deleted /home/alex/Repositories/hive/beeline/target/tmp/alex/713de4b9-6671-48c2-8ee1-10ee62de04b7
2024-04-30T20:08:51,106  INFO [EventualCleanupService thread 1] cleanup.EventualCleanupService: Deleted /tmp/hive/alex/713de4b9-6671-48c2-8ee1-10ee62de04b7
2024-04-30T20:08:51,107  INFO [main] HiveMetaStore.audit: ugi=alex	ip=unknown-ip-addr	cmd=Cleaning up thread local RawStore...	
2024-04-30T20:08:51,107  INFO [main] metastore.ObjectStore: RawStore: org.apache.hadoop.hive.metastore.ObjectStore@6d7bb5cc, with PersistenceManager: org.datanucleus.api.jdo.JDOPersistenceManager@756200d1 will be shutdown
2024-04-30T20:08:51,107  INFO [main] HiveMetaStore.audit: ugi=alex	ip=unknown-ip-addr	cmd=Done cleaning up thread local RawStore	
2024-04-30T20:08:51,107  INFO [main] metastore.HiveMetaStoreClient: Closed a connection to metastore, current connections: -34
2024-04-30T20:08:51,107 ERROR [main] cli.TestHiveCli: Failed due to the error:Connecting to jdbc:hive2://
Hive Session ID = 914642a6-542d-4310-9b91-05e229d8abec
ivysettings.xml file not found in HIVE_HOME or HIVE_CONF_DIR,/home/alex/Repositories/hive/conf/ivysettings.xml will be used
ivysettings.xml file not found in HIVE_HOME or HIVE_CONF_DIR,/home/alex/Repositories/hive/conf/ivysettings.xml will be used
Connected to: Apache Hive (version 4.0.0-SNAPSHOT)
Error: Couldn't load manifest attributes. (state=,code=0)
Transaction isolation: TRANSACTION_REPEATABLE_READ
INFO  : Compiling command(queryId=alex_20240430200851_24fde5e6-ddc9-4891-9cd2-894b708ef8d0): show databases
INFO  : Semantic Analysis Completed (retrial = false)
INFO  : Created Hive schema: Schema(fieldSchemas:[FieldSchema(name:database_name, type:string, comment:from deserializer)], properties:null)
INFO  : Completed compiling command(queryId=alex_20240430200851_24fde5e6-ddc9-4891-9cd2-894b708ef8d0); Time taken: 0.008 seconds
INFO  : Concurrency mode is disabled, not creating a lock manager
INFO  : Executing command(queryId=alex_20240430200851_24fde5e6-ddc9-4891-9cd2-894b708ef8d0): show databases
INFO  : Starting task [Stage-0:DDL] in serial mode
DEBUG : Task getting executed using mapred tag : alex_20240430200851_24fde5e6-ddc9-4891-9cd2-894b708ef8d0,userid=null
INFO  : Completed executing command(queryId=alex_20240430200851_24fde5e6-ddc9-4891-9cd2-894b708ef8d0); Time taken: 0.014 seconds
DEBUG : Shutting down query show databases
Error: Failed to wait for operation to complete (state=08S01,code=0)
Closing: 0: jdbc:hive2://

]]></system-err>
  </testcase>
  <testcase name="testSqlFromCmd" classname="org.apache.hive.beeline.cli.TestHiveCli" time="0.187">
    <failure type="java.lang.AssertionError"><![CDATA[java.lang.AssertionError: Supported return code is 0 while the actual is 1
	at org.junit.Assert.fail(Assert.java:89)
	at org.apache.hive.beeline.cli.TestHiveCli.executeCMD(TestHiveCli.java:256)
	at org.apache.hive.beeline.cli.TestHiveCli.verifyCMD(TestHiveCli.java:266)
	at org.apache.hive.beeline.cli.TestHiveCli.testSqlFromCmd(TestHiveCli.java:145)
	at sun.reflect.NativeMethodAccessorImpl.invoke0(Native Method)
	at sun.reflect.NativeMethodAccessorImpl.invoke(NativeMethodAccessorImpl.java:62)
	at sun.reflect.DelegatingMethodAccessorImpl.invoke(DelegatingMethodAccessorImpl.java:43)
	at java.lang.reflect.Method.invoke(Method.java:498)
	at org.junit.runners.model.FrameworkMethod$1.runReflectiveCall(FrameworkMethod.java:59)
	at org.junit.internal.runners.model.ReflectiveCallable.run(ReflectiveCallable.java:12)
	at org.junit.runners.model.FrameworkMethod.invokeExplosively(FrameworkMethod.java:56)
	at org.junit.internal.runners.statements.InvokeMethod.evaluate(InvokeMethod.java:17)
	at org.junit.internal.runners.statements.RunBefores.evaluate(RunBefores.java:26)
	at org.junit.internal.runners.statements.RunAfters.evaluate(RunAfters.java:27)
	at org.junit.runners.ParentRunner$3.evaluate(ParentRunner.java:306)
	at org.junit.runners.BlockJUnit4ClassRunner$1.evaluate(BlockJUnit4ClassRunner.java:100)
	at org.junit.runners.ParentRunner.runLeaf(ParentRunner.java:366)
	at org.junit.runners.BlockJUnit4ClassRunner.runChild(BlockJUnit4ClassRunner.java:103)
	at org.junit.runners.BlockJUnit4ClassRunner.runChild(BlockJUnit4ClassRunner.java:63)
	at org.junit.runners.ParentRunner$4.run(ParentRunner.java:331)
	at org.junit.runners.ParentRunner$1.schedule(ParentRunner.java:79)
	at org.junit.runners.ParentRunner.runChildren(ParentRunner.java:329)
	at org.junit.runners.ParentRunner.access$100(ParentRunner.java:66)
	at org.junit.runners.ParentRunner$2.evaluate(ParentRunner.java:293)
	at org.junit.internal.runners.statements.RunBefores.evaluate(RunBefores.java:26)
	at org.junit.runners.ParentRunner$3.evaluate(ParentRunner.java:306)
	at org.junit.runners.ParentRunner.run(ParentRunner.java:413)
	at org.junit.runner.JUnitCore.run(JUnitCore.java:137)
	at org.junit.runner.JUnitCore.run(JUnitCore.java:115)
	at org.junit.vintage.engine.execution.RunnerExecutor.execute(RunnerExecutor.java:43)
	at java.util.stream.ForEachOps$ForEachOp$OfRef.accept(ForEachOps.java:183)
	at java.util.stream.ReferencePipeline$3$1.accept(ReferencePipeline.java:193)
	at java.util.Iterator.forEachRemaining(Iterator.java:116)
	at java.util.Spliterators$IteratorSpliterator.forEachRemaining(Spliterators.java:1801)
	at java.util.stream.AbstractPipeline.copyInto(AbstractPipeline.java:482)
	at java.util.stream.AbstractPipeline.wrapAndCopyInto(AbstractPipeline.java:472)
	at java.util.stream.ForEachOps$ForEachOp.evaluateSequential(ForEachOps.java:150)
	at java.util.stream.ForEachOps$ForEachOp$OfRef.evaluateSequential(ForEachOps.java:173)
	at java.util.stream.AbstractPipeline.evaluate(AbstractPipeline.java:234)
	at java.util.stream.ReferencePipeline.forEach(ReferencePipeline.java:485)
	at org.junit.vintage.engine.VintageTestEngine.executeAllChildren(VintageTestEngine.java:82)
	at org.junit.vintage.engine.VintageTestEngine.execute(VintageTestEngine.java:73)
	at org.junit.platform.launcher.core.DefaultLauncher.execute(DefaultLauncher.java:248)
	at org.junit.platform.launcher.core.DefaultLauncher.lambda$execute$5(DefaultLauncher.java:211)
	at org.junit.platform.launcher.core.DefaultLauncher.withInterceptedStreams(DefaultLauncher.java:226)
	at org.junit.platform.launcher.core.DefaultLauncher.execute(DefaultLauncher.java:199)
	at org.junit.platform.launcher.core.DefaultLauncher.execute(DefaultLauncher.java:132)
	at org.apache.maven.surefire.junitplatform.JUnitPlatformProvider.invokeAllTests(JUnitPlatformProvider.java:154)
	at org.apache.maven.surefire.junitplatform.JUnitPlatformProvider.invoke(JUnitPlatformProvider.java:123)
	at org.apache.maven.surefire.booter.ForkedBooter.runSuitesInProcess(ForkedBooter.java:377)
	at org.apache.maven.surefire.booter.ForkedBooter.execute(ForkedBooter.java:138)
	at org.apache.maven.surefire.booter.ForkedBooter.run(ForkedBooter.java:465)
	at org.apache.maven.surefire.booter.ForkedBooter.main(ForkedBooter.java:451)
]]></failure>
    <system-err><![CDATA[2024-04-30T20:08:51,108 ERROR [main] cli.TestHiveCli: Failed to execute command due to the error: java.lang.NullPointerException: Null output stream
2024-04-30T20:08:51,149  WARN [main] conf.HiveConf: HiveConf of name hive.dummyparam.test.server.specific.config.override does not exist
2024-04-30T20:08:51,150  WARN [main] conf.HiveConf: HiveConf of name hive.dummyparam.test.server.specific.config.hiveserver2site does not exist
2024-04-30T20:08:51,150  WARN [main] conf.HiveConf: HiveConf of name hive.dummyparam.test.server.specific.config.metastoresite does not exist
2024-04-30T20:08:51,150  INFO [main] SessionState: Hive Session ID = 56d96f28-8363-4579-ab46-8fbba4f1d89a
2024-04-30T20:08:51,150  INFO [main] DependencyResolver: ivysettings.xml file not found in HIVE_HOME or HIVE_CONF_DIR,/home/alex/Repositories/hive/conf/ivysettings.xml will be used
2024-04-30T20:08:51,158  INFO [main] session.SessionState: Created HDFS directory: /tmp/hive/alex/56d96f28-8363-4579-ab46-8fbba4f1d89a
2024-04-30T20:08:51,161  INFO [main] session.SessionState: Created local directory: /home/alex/Repositories/hive/beeline/target/tmp/alex/56d96f28-8363-4579-ab46-8fbba4f1d89a
2024-04-30T20:08:51,164  INFO [main] session.SessionState: Created HDFS directory: /tmp/hive/alex/56d96f28-8363-4579-ab46-8fbba4f1d89a/_tmp_space.db
2024-04-30T20:08:51,164  INFO [main] sqlstd.SQLStdHiveAccessController: Created SQLStdHiveAccessController for session context : HiveAuthzSessionContext [sessionString=56d96f28-8363-4579-ab46-8fbba4f1d89a, clientType=HIVESERVER2]
2024-04-30T20:08:51,165  INFO [main] metastore.HiveMetaStoreClient: HMS client filtering is enabled.
2024-04-30T20:08:51,165  INFO [main] metastore.HMSHandler: 0: Opening raw store with implementation class:org.apache.hadoop.hive.metastore.ObjectStore
2024-04-30T20:08:51,165  INFO [main] metastore.PersistenceManagerProvider: Configuration datanucleus.autoStartMechanismMode is not set. Defaulting to 'ignored'
2024-04-30T20:08:51,166  INFO [main] metastore.ObjectStore: RawStore: org.apache.hadoop.hive.metastore.ObjectStore@6684589a, with PersistenceManager: null will be shutdown
2024-04-30T20:08:51,166  INFO [main] metastore.ObjectStore: RawStore: org.apache.hadoop.hive.metastore.ObjectStore@6684589a, with PersistenceManager: org.datanucleus.api.jdo.JDOPersistenceManager@5621a671 created in the thread with id: 1
2024-04-30T20:08:51,168  INFO [main] metastore.HMSHandler: Created RawStore: org.apache.hadoop.hive.metastore.ObjectStore@6684589a from thread id: 1
2024-04-30T20:08:51,168  INFO [main] metastore.HMSHandler: HMS server filtering is disabled by configuration
2024-04-30T20:08:51,168  INFO [main] metastore.RetryingMetaStoreClient: RetryingMetaStoreClient proxy=class org.apache.hadoop.hive.ql.metadata.SessionHiveMetaStoreClient ugi=alex (auth:SIMPLE) retries=1 delay=1 lifetime=0
2024-04-30T20:08:51,168  INFO [main] service.CompositeService: Operation log root directory is created: /home/alex/Repositories/hive/beeline/target/tmp/alex/operation_logs
2024-04-30T20:08:51,168  INFO [main] service.CompositeService: HiveServer2: Background operation thread pool size: 100
2024-04-30T20:08:51,168  INFO [main] service.CompositeService: HiveServer2: Background operation thread wait queue size: 100
2024-04-30T20:08:51,168  INFO [main] service.CompositeService: HiveServer2: Background operation thread keepalive time: 10 seconds
2024-04-30T20:08:51,168  INFO [main] service.CompositeService: Connections limit are user: 0 ipaddress: 0 user-ipaddress: 0
2024-04-30T20:08:51,170  INFO [main] cleanup.EventualCleanupService: EventualCleanupService started with 10 threads and queue of size 10000
ERROR StatusLogger Log4j2 ConfigurationScheduler attempted to increment scheduled items after start
ERROR StatusLogger Log4j2 ConfigurationScheduler attempted to increment scheduled items after start
2024-04-30T20:08:51,171  INFO [main] service.AbstractService: Service:OperationManager is inited.
2024-04-30T20:08:51,171  INFO [main] service.AbstractService: Service:SessionManager is inited.
2024-04-30T20:08:51,171  INFO [main] service.AbstractService: Service:CLIService is inited.
2024-04-30T20:08:51,171  INFO [main] service.AbstractService: Service:OperationManager is started.
2024-04-30T20:08:51,171  INFO [main] service.AbstractService: Service:SessionManager is started.
2024-04-30T20:08:51,171  INFO [main] service.AbstractService: Service:CLIService is started.
2024-04-30T20:08:51,171  INFO [main] service.AbstractService: Service:ThriftBinaryCLIService is inited.
2024-04-30T20:08:51,171  INFO [main] thrift.ThriftCLIService: Client protocol version: HIVE_CLI_SERVICE_PROTOCOL_V10
2024-04-30T20:08:51,171  INFO [main] thrift.ThriftCLIService: Creating Hive session handle for user [null] from IP null
2024-04-30T20:08:51,172  INFO [main] DependencyResolver: ivysettings.xml file not found in HIVE_HOME or HIVE_CONF_DIR,/home/alex/Repositories/hive/conf/ivysettings.xml will be used
2024-04-30T20:08:51,179  INFO [main] session.SessionState: Created HDFS directory: /tmp/hive/alex/dcb599fd-cdde-4844-8370-42604985a831
2024-04-30T20:08:51,182  INFO [main] session.SessionState: Created local directory: /home/alex/Repositories/hive/beeline/target/tmp/alex/dcb599fd-cdde-4844-8370-42604985a831
2024-04-30T20:08:51,185  INFO [main] session.SessionState: Created HDFS directory: /tmp/hive/alex/dcb599fd-cdde-4844-8370-42604985a831/_tmp_space.db
2024-04-30T20:08:51,186  INFO [main] session.SessionState: Reloading auxiliary JAR files
2024-04-30T20:08:51,186  WARN [main] session.SessionState: Configuration hive.reloadable.aux.jars.path not specified
2024-04-30T20:08:51,186  INFO [main] HiveMetaStore.audit: ugi=alex	ip=unknown-ip-addr	cmd=Cleaning up thread local RawStore...	
2024-04-30T20:08:51,186  INFO [main] metastore.ObjectStore: RawStore: org.apache.hadoop.hive.metastore.ObjectStore@6684589a, with PersistenceManager: org.datanucleus.api.jdo.JDOPersistenceManager@5621a671 will be shutdown
2024-04-30T20:08:51,186  INFO [main] HiveMetaStore.audit: ugi=alex	ip=unknown-ip-addr	cmd=Done cleaning up thread local RawStore	
2024-04-30T20:08:51,186  INFO [main] metastore.HiveMetaStoreClient: Closed a connection to metastore, current connections: -35
2024-04-30T20:08:51,186  INFO [main] session.HiveSessionImpl: Operation log session directory is created: /home/alex/Repositories/hive/beeline/target/tmp/alex/operation_logs/dcb599fd-cdde-4844-8370-42604985a831
2024-04-30T20:08:51,186  INFO [main] service.CompositeService: Session opened, SessionHandle [dcb599fd-cdde-4844-8370-42604985a831], current sessions:1
2024-04-30T20:08:51,187  INFO [main] thrift.ThriftCLIService: Login attempt is successful for user : null
2024-04-30T20:08:51,235  WARN [main] conf.HiveConf: HiveConf of name hive.dummyparam.test.server.specific.config.override does not exist
2024-04-30T20:08:51,235  WARN [main] conf.HiveConf: HiveConf of name hive.dummyparam.test.server.specific.config.hiveserver2site does not exist
2024-04-30T20:08:51,235  WARN [main] conf.HiveConf: HiveConf of name hive.dummyparam.test.server.specific.config.metastoresite does not exist
2024-04-30T20:08:51,236  INFO [dcb599fd-cdde-4844-8370-42604985a831 main] session.HiveSessionImpl: executing set
2024-04-30T20:08:51,236  INFO [dcb599fd-cdde-4844-8370-42604985a831 main] operation.HiveCommandOperation: Putting temp output to file /home/alex/Repositories/hive/beeline/target/tmp/alex/dcb599fd-cdde-4844-8370-42604985a8311822619388093542531.pipeout and error output to file /home/alex/Repositories/hive/beeline/target/tmp/alex/dcb599fd-cdde-4844-8370-42604985a8316889283973725814910.pipeout
2024-04-30T20:08:51,236  INFO [dcb599fd-cdde-4844-8370-42604985a831 main] operation.OperationManager: Adding operation: OperationHandle [opType=EXECUTE_STATEMENT, getHandleIdentifier()=2e29bd2b-2f42-49ba-a90a-c3423bf21178] SessionHandle [dcb599fd-cdde-4844-8370-42604985a831]
2024-04-30T20:08:51,236  INFO [dcb599fd-cdde-4844-8370-42604985a831 main] common.LogUtils: Thread context registration is done.
DEBUG StatusLogger Building Plugin[name=filter, class=org.apache.hadoop.hive.ql.log.LogDivertAppender$NameFilter].
DEBUG StatusLogger createFilter(loggingLevel="EXECUTION")
DEBUG StatusLogger Building Plugin[name=layout, class=org.apache.logging.log4j.core.layout.PatternLayout].
DEBUG StatusLogger PatternLayout$Builder(pattern="%-5p : %m%n", PatternSelector=null, Configuration(HiveLog4j2Test), Replace=null, charset="null", alwaysWriteExceptions="null", disableAnsi="null", noConsoleNoAnsi="null", header="null", footer="null")
DEBUG StatusLogger Building Plugin[name=appender, class=org.apache.hadoop.hive.ql.log.HushableRandomAccessFileAppender].
DEBUG StatusLogger createAppender(fileName="/home/alex/Repositories/hive/beeline/target/tmp/alex/operation_logs/dcb599fd-cdde-4844-8370-42604985a831/alex_20240430200851_78a08410-c4d3-476d-a403-3c403d19d3fc", append="null", name="query-file-appender", immediateFlush="null", bufferSize="null", ignoreExceptions="null", PatternLayout(org.apache.logging.log4j.core.layout.PatternLayout with name PatternLayout), NameFilter(org.apache.hadoop.hive.ql.log.LogDivertAppender$NameFilter with name NameFilter), advertise="null", advertiseURI="null", Configuration(HiveLog4j2Test))
DEBUG StatusLogger Starting RandomAccessFileManager /home/alex/Repositories/hive/beeline/target/tmp/alex/operation_logs/dcb599fd-cdde-4844-8370-42604985a831/alex_20240430200851_78a08410-c4d3-476d-a403-3c403d19d3fc
DEBUG StatusLogger Building Plugin[name=, class=org.apache.hadoop.hive.ql.log.LogDivertAppenderForTest$TestFilter].
DEBUG StatusLogger createFilter()
DEBUG StatusLogger Building Plugin[name=, class=org.apache.logging.log4j.core.layout.PatternLayout].
DEBUG StatusLogger PatternLayout$Builder(pattern="%-5p : %m%n", PatternSelector=null, Configuration(HiveLog4j2Test), Replace=null, charset="null", alwaysWriteExceptions="null", disableAnsi="null", noConsoleNoAnsi="null", header="null", footer="null")
DEBUG StatusLogger Building Plugin[name=appender, class=org.apache.hadoop.hive.ql.log.HushableRandomAccessFileAppender].
DEBUG StatusLogger createAppender(fileName="/home/alex/Repositories/hive/beeline/target/tmp/alex/operation_logs/dcb599fd-cdde-4844-8370-42604985a831/alex_20240430200851_78a08410-c4d3-476d-a403-3c403d19d3fc.test", append="null", name="test-query-file-appender", immediateFlush="null", bufferSize="null", ignoreExceptions="null", PatternLayout(org.apache.logging.log4j.core.layout.PatternLayout with name PatternLayout), test-filter(org.apache.hadoop.hive.ql.log.LogDivertAppenderForTest$TestFilter with name test-filter), advertise="null", advertiseURI="null", Configuration(HiveLog4j2Test))
DEBUG StatusLogger Starting RandomAccessFileManager /home/alex/Repositories/hive/beeline/target/tmp/alex/operation_logs/dcb599fd-cdde-4844-8370-42604985a831/alex_20240430200851_78a08410-c4d3-476d-a403-3c403d19d3fc.test
2024-04-30T20:08:51,240  INFO [dcb599fd-cdde-4844-8370-42604985a831 main] operation.HiveCommandOperation: [opType=EXECUTE_STATEMENT, queryId=alex_20240430200851_78a08410-c4d3-476d-a403-3c403d19d3fc, startTime=1714532931236, sessionId=dcb599fd-cdde-4844-8370-42604985a831, createTime=1714532931171, userName=null, ipAddress=null]
2024-04-30T20:08:51,252  INFO [dcb599fd-cdde-4844-8370-42604985a831 main] common.LogUtils: Unregistered logging context.
2024-04-30T20:08:51,255  INFO [dcb599fd-cdde-4844-8370-42604985a831 main] operation.OperationManager: Closing operation: OperationHandle [opType=EXECUTE_STATEMENT, getHandleIdentifier()=2e29bd2b-2f42-49ba-a90a-c3423bf21178]
2024-04-30T20:08:51,255  INFO [dcb599fd-cdde-4844-8370-42604985a831 main] operation.OperationManager: Removed queryId: alex_20240430200851_78a08410-c4d3-476d-a403-3c403d19d3fc corresponding to operation: OperationHandle [opType=EXECUTE_STATEMENT, getHandleIdentifier()=2e29bd2b-2f42-49ba-a90a-c3423bf21178] with tag: null
2024-04-30T20:08:51,256  INFO [dcb599fd-cdde-4844-8370-42604985a831 main] operation.HiveCommandOperation: Closing operation log /home/alex/Repositories/hive/beeline/target/tmp/alex/operation_logs/dcb599fd-cdde-4844-8370-42604985a831/alex_20240430200851_78a08410-c4d3-476d-a403-3c403d19d3fc without delay
2024-04-30T20:08:51,259  INFO [dcb599fd-cdde-4844-8370-42604985a831 main] session.HiveSessionImpl: executing show databases
2024-04-30T20:08:51,259  INFO [dcb599fd-cdde-4844-8370-42604985a831 main] operation.OperationManager: Adding operation: OperationHandle [opType=EXECUTE_STATEMENT, getHandleIdentifier()=9142a56e-280a-47a3-81f0-689cc58012ac] SessionHandle [dcb599fd-cdde-4844-8370-42604985a831]
2024-04-30T20:08:51,260  INFO [dcb599fd-cdde-4844-8370-42604985a831 main] common.LogUtils: Thread context registration is done.
DEBUG StatusLogger Building Plugin[name=filter, class=org.apache.hadoop.hive.ql.log.LogDivertAppender$NameFilter].
DEBUG StatusLogger createFilter(loggingLevel="EXECUTION")
DEBUG StatusLogger Building Plugin[name=layout, class=org.apache.logging.log4j.core.layout.PatternLayout].
DEBUG StatusLogger PatternLayout$Builder(pattern="%-5p : %m%n", PatternSelector=null, Configuration(HiveLog4j2Test), Replace=null, charset="null", alwaysWriteExceptions="null", disableAnsi="null", noConsoleNoAnsi="null", header="null", footer="null")
DEBUG StatusLogger Building Plugin[name=appender, class=org.apache.hadoop.hive.ql.log.HushableRandomAccessFileAppender].
DEBUG StatusLogger createAppender(fileName="/home/alex/Repositories/hive/beeline/target/tmp/alex/operation_logs/dcb599fd-cdde-4844-8370-42604985a831/alex_20240430200851_9484851e-f619-4ff0-ba10-e3cd77500a89", append="null", name="query-file-appender", immediateFlush="null", bufferSize="null", ignoreExceptions="null", PatternLayout(org.apache.logging.log4j.core.layout.PatternLayout with name PatternLayout), NameFilter(org.apache.hadoop.hive.ql.log.LogDivertAppender$NameFilter with name NameFilter), advertise="null", advertiseURI="null", Configuration(HiveLog4j2Test))
DEBUG StatusLogger Starting RandomAccessFileManager /home/alex/Repositories/hive/beeline/target/tmp/alex/operation_logs/dcb599fd-cdde-4844-8370-42604985a831/alex_20240430200851_9484851e-f619-4ff0-ba10-e3cd77500a89
DEBUG StatusLogger Building Plugin[name=, class=org.apache.hadoop.hive.ql.log.LogDivertAppenderForTest$TestFilter].
DEBUG StatusLogger createFilter()
DEBUG StatusLogger Building Plugin[name=, class=org.apache.logging.log4j.core.layout.PatternLayout].
DEBUG StatusLogger PatternLayout$Builder(pattern="%-5p : %m%n", PatternSelector=null, Configuration(HiveLog4j2Test), Replace=null, charset="null", alwaysWriteExceptions="null", disableAnsi="null", noConsoleNoAnsi="null", header="null", footer="null")
DEBUG StatusLogger Building Plugin[name=appender, class=org.apache.hadoop.hive.ql.log.HushableRandomAccessFileAppender].
DEBUG StatusLogger createAppender(fileName="/home/alex/Repositories/hive/beeline/target/tmp/alex/operation_logs/dcb599fd-cdde-4844-8370-42604985a831/alex_20240430200851_9484851e-f619-4ff0-ba10-e3cd77500a89.test", append="null", name="test-query-file-appender", immediateFlush="null", bufferSize="null", ignoreExceptions="null", PatternLayout(org.apache.logging.log4j.core.layout.PatternLayout with name PatternLayout), test-filter(org.apache.hadoop.hive.ql.log.LogDivertAppenderForTest$TestFilter with name test-filter), advertise="null", advertiseURI="null", Configuration(HiveLog4j2Test))
DEBUG StatusLogger Starting RandomAccessFileManager /home/alex/Repositories/hive/beeline/target/tmp/alex/operation_logs/dcb599fd-cdde-4844-8370-42604985a831/alex_20240430200851_9484851e-f619-4ff0-ba10-e3cd77500a89.test
2024-04-30T20:08:51,264  INFO [dcb599fd-cdde-4844-8370-42604985a831 main] operation.SQLOperation: [opType=EXECUTE_STATEMENT, queryId=alex_20240430200851_9484851e-f619-4ff0-ba10-e3cd77500a89, startTime=1714532931259, sessionId=dcb599fd-cdde-4844-8370-42604985a831, createTime=1714532931171, userName=null, ipAddress=null]
2024-04-30T20:08:51,265  INFO [dcb599fd-cdde-4844-8370-42604985a831 main] ql.Driver: Compiling command(queryId=alex_20240430200851_9484851e-f619-4ff0-ba10-e3cd77500a89): show databases
2024-04-30T20:08:51,266  INFO [dcb599fd-cdde-4844-8370-42604985a831 main] metastore.HiveMetaStoreClient: HMS client filtering is enabled.
2024-04-30T20:08:51,267  INFO [dcb599fd-cdde-4844-8370-42604985a831 main] metastore.HMSHandler: 0: Opening raw store with implementation class:org.apache.hadoop.hive.metastore.ObjectStore
2024-04-30T20:08:51,267  INFO [dcb599fd-cdde-4844-8370-42604985a831 main] metastore.PersistenceManagerProvider: Configuration datanucleus.autoStartMechanismMode is not set. Defaulting to 'ignored'
2024-04-30T20:08:51,268  INFO [dcb599fd-cdde-4844-8370-42604985a831 main] metastore.ObjectStore: RawStore: org.apache.hadoop.hive.metastore.ObjectStore@98712fa, with PersistenceManager: null will be shutdown
2024-04-30T20:08:51,268  INFO [dcb599fd-cdde-4844-8370-42604985a831 main] metastore.ObjectStore: RawStore: org.apache.hadoop.hive.metastore.ObjectStore@98712fa, with PersistenceManager: org.datanucleus.api.jdo.JDOPersistenceManager@61288814 created in the thread with id: 1
2024-04-30T20:08:51,270  INFO [dcb599fd-cdde-4844-8370-42604985a831 main] metastore.HMSHandler: Created RawStore: org.apache.hadoop.hive.metastore.ObjectStore@98712fa from thread id: 1
2024-04-30T20:08:51,271  INFO [dcb599fd-cdde-4844-8370-42604985a831 main] metastore.HMSHandler: HMS server filtering is disabled by configuration
2024-04-30T20:08:51,271  INFO [dcb599fd-cdde-4844-8370-42604985a831 main] metastore.RetryingMetaStoreClient: RetryingMetaStoreClient proxy=class org.apache.hadoop.hive.ql.metadata.SessionHiveMetaStoreClient ugi=alex (auth:SIMPLE) retries=1 delay=1 lifetime=0
2024-04-30T20:08:51,274  INFO [dcb599fd-cdde-4844-8370-42604985a831 main] ql.Driver: Semantic Analysis Completed (retrial = false)
2024-04-30T20:08:51,275  INFO [dcb599fd-cdde-4844-8370-42604985a831 main] ql.Driver: Created Hive schema: Schema(fieldSchemas:[FieldSchema(name:database_name, type:string, comment:from deserializer)], properties:null)
2024-04-30T20:08:51,275  INFO [dcb599fd-cdde-4844-8370-42604985a831 main] exec.ListSinkOperator: Initializing Operator: LIST_SINK[0]
2024-04-30T20:08:51,275  INFO [dcb599fd-cdde-4844-8370-42604985a831 main] metadata.Hive: Dumping metastore api call timing information for : compilation phase
2024-04-30T20:08:51,275  INFO [dcb599fd-cdde-4844-8370-42604985a831 main] metadata.Hive: Total time spent in each metastore function (ms): {isCompatibleWith_(Configuration)=0, flushCache_()=0}
2024-04-30T20:08:51,275  INFO [dcb599fd-cdde-4844-8370-42604985a831 main] ql.Driver: Completed compiling command(queryId=alex_20240430200851_9484851e-f619-4ff0-ba10-e3cd77500a89); Time taken: 0.01 seconds
2024-04-30T20:08:51,276  INFO [dcb599fd-cdde-4844-8370-42604985a831 main] common.LogUtils: Unregistered logging context.
2024-04-30T20:08:51,276  INFO [HiveServer2-Background-Pool: Thread-563] common.LogUtils: Thread context registration is done.
2024-04-30T20:08:51,276  INFO [HiveServer2-Background-Pool: Thread-563] reexec.ReExecDriver: Execution #1 of query
2024-04-30T20:08:51,277  INFO [HiveServer2-Background-Pool: Thread-563] ql.Driver: Concurrency mode is disabled, not creating a lock manager
2024-04-30T20:08:51,277  INFO [HiveServer2-Background-Pool: Thread-563] ql.Driver: Executing command(queryId=alex_20240430200851_9484851e-f619-4ff0-ba10-e3cd77500a89): show databases
2024-04-30T20:08:51,278  INFO [HiveServer2-Background-Pool: Thread-563] ql.Driver: Starting task [Stage-0:DDL] in serial mode
2024-04-30T20:08:51,278  INFO [HiveServer2-Background-Pool: Thread-563] HiveMetaStore.audit: ugi=alex	ip=unknown-ip-addr	cmd=get_databases: @hive#	
2024-04-30T20:08:51,279  INFO [HiveServer2-Background-Pool: Thread-563] metastore.HMSHandler: 26: Opening raw store with implementation class:org.apache.hadoop.hive.metastore.ObjectStore
2024-04-30T20:08:51,279  INFO [HiveServer2-Background-Pool: Thread-563] metastore.ObjectStore: RawStore: org.apache.hadoop.hive.metastore.ObjectStore@56c2986a, with PersistenceManager: null will be shutdown
2024-04-30T20:08:51,279  INFO [HiveServer2-Background-Pool: Thread-563] metastore.ObjectStore: RawStore: org.apache.hadoop.hive.metastore.ObjectStore@56c2986a, with PersistenceManager: org.datanucleus.api.jdo.JDOPersistenceManager@13c01cd6 created in the thread with id: 563
2024-04-30T20:08:51,281  INFO [HiveServer2-Background-Pool: Thread-563] metastore.HMSHandler: Created RawStore: org.apache.hadoop.hive.metastore.ObjectStore@56c2986a from thread id: 563
2024-04-30T20:08:51,283  INFO [HiveServer2-Background-Pool: Thread-563] sqlstd.SQLStdHiveAccessController: Created SQLStdHiveAccessController for session context : HiveAuthzSessionContext [sessionString=dcb599fd-cdde-4844-8370-42604985a831, clientType=HIVESERVER2]
2024-04-30T20:08:51,283  INFO [HiveServer2-Background-Pool: Thread-563] exec.DDLTask: Found 3 database(s) matching the SHOW DATABASES statement.
2024-04-30T20:08:51,289  INFO [HiveServer2-Background-Pool: Thread-563] metadata.Hive: Dumping metastore api call timing information for : execution phase
2024-04-30T20:08:51,289  INFO [HiveServer2-Background-Pool: Thread-563] metadata.Hive: Total time spent in each metastore function (ms): {isCompatibleWith_(Configuration)=0, getAllDatabases_()=5}
2024-04-30T20:08:51,289  INFO [HiveServer2-Background-Pool: Thread-563] ql.Driver: Completed executing command(queryId=alex_20240430200851_9484851e-f619-4ff0-ba10-e3cd77500a89); Time taken: 0.012 seconds
2024-04-30T20:08:51,290  INFO [HiveServer2-Background-Pool: Thread-563] common.LogUtils: Unregistered logging context.
2024-04-30T20:08:51,292  INFO [dcb599fd-cdde-4844-8370-42604985a831 main] operation.OperationManager: Closing operation: OperationHandle [opType=EXECUTE_STATEMENT, getHandleIdentifier()=9142a56e-280a-47a3-81f0-689cc58012ac]
2024-04-30T20:08:51,292  INFO [dcb599fd-cdde-4844-8370-42604985a831 main] operation.OperationManager: Removed queryId: alex_20240430200851_9484851e-f619-4ff0-ba10-e3cd77500a89 corresponding to operation: OperationHandle [opType=EXECUTE_STATEMENT, getHandleIdentifier()=9142a56e-280a-47a3-81f0-689cc58012ac] with tag: null
2024-04-30T20:08:51,293  INFO [dcb599fd-cdde-4844-8370-42604985a831 main] ql.Context: Deleting scratch dir: file:/home/alex/Repositories/hive/beeline/target/tmp/alex/dcb599fd-cdde-4844-8370-42604985a831/hive_2024-04-30_20-08-51_265_2028630718144510822-1
2024-04-30T20:08:51,293  INFO [dcb599fd-cdde-4844-8370-42604985a831 main] cleanup.EventualCleanupService: Delete file:/home/alex/Repositories/hive/beeline/target/tmp/alex/dcb599fd-cdde-4844-8370-42604985a831/hive_2024-04-30_20-08-51_265_2028630718144510822-1 operation was queued
2024-04-30T20:08:51,293  INFO [dcb599fd-cdde-4844-8370-42604985a831 main] exec.ListSinkOperator: Closing Operator: LIST_SINK[0]
2024-04-30T20:08:51,293  INFO [dcb599fd-cdde-4844-8370-42604985a831 main] exec.ListSinkOperator: RECORDS_OUT_INTERMEDIATE:0, RECORDS_OUT_OPERATOR_LIST_SINK_0:0, 
2024-04-30T20:08:51,293  INFO [dcb599fd-cdde-4844-8370-42604985a831 main] operation.SQLOperation: Closing operation log /home/alex/Repositories/hive/beeline/target/tmp/alex/operation_logs/dcb599fd-cdde-4844-8370-42604985a831/alex_20240430200851_9484851e-f619-4ff0-ba10-e3cd77500a89 without delay
2024-04-30T20:08:51,293  INFO [EventualCleanupService thread 0] cleanup.EventualCleanupService: Deleted file:/home/alex/Repositories/hive/beeline/target/tmp/alex/dcb599fd-cdde-4844-8370-42604985a831/hive_2024-04-30_20-08-51_265_2028630718144510822-1
2024-04-30T20:08:51,293  INFO [main] service.CompositeService: Session closed, SessionHandle [dcb599fd-cdde-4844-8370-42604985a831], current sessions:0
2024-04-30T20:08:51,293  INFO [dcb599fd-cdde-4844-8370-42604985a831 main] session.HiveSessionImpl: Operation log session directory is deleted: /home/alex/Repositories/hive/beeline/target/tmp/alex/operation_logs/dcb599fd-cdde-4844-8370-42604985a831
2024-04-30T20:08:51,294  INFO [main] cleanup.EventualCleanupService: Delete /tmp/hive/alex/dcb599fd-cdde-4844-8370-42604985a831 operation was queued
2024-04-30T20:08:51,294  INFO [main] cleanup.EventualCleanupService: Delete /home/alex/Repositories/hive/beeline/target/tmp/alex/dcb599fd-cdde-4844-8370-42604985a831 operation was queued
2024-04-30T20:08:51,294  INFO [EventualCleanupService thread 2] cleanup.EventualCleanupService: Deleted /home/alex/Repositories/hive/beeline/target/tmp/alex/dcb599fd-cdde-4844-8370-42604985a831
2024-04-30T20:08:51,294  INFO [EventualCleanupService thread 1] cleanup.EventualCleanupService: Deleted /tmp/hive/alex/dcb599fd-cdde-4844-8370-42604985a831
2024-04-30T20:08:51,294  INFO [main] HiveMetaStore.audit: ugi=alex	ip=unknown-ip-addr	cmd=Cleaning up thread local RawStore...	
2024-04-30T20:08:51,294  INFO [main] metastore.ObjectStore: RawStore: org.apache.hadoop.hive.metastore.ObjectStore@98712fa, with PersistenceManager: org.datanucleus.api.jdo.JDOPersistenceManager@61288814 will be shutdown
2024-04-30T20:08:51,295  INFO [main] HiveMetaStore.audit: ugi=alex	ip=unknown-ip-addr	cmd=Done cleaning up thread local RawStore	
2024-04-30T20:08:51,295  INFO [main] metastore.HiveMetaStoreClient: Closed a connection to metastore, current connections: -36
2024-04-30T20:08:51,295 ERROR [main] cli.TestHiveCli: Failed due to the error:Connecting to jdbc:hive2://
Hive Session ID = 56d96f28-8363-4579-ab46-8fbba4f1d89a
ivysettings.xml file not found in HIVE_HOME or HIVE_CONF_DIR,/home/alex/Repositories/hive/conf/ivysettings.xml will be used
ivysettings.xml file not found in HIVE_HOME or HIVE_CONF_DIR,/home/alex/Repositories/hive/conf/ivysettings.xml will be used
Connected to: Apache Hive (version 4.0.0-SNAPSHOT)
Error: Couldn't load manifest attributes. (state=,code=0)
Transaction isolation: TRANSACTION_REPEATABLE_READ
INFO  : Compiling command(queryId=alex_20240430200851_9484851e-f619-4ff0-ba10-e3cd77500a89): show databases
INFO  : Semantic Analysis Completed (retrial = false)
INFO  : Created Hive schema: Schema(fieldSchemas:[FieldSchema(name:database_name, type:string, comment:from deserializer)], properties:null)
INFO  : Completed compiling command(queryId=alex_20240430200851_9484851e-f619-4ff0-ba10-e3cd77500a89); Time taken: 0.01 seconds
INFO  : Concurrency mode is disabled, not creating a lock manager
INFO  : Executing command(queryId=alex_20240430200851_9484851e-f619-4ff0-ba10-e3cd77500a89): show databases
INFO  : Starting task [Stage-0:DDL] in serial mode
DEBUG : Task getting executed using mapred tag : alex_20240430200851_9484851e-f619-4ff0-ba10-e3cd77500a89,userid=null
INFO  : Completed executing command(queryId=alex_20240430200851_9484851e-f619-4ff0-ba10-e3cd77500a89); Time taken: 0.012 seconds
DEBUG : Shutting down query show databases
Error: Failed to wait for operation to complete (state=08S01,code=0)
Closing: 0: jdbc:hive2://

]]></system-err>
  </testcase>
  <testcase name="testInvalidDatabaseOptions" classname="org.apache.hive.beeline.cli.TestHiveCli" time="0.194"/>
  <testcase name="testVariables" classname="org.apache.hive.beeline.cli.TestHiveCli" time="0.287"/>
  <testcase name="testInvalidOptions" classname="org.apache.hive.beeline.cli.TestHiveCli" time="0.002"/>
  <testcase name="testVariablesForSource" classname="org.apache.hive.beeline.cli.TestHiveCli" time="0.501">
    <failure type="java.lang.AssertionError"><![CDATA[java.lang.AssertionError: Supported return code is 0 while the actual is 2
	at org.junit.Assert.fail(Assert.java:89)
	at org.apache.hive.beeline.cli.TestHiveCli.executeCMD(TestHiveCli.java:256)
	at org.apache.hive.beeline.cli.TestHiveCli.verifyCMD(TestHiveCli.java:266)
	at org.apache.hive.beeline.cli.TestHiveCli.testVariablesForSource(TestHiveCli.java:198)
	at sun.reflect.NativeMethodAccessorImpl.invoke0(Native Method)
	at sun.reflect.NativeMethodAccessorImpl.invoke(NativeMethodAccessorImpl.java:62)
	at sun.reflect.DelegatingMethodAccessorImpl.invoke(DelegatingMethodAccessorImpl.java:43)
	at java.lang.reflect.Method.invoke(Method.java:498)
	at org.junit.runners.model.FrameworkMethod$1.runReflectiveCall(FrameworkMethod.java:59)
	at org.junit.internal.runners.model.ReflectiveCallable.run(ReflectiveCallable.java:12)
	at org.junit.runners.model.FrameworkMethod.invokeExplosively(FrameworkMethod.java:56)
	at org.junit.internal.runners.statements.InvokeMethod.evaluate(InvokeMethod.java:17)
	at org.junit.internal.runners.statements.RunBefores.evaluate(RunBefores.java:26)
	at org.junit.internal.runners.statements.RunAfters.evaluate(RunAfters.java:27)
	at org.junit.runners.ParentRunner$3.evaluate(ParentRunner.java:306)
	at org.junit.runners.BlockJUnit4ClassRunner$1.evaluate(BlockJUnit4ClassRunner.java:100)
	at org.junit.runners.ParentRunner.runLeaf(ParentRunner.java:366)
	at org.junit.runners.BlockJUnit4ClassRunner.runChild(BlockJUnit4ClassRunner.java:103)
	at org.junit.runners.BlockJUnit4ClassRunner.runChild(BlockJUnit4ClassRunner.java:63)
	at org.junit.runners.ParentRunner$4.run(ParentRunner.java:331)
	at org.junit.runners.ParentRunner$1.schedule(ParentRunner.java:79)
	at org.junit.runners.ParentRunner.runChildren(ParentRunner.java:329)
	at org.junit.runners.ParentRunner.access$100(ParentRunner.java:66)
	at org.junit.runners.ParentRunner$2.evaluate(ParentRunner.java:293)
	at org.junit.internal.runners.statements.RunBefores.evaluate(RunBefores.java:26)
	at org.junit.runners.ParentRunner$3.evaluate(ParentRunner.java:306)
	at org.junit.runners.ParentRunner.run(ParentRunner.java:413)
	at org.junit.runner.JUnitCore.run(JUnitCore.java:137)
	at org.junit.runner.JUnitCore.run(JUnitCore.java:115)
	at org.junit.vintage.engine.execution.RunnerExecutor.execute(RunnerExecutor.java:43)
	at java.util.stream.ForEachOps$ForEachOp$OfRef.accept(ForEachOps.java:183)
	at java.util.stream.ReferencePipeline$3$1.accept(ReferencePipeline.java:193)
	at java.util.Iterator.forEachRemaining(Iterator.java:116)
	at java.util.Spliterators$IteratorSpliterator.forEachRemaining(Spliterators.java:1801)
	at java.util.stream.AbstractPipeline.copyInto(AbstractPipeline.java:482)
	at java.util.stream.AbstractPipeline.wrapAndCopyInto(AbstractPipeline.java:472)
	at java.util.stream.ForEachOps$ForEachOp.evaluateSequential(ForEachOps.java:150)
	at java.util.stream.ForEachOps$ForEachOp$OfRef.evaluateSequential(ForEachOps.java:173)
	at java.util.stream.AbstractPipeline.evaluate(AbstractPipeline.java:234)
	at java.util.stream.ReferencePipeline.forEach(ReferencePipeline.java:485)
	at org.junit.vintage.engine.VintageTestEngine.executeAllChildren(VintageTestEngine.java:82)
	at org.junit.vintage.engine.VintageTestEngine.execute(VintageTestEngine.java:73)
	at org.junit.platform.launcher.core.DefaultLauncher.execute(DefaultLauncher.java:248)
	at org.junit.platform.launcher.core.DefaultLauncher.lambda$execute$5(DefaultLauncher.java:211)
	at org.junit.platform.launcher.core.DefaultLauncher.withInterceptedStreams(DefaultLauncher.java:226)
	at org.junit.platform.launcher.core.DefaultLauncher.execute(DefaultLauncher.java:199)
	at org.junit.platform.launcher.core.DefaultLauncher.execute(DefaultLauncher.java:132)
	at org.apache.maven.surefire.junitplatform.JUnitPlatformProvider.invokeAllTests(JUnitPlatformProvider.java:154)
	at org.apache.maven.surefire.junitplatform.JUnitPlatformProvider.invoke(JUnitPlatformProvider.java:123)
	at org.apache.maven.surefire.booter.ForkedBooter.runSuitesInProcess(ForkedBooter.java:377)
	at org.apache.maven.surefire.booter.ForkedBooter.execute(ForkedBooter.java:138)
	at org.apache.maven.surefire.booter.ForkedBooter.run(ForkedBooter.java:465)
	at org.apache.maven.surefire.booter.ForkedBooter.main(ForkedBooter.java:451)
]]></failure>
    <system-err><![CDATA[2024-04-30T20:08:51,780 ERROR [main] cli.TestHiveCli: Failed to execute command due to the error: java.lang.NullPointerException: Null output stream
2024-04-30T20:08:51,820  WARN [main] conf.HiveConf: HiveConf of name hive.dummyparam.test.server.specific.config.override does not exist
2024-04-30T20:08:51,820  WARN [main] conf.HiveConf: HiveConf of name hive.dummyparam.test.server.specific.config.hiveserver2site does not exist
2024-04-30T20:08:51,820  WARN [main] conf.HiveConf: HiveConf of name hive.dummyparam.test.server.specific.config.metastoresite does not exist
2024-04-30T20:08:51,821  INFO [main] SessionState: Hive Session ID = 70a3dc31-0a03-4ee6-bc6f-5dbaa41e5a7a
2024-04-30T20:08:51,821  INFO [main] DependencyResolver: ivysettings.xml file not found in HIVE_HOME or HIVE_CONF_DIR,/home/alex/Repositories/hive/conf/ivysettings.xml will be used
2024-04-30T20:08:51,828  INFO [main] session.SessionState: Created HDFS directory: /tmp/hive/alex/70a3dc31-0a03-4ee6-bc6f-5dbaa41e5a7a
2024-04-30T20:08:51,832  INFO [main] session.SessionState: Created local directory: /home/alex/Repositories/hive/beeline/target/tmp/alex/70a3dc31-0a03-4ee6-bc6f-5dbaa41e5a7a
2024-04-30T20:08:51,835  INFO [main] session.SessionState: Created HDFS directory: /tmp/hive/alex/70a3dc31-0a03-4ee6-bc6f-5dbaa41e5a7a/_tmp_space.db
2024-04-30T20:08:51,835  INFO [main] sqlstd.SQLStdHiveAccessController: Created SQLStdHiveAccessController for session context : HiveAuthzSessionContext [sessionString=70a3dc31-0a03-4ee6-bc6f-5dbaa41e5a7a, clientType=HIVESERVER2]
2024-04-30T20:08:51,836  INFO [main] metastore.HiveMetaStoreClient: HMS client filtering is enabled.
2024-04-30T20:08:51,836  INFO [main] metastore.HMSHandler: 0: Opening raw store with implementation class:org.apache.hadoop.hive.metastore.ObjectStore
2024-04-30T20:08:51,836  INFO [main] metastore.PersistenceManagerProvider: Configuration datanucleus.autoStartMechanismMode is not set. Defaulting to 'ignored'
2024-04-30T20:08:51,837  INFO [main] metastore.ObjectStore: RawStore: org.apache.hadoop.hive.metastore.ObjectStore@4153a832, with PersistenceManager: null will be shutdown
2024-04-30T20:08:51,837  INFO [main] metastore.ObjectStore: RawStore: org.apache.hadoop.hive.metastore.ObjectStore@4153a832, with PersistenceManager: org.datanucleus.api.jdo.JDOPersistenceManager@4a2dbcfc created in the thread with id: 1
2024-04-30T20:08:51,838  INFO [main] metastore.HMSHandler: Created RawStore: org.apache.hadoop.hive.metastore.ObjectStore@4153a832 from thread id: 1
2024-04-30T20:08:51,838  INFO [main] metastore.HMSHandler: HMS server filtering is disabled by configuration
2024-04-30T20:08:51,839  INFO [main] metastore.RetryingMetaStoreClient: RetryingMetaStoreClient proxy=class org.apache.hadoop.hive.ql.metadata.SessionHiveMetaStoreClient ugi=alex (auth:SIMPLE) retries=1 delay=1 lifetime=0
2024-04-30T20:08:51,839  INFO [main] service.CompositeService: Operation log root directory is created: /home/alex/Repositories/hive/beeline/target/tmp/alex/operation_logs
2024-04-30T20:08:51,839  INFO [main] service.CompositeService: HiveServer2: Background operation thread pool size: 100
2024-04-30T20:08:51,839  INFO [main] service.CompositeService: HiveServer2: Background operation thread wait queue size: 100
2024-04-30T20:08:51,839  INFO [main] service.CompositeService: HiveServer2: Background operation thread keepalive time: 10 seconds
2024-04-30T20:08:51,839  INFO [main] service.CompositeService: Connections limit are user: 0 ipaddress: 0 user-ipaddress: 0
2024-04-30T20:08:51,840  INFO [main] cleanup.EventualCleanupService: EventualCleanupService started with 10 threads and queue of size 10000
ERROR StatusLogger Log4j2 ConfigurationScheduler attempted to increment scheduled items after start
ERROR StatusLogger Log4j2 ConfigurationScheduler attempted to increment scheduled items after start
2024-04-30T20:08:51,841  INFO [main] service.AbstractService: Service:OperationManager is inited.
2024-04-30T20:08:51,841  INFO [main] service.AbstractService: Service:SessionManager is inited.
2024-04-30T20:08:51,841  INFO [main] service.AbstractService: Service:CLIService is inited.
2024-04-30T20:08:51,841  INFO [main] service.AbstractService: Service:OperationManager is started.
2024-04-30T20:08:51,841  INFO [main] service.AbstractService: Service:SessionManager is started.
2024-04-30T20:08:51,842  INFO [main] service.AbstractService: Service:CLIService is started.
2024-04-30T20:08:51,842  INFO [main] service.AbstractService: Service:ThriftBinaryCLIService is inited.
2024-04-30T20:08:51,842  INFO [main] thrift.ThriftCLIService: Client protocol version: HIVE_CLI_SERVICE_PROTOCOL_V10
2024-04-30T20:08:51,842  INFO [main] thrift.ThriftCLIService: Creating Hive session handle for user [null] from IP null
2024-04-30T20:08:51,842  INFO [main] DependencyResolver: ivysettings.xml file not found in HIVE_HOME or HIVE_CONF_DIR,/home/alex/Repositories/hive/conf/ivysettings.xml will be used
2024-04-30T20:08:51,849  INFO [main] session.SessionState: Created HDFS directory: /tmp/hive/alex/5693f598-ff06-42a8-a9a8-f33fed3a8e6b
2024-04-30T20:08:51,853  INFO [main] session.SessionState: Created local directory: /home/alex/Repositories/hive/beeline/target/tmp/alex/5693f598-ff06-42a8-a9a8-f33fed3a8e6b
2024-04-30T20:08:51,856  INFO [main] session.SessionState: Created HDFS directory: /tmp/hive/alex/5693f598-ff06-42a8-a9a8-f33fed3a8e6b/_tmp_space.db
2024-04-30T20:08:51,856  INFO [main] session.SessionState: Reloading auxiliary JAR files
2024-04-30T20:08:51,856  WARN [main] session.SessionState: Configuration hive.reloadable.aux.jars.path not specified
2024-04-30T20:08:51,856  INFO [main] HiveMetaStore.audit: ugi=alex	ip=unknown-ip-addr	cmd=Cleaning up thread local RawStore...	
2024-04-30T20:08:51,856  INFO [main] metastore.ObjectStore: RawStore: org.apache.hadoop.hive.metastore.ObjectStore@4153a832, with PersistenceManager: org.datanucleus.api.jdo.JDOPersistenceManager@4a2dbcfc will be shutdown
2024-04-30T20:08:51,856  INFO [main] HiveMetaStore.audit: ugi=alex	ip=unknown-ip-addr	cmd=Done cleaning up thread local RawStore	
2024-04-30T20:08:51,856  INFO [main] metastore.HiveMetaStoreClient: Closed a connection to metastore, current connections: -40
2024-04-30T20:08:51,857  INFO [main] session.HiveSessionImpl: Operation log session directory is created: /home/alex/Repositories/hive/beeline/target/tmp/alex/operation_logs/5693f598-ff06-42a8-a9a8-f33fed3a8e6b
2024-04-30T20:08:51,857  INFO [main] service.CompositeService: Session opened, SessionHandle [5693f598-ff06-42a8-a9a8-f33fed3a8e6b], current sessions:1
2024-04-30T20:08:51,857  INFO [main] thrift.ThriftCLIService: Login attempt is successful for user : null
2024-04-30T20:08:51,897  WARN [main] conf.HiveConf: HiveConf of name hive.dummyparam.test.server.specific.config.override does not exist
2024-04-30T20:08:51,897  WARN [main] conf.HiveConf: HiveConf of name hive.dummyparam.test.server.specific.config.hiveserver2site does not exist
2024-04-30T20:08:51,897  WARN [main] conf.HiveConf: HiveConf of name hive.dummyparam.test.server.specific.config.metastoresite does not exist
2024-04-30T20:08:51,898  INFO [5693f598-ff06-42a8-a9a8-f33fed3a8e6b main] session.HiveSessionImpl: executing set
2024-04-30T20:08:51,898  INFO [5693f598-ff06-42a8-a9a8-f33fed3a8e6b main] operation.HiveCommandOperation: Putting temp output to file /home/alex/Repositories/hive/beeline/target/tmp/alex/5693f598-ff06-42a8-a9a8-f33fed3a8e6b4441773547380030929.pipeout and error output to file /home/alex/Repositories/hive/beeline/target/tmp/alex/5693f598-ff06-42a8-a9a8-f33fed3a8e6b8907914847684172257.pipeout
2024-04-30T20:08:51,898  INFO [5693f598-ff06-42a8-a9a8-f33fed3a8e6b main] operation.OperationManager: Adding operation: OperationHandle [opType=EXECUTE_STATEMENT, getHandleIdentifier()=b2165570-5599-47cb-8873-7524492c3751] SessionHandle [5693f598-ff06-42a8-a9a8-f33fed3a8e6b]
2024-04-30T20:08:51,898  INFO [5693f598-ff06-42a8-a9a8-f33fed3a8e6b main] common.LogUtils: Thread context registration is done.
DEBUG StatusLogger Building Plugin[name=filter, class=org.apache.hadoop.hive.ql.log.LogDivertAppender$NameFilter].
DEBUG StatusLogger createFilter(loggingLevel="EXECUTION")
DEBUG StatusLogger Building Plugin[name=layout, class=org.apache.logging.log4j.core.layout.PatternLayout].
DEBUG StatusLogger PatternLayout$Builder(pattern="%-5p : %m%n", PatternSelector=null, Configuration(HiveLog4j2Test), Replace=null, charset="null", alwaysWriteExceptions="null", disableAnsi="null", noConsoleNoAnsi="null", header="null", footer="null")
DEBUG StatusLogger Building Plugin[name=appender, class=org.apache.hadoop.hive.ql.log.HushableRandomAccessFileAppender].
DEBUG StatusLogger createAppender(fileName="/home/alex/Repositories/hive/beeline/target/tmp/alex/operation_logs/5693f598-ff06-42a8-a9a8-f33fed3a8e6b/alex_20240430200851_545c8700-81eb-4896-8d21-6bc2dd2705c5", append="null", name="query-file-appender", immediateFlush="null", bufferSize="null", ignoreExceptions="null", PatternLayout(org.apache.logging.log4j.core.layout.PatternLayout with name PatternLayout), NameFilter(org.apache.hadoop.hive.ql.log.LogDivertAppender$NameFilter with name NameFilter), advertise="null", advertiseURI="null", Configuration(HiveLog4j2Test))
DEBUG StatusLogger Starting RandomAccessFileManager /home/alex/Repositories/hive/beeline/target/tmp/alex/operation_logs/5693f598-ff06-42a8-a9a8-f33fed3a8e6b/alex_20240430200851_545c8700-81eb-4896-8d21-6bc2dd2705c5
DEBUG StatusLogger Building Plugin[name=, class=org.apache.hadoop.hive.ql.log.LogDivertAppenderForTest$TestFilter].
DEBUG StatusLogger createFilter()
DEBUG StatusLogger Building Plugin[name=, class=org.apache.logging.log4j.core.layout.PatternLayout].
DEBUG StatusLogger PatternLayout$Builder(pattern="%-5p : %m%n", PatternSelector=null, Configuration(HiveLog4j2Test), Replace=null, charset="null", alwaysWriteExceptions="null", disableAnsi="null", noConsoleNoAnsi="null", header="null", footer="null")
DEBUG StatusLogger Building Plugin[name=appender, class=org.apache.hadoop.hive.ql.log.HushableRandomAccessFileAppender].
DEBUG StatusLogger createAppender(fileName="/home/alex/Repositories/hive/beeline/target/tmp/alex/operation_logs/5693f598-ff06-42a8-a9a8-f33fed3a8e6b/alex_20240430200851_545c8700-81eb-4896-8d21-6bc2dd2705c5.test", append="null", name="test-query-file-appender", immediateFlush="null", bufferSize="null", ignoreExceptions="null", PatternLayout(org.apache.logging.log4j.core.layout.PatternLayout with name PatternLayout), test-filter(org.apache.hadoop.hive.ql.log.LogDivertAppenderForTest$TestFilter with name test-filter), advertise="null", advertiseURI="null", Configuration(HiveLog4j2Test))
DEBUG StatusLogger Starting RandomAccessFileManager /home/alex/Repositories/hive/beeline/target/tmp/alex/operation_logs/5693f598-ff06-42a8-a9a8-f33fed3a8e6b/alex_20240430200851_545c8700-81eb-4896-8d21-6bc2dd2705c5.test
2024-04-30T20:08:51,901  INFO [5693f598-ff06-42a8-a9a8-f33fed3a8e6b main] operation.HiveCommandOperation: [opType=EXECUTE_STATEMENT, queryId=alex_20240430200851_545c8700-81eb-4896-8d21-6bc2dd2705c5, startTime=1714532931898, sessionId=5693f598-ff06-42a8-a9a8-f33fed3a8e6b, createTime=1714532931842, userName=null, ipAddress=null]
2024-04-30T20:08:51,909  INFO [5693f598-ff06-42a8-a9a8-f33fed3a8e6b main] common.LogUtils: Unregistered logging context.
2024-04-30T20:08:51,911  INFO [5693f598-ff06-42a8-a9a8-f33fed3a8e6b main] operation.OperationManager: Closing operation: OperationHandle [opType=EXECUTE_STATEMENT, getHandleIdentifier()=b2165570-5599-47cb-8873-7524492c3751]
2024-04-30T20:08:51,911  INFO [5693f598-ff06-42a8-a9a8-f33fed3a8e6b main] operation.OperationManager: Removed queryId: alex_20240430200851_545c8700-81eb-4896-8d21-6bc2dd2705c5 corresponding to operation: OperationHandle [opType=EXECUTE_STATEMENT, getHandleIdentifier()=b2165570-5599-47cb-8873-7524492c3751] with tag: null
2024-04-30T20:08:51,912  INFO [5693f598-ff06-42a8-a9a8-f33fed3a8e6b main] operation.HiveCommandOperation: Closing operation log /home/alex/Repositories/hive/beeline/target/tmp/alex/operation_logs/5693f598-ff06-42a8-a9a8-f33fed3a8e6b/alex_20240430200851_545c8700-81eb-4896-8d21-6bc2dd2705c5 without delay
2024-04-30T20:08:51,914  INFO [5693f598-ff06-42a8-a9a8-f33fed3a8e6b main] session.HiveSessionImpl: executing use test
2024-04-30T20:08:51,914  INFO [5693f598-ff06-42a8-a9a8-f33fed3a8e6b main] operation.OperationManager: Adding operation: OperationHandle [opType=EXECUTE_STATEMENT, getHandleIdentifier()=6d61b747-b4b4-4ce6-920b-fca7b75339ae] SessionHandle [5693f598-ff06-42a8-a9a8-f33fed3a8e6b]
2024-04-30T20:08:51,914  INFO [5693f598-ff06-42a8-a9a8-f33fed3a8e6b main] common.LogUtils: Thread context registration is done.
DEBUG StatusLogger Building Plugin[name=filter, class=org.apache.hadoop.hive.ql.log.LogDivertAppender$NameFilter].
DEBUG StatusLogger createFilter(loggingLevel="EXECUTION")
DEBUG StatusLogger Building Plugin[name=layout, class=org.apache.logging.log4j.core.layout.PatternLayout].
DEBUG StatusLogger PatternLayout$Builder(pattern="%-5p : %m%n", PatternSelector=null, Configuration(HiveLog4j2Test), Replace=null, charset="null", alwaysWriteExceptions="null", disableAnsi="null", noConsoleNoAnsi="null", header="null", footer="null")
DEBUG StatusLogger Building Plugin[name=appender, class=org.apache.hadoop.hive.ql.log.HushableRandomAccessFileAppender].
DEBUG StatusLogger createAppender(fileName="/home/alex/Repositories/hive/beeline/target/tmp/alex/operation_logs/5693f598-ff06-42a8-a9a8-f33fed3a8e6b/alex_20240430200851_55741d7b-1d8d-4911-94fa-95d9f7a05d8b", append="null", name="query-file-appender", immediateFlush="null", bufferSize="null", ignoreExceptions="null", PatternLayout(org.apache.logging.log4j.core.layout.PatternLayout with name PatternLayout), NameFilter(org.apache.hadoop.hive.ql.log.LogDivertAppender$NameFilter with name NameFilter), advertise="null", advertiseURI="null", Configuration(HiveLog4j2Test))
DEBUG StatusLogger Starting RandomAccessFileManager /home/alex/Repositories/hive/beeline/target/tmp/alex/operation_logs/5693f598-ff06-42a8-a9a8-f33fed3a8e6b/alex_20240430200851_55741d7b-1d8d-4911-94fa-95d9f7a05d8b
DEBUG StatusLogger Building Plugin[name=, class=org.apache.hadoop.hive.ql.log.LogDivertAppenderForTest$TestFilter].
DEBUG StatusLogger createFilter()
DEBUG StatusLogger Building Plugin[name=, class=org.apache.logging.log4j.core.layout.PatternLayout].
DEBUG StatusLogger PatternLayout$Builder(pattern="%-5p : %m%n", PatternSelector=null, Configuration(HiveLog4j2Test), Replace=null, charset="null", alwaysWriteExceptions="null", disableAnsi="null", noConsoleNoAnsi="null", header="null", footer="null")
DEBUG StatusLogger Building Plugin[name=appender, class=org.apache.hadoop.hive.ql.log.HushableRandomAccessFileAppender].
DEBUG StatusLogger createAppender(fileName="/home/alex/Repositories/hive/beeline/target/tmp/alex/operation_logs/5693f598-ff06-42a8-a9a8-f33fed3a8e6b/alex_20240430200851_55741d7b-1d8d-4911-94fa-95d9f7a05d8b.test", append="null", name="test-query-file-appender", immediateFlush="null", bufferSize="null", ignoreExceptions="null", PatternLayout(org.apache.logging.log4j.core.layout.PatternLayout with name PatternLayout), test-filter(org.apache.hadoop.hive.ql.log.LogDivertAppenderForTest$TestFilter with name test-filter), advertise="null", advertiseURI="null", Configuration(HiveLog4j2Test))
DEBUG StatusLogger Starting RandomAccessFileManager /home/alex/Repositories/hive/beeline/target/tmp/alex/operation_logs/5693f598-ff06-42a8-a9a8-f33fed3a8e6b/alex_20240430200851_55741d7b-1d8d-4911-94fa-95d9f7a05d8b.test
2024-04-30T20:08:51,917  INFO [5693f598-ff06-42a8-a9a8-f33fed3a8e6b main] operation.SQLOperation: [opType=EXECUTE_STATEMENT, queryId=alex_20240430200851_55741d7b-1d8d-4911-94fa-95d9f7a05d8b, startTime=1714532931914, sessionId=5693f598-ff06-42a8-a9a8-f33fed3a8e6b, createTime=1714532931842, userName=null, ipAddress=null]
2024-04-30T20:08:51,918  INFO [5693f598-ff06-42a8-a9a8-f33fed3a8e6b main] ql.Driver: Compiling command(queryId=alex_20240430200851_55741d7b-1d8d-4911-94fa-95d9f7a05d8b): use test
2024-04-30T20:08:51,918  INFO [5693f598-ff06-42a8-a9a8-f33fed3a8e6b main] metastore.HiveMetaStoreClient: HMS client filtering is enabled.
2024-04-30T20:08:51,919  INFO [5693f598-ff06-42a8-a9a8-f33fed3a8e6b main] metastore.HMSHandler: 0: Opening raw store with implementation class:org.apache.hadoop.hive.metastore.ObjectStore
2024-04-30T20:08:51,919  INFO [5693f598-ff06-42a8-a9a8-f33fed3a8e6b main] metastore.PersistenceManagerProvider: Configuration datanucleus.autoStartMechanismMode is not set. Defaulting to 'ignored'
2024-04-30T20:08:51,919  INFO [5693f598-ff06-42a8-a9a8-f33fed3a8e6b main] metastore.ObjectStore: RawStore: org.apache.hadoop.hive.metastore.ObjectStore@57cff804, with PersistenceManager: null will be shutdown
2024-04-30T20:08:51,919  INFO [5693f598-ff06-42a8-a9a8-f33fed3a8e6b main] metastore.ObjectStore: RawStore: org.apache.hadoop.hive.metastore.ObjectStore@57cff804, with PersistenceManager: org.datanucleus.api.jdo.JDOPersistenceManager@2f39b534 created in the thread with id: 1
2024-04-30T20:08:51,921  INFO [5693f598-ff06-42a8-a9a8-f33fed3a8e6b main] metastore.HMSHandler: Created RawStore: org.apache.hadoop.hive.metastore.ObjectStore@57cff804 from thread id: 1
2024-04-30T20:08:51,921  INFO [5693f598-ff06-42a8-a9a8-f33fed3a8e6b main] metastore.HMSHandler: HMS server filtering is disabled by configuration
2024-04-30T20:08:51,921  INFO [5693f598-ff06-42a8-a9a8-f33fed3a8e6b main] metastore.RetryingMetaStoreClient: RetryingMetaStoreClient proxy=class org.apache.hadoop.hive.ql.metadata.SessionHiveMetaStoreClient ugi=alex (auth:SIMPLE) retries=1 delay=1 lifetime=0
2024-04-30T20:08:51,922  INFO [5693f598-ff06-42a8-a9a8-f33fed3a8e6b main] HiveMetaStore.audit: ugi=alex	ip=unknown-ip-addr	cmd=get_database: test	
2024-04-30T20:08:51,923  INFO [5693f598-ff06-42a8-a9a8-f33fed3a8e6b main] ql.Driver: Semantic Analysis Completed (retrial = false)
2024-04-30T20:08:51,923  INFO [5693f598-ff06-42a8-a9a8-f33fed3a8e6b main] ql.Driver: Created Hive schema: Schema(fieldSchemas:null, properties:null)
2024-04-30T20:08:51,923  INFO [5693f598-ff06-42a8-a9a8-f33fed3a8e6b main] metadata.Hive: Dumping metastore api call timing information for : compilation phase
2024-04-30T20:08:51,923  INFO [5693f598-ff06-42a8-a9a8-f33fed3a8e6b main] metadata.Hive: Total time spent in each metastore function (ms): {isCompatibleWith_(Configuration)=1, getDatabase_(String)=0, flushCache_()=0}
2024-04-30T20:08:51,923  INFO [5693f598-ff06-42a8-a9a8-f33fed3a8e6b main] ql.Driver: Completed compiling command(queryId=alex_20240430200851_55741d7b-1d8d-4911-94fa-95d9f7a05d8b); Time taken: 0.005 seconds
2024-04-30T20:08:51,923  INFO [5693f598-ff06-42a8-a9a8-f33fed3a8e6b main] common.LogUtils: Unregistered logging context.
2024-04-30T20:08:51,924  INFO [HiveServer2-Background-Pool: Thread-639] common.LogUtils: Thread context registration is done.
2024-04-30T20:08:51,924  INFO [HiveServer2-Background-Pool: Thread-639] reexec.ReExecDriver: Execution #1 of query
2024-04-30T20:08:51,924  INFO [HiveServer2-Background-Pool: Thread-639] ql.Driver: Concurrency mode is disabled, not creating a lock manager
2024-04-30T20:08:51,925  INFO [HiveServer2-Background-Pool: Thread-639] ql.Driver: Executing command(queryId=alex_20240430200851_55741d7b-1d8d-4911-94fa-95d9f7a05d8b): use test
2024-04-30T20:08:51,925  INFO [HiveServer2-Background-Pool: Thread-639] ql.Driver: Starting task [Stage-0:DDL] in serial mode
2024-04-30T20:08:51,926  INFO [HiveServer2-Background-Pool: Thread-639] HiveMetaStore.audit: ugi=alex	ip=unknown-ip-addr	cmd=get_database: test	
2024-04-30T20:08:51,926  INFO [HiveServer2-Background-Pool: Thread-639] metastore.HMSHandler: 28: Opening raw store with implementation class:org.apache.hadoop.hive.metastore.ObjectStore
2024-04-30T20:08:51,927  INFO [HiveServer2-Background-Pool: Thread-639] metastore.ObjectStore: RawStore: org.apache.hadoop.hive.metastore.ObjectStore@3e088707, with PersistenceManager: null will be shutdown
2024-04-30T20:08:51,927  INFO [HiveServer2-Background-Pool: Thread-639] metastore.ObjectStore: RawStore: org.apache.hadoop.hive.metastore.ObjectStore@3e088707, with PersistenceManager: org.datanucleus.api.jdo.JDOPersistenceManager@7b0a0ea2 created in the thread with id: 639
2024-04-30T20:08:51,929  INFO [HiveServer2-Background-Pool: Thread-639] metastore.HMSHandler: Created RawStore: org.apache.hadoop.hive.metastore.ObjectStore@3e088707 from thread id: 639
2024-04-30T20:08:51,930  INFO [HiveServer2-Background-Pool: Thread-639] HiveMetaStore.audit: ugi=alex	ip=unknown-ip-addr	cmd=get_database: test	
2024-04-30T20:08:51,930  INFO [HiveServer2-Background-Pool: Thread-639] metadata.Hive: Dumping metastore api call timing information for : execution phase
2024-04-30T20:08:51,930  INFO [HiveServer2-Background-Pool: Thread-639] metadata.Hive: Total time spent in each metastore function (ms): {isCompatibleWith_(Configuration)=0, getDatabase_(String)=4}
2024-04-30T20:08:51,930  INFO [HiveServer2-Background-Pool: Thread-639] ql.Driver: Completed executing command(queryId=alex_20240430200851_55741d7b-1d8d-4911-94fa-95d9f7a05d8b); Time taken: 0.005 seconds
2024-04-30T20:08:51,931  INFO [HiveServer2-Background-Pool: Thread-639] common.LogUtils: Unregistered logging context.
2024-04-30T20:08:51,938  INFO [5693f598-ff06-42a8-a9a8-f33fed3a8e6b main] operation.OperationManager: Closing operation: OperationHandle [opType=EXECUTE_STATEMENT, getHandleIdentifier()=6d61b747-b4b4-4ce6-920b-fca7b75339ae]
2024-04-30T20:08:51,938  INFO [5693f598-ff06-42a8-a9a8-f33fed3a8e6b main] operation.OperationManager: Removed queryId: alex_20240430200851_55741d7b-1d8d-4911-94fa-95d9f7a05d8b corresponding to operation: OperationHandle [opType=EXECUTE_STATEMENT, getHandleIdentifier()=6d61b747-b4b4-4ce6-920b-fca7b75339ae] with tag: null
2024-04-30T20:08:51,938  INFO [5693f598-ff06-42a8-a9a8-f33fed3a8e6b main] operation.SQLOperation: Closing operation log /home/alex/Repositories/hive/beeline/target/tmp/alex/operation_logs/5693f598-ff06-42a8-a9a8-f33fed3a8e6b/alex_20240430200851_55741d7b-1d8d-4911-94fa-95d9f7a05d8b without delay
2024-04-30T20:08:51,946  INFO [5693f598-ff06-42a8-a9a8-f33fed3a8e6b main] session.HiveSessionImpl: executing set hiveconf:zzz=/home/alex/Repositories/hive/beeline/target/tmp/test3138544996221404403.sql
2024-04-30T20:08:51,947  INFO [5693f598-ff06-42a8-a9a8-f33fed3a8e6b main] operation.HiveCommandOperation: Putting temp output to file /home/alex/Repositories/hive/beeline/target/tmp/alex/5693f598-ff06-42a8-a9a8-f33fed3a8e6b4441773547380030929.pipeout and error output to file /home/alex/Repositories/hive/beeline/target/tmp/alex/5693f598-ff06-42a8-a9a8-f33fed3a8e6b8907914847684172257.pipeout
2024-04-30T20:08:51,947  INFO [5693f598-ff06-42a8-a9a8-f33fed3a8e6b main] operation.OperationManager: Adding operation: OperationHandle [opType=EXECUTE_STATEMENT, getHandleIdentifier()=a81318ae-8962-4aa8-b499-8bf965122d1e] SessionHandle [5693f598-ff06-42a8-a9a8-f33fed3a8e6b]
2024-04-30T20:08:51,947  INFO [5693f598-ff06-42a8-a9a8-f33fed3a8e6b main] common.LogUtils: Thread context registration is done.
DEBUG StatusLogger Building Plugin[name=filter, class=org.apache.hadoop.hive.ql.log.LogDivertAppender$NameFilter].
DEBUG StatusLogger createFilter(loggingLevel="EXECUTION")
DEBUG StatusLogger Building Plugin[name=layout, class=org.apache.logging.log4j.core.layout.PatternLayout].
DEBUG StatusLogger PatternLayout$Builder(pattern="%-5p : %m%n", PatternSelector=null, Configuration(HiveLog4j2Test), Replace=null, charset="null", alwaysWriteExceptions="null", disableAnsi="null", noConsoleNoAnsi="null", header="null", footer="null")
DEBUG StatusLogger Building Plugin[name=appender, class=org.apache.hadoop.hive.ql.log.HushableRandomAccessFileAppender].
DEBUG StatusLogger createAppender(fileName="/home/alex/Repositories/hive/beeline/target/tmp/alex/operation_logs/5693f598-ff06-42a8-a9a8-f33fed3a8e6b/alex_20240430200851_4260b37c-d19b-4c38-b6a7-6ae4ab60f7dd", append="null", name="query-file-appender", immediateFlush="null", bufferSize="null", ignoreExceptions="null", PatternLayout(org.apache.logging.log4j.core.layout.PatternLayout with name PatternLayout), NameFilter(org.apache.hadoop.hive.ql.log.LogDivertAppender$NameFilter with name NameFilter), advertise="null", advertiseURI="null", Configuration(HiveLog4j2Test))
DEBUG StatusLogger Starting RandomAccessFileManager /home/alex/Repositories/hive/beeline/target/tmp/alex/operation_logs/5693f598-ff06-42a8-a9a8-f33fed3a8e6b/alex_20240430200851_4260b37c-d19b-4c38-b6a7-6ae4ab60f7dd
DEBUG StatusLogger Building Plugin[name=, class=org.apache.hadoop.hive.ql.log.LogDivertAppenderForTest$TestFilter].
DEBUG StatusLogger createFilter()
DEBUG StatusLogger Building Plugin[name=, class=org.apache.logging.log4j.core.layout.PatternLayout].
DEBUG StatusLogger PatternLayout$Builder(pattern="%-5p : %m%n", PatternSelector=null, Configuration(HiveLog4j2Test), Replace=null, charset="null", alwaysWriteExceptions="null", disableAnsi="null", noConsoleNoAnsi="null", header="null", footer="null")
DEBUG StatusLogger Building Plugin[name=appender, class=org.apache.hadoop.hive.ql.log.HushableRandomAccessFileAppender].
DEBUG StatusLogger createAppender(fileName="/home/alex/Repositories/hive/beeline/target/tmp/alex/operation_logs/5693f598-ff06-42a8-a9a8-f33fed3a8e6b/alex_20240430200851_4260b37c-d19b-4c38-b6a7-6ae4ab60f7dd.test", append="null", name="test-query-file-appender", immediateFlush="null", bufferSize="null", ignoreExceptions="null", PatternLayout(org.apache.logging.log4j.core.layout.PatternLayout with name PatternLayout), test-filter(org.apache.hadoop.hive.ql.log.LogDivertAppenderForTest$TestFilter with name test-filter), advertise="null", advertiseURI="null", Configuration(HiveLog4j2Test))
DEBUG StatusLogger Starting RandomAccessFileManager /home/alex/Repositories/hive/beeline/target/tmp/alex/operation_logs/5693f598-ff06-42a8-a9a8-f33fed3a8e6b/alex_20240430200851_4260b37c-d19b-4c38-b6a7-6ae4ab60f7dd.test
2024-04-30T20:08:51,951  INFO [5693f598-ff06-42a8-a9a8-f33fed3a8e6b main] operation.HiveCommandOperation: [opType=EXECUTE_STATEMENT, queryId=alex_20240430200851_4260b37c-d19b-4c38-b6a7-6ae4ab60f7dd, startTime=1714532931947, sessionId=5693f598-ff06-42a8-a9a8-f33fed3a8e6b, createTime=1714532931842, userName=null, ipAddress=null]
2024-04-30T20:08:51,951  INFO [5693f598-ff06-42a8-a9a8-f33fed3a8e6b main] common.LogUtils: Unregistered logging context.
2024-04-30T20:08:51,953  INFO [5693f598-ff06-42a8-a9a8-f33fed3a8e6b main] operation.OperationManager: Closing operation: OperationHandle [opType=EXECUTE_STATEMENT, getHandleIdentifier()=a81318ae-8962-4aa8-b499-8bf965122d1e]
2024-04-30T20:08:51,953  INFO [5693f598-ff06-42a8-a9a8-f33fed3a8e6b main] operation.OperationManager: Removed queryId: alex_20240430200851_4260b37c-d19b-4c38-b6a7-6ae4ab60f7dd corresponding to operation: OperationHandle [opType=EXECUTE_STATEMENT, getHandleIdentifier()=a81318ae-8962-4aa8-b499-8bf965122d1e] with tag: null
2024-04-30T20:08:51,953  INFO [5693f598-ff06-42a8-a9a8-f33fed3a8e6b main] operation.HiveCommandOperation: Closing operation log /home/alex/Repositories/hive/beeline/target/tmp/alex/operation_logs/5693f598-ff06-42a8-a9a8-f33fed3a8e6b/alex_20240430200851_4260b37c-d19b-4c38-b6a7-6ae4ab60f7dd without delay
2024-04-30T20:08:51,994  WARN [main] conf.HiveConf: HiveConf of name hive.dummyparam.test.server.specific.config.override does not exist
2024-04-30T20:08:51,994  WARN [main] conf.HiveConf: HiveConf of name hive.dummyparam.test.server.specific.config.hiveserver2site does not exist
2024-04-30T20:08:51,994  WARN [main] conf.HiveConf: HiveConf of name hive.dummyparam.test.server.specific.config.metastoresite does not exist
2024-04-30T20:08:51,994  INFO [5693f598-ff06-42a8-a9a8-f33fed3a8e6b main] session.HiveSessionImpl: executing set
2024-04-30T20:08:51,995  INFO [5693f598-ff06-42a8-a9a8-f33fed3a8e6b main] operation.HiveCommandOperation: Putting temp output to file /home/alex/Repositories/hive/beeline/target/tmp/alex/5693f598-ff06-42a8-a9a8-f33fed3a8e6b4441773547380030929.pipeout and error output to file /home/alex/Repositories/hive/beeline/target/tmp/alex/5693f598-ff06-42a8-a9a8-f33fed3a8e6b8907914847684172257.pipeout
2024-04-30T20:08:51,995  INFO [5693f598-ff06-42a8-a9a8-f33fed3a8e6b main] operation.OperationManager: Adding operation: OperationHandle [opType=EXECUTE_STATEMENT, getHandleIdentifier()=c83b6c60-25f3-45a6-996b-38de2f23f5f9] SessionHandle [5693f598-ff06-42a8-a9a8-f33fed3a8e6b]
2024-04-30T20:08:51,995  INFO [5693f598-ff06-42a8-a9a8-f33fed3a8e6b main] common.LogUtils: Thread context registration is done.
DEBUG StatusLogger Building Plugin[name=filter, class=org.apache.hadoop.hive.ql.log.LogDivertAppender$NameFilter].
DEBUG StatusLogger createFilter(loggingLevel="EXECUTION")
DEBUG StatusLogger Building Plugin[name=layout, class=org.apache.logging.log4j.core.layout.PatternLayout].
DEBUG StatusLogger PatternLayout$Builder(pattern="%-5p : %m%n", PatternSelector=null, Configuration(HiveLog4j2Test), Replace=null, charset="null", alwaysWriteExceptions="null", disableAnsi="null", noConsoleNoAnsi="null", header="null", footer="null")
DEBUG StatusLogger Building Plugin[name=appender, class=org.apache.hadoop.hive.ql.log.HushableRandomAccessFileAppender].
DEBUG StatusLogger createAppender(fileName="/home/alex/Repositories/hive/beeline/target/tmp/alex/operation_logs/5693f598-ff06-42a8-a9a8-f33fed3a8e6b/alex_20240430200851_b696750e-12de-4c7c-a2fd-bc6f198d5779", append="null", name="query-file-appender", immediateFlush="null", bufferSize="null", ignoreExceptions="null", PatternLayout(org.apache.logging.log4j.core.layout.PatternLayout with name PatternLayout), NameFilter(org.apache.hadoop.hive.ql.log.LogDivertAppender$NameFilter with name NameFilter), advertise="null", advertiseURI="null", Configuration(HiveLog4j2Test))
DEBUG StatusLogger Starting RandomAccessFileManager /home/alex/Repositories/hive/beeline/target/tmp/alex/operation_logs/5693f598-ff06-42a8-a9a8-f33fed3a8e6b/alex_20240430200851_b696750e-12de-4c7c-a2fd-bc6f198d5779
DEBUG StatusLogger Building Plugin[name=, class=org.apache.hadoop.hive.ql.log.LogDivertAppenderForTest$TestFilter].
DEBUG StatusLogger createFilter()
DEBUG StatusLogger Building Plugin[name=, class=org.apache.logging.log4j.core.layout.PatternLayout].
DEBUG StatusLogger PatternLayout$Builder(pattern="%-5p : %m%n", PatternSelector=null, Configuration(HiveLog4j2Test), Replace=null, charset="null", alwaysWriteExceptions="null", disableAnsi="null", noConsoleNoAnsi="null", header="null", footer="null")
DEBUG StatusLogger Building Plugin[name=appender, class=org.apache.hadoop.hive.ql.log.HushableRandomAccessFileAppender].
DEBUG StatusLogger createAppender(fileName="/home/alex/Repositories/hive/beeline/target/tmp/alex/operation_logs/5693f598-ff06-42a8-a9a8-f33fed3a8e6b/alex_20240430200851_b696750e-12de-4c7c-a2fd-bc6f198d5779.test", append="null", name="test-query-file-appender", immediateFlush="null", bufferSize="null", ignoreExceptions="null", PatternLayout(org.apache.logging.log4j.core.layout.PatternLayout with name PatternLayout), test-filter(org.apache.hadoop.hive.ql.log.LogDivertAppenderForTest$TestFilter with name test-filter), advertise="null", advertiseURI="null", Configuration(HiveLog4j2Test))
DEBUG StatusLogger Starting RandomAccessFileManager /home/alex/Repositories/hive/beeline/target/tmp/alex/operation_logs/5693f598-ff06-42a8-a9a8-f33fed3a8e6b/alex_20240430200851_b696750e-12de-4c7c-a2fd-bc6f198d5779.test
2024-04-30T20:08:51,998  INFO [5693f598-ff06-42a8-a9a8-f33fed3a8e6b main] operation.HiveCommandOperation: [opType=EXECUTE_STATEMENT, queryId=alex_20240430200851_b696750e-12de-4c7c-a2fd-bc6f198d5779, startTime=1714532931994, sessionId=5693f598-ff06-42a8-a9a8-f33fed3a8e6b, createTime=1714532931842, userName=null, ipAddress=null]
2024-04-30T20:08:52,006  INFO [5693f598-ff06-42a8-a9a8-f33fed3a8e6b main] common.LogUtils: Unregistered logging context.
2024-04-30T20:08:52,008  INFO [5693f598-ff06-42a8-a9a8-f33fed3a8e6b main] operation.OperationManager: Closing operation: OperationHandle [opType=EXECUTE_STATEMENT, getHandleIdentifier()=c83b6c60-25f3-45a6-996b-38de2f23f5f9]
2024-04-30T20:08:52,008  INFO [5693f598-ff06-42a8-a9a8-f33fed3a8e6b main] operation.OperationManager: Removed queryId: alex_20240430200851_b696750e-12de-4c7c-a2fd-bc6f198d5779 corresponding to operation: OperationHandle [opType=EXECUTE_STATEMENT, getHandleIdentifier()=c83b6c60-25f3-45a6-996b-38de2f23f5f9] with tag: null
2024-04-30T20:08:52,008  INFO [5693f598-ff06-42a8-a9a8-f33fed3a8e6b main] operation.HiveCommandOperation: Closing operation log /home/alex/Repositories/hive/beeline/target/tmp/alex/operation_logs/5693f598-ff06-42a8-a9a8-f33fed3a8e6b/alex_20240430200851_b696750e-12de-4c7c-a2fd-bc6f198d5779 without delay
2024-04-30T20:08:52,055  WARN [main] conf.HiveConf: HiveConf of name hive.dummyparam.test.server.specific.config.override does not exist
2024-04-30T20:08:52,056  WARN [main] conf.HiveConf: HiveConf of name hive.dummyparam.test.server.specific.config.hiveserver2site does not exist
2024-04-30T20:08:52,056  WARN [main] conf.HiveConf: HiveConf of name hive.dummyparam.test.server.specific.config.metastoresite does not exist
2024-04-30T20:08:52,056  INFO [5693f598-ff06-42a8-a9a8-f33fed3a8e6b main] session.HiveSessionImpl: executing set
2024-04-30T20:08:52,057  INFO [5693f598-ff06-42a8-a9a8-f33fed3a8e6b main] operation.HiveCommandOperation: Putting temp output to file /home/alex/Repositories/hive/beeline/target/tmp/alex/5693f598-ff06-42a8-a9a8-f33fed3a8e6b4441773547380030929.pipeout and error output to file /home/alex/Repositories/hive/beeline/target/tmp/alex/5693f598-ff06-42a8-a9a8-f33fed3a8e6b8907914847684172257.pipeout
2024-04-30T20:08:52,057  INFO [5693f598-ff06-42a8-a9a8-f33fed3a8e6b main] operation.OperationManager: Adding operation: OperationHandle [opType=EXECUTE_STATEMENT, getHandleIdentifier()=23cdfb2e-9435-47bd-97ec-70b901fd3ec1] SessionHandle [5693f598-ff06-42a8-a9a8-f33fed3a8e6b]
2024-04-30T20:08:52,057  INFO [5693f598-ff06-42a8-a9a8-f33fed3a8e6b main] common.LogUtils: Thread context registration is done.
DEBUG StatusLogger Building Plugin[name=filter, class=org.apache.hadoop.hive.ql.log.LogDivertAppender$NameFilter].
DEBUG StatusLogger createFilter(loggingLevel="EXECUTION")
DEBUG StatusLogger Building Plugin[name=layout, class=org.apache.logging.log4j.core.layout.PatternLayout].
DEBUG StatusLogger PatternLayout$Builder(pattern="%-5p : %m%n", PatternSelector=null, Configuration(HiveLog4j2Test), Replace=null, charset="null", alwaysWriteExceptions="null", disableAnsi="null", noConsoleNoAnsi="null", header="null", footer="null")
DEBUG StatusLogger Building Plugin[name=appender, class=org.apache.hadoop.hive.ql.log.HushableRandomAccessFileAppender].
DEBUG StatusLogger createAppender(fileName="/home/alex/Repositories/hive/beeline/target/tmp/alex/operation_logs/5693f598-ff06-42a8-a9a8-f33fed3a8e6b/alex_20240430200852_ee63bf4f-1a81-4808-88eb-06e18e3fb663", append="null", name="query-file-appender", immediateFlush="null", bufferSize="null", ignoreExceptions="null", PatternLayout(org.apache.logging.log4j.core.layout.PatternLayout with name PatternLayout), NameFilter(org.apache.hadoop.hive.ql.log.LogDivertAppender$NameFilter with name NameFilter), advertise="null", advertiseURI="null", Configuration(HiveLog4j2Test))
DEBUG StatusLogger Starting RandomAccessFileManager /home/alex/Repositories/hive/beeline/target/tmp/alex/operation_logs/5693f598-ff06-42a8-a9a8-f33fed3a8e6b/alex_20240430200852_ee63bf4f-1a81-4808-88eb-06e18e3fb663
DEBUG StatusLogger Building Plugin[name=, class=org.apache.hadoop.hive.ql.log.LogDivertAppenderForTest$TestFilter].
DEBUG StatusLogger createFilter()
DEBUG StatusLogger Building Plugin[name=, class=org.apache.logging.log4j.core.layout.PatternLayout].
DEBUG StatusLogger PatternLayout$Builder(pattern="%-5p : %m%n", PatternSelector=null, Configuration(HiveLog4j2Test), Replace=null, charset="null", alwaysWriteExceptions="null", disableAnsi="null", noConsoleNoAnsi="null", header="null", footer="null")
DEBUG StatusLogger Building Plugin[name=appender, class=org.apache.hadoop.hive.ql.log.HushableRandomAccessFileAppender].
DEBUG StatusLogger createAppender(fileName="/home/alex/Repositories/hive/beeline/target/tmp/alex/operation_logs/5693f598-ff06-42a8-a9a8-f33fed3a8e6b/alex_20240430200852_ee63bf4f-1a81-4808-88eb-06e18e3fb663.test", append="null", name="test-query-file-appender", immediateFlush="null", bufferSize="null", ignoreExceptions="null", PatternLayout(org.apache.logging.log4j.core.layout.PatternLayout with name PatternLayout), test-filter(org.apache.hadoop.hive.ql.log.LogDivertAppenderForTest$TestFilter with name test-filter), advertise="null", advertiseURI="null", Configuration(HiveLog4j2Test))
DEBUG StatusLogger Starting RandomAccessFileManager /home/alex/Repositories/hive/beeline/target/tmp/alex/operation_logs/5693f598-ff06-42a8-a9a8-f33fed3a8e6b/alex_20240430200852_ee63bf4f-1a81-4808-88eb-06e18e3fb663.test
2024-04-30T20:08:52,061  INFO [5693f598-ff06-42a8-a9a8-f33fed3a8e6b main] operation.HiveCommandOperation: [opType=EXECUTE_STATEMENT, queryId=alex_20240430200852_ee63bf4f-1a81-4808-88eb-06e18e3fb663, startTime=1714532932056, sessionId=5693f598-ff06-42a8-a9a8-f33fed3a8e6b, createTime=1714532931842, userName=null, ipAddress=null]
2024-04-30T20:08:52,069  INFO [5693f598-ff06-42a8-a9a8-f33fed3a8e6b main] common.LogUtils: Unregistered logging context.
2024-04-30T20:08:52,072  INFO [5693f598-ff06-42a8-a9a8-f33fed3a8e6b main] operation.OperationManager: Closing operation: OperationHandle [opType=EXECUTE_STATEMENT, getHandleIdentifier()=23cdfb2e-9435-47bd-97ec-70b901fd3ec1]
2024-04-30T20:08:52,073  INFO [5693f598-ff06-42a8-a9a8-f33fed3a8e6b main] operation.OperationManager: Removed queryId: alex_20240430200852_ee63bf4f-1a81-4808-88eb-06e18e3fb663 corresponding to operation: OperationHandle [opType=EXECUTE_STATEMENT, getHandleIdentifier()=23cdfb2e-9435-47bd-97ec-70b901fd3ec1] with tag: null
2024-04-30T20:08:52,073  INFO [5693f598-ff06-42a8-a9a8-f33fed3a8e6b main] operation.HiveCommandOperation: Closing operation log /home/alex/Repositories/hive/beeline/target/tmp/alex/operation_logs/5693f598-ff06-42a8-a9a8-f33fed3a8e6b/alex_20240430200852_ee63bf4f-1a81-4808-88eb-06e18e3fb663 without delay
2024-04-30T20:08:52,074  INFO [5693f598-ff06-42a8-a9a8-f33fed3a8e6b main] session.HiveSessionImpl: executing create table if not exists test.testSrcTbl2(sc2 string)
2024-04-30T20:08:52,075  INFO [5693f598-ff06-42a8-a9a8-f33fed3a8e6b main] operation.OperationManager: Adding operation: OperationHandle [opType=EXECUTE_STATEMENT, getHandleIdentifier()=56a8e7f9-be20-4e51-a586-fa942168412a] SessionHandle [5693f598-ff06-42a8-a9a8-f33fed3a8e6b]
2024-04-30T20:08:52,075  INFO [5693f598-ff06-42a8-a9a8-f33fed3a8e6b main] common.LogUtils: Thread context registration is done.
DEBUG StatusLogger Building Plugin[name=filter, class=org.apache.hadoop.hive.ql.log.LogDivertAppender$NameFilter].
DEBUG StatusLogger createFilter(loggingLevel="EXECUTION")
DEBUG StatusLogger Building Plugin[name=layout, class=org.apache.logging.log4j.core.layout.PatternLayout].
DEBUG StatusLogger PatternLayout$Builder(pattern="%-5p : %m%n", PatternSelector=null, Configuration(HiveLog4j2Test), Replace=null, charset="null", alwaysWriteExceptions="null", disableAnsi="null", noConsoleNoAnsi="null", header="null", footer="null")
DEBUG StatusLogger Building Plugin[name=appender, class=org.apache.hadoop.hive.ql.log.HushableRandomAccessFileAppender].
DEBUG StatusLogger createAppender(fileName="/home/alex/Repositories/hive/beeline/target/tmp/alex/operation_logs/5693f598-ff06-42a8-a9a8-f33fed3a8e6b/alex_20240430200852_f0198b92-6cbb-4e4c-a565-33ec9ac15b26", append="null", name="query-file-appender", immediateFlush="null", bufferSize="null", ignoreExceptions="null", PatternLayout(org.apache.logging.log4j.core.layout.PatternLayout with name PatternLayout), NameFilter(org.apache.hadoop.hive.ql.log.LogDivertAppender$NameFilter with name NameFilter), advertise="null", advertiseURI="null", Configuration(HiveLog4j2Test))
DEBUG StatusLogger Starting RandomAccessFileManager /home/alex/Repositories/hive/beeline/target/tmp/alex/operation_logs/5693f598-ff06-42a8-a9a8-f33fed3a8e6b/alex_20240430200852_f0198b92-6cbb-4e4c-a565-33ec9ac15b26
DEBUG StatusLogger Building Plugin[name=, class=org.apache.hadoop.hive.ql.log.LogDivertAppenderForTest$TestFilter].
DEBUG StatusLogger createFilter()
DEBUG StatusLogger Building Plugin[name=, class=org.apache.logging.log4j.core.layout.PatternLayout].
DEBUG StatusLogger PatternLayout$Builder(pattern="%-5p : %m%n", PatternSelector=null, Configuration(HiveLog4j2Test), Replace=null, charset="null", alwaysWriteExceptions="null", disableAnsi="null", noConsoleNoAnsi="null", header="null", footer="null")
DEBUG StatusLogger Building Plugin[name=appender, class=org.apache.hadoop.hive.ql.log.HushableRandomAccessFileAppender].
DEBUG StatusLogger createAppender(fileName="/home/alex/Repositories/hive/beeline/target/tmp/alex/operation_logs/5693f598-ff06-42a8-a9a8-f33fed3a8e6b/alex_20240430200852_f0198b92-6cbb-4e4c-a565-33ec9ac15b26.test", append="null", name="test-query-file-appender", immediateFlush="null", bufferSize="null", ignoreExceptions="null", PatternLayout(org.apache.logging.log4j.core.layout.PatternLayout with name PatternLayout), test-filter(org.apache.hadoop.hive.ql.log.LogDivertAppenderForTest$TestFilter with name test-filter), advertise="null", advertiseURI="null", Configuration(HiveLog4j2Test))
DEBUG StatusLogger Starting RandomAccessFileManager /home/alex/Repositories/hive/beeline/target/tmp/alex/operation_logs/5693f598-ff06-42a8-a9a8-f33fed3a8e6b/alex_20240430200852_f0198b92-6cbb-4e4c-a565-33ec9ac15b26.test
2024-04-30T20:08:52,079  INFO [5693f598-ff06-42a8-a9a8-f33fed3a8e6b main] operation.SQLOperation: [opType=EXECUTE_STATEMENT, queryId=alex_20240430200852_f0198b92-6cbb-4e4c-a565-33ec9ac15b26, startTime=1714532932075, sessionId=5693f598-ff06-42a8-a9a8-f33fed3a8e6b, createTime=1714532931842, userName=null, ipAddress=null]
2024-04-30T20:08:52,079  INFO [5693f598-ff06-42a8-a9a8-f33fed3a8e6b main] ql.Driver: Compiling command(queryId=alex_20240430200852_f0198b92-6cbb-4e4c-a565-33ec9ac15b26): create table if not exists test.testSrcTbl2(sc2 string)
2024-04-30T20:08:52,080  INFO [5693f598-ff06-42a8-a9a8-f33fed3a8e6b main] parse.CalcitePlanner: Starting caching scope for: alex_20240430200852_f0198b92-6cbb-4e4c-a565-33ec9ac15b26
2024-04-30T20:08:52,081  INFO [5693f598-ff06-42a8-a9a8-f33fed3a8e6b main] parse.CalcitePlanner: Starting Semantic Analysis
2024-04-30T20:08:52,081  INFO [5693f598-ff06-42a8-a9a8-f33fed3a8e6b main] sqlstd.SQLStdHiveAccessController: Created SQLStdHiveAccessController for session context : HiveAuthzSessionContext [sessionString=5693f598-ff06-42a8-a9a8-f33fed3a8e6b, clientType=HIVESERVER2]
2024-04-30T20:08:52,081  INFO [5693f598-ff06-42a8-a9a8-f33fed3a8e6b main] parse.CalcitePlanner: Creating table test.testSrcTbl2 position=27
2024-04-30T20:08:52,081  INFO [5693f598-ff06-42a8-a9a8-f33fed3a8e6b main] HiveMetaStore.audit: ugi=alex	ip=unknown-ip-addr	cmd=get_table : tbl=hive.test.testSrcTbl2	
2024-04-30T20:08:52,082  INFO [5693f598-ff06-42a8-a9a8-f33fed3a8e6b main] HiveMetaStore.audit: ugi=alex	ip=unknown-ip-addr	cmd=get_database: test	
2024-04-30T20:08:52,083  INFO [5693f598-ff06-42a8-a9a8-f33fed3a8e6b main] parse.CalcitePlanner: Ending caching scope for: alex_20240430200852_f0198b92-6cbb-4e4c-a565-33ec9ac15b26
2024-04-30T20:08:52,083  INFO [5693f598-ff06-42a8-a9a8-f33fed3a8e6b main] ql.Driver: Semantic Analysis Completed (retrial = false)
2024-04-30T20:08:52,083  INFO [5693f598-ff06-42a8-a9a8-f33fed3a8e6b main] ql.Driver: Created Hive schema: Schema(fieldSchemas:null, properties:null)
2024-04-30T20:08:52,083  INFO [5693f598-ff06-42a8-a9a8-f33fed3a8e6b main] metadata.Hive: Dumping metastore api call timing information for : compilation phase
2024-04-30T20:08:52,083  INFO [5693f598-ff06-42a8-a9a8-f33fed3a8e6b main] metadata.Hive: Total time spent in each metastore function (ms): {isCompatibleWith_(Configuration)=0, getDatabase_(String)=1, flushCache_()=0}
2024-04-30T20:08:52,083  INFO [5693f598-ff06-42a8-a9a8-f33fed3a8e6b main] ql.Driver: Completed compiling command(queryId=alex_20240430200852_f0198b92-6cbb-4e4c-a565-33ec9ac15b26); Time taken: 0.004 seconds
2024-04-30T20:08:52,084  INFO [5693f598-ff06-42a8-a9a8-f33fed3a8e6b main] common.LogUtils: Unregistered logging context.
2024-04-30T20:08:52,084  INFO [HiveServer2-Background-Pool: Thread-643] common.LogUtils: Thread context registration is done.
2024-04-30T20:08:52,084  INFO [HiveServer2-Background-Pool: Thread-643] reexec.ReExecDriver: Execution #1 of query
2024-04-30T20:08:52,085  INFO [HiveServer2-Background-Pool: Thread-643] ql.Driver: Concurrency mode is disabled, not creating a lock manager
2024-04-30T20:08:52,085  INFO [HiveServer2-Background-Pool: Thread-643] ql.Driver: Executing command(queryId=alex_20240430200852_f0198b92-6cbb-4e4c-a565-33ec9ac15b26): create table if not exists test.testSrcTbl2(sc2 string)
2024-04-30T20:08:52,085  INFO [HiveServer2-Background-Pool: Thread-643] ql.Driver: Starting task [Stage-0:DDL] in serial mode
2024-04-30T20:08:52,087  INFO [HiveServer2-Background-Pool: Thread-643] HiveMetaStore.audit: ugi=alex	ip=unknown-ip-addr	cmd=create_table_req: Table(tableName:testSrcTbl2, dbName:test, owner:alex, createTime:1714532932, lastAccessTime:0, retention:0, sd:StorageDescriptor(cols:[FieldSchema(name:sc2, type:string, comment:null)], location:null, inputFormat:org.apache.hadoop.mapred.TextInputFormat, outputFormat:org.apache.hadoop.hive.ql.io.HiveIgnoreKeyTextOutputFormat, compressed:false, numBuckets:-1, serdeInfo:SerDeInfo(name:null, serializationLib:org.apache.hadoop.hive.serde2.lazy.LazySimpleSerDe, parameters:{serialization.format=1}), bucketCols:[], sortCols:[], parameters:{}, skewedInfo:SkewedInfo(skewedColNames:[], skewedColValues:[], skewedColValueLocationMaps:{}), storedAsSubDirectories:false), partitionKeys:[], parameters:{totalSize=0, numRows=0, rawDataSize=0, COLUMN_STATS_ACCURATE={"BASIC_STATS":"true","COLUMN_STATS":{"sc2":"true"}}, numFiles=0, bucketing_version=2, numFilesErasureCoded=0}, viewOriginalText:null, viewExpandedText:null, tableType:MANAGED_TABLE, privileges:PrincipalPrivilegeSet(userPrivileges:{alex=[PrivilegeGrantInfo(privilege:INSERT, createTime:-1, grantor:alex, grantorType:USER, grantOption:true), PrivilegeGrantInfo(privilege:SELECT, createTime:-1, grantor:alex, grantorType:USER, grantOption:true), PrivilegeGrantInfo(privilege:UPDATE, createTime:-1, grantor:alex, grantorType:USER, grantOption:true), PrivilegeGrantInfo(privilege:DELETE, createTime:-1, grantor:alex, grantorType:USER, grantOption:true)]}, groupPrivileges:null, rolePrivileges:null), temporary:false, catName:hive, ownerType:USER)	
2024-04-30T20:08:52,087  INFO [HiveServer2-Background-Pool: Thread-643] metastore.HMSHandler: 29: Opening raw store with implementation class:org.apache.hadoop.hive.metastore.ObjectStore
2024-04-30T20:08:52,088  INFO [HiveServer2-Background-Pool: Thread-643] metastore.ObjectStore: RawStore: org.apache.hadoop.hive.metastore.ObjectStore@3e33b84a, with PersistenceManager: null will be shutdown
2024-04-30T20:08:52,088  INFO [HiveServer2-Background-Pool: Thread-643] metastore.ObjectStore: RawStore: org.apache.hadoop.hive.metastore.ObjectStore@3e33b84a, with PersistenceManager: org.datanucleus.api.jdo.JDOPersistenceManager@5d07526 created in the thread with id: 643
2024-04-30T20:08:52,090  INFO [HiveServer2-Background-Pool: Thread-643] metastore.HMSHandler: Created RawStore: org.apache.hadoop.hive.metastore.ObjectStore@3e33b84a from thread id: 643
2024-04-30T20:08:52,091  INFO [HiveServer2-Background-Pool: Thread-643] utils.FileUtils: Creating directory if it doesn't exist: file:/home/alex/Repositories/hive/beeline/target/tmp/warehouse/test.db/testsrctbl2
2024-04-30T20:08:52,121  INFO [HiveServer2-Background-Pool: Thread-643] metadata.Hive: Dumping metastore api call timing information for : execution phase
2024-04-30T20:08:52,121  INFO [HiveServer2-Background-Pool: Thread-643] metadata.Hive: Total time spent in each metastore function (ms): {isCompatibleWith_(Configuration)=0, createTable_(Table)=35}
2024-04-30T20:08:52,121  INFO [HiveServer2-Background-Pool: Thread-643] ql.Driver: Completed executing command(queryId=alex_20240430200852_f0198b92-6cbb-4e4c-a565-33ec9ac15b26); Time taken: 0.036 seconds
2024-04-30T20:08:52,122  INFO [HiveServer2-Background-Pool: Thread-643] common.LogUtils: Unregistered logging context.
2024-04-30T20:08:52,123  INFO [5693f598-ff06-42a8-a9a8-f33fed3a8e6b main] operation.OperationManager: Closing operation: OperationHandle [opType=EXECUTE_STATEMENT, getHandleIdentifier()=56a8e7f9-be20-4e51-a586-fa942168412a]
2024-04-30T20:08:52,123  INFO [5693f598-ff06-42a8-a9a8-f33fed3a8e6b main] operation.OperationManager: Removed queryId: alex_20240430200852_f0198b92-6cbb-4e4c-a565-33ec9ac15b26 corresponding to operation: OperationHandle [opType=EXECUTE_STATEMENT, getHandleIdentifier()=56a8e7f9-be20-4e51-a586-fa942168412a] with tag: null
2024-04-30T20:08:52,123  INFO [5693f598-ff06-42a8-a9a8-f33fed3a8e6b main] operation.SQLOperation: Closing operation log /home/alex/Repositories/hive/beeline/target/tmp/alex/operation_logs/5693f598-ff06-42a8-a9a8-f33fed3a8e6b/alex_20240430200852_f0198b92-6cbb-4e4c-a565-33ec9ac15b26 without delay
2024-04-30T20:08:52,128  INFO [5693f598-ff06-42a8-a9a8-f33fed3a8e6b main] session.HiveSessionImpl: executing desc testSrcTbl2
2024-04-30T20:08:52,128  INFO [5693f598-ff06-42a8-a9a8-f33fed3a8e6b main] operation.OperationManager: Adding operation: OperationHandle [opType=EXECUTE_STATEMENT, getHandleIdentifier()=6f38b202-3afe-4f17-bba8-29008985e7b2] SessionHandle [5693f598-ff06-42a8-a9a8-f33fed3a8e6b]
2024-04-30T20:08:52,128  INFO [5693f598-ff06-42a8-a9a8-f33fed3a8e6b main] common.LogUtils: Thread context registration is done.
DEBUG StatusLogger Building Plugin[name=filter, class=org.apache.hadoop.hive.ql.log.LogDivertAppender$NameFilter].
DEBUG StatusLogger createFilter(loggingLevel="EXECUTION")
DEBUG StatusLogger Building Plugin[name=layout, class=org.apache.logging.log4j.core.layout.PatternLayout].
DEBUG StatusLogger PatternLayout$Builder(pattern="%-5p : %m%n", PatternSelector=null, Configuration(HiveLog4j2Test), Replace=null, charset="null", alwaysWriteExceptions="null", disableAnsi="null", noConsoleNoAnsi="null", header="null", footer="null")
DEBUG StatusLogger Building Plugin[name=appender, class=org.apache.hadoop.hive.ql.log.HushableRandomAccessFileAppender].
DEBUG StatusLogger createAppender(fileName="/home/alex/Repositories/hive/beeline/target/tmp/alex/operation_logs/5693f598-ff06-42a8-a9a8-f33fed3a8e6b/alex_20240430200852_564740f8-3a7a-483f-9d27-ca3f92ec0e95", append="null", name="query-file-appender", immediateFlush="null", bufferSize="null", ignoreExceptions="null", PatternLayout(org.apache.logging.log4j.core.layout.PatternLayout with name PatternLayout), NameFilter(org.apache.hadoop.hive.ql.log.LogDivertAppender$NameFilter with name NameFilter), advertise="null", advertiseURI="null", Configuration(HiveLog4j2Test))
DEBUG StatusLogger Starting RandomAccessFileManager /home/alex/Repositories/hive/beeline/target/tmp/alex/operation_logs/5693f598-ff06-42a8-a9a8-f33fed3a8e6b/alex_20240430200852_564740f8-3a7a-483f-9d27-ca3f92ec0e95
DEBUG StatusLogger Building Plugin[name=, class=org.apache.hadoop.hive.ql.log.LogDivertAppenderForTest$TestFilter].
DEBUG StatusLogger createFilter()
DEBUG StatusLogger Building Plugin[name=, class=org.apache.logging.log4j.core.layout.PatternLayout].
DEBUG StatusLogger PatternLayout$Builder(pattern="%-5p : %m%n", PatternSelector=null, Configuration(HiveLog4j2Test), Replace=null, charset="null", alwaysWriteExceptions="null", disableAnsi="null", noConsoleNoAnsi="null", header="null", footer="null")
DEBUG StatusLogger Building Plugin[name=appender, class=org.apache.hadoop.hive.ql.log.HushableRandomAccessFileAppender].
DEBUG StatusLogger createAppender(fileName="/home/alex/Repositories/hive/beeline/target/tmp/alex/operation_logs/5693f598-ff06-42a8-a9a8-f33fed3a8e6b/alex_20240430200852_564740f8-3a7a-483f-9d27-ca3f92ec0e95.test", append="null", name="test-query-file-appender", immediateFlush="null", bufferSize="null", ignoreExceptions="null", PatternLayout(org.apache.logging.log4j.core.layout.PatternLayout with name PatternLayout), test-filter(org.apache.hadoop.hive.ql.log.LogDivertAppenderForTest$TestFilter with name test-filter), advertise="null", advertiseURI="null", Configuration(HiveLog4j2Test))
DEBUG StatusLogger Starting RandomAccessFileManager /home/alex/Repositories/hive/beeline/target/tmp/alex/operation_logs/5693f598-ff06-42a8-a9a8-f33fed3a8e6b/alex_20240430200852_564740f8-3a7a-483f-9d27-ca3f92ec0e95.test
2024-04-30T20:08:52,131  INFO [5693f598-ff06-42a8-a9a8-f33fed3a8e6b main] operation.SQLOperation: [opType=EXECUTE_STATEMENT, queryId=alex_20240430200852_564740f8-3a7a-483f-9d27-ca3f92ec0e95, startTime=1714532932128, sessionId=5693f598-ff06-42a8-a9a8-f33fed3a8e6b, createTime=1714532931842, userName=null, ipAddress=null]
2024-04-30T20:08:52,132  INFO [5693f598-ff06-42a8-a9a8-f33fed3a8e6b main] ql.Driver: Compiling command(queryId=alex_20240430200852_564740f8-3a7a-483f-9d27-ca3f92ec0e95): desc testSrcTbl2
2024-04-30T20:08:52,136  INFO [5693f598-ff06-42a8-a9a8-f33fed3a8e6b main] HiveMetaStore.audit: ugi=alex	ip=unknown-ip-addr	cmd=get_database: test	
2024-04-30T20:08:52,138  INFO [5693f598-ff06-42a8-a9a8-f33fed3a8e6b main] HiveMetaStore.audit: ugi=alex	ip=unknown-ip-addr	cmd=get_table : tbl=hive.test.testSrcTbl2	
2024-04-30T20:08:52,233  INFO [5693f598-ff06-42a8-a9a8-f33fed3a8e6b main] ql.Driver: Semantic Analysis Completed (retrial = false)
2024-04-30T20:08:52,234  INFO [5693f598-ff06-42a8-a9a8-f33fed3a8e6b main] ql.Driver: Created Hive schema: Schema(fieldSchemas:[FieldSchema(name:col_name, type:string, comment:from deserializer), FieldSchema(name:data_type, type:string, comment:from deserializer), FieldSchema(name:comment, type:string, comment:from deserializer)], properties:null)
2024-04-30T20:08:52,234  INFO [5693f598-ff06-42a8-a9a8-f33fed3a8e6b main] exec.ListSinkOperator: Initializing Operator: LIST_SINK[0]
2024-04-30T20:08:52,235  INFO [5693f598-ff06-42a8-a9a8-f33fed3a8e6b main] metadata.Hive: Dumping metastore api call timing information for : compilation phase
2024-04-30T20:08:52,235  INFO [5693f598-ff06-42a8-a9a8-f33fed3a8e6b main] metadata.Hive: Total time spent in each metastore function (ms): {isCompatibleWith_(Configuration)=0, getDatabase_(String)=1, getTable_(GetTableRequest)=96, flushCache_()=0}
2024-04-30T20:08:52,235  INFO [5693f598-ff06-42a8-a9a8-f33fed3a8e6b main] ql.Driver: Completed compiling command(queryId=alex_20240430200852_564740f8-3a7a-483f-9d27-ca3f92ec0e95); Time taken: 0.103 seconds
2024-04-30T20:08:52,235  INFO [5693f598-ff06-42a8-a9a8-f33fed3a8e6b main] common.LogUtils: Unregistered logging context.
2024-04-30T20:08:52,235  INFO [HiveServer2-Background-Pool: Thread-648] common.LogUtils: Thread context registration is done.
2024-04-30T20:08:52,236  INFO [HiveServer2-Background-Pool: Thread-648] reexec.ReExecDriver: Execution #1 of query
2024-04-30T20:08:52,236  INFO [HiveServer2-Background-Pool: Thread-648] ql.Driver: Concurrency mode is disabled, not creating a lock manager
2024-04-30T20:08:52,237  INFO [HiveServer2-Background-Pool: Thread-648] ql.Driver: Executing command(queryId=alex_20240430200852_564740f8-3a7a-483f-9d27-ca3f92ec0e95): desc testSrcTbl2
2024-04-30T20:08:52,237  INFO [HiveServer2-Background-Pool: Thread-648] ql.Driver: Starting task [Stage-0:DDL] in serial mode
2024-04-30T20:08:52,239  INFO [HiveServer2-Background-Pool: Thread-648] HiveMetaStore.audit: ugi=alex	ip=unknown-ip-addr	cmd=get_table : tbl=hive.test.testSrcTbl2	
2024-04-30T20:08:52,239  INFO [HiveServer2-Background-Pool: Thread-648] metastore.HMSHandler: 30: Opening raw store with implementation class:org.apache.hadoop.hive.metastore.ObjectStore
2024-04-30T20:08:52,240  INFO [HiveServer2-Background-Pool: Thread-648] metastore.ObjectStore: RawStore: org.apache.hadoop.hive.metastore.ObjectStore@43883309, with PersistenceManager: null will be shutdown
2024-04-30T20:08:52,240  INFO [HiveServer2-Background-Pool: Thread-648] metastore.ObjectStore: RawStore: org.apache.hadoop.hive.metastore.ObjectStore@43883309, with PersistenceManager: org.datanucleus.api.jdo.JDOPersistenceManager@68aa51c created in the thread with id: 648
2024-04-30T20:08:52,243  INFO [HiveServer2-Background-Pool: Thread-648] metastore.HMSHandler: Created RawStore: org.apache.hadoop.hive.metastore.ObjectStore@43883309 from thread id: 648
2024-04-30T20:08:52,271  INFO [HiveServer2-Background-Pool: Thread-648] metadata.Hive: Dumping metastore api call timing information for : execution phase
2024-04-30T20:08:52,271  INFO [HiveServer2-Background-Pool: Thread-648] metadata.Hive: Total time spent in each metastore function (ms): {isCompatibleWith_(Configuration)=1, getTable_(GetTableRequest)=19}
2024-04-30T20:08:52,271  INFO [HiveServer2-Background-Pool: Thread-648] ql.Driver: Completed executing command(queryId=alex_20240430200852_564740f8-3a7a-483f-9d27-ca3f92ec0e95); Time taken: 0.034 seconds
2024-04-30T20:08:52,272  INFO [HiveServer2-Background-Pool: Thread-648] common.LogUtils: Unregistered logging context.
2024-04-30T20:08:52,273  INFO [5693f598-ff06-42a8-a9a8-f33fed3a8e6b main] operation.OperationManager: Closing operation: OperationHandle [opType=EXECUTE_STATEMENT, getHandleIdentifier()=6f38b202-3afe-4f17-bba8-29008985e7b2]
2024-04-30T20:08:52,273  INFO [5693f598-ff06-42a8-a9a8-f33fed3a8e6b main] operation.OperationManager: Removed queryId: alex_20240430200852_564740f8-3a7a-483f-9d27-ca3f92ec0e95 corresponding to operation: OperationHandle [opType=EXECUTE_STATEMENT, getHandleIdentifier()=6f38b202-3afe-4f17-bba8-29008985e7b2] with tag: null
2024-04-30T20:08:52,274  INFO [5693f598-ff06-42a8-a9a8-f33fed3a8e6b main] ql.Context: Deleting scratch dir: file:/home/alex/Repositories/hive/beeline/target/tmp/alex/5693f598-ff06-42a8-a9a8-f33fed3a8e6b/hive_2024-04-30_20-08-52_132_3092360086270629588-1
2024-04-30T20:08:52,274  INFO [5693f598-ff06-42a8-a9a8-f33fed3a8e6b main] cleanup.EventualCleanupService: Delete file:/home/alex/Repositories/hive/beeline/target/tmp/alex/5693f598-ff06-42a8-a9a8-f33fed3a8e6b/hive_2024-04-30_20-08-52_132_3092360086270629588-1 operation was queued
2024-04-30T20:08:52,274  INFO [5693f598-ff06-42a8-a9a8-f33fed3a8e6b main] exec.ListSinkOperator: Closing Operator: LIST_SINK[0]
2024-04-30T20:08:52,274  INFO [5693f598-ff06-42a8-a9a8-f33fed3a8e6b main] exec.ListSinkOperator: RECORDS_OUT_INTERMEDIATE:0, RECORDS_OUT_OPERATOR_LIST_SINK_0:0, 
2024-04-30T20:08:52,274  INFO [5693f598-ff06-42a8-a9a8-f33fed3a8e6b main] operation.SQLOperation: Closing operation log /home/alex/Repositories/hive/beeline/target/tmp/alex/operation_logs/5693f598-ff06-42a8-a9a8-f33fed3a8e6b/alex_20240430200852_564740f8-3a7a-483f-9d27-ca3f92ec0e95 without delay
2024-04-30T20:08:52,274  INFO [EventualCleanupService thread 0] cleanup.EventualCleanupService: Deleted file:/home/alex/Repositories/hive/beeline/target/tmp/alex/5693f598-ff06-42a8-a9a8-f33fed3a8e6b/hive_2024-04-30_20-08-52_132_3092360086270629588-1
2024-04-30T20:08:52,278  INFO [main] service.CompositeService: Session closed, SessionHandle [5693f598-ff06-42a8-a9a8-f33fed3a8e6b], current sessions:0
2024-04-30T20:08:52,278  INFO [5693f598-ff06-42a8-a9a8-f33fed3a8e6b main] session.HiveSessionImpl: Operation log session directory is deleted: /home/alex/Repositories/hive/beeline/target/tmp/alex/operation_logs/5693f598-ff06-42a8-a9a8-f33fed3a8e6b
2024-04-30T20:08:52,278  INFO [main] cleanup.EventualCleanupService: Delete /tmp/hive/alex/5693f598-ff06-42a8-a9a8-f33fed3a8e6b operation was queued
2024-04-30T20:08:52,278  INFO [main] cleanup.EventualCleanupService: Delete /home/alex/Repositories/hive/beeline/target/tmp/alex/5693f598-ff06-42a8-a9a8-f33fed3a8e6b operation was queued
2024-04-30T20:08:52,279  INFO [EventualCleanupService thread 2] cleanup.EventualCleanupService: Deleted /home/alex/Repositories/hive/beeline/target/tmp/alex/5693f598-ff06-42a8-a9a8-f33fed3a8e6b
2024-04-30T20:08:52,279  INFO [EventualCleanupService thread 1] cleanup.EventualCleanupService: Deleted /tmp/hive/alex/5693f598-ff06-42a8-a9a8-f33fed3a8e6b
2024-04-30T20:08:52,279  INFO [main] HiveMetaStore.audit: ugi=alex	ip=unknown-ip-addr	cmd=Cleaning up thread local RawStore...	
2024-04-30T20:08:52,279  INFO [main] metastore.ObjectStore: RawStore: org.apache.hadoop.hive.metastore.ObjectStore@57cff804, with PersistenceManager: org.datanucleus.api.jdo.JDOPersistenceManager@2f39b534 will be shutdown
2024-04-30T20:08:52,279  INFO [main] HiveMetaStore.audit: ugi=alex	ip=unknown-ip-addr	cmd=Done cleaning up thread local RawStore	
2024-04-30T20:08:52,279  INFO [main] metastore.HiveMetaStoreClient: Closed a connection to metastore, current connections: -41
2024-04-30T20:08:52,280 ERROR [main] cli.TestHiveCli: Failed due to the error:Connecting to jdbc:hive2://
Hive Session ID = 70a3dc31-0a03-4ee6-bc6f-5dbaa41e5a7a
ivysettings.xml file not found in HIVE_HOME or HIVE_CONF_DIR,/home/alex/Repositories/hive/conf/ivysettings.xml will be used
ivysettings.xml file not found in HIVE_HOME or HIVE_CONF_DIR,/home/alex/Repositories/hive/conf/ivysettings.xml will be used
Connected to: Apache Hive (version 4.0.0-SNAPSHOT)
Error: Couldn't load manifest attributes. (state=,code=0)
Transaction isolation: TRANSACTION_REPEATABLE_READ
INFO  : Compiling command(queryId=alex_20240430200851_55741d7b-1d8d-4911-94fa-95d9f7a05d8b): use test
INFO  : Semantic Analysis Completed (retrial = false)
INFO  : Created Hive schema: Schema(fieldSchemas:null, properties:null)
INFO  : Completed compiling command(queryId=alex_20240430200851_55741d7b-1d8d-4911-94fa-95d9f7a05d8b); Time taken: 0.005 seconds
INFO  : Concurrency mode is disabled, not creating a lock manager
INFO  : Executing command(queryId=alex_20240430200851_55741d7b-1d8d-4911-94fa-95d9f7a05d8b): use test
INFO  : Starting task [Stage-0:DDL] in serial mode
DEBUG : Task getting executed using mapred tag : alex_20240430200851_55741d7b-1d8d-4911-94fa-95d9f7a05d8b,userid=null
INFO  : Completed executing command(queryId=alex_20240430200851_55741d7b-1d8d-4911-94fa-95d9f7a05d8b); Time taken: 0.005 seconds
DEBUG : Shutting down query use test
Error: Failed to wait for operation to complete (state=08S01,code=0)
Beeline version ??? by Apache Hive
hive> set hiveconf:zzz=/home/alex/Repositories/hive/beeline/target/tmp/test3138544996221404403.sql;
No rows affected (0,006 seconds)
hive> source ${hiveconf:zzz};
INFO  : Compiling command(queryId=alex_20240430200852_f0198b92-6cbb-4e4c-a565-33ec9ac15b26): create table if not exists test.testSrcTbl2(sc2 string)
INFO  : Semantic Analysis Completed (retrial = false)
INFO  : Created Hive schema: Schema(fieldSchemas:null, properties:null)
INFO  : Completed compiling command(queryId=alex_20240430200852_f0198b92-6cbb-4e4c-a565-33ec9ac15b26); Time taken: 0.004 seconds
INFO  : Concurrency mode is disabled, not creating a lock manager
INFO  : Executing command(queryId=alex_20240430200852_f0198b92-6cbb-4e4c-a565-33ec9ac15b26): create table if not exists test.testSrcTbl2(sc2 string)
INFO  : Starting task [Stage-0:DDL] in serial mode
DEBUG : Task getting executed using mapred tag : alex_20240430200852_f0198b92-6cbb-4e4c-a565-33ec9ac15b26,userid=null
INFO  : Completed executing command(queryId=alex_20240430200852_f0198b92-6cbb-4e4c-a565-33ec9ac15b26); Time taken: 0.036 seconds
DEBUG : Shutting down query create table if not exists test.testSrcTbl2(sc2 string)
Error: Failed to wait for operation to complete (state=08S01,code=0)
hive> desc testSrcTbl2;
INFO  : Compiling command(queryId=alex_20240430200852_564740f8-3a7a-483f-9d27-ca3f92ec0e95): desc testSrcTbl2
INFO  : Semantic Analysis Completed (retrial = false)
INFO  : Created Hive schema: Schema(fieldSchemas:[FieldSchema(name:col_name, type:string, comment:from deserializer), FieldSchema(name:data_type, type:string, comment:from deserializer), FieldSchema(name:comment, type:string, comment:from deserializer)], properties:null)
INFO  : Completed compiling command(queryId=alex_20240430200852_564740f8-3a7a-483f-9d27-ca3f92ec0e95); Time taken: 0.103 seconds
INFO  : Concurrency mode is disabled, not creating a lock manager
INFO  : Executing command(queryId=alex_20240430200852_564740f8-3a7a-483f-9d27-ca3f92ec0e95): desc testSrcTbl2
INFO  : Starting task [Stage-0:DDL] in serial mode
DEBUG : Task getting executed using mapred tag : alex_20240430200852_564740f8-3a7a-483f-9d27-ca3f92ec0e95,userid=null
INFO  : Completed executing command(queryId=alex_20240430200852_564740f8-3a7a-483f-9d27-ca3f92ec0e95); Time taken: 0.034 seconds
DEBUG : Shutting down query desc testSrcTbl2
Error: Failed to wait for operation to complete (state=08S01,code=0)
hive> Closing: 0: jdbc:hive2://

]]></system-err>
  </testcase>
  <testcase name="testSetHeaderValue" classname="org.apache.hive.beeline.cli.TestHiveCli" time="2.155">
    <failure type="java.lang.AssertionError"><![CDATA[java.lang.AssertionError: The expected keyword "testtbl.a testtbl.b" occur in the output: 
	at org.junit.Assert.fail(Assert.java:89)
	at org.junit.Assert.assertTrue(Assert.java:42)
	at org.apache.hive.beeline.cli.TestHiveCli.verifyCMD(TestHiveCli.java:270)
	at org.apache.hive.beeline.cli.TestHiveCli.testSetHeaderValue(TestHiveCli.java:89)
	at sun.reflect.NativeMethodAccessorImpl.invoke0(Native Method)
	at sun.reflect.NativeMethodAccessorImpl.invoke(NativeMethodAccessorImpl.java:62)
	at sun.reflect.DelegatingMethodAccessorImpl.invoke(DelegatingMethodAccessorImpl.java:43)
	at java.lang.reflect.Method.invoke(Method.java:498)
	at org.junit.runners.model.FrameworkMethod$1.runReflectiveCall(FrameworkMethod.java:59)
	at org.junit.internal.runners.model.ReflectiveCallable.run(ReflectiveCallable.java:12)
	at org.junit.runners.model.FrameworkMethod.invokeExplosively(FrameworkMethod.java:56)
	at org.junit.internal.runners.statements.InvokeMethod.evaluate(InvokeMethod.java:17)
	at org.junit.internal.runners.statements.RunBefores.evaluate(RunBefores.java:26)
	at org.junit.internal.runners.statements.RunAfters.evaluate(RunAfters.java:27)
	at org.junit.runners.ParentRunner$3.evaluate(ParentRunner.java:306)
	at org.junit.runners.BlockJUnit4ClassRunner$1.evaluate(BlockJUnit4ClassRunner.java:100)
	at org.junit.runners.ParentRunner.runLeaf(ParentRunner.java:366)
	at org.junit.runners.BlockJUnit4ClassRunner.runChild(BlockJUnit4ClassRunner.java:103)
	at org.junit.runners.BlockJUnit4ClassRunner.runChild(BlockJUnit4ClassRunner.java:63)
	at org.junit.runners.ParentRunner$4.run(ParentRunner.java:331)
	at org.junit.runners.ParentRunner$1.schedule(ParentRunner.java:79)
	at org.junit.runners.ParentRunner.runChildren(ParentRunner.java:329)
	at org.junit.runners.ParentRunner.access$100(ParentRunner.java:66)
	at org.junit.runners.ParentRunner$2.evaluate(ParentRunner.java:293)
	at org.junit.internal.runners.statements.RunBefores.evaluate(RunBefores.java:26)
	at org.junit.runners.ParentRunner$3.evaluate(ParentRunner.java:306)
	at org.junit.runners.ParentRunner.run(ParentRunner.java:413)
	at org.junit.runner.JUnitCore.run(JUnitCore.java:137)
	at org.junit.runner.JUnitCore.run(JUnitCore.java:115)
	at org.junit.vintage.engine.execution.RunnerExecutor.execute(RunnerExecutor.java:43)
	at java.util.stream.ForEachOps$ForEachOp$OfRef.accept(ForEachOps.java:183)
	at java.util.stream.ReferencePipeline$3$1.accept(ReferencePipeline.java:193)
	at java.util.Iterator.forEachRemaining(Iterator.java:116)
	at java.util.Spliterators$IteratorSpliterator.forEachRemaining(Spliterators.java:1801)
	at java.util.stream.AbstractPipeline.copyInto(AbstractPipeline.java:482)
	at java.util.stream.AbstractPipeline.wrapAndCopyInto(AbstractPipeline.java:472)
	at java.util.stream.ForEachOps$ForEachOp.evaluateSequential(ForEachOps.java:150)
	at java.util.stream.ForEachOps$ForEachOp$OfRef.evaluateSequential(ForEachOps.java:173)
	at java.util.stream.AbstractPipeline.evaluate(AbstractPipeline.java:234)
	at java.util.stream.ReferencePipeline.forEach(ReferencePipeline.java:485)
	at org.junit.vintage.engine.VintageTestEngine.executeAllChildren(VintageTestEngine.java:82)
	at org.junit.vintage.engine.VintageTestEngine.execute(VintageTestEngine.java:73)
	at org.junit.platform.launcher.core.DefaultLauncher.execute(DefaultLauncher.java:248)
	at org.junit.platform.launcher.core.DefaultLauncher.lambda$execute$5(DefaultLauncher.java:211)
	at org.junit.platform.launcher.core.DefaultLauncher.withInterceptedStreams(DefaultLauncher.java:226)
	at org.junit.platform.launcher.core.DefaultLauncher.execute(DefaultLauncher.java:199)
	at org.junit.platform.launcher.core.DefaultLauncher.execute(DefaultLauncher.java:132)
	at org.apache.maven.surefire.junitplatform.JUnitPlatformProvider.invokeAllTests(JUnitPlatformProvider.java:154)
	at org.apache.maven.surefire.junitplatform.JUnitPlatformProvider.invoke(JUnitPlatformProvider.java:123)
	at org.apache.maven.surefire.booter.ForkedBooter.runSuitesInProcess(ForkedBooter.java:377)
	at org.apache.maven.surefire.booter.ForkedBooter.execute(ForkedBooter.java:138)
	at org.apache.maven.surefire.booter.ForkedBooter.run(ForkedBooter.java:465)
	at org.apache.maven.surefire.booter.ForkedBooter.main(ForkedBooter.java:451)
]]></failure>
    <system-err><![CDATA[2024-04-30T20:08:52,281 ERROR [main] cli.TestHiveCli: Failed to execute command due to the error: java.lang.NullPointerException: Null output stream
2024-04-30T20:08:52,324  WARN [main] conf.HiveConf: HiveConf of name hive.dummyparam.test.server.specific.config.override does not exist
2024-04-30T20:08:52,324  WARN [main] conf.HiveConf: HiveConf of name hive.dummyparam.test.server.specific.config.hiveserver2site does not exist
2024-04-30T20:08:52,324  WARN [main] conf.HiveConf: HiveConf of name hive.dummyparam.test.server.specific.config.metastoresite does not exist
2024-04-30T20:08:52,324  INFO [main] SessionState: Hive Session ID = 1f1dceba-dab9-4aad-bf24-446b6ae444df
2024-04-30T20:08:52,325  INFO [main] DependencyResolver: ivysettings.xml file not found in HIVE_HOME or HIVE_CONF_DIR,/home/alex/Repositories/hive/conf/ivysettings.xml will be used
2024-04-30T20:08:52,332  INFO [main] session.SessionState: Created HDFS directory: /tmp/hive/alex/1f1dceba-dab9-4aad-bf24-446b6ae444df
2024-04-30T20:08:52,335  INFO [main] session.SessionState: Created local directory: /home/alex/Repositories/hive/beeline/target/tmp/alex/1f1dceba-dab9-4aad-bf24-446b6ae444df
2024-04-30T20:08:52,338  INFO [main] session.SessionState: Created HDFS directory: /tmp/hive/alex/1f1dceba-dab9-4aad-bf24-446b6ae444df/_tmp_space.db
2024-04-30T20:08:52,338  INFO [main] sqlstd.SQLStdHiveAccessController: Created SQLStdHiveAccessController for session context : HiveAuthzSessionContext [sessionString=1f1dceba-dab9-4aad-bf24-446b6ae444df, clientType=HIVESERVER2]
2024-04-30T20:08:52,339  INFO [main] metastore.HiveMetaStoreClient: HMS client filtering is enabled.
2024-04-30T20:08:52,339  INFO [main] metastore.HMSHandler: 0: Opening raw store with implementation class:org.apache.hadoop.hive.metastore.ObjectStore
2024-04-30T20:08:52,340  INFO [main] metastore.PersistenceManagerProvider: Configuration datanucleus.autoStartMechanismMode is not set. Defaulting to 'ignored'
2024-04-30T20:08:52,340  INFO [main] metastore.ObjectStore: RawStore: org.apache.hadoop.hive.metastore.ObjectStore@23263ba, with PersistenceManager: null will be shutdown
2024-04-30T20:08:52,340  INFO [main] metastore.ObjectStore: RawStore: org.apache.hadoop.hive.metastore.ObjectStore@23263ba, with PersistenceManager: org.datanucleus.api.jdo.JDOPersistenceManager@3ca6bd01 created in the thread with id: 1
2024-04-30T20:08:52,342  INFO [main] metastore.HMSHandler: Created RawStore: org.apache.hadoop.hive.metastore.ObjectStore@23263ba from thread id: 1
2024-04-30T20:08:52,342  INFO [main] metastore.HMSHandler: HMS server filtering is disabled by configuration
2024-04-30T20:08:52,342  INFO [main] metastore.RetryingMetaStoreClient: RetryingMetaStoreClient proxy=class org.apache.hadoop.hive.ql.metadata.SessionHiveMetaStoreClient ugi=alex (auth:SIMPLE) retries=1 delay=1 lifetime=0
2024-04-30T20:08:52,342  INFO [main] service.CompositeService: Operation log root directory is created: /home/alex/Repositories/hive/beeline/target/tmp/alex/operation_logs
2024-04-30T20:08:52,342  INFO [main] service.CompositeService: HiveServer2: Background operation thread pool size: 100
2024-04-30T20:08:52,342  INFO [main] service.CompositeService: HiveServer2: Background operation thread wait queue size: 100
2024-04-30T20:08:52,342  INFO [main] service.CompositeService: HiveServer2: Background operation thread keepalive time: 10 seconds
2024-04-30T20:08:52,342  INFO [main] service.CompositeService: Connections limit are user: 0 ipaddress: 0 user-ipaddress: 0
2024-04-30T20:08:52,389  INFO [main] cleanup.EventualCleanupService: EventualCleanupService started with 10 threads and queue of size 10000
ERROR StatusLogger Log4j2 ConfigurationScheduler attempted to increment scheduled items after start
ERROR StatusLogger Log4j2 ConfigurationScheduler attempted to increment scheduled items after start
2024-04-30T20:08:52,390  INFO [main] service.AbstractService: Service:OperationManager is inited.
2024-04-30T20:08:52,390  INFO [main] service.AbstractService: Service:SessionManager is inited.
2024-04-30T20:08:52,390  INFO [main] service.AbstractService: Service:CLIService is inited.
2024-04-30T20:08:52,390  INFO [main] service.AbstractService: Service:OperationManager is started.
2024-04-30T20:08:52,390  INFO [main] service.AbstractService: Service:SessionManager is started.
2024-04-30T20:08:52,390  INFO [main] service.AbstractService: Service:CLIService is started.
2024-04-30T20:08:52,391  INFO [main] service.AbstractService: Service:ThriftBinaryCLIService is inited.
2024-04-30T20:08:52,391  INFO [main] thrift.ThriftCLIService: Client protocol version: HIVE_CLI_SERVICE_PROTOCOL_V10
2024-04-30T20:08:52,391  INFO [main] thrift.ThriftCLIService: Creating Hive session handle for user [null] from IP null
2024-04-30T20:08:52,392  INFO [main] DependencyResolver: ivysettings.xml file not found in HIVE_HOME or HIVE_CONF_DIR,/home/alex/Repositories/hive/conf/ivysettings.xml will be used
2024-04-30T20:08:52,399  INFO [main] session.SessionState: Created HDFS directory: /tmp/hive/alex/8075823a-0cf3-4e09-b954-444bef0abf09
2024-04-30T20:08:52,402  INFO [main] session.SessionState: Created local directory: /home/alex/Repositories/hive/beeline/target/tmp/alex/8075823a-0cf3-4e09-b954-444bef0abf09
2024-04-30T20:08:52,405  INFO [main] session.SessionState: Created HDFS directory: /tmp/hive/alex/8075823a-0cf3-4e09-b954-444bef0abf09/_tmp_space.db
2024-04-30T20:08:52,406  INFO [main] session.SessionState: Reloading auxiliary JAR files
2024-04-30T20:08:52,406  WARN [main] session.SessionState: Configuration hive.reloadable.aux.jars.path not specified
2024-04-30T20:08:52,406  INFO [main] HiveMetaStore.audit: ugi=alex	ip=unknown-ip-addr	cmd=Cleaning up thread local RawStore...	
2024-04-30T20:08:52,406  INFO [main] metastore.ObjectStore: RawStore: org.apache.hadoop.hive.metastore.ObjectStore@23263ba, with PersistenceManager: org.datanucleus.api.jdo.JDOPersistenceManager@3ca6bd01 will be shutdown
2024-04-30T20:08:52,406  INFO [main] HiveMetaStore.audit: ugi=alex	ip=unknown-ip-addr	cmd=Done cleaning up thread local RawStore	
2024-04-30T20:08:52,406  INFO [main] metastore.HiveMetaStoreClient: Closed a connection to metastore, current connections: -42
2024-04-30T20:08:52,406  INFO [main] session.HiveSessionImpl: Operation log session directory is created: /home/alex/Repositories/hive/beeline/target/tmp/alex/operation_logs/8075823a-0cf3-4e09-b954-444bef0abf09
2024-04-30T20:08:52,406  INFO [main] service.CompositeService: Session opened, SessionHandle [8075823a-0cf3-4e09-b954-444bef0abf09], current sessions:1
2024-04-30T20:08:52,406  INFO [main] thrift.ThriftCLIService: Login attempt is successful for user : null
2024-04-30T20:08:52,446  WARN [main] conf.HiveConf: HiveConf of name hive.dummyparam.test.server.specific.config.override does not exist
2024-04-30T20:08:52,446  WARN [main] conf.HiveConf: HiveConf of name hive.dummyparam.test.server.specific.config.hiveserver2site does not exist
2024-04-30T20:08:52,446  WARN [main] conf.HiveConf: HiveConf of name hive.dummyparam.test.server.specific.config.metastoresite does not exist
2024-04-30T20:08:52,447  INFO [8075823a-0cf3-4e09-b954-444bef0abf09 main] session.HiveSessionImpl: executing set
2024-04-30T20:08:52,447  INFO [8075823a-0cf3-4e09-b954-444bef0abf09 main] operation.HiveCommandOperation: Putting temp output to file /home/alex/Repositories/hive/beeline/target/tmp/alex/8075823a-0cf3-4e09-b954-444bef0abf0956419317185000832.pipeout and error output to file /home/alex/Repositories/hive/beeline/target/tmp/alex/8075823a-0cf3-4e09-b954-444bef0abf09892583959815834104.pipeout
2024-04-30T20:08:52,447  INFO [8075823a-0cf3-4e09-b954-444bef0abf09 main] operation.OperationManager: Adding operation: OperationHandle [opType=EXECUTE_STATEMENT, getHandleIdentifier()=3f70775a-7b3a-4551-a514-59f7175b7a81] SessionHandle [8075823a-0cf3-4e09-b954-444bef0abf09]
2024-04-30T20:08:52,447  INFO [8075823a-0cf3-4e09-b954-444bef0abf09 main] common.LogUtils: Thread context registration is done.
DEBUG StatusLogger Building Plugin[name=filter, class=org.apache.hadoop.hive.ql.log.LogDivertAppender$NameFilter].
DEBUG StatusLogger createFilter(loggingLevel="EXECUTION")
DEBUG StatusLogger Building Plugin[name=layout, class=org.apache.logging.log4j.core.layout.PatternLayout].
DEBUG StatusLogger PatternLayout$Builder(pattern="%-5p : %m%n", PatternSelector=null, Configuration(HiveLog4j2Test), Replace=null, charset="null", alwaysWriteExceptions="null", disableAnsi="null", noConsoleNoAnsi="null", header="null", footer="null")
DEBUG StatusLogger Building Plugin[name=appender, class=org.apache.hadoop.hive.ql.log.HushableRandomAccessFileAppender].
DEBUG StatusLogger createAppender(fileName="/home/alex/Repositories/hive/beeline/target/tmp/alex/operation_logs/8075823a-0cf3-4e09-b954-444bef0abf09/alex_20240430200852_d6f29b38-9a05-49fc-a212-fb960716168a", append="null", name="query-file-appender", immediateFlush="null", bufferSize="null", ignoreExceptions="null", PatternLayout(org.apache.logging.log4j.core.layout.PatternLayout with name PatternLayout), NameFilter(org.apache.hadoop.hive.ql.log.LogDivertAppender$NameFilter with name NameFilter), advertise="null", advertiseURI="null", Configuration(HiveLog4j2Test))
DEBUG StatusLogger Starting RandomAccessFileManager /home/alex/Repositories/hive/beeline/target/tmp/alex/operation_logs/8075823a-0cf3-4e09-b954-444bef0abf09/alex_20240430200852_d6f29b38-9a05-49fc-a212-fb960716168a
DEBUG StatusLogger Building Plugin[name=, class=org.apache.hadoop.hive.ql.log.LogDivertAppenderForTest$TestFilter].
DEBUG StatusLogger createFilter()
DEBUG StatusLogger Building Plugin[name=, class=org.apache.logging.log4j.core.layout.PatternLayout].
DEBUG StatusLogger PatternLayout$Builder(pattern="%-5p : %m%n", PatternSelector=null, Configuration(HiveLog4j2Test), Replace=null, charset="null", alwaysWriteExceptions="null", disableAnsi="null", noConsoleNoAnsi="null", header="null", footer="null")
DEBUG StatusLogger Building Plugin[name=appender, class=org.apache.hadoop.hive.ql.log.HushableRandomAccessFileAppender].
DEBUG StatusLogger createAppender(fileName="/home/alex/Repositories/hive/beeline/target/tmp/alex/operation_logs/8075823a-0cf3-4e09-b954-444bef0abf09/alex_20240430200852_d6f29b38-9a05-49fc-a212-fb960716168a.test", append="null", name="test-query-file-appender", immediateFlush="null", bufferSize="null", ignoreExceptions="null", PatternLayout(org.apache.logging.log4j.core.layout.PatternLayout with name PatternLayout), test-filter(org.apache.hadoop.hive.ql.log.LogDivertAppenderForTest$TestFilter with name test-filter), advertise="null", advertiseURI="null", Configuration(HiveLog4j2Test))
DEBUG StatusLogger Starting RandomAccessFileManager /home/alex/Repositories/hive/beeline/target/tmp/alex/operation_logs/8075823a-0cf3-4e09-b954-444bef0abf09/alex_20240430200852_d6f29b38-9a05-49fc-a212-fb960716168a.test
2024-04-30T20:08:52,450  INFO [8075823a-0cf3-4e09-b954-444bef0abf09 main] operation.HiveCommandOperation: [opType=EXECUTE_STATEMENT, queryId=alex_20240430200852_d6f29b38-9a05-49fc-a212-fb960716168a, startTime=1714532932447, sessionId=8075823a-0cf3-4e09-b954-444bef0abf09, createTime=1714532932391, userName=null, ipAddress=null]
2024-04-30T20:08:52,458  INFO [8075823a-0cf3-4e09-b954-444bef0abf09 main] common.LogUtils: Unregistered logging context.
2024-04-30T20:08:52,460  INFO [8075823a-0cf3-4e09-b954-444bef0abf09 main] operation.OperationManager: Closing operation: OperationHandle [opType=EXECUTE_STATEMENT, getHandleIdentifier()=3f70775a-7b3a-4551-a514-59f7175b7a81]
2024-04-30T20:08:52,460  INFO [8075823a-0cf3-4e09-b954-444bef0abf09 main] operation.OperationManager: Removed queryId: alex_20240430200852_d6f29b38-9a05-49fc-a212-fb960716168a corresponding to operation: OperationHandle [opType=EXECUTE_STATEMENT, getHandleIdentifier()=3f70775a-7b3a-4551-a514-59f7175b7a81] with tag: null
2024-04-30T20:08:52,461  INFO [8075823a-0cf3-4e09-b954-444bef0abf09 main] operation.HiveCommandOperation: Closing operation log /home/alex/Repositories/hive/beeline/target/tmp/alex/operation_logs/8075823a-0cf3-4e09-b954-444bef0abf09/alex_20240430200852_d6f29b38-9a05-49fc-a212-fb960716168a without delay
2024-04-30T20:08:52,466  INFO [8075823a-0cf3-4e09-b954-444bef0abf09 main] session.HiveSessionImpl: executing create database if not exists test
2024-04-30T20:08:52,467  INFO [8075823a-0cf3-4e09-b954-444bef0abf09 main] operation.OperationManager: Adding operation: OperationHandle [opType=EXECUTE_STATEMENT, getHandleIdentifier()=4d150815-8b0d-4441-8f2f-7a006bcab8ca] SessionHandle [8075823a-0cf3-4e09-b954-444bef0abf09]
2024-04-30T20:08:52,467  INFO [8075823a-0cf3-4e09-b954-444bef0abf09 main] common.LogUtils: Thread context registration is done.
DEBUG StatusLogger Building Plugin[name=filter, class=org.apache.hadoop.hive.ql.log.LogDivertAppender$NameFilter].
DEBUG StatusLogger createFilter(loggingLevel="EXECUTION")
DEBUG StatusLogger Building Plugin[name=layout, class=org.apache.logging.log4j.core.layout.PatternLayout].
DEBUG StatusLogger PatternLayout$Builder(pattern="%-5p : %m%n", PatternSelector=null, Configuration(HiveLog4j2Test), Replace=null, charset="null", alwaysWriteExceptions="null", disableAnsi="null", noConsoleNoAnsi="null", header="null", footer="null")
DEBUG StatusLogger Building Plugin[name=appender, class=org.apache.hadoop.hive.ql.log.HushableRandomAccessFileAppender].
DEBUG StatusLogger createAppender(fileName="/home/alex/Repositories/hive/beeline/target/tmp/alex/operation_logs/8075823a-0cf3-4e09-b954-444bef0abf09/alex_20240430200852_d8f6c255-73e3-4a39-82b4-9066c22170ae", append="null", name="query-file-appender", immediateFlush="null", bufferSize="null", ignoreExceptions="null", PatternLayout(org.apache.logging.log4j.core.layout.PatternLayout with name PatternLayout), NameFilter(org.apache.hadoop.hive.ql.log.LogDivertAppender$NameFilter with name NameFilter), advertise="null", advertiseURI="null", Configuration(HiveLog4j2Test))
DEBUG StatusLogger Starting RandomAccessFileManager /home/alex/Repositories/hive/beeline/target/tmp/alex/operation_logs/8075823a-0cf3-4e09-b954-444bef0abf09/alex_20240430200852_d8f6c255-73e3-4a39-82b4-9066c22170ae
DEBUG StatusLogger Building Plugin[name=, class=org.apache.hadoop.hive.ql.log.LogDivertAppenderForTest$TestFilter].
DEBUG StatusLogger createFilter()
DEBUG StatusLogger Building Plugin[name=, class=org.apache.logging.log4j.core.layout.PatternLayout].
DEBUG StatusLogger PatternLayout$Builder(pattern="%-5p : %m%n", PatternSelector=null, Configuration(HiveLog4j2Test), Replace=null, charset="null", alwaysWriteExceptions="null", disableAnsi="null", noConsoleNoAnsi="null", header="null", footer="null")
DEBUG StatusLogger Building Plugin[name=appender, class=org.apache.hadoop.hive.ql.log.HushableRandomAccessFileAppender].
DEBUG StatusLogger createAppender(fileName="/home/alex/Repositories/hive/beeline/target/tmp/alex/operation_logs/8075823a-0cf3-4e09-b954-444bef0abf09/alex_20240430200852_d8f6c255-73e3-4a39-82b4-9066c22170ae.test", append="null", name="test-query-file-appender", immediateFlush="null", bufferSize="null", ignoreExceptions="null", PatternLayout(org.apache.logging.log4j.core.layout.PatternLayout with name PatternLayout), test-filter(org.apache.hadoop.hive.ql.log.LogDivertAppenderForTest$TestFilter with name test-filter), advertise="null", advertiseURI="null", Configuration(HiveLog4j2Test))
DEBUG StatusLogger Starting RandomAccessFileManager /home/alex/Repositories/hive/beeline/target/tmp/alex/operation_logs/8075823a-0cf3-4e09-b954-444bef0abf09/alex_20240430200852_d8f6c255-73e3-4a39-82b4-9066c22170ae.test
2024-04-30T20:08:52,470  INFO [8075823a-0cf3-4e09-b954-444bef0abf09 main] operation.SQLOperation: [opType=EXECUTE_STATEMENT, queryId=alex_20240430200852_d8f6c255-73e3-4a39-82b4-9066c22170ae, startTime=1714532932466, sessionId=8075823a-0cf3-4e09-b954-444bef0abf09, createTime=1714532932391, userName=null, ipAddress=null]
2024-04-30T20:08:52,470  INFO [8075823a-0cf3-4e09-b954-444bef0abf09 main] ql.Driver: Compiling command(queryId=alex_20240430200852_d8f6c255-73e3-4a39-82b4-9066c22170ae): create database if not exists test
2024-04-30T20:08:52,471  INFO [8075823a-0cf3-4e09-b954-444bef0abf09 main] metastore.HiveMetaStoreClient: HMS client filtering is enabled.
2024-04-30T20:08:52,472  INFO [8075823a-0cf3-4e09-b954-444bef0abf09 main] metastore.HMSHandler: 0: Opening raw store with implementation class:org.apache.hadoop.hive.metastore.ObjectStore
2024-04-30T20:08:52,472  INFO [8075823a-0cf3-4e09-b954-444bef0abf09 main] metastore.PersistenceManagerProvider: Configuration datanucleus.autoStartMechanismMode is not set. Defaulting to 'ignored'
2024-04-30T20:08:52,472  INFO [8075823a-0cf3-4e09-b954-444bef0abf09 main] metastore.ObjectStore: RawStore: org.apache.hadoop.hive.metastore.ObjectStore@37b80ec7, with PersistenceManager: null will be shutdown
2024-04-30T20:08:52,473  INFO [8075823a-0cf3-4e09-b954-444bef0abf09 main] metastore.ObjectStore: RawStore: org.apache.hadoop.hive.metastore.ObjectStore@37b80ec7, with PersistenceManager: org.datanucleus.api.jdo.JDOPersistenceManager@4cb58e8b created in the thread with id: 1
2024-04-30T20:08:52,475  INFO [8075823a-0cf3-4e09-b954-444bef0abf09 main] metastore.HMSHandler: Created RawStore: org.apache.hadoop.hive.metastore.ObjectStore@37b80ec7 from thread id: 1
2024-04-30T20:08:52,475  INFO [8075823a-0cf3-4e09-b954-444bef0abf09 main] metastore.HMSHandler: HMS server filtering is disabled by configuration
2024-04-30T20:08:52,475  INFO [8075823a-0cf3-4e09-b954-444bef0abf09 main] metastore.RetryingMetaStoreClient: RetryingMetaStoreClient proxy=class org.apache.hadoop.hive.ql.metadata.SessionHiveMetaStoreClient ugi=alex (auth:SIMPLE) retries=1 delay=1 lifetime=0
2024-04-30T20:08:52,475  INFO [8075823a-0cf3-4e09-b954-444bef0abf09 main] ql.Driver: Semantic Analysis Completed (retrial = false)
2024-04-30T20:08:52,475  INFO [8075823a-0cf3-4e09-b954-444bef0abf09 main] ql.Driver: Created Hive schema: Schema(fieldSchemas:null, properties:null)
2024-04-30T20:08:52,475  INFO [8075823a-0cf3-4e09-b954-444bef0abf09 main] metadata.Hive: Dumping metastore api call timing information for : compilation phase
2024-04-30T20:08:52,475  INFO [8075823a-0cf3-4e09-b954-444bef0abf09 main] metadata.Hive: Total time spent in each metastore function (ms): {isCompatibleWith_(Configuration)=0, flushCache_()=0}
2024-04-30T20:08:52,476  INFO [8075823a-0cf3-4e09-b954-444bef0abf09 main] ql.Driver: Completed compiling command(queryId=alex_20240430200852_d8f6c255-73e3-4a39-82b4-9066c22170ae); Time taken: 0.005 seconds
2024-04-30T20:08:52,476  INFO [8075823a-0cf3-4e09-b954-444bef0abf09 main] common.LogUtils: Unregistered logging context.
2024-04-30T20:08:52,476  INFO [HiveServer2-Background-Pool: Thread-673] common.LogUtils: Thread context registration is done.
2024-04-30T20:08:52,477  INFO [HiveServer2-Background-Pool: Thread-673] reexec.ReExecDriver: Execution #1 of query
2024-04-30T20:08:52,477  INFO [HiveServer2-Background-Pool: Thread-673] ql.Driver: Concurrency mode is disabled, not creating a lock manager
2024-04-30T20:08:52,478  INFO [HiveServer2-Background-Pool: Thread-673] ql.Driver: Executing command(queryId=alex_20240430200852_d8f6c255-73e3-4a39-82b4-9066c22170ae): create database if not exists test
2024-04-30T20:08:52,478  INFO [HiveServer2-Background-Pool: Thread-673] ql.Driver: Starting task [Stage-0:DDL] in serial mode
2024-04-30T20:08:52,479  INFO [HiveServer2-Background-Pool: Thread-673] sqlstd.SQLStdHiveAccessController: Created SQLStdHiveAccessController for session context : HiveAuthzSessionContext [sessionString=8075823a-0cf3-4e09-b954-444bef0abf09, clientType=HIVESERVER2]
2024-04-30T20:08:52,479  WARN [HiveServer2-Background-Pool: Thread-673] exec.DDLTask: metastore.warehouse.external.dir is not set, falling back to metastore.warehouse.dir. This could cause external tables to use to managed tablespace.
2024-04-30T20:08:52,480  INFO [HiveServer2-Background-Pool: Thread-673] HiveMetaStore.audit: ugi=alex	ip=unknown-ip-addr	cmd=create_database: Database(name:test, description:null, locationUri:file:/home/alex/Repositories/hive/beeline/target/tmp/warehouse/test.db, parameters:null, ownerName:alex, ownerType:USER, catalogName:hive, type:NATIVE)	
2024-04-30T20:08:52,481  INFO [HiveServer2-Background-Pool: Thread-673] metastore.HMSHandler: 31: Opening raw store with implementation class:org.apache.hadoop.hive.metastore.ObjectStore
2024-04-30T20:08:52,481  INFO [HiveServer2-Background-Pool: Thread-673] metastore.ObjectStore: RawStore: org.apache.hadoop.hive.metastore.ObjectStore@33fda7c2, with PersistenceManager: null will be shutdown
2024-04-30T20:08:52,481  INFO [HiveServer2-Background-Pool: Thread-673] metastore.ObjectStore: RawStore: org.apache.hadoop.hive.metastore.ObjectStore@33fda7c2, with PersistenceManager: org.datanucleus.api.jdo.JDOPersistenceManager@76ff3fd9 created in the thread with id: 673
2024-04-30T20:08:52,484  INFO [HiveServer2-Background-Pool: Thread-673] metastore.HMSHandler: Created RawStore: org.apache.hadoop.hive.metastore.ObjectStore@33fda7c2 from thread id: 673
2024-04-30T20:08:52,484 ERROR [HiveServer2-Background-Pool: Thread-673] metastore.RetryingHMSHandler: AlreadyExistsException(message:Database test already exists)
	at org.apache.hadoop.hive.metastore.HMSHandler.create_database(HMSHandler.java:1472)
	at sun.reflect.NativeMethodAccessorImpl.invoke0(Native Method)
	at sun.reflect.NativeMethodAccessorImpl.invoke(NativeMethodAccessorImpl.java:62)
	at sun.reflect.DelegatingMethodAccessorImpl.invoke(DelegatingMethodAccessorImpl.java:43)
	at java.lang.reflect.Method.invoke(Method.java:498)
	at org.apache.hadoop.hive.metastore.RetryingHMSHandler.invokeInternal(RetryingHMSHandler.java:147)
	at org.apache.hadoop.hive.metastore.RetryingHMSHandler.invoke(RetryingHMSHandler.java:108)
	at com.sun.proxy.$Proxy40.create_database(Unknown Source)
	at org.apache.hadoop.hive.metastore.HiveMetaStoreClient.createDatabase(HiveMetaStoreClient.java:1151)
	at sun.reflect.NativeMethodAccessorImpl.invoke0(Native Method)
	at sun.reflect.NativeMethodAccessorImpl.invoke(NativeMethodAccessorImpl.java:62)
	at sun.reflect.DelegatingMethodAccessorImpl.invoke(DelegatingMethodAccessorImpl.java:43)
	at java.lang.reflect.Method.invoke(Method.java:498)
	at org.apache.hadoop.hive.metastore.RetryingMetaStoreClient.invoke(RetryingMetaStoreClient.java:218)
	at com.sun.proxy.$Proxy41.createDatabase(Unknown Source)
	at org.apache.hadoop.hive.ql.metadata.Hive.createDatabase(Hive.java:605)
	at org.apache.hadoop.hive.ql.ddl.database.create.CreateDatabaseOperation.execute(CreateDatabaseOperation.java:68)
	at org.apache.hadoop.hive.ql.ddl.DDLTask.execute(DDLTask.java:84)
	at org.apache.hadoop.hive.ql.exec.Task.executeTask(Task.java:212)
	at org.apache.hadoop.hive.ql.exec.TaskRunner.runSequential(TaskRunner.java:105)
	at org.apache.hadoop.hive.ql.Executor.launchTask(Executor.java:361)
	at org.apache.hadoop.hive.ql.Executor.launchTasks(Executor.java:334)
	at org.apache.hadoop.hive.ql.Executor.runTasks(Executor.java:245)
	at org.apache.hadoop.hive.ql.Executor.execute(Executor.java:108)
	at org.apache.hadoop.hive.ql.Driver.execute(Driver.java:348)
	at org.apache.hadoop.hive.ql.Driver.runInternal(Driver.java:204)
	at org.apache.hadoop.hive.ql.Driver.run(Driver.java:153)
	at org.apache.hadoop.hive.ql.Driver.run(Driver.java:148)
	at org.apache.hadoop.hive.ql.reexec.ReExecDriver.run(ReExecDriver.java:164)
	at org.apache.hive.service.cli.operation.SQLOperation.runQuery(SQLOperation.java:233)
	at org.apache.hive.service.cli.operation.SQLOperation.access$500(SQLOperation.java:88)
	at org.apache.hive.service.cli.operation.SQLOperation$BackgroundWork$1.run(SQLOperation.java:336)
	at java.security.AccessController.doPrivileged(Native Method)
	at javax.security.auth.Subject.doAs(Subject.java:422)
	at org.apache.hadoop.security.UserGroupInformation.doAs(UserGroupInformation.java:1682)
	at org.apache.hive.service.cli.operation.SQLOperation$BackgroundWork.run(SQLOperation.java:356)
	at java.util.concurrent.Executors$RunnableAdapter.call(Executors.java:511)
	at java.util.concurrent.FutureTask.run(FutureTask.java:266)
	at java.util.concurrent.ThreadPoolExecutor.runWorker(ThreadPoolExecutor.java:1149)
	at java.util.concurrent.ThreadPoolExecutor$Worker.run(ThreadPoolExecutor.java:624)
	at java.lang.Thread.run(Thread.java:750)

2024-04-30T20:08:52,485  INFO [HiveServer2-Background-Pool: Thread-673] metadata.Hive: Dumping metastore api call timing information for : execution phase
2024-04-30T20:08:52,485  INFO [HiveServer2-Background-Pool: Thread-673] metadata.Hive: Total time spent in each metastore function (ms): {isCompatibleWith_(Configuration)=0}
2024-04-30T20:08:52,485  INFO [HiveServer2-Background-Pool: Thread-673] ql.Driver: Completed executing command(queryId=alex_20240430200852_d8f6c255-73e3-4a39-82b4-9066c22170ae); Time taken: 0.007 seconds
2024-04-30T20:08:52,485  INFO [HiveServer2-Background-Pool: Thread-673] common.LogUtils: Unregistered logging context.
2024-04-30T20:08:52,489  INFO [8075823a-0cf3-4e09-b954-444bef0abf09 main] operation.OperationManager: Closing operation: OperationHandle [opType=EXECUTE_STATEMENT, getHandleIdentifier()=4d150815-8b0d-4441-8f2f-7a006bcab8ca]
2024-04-30T20:08:52,489  INFO [8075823a-0cf3-4e09-b954-444bef0abf09 main] operation.OperationManager: Removed queryId: alex_20240430200852_d8f6c255-73e3-4a39-82b4-9066c22170ae corresponding to operation: OperationHandle [opType=EXECUTE_STATEMENT, getHandleIdentifier()=4d150815-8b0d-4441-8f2f-7a006bcab8ca] with tag: null
2024-04-30T20:08:52,489  INFO [8075823a-0cf3-4e09-b954-444bef0abf09 main] operation.SQLOperation: Closing operation log /home/alex/Repositories/hive/beeline/target/tmp/alex/operation_logs/8075823a-0cf3-4e09-b954-444bef0abf09/alex_20240430200852_d8f6c255-73e3-4a39-82b4-9066c22170ae without delay
2024-04-30T20:08:52,494  INFO [8075823a-0cf3-4e09-b954-444bef0abf09 main] session.HiveSessionImpl: executing create table if not exists test.testTbl(a string, b string)
2024-04-30T20:08:52,495  INFO [8075823a-0cf3-4e09-b954-444bef0abf09 main] operation.OperationManager: Adding operation: OperationHandle [opType=EXECUTE_STATEMENT, getHandleIdentifier()=e4d03391-e9b7-42ac-95d7-7bdefcb21415] SessionHandle [8075823a-0cf3-4e09-b954-444bef0abf09]
2024-04-30T20:08:52,495  INFO [8075823a-0cf3-4e09-b954-444bef0abf09 main] common.LogUtils: Thread context registration is done.
DEBUG StatusLogger Building Plugin[name=filter, class=org.apache.hadoop.hive.ql.log.LogDivertAppender$NameFilter].
DEBUG StatusLogger createFilter(loggingLevel="EXECUTION")
DEBUG StatusLogger Building Plugin[name=layout, class=org.apache.logging.log4j.core.layout.PatternLayout].
DEBUG StatusLogger PatternLayout$Builder(pattern="%-5p : %m%n", PatternSelector=null, Configuration(HiveLog4j2Test), Replace=null, charset="null", alwaysWriteExceptions="null", disableAnsi="null", noConsoleNoAnsi="null", header="null", footer="null")
DEBUG StatusLogger Building Plugin[name=appender, class=org.apache.hadoop.hive.ql.log.HushableRandomAccessFileAppender].
DEBUG StatusLogger createAppender(fileName="/home/alex/Repositories/hive/beeline/target/tmp/alex/operation_logs/8075823a-0cf3-4e09-b954-444bef0abf09/alex_20240430200852_d3c80005-42fa-4676-bd9e-141530c17357", append="null", name="query-file-appender", immediateFlush="null", bufferSize="null", ignoreExceptions="null", PatternLayout(org.apache.logging.log4j.core.layout.PatternLayout with name PatternLayout), NameFilter(org.apache.hadoop.hive.ql.log.LogDivertAppender$NameFilter with name NameFilter), advertise="null", advertiseURI="null", Configuration(HiveLog4j2Test))
DEBUG StatusLogger Starting RandomAccessFileManager /home/alex/Repositories/hive/beeline/target/tmp/alex/operation_logs/8075823a-0cf3-4e09-b954-444bef0abf09/alex_20240430200852_d3c80005-42fa-4676-bd9e-141530c17357
DEBUG StatusLogger Building Plugin[name=, class=org.apache.hadoop.hive.ql.log.LogDivertAppenderForTest$TestFilter].
DEBUG StatusLogger createFilter()
DEBUG StatusLogger Building Plugin[name=, class=org.apache.logging.log4j.core.layout.PatternLayout].
DEBUG StatusLogger PatternLayout$Builder(pattern="%-5p : %m%n", PatternSelector=null, Configuration(HiveLog4j2Test), Replace=null, charset="null", alwaysWriteExceptions="null", disableAnsi="null", noConsoleNoAnsi="null", header="null", footer="null")
DEBUG StatusLogger Building Plugin[name=appender, class=org.apache.hadoop.hive.ql.log.HushableRandomAccessFileAppender].
DEBUG StatusLogger createAppender(fileName="/home/alex/Repositories/hive/beeline/target/tmp/alex/operation_logs/8075823a-0cf3-4e09-b954-444bef0abf09/alex_20240430200852_d3c80005-42fa-4676-bd9e-141530c17357.test", append="null", name="test-query-file-appender", immediateFlush="null", bufferSize="null", ignoreExceptions="null", PatternLayout(org.apache.logging.log4j.core.layout.PatternLayout with name PatternLayout), test-filter(org.apache.hadoop.hive.ql.log.LogDivertAppenderForTest$TestFilter with name test-filter), advertise="null", advertiseURI="null", Configuration(HiveLog4j2Test))
DEBUG StatusLogger Starting RandomAccessFileManager /home/alex/Repositories/hive/beeline/target/tmp/alex/operation_logs/8075823a-0cf3-4e09-b954-444bef0abf09/alex_20240430200852_d3c80005-42fa-4676-bd9e-141530c17357.test
2024-04-30T20:08:52,497  INFO [8075823a-0cf3-4e09-b954-444bef0abf09 main] operation.SQLOperation: [opType=EXECUTE_STATEMENT, queryId=alex_20240430200852_d3c80005-42fa-4676-bd9e-141530c17357, startTime=1714532932494, sessionId=8075823a-0cf3-4e09-b954-444bef0abf09, createTime=1714532932391, userName=null, ipAddress=null]
2024-04-30T20:08:52,498  INFO [8075823a-0cf3-4e09-b954-444bef0abf09 main] ql.Driver: Compiling command(queryId=alex_20240430200852_d3c80005-42fa-4676-bd9e-141530c17357): create table if not exists test.testTbl(a string, b string)
2024-04-30T20:08:52,499  INFO [8075823a-0cf3-4e09-b954-444bef0abf09 main] parse.CalcitePlanner: Starting caching scope for: alex_20240430200852_d3c80005-42fa-4676-bd9e-141530c17357
2024-04-30T20:08:52,499  INFO [8075823a-0cf3-4e09-b954-444bef0abf09 main] parse.CalcitePlanner: Starting Semantic Analysis
2024-04-30T20:08:52,499  INFO [8075823a-0cf3-4e09-b954-444bef0abf09 main] parse.CalcitePlanner: Creating table test.testTbl position=27
2024-04-30T20:08:52,499  INFO [8075823a-0cf3-4e09-b954-444bef0abf09 main] HiveMetaStore.audit: ugi=alex	ip=unknown-ip-addr	cmd=get_table : tbl=hive.test.testTbl	
2024-04-30T20:08:52,501  INFO [8075823a-0cf3-4e09-b954-444bef0abf09 main] HiveMetaStore.audit: ugi=alex	ip=unknown-ip-addr	cmd=get_database: test	
2024-04-30T20:08:52,502  INFO [8075823a-0cf3-4e09-b954-444bef0abf09 main] parse.CalcitePlanner: Ending caching scope for: alex_20240430200852_d3c80005-42fa-4676-bd9e-141530c17357
2024-04-30T20:08:52,502  INFO [8075823a-0cf3-4e09-b954-444bef0abf09 main] ql.Driver: Semantic Analysis Completed (retrial = false)
2024-04-30T20:08:52,502  INFO [8075823a-0cf3-4e09-b954-444bef0abf09 main] ql.Driver: Created Hive schema: Schema(fieldSchemas:null, properties:null)
2024-04-30T20:08:52,502  INFO [8075823a-0cf3-4e09-b954-444bef0abf09 main] metadata.Hive: Dumping metastore api call timing information for : compilation phase
2024-04-30T20:08:52,502  INFO [8075823a-0cf3-4e09-b954-444bef0abf09 main] metadata.Hive: Total time spent in each metastore function (ms): {isCompatibleWith_(Configuration)=0, getDatabase_(String)=1, flushCache_()=0}
2024-04-30T20:08:52,502  INFO [8075823a-0cf3-4e09-b954-444bef0abf09 main] ql.Driver: Completed compiling command(queryId=alex_20240430200852_d3c80005-42fa-4676-bd9e-141530c17357); Time taken: 0.004 seconds
2024-04-30T20:08:52,503  INFO [8075823a-0cf3-4e09-b954-444bef0abf09 main] common.LogUtils: Unregistered logging context.
2024-04-30T20:08:52,503  INFO [HiveServer2-Background-Pool: Thread-676] common.LogUtils: Thread context registration is done.
2024-04-30T20:08:52,503  INFO [HiveServer2-Background-Pool: Thread-676] reexec.ReExecDriver: Execution #1 of query
2024-04-30T20:08:52,504  INFO [HiveServer2-Background-Pool: Thread-676] ql.Driver: Concurrency mode is disabled, not creating a lock manager
2024-04-30T20:08:52,504  INFO [HiveServer2-Background-Pool: Thread-676] ql.Driver: Executing command(queryId=alex_20240430200852_d3c80005-42fa-4676-bd9e-141530c17357): create table if not exists test.testTbl(a string, b string)
2024-04-30T20:08:52,504  INFO [HiveServer2-Background-Pool: Thread-676] ql.Driver: Starting task [Stage-0:DDL] in serial mode
2024-04-30T20:08:52,506  INFO [HiveServer2-Background-Pool: Thread-676] HiveMetaStore.audit: ugi=alex	ip=unknown-ip-addr	cmd=create_table_req: Table(tableName:testTbl, dbName:test, owner:alex, createTime:1714532932, lastAccessTime:0, retention:0, sd:StorageDescriptor(cols:[FieldSchema(name:a, type:string, comment:null), FieldSchema(name:b, type:string, comment:null)], location:null, inputFormat:org.apache.hadoop.mapred.TextInputFormat, outputFormat:org.apache.hadoop.hive.ql.io.HiveIgnoreKeyTextOutputFormat, compressed:false, numBuckets:-1, serdeInfo:SerDeInfo(name:null, serializationLib:org.apache.hadoop.hive.serde2.lazy.LazySimpleSerDe, parameters:{serialization.format=1}), bucketCols:[], sortCols:[], parameters:{}, skewedInfo:SkewedInfo(skewedColNames:[], skewedColValues:[], skewedColValueLocationMaps:{}), storedAsSubDirectories:false), partitionKeys:[], parameters:{totalSize=0, numRows=0, rawDataSize=0, COLUMN_STATS_ACCURATE={"BASIC_STATS":"true","COLUMN_STATS":{"a":"true","b":"true"}}, numFiles=0, bucketing_version=2, numFilesErasureCoded=0}, viewOriginalText:null, viewExpandedText:null, tableType:MANAGED_TABLE, privileges:PrincipalPrivilegeSet(userPrivileges:{alex=[PrivilegeGrantInfo(privilege:INSERT, createTime:-1, grantor:alex, grantorType:USER, grantOption:true), PrivilegeGrantInfo(privilege:SELECT, createTime:-1, grantor:alex, grantorType:USER, grantOption:true), PrivilegeGrantInfo(privilege:UPDATE, createTime:-1, grantor:alex, grantorType:USER, grantOption:true), PrivilegeGrantInfo(privilege:DELETE, createTime:-1, grantor:alex, grantorType:USER, grantOption:true)]}, groupPrivileges:null, rolePrivileges:null), temporary:false, catName:hive, ownerType:USER)	
2024-04-30T20:08:52,507  INFO [HiveServer2-Background-Pool: Thread-676] metastore.HMSHandler: 32: Opening raw store with implementation class:org.apache.hadoop.hive.metastore.ObjectStore
2024-04-30T20:08:52,507  INFO [HiveServer2-Background-Pool: Thread-676] metastore.ObjectStore: RawStore: org.apache.hadoop.hive.metastore.ObjectStore@26942199, with PersistenceManager: null will be shutdown
2024-04-30T20:08:52,508  INFO [HiveServer2-Background-Pool: Thread-676] metastore.ObjectStore: RawStore: org.apache.hadoop.hive.metastore.ObjectStore@26942199, with PersistenceManager: org.datanucleus.api.jdo.JDOPersistenceManager@3922bc94 created in the thread with id: 676
2024-04-30T20:08:52,510  INFO [HiveServer2-Background-Pool: Thread-676] metastore.HMSHandler: Created RawStore: org.apache.hadoop.hive.metastore.ObjectStore@26942199 from thread id: 676
2024-04-30T20:08:52,512  INFO [HiveServer2-Background-Pool: Thread-676] utils.FileUtils: Creating directory if it doesn't exist: file:/home/alex/Repositories/hive/beeline/target/tmp/warehouse/test.db/testtbl
2024-04-30T20:08:52,526  INFO [HiveServer2-Background-Pool: Thread-676] metadata.Hive: Dumping metastore api call timing information for : execution phase
2024-04-30T20:08:52,526  INFO [HiveServer2-Background-Pool: Thread-676] metadata.Hive: Total time spent in each metastore function (ms): {isCompatibleWith_(Configuration)=0, createTable_(Table)=21}
2024-04-30T20:08:52,526  INFO [HiveServer2-Background-Pool: Thread-676] ql.Driver: Completed executing command(queryId=alex_20240430200852_d3c80005-42fa-4676-bd9e-141530c17357); Time taken: 0.022 seconds
2024-04-30T20:08:52,527  INFO [HiveServer2-Background-Pool: Thread-676] common.LogUtils: Unregistered logging context.
2024-04-30T20:08:52,528  INFO [8075823a-0cf3-4e09-b954-444bef0abf09 main] operation.OperationManager: Closing operation: OperationHandle [opType=EXECUTE_STATEMENT, getHandleIdentifier()=e4d03391-e9b7-42ac-95d7-7bdefcb21415]
2024-04-30T20:08:52,528  INFO [8075823a-0cf3-4e09-b954-444bef0abf09 main] operation.OperationManager: Removed queryId: alex_20240430200852_d3c80005-42fa-4676-bd9e-141530c17357 corresponding to operation: OperationHandle [opType=EXECUTE_STATEMENT, getHandleIdentifier()=e4d03391-e9b7-42ac-95d7-7bdefcb21415] with tag: null
2024-04-30T20:08:52,528  INFO [8075823a-0cf3-4e09-b954-444bef0abf09 main] operation.SQLOperation: Closing operation log /home/alex/Repositories/hive/beeline/target/tmp/alex/operation_logs/8075823a-0cf3-4e09-b954-444bef0abf09/alex_20240430200852_d3c80005-42fa-4676-bd9e-141530c17357 without delay
2024-04-30T20:08:52,533  INFO [8075823a-0cf3-4e09-b954-444bef0abf09 main] session.HiveSessionImpl: executing set hive.cli.print.header=true
2024-04-30T20:08:52,534  INFO [8075823a-0cf3-4e09-b954-444bef0abf09 main] operation.HiveCommandOperation: Putting temp output to file /home/alex/Repositories/hive/beeline/target/tmp/alex/8075823a-0cf3-4e09-b954-444bef0abf0956419317185000832.pipeout and error output to file /home/alex/Repositories/hive/beeline/target/tmp/alex/8075823a-0cf3-4e09-b954-444bef0abf09892583959815834104.pipeout
2024-04-30T20:08:52,534  INFO [8075823a-0cf3-4e09-b954-444bef0abf09 main] operation.OperationManager: Adding operation: OperationHandle [opType=EXECUTE_STATEMENT, getHandleIdentifier()=7fe66615-8c4c-4997-8a8d-08f14d99bb83] SessionHandle [8075823a-0cf3-4e09-b954-444bef0abf09]
2024-04-30T20:08:52,534  INFO [8075823a-0cf3-4e09-b954-444bef0abf09 main] common.LogUtils: Thread context registration is done.
DEBUG StatusLogger Building Plugin[name=filter, class=org.apache.hadoop.hive.ql.log.LogDivertAppender$NameFilter].
DEBUG StatusLogger createFilter(loggingLevel="EXECUTION")
DEBUG StatusLogger Building Plugin[name=layout, class=org.apache.logging.log4j.core.layout.PatternLayout].
DEBUG StatusLogger PatternLayout$Builder(pattern="%-5p : %m%n", PatternSelector=null, Configuration(HiveLog4j2Test), Replace=null, charset="null", alwaysWriteExceptions="null", disableAnsi="null", noConsoleNoAnsi="null", header="null", footer="null")
DEBUG StatusLogger Building Plugin[name=appender, class=org.apache.hadoop.hive.ql.log.HushableRandomAccessFileAppender].
DEBUG StatusLogger createAppender(fileName="/home/alex/Repositories/hive/beeline/target/tmp/alex/operation_logs/8075823a-0cf3-4e09-b954-444bef0abf09/alex_20240430200852_a0fad15a-2050-4545-a2c7-636c866019ce", append="null", name="query-file-appender", immediateFlush="null", bufferSize="null", ignoreExceptions="null", PatternLayout(org.apache.logging.log4j.core.layout.PatternLayout with name PatternLayout), NameFilter(org.apache.hadoop.hive.ql.log.LogDivertAppender$NameFilter with name NameFilter), advertise="null", advertiseURI="null", Configuration(HiveLog4j2Test))
DEBUG StatusLogger Starting RandomAccessFileManager /home/alex/Repositories/hive/beeline/target/tmp/alex/operation_logs/8075823a-0cf3-4e09-b954-444bef0abf09/alex_20240430200852_a0fad15a-2050-4545-a2c7-636c866019ce
DEBUG StatusLogger Building Plugin[name=, class=org.apache.hadoop.hive.ql.log.LogDivertAppenderForTest$TestFilter].
DEBUG StatusLogger createFilter()
DEBUG StatusLogger Building Plugin[name=, class=org.apache.logging.log4j.core.layout.PatternLayout].
DEBUG StatusLogger PatternLayout$Builder(pattern="%-5p : %m%n", PatternSelector=null, Configuration(HiveLog4j2Test), Replace=null, charset="null", alwaysWriteExceptions="null", disableAnsi="null", noConsoleNoAnsi="null", header="null", footer="null")
DEBUG StatusLogger Building Plugin[name=appender, class=org.apache.hadoop.hive.ql.log.HushableRandomAccessFileAppender].
DEBUG StatusLogger createAppender(fileName="/home/alex/Repositories/hive/beeline/target/tmp/alex/operation_logs/8075823a-0cf3-4e09-b954-444bef0abf09/alex_20240430200852_a0fad15a-2050-4545-a2c7-636c866019ce.test", append="null", name="test-query-file-appender", immediateFlush="null", bufferSize="null", ignoreExceptions="null", PatternLayout(org.apache.logging.log4j.core.layout.PatternLayout with name PatternLayout), test-filter(org.apache.hadoop.hive.ql.log.LogDivertAppenderForTest$TestFilter with name test-filter), advertise="null", advertiseURI="null", Configuration(HiveLog4j2Test))
DEBUG StatusLogger Starting RandomAccessFileManager /home/alex/Repositories/hive/beeline/target/tmp/alex/operation_logs/8075823a-0cf3-4e09-b954-444bef0abf09/alex_20240430200852_a0fad15a-2050-4545-a2c7-636c866019ce.test
2024-04-30T20:08:52,539  INFO [8075823a-0cf3-4e09-b954-444bef0abf09 main] operation.HiveCommandOperation: [opType=EXECUTE_STATEMENT, queryId=alex_20240430200852_a0fad15a-2050-4545-a2c7-636c866019ce, startTime=1714532932533, sessionId=8075823a-0cf3-4e09-b954-444bef0abf09, createTime=1714532932391, userName=null, ipAddress=null]
2024-04-30T20:08:52,540  INFO [8075823a-0cf3-4e09-b954-444bef0abf09 main] common.LogUtils: Unregistered logging context.
2024-04-30T20:08:52,542  INFO [8075823a-0cf3-4e09-b954-444bef0abf09 main] operation.OperationManager: Closing operation: OperationHandle [opType=EXECUTE_STATEMENT, getHandleIdentifier()=7fe66615-8c4c-4997-8a8d-08f14d99bb83]
2024-04-30T20:08:52,542  INFO [8075823a-0cf3-4e09-b954-444bef0abf09 main] operation.OperationManager: Removed queryId: alex_20240430200852_a0fad15a-2050-4545-a2c7-636c866019ce corresponding to operation: OperationHandle [opType=EXECUTE_STATEMENT, getHandleIdentifier()=7fe66615-8c4c-4997-8a8d-08f14d99bb83] with tag: null
2024-04-30T20:08:52,542  INFO [8075823a-0cf3-4e09-b954-444bef0abf09 main] operation.HiveCommandOperation: Closing operation log /home/alex/Repositories/hive/beeline/target/tmp/alex/operation_logs/8075823a-0cf3-4e09-b954-444bef0abf09/alex_20240430200852_a0fad15a-2050-4545-a2c7-636c866019ce without delay
2024-04-30T20:08:52,583  WARN [main] conf.HiveConf: HiveConf of name hive.dummyparam.test.server.specific.config.override does not exist
2024-04-30T20:08:52,583  WARN [main] conf.HiveConf: HiveConf of name hive.dummyparam.test.server.specific.config.hiveserver2site does not exist
2024-04-30T20:08:52,583  WARN [main] conf.HiveConf: HiveConf of name hive.dummyparam.test.server.specific.config.metastoresite does not exist
2024-04-30T20:08:52,583  INFO [8075823a-0cf3-4e09-b954-444bef0abf09 main] session.HiveSessionImpl: executing set
2024-04-30T20:08:52,584  INFO [8075823a-0cf3-4e09-b954-444bef0abf09 main] operation.HiveCommandOperation: Putting temp output to file /home/alex/Repositories/hive/beeline/target/tmp/alex/8075823a-0cf3-4e09-b954-444bef0abf0956419317185000832.pipeout and error output to file /home/alex/Repositories/hive/beeline/target/tmp/alex/8075823a-0cf3-4e09-b954-444bef0abf09892583959815834104.pipeout
2024-04-30T20:08:52,584  INFO [8075823a-0cf3-4e09-b954-444bef0abf09 main] operation.OperationManager: Adding operation: OperationHandle [opType=EXECUTE_STATEMENT, getHandleIdentifier()=4bfc5292-5bad-41a7-8b8f-dce45a44b237] SessionHandle [8075823a-0cf3-4e09-b954-444bef0abf09]
2024-04-30T20:08:52,584  INFO [8075823a-0cf3-4e09-b954-444bef0abf09 main] common.LogUtils: Thread context registration is done.
DEBUG StatusLogger Building Plugin[name=filter, class=org.apache.hadoop.hive.ql.log.LogDivertAppender$NameFilter].
DEBUG StatusLogger createFilter(loggingLevel="EXECUTION")
DEBUG StatusLogger Building Plugin[name=layout, class=org.apache.logging.log4j.core.layout.PatternLayout].
DEBUG StatusLogger PatternLayout$Builder(pattern="%-5p : %m%n", PatternSelector=null, Configuration(HiveLog4j2Test), Replace=null, charset="null", alwaysWriteExceptions="null", disableAnsi="null", noConsoleNoAnsi="null", header="null", footer="null")
DEBUG StatusLogger Building Plugin[name=appender, class=org.apache.hadoop.hive.ql.log.HushableRandomAccessFileAppender].
DEBUG StatusLogger createAppender(fileName="/home/alex/Repositories/hive/beeline/target/tmp/alex/operation_logs/8075823a-0cf3-4e09-b954-444bef0abf09/alex_20240430200852_57576637-8837-457d-9887-33eb48806237", append="null", name="query-file-appender", immediateFlush="null", bufferSize="null", ignoreExceptions="null", PatternLayout(org.apache.logging.log4j.core.layout.PatternLayout with name PatternLayout), NameFilter(org.apache.hadoop.hive.ql.log.LogDivertAppender$NameFilter with name NameFilter), advertise="null", advertiseURI="null", Configuration(HiveLog4j2Test))
DEBUG StatusLogger Starting RandomAccessFileManager /home/alex/Repositories/hive/beeline/target/tmp/alex/operation_logs/8075823a-0cf3-4e09-b954-444bef0abf09/alex_20240430200852_57576637-8837-457d-9887-33eb48806237
DEBUG StatusLogger Building Plugin[name=, class=org.apache.hadoop.hive.ql.log.LogDivertAppenderForTest$TestFilter].
DEBUG StatusLogger createFilter()
DEBUG StatusLogger Building Plugin[name=, class=org.apache.logging.log4j.core.layout.PatternLayout].
DEBUG StatusLogger PatternLayout$Builder(pattern="%-5p : %m%n", PatternSelector=null, Configuration(HiveLog4j2Test), Replace=null, charset="null", alwaysWriteExceptions="null", disableAnsi="null", noConsoleNoAnsi="null", header="null", footer="null")
DEBUG StatusLogger Building Plugin[name=appender, class=org.apache.hadoop.hive.ql.log.HushableRandomAccessFileAppender].
DEBUG StatusLogger createAppender(fileName="/home/alex/Repositories/hive/beeline/target/tmp/alex/operation_logs/8075823a-0cf3-4e09-b954-444bef0abf09/alex_20240430200852_57576637-8837-457d-9887-33eb48806237.test", append="null", name="test-query-file-appender", immediateFlush="null", bufferSize="null", ignoreExceptions="null", PatternLayout(org.apache.logging.log4j.core.layout.PatternLayout with name PatternLayout), test-filter(org.apache.hadoop.hive.ql.log.LogDivertAppenderForTest$TestFilter with name test-filter), advertise="null", advertiseURI="null", Configuration(HiveLog4j2Test))
DEBUG StatusLogger Starting RandomAccessFileManager /home/alex/Repositories/hive/beeline/target/tmp/alex/operation_logs/8075823a-0cf3-4e09-b954-444bef0abf09/alex_20240430200852_57576637-8837-457d-9887-33eb48806237.test
2024-04-30T20:08:52,587  INFO [8075823a-0cf3-4e09-b954-444bef0abf09 main] operation.HiveCommandOperation: [opType=EXECUTE_STATEMENT, queryId=alex_20240430200852_57576637-8837-457d-9887-33eb48806237, startTime=1714532932584, sessionId=8075823a-0cf3-4e09-b954-444bef0abf09, createTime=1714532932391, userName=null, ipAddress=null]
2024-04-30T20:08:52,594  INFO [8075823a-0cf3-4e09-b954-444bef0abf09 main] common.LogUtils: Unregistered logging context.
2024-04-30T20:08:52,596  INFO [8075823a-0cf3-4e09-b954-444bef0abf09 main] operation.OperationManager: Closing operation: OperationHandle [opType=EXECUTE_STATEMENT, getHandleIdentifier()=4bfc5292-5bad-41a7-8b8f-dce45a44b237]
2024-04-30T20:08:52,597  INFO [8075823a-0cf3-4e09-b954-444bef0abf09 main] operation.OperationManager: Removed queryId: alex_20240430200852_57576637-8837-457d-9887-33eb48806237 corresponding to operation: OperationHandle [opType=EXECUTE_STATEMENT, getHandleIdentifier()=4bfc5292-5bad-41a7-8b8f-dce45a44b237] with tag: null
2024-04-30T20:08:52,597  INFO [8075823a-0cf3-4e09-b954-444bef0abf09 main] operation.HiveCommandOperation: Closing operation log /home/alex/Repositories/hive/beeline/target/tmp/alex/operation_logs/8075823a-0cf3-4e09-b954-444bef0abf09/alex_20240430200852_57576637-8837-457d-9887-33eb48806237 without delay
2024-04-30T20:08:52,602  INFO [8075823a-0cf3-4e09-b954-444bef0abf09 main] session.HiveSessionImpl: executing select * from test.testTbl
2024-04-30T20:08:52,603  INFO [8075823a-0cf3-4e09-b954-444bef0abf09 main] operation.OperationManager: Adding operation: OperationHandle [opType=EXECUTE_STATEMENT, getHandleIdentifier()=8feb0c94-c8fd-4ee3-96da-4015c9f7a96e] SessionHandle [8075823a-0cf3-4e09-b954-444bef0abf09]
2024-04-30T20:08:52,603  INFO [8075823a-0cf3-4e09-b954-444bef0abf09 main] common.LogUtils: Thread context registration is done.
DEBUG StatusLogger Building Plugin[name=filter, class=org.apache.hadoop.hive.ql.log.LogDivertAppender$NameFilter].
DEBUG StatusLogger createFilter(loggingLevel="EXECUTION")
DEBUG StatusLogger Building Plugin[name=layout, class=org.apache.logging.log4j.core.layout.PatternLayout].
DEBUG StatusLogger PatternLayout$Builder(pattern="%-5p : %m%n", PatternSelector=null, Configuration(HiveLog4j2Test), Replace=null, charset="null", alwaysWriteExceptions="null", disableAnsi="null", noConsoleNoAnsi="null", header="null", footer="null")
DEBUG StatusLogger Building Plugin[name=appender, class=org.apache.hadoop.hive.ql.log.HushableRandomAccessFileAppender].
DEBUG StatusLogger createAppender(fileName="/home/alex/Repositories/hive/beeline/target/tmp/alex/operation_logs/8075823a-0cf3-4e09-b954-444bef0abf09/alex_20240430200852_21ff963d-cd17-49f5-af80-6885578906dc", append="null", name="query-file-appender", immediateFlush="null", bufferSize="null", ignoreExceptions="null", PatternLayout(org.apache.logging.log4j.core.layout.PatternLayout with name PatternLayout), NameFilter(org.apache.hadoop.hive.ql.log.LogDivertAppender$NameFilter with name NameFilter), advertise="null", advertiseURI="null", Configuration(HiveLog4j2Test))
DEBUG StatusLogger Starting RandomAccessFileManager /home/alex/Repositories/hive/beeline/target/tmp/alex/operation_logs/8075823a-0cf3-4e09-b954-444bef0abf09/alex_20240430200852_21ff963d-cd17-49f5-af80-6885578906dc
DEBUG StatusLogger Building Plugin[name=, class=org.apache.hadoop.hive.ql.log.LogDivertAppenderForTest$TestFilter].
DEBUG StatusLogger createFilter()
DEBUG StatusLogger Building Plugin[name=, class=org.apache.logging.log4j.core.layout.PatternLayout].
DEBUG StatusLogger PatternLayout$Builder(pattern="%-5p : %m%n", PatternSelector=null, Configuration(HiveLog4j2Test), Replace=null, charset="null", alwaysWriteExceptions="null", disableAnsi="null", noConsoleNoAnsi="null", header="null", footer="null")
DEBUG StatusLogger Building Plugin[name=appender, class=org.apache.hadoop.hive.ql.log.HushableRandomAccessFileAppender].
DEBUG StatusLogger createAppender(fileName="/home/alex/Repositories/hive/beeline/target/tmp/alex/operation_logs/8075823a-0cf3-4e09-b954-444bef0abf09/alex_20240430200852_21ff963d-cd17-49f5-af80-6885578906dc.test", append="null", name="test-query-file-appender", immediateFlush="null", bufferSize="null", ignoreExceptions="null", PatternLayout(org.apache.logging.log4j.core.layout.PatternLayout with name PatternLayout), test-filter(org.apache.hadoop.hive.ql.log.LogDivertAppenderForTest$TestFilter with name test-filter), advertise="null", advertiseURI="null", Configuration(HiveLog4j2Test))
DEBUG StatusLogger Starting RandomAccessFileManager /home/alex/Repositories/hive/beeline/target/tmp/alex/operation_logs/8075823a-0cf3-4e09-b954-444bef0abf09/alex_20240430200852_21ff963d-cd17-49f5-af80-6885578906dc.test
2024-04-30T20:08:52,606  INFO [8075823a-0cf3-4e09-b954-444bef0abf09 main] operation.SQLOperation: [opType=EXECUTE_STATEMENT, queryId=alex_20240430200852_21ff963d-cd17-49f5-af80-6885578906dc, startTime=1714532932603, sessionId=8075823a-0cf3-4e09-b954-444bef0abf09, createTime=1714532932391, userName=null, ipAddress=null]
2024-04-30T20:08:52,606  INFO [8075823a-0cf3-4e09-b954-444bef0abf09 main] ql.Driver: Compiling command(queryId=alex_20240430200852_21ff963d-cd17-49f5-af80-6885578906dc): select * from test.testTbl
2024-04-30T20:08:52,608  INFO [8075823a-0cf3-4e09-b954-444bef0abf09 main] parse.CalcitePlanner: Starting caching scope for: alex_20240430200852_21ff963d-cd17-49f5-af80-6885578906dc
2024-04-30T20:08:52,608  INFO [8075823a-0cf3-4e09-b954-444bef0abf09 main] parse.CalcitePlanner: Starting Semantic Analysis
2024-04-30T20:08:52,611  INFO [8075823a-0cf3-4e09-b954-444bef0abf09 main] parse.CalcitePlanner: Completed phase 1 of Semantic Analysis
2024-04-30T20:08:52,611  INFO [8075823a-0cf3-4e09-b954-444bef0abf09 main] parse.CalcitePlanner: Get metadata for source tables
2024-04-30T20:08:52,612  INFO [8075823a-0cf3-4e09-b954-444bef0abf09 main] HiveMetaStore.audit: ugi=alex	ip=unknown-ip-addr	cmd=get_table : tbl=hive.test.testtbl	
2024-04-30T20:08:52,622  INFO [8075823a-0cf3-4e09-b954-444bef0abf09 main] parse.CalcitePlanner: Get metadata for subqueries
2024-04-30T20:08:52,622  INFO [8075823a-0cf3-4e09-b954-444bef0abf09 main] parse.CalcitePlanner: Get metadata for destination tables
2024-04-30T20:08:52,627  INFO [8075823a-0cf3-4e09-b954-444bef0abf09 main] parse.CalcitePlanner: Completed getting MetaData in Semantic Analysis
2024-04-30T20:08:53,681  INFO [8075823a-0cf3-4e09-b954-444bef0abf09 main] HiveMetaStore.audit: ugi=alex	ip=unknown-ip-addr	cmd=get_all_table_constraints : tbl=hive.test.testtbl	
2024-04-30T20:08:54,121  INFO [8075823a-0cf3-4e09-b954-444bef0abf09 main] calcite.RelOptHiveTable: Calculating column statistics for test.testtbl, projIndxSet: [0, 1], allowMissingStats: true
2024-04-30T20:08:54,135  INFO [8075823a-0cf3-4e09-b954-444bef0abf09 main] HiveMetaStore.audit: ugi=alex	ip=unknown-ip-addr	cmd=get_table_statistics_req: table=hive.test.testtbl	
2024-04-30T20:08:54,152  WARN [8075823a-0cf3-4e09-b954-444bef0abf09 main] calcite.RelOptHiveTable: No Stats for test@testtbl, Columns: a, b
2024-04-30T20:08:54,152  INFO [8075823a-0cf3-4e09-b954-444bef0abf09 main] SessionState: No Stats for test@testtbl, Columns: a, b
2024-04-30T20:08:54,250  INFO [8075823a-0cf3-4e09-b954-444bef0abf09 main] parse.CalcitePlanner: Get metadata for source tables
2024-04-30T20:08:54,250  INFO [8075823a-0cf3-4e09-b954-444bef0abf09 main] parse.CalcitePlanner: Get metadata for subqueries
2024-04-30T20:08:54,250  INFO [8075823a-0cf3-4e09-b954-444bef0abf09 main] parse.CalcitePlanner: Get metadata for destination tables
2024-04-30T20:08:54,268  INFO [8075823a-0cf3-4e09-b954-444bef0abf09 main] common.FileUtils: Creating directory if it doesn't exist: file:/home/alex/Repositories/hive/beeline/target/tmp/alex/8075823a-0cf3-4e09-b954-444bef0abf09/hive_2024-04-30_20-08-52_606_4157403885667935717-1/-mr-10001/.hive-staging_hive_2024-04-30_20-08-52_606_4157403885667935717-1
2024-04-30T20:08:54,286  INFO [8075823a-0cf3-4e09-b954-444bef0abf09 main] parse.CalcitePlanner: CBO Succeeded; optimized logical plan.
2024-04-30T20:08:54,361  INFO [8075823a-0cf3-4e09-b954-444bef0abf09 main] optimizer.BucketVersionPopulator: not considering bucketingVersion for: TS[0] because it has -1<2 buckets 
2024-04-30T20:08:54,407  INFO [8075823a-0cf3-4e09-b954-444bef0abf09 main] parse.CalcitePlanner: Completed plan generation
2024-04-30T20:08:54,407  INFO [8075823a-0cf3-4e09-b954-444bef0abf09 main] parse.CalcitePlanner: Ending caching scope for: alex_20240430200852_21ff963d-cd17-49f5-af80-6885578906dc
2024-04-30T20:08:54,407  INFO [8075823a-0cf3-4e09-b954-444bef0abf09 main] ql.Driver: Semantic Analysis Completed (retrial = false)
2024-04-30T20:08:54,407  INFO [8075823a-0cf3-4e09-b954-444bef0abf09 main] ql.Driver: Created Hive schema: Schema(fieldSchemas:[FieldSchema(name:testtbl.a, type:string, comment:null), FieldSchema(name:testtbl.b, type:string, comment:null)], properties:null)
2024-04-30T20:08:54,410  INFO [8075823a-0cf3-4e09-b954-444bef0abf09 main] exec.TableScanOperator: Initializing Operator: TS[0]
2024-04-30T20:08:54,411  INFO [8075823a-0cf3-4e09-b954-444bef0abf09 main] exec.SelectOperator: Initializing Operator: SEL[1]
2024-04-30T20:08:54,417  INFO [8075823a-0cf3-4e09-b954-444bef0abf09 main] exec.SelectOperator: SELECT struct<a:string,b:string>
2024-04-30T20:08:54,417  INFO [8075823a-0cf3-4e09-b954-444bef0abf09 main] exec.ListSinkOperator: Initializing Operator: LIST_SINK[3]
2024-04-30T20:08:54,417  INFO [8075823a-0cf3-4e09-b954-444bef0abf09 main] metadata.Hive: Dumping metastore api call timing information for : compilation phase
2024-04-30T20:08:54,417  INFO [8075823a-0cf3-4e09-b954-444bef0abf09 main] metadata.Hive: Total time spent in each metastore function (ms): {getTableColumnStatistics_(String, String, List, String)=14, isCompatibleWith_(Configuration)=0, getAllTableConstraints_(AllTableConstraintsRequest)=53, getTable_(GetTableRequest)=8, flushCache_()=0}
2024-04-30T20:08:54,417  INFO [8075823a-0cf3-4e09-b954-444bef0abf09 main] ql.Driver: Completed compiling command(queryId=alex_20240430200852_21ff963d-cd17-49f5-af80-6885578906dc); Time taken: 1.811 seconds
2024-04-30T20:08:54,418  INFO [8075823a-0cf3-4e09-b954-444bef0abf09 main] common.LogUtils: Unregistered logging context.
2024-04-30T20:08:54,418  INFO [HiveServer2-Background-Pool: Thread-684] common.LogUtils: Thread context registration is done.
2024-04-30T20:08:54,418  INFO [HiveServer2-Background-Pool: Thread-684] reexec.ReExecDriver: Execution #1 of query
2024-04-30T20:08:54,419  INFO [HiveServer2-Background-Pool: Thread-684] ql.Driver: Concurrency mode is disabled, not creating a lock manager
2024-04-30T20:08:54,419  INFO [HiveServer2-Background-Pool: Thread-684] ql.Driver: Executing command(queryId=alex_20240430200852_21ff963d-cd17-49f5-af80-6885578906dc): select * from test.testTbl
2024-04-30T20:08:54,420  INFO [HiveServer2-Background-Pool: Thread-684] metadata.Hive: Dumping metastore api call timing information for : execution phase
2024-04-30T20:08:54,420  INFO [HiveServer2-Background-Pool: Thread-684] metadata.Hive: Total time spent in each metastore function (ms): {}
2024-04-30T20:08:54,420  INFO [HiveServer2-Background-Pool: Thread-684] ql.Driver: Completed executing command(queryId=alex_20240430200852_21ff963d-cd17-49f5-af80-6885578906dc); Time taken: 0.001 seconds
2024-04-30T20:08:54,420  INFO [HiveServer2-Background-Pool: Thread-684] common.LogUtils: Unregistered logging context.
2024-04-30T20:08:54,421  INFO [8075823a-0cf3-4e09-b954-444bef0abf09 main] operation.OperationManager: Closing operation: OperationHandle [opType=EXECUTE_STATEMENT, getHandleIdentifier()=8feb0c94-c8fd-4ee3-96da-4015c9f7a96e]
2024-04-30T20:08:54,421  INFO [8075823a-0cf3-4e09-b954-444bef0abf09 main] operation.OperationManager: Removed queryId: alex_20240430200852_21ff963d-cd17-49f5-af80-6885578906dc corresponding to operation: OperationHandle [opType=EXECUTE_STATEMENT, getHandleIdentifier()=8feb0c94-c8fd-4ee3-96da-4015c9f7a96e] with tag: null
2024-04-30T20:08:54,422  INFO [8075823a-0cf3-4e09-b954-444bef0abf09 main] ql.Context: Deleting scratch dir: file:/home/alex/Repositories/hive/beeline/target/tmp/alex/8075823a-0cf3-4e09-b954-444bef0abf09/hive_2024-04-30_20-08-52_606_4157403885667935717-1
2024-04-30T20:08:54,422  INFO [8075823a-0cf3-4e09-b954-444bef0abf09 main] cleanup.EventualCleanupService: Delete file:/home/alex/Repositories/hive/beeline/target/tmp/alex/8075823a-0cf3-4e09-b954-444bef0abf09/hive_2024-04-30_20-08-52_606_4157403885667935717-1 operation was queued
2024-04-30T20:08:54,422  INFO [8075823a-0cf3-4e09-b954-444bef0abf09 main] exec.TableScanOperator: Closing Operator: TS[0]
2024-04-30T20:08:54,422  INFO [8075823a-0cf3-4e09-b954-444bef0abf09 main] exec.TableScanOperator: RECORDS_OUT_INTERMEDIATE:0, RECORDS_OUT_OPERATOR_TS_0:0, 
2024-04-30T20:08:54,422  INFO [8075823a-0cf3-4e09-b954-444bef0abf09 main] exec.SelectOperator: Closing Operator: SEL[1]
2024-04-30T20:08:54,422  INFO [8075823a-0cf3-4e09-b954-444bef0abf09 main] exec.SelectOperator: RECORDS_OUT_INTERMEDIATE:0, RECORDS_OUT_OPERATOR_SEL_1:0, 
2024-04-30T20:08:54,422  INFO [8075823a-0cf3-4e09-b954-444bef0abf09 main] exec.ListSinkOperator: Closing Operator: LIST_SINK[3]
2024-04-30T20:08:54,422  INFO [8075823a-0cf3-4e09-b954-444bef0abf09 main] exec.ListSinkOperator: RECORDS_OUT_INTERMEDIATE:0, RECORDS_OUT_OPERATOR_LIST_SINK_3:0, 
2024-04-30T20:08:54,422  INFO [8075823a-0cf3-4e09-b954-444bef0abf09 main] operation.SQLOperation: Closing operation log /home/alex/Repositories/hive/beeline/target/tmp/alex/operation_logs/8075823a-0cf3-4e09-b954-444bef0abf09/alex_20240430200852_21ff963d-cd17-49f5-af80-6885578906dc without delay
2024-04-30T20:08:54,422  INFO [EventualCleanupService thread 0] cleanup.EventualCleanupService: Deleted file:/home/alex/Repositories/hive/beeline/target/tmp/alex/8075823a-0cf3-4e09-b954-444bef0abf09/hive_2024-04-30_20-08-52_606_4157403885667935717-1
2024-04-30T20:08:54,433  INFO [main] service.CompositeService: Session closed, SessionHandle [8075823a-0cf3-4e09-b954-444bef0abf09], current sessions:0
2024-04-30T20:08:54,434  INFO [8075823a-0cf3-4e09-b954-444bef0abf09 main] session.HiveSessionImpl: Operation log session directory is deleted: /home/alex/Repositories/hive/beeline/target/tmp/alex/operation_logs/8075823a-0cf3-4e09-b954-444bef0abf09
2024-04-30T20:08:54,434  INFO [main] cleanup.EventualCleanupService: Delete /tmp/hive/alex/8075823a-0cf3-4e09-b954-444bef0abf09 operation was queued
2024-04-30T20:08:54,434  INFO [main] cleanup.EventualCleanupService: Delete /home/alex/Repositories/hive/beeline/target/tmp/alex/8075823a-0cf3-4e09-b954-444bef0abf09 operation was queued
2024-04-30T20:08:54,434  INFO [EventualCleanupService thread 2] cleanup.EventualCleanupService: Deleted /home/alex/Repositories/hive/beeline/target/tmp/alex/8075823a-0cf3-4e09-b954-444bef0abf09
2024-04-30T20:08:54,434  INFO [EventualCleanupService thread 1] cleanup.EventualCleanupService: Deleted /tmp/hive/alex/8075823a-0cf3-4e09-b954-444bef0abf09
2024-04-30T20:08:54,435  INFO [main] HiveMetaStore.audit: ugi=alex	ip=unknown-ip-addr	cmd=Cleaning up thread local RawStore...	
2024-04-30T20:08:54,435  INFO [main] metastore.ObjectStore: RawStore: org.apache.hadoop.hive.metastore.ObjectStore@37b80ec7, with PersistenceManager: org.datanucleus.api.jdo.JDOPersistenceManager@4cb58e8b will be shutdown
2024-04-30T20:08:54,435  INFO [main] HiveMetaStore.audit: ugi=alex	ip=unknown-ip-addr	cmd=Done cleaning up thread local RawStore	
2024-04-30T20:08:54,435  INFO [main] metastore.HiveMetaStoreClient: Closed a connection to metastore, current connections: -43
]]></system-err>
  </testcase>
  <testcase name="testInValidCmd" classname="org.apache.hive.beeline.cli.TestHiveCli" time="0.217"/>
  <testcase name="testSqlFromCmdWithEmbeddedQuotes" classname="org.apache.hive.beeline.cli.TestHiveCli" time="0.303">
    <failure type="java.lang.AssertionError"><![CDATA[java.lang.AssertionError: Supported return code is 0 while the actual is 1
	at org.junit.Assert.fail(Assert.java:89)
	at org.apache.hive.beeline.cli.TestHiveCli.executeCMD(TestHiveCli.java:256)
	at org.apache.hive.beeline.cli.TestHiveCli.verifyCMD(TestHiveCli.java:266)
	at org.apache.hive.beeline.cli.TestHiveCli.testSqlFromCmdWithEmbeddedQuotes(TestHiveCli.java:172)
	at sun.reflect.NativeMethodAccessorImpl.invoke0(Native Method)
	at sun.reflect.NativeMethodAccessorImpl.invoke(NativeMethodAccessorImpl.java:62)
	at sun.reflect.DelegatingMethodAccessorImpl.invoke(DelegatingMethodAccessorImpl.java:43)
	at java.lang.reflect.Method.invoke(Method.java:498)
	at org.junit.runners.model.FrameworkMethod$1.runReflectiveCall(FrameworkMethod.java:59)
	at org.junit.internal.runners.model.ReflectiveCallable.run(ReflectiveCallable.java:12)
	at org.junit.runners.model.FrameworkMethod.invokeExplosively(FrameworkMethod.java:56)
	at org.junit.internal.runners.statements.InvokeMethod.evaluate(InvokeMethod.java:17)
	at org.junit.internal.runners.statements.RunBefores.evaluate(RunBefores.java:26)
	at org.junit.internal.runners.statements.RunAfters.evaluate(RunAfters.java:27)
	at org.junit.runners.ParentRunner$3.evaluate(ParentRunner.java:306)
	at org.junit.runners.BlockJUnit4ClassRunner$1.evaluate(BlockJUnit4ClassRunner.java:100)
	at org.junit.runners.ParentRunner.runLeaf(ParentRunner.java:366)
	at org.junit.runners.BlockJUnit4ClassRunner.runChild(BlockJUnit4ClassRunner.java:103)
	at org.junit.runners.BlockJUnit4ClassRunner.runChild(BlockJUnit4ClassRunner.java:63)
	at org.junit.runners.ParentRunner$4.run(ParentRunner.java:331)
	at org.junit.runners.ParentRunner$1.schedule(ParentRunner.java:79)
	at org.junit.runners.ParentRunner.runChildren(ParentRunner.java:329)
	at org.junit.runners.ParentRunner.access$100(ParentRunner.java:66)
	at org.junit.runners.ParentRunner$2.evaluate(ParentRunner.java:293)
	at org.junit.internal.runners.statements.RunBefores.evaluate(RunBefores.java:26)
	at org.junit.runners.ParentRunner$3.evaluate(ParentRunner.java:306)
	at org.junit.runners.ParentRunner.run(ParentRunner.java:413)
	at org.junit.runner.JUnitCore.run(JUnitCore.java:137)
	at org.junit.runner.JUnitCore.run(JUnitCore.java:115)
	at org.junit.vintage.engine.execution.RunnerExecutor.execute(RunnerExecutor.java:43)
	at java.util.stream.ForEachOps$ForEachOp$OfRef.accept(ForEachOps.java:183)
	at java.util.stream.ReferencePipeline$3$1.accept(ReferencePipeline.java:193)
	at java.util.Iterator.forEachRemaining(Iterator.java:116)
	at java.util.Spliterators$IteratorSpliterator.forEachRemaining(Spliterators.java:1801)
	at java.util.stream.AbstractPipeline.copyInto(AbstractPipeline.java:482)
	at java.util.stream.AbstractPipeline.wrapAndCopyInto(AbstractPipeline.java:472)
	at java.util.stream.ForEachOps$ForEachOp.evaluateSequential(ForEachOps.java:150)
	at java.util.stream.ForEachOps$ForEachOp$OfRef.evaluateSequential(ForEachOps.java:173)
	at java.util.stream.AbstractPipeline.evaluate(AbstractPipeline.java:234)
	at java.util.stream.ReferencePipeline.forEach(ReferencePipeline.java:485)
	at org.junit.vintage.engine.VintageTestEngine.executeAllChildren(VintageTestEngine.java:82)
	at org.junit.vintage.engine.VintageTestEngine.execute(VintageTestEngine.java:73)
	at org.junit.platform.launcher.core.DefaultLauncher.execute(DefaultLauncher.java:248)
	at org.junit.platform.launcher.core.DefaultLauncher.lambda$execute$5(DefaultLauncher.java:211)
	at org.junit.platform.launcher.core.DefaultLauncher.withInterceptedStreams(DefaultLauncher.java:226)
	at org.junit.platform.launcher.core.DefaultLauncher.execute(DefaultLauncher.java:199)
	at org.junit.platform.launcher.core.DefaultLauncher.execute(DefaultLauncher.java:132)
	at org.apache.maven.surefire.junitplatform.JUnitPlatformProvider.invokeAllTests(JUnitPlatformProvider.java:154)
	at org.apache.maven.surefire.junitplatform.JUnitPlatformProvider.invoke(JUnitPlatformProvider.java:123)
	at org.apache.maven.surefire.booter.ForkedBooter.runSuitesInProcess(ForkedBooter.java:377)
	at org.apache.maven.surefire.booter.ForkedBooter.execute(ForkedBooter.java:138)
	at org.apache.maven.surefire.booter.ForkedBooter.run(ForkedBooter.java:465)
	at org.apache.maven.surefire.booter.ForkedBooter.main(ForkedBooter.java:451)
]]></failure>
    <system-err><![CDATA[2024-04-30T20:08:54,653 ERROR [main] cli.TestHiveCli: Failed to execute command due to the error: java.lang.NullPointerException: Null output stream
2024-04-30T20:08:54,696  WARN [main] conf.HiveConf: HiveConf of name hive.dummyparam.test.server.specific.config.override does not exist
2024-04-30T20:08:54,696  WARN [main] conf.HiveConf: HiveConf of name hive.dummyparam.test.server.specific.config.hiveserver2site does not exist
2024-04-30T20:08:54,696  WARN [main] conf.HiveConf: HiveConf of name hive.dummyparam.test.server.specific.config.metastoresite does not exist
2024-04-30T20:08:54,696  INFO [main] SessionState: Hive Session ID = 95c3cfb7-66f7-40cb-8119-45c574b39d27
2024-04-30T20:08:54,697  INFO [main] DependencyResolver: ivysettings.xml file not found in HIVE_HOME or HIVE_CONF_DIR,/home/alex/Repositories/hive/conf/ivysettings.xml will be used
2024-04-30T20:08:54,704  INFO [main] session.SessionState: Created HDFS directory: /tmp/hive/alex/95c3cfb7-66f7-40cb-8119-45c574b39d27
2024-04-30T20:08:54,707  INFO [main] session.SessionState: Created local directory: /home/alex/Repositories/hive/beeline/target/tmp/alex/95c3cfb7-66f7-40cb-8119-45c574b39d27
2024-04-30T20:08:54,710  INFO [main] session.SessionState: Created HDFS directory: /tmp/hive/alex/95c3cfb7-66f7-40cb-8119-45c574b39d27/_tmp_space.db
2024-04-30T20:08:54,711  INFO [main] sqlstd.SQLStdHiveAccessController: Created SQLStdHiveAccessController for session context : HiveAuthzSessionContext [sessionString=95c3cfb7-66f7-40cb-8119-45c574b39d27, clientType=HIVESERVER2]
2024-04-30T20:08:54,711  INFO [main] metastore.HiveMetaStoreClient: HMS client filtering is enabled.
2024-04-30T20:08:54,712  INFO [main] metastore.HMSHandler: 0: Opening raw store with implementation class:org.apache.hadoop.hive.metastore.ObjectStore
2024-04-30T20:08:54,712  INFO [main] metastore.PersistenceManagerProvider: Configuration datanucleus.autoStartMechanismMode is not set. Defaulting to 'ignored'
2024-04-30T20:08:54,712  INFO [main] metastore.ObjectStore: RawStore: org.apache.hadoop.hive.metastore.ObjectStore@528ef230, with PersistenceManager: null will be shutdown
2024-04-30T20:08:54,712  INFO [main] metastore.ObjectStore: RawStore: org.apache.hadoop.hive.metastore.ObjectStore@528ef230, with PersistenceManager: org.datanucleus.api.jdo.JDOPersistenceManager@ae85aad created in the thread with id: 1
2024-04-30T20:08:54,714  INFO [main] metastore.HMSHandler: Created RawStore: org.apache.hadoop.hive.metastore.ObjectStore@528ef230 from thread id: 1
2024-04-30T20:08:54,714  INFO [main] metastore.HMSHandler: HMS server filtering is disabled by configuration
2024-04-30T20:08:54,714  INFO [main] metastore.RetryingMetaStoreClient: RetryingMetaStoreClient proxy=class org.apache.hadoop.hive.ql.metadata.SessionHiveMetaStoreClient ugi=alex (auth:SIMPLE) retries=1 delay=1 lifetime=0
2024-04-30T20:08:54,714  INFO [main] service.CompositeService: Operation log root directory is created: /home/alex/Repositories/hive/beeline/target/tmp/alex/operation_logs
2024-04-30T20:08:54,714  INFO [main] service.CompositeService: HiveServer2: Background operation thread pool size: 100
2024-04-30T20:08:54,714  INFO [main] service.CompositeService: HiveServer2: Background operation thread wait queue size: 100
2024-04-30T20:08:54,714  INFO [main] service.CompositeService: HiveServer2: Background operation thread keepalive time: 10 seconds
2024-04-30T20:08:54,714  INFO [main] service.CompositeService: Connections limit are user: 0 ipaddress: 0 user-ipaddress: 0
2024-04-30T20:08:54,716  INFO [main] cleanup.EventualCleanupService: EventualCleanupService started with 10 threads and queue of size 10000
ERROR StatusLogger Log4j2 ConfigurationScheduler attempted to increment scheduled items after start
ERROR StatusLogger Log4j2 ConfigurationScheduler attempted to increment scheduled items after start
2024-04-30T20:08:54,717  INFO [main] service.AbstractService: Service:OperationManager is inited.
2024-04-30T20:08:54,717  INFO [main] service.AbstractService: Service:SessionManager is inited.
2024-04-30T20:08:54,717  INFO [main] service.AbstractService: Service:CLIService is inited.
2024-04-30T20:08:54,717  INFO [main] service.AbstractService: Service:OperationManager is started.
2024-04-30T20:08:54,717  INFO [main] service.AbstractService: Service:SessionManager is started.
2024-04-30T20:08:54,717  INFO [main] service.AbstractService: Service:CLIService is started.
2024-04-30T20:08:54,717  INFO [main] service.AbstractService: Service:ThriftBinaryCLIService is inited.
2024-04-30T20:08:54,717  INFO [main] thrift.ThriftCLIService: Client protocol version: HIVE_CLI_SERVICE_PROTOCOL_V10
2024-04-30T20:08:54,717  INFO [main] thrift.ThriftCLIService: Creating Hive session handle for user [null] from IP null
2024-04-30T20:08:54,718  INFO [main] DependencyResolver: ivysettings.xml file not found in HIVE_HOME or HIVE_CONF_DIR,/home/alex/Repositories/hive/conf/ivysettings.xml will be used
2024-04-30T20:08:54,725  INFO [main] session.SessionState: Created HDFS directory: /tmp/hive/alex/7d18962b-d14f-4fbf-b8f4-5112d0053c4f
2024-04-30T20:08:54,728  INFO [main] session.SessionState: Created local directory: /home/alex/Repositories/hive/beeline/target/tmp/alex/7d18962b-d14f-4fbf-b8f4-5112d0053c4f
2024-04-30T20:08:54,732  INFO [main] session.SessionState: Created HDFS directory: /tmp/hive/alex/7d18962b-d14f-4fbf-b8f4-5112d0053c4f/_tmp_space.db
2024-04-30T20:08:54,732  INFO [main] session.SessionState: Reloading auxiliary JAR files
2024-04-30T20:08:54,732  WARN [main] session.SessionState: Configuration hive.reloadable.aux.jars.path not specified
2024-04-30T20:08:54,732  INFO [main] HiveMetaStore.audit: ugi=alex	ip=unknown-ip-addr	cmd=Cleaning up thread local RawStore...	
2024-04-30T20:08:54,732  INFO [main] metastore.ObjectStore: RawStore: org.apache.hadoop.hive.metastore.ObjectStore@528ef230, with PersistenceManager: org.datanucleus.api.jdo.JDOPersistenceManager@ae85aad will be shutdown
2024-04-30T20:08:54,732  INFO [main] HiveMetaStore.audit: ugi=alex	ip=unknown-ip-addr	cmd=Done cleaning up thread local RawStore	
2024-04-30T20:08:54,732  INFO [main] metastore.HiveMetaStoreClient: Closed a connection to metastore, current connections: -45
2024-04-30T20:08:54,732  INFO [main] session.HiveSessionImpl: Operation log session directory is created: /home/alex/Repositories/hive/beeline/target/tmp/alex/operation_logs/7d18962b-d14f-4fbf-b8f4-5112d0053c4f
2024-04-30T20:08:54,732  INFO [main] service.CompositeService: Session opened, SessionHandle [7d18962b-d14f-4fbf-b8f4-5112d0053c4f], current sessions:1
2024-04-30T20:08:54,732  INFO [main] thrift.ThriftCLIService: Login attempt is successful for user : null
2024-04-30T20:08:54,772  WARN [main] conf.HiveConf: HiveConf of name hive.dummyparam.test.server.specific.config.override does not exist
2024-04-30T20:08:54,772  WARN [main] conf.HiveConf: HiveConf of name hive.dummyparam.test.server.specific.config.hiveserver2site does not exist
2024-04-30T20:08:54,772  WARN [main] conf.HiveConf: HiveConf of name hive.dummyparam.test.server.specific.config.metastoresite does not exist
2024-04-30T20:08:54,772  INFO [7d18962b-d14f-4fbf-b8f4-5112d0053c4f main] session.HiveSessionImpl: executing set
2024-04-30T20:08:54,773  INFO [7d18962b-d14f-4fbf-b8f4-5112d0053c4f main] operation.HiveCommandOperation: Putting temp output to file /home/alex/Repositories/hive/beeline/target/tmp/alex/7d18962b-d14f-4fbf-b8f4-5112d0053c4f2183619494851637019.pipeout and error output to file /home/alex/Repositories/hive/beeline/target/tmp/alex/7d18962b-d14f-4fbf-b8f4-5112d0053c4f3834751069293648587.pipeout
2024-04-30T20:08:54,773  INFO [7d18962b-d14f-4fbf-b8f4-5112d0053c4f main] operation.OperationManager: Adding operation: OperationHandle [opType=EXECUTE_STATEMENT, getHandleIdentifier()=3f7a3693-2f11-4526-80da-55de43338dc0] SessionHandle [7d18962b-d14f-4fbf-b8f4-5112d0053c4f]
2024-04-30T20:08:54,773  INFO [7d18962b-d14f-4fbf-b8f4-5112d0053c4f main] common.LogUtils: Thread context registration is done.
DEBUG StatusLogger Building Plugin[name=filter, class=org.apache.hadoop.hive.ql.log.LogDivertAppender$NameFilter].
DEBUG StatusLogger createFilter(loggingLevel="EXECUTION")
DEBUG StatusLogger Building Plugin[name=layout, class=org.apache.logging.log4j.core.layout.PatternLayout].
DEBUG StatusLogger PatternLayout$Builder(pattern="%-5p : %m%n", PatternSelector=null, Configuration(HiveLog4j2Test), Replace=null, charset="null", alwaysWriteExceptions="null", disableAnsi="null", noConsoleNoAnsi="null", header="null", footer="null")
DEBUG StatusLogger Building Plugin[name=appender, class=org.apache.hadoop.hive.ql.log.HushableRandomAccessFileAppender].
DEBUG StatusLogger createAppender(fileName="/home/alex/Repositories/hive/beeline/target/tmp/alex/operation_logs/7d18962b-d14f-4fbf-b8f4-5112d0053c4f/alex_20240430200854_7e3926b2-2a08-4288-8512-ce4ce1a5a16d", append="null", name="query-file-appender", immediateFlush="null", bufferSize="null", ignoreExceptions="null", PatternLayout(org.apache.logging.log4j.core.layout.PatternLayout with name PatternLayout), NameFilter(org.apache.hadoop.hive.ql.log.LogDivertAppender$NameFilter with name NameFilter), advertise="null", advertiseURI="null", Configuration(HiveLog4j2Test))
DEBUG StatusLogger Starting RandomAccessFileManager /home/alex/Repositories/hive/beeline/target/tmp/alex/operation_logs/7d18962b-d14f-4fbf-b8f4-5112d0053c4f/alex_20240430200854_7e3926b2-2a08-4288-8512-ce4ce1a5a16d
DEBUG StatusLogger Building Plugin[name=, class=org.apache.hadoop.hive.ql.log.LogDivertAppenderForTest$TestFilter].
DEBUG StatusLogger createFilter()
DEBUG StatusLogger Building Plugin[name=, class=org.apache.logging.log4j.core.layout.PatternLayout].
DEBUG StatusLogger PatternLayout$Builder(pattern="%-5p : %m%n", PatternSelector=null, Configuration(HiveLog4j2Test), Replace=null, charset="null", alwaysWriteExceptions="null", disableAnsi="null", noConsoleNoAnsi="null", header="null", footer="null")
DEBUG StatusLogger Building Plugin[name=appender, class=org.apache.hadoop.hive.ql.log.HushableRandomAccessFileAppender].
DEBUG StatusLogger createAppender(fileName="/home/alex/Repositories/hive/beeline/target/tmp/alex/operation_logs/7d18962b-d14f-4fbf-b8f4-5112d0053c4f/alex_20240430200854_7e3926b2-2a08-4288-8512-ce4ce1a5a16d.test", append="null", name="test-query-file-appender", immediateFlush="null", bufferSize="null", ignoreExceptions="null", PatternLayout(org.apache.logging.log4j.core.layout.PatternLayout with name PatternLayout), test-filter(org.apache.hadoop.hive.ql.log.LogDivertAppenderForTest$TestFilter with name test-filter), advertise="null", advertiseURI="null", Configuration(HiveLog4j2Test))
DEBUG StatusLogger Starting RandomAccessFileManager /home/alex/Repositories/hive/beeline/target/tmp/alex/operation_logs/7d18962b-d14f-4fbf-b8f4-5112d0053c4f/alex_20240430200854_7e3926b2-2a08-4288-8512-ce4ce1a5a16d.test
2024-04-30T20:08:54,776  INFO [7d18962b-d14f-4fbf-b8f4-5112d0053c4f main] operation.HiveCommandOperation: [opType=EXECUTE_STATEMENT, queryId=alex_20240430200854_7e3926b2-2a08-4288-8512-ce4ce1a5a16d, startTime=1714532934772, sessionId=7d18962b-d14f-4fbf-b8f4-5112d0053c4f, createTime=1714532934717, userName=null, ipAddress=null]
2024-04-30T20:08:54,783  INFO [7d18962b-d14f-4fbf-b8f4-5112d0053c4f main] common.LogUtils: Unregistered logging context.
2024-04-30T20:08:54,785  INFO [7d18962b-d14f-4fbf-b8f4-5112d0053c4f main] operation.OperationManager: Closing operation: OperationHandle [opType=EXECUTE_STATEMENT, getHandleIdentifier()=3f7a3693-2f11-4526-80da-55de43338dc0]
2024-04-30T20:08:54,785  INFO [7d18962b-d14f-4fbf-b8f4-5112d0053c4f main] operation.OperationManager: Removed queryId: alex_20240430200854_7e3926b2-2a08-4288-8512-ce4ce1a5a16d corresponding to operation: OperationHandle [opType=EXECUTE_STATEMENT, getHandleIdentifier()=3f7a3693-2f11-4526-80da-55de43338dc0] with tag: null
2024-04-30T20:08:54,786  INFO [7d18962b-d14f-4fbf-b8f4-5112d0053c4f main] operation.HiveCommandOperation: Closing operation log /home/alex/Repositories/hive/beeline/target/tmp/alex/operation_logs/7d18962b-d14f-4fbf-b8f4-5112d0053c4f/alex_20240430200854_7e3926b2-2a08-4288-8512-ce4ce1a5a16d without delay
2024-04-30T20:08:54,841  INFO [7d18962b-d14f-4fbf-b8f4-5112d0053c4f main] session.HiveSessionImpl: executing select "hive"
2024-04-30T20:08:54,841  INFO [7d18962b-d14f-4fbf-b8f4-5112d0053c4f main] operation.OperationManager: Adding operation: OperationHandle [opType=EXECUTE_STATEMENT, getHandleIdentifier()=6483de5e-2326-4ae3-9f1d-3273387434d3] SessionHandle [7d18962b-d14f-4fbf-b8f4-5112d0053c4f]
2024-04-30T20:08:54,841  INFO [7d18962b-d14f-4fbf-b8f4-5112d0053c4f main] common.LogUtils: Thread context registration is done.
DEBUG StatusLogger Building Plugin[name=filter, class=org.apache.hadoop.hive.ql.log.LogDivertAppender$NameFilter].
DEBUG StatusLogger createFilter(loggingLevel="EXECUTION")
DEBUG StatusLogger Building Plugin[name=layout, class=org.apache.logging.log4j.core.layout.PatternLayout].
DEBUG StatusLogger PatternLayout$Builder(pattern="%-5p : %m%n", PatternSelector=null, Configuration(HiveLog4j2Test), Replace=null, charset="null", alwaysWriteExceptions="null", disableAnsi="null", noConsoleNoAnsi="null", header="null", footer="null")
DEBUG StatusLogger Building Plugin[name=appender, class=org.apache.hadoop.hive.ql.log.HushableRandomAccessFileAppender].
DEBUG StatusLogger createAppender(fileName="/home/alex/Repositories/hive/beeline/target/tmp/alex/operation_logs/7d18962b-d14f-4fbf-b8f4-5112d0053c4f/alex_20240430200854_78bcc862-cf1d-4ad3-8a73-28fe86cfbccf", append="null", name="query-file-appender", immediateFlush="null", bufferSize="null", ignoreExceptions="null", PatternLayout(org.apache.logging.log4j.core.layout.PatternLayout with name PatternLayout), NameFilter(org.apache.hadoop.hive.ql.log.LogDivertAppender$NameFilter with name NameFilter), advertise="null", advertiseURI="null", Configuration(HiveLog4j2Test))
DEBUG StatusLogger Starting RandomAccessFileManager /home/alex/Repositories/hive/beeline/target/tmp/alex/operation_logs/7d18962b-d14f-4fbf-b8f4-5112d0053c4f/alex_20240430200854_78bcc862-cf1d-4ad3-8a73-28fe86cfbccf
DEBUG StatusLogger Building Plugin[name=, class=org.apache.hadoop.hive.ql.log.LogDivertAppenderForTest$TestFilter].
DEBUG StatusLogger createFilter()
DEBUG StatusLogger Building Plugin[name=, class=org.apache.logging.log4j.core.layout.PatternLayout].
DEBUG StatusLogger PatternLayout$Builder(pattern="%-5p : %m%n", PatternSelector=null, Configuration(HiveLog4j2Test), Replace=null, charset="null", alwaysWriteExceptions="null", disableAnsi="null", noConsoleNoAnsi="null", header="null", footer="null")
DEBUG StatusLogger Building Plugin[name=appender, class=org.apache.hadoop.hive.ql.log.HushableRandomAccessFileAppender].
DEBUG StatusLogger createAppender(fileName="/home/alex/Repositories/hive/beeline/target/tmp/alex/operation_logs/7d18962b-d14f-4fbf-b8f4-5112d0053c4f/alex_20240430200854_78bcc862-cf1d-4ad3-8a73-28fe86cfbccf.test", append="null", name="test-query-file-appender", immediateFlush="null", bufferSize="null", ignoreExceptions="null", PatternLayout(org.apache.logging.log4j.core.layout.PatternLayout with name PatternLayout), test-filter(org.apache.hadoop.hive.ql.log.LogDivertAppenderForTest$TestFilter with name test-filter), advertise="null", advertiseURI="null", Configuration(HiveLog4j2Test))
DEBUG StatusLogger Starting RandomAccessFileManager /home/alex/Repositories/hive/beeline/target/tmp/alex/operation_logs/7d18962b-d14f-4fbf-b8f4-5112d0053c4f/alex_20240430200854_78bcc862-cf1d-4ad3-8a73-28fe86cfbccf.test
2024-04-30T20:08:54,844  INFO [7d18962b-d14f-4fbf-b8f4-5112d0053c4f main] operation.SQLOperation: [opType=EXECUTE_STATEMENT, queryId=alex_20240430200854_78bcc862-cf1d-4ad3-8a73-28fe86cfbccf, startTime=1714532934841, sessionId=7d18962b-d14f-4fbf-b8f4-5112d0053c4f, createTime=1714532934717, userName=null, ipAddress=null]
2024-04-30T20:08:54,845  INFO [7d18962b-d14f-4fbf-b8f4-5112d0053c4f main] ql.Driver: Compiling command(queryId=alex_20240430200854_78bcc862-cf1d-4ad3-8a73-28fe86cfbccf): select "hive"
2024-04-30T20:08:54,847  INFO [7d18962b-d14f-4fbf-b8f4-5112d0053c4f main] metastore.HiveMetaStoreClient: HMS client filtering is enabled.
2024-04-30T20:08:54,847  INFO [7d18962b-d14f-4fbf-b8f4-5112d0053c4f main] metastore.HMSHandler: 0: Opening raw store with implementation class:org.apache.hadoop.hive.metastore.ObjectStore
2024-04-30T20:08:54,847  INFO [7d18962b-d14f-4fbf-b8f4-5112d0053c4f main] metastore.PersistenceManagerProvider: Configuration datanucleus.autoStartMechanismMode is not set. Defaulting to 'ignored'
2024-04-30T20:08:54,848  INFO [7d18962b-d14f-4fbf-b8f4-5112d0053c4f main] metastore.ObjectStore: RawStore: org.apache.hadoop.hive.metastore.ObjectStore@2ef3efcc, with PersistenceManager: null will be shutdown
2024-04-30T20:08:54,848  INFO [7d18962b-d14f-4fbf-b8f4-5112d0053c4f main] metastore.ObjectStore: RawStore: org.apache.hadoop.hive.metastore.ObjectStore@2ef3efcc, with PersistenceManager: org.datanucleus.api.jdo.JDOPersistenceManager@60655642 created in the thread with id: 1
2024-04-30T20:08:54,849  INFO [7d18962b-d14f-4fbf-b8f4-5112d0053c4f main] metastore.HMSHandler: Created RawStore: org.apache.hadoop.hive.metastore.ObjectStore@2ef3efcc from thread id: 1
2024-04-30T20:08:54,849  INFO [7d18962b-d14f-4fbf-b8f4-5112d0053c4f main] metastore.HMSHandler: HMS server filtering is disabled by configuration
2024-04-30T20:08:54,849  INFO [7d18962b-d14f-4fbf-b8f4-5112d0053c4f main] metastore.RetryingMetaStoreClient: RetryingMetaStoreClient proxy=class org.apache.hadoop.hive.ql.metadata.SessionHiveMetaStoreClient ugi=alex (auth:SIMPLE) retries=1 delay=1 lifetime=0
2024-04-30T20:08:54,850  INFO [7d18962b-d14f-4fbf-b8f4-5112d0053c4f main] parse.CalcitePlanner: Starting caching scope for: alex_20240430200854_78bcc862-cf1d-4ad3-8a73-28fe86cfbccf
2024-04-30T20:08:54,850  INFO [7d18962b-d14f-4fbf-b8f4-5112d0053c4f main] parse.CalcitePlanner: Starting Semantic Analysis
2024-04-30T20:08:54,850  INFO [7d18962b-d14f-4fbf-b8f4-5112d0053c4f main] sqlstd.SQLStdHiveAccessController: Created SQLStdHiveAccessController for session context : HiveAuthzSessionContext [sessionString=7d18962b-d14f-4fbf-b8f4-5112d0053c4f, clientType=HIVESERVER2]
2024-04-30T20:08:54,850  INFO [7d18962b-d14f-4fbf-b8f4-5112d0053c4f main] parse.CalcitePlanner: Completed phase 1 of Semantic Analysis
2024-04-30T20:08:54,850  INFO [7d18962b-d14f-4fbf-b8f4-5112d0053c4f main] parse.CalcitePlanner: Get metadata for source tables
2024-04-30T20:08:54,850  INFO [7d18962b-d14f-4fbf-b8f4-5112d0053c4f main] parse.CalcitePlanner: Get metadata for subqueries
2024-04-30T20:08:54,850  INFO [7d18962b-d14f-4fbf-b8f4-5112d0053c4f main] parse.CalcitePlanner: Get metadata for destination tables
2024-04-30T20:08:54,850  INFO [7d18962b-d14f-4fbf-b8f4-5112d0053c4f main] parse.CalcitePlanner: Completed getting MetaData in Semantic Analysis
2024-04-30T20:08:54,866  INFO [7d18962b-d14f-4fbf-b8f4-5112d0053c4f main] HiveMetaStore.audit: ugi=alex	ip=unknown-ip-addr	cmd=get_all_table_constraints : tbl=hive._dummy_database._dummy_table	
2024-04-30T20:08:54,919  INFO [7d18962b-d14f-4fbf-b8f4-5112d0053c4f main] parse.CalcitePlanner: Get metadata for source tables
2024-04-30T20:08:54,919  INFO [7d18962b-d14f-4fbf-b8f4-5112d0053c4f main] HiveMetaStore.audit: ugi=alex	ip=unknown-ip-addr	cmd=get_table : tbl=hive._dummy_database._dummy_table	
2024-04-30T20:08:54,921  INFO [7d18962b-d14f-4fbf-b8f4-5112d0053c4f main] parse.CalcitePlanner: Get metadata for subqueries
2024-04-30T20:08:54,921  INFO [7d18962b-d14f-4fbf-b8f4-5112d0053c4f main] parse.CalcitePlanner: Get metadata for destination tables
2024-04-30T20:08:54,929  INFO [7d18962b-d14f-4fbf-b8f4-5112d0053c4f main] common.FileUtils: Creating directory if it doesn't exist: file:/home/alex/Repositories/hive/beeline/target/tmp/alex/7d18962b-d14f-4fbf-b8f4-5112d0053c4f/hive_2024-04-30_20-08-54_845_1031266048080716471-1/-mr-10001/.hive-staging_hive_2024-04-30_20-08-54_845_1031266048080716471-1
2024-04-30T20:08:54,938  INFO [7d18962b-d14f-4fbf-b8f4-5112d0053c4f main] parse.CalcitePlanner: CBO Succeeded; optimized logical plan.
2024-04-30T20:08:54,940  INFO [7d18962b-d14f-4fbf-b8f4-5112d0053c4f main] optimizer.BucketVersionPopulator: not considering bucketingVersion for: TS[0] because it has -1<2 buckets 
2024-04-30T20:08:54,940  INFO [7d18962b-d14f-4fbf-b8f4-5112d0053c4f main] parse.CalcitePlanner: Completed plan generation
2024-04-30T20:08:54,940  INFO [7d18962b-d14f-4fbf-b8f4-5112d0053c4f main] parse.CalcitePlanner: Ending caching scope for: alex_20240430200854_78bcc862-cf1d-4ad3-8a73-28fe86cfbccf
2024-04-30T20:08:54,940  INFO [7d18962b-d14f-4fbf-b8f4-5112d0053c4f main] ql.Driver: Semantic Analysis Completed (retrial = false)
2024-04-30T20:08:54,941  INFO [7d18962b-d14f-4fbf-b8f4-5112d0053c4f main] ql.Driver: Created Hive schema: Schema(fieldSchemas:[FieldSchema(name:_c0, type:string, comment:null)], properties:null)
2024-04-30T20:08:54,941  INFO [7d18962b-d14f-4fbf-b8f4-5112d0053c4f main] exec.TableScanOperator: Initializing Operator: TS[0]
2024-04-30T20:08:54,942  INFO [7d18962b-d14f-4fbf-b8f4-5112d0053c4f main] exec.SelectOperator: Initializing Operator: SEL[1]
2024-04-30T20:08:54,942  INFO [7d18962b-d14f-4fbf-b8f4-5112d0053c4f main] exec.SelectOperator: SELECT null
2024-04-30T20:08:54,942  INFO [7d18962b-d14f-4fbf-b8f4-5112d0053c4f main] exec.ListSinkOperator: Initializing Operator: LIST_SINK[3]
2024-04-30T20:08:54,942  INFO [7d18962b-d14f-4fbf-b8f4-5112d0053c4f main] metadata.Hive: Dumping metastore api call timing information for : compilation phase
2024-04-30T20:08:54,943  INFO [7d18962b-d14f-4fbf-b8f4-5112d0053c4f main] metadata.Hive: Total time spent in each metastore function (ms): {isCompatibleWith_(Configuration)=0, getAllTableConstraints_(AllTableConstraintsRequest)=2, flushCache_()=1}
2024-04-30T20:08:54,943  INFO [7d18962b-d14f-4fbf-b8f4-5112d0053c4f main] ql.Driver: Completed compiling command(queryId=alex_20240430200854_78bcc862-cf1d-4ad3-8a73-28fe86cfbccf); Time taken: 0.097 seconds
2024-04-30T20:08:54,943  INFO [7d18962b-d14f-4fbf-b8f4-5112d0053c4f main] common.LogUtils: Unregistered logging context.
2024-04-30T20:08:54,945  INFO [HiveServer2-Background-Pool: Thread-732] common.LogUtils: Thread context registration is done.
2024-04-30T20:08:54,945  INFO [HiveServer2-Background-Pool: Thread-732] reexec.ReExecDriver: Execution #1 of query
2024-04-30T20:08:54,945  INFO [HiveServer2-Background-Pool: Thread-732] ql.Driver: Concurrency mode is disabled, not creating a lock manager
2024-04-30T20:08:54,946  INFO [HiveServer2-Background-Pool: Thread-732] ql.Driver: Executing command(queryId=alex_20240430200854_78bcc862-cf1d-4ad3-8a73-28fe86cfbccf): select "hive"
2024-04-30T20:08:54,946  INFO [HiveServer2-Background-Pool: Thread-732] metadata.Hive: Dumping metastore api call timing information for : execution phase
2024-04-30T20:08:54,946  INFO [HiveServer2-Background-Pool: Thread-732] metadata.Hive: Total time spent in each metastore function (ms): {}
2024-04-30T20:08:54,946  INFO [HiveServer2-Background-Pool: Thread-732] ql.Driver: Completed executing command(queryId=alex_20240430200854_78bcc862-cf1d-4ad3-8a73-28fe86cfbccf); Time taken: 0.0 seconds
2024-04-30T20:08:54,947  INFO [HiveServer2-Background-Pool: Thread-732] common.LogUtils: Unregistered logging context.
2024-04-30T20:08:54,952  INFO [7d18962b-d14f-4fbf-b8f4-5112d0053c4f main] operation.OperationManager: Closing operation: OperationHandle [opType=EXECUTE_STATEMENT, getHandleIdentifier()=6483de5e-2326-4ae3-9f1d-3273387434d3]
2024-04-30T20:08:54,952  INFO [7d18962b-d14f-4fbf-b8f4-5112d0053c4f main] operation.OperationManager: Removed queryId: alex_20240430200854_78bcc862-cf1d-4ad3-8a73-28fe86cfbccf corresponding to operation: OperationHandle [opType=EXECUTE_STATEMENT, getHandleIdentifier()=6483de5e-2326-4ae3-9f1d-3273387434d3] with tag: null
2024-04-30T20:08:54,953  INFO [7d18962b-d14f-4fbf-b8f4-5112d0053c4f main] ql.Context: Deleting scratch dir: file:/home/alex/Repositories/hive/beeline/target/tmp/alex/7d18962b-d14f-4fbf-b8f4-5112d0053c4f/hive_2024-04-30_20-08-54_845_1031266048080716471-1
2024-04-30T20:08:54,953  INFO [7d18962b-d14f-4fbf-b8f4-5112d0053c4f main] cleanup.EventualCleanupService: Delete file:/home/alex/Repositories/hive/beeline/target/tmp/alex/7d18962b-d14f-4fbf-b8f4-5112d0053c4f/hive_2024-04-30_20-08-54_845_1031266048080716471-1 operation was queued
2024-04-30T20:08:54,953  INFO [7d18962b-d14f-4fbf-b8f4-5112d0053c4f main] exec.TableScanOperator: Closing Operator: TS[0]
2024-04-30T20:08:54,953  INFO [7d18962b-d14f-4fbf-b8f4-5112d0053c4f main] exec.TableScanOperator: RECORDS_OUT_INTERMEDIATE:0, RECORDS_OUT_OPERATOR_TS_0:0, 
2024-04-30T20:08:54,953  INFO [7d18962b-d14f-4fbf-b8f4-5112d0053c4f main] exec.SelectOperator: Closing Operator: SEL[1]
2024-04-30T20:08:54,953  INFO [7d18962b-d14f-4fbf-b8f4-5112d0053c4f main] exec.SelectOperator: RECORDS_OUT_INTERMEDIATE:0, RECORDS_OUT_OPERATOR_SEL_1:0, 
2024-04-30T20:08:54,953  INFO [7d18962b-d14f-4fbf-b8f4-5112d0053c4f main] exec.ListSinkOperator: Closing Operator: LIST_SINK[3]
2024-04-30T20:08:54,953  INFO [7d18962b-d14f-4fbf-b8f4-5112d0053c4f main] exec.ListSinkOperator: RECORDS_OUT_INTERMEDIATE:0, RECORDS_OUT_OPERATOR_LIST_SINK_3:0, 
2024-04-30T20:08:54,953  INFO [7d18962b-d14f-4fbf-b8f4-5112d0053c4f main] operation.SQLOperation: Closing operation log /home/alex/Repositories/hive/beeline/target/tmp/alex/operation_logs/7d18962b-d14f-4fbf-b8f4-5112d0053c4f/alex_20240430200854_78bcc862-cf1d-4ad3-8a73-28fe86cfbccf without delay
2024-04-30T20:08:54,953  INFO [EventualCleanupService thread 0] cleanup.EventualCleanupService: Deleted file:/home/alex/Repositories/hive/beeline/target/tmp/alex/7d18962b-d14f-4fbf-b8f4-5112d0053c4f/hive_2024-04-30_20-08-54_845_1031266048080716471-1
2024-04-30T20:08:54,954  INFO [main] service.CompositeService: Session closed, SessionHandle [7d18962b-d14f-4fbf-b8f4-5112d0053c4f], current sessions:0
2024-04-30T20:08:54,954  INFO [7d18962b-d14f-4fbf-b8f4-5112d0053c4f main] session.HiveSessionImpl: Operation log session directory is deleted: /home/alex/Repositories/hive/beeline/target/tmp/alex/operation_logs/7d18962b-d14f-4fbf-b8f4-5112d0053c4f
2024-04-30T20:08:54,954  INFO [main] cleanup.EventualCleanupService: Delete /tmp/hive/alex/7d18962b-d14f-4fbf-b8f4-5112d0053c4f operation was queued
2024-04-30T20:08:54,955  INFO [main] cleanup.EventualCleanupService: Delete /home/alex/Repositories/hive/beeline/target/tmp/alex/7d18962b-d14f-4fbf-b8f4-5112d0053c4f operation was queued
2024-04-30T20:08:54,955  INFO [EventualCleanupService thread 1] cleanup.EventualCleanupService: Deleted /tmp/hive/alex/7d18962b-d14f-4fbf-b8f4-5112d0053c4f
2024-04-30T20:08:54,955  INFO [EventualCleanupService thread 2] cleanup.EventualCleanupService: Deleted /home/alex/Repositories/hive/beeline/target/tmp/alex/7d18962b-d14f-4fbf-b8f4-5112d0053c4f
2024-04-30T20:08:54,956  INFO [main] HiveMetaStore.audit: ugi=alex	ip=unknown-ip-addr	cmd=Cleaning up thread local RawStore...	
2024-04-30T20:08:54,956  INFO [main] metastore.ObjectStore: RawStore: org.apache.hadoop.hive.metastore.ObjectStore@2ef3efcc, with PersistenceManager: org.datanucleus.api.jdo.JDOPersistenceManager@60655642 will be shutdown
2024-04-30T20:08:54,956  INFO [main] HiveMetaStore.audit: ugi=alex	ip=unknown-ip-addr	cmd=Done cleaning up thread local RawStore	
2024-04-30T20:08:54,956  INFO [main] metastore.HiveMetaStoreClient: Closed a connection to metastore, current connections: -46
2024-04-30T20:08:54,956 ERROR [main] cli.TestHiveCli: Failed due to the error:Connecting to jdbc:hive2://
Hive Session ID = 95c3cfb7-66f7-40cb-8119-45c574b39d27
ivysettings.xml file not found in HIVE_HOME or HIVE_CONF_DIR,/home/alex/Repositories/hive/conf/ivysettings.xml will be used
ivysettings.xml file not found in HIVE_HOME or HIVE_CONF_DIR,/home/alex/Repositories/hive/conf/ivysettings.xml will be used
Connected to: Apache Hive (version 4.0.0-SNAPSHOT)
Error: Couldn't load manifest attributes. (state=,code=0)
Transaction isolation: TRANSACTION_REPEATABLE_READ
. . > INFO  : Compiling command(queryId=alex_20240430200854_78bcc862-cf1d-4ad3-8a73-28fe86cfbccf): select "hive"
INFO  : Semantic Analysis Completed (retrial = false)
INFO  : Created Hive schema: Schema(fieldSchemas:[FieldSchema(name:_c0, type:string, comment:null)], properties:null)
INFO  : Completed compiling command(queryId=alex_20240430200854_78bcc862-cf1d-4ad3-8a73-28fe86cfbccf); Time taken: 0.097 seconds
INFO  : Concurrency mode is disabled, not creating a lock manager
INFO  : Executing command(queryId=alex_20240430200854_78bcc862-cf1d-4ad3-8a73-28fe86cfbccf): select "hive"
INFO  : Completed executing command(queryId=alex_20240430200854_78bcc862-cf1d-4ad3-8a73-28fe86cfbccf); Time taken: 0.0 seconds
DEBUG : Shutting down query select "hive"
Error: Failed to wait for operation to complete (state=08S01,code=0)
Closing: 0: jdbc:hive2://

]]></system-err>
  </testcase>
</testsuite>