<?xml version="1.0" encoding="UTF-8"?>
<testsuite xmlns:xsi="http://www.w3.org/2001/XMLSchema-instance" xsi:noNamespaceSchemaLocation="https://maven.apache.org/surefire/maven-surefire-plugin/xsd/surefire-test-report.xsd" name="com.jsoniter.any.TestList" time="0.357" tests="16" errors="0" skipped="0" failures="0">
  <properties>
    <property name="sun.desktop" value="gnome"/>
    <property name="awt.toolkit" value="sun.awt.X11.XToolkit"/>
    <property name="file.encoding.pkg" value="sun.io"/>
    <property name="nondexStart" value="0"/>
    <property name="java.specification.version" value="1.8"/>
    <property name="sun.cpu.isalist" value=""/>
    <property name="sun.jnu.encoding" value="UTF-8"/>
    <property name="java.class.path" value="/home/alex/Repositories/java/target/test-classes:/home/alex/Repositories/java/target/classes:/home/alex/.m2/repository/junit/junit/4.12/junit-4.12.jar:/home/alex/.m2/repository/org/hamcrest/hamcrest-core/1.3/hamcrest-core-1.3.jar:/home/alex/.m2/repository/org/javassist/javassist/3.22.0-GA/javassist-3.22.0-GA.jar:/home/alex/.m2/repository/com/fasterxml/jackson/core/jackson-annotations/2.9.5/jackson-annotations-2.9.5.jar:/home/alex/.m2/repository/com/fasterxml/jackson/core/jackson-databind/2.9.5/jackson-databind-2.9.5.jar:/home/alex/.m2/repository/com/fasterxml/jackson/core/jackson-core/2.9.5/jackson-core-2.9.5.jar:/home/alex/.m2/repository/com/google/code/gson/gson/2.8.3/gson-2.8.3.jar:/home/alex/.m2/repository/org/openjdk/jmh/jmh-core/1.20/jmh-core-1.20.jar:/home/alex/.m2/repository/net/sf/jopt-simple/jopt-simple/4.6/jopt-simple-4.6.jar:/home/alex/.m2/repository/org/apache/commons/commons-math3/3.2/commons-math3-3.2.jar:/home/alex/.m2/repository/org/openjdk/jmh/jmh-generator-annprocess/1.20/jmh-generator-annprocess-1.20.jar:"/>
    <property name="java.vm.vendor" value="Private Build"/>
    <property name="nondexPrintstack" value="false"/>
    <property name="sun.arch.data.model" value="64"/>
    <property name="java.vendor.url" value="http://java.oracle.com/"/>
    <property name="user.timezone" value=""/>
    <property name="user.country.format" value="PT"/>
    <property name="java.vm.specification.version" value="1.8"/>
    <property name="os.name" value="Linux"/>
    <property name="user.country" value="US"/>
    <property name="sun.java.launcher" value="SUN_STANDARD"/>
    <property name="sun.boot.library.path" value="/usr/lib/jvm/java-8-openjdk-amd64/jre/lib/amd64"/>
    <property name="nondexLogging" value="CONFIG"/>
    <property name="sun.java.command" value="/home/alex/Repositories/java/target/surefire/surefirebooter5241572337502299170.jar /home/alex/Repositories/java/target/surefire 2024-04-23T17-29-39_390-jvmRun2 surefire8629894428495240804tmp surefire_4600273143669099282tmp"/>
    <property name="surefire.test.class.path" value="/home/alex/Repositories/java/target/test-classes:/home/alex/Repositories/java/target/classes:/home/alex/.m2/repository/junit/junit/4.12/junit-4.12.jar:/home/alex/.m2/repository/org/hamcrest/hamcrest-core/1.3/hamcrest-core-1.3.jar:/home/alex/.m2/repository/org/javassist/javassist/3.22.0-GA/javassist-3.22.0-GA.jar:/home/alex/.m2/repository/com/fasterxml/jackson/core/jackson-annotations/2.9.5/jackson-annotations-2.9.5.jar:/home/alex/.m2/repository/com/fasterxml/jackson/core/jackson-databind/2.9.5/jackson-databind-2.9.5.jar:/home/alex/.m2/repository/com/fasterxml/jackson/core/jackson-core/2.9.5/jackson-core-2.9.5.jar:/home/alex/.m2/repository/com/google/code/gson/gson/2.8.3/gson-2.8.3.jar:/home/alex/.m2/repository/org/openjdk/jmh/jmh-core/1.20/jmh-core-1.20.jar:/home/alex/.m2/repository/net/sf/jopt-simple/jopt-simple/4.6/jopt-simple-4.6.jar:/home/alex/.m2/repository/org/apache/commons/commons-math3/3.2/commons-math3-3.2.jar:/home/alex/.m2/repository/org/openjdk/jmh/jmh-generator-annprocess/1.20/jmh-generator-annprocess-1.20.jar:"/>
    <property name="nondexExecid" value="clean_KRxCbPW+KWSUOwTfkYU+ixGjHwcPkNXiVVuUqwV+LdA="/>
    <property name="sun.cpu.endian" value="little"/>
    <property name="user.home" value="/home/alex"/>
    <property name="user.language" value="en"/>
    <property name="java.specification.vendor" value="Oracle Corporation"/>
    <property name="java.home" value="/usr/lib/jvm/java-8-openjdk-amd64/jre"/>
    <property name="basedir" value="/home/alex/Repositories/java"/>
    <property name="file.separator" value="/"/>
    <property name="nondexEnd" value="9223372036854775807"/>
    <property name="line.separator" value="&#10;"/>
    <property name="java.vm.specification.vendor" value="Oracle Corporation"/>
    <property name="java.specification.name" value="Java Platform API Specification"/>
    <property name="java.awt.graphicsenv" value="sun.awt.X11GraphicsEnvironment"/>
    <property name="nondexFilter" value=".*"/>
    <property name="nondexSeed" value="933178"/>
    <property name="surefire.real.class.path" value="/home/alex/Repositories/java/target/surefire/surefirebooter5241572337502299170.jar"/>
    <property name="sun.boot.class.path" value="/usr/lib/jvm/java-8-openjdk-amd64/jre/lib/resources.jar:/usr/lib/jvm/java-8-openjdk-amd64/jre/lib/rt.jar:/usr/lib/jvm/java-8-openjdk-amd64/jre/lib/sunrsasign.jar:/usr/lib/jvm/java-8-openjdk-amd64/jre/lib/jsse.jar:/usr/lib/jvm/java-8-openjdk-amd64/jre/lib/jce.jar:/usr/lib/jvm/java-8-openjdk-amd64/jre/lib/charsets.jar:/usr/lib/jvm/java-8-openjdk-amd64/jre/lib/jfr.jar:/usr/lib/jvm/java-8-openjdk-amd64/jre/classes"/>
    <property name="sun.management.compiler" value="HotSpot 64-Bit Tiered Compilers"/>
    <property name="java.runtime.version" value="1.8.0_402-8u402-ga-2ubuntu1~22.04-b06"/>
    <property name="user.name" value="alex"/>
    <property name="path.separator" value=":"/>
    <property name="os.version" value="6.5.0-28-generic"/>
    <property name="java.endorsed.dirs" value="/usr/lib/jvm/java-8-openjdk-amd64/jre/lib/endorsed"/>
    <property name="java.runtime.name" value="OpenJDK Runtime Environment"/>
    <property name="file.encoding" value="UTF-8"/>
    <property name="java.vm.name" value="OpenJDK 64-Bit Server VM"/>
    <property name="localRepository" value="/home/alex/.m2/repository"/>
    <property name="nondexDir" value="/home/alex/Repositories/java/.nondex"/>
    <property name="nondexJarDir" value=".nondex"/>
    <property name="java.vendor.url.bug" value="http://bugreport.sun.com/bugreport/"/>
    <property name="java.io.tmpdir" value="/tmp"/>
    <property name="java.version" value="1.8.0_402"/>
    <property name="user.dir" value="/home/alex/Repositories/java"/>
    <property name="os.arch" value="amd64"/>
    <property name="nondexMode" value="FULL"/>
    <property name="java.vm.specification.name" value="Java Virtual Machine Specification"/>
    <property name="java.awt.printerjob" value="sun.print.PSPrinterJob"/>
    <property name="user.language.format" value="pt"/>
    <property name="sun.os.patch.level" value="unknown"/>
    <property name="java.library.path" value="/usr/java/packages/lib/amd64:/usr/lib/x86_64-linux-gnu/jni:/lib/x86_64-linux-gnu:/usr/lib/x86_64-linux-gnu:/usr/lib/jni:/lib:/usr/lib"/>
    <property name="java.vm.info" value="mixed mode"/>
    <property name="java.vendor" value="Private Build"/>
    <property name="java.vm.version" value="25.402-b06"/>
    <property name="java.specification.maintenance.version" value="5"/>
    <property name="java.ext.dirs" value="/usr/lib/jvm/java-8-openjdk-amd64/jre/lib/ext:/usr/java/packages/lib/ext"/>
    <property name="sun.io.unicode.encoding" value="UnicodeLittle"/>
    <property name="java.class.version" value="52.0"/>
  </properties>
  <testcase name="test_to_string" classname="com.jsoniter.any.TestList" time="0.004"/>
  <testcase name="test_to_string" classname="com.jsoniter.any.TestList" time="0.005"/>
  <testcase name="test_to_string" classname="com.jsoniter.any.TestList" time="0.002"/>
  <testcase name="test_to_string" classname="com.jsoniter.any.TestList" time="0"/>
  <testcase name="test_to_string" classname="com.jsoniter.any.TestList" time="0.002"/>
  <testcase name="test_to_string" classname="com.jsoniter.any.TestList" time="0"/>
  <testcase name="test_to_string" classname="com.jsoniter.any.TestList" time="0"/>
  <testcase name="test_to_string" classname="com.jsoniter.any.TestList" time="0.001"/>
  <testcase name="test_size" classname="com.jsoniter.any.TestList" time="0"/>
  <testcase name="test_size" classname="com.jsoniter.any.TestList" time="0"/>
  <testcase name="test_size" classname="com.jsoniter.any.TestList" time="0"/>
  <testcase name="test_size" classname="com.jsoniter.any.TestList" time="0"/>
  <testcase name="test_size" classname="com.jsoniter.any.TestList" time="0"/>
  <testcase name="test_size" classname="com.jsoniter.any.TestList" time="0"/>
  <testcase name="test_size" classname="com.jsoniter.any.TestList" time="0"/>
  <testcase name="test_size" classname="com.jsoniter.any.TestList" time="0"/>
  <testcase name="test_get" classname="com.jsoniter.any.TestList" time="0"/>
  <testcase name="test_get" classname="com.jsoniter.any.TestList" time="0"/>
  <testcase name="test_get" classname="com.jsoniter.any.TestList" time="0"/>
  <testcase name="test_get" classname="com.jsoniter.any.TestList" time="0"/>
  <testcase name="test_get" classname="com.jsoniter.any.TestList" time="0"/>
  <testcase name="test_get" classname="com.jsoniter.any.TestList" time="0"/>
  <testcase name="test_get" classname="com.jsoniter.any.TestList" time="0"/>
  <testcase name="test_get" classname="com.jsoniter.any.TestList" time="0"/>
  <testcase name="test_for_each" classname="com.jsoniter.any.TestList" time="0"/>
  <testcase name="test_for_each" classname="com.jsoniter.any.TestList" time="0"/>
  <testcase name="test_for_each" classname="com.jsoniter.any.TestList" time="0"/>
  <testcase name="test_for_each" classname="com.jsoniter.any.TestList" time="0"/>
  <testcase name="test_for_each" classname="com.jsoniter.any.TestList" time="0"/>
  <testcase name="test_for_each" classname="com.jsoniter.any.TestList" time="0"/>
  <testcase name="test_for_each" classname="com.jsoniter.any.TestList" time="0"/>
  <testcase name="test_for_each" classname="com.jsoniter.any.TestList" time="0"/>
  <testcase name="test_get_from_nested" classname="com.jsoniter.any.TestList" time="0"/>
  <testcase name="test_get_from_nested" classname="com.jsoniter.any.TestList" time="0"/>
  <testcase name="test_get_from_nested" classname="com.jsoniter.any.TestList" time="0.001"/>
  <testcase name="test_get_from_nested" classname="com.jsoniter.any.TestList" time="0"/>
  <testcase name="test_get_from_nested" classname="com.jsoniter.any.TestList" time="0.001"/>
  <testcase name="test_get_from_nested" classname="com.jsoniter.any.TestList" time="0.001"/>
  <testcase name="test_get_from_nested" classname="com.jsoniter.any.TestList" time="0"/>
  <testcase name="test_get_from_nested" classname="com.jsoniter.any.TestList" time="0"/>
  <testcase name="test_to_int" classname="com.jsoniter.any.TestList" time="0"/>
  <testcase name="test_to_int" classname="com.jsoniter.any.TestList" time="0"/>
  <testcase name="test_to_int" classname="com.jsoniter.any.TestList" time="0"/>
  <testcase name="test_to_int" classname="com.jsoniter.any.TestList" time="0"/>
  <testcase name="test_to_int" classname="com.jsoniter.any.TestList" time="0"/>
  <testcase name="test_to_int" classname="com.jsoniter.any.TestList" time="0"/>
  <testcase name="test_to_int" classname="com.jsoniter.any.TestList" time="0"/>
  <testcase name="test_to_int" classname="com.jsoniter.any.TestList" time="0"/>
  <testcase name="test_iterator" classname="com.jsoniter.any.TestList" time="0.001"/>
  <testcase name="test_iterator" classname="com.jsoniter.any.TestList" time="0"/>
  <testcase name="test_iterator" classname="com.jsoniter.any.TestList" time="0.001"/>
  <testcase name="test_iterator" classname="com.jsoniter.any.TestList" time="0"/>
  <testcase name="test_iterator" classname="com.jsoniter.any.TestList" time="0"/>
  <testcase name="test_iterator" classname="com.jsoniter.any.TestList" time="0"/>
  <testcase name="test_iterator" classname="com.jsoniter.any.TestList" time="0.001"/>
  <testcase name="test_iterator" classname="com.jsoniter.any.TestList" time="0"/>
  <testcase name="test_to_boolean" classname="com.jsoniter.any.TestList" time="0"/>
  <testcase name="test_to_boolean" classname="com.jsoniter.any.TestList" time="0"/>
  <testcase name="test_to_boolean" classname="com.jsoniter.any.TestList" time="0"/>
  <testcase name="test_to_boolean" classname="com.jsoniter.any.TestList" time="0"/>
  <testcase name="test_to_boolean" classname="com.jsoniter.any.TestList" time="0"/>
  <testcase name="test_to_boolean" classname="com.jsoniter.any.TestList" time="0"/>
  <testcase name="test_to_boolean" classname="com.jsoniter.any.TestList" time="0"/>
  <testcase name="test_to_boolean" classname="com.jsoniter.any.TestList" time="0"/>
</testsuite>