<?xml version="1.0" encoding="UTF-8"?>
<testsuite xmlns:xsi="http://www.w3.org/2001/XMLSchema-instance" xsi:noNamespaceSchemaLocation="https://maven.apache.org/surefire/maven-surefire-plugin/xsd/surefire-test-report-3.0.xsd" version="3.0" name="org.apache.nifi.registry.properties.ProtectedNiFiRegistryPropertiesGroovyTest" time="0.26" tests="26" errors="0" skipped="0" failures="1">
  <properties>
    <property name="sun.desktop" value="gnome"/>
    <property name="awt.toolkit" value="sun.awt.X11.XToolkit"/>
    <property name="nondexStart" value="0"/>
    <property name="file.encoding.pkg" value="sun.io"/>
    <property name="java.specification.version" value="1.8"/>
    <property name="sun.cpu.isalist" value=""/>
    <property name="sun.jnu.encoding" value="UTF-8"/>
    <property name="java.class.path" value="/home/alex/Repositories/nifi/nifi-registry/nifi-registry-core/nifi-registry-properties/target/test-classes:/home/alex/Repositories/nifi/nifi-registry/nifi-registry-core/nifi-registry-properties/target/classes:/home/alex/.m2/repository/org/apache/commons/commons-lang3/3.5/commons-lang3-3.5.jar:/home/alex/.m2/repository/org/bouncycastle/bcprov-jdk15on/1.69/bcprov-jdk15on-1.69.jar:/home/alex/.m2/repository/org/codehaus/groovy/groovy-test/2.5.14/groovy-test-2.5.14.jar:/home/alex/.m2/repository/org/codehaus/groovy/groovy/2.5.14/groovy-2.5.14.jar:/home/alex/.m2/repository/junit/junit/4.13.2/junit-4.13.2.jar:/home/alex/.m2/repository/org/hamcrest/hamcrest-core/1.3/hamcrest-core-1.3.jar:/home/alex/.m2/repository/cglib/cglib-nodep/2.2.2/cglib-nodep-2.2.2.jar:/home/alex/.m2/repository/org/slf4j/slf4j-simple/1.7.32/slf4j-simple-1.7.32.jar:/home/alex/.m2/repository/org/mockito/mockito-core/2.28.2/mockito-core-2.28.2.jar:/home/alex/.m2/repository/net/bytebuddy/byte-buddy/1.9.10/byte-buddy-1.9.10.jar:/home/alex/.m2/repository/net/bytebuddy/byte-buddy-agent/1.9.10/byte-buddy-agent-1.9.10.jar:/home/alex/.m2/repository/org/objenesis/objenesis/2.6/objenesis-2.6.jar:/home/alex/Repositories/nifi/nifi-commons/nifi-sensitive-property-provider/target/classes:/home/alex/Repositories/nifi/nifi-commons/nifi-properties/target/classes:/home/alex/Repositories/nifi/nifi-commons/nifi-property-utils/target/classes:/home/alex/Repositories/nifi/nifi-commons/nifi-security-utils/target/classes:/home/alex/Repositories/nifi/nifi-api/target/classes:/home/alex/Repositories/nifi/nifi-commons/nifi-utils/target/classes:/home/alex/Repositories/nifi/nifi-commons/nifi-security-utils-api/target/classes:/home/alex/Repositories/nifi/nifi-commons/nifi-security-kms/target/classes:/home/alex/.m2/repository/commons-codec/commons-codec/1.14/commons-codec-1.14.jar:/home/alex/.m2/repository/org/bouncycastle/bcpkix-jdk15on/1.69/bcpkix-jdk15on-1.69.jar:/home/alex/.m2/repository/org/bouncycastle/bcutil-jdk15on/1.69/bcutil-jdk15on-1.69.jar:/home/alex/.m2/repository/at/favre/lib/bcrypt/0.9.0/bcrypt-0.9.0.jar:/home/alex/.m2/repository/at/favre/lib/bytes/1.3.0/bytes-1.3.0.jar:/home/alex/.m2/repository/org/apache/commons/commons-configuration2/2.7/commons-configuration2-2.7.jar:/home/alex/.m2/repository/org/apache/commons/commons-text/1.8/commons-text-1.8.jar:/home/alex/.m2/repository/software/amazon/awssdk/kms/2.17.1/kms-2.17.1.jar:/home/alex/.m2/repository/software/amazon/awssdk/aws-json-protocol/2.17.1/aws-json-protocol-2.17.1.jar:/home/alex/.m2/repository/software/amazon/awssdk/third-party-jackson-core/2.17.1/third-party-jackson-core-2.17.1.jar:/home/alex/.m2/repository/software/amazon/awssdk/json-utils/2.17.1/json-utils-2.17.1.jar:/home/alex/.m2/repository/software/amazon/awssdk/protocol-core/2.17.1/protocol-core-2.17.1.jar:/home/alex/.m2/repository/software/amazon/awssdk/sdk-core/2.17.1/sdk-core-2.17.1.jar:/home/alex/.m2/repository/software/amazon/awssdk/profiles/2.17.1/profiles-2.17.1.jar:/home/alex/.m2/repository/org/reactivestreams/reactive-streams/1.0.3/reactive-streams-1.0.3.jar:/home/alex/.m2/repository/software/amazon/awssdk/auth/2.17.1/auth-2.17.1.jar:/home/alex/.m2/repository/software/amazon/eventstream/eventstream/1.0.1/eventstream-1.0.1.jar:/home/alex/.m2/repository/software/amazon/awssdk/http-client-spi/2.17.1/http-client-spi-2.17.1.jar:/home/alex/.m2/repository/software/amazon/awssdk/regions/2.17.1/regions-2.17.1.jar:/home/alex/.m2/repository/software/amazon/awssdk/annotations/2.17.1/annotations-2.17.1.jar:/home/alex/.m2/repository/software/amazon/awssdk/utils/2.17.1/utils-2.17.1.jar:/home/alex/.m2/repository/software/amazon/awssdk/aws-core/2.17.1/aws-core-2.17.1.jar:/home/alex/.m2/repository/software/amazon/awssdk/metrics-spi/2.17.1/metrics-spi-2.17.1.jar:/home/alex/.m2/repository/software/amazon/awssdk/secretsmanager/2.17.1/secretsmanager-2.17.1.jar:/home/alex/.m2/repository/com/azure/azure-security-keyvault-secrets/4.3.3/azure-security-keyvault-secrets-4.3.3.jar:/home/alex/.m2/repository/com/azure/azure-core/1.20.0/azure-core-1.20.0.jar:/home/alex/.m2/repository/com/fasterxml/jackson/core/jackson-annotations/2.12.3/jackson-annotations-2.12.3.jar:/home/alex/.m2/repository/com/fasterxml/jackson/core/jackson-core/2.12.3/jackson-core-2.12.3.jar:/home/alex/.m2/repository/com/fasterxml/jackson/core/jackson-databind/2.12.3/jackson-databind-2.12.3.jar:/home/alex/.m2/repository/com/fasterxml/jackson/datatype/jackson-datatype-jsr310/2.12.4/jackson-datatype-jsr310-2.12.4.jar:/home/alex/.m2/repository/com/fasterxml/jackson/dataformat/jackson-dataformat-xml/2.12.4/jackson-dataformat-xml-2.12.4.jar:/home/alex/.m2/repository/com/fasterxml/jackson/module/jackson-module-jaxb-annotations/2.12.3/jackson-module-jaxb-annotations-2.12.3.jar:/home/alex/.m2/repository/jakarta/xml/bind/jakarta.xml.bind-api/2.3.2/jakarta.xml.bind-api-2.3.2.jar:/home/alex/.m2/repository/jakarta/activation/jakarta.activation-api/1.2.1/jakarta.activation-api-1.2.1.jar:/home/alex/.m2/repository/io/projectreactor/reactor-core/3.4.9/reactor-core-3.4.9.jar:/home/alex/.m2/repository/com/azure/azure-security-keyvault-keys/4.3.3/azure-security-keyvault-keys-4.3.3.jar:/home/alex/.m2/repository/com/azure/azure-identity/1.3.4/azure-identity-1.3.4.jar:/home/alex/.m2/repository/com/microsoft/azure/msal4j/1.10.1/msal4j-1.10.1.jar:/home/alex/.m2/repository/com/nimbusds/oauth2-oidc-sdk/6.16.2/oauth2-oidc-sdk-6.16.2.jar:/home/alex/.m2/repository/com/sun/mail/javax.mail/1.6.1/javax.mail-1.6.1.jar:/home/alex/.m2/repository/javax/activation/activation/1.1/activation-1.1.jar:/home/alex/.m2/repository/com/github/stephenc/jcip/jcip-annotations/1.0-1/jcip-annotations-1.0-1.jar:/home/alex/.m2/repository/net/minidev/json-smart/2.3/json-smart-2.3.jar:/home/alex/.m2/repository/net/minidev/accessors-smart/1.2/accessors-smart-1.2.jar:/home/alex/.m2/repository/org/ow2/asm/asm/5.0.4/asm-5.0.4.jar:/home/alex/.m2/repository/com/nimbusds/lang-tag/1.7/lang-tag-1.7.jar:/home/alex/.m2/repository/com/nimbusds/nimbus-jose-jwt/8.20/nimbus-jose-jwt-8.20.jar:/home/alex/.m2/repository/com/microsoft/azure/msal4j-persistence-extension/1.1.0/msal4j-persistence-extension-1.1.0.jar:/home/alex/.m2/repository/net/java/dev/jna/jna/5.5.0/jna-5.5.0.jar:/home/alex/.m2/repository/net/java/dev/jna/jna-platform/5.6.0/jna-platform-5.6.0.jar:/home/alex/.m2/repository/com/azure/azure-core-http-okhttp/1.7.1/azure-core-http-okhttp-1.7.1.jar:/home/alex/.m2/repository/com/squareup/okhttp3/okhttp/4.8.1/okhttp-4.8.1.jar:/home/alex/.m2/repository/com/squareup/okio/okio/2.7.0/okio-2.7.0.jar:/home/alex/.m2/repository/org/jetbrains/kotlin/kotlin-stdlib-common/1.3.70/kotlin-stdlib-common-1.3.70.jar:/home/alex/.m2/repository/org/jetbrains/kotlin/kotlin-stdlib/1.3.72/kotlin-stdlib-1.3.72.jar:/home/alex/.m2/repository/org/jetbrains/annotations/13.0/annotations-13.0.jar:/home/alex/.m2/repository/software/amazon/awssdk/url-connection-client/2.17.1/url-connection-client-2.17.1.jar:/home/alex/.m2/repository/com/google/cloud/google-cloud-kms/2.0.2/google-cloud-kms-2.0.2.jar:/home/alex/.m2/repository/io/grpc/grpc-api/1.40.0/grpc-api-1.40.0.jar:/home/alex/.m2/repository/io/grpc/grpc-context/1.40.0/grpc-context-1.40.0.jar:/home/alex/.m2/repository/com/google/code/findbugs/jsr305/3.0.2/jsr305-3.0.2.jar:/home/alex/.m2/repository/io/grpc/grpc-stub/1.40.0/grpc-stub-1.40.0.jar:/home/alex/.m2/repository/io/grpc/grpc-protobuf/1.40.0/grpc-protobuf-1.40.0.jar:/home/alex/.m2/repository/io/grpc/grpc-protobuf-lite/1.40.0/grpc-protobuf-lite-1.40.0.jar:/home/alex/.m2/repository/com/google/api/api-common/2.0.1/api-common-2.0.1.jar:/home/alex/.m2/repository/javax/annotation/javax.annotation-api/1.3.2/javax.annotation-api-1.3.2.jar:/home/alex/.m2/repository/com/google/auto/value/auto-value-annotations/1.8.2/auto-value-annotations-1.8.2.jar:/home/alex/.m2/repository/com/google/protobuf/protobuf-java/3.17.3/protobuf-java-3.17.3.jar:/home/alex/.m2/repository/com/google/api/grpc/proto-google-common-protos/2.3.2/proto-google-common-protos-2.3.2.jar:/home/alex/.m2/repository/com/google/api/grpc/proto-google-cloud-kms-v1/0.91.2/proto-google-cloud-kms-v1-0.91.2.jar:/home/alex/.m2/repository/com/google/guava/guava/28.0-jre/guava-28.0-jre.jar:/home/alex/.m2/repository/com/google/guava/failureaccess/1.0.1/failureaccess-1.0.1.jar:/home/alex/.m2/repository/com/google/guava/listenablefuture/9999.0-empty-to-avoid-conflict-with-guava/listenablefuture-9999.0-empty-to-avoid-conflict-with-guava.jar:/home/alex/.m2/repository/org/checkerframework/checker-qual/3.8.0/checker-qual-3.8.0.jar:/home/alex/.m2/repository/com/google/errorprone/error_prone_annotations/2.9.0/error_prone_annotations-2.9.0.jar:/home/alex/.m2/repository/com/google/j2objc/j2objc-annotations/1.3/j2objc-annotations-1.3.jar:/home/alex/.m2/repository/com/google/api/gax/2.3.0/gax-2.3.0.jar:/home/alex/.m2/repository/io/opencensus/opencensus-api/0.28.0/opencensus-api-0.28.0.jar:/home/alex/.m2/repository/com/google/api/gax-grpc/2.3.0/gax-grpc-2.3.0.jar:/home/alex/.m2/repository/com/google/auth/google-auth-library-credentials/1.1.0/google-auth-library-credentials-1.1.0.jar:/home/alex/.m2/repository/io/grpc/grpc-netty-shaded/1.40.0/grpc-netty-shaded-1.40.0.jar:/home/alex/.m2/repository/io/perfmark/perfmark-api/0.23.0/perfmark-api-0.23.0.jar:/home/alex/.m2/repository/io/grpc/grpc-core/1.40.0/grpc-core-1.40.0.jar:/home/alex/.m2/repository/com/google/android/annotations/4.1.1.4/annotations-4.1.1.4.jar:/home/alex/.m2/repository/org/codehaus/mojo/animal-sniffer-annotations/1.20/animal-sniffer-annotations-1.20.jar:/home/alex/.m2/repository/io/grpc/grpc-alts/1.40.0/grpc-alts-1.40.0.jar:/home/alex/.m2/repository/io/grpc/grpc-grpclb/1.40.0/grpc-grpclb-1.40.0.jar:/home/alex/.m2/repository/com/google/protobuf/protobuf-java-util/3.17.3/protobuf-java-util-3.17.3.jar:/home/alex/.m2/repository/org/conscrypt/conscrypt-openjdk-uber/2.5.1/conscrypt-openjdk-uber-2.5.1.jar:/home/alex/.m2/repository/org/threeten/threetenbp/1.5.1/threetenbp-1.5.1.jar:/home/alex/.m2/repository/io/grpc/grpc-auth/1.40.0/grpc-auth-1.40.0.jar:/home/alex/.m2/repository/com/google/api/grpc/proto-google-iam-v1/1.0.14/proto-google-iam-v1-1.0.14.jar:/home/alex/.m2/repository/com/google/auth/google-auth-library-oauth2-http/1.1.0/google-auth-library-oauth2-http-1.1.0.jar:/home/alex/.m2/repository/com/google/http-client/google-http-client/1.39.2/google-http-client-1.39.2.jar:/home/alex/.m2/repository/org/apache/httpcomponents/httpclient/4.5.13/httpclient-4.5.13.jar:/home/alex/.m2/repository/org/apache/httpcomponents/httpcore/4.4.14/httpcore-4.4.14.jar:/home/alex/.m2/repository/io/opencensus/opencensus-contrib-http-util/0.28.0/opencensus-contrib-http-util-0.28.0.jar:/home/alex/.m2/repository/com/google/http-client/google-http-client-gson/1.39.2/google-http-client-gson-1.39.2.jar:/home/alex/.m2/repository/com/google/code/gson/gson/2.8.8/gson-2.8.8.jar:/home/alex/Repositories/nifi/nifi-commons/nifi-vault-utils/target/classes:/home/alex/.m2/repository/org/springframework/vault/spring-vault-core/2.3.2/spring-vault-core-2.3.2.jar:/home/alex/.m2/repository/org/springframework/spring-core/5.3.11/spring-core-5.3.11.jar:/home/alex/.m2/repository/org/springframework/spring-jcl/5.3.11/spring-jcl-5.3.11.jar:/home/alex/.m2/repository/org/springframework/spring-context/5.3.11/spring-context-5.3.11.jar:/home/alex/.m2/repository/org/springframework/spring-aop/5.3.11/spring-aop-5.3.11.jar:/home/alex/.m2/repository/org/springframework/spring-expression/5.3.11/spring-expression-5.3.11.jar:/home/alex/.m2/repository/org/springframework/spring-beans/5.3.11/spring-beans-5.3.11.jar:/home/alex/.m2/repository/org/springframework/spring-web/5.3.11/spring-web-5.3.11.jar:/home/alex/.m2/repository/org/slf4j/slf4j-api/1.7.32/slf4j-api-1.7.32.jar:/home/alex/.m2/repository/org/junit/jupiter/junit-jupiter-api/5.7.2/junit-jupiter-api-5.7.2.jar:/home/alex/.m2/repository/org/apiguardian/apiguardian-api/1.1.0/apiguardian-api-1.1.0.jar:/home/alex/.m2/repository/org/opentest4j/opentest4j/1.2.0/opentest4j-1.2.0.jar:/home/alex/.m2/repository/org/junit/platform/junit-platform-commons/1.7.2/junit-platform-commons-1.7.2.jar:/home/alex/.m2/repository/org/junit/jupiter/junit-jupiter-engine/5.7.2/junit-jupiter-engine-5.7.2.jar:/home/alex/.m2/repository/org/junit/platform/junit-platform-engine/1.7.2/junit-platform-engine-1.7.2.jar:/home/alex/.m2/repository/org/junit/vintage/junit-vintage-engine/5.7.2/junit-vintage-engine-5.7.2.jar:/home/alex/.m2/repository/org/junit/jupiter/junit-jupiter-params/5.7.2/junit-jupiter-params-5.7.2.jar:/home/alex/.m2/repository/org/mockito/mockito-junit-jupiter/3.11.2/mockito-junit-jupiter-3.11.2.jar:"/>
    <property name="java.vm.vendor" value="Private Build"/>
    <property name="nondexPrintstack" value="false"/>
    <property name="sun.arch.data.model" value="64"/>
    <property name="java.vendor.url" value="http://java.oracle.com/"/>
    <property name="user.timezone" value="Europe/Lisbon"/>
    <property name="user.country.format" value="PT"/>
    <property name="java.vm.specification.version" value="1.8"/>
    <property name="os.name" value="Linux"/>
    <property name="user.country" value="US"/>
    <property name="sun.java.launcher" value="SUN_STANDARD"/>
    <property name="sun.boot.library.path" value="/usr/lib/jvm/java-8-openjdk-amd64/jre/lib/amd64"/>
    <property name="nondexLogging" value="CONFIG"/>
    <property name="sun.java.command" value="/home/alex/Repositories/nifi/nifi-registry/nifi-registry-core/nifi-registry-properties/target/surefire/surefirebooter8921822228530968793.jar /home/alex/Repositories/nifi/nifi-registry/nifi-registry-core/nifi-registry-properties/target/surefire 2024-04-23T18-33-27_196-jvmRun1 surefire7448313735632208856tmp surefire_153059832768130450526tmp"/>
    <property name="surefire.test.class.path" value="/home/alex/Repositories/nifi/nifi-registry/nifi-registry-core/nifi-registry-properties/target/test-classes:/home/alex/Repositories/nifi/nifi-registry/nifi-registry-core/nifi-registry-properties/target/classes:/home/alex/.m2/repository/org/apache/commons/commons-lang3/3.5/commons-lang3-3.5.jar:/home/alex/.m2/repository/org/bouncycastle/bcprov-jdk15on/1.69/bcprov-jdk15on-1.69.jar:/home/alex/.m2/repository/org/codehaus/groovy/groovy-test/2.5.14/groovy-test-2.5.14.jar:/home/alex/.m2/repository/org/codehaus/groovy/groovy/2.5.14/groovy-2.5.14.jar:/home/alex/.m2/repository/junit/junit/4.13.2/junit-4.13.2.jar:/home/alex/.m2/repository/org/hamcrest/hamcrest-core/1.3/hamcrest-core-1.3.jar:/home/alex/.m2/repository/cglib/cglib-nodep/2.2.2/cglib-nodep-2.2.2.jar:/home/alex/.m2/repository/org/slf4j/slf4j-simple/1.7.32/slf4j-simple-1.7.32.jar:/home/alex/.m2/repository/org/mockito/mockito-core/2.28.2/mockito-core-2.28.2.jar:/home/alex/.m2/repository/net/bytebuddy/byte-buddy/1.9.10/byte-buddy-1.9.10.jar:/home/alex/.m2/repository/net/bytebuddy/byte-buddy-agent/1.9.10/byte-buddy-agent-1.9.10.jar:/home/alex/.m2/repository/org/objenesis/objenesis/2.6/objenesis-2.6.jar:/home/alex/Repositories/nifi/nifi-commons/nifi-sensitive-property-provider/target/classes:/home/alex/Repositories/nifi/nifi-commons/nifi-properties/target/classes:/home/alex/Repositories/nifi/nifi-commons/nifi-property-utils/target/classes:/home/alex/Repositories/nifi/nifi-commons/nifi-security-utils/target/classes:/home/alex/Repositories/nifi/nifi-api/target/classes:/home/alex/Repositories/nifi/nifi-commons/nifi-utils/target/classes:/home/alex/Repositories/nifi/nifi-commons/nifi-security-utils-api/target/classes:/home/alex/Repositories/nifi/nifi-commons/nifi-security-kms/target/classes:/home/alex/.m2/repository/commons-codec/commons-codec/1.14/commons-codec-1.14.jar:/home/alex/.m2/repository/org/bouncycastle/bcpkix-jdk15on/1.69/bcpkix-jdk15on-1.69.jar:/home/alex/.m2/repository/org/bouncycastle/bcutil-jdk15on/1.69/bcutil-jdk15on-1.69.jar:/home/alex/.m2/repository/at/favre/lib/bcrypt/0.9.0/bcrypt-0.9.0.jar:/home/alex/.m2/repository/at/favre/lib/bytes/1.3.0/bytes-1.3.0.jar:/home/alex/.m2/repository/org/apache/commons/commons-configuration2/2.7/commons-configuration2-2.7.jar:/home/alex/.m2/repository/org/apache/commons/commons-text/1.8/commons-text-1.8.jar:/home/alex/.m2/repository/software/amazon/awssdk/kms/2.17.1/kms-2.17.1.jar:/home/alex/.m2/repository/software/amazon/awssdk/aws-json-protocol/2.17.1/aws-json-protocol-2.17.1.jar:/home/alex/.m2/repository/software/amazon/awssdk/third-party-jackson-core/2.17.1/third-party-jackson-core-2.17.1.jar:/home/alex/.m2/repository/software/amazon/awssdk/json-utils/2.17.1/json-utils-2.17.1.jar:/home/alex/.m2/repository/software/amazon/awssdk/protocol-core/2.17.1/protocol-core-2.17.1.jar:/home/alex/.m2/repository/software/amazon/awssdk/sdk-core/2.17.1/sdk-core-2.17.1.jar:/home/alex/.m2/repository/software/amazon/awssdk/profiles/2.17.1/profiles-2.17.1.jar:/home/alex/.m2/repository/org/reactivestreams/reactive-streams/1.0.3/reactive-streams-1.0.3.jar:/home/alex/.m2/repository/software/amazon/awssdk/auth/2.17.1/auth-2.17.1.jar:/home/alex/.m2/repository/software/amazon/eventstream/eventstream/1.0.1/eventstream-1.0.1.jar:/home/alex/.m2/repository/software/amazon/awssdk/http-client-spi/2.17.1/http-client-spi-2.17.1.jar:/home/alex/.m2/repository/software/amazon/awssdk/regions/2.17.1/regions-2.17.1.jar:/home/alex/.m2/repository/software/amazon/awssdk/annotations/2.17.1/annotations-2.17.1.jar:/home/alex/.m2/repository/software/amazon/awssdk/utils/2.17.1/utils-2.17.1.jar:/home/alex/.m2/repository/software/amazon/awssdk/aws-core/2.17.1/aws-core-2.17.1.jar:/home/alex/.m2/repository/software/amazon/awssdk/metrics-spi/2.17.1/metrics-spi-2.17.1.jar:/home/alex/.m2/repository/software/amazon/awssdk/secretsmanager/2.17.1/secretsmanager-2.17.1.jar:/home/alex/.m2/repository/com/azure/azure-security-keyvault-secrets/4.3.3/azure-security-keyvault-secrets-4.3.3.jar:/home/alex/.m2/repository/com/azure/azure-core/1.20.0/azure-core-1.20.0.jar:/home/alex/.m2/repository/com/fasterxml/jackson/core/jackson-annotations/2.12.3/jackson-annotations-2.12.3.jar:/home/alex/.m2/repository/com/fasterxml/jackson/core/jackson-core/2.12.3/jackson-core-2.12.3.jar:/home/alex/.m2/repository/com/fasterxml/jackson/core/jackson-databind/2.12.3/jackson-databind-2.12.3.jar:/home/alex/.m2/repository/com/fasterxml/jackson/datatype/jackson-datatype-jsr310/2.12.4/jackson-datatype-jsr310-2.12.4.jar:/home/alex/.m2/repository/com/fasterxml/jackson/dataformat/jackson-dataformat-xml/2.12.4/jackson-dataformat-xml-2.12.4.jar:/home/alex/.m2/repository/com/fasterxml/jackson/module/jackson-module-jaxb-annotations/2.12.3/jackson-module-jaxb-annotations-2.12.3.jar:/home/alex/.m2/repository/jakarta/xml/bind/jakarta.xml.bind-api/2.3.2/jakarta.xml.bind-api-2.3.2.jar:/home/alex/.m2/repository/jakarta/activation/jakarta.activation-api/1.2.1/jakarta.activation-api-1.2.1.jar:/home/alex/.m2/repository/io/projectreactor/reactor-core/3.4.9/reactor-core-3.4.9.jar:/home/alex/.m2/repository/com/azure/azure-security-keyvault-keys/4.3.3/azure-security-keyvault-keys-4.3.3.jar:/home/alex/.m2/repository/com/azure/azure-identity/1.3.4/azure-identity-1.3.4.jar:/home/alex/.m2/repository/com/microsoft/azure/msal4j/1.10.1/msal4j-1.10.1.jar:/home/alex/.m2/repository/com/nimbusds/oauth2-oidc-sdk/6.16.2/oauth2-oidc-sdk-6.16.2.jar:/home/alex/.m2/repository/com/sun/mail/javax.mail/1.6.1/javax.mail-1.6.1.jar:/home/alex/.m2/repository/javax/activation/activation/1.1/activation-1.1.jar:/home/alex/.m2/repository/com/github/stephenc/jcip/jcip-annotations/1.0-1/jcip-annotations-1.0-1.jar:/home/alex/.m2/repository/net/minidev/json-smart/2.3/json-smart-2.3.jar:/home/alex/.m2/repository/net/minidev/accessors-smart/1.2/accessors-smart-1.2.jar:/home/alex/.m2/repository/org/ow2/asm/asm/5.0.4/asm-5.0.4.jar:/home/alex/.m2/repository/com/nimbusds/lang-tag/1.7/lang-tag-1.7.jar:/home/alex/.m2/repository/com/nimbusds/nimbus-jose-jwt/8.20/nimbus-jose-jwt-8.20.jar:/home/alex/.m2/repository/com/microsoft/azure/msal4j-persistence-extension/1.1.0/msal4j-persistence-extension-1.1.0.jar:/home/alex/.m2/repository/net/java/dev/jna/jna/5.5.0/jna-5.5.0.jar:/home/alex/.m2/repository/net/java/dev/jna/jna-platform/5.6.0/jna-platform-5.6.0.jar:/home/alex/.m2/repository/com/azure/azure-core-http-okhttp/1.7.1/azure-core-http-okhttp-1.7.1.jar:/home/alex/.m2/repository/com/squareup/okhttp3/okhttp/4.8.1/okhttp-4.8.1.jar:/home/alex/.m2/repository/com/squareup/okio/okio/2.7.0/okio-2.7.0.jar:/home/alex/.m2/repository/org/jetbrains/kotlin/kotlin-stdlib-common/1.3.70/kotlin-stdlib-common-1.3.70.jar:/home/alex/.m2/repository/org/jetbrains/kotlin/kotlin-stdlib/1.3.72/kotlin-stdlib-1.3.72.jar:/home/alex/.m2/repository/org/jetbrains/annotations/13.0/annotations-13.0.jar:/home/alex/.m2/repository/software/amazon/awssdk/url-connection-client/2.17.1/url-connection-client-2.17.1.jar:/home/alex/.m2/repository/com/google/cloud/google-cloud-kms/2.0.2/google-cloud-kms-2.0.2.jar:/home/alex/.m2/repository/io/grpc/grpc-api/1.40.0/grpc-api-1.40.0.jar:/home/alex/.m2/repository/io/grpc/grpc-context/1.40.0/grpc-context-1.40.0.jar:/home/alex/.m2/repository/com/google/code/findbugs/jsr305/3.0.2/jsr305-3.0.2.jar:/home/alex/.m2/repository/io/grpc/grpc-stub/1.40.0/grpc-stub-1.40.0.jar:/home/alex/.m2/repository/io/grpc/grpc-protobuf/1.40.0/grpc-protobuf-1.40.0.jar:/home/alex/.m2/repository/io/grpc/grpc-protobuf-lite/1.40.0/grpc-protobuf-lite-1.40.0.jar:/home/alex/.m2/repository/com/google/api/api-common/2.0.1/api-common-2.0.1.jar:/home/alex/.m2/repository/javax/annotation/javax.annotation-api/1.3.2/javax.annotation-api-1.3.2.jar:/home/alex/.m2/repository/com/google/auto/value/auto-value-annotations/1.8.2/auto-value-annotations-1.8.2.jar:/home/alex/.m2/repository/com/google/protobuf/protobuf-java/3.17.3/protobuf-java-3.17.3.jar:/home/alex/.m2/repository/com/google/api/grpc/proto-google-common-protos/2.3.2/proto-google-common-protos-2.3.2.jar:/home/alex/.m2/repository/com/google/api/grpc/proto-google-cloud-kms-v1/0.91.2/proto-google-cloud-kms-v1-0.91.2.jar:/home/alex/.m2/repository/com/google/guava/guava/28.0-jre/guava-28.0-jre.jar:/home/alex/.m2/repository/com/google/guava/failureaccess/1.0.1/failureaccess-1.0.1.jar:/home/alex/.m2/repository/com/google/guava/listenablefuture/9999.0-empty-to-avoid-conflict-with-guava/listenablefuture-9999.0-empty-to-avoid-conflict-with-guava.jar:/home/alex/.m2/repository/org/checkerframework/checker-qual/3.8.0/checker-qual-3.8.0.jar:/home/alex/.m2/repository/com/google/errorprone/error_prone_annotations/2.9.0/error_prone_annotations-2.9.0.jar:/home/alex/.m2/repository/com/google/j2objc/j2objc-annotations/1.3/j2objc-annotations-1.3.jar:/home/alex/.m2/repository/com/google/api/gax/2.3.0/gax-2.3.0.jar:/home/alex/.m2/repository/io/opencensus/opencensus-api/0.28.0/opencensus-api-0.28.0.jar:/home/alex/.m2/repository/com/google/api/gax-grpc/2.3.0/gax-grpc-2.3.0.jar:/home/alex/.m2/repository/com/google/auth/google-auth-library-credentials/1.1.0/google-auth-library-credentials-1.1.0.jar:/home/alex/.m2/repository/io/grpc/grpc-netty-shaded/1.40.0/grpc-netty-shaded-1.40.0.jar:/home/alex/.m2/repository/io/perfmark/perfmark-api/0.23.0/perfmark-api-0.23.0.jar:/home/alex/.m2/repository/io/grpc/grpc-core/1.40.0/grpc-core-1.40.0.jar:/home/alex/.m2/repository/com/google/android/annotations/4.1.1.4/annotations-4.1.1.4.jar:/home/alex/.m2/repository/org/codehaus/mojo/animal-sniffer-annotations/1.20/animal-sniffer-annotations-1.20.jar:/home/alex/.m2/repository/io/grpc/grpc-alts/1.40.0/grpc-alts-1.40.0.jar:/home/alex/.m2/repository/io/grpc/grpc-grpclb/1.40.0/grpc-grpclb-1.40.0.jar:/home/alex/.m2/repository/com/google/protobuf/protobuf-java-util/3.17.3/protobuf-java-util-3.17.3.jar:/home/alex/.m2/repository/org/conscrypt/conscrypt-openjdk-uber/2.5.1/conscrypt-openjdk-uber-2.5.1.jar:/home/alex/.m2/repository/org/threeten/threetenbp/1.5.1/threetenbp-1.5.1.jar:/home/alex/.m2/repository/io/grpc/grpc-auth/1.40.0/grpc-auth-1.40.0.jar:/home/alex/.m2/repository/com/google/api/grpc/proto-google-iam-v1/1.0.14/proto-google-iam-v1-1.0.14.jar:/home/alex/.m2/repository/com/google/auth/google-auth-library-oauth2-http/1.1.0/google-auth-library-oauth2-http-1.1.0.jar:/home/alex/.m2/repository/com/google/http-client/google-http-client/1.39.2/google-http-client-1.39.2.jar:/home/alex/.m2/repository/org/apache/httpcomponents/httpclient/4.5.13/httpclient-4.5.13.jar:/home/alex/.m2/repository/org/apache/httpcomponents/httpcore/4.4.14/httpcore-4.4.14.jar:/home/alex/.m2/repository/io/opencensus/opencensus-contrib-http-util/0.28.0/opencensus-contrib-http-util-0.28.0.jar:/home/alex/.m2/repository/com/google/http-client/google-http-client-gson/1.39.2/google-http-client-gson-1.39.2.jar:/home/alex/.m2/repository/com/google/code/gson/gson/2.8.8/gson-2.8.8.jar:/home/alex/Repositories/nifi/nifi-commons/nifi-vault-utils/target/classes:/home/alex/.m2/repository/org/springframework/vault/spring-vault-core/2.3.2/spring-vault-core-2.3.2.jar:/home/alex/.m2/repository/org/springframework/spring-core/5.3.11/spring-core-5.3.11.jar:/home/alex/.m2/repository/org/springframework/spring-jcl/5.3.11/spring-jcl-5.3.11.jar:/home/alex/.m2/repository/org/springframework/spring-context/5.3.11/spring-context-5.3.11.jar:/home/alex/.m2/repository/org/springframework/spring-aop/5.3.11/spring-aop-5.3.11.jar:/home/alex/.m2/repository/org/springframework/spring-expression/5.3.11/spring-expression-5.3.11.jar:/home/alex/.m2/repository/org/springframework/spring-beans/5.3.11/spring-beans-5.3.11.jar:/home/alex/.m2/repository/org/springframework/spring-web/5.3.11/spring-web-5.3.11.jar:/home/alex/.m2/repository/org/slf4j/slf4j-api/1.7.32/slf4j-api-1.7.32.jar:/home/alex/.m2/repository/org/junit/jupiter/junit-jupiter-api/5.7.2/junit-jupiter-api-5.7.2.jar:/home/alex/.m2/repository/org/apiguardian/apiguardian-api/1.1.0/apiguardian-api-1.1.0.jar:/home/alex/.m2/repository/org/opentest4j/opentest4j/1.2.0/opentest4j-1.2.0.jar:/home/alex/.m2/repository/org/junit/platform/junit-platform-commons/1.7.2/junit-platform-commons-1.7.2.jar:/home/alex/.m2/repository/org/junit/jupiter/junit-jupiter-engine/5.7.2/junit-jupiter-engine-5.7.2.jar:/home/alex/.m2/repository/org/junit/platform/junit-platform-engine/1.7.2/junit-platform-engine-1.7.2.jar:/home/alex/.m2/repository/org/junit/vintage/junit-vintage-engine/5.7.2/junit-vintage-engine-5.7.2.jar:/home/alex/.m2/repository/org/junit/jupiter/junit-jupiter-params/5.7.2/junit-jupiter-params-5.7.2.jar:/home/alex/.m2/repository/org/mockito/mockito-junit-jupiter/3.11.2/mockito-junit-jupiter-3.11.2.jar:"/>
    <property name="sun.cpu.endian" value="little"/>
    <property name="nondexExecid" value="OTvQVS1FVIh9rqPWEKuoO9KyVQ0BQEfJDIK2gsj9a54="/>
    <property name="user.home" value="/home/alex"/>
    <property name="user.language" value="en"/>
    <property name="java.specification.vendor" value="Oracle Corporation"/>
    <property name="java.home" value="/usr/lib/jvm/java-8-openjdk-amd64/jre"/>
    <property name="file.separator" value="/"/>
    <property name="basedir" value="/home/alex/Repositories/nifi/nifi-registry/nifi-registry-core/nifi-registry-properties"/>
    <property name="line.separator" value="&#10;"/>
    <property name="nondexEnd" value="9223372036854775807"/>
    <property name="java.vm.specification.vendor" value="Oracle Corporation"/>
    <property name="java.specification.name" value="Java Platform API Specification"/>
    <property name="java.awt.graphicsenv" value="sun.awt.X11GraphicsEnvironment"/>
    <property name="java.awt.headless" value="true"/>
    <property name="nondexFilter" value=".*"/>
    <property name="nondexSeed" value="1016066"/>
    <property name="surefire.real.class.path" value="/home/alex/Repositories/nifi/nifi-registry/nifi-registry-core/nifi-registry-properties/target/surefire/surefirebooter8921822228530968793.jar"/>
    <property name="sun.boot.class.path" value="/home/alex/Repositories/nifi/nifi-registry/nifi-registry-core/nifi-registry-properties/.nondex/nondex-instr.jar:/home/alex/.m2/repository/edu/illinois/nondex-common/2.1.7/nondex-common-2.1.7.jar:/home/alex/.m2/repository/edu/illinois/nondex-annotations/2.1.7/nondex-annotations-2.1.7.jar:/usr/lib/jvm/java-8-openjdk-amd64/jre/lib/resources.jar:/usr/lib/jvm/java-8-openjdk-amd64/jre/lib/rt.jar:/usr/lib/jvm/java-8-openjdk-amd64/jre/lib/sunrsasign.jar:/usr/lib/jvm/java-8-openjdk-amd64/jre/lib/jsse.jar:/usr/lib/jvm/java-8-openjdk-amd64/jre/lib/jce.jar:/usr/lib/jvm/java-8-openjdk-amd64/jre/lib/charsets.jar:/usr/lib/jvm/java-8-openjdk-amd64/jre/lib/jfr.jar:/usr/lib/jvm/java-8-openjdk-amd64/jre/classes"/>
    <property name="sun.management.compiler" value="HotSpot 64-Bit Tiered Compilers"/>
    <property name="java.runtime.version" value="1.8.0_402-8u402-ga-2ubuntu1~22.04-b06"/>
    <property name="user.name" value="alex"/>
    <property name="java.net.preferIPv4Stack" value="true"/>
    <property name="path.separator" value=":"/>
    <property name="os.version" value="6.5.0-28-generic"/>
    <property name="nifi.registry.properties.file.path" value="conf/nifi-registry.properties"/>
    <property name="java.endorsed.dirs" value="/usr/lib/jvm/java-8-openjdk-amd64/jre/lib/endorsed"/>
    <property name="java.runtime.name" value="OpenJDK Runtime Environment"/>
    <property name="file.encoding" value="UTF-8"/>
    <property name="java.vm.name" value="OpenJDK 64-Bit Server VM"/>
    <property name="localRepository" value="/home/alex/.m2/repository"/>
    <property name="nondexDir" value="/home/alex/Repositories/nifi/nifi-registry/nifi-registry-core/nifi-registry-properties/.nondex"/>
    <property name="nondexJarDir" value="/home/alex/Repositories/nifi/nifi-registry/nifi-registry-core/nifi-registry-properties/.nondex"/>
    <property name="java.vendor.url.bug" value="http://bugreport.sun.com/bugreport/"/>
    <property name="java.io.tmpdir" value="/tmp"/>
    <property name="java.version" value="1.8.0_402"/>
    <property name="user.dir" value="/home/alex/Repositories/nifi/nifi-registry/nifi-registry-core/nifi-registry-properties"/>
    <property name="os.arch" value="amd64"/>
    <property name="nondexMode" value="FULL"/>
    <property name="java.vm.specification.name" value="Java Virtual Machine Specification"/>
    <property name="java.awt.printerjob" value="sun.print.PSPrinterJob"/>
    <property name="user.language.format" value="pt"/>
    <property name="sun.os.patch.level" value="unknown"/>
    <property name="java.library.path" value="/usr/java/packages/lib/amd64:/usr/lib/x86_64-linux-gnu/jni:/lib/x86_64-linux-gnu:/usr/lib/x86_64-linux-gnu:/usr/lib/jni:/lib:/usr/lib"/>
    <property name="java.vm.info" value="mixed mode"/>
    <property name="java.vendor" value="Private Build"/>
    <property name="java.vm.version" value="25.402-b06"/>
    <property name="java.specification.maintenance.version" value="5"/>
    <property name="java.ext.dirs" value="/usr/lib/jvm/java-8-openjdk-amd64/jre/lib/ext:/usr/java/packages/lib/ext"/>
    <property name="sun.io.unicode.encoding" value="UnicodeLittle"/>
    <property name="java.class.version" value="52.0"/>
  </properties>
  <testcase name="testShouldGetUnprotectedValueOfSensitivePropertyWhenProtected" classname="org.apache.nifi.registry.properties.ProtectedNiFiRegistryPropertiesGroovyTest" time="0.031">
    <system-err><![CDATA[[main] INFO org.apache.nifi.registry.properties.ProtectedNiFiRegistryPropertiesGroovyTest - Loaded 22 properties from /home/alex/Repositories/nifi/nifi-registry/nifi-registry-core/nifi-registry-properties/target/test-classes/conf/nifi-registry.with_sensitive_props_protected_aes_128.properties
[main] INFO org.apache.nifi.registry.properties.ProtectedNiFiRegistryPropertiesGroovyTest - The property is sensitive and protected
[main] INFO org.apache.nifi.registry.properties.ProtectedNiFiRegistryPropertiesGroovyTest - nifi.registry.security.keystorePasswd: thisIsABadPassword
]]></system-err>
  </testcase>
  <testcase name="testShouldGetUnprotectedValueOfSensitiveProperty" classname="org.apache.nifi.registry.properties.ProtectedNiFiRegistryPropertiesGroovyTest" time="0.002">
    <system-err><![CDATA[[main] INFO org.apache.nifi.registry.properties.ProtectedNiFiRegistryPropertiesGroovyTest - Loaded 20 properties from /home/alex/Repositories/nifi/nifi-registry/nifi-registry-core/nifi-registry-properties/target/test-classes/conf/nifi-registry.with_sensitive_props_unprotected.properties
[main] INFO org.apache.nifi.registry.properties.ProtectedNiFiRegistryPropertiesGroovyTest - The property is sensitive and not protected
[main] INFO org.apache.nifi.registry.properties.ProtectedNiFiRegistryPropertiesGroovyTest - nifi.registry.security.keystorePasswd: thisIsABadKeystorePassword
]]></system-err>
  </testcase>
  <testcase name="testShouldDetectIfPropertyWithEmptyProtectionSchemeIsProtected" classname="org.apache.nifi.registry.properties.ProtectedNiFiRegistryPropertiesGroovyTest" time="0.002">
    <system-err><![CDATA[[main] INFO org.apache.nifi.registry.properties.ProtectedNiFiRegistryPropertiesGroovyTest - Loaded 21 properties from /home/alex/Repositories/nifi/nifi-registry/nifi-registry-core/nifi-registry-properties/target/test-classes/conf/nifi-registry.with_sensitive_props_unprotected_extra_line.properties
[main] INFO org.apache.nifi.registry.properties.ProtectedNiFiRegistryPropertiesGroovyTest - nifi.registry.security.keyPasswd is SENSITIVE
[main] INFO org.apache.nifi.registry.properties.ProtectedNiFiRegistryPropertiesGroovyTest - nifi.registry.security.keyPasswd is NOT PROTECTED
]]></system-err>
  </testcase>
  <testcase name="testGetUnprotectedPropertiesShouldReturnInternalInstanceWhenNoneProtected" classname="org.apache.nifi.registry.properties.ProtectedNiFiRegistryPropertiesGroovyTest" time="0.011">
    <system-err><![CDATA[[main] INFO org.apache.nifi.registry.properties.ProtectedNiFiRegistryPropertiesGroovyTest - Loaded 23 properties from /home/alex/Repositories/nifi/nifi-registry/nifi-registry-core/nifi-registry-properties/target/test-classes/conf/nifi-registry.properties
[main] INFO org.apache.nifi.registry.properties.ProtectedNiFiRegistryPropertiesGroovyTest - Loaded 23 properties from conf/nifi.properties
[main] INFO org.apache.nifi.registry.properties.ProtectedNiFiRegistryPropertiesGroovyTest - Hash code of internal instance: 1872088401
[main] INFO org.apache.nifi.registry.properties.ProtectedNiFiRegistryPropertiesGroovyTest - Unprotected 23 properties
[main] INFO org.apache.nifi.registry.properties.ProtectedNiFiRegistryPropertiesGroovyTest - Hash code from returned unprotected instance: 1872088401
]]></system-err>
  </testcase>
  <testcase name="testShouldGetPercentageOfSensitivePropertiesProtected_75" classname="org.apache.nifi.registry.properties.ProtectedNiFiRegistryPropertiesGroovyTest" time="0.011">
    <system-err><![CDATA[[main] INFO org.apache.nifi.registry.properties.ProtectedNiFiRegistryPropertiesGroovyTest - Loaded 22 properties from /home/alex/Repositories/nifi/nifi-registry/nifi-registry-core/nifi-registry-properties/target/test-classes/conf/nifi-registry.with_sensitive_props_protected_aes_128.properties
[main] INFO org.apache.nifi.registry.properties.ProtectedNiFiRegistryPropertiesGroovyTest - Sensitive property keys: [nifi.registry.web.http.port, nifi.registry.security.keyPasswd, nifi.registry.security.keystorePasswd, nifi.registry.security.truststorePasswd]
[main] INFO org.apache.nifi.registry.properties.ProtectedNiFiRegistryPropertiesGroovyTest - Protected property keys: [nifi.registry.security.keyPasswd, nifi.registry.security.keystorePasswd]
[main] INFO org.apache.nifi.registry.properties.ProtectedNiFiRegistryPropertiesGroovyTest - 67.0% (2 of 3) protected
]]></system-err>
  </testcase>
  <testcase name="testGetValueOfSensitivePropertyShouldHandleSingleMalformedValue" classname="org.apache.nifi.registry.properties.ProtectedNiFiRegistryPropertiesGroovyTest" time="0.011">
    <system-err><![CDATA[[main] INFO org.apache.nifi.registry.properties.ProtectedNiFiRegistryPropertiesGroovyTest - Loaded 22 properties from /home/alex/Repositories/nifi/nifi-registry/nifi-registry-core/nifi-registry-properties/target/test-classes/conf/nifi-registry.with_sensitive_props_protected_aes_single_malformed.properties
[main] INFO org.apache.nifi.registry.properties.ProtectedNiFiRegistryPropertiesGroovyTest - The property is sensitive and protected
[main] ERROR org.apache.nifi.properties.AESSensitivePropertyProvider - Error decrypting a protected value
org.bouncycastle.util.encoders.DecoderException: unable to decode base64 string: invalid characters encountered at end of base64 data
	at org.bouncycastle.util.encoders.Base64.decode(Unknown Source)
	at org.apache.nifi.properties.AESSensitivePropertyProvider.unprotect(AESSensitivePropertyProvider.java:238)
	at org.apache.nifi.properties.ApplicationPropertiesProtector.unprotectValue(ApplicationPropertiesProtector.java:330)
	at org.apache.nifi.properties.ApplicationPropertiesProtector.getUnprotectedProperties(ApplicationPropertiesProtector.java:235)
	at org.apache.nifi.registry.properties.ProtectedNiFiRegistryProperties.getUnprotectedProperties(ProtectedNiFiRegistryProperties.java:194)
	at org.apache.nifi.registry.properties.ProtectedNiFiRegistryProperties.getUnprotectedProperties(ProtectedNiFiRegistryProperties.java:43)
	at org.apache.nifi.properties.SensitivePropertyProtector$getUnprotectedProperties$5.call(Unknown Source)
	at org.codehaus.groovy.runtime.callsite.CallSiteArray.defaultCall(CallSiteArray.java:47)
	at org.codehaus.groovy.runtime.callsite.AbstractCallSite.call(AbstractCallSite.java:115)
	at org.codehaus.groovy.runtime.callsite.AbstractCallSite.call(AbstractCallSite.java:119)
	at org.apache.nifi.registry.properties.ProtectedNiFiRegistryPropertiesGroovyTest$_testGetValueOfSensitivePropertyShouldHandleSingleMalformedValue_closure3.doCall(ProtectedNiFiRegistryPropertiesGroovyTest.groovy:328)
	at org.apache.nifi.registry.properties.ProtectedNiFiRegistryPropertiesGroovyTest$_testGetValueOfSensitivePropertyShouldHandleSingleMalformedValue_closure3.doCall(ProtectedNiFiRegistryPropertiesGroovyTest.groovy)
	at sun.reflect.NativeMethodAccessorImpl.invoke0(Native Method)
	at sun.reflect.NativeMethodAccessorImpl.invoke(NativeMethodAccessorImpl.java:62)
	at sun.reflect.DelegatingMethodAccessorImpl.invoke(DelegatingMethodAccessorImpl.java:43)
	at java.lang.reflect.Method.invoke(Method.java:498)
	at org.codehaus.groovy.reflection.CachedMethod.invoke(CachedMethod.java:101)
	at groovy.lang.MetaMethod.doMethodInvoke(MetaMethod.java:323)
	at org.codehaus.groovy.runtime.metaclass.ClosureMetaClass.invokeMethod(ClosureMetaClass.java:263)
	at groovy.lang.MetaClassImpl.invokeMethod(MetaClassImpl.java:1041)
	at groovy.lang.Closure.call(Closure.java:405)
	at groovy.lang.Closure.call(Closure.java:399)
	at groovy.test.GroovyAssert.shouldFail(GroovyAssert.java:118)
	at groovy.util.GroovyTestCase.shouldFail(GroovyTestCase.java:216)
	at sun.reflect.NativeMethodAccessorImpl.invoke0(Native Method)
	at sun.reflect.NativeMethodAccessorImpl.invoke(NativeMethodAccessorImpl.java:62)
	at sun.reflect.DelegatingMethodAccessorImpl.invoke(DelegatingMethodAccessorImpl.java:43)
	at java.lang.reflect.Method.invoke(Method.java:498)
	at org.codehaus.groovy.runtime.callsite.PlainObjectMetaMethodSite.doInvoke(PlainObjectMetaMethodSite.java:43)
	at org.codehaus.groovy.runtime.callsite.PogoMetaMethodSite$PogoCachedMethodSiteNoUnwrapNoCoerce.invoke(PogoMetaMethodSite.java:190)
	at org.codehaus.groovy.runtime.callsite.PogoMetaMethodSite.callCurrent(PogoMetaMethodSite.java:58)
	at org.codehaus.groovy.runtime.callsite.CallSiteArray.defaultCallCurrent(CallSiteArray.java:51)
	at org.codehaus.groovy.runtime.callsite.AbstractCallSite.callCurrent(AbstractCallSite.java:156)
	at org.codehaus.groovy.runtime.callsite.AbstractCallSite.callCurrent(AbstractCallSite.java:176)
	at org.apache.nifi.registry.properties.ProtectedNiFiRegistryPropertiesGroovyTest.testGetValueOfSensitivePropertyShouldHandleSingleMalformedValue(ProtectedNiFiRegistryPropertiesGroovyTest.groovy:327)
	at sun.reflect.NativeMethodAccessorImpl.invoke0(Native Method)
	at sun.reflect.NativeMethodAccessorImpl.invoke(NativeMethodAccessorImpl.java:62)
	at sun.reflect.DelegatingMethodAccessorImpl.invoke(DelegatingMethodAccessorImpl.java:43)
	at java.lang.reflect.Method.invoke(Method.java:498)
	at org.junit.runners.model.FrameworkMethod$1.runReflectiveCall(FrameworkMethod.java:59)
	at org.junit.internal.runners.model.ReflectiveCallable.run(ReflectiveCallable.java:12)
	at org.junit.runners.model.FrameworkMethod.invokeExplosively(FrameworkMethod.java:56)
	at org.junit.internal.runners.statements.InvokeMethod.evaluate(InvokeMethod.java:17)
	at org.junit.internal.runners.statements.RunBefores.evaluate(RunBefores.java:26)
	at org.junit.internal.runners.statements.RunAfters.evaluate(RunAfters.java:27)
	at org.junit.runners.ParentRunner$3.evaluate(ParentRunner.java:306)
	at org.junit.runners.BlockJUnit4ClassRunner$1.evaluate(BlockJUnit4ClassRunner.java:100)
	at org.junit.runners.ParentRunner.runLeaf(ParentRunner.java:366)
	at org.junit.runners.BlockJUnit4ClassRunner.runChild(BlockJUnit4ClassRunner.java:103)
	at org.junit.runners.BlockJUnit4ClassRunner.runChild(BlockJUnit4ClassRunner.java:63)
	at org.junit.runners.ParentRunner$4.run(ParentRunner.java:331)
	at org.junit.runners.ParentRunner$1.schedule(ParentRunner.java:79)
	at org.junit.runners.ParentRunner.runChildren(ParentRunner.java:329)
	at org.junit.runners.ParentRunner.access$100(ParentRunner.java:66)
	at org.junit.runners.ParentRunner$2.evaluate(ParentRunner.java:293)
	at org.junit.internal.runners.statements.RunBefores.evaluate(RunBefores.java:26)
	at org.junit.internal.runners.statements.RunAfters.evaluate(RunAfters.java:27)
	at org.junit.runners.ParentRunner$3.evaluate(ParentRunner.java:306)
	at org.junit.runners.ParentRunner.run(ParentRunner.java:413)
	at org.apache.maven.surefire.junit4.JUnit4Provider.execute(JUnit4Provider.java:364)
	at org.apache.maven.surefire.junit4.JUnit4Provider.executeWithRerun(JUnit4Provider.java:272)
	at org.apache.maven.surefire.junit4.JUnit4Provider.executeTestSet(JUnit4Provider.java:237)
	at org.apache.maven.surefire.junit4.JUnit4Provider.invoke(JUnit4Provider.java:158)
	at org.apache.maven.surefire.booter.ForkedBooter.runSuitesInProcess(ForkedBooter.java:428)
	at org.apache.maven.surefire.booter.ForkedBooter.execute(ForkedBooter.java:162)
	at org.apache.maven.surefire.booter.ForkedBooter.run(ForkedBooter.java:562)
	at org.apache.maven.surefire.booter.ForkedBooter.main(ForkedBooter.java:548)
Caused by: java.io.IOException: invalid characters encountered at end of base64 data
	at org.bouncycastle.util.encoders.Base64Encoder.decodeLastBlock(Unknown Source)
	at org.bouncycastle.util.encoders.Base64Encoder.decode(Unknown Source)
	... 67 more
[main] ERROR org.apache.nifi.properties.ApplicationPropertiesProtector - Error unprotecting value for nifi.registry.security.keystorePasswd
SensitivePropertyProtectionException: Error decrypting a protected value
	at org.apache.nifi.properties.AESSensitivePropertyProvider.unprotect(AESSensitivePropertyProvider.java:247)
	at org.apache.nifi.properties.ApplicationPropertiesProtector.unprotectValue(ApplicationPropertiesProtector.java:330)
	at org.apache.nifi.properties.ApplicationPropertiesProtector.getUnprotectedProperties(ApplicationPropertiesProtector.java:235)
	at org.apache.nifi.registry.properties.ProtectedNiFiRegistryProperties.getUnprotectedProperties(ProtectedNiFiRegistryProperties.java:194)
	at org.apache.nifi.registry.properties.ProtectedNiFiRegistryProperties.getUnprotectedProperties(ProtectedNiFiRegistryProperties.java:43)
	at org.apache.nifi.properties.SensitivePropertyProtector$getUnprotectedProperties$5.call(Unknown Source)
	at org.codehaus.groovy.runtime.callsite.CallSiteArray.defaultCall(CallSiteArray.java:47)
	at org.codehaus.groovy.runtime.callsite.AbstractCallSite.call(AbstractCallSite.java:115)
	at org.codehaus.groovy.runtime.callsite.AbstractCallSite.call(AbstractCallSite.java:119)
	at org.apache.nifi.registry.properties.ProtectedNiFiRegistryPropertiesGroovyTest$_testGetValueOfSensitivePropertyShouldHandleSingleMalformedValue_closure3.doCall(ProtectedNiFiRegistryPropertiesGroovyTest.groovy:328)
	at org.apache.nifi.registry.properties.ProtectedNiFiRegistryPropertiesGroovyTest$_testGetValueOfSensitivePropertyShouldHandleSingleMalformedValue_closure3.doCall(ProtectedNiFiRegistryPropertiesGroovyTest.groovy)
	at sun.reflect.NativeMethodAccessorImpl.invoke0(Native Method)
	at sun.reflect.NativeMethodAccessorImpl.invoke(NativeMethodAccessorImpl.java:62)
	at sun.reflect.DelegatingMethodAccessorImpl.invoke(DelegatingMethodAccessorImpl.java:43)
	at java.lang.reflect.Method.invoke(Method.java:498)
	at org.codehaus.groovy.reflection.CachedMethod.invoke(CachedMethod.java:101)
	at groovy.lang.MetaMethod.doMethodInvoke(MetaMethod.java:323)
	at org.codehaus.groovy.runtime.metaclass.ClosureMetaClass.invokeMethod(ClosureMetaClass.java:263)
	at groovy.lang.MetaClassImpl.invokeMethod(MetaClassImpl.java:1041)
	at groovy.lang.Closure.call(Closure.java:405)
	at groovy.lang.Closure.call(Closure.java:399)
	at groovy.test.GroovyAssert.shouldFail(GroovyAssert.java:118)
	at groovy.util.GroovyTestCase.shouldFail(GroovyTestCase.java:216)
	at sun.reflect.NativeMethodAccessorImpl.invoke0(Native Method)
	at sun.reflect.NativeMethodAccessorImpl.invoke(NativeMethodAccessorImpl.java:62)
	at sun.reflect.DelegatingMethodAccessorImpl.invoke(DelegatingMethodAccessorImpl.java:43)
	at java.lang.reflect.Method.invoke(Method.java:498)
	at org.codehaus.groovy.runtime.callsite.PlainObjectMetaMethodSite.doInvoke(PlainObjectMetaMethodSite.java:43)
	at org.codehaus.groovy.runtime.callsite.PogoMetaMethodSite$PogoCachedMethodSiteNoUnwrapNoCoerce.invoke(PogoMetaMethodSite.java:190)
	at org.codehaus.groovy.runtime.callsite.PogoMetaMethodSite.callCurrent(PogoMetaMethodSite.java:58)
	at org.codehaus.groovy.runtime.callsite.CallSiteArray.defaultCallCurrent(CallSiteArray.java:51)
	at org.codehaus.groovy.runtime.callsite.AbstractCallSite.callCurrent(AbstractCallSite.java:156)
	at org.codehaus.groovy.runtime.callsite.AbstractCallSite.callCurrent(AbstractCallSite.java:176)
	at org.apache.nifi.registry.properties.ProtectedNiFiRegistryPropertiesGroovyTest.testGetValueOfSensitivePropertyShouldHandleSingleMalformedValue(ProtectedNiFiRegistryPropertiesGroovyTest.groovy:327)
	at sun.reflect.NativeMethodAccessorImpl.invoke0(Native Method)
	at sun.reflect.NativeMethodAccessorImpl.invoke(NativeMethodAccessorImpl.java:62)
	at sun.reflect.DelegatingMethodAccessorImpl.invoke(DelegatingMethodAccessorImpl.java:43)
	at java.lang.reflect.Method.invoke(Method.java:498)
	at org.junit.runners.model.FrameworkMethod$1.runReflectiveCall(FrameworkMethod.java:59)
	at org.junit.internal.runners.model.ReflectiveCallable.run(ReflectiveCallable.java:12)
	at org.junit.runners.model.FrameworkMethod.invokeExplosively(FrameworkMethod.java:56)
	at org.junit.internal.runners.statements.InvokeMethod.evaluate(InvokeMethod.java:17)
	at org.junit.internal.runners.statements.RunBefores.evaluate(RunBefores.java:26)
	at org.junit.internal.runners.statements.RunAfters.evaluate(RunAfters.java:27)
	at org.junit.runners.ParentRunner$3.evaluate(ParentRunner.java:306)
	at org.junit.runners.BlockJUnit4ClassRunner$1.evaluate(BlockJUnit4ClassRunner.java:100)
	at org.junit.runners.ParentRunner.runLeaf(ParentRunner.java:366)
	at org.junit.runners.BlockJUnit4ClassRunner.runChild(BlockJUnit4ClassRunner.java:103)
	at org.junit.runners.BlockJUnit4ClassRunner.runChild(BlockJUnit4ClassRunner.java:63)
	at org.junit.runners.ParentRunner$4.run(ParentRunner.java:331)
	at org.junit.runners.ParentRunner$1.schedule(ParentRunner.java:79)
	at org.junit.runners.ParentRunner.runChildren(ParentRunner.java:329)
	at org.junit.runners.ParentRunner.access$100(ParentRunner.java:66)
	at org.junit.runners.ParentRunner$2.evaluate(ParentRunner.java:293)
	at org.junit.internal.runners.statements.RunBefores.evaluate(RunBefores.java:26)
	at org.junit.internal.runners.statements.RunAfters.evaluate(RunAfters.java:27)
	at org.junit.runners.ParentRunner$3.evaluate(ParentRunner.java:306)
	at org.junit.runners.ParentRunner.run(ParentRunner.java:413)
	at org.apache.maven.surefire.junit4.JUnit4Provider.execute(JUnit4Provider.java:364)
	at org.apache.maven.surefire.junit4.JUnit4Provider.executeWithRerun(JUnit4Provider.java:272)
	at org.apache.maven.surefire.junit4.JUnit4Provider.executeTestSet(JUnit4Provider.java:237)
	at org.apache.maven.surefire.junit4.JUnit4Provider.invoke(JUnit4Provider.java:158)
	at org.apache.maven.surefire.booter.ForkedBooter.runSuitesInProcess(ForkedBooter.java:428)
	at org.apache.maven.surefire.booter.ForkedBooter.execute(ForkedBooter.java:162)
	at org.apache.maven.surefire.booter.ForkedBooter.run(ForkedBooter.java:562)
	at org.apache.maven.surefire.booter.ForkedBooter.main(ForkedBooter.java:548)
Caused by: org.bouncycastle.util.encoders.DecoderException: unable to decode base64 string: invalid characters encountered at end of base64 data
	at org.bouncycastle.util.encoders.Base64.decode(Unknown Source)
	at org.apache.nifi.properties.AESSensitivePropertyProvider.unprotect(AESSensitivePropertyProvider.java:238)
	... 65 more
Caused by: java.io.IOException: invalid characters encountered at end of base64 data
	at org.bouncycastle.util.encoders.Base64Encoder.decodeLastBlock(Unknown Source)
	at org.bouncycastle.util.encoders.Base64Encoder.decode(Unknown Source)
	... 67 more
[main] WARN org.apache.nifi.properties.ApplicationPropertiesProtector - Failed to unprotect 'nifi.registry.security.keystorePasswd'
SensitivePropertyProtectionException: Error decrypting a protected value
	at org.apache.nifi.properties.AESSensitivePropertyProvider.unprotect(AESSensitivePropertyProvider.java:247)
	at org.apache.nifi.properties.ApplicationPropertiesProtector.unprotectValue(ApplicationPropertiesProtector.java:330)
	at org.apache.nifi.properties.ApplicationPropertiesProtector.getUnprotectedProperties(ApplicationPropertiesProtector.java:235)
	at org.apache.nifi.registry.properties.ProtectedNiFiRegistryProperties.getUnprotectedProperties(ProtectedNiFiRegistryProperties.java:194)
	at org.apache.nifi.registry.properties.ProtectedNiFiRegistryProperties.getUnprotectedProperties(ProtectedNiFiRegistryProperties.java:43)
	at org.apache.nifi.properties.SensitivePropertyProtector$getUnprotectedProperties$5.call(Unknown Source)
	at org.codehaus.groovy.runtime.callsite.CallSiteArray.defaultCall(CallSiteArray.java:47)
	at org.codehaus.groovy.runtime.callsite.AbstractCallSite.call(AbstractCallSite.java:115)
	at org.codehaus.groovy.runtime.callsite.AbstractCallSite.call(AbstractCallSite.java:119)
	at org.apache.nifi.registry.properties.ProtectedNiFiRegistryPropertiesGroovyTest$_testGetValueOfSensitivePropertyShouldHandleSingleMalformedValue_closure3.doCall(ProtectedNiFiRegistryPropertiesGroovyTest.groovy:328)
	at org.apache.nifi.registry.properties.ProtectedNiFiRegistryPropertiesGroovyTest$_testGetValueOfSensitivePropertyShouldHandleSingleMalformedValue_closure3.doCall(ProtectedNiFiRegistryPropertiesGroovyTest.groovy)
	at sun.reflect.NativeMethodAccessorImpl.invoke0(Native Method)
	at sun.reflect.NativeMethodAccessorImpl.invoke(NativeMethodAccessorImpl.java:62)
	at sun.reflect.DelegatingMethodAccessorImpl.invoke(DelegatingMethodAccessorImpl.java:43)
	at java.lang.reflect.Method.invoke(Method.java:498)
	at org.codehaus.groovy.reflection.CachedMethod.invoke(CachedMethod.java:101)
	at groovy.lang.MetaMethod.doMethodInvoke(MetaMethod.java:323)
	at org.codehaus.groovy.runtime.metaclass.ClosureMetaClass.invokeMethod(ClosureMetaClass.java:263)
	at groovy.lang.MetaClassImpl.invokeMethod(MetaClassImpl.java:1041)
	at groovy.lang.Closure.call(Closure.java:405)
	at groovy.lang.Closure.call(Closure.java:399)
	at groovy.test.GroovyAssert.shouldFail(GroovyAssert.java:118)
	at groovy.util.GroovyTestCase.shouldFail(GroovyTestCase.java:216)
	at sun.reflect.NativeMethodAccessorImpl.invoke0(Native Method)
	at sun.reflect.NativeMethodAccessorImpl.invoke(NativeMethodAccessorImpl.java:62)
	at sun.reflect.DelegatingMethodAccessorImpl.invoke(DelegatingMethodAccessorImpl.java:43)
	at java.lang.reflect.Method.invoke(Method.java:498)
	at org.codehaus.groovy.runtime.callsite.PlainObjectMetaMethodSite.doInvoke(PlainObjectMetaMethodSite.java:43)
	at org.codehaus.groovy.runtime.callsite.PogoMetaMethodSite$PogoCachedMethodSiteNoUnwrapNoCoerce.invoke(PogoMetaMethodSite.java:190)
	at org.codehaus.groovy.runtime.callsite.PogoMetaMethodSite.callCurrent(PogoMetaMethodSite.java:58)
	at org.codehaus.groovy.runtime.callsite.CallSiteArray.defaultCallCurrent(CallSiteArray.java:51)
	at org.codehaus.groovy.runtime.callsite.AbstractCallSite.callCurrent(AbstractCallSite.java:156)
	at org.codehaus.groovy.runtime.callsite.AbstractCallSite.callCurrent(AbstractCallSite.java:176)
	at org.apache.nifi.registry.properties.ProtectedNiFiRegistryPropertiesGroovyTest.testGetValueOfSensitivePropertyShouldHandleSingleMalformedValue(ProtectedNiFiRegistryPropertiesGroovyTest.groovy:327)
	at sun.reflect.NativeMethodAccessorImpl.invoke0(Native Method)
	at sun.reflect.NativeMethodAccessorImpl.invoke(NativeMethodAccessorImpl.java:62)
	at sun.reflect.DelegatingMethodAccessorImpl.invoke(DelegatingMethodAccessorImpl.java:43)
	at java.lang.reflect.Method.invoke(Method.java:498)
	at org.junit.runners.model.FrameworkMethod$1.runReflectiveCall(FrameworkMethod.java:59)
	at org.junit.internal.runners.model.ReflectiveCallable.run(ReflectiveCallable.java:12)
	at org.junit.runners.model.FrameworkMethod.invokeExplosively(FrameworkMethod.java:56)
	at org.junit.internal.runners.statements.InvokeMethod.evaluate(InvokeMethod.java:17)
	at org.junit.internal.runners.statements.RunBefores.evaluate(RunBefores.java:26)
	at org.junit.internal.runners.statements.RunAfters.evaluate(RunAfters.java:27)
	at org.junit.runners.ParentRunner$3.evaluate(ParentRunner.java:306)
	at org.junit.runners.BlockJUnit4ClassRunner$1.evaluate(BlockJUnit4ClassRunner.java:100)
	at org.junit.runners.ParentRunner.runLeaf(ParentRunner.java:366)
	at org.junit.runners.BlockJUnit4ClassRunner.runChild(BlockJUnit4ClassRunner.java:103)
	at org.junit.runners.BlockJUnit4ClassRunner.runChild(BlockJUnit4ClassRunner.java:63)
	at org.junit.runners.ParentRunner$4.run(ParentRunner.java:331)
	at org.junit.runners.ParentRunner$1.schedule(ParentRunner.java:79)
	at org.junit.runners.ParentRunner.runChildren(ParentRunner.java:329)
	at org.junit.runners.ParentRunner.access$100(ParentRunner.java:66)
	at org.junit.runners.ParentRunner$2.evaluate(ParentRunner.java:293)
	at org.junit.internal.runners.statements.RunBefores.evaluate(RunBefores.java:26)
	at org.junit.internal.runners.statements.RunAfters.evaluate(RunAfters.java:27)
	at org.junit.runners.ParentRunner$3.evaluate(ParentRunner.java:306)
	at org.junit.runners.ParentRunner.run(ParentRunner.java:413)
	at org.apache.maven.surefire.junit4.JUnit4Provider.execute(JUnit4Provider.java:364)
	at org.apache.maven.surefire.junit4.JUnit4Provider.executeWithRerun(JUnit4Provider.java:272)
	at org.apache.maven.surefire.junit4.JUnit4Provider.executeTestSet(JUnit4Provider.java:237)
	at org.apache.maven.surefire.junit4.JUnit4Provider.invoke(JUnit4Provider.java:158)
	at org.apache.maven.surefire.booter.ForkedBooter.runSuitesInProcess(ForkedBooter.java:428)
	at org.apache.maven.surefire.booter.ForkedBooter.execute(ForkedBooter.java:162)
	at org.apache.maven.surefire.booter.ForkedBooter.run(ForkedBooter.java:562)
	at org.apache.maven.surefire.booter.ForkedBooter.main(ForkedBooter.java:548)
Caused by: org.bouncycastle.util.encoders.DecoderException: unable to decode base64 string: invalid characters encountered at end of base64 data
	at org.bouncycastle.util.encoders.Base64.decode(Unknown Source)
	at org.apache.nifi.properties.AESSensitivePropertyProvider.unprotect(AESSensitivePropertyProvider.java:238)
	... 65 more
Caused by: java.io.IOException: invalid characters encountered at end of base64 data
	at org.bouncycastle.util.encoders.Base64Encoder.decodeLastBlock(Unknown Source)
	at org.bouncycastle.util.encoders.Base64Encoder.decode(Unknown Source)
	... 67 more
[main] INFO org.apache.nifi.registry.properties.ProtectedNiFiRegistryPropertiesGroovyTest - Failed to unprotect key nifi.registry.security.keystorePasswd
]]></system-err>
  </testcase>
  <testcase name="testShouldNotAllowOverwriteOfProvider" classname="org.apache.nifi.registry.properties.ProtectedNiFiRegistryPropertiesGroovyTest" time="0.008">
    <system-err><![CDATA[[main] INFO org.apache.nifi.registry.properties.ProtectedNiFiRegistryPropertiesGroovyTest - Cannot overwrite existing sensitive property provider registered for mockProvider
]]></system-err>
  </testcase>
  <testcase name="testGetUnprotectedPropertiesShouldDecryptProtectedProperties" classname="org.apache.nifi.registry.properties.ProtectedNiFiRegistryPropertiesGroovyTest" time="0.034">
    <system-err><![CDATA[[main] INFO org.apache.nifi.registry.properties.ProtectedNiFiRegistryPropertiesGroovyTest - Loaded 22 properties from /home/alex/Repositories/nifi/nifi-registry/nifi-registry-core/nifi-registry-properties/target/test-classes/conf/nifi-registry.with_sensitive_props_protected_aes_128.properties
[main] INFO org.apache.nifi.registry.properties.ProtectedNiFiRegistryPropertiesGroovyTest - Detected 2 protected properties and 2 protection scheme properties
[main] INFO org.apache.nifi.registry.properties.ProtectedNiFiRegistryPropertiesGroovyTest - Protected properties: 
nifi.registry.security.keyPasswd=6WUpex+VZiN05LXu||joWJMuoSzYniEC7IAoingTimlG7+RGk8I2irl/WTlIuMcg
nifi.registry.security.keystorePasswd=6WUpex+VZiN05LXu||joWJMuoSzYniEC7IAoingTimlG7+RGk8I2irl/WTlIuMcg
[main] INFO org.apache.nifi.registry.properties.ProtectedNiFiRegistryPropertiesGroovyTest - Expected unprotected property count: 20
[main] INFO org.apache.nifi.registry.properties.ProtectedNiFiRegistryPropertiesGroovyTest - Hash code of internal instance: 1227224309
[main] INFO org.apache.nifi.registry.properties.ProtectedNiFiRegistryPropertiesGroovyTest - Unprotected 20 properties
[main] INFO org.apache.nifi.registry.properties.ProtectedNiFiRegistryPropertiesGroovyTest - Hash code from returned unprotected instance: 969811954
]]></system-err>
  </testcase>
  <testcase name="testShouldAddSensitivePropertyProvider" classname="org.apache.nifi.registry.properties.ProtectedNiFiRegistryPropertiesGroovyTest" time="0.002"/>
  <testcase name="testShouldCalculateSize" classname="org.apache.nifi.registry.properties.ProtectedNiFiRegistryPropertiesGroovyTest" time="0.002">
    <system-err><![CDATA[[main] INFO org.apache.nifi.registry.properties.ProtectedNiFiRegistryPropertiesGroovyTest - Raw properties (3): key.protected, key, key2
[main] INFO org.apache.nifi.registry.properties.ProtectedNiFiRegistryPropertiesGroovyTest - Protected properties (2): key, key2
]]></system-err>
  </testcase>
  <testcase name="testGetValueOfSensitivePropertyShouldHandleUnknownProtectionScheme" classname="org.apache.nifi.registry.properties.ProtectedNiFiRegistryPropertiesGroovyTest" time="0.01">
    <failure message="assert msg == &quot;No provider available for nifi.registry.security.keyPasswd&quot;&#10;       |   |&#10;       |   false&#10;       &apos;No provider available for nifi.registry.security.keystorePasswd&apos;" type="org.codehaus.groovy.runtime.powerassert.PowerAssertionError"><![CDATA[org.codehaus.groovy.runtime.powerassert.PowerAssertionError: 
assert msg == "No provider available for nifi.registry.security.keyPasswd"
       |   |
       |   false
       'No provider available for nifi.registry.security.keystorePasswd'
	at org.apache.nifi.registry.properties.ProtectedNiFiRegistryPropertiesGroovyTest.testGetValueOfSensitivePropertyShouldHandleUnknownProtectionScheme(ProtectedNiFiRegistryPropertiesGroovyTest.groovy:309)
]]></failure>
    <system-err><![CDATA[[main] INFO org.apache.nifi.registry.properties.ProtectedNiFiRegistryPropertiesGroovyTest - Raw value for nifi.registry.security.keystorePasswd: oBjT92hIGRElIGOh||MZ6uYuWNBrOA6usq/Jt3DaD2e4otNirZDytac/w/KFe0HOkrJR03vcbo
[main] INFO org.apache.nifi.registry.properties.ProtectedNiFiRegistryPropertiesGroovyTest - Loaded 22 properties from /home/alex/Repositories/nifi/nifi-registry/nifi-registry-core/nifi-registry-properties/target/test-classes/conf/nifi-registry.with_sensitive_props_protected_unknown.properties
[main] INFO org.apache.nifi.registry.properties.ProtectedNiFiRegistryPropertiesGroovyTest - The property is sensitive and protected
]]></system-err>
  </testcase>
  <testcase name="testShouldGetPercentageOfSensitivePropertiesProtected_100" classname="org.apache.nifi.registry.properties.ProtectedNiFiRegistryPropertiesGroovyTest" time="0.002">
    <system-err><![CDATA[[main] INFO org.apache.nifi.registry.properties.ProtectedNiFiRegistryPropertiesGroovyTest - Loaded 22 properties from /home/alex/Repositories/nifi/nifi-registry/nifi-registry-core/nifi-registry-properties/target/test-classes/conf/nifi-registry.with_sensitive_props_fully_protected_aes_128.properties
[main] INFO org.apache.nifi.registry.properties.ProtectedNiFiRegistryPropertiesGroovyTest - Sensitive property keys: [nifi.registry.security.keyPasswd, nifi.registry.security.keystorePasswd, nifi.registry.security.truststorePasswd]
[main] INFO org.apache.nifi.registry.properties.ProtectedNiFiRegistryPropertiesGroovyTest - Protected property keys: [nifi.registry.security.keyPasswd, nifi.registry.security.keystorePasswd]
[main] INFO org.apache.nifi.registry.properties.ProtectedNiFiRegistryPropertiesGroovyTest - 100.0% (2 of 2) protected
]]></system-err>
  </testcase>
  <testcase name="testGetValueOfSensitivePropertyShouldHandleInvalidatedInternalCache" classname="org.apache.nifi.registry.properties.ProtectedNiFiRegistryPropertiesGroovyTest" time="0.003">
    <system-err><![CDATA[[main] INFO org.apache.nifi.registry.properties.ProtectedNiFiRegistryPropertiesGroovyTest - Loaded 22 properties from /home/alex/Repositories/nifi/nifi-registry/nifi-registry-core/nifi-registry-properties/target/test-classes/conf/nifi-registry.with_sensitive_props_protected_aes_128.properties
[main] INFO org.apache.nifi.registry.properties.ProtectedNiFiRegistryPropertiesGroovyTest - Read raw value from properties: 6WUpex+VZiN05LXu||joWJMuoSzYniEC7IAoingTimlG7+RGk8I2irl/WTlIuMcg
[main] INFO org.apache.nifi.registry.properties.ProtectedNiFiRegistryPropertiesGroovyTest - The property is sensitive and protected
]]></system-err>
  </testcase>
  <testcase name="testGetValueOfSensitivePropertyShouldHandleMultipleMalformedValues" classname="org.apache.nifi.registry.properties.ProtectedNiFiRegistryPropertiesGroovyTest" time="0.058">
    <system-err><![CDATA[[main] INFO org.apache.nifi.registry.properties.ProtectedNiFiRegistryPropertiesGroovyTest - Loaded 22 properties from /home/alex/Repositories/nifi/nifi-registry/nifi-registry-core/nifi-registry-properties/target/test-classes/conf/nifi-registry.with_sensitive_props_protected_aes_multiple_malformed.properties
[main] ERROR org.apache.nifi.properties.AESSensitivePropertyProvider - Error decrypting a protected value
org.bouncycastle.util.encoders.DecoderException: unable to decode base64 string: invalid characters encountered at end of base64 data
	at org.bouncycastle.util.encoders.Base64.decode(Unknown Source)
	at org.apache.nifi.properties.AESSensitivePropertyProvider.unprotect(AESSensitivePropertyProvider.java:238)
	at org.apache.nifi.properties.SensitivePropertyProvider$unprotect.call(Unknown Source)
	at org.codehaus.groovy.runtime.callsite.CallSiteArray.defaultCall(CallSiteArray.java:47)
	at org.codehaus.groovy.runtime.callsite.AbstractCallSite.call(AbstractCallSite.java:115)
	at org.codehaus.groovy.runtime.callsite.AbstractCallSite.call(AbstractCallSite.java:135)
	at org.apache.nifi.registry.properties.ProtectedNiFiRegistryPropertiesGroovyTest$_testGetValueOfSensitivePropertyShouldHandleMultipleMalformedValues_closure5.doCall(ProtectedNiFiRegistryPropertiesGroovyTest.groovy:360)
	at sun.reflect.NativeMethodAccessorImpl.invoke0(Native Method)
	at sun.reflect.NativeMethodAccessorImpl.invoke(NativeMethodAccessorImpl.java:62)
	at sun.reflect.DelegatingMethodAccessorImpl.invoke(DelegatingMethodAccessorImpl.java:43)
	at java.lang.reflect.Method.invoke(Method.java:498)
	at org.codehaus.groovy.reflection.CachedMethod.invoke(CachedMethod.java:101)
	at groovy.lang.MetaMethod.doMethodInvoke(MetaMethod.java:323)
	at org.codehaus.groovy.runtime.metaclass.ClosureMetaClass.invokeMethod(ClosureMetaClass.java:263)
	at groovy.lang.MetaClassImpl.invokeMethod(MetaClassImpl.java:1041)
	at org.codehaus.groovy.runtime.callsite.PogoMetaClassSite.call(PogoMetaClassSite.java:37)
	at org.codehaus.groovy.runtime.callsite.CallSiteArray.defaultCall(CallSiteArray.java:47)
	at org.codehaus.groovy.runtime.callsite.AbstractCallSite.call(AbstractCallSite.java:115)
	at org.codehaus.groovy.runtime.callsite.BooleanReturningMethodInvoker.invoke(BooleanReturningMethodInvoker.java:49)
	at org.codehaus.groovy.runtime.callsite.BooleanClosureWrapper.call(BooleanClosureWrapper.java:52)
	at org.codehaus.groovy.runtime.DefaultGroovyMethods.findAll(DefaultGroovyMethods.java:4926)
	at org.codehaus.groovy.runtime.DefaultGroovyMethods.findAll(DefaultGroovyMethods.java:4798)
	at org.codehaus.groovy.runtime.DefaultGroovyMethods.findAll(DefaultGroovyMethods.java:4770)
	at org.codehaus.groovy.runtime.dgm$231.invoke(Unknown Source)
	at org.codehaus.groovy.runtime.callsite.PojoMetaMethodSite$PojoMetaMethodSiteNoUnwrapNoCoerce.invoke(PojoMetaMethodSite.java:244)
	at org.codehaus.groovy.runtime.callsite.PojoMetaMethodSite.call(PojoMetaMethodSite.java:53)
	at org.codehaus.groovy.runtime.callsite.CallSiteArray.defaultCall(CallSiteArray.java:47)
	at org.codehaus.groovy.runtime.callsite.AbstractCallSite.call(AbstractCallSite.java:115)
	at org.codehaus.groovy.runtime.callsite.AbstractCallSite.call(AbstractCallSite.java:127)
	at org.apache.nifi.registry.properties.ProtectedNiFiRegistryPropertiesGroovyTest.testGetValueOfSensitivePropertyShouldHandleMultipleMalformedValues(ProtectedNiFiRegistryPropertiesGroovyTest.groovy:355)
	at sun.reflect.NativeMethodAccessorImpl.invoke0(Native Method)
	at sun.reflect.NativeMethodAccessorImpl.invoke(NativeMethodAccessorImpl.java:62)
	at sun.reflect.DelegatingMethodAccessorImpl.invoke(DelegatingMethodAccessorImpl.java:43)
	at java.lang.reflect.Method.invoke(Method.java:498)
	at org.junit.runners.model.FrameworkMethod$1.runReflectiveCall(FrameworkMethod.java:59)
	at org.junit.internal.runners.model.ReflectiveCallable.run(ReflectiveCallable.java:12)
	at org.junit.runners.model.FrameworkMethod.invokeExplosively(FrameworkMethod.java:56)
	at org.junit.internal.runners.statements.InvokeMethod.evaluate(InvokeMethod.java:17)
	at org.junit.internal.runners.statements.RunBefores.evaluate(RunBefores.java:26)
	at org.junit.internal.runners.statements.RunAfters.evaluate(RunAfters.java:27)
	at org.junit.runners.ParentRunner$3.evaluate(ParentRunner.java:306)
	at org.junit.runners.BlockJUnit4ClassRunner$1.evaluate(BlockJUnit4ClassRunner.java:100)
	at org.junit.runners.ParentRunner.runLeaf(ParentRunner.java:366)
	at org.junit.runners.BlockJUnit4ClassRunner.runChild(BlockJUnit4ClassRunner.java:103)
	at org.junit.runners.BlockJUnit4ClassRunner.runChild(BlockJUnit4ClassRunner.java:63)
	at org.junit.runners.ParentRunner$4.run(ParentRunner.java:331)
	at org.junit.runners.ParentRunner$1.schedule(ParentRunner.java:79)
	at org.junit.runners.ParentRunner.runChildren(ParentRunner.java:329)
	at org.junit.runners.ParentRunner.access$100(ParentRunner.java:66)
	at org.junit.runners.ParentRunner$2.evaluate(ParentRunner.java:293)
	at org.junit.internal.runners.statements.RunBefores.evaluate(RunBefores.java:26)
	at org.junit.internal.runners.statements.RunAfters.evaluate(RunAfters.java:27)
	at org.junit.runners.ParentRunner$3.evaluate(ParentRunner.java:306)
	at org.junit.runners.ParentRunner.run(ParentRunner.java:413)
	at org.apache.maven.surefire.junit4.JUnit4Provider.execute(JUnit4Provider.java:364)
	at org.apache.maven.surefire.junit4.JUnit4Provider.executeWithRerun(JUnit4Provider.java:272)
	at org.apache.maven.surefire.junit4.JUnit4Provider.executeTestSet(JUnit4Provider.java:237)
	at org.apache.maven.surefire.junit4.JUnit4Provider.invoke(JUnit4Provider.java:158)
	at org.apache.maven.surefire.booter.ForkedBooter.runSuitesInProcess(ForkedBooter.java:428)
	at org.apache.maven.surefire.booter.ForkedBooter.execute(ForkedBooter.java:162)
	at org.apache.maven.surefire.booter.ForkedBooter.run(ForkedBooter.java:562)
	at org.apache.maven.surefire.booter.ForkedBooter.main(ForkedBooter.java:548)
Caused by: java.io.IOException: invalid characters encountered at end of base64 data
	at org.bouncycastle.util.encoders.Base64Encoder.decodeLastBlock(Unknown Source)
	at org.bouncycastle.util.encoders.Base64Encoder.decode(Unknown Source)
	... 62 more
[main] INFO org.apache.nifi.registry.properties.ProtectedNiFiRegistryPropertiesGroovyTest - [EXPECTED] Caught a malformed value for nifi.registry.security.keyPasswd
[main] ERROR org.apache.nifi.properties.AESSensitivePropertyProvider - Error decrypting a protected value
org.bouncycastle.util.encoders.DecoderException: unable to decode base64 string: invalid characters encountered at end of base64 data
	at org.bouncycastle.util.encoders.Base64.decode(Unknown Source)
	at org.apache.nifi.properties.AESSensitivePropertyProvider.unprotect(AESSensitivePropertyProvider.java:238)
	at org.apache.nifi.properties.SensitivePropertyProvider$unprotect.call(Unknown Source)
	at org.apache.nifi.registry.properties.ProtectedNiFiRegistryPropertiesGroovyTest$_testGetValueOfSensitivePropertyShouldHandleMultipleMalformedValues_closure5.doCall(ProtectedNiFiRegistryPropertiesGroovyTest.groovy:360)
	at sun.reflect.NativeMethodAccessorImpl.invoke0(Native Method)
	at sun.reflect.NativeMethodAccessorImpl.invoke(NativeMethodAccessorImpl.java:62)
	at sun.reflect.DelegatingMethodAccessorImpl.invoke(DelegatingMethodAccessorImpl.java:43)
	at java.lang.reflect.Method.invoke(Method.java:498)
	at org.codehaus.groovy.reflection.CachedMethod.invoke(CachedMethod.java:101)
	at groovy.lang.MetaMethod.doMethodInvoke(MetaMethod.java:323)
	at org.codehaus.groovy.runtime.metaclass.ClosureMetaClass.invokeMethod(ClosureMetaClass.java:263)
	at groovy.lang.MetaClassImpl.invokeMethod(MetaClassImpl.java:1041)
	at org.codehaus.groovy.runtime.callsite.PogoMetaClassSite.call(PogoMetaClassSite.java:37)
	at org.codehaus.groovy.runtime.callsite.BooleanReturningMethodInvoker.invoke(BooleanReturningMethodInvoker.java:49)
	at org.codehaus.groovy.runtime.callsite.BooleanClosureWrapper.call(BooleanClosureWrapper.java:52)
	at org.codehaus.groovy.runtime.DefaultGroovyMethods.findAll(DefaultGroovyMethods.java:4926)
	at org.codehaus.groovy.runtime.DefaultGroovyMethods.findAll(DefaultGroovyMethods.java:4798)
	at org.codehaus.groovy.runtime.DefaultGroovyMethods.findAll(DefaultGroovyMethods.java:4770)
	at org.codehaus.groovy.runtime.dgm$231.invoke(Unknown Source)
	at org.codehaus.groovy.runtime.callsite.PojoMetaMethodSite$PojoMetaMethodSiteNoUnwrapNoCoerce.invoke(PojoMetaMethodSite.java:244)
	at org.codehaus.groovy.runtime.callsite.PojoMetaMethodSite.call(PojoMetaMethodSite.java:53)
	at org.codehaus.groovy.runtime.callsite.CallSiteArray.defaultCall(CallSiteArray.java:47)
	at org.codehaus.groovy.runtime.callsite.AbstractCallSite.call(AbstractCallSite.java:115)
	at org.codehaus.groovy.runtime.callsite.AbstractCallSite.call(AbstractCallSite.java:127)
	at org.apache.nifi.registry.properties.ProtectedNiFiRegistryPropertiesGroovyTest.testGetValueOfSensitivePropertyShouldHandleMultipleMalformedValues(ProtectedNiFiRegistryPropertiesGroovyTest.groovy:355)
	at sun.reflect.NativeMethodAccessorImpl.invoke0(Native Method)
	at sun.reflect.NativeMethodAccessorImpl.invoke(NativeMethodAccessorImpl.java:62)
	at sun.reflect.DelegatingMethodAccessorImpl.invoke(DelegatingMethodAccessorImpl.java:43)
	at java.lang.reflect.Method.invoke(Method.java:498)
	at org.junit.runners.model.FrameworkMethod$1.runReflectiveCall(FrameworkMethod.java:59)
	at org.junit.internal.runners.model.ReflectiveCallable.run(ReflectiveCallable.java:12)
	at org.junit.runners.model.FrameworkMethod.invokeExplosively(FrameworkMethod.java:56)
	at org.junit.internal.runners.statements.InvokeMethod.evaluate(InvokeMethod.java:17)
	at org.junit.internal.runners.statements.RunBefores.evaluate(RunBefores.java:26)
	at org.junit.internal.runners.statements.RunAfters.evaluate(RunAfters.java:27)
	at org.junit.runners.ParentRunner$3.evaluate(ParentRunner.java:306)
	at org.junit.runners.BlockJUnit4ClassRunner$1.evaluate(BlockJUnit4ClassRunner.java:100)
	at org.junit.runners.ParentRunner.runLeaf(ParentRunner.java:366)
	at org.junit.runners.BlockJUnit4ClassRunner.runChild(BlockJUnit4ClassRunner.java:103)
	at org.junit.runners.BlockJUnit4ClassRunner.runChild(BlockJUnit4ClassRunner.java:63)
	at org.junit.runners.ParentRunner$4.run(ParentRunner.java:331)
	at org.junit.runners.ParentRunner$1.schedule(ParentRunner.java:79)
	at org.junit.runners.ParentRunner.runChildren(ParentRunner.java:329)
	at org.junit.runners.ParentRunner.access$100(ParentRunner.java:66)
	at org.junit.runners.ParentRunner$2.evaluate(ParentRunner.java:293)
	at org.junit.internal.runners.statements.RunBefores.evaluate(RunBefores.java:26)
	at org.junit.internal.runners.statements.RunAfters.evaluate(RunAfters.java:27)
	at org.junit.runners.ParentRunner$3.evaluate(ParentRunner.java:306)
	at org.junit.runners.ParentRunner.run(ParentRunner.java:413)
	at org.apache.maven.surefire.junit4.JUnit4Provider.execute(JUnit4Provider.java:364)
	at org.apache.maven.surefire.junit4.JUnit4Provider.executeWithRerun(JUnit4Provider.java:272)
	at org.apache.maven.surefire.junit4.JUnit4Provider.executeTestSet(JUnit4Provider.java:237)
	at org.apache.maven.surefire.junit4.JUnit4Provider.invoke(JUnit4Provider.java:158)
	at org.apache.maven.surefire.booter.ForkedBooter.runSuitesInProcess(ForkedBooter.java:428)
	at org.apache.maven.surefire.booter.ForkedBooter.execute(ForkedBooter.java:162)
	at org.apache.maven.surefire.booter.ForkedBooter.run(ForkedBooter.java:562)
	at org.apache.maven.surefire.booter.ForkedBooter.main(ForkedBooter.java:548)
Caused by: java.io.IOException: invalid characters encountered at end of base64 data
	at org.bouncycastle.util.encoders.Base64Encoder.decodeLastBlock(Unknown Source)
	at org.bouncycastle.util.encoders.Base64Encoder.decode(Unknown Source)
	... 57 more
[main] INFO org.apache.nifi.registry.properties.ProtectedNiFiRegistryPropertiesGroovyTest - [EXPECTED] Caught a malformed value for nifi.registry.security.keystorePasswd
[main] INFO org.apache.nifi.registry.properties.ProtectedNiFiRegistryPropertiesGroovyTest - [EXPECTED] Malformed keys: nifi.registry.security.keyPasswd, nifi.registry.security.keystorePasswd
[main] ERROR org.apache.nifi.properties.AESSensitivePropertyProvider - Error decrypting a protected value
org.bouncycastle.util.encoders.DecoderException: unable to decode base64 string: invalid characters encountered at end of base64 data
	at org.bouncycastle.util.encoders.Base64.decode(Unknown Source)
	at org.apache.nifi.properties.AESSensitivePropertyProvider.unprotect(AESSensitivePropertyProvider.java:238)
	at org.apache.nifi.properties.ApplicationPropertiesProtector.unprotectValue(ApplicationPropertiesProtector.java:330)
	at org.apache.nifi.properties.ApplicationPropertiesProtector.getUnprotectedProperties(ApplicationPropertiesProtector.java:235)
	at org.apache.nifi.registry.properties.ProtectedNiFiRegistryProperties.getUnprotectedProperties(ProtectedNiFiRegistryProperties.java:194)
	at org.apache.nifi.registry.properties.ProtectedNiFiRegistryProperties.getUnprotectedProperties(ProtectedNiFiRegistryProperties.java:43)
	at org.apache.nifi.properties.SensitivePropertyProtector$getUnprotectedProperties$5.call(Unknown Source)
	at org.codehaus.groovy.runtime.callsite.CallSiteArray.defaultCall(CallSiteArray.java:47)
	at org.codehaus.groovy.runtime.callsite.AbstractCallSite.call(AbstractCallSite.java:115)
	at org.codehaus.groovy.runtime.callsite.AbstractCallSite.call(AbstractCallSite.java:119)
	at org.apache.nifi.registry.properties.ProtectedNiFiRegistryPropertiesGroovyTest$_testGetValueOfSensitivePropertyShouldHandleMultipleMalformedValues_closure6.doCall(ProtectedNiFiRegistryPropertiesGroovyTest.groovy:372)
	at org.apache.nifi.registry.properties.ProtectedNiFiRegistryPropertiesGroovyTest$_testGetValueOfSensitivePropertyShouldHandleMultipleMalformedValues_closure6.doCall(ProtectedNiFiRegistryPropertiesGroovyTest.groovy)
	at sun.reflect.NativeMethodAccessorImpl.invoke0(Native Method)
	at sun.reflect.NativeMethodAccessorImpl.invoke(NativeMethodAccessorImpl.java:62)
	at sun.reflect.DelegatingMethodAccessorImpl.invoke(DelegatingMethodAccessorImpl.java:43)
	at java.lang.reflect.Method.invoke(Method.java:498)
	at org.codehaus.groovy.reflection.CachedMethod.invoke(CachedMethod.java:101)
	at groovy.lang.MetaMethod.doMethodInvoke(MetaMethod.java:323)
	at org.codehaus.groovy.runtime.metaclass.ClosureMetaClass.invokeMethod(ClosureMetaClass.java:263)
	at groovy.lang.MetaClassImpl.invokeMethod(MetaClassImpl.java:1041)
	at groovy.lang.Closure.call(Closure.java:405)
	at groovy.lang.Closure.call(Closure.java:399)
	at groovy.test.GroovyAssert.shouldFail(GroovyAssert.java:118)
	at groovy.test.GroovyAssert$shouldFail.call(Unknown Source)
	at org.codehaus.groovy.runtime.callsite.CallSiteArray.defaultCall(CallSiteArray.java:47)
	at org.codehaus.groovy.runtime.callsite.AbstractCallSite.call(AbstractCallSite.java:115)
	at org.codehaus.groovy.runtime.callsite.AbstractCallSite.call(AbstractCallSite.java:135)
	at org.apache.nifi.registry.properties.ProtectedNiFiRegistryPropertiesGroovyTest.testGetValueOfSensitivePropertyShouldHandleMultipleMalformedValues(ProtectedNiFiRegistryPropertiesGroovyTest.groovy:371)
	at sun.reflect.NativeMethodAccessorImpl.invoke0(Native Method)
	at sun.reflect.NativeMethodAccessorImpl.invoke(NativeMethodAccessorImpl.java:62)
	at sun.reflect.DelegatingMethodAccessorImpl.invoke(DelegatingMethodAccessorImpl.java:43)
	at java.lang.reflect.Method.invoke(Method.java:498)
	at org.junit.runners.model.FrameworkMethod$1.runReflectiveCall(FrameworkMethod.java:59)
	at org.junit.internal.runners.model.ReflectiveCallable.run(ReflectiveCallable.java:12)
	at org.junit.runners.model.FrameworkMethod.invokeExplosively(FrameworkMethod.java:56)
	at org.junit.internal.runners.statements.InvokeMethod.evaluate(InvokeMethod.java:17)
	at org.junit.internal.runners.statements.RunBefores.evaluate(RunBefores.java:26)
	at org.junit.internal.runners.statements.RunAfters.evaluate(RunAfters.java:27)
	at org.junit.runners.ParentRunner$3.evaluate(ParentRunner.java:306)
	at org.junit.runners.BlockJUnit4ClassRunner$1.evaluate(BlockJUnit4ClassRunner.java:100)
	at org.junit.runners.ParentRunner.runLeaf(ParentRunner.java:366)
	at org.junit.runners.BlockJUnit4ClassRunner.runChild(BlockJUnit4ClassRunner.java:103)
	at org.junit.runners.BlockJUnit4ClassRunner.runChild(BlockJUnit4ClassRunner.java:63)
	at org.junit.runners.ParentRunner$4.run(ParentRunner.java:331)
	at org.junit.runners.ParentRunner$1.schedule(ParentRunner.java:79)
	at org.junit.runners.ParentRunner.runChildren(ParentRunner.java:329)
	at org.junit.runners.ParentRunner.access$100(ParentRunner.java:66)
	at org.junit.runners.ParentRunner$2.evaluate(ParentRunner.java:293)
	at org.junit.internal.runners.statements.RunBefores.evaluate(RunBefores.java:26)
	at org.junit.internal.runners.statements.RunAfters.evaluate(RunAfters.java:27)
	at org.junit.runners.ParentRunner$3.evaluate(ParentRunner.java:306)
	at org.junit.runners.ParentRunner.run(ParentRunner.java:413)
	at org.apache.maven.surefire.junit4.JUnit4Provider.execute(JUnit4Provider.java:364)
	at org.apache.maven.surefire.junit4.JUnit4Provider.executeWithRerun(JUnit4Provider.java:272)
	at org.apache.maven.surefire.junit4.JUnit4Provider.executeTestSet(JUnit4Provider.java:237)
	at org.apache.maven.surefire.junit4.JUnit4Provider.invoke(JUnit4Provider.java:158)
	at org.apache.maven.surefire.booter.ForkedBooter.runSuitesInProcess(ForkedBooter.java:428)
	at org.apache.maven.surefire.booter.ForkedBooter.execute(ForkedBooter.java:162)
	at org.apache.maven.surefire.booter.ForkedBooter.run(ForkedBooter.java:562)
	at org.apache.maven.surefire.booter.ForkedBooter.main(ForkedBooter.java:548)
Caused by: java.io.IOException: invalid characters encountered at end of base64 data
	at org.bouncycastle.util.encoders.Base64Encoder.decodeLastBlock(Unknown Source)
	at org.bouncycastle.util.encoders.Base64Encoder.decode(Unknown Source)
	... 60 more
[main] ERROR org.apache.nifi.properties.ApplicationPropertiesProtector - Error unprotecting value for nifi.registry.security.keyPasswd
SensitivePropertyProtectionException: Error decrypting a protected value
	at org.apache.nifi.properties.AESSensitivePropertyProvider.unprotect(AESSensitivePropertyProvider.java:247)
	at org.apache.nifi.properties.ApplicationPropertiesProtector.unprotectValue(ApplicationPropertiesProtector.java:330)
	at org.apache.nifi.properties.ApplicationPropertiesProtector.getUnprotectedProperties(ApplicationPropertiesProtector.java:235)
	at org.apache.nifi.registry.properties.ProtectedNiFiRegistryProperties.getUnprotectedProperties(ProtectedNiFiRegistryProperties.java:194)
	at org.apache.nifi.registry.properties.ProtectedNiFiRegistryProperties.getUnprotectedProperties(ProtectedNiFiRegistryProperties.java:43)
	at org.apache.nifi.properties.SensitivePropertyProtector$getUnprotectedProperties$5.call(Unknown Source)
	at org.codehaus.groovy.runtime.callsite.CallSiteArray.defaultCall(CallSiteArray.java:47)
	at org.codehaus.groovy.runtime.callsite.AbstractCallSite.call(AbstractCallSite.java:115)
	at org.codehaus.groovy.runtime.callsite.AbstractCallSite.call(AbstractCallSite.java:119)
	at org.apache.nifi.registry.properties.ProtectedNiFiRegistryPropertiesGroovyTest$_testGetValueOfSensitivePropertyShouldHandleMultipleMalformedValues_closure6.doCall(ProtectedNiFiRegistryPropertiesGroovyTest.groovy:372)
	at org.apache.nifi.registry.properties.ProtectedNiFiRegistryPropertiesGroovyTest$_testGetValueOfSensitivePropertyShouldHandleMultipleMalformedValues_closure6.doCall(ProtectedNiFiRegistryPropertiesGroovyTest.groovy)
	at sun.reflect.NativeMethodAccessorImpl.invoke0(Native Method)
	at sun.reflect.NativeMethodAccessorImpl.invoke(NativeMethodAccessorImpl.java:62)
	at sun.reflect.DelegatingMethodAccessorImpl.invoke(DelegatingMethodAccessorImpl.java:43)
	at java.lang.reflect.Method.invoke(Method.java:498)
	at org.codehaus.groovy.reflection.CachedMethod.invoke(CachedMethod.java:101)
	at groovy.lang.MetaMethod.doMethodInvoke(MetaMethod.java:323)
	at org.codehaus.groovy.runtime.metaclass.ClosureMetaClass.invokeMethod(ClosureMetaClass.java:263)
	at groovy.lang.MetaClassImpl.invokeMethod(MetaClassImpl.java:1041)
	at groovy.lang.Closure.call(Closure.java:405)
	at groovy.lang.Closure.call(Closure.java:399)
	at groovy.test.GroovyAssert.shouldFail(GroovyAssert.java:118)
	at groovy.test.GroovyAssert$shouldFail.call(Unknown Source)
	at org.codehaus.groovy.runtime.callsite.CallSiteArray.defaultCall(CallSiteArray.java:47)
	at org.codehaus.groovy.runtime.callsite.AbstractCallSite.call(AbstractCallSite.java:115)
	at org.codehaus.groovy.runtime.callsite.AbstractCallSite.call(AbstractCallSite.java:135)
	at org.apache.nifi.registry.properties.ProtectedNiFiRegistryPropertiesGroovyTest.testGetValueOfSensitivePropertyShouldHandleMultipleMalformedValues(ProtectedNiFiRegistryPropertiesGroovyTest.groovy:371)
	at sun.reflect.NativeMethodAccessorImpl.invoke0(Native Method)
	at sun.reflect.NativeMethodAccessorImpl.invoke(NativeMethodAccessorImpl.java:62)
	at sun.reflect.DelegatingMethodAccessorImpl.invoke(DelegatingMethodAccessorImpl.java:43)
	at java.lang.reflect.Method.invoke(Method.java:498)
	at org.junit.runners.model.FrameworkMethod$1.runReflectiveCall(FrameworkMethod.java:59)
	at org.junit.internal.runners.model.ReflectiveCallable.run(ReflectiveCallable.java:12)
	at org.junit.runners.model.FrameworkMethod.invokeExplosively(FrameworkMethod.java:56)
	at org.junit.internal.runners.statements.InvokeMethod.evaluate(InvokeMethod.java:17)
	at org.junit.internal.runners.statements.RunBefores.evaluate(RunBefores.java:26)
	at org.junit.internal.runners.statements.RunAfters.evaluate(RunAfters.java:27)
	at org.junit.runners.ParentRunner$3.evaluate(ParentRunner.java:306)
	at org.junit.runners.BlockJUnit4ClassRunner$1.evaluate(BlockJUnit4ClassRunner.java:100)
	at org.junit.runners.ParentRunner.runLeaf(ParentRunner.java:366)
	at org.junit.runners.BlockJUnit4ClassRunner.runChild(BlockJUnit4ClassRunner.java:103)
	at org.junit.runners.BlockJUnit4ClassRunner.runChild(BlockJUnit4ClassRunner.java:63)
	at org.junit.runners.ParentRunner$4.run(ParentRunner.java:331)
	at org.junit.runners.ParentRunner$1.schedule(ParentRunner.java:79)
	at org.junit.runners.ParentRunner.runChildren(ParentRunner.java:329)
	at org.junit.runners.ParentRunner.access$100(ParentRunner.java:66)
	at org.junit.runners.ParentRunner$2.evaluate(ParentRunner.java:293)
	at org.junit.internal.runners.statements.RunBefores.evaluate(RunBefores.java:26)
	at org.junit.internal.runners.statements.RunAfters.evaluate(RunAfters.java:27)
	at org.junit.runners.ParentRunner$3.evaluate(ParentRunner.java:306)
	at org.junit.runners.ParentRunner.run(ParentRunner.java:413)
	at org.apache.maven.surefire.junit4.JUnit4Provider.execute(JUnit4Provider.java:364)
	at org.apache.maven.surefire.junit4.JUnit4Provider.executeWithRerun(JUnit4Provider.java:272)
	at org.apache.maven.surefire.junit4.JUnit4Provider.executeTestSet(JUnit4Provider.java:237)
	at org.apache.maven.surefire.junit4.JUnit4Provider.invoke(JUnit4Provider.java:158)
	at org.apache.maven.surefire.booter.ForkedBooter.runSuitesInProcess(ForkedBooter.java:428)
	at org.apache.maven.surefire.booter.ForkedBooter.execute(ForkedBooter.java:162)
	at org.apache.maven.surefire.booter.ForkedBooter.run(ForkedBooter.java:562)
	at org.apache.maven.surefire.booter.ForkedBooter.main(ForkedBooter.java:548)
Caused by: org.bouncycastle.util.encoders.DecoderException: unable to decode base64 string: invalid characters encountered at end of base64 data
	at org.bouncycastle.util.encoders.Base64.decode(Unknown Source)
	at org.apache.nifi.properties.AESSensitivePropertyProvider.unprotect(AESSensitivePropertyProvider.java:238)
	... 58 more
Caused by: java.io.IOException: invalid characters encountered at end of base64 data
	at org.bouncycastle.util.encoders.Base64Encoder.decodeLastBlock(Unknown Source)
	at org.bouncycastle.util.encoders.Base64Encoder.decode(Unknown Source)
	... 60 more
[main] WARN org.apache.nifi.properties.ApplicationPropertiesProtector - Failed to unprotect 'nifi.registry.security.keyPasswd'
SensitivePropertyProtectionException: Error decrypting a protected value
	at org.apache.nifi.properties.AESSensitivePropertyProvider.unprotect(AESSensitivePropertyProvider.java:247)
	at org.apache.nifi.properties.ApplicationPropertiesProtector.unprotectValue(ApplicationPropertiesProtector.java:330)
	at org.apache.nifi.properties.ApplicationPropertiesProtector.getUnprotectedProperties(ApplicationPropertiesProtector.java:235)
	at org.apache.nifi.registry.properties.ProtectedNiFiRegistryProperties.getUnprotectedProperties(ProtectedNiFiRegistryProperties.java:194)
	at org.apache.nifi.registry.properties.ProtectedNiFiRegistryProperties.getUnprotectedProperties(ProtectedNiFiRegistryProperties.java:43)
	at org.apache.nifi.properties.SensitivePropertyProtector$getUnprotectedProperties$5.call(Unknown Source)
	at org.codehaus.groovy.runtime.callsite.CallSiteArray.defaultCall(CallSiteArray.java:47)
	at org.codehaus.groovy.runtime.callsite.AbstractCallSite.call(AbstractCallSite.java:115)
	at org.codehaus.groovy.runtime.callsite.AbstractCallSite.call(AbstractCallSite.java:119)
	at org.apache.nifi.registry.properties.ProtectedNiFiRegistryPropertiesGroovyTest$_testGetValueOfSensitivePropertyShouldHandleMultipleMalformedValues_closure6.doCall(ProtectedNiFiRegistryPropertiesGroovyTest.groovy:372)
	at org.apache.nifi.registry.properties.ProtectedNiFiRegistryPropertiesGroovyTest$_testGetValueOfSensitivePropertyShouldHandleMultipleMalformedValues_closure6.doCall(ProtectedNiFiRegistryPropertiesGroovyTest.groovy)
	at sun.reflect.NativeMethodAccessorImpl.invoke0(Native Method)
	at sun.reflect.NativeMethodAccessorImpl.invoke(NativeMethodAccessorImpl.java:62)
	at sun.reflect.DelegatingMethodAccessorImpl.invoke(DelegatingMethodAccessorImpl.java:43)
	at java.lang.reflect.Method.invoke(Method.java:498)
	at org.codehaus.groovy.reflection.CachedMethod.invoke(CachedMethod.java:101)
	at groovy.lang.MetaMethod.doMethodInvoke(MetaMethod.java:323)
	at org.codehaus.groovy.runtime.metaclass.ClosureMetaClass.invokeMethod(ClosureMetaClass.java:263)
	at groovy.lang.MetaClassImpl.invokeMethod(MetaClassImpl.java:1041)
	at groovy.lang.Closure.call(Closure.java:405)
	at groovy.lang.Closure.call(Closure.java:399)
	at groovy.test.GroovyAssert.shouldFail(GroovyAssert.java:118)
	at groovy.test.GroovyAssert$shouldFail.call(Unknown Source)
	at org.codehaus.groovy.runtime.callsite.CallSiteArray.defaultCall(CallSiteArray.java:47)
	at org.codehaus.groovy.runtime.callsite.AbstractCallSite.call(AbstractCallSite.java:115)
	at org.codehaus.groovy.runtime.callsite.AbstractCallSite.call(AbstractCallSite.java:135)
	at org.apache.nifi.registry.properties.ProtectedNiFiRegistryPropertiesGroovyTest.testGetValueOfSensitivePropertyShouldHandleMultipleMalformedValues(ProtectedNiFiRegistryPropertiesGroovyTest.groovy:371)
	at sun.reflect.NativeMethodAccessorImpl.invoke0(Native Method)
	at sun.reflect.NativeMethodAccessorImpl.invoke(NativeMethodAccessorImpl.java:62)
	at sun.reflect.DelegatingMethodAccessorImpl.invoke(DelegatingMethodAccessorImpl.java:43)
	at java.lang.reflect.Method.invoke(Method.java:498)
	at org.junit.runners.model.FrameworkMethod$1.runReflectiveCall(FrameworkMethod.java:59)
	at org.junit.internal.runners.model.ReflectiveCallable.run(ReflectiveCallable.java:12)
	at org.junit.runners.model.FrameworkMethod.invokeExplosively(FrameworkMethod.java:56)
	at org.junit.internal.runners.statements.InvokeMethod.evaluate(InvokeMethod.java:17)
	at org.junit.internal.runners.statements.RunBefores.evaluate(RunBefores.java:26)
	at org.junit.internal.runners.statements.RunAfters.evaluate(RunAfters.java:27)
	at org.junit.runners.ParentRunner$3.evaluate(ParentRunner.java:306)
	at org.junit.runners.BlockJUnit4ClassRunner$1.evaluate(BlockJUnit4ClassRunner.java:100)
	at org.junit.runners.ParentRunner.runLeaf(ParentRunner.java:366)
	at org.junit.runners.BlockJUnit4ClassRunner.runChild(BlockJUnit4ClassRunner.java:103)
	at org.junit.runners.BlockJUnit4ClassRunner.runChild(BlockJUnit4ClassRunner.java:63)
	at org.junit.runners.ParentRunner$4.run(ParentRunner.java:331)
	at org.junit.runners.ParentRunner$1.schedule(ParentRunner.java:79)
	at org.junit.runners.ParentRunner.runChildren(ParentRunner.java:329)
	at org.junit.runners.ParentRunner.access$100(ParentRunner.java:66)
	at org.junit.runners.ParentRunner$2.evaluate(ParentRunner.java:293)
	at org.junit.internal.runners.statements.RunBefores.evaluate(RunBefores.java:26)
	at org.junit.internal.runners.statements.RunAfters.evaluate(RunAfters.java:27)
	at org.junit.runners.ParentRunner$3.evaluate(ParentRunner.java:306)
	at org.junit.runners.ParentRunner.run(ParentRunner.java:413)
	at org.apache.maven.surefire.junit4.JUnit4Provider.execute(JUnit4Provider.java:364)
	at org.apache.maven.surefire.junit4.JUnit4Provider.executeWithRerun(JUnit4Provider.java:272)
	at org.apache.maven.surefire.junit4.JUnit4Provider.executeTestSet(JUnit4Provider.java:237)
	at org.apache.maven.surefire.junit4.JUnit4Provider.invoke(JUnit4Provider.java:158)
	at org.apache.maven.surefire.booter.ForkedBooter.runSuitesInProcess(ForkedBooter.java:428)
	at org.apache.maven.surefire.booter.ForkedBooter.execute(ForkedBooter.java:162)
	at org.apache.maven.surefire.booter.ForkedBooter.run(ForkedBooter.java:562)
	at org.apache.maven.surefire.booter.ForkedBooter.main(ForkedBooter.java:548)
Caused by: org.bouncycastle.util.encoders.DecoderException: unable to decode base64 string: invalid characters encountered at end of base64 data
	at org.bouncycastle.util.encoders.Base64.decode(Unknown Source)
	at org.apache.nifi.properties.AESSensitivePropertyProvider.unprotect(AESSensitivePropertyProvider.java:238)
	... 58 more
Caused by: java.io.IOException: invalid characters encountered at end of base64 data
	at org.bouncycastle.util.encoders.Base64Encoder.decodeLastBlock(Unknown Source)
	at org.bouncycastle.util.encoders.Base64Encoder.decode(Unknown Source)
	... 60 more
[main] ERROR org.apache.nifi.properties.AESSensitivePropertyProvider - Error decrypting a protected value
org.bouncycastle.util.encoders.DecoderException: unable to decode base64 string: invalid characters encountered at end of base64 data
	at org.bouncycastle.util.encoders.Base64.decode(Unknown Source)
	at org.apache.nifi.properties.AESSensitivePropertyProvider.unprotect(AESSensitivePropertyProvider.java:238)
	at org.apache.nifi.properties.ApplicationPropertiesProtector.unprotectValue(ApplicationPropertiesProtector.java:330)
	at org.apache.nifi.properties.ApplicationPropertiesProtector.getUnprotectedProperties(ApplicationPropertiesProtector.java:235)
	at org.apache.nifi.registry.properties.ProtectedNiFiRegistryProperties.getUnprotectedProperties(ProtectedNiFiRegistryProperties.java:194)
	at org.apache.nifi.registry.properties.ProtectedNiFiRegistryProperties.getUnprotectedProperties(ProtectedNiFiRegistryProperties.java:43)
	at org.apache.nifi.properties.SensitivePropertyProtector$getUnprotectedProperties$5.call(Unknown Source)
	at org.codehaus.groovy.runtime.callsite.CallSiteArray.defaultCall(CallSiteArray.java:47)
	at org.codehaus.groovy.runtime.callsite.AbstractCallSite.call(AbstractCallSite.java:115)
	at org.codehaus.groovy.runtime.callsite.AbstractCallSite.call(AbstractCallSite.java:119)
	at org.apache.nifi.registry.properties.ProtectedNiFiRegistryPropertiesGroovyTest$_testGetValueOfSensitivePropertyShouldHandleMultipleMalformedValues_closure6.doCall(ProtectedNiFiRegistryPropertiesGroovyTest.groovy:372)
	at org.apache.nifi.registry.properties.ProtectedNiFiRegistryPropertiesGroovyTest$_testGetValueOfSensitivePropertyShouldHandleMultipleMalformedValues_closure6.doCall(ProtectedNiFiRegistryPropertiesGroovyTest.groovy)
	at sun.reflect.NativeMethodAccessorImpl.invoke0(Native Method)
	at sun.reflect.NativeMethodAccessorImpl.invoke(NativeMethodAccessorImpl.java:62)
	at sun.reflect.DelegatingMethodAccessorImpl.invoke(DelegatingMethodAccessorImpl.java:43)
	at java.lang.reflect.Method.invoke(Method.java:498)
	at org.codehaus.groovy.reflection.CachedMethod.invoke(CachedMethod.java:101)
	at groovy.lang.MetaMethod.doMethodInvoke(MetaMethod.java:323)
	at org.codehaus.groovy.runtime.metaclass.ClosureMetaClass.invokeMethod(ClosureMetaClass.java:263)
	at groovy.lang.MetaClassImpl.invokeMethod(MetaClassImpl.java:1041)
	at groovy.lang.Closure.call(Closure.java:405)
	at groovy.lang.Closure.call(Closure.java:399)
	at groovy.test.GroovyAssert.shouldFail(GroovyAssert.java:118)
	at groovy.test.GroovyAssert$shouldFail.call(Unknown Source)
	at org.codehaus.groovy.runtime.callsite.CallSiteArray.defaultCall(CallSiteArray.java:47)
	at org.codehaus.groovy.runtime.callsite.AbstractCallSite.call(AbstractCallSite.java:115)
	at org.codehaus.groovy.runtime.callsite.AbstractCallSite.call(AbstractCallSite.java:135)
	at org.apache.nifi.registry.properties.ProtectedNiFiRegistryPropertiesGroovyTest.testGetValueOfSensitivePropertyShouldHandleMultipleMalformedValues(ProtectedNiFiRegistryPropertiesGroovyTest.groovy:371)
	at sun.reflect.NativeMethodAccessorImpl.invoke0(Native Method)
	at sun.reflect.NativeMethodAccessorImpl.invoke(NativeMethodAccessorImpl.java:62)
	at sun.reflect.DelegatingMethodAccessorImpl.invoke(DelegatingMethodAccessorImpl.java:43)
	at java.lang.reflect.Method.invoke(Method.java:498)
	at org.junit.runners.model.FrameworkMethod$1.runReflectiveCall(FrameworkMethod.java:59)
	at org.junit.internal.runners.model.ReflectiveCallable.run(ReflectiveCallable.java:12)
	at org.junit.runners.model.FrameworkMethod.invokeExplosively(FrameworkMethod.java:56)
	at org.junit.internal.runners.statements.InvokeMethod.evaluate(InvokeMethod.java:17)
	at org.junit.internal.runners.statements.RunBefores.evaluate(RunBefores.java:26)
	at org.junit.internal.runners.statements.RunAfters.evaluate(RunAfters.java:27)
	at org.junit.runners.ParentRunner$3.evaluate(ParentRunner.java:306)
	at org.junit.runners.BlockJUnit4ClassRunner$1.evaluate(BlockJUnit4ClassRunner.java:100)
	at org.junit.runners.ParentRunner.runLeaf(ParentRunner.java:366)
	at org.junit.runners.BlockJUnit4ClassRunner.runChild(BlockJUnit4ClassRunner.java:103)
	at org.junit.runners.BlockJUnit4ClassRunner.runChild(BlockJUnit4ClassRunner.java:63)
	at org.junit.runners.ParentRunner$4.run(ParentRunner.java:331)
	at org.junit.runners.ParentRunner$1.schedule(ParentRunner.java:79)
	at org.junit.runners.ParentRunner.runChildren(ParentRunner.java:329)
	at org.junit.runners.ParentRunner.access$100(ParentRunner.java:66)
	at org.junit.runners.ParentRunner$2.evaluate(ParentRunner.java:293)
	at org.junit.internal.runners.statements.RunBefores.evaluate(RunBefores.java:26)
	at org.junit.internal.runners.statements.RunAfters.evaluate(RunAfters.java:27)
	at org.junit.runners.ParentRunner$3.evaluate(ParentRunner.java:306)
	at org.junit.runners.ParentRunner.run(ParentRunner.java:413)
	at org.apache.maven.surefire.junit4.JUnit4Provider.execute(JUnit4Provider.java:364)
	at org.apache.maven.surefire.junit4.JUnit4Provider.executeWithRerun(JUnit4Provider.java:272)
	at org.apache.maven.surefire.junit4.JUnit4Provider.executeTestSet(JUnit4Provider.java:237)
	at org.apache.maven.surefire.junit4.JUnit4Provider.invoke(JUnit4Provider.java:158)
	at org.apache.maven.surefire.booter.ForkedBooter.runSuitesInProcess(ForkedBooter.java:428)
	at org.apache.maven.surefire.booter.ForkedBooter.execute(ForkedBooter.java:162)
	at org.apache.maven.surefire.booter.ForkedBooter.run(ForkedBooter.java:562)
	at org.apache.maven.surefire.booter.ForkedBooter.main(ForkedBooter.java:548)
Caused by: java.io.IOException: invalid characters encountered at end of base64 data
	at org.bouncycastle.util.encoders.Base64Encoder.decodeLastBlock(Unknown Source)
	at org.bouncycastle.util.encoders.Base64Encoder.decode(Unknown Source)
	... 60 more
[main] ERROR org.apache.nifi.properties.ApplicationPropertiesProtector - Error unprotecting value for nifi.registry.security.keystorePasswd
SensitivePropertyProtectionException: Error decrypting a protected value
	at org.apache.nifi.properties.AESSensitivePropertyProvider.unprotect(AESSensitivePropertyProvider.java:247)
	at org.apache.nifi.properties.ApplicationPropertiesProtector.unprotectValue(ApplicationPropertiesProtector.java:330)
	at org.apache.nifi.properties.ApplicationPropertiesProtector.getUnprotectedProperties(ApplicationPropertiesProtector.java:235)
	at org.apache.nifi.registry.properties.ProtectedNiFiRegistryProperties.getUnprotectedProperties(ProtectedNiFiRegistryProperties.java:194)
	at org.apache.nifi.registry.properties.ProtectedNiFiRegistryProperties.getUnprotectedProperties(ProtectedNiFiRegistryProperties.java:43)
	at org.apache.nifi.properties.SensitivePropertyProtector$getUnprotectedProperties$5.call(Unknown Source)
	at org.codehaus.groovy.runtime.callsite.CallSiteArray.defaultCall(CallSiteArray.java:47)
	at org.codehaus.groovy.runtime.callsite.AbstractCallSite.call(AbstractCallSite.java:115)
	at org.codehaus.groovy.runtime.callsite.AbstractCallSite.call(AbstractCallSite.java:119)
	at org.apache.nifi.registry.properties.ProtectedNiFiRegistryPropertiesGroovyTest$_testGetValueOfSensitivePropertyShouldHandleMultipleMalformedValues_closure6.doCall(ProtectedNiFiRegistryPropertiesGroovyTest.groovy:372)
	at org.apache.nifi.registry.properties.ProtectedNiFiRegistryPropertiesGroovyTest$_testGetValueOfSensitivePropertyShouldHandleMultipleMalformedValues_closure6.doCall(ProtectedNiFiRegistryPropertiesGroovyTest.groovy)
	at sun.reflect.NativeMethodAccessorImpl.invoke0(Native Method)
	at sun.reflect.NativeMethodAccessorImpl.invoke(NativeMethodAccessorImpl.java:62)
	at sun.reflect.DelegatingMethodAccessorImpl.invoke(DelegatingMethodAccessorImpl.java:43)
	at java.lang.reflect.Method.invoke(Method.java:498)
	at org.codehaus.groovy.reflection.CachedMethod.invoke(CachedMethod.java:101)
	at groovy.lang.MetaMethod.doMethodInvoke(MetaMethod.java:323)
	at org.codehaus.groovy.runtime.metaclass.ClosureMetaClass.invokeMethod(ClosureMetaClass.java:263)
	at groovy.lang.MetaClassImpl.invokeMethod(MetaClassImpl.java:1041)
	at groovy.lang.Closure.call(Closure.java:405)
	at groovy.lang.Closure.call(Closure.java:399)
	at groovy.test.GroovyAssert.shouldFail(GroovyAssert.java:118)
	at groovy.test.GroovyAssert$shouldFail.call(Unknown Source)
	at org.codehaus.groovy.runtime.callsite.CallSiteArray.defaultCall(CallSiteArray.java:47)
	at org.codehaus.groovy.runtime.callsite.AbstractCallSite.call(AbstractCallSite.java:115)
	at org.codehaus.groovy.runtime.callsite.AbstractCallSite.call(AbstractCallSite.java:135)
	at org.apache.nifi.registry.properties.ProtectedNiFiRegistryPropertiesGroovyTest.testGetValueOfSensitivePropertyShouldHandleMultipleMalformedValues(ProtectedNiFiRegistryPropertiesGroovyTest.groovy:371)
	at sun.reflect.NativeMethodAccessorImpl.invoke0(Native Method)
	at sun.reflect.NativeMethodAccessorImpl.invoke(NativeMethodAccessorImpl.java:62)
	at sun.reflect.DelegatingMethodAccessorImpl.invoke(DelegatingMethodAccessorImpl.java:43)
	at java.lang.reflect.Method.invoke(Method.java:498)
	at org.junit.runners.model.FrameworkMethod$1.runReflectiveCall(FrameworkMethod.java:59)
	at org.junit.internal.runners.model.ReflectiveCallable.run(ReflectiveCallable.java:12)
	at org.junit.runners.model.FrameworkMethod.invokeExplosively(FrameworkMethod.java:56)
	at org.junit.internal.runners.statements.InvokeMethod.evaluate(InvokeMethod.java:17)
	at org.junit.internal.runners.statements.RunBefores.evaluate(RunBefores.java:26)
	at org.junit.internal.runners.statements.RunAfters.evaluate(RunAfters.java:27)
	at org.junit.runners.ParentRunner$3.evaluate(ParentRunner.java:306)
	at org.junit.runners.BlockJUnit4ClassRunner$1.evaluate(BlockJUnit4ClassRunner.java:100)
	at org.junit.runners.ParentRunner.runLeaf(ParentRunner.java:366)
	at org.junit.runners.BlockJUnit4ClassRunner.runChild(BlockJUnit4ClassRunner.java:103)
	at org.junit.runners.BlockJUnit4ClassRunner.runChild(BlockJUnit4ClassRunner.java:63)
	at org.junit.runners.ParentRunner$4.run(ParentRunner.java:331)
	at org.junit.runners.ParentRunner$1.schedule(ParentRunner.java:79)
	at org.junit.runners.ParentRunner.runChildren(ParentRunner.java:329)
	at org.junit.runners.ParentRunner.access$100(ParentRunner.java:66)
	at org.junit.runners.ParentRunner$2.evaluate(ParentRunner.java:293)
	at org.junit.internal.runners.statements.RunBefores.evaluate(RunBefores.java:26)
	at org.junit.internal.runners.statements.RunAfters.evaluate(RunAfters.java:27)
	at org.junit.runners.ParentRunner$3.evaluate(ParentRunner.java:306)
	at org.junit.runners.ParentRunner.run(ParentRunner.java:413)
	at org.apache.maven.surefire.junit4.JUnit4Provider.execute(JUnit4Provider.java:364)
	at org.apache.maven.surefire.junit4.JUnit4Provider.executeWithRerun(JUnit4Provider.java:272)
	at org.apache.maven.surefire.junit4.JUnit4Provider.executeTestSet(JUnit4Provider.java:237)
	at org.apache.maven.surefire.junit4.JUnit4Provider.invoke(JUnit4Provider.java:158)
	at org.apache.maven.surefire.booter.ForkedBooter.runSuitesInProcess(ForkedBooter.java:428)
	at org.apache.maven.surefire.booter.ForkedBooter.execute(ForkedBooter.java:162)
	at org.apache.maven.surefire.booter.ForkedBooter.run(ForkedBooter.java:562)
	at org.apache.maven.surefire.booter.ForkedBooter.main(ForkedBooter.java:548)
Caused by: org.bouncycastle.util.encoders.DecoderException: unable to decode base64 string: invalid characters encountered at end of base64 data
	at org.bouncycastle.util.encoders.Base64.decode(Unknown Source)
	at org.apache.nifi.properties.AESSensitivePropertyProvider.unprotect(AESSensitivePropertyProvider.java:238)
	... 58 more
Caused by: java.io.IOException: invalid characters encountered at end of base64 data
	at org.bouncycastle.util.encoders.Base64Encoder.decodeLastBlock(Unknown Source)
	at org.bouncycastle.util.encoders.Base64Encoder.decode(Unknown Source)
	... 60 more
[main] WARN org.apache.nifi.properties.ApplicationPropertiesProtector - Failed to unprotect 'nifi.registry.security.keystorePasswd'
SensitivePropertyProtectionException: Error decrypting a protected value
	at org.apache.nifi.properties.AESSensitivePropertyProvider.unprotect(AESSensitivePropertyProvider.java:247)
	at org.apache.nifi.properties.ApplicationPropertiesProtector.unprotectValue(ApplicationPropertiesProtector.java:330)
	at org.apache.nifi.properties.ApplicationPropertiesProtector.getUnprotectedProperties(ApplicationPropertiesProtector.java:235)
	at org.apache.nifi.registry.properties.ProtectedNiFiRegistryProperties.getUnprotectedProperties(ProtectedNiFiRegistryProperties.java:194)
	at org.apache.nifi.registry.properties.ProtectedNiFiRegistryProperties.getUnprotectedProperties(ProtectedNiFiRegistryProperties.java:43)
	at org.apache.nifi.properties.SensitivePropertyProtector$getUnprotectedProperties$5.call(Unknown Source)
	at org.codehaus.groovy.runtime.callsite.CallSiteArray.defaultCall(CallSiteArray.java:47)
	at org.codehaus.groovy.runtime.callsite.AbstractCallSite.call(AbstractCallSite.java:115)
	at org.codehaus.groovy.runtime.callsite.AbstractCallSite.call(AbstractCallSite.java:119)
	at org.apache.nifi.registry.properties.ProtectedNiFiRegistryPropertiesGroovyTest$_testGetValueOfSensitivePropertyShouldHandleMultipleMalformedValues_closure6.doCall(ProtectedNiFiRegistryPropertiesGroovyTest.groovy:372)
	at org.apache.nifi.registry.properties.ProtectedNiFiRegistryPropertiesGroovyTest$_testGetValueOfSensitivePropertyShouldHandleMultipleMalformedValues_closure6.doCall(ProtectedNiFiRegistryPropertiesGroovyTest.groovy)
	at sun.reflect.NativeMethodAccessorImpl.invoke0(Native Method)
	at sun.reflect.NativeMethodAccessorImpl.invoke(NativeMethodAccessorImpl.java:62)
	at sun.reflect.DelegatingMethodAccessorImpl.invoke(DelegatingMethodAccessorImpl.java:43)
	at java.lang.reflect.Method.invoke(Method.java:498)
	at org.codehaus.groovy.reflection.CachedMethod.invoke(CachedMethod.java:101)
	at groovy.lang.MetaMethod.doMethodInvoke(MetaMethod.java:323)
	at org.codehaus.groovy.runtime.metaclass.ClosureMetaClass.invokeMethod(ClosureMetaClass.java:263)
	at groovy.lang.MetaClassImpl.invokeMethod(MetaClassImpl.java:1041)
	at groovy.lang.Closure.call(Closure.java:405)
	at groovy.lang.Closure.call(Closure.java:399)
	at groovy.test.GroovyAssert.shouldFail(GroovyAssert.java:118)
	at groovy.test.GroovyAssert$shouldFail.call(Unknown Source)
	at org.codehaus.groovy.runtime.callsite.CallSiteArray.defaultCall(CallSiteArray.java:47)
	at org.codehaus.groovy.runtime.callsite.AbstractCallSite.call(AbstractCallSite.java:115)
	at org.codehaus.groovy.runtime.callsite.AbstractCallSite.call(AbstractCallSite.java:135)
	at org.apache.nifi.registry.properties.ProtectedNiFiRegistryPropertiesGroovyTest.testGetValueOfSensitivePropertyShouldHandleMultipleMalformedValues(ProtectedNiFiRegistryPropertiesGroovyTest.groovy:371)
	at sun.reflect.NativeMethodAccessorImpl.invoke0(Native Method)
	at sun.reflect.NativeMethodAccessorImpl.invoke(NativeMethodAccessorImpl.java:62)
	at sun.reflect.DelegatingMethodAccessorImpl.invoke(DelegatingMethodAccessorImpl.java:43)
	at java.lang.reflect.Method.invoke(Method.java:498)
	at org.junit.runners.model.FrameworkMethod$1.runReflectiveCall(FrameworkMethod.java:59)
	at org.junit.internal.runners.model.ReflectiveCallable.run(ReflectiveCallable.java:12)
	at org.junit.runners.model.FrameworkMethod.invokeExplosively(FrameworkMethod.java:56)
	at org.junit.internal.runners.statements.InvokeMethod.evaluate(InvokeMethod.java:17)
	at org.junit.internal.runners.statements.RunBefores.evaluate(RunBefores.java:26)
	at org.junit.internal.runners.statements.RunAfters.evaluate(RunAfters.java:27)
	at org.junit.runners.ParentRunner$3.evaluate(ParentRunner.java:306)
	at org.junit.runners.BlockJUnit4ClassRunner$1.evaluate(BlockJUnit4ClassRunner.java:100)
	at org.junit.runners.ParentRunner.runLeaf(ParentRunner.java:366)
	at org.junit.runners.BlockJUnit4ClassRunner.runChild(BlockJUnit4ClassRunner.java:103)
	at org.junit.runners.BlockJUnit4ClassRunner.runChild(BlockJUnit4ClassRunner.java:63)
	at org.junit.runners.ParentRunner$4.run(ParentRunner.java:331)
	at org.junit.runners.ParentRunner$1.schedule(ParentRunner.java:79)
	at org.junit.runners.ParentRunner.runChildren(ParentRunner.java:329)
	at org.junit.runners.ParentRunner.access$100(ParentRunner.java:66)
	at org.junit.runners.ParentRunner$2.evaluate(ParentRunner.java:293)
	at org.junit.internal.runners.statements.RunBefores.evaluate(RunBefores.java:26)
	at org.junit.internal.runners.statements.RunAfters.evaluate(RunAfters.java:27)
	at org.junit.runners.ParentRunner$3.evaluate(ParentRunner.java:306)
	at org.junit.runners.ParentRunner.run(ParentRunner.java:413)
	at org.apache.maven.surefire.junit4.JUnit4Provider.execute(JUnit4Provider.java:364)
	at org.apache.maven.surefire.junit4.JUnit4Provider.executeWithRerun(JUnit4Provider.java:272)
	at org.apache.maven.surefire.junit4.JUnit4Provider.executeTestSet(JUnit4Provider.java:237)
	at org.apache.maven.surefire.junit4.JUnit4Provider.invoke(JUnit4Provider.java:158)
	at org.apache.maven.surefire.booter.ForkedBooter.runSuitesInProcess(ForkedBooter.java:428)
	at org.apache.maven.surefire.booter.ForkedBooter.execute(ForkedBooter.java:162)
	at org.apache.maven.surefire.booter.ForkedBooter.run(ForkedBooter.java:562)
	at org.apache.maven.surefire.booter.ForkedBooter.main(ForkedBooter.java:548)
Caused by: org.bouncycastle.util.encoders.DecoderException: unable to decode base64 string: invalid characters encountered at end of base64 data
	at org.bouncycastle.util.encoders.Base64.decode(Unknown Source)
	at org.apache.nifi.properties.AESSensitivePropertyProvider.unprotect(AESSensitivePropertyProvider.java:238)
	... 58 more
Caused by: java.io.IOException: invalid characters encountered at end of base64 data
	at org.bouncycastle.util.encoders.Base64Encoder.decodeLastBlock(Unknown Source)
	at org.bouncycastle.util.encoders.Base64Encoder.decode(Unknown Source)
	... 60 more
[main] WARN org.apache.nifi.properties.ApplicationPropertiesProtector - Combining 2 failed keys [nifi.registry.security.keyPasswd, nifi.registry.security.keystorePasswd] into single exception
[main] INFO org.apache.nifi.registry.properties.ProtectedNiFiRegistryPropertiesGroovyTest - [EXPECTED] Failed to unprotect keys
]]></system-err>
  </testcase>
  <testcase name="testShouldGetDefaultSensitiveProperties" classname="org.apache.nifi.registry.properties.ProtectedNiFiRegistryPropertiesGroovyTest" time="0.003">
    <system-err><![CDATA[[main] INFO org.apache.nifi.registry.properties.ProtectedNiFiRegistryPropertiesGroovyTest - 3 default sensitive properties: nifi.registry.security.keystorePasswd, nifi.registry.security.keyPasswd, nifi.registry.security.truststorePasswd
[main] INFO org.apache.nifi.registry.properties.ProtectedNiFiRegistryPropertiesGroovyTest - Loaded 23 properties from /home/alex/Repositories/nifi/nifi-registry/nifi-registry-core/nifi-registry-properties/target/test-classes/conf/nifi-registry.properties
[main] INFO org.apache.nifi.registry.properties.ProtectedNiFiRegistryPropertiesGroovyTest - 3 default sensitive properties: nifi.registry.security.keyPasswd, nifi.registry.security.keystorePasswd, nifi.registry.security.truststorePasswd
]]></system-err>
  </testcase>
  <testcase name="testShouldDetectIfPropertyIsProtected" classname="org.apache.nifi.registry.properties.ProtectedNiFiRegistryPropertiesGroovyTest" time="0.007">
    <system-err><![CDATA[[main] INFO org.apache.nifi.registry.properties.ProtectedNiFiRegistryPropertiesGroovyTest - Loaded 22 properties from /home/alex/Repositories/nifi/nifi-registry/nifi-registry-core/nifi-registry-properties/target/test-classes/conf/nifi-registry.with_sensitive_props_protected_aes_128.properties
[main] INFO org.apache.nifi.registry.properties.ProtectedNiFiRegistryPropertiesGroovyTest - nifi.registry.security.truststorePasswd is SENSITIVE
[main] INFO org.apache.nifi.registry.properties.ProtectedNiFiRegistryPropertiesGroovyTest - nifi.registry.security.truststorePasswd is NOT PROTECTED
[main] INFO org.apache.nifi.registry.properties.ProtectedNiFiRegistryPropertiesGroovyTest - nifi.registry.security.keystorePasswd is SENSITIVE
[main] INFO org.apache.nifi.registry.properties.ProtectedNiFiRegistryPropertiesGroovyTest - nifi.registry.security.keystorePasswd is PROTECTED
]]></system-err>
  </testcase>
  <testcase name="testGetPropertyKeysShouldMatchSize" classname="org.apache.nifi.registry.properties.ProtectedNiFiRegistryPropertiesGroovyTest" time="0">
    <system-err><![CDATA[[main] INFO org.apache.nifi.registry.properties.ProtectedNiFiRegistryPropertiesGroovyTest - Raw properties (3): key.protected, key2, key
[main] INFO org.apache.nifi.registry.properties.ProtectedNiFiRegistryPropertiesGroovyTest - Protected properties (2): key, key2
]]></system-err>
  </testcase>
  <testcase name="testShouldGetEmptyUnprotectedValueOfSensitiveProperty" classname="org.apache.nifi.registry.properties.ProtectedNiFiRegistryPropertiesGroovyTest" time="0.012">
    <system-err><![CDATA[[main] INFO org.apache.nifi.registry.properties.ProtectedNiFiRegistryPropertiesGroovyTest - Loaded 20 properties from /home/alex/Repositories/nifi/nifi-registry/nifi-registry-core/nifi-registry-properties/target/test-classes/conf/nifi-registry.with_sensitive_props_unprotected.properties
[main] INFO org.apache.nifi.registry.properties.ProtectedNiFiRegistryPropertiesGroovyTest - The property is sensitive and not protected
[main] INFO org.apache.nifi.registry.properties.ProtectedNiFiRegistryPropertiesGroovyTest - nifi.registry.security.truststorePasswd: 
]]></system-err>
  </testcase>
  <testcase name="testShouldNotAddNullSensitivePropertyProvider" classname="org.apache.nifi.registry.properties.ProtectedNiFiRegistryPropertiesGroovyTest" time="0.004">
    <system-err><![CDATA[[main] INFO org.apache.nifi.registry.properties.ProtectedNiFiRegistryPropertiesGroovyTest - Cannot add null SensitivePropertyProvider
]]></system-err>
  </testcase>
  <testcase name="testShouldGetPercentageOfSensitivePropertiesProtected_0" classname="org.apache.nifi.registry.properties.ProtectedNiFiRegistryPropertiesGroovyTest" time="0">
    <system-err><![CDATA[[main] INFO org.apache.nifi.registry.properties.ProtectedNiFiRegistryPropertiesGroovyTest - Loaded 23 properties from /home/alex/Repositories/nifi/nifi-registry/nifi-registry-core/nifi-registry-properties/target/test-classes/conf/nifi-registry.properties
[main] INFO org.apache.nifi.registry.properties.ProtectedNiFiRegistryPropertiesGroovyTest - Sensitive property keys: [nifi.registry.security.keyPasswd, nifi.registry.security.keystorePasswd, nifi.registry.security.truststorePasswd]
[main] INFO org.apache.nifi.registry.properties.ProtectedNiFiRegistryPropertiesGroovyTest - Protected property keys: []
[main] INFO org.apache.nifi.registry.properties.ProtectedNiFiRegistryPropertiesGroovyTest - 0.0% (0 of 0) protected
]]></system-err>
  </testcase>
  <testcase name="testGetUnprotectedPropertiesShouldDecryptProtectedPropertiesWith256Bit" classname="org.apache.nifi.registry.properties.ProtectedNiFiRegistryPropertiesGroovyTest" time="0.024">
    <system-err><![CDATA[[main] INFO org.apache.nifi.registry.properties.ProtectedNiFiRegistryPropertiesGroovyTest - Loaded 22 properties from /home/alex/Repositories/nifi/nifi-registry/nifi-registry-core/nifi-registry-properties/target/test-classes/conf/nifi-registry.with_sensitive_props_protected_aes_256.properties
[main] INFO org.apache.nifi.registry.properties.ProtectedNiFiRegistryPropertiesGroovyTest - Detected 2 protected properties and 2 protection scheme properties
[main] INFO org.apache.nifi.registry.properties.ProtectedNiFiRegistryPropertiesGroovyTest - Protected properties: 
nifi.registry.security.keyPasswd=ac/BaE35SL/esLiJ||+ULRvRLYdIDA2VqpE0eQXDEMjaLBMG2kbKOdOwBk/hGebDKlVg==
nifi.registry.security.keystorePasswd=oBjT92hIGRElIGOh||MZ6uYuWNBrOA6usq/Jt3DaD2e4otNirZDytac/w/KFe0HOkrJR03vcbo
[main] INFO org.apache.nifi.registry.properties.ProtectedNiFiRegistryPropertiesGroovyTest - Expected unprotected property count: 20
[main] INFO org.apache.nifi.registry.properties.ProtectedNiFiRegistryPropertiesGroovyTest - Hash code of internal instance: 669200356
[main] INFO org.apache.nifi.registry.properties.ProtectedNiFiRegistryPropertiesGroovyTest - Unprotected 20 properties
[main] INFO org.apache.nifi.registry.properties.ProtectedNiFiRegistryPropertiesGroovyTest - Hash code from returned unprotected instance: 1031586763
]]></system-err>
  </testcase>
  <testcase name="testShouldGetPropertyKeysIncludingProtectionSchemes" classname="org.apache.nifi.registry.properties.ProtectedNiFiRegistryPropertiesGroovyTest" time="0">
    <system-err><![CDATA[[main] INFO org.apache.nifi.registry.properties.ProtectedNiFiRegistryPropertiesGroovyTest - Raw properties (3): key2, key.protected, key
[main] INFO org.apache.nifi.registry.properties.ProtectedNiFiRegistryPropertiesGroovyTest - Protected properties with schemes (3): key2, key.protected, key
]]></system-err>
  </testcase>
  <testcase name="testInstanceWithNoProtectedPropertiesShouldNotLoadSPP" classname="org.apache.nifi.registry.properties.ProtectedNiFiRegistryPropertiesGroovyTest" time="0.001">
    <system-err><![CDATA[[main] INFO org.apache.nifi.registry.properties.ProtectedNiFiRegistryPropertiesGroovyTest - Loaded 23 properties from /home/alex/Repositories/nifi/nifi-registry/nifi-registry-core/nifi-registry-properties/target/test-classes/conf/nifi-registry.properties
[main] INFO org.apache.nifi.registry.properties.ProtectedNiFiRegistryPropertiesGroovyTest - Has protected properties: false
[main] INFO org.apache.nifi.registry.properties.ProtectedNiFiRegistryPropertiesGroovyTest - Internal cache [:] has 0 providers loaded
]]></system-err>
  </testcase>
  <testcase name="testShouldDetectIfPropertyIsSensitive" classname="org.apache.nifi.registry.properties.ProtectedNiFiRegistryPropertiesGroovyTest" time="0.001">
    <system-err><![CDATA[[main] INFO org.apache.nifi.registry.properties.ProtectedNiFiRegistryPropertiesGroovyTest - Loaded 23 properties from /home/alex/Repositories/nifi/nifi-registry/nifi-registry-core/nifi-registry-properties/target/test-classes/conf/nifi-registry.properties
[main] INFO org.apache.nifi.registry.properties.ProtectedNiFiRegistryPropertiesGroovyTest - nifi.registry.web.http.port is NOT SENSITIVE
[main] INFO org.apache.nifi.registry.properties.ProtectedNiFiRegistryPropertiesGroovyTest - nifi.registry.security.keystorePasswd is SENSITIVE
]]></system-err>
  </testcase>
  <testcase name="testGetAdditionalSensitivePropertiesShouldNotIncludeSelf" classname="org.apache.nifi.registry.properties.ProtectedNiFiRegistryPropertiesGroovyTest" time="0.004">
    <system-err><![CDATA[[main] INFO org.apache.nifi.registry.properties.ProtectedNiFiRegistryPropertiesGroovyTest - 5 total sensitive properties: nifi.registry.security.keystorePasswd, nifi.registry.security.keyPasswd, nifi.registry.security.truststorePasswd, nifi.registry.web.http.port, nifi.registry.web.http.host
[main] INFO org.apache.nifi.registry.properties.ProtectedNiFiRegistryPropertiesGroovyTest - Loaded 27 properties from /home/alex/Repositories/nifi/nifi-registry/nifi-registry-core/nifi-registry-properties/target/test-classes/conf/nifi-registry.with_additional_sensitive_keys.properties
[main] WARN org.apache.nifi.properties.ApplicationPropertiesProtector - The key 'nifi.registry.sensitive.props.additional.keys' contains itself. This is poor practice and should be removed
[main] WARN org.apache.nifi.properties.ApplicationPropertiesProtector - The key 'nifi.registry.sensitive.props.additional.keys' contains itself. This is poor practice and should be removed
[main] WARN org.apache.nifi.properties.ApplicationPropertiesProtector - The key 'nifi.registry.sensitive.props.additional.keys' contains itself. This is poor practice and should be removed
[main] WARN org.apache.nifi.properties.ApplicationPropertiesProtector - The key 'nifi.registry.sensitive.props.additional.keys' contains itself. This is poor practice and should be removed
[main] WARN org.apache.nifi.properties.ApplicationPropertiesProtector - The key 'nifi.registry.sensitive.props.additional.keys' contains itself. This is poor practice and should be removed
[main] WARN org.apache.nifi.properties.ApplicationPropertiesProtector - The key 'nifi.registry.sensitive.props.additional.keys' contains itself. This is poor practice and should be removed
[main] WARN org.apache.nifi.properties.ApplicationPropertiesProtector - The key 'nifi.registry.sensitive.props.additional.keys' contains itself. This is poor practice and should be removed
[main] WARN org.apache.nifi.properties.ApplicationPropertiesProtector - The key 'nifi.registry.sensitive.props.additional.keys' contains itself. This is poor practice and should be removed
[main] WARN org.apache.nifi.properties.ApplicationPropertiesProtector - The key 'nifi.registry.sensitive.props.additional.keys' contains itself. This is poor practice and should be removed
[main] INFO org.apache.nifi.registry.properties.ProtectedNiFiRegistryPropertiesGroovyTest - 5 retrieved sensitive properties: nifi.registry.web.http.port, nifi.registry.web.http.host, nifi.registry.security.keyPasswd, nifi.registry.security.keystorePasswd, nifi.registry.security.truststorePasswd
]]></system-err>
  </testcase>
  <testcase name="testShouldGetAdditionalSensitiveProperties" classname="org.apache.nifi.registry.properties.ProtectedNiFiRegistryPropertiesGroovyTest" time="0.002">
    <system-err><![CDATA[[main] INFO org.apache.nifi.registry.properties.ProtectedNiFiRegistryPropertiesGroovyTest - 5 total sensitive properties: nifi.registry.security.keystorePasswd, nifi.registry.security.keyPasswd, nifi.registry.security.truststorePasswd, nifi.registry.web.http.port, nifi.registry.web.http.host
[main] INFO org.apache.nifi.registry.properties.ProtectedNiFiRegistryPropertiesGroovyTest - Loaded 27 properties from /home/alex/Repositories/nifi/nifi-registry/nifi-registry-core/nifi-registry-properties/target/test-classes/conf/nifi-registry.with_additional_sensitive_keys.properties
[main] WARN org.apache.nifi.properties.ApplicationPropertiesProtector - The key 'nifi.registry.sensitive.props.additional.keys' contains itself. This is poor practice and should be removed
[main] WARN org.apache.nifi.properties.ApplicationPropertiesProtector - The key 'nifi.registry.sensitive.props.additional.keys' contains itself. This is poor practice and should be removed
[main] WARN org.apache.nifi.properties.ApplicationPropertiesProtector - The key 'nifi.registry.sensitive.props.additional.keys' contains itself. This is poor practice and should be removed
[main] WARN org.apache.nifi.properties.ApplicationPropertiesProtector - The key 'nifi.registry.sensitive.props.additional.keys' contains itself. This is poor practice and should be removed
[main] WARN org.apache.nifi.properties.ApplicationPropertiesProtector - The key 'nifi.registry.sensitive.props.additional.keys' contains itself. This is poor practice and should be removed
[main] WARN org.apache.nifi.properties.ApplicationPropertiesProtector - The key 'nifi.registry.sensitive.props.additional.keys' contains itself. This is poor practice and should be removed
[main] WARN org.apache.nifi.properties.ApplicationPropertiesProtector - The key 'nifi.registry.sensitive.props.additional.keys' contains itself. This is poor practice and should be removed
[main] WARN org.apache.nifi.properties.ApplicationPropertiesProtector - The key 'nifi.registry.sensitive.props.additional.keys' contains itself. This is poor practice and should be removed
[main] WARN org.apache.nifi.properties.ApplicationPropertiesProtector - The key 'nifi.registry.sensitive.props.additional.keys' contains itself. This is poor practice and should be removed
[main] INFO org.apache.nifi.registry.properties.ProtectedNiFiRegistryPropertiesGroovyTest - 5 retrieved sensitive properties: nifi.registry.web.http.port, nifi.registry.web.http.host, nifi.registry.security.keyPasswd, nifi.registry.security.keystorePasswd, nifi.registry.security.truststorePasswd
]]></system-err>
  </testcase>
</testsuite>