<?xml version="1.0" encoding="UTF-8" ?>
<testsuite tests="7" failures="0" name="com.alibaba.wasp.plan.execute.TestExecutionEngine" time="2.674" errors="4" skipped="0">
  <properties>
    <property name="java.runtime.name" value="OpenJDK Runtime Environment"/>
    <property name="sun.boot.library.path" value="/usr/lib/jvm/java-8-openjdk-amd64/jre/lib/amd64"/>
    <property name="java.vm.version" value="25.402-b06"/>
    <property name="user.country.format" value="PT"/>
    <property name="java.vm.vendor" value="Private Build"/>
    <property name="maven.multiModuleProjectDirectory" value="/home/alex/Repositories/wasp"/>
    <property name="java.vendor.url" value="http://java.oracle.com/"/>
    <property name="path.separator" value=":"/>
    <property name="guice.disable.misplaced.annotation.check" value="true"/>
    <property name="java.vm.name" value="OpenJDK 64-Bit Server VM"/>
    <property name="file.encoding.pkg" value="sun.io"/>
    <property name="user.country" value="US"/>
    <property name="sun.java.launcher" value="SUN_STANDARD"/>
    <property name="sun.os.patch.level" value="unknown"/>
    <property name="java.vm.specification.name" value="Java Virtual Machine Specification"/>
    <property name="user.dir" value="/home/alex/Repositories/wasp"/>
    <property name="java.runtime.version" value="1.8.0_402-8u402-ga-2ubuntu1~22.04-b06"/>
    <property name="java.awt.graphicsenv" value="sun.awt.X11GraphicsEnvironment"/>
    <property name="java.endorsed.dirs" value="/usr/lib/jvm/java-8-openjdk-amd64/jre/lib/endorsed"/>
    <property name="os.arch" value="amd64"/>
    <property name="java.io.tmpdir" value="/tmp"/>
    <property name="line.separator" value="
"/>
    <property name="java.vm.specification.vendor" value="Oracle Corporation"/>
    <property name="os.name" value="Linux"/>
    <property name="classworlds.conf" value="/usr/share/maven/bin/m2.conf"/>
    <property name="sun.jnu.encoding" value="UTF-8"/>
    <property name="java.library.path" value="/usr/java/packages/lib/amd64:/usr/lib/x86_64-linux-gnu/jni:/lib/x86_64-linux-gnu:/usr/lib/x86_64-linux-gnu:/usr/lib/jni:/lib:/usr/lib"/>
    <property name="maven.conf" value="/usr/share/maven/conf"/>
    <property name="java.specification.name" value="Java Platform API Specification"/>
    <property name="java.class.version" value="52.0"/>
    <property name="sun.management.compiler" value="HotSpot 64-Bit Tiered Compilers"/>
    <property name="os.version" value="6.5.0-28-generic"/>
    <property name="library.jansi.path" value="/usr/share/maven/lib/jansi-native"/>
    <property name="user.home" value="/home/alex"/>
    <property name="user.timezone" value="Europe/Lisbon"/>
    <property name="java.awt.printerjob" value="sun.print.PSPrinterJob"/>
    <property name="java.specification.version" value="1.8"/>
    <property name="file.encoding" value="UTF-8"/>
    <property name="user.name" value="alex"/>
    <property name="java.class.path" value="/usr/share/maven/boot/plexus-classworlds-2.x.jar"/>
    <property name="java.vm.specification.version" value="1.8"/>
    <property name="sun.arch.data.model" value="64"/>
    <property name="java.home" value="/usr/lib/jvm/java-8-openjdk-amd64/jre"/>
    <property name="sun.java.command" value="org.codehaus.plexus.classworlds.launcher.Launcher nondex:nondex"/>
    <property name="java.specification.vendor" value="Oracle Corporation"/>
    <property name="user.language" value="en"/>
    <property name="user.language.format" value="pt"/>
    <property name="awt.toolkit" value="sun.awt.X11.XToolkit"/>
    <property name="java.vm.info" value="mixed mode"/>
    <property name="java.version" value="1.8.0_402"/>
    <property name="java.ext.dirs" value="/usr/lib/jvm/java-8-openjdk-amd64/jre/lib/ext:/usr/java/packages/lib/ext"/>
    <property name="sun.boot.class.path" value="/usr/lib/jvm/java-8-openjdk-amd64/jre/lib/resources.jar:/usr/lib/jvm/java-8-openjdk-amd64/jre/lib/rt.jar:/usr/lib/jvm/java-8-openjdk-amd64/jre/lib/sunrsasign.jar:/usr/lib/jvm/java-8-openjdk-amd64/jre/lib/jsse.jar:/usr/lib/jvm/java-8-openjdk-amd64/jre/lib/jce.jar:/usr/lib/jvm/java-8-openjdk-amd64/jre/lib/charsets.jar:/usr/lib/jvm/java-8-openjdk-amd64/jre/lib/jfr.jar:/usr/lib/jvm/java-8-openjdk-amd64/jre/classes"/>
    <property name="java.vendor" value="Private Build"/>
    <property name="java.specification.maintenance.version" value="5"/>
    <property name="maven.home" value="/usr/share/maven"/>
    <property name="file.separator" value="/"/>
    <property name="java.vendor.url.bug" value="http://bugreport.sun.com/bugreport/"/>
    <property name="sun.cpu.endian" value="little"/>
    <property name="sun.io.unicode.encoding" value="UnicodeLittle"/>
    <property name="sun.desktop" value="gnome"/>
    <property name="sun.cpu.isalist" value=""/>
  </properties>
  <testcase classname="com.alibaba.wasp.fserver.TestEntityGroupAlone" name="com.alibaba.wasp.fserver.TestEntityGroupAlone" time="0.012"/>
  <testcase classname="com.alibaba.wasp.fserver.TestEntityGroupAlone" name="com.alibaba.wasp.fserver.TestEntityGroupAlone" time="0.017"/>
  <testcase classname="com.alibaba.wasp.fserver.TestEntityGroupAlone" name="com.alibaba.wasp.fserver.TestEntityGroupAlone" time="0.036"/>
  <testcase classname="Description" name="com.alibaba.wasp.fserver.TestSplitTransaction" time="0.255">
    <error type="java.lang.NullPointerException:">java.lang.NullPointerException: null
	at org.apache.hadoop.hdfs.MiniDFSCluster.startDataNodes(MiniDFSCluster.java:422)
	at org.apache.hadoop.hdfs.MiniDFSCluster.&lt;init&gt;(MiniDFSCluster.java:280)
	at org.apache.hadoop.hbase.HBaseTestingUtility.startMiniDFSCluster(HBaseTestingUtility.java:451)
	at org.apache.hadoop.hbase.HBaseTestingUtility.startMiniCluster(HBaseTestingUtility.java:619)
	at org.apache.hadoop.hbase.HBaseTestingUtility.startMiniCluster(HBaseTestingUtility.java:575)
	at com.alibaba.wasp.WaspTestingUtility.startMiniCluster(WaspTestingUtility.java:172)
	at com.alibaba.wasp.WaspTestingUtility.startMiniCluster(WaspTestingUtility.java:144)
	at com.alibaba.wasp.fserver.TestSplitTransaction.before(TestSplitTransaction.java:67)
</error>
    <system-out>Starting DataNode 0 with dfs.data.dir: /home/alex/Repositories/wasp/target/test-data/17c51559-bdf5-4a40-9ef2-8c889c370b73/dfscluster_8b036d34-fc48-4d17-a687-a013598ebdcc/dfs/data/data1,/home/alex/Repositories/wasp/target/test-data/17c51559-bdf5-4a40-9ef2-8c889c370b73/dfscluster_8b036d34-fc48-4d17-a687-a013598ebdcc/dfs/data/data2
</system-out>
    <system-err>24/04/23 19:47:06 INFO wasp.WaspTestingUtility: Starting up minicluster with 1 master(s) and 1 fserver(s) 
24/04/23 19:47:07 ERROR datanode.DataNode: All directories in dfs.data.dir are invalid.
24/04/23 19:47:07 INFO wasp.WaspTestingUtility: Shutting down mini wasp cluster
24/04/23 19:47:07 INFO wasp.WaspTestingUtility: Minicluster is down
</system-err>
  </testcase>
  <testcase classname="Description" name="com.alibaba.wasp.fserver.TestEntityGroup" time="0.535">
    <error type="java.lang.NullPointerException:">java.lang.NullPointerException: null
	at org.apache.hadoop.hdfs.MiniDFSCluster.startDataNodes(MiniDFSCluster.java:422)
	at org.apache.hadoop.hdfs.MiniDFSCluster.&lt;init&gt;(MiniDFSCluster.java:280)
	at org.apache.hadoop.hbase.HBaseTestingUtility.startMiniDFSCluster(HBaseTestingUtility.java:451)
	at org.apache.hadoop.hbase.HBaseTestingUtility.startMiniCluster(HBaseTestingUtility.java:619)
	at org.apache.hadoop.hbase.HBaseTestingUtility.startMiniCluster(HBaseTestingUtility.java:575)
	at com.alibaba.wasp.WaspTestingUtility.startMiniCluster(WaspTestingUtility.java:172)
	at com.alibaba.wasp.WaspTestingUtility.startMiniCluster(WaspTestingUtility.java:144)
	at com.alibaba.wasp.fserver.TestEntityGroup.setUpBeforeClass(TestEntityGroup.java:97)
</error>
    <system-out>Starting DataNode 0 with dfs.data.dir: /home/alex/Repositories/wasp/target/test-data/f47a26a9-746b-4de7-9761-0f1118602bea/dfscluster_16077de3-81c5-4af0-899e-40a2ae02446e/dfs/data/data1,/home/alex/Repositories/wasp/target/test-data/f47a26a9-746b-4de7-9761-0f1118602bea/dfscluster_16077de3-81c5-4af0-899e-40a2ae02446e/dfs/data/data2
</system-out>
    <system-err>24/04/23 19:47:07 INFO wasp.WaspTestingUtility: Starting up minicluster with 1 master(s) and 3 fserver(s) 
24/04/23 19:47:07 ERROR datanode.DataNode: All directories in dfs.data.dir are invalid.
24/04/23 19:47:07 INFO wasp.WaspTestingUtility: Shutting down mini wasp cluster
24/04/23 19:47:07 INFO wasp.WaspTestingUtility: Minicluster is down
</system-err>
  </testcase>
  <testcase classname="Description" name="com.alibaba.wasp.fserver.TestEntityGroupOnCluster" time="0.782">
    <error type="java.lang.NullPointerException:">java.lang.NullPointerException: null
	at org.apache.hadoop.hdfs.MiniDFSCluster.startDataNodes(MiniDFSCluster.java:422)
	at org.apache.hadoop.hdfs.MiniDFSCluster.&lt;init&gt;(MiniDFSCluster.java:280)
	at org.apache.hadoop.hbase.HBaseTestingUtility.startMiniDFSCluster(HBaseTestingUtility.java:451)
	at org.apache.hadoop.hbase.HBaseTestingUtility.startMiniCluster(HBaseTestingUtility.java:619)
	at org.apache.hadoop.hbase.HBaseTestingUtility.startMiniCluster(HBaseTestingUtility.java:575)
	at com.alibaba.wasp.WaspTestingUtility.startMiniCluster(WaspTestingUtility.java:172)
	at com.alibaba.wasp.WaspTestingUtility.startMiniCluster(WaspTestingUtility.java:144)
	at com.alibaba.wasp.fserver.TestEntityGroupOnCluster.setUpBeforeClass(TestEntityGroupOnCluster.java:90)
</error>
    <system-out>


Before setUpBeforeClass



Starting DataNode 0 with dfs.data.dir: /home/alex/Repositories/wasp/target/test-data/9d558ea8-84a9-46e7-a5f0-218791a65530/dfscluster_fa69621a-3ee1-4c2a-ba12-eb2c06a97ecd/dfs/data/data1,/home/alex/Repositories/wasp/target/test-data/9d558ea8-84a9-46e7-a5f0-218791a65530/dfscluster_fa69621a-3ee1-4c2a-ba12-eb2c06a97ecd/dfs/data/data2
</system-out>
    <system-err>24/04/23 19:47:07 INFO wasp.WaspTestingUtility: Starting up minicluster with 1 master(s) and 3 fserver(s) 
24/04/23 19:47:07 ERROR datanode.DataNode: All directories in dfs.data.dir are invalid.
24/04/23 19:47:07 INFO wasp.WaspTestingUtility: Shutting down mini wasp cluster
24/04/23 19:47:07 INFO wasp.WaspTestingUtility: Minicluster is down
</system-err>
  </testcase>
  <testcase classname="Description" name="com.alibaba.wasp.plan.execute.TestExecutionEngine" time="1.037">
    <error type="java.lang.NullPointerException:">java.lang.NullPointerException: null
	at org.apache.hadoop.hdfs.MiniDFSCluster.startDataNodes(MiniDFSCluster.java:422)
	at org.apache.hadoop.hdfs.MiniDFSCluster.&lt;init&gt;(MiniDFSCluster.java:280)
	at org.apache.hadoop.hbase.HBaseTestingUtility.startMiniDFSCluster(HBaseTestingUtility.java:451)
	at org.apache.hadoop.hbase.HBaseTestingUtility.startMiniCluster(HBaseTestingUtility.java:619)
	at org.apache.hadoop.hbase.HBaseTestingUtility.startMiniCluster(HBaseTestingUtility.java:575)
	at com.alibaba.wasp.WaspTestingUtility.startMiniCluster(WaspTestingUtility.java:172)
	at com.alibaba.wasp.WaspTestingUtility.startMiniCluster(WaspTestingUtility.java:144)
	at com.alibaba.wasp.plan.execute.TestExecutionEngine.before(TestExecutionEngine.java:89)
</error>
    <system-out>Starting DataNode 0 with dfs.data.dir: /home/alex/Repositories/wasp/target/test-data/3263ec2d-90c5-4cdd-a9ca-eccea10d55de/dfscluster_f1d55dda-41aa-4e80-a20b-d159e72229b2/dfs/data/data1,/home/alex/Repositories/wasp/target/test-data/3263ec2d-90c5-4cdd-a9ca-eccea10d55de/dfscluster_f1d55dda-41aa-4e80-a20b-d159e72229b2/dfs/data/data2
</system-out>
    <system-err>24/04/23 19:47:07 INFO wasp.WaspTestingUtility: Starting up minicluster with 1 master(s) and 1 fserver(s) 
24/04/23 19:47:08 ERROR datanode.DataNode: All directories in dfs.data.dir are invalid.
24/04/23 19:47:08 INFO wasp.WaspTestingUtility: Shutting down mini wasp cluster
24/04/23 19:47:08 INFO server.SessionTrackerImpl: SessionTrackerImpl exited loop!
24/04/23 19:47:08 INFO server.SessionTrackerImpl: SessionTrackerImpl exited loop!
24/04/23 19:47:08 INFO wasp.WaspTestingUtility: Minicluster is down
</system-err>
  </testcase>
</testsuite>