<?xml version="1.0" encoding="UTF-8"?>
<testsuite xmlns:xsi="http://www.w3.org/2001/XMLSchema-instance" xsi:noNamespaceSchemaLocation="https://maven.apache.org/surefire/maven-surefire-plugin/xsd/surefire-test-report-3.0.xsd" version="3.0" name="org.apache.nifi.toolkit.tls.service.TlsCertificateAuthorityTest" time="1.63" tests="4" errors="0" skipped="0" failures="0">
  <properties>
    <property name="sun.desktop" value="gnome"/>
    <property name="awt.toolkit" value="sun.awt.X11.XToolkit"/>
    <property name="java.specification.version" value="1.8"/>
    <property name="nondexStart" value="0"/>
    <property name="file.encoding.pkg" value="sun.io"/>
    <property name="sun.cpu.isalist" value=""/>
    <property name="sun.jnu.encoding" value="UTF-8"/>
    <property name="java.class.path" value="/home/alex/Repositories/nifi/nifi-toolkit/nifi-toolkit-tls/target/test-classes:/home/alex/Repositories/nifi/nifi-toolkit/nifi-toolkit-tls/target/classes:/home/alex/Repositories/nifi/nifi-commons/nifi-properties/target/classes:/home/alex/Repositories/nifi/nifi-commons/nifi-property-utils/target/classes:/home/alex/Repositories/nifi/nifi-commons/nifi-security-utils/target/classes:/home/alex/Repositories/nifi/nifi-api/target/classes:/home/alex/Repositories/nifi/nifi-commons/nifi-utils/target/classes:/home/alex/Repositories/nifi/nifi-commons/nifi-security-utils-api/target/classes:/home/alex/Repositories/nifi/nifi-commons/nifi-security-kms/target/classes:/home/alex/.m2/repository/org/apache/commons/commons-lang3/3.12.0/commons-lang3-3.12.0.jar:/home/alex/.m2/repository/commons-codec/commons-codec/1.14/commons-codec-1.14.jar:/home/alex/.m2/repository/at/favre/lib/bcrypt/0.9.0/bcrypt-0.9.0.jar:/home/alex/.m2/repository/at/favre/lib/bytes/1.3.0/bytes-1.3.0.jar:/home/alex/.m2/repository/org/apache/commons/commons-configuration2/2.7/commons-configuration2-2.7.jar:/home/alex/.m2/repository/org/apache/commons/commons-text/1.8/commons-text-1.8.jar:/home/alex/.m2/repository/org/slf4j/slf4j-api/1.7.32/slf4j-api-1.7.32.jar:/home/alex/.m2/repository/org/bouncycastle/bcpkix-jdk15on/1.69/bcpkix-jdk15on-1.69.jar:/home/alex/.m2/repository/org/bouncycastle/bcutil-jdk15on/1.69/bcutil-jdk15on-1.69.jar:/home/alex/.m2/repository/org/bouncycastle/bcprov-jdk15on/1.69/bcprov-jdk15on-1.69.jar:/home/alex/.m2/repository/commons-cli/commons-cli/1.4/commons-cli-1.4.jar:/home/alex/.m2/repository/commons-io/commons-io/2.10.0/commons-io-2.10.0.jar:/home/alex/.m2/repository/org/eclipse/jetty/jetty-server/9.4.44.v20210927/jetty-server-9.4.44.v20210927.jar:/home/alex/.m2/repository/javax/servlet/javax.servlet-api/3.1.0/javax.servlet-api-3.1.0.jar:/home/alex/.m2/repository/org/eclipse/jetty/jetty-http/9.4.44.v20210927/jetty-http-9.4.44.v20210927.jar:/home/alex/.m2/repository/org/eclipse/jetty/jetty-util/9.4.44.v20210927/jetty-util-9.4.44.v20210927.jar:/home/alex/.m2/repository/org/eclipse/jetty/jetty-io/9.4.44.v20210927/jetty-io-9.4.44.v20210927.jar:/home/alex/.m2/repository/org/glassfish/jersey/core/jersey-client/2.33/jersey-client-2.33.jar:/home/alex/.m2/repository/jakarta/ws/rs/jakarta.ws.rs-api/2.1.6/jakarta.ws.rs-api-2.1.6.jar:/home/alex/.m2/repository/org/glassfish/jersey/core/jersey-common/2.33/jersey-common-2.33.jar:/home/alex/.m2/repository/jakarta/annotation/jakarta.annotation-api/1.3.5/jakarta.annotation-api-1.3.5.jar:/home/alex/.m2/repository/org/glassfish/hk2/osgi-resource-locator/1.0.3/osgi-resource-locator-1.0.3.jar:/home/alex/.m2/repository/org/glassfish/hk2/external/jakarta.inject/2.6.1/jakarta.inject-2.6.1.jar:/home/alex/.m2/repository/org/glassfish/jersey/inject/jersey-hk2/2.33/jersey-hk2-2.33.jar:/home/alex/.m2/repository/org/glassfish/hk2/hk2-locator/2.6.1/hk2-locator-2.6.1.jar:/home/alex/.m2/repository/org/glassfish/hk2/external/aopalliance-repackaged/2.6.1/aopalliance-repackaged-2.6.1.jar:/home/alex/.m2/repository/org/glassfish/hk2/hk2-api/2.6.1/hk2-api-2.6.1.jar:/home/alex/.m2/repository/org/glassfish/hk2/hk2-utils/2.6.1/hk2-utils-2.6.1.jar:/home/alex/.m2/repository/org/javassist/javassist/3.25.0-GA/javassist-3.25.0-GA.jar:/home/alex/.m2/repository/com/fasterxml/jackson/core/jackson-databind/2.12.3/jackson-databind-2.12.3.jar:/home/alex/.m2/repository/com/fasterxml/jackson/core/jackson-annotations/2.12.3/jackson-annotations-2.12.3.jar:/home/alex/.m2/repository/com/fasterxml/jackson/core/jackson-core/2.12.3/jackson-core-2.12.3.jar:/home/alex/.m2/repository/org/apache/httpcomponents/httpclient/4.5.5/httpclient-4.5.5.jar:/home/alex/.m2/repository/org/apache/httpcomponents/httpcore/4.4.9/httpcore-4.4.9.jar:/home/alex/.m2/repository/commons-logging/commons-logging/1.2/commons-logging-1.2.jar:/home/alex/.m2/repository/org/slf4j/slf4j-simple/1.7.32/slf4j-simple-1.7.32.jar:/home/alex/.m2/repository/org/junit/jupiter/junit-jupiter-api/5.7.2/junit-jupiter-api-5.7.2.jar:/home/alex/.m2/repository/org/apiguardian/apiguardian-api/1.1.0/apiguardian-api-1.1.0.jar:/home/alex/.m2/repository/org/opentest4j/opentest4j/1.2.0/opentest4j-1.2.0.jar:/home/alex/.m2/repository/org/junit/platform/junit-platform-commons/1.7.2/junit-platform-commons-1.7.2.jar:/home/alex/.m2/repository/org/junit/jupiter/junit-jupiter-engine/5.7.2/junit-jupiter-engine-5.7.2.jar:/home/alex/.m2/repository/org/junit/platform/junit-platform-engine/1.7.2/junit-platform-engine-1.7.2.jar:/home/alex/.m2/repository/org/junit/vintage/junit-vintage-engine/5.7.2/junit-vintage-engine-5.7.2.jar:/home/alex/.m2/repository/junit/junit/4.13.2/junit-4.13.2.jar:/home/alex/.m2/repository/org/hamcrest/hamcrest-core/1.3/hamcrest-core-1.3.jar:/home/alex/.m2/repository/org/junit/jupiter/junit-jupiter-params/5.7.2/junit-jupiter-params-5.7.2.jar:/home/alex/.m2/repository/org/mockito/mockito-core/3.11.2/mockito-core-3.11.2.jar:/home/alex/.m2/repository/net/bytebuddy/byte-buddy/1.11.3/byte-buddy-1.11.3.jar:/home/alex/.m2/repository/net/bytebuddy/byte-buddy-agent/1.11.3/byte-buddy-agent-1.11.3.jar:/home/alex/.m2/repository/org/objenesis/objenesis/3.2/objenesis-3.2.jar:/home/alex/.m2/repository/org/mockito/mockito-junit-jupiter/3.11.2/mockito-junit-jupiter-3.11.2.jar:/home/alex/.m2/repository/org/codehaus/groovy/groovy-test/2.5.14/groovy-test-2.5.14.jar:/home/alex/.m2/repository/org/codehaus/groovy/groovy/2.5.14/groovy-2.5.14.jar:"/>
    <property name="java.vm.vendor" value="Private Build"/>
    <property name="nondexPrintstack" value="false"/>
    <property name="sun.arch.data.model" value="64"/>
    <property name="java.vendor.url" value="http://java.oracle.com/"/>
    <property name="user.timezone" value="Europe/Lisbon"/>
    <property name="java.vm.specification.version" value="1.8"/>
    <property name="os.name" value="Linux"/>
    <property name="sun.java.launcher" value="SUN_STANDARD"/>
    <property name="user.country" value="US"/>
    <property name="sun.boot.library.path" value="/usr/lib/jvm/java-8-openjdk-amd64/jre/lib/amd64"/>
    <property name="nondexLogging" value="CONFIG"/>
    <property name="sun.java.command" value="/home/alex/Repositories/nifi/nifi-toolkit/nifi-toolkit-tls/target/surefire/surefirebooter5536663427413685552.jar /home/alex/Repositories/nifi/nifi-toolkit/nifi-toolkit-tls/target/surefire 2024-04-23T18-28-02_696-jvmRun1 surefire1441773026131282184tmp surefire_2074197990672649735397tmp"/>
    <property name="surefire.test.class.path" value="/home/alex/Repositories/nifi/nifi-toolkit/nifi-toolkit-tls/target/test-classes:/home/alex/Repositories/nifi/nifi-toolkit/nifi-toolkit-tls/target/classes:/home/alex/Repositories/nifi/nifi-commons/nifi-properties/target/classes:/home/alex/Repositories/nifi/nifi-commons/nifi-property-utils/target/classes:/home/alex/Repositories/nifi/nifi-commons/nifi-security-utils/target/classes:/home/alex/Repositories/nifi/nifi-api/target/classes:/home/alex/Repositories/nifi/nifi-commons/nifi-utils/target/classes:/home/alex/Repositories/nifi/nifi-commons/nifi-security-utils-api/target/classes:/home/alex/Repositories/nifi/nifi-commons/nifi-security-kms/target/classes:/home/alex/.m2/repository/org/apache/commons/commons-lang3/3.12.0/commons-lang3-3.12.0.jar:/home/alex/.m2/repository/commons-codec/commons-codec/1.14/commons-codec-1.14.jar:/home/alex/.m2/repository/at/favre/lib/bcrypt/0.9.0/bcrypt-0.9.0.jar:/home/alex/.m2/repository/at/favre/lib/bytes/1.3.0/bytes-1.3.0.jar:/home/alex/.m2/repository/org/apache/commons/commons-configuration2/2.7/commons-configuration2-2.7.jar:/home/alex/.m2/repository/org/apache/commons/commons-text/1.8/commons-text-1.8.jar:/home/alex/.m2/repository/org/slf4j/slf4j-api/1.7.32/slf4j-api-1.7.32.jar:/home/alex/.m2/repository/org/bouncycastle/bcpkix-jdk15on/1.69/bcpkix-jdk15on-1.69.jar:/home/alex/.m2/repository/org/bouncycastle/bcutil-jdk15on/1.69/bcutil-jdk15on-1.69.jar:/home/alex/.m2/repository/org/bouncycastle/bcprov-jdk15on/1.69/bcprov-jdk15on-1.69.jar:/home/alex/.m2/repository/commons-cli/commons-cli/1.4/commons-cli-1.4.jar:/home/alex/.m2/repository/commons-io/commons-io/2.10.0/commons-io-2.10.0.jar:/home/alex/.m2/repository/org/eclipse/jetty/jetty-server/9.4.44.v20210927/jetty-server-9.4.44.v20210927.jar:/home/alex/.m2/repository/javax/servlet/javax.servlet-api/3.1.0/javax.servlet-api-3.1.0.jar:/home/alex/.m2/repository/org/eclipse/jetty/jetty-http/9.4.44.v20210927/jetty-http-9.4.44.v20210927.jar:/home/alex/.m2/repository/org/eclipse/jetty/jetty-util/9.4.44.v20210927/jetty-util-9.4.44.v20210927.jar:/home/alex/.m2/repository/org/eclipse/jetty/jetty-io/9.4.44.v20210927/jetty-io-9.4.44.v20210927.jar:/home/alex/.m2/repository/org/glassfish/jersey/core/jersey-client/2.33/jersey-client-2.33.jar:/home/alex/.m2/repository/jakarta/ws/rs/jakarta.ws.rs-api/2.1.6/jakarta.ws.rs-api-2.1.6.jar:/home/alex/.m2/repository/org/glassfish/jersey/core/jersey-common/2.33/jersey-common-2.33.jar:/home/alex/.m2/repository/jakarta/annotation/jakarta.annotation-api/1.3.5/jakarta.annotation-api-1.3.5.jar:/home/alex/.m2/repository/org/glassfish/hk2/osgi-resource-locator/1.0.3/osgi-resource-locator-1.0.3.jar:/home/alex/.m2/repository/org/glassfish/hk2/external/jakarta.inject/2.6.1/jakarta.inject-2.6.1.jar:/home/alex/.m2/repository/org/glassfish/jersey/inject/jersey-hk2/2.33/jersey-hk2-2.33.jar:/home/alex/.m2/repository/org/glassfish/hk2/hk2-locator/2.6.1/hk2-locator-2.6.1.jar:/home/alex/.m2/repository/org/glassfish/hk2/external/aopalliance-repackaged/2.6.1/aopalliance-repackaged-2.6.1.jar:/home/alex/.m2/repository/org/glassfish/hk2/hk2-api/2.6.1/hk2-api-2.6.1.jar:/home/alex/.m2/repository/org/glassfish/hk2/hk2-utils/2.6.1/hk2-utils-2.6.1.jar:/home/alex/.m2/repository/org/javassist/javassist/3.25.0-GA/javassist-3.25.0-GA.jar:/home/alex/.m2/repository/com/fasterxml/jackson/core/jackson-databind/2.12.3/jackson-databind-2.12.3.jar:/home/alex/.m2/repository/com/fasterxml/jackson/core/jackson-annotations/2.12.3/jackson-annotations-2.12.3.jar:/home/alex/.m2/repository/com/fasterxml/jackson/core/jackson-core/2.12.3/jackson-core-2.12.3.jar:/home/alex/.m2/repository/org/apache/httpcomponents/httpclient/4.5.5/httpclient-4.5.5.jar:/home/alex/.m2/repository/org/apache/httpcomponents/httpcore/4.4.9/httpcore-4.4.9.jar:/home/alex/.m2/repository/commons-logging/commons-logging/1.2/commons-logging-1.2.jar:/home/alex/.m2/repository/org/slf4j/slf4j-simple/1.7.32/slf4j-simple-1.7.32.jar:/home/alex/.m2/repository/org/junit/jupiter/junit-jupiter-api/5.7.2/junit-jupiter-api-5.7.2.jar:/home/alex/.m2/repository/org/apiguardian/apiguardian-api/1.1.0/apiguardian-api-1.1.0.jar:/home/alex/.m2/repository/org/opentest4j/opentest4j/1.2.0/opentest4j-1.2.0.jar:/home/alex/.m2/repository/org/junit/platform/junit-platform-commons/1.7.2/junit-platform-commons-1.7.2.jar:/home/alex/.m2/repository/org/junit/jupiter/junit-jupiter-engine/5.7.2/junit-jupiter-engine-5.7.2.jar:/home/alex/.m2/repository/org/junit/platform/junit-platform-engine/1.7.2/junit-platform-engine-1.7.2.jar:/home/alex/.m2/repository/org/junit/vintage/junit-vintage-engine/5.7.2/junit-vintage-engine-5.7.2.jar:/home/alex/.m2/repository/junit/junit/4.13.2/junit-4.13.2.jar:/home/alex/.m2/repository/org/hamcrest/hamcrest-core/1.3/hamcrest-core-1.3.jar:/home/alex/.m2/repository/org/junit/jupiter/junit-jupiter-params/5.7.2/junit-jupiter-params-5.7.2.jar:/home/alex/.m2/repository/org/mockito/mockito-core/3.11.2/mockito-core-3.11.2.jar:/home/alex/.m2/repository/net/bytebuddy/byte-buddy/1.11.3/byte-buddy-1.11.3.jar:/home/alex/.m2/repository/net/bytebuddy/byte-buddy-agent/1.11.3/byte-buddy-agent-1.11.3.jar:/home/alex/.m2/repository/org/objenesis/objenesis/3.2/objenesis-3.2.jar:/home/alex/.m2/repository/org/mockito/mockito-junit-jupiter/3.11.2/mockito-junit-jupiter-3.11.2.jar:/home/alex/.m2/repository/org/codehaus/groovy/groovy-test/2.5.14/groovy-test-2.5.14.jar:/home/alex/.m2/repository/org/codehaus/groovy/groovy/2.5.14/groovy-2.5.14.jar:"/>
    <property name="nondexExecid" value="46c1+NYDxKKTA9S4wVa1TbqkwvNrW9FpNo2Knywuro="/>
    <property name="sun.cpu.endian" value="little"/>
    <property name="user.home" value="/home/alex"/>
    <property name="user.language" value="en"/>
    <property name="java.specification.vendor" value="Oracle Corporation"/>
    <property name="java.home" value="/usr/lib/jvm/java-8-openjdk-amd64/jre"/>
    <property name="file.separator" value="/"/>
    <property name="basedir" value="/home/alex/Repositories/nifi/nifi-toolkit/nifi-toolkit-tls"/>
    <property name="nondexEnd" value="9223372036854775807"/>
    <property name="line.separator" value="&#10;"/>
    <property name="java.specification.name" value="Java Platform API Specification"/>
    <property name="java.vm.specification.vendor" value="Oracle Corporation"/>
    <property name="java.awt.graphicsenv" value="sun.awt.X11GraphicsEnvironment"/>
    <property name="java.awt.headless" value="true"/>
    <property name="nondexFilter" value=".*"/>
    <property name="nondexSeed" value="1016066"/>
    <property name="surefire.real.class.path" value="/home/alex/Repositories/nifi/nifi-toolkit/nifi-toolkit-tls/target/surefire/surefirebooter5536663427413685552.jar"/>
    <property name="sun.boot.class.path" value="/home/alex/Repositories/nifi/nifi-toolkit/nifi-toolkit-tls/.nondex/nondex-instr.jar:/home/alex/.m2/repository/edu/illinois/nondex-common/2.1.7/nondex-common-2.1.7.jar:/home/alex/.m2/repository/edu/illinois/nondex-annotations/2.1.7/nondex-annotations-2.1.7.jar:/usr/lib/jvm/java-8-openjdk-amd64/jre/lib/resources.jar:/usr/lib/jvm/java-8-openjdk-amd64/jre/lib/rt.jar:/usr/lib/jvm/java-8-openjdk-amd64/jre/lib/sunrsasign.jar:/usr/lib/jvm/java-8-openjdk-amd64/jre/lib/jsse.jar:/usr/lib/jvm/java-8-openjdk-amd64/jre/lib/jce.jar:/usr/lib/jvm/java-8-openjdk-amd64/jre/lib/charsets.jar:/usr/lib/jvm/java-8-openjdk-amd64/jre/lib/jfr.jar:/usr/lib/jvm/java-8-openjdk-amd64/jre/classes"/>
    <property name="sun.management.compiler" value="HotSpot 64-Bit Tiered Compilers"/>
    <property name="java.runtime.version" value="1.8.0_402-8u402-ga-2ubuntu1~22.04-b06"/>
    <property name="java.net.preferIPv4Stack" value="true"/>
    <property name="user.name" value="alex"/>
    <property name="path.separator" value=":"/>
    <property name="os.version" value="6.5.0-28-generic"/>
    <property name="java.endorsed.dirs" value="/usr/lib/jvm/java-8-openjdk-amd64/jre/lib/endorsed"/>
    <property name="java.runtime.name" value="OpenJDK Runtime Environment"/>
    <property name="file.encoding" value="UTF-8"/>
    <property name="java.vm.name" value="OpenJDK 64-Bit Server VM"/>
    <property name="localRepository" value="/home/alex/.m2/repository"/>
    <property name="nondexDir" value="/home/alex/Repositories/nifi/nifi-toolkit/nifi-toolkit-tls/.nondex"/>
    <property name="nondexJarDir" value="/home/alex/Repositories/nifi/nifi-toolkit/nifi-toolkit-tls/.nondex"/>
    <property name="java.vendor.url.bug" value="http://bugreport.sun.com/bugreport/"/>
    <property name="jetty.git.hash" value="8da83308eeca865e495e53ef315a249d63ba9332"/>
    <property name="java.io.tmpdir" value="/tmp"/>
    <property name="java.version" value="1.8.0_402"/>
    <property name="user.dir" value="/home/alex/Repositories/nifi/nifi-toolkit/nifi-toolkit-tls"/>
    <property name="os.arch" value="amd64"/>
    <property name="nondexMode" value="FULL"/>
    <property name="java.vm.specification.name" value="Java Virtual Machine Specification"/>
    <property name="java.awt.printerjob" value="sun.print.PSPrinterJob"/>
    <property name="sun.os.patch.level" value="unknown"/>
    <property name="java.library.path" value="/usr/java/packages/lib/amd64:/usr/lib/x86_64-linux-gnu/jni:/lib/x86_64-linux-gnu:/usr/lib/x86_64-linux-gnu:/usr/lib/jni:/lib:/usr/lib"/>
    <property name="java.vendor" value="Private Build"/>
    <property name="java.vm.info" value="mixed mode"/>
    <property name="java.vm.version" value="25.402-b06"/>
    <property name="java.specification.maintenance.version" value="5"/>
    <property name="sun.io.unicode.encoding" value="UnicodeLittle"/>
    <property name="java.ext.dirs" value="/usr/lib/jvm/java-8-openjdk-amd64/jre/lib/ext:/usr/java/packages/lib/ext"/>
    <property name="java.class.version" value="52.0"/>
  </properties>
  <testcase name="testClientPkcs12" classname="org.apache.nifi.toolkit.tls.service.TlsCertificateAuthorityTest" time="1.022">
    <system-err><![CDATA[[main] INFO org.eclipse.jetty.util.log - Logging initialized @12349ms to org.eclipse.jetty.util.log.Slf4jLog
[main] INFO org.eclipse.jetty.server.Server - jetty-9.4.44.v20210927; built: 2021-09-27T23:02:44.612Z; git: 8da83308eeca865e495e53ef315a249d63ba9332; jvm 1.8.0_402-8u402-ga-2ubuntu1~22.04-b06
[main] INFO org.eclipse.jetty.server.AbstractConnector - Started ServerConnector@254449bb{SSL, (ssl, http/1.1)}{0.0.0.0:42741}
[main] INFO org.eclipse.jetty.server.Server - Started @12427ms
[main] INFO org.apache.nifi.toolkit.tls.service.client.TlsCertificateAuthorityClient - Requesting new certificate from localhost:42741
[main] INFO org.apache.nifi.toolkit.tls.service.client.TlsCertificateSigningRequestPerformer - Requesting certificate with dn CN=otherHostname,OU=NIFI from localhost:42741
[qtp895259838-22] INFO org.apache.nifi.toolkit.tls.service.server.TlsCertificateAuthorityServiceHandler - Received CSR with DN CN=otherHostname,OU=NIFI
[qtp895259838-22] INFO org.apache.nifi.toolkit.tls.service.server.TlsCertificateAuthorityServiceHandler - Returning code:200 payload {"error":null,"hmac":"s6fHzpsmtoGreQEQPWDiLiFDCKgxF4CpkEVbddW9IEk=","pemEncodedCertificate":"-----BEGIN CERTIFICATE-----\nMIIDdzCCAl+gAwIBAgIKAY8MDs74AAAAADANBgkqhkiG9w0BAQsFADAjMQ0wCwYD\nVQQLDAROSUZJMRIwEAYDVQQDDAlsb2NhbGhvc3QwHhcNMjQwNDIzMTc0NDA4WhcN\nMjQwNDI4MTc0NDA4WjAnMQ0wCwYDVQQLDAROSUZJMRYwFAYDVQQDDA1vdGhlckhv\nc3RuYW1lMIIBIjANBgkqhkiG9w0BAQEFAAOCAQ8AMIIBCgKCAQEAw4q06NzZGXZq\nPxLpY42NRsJjYF5Uc7sBls191wF7owqTFjkSYe9fQr1uy+4wnlZRUWZvltwMvnNK\nREG36KgMKwOcxmMAbW0VhesvPtaxLCmbZGnXsYdwcBNDWEAMSG2Nc/IaVLJxe6ik\nuPFUqUSbNN94dW4sO1m/vsMp36VqQRaoOWuEqAIEqaykamBbbxXEDr8BoIGifCc9\nYQWEjhLIai57tSUaKwFoKWQkslNimGDOd4hKrhlAwPQqUVCB0gDt+ifzJdVZG7ps\nzXoyk8VUK3O9wO/JHaLsqCvWKziS/PEeKcVkRXo1l3aitIEElWSyZLt1lF0OHz+Y\no7W7YciZcwIDAQABo4GoMIGlMB0GA1UdDgQWBBSpQf30Sp2ZG0bMTg3OzGMj4/zV\ngzAfBgNVHSMEGDAWgBToOSTA6zgN/5AXJxvk2ro24RpmkzAOBgNVHQ8BAf8EBAMC\nA/gwCQYDVR0TBAIwADAdBgNVHSUEFjAUBggrBgEFBQcDAgYIKwYBBQUHAwEwKQYD\nVR0RBCIwIIINb3RoZXJIb3N0bmFtZYIPbmlmaS5hcGFjaGUub3JnMA0GCSqGSIb3\nDQEBCwUAA4IBAQBKUET2iwESdUjLa3UE+Nw9ECz4v6M6STIStJAZdHB36yYzOIWJ\nyTeDkgn9KonFTgl3xO5CrC3HN8KIrLBi4SVg0OTwOMO1J4icD2SMqIipKBYFQjTE\nN/QivQHi/kwjPB2jjLMEoeD2lwhyjQGgvJkDv2kARSlyRlpardJo/c/I26kldPA6\nltiBnN3rg/y4YfyTtkCFAI0zK32FEruNHXHF23QvPyQjeNHVXyz7dknG70083An0\nOTJUdbYzkql/Y1fVVGkLdAADDyOLzuEU0682sfYD4Vs/r4QySMUKMN7IIvgsYn6b\naFbMoM6ptHJQvHuPAze17VNkW5mTvX5ZMBLt\n-----END CERTIFICATE-----\n"} to 127.0.0.1
[main] INFO org.apache.nifi.toolkit.tls.service.client.TlsCertificateSigningRequestPerformer - Got certificate with dn CN=otherHostname, OU=NIFI
[main] INFO org.eclipse.jetty.server.AbstractConnector - Stopped ServerConnector@254449bb{SSL, (ssl, http/1.1)}{0.0.0.0:42741}
]]></system-err>
  </testcase>
  <testcase name="testTokenMismatch" classname="org.apache.nifi.toolkit.tls.service.TlsCertificateAuthorityTest" time="0.346">
    <system-err><![CDATA[[main] INFO org.eclipse.jetty.server.Server - jetty-9.4.44.v20210927; built: 2021-09-27T23:02:44.612Z; git: 8da83308eeca865e495e53ef315a249d63ba9332; jvm 1.8.0_402-8u402-ga-2ubuntu1~22.04-b06
[main] INFO org.eclipse.jetty.server.AbstractConnector - Started ServerConnector@59939293{SSL, (ssl, http/1.1)}{0.0.0.0:45941}
[main] INFO org.eclipse.jetty.server.Server - Started @13290ms
[main] INFO org.apache.nifi.toolkit.tls.service.client.TlsCertificateAuthorityClient - Requesting new certificate from localhost:45941
[main] INFO org.apache.nifi.toolkit.tls.service.client.TlsCertificateSigningRequestPerformer - Requesting certificate with dn CN=otherHostname,OU=NIFI from localhost:45941
[qtp1706027885-30] INFO org.apache.nifi.toolkit.tls.service.server.TlsCertificateAuthorityServiceHandler - Returning code:403 payload {"error":"forbidden","hmac":null,"pemEncodedCertificate":null} to 127.0.0.1
[main] INFO org.eclipse.jetty.server.AbstractConnector - Stopped ServerConnector@59939293{SSL, (ssl, http/1.1)}{0.0.0.0:45941}
]]></system-err>
  </testcase>
  <testcase name="testClientGetCertSamePasswordsForKeyAndKeyStore" classname="org.apache.nifi.toolkit.tls.service.TlsCertificateAuthorityTest" time="0.125">
    <system-err><![CDATA[[main] INFO org.eclipse.jetty.server.Server - jetty-9.4.44.v20210927; built: 2021-09-27T23:02:44.612Z; git: 8da83308eeca865e495e53ef315a249d63ba9332; jvm 1.8.0_402-8u402-ga-2ubuntu1~22.04-b06
[main] INFO org.eclipse.jetty.server.AbstractConnector - Started ServerConnector@2e7bf7b7{SSL, (ssl, http/1.1)}{0.0.0.0:46147}
[main] INFO org.eclipse.jetty.server.Server - Started @13510ms
[main] INFO org.apache.nifi.toolkit.tls.service.client.TlsCertificateAuthorityClient - Requesting new certificate from localhost:46147
[main] INFO org.apache.nifi.toolkit.tls.service.client.TlsCertificateSigningRequestPerformer - Requesting certificate with dn CN=otherHostname,OU=NIFI from localhost:46147
[qtp1474155611-40] INFO org.apache.nifi.toolkit.tls.service.server.TlsCertificateAuthorityServiceHandler - Received CSR with DN CN=otherHostname,OU=NIFI
[qtp1474155611-40] INFO org.apache.nifi.toolkit.tls.service.server.TlsCertificateAuthorityServiceHandler - Returning code:200 payload {"hmac":"F7mNUcPZeM8JqG4aFozvh3PSjiigHdaeVI4BwWGplSE=","error":null,"pemEncodedCertificate":"-----BEGIN CERTIFICATE-----\nMIIDdzCCAl+gAwIBAgIKAY8MDtIzAAAAADANBgkqhkiG9w0BAQsFADAjMQ0wCwYD\nVQQLDAROSUZJMRIwEAYDVQQDDAlsb2NhbGhvc3QwHhcNMjQwNDIzMTc0NDA5WhcN\nMjQwNDI4MTc0NDA5WjAnMQ0wCwYDVQQLDAROSUZJMRYwFAYDVQQDDA1vdGhlckhv\nc3RuYW1lMIIBIjANBgkqhkiG9w0BAQEFAAOCAQ8AMIIBCgKCAQEAq58uHoDywAzX\nmcfY4Y9Z5W/rlMiTYLhc4sDndTUZOQ/8pD5tgaUc5G+ENwjRLou2GLyl6KcG4EdD\n5gHTox+tLyeRZ5xKPAixL4+jelFzbjbz23iIDOxeAXvdMWlLoQYZvcdMeL2tiMP0\nJ1PsqAhVlsCqeEmlYoULZwecrt9aDAZxVMdhELYNnbL9M5YK0C2RULByihnLlG57\nl4m5SjK41h/o80l7g196Lc9aVzMTYN9J4sD3PZeIJ1uXfzG7oyGtzH3XBAjfMfRA\nO1pNkH2upSlQz5Ms9ZSRQwntPlmeeTlLL63MxdPbH75S/NmTV+8DaiawDSmxCnxq\n/IKeAHOZ0QIDAQABo4GoMIGlMB0GA1UdDgQWBBT4Zhmp0GcaghlsJCJTJWb9lQmU\n2zAfBgNVHSMEGDAWgBStsHy9Nv6ZpBvCEPsRShe4Qdm5bjAOBgNVHQ8BAf8EBAMC\nA/gwCQYDVR0TBAIwADAdBgNVHSUEFjAUBggrBgEFBQcDAgYIKwYBBQUHAwEwKQYD\nVR0RBCIwIIINb3RoZXJIb3N0bmFtZYIPbmlmaS5hcGFjaGUub3JnMA0GCSqGSIb3\nDQEBCwUAA4IBAQBWC7hT3DNeLu4dI+W80yCgRlXt2Fn/ur7LwdDdanzwrqKdBETy\ntiae9alDlRV56S2/PUEm6eiiaN3PY8NwCZ/TxKj5uKVGBa5J8TFKSpN0GwHaTED5\nj4bXA66J8AM3b67OR3C67uHTQmIb9OryC8vwlKumahHAm5Kk7EtG/TsPzdXgf/3r\nIWFD9S7Z54VMwwdzNSnHdw5vz3iqMOQeYNKQoo7e5Yu9a4J+kGACRPMhiG0bhf8+\nxjW2SX3OWz7kxhf79Z/6y4sV5Ut9N6Fv+W3s1APY0D+2XkJ+Kx9kNoohmU9JtzgB\nHi6buv5Gdkt7g5/wrGYt6ffnaaQLaqCTdD+W\n-----END CERTIFICATE-----\n"} to 127.0.0.1
[main] INFO org.apache.nifi.toolkit.tls.service.client.TlsCertificateSigningRequestPerformer - Got certificate with dn CN=otherHostname, OU=NIFI
[main] INFO org.eclipse.jetty.server.AbstractConnector - Stopped ServerConnector@2e7bf7b7{SSL, (ssl, http/1.1)}{0.0.0.0:46147}
]]></system-err>
  </testcase>
  <testcase name="testClientGetCertDifferentPasswordsForKeyAndKeyStore" classname="org.apache.nifi.toolkit.tls.service.TlsCertificateAuthorityTest" time="0.137">
    <system-err><![CDATA[[main] INFO org.eclipse.jetty.server.Server - jetty-9.4.44.v20210927; built: 2021-09-27T23:02:44.612Z; git: 8da83308eeca865e495e53ef315a249d63ba9332; jvm 1.8.0_402-8u402-ga-2ubuntu1~22.04-b06
[main] INFO org.eclipse.jetty.server.AbstractConnector - Started ServerConnector@4116f66a{SSL, (ssl, http/1.1)}{0.0.0.0:41607}
[main] INFO org.eclipse.jetty.server.Server - Started @13637ms
[main] INFO org.apache.nifi.toolkit.tls.service.client.TlsCertificateAuthorityClient - Requesting new certificate from localhost:41607
[main] INFO org.apache.nifi.toolkit.tls.service.client.TlsCertificateSigningRequestPerformer - Requesting certificate with dn CN=otherHostname,OU=NIFI from localhost:41607
[qtp581770158-49] INFO org.apache.nifi.toolkit.tls.service.server.TlsCertificateAuthorityServiceHandler - Received CSR with DN CN=otherHostname,OU=NIFI
[qtp581770158-49] INFO org.apache.nifi.toolkit.tls.service.server.TlsCertificateAuthorityServiceHandler - Returning code:200 payload {"hmac":"RYS7rN0yUik1L7ySX6Z+KJptjjcLk+42Eq3WtNHvxBk=","error":null,"pemEncodedCertificate":"-----BEGIN CERTIFICATE-----\nMIIDdzCCAl+gAwIBAgIKAY8MDtK3AAAAADANBgkqhkiG9w0BAQsFADAjMQ0wCwYD\nVQQLDAROSUZJMRIwEAYDVQQDDAlsb2NhbGhvc3QwHhcNMjQwNDIzMTc0NDA5WhcN\nMjQwNDI4MTc0NDA5WjAnMQ0wCwYDVQQLDAROSUZJMRYwFAYDVQQDDA1vdGhlckhv\nc3RuYW1lMIIBIjANBgkqhkiG9w0BAQEFAAOCAQ8AMIIBCgKCAQEAmV6vvFMVXVzr\n1t2MprEkC38oEE4m1bFvYgIaETDtOMtc6lbuaIKiLXCwLxM8iy092V8weC+uV9s7\n1xt4fL1KtFtU7EATDY2OTsl7dU6/CQ6RzD9WM2wog+sJd049ZXlqCwtgtM0KhJrN\ndliWVqas1W66UvwOmdVQ8BMRFGqfLIuHx1lSTaeFT4mjpasRPPvv+bNMuyPpudLb\nO1R4NG+12LC1HYuKjziRH96AmOCdlm/fhr8VLXdrplK1J9paea/kfCWaOm6Wn+FT\nxWfgutffx3p011MWthVjjFr32fOCsiMY1hBGeMYXYw3bsaprkDDxLdZTMckwY8nZ\nUrBN3qc9UwIDAQABo4GoMIGlMB0GA1UdDgQWBBThVGp1wE9mtpCqhconNqrrVcOU\nzTAfBgNVHSMEGDAWgBR/LiCiVlUqqEr5wvm6kE6vdIRHPjAOBgNVHQ8BAf8EBAMC\nA/gwCQYDVR0TBAIwADAdBgNVHSUEFjAUBggrBgEFBQcDAgYIKwYBBQUHAwEwKQYD\nVR0RBCIwIIINb3RoZXJIb3N0bmFtZYIPbmlmaS5hcGFjaGUub3JnMA0GCSqGSIb3\nDQEBCwUAA4IBAQCP7Cr+i2/KZFmlzZWaOca7SRKJFs5MKUQj0NOxGKuQIzGTeRkN\n74tFVkvej49jRm1nnSKQlAve745NNLdH54of+4kZZq7396CBtgqLUxiPOKR+3erK\nepj6xg8He/KlWppUy83HwRmRnCmGfhRmqh5nxAEiZ1DRZ+RhwEH4DR8s6Mg9bemM\novOb3BTyq0FoePy57LrA3Yw+EOF+A9wYneg9owfakDmNObo6ZC0n+9FYMtOTIeg+\nRdk+Bo2XTxhqtiCGBjF0B+MHg3B1cnN3zHo/eBagDK5L/7txYdWC5r/n4wOKR1xd\nPdTdyJu033U4eoEcQbPijXH7S4IL7sIK8Xjh\n-----END CERTIFICATE-----\n"} to 127.0.0.1
[main] INFO org.apache.nifi.toolkit.tls.service.client.TlsCertificateSigningRequestPerformer - Got certificate with dn CN=otherHostname, OU=NIFI
[main] INFO org.eclipse.jetty.server.AbstractConnector - Stopped ServerConnector@4116f66a{SSL, (ssl, http/1.1)}{0.0.0.0:41607}
]]></system-err>
  </testcase>
</testsuite>