<?xml version="1.0" encoding="UTF-8"?>
<testsuite xmlns:xsi="http://www.w3.org/2001/XMLSchema-instance" xsi:noNamespaceSchemaLocation="https://maven.apache.org/surefire/maven-surefire-plugin/xsd/surefire-test-report-3.0.xsd" version="3.0" name="org.apache.nifi.wali.TestSequentialAccessWriteAheadLog" time="4.111" tests="7" errors="0" skipped="1" failures="0">
  <properties>
    <property name="sun.desktop" value="gnome"/>
    <property name="awt.toolkit" value="sun.awt.X11.XToolkit"/>
    <property name="java.specification.version" value="1.8"/>
    <property name="nondexStart" value="0"/>
    <property name="file.encoding.pkg" value="sun.io"/>
    <property name="sun.cpu.isalist" value=""/>
    <property name="sun.jnu.encoding" value="UTF-8"/>
    <property name="java.class.path" value="/home/alex/Repositories/nifi/nifi-commons/nifi-write-ahead-log/target/test-classes:/home/alex/Repositories/nifi/nifi-commons/nifi-write-ahead-log/target/classes:/home/alex/.m2/repository/org/slf4j/slf4j-api/1.7.32/slf4j-api-1.7.32.jar:/home/alex/Repositories/nifi/nifi-commons/nifi-utils/target/classes:/home/alex/Repositories/nifi/nifi-api/target/classes:/home/alex/.m2/repository/org/junit/jupiter/junit-jupiter-api/5.7.2/junit-jupiter-api-5.7.2.jar:/home/alex/.m2/repository/org/apiguardian/apiguardian-api/1.1.0/apiguardian-api-1.1.0.jar:/home/alex/.m2/repository/org/opentest4j/opentest4j/1.2.0/opentest4j-1.2.0.jar:/home/alex/.m2/repository/org/junit/platform/junit-platform-commons/1.7.2/junit-platform-commons-1.7.2.jar:/home/alex/.m2/repository/org/junit/jupiter/junit-jupiter-engine/5.7.2/junit-jupiter-engine-5.7.2.jar:/home/alex/.m2/repository/org/junit/platform/junit-platform-engine/1.7.2/junit-platform-engine-1.7.2.jar:/home/alex/.m2/repository/org/junit/vintage/junit-vintage-engine/5.7.2/junit-vintage-engine-5.7.2.jar:/home/alex/.m2/repository/junit/junit/4.13.2/junit-4.13.2.jar:/home/alex/.m2/repository/org/hamcrest/hamcrest-core/1.3/hamcrest-core-1.3.jar:/home/alex/.m2/repository/org/junit/jupiter/junit-jupiter-params/5.7.2/junit-jupiter-params-5.7.2.jar:/home/alex/.m2/repository/org/mockito/mockito-core/3.11.2/mockito-core-3.11.2.jar:/home/alex/.m2/repository/net/bytebuddy/byte-buddy/1.11.3/byte-buddy-1.11.3.jar:/home/alex/.m2/repository/net/bytebuddy/byte-buddy-agent/1.11.3/byte-buddy-agent-1.11.3.jar:/home/alex/.m2/repository/org/objenesis/objenesis/3.2/objenesis-3.2.jar:/home/alex/.m2/repository/org/mockito/mockito-junit-jupiter/3.11.2/mockito-junit-jupiter-3.11.2.jar:/home/alex/.m2/repository/org/slf4j/slf4j-simple/1.7.32/slf4j-simple-1.7.32.jar:/home/alex/.m2/repository/org/codehaus/groovy/groovy-test/2.5.14/groovy-test-2.5.14.jar:/home/alex/.m2/repository/org/codehaus/groovy/groovy/2.5.14/groovy-2.5.14.jar:"/>
    <property name="java.vm.vendor" value="Private Build"/>
    <property name="nondexPrintstack" value="false"/>
    <property name="sun.arch.data.model" value="64"/>
    <property name="java.vendor.url" value="http://java.oracle.com/"/>
    <property name="user.timezone" value=""/>
    <property name="java.vm.specification.version" value="1.8"/>
    <property name="os.name" value="Linux"/>
    <property name="sun.java.launcher" value="SUN_STANDARD"/>
    <property name="user.country" value="US"/>
    <property name="sun.boot.library.path" value="/usr/lib/jvm/java-8-openjdk-amd64/jre/lib/amd64"/>
    <property name="nondexLogging" value="CONFIG"/>
    <property name="sun.java.command" value="/home/alex/Repositories/nifi/nifi-commons/nifi-write-ahead-log/target/surefire/surefirebooter4091014843319242003.jar /home/alex/Repositories/nifi/nifi-commons/nifi-write-ahead-log/target/surefire 2024-04-23T18-28-02_696-jvmRun1 surefire8431421459399112520tmp surefire_1099199281082275128202tmp"/>
    <property name="surefire.test.class.path" value="/home/alex/Repositories/nifi/nifi-commons/nifi-write-ahead-log/target/test-classes:/home/alex/Repositories/nifi/nifi-commons/nifi-write-ahead-log/target/classes:/home/alex/.m2/repository/org/slf4j/slf4j-api/1.7.32/slf4j-api-1.7.32.jar:/home/alex/Repositories/nifi/nifi-commons/nifi-utils/target/classes:/home/alex/Repositories/nifi/nifi-api/target/classes:/home/alex/.m2/repository/org/junit/jupiter/junit-jupiter-api/5.7.2/junit-jupiter-api-5.7.2.jar:/home/alex/.m2/repository/org/apiguardian/apiguardian-api/1.1.0/apiguardian-api-1.1.0.jar:/home/alex/.m2/repository/org/opentest4j/opentest4j/1.2.0/opentest4j-1.2.0.jar:/home/alex/.m2/repository/org/junit/platform/junit-platform-commons/1.7.2/junit-platform-commons-1.7.2.jar:/home/alex/.m2/repository/org/junit/jupiter/junit-jupiter-engine/5.7.2/junit-jupiter-engine-5.7.2.jar:/home/alex/.m2/repository/org/junit/platform/junit-platform-engine/1.7.2/junit-platform-engine-1.7.2.jar:/home/alex/.m2/repository/org/junit/vintage/junit-vintage-engine/5.7.2/junit-vintage-engine-5.7.2.jar:/home/alex/.m2/repository/junit/junit/4.13.2/junit-4.13.2.jar:/home/alex/.m2/repository/org/hamcrest/hamcrest-core/1.3/hamcrest-core-1.3.jar:/home/alex/.m2/repository/org/junit/jupiter/junit-jupiter-params/5.7.2/junit-jupiter-params-5.7.2.jar:/home/alex/.m2/repository/org/mockito/mockito-core/3.11.2/mockito-core-3.11.2.jar:/home/alex/.m2/repository/net/bytebuddy/byte-buddy/1.11.3/byte-buddy-1.11.3.jar:/home/alex/.m2/repository/net/bytebuddy/byte-buddy-agent/1.11.3/byte-buddy-agent-1.11.3.jar:/home/alex/.m2/repository/org/objenesis/objenesis/3.2/objenesis-3.2.jar:/home/alex/.m2/repository/org/mockito/mockito-junit-jupiter/3.11.2/mockito-junit-jupiter-3.11.2.jar:/home/alex/.m2/repository/org/slf4j/slf4j-simple/1.7.32/slf4j-simple-1.7.32.jar:/home/alex/.m2/repository/org/codehaus/groovy/groovy-test/2.5.14/groovy-test-2.5.14.jar:/home/alex/.m2/repository/org/codehaus/groovy/groovy/2.5.14/groovy-2.5.14.jar:"/>
    <property name="nondexExecid" value="8w9r+xQJHRQRWEMTaoB2Zduf2ph+xZNkG3ZTpXx+Wc="/>
    <property name="sun.cpu.endian" value="little"/>
    <property name="user.home" value="/home/alex"/>
    <property name="user.language" value="en"/>
    <property name="java.specification.vendor" value="Oracle Corporation"/>
    <property name="java.home" value="/usr/lib/jvm/java-8-openjdk-amd64/jre"/>
    <property name="file.separator" value="/"/>
    <property name="basedir" value="/home/alex/Repositories/nifi/nifi-commons/nifi-write-ahead-log"/>
    <property name="nondexEnd" value="9223372036854775807"/>
    <property name="line.separator" value="&#10;"/>
    <property name="java.specification.name" value="Java Platform API Specification"/>
    <property name="java.vm.specification.vendor" value="Oracle Corporation"/>
    <property name="java.awt.graphicsenv" value="sun.awt.X11GraphicsEnvironment"/>
    <property name="java.awt.headless" value="true"/>
    <property name="nondexFilter" value=".*"/>
    <property name="nondexSeed" value="933178"/>
    <property name="surefire.real.class.path" value="/home/alex/Repositories/nifi/nifi-commons/nifi-write-ahead-log/target/surefire/surefirebooter4091014843319242003.jar"/>
    <property name="sun.boot.class.path" value="/home/alex/Repositories/nifi/nifi-commons/nifi-write-ahead-log/.nondex/nondex-instr.jar:/home/alex/.m2/repository/edu/illinois/nondex-common/2.1.7/nondex-common-2.1.7.jar:/home/alex/.m2/repository/edu/illinois/nondex-annotations/2.1.7/nondex-annotations-2.1.7.jar:/usr/lib/jvm/java-8-openjdk-amd64/jre/lib/resources.jar:/usr/lib/jvm/java-8-openjdk-amd64/jre/lib/rt.jar:/usr/lib/jvm/java-8-openjdk-amd64/jre/lib/sunrsasign.jar:/usr/lib/jvm/java-8-openjdk-amd64/jre/lib/jsse.jar:/usr/lib/jvm/java-8-openjdk-amd64/jre/lib/jce.jar:/usr/lib/jvm/java-8-openjdk-amd64/jre/lib/charsets.jar:/usr/lib/jvm/java-8-openjdk-amd64/jre/lib/jfr.jar:/usr/lib/jvm/java-8-openjdk-amd64/jre/classes"/>
    <property name="sun.management.compiler" value="HotSpot 64-Bit Tiered Compilers"/>
    <property name="java.runtime.version" value="1.8.0_402-8u402-ga-2ubuntu1~22.04-b06"/>
    <property name="java.net.preferIPv4Stack" value="true"/>
    <property name="user.name" value="alex"/>
    <property name="path.separator" value=":"/>
    <property name="os.version" value="6.5.0-28-generic"/>
    <property name="java.endorsed.dirs" value="/usr/lib/jvm/java-8-openjdk-amd64/jre/lib/endorsed"/>
    <property name="java.runtime.name" value="OpenJDK Runtime Environment"/>
    <property name="file.encoding" value="UTF-8"/>
    <property name="java.vm.name" value="OpenJDK 64-Bit Server VM"/>
    <property name="localRepository" value="/home/alex/.m2/repository"/>
    <property name="nondexDir" value="/home/alex/Repositories/nifi/nifi-commons/nifi-write-ahead-log/.nondex"/>
    <property name="nondexJarDir" value="/home/alex/Repositories/nifi/nifi-commons/nifi-write-ahead-log/.nondex"/>
    <property name="java.vendor.url.bug" value="http://bugreport.sun.com/bugreport/"/>
    <property name="java.io.tmpdir" value="/tmp"/>
    <property name="java.version" value="1.8.0_402"/>
    <property name="user.dir" value="/home/alex/Repositories/nifi/nifi-commons/nifi-write-ahead-log"/>
    <property name="os.arch" value="amd64"/>
    <property name="nondexMode" value="FULL"/>
    <property name="java.vm.specification.name" value="Java Virtual Machine Specification"/>
    <property name="java.awt.printerjob" value="sun.print.PSPrinterJob"/>
    <property name="sun.os.patch.level" value="unknown"/>
    <property name="java.library.path" value="/usr/java/packages/lib/amd64:/usr/lib/x86_64-linux-gnu/jni:/lib/x86_64-linux-gnu:/usr/lib/x86_64-linux-gnu:/usr/lib/jni:/lib:/usr/lib"/>
    <property name="java.vendor" value="Private Build"/>
    <property name="java.vm.info" value="mixed mode"/>
    <property name="java.vm.version" value="25.402-b06"/>
    <property name="java.specification.maintenance.version" value="5"/>
    <property name="sun.io.unicode.encoding" value="UnicodeLittle"/>
    <property name="java.ext.dirs" value="/usr/lib/jvm/java-8-openjdk-amd64/jre/lib/ext:/usr/java/packages/lib/ext"/>
    <property name="java.class.version" value="52.0"/>
  </properties>
  <testcase name="testUpdateThenRecover(TestInfo)" classname="org.apache.nifi.wali.TestSequentialAccessWriteAheadLog" time="0.058">
    <system-err><![CDATA[[main] INFO org.apache.nifi.wali.SequentialAccessWriteAheadLog - Recovering records from Write-Ahead Log at target/testUpdateThenRecover
[main] INFO org.apache.nifi.wali.SequentialAccessWriteAheadLog - No Snapshot File to recover from at target/testUpdateThenRecover. Now recovering records from 0 journal files
[main] INFO org.apache.nifi.wali.SequentialAccessWriteAheadLog - Successfully recovered 0 records in 0 milliseconds. Now checkpointing to ensure that Write-Ahead Log is in a consistent state
[main] INFO org.apache.nifi.wali.SequentialAccessWriteAheadLog - Checkpointed Write-Ahead Log with 0 Records and 0 Swap Files in 5 milliseconds (Stop-the-world time = 2 milliseconds), max Transaction ID -1
[main] INFO org.apache.nifi.wali.SequentialAccessWriteAheadLog - Checkpointed Write-Ahead Log with 9 Records and 0 Swap Files in 3 milliseconds (Stop-the-world time = 1 milliseconds), max Transaction ID 4
[main] INFO org.apache.nifi.wali.SequentialAccessWriteAheadLog - Recovering records from Write-Ahead Log at target/testUpdateThenRecover
[main] INFO org.apache.nifi.wali.HashMapSnapshot - org.apache.nifi.wali.HashMapSnapshot@2a32de6c restored 9 Records and 0 Swap Files from Snapshot, ending with Transaction ID 4
[main] INFO org.apache.nifi.wali.SequentialAccessWriteAheadLog - Successfully recovered 9 records and 0 swap files from Snapshot at target/testUpdateThenRecover/checkpoint with Max Transaction ID of 4 in 0 milliseconds. Now recovering records from 1 journal files
[main] INFO org.apache.nifi.wali.LengthDelimitedJournal - Recovering records from journal target/testUpdateThenRecover/journals/5.journal
[main] INFO org.apache.nifi.wali.LengthDelimitedJournal - Successfully recovered 6 updates from journal target/testUpdateThenRecover/journals/5.journal
[main] INFO org.apache.nifi.wali.SequentialAccessWriteAheadLog - Successfully recovered 8 records in 2 milliseconds. Now checkpointing to ensure that Write-Ahead Log is in a consistent state
[main] INFO org.apache.nifi.wali.SequentialAccessWriteAheadLog - Checkpointed Write-Ahead Log with 8 Records and 0 Swap Files in 2 milliseconds (Stop-the-world time = 0 milliseconds), max Transaction ID 6
]]></system-err>
  </testcase>
  <testcase name="testRecoverWithNoCheckpoint(TestInfo)" classname="org.apache.nifi.wali.TestSequentialAccessWriteAheadLog" time="0.008">
    <system-err><![CDATA[[main] INFO org.apache.nifi.wali.SequentialAccessWriteAheadLog - Recovering records from Write-Ahead Log at target/testRecoverWithNoCheckpoint
[main] INFO org.apache.nifi.wali.SequentialAccessWriteAheadLog - No Snapshot File to recover from at target/testRecoverWithNoCheckpoint. Now recovering records from 0 journal files
[main] INFO org.apache.nifi.wali.SequentialAccessWriteAheadLog - Successfully recovered 0 records in 0 milliseconds. Now checkpointing to ensure that Write-Ahead Log is in a consistent state
[main] INFO org.apache.nifi.wali.SequentialAccessWriteAheadLog - Checkpointed Write-Ahead Log with 0 Records and 0 Swap Files in 1 milliseconds (Stop-the-world time = 0 milliseconds), max Transaction ID -1
[main] INFO org.apache.nifi.wali.SequentialAccessWriteAheadLog - Recovering records from Write-Ahead Log at target/testRecoverWithNoCheckpoint
[main] INFO org.apache.nifi.wali.HashMapSnapshot - org.apache.nifi.wali.HashMapSnapshot@33afa13b restored 0 Records and 0 Swap Files from Snapshot, ending with Transaction ID -1
[main] INFO org.apache.nifi.wali.SequentialAccessWriteAheadLog - Successfully recovered 0 records and 0 swap files from Snapshot at target/testRecoverWithNoCheckpoint/checkpoint with Max Transaction ID of -1 in 0 milliseconds. Now recovering records from 1 journal files
[main] INFO org.apache.nifi.wali.LengthDelimitedJournal - Recovering records from journal target/testRecoverWithNoCheckpoint/journals/0.journal
[main] INFO org.apache.nifi.wali.LengthDelimitedJournal - Successfully recovered 10 updates from journal target/testRecoverWithNoCheckpoint/journals/0.journal
[main] INFO org.apache.nifi.wali.SequentialAccessWriteAheadLog - Successfully recovered 10 records in 1 milliseconds. Now checkpointing to ensure that Write-Ahead Log is in a consistent state
[main] INFO org.apache.nifi.wali.SequentialAccessWriteAheadLog - Checkpointed Write-Ahead Log with 10 Records and 0 Swap Files in 2 milliseconds (Stop-the-world time = 0 milliseconds), max Transaction ID 0
]]></system-err>
  </testcase>
  <testcase name="testUpdateWithExternalFile(TestInfo)" classname="org.apache.nifi.wali.TestSequentialAccessWriteAheadLog" time="2.249">
    <system-err><![CDATA[[main] INFO org.apache.nifi.wali.SequentialAccessWriteAheadLog - Recovering records from Write-Ahead Log at target/testUpdateWithExternalFile
[main] INFO org.apache.nifi.wali.SequentialAccessWriteAheadLog - No Snapshot File to recover from at target/testUpdateWithExternalFile. Now recovering records from 0 journal files
[main] INFO org.apache.nifi.wali.SequentialAccessWriteAheadLog - Successfully recovered 0 records in 0 milliseconds. Now checkpointing to ensure that Write-Ahead Log is in a consistent state
[main] INFO org.apache.nifi.wali.SequentialAccessWriteAheadLog - Checkpointed Write-Ahead Log with 0 Records and 0 Swap Files in 1 milliseconds (Stop-the-world time = 0 milliseconds), max Transaction ID -1
[main] INFO org.apache.nifi.wali.SequentialAccessWriteAheadLog - Recovering records from Write-Ahead Log at target/testUpdateWithExternalFile
[main] INFO org.apache.nifi.wali.HashMapSnapshot - org.apache.nifi.wali.HashMapSnapshot@7c469c48 restored 0 Records and 0 Swap Files from Snapshot, ending with Transaction ID -1
[main] INFO org.apache.nifi.wali.SequentialAccessWriteAheadLog - Successfully recovered 0 records and 0 swap files from Snapshot at target/testUpdateWithExternalFile/checkpoint with Max Transaction ID of -1 in 0 milliseconds. Now recovering records from 1 journal files
[main] INFO org.apache.nifi.wali.LengthDelimitedJournal - Recovering records from journal target/testUpdateWithExternalFile/journals/0.journal
[main] INFO org.apache.nifi.wali.LengthDelimitedJournal - Successfully recovered 350000 updates from journal target/testUpdateWithExternalFile/journals/0.journal
[main] INFO org.apache.nifi.wali.SequentialAccessWriteAheadLog - Successfully recovered 350000 records in 910 milliseconds. Now checkpointing to ensure that Write-Ahead Log is in a consistent state
[main] INFO org.apache.nifi.wali.SequentialAccessWriteAheadLog - Checkpointed Write-Ahead Log with 350000 Records and 0 Swap Files in 472 milliseconds (Stop-the-world time = 161 milliseconds), max Transaction ID 0
]]></system-err>
  </testcase>
  <testcase name="testUpdatePerformance" classname="org.apache.nifi.wali.TestSequentialAccessWriteAheadLog" time="0">
    <skipped message="For manual performance testing"/>
  </testcase>
  <testcase name="testRecoverWithNoJournalUpdates(TestInfo)" classname="org.apache.nifi.wali.TestSequentialAccessWriteAheadLog" time="0.013">
    <system-err><![CDATA[[main] INFO org.apache.nifi.wali.SequentialAccessWriteAheadLog - Recovering records from Write-Ahead Log at target/testRecoverWithNoJournalUpdates
[main] INFO org.apache.nifi.wali.SequentialAccessWriteAheadLog - No Snapshot File to recover from at target/testRecoverWithNoJournalUpdates. Now recovering records from 0 journal files
[main] INFO org.apache.nifi.wali.SequentialAccessWriteAheadLog - Successfully recovered 0 records in 0 milliseconds. Now checkpointing to ensure that Write-Ahead Log is in a consistent state
[main] INFO org.apache.nifi.wali.SequentialAccessWriteAheadLog - Checkpointed Write-Ahead Log with 0 Records and 0 Swap Files in 2 milliseconds (Stop-the-world time = 0 milliseconds), max Transaction ID -1
[main] INFO org.apache.nifi.wali.SequentialAccessWriteAheadLog - Checkpointed Write-Ahead Log with 10 Records and 0 Swap Files in 3 milliseconds (Stop-the-world time = 1 milliseconds), max Transaction ID 0
[main] INFO org.apache.nifi.wali.SequentialAccessWriteAheadLog - Recovering records from Write-Ahead Log at target/testRecoverWithNoJournalUpdates
[main] INFO org.apache.nifi.wali.HashMapSnapshot - org.apache.nifi.wali.HashMapSnapshot@75329a49 restored 10 Records and 0 Swap Files from Snapshot, ending with Transaction ID 0
[main] INFO org.apache.nifi.wali.SequentialAccessWriteAheadLog - Successfully recovered 10 records and 0 swap files from Snapshot at target/testRecoverWithNoJournalUpdates/checkpoint with Max Transaction ID of 0 in 0 milliseconds. Now recovering records from 1 journal files
[main] INFO org.apache.nifi.wali.LengthDelimitedJournal - Recovering records from journal target/testRecoverWithNoJournalUpdates/journals/1.journal
[main] INFO org.apache.nifi.wali.LengthDelimitedJournal - Successfully recovered 0 updates from journal target/testRecoverWithNoJournalUpdates/journals/1.journal
[main] INFO org.apache.nifi.wali.SequentialAccessWriteAheadLog - Successfully recovered 10 records in 0 milliseconds. Now checkpointing to ensure that Write-Ahead Log is in a consistent state
[main] INFO org.apache.nifi.wali.SequentialAccessWriteAheadLog - Checkpointed Write-Ahead Log with 10 Records and 0 Swap Files in 2 milliseconds (Stop-the-world time = 0 milliseconds), max Transaction ID 0
]]></system-err>
  </testcase>
  <testcase name="testUpdateWithExternalFileFollowedByInlineUpdate(TestInfo)" classname="org.apache.nifi.wali.TestSequentialAccessWriteAheadLog" time="1.741">
    <system-err><![CDATA[[main] INFO org.apache.nifi.wali.SequentialAccessWriteAheadLog - Recovering records from Write-Ahead Log at target/testUpdateWithExternalFileFollowedByInlineUpdate
[main] INFO org.apache.nifi.wali.SequentialAccessWriteAheadLog - No Snapshot File to recover from at target/testUpdateWithExternalFileFollowedByInlineUpdate. Now recovering records from 0 journal files
[main] INFO org.apache.nifi.wali.SequentialAccessWriteAheadLog - Successfully recovered 0 records in 0 milliseconds. Now checkpointing to ensure that Write-Ahead Log is in a consistent state
[main] INFO org.apache.nifi.wali.SequentialAccessWriteAheadLog - Checkpointed Write-Ahead Log with 0 Records and 0 Swap Files in 2 milliseconds (Stop-the-world time = 0 milliseconds), max Transaction ID -1
[main] INFO org.apache.nifi.wali.SequentialAccessWriteAheadLog - Recovering records from Write-Ahead Log at target/testUpdateWithExternalFileFollowedByInlineUpdate
[main] INFO org.apache.nifi.wali.HashMapSnapshot - org.apache.nifi.wali.HashMapSnapshot@161479c6 restored 0 Records and 0 Swap Files from Snapshot, ending with Transaction ID -1
[main] INFO org.apache.nifi.wali.SequentialAccessWriteAheadLog - Successfully recovered 0 records and 0 swap files from Snapshot at target/testUpdateWithExternalFileFollowedByInlineUpdate/checkpoint with Max Transaction ID of -1 in 0 milliseconds. Now recovering records from 1 journal files
[main] INFO org.apache.nifi.wali.LengthDelimitedJournal - Recovering records from journal target/testUpdateWithExternalFileFollowedByInlineUpdate/journals/0.journal
[main] INFO org.apache.nifi.wali.LengthDelimitedJournal - Successfully recovered 350001 updates from journal target/testUpdateWithExternalFileFollowedByInlineUpdate/journals/0.journal
[main] INFO org.apache.nifi.wali.SequentialAccessWriteAheadLog - Successfully recovered 350001 records in 679 milliseconds. Now checkpointing to ensure that Write-Ahead Log is in a consistent state
[main] INFO org.apache.nifi.wali.SequentialAccessWriteAheadLog - Checkpointed Write-Ahead Log with 350001 Records and 0 Swap Files in 336 milliseconds (Stop-the-world time = 139 milliseconds), max Transaction ID 1
]]></system-err>
  </testcase>
  <testcase name="testRecoverWithMultipleCheckpointsBetweenJournalUpdate(TestInfo)" classname="org.apache.nifi.wali.TestSequentialAccessWriteAheadLog" time="0.014">
    <system-err><![CDATA[[main] INFO org.apache.nifi.wali.SequentialAccessWriteAheadLog - Recovering records from Write-Ahead Log at target/testRecoverWithMultipleCheckpointsBetweenJournalUpdate
[main] INFO org.apache.nifi.wali.SequentialAccessWriteAheadLog - No Snapshot File to recover from at target/testRecoverWithMultipleCheckpointsBetweenJournalUpdate. Now recovering records from 0 journal files
[main] INFO org.apache.nifi.wali.SequentialAccessWriteAheadLog - Successfully recovered 0 records in 0 milliseconds. Now checkpointing to ensure that Write-Ahead Log is in a consistent state
[main] INFO org.apache.nifi.wali.SequentialAccessWriteAheadLog - Checkpointed Write-Ahead Log with 0 Records and 0 Swap Files in 2 milliseconds (Stop-the-world time = 0 milliseconds), max Transaction ID -1
[main] INFO org.apache.nifi.wali.SequentialAccessWriteAheadLog - Checkpointed Write-Ahead Log with 10 Records and 0 Swap Files in 4 milliseconds (Stop-the-world time = 2 milliseconds), max Transaction ID 0
[main] INFO org.apache.nifi.wali.SequentialAccessWriteAheadLog - Recovering records from Write-Ahead Log at target/testRecoverWithMultipleCheckpointsBetweenJournalUpdate
[main] INFO org.apache.nifi.wali.HashMapSnapshot - org.apache.nifi.wali.HashMapSnapshot@4313f5bc restored 10 Records and 0 Swap Files from Snapshot, ending with Transaction ID 0
[main] INFO org.apache.nifi.wali.SequentialAccessWriteAheadLog - Successfully recovered 10 records and 0 swap files from Snapshot at target/testRecoverWithMultipleCheckpointsBetweenJournalUpdate/checkpoint with Max Transaction ID of 0 in 0 milliseconds. Now recovering records from 1 journal files
[main] INFO org.apache.nifi.wali.LengthDelimitedJournal - Recovering records from journal target/testRecoverWithMultipleCheckpointsBetweenJournalUpdate/journals/1.journal
[main] INFO org.apache.nifi.wali.LengthDelimitedJournal - Successfully recovered 1 updates from journal target/testRecoverWithMultipleCheckpointsBetweenJournalUpdate/journals/1.journal
[main] INFO org.apache.nifi.wali.SequentialAccessWriteAheadLog - Successfully recovered 10 records in 0 milliseconds. Now checkpointing to ensure that Write-Ahead Log is in a consistent state
[main] INFO org.apache.nifi.wali.SequentialAccessWriteAheadLog - Checkpointed Write-Ahead Log with 10 Records and 0 Swap Files in 2 milliseconds (Stop-the-world time = 0 milliseconds), max Transaction ID 1
]]></system-err>
  </testcase>
</testsuite>