<?xml version="1.0" encoding="UTF-8"?>
<testsuite xmlns:xsi="http://www.w3.org/2001/XMLSchema-instance" xsi:noNamespaceSchemaLocation="https://maven.apache.org/surefire/maven-surefire-plugin/xsd/surefire-test-report-3.0.xsd" version="3.0" name="org.apache.hadoop.hive.upgrade.acid.TestCloseableThreadLocal" time="0.956" tests="4" errors="0" skipped="0" failures="0">
  <properties>
    <property name="sun.desktop" value="gnome"/>
    <property name="awt.toolkit" value="sun.awt.X11.XToolkit"/>
    <property name="java.specification.version" value="1.8"/>
    <property name="file.encoding.pkg" value="sun.io"/>
    <property name="nondexStart" value="0"/>
    <property name="log4j.configurationFile" value="file:///home/alex/Repositories/hive/upgrade-acid/pre-upgrade/target/testconf/hive-log4j2.properties"/>
    <property name="sun.cpu.isalist" value=""/>
    <property name="sun.jnu.encoding" value="UTF-8"/>
    <property name="java.class.path" value="/home/alex/Repositories/hive/upgrade-acid/pre-upgrade/target/test-classes:/home/alex/Repositories/hive/upgrade-acid/pre-upgrade/target/classes:/home/alex/.m2/repository/commons-cli/commons-cli/1.2/commons-cli-1.2.jar:/home/alex/.m2/repository/org/apache/hive/hive-metastore/2.3.3/hive-metastore-2.3.3.jar:/home/alex/.m2/repository/org/apache/hive/hive-serde/2.3.3/hive-serde-2.3.3.jar:/home/alex/.m2/repository/org/apache/hive/hive-common/2.3.3/hive-common-2.3.3.jar:/home/alex/.m2/repository/jline/jline/2.12/jline-2.12.jar:/home/alex/.m2/repository/org/eclipse/jetty/aggregate/jetty-all/7.6.0.v20120127/jetty-all-7.6.0.v20120127.jar:/home/alex/.m2/repository/org/apache/geronimo/specs/geronimo-jta_1.1_spec/1.1.1/geronimo-jta_1.1_spec-1.1.1.jar:/home/alex/.m2/repository/javax/mail/mail/1.4.1/mail-1.4.1.jar:/home/alex/.m2/repository/org/apache/geronimo/specs/geronimo-jaspic_1.0_spec/1.0/geronimo-jaspic_1.0_spec-1.0.jar:/home/alex/.m2/repository/org/apache/geronimo/specs/geronimo-annotation_1.0_spec/1.1.1/geronimo-annotation_1.0_spec-1.1.1.jar:/home/alex/.m2/repository/asm/asm-commons/3.1/asm-commons-3.1.jar:/home/alex/.m2/repository/asm/asm-tree/3.1/asm-tree-3.1.jar:/home/alex/.m2/repository/org/eclipse/jetty/orbit/javax.servlet/3.0.0.v201112011016/javax.servlet-3.0.0.v201112011016.jar:/home/alex/.m2/repository/org/apache/logging/log4j/log4j-web/2.6.2/log4j-web-2.6.2.jar:/home/alex/.m2/repository/com/tdunning/json/1.8/json-1.8.jar:/home/alex/.m2/repository/io/dropwizard/metrics/metrics-jvm/3.1.0/metrics-jvm-3.1.0.jar:/home/alex/.m2/repository/io/dropwizard/metrics/metrics-json/3.1.0/metrics-json-3.1.0.jar:/home/alex/.m2/repository/com/fasterxml/jackson/core/jackson-databind/2.6.5/jackson-databind-2.6.5.jar:/home/alex/.m2/repository/com/fasterxml/jackson/core/jackson-annotations/2.6.0/jackson-annotations-2.6.0.jar:/home/alex/.m2/repository/com/fasterxml/jackson/core/jackson-core/2.6.5/jackson-core-2.6.5.jar:/home/alex/.m2/repository/com/github/joshelser/dropwizard-metrics-hadoop-metrics2-reporter/0.1.2/dropwizard-metrics-hadoop-metrics2-reporter-0.1.2.jar:/home/alex/.m2/repository/org/apache/hive/hive-service-rpc/2.3.3/hive-service-rpc-2.3.3.jar:/home/alex/.m2/repository/net/sf/opencsv/opencsv/2.3/opencsv-2.3.jar:/home/alex/.m2/repository/org/apache/parquet/parquet-hadoop-bundle/1.8.1/parquet-hadoop-bundle-1.8.1.jar:/home/alex/.m2/repository/org/apache/hive/hive-shims/2.3.3/hive-shims-2.3.3.jar:/home/alex/.m2/repository/org/apache/hive/shims/hive-shims-common/2.3.3/hive-shims-common-2.3.3.jar:/home/alex/.m2/repository/org/apache/hive/shims/hive-shims-0.23/2.3.3/hive-shims-0.23-2.3.3.jar:/home/alex/.m2/repository/org/apache/hadoop/hadoop-yarn-server-resourcemanager/2.7.2/hadoop-yarn-server-resourcemanager-2.7.2.jar:/home/alex/.m2/repository/org/apache/hadoop/hadoop-yarn-server-applicationhistoryservice/2.7.2/hadoop-yarn-server-applicationhistoryservice-2.7.2.jar:/home/alex/.m2/repository/org/apache/hadoop/hadoop-yarn-server-web-proxy/2.7.2/hadoop-yarn-server-web-proxy-2.7.2.jar:/home/alex/.m2/repository/org/apache/hive/shims/hive-shims-scheduler/2.3.3/hive-shims-scheduler-2.3.3.jar:/home/alex/.m2/repository/javolution/javolution/5.5.1/javolution-5.5.1.jar:/home/alex/.m2/repository/com/google/guava/guava/14.0.1/guava-14.0.1.jar:/home/alex/.m2/repository/com/google/protobuf/protobuf-java/2.5.0/protobuf-java-2.5.0.jar:/home/alex/.m2/repository/org/apache/hbase/hbase-client/1.1.1/hbase-client-1.1.1.jar:/home/alex/.m2/repository/org/apache/hbase/hbase-annotations/1.1.1/hbase-annotations-1.1.1.jar:/home/alex/.m2/repository/org/apache/hbase/hbase-common/1.1.1/hbase-common-1.1.1.jar:/home/alex/.m2/repository/org/apache/hbase/hbase-protocol/1.1.1/hbase-protocol-1.1.1.jar:/home/alex/.m2/repository/io/netty/netty-all/4.0.23.Final/netty-all-4.0.23.Final.jar:/home/alex/.m2/repository/org/jruby/jcodings/jcodings/1.0.8/jcodings-1.0.8.jar:/home/alex/.m2/repository/org/jruby/joni/joni/2.1.2/joni-2.1.2.jar:/home/alex/.m2/repository/com/github/stephenc/findbugs/findbugs-annotations/1.3.9-1/findbugs-annotations-1.3.9-1.jar:/home/alex/.m2/repository/com/jolbox/bonecp/0.8.0.RELEASE/bonecp-0.8.0.RELEASE.jar:/home/alex/.m2/repository/com/zaxxer/HikariCP/2.5.1/HikariCP-2.5.1.jar:/home/alex/.m2/repository/commons-lang/commons-lang/2.6/commons-lang-2.6.jar:/home/alex/.m2/repository/org/apache/derby/derby/10.10.2.0/derby-10.10.2.0.jar:/home/alex/.m2/repository/org/datanucleus/datanucleus-api-jdo/4.2.4/datanucleus-api-jdo-4.2.4.jar:/home/alex/.m2/repository/org/datanucleus/datanucleus-core/4.1.17/datanucleus-core-4.1.17.jar:/home/alex/.m2/repository/org/datanucleus/datanucleus-rdbms/4.1.19/datanucleus-rdbms-4.1.19.jar:/home/alex/.m2/repository/commons-pool/commons-pool/1.5.4/commons-pool-1.5.4.jar:/home/alex/.m2/repository/commons-dbcp/commons-dbcp/1.4/commons-dbcp-1.4.jar:/home/alex/.m2/repository/javax/jdo/jdo-api/3.0.1/jdo-api-3.0.1.jar:/home/alex/.m2/repository/javax/transaction/jta/1.1/jta-1.1.jar:/home/alex/.m2/repository/org/datanucleus/javax.jdo/3.2.0-m3/javax.jdo-3.2.0-m3.jar:/home/alex/.m2/repository/javax/transaction/transaction-api/1.1/transaction-api-1.1.jar:/home/alex/.m2/repository/org/antlr/antlr-runtime/3.5.2/antlr-runtime-3.5.2.jar:/home/alex/.m2/repository/org/apache/thrift/libfb303/0.9.3/libfb303-0.9.3.jar:/home/alex/.m2/repository/org/apache/thrift/libthrift/0.9.3/libthrift-0.9.3.jar:/home/alex/.m2/repository/org/apache/httpcomponents/httpclient/4.4.1/httpclient-4.4.1.jar:/home/alex/.m2/repository/org/apache/httpcomponents/httpcore/4.4.1/httpcore-4.4.1.jar:/home/alex/.m2/repository/co/cask/tephra/tephra-api/0.6.0/tephra-api-0.6.0.jar:/home/alex/.m2/repository/co/cask/tephra/tephra-core/0.6.0/tephra-core-0.6.0.jar:/home/alex/.m2/repository/com/google/inject/guice/3.0/guice-3.0.jar:/home/alex/.m2/repository/javax/inject/javax.inject/1/javax.inject-1.jar:/home/alex/.m2/repository/aopalliance/aopalliance/1.0/aopalliance-1.0.jar:/home/alex/.m2/repository/com/google/inject/extensions/guice-assistedinject/3.0/guice-assistedinject-3.0.jar:/home/alex/.m2/repository/it/unimi/dsi/fastutil/6.5.6/fastutil-6.5.6.jar:/home/alex/.m2/repository/org/apache/twill/twill-common/0.6.0-incubating/twill-common-0.6.0-incubating.jar:/home/alex/.m2/repository/org/apache/twill/twill-core/0.6.0-incubating/twill-core-0.6.0-incubating.jar:/home/alex/.m2/repository/org/apache/twill/twill-api/0.6.0-incubating/twill-api-0.6.0-incubating.jar:/home/alex/.m2/repository/org/apache/twill/twill-discovery-api/0.6.0-incubating/twill-discovery-api-0.6.0-incubating.jar:/home/alex/.m2/repository/org/apache/twill/twill-discovery-core/0.6.0-incubating/twill-discovery-core-0.6.0-incubating.jar:/home/alex/.m2/repository/org/apache/twill/twill-zookeeper/0.6.0-incubating/twill-zookeeper-0.6.0-incubating.jar:/home/alex/.m2/repository/io/dropwizard/metrics/metrics-core/3.1.0/metrics-core-3.1.0.jar:/home/alex/.m2/repository/co/cask/tephra/tephra-hbase-compat-1.0/0.6.0/tephra-hbase-compat-1.0-0.6.0.jar:/home/alex/.m2/repository/org/slf4j/slf4j-api/1.7.10/slf4j-api-1.7.10.jar:/home/alex/.m2/repository/org/apache/hive/hive-exec/2.3.3/hive-exec-2.3.3.jar:/home/alex/.m2/repository/org/apache/hive/hive-vector-code-gen/2.3.3/hive-vector-code-gen-2.3.3.jar:/home/alex/.m2/repository/org/apache/velocity/velocity/1.5/velocity-1.5.jar:/home/alex/.m2/repository/oro/oro/2.0.8/oro-2.0.8.jar:/home/alex/.m2/repository/org/apache/hive/hive-llap-tez/2.3.3/hive-llap-tez-2.3.3.jar:/home/alex/.m2/repository/org/apache/hive/hive-llap-client/2.3.3/hive-llap-client-2.3.3.jar:/home/alex/.m2/repository/org/apache/hive/hive-llap-common/2.3.3/hive-llap-common-2.3.3.jar:/home/alex/.m2/repository/org/apache/commons/commons-lang3/3.1/commons-lang3-3.1.jar:/home/alex/.m2/repository/commons-codec/commons-codec/1.4/commons-codec-1.4.jar:/home/alex/.m2/repository/commons-httpclient/commons-httpclient/3.0.1/commons-httpclient-3.0.1.jar:/home/alex/.m2/repository/commons-io/commons-io/2.4/commons-io-2.4.jar:/home/alex/.m2/repository/org/apache/logging/log4j/log4j-1.2-api/2.6.2/log4j-1.2-api-2.6.2.jar:/home/alex/.m2/repository/org/apache/logging/log4j/log4j-api/2.6.2/log4j-api-2.6.2.jar:/home/alex/.m2/repository/org/apache/logging/log4j/log4j-core/2.6.2/log4j-core-2.6.2.jar:/home/alex/.m2/repository/org/apache/logging/log4j/log4j-slf4j-impl/2.6.2/log4j-slf4j-impl-2.6.2.jar:/home/alex/.m2/repository/org/antlr/ST4/4.0.4/ST4-4.0.4.jar:/home/alex/.m2/repository/org/apache/ant/ant/1.9.1/ant-1.9.1.jar:/home/alex/.m2/repository/org/apache/ant/ant-launcher/1.9.1/ant-launcher-1.9.1.jar:/home/alex/.m2/repository/org/apache/commons/commons-compress/1.9/commons-compress-1.9.jar:/home/alex/.m2/repository/org/apache/ivy/ivy/2.4.0/ivy-2.4.0.jar:/home/alex/.m2/repository/org/apache/calcite/calcite-core/1.10.0/calcite-core-1.10.0.jar:/home/alex/.m2/repository/org/apache/calcite/calcite-linq4j/1.10.0/calcite-linq4j-1.10.0.jar:/home/alex/.m2/repository/net/hydromatic/eigenbase-properties/1.1.5/eigenbase-properties-1.1.5.jar:/home/alex/.m2/repository/org/codehaus/janino/janino/2.7.6/janino-2.7.6.jar:/home/alex/.m2/repository/org/codehaus/janino/commons-compiler/2.7.6/commons-compiler-2.7.6.jar:/home/alex/.m2/repository/org/apache/calcite/calcite-druid/1.10.0/calcite-druid-1.10.0.jar:/home/alex/.m2/repository/joda-time/joda-time/2.8.1/joda-time-2.8.1.jar:/home/alex/.m2/repository/org/apache/calcite/avatica/avatica/1.8.0/avatica-1.8.0.jar:/home/alex/.m2/repository/org/apache/calcite/avatica/avatica-metrics/1.8.0/avatica-metrics-1.8.0.jar:/home/alex/.m2/repository/com/google/code/gson/gson/2.2.4/gson-2.2.4.jar:/home/alex/.m2/repository/stax/stax-api/1.0.1/stax-api-1.0.1.jar:/home/alex/.m2/repository/org/apache/hadoop/hadoop-common/2.7.2/hadoop-common-2.7.2.jar:/home/alex/.m2/repository/org/apache/hadoop/hadoop-annotations/2.7.2/hadoop-annotations-2.7.2.jar:/usr/lib/jvm/java-8-openjdk-amd64/jre/../lib/tools.jar:/home/alex/.m2/repository/org/apache/commons/commons-math3/3.1.1/commons-math3-3.1.1.jar:/home/alex/.m2/repository/xmlenc/xmlenc/0.52/xmlenc-0.52.jar:/home/alex/.m2/repository/commons-net/commons-net/3.1/commons-net-3.1.jar:/home/alex/.m2/repository/commons-collections/commons-collections/3.2.2/commons-collections-3.2.2.jar:/home/alex/.m2/repository/javax/servlet/servlet-api/2.5/servlet-api-2.5.jar:/home/alex/.m2/repository/org/mortbay/jetty/jetty/6.1.26/jetty-6.1.26.jar:/home/alex/.m2/repository/org/mortbay/jetty/jetty-util/6.1.26/jetty-util-6.1.26.jar:/home/alex/.m2/repository/javax/servlet/jsp/jsp-api/2.1/jsp-api-2.1.jar:/home/alex/.m2/repository/com/sun/jersey/jersey-core/1.9/jersey-core-1.9.jar:/home/alex/.m2/repository/com/sun/jersey/jersey-json/1.9/jersey-json-1.9.jar:/home/alex/.m2/repository/org/codehaus/jettison/jettison/1.1/jettison-1.1.jar:/home/alex/.m2/repository/com/sun/xml/bind/jaxb-impl/2.2.3-1/jaxb-impl-2.2.3-1.jar:/home/alex/.m2/repository/org/codehaus/jackson/jackson-jaxrs/1.8.3/jackson-jaxrs-1.8.3.jar:/home/alex/.m2/repository/org/codehaus/jackson/jackson-xc/1.8.3/jackson-xc-1.8.3.jar:/home/alex/.m2/repository/com/sun/jersey/jersey-server/1.9/jersey-server-1.9.jar:/home/alex/.m2/repository/asm/asm/3.1/asm-3.1.jar:/home/alex/.m2/repository/commons-logging/commons-logging/1.1.3/commons-logging-1.1.3.jar:/home/alex/.m2/repository/log4j/log4j/1.2.17/log4j-1.2.17.jar:/home/alex/.m2/repository/net/java/dev/jets3t/jets3t/0.9.0/jets3t-0.9.0.jar:/home/alex/.m2/repository/com/jamesmurty/utils/java-xmlbuilder/0.4/java-xmlbuilder-0.4.jar:/home/alex/.m2/repository/commons-configuration/commons-configuration/1.6/commons-configuration-1.6.jar:/home/alex/.m2/repository/commons-digester/commons-digester/1.8/commons-digester-1.8.jar:/home/alex/.m2/repository/commons-beanutils/commons-beanutils-core/1.8.0/commons-beanutils-core-1.8.0.jar:/home/alex/.m2/repository/org/slf4j/slf4j-log4j12/1.7.10/slf4j-log4j12-1.7.10.jar:/home/alex/.m2/repository/org/codehaus/jackson/jackson-core-asl/1.9.13/jackson-core-asl-1.9.13.jar:/home/alex/.m2/repository/org/codehaus/jackson/jackson-mapper-asl/1.9.13/jackson-mapper-asl-1.9.13.jar:/home/alex/.m2/repository/org/apache/avro/avro/1.7.4/avro-1.7.4.jar:/home/alex/.m2/repository/com/thoughtworks/paranamer/paranamer/2.3/paranamer-2.3.jar:/home/alex/.m2/repository/org/xerial/snappy/snappy-java/1.0.4.1/snappy-java-1.0.4.1.jar:/home/alex/.m2/repository/org/apache/hadoop/hadoop-auth/2.7.2/hadoop-auth-2.7.2.jar:/home/alex/.m2/repository/org/apache/directory/server/apacheds-kerberos-codec/2.0.0-M15/apacheds-kerberos-codec-2.0.0-M15.jar:/home/alex/.m2/repository/org/apache/directory/server/apacheds-i18n/2.0.0-M15/apacheds-i18n-2.0.0-M15.jar:/home/alex/.m2/repository/org/apache/directory/api/api-asn1-api/1.0.0-M20/api-asn1-api-1.0.0-M20.jar:/home/alex/.m2/repository/org/apache/directory/api/api-util/1.0.0-M20/api-util-1.0.0-M20.jar:/home/alex/.m2/repository/com/jcraft/jsch/0.1.42/jsch-0.1.42.jar:/home/alex/.m2/repository/com/google/code/findbugs/jsr305/3.0.0/jsr305-3.0.0.jar:/home/alex/.m2/repository/org/apache/htrace/htrace-core/3.1.0-incubating/htrace-core-3.1.0-incubating.jar:/home/alex/.m2/repository/org/apache/hadoop/hadoop-mapreduce-client-common/2.7.2/hadoop-mapreduce-client-common-2.7.2.jar:/home/alex/.m2/repository/org/apache/hadoop/hadoop-yarn-common/2.7.2/hadoop-yarn-common-2.7.2.jar:/home/alex/.m2/repository/org/apache/hadoop/hadoop-yarn-api/2.7.2/hadoop-yarn-api-2.7.2.jar:/home/alex/.m2/repository/javax/xml/bind/jaxb-api/2.2.2/jaxb-api-2.2.2.jar:/home/alex/.m2/repository/javax/xml/stream/stax-api/1.0-2/stax-api-1.0-2.jar:/home/alex/.m2/repository/javax/activation/activation/1.1/activation-1.1.jar:/home/alex/.m2/repository/com/sun/jersey/jersey-client/1.9/jersey-client-1.9.jar:/home/alex/.m2/repository/com/sun/jersey/contribs/jersey-guice/1.9/jersey-guice-1.9.jar:/home/alex/.m2/repository/org/apache/hadoop/hadoop-yarn-client/2.7.2/hadoop-yarn-client-2.7.2.jar:/home/alex/.m2/repository/org/apache/hadoop/hadoop-mapreduce-client-core/2.7.2/hadoop-mapreduce-client-core-2.7.2.jar:/home/alex/.m2/repository/org/apache/hadoop/hadoop-yarn-server-common/2.7.2/hadoop-yarn-server-common-2.7.2.jar:/home/alex/.m2/repository/org/fusesource/leveldbjni/leveldbjni-all/1.8/leveldbjni-all-1.8.jar:/home/alex/.m2/repository/com/google/inject/extensions/guice-servlet/3.0/guice-servlet-3.0.jar:/home/alex/.m2/repository/org/apache/orc/orc-core/1.3.3/orc-core-1.3.3.jar:/home/alex/.m2/repository/io/airlift/aircompressor/0.3/aircompressor-0.3.jar:/home/alex/.m2/repository/org/apache/hive/hive-storage-api/2.2.1/hive-storage-api-2.2.1.jar:/home/alex/.m2/repository/org/junit/jupiter/junit-jupiter-engine/5.6.2/junit-jupiter-engine-5.6.2.jar:/home/alex/.m2/repository/org/apiguardian/apiguardian-api/1.1.0/apiguardian-api-1.1.0.jar:/home/alex/.m2/repository/org/junit/platform/junit-platform-engine/1.6.2/junit-platform-engine-1.6.2.jar:/home/alex/.m2/repository/org/opentest4j/opentest4j/1.2.0/opentest4j-1.2.0.jar:/home/alex/.m2/repository/org/junit/platform/junit-platform-commons/1.6.2/junit-platform-commons-1.6.2.jar:/home/alex/.m2/repository/org/junit/jupiter/junit-jupiter-api/5.6.2/junit-jupiter-api-5.6.2.jar:/home/alex/.m2/repository/org/junit/vintage/junit-vintage-engine/5.6.2/junit-vintage-engine-5.6.2.jar:/home/alex/.m2/repository/junit/junit/4.13/junit-4.13.jar:/home/alex/.m2/repository/org/hamcrest/hamcrest-core/1.3/hamcrest-core-1.3.jar:/home/alex/Repositories/hive/upgrade-acid/pre-upgrade/src/test/resources:/home/alex/Repositories/hive/upgrade-acid/pre-upgrade/target/testconf:/home/alex/Repositories/hive/upgrade-acid/pre-upgrade/target/testconf/conf:"/>
    <property name="java.vm.vendor" value="Private Build"/>
    <property name="nondexPrintstack" value="false"/>
    <property name="sun.arch.data.model" value="64"/>
    <property name="java.vendor.url" value="http://java.oracle.com/"/>
    <property name="user.timezone" value="Europe/Lisbon"/>
    <property name="user.country.format" value="PT"/>
    <property name="os.name" value="Linux"/>
    <property name="java.vm.specification.version" value="1.8"/>
    <property name="test.tmp.dir" value="/home/alex/Repositories/hive/upgrade-acid/pre-upgrade/target/tmp"/>
    <property name="sun.java.launcher" value="SUN_STANDARD"/>
    <property name="user.country" value="US"/>
    <property name="sun.boot.library.path" value="/usr/lib/jvm/java-8-openjdk-amd64/jre/lib/amd64"/>
    <property name="nondexLogging" value="CONFIG"/>
    <property name="sun.java.command" value="/home/alex/Repositories/hive/upgrade-acid/pre-upgrade/target/surefire/surefirebooter3574932367213352480.jar /home/alex/Repositories/hive/upgrade-acid/pre-upgrade/target/surefire 2024-04-23T21-59-46_173-jvmRun1 surefire7965716269656241685tmp surefire_39694886250169256800129tmp"/>
    <property name="surefire.test.class.path" value="/home/alex/Repositories/hive/upgrade-acid/pre-upgrade/target/test-classes:/home/alex/Repositories/hive/upgrade-acid/pre-upgrade/target/classes:/home/alex/.m2/repository/commons-cli/commons-cli/1.2/commons-cli-1.2.jar:/home/alex/.m2/repository/org/apache/hive/hive-metastore/2.3.3/hive-metastore-2.3.3.jar:/home/alex/.m2/repository/org/apache/hive/hive-serde/2.3.3/hive-serde-2.3.3.jar:/home/alex/.m2/repository/org/apache/hive/hive-common/2.3.3/hive-common-2.3.3.jar:/home/alex/.m2/repository/jline/jline/2.12/jline-2.12.jar:/home/alex/.m2/repository/org/eclipse/jetty/aggregate/jetty-all/7.6.0.v20120127/jetty-all-7.6.0.v20120127.jar:/home/alex/.m2/repository/org/apache/geronimo/specs/geronimo-jta_1.1_spec/1.1.1/geronimo-jta_1.1_spec-1.1.1.jar:/home/alex/.m2/repository/javax/mail/mail/1.4.1/mail-1.4.1.jar:/home/alex/.m2/repository/org/apache/geronimo/specs/geronimo-jaspic_1.0_spec/1.0/geronimo-jaspic_1.0_spec-1.0.jar:/home/alex/.m2/repository/org/apache/geronimo/specs/geronimo-annotation_1.0_spec/1.1.1/geronimo-annotation_1.0_spec-1.1.1.jar:/home/alex/.m2/repository/asm/asm-commons/3.1/asm-commons-3.1.jar:/home/alex/.m2/repository/asm/asm-tree/3.1/asm-tree-3.1.jar:/home/alex/.m2/repository/org/eclipse/jetty/orbit/javax.servlet/3.0.0.v201112011016/javax.servlet-3.0.0.v201112011016.jar:/home/alex/.m2/repository/org/apache/logging/log4j/log4j-web/2.6.2/log4j-web-2.6.2.jar:/home/alex/.m2/repository/com/tdunning/json/1.8/json-1.8.jar:/home/alex/.m2/repository/io/dropwizard/metrics/metrics-jvm/3.1.0/metrics-jvm-3.1.0.jar:/home/alex/.m2/repository/io/dropwizard/metrics/metrics-json/3.1.0/metrics-json-3.1.0.jar:/home/alex/.m2/repository/com/fasterxml/jackson/core/jackson-databind/2.6.5/jackson-databind-2.6.5.jar:/home/alex/.m2/repository/com/fasterxml/jackson/core/jackson-annotations/2.6.0/jackson-annotations-2.6.0.jar:/home/alex/.m2/repository/com/fasterxml/jackson/core/jackson-core/2.6.5/jackson-core-2.6.5.jar:/home/alex/.m2/repository/com/github/joshelser/dropwizard-metrics-hadoop-metrics2-reporter/0.1.2/dropwizard-metrics-hadoop-metrics2-reporter-0.1.2.jar:/home/alex/.m2/repository/org/apache/hive/hive-service-rpc/2.3.3/hive-service-rpc-2.3.3.jar:/home/alex/.m2/repository/net/sf/opencsv/opencsv/2.3/opencsv-2.3.jar:/home/alex/.m2/repository/org/apache/parquet/parquet-hadoop-bundle/1.8.1/parquet-hadoop-bundle-1.8.1.jar:/home/alex/.m2/repository/org/apache/hive/hive-shims/2.3.3/hive-shims-2.3.3.jar:/home/alex/.m2/repository/org/apache/hive/shims/hive-shims-common/2.3.3/hive-shims-common-2.3.3.jar:/home/alex/.m2/repository/org/apache/hive/shims/hive-shims-0.23/2.3.3/hive-shims-0.23-2.3.3.jar:/home/alex/.m2/repository/org/apache/hadoop/hadoop-yarn-server-resourcemanager/2.7.2/hadoop-yarn-server-resourcemanager-2.7.2.jar:/home/alex/.m2/repository/org/apache/hadoop/hadoop-yarn-server-applicationhistoryservice/2.7.2/hadoop-yarn-server-applicationhistoryservice-2.7.2.jar:/home/alex/.m2/repository/org/apache/hadoop/hadoop-yarn-server-web-proxy/2.7.2/hadoop-yarn-server-web-proxy-2.7.2.jar:/home/alex/.m2/repository/org/apache/hive/shims/hive-shims-scheduler/2.3.3/hive-shims-scheduler-2.3.3.jar:/home/alex/.m2/repository/javolution/javolution/5.5.1/javolution-5.5.1.jar:/home/alex/.m2/repository/com/google/guava/guava/14.0.1/guava-14.0.1.jar:/home/alex/.m2/repository/com/google/protobuf/protobuf-java/2.5.0/protobuf-java-2.5.0.jar:/home/alex/.m2/repository/org/apache/hbase/hbase-client/1.1.1/hbase-client-1.1.1.jar:/home/alex/.m2/repository/org/apache/hbase/hbase-annotations/1.1.1/hbase-annotations-1.1.1.jar:/home/alex/.m2/repository/org/apache/hbase/hbase-common/1.1.1/hbase-common-1.1.1.jar:/home/alex/.m2/repository/org/apache/hbase/hbase-protocol/1.1.1/hbase-protocol-1.1.1.jar:/home/alex/.m2/repository/io/netty/netty-all/4.0.23.Final/netty-all-4.0.23.Final.jar:/home/alex/.m2/repository/org/jruby/jcodings/jcodings/1.0.8/jcodings-1.0.8.jar:/home/alex/.m2/repository/org/jruby/joni/joni/2.1.2/joni-2.1.2.jar:/home/alex/.m2/repository/com/github/stephenc/findbugs/findbugs-annotations/1.3.9-1/findbugs-annotations-1.3.9-1.jar:/home/alex/.m2/repository/com/jolbox/bonecp/0.8.0.RELEASE/bonecp-0.8.0.RELEASE.jar:/home/alex/.m2/repository/com/zaxxer/HikariCP/2.5.1/HikariCP-2.5.1.jar:/home/alex/.m2/repository/commons-lang/commons-lang/2.6/commons-lang-2.6.jar:/home/alex/.m2/repository/org/apache/derby/derby/10.10.2.0/derby-10.10.2.0.jar:/home/alex/.m2/repository/org/datanucleus/datanucleus-api-jdo/4.2.4/datanucleus-api-jdo-4.2.4.jar:/home/alex/.m2/repository/org/datanucleus/datanucleus-core/4.1.17/datanucleus-core-4.1.17.jar:/home/alex/.m2/repository/org/datanucleus/datanucleus-rdbms/4.1.19/datanucleus-rdbms-4.1.19.jar:/home/alex/.m2/repository/commons-pool/commons-pool/1.5.4/commons-pool-1.5.4.jar:/home/alex/.m2/repository/commons-dbcp/commons-dbcp/1.4/commons-dbcp-1.4.jar:/home/alex/.m2/repository/javax/jdo/jdo-api/3.0.1/jdo-api-3.0.1.jar:/home/alex/.m2/repository/javax/transaction/jta/1.1/jta-1.1.jar:/home/alex/.m2/repository/org/datanucleus/javax.jdo/3.2.0-m3/javax.jdo-3.2.0-m3.jar:/home/alex/.m2/repository/javax/transaction/transaction-api/1.1/transaction-api-1.1.jar:/home/alex/.m2/repository/org/antlr/antlr-runtime/3.5.2/antlr-runtime-3.5.2.jar:/home/alex/.m2/repository/org/apache/thrift/libfb303/0.9.3/libfb303-0.9.3.jar:/home/alex/.m2/repository/org/apache/thrift/libthrift/0.9.3/libthrift-0.9.3.jar:/home/alex/.m2/repository/org/apache/httpcomponents/httpclient/4.4.1/httpclient-4.4.1.jar:/home/alex/.m2/repository/org/apache/httpcomponents/httpcore/4.4.1/httpcore-4.4.1.jar:/home/alex/.m2/repository/co/cask/tephra/tephra-api/0.6.0/tephra-api-0.6.0.jar:/home/alex/.m2/repository/co/cask/tephra/tephra-core/0.6.0/tephra-core-0.6.0.jar:/home/alex/.m2/repository/com/google/inject/guice/3.0/guice-3.0.jar:/home/alex/.m2/repository/javax/inject/javax.inject/1/javax.inject-1.jar:/home/alex/.m2/repository/aopalliance/aopalliance/1.0/aopalliance-1.0.jar:/home/alex/.m2/repository/com/google/inject/extensions/guice-assistedinject/3.0/guice-assistedinject-3.0.jar:/home/alex/.m2/repository/it/unimi/dsi/fastutil/6.5.6/fastutil-6.5.6.jar:/home/alex/.m2/repository/org/apache/twill/twill-common/0.6.0-incubating/twill-common-0.6.0-incubating.jar:/home/alex/.m2/repository/org/apache/twill/twill-core/0.6.0-incubating/twill-core-0.6.0-incubating.jar:/home/alex/.m2/repository/org/apache/twill/twill-api/0.6.0-incubating/twill-api-0.6.0-incubating.jar:/home/alex/.m2/repository/org/apache/twill/twill-discovery-api/0.6.0-incubating/twill-discovery-api-0.6.0-incubating.jar:/home/alex/.m2/repository/org/apache/twill/twill-discovery-core/0.6.0-incubating/twill-discovery-core-0.6.0-incubating.jar:/home/alex/.m2/repository/org/apache/twill/twill-zookeeper/0.6.0-incubating/twill-zookeeper-0.6.0-incubating.jar:/home/alex/.m2/repository/io/dropwizard/metrics/metrics-core/3.1.0/metrics-core-3.1.0.jar:/home/alex/.m2/repository/co/cask/tephra/tephra-hbase-compat-1.0/0.6.0/tephra-hbase-compat-1.0-0.6.0.jar:/home/alex/.m2/repository/org/slf4j/slf4j-api/1.7.10/slf4j-api-1.7.10.jar:/home/alex/.m2/repository/org/apache/hive/hive-exec/2.3.3/hive-exec-2.3.3.jar:/home/alex/.m2/repository/org/apache/hive/hive-vector-code-gen/2.3.3/hive-vector-code-gen-2.3.3.jar:/home/alex/.m2/repository/org/apache/velocity/velocity/1.5/velocity-1.5.jar:/home/alex/.m2/repository/oro/oro/2.0.8/oro-2.0.8.jar:/home/alex/.m2/repository/org/apache/hive/hive-llap-tez/2.3.3/hive-llap-tez-2.3.3.jar:/home/alex/.m2/repository/org/apache/hive/hive-llap-client/2.3.3/hive-llap-client-2.3.3.jar:/home/alex/.m2/repository/org/apache/hive/hive-llap-common/2.3.3/hive-llap-common-2.3.3.jar:/home/alex/.m2/repository/org/apache/commons/commons-lang3/3.1/commons-lang3-3.1.jar:/home/alex/.m2/repository/commons-codec/commons-codec/1.4/commons-codec-1.4.jar:/home/alex/.m2/repository/commons-httpclient/commons-httpclient/3.0.1/commons-httpclient-3.0.1.jar:/home/alex/.m2/repository/commons-io/commons-io/2.4/commons-io-2.4.jar:/home/alex/.m2/repository/org/apache/logging/log4j/log4j-1.2-api/2.6.2/log4j-1.2-api-2.6.2.jar:/home/alex/.m2/repository/org/apache/logging/log4j/log4j-api/2.6.2/log4j-api-2.6.2.jar:/home/alex/.m2/repository/org/apache/logging/log4j/log4j-core/2.6.2/log4j-core-2.6.2.jar:/home/alex/.m2/repository/org/apache/logging/log4j/log4j-slf4j-impl/2.6.2/log4j-slf4j-impl-2.6.2.jar:/home/alex/.m2/repository/org/antlr/ST4/4.0.4/ST4-4.0.4.jar:/home/alex/.m2/repository/org/apache/ant/ant/1.9.1/ant-1.9.1.jar:/home/alex/.m2/repository/org/apache/ant/ant-launcher/1.9.1/ant-launcher-1.9.1.jar:/home/alex/.m2/repository/org/apache/commons/commons-compress/1.9/commons-compress-1.9.jar:/home/alex/.m2/repository/org/apache/ivy/ivy/2.4.0/ivy-2.4.0.jar:/home/alex/.m2/repository/org/apache/calcite/calcite-core/1.10.0/calcite-core-1.10.0.jar:/home/alex/.m2/repository/org/apache/calcite/calcite-linq4j/1.10.0/calcite-linq4j-1.10.0.jar:/home/alex/.m2/repository/net/hydromatic/eigenbase-properties/1.1.5/eigenbase-properties-1.1.5.jar:/home/alex/.m2/repository/org/codehaus/janino/janino/2.7.6/janino-2.7.6.jar:/home/alex/.m2/repository/org/codehaus/janino/commons-compiler/2.7.6/commons-compiler-2.7.6.jar:/home/alex/.m2/repository/org/apache/calcite/calcite-druid/1.10.0/calcite-druid-1.10.0.jar:/home/alex/.m2/repository/joda-time/joda-time/2.8.1/joda-time-2.8.1.jar:/home/alex/.m2/repository/org/apache/calcite/avatica/avatica/1.8.0/avatica-1.8.0.jar:/home/alex/.m2/repository/org/apache/calcite/avatica/avatica-metrics/1.8.0/avatica-metrics-1.8.0.jar:/home/alex/.m2/repository/com/google/code/gson/gson/2.2.4/gson-2.2.4.jar:/home/alex/.m2/repository/stax/stax-api/1.0.1/stax-api-1.0.1.jar:/home/alex/.m2/repository/org/apache/hadoop/hadoop-common/2.7.2/hadoop-common-2.7.2.jar:/home/alex/.m2/repository/org/apache/hadoop/hadoop-annotations/2.7.2/hadoop-annotations-2.7.2.jar:/usr/lib/jvm/java-8-openjdk-amd64/jre/../lib/tools.jar:/home/alex/.m2/repository/org/apache/commons/commons-math3/3.1.1/commons-math3-3.1.1.jar:/home/alex/.m2/repository/xmlenc/xmlenc/0.52/xmlenc-0.52.jar:/home/alex/.m2/repository/commons-net/commons-net/3.1/commons-net-3.1.jar:/home/alex/.m2/repository/commons-collections/commons-collections/3.2.2/commons-collections-3.2.2.jar:/home/alex/.m2/repository/javax/servlet/servlet-api/2.5/servlet-api-2.5.jar:/home/alex/.m2/repository/org/mortbay/jetty/jetty/6.1.26/jetty-6.1.26.jar:/home/alex/.m2/repository/org/mortbay/jetty/jetty-util/6.1.26/jetty-util-6.1.26.jar:/home/alex/.m2/repository/javax/servlet/jsp/jsp-api/2.1/jsp-api-2.1.jar:/home/alex/.m2/repository/com/sun/jersey/jersey-core/1.9/jersey-core-1.9.jar:/home/alex/.m2/repository/com/sun/jersey/jersey-json/1.9/jersey-json-1.9.jar:/home/alex/.m2/repository/org/codehaus/jettison/jettison/1.1/jettison-1.1.jar:/home/alex/.m2/repository/com/sun/xml/bind/jaxb-impl/2.2.3-1/jaxb-impl-2.2.3-1.jar:/home/alex/.m2/repository/org/codehaus/jackson/jackson-jaxrs/1.8.3/jackson-jaxrs-1.8.3.jar:/home/alex/.m2/repository/org/codehaus/jackson/jackson-xc/1.8.3/jackson-xc-1.8.3.jar:/home/alex/.m2/repository/com/sun/jersey/jersey-server/1.9/jersey-server-1.9.jar:/home/alex/.m2/repository/asm/asm/3.1/asm-3.1.jar:/home/alex/.m2/repository/commons-logging/commons-logging/1.1.3/commons-logging-1.1.3.jar:/home/alex/.m2/repository/log4j/log4j/1.2.17/log4j-1.2.17.jar:/home/alex/.m2/repository/net/java/dev/jets3t/jets3t/0.9.0/jets3t-0.9.0.jar:/home/alex/.m2/repository/com/jamesmurty/utils/java-xmlbuilder/0.4/java-xmlbuilder-0.4.jar:/home/alex/.m2/repository/commons-configuration/commons-configuration/1.6/commons-configuration-1.6.jar:/home/alex/.m2/repository/commons-digester/commons-digester/1.8/commons-digester-1.8.jar:/home/alex/.m2/repository/commons-beanutils/commons-beanutils-core/1.8.0/commons-beanutils-core-1.8.0.jar:/home/alex/.m2/repository/org/slf4j/slf4j-log4j12/1.7.10/slf4j-log4j12-1.7.10.jar:/home/alex/.m2/repository/org/codehaus/jackson/jackson-core-asl/1.9.13/jackson-core-asl-1.9.13.jar:/home/alex/.m2/repository/org/codehaus/jackson/jackson-mapper-asl/1.9.13/jackson-mapper-asl-1.9.13.jar:/home/alex/.m2/repository/org/apache/avro/avro/1.7.4/avro-1.7.4.jar:/home/alex/.m2/repository/com/thoughtworks/paranamer/paranamer/2.3/paranamer-2.3.jar:/home/alex/.m2/repository/org/xerial/snappy/snappy-java/1.0.4.1/snappy-java-1.0.4.1.jar:/home/alex/.m2/repository/org/apache/hadoop/hadoop-auth/2.7.2/hadoop-auth-2.7.2.jar:/home/alex/.m2/repository/org/apache/directory/server/apacheds-kerberos-codec/2.0.0-M15/apacheds-kerberos-codec-2.0.0-M15.jar:/home/alex/.m2/repository/org/apache/directory/server/apacheds-i18n/2.0.0-M15/apacheds-i18n-2.0.0-M15.jar:/home/alex/.m2/repository/org/apache/directory/api/api-asn1-api/1.0.0-M20/api-asn1-api-1.0.0-M20.jar:/home/alex/.m2/repository/org/apache/directory/api/api-util/1.0.0-M20/api-util-1.0.0-M20.jar:/home/alex/.m2/repository/com/jcraft/jsch/0.1.42/jsch-0.1.42.jar:/home/alex/.m2/repository/com/google/code/findbugs/jsr305/3.0.0/jsr305-3.0.0.jar:/home/alex/.m2/repository/org/apache/htrace/htrace-core/3.1.0-incubating/htrace-core-3.1.0-incubating.jar:/home/alex/.m2/repository/org/apache/hadoop/hadoop-mapreduce-client-common/2.7.2/hadoop-mapreduce-client-common-2.7.2.jar:/home/alex/.m2/repository/org/apache/hadoop/hadoop-yarn-common/2.7.2/hadoop-yarn-common-2.7.2.jar:/home/alex/.m2/repository/org/apache/hadoop/hadoop-yarn-api/2.7.2/hadoop-yarn-api-2.7.2.jar:/home/alex/.m2/repository/javax/xml/bind/jaxb-api/2.2.2/jaxb-api-2.2.2.jar:/home/alex/.m2/repository/javax/xml/stream/stax-api/1.0-2/stax-api-1.0-2.jar:/home/alex/.m2/repository/javax/activation/activation/1.1/activation-1.1.jar:/home/alex/.m2/repository/com/sun/jersey/jersey-client/1.9/jersey-client-1.9.jar:/home/alex/.m2/repository/com/sun/jersey/contribs/jersey-guice/1.9/jersey-guice-1.9.jar:/home/alex/.m2/repository/org/apache/hadoop/hadoop-yarn-client/2.7.2/hadoop-yarn-client-2.7.2.jar:/home/alex/.m2/repository/org/apache/hadoop/hadoop-mapreduce-client-core/2.7.2/hadoop-mapreduce-client-core-2.7.2.jar:/home/alex/.m2/repository/org/apache/hadoop/hadoop-yarn-server-common/2.7.2/hadoop-yarn-server-common-2.7.2.jar:/home/alex/.m2/repository/org/fusesource/leveldbjni/leveldbjni-all/1.8/leveldbjni-all-1.8.jar:/home/alex/.m2/repository/com/google/inject/extensions/guice-servlet/3.0/guice-servlet-3.0.jar:/home/alex/.m2/repository/org/apache/orc/orc-core/1.3.3/orc-core-1.3.3.jar:/home/alex/.m2/repository/io/airlift/aircompressor/0.3/aircompressor-0.3.jar:/home/alex/.m2/repository/org/apache/hive/hive-storage-api/2.2.1/hive-storage-api-2.2.1.jar:/home/alex/.m2/repository/org/junit/jupiter/junit-jupiter-engine/5.6.2/junit-jupiter-engine-5.6.2.jar:/home/alex/.m2/repository/org/apiguardian/apiguardian-api/1.1.0/apiguardian-api-1.1.0.jar:/home/alex/.m2/repository/org/junit/platform/junit-platform-engine/1.6.2/junit-platform-engine-1.6.2.jar:/home/alex/.m2/repository/org/opentest4j/opentest4j/1.2.0/opentest4j-1.2.0.jar:/home/alex/.m2/repository/org/junit/platform/junit-platform-commons/1.6.2/junit-platform-commons-1.6.2.jar:/home/alex/.m2/repository/org/junit/jupiter/junit-jupiter-api/5.6.2/junit-jupiter-api-5.6.2.jar:/home/alex/.m2/repository/org/junit/vintage/junit-vintage-engine/5.6.2/junit-vintage-engine-5.6.2.jar:/home/alex/.m2/repository/junit/junit/4.13/junit-4.13.jar:/home/alex/.m2/repository/org/hamcrest/hamcrest-core/1.3/hamcrest-core-1.3.jar:/home/alex/Repositories/hive/upgrade-acid/pre-upgrade/src/test/resources:/home/alex/Repositories/hive/upgrade-acid/pre-upgrade/target/testconf:/home/alex/Repositories/hive/upgrade-acid/pre-upgrade/target/testconf/conf:"/>
    <property name="sun.cpu.endian" value="little"/>
    <property name="nondexExecid" value="clean_oBoyZHyA98K+wb1BcuAfnX3SFlm10uylGO6DYlSKww="/>
    <property name="user.home" value="/home/alex"/>
    <property name="user.language" value="en"/>
    <property name="java.specification.vendor" value="Oracle Corporation"/>
    <property name="metastore.schema.verification" value="false"/>
    <property name="java.home" value="/usr/lib/jvm/java-8-openjdk-amd64/jre"/>
    <property name="file.separator" value="/"/>
    <property name="basedir" value="/home/alex/Repositories/hive/upgrade-acid/pre-upgrade"/>
    <property name="line.separator" value="&#10;"/>
    <property name="nondexEnd" value="9223372036854775807"/>
    <property name="metastore.warehouse.dir" value="file:///home/alex/Repositories/hive/upgrade-acid/pre-upgrade/target/warehouse"/>
    <property name="java.vm.specification.vendor" value="Oracle Corporation"/>
    <property name="java.specification.name" value="Java Platform API Specification"/>
    <property name="derby.stream.error.file" value="/home/alex/Repositories/hive/upgrade-acid/pre-upgrade/target/tmp/derby.log"/>
    <property name="java.awt.graphicsenv" value="sun.awt.X11GraphicsEnvironment"/>
    <property name="nondexFilter" value=".*"/>
    <property name="nondexSeed" value="933178"/>
    <property name="surefire.real.class.path" value="/home/alex/Repositories/hive/upgrade-acid/pre-upgrade/target/surefire/surefirebooter3574932367213352480.jar"/>
    <property name="sun.boot.class.path" value="/usr/lib/jvm/java-8-openjdk-amd64/jre/lib/resources.jar:/usr/lib/jvm/java-8-openjdk-amd64/jre/lib/rt.jar:/usr/lib/jvm/java-8-openjdk-amd64/jre/lib/sunrsasign.jar:/usr/lib/jvm/java-8-openjdk-amd64/jre/lib/jsse.jar:/usr/lib/jvm/java-8-openjdk-amd64/jre/lib/jce.jar:/usr/lib/jvm/java-8-openjdk-amd64/jre/lib/charsets.jar:/usr/lib/jvm/java-8-openjdk-amd64/jre/lib/jfr.jar:/usr/lib/jvm/java-8-openjdk-amd64/jre/classes"/>
    <property name="log4j.debug" value="true"/>
    <property name="sun.management.compiler" value="HotSpot 64-Bit Tiered Compilers"/>
    <property name="java.runtime.version" value="1.8.0_402-8u402-ga-2ubuntu1~22.04-b06"/>
    <property name="user.name" value="alex"/>
    <property name="path.separator" value=":"/>
    <property name="javax.jdo.option.ConnectionURL" value="jdbc:derby:/home/alex/Repositories/hive/upgrade-acid/pre-upgrade/target/tmp/junit_metastore_db;create=true"/>
    <property name="os.version" value="6.5.0-28-generic"/>
    <property name="java.endorsed.dirs" value="/usr/lib/jvm/java-8-openjdk-amd64/jre/lib/endorsed"/>
    <property name="java.runtime.name" value="OpenJDK Runtime Environment"/>
    <property name="file.encoding" value="UTF-8"/>
    <property name="java.vm.name" value="OpenJDK 64-Bit Server VM"/>
    <property name="localRepository" value="/home/alex/.m2/repository"/>
    <property name="build.dir" value="/home/alex/Repositories/hive/upgrade-acid/pre-upgrade/target"/>
    <property name="nondexDir" value="/home/alex/Repositories/hive/upgrade-acid/pre-upgrade/.nondex"/>
    <property name="nondexJarDir" value=".nondex"/>
    <property name="java.vendor.url.bug" value="http://bugreport.sun.com/bugreport/"/>
    <property name="java.io.tmpdir" value="/home/alex/Repositories/hive/upgrade-acid/pre-upgrade/target/tmp"/>
    <property name="java.version" value="1.8.0_402"/>
    <property name="user.dir" value="/home/alex/Repositories/hive/upgrade-acid/pre-upgrade"/>
    <property name="os.arch" value="amd64"/>
    <property name="nondexMode" value="FULL"/>
    <property name="java.vm.specification.name" value="Java Virtual Machine Specification"/>
    <property name="user.language.format" value="pt"/>
    <property name="java.awt.printerjob" value="sun.print.PSPrinterJob"/>
    <property name="sun.os.patch.level" value="unknown"/>
    <property name="derby.version" value=""/>
    <property name="java.library.path" value="/usr/java/packages/lib/amd64:/usr/lib/x86_64-linux-gnu/jni:/lib/x86_64-linux-gnu:/usr/lib/x86_64-linux-gnu:/usr/lib/jni:/lib:/usr/lib"/>
    <property name="java.vendor" value="Private Build"/>
    <property name="java.vm.info" value="mixed mode"/>
    <property name="java.vm.version" value="25.402-b06"/>
    <property name="java.specification.maintenance.version" value="5"/>
    <property name="sun.io.unicode.encoding" value="UnicodeLittle"/>
    <property name="java.ext.dirs" value="/usr/lib/jvm/java-8-openjdk-amd64/jre/lib/ext:/usr/java/packages/lib/ext"/>
    <property name="datanucleus.schema.autoCreateAll" value="true"/>
    <property name="java.class.version" value="52.0"/>
  </properties>
  <testcase name="testSubsequentGetsInTheSameThreadGivesBackTheSameObject" classname="org.apache.hadoop.hive.upgrade.acid.TestCloseableThreadLocal" time="0.945"/>
  <testcase name="testResourcesAreInitiallyNotClosed" classname="org.apache.hadoop.hive.upgrade.acid.TestCloseableThreadLocal" time="0"/>
  <testcase name="testDifferentThreadsHasDifferentInstancesOfTheResource" classname="org.apache.hadoop.hive.upgrade.acid.TestCloseableThreadLocal" time="0.002"/>
  <testcase name="testAfterCallingCloseAllInstancesAreClosed" classname="org.apache.hadoop.hive.upgrade.acid.TestCloseableThreadLocal" time="0.001"/>
</testsuite>