<?xml version="1.0" encoding="UTF-8"?>
<testsuite xmlns:xsi="http://www.w3.org/2001/XMLSchema-instance" xsi:noNamespaceSchemaLocation="https://maven.apache.org/surefire/maven-surefire-plugin/xsd/surefire-test-report-3.0.xsd" version="3.0" name="org.apache.hive.hcatalog.api.TestHCatClient" time="450.139" tests="19" errors="0" skipped="0" failures="5">
  <properties>
    <property name="build.test.dir" value="/home/alex/Repositories/hive/hcatalog/webhcat/java-client/target/tmp"/>
    <property name="awt.toolkit" value="sun.awt.X11.XToolkit"/>
    <property name="test.tmp.dir.uri" value="file:///home/alex/Repositories/hive/hcatalog/webhcat/java-client/target/tmp"/>
    <property name="java.specification.version" value="1.8"/>
    <property name="qfile" value=""/>
    <property name="sun.cpu.isalist" value=""/>
    <property name="test.warehouse.dir" value="pfile:///home/alex/Repositories/hive/hcatalog/webhcat/java-client/target/warehouse"/>
    <property name="sun.jnu.encoding" value="UTF-8"/>
    <property name="run_disabled" value=""/>
    <property name="nondexPrintstack" value="false"/>
    <property name="sun.arch.data.model" value="64"/>
    <property name="java.vendor.url" value="http://java.oracle.com/"/>
    <property name="user.country.format" value="PT"/>
    <property name="test.tmp.dir" value="/home/alex/Repositories/hive/hcatalog/webhcat/java-client/target/tmp"/>
    <property name="sun.boot.library.path" value="/usr/lib/jvm/java-8-openjdk-amd64/jre/lib/amd64"/>
    <property name="sun.java.command" value="/home/alex/Repositories/hive/hcatalog/webhcat/java-client/target/surefire/surefirebooter1701924136166944648.jar /home/alex/Repositories/hive/hcatalog/webhcat/java-client/target/surefire 2024-04-23T21-59-46_173-jvmRun1 surefire1411022794558970739tmp surefire_38638853918083064015407tmp"/>
    <property name="hive.metastore.event.message.factory" value="org.apache.hadoop.hive.metastore.messaging.json.JSONMessageEncoder"/>
    <property name="nondexExecid" value="9RzKraY3NG6eHZ3wOV1aJVVxi436Xlt7tbvQRA6YY4o="/>
    <property name="java.specification.vendor" value="Oracle Corporation"/>
    <property name="java.home" value="/usr/lib/jvm/java-8-openjdk-amd64/jre"/>
    <property name="basedir" value="/home/alex/Repositories/hive/hcatalog/webhcat/java-client"/>
    <property name="file.separator" value="/"/>
    <property name="nondexEnd" value="9223372036854775807"/>
    <property name="line.separator" value="&#10;"/>
    <property name="hive.exec.post.hooks" value=" "/>
    <property name="java.specification.name" value="Java Platform API Specification"/>
    <property name="java.vm.specification.vendor" value="Oracle Corporation"/>
    <property name="derby.stream.error.file" value="/home/alex/Repositories/hive/hcatalog/webhcat/java-client/target/tmp/derby.log"/>
    <property name="sun.boot.class.path" value="/home/alex/Repositories/hive/hcatalog/webhcat/java-client/.nondex/nondex-instr.jar:/home/alex/.m2/repository/edu/illinois/nondex-common/2.1.7/nondex-common-2.1.7.jar:/home/alex/.m2/repository/edu/illinois/nondex-annotations/2.1.7/nondex-annotations-2.1.7.jar:/usr/lib/jvm/java-8-openjdk-amd64/jre/lib/resources.jar:/usr/lib/jvm/java-8-openjdk-amd64/jre/lib/rt.jar:/usr/lib/jvm/java-8-openjdk-amd64/jre/lib/sunrsasign.jar:/usr/lib/jvm/java-8-openjdk-amd64/jre/lib/jsse.jar:/usr/lib/jvm/java-8-openjdk-amd64/jre/lib/jce.jar:/usr/lib/jvm/java-8-openjdk-amd64/jre/lib/charsets.jar:/usr/lib/jvm/java-8-openjdk-amd64/jre/lib/jfr.jar:/usr/lib/jvm/java-8-openjdk-amd64/jre/classes"/>
    <property name="log4j.debug" value="true"/>
    <property name="sun.management.compiler" value="HotSpot 64-Bit Tiered Compilers"/>
    <property name="spark.home" value=""/>
    <property name="java.runtime.version" value="1.8.0_402-8u402-ga-2ubuntu1~22.04-b06"/>
    <property name="user.name" value="alex"/>
    <property name="test.src.tables" value=""/>
    <property name="file.encoding" value="UTF-8"/>
    <property name="qfile_regex" value=""/>
    <property name="hadoop.bin.path" value="/home/alex/Repositories/hive/hcatalog/webhcat/java-client/../../../testutils/hadoop"/>
    <property name="localRepository" value="/home/alex/.m2/repository"/>
    <property name="build.dir" value="/home/alex/Repositories/hive/hcatalog/webhcat/java-client/target"/>
    <property name="nondexDir" value="/home/alex/Repositories/hive/hcatalog/webhcat/java-client/.nondex"/>
    <property name="mapred.job.tracker" value="local"/>
    <property name="nondexJarDir" value="/home/alex/Repositories/hive/hcatalog/webhcat/java-client/.nondex"/>
    <property name="java.io.tmpdir" value="/home/alex/Repositories/hive/hcatalog/webhcat/java-client/target/tmp"/>
    <property name="com.zaxxer.hikari.pool_number" value="11"/>
    <property name="java.version" value="1.8.0_402"/>
    <property name="hive.version" value="4.0.0-SNAPSHOT"/>
    <property name="java.vm.specification.name" value="Java Virtual Machine Specification"/>
    <property name="java.awt.printerjob" value="sun.print.PSPrinterJob"/>
    <property name="sun.os.patch.level" value="unknown"/>
    <property name="test.data.dir" value="/home/alex/Repositories/hive/hcatalog/webhcat/java-client/../../../data/files"/>
    <property name="java.library.path" value="/usr/java/packages/lib/amd64:/usr/lib/x86_64-linux-gnu/jni:/lib/x86_64-linux-gnu:/usr/lib/x86_64-linux-gnu:/usr/lib/jni:/lib:/usr/lib"/>
    <property name="java.vendor" value="Private Build"/>
    <property name="java.specification.maintenance.version" value="5"/>
    <property name="sun.io.unicode.encoding" value="UnicodeLittle"/>
    <property name="initScript" value=""/>
    <property name="sun.desktop" value="gnome"/>
    <property name="nondexStart" value="0"/>
    <property name="file.encoding.pkg" value="sun.io"/>
    <property name="log4j.configurationFile" value="file:///home/alex/Repositories/hive/hcatalog/webhcat/java-client/target/testconf/hive-log4j2.properties"/>
    <property name="java.class.path" value="/home/alex/Repositories/hive/hcatalog/webhcat/java-client/target/test-classes:/home/alex/Repositories/hive/hcatalog/webhcat/java-client/target/classes:/home/alex/Repositories/hive/hcatalog/core/target/classes:/home/alex/Repositories/hive/cli/target/classes:/home/alex/Repositories/hive/service/target/classes:/home/alex/Repositories/hive/llap-server/target/classes:/home/alex/.m2/repository/com/lmax/disruptor/3.3.7/disruptor-3.3.7.jar:/home/alex/Repositories/hive/llap-common/target/test-classes:/home/alex/Repositories/hive/hplsql/target/classes:/home/alex/.m2/repository/org/antlr/antlr4-runtime/4.5/antlr4-runtime-4.5.jar:/home/alex/.m2/repository/org/abego/treelayout/org.abego.treelayout.core/1.0.1/org.abego.treelayout.core-1.0.1.jar:/home/alex/.m2/repository/javax/servlet/jsp/javax.servlet.jsp-api/2.3.1/javax.servlet.jsp-api-2.3.1.jar:/home/alex/.m2/repository/org/eclipse/jetty/jetty-runner/9.3.27.v20190418/jetty-runner-9.3.27.v20190418.jar:/home/alex/.m2/repository/org/eclipse/jetty/jetty-plus/9.3.27.v20190418/jetty-plus-9.3.27.v20190418.jar:/home/alex/.m2/repository/org/eclipse/jetty/jetty-annotations/9.3.27.v20190418/jetty-annotations-9.3.27.v20190418.jar:/home/alex/.m2/repository/org/ow2/asm/asm-commons/6.0/asm-commons-6.0.jar:/home/alex/.m2/repository/org/ow2/asm/asm-tree/6.0/asm-tree-6.0.jar:/home/alex/.m2/repository/org/eclipse/jetty/jetty-jaas/9.3.27.v20190418/jetty-jaas-9.3.27.v20190418.jar:/home/alex/.m2/repository/org/eclipse/jetty/websocket/websocket-server/9.3.27.v20190418/websocket-server-9.3.27.v20190418.jar:/home/alex/.m2/repository/org/eclipse/jetty/websocket/websocket-common/9.3.27.v20190418/websocket-common-9.3.27.v20190418.jar:/home/alex/.m2/repository/org/eclipse/jetty/websocket/websocket-api/9.3.27.v20190418/websocket-api-9.3.27.v20190418.jar:/home/alex/.m2/repository/org/eclipse/jetty/websocket/websocket-client/9.3.27.v20190418/websocket-client-9.3.27.v20190418.jar:/home/alex/.m2/repository/org/eclipse/jetty/websocket/websocket-servlet/9.3.27.v20190418/websocket-servlet-9.3.27.v20190418.jar:/home/alex/.m2/repository/org/eclipse/jetty/jetty-jndi/9.3.27.v20190418/jetty-jndi-9.3.27.v20190418.jar:/home/alex/.m2/repository/org/eclipse/jetty/apache-jsp/9.3.27.v20190418/apache-jsp-9.3.27.v20190418.jar:/home/alex/.m2/repository/org/eclipse/jetty/toolchain/jetty-schemas/3.1/jetty-schemas-3.1.jar:/home/alex/.m2/repository/org/eclipse/jdt/core/compiler/ecj/4.4.2/ecj-4.4.2.jar:/home/alex/.m2/repository/org/eclipse/jetty/apache-jstl/9.3.27.v20190418/apache-jstl-9.3.27.v20190418.jar:/home/alex/.m2/repository/org/apache/taglibs/taglibs-standard-spec/1.2.5/taglibs-standard-spec-1.2.5.jar:/home/alex/.m2/repository/org/apache/taglibs/taglibs-standard-impl/1.2.5/taglibs-standard-impl-1.2.5.jar:/home/alex/.m2/repository/org/bouncycastle/bcprov-jdk15on/1.64/bcprov-jdk15on-1.64.jar:/home/alex/.m2/repository/org/apache/santuario/xmlsec/2.2.1/xmlsec-2.2.1.jar:/home/alex/.m2/repository/org/jamon/jamon-runtime/2.3.1/jamon-runtime-2.3.1.jar:/home/alex/Repositories/hive/common/target/classes:/home/alex/Repositories/hive/classification/target/classes:/home/alex/.m2/repository/org/eclipse/jetty/jetty-http/9.3.27.v20190418/jetty-http-9.3.27.v20190418.jar:/home/alex/.m2/repository/org/eclipse/jetty/jetty-rewrite/9.3.27.v20190418/jetty-rewrite-9.3.27.v20190418.jar:/home/alex/.m2/repository/org/eclipse/jetty/jetty-client/9.3.27.v20190418/jetty-client-9.3.27.v20190418.jar:/home/alex/.m2/repository/org/apache/logging/log4j/log4j-web/2.13.2/log4j-web-2.13.2.jar:/home/alex/.m2/repository/net/sf/jpam/jpam/1.1/jpam-1.1.jar:/home/alex/Repositories/hive/metastore/target/classes:/home/alex/.m2/repository/com/google/guava/guava/19.0/guava-19.0.jar:/home/alex/.m2/repository/com/fasterxml/jackson/core/jackson-annotations/2.12.0/jackson-annotations-2.12.0.jar:/home/alex/.m2/repository/com/fasterxml/jackson/core/jackson-core/2.12.0/jackson-core-2.12.0.jar:/home/alex/.m2/repository/com/fasterxml/jackson/core/jackson-databind/2.12.0/jackson-databind-2.12.0.jar:/home/alex/.m2/repository/org/apache/hadoop/hadoop-annotations/3.1.0/hadoop-annotations-3.1.0.jar:/usr/lib/jvm/java-8-openjdk-amd64/jre/../lib/tools.jar:/home/alex/.m2/repository/org/apache/hadoop/hadoop-archives/3.1.0/hadoop-archives-3.1.0.jar:/home/alex/.m2/repository/org/apache/hadoop/hadoop-hdfs/3.1.0/hadoop-hdfs-3.1.0.jar:/home/alex/.m2/repository/org/eclipse/jetty/jetty-util-ajax/9.3.19.v20170502/jetty-util-ajax-9.3.19.v20170502.jar:/home/alex/.m2/repository/commons-daemon/commons-daemon/1.0.13/commons-daemon-1.0.13.jar:/home/alex/.m2/repository/io/netty/netty-all/4.1.65.Final/netty-all-4.1.65.Final.jar:/home/alex/.m2/repository/org/fusesource/leveldbjni/leveldbjni-all/1.8/leveldbjni-all-1.8.jar:/home/alex/Repositories/hive/hcatalog/server-extensions/target/classes:/home/alex/.m2/repository/jakarta/jms/jakarta.jms-api/2.0.2/jakarta.jms-api-2.0.2.jar:/home/alex/Repositories/hive/ql/target/classes:/home/alex/.m2/repository/org/apache/atlas/atlas-client-v2/2.1.0/atlas-client-v2-2.1.0.jar:/home/alex/.m2/repository/cglib/cglib/2.2.2/cglib-2.2.2.jar:/home/alex/.m2/repository/asm/asm/3.3.1/asm-3.3.1.jar:/home/alex/.m2/repository/org/apache/atlas/atlas-client-common/2.1.0/atlas-client-common-2.1.0.jar:/home/alex/.m2/repository/org/apache/httpcomponents/httpclient/4.5.13/httpclient-4.5.13.jar:/home/alex/.m2/repository/com/sun/jersey/jersey-client/1.19/jersey-client-1.19.jar:/home/alex/.m2/repository/org/apache/atlas/atlas-intg/2.1.0/atlas-intg-2.1.0.jar:/home/alex/.m2/repository/commons-validator/commons-validator/1.6/commons-validator-1.6.jar:/home/alex/.m2/repository/commons-digester/commons-digester/1.8.1/commons-digester-1.8.1.jar:/home/alex/.m2/repository/com/fasterxml/jackson/jaxrs/jackson-jaxrs-base/2.12.0/jackson-jaxrs-base-2.12.0.jar:/home/alex/.m2/repository/com/fasterxml/jackson/jaxrs/jackson-jaxrs-json-provider/2.12.0/jackson-jaxrs-json-provider-2.12.0.jar:/home/alex/.m2/repository/javax/inject/javax.inject/1/javax.inject-1.jar:/home/alex/.m2/repository/org/springframework/spring-context/4.3.20.RELEASE/spring-context-4.3.20.RELEASE.jar:/home/alex/.m2/repository/org/springframework/spring-aop/4.3.20.RELEASE/spring-aop-4.3.20.RELEASE.jar:/home/alex/.m2/repository/org/springframework/spring-beans/4.3.20.RELEASE/spring-beans-4.3.20.RELEASE.jar:/home/alex/.m2/repository/org/springframework/spring-core/4.3.20.RELEASE/spring-core-4.3.20.RELEASE.jar:/home/alex/.m2/repository/org/springframework/spring-expression/4.3.20.RELEASE/spring-expression-4.3.20.RELEASE.jar:/home/alex/.m2/repository/commons-configuration/commons-configuration/1.10/commons-configuration-1.10.jar:/home/alex/.m2/repository/org/apache/commons/commons-math3/3.6.1/commons-math3-3.6.1.jar:/home/alex/Repositories/hive/vector-code-gen/target/classes:/home/alex/.m2/repository/org/apache/velocity/velocity/1.5/velocity-1.5.jar:/home/alex/Repositories/hive/serde/target/classes:/home/alex/.m2/repository/org/apache/arrow/arrow-vector/0.15.1/arrow-vector-0.15.1.jar:/home/alex/.m2/repository/org/apache/arrow/arrow-format/0.15.1/arrow-format-0.15.1.jar:/home/alex/.m2/repository/org/apache/arrow/arrow-memory/0.15.1/arrow-memory-0.15.1.jar:/home/alex/.m2/repository/com/google/flatbuffers/flatbuffers-java/1.9.0/flatbuffers-java-1.9.0.jar:/home/alex/.m2/repository/com/carrotsearch/hppc/0.7.2/hppc-0.7.2.jar:/home/alex/.m2/repository/com/github/davidmoten/flatbuffers-java/1.6.0.1/flatbuffers-java-1.6.0.1.jar:/home/alex/Repositories/hive/parser/target/classes:/home/alex/Repositories/hive/udf/target/classes:/home/alex/Repositories/hive/service-rpc/target/classes:/home/alex/Repositories/hive/llap-client/target/classes:/home/alex/Repositories/hive/llap-common/target/classes:/home/alex/.m2/repository/io/jsonwebtoken/jjwt-api/0.10.5/jjwt-api-0.10.5.jar:/home/alex/.m2/repository/io/jsonwebtoken/jjwt-impl/0.10.5/jjwt-impl-0.10.5.jar:/home/alex/.m2/repository/io/jsonwebtoken/jjwt-jackson/0.10.5/jjwt-jackson-0.10.5.jar:/home/alex/Repositories/hive/llap-tez/target/classes:/home/alex/Repositories/hive/shims/aggregator/target/classes:/home/alex/Repositories/hive/shims/common/target/classes:/home/alex/Repositories/hive/shims/0.23/target/classes:/home/alex/.m2/repository/org/apache/hadoop/hadoop-yarn-server-resourcemanager/3.1.0/hadoop-yarn-server-resourcemanager-3.1.0.jar:/home/alex/.m2/repository/org/apache/hadoop/hadoop-yarn-server-common/3.1.0/hadoop-yarn-server-common-3.1.0.jar:/home/alex/.m2/repository/org/apache/geronimo/specs/geronimo-jcache_1.0_spec/1.0-alpha-1/geronimo-jcache_1.0_spec-1.0-alpha-1.jar:/home/alex/.m2/repository/org/ehcache/ehcache/3.3.1/ehcache-3.3.1.jar:/home/alex/.m2/repository/com/zaxxer/HikariCP-java7/2.4.12/HikariCP-java7-2.4.12.jar:/home/alex/.m2/repository/org/apache/hadoop/hadoop-yarn-server-applicationhistoryservice/3.1.0/hadoop-yarn-server-applicationhistoryservice-3.1.0.jar:/home/alex/.m2/repository/de/ruedigermoeller/fst/2.50/fst-2.50.jar:/home/alex/.m2/repository/com/cedarsoftware/java-util/1.9.0/java-util-1.9.0.jar:/home/alex/.m2/repository/com/cedarsoftware/json-io/2.5.1/json-io-2.5.1.jar:/home/alex/Repositories/hive/shims/scheduler/target/classes:/home/alex/Repositories/hive/spark-client/target/classes:/home/alex/.m2/repository/com/fasterxml/jackson/module/jackson-module-scala_2.12/2.12.0/jackson-module-scala_2.12-2.12.0.jar:/home/alex/.m2/repository/org/scala-lang/scala-library/2.12.10/scala-library-2.12.10.jar:/home/alex/.m2/repository/org/apache/spark/spark-core_2.12/2.4.5/spark-core_2.12-2.4.5.jar:/home/alex/.m2/repository/com/twitter/chill_2.12/0.9.3/chill_2.12-0.9.3.jar:/home/alex/.m2/repository/com/twitter/chill-java/0.9.3/chill-java-0.9.3.jar:/home/alex/.m2/repository/org/apache/xbean/xbean-asm6-shaded/4.8/xbean-asm6-shaded-4.8.jar:/home/alex/.m2/repository/org/apache/hadoop/hadoop-client/3.1.0/hadoop-client-3.1.0.jar:/home/alex/.m2/repository/org/apache/hadoop/hadoop-mapreduce-client-jobclient/3.1.0/hadoop-mapreduce-client-jobclient-3.1.0.jar:/home/alex/.m2/repository/org/apache/hadoop/hadoop-mapreduce-client-common/3.1.0/hadoop-mapreduce-client-common-3.1.0.jar:/home/alex/.m2/repository/org/apache/spark/spark-launcher_2.12/2.4.5/spark-launcher_2.12-2.4.5.jar:/home/alex/.m2/repository/org/apache/spark/spark-kvstore_2.12/2.4.5/spark-kvstore_2.12-2.4.5.jar:/home/alex/.m2/repository/org/apache/spark/spark-network-common_2.12/2.4.5/spark-network-common_2.12-2.4.5.jar:/home/alex/.m2/repository/org/apache/spark/spark-network-shuffle_2.12/2.4.5/spark-network-shuffle_2.12-2.4.5.jar:/home/alex/.m2/repository/org/apache/spark/spark-unsafe_2.12/2.4.5/spark-unsafe_2.12-2.4.5.jar:/home/alex/.m2/repository/javax/activation/activation/1.1.1/activation-1.1.1.jar:/home/alex/.m2/repository/org/slf4j/jul-to-slf4j/1.7.16/jul-to-slf4j-1.7.16.jar:/home/alex/.m2/repository/org/slf4j/jcl-over-slf4j/1.7.16/jcl-over-slf4j-1.7.16.jar:/home/alex/.m2/repository/com/ning/compress-lzf/1.0.3/compress-lzf-1.0.3.jar:/home/alex/.m2/repository/org/roaringbitmap/RoaringBitmap/0.7.45/RoaringBitmap-0.7.45.jar:/home/alex/.m2/repository/org/roaringbitmap/shims/0.7.45/shims-0.7.45.jar:/home/alex/.m2/repository/org/json4s/json4s-jackson_2.12/3.5.3/json4s-jackson_2.12-3.5.3.jar:/home/alex/.m2/repository/org/json4s/json4s-core_2.12/3.5.3/json4s-core_2.12-3.5.3.jar:/home/alex/.m2/repository/org/json4s/json4s-ast_2.12/3.5.3/json4s-ast_2.12-3.5.3.jar:/home/alex/.m2/repository/org/json4s/json4s-scalap_2.12/3.5.3/json4s-scalap_2.12-3.5.3.jar:/home/alex/.m2/repository/org/scala-lang/modules/scala-xml_2.12/1.0.6/scala-xml_2.12-1.0.6.jar:/home/alex/.m2/repository/com/clearspring/analytics/stream/2.7.0/stream-2.7.0.jar:/home/alex/.m2/repository/io/dropwizard/metrics/metrics-graphite/3.1.5/metrics-graphite-3.1.5.jar:/home/alex/.m2/repository/net/razorvine/pyrolite/4.13/pyrolite-4.13.jar:/home/alex/.m2/repository/net/sf/py4j/py4j/0.10.7/py4j-0.10.7.jar:/home/alex/.m2/repository/org/apache/spark/spark-tags_2.12/2.4.5/spark-tags_2.12-2.4.5.jar:/home/alex/.m2/repository/org/apache/commons/commons-crypto/1.0.0/commons-crypto-1.0.0.jar:/home/alex/.m2/repository/org/spark-project/spark/unused/1.0.0/unused-1.0.0.jar:/home/alex/.m2/repository/org/apache/spark/spark-yarn_2.12/2.4.5/spark-yarn_2.12-2.4.5.jar:/home/alex/.m2/repository/org/apache/hadoop/hadoop-yarn-server-web-proxy/3.1.0/hadoop-yarn-server-web-proxy-3.1.0.jar:/home/alex/Repositories/hive/storage-api/target/classes:/home/alex/.m2/repository/com/amazonaws/secretsmanager/aws-secretsmanager-caching-java/1.0.1/aws-secretsmanager-caching-java-1.0.1.jar:/home/alex/.m2/repository/com/esotericsoftware/kryo/5.0.3/kryo-5.0.3.jar:/home/alex/.m2/repository/com/esotericsoftware/minlog/1.3.1/minlog-1.3.1.jar:/home/alex/.m2/repository/com/esotericsoftware/reflectasm/1.11.9/reflectasm-1.11.9.jar:/home/alex/.m2/repository/com/google/protobuf/protobuf-java/2.5.0/protobuf-java-2.5.0.jar:/home/alex/.m2/repository/org/apache/parquet/parquet-hadoop-bundle/1.11.1/parquet-hadoop-bundle-1.11.1.jar:/home/alex/.m2/repository/commons-codec/commons-codec/1.15/commons-codec-1.15.jar:/home/alex/.m2/repository/commons-io/commons-io/2.6/commons-io-2.6.jar:/home/alex/.m2/repository/org/apache/commons/commons-collections4/4.1/commons-collections4-4.1.jar:/home/alex/.m2/repository/org/apache/commons/commons-lang3/3.9/commons-lang3-3.9.jar:/home/alex/.m2/repository/org/apache/commons/commons-text/1.8/commons-text-1.8.jar:/home/alex/.m2/repository/javolution/javolution/5.5.1/javolution-5.5.1.jar:/home/alex/.m2/repository/org/apache/logging/log4j/log4j-1.2-api/2.13.2/log4j-1.2-api-2.13.2.jar:/home/alex/.m2/repository/org/apache/logging/log4j/log4j-api/2.13.2/log4j-api-2.13.2.jar:/home/alex/.m2/repository/org/apache/logging/log4j/log4j-core/2.13.2/log4j-core-2.13.2.jar:/home/alex/.m2/repository/org/apache/logging/log4j/log4j-slf4j-impl/2.13.2/log4j-slf4j-impl-2.13.2.jar:/home/alex/.m2/repository/org/antlr/antlr-runtime/3.5.2/antlr-runtime-3.5.2.jar:/home/alex/.m2/repository/org/antlr/ST4/4.0.4/ST4-4.0.4.jar:/home/alex/.m2/repository/org/apache/avro/avro/1.8.2/avro-1.8.2.jar:/home/alex/.m2/repository/com/thoughtworks/paranamer/paranamer/2.8/paranamer-2.8.jar:/home/alex/.m2/repository/org/xerial/snappy/snappy-java/1.1.4/snappy-java-1.1.4.jar:/home/alex/.m2/repository/org/tukaani/xz/1.5/xz-1.5.jar:/home/alex/.m2/repository/org/apache/avro/avro-mapred/1.8.2/avro-mapred-1.8.2-hadoop2.jar:/home/alex/.m2/repository/org/apache/avro/avro-ipc/1.8.2/avro-ipc-1.8.2.jar:/home/alex/.m2/repository/org/apache/ant/ant/1.9.1/ant-1.9.1.jar:/home/alex/.m2/repository/org/apache/ant/ant-launcher/1.9.1/ant-launcher-1.9.1.jar:/home/alex/.m2/repository/org/apache/commons/commons-compress/1.21/commons-compress-1.21.jar:/home/alex/.m2/repository/org/apache/thrift/libfb303/0.9.3/libfb303-0.9.3.jar:/home/alex/.m2/repository/org/apache/hadoop/hadoop-yarn-registry/3.1.0/hadoop-yarn-registry-3.1.0.jar:/home/alex/.m2/repository/org/apache/hadoop/hadoop-yarn-api/3.1.0/hadoop-yarn-api-3.1.0.jar:/home/alex/.m2/repository/org/apache/curator/curator-client/4.2.0/curator-client-4.2.0.jar:/home/alex/.m2/repository/dnsjava/dnsjava/2.1.7/dnsjava-2.1.7.jar:/home/alex/.m2/repository/org/apache/orc/orc-tools/1.6.9/orc-tools-1.6.9.jar:/home/alex/.m2/repository/com/opencsv/opencsv/3.9/opencsv-3.9.jar:/home/alex/.m2/repository/org/codehaus/jettison/jettison/1.1/jettison-1.1.jar:/home/alex/.m2/repository/org/threeten/threetenbp/1.3.5/threetenbp-1.3.5.jar:/home/alex/.m2/repository/org/apache/ivy/ivy/2.4.0/ivy-2.4.0.jar:/home/alex/.m2/repository/org/apache/thrift/libthrift/0.14.1/libthrift-0.14.1.jar:/home/alex/.m2/repository/org/apache/httpcomponents/httpcore/4.4.13/httpcore-4.4.13.jar:/home/alex/.m2/repository/org/apache/tomcat/embed/tomcat-embed-core/8.5.46/tomcat-embed-core-8.5.46.jar:/home/alex/.m2/repository/org/apache/tomcat/tomcat-annotations-api/8.5.46/tomcat-annotations-api-8.5.46.jar:/home/alex/.m2/repository/javax/annotation/javax.annotation-api/1.3.2/javax.annotation-api-1.3.2.jar:/home/alex/.m2/repository/org/apache/zookeeper/zookeeper/3.5.5/zookeeper-3.5.5.jar:/home/alex/.m2/repository/org/apache/zookeeper/zookeeper-jute/3.5.5/zookeeper-jute-3.5.5.jar:/home/alex/.m2/repository/org/apache/yetus/audience-annotations/0.5.0/audience-annotations-0.5.0.jar:/home/alex/.m2/repository/org/apache/curator/curator-framework/4.2.0/curator-framework-4.2.0.jar:/home/alex/.m2/repository/org/apache/datasketches/datasketches-hive/1.1.0-incubating/datasketches-hive-1.1.0-incubating.jar:/home/alex/.m2/repository/org/apache/datasketches/datasketches-java/1.3.0-incubating/datasketches-java-1.3.0-incubating.jar:/home/alex/.m2/repository/org/apache/datasketches/datasketches-memory/1.2.0-incubating/datasketches-memory-1.2.0-incubating.jar:/home/alex/.m2/repository/org/slf4j/slf4j-simple/1.7.27/slf4j-simple-1.7.27.jar:/home/alex/.m2/repository/org/codehaus/groovy/groovy-all/2.4.11/groovy-all-2.4.11.jar:/home/alex/.m2/repository/org/jodd/jodd-util/6.0.0/jodd-util-6.0.0.jar:/home/alex/.m2/repository/com/fasterxml/jackson/dataformat/jackson-dataformat-yaml/2.12.0/jackson-dataformat-yaml-2.12.0.jar:/home/alex/.m2/repository/org/yaml/snakeyaml/1.27/snakeyaml-1.27.jar:/home/alex/.m2/repository/org/datanucleus/datanucleus-core/5.2.4/datanucleus-core-5.2.4.jar:/home/alex/.m2/repository/org/apache/calcite/calcite-core/1.25.0/calcite-core-1.25.0.jar:/home/alex/.m2/repository/org/apache/calcite/calcite-linq4j/1.25.0/calcite-linq4j-1.25.0.jar:/home/alex/.m2/repository/org/apiguardian/apiguardian-api/1.1.0/apiguardian-api-1.1.0.jar:/home/alex/.m2/repository/com/esri/geometry/esri-geometry-api/2.2.0/esri-geometry-api-2.2.0.jar:/home/alex/.m2/repository/com/yahoo/datasketches/sketches-core/0.9.0/sketches-core-0.9.0.jar:/home/alex/.m2/repository/com/yahoo/datasketches/memory/0.9.0/memory-0.9.0.jar:/home/alex/.m2/repository/org/apache/calcite/calcite-druid/1.25.0/calcite-druid-1.25.0.jar:/home/alex/.m2/repository/org/apache/calcite/avatica/avatica/1.12.0/avatica-1.12.0.jar:/home/alex/.m2/repository/com/googlecode/javaewah/JavaEWAH/0.3.2/JavaEWAH-0.3.2.jar:/home/alex/.m2/repository/com/google/code/gson/gson/2.2.4/gson-2.2.4.jar:/home/alex/.m2/repository/com/tdunning/json/1.8/json-1.8.jar:/home/alex/.m2/repository/stax/stax-api/1.0.1/stax-api-1.0.1.jar:/home/alex/.m2/repository/net/sf/opencsv/opencsv/2.3/opencsv-2.3.jar:/home/alex/Repositories/hive/standalone-metastore/metastore-server/target/classes:/home/alex/.m2/repository/com/google/re2j/re2j/1.2/re2j-1.2.jar:/home/alex/.m2/repository/org/reflections/reflections/0.9.10/reflections-0.9.10.jar:/home/alex/.m2/repository/org/javassist/javassist/3.19.0-GA/javassist-3.19.0-GA.jar:/home/alex/.m2/repository/com/jayway/jsonpath/json-path/2.4.0/json-path-2.4.0.jar:/home/alex/.m2/repository/net/minidev/json-smart/2.3/json-smart-2.3.jar:/home/alex/.m2/repository/net/minidev/accessors-smart/1.2/accessors-smart-1.2.jar:/home/alex/.m2/repository/org/ow2/asm/asm/5.0.4/asm-5.0.4.jar:/home/alex/.m2/repository/org/codehaus/janino/commons-compiler/3.0.11/commons-compiler-3.0.11.jar:/home/alex/.m2/repository/org/codehaus/janino/janino/3.0.11/janino-3.0.11.jar:/home/alex/.m2/repository/com/sun/jersey/contribs/jersey-multipart/1.19/jersey-multipart-1.19.jar:/home/alex/.m2/repository/org/jvnet/mimepull/mimepull/1.9.3/mimepull-1.9.3.jar:/home/alex/.m2/repository/org/apache/kafka/kafka-clients/2.5.0/kafka-clients-2.5.0.jar:/home/alex/.m2/repository/com/github/luben/zstd-jni/1.4.4-7/zstd-jni-1.4.4-7.jar:/home/alex/.m2/repository/org/lz4/lz4-java/1.7.1/lz4-java-1.7.1.jar:/home/alex/.m2/repository/org/apache/hadoop/hadoop-common/3.1.0/hadoop-common-3.1.0.jar:/home/alex/.m2/repository/commons-cli/commons-cli/1.4/commons-cli-1.4.jar:/home/alex/.m2/repository/commons-net/commons-net/3.6/commons-net-3.6.jar:/home/alex/.m2/repository/commons-collections/commons-collections/3.2.2/commons-collections-3.2.2.jar:/home/alex/.m2/repository/javax/servlet/javax.servlet-api/3.1.0/javax.servlet-api-3.1.0.jar:/home/alex/.m2/repository/org/eclipse/jetty/jetty-server/9.3.27.v20190418/jetty-server-9.3.27.v20190418.jar:/home/alex/.m2/repository/org/eclipse/jetty/jetty-io/9.3.27.v20190418/jetty-io-9.3.27.v20190418.jar:/home/alex/.m2/repository/org/eclipse/jetty/jetty-util/9.3.27.v20190418/jetty-util-9.3.27.v20190418.jar:/home/alex/.m2/repository/org/eclipse/jetty/jetty-servlet/9.3.27.v20190418/jetty-servlet-9.3.27.v20190418.jar:/home/alex/.m2/repository/org/eclipse/jetty/jetty-security/9.3.27.v20190418/jetty-security-9.3.27.v20190418.jar:/home/alex/.m2/repository/org/eclipse/jetty/jetty-webapp/9.3.27.v20190418/jetty-webapp-9.3.27.v20190418.jar:/home/alex/.m2/repository/org/eclipse/jetty/jetty-xml/9.3.27.v20190418/jetty-xml-9.3.27.v20190418.jar:/home/alex/.m2/repository/javax/servlet/jsp/jsp-api/2.1/jsp-api-2.1.jar:/home/alex/.m2/repository/com/sun/jersey/jersey-core/1.19/jersey-core-1.19.jar:/home/alex/.m2/repository/javax/ws/rs/jsr311-api/1.1.1/jsr311-api-1.1.1.jar:/home/alex/.m2/repository/com/sun/jersey/jersey-servlet/1.19/jersey-servlet-1.19.jar:/home/alex/.m2/repository/com/sun/jersey/jersey-json/1.19/jersey-json-1.19.jar:/home/alex/.m2/repository/com/sun/xml/bind/jaxb-impl/2.2.3-1/jaxb-impl-2.2.3-1.jar:/home/alex/.m2/repository/org/codehaus/jackson/jackson-jaxrs/1.9.2/jackson-jaxrs-1.9.2.jar:/home/alex/.m2/repository/org/codehaus/jackson/jackson-xc/1.9.2/jackson-xc-1.9.2.jar:/home/alex/.m2/repository/com/sun/jersey/jersey-server/1.19/jersey-server-1.19.jar:/home/alex/.m2/repository/log4j/log4j/1.2.17/log4j-1.2.17.jar:/home/alex/.m2/repository/commons-lang/commons-lang/2.6/commons-lang-2.6.jar:/home/alex/.m2/repository/org/apache/commons/commons-configuration2/2.1.1/commons-configuration2-2.1.1.jar:/home/alex/.m2/repository/org/apache/hadoop/hadoop-auth/3.1.0/hadoop-auth-3.1.0.jar:/home/alex/.m2/repository/com/nimbusds/nimbus-jose-jwt/4.41.1/nimbus-jose-jwt-4.41.1.jar:/home/alex/.m2/repository/com/github/stephenc/jcip/jcip-annotations/1.0-1/jcip-annotations-1.0-1.jar:/home/alex/.m2/repository/com/jcraft/jsch/0.1.54/jsch-0.1.54.jar:/home/alex/.m2/repository/com/google/code/findbugs/jsr305/3.0.0/jsr305-3.0.0.jar:/home/alex/.m2/repository/org/apache/htrace/htrace-core4/4.1.0-incubating/htrace-core4-4.1.0-incubating.jar:/home/alex/.m2/repository/org/apache/kerby/kerb-simplekdc/1.0.1/kerb-simplekdc-1.0.1.jar:/home/alex/.m2/repository/org/apache/kerby/kerb-client/1.0.1/kerb-client-1.0.1.jar:/home/alex/.m2/repository/org/apache/kerby/kerby-config/1.0.1/kerby-config-1.0.1.jar:/home/alex/.m2/repository/org/apache/kerby/kerb-core/1.0.1/kerb-core-1.0.1.jar:/home/alex/.m2/repository/org/apache/kerby/kerby-pkix/1.0.1/kerby-pkix-1.0.1.jar:/home/alex/.m2/repository/org/apache/kerby/kerby-asn1/1.0.1/kerby-asn1-1.0.1.jar:/home/alex/.m2/repository/org/apache/kerby/kerby-util/1.0.1/kerby-util-1.0.1.jar:/home/alex/.m2/repository/org/apache/kerby/kerb-common/1.0.1/kerb-common-1.0.1.jar:/home/alex/.m2/repository/org/apache/kerby/kerb-crypto/1.0.1/kerb-crypto-1.0.1.jar:/home/alex/.m2/repository/org/apache/kerby/kerb-util/1.0.1/kerb-util-1.0.1.jar:/home/alex/.m2/repository/org/apache/kerby/token-provider/1.0.1/token-provider-1.0.1.jar:/home/alex/.m2/repository/org/apache/kerby/kerb-admin/1.0.1/kerb-admin-1.0.1.jar:/home/alex/.m2/repository/org/apache/kerby/kerb-server/1.0.1/kerb-server-1.0.1.jar:/home/alex/.m2/repository/org/apache/kerby/kerb-identity/1.0.1/kerb-identity-1.0.1.jar:/home/alex/.m2/repository/org/apache/kerby/kerby-xdr/1.0.1/kerby-xdr-1.0.1.jar:/home/alex/.m2/repository/org/codehaus/woodstox/stax2-api/3.1.4/stax2-api-3.1.4.jar:/home/alex/.m2/repository/com/fasterxml/woodstox/woodstox-core/5.0.3/woodstox-core-5.0.3.jar:/home/alex/.m2/repository/org/apache/hadoop/hadoop-mapreduce-client-core/3.1.0/hadoop-mapreduce-client-core-3.1.0.jar:/home/alex/.m2/repository/org/apache/hadoop/hadoop-yarn-client/3.1.0/hadoop-yarn-client-3.1.0.jar:/home/alex/.m2/repository/org/apache/hadoop/hadoop-yarn-common/3.1.0/hadoop-yarn-common-3.1.0.jar:/home/alex/.m2/repository/javax/xml/bind/jaxb-api/2.2.11/jaxb-api-2.2.11.jar:/home/alex/.m2/repository/com/google/inject/guice/4.0/guice-4.0.jar:/home/alex/.m2/repository/aopalliance/aopalliance/1.0/aopalliance-1.0.jar:/home/alex/.m2/repository/com/sun/jersey/contribs/jersey-guice/1.19/jersey-guice-1.19.jar:/home/alex/.m2/repository/com/fasterxml/jackson/module/jackson-module-jaxb-annotations/2.12.0/jackson-module-jaxb-annotations-2.12.0.jar:/home/alex/.m2/repository/jakarta/xml/bind/jakarta.xml.bind-api/2.3.2/jakarta.xml.bind-api-2.3.2.jar:/home/alex/.m2/repository/jakarta/activation/jakarta.activation-api/1.2.1/jakarta.activation-api-1.2.1.jar:/home/alex/.m2/repository/org/apache/hadoop/hadoop-hdfs-client/3.1.0/hadoop-hdfs-client-3.1.0.jar:/home/alex/.m2/repository/com/squareup/okhttp/okhttp/2.7.5/okhttp-2.7.5.jar:/home/alex/.m2/repository/com/squareup/okio/okio/1.6.0/okio-1.6.0.jar:/home/alex/.m2/repository/com/google/inject/extensions/guice-servlet/4.0/guice-servlet-4.0.jar:/home/alex/Repositories/hive/ql/target/test-classes:/home/alex/Repositories/hive/standalone-metastore/metastore-common/target/test-classes:/home/alex/.m2/repository/org/apache/orc/orc-core/1.6.9/orc-core-1.6.9.jar:/home/alex/.m2/repository/org/apache/orc/orc-shims/1.6.9/orc-shims-1.6.9.jar:/home/alex/.m2/repository/io/airlift/aircompressor/0.19/aircompressor-0.19.jar:/home/alex/.m2/repository/org/jetbrains/annotations/17.0.0/annotations-17.0.0.jar:/home/alex/.m2/repository/org/threeten/threeten-extra/1.5.0/threeten-extra-1.5.0.jar:/home/alex/.m2/repository/com/github/joshelser/dropwizard-metrics-hadoop-metrics2-reporter/0.1.2/dropwizard-metrics-hadoop-metrics2-reporter-0.1.2.jar:/home/alex/.m2/repository/com/zaxxer/HikariCP/2.6.1/HikariCP-2.6.1.jar:/home/alex/.m2/repository/io/dropwizard/metrics/metrics-core/3.1.0/metrics-core-3.1.0.jar:/home/alex/.m2/repository/io/dropwizard/metrics/metrics-jvm/3.1.0/metrics-jvm-3.1.0.jar:/home/alex/.m2/repository/io/dropwizard/metrics/metrics-json/3.1.0/metrics-json-3.1.0.jar:/home/alex/.m2/repository/org/apache/derby/derby/10.14.1.0/derby-10.14.1.0.jar:/home/alex/.m2/repository/commons-logging/commons-logging/1.1.3/commons-logging-1.1.3.jar:/home/alex/.m2/repository/com/github/ben-manes/caffeine/caffeine/2.8.4/caffeine-2.8.4.jar:/home/alex/.m2/repository/org/checkerframework/checker-qual/3.4.0/checker-qual-3.4.0.jar:/home/alex/.m2/repository/com/google/errorprone/error_prone_annotations/2.3.4/error_prone_annotations-2.3.4.jar:/home/alex/.m2/repository/org/apache/curator/curator-recipes/4.2.0/curator-recipes-4.2.0.jar:/home/alex/Repositories/hive/standalone-metastore/metastore-server/target/test-classes:/home/alex/Repositories/hive/standalone-metastore/metastore-common/target/classes:/home/alex/.m2/repository/org/apache/commons/commons-dbcp2/2.7.0/commons-dbcp2-2.7.0.jar:/home/alex/.m2/repository/org/apache/commons/commons-pool2/2.7.0/commons-pool2-2.7.0.jar:/home/alex/.m2/repository/commons-beanutils/commons-beanutils/1.9.4/commons-beanutils-1.9.4.jar:/home/alex/.m2/repository/org/datanucleus/datanucleus-api-jdo/5.2.4/datanucleus-api-jdo-5.2.4.jar:/home/alex/.m2/repository/org/datanucleus/datanucleus-rdbms/5.2.4/datanucleus-rdbms-5.2.4.jar:/home/alex/.m2/repository/org/datanucleus/javax.jdo/3.2.0-release/javax.jdo-3.2.0-release.jar:/home/alex/.m2/repository/javax/transaction/javax.transaction-api/1.3/javax.transaction-api-1.3.jar:/home/alex/.m2/repository/org/glassfish/corba/glassfish-corba-omgapi/4.2.2/glassfish-corba-omgapi-4.2.2.jar:/home/alex/.m2/repository/sqlline/sqlline/1.9.0/sqlline-1.9.0.jar:/home/alex/.m2/repository/org/jline/jline-terminal/3.12.1/jline-terminal-3.12.1.jar:/home/alex/.m2/repository/org/jline/jline-reader/3.12.1/jline-reader-3.12.1.jar:/home/alex/.m2/repository/org/jline/jline-terminal-jansi/3.12.1/jline-terminal-jansi-3.12.1.jar:/home/alex/.m2/repository/org/fusesource/jansi/jansi/1.18/jansi-1.18.jar:/home/alex/.m2/repository/org/jline/jline-terminal-jna/3.12.1/jline-terminal-jna-3.12.1.jar:/home/alex/.m2/repository/net/java/dev/jna/jna/5.3.1/jna-5.3.1.jar:/home/alex/.m2/repository/org/jline/jline-builtins/3.12.1/jline-builtins-3.12.1.jar:/home/alex/.m2/repository/org/jline/jline-style/3.12.1/jline-style-3.12.1.jar:/home/alex/.m2/repository/jline/jline/2.14.6/jline-2.14.6.jar:/home/alex/.m2/repository/com/cronutils/cron-utils/9.1.3/cron-utils-9.1.3.jar:/home/alex/.m2/repository/org/glassfish/javax.el/3.0.0/javax.el-3.0.0.jar:/home/alex/.m2/repository/com/oracle/database/jdbc/ojdbc8/21.3.0.0/ojdbc8-21.3.0.0.jar:/home/alex/.m2/repository/mysql/mysql-connector-java/8.0.27/mysql-connector-java-8.0.27.jar:/home/alex/.m2/repository/com/microsoft/sqlserver/mssql-jdbc/6.2.1.jre8/mssql-jdbc-6.2.1.jre8.jar:/home/alex/.m2/repository/org/postgresql/postgresql/42.2.14/postgresql-42.2.14.jar:/home/alex/Repositories/hive/hcatalog/core/target/test-classes:/home/alex/.m2/repository/org/apache/pig/pig/0.16.0/pig-0.16.0-h2.jar:/home/alex/.m2/repository/xmlenc/xmlenc/0.52/xmlenc-0.52.jar:/home/alex/.m2/repository/commons-httpclient/commons-httpclient/3.1/commons-httpclient-3.1.jar:/home/alex/.m2/repository/org/mortbay/jetty/jetty/6.1.26/jetty-6.1.26.jar:/home/alex/.m2/repository/org/mortbay/jetty/servlet-api/2.5-20081211/servlet-api-2.5-20081211.jar:/home/alex/.m2/repository/org/mortbay/jetty/jetty-util/6.1.26/jetty-util-6.1.26.jar:/home/alex/.m2/repository/org/mortbay/jetty/jsp-api-2.1/6.1.14/jsp-api-2.1-6.1.14.jar:/home/alex/.m2/repository/org/mortbay/jetty/jsp-2.1/6.1.14/jsp-2.1-6.1.14.jar:/home/alex/.m2/repository/org/eclipse/jdt/core/3.1.1/core-3.1.1.jar:/home/alex/.m2/repository/ant/ant/1.6.5/ant-1.6.5.jar:/home/alex/.m2/repository/commons-el/commons-el/1.0/commons-el-1.0.jar:/home/alex/.m2/repository/net/java/dev/jets3t/jets3t/0.7.1/jets3t-0.7.1.jar:/home/alex/.m2/repository/org/mortbay/jetty/servlet-api-2.5/6.1.14/servlet-api-2.5-6.1.14.jar:/home/alex/.m2/repository/net/sf/kosmosfs/kfs/0.3/kfs-0.3.jar:/home/alex/.m2/repository/junit/junit/4.13/junit-4.13.jar:/home/alex/.m2/repository/org/hamcrest/hamcrest-core/1.3/hamcrest-core-1.3.jar:/home/alex/.m2/repository/hsqldb/hsqldb/1.8.0.10/hsqldb-1.8.0.10.jar:/home/alex/.m2/repository/oro/oro/2.0.8/oro-2.0.8.jar:/home/alex/.m2/repository/dk/brics/automaton/automaton/1.11-8/automaton-1.11-8.jar:/home/alex/.m2/repository/org/codehaus/jackson/jackson-mapper-asl/1.8.8/jackson-mapper-asl-1.8.8.jar:/home/alex/.m2/repository/org/codehaus/jackson/jackson-core-asl/1.8.8/jackson-core-asl-1.8.8.jar:/home/alex/.m2/repository/joda-time/joda-time/2.9.9/joda-time-2.9.9.jar:/home/alex/.m2/repository/org/slf4j/slf4j-api/1.7.30/slf4j-api-1.7.30.jar:/home/alex/.m2/repository/org/mockito/mockito-core/3.4.4/mockito-core-3.4.4.jar:/home/alex/.m2/repository/net/bytebuddy/byte-buddy/1.10.13/byte-buddy-1.10.13.jar:/home/alex/.m2/repository/net/bytebuddy/byte-buddy-agent/1.10.13/byte-buddy-agent-1.10.13.jar:/home/alex/.m2/repository/org/objenesis/objenesis/2.6/objenesis-2.6.jar:/home/alex/Repositories/hive/hcatalog/webhcat/java-client/target/testconf:/home/alex/Repositories/hive/hcatalog/webhcat/java-client/../../../conf:"/>
    <property name="java.vm.vendor" value="Private Build"/>
    <property name="hadoop.version" value="3.1.0"/>
    <property name="user.timezone" value="US/Pacific"/>
    <property name="test.local.warehouse.dir" value="pfile:///home/alex/Repositories/hive/hcatalog/webhcat/java-client/target/localfs/warehouse"/>
    <property name="os.name" value="Linux"/>
    <property name="java.vm.specification.version" value="1.8"/>
    <property name="clustermode" value=""/>
    <property name="test.build.data" value="/home/alex/Repositories/hive/hcatalog/webhcat/java-client/target/tmp"/>
    <property name="user.country" value="US"/>
    <property name="sun.java.launcher" value="SUN_STANDARD"/>
    <property name="test.data.files" value="/home/alex/Repositories/hive/hcatalog/webhcat/java-client/../../../data/files"/>
    <property name="nondexLogging" value="CONFIG"/>
    <property name="surefire.test.class.path" value="/home/alex/Repositories/hive/hcatalog/webhcat/java-client/target/test-classes:/home/alex/Repositories/hive/hcatalog/webhcat/java-client/target/classes:/home/alex/Repositories/hive/hcatalog/core/target/classes:/home/alex/Repositories/hive/cli/target/classes:/home/alex/Repositories/hive/service/target/classes:/home/alex/Repositories/hive/llap-server/target/classes:/home/alex/.m2/repository/com/lmax/disruptor/3.3.7/disruptor-3.3.7.jar:/home/alex/Repositories/hive/llap-common/target/test-classes:/home/alex/Repositories/hive/hplsql/target/classes:/home/alex/.m2/repository/org/antlr/antlr4-runtime/4.5/antlr4-runtime-4.5.jar:/home/alex/.m2/repository/org/abego/treelayout/org.abego.treelayout.core/1.0.1/org.abego.treelayout.core-1.0.1.jar:/home/alex/.m2/repository/javax/servlet/jsp/javax.servlet.jsp-api/2.3.1/javax.servlet.jsp-api-2.3.1.jar:/home/alex/.m2/repository/org/eclipse/jetty/jetty-runner/9.3.27.v20190418/jetty-runner-9.3.27.v20190418.jar:/home/alex/.m2/repository/org/eclipse/jetty/jetty-plus/9.3.27.v20190418/jetty-plus-9.3.27.v20190418.jar:/home/alex/.m2/repository/org/eclipse/jetty/jetty-annotations/9.3.27.v20190418/jetty-annotations-9.3.27.v20190418.jar:/home/alex/.m2/repository/org/ow2/asm/asm-commons/6.0/asm-commons-6.0.jar:/home/alex/.m2/repository/org/ow2/asm/asm-tree/6.0/asm-tree-6.0.jar:/home/alex/.m2/repository/org/eclipse/jetty/jetty-jaas/9.3.27.v20190418/jetty-jaas-9.3.27.v20190418.jar:/home/alex/.m2/repository/org/eclipse/jetty/websocket/websocket-server/9.3.27.v20190418/websocket-server-9.3.27.v20190418.jar:/home/alex/.m2/repository/org/eclipse/jetty/websocket/websocket-common/9.3.27.v20190418/websocket-common-9.3.27.v20190418.jar:/home/alex/.m2/repository/org/eclipse/jetty/websocket/websocket-api/9.3.27.v20190418/websocket-api-9.3.27.v20190418.jar:/home/alex/.m2/repository/org/eclipse/jetty/websocket/websocket-client/9.3.27.v20190418/websocket-client-9.3.27.v20190418.jar:/home/alex/.m2/repository/org/eclipse/jetty/websocket/websocket-servlet/9.3.27.v20190418/websocket-servlet-9.3.27.v20190418.jar:/home/alex/.m2/repository/org/eclipse/jetty/jetty-jndi/9.3.27.v20190418/jetty-jndi-9.3.27.v20190418.jar:/home/alex/.m2/repository/org/eclipse/jetty/apache-jsp/9.3.27.v20190418/apache-jsp-9.3.27.v20190418.jar:/home/alex/.m2/repository/org/eclipse/jetty/toolchain/jetty-schemas/3.1/jetty-schemas-3.1.jar:/home/alex/.m2/repository/org/eclipse/jdt/core/compiler/ecj/4.4.2/ecj-4.4.2.jar:/home/alex/.m2/repository/org/eclipse/jetty/apache-jstl/9.3.27.v20190418/apache-jstl-9.3.27.v20190418.jar:/home/alex/.m2/repository/org/apache/taglibs/taglibs-standard-spec/1.2.5/taglibs-standard-spec-1.2.5.jar:/home/alex/.m2/repository/org/apache/taglibs/taglibs-standard-impl/1.2.5/taglibs-standard-impl-1.2.5.jar:/home/alex/.m2/repository/org/bouncycastle/bcprov-jdk15on/1.64/bcprov-jdk15on-1.64.jar:/home/alex/.m2/repository/org/apache/santuario/xmlsec/2.2.1/xmlsec-2.2.1.jar:/home/alex/.m2/repository/org/jamon/jamon-runtime/2.3.1/jamon-runtime-2.3.1.jar:/home/alex/Repositories/hive/common/target/classes:/home/alex/Repositories/hive/classification/target/classes:/home/alex/.m2/repository/org/eclipse/jetty/jetty-http/9.3.27.v20190418/jetty-http-9.3.27.v20190418.jar:/home/alex/.m2/repository/org/eclipse/jetty/jetty-rewrite/9.3.27.v20190418/jetty-rewrite-9.3.27.v20190418.jar:/home/alex/.m2/repository/org/eclipse/jetty/jetty-client/9.3.27.v20190418/jetty-client-9.3.27.v20190418.jar:/home/alex/.m2/repository/org/apache/logging/log4j/log4j-web/2.13.2/log4j-web-2.13.2.jar:/home/alex/.m2/repository/net/sf/jpam/jpam/1.1/jpam-1.1.jar:/home/alex/Repositories/hive/metastore/target/classes:/home/alex/.m2/repository/com/google/guava/guava/19.0/guava-19.0.jar:/home/alex/.m2/repository/com/fasterxml/jackson/core/jackson-annotations/2.12.0/jackson-annotations-2.12.0.jar:/home/alex/.m2/repository/com/fasterxml/jackson/core/jackson-core/2.12.0/jackson-core-2.12.0.jar:/home/alex/.m2/repository/com/fasterxml/jackson/core/jackson-databind/2.12.0/jackson-databind-2.12.0.jar:/home/alex/.m2/repository/org/apache/hadoop/hadoop-annotations/3.1.0/hadoop-annotations-3.1.0.jar:/usr/lib/jvm/java-8-openjdk-amd64/jre/../lib/tools.jar:/home/alex/.m2/repository/org/apache/hadoop/hadoop-archives/3.1.0/hadoop-archives-3.1.0.jar:/home/alex/.m2/repository/org/apache/hadoop/hadoop-hdfs/3.1.0/hadoop-hdfs-3.1.0.jar:/home/alex/.m2/repository/org/eclipse/jetty/jetty-util-ajax/9.3.19.v20170502/jetty-util-ajax-9.3.19.v20170502.jar:/home/alex/.m2/repository/commons-daemon/commons-daemon/1.0.13/commons-daemon-1.0.13.jar:/home/alex/.m2/repository/io/netty/netty-all/4.1.65.Final/netty-all-4.1.65.Final.jar:/home/alex/.m2/repository/org/fusesource/leveldbjni/leveldbjni-all/1.8/leveldbjni-all-1.8.jar:/home/alex/Repositories/hive/hcatalog/server-extensions/target/classes:/home/alex/.m2/repository/jakarta/jms/jakarta.jms-api/2.0.2/jakarta.jms-api-2.0.2.jar:/home/alex/Repositories/hive/ql/target/classes:/home/alex/.m2/repository/org/apache/atlas/atlas-client-v2/2.1.0/atlas-client-v2-2.1.0.jar:/home/alex/.m2/repository/cglib/cglib/2.2.2/cglib-2.2.2.jar:/home/alex/.m2/repository/asm/asm/3.3.1/asm-3.3.1.jar:/home/alex/.m2/repository/org/apache/atlas/atlas-client-common/2.1.0/atlas-client-common-2.1.0.jar:/home/alex/.m2/repository/org/apache/httpcomponents/httpclient/4.5.13/httpclient-4.5.13.jar:/home/alex/.m2/repository/com/sun/jersey/jersey-client/1.19/jersey-client-1.19.jar:/home/alex/.m2/repository/org/apache/atlas/atlas-intg/2.1.0/atlas-intg-2.1.0.jar:/home/alex/.m2/repository/commons-validator/commons-validator/1.6/commons-validator-1.6.jar:/home/alex/.m2/repository/commons-digester/commons-digester/1.8.1/commons-digester-1.8.1.jar:/home/alex/.m2/repository/com/fasterxml/jackson/jaxrs/jackson-jaxrs-base/2.12.0/jackson-jaxrs-base-2.12.0.jar:/home/alex/.m2/repository/com/fasterxml/jackson/jaxrs/jackson-jaxrs-json-provider/2.12.0/jackson-jaxrs-json-provider-2.12.0.jar:/home/alex/.m2/repository/javax/inject/javax.inject/1/javax.inject-1.jar:/home/alex/.m2/repository/org/springframework/spring-context/4.3.20.RELEASE/spring-context-4.3.20.RELEASE.jar:/home/alex/.m2/repository/org/springframework/spring-aop/4.3.20.RELEASE/spring-aop-4.3.20.RELEASE.jar:/home/alex/.m2/repository/org/springframework/spring-beans/4.3.20.RELEASE/spring-beans-4.3.20.RELEASE.jar:/home/alex/.m2/repository/org/springframework/spring-core/4.3.20.RELEASE/spring-core-4.3.20.RELEASE.jar:/home/alex/.m2/repository/org/springframework/spring-expression/4.3.20.RELEASE/spring-expression-4.3.20.RELEASE.jar:/home/alex/.m2/repository/commons-configuration/commons-configuration/1.10/commons-configuration-1.10.jar:/home/alex/.m2/repository/org/apache/commons/commons-math3/3.6.1/commons-math3-3.6.1.jar:/home/alex/Repositories/hive/vector-code-gen/target/classes:/home/alex/.m2/repository/org/apache/velocity/velocity/1.5/velocity-1.5.jar:/home/alex/Repositories/hive/serde/target/classes:/home/alex/.m2/repository/org/apache/arrow/arrow-vector/0.15.1/arrow-vector-0.15.1.jar:/home/alex/.m2/repository/org/apache/arrow/arrow-format/0.15.1/arrow-format-0.15.1.jar:/home/alex/.m2/repository/org/apache/arrow/arrow-memory/0.15.1/arrow-memory-0.15.1.jar:/home/alex/.m2/repository/com/google/flatbuffers/flatbuffers-java/1.9.0/flatbuffers-java-1.9.0.jar:/home/alex/.m2/repository/com/carrotsearch/hppc/0.7.2/hppc-0.7.2.jar:/home/alex/.m2/repository/com/github/davidmoten/flatbuffers-java/1.6.0.1/flatbuffers-java-1.6.0.1.jar:/home/alex/Repositories/hive/parser/target/classes:/home/alex/Repositories/hive/udf/target/classes:/home/alex/Repositories/hive/service-rpc/target/classes:/home/alex/Repositories/hive/llap-client/target/classes:/home/alex/Repositories/hive/llap-common/target/classes:/home/alex/.m2/repository/io/jsonwebtoken/jjwt-api/0.10.5/jjwt-api-0.10.5.jar:/home/alex/.m2/repository/io/jsonwebtoken/jjwt-impl/0.10.5/jjwt-impl-0.10.5.jar:/home/alex/.m2/repository/io/jsonwebtoken/jjwt-jackson/0.10.5/jjwt-jackson-0.10.5.jar:/home/alex/Repositories/hive/llap-tez/target/classes:/home/alex/Repositories/hive/shims/aggregator/target/classes:/home/alex/Repositories/hive/shims/common/target/classes:/home/alex/Repositories/hive/shims/0.23/target/classes:/home/alex/.m2/repository/org/apache/hadoop/hadoop-yarn-server-resourcemanager/3.1.0/hadoop-yarn-server-resourcemanager-3.1.0.jar:/home/alex/.m2/repository/org/apache/hadoop/hadoop-yarn-server-common/3.1.0/hadoop-yarn-server-common-3.1.0.jar:/home/alex/.m2/repository/org/apache/geronimo/specs/geronimo-jcache_1.0_spec/1.0-alpha-1/geronimo-jcache_1.0_spec-1.0-alpha-1.jar:/home/alex/.m2/repository/org/ehcache/ehcache/3.3.1/ehcache-3.3.1.jar:/home/alex/.m2/repository/com/zaxxer/HikariCP-java7/2.4.12/HikariCP-java7-2.4.12.jar:/home/alex/.m2/repository/org/apache/hadoop/hadoop-yarn-server-applicationhistoryservice/3.1.0/hadoop-yarn-server-applicationhistoryservice-3.1.0.jar:/home/alex/.m2/repository/de/ruedigermoeller/fst/2.50/fst-2.50.jar:/home/alex/.m2/repository/com/cedarsoftware/java-util/1.9.0/java-util-1.9.0.jar:/home/alex/.m2/repository/com/cedarsoftware/json-io/2.5.1/json-io-2.5.1.jar:/home/alex/Repositories/hive/shims/scheduler/target/classes:/home/alex/Repositories/hive/spark-client/target/classes:/home/alex/.m2/repository/com/fasterxml/jackson/module/jackson-module-scala_2.12/2.12.0/jackson-module-scala_2.12-2.12.0.jar:/home/alex/.m2/repository/org/scala-lang/scala-library/2.12.10/scala-library-2.12.10.jar:/home/alex/.m2/repository/org/apache/spark/spark-core_2.12/2.4.5/spark-core_2.12-2.4.5.jar:/home/alex/.m2/repository/com/twitter/chill_2.12/0.9.3/chill_2.12-0.9.3.jar:/home/alex/.m2/repository/com/twitter/chill-java/0.9.3/chill-java-0.9.3.jar:/home/alex/.m2/repository/org/apache/xbean/xbean-asm6-shaded/4.8/xbean-asm6-shaded-4.8.jar:/home/alex/.m2/repository/org/apache/hadoop/hadoop-client/3.1.0/hadoop-client-3.1.0.jar:/home/alex/.m2/repository/org/apache/hadoop/hadoop-mapreduce-client-jobclient/3.1.0/hadoop-mapreduce-client-jobclient-3.1.0.jar:/home/alex/.m2/repository/org/apache/hadoop/hadoop-mapreduce-client-common/3.1.0/hadoop-mapreduce-client-common-3.1.0.jar:/home/alex/.m2/repository/org/apache/spark/spark-launcher_2.12/2.4.5/spark-launcher_2.12-2.4.5.jar:/home/alex/.m2/repository/org/apache/spark/spark-kvstore_2.12/2.4.5/spark-kvstore_2.12-2.4.5.jar:/home/alex/.m2/repository/org/apache/spark/spark-network-common_2.12/2.4.5/spark-network-common_2.12-2.4.5.jar:/home/alex/.m2/repository/org/apache/spark/spark-network-shuffle_2.12/2.4.5/spark-network-shuffle_2.12-2.4.5.jar:/home/alex/.m2/repository/org/apache/spark/spark-unsafe_2.12/2.4.5/spark-unsafe_2.12-2.4.5.jar:/home/alex/.m2/repository/javax/activation/activation/1.1.1/activation-1.1.1.jar:/home/alex/.m2/repository/org/slf4j/jul-to-slf4j/1.7.16/jul-to-slf4j-1.7.16.jar:/home/alex/.m2/repository/org/slf4j/jcl-over-slf4j/1.7.16/jcl-over-slf4j-1.7.16.jar:/home/alex/.m2/repository/com/ning/compress-lzf/1.0.3/compress-lzf-1.0.3.jar:/home/alex/.m2/repository/org/roaringbitmap/RoaringBitmap/0.7.45/RoaringBitmap-0.7.45.jar:/home/alex/.m2/repository/org/roaringbitmap/shims/0.7.45/shims-0.7.45.jar:/home/alex/.m2/repository/org/json4s/json4s-jackson_2.12/3.5.3/json4s-jackson_2.12-3.5.3.jar:/home/alex/.m2/repository/org/json4s/json4s-core_2.12/3.5.3/json4s-core_2.12-3.5.3.jar:/home/alex/.m2/repository/org/json4s/json4s-ast_2.12/3.5.3/json4s-ast_2.12-3.5.3.jar:/home/alex/.m2/repository/org/json4s/json4s-scalap_2.12/3.5.3/json4s-scalap_2.12-3.5.3.jar:/home/alex/.m2/repository/org/scala-lang/modules/scala-xml_2.12/1.0.6/scala-xml_2.12-1.0.6.jar:/home/alex/.m2/repository/com/clearspring/analytics/stream/2.7.0/stream-2.7.0.jar:/home/alex/.m2/repository/io/dropwizard/metrics/metrics-graphite/3.1.5/metrics-graphite-3.1.5.jar:/home/alex/.m2/repository/net/razorvine/pyrolite/4.13/pyrolite-4.13.jar:/home/alex/.m2/repository/net/sf/py4j/py4j/0.10.7/py4j-0.10.7.jar:/home/alex/.m2/repository/org/apache/spark/spark-tags_2.12/2.4.5/spark-tags_2.12-2.4.5.jar:/home/alex/.m2/repository/org/apache/commons/commons-crypto/1.0.0/commons-crypto-1.0.0.jar:/home/alex/.m2/repository/org/spark-project/spark/unused/1.0.0/unused-1.0.0.jar:/home/alex/.m2/repository/org/apache/spark/spark-yarn_2.12/2.4.5/spark-yarn_2.12-2.4.5.jar:/home/alex/.m2/repository/org/apache/hadoop/hadoop-yarn-server-web-proxy/3.1.0/hadoop-yarn-server-web-proxy-3.1.0.jar:/home/alex/Repositories/hive/storage-api/target/classes:/home/alex/.m2/repository/com/amazonaws/secretsmanager/aws-secretsmanager-caching-java/1.0.1/aws-secretsmanager-caching-java-1.0.1.jar:/home/alex/.m2/repository/com/esotericsoftware/kryo/5.0.3/kryo-5.0.3.jar:/home/alex/.m2/repository/com/esotericsoftware/minlog/1.3.1/minlog-1.3.1.jar:/home/alex/.m2/repository/com/esotericsoftware/reflectasm/1.11.9/reflectasm-1.11.9.jar:/home/alex/.m2/repository/com/google/protobuf/protobuf-java/2.5.0/protobuf-java-2.5.0.jar:/home/alex/.m2/repository/org/apache/parquet/parquet-hadoop-bundle/1.11.1/parquet-hadoop-bundle-1.11.1.jar:/home/alex/.m2/repository/commons-codec/commons-codec/1.15/commons-codec-1.15.jar:/home/alex/.m2/repository/commons-io/commons-io/2.6/commons-io-2.6.jar:/home/alex/.m2/repository/org/apache/commons/commons-collections4/4.1/commons-collections4-4.1.jar:/home/alex/.m2/repository/org/apache/commons/commons-lang3/3.9/commons-lang3-3.9.jar:/home/alex/.m2/repository/org/apache/commons/commons-text/1.8/commons-text-1.8.jar:/home/alex/.m2/repository/javolution/javolution/5.5.1/javolution-5.5.1.jar:/home/alex/.m2/repository/org/apache/logging/log4j/log4j-1.2-api/2.13.2/log4j-1.2-api-2.13.2.jar:/home/alex/.m2/repository/org/apache/logging/log4j/log4j-api/2.13.2/log4j-api-2.13.2.jar:/home/alex/.m2/repository/org/apache/logging/log4j/log4j-core/2.13.2/log4j-core-2.13.2.jar:/home/alex/.m2/repository/org/apache/logging/log4j/log4j-slf4j-impl/2.13.2/log4j-slf4j-impl-2.13.2.jar:/home/alex/.m2/repository/org/antlr/antlr-runtime/3.5.2/antlr-runtime-3.5.2.jar:/home/alex/.m2/repository/org/antlr/ST4/4.0.4/ST4-4.0.4.jar:/home/alex/.m2/repository/org/apache/avro/avro/1.8.2/avro-1.8.2.jar:/home/alex/.m2/repository/com/thoughtworks/paranamer/paranamer/2.8/paranamer-2.8.jar:/home/alex/.m2/repository/org/xerial/snappy/snappy-java/1.1.4/snappy-java-1.1.4.jar:/home/alex/.m2/repository/org/tukaani/xz/1.5/xz-1.5.jar:/home/alex/.m2/repository/org/apache/avro/avro-mapred/1.8.2/avro-mapred-1.8.2-hadoop2.jar:/home/alex/.m2/repository/org/apache/avro/avro-ipc/1.8.2/avro-ipc-1.8.2.jar:/home/alex/.m2/repository/org/apache/ant/ant/1.9.1/ant-1.9.1.jar:/home/alex/.m2/repository/org/apache/ant/ant-launcher/1.9.1/ant-launcher-1.9.1.jar:/home/alex/.m2/repository/org/apache/commons/commons-compress/1.21/commons-compress-1.21.jar:/home/alex/.m2/repository/org/apache/thrift/libfb303/0.9.3/libfb303-0.9.3.jar:/home/alex/.m2/repository/org/apache/hadoop/hadoop-yarn-registry/3.1.0/hadoop-yarn-registry-3.1.0.jar:/home/alex/.m2/repository/org/apache/hadoop/hadoop-yarn-api/3.1.0/hadoop-yarn-api-3.1.0.jar:/home/alex/.m2/repository/org/apache/curator/curator-client/4.2.0/curator-client-4.2.0.jar:/home/alex/.m2/repository/dnsjava/dnsjava/2.1.7/dnsjava-2.1.7.jar:/home/alex/.m2/repository/org/apache/orc/orc-tools/1.6.9/orc-tools-1.6.9.jar:/home/alex/.m2/repository/com/opencsv/opencsv/3.9/opencsv-3.9.jar:/home/alex/.m2/repository/org/codehaus/jettison/jettison/1.1/jettison-1.1.jar:/home/alex/.m2/repository/org/threeten/threetenbp/1.3.5/threetenbp-1.3.5.jar:/home/alex/.m2/repository/org/apache/ivy/ivy/2.4.0/ivy-2.4.0.jar:/home/alex/.m2/repository/org/apache/thrift/libthrift/0.14.1/libthrift-0.14.1.jar:/home/alex/.m2/repository/org/apache/httpcomponents/httpcore/4.4.13/httpcore-4.4.13.jar:/home/alex/.m2/repository/org/apache/tomcat/embed/tomcat-embed-core/8.5.46/tomcat-embed-core-8.5.46.jar:/home/alex/.m2/repository/org/apache/tomcat/tomcat-annotations-api/8.5.46/tomcat-annotations-api-8.5.46.jar:/home/alex/.m2/repository/javax/annotation/javax.annotation-api/1.3.2/javax.annotation-api-1.3.2.jar:/home/alex/.m2/repository/org/apache/zookeeper/zookeeper/3.5.5/zookeeper-3.5.5.jar:/home/alex/.m2/repository/org/apache/zookeeper/zookeeper-jute/3.5.5/zookeeper-jute-3.5.5.jar:/home/alex/.m2/repository/org/apache/yetus/audience-annotations/0.5.0/audience-annotations-0.5.0.jar:/home/alex/.m2/repository/org/apache/curator/curator-framework/4.2.0/curator-framework-4.2.0.jar:/home/alex/.m2/repository/org/apache/datasketches/datasketches-hive/1.1.0-incubating/datasketches-hive-1.1.0-incubating.jar:/home/alex/.m2/repository/org/apache/datasketches/datasketches-java/1.3.0-incubating/datasketches-java-1.3.0-incubating.jar:/home/alex/.m2/repository/org/apache/datasketches/datasketches-memory/1.2.0-incubating/datasketches-memory-1.2.0-incubating.jar:/home/alex/.m2/repository/org/slf4j/slf4j-simple/1.7.27/slf4j-simple-1.7.27.jar:/home/alex/.m2/repository/org/codehaus/groovy/groovy-all/2.4.11/groovy-all-2.4.11.jar:/home/alex/.m2/repository/org/jodd/jodd-util/6.0.0/jodd-util-6.0.0.jar:/home/alex/.m2/repository/com/fasterxml/jackson/dataformat/jackson-dataformat-yaml/2.12.0/jackson-dataformat-yaml-2.12.0.jar:/home/alex/.m2/repository/org/yaml/snakeyaml/1.27/snakeyaml-1.27.jar:/home/alex/.m2/repository/org/datanucleus/datanucleus-core/5.2.4/datanucleus-core-5.2.4.jar:/home/alex/.m2/repository/org/apache/calcite/calcite-core/1.25.0/calcite-core-1.25.0.jar:/home/alex/.m2/repository/org/apache/calcite/calcite-linq4j/1.25.0/calcite-linq4j-1.25.0.jar:/home/alex/.m2/repository/org/apiguardian/apiguardian-api/1.1.0/apiguardian-api-1.1.0.jar:/home/alex/.m2/repository/com/esri/geometry/esri-geometry-api/2.2.0/esri-geometry-api-2.2.0.jar:/home/alex/.m2/repository/com/yahoo/datasketches/sketches-core/0.9.0/sketches-core-0.9.0.jar:/home/alex/.m2/repository/com/yahoo/datasketches/memory/0.9.0/memory-0.9.0.jar:/home/alex/.m2/repository/org/apache/calcite/calcite-druid/1.25.0/calcite-druid-1.25.0.jar:/home/alex/.m2/repository/org/apache/calcite/avatica/avatica/1.12.0/avatica-1.12.0.jar:/home/alex/.m2/repository/com/googlecode/javaewah/JavaEWAH/0.3.2/JavaEWAH-0.3.2.jar:/home/alex/.m2/repository/com/google/code/gson/gson/2.2.4/gson-2.2.4.jar:/home/alex/.m2/repository/com/tdunning/json/1.8/json-1.8.jar:/home/alex/.m2/repository/stax/stax-api/1.0.1/stax-api-1.0.1.jar:/home/alex/.m2/repository/net/sf/opencsv/opencsv/2.3/opencsv-2.3.jar:/home/alex/Repositories/hive/standalone-metastore/metastore-server/target/classes:/home/alex/.m2/repository/com/google/re2j/re2j/1.2/re2j-1.2.jar:/home/alex/.m2/repository/org/reflections/reflections/0.9.10/reflections-0.9.10.jar:/home/alex/.m2/repository/org/javassist/javassist/3.19.0-GA/javassist-3.19.0-GA.jar:/home/alex/.m2/repository/com/jayway/jsonpath/json-path/2.4.0/json-path-2.4.0.jar:/home/alex/.m2/repository/net/minidev/json-smart/2.3/json-smart-2.3.jar:/home/alex/.m2/repository/net/minidev/accessors-smart/1.2/accessors-smart-1.2.jar:/home/alex/.m2/repository/org/ow2/asm/asm/5.0.4/asm-5.0.4.jar:/home/alex/.m2/repository/org/codehaus/janino/commons-compiler/3.0.11/commons-compiler-3.0.11.jar:/home/alex/.m2/repository/org/codehaus/janino/janino/3.0.11/janino-3.0.11.jar:/home/alex/.m2/repository/com/sun/jersey/contribs/jersey-multipart/1.19/jersey-multipart-1.19.jar:/home/alex/.m2/repository/org/jvnet/mimepull/mimepull/1.9.3/mimepull-1.9.3.jar:/home/alex/.m2/repository/org/apache/kafka/kafka-clients/2.5.0/kafka-clients-2.5.0.jar:/home/alex/.m2/repository/com/github/luben/zstd-jni/1.4.4-7/zstd-jni-1.4.4-7.jar:/home/alex/.m2/repository/org/lz4/lz4-java/1.7.1/lz4-java-1.7.1.jar:/home/alex/.m2/repository/org/apache/hadoop/hadoop-common/3.1.0/hadoop-common-3.1.0.jar:/home/alex/.m2/repository/commons-cli/commons-cli/1.4/commons-cli-1.4.jar:/home/alex/.m2/repository/commons-net/commons-net/3.6/commons-net-3.6.jar:/home/alex/.m2/repository/commons-collections/commons-collections/3.2.2/commons-collections-3.2.2.jar:/home/alex/.m2/repository/javax/servlet/javax.servlet-api/3.1.0/javax.servlet-api-3.1.0.jar:/home/alex/.m2/repository/org/eclipse/jetty/jetty-server/9.3.27.v20190418/jetty-server-9.3.27.v20190418.jar:/home/alex/.m2/repository/org/eclipse/jetty/jetty-io/9.3.27.v20190418/jetty-io-9.3.27.v20190418.jar:/home/alex/.m2/repository/org/eclipse/jetty/jetty-util/9.3.27.v20190418/jetty-util-9.3.27.v20190418.jar:/home/alex/.m2/repository/org/eclipse/jetty/jetty-servlet/9.3.27.v20190418/jetty-servlet-9.3.27.v20190418.jar:/home/alex/.m2/repository/org/eclipse/jetty/jetty-security/9.3.27.v20190418/jetty-security-9.3.27.v20190418.jar:/home/alex/.m2/repository/org/eclipse/jetty/jetty-webapp/9.3.27.v20190418/jetty-webapp-9.3.27.v20190418.jar:/home/alex/.m2/repository/org/eclipse/jetty/jetty-xml/9.3.27.v20190418/jetty-xml-9.3.27.v20190418.jar:/home/alex/.m2/repository/javax/servlet/jsp/jsp-api/2.1/jsp-api-2.1.jar:/home/alex/.m2/repository/com/sun/jersey/jersey-core/1.19/jersey-core-1.19.jar:/home/alex/.m2/repository/javax/ws/rs/jsr311-api/1.1.1/jsr311-api-1.1.1.jar:/home/alex/.m2/repository/com/sun/jersey/jersey-servlet/1.19/jersey-servlet-1.19.jar:/home/alex/.m2/repository/com/sun/jersey/jersey-json/1.19/jersey-json-1.19.jar:/home/alex/.m2/repository/com/sun/xml/bind/jaxb-impl/2.2.3-1/jaxb-impl-2.2.3-1.jar:/home/alex/.m2/repository/org/codehaus/jackson/jackson-jaxrs/1.9.2/jackson-jaxrs-1.9.2.jar:/home/alex/.m2/repository/org/codehaus/jackson/jackson-xc/1.9.2/jackson-xc-1.9.2.jar:/home/alex/.m2/repository/com/sun/jersey/jersey-server/1.19/jersey-server-1.19.jar:/home/alex/.m2/repository/log4j/log4j/1.2.17/log4j-1.2.17.jar:/home/alex/.m2/repository/commons-lang/commons-lang/2.6/commons-lang-2.6.jar:/home/alex/.m2/repository/org/apache/commons/commons-configuration2/2.1.1/commons-configuration2-2.1.1.jar:/home/alex/.m2/repository/org/apache/hadoop/hadoop-auth/3.1.0/hadoop-auth-3.1.0.jar:/home/alex/.m2/repository/com/nimbusds/nimbus-jose-jwt/4.41.1/nimbus-jose-jwt-4.41.1.jar:/home/alex/.m2/repository/com/github/stephenc/jcip/jcip-annotations/1.0-1/jcip-annotations-1.0-1.jar:/home/alex/.m2/repository/com/jcraft/jsch/0.1.54/jsch-0.1.54.jar:/home/alex/.m2/repository/com/google/code/findbugs/jsr305/3.0.0/jsr305-3.0.0.jar:/home/alex/.m2/repository/org/apache/htrace/htrace-core4/4.1.0-incubating/htrace-core4-4.1.0-incubating.jar:/home/alex/.m2/repository/org/apache/kerby/kerb-simplekdc/1.0.1/kerb-simplekdc-1.0.1.jar:/home/alex/.m2/repository/org/apache/kerby/kerb-client/1.0.1/kerb-client-1.0.1.jar:/home/alex/.m2/repository/org/apache/kerby/kerby-config/1.0.1/kerby-config-1.0.1.jar:/home/alex/.m2/repository/org/apache/kerby/kerb-core/1.0.1/kerb-core-1.0.1.jar:/home/alex/.m2/repository/org/apache/kerby/kerby-pkix/1.0.1/kerby-pkix-1.0.1.jar:/home/alex/.m2/repository/org/apache/kerby/kerby-asn1/1.0.1/kerby-asn1-1.0.1.jar:/home/alex/.m2/repository/org/apache/kerby/kerby-util/1.0.1/kerby-util-1.0.1.jar:/home/alex/.m2/repository/org/apache/kerby/kerb-common/1.0.1/kerb-common-1.0.1.jar:/home/alex/.m2/repository/org/apache/kerby/kerb-crypto/1.0.1/kerb-crypto-1.0.1.jar:/home/alex/.m2/repository/org/apache/kerby/kerb-util/1.0.1/kerb-util-1.0.1.jar:/home/alex/.m2/repository/org/apache/kerby/token-provider/1.0.1/token-provider-1.0.1.jar:/home/alex/.m2/repository/org/apache/kerby/kerb-admin/1.0.1/kerb-admin-1.0.1.jar:/home/alex/.m2/repository/org/apache/kerby/kerb-server/1.0.1/kerb-server-1.0.1.jar:/home/alex/.m2/repository/org/apache/kerby/kerb-identity/1.0.1/kerb-identity-1.0.1.jar:/home/alex/.m2/repository/org/apache/kerby/kerby-xdr/1.0.1/kerby-xdr-1.0.1.jar:/home/alex/.m2/repository/org/codehaus/woodstox/stax2-api/3.1.4/stax2-api-3.1.4.jar:/home/alex/.m2/repository/com/fasterxml/woodstox/woodstox-core/5.0.3/woodstox-core-5.0.3.jar:/home/alex/.m2/repository/org/apache/hadoop/hadoop-mapreduce-client-core/3.1.0/hadoop-mapreduce-client-core-3.1.0.jar:/home/alex/.m2/repository/org/apache/hadoop/hadoop-yarn-client/3.1.0/hadoop-yarn-client-3.1.0.jar:/home/alex/.m2/repository/org/apache/hadoop/hadoop-yarn-common/3.1.0/hadoop-yarn-common-3.1.0.jar:/home/alex/.m2/repository/javax/xml/bind/jaxb-api/2.2.11/jaxb-api-2.2.11.jar:/home/alex/.m2/repository/com/google/inject/guice/4.0/guice-4.0.jar:/home/alex/.m2/repository/aopalliance/aopalliance/1.0/aopalliance-1.0.jar:/home/alex/.m2/repository/com/sun/jersey/contribs/jersey-guice/1.19/jersey-guice-1.19.jar:/home/alex/.m2/repository/com/fasterxml/jackson/module/jackson-module-jaxb-annotations/2.12.0/jackson-module-jaxb-annotations-2.12.0.jar:/home/alex/.m2/repository/jakarta/xml/bind/jakarta.xml.bind-api/2.3.2/jakarta.xml.bind-api-2.3.2.jar:/home/alex/.m2/repository/jakarta/activation/jakarta.activation-api/1.2.1/jakarta.activation-api-1.2.1.jar:/home/alex/.m2/repository/org/apache/hadoop/hadoop-hdfs-client/3.1.0/hadoop-hdfs-client-3.1.0.jar:/home/alex/.m2/repository/com/squareup/okhttp/okhttp/2.7.5/okhttp-2.7.5.jar:/home/alex/.m2/repository/com/squareup/okio/okio/1.6.0/okio-1.6.0.jar:/home/alex/.m2/repository/com/google/inject/extensions/guice-servlet/4.0/guice-servlet-4.0.jar:/home/alex/Repositories/hive/ql/target/test-classes:/home/alex/Repositories/hive/standalone-metastore/metastore-common/target/test-classes:/home/alex/.m2/repository/org/apache/orc/orc-core/1.6.9/orc-core-1.6.9.jar:/home/alex/.m2/repository/org/apache/orc/orc-shims/1.6.9/orc-shims-1.6.9.jar:/home/alex/.m2/repository/io/airlift/aircompressor/0.19/aircompressor-0.19.jar:/home/alex/.m2/repository/org/jetbrains/annotations/17.0.0/annotations-17.0.0.jar:/home/alex/.m2/repository/org/threeten/threeten-extra/1.5.0/threeten-extra-1.5.0.jar:/home/alex/.m2/repository/com/github/joshelser/dropwizard-metrics-hadoop-metrics2-reporter/0.1.2/dropwizard-metrics-hadoop-metrics2-reporter-0.1.2.jar:/home/alex/.m2/repository/com/zaxxer/HikariCP/2.6.1/HikariCP-2.6.1.jar:/home/alex/.m2/repository/io/dropwizard/metrics/metrics-core/3.1.0/metrics-core-3.1.0.jar:/home/alex/.m2/repository/io/dropwizard/metrics/metrics-jvm/3.1.0/metrics-jvm-3.1.0.jar:/home/alex/.m2/repository/io/dropwizard/metrics/metrics-json/3.1.0/metrics-json-3.1.0.jar:/home/alex/.m2/repository/org/apache/derby/derby/10.14.1.0/derby-10.14.1.0.jar:/home/alex/.m2/repository/commons-logging/commons-logging/1.1.3/commons-logging-1.1.3.jar:/home/alex/.m2/repository/com/github/ben-manes/caffeine/caffeine/2.8.4/caffeine-2.8.4.jar:/home/alex/.m2/repository/org/checkerframework/checker-qual/3.4.0/checker-qual-3.4.0.jar:/home/alex/.m2/repository/com/google/errorprone/error_prone_annotations/2.3.4/error_prone_annotations-2.3.4.jar:/home/alex/.m2/repository/org/apache/curator/curator-recipes/4.2.0/curator-recipes-4.2.0.jar:/home/alex/Repositories/hive/standalone-metastore/metastore-server/target/test-classes:/home/alex/Repositories/hive/standalone-metastore/metastore-common/target/classes:/home/alex/.m2/repository/org/apache/commons/commons-dbcp2/2.7.0/commons-dbcp2-2.7.0.jar:/home/alex/.m2/repository/org/apache/commons/commons-pool2/2.7.0/commons-pool2-2.7.0.jar:/home/alex/.m2/repository/commons-beanutils/commons-beanutils/1.9.4/commons-beanutils-1.9.4.jar:/home/alex/.m2/repository/org/datanucleus/datanucleus-api-jdo/5.2.4/datanucleus-api-jdo-5.2.4.jar:/home/alex/.m2/repository/org/datanucleus/datanucleus-rdbms/5.2.4/datanucleus-rdbms-5.2.4.jar:/home/alex/.m2/repository/org/datanucleus/javax.jdo/3.2.0-release/javax.jdo-3.2.0-release.jar:/home/alex/.m2/repository/javax/transaction/javax.transaction-api/1.3/javax.transaction-api-1.3.jar:/home/alex/.m2/repository/org/glassfish/corba/glassfish-corba-omgapi/4.2.2/glassfish-corba-omgapi-4.2.2.jar:/home/alex/.m2/repository/sqlline/sqlline/1.9.0/sqlline-1.9.0.jar:/home/alex/.m2/repository/org/jline/jline-terminal/3.12.1/jline-terminal-3.12.1.jar:/home/alex/.m2/repository/org/jline/jline-reader/3.12.1/jline-reader-3.12.1.jar:/home/alex/.m2/repository/org/jline/jline-terminal-jansi/3.12.1/jline-terminal-jansi-3.12.1.jar:/home/alex/.m2/repository/org/fusesource/jansi/jansi/1.18/jansi-1.18.jar:/home/alex/.m2/repository/org/jline/jline-terminal-jna/3.12.1/jline-terminal-jna-3.12.1.jar:/home/alex/.m2/repository/net/java/dev/jna/jna/5.3.1/jna-5.3.1.jar:/home/alex/.m2/repository/org/jline/jline-builtins/3.12.1/jline-builtins-3.12.1.jar:/home/alex/.m2/repository/org/jline/jline-style/3.12.1/jline-style-3.12.1.jar:/home/alex/.m2/repository/jline/jline/2.14.6/jline-2.14.6.jar:/home/alex/.m2/repository/com/cronutils/cron-utils/9.1.3/cron-utils-9.1.3.jar:/home/alex/.m2/repository/org/glassfish/javax.el/3.0.0/javax.el-3.0.0.jar:/home/alex/.m2/repository/com/oracle/database/jdbc/ojdbc8/21.3.0.0/ojdbc8-21.3.0.0.jar:/home/alex/.m2/repository/mysql/mysql-connector-java/8.0.27/mysql-connector-java-8.0.27.jar:/home/alex/.m2/repository/com/microsoft/sqlserver/mssql-jdbc/6.2.1.jre8/mssql-jdbc-6.2.1.jre8.jar:/home/alex/.m2/repository/org/postgresql/postgresql/42.2.14/postgresql-42.2.14.jar:/home/alex/Repositories/hive/hcatalog/core/target/test-classes:/home/alex/.m2/repository/org/apache/pig/pig/0.16.0/pig-0.16.0-h2.jar:/home/alex/.m2/repository/xmlenc/xmlenc/0.52/xmlenc-0.52.jar:/home/alex/.m2/repository/commons-httpclient/commons-httpclient/3.1/commons-httpclient-3.1.jar:/home/alex/.m2/repository/org/mortbay/jetty/jetty/6.1.26/jetty-6.1.26.jar:/home/alex/.m2/repository/org/mortbay/jetty/servlet-api/2.5-20081211/servlet-api-2.5-20081211.jar:/home/alex/.m2/repository/org/mortbay/jetty/jetty-util/6.1.26/jetty-util-6.1.26.jar:/home/alex/.m2/repository/org/mortbay/jetty/jsp-api-2.1/6.1.14/jsp-api-2.1-6.1.14.jar:/home/alex/.m2/repository/org/mortbay/jetty/jsp-2.1/6.1.14/jsp-2.1-6.1.14.jar:/home/alex/.m2/repository/org/eclipse/jdt/core/3.1.1/core-3.1.1.jar:/home/alex/.m2/repository/ant/ant/1.6.5/ant-1.6.5.jar:/home/alex/.m2/repository/commons-el/commons-el/1.0/commons-el-1.0.jar:/home/alex/.m2/repository/net/java/dev/jets3t/jets3t/0.7.1/jets3t-0.7.1.jar:/home/alex/.m2/repository/org/mortbay/jetty/servlet-api-2.5/6.1.14/servlet-api-2.5-6.1.14.jar:/home/alex/.m2/repository/net/sf/kosmosfs/kfs/0.3/kfs-0.3.jar:/home/alex/.m2/repository/junit/junit/4.13/junit-4.13.jar:/home/alex/.m2/repository/org/hamcrest/hamcrest-core/1.3/hamcrest-core-1.3.jar:/home/alex/.m2/repository/hsqldb/hsqldb/1.8.0.10/hsqldb-1.8.0.10.jar:/home/alex/.m2/repository/oro/oro/2.0.8/oro-2.0.8.jar:/home/alex/.m2/repository/dk/brics/automaton/automaton/1.11-8/automaton-1.11-8.jar:/home/alex/.m2/repository/org/codehaus/jackson/jackson-mapper-asl/1.8.8/jackson-mapper-asl-1.8.8.jar:/home/alex/.m2/repository/org/codehaus/jackson/jackson-core-asl/1.8.8/jackson-core-asl-1.8.8.jar:/home/alex/.m2/repository/joda-time/joda-time/2.9.9/joda-time-2.9.9.jar:/home/alex/.m2/repository/org/slf4j/slf4j-api/1.7.30/slf4j-api-1.7.30.jar:/home/alex/.m2/repository/org/mockito/mockito-core/3.4.4/mockito-core-3.4.4.jar:/home/alex/.m2/repository/net/bytebuddy/byte-buddy/1.10.13/byte-buddy-1.10.13.jar:/home/alex/.m2/repository/net/bytebuddy/byte-buddy-agent/1.10.13/byte-buddy-agent-1.10.13.jar:/home/alex/.m2/repository/org/objenesis/objenesis/2.6/objenesis-2.6.jar:/home/alex/Repositories/hive/hcatalog/webhcat/java-client/target/testconf:/home/alex/Repositories/hive/hcatalog/webhcat/java-client/../../../conf:"/>
    <property name="sun.cpu.endian" value="little"/>
    <property name="user.home" value="/home/alex"/>
    <property name="user.language" value="en"/>
    <property name="java.security.krb5.conf" value="/home/alex/Repositories/hive/hcatalog/webhcat/java-client/target/testconf/krb5.conf"/>
    <property name="test.dfs.mkdir" value=""/>
    <property name="hive.exec.pre.hooks" value=" "/>
    <property name="java.awt.graphicsenv" value="sun.awt.X11GraphicsEnvironment"/>
    <property name="nondexFilter" value=".*"/>
    <property name="nondexSeed" value="1016066"/>
    <property name="surefire.real.class.path" value="/home/alex/Repositories/hive/hcatalog/webhcat/java-client/target/surefire/surefirebooter1701924136166944648.jar"/>
    <property name="hadoop.log.dir" value="/home/alex/Repositories/hive/hcatalog/webhcat/java-client/target/tmp"/>
    <property name="java.net.preferIPv4Stack" value="true"/>
    <property name="path.separator" value=":"/>
    <property name="os.version" value="6.5.0-28-generic"/>
    <property name="java.endorsed.dirs" value="/usr/lib/jvm/java-8-openjdk-amd64/jre/lib/endorsed"/>
    <property name="java.runtime.name" value="OpenJDK Runtime Environment"/>
    <property name="hive.test.console.log.level" value="INFO"/>
    <property name="java.vm.name" value="OpenJDK 64-Bit Server VM"/>
    <property name="java.vendor.url.bug" value="http://bugreport.sun.com/bugreport/"/>
    <property name="maven.local.repository" value="/home/alex/.m2/repository"/>
    <property name="user.dir" value="/home/alex/Repositories/hive/hcatalog/webhcat/java-client"/>
    <property name="os.arch" value="amd64"/>
    <property name="nondexMode" value="FULL"/>
    <property name="user.language.format" value="pt"/>
    <property name="antlr.version" value="3.5.2"/>
    <property name="hive.metastore.transactional.event.listeners" value="org.apache.hive.hcatalog.listener.DbNotificationListener"/>
    <property name="derby.version" value="10.14.1.0"/>
    <property name="java.vm.info" value="mixed mode"/>
    <property name="java.vm.version" value="25.402-b06"/>
    <property name="java.ext.dirs" value="/usr/lib/jvm/java-8-openjdk-amd64/jre/lib/ext:/usr/java/packages/lib/ext"/>
    <property name="test.output.overwrite" value=""/>
    <property name="java.class.version" value="52.0"/>
    <property name="hive.root" value="/home/alex/Repositories/hive/hcatalog/webhcat/java-client/../../../"/>
  </properties>
  <testcase name="testGetPartitionsWithPartialSpec" classname="org.apache.hive.hcatalog.api.TestHCatClient" time="44.103">
    <failure message="Unexpected exception! org.apache.hive.hcatalog.common.HCatException : 9001 : Exception occurred while processing HCat request : MetaException while dropping db.. Cause : MetaException(message:javax.jdo.JDODataStoreException: Exception thrown flushing changes to datastore&#10;NestedThrowables:&#10;java.sql.BatchUpdateException: DELETE on table &apos;DBS&apos; caused a violation of foreign key constraint &apos;TBLS_FK1&apos; for key (2).  The statement has been rolled back.)" type="java.lang.AssertionError"><![CDATA[java.lang.AssertionError: 
Unexpected exception! org.apache.hive.hcatalog.common.HCatException : 9001 : Exception occurred while processing HCat request : MetaException while dropping db.. Cause : MetaException(message:javax.jdo.JDODataStoreException: Exception thrown flushing changes to datastore
NestedThrowables:
java.sql.BatchUpdateException: DELETE on table 'DBS' caused a violation of foreign key constraint 'TBLS_FK1' for key (2).  The statement has been rolled back.)
	at org.junit.Assert.fail(Assert.java:89)
	at org.junit.Assert.assertTrue(Assert.java:42)
	at org.apache.hive.hcatalog.api.TestHCatClient.testGetPartitionsWithPartialSpec(TestHCatClient.java:746)
	at sun.reflect.NativeMethodAccessorImpl.invoke0(Native Method)
	at sun.reflect.NativeMethodAccessorImpl.invoke(NativeMethodAccessorImpl.java:62)
	at sun.reflect.DelegatingMethodAccessorImpl.invoke(DelegatingMethodAccessorImpl.java:43)
	at java.lang.reflect.Method.invoke(Method.java:498)
	at org.junit.runners.model.FrameworkMethod$1.runReflectiveCall(FrameworkMethod.java:59)
	at org.junit.internal.runners.model.ReflectiveCallable.run(ReflectiveCallable.java:12)
	at org.junit.runners.model.FrameworkMethod.invokeExplosively(FrameworkMethod.java:56)
	at org.junit.internal.runners.statements.InvokeMethod.evaluate(InvokeMethod.java:17)
	at org.junit.runners.ParentRunner$3.evaluate(ParentRunner.java:306)
	at org.junit.runners.BlockJUnit4ClassRunner$1.evaluate(BlockJUnit4ClassRunner.java:100)
	at org.junit.runners.ParentRunner.runLeaf(ParentRunner.java:366)
	at org.junit.runners.BlockJUnit4ClassRunner.runChild(BlockJUnit4ClassRunner.java:103)
	at org.junit.runners.BlockJUnit4ClassRunner.runChild(BlockJUnit4ClassRunner.java:63)
	at org.junit.runners.ParentRunner$4.run(ParentRunner.java:331)
	at org.junit.runners.ParentRunner$1.schedule(ParentRunner.java:79)
	at org.junit.runners.ParentRunner.runChildren(ParentRunner.java:329)
	at org.junit.runners.ParentRunner.access$100(ParentRunner.java:66)
	at org.junit.runners.ParentRunner$2.evaluate(ParentRunner.java:293)
	at org.junit.internal.runners.statements.RunBefores.evaluate(RunBefores.java:26)
	at org.junit.internal.runners.statements.RunAfters.evaluate(RunAfters.java:27)
	at org.junit.runners.ParentRunner$3.evaluate(ParentRunner.java:306)
	at org.junit.runners.ParentRunner.run(ParentRunner.java:413)
	at org.junit.runners.Suite.runChild(Suite.java:128)
	at org.junit.runners.Suite.runChild(Suite.java:27)
	at org.junit.runners.ParentRunner$4.run(ParentRunner.java:331)
	at org.junit.runners.ParentRunner$1.schedule(ParentRunner.java:79)
	at org.junit.runners.ParentRunner.runChildren(ParentRunner.java:329)
	at org.junit.runners.ParentRunner.access$100(ParentRunner.java:66)
	at org.junit.runners.ParentRunner$2.evaluate(ParentRunner.java:293)
	at org.junit.runners.ParentRunner$3.evaluate(ParentRunner.java:306)
	at org.junit.runners.ParentRunner.run(ParentRunner.java:413)
	at org.apache.maven.surefire.junitcore.JUnitCore.run(JUnitCore.java:55)
	at org.apache.maven.surefire.junitcore.JUnitCoreWrapper.createRequestAndRun(JUnitCoreWrapper.java:137)
	at org.apache.maven.surefire.junitcore.JUnitCoreWrapper.executeEager(JUnitCoreWrapper.java:107)
	at org.apache.maven.surefire.junitcore.JUnitCoreWrapper.execute(JUnitCoreWrapper.java:83)
	at org.apache.maven.surefire.junitcore.JUnitCoreWrapper.execute(JUnitCoreWrapper.java:75)
	at org.apache.maven.surefire.junitcore.JUnitCoreProvider.invoke(JUnitCoreProvider.java:158)
	at org.apache.maven.surefire.booter.ForkedBooter.runSuitesInProcess(ForkedBooter.java:377)
	at org.apache.maven.surefire.booter.ForkedBooter.execute(ForkedBooter.java:138)
	at org.apache.maven.surefire.booter.ForkedBooter.run(ForkedBooter.java:465)
	at org.apache.maven.surefire.booter.ForkedBooter.main(ForkedBooter.java:451)
]]></failure>
    <system-err><![CDATA[SLF4J: Class path contains multiple SLF4J bindings.
SLF4J: Found binding in [jar:file:/home/alex/.m2/repository/org/apache/logging/log4j/log4j-slf4j-impl/2.13.2/log4j-slf4j-impl-2.13.2.jar!/org/slf4j/impl/StaticLoggerBinder.class]
SLF4J: Found binding in [jar:file:/home/alex/.m2/repository/org/slf4j/slf4j-simple/1.7.27/slf4j-simple-1.7.27.jar!/org/slf4j/impl/StaticLoggerBinder.class]
SLF4J: See http://www.slf4j.org/codes.html#multiple_bindings for an explanation.
SLF4J: Actual binding is of type [org.apache.logging.slf4j.Log4jLoggerFactory]
DEBUG StatusLogger Using ShutdownCallbackRegistry class org.apache.logging.log4j.core.util.DefaultShutdownCallbackRegistry
DEBUG StatusLogger Took 0,099689 seconds to load 251 plugins from sun.misc.Launcher$AppClassLoader@330bedb4
DEBUG StatusLogger PluginManager 'Converter' found 46 plugins
DEBUG StatusLogger Starting OutputStreamManager SYSTEM_OUT.false.false-1
DEBUG StatusLogger Starting LoggerContext[name=330bedb4, org.apache.logging.log4j.core.LoggerContext@233795b6]...
DEBUG StatusLogger Reconfiguration started for context[name=330bedb4] at URI null (org.apache.logging.log4j.core.LoggerContext@233795b6) with optional ClassLoader: null
DEBUG StatusLogger PluginManager 'ConfigurationFactory' found 6 plugins
DEBUG StatusLogger Using configurationFactory org.apache.logging.log4j.core.config.ConfigurationFactory$Factory@7770f470
DEBUG StatusLogger Apache Log4j Core 2.13.2 initializing configuration org.apache.logging.log4j.core.config.properties.PropertiesConfiguration@6aaceffd
DEBUG StatusLogger Installed 2 script engines
DEBUG StatusLogger Groovy Scripting Engine version: 2.0, language: Groovy, threading: MULTITHREADED, compile: true, names: [groovy, Groovy], factory class: org.codehaus.groovy.jsr223.GroovyScriptEngineFactory
DEBUG StatusLogger Oracle Nashorn version: 1.8.0_402, language: ECMAScript, threading: Not Thread Safe, compile: true, names: [nashorn, Nashorn, js, JS, JavaScript, javascript, ECMAScript, ecmascript], factory class: jdk.nashorn.api.scripting.NashornScriptEngineFactory
INFO StatusLogger Scanning for classes in '/home/alex/Repositories/hive/common/target/classes/org/apache/hadoop/hive/ql/log' matching criteria annotated with @Plugin
DEBUG StatusLogger Checking to see if class org.apache.hadoop.hive.ql.log.PerfLogger matches criteria annotated with @Plugin
INFO StatusLogger Scanning for classes in '/home/alex/Repositories/hive/ql/target/classes/org/apache/hadoop/hive/ql/log' matching criteria annotated with @Plugin
DEBUG StatusLogger Checking to see if class org.apache.hadoop.hive.ql.log.HiveEventCounter matches criteria annotated with @Plugin
DEBUG StatusLogger Checking to see if class org.apache.hadoop.hive.ql.log.HiveEventCounter$EventCounts matches criteria annotated with @Plugin
DEBUG StatusLogger Checking to see if class org.apache.hadoop.hive.ql.log.syslog.SyslogInputFormat matches criteria annotated with @Plugin
DEBUG StatusLogger Checking to see if class org.apache.hadoop.hive.ql.log.syslog.SyslogInputFormat$Location matches criteria annotated with @Plugin
DEBUG StatusLogger Checking to see if class org.apache.hadoop.hive.ql.log.syslog.SyslogSerDe matches criteria annotated with @Plugin
DEBUG StatusLogger Checking to see if class org.apache.hadoop.hive.ql.log.syslog.SyslogStorageHandler matches criteria annotated with @Plugin
DEBUG StatusLogger Checking to see if class org.apache.hadoop.hive.ql.log.syslog.SyslogParser matches criteria annotated with @Plugin
DEBUG StatusLogger Checking to see if class org.apache.hadoop.hive.ql.log.LogDivertAppender matches criteria annotated with @Plugin
DEBUG StatusLogger Checking to see if class org.apache.hadoop.hive.ql.log.LogDivertAppenderForTest$TestFilter matches criteria annotated with @Plugin
DEBUG StatusLogger Checking to see if class org.apache.hadoop.hive.ql.log.HushableRandomAccessFileAppender$1 matches criteria annotated with @Plugin
DEBUG StatusLogger Checking to see if class org.apache.hadoop.hive.ql.log.NullAppender matches criteria annotated with @Plugin
DEBUG StatusLogger Checking to see if class org.apache.hadoop.hive.ql.log.SlidingFilenameRolloverStrategy matches criteria annotated with @Plugin
DEBUG StatusLogger Checking to see if class org.apache.hadoop.hive.ql.log.SlidingFilenameRolloverStrategy$1 matches criteria annotated with @Plugin
DEBUG StatusLogger Checking to see if class org.apache.hadoop.hive.ql.log.HiveEventCounter$1 matches criteria annotated with @Plugin
DEBUG StatusLogger Checking to see if class org.apache.hadoop.hive.ql.log.LogDivertAppenderForTest matches criteria annotated with @Plugin
DEBUG StatusLogger Checking to see if class org.apache.hadoop.hive.ql.log.HushableRandomAccessFileAppender matches criteria annotated with @Plugin
DEBUG StatusLogger Checking to see if class org.apache.hadoop.hive.ql.log.LogDivertAppender$NameFilter matches criteria annotated with @Plugin
DEBUG StatusLogger Checking to see if class org.apache.hadoop.hive.ql.log.PidFilePatternConverter matches criteria annotated with @Plugin
INFO StatusLogger Scanning for classes in '/home/alex/Repositories/hive/ql/target/test-classes/org/apache/hadoop/hive/ql/log' matching criteria annotated with @Plugin
DEBUG StatusLogger Checking to see if class org.apache.hadoop.hive.ql.log.TestLog4j2Appenders matches criteria annotated with @Plugin
DEBUG StatusLogger Checking to see if class org.apache.hadoop.hive.ql.log.TestSlidingFilenameRolloverStrategy matches criteria annotated with @Plugin
DEBUG StatusLogger Checking to see if class org.apache.hadoop.hive.ql.log.TestSyslogInputFormat matches criteria annotated with @Plugin
DEBUG StatusLogger Took 0,020402 seconds to load 7 plugins from package org.apache.hadoop.hive.ql.log
DEBUG StatusLogger PluginManager 'Core' found 133 plugins
DEBUG StatusLogger PluginManager 'Level' found 0 plugins
DEBUG StatusLogger Building Plugin[name=property, class=org.apache.logging.log4j.core.config.Property].
TRACE StatusLogger TypeConverterRegistry initializing.
DEBUG StatusLogger PluginManager 'TypeConverter' found 26 plugins
DEBUG StatusLogger createProperty(name="hive.log.file", value="hive.log")
DEBUG StatusLogger Building Plugin[name=property, class=org.apache.logging.log4j.core.config.Property].
DEBUG StatusLogger createProperty(name="hive.log.dir", value="/home/alex/Repositories/hive/hcatalog/webhcat/java-client/target/tmp/log")
DEBUG StatusLogger Building Plugin[name=property, class=org.apache.logging.log4j.core.config.Property].
DEBUG StatusLogger createProperty(name="hive.root.logger", value="DRFA")
DEBUG StatusLogger Building Plugin[name=property, class=org.apache.logging.log4j.core.config.Property].
DEBUG StatusLogger createProperty(name="hive.log.level", value="DEBUG")
DEBUG StatusLogger Building Plugin[name=property, class=org.apache.logging.log4j.core.config.Property].
DEBUG StatusLogger createProperty(name="hive.test.console.log.level", value="INFO")
DEBUG StatusLogger Building Plugin[name=properties, class=org.apache.logging.log4j.core.config.PropertiesPlugin].
DEBUG StatusLogger configureSubstitutor(={hive.log.file=hive.log, hive.log.dir=/home/alex/Repositories/hive/hcatalog/webhcat/java-client/target/tmp/log, hive.root.logger=DRFA, hive.log.level=DEBUG, hive.test.console.log.level=INFO}, Configuration(HiveLog4j2Test))
DEBUG StatusLogger PluginManager 'Lookup' found 17 plugins
DEBUG StatusLogger Building Plugin[name=logger, class=org.apache.logging.log4j.core.config.LoggerConfig].
DEBUG StatusLogger createLogger(additivity="true", level="WARN", name="org.apache.hadoop.ipc", includeLocation="null", ={}, ={}, Configuration(HiveLog4j2Test), Filter=null)
DEBUG StatusLogger Building Plugin[name=logger, class=org.apache.logging.log4j.core.config.LoggerConfig].
DEBUG StatusLogger createLogger(additivity="true", level="INFO", name="org.apache.hadoop.security", includeLocation="null", ={}, ={}, Configuration(HiveLog4j2Test), Filter=null)
DEBUG StatusLogger Building Plugin[name=logger, class=org.apache.logging.log4j.core.config.LoggerConfig].
DEBUG StatusLogger createLogger(additivity="true", level="INFO", name="org.apache.hadoop.hdfs", includeLocation="null", ={}, ={}, Configuration(HiveLog4j2Test), Filter=null)
DEBUG StatusLogger Building Plugin[name=logger, class=org.apache.logging.log4j.core.config.LoggerConfig].
DEBUG StatusLogger createLogger(additivity="true", level="WARN", name="org.apache.hadoop.hdfs.server", includeLocation="null", ={}, ={}, Configuration(HiveLog4j2Test), Filter=null)
DEBUG StatusLogger Building Plugin[name=logger, class=org.apache.logging.log4j.core.config.LoggerConfig].
DEBUG StatusLogger createLogger(additivity="true", level="INFO", name="org.apache.hadoop.metrics2", includeLocation="null", ={}, ={}, Configuration(HiveLog4j2Test), Filter=null)
DEBUG StatusLogger Building Plugin[name=logger, class=org.apache.logging.log4j.core.config.LoggerConfig].
DEBUG StatusLogger createLogger(additivity="true", level="INFO", name="org.mortbay", includeLocation="null", ={}, ={}, Configuration(HiveLog4j2Test), Filter=null)
DEBUG StatusLogger Building Plugin[name=logger, class=org.apache.logging.log4j.core.config.LoggerConfig].
DEBUG StatusLogger createLogger(additivity="true", level="INFO", name="org.apache.hadoop.yarn", includeLocation="null", ={}, ={}, Configuration(HiveLog4j2Test), Filter=null)
DEBUG StatusLogger Building Plugin[name=logger, class=org.apache.logging.log4j.core.config.LoggerConfig].
DEBUG StatusLogger createLogger(additivity="true", level="WARN", name="org.apache.hadoop.yarn.server", includeLocation="null", ={}, ={}, Configuration(HiveLog4j2Test), Filter=null)
DEBUG StatusLogger Building Plugin[name=logger, class=org.apache.logging.log4j.core.config.LoggerConfig].
DEBUG StatusLogger createLogger(additivity="true", level="INFO", name="org.apache.tez", includeLocation="null", ={}, ={}, Configuration(HiveLog4j2Test), Filter=null)
DEBUG StatusLogger Building Plugin[name=logger, class=org.apache.logging.log4j.core.config.LoggerConfig].
DEBUG StatusLogger createLogger(additivity="true", level="ERROR", name="org.apache.hadoop.conf.Configuration", includeLocation="null", ={}, ={}, Configuration(HiveLog4j2Test), Filter=null)
DEBUG StatusLogger Building Plugin[name=logger, class=org.apache.logging.log4j.core.config.LoggerConfig].
DEBUG StatusLogger createLogger(additivity="true", level="INFO", name="org.apache.zookeeper", includeLocation="null", ={}, ={}, Configuration(HiveLog4j2Test), Filter=null)
DEBUG StatusLogger Building Plugin[name=logger, class=org.apache.logging.log4j.core.config.LoggerConfig].
DEBUG StatusLogger createLogger(additivity="true", level="WARN", name="org.apache.zookeeper.server.ServerCnxn", includeLocation="null", ={}, ={}, Configuration(HiveLog4j2Test), Filter=null)
DEBUG StatusLogger Building Plugin[name=logger, class=org.apache.logging.log4j.core.config.LoggerConfig].
DEBUG StatusLogger createLogger(additivity="true", level="WARN", name="org.apache.zookeeper.server.NIOServerCnxn", includeLocation="null", ={}, ={}, Configuration(HiveLog4j2Test), Filter=null)
DEBUG StatusLogger Building Plugin[name=logger, class=org.apache.logging.log4j.core.config.LoggerConfig].
DEBUG StatusLogger createLogger(additivity="true", level="WARN", name="org.apache.zookeeper.ClientCnxn", includeLocation="null", ={}, ={}, Configuration(HiveLog4j2Test), Filter=null)
DEBUG StatusLogger Building Plugin[name=logger, class=org.apache.logging.log4j.core.config.LoggerConfig].
DEBUG StatusLogger createLogger(additivity="true", level="WARN", name="org.apache.zookeeper.ClientCnxnSocket", includeLocation="null", ={}, ={}, Configuration(HiveLog4j2Test), Filter=null)
DEBUG StatusLogger Building Plugin[name=logger, class=org.apache.logging.log4j.core.config.LoggerConfig].
DEBUG StatusLogger createLogger(additivity="true", level="WARN", name="org.apache.zookeeper.ClientCnxnSocketNIO", includeLocation="null", ={}, ={}, Configuration(HiveLog4j2Test), Filter=null)
DEBUG StatusLogger Building Plugin[name=logger, class=org.apache.logging.log4j.core.config.LoggerConfig].
DEBUG StatusLogger createLogger(additivity="true", level="ERROR", name="DataNucleus", includeLocation="null", ={}, ={}, Configuration(HiveLog4j2Test), Filter=null)
DEBUG StatusLogger Building Plugin[name=logger, class=org.apache.logging.log4j.core.config.LoggerConfig].
DEBUG StatusLogger createLogger(additivity="true", level="ERROR", name="Datastore", includeLocation="null", ={}, ={}, Configuration(HiveLog4j2Test), Filter=null)
DEBUG StatusLogger Building Plugin[name=logger, class=org.apache.logging.log4j.core.config.LoggerConfig].
DEBUG StatusLogger createLogger(additivity="true", level="ERROR", name="JPOX", includeLocation="null", ={}, ={}, Configuration(HiveLog4j2Test), Filter=null)
DEBUG StatusLogger Building Plugin[name=logger, class=org.apache.logging.log4j.core.config.LoggerConfig].
DEBUG StatusLogger createLogger(additivity="true", level="INFO", name="org.apache.hadoop.hive.ql.exec.Operator", includeLocation="null", ={}, ={}, Configuration(HiveLog4j2Test), Filter=null)
DEBUG StatusLogger Building Plugin[name=logger, class=org.apache.logging.log4j.core.config.LoggerConfig].
DEBUG StatusLogger createLogger(additivity="true", level="INFO", name="org.apache.hadoop.hive.serde2.lazy", includeLocation="null", ={}, ={}, Configuration(HiveLog4j2Test), Filter=null)
DEBUG StatusLogger Building Plugin[name=logger, class=org.apache.logging.log4j.core.config.LoggerConfig].
DEBUG StatusLogger createLogger(additivity="true", level="INFO", name="org.apache.hadoop.hive.metastore.ObjectStore", includeLocation="null", ={}, ={}, Configuration(HiveLog4j2Test), Filter=null)
DEBUG StatusLogger Building Plugin[name=logger, class=org.apache.logging.log4j.core.config.LoggerConfig].
DEBUG StatusLogger createLogger(additivity="true", level="INFO", name="org.apache.calcite.plan.RelOptPlanner", includeLocation="null", ={}, ={}, Configuration(HiveLog4j2Test), Filter=null)
DEBUG StatusLogger Building Plugin[name=logger, class=org.apache.logging.log4j.core.config.LoggerConfig].
DEBUG StatusLogger createLogger(additivity="true", level="INFO", name="com.amazonaws", includeLocation="null", ={}, ={}, Configuration(HiveLog4j2Test), Filter=null)
DEBUG StatusLogger Building Plugin[name=logger, class=org.apache.logging.log4j.core.config.LoggerConfig].
DEBUG StatusLogger createLogger(additivity="true", level="INFO", name="org.apache.http", includeLocation="null", ={}, ={}, Configuration(HiveLog4j2Test), Filter=null)
DEBUG StatusLogger Building Plugin[name=logger, class=org.apache.logging.log4j.core.config.LoggerConfig].
DEBUG StatusLogger createLogger(additivity="true", level="WARN", name="org.apache.thrift", includeLocation="null", ={}, ={}, Configuration(HiveLog4j2Test), Filter=null)
DEBUG StatusLogger Building Plugin[name=logger, class=org.apache.logging.log4j.core.config.LoggerConfig].
DEBUG StatusLogger createLogger(additivity="true", level="WARN", name="org.eclipse.jetty", includeLocation="null", ={}, ={}, Configuration(HiveLog4j2Test), Filter=null)
DEBUG StatusLogger Building Plugin[name=logger, class=org.apache.logging.log4j.core.config.LoggerConfig].
DEBUG StatusLogger createLogger(additivity="true", level="WARN", name="BlockStateChange", includeLocation="null", ={}, ={}, Configuration(HiveLog4j2Test), Filter=null)
DEBUG StatusLogger Building Plugin[name=logger, class=org.apache.logging.log4j.core.config.LoggerConfig].
DEBUG StatusLogger createLogger(additivity="true", level="DEBUG", name="org.apache.hadoop.hive.ql.optimizer.SharedWorkOptimizer", includeLocation="null", ={}, ={}, Configuration(HiveLog4j2Test), Filter=null)
DEBUG StatusLogger Building Plugin[name=AppenderRef, class=org.apache.logging.log4j.core.config.AppenderRef].
DEBUG StatusLogger createAppenderRef(ref="DRFA", level="null", Filter=null)
DEBUG StatusLogger Building Plugin[name=AppenderRef, class=org.apache.logging.log4j.core.config.AppenderRef].
DEBUG StatusLogger createAppenderRef(ref="console", level="INFO", Filter=null)
DEBUG StatusLogger Building Plugin[name=root, class=org.apache.logging.log4j.core.config.LoggerConfig$RootLogger].
DEBUG StatusLogger createLogger(additivity="null", level="DEBUG", includeLocation="null", ={DRFA, console}, ={}, Configuration(HiveLog4j2Test), Filter=null)
DEBUG StatusLogger Building Plugin[name=loggers, class=org.apache.logging.log4j.core.config.LoggersPlugin].
DEBUG StatusLogger createLoggers(={org.apache.hadoop.ipc, org.apache.hadoop.security, org.apache.hadoop.hdfs, org.apache.hadoop.hdfs.server, org.apache.hadoop.metrics2, org.mortbay, org.apache.hadoop.yarn, org.apache.hadoop.yarn.server, org.apache.tez, org.apache.hadoop.conf.Configuration, org.apache.zookeeper, org.apache.zookeeper.server.ServerCnxn, org.apache.zookeeper.server.NIOServerCnxn, org.apache.zookeeper.ClientCnxn, org.apache.zookeeper.ClientCnxnSocket, org.apache.zookeeper.ClientCnxnSocketNIO, DataNucleus, Datastore, JPOX, org.apache.hadoop.hive.ql.exec.Operator, org.apache.hadoop.hive.serde2.lazy, org.apache.hadoop.hive.metastore.ObjectStore, org.apache.calcite.plan.RelOptPlanner, com.amazonaws, org.apache.http, org.apache.thrift, org.eclipse.jetty, BlockStateChange, org.apache.hadoop.hive.ql.optimizer.SharedWorkOptimizer, root})
DEBUG StatusLogger Building Plugin[name=layout, class=org.apache.logging.log4j.core.layout.PatternLayout].
DEBUG StatusLogger PatternLayout$Builder(header="null", Replace=null, footer="null", PatternSelector=null, pattern="%d{ISO8601} %5p [%t] %c{2}: %m%n", disableAnsi="null", noConsoleNoAnsi="null", Configuration(HiveLog4j2Test), charset="null", alwaysWriteExceptions="null")
DEBUG StatusLogger PluginManager 'Converter' found 46 plugins
DEBUG StatusLogger Building Plugin[name=appender, class=org.apache.logging.log4j.core.appender.ConsoleAppender].
DEBUG StatusLogger ConsoleAppender$Builder(follow="null", direct="null", target="SYSTEM_ERR", bufferSize="null", immediateFlush="null", bufferedIo="null", Configuration(HiveLog4j2Test), PatternLayout(%d{ISO8601} %5p [%t] %c{2}: %m%n), name="console", ignoreExceptions="null", ={}, Filter=null)
DEBUG StatusLogger Starting OutputStreamManager SYSTEM_ERR.false.false
DEBUG StatusLogger Building Plugin[name=layout, class=org.apache.logging.log4j.core.layout.PatternLayout].
DEBUG StatusLogger PatternLayout$Builder(footer="null", header="null", noConsoleNoAnsi="null", PatternSelector=null, Configuration(HiveLog4j2Test), pattern="%d{ISO8601} %5p [%t] %c{2}: %m%n", charset="null", Replace=null, disableAnsi="null", alwaysWriteExceptions="null")
DEBUG StatusLogger Building Plugin[name=TimeBasedTriggeringPolicy, class=org.apache.logging.log4j.core.appender.rolling.TimeBasedTriggeringPolicy].
DEBUG StatusLogger TimeBasedTriggeringPolicy$Builder(modulate="true", interval="1", maxRandomDelay="null")
DEBUG StatusLogger Building Plugin[name=Policies, class=org.apache.logging.log4j.core.appender.rolling.CompositeTriggeringPolicy].
DEBUG StatusLogger createPolicy(={TimeBasedTriggeringPolicy(nextRolloverMillis=0, interval=1, modulate=true)})
DEBUG StatusLogger Building Plugin[name=DefaultRolloverStrategy, class=org.apache.logging.log4j.core.appender.rolling.DefaultRolloverStrategy].
DEBUG StatusLogger DefaultRolloverStrategy$Builder(max="30", stopCustomActionsOnError="null", Configuration(HiveLog4j2Test), tempCompressedFilePattern="null", ={}, min="null", compressionLevel="null", fileIndex="null")
DEBUG StatusLogger Building Plugin[name=appender, class=org.apache.logging.log4j.core.appender.RollingRandomAccessFileAppender].
DEBUG StatusLogger RollingRandomAccessFileAppender$Builder(fileGroup="null", filePattern="/home/alex/Repositories/hive/hcatalog/webhcat/java-client/target/tmp/log/hive.log.%d{yyyy-MM-dd}", advertiseURI="null", filePermissions="null", advertise="null", DefaultRolloverStrategy(DefaultRolloverStrategy(min=1, max=30, useMax=true)), Policies(CompositeTriggeringPolicy(policies=[TimeBasedTriggeringPolicy(nextRolloverMillis=0, interval=1, modulate=true)])), fileName="/home/alex/Repositories/hive/hcatalog/webhcat/java-client/target/tmp/log/hive.log", append="null", fileOwner="null", immediateFlush="null", bufferedIo="null", bufferSize="null", name="DRFA", Configuration(HiveLog4j2Test), ignoreExceptions="null", PatternLayout(%d{ISO8601} %5p [%t] %c{2}: %m%n), Filter=null, ={})
TRACE StatusLogger RandomAccessFile /home/alex/Repositories/hive/hcatalog/webhcat/java-client/target/tmp/log/hive.log seek to 14904165
DEBUG StatusLogger Starting RollingRandomAccessFileManager /home/alex/Repositories/hive/hcatalog/webhcat/java-client/target/tmp/log/hive.log
DEBUG StatusLogger PluginManager 'FileConverter' found 3 plugins
DEBUG StatusLogger Setting prev file time to 2024-04-24T12:21:02.300-0700
DEBUG StatusLogger Initializing triggering policy CompositeTriggeringPolicy(policies=[TimeBasedTriggeringPolicy(nextRolloverMillis=0, interval=1, modulate=true)])
DEBUG StatusLogger Initializing triggering policy TimeBasedTriggeringPolicy(nextRolloverMillis=0, interval=1, modulate=true)
TRACE StatusLogger PatternProcessor.getNextTime returning 2024/04/25-00:00:00.000, nextFileTime=2024/04/24-00:00:00.000, prevFileTime=1969/12/31-16:00:00.000, current=2024/04/24-12:21:03.988, freq=DAILY
TRACE StatusLogger PatternProcessor.getNextTime returning 2024/04/25-00:00:00.000, nextFileTime=2024/04/24-00:00:00.000, prevFileTime=2024/04/24-00:00:00.000, current=2024/04/24-12:21:03.988, freq=DAILY
DEBUG StatusLogger Building Plugin[name=appenders, class=org.apache.logging.log4j.core.config.AppendersPlugin].
DEBUG StatusLogger createAppenders(={console, DRFA})
DEBUG StatusLogger Configuration org.apache.logging.log4j.core.config.properties.PropertiesConfiguration@6aaceffd initialized
DEBUG StatusLogger Starting configuration org.apache.logging.log4j.core.config.properties.PropertiesConfiguration@6aaceffd
DEBUG StatusLogger Started configuration org.apache.logging.log4j.core.config.properties.PropertiesConfiguration@6aaceffd OK.
TRACE StatusLogger Stopping org.apache.logging.log4j.core.config.DefaultConfiguration@17c386de...
TRACE StatusLogger DefaultConfiguration notified 1 ReliabilityStrategies that config will be stopped.
TRACE StatusLogger DefaultConfiguration stopping root LoggerConfig.
TRACE StatusLogger DefaultConfiguration notifying ReliabilityStrategies that appenders will be stopped.
TRACE StatusLogger DefaultConfiguration stopping remaining Appenders.
DEBUG StatusLogger Shutting down OutputStreamManager SYSTEM_OUT.false.false-1
DEBUG StatusLogger OutputStream closed
DEBUG StatusLogger Shut down OutputStreamManager SYSTEM_OUT.false.false-1, all resources released: true
DEBUG StatusLogger Appender DefaultConsole-1 stopped with status true
TRACE StatusLogger DefaultConfiguration stopped 1 remaining Appenders.
TRACE StatusLogger DefaultConfiguration cleaning Appenders from 1 LoggerConfigs.
DEBUG StatusLogger Stopped org.apache.logging.log4j.core.config.DefaultConfiguration@17c386de OK
TRACE StatusLogger Reregistering MBeans after reconfigure. Selector=org.apache.logging.log4j.core.selector.ClassLoaderContextSelector@73d983ea
TRACE StatusLogger Reregistering context (1/1): '330bedb4' org.apache.logging.log4j.core.LoggerContext@233795b6
TRACE StatusLogger Unregistering but no MBeans found matching 'org.apache.logging.log4j2:type=330bedb4'
TRACE StatusLogger Unregistering but no MBeans found matching 'org.apache.logging.log4j2:type=330bedb4,component=StatusLogger'
TRACE StatusLogger Unregistering but no MBeans found matching 'org.apache.logging.log4j2:type=330bedb4,component=ContextSelector'
TRACE StatusLogger Unregistering but no MBeans found matching 'org.apache.logging.log4j2:type=330bedb4,component=Loggers,name=*'
TRACE StatusLogger Unregistering but no MBeans found matching 'org.apache.logging.log4j2:type=330bedb4,component=Appenders,name=*'
TRACE StatusLogger Unregistering but no MBeans found matching 'org.apache.logging.log4j2:type=330bedb4,component=AsyncAppenders,name=*'
TRACE StatusLogger Unregistering but no MBeans found matching 'org.apache.logging.log4j2:type=330bedb4,component=AsyncLoggerRingBuffer'
TRACE StatusLogger Unregistering but no MBeans found matching 'org.apache.logging.log4j2:type=330bedb4,component=Loggers,name=*,subtype=RingBuffer'
DEBUG StatusLogger Registering MBean org.apache.logging.log4j2:type=330bedb4
DEBUG StatusLogger Registering MBean org.apache.logging.log4j2:type=330bedb4,component=StatusLogger
DEBUG StatusLogger Registering MBean org.apache.logging.log4j2:type=330bedb4,component=ContextSelector
DEBUG StatusLogger Registering MBean org.apache.logging.log4j2:type=330bedb4,component=Loggers,name=org.apache.http
DEBUG StatusLogger Registering MBean org.apache.logging.log4j2:type=330bedb4,component=Loggers,name=org.eclipse.jetty
DEBUG StatusLogger Registering MBean org.apache.logging.log4j2:type=330bedb4,component=Loggers,name=BlockStateChange
DEBUG StatusLogger Registering MBean org.apache.logging.log4j2:type=330bedb4,component=Loggers,name=org.apache.hadoop.yarn
DEBUG StatusLogger Registering MBean org.apache.logging.log4j2:type=330bedb4,component=Loggers,name=org.apache.zookeeper.ClientCnxnSocketNIO
DEBUG StatusLogger Registering MBean org.apache.logging.log4j2:type=330bedb4,component=Loggers,name=
DEBUG StatusLogger Registering MBean org.apache.logging.log4j2:type=330bedb4,component=Loggers,name=org.apache.hadoop.hdfs.server
DEBUG StatusLogger Registering MBean org.apache.logging.log4j2:type=330bedb4,component=Loggers,name=org.apache.hadoop.hive.serde2.lazy
DEBUG StatusLogger Registering MBean org.apache.logging.log4j2:type=330bedb4,component=Loggers,name=org.apache.zookeeper.ClientCnxnSocket
DEBUG StatusLogger Registering MBean org.apache.logging.log4j2:type=330bedb4,component=Loggers,name=org.apache.hadoop.security
DEBUG StatusLogger Registering MBean org.apache.logging.log4j2:type=330bedb4,component=Loggers,name=JPOX
DEBUG StatusLogger Registering MBean org.apache.logging.log4j2:type=330bedb4,component=Loggers,name=org.mortbay
DEBUG StatusLogger Registering MBean org.apache.logging.log4j2:type=330bedb4,component=Loggers,name=org.apache.hadoop.hive.ql.optimizer.SharedWorkOptimizer
DEBUG StatusLogger Registering MBean org.apache.logging.log4j2:type=330bedb4,component=Loggers,name=org.apache.hadoop.conf.Configuration
DEBUG StatusLogger Registering MBean org.apache.logging.log4j2:type=330bedb4,component=Loggers,name=org.apache.zookeeper.server.ServerCnxn
DEBUG StatusLogger Registering MBean org.apache.logging.log4j2:type=330bedb4,component=Loggers,name=org.apache.tez
DEBUG StatusLogger Registering MBean org.apache.logging.log4j2:type=330bedb4,component=Loggers,name=org.apache.calcite.plan.RelOptPlanner
DEBUG StatusLogger Registering MBean org.apache.logging.log4j2:type=330bedb4,component=Loggers,name=DataNucleus
DEBUG StatusLogger Registering MBean org.apache.logging.log4j2:type=330bedb4,component=Loggers,name=org.apache.zookeeper
DEBUG StatusLogger Registering MBean org.apache.logging.log4j2:type=330bedb4,component=Loggers,name=com.amazonaws
DEBUG StatusLogger Registering MBean org.apache.logging.log4j2:type=330bedb4,component=Loggers,name=org.apache.thrift
DEBUG StatusLogger Registering MBean org.apache.logging.log4j2:type=330bedb4,component=Loggers,name=org.apache.hadoop.ipc
DEBUG StatusLogger Registering MBean org.apache.logging.log4j2:type=330bedb4,component=Loggers,name=org.apache.zookeeper.server.NIOServerCnxn
DEBUG StatusLogger Registering MBean org.apache.logging.log4j2:type=330bedb4,component=Loggers,name=org.apache.hadoop.hive.ql.exec.Operator
DEBUG StatusLogger Registering MBean org.apache.logging.log4j2:type=330bedb4,component=Loggers,name=org.apache.hadoop.yarn.server
DEBUG StatusLogger Registering MBean org.apache.logging.log4j2:type=330bedb4,component=Loggers,name=Datastore
DEBUG StatusLogger Registering MBean org.apache.logging.log4j2:type=330bedb4,component=Loggers,name=org.apache.hadoop.hive.metastore.ObjectStore
DEBUG StatusLogger Registering MBean org.apache.logging.log4j2:type=330bedb4,component=Loggers,name=org.apache.hadoop.hdfs
DEBUG StatusLogger Registering MBean org.apache.logging.log4j2:type=330bedb4,component=Loggers,name=org.apache.hadoop.metrics2
DEBUG StatusLogger Registering MBean org.apache.logging.log4j2:type=330bedb4,component=Loggers,name=org.apache.zookeeper.ClientCnxn
DEBUG StatusLogger Registering MBean org.apache.logging.log4j2:type=330bedb4,component=Appenders,name=console
DEBUG StatusLogger Registering MBean org.apache.logging.log4j2:type=330bedb4,component=Appenders,name=DRFA
TRACE StatusLogger Using default SystemClock for timestamps.
DEBUG StatusLogger org.apache.logging.log4j.core.util.SystemClock does not support precise timestamps.
TRACE StatusLogger Using DummyNanoClock for nanosecond timestamps.
DEBUG StatusLogger Reconfiguration complete for context[name=330bedb4] at URI /home/alex/Repositories/hive/hcatalog/webhcat/java-client/target/testconf/hive-log4j2.properties (org.apache.logging.log4j.core.LoggerContext@233795b6) with optional ClassLoader: null
DEBUG StatusLogger Shutdown hook enabled. Registering a new one.
DEBUG StatusLogger LoggerContext[name=330bedb4, org.apache.logging.log4j.core.LoggerContext@233795b6] started OK.
2024-04-24T12:21:04,088  INFO [main] conf.HiveConf: Found configuration file file:/home/alex/Repositories/hive/hcatalog/webhcat/java-client/target/testconf/hive-site.xml
DEBUG StatusLogger AsyncLogger.ThreadNameStrategy=UNCACHED (user specified null, default is UNCACHED)
TRACE StatusLogger Using default SystemClock for timestamps.
DEBUG StatusLogger org.apache.logging.log4j.core.util.SystemClock does not support precise timestamps.
2024-04-24T12:21:04,488  WARN [main] util.NativeCodeLoader: Unable to load native-hadoop library for your platform... using builtin-java classes where applicable
2024-04-24T12:21:04,537  WARN [main] conf.HiveConf: HiveConf of name hive.llap.io.cache.orc.alloc.max does not exist
2024-04-24T12:21:04,538  WARN [main] conf.HiveConf: HiveConf of name hive.metastore.metadb.dir does not exist
2024-04-24T12:21:04,538  WARN [main] conf.HiveConf: HiveConf of name hive.dummyparam.test.server.specific.config.hivesite does not exist
2024-04-24T12:21:04,538  WARN [main] conf.HiveConf: HiveConf of name hive.metastore.client.cache.recordStats does not exist
2024-04-24T12:21:04,538  WARN [main] conf.HiveConf: HiveConf of name hive.dummyparam.test.server.specific.config.metastoresite does not exist
2024-04-24T12:21:04,539  WARN [main] conf.HiveConf: HiveConf of name hive.llap.io.cache.orc.arena.size does not exist
2024-04-24T12:21:04,539  WARN [main] conf.HiveConf: HiveConf of name hive.dummyparam.test.server.specific.config.override does not exist
2024-04-24T12:21:04,539  WARN [main] conf.HiveConf: HiveConf of name hive.llap.io.cache.orc.size does not exist
2024-04-24T12:21:04,540  WARN [main] conf.HiveConf: HiveConf of name hive.metastore.client.cache.maxSize does not exist
2024-04-24T12:21:04,540  WARN [main] conf.HiveConf: HiveConf of name hive.llap.io.cache.orc.alloc.min does not exist
2024-04-24T12:21:04,540  WARN [main] conf.HiveConf: HiveConf of name hive.stats.key.prefix.reserve.length does not exist
2024-04-24T12:21:04,579  INFO [main] conf.MetastoreConf: Found configuration file: file:/home/alex/Repositories/hive/hcatalog/webhcat/java-client/target/testconf/hive-site.xml
2024-04-24T12:21:04,580  INFO [main] conf.MetastoreConf: Found configuration file: file:/home/alex/Repositories/hive/hcatalog/webhcat/java-client/target/testconf/hivemetastore-site.xml
2024-04-24T12:21:04,581  INFO [main] conf.MetastoreConf: Unable to find config file: metastore-site.xml
2024-04-24T12:21:04,605  INFO [main] utils.TestTxnDbUtil: Creating transactional tables
2024-04-24T12:21:05,439  INFO [main] utils.TestTxnDbUtil: Reinitializing the metastore db with hive-schema-4.0.0.derby.sql on the database jdbc:derby:memory:/home/alex/Repositories/hive/hcatalog/webhcat/java-client/target/tmp/junit_metastore_db_44585;create=true
2024-04-24T12:21:06,386  INFO [main] metastore.MetaStoreTestUtils: Waiting the HMS to start.
2024-04-24T12:21:06,451  INFO [MetaStoreThread-44585] metastore.AuthFactory: Using authentication NOSASL with kerberos authentication disabled
2024-04-24T12:21:06,598  INFO [MetaStoreThread-44585] metastore.HMSHandler: 0: Opening raw store with implementation class:org.apache.hadoop.hive.metastore.ObjectStore
2024-04-24T12:21:06,632  INFO [MetaStoreThread-44585] metastore.PersistenceManagerProvider: Configuration datanucleus.autoStartMechanismMode is not set. Defaulting to 'ignored'
2024-04-24T12:21:06,635  INFO [MetaStoreThread-44585] metastore.PersistenceManagerProvider: Updating the pmf due to property change
2024-04-24T12:21:06,635  INFO [MetaStoreThread-44585] metastore.PersistenceManagerProvider: Current pmf properties are uninitialized
2024-04-24T12:21:06,651  WARN [MetaStoreThread-44585] hikari.HikariConfig: HikariPool-1 - leakDetectionThreshold is less than 2000ms or more than maxLifetime, disabling it.
2024-04-24T12:21:06,655  INFO [MetaStoreThread-44585] hikari.HikariDataSource: HikariPool-1 - Starting...
2024-04-24T12:21:06,670  INFO [MetaStoreThread-44585] pool.PoolBase: HikariPool-1 - Driver does not support get/set network timeout for connections. (Feature not implemented: No details.)
2024-04-24T12:21:06,673  INFO [MetaStoreThread-44585] hikari.HikariDataSource: HikariPool-1 - Start completed.
2024-04-24T12:21:07,121  INFO [MetaStoreThread-44585] metastore.PersistenceManagerProvider: Setting MetaStore object pin classes with hive.metastore.cache.pinobjtypes="Table,StorageDescriptor,SerDeInfo,Partition,Database,Type,FieldSchema,Order"
2024-04-24T12:21:07,121  INFO [MetaStoreThread-44585] metastore.ObjectStore: RawStore: org.apache.hadoop.hive.metastore.ObjectStore@d63e8c0, with PersistenceManager: null will be shutdown
2024-04-24T12:21:07,151  INFO [MetaStoreThread-44585] metastore.ObjectStore: RawStore: org.apache.hadoop.hive.metastore.ObjectStore@d63e8c0, with PersistenceManager: org.datanucleus.api.jdo.JDOPersistenceManager@2a27eadd created in the thread with id: 18
2024-04-24T12:21:07,387  INFO [main] metastore.MetaStoreTestUtils: Waiting the HMS to start.
2024-04-24T12:21:08,387  INFO [main] metastore.MetaStoreTestUtils: Waiting the HMS to start.
2024-04-24T12:21:09,264  INFO [MetaStoreThread-44585] metastore.HMSHandler: Created RawStore: org.apache.hadoop.hive.metastore.ObjectStore@d63e8c0 from thread id: 18
2024-04-24T12:21:09,279  INFO [MetaStoreThread-44585] metastore.HMSHandler: Setting location of default catalog, as it hasn't been done after upgrade
2024-04-24T12:21:09,388  INFO [main] metastore.MetaStoreTestUtils: Waiting the HMS to start.
2024-04-24T12:21:09,537  INFO [MetaStoreThread-44585] metastore.HMSHandler: Started creating a default database with name: default
2024-04-24T12:21:09,603  INFO [MetaStoreThread-44585] metastore.HMSHandler: Successfully created a default database with name: default
2024-04-24T12:21:09,621  INFO [MetaStoreThread-44585] metastore.HMSHandler: Added admin role in metastore
2024-04-24T12:21:09,623  INFO [MetaStoreThread-44585] metastore.HMSHandler: Added public role in metastore
2024-04-24T12:21:09,687  INFO [MetaStoreThread-44585] metastore.HMSHandler: Added hive_admin_user to admin role
2024-04-24T12:21:09,708  INFO [MetaStoreThread-44585] metastore.PersistenceManagerProvider: Configuration datanucleus.autoStartMechanismMode is not set. Defaulting to 'ignored'
2024-04-24T12:21:09,710  INFO [MetaStoreThread-44585] metastore.ObjectStore: RawStore: org.apache.hadoop.hive.metastore.ObjectStore@7c00912b, with PersistenceManager: null will be shutdown
2024-04-24T12:21:09,710  INFO [MetaStoreThread-44585] metastore.ObjectStore: RawStore: org.apache.hadoop.hive.metastore.ObjectStore@7c00912b, with PersistenceManager: org.datanucleus.api.jdo.JDOPersistenceManager@1ccbc79d created in the thread with id: 18
2024-04-24T12:21:09,715  INFO [DB-Notification-Cleaner] listener.DbNotificationListener: Wait interval is 86400000
2024-04-24T12:21:09,715  INFO [DB-Notification-Cleaner] listener.DbNotificationListener: Cleaner Thread Restarted and metastore.event.db.listener.clean.startup.wait.interval or hive.metastore.event.db.listener.clean.startup.wait.interval is configured. So cleaner thread will startup post waiting 86400000 ms
2024-04-24T12:21:09,716  INFO [MetaStoreThread-44585] conf.MetastoreConf: Found configuration file: file:/home/alex/Repositories/hive/hcatalog/webhcat/java-client/target/testconf/hivemetastore-site.xml
2024-04-24T12:21:09,717  INFO [MetaStoreThread-44585] conf.MetastoreConf: Unable to find config file: metastore-site.xml
2024-04-24T12:21:09,739  INFO [MetaStoreThread-44585] metastore.HMSHandler: HMS server filtering is disabled by configuration
2024-04-24T12:21:10,067  INFO [MetaStoreThread-44585] metastore.HiveMetaStore: Starting DB backed MetaStore Server with SetUGI enabled
2024-04-24T12:21:10,071  INFO [MetaStoreThread-44585] metastore.HiveMetaStore: Started the new metaserver on port [44585]...
2024-04-24T12:21:10,071  INFO [MetaStoreThread-44585] metastore.HiveMetaStore: Options.minWorkerThreads = 200
2024-04-24T12:21:10,071  INFO [MetaStoreThread-44585] metastore.HiveMetaStore: Options.maxWorkerThreads = 1000
2024-04-24T12:21:10,071  INFO [MetaStoreThread-44585] metastore.HiveMetaStore: TCP keepalive = true
2024-04-24T12:21:10,071  INFO [MetaStoreThread-44585] metastore.HiveMetaStore: Enable SSL = false
2024-04-24T12:21:10,071  INFO [MetaStoreThread-44585] metastore.HiveMetaStore: Compaction HMS parameters:
2024-04-24T12:21:10,071  INFO [MetaStoreThread-44585] metastore.HiveMetaStore: metastore.compactor.initiator.on = false
2024-04-24T12:21:10,072  INFO [MetaStoreThread-44585] metastore.HiveMetaStore: metastore.compactor.worker.threads = 0
2024-04-24T12:21:10,072  INFO [MetaStoreThread-44585] metastore.HiveMetaStore: hive.metastore.runworker.in = metastore
2024-04-24T12:21:10,072  INFO [MetaStoreThread-44585] metastore.HiveMetaStore: metastore.compactor.history.retention.attempted = 2
2024-04-24T12:21:10,072  INFO [MetaStoreThread-44585] metastore.HiveMetaStore: metastore.compactor.history.retention.failed = 3
2024-04-24T12:21:10,072  INFO [MetaStoreThread-44585] metastore.HiveMetaStore: metastore.compactor.history.retention.succeeded = 3
2024-04-24T12:21:10,072  INFO [MetaStoreThread-44585] metastore.HiveMetaStore: metastore.compactor.initiator.failed.compacts.threshold = 2
2024-04-24T12:21:10,072  INFO [MetaStoreThread-44585] metastore.HiveMetaStore: metastore.compactor.enable.stats.compression
2024-04-24T12:21:10,072  WARN [MetaStoreThread-44585] metastore.HiveMetaStore: Compactor Initiator is turned Off. Automatic compaction will not be triggered.
2024-04-24T12:21:10,072  WARN [MetaStoreThread-44585] metastore.HiveMetaStore: Invalid number of Compactor Worker threads(0) on HMS
2024-04-24T12:21:10,073  INFO [MetaStoreThread-44585] metastore.HiveMetaStore: Direct SQL optimization = true
2024-04-24T12:21:10,403  INFO [TThreadPoolServer WorkerProcess-%d] HiveMetaStore.audit: ugi=alex	ip=127.0.0.1	cmd=Done cleaning up thread local RawStore	
2024-04-24T12:21:10,436  INFO [main] metastore.MetaStoreTestUtils: MetaStore warehouse root dir (pfile:/home/alex/Repositories/hive/hcatalog/webhcat/java-client/target/warehouse/44585) is created
2024-04-24T12:21:10,436  INFO [main] metastore.MetaStoreTestUtils: MetaStore Thrift Server started on port: 44585 with warehouse dir: pfile:/home/alex/Repositories/hive/hcatalog/webhcat/java-client/target/warehouse/44585 with jdbcUrl: jdbc:derby:memory:/home/alex/Repositories/hive/hcatalog/webhcat/java-client/target/tmp/junit_metastore_db_44585;create=true
2024-04-24T12:21:10,710  WARN [main] conf.HiveConf: HiveConf of name hive.llap.io.cache.orc.alloc.min does not exist
2024-04-24T12:21:10,710  WARN [main] conf.HiveConf: HiveConf of name hive.dummyparam.test.server.specific.config.hivesite does not exist
2024-04-24T12:21:10,711  WARN [main] conf.HiveConf: HiveConf of name hive.dummyparam.test.server.specific.config.metastoresite does not exist
2024-04-24T12:21:10,711  WARN [main] conf.HiveConf: HiveConf of name hive.llap.io.cache.orc.alloc.max does not exist
2024-04-24T12:21:10,711  WARN [main] conf.HiveConf: HiveConf of name hive.llap.io.cache.orc.arena.size does not exist
2024-04-24T12:21:10,712  WARN [main] conf.HiveConf: HiveConf of name hive.dummyparam.test.server.specific.config.override does not exist
2024-04-24T12:21:10,712  WARN [main] conf.HiveConf: HiveConf of name hive.metastore.client.cache.maxSize does not exist
2024-04-24T12:21:10,712  WARN [main] conf.HiveConf: HiveConf of name hive.llap.io.cache.orc.size does not exist
2024-04-24T12:21:10,712  WARN [main] conf.HiveConf: HiveConf of name hive.metastore.client.cache.recordStats does not exist
2024-04-24T12:21:10,712  WARN [main] conf.HiveConf: HiveConf of name hive.stats.key.prefix.reserve.length does not exist
2024-04-24T12:21:10,712  WARN [main] conf.HiveConf: HiveConf of name hive.metastore.metadb.dir does not exist
2024-04-24T12:21:10,713  INFO [main] common.HCatUtil: mapreduce.lib.hcatoutput.hive.conf not set. Generating configuration differences.
2024-04-24T12:21:10,715  INFO [main] common.HCatUtil: Configuration differences={datanucleus.schema.autoCreateAll=true, hive.exec.scratchdir=${test.tmp.dir}/scratchdir, hive.strict.timestamp.conversion=false, datanucleus.connectionPool.maxPoolSize=4, hive.ignore.mapjoin.hint=false, hive.query.reexecution.stats.persist.scope=query, hive.cbo.fallback.strategy=TEST, hive.users.in.admin.role=hive_admin_user, hive.metastore.warehouse.dir=${test.warehouse.dir}, hive.server2.operation.log.purgePolicy.timeToLive=5s, hive.llap.io.allocator.direct=false, hive.default.rcfile.serde=org.apache.hadoop.hive.serde2.columnar.ColumnarSerDe, javax.jdo.option.ConnectionURL=jdbc:derby:memory:${test.tmp.dir}/junit_metastore_db;create=true, hive.test.dummystats.aggregator=value2, hive.scheduled.queries.executor.enabled=false, hive.querylog.location=${test.tmp.dir}/tmp, hive.jar.path=${maven.local.repository}/org/apache/hive/hive-exec/${hive.version}/hive-exec-${hive.version}.jar, hive.exec.local.scratchdir=${test.tmp.dir}/localscratchdir/, hive.fetch.task.conversion=minimal, hive.security.authorization.manager=org.apache.hadoop.hive.ql.security.authorization.plugin.sqlstd.SQLStdHiveAuthorizerFactoryForTest, hive.mapjoin.max.gc.time.percentage=0.99, hive.in.test=true, hive.stats.fetch.bitvector=true, hive.query.results.cache.enabled=false, hive.metastore.client.cache.enabled=true, hive.auto.convert.join=false, hive.exec.submit.local.task.via.child=false, hive.metastore.schema.verification=false, hive.conf.restricted.list=from.hivemetastore-site.xml}
2024-04-24T12:21:10,748  INFO [main] common.HiveClientCache: Initializing cache: eviction-timeout=120 initial-capacity=50 maximum-capacity=50
2024-04-24T12:21:10,825  INFO [main] metastore.HiveMetaStoreClient: HMS client filtering is enabled.
2024-04-24T12:21:10,825  INFO [main] metastore.HiveMetaStoreClient: Resolved metastore uris: [thrift://localhost:44585]
2024-04-24T12:21:10,826  INFO [main] metastore.HiveMetaStoreClient: Trying to connect to metastore with URI (thrift://localhost:44585)
2024-04-24T12:21:10,843  INFO [main] metastore.HiveMetaStoreClient: Opened a connection to metastore, URI (thrift://localhost:44585) current connections: 1
2024-04-24T12:21:10,896  INFO [main] metastore.RetryingMetaStoreClient: RetryingMetaStoreClient proxy=class org.apache.hive.hcatalog.common.HiveClientCache$CacheableHiveMetaStoreClient ugi=alex (auth:SIMPLE) retries=1 delay=1 lifetime=0
2024-04-24T12:21:10,991  INFO [TThreadPoolServer WorkerProcess-%d] HiveMetaStore.audit: ugi=alex	ip=127.0.0.1	cmd=source:127.0.0.1 get_databases: @hive#NonExistentDatabaseUsedForHealthCheck	
2024-04-24T12:21:10,993  INFO [TThreadPoolServer WorkerProcess-%d] metastore.HMSHandler: 2: Opening raw store with implementation class:org.apache.hadoop.hive.metastore.ObjectStore
2024-04-24T12:21:10,994  INFO [TThreadPoolServer WorkerProcess-%d] metastore.ObjectStore: RawStore: org.apache.hadoop.hive.metastore.ObjectStore@1b93501e, with PersistenceManager: null will be shutdown
2024-04-24T12:21:10,995  INFO [TThreadPoolServer WorkerProcess-%d] metastore.ObjectStore: RawStore: org.apache.hadoop.hive.metastore.ObjectStore@1b93501e, with PersistenceManager: org.datanucleus.api.jdo.JDOPersistenceManager@295b2ca created in the thread with id: 33
2024-04-24T12:21:11,005  INFO [TThreadPoolServer WorkerProcess-%d] metastore.HMSHandler: Created RawStore: org.apache.hadoop.hive.metastore.ObjectStore@1b93501e from thread id: 33
2024-04-24T12:21:11,101  INFO [TThreadPoolServer WorkerProcess-%d] HiveMetaStore.audit: ugi=alex	ip=127.0.0.1	cmd=source:127.0.0.1 get_database: myDb	
2024-04-24T12:21:11,143  INFO [TThreadPoolServer WorkerProcess-%d] HiveMetaStore.audit: ugi=alex	ip=127.0.0.1	cmd=source:127.0.0.1 create_database: Database(name:myDb, description:null, locationUri:null, parameters:null, catalogName:hive)	
2024-04-24T12:21:11,154  INFO [TThreadPoolServer WorkerProcess-%d] metastore.HMSHandler: Creating database path in external directory pfile:/home/alex/Repositories/hive/hcatalog/webhcat/java-client/target/warehouse/44585/mydb.db
2024-04-24T12:21:11,168  INFO [TThreadPoolServer WorkerProcess-%d] utils.FileUtils: Creating directory if it doesn't exist: pfile:/home/alex/Repositories/hive/hcatalog/webhcat/java-client/target/warehouse/44585/mydb.db
2024-04-24T12:21:11,171  INFO [TThreadPoolServer WorkerProcess-%d] metastore.HMSHandler: Created database path in external directory pfile:/home/alex/Repositories/hive/hcatalog/webhcat/java-client/target/warehouse/44585/mydb.db
2024-04-24T12:21:11,330  INFO [TThreadPoolServer WorkerProcess-%d] conf.MetastoreConf: Found configuration file: file:/home/alex/Repositories/hive/hcatalog/webhcat/java-client/target/testconf/hivemetastore-site.xml
2024-04-24T12:21:11,331  INFO [TThreadPoolServer WorkerProcess-%d] conf.MetastoreConf: Unable to find config file: metastore-site.xml
2024-04-24T12:21:11,532  WARN [main] api.HCatTable: Conf hasn't been set yet. Using defaults.
2024-04-24T12:21:11,594  WARN [main] conf.HiveConf: HiveConf of name hive.metastore.client.cache.recordStats does not exist
2024-04-24T12:21:11,594  WARN [main] conf.HiveConf: HiveConf of name hive.metastore.metadb.dir does not exist
2024-04-24T12:21:11,595  WARN [main] conf.HiveConf: HiveConf of name hive.llap.io.cache.orc.alloc.max does not exist
2024-04-24T12:21:11,595  WARN [main] conf.HiveConf: HiveConf of name hive.llap.io.cache.orc.arena.size does not exist
2024-04-24T12:21:11,595  WARN [main] conf.HiveConf: HiveConf of name hive.dummyparam.test.server.specific.config.override does not exist
2024-04-24T12:21:11,595  WARN [main] conf.HiveConf: HiveConf of name hive.metastore.client.cache.maxSize does not exist
2024-04-24T12:21:11,595  WARN [main] conf.HiveConf: HiveConf of name hive.llap.io.cache.orc.size does not exist
2024-04-24T12:21:11,595  WARN [main] conf.HiveConf: HiveConf of name hive.dummyparam.test.server.specific.config.metastoresite does not exist
2024-04-24T12:21:11,596  WARN [main] conf.HiveConf: HiveConf of name hive.stats.key.prefix.reserve.length does not exist
2024-04-24T12:21:11,596  WARN [main] conf.HiveConf: HiveConf of name hive.dummyparam.test.server.specific.config.hivesite does not exist
2024-04-24T12:21:11,596  WARN [main] conf.HiveConf: HiveConf of name hive.llap.io.cache.orc.alloc.min does not exist
2024-04-24T12:21:11,640  INFO [TThreadPoolServer WorkerProcess-%d] HiveMetaStore.audit: ugi=alex	ip=127.0.0.1	cmd=source:127.0.0.1 create_table_req: Table(tableName:myTable, dbName:myDb, owner:alex, createTime:1713986471, lastAccessTime:0, retention:0, sd:StorageDescriptor(cols:[FieldSchema(name:foo, type:int, comment:), FieldSchema(name:bar, type:string, comment:)], location:null, inputFormat:org.apache.hadoop.mapred.TextInputFormat, outputFormat:org.apache.hadoop.hive.ql.io.HiveIgnoreKeyTextOutputFormat, compressed:false, numBuckets:0, serdeInfo:SerDeInfo(name:null, serializationLib:org.apache.hadoop.hive.serde2.lazy.LazySimpleSerDe, parameters:{serialization.format=1}), bucketCols:null, sortCols:null, parameters:null), partitionKeys:[FieldSchema(name:dt, type:string, comment:), FieldSchema(name:grid, type:string, comment:)], parameters:{bucketing_version=2}, viewOriginalText:null, viewExpandedText:null, tableType:MANAGED_TABLE, catName:hive, ownerType:USER)	
2024-04-24T12:21:11,692  INFO [TThreadPoolServer WorkerProcess-%d] utils.FileUtils: Creating directory if it doesn't exist: pfile:/home/alex/Repositories/hive/hcatalog/webhcat/java-client/target/warehouse/44585/mydb.db/mytable
2024-04-24T12:21:11,910  INFO [TThreadPoolServer WorkerProcess-%d] HiveMetaStore.audit: ugi=alex	ip=127.0.0.1	cmd=source:127.0.0.1 get_table : tbl=hive.myDb.myTable	
2024-04-24T12:21:11,987  INFO [TThreadPoolServer WorkerProcess-%d] metastore.HMSHandler: Skipping translation for processor with null
2024-04-24T12:21:12,101  INFO [TThreadPoolServer WorkerProcess-%d] HiveMetaStore.audit: ugi=alex	ip=127.0.0.1	cmd=source:127.0.0.1 get_table : tbl=hive.mydb.mytable	
2024-04-24T12:21:12,115  INFO [TThreadPoolServer WorkerProcess-%d] metastore.HMSHandler: Skipping translation for processor with null
2024-04-24T12:21:12,148  INFO [TThreadPoolServer WorkerProcess-%d] HiveMetaStore.audit: ugi=alex	ip=127.0.0.1	cmd=source:127.0.0.1 add_partition : tbl=hive.mydb.mytable	
2024-04-24T12:21:12,174  INFO [TThreadPoolServer WorkerProcess-%d] utils.FileUtils: Creating directory if it doesn't exist: pfile:/home/alex/Repositories/hive/hcatalog/webhcat/java-client/target/warehouse/44585/mydb.db/mytable/dt=2011_12_31/grid=AB
2024-04-24T12:21:12,243  INFO [TThreadPoolServer WorkerProcess-%d] HiveMetaStore.audit: ugi=alex	ip=127.0.0.1	cmd=source:127.0.0.1 get_table : tbl=hive.mydb.mytable	
2024-04-24T12:21:12,256  INFO [TThreadPoolServer WorkerProcess-%d] metastore.HMSHandler: Skipping translation for processor with null
2024-04-24T12:21:12,257  INFO [TThreadPoolServer WorkerProcess-%d] HiveMetaStore.audit: ugi=alex	ip=127.0.0.1	cmd=source:127.0.0.1 add_partition : tbl=hive.mydb.mytable	
2024-04-24T12:21:12,267  INFO [TThreadPoolServer WorkerProcess-%d] utils.FileUtils: Creating directory if it doesn't exist: pfile:/home/alex/Repositories/hive/hcatalog/webhcat/java-client/target/warehouse/44585/mydb.db/mytable/dt=2012_01_01/grid=AB
2024-04-24T12:21:12,288  INFO [TThreadPoolServer WorkerProcess-%d] HiveMetaStore.audit: ugi=alex	ip=127.0.0.1	cmd=source:127.0.0.1 get_table : tbl=hive.mydb.mytable	
2024-04-24T12:21:12,300  INFO [TThreadPoolServer WorkerProcess-%d] metastore.HMSHandler: Skipping translation for processor with null
2024-04-24T12:21:12,302  INFO [TThreadPoolServer WorkerProcess-%d] HiveMetaStore.audit: ugi=alex	ip=127.0.0.1	cmd=source:127.0.0.1 add_partition : tbl=hive.mydb.mytable	
2024-04-24T12:21:12,311  INFO [TThreadPoolServer WorkerProcess-%d] utils.FileUtils: Creating directory if it doesn't exist: pfile:/home/alex/Repositories/hive/hcatalog/webhcat/java-client/target/warehouse/44585/mydb.db/mytable/dt=2012_01_01/grid=OB
2024-04-24T12:21:12,329  INFO [TThreadPoolServer WorkerProcess-%d] HiveMetaStore.audit: ugi=alex	ip=127.0.0.1	cmd=source:127.0.0.1 get_table : tbl=hive.mydb.mytable	
2024-04-24T12:21:12,340  INFO [TThreadPoolServer WorkerProcess-%d] metastore.HMSHandler: Skipping translation for processor with null
2024-04-24T12:21:12,341  INFO [TThreadPoolServer WorkerProcess-%d] HiveMetaStore.audit: ugi=alex	ip=127.0.0.1	cmd=source:127.0.0.1 add_partition : tbl=hive.mydb.mytable	
2024-04-24T12:21:12,350  INFO [TThreadPoolServer WorkerProcess-%d] utils.FileUtils: Creating directory if it doesn't exist: pfile:/home/alex/Repositories/hive/hcatalog/webhcat/java-client/target/warehouse/44585/mydb.db/mytable/dt=2012_01_01/grid=XB
2024-04-24T12:21:12,366  INFO [TThreadPoolServer WorkerProcess-%d] HiveMetaStore.audit: ugi=alex	ip=127.0.0.1	cmd=source:127.0.0.1 get_table : tbl=hive.myDb.myTable	
2024-04-24T12:21:12,378  INFO [TThreadPoolServer WorkerProcess-%d] metastore.HMSHandler: Skipping translation for processor with null
2024-04-24T12:21:12,407  INFO [TThreadPoolServer WorkerProcess-%d] HiveMetaStore.audit: ugi=alex	ip=127.0.0.1	cmd=source:127.0.0.1 get_partitions_by_filter : tbl=hive.mydb.mytable	
2024-04-24T12:21:12,615  INFO [TThreadPoolServer WorkerProcess-%d] HiveMetaStore.audit: ugi=alex	ip=127.0.0.1	cmd=source:127.0.0.1 get_database: myDb	
2024-04-24T12:21:12,644  INFO [TThreadPoolServer WorkerProcess-%d] HiveMetaStore.audit: ugi=alex	ip=127.0.0.1	cmd=source:127.0.0.1 get_tables_by_type: db=@hive#myDb pat=.*,type=MATERIALIZED_VIEW	
2024-04-24T12:21:12,644  INFO [TThreadPoolServer WorkerProcess-%d] HiveMetaStore.audit: ugi=alex	ip=127.0.0.1	cmd=source:127.0.0.1 getTablesByTypeCore: catName=hive: db=myDb pat=.*,type=MATERIALIZED_VIEW	
2024-04-24T12:21:12,688  INFO [TThreadPoolServer WorkerProcess-%d] HiveMetaStore.audit: ugi=alex	ip=127.0.0.1	cmd=source:127.0.0.1 get_all_tables: db=@hive#myDb	
2024-04-24T12:21:12,747  INFO [TThreadPoolServer WorkerProcess-%d] HiveMetaStore.audit: ugi=alex	ip=127.0.0.1	cmd=source:127.0.0.1 get_multi_table : db=myDb tbls=mytable	
2024-04-24T12:21:12,790  INFO [TThreadPoolServer WorkerProcess-%d] HiveMetaStore.audit: ugi=alex	ip=127.0.0.1	cmd=source:127.0.0.1 drop_database: @hive#myDb	
2024-04-24T12:21:12,792  INFO [TThreadPoolServer WorkerProcess-%d] HiveMetaStore.audit: ugi=alex	ip=127.0.0.1	cmd=source:127.0.0.1 get_all_tables: db=@hive#myDb	
2024-04-24T12:21:12,793  INFO [TThreadPoolServer WorkerProcess-%d] HiveMetaStore.audit: ugi=alex	ip=127.0.0.1	cmd=source:127.0.0.1 get_functions: db=@hive#myDb pat=*	
2024-04-24T12:21:12,816  INFO [TThreadPoolServer WorkerProcess-%d] HiveMetaStore.audit: ugi=alex	ip=127.0.0.1	cmd=source:127.0.0.1 get_all_stored_procedures	
2024-04-24T12:21:12,837  INFO [TThreadPoolServer WorkerProcess-%d] HiveMetaStore.audit: ugi=alex	ip=127.0.0.1	cmd=source:127.0.0.1 get_all_packages	
2024-04-24T12:21:12,900  INFO [TThreadPoolServer WorkerProcess-%d] HiveMetaStore.audit: ugi=alex	ip=127.0.0.1	cmd=source:127.0.0.1 getTablesByTypeCore: catName=hive: db=myDb pat=.*,type=MATERIALIZED_VIEW	
2024-04-24T12:21:12,905  INFO [TThreadPoolServer WorkerProcess-%d] metastore.ObjectStore: Dropping database hive.myDb along with all tables
2024-04-24T12:21:13,023  WARN [TThreadPoolServer WorkerProcess-%d] hikari.HikariConfig: HikariPool-2 - leakDetectionThreshold is less than 2000ms or more than maxLifetime, disabling it.
2024-04-24T12:21:13,025  INFO [TThreadPoolServer WorkerProcess-%d] hikari.HikariDataSource: HikariPool-2 - Starting...
2024-04-24T12:21:13,027  INFO [TThreadPoolServer WorkerProcess-%d] pool.PoolBase: HikariPool-2 - Driver does not support get/set network timeout for connections. (Feature not implemented: No details.)
2024-04-24T12:21:13,027  INFO [TThreadPoolServer WorkerProcess-%d] hikari.HikariDataSource: HikariPool-2 - Start completed.
2024-04-24T12:21:13,031  WARN [TThreadPoolServer WorkerProcess-%d] hikari.HikariConfig: HikariPool-3 - leakDetectionThreshold is less than 2000ms or more than maxLifetime, disabling it.
2024-04-24T12:21:13,032  INFO [TThreadPoolServer WorkerProcess-%d] hikari.HikariDataSource: HikariPool-3 - Starting...
2024-04-24T12:21:13,034  INFO [TThreadPoolServer WorkerProcess-%d] pool.PoolBase: HikariPool-3 - Driver does not support get/set network timeout for connections. (Feature not implemented: No details.)
2024-04-24T12:21:13,034  INFO [TThreadPoolServer WorkerProcess-%d] hikari.HikariDataSource: HikariPool-3 - Start completed.
2024-04-24T12:21:13,093 ERROR [TThreadPoolServer WorkerProcess-%d] metastore.RetryingHMSHandler: Retrying HMSHandler after 2000 ms (attempt 1 of 10) with error: javax.jdo.JDODataStoreException: Exception thrown flushing changes to datastore
	at org.datanucleus.api.jdo.NucleusJDOHelper.getJDOExceptionForNucleusException(NucleusJDOHelper.java:542)
	at org.datanucleus.api.jdo.JDOPersistenceManager.flush(JDOPersistenceManager.java:2081)
	at org.apache.hadoop.hive.metastore.ObjectStore.addNotificationEvent(ObjectStore.java:11639)
	at sun.reflect.NativeMethodAccessorImpl.invoke0(Native Method)
	at sun.reflect.NativeMethodAccessorImpl.invoke(NativeMethodAccessorImpl.java:62)
	at sun.reflect.DelegatingMethodAccessorImpl.invoke(DelegatingMethodAccessorImpl.java:43)
	at java.lang.reflect.Method.invoke(Method.java:498)
	at org.apache.hadoop.hive.metastore.RawStoreProxy.invoke(RawStoreProxy.java:97)
	at com.sun.proxy.$Proxy32.addNotificationEvent(Unknown Source)
	at org.apache.hive.hcatalog.listener.DbNotificationListener.process(DbNotificationListener.java:1403)
	at org.apache.hive.hcatalog.listener.DbNotificationListener.onDropDatabase(DbNotificationListener.java:513)
	at org.apache.hadoop.hive.metastore.MetaStoreListenerNotifier$26.notify(MetaStoreListenerNotifier.java:99)
	at org.apache.hadoop.hive.metastore.MetaStoreListenerNotifier.notifyEvent(MetaStoreListenerNotifier.java:339)
	at org.apache.hadoop.hive.metastore.HMSHandler.drop_database_core(HMSHandler.java:1785)
	at org.apache.hadoop.hive.metastore.HMSHandler.drop_database(HMSHandler.java:1869)
	at sun.reflect.NativeMethodAccessorImpl.invoke0(Native Method)
	at sun.reflect.NativeMethodAccessorImpl.invoke(NativeMethodAccessorImpl.java:62)
	at sun.reflect.DelegatingMethodAccessorImpl.invoke(DelegatingMethodAccessorImpl.java:43)
	at java.lang.reflect.Method.invoke(Method.java:498)
	at org.apache.hadoop.hive.metastore.RetryingHMSHandler.invokeInternal(RetryingHMSHandler.java:147)
	at org.apache.hadoop.hive.metastore.RetryingHMSHandler.invoke(RetryingHMSHandler.java:108)
	at com.sun.proxy.$Proxy34.drop_database(Unknown Source)
	at org.apache.hadoop.hive.metastore.api.ThriftHiveMetastore$Processor$drop_database.getResult(ThriftHiveMetastore.java:18285)
	at org.apache.hadoop.hive.metastore.api.ThriftHiveMetastore$Processor$drop_database.getResult(ThriftHiveMetastore.java:18264)
	at org.apache.thrift.ProcessFunction.process(ProcessFunction.java:38)
	at org.apache.hadoop.hive.metastore.TUGIBasedProcessor$1.run(TUGIBasedProcessor.java:111)
	at org.apache.hadoop.hive.metastore.TUGIBasedProcessor$1.run(TUGIBasedProcessor.java:107)
	at java.security.AccessController.doPrivileged(Native Method)
	at javax.security.auth.Subject.doAs(Subject.java:422)
	at org.apache.hadoop.security.UserGroupInformation.doAs(UserGroupInformation.java:1682)
	at org.apache.hadoop.hive.metastore.TUGIBasedProcessor.process(TUGIBasedProcessor.java:119)
	at org.apache.thrift.server.TThreadPoolServer$WorkerProcess.run(TThreadPoolServer.java:248)
	at java.util.concurrent.ThreadPoolExecutor.runWorker(ThreadPoolExecutor.java:1149)
	at java.util.concurrent.ThreadPoolExecutor$Worker.run(ThreadPoolExecutor.java:624)
	at java.lang.Thread.run(Thread.java:750)
NestedThrowablesStackTrace:
java.sql.BatchUpdateException: DELETE on table 'DBS' caused a violation of foreign key constraint 'TBLS_FK1' for key (2).  The statement has been rolled back.
	at org.apache.derby.impl.jdbc.EmbedStatement.executeLargeBatch(Unknown Source)
	at org.apache.derby.impl.jdbc.EmbedStatement.executeBatch(Unknown Source)
	at com.zaxxer.hikari.pool.ProxyStatement.executeBatch(ProxyStatement.java:128)
	at com.zaxxer.hikari.pool.HikariProxyPreparedStatement.executeBatch(HikariProxyPreparedStatement.java)
	at org.datanucleus.store.rdbms.ParamLoggingPreparedStatement.executeBatch(ParamLoggingPreparedStatement.java:366)
	at org.datanucleus.store.rdbms.SQLController.processConnectionStatement(SQLController.java:675)
	at org.datanucleus.store.rdbms.SQLController.processStatementsForConnection(SQLController.java:643)
	at org.datanucleus.store.rdbms.SQLController$1.transactionFlushed(SQLController.java:729)
	at org.datanucleus.store.connection.AbstractManagedConnection.transactionFlushed(AbstractManagedConnection.java:95)
	at org.datanucleus.store.connection.ConnectionManagerImpl$2.transactionFlushed(ConnectionManagerImpl.java:528)
	at org.datanucleus.TransactionImpl.flush(TransactionImpl.java:222)
	at org.datanucleus.ExecutionContextImpl.flushInternal(ExecutionContextImpl.java:4068)
	at org.datanucleus.ExecutionContextThreadedImpl.flushInternal(ExecutionContextThreadedImpl.java:448)
	at org.datanucleus.ExecutionContextImpl.flush(ExecutionContextImpl.java:4009)
	at org.datanucleus.ExecutionContextThreadedImpl.flush(ExecutionContextThreadedImpl.java:434)
	at org.datanucleus.api.jdo.JDOPersistenceManager.flush(JDOPersistenceManager.java:2064)
	at org.apache.hadoop.hive.metastore.ObjectStore.addNotificationEvent(ObjectStore.java:11639)
	at sun.reflect.NativeMethodAccessorImpl.invoke0(Native Method)
	at sun.reflect.NativeMethodAccessorImpl.invoke(NativeMethodAccessorImpl.java:62)
	at sun.reflect.DelegatingMethodAccessorImpl.invoke(DelegatingMethodAccessorImpl.java:43)
	at java.lang.reflect.Method.invoke(Method.java:498)
	at org.apache.hadoop.hive.metastore.RawStoreProxy.invoke(RawStoreProxy.java:97)
	at com.sun.proxy.$Proxy32.addNotificationEvent(Unknown Source)
	at org.apache.hive.hcatalog.listener.DbNotificationListener.process(DbNotificationListener.java:1403)
	at org.apache.hive.hcatalog.listener.DbNotificationListener.onDropDatabase(DbNotificationListener.java:513)
	at org.apache.hadoop.hive.metastore.MetaStoreListenerNotifier$26.notify(MetaStoreListenerNotifier.java:99)
	at org.apache.hadoop.hive.metastore.MetaStoreListenerNotifier.notifyEvent(MetaStoreListenerNotifier.java:339)
	at org.apache.hadoop.hive.metastore.HMSHandler.drop_database_core(HMSHandler.java:1785)
	at org.apache.hadoop.hive.metastore.HMSHandler.drop_database(HMSHandler.java:1869)
	at sun.reflect.NativeMethodAccessorImpl.invoke0(Native Method)
	at sun.reflect.NativeMethodAccessorImpl.invoke(NativeMethodAccessorImpl.java:62)
	at sun.reflect.DelegatingMethodAccessorImpl.invoke(DelegatingMethodAccessorImpl.java:43)
	at java.lang.reflect.Method.invoke(Method.java:498)
	at org.apache.hadoop.hive.metastore.RetryingHMSHandler.invokeInternal(RetryingHMSHandler.java:147)
	at org.apache.hadoop.hive.metastore.RetryingHMSHandler.invoke(RetryingHMSHandler.java:108)
	at com.sun.proxy.$Proxy34.drop_database(Unknown Source)
	at org.apache.hadoop.hive.metastore.api.ThriftHiveMetastore$Processor$drop_database.getResult(ThriftHiveMetastore.java:18285)
	at org.apache.hadoop.hive.metastore.api.ThriftHiveMetastore$Processor$drop_database.getResult(ThriftHiveMetastore.java:18264)
	at org.apache.thrift.ProcessFunction.process(ProcessFunction.java:38)
	at org.apache.hadoop.hive.metastore.TUGIBasedProcessor$1.run(TUGIBasedProcessor.java:111)
	at org.apache.hadoop.hive.metastore.TUGIBasedProcessor$1.run(TUGIBasedProcessor.java:107)
	at java.security.AccessController.doPrivileged(Native Method)
	at javax.security.auth.Subject.doAs(Subject.java:422)
	at org.apache.hadoop.security.UserGroupInformation.doAs(UserGroupInformation.java:1682)
	at org.apache.hadoop.hive.metastore.TUGIBasedProcessor.process(TUGIBasedProcessor.java:119)
	at org.apache.thrift.server.TThreadPoolServer$WorkerProcess.run(TThreadPoolServer.java:248)
	at java.util.concurrent.ThreadPoolExecutor.runWorker(ThreadPoolExecutor.java:1149)
	at java.util.concurrent.ThreadPoolExecutor$Worker.run(ThreadPoolExecutor.java:624)
	at java.lang.Thread.run(Thread.java:750)
Caused by: org.apache.derby.shared.common.error.DerbySQLIntegrityConstraintViolationException: DELETE on table 'DBS' caused a violation of foreign key constraint 'TBLS_FK1' for key (2).  The statement has been rolled back.
	at org.apache.derby.impl.jdbc.SQLExceptionFactory.getSQLException(Unknown Source)
	at org.apache.derby.impl.jdbc.Util.generateCsSQLException(Unknown Source)
	at org.apache.derby.impl.jdbc.TransactionResourceImpl.wrapInSQLException(Unknown Source)
	at org.apache.derby.impl.jdbc.TransactionResourceImpl.handleException(Unknown Source)
	at org.apache.derby.impl.jdbc.EmbedConnection.handleException(Unknown Source)
	at org.apache.derby.impl.jdbc.ConnectionChild.handleException(Unknown Source)
	at org.apache.derby.impl.jdbc.EmbedStatement.executeStatement(Unknown Source)
	at org.apache.derby.impl.jdbc.EmbedPreparedStatement.executeBatchElement(Unknown Source)
	... 49 more
Caused by: ERROR 23503: DELETE on table 'DBS' caused a violation of foreign key constraint 'TBLS_FK1' for key (2).  The statement has been rolled back.
	at org.apache.derby.iapi.error.StandardException.newException(Unknown Source)
	at org.apache.derby.iapi.error.StandardException.newException(Unknown Source)
	at org.apache.derby.impl.sql.execute.ReferencedKeyRIChecker.doCheck(Unknown Source)
	at org.apache.derby.impl.sql.execute.RISetChecker.doPKCheck(Unknown Source)
	at org.apache.derby.impl.sql.execute.DeleteResultSet.collectAffectedRows(Unknown Source)
	at org.apache.derby.impl.sql.execute.DeleteResultSet.open(Unknown Source)
	at org.apache.derby.impl.sql.GenericPreparedStatement.executeStmt(Unknown Source)
	at org.apache.derby.impl.sql.GenericPreparedStatement.execute(Unknown Source)
	... 51 more

2024-04-24T12:21:15,095  INFO [TThreadPoolServer WorkerProcess-%d] HiveMetaStore.audit: ugi=alex	ip=127.0.0.1	cmd=source:127.0.0.1 drop_database: @hive#myDb	
2024-04-24T12:21:15,101  INFO [TThreadPoolServer WorkerProcess-%d] HiveMetaStore.audit: ugi=alex	ip=127.0.0.1	cmd=source:127.0.0.1 get_all_tables: db=@hive#myDb	
2024-04-24T12:21:15,102  INFO [TThreadPoolServer WorkerProcess-%d] HiveMetaStore.audit: ugi=alex	ip=127.0.0.1	cmd=source:127.0.0.1 get_functions: db=@hive#myDb pat=*	
2024-04-24T12:21:15,103  INFO [TThreadPoolServer WorkerProcess-%d] HiveMetaStore.audit: ugi=alex	ip=127.0.0.1	cmd=source:127.0.0.1 get_all_stored_procedures	
2024-04-24T12:21:15,105  INFO [TThreadPoolServer WorkerProcess-%d] HiveMetaStore.audit: ugi=alex	ip=127.0.0.1	cmd=source:127.0.0.1 get_all_packages	
2024-04-24T12:21:15,106  INFO [TThreadPoolServer WorkerProcess-%d] HiveMetaStore.audit: ugi=alex	ip=127.0.0.1	cmd=source:127.0.0.1 getTablesByTypeCore: catName=hive: db=myDb pat=.*,type=MATERIALIZED_VIEW	
2024-04-24T12:21:15,110  INFO [TThreadPoolServer WorkerProcess-%d] metastore.ObjectStore: Dropping database hive.myDb along with all tables
2024-04-24T12:21:15,115 ERROR [TThreadPoolServer WorkerProcess-%d] metastore.RetryingHMSHandler: Retrying HMSHandler after 2000 ms (attempt 2 of 10) with error: javax.jdo.JDODataStoreException: Exception thrown flushing changes to datastore
	at org.datanucleus.api.jdo.NucleusJDOHelper.getJDOExceptionForNucleusException(NucleusJDOHelper.java:542)
	at org.datanucleus.api.jdo.JDOPersistenceManager.flush(JDOPersistenceManager.java:2081)
	at org.apache.hadoop.hive.metastore.ObjectStore.addNotificationEvent(ObjectStore.java:11639)
	at sun.reflect.NativeMethodAccessorImpl.invoke0(Native Method)
	at sun.reflect.NativeMethodAccessorImpl.invoke(NativeMethodAccessorImpl.java:62)
	at sun.reflect.DelegatingMethodAccessorImpl.invoke(DelegatingMethodAccessorImpl.java:43)
	at java.lang.reflect.Method.invoke(Method.java:498)
	at org.apache.hadoop.hive.metastore.RawStoreProxy.invoke(RawStoreProxy.java:97)
	at com.sun.proxy.$Proxy32.addNotificationEvent(Unknown Source)
	at org.apache.hive.hcatalog.listener.DbNotificationListener.process(DbNotificationListener.java:1403)
	at org.apache.hive.hcatalog.listener.DbNotificationListener.onDropDatabase(DbNotificationListener.java:513)
	at org.apache.hadoop.hive.metastore.MetaStoreListenerNotifier$26.notify(MetaStoreListenerNotifier.java:99)
	at org.apache.hadoop.hive.metastore.MetaStoreListenerNotifier.notifyEvent(MetaStoreListenerNotifier.java:339)
	at org.apache.hadoop.hive.metastore.HMSHandler.drop_database_core(HMSHandler.java:1785)
	at org.apache.hadoop.hive.metastore.HMSHandler.drop_database(HMSHandler.java:1869)
	at sun.reflect.NativeMethodAccessorImpl.invoke0(Native Method)
	at sun.reflect.NativeMethodAccessorImpl.invoke(NativeMethodAccessorImpl.java:62)
	at sun.reflect.DelegatingMethodAccessorImpl.invoke(DelegatingMethodAccessorImpl.java:43)
	at java.lang.reflect.Method.invoke(Method.java:498)
	at org.apache.hadoop.hive.metastore.RetryingHMSHandler.invokeInternal(RetryingHMSHandler.java:147)
	at org.apache.hadoop.hive.metastore.RetryingHMSHandler.invoke(RetryingHMSHandler.java:108)
	at com.sun.proxy.$Proxy34.drop_database(Unknown Source)
	at org.apache.hadoop.hive.metastore.api.ThriftHiveMetastore$Processor$drop_database.getResult(ThriftHiveMetastore.java:18285)
	at org.apache.hadoop.hive.metastore.api.ThriftHiveMetastore$Processor$drop_database.getResult(ThriftHiveMetastore.java:18264)
	at org.apache.thrift.ProcessFunction.process(ProcessFunction.java:38)
	at org.apache.hadoop.hive.metastore.TUGIBasedProcessor$1.run(TUGIBasedProcessor.java:111)
	at org.apache.hadoop.hive.metastore.TUGIBasedProcessor$1.run(TUGIBasedProcessor.java:107)
	at java.security.AccessController.doPrivileged(Native Method)
	at javax.security.auth.Subject.doAs(Subject.java:422)
	at org.apache.hadoop.security.UserGroupInformation.doAs(UserGroupInformation.java:1682)
	at org.apache.hadoop.hive.metastore.TUGIBasedProcessor.process(TUGIBasedProcessor.java:119)
	at org.apache.thrift.server.TThreadPoolServer$WorkerProcess.run(TThreadPoolServer.java:248)
	at java.util.concurrent.ThreadPoolExecutor.runWorker(ThreadPoolExecutor.java:1149)
	at java.util.concurrent.ThreadPoolExecutor$Worker.run(ThreadPoolExecutor.java:624)
	at java.lang.Thread.run(Thread.java:750)
NestedThrowablesStackTrace:
java.sql.BatchUpdateException: DELETE on table 'DBS' caused a violation of foreign key constraint 'TBLS_FK1' for key (2).  The statement has been rolled back.
	at org.apache.derby.impl.jdbc.EmbedStatement.executeLargeBatch(Unknown Source)
	at org.apache.derby.impl.jdbc.EmbedStatement.executeBatch(Unknown Source)
	at com.zaxxer.hikari.pool.ProxyStatement.executeBatch(ProxyStatement.java:128)
	at com.zaxxer.hikari.pool.HikariProxyPreparedStatement.executeBatch(HikariProxyPreparedStatement.java)
	at org.datanucleus.store.rdbms.ParamLoggingPreparedStatement.executeBatch(ParamLoggingPreparedStatement.java:366)
	at org.datanucleus.store.rdbms.SQLController.processConnectionStatement(SQLController.java:675)
	at org.datanucleus.store.rdbms.SQLController.processStatementsForConnection(SQLController.java:643)
	at org.datanucleus.store.rdbms.SQLController$1.transactionFlushed(SQLController.java:729)
	at org.datanucleus.store.connection.AbstractManagedConnection.transactionFlushed(AbstractManagedConnection.java:95)
	at org.datanucleus.store.connection.ConnectionManagerImpl$2.transactionFlushed(ConnectionManagerImpl.java:528)
	at org.datanucleus.TransactionImpl.flush(TransactionImpl.java:222)
	at org.datanucleus.ExecutionContextImpl.flushInternal(ExecutionContextImpl.java:4068)
	at org.datanucleus.ExecutionContextThreadedImpl.flushInternal(ExecutionContextThreadedImpl.java:448)
	at org.datanucleus.ExecutionContextImpl.flush(ExecutionContextImpl.java:4009)
	at org.datanucleus.ExecutionContextThreadedImpl.flush(ExecutionContextThreadedImpl.java:434)
	at org.datanucleus.api.jdo.JDOPersistenceManager.flush(JDOPersistenceManager.java:2064)
	at org.apache.hadoop.hive.metastore.ObjectStore.addNotificationEvent(ObjectStore.java:11639)
	at sun.reflect.NativeMethodAccessorImpl.invoke0(Native Method)
	at sun.reflect.NativeMethodAccessorImpl.invoke(NativeMethodAccessorImpl.java:62)
	at sun.reflect.DelegatingMethodAccessorImpl.invoke(DelegatingMethodAccessorImpl.java:43)
	at java.lang.reflect.Method.invoke(Method.java:498)
	at org.apache.hadoop.hive.metastore.RawStoreProxy.invoke(RawStoreProxy.java:97)
	at com.sun.proxy.$Proxy32.addNotificationEvent(Unknown Source)
	at org.apache.hive.hcatalog.listener.DbNotificationListener.process(DbNotificationListener.java:1403)
	at org.apache.hive.hcatalog.listener.DbNotificationListener.onDropDatabase(DbNotificationListener.java:513)
	at org.apache.hadoop.hive.metastore.MetaStoreListenerNotifier$26.notify(MetaStoreListenerNotifier.java:99)
	at org.apache.hadoop.hive.metastore.MetaStoreListenerNotifier.notifyEvent(MetaStoreListenerNotifier.java:339)
	at org.apache.hadoop.hive.metastore.HMSHandler.drop_database_core(HMSHandler.java:1785)
	at org.apache.hadoop.hive.metastore.HMSHandler.drop_database(HMSHandler.java:1869)
	at sun.reflect.NativeMethodAccessorImpl.invoke0(Native Method)
	at sun.reflect.NativeMethodAccessorImpl.invoke(NativeMethodAccessorImpl.java:62)
	at sun.reflect.DelegatingMethodAccessorImpl.invoke(DelegatingMethodAccessorImpl.java:43)
	at java.lang.reflect.Method.invoke(Method.java:498)
	at org.apache.hadoop.hive.metastore.RetryingHMSHandler.invokeInternal(RetryingHMSHandler.java:147)
	at org.apache.hadoop.hive.metastore.RetryingHMSHandler.invoke(RetryingHMSHandler.java:108)
	at com.sun.proxy.$Proxy34.drop_database(Unknown Source)
	at org.apache.hadoop.hive.metastore.api.ThriftHiveMetastore$Processor$drop_database.getResult(ThriftHiveMetastore.java:18285)
	at org.apache.hadoop.hive.metastore.api.ThriftHiveMetastore$Processor$drop_database.getResult(ThriftHiveMetastore.java:18264)
	at org.apache.thrift.ProcessFunction.process(ProcessFunction.java:38)
	at org.apache.hadoop.hive.metastore.TUGIBasedProcessor$1.run(TUGIBasedProcessor.java:111)
	at org.apache.hadoop.hive.metastore.TUGIBasedProcessor$1.run(TUGIBasedProcessor.java:107)
	at java.security.AccessController.doPrivileged(Native Method)
	at javax.security.auth.Subject.doAs(Subject.java:422)
	at org.apache.hadoop.security.UserGroupInformation.doAs(UserGroupInformation.java:1682)
	at org.apache.hadoop.hive.metastore.TUGIBasedProcessor.process(TUGIBasedProcessor.java:119)
	at org.apache.thrift.server.TThreadPoolServer$WorkerProcess.run(TThreadPoolServer.java:248)
	at java.util.concurrent.ThreadPoolExecutor.runWorker(ThreadPoolExecutor.java:1149)
	at java.util.concurrent.ThreadPoolExecutor$Worker.run(ThreadPoolExecutor.java:624)
	at java.lang.Thread.run(Thread.java:750)
Caused by: org.apache.derby.shared.common.error.DerbySQLIntegrityConstraintViolationException: DELETE on table 'DBS' caused a violation of foreign key constraint 'TBLS_FK1' for key (2).  The statement has been rolled back.
	at org.apache.derby.impl.jdbc.SQLExceptionFactory.getSQLException(Unknown Source)
	at org.apache.derby.impl.jdbc.Util.generateCsSQLException(Unknown Source)
	at org.apache.derby.impl.jdbc.TransactionResourceImpl.wrapInSQLException(Unknown Source)
	at org.apache.derby.impl.jdbc.TransactionResourceImpl.handleException(Unknown Source)
	at org.apache.derby.impl.jdbc.EmbedConnection.handleException(Unknown Source)
	at org.apache.derby.impl.jdbc.ConnectionChild.handleException(Unknown Source)
	at org.apache.derby.impl.jdbc.EmbedStatement.executeStatement(Unknown Source)
	at org.apache.derby.impl.jdbc.EmbedPreparedStatement.executeBatchElement(Unknown Source)
	... 49 more
Caused by: ERROR 23503: DELETE on table 'DBS' caused a violation of foreign key constraint 'TBLS_FK1' for key (2).  The statement has been rolled back.
	at org.apache.derby.iapi.error.StandardException.newException(Unknown Source)
	at org.apache.derby.iapi.error.StandardException.newException(Unknown Source)
	at org.apache.derby.impl.sql.execute.ReferencedKeyRIChecker.doCheck(Unknown Source)
	at org.apache.derby.impl.sql.execute.RISetChecker.doPKCheck(Unknown Source)
	at org.apache.derby.impl.sql.execute.DeleteResultSet.collectAffectedRows(Unknown Source)
	at org.apache.derby.impl.sql.execute.DeleteResultSet.open(Unknown Source)
	at org.apache.derby.impl.sql.GenericPreparedStatement.executeStmt(Unknown Source)
	at org.apache.derby.impl.sql.GenericPreparedStatement.execute(Unknown Source)
	... 51 more

2024-04-24T12:21:17,116  INFO [TThreadPoolServer WorkerProcess-%d] HiveMetaStore.audit: ugi=alex	ip=127.0.0.1	cmd=source:127.0.0.1 drop_database: @hive#myDb	
2024-04-24T12:21:17,121  INFO [TThreadPoolServer WorkerProcess-%d] HiveMetaStore.audit: ugi=alex	ip=127.0.0.1	cmd=source:127.0.0.1 get_all_tables: db=@hive#myDb	
2024-04-24T12:21:17,123  INFO [TThreadPoolServer WorkerProcess-%d] HiveMetaStore.audit: ugi=alex	ip=127.0.0.1	cmd=source:127.0.0.1 get_functions: db=@hive#myDb pat=*	
2024-04-24T12:21:17,125  INFO [TThreadPoolServer WorkerProcess-%d] HiveMetaStore.audit: ugi=alex	ip=127.0.0.1	cmd=source:127.0.0.1 get_all_stored_procedures	
2024-04-24T12:21:17,126  INFO [TThreadPoolServer WorkerProcess-%d] HiveMetaStore.audit: ugi=alex	ip=127.0.0.1	cmd=source:127.0.0.1 get_all_packages	
2024-04-24T12:21:17,127  INFO [TThreadPoolServer WorkerProcess-%d] HiveMetaStore.audit: ugi=alex	ip=127.0.0.1	cmd=source:127.0.0.1 getTablesByTypeCore: catName=hive: db=myDb pat=.*,type=MATERIALIZED_VIEW	
2024-04-24T12:21:17,130  INFO [TThreadPoolServer WorkerProcess-%d] metastore.ObjectStore: Dropping database hive.myDb along with all tables
2024-04-24T12:21:17,135 ERROR [TThreadPoolServer WorkerProcess-%d] metastore.RetryingHMSHandler: Retrying HMSHandler after 2000 ms (attempt 3 of 10) with error: javax.jdo.JDODataStoreException: Exception thrown flushing changes to datastore
	at org.datanucleus.api.jdo.NucleusJDOHelper.getJDOExceptionForNucleusException(NucleusJDOHelper.java:542)
	at org.datanucleus.api.jdo.JDOPersistenceManager.flush(JDOPersistenceManager.java:2081)
	at org.apache.hadoop.hive.metastore.ObjectStore.addNotificationEvent(ObjectStore.java:11639)
	at sun.reflect.NativeMethodAccessorImpl.invoke0(Native Method)
	at sun.reflect.NativeMethodAccessorImpl.invoke(NativeMethodAccessorImpl.java:62)
	at sun.reflect.DelegatingMethodAccessorImpl.invoke(DelegatingMethodAccessorImpl.java:43)
	at java.lang.reflect.Method.invoke(Method.java:498)
	at org.apache.hadoop.hive.metastore.RawStoreProxy.invoke(RawStoreProxy.java:97)
	at com.sun.proxy.$Proxy32.addNotificationEvent(Unknown Source)
	at org.apache.hive.hcatalog.listener.DbNotificationListener.process(DbNotificationListener.java:1403)
	at org.apache.hive.hcatalog.listener.DbNotificationListener.onDropDatabase(DbNotificationListener.java:513)
	at org.apache.hadoop.hive.metastore.MetaStoreListenerNotifier$26.notify(MetaStoreListenerNotifier.java:99)
	at org.apache.hadoop.hive.metastore.MetaStoreListenerNotifier.notifyEvent(MetaStoreListenerNotifier.java:339)
	at org.apache.hadoop.hive.metastore.HMSHandler.drop_database_core(HMSHandler.java:1785)
	at org.apache.hadoop.hive.metastore.HMSHandler.drop_database(HMSHandler.java:1869)
	at sun.reflect.NativeMethodAccessorImpl.invoke0(Native Method)
	at sun.reflect.NativeMethodAccessorImpl.invoke(NativeMethodAccessorImpl.java:62)
	at sun.reflect.DelegatingMethodAccessorImpl.invoke(DelegatingMethodAccessorImpl.java:43)
	at java.lang.reflect.Method.invoke(Method.java:498)
	at org.apache.hadoop.hive.metastore.RetryingHMSHandler.invokeInternal(RetryingHMSHandler.java:147)
	at org.apache.hadoop.hive.metastore.RetryingHMSHandler.invoke(RetryingHMSHandler.java:108)
	at com.sun.proxy.$Proxy34.drop_database(Unknown Source)
	at org.apache.hadoop.hive.metastore.api.ThriftHiveMetastore$Processor$drop_database.getResult(ThriftHiveMetastore.java:18285)
	at org.apache.hadoop.hive.metastore.api.ThriftHiveMetastore$Processor$drop_database.getResult(ThriftHiveMetastore.java:18264)
	at org.apache.thrift.ProcessFunction.process(ProcessFunction.java:38)
	at org.apache.hadoop.hive.metastore.TUGIBasedProcessor$1.run(TUGIBasedProcessor.java:111)
	at org.apache.hadoop.hive.metastore.TUGIBasedProcessor$1.run(TUGIBasedProcessor.java:107)
	at java.security.AccessController.doPrivileged(Native Method)
	at javax.security.auth.Subject.doAs(Subject.java:422)
	at org.apache.hadoop.security.UserGroupInformation.doAs(UserGroupInformation.java:1682)
	at org.apache.hadoop.hive.metastore.TUGIBasedProcessor.process(TUGIBasedProcessor.java:119)
	at org.apache.thrift.server.TThreadPoolServer$WorkerProcess.run(TThreadPoolServer.java:248)
	at java.util.concurrent.ThreadPoolExecutor.runWorker(ThreadPoolExecutor.java:1149)
	at java.util.concurrent.ThreadPoolExecutor$Worker.run(ThreadPoolExecutor.java:624)
	at java.lang.Thread.run(Thread.java:750)
NestedThrowablesStackTrace:
java.sql.BatchUpdateException: DELETE on table 'DBS' caused a violation of foreign key constraint 'TBLS_FK1' for key (2).  The statement has been rolled back.
	at org.apache.derby.impl.jdbc.EmbedStatement.executeLargeBatch(Unknown Source)
	at org.apache.derby.impl.jdbc.EmbedStatement.executeBatch(Unknown Source)
	at com.zaxxer.hikari.pool.ProxyStatement.executeBatch(ProxyStatement.java:128)
	at com.zaxxer.hikari.pool.HikariProxyPreparedStatement.executeBatch(HikariProxyPreparedStatement.java)
	at org.datanucleus.store.rdbms.ParamLoggingPreparedStatement.executeBatch(ParamLoggingPreparedStatement.java:366)
	at org.datanucleus.store.rdbms.SQLController.processConnectionStatement(SQLController.java:675)
	at org.datanucleus.store.rdbms.SQLController.processStatementsForConnection(SQLController.java:643)
	at org.datanucleus.store.rdbms.SQLController$1.transactionFlushed(SQLController.java:729)
	at org.datanucleus.store.connection.AbstractManagedConnection.transactionFlushed(AbstractManagedConnection.java:95)
	at org.datanucleus.store.connection.ConnectionManagerImpl$2.transactionFlushed(ConnectionManagerImpl.java:528)
	at org.datanucleus.TransactionImpl.flush(TransactionImpl.java:222)
	at org.datanucleus.ExecutionContextImpl.flushInternal(ExecutionContextImpl.java:4068)
	at org.datanucleus.ExecutionContextThreadedImpl.flushInternal(ExecutionContextThreadedImpl.java:448)
	at org.datanucleus.ExecutionContextImpl.flush(ExecutionContextImpl.java:4009)
	at org.datanucleus.ExecutionContextThreadedImpl.flush(ExecutionContextThreadedImpl.java:434)
	at org.datanucleus.api.jdo.JDOPersistenceManager.flush(JDOPersistenceManager.java:2064)
	at org.apache.hadoop.hive.metastore.ObjectStore.addNotificationEvent(ObjectStore.java:11639)
	at sun.reflect.NativeMethodAccessorImpl.invoke0(Native Method)
	at sun.reflect.NativeMethodAccessorImpl.invoke(NativeMethodAccessorImpl.java:62)
	at sun.reflect.DelegatingMethodAccessorImpl.invoke(DelegatingMethodAccessorImpl.java:43)
	at java.lang.reflect.Method.invoke(Method.java:498)
	at org.apache.hadoop.hive.metastore.RawStoreProxy.invoke(RawStoreProxy.java:97)
	at com.sun.proxy.$Proxy32.addNotificationEvent(Unknown Source)
	at org.apache.hive.hcatalog.listener.DbNotificationListener.process(DbNotificationListener.java:1403)
	at org.apache.hive.hcatalog.listener.DbNotificationListener.onDropDatabase(DbNotificationListener.java:513)
	at org.apache.hadoop.hive.metastore.MetaStoreListenerNotifier$26.notify(MetaStoreListenerNotifier.java:99)
	at org.apache.hadoop.hive.metastore.MetaStoreListenerNotifier.notifyEvent(MetaStoreListenerNotifier.java:339)
	at org.apache.hadoop.hive.metastore.HMSHandler.drop_database_core(HMSHandler.java:1785)
	at org.apache.hadoop.hive.metastore.HMSHandler.drop_database(HMSHandler.java:1869)
	at sun.reflect.NativeMethodAccessorImpl.invoke0(Native Method)
	at sun.reflect.NativeMethodAccessorImpl.invoke(NativeMethodAccessorImpl.java:62)
	at sun.reflect.DelegatingMethodAccessorImpl.invoke(DelegatingMethodAccessorImpl.java:43)
	at java.lang.reflect.Method.invoke(Method.java:498)
	at org.apache.hadoop.hive.metastore.RetryingHMSHandler.invokeInternal(RetryingHMSHandler.java:147)
	at org.apache.hadoop.hive.metastore.RetryingHMSHandler.invoke(RetryingHMSHandler.java:108)
	at com.sun.proxy.$Proxy34.drop_database(Unknown Source)
	at org.apache.hadoop.hive.metastore.api.ThriftHiveMetastore$Processor$drop_database.getResult(ThriftHiveMetastore.java:18285)
	at org.apache.hadoop.hive.metastore.api.ThriftHiveMetastore$Processor$drop_database.getResult(ThriftHiveMetastore.java:18264)
	at org.apache.thrift.ProcessFunction.process(ProcessFunction.java:38)
	at org.apache.hadoop.hive.metastore.TUGIBasedProcessor$1.run(TUGIBasedProcessor.java:111)
	at org.apache.hadoop.hive.metastore.TUGIBasedProcessor$1.run(TUGIBasedProcessor.java:107)
	at java.security.AccessController.doPrivileged(Native Method)
	at javax.security.auth.Subject.doAs(Subject.java:422)
	at org.apache.hadoop.security.UserGroupInformation.doAs(UserGroupInformation.java:1682)
	at org.apache.hadoop.hive.metastore.TUGIBasedProcessor.process(TUGIBasedProcessor.java:119)
	at org.apache.thrift.server.TThreadPoolServer$WorkerProcess.run(TThreadPoolServer.java:248)
	at java.util.concurrent.ThreadPoolExecutor.runWorker(ThreadPoolExecutor.java:1149)
	at java.util.concurrent.ThreadPoolExecutor$Worker.run(ThreadPoolExecutor.java:624)
	at java.lang.Thread.run(Thread.java:750)
Caused by: org.apache.derby.shared.common.error.DerbySQLIntegrityConstraintViolationException: DELETE on table 'DBS' caused a violation of foreign key constraint 'TBLS_FK1' for key (2).  The statement has been rolled back.
	at org.apache.derby.impl.jdbc.SQLExceptionFactory.getSQLException(Unknown Source)
	at org.apache.derby.impl.jdbc.Util.generateCsSQLException(Unknown Source)
	at org.apache.derby.impl.jdbc.TransactionResourceImpl.wrapInSQLException(Unknown Source)
	at org.apache.derby.impl.jdbc.TransactionResourceImpl.handleException(Unknown Source)
	at org.apache.derby.impl.jdbc.EmbedConnection.handleException(Unknown Source)
	at org.apache.derby.impl.jdbc.ConnectionChild.handleException(Unknown Source)
	at org.apache.derby.impl.jdbc.EmbedStatement.executeStatement(Unknown Source)
	at org.apache.derby.impl.jdbc.EmbedPreparedStatement.executeBatchElement(Unknown Source)
	... 49 more
Caused by: ERROR 23503: DELETE on table 'DBS' caused a violation of foreign key constraint 'TBLS_FK1' for key (2).  The statement has been rolled back.
	at org.apache.derby.iapi.error.StandardException.newException(Unknown Source)
	at org.apache.derby.iapi.error.StandardException.newException(Unknown Source)
	at org.apache.derby.impl.sql.execute.ReferencedKeyRIChecker.doCheck(Unknown Source)
	at org.apache.derby.impl.sql.execute.RISetChecker.doPKCheck(Unknown Source)
	at org.apache.derby.impl.sql.execute.DeleteResultSet.collectAffectedRows(Unknown Source)
	at org.apache.derby.impl.sql.execute.DeleteResultSet.open(Unknown Source)
	at org.apache.derby.impl.sql.GenericPreparedStatement.executeStmt(Unknown Source)
	at org.apache.derby.impl.sql.GenericPreparedStatement.execute(Unknown Source)
	... 51 more

2024-04-24T12:21:19,137  INFO [TThreadPoolServer WorkerProcess-%d] HiveMetaStore.audit: ugi=alex	ip=127.0.0.1	cmd=source:127.0.0.1 drop_database: @hive#myDb	
2024-04-24T12:21:19,140  INFO [TThreadPoolServer WorkerProcess-%d] HiveMetaStore.audit: ugi=alex	ip=127.0.0.1	cmd=source:127.0.0.1 get_all_tables: db=@hive#myDb	
2024-04-24T12:21:19,141  INFO [TThreadPoolServer WorkerProcess-%d] HiveMetaStore.audit: ugi=alex	ip=127.0.0.1	cmd=source:127.0.0.1 get_functions: db=@hive#myDb pat=*	
2024-04-24T12:21:19,143  INFO [TThreadPoolServer WorkerProcess-%d] HiveMetaStore.audit: ugi=alex	ip=127.0.0.1	cmd=source:127.0.0.1 get_all_stored_procedures	
2024-04-24T12:21:19,144  INFO [TThreadPoolServer WorkerProcess-%d] HiveMetaStore.audit: ugi=alex	ip=127.0.0.1	cmd=source:127.0.0.1 get_all_packages	
2024-04-24T12:21:19,145  INFO [TThreadPoolServer WorkerProcess-%d] HiveMetaStore.audit: ugi=alex	ip=127.0.0.1	cmd=source:127.0.0.1 getTablesByTypeCore: catName=hive: db=myDb pat=.*,type=MATERIALIZED_VIEW	
2024-04-24T12:21:19,149  INFO [TThreadPoolServer WorkerProcess-%d] metastore.ObjectStore: Dropping database hive.myDb along with all tables
2024-04-24T12:21:19,154 ERROR [TThreadPoolServer WorkerProcess-%d] metastore.RetryingHMSHandler: Retrying HMSHandler after 2000 ms (attempt 4 of 10) with error: javax.jdo.JDODataStoreException: Exception thrown flushing changes to datastore
	at org.datanucleus.api.jdo.NucleusJDOHelper.getJDOExceptionForNucleusException(NucleusJDOHelper.java:542)
	at org.datanucleus.api.jdo.JDOPersistenceManager.flush(JDOPersistenceManager.java:2081)
	at org.apache.hadoop.hive.metastore.ObjectStore.addNotificationEvent(ObjectStore.java:11639)
	at sun.reflect.NativeMethodAccessorImpl.invoke0(Native Method)
	at sun.reflect.NativeMethodAccessorImpl.invoke(NativeMethodAccessorImpl.java:62)
	at sun.reflect.DelegatingMethodAccessorImpl.invoke(DelegatingMethodAccessorImpl.java:43)
	at java.lang.reflect.Method.invoke(Method.java:498)
	at org.apache.hadoop.hive.metastore.RawStoreProxy.invoke(RawStoreProxy.java:97)
	at com.sun.proxy.$Proxy32.addNotificationEvent(Unknown Source)
	at org.apache.hive.hcatalog.listener.DbNotificationListener.process(DbNotificationListener.java:1403)
	at org.apache.hive.hcatalog.listener.DbNotificationListener.onDropDatabase(DbNotificationListener.java:513)
	at org.apache.hadoop.hive.metastore.MetaStoreListenerNotifier$26.notify(MetaStoreListenerNotifier.java:99)
	at org.apache.hadoop.hive.metastore.MetaStoreListenerNotifier.notifyEvent(MetaStoreListenerNotifier.java:339)
	at org.apache.hadoop.hive.metastore.HMSHandler.drop_database_core(HMSHandler.java:1785)
	at org.apache.hadoop.hive.metastore.HMSHandler.drop_database(HMSHandler.java:1869)
	at sun.reflect.NativeMethodAccessorImpl.invoke0(Native Method)
	at sun.reflect.NativeMethodAccessorImpl.invoke(NativeMethodAccessorImpl.java:62)
	at sun.reflect.DelegatingMethodAccessorImpl.invoke(DelegatingMethodAccessorImpl.java:43)
	at java.lang.reflect.Method.invoke(Method.java:498)
	at org.apache.hadoop.hive.metastore.RetryingHMSHandler.invokeInternal(RetryingHMSHandler.java:147)
	at org.apache.hadoop.hive.metastore.RetryingHMSHandler.invoke(RetryingHMSHandler.java:108)
	at com.sun.proxy.$Proxy34.drop_database(Unknown Source)
	at org.apache.hadoop.hive.metastore.api.ThriftHiveMetastore$Processor$drop_database.getResult(ThriftHiveMetastore.java:18285)
	at org.apache.hadoop.hive.metastore.api.ThriftHiveMetastore$Processor$drop_database.getResult(ThriftHiveMetastore.java:18264)
	at org.apache.thrift.ProcessFunction.process(ProcessFunction.java:38)
	at org.apache.hadoop.hive.metastore.TUGIBasedProcessor$1.run(TUGIBasedProcessor.java:111)
	at org.apache.hadoop.hive.metastore.TUGIBasedProcessor$1.run(TUGIBasedProcessor.java:107)
	at java.security.AccessController.doPrivileged(Native Method)
	at javax.security.auth.Subject.doAs(Subject.java:422)
	at org.apache.hadoop.security.UserGroupInformation.doAs(UserGroupInformation.java:1682)
	at org.apache.hadoop.hive.metastore.TUGIBasedProcessor.process(TUGIBasedProcessor.java:119)
	at org.apache.thrift.server.TThreadPoolServer$WorkerProcess.run(TThreadPoolServer.java:248)
	at java.util.concurrent.ThreadPoolExecutor.runWorker(ThreadPoolExecutor.java:1149)
	at java.util.concurrent.ThreadPoolExecutor$Worker.run(ThreadPoolExecutor.java:624)
	at java.lang.Thread.run(Thread.java:750)
NestedThrowablesStackTrace:
java.sql.BatchUpdateException: DELETE on table 'DBS' caused a violation of foreign key constraint 'TBLS_FK1' for key (2).  The statement has been rolled back.
	at org.apache.derby.impl.jdbc.EmbedStatement.executeLargeBatch(Unknown Source)
	at org.apache.derby.impl.jdbc.EmbedStatement.executeBatch(Unknown Source)
	at com.zaxxer.hikari.pool.ProxyStatement.executeBatch(ProxyStatement.java:128)
	at com.zaxxer.hikari.pool.HikariProxyPreparedStatement.executeBatch(HikariProxyPreparedStatement.java)
	at org.datanucleus.store.rdbms.ParamLoggingPreparedStatement.executeBatch(ParamLoggingPreparedStatement.java:366)
	at org.datanucleus.store.rdbms.SQLController.processConnectionStatement(SQLController.java:675)
	at org.datanucleus.store.rdbms.SQLController.processStatementsForConnection(SQLController.java:643)
	at org.datanucleus.store.rdbms.SQLController$1.transactionFlushed(SQLController.java:729)
	at org.datanucleus.store.connection.AbstractManagedConnection.transactionFlushed(AbstractManagedConnection.java:95)
	at org.datanucleus.store.connection.ConnectionManagerImpl$2.transactionFlushed(ConnectionManagerImpl.java:528)
	at org.datanucleus.TransactionImpl.flush(TransactionImpl.java:222)
	at org.datanucleus.ExecutionContextImpl.flushInternal(ExecutionContextImpl.java:4068)
	at org.datanucleus.ExecutionContextThreadedImpl.flushInternal(ExecutionContextThreadedImpl.java:448)
	at org.datanucleus.ExecutionContextImpl.flush(ExecutionContextImpl.java:4009)
	at org.datanucleus.ExecutionContextThreadedImpl.flush(ExecutionContextThreadedImpl.java:434)
	at org.datanucleus.api.jdo.JDOPersistenceManager.flush(JDOPersistenceManager.java:2064)
	at org.apache.hadoop.hive.metastore.ObjectStore.addNotificationEvent(ObjectStore.java:11639)
	at sun.reflect.NativeMethodAccessorImpl.invoke0(Native Method)
	at sun.reflect.NativeMethodAccessorImpl.invoke(NativeMethodAccessorImpl.java:62)
	at sun.reflect.DelegatingMethodAccessorImpl.invoke(DelegatingMethodAccessorImpl.java:43)
	at java.lang.reflect.Method.invoke(Method.java:498)
	at org.apache.hadoop.hive.metastore.RawStoreProxy.invoke(RawStoreProxy.java:97)
	at com.sun.proxy.$Proxy32.addNotificationEvent(Unknown Source)
	at org.apache.hive.hcatalog.listener.DbNotificationListener.process(DbNotificationListener.java:1403)
	at org.apache.hive.hcatalog.listener.DbNotificationListener.onDropDatabase(DbNotificationListener.java:513)
	at org.apache.hadoop.hive.metastore.MetaStoreListenerNotifier$26.notify(MetaStoreListenerNotifier.java:99)
	at org.apache.hadoop.hive.metastore.MetaStoreListenerNotifier.notifyEvent(MetaStoreListenerNotifier.java:339)
	at org.apache.hadoop.hive.metastore.HMSHandler.drop_database_core(HMSHandler.java:1785)
	at org.apache.hadoop.hive.metastore.HMSHandler.drop_database(HMSHandler.java:1869)
	at sun.reflect.NativeMethodAccessorImpl.invoke0(Native Method)
	at sun.reflect.NativeMethodAccessorImpl.invoke(NativeMethodAccessorImpl.java:62)
	at sun.reflect.DelegatingMethodAccessorImpl.invoke(DelegatingMethodAccessorImpl.java:43)
	at java.lang.reflect.Method.invoke(Method.java:498)
	at org.apache.hadoop.hive.metastore.RetryingHMSHandler.invokeInternal(RetryingHMSHandler.java:147)
	at org.apache.hadoop.hive.metastore.RetryingHMSHandler.invoke(RetryingHMSHandler.java:108)
	at com.sun.proxy.$Proxy34.drop_database(Unknown Source)
	at org.apache.hadoop.hive.metastore.api.ThriftHiveMetastore$Processor$drop_database.getResult(ThriftHiveMetastore.java:18285)
	at org.apache.hadoop.hive.metastore.api.ThriftHiveMetastore$Processor$drop_database.getResult(ThriftHiveMetastore.java:18264)
	at org.apache.thrift.ProcessFunction.process(ProcessFunction.java:38)
	at org.apache.hadoop.hive.metastore.TUGIBasedProcessor$1.run(TUGIBasedProcessor.java:111)
	at org.apache.hadoop.hive.metastore.TUGIBasedProcessor$1.run(TUGIBasedProcessor.java:107)
	at java.security.AccessController.doPrivileged(Native Method)
	at javax.security.auth.Subject.doAs(Subject.java:422)
	at org.apache.hadoop.security.UserGroupInformation.doAs(UserGroupInformation.java:1682)
	at org.apache.hadoop.hive.metastore.TUGIBasedProcessor.process(TUGIBasedProcessor.java:119)
	at org.apache.thrift.server.TThreadPoolServer$WorkerProcess.run(TThreadPoolServer.java:248)
	at java.util.concurrent.ThreadPoolExecutor.runWorker(ThreadPoolExecutor.java:1149)
	at java.util.concurrent.ThreadPoolExecutor$Worker.run(ThreadPoolExecutor.java:624)
	at java.lang.Thread.run(Thread.java:750)
Caused by: org.apache.derby.shared.common.error.DerbySQLIntegrityConstraintViolationException: DELETE on table 'DBS' caused a violation of foreign key constraint 'TBLS_FK1' for key (2).  The statement has been rolled back.
	at org.apache.derby.impl.jdbc.SQLExceptionFactory.getSQLException(Unknown Source)
	at org.apache.derby.impl.jdbc.Util.generateCsSQLException(Unknown Source)
	at org.apache.derby.impl.jdbc.TransactionResourceImpl.wrapInSQLException(Unknown Source)
	at org.apache.derby.impl.jdbc.TransactionResourceImpl.handleException(Unknown Source)
	at org.apache.derby.impl.jdbc.EmbedConnection.handleException(Unknown Source)
	at org.apache.derby.impl.jdbc.ConnectionChild.handleException(Unknown Source)
	at org.apache.derby.impl.jdbc.EmbedStatement.executeStatement(Unknown Source)
	at org.apache.derby.impl.jdbc.EmbedPreparedStatement.executeBatchElement(Unknown Source)
	... 49 more
Caused by: ERROR 23503: DELETE on table 'DBS' caused a violation of foreign key constraint 'TBLS_FK1' for key (2).  The statement has been rolled back.
	at org.apache.derby.iapi.error.StandardException.newException(Unknown Source)
	at org.apache.derby.iapi.error.StandardException.newException(Unknown Source)
	at org.apache.derby.impl.sql.execute.ReferencedKeyRIChecker.doCheck(Unknown Source)
	at org.apache.derby.impl.sql.execute.RISetChecker.doPKCheck(Unknown Source)
	at org.apache.derby.impl.sql.execute.DeleteResultSet.collectAffectedRows(Unknown Source)
	at org.apache.derby.impl.sql.execute.DeleteResultSet.open(Unknown Source)
	at org.apache.derby.impl.sql.GenericPreparedStatement.executeStmt(Unknown Source)
	at org.apache.derby.impl.sql.GenericPreparedStatement.execute(Unknown Source)
	... 51 more

2024-04-24T12:21:21,155  INFO [TThreadPoolServer WorkerProcess-%d] HiveMetaStore.audit: ugi=alex	ip=127.0.0.1	cmd=source:127.0.0.1 drop_database: @hive#myDb	
2024-04-24T12:21:21,159  INFO [TThreadPoolServer WorkerProcess-%d] HiveMetaStore.audit: ugi=alex	ip=127.0.0.1	cmd=source:127.0.0.1 get_all_tables: db=@hive#myDb	
2024-04-24T12:21:21,160  INFO [TThreadPoolServer WorkerProcess-%d] HiveMetaStore.audit: ugi=alex	ip=127.0.0.1	cmd=source:127.0.0.1 get_functions: db=@hive#myDb pat=*	
2024-04-24T12:21:21,162  INFO [TThreadPoolServer WorkerProcess-%d] HiveMetaStore.audit: ugi=alex	ip=127.0.0.1	cmd=source:127.0.0.1 get_all_stored_procedures	
2024-04-24T12:21:21,163  INFO [TThreadPoolServer WorkerProcess-%d] HiveMetaStore.audit: ugi=alex	ip=127.0.0.1	cmd=source:127.0.0.1 get_all_packages	
2024-04-24T12:21:21,164  INFO [TThreadPoolServer WorkerProcess-%d] HiveMetaStore.audit: ugi=alex	ip=127.0.0.1	cmd=source:127.0.0.1 getTablesByTypeCore: catName=hive: db=myDb pat=.*,type=MATERIALIZED_VIEW	
2024-04-24T12:21:21,168  INFO [TThreadPoolServer WorkerProcess-%d] metastore.ObjectStore: Dropping database hive.myDb along with all tables
2024-04-24T12:21:21,173 ERROR [TThreadPoolServer WorkerProcess-%d] metastore.RetryingHMSHandler: Retrying HMSHandler after 2000 ms (attempt 5 of 10) with error: javax.jdo.JDODataStoreException: Exception thrown flushing changes to datastore
	at org.datanucleus.api.jdo.NucleusJDOHelper.getJDOExceptionForNucleusException(NucleusJDOHelper.java:542)
	at org.datanucleus.api.jdo.JDOPersistenceManager.flush(JDOPersistenceManager.java:2081)
	at org.apache.hadoop.hive.metastore.ObjectStore.addNotificationEvent(ObjectStore.java:11639)
	at sun.reflect.NativeMethodAccessorImpl.invoke0(Native Method)
	at sun.reflect.NativeMethodAccessorImpl.invoke(NativeMethodAccessorImpl.java:62)
	at sun.reflect.DelegatingMethodAccessorImpl.invoke(DelegatingMethodAccessorImpl.java:43)
	at java.lang.reflect.Method.invoke(Method.java:498)
	at org.apache.hadoop.hive.metastore.RawStoreProxy.invoke(RawStoreProxy.java:97)
	at com.sun.proxy.$Proxy32.addNotificationEvent(Unknown Source)
	at org.apache.hive.hcatalog.listener.DbNotificationListener.process(DbNotificationListener.java:1403)
	at org.apache.hive.hcatalog.listener.DbNotificationListener.onDropDatabase(DbNotificationListener.java:513)
	at org.apache.hadoop.hive.metastore.MetaStoreListenerNotifier$26.notify(MetaStoreListenerNotifier.java:99)
	at org.apache.hadoop.hive.metastore.MetaStoreListenerNotifier.notifyEvent(MetaStoreListenerNotifier.java:339)
	at org.apache.hadoop.hive.metastore.HMSHandler.drop_database_core(HMSHandler.java:1785)
	at org.apache.hadoop.hive.metastore.HMSHandler.drop_database(HMSHandler.java:1869)
	at sun.reflect.NativeMethodAccessorImpl.invoke0(Native Method)
	at sun.reflect.NativeMethodAccessorImpl.invoke(NativeMethodAccessorImpl.java:62)
	at sun.reflect.DelegatingMethodAccessorImpl.invoke(DelegatingMethodAccessorImpl.java:43)
	at java.lang.reflect.Method.invoke(Method.java:498)
	at org.apache.hadoop.hive.metastore.RetryingHMSHandler.invokeInternal(RetryingHMSHandler.java:147)
	at org.apache.hadoop.hive.metastore.RetryingHMSHandler.invoke(RetryingHMSHandler.java:108)
	at com.sun.proxy.$Proxy34.drop_database(Unknown Source)
	at org.apache.hadoop.hive.metastore.api.ThriftHiveMetastore$Processor$drop_database.getResult(ThriftHiveMetastore.java:18285)
	at org.apache.hadoop.hive.metastore.api.ThriftHiveMetastore$Processor$drop_database.getResult(ThriftHiveMetastore.java:18264)
	at org.apache.thrift.ProcessFunction.process(ProcessFunction.java:38)
	at org.apache.hadoop.hive.metastore.TUGIBasedProcessor$1.run(TUGIBasedProcessor.java:111)
	at org.apache.hadoop.hive.metastore.TUGIBasedProcessor$1.run(TUGIBasedProcessor.java:107)
	at java.security.AccessController.doPrivileged(Native Method)
	at javax.security.auth.Subject.doAs(Subject.java:422)
	at org.apache.hadoop.security.UserGroupInformation.doAs(UserGroupInformation.java:1682)
	at org.apache.hadoop.hive.metastore.TUGIBasedProcessor.process(TUGIBasedProcessor.java:119)
	at org.apache.thrift.server.TThreadPoolServer$WorkerProcess.run(TThreadPoolServer.java:248)
	at java.util.concurrent.ThreadPoolExecutor.runWorker(ThreadPoolExecutor.java:1149)
	at java.util.concurrent.ThreadPoolExecutor$Worker.run(ThreadPoolExecutor.java:624)
	at java.lang.Thread.run(Thread.java:750)
NestedThrowablesStackTrace:
java.sql.BatchUpdateException: DELETE on table 'DBS' caused a violation of foreign key constraint 'TBLS_FK1' for key (2).  The statement has been rolled back.
	at org.apache.derby.impl.jdbc.EmbedStatement.executeLargeBatch(Unknown Source)
	at org.apache.derby.impl.jdbc.EmbedStatement.executeBatch(Unknown Source)
	at com.zaxxer.hikari.pool.ProxyStatement.executeBatch(ProxyStatement.java:128)
	at com.zaxxer.hikari.pool.HikariProxyPreparedStatement.executeBatch(HikariProxyPreparedStatement.java)
	at org.datanucleus.store.rdbms.ParamLoggingPreparedStatement.executeBatch(ParamLoggingPreparedStatement.java:366)
	at org.datanucleus.store.rdbms.SQLController.processConnectionStatement(SQLController.java:675)
	at org.datanucleus.store.rdbms.SQLController.processStatementsForConnection(SQLController.java:643)
	at org.datanucleus.store.rdbms.SQLController$1.transactionFlushed(SQLController.java:729)
	at org.datanucleus.store.connection.AbstractManagedConnection.transactionFlushed(AbstractManagedConnection.java:95)
	at org.datanucleus.store.connection.ConnectionManagerImpl$2.transactionFlushed(ConnectionManagerImpl.java:528)
	at org.datanucleus.TransactionImpl.flush(TransactionImpl.java:222)
	at org.datanucleus.ExecutionContextImpl.flushInternal(ExecutionContextImpl.java:4068)
	at org.datanucleus.ExecutionContextThreadedImpl.flushInternal(ExecutionContextThreadedImpl.java:448)
	at org.datanucleus.ExecutionContextImpl.flush(ExecutionContextImpl.java:4009)
	at org.datanucleus.ExecutionContextThreadedImpl.flush(ExecutionContextThreadedImpl.java:434)
	at org.datanucleus.api.jdo.JDOPersistenceManager.flush(JDOPersistenceManager.java:2064)
	at org.apache.hadoop.hive.metastore.ObjectStore.addNotificationEvent(ObjectStore.java:11639)
	at sun.reflect.NativeMethodAccessorImpl.invoke0(Native Method)
	at sun.reflect.NativeMethodAccessorImpl.invoke(NativeMethodAccessorImpl.java:62)
	at sun.reflect.DelegatingMethodAccessorImpl.invoke(DelegatingMethodAccessorImpl.java:43)
	at java.lang.reflect.Method.invoke(Method.java:498)
	at org.apache.hadoop.hive.metastore.RawStoreProxy.invoke(RawStoreProxy.java:97)
	at com.sun.proxy.$Proxy32.addNotificationEvent(Unknown Source)
	at org.apache.hive.hcatalog.listener.DbNotificationListener.process(DbNotificationListener.java:1403)
	at org.apache.hive.hcatalog.listener.DbNotificationListener.onDropDatabase(DbNotificationListener.java:513)
	at org.apache.hadoop.hive.metastore.MetaStoreListenerNotifier$26.notify(MetaStoreListenerNotifier.java:99)
	at org.apache.hadoop.hive.metastore.MetaStoreListenerNotifier.notifyEvent(MetaStoreListenerNotifier.java:339)
	at org.apache.hadoop.hive.metastore.HMSHandler.drop_database_core(HMSHandler.java:1785)
	at org.apache.hadoop.hive.metastore.HMSHandler.drop_database(HMSHandler.java:1869)
	at sun.reflect.NativeMethodAccessorImpl.invoke0(Native Method)
	at sun.reflect.NativeMethodAccessorImpl.invoke(NativeMethodAccessorImpl.java:62)
	at sun.reflect.DelegatingMethodAccessorImpl.invoke(DelegatingMethodAccessorImpl.java:43)
	at java.lang.reflect.Method.invoke(Method.java:498)
	at org.apache.hadoop.hive.metastore.RetryingHMSHandler.invokeInternal(RetryingHMSHandler.java:147)
	at org.apache.hadoop.hive.metastore.RetryingHMSHandler.invoke(RetryingHMSHandler.java:108)
	at com.sun.proxy.$Proxy34.drop_database(Unknown Source)
	at org.apache.hadoop.hive.metastore.api.ThriftHiveMetastore$Processor$drop_database.getResult(ThriftHiveMetastore.java:18285)
	at org.apache.hadoop.hive.metastore.api.ThriftHiveMetastore$Processor$drop_database.getResult(ThriftHiveMetastore.java:18264)
	at org.apache.thrift.ProcessFunction.process(ProcessFunction.java:38)
	at org.apache.hadoop.hive.metastore.TUGIBasedProcessor$1.run(TUGIBasedProcessor.java:111)
	at org.apache.hadoop.hive.metastore.TUGIBasedProcessor$1.run(TUGIBasedProcessor.java:107)
	at java.security.AccessController.doPrivileged(Native Method)
	at javax.security.auth.Subject.doAs(Subject.java:422)
	at org.apache.hadoop.security.UserGroupInformation.doAs(UserGroupInformation.java:1682)
	at org.apache.hadoop.hive.metastore.TUGIBasedProcessor.process(TUGIBasedProcessor.java:119)
	at org.apache.thrift.server.TThreadPoolServer$WorkerProcess.run(TThreadPoolServer.java:248)
	at java.util.concurrent.ThreadPoolExecutor.runWorker(ThreadPoolExecutor.java:1149)
	at java.util.concurrent.ThreadPoolExecutor$Worker.run(ThreadPoolExecutor.java:624)
	at java.lang.Thread.run(Thread.java:750)
Caused by: org.apache.derby.shared.common.error.DerbySQLIntegrityConstraintViolationException: DELETE on table 'DBS' caused a violation of foreign key constraint 'TBLS_FK1' for key (2).  The statement has been rolled back.
	at org.apache.derby.impl.jdbc.SQLExceptionFactory.getSQLException(Unknown Source)
	at org.apache.derby.impl.jdbc.Util.generateCsSQLException(Unknown Source)
	at org.apache.derby.impl.jdbc.TransactionResourceImpl.wrapInSQLException(Unknown Source)
	at org.apache.derby.impl.jdbc.TransactionResourceImpl.handleException(Unknown Source)
	at org.apache.derby.impl.jdbc.EmbedConnection.handleException(Unknown Source)
	at org.apache.derby.impl.jdbc.ConnectionChild.handleException(Unknown Source)
	at org.apache.derby.impl.jdbc.EmbedStatement.executeStatement(Unknown Source)
	at org.apache.derby.impl.jdbc.EmbedPreparedStatement.executeBatchElement(Unknown Source)
	... 49 more
Caused by: ERROR 23503: DELETE on table 'DBS' caused a violation of foreign key constraint 'TBLS_FK1' for key (2).  The statement has been rolled back.
	at org.apache.derby.iapi.error.StandardException.newException(Unknown Source)
	at org.apache.derby.iapi.error.StandardException.newException(Unknown Source)
	at org.apache.derby.impl.sql.execute.ReferencedKeyRIChecker.doCheck(Unknown Source)
	at org.apache.derby.impl.sql.execute.RISetChecker.doPKCheck(Unknown Source)
	at org.apache.derby.impl.sql.execute.DeleteResultSet.collectAffectedRows(Unknown Source)
	at org.apache.derby.impl.sql.execute.DeleteResultSet.open(Unknown Source)
	at org.apache.derby.impl.sql.GenericPreparedStatement.executeStmt(Unknown Source)
	at org.apache.derby.impl.sql.GenericPreparedStatement.execute(Unknown Source)
	... 51 more

2024-04-24T12:21:23,174  INFO [TThreadPoolServer WorkerProcess-%d] HiveMetaStore.audit: ugi=alex	ip=127.0.0.1	cmd=source:127.0.0.1 drop_database: @hive#myDb	
2024-04-24T12:21:23,176  INFO [TThreadPoolServer WorkerProcess-%d] HiveMetaStore.audit: ugi=alex	ip=127.0.0.1	cmd=source:127.0.0.1 get_all_tables: db=@hive#myDb	
2024-04-24T12:21:23,177  INFO [TThreadPoolServer WorkerProcess-%d] HiveMetaStore.audit: ugi=alex	ip=127.0.0.1	cmd=source:127.0.0.1 get_functions: db=@hive#myDb pat=*	
2024-04-24T12:21:23,179  INFO [TThreadPoolServer WorkerProcess-%d] HiveMetaStore.audit: ugi=alex	ip=127.0.0.1	cmd=source:127.0.0.1 get_all_stored_procedures	
2024-04-24T12:21:23,180  INFO [TThreadPoolServer WorkerProcess-%d] HiveMetaStore.audit: ugi=alex	ip=127.0.0.1	cmd=source:127.0.0.1 get_all_packages	
2024-04-24T12:21:23,181  INFO [TThreadPoolServer WorkerProcess-%d] HiveMetaStore.audit: ugi=alex	ip=127.0.0.1	cmd=source:127.0.0.1 getTablesByTypeCore: catName=hive: db=myDb pat=.*,type=MATERIALIZED_VIEW	
2024-04-24T12:21:23,185  INFO [TThreadPoolServer WorkerProcess-%d] metastore.ObjectStore: Dropping database hive.myDb along with all tables
2024-04-24T12:21:23,190 ERROR [TThreadPoolServer WorkerProcess-%d] metastore.RetryingHMSHandler: Retrying HMSHandler after 2000 ms (attempt 6 of 10) with error: javax.jdo.JDODataStoreException: Exception thrown flushing changes to datastore
	at org.datanucleus.api.jdo.NucleusJDOHelper.getJDOExceptionForNucleusException(NucleusJDOHelper.java:542)
	at org.datanucleus.api.jdo.JDOPersistenceManager.flush(JDOPersistenceManager.java:2081)
	at org.apache.hadoop.hive.metastore.ObjectStore.addNotificationEvent(ObjectStore.java:11639)
	at sun.reflect.NativeMethodAccessorImpl.invoke0(Native Method)
	at sun.reflect.NativeMethodAccessorImpl.invoke(NativeMethodAccessorImpl.java:62)
	at sun.reflect.DelegatingMethodAccessorImpl.invoke(DelegatingMethodAccessorImpl.java:43)
	at java.lang.reflect.Method.invoke(Method.java:498)
	at org.apache.hadoop.hive.metastore.RawStoreProxy.invoke(RawStoreProxy.java:97)
	at com.sun.proxy.$Proxy32.addNotificationEvent(Unknown Source)
	at org.apache.hive.hcatalog.listener.DbNotificationListener.process(DbNotificationListener.java:1403)
	at org.apache.hive.hcatalog.listener.DbNotificationListener.onDropDatabase(DbNotificationListener.java:513)
	at org.apache.hadoop.hive.metastore.MetaStoreListenerNotifier$26.notify(MetaStoreListenerNotifier.java:99)
	at org.apache.hadoop.hive.metastore.MetaStoreListenerNotifier.notifyEvent(MetaStoreListenerNotifier.java:339)
	at org.apache.hadoop.hive.metastore.HMSHandler.drop_database_core(HMSHandler.java:1785)
	at org.apache.hadoop.hive.metastore.HMSHandler.drop_database(HMSHandler.java:1869)
	at sun.reflect.NativeMethodAccessorImpl.invoke0(Native Method)
	at sun.reflect.NativeMethodAccessorImpl.invoke(NativeMethodAccessorImpl.java:62)
	at sun.reflect.DelegatingMethodAccessorImpl.invoke(DelegatingMethodAccessorImpl.java:43)
	at java.lang.reflect.Method.invoke(Method.java:498)
	at org.apache.hadoop.hive.metastore.RetryingHMSHandler.invokeInternal(RetryingHMSHandler.java:147)
	at org.apache.hadoop.hive.metastore.RetryingHMSHandler.invoke(RetryingHMSHandler.java:108)
	at com.sun.proxy.$Proxy34.drop_database(Unknown Source)
	at org.apache.hadoop.hive.metastore.api.ThriftHiveMetastore$Processor$drop_database.getResult(ThriftHiveMetastore.java:18285)
	at org.apache.hadoop.hive.metastore.api.ThriftHiveMetastore$Processor$drop_database.getResult(ThriftHiveMetastore.java:18264)
	at org.apache.thrift.ProcessFunction.process(ProcessFunction.java:38)
	at org.apache.hadoop.hive.metastore.TUGIBasedProcessor$1.run(TUGIBasedProcessor.java:111)
	at org.apache.hadoop.hive.metastore.TUGIBasedProcessor$1.run(TUGIBasedProcessor.java:107)
	at java.security.AccessController.doPrivileged(Native Method)
	at javax.security.auth.Subject.doAs(Subject.java:422)
	at org.apache.hadoop.security.UserGroupInformation.doAs(UserGroupInformation.java:1682)
	at org.apache.hadoop.hive.metastore.TUGIBasedProcessor.process(TUGIBasedProcessor.java:119)
	at org.apache.thrift.server.TThreadPoolServer$WorkerProcess.run(TThreadPoolServer.java:248)
	at java.util.concurrent.ThreadPoolExecutor.runWorker(ThreadPoolExecutor.java:1149)
	at java.util.concurrent.ThreadPoolExecutor$Worker.run(ThreadPoolExecutor.java:624)
	at java.lang.Thread.run(Thread.java:750)
NestedThrowablesStackTrace:
java.sql.BatchUpdateException: DELETE on table 'DBS' caused a violation of foreign key constraint 'TBLS_FK1' for key (2).  The statement has been rolled back.
	at org.apache.derby.impl.jdbc.EmbedStatement.executeLargeBatch(Unknown Source)
	at org.apache.derby.impl.jdbc.EmbedStatement.executeBatch(Unknown Source)
	at com.zaxxer.hikari.pool.ProxyStatement.executeBatch(ProxyStatement.java:128)
	at com.zaxxer.hikari.pool.HikariProxyPreparedStatement.executeBatch(HikariProxyPreparedStatement.java)
	at org.datanucleus.store.rdbms.ParamLoggingPreparedStatement.executeBatch(ParamLoggingPreparedStatement.java:366)
	at org.datanucleus.store.rdbms.SQLController.processConnectionStatement(SQLController.java:675)
	at org.datanucleus.store.rdbms.SQLController.processStatementsForConnection(SQLController.java:643)
	at org.datanucleus.store.rdbms.SQLController$1.transactionFlushed(SQLController.java:729)
	at org.datanucleus.store.connection.AbstractManagedConnection.transactionFlushed(AbstractManagedConnection.java:95)
	at org.datanucleus.store.connection.ConnectionManagerImpl$2.transactionFlushed(ConnectionManagerImpl.java:528)
	at org.datanucleus.TransactionImpl.flush(TransactionImpl.java:222)
	at org.datanucleus.ExecutionContextImpl.flushInternal(ExecutionContextImpl.java:4068)
	at org.datanucleus.ExecutionContextThreadedImpl.flushInternal(ExecutionContextThreadedImpl.java:448)
	at org.datanucleus.ExecutionContextImpl.flush(ExecutionContextImpl.java:4009)
	at org.datanucleus.ExecutionContextThreadedImpl.flush(ExecutionContextThreadedImpl.java:434)
	at org.datanucleus.api.jdo.JDOPersistenceManager.flush(JDOPersistenceManager.java:2064)
	at org.apache.hadoop.hive.metastore.ObjectStore.addNotificationEvent(ObjectStore.java:11639)
	at sun.reflect.NativeMethodAccessorImpl.invoke0(Native Method)
	at sun.reflect.NativeMethodAccessorImpl.invoke(NativeMethodAccessorImpl.java:62)
	at sun.reflect.DelegatingMethodAccessorImpl.invoke(DelegatingMethodAccessorImpl.java:43)
	at java.lang.reflect.Method.invoke(Method.java:498)
	at org.apache.hadoop.hive.metastore.RawStoreProxy.invoke(RawStoreProxy.java:97)
	at com.sun.proxy.$Proxy32.addNotificationEvent(Unknown Source)
	at org.apache.hive.hcatalog.listener.DbNotificationListener.process(DbNotificationListener.java:1403)
	at org.apache.hive.hcatalog.listener.DbNotificationListener.onDropDatabase(DbNotificationListener.java:513)
	at org.apache.hadoop.hive.metastore.MetaStoreListenerNotifier$26.notify(MetaStoreListenerNotifier.java:99)
	at org.apache.hadoop.hive.metastore.MetaStoreListenerNotifier.notifyEvent(MetaStoreListenerNotifier.java:339)
	at org.apache.hadoop.hive.metastore.HMSHandler.drop_database_core(HMSHandler.java:1785)
	at org.apache.hadoop.hive.metastore.HMSHandler.drop_database(HMSHandler.java:1869)
	at sun.reflect.NativeMethodAccessorImpl.invoke0(Native Method)
	at sun.reflect.NativeMethodAccessorImpl.invoke(NativeMethodAccessorImpl.java:62)
	at sun.reflect.DelegatingMethodAccessorImpl.invoke(DelegatingMethodAccessorImpl.java:43)
	at java.lang.reflect.Method.invoke(Method.java:498)
	at org.apache.hadoop.hive.metastore.RetryingHMSHandler.invokeInternal(RetryingHMSHandler.java:147)
	at org.apache.hadoop.hive.metastore.RetryingHMSHandler.invoke(RetryingHMSHandler.java:108)
	at com.sun.proxy.$Proxy34.drop_database(Unknown Source)
	at org.apache.hadoop.hive.metastore.api.ThriftHiveMetastore$Processor$drop_database.getResult(ThriftHiveMetastore.java:18285)
	at org.apache.hadoop.hive.metastore.api.ThriftHiveMetastore$Processor$drop_database.getResult(ThriftHiveMetastore.java:18264)
	at org.apache.thrift.ProcessFunction.process(ProcessFunction.java:38)
	at org.apache.hadoop.hive.metastore.TUGIBasedProcessor$1.run(TUGIBasedProcessor.java:111)
	at org.apache.hadoop.hive.metastore.TUGIBasedProcessor$1.run(TUGIBasedProcessor.java:107)
	at java.security.AccessController.doPrivileged(Native Method)
	at javax.security.auth.Subject.doAs(Subject.java:422)
	at org.apache.hadoop.security.UserGroupInformation.doAs(UserGroupInformation.java:1682)
	at org.apache.hadoop.hive.metastore.TUGIBasedProcessor.process(TUGIBasedProcessor.java:119)
	at org.apache.thrift.server.TThreadPoolServer$WorkerProcess.run(TThreadPoolServer.java:248)
	at java.util.concurrent.ThreadPoolExecutor.runWorker(ThreadPoolExecutor.java:1149)
	at java.util.concurrent.ThreadPoolExecutor$Worker.run(ThreadPoolExecutor.java:624)
	at java.lang.Thread.run(Thread.java:750)
Caused by: org.apache.derby.shared.common.error.DerbySQLIntegrityConstraintViolationException: DELETE on table 'DBS' caused a violation of foreign key constraint 'TBLS_FK1' for key (2).  The statement has been rolled back.
	at org.apache.derby.impl.jdbc.SQLExceptionFactory.getSQLException(Unknown Source)
	at org.apache.derby.impl.jdbc.Util.generateCsSQLException(Unknown Source)
	at org.apache.derby.impl.jdbc.TransactionResourceImpl.wrapInSQLException(Unknown Source)
	at org.apache.derby.impl.jdbc.TransactionResourceImpl.handleException(Unknown Source)
	at org.apache.derby.impl.jdbc.EmbedConnection.handleException(Unknown Source)
	at org.apache.derby.impl.jdbc.ConnectionChild.handleException(Unknown Source)
	at org.apache.derby.impl.jdbc.EmbedStatement.executeStatement(Unknown Source)
	at org.apache.derby.impl.jdbc.EmbedPreparedStatement.executeBatchElement(Unknown Source)
	... 49 more
Caused by: ERROR 23503: DELETE on table 'DBS' caused a violation of foreign key constraint 'TBLS_FK1' for key (2).  The statement has been rolled back.
	at org.apache.derby.iapi.error.StandardException.newException(Unknown Source)
	at org.apache.derby.iapi.error.StandardException.newException(Unknown Source)
	at org.apache.derby.impl.sql.execute.ReferencedKeyRIChecker.doCheck(Unknown Source)
	at org.apache.derby.impl.sql.execute.RISetChecker.doPKCheck(Unknown Source)
	at org.apache.derby.impl.sql.execute.DeleteResultSet.collectAffectedRows(Unknown Source)
	at org.apache.derby.impl.sql.execute.DeleteResultSet.open(Unknown Source)
	at org.apache.derby.impl.sql.GenericPreparedStatement.executeStmt(Unknown Source)
	at org.apache.derby.impl.sql.GenericPreparedStatement.execute(Unknown Source)
	... 51 more

2024-04-24T12:21:25,191  INFO [TThreadPoolServer WorkerProcess-%d] HiveMetaStore.audit: ugi=alex	ip=127.0.0.1	cmd=source:127.0.0.1 drop_database: @hive#myDb	
2024-04-24T12:21:25,194  INFO [TThreadPoolServer WorkerProcess-%d] HiveMetaStore.audit: ugi=alex	ip=127.0.0.1	cmd=source:127.0.0.1 get_all_tables: db=@hive#myDb	
2024-04-24T12:21:25,195  INFO [TThreadPoolServer WorkerProcess-%d] HiveMetaStore.audit: ugi=alex	ip=127.0.0.1	cmd=source:127.0.0.1 get_functions: db=@hive#myDb pat=*	
2024-04-24T12:21:25,196  INFO [TThreadPoolServer WorkerProcess-%d] HiveMetaStore.audit: ugi=alex	ip=127.0.0.1	cmd=source:127.0.0.1 get_all_stored_procedures	
2024-04-24T12:21:25,197  INFO [TThreadPoolServer WorkerProcess-%d] HiveMetaStore.audit: ugi=alex	ip=127.0.0.1	cmd=source:127.0.0.1 get_all_packages	
2024-04-24T12:21:25,198  INFO [TThreadPoolServer WorkerProcess-%d] HiveMetaStore.audit: ugi=alex	ip=127.0.0.1	cmd=source:127.0.0.1 getTablesByTypeCore: catName=hive: db=myDb pat=.*,type=MATERIALIZED_VIEW	
2024-04-24T12:21:25,202  INFO [TThreadPoolServer WorkerProcess-%d] metastore.ObjectStore: Dropping database hive.myDb along with all tables
2024-04-24T12:21:25,206 ERROR [TThreadPoolServer WorkerProcess-%d] metastore.RetryingHMSHandler: Retrying HMSHandler after 2000 ms (attempt 7 of 10) with error: javax.jdo.JDODataStoreException: Exception thrown flushing changes to datastore
	at org.datanucleus.api.jdo.NucleusJDOHelper.getJDOExceptionForNucleusException(NucleusJDOHelper.java:542)
	at org.datanucleus.api.jdo.JDOPersistenceManager.flush(JDOPersistenceManager.java:2081)
	at org.apache.hadoop.hive.metastore.ObjectStore.addNotificationEvent(ObjectStore.java:11639)
	at sun.reflect.NativeMethodAccessorImpl.invoke0(Native Method)
	at sun.reflect.NativeMethodAccessorImpl.invoke(NativeMethodAccessorImpl.java:62)
	at sun.reflect.DelegatingMethodAccessorImpl.invoke(DelegatingMethodAccessorImpl.java:43)
	at java.lang.reflect.Method.invoke(Method.java:498)
	at org.apache.hadoop.hive.metastore.RawStoreProxy.invoke(RawStoreProxy.java:97)
	at com.sun.proxy.$Proxy32.addNotificationEvent(Unknown Source)
	at org.apache.hive.hcatalog.listener.DbNotificationListener.process(DbNotificationListener.java:1403)
	at org.apache.hive.hcatalog.listener.DbNotificationListener.onDropDatabase(DbNotificationListener.java:513)
	at org.apache.hadoop.hive.metastore.MetaStoreListenerNotifier$26.notify(MetaStoreListenerNotifier.java:99)
	at org.apache.hadoop.hive.metastore.MetaStoreListenerNotifier.notifyEvent(MetaStoreListenerNotifier.java:339)
	at org.apache.hadoop.hive.metastore.HMSHandler.drop_database_core(HMSHandler.java:1785)
	at org.apache.hadoop.hive.metastore.HMSHandler.drop_database(HMSHandler.java:1869)
	at sun.reflect.NativeMethodAccessorImpl.invoke0(Native Method)
	at sun.reflect.NativeMethodAccessorImpl.invoke(NativeMethodAccessorImpl.java:62)
	at sun.reflect.DelegatingMethodAccessorImpl.invoke(DelegatingMethodAccessorImpl.java:43)
	at java.lang.reflect.Method.invoke(Method.java:498)
	at org.apache.hadoop.hive.metastore.RetryingHMSHandler.invokeInternal(RetryingHMSHandler.java:147)
	at org.apache.hadoop.hive.metastore.RetryingHMSHandler.invoke(RetryingHMSHandler.java:108)
	at com.sun.proxy.$Proxy34.drop_database(Unknown Source)
	at org.apache.hadoop.hive.metastore.api.ThriftHiveMetastore$Processor$drop_database.getResult(ThriftHiveMetastore.java:18285)
	at org.apache.hadoop.hive.metastore.api.ThriftHiveMetastore$Processor$drop_database.getResult(ThriftHiveMetastore.java:18264)
	at org.apache.thrift.ProcessFunction.process(ProcessFunction.java:38)
	at org.apache.hadoop.hive.metastore.TUGIBasedProcessor$1.run(TUGIBasedProcessor.java:111)
	at org.apache.hadoop.hive.metastore.TUGIBasedProcessor$1.run(TUGIBasedProcessor.java:107)
	at java.security.AccessController.doPrivileged(Native Method)
	at javax.security.auth.Subject.doAs(Subject.java:422)
	at org.apache.hadoop.security.UserGroupInformation.doAs(UserGroupInformation.java:1682)
	at org.apache.hadoop.hive.metastore.TUGIBasedProcessor.process(TUGIBasedProcessor.java:119)
	at org.apache.thrift.server.TThreadPoolServer$WorkerProcess.run(TThreadPoolServer.java:248)
	at java.util.concurrent.ThreadPoolExecutor.runWorker(ThreadPoolExecutor.java:1149)
	at java.util.concurrent.ThreadPoolExecutor$Worker.run(ThreadPoolExecutor.java:624)
	at java.lang.Thread.run(Thread.java:750)
NestedThrowablesStackTrace:
java.sql.BatchUpdateException: DELETE on table 'DBS' caused a violation of foreign key constraint 'TBLS_FK1' for key (2).  The statement has been rolled back.
	at org.apache.derby.impl.jdbc.EmbedStatement.executeLargeBatch(Unknown Source)
	at org.apache.derby.impl.jdbc.EmbedStatement.executeBatch(Unknown Source)
	at com.zaxxer.hikari.pool.ProxyStatement.executeBatch(ProxyStatement.java:128)
	at com.zaxxer.hikari.pool.HikariProxyPreparedStatement.executeBatch(HikariProxyPreparedStatement.java)
	at org.datanucleus.store.rdbms.ParamLoggingPreparedStatement.executeBatch(ParamLoggingPreparedStatement.java:366)
	at org.datanucleus.store.rdbms.SQLController.processConnectionStatement(SQLController.java:675)
	at org.datanucleus.store.rdbms.SQLController.processStatementsForConnection(SQLController.java:643)
	at org.datanucleus.store.rdbms.SQLController$1.transactionFlushed(SQLController.java:729)
	at org.datanucleus.store.connection.AbstractManagedConnection.transactionFlushed(AbstractManagedConnection.java:95)
	at org.datanucleus.store.connection.ConnectionManagerImpl$2.transactionFlushed(ConnectionManagerImpl.java:528)
	at org.datanucleus.TransactionImpl.flush(TransactionImpl.java:222)
	at org.datanucleus.ExecutionContextImpl.flushInternal(ExecutionContextImpl.java:4068)
	at org.datanucleus.ExecutionContextThreadedImpl.flushInternal(ExecutionContextThreadedImpl.java:448)
	at org.datanucleus.ExecutionContextImpl.flush(ExecutionContextImpl.java:4009)
	at org.datanucleus.ExecutionContextThreadedImpl.flush(ExecutionContextThreadedImpl.java:434)
	at org.datanucleus.api.jdo.JDOPersistenceManager.flush(JDOPersistenceManager.java:2064)
	at org.apache.hadoop.hive.metastore.ObjectStore.addNotificationEvent(ObjectStore.java:11639)
	at sun.reflect.NativeMethodAccessorImpl.invoke0(Native Method)
	at sun.reflect.NativeMethodAccessorImpl.invoke(NativeMethodAccessorImpl.java:62)
	at sun.reflect.DelegatingMethodAccessorImpl.invoke(DelegatingMethodAccessorImpl.java:43)
	at java.lang.reflect.Method.invoke(Method.java:498)
	at org.apache.hadoop.hive.metastore.RawStoreProxy.invoke(RawStoreProxy.java:97)
	at com.sun.proxy.$Proxy32.addNotificationEvent(Unknown Source)
	at org.apache.hive.hcatalog.listener.DbNotificationListener.process(DbNotificationListener.java:1403)
	at org.apache.hive.hcatalog.listener.DbNotificationListener.onDropDatabase(DbNotificationListener.java:513)
	at org.apache.hadoop.hive.metastore.MetaStoreListenerNotifier$26.notify(MetaStoreListenerNotifier.java:99)
	at org.apache.hadoop.hive.metastore.MetaStoreListenerNotifier.notifyEvent(MetaStoreListenerNotifier.java:339)
	at org.apache.hadoop.hive.metastore.HMSHandler.drop_database_core(HMSHandler.java:1785)
	at org.apache.hadoop.hive.metastore.HMSHandler.drop_database(HMSHandler.java:1869)
	at sun.reflect.NativeMethodAccessorImpl.invoke0(Native Method)
	at sun.reflect.NativeMethodAccessorImpl.invoke(NativeMethodAccessorImpl.java:62)
	at sun.reflect.DelegatingMethodAccessorImpl.invoke(DelegatingMethodAccessorImpl.java:43)
	at java.lang.reflect.Method.invoke(Method.java:498)
	at org.apache.hadoop.hive.metastore.RetryingHMSHandler.invokeInternal(RetryingHMSHandler.java:147)
	at org.apache.hadoop.hive.metastore.RetryingHMSHandler.invoke(RetryingHMSHandler.java:108)
	at com.sun.proxy.$Proxy34.drop_database(Unknown Source)
	at org.apache.hadoop.hive.metastore.api.ThriftHiveMetastore$Processor$drop_database.getResult(ThriftHiveMetastore.java:18285)
	at org.apache.hadoop.hive.metastore.api.ThriftHiveMetastore$Processor$drop_database.getResult(ThriftHiveMetastore.java:18264)
	at org.apache.thrift.ProcessFunction.process(ProcessFunction.java:38)
	at org.apache.hadoop.hive.metastore.TUGIBasedProcessor$1.run(TUGIBasedProcessor.java:111)
	at org.apache.hadoop.hive.metastore.TUGIBasedProcessor$1.run(TUGIBasedProcessor.java:107)
	at java.security.AccessController.doPrivileged(Native Method)
	at javax.security.auth.Subject.doAs(Subject.java:422)
	at org.apache.hadoop.security.UserGroupInformation.doAs(UserGroupInformation.java:1682)
	at org.apache.hadoop.hive.metastore.TUGIBasedProcessor.process(TUGIBasedProcessor.java:119)
	at org.apache.thrift.server.TThreadPoolServer$WorkerProcess.run(TThreadPoolServer.java:248)
	at java.util.concurrent.ThreadPoolExecutor.runWorker(ThreadPoolExecutor.java:1149)
	at java.util.concurrent.ThreadPoolExecutor$Worker.run(ThreadPoolExecutor.java:624)
	at java.lang.Thread.run(Thread.java:750)
Caused by: org.apache.derby.shared.common.error.DerbySQLIntegrityConstraintViolationException: DELETE on table 'DBS' caused a violation of foreign key constraint 'TBLS_FK1' for key (2).  The statement has been rolled back.
	at org.apache.derby.impl.jdbc.SQLExceptionFactory.getSQLException(Unknown Source)
	at org.apache.derby.impl.jdbc.Util.generateCsSQLException(Unknown Source)
	at org.apache.derby.impl.jdbc.TransactionResourceImpl.wrapInSQLException(Unknown Source)
	at org.apache.derby.impl.jdbc.TransactionResourceImpl.handleException(Unknown Source)
	at org.apache.derby.impl.jdbc.EmbedConnection.handleException(Unknown Source)
	at org.apache.derby.impl.jdbc.ConnectionChild.handleException(Unknown Source)
	at org.apache.derby.impl.jdbc.EmbedStatement.executeStatement(Unknown Source)
	at org.apache.derby.impl.jdbc.EmbedPreparedStatement.executeBatchElement(Unknown Source)
	... 49 more
Caused by: ERROR 23503: DELETE on table 'DBS' caused a violation of foreign key constraint 'TBLS_FK1' for key (2).  The statement has been rolled back.
	at org.apache.derby.iapi.error.StandardException.newException(Unknown Source)
	at org.apache.derby.iapi.error.StandardException.newException(Unknown Source)
	at org.apache.derby.impl.sql.execute.ReferencedKeyRIChecker.doCheck(Unknown Source)
	at org.apache.derby.impl.sql.execute.RISetChecker.doPKCheck(Unknown Source)
	at org.apache.derby.impl.sql.execute.DeleteResultSet.collectAffectedRows(Unknown Source)
	at org.apache.derby.impl.sql.execute.DeleteResultSet.open(Unknown Source)
	at org.apache.derby.impl.sql.GenericPreparedStatement.executeStmt(Unknown Source)
	at org.apache.derby.impl.sql.GenericPreparedStatement.execute(Unknown Source)
	... 51 more

2024-04-24T12:21:27,207  INFO [TThreadPoolServer WorkerProcess-%d] HiveMetaStore.audit: ugi=alex	ip=127.0.0.1	cmd=source:127.0.0.1 drop_database: @hive#myDb	
2024-04-24T12:21:27,208  INFO [TThreadPoolServer WorkerProcess-%d] HiveMetaStore.audit: ugi=alex	ip=127.0.0.1	cmd=source:127.0.0.1 get_all_tables: db=@hive#myDb	
2024-04-24T12:21:27,209  INFO [TThreadPoolServer WorkerProcess-%d] HiveMetaStore.audit: ugi=alex	ip=127.0.0.1	cmd=source:127.0.0.1 get_functions: db=@hive#myDb pat=*	
2024-04-24T12:21:27,211  INFO [TThreadPoolServer WorkerProcess-%d] HiveMetaStore.audit: ugi=alex	ip=127.0.0.1	cmd=source:127.0.0.1 get_all_stored_procedures	
2024-04-24T12:21:27,212  INFO [TThreadPoolServer WorkerProcess-%d] HiveMetaStore.audit: ugi=alex	ip=127.0.0.1	cmd=source:127.0.0.1 get_all_packages	
2024-04-24T12:21:27,213  INFO [TThreadPoolServer WorkerProcess-%d] HiveMetaStore.audit: ugi=alex	ip=127.0.0.1	cmd=source:127.0.0.1 getTablesByTypeCore: catName=hive: db=myDb pat=.*,type=MATERIALIZED_VIEW	
2024-04-24T12:21:27,217  INFO [TThreadPoolServer WorkerProcess-%d] metastore.ObjectStore: Dropping database hive.myDb along with all tables
2024-04-24T12:21:27,221 ERROR [TThreadPoolServer WorkerProcess-%d] metastore.RetryingHMSHandler: Retrying HMSHandler after 2000 ms (attempt 8 of 10) with error: javax.jdo.JDODataStoreException: Exception thrown flushing changes to datastore
	at org.datanucleus.api.jdo.NucleusJDOHelper.getJDOExceptionForNucleusException(NucleusJDOHelper.java:542)
	at org.datanucleus.api.jdo.JDOPersistenceManager.flush(JDOPersistenceManager.java:2081)
	at org.apache.hadoop.hive.metastore.ObjectStore.addNotificationEvent(ObjectStore.java:11639)
	at sun.reflect.NativeMethodAccessorImpl.invoke0(Native Method)
	at sun.reflect.NativeMethodAccessorImpl.invoke(NativeMethodAccessorImpl.java:62)
	at sun.reflect.DelegatingMethodAccessorImpl.invoke(DelegatingMethodAccessorImpl.java:43)
	at java.lang.reflect.Method.invoke(Method.java:498)
	at org.apache.hadoop.hive.metastore.RawStoreProxy.invoke(RawStoreProxy.java:97)
	at com.sun.proxy.$Proxy32.addNotificationEvent(Unknown Source)
	at org.apache.hive.hcatalog.listener.DbNotificationListener.process(DbNotificationListener.java:1403)
	at org.apache.hive.hcatalog.listener.DbNotificationListener.onDropDatabase(DbNotificationListener.java:513)
	at org.apache.hadoop.hive.metastore.MetaStoreListenerNotifier$26.notify(MetaStoreListenerNotifier.java:99)
	at org.apache.hadoop.hive.metastore.MetaStoreListenerNotifier.notifyEvent(MetaStoreListenerNotifier.java:339)
	at org.apache.hadoop.hive.metastore.HMSHandler.drop_database_core(HMSHandler.java:1785)
	at org.apache.hadoop.hive.metastore.HMSHandler.drop_database(HMSHandler.java:1869)
	at sun.reflect.NativeMethodAccessorImpl.invoke0(Native Method)
	at sun.reflect.NativeMethodAccessorImpl.invoke(NativeMethodAccessorImpl.java:62)
	at sun.reflect.DelegatingMethodAccessorImpl.invoke(DelegatingMethodAccessorImpl.java:43)
	at java.lang.reflect.Method.invoke(Method.java:498)
	at org.apache.hadoop.hive.metastore.RetryingHMSHandler.invokeInternal(RetryingHMSHandler.java:147)
	at org.apache.hadoop.hive.metastore.RetryingHMSHandler.invoke(RetryingHMSHandler.java:108)
	at com.sun.proxy.$Proxy34.drop_database(Unknown Source)
	at org.apache.hadoop.hive.metastore.api.ThriftHiveMetastore$Processor$drop_database.getResult(ThriftHiveMetastore.java:18285)
	at org.apache.hadoop.hive.metastore.api.ThriftHiveMetastore$Processor$drop_database.getResult(ThriftHiveMetastore.java:18264)
	at org.apache.thrift.ProcessFunction.process(ProcessFunction.java:38)
	at org.apache.hadoop.hive.metastore.TUGIBasedProcessor$1.run(TUGIBasedProcessor.java:111)
	at org.apache.hadoop.hive.metastore.TUGIBasedProcessor$1.run(TUGIBasedProcessor.java:107)
	at java.security.AccessController.doPrivileged(Native Method)
	at javax.security.auth.Subject.doAs(Subject.java:422)
	at org.apache.hadoop.security.UserGroupInformation.doAs(UserGroupInformation.java:1682)
	at org.apache.hadoop.hive.metastore.TUGIBasedProcessor.process(TUGIBasedProcessor.java:119)
	at org.apache.thrift.server.TThreadPoolServer$WorkerProcess.run(TThreadPoolServer.java:248)
	at java.util.concurrent.ThreadPoolExecutor.runWorker(ThreadPoolExecutor.java:1149)
	at java.util.concurrent.ThreadPoolExecutor$Worker.run(ThreadPoolExecutor.java:624)
	at java.lang.Thread.run(Thread.java:750)
NestedThrowablesStackTrace:
java.sql.BatchUpdateException: DELETE on table 'DBS' caused a violation of foreign key constraint 'TBLS_FK1' for key (2).  The statement has been rolled back.
	at org.apache.derby.impl.jdbc.EmbedStatement.executeLargeBatch(Unknown Source)
	at org.apache.derby.impl.jdbc.EmbedStatement.executeBatch(Unknown Source)
	at com.zaxxer.hikari.pool.ProxyStatement.executeBatch(ProxyStatement.java:128)
	at com.zaxxer.hikari.pool.HikariProxyPreparedStatement.executeBatch(HikariProxyPreparedStatement.java)
	at org.datanucleus.store.rdbms.ParamLoggingPreparedStatement.executeBatch(ParamLoggingPreparedStatement.java:366)
	at org.datanucleus.store.rdbms.SQLController.processConnectionStatement(SQLController.java:675)
	at org.datanucleus.store.rdbms.SQLController.processStatementsForConnection(SQLController.java:643)
	at org.datanucleus.store.rdbms.SQLController$1.transactionFlushed(SQLController.java:729)
	at org.datanucleus.store.connection.AbstractManagedConnection.transactionFlushed(AbstractManagedConnection.java:95)
	at org.datanucleus.store.connection.ConnectionManagerImpl$2.transactionFlushed(ConnectionManagerImpl.java:528)
	at org.datanucleus.TransactionImpl.flush(TransactionImpl.java:222)
	at org.datanucleus.ExecutionContextImpl.flushInternal(ExecutionContextImpl.java:4068)
	at org.datanucleus.ExecutionContextThreadedImpl.flushInternal(ExecutionContextThreadedImpl.java:448)
	at org.datanucleus.ExecutionContextImpl.flush(ExecutionContextImpl.java:4009)
	at org.datanucleus.ExecutionContextThreadedImpl.flush(ExecutionContextThreadedImpl.java:434)
	at org.datanucleus.api.jdo.JDOPersistenceManager.flush(JDOPersistenceManager.java:2064)
	at org.apache.hadoop.hive.metastore.ObjectStore.addNotificationEvent(ObjectStore.java:11639)
	at sun.reflect.NativeMethodAccessorImpl.invoke0(Native Method)
	at sun.reflect.NativeMethodAccessorImpl.invoke(NativeMethodAccessorImpl.java:62)
	at sun.reflect.DelegatingMethodAccessorImpl.invoke(DelegatingMethodAccessorImpl.java:43)
	at java.lang.reflect.Method.invoke(Method.java:498)
	at org.apache.hadoop.hive.metastore.RawStoreProxy.invoke(RawStoreProxy.java:97)
	at com.sun.proxy.$Proxy32.addNotificationEvent(Unknown Source)
	at org.apache.hive.hcatalog.listener.DbNotificationListener.process(DbNotificationListener.java:1403)
	at org.apache.hive.hcatalog.listener.DbNotificationListener.onDropDatabase(DbNotificationListener.java:513)
	at org.apache.hadoop.hive.metastore.MetaStoreListenerNotifier$26.notify(MetaStoreListenerNotifier.java:99)
	at org.apache.hadoop.hive.metastore.MetaStoreListenerNotifier.notifyEvent(MetaStoreListenerNotifier.java:339)
	at org.apache.hadoop.hive.metastore.HMSHandler.drop_database_core(HMSHandler.java:1785)
	at org.apache.hadoop.hive.metastore.HMSHandler.drop_database(HMSHandler.java:1869)
	at sun.reflect.NativeMethodAccessorImpl.invoke0(Native Method)
	at sun.reflect.NativeMethodAccessorImpl.invoke(NativeMethodAccessorImpl.java:62)
	at sun.reflect.DelegatingMethodAccessorImpl.invoke(DelegatingMethodAccessorImpl.java:43)
	at java.lang.reflect.Method.invoke(Method.java:498)
	at org.apache.hadoop.hive.metastore.RetryingHMSHandler.invokeInternal(RetryingHMSHandler.java:147)
	at org.apache.hadoop.hive.metastore.RetryingHMSHandler.invoke(RetryingHMSHandler.java:108)
	at com.sun.proxy.$Proxy34.drop_database(Unknown Source)
	at org.apache.hadoop.hive.metastore.api.ThriftHiveMetastore$Processor$drop_database.getResult(ThriftHiveMetastore.java:18285)
	at org.apache.hadoop.hive.metastore.api.ThriftHiveMetastore$Processor$drop_database.getResult(ThriftHiveMetastore.java:18264)
	at org.apache.thrift.ProcessFunction.process(ProcessFunction.java:38)
	at org.apache.hadoop.hive.metastore.TUGIBasedProcessor$1.run(TUGIBasedProcessor.java:111)
	at org.apache.hadoop.hive.metastore.TUGIBasedProcessor$1.run(TUGIBasedProcessor.java:107)
	at java.security.AccessController.doPrivileged(Native Method)
	at javax.security.auth.Subject.doAs(Subject.java:422)
	at org.apache.hadoop.security.UserGroupInformation.doAs(UserGroupInformation.java:1682)
	at org.apache.hadoop.hive.metastore.TUGIBasedProcessor.process(TUGIBasedProcessor.java:119)
	at org.apache.thrift.server.TThreadPoolServer$WorkerProcess.run(TThreadPoolServer.java:248)
	at java.util.concurrent.ThreadPoolExecutor.runWorker(ThreadPoolExecutor.java:1149)
	at java.util.concurrent.ThreadPoolExecutor$Worker.run(ThreadPoolExecutor.java:624)
	at java.lang.Thread.run(Thread.java:750)
Caused by: org.apache.derby.shared.common.error.DerbySQLIntegrityConstraintViolationException: DELETE on table 'DBS' caused a violation of foreign key constraint 'TBLS_FK1' for key (2).  The statement has been rolled back.
	at org.apache.derby.impl.jdbc.SQLExceptionFactory.getSQLException(Unknown Source)
	at org.apache.derby.impl.jdbc.Util.generateCsSQLException(Unknown Source)
	at org.apache.derby.impl.jdbc.TransactionResourceImpl.wrapInSQLException(Unknown Source)
	at org.apache.derby.impl.jdbc.TransactionResourceImpl.handleException(Unknown Source)
	at org.apache.derby.impl.jdbc.EmbedConnection.handleException(Unknown Source)
	at org.apache.derby.impl.jdbc.ConnectionChild.handleException(Unknown Source)
	at org.apache.derby.impl.jdbc.EmbedStatement.executeStatement(Unknown Source)
	at org.apache.derby.impl.jdbc.EmbedPreparedStatement.executeBatchElement(Unknown Source)
	... 49 more
Caused by: ERROR 23503: DELETE on table 'DBS' caused a violation of foreign key constraint 'TBLS_FK1' for key (2).  The statement has been rolled back.
	at org.apache.derby.iapi.error.StandardException.newException(Unknown Source)
	at org.apache.derby.iapi.error.StandardException.newException(Unknown Source)
	at org.apache.derby.impl.sql.execute.ReferencedKeyRIChecker.doCheck(Unknown Source)
	at org.apache.derby.impl.sql.execute.RISetChecker.doPKCheck(Unknown Source)
	at org.apache.derby.impl.sql.execute.DeleteResultSet.collectAffectedRows(Unknown Source)
	at org.apache.derby.impl.sql.execute.DeleteResultSet.open(Unknown Source)
	at org.apache.derby.impl.sql.GenericPreparedStatement.executeStmt(Unknown Source)
	at org.apache.derby.impl.sql.GenericPreparedStatement.execute(Unknown Source)
	... 51 more

2024-04-24T12:21:29,222  INFO [TThreadPoolServer WorkerProcess-%d] HiveMetaStore.audit: ugi=alex	ip=127.0.0.1	cmd=source:127.0.0.1 drop_database: @hive#myDb	
2024-04-24T12:21:29,228  INFO [TThreadPoolServer WorkerProcess-%d] HiveMetaStore.audit: ugi=alex	ip=127.0.0.1	cmd=source:127.0.0.1 get_all_tables: db=@hive#myDb	
2024-04-24T12:21:29,230  INFO [TThreadPoolServer WorkerProcess-%d] HiveMetaStore.audit: ugi=alex	ip=127.0.0.1	cmd=source:127.0.0.1 get_functions: db=@hive#myDb pat=*	
2024-04-24T12:21:29,232  INFO [TThreadPoolServer WorkerProcess-%d] HiveMetaStore.audit: ugi=alex	ip=127.0.0.1	cmd=source:127.0.0.1 get_all_stored_procedures	
2024-04-24T12:21:29,233  INFO [TThreadPoolServer WorkerProcess-%d] HiveMetaStore.audit: ugi=alex	ip=127.0.0.1	cmd=source:127.0.0.1 get_all_packages	
2024-04-24T12:21:29,234  INFO [TThreadPoolServer WorkerProcess-%d] HiveMetaStore.audit: ugi=alex	ip=127.0.0.1	cmd=source:127.0.0.1 getTablesByTypeCore: catName=hive: db=myDb pat=.*,type=MATERIALIZED_VIEW	
2024-04-24T12:21:29,237  INFO [TThreadPoolServer WorkerProcess-%d] metastore.ObjectStore: Dropping database hive.myDb along with all tables
2024-04-24T12:21:29,242 ERROR [TThreadPoolServer WorkerProcess-%d] metastore.RetryingHMSHandler: Retrying HMSHandler after 2000 ms (attempt 9 of 10) with error: javax.jdo.JDODataStoreException: Exception thrown flushing changes to datastore
	at org.datanucleus.api.jdo.NucleusJDOHelper.getJDOExceptionForNucleusException(NucleusJDOHelper.java:542)
	at org.datanucleus.api.jdo.JDOPersistenceManager.flush(JDOPersistenceManager.java:2081)
	at org.apache.hadoop.hive.metastore.ObjectStore.addNotificationEvent(ObjectStore.java:11639)
	at sun.reflect.NativeMethodAccessorImpl.invoke0(Native Method)
	at sun.reflect.NativeMethodAccessorImpl.invoke(NativeMethodAccessorImpl.java:62)
	at sun.reflect.DelegatingMethodAccessorImpl.invoke(DelegatingMethodAccessorImpl.java:43)
	at java.lang.reflect.Method.invoke(Method.java:498)
	at org.apache.hadoop.hive.metastore.RawStoreProxy.invoke(RawStoreProxy.java:97)
	at com.sun.proxy.$Proxy32.addNotificationEvent(Unknown Source)
	at org.apache.hive.hcatalog.listener.DbNotificationListener.process(DbNotificationListener.java:1403)
	at org.apache.hive.hcatalog.listener.DbNotificationListener.onDropDatabase(DbNotificationListener.java:513)
	at org.apache.hadoop.hive.metastore.MetaStoreListenerNotifier$26.notify(MetaStoreListenerNotifier.java:99)
	at org.apache.hadoop.hive.metastore.MetaStoreListenerNotifier.notifyEvent(MetaStoreListenerNotifier.java:339)
	at org.apache.hadoop.hive.metastore.HMSHandler.drop_database_core(HMSHandler.java:1785)
	at org.apache.hadoop.hive.metastore.HMSHandler.drop_database(HMSHandler.java:1869)
	at sun.reflect.NativeMethodAccessorImpl.invoke0(Native Method)
	at sun.reflect.NativeMethodAccessorImpl.invoke(NativeMethodAccessorImpl.java:62)
	at sun.reflect.DelegatingMethodAccessorImpl.invoke(DelegatingMethodAccessorImpl.java:43)
	at java.lang.reflect.Method.invoke(Method.java:498)
	at org.apache.hadoop.hive.metastore.RetryingHMSHandler.invokeInternal(RetryingHMSHandler.java:147)
	at org.apache.hadoop.hive.metastore.RetryingHMSHandler.invoke(RetryingHMSHandler.java:108)
	at com.sun.proxy.$Proxy34.drop_database(Unknown Source)
	at org.apache.hadoop.hive.metastore.api.ThriftHiveMetastore$Processor$drop_database.getResult(ThriftHiveMetastore.java:18285)
	at org.apache.hadoop.hive.metastore.api.ThriftHiveMetastore$Processor$drop_database.getResult(ThriftHiveMetastore.java:18264)
	at org.apache.thrift.ProcessFunction.process(ProcessFunction.java:38)
	at org.apache.hadoop.hive.metastore.TUGIBasedProcessor$1.run(TUGIBasedProcessor.java:111)
	at org.apache.hadoop.hive.metastore.TUGIBasedProcessor$1.run(TUGIBasedProcessor.java:107)
	at java.security.AccessController.doPrivileged(Native Method)
	at javax.security.auth.Subject.doAs(Subject.java:422)
	at org.apache.hadoop.security.UserGroupInformation.doAs(UserGroupInformation.java:1682)
	at org.apache.hadoop.hive.metastore.TUGIBasedProcessor.process(TUGIBasedProcessor.java:119)
	at org.apache.thrift.server.TThreadPoolServer$WorkerProcess.run(TThreadPoolServer.java:248)
	at java.util.concurrent.ThreadPoolExecutor.runWorker(ThreadPoolExecutor.java:1149)
	at java.util.concurrent.ThreadPoolExecutor$Worker.run(ThreadPoolExecutor.java:624)
	at java.lang.Thread.run(Thread.java:750)
NestedThrowablesStackTrace:
java.sql.BatchUpdateException: DELETE on table 'DBS' caused a violation of foreign key constraint 'TBLS_FK1' for key (2).  The statement has been rolled back.
	at org.apache.derby.impl.jdbc.EmbedStatement.executeLargeBatch(Unknown Source)
	at org.apache.derby.impl.jdbc.EmbedStatement.executeBatch(Unknown Source)
	at com.zaxxer.hikari.pool.ProxyStatement.executeBatch(ProxyStatement.java:128)
	at com.zaxxer.hikari.pool.HikariProxyPreparedStatement.executeBatch(HikariProxyPreparedStatement.java)
	at org.datanucleus.store.rdbms.ParamLoggingPreparedStatement.executeBatch(ParamLoggingPreparedStatement.java:366)
	at org.datanucleus.store.rdbms.SQLController.processConnectionStatement(SQLController.java:675)
	at org.datanucleus.store.rdbms.SQLController.processStatementsForConnection(SQLController.java:643)
	at org.datanucleus.store.rdbms.SQLController$1.transactionFlushed(SQLController.java:729)
	at org.datanucleus.store.connection.AbstractManagedConnection.transactionFlushed(AbstractManagedConnection.java:95)
	at org.datanucleus.store.connection.ConnectionManagerImpl$2.transactionFlushed(ConnectionManagerImpl.java:528)
	at org.datanucleus.TransactionImpl.flush(TransactionImpl.java:222)
	at org.datanucleus.ExecutionContextImpl.flushInternal(ExecutionContextImpl.java:4068)
	at org.datanucleus.ExecutionContextThreadedImpl.flushInternal(ExecutionContextThreadedImpl.java:448)
	at org.datanucleus.ExecutionContextImpl.flush(ExecutionContextImpl.java:4009)
	at org.datanucleus.ExecutionContextThreadedImpl.flush(ExecutionContextThreadedImpl.java:434)
	at org.datanucleus.api.jdo.JDOPersistenceManager.flush(JDOPersistenceManager.java:2064)
	at org.apache.hadoop.hive.metastore.ObjectStore.addNotificationEvent(ObjectStore.java:11639)
	at sun.reflect.NativeMethodAccessorImpl.invoke0(Native Method)
	at sun.reflect.NativeMethodAccessorImpl.invoke(NativeMethodAccessorImpl.java:62)
	at sun.reflect.DelegatingMethodAccessorImpl.invoke(DelegatingMethodAccessorImpl.java:43)
	at java.lang.reflect.Method.invoke(Method.java:498)
	at org.apache.hadoop.hive.metastore.RawStoreProxy.invoke(RawStoreProxy.java:97)
	at com.sun.proxy.$Proxy32.addNotificationEvent(Unknown Source)
	at org.apache.hive.hcatalog.listener.DbNotificationListener.process(DbNotificationListener.java:1403)
	at org.apache.hive.hcatalog.listener.DbNotificationListener.onDropDatabase(DbNotificationListener.java:513)
	at org.apache.hadoop.hive.metastore.MetaStoreListenerNotifier$26.notify(MetaStoreListenerNotifier.java:99)
	at org.apache.hadoop.hive.metastore.MetaStoreListenerNotifier.notifyEvent(MetaStoreListenerNotifier.java:339)
	at org.apache.hadoop.hive.metastore.HMSHandler.drop_database_core(HMSHandler.java:1785)
	at org.apache.hadoop.hive.metastore.HMSHandler.drop_database(HMSHandler.java:1869)
	at sun.reflect.NativeMethodAccessorImpl.invoke0(Native Method)
	at sun.reflect.NativeMethodAccessorImpl.invoke(NativeMethodAccessorImpl.java:62)
	at sun.reflect.DelegatingMethodAccessorImpl.invoke(DelegatingMethodAccessorImpl.java:43)
	at java.lang.reflect.Method.invoke(Method.java:498)
	at org.apache.hadoop.hive.metastore.RetryingHMSHandler.invokeInternal(RetryingHMSHandler.java:147)
	at org.apache.hadoop.hive.metastore.RetryingHMSHandler.invoke(RetryingHMSHandler.java:108)
	at com.sun.proxy.$Proxy34.drop_database(Unknown Source)
	at org.apache.hadoop.hive.metastore.api.ThriftHiveMetastore$Processor$drop_database.getResult(ThriftHiveMetastore.java:18285)
	at org.apache.hadoop.hive.metastore.api.ThriftHiveMetastore$Processor$drop_database.getResult(ThriftHiveMetastore.java:18264)
	at org.apache.thrift.ProcessFunction.process(ProcessFunction.java:38)
	at org.apache.hadoop.hive.metastore.TUGIBasedProcessor$1.run(TUGIBasedProcessor.java:111)
	at org.apache.hadoop.hive.metastore.TUGIBasedProcessor$1.run(TUGIBasedProcessor.java:107)
	at java.security.AccessController.doPrivileged(Native Method)
	at javax.security.auth.Subject.doAs(Subject.java:422)
	at org.apache.hadoop.security.UserGroupInformation.doAs(UserGroupInformation.java:1682)
	at org.apache.hadoop.hive.metastore.TUGIBasedProcessor.process(TUGIBasedProcessor.java:119)
	at org.apache.thrift.server.TThreadPoolServer$WorkerProcess.run(TThreadPoolServer.java:248)
	at java.util.concurrent.ThreadPoolExecutor.runWorker(ThreadPoolExecutor.java:1149)
	at java.util.concurrent.ThreadPoolExecutor$Worker.run(ThreadPoolExecutor.java:624)
	at java.lang.Thread.run(Thread.java:750)
Caused by: org.apache.derby.shared.common.error.DerbySQLIntegrityConstraintViolationException: DELETE on table 'DBS' caused a violation of foreign key constraint 'TBLS_FK1' for key (2).  The statement has been rolled back.
	at org.apache.derby.impl.jdbc.SQLExceptionFactory.getSQLException(Unknown Source)
	at org.apache.derby.impl.jdbc.Util.generateCsSQLException(Unknown Source)
	at org.apache.derby.impl.jdbc.TransactionResourceImpl.wrapInSQLException(Unknown Source)
	at org.apache.derby.impl.jdbc.TransactionResourceImpl.handleException(Unknown Source)
	at org.apache.derby.impl.jdbc.EmbedConnection.handleException(Unknown Source)
	at org.apache.derby.impl.jdbc.ConnectionChild.handleException(Unknown Source)
	at org.apache.derby.impl.jdbc.EmbedStatement.executeStatement(Unknown Source)
	at org.apache.derby.impl.jdbc.EmbedPreparedStatement.executeBatchElement(Unknown Source)
	... 49 more
Caused by: ERROR 23503: DELETE on table 'DBS' caused a violation of foreign key constraint 'TBLS_FK1' for key (2).  The statement has been rolled back.
	at org.apache.derby.iapi.error.StandardException.newException(Unknown Source)
	at org.apache.derby.iapi.error.StandardException.newException(Unknown Source)
	at org.apache.derby.impl.sql.execute.ReferencedKeyRIChecker.doCheck(Unknown Source)
	at org.apache.derby.impl.sql.execute.RISetChecker.doPKCheck(Unknown Source)
	at org.apache.derby.impl.sql.execute.DeleteResultSet.collectAffectedRows(Unknown Source)
	at org.apache.derby.impl.sql.execute.DeleteResultSet.open(Unknown Source)
	at org.apache.derby.impl.sql.GenericPreparedStatement.executeStmt(Unknown Source)
	at org.apache.derby.impl.sql.GenericPreparedStatement.execute(Unknown Source)
	... 51 more

2024-04-24T12:21:31,243  INFO [TThreadPoolServer WorkerProcess-%d] HiveMetaStore.audit: ugi=alex	ip=127.0.0.1	cmd=source:127.0.0.1 drop_database: @hive#myDb	
2024-04-24T12:21:31,247  INFO [TThreadPoolServer WorkerProcess-%d] HiveMetaStore.audit: ugi=alex	ip=127.0.0.1	cmd=source:127.0.0.1 get_all_tables: db=@hive#myDb	
2024-04-24T12:21:31,248  INFO [TThreadPoolServer WorkerProcess-%d] HiveMetaStore.audit: ugi=alex	ip=127.0.0.1	cmd=source:127.0.0.1 get_functions: db=@hive#myDb pat=*	
2024-04-24T12:21:31,250  INFO [TThreadPoolServer WorkerProcess-%d] HiveMetaStore.audit: ugi=alex	ip=127.0.0.1	cmd=source:127.0.0.1 get_all_stored_procedures	
2024-04-24T12:21:31,251  INFO [TThreadPoolServer WorkerProcess-%d] HiveMetaStore.audit: ugi=alex	ip=127.0.0.1	cmd=source:127.0.0.1 get_all_packages	
2024-04-24T12:21:31,253  INFO [TThreadPoolServer WorkerProcess-%d] HiveMetaStore.audit: ugi=alex	ip=127.0.0.1	cmd=source:127.0.0.1 getTablesByTypeCore: catName=hive: db=myDb pat=.*,type=MATERIALIZED_VIEW	
2024-04-24T12:21:31,256  INFO [TThreadPoolServer WorkerProcess-%d] metastore.ObjectStore: Dropping database hive.myDb along with all tables
2024-04-24T12:21:31,261 ERROR [TThreadPoolServer WorkerProcess-%d] metastore.RetryingHMSHandler: Retrying HMSHandler after 2000 ms (attempt 10 of 10) with error: javax.jdo.JDODataStoreException: Exception thrown flushing changes to datastore
	at org.datanucleus.api.jdo.NucleusJDOHelper.getJDOExceptionForNucleusException(NucleusJDOHelper.java:542)
	at org.datanucleus.api.jdo.JDOPersistenceManager.flush(JDOPersistenceManager.java:2081)
	at org.apache.hadoop.hive.metastore.ObjectStore.addNotificationEvent(ObjectStore.java:11639)
	at sun.reflect.NativeMethodAccessorImpl.invoke0(Native Method)
	at sun.reflect.NativeMethodAccessorImpl.invoke(NativeMethodAccessorImpl.java:62)
	at sun.reflect.DelegatingMethodAccessorImpl.invoke(DelegatingMethodAccessorImpl.java:43)
	at java.lang.reflect.Method.invoke(Method.java:498)
	at org.apache.hadoop.hive.metastore.RawStoreProxy.invoke(RawStoreProxy.java:97)
	at com.sun.proxy.$Proxy32.addNotificationEvent(Unknown Source)
	at org.apache.hive.hcatalog.listener.DbNotificationListener.process(DbNotificationListener.java:1403)
	at org.apache.hive.hcatalog.listener.DbNotificationListener.onDropDatabase(DbNotificationListener.java:513)
	at org.apache.hadoop.hive.metastore.MetaStoreListenerNotifier$26.notify(MetaStoreListenerNotifier.java:99)
	at org.apache.hadoop.hive.metastore.MetaStoreListenerNotifier.notifyEvent(MetaStoreListenerNotifier.java:339)
	at org.apache.hadoop.hive.metastore.HMSHandler.drop_database_core(HMSHandler.java:1785)
	at org.apache.hadoop.hive.metastore.HMSHandler.drop_database(HMSHandler.java:1869)
	at sun.reflect.NativeMethodAccessorImpl.invoke0(Native Method)
	at sun.reflect.NativeMethodAccessorImpl.invoke(NativeMethodAccessorImpl.java:62)
	at sun.reflect.DelegatingMethodAccessorImpl.invoke(DelegatingMethodAccessorImpl.java:43)
	at java.lang.reflect.Method.invoke(Method.java:498)
	at org.apache.hadoop.hive.metastore.RetryingHMSHandler.invokeInternal(RetryingHMSHandler.java:147)
	at org.apache.hadoop.hive.metastore.RetryingHMSHandler.invoke(RetryingHMSHandler.java:108)
	at com.sun.proxy.$Proxy34.drop_database(Unknown Source)
	at org.apache.hadoop.hive.metastore.api.ThriftHiveMetastore$Processor$drop_database.getResult(ThriftHiveMetastore.java:18285)
	at org.apache.hadoop.hive.metastore.api.ThriftHiveMetastore$Processor$drop_database.getResult(ThriftHiveMetastore.java:18264)
	at org.apache.thrift.ProcessFunction.process(ProcessFunction.java:38)
	at org.apache.hadoop.hive.metastore.TUGIBasedProcessor$1.run(TUGIBasedProcessor.java:111)
	at org.apache.hadoop.hive.metastore.TUGIBasedProcessor$1.run(TUGIBasedProcessor.java:107)
	at java.security.AccessController.doPrivileged(Native Method)
	at javax.security.auth.Subject.doAs(Subject.java:422)
	at org.apache.hadoop.security.UserGroupInformation.doAs(UserGroupInformation.java:1682)
	at org.apache.hadoop.hive.metastore.TUGIBasedProcessor.process(TUGIBasedProcessor.java:119)
	at org.apache.thrift.server.TThreadPoolServer$WorkerProcess.run(TThreadPoolServer.java:248)
	at java.util.concurrent.ThreadPoolExecutor.runWorker(ThreadPoolExecutor.java:1149)
	at java.util.concurrent.ThreadPoolExecutor$Worker.run(ThreadPoolExecutor.java:624)
	at java.lang.Thread.run(Thread.java:750)
NestedThrowablesStackTrace:
java.sql.BatchUpdateException: DELETE on table 'DBS' caused a violation of foreign key constraint 'TBLS_FK1' for key (2).  The statement has been rolled back.
	at org.apache.derby.impl.jdbc.EmbedStatement.executeLargeBatch(Unknown Source)
	at org.apache.derby.impl.jdbc.EmbedStatement.executeBatch(Unknown Source)
	at com.zaxxer.hikari.pool.ProxyStatement.executeBatch(ProxyStatement.java:128)
	at com.zaxxer.hikari.pool.HikariProxyPreparedStatement.executeBatch(HikariProxyPreparedStatement.java)
	at org.datanucleus.store.rdbms.ParamLoggingPreparedStatement.executeBatch(ParamLoggingPreparedStatement.java:366)
	at org.datanucleus.store.rdbms.SQLController.processConnectionStatement(SQLController.java:675)
	at org.datanucleus.store.rdbms.SQLController.processStatementsForConnection(SQLController.java:643)
	at org.datanucleus.store.rdbms.SQLController$1.transactionFlushed(SQLController.java:729)
	at org.datanucleus.store.connection.AbstractManagedConnection.transactionFlushed(AbstractManagedConnection.java:95)
	at org.datanucleus.store.connection.ConnectionManagerImpl$2.transactionFlushed(ConnectionManagerImpl.java:528)
	at org.datanucleus.TransactionImpl.flush(TransactionImpl.java:222)
	at org.datanucleus.ExecutionContextImpl.flushInternal(ExecutionContextImpl.java:4068)
	at org.datanucleus.ExecutionContextThreadedImpl.flushInternal(ExecutionContextThreadedImpl.java:448)
	at org.datanucleus.ExecutionContextImpl.flush(ExecutionContextImpl.java:4009)
	at org.datanucleus.ExecutionContextThreadedImpl.flush(ExecutionContextThreadedImpl.java:434)
	at org.datanucleus.api.jdo.JDOPersistenceManager.flush(JDOPersistenceManager.java:2064)
	at org.apache.hadoop.hive.metastore.ObjectStore.addNotificationEvent(ObjectStore.java:11639)
	at sun.reflect.NativeMethodAccessorImpl.invoke0(Native Method)
	at sun.reflect.NativeMethodAccessorImpl.invoke(NativeMethodAccessorImpl.java:62)
	at sun.reflect.DelegatingMethodAccessorImpl.invoke(DelegatingMethodAccessorImpl.java:43)
	at java.lang.reflect.Method.invoke(Method.java:498)
	at org.apache.hadoop.hive.metastore.RawStoreProxy.invoke(RawStoreProxy.java:97)
	at com.sun.proxy.$Proxy32.addNotificationEvent(Unknown Source)
	at org.apache.hive.hcatalog.listener.DbNotificationListener.process(DbNotificationListener.java:1403)
	at org.apache.hive.hcatalog.listener.DbNotificationListener.onDropDatabase(DbNotificationListener.java:513)
	at org.apache.hadoop.hive.metastore.MetaStoreListenerNotifier$26.notify(MetaStoreListenerNotifier.java:99)
	at org.apache.hadoop.hive.metastore.MetaStoreListenerNotifier.notifyEvent(MetaStoreListenerNotifier.java:339)
	at org.apache.hadoop.hive.metastore.HMSHandler.drop_database_core(HMSHandler.java:1785)
	at org.apache.hadoop.hive.metastore.HMSHandler.drop_database(HMSHandler.java:1869)
	at sun.reflect.NativeMethodAccessorImpl.invoke0(Native Method)
	at sun.reflect.NativeMethodAccessorImpl.invoke(NativeMethodAccessorImpl.java:62)
	at sun.reflect.DelegatingMethodAccessorImpl.invoke(DelegatingMethodAccessorImpl.java:43)
	at java.lang.reflect.Method.invoke(Method.java:498)
	at org.apache.hadoop.hive.metastore.RetryingHMSHandler.invokeInternal(RetryingHMSHandler.java:147)
	at org.apache.hadoop.hive.metastore.RetryingHMSHandler.invoke(RetryingHMSHandler.java:108)
	at com.sun.proxy.$Proxy34.drop_database(Unknown Source)
	at org.apache.hadoop.hive.metastore.api.ThriftHiveMetastore$Processor$drop_database.getResult(ThriftHiveMetastore.java:18285)
	at org.apache.hadoop.hive.metastore.api.ThriftHiveMetastore$Processor$drop_database.getResult(ThriftHiveMetastore.java:18264)
	at org.apache.thrift.ProcessFunction.process(ProcessFunction.java:38)
	at org.apache.hadoop.hive.metastore.TUGIBasedProcessor$1.run(TUGIBasedProcessor.java:111)
	at org.apache.hadoop.hive.metastore.TUGIBasedProcessor$1.run(TUGIBasedProcessor.java:107)
	at java.security.AccessController.doPrivileged(Native Method)
	at javax.security.auth.Subject.doAs(Subject.java:422)
	at org.apache.hadoop.security.UserGroupInformation.doAs(UserGroupInformation.java:1682)
	at org.apache.hadoop.hive.metastore.TUGIBasedProcessor.process(TUGIBasedProcessor.java:119)
	at org.apache.thrift.server.TThreadPoolServer$WorkerProcess.run(TThreadPoolServer.java:248)
	at java.util.concurrent.ThreadPoolExecutor.runWorker(ThreadPoolExecutor.java:1149)
	at java.util.concurrent.ThreadPoolExecutor$Worker.run(ThreadPoolExecutor.java:624)
	at java.lang.Thread.run(Thread.java:750)
Caused by: org.apache.derby.shared.common.error.DerbySQLIntegrityConstraintViolationException: DELETE on table 'DBS' caused a violation of foreign key constraint 'TBLS_FK1' for key (2).  The statement has been rolled back.
	at org.apache.derby.impl.jdbc.SQLExceptionFactory.getSQLException(Unknown Source)
	at org.apache.derby.impl.jdbc.Util.generateCsSQLException(Unknown Source)
	at org.apache.derby.impl.jdbc.TransactionResourceImpl.wrapInSQLException(Unknown Source)
	at org.apache.derby.impl.jdbc.TransactionResourceImpl.handleException(Unknown Source)
	at org.apache.derby.impl.jdbc.EmbedConnection.handleException(Unknown Source)
	at org.apache.derby.impl.jdbc.ConnectionChild.handleException(Unknown Source)
	at org.apache.derby.impl.jdbc.EmbedStatement.executeStatement(Unknown Source)
	at org.apache.derby.impl.jdbc.EmbedPreparedStatement.executeBatchElement(Unknown Source)
	... 49 more
Caused by: ERROR 23503: DELETE on table 'DBS' caused a violation of foreign key constraint 'TBLS_FK1' for key (2).  The statement has been rolled back.
	at org.apache.derby.iapi.error.StandardException.newException(Unknown Source)
	at org.apache.derby.iapi.error.StandardException.newException(Unknown Source)
	at org.apache.derby.impl.sql.execute.ReferencedKeyRIChecker.doCheck(Unknown Source)
	at org.apache.derby.impl.sql.execute.RISetChecker.doPKCheck(Unknown Source)
	at org.apache.derby.impl.sql.execute.DeleteResultSet.collectAffectedRows(Unknown Source)
	at org.apache.derby.impl.sql.execute.DeleteResultSet.open(Unknown Source)
	at org.apache.derby.impl.sql.GenericPreparedStatement.executeStmt(Unknown Source)
	at org.apache.derby.impl.sql.GenericPreparedStatement.execute(Unknown Source)
	... 51 more

2024-04-24T12:21:33,262  INFO [TThreadPoolServer WorkerProcess-%d] HiveMetaStore.audit: ugi=alex	ip=127.0.0.1	cmd=source:127.0.0.1 drop_database: @hive#myDb	
2024-04-24T12:21:33,267  INFO [TThreadPoolServer WorkerProcess-%d] HiveMetaStore.audit: ugi=alex	ip=127.0.0.1	cmd=source:127.0.0.1 get_all_tables: db=@hive#myDb	
2024-04-24T12:21:33,270  INFO [TThreadPoolServer WorkerProcess-%d] HiveMetaStore.audit: ugi=alex	ip=127.0.0.1	cmd=source:127.0.0.1 get_functions: db=@hive#myDb pat=*	
2024-04-24T12:21:33,272  INFO [TThreadPoolServer WorkerProcess-%d] HiveMetaStore.audit: ugi=alex	ip=127.0.0.1	cmd=source:127.0.0.1 get_all_stored_procedures	
2024-04-24T12:21:33,273  INFO [TThreadPoolServer WorkerProcess-%d] HiveMetaStore.audit: ugi=alex	ip=127.0.0.1	cmd=source:127.0.0.1 get_all_packages	
2024-04-24T12:21:33,274  INFO [TThreadPoolServer WorkerProcess-%d] HiveMetaStore.audit: ugi=alex	ip=127.0.0.1	cmd=source:127.0.0.1 getTablesByTypeCore: catName=hive: db=myDb pat=.*,type=MATERIALIZED_VIEW	
2024-04-24T12:21:33,277  INFO [TThreadPoolServer WorkerProcess-%d] metastore.ObjectStore: Dropping database hive.myDb along with all tables
2024-04-24T12:21:33,282 ERROR [TThreadPoolServer WorkerProcess-%d] metastore.RetryingHMSHandler: HMSHandler Fatal error: javax.jdo.JDODataStoreException: Exception thrown flushing changes to datastore
	at org.datanucleus.api.jdo.NucleusJDOHelper.getJDOExceptionForNucleusException(NucleusJDOHelper.java:542)
	at org.datanucleus.api.jdo.JDOPersistenceManager.flush(JDOPersistenceManager.java:2081)
	at org.apache.hadoop.hive.metastore.ObjectStore.addNotificationEvent(ObjectStore.java:11639)
	at sun.reflect.GeneratedMethodAccessor68.invoke(Unknown Source)
	at sun.reflect.DelegatingMethodAccessorImpl.invoke(DelegatingMethodAccessorImpl.java:43)
	at java.lang.reflect.Method.invoke(Method.java:498)
	at org.apache.hadoop.hive.metastore.RawStoreProxy.invoke(RawStoreProxy.java:97)
	at com.sun.proxy.$Proxy32.addNotificationEvent(Unknown Source)
	at org.apache.hive.hcatalog.listener.DbNotificationListener.process(DbNotificationListener.java:1403)
	at org.apache.hive.hcatalog.listener.DbNotificationListener.onDropDatabase(DbNotificationListener.java:513)
	at org.apache.hadoop.hive.metastore.MetaStoreListenerNotifier$26.notify(MetaStoreListenerNotifier.java:99)
	at org.apache.hadoop.hive.metastore.MetaStoreListenerNotifier.notifyEvent(MetaStoreListenerNotifier.java:339)
	at org.apache.hadoop.hive.metastore.HMSHandler.drop_database_core(HMSHandler.java:1785)
	at org.apache.hadoop.hive.metastore.HMSHandler.drop_database(HMSHandler.java:1869)
	at sun.reflect.NativeMethodAccessorImpl.invoke0(Native Method)
	at sun.reflect.NativeMethodAccessorImpl.invoke(NativeMethodAccessorImpl.java:62)
	at sun.reflect.DelegatingMethodAccessorImpl.invoke(DelegatingMethodAccessorImpl.java:43)
	at java.lang.reflect.Method.invoke(Method.java:498)
	at org.apache.hadoop.hive.metastore.RetryingHMSHandler.invokeInternal(RetryingHMSHandler.java:147)
	at org.apache.hadoop.hive.metastore.RetryingHMSHandler.invoke(RetryingHMSHandler.java:108)
	at com.sun.proxy.$Proxy34.drop_database(Unknown Source)
	at org.apache.hadoop.hive.metastore.api.ThriftHiveMetastore$Processor$drop_database.getResult(ThriftHiveMetastore.java:18285)
	at org.apache.hadoop.hive.metastore.api.ThriftHiveMetastore$Processor$drop_database.getResult(ThriftHiveMetastore.java:18264)
	at org.apache.thrift.ProcessFunction.process(ProcessFunction.java:38)
	at org.apache.hadoop.hive.metastore.TUGIBasedProcessor$1.run(TUGIBasedProcessor.java:111)
	at org.apache.hadoop.hive.metastore.TUGIBasedProcessor$1.run(TUGIBasedProcessor.java:107)
	at java.security.AccessController.doPrivileged(Native Method)
	at javax.security.auth.Subject.doAs(Subject.java:422)
	at org.apache.hadoop.security.UserGroupInformation.doAs(UserGroupInformation.java:1682)
	at org.apache.hadoop.hive.metastore.TUGIBasedProcessor.process(TUGIBasedProcessor.java:119)
	at org.apache.thrift.server.TThreadPoolServer$WorkerProcess.run(TThreadPoolServer.java:248)
	at java.util.concurrent.ThreadPoolExecutor.runWorker(ThreadPoolExecutor.java:1149)
	at java.util.concurrent.ThreadPoolExecutor$Worker.run(ThreadPoolExecutor.java:624)
	at java.lang.Thread.run(Thread.java:750)
NestedThrowablesStackTrace:
java.sql.BatchUpdateException: DELETE on table 'DBS' caused a violation of foreign key constraint 'TBLS_FK1' for key (2).  The statement has been rolled back.
	at org.apache.derby.impl.jdbc.EmbedStatement.executeLargeBatch(Unknown Source)
	at org.apache.derby.impl.jdbc.EmbedStatement.executeBatch(Unknown Source)
	at com.zaxxer.hikari.pool.ProxyStatement.executeBatch(ProxyStatement.java:128)
	at com.zaxxer.hikari.pool.HikariProxyPreparedStatement.executeBatch(HikariProxyPreparedStatement.java)
	at org.datanucleus.store.rdbms.ParamLoggingPreparedStatement.executeBatch(ParamLoggingPreparedStatement.java:366)
	at org.datanucleus.store.rdbms.SQLController.processConnectionStatement(SQLController.java:675)
	at org.datanucleus.store.rdbms.SQLController.processStatementsForConnection(SQLController.java:643)
	at org.datanucleus.store.rdbms.SQLController$1.transactionFlushed(SQLController.java:729)
	at org.datanucleus.store.connection.AbstractManagedConnection.transactionFlushed(AbstractManagedConnection.java:95)
	at org.datanucleus.store.connection.ConnectionManagerImpl$2.transactionFlushed(ConnectionManagerImpl.java:528)
	at org.datanucleus.TransactionImpl.flush(TransactionImpl.java:222)
	at org.datanucleus.ExecutionContextImpl.flushInternal(ExecutionContextImpl.java:4068)
	at org.datanucleus.ExecutionContextThreadedImpl.flushInternal(ExecutionContextThreadedImpl.java:448)
	at org.datanucleus.ExecutionContextImpl.flush(ExecutionContextImpl.java:4009)
	at org.datanucleus.ExecutionContextThreadedImpl.flush(ExecutionContextThreadedImpl.java:434)
	at org.datanucleus.api.jdo.JDOPersistenceManager.flush(JDOPersistenceManager.java:2064)
	at org.apache.hadoop.hive.metastore.ObjectStore.addNotificationEvent(ObjectStore.java:11639)
	at sun.reflect.GeneratedMethodAccessor68.invoke(Unknown Source)
	at sun.reflect.DelegatingMethodAccessorImpl.invoke(DelegatingMethodAccessorImpl.java:43)
	at java.lang.reflect.Method.invoke(Method.java:498)
	at org.apache.hadoop.hive.metastore.RawStoreProxy.invoke(RawStoreProxy.java:97)
	at com.sun.proxy.$Proxy32.addNotificationEvent(Unknown Source)
	at org.apache.hive.hcatalog.listener.DbNotificationListener.process(DbNotificationListener.java:1403)
	at org.apache.hive.hcatalog.listener.DbNotificationListener.onDropDatabase(DbNotificationListener.java:513)
	at org.apache.hadoop.hive.metastore.MetaStoreListenerNotifier$26.notify(MetaStoreListenerNotifier.java:99)
	at org.apache.hadoop.hive.metastore.MetaStoreListenerNotifier.notifyEvent(MetaStoreListenerNotifier.java:339)
	at org.apache.hadoop.hive.metastore.HMSHandler.drop_database_core(HMSHandler.java:1785)
	at org.apache.hadoop.hive.metastore.HMSHandler.drop_database(HMSHandler.java:1869)
	at sun.reflect.NativeMethodAccessorImpl.invoke0(Native Method)
	at sun.reflect.NativeMethodAccessorImpl.invoke(NativeMethodAccessorImpl.java:62)
	at sun.reflect.DelegatingMethodAccessorImpl.invoke(DelegatingMethodAccessorImpl.java:43)
	at java.lang.reflect.Method.invoke(Method.java:498)
	at org.apache.hadoop.hive.metastore.RetryingHMSHandler.invokeInternal(RetryingHMSHandler.java:147)
	at org.apache.hadoop.hive.metastore.RetryingHMSHandler.invoke(RetryingHMSHandler.java:108)
	at com.sun.proxy.$Proxy34.drop_database(Unknown Source)
	at org.apache.hadoop.hive.metastore.api.ThriftHiveMetastore$Processor$drop_database.getResult(ThriftHiveMetastore.java:18285)
	at org.apache.hadoop.hive.metastore.api.ThriftHiveMetastore$Processor$drop_database.getResult(ThriftHiveMetastore.java:18264)
	at org.apache.thrift.ProcessFunction.process(ProcessFunction.java:38)
	at org.apache.hadoop.hive.metastore.TUGIBasedProcessor$1.run(TUGIBasedProcessor.java:111)
	at org.apache.hadoop.hive.metastore.TUGIBasedProcessor$1.run(TUGIBasedProcessor.java:107)
	at java.security.AccessController.doPrivileged(Native Method)
	at javax.security.auth.Subject.doAs(Subject.java:422)
	at org.apache.hadoop.security.UserGroupInformation.doAs(UserGroupInformation.java:1682)
	at org.apache.hadoop.hive.metastore.TUGIBasedProcessor.process(TUGIBasedProcessor.java:119)
	at org.apache.thrift.server.TThreadPoolServer$WorkerProcess.run(TThreadPoolServer.java:248)
	at java.util.concurrent.ThreadPoolExecutor.runWorker(ThreadPoolExecutor.java:1149)
	at java.util.concurrent.ThreadPoolExecutor$Worker.run(ThreadPoolExecutor.java:624)
	at java.lang.Thread.run(Thread.java:750)
Caused by: org.apache.derby.shared.common.error.DerbySQLIntegrityConstraintViolationException: DELETE on table 'DBS' caused a violation of foreign key constraint 'TBLS_FK1' for key (2).  The statement has been rolled back.
	at org.apache.derby.impl.jdbc.SQLExceptionFactory.getSQLException(Unknown Source)
	at org.apache.derby.impl.jdbc.Util.generateCsSQLException(Unknown Source)
	at org.apache.derby.impl.jdbc.TransactionResourceImpl.wrapInSQLException(Unknown Source)
	at org.apache.derby.impl.jdbc.TransactionResourceImpl.handleException(Unknown Source)
	at org.apache.derby.impl.jdbc.EmbedConnection.handleException(Unknown Source)
	at org.apache.derby.impl.jdbc.ConnectionChild.handleException(Unknown Source)
	at org.apache.derby.impl.jdbc.EmbedStatement.executeStatement(Unknown Source)
	at org.apache.derby.impl.jdbc.EmbedPreparedStatement.executeBatchElement(Unknown Source)
	... 48 more
Caused by: ERROR 23503: DELETE on table 'DBS' caused a violation of foreign key constraint 'TBLS_FK1' for key (2).  The statement has been rolled back.
	at org.apache.derby.iapi.error.StandardException.newException(Unknown Source)
	at org.apache.derby.iapi.error.StandardException.newException(Unknown Source)
	at org.apache.derby.impl.sql.execute.ReferencedKeyRIChecker.doCheck(Unknown Source)
	at org.apache.derby.impl.sql.execute.RISetChecker.doPKCheck(Unknown Source)
	at org.apache.derby.impl.sql.execute.DeleteResultSet.collectAffectedRows(Unknown Source)
	at org.apache.derby.impl.sql.execute.DeleteResultSet.open(Unknown Source)
	at org.apache.derby.impl.sql.GenericPreparedStatement.executeStmt(Unknown Source)
	at org.apache.derby.impl.sql.GenericPreparedStatement.execute(Unknown Source)
	... 50 more

2024-04-24T12:21:33,289  WARN [main] metastore.RetryingMetaStoreClient: MetaStoreClient lost connection. Attempting to reconnect (1 of 1) after 1s. dropDatabase
org.apache.hadoop.hive.metastore.api.MetaException: javax.jdo.JDODataStoreException: Exception thrown flushing changes to datastore
NestedThrowables:
java.sql.BatchUpdateException: DELETE on table 'DBS' caused a violation of foreign key constraint 'TBLS_FK1' for key (2).  The statement has been rolled back.
	at org.apache.hadoop.hive.metastore.api.ThriftHiveMetastore$drop_database_result$drop_database_resultStandardScheme.read(ThriftHiveMetastore.java:54495) ~[classes/:?]
	at org.apache.hadoop.hive.metastore.api.ThriftHiveMetastore$drop_database_result$drop_database_resultStandardScheme.read(ThriftHiveMetastore.java:54463) ~[classes/:?]
	at org.apache.hadoop.hive.metastore.api.ThriftHiveMetastore$drop_database_result.read(ThriftHiveMetastore.java:54397) ~[classes/:?]
	at org.apache.thrift.TServiceClient.receiveBase(TServiceClient.java:88) ~[libthrift-0.14.1.jar:0.14.1]
	at org.apache.hadoop.hive.metastore.api.ThriftHiveMetastore$Client.recv_drop_database(ThriftHiveMetastore.java:1404) ~[classes/:?]
	at org.apache.hadoop.hive.metastore.api.ThriftHiveMetastore$Client.drop_database(ThriftHiveMetastore.java:1389) ~[classes/:?]
	at org.apache.hadoop.hive.metastore.HiveMetaStoreClient.dropDatabaseCascadePerDb(HiveMetaStoreClient.java:1601) ~[classes/:?]
	at org.apache.hadoop.hive.metastore.HiveMetaStoreClient.dropDatabase(HiveMetaStoreClient.java:1532) ~[classes/:?]
	at org.apache.hadoop.hive.metastore.HiveMetaStoreClient.dropDatabase(HiveMetaStoreClient.java:1485) ~[classes/:?]
	at sun.reflect.NativeMethodAccessorImpl.invoke0(Native Method) ~[?:1.8.0_402]
	at sun.reflect.NativeMethodAccessorImpl.invoke(NativeMethodAccessorImpl.java:62) ~[?:1.8.0_402]
	at sun.reflect.DelegatingMethodAccessorImpl.invoke(DelegatingMethodAccessorImpl.java:43) ~[?:1.8.0_402]
	at java.lang.reflect.Method.invoke(Method.java:498) ~[?:1.8.0_402]
	at org.apache.hadoop.hive.metastore.RetryingMetaStoreClient.invoke(RetryingMetaStoreClient.java:214) [classes/:?]
	at com.sun.proxy.$Proxy35.dropDatabase(Unknown Source) [?:?]
	at org.apache.hive.hcatalog.api.HCatClientHMSImpl.dropDatabase(HCatClientHMSImpl.java:154) [classes/:?]
	at org.apache.hive.hcatalog.api.TestHCatClient.testGetPartitionsWithPartialSpec(TestHCatClient.java:742) [test-classes/:?]
	at sun.reflect.NativeMethodAccessorImpl.invoke0(Native Method) ~[?:1.8.0_402]
	at sun.reflect.NativeMethodAccessorImpl.invoke(NativeMethodAccessorImpl.java:62) ~[?:1.8.0_402]
	at sun.reflect.DelegatingMethodAccessorImpl.invoke(DelegatingMethodAccessorImpl.java:43) ~[?:1.8.0_402]
	at java.lang.reflect.Method.invoke(Method.java:498) ~[?:1.8.0_402]
	at org.junit.runners.model.FrameworkMethod$1.runReflectiveCall(FrameworkMethod.java:59) [junit-4.13.jar:4.13]
	at org.junit.internal.runners.model.ReflectiveCallable.run(ReflectiveCallable.java:12) [junit-4.13.jar:4.13]
	at org.junit.runners.model.FrameworkMethod.invokeExplosively(FrameworkMethod.java:56) [junit-4.13.jar:4.13]
	at org.junit.internal.runners.statements.InvokeMethod.evaluate(InvokeMethod.java:17) [junit-4.13.jar:4.13]
	at org.junit.runners.ParentRunner$3.evaluate(ParentRunner.java:306) [junit-4.13.jar:4.13]
	at org.junit.runners.BlockJUnit4ClassRunner$1.evaluate(BlockJUnit4ClassRunner.java:100) [junit-4.13.jar:4.13]
	at org.junit.runners.ParentRunner.runLeaf(ParentRunner.java:366) [junit-4.13.jar:4.13]
	at org.junit.runners.BlockJUnit4ClassRunner.runChild(BlockJUnit4ClassRunner.java:103) [junit-4.13.jar:4.13]
	at org.junit.runners.BlockJUnit4ClassRunner.runChild(BlockJUnit4ClassRunner.java:63) [junit-4.13.jar:4.13]
	at org.junit.runners.ParentRunner$4.run(ParentRunner.java:331) [junit-4.13.jar:4.13]
	at org.junit.runners.ParentRunner$1.schedule(ParentRunner.java:79) [junit-4.13.jar:4.13]
	at org.junit.runners.ParentRunner.runChildren(ParentRunner.java:329) [junit-4.13.jar:4.13]
	at org.junit.runners.ParentRunner.access$100(ParentRunner.java:66) [junit-4.13.jar:4.13]
	at org.junit.runners.ParentRunner$2.evaluate(ParentRunner.java:293) [junit-4.13.jar:4.13]
	at org.junit.internal.runners.statements.RunBefores.evaluate(RunBefores.java:26) [junit-4.13.jar:4.13]
	at org.junit.internal.runners.statements.RunAfters.evaluate(RunAfters.java:27) [junit-4.13.jar:4.13]
	at org.junit.runners.ParentRunner$3.evaluate(ParentRunner.java:306) [junit-4.13.jar:4.13]
	at org.junit.runners.ParentRunner.run(ParentRunner.java:413) [junit-4.13.jar:4.13]
	at org.junit.runners.Suite.runChild(Suite.java:128) [junit-4.13.jar:4.13]
	at org.junit.runners.Suite.runChild(Suite.java:27) [junit-4.13.jar:4.13]
	at org.junit.runners.ParentRunner$4.run(ParentRunner.java:331) [junit-4.13.jar:4.13]
	at org.junit.runners.ParentRunner$1.schedule(ParentRunner.java:79) [junit-4.13.jar:4.13]
	at org.junit.runners.ParentRunner.runChildren(ParentRunner.java:329) [junit-4.13.jar:4.13]
	at org.junit.runners.ParentRunner.access$100(ParentRunner.java:66) [junit-4.13.jar:4.13]
	at org.junit.runners.ParentRunner$2.evaluate(ParentRunner.java:293) [junit-4.13.jar:4.13]
	at org.junit.runners.ParentRunner$3.evaluate(ParentRunner.java:306) [junit-4.13.jar:4.13]
	at org.junit.runners.ParentRunner.run(ParentRunner.java:413) [junit-4.13.jar:4.13]
	at org.apache.maven.surefire.junitcore.JUnitCore.run(JUnitCore.java:55) [surefire-junit47-3.0.0-M4.jar:3.0.0-M4]
	at org.apache.maven.surefire.junitcore.JUnitCoreWrapper.createRequestAndRun(JUnitCoreWrapper.java:137) [surefire-junit47-3.0.0-M4.jar:3.0.0-M4]
	at org.apache.maven.surefire.junitcore.JUnitCoreWrapper.executeEager(JUnitCoreWrapper.java:107) [surefire-junit47-3.0.0-M4.jar:3.0.0-M4]
	at org.apache.maven.surefire.junitcore.JUnitCoreWrapper.execute(JUnitCoreWrapper.java:83) [surefire-junit47-3.0.0-M4.jar:3.0.0-M4]
	at org.apache.maven.surefire.junitcore.JUnitCoreWrapper.execute(JUnitCoreWrapper.java:75) [surefire-junit47-3.0.0-M4.jar:3.0.0-M4]
	at org.apache.maven.surefire.junitcore.JUnitCoreProvider.invoke(JUnitCoreProvider.java:158) [surefire-junit47-3.0.0-M4.jar:3.0.0-M4]
	at org.apache.maven.surefire.booter.ForkedBooter.runSuitesInProcess(ForkedBooter.java:377) [surefire-booter-3.0.0-M4.jar:3.0.0-M4]
	at org.apache.maven.surefire.booter.ForkedBooter.execute(ForkedBooter.java:138) [surefire-booter-3.0.0-M4.jar:3.0.0-M4]
	at org.apache.maven.surefire.booter.ForkedBooter.run(ForkedBooter.java:465) [surefire-booter-3.0.0-M4.jar:3.0.0-M4]
	at org.apache.maven.surefire.booter.ForkedBooter.main(ForkedBooter.java:451) [surefire-booter-3.0.0-M4.jar:3.0.0-M4]
2024-04-24T12:21:34,290  INFO [main] metastore.RetryingMetaStoreClient: RetryingMetaStoreClient trying reconnect as alex (auth:SIMPLE)
2024-04-24T12:21:34,296  INFO [main] metastore.HiveMetaStoreClient: Trying to connect to metastore with URI (thrift://localhost:44585)
2024-04-24T12:21:34,297  INFO [main] metastore.HiveMetaStoreClient: Opened a connection to metastore, URI (thrift://localhost:44585) current connections: 2
2024-04-24T12:21:34,299  INFO [TThreadPoolServer WorkerProcess-%d] HiveMetaStore.audit: ugi=alex	ip=127.0.0.1	cmd=source:127.0.0.1 get_database: myDb	
2024-04-24T12:21:34,300  INFO [TThreadPoolServer WorkerProcess-%d] metastore.HMSHandler: 3: Opening raw store with implementation class:org.apache.hadoop.hive.metastore.ObjectStore
2024-04-24T12:21:34,301  INFO [TThreadPoolServer WorkerProcess-%d] metastore.ObjectStore: RawStore: org.apache.hadoop.hive.metastore.ObjectStore@754234c7, with PersistenceManager: null will be shutdown
2024-04-24T12:21:34,301  INFO [TThreadPoolServer WorkerProcess-%d] metastore.ObjectStore: RawStore: org.apache.hadoop.hive.metastore.ObjectStore@754234c7, with PersistenceManager: org.datanucleus.api.jdo.JDOPersistenceManager@93833bb created in the thread with id: 55
2024-04-24T12:21:34,343  INFO [TThreadPoolServer WorkerProcess-%d] metastore.HMSHandler: Created RawStore: org.apache.hadoop.hive.metastore.ObjectStore@754234c7 from thread id: 55
2024-04-24T12:21:34,346  INFO [TThreadPoolServer WorkerProcess-%d] HiveMetaStore.audit: ugi=alex	ip=127.0.0.1	cmd=source:127.0.0.1 get_tables_by_type: db=@hive#myDb pat=.*,type=MATERIALIZED_VIEW	
2024-04-24T12:21:34,346  INFO [TThreadPoolServer WorkerProcess-%d] HiveMetaStore.audit: ugi=alex	ip=127.0.0.1	cmd=source:127.0.0.1 getTablesByTypeCore: catName=hive: db=myDb pat=.*,type=MATERIALIZED_VIEW	
2024-04-24T12:21:34,349  INFO [TThreadPoolServer WorkerProcess-%d] HiveMetaStore.audit: ugi=alex	ip=127.0.0.1	cmd=source:127.0.0.1 get_all_tables: db=@hive#myDb	
2024-04-24T12:21:34,352  INFO [TThreadPoolServer WorkerProcess-%d] HiveMetaStore.audit: ugi=alex	ip=127.0.0.1	cmd=source:127.0.0.1 get_multi_table : db=myDb tbls=mytable	
2024-04-24T12:21:34,354  INFO [TThreadPoolServer WorkerProcess-%d] HiveMetaStore.audit: ugi=alex	ip=127.0.0.1	cmd=source:127.0.0.1 drop_database: @hive#myDb	
2024-04-24T12:21:34,355  INFO [TThreadPoolServer WorkerProcess-%d] HiveMetaStore.audit: ugi=alex	ip=127.0.0.1	cmd=source:127.0.0.1 get_all_tables: db=@hive#myDb	
2024-04-24T12:21:34,356  INFO [TThreadPoolServer WorkerProcess-%d] HiveMetaStore.audit: ugi=alex	ip=127.0.0.1	cmd=source:127.0.0.1 get_functions: db=@hive#myDb pat=*	
2024-04-24T12:21:34,358  INFO [TThreadPoolServer WorkerProcess-%d] HiveMetaStore.audit: ugi=alex	ip=127.0.0.1	cmd=source:127.0.0.1 get_all_stored_procedures	
2024-04-24T12:21:34,359  INFO [TThreadPoolServer WorkerProcess-%d] HiveMetaStore.audit: ugi=alex	ip=127.0.0.1	cmd=source:127.0.0.1 get_all_packages	
2024-04-24T12:21:34,361  INFO [TThreadPoolServer WorkerProcess-%d] HiveMetaStore.audit: ugi=alex	ip=127.0.0.1	cmd=source:127.0.0.1 getTablesByTypeCore: catName=hive: db=myDb pat=.*,type=MATERIALIZED_VIEW	
2024-04-24T12:21:34,364  INFO [TThreadPoolServer WorkerProcess-%d] metastore.ObjectStore: Dropping database hive.myDb along with all tables
2024-04-24T12:21:34,370 ERROR [TThreadPoolServer WorkerProcess-%d] metastore.RetryingHMSHandler: Retrying HMSHandler after 2000 ms (attempt 1 of 10) with error: javax.jdo.JDODataStoreException: Exception thrown flushing changes to datastore
	at org.datanucleus.api.jdo.NucleusJDOHelper.getJDOExceptionForNucleusException(NucleusJDOHelper.java:542)
	at org.datanucleus.api.jdo.JDOPersistenceManager.flush(JDOPersistenceManager.java:2081)
	at org.apache.hadoop.hive.metastore.ObjectStore.addNotificationEvent(ObjectStore.java:11639)
	at sun.reflect.GeneratedMethodAccessor68.invoke(Unknown Source)
	at sun.reflect.DelegatingMethodAccessorImpl.invoke(DelegatingMethodAccessorImpl.java:43)
	at java.lang.reflect.Method.invoke(Method.java:498)
	at org.apache.hadoop.hive.metastore.RawStoreProxy.invoke(RawStoreProxy.java:97)
	at com.sun.proxy.$Proxy32.addNotificationEvent(Unknown Source)
	at org.apache.hive.hcatalog.listener.DbNotificationListener.process(DbNotificationListener.java:1403)
	at org.apache.hive.hcatalog.listener.DbNotificationListener.onDropDatabase(DbNotificationListener.java:513)
	at org.apache.hadoop.hive.metastore.MetaStoreListenerNotifier$26.notify(MetaStoreListenerNotifier.java:99)
	at org.apache.hadoop.hive.metastore.MetaStoreListenerNotifier.notifyEvent(MetaStoreListenerNotifier.java:339)
	at org.apache.hadoop.hive.metastore.HMSHandler.drop_database_core(HMSHandler.java:1785)
	at org.apache.hadoop.hive.metastore.HMSHandler.drop_database(HMSHandler.java:1869)
	at sun.reflect.NativeMethodAccessorImpl.invoke0(Native Method)
	at sun.reflect.NativeMethodAccessorImpl.invoke(NativeMethodAccessorImpl.java:62)
	at sun.reflect.DelegatingMethodAccessorImpl.invoke(DelegatingMethodAccessorImpl.java:43)
	at java.lang.reflect.Method.invoke(Method.java:498)
	at org.apache.hadoop.hive.metastore.RetryingHMSHandler.invokeInternal(RetryingHMSHandler.java:147)
	at org.apache.hadoop.hive.metastore.RetryingHMSHandler.invoke(RetryingHMSHandler.java:108)
	at com.sun.proxy.$Proxy34.drop_database(Unknown Source)
	at org.apache.hadoop.hive.metastore.api.ThriftHiveMetastore$Processor$drop_database.getResult(ThriftHiveMetastore.java:18285)
	at org.apache.hadoop.hive.metastore.api.ThriftHiveMetastore$Processor$drop_database.getResult(ThriftHiveMetastore.java:18264)
	at org.apache.thrift.ProcessFunction.process(ProcessFunction.java:38)
	at org.apache.hadoop.hive.metastore.TUGIBasedProcessor$1.run(TUGIBasedProcessor.java:111)
	at org.apache.hadoop.hive.metastore.TUGIBasedProcessor$1.run(TUGIBasedProcessor.java:107)
	at java.security.AccessController.doPrivileged(Native Method)
	at javax.security.auth.Subject.doAs(Subject.java:422)
	at org.apache.hadoop.security.UserGroupInformation.doAs(UserGroupInformation.java:1682)
	at org.apache.hadoop.hive.metastore.TUGIBasedProcessor.process(TUGIBasedProcessor.java:119)
	at org.apache.thrift.server.TThreadPoolServer$WorkerProcess.run(TThreadPoolServer.java:248)
	at java.util.concurrent.ThreadPoolExecutor.runWorker(ThreadPoolExecutor.java:1149)
	at java.util.concurrent.ThreadPoolExecutor$Worker.run(ThreadPoolExecutor.java:624)
	at java.lang.Thread.run(Thread.java:750)
NestedThrowablesStackTrace:
java.sql.BatchUpdateException: DELETE on table 'DBS' caused a violation of foreign key constraint 'TBLS_FK1' for key (2).  The statement has been rolled back.
	at org.apache.derby.impl.jdbc.EmbedStatement.executeLargeBatch(Unknown Source)
	at org.apache.derby.impl.jdbc.EmbedStatement.executeBatch(Unknown Source)
	at com.zaxxer.hikari.pool.ProxyStatement.executeBatch(ProxyStatement.java:128)
	at com.zaxxer.hikari.pool.HikariProxyPreparedStatement.executeBatch(HikariProxyPreparedStatement.java)
	at org.datanucleus.store.rdbms.ParamLoggingPreparedStatement.executeBatch(ParamLoggingPreparedStatement.java:366)
	at org.datanucleus.store.rdbms.SQLController.processConnectionStatement(SQLController.java:675)
	at org.datanucleus.store.rdbms.SQLController.processStatementsForConnection(SQLController.java:643)
	at org.datanucleus.store.rdbms.SQLController$1.transactionFlushed(SQLController.java:729)
	at org.datanucleus.store.connection.AbstractManagedConnection.transactionFlushed(AbstractManagedConnection.java:95)
	at org.datanucleus.store.connection.ConnectionManagerImpl$2.transactionFlushed(ConnectionManagerImpl.java:528)
	at org.datanucleus.TransactionImpl.flush(TransactionImpl.java:222)
	at org.datanucleus.ExecutionContextImpl.flushInternal(ExecutionContextImpl.java:4068)
	at org.datanucleus.ExecutionContextThreadedImpl.flushInternal(ExecutionContextThreadedImpl.java:448)
	at org.datanucleus.ExecutionContextImpl.flush(ExecutionContextImpl.java:4009)
	at org.datanucleus.ExecutionContextThreadedImpl.flush(ExecutionContextThreadedImpl.java:434)
	at org.datanucleus.api.jdo.JDOPersistenceManager.flush(JDOPersistenceManager.java:2064)
	at org.apache.hadoop.hive.metastore.ObjectStore.addNotificationEvent(ObjectStore.java:11639)
	at sun.reflect.GeneratedMethodAccessor68.invoke(Unknown Source)
	at sun.reflect.DelegatingMethodAccessorImpl.invoke(DelegatingMethodAccessorImpl.java:43)
	at java.lang.reflect.Method.invoke(Method.java:498)
	at org.apache.hadoop.hive.metastore.RawStoreProxy.invoke(RawStoreProxy.java:97)
	at com.sun.proxy.$Proxy32.addNotificationEvent(Unknown Source)
	at org.apache.hive.hcatalog.listener.DbNotificationListener.process(DbNotificationListener.java:1403)
	at org.apache.hive.hcatalog.listener.DbNotificationListener.onDropDatabase(DbNotificationListener.java:513)
	at org.apache.hadoop.hive.metastore.MetaStoreListenerNotifier$26.notify(MetaStoreListenerNotifier.java:99)
	at org.apache.hadoop.hive.metastore.MetaStoreListenerNotifier.notifyEvent(MetaStoreListenerNotifier.java:339)
	at org.apache.hadoop.hive.metastore.HMSHandler.drop_database_core(HMSHandler.java:1785)
	at org.apache.hadoop.hive.metastore.HMSHandler.drop_database(HMSHandler.java:1869)
	at sun.reflect.NativeMethodAccessorImpl.invoke0(Native Method)
	at sun.reflect.NativeMethodAccessorImpl.invoke(NativeMethodAccessorImpl.java:62)
	at sun.reflect.DelegatingMethodAccessorImpl.invoke(DelegatingMethodAccessorImpl.java:43)
	at java.lang.reflect.Method.invoke(Method.java:498)
	at org.apache.hadoop.hive.metastore.RetryingHMSHandler.invokeInternal(RetryingHMSHandler.java:147)
	at org.apache.hadoop.hive.metastore.RetryingHMSHandler.invoke(RetryingHMSHandler.java:108)
	at com.sun.proxy.$Proxy34.drop_database(Unknown Source)
	at org.apache.hadoop.hive.metastore.api.ThriftHiveMetastore$Processor$drop_database.getResult(ThriftHiveMetastore.java:18285)
	at org.apache.hadoop.hive.metastore.api.ThriftHiveMetastore$Processor$drop_database.getResult(ThriftHiveMetastore.java:18264)
	at org.apache.thrift.ProcessFunction.process(ProcessFunction.java:38)
	at org.apache.hadoop.hive.metastore.TUGIBasedProcessor$1.run(TUGIBasedProcessor.java:111)
	at org.apache.hadoop.hive.metastore.TUGIBasedProcessor$1.run(TUGIBasedProcessor.java:107)
	at java.security.AccessController.doPrivileged(Native Method)
	at javax.security.auth.Subject.doAs(Subject.java:422)
	at org.apache.hadoop.security.UserGroupInformation.doAs(UserGroupInformation.java:1682)
	at org.apache.hadoop.hive.metastore.TUGIBasedProcessor.process(TUGIBasedProcessor.java:119)
	at org.apache.thrift.server.TThreadPoolServer$WorkerProcess.run(TThreadPoolServer.java:248)
	at java.util.concurrent.ThreadPoolExecutor.runWorker(ThreadPoolExecutor.java:1149)
	at java.util.concurrent.ThreadPoolExecutor$Worker.run(ThreadPoolExecutor.java:624)
	at java.lang.Thread.run(Thread.java:750)
Caused by: org.apache.derby.shared.common.error.DerbySQLIntegrityConstraintViolationException: DELETE on table 'DBS' caused a violation of foreign key constraint 'TBLS_FK1' for key (2).  The statement has been rolled back.
	at org.apache.derby.impl.jdbc.SQLExceptionFactory.getSQLException(Unknown Source)
	at org.apache.derby.impl.jdbc.Util.generateCsSQLException(Unknown Source)
	at org.apache.derby.impl.jdbc.TransactionResourceImpl.wrapInSQLException(Unknown Source)
	at org.apache.derby.impl.jdbc.TransactionResourceImpl.handleException(Unknown Source)
	at org.apache.derby.impl.jdbc.EmbedConnection.handleException(Unknown Source)
	at org.apache.derby.impl.jdbc.ConnectionChild.handleException(Unknown Source)
	at org.apache.derby.impl.jdbc.EmbedStatement.executeStatement(Unknown Source)
	at org.apache.derby.impl.jdbc.EmbedPreparedStatement.executeBatchElement(Unknown Source)
	... 48 more
Caused by: ERROR 23503: DELETE on table 'DBS' caused a violation of foreign key constraint 'TBLS_FK1' for key (2).  The statement has been rolled back.
	at org.apache.derby.iapi.error.StandardException.newException(Unknown Source)
	at org.apache.derby.iapi.error.StandardException.newException(Unknown Source)
	at org.apache.derby.impl.sql.execute.ReferencedKeyRIChecker.doCheck(Unknown Source)
	at org.apache.derby.impl.sql.execute.RISetChecker.doPKCheck(Unknown Source)
	at org.apache.derby.impl.sql.execute.DeleteResultSet.collectAffectedRows(Unknown Source)
	at org.apache.derby.impl.sql.execute.DeleteResultSet.open(Unknown Source)
	at org.apache.derby.impl.sql.GenericPreparedStatement.executeStmt(Unknown Source)
	at org.apache.derby.impl.sql.GenericPreparedStatement.execute(Unknown Source)
	... 50 more

2024-04-24T12:21:36,371  INFO [TThreadPoolServer WorkerProcess-%d] HiveMetaStore.audit: ugi=alex	ip=127.0.0.1	cmd=source:127.0.0.1 drop_database: @hive#myDb	
2024-04-24T12:21:36,372  INFO [TThreadPoolServer WorkerProcess-%d] HiveMetaStore.audit: ugi=alex	ip=127.0.0.1	cmd=source:127.0.0.1 get_all_tables: db=@hive#myDb	
2024-04-24T12:21:36,372  INFO [TThreadPoolServer WorkerProcess-%d] HiveMetaStore.audit: ugi=alex	ip=127.0.0.1	cmd=source:127.0.0.1 get_functions: db=@hive#myDb pat=*	
2024-04-24T12:21:36,374  INFO [TThreadPoolServer WorkerProcess-%d] HiveMetaStore.audit: ugi=alex	ip=127.0.0.1	cmd=source:127.0.0.1 get_all_stored_procedures	
2024-04-24T12:21:36,375  INFO [TThreadPoolServer WorkerProcess-%d] HiveMetaStore.audit: ugi=alex	ip=127.0.0.1	cmd=source:127.0.0.1 get_all_packages	
2024-04-24T12:21:36,376  INFO [TThreadPoolServer WorkerProcess-%d] HiveMetaStore.audit: ugi=alex	ip=127.0.0.1	cmd=source:127.0.0.1 getTablesByTypeCore: catName=hive: db=myDb pat=.*,type=MATERIALIZED_VIEW	
2024-04-24T12:21:36,379  INFO [TThreadPoolServer WorkerProcess-%d] metastore.ObjectStore: Dropping database hive.myDb along with all tables
2024-04-24T12:21:36,383 ERROR [TThreadPoolServer WorkerProcess-%d] metastore.RetryingHMSHandler: Retrying HMSHandler after 2000 ms (attempt 2 of 10) with error: javax.jdo.JDODataStoreException: Exception thrown flushing changes to datastore
	at org.datanucleus.api.jdo.NucleusJDOHelper.getJDOExceptionForNucleusException(NucleusJDOHelper.java:542)
	at org.datanucleus.api.jdo.JDOPersistenceManager.flush(JDOPersistenceManager.java:2081)
	at org.apache.hadoop.hive.metastore.ObjectStore.addNotificationEvent(ObjectStore.java:11639)
	at sun.reflect.GeneratedMethodAccessor68.invoke(Unknown Source)
	at sun.reflect.DelegatingMethodAccessorImpl.invoke(DelegatingMethodAccessorImpl.java:43)
	at java.lang.reflect.Method.invoke(Method.java:498)
	at org.apache.hadoop.hive.metastore.RawStoreProxy.invoke(RawStoreProxy.java:97)
	at com.sun.proxy.$Proxy32.addNotificationEvent(Unknown Source)
	at org.apache.hive.hcatalog.listener.DbNotificationListener.process(DbNotificationListener.java:1403)
	at org.apache.hive.hcatalog.listener.DbNotificationListener.onDropDatabase(DbNotificationListener.java:513)
	at org.apache.hadoop.hive.metastore.MetaStoreListenerNotifier$26.notify(MetaStoreListenerNotifier.java:99)
	at org.apache.hadoop.hive.metastore.MetaStoreListenerNotifier.notifyEvent(MetaStoreListenerNotifier.java:339)
	at org.apache.hadoop.hive.metastore.HMSHandler.drop_database_core(HMSHandler.java:1785)
	at org.apache.hadoop.hive.metastore.HMSHandler.drop_database(HMSHandler.java:1869)
	at sun.reflect.NativeMethodAccessorImpl.invoke0(Native Method)
	at sun.reflect.NativeMethodAccessorImpl.invoke(NativeMethodAccessorImpl.java:62)
	at sun.reflect.DelegatingMethodAccessorImpl.invoke(DelegatingMethodAccessorImpl.java:43)
	at java.lang.reflect.Method.invoke(Method.java:498)
	at org.apache.hadoop.hive.metastore.RetryingHMSHandler.invokeInternal(RetryingHMSHandler.java:147)
	at org.apache.hadoop.hive.metastore.RetryingHMSHandler.invoke(RetryingHMSHandler.java:108)
	at com.sun.proxy.$Proxy34.drop_database(Unknown Source)
	at org.apache.hadoop.hive.metastore.api.ThriftHiveMetastore$Processor$drop_database.getResult(ThriftHiveMetastore.java:18285)
	at org.apache.hadoop.hive.metastore.api.ThriftHiveMetastore$Processor$drop_database.getResult(ThriftHiveMetastore.java:18264)
	at org.apache.thrift.ProcessFunction.process(ProcessFunction.java:38)
	at org.apache.hadoop.hive.metastore.TUGIBasedProcessor$1.run(TUGIBasedProcessor.java:111)
	at org.apache.hadoop.hive.metastore.TUGIBasedProcessor$1.run(TUGIBasedProcessor.java:107)
	at java.security.AccessController.doPrivileged(Native Method)
	at javax.security.auth.Subject.doAs(Subject.java:422)
	at org.apache.hadoop.security.UserGroupInformation.doAs(UserGroupInformation.java:1682)
	at org.apache.hadoop.hive.metastore.TUGIBasedProcessor.process(TUGIBasedProcessor.java:119)
	at org.apache.thrift.server.TThreadPoolServer$WorkerProcess.run(TThreadPoolServer.java:248)
	at java.util.concurrent.ThreadPoolExecutor.runWorker(ThreadPoolExecutor.java:1149)
	at java.util.concurrent.ThreadPoolExecutor$Worker.run(ThreadPoolExecutor.java:624)
	at java.lang.Thread.run(Thread.java:750)
NestedThrowablesStackTrace:
java.sql.BatchUpdateException: DELETE on table 'DBS' caused a violation of foreign key constraint 'TBLS_FK1' for key (2).  The statement has been rolled back.
	at org.apache.derby.impl.jdbc.EmbedStatement.executeLargeBatch(Unknown Source)
	at org.apache.derby.impl.jdbc.EmbedStatement.executeBatch(Unknown Source)
	at com.zaxxer.hikari.pool.ProxyStatement.executeBatch(ProxyStatement.java:128)
	at com.zaxxer.hikari.pool.HikariProxyPreparedStatement.executeBatch(HikariProxyPreparedStatement.java)
	at org.datanucleus.store.rdbms.ParamLoggingPreparedStatement.executeBatch(ParamLoggingPreparedStatement.java:366)
	at org.datanucleus.store.rdbms.SQLController.processConnectionStatement(SQLController.java:675)
	at org.datanucleus.store.rdbms.SQLController.processStatementsForConnection(SQLController.java:643)
	at org.datanucleus.store.rdbms.SQLController$1.transactionFlushed(SQLController.java:729)
	at org.datanucleus.store.connection.AbstractManagedConnection.transactionFlushed(AbstractManagedConnection.java:95)
	at org.datanucleus.store.connection.ConnectionManagerImpl$2.transactionFlushed(ConnectionManagerImpl.java:528)
	at org.datanucleus.TransactionImpl.flush(TransactionImpl.java:222)
	at org.datanucleus.ExecutionContextImpl.flushInternal(ExecutionContextImpl.java:4068)
	at org.datanucleus.ExecutionContextThreadedImpl.flushInternal(ExecutionContextThreadedImpl.java:448)
	at org.datanucleus.ExecutionContextImpl.flush(ExecutionContextImpl.java:4009)
	at org.datanucleus.ExecutionContextThreadedImpl.flush(ExecutionContextThreadedImpl.java:434)
	at org.datanucleus.api.jdo.JDOPersistenceManager.flush(JDOPersistenceManager.java:2064)
	at org.apache.hadoop.hive.metastore.ObjectStore.addNotificationEvent(ObjectStore.java:11639)
	at sun.reflect.GeneratedMethodAccessor68.invoke(Unknown Source)
	at sun.reflect.DelegatingMethodAccessorImpl.invoke(DelegatingMethodAccessorImpl.java:43)
	at java.lang.reflect.Method.invoke(Method.java:498)
	at org.apache.hadoop.hive.metastore.RawStoreProxy.invoke(RawStoreProxy.java:97)
	at com.sun.proxy.$Proxy32.addNotificationEvent(Unknown Source)
	at org.apache.hive.hcatalog.listener.DbNotificationListener.process(DbNotificationListener.java:1403)
	at org.apache.hive.hcatalog.listener.DbNotificationListener.onDropDatabase(DbNotificationListener.java:513)
	at org.apache.hadoop.hive.metastore.MetaStoreListenerNotifier$26.notify(MetaStoreListenerNotifier.java:99)
	at org.apache.hadoop.hive.metastore.MetaStoreListenerNotifier.notifyEvent(MetaStoreListenerNotifier.java:339)
	at org.apache.hadoop.hive.metastore.HMSHandler.drop_database_core(HMSHandler.java:1785)
	at org.apache.hadoop.hive.metastore.HMSHandler.drop_database(HMSHandler.java:1869)
	at sun.reflect.NativeMethodAccessorImpl.invoke0(Native Method)
	at sun.reflect.NativeMethodAccessorImpl.invoke(NativeMethodAccessorImpl.java:62)
	at sun.reflect.DelegatingMethodAccessorImpl.invoke(DelegatingMethodAccessorImpl.java:43)
	at java.lang.reflect.Method.invoke(Method.java:498)
	at org.apache.hadoop.hive.metastore.RetryingHMSHandler.invokeInternal(RetryingHMSHandler.java:147)
	at org.apache.hadoop.hive.metastore.RetryingHMSHandler.invoke(RetryingHMSHandler.java:108)
	at com.sun.proxy.$Proxy34.drop_database(Unknown Source)
	at org.apache.hadoop.hive.metastore.api.ThriftHiveMetastore$Processor$drop_database.getResult(ThriftHiveMetastore.java:18285)
	at org.apache.hadoop.hive.metastore.api.ThriftHiveMetastore$Processor$drop_database.getResult(ThriftHiveMetastore.java:18264)
	at org.apache.thrift.ProcessFunction.process(ProcessFunction.java:38)
	at org.apache.hadoop.hive.metastore.TUGIBasedProcessor$1.run(TUGIBasedProcessor.java:111)
	at org.apache.hadoop.hive.metastore.TUGIBasedProcessor$1.run(TUGIBasedProcessor.java:107)
	at java.security.AccessController.doPrivileged(Native Method)
	at javax.security.auth.Subject.doAs(Subject.java:422)
	at org.apache.hadoop.security.UserGroupInformation.doAs(UserGroupInformation.java:1682)
	at org.apache.hadoop.hive.metastore.TUGIBasedProcessor.process(TUGIBasedProcessor.java:119)
	at org.apache.thrift.server.TThreadPoolServer$WorkerProcess.run(TThreadPoolServer.java:248)
	at java.util.concurrent.ThreadPoolExecutor.runWorker(ThreadPoolExecutor.java:1149)
	at java.util.concurrent.ThreadPoolExecutor$Worker.run(ThreadPoolExecutor.java:624)
	at java.lang.Thread.run(Thread.java:750)
Caused by: org.apache.derby.shared.common.error.DerbySQLIntegrityConstraintViolationException: DELETE on table 'DBS' caused a violation of foreign key constraint 'TBLS_FK1' for key (2).  The statement has been rolled back.
	at org.apache.derby.impl.jdbc.SQLExceptionFactory.getSQLException(Unknown Source)
	at org.apache.derby.impl.jdbc.Util.generateCsSQLException(Unknown Source)
	at org.apache.derby.impl.jdbc.TransactionResourceImpl.wrapInSQLException(Unknown Source)
	at org.apache.derby.impl.jdbc.TransactionResourceImpl.handleException(Unknown Source)
	at org.apache.derby.impl.jdbc.EmbedConnection.handleException(Unknown Source)
	at org.apache.derby.impl.jdbc.ConnectionChild.handleException(Unknown Source)
	at org.apache.derby.impl.jdbc.EmbedStatement.executeStatement(Unknown Source)
	at org.apache.derby.impl.jdbc.EmbedPreparedStatement.executeBatchElement(Unknown Source)
	... 48 more
Caused by: ERROR 23503: DELETE on table 'DBS' caused a violation of foreign key constraint 'TBLS_FK1' for key (2).  The statement has been rolled back.
	at org.apache.derby.iapi.error.StandardException.newException(Unknown Source)
	at org.apache.derby.iapi.error.StandardException.newException(Unknown Source)
	at org.apache.derby.impl.sql.execute.ReferencedKeyRIChecker.doCheck(Unknown Source)
	at org.apache.derby.impl.sql.execute.RISetChecker.doPKCheck(Unknown Source)
	at org.apache.derby.impl.sql.execute.DeleteResultSet.collectAffectedRows(Unknown Source)
	at org.apache.derby.impl.sql.execute.DeleteResultSet.open(Unknown Source)
	at org.apache.derby.impl.sql.GenericPreparedStatement.executeStmt(Unknown Source)
	at org.apache.derby.impl.sql.GenericPreparedStatement.execute(Unknown Source)
	... 50 more

2024-04-24T12:21:38,385  INFO [TThreadPoolServer WorkerProcess-%d] HiveMetaStore.audit: ugi=alex	ip=127.0.0.1	cmd=source:127.0.0.1 drop_database: @hive#myDb	
2024-04-24T12:21:38,388  INFO [TThreadPoolServer WorkerProcess-%d] HiveMetaStore.audit: ugi=alex	ip=127.0.0.1	cmd=source:127.0.0.1 get_all_tables: db=@hive#myDb	
2024-04-24T12:21:38,389  INFO [TThreadPoolServer WorkerProcess-%d] HiveMetaStore.audit: ugi=alex	ip=127.0.0.1	cmd=source:127.0.0.1 get_functions: db=@hive#myDb pat=*	
2024-04-24T12:21:38,391  INFO [TThreadPoolServer WorkerProcess-%d] HiveMetaStore.audit: ugi=alex	ip=127.0.0.1	cmd=source:127.0.0.1 get_all_stored_procedures	
2024-04-24T12:21:38,391  INFO [TThreadPoolServer WorkerProcess-%d] HiveMetaStore.audit: ugi=alex	ip=127.0.0.1	cmd=source:127.0.0.1 get_all_packages	
2024-04-24T12:21:38,393  INFO [TThreadPoolServer WorkerProcess-%d] HiveMetaStore.audit: ugi=alex	ip=127.0.0.1	cmd=source:127.0.0.1 getTablesByTypeCore: catName=hive: db=myDb pat=.*,type=MATERIALIZED_VIEW	
2024-04-24T12:21:38,396  INFO [TThreadPoolServer WorkerProcess-%d] metastore.ObjectStore: Dropping database hive.myDb along with all tables
2024-04-24T12:21:38,400 ERROR [TThreadPoolServer WorkerProcess-%d] metastore.RetryingHMSHandler: Retrying HMSHandler after 2000 ms (attempt 3 of 10) with error: javax.jdo.JDODataStoreException: Exception thrown flushing changes to datastore
	at org.datanucleus.api.jdo.NucleusJDOHelper.getJDOExceptionForNucleusException(NucleusJDOHelper.java:542)
	at org.datanucleus.api.jdo.JDOPersistenceManager.flush(JDOPersistenceManager.java:2081)
	at org.apache.hadoop.hive.metastore.ObjectStore.addNotificationEvent(ObjectStore.java:11639)
	at sun.reflect.GeneratedMethodAccessor68.invoke(Unknown Source)
	at sun.reflect.DelegatingMethodAccessorImpl.invoke(DelegatingMethodAccessorImpl.java:43)
	at java.lang.reflect.Method.invoke(Method.java:498)
	at org.apache.hadoop.hive.metastore.RawStoreProxy.invoke(RawStoreProxy.java:97)
	at com.sun.proxy.$Proxy32.addNotificationEvent(Unknown Source)
	at org.apache.hive.hcatalog.listener.DbNotificationListener.process(DbNotificationListener.java:1403)
	at org.apache.hive.hcatalog.listener.DbNotificationListener.onDropDatabase(DbNotificationListener.java:513)
	at org.apache.hadoop.hive.metastore.MetaStoreListenerNotifier$26.notify(MetaStoreListenerNotifier.java:99)
	at org.apache.hadoop.hive.metastore.MetaStoreListenerNotifier.notifyEvent(MetaStoreListenerNotifier.java:339)
	at org.apache.hadoop.hive.metastore.HMSHandler.drop_database_core(HMSHandler.java:1785)
	at org.apache.hadoop.hive.metastore.HMSHandler.drop_database(HMSHandler.java:1869)
	at sun.reflect.NativeMethodAccessorImpl.invoke0(Native Method)
	at sun.reflect.NativeMethodAccessorImpl.invoke(NativeMethodAccessorImpl.java:62)
	at sun.reflect.DelegatingMethodAccessorImpl.invoke(DelegatingMethodAccessorImpl.java:43)
	at java.lang.reflect.Method.invoke(Method.java:498)
	at org.apache.hadoop.hive.metastore.RetryingHMSHandler.invokeInternal(RetryingHMSHandler.java:147)
	at org.apache.hadoop.hive.metastore.RetryingHMSHandler.invoke(RetryingHMSHandler.java:108)
	at com.sun.proxy.$Proxy34.drop_database(Unknown Source)
	at org.apache.hadoop.hive.metastore.api.ThriftHiveMetastore$Processor$drop_database.getResult(ThriftHiveMetastore.java:18285)
	at org.apache.hadoop.hive.metastore.api.ThriftHiveMetastore$Processor$drop_database.getResult(ThriftHiveMetastore.java:18264)
	at org.apache.thrift.ProcessFunction.process(ProcessFunction.java:38)
	at org.apache.hadoop.hive.metastore.TUGIBasedProcessor$1.run(TUGIBasedProcessor.java:111)
	at org.apache.hadoop.hive.metastore.TUGIBasedProcessor$1.run(TUGIBasedProcessor.java:107)
	at java.security.AccessController.doPrivileged(Native Method)
	at javax.security.auth.Subject.doAs(Subject.java:422)
	at org.apache.hadoop.security.UserGroupInformation.doAs(UserGroupInformation.java:1682)
	at org.apache.hadoop.hive.metastore.TUGIBasedProcessor.process(TUGIBasedProcessor.java:119)
	at org.apache.thrift.server.TThreadPoolServer$WorkerProcess.run(TThreadPoolServer.java:248)
	at java.util.concurrent.ThreadPoolExecutor.runWorker(ThreadPoolExecutor.java:1149)
	at java.util.concurrent.ThreadPoolExecutor$Worker.run(ThreadPoolExecutor.java:624)
	at java.lang.Thread.run(Thread.java:750)
NestedThrowablesStackTrace:
java.sql.BatchUpdateException: DELETE on table 'DBS' caused a violation of foreign key constraint 'TBLS_FK1' for key (2).  The statement has been rolled back.
	at org.apache.derby.impl.jdbc.EmbedStatement.executeLargeBatch(Unknown Source)
	at org.apache.derby.impl.jdbc.EmbedStatement.executeBatch(Unknown Source)
	at com.zaxxer.hikari.pool.ProxyStatement.executeBatch(ProxyStatement.java:128)
	at com.zaxxer.hikari.pool.HikariProxyPreparedStatement.executeBatch(HikariProxyPreparedStatement.java)
	at org.datanucleus.store.rdbms.ParamLoggingPreparedStatement.executeBatch(ParamLoggingPreparedStatement.java:366)
	at org.datanucleus.store.rdbms.SQLController.processConnectionStatement(SQLController.java:675)
	at org.datanucleus.store.rdbms.SQLController.processStatementsForConnection(SQLController.java:643)
	at org.datanucleus.store.rdbms.SQLController$1.transactionFlushed(SQLController.java:729)
	at org.datanucleus.store.connection.AbstractManagedConnection.transactionFlushed(AbstractManagedConnection.java:95)
	at org.datanucleus.store.connection.ConnectionManagerImpl$2.transactionFlushed(ConnectionManagerImpl.java:528)
	at org.datanucleus.TransactionImpl.flush(TransactionImpl.java:222)
	at org.datanucleus.ExecutionContextImpl.flushInternal(ExecutionContextImpl.java:4068)
	at org.datanucleus.ExecutionContextThreadedImpl.flushInternal(ExecutionContextThreadedImpl.java:448)
	at org.datanucleus.ExecutionContextImpl.flush(ExecutionContextImpl.java:4009)
	at org.datanucleus.ExecutionContextThreadedImpl.flush(ExecutionContextThreadedImpl.java:434)
	at org.datanucleus.api.jdo.JDOPersistenceManager.flush(JDOPersistenceManager.java:2064)
	at org.apache.hadoop.hive.metastore.ObjectStore.addNotificationEvent(ObjectStore.java:11639)
	at sun.reflect.GeneratedMethodAccessor68.invoke(Unknown Source)
	at sun.reflect.DelegatingMethodAccessorImpl.invoke(DelegatingMethodAccessorImpl.java:43)
	at java.lang.reflect.Method.invoke(Method.java:498)
	at org.apache.hadoop.hive.metastore.RawStoreProxy.invoke(RawStoreProxy.java:97)
	at com.sun.proxy.$Proxy32.addNotificationEvent(Unknown Source)
	at org.apache.hive.hcatalog.listener.DbNotificationListener.process(DbNotificationListener.java:1403)
	at org.apache.hive.hcatalog.listener.DbNotificationListener.onDropDatabase(DbNotificationListener.java:513)
	at org.apache.hadoop.hive.metastore.MetaStoreListenerNotifier$26.notify(MetaStoreListenerNotifier.java:99)
	at org.apache.hadoop.hive.metastore.MetaStoreListenerNotifier.notifyEvent(MetaStoreListenerNotifier.java:339)
	at org.apache.hadoop.hive.metastore.HMSHandler.drop_database_core(HMSHandler.java:1785)
	at org.apache.hadoop.hive.metastore.HMSHandler.drop_database(HMSHandler.java:1869)
	at sun.reflect.NativeMethodAccessorImpl.invoke0(Native Method)
	at sun.reflect.NativeMethodAccessorImpl.invoke(NativeMethodAccessorImpl.java:62)
	at sun.reflect.DelegatingMethodAccessorImpl.invoke(DelegatingMethodAccessorImpl.java:43)
	at java.lang.reflect.Method.invoke(Method.java:498)
	at org.apache.hadoop.hive.metastore.RetryingHMSHandler.invokeInternal(RetryingHMSHandler.java:147)
	at org.apache.hadoop.hive.metastore.RetryingHMSHandler.invoke(RetryingHMSHandler.java:108)
	at com.sun.proxy.$Proxy34.drop_database(Unknown Source)
	at org.apache.hadoop.hive.metastore.api.ThriftHiveMetastore$Processor$drop_database.getResult(ThriftHiveMetastore.java:18285)
	at org.apache.hadoop.hive.metastore.api.ThriftHiveMetastore$Processor$drop_database.getResult(ThriftHiveMetastore.java:18264)
	at org.apache.thrift.ProcessFunction.process(ProcessFunction.java:38)
	at org.apache.hadoop.hive.metastore.TUGIBasedProcessor$1.run(TUGIBasedProcessor.java:111)
	at org.apache.hadoop.hive.metastore.TUGIBasedProcessor$1.run(TUGIBasedProcessor.java:107)
	at java.security.AccessController.doPrivileged(Native Method)
	at javax.security.auth.Subject.doAs(Subject.java:422)
	at org.apache.hadoop.security.UserGroupInformation.doAs(UserGroupInformation.java:1682)
	at org.apache.hadoop.hive.metastore.TUGIBasedProcessor.process(TUGIBasedProcessor.java:119)
	at org.apache.thrift.server.TThreadPoolServer$WorkerProcess.run(TThreadPoolServer.java:248)
	at java.util.concurrent.ThreadPoolExecutor.runWorker(ThreadPoolExecutor.java:1149)
	at java.util.concurrent.ThreadPoolExecutor$Worker.run(ThreadPoolExecutor.java:624)
	at java.lang.Thread.run(Thread.java:750)
Caused by: org.apache.derby.shared.common.error.DerbySQLIntegrityConstraintViolationException: DELETE on table 'DBS' caused a violation of foreign key constraint 'TBLS_FK1' for key (2).  The statement has been rolled back.
	at org.apache.derby.impl.jdbc.SQLExceptionFactory.getSQLException(Unknown Source)
	at org.apache.derby.impl.jdbc.Util.generateCsSQLException(Unknown Source)
	at org.apache.derby.impl.jdbc.TransactionResourceImpl.wrapInSQLException(Unknown Source)
	at org.apache.derby.impl.jdbc.TransactionResourceImpl.handleException(Unknown Source)
	at org.apache.derby.impl.jdbc.EmbedConnection.handleException(Unknown Source)
	at org.apache.derby.impl.jdbc.ConnectionChild.handleException(Unknown Source)
	at org.apache.derby.impl.jdbc.EmbedStatement.executeStatement(Unknown Source)
	at org.apache.derby.impl.jdbc.EmbedPreparedStatement.executeBatchElement(Unknown Source)
	... 48 more
Caused by: ERROR 23503: DELETE on table 'DBS' caused a violation of foreign key constraint 'TBLS_FK1' for key (2).  The statement has been rolled back.
	at org.apache.derby.iapi.error.StandardException.newException(Unknown Source)
	at org.apache.derby.iapi.error.StandardException.newException(Unknown Source)
	at org.apache.derby.impl.sql.execute.ReferencedKeyRIChecker.doCheck(Unknown Source)
	at org.apache.derby.impl.sql.execute.RISetChecker.doPKCheck(Unknown Source)
	at org.apache.derby.impl.sql.execute.DeleteResultSet.collectAffectedRows(Unknown Source)
	at org.apache.derby.impl.sql.execute.DeleteResultSet.open(Unknown Source)
	at org.apache.derby.impl.sql.GenericPreparedStatement.executeStmt(Unknown Source)
	at org.apache.derby.impl.sql.GenericPreparedStatement.execute(Unknown Source)
	... 50 more

2024-04-24T12:21:40,401  INFO [TThreadPoolServer WorkerProcess-%d] HiveMetaStore.audit: ugi=alex	ip=127.0.0.1	cmd=source:127.0.0.1 drop_database: @hive#myDb	
2024-04-24T12:21:40,405  INFO [TThreadPoolServer WorkerProcess-%d] HiveMetaStore.audit: ugi=alex	ip=127.0.0.1	cmd=source:127.0.0.1 get_all_tables: db=@hive#myDb	
2024-04-24T12:21:40,407  INFO [TThreadPoolServer WorkerProcess-%d] HiveMetaStore.audit: ugi=alex	ip=127.0.0.1	cmd=source:127.0.0.1 get_functions: db=@hive#myDb pat=*	
2024-04-24T12:21:40,412  INFO [TThreadPoolServer WorkerProcess-%d] HiveMetaStore.audit: ugi=alex	ip=127.0.0.1	cmd=source:127.0.0.1 get_all_stored_procedures	
2024-04-24T12:21:40,414  INFO [TThreadPoolServer WorkerProcess-%d] HiveMetaStore.audit: ugi=alex	ip=127.0.0.1	cmd=source:127.0.0.1 get_all_packages	
2024-04-24T12:21:40,415  INFO [TThreadPoolServer WorkerProcess-%d] HiveMetaStore.audit: ugi=alex	ip=127.0.0.1	cmd=source:127.0.0.1 getTablesByTypeCore: catName=hive: db=myDb pat=.*,type=MATERIALIZED_VIEW	
2024-04-24T12:21:40,417  INFO [TThreadPoolServer WorkerProcess-%d] metastore.ObjectStore: Dropping database hive.myDb along with all tables
2024-04-24T12:21:40,422 ERROR [TThreadPoolServer WorkerProcess-%d] metastore.RetryingHMSHandler: Retrying HMSHandler after 2000 ms (attempt 4 of 10) with error: javax.jdo.JDODataStoreException: Exception thrown flushing changes to datastore
	at org.datanucleus.api.jdo.NucleusJDOHelper.getJDOExceptionForNucleusException(NucleusJDOHelper.java:542)
	at org.datanucleus.api.jdo.JDOPersistenceManager.flush(JDOPersistenceManager.java:2081)
	at org.apache.hadoop.hive.metastore.ObjectStore.addNotificationEvent(ObjectStore.java:11639)
	at sun.reflect.GeneratedMethodAccessor68.invoke(Unknown Source)
	at sun.reflect.DelegatingMethodAccessorImpl.invoke(DelegatingMethodAccessorImpl.java:43)
	at java.lang.reflect.Method.invoke(Method.java:498)
	at org.apache.hadoop.hive.metastore.RawStoreProxy.invoke(RawStoreProxy.java:97)
	at com.sun.proxy.$Proxy32.addNotificationEvent(Unknown Source)
	at org.apache.hive.hcatalog.listener.DbNotificationListener.process(DbNotificationListener.java:1403)
	at org.apache.hive.hcatalog.listener.DbNotificationListener.onDropDatabase(DbNotificationListener.java:513)
	at org.apache.hadoop.hive.metastore.MetaStoreListenerNotifier$26.notify(MetaStoreListenerNotifier.java:99)
	at org.apache.hadoop.hive.metastore.MetaStoreListenerNotifier.notifyEvent(MetaStoreListenerNotifier.java:339)
	at org.apache.hadoop.hive.metastore.HMSHandler.drop_database_core(HMSHandler.java:1785)
	at org.apache.hadoop.hive.metastore.HMSHandler.drop_database(HMSHandler.java:1869)
	at sun.reflect.NativeMethodAccessorImpl.invoke0(Native Method)
	at sun.reflect.NativeMethodAccessorImpl.invoke(NativeMethodAccessorImpl.java:62)
	at sun.reflect.DelegatingMethodAccessorImpl.invoke(DelegatingMethodAccessorImpl.java:43)
	at java.lang.reflect.Method.invoke(Method.java:498)
	at org.apache.hadoop.hive.metastore.RetryingHMSHandler.invokeInternal(RetryingHMSHandler.java:147)
	at org.apache.hadoop.hive.metastore.RetryingHMSHandler.invoke(RetryingHMSHandler.java:108)
	at com.sun.proxy.$Proxy34.drop_database(Unknown Source)
	at org.apache.hadoop.hive.metastore.api.ThriftHiveMetastore$Processor$drop_database.getResult(ThriftHiveMetastore.java:18285)
	at org.apache.hadoop.hive.metastore.api.ThriftHiveMetastore$Processor$drop_database.getResult(ThriftHiveMetastore.java:18264)
	at org.apache.thrift.ProcessFunction.process(ProcessFunction.java:38)
	at org.apache.hadoop.hive.metastore.TUGIBasedProcessor$1.run(TUGIBasedProcessor.java:111)
	at org.apache.hadoop.hive.metastore.TUGIBasedProcessor$1.run(TUGIBasedProcessor.java:107)
	at java.security.AccessController.doPrivileged(Native Method)
	at javax.security.auth.Subject.doAs(Subject.java:422)
	at org.apache.hadoop.security.UserGroupInformation.doAs(UserGroupInformation.java:1682)
	at org.apache.hadoop.hive.metastore.TUGIBasedProcessor.process(TUGIBasedProcessor.java:119)
	at org.apache.thrift.server.TThreadPoolServer$WorkerProcess.run(TThreadPoolServer.java:248)
	at java.util.concurrent.ThreadPoolExecutor.runWorker(ThreadPoolExecutor.java:1149)
	at java.util.concurrent.ThreadPoolExecutor$Worker.run(ThreadPoolExecutor.java:624)
	at java.lang.Thread.run(Thread.java:750)
NestedThrowablesStackTrace:
java.sql.BatchUpdateException: DELETE on table 'DBS' caused a violation of foreign key constraint 'TBLS_FK1' for key (2).  The statement has been rolled back.
	at org.apache.derby.impl.jdbc.EmbedStatement.executeLargeBatch(Unknown Source)
	at org.apache.derby.impl.jdbc.EmbedStatement.executeBatch(Unknown Source)
	at com.zaxxer.hikari.pool.ProxyStatement.executeBatch(ProxyStatement.java:128)
	at com.zaxxer.hikari.pool.HikariProxyPreparedStatement.executeBatch(HikariProxyPreparedStatement.java)
	at org.datanucleus.store.rdbms.ParamLoggingPreparedStatement.executeBatch(ParamLoggingPreparedStatement.java:366)
	at org.datanucleus.store.rdbms.SQLController.processConnectionStatement(SQLController.java:675)
	at org.datanucleus.store.rdbms.SQLController.processStatementsForConnection(SQLController.java:643)
	at org.datanucleus.store.rdbms.SQLController$1.transactionFlushed(SQLController.java:729)
	at org.datanucleus.store.connection.AbstractManagedConnection.transactionFlushed(AbstractManagedConnection.java:95)
	at org.datanucleus.store.connection.ConnectionManagerImpl$2.transactionFlushed(ConnectionManagerImpl.java:528)
	at org.datanucleus.TransactionImpl.flush(TransactionImpl.java:222)
	at org.datanucleus.ExecutionContextImpl.flushInternal(ExecutionContextImpl.java:4068)
	at org.datanucleus.ExecutionContextThreadedImpl.flushInternal(ExecutionContextThreadedImpl.java:448)
	at org.datanucleus.ExecutionContextImpl.flush(ExecutionContextImpl.java:4009)
	at org.datanucleus.ExecutionContextThreadedImpl.flush(ExecutionContextThreadedImpl.java:434)
	at org.datanucleus.api.jdo.JDOPersistenceManager.flush(JDOPersistenceManager.java:2064)
	at org.apache.hadoop.hive.metastore.ObjectStore.addNotificationEvent(ObjectStore.java:11639)
	at sun.reflect.GeneratedMethodAccessor68.invoke(Unknown Source)
	at sun.reflect.DelegatingMethodAccessorImpl.invoke(DelegatingMethodAccessorImpl.java:43)
	at java.lang.reflect.Method.invoke(Method.java:498)
	at org.apache.hadoop.hive.metastore.RawStoreProxy.invoke(RawStoreProxy.java:97)
	at com.sun.proxy.$Proxy32.addNotificationEvent(Unknown Source)
	at org.apache.hive.hcatalog.listener.DbNotificationListener.process(DbNotificationListener.java:1403)
	at org.apache.hive.hcatalog.listener.DbNotificationListener.onDropDatabase(DbNotificationListener.java:513)
	at org.apache.hadoop.hive.metastore.MetaStoreListenerNotifier$26.notify(MetaStoreListenerNotifier.java:99)
	at org.apache.hadoop.hive.metastore.MetaStoreListenerNotifier.notifyEvent(MetaStoreListenerNotifier.java:339)
	at org.apache.hadoop.hive.metastore.HMSHandler.drop_database_core(HMSHandler.java:1785)
	at org.apache.hadoop.hive.metastore.HMSHandler.drop_database(HMSHandler.java:1869)
	at sun.reflect.NativeMethodAccessorImpl.invoke0(Native Method)
	at sun.reflect.NativeMethodAccessorImpl.invoke(NativeMethodAccessorImpl.java:62)
	at sun.reflect.DelegatingMethodAccessorImpl.invoke(DelegatingMethodAccessorImpl.java:43)
	at java.lang.reflect.Method.invoke(Method.java:498)
	at org.apache.hadoop.hive.metastore.RetryingHMSHandler.invokeInternal(RetryingHMSHandler.java:147)
	at org.apache.hadoop.hive.metastore.RetryingHMSHandler.invoke(RetryingHMSHandler.java:108)
	at com.sun.proxy.$Proxy34.drop_database(Unknown Source)
	at org.apache.hadoop.hive.metastore.api.ThriftHiveMetastore$Processor$drop_database.getResult(ThriftHiveMetastore.java:18285)
	at org.apache.hadoop.hive.metastore.api.ThriftHiveMetastore$Processor$drop_database.getResult(ThriftHiveMetastore.java:18264)
	at org.apache.thrift.ProcessFunction.process(ProcessFunction.java:38)
	at org.apache.hadoop.hive.metastore.TUGIBasedProcessor$1.run(TUGIBasedProcessor.java:111)
	at org.apache.hadoop.hive.metastore.TUGIBasedProcessor$1.run(TUGIBasedProcessor.java:107)
	at java.security.AccessController.doPrivileged(Native Method)
	at javax.security.auth.Subject.doAs(Subject.java:422)
	at org.apache.hadoop.security.UserGroupInformation.doAs(UserGroupInformation.java:1682)
	at org.apache.hadoop.hive.metastore.TUGIBasedProcessor.process(TUGIBasedProcessor.java:119)
	at org.apache.thrift.server.TThreadPoolServer$WorkerProcess.run(TThreadPoolServer.java:248)
	at java.util.concurrent.ThreadPoolExecutor.runWorker(ThreadPoolExecutor.java:1149)
	at java.util.concurrent.ThreadPoolExecutor$Worker.run(ThreadPoolExecutor.java:624)
	at java.lang.Thread.run(Thread.java:750)
Caused by: org.apache.derby.shared.common.error.DerbySQLIntegrityConstraintViolationException: DELETE on table 'DBS' caused a violation of foreign key constraint 'TBLS_FK1' for key (2).  The statement has been rolled back.
	at org.apache.derby.impl.jdbc.SQLExceptionFactory.getSQLException(Unknown Source)
	at org.apache.derby.impl.jdbc.Util.generateCsSQLException(Unknown Source)
	at org.apache.derby.impl.jdbc.TransactionResourceImpl.wrapInSQLException(Unknown Source)
	at org.apache.derby.impl.jdbc.TransactionResourceImpl.handleException(Unknown Source)
	at org.apache.derby.impl.jdbc.EmbedConnection.handleException(Unknown Source)
	at org.apache.derby.impl.jdbc.ConnectionChild.handleException(Unknown Source)
	at org.apache.derby.impl.jdbc.EmbedStatement.executeStatement(Unknown Source)
	at org.apache.derby.impl.jdbc.EmbedPreparedStatement.executeBatchElement(Unknown Source)
	... 48 more
Caused by: ERROR 23503: DELETE on table 'DBS' caused a violation of foreign key constraint 'TBLS_FK1' for key (2).  The statement has been rolled back.
	at org.apache.derby.iapi.error.StandardException.newException(Unknown Source)
	at org.apache.derby.iapi.error.StandardException.newException(Unknown Source)
	at org.apache.derby.impl.sql.execute.ReferencedKeyRIChecker.doCheck(Unknown Source)
	at org.apache.derby.impl.sql.execute.RISetChecker.doPKCheck(Unknown Source)
	at org.apache.derby.impl.sql.execute.DeleteResultSet.collectAffectedRows(Unknown Source)
	at org.apache.derby.impl.sql.execute.DeleteResultSet.open(Unknown Source)
	at org.apache.derby.impl.sql.GenericPreparedStatement.executeStmt(Unknown Source)
	at org.apache.derby.impl.sql.GenericPreparedStatement.execute(Unknown Source)
	... 50 more

2024-04-24T12:21:42,424  INFO [TThreadPoolServer WorkerProcess-%d] HiveMetaStore.audit: ugi=alex	ip=127.0.0.1	cmd=source:127.0.0.1 drop_database: @hive#myDb	
2024-04-24T12:21:42,427  INFO [TThreadPoolServer WorkerProcess-%d] HiveMetaStore.audit: ugi=alex	ip=127.0.0.1	cmd=source:127.0.0.1 get_all_tables: db=@hive#myDb	
2024-04-24T12:21:42,428  INFO [TThreadPoolServer WorkerProcess-%d] HiveMetaStore.audit: ugi=alex	ip=127.0.0.1	cmd=source:127.0.0.1 get_functions: db=@hive#myDb pat=*	
2024-04-24T12:21:42,430  INFO [TThreadPoolServer WorkerProcess-%d] HiveMetaStore.audit: ugi=alex	ip=127.0.0.1	cmd=source:127.0.0.1 get_all_stored_procedures	
2024-04-24T12:21:42,431  INFO [TThreadPoolServer WorkerProcess-%d] HiveMetaStore.audit: ugi=alex	ip=127.0.0.1	cmd=source:127.0.0.1 get_all_packages	
2024-04-24T12:21:42,433  INFO [TThreadPoolServer WorkerProcess-%d] HiveMetaStore.audit: ugi=alex	ip=127.0.0.1	cmd=source:127.0.0.1 getTablesByTypeCore: catName=hive: db=myDb pat=.*,type=MATERIALIZED_VIEW	
2024-04-24T12:21:42,436  INFO [TThreadPoolServer WorkerProcess-%d] metastore.ObjectStore: Dropping database hive.myDb along with all tables
2024-04-24T12:21:42,442 ERROR [TThreadPoolServer WorkerProcess-%d] metastore.RetryingHMSHandler: Retrying HMSHandler after 2000 ms (attempt 5 of 10) with error: javax.jdo.JDODataStoreException: Exception thrown flushing changes to datastore
	at org.datanucleus.api.jdo.NucleusJDOHelper.getJDOExceptionForNucleusException(NucleusJDOHelper.java:542)
	at org.datanucleus.api.jdo.JDOPersistenceManager.flush(JDOPersistenceManager.java:2081)
	at org.apache.hadoop.hive.metastore.ObjectStore.addNotificationEvent(ObjectStore.java:11639)
	at sun.reflect.GeneratedMethodAccessor68.invoke(Unknown Source)
	at sun.reflect.DelegatingMethodAccessorImpl.invoke(DelegatingMethodAccessorImpl.java:43)
	at java.lang.reflect.Method.invoke(Method.java:498)
	at org.apache.hadoop.hive.metastore.RawStoreProxy.invoke(RawStoreProxy.java:97)
	at com.sun.proxy.$Proxy32.addNotificationEvent(Unknown Source)
	at org.apache.hive.hcatalog.listener.DbNotificationListener.process(DbNotificationListener.java:1403)
	at org.apache.hive.hcatalog.listener.DbNotificationListener.onDropDatabase(DbNotificationListener.java:513)
	at org.apache.hadoop.hive.metastore.MetaStoreListenerNotifier$26.notify(MetaStoreListenerNotifier.java:99)
	at org.apache.hadoop.hive.metastore.MetaStoreListenerNotifier.notifyEvent(MetaStoreListenerNotifier.java:339)
	at org.apache.hadoop.hive.metastore.HMSHandler.drop_database_core(HMSHandler.java:1785)
	at org.apache.hadoop.hive.metastore.HMSHandler.drop_database(HMSHandler.java:1869)
	at sun.reflect.NativeMethodAccessorImpl.invoke0(Native Method)
	at sun.reflect.NativeMethodAccessorImpl.invoke(NativeMethodAccessorImpl.java:62)
	at sun.reflect.DelegatingMethodAccessorImpl.invoke(DelegatingMethodAccessorImpl.java:43)
	at java.lang.reflect.Method.invoke(Method.java:498)
	at org.apache.hadoop.hive.metastore.RetryingHMSHandler.invokeInternal(RetryingHMSHandler.java:147)
	at org.apache.hadoop.hive.metastore.RetryingHMSHandler.invoke(RetryingHMSHandler.java:108)
	at com.sun.proxy.$Proxy34.drop_database(Unknown Source)
	at org.apache.hadoop.hive.metastore.api.ThriftHiveMetastore$Processor$drop_database.getResult(ThriftHiveMetastore.java:18285)
	at org.apache.hadoop.hive.metastore.api.ThriftHiveMetastore$Processor$drop_database.getResult(ThriftHiveMetastore.java:18264)
	at org.apache.thrift.ProcessFunction.process(ProcessFunction.java:38)
	at org.apache.hadoop.hive.metastore.TUGIBasedProcessor$1.run(TUGIBasedProcessor.java:111)
	at org.apache.hadoop.hive.metastore.TUGIBasedProcessor$1.run(TUGIBasedProcessor.java:107)
	at java.security.AccessController.doPrivileged(Native Method)
	at javax.security.auth.Subject.doAs(Subject.java:422)
	at org.apache.hadoop.security.UserGroupInformation.doAs(UserGroupInformation.java:1682)
	at org.apache.hadoop.hive.metastore.TUGIBasedProcessor.process(TUGIBasedProcessor.java:119)
	at org.apache.thrift.server.TThreadPoolServer$WorkerProcess.run(TThreadPoolServer.java:248)
	at java.util.concurrent.ThreadPoolExecutor.runWorker(ThreadPoolExecutor.java:1149)
	at java.util.concurrent.ThreadPoolExecutor$Worker.run(ThreadPoolExecutor.java:624)
	at java.lang.Thread.run(Thread.java:750)
NestedThrowablesStackTrace:
java.sql.BatchUpdateException: DELETE on table 'DBS' caused a violation of foreign key constraint 'TBLS_FK1' for key (2).  The statement has been rolled back.
	at org.apache.derby.impl.jdbc.EmbedStatement.executeLargeBatch(Unknown Source)
	at org.apache.derby.impl.jdbc.EmbedStatement.executeBatch(Unknown Source)
	at com.zaxxer.hikari.pool.ProxyStatement.executeBatch(ProxyStatement.java:128)
	at com.zaxxer.hikari.pool.HikariProxyPreparedStatement.executeBatch(HikariProxyPreparedStatement.java)
	at org.datanucleus.store.rdbms.ParamLoggingPreparedStatement.executeBatch(ParamLoggingPreparedStatement.java:366)
	at org.datanucleus.store.rdbms.SQLController.processConnectionStatement(SQLController.java:675)
	at org.datanucleus.store.rdbms.SQLController.processStatementsForConnection(SQLController.java:643)
	at org.datanucleus.store.rdbms.SQLController$1.transactionFlushed(SQLController.java:729)
	at org.datanucleus.store.connection.AbstractManagedConnection.transactionFlushed(AbstractManagedConnection.java:95)
	at org.datanucleus.store.connection.ConnectionManagerImpl$2.transactionFlushed(ConnectionManagerImpl.java:528)
	at org.datanucleus.TransactionImpl.flush(TransactionImpl.java:222)
	at org.datanucleus.ExecutionContextImpl.flushInternal(ExecutionContextImpl.java:4068)
	at org.datanucleus.ExecutionContextThreadedImpl.flushInternal(ExecutionContextThreadedImpl.java:448)
	at org.datanucleus.ExecutionContextImpl.flush(ExecutionContextImpl.java:4009)
	at org.datanucleus.ExecutionContextThreadedImpl.flush(ExecutionContextThreadedImpl.java:434)
	at org.datanucleus.api.jdo.JDOPersistenceManager.flush(JDOPersistenceManager.java:2064)
	at org.apache.hadoop.hive.metastore.ObjectStore.addNotificationEvent(ObjectStore.java:11639)
	at sun.reflect.GeneratedMethodAccessor68.invoke(Unknown Source)
	at sun.reflect.DelegatingMethodAccessorImpl.invoke(DelegatingMethodAccessorImpl.java:43)
	at java.lang.reflect.Method.invoke(Method.java:498)
	at org.apache.hadoop.hive.metastore.RawStoreProxy.invoke(RawStoreProxy.java:97)
	at com.sun.proxy.$Proxy32.addNotificationEvent(Unknown Source)
	at org.apache.hive.hcatalog.listener.DbNotificationListener.process(DbNotificationListener.java:1403)
	at org.apache.hive.hcatalog.listener.DbNotificationListener.onDropDatabase(DbNotificationListener.java:513)
	at org.apache.hadoop.hive.metastore.MetaStoreListenerNotifier$26.notify(MetaStoreListenerNotifier.java:99)
	at org.apache.hadoop.hive.metastore.MetaStoreListenerNotifier.notifyEvent(MetaStoreListenerNotifier.java:339)
	at org.apache.hadoop.hive.metastore.HMSHandler.drop_database_core(HMSHandler.java:1785)
	at org.apache.hadoop.hive.metastore.HMSHandler.drop_database(HMSHandler.java:1869)
	at sun.reflect.NativeMethodAccessorImpl.invoke0(Native Method)
	at sun.reflect.NativeMethodAccessorImpl.invoke(NativeMethodAccessorImpl.java:62)
	at sun.reflect.DelegatingMethodAccessorImpl.invoke(DelegatingMethodAccessorImpl.java:43)
	at java.lang.reflect.Method.invoke(Method.java:498)
	at org.apache.hadoop.hive.metastore.RetryingHMSHandler.invokeInternal(RetryingHMSHandler.java:147)
	at org.apache.hadoop.hive.metastore.RetryingHMSHandler.invoke(RetryingHMSHandler.java:108)
	at com.sun.proxy.$Proxy34.drop_database(Unknown Source)
	at org.apache.hadoop.hive.metastore.api.ThriftHiveMetastore$Processor$drop_database.getResult(ThriftHiveMetastore.java:18285)
	at org.apache.hadoop.hive.metastore.api.ThriftHiveMetastore$Processor$drop_database.getResult(ThriftHiveMetastore.java:18264)
	at org.apache.thrift.ProcessFunction.process(ProcessFunction.java:38)
	at org.apache.hadoop.hive.metastore.TUGIBasedProcessor$1.run(TUGIBasedProcessor.java:111)
	at org.apache.hadoop.hive.metastore.TUGIBasedProcessor$1.run(TUGIBasedProcessor.java:107)
	at java.security.AccessController.doPrivileged(Native Method)
	at javax.security.auth.Subject.doAs(Subject.java:422)
	at org.apache.hadoop.security.UserGroupInformation.doAs(UserGroupInformation.java:1682)
	at org.apache.hadoop.hive.metastore.TUGIBasedProcessor.process(TUGIBasedProcessor.java:119)
	at org.apache.thrift.server.TThreadPoolServer$WorkerProcess.run(TThreadPoolServer.java:248)
	at java.util.concurrent.ThreadPoolExecutor.runWorker(ThreadPoolExecutor.java:1149)
	at java.util.concurrent.ThreadPoolExecutor$Worker.run(ThreadPoolExecutor.java:624)
	at java.lang.Thread.run(Thread.java:750)
Caused by: org.apache.derby.shared.common.error.DerbySQLIntegrityConstraintViolationException: DELETE on table 'DBS' caused a violation of foreign key constraint 'TBLS_FK1' for key (2).  The statement has been rolled back.
	at org.apache.derby.impl.jdbc.SQLExceptionFactory.getSQLException(Unknown Source)
	at org.apache.derby.impl.jdbc.Util.generateCsSQLException(Unknown Source)
	at org.apache.derby.impl.jdbc.TransactionResourceImpl.wrapInSQLException(Unknown Source)
	at org.apache.derby.impl.jdbc.TransactionResourceImpl.handleException(Unknown Source)
	at org.apache.derby.impl.jdbc.EmbedConnection.handleException(Unknown Source)
	at org.apache.derby.impl.jdbc.ConnectionChild.handleException(Unknown Source)
	at org.apache.derby.impl.jdbc.EmbedStatement.executeStatement(Unknown Source)
	at org.apache.derby.impl.jdbc.EmbedPreparedStatement.executeBatchElement(Unknown Source)
	... 48 more
Caused by: ERROR 23503: DELETE on table 'DBS' caused a violation of foreign key constraint 'TBLS_FK1' for key (2).  The statement has been rolled back.
	at org.apache.derby.iapi.error.StandardException.newException(Unknown Source)
	at org.apache.derby.iapi.error.StandardException.newException(Unknown Source)
	at org.apache.derby.impl.sql.execute.ReferencedKeyRIChecker.doCheck(Unknown Source)
	at org.apache.derby.impl.sql.execute.RISetChecker.doPKCheck(Unknown Source)
	at org.apache.derby.impl.sql.execute.DeleteResultSet.collectAffectedRows(Unknown Source)
	at org.apache.derby.impl.sql.execute.DeleteResultSet.open(Unknown Source)
	at org.apache.derby.impl.sql.GenericPreparedStatement.executeStmt(Unknown Source)
	at org.apache.derby.impl.sql.GenericPreparedStatement.execute(Unknown Source)
	... 50 more

2024-04-24T12:21:44,443  INFO [TThreadPoolServer WorkerProcess-%d] HiveMetaStore.audit: ugi=alex	ip=127.0.0.1	cmd=source:127.0.0.1 drop_database: @hive#myDb	
2024-04-24T12:21:44,446  INFO [TThreadPoolServer WorkerProcess-%d] HiveMetaStore.audit: ugi=alex	ip=127.0.0.1	cmd=source:127.0.0.1 get_all_tables: db=@hive#myDb	
2024-04-24T12:21:44,448  INFO [TThreadPoolServer WorkerProcess-%d] HiveMetaStore.audit: ugi=alex	ip=127.0.0.1	cmd=source:127.0.0.1 get_functions: db=@hive#myDb pat=*	
2024-04-24T12:21:44,452  INFO [TThreadPoolServer WorkerProcess-%d] HiveMetaStore.audit: ugi=alex	ip=127.0.0.1	cmd=source:127.0.0.1 get_all_stored_procedures	
2024-04-24T12:21:44,455  INFO [TThreadPoolServer WorkerProcess-%d] HiveMetaStore.audit: ugi=alex	ip=127.0.0.1	cmd=source:127.0.0.1 get_all_packages	
2024-04-24T12:21:44,458  INFO [TThreadPoolServer WorkerProcess-%d] HiveMetaStore.audit: ugi=alex	ip=127.0.0.1	cmd=source:127.0.0.1 getTablesByTypeCore: catName=hive: db=myDb pat=.*,type=MATERIALIZED_VIEW	
2024-04-24T12:21:44,467  INFO [TThreadPoolServer WorkerProcess-%d] metastore.ObjectStore: Dropping database hive.myDb along with all tables
2024-04-24T12:21:44,478 ERROR [TThreadPoolServer WorkerProcess-%d] metastore.RetryingHMSHandler: Retrying HMSHandler after 2000 ms (attempt 6 of 10) with error: javax.jdo.JDODataStoreException: Exception thrown flushing changes to datastore
	at org.datanucleus.api.jdo.NucleusJDOHelper.getJDOExceptionForNucleusException(NucleusJDOHelper.java:542)
	at org.datanucleus.api.jdo.JDOPersistenceManager.flush(JDOPersistenceManager.java:2081)
	at org.apache.hadoop.hive.metastore.ObjectStore.addNotificationEvent(ObjectStore.java:11639)
	at sun.reflect.GeneratedMethodAccessor68.invoke(Unknown Source)
	at sun.reflect.DelegatingMethodAccessorImpl.invoke(DelegatingMethodAccessorImpl.java:43)
	at java.lang.reflect.Method.invoke(Method.java:498)
	at org.apache.hadoop.hive.metastore.RawStoreProxy.invoke(RawStoreProxy.java:97)
	at com.sun.proxy.$Proxy32.addNotificationEvent(Unknown Source)
	at org.apache.hive.hcatalog.listener.DbNotificationListener.process(DbNotificationListener.java:1403)
	at org.apache.hive.hcatalog.listener.DbNotificationListener.onDropDatabase(DbNotificationListener.java:513)
	at org.apache.hadoop.hive.metastore.MetaStoreListenerNotifier$26.notify(MetaStoreListenerNotifier.java:99)
	at org.apache.hadoop.hive.metastore.MetaStoreListenerNotifier.notifyEvent(MetaStoreListenerNotifier.java:339)
	at org.apache.hadoop.hive.metastore.HMSHandler.drop_database_core(HMSHandler.java:1785)
	at org.apache.hadoop.hive.metastore.HMSHandler.drop_database(HMSHandler.java:1869)
	at sun.reflect.GeneratedMethodAccessor73.invoke(Unknown Source)
	at sun.reflect.DelegatingMethodAccessorImpl.invoke(DelegatingMethodAccessorImpl.java:43)
	at java.lang.reflect.Method.invoke(Method.java:498)
	at org.apache.hadoop.hive.metastore.RetryingHMSHandler.invokeInternal(RetryingHMSHandler.java:147)
	at org.apache.hadoop.hive.metastore.RetryingHMSHandler.invoke(RetryingHMSHandler.java:108)
	at com.sun.proxy.$Proxy34.drop_database(Unknown Source)
	at org.apache.hadoop.hive.metastore.api.ThriftHiveMetastore$Processor$drop_database.getResult(ThriftHiveMetastore.java:18285)
	at org.apache.hadoop.hive.metastore.api.ThriftHiveMetastore$Processor$drop_database.getResult(ThriftHiveMetastore.java:18264)
	at org.apache.thrift.ProcessFunction.process(ProcessFunction.java:38)
	at org.apache.hadoop.hive.metastore.TUGIBasedProcessor$1.run(TUGIBasedProcessor.java:111)
	at org.apache.hadoop.hive.metastore.TUGIBasedProcessor$1.run(TUGIBasedProcessor.java:107)
	at java.security.AccessController.doPrivileged(Native Method)
	at javax.security.auth.Subject.doAs(Subject.java:422)
	at org.apache.hadoop.security.UserGroupInformation.doAs(UserGroupInformation.java:1682)
	at org.apache.hadoop.hive.metastore.TUGIBasedProcessor.process(TUGIBasedProcessor.java:119)
	at org.apache.thrift.server.TThreadPoolServer$WorkerProcess.run(TThreadPoolServer.java:248)
	at java.util.concurrent.ThreadPoolExecutor.runWorker(ThreadPoolExecutor.java:1149)
	at java.util.concurrent.ThreadPoolExecutor$Worker.run(ThreadPoolExecutor.java:624)
	at java.lang.Thread.run(Thread.java:750)
NestedThrowablesStackTrace:
java.sql.BatchUpdateException: DELETE on table 'DBS' caused a violation of foreign key constraint 'TBLS_FK1' for key (2).  The statement has been rolled back.
	at org.apache.derby.impl.jdbc.EmbedStatement.executeLargeBatch(Unknown Source)
	at org.apache.derby.impl.jdbc.EmbedStatement.executeBatch(Unknown Source)
	at com.zaxxer.hikari.pool.ProxyStatement.executeBatch(ProxyStatement.java:128)
	at com.zaxxer.hikari.pool.HikariProxyPreparedStatement.executeBatch(HikariProxyPreparedStatement.java)
	at org.datanucleus.store.rdbms.ParamLoggingPreparedStatement.executeBatch(ParamLoggingPreparedStatement.java:366)
	at org.datanucleus.store.rdbms.SQLController.processConnectionStatement(SQLController.java:675)
	at org.datanucleus.store.rdbms.SQLController.processStatementsForConnection(SQLController.java:643)
	at org.datanucleus.store.rdbms.SQLController$1.transactionFlushed(SQLController.java:729)
	at org.datanucleus.store.connection.AbstractManagedConnection.transactionFlushed(AbstractManagedConnection.java:95)
	at org.datanucleus.store.connection.ConnectionManagerImpl$2.transactionFlushed(ConnectionManagerImpl.java:528)
	at org.datanucleus.TransactionImpl.flush(TransactionImpl.java:222)
	at org.datanucleus.ExecutionContextImpl.flushInternal(ExecutionContextImpl.java:4068)
	at org.datanucleus.ExecutionContextThreadedImpl.flushInternal(ExecutionContextThreadedImpl.java:448)
	at org.datanucleus.ExecutionContextImpl.flush(ExecutionContextImpl.java:4009)
	at org.datanucleus.ExecutionContextThreadedImpl.flush(ExecutionContextThreadedImpl.java:434)
	at org.datanucleus.api.jdo.JDOPersistenceManager.flush(JDOPersistenceManager.java:2064)
	at org.apache.hadoop.hive.metastore.ObjectStore.addNotificationEvent(ObjectStore.java:11639)
	at sun.reflect.GeneratedMethodAccessor68.invoke(Unknown Source)
	at sun.reflect.DelegatingMethodAccessorImpl.invoke(DelegatingMethodAccessorImpl.java:43)
	at java.lang.reflect.Method.invoke(Method.java:498)
	at org.apache.hadoop.hive.metastore.RawStoreProxy.invoke(RawStoreProxy.java:97)
	at com.sun.proxy.$Proxy32.addNotificationEvent(Unknown Source)
	at org.apache.hive.hcatalog.listener.DbNotificationListener.process(DbNotificationListener.java:1403)
	at org.apache.hive.hcatalog.listener.DbNotificationListener.onDropDatabase(DbNotificationListener.java:513)
	at org.apache.hadoop.hive.metastore.MetaStoreListenerNotifier$26.notify(MetaStoreListenerNotifier.java:99)
	at org.apache.hadoop.hive.metastore.MetaStoreListenerNotifier.notifyEvent(MetaStoreListenerNotifier.java:339)
	at org.apache.hadoop.hive.metastore.HMSHandler.drop_database_core(HMSHandler.java:1785)
	at org.apache.hadoop.hive.metastore.HMSHandler.drop_database(HMSHandler.java:1869)
	at sun.reflect.GeneratedMethodAccessor73.invoke(Unknown Source)
	at sun.reflect.DelegatingMethodAccessorImpl.invoke(DelegatingMethodAccessorImpl.java:43)
	at java.lang.reflect.Method.invoke(Method.java:498)
	at org.apache.hadoop.hive.metastore.RetryingHMSHandler.invokeInternal(RetryingHMSHandler.java:147)
	at org.apache.hadoop.hive.metastore.RetryingHMSHandler.invoke(RetryingHMSHandler.java:108)
	at com.sun.proxy.$Proxy34.drop_database(Unknown Source)
	at org.apache.hadoop.hive.metastore.api.ThriftHiveMetastore$Processor$drop_database.getResult(ThriftHiveMetastore.java:18285)
	at org.apache.hadoop.hive.metastore.api.ThriftHiveMetastore$Processor$drop_database.getResult(ThriftHiveMetastore.java:18264)
	at org.apache.thrift.ProcessFunction.process(ProcessFunction.java:38)
	at org.apache.hadoop.hive.metastore.TUGIBasedProcessor$1.run(TUGIBasedProcessor.java:111)
	at org.apache.hadoop.hive.metastore.TUGIBasedProcessor$1.run(TUGIBasedProcessor.java:107)
	at java.security.AccessController.doPrivileged(Native Method)
	at javax.security.auth.Subject.doAs(Subject.java:422)
	at org.apache.hadoop.security.UserGroupInformation.doAs(UserGroupInformation.java:1682)
	at org.apache.hadoop.hive.metastore.TUGIBasedProcessor.process(TUGIBasedProcessor.java:119)
	at org.apache.thrift.server.TThreadPoolServer$WorkerProcess.run(TThreadPoolServer.java:248)
	at java.util.concurrent.ThreadPoolExecutor.runWorker(ThreadPoolExecutor.java:1149)
	at java.util.concurrent.ThreadPoolExecutor$Worker.run(ThreadPoolExecutor.java:624)
	at java.lang.Thread.run(Thread.java:750)
Caused by: org.apache.derby.shared.common.error.DerbySQLIntegrityConstraintViolationException: DELETE on table 'DBS' caused a violation of foreign key constraint 'TBLS_FK1' for key (2).  The statement has been rolled back.
	at org.apache.derby.impl.jdbc.SQLExceptionFactory.getSQLException(Unknown Source)
	at org.apache.derby.impl.jdbc.Util.generateCsSQLException(Unknown Source)
	at org.apache.derby.impl.jdbc.TransactionResourceImpl.wrapInSQLException(Unknown Source)
	at org.apache.derby.impl.jdbc.TransactionResourceImpl.handleException(Unknown Source)
	at org.apache.derby.impl.jdbc.EmbedConnection.handleException(Unknown Source)
	at org.apache.derby.impl.jdbc.ConnectionChild.handleException(Unknown Source)
	at org.apache.derby.impl.jdbc.EmbedStatement.executeStatement(Unknown Source)
	at org.apache.derby.impl.jdbc.EmbedPreparedStatement.executeBatchElement(Unknown Source)
	... 47 more
Caused by: ERROR 23503: DELETE on table 'DBS' caused a violation of foreign key constraint 'TBLS_FK1' for key (2).  The statement has been rolled back.
	at org.apache.derby.iapi.error.StandardException.newException(Unknown Source)
	at org.apache.derby.iapi.error.StandardException.newException(Unknown Source)
	at org.apache.derby.impl.sql.execute.ReferencedKeyRIChecker.doCheck(Unknown Source)
	at org.apache.derby.impl.sql.execute.RISetChecker.doPKCheck(Unknown Source)
	at org.apache.derby.impl.sql.execute.DeleteResultSet.collectAffectedRows(Unknown Source)
	at org.apache.derby.impl.sql.execute.DeleteResultSet.open(Unknown Source)
	at org.apache.derby.impl.sql.GenericPreparedStatement.executeStmt(Unknown Source)
	at org.apache.derby.impl.sql.GenericPreparedStatement.execute(Unknown Source)
	... 49 more

2024-04-24T12:21:46,480  INFO [TThreadPoolServer WorkerProcess-%d] HiveMetaStore.audit: ugi=alex	ip=127.0.0.1	cmd=source:127.0.0.1 drop_database: @hive#myDb	
2024-04-24T12:21:46,483  INFO [TThreadPoolServer WorkerProcess-%d] HiveMetaStore.audit: ugi=alex	ip=127.0.0.1	cmd=source:127.0.0.1 get_all_tables: db=@hive#myDb	
2024-04-24T12:21:46,484  INFO [TThreadPoolServer WorkerProcess-%d] HiveMetaStore.audit: ugi=alex	ip=127.0.0.1	cmd=source:127.0.0.1 get_functions: db=@hive#myDb pat=*	
2024-04-24T12:21:46,486  INFO [TThreadPoolServer WorkerProcess-%d] HiveMetaStore.audit: ugi=alex	ip=127.0.0.1	cmd=source:127.0.0.1 get_all_stored_procedures	
2024-04-24T12:21:46,487  INFO [TThreadPoolServer WorkerProcess-%d] HiveMetaStore.audit: ugi=alex	ip=127.0.0.1	cmd=source:127.0.0.1 get_all_packages	
2024-04-24T12:21:46,488  INFO [TThreadPoolServer WorkerProcess-%d] HiveMetaStore.audit: ugi=alex	ip=127.0.0.1	cmd=source:127.0.0.1 getTablesByTypeCore: catName=hive: db=myDb pat=.*,type=MATERIALIZED_VIEW	
2024-04-24T12:21:46,491  INFO [TThreadPoolServer WorkerProcess-%d] metastore.ObjectStore: Dropping database hive.myDb along with all tables
2024-04-24T12:21:46,495 ERROR [TThreadPoolServer WorkerProcess-%d] metastore.RetryingHMSHandler: Retrying HMSHandler after 2000 ms (attempt 7 of 10) with error: javax.jdo.JDODataStoreException: Exception thrown flushing changes to datastore
	at org.datanucleus.api.jdo.NucleusJDOHelper.getJDOExceptionForNucleusException(NucleusJDOHelper.java:542)
	at org.datanucleus.api.jdo.JDOPersistenceManager.flush(JDOPersistenceManager.java:2081)
	at org.apache.hadoop.hive.metastore.ObjectStore.addNotificationEvent(ObjectStore.java:11639)
	at sun.reflect.GeneratedMethodAccessor68.invoke(Unknown Source)
	at sun.reflect.DelegatingMethodAccessorImpl.invoke(DelegatingMethodAccessorImpl.java:43)
	at java.lang.reflect.Method.invoke(Method.java:498)
	at org.apache.hadoop.hive.metastore.RawStoreProxy.invoke(RawStoreProxy.java:97)
	at com.sun.proxy.$Proxy32.addNotificationEvent(Unknown Source)
	at org.apache.hive.hcatalog.listener.DbNotificationListener.process(DbNotificationListener.java:1403)
	at org.apache.hive.hcatalog.listener.DbNotificationListener.onDropDatabase(DbNotificationListener.java:513)
	at org.apache.hadoop.hive.metastore.MetaStoreListenerNotifier$26.notify(MetaStoreListenerNotifier.java:99)
	at org.apache.hadoop.hive.metastore.MetaStoreListenerNotifier.notifyEvent(MetaStoreListenerNotifier.java:339)
	at org.apache.hadoop.hive.metastore.HMSHandler.drop_database_core(HMSHandler.java:1785)
	at org.apache.hadoop.hive.metastore.HMSHandler.drop_database(HMSHandler.java:1869)
	at sun.reflect.GeneratedMethodAccessor73.invoke(Unknown Source)
	at sun.reflect.DelegatingMethodAccessorImpl.invoke(DelegatingMethodAccessorImpl.java:43)
	at java.lang.reflect.Method.invoke(Method.java:498)
	at org.apache.hadoop.hive.metastore.RetryingHMSHandler.invokeInternal(RetryingHMSHandler.java:147)
	at org.apache.hadoop.hive.metastore.RetryingHMSHandler.invoke(RetryingHMSHandler.java:108)
	at com.sun.proxy.$Proxy34.drop_database(Unknown Source)
	at org.apache.hadoop.hive.metastore.api.ThriftHiveMetastore$Processor$drop_database.getResult(ThriftHiveMetastore.java:18285)
	at org.apache.hadoop.hive.metastore.api.ThriftHiveMetastore$Processor$drop_database.getResult(ThriftHiveMetastore.java:18264)
	at org.apache.thrift.ProcessFunction.process(ProcessFunction.java:38)
	at org.apache.hadoop.hive.metastore.TUGIBasedProcessor$1.run(TUGIBasedProcessor.java:111)
	at org.apache.hadoop.hive.metastore.TUGIBasedProcessor$1.run(TUGIBasedProcessor.java:107)
	at java.security.AccessController.doPrivileged(Native Method)
	at javax.security.auth.Subject.doAs(Subject.java:422)
	at org.apache.hadoop.security.UserGroupInformation.doAs(UserGroupInformation.java:1682)
	at org.apache.hadoop.hive.metastore.TUGIBasedProcessor.process(TUGIBasedProcessor.java:119)
	at org.apache.thrift.server.TThreadPoolServer$WorkerProcess.run(TThreadPoolServer.java:248)
	at java.util.concurrent.ThreadPoolExecutor.runWorker(ThreadPoolExecutor.java:1149)
	at java.util.concurrent.ThreadPoolExecutor$Worker.run(ThreadPoolExecutor.java:624)
	at java.lang.Thread.run(Thread.java:750)
NestedThrowablesStackTrace:
java.sql.BatchUpdateException: DELETE on table 'DBS' caused a violation of foreign key constraint 'TBLS_FK1' for key (2).  The statement has been rolled back.
	at org.apache.derby.impl.jdbc.EmbedStatement.executeLargeBatch(Unknown Source)
	at org.apache.derby.impl.jdbc.EmbedStatement.executeBatch(Unknown Source)
	at com.zaxxer.hikari.pool.ProxyStatement.executeBatch(ProxyStatement.java:128)
	at com.zaxxer.hikari.pool.HikariProxyPreparedStatement.executeBatch(HikariProxyPreparedStatement.java)
	at org.datanucleus.store.rdbms.ParamLoggingPreparedStatement.executeBatch(ParamLoggingPreparedStatement.java:366)
	at org.datanucleus.store.rdbms.SQLController.processConnectionStatement(SQLController.java:675)
	at org.datanucleus.store.rdbms.SQLController.processStatementsForConnection(SQLController.java:643)
	at org.datanucleus.store.rdbms.SQLController$1.transactionFlushed(SQLController.java:729)
	at org.datanucleus.store.connection.AbstractManagedConnection.transactionFlushed(AbstractManagedConnection.java:95)
	at org.datanucleus.store.connection.ConnectionManagerImpl$2.transactionFlushed(ConnectionManagerImpl.java:528)
	at org.datanucleus.TransactionImpl.flush(TransactionImpl.java:222)
	at org.datanucleus.ExecutionContextImpl.flushInternal(ExecutionContextImpl.java:4068)
	at org.datanucleus.ExecutionContextThreadedImpl.flushInternal(ExecutionContextThreadedImpl.java:448)
	at org.datanucleus.ExecutionContextImpl.flush(ExecutionContextImpl.java:4009)
	at org.datanucleus.ExecutionContextThreadedImpl.flush(ExecutionContextThreadedImpl.java:434)
	at org.datanucleus.api.jdo.JDOPersistenceManager.flush(JDOPersistenceManager.java:2064)
	at org.apache.hadoop.hive.metastore.ObjectStore.addNotificationEvent(ObjectStore.java:11639)
	at sun.reflect.GeneratedMethodAccessor68.invoke(Unknown Source)
	at sun.reflect.DelegatingMethodAccessorImpl.invoke(DelegatingMethodAccessorImpl.java:43)
	at java.lang.reflect.Method.invoke(Method.java:498)
	at org.apache.hadoop.hive.metastore.RawStoreProxy.invoke(RawStoreProxy.java:97)
	at com.sun.proxy.$Proxy32.addNotificationEvent(Unknown Source)
	at org.apache.hive.hcatalog.listener.DbNotificationListener.process(DbNotificationListener.java:1403)
	at org.apache.hive.hcatalog.listener.DbNotificationListener.onDropDatabase(DbNotificationListener.java:513)
	at org.apache.hadoop.hive.metastore.MetaStoreListenerNotifier$26.notify(MetaStoreListenerNotifier.java:99)
	at org.apache.hadoop.hive.metastore.MetaStoreListenerNotifier.notifyEvent(MetaStoreListenerNotifier.java:339)
	at org.apache.hadoop.hive.metastore.HMSHandler.drop_database_core(HMSHandler.java:1785)
	at org.apache.hadoop.hive.metastore.HMSHandler.drop_database(HMSHandler.java:1869)
	at sun.reflect.GeneratedMethodAccessor73.invoke(Unknown Source)
	at sun.reflect.DelegatingMethodAccessorImpl.invoke(DelegatingMethodAccessorImpl.java:43)
	at java.lang.reflect.Method.invoke(Method.java:498)
	at org.apache.hadoop.hive.metastore.RetryingHMSHandler.invokeInternal(RetryingHMSHandler.java:147)
	at org.apache.hadoop.hive.metastore.RetryingHMSHandler.invoke(RetryingHMSHandler.java:108)
	at com.sun.proxy.$Proxy34.drop_database(Unknown Source)
	at org.apache.hadoop.hive.metastore.api.ThriftHiveMetastore$Processor$drop_database.getResult(ThriftHiveMetastore.java:18285)
	at org.apache.hadoop.hive.metastore.api.ThriftHiveMetastore$Processor$drop_database.getResult(ThriftHiveMetastore.java:18264)
	at org.apache.thrift.ProcessFunction.process(ProcessFunction.java:38)
	at org.apache.hadoop.hive.metastore.TUGIBasedProcessor$1.run(TUGIBasedProcessor.java:111)
	at org.apache.hadoop.hive.metastore.TUGIBasedProcessor$1.run(TUGIBasedProcessor.java:107)
	at java.security.AccessController.doPrivileged(Native Method)
	at javax.security.auth.Subject.doAs(Subject.java:422)
	at org.apache.hadoop.security.UserGroupInformation.doAs(UserGroupInformation.java:1682)
	at org.apache.hadoop.hive.metastore.TUGIBasedProcessor.process(TUGIBasedProcessor.java:119)
	at org.apache.thrift.server.TThreadPoolServer$WorkerProcess.run(TThreadPoolServer.java:248)
	at java.util.concurrent.ThreadPoolExecutor.runWorker(ThreadPoolExecutor.java:1149)
	at java.util.concurrent.ThreadPoolExecutor$Worker.run(ThreadPoolExecutor.java:624)
	at java.lang.Thread.run(Thread.java:750)
Caused by: org.apache.derby.shared.common.error.DerbySQLIntegrityConstraintViolationException: DELETE on table 'DBS' caused a violation of foreign key constraint 'TBLS_FK1' for key (2).  The statement has been rolled back.
	at org.apache.derby.impl.jdbc.SQLExceptionFactory.getSQLException(Unknown Source)
	at org.apache.derby.impl.jdbc.Util.generateCsSQLException(Unknown Source)
	at org.apache.derby.impl.jdbc.TransactionResourceImpl.wrapInSQLException(Unknown Source)
	at org.apache.derby.impl.jdbc.TransactionResourceImpl.handleException(Unknown Source)
	at org.apache.derby.impl.jdbc.EmbedConnection.handleException(Unknown Source)
	at org.apache.derby.impl.jdbc.ConnectionChild.handleException(Unknown Source)
	at org.apache.derby.impl.jdbc.EmbedStatement.executeStatement(Unknown Source)
	at org.apache.derby.impl.jdbc.EmbedPreparedStatement.executeBatchElement(Unknown Source)
	... 47 more
Caused by: ERROR 23503: DELETE on table 'DBS' caused a violation of foreign key constraint 'TBLS_FK1' for key (2).  The statement has been rolled back.
	at org.apache.derby.iapi.error.StandardException.newException(Unknown Source)
	at org.apache.derby.iapi.error.StandardException.newException(Unknown Source)
	at org.apache.derby.impl.sql.execute.ReferencedKeyRIChecker.doCheck(Unknown Source)
	at org.apache.derby.impl.sql.execute.RISetChecker.doPKCheck(Unknown Source)
	at org.apache.derby.impl.sql.execute.DeleteResultSet.collectAffectedRows(Unknown Source)
	at org.apache.derby.impl.sql.execute.DeleteResultSet.open(Unknown Source)
	at org.apache.derby.impl.sql.GenericPreparedStatement.executeStmt(Unknown Source)
	at org.apache.derby.impl.sql.GenericPreparedStatement.execute(Unknown Source)
	... 49 more

2024-04-24T12:21:48,496  INFO [TThreadPoolServer WorkerProcess-%d] HiveMetaStore.audit: ugi=alex	ip=127.0.0.1	cmd=source:127.0.0.1 drop_database: @hive#myDb	
2024-04-24T12:21:48,499  INFO [TThreadPoolServer WorkerProcess-%d] HiveMetaStore.audit: ugi=alex	ip=127.0.0.1	cmd=source:127.0.0.1 get_all_tables: db=@hive#myDb	
2024-04-24T12:21:48,500  INFO [TThreadPoolServer WorkerProcess-%d] HiveMetaStore.audit: ugi=alex	ip=127.0.0.1	cmd=source:127.0.0.1 get_functions: db=@hive#myDb pat=*	
2024-04-24T12:21:48,505  INFO [TThreadPoolServer WorkerProcess-%d] HiveMetaStore.audit: ugi=alex	ip=127.0.0.1	cmd=source:127.0.0.1 get_all_stored_procedures	
2024-04-24T12:21:48,508  INFO [TThreadPoolServer WorkerProcess-%d] HiveMetaStore.audit: ugi=alex	ip=127.0.0.1	cmd=source:127.0.0.1 get_all_packages	
2024-04-24T12:21:48,511  INFO [TThreadPoolServer WorkerProcess-%d] HiveMetaStore.audit: ugi=alex	ip=127.0.0.1	cmd=source:127.0.0.1 getTablesByTypeCore: catName=hive: db=myDb pat=.*,type=MATERIALIZED_VIEW	
2024-04-24T12:21:48,514  INFO [TThreadPoolServer WorkerProcess-%d] metastore.ObjectStore: Dropping database hive.myDb along with all tables
2024-04-24T12:21:48,519 ERROR [TThreadPoolServer WorkerProcess-%d] metastore.RetryingHMSHandler: Retrying HMSHandler after 2000 ms (attempt 8 of 10) with error: javax.jdo.JDODataStoreException: Exception thrown flushing changes to datastore
	at org.datanucleus.api.jdo.NucleusJDOHelper.getJDOExceptionForNucleusException(NucleusJDOHelper.java:542)
	at org.datanucleus.api.jdo.JDOPersistenceManager.flush(JDOPersistenceManager.java:2081)
	at org.apache.hadoop.hive.metastore.ObjectStore.addNotificationEvent(ObjectStore.java:11639)
	at sun.reflect.GeneratedMethodAccessor68.invoke(Unknown Source)
	at sun.reflect.DelegatingMethodAccessorImpl.invoke(DelegatingMethodAccessorImpl.java:43)
	at java.lang.reflect.Method.invoke(Method.java:498)
	at org.apache.hadoop.hive.metastore.RawStoreProxy.invoke(RawStoreProxy.java:97)
	at com.sun.proxy.$Proxy32.addNotificationEvent(Unknown Source)
	at org.apache.hive.hcatalog.listener.DbNotificationListener.process(DbNotificationListener.java:1403)
	at org.apache.hive.hcatalog.listener.DbNotificationListener.onDropDatabase(DbNotificationListener.java:513)
	at org.apache.hadoop.hive.metastore.MetaStoreListenerNotifier$26.notify(MetaStoreListenerNotifier.java:99)
	at org.apache.hadoop.hive.metastore.MetaStoreListenerNotifier.notifyEvent(MetaStoreListenerNotifier.java:339)
	at org.apache.hadoop.hive.metastore.HMSHandler.drop_database_core(HMSHandler.java:1785)
	at org.apache.hadoop.hive.metastore.HMSHandler.drop_database(HMSHandler.java:1869)
	at sun.reflect.GeneratedMethodAccessor73.invoke(Unknown Source)
	at sun.reflect.DelegatingMethodAccessorImpl.invoke(DelegatingMethodAccessorImpl.java:43)
	at java.lang.reflect.Method.invoke(Method.java:498)
	at org.apache.hadoop.hive.metastore.RetryingHMSHandler.invokeInternal(RetryingHMSHandler.java:147)
	at org.apache.hadoop.hive.metastore.RetryingHMSHandler.invoke(RetryingHMSHandler.java:108)
	at com.sun.proxy.$Proxy34.drop_database(Unknown Source)
	at org.apache.hadoop.hive.metastore.api.ThriftHiveMetastore$Processor$drop_database.getResult(ThriftHiveMetastore.java:18285)
	at org.apache.hadoop.hive.metastore.api.ThriftHiveMetastore$Processor$drop_database.getResult(ThriftHiveMetastore.java:18264)
	at org.apache.thrift.ProcessFunction.process(ProcessFunction.java:38)
	at org.apache.hadoop.hive.metastore.TUGIBasedProcessor$1.run(TUGIBasedProcessor.java:111)
	at org.apache.hadoop.hive.metastore.TUGIBasedProcessor$1.run(TUGIBasedProcessor.java:107)
	at java.security.AccessController.doPrivileged(Native Method)
	at javax.security.auth.Subject.doAs(Subject.java:422)
	at org.apache.hadoop.security.UserGroupInformation.doAs(UserGroupInformation.java:1682)
	at org.apache.hadoop.hive.metastore.TUGIBasedProcessor.process(TUGIBasedProcessor.java:119)
	at org.apache.thrift.server.TThreadPoolServer$WorkerProcess.run(TThreadPoolServer.java:248)
	at java.util.concurrent.ThreadPoolExecutor.runWorker(ThreadPoolExecutor.java:1149)
	at java.util.concurrent.ThreadPoolExecutor$Worker.run(ThreadPoolExecutor.java:624)
	at java.lang.Thread.run(Thread.java:750)
NestedThrowablesStackTrace:
java.sql.BatchUpdateException: DELETE on table 'DBS' caused a violation of foreign key constraint 'TBLS_FK1' for key (2).  The statement has been rolled back.
	at org.apache.derby.impl.jdbc.EmbedStatement.executeLargeBatch(Unknown Source)
	at org.apache.derby.impl.jdbc.EmbedStatement.executeBatch(Unknown Source)
	at com.zaxxer.hikari.pool.ProxyStatement.executeBatch(ProxyStatement.java:128)
	at com.zaxxer.hikari.pool.HikariProxyPreparedStatement.executeBatch(HikariProxyPreparedStatement.java)
	at org.datanucleus.store.rdbms.ParamLoggingPreparedStatement.executeBatch(ParamLoggingPreparedStatement.java:366)
	at org.datanucleus.store.rdbms.SQLController.processConnectionStatement(SQLController.java:675)
	at org.datanucleus.store.rdbms.SQLController.processStatementsForConnection(SQLController.java:643)
	at org.datanucleus.store.rdbms.SQLController$1.transactionFlushed(SQLController.java:729)
	at org.datanucleus.store.connection.AbstractManagedConnection.transactionFlushed(AbstractManagedConnection.java:95)
	at org.datanucleus.store.connection.ConnectionManagerImpl$2.transactionFlushed(ConnectionManagerImpl.java:528)
	at org.datanucleus.TransactionImpl.flush(TransactionImpl.java:222)
	at org.datanucleus.ExecutionContextImpl.flushInternal(ExecutionContextImpl.java:4068)
	at org.datanucleus.ExecutionContextThreadedImpl.flushInternal(ExecutionContextThreadedImpl.java:448)
	at org.datanucleus.ExecutionContextImpl.flush(ExecutionContextImpl.java:4009)
	at org.datanucleus.ExecutionContextThreadedImpl.flush(ExecutionContextThreadedImpl.java:434)
	at org.datanucleus.api.jdo.JDOPersistenceManager.flush(JDOPersistenceManager.java:2064)
	at org.apache.hadoop.hive.metastore.ObjectStore.addNotificationEvent(ObjectStore.java:11639)
	at sun.reflect.GeneratedMethodAccessor68.invoke(Unknown Source)
	at sun.reflect.DelegatingMethodAccessorImpl.invoke(DelegatingMethodAccessorImpl.java:43)
	at java.lang.reflect.Method.invoke(Method.java:498)
	at org.apache.hadoop.hive.metastore.RawStoreProxy.invoke(RawStoreProxy.java:97)
	at com.sun.proxy.$Proxy32.addNotificationEvent(Unknown Source)
	at org.apache.hive.hcatalog.listener.DbNotificationListener.process(DbNotificationListener.java:1403)
	at org.apache.hive.hcatalog.listener.DbNotificationListener.onDropDatabase(DbNotificationListener.java:513)
	at org.apache.hadoop.hive.metastore.MetaStoreListenerNotifier$26.notify(MetaStoreListenerNotifier.java:99)
	at org.apache.hadoop.hive.metastore.MetaStoreListenerNotifier.notifyEvent(MetaStoreListenerNotifier.java:339)
	at org.apache.hadoop.hive.metastore.HMSHandler.drop_database_core(HMSHandler.java:1785)
	at org.apache.hadoop.hive.metastore.HMSHandler.drop_database(HMSHandler.java:1869)
	at sun.reflect.GeneratedMethodAccessor73.invoke(Unknown Source)
	at sun.reflect.DelegatingMethodAccessorImpl.invoke(DelegatingMethodAccessorImpl.java:43)
	at java.lang.reflect.Method.invoke(Method.java:498)
	at org.apache.hadoop.hive.metastore.RetryingHMSHandler.invokeInternal(RetryingHMSHandler.java:147)
	at org.apache.hadoop.hive.metastore.RetryingHMSHandler.invoke(RetryingHMSHandler.java:108)
	at com.sun.proxy.$Proxy34.drop_database(Unknown Source)
	at org.apache.hadoop.hive.metastore.api.ThriftHiveMetastore$Processor$drop_database.getResult(ThriftHiveMetastore.java:18285)
	at org.apache.hadoop.hive.metastore.api.ThriftHiveMetastore$Processor$drop_database.getResult(ThriftHiveMetastore.java:18264)
	at org.apache.thrift.ProcessFunction.process(ProcessFunction.java:38)
	at org.apache.hadoop.hive.metastore.TUGIBasedProcessor$1.run(TUGIBasedProcessor.java:111)
	at org.apache.hadoop.hive.metastore.TUGIBasedProcessor$1.run(TUGIBasedProcessor.java:107)
	at java.security.AccessController.doPrivileged(Native Method)
	at javax.security.auth.Subject.doAs(Subject.java:422)
	at org.apache.hadoop.security.UserGroupInformation.doAs(UserGroupInformation.java:1682)
	at org.apache.hadoop.hive.metastore.TUGIBasedProcessor.process(TUGIBasedProcessor.java:119)
	at org.apache.thrift.server.TThreadPoolServer$WorkerProcess.run(TThreadPoolServer.java:248)
	at java.util.concurrent.ThreadPoolExecutor.runWorker(ThreadPoolExecutor.java:1149)
	at java.util.concurrent.ThreadPoolExecutor$Worker.run(ThreadPoolExecutor.java:624)
	at java.lang.Thread.run(Thread.java:750)
Caused by: org.apache.derby.shared.common.error.DerbySQLIntegrityConstraintViolationException: DELETE on table 'DBS' caused a violation of foreign key constraint 'TBLS_FK1' for key (2).  The statement has been rolled back.
	at org.apache.derby.impl.jdbc.SQLExceptionFactory.getSQLException(Unknown Source)
	at org.apache.derby.impl.jdbc.Util.generateCsSQLException(Unknown Source)
	at org.apache.derby.impl.jdbc.TransactionResourceImpl.wrapInSQLException(Unknown Source)
	at org.apache.derby.impl.jdbc.TransactionResourceImpl.handleException(Unknown Source)
	at org.apache.derby.impl.jdbc.EmbedConnection.handleException(Unknown Source)
	at org.apache.derby.impl.jdbc.ConnectionChild.handleException(Unknown Source)
	at org.apache.derby.impl.jdbc.EmbedStatement.executeStatement(Unknown Source)
	at org.apache.derby.impl.jdbc.EmbedPreparedStatement.executeBatchElement(Unknown Source)
	... 47 more
Caused by: ERROR 23503: DELETE on table 'DBS' caused a violation of foreign key constraint 'TBLS_FK1' for key (2).  The statement has been rolled back.
	at org.apache.derby.iapi.error.StandardException.newException(Unknown Source)
	at org.apache.derby.iapi.error.StandardException.newException(Unknown Source)
	at org.apache.derby.impl.sql.execute.ReferencedKeyRIChecker.doCheck(Unknown Source)
	at org.apache.derby.impl.sql.execute.RISetChecker.doPKCheck(Unknown Source)
	at org.apache.derby.impl.sql.execute.DeleteResultSet.collectAffectedRows(Unknown Source)
	at org.apache.derby.impl.sql.execute.DeleteResultSet.open(Unknown Source)
	at org.apache.derby.impl.sql.GenericPreparedStatement.executeStmt(Unknown Source)
	at org.apache.derby.impl.sql.GenericPreparedStatement.execute(Unknown Source)
	... 49 more

2024-04-24T12:21:50,520  INFO [TThreadPoolServer WorkerProcess-%d] HiveMetaStore.audit: ugi=alex	ip=127.0.0.1	cmd=source:127.0.0.1 drop_database: @hive#myDb	
2024-04-24T12:21:50,523  INFO [TThreadPoolServer WorkerProcess-%d] HiveMetaStore.audit: ugi=alex	ip=127.0.0.1	cmd=source:127.0.0.1 get_all_tables: db=@hive#myDb	
2024-04-24T12:21:50,524  INFO [TThreadPoolServer WorkerProcess-%d] HiveMetaStore.audit: ugi=alex	ip=127.0.0.1	cmd=source:127.0.0.1 get_functions: db=@hive#myDb pat=*	
2024-04-24T12:21:50,526  INFO [TThreadPoolServer WorkerProcess-%d] HiveMetaStore.audit: ugi=alex	ip=127.0.0.1	cmd=source:127.0.0.1 get_all_stored_procedures	
2024-04-24T12:21:50,527  INFO [TThreadPoolServer WorkerProcess-%d] HiveMetaStore.audit: ugi=alex	ip=127.0.0.1	cmd=source:127.0.0.1 get_all_packages	
2024-04-24T12:21:50,528  INFO [TThreadPoolServer WorkerProcess-%d] HiveMetaStore.audit: ugi=alex	ip=127.0.0.1	cmd=source:127.0.0.1 getTablesByTypeCore: catName=hive: db=myDb pat=.*,type=MATERIALIZED_VIEW	
2024-04-24T12:21:50,532  INFO [TThreadPoolServer WorkerProcess-%d] metastore.ObjectStore: Dropping database hive.myDb along with all tables
2024-04-24T12:21:50,537 ERROR [TThreadPoolServer WorkerProcess-%d] metastore.RetryingHMSHandler: Retrying HMSHandler after 2000 ms (attempt 9 of 10) with error: javax.jdo.JDODataStoreException: Exception thrown flushing changes to datastore
	at org.datanucleus.api.jdo.NucleusJDOHelper.getJDOExceptionForNucleusException(NucleusJDOHelper.java:542)
	at org.datanucleus.api.jdo.JDOPersistenceManager.flush(JDOPersistenceManager.java:2081)
	at org.apache.hadoop.hive.metastore.ObjectStore.addNotificationEvent(ObjectStore.java:11639)
	at sun.reflect.GeneratedMethodAccessor68.invoke(Unknown Source)
	at sun.reflect.DelegatingMethodAccessorImpl.invoke(DelegatingMethodAccessorImpl.java:43)
	at java.lang.reflect.Method.invoke(Method.java:498)
	at org.apache.hadoop.hive.metastore.RawStoreProxy.invoke(RawStoreProxy.java:97)
	at com.sun.proxy.$Proxy32.addNotificationEvent(Unknown Source)
	at org.apache.hive.hcatalog.listener.DbNotificationListener.process(DbNotificationListener.java:1403)
	at org.apache.hive.hcatalog.listener.DbNotificationListener.onDropDatabase(DbNotificationListener.java:513)
	at org.apache.hadoop.hive.metastore.MetaStoreListenerNotifier$26.notify(MetaStoreListenerNotifier.java:99)
	at org.apache.hadoop.hive.metastore.MetaStoreListenerNotifier.notifyEvent(MetaStoreListenerNotifier.java:339)
	at org.apache.hadoop.hive.metastore.HMSHandler.drop_database_core(HMSHandler.java:1785)
	at org.apache.hadoop.hive.metastore.HMSHandler.drop_database(HMSHandler.java:1869)
	at sun.reflect.GeneratedMethodAccessor73.invoke(Unknown Source)
	at sun.reflect.DelegatingMethodAccessorImpl.invoke(DelegatingMethodAccessorImpl.java:43)
	at java.lang.reflect.Method.invoke(Method.java:498)
	at org.apache.hadoop.hive.metastore.RetryingHMSHandler.invokeInternal(RetryingHMSHandler.java:147)
	at org.apache.hadoop.hive.metastore.RetryingHMSHandler.invoke(RetryingHMSHandler.java:108)
	at com.sun.proxy.$Proxy34.drop_database(Unknown Source)
	at org.apache.hadoop.hive.metastore.api.ThriftHiveMetastore$Processor$drop_database.getResult(ThriftHiveMetastore.java:18285)
	at org.apache.hadoop.hive.metastore.api.ThriftHiveMetastore$Processor$drop_database.getResult(ThriftHiveMetastore.java:18264)
	at org.apache.thrift.ProcessFunction.process(ProcessFunction.java:38)
	at org.apache.hadoop.hive.metastore.TUGIBasedProcessor$1.run(TUGIBasedProcessor.java:111)
	at org.apache.hadoop.hive.metastore.TUGIBasedProcessor$1.run(TUGIBasedProcessor.java:107)
	at java.security.AccessController.doPrivileged(Native Method)
	at javax.security.auth.Subject.doAs(Subject.java:422)
	at org.apache.hadoop.security.UserGroupInformation.doAs(UserGroupInformation.java:1682)
	at org.apache.hadoop.hive.metastore.TUGIBasedProcessor.process(TUGIBasedProcessor.java:119)
	at org.apache.thrift.server.TThreadPoolServer$WorkerProcess.run(TThreadPoolServer.java:248)
	at java.util.concurrent.ThreadPoolExecutor.runWorker(ThreadPoolExecutor.java:1149)
	at java.util.concurrent.ThreadPoolExecutor$Worker.run(ThreadPoolExecutor.java:624)
	at java.lang.Thread.run(Thread.java:750)
NestedThrowablesStackTrace:
java.sql.BatchUpdateException: DELETE on table 'DBS' caused a violation of foreign key constraint 'TBLS_FK1' for key (2).  The statement has been rolled back.
	at org.apache.derby.impl.jdbc.EmbedStatement.executeLargeBatch(Unknown Source)
	at org.apache.derby.impl.jdbc.EmbedStatement.executeBatch(Unknown Source)
	at com.zaxxer.hikari.pool.ProxyStatement.executeBatch(ProxyStatement.java:128)
	at com.zaxxer.hikari.pool.HikariProxyPreparedStatement.executeBatch(HikariProxyPreparedStatement.java)
	at org.datanucleus.store.rdbms.ParamLoggingPreparedStatement.executeBatch(ParamLoggingPreparedStatement.java:366)
	at org.datanucleus.store.rdbms.SQLController.processConnectionStatement(SQLController.java:675)
	at org.datanucleus.store.rdbms.SQLController.processStatementsForConnection(SQLController.java:643)
	at org.datanucleus.store.rdbms.SQLController$1.transactionFlushed(SQLController.java:729)
	at org.datanucleus.store.connection.AbstractManagedConnection.transactionFlushed(AbstractManagedConnection.java:95)
	at org.datanucleus.store.connection.ConnectionManagerImpl$2.transactionFlushed(ConnectionManagerImpl.java:528)
	at org.datanucleus.TransactionImpl.flush(TransactionImpl.java:222)
	at org.datanucleus.ExecutionContextImpl.flushInternal(ExecutionContextImpl.java:4068)
	at org.datanucleus.ExecutionContextThreadedImpl.flushInternal(ExecutionContextThreadedImpl.java:448)
	at org.datanucleus.ExecutionContextImpl.flush(ExecutionContextImpl.java:4009)
	at org.datanucleus.ExecutionContextThreadedImpl.flush(ExecutionContextThreadedImpl.java:434)
	at org.datanucleus.api.jdo.JDOPersistenceManager.flush(JDOPersistenceManager.java:2064)
	at org.apache.hadoop.hive.metastore.ObjectStore.addNotificationEvent(ObjectStore.java:11639)
	at sun.reflect.GeneratedMethodAccessor68.invoke(Unknown Source)
	at sun.reflect.DelegatingMethodAccessorImpl.invoke(DelegatingMethodAccessorImpl.java:43)
	at java.lang.reflect.Method.invoke(Method.java:498)
	at org.apache.hadoop.hive.metastore.RawStoreProxy.invoke(RawStoreProxy.java:97)
	at com.sun.proxy.$Proxy32.addNotificationEvent(Unknown Source)
	at org.apache.hive.hcatalog.listener.DbNotificationListener.process(DbNotificationListener.java:1403)
	at org.apache.hive.hcatalog.listener.DbNotificationListener.onDropDatabase(DbNotificationListener.java:513)
	at org.apache.hadoop.hive.metastore.MetaStoreListenerNotifier$26.notify(MetaStoreListenerNotifier.java:99)
	at org.apache.hadoop.hive.metastore.MetaStoreListenerNotifier.notifyEvent(MetaStoreListenerNotifier.java:339)
	at org.apache.hadoop.hive.metastore.HMSHandler.drop_database_core(HMSHandler.java:1785)
	at org.apache.hadoop.hive.metastore.HMSHandler.drop_database(HMSHandler.java:1869)
	at sun.reflect.GeneratedMethodAccessor73.invoke(Unknown Source)
	at sun.reflect.DelegatingMethodAccessorImpl.invoke(DelegatingMethodAccessorImpl.java:43)
	at java.lang.reflect.Method.invoke(Method.java:498)
	at org.apache.hadoop.hive.metastore.RetryingHMSHandler.invokeInternal(RetryingHMSHandler.java:147)
	at org.apache.hadoop.hive.metastore.RetryingHMSHandler.invoke(RetryingHMSHandler.java:108)
	at com.sun.proxy.$Proxy34.drop_database(Unknown Source)
	at org.apache.hadoop.hive.metastore.api.ThriftHiveMetastore$Processor$drop_database.getResult(ThriftHiveMetastore.java:18285)
	at org.apache.hadoop.hive.metastore.api.ThriftHiveMetastore$Processor$drop_database.getResult(ThriftHiveMetastore.java:18264)
	at org.apache.thrift.ProcessFunction.process(ProcessFunction.java:38)
	at org.apache.hadoop.hive.metastore.TUGIBasedProcessor$1.run(TUGIBasedProcessor.java:111)
	at org.apache.hadoop.hive.metastore.TUGIBasedProcessor$1.run(TUGIBasedProcessor.java:107)
	at java.security.AccessController.doPrivileged(Native Method)
	at javax.security.auth.Subject.doAs(Subject.java:422)
	at org.apache.hadoop.security.UserGroupInformation.doAs(UserGroupInformation.java:1682)
	at org.apache.hadoop.hive.metastore.TUGIBasedProcessor.process(TUGIBasedProcessor.java:119)
	at org.apache.thrift.server.TThreadPoolServer$WorkerProcess.run(TThreadPoolServer.java:248)
	at java.util.concurrent.ThreadPoolExecutor.runWorker(ThreadPoolExecutor.java:1149)
	at java.util.concurrent.ThreadPoolExecutor$Worker.run(ThreadPoolExecutor.java:624)
	at java.lang.Thread.run(Thread.java:750)
Caused by: org.apache.derby.shared.common.error.DerbySQLIntegrityConstraintViolationException: DELETE on table 'DBS' caused a violation of foreign key constraint 'TBLS_FK1' for key (2).  The statement has been rolled back.
	at org.apache.derby.impl.jdbc.SQLExceptionFactory.getSQLException(Unknown Source)
	at org.apache.derby.impl.jdbc.Util.generateCsSQLException(Unknown Source)
	at org.apache.derby.impl.jdbc.TransactionResourceImpl.wrapInSQLException(Unknown Source)
	at org.apache.derby.impl.jdbc.TransactionResourceImpl.handleException(Unknown Source)
	at org.apache.derby.impl.jdbc.EmbedConnection.handleException(Unknown Source)
	at org.apache.derby.impl.jdbc.ConnectionChild.handleException(Unknown Source)
	at org.apache.derby.impl.jdbc.EmbedStatement.executeStatement(Unknown Source)
	at org.apache.derby.impl.jdbc.EmbedPreparedStatement.executeBatchElement(Unknown Source)
	... 47 more
Caused by: ERROR 23503: DELETE on table 'DBS' caused a violation of foreign key constraint 'TBLS_FK1' for key (2).  The statement has been rolled back.
	at org.apache.derby.iapi.error.StandardException.newException(Unknown Source)
	at org.apache.derby.iapi.error.StandardException.newException(Unknown Source)
	at org.apache.derby.impl.sql.execute.ReferencedKeyRIChecker.doCheck(Unknown Source)
	at org.apache.derby.impl.sql.execute.RISetChecker.doPKCheck(Unknown Source)
	at org.apache.derby.impl.sql.execute.DeleteResultSet.collectAffectedRows(Unknown Source)
	at org.apache.derby.impl.sql.execute.DeleteResultSet.open(Unknown Source)
	at org.apache.derby.impl.sql.GenericPreparedStatement.executeStmt(Unknown Source)
	at org.apache.derby.impl.sql.GenericPreparedStatement.execute(Unknown Source)
	... 49 more

2024-04-24T12:21:52,538  INFO [TThreadPoolServer WorkerProcess-%d] HiveMetaStore.audit: ugi=alex	ip=127.0.0.1	cmd=source:127.0.0.1 drop_database: @hive#myDb	
2024-04-24T12:21:52,541  INFO [TThreadPoolServer WorkerProcess-%d] HiveMetaStore.audit: ugi=alex	ip=127.0.0.1	cmd=source:127.0.0.1 get_all_tables: db=@hive#myDb	
2024-04-24T12:21:52,543  INFO [TThreadPoolServer WorkerProcess-%d] HiveMetaStore.audit: ugi=alex	ip=127.0.0.1	cmd=source:127.0.0.1 get_functions: db=@hive#myDb pat=*	
2024-04-24T12:21:52,548  INFO [TThreadPoolServer WorkerProcess-%d] HiveMetaStore.audit: ugi=alex	ip=127.0.0.1	cmd=source:127.0.0.1 get_all_stored_procedures	
2024-04-24T12:21:52,550  INFO [TThreadPoolServer WorkerProcess-%d] HiveMetaStore.audit: ugi=alex	ip=127.0.0.1	cmd=source:127.0.0.1 get_all_packages	
2024-04-24T12:21:52,553  INFO [TThreadPoolServer WorkerProcess-%d] HiveMetaStore.audit: ugi=alex	ip=127.0.0.1	cmd=source:127.0.0.1 getTablesByTypeCore: catName=hive: db=myDb pat=.*,type=MATERIALIZED_VIEW	
2024-04-24T12:21:52,561  INFO [TThreadPoolServer WorkerProcess-%d] metastore.ObjectStore: Dropping database hive.myDb along with all tables
2024-04-24T12:21:52,568 ERROR [TThreadPoolServer WorkerProcess-%d] metastore.RetryingHMSHandler: Retrying HMSHandler after 2000 ms (attempt 10 of 10) with error: javax.jdo.JDODataStoreException: Exception thrown flushing changes to datastore
	at org.datanucleus.api.jdo.NucleusJDOHelper.getJDOExceptionForNucleusException(NucleusJDOHelper.java:542)
	at org.datanucleus.api.jdo.JDOPersistenceManager.flush(JDOPersistenceManager.java:2081)
	at org.apache.hadoop.hive.metastore.ObjectStore.addNotificationEvent(ObjectStore.java:11639)
	at sun.reflect.GeneratedMethodAccessor68.invoke(Unknown Source)
	at sun.reflect.DelegatingMethodAccessorImpl.invoke(DelegatingMethodAccessorImpl.java:43)
	at java.lang.reflect.Method.invoke(Method.java:498)
	at org.apache.hadoop.hive.metastore.RawStoreProxy.invoke(RawStoreProxy.java:97)
	at com.sun.proxy.$Proxy32.addNotificationEvent(Unknown Source)
	at org.apache.hive.hcatalog.listener.DbNotificationListener.process(DbNotificationListener.java:1403)
	at org.apache.hive.hcatalog.listener.DbNotificationListener.onDropDatabase(DbNotificationListener.java:513)
	at org.apache.hadoop.hive.metastore.MetaStoreListenerNotifier$26.notify(MetaStoreListenerNotifier.java:99)
	at org.apache.hadoop.hive.metastore.MetaStoreListenerNotifier.notifyEvent(MetaStoreListenerNotifier.java:339)
	at org.apache.hadoop.hive.metastore.HMSHandler.drop_database_core(HMSHandler.java:1785)
	at org.apache.hadoop.hive.metastore.HMSHandler.drop_database(HMSHandler.java:1869)
	at sun.reflect.GeneratedMethodAccessor73.invoke(Unknown Source)
	at sun.reflect.DelegatingMethodAccessorImpl.invoke(DelegatingMethodAccessorImpl.java:43)
	at java.lang.reflect.Method.invoke(Method.java:498)
	at org.apache.hadoop.hive.metastore.RetryingHMSHandler.invokeInternal(RetryingHMSHandler.java:147)
	at org.apache.hadoop.hive.metastore.RetryingHMSHandler.invoke(RetryingHMSHandler.java:108)
	at com.sun.proxy.$Proxy34.drop_database(Unknown Source)
	at org.apache.hadoop.hive.metastore.api.ThriftHiveMetastore$Processor$drop_database.getResult(ThriftHiveMetastore.java:18285)
	at org.apache.hadoop.hive.metastore.api.ThriftHiveMetastore$Processor$drop_database.getResult(ThriftHiveMetastore.java:18264)
	at org.apache.thrift.ProcessFunction.process(ProcessFunction.java:38)
	at org.apache.hadoop.hive.metastore.TUGIBasedProcessor$1.run(TUGIBasedProcessor.java:111)
	at org.apache.hadoop.hive.metastore.TUGIBasedProcessor$1.run(TUGIBasedProcessor.java:107)
	at java.security.AccessController.doPrivileged(Native Method)
	at javax.security.auth.Subject.doAs(Subject.java:422)
	at org.apache.hadoop.security.UserGroupInformation.doAs(UserGroupInformation.java:1682)
	at org.apache.hadoop.hive.metastore.TUGIBasedProcessor.process(TUGIBasedProcessor.java:119)
	at org.apache.thrift.server.TThreadPoolServer$WorkerProcess.run(TThreadPoolServer.java:248)
	at java.util.concurrent.ThreadPoolExecutor.runWorker(ThreadPoolExecutor.java:1149)
	at java.util.concurrent.ThreadPoolExecutor$Worker.run(ThreadPoolExecutor.java:624)
	at java.lang.Thread.run(Thread.java:750)
NestedThrowablesStackTrace:
java.sql.BatchUpdateException: DELETE on table 'DBS' caused a violation of foreign key constraint 'TBLS_FK1' for key (2).  The statement has been rolled back.
	at org.apache.derby.impl.jdbc.EmbedStatement.executeLargeBatch(Unknown Source)
	at org.apache.derby.impl.jdbc.EmbedStatement.executeBatch(Unknown Source)
	at com.zaxxer.hikari.pool.ProxyStatement.executeBatch(ProxyStatement.java:128)
	at com.zaxxer.hikari.pool.HikariProxyPreparedStatement.executeBatch(HikariProxyPreparedStatement.java)
	at org.datanucleus.store.rdbms.ParamLoggingPreparedStatement.executeBatch(ParamLoggingPreparedStatement.java:366)
	at org.datanucleus.store.rdbms.SQLController.processConnectionStatement(SQLController.java:675)
	at org.datanucleus.store.rdbms.SQLController.processStatementsForConnection(SQLController.java:643)
	at org.datanucleus.store.rdbms.SQLController$1.transactionFlushed(SQLController.java:729)
	at org.datanucleus.store.connection.AbstractManagedConnection.transactionFlushed(AbstractManagedConnection.java:95)
	at org.datanucleus.store.connection.ConnectionManagerImpl$2.transactionFlushed(ConnectionManagerImpl.java:528)
	at org.datanucleus.TransactionImpl.flush(TransactionImpl.java:222)
	at org.datanucleus.ExecutionContextImpl.flushInternal(ExecutionContextImpl.java:4068)
	at org.datanucleus.ExecutionContextThreadedImpl.flushInternal(ExecutionContextThreadedImpl.java:448)
	at org.datanucleus.ExecutionContextImpl.flush(ExecutionContextImpl.java:4009)
	at org.datanucleus.ExecutionContextThreadedImpl.flush(ExecutionContextThreadedImpl.java:434)
	at org.datanucleus.api.jdo.JDOPersistenceManager.flush(JDOPersistenceManager.java:2064)
	at org.apache.hadoop.hive.metastore.ObjectStore.addNotificationEvent(ObjectStore.java:11639)
	at sun.reflect.GeneratedMethodAccessor68.invoke(Unknown Source)
	at sun.reflect.DelegatingMethodAccessorImpl.invoke(DelegatingMethodAccessorImpl.java:43)
	at java.lang.reflect.Method.invoke(Method.java:498)
	at org.apache.hadoop.hive.metastore.RawStoreProxy.invoke(RawStoreProxy.java:97)
	at com.sun.proxy.$Proxy32.addNotificationEvent(Unknown Source)
	at org.apache.hive.hcatalog.listener.DbNotificationListener.process(DbNotificationListener.java:1403)
	at org.apache.hive.hcatalog.listener.DbNotificationListener.onDropDatabase(DbNotificationListener.java:513)
	at org.apache.hadoop.hive.metastore.MetaStoreListenerNotifier$26.notify(MetaStoreListenerNotifier.java:99)
	at org.apache.hadoop.hive.metastore.MetaStoreListenerNotifier.notifyEvent(MetaStoreListenerNotifier.java:339)
	at org.apache.hadoop.hive.metastore.HMSHandler.drop_database_core(HMSHandler.java:1785)
	at org.apache.hadoop.hive.metastore.HMSHandler.drop_database(HMSHandler.java:1869)
	at sun.reflect.GeneratedMethodAccessor73.invoke(Unknown Source)
	at sun.reflect.DelegatingMethodAccessorImpl.invoke(DelegatingMethodAccessorImpl.java:43)
	at java.lang.reflect.Method.invoke(Method.java:498)
	at org.apache.hadoop.hive.metastore.RetryingHMSHandler.invokeInternal(RetryingHMSHandler.java:147)
	at org.apache.hadoop.hive.metastore.RetryingHMSHandler.invoke(RetryingHMSHandler.java:108)
	at com.sun.proxy.$Proxy34.drop_database(Unknown Source)
	at org.apache.hadoop.hive.metastore.api.ThriftHiveMetastore$Processor$drop_database.getResult(ThriftHiveMetastore.java:18285)
	at org.apache.hadoop.hive.metastore.api.ThriftHiveMetastore$Processor$drop_database.getResult(ThriftHiveMetastore.java:18264)
	at org.apache.thrift.ProcessFunction.process(ProcessFunction.java:38)
	at org.apache.hadoop.hive.metastore.TUGIBasedProcessor$1.run(TUGIBasedProcessor.java:111)
	at org.apache.hadoop.hive.metastore.TUGIBasedProcessor$1.run(TUGIBasedProcessor.java:107)
	at java.security.AccessController.doPrivileged(Native Method)
	at javax.security.auth.Subject.doAs(Subject.java:422)
	at org.apache.hadoop.security.UserGroupInformation.doAs(UserGroupInformation.java:1682)
	at org.apache.hadoop.hive.metastore.TUGIBasedProcessor.process(TUGIBasedProcessor.java:119)
	at org.apache.thrift.server.TThreadPoolServer$WorkerProcess.run(TThreadPoolServer.java:248)
	at java.util.concurrent.ThreadPoolExecutor.runWorker(ThreadPoolExecutor.java:1149)
	at java.util.concurrent.ThreadPoolExecutor$Worker.run(ThreadPoolExecutor.java:624)
	at java.lang.Thread.run(Thread.java:750)
Caused by: org.apache.derby.shared.common.error.DerbySQLIntegrityConstraintViolationException: DELETE on table 'DBS' caused a violation of foreign key constraint 'TBLS_FK1' for key (2).  The statement has been rolled back.
	at org.apache.derby.impl.jdbc.SQLExceptionFactory.getSQLException(Unknown Source)
	at org.apache.derby.impl.jdbc.Util.generateCsSQLException(Unknown Source)
	at org.apache.derby.impl.jdbc.TransactionResourceImpl.wrapInSQLException(Unknown Source)
	at org.apache.derby.impl.jdbc.TransactionResourceImpl.handleException(Unknown Source)
	at org.apache.derby.impl.jdbc.EmbedConnection.handleException(Unknown Source)
	at org.apache.derby.impl.jdbc.ConnectionChild.handleException(Unknown Source)
	at org.apache.derby.impl.jdbc.EmbedStatement.executeStatement(Unknown Source)
	at org.apache.derby.impl.jdbc.EmbedPreparedStatement.executeBatchElement(Unknown Source)
	... 47 more
Caused by: ERROR 23503: DELETE on table 'DBS' caused a violation of foreign key constraint 'TBLS_FK1' for key (2).  The statement has been rolled back.
	at org.apache.derby.iapi.error.StandardException.newException(Unknown Source)
	at org.apache.derby.iapi.error.StandardException.newException(Unknown Source)
	at org.apache.derby.impl.sql.execute.ReferencedKeyRIChecker.doCheck(Unknown Source)
	at org.apache.derby.impl.sql.execute.RISetChecker.doPKCheck(Unknown Source)
	at org.apache.derby.impl.sql.execute.DeleteResultSet.collectAffectedRows(Unknown Source)
	at org.apache.derby.impl.sql.execute.DeleteResultSet.open(Unknown Source)
	at org.apache.derby.impl.sql.GenericPreparedStatement.executeStmt(Unknown Source)
	at org.apache.derby.impl.sql.GenericPreparedStatement.execute(Unknown Source)
	... 49 more

2024-04-24T12:21:54,569  INFO [TThreadPoolServer WorkerProcess-%d] HiveMetaStore.audit: ugi=alex	ip=127.0.0.1	cmd=source:127.0.0.1 drop_database: @hive#myDb	
2024-04-24T12:21:54,572  INFO [TThreadPoolServer WorkerProcess-%d] HiveMetaStore.audit: ugi=alex	ip=127.0.0.1	cmd=source:127.0.0.1 get_all_tables: db=@hive#myDb	
2024-04-24T12:21:54,573  INFO [TThreadPoolServer WorkerProcess-%d] HiveMetaStore.audit: ugi=alex	ip=127.0.0.1	cmd=source:127.0.0.1 get_functions: db=@hive#myDb pat=*	
2024-04-24T12:21:54,574  INFO [TThreadPoolServer WorkerProcess-%d] HiveMetaStore.audit: ugi=alex	ip=127.0.0.1	cmd=source:127.0.0.1 get_all_stored_procedures	
2024-04-24T12:21:54,575  INFO [TThreadPoolServer WorkerProcess-%d] HiveMetaStore.audit: ugi=alex	ip=127.0.0.1	cmd=source:127.0.0.1 get_all_packages	
2024-04-24T12:21:54,576  INFO [TThreadPoolServer WorkerProcess-%d] HiveMetaStore.audit: ugi=alex	ip=127.0.0.1	cmd=source:127.0.0.1 getTablesByTypeCore: catName=hive: db=myDb pat=.*,type=MATERIALIZED_VIEW	
2024-04-24T12:21:54,578  INFO [TThreadPoolServer WorkerProcess-%d] metastore.ObjectStore: Dropping database hive.myDb along with all tables
2024-04-24T12:21:54,582 ERROR [TThreadPoolServer WorkerProcess-%d] metastore.RetryingHMSHandler: HMSHandler Fatal error: javax.jdo.JDODataStoreException: Exception thrown flushing changes to datastore
	at org.datanucleus.api.jdo.NucleusJDOHelper.getJDOExceptionForNucleusException(NucleusJDOHelper.java:542)
	at org.datanucleus.api.jdo.JDOPersistenceManager.flush(JDOPersistenceManager.java:2081)
	at org.apache.hadoop.hive.metastore.ObjectStore.addNotificationEvent(ObjectStore.java:11639)
	at sun.reflect.GeneratedMethodAccessor68.invoke(Unknown Source)
	at sun.reflect.DelegatingMethodAccessorImpl.invoke(DelegatingMethodAccessorImpl.java:43)
	at java.lang.reflect.Method.invoke(Method.java:498)
	at org.apache.hadoop.hive.metastore.RawStoreProxy.invoke(RawStoreProxy.java:97)
	at com.sun.proxy.$Proxy32.addNotificationEvent(Unknown Source)
	at org.apache.hive.hcatalog.listener.DbNotificationListener.process(DbNotificationListener.java:1403)
	at org.apache.hive.hcatalog.listener.DbNotificationListener.onDropDatabase(DbNotificationListener.java:513)
	at org.apache.hadoop.hive.metastore.MetaStoreListenerNotifier$26.notify(MetaStoreListenerNotifier.java:99)
	at org.apache.hadoop.hive.metastore.MetaStoreListenerNotifier.notifyEvent(MetaStoreListenerNotifier.java:339)
	at org.apache.hadoop.hive.metastore.HMSHandler.drop_database_core(HMSHandler.java:1785)
	at org.apache.hadoop.hive.metastore.HMSHandler.drop_database(HMSHandler.java:1869)
	at sun.reflect.GeneratedMethodAccessor73.invoke(Unknown Source)
	at sun.reflect.DelegatingMethodAccessorImpl.invoke(DelegatingMethodAccessorImpl.java:43)
	at java.lang.reflect.Method.invoke(Method.java:498)
	at org.apache.hadoop.hive.metastore.RetryingHMSHandler.invokeInternal(RetryingHMSHandler.java:147)
	at org.apache.hadoop.hive.metastore.RetryingHMSHandler.invoke(RetryingHMSHandler.java:108)
	at com.sun.proxy.$Proxy34.drop_database(Unknown Source)
	at org.apache.hadoop.hive.metastore.api.ThriftHiveMetastore$Processor$drop_database.getResult(ThriftHiveMetastore.java:18285)
	at org.apache.hadoop.hive.metastore.api.ThriftHiveMetastore$Processor$drop_database.getResult(ThriftHiveMetastore.java:18264)
	at org.apache.thrift.ProcessFunction.process(ProcessFunction.java:38)
	at org.apache.hadoop.hive.metastore.TUGIBasedProcessor$1.run(TUGIBasedProcessor.java:111)
	at org.apache.hadoop.hive.metastore.TUGIBasedProcessor$1.run(TUGIBasedProcessor.java:107)
	at java.security.AccessController.doPrivileged(Native Method)
	at javax.security.auth.Subject.doAs(Subject.java:422)
	at org.apache.hadoop.security.UserGroupInformation.doAs(UserGroupInformation.java:1682)
	at org.apache.hadoop.hive.metastore.TUGIBasedProcessor.process(TUGIBasedProcessor.java:119)
	at org.apache.thrift.server.TThreadPoolServer$WorkerProcess.run(TThreadPoolServer.java:248)
	at java.util.concurrent.ThreadPoolExecutor.runWorker(ThreadPoolExecutor.java:1149)
	at java.util.concurrent.ThreadPoolExecutor$Worker.run(ThreadPoolExecutor.java:624)
	at java.lang.Thread.run(Thread.java:750)
NestedThrowablesStackTrace:
java.sql.BatchUpdateException: DELETE on table 'DBS' caused a violation of foreign key constraint 'TBLS_FK1' for key (2).  The statement has been rolled back.
	at org.apache.derby.impl.jdbc.EmbedStatement.executeLargeBatch(Unknown Source)
	at org.apache.derby.impl.jdbc.EmbedStatement.executeBatch(Unknown Source)
	at com.zaxxer.hikari.pool.ProxyStatement.executeBatch(ProxyStatement.java:128)
	at com.zaxxer.hikari.pool.HikariProxyPreparedStatement.executeBatch(HikariProxyPreparedStatement.java)
	at org.datanucleus.store.rdbms.ParamLoggingPreparedStatement.executeBatch(ParamLoggingPreparedStatement.java:366)
	at org.datanucleus.store.rdbms.SQLController.processConnectionStatement(SQLController.java:675)
	at org.datanucleus.store.rdbms.SQLController.processStatementsForConnection(SQLController.java:643)
	at org.datanucleus.store.rdbms.SQLController$1.transactionFlushed(SQLController.java:729)
	at org.datanucleus.store.connection.AbstractManagedConnection.transactionFlushed(AbstractManagedConnection.java:95)
	at org.datanucleus.store.connection.ConnectionManagerImpl$2.transactionFlushed(ConnectionManagerImpl.java:528)
	at org.datanucleus.TransactionImpl.flush(TransactionImpl.java:222)
	at org.datanucleus.ExecutionContextImpl.flushInternal(ExecutionContextImpl.java:4068)
	at org.datanucleus.ExecutionContextThreadedImpl.flushInternal(ExecutionContextThreadedImpl.java:448)
	at org.datanucleus.ExecutionContextImpl.flush(ExecutionContextImpl.java:4009)
	at org.datanucleus.ExecutionContextThreadedImpl.flush(ExecutionContextThreadedImpl.java:434)
	at org.datanucleus.api.jdo.JDOPersistenceManager.flush(JDOPersistenceManager.java:2064)
	at org.apache.hadoop.hive.metastore.ObjectStore.addNotificationEvent(ObjectStore.java:11639)
	at sun.reflect.GeneratedMethodAccessor68.invoke(Unknown Source)
	at sun.reflect.DelegatingMethodAccessorImpl.invoke(DelegatingMethodAccessorImpl.java:43)
	at java.lang.reflect.Method.invoke(Method.java:498)
	at org.apache.hadoop.hive.metastore.RawStoreProxy.invoke(RawStoreProxy.java:97)
	at com.sun.proxy.$Proxy32.addNotificationEvent(Unknown Source)
	at org.apache.hive.hcatalog.listener.DbNotificationListener.process(DbNotificationListener.java:1403)
	at org.apache.hive.hcatalog.listener.DbNotificationListener.onDropDatabase(DbNotificationListener.java:513)
	at org.apache.hadoop.hive.metastore.MetaStoreListenerNotifier$26.notify(MetaStoreListenerNotifier.java:99)
	at org.apache.hadoop.hive.metastore.MetaStoreListenerNotifier.notifyEvent(MetaStoreListenerNotifier.java:339)
	at org.apache.hadoop.hive.metastore.HMSHandler.drop_database_core(HMSHandler.java:1785)
	at org.apache.hadoop.hive.metastore.HMSHandler.drop_database(HMSHandler.java:1869)
	at sun.reflect.GeneratedMethodAccessor73.invoke(Unknown Source)
	at sun.reflect.DelegatingMethodAccessorImpl.invoke(DelegatingMethodAccessorImpl.java:43)
	at java.lang.reflect.Method.invoke(Method.java:498)
	at org.apache.hadoop.hive.metastore.RetryingHMSHandler.invokeInternal(RetryingHMSHandler.java:147)
	at org.apache.hadoop.hive.metastore.RetryingHMSHandler.invoke(RetryingHMSHandler.java:108)
	at com.sun.proxy.$Proxy34.drop_database(Unknown Source)
	at org.apache.hadoop.hive.metastore.api.ThriftHiveMetastore$Processor$drop_database.getResult(ThriftHiveMetastore.java:18285)
	at org.apache.hadoop.hive.metastore.api.ThriftHiveMetastore$Processor$drop_database.getResult(ThriftHiveMetastore.java:18264)
	at org.apache.thrift.ProcessFunction.process(ProcessFunction.java:38)
	at org.apache.hadoop.hive.metastore.TUGIBasedProcessor$1.run(TUGIBasedProcessor.java:111)
	at org.apache.hadoop.hive.metastore.TUGIBasedProcessor$1.run(TUGIBasedProcessor.java:107)
	at java.security.AccessController.doPrivileged(Native Method)
	at javax.security.auth.Subject.doAs(Subject.java:422)
	at org.apache.hadoop.security.UserGroupInformation.doAs(UserGroupInformation.java:1682)
	at org.apache.hadoop.hive.metastore.TUGIBasedProcessor.process(TUGIBasedProcessor.java:119)
	at org.apache.thrift.server.TThreadPoolServer$WorkerProcess.run(TThreadPoolServer.java:248)
	at java.util.concurrent.ThreadPoolExecutor.runWorker(ThreadPoolExecutor.java:1149)
	at java.util.concurrent.ThreadPoolExecutor$Worker.run(ThreadPoolExecutor.java:624)
	at java.lang.Thread.run(Thread.java:750)
Caused by: org.apache.derby.shared.common.error.DerbySQLIntegrityConstraintViolationException: DELETE on table 'DBS' caused a violation of foreign key constraint 'TBLS_FK1' for key (2).  The statement has been rolled back.
	at org.apache.derby.impl.jdbc.SQLExceptionFactory.getSQLException(Unknown Source)
	at org.apache.derby.impl.jdbc.Util.generateCsSQLException(Unknown Source)
	at org.apache.derby.impl.jdbc.TransactionResourceImpl.wrapInSQLException(Unknown Source)
	at org.apache.derby.impl.jdbc.TransactionResourceImpl.handleException(Unknown Source)
	at org.apache.derby.impl.jdbc.EmbedConnection.handleException(Unknown Source)
	at org.apache.derby.impl.jdbc.ConnectionChild.handleException(Unknown Source)
	at org.apache.derby.impl.jdbc.EmbedStatement.executeStatement(Unknown Source)
	at org.apache.derby.impl.jdbc.EmbedPreparedStatement.executeBatchElement(Unknown Source)
	... 47 more
Caused by: ERROR 23503: DELETE on table 'DBS' caused a violation of foreign key constraint 'TBLS_FK1' for key (2).  The statement has been rolled back.
	at org.apache.derby.iapi.error.StandardException.newException(Unknown Source)
	at org.apache.derby.iapi.error.StandardException.newException(Unknown Source)
	at org.apache.derby.impl.sql.execute.ReferencedKeyRIChecker.doCheck(Unknown Source)
	at org.apache.derby.impl.sql.execute.RISetChecker.doPKCheck(Unknown Source)
	at org.apache.derby.impl.sql.execute.DeleteResultSet.collectAffectedRows(Unknown Source)
	at org.apache.derby.impl.sql.execute.DeleteResultSet.open(Unknown Source)
	at org.apache.derby.impl.sql.GenericPreparedStatement.executeStmt(Unknown Source)
	at org.apache.derby.impl.sql.GenericPreparedStatement.execute(Unknown Source)
	... 49 more

2024-04-24T12:21:54,583 ERROR [main] api.TestHCatClient: Unexpected exception!
org.apache.hive.hcatalog.common.HCatException: org.apache.hive.hcatalog.common.HCatException : 9001 : Exception occurred while processing HCat request : MetaException while dropping db.. Cause : MetaException(message:javax.jdo.JDODataStoreException: Exception thrown flushing changes to datastore
NestedThrowables:
java.sql.BatchUpdateException: DELETE on table 'DBS' caused a violation of foreign key constraint 'TBLS_FK1' for key (2).  The statement has been rolled back.)
	at org.apache.hive.hcatalog.api.HCatClientHMSImpl.dropDatabase(HCatClientHMSImpl.java:164) ~[classes/:?]
	at org.apache.hive.hcatalog.api.TestHCatClient.testGetPartitionsWithPartialSpec(TestHCatClient.java:742) [test-classes/:?]
	at sun.reflect.NativeMethodAccessorImpl.invoke0(Native Method) ~[?:1.8.0_402]
	at sun.reflect.NativeMethodAccessorImpl.invoke(NativeMethodAccessorImpl.java:62) ~[?:1.8.0_402]
	at sun.reflect.DelegatingMethodAccessorImpl.invoke(DelegatingMethodAccessorImpl.java:43) ~[?:1.8.0_402]
	at java.lang.reflect.Method.invoke(Method.java:498) ~[?:1.8.0_402]
	at org.junit.runners.model.FrameworkMethod$1.runReflectiveCall(FrameworkMethod.java:59) [junit-4.13.jar:4.13]
	at org.junit.internal.runners.model.ReflectiveCallable.run(ReflectiveCallable.java:12) [junit-4.13.jar:4.13]
	at org.junit.runners.model.FrameworkMethod.invokeExplosively(FrameworkMethod.java:56) [junit-4.13.jar:4.13]
	at org.junit.internal.runners.statements.InvokeMethod.evaluate(InvokeMethod.java:17) [junit-4.13.jar:4.13]
	at org.junit.runners.ParentRunner$3.evaluate(ParentRunner.java:306) [junit-4.13.jar:4.13]
	at org.junit.runners.BlockJUnit4ClassRunner$1.evaluate(BlockJUnit4ClassRunner.java:100) [junit-4.13.jar:4.13]
	at org.junit.runners.ParentRunner.runLeaf(ParentRunner.java:366) [junit-4.13.jar:4.13]
	at org.junit.runners.BlockJUnit4ClassRunner.runChild(BlockJUnit4ClassRunner.java:103) [junit-4.13.jar:4.13]
	at org.junit.runners.BlockJUnit4ClassRunner.runChild(BlockJUnit4ClassRunner.java:63) [junit-4.13.jar:4.13]
	at org.junit.runners.ParentRunner$4.run(ParentRunner.java:331) [junit-4.13.jar:4.13]
	at org.junit.runners.ParentRunner$1.schedule(ParentRunner.java:79) [junit-4.13.jar:4.13]
	at org.junit.runners.ParentRunner.runChildren(ParentRunner.java:329) [junit-4.13.jar:4.13]
	at org.junit.runners.ParentRunner.access$100(ParentRunner.java:66) [junit-4.13.jar:4.13]
	at org.junit.runners.ParentRunner$2.evaluate(ParentRunner.java:293) [junit-4.13.jar:4.13]
	at org.junit.internal.runners.statements.RunBefores.evaluate(RunBefores.java:26) [junit-4.13.jar:4.13]
	at org.junit.internal.runners.statements.RunAfters.evaluate(RunAfters.java:27) [junit-4.13.jar:4.13]
	at org.junit.runners.ParentRunner$3.evaluate(ParentRunner.java:306) [junit-4.13.jar:4.13]
	at org.junit.runners.ParentRunner.run(ParentRunner.java:413) [junit-4.13.jar:4.13]
	at org.junit.runners.Suite.runChild(Suite.java:128) [junit-4.13.jar:4.13]
	at org.junit.runners.Suite.runChild(Suite.java:27) [junit-4.13.jar:4.13]
	at org.junit.runners.ParentRunner$4.run(ParentRunner.java:331) [junit-4.13.jar:4.13]
	at org.junit.runners.ParentRunner$1.schedule(ParentRunner.java:79) [junit-4.13.jar:4.13]
	at org.junit.runners.ParentRunner.runChildren(ParentRunner.java:329) [junit-4.13.jar:4.13]
	at org.junit.runners.ParentRunner.access$100(ParentRunner.java:66) [junit-4.13.jar:4.13]
	at org.junit.runners.ParentRunner$2.evaluate(ParentRunner.java:293) [junit-4.13.jar:4.13]
	at org.junit.runners.ParentRunner$3.evaluate(ParentRunner.java:306) [junit-4.13.jar:4.13]
	at org.junit.runners.ParentRunner.run(ParentRunner.java:413) [junit-4.13.jar:4.13]
	at org.apache.maven.surefire.junitcore.JUnitCore.run(JUnitCore.java:55) [surefire-junit47-3.0.0-M4.jar:3.0.0-M4]
	at org.apache.maven.surefire.junitcore.JUnitCoreWrapper.createRequestAndRun(JUnitCoreWrapper.java:137) [surefire-junit47-3.0.0-M4.jar:3.0.0-M4]
	at org.apache.maven.surefire.junitcore.JUnitCoreWrapper.executeEager(JUnitCoreWrapper.java:107) [surefire-junit47-3.0.0-M4.jar:3.0.0-M4]
	at org.apache.maven.surefire.junitcore.JUnitCoreWrapper.execute(JUnitCoreWrapper.java:83) [surefire-junit47-3.0.0-M4.jar:3.0.0-M4]
	at org.apache.maven.surefire.junitcore.JUnitCoreWrapper.execute(JUnitCoreWrapper.java:75) [surefire-junit47-3.0.0-M4.jar:3.0.0-M4]
	at org.apache.maven.surefire.junitcore.JUnitCoreProvider.invoke(JUnitCoreProvider.java:158) [surefire-junit47-3.0.0-M4.jar:3.0.0-M4]
	at org.apache.maven.surefire.booter.ForkedBooter.runSuitesInProcess(ForkedBooter.java:377) [surefire-booter-3.0.0-M4.jar:3.0.0-M4]
	at org.apache.maven.surefire.booter.ForkedBooter.execute(ForkedBooter.java:138) [surefire-booter-3.0.0-M4.jar:3.0.0-M4]
	at org.apache.maven.surefire.booter.ForkedBooter.run(ForkedBooter.java:465) [surefire-booter-3.0.0-M4.jar:3.0.0-M4]
	at org.apache.maven.surefire.booter.ForkedBooter.main(ForkedBooter.java:451) [surefire-booter-3.0.0-M4.jar:3.0.0-M4]
Caused by: org.apache.hadoop.hive.metastore.api.MetaException: javax.jdo.JDODataStoreException: Exception thrown flushing changes to datastore
NestedThrowables:
java.sql.BatchUpdateException: DELETE on table 'DBS' caused a violation of foreign key constraint 'TBLS_FK1' for key (2).  The statement has been rolled back.
	at org.apache.hadoop.hive.metastore.api.ThriftHiveMetastore$drop_database_result$drop_database_resultStandardScheme.read(ThriftHiveMetastore.java:54495) ~[classes/:?]
	at org.apache.hadoop.hive.metastore.api.ThriftHiveMetastore$drop_database_result$drop_database_resultStandardScheme.read(ThriftHiveMetastore.java:54463) ~[classes/:?]
	at org.apache.hadoop.hive.metastore.api.ThriftHiveMetastore$drop_database_result.read(ThriftHiveMetastore.java:54397) ~[classes/:?]
	at org.apache.thrift.TServiceClient.receiveBase(TServiceClient.java:88) ~[libthrift-0.14.1.jar:0.14.1]
	at org.apache.hadoop.hive.metastore.api.ThriftHiveMetastore$Client.recv_drop_database(ThriftHiveMetastore.java:1404) ~[classes/:?]
	at org.apache.hadoop.hive.metastore.api.ThriftHiveMetastore$Client.drop_database(ThriftHiveMetastore.java:1389) ~[classes/:?]
	at org.apache.hadoop.hive.metastore.HiveMetaStoreClient.dropDatabaseCascadePerDb(HiveMetaStoreClient.java:1601) ~[classes/:?]
	at org.apache.hadoop.hive.metastore.HiveMetaStoreClient.dropDatabase(HiveMetaStoreClient.java:1532) ~[classes/:?]
	at org.apache.hadoop.hive.metastore.HiveMetaStoreClient.dropDatabase(HiveMetaStoreClient.java:1485) ~[classes/:?]
	at sun.reflect.NativeMethodAccessorImpl.invoke0(Native Method) ~[?:1.8.0_402]
	at sun.reflect.NativeMethodAccessorImpl.invoke(NativeMethodAccessorImpl.java:62) ~[?:1.8.0_402]
	at sun.reflect.DelegatingMethodAccessorImpl.invoke(DelegatingMethodAccessorImpl.java:43) ~[?:1.8.0_402]
	at java.lang.reflect.Method.invoke(Method.java:498) ~[?:1.8.0_402]
	at org.apache.hadoop.hive.metastore.RetryingMetaStoreClient.invoke(RetryingMetaStoreClient.java:214) ~[classes/:?]
	at com.sun.proxy.$Proxy35.dropDatabase(Unknown Source) ~[?:?]
	at org.apache.hive.hcatalog.api.HCatClientHMSImpl.dropDatabase(HCatClientHMSImpl.java:154) ~[classes/:?]
	... 42 more
]]></system-err>
  </testcase>
  <testcase name="testDatabaseLocation" classname="org.apache.hive.hcatalog.api.TestHCatClient" time="0.091"/>
  <testcase name="testDropPartitionsWithPartialSpec" classname="org.apache.hive.hcatalog.api.TestHCatClient" time="71.904">
    <failure message="Unexpected exception! org.apache.hive.hcatalog.common.HCatException : 9001 : Exception occurred while processing HCat request : MetaException while dropping db.. Cause : MetaException(message:javax.jdo.JDODataStoreException: Exception thrown flushing changes to datastore&#10;NestedThrowables:&#10;java.sql.BatchUpdateException: DELETE on table &apos;DBS&apos; caused a violation of foreign key constraint &apos;TBLS_FK1&apos; for key (4).  The statement has been rolled back.)" type="java.lang.AssertionError"><![CDATA[java.lang.AssertionError: 
Unexpected exception! org.apache.hive.hcatalog.common.HCatException : 9001 : Exception occurred while processing HCat request : MetaException while dropping db.. Cause : MetaException(message:javax.jdo.JDODataStoreException: Exception thrown flushing changes to datastore
NestedThrowables:
java.sql.BatchUpdateException: DELETE on table 'DBS' caused a violation of foreign key constraint 'TBLS_FK1' for key (4).  The statement has been rolled back.)
	at org.junit.Assert.fail(Assert.java:89)
	at org.junit.Assert.assertTrue(Assert.java:42)
	at org.apache.hive.hcatalog.api.TestHCatClient.testDropPartitionsWithPartialSpec(TestHCatClient.java:809)
	at sun.reflect.NativeMethodAccessorImpl.invoke0(Native Method)
	at sun.reflect.NativeMethodAccessorImpl.invoke(NativeMethodAccessorImpl.java:62)
	at sun.reflect.DelegatingMethodAccessorImpl.invoke(DelegatingMethodAccessorImpl.java:43)
	at java.lang.reflect.Method.invoke(Method.java:498)
	at org.junit.runners.model.FrameworkMethod$1.runReflectiveCall(FrameworkMethod.java:59)
	at org.junit.internal.runners.model.ReflectiveCallable.run(ReflectiveCallable.java:12)
	at org.junit.runners.model.FrameworkMethod.invokeExplosively(FrameworkMethod.java:56)
	at org.junit.internal.runners.statements.InvokeMethod.evaluate(InvokeMethod.java:17)
	at org.junit.runners.ParentRunner$3.evaluate(ParentRunner.java:306)
	at org.junit.runners.BlockJUnit4ClassRunner$1.evaluate(BlockJUnit4ClassRunner.java:100)
	at org.junit.runners.ParentRunner.runLeaf(ParentRunner.java:366)
	at org.junit.runners.BlockJUnit4ClassRunner.runChild(BlockJUnit4ClassRunner.java:103)
	at org.junit.runners.BlockJUnit4ClassRunner.runChild(BlockJUnit4ClassRunner.java:63)
	at org.junit.runners.ParentRunner$4.run(ParentRunner.java:331)
	at org.junit.runners.ParentRunner$1.schedule(ParentRunner.java:79)
	at org.junit.runners.ParentRunner.runChildren(ParentRunner.java:329)
	at org.junit.runners.ParentRunner.access$100(ParentRunner.java:66)
	at org.junit.runners.ParentRunner$2.evaluate(ParentRunner.java:293)
	at org.junit.internal.runners.statements.RunBefores.evaluate(RunBefores.java:26)
	at org.junit.internal.runners.statements.RunAfters.evaluate(RunAfters.java:27)
	at org.junit.runners.ParentRunner$3.evaluate(ParentRunner.java:306)
	at org.junit.runners.ParentRunner.run(ParentRunner.java:413)
	at org.junit.runners.Suite.runChild(Suite.java:128)
	at org.junit.runners.Suite.runChild(Suite.java:27)
	at org.junit.runners.ParentRunner$4.run(ParentRunner.java:331)
	at org.junit.runners.ParentRunner$1.schedule(ParentRunner.java:79)
	at org.junit.runners.ParentRunner.runChildren(ParentRunner.java:329)
	at org.junit.runners.ParentRunner.access$100(ParentRunner.java:66)
	at org.junit.runners.ParentRunner$2.evaluate(ParentRunner.java:293)
	at org.junit.runners.ParentRunner$3.evaluate(ParentRunner.java:306)
	at org.junit.runners.ParentRunner.run(ParentRunner.java:413)
	at org.apache.maven.surefire.junitcore.JUnitCore.run(JUnitCore.java:55)
	at org.apache.maven.surefire.junitcore.JUnitCoreWrapper.createRequestAndRun(JUnitCoreWrapper.java:137)
	at org.apache.maven.surefire.junitcore.JUnitCoreWrapper.executeEager(JUnitCoreWrapper.java:107)
	at org.apache.maven.surefire.junitcore.JUnitCoreWrapper.execute(JUnitCoreWrapper.java:83)
	at org.apache.maven.surefire.junitcore.JUnitCoreWrapper.execute(JUnitCoreWrapper.java:75)
	at org.apache.maven.surefire.junitcore.JUnitCoreProvider.invoke(JUnitCoreProvider.java:158)
	at org.apache.maven.surefire.booter.ForkedBooter.runSuitesInProcess(ForkedBooter.java:377)
	at org.apache.maven.surefire.booter.ForkedBooter.execute(ForkedBooter.java:138)
	at org.apache.maven.surefire.booter.ForkedBooter.run(ForkedBooter.java:465)
	at org.apache.maven.surefire.booter.ForkedBooter.main(ForkedBooter.java:451)
]]></failure>
    <system-err><![CDATA[2024-04-24T12:21:54,771  WARN [main] conf.HiveConf: HiveConf of name hive.llap.io.cache.orc.alloc.min does not exist
2024-04-24T12:21:54,771  WARN [main] conf.HiveConf: HiveConf of name hive.dummyparam.test.server.specific.config.hivesite does not exist
2024-04-24T12:21:54,771  WARN [main] conf.HiveConf: HiveConf of name hive.llap.io.cache.orc.size does not exist
2024-04-24T12:21:54,771  WARN [main] conf.HiveConf: HiveConf of name hive.llap.io.cache.orc.alloc.max does not exist
2024-04-24T12:21:54,771  WARN [main] conf.HiveConf: HiveConf of name hive.metastore.client.cache.recordStats does not exist
2024-04-24T12:21:54,772  WARN [main] conf.HiveConf: HiveConf of name hive.dummyparam.test.server.specific.config.metastoresite does not exist
2024-04-24T12:21:54,772  WARN [main] conf.HiveConf: HiveConf of name hive.dummyparam.test.server.specific.config.override does not exist
2024-04-24T12:21:54,772  WARN [main] conf.HiveConf: HiveConf of name hive.metastore.client.cache.maxSize does not exist
2024-04-24T12:21:54,772  WARN [main] conf.HiveConf: HiveConf of name hive.stats.key.prefix.reserve.length does not exist
2024-04-24T12:21:54,772  WARN [main] conf.HiveConf: HiveConf of name hive.metastore.metadb.dir does not exist
2024-04-24T12:21:54,772  WARN [main] conf.HiveConf: HiveConf of name hive.llap.io.cache.orc.arena.size does not exist
2024-04-24T12:21:54,773  INFO [main] common.HCatUtil: mapreduce.lib.hcatoutput.hive.conf not set. Generating configuration differences.
2024-04-24T12:21:54,775  INFO [main] common.HCatUtil: Configuration differences={datanucleus.schema.autoCreateAll=true, hive.exec.scratchdir=${test.tmp.dir}/scratchdir, hive.strict.timestamp.conversion=false, datanucleus.connectionPool.maxPoolSize=4, hive.ignore.mapjoin.hint=false, hive.query.reexecution.stats.persist.scope=query, hive.cbo.fallback.strategy=TEST, hive.users.in.admin.role=hive_admin_user, hive.metastore.warehouse.dir=${test.warehouse.dir}, hive.server2.operation.log.purgePolicy.timeToLive=5s, hive.llap.io.allocator.direct=false, hive.default.rcfile.serde=org.apache.hadoop.hive.serde2.columnar.ColumnarSerDe, javax.jdo.option.ConnectionURL=jdbc:derby:memory:${test.tmp.dir}/junit_metastore_db;create=true, hive.test.dummystats.aggregator=value2, hive.scheduled.queries.executor.enabled=false, hive.querylog.location=${test.tmp.dir}/tmp, hive.jar.path=${maven.local.repository}/org/apache/hive/hive-exec/${hive.version}/hive-exec-${hive.version}.jar, hive.exec.local.scratchdir=${test.tmp.dir}/localscratchdir/, hive.fetch.task.conversion=minimal, hive.mapjoin.max.gc.time.percentage=0.99, hive.security.authorization.manager=org.apache.hadoop.hive.ql.security.authorization.plugin.sqlstd.SQLStdHiveAuthorizerFactoryForTest, hive.in.test=true, hive.stats.fetch.bitvector=true, hive.query.results.cache.enabled=false, hive.metastore.client.cache.enabled=true, hive.auto.convert.join=false, hive.exec.submit.local.task.via.child=false, hive.metastore.schema.verification=false, hive.conf.restricted.list=from.hivemetastore-site.xml}
2024-04-24T12:21:54,776  INFO [TThreadPoolServer WorkerProcess-%d] HiveMetaStore.audit: ugi=alex	ip=127.0.0.1	cmd=source:127.0.0.1 get_databases: @hive#NonExistentDatabaseUsedForHealthCheck	
2024-04-24T12:21:54,778  INFO [TThreadPoolServer WorkerProcess-%d] HiveMetaStore.audit: ugi=alex	ip=127.0.0.1	cmd=source:127.0.0.1 get_database: myDb	
2024-04-24T12:21:54,780  INFO [TThreadPoolServer WorkerProcess-%d] HiveMetaStore.audit: ugi=alex	ip=127.0.0.1	cmd=source:127.0.0.1 get_tables_by_type: db=@hive#myDb pat=.*,type=MATERIALIZED_VIEW	
2024-04-24T12:21:54,780  INFO [TThreadPoolServer WorkerProcess-%d] HiveMetaStore.audit: ugi=alex	ip=127.0.0.1	cmd=source:127.0.0.1 getTablesByTypeCore: catName=hive: db=myDb pat=.*,type=MATERIALIZED_VIEW	
2024-04-24T12:21:54,783  INFO [TThreadPoolServer WorkerProcess-%d] HiveMetaStore.audit: ugi=alex	ip=127.0.0.1	cmd=source:127.0.0.1 get_all_tables: db=@hive#myDb	
2024-04-24T12:21:54,786  INFO [TThreadPoolServer WorkerProcess-%d] HiveMetaStore.audit: ugi=alex	ip=127.0.0.1	cmd=source:127.0.0.1 get_multi_table : db=myDb tbls=mytable	
2024-04-24T12:21:54,789  INFO [TThreadPoolServer WorkerProcess-%d] HiveMetaStore.audit: ugi=alex	ip=127.0.0.1	cmd=source:127.0.0.1 drop_database: @hive#myDb	
2024-04-24T12:21:54,790  INFO [TThreadPoolServer WorkerProcess-%d] HiveMetaStore.audit: ugi=alex	ip=127.0.0.1	cmd=source:127.0.0.1 get_all_tables: db=@hive#myDb	
2024-04-24T12:21:54,791  INFO [TThreadPoolServer WorkerProcess-%d] HiveMetaStore.audit: ugi=alex	ip=127.0.0.1	cmd=source:127.0.0.1 get_functions: db=@hive#myDb pat=*	
2024-04-24T12:21:54,794  INFO [TThreadPoolServer WorkerProcess-%d] HiveMetaStore.audit: ugi=alex	ip=127.0.0.1	cmd=source:127.0.0.1 get_all_stored_procedures	
2024-04-24T12:21:54,795  INFO [TThreadPoolServer WorkerProcess-%d] HiveMetaStore.audit: ugi=alex	ip=127.0.0.1	cmd=source:127.0.0.1 get_all_packages	
2024-04-24T12:21:54,797  INFO [TThreadPoolServer WorkerProcess-%d] HiveMetaStore.audit: ugi=alex	ip=127.0.0.1	cmd=source:127.0.0.1 getTablesByTypeCore: catName=hive: db=myDb pat=.*,type=MATERIALIZED_VIEW	
2024-04-24T12:21:54,802  INFO [TThreadPoolServer WorkerProcess-%d] metastore.ObjectStore: Dropping database hive.myDb along with all tables
2024-04-24T12:21:54,808 ERROR [TThreadPoolServer WorkerProcess-%d] metastore.RetryingHMSHandler: Retrying HMSHandler after 2000 ms (attempt 1 of 10) with error: javax.jdo.JDODataStoreException: Exception thrown flushing changes to datastore
	at org.datanucleus.api.jdo.NucleusJDOHelper.getJDOExceptionForNucleusException(NucleusJDOHelper.java:542)
	at org.datanucleus.api.jdo.JDOPersistenceManager.flush(JDOPersistenceManager.java:2081)
	at org.apache.hadoop.hive.metastore.ObjectStore.addNotificationEvent(ObjectStore.java:11639)
	at sun.reflect.GeneratedMethodAccessor68.invoke(Unknown Source)
	at sun.reflect.DelegatingMethodAccessorImpl.invoke(DelegatingMethodAccessorImpl.java:43)
	at java.lang.reflect.Method.invoke(Method.java:498)
	at org.apache.hadoop.hive.metastore.RawStoreProxy.invoke(RawStoreProxy.java:97)
	at com.sun.proxy.$Proxy32.addNotificationEvent(Unknown Source)
	at org.apache.hive.hcatalog.listener.DbNotificationListener.process(DbNotificationListener.java:1403)
	at org.apache.hive.hcatalog.listener.DbNotificationListener.onDropDatabase(DbNotificationListener.java:513)
	at org.apache.hadoop.hive.metastore.MetaStoreListenerNotifier$26.notify(MetaStoreListenerNotifier.java:99)
	at org.apache.hadoop.hive.metastore.MetaStoreListenerNotifier.notifyEvent(MetaStoreListenerNotifier.java:339)
	at org.apache.hadoop.hive.metastore.HMSHandler.drop_database_core(HMSHandler.java:1785)
	at org.apache.hadoop.hive.metastore.HMSHandler.drop_database(HMSHandler.java:1869)
	at sun.reflect.GeneratedMethodAccessor73.invoke(Unknown Source)
	at sun.reflect.DelegatingMethodAccessorImpl.invoke(DelegatingMethodAccessorImpl.java:43)
	at java.lang.reflect.Method.invoke(Method.java:498)
	at org.apache.hadoop.hive.metastore.RetryingHMSHandler.invokeInternal(RetryingHMSHandler.java:147)
	at org.apache.hadoop.hive.metastore.RetryingHMSHandler.invoke(RetryingHMSHandler.java:108)
	at com.sun.proxy.$Proxy34.drop_database(Unknown Source)
	at org.apache.hadoop.hive.metastore.api.ThriftHiveMetastore$Processor$drop_database.getResult(ThriftHiveMetastore.java:18285)
	at org.apache.hadoop.hive.metastore.api.ThriftHiveMetastore$Processor$drop_database.getResult(ThriftHiveMetastore.java:18264)
	at org.apache.thrift.ProcessFunction.process(ProcessFunction.java:38)
	at org.apache.hadoop.hive.metastore.TUGIBasedProcessor$1.run(TUGIBasedProcessor.java:111)
	at org.apache.hadoop.hive.metastore.TUGIBasedProcessor$1.run(TUGIBasedProcessor.java:107)
	at java.security.AccessController.doPrivileged(Native Method)
	at javax.security.auth.Subject.doAs(Subject.java:422)
	at org.apache.hadoop.security.UserGroupInformation.doAs(UserGroupInformation.java:1682)
	at org.apache.hadoop.hive.metastore.TUGIBasedProcessor.process(TUGIBasedProcessor.java:119)
	at org.apache.thrift.server.TThreadPoolServer$WorkerProcess.run(TThreadPoolServer.java:248)
	at java.util.concurrent.ThreadPoolExecutor.runWorker(ThreadPoolExecutor.java:1149)
	at java.util.concurrent.ThreadPoolExecutor$Worker.run(ThreadPoolExecutor.java:624)
	at java.lang.Thread.run(Thread.java:750)
NestedThrowablesStackTrace:
java.sql.BatchUpdateException: DELETE on table 'DBS' caused a violation of foreign key constraint 'TBLS_FK1' for key (2).  The statement has been rolled back.
	at org.apache.derby.impl.jdbc.EmbedStatement.executeLargeBatch(Unknown Source)
	at org.apache.derby.impl.jdbc.EmbedStatement.executeBatch(Unknown Source)
	at com.zaxxer.hikari.pool.ProxyStatement.executeBatch(ProxyStatement.java:128)
	at com.zaxxer.hikari.pool.HikariProxyPreparedStatement.executeBatch(HikariProxyPreparedStatement.java)
	at org.datanucleus.store.rdbms.ParamLoggingPreparedStatement.executeBatch(ParamLoggingPreparedStatement.java:366)
	at org.datanucleus.store.rdbms.SQLController.processConnectionStatement(SQLController.java:675)
	at org.datanucleus.store.rdbms.SQLController.processStatementsForConnection(SQLController.java:643)
	at org.datanucleus.store.rdbms.SQLController$1.transactionFlushed(SQLController.java:729)
	at org.datanucleus.store.connection.AbstractManagedConnection.transactionFlushed(AbstractManagedConnection.java:95)
	at org.datanucleus.store.connection.ConnectionManagerImpl$2.transactionFlushed(ConnectionManagerImpl.java:528)
	at org.datanucleus.TransactionImpl.flush(TransactionImpl.java:222)
	at org.datanucleus.ExecutionContextImpl.flushInternal(ExecutionContextImpl.java:4068)
	at org.datanucleus.ExecutionContextThreadedImpl.flushInternal(ExecutionContextThreadedImpl.java:448)
	at org.datanucleus.ExecutionContextImpl.flush(ExecutionContextImpl.java:4009)
	at org.datanucleus.ExecutionContextThreadedImpl.flush(ExecutionContextThreadedImpl.java:434)
	at org.datanucleus.api.jdo.JDOPersistenceManager.flush(JDOPersistenceManager.java:2064)
	at org.apache.hadoop.hive.metastore.ObjectStore.addNotificationEvent(ObjectStore.java:11639)
	at sun.reflect.GeneratedMethodAccessor68.invoke(Unknown Source)
	at sun.reflect.DelegatingMethodAccessorImpl.invoke(DelegatingMethodAccessorImpl.java:43)
	at java.lang.reflect.Method.invoke(Method.java:498)
	at org.apache.hadoop.hive.metastore.RawStoreProxy.invoke(RawStoreProxy.java:97)
	at com.sun.proxy.$Proxy32.addNotificationEvent(Unknown Source)
	at org.apache.hive.hcatalog.listener.DbNotificationListener.process(DbNotificationListener.java:1403)
	at org.apache.hive.hcatalog.listener.DbNotificationListener.onDropDatabase(DbNotificationListener.java:513)
	at org.apache.hadoop.hive.metastore.MetaStoreListenerNotifier$26.notify(MetaStoreListenerNotifier.java:99)
	at org.apache.hadoop.hive.metastore.MetaStoreListenerNotifier.notifyEvent(MetaStoreListenerNotifier.java:339)
	at org.apache.hadoop.hive.metastore.HMSHandler.drop_database_core(HMSHandler.java:1785)
	at org.apache.hadoop.hive.metastore.HMSHandler.drop_database(HMSHandler.java:1869)
	at sun.reflect.GeneratedMethodAccessor73.invoke(Unknown Source)
	at sun.reflect.DelegatingMethodAccessorImpl.invoke(DelegatingMethodAccessorImpl.java:43)
	at java.lang.reflect.Method.invoke(Method.java:498)
	at org.apache.hadoop.hive.metastore.RetryingHMSHandler.invokeInternal(RetryingHMSHandler.java:147)
	at org.apache.hadoop.hive.metastore.RetryingHMSHandler.invoke(RetryingHMSHandler.java:108)
	at com.sun.proxy.$Proxy34.drop_database(Unknown Source)
	at org.apache.hadoop.hive.metastore.api.ThriftHiveMetastore$Processor$drop_database.getResult(ThriftHiveMetastore.java:18285)
	at org.apache.hadoop.hive.metastore.api.ThriftHiveMetastore$Processor$drop_database.getResult(ThriftHiveMetastore.java:18264)
	at org.apache.thrift.ProcessFunction.process(ProcessFunction.java:38)
	at org.apache.hadoop.hive.metastore.TUGIBasedProcessor$1.run(TUGIBasedProcessor.java:111)
	at org.apache.hadoop.hive.metastore.TUGIBasedProcessor$1.run(TUGIBasedProcessor.java:107)
	at java.security.AccessController.doPrivileged(Native Method)
	at javax.security.auth.Subject.doAs(Subject.java:422)
	at org.apache.hadoop.security.UserGroupInformation.doAs(UserGroupInformation.java:1682)
	at org.apache.hadoop.hive.metastore.TUGIBasedProcessor.process(TUGIBasedProcessor.java:119)
	at org.apache.thrift.server.TThreadPoolServer$WorkerProcess.run(TThreadPoolServer.java:248)
	at java.util.concurrent.ThreadPoolExecutor.runWorker(ThreadPoolExecutor.java:1149)
	at java.util.concurrent.ThreadPoolExecutor$Worker.run(ThreadPoolExecutor.java:624)
	at java.lang.Thread.run(Thread.java:750)
Caused by: org.apache.derby.shared.common.error.DerbySQLIntegrityConstraintViolationException: DELETE on table 'DBS' caused a violation of foreign key constraint 'TBLS_FK1' for key (2).  The statement has been rolled back.
	at org.apache.derby.impl.jdbc.SQLExceptionFactory.getSQLException(Unknown Source)
	at org.apache.derby.impl.jdbc.Util.generateCsSQLException(Unknown Source)
	at org.apache.derby.impl.jdbc.TransactionResourceImpl.wrapInSQLException(Unknown Source)
	at org.apache.derby.impl.jdbc.TransactionResourceImpl.handleException(Unknown Source)
	at org.apache.derby.impl.jdbc.EmbedConnection.handleException(Unknown Source)
	at org.apache.derby.impl.jdbc.ConnectionChild.handleException(Unknown Source)
	at org.apache.derby.impl.jdbc.EmbedStatement.executeStatement(Unknown Source)
	at org.apache.derby.impl.jdbc.EmbedPreparedStatement.executeBatchElement(Unknown Source)
	... 47 more
Caused by: ERROR 23503: DELETE on table 'DBS' caused a violation of foreign key constraint 'TBLS_FK1' for key (2).  The statement has been rolled back.
	at org.apache.derby.iapi.error.StandardException.newException(Unknown Source)
	at org.apache.derby.iapi.error.StandardException.newException(Unknown Source)
	at org.apache.derby.impl.sql.execute.ReferencedKeyRIChecker.doCheck(Unknown Source)
	at org.apache.derby.impl.sql.execute.RISetChecker.doPKCheck(Unknown Source)
	at org.apache.derby.impl.sql.execute.DeleteResultSet.collectAffectedRows(Unknown Source)
	at org.apache.derby.impl.sql.execute.DeleteResultSet.open(Unknown Source)
	at org.apache.derby.impl.sql.GenericPreparedStatement.executeStmt(Unknown Source)
	at org.apache.derby.impl.sql.GenericPreparedStatement.execute(Unknown Source)
	... 49 more

2024-04-24T12:21:56,810  INFO [TThreadPoolServer WorkerProcess-%d] HiveMetaStore.audit: ugi=alex	ip=127.0.0.1	cmd=source:127.0.0.1 drop_database: @hive#myDb	
2024-04-24T12:21:56,814  INFO [TThreadPoolServer WorkerProcess-%d] HiveMetaStore.audit: ugi=alex	ip=127.0.0.1	cmd=source:127.0.0.1 get_all_tables: db=@hive#myDb	
2024-04-24T12:21:56,817  INFO [TThreadPoolServer WorkerProcess-%d] HiveMetaStore.audit: ugi=alex	ip=127.0.0.1	cmd=source:127.0.0.1 get_functions: db=@hive#myDb pat=*	
2024-04-24T12:21:56,821  INFO [TThreadPoolServer WorkerProcess-%d] HiveMetaStore.audit: ugi=alex	ip=127.0.0.1	cmd=source:127.0.0.1 get_all_stored_procedures	
2024-04-24T12:21:56,822  INFO [TThreadPoolServer WorkerProcess-%d] HiveMetaStore.audit: ugi=alex	ip=127.0.0.1	cmd=source:127.0.0.1 get_all_packages	
2024-04-24T12:21:56,823  INFO [TThreadPoolServer WorkerProcess-%d] HiveMetaStore.audit: ugi=alex	ip=127.0.0.1	cmd=source:127.0.0.1 getTablesByTypeCore: catName=hive: db=myDb pat=.*,type=MATERIALIZED_VIEW	
2024-04-24T12:21:56,826  INFO [TThreadPoolServer WorkerProcess-%d] metastore.ObjectStore: Dropping database hive.myDb along with all tables
2024-04-24T12:21:56,830 ERROR [TThreadPoolServer WorkerProcess-%d] metastore.RetryingHMSHandler: Retrying HMSHandler after 2000 ms (attempt 2 of 10) with error: javax.jdo.JDODataStoreException: Exception thrown flushing changes to datastore
	at org.datanucleus.api.jdo.NucleusJDOHelper.getJDOExceptionForNucleusException(NucleusJDOHelper.java:542)
	at org.datanucleus.api.jdo.JDOPersistenceManager.flush(JDOPersistenceManager.java:2081)
	at org.apache.hadoop.hive.metastore.ObjectStore.addNotificationEvent(ObjectStore.java:11639)
	at sun.reflect.GeneratedMethodAccessor68.invoke(Unknown Source)
	at sun.reflect.DelegatingMethodAccessorImpl.invoke(DelegatingMethodAccessorImpl.java:43)
	at java.lang.reflect.Method.invoke(Method.java:498)
	at org.apache.hadoop.hive.metastore.RawStoreProxy.invoke(RawStoreProxy.java:97)
	at com.sun.proxy.$Proxy32.addNotificationEvent(Unknown Source)
	at org.apache.hive.hcatalog.listener.DbNotificationListener.process(DbNotificationListener.java:1403)
	at org.apache.hive.hcatalog.listener.DbNotificationListener.onDropDatabase(DbNotificationListener.java:513)
	at org.apache.hadoop.hive.metastore.MetaStoreListenerNotifier$26.notify(MetaStoreListenerNotifier.java:99)
	at org.apache.hadoop.hive.metastore.MetaStoreListenerNotifier.notifyEvent(MetaStoreListenerNotifier.java:339)
	at org.apache.hadoop.hive.metastore.HMSHandler.drop_database_core(HMSHandler.java:1785)
	at org.apache.hadoop.hive.metastore.HMSHandler.drop_database(HMSHandler.java:1869)
	at sun.reflect.GeneratedMethodAccessor73.invoke(Unknown Source)
	at sun.reflect.DelegatingMethodAccessorImpl.invoke(DelegatingMethodAccessorImpl.java:43)
	at java.lang.reflect.Method.invoke(Method.java:498)
	at org.apache.hadoop.hive.metastore.RetryingHMSHandler.invokeInternal(RetryingHMSHandler.java:147)
	at org.apache.hadoop.hive.metastore.RetryingHMSHandler.invoke(RetryingHMSHandler.java:108)
	at com.sun.proxy.$Proxy34.drop_database(Unknown Source)
	at org.apache.hadoop.hive.metastore.api.ThriftHiveMetastore$Processor$drop_database.getResult(ThriftHiveMetastore.java:18285)
	at org.apache.hadoop.hive.metastore.api.ThriftHiveMetastore$Processor$drop_database.getResult(ThriftHiveMetastore.java:18264)
	at org.apache.thrift.ProcessFunction.process(ProcessFunction.java:38)
	at org.apache.hadoop.hive.metastore.TUGIBasedProcessor$1.run(TUGIBasedProcessor.java:111)
	at org.apache.hadoop.hive.metastore.TUGIBasedProcessor$1.run(TUGIBasedProcessor.java:107)
	at java.security.AccessController.doPrivileged(Native Method)
	at javax.security.auth.Subject.doAs(Subject.java:422)
	at org.apache.hadoop.security.UserGroupInformation.doAs(UserGroupInformation.java:1682)
	at org.apache.hadoop.hive.metastore.TUGIBasedProcessor.process(TUGIBasedProcessor.java:119)
	at org.apache.thrift.server.TThreadPoolServer$WorkerProcess.run(TThreadPoolServer.java:248)
	at java.util.concurrent.ThreadPoolExecutor.runWorker(ThreadPoolExecutor.java:1149)
	at java.util.concurrent.ThreadPoolExecutor$Worker.run(ThreadPoolExecutor.java:624)
	at java.lang.Thread.run(Thread.java:750)
NestedThrowablesStackTrace:
java.sql.BatchUpdateException: DELETE on table 'DBS' caused a violation of foreign key constraint 'TBLS_FK1' for key (2).  The statement has been rolled back.
	at org.apache.derby.impl.jdbc.EmbedStatement.executeLargeBatch(Unknown Source)
	at org.apache.derby.impl.jdbc.EmbedStatement.executeBatch(Unknown Source)
	at com.zaxxer.hikari.pool.ProxyStatement.executeBatch(ProxyStatement.java:128)
	at com.zaxxer.hikari.pool.HikariProxyPreparedStatement.executeBatch(HikariProxyPreparedStatement.java)
	at org.datanucleus.store.rdbms.ParamLoggingPreparedStatement.executeBatch(ParamLoggingPreparedStatement.java:366)
	at org.datanucleus.store.rdbms.SQLController.processConnectionStatement(SQLController.java:675)
	at org.datanucleus.store.rdbms.SQLController.processStatementsForConnection(SQLController.java:643)
	at org.datanucleus.store.rdbms.SQLController$1.transactionFlushed(SQLController.java:729)
	at org.datanucleus.store.connection.AbstractManagedConnection.transactionFlushed(AbstractManagedConnection.java:95)
	at org.datanucleus.store.connection.ConnectionManagerImpl$2.transactionFlushed(ConnectionManagerImpl.java:528)
	at org.datanucleus.TransactionImpl.flush(TransactionImpl.java:222)
	at org.datanucleus.ExecutionContextImpl.flushInternal(ExecutionContextImpl.java:4068)
	at org.datanucleus.ExecutionContextThreadedImpl.flushInternal(ExecutionContextThreadedImpl.java:448)
	at org.datanucleus.ExecutionContextImpl.flush(ExecutionContextImpl.java:4009)
	at org.datanucleus.ExecutionContextThreadedImpl.flush(ExecutionContextThreadedImpl.java:434)
	at org.datanucleus.api.jdo.JDOPersistenceManager.flush(JDOPersistenceManager.java:2064)
	at org.apache.hadoop.hive.metastore.ObjectStore.addNotificationEvent(ObjectStore.java:11639)
	at sun.reflect.GeneratedMethodAccessor68.invoke(Unknown Source)
	at sun.reflect.DelegatingMethodAccessorImpl.invoke(DelegatingMethodAccessorImpl.java:43)
	at java.lang.reflect.Method.invoke(Method.java:498)
	at org.apache.hadoop.hive.metastore.RawStoreProxy.invoke(RawStoreProxy.java:97)
	at com.sun.proxy.$Proxy32.addNotificationEvent(Unknown Source)
	at org.apache.hive.hcatalog.listener.DbNotificationListener.process(DbNotificationListener.java:1403)
	at org.apache.hive.hcatalog.listener.DbNotificationListener.onDropDatabase(DbNotificationListener.java:513)
	at org.apache.hadoop.hive.metastore.MetaStoreListenerNotifier$26.notify(MetaStoreListenerNotifier.java:99)
	at org.apache.hadoop.hive.metastore.MetaStoreListenerNotifier.notifyEvent(MetaStoreListenerNotifier.java:339)
	at org.apache.hadoop.hive.metastore.HMSHandler.drop_database_core(HMSHandler.java:1785)
	at org.apache.hadoop.hive.metastore.HMSHandler.drop_database(HMSHandler.java:1869)
	at sun.reflect.GeneratedMethodAccessor73.invoke(Unknown Source)
	at sun.reflect.DelegatingMethodAccessorImpl.invoke(DelegatingMethodAccessorImpl.java:43)
	at java.lang.reflect.Method.invoke(Method.java:498)
	at org.apache.hadoop.hive.metastore.RetryingHMSHandler.invokeInternal(RetryingHMSHandler.java:147)
	at org.apache.hadoop.hive.metastore.RetryingHMSHandler.invoke(RetryingHMSHandler.java:108)
	at com.sun.proxy.$Proxy34.drop_database(Unknown Source)
	at org.apache.hadoop.hive.metastore.api.ThriftHiveMetastore$Processor$drop_database.getResult(ThriftHiveMetastore.java:18285)
	at org.apache.hadoop.hive.metastore.api.ThriftHiveMetastore$Processor$drop_database.getResult(ThriftHiveMetastore.java:18264)
	at org.apache.thrift.ProcessFunction.process(ProcessFunction.java:38)
	at org.apache.hadoop.hive.metastore.TUGIBasedProcessor$1.run(TUGIBasedProcessor.java:111)
	at org.apache.hadoop.hive.metastore.TUGIBasedProcessor$1.run(TUGIBasedProcessor.java:107)
	at java.security.AccessController.doPrivileged(Native Method)
	at javax.security.auth.Subject.doAs(Subject.java:422)
	at org.apache.hadoop.security.UserGroupInformation.doAs(UserGroupInformation.java:1682)
	at org.apache.hadoop.hive.metastore.TUGIBasedProcessor.process(TUGIBasedProcessor.java:119)
	at org.apache.thrift.server.TThreadPoolServer$WorkerProcess.run(TThreadPoolServer.java:248)
	at java.util.concurrent.ThreadPoolExecutor.runWorker(ThreadPoolExecutor.java:1149)
	at java.util.concurrent.ThreadPoolExecutor$Worker.run(ThreadPoolExecutor.java:624)
	at java.lang.Thread.run(Thread.java:750)
Caused by: org.apache.derby.shared.common.error.DerbySQLIntegrityConstraintViolationException: DELETE on table 'DBS' caused a violation of foreign key constraint 'TBLS_FK1' for key (2).  The statement has been rolled back.
	at org.apache.derby.impl.jdbc.SQLExceptionFactory.getSQLException(Unknown Source)
	at org.apache.derby.impl.jdbc.Util.generateCsSQLException(Unknown Source)
	at org.apache.derby.impl.jdbc.TransactionResourceImpl.wrapInSQLException(Unknown Source)
	at org.apache.derby.impl.jdbc.TransactionResourceImpl.handleException(Unknown Source)
	at org.apache.derby.impl.jdbc.EmbedConnection.handleException(Unknown Source)
	at org.apache.derby.impl.jdbc.ConnectionChild.handleException(Unknown Source)
	at org.apache.derby.impl.jdbc.EmbedStatement.executeStatement(Unknown Source)
	at org.apache.derby.impl.jdbc.EmbedPreparedStatement.executeBatchElement(Unknown Source)
	... 47 more
Caused by: ERROR 23503: DELETE on table 'DBS' caused a violation of foreign key constraint 'TBLS_FK1' for key (2).  The statement has been rolled back.
	at org.apache.derby.iapi.error.StandardException.newException(Unknown Source)
	at org.apache.derby.iapi.error.StandardException.newException(Unknown Source)
	at org.apache.derby.impl.sql.execute.ReferencedKeyRIChecker.doCheck(Unknown Source)
	at org.apache.derby.impl.sql.execute.RISetChecker.doPKCheck(Unknown Source)
	at org.apache.derby.impl.sql.execute.DeleteResultSet.collectAffectedRows(Unknown Source)
	at org.apache.derby.impl.sql.execute.DeleteResultSet.open(Unknown Source)
	at org.apache.derby.impl.sql.GenericPreparedStatement.executeStmt(Unknown Source)
	at org.apache.derby.impl.sql.GenericPreparedStatement.execute(Unknown Source)
	... 49 more

2024-04-24T12:21:58,832  INFO [TThreadPoolServer WorkerProcess-%d] HiveMetaStore.audit: ugi=alex	ip=127.0.0.1	cmd=source:127.0.0.1 drop_database: @hive#myDb	
2024-04-24T12:21:58,836  INFO [TThreadPoolServer WorkerProcess-%d] HiveMetaStore.audit: ugi=alex	ip=127.0.0.1	cmd=source:127.0.0.1 get_all_tables: db=@hive#myDb	
2024-04-24T12:21:58,838  INFO [TThreadPoolServer WorkerProcess-%d] HiveMetaStore.audit: ugi=alex	ip=127.0.0.1	cmd=source:127.0.0.1 get_functions: db=@hive#myDb pat=*	
2024-04-24T12:21:58,839  INFO [TThreadPoolServer WorkerProcess-%d] HiveMetaStore.audit: ugi=alex	ip=127.0.0.1	cmd=source:127.0.0.1 get_all_stored_procedures	
2024-04-24T12:21:58,840  INFO [TThreadPoolServer WorkerProcess-%d] HiveMetaStore.audit: ugi=alex	ip=127.0.0.1	cmd=source:127.0.0.1 get_all_packages	
2024-04-24T12:21:58,841  INFO [TThreadPoolServer WorkerProcess-%d] HiveMetaStore.audit: ugi=alex	ip=127.0.0.1	cmd=source:127.0.0.1 getTablesByTypeCore: catName=hive: db=myDb pat=.*,type=MATERIALIZED_VIEW	
2024-04-24T12:21:58,847  INFO [TThreadPoolServer WorkerProcess-%d] metastore.ObjectStore: Dropping database hive.myDb along with all tables
2024-04-24T12:21:58,851 ERROR [TThreadPoolServer WorkerProcess-%d] metastore.RetryingHMSHandler: Retrying HMSHandler after 2000 ms (attempt 3 of 10) with error: javax.jdo.JDODataStoreException: Exception thrown flushing changes to datastore
	at org.datanucleus.api.jdo.NucleusJDOHelper.getJDOExceptionForNucleusException(NucleusJDOHelper.java:542)
	at org.datanucleus.api.jdo.JDOPersistenceManager.flush(JDOPersistenceManager.java:2081)
	at org.apache.hadoop.hive.metastore.ObjectStore.addNotificationEvent(ObjectStore.java:11639)
	at sun.reflect.GeneratedMethodAccessor68.invoke(Unknown Source)
	at sun.reflect.DelegatingMethodAccessorImpl.invoke(DelegatingMethodAccessorImpl.java:43)
	at java.lang.reflect.Method.invoke(Method.java:498)
	at org.apache.hadoop.hive.metastore.RawStoreProxy.invoke(RawStoreProxy.java:97)
	at com.sun.proxy.$Proxy32.addNotificationEvent(Unknown Source)
	at org.apache.hive.hcatalog.listener.DbNotificationListener.process(DbNotificationListener.java:1403)
	at org.apache.hive.hcatalog.listener.DbNotificationListener.onDropDatabase(DbNotificationListener.java:513)
	at org.apache.hadoop.hive.metastore.MetaStoreListenerNotifier$26.notify(MetaStoreListenerNotifier.java:99)
	at org.apache.hadoop.hive.metastore.MetaStoreListenerNotifier.notifyEvent(MetaStoreListenerNotifier.java:339)
	at org.apache.hadoop.hive.metastore.HMSHandler.drop_database_core(HMSHandler.java:1785)
	at org.apache.hadoop.hive.metastore.HMSHandler.drop_database(HMSHandler.java:1869)
	at sun.reflect.GeneratedMethodAccessor73.invoke(Unknown Source)
	at sun.reflect.DelegatingMethodAccessorImpl.invoke(DelegatingMethodAccessorImpl.java:43)
	at java.lang.reflect.Method.invoke(Method.java:498)
	at org.apache.hadoop.hive.metastore.RetryingHMSHandler.invokeInternal(RetryingHMSHandler.java:147)
	at org.apache.hadoop.hive.metastore.RetryingHMSHandler.invoke(RetryingHMSHandler.java:108)
	at com.sun.proxy.$Proxy34.drop_database(Unknown Source)
	at org.apache.hadoop.hive.metastore.api.ThriftHiveMetastore$Processor$drop_database.getResult(ThriftHiveMetastore.java:18285)
	at org.apache.hadoop.hive.metastore.api.ThriftHiveMetastore$Processor$drop_database.getResult(ThriftHiveMetastore.java:18264)
	at org.apache.thrift.ProcessFunction.process(ProcessFunction.java:38)
	at org.apache.hadoop.hive.metastore.TUGIBasedProcessor$1.run(TUGIBasedProcessor.java:111)
	at org.apache.hadoop.hive.metastore.TUGIBasedProcessor$1.run(TUGIBasedProcessor.java:107)
	at java.security.AccessController.doPrivileged(Native Method)
	at javax.security.auth.Subject.doAs(Subject.java:422)
	at org.apache.hadoop.security.UserGroupInformation.doAs(UserGroupInformation.java:1682)
	at org.apache.hadoop.hive.metastore.TUGIBasedProcessor.process(TUGIBasedProcessor.java:119)
	at org.apache.thrift.server.TThreadPoolServer$WorkerProcess.run(TThreadPoolServer.java:248)
	at java.util.concurrent.ThreadPoolExecutor.runWorker(ThreadPoolExecutor.java:1149)
	at java.util.concurrent.ThreadPoolExecutor$Worker.run(ThreadPoolExecutor.java:624)
	at java.lang.Thread.run(Thread.java:750)
NestedThrowablesStackTrace:
java.sql.BatchUpdateException: DELETE on table 'DBS' caused a violation of foreign key constraint 'TBLS_FK1' for key (2).  The statement has been rolled back.
	at org.apache.derby.impl.jdbc.EmbedStatement.executeLargeBatch(Unknown Source)
	at org.apache.derby.impl.jdbc.EmbedStatement.executeBatch(Unknown Source)
	at com.zaxxer.hikari.pool.ProxyStatement.executeBatch(ProxyStatement.java:128)
	at com.zaxxer.hikari.pool.HikariProxyPreparedStatement.executeBatch(HikariProxyPreparedStatement.java)
	at org.datanucleus.store.rdbms.ParamLoggingPreparedStatement.executeBatch(ParamLoggingPreparedStatement.java:366)
	at org.datanucleus.store.rdbms.SQLController.processConnectionStatement(SQLController.java:675)
	at org.datanucleus.store.rdbms.SQLController.processStatementsForConnection(SQLController.java:643)
	at org.datanucleus.store.rdbms.SQLController$1.transactionFlushed(SQLController.java:729)
	at org.datanucleus.store.connection.AbstractManagedConnection.transactionFlushed(AbstractManagedConnection.java:95)
	at org.datanucleus.store.connection.ConnectionManagerImpl$2.transactionFlushed(ConnectionManagerImpl.java:528)
	at org.datanucleus.TransactionImpl.flush(TransactionImpl.java:222)
	at org.datanucleus.ExecutionContextImpl.flushInternal(ExecutionContextImpl.java:4068)
	at org.datanucleus.ExecutionContextThreadedImpl.flushInternal(ExecutionContextThreadedImpl.java:448)
	at org.datanucleus.ExecutionContextImpl.flush(ExecutionContextImpl.java:4009)
	at org.datanucleus.ExecutionContextThreadedImpl.flush(ExecutionContextThreadedImpl.java:434)
	at org.datanucleus.api.jdo.JDOPersistenceManager.flush(JDOPersistenceManager.java:2064)
	at org.apache.hadoop.hive.metastore.ObjectStore.addNotificationEvent(ObjectStore.java:11639)
	at sun.reflect.GeneratedMethodAccessor68.invoke(Unknown Source)
	at sun.reflect.DelegatingMethodAccessorImpl.invoke(DelegatingMethodAccessorImpl.java:43)
	at java.lang.reflect.Method.invoke(Method.java:498)
	at org.apache.hadoop.hive.metastore.RawStoreProxy.invoke(RawStoreProxy.java:97)
	at com.sun.proxy.$Proxy32.addNotificationEvent(Unknown Source)
	at org.apache.hive.hcatalog.listener.DbNotificationListener.process(DbNotificationListener.java:1403)
	at org.apache.hive.hcatalog.listener.DbNotificationListener.onDropDatabase(DbNotificationListener.java:513)
	at org.apache.hadoop.hive.metastore.MetaStoreListenerNotifier$26.notify(MetaStoreListenerNotifier.java:99)
	at org.apache.hadoop.hive.metastore.MetaStoreListenerNotifier.notifyEvent(MetaStoreListenerNotifier.java:339)
	at org.apache.hadoop.hive.metastore.HMSHandler.drop_database_core(HMSHandler.java:1785)
	at org.apache.hadoop.hive.metastore.HMSHandler.drop_database(HMSHandler.java:1869)
	at sun.reflect.GeneratedMethodAccessor73.invoke(Unknown Source)
	at sun.reflect.DelegatingMethodAccessorImpl.invoke(DelegatingMethodAccessorImpl.java:43)
	at java.lang.reflect.Method.invoke(Method.java:498)
	at org.apache.hadoop.hive.metastore.RetryingHMSHandler.invokeInternal(RetryingHMSHandler.java:147)
	at org.apache.hadoop.hive.metastore.RetryingHMSHandler.invoke(RetryingHMSHandler.java:108)
	at com.sun.proxy.$Proxy34.drop_database(Unknown Source)
	at org.apache.hadoop.hive.metastore.api.ThriftHiveMetastore$Processor$drop_database.getResult(ThriftHiveMetastore.java:18285)
	at org.apache.hadoop.hive.metastore.api.ThriftHiveMetastore$Processor$drop_database.getResult(ThriftHiveMetastore.java:18264)
	at org.apache.thrift.ProcessFunction.process(ProcessFunction.java:38)
	at org.apache.hadoop.hive.metastore.TUGIBasedProcessor$1.run(TUGIBasedProcessor.java:111)
	at org.apache.hadoop.hive.metastore.TUGIBasedProcessor$1.run(TUGIBasedProcessor.java:107)
	at java.security.AccessController.doPrivileged(Native Method)
	at javax.security.auth.Subject.doAs(Subject.java:422)
	at org.apache.hadoop.security.UserGroupInformation.doAs(UserGroupInformation.java:1682)
	at org.apache.hadoop.hive.metastore.TUGIBasedProcessor.process(TUGIBasedProcessor.java:119)
	at org.apache.thrift.server.TThreadPoolServer$WorkerProcess.run(TThreadPoolServer.java:248)
	at java.util.concurrent.ThreadPoolExecutor.runWorker(ThreadPoolExecutor.java:1149)
	at java.util.concurrent.ThreadPoolExecutor$Worker.run(ThreadPoolExecutor.java:624)
	at java.lang.Thread.run(Thread.java:750)
Caused by: org.apache.derby.shared.common.error.DerbySQLIntegrityConstraintViolationException: DELETE on table 'DBS' caused a violation of foreign key constraint 'TBLS_FK1' for key (2).  The statement has been rolled back.
	at org.apache.derby.impl.jdbc.SQLExceptionFactory.getSQLException(Unknown Source)
	at org.apache.derby.impl.jdbc.Util.generateCsSQLException(Unknown Source)
	at org.apache.derby.impl.jdbc.TransactionResourceImpl.wrapInSQLException(Unknown Source)
	at org.apache.derby.impl.jdbc.TransactionResourceImpl.handleException(Unknown Source)
	at org.apache.derby.impl.jdbc.EmbedConnection.handleException(Unknown Source)
	at org.apache.derby.impl.jdbc.ConnectionChild.handleException(Unknown Source)
	at org.apache.derby.impl.jdbc.EmbedStatement.executeStatement(Unknown Source)
	at org.apache.derby.impl.jdbc.EmbedPreparedStatement.executeBatchElement(Unknown Source)
	... 47 more
Caused by: ERROR 23503: DELETE on table 'DBS' caused a violation of foreign key constraint 'TBLS_FK1' for key (2).  The statement has been rolled back.
	at org.apache.derby.iapi.error.StandardException.newException(Unknown Source)
	at org.apache.derby.iapi.error.StandardException.newException(Unknown Source)
	at org.apache.derby.impl.sql.execute.ReferencedKeyRIChecker.doCheck(Unknown Source)
	at org.apache.derby.impl.sql.execute.RISetChecker.doPKCheck(Unknown Source)
	at org.apache.derby.impl.sql.execute.DeleteResultSet.collectAffectedRows(Unknown Source)
	at org.apache.derby.impl.sql.execute.DeleteResultSet.open(Unknown Source)
	at org.apache.derby.impl.sql.GenericPreparedStatement.executeStmt(Unknown Source)
	at org.apache.derby.impl.sql.GenericPreparedStatement.execute(Unknown Source)
	... 49 more

2024-04-24T12:22:00,852  INFO [TThreadPoolServer WorkerProcess-%d] HiveMetaStore.audit: ugi=alex	ip=127.0.0.1	cmd=source:127.0.0.1 drop_database: @hive#myDb	
2024-04-24T12:22:00,853  INFO [TThreadPoolServer WorkerProcess-%d] HiveMetaStore.audit: ugi=alex	ip=127.0.0.1	cmd=source:127.0.0.1 get_all_tables: db=@hive#myDb	
2024-04-24T12:22:00,854  INFO [TThreadPoolServer WorkerProcess-%d] HiveMetaStore.audit: ugi=alex	ip=127.0.0.1	cmd=source:127.0.0.1 get_functions: db=@hive#myDb pat=*	
2024-04-24T12:22:00,856  INFO [TThreadPoolServer WorkerProcess-%d] HiveMetaStore.audit: ugi=alex	ip=127.0.0.1	cmd=source:127.0.0.1 get_all_stored_procedures	
2024-04-24T12:22:00,857  INFO [TThreadPoolServer WorkerProcess-%d] HiveMetaStore.audit: ugi=alex	ip=127.0.0.1	cmd=source:127.0.0.1 get_all_packages	
2024-04-24T12:22:00,858  INFO [TThreadPoolServer WorkerProcess-%d] HiveMetaStore.audit: ugi=alex	ip=127.0.0.1	cmd=source:127.0.0.1 getTablesByTypeCore: catName=hive: db=myDb pat=.*,type=MATERIALIZED_VIEW	
2024-04-24T12:22:00,861  INFO [TThreadPoolServer WorkerProcess-%d] metastore.ObjectStore: Dropping database hive.myDb along with all tables
2024-04-24T12:22:00,865 ERROR [TThreadPoolServer WorkerProcess-%d] metastore.RetryingHMSHandler: Retrying HMSHandler after 2000 ms (attempt 4 of 10) with error: javax.jdo.JDODataStoreException: Exception thrown flushing changes to datastore
	at org.datanucleus.api.jdo.NucleusJDOHelper.getJDOExceptionForNucleusException(NucleusJDOHelper.java:542)
	at org.datanucleus.api.jdo.JDOPersistenceManager.flush(JDOPersistenceManager.java:2081)
	at org.apache.hadoop.hive.metastore.ObjectStore.addNotificationEvent(ObjectStore.java:11639)
	at sun.reflect.GeneratedMethodAccessor68.invoke(Unknown Source)
	at sun.reflect.DelegatingMethodAccessorImpl.invoke(DelegatingMethodAccessorImpl.java:43)
	at java.lang.reflect.Method.invoke(Method.java:498)
	at org.apache.hadoop.hive.metastore.RawStoreProxy.invoke(RawStoreProxy.java:97)
	at com.sun.proxy.$Proxy32.addNotificationEvent(Unknown Source)
	at org.apache.hive.hcatalog.listener.DbNotificationListener.process(DbNotificationListener.java:1403)
	at org.apache.hive.hcatalog.listener.DbNotificationListener.onDropDatabase(DbNotificationListener.java:513)
	at org.apache.hadoop.hive.metastore.MetaStoreListenerNotifier$26.notify(MetaStoreListenerNotifier.java:99)
	at org.apache.hadoop.hive.metastore.MetaStoreListenerNotifier.notifyEvent(MetaStoreListenerNotifier.java:339)
	at org.apache.hadoop.hive.metastore.HMSHandler.drop_database_core(HMSHandler.java:1785)
	at org.apache.hadoop.hive.metastore.HMSHandler.drop_database(HMSHandler.java:1869)
	at sun.reflect.GeneratedMethodAccessor73.invoke(Unknown Source)
	at sun.reflect.DelegatingMethodAccessorImpl.invoke(DelegatingMethodAccessorImpl.java:43)
	at java.lang.reflect.Method.invoke(Method.java:498)
	at org.apache.hadoop.hive.metastore.RetryingHMSHandler.invokeInternal(RetryingHMSHandler.java:147)
	at org.apache.hadoop.hive.metastore.RetryingHMSHandler.invoke(RetryingHMSHandler.java:108)
	at com.sun.proxy.$Proxy34.drop_database(Unknown Source)
	at org.apache.hadoop.hive.metastore.api.ThriftHiveMetastore$Processor$drop_database.getResult(ThriftHiveMetastore.java:18285)
	at org.apache.hadoop.hive.metastore.api.ThriftHiveMetastore$Processor$drop_database.getResult(ThriftHiveMetastore.java:18264)
	at org.apache.thrift.ProcessFunction.process(ProcessFunction.java:38)
	at org.apache.hadoop.hive.metastore.TUGIBasedProcessor$1.run(TUGIBasedProcessor.java:111)
	at org.apache.hadoop.hive.metastore.TUGIBasedProcessor$1.run(TUGIBasedProcessor.java:107)
	at java.security.AccessController.doPrivileged(Native Method)
	at javax.security.auth.Subject.doAs(Subject.java:422)
	at org.apache.hadoop.security.UserGroupInformation.doAs(UserGroupInformation.java:1682)
	at org.apache.hadoop.hive.metastore.TUGIBasedProcessor.process(TUGIBasedProcessor.java:119)
	at org.apache.thrift.server.TThreadPoolServer$WorkerProcess.run(TThreadPoolServer.java:248)
	at java.util.concurrent.ThreadPoolExecutor.runWorker(ThreadPoolExecutor.java:1149)
	at java.util.concurrent.ThreadPoolExecutor$Worker.run(ThreadPoolExecutor.java:624)
	at java.lang.Thread.run(Thread.java:750)
NestedThrowablesStackTrace:
java.sql.BatchUpdateException: DELETE on table 'DBS' caused a violation of foreign key constraint 'TBLS_FK1' for key (2).  The statement has been rolled back.
	at org.apache.derby.impl.jdbc.EmbedStatement.executeLargeBatch(Unknown Source)
	at org.apache.derby.impl.jdbc.EmbedStatement.executeBatch(Unknown Source)
	at com.zaxxer.hikari.pool.ProxyStatement.executeBatch(ProxyStatement.java:128)
	at com.zaxxer.hikari.pool.HikariProxyPreparedStatement.executeBatch(HikariProxyPreparedStatement.java)
	at org.datanucleus.store.rdbms.ParamLoggingPreparedStatement.executeBatch(ParamLoggingPreparedStatement.java:366)
	at org.datanucleus.store.rdbms.SQLController.processConnectionStatement(SQLController.java:675)
	at org.datanucleus.store.rdbms.SQLController.processStatementsForConnection(SQLController.java:643)
	at org.datanucleus.store.rdbms.SQLController$1.transactionFlushed(SQLController.java:729)
	at org.datanucleus.store.connection.AbstractManagedConnection.transactionFlushed(AbstractManagedConnection.java:95)
	at org.datanucleus.store.connection.ConnectionManagerImpl$2.transactionFlushed(ConnectionManagerImpl.java:528)
	at org.datanucleus.TransactionImpl.flush(TransactionImpl.java:222)
	at org.datanucleus.ExecutionContextImpl.flushInternal(ExecutionContextImpl.java:4068)
	at org.datanucleus.ExecutionContextThreadedImpl.flushInternal(ExecutionContextThreadedImpl.java:448)
	at org.datanucleus.ExecutionContextImpl.flush(ExecutionContextImpl.java:4009)
	at org.datanucleus.ExecutionContextThreadedImpl.flush(ExecutionContextThreadedImpl.java:434)
	at org.datanucleus.api.jdo.JDOPersistenceManager.flush(JDOPersistenceManager.java:2064)
	at org.apache.hadoop.hive.metastore.ObjectStore.addNotificationEvent(ObjectStore.java:11639)
	at sun.reflect.GeneratedMethodAccessor68.invoke(Unknown Source)
	at sun.reflect.DelegatingMethodAccessorImpl.invoke(DelegatingMethodAccessorImpl.java:43)
	at java.lang.reflect.Method.invoke(Method.java:498)
	at org.apache.hadoop.hive.metastore.RawStoreProxy.invoke(RawStoreProxy.java:97)
	at com.sun.proxy.$Proxy32.addNotificationEvent(Unknown Source)
	at org.apache.hive.hcatalog.listener.DbNotificationListener.process(DbNotificationListener.java:1403)
	at org.apache.hive.hcatalog.listener.DbNotificationListener.onDropDatabase(DbNotificationListener.java:513)
	at org.apache.hadoop.hive.metastore.MetaStoreListenerNotifier$26.notify(MetaStoreListenerNotifier.java:99)
	at org.apache.hadoop.hive.metastore.MetaStoreListenerNotifier.notifyEvent(MetaStoreListenerNotifier.java:339)
	at org.apache.hadoop.hive.metastore.HMSHandler.drop_database_core(HMSHandler.java:1785)
	at org.apache.hadoop.hive.metastore.HMSHandler.drop_database(HMSHandler.java:1869)
	at sun.reflect.GeneratedMethodAccessor73.invoke(Unknown Source)
	at sun.reflect.DelegatingMethodAccessorImpl.invoke(DelegatingMethodAccessorImpl.java:43)
	at java.lang.reflect.Method.invoke(Method.java:498)
	at org.apache.hadoop.hive.metastore.RetryingHMSHandler.invokeInternal(RetryingHMSHandler.java:147)
	at org.apache.hadoop.hive.metastore.RetryingHMSHandler.invoke(RetryingHMSHandler.java:108)
	at com.sun.proxy.$Proxy34.drop_database(Unknown Source)
	at org.apache.hadoop.hive.metastore.api.ThriftHiveMetastore$Processor$drop_database.getResult(ThriftHiveMetastore.java:18285)
	at org.apache.hadoop.hive.metastore.api.ThriftHiveMetastore$Processor$drop_database.getResult(ThriftHiveMetastore.java:18264)
	at org.apache.thrift.ProcessFunction.process(ProcessFunction.java:38)
	at org.apache.hadoop.hive.metastore.TUGIBasedProcessor$1.run(TUGIBasedProcessor.java:111)
	at org.apache.hadoop.hive.metastore.TUGIBasedProcessor$1.run(TUGIBasedProcessor.java:107)
	at java.security.AccessController.doPrivileged(Native Method)
	at javax.security.auth.Subject.doAs(Subject.java:422)
	at org.apache.hadoop.security.UserGroupInformation.doAs(UserGroupInformation.java:1682)
	at org.apache.hadoop.hive.metastore.TUGIBasedProcessor.process(TUGIBasedProcessor.java:119)
	at org.apache.thrift.server.TThreadPoolServer$WorkerProcess.run(TThreadPoolServer.java:248)
	at java.util.concurrent.ThreadPoolExecutor.runWorker(ThreadPoolExecutor.java:1149)
	at java.util.concurrent.ThreadPoolExecutor$Worker.run(ThreadPoolExecutor.java:624)
	at java.lang.Thread.run(Thread.java:750)
Caused by: org.apache.derby.shared.common.error.DerbySQLIntegrityConstraintViolationException: DELETE on table 'DBS' caused a violation of foreign key constraint 'TBLS_FK1' for key (2).  The statement has been rolled back.
	at org.apache.derby.impl.jdbc.SQLExceptionFactory.getSQLException(Unknown Source)
	at org.apache.derby.impl.jdbc.Util.generateCsSQLException(Unknown Source)
	at org.apache.derby.impl.jdbc.TransactionResourceImpl.wrapInSQLException(Unknown Source)
	at org.apache.derby.impl.jdbc.TransactionResourceImpl.handleException(Unknown Source)
	at org.apache.derby.impl.jdbc.EmbedConnection.handleException(Unknown Source)
	at org.apache.derby.impl.jdbc.ConnectionChild.handleException(Unknown Source)
	at org.apache.derby.impl.jdbc.EmbedStatement.executeStatement(Unknown Source)
	at org.apache.derby.impl.jdbc.EmbedPreparedStatement.executeBatchElement(Unknown Source)
	... 47 more
Caused by: ERROR 23503: DELETE on table 'DBS' caused a violation of foreign key constraint 'TBLS_FK1' for key (2).  The statement has been rolled back.
	at org.apache.derby.iapi.error.StandardException.newException(Unknown Source)
	at org.apache.derby.iapi.error.StandardException.newException(Unknown Source)
	at org.apache.derby.impl.sql.execute.ReferencedKeyRIChecker.doCheck(Unknown Source)
	at org.apache.derby.impl.sql.execute.RISetChecker.doPKCheck(Unknown Source)
	at org.apache.derby.impl.sql.execute.DeleteResultSet.collectAffectedRows(Unknown Source)
	at org.apache.derby.impl.sql.execute.DeleteResultSet.open(Unknown Source)
	at org.apache.derby.impl.sql.GenericPreparedStatement.executeStmt(Unknown Source)
	at org.apache.derby.impl.sql.GenericPreparedStatement.execute(Unknown Source)
	... 49 more

2024-04-24T12:22:02,866  INFO [TThreadPoolServer WorkerProcess-%d] HiveMetaStore.audit: ugi=alex	ip=127.0.0.1	cmd=source:127.0.0.1 drop_database: @hive#myDb	
2024-04-24T12:22:02,870  INFO [TThreadPoolServer WorkerProcess-%d] HiveMetaStore.audit: ugi=alex	ip=127.0.0.1	cmd=source:127.0.0.1 get_all_tables: db=@hive#myDb	
2024-04-24T12:22:02,873  INFO [TThreadPoolServer WorkerProcess-%d] HiveMetaStore.audit: ugi=alex	ip=127.0.0.1	cmd=source:127.0.0.1 get_functions: db=@hive#myDb pat=*	
2024-04-24T12:22:02,878  INFO [TThreadPoolServer WorkerProcess-%d] HiveMetaStore.audit: ugi=alex	ip=127.0.0.1	cmd=source:127.0.0.1 get_all_stored_procedures	
2024-04-24T12:22:02,881  INFO [TThreadPoolServer WorkerProcess-%d] HiveMetaStore.audit: ugi=alex	ip=127.0.0.1	cmd=source:127.0.0.1 get_all_packages	
2024-04-24T12:22:02,884  INFO [TThreadPoolServer WorkerProcess-%d] HiveMetaStore.audit: ugi=alex	ip=127.0.0.1	cmd=source:127.0.0.1 getTablesByTypeCore: catName=hive: db=myDb pat=.*,type=MATERIALIZED_VIEW	
2024-04-24T12:22:02,895  INFO [TThreadPoolServer WorkerProcess-%d] metastore.ObjectStore: Dropping database hive.myDb along with all tables
2024-04-24T12:22:02,906 ERROR [TThreadPoolServer WorkerProcess-%d] metastore.RetryingHMSHandler: Retrying HMSHandler after 2000 ms (attempt 5 of 10) with error: javax.jdo.JDODataStoreException: Exception thrown flushing changes to datastore
	at org.datanucleus.api.jdo.NucleusJDOHelper.getJDOExceptionForNucleusException(NucleusJDOHelper.java:542)
	at org.datanucleus.api.jdo.JDOPersistenceManager.flush(JDOPersistenceManager.java:2081)
	at org.apache.hadoop.hive.metastore.ObjectStore.addNotificationEvent(ObjectStore.java:11639)
	at sun.reflect.GeneratedMethodAccessor68.invoke(Unknown Source)
	at sun.reflect.DelegatingMethodAccessorImpl.invoke(DelegatingMethodAccessorImpl.java:43)
	at java.lang.reflect.Method.invoke(Method.java:498)
	at org.apache.hadoop.hive.metastore.RawStoreProxy.invoke(RawStoreProxy.java:97)
	at com.sun.proxy.$Proxy32.addNotificationEvent(Unknown Source)
	at org.apache.hive.hcatalog.listener.DbNotificationListener.process(DbNotificationListener.java:1403)
	at org.apache.hive.hcatalog.listener.DbNotificationListener.onDropDatabase(DbNotificationListener.java:513)
	at org.apache.hadoop.hive.metastore.MetaStoreListenerNotifier$26.notify(MetaStoreListenerNotifier.java:99)
	at org.apache.hadoop.hive.metastore.MetaStoreListenerNotifier.notifyEvent(MetaStoreListenerNotifier.java:339)
	at org.apache.hadoop.hive.metastore.HMSHandler.drop_database_core(HMSHandler.java:1785)
	at org.apache.hadoop.hive.metastore.HMSHandler.drop_database(HMSHandler.java:1869)
	at sun.reflect.GeneratedMethodAccessor73.invoke(Unknown Source)
	at sun.reflect.DelegatingMethodAccessorImpl.invoke(DelegatingMethodAccessorImpl.java:43)
	at java.lang.reflect.Method.invoke(Method.java:498)
	at org.apache.hadoop.hive.metastore.RetryingHMSHandler.invokeInternal(RetryingHMSHandler.java:147)
	at org.apache.hadoop.hive.metastore.RetryingHMSHandler.invoke(RetryingHMSHandler.java:108)
	at com.sun.proxy.$Proxy34.drop_database(Unknown Source)
	at org.apache.hadoop.hive.metastore.api.ThriftHiveMetastore$Processor$drop_database.getResult(ThriftHiveMetastore.java:18285)
	at org.apache.hadoop.hive.metastore.api.ThriftHiveMetastore$Processor$drop_database.getResult(ThriftHiveMetastore.java:18264)
	at org.apache.thrift.ProcessFunction.process(ProcessFunction.java:38)
	at org.apache.hadoop.hive.metastore.TUGIBasedProcessor$1.run(TUGIBasedProcessor.java:111)
	at org.apache.hadoop.hive.metastore.TUGIBasedProcessor$1.run(TUGIBasedProcessor.java:107)
	at java.security.AccessController.doPrivileged(Native Method)
	at javax.security.auth.Subject.doAs(Subject.java:422)
	at org.apache.hadoop.security.UserGroupInformation.doAs(UserGroupInformation.java:1682)
	at org.apache.hadoop.hive.metastore.TUGIBasedProcessor.process(TUGIBasedProcessor.java:119)
	at org.apache.thrift.server.TThreadPoolServer$WorkerProcess.run(TThreadPoolServer.java:248)
	at java.util.concurrent.ThreadPoolExecutor.runWorker(ThreadPoolExecutor.java:1149)
	at java.util.concurrent.ThreadPoolExecutor$Worker.run(ThreadPoolExecutor.java:624)
	at java.lang.Thread.run(Thread.java:750)
NestedThrowablesStackTrace:
java.sql.BatchUpdateException: DELETE on table 'DBS' caused a violation of foreign key constraint 'TBLS_FK1' for key (2).  The statement has been rolled back.
	at org.apache.derby.impl.jdbc.EmbedStatement.executeLargeBatch(Unknown Source)
	at org.apache.derby.impl.jdbc.EmbedStatement.executeBatch(Unknown Source)
	at com.zaxxer.hikari.pool.ProxyStatement.executeBatch(ProxyStatement.java:128)
	at com.zaxxer.hikari.pool.HikariProxyPreparedStatement.executeBatch(HikariProxyPreparedStatement.java)
	at org.datanucleus.store.rdbms.ParamLoggingPreparedStatement.executeBatch(ParamLoggingPreparedStatement.java:366)
	at org.datanucleus.store.rdbms.SQLController.processConnectionStatement(SQLController.java:675)
	at org.datanucleus.store.rdbms.SQLController.processStatementsForConnection(SQLController.java:643)
	at org.datanucleus.store.rdbms.SQLController$1.transactionFlushed(SQLController.java:729)
	at org.datanucleus.store.connection.AbstractManagedConnection.transactionFlushed(AbstractManagedConnection.java:95)
	at org.datanucleus.store.connection.ConnectionManagerImpl$2.transactionFlushed(ConnectionManagerImpl.java:528)
	at org.datanucleus.TransactionImpl.flush(TransactionImpl.java:222)
	at org.datanucleus.ExecutionContextImpl.flushInternal(ExecutionContextImpl.java:4068)
	at org.datanucleus.ExecutionContextThreadedImpl.flushInternal(ExecutionContextThreadedImpl.java:448)
	at org.datanucleus.ExecutionContextImpl.flush(ExecutionContextImpl.java:4009)
	at org.datanucleus.ExecutionContextThreadedImpl.flush(ExecutionContextThreadedImpl.java:434)
	at org.datanucleus.api.jdo.JDOPersistenceManager.flush(JDOPersistenceManager.java:2064)
	at org.apache.hadoop.hive.metastore.ObjectStore.addNotificationEvent(ObjectStore.java:11639)
	at sun.reflect.GeneratedMethodAccessor68.invoke(Unknown Source)
	at sun.reflect.DelegatingMethodAccessorImpl.invoke(DelegatingMethodAccessorImpl.java:43)
	at java.lang.reflect.Method.invoke(Method.java:498)
	at org.apache.hadoop.hive.metastore.RawStoreProxy.invoke(RawStoreProxy.java:97)
	at com.sun.proxy.$Proxy32.addNotificationEvent(Unknown Source)
	at org.apache.hive.hcatalog.listener.DbNotificationListener.process(DbNotificationListener.java:1403)
	at org.apache.hive.hcatalog.listener.DbNotificationListener.onDropDatabase(DbNotificationListener.java:513)
	at org.apache.hadoop.hive.metastore.MetaStoreListenerNotifier$26.notify(MetaStoreListenerNotifier.java:99)
	at org.apache.hadoop.hive.metastore.MetaStoreListenerNotifier.notifyEvent(MetaStoreListenerNotifier.java:339)
	at org.apache.hadoop.hive.metastore.HMSHandler.drop_database_core(HMSHandler.java:1785)
	at org.apache.hadoop.hive.metastore.HMSHandler.drop_database(HMSHandler.java:1869)
	at sun.reflect.GeneratedMethodAccessor73.invoke(Unknown Source)
	at sun.reflect.DelegatingMethodAccessorImpl.invoke(DelegatingMethodAccessorImpl.java:43)
	at java.lang.reflect.Method.invoke(Method.java:498)
	at org.apache.hadoop.hive.metastore.RetryingHMSHandler.invokeInternal(RetryingHMSHandler.java:147)
	at org.apache.hadoop.hive.metastore.RetryingHMSHandler.invoke(RetryingHMSHandler.java:108)
	at com.sun.proxy.$Proxy34.drop_database(Unknown Source)
	at org.apache.hadoop.hive.metastore.api.ThriftHiveMetastore$Processor$drop_database.getResult(ThriftHiveMetastore.java:18285)
	at org.apache.hadoop.hive.metastore.api.ThriftHiveMetastore$Processor$drop_database.getResult(ThriftHiveMetastore.java:18264)
	at org.apache.thrift.ProcessFunction.process(ProcessFunction.java:38)
	at org.apache.hadoop.hive.metastore.TUGIBasedProcessor$1.run(TUGIBasedProcessor.java:111)
	at org.apache.hadoop.hive.metastore.TUGIBasedProcessor$1.run(TUGIBasedProcessor.java:107)
	at java.security.AccessController.doPrivileged(Native Method)
	at javax.security.auth.Subject.doAs(Subject.java:422)
	at org.apache.hadoop.security.UserGroupInformation.doAs(UserGroupInformation.java:1682)
	at org.apache.hadoop.hive.metastore.TUGIBasedProcessor.process(TUGIBasedProcessor.java:119)
	at org.apache.thrift.server.TThreadPoolServer$WorkerProcess.run(TThreadPoolServer.java:248)
	at java.util.concurrent.ThreadPoolExecutor.runWorker(ThreadPoolExecutor.java:1149)
	at java.util.concurrent.ThreadPoolExecutor$Worker.run(ThreadPoolExecutor.java:624)
	at java.lang.Thread.run(Thread.java:750)
Caused by: org.apache.derby.shared.common.error.DerbySQLIntegrityConstraintViolationException: DELETE on table 'DBS' caused a violation of foreign key constraint 'TBLS_FK1' for key (2).  The statement has been rolled back.
	at org.apache.derby.impl.jdbc.SQLExceptionFactory.getSQLException(Unknown Source)
	at org.apache.derby.impl.jdbc.Util.generateCsSQLException(Unknown Source)
	at org.apache.derby.impl.jdbc.TransactionResourceImpl.wrapInSQLException(Unknown Source)
	at org.apache.derby.impl.jdbc.TransactionResourceImpl.handleException(Unknown Source)
	at org.apache.derby.impl.jdbc.EmbedConnection.handleException(Unknown Source)
	at org.apache.derby.impl.jdbc.ConnectionChild.handleException(Unknown Source)
	at org.apache.derby.impl.jdbc.EmbedStatement.executeStatement(Unknown Source)
	at org.apache.derby.impl.jdbc.EmbedPreparedStatement.executeBatchElement(Unknown Source)
	... 47 more
Caused by: ERROR 23503: DELETE on table 'DBS' caused a violation of foreign key constraint 'TBLS_FK1' for key (2).  The statement has been rolled back.
	at org.apache.derby.iapi.error.StandardException.newException(Unknown Source)
	at org.apache.derby.iapi.error.StandardException.newException(Unknown Source)
	at org.apache.derby.impl.sql.execute.ReferencedKeyRIChecker.doCheck(Unknown Source)
	at org.apache.derby.impl.sql.execute.RISetChecker.doPKCheck(Unknown Source)
	at org.apache.derby.impl.sql.execute.DeleteResultSet.collectAffectedRows(Unknown Source)
	at org.apache.derby.impl.sql.execute.DeleteResultSet.open(Unknown Source)
	at org.apache.derby.impl.sql.GenericPreparedStatement.executeStmt(Unknown Source)
	at org.apache.derby.impl.sql.GenericPreparedStatement.execute(Unknown Source)
	... 49 more

2024-04-24T12:22:04,907  INFO [TThreadPoolServer WorkerProcess-%d] HiveMetaStore.audit: ugi=alex	ip=127.0.0.1	cmd=source:127.0.0.1 drop_database: @hive#myDb	
2024-04-24T12:22:04,911  INFO [TThreadPoolServer WorkerProcess-%d] HiveMetaStore.audit: ugi=alex	ip=127.0.0.1	cmd=source:127.0.0.1 get_all_tables: db=@hive#myDb	
2024-04-24T12:22:04,913  INFO [TThreadPoolServer WorkerProcess-%d] HiveMetaStore.audit: ugi=alex	ip=127.0.0.1	cmd=source:127.0.0.1 get_functions: db=@hive#myDb pat=*	
2024-04-24T12:22:04,918  INFO [TThreadPoolServer WorkerProcess-%d] HiveMetaStore.audit: ugi=alex	ip=127.0.0.1	cmd=source:127.0.0.1 get_all_stored_procedures	
2024-04-24T12:22:04,920  INFO [TThreadPoolServer WorkerProcess-%d] HiveMetaStore.audit: ugi=alex	ip=127.0.0.1	cmd=source:127.0.0.1 get_all_packages	
2024-04-24T12:22:04,924  INFO [TThreadPoolServer WorkerProcess-%d] HiveMetaStore.audit: ugi=alex	ip=127.0.0.1	cmd=source:127.0.0.1 getTablesByTypeCore: catName=hive: db=myDb pat=.*,type=MATERIALIZED_VIEW	
2024-04-24T12:22:04,934  INFO [TThreadPoolServer WorkerProcess-%d] metastore.ObjectStore: Dropping database hive.myDb along with all tables
2024-04-24T12:22:04,944 ERROR [TThreadPoolServer WorkerProcess-%d] metastore.RetryingHMSHandler: Retrying HMSHandler after 2000 ms (attempt 6 of 10) with error: javax.jdo.JDODataStoreException: Exception thrown flushing changes to datastore
	at org.datanucleus.api.jdo.NucleusJDOHelper.getJDOExceptionForNucleusException(NucleusJDOHelper.java:542)
	at org.datanucleus.api.jdo.JDOPersistenceManager.flush(JDOPersistenceManager.java:2081)
	at org.apache.hadoop.hive.metastore.ObjectStore.addNotificationEvent(ObjectStore.java:11639)
	at sun.reflect.GeneratedMethodAccessor68.invoke(Unknown Source)
	at sun.reflect.DelegatingMethodAccessorImpl.invoke(DelegatingMethodAccessorImpl.java:43)
	at java.lang.reflect.Method.invoke(Method.java:498)
	at org.apache.hadoop.hive.metastore.RawStoreProxy.invoke(RawStoreProxy.java:97)
	at com.sun.proxy.$Proxy32.addNotificationEvent(Unknown Source)
	at org.apache.hive.hcatalog.listener.DbNotificationListener.process(DbNotificationListener.java:1403)
	at org.apache.hive.hcatalog.listener.DbNotificationListener.onDropDatabase(DbNotificationListener.java:513)
	at org.apache.hadoop.hive.metastore.MetaStoreListenerNotifier$26.notify(MetaStoreListenerNotifier.java:99)
	at org.apache.hadoop.hive.metastore.MetaStoreListenerNotifier.notifyEvent(MetaStoreListenerNotifier.java:339)
	at org.apache.hadoop.hive.metastore.HMSHandler.drop_database_core(HMSHandler.java:1785)
	at org.apache.hadoop.hive.metastore.HMSHandler.drop_database(HMSHandler.java:1869)
	at sun.reflect.GeneratedMethodAccessor73.invoke(Unknown Source)
	at sun.reflect.DelegatingMethodAccessorImpl.invoke(DelegatingMethodAccessorImpl.java:43)
	at java.lang.reflect.Method.invoke(Method.java:498)
	at org.apache.hadoop.hive.metastore.RetryingHMSHandler.invokeInternal(RetryingHMSHandler.java:147)
	at org.apache.hadoop.hive.metastore.RetryingHMSHandler.invoke(RetryingHMSHandler.java:108)
	at com.sun.proxy.$Proxy34.drop_database(Unknown Source)
	at org.apache.hadoop.hive.metastore.api.ThriftHiveMetastore$Processor$drop_database.getResult(ThriftHiveMetastore.java:18285)
	at org.apache.hadoop.hive.metastore.api.ThriftHiveMetastore$Processor$drop_database.getResult(ThriftHiveMetastore.java:18264)
	at org.apache.thrift.ProcessFunction.process(ProcessFunction.java:38)
	at org.apache.hadoop.hive.metastore.TUGIBasedProcessor$1.run(TUGIBasedProcessor.java:111)
	at org.apache.hadoop.hive.metastore.TUGIBasedProcessor$1.run(TUGIBasedProcessor.java:107)
	at java.security.AccessController.doPrivileged(Native Method)
	at javax.security.auth.Subject.doAs(Subject.java:422)
	at org.apache.hadoop.security.UserGroupInformation.doAs(UserGroupInformation.java:1682)
	at org.apache.hadoop.hive.metastore.TUGIBasedProcessor.process(TUGIBasedProcessor.java:119)
	at org.apache.thrift.server.TThreadPoolServer$WorkerProcess.run(TThreadPoolServer.java:248)
	at java.util.concurrent.ThreadPoolExecutor.runWorker(ThreadPoolExecutor.java:1149)
	at java.util.concurrent.ThreadPoolExecutor$Worker.run(ThreadPoolExecutor.java:624)
	at java.lang.Thread.run(Thread.java:750)
NestedThrowablesStackTrace:
java.sql.BatchUpdateException: DELETE on table 'DBS' caused a violation of foreign key constraint 'TBLS_FK1' for key (2).  The statement has been rolled back.
	at org.apache.derby.impl.jdbc.EmbedStatement.executeLargeBatch(Unknown Source)
	at org.apache.derby.impl.jdbc.EmbedStatement.executeBatch(Unknown Source)
	at com.zaxxer.hikari.pool.ProxyStatement.executeBatch(ProxyStatement.java:128)
	at com.zaxxer.hikari.pool.HikariProxyPreparedStatement.executeBatch(HikariProxyPreparedStatement.java)
	at org.datanucleus.store.rdbms.ParamLoggingPreparedStatement.executeBatch(ParamLoggingPreparedStatement.java:366)
	at org.datanucleus.store.rdbms.SQLController.processConnectionStatement(SQLController.java:675)
	at org.datanucleus.store.rdbms.SQLController.processStatementsForConnection(SQLController.java:643)
	at org.datanucleus.store.rdbms.SQLController$1.transactionFlushed(SQLController.java:729)
	at org.datanucleus.store.connection.AbstractManagedConnection.transactionFlushed(AbstractManagedConnection.java:95)
	at org.datanucleus.store.connection.ConnectionManagerImpl$2.transactionFlushed(ConnectionManagerImpl.java:528)
	at org.datanucleus.TransactionImpl.flush(TransactionImpl.java:222)
	at org.datanucleus.ExecutionContextImpl.flushInternal(ExecutionContextImpl.java:4068)
	at org.datanucleus.ExecutionContextThreadedImpl.flushInternal(ExecutionContextThreadedImpl.java:448)
	at org.datanucleus.ExecutionContextImpl.flush(ExecutionContextImpl.java:4009)
	at org.datanucleus.ExecutionContextThreadedImpl.flush(ExecutionContextThreadedImpl.java:434)
	at org.datanucleus.api.jdo.JDOPersistenceManager.flush(JDOPersistenceManager.java:2064)
	at org.apache.hadoop.hive.metastore.ObjectStore.addNotificationEvent(ObjectStore.java:11639)
	at sun.reflect.GeneratedMethodAccessor68.invoke(Unknown Source)
	at sun.reflect.DelegatingMethodAccessorImpl.invoke(DelegatingMethodAccessorImpl.java:43)
	at java.lang.reflect.Method.invoke(Method.java:498)
	at org.apache.hadoop.hive.metastore.RawStoreProxy.invoke(RawStoreProxy.java:97)
	at com.sun.proxy.$Proxy32.addNotificationEvent(Unknown Source)
	at org.apache.hive.hcatalog.listener.DbNotificationListener.process(DbNotificationListener.java:1403)
	at org.apache.hive.hcatalog.listener.DbNotificationListener.onDropDatabase(DbNotificationListener.java:513)
	at org.apache.hadoop.hive.metastore.MetaStoreListenerNotifier$26.notify(MetaStoreListenerNotifier.java:99)
	at org.apache.hadoop.hive.metastore.MetaStoreListenerNotifier.notifyEvent(MetaStoreListenerNotifier.java:339)
	at org.apache.hadoop.hive.metastore.HMSHandler.drop_database_core(HMSHandler.java:1785)
	at org.apache.hadoop.hive.metastore.HMSHandler.drop_database(HMSHandler.java:1869)
	at sun.reflect.GeneratedMethodAccessor73.invoke(Unknown Source)
	at sun.reflect.DelegatingMethodAccessorImpl.invoke(DelegatingMethodAccessorImpl.java:43)
	at java.lang.reflect.Method.invoke(Method.java:498)
	at org.apache.hadoop.hive.metastore.RetryingHMSHandler.invokeInternal(RetryingHMSHandler.java:147)
	at org.apache.hadoop.hive.metastore.RetryingHMSHandler.invoke(RetryingHMSHandler.java:108)
	at com.sun.proxy.$Proxy34.drop_database(Unknown Source)
	at org.apache.hadoop.hive.metastore.api.ThriftHiveMetastore$Processor$drop_database.getResult(ThriftHiveMetastore.java:18285)
	at org.apache.hadoop.hive.metastore.api.ThriftHiveMetastore$Processor$drop_database.getResult(ThriftHiveMetastore.java:18264)
	at org.apache.thrift.ProcessFunction.process(ProcessFunction.java:38)
	at org.apache.hadoop.hive.metastore.TUGIBasedProcessor$1.run(TUGIBasedProcessor.java:111)
	at org.apache.hadoop.hive.metastore.TUGIBasedProcessor$1.run(TUGIBasedProcessor.java:107)
	at java.security.AccessController.doPrivileged(Native Method)
	at javax.security.auth.Subject.doAs(Subject.java:422)
	at org.apache.hadoop.security.UserGroupInformation.doAs(UserGroupInformation.java:1682)
	at org.apache.hadoop.hive.metastore.TUGIBasedProcessor.process(TUGIBasedProcessor.java:119)
	at org.apache.thrift.server.TThreadPoolServer$WorkerProcess.run(TThreadPoolServer.java:248)
	at java.util.concurrent.ThreadPoolExecutor.runWorker(ThreadPoolExecutor.java:1149)
	at java.util.concurrent.ThreadPoolExecutor$Worker.run(ThreadPoolExecutor.java:624)
	at java.lang.Thread.run(Thread.java:750)
Caused by: org.apache.derby.shared.common.error.DerbySQLIntegrityConstraintViolationException: DELETE on table 'DBS' caused a violation of foreign key constraint 'TBLS_FK1' for key (2).  The statement has been rolled back.
	at org.apache.derby.impl.jdbc.SQLExceptionFactory.getSQLException(Unknown Source)
	at org.apache.derby.impl.jdbc.Util.generateCsSQLException(Unknown Source)
	at org.apache.derby.impl.jdbc.TransactionResourceImpl.wrapInSQLException(Unknown Source)
	at org.apache.derby.impl.jdbc.TransactionResourceImpl.handleException(Unknown Source)
	at org.apache.derby.impl.jdbc.EmbedConnection.handleException(Unknown Source)
	at org.apache.derby.impl.jdbc.ConnectionChild.handleException(Unknown Source)
	at org.apache.derby.impl.jdbc.EmbedStatement.executeStatement(Unknown Source)
	at org.apache.derby.impl.jdbc.EmbedPreparedStatement.executeBatchElement(Unknown Source)
	... 47 more
Caused by: ERROR 23503: DELETE on table 'DBS' caused a violation of foreign key constraint 'TBLS_FK1' for key (2).  The statement has been rolled back.
	at org.apache.derby.iapi.error.StandardException.newException(Unknown Source)
	at org.apache.derby.iapi.error.StandardException.newException(Unknown Source)
	at org.apache.derby.impl.sql.execute.ReferencedKeyRIChecker.doCheck(Unknown Source)
	at org.apache.derby.impl.sql.execute.RISetChecker.doPKCheck(Unknown Source)
	at org.apache.derby.impl.sql.execute.DeleteResultSet.collectAffectedRows(Unknown Source)
	at org.apache.derby.impl.sql.execute.DeleteResultSet.open(Unknown Source)
	at org.apache.derby.impl.sql.GenericPreparedStatement.executeStmt(Unknown Source)
	at org.apache.derby.impl.sql.GenericPreparedStatement.execute(Unknown Source)
	... 49 more

2024-04-24T12:22:06,946  INFO [TThreadPoolServer WorkerProcess-%d] HiveMetaStore.audit: ugi=alex	ip=127.0.0.1	cmd=source:127.0.0.1 drop_database: @hive#myDb	
2024-04-24T12:22:06,950  INFO [TThreadPoolServer WorkerProcess-%d] HiveMetaStore.audit: ugi=alex	ip=127.0.0.1	cmd=source:127.0.0.1 get_all_tables: db=@hive#myDb	
2024-04-24T12:22:06,950  INFO [TThreadPoolServer WorkerProcess-%d] HiveMetaStore.audit: ugi=alex	ip=127.0.0.1	cmd=source:127.0.0.1 get_functions: db=@hive#myDb pat=*	
2024-04-24T12:22:06,952  INFO [TThreadPoolServer WorkerProcess-%d] HiveMetaStore.audit: ugi=alex	ip=127.0.0.1	cmd=source:127.0.0.1 get_all_stored_procedures	
2024-04-24T12:22:06,953  INFO [TThreadPoolServer WorkerProcess-%d] HiveMetaStore.audit: ugi=alex	ip=127.0.0.1	cmd=source:127.0.0.1 get_all_packages	
2024-04-24T12:22:06,954  INFO [TThreadPoolServer WorkerProcess-%d] HiveMetaStore.audit: ugi=alex	ip=127.0.0.1	cmd=source:127.0.0.1 getTablesByTypeCore: catName=hive: db=myDb pat=.*,type=MATERIALIZED_VIEW	
2024-04-24T12:22:06,957  INFO [TThreadPoolServer WorkerProcess-%d] metastore.ObjectStore: Dropping database hive.myDb along with all tables
2024-04-24T12:22:06,961 ERROR [TThreadPoolServer WorkerProcess-%d] metastore.RetryingHMSHandler: Retrying HMSHandler after 2000 ms (attempt 7 of 10) with error: javax.jdo.JDODataStoreException: Exception thrown flushing changes to datastore
	at org.datanucleus.api.jdo.NucleusJDOHelper.getJDOExceptionForNucleusException(NucleusJDOHelper.java:542)
	at org.datanucleus.api.jdo.JDOPersistenceManager.flush(JDOPersistenceManager.java:2081)
	at org.apache.hadoop.hive.metastore.ObjectStore.addNotificationEvent(ObjectStore.java:11639)
	at sun.reflect.GeneratedMethodAccessor68.invoke(Unknown Source)
	at sun.reflect.DelegatingMethodAccessorImpl.invoke(DelegatingMethodAccessorImpl.java:43)
	at java.lang.reflect.Method.invoke(Method.java:498)
	at org.apache.hadoop.hive.metastore.RawStoreProxy.invoke(RawStoreProxy.java:97)
	at com.sun.proxy.$Proxy32.addNotificationEvent(Unknown Source)
	at org.apache.hive.hcatalog.listener.DbNotificationListener.process(DbNotificationListener.java:1403)
	at org.apache.hive.hcatalog.listener.DbNotificationListener.onDropDatabase(DbNotificationListener.java:513)
	at org.apache.hadoop.hive.metastore.MetaStoreListenerNotifier$26.notify(MetaStoreListenerNotifier.java:99)
	at org.apache.hadoop.hive.metastore.MetaStoreListenerNotifier.notifyEvent(MetaStoreListenerNotifier.java:339)
	at org.apache.hadoop.hive.metastore.HMSHandler.drop_database_core(HMSHandler.java:1785)
	at org.apache.hadoop.hive.metastore.HMSHandler.drop_database(HMSHandler.java:1869)
	at sun.reflect.GeneratedMethodAccessor73.invoke(Unknown Source)
	at sun.reflect.DelegatingMethodAccessorImpl.invoke(DelegatingMethodAccessorImpl.java:43)
	at java.lang.reflect.Method.invoke(Method.java:498)
	at org.apache.hadoop.hive.metastore.RetryingHMSHandler.invokeInternal(RetryingHMSHandler.java:147)
	at org.apache.hadoop.hive.metastore.RetryingHMSHandler.invoke(RetryingHMSHandler.java:108)
	at com.sun.proxy.$Proxy34.drop_database(Unknown Source)
	at org.apache.hadoop.hive.metastore.api.ThriftHiveMetastore$Processor$drop_database.getResult(ThriftHiveMetastore.java:18285)
	at org.apache.hadoop.hive.metastore.api.ThriftHiveMetastore$Processor$drop_database.getResult(ThriftHiveMetastore.java:18264)
	at org.apache.thrift.ProcessFunction.process(ProcessFunction.java:38)
	at org.apache.hadoop.hive.metastore.TUGIBasedProcessor$1.run(TUGIBasedProcessor.java:111)
	at org.apache.hadoop.hive.metastore.TUGIBasedProcessor$1.run(TUGIBasedProcessor.java:107)
	at java.security.AccessController.doPrivileged(Native Method)
	at javax.security.auth.Subject.doAs(Subject.java:422)
	at org.apache.hadoop.security.UserGroupInformation.doAs(UserGroupInformation.java:1682)
	at org.apache.hadoop.hive.metastore.TUGIBasedProcessor.process(TUGIBasedProcessor.java:119)
	at org.apache.thrift.server.TThreadPoolServer$WorkerProcess.run(TThreadPoolServer.java:248)
	at java.util.concurrent.ThreadPoolExecutor.runWorker(ThreadPoolExecutor.java:1149)
	at java.util.concurrent.ThreadPoolExecutor$Worker.run(ThreadPoolExecutor.java:624)
	at java.lang.Thread.run(Thread.java:750)
NestedThrowablesStackTrace:
java.sql.BatchUpdateException: DELETE on table 'DBS' caused a violation of foreign key constraint 'TBLS_FK1' for key (2).  The statement has been rolled back.
	at org.apache.derby.impl.jdbc.EmbedStatement.executeLargeBatch(Unknown Source)
	at org.apache.derby.impl.jdbc.EmbedStatement.executeBatch(Unknown Source)
	at com.zaxxer.hikari.pool.ProxyStatement.executeBatch(ProxyStatement.java:128)
	at com.zaxxer.hikari.pool.HikariProxyPreparedStatement.executeBatch(HikariProxyPreparedStatement.java)
	at org.datanucleus.store.rdbms.ParamLoggingPreparedStatement.executeBatch(ParamLoggingPreparedStatement.java:366)
	at org.datanucleus.store.rdbms.SQLController.processConnectionStatement(SQLController.java:675)
	at org.datanucleus.store.rdbms.SQLController.processStatementsForConnection(SQLController.java:643)
	at org.datanucleus.store.rdbms.SQLController$1.transactionFlushed(SQLController.java:729)
	at org.datanucleus.store.connection.AbstractManagedConnection.transactionFlushed(AbstractManagedConnection.java:95)
	at org.datanucleus.store.connection.ConnectionManagerImpl$2.transactionFlushed(ConnectionManagerImpl.java:528)
	at org.datanucleus.TransactionImpl.flush(TransactionImpl.java:222)
	at org.datanucleus.ExecutionContextImpl.flushInternal(ExecutionContextImpl.java:4068)
	at org.datanucleus.ExecutionContextThreadedImpl.flushInternal(ExecutionContextThreadedImpl.java:448)
	at org.datanucleus.ExecutionContextImpl.flush(ExecutionContextImpl.java:4009)
	at org.datanucleus.ExecutionContextThreadedImpl.flush(ExecutionContextThreadedImpl.java:434)
	at org.datanucleus.api.jdo.JDOPersistenceManager.flush(JDOPersistenceManager.java:2064)
	at org.apache.hadoop.hive.metastore.ObjectStore.addNotificationEvent(ObjectStore.java:11639)
	at sun.reflect.GeneratedMethodAccessor68.invoke(Unknown Source)
	at sun.reflect.DelegatingMethodAccessorImpl.invoke(DelegatingMethodAccessorImpl.java:43)
	at java.lang.reflect.Method.invoke(Method.java:498)
	at org.apache.hadoop.hive.metastore.RawStoreProxy.invoke(RawStoreProxy.java:97)
	at com.sun.proxy.$Proxy32.addNotificationEvent(Unknown Source)
	at org.apache.hive.hcatalog.listener.DbNotificationListener.process(DbNotificationListener.java:1403)
	at org.apache.hive.hcatalog.listener.DbNotificationListener.onDropDatabase(DbNotificationListener.java:513)
	at org.apache.hadoop.hive.metastore.MetaStoreListenerNotifier$26.notify(MetaStoreListenerNotifier.java:99)
	at org.apache.hadoop.hive.metastore.MetaStoreListenerNotifier.notifyEvent(MetaStoreListenerNotifier.java:339)
	at org.apache.hadoop.hive.metastore.HMSHandler.drop_database_core(HMSHandler.java:1785)
	at org.apache.hadoop.hive.metastore.HMSHandler.drop_database(HMSHandler.java:1869)
	at sun.reflect.GeneratedMethodAccessor73.invoke(Unknown Source)
	at sun.reflect.DelegatingMethodAccessorImpl.invoke(DelegatingMethodAccessorImpl.java:43)
	at java.lang.reflect.Method.invoke(Method.java:498)
	at org.apache.hadoop.hive.metastore.RetryingHMSHandler.invokeInternal(RetryingHMSHandler.java:147)
	at org.apache.hadoop.hive.metastore.RetryingHMSHandler.invoke(RetryingHMSHandler.java:108)
	at com.sun.proxy.$Proxy34.drop_database(Unknown Source)
	at org.apache.hadoop.hive.metastore.api.ThriftHiveMetastore$Processor$drop_database.getResult(ThriftHiveMetastore.java:18285)
	at org.apache.hadoop.hive.metastore.api.ThriftHiveMetastore$Processor$drop_database.getResult(ThriftHiveMetastore.java:18264)
	at org.apache.thrift.ProcessFunction.process(ProcessFunction.java:38)
	at org.apache.hadoop.hive.metastore.TUGIBasedProcessor$1.run(TUGIBasedProcessor.java:111)
	at org.apache.hadoop.hive.metastore.TUGIBasedProcessor$1.run(TUGIBasedProcessor.java:107)
	at java.security.AccessController.doPrivileged(Native Method)
	at javax.security.auth.Subject.doAs(Subject.java:422)
	at org.apache.hadoop.security.UserGroupInformation.doAs(UserGroupInformation.java:1682)
	at org.apache.hadoop.hive.metastore.TUGIBasedProcessor.process(TUGIBasedProcessor.java:119)
	at org.apache.thrift.server.TThreadPoolServer$WorkerProcess.run(TThreadPoolServer.java:248)
	at java.util.concurrent.ThreadPoolExecutor.runWorker(ThreadPoolExecutor.java:1149)
	at java.util.concurrent.ThreadPoolExecutor$Worker.run(ThreadPoolExecutor.java:624)
	at java.lang.Thread.run(Thread.java:750)
Caused by: org.apache.derby.shared.common.error.DerbySQLIntegrityConstraintViolationException: DELETE on table 'DBS' caused a violation of foreign key constraint 'TBLS_FK1' for key (2).  The statement has been rolled back.
	at org.apache.derby.impl.jdbc.SQLExceptionFactory.getSQLException(Unknown Source)
	at org.apache.derby.impl.jdbc.Util.generateCsSQLException(Unknown Source)
	at org.apache.derby.impl.jdbc.TransactionResourceImpl.wrapInSQLException(Unknown Source)
	at org.apache.derby.impl.jdbc.TransactionResourceImpl.handleException(Unknown Source)
	at org.apache.derby.impl.jdbc.EmbedConnection.handleException(Unknown Source)
	at org.apache.derby.impl.jdbc.ConnectionChild.handleException(Unknown Source)
	at org.apache.derby.impl.jdbc.EmbedStatement.executeStatement(Unknown Source)
	at org.apache.derby.impl.jdbc.EmbedPreparedStatement.executeBatchElement(Unknown Source)
	... 47 more
Caused by: ERROR 23503: DELETE on table 'DBS' caused a violation of foreign key constraint 'TBLS_FK1' for key (2).  The statement has been rolled back.
	at org.apache.derby.iapi.error.StandardException.newException(Unknown Source)
	at org.apache.derby.iapi.error.StandardException.newException(Unknown Source)
	at org.apache.derby.impl.sql.execute.ReferencedKeyRIChecker.doCheck(Unknown Source)
	at org.apache.derby.impl.sql.execute.RISetChecker.doPKCheck(Unknown Source)
	at org.apache.derby.impl.sql.execute.DeleteResultSet.collectAffectedRows(Unknown Source)
	at org.apache.derby.impl.sql.execute.DeleteResultSet.open(Unknown Source)
	at org.apache.derby.impl.sql.GenericPreparedStatement.executeStmt(Unknown Source)
	at org.apache.derby.impl.sql.GenericPreparedStatement.execute(Unknown Source)
	... 49 more

2024-04-24T12:22:08,962  INFO [TThreadPoolServer WorkerProcess-%d] HiveMetaStore.audit: ugi=alex	ip=127.0.0.1	cmd=source:127.0.0.1 drop_database: @hive#myDb	
2024-04-24T12:22:08,966  INFO [TThreadPoolServer WorkerProcess-%d] HiveMetaStore.audit: ugi=alex	ip=127.0.0.1	cmd=source:127.0.0.1 get_all_tables: db=@hive#myDb	
2024-04-24T12:22:08,967  INFO [TThreadPoolServer WorkerProcess-%d] HiveMetaStore.audit: ugi=alex	ip=127.0.0.1	cmd=source:127.0.0.1 get_functions: db=@hive#myDb pat=*	
2024-04-24T12:22:08,969  INFO [TThreadPoolServer WorkerProcess-%d] HiveMetaStore.audit: ugi=alex	ip=127.0.0.1	cmd=source:127.0.0.1 get_all_stored_procedures	
2024-04-24T12:22:08,970  INFO [TThreadPoolServer WorkerProcess-%d] HiveMetaStore.audit: ugi=alex	ip=127.0.0.1	cmd=source:127.0.0.1 get_all_packages	
2024-04-24T12:22:08,971  INFO [TThreadPoolServer WorkerProcess-%d] HiveMetaStore.audit: ugi=alex	ip=127.0.0.1	cmd=source:127.0.0.1 getTablesByTypeCore: catName=hive: db=myDb pat=.*,type=MATERIALIZED_VIEW	
2024-04-24T12:22:08,974  INFO [TThreadPoolServer WorkerProcess-%d] metastore.ObjectStore: Dropping database hive.myDb along with all tables
2024-04-24T12:22:08,977 ERROR [TThreadPoolServer WorkerProcess-%d] metastore.RetryingHMSHandler: Retrying HMSHandler after 2000 ms (attempt 8 of 10) with error: javax.jdo.JDODataStoreException: Exception thrown flushing changes to datastore
	at org.datanucleus.api.jdo.NucleusJDOHelper.getJDOExceptionForNucleusException(NucleusJDOHelper.java:542)
	at org.datanucleus.api.jdo.JDOPersistenceManager.flush(JDOPersistenceManager.java:2081)
	at org.apache.hadoop.hive.metastore.ObjectStore.addNotificationEvent(ObjectStore.java:11639)
	at sun.reflect.GeneratedMethodAccessor68.invoke(Unknown Source)
	at sun.reflect.DelegatingMethodAccessorImpl.invoke(DelegatingMethodAccessorImpl.java:43)
	at java.lang.reflect.Method.invoke(Method.java:498)
	at org.apache.hadoop.hive.metastore.RawStoreProxy.invoke(RawStoreProxy.java:97)
	at com.sun.proxy.$Proxy32.addNotificationEvent(Unknown Source)
	at org.apache.hive.hcatalog.listener.DbNotificationListener.process(DbNotificationListener.java:1403)
	at org.apache.hive.hcatalog.listener.DbNotificationListener.onDropDatabase(DbNotificationListener.java:513)
	at org.apache.hadoop.hive.metastore.MetaStoreListenerNotifier$26.notify(MetaStoreListenerNotifier.java:99)
	at org.apache.hadoop.hive.metastore.MetaStoreListenerNotifier.notifyEvent(MetaStoreListenerNotifier.java:339)
	at org.apache.hadoop.hive.metastore.HMSHandler.drop_database_core(HMSHandler.java:1785)
	at org.apache.hadoop.hive.metastore.HMSHandler.drop_database(HMSHandler.java:1869)
	at sun.reflect.GeneratedMethodAccessor73.invoke(Unknown Source)
	at sun.reflect.DelegatingMethodAccessorImpl.invoke(DelegatingMethodAccessorImpl.java:43)
	at java.lang.reflect.Method.invoke(Method.java:498)
	at org.apache.hadoop.hive.metastore.RetryingHMSHandler.invokeInternal(RetryingHMSHandler.java:147)
	at org.apache.hadoop.hive.metastore.RetryingHMSHandler.invoke(RetryingHMSHandler.java:108)
	at com.sun.proxy.$Proxy34.drop_database(Unknown Source)
	at org.apache.hadoop.hive.metastore.api.ThriftHiveMetastore$Processor$drop_database.getResult(ThriftHiveMetastore.java:18285)
	at org.apache.hadoop.hive.metastore.api.ThriftHiveMetastore$Processor$drop_database.getResult(ThriftHiveMetastore.java:18264)
	at org.apache.thrift.ProcessFunction.process(ProcessFunction.java:38)
	at org.apache.hadoop.hive.metastore.TUGIBasedProcessor$1.run(TUGIBasedProcessor.java:111)
	at org.apache.hadoop.hive.metastore.TUGIBasedProcessor$1.run(TUGIBasedProcessor.java:107)
	at java.security.AccessController.doPrivileged(Native Method)
	at javax.security.auth.Subject.doAs(Subject.java:422)
	at org.apache.hadoop.security.UserGroupInformation.doAs(UserGroupInformation.java:1682)
	at org.apache.hadoop.hive.metastore.TUGIBasedProcessor.process(TUGIBasedProcessor.java:119)
	at org.apache.thrift.server.TThreadPoolServer$WorkerProcess.run(TThreadPoolServer.java:248)
	at java.util.concurrent.ThreadPoolExecutor.runWorker(ThreadPoolExecutor.java:1149)
	at java.util.concurrent.ThreadPoolExecutor$Worker.run(ThreadPoolExecutor.java:624)
	at java.lang.Thread.run(Thread.java:750)
NestedThrowablesStackTrace:
java.sql.BatchUpdateException: DELETE on table 'DBS' caused a violation of foreign key constraint 'TBLS_FK1' for key (2).  The statement has been rolled back.
	at org.apache.derby.impl.jdbc.EmbedStatement.executeLargeBatch(Unknown Source)
	at org.apache.derby.impl.jdbc.EmbedStatement.executeBatch(Unknown Source)
	at com.zaxxer.hikari.pool.ProxyStatement.executeBatch(ProxyStatement.java:128)
	at com.zaxxer.hikari.pool.HikariProxyPreparedStatement.executeBatch(HikariProxyPreparedStatement.java)
	at org.datanucleus.store.rdbms.ParamLoggingPreparedStatement.executeBatch(ParamLoggingPreparedStatement.java:366)
	at org.datanucleus.store.rdbms.SQLController.processConnectionStatement(SQLController.java:675)
	at org.datanucleus.store.rdbms.SQLController.processStatementsForConnection(SQLController.java:643)
	at org.datanucleus.store.rdbms.SQLController$1.transactionFlushed(SQLController.java:729)
	at org.datanucleus.store.connection.AbstractManagedConnection.transactionFlushed(AbstractManagedConnection.java:95)
	at org.datanucleus.store.connection.ConnectionManagerImpl$2.transactionFlushed(ConnectionManagerImpl.java:528)
	at org.datanucleus.TransactionImpl.flush(TransactionImpl.java:222)
	at org.datanucleus.ExecutionContextImpl.flushInternal(ExecutionContextImpl.java:4068)
	at org.datanucleus.ExecutionContextThreadedImpl.flushInternal(ExecutionContextThreadedImpl.java:448)
	at org.datanucleus.ExecutionContextImpl.flush(ExecutionContextImpl.java:4009)
	at org.datanucleus.ExecutionContextThreadedImpl.flush(ExecutionContextThreadedImpl.java:434)
	at org.datanucleus.api.jdo.JDOPersistenceManager.flush(JDOPersistenceManager.java:2064)
	at org.apache.hadoop.hive.metastore.ObjectStore.addNotificationEvent(ObjectStore.java:11639)
	at sun.reflect.GeneratedMethodAccessor68.invoke(Unknown Source)
	at sun.reflect.DelegatingMethodAccessorImpl.invoke(DelegatingMethodAccessorImpl.java:43)
	at java.lang.reflect.Method.invoke(Method.java:498)
	at org.apache.hadoop.hive.metastore.RawStoreProxy.invoke(RawStoreProxy.java:97)
	at com.sun.proxy.$Proxy32.addNotificationEvent(Unknown Source)
	at org.apache.hive.hcatalog.listener.DbNotificationListener.process(DbNotificationListener.java:1403)
	at org.apache.hive.hcatalog.listener.DbNotificationListener.onDropDatabase(DbNotificationListener.java:513)
	at org.apache.hadoop.hive.metastore.MetaStoreListenerNotifier$26.notify(MetaStoreListenerNotifier.java:99)
	at org.apache.hadoop.hive.metastore.MetaStoreListenerNotifier.notifyEvent(MetaStoreListenerNotifier.java:339)
	at org.apache.hadoop.hive.metastore.HMSHandler.drop_database_core(HMSHandler.java:1785)
	at org.apache.hadoop.hive.metastore.HMSHandler.drop_database(HMSHandler.java:1869)
	at sun.reflect.GeneratedMethodAccessor73.invoke(Unknown Source)
	at sun.reflect.DelegatingMethodAccessorImpl.invoke(DelegatingMethodAccessorImpl.java:43)
	at java.lang.reflect.Method.invoke(Method.java:498)
	at org.apache.hadoop.hive.metastore.RetryingHMSHandler.invokeInternal(RetryingHMSHandler.java:147)
	at org.apache.hadoop.hive.metastore.RetryingHMSHandler.invoke(RetryingHMSHandler.java:108)
	at com.sun.proxy.$Proxy34.drop_database(Unknown Source)
	at org.apache.hadoop.hive.metastore.api.ThriftHiveMetastore$Processor$drop_database.getResult(ThriftHiveMetastore.java:18285)
	at org.apache.hadoop.hive.metastore.api.ThriftHiveMetastore$Processor$drop_database.getResult(ThriftHiveMetastore.java:18264)
	at org.apache.thrift.ProcessFunction.process(ProcessFunction.java:38)
	at org.apache.hadoop.hive.metastore.TUGIBasedProcessor$1.run(TUGIBasedProcessor.java:111)
	at org.apache.hadoop.hive.metastore.TUGIBasedProcessor$1.run(TUGIBasedProcessor.java:107)
	at java.security.AccessController.doPrivileged(Native Method)
	at javax.security.auth.Subject.doAs(Subject.java:422)
	at org.apache.hadoop.security.UserGroupInformation.doAs(UserGroupInformation.java:1682)
	at org.apache.hadoop.hive.metastore.TUGIBasedProcessor.process(TUGIBasedProcessor.java:119)
	at org.apache.thrift.server.TThreadPoolServer$WorkerProcess.run(TThreadPoolServer.java:248)
	at java.util.concurrent.ThreadPoolExecutor.runWorker(ThreadPoolExecutor.java:1149)
	at java.util.concurrent.ThreadPoolExecutor$Worker.run(ThreadPoolExecutor.java:624)
	at java.lang.Thread.run(Thread.java:750)
Caused by: org.apache.derby.shared.common.error.DerbySQLIntegrityConstraintViolationException: DELETE on table 'DBS' caused a violation of foreign key constraint 'TBLS_FK1' for key (2).  The statement has been rolled back.
	at org.apache.derby.impl.jdbc.SQLExceptionFactory.getSQLException(Unknown Source)
	at org.apache.derby.impl.jdbc.Util.generateCsSQLException(Unknown Source)
	at org.apache.derby.impl.jdbc.TransactionResourceImpl.wrapInSQLException(Unknown Source)
	at org.apache.derby.impl.jdbc.TransactionResourceImpl.handleException(Unknown Source)
	at org.apache.derby.impl.jdbc.EmbedConnection.handleException(Unknown Source)
	at org.apache.derby.impl.jdbc.ConnectionChild.handleException(Unknown Source)
	at org.apache.derby.impl.jdbc.EmbedStatement.executeStatement(Unknown Source)
	at org.apache.derby.impl.jdbc.EmbedPreparedStatement.executeBatchElement(Unknown Source)
	... 47 more
Caused by: ERROR 23503: DELETE on table 'DBS' caused a violation of foreign key constraint 'TBLS_FK1' for key (2).  The statement has been rolled back.
	at org.apache.derby.iapi.error.StandardException.newException(Unknown Source)
	at org.apache.derby.iapi.error.StandardException.newException(Unknown Source)
	at org.apache.derby.impl.sql.execute.ReferencedKeyRIChecker.doCheck(Unknown Source)
	at org.apache.derby.impl.sql.execute.RISetChecker.doPKCheck(Unknown Source)
	at org.apache.derby.impl.sql.execute.DeleteResultSet.collectAffectedRows(Unknown Source)
	at org.apache.derby.impl.sql.execute.DeleteResultSet.open(Unknown Source)
	at org.apache.derby.impl.sql.GenericPreparedStatement.executeStmt(Unknown Source)
	at org.apache.derby.impl.sql.GenericPreparedStatement.execute(Unknown Source)
	... 49 more

2024-04-24T12:22:10,979  INFO [TThreadPoolServer WorkerProcess-%d] HiveMetaStore.audit: ugi=alex	ip=127.0.0.1	cmd=source:127.0.0.1 drop_database: @hive#myDb	
2024-04-24T12:22:10,982  INFO [TThreadPoolServer WorkerProcess-%d] HiveMetaStore.audit: ugi=alex	ip=127.0.0.1	cmd=source:127.0.0.1 get_all_tables: db=@hive#myDb	
2024-04-24T12:22:10,984  INFO [TThreadPoolServer WorkerProcess-%d] HiveMetaStore.audit: ugi=alex	ip=127.0.0.1	cmd=source:127.0.0.1 get_functions: db=@hive#myDb pat=*	
2024-04-24T12:22:10,989  INFO [TThreadPoolServer WorkerProcess-%d] HiveMetaStore.audit: ugi=alex	ip=127.0.0.1	cmd=source:127.0.0.1 get_all_stored_procedures	
2024-04-24T12:22:10,992  INFO [TThreadPoolServer WorkerProcess-%d] HiveMetaStore.audit: ugi=alex	ip=127.0.0.1	cmd=source:127.0.0.1 get_all_packages	
2024-04-24T12:22:10,995  INFO [TThreadPoolServer WorkerProcess-%d] HiveMetaStore.audit: ugi=alex	ip=127.0.0.1	cmd=source:127.0.0.1 getTablesByTypeCore: catName=hive: db=myDb pat=.*,type=MATERIALIZED_VIEW	
2024-04-24T12:22:11,005  INFO [TThreadPoolServer WorkerProcess-%d] metastore.ObjectStore: Dropping database hive.myDb along with all tables
2024-04-24T12:22:11,017 ERROR [TThreadPoolServer WorkerProcess-%d] metastore.RetryingHMSHandler: Retrying HMSHandler after 2000 ms (attempt 9 of 10) with error: javax.jdo.JDODataStoreException: Exception thrown flushing changes to datastore
	at org.datanucleus.api.jdo.NucleusJDOHelper.getJDOExceptionForNucleusException(NucleusJDOHelper.java:542)
	at org.datanucleus.api.jdo.JDOPersistenceManager.flush(JDOPersistenceManager.java:2081)
	at org.apache.hadoop.hive.metastore.ObjectStore.addNotificationEvent(ObjectStore.java:11639)
	at sun.reflect.GeneratedMethodAccessor68.invoke(Unknown Source)
	at sun.reflect.DelegatingMethodAccessorImpl.invoke(DelegatingMethodAccessorImpl.java:43)
	at java.lang.reflect.Method.invoke(Method.java:498)
	at org.apache.hadoop.hive.metastore.RawStoreProxy.invoke(RawStoreProxy.java:97)
	at com.sun.proxy.$Proxy32.addNotificationEvent(Unknown Source)
	at org.apache.hive.hcatalog.listener.DbNotificationListener.process(DbNotificationListener.java:1403)
	at org.apache.hive.hcatalog.listener.DbNotificationListener.onDropDatabase(DbNotificationListener.java:513)
	at org.apache.hadoop.hive.metastore.MetaStoreListenerNotifier$26.notify(MetaStoreListenerNotifier.java:99)
	at org.apache.hadoop.hive.metastore.MetaStoreListenerNotifier.notifyEvent(MetaStoreListenerNotifier.java:339)
	at org.apache.hadoop.hive.metastore.HMSHandler.drop_database_core(HMSHandler.java:1785)
	at org.apache.hadoop.hive.metastore.HMSHandler.drop_database(HMSHandler.java:1869)
	at sun.reflect.GeneratedMethodAccessor73.invoke(Unknown Source)
	at sun.reflect.DelegatingMethodAccessorImpl.invoke(DelegatingMethodAccessorImpl.java:43)
	at java.lang.reflect.Method.invoke(Method.java:498)
	at org.apache.hadoop.hive.metastore.RetryingHMSHandler.invokeInternal(RetryingHMSHandler.java:147)
	at org.apache.hadoop.hive.metastore.RetryingHMSHandler.invoke(RetryingHMSHandler.java:108)
	at com.sun.proxy.$Proxy34.drop_database(Unknown Source)
	at org.apache.hadoop.hive.metastore.api.ThriftHiveMetastore$Processor$drop_database.getResult(ThriftHiveMetastore.java:18285)
	at org.apache.hadoop.hive.metastore.api.ThriftHiveMetastore$Processor$drop_database.getResult(ThriftHiveMetastore.java:18264)
	at org.apache.thrift.ProcessFunction.process(ProcessFunction.java:38)
	at org.apache.hadoop.hive.metastore.TUGIBasedProcessor$1.run(TUGIBasedProcessor.java:111)
	at org.apache.hadoop.hive.metastore.TUGIBasedProcessor$1.run(TUGIBasedProcessor.java:107)
	at java.security.AccessController.doPrivileged(Native Method)
	at javax.security.auth.Subject.doAs(Subject.java:422)
	at org.apache.hadoop.security.UserGroupInformation.doAs(UserGroupInformation.java:1682)
	at org.apache.hadoop.hive.metastore.TUGIBasedProcessor.process(TUGIBasedProcessor.java:119)
	at org.apache.thrift.server.TThreadPoolServer$WorkerProcess.run(TThreadPoolServer.java:248)
	at java.util.concurrent.ThreadPoolExecutor.runWorker(ThreadPoolExecutor.java:1149)
	at java.util.concurrent.ThreadPoolExecutor$Worker.run(ThreadPoolExecutor.java:624)
	at java.lang.Thread.run(Thread.java:750)
NestedThrowablesStackTrace:
java.sql.BatchUpdateException: DELETE on table 'DBS' caused a violation of foreign key constraint 'TBLS_FK1' for key (2).  The statement has been rolled back.
	at org.apache.derby.impl.jdbc.EmbedStatement.executeLargeBatch(Unknown Source)
	at org.apache.derby.impl.jdbc.EmbedStatement.executeBatch(Unknown Source)
	at com.zaxxer.hikari.pool.ProxyStatement.executeBatch(ProxyStatement.java:128)
	at com.zaxxer.hikari.pool.HikariProxyPreparedStatement.executeBatch(HikariProxyPreparedStatement.java)
	at org.datanucleus.store.rdbms.ParamLoggingPreparedStatement.executeBatch(ParamLoggingPreparedStatement.java:366)
	at org.datanucleus.store.rdbms.SQLController.processConnectionStatement(SQLController.java:675)
	at org.datanucleus.store.rdbms.SQLController.processStatementsForConnection(SQLController.java:643)
	at org.datanucleus.store.rdbms.SQLController$1.transactionFlushed(SQLController.java:729)
	at org.datanucleus.store.connection.AbstractManagedConnection.transactionFlushed(AbstractManagedConnection.java:95)
	at org.datanucleus.store.connection.ConnectionManagerImpl$2.transactionFlushed(ConnectionManagerImpl.java:528)
	at org.datanucleus.TransactionImpl.flush(TransactionImpl.java:222)
	at org.datanucleus.ExecutionContextImpl.flushInternal(ExecutionContextImpl.java:4068)
	at org.datanucleus.ExecutionContextThreadedImpl.flushInternal(ExecutionContextThreadedImpl.java:448)
	at org.datanucleus.ExecutionContextImpl.flush(ExecutionContextImpl.java:4009)
	at org.datanucleus.ExecutionContextThreadedImpl.flush(ExecutionContextThreadedImpl.java:434)
	at org.datanucleus.api.jdo.JDOPersistenceManager.flush(JDOPersistenceManager.java:2064)
	at org.apache.hadoop.hive.metastore.ObjectStore.addNotificationEvent(ObjectStore.java:11639)
	at sun.reflect.GeneratedMethodAccessor68.invoke(Unknown Source)
	at sun.reflect.DelegatingMethodAccessorImpl.invoke(DelegatingMethodAccessorImpl.java:43)
	at java.lang.reflect.Method.invoke(Method.java:498)
	at org.apache.hadoop.hive.metastore.RawStoreProxy.invoke(RawStoreProxy.java:97)
	at com.sun.proxy.$Proxy32.addNotificationEvent(Unknown Source)
	at org.apache.hive.hcatalog.listener.DbNotificationListener.process(DbNotificationListener.java:1403)
	at org.apache.hive.hcatalog.listener.DbNotificationListener.onDropDatabase(DbNotificationListener.java:513)
	at org.apache.hadoop.hive.metastore.MetaStoreListenerNotifier$26.notify(MetaStoreListenerNotifier.java:99)
	at org.apache.hadoop.hive.metastore.MetaStoreListenerNotifier.notifyEvent(MetaStoreListenerNotifier.java:339)
	at org.apache.hadoop.hive.metastore.HMSHandler.drop_database_core(HMSHandler.java:1785)
	at org.apache.hadoop.hive.metastore.HMSHandler.drop_database(HMSHandler.java:1869)
	at sun.reflect.GeneratedMethodAccessor73.invoke(Unknown Source)
	at sun.reflect.DelegatingMethodAccessorImpl.invoke(DelegatingMethodAccessorImpl.java:43)
	at java.lang.reflect.Method.invoke(Method.java:498)
	at org.apache.hadoop.hive.metastore.RetryingHMSHandler.invokeInternal(RetryingHMSHandler.java:147)
	at org.apache.hadoop.hive.metastore.RetryingHMSHandler.invoke(RetryingHMSHandler.java:108)
	at com.sun.proxy.$Proxy34.drop_database(Unknown Source)
	at org.apache.hadoop.hive.metastore.api.ThriftHiveMetastore$Processor$drop_database.getResult(ThriftHiveMetastore.java:18285)
	at org.apache.hadoop.hive.metastore.api.ThriftHiveMetastore$Processor$drop_database.getResult(ThriftHiveMetastore.java:18264)
	at org.apache.thrift.ProcessFunction.process(ProcessFunction.java:38)
	at org.apache.hadoop.hive.metastore.TUGIBasedProcessor$1.run(TUGIBasedProcessor.java:111)
	at org.apache.hadoop.hive.metastore.TUGIBasedProcessor$1.run(TUGIBasedProcessor.java:107)
	at java.security.AccessController.doPrivileged(Native Method)
	at javax.security.auth.Subject.doAs(Subject.java:422)
	at org.apache.hadoop.security.UserGroupInformation.doAs(UserGroupInformation.java:1682)
	at org.apache.hadoop.hive.metastore.TUGIBasedProcessor.process(TUGIBasedProcessor.java:119)
	at org.apache.thrift.server.TThreadPoolServer$WorkerProcess.run(TThreadPoolServer.java:248)
	at java.util.concurrent.ThreadPoolExecutor.runWorker(ThreadPoolExecutor.java:1149)
	at java.util.concurrent.ThreadPoolExecutor$Worker.run(ThreadPoolExecutor.java:624)
	at java.lang.Thread.run(Thread.java:750)
Caused by: org.apache.derby.shared.common.error.DerbySQLIntegrityConstraintViolationException: DELETE on table 'DBS' caused a violation of foreign key constraint 'TBLS_FK1' for key (2).  The statement has been rolled back.
	at org.apache.derby.impl.jdbc.SQLExceptionFactory.getSQLException(Unknown Source)
	at org.apache.derby.impl.jdbc.Util.generateCsSQLException(Unknown Source)
	at org.apache.derby.impl.jdbc.TransactionResourceImpl.wrapInSQLException(Unknown Source)
	at org.apache.derby.impl.jdbc.TransactionResourceImpl.handleException(Unknown Source)
	at org.apache.derby.impl.jdbc.EmbedConnection.handleException(Unknown Source)
	at org.apache.derby.impl.jdbc.ConnectionChild.handleException(Unknown Source)
	at org.apache.derby.impl.jdbc.EmbedStatement.executeStatement(Unknown Source)
	at org.apache.derby.impl.jdbc.EmbedPreparedStatement.executeBatchElement(Unknown Source)
	... 47 more
Caused by: ERROR 23503: DELETE on table 'DBS' caused a violation of foreign key constraint 'TBLS_FK1' for key (2).  The statement has been rolled back.
	at org.apache.derby.iapi.error.StandardException.newException(Unknown Source)
	at org.apache.derby.iapi.error.StandardException.newException(Unknown Source)
	at org.apache.derby.impl.sql.execute.ReferencedKeyRIChecker.doCheck(Unknown Source)
	at org.apache.derby.impl.sql.execute.RISetChecker.doPKCheck(Unknown Source)
	at org.apache.derby.impl.sql.execute.DeleteResultSet.collectAffectedRows(Unknown Source)
	at org.apache.derby.impl.sql.execute.DeleteResultSet.open(Unknown Source)
	at org.apache.derby.impl.sql.GenericPreparedStatement.executeStmt(Unknown Source)
	at org.apache.derby.impl.sql.GenericPreparedStatement.execute(Unknown Source)
	... 49 more

2024-04-24T12:22:13,018  INFO [TThreadPoolServer WorkerProcess-%d] HiveMetaStore.audit: ugi=alex	ip=127.0.0.1	cmd=source:127.0.0.1 drop_database: @hive#myDb	
2024-04-24T12:22:13,022  INFO [TThreadPoolServer WorkerProcess-%d] HiveMetaStore.audit: ugi=alex	ip=127.0.0.1	cmd=source:127.0.0.1 get_all_tables: db=@hive#myDb	
2024-04-24T12:22:13,024  INFO [TThreadPoolServer WorkerProcess-%d] HiveMetaStore.audit: ugi=alex	ip=127.0.0.1	cmd=source:127.0.0.1 get_functions: db=@hive#myDb pat=*	
2024-04-24T12:22:13,029  INFO [TThreadPoolServer WorkerProcess-%d] HiveMetaStore.audit: ugi=alex	ip=127.0.0.1	cmd=source:127.0.0.1 get_all_stored_procedures	
2024-04-24T12:22:13,032  INFO [TThreadPoolServer WorkerProcess-%d] HiveMetaStore.audit: ugi=alex	ip=127.0.0.1	cmd=source:127.0.0.1 get_all_packages	
2024-04-24T12:22:13,035  INFO [TThreadPoolServer WorkerProcess-%d] HiveMetaStore.audit: ugi=alex	ip=127.0.0.1	cmd=source:127.0.0.1 getTablesByTypeCore: catName=hive: db=myDb pat=.*,type=MATERIALIZED_VIEW	
2024-04-24T12:22:13,045  INFO [TThreadPoolServer WorkerProcess-%d] metastore.ObjectStore: Dropping database hive.myDb along with all tables
2024-04-24T12:22:13,057 ERROR [TThreadPoolServer WorkerProcess-%d] metastore.RetryingHMSHandler: Retrying HMSHandler after 2000 ms (attempt 10 of 10) with error: javax.jdo.JDODataStoreException: Exception thrown flushing changes to datastore
	at org.datanucleus.api.jdo.NucleusJDOHelper.getJDOExceptionForNucleusException(NucleusJDOHelper.java:542)
	at org.datanucleus.api.jdo.JDOPersistenceManager.flush(JDOPersistenceManager.java:2081)
	at org.apache.hadoop.hive.metastore.ObjectStore.addNotificationEvent(ObjectStore.java:11639)
	at sun.reflect.GeneratedMethodAccessor68.invoke(Unknown Source)
	at sun.reflect.DelegatingMethodAccessorImpl.invoke(DelegatingMethodAccessorImpl.java:43)
	at java.lang.reflect.Method.invoke(Method.java:498)
	at org.apache.hadoop.hive.metastore.RawStoreProxy.invoke(RawStoreProxy.java:97)
	at com.sun.proxy.$Proxy32.addNotificationEvent(Unknown Source)
	at org.apache.hive.hcatalog.listener.DbNotificationListener.process(DbNotificationListener.java:1403)
	at org.apache.hive.hcatalog.listener.DbNotificationListener.onDropDatabase(DbNotificationListener.java:513)
	at org.apache.hadoop.hive.metastore.MetaStoreListenerNotifier$26.notify(MetaStoreListenerNotifier.java:99)
	at org.apache.hadoop.hive.metastore.MetaStoreListenerNotifier.notifyEvent(MetaStoreListenerNotifier.java:339)
	at org.apache.hadoop.hive.metastore.HMSHandler.drop_database_core(HMSHandler.java:1785)
	at org.apache.hadoop.hive.metastore.HMSHandler.drop_database(HMSHandler.java:1869)
	at sun.reflect.GeneratedMethodAccessor73.invoke(Unknown Source)
	at sun.reflect.DelegatingMethodAccessorImpl.invoke(DelegatingMethodAccessorImpl.java:43)
	at java.lang.reflect.Method.invoke(Method.java:498)
	at org.apache.hadoop.hive.metastore.RetryingHMSHandler.invokeInternal(RetryingHMSHandler.java:147)
	at org.apache.hadoop.hive.metastore.RetryingHMSHandler.invoke(RetryingHMSHandler.java:108)
	at com.sun.proxy.$Proxy34.drop_database(Unknown Source)
	at org.apache.hadoop.hive.metastore.api.ThriftHiveMetastore$Processor$drop_database.getResult(ThriftHiveMetastore.java:18285)
	at org.apache.hadoop.hive.metastore.api.ThriftHiveMetastore$Processor$drop_database.getResult(ThriftHiveMetastore.java:18264)
	at org.apache.thrift.ProcessFunction.process(ProcessFunction.java:38)
	at org.apache.hadoop.hive.metastore.TUGIBasedProcessor$1.run(TUGIBasedProcessor.java:111)
	at org.apache.hadoop.hive.metastore.TUGIBasedProcessor$1.run(TUGIBasedProcessor.java:107)
	at java.security.AccessController.doPrivileged(Native Method)
	at javax.security.auth.Subject.doAs(Subject.java:422)
	at org.apache.hadoop.security.UserGroupInformation.doAs(UserGroupInformation.java:1682)
	at org.apache.hadoop.hive.metastore.TUGIBasedProcessor.process(TUGIBasedProcessor.java:119)
	at org.apache.thrift.server.TThreadPoolServer$WorkerProcess.run(TThreadPoolServer.java:248)
	at java.util.concurrent.ThreadPoolExecutor.runWorker(ThreadPoolExecutor.java:1149)
	at java.util.concurrent.ThreadPoolExecutor$Worker.run(ThreadPoolExecutor.java:624)
	at java.lang.Thread.run(Thread.java:750)
NestedThrowablesStackTrace:
java.sql.BatchUpdateException: DELETE on table 'DBS' caused a violation of foreign key constraint 'TBLS_FK1' for key (2).  The statement has been rolled back.
	at org.apache.derby.impl.jdbc.EmbedStatement.executeLargeBatch(Unknown Source)
	at org.apache.derby.impl.jdbc.EmbedStatement.executeBatch(Unknown Source)
	at com.zaxxer.hikari.pool.ProxyStatement.executeBatch(ProxyStatement.java:128)
	at com.zaxxer.hikari.pool.HikariProxyPreparedStatement.executeBatch(HikariProxyPreparedStatement.java)
	at org.datanucleus.store.rdbms.ParamLoggingPreparedStatement.executeBatch(ParamLoggingPreparedStatement.java:366)
	at org.datanucleus.store.rdbms.SQLController.processConnectionStatement(SQLController.java:675)
	at org.datanucleus.store.rdbms.SQLController.processStatementsForConnection(SQLController.java:643)
	at org.datanucleus.store.rdbms.SQLController$1.transactionFlushed(SQLController.java:729)
	at org.datanucleus.store.connection.AbstractManagedConnection.transactionFlushed(AbstractManagedConnection.java:95)
	at org.datanucleus.store.connection.ConnectionManagerImpl$2.transactionFlushed(ConnectionManagerImpl.java:528)
	at org.datanucleus.TransactionImpl.flush(TransactionImpl.java:222)
	at org.datanucleus.ExecutionContextImpl.flushInternal(ExecutionContextImpl.java:4068)
	at org.datanucleus.ExecutionContextThreadedImpl.flushInternal(ExecutionContextThreadedImpl.java:448)
	at org.datanucleus.ExecutionContextImpl.flush(ExecutionContextImpl.java:4009)
	at org.datanucleus.ExecutionContextThreadedImpl.flush(ExecutionContextThreadedImpl.java:434)
	at org.datanucleus.api.jdo.JDOPersistenceManager.flush(JDOPersistenceManager.java:2064)
	at org.apache.hadoop.hive.metastore.ObjectStore.addNotificationEvent(ObjectStore.java:11639)
	at sun.reflect.GeneratedMethodAccessor68.invoke(Unknown Source)
	at sun.reflect.DelegatingMethodAccessorImpl.invoke(DelegatingMethodAccessorImpl.java:43)
	at java.lang.reflect.Method.invoke(Method.java:498)
	at org.apache.hadoop.hive.metastore.RawStoreProxy.invoke(RawStoreProxy.java:97)
	at com.sun.proxy.$Proxy32.addNotificationEvent(Unknown Source)
	at org.apache.hive.hcatalog.listener.DbNotificationListener.process(DbNotificationListener.java:1403)
	at org.apache.hive.hcatalog.listener.DbNotificationListener.onDropDatabase(DbNotificationListener.java:513)
	at org.apache.hadoop.hive.metastore.MetaStoreListenerNotifier$26.notify(MetaStoreListenerNotifier.java:99)
	at org.apache.hadoop.hive.metastore.MetaStoreListenerNotifier.notifyEvent(MetaStoreListenerNotifier.java:339)
	at org.apache.hadoop.hive.metastore.HMSHandler.drop_database_core(HMSHandler.java:1785)
	at org.apache.hadoop.hive.metastore.HMSHandler.drop_database(HMSHandler.java:1869)
	at sun.reflect.GeneratedMethodAccessor73.invoke(Unknown Source)
	at sun.reflect.DelegatingMethodAccessorImpl.invoke(DelegatingMethodAccessorImpl.java:43)
	at java.lang.reflect.Method.invoke(Method.java:498)
	at org.apache.hadoop.hive.metastore.RetryingHMSHandler.invokeInternal(RetryingHMSHandler.java:147)
	at org.apache.hadoop.hive.metastore.RetryingHMSHandler.invoke(RetryingHMSHandler.java:108)
	at com.sun.proxy.$Proxy34.drop_database(Unknown Source)
	at org.apache.hadoop.hive.metastore.api.ThriftHiveMetastore$Processor$drop_database.getResult(ThriftHiveMetastore.java:18285)
	at org.apache.hadoop.hive.metastore.api.ThriftHiveMetastore$Processor$drop_database.getResult(ThriftHiveMetastore.java:18264)
	at org.apache.thrift.ProcessFunction.process(ProcessFunction.java:38)
	at org.apache.hadoop.hive.metastore.TUGIBasedProcessor$1.run(TUGIBasedProcessor.java:111)
	at org.apache.hadoop.hive.metastore.TUGIBasedProcessor$1.run(TUGIBasedProcessor.java:107)
	at java.security.AccessController.doPrivileged(Native Method)
	at javax.security.auth.Subject.doAs(Subject.java:422)
	at org.apache.hadoop.security.UserGroupInformation.doAs(UserGroupInformation.java:1682)
	at org.apache.hadoop.hive.metastore.TUGIBasedProcessor.process(TUGIBasedProcessor.java:119)
	at org.apache.thrift.server.TThreadPoolServer$WorkerProcess.run(TThreadPoolServer.java:248)
	at java.util.concurrent.ThreadPoolExecutor.runWorker(ThreadPoolExecutor.java:1149)
	at java.util.concurrent.ThreadPoolExecutor$Worker.run(ThreadPoolExecutor.java:624)
	at java.lang.Thread.run(Thread.java:750)
Caused by: org.apache.derby.shared.common.error.DerbySQLIntegrityConstraintViolationException: DELETE on table 'DBS' caused a violation of foreign key constraint 'TBLS_FK1' for key (2).  The statement has been rolled back.
	at org.apache.derby.impl.jdbc.SQLExceptionFactory.getSQLException(Unknown Source)
	at org.apache.derby.impl.jdbc.Util.generateCsSQLException(Unknown Source)
	at org.apache.derby.impl.jdbc.TransactionResourceImpl.wrapInSQLException(Unknown Source)
	at org.apache.derby.impl.jdbc.TransactionResourceImpl.handleException(Unknown Source)
	at org.apache.derby.impl.jdbc.EmbedConnection.handleException(Unknown Source)
	at org.apache.derby.impl.jdbc.ConnectionChild.handleException(Unknown Source)
	at org.apache.derby.impl.jdbc.EmbedStatement.executeStatement(Unknown Source)
	at org.apache.derby.impl.jdbc.EmbedPreparedStatement.executeBatchElement(Unknown Source)
	... 47 more
Caused by: ERROR 23503: DELETE on table 'DBS' caused a violation of foreign key constraint 'TBLS_FK1' for key (2).  The statement has been rolled back.
	at org.apache.derby.iapi.error.StandardException.newException(Unknown Source)
	at org.apache.derby.iapi.error.StandardException.newException(Unknown Source)
	at org.apache.derby.impl.sql.execute.ReferencedKeyRIChecker.doCheck(Unknown Source)
	at org.apache.derby.impl.sql.execute.RISetChecker.doPKCheck(Unknown Source)
	at org.apache.derby.impl.sql.execute.DeleteResultSet.collectAffectedRows(Unknown Source)
	at org.apache.derby.impl.sql.execute.DeleteResultSet.open(Unknown Source)
	at org.apache.derby.impl.sql.GenericPreparedStatement.executeStmt(Unknown Source)
	at org.apache.derby.impl.sql.GenericPreparedStatement.execute(Unknown Source)
	... 49 more

2024-04-24T12:22:15,058  INFO [TThreadPoolServer WorkerProcess-%d] HiveMetaStore.audit: ugi=alex	ip=127.0.0.1	cmd=source:127.0.0.1 drop_database: @hive#myDb	
2024-04-24T12:22:15,062  INFO [TThreadPoolServer WorkerProcess-%d] HiveMetaStore.audit: ugi=alex	ip=127.0.0.1	cmd=source:127.0.0.1 get_all_tables: db=@hive#myDb	
2024-04-24T12:22:15,064  INFO [TThreadPoolServer WorkerProcess-%d] HiveMetaStore.audit: ugi=alex	ip=127.0.0.1	cmd=source:127.0.0.1 get_functions: db=@hive#myDb pat=*	
2024-04-24T12:22:15,069  INFO [TThreadPoolServer WorkerProcess-%d] HiveMetaStore.audit: ugi=alex	ip=127.0.0.1	cmd=source:127.0.0.1 get_all_stored_procedures	
2024-04-24T12:22:15,072  INFO [TThreadPoolServer WorkerProcess-%d] HiveMetaStore.audit: ugi=alex	ip=127.0.0.1	cmd=source:127.0.0.1 get_all_packages	
2024-04-24T12:22:15,075  INFO [TThreadPoolServer WorkerProcess-%d] HiveMetaStore.audit: ugi=alex	ip=127.0.0.1	cmd=source:127.0.0.1 getTablesByTypeCore: catName=hive: db=myDb pat=.*,type=MATERIALIZED_VIEW	
2024-04-24T12:22:15,085  INFO [TThreadPoolServer WorkerProcess-%d] metastore.ObjectStore: Dropping database hive.myDb along with all tables
2024-04-24T12:22:15,096 ERROR [TThreadPoolServer WorkerProcess-%d] metastore.RetryingHMSHandler: HMSHandler Fatal error: javax.jdo.JDODataStoreException: Exception thrown flushing changes to datastore
	at org.datanucleus.api.jdo.NucleusJDOHelper.getJDOExceptionForNucleusException(NucleusJDOHelper.java:542)
	at org.datanucleus.api.jdo.JDOPersistenceManager.flush(JDOPersistenceManager.java:2081)
	at org.apache.hadoop.hive.metastore.ObjectStore.addNotificationEvent(ObjectStore.java:11639)
	at sun.reflect.GeneratedMethodAccessor68.invoke(Unknown Source)
	at sun.reflect.DelegatingMethodAccessorImpl.invoke(DelegatingMethodAccessorImpl.java:43)
	at java.lang.reflect.Method.invoke(Method.java:498)
	at org.apache.hadoop.hive.metastore.RawStoreProxy.invoke(RawStoreProxy.java:97)
	at com.sun.proxy.$Proxy32.addNotificationEvent(Unknown Source)
	at org.apache.hive.hcatalog.listener.DbNotificationListener.process(DbNotificationListener.java:1403)
	at org.apache.hive.hcatalog.listener.DbNotificationListener.onDropDatabase(DbNotificationListener.java:513)
	at org.apache.hadoop.hive.metastore.MetaStoreListenerNotifier$26.notify(MetaStoreListenerNotifier.java:99)
	at org.apache.hadoop.hive.metastore.MetaStoreListenerNotifier.notifyEvent(MetaStoreListenerNotifier.java:339)
	at org.apache.hadoop.hive.metastore.HMSHandler.drop_database_core(HMSHandler.java:1785)
	at org.apache.hadoop.hive.metastore.HMSHandler.drop_database(HMSHandler.java:1869)
	at sun.reflect.GeneratedMethodAccessor73.invoke(Unknown Source)
	at sun.reflect.DelegatingMethodAccessorImpl.invoke(DelegatingMethodAccessorImpl.java:43)
	at java.lang.reflect.Method.invoke(Method.java:498)
	at org.apache.hadoop.hive.metastore.RetryingHMSHandler.invokeInternal(RetryingHMSHandler.java:147)
	at org.apache.hadoop.hive.metastore.RetryingHMSHandler.invoke(RetryingHMSHandler.java:108)
	at com.sun.proxy.$Proxy34.drop_database(Unknown Source)
	at org.apache.hadoop.hive.metastore.api.ThriftHiveMetastore$Processor$drop_database.getResult(ThriftHiveMetastore.java:18285)
	at org.apache.hadoop.hive.metastore.api.ThriftHiveMetastore$Processor$drop_database.getResult(ThriftHiveMetastore.java:18264)
	at org.apache.thrift.ProcessFunction.process(ProcessFunction.java:38)
	at org.apache.hadoop.hive.metastore.TUGIBasedProcessor$1.run(TUGIBasedProcessor.java:111)
	at org.apache.hadoop.hive.metastore.TUGIBasedProcessor$1.run(TUGIBasedProcessor.java:107)
	at java.security.AccessController.doPrivileged(Native Method)
	at javax.security.auth.Subject.doAs(Subject.java:422)
	at org.apache.hadoop.security.UserGroupInformation.doAs(UserGroupInformation.java:1682)
	at org.apache.hadoop.hive.metastore.TUGIBasedProcessor.process(TUGIBasedProcessor.java:119)
	at org.apache.thrift.server.TThreadPoolServer$WorkerProcess.run(TThreadPoolServer.java:248)
	at java.util.concurrent.ThreadPoolExecutor.runWorker(ThreadPoolExecutor.java:1149)
	at java.util.concurrent.ThreadPoolExecutor$Worker.run(ThreadPoolExecutor.java:624)
	at java.lang.Thread.run(Thread.java:750)
NestedThrowablesStackTrace:
java.sql.BatchUpdateException: DELETE on table 'DBS' caused a violation of foreign key constraint 'TBLS_FK1' for key (2).  The statement has been rolled back.
	at org.apache.derby.impl.jdbc.EmbedStatement.executeLargeBatch(Unknown Source)
	at org.apache.derby.impl.jdbc.EmbedStatement.executeBatch(Unknown Source)
	at com.zaxxer.hikari.pool.ProxyStatement.executeBatch(ProxyStatement.java:128)
	at com.zaxxer.hikari.pool.HikariProxyPreparedStatement.executeBatch(HikariProxyPreparedStatement.java)
	at org.datanucleus.store.rdbms.ParamLoggingPreparedStatement.executeBatch(ParamLoggingPreparedStatement.java:366)
	at org.datanucleus.store.rdbms.SQLController.processConnectionStatement(SQLController.java:675)
	at org.datanucleus.store.rdbms.SQLController.processStatementsForConnection(SQLController.java:643)
	at org.datanucleus.store.rdbms.SQLController$1.transactionFlushed(SQLController.java:729)
	at org.datanucleus.store.connection.AbstractManagedConnection.transactionFlushed(AbstractManagedConnection.java:95)
	at org.datanucleus.store.connection.ConnectionManagerImpl$2.transactionFlushed(ConnectionManagerImpl.java:528)
	at org.datanucleus.TransactionImpl.flush(TransactionImpl.java:222)
	at org.datanucleus.ExecutionContextImpl.flushInternal(ExecutionContextImpl.java:4068)
	at org.datanucleus.ExecutionContextThreadedImpl.flushInternal(ExecutionContextThreadedImpl.java:448)
	at org.datanucleus.ExecutionContextImpl.flush(ExecutionContextImpl.java:4009)
	at org.datanucleus.ExecutionContextThreadedImpl.flush(ExecutionContextThreadedImpl.java:434)
	at org.datanucleus.api.jdo.JDOPersistenceManager.flush(JDOPersistenceManager.java:2064)
	at org.apache.hadoop.hive.metastore.ObjectStore.addNotificationEvent(ObjectStore.java:11639)
	at sun.reflect.GeneratedMethodAccessor68.invoke(Unknown Source)
	at sun.reflect.DelegatingMethodAccessorImpl.invoke(DelegatingMethodAccessorImpl.java:43)
	at java.lang.reflect.Method.invoke(Method.java:498)
	at org.apache.hadoop.hive.metastore.RawStoreProxy.invoke(RawStoreProxy.java:97)
	at com.sun.proxy.$Proxy32.addNotificationEvent(Unknown Source)
	at org.apache.hive.hcatalog.listener.DbNotificationListener.process(DbNotificationListener.java:1403)
	at org.apache.hive.hcatalog.listener.DbNotificationListener.onDropDatabase(DbNotificationListener.java:513)
	at org.apache.hadoop.hive.metastore.MetaStoreListenerNotifier$26.notify(MetaStoreListenerNotifier.java:99)
	at org.apache.hadoop.hive.metastore.MetaStoreListenerNotifier.notifyEvent(MetaStoreListenerNotifier.java:339)
	at org.apache.hadoop.hive.metastore.HMSHandler.drop_database_core(HMSHandler.java:1785)
	at org.apache.hadoop.hive.metastore.HMSHandler.drop_database(HMSHandler.java:1869)
	at sun.reflect.GeneratedMethodAccessor73.invoke(Unknown Source)
	at sun.reflect.DelegatingMethodAccessorImpl.invoke(DelegatingMethodAccessorImpl.java:43)
	at java.lang.reflect.Method.invoke(Method.java:498)
	at org.apache.hadoop.hive.metastore.RetryingHMSHandler.invokeInternal(RetryingHMSHandler.java:147)
	at org.apache.hadoop.hive.metastore.RetryingHMSHandler.invoke(RetryingHMSHandler.java:108)
	at com.sun.proxy.$Proxy34.drop_database(Unknown Source)
	at org.apache.hadoop.hive.metastore.api.ThriftHiveMetastore$Processor$drop_database.getResult(ThriftHiveMetastore.java:18285)
	at org.apache.hadoop.hive.metastore.api.ThriftHiveMetastore$Processor$drop_database.getResult(ThriftHiveMetastore.java:18264)
	at org.apache.thrift.ProcessFunction.process(ProcessFunction.java:38)
	at org.apache.hadoop.hive.metastore.TUGIBasedProcessor$1.run(TUGIBasedProcessor.java:111)
	at org.apache.hadoop.hive.metastore.TUGIBasedProcessor$1.run(TUGIBasedProcessor.java:107)
	at java.security.AccessController.doPrivileged(Native Method)
	at javax.security.auth.Subject.doAs(Subject.java:422)
	at org.apache.hadoop.security.UserGroupInformation.doAs(UserGroupInformation.java:1682)
	at org.apache.hadoop.hive.metastore.TUGIBasedProcessor.process(TUGIBasedProcessor.java:119)
	at org.apache.thrift.server.TThreadPoolServer$WorkerProcess.run(TThreadPoolServer.java:248)
	at java.util.concurrent.ThreadPoolExecutor.runWorker(ThreadPoolExecutor.java:1149)
	at java.util.concurrent.ThreadPoolExecutor$Worker.run(ThreadPoolExecutor.java:624)
	at java.lang.Thread.run(Thread.java:750)
Caused by: org.apache.derby.shared.common.error.DerbySQLIntegrityConstraintViolationException: DELETE on table 'DBS' caused a violation of foreign key constraint 'TBLS_FK1' for key (2).  The statement has been rolled back.
	at org.apache.derby.impl.jdbc.SQLExceptionFactory.getSQLException(Unknown Source)
	at org.apache.derby.impl.jdbc.Util.generateCsSQLException(Unknown Source)
	at org.apache.derby.impl.jdbc.TransactionResourceImpl.wrapInSQLException(Unknown Source)
	at org.apache.derby.impl.jdbc.TransactionResourceImpl.handleException(Unknown Source)
	at org.apache.derby.impl.jdbc.EmbedConnection.handleException(Unknown Source)
	at org.apache.derby.impl.jdbc.ConnectionChild.handleException(Unknown Source)
	at org.apache.derby.impl.jdbc.EmbedStatement.executeStatement(Unknown Source)
	at org.apache.derby.impl.jdbc.EmbedPreparedStatement.executeBatchElement(Unknown Source)
	... 47 more
Caused by: ERROR 23503: DELETE on table 'DBS' caused a violation of foreign key constraint 'TBLS_FK1' for key (2).  The statement has been rolled back.
	at org.apache.derby.iapi.error.StandardException.newException(Unknown Source)
	at org.apache.derby.iapi.error.StandardException.newException(Unknown Source)
	at org.apache.derby.impl.sql.execute.ReferencedKeyRIChecker.doCheck(Unknown Source)
	at org.apache.derby.impl.sql.execute.RISetChecker.doPKCheck(Unknown Source)
	at org.apache.derby.impl.sql.execute.DeleteResultSet.collectAffectedRows(Unknown Source)
	at org.apache.derby.impl.sql.execute.DeleteResultSet.open(Unknown Source)
	at org.apache.derby.impl.sql.GenericPreparedStatement.executeStmt(Unknown Source)
	at org.apache.derby.impl.sql.GenericPreparedStatement.execute(Unknown Source)
	... 49 more

2024-04-24T12:22:15,096  WARN [main] metastore.RetryingMetaStoreClient: MetaStoreClient lost connection. Attempting to reconnect (1 of 1) after 1s. dropDatabase
org.apache.hadoop.hive.metastore.api.MetaException: javax.jdo.JDODataStoreException: Exception thrown flushing changes to datastore
NestedThrowables:
java.sql.BatchUpdateException: DELETE on table 'DBS' caused a violation of foreign key constraint 'TBLS_FK1' for key (2).  The statement has been rolled back.
	at org.apache.hadoop.hive.metastore.api.ThriftHiveMetastore$drop_database_result$drop_database_resultStandardScheme.read(ThriftHiveMetastore.java:54495) ~[classes/:?]
	at org.apache.hadoop.hive.metastore.api.ThriftHiveMetastore$drop_database_result$drop_database_resultStandardScheme.read(ThriftHiveMetastore.java:54463) ~[classes/:?]
	at org.apache.hadoop.hive.metastore.api.ThriftHiveMetastore$drop_database_result.read(ThriftHiveMetastore.java:54397) ~[classes/:?]
	at org.apache.thrift.TServiceClient.receiveBase(TServiceClient.java:88) ~[libthrift-0.14.1.jar:0.14.1]
	at org.apache.hadoop.hive.metastore.api.ThriftHiveMetastore$Client.recv_drop_database(ThriftHiveMetastore.java:1404) ~[classes/:?]
	at org.apache.hadoop.hive.metastore.api.ThriftHiveMetastore$Client.drop_database(ThriftHiveMetastore.java:1389) ~[classes/:?]
	at org.apache.hadoop.hive.metastore.HiveMetaStoreClient.dropDatabaseCascadePerDb(HiveMetaStoreClient.java:1601) ~[classes/:?]
	at org.apache.hadoop.hive.metastore.HiveMetaStoreClient.dropDatabase(HiveMetaStoreClient.java:1532) ~[classes/:?]
	at org.apache.hadoop.hive.metastore.HiveMetaStoreClient.dropDatabase(HiveMetaStoreClient.java:1485) ~[classes/:?]
	at sun.reflect.NativeMethodAccessorImpl.invoke0(Native Method) ~[?:1.8.0_402]
	at sun.reflect.NativeMethodAccessorImpl.invoke(NativeMethodAccessorImpl.java:62) ~[?:1.8.0_402]
	at sun.reflect.DelegatingMethodAccessorImpl.invoke(DelegatingMethodAccessorImpl.java:43) ~[?:1.8.0_402]
	at java.lang.reflect.Method.invoke(Method.java:498) ~[?:1.8.0_402]
	at org.apache.hadoop.hive.metastore.RetryingMetaStoreClient.invoke(RetryingMetaStoreClient.java:214) [classes/:?]
	at com.sun.proxy.$Proxy35.dropDatabase(Unknown Source) [?:?]
	at org.apache.hive.hcatalog.api.HCatClientHMSImpl.dropDatabase(HCatClientHMSImpl.java:154) [classes/:?]
	at org.apache.hive.hcatalog.api.TestHCatClient.testDropPartitionsWithPartialSpec(TestHCatClient.java:757) [test-classes/:?]
	at sun.reflect.NativeMethodAccessorImpl.invoke0(Native Method) ~[?:1.8.0_402]
	at sun.reflect.NativeMethodAccessorImpl.invoke(NativeMethodAccessorImpl.java:62) ~[?:1.8.0_402]
	at sun.reflect.DelegatingMethodAccessorImpl.invoke(DelegatingMethodAccessorImpl.java:43) ~[?:1.8.0_402]
	at java.lang.reflect.Method.invoke(Method.java:498) ~[?:1.8.0_402]
	at org.junit.runners.model.FrameworkMethod$1.runReflectiveCall(FrameworkMethod.java:59) [junit-4.13.jar:4.13]
	at org.junit.internal.runners.model.ReflectiveCallable.run(ReflectiveCallable.java:12) [junit-4.13.jar:4.13]
	at org.junit.runners.model.FrameworkMethod.invokeExplosively(FrameworkMethod.java:56) [junit-4.13.jar:4.13]
	at org.junit.internal.runners.statements.InvokeMethod.evaluate(InvokeMethod.java:17) [junit-4.13.jar:4.13]
	at org.junit.runners.ParentRunner$3.evaluate(ParentRunner.java:306) [junit-4.13.jar:4.13]
	at org.junit.runners.BlockJUnit4ClassRunner$1.evaluate(BlockJUnit4ClassRunner.java:100) [junit-4.13.jar:4.13]
	at org.junit.runners.ParentRunner.runLeaf(ParentRunner.java:366) [junit-4.13.jar:4.13]
	at org.junit.runners.BlockJUnit4ClassRunner.runChild(BlockJUnit4ClassRunner.java:103) [junit-4.13.jar:4.13]
	at org.junit.runners.BlockJUnit4ClassRunner.runChild(BlockJUnit4ClassRunner.java:63) [junit-4.13.jar:4.13]
	at org.junit.runners.ParentRunner$4.run(ParentRunner.java:331) [junit-4.13.jar:4.13]
	at org.junit.runners.ParentRunner$1.schedule(ParentRunner.java:79) [junit-4.13.jar:4.13]
	at org.junit.runners.ParentRunner.runChildren(ParentRunner.java:329) [junit-4.13.jar:4.13]
	at org.junit.runners.ParentRunner.access$100(ParentRunner.java:66) [junit-4.13.jar:4.13]
	at org.junit.runners.ParentRunner$2.evaluate(ParentRunner.java:293) [junit-4.13.jar:4.13]
	at org.junit.internal.runners.statements.RunBefores.evaluate(RunBefores.java:26) [junit-4.13.jar:4.13]
	at org.junit.internal.runners.statements.RunAfters.evaluate(RunAfters.java:27) [junit-4.13.jar:4.13]
	at org.junit.runners.ParentRunner$3.evaluate(ParentRunner.java:306) [junit-4.13.jar:4.13]
	at org.junit.runners.ParentRunner.run(ParentRunner.java:413) [junit-4.13.jar:4.13]
	at org.junit.runners.Suite.runChild(Suite.java:128) [junit-4.13.jar:4.13]
	at org.junit.runners.Suite.runChild(Suite.java:27) [junit-4.13.jar:4.13]
	at org.junit.runners.ParentRunner$4.run(ParentRunner.java:331) [junit-4.13.jar:4.13]
	at org.junit.runners.ParentRunner$1.schedule(ParentRunner.java:79) [junit-4.13.jar:4.13]
	at org.junit.runners.ParentRunner.runChildren(ParentRunner.java:329) [junit-4.13.jar:4.13]
	at org.junit.runners.ParentRunner.access$100(ParentRunner.java:66) [junit-4.13.jar:4.13]
	at org.junit.runners.ParentRunner$2.evaluate(ParentRunner.java:293) [junit-4.13.jar:4.13]
	at org.junit.runners.ParentRunner$3.evaluate(ParentRunner.java:306) [junit-4.13.jar:4.13]
	at org.junit.runners.ParentRunner.run(ParentRunner.java:413) [junit-4.13.jar:4.13]
	at org.apache.maven.surefire.junitcore.JUnitCore.run(JUnitCore.java:55) [surefire-junit47-3.0.0-M4.jar:3.0.0-M4]
	at org.apache.maven.surefire.junitcore.JUnitCoreWrapper.createRequestAndRun(JUnitCoreWrapper.java:137) [surefire-junit47-3.0.0-M4.jar:3.0.0-M4]
	at org.apache.maven.surefire.junitcore.JUnitCoreWrapper.executeEager(JUnitCoreWrapper.java:107) [surefire-junit47-3.0.0-M4.jar:3.0.0-M4]
	at org.apache.maven.surefire.junitcore.JUnitCoreWrapper.execute(JUnitCoreWrapper.java:83) [surefire-junit47-3.0.0-M4.jar:3.0.0-M4]
	at org.apache.maven.surefire.junitcore.JUnitCoreWrapper.execute(JUnitCoreWrapper.java:75) [surefire-junit47-3.0.0-M4.jar:3.0.0-M4]
	at org.apache.maven.surefire.junitcore.JUnitCoreProvider.invoke(JUnitCoreProvider.java:158) [surefire-junit47-3.0.0-M4.jar:3.0.0-M4]
	at org.apache.maven.surefire.booter.ForkedBooter.runSuitesInProcess(ForkedBooter.java:377) [surefire-booter-3.0.0-M4.jar:3.0.0-M4]
	at org.apache.maven.surefire.booter.ForkedBooter.execute(ForkedBooter.java:138) [surefire-booter-3.0.0-M4.jar:3.0.0-M4]
	at org.apache.maven.surefire.booter.ForkedBooter.run(ForkedBooter.java:465) [surefire-booter-3.0.0-M4.jar:3.0.0-M4]
	at org.apache.maven.surefire.booter.ForkedBooter.main(ForkedBooter.java:451) [surefire-booter-3.0.0-M4.jar:3.0.0-M4]
2024-04-24T12:22:16,098  INFO [main] metastore.RetryingMetaStoreClient: RetryingMetaStoreClient trying reconnect as alex (auth:SIMPLE)
2024-04-24T12:22:16,099  INFO [main] metastore.HiveMetaStoreClient: Trying to connect to metastore with URI (thrift://localhost:44585)
2024-04-24T12:22:16,100  INFO [main] metastore.HiveMetaStoreClient: Opened a connection to metastore, URI (thrift://localhost:44585) current connections: 3
2024-04-24T12:22:16,103  INFO [TThreadPoolServer WorkerProcess-%d] HiveMetaStore.audit: ugi=alex	ip=127.0.0.1	cmd=source:127.0.0.1 get_database: myDb	
2024-04-24T12:22:16,106  INFO [TThreadPoolServer WorkerProcess-%d] metastore.HMSHandler: 4: Opening raw store with implementation class:org.apache.hadoop.hive.metastore.ObjectStore
2024-04-24T12:22:16,108  INFO [TThreadPoolServer WorkerProcess-%d] metastore.ObjectStore: RawStore: org.apache.hadoop.hive.metastore.ObjectStore@6cb90f60, with PersistenceManager: null will be shutdown
2024-04-24T12:22:16,108  INFO [TThreadPoolServer WorkerProcess-%d] metastore.ObjectStore: RawStore: org.apache.hadoop.hive.metastore.ObjectStore@6cb90f60, with PersistenceManager: org.datanucleus.api.jdo.JDOPersistenceManager@503c4c53 created in the thread with id: 56
2024-04-24T12:22:16,122  INFO [TThreadPoolServer WorkerProcess-%d] metastore.HMSHandler: Created RawStore: org.apache.hadoop.hive.metastore.ObjectStore@6cb90f60 from thread id: 56
2024-04-24T12:22:16,127  INFO [TThreadPoolServer WorkerProcess-%d] HiveMetaStore.audit: ugi=alex	ip=127.0.0.1	cmd=source:127.0.0.1 get_tables_by_type: db=@hive#myDb pat=.*,type=MATERIALIZED_VIEW	
2024-04-24T12:22:16,127  INFO [TThreadPoolServer WorkerProcess-%d] HiveMetaStore.audit: ugi=alex	ip=127.0.0.1	cmd=source:127.0.0.1 getTablesByTypeCore: catName=hive: db=myDb pat=.*,type=MATERIALIZED_VIEW	
2024-04-24T12:22:16,133  INFO [TThreadPoolServer WorkerProcess-%d] HiveMetaStore.audit: ugi=alex	ip=127.0.0.1	cmd=source:127.0.0.1 get_all_tables: db=@hive#myDb	
2024-04-24T12:22:16,140  INFO [TThreadPoolServer WorkerProcess-%d] HiveMetaStore.audit: ugi=alex	ip=127.0.0.1	cmd=source:127.0.0.1 get_multi_table : db=myDb tbls=mytable	
2024-04-24T12:22:16,145  INFO [TThreadPoolServer WorkerProcess-%d] HiveMetaStore.audit: ugi=alex	ip=127.0.0.1	cmd=source:127.0.0.1 drop_database: @hive#myDb	
2024-04-24T12:22:16,148  INFO [TThreadPoolServer WorkerProcess-%d] HiveMetaStore.audit: ugi=alex	ip=127.0.0.1	cmd=source:127.0.0.1 get_all_tables: db=@hive#myDb	
2024-04-24T12:22:16,149  INFO [TThreadPoolServer WorkerProcess-%d] HiveMetaStore.audit: ugi=alex	ip=127.0.0.1	cmd=source:127.0.0.1 get_functions: db=@hive#myDb pat=*	
2024-04-24T12:22:16,152  INFO [TThreadPoolServer WorkerProcess-%d] HiveMetaStore.audit: ugi=alex	ip=127.0.0.1	cmd=source:127.0.0.1 get_all_stored_procedures	
2024-04-24T12:22:16,154  INFO [TThreadPoolServer WorkerProcess-%d] HiveMetaStore.audit: ugi=alex	ip=127.0.0.1	cmd=source:127.0.0.1 get_all_packages	
2024-04-24T12:22:16,155  INFO [TThreadPoolServer WorkerProcess-%d] HiveMetaStore.audit: ugi=alex	ip=127.0.0.1	cmd=source:127.0.0.1 getTablesByTypeCore: catName=hive: db=myDb pat=.*,type=MATERIALIZED_VIEW	
2024-04-24T12:22:16,158  INFO [TThreadPoolServer WorkerProcess-%d] metastore.ObjectStore: Dropping database hive.myDb along with all tables
2024-04-24T12:22:16,163 ERROR [TThreadPoolServer WorkerProcess-%d] metastore.RetryingHMSHandler: Retrying HMSHandler after 2000 ms (attempt 1 of 10) with error: javax.jdo.JDODataStoreException: Exception thrown flushing changes to datastore
	at org.datanucleus.api.jdo.NucleusJDOHelper.getJDOExceptionForNucleusException(NucleusJDOHelper.java:542)
	at org.datanucleus.api.jdo.JDOPersistenceManager.flush(JDOPersistenceManager.java:2081)
	at org.apache.hadoop.hive.metastore.ObjectStore.addNotificationEvent(ObjectStore.java:11639)
	at sun.reflect.GeneratedMethodAccessor68.invoke(Unknown Source)
	at sun.reflect.DelegatingMethodAccessorImpl.invoke(DelegatingMethodAccessorImpl.java:43)
	at java.lang.reflect.Method.invoke(Method.java:498)
	at org.apache.hadoop.hive.metastore.RawStoreProxy.invoke(RawStoreProxy.java:97)
	at com.sun.proxy.$Proxy32.addNotificationEvent(Unknown Source)
	at org.apache.hive.hcatalog.listener.DbNotificationListener.process(DbNotificationListener.java:1403)
	at org.apache.hive.hcatalog.listener.DbNotificationListener.onDropDatabase(DbNotificationListener.java:513)
	at org.apache.hadoop.hive.metastore.MetaStoreListenerNotifier$26.notify(MetaStoreListenerNotifier.java:99)
	at org.apache.hadoop.hive.metastore.MetaStoreListenerNotifier.notifyEvent(MetaStoreListenerNotifier.java:339)
	at org.apache.hadoop.hive.metastore.HMSHandler.drop_database_core(HMSHandler.java:1785)
	at org.apache.hadoop.hive.metastore.HMSHandler.drop_database(HMSHandler.java:1869)
	at sun.reflect.GeneratedMethodAccessor73.invoke(Unknown Source)
	at sun.reflect.DelegatingMethodAccessorImpl.invoke(DelegatingMethodAccessorImpl.java:43)
	at java.lang.reflect.Method.invoke(Method.java:498)
	at org.apache.hadoop.hive.metastore.RetryingHMSHandler.invokeInternal(RetryingHMSHandler.java:147)
	at org.apache.hadoop.hive.metastore.RetryingHMSHandler.invoke(RetryingHMSHandler.java:108)
	at com.sun.proxy.$Proxy34.drop_database(Unknown Source)
	at org.apache.hadoop.hive.metastore.api.ThriftHiveMetastore$Processor$drop_database.getResult(ThriftHiveMetastore.java:18285)
	at org.apache.hadoop.hive.metastore.api.ThriftHiveMetastore$Processor$drop_database.getResult(ThriftHiveMetastore.java:18264)
	at org.apache.thrift.ProcessFunction.process(ProcessFunction.java:38)
	at org.apache.hadoop.hive.metastore.TUGIBasedProcessor$1.run(TUGIBasedProcessor.java:111)
	at org.apache.hadoop.hive.metastore.TUGIBasedProcessor$1.run(TUGIBasedProcessor.java:107)
	at java.security.AccessController.doPrivileged(Native Method)
	at javax.security.auth.Subject.doAs(Subject.java:422)
	at org.apache.hadoop.security.UserGroupInformation.doAs(UserGroupInformation.java:1682)
	at org.apache.hadoop.hive.metastore.TUGIBasedProcessor.process(TUGIBasedProcessor.java:119)
	at org.apache.thrift.server.TThreadPoolServer$WorkerProcess.run(TThreadPoolServer.java:248)
	at java.util.concurrent.ThreadPoolExecutor.runWorker(ThreadPoolExecutor.java:1149)
	at java.util.concurrent.ThreadPoolExecutor$Worker.run(ThreadPoolExecutor.java:624)
	at java.lang.Thread.run(Thread.java:750)
NestedThrowablesStackTrace:
java.sql.BatchUpdateException: DELETE on table 'DBS' caused a violation of foreign key constraint 'TBLS_FK1' for key (2).  The statement has been rolled back.
	at org.apache.derby.impl.jdbc.EmbedStatement.executeLargeBatch(Unknown Source)
	at org.apache.derby.impl.jdbc.EmbedStatement.executeBatch(Unknown Source)
	at com.zaxxer.hikari.pool.ProxyStatement.executeBatch(ProxyStatement.java:128)
	at com.zaxxer.hikari.pool.HikariProxyPreparedStatement.executeBatch(HikariProxyPreparedStatement.java)
	at org.datanucleus.store.rdbms.ParamLoggingPreparedStatement.executeBatch(ParamLoggingPreparedStatement.java:366)
	at org.datanucleus.store.rdbms.SQLController.processConnectionStatement(SQLController.java:675)
	at org.datanucleus.store.rdbms.SQLController.processStatementsForConnection(SQLController.java:643)
	at org.datanucleus.store.rdbms.SQLController$1.transactionFlushed(SQLController.java:729)
	at org.datanucleus.store.connection.AbstractManagedConnection.transactionFlushed(AbstractManagedConnection.java:95)
	at org.datanucleus.store.connection.ConnectionManagerImpl$2.transactionFlushed(ConnectionManagerImpl.java:528)
	at org.datanucleus.TransactionImpl.flush(TransactionImpl.java:222)
	at org.datanucleus.ExecutionContextImpl.flushInternal(ExecutionContextImpl.java:4068)
	at org.datanucleus.ExecutionContextThreadedImpl.flushInternal(ExecutionContextThreadedImpl.java:448)
	at org.datanucleus.ExecutionContextImpl.flush(ExecutionContextImpl.java:4009)
	at org.datanucleus.ExecutionContextThreadedImpl.flush(ExecutionContextThreadedImpl.java:434)
	at org.datanucleus.api.jdo.JDOPersistenceManager.flush(JDOPersistenceManager.java:2064)
	at org.apache.hadoop.hive.metastore.ObjectStore.addNotificationEvent(ObjectStore.java:11639)
	at sun.reflect.GeneratedMethodAccessor68.invoke(Unknown Source)
	at sun.reflect.DelegatingMethodAccessorImpl.invoke(DelegatingMethodAccessorImpl.java:43)
	at java.lang.reflect.Method.invoke(Method.java:498)
	at org.apache.hadoop.hive.metastore.RawStoreProxy.invoke(RawStoreProxy.java:97)
	at com.sun.proxy.$Proxy32.addNotificationEvent(Unknown Source)
	at org.apache.hive.hcatalog.listener.DbNotificationListener.process(DbNotificationListener.java:1403)
	at org.apache.hive.hcatalog.listener.DbNotificationListener.onDropDatabase(DbNotificationListener.java:513)
	at org.apache.hadoop.hive.metastore.MetaStoreListenerNotifier$26.notify(MetaStoreListenerNotifier.java:99)
	at org.apache.hadoop.hive.metastore.MetaStoreListenerNotifier.notifyEvent(MetaStoreListenerNotifier.java:339)
	at org.apache.hadoop.hive.metastore.HMSHandler.drop_database_core(HMSHandler.java:1785)
	at org.apache.hadoop.hive.metastore.HMSHandler.drop_database(HMSHandler.java:1869)
	at sun.reflect.GeneratedMethodAccessor73.invoke(Unknown Source)
	at sun.reflect.DelegatingMethodAccessorImpl.invoke(DelegatingMethodAccessorImpl.java:43)
	at java.lang.reflect.Method.invoke(Method.java:498)
	at org.apache.hadoop.hive.metastore.RetryingHMSHandler.invokeInternal(RetryingHMSHandler.java:147)
	at org.apache.hadoop.hive.metastore.RetryingHMSHandler.invoke(RetryingHMSHandler.java:108)
	at com.sun.proxy.$Proxy34.drop_database(Unknown Source)
	at org.apache.hadoop.hive.metastore.api.ThriftHiveMetastore$Processor$drop_database.getResult(ThriftHiveMetastore.java:18285)
	at org.apache.hadoop.hive.metastore.api.ThriftHiveMetastore$Processor$drop_database.getResult(ThriftHiveMetastore.java:18264)
	at org.apache.thrift.ProcessFunction.process(ProcessFunction.java:38)
	at org.apache.hadoop.hive.metastore.TUGIBasedProcessor$1.run(TUGIBasedProcessor.java:111)
	at org.apache.hadoop.hive.metastore.TUGIBasedProcessor$1.run(TUGIBasedProcessor.java:107)
	at java.security.AccessController.doPrivileged(Native Method)
	at javax.security.auth.Subject.doAs(Subject.java:422)
	at org.apache.hadoop.security.UserGroupInformation.doAs(UserGroupInformation.java:1682)
	at org.apache.hadoop.hive.metastore.TUGIBasedProcessor.process(TUGIBasedProcessor.java:119)
	at org.apache.thrift.server.TThreadPoolServer$WorkerProcess.run(TThreadPoolServer.java:248)
	at java.util.concurrent.ThreadPoolExecutor.runWorker(ThreadPoolExecutor.java:1149)
	at java.util.concurrent.ThreadPoolExecutor$Worker.run(ThreadPoolExecutor.java:624)
	at java.lang.Thread.run(Thread.java:750)
Caused by: org.apache.derby.shared.common.error.DerbySQLIntegrityConstraintViolationException: DELETE on table 'DBS' caused a violation of foreign key constraint 'TBLS_FK1' for key (2).  The statement has been rolled back.
	at org.apache.derby.impl.jdbc.SQLExceptionFactory.getSQLException(Unknown Source)
	at org.apache.derby.impl.jdbc.Util.generateCsSQLException(Unknown Source)
	at org.apache.derby.impl.jdbc.TransactionResourceImpl.wrapInSQLException(Unknown Source)
	at org.apache.derby.impl.jdbc.TransactionResourceImpl.handleException(Unknown Source)
	at org.apache.derby.impl.jdbc.EmbedConnection.handleException(Unknown Source)
	at org.apache.derby.impl.jdbc.ConnectionChild.handleException(Unknown Source)
	at org.apache.derby.impl.jdbc.EmbedStatement.executeStatement(Unknown Source)
	at org.apache.derby.impl.jdbc.EmbedPreparedStatement.executeBatchElement(Unknown Source)
	... 47 more
Caused by: ERROR 23503: DELETE on table 'DBS' caused a violation of foreign key constraint 'TBLS_FK1' for key (2).  The statement has been rolled back.
	at org.apache.derby.iapi.error.StandardException.newException(Unknown Source)
	at org.apache.derby.iapi.error.StandardException.newException(Unknown Source)
	at org.apache.derby.impl.sql.execute.ReferencedKeyRIChecker.doCheck(Unknown Source)
	at org.apache.derby.impl.sql.execute.RISetChecker.doPKCheck(Unknown Source)
	at org.apache.derby.impl.sql.execute.DeleteResultSet.collectAffectedRows(Unknown Source)
	at org.apache.derby.impl.sql.execute.DeleteResultSet.open(Unknown Source)
	at org.apache.derby.impl.sql.GenericPreparedStatement.executeStmt(Unknown Source)
	at org.apache.derby.impl.sql.GenericPreparedStatement.execute(Unknown Source)
	... 49 more

2024-04-24T12:22:18,164  INFO [TThreadPoolServer WorkerProcess-%d] HiveMetaStore.audit: ugi=alex	ip=127.0.0.1	cmd=source:127.0.0.1 drop_database: @hive#myDb	
2024-04-24T12:22:18,167  INFO [TThreadPoolServer WorkerProcess-%d] HiveMetaStore.audit: ugi=alex	ip=127.0.0.1	cmd=source:127.0.0.1 get_all_tables: db=@hive#myDb	
2024-04-24T12:22:18,169  INFO [TThreadPoolServer WorkerProcess-%d] HiveMetaStore.audit: ugi=alex	ip=127.0.0.1	cmd=source:127.0.0.1 get_functions: db=@hive#myDb pat=*	
2024-04-24T12:22:18,170  INFO [TThreadPoolServer WorkerProcess-%d] HiveMetaStore.audit: ugi=alex	ip=127.0.0.1	cmd=source:127.0.0.1 get_all_stored_procedures	
2024-04-24T12:22:18,171  INFO [TThreadPoolServer WorkerProcess-%d] HiveMetaStore.audit: ugi=alex	ip=127.0.0.1	cmd=source:127.0.0.1 get_all_packages	
2024-04-24T12:22:18,172  INFO [TThreadPoolServer WorkerProcess-%d] HiveMetaStore.audit: ugi=alex	ip=127.0.0.1	cmd=source:127.0.0.1 getTablesByTypeCore: catName=hive: db=myDb pat=.*,type=MATERIALIZED_VIEW	
2024-04-24T12:22:18,175  INFO [TThreadPoolServer WorkerProcess-%d] metastore.ObjectStore: Dropping database hive.myDb along with all tables
2024-04-24T12:22:18,179 ERROR [TThreadPoolServer WorkerProcess-%d] metastore.RetryingHMSHandler: Retrying HMSHandler after 2000 ms (attempt 2 of 10) with error: javax.jdo.JDODataStoreException: Exception thrown flushing changes to datastore
	at org.datanucleus.api.jdo.NucleusJDOHelper.getJDOExceptionForNucleusException(NucleusJDOHelper.java:542)
	at org.datanucleus.api.jdo.JDOPersistenceManager.flush(JDOPersistenceManager.java:2081)
	at org.apache.hadoop.hive.metastore.ObjectStore.addNotificationEvent(ObjectStore.java:11639)
	at sun.reflect.GeneratedMethodAccessor68.invoke(Unknown Source)
	at sun.reflect.DelegatingMethodAccessorImpl.invoke(DelegatingMethodAccessorImpl.java:43)
	at java.lang.reflect.Method.invoke(Method.java:498)
	at org.apache.hadoop.hive.metastore.RawStoreProxy.invoke(RawStoreProxy.java:97)
	at com.sun.proxy.$Proxy32.addNotificationEvent(Unknown Source)
	at org.apache.hive.hcatalog.listener.DbNotificationListener.process(DbNotificationListener.java:1403)
	at org.apache.hive.hcatalog.listener.DbNotificationListener.onDropDatabase(DbNotificationListener.java:513)
	at org.apache.hadoop.hive.metastore.MetaStoreListenerNotifier$26.notify(MetaStoreListenerNotifier.java:99)
	at org.apache.hadoop.hive.metastore.MetaStoreListenerNotifier.notifyEvent(MetaStoreListenerNotifier.java:339)
	at org.apache.hadoop.hive.metastore.HMSHandler.drop_database_core(HMSHandler.java:1785)
	at org.apache.hadoop.hive.metastore.HMSHandler.drop_database(HMSHandler.java:1869)
	at sun.reflect.GeneratedMethodAccessor73.invoke(Unknown Source)
	at sun.reflect.DelegatingMethodAccessorImpl.invoke(DelegatingMethodAccessorImpl.java:43)
	at java.lang.reflect.Method.invoke(Method.java:498)
	at org.apache.hadoop.hive.metastore.RetryingHMSHandler.invokeInternal(RetryingHMSHandler.java:147)
	at org.apache.hadoop.hive.metastore.RetryingHMSHandler.invoke(RetryingHMSHandler.java:108)
	at com.sun.proxy.$Proxy34.drop_database(Unknown Source)
	at org.apache.hadoop.hive.metastore.api.ThriftHiveMetastore$Processor$drop_database.getResult(ThriftHiveMetastore.java:18285)
	at org.apache.hadoop.hive.metastore.api.ThriftHiveMetastore$Processor$drop_database.getResult(ThriftHiveMetastore.java:18264)
	at org.apache.thrift.ProcessFunction.process(ProcessFunction.java:38)
	at org.apache.hadoop.hive.metastore.TUGIBasedProcessor$1.run(TUGIBasedProcessor.java:111)
	at org.apache.hadoop.hive.metastore.TUGIBasedProcessor$1.run(TUGIBasedProcessor.java:107)
	at java.security.AccessController.doPrivileged(Native Method)
	at javax.security.auth.Subject.doAs(Subject.java:422)
	at org.apache.hadoop.security.UserGroupInformation.doAs(UserGroupInformation.java:1682)
	at org.apache.hadoop.hive.metastore.TUGIBasedProcessor.process(TUGIBasedProcessor.java:119)
	at org.apache.thrift.server.TThreadPoolServer$WorkerProcess.run(TThreadPoolServer.java:248)
	at java.util.concurrent.ThreadPoolExecutor.runWorker(ThreadPoolExecutor.java:1149)
	at java.util.concurrent.ThreadPoolExecutor$Worker.run(ThreadPoolExecutor.java:624)
	at java.lang.Thread.run(Thread.java:750)
NestedThrowablesStackTrace:
java.sql.BatchUpdateException: DELETE on table 'DBS' caused a violation of foreign key constraint 'TBLS_FK1' for key (2).  The statement has been rolled back.
	at org.apache.derby.impl.jdbc.EmbedStatement.executeLargeBatch(Unknown Source)
	at org.apache.derby.impl.jdbc.EmbedStatement.executeBatch(Unknown Source)
	at com.zaxxer.hikari.pool.ProxyStatement.executeBatch(ProxyStatement.java:128)
	at com.zaxxer.hikari.pool.HikariProxyPreparedStatement.executeBatch(HikariProxyPreparedStatement.java)
	at org.datanucleus.store.rdbms.ParamLoggingPreparedStatement.executeBatch(ParamLoggingPreparedStatement.java:366)
	at org.datanucleus.store.rdbms.SQLController.processConnectionStatement(SQLController.java:675)
	at org.datanucleus.store.rdbms.SQLController.processStatementsForConnection(SQLController.java:643)
	at org.datanucleus.store.rdbms.SQLController$1.transactionFlushed(SQLController.java:729)
	at org.datanucleus.store.connection.AbstractManagedConnection.transactionFlushed(AbstractManagedConnection.java:95)
	at org.datanucleus.store.connection.ConnectionManagerImpl$2.transactionFlushed(ConnectionManagerImpl.java:528)
	at org.datanucleus.TransactionImpl.flush(TransactionImpl.java:222)
	at org.datanucleus.ExecutionContextImpl.flushInternal(ExecutionContextImpl.java:4068)
	at org.datanucleus.ExecutionContextThreadedImpl.flushInternal(ExecutionContextThreadedImpl.java:448)
	at org.datanucleus.ExecutionContextImpl.flush(ExecutionContextImpl.java:4009)
	at org.datanucleus.ExecutionContextThreadedImpl.flush(ExecutionContextThreadedImpl.java:434)
	at org.datanucleus.api.jdo.JDOPersistenceManager.flush(JDOPersistenceManager.java:2064)
	at org.apache.hadoop.hive.metastore.ObjectStore.addNotificationEvent(ObjectStore.java:11639)
	at sun.reflect.GeneratedMethodAccessor68.invoke(Unknown Source)
	at sun.reflect.DelegatingMethodAccessorImpl.invoke(DelegatingMethodAccessorImpl.java:43)
	at java.lang.reflect.Method.invoke(Method.java:498)
	at org.apache.hadoop.hive.metastore.RawStoreProxy.invoke(RawStoreProxy.java:97)
	at com.sun.proxy.$Proxy32.addNotificationEvent(Unknown Source)
	at org.apache.hive.hcatalog.listener.DbNotificationListener.process(DbNotificationListener.java:1403)
	at org.apache.hive.hcatalog.listener.DbNotificationListener.onDropDatabase(DbNotificationListener.java:513)
	at org.apache.hadoop.hive.metastore.MetaStoreListenerNotifier$26.notify(MetaStoreListenerNotifier.java:99)
	at org.apache.hadoop.hive.metastore.MetaStoreListenerNotifier.notifyEvent(MetaStoreListenerNotifier.java:339)
	at org.apache.hadoop.hive.metastore.HMSHandler.drop_database_core(HMSHandler.java:1785)
	at org.apache.hadoop.hive.metastore.HMSHandler.drop_database(HMSHandler.java:1869)
	at sun.reflect.GeneratedMethodAccessor73.invoke(Unknown Source)
	at sun.reflect.DelegatingMethodAccessorImpl.invoke(DelegatingMethodAccessorImpl.java:43)
	at java.lang.reflect.Method.invoke(Method.java:498)
	at org.apache.hadoop.hive.metastore.RetryingHMSHandler.invokeInternal(RetryingHMSHandler.java:147)
	at org.apache.hadoop.hive.metastore.RetryingHMSHandler.invoke(RetryingHMSHandler.java:108)
	at com.sun.proxy.$Proxy34.drop_database(Unknown Source)
	at org.apache.hadoop.hive.metastore.api.ThriftHiveMetastore$Processor$drop_database.getResult(ThriftHiveMetastore.java:18285)
	at org.apache.hadoop.hive.metastore.api.ThriftHiveMetastore$Processor$drop_database.getResult(ThriftHiveMetastore.java:18264)
	at org.apache.thrift.ProcessFunction.process(ProcessFunction.java:38)
	at org.apache.hadoop.hive.metastore.TUGIBasedProcessor$1.run(TUGIBasedProcessor.java:111)
	at org.apache.hadoop.hive.metastore.TUGIBasedProcessor$1.run(TUGIBasedProcessor.java:107)
	at java.security.AccessController.doPrivileged(Native Method)
	at javax.security.auth.Subject.doAs(Subject.java:422)
	at org.apache.hadoop.security.UserGroupInformation.doAs(UserGroupInformation.java:1682)
	at org.apache.hadoop.hive.metastore.TUGIBasedProcessor.process(TUGIBasedProcessor.java:119)
	at org.apache.thrift.server.TThreadPoolServer$WorkerProcess.run(TThreadPoolServer.java:248)
	at java.util.concurrent.ThreadPoolExecutor.runWorker(ThreadPoolExecutor.java:1149)
	at java.util.concurrent.ThreadPoolExecutor$Worker.run(ThreadPoolExecutor.java:624)
	at java.lang.Thread.run(Thread.java:750)
Caused by: org.apache.derby.shared.common.error.DerbySQLIntegrityConstraintViolationException: DELETE on table 'DBS' caused a violation of foreign key constraint 'TBLS_FK1' for key (2).  The statement has been rolled back.
	at org.apache.derby.impl.jdbc.SQLExceptionFactory.getSQLException(Unknown Source)
	at org.apache.derby.impl.jdbc.Util.generateCsSQLException(Unknown Source)
	at org.apache.derby.impl.jdbc.TransactionResourceImpl.wrapInSQLException(Unknown Source)
	at org.apache.derby.impl.jdbc.TransactionResourceImpl.handleException(Unknown Source)
	at org.apache.derby.impl.jdbc.EmbedConnection.handleException(Unknown Source)
	at org.apache.derby.impl.jdbc.ConnectionChild.handleException(Unknown Source)
	at org.apache.derby.impl.jdbc.EmbedStatement.executeStatement(Unknown Source)
	at org.apache.derby.impl.jdbc.EmbedPreparedStatement.executeBatchElement(Unknown Source)
	... 47 more
Caused by: ERROR 23503: DELETE on table 'DBS' caused a violation of foreign key constraint 'TBLS_FK1' for key (2).  The statement has been rolled back.
	at org.apache.derby.iapi.error.StandardException.newException(Unknown Source)
	at org.apache.derby.iapi.error.StandardException.newException(Unknown Source)
	at org.apache.derby.impl.sql.execute.ReferencedKeyRIChecker.doCheck(Unknown Source)
	at org.apache.derby.impl.sql.execute.RISetChecker.doPKCheck(Unknown Source)
	at org.apache.derby.impl.sql.execute.DeleteResultSet.collectAffectedRows(Unknown Source)
	at org.apache.derby.impl.sql.execute.DeleteResultSet.open(Unknown Source)
	at org.apache.derby.impl.sql.GenericPreparedStatement.executeStmt(Unknown Source)
	at org.apache.derby.impl.sql.GenericPreparedStatement.execute(Unknown Source)
	... 49 more

2024-04-24T12:22:20,180  INFO [TThreadPoolServer WorkerProcess-%d] HiveMetaStore.audit: ugi=alex	ip=127.0.0.1	cmd=source:127.0.0.1 drop_database: @hive#myDb	
2024-04-24T12:22:20,181  INFO [TThreadPoolServer WorkerProcess-%d] HiveMetaStore.audit: ugi=alex	ip=127.0.0.1	cmd=source:127.0.0.1 get_all_tables: db=@hive#myDb	
2024-04-24T12:22:20,182  INFO [TThreadPoolServer WorkerProcess-%d] HiveMetaStore.audit: ugi=alex	ip=127.0.0.1	cmd=source:127.0.0.1 get_functions: db=@hive#myDb pat=*	
2024-04-24T12:22:20,184  INFO [TThreadPoolServer WorkerProcess-%d] HiveMetaStore.audit: ugi=alex	ip=127.0.0.1	cmd=source:127.0.0.1 get_all_stored_procedures	
2024-04-24T12:22:20,185  INFO [TThreadPoolServer WorkerProcess-%d] HiveMetaStore.audit: ugi=alex	ip=127.0.0.1	cmd=source:127.0.0.1 get_all_packages	
2024-04-24T12:22:20,186  INFO [TThreadPoolServer WorkerProcess-%d] HiveMetaStore.audit: ugi=alex	ip=127.0.0.1	cmd=source:127.0.0.1 getTablesByTypeCore: catName=hive: db=myDb pat=.*,type=MATERIALIZED_VIEW	
2024-04-24T12:22:20,243  INFO [TThreadPoolServer WorkerProcess-%d] HiveMetaStore.audit: ugi=alex	ip=127.0.0.1	cmd=Cleaning up thread local RawStore...	
2024-04-24T12:22:20,244  INFO [TThreadPoolServer WorkerProcess-%d] metastore.ObjectStore: RawStore: org.apache.hadoop.hive.metastore.ObjectStore@754234c7, with PersistenceManager: org.datanucleus.api.jdo.JDOPersistenceManager@93833bb will be shutdown
2024-04-24T12:22:20,245  INFO [TThreadPoolServer WorkerProcess-%d] HiveMetaStore.audit: ugi=alex	ip=127.0.0.1	cmd=Done cleaning up thread local RawStore	
2024-04-24T12:22:20,245  INFO [TThreadPoolServer WorkerProcess-%d] HiveMetaStore.audit: ugi=alex	ip=127.0.0.1	cmd=Cleaning up thread local RawStore...	
2024-04-24T12:22:20,246  INFO [TThreadPoolServer WorkerProcess-%d] metastore.ObjectStore: RawStore: org.apache.hadoop.hive.metastore.ObjectStore@1b93501e, with PersistenceManager: org.datanucleus.api.jdo.JDOPersistenceManager@295b2ca will be shutdown
2024-04-24T12:22:20,246  INFO [TThreadPoolServer WorkerProcess-%d] HiveMetaStore.audit: ugi=alex	ip=127.0.0.1	cmd=Done cleaning up thread local RawStore	
2024-04-24T12:22:20,334  INFO [TThreadPoolServer WorkerProcess-%d] HiveMetaStore.audit: ugi=alex	ip=127.0.0.1	cmd=source:127.0.0.1 drop_table : tbl=hive.mydb.mytable	
2024-04-24T12:22:20,516  INFO [TThreadPoolServer WorkerProcess-%d] metastore.ObjectStore: Dropping database hive.myDb along with all tables
2024-04-24T12:22:20,556  WARN [TThreadPoolServer WorkerProcess-%d] utils.FileUtils: File file:/home/alex/Repositories/hive/hcatalog/webhcat/java-client/target/warehouse/44585/mydb.db does not exist; Force to delete it.
2024-04-24T12:22:20,557 ERROR [TThreadPoolServer WorkerProcess-%d] utils.FileUtils: Failed to delete pfile:/home/alex/Repositories/hive/hcatalog/webhcat/java-client/target/warehouse/44585/mydb.db
2024-04-24T12:22:20,557  INFO [TThreadPoolServer WorkerProcess-%d] HiveMetaStore.audit: ugi=alex	ip=127.0.0.1	cmd=source:127.0.0.1 create_database: Database(name:myDb, description:null, locationUri:null, parameters:null, catalogName:hive)	
2024-04-24T12:22:20,560  INFO [TThreadPoolServer WorkerProcess-%d] metastore.HMSHandler: Creating database path in external directory pfile:/home/alex/Repositories/hive/hcatalog/webhcat/java-client/target/warehouse/44585/mydb.db
2024-04-24T12:22:20,560  INFO [TThreadPoolServer WorkerProcess-%d] utils.FileUtils: Creating directory if it doesn't exist: pfile:/home/alex/Repositories/hive/hcatalog/webhcat/java-client/target/warehouse/44585/mydb.db
2024-04-24T12:22:20,563  INFO [TThreadPoolServer WorkerProcess-%d] metastore.HMSHandler: Created database path in external directory pfile:/home/alex/Repositories/hive/hcatalog/webhcat/java-client/target/warehouse/44585/mydb.db
2024-04-24T12:22:20,572  WARN [main] api.HCatTable: Conf hasn't been set yet. Using defaults.
2024-04-24T12:22:20,657  WARN [main] conf.HiveConf: HiveConf of name hive.dummyparam.test.server.specific.config.hivesite does not exist
2024-04-24T12:22:20,663  WARN [main] conf.HiveConf: HiveConf of name hive.llap.io.cache.orc.alloc.max does not exist
2024-04-24T12:22:20,663  WARN [main] conf.HiveConf: HiveConf of name hive.metastore.client.cache.recordStats does not exist
2024-04-24T12:22:20,663  WARN [main] conf.HiveConf: HiveConf of name hive.llap.io.cache.orc.size does not exist
2024-04-24T12:22:20,663  WARN [main] conf.HiveConf: HiveConf of name hive.llap.io.cache.orc.arena.size does not exist
2024-04-24T12:22:20,663  WARN [main] conf.HiveConf: HiveConf of name hive.dummyparam.test.server.specific.config.override does not exist
2024-04-24T12:22:20,663  WARN [main] conf.HiveConf: HiveConf of name hive.metastore.client.cache.maxSize does not exist
2024-04-24T12:22:20,663  WARN [main] conf.HiveConf: HiveConf of name hive.stats.key.prefix.reserve.length does not exist
2024-04-24T12:22:20,663  WARN [main] conf.HiveConf: HiveConf of name hive.dummyparam.test.server.specific.config.metastoresite does not exist
2024-04-24T12:22:20,663  WARN [main] conf.HiveConf: HiveConf of name hive.metastore.metadb.dir does not exist
2024-04-24T12:22:20,663  WARN [main] conf.HiveConf: HiveConf of name hive.llap.io.cache.orc.alloc.min does not exist
2024-04-24T12:22:20,664  INFO [TThreadPoolServer WorkerProcess-%d] HiveMetaStore.audit: ugi=alex	ip=127.0.0.1	cmd=source:127.0.0.1 create_table_req: Table(tableName:myTable, dbName:myDb, owner:alex, createTime:1713986540, lastAccessTime:0, retention:0, sd:StorageDescriptor(cols:[FieldSchema(name:foo, type:int, comment:), FieldSchema(name:bar, type:string, comment:)], location:null, inputFormat:org.apache.hadoop.mapred.TextInputFormat, outputFormat:org.apache.hadoop.hive.ql.io.HiveIgnoreKeyTextOutputFormat, compressed:false, numBuckets:0, serdeInfo:SerDeInfo(name:null, serializationLib:org.apache.hadoop.hive.serde2.lazy.LazySimpleSerDe, parameters:{serialization.format=1}), bucketCols:null, sortCols:null, parameters:null), partitionKeys:[FieldSchema(name:dt, type:string, comment:), FieldSchema(name:grid, type:string, comment:)], parameters:{bucketing_version=2}, viewOriginalText:null, viewExpandedText:null, tableType:MANAGED_TABLE, catName:hive, ownerType:USER)	
2024-04-24T12:22:20,669  INFO [TThreadPoolServer WorkerProcess-%d] utils.FileUtils: Creating directory if it doesn't exist: pfile:/home/alex/Repositories/hive/hcatalog/webhcat/java-client/target/warehouse/44585/mydb.db/mytable
2024-04-24T12:22:20,729  INFO [TThreadPoolServer WorkerProcess-%d] HiveMetaStore.audit: ugi=alex	ip=127.0.0.1	cmd=source:127.0.0.1 get_table : tbl=hive.myDb.myTable	
2024-04-24T12:22:20,753  INFO [TThreadPoolServer WorkerProcess-%d] metastore.HMSHandler: Skipping translation for processor with null
2024-04-24T12:22:20,754  INFO [TThreadPoolServer WorkerProcess-%d] HiveMetaStore.audit: ugi=alex	ip=127.0.0.1	cmd=source:127.0.0.1 get_table : tbl=hive.mydb.mytable	
2024-04-24T12:22:20,764  INFO [TThreadPoolServer WorkerProcess-%d] metastore.HMSHandler: Skipping translation for processor with null
2024-04-24T12:22:20,765  INFO [TThreadPoolServer WorkerProcess-%d] HiveMetaStore.audit: ugi=alex	ip=127.0.0.1	cmd=source:127.0.0.1 add_partition : tbl=hive.mydb.mytable	
2024-04-24T12:22:20,778  INFO [TThreadPoolServer WorkerProcess-%d] utils.FileUtils: Creating directory if it doesn't exist: pfile:/home/alex/Repositories/hive/hcatalog/webhcat/java-client/target/warehouse/44585/mydb.db/mytable/dt=2011_12_31/grid=AB
2024-04-24T12:22:20,802  INFO [TThreadPoolServer WorkerProcess-%d] HiveMetaStore.audit: ugi=alex	ip=127.0.0.1	cmd=source:127.0.0.1 get_table : tbl=hive.mydb.mytable	
2024-04-24T12:22:20,812  INFO [TThreadPoolServer WorkerProcess-%d] metastore.HMSHandler: Skipping translation for processor with null
2024-04-24T12:22:20,813  INFO [TThreadPoolServer WorkerProcess-%d] HiveMetaStore.audit: ugi=alex	ip=127.0.0.1	cmd=source:127.0.0.1 add_partition : tbl=hive.mydb.mytable	
2024-04-24T12:22:20,821  INFO [TThreadPoolServer WorkerProcess-%d] utils.FileUtils: Creating directory if it doesn't exist: pfile:/home/alex/Repositories/hive/hcatalog/webhcat/java-client/target/warehouse/44585/mydb.db/mytable/grid=AB/dt=2012_01_01
2024-04-24T12:22:20,840  INFO [TThreadPoolServer WorkerProcess-%d] HiveMetaStore.audit: ugi=alex	ip=127.0.0.1	cmd=source:127.0.0.1 get_table : tbl=hive.mydb.mytable	
2024-04-24T12:22:20,849  INFO [TThreadPoolServer WorkerProcess-%d] metastore.HMSHandler: Skipping translation for processor with null
2024-04-24T12:22:20,850  INFO [TThreadPoolServer WorkerProcess-%d] HiveMetaStore.audit: ugi=alex	ip=127.0.0.1	cmd=source:127.0.0.1 add_partition : tbl=hive.mydb.mytable	
2024-04-24T12:22:20,857  INFO [TThreadPoolServer WorkerProcess-%d] utils.FileUtils: Creating directory if it doesn't exist: pfile:/home/alex/Repositories/hive/hcatalog/webhcat/java-client/target/warehouse/44585/mydb.db/mytable/dt=2012_01_01/grid=OB
2024-04-24T12:22:20,874  INFO [TThreadPoolServer WorkerProcess-%d] HiveMetaStore.audit: ugi=alex	ip=127.0.0.1	cmd=source:127.0.0.1 get_table : tbl=hive.mydb.mytable	
2024-04-24T12:22:20,883  INFO [TThreadPoolServer WorkerProcess-%d] metastore.HMSHandler: Skipping translation for processor with null
2024-04-24T12:22:20,884  INFO [TThreadPoolServer WorkerProcess-%d] HiveMetaStore.audit: ugi=alex	ip=127.0.0.1	cmd=source:127.0.0.1 add_partition : tbl=hive.mydb.mytable	
2024-04-24T12:22:20,890  INFO [TThreadPoolServer WorkerProcess-%d] utils.FileUtils: Creating directory if it doesn't exist: pfile:/home/alex/Repositories/hive/hcatalog/webhcat/java-client/target/warehouse/44585/mydb.db/mytable/grid=XB/dt=2012_01_01
2024-04-24T12:22:20,907  INFO [main] api.HCatClientHMSImpl: HCatClient dropPartitions(db=myDb,table=myTable, partitionSpec: [{dt=2012_01_01}]).
2024-04-24T12:22:20,907  INFO [TThreadPoolServer WorkerProcess-%d] HiveMetaStore.audit: ugi=alex	ip=127.0.0.1	cmd=source:127.0.0.1 get_table : tbl=hive.myDb.myTable	
2024-04-24T12:22:20,918  INFO [TThreadPoolServer WorkerProcess-%d] metastore.HMSHandler: Skipping translation for processor with null
2024-04-24T12:22:20,918  INFO [main] api.HCatClientHMSImpl: HCatClient: Dropping partitions using partition-predicate Expressions.
2024-04-24T12:22:24,125  WARN [main] exec.FunctionRegistry: UDF Class org.apache.datasketches.hive.tuple.ArrayOfDoublesSketchToValuesUDTF does not have description. Please annotate the class with the org.apache.hadoop.hive.ql.exec.Description annotation and provide the description of the function.
2024-04-24T12:22:24,152  WARN [main] exec.FunctionRegistry: UDF Class org.apache.datasketches.hive.cpc.UnionSketchUDF does not have description. Please annotate the class with the org.apache.hadoop.hive.ql.exec.Description annotation and provide the description of the function.
2024-04-24T12:22:24,179  WARN [main] exec.FunctionRegistry: UDF Class org.apache.datasketches.hive.hll.UnionSketchUDF does not have description. Please annotate the class with the org.apache.hadoop.hive.ql.exec.Description annotation and provide the description of the function.
2024-04-24T12:22:24,179  WARN [main] exec.FunctionRegistry: UDF Class org.apache.datasketches.hive.theta.EstimateSketchUDF does not have description. Please annotate the class with the org.apache.hadoop.hive.ql.exec.Description annotation and provide the description of the function.
2024-04-24T12:22:24,179  WARN [main] exec.FunctionRegistry: UDF Class org.apache.datasketches.hive.theta.IntersectSketchUDF does not have description. Please annotate the class with the org.apache.hadoop.hive.ql.exec.Description annotation and provide the description of the function.
2024-04-24T12:22:24,186  WARN [main] exec.FunctionRegistry: UDF Class org.apache.datasketches.hive.theta.ExcludeSketchUDF does not have description. Please annotate the class with the org.apache.hadoop.hive.ql.exec.Description annotation and provide the description of the function.
2024-04-24T12:22:24,187  WARN [main] exec.FunctionRegistry: UDF Class org.apache.datasketches.hive.theta.UnionSketchUDF does not have description. Please annotate the class with the org.apache.hadoop.hive.ql.exec.Description annotation and provide the description of the function.
2024-04-24T12:22:25,050  INFO [TThreadPoolServer WorkerProcess-%d] metastore.HMSHandler: dropPartition() will move partition-directories to trash-directory.
2024-04-24T12:22:25,092  INFO [TThreadPoolServer WorkerProcess-%d] HiveMetaStore.audit: ugi=alex	ip=127.0.0.1	cmd=source:127.0.0.1 get_table : tbl=hive.myDb.myTable	
2024-04-24T12:22:25,101  INFO [TThreadPoolServer WorkerProcess-%d] metastore.HMSHandler: Skipping translation for processor with null
2024-04-24T12:22:25,130  INFO [TThreadPoolServer WorkerProcess-%d] HiveMetaStore.audit: ugi=alex	ip=127.0.0.1	cmd=source:127.0.0.1 get_partitions : tbl=hive.myDb.myTable	
2024-04-24T12:22:25,162  INFO [TThreadPoolServer WorkerProcess-%d] HiveMetaStore.audit: ugi=alex	ip=127.0.0.1	cmd=source:127.0.0.1 get_database: myDb	
2024-04-24T12:22:25,163  INFO [TThreadPoolServer WorkerProcess-%d] HiveMetaStore.audit: ugi=alex	ip=127.0.0.1	cmd=source:127.0.0.1 get_tables_by_type: db=@hive#myDb pat=.*,type=MATERIALIZED_VIEW	
2024-04-24T12:22:25,163  INFO [TThreadPoolServer WorkerProcess-%d] HiveMetaStore.audit: ugi=alex	ip=127.0.0.1	cmd=source:127.0.0.1 getTablesByTypeCore: catName=hive: db=myDb pat=.*,type=MATERIALIZED_VIEW	
2024-04-24T12:22:25,168  INFO [TThreadPoolServer WorkerProcess-%d] HiveMetaStore.audit: ugi=alex	ip=127.0.0.1	cmd=source:127.0.0.1 get_all_tables: db=@hive#myDb	
2024-04-24T12:22:25,174  INFO [TThreadPoolServer WorkerProcess-%d] HiveMetaStore.audit: ugi=alex	ip=127.0.0.1	cmd=source:127.0.0.1 get_multi_table : db=myDb tbls=mytable	
2024-04-24T12:22:25,179  INFO [TThreadPoolServer WorkerProcess-%d] HiveMetaStore.audit: ugi=alex	ip=127.0.0.1	cmd=source:127.0.0.1 drop_database: @hive#myDb	
2024-04-24T12:22:25,180  INFO [TThreadPoolServer WorkerProcess-%d] HiveMetaStore.audit: ugi=alex	ip=127.0.0.1	cmd=source:127.0.0.1 get_all_tables: db=@hive#myDb	
2024-04-24T12:22:25,180  INFO [TThreadPoolServer WorkerProcess-%d] HiveMetaStore.audit: ugi=alex	ip=127.0.0.1	cmd=source:127.0.0.1 get_functions: db=@hive#myDb pat=*	
2024-04-24T12:22:25,185  INFO [TThreadPoolServer WorkerProcess-%d] HiveMetaStore.audit: ugi=alex	ip=127.0.0.1	cmd=source:127.0.0.1 get_all_stored_procedures	
2024-04-24T12:22:25,189  INFO [TThreadPoolServer WorkerProcess-%d] HiveMetaStore.audit: ugi=alex	ip=127.0.0.1	cmd=source:127.0.0.1 get_all_packages	
2024-04-24T12:22:25,193  INFO [TThreadPoolServer WorkerProcess-%d] HiveMetaStore.audit: ugi=alex	ip=127.0.0.1	cmd=source:127.0.0.1 getTablesByTypeCore: catName=hive: db=myDb pat=.*,type=MATERIALIZED_VIEW	
2024-04-24T12:22:25,197  INFO [TThreadPoolServer WorkerProcess-%d] metastore.ObjectStore: Dropping database hive.myDb along with all tables
2024-04-24T12:22:25,224 ERROR [TThreadPoolServer WorkerProcess-%d] metastore.RetryingHMSHandler: Retrying HMSHandler after 2000 ms (attempt 1 of 10) with error: javax.jdo.JDODataStoreException: Exception thrown flushing changes to datastore
	at org.datanucleus.api.jdo.NucleusJDOHelper.getJDOExceptionForNucleusException(NucleusJDOHelper.java:542)
	at org.datanucleus.api.jdo.JDOPersistenceManager.flush(JDOPersistenceManager.java:2081)
	at org.apache.hadoop.hive.metastore.ObjectStore.addNotificationEvent(ObjectStore.java:11639)
	at sun.reflect.GeneratedMethodAccessor68.invoke(Unknown Source)
	at sun.reflect.DelegatingMethodAccessorImpl.invoke(DelegatingMethodAccessorImpl.java:43)
	at java.lang.reflect.Method.invoke(Method.java:498)
	at org.apache.hadoop.hive.metastore.RawStoreProxy.invoke(RawStoreProxy.java:97)
	at com.sun.proxy.$Proxy32.addNotificationEvent(Unknown Source)
	at org.apache.hive.hcatalog.listener.DbNotificationListener.process(DbNotificationListener.java:1403)
	at org.apache.hive.hcatalog.listener.DbNotificationListener.onDropDatabase(DbNotificationListener.java:513)
	at org.apache.hadoop.hive.metastore.MetaStoreListenerNotifier$26.notify(MetaStoreListenerNotifier.java:99)
	at org.apache.hadoop.hive.metastore.MetaStoreListenerNotifier.notifyEvent(MetaStoreListenerNotifier.java:339)
	at org.apache.hadoop.hive.metastore.HMSHandler.drop_database_core(HMSHandler.java:1785)
	at org.apache.hadoop.hive.metastore.HMSHandler.drop_database(HMSHandler.java:1869)
	at sun.reflect.GeneratedMethodAccessor73.invoke(Unknown Source)
	at sun.reflect.DelegatingMethodAccessorImpl.invoke(DelegatingMethodAccessorImpl.java:43)
	at java.lang.reflect.Method.invoke(Method.java:498)
	at org.apache.hadoop.hive.metastore.RetryingHMSHandler.invokeInternal(RetryingHMSHandler.java:147)
	at org.apache.hadoop.hive.metastore.RetryingHMSHandler.invoke(RetryingHMSHandler.java:108)
	at com.sun.proxy.$Proxy34.drop_database(Unknown Source)
	at org.apache.hadoop.hive.metastore.api.ThriftHiveMetastore$Processor$drop_database.getResult(ThriftHiveMetastore.java:18285)
	at org.apache.hadoop.hive.metastore.api.ThriftHiveMetastore$Processor$drop_database.getResult(ThriftHiveMetastore.java:18264)
	at org.apache.thrift.ProcessFunction.process(ProcessFunction.java:38)
	at org.apache.hadoop.hive.metastore.TUGIBasedProcessor$1.run(TUGIBasedProcessor.java:111)
	at org.apache.hadoop.hive.metastore.TUGIBasedProcessor$1.run(TUGIBasedProcessor.java:107)
	at java.security.AccessController.doPrivileged(Native Method)
	at javax.security.auth.Subject.doAs(Subject.java:422)
	at org.apache.hadoop.security.UserGroupInformation.doAs(UserGroupInformation.java:1682)
	at org.apache.hadoop.hive.metastore.TUGIBasedProcessor.process(TUGIBasedProcessor.java:119)
	at org.apache.thrift.server.TThreadPoolServer$WorkerProcess.run(TThreadPoolServer.java:248)
	at java.util.concurrent.ThreadPoolExecutor.runWorker(ThreadPoolExecutor.java:1149)
	at java.util.concurrent.ThreadPoolExecutor$Worker.run(ThreadPoolExecutor.java:624)
	at java.lang.Thread.run(Thread.java:750)
NestedThrowablesStackTrace:
java.sql.BatchUpdateException: DELETE on table 'DBS' caused a violation of foreign key constraint 'TBLS_FK1' for key (4).  The statement has been rolled back.
	at org.apache.derby.impl.jdbc.EmbedStatement.executeLargeBatch(Unknown Source)
	at org.apache.derby.impl.jdbc.EmbedStatement.executeBatch(Unknown Source)
	at com.zaxxer.hikari.pool.ProxyStatement.executeBatch(ProxyStatement.java:128)
	at com.zaxxer.hikari.pool.HikariProxyPreparedStatement.executeBatch(HikariProxyPreparedStatement.java)
	at org.datanucleus.store.rdbms.ParamLoggingPreparedStatement.executeBatch(ParamLoggingPreparedStatement.java:366)
	at org.datanucleus.store.rdbms.SQLController.processConnectionStatement(SQLController.java:675)
	at org.datanucleus.store.rdbms.SQLController.processStatementsForConnection(SQLController.java:643)
	at org.datanucleus.store.rdbms.SQLController$1.transactionFlushed(SQLController.java:729)
	at org.datanucleus.store.connection.AbstractManagedConnection.transactionFlushed(AbstractManagedConnection.java:95)
	at org.datanucleus.store.connection.ConnectionManagerImpl$2.transactionFlushed(ConnectionManagerImpl.java:528)
	at org.datanucleus.TransactionImpl.flush(TransactionImpl.java:222)
	at org.datanucleus.ExecutionContextImpl.flushInternal(ExecutionContextImpl.java:4068)
	at org.datanucleus.ExecutionContextThreadedImpl.flushInternal(ExecutionContextThreadedImpl.java:448)
	at org.datanucleus.ExecutionContextImpl.flush(ExecutionContextImpl.java:4009)
	at org.datanucleus.ExecutionContextThreadedImpl.flush(ExecutionContextThreadedImpl.java:434)
	at org.datanucleus.api.jdo.JDOPersistenceManager.flush(JDOPersistenceManager.java:2064)
	at org.apache.hadoop.hive.metastore.ObjectStore.addNotificationEvent(ObjectStore.java:11639)
	at sun.reflect.GeneratedMethodAccessor68.invoke(Unknown Source)
	at sun.reflect.DelegatingMethodAccessorImpl.invoke(DelegatingMethodAccessorImpl.java:43)
	at java.lang.reflect.Method.invoke(Method.java:498)
	at org.apache.hadoop.hive.metastore.RawStoreProxy.invoke(RawStoreProxy.java:97)
	at com.sun.proxy.$Proxy32.addNotificationEvent(Unknown Source)
	at org.apache.hive.hcatalog.listener.DbNotificationListener.process(DbNotificationListener.java:1403)
	at org.apache.hive.hcatalog.listener.DbNotificationListener.onDropDatabase(DbNotificationListener.java:513)
	at org.apache.hadoop.hive.metastore.MetaStoreListenerNotifier$26.notify(MetaStoreListenerNotifier.java:99)
	at org.apache.hadoop.hive.metastore.MetaStoreListenerNotifier.notifyEvent(MetaStoreListenerNotifier.java:339)
	at org.apache.hadoop.hive.metastore.HMSHandler.drop_database_core(HMSHandler.java:1785)
	at org.apache.hadoop.hive.metastore.HMSHandler.drop_database(HMSHandler.java:1869)
	at sun.reflect.GeneratedMethodAccessor73.invoke(Unknown Source)
	at sun.reflect.DelegatingMethodAccessorImpl.invoke(DelegatingMethodAccessorImpl.java:43)
	at java.lang.reflect.Method.invoke(Method.java:498)
	at org.apache.hadoop.hive.metastore.RetryingHMSHandler.invokeInternal(RetryingHMSHandler.java:147)
	at org.apache.hadoop.hive.metastore.RetryingHMSHandler.invoke(RetryingHMSHandler.java:108)
	at com.sun.proxy.$Proxy34.drop_database(Unknown Source)
	at org.apache.hadoop.hive.metastore.api.ThriftHiveMetastore$Processor$drop_database.getResult(ThriftHiveMetastore.java:18285)
	at org.apache.hadoop.hive.metastore.api.ThriftHiveMetastore$Processor$drop_database.getResult(ThriftHiveMetastore.java:18264)
	at org.apache.thrift.ProcessFunction.process(ProcessFunction.java:38)
	at org.apache.hadoop.hive.metastore.TUGIBasedProcessor$1.run(TUGIBasedProcessor.java:111)
	at org.apache.hadoop.hive.metastore.TUGIBasedProcessor$1.run(TUGIBasedProcessor.java:107)
	at java.security.AccessController.doPrivileged(Native Method)
	at javax.security.auth.Subject.doAs(Subject.java:422)
	at org.apache.hadoop.security.UserGroupInformation.doAs(UserGroupInformation.java:1682)
	at org.apache.hadoop.hive.metastore.TUGIBasedProcessor.process(TUGIBasedProcessor.java:119)
	at org.apache.thrift.server.TThreadPoolServer$WorkerProcess.run(TThreadPoolServer.java:248)
	at java.util.concurrent.ThreadPoolExecutor.runWorker(ThreadPoolExecutor.java:1149)
	at java.util.concurrent.ThreadPoolExecutor$Worker.run(ThreadPoolExecutor.java:624)
	at java.lang.Thread.run(Thread.java:750)
Caused by: org.apache.derby.shared.common.error.DerbySQLIntegrityConstraintViolationException: DELETE on table 'DBS' caused a violation of foreign key constraint 'TBLS_FK1' for key (4).  The statement has been rolled back.
	at org.apache.derby.impl.jdbc.SQLExceptionFactory.getSQLException(Unknown Source)
	at org.apache.derby.impl.jdbc.Util.generateCsSQLException(Unknown Source)
	at org.apache.derby.impl.jdbc.TransactionResourceImpl.wrapInSQLException(Unknown Source)
	at org.apache.derby.impl.jdbc.TransactionResourceImpl.handleException(Unknown Source)
	at org.apache.derby.impl.jdbc.EmbedConnection.handleException(Unknown Source)
	at org.apache.derby.impl.jdbc.ConnectionChild.handleException(Unknown Source)
	at org.apache.derby.impl.jdbc.EmbedStatement.executeStatement(Unknown Source)
	at org.apache.derby.impl.jdbc.EmbedPreparedStatement.executeBatchElement(Unknown Source)
	... 47 more
Caused by: ERROR 23503: DELETE on table 'DBS' caused a violation of foreign key constraint 'TBLS_FK1' for key (4).  The statement has been rolled back.
	at org.apache.derby.iapi.error.StandardException.newException(Unknown Source)
	at org.apache.derby.iapi.error.StandardException.newException(Unknown Source)
	at org.apache.derby.impl.sql.execute.ReferencedKeyRIChecker.doCheck(Unknown Source)
	at org.apache.derby.impl.sql.execute.RISetChecker.doPKCheck(Unknown Source)
	at org.apache.derby.impl.sql.execute.DeleteResultSet.collectAffectedRows(Unknown Source)
	at org.apache.derby.impl.sql.execute.DeleteResultSet.open(Unknown Source)
	at org.apache.derby.impl.sql.GenericPreparedStatement.executeStmt(Unknown Source)
	at org.apache.derby.impl.sql.GenericPreparedStatement.execute(Unknown Source)
	... 49 more

2024-04-24T12:22:27,225  INFO [TThreadPoolServer WorkerProcess-%d] HiveMetaStore.audit: ugi=alex	ip=127.0.0.1	cmd=source:127.0.0.1 drop_database: @hive#myDb	
2024-04-24T12:22:27,229  INFO [TThreadPoolServer WorkerProcess-%d] HiveMetaStore.audit: ugi=alex	ip=127.0.0.1	cmd=source:127.0.0.1 get_all_tables: db=@hive#myDb	
2024-04-24T12:22:27,231  INFO [TThreadPoolServer WorkerProcess-%d] HiveMetaStore.audit: ugi=alex	ip=127.0.0.1	cmd=source:127.0.0.1 get_functions: db=@hive#myDb pat=*	
2024-04-24T12:22:27,232  INFO [TThreadPoolServer WorkerProcess-%d] HiveMetaStore.audit: ugi=alex	ip=127.0.0.1	cmd=source:127.0.0.1 get_all_stored_procedures	
2024-04-24T12:22:27,233  INFO [TThreadPoolServer WorkerProcess-%d] HiveMetaStore.audit: ugi=alex	ip=127.0.0.1	cmd=source:127.0.0.1 get_all_packages	
2024-04-24T12:22:27,234  INFO [TThreadPoolServer WorkerProcess-%d] HiveMetaStore.audit: ugi=alex	ip=127.0.0.1	cmd=source:127.0.0.1 getTablesByTypeCore: catName=hive: db=myDb pat=.*,type=MATERIALIZED_VIEW	
2024-04-24T12:22:27,237  INFO [TThreadPoolServer WorkerProcess-%d] metastore.ObjectStore: Dropping database hive.myDb along with all tables
2024-04-24T12:22:27,241 ERROR [TThreadPoolServer WorkerProcess-%d] metastore.RetryingHMSHandler: Retrying HMSHandler after 2000 ms (attempt 2 of 10) with error: javax.jdo.JDODataStoreException: Exception thrown flushing changes to datastore
	at org.datanucleus.api.jdo.NucleusJDOHelper.getJDOExceptionForNucleusException(NucleusJDOHelper.java:542)
	at org.datanucleus.api.jdo.JDOPersistenceManager.flush(JDOPersistenceManager.java:2081)
	at org.apache.hadoop.hive.metastore.ObjectStore.addNotificationEvent(ObjectStore.java:11639)
	at sun.reflect.GeneratedMethodAccessor68.invoke(Unknown Source)
	at sun.reflect.DelegatingMethodAccessorImpl.invoke(DelegatingMethodAccessorImpl.java:43)
	at java.lang.reflect.Method.invoke(Method.java:498)
	at org.apache.hadoop.hive.metastore.RawStoreProxy.invoke(RawStoreProxy.java:97)
	at com.sun.proxy.$Proxy32.addNotificationEvent(Unknown Source)
	at org.apache.hive.hcatalog.listener.DbNotificationListener.process(DbNotificationListener.java:1403)
	at org.apache.hive.hcatalog.listener.DbNotificationListener.onDropDatabase(DbNotificationListener.java:513)
	at org.apache.hadoop.hive.metastore.MetaStoreListenerNotifier$26.notify(MetaStoreListenerNotifier.java:99)
	at org.apache.hadoop.hive.metastore.MetaStoreListenerNotifier.notifyEvent(MetaStoreListenerNotifier.java:339)
	at org.apache.hadoop.hive.metastore.HMSHandler.drop_database_core(HMSHandler.java:1785)
	at org.apache.hadoop.hive.metastore.HMSHandler.drop_database(HMSHandler.java:1869)
	at sun.reflect.GeneratedMethodAccessor73.invoke(Unknown Source)
	at sun.reflect.DelegatingMethodAccessorImpl.invoke(DelegatingMethodAccessorImpl.java:43)
	at java.lang.reflect.Method.invoke(Method.java:498)
	at org.apache.hadoop.hive.metastore.RetryingHMSHandler.invokeInternal(RetryingHMSHandler.java:147)
	at org.apache.hadoop.hive.metastore.RetryingHMSHandler.invoke(RetryingHMSHandler.java:108)
	at com.sun.proxy.$Proxy34.drop_database(Unknown Source)
	at org.apache.hadoop.hive.metastore.api.ThriftHiveMetastore$Processor$drop_database.getResult(ThriftHiveMetastore.java:18285)
	at org.apache.hadoop.hive.metastore.api.ThriftHiveMetastore$Processor$drop_database.getResult(ThriftHiveMetastore.java:18264)
	at org.apache.thrift.ProcessFunction.process(ProcessFunction.java:38)
	at org.apache.hadoop.hive.metastore.TUGIBasedProcessor$1.run(TUGIBasedProcessor.java:111)
	at org.apache.hadoop.hive.metastore.TUGIBasedProcessor$1.run(TUGIBasedProcessor.java:107)
	at java.security.AccessController.doPrivileged(Native Method)
	at javax.security.auth.Subject.doAs(Subject.java:422)
	at org.apache.hadoop.security.UserGroupInformation.doAs(UserGroupInformation.java:1682)
	at org.apache.hadoop.hive.metastore.TUGIBasedProcessor.process(TUGIBasedProcessor.java:119)
	at org.apache.thrift.server.TThreadPoolServer$WorkerProcess.run(TThreadPoolServer.java:248)
	at java.util.concurrent.ThreadPoolExecutor.runWorker(ThreadPoolExecutor.java:1149)
	at java.util.concurrent.ThreadPoolExecutor$Worker.run(ThreadPoolExecutor.java:624)
	at java.lang.Thread.run(Thread.java:750)
NestedThrowablesStackTrace:
java.sql.BatchUpdateException: DELETE on table 'DBS' caused a violation of foreign key constraint 'TBLS_FK1' for key (4).  The statement has been rolled back.
	at org.apache.derby.impl.jdbc.EmbedStatement.executeLargeBatch(Unknown Source)
	at org.apache.derby.impl.jdbc.EmbedStatement.executeBatch(Unknown Source)
	at com.zaxxer.hikari.pool.ProxyStatement.executeBatch(ProxyStatement.java:128)
	at com.zaxxer.hikari.pool.HikariProxyPreparedStatement.executeBatch(HikariProxyPreparedStatement.java)
	at org.datanucleus.store.rdbms.ParamLoggingPreparedStatement.executeBatch(ParamLoggingPreparedStatement.java:366)
	at org.datanucleus.store.rdbms.SQLController.processConnectionStatement(SQLController.java:675)
	at org.datanucleus.store.rdbms.SQLController.processStatementsForConnection(SQLController.java:643)
	at org.datanucleus.store.rdbms.SQLController$1.transactionFlushed(SQLController.java:729)
	at org.datanucleus.store.connection.AbstractManagedConnection.transactionFlushed(AbstractManagedConnection.java:95)
	at org.datanucleus.store.connection.ConnectionManagerImpl$2.transactionFlushed(ConnectionManagerImpl.java:528)
	at org.datanucleus.TransactionImpl.flush(TransactionImpl.java:222)
	at org.datanucleus.ExecutionContextImpl.flushInternal(ExecutionContextImpl.java:4068)
	at org.datanucleus.ExecutionContextThreadedImpl.flushInternal(ExecutionContextThreadedImpl.java:448)
	at org.datanucleus.ExecutionContextImpl.flush(ExecutionContextImpl.java:4009)
	at org.datanucleus.ExecutionContextThreadedImpl.flush(ExecutionContextThreadedImpl.java:434)
	at org.datanucleus.api.jdo.JDOPersistenceManager.flush(JDOPersistenceManager.java:2064)
	at org.apache.hadoop.hive.metastore.ObjectStore.addNotificationEvent(ObjectStore.java:11639)
	at sun.reflect.GeneratedMethodAccessor68.invoke(Unknown Source)
	at sun.reflect.DelegatingMethodAccessorImpl.invoke(DelegatingMethodAccessorImpl.java:43)
	at java.lang.reflect.Method.invoke(Method.java:498)
	at org.apache.hadoop.hive.metastore.RawStoreProxy.invoke(RawStoreProxy.java:97)
	at com.sun.proxy.$Proxy32.addNotificationEvent(Unknown Source)
	at org.apache.hive.hcatalog.listener.DbNotificationListener.process(DbNotificationListener.java:1403)
	at org.apache.hive.hcatalog.listener.DbNotificationListener.onDropDatabase(DbNotificationListener.java:513)
	at org.apache.hadoop.hive.metastore.MetaStoreListenerNotifier$26.notify(MetaStoreListenerNotifier.java:99)
	at org.apache.hadoop.hive.metastore.MetaStoreListenerNotifier.notifyEvent(MetaStoreListenerNotifier.java:339)
	at org.apache.hadoop.hive.metastore.HMSHandler.drop_database_core(HMSHandler.java:1785)
	at org.apache.hadoop.hive.metastore.HMSHandler.drop_database(HMSHandler.java:1869)
	at sun.reflect.GeneratedMethodAccessor73.invoke(Unknown Source)
	at sun.reflect.DelegatingMethodAccessorImpl.invoke(DelegatingMethodAccessorImpl.java:43)
	at java.lang.reflect.Method.invoke(Method.java:498)
	at org.apache.hadoop.hive.metastore.RetryingHMSHandler.invokeInternal(RetryingHMSHandler.java:147)
	at org.apache.hadoop.hive.metastore.RetryingHMSHandler.invoke(RetryingHMSHandler.java:108)
	at com.sun.proxy.$Proxy34.drop_database(Unknown Source)
	at org.apache.hadoop.hive.metastore.api.ThriftHiveMetastore$Processor$drop_database.getResult(ThriftHiveMetastore.java:18285)
	at org.apache.hadoop.hive.metastore.api.ThriftHiveMetastore$Processor$drop_database.getResult(ThriftHiveMetastore.java:18264)
	at org.apache.thrift.ProcessFunction.process(ProcessFunction.java:38)
	at org.apache.hadoop.hive.metastore.TUGIBasedProcessor$1.run(TUGIBasedProcessor.java:111)
	at org.apache.hadoop.hive.metastore.TUGIBasedProcessor$1.run(TUGIBasedProcessor.java:107)
	at java.security.AccessController.doPrivileged(Native Method)
	at javax.security.auth.Subject.doAs(Subject.java:422)
	at org.apache.hadoop.security.UserGroupInformation.doAs(UserGroupInformation.java:1682)
	at org.apache.hadoop.hive.metastore.TUGIBasedProcessor.process(TUGIBasedProcessor.java:119)
	at org.apache.thrift.server.TThreadPoolServer$WorkerProcess.run(TThreadPoolServer.java:248)
	at java.util.concurrent.ThreadPoolExecutor.runWorker(ThreadPoolExecutor.java:1149)
	at java.util.concurrent.ThreadPoolExecutor$Worker.run(ThreadPoolExecutor.java:624)
	at java.lang.Thread.run(Thread.java:750)
Caused by: org.apache.derby.shared.common.error.DerbySQLIntegrityConstraintViolationException: DELETE on table 'DBS' caused a violation of foreign key constraint 'TBLS_FK1' for key (4).  The statement has been rolled back.
	at org.apache.derby.impl.jdbc.SQLExceptionFactory.getSQLException(Unknown Source)
	at org.apache.derby.impl.jdbc.Util.generateCsSQLException(Unknown Source)
	at org.apache.derby.impl.jdbc.TransactionResourceImpl.wrapInSQLException(Unknown Source)
	at org.apache.derby.impl.jdbc.TransactionResourceImpl.handleException(Unknown Source)
	at org.apache.derby.impl.jdbc.EmbedConnection.handleException(Unknown Source)
	at org.apache.derby.impl.jdbc.ConnectionChild.handleException(Unknown Source)
	at org.apache.derby.impl.jdbc.EmbedStatement.executeStatement(Unknown Source)
	at org.apache.derby.impl.jdbc.EmbedPreparedStatement.executeBatchElement(Unknown Source)
	... 47 more
Caused by: ERROR 23503: DELETE on table 'DBS' caused a violation of foreign key constraint 'TBLS_FK1' for key (4).  The statement has been rolled back.
	at org.apache.derby.iapi.error.StandardException.newException(Unknown Source)
	at org.apache.derby.iapi.error.StandardException.newException(Unknown Source)
	at org.apache.derby.impl.sql.execute.ReferencedKeyRIChecker.doCheck(Unknown Source)
	at org.apache.derby.impl.sql.execute.RISetChecker.doPKCheck(Unknown Source)
	at org.apache.derby.impl.sql.execute.DeleteResultSet.collectAffectedRows(Unknown Source)
	at org.apache.derby.impl.sql.execute.DeleteResultSet.open(Unknown Source)
	at org.apache.derby.impl.sql.GenericPreparedStatement.executeStmt(Unknown Source)
	at org.apache.derby.impl.sql.GenericPreparedStatement.execute(Unknown Source)
	... 49 more

2024-04-24T12:22:29,242  INFO [TThreadPoolServer WorkerProcess-%d] HiveMetaStore.audit: ugi=alex	ip=127.0.0.1	cmd=source:127.0.0.1 drop_database: @hive#myDb	
2024-04-24T12:22:29,246  INFO [TThreadPoolServer WorkerProcess-%d] HiveMetaStore.audit: ugi=alex	ip=127.0.0.1	cmd=source:127.0.0.1 get_all_tables: db=@hive#myDb	
2024-04-24T12:22:29,247  INFO [TThreadPoolServer WorkerProcess-%d] HiveMetaStore.audit: ugi=alex	ip=127.0.0.1	cmd=source:127.0.0.1 get_functions: db=@hive#myDb pat=*	
2024-04-24T12:22:29,249  INFO [TThreadPoolServer WorkerProcess-%d] HiveMetaStore.audit: ugi=alex	ip=127.0.0.1	cmd=source:127.0.0.1 get_all_stored_procedures	
2024-04-24T12:22:29,250  INFO [TThreadPoolServer WorkerProcess-%d] HiveMetaStore.audit: ugi=alex	ip=127.0.0.1	cmd=source:127.0.0.1 get_all_packages	
2024-04-24T12:22:29,250  INFO [TThreadPoolServer WorkerProcess-%d] HiveMetaStore.audit: ugi=alex	ip=127.0.0.1	cmd=source:127.0.0.1 getTablesByTypeCore: catName=hive: db=myDb pat=.*,type=MATERIALIZED_VIEW	
2024-04-24T12:22:29,253  INFO [TThreadPoolServer WorkerProcess-%d] metastore.ObjectStore: Dropping database hive.myDb along with all tables
2024-04-24T12:22:29,257 ERROR [TThreadPoolServer WorkerProcess-%d] metastore.RetryingHMSHandler: Retrying HMSHandler after 2000 ms (attempt 3 of 10) with error: javax.jdo.JDODataStoreException: Exception thrown flushing changes to datastore
	at org.datanucleus.api.jdo.NucleusJDOHelper.getJDOExceptionForNucleusException(NucleusJDOHelper.java:542)
	at org.datanucleus.api.jdo.JDOPersistenceManager.flush(JDOPersistenceManager.java:2081)
	at org.apache.hadoop.hive.metastore.ObjectStore.addNotificationEvent(ObjectStore.java:11639)
	at sun.reflect.GeneratedMethodAccessor68.invoke(Unknown Source)
	at sun.reflect.DelegatingMethodAccessorImpl.invoke(DelegatingMethodAccessorImpl.java:43)
	at java.lang.reflect.Method.invoke(Method.java:498)
	at org.apache.hadoop.hive.metastore.RawStoreProxy.invoke(RawStoreProxy.java:97)
	at com.sun.proxy.$Proxy32.addNotificationEvent(Unknown Source)
	at org.apache.hive.hcatalog.listener.DbNotificationListener.process(DbNotificationListener.java:1403)
	at org.apache.hive.hcatalog.listener.DbNotificationListener.onDropDatabase(DbNotificationListener.java:513)
	at org.apache.hadoop.hive.metastore.MetaStoreListenerNotifier$26.notify(MetaStoreListenerNotifier.java:99)
	at org.apache.hadoop.hive.metastore.MetaStoreListenerNotifier.notifyEvent(MetaStoreListenerNotifier.java:339)
	at org.apache.hadoop.hive.metastore.HMSHandler.drop_database_core(HMSHandler.java:1785)
	at org.apache.hadoop.hive.metastore.HMSHandler.drop_database(HMSHandler.java:1869)
	at sun.reflect.GeneratedMethodAccessor73.invoke(Unknown Source)
	at sun.reflect.DelegatingMethodAccessorImpl.invoke(DelegatingMethodAccessorImpl.java:43)
	at java.lang.reflect.Method.invoke(Method.java:498)
	at org.apache.hadoop.hive.metastore.RetryingHMSHandler.invokeInternal(RetryingHMSHandler.java:147)
	at org.apache.hadoop.hive.metastore.RetryingHMSHandler.invoke(RetryingHMSHandler.java:108)
	at com.sun.proxy.$Proxy34.drop_database(Unknown Source)
	at org.apache.hadoop.hive.metastore.api.ThriftHiveMetastore$Processor$drop_database.getResult(ThriftHiveMetastore.java:18285)
	at org.apache.hadoop.hive.metastore.api.ThriftHiveMetastore$Processor$drop_database.getResult(ThriftHiveMetastore.java:18264)
	at org.apache.thrift.ProcessFunction.process(ProcessFunction.java:38)
	at org.apache.hadoop.hive.metastore.TUGIBasedProcessor$1.run(TUGIBasedProcessor.java:111)
	at org.apache.hadoop.hive.metastore.TUGIBasedProcessor$1.run(TUGIBasedProcessor.java:107)
	at java.security.AccessController.doPrivileged(Native Method)
	at javax.security.auth.Subject.doAs(Subject.java:422)
	at org.apache.hadoop.security.UserGroupInformation.doAs(UserGroupInformation.java:1682)
	at org.apache.hadoop.hive.metastore.TUGIBasedProcessor.process(TUGIBasedProcessor.java:119)
	at org.apache.thrift.server.TThreadPoolServer$WorkerProcess.run(TThreadPoolServer.java:248)
	at java.util.concurrent.ThreadPoolExecutor.runWorker(ThreadPoolExecutor.java:1149)
	at java.util.concurrent.ThreadPoolExecutor$Worker.run(ThreadPoolExecutor.java:624)
	at java.lang.Thread.run(Thread.java:750)
NestedThrowablesStackTrace:
java.sql.BatchUpdateException: DELETE on table 'DBS' caused a violation of foreign key constraint 'TBLS_FK1' for key (4).  The statement has been rolled back.
	at org.apache.derby.impl.jdbc.EmbedStatement.executeLargeBatch(Unknown Source)
	at org.apache.derby.impl.jdbc.EmbedStatement.executeBatch(Unknown Source)
	at com.zaxxer.hikari.pool.ProxyStatement.executeBatch(ProxyStatement.java:128)
	at com.zaxxer.hikari.pool.HikariProxyPreparedStatement.executeBatch(HikariProxyPreparedStatement.java)
	at org.datanucleus.store.rdbms.ParamLoggingPreparedStatement.executeBatch(ParamLoggingPreparedStatement.java:366)
	at org.datanucleus.store.rdbms.SQLController.processConnectionStatement(SQLController.java:675)
	at org.datanucleus.store.rdbms.SQLController.processStatementsForConnection(SQLController.java:643)
	at org.datanucleus.store.rdbms.SQLController$1.transactionFlushed(SQLController.java:729)
	at org.datanucleus.store.connection.AbstractManagedConnection.transactionFlushed(AbstractManagedConnection.java:95)
	at org.datanucleus.store.connection.ConnectionManagerImpl$2.transactionFlushed(ConnectionManagerImpl.java:528)
	at org.datanucleus.TransactionImpl.flush(TransactionImpl.java:222)
	at org.datanucleus.ExecutionContextImpl.flushInternal(ExecutionContextImpl.java:4068)
	at org.datanucleus.ExecutionContextThreadedImpl.flushInternal(ExecutionContextThreadedImpl.java:448)
	at org.datanucleus.ExecutionContextImpl.flush(ExecutionContextImpl.java:4009)
	at org.datanucleus.ExecutionContextThreadedImpl.flush(ExecutionContextThreadedImpl.java:434)
	at org.datanucleus.api.jdo.JDOPersistenceManager.flush(JDOPersistenceManager.java:2064)
	at org.apache.hadoop.hive.metastore.ObjectStore.addNotificationEvent(ObjectStore.java:11639)
	at sun.reflect.GeneratedMethodAccessor68.invoke(Unknown Source)
	at sun.reflect.DelegatingMethodAccessorImpl.invoke(DelegatingMethodAccessorImpl.java:43)
	at java.lang.reflect.Method.invoke(Method.java:498)
	at org.apache.hadoop.hive.metastore.RawStoreProxy.invoke(RawStoreProxy.java:97)
	at com.sun.proxy.$Proxy32.addNotificationEvent(Unknown Source)
	at org.apache.hive.hcatalog.listener.DbNotificationListener.process(DbNotificationListener.java:1403)
	at org.apache.hive.hcatalog.listener.DbNotificationListener.onDropDatabase(DbNotificationListener.java:513)
	at org.apache.hadoop.hive.metastore.MetaStoreListenerNotifier$26.notify(MetaStoreListenerNotifier.java:99)
	at org.apache.hadoop.hive.metastore.MetaStoreListenerNotifier.notifyEvent(MetaStoreListenerNotifier.java:339)
	at org.apache.hadoop.hive.metastore.HMSHandler.drop_database_core(HMSHandler.java:1785)
	at org.apache.hadoop.hive.metastore.HMSHandler.drop_database(HMSHandler.java:1869)
	at sun.reflect.GeneratedMethodAccessor73.invoke(Unknown Source)
	at sun.reflect.DelegatingMethodAccessorImpl.invoke(DelegatingMethodAccessorImpl.java:43)
	at java.lang.reflect.Method.invoke(Method.java:498)
	at org.apache.hadoop.hive.metastore.RetryingHMSHandler.invokeInternal(RetryingHMSHandler.java:147)
	at org.apache.hadoop.hive.metastore.RetryingHMSHandler.invoke(RetryingHMSHandler.java:108)
	at com.sun.proxy.$Proxy34.drop_database(Unknown Source)
	at org.apache.hadoop.hive.metastore.api.ThriftHiveMetastore$Processor$drop_database.getResult(ThriftHiveMetastore.java:18285)
	at org.apache.hadoop.hive.metastore.api.ThriftHiveMetastore$Processor$drop_database.getResult(ThriftHiveMetastore.java:18264)
	at org.apache.thrift.ProcessFunction.process(ProcessFunction.java:38)
	at org.apache.hadoop.hive.metastore.TUGIBasedProcessor$1.run(TUGIBasedProcessor.java:111)
	at org.apache.hadoop.hive.metastore.TUGIBasedProcessor$1.run(TUGIBasedProcessor.java:107)
	at java.security.AccessController.doPrivileged(Native Method)
	at javax.security.auth.Subject.doAs(Subject.java:422)
	at org.apache.hadoop.security.UserGroupInformation.doAs(UserGroupInformation.java:1682)
	at org.apache.hadoop.hive.metastore.TUGIBasedProcessor.process(TUGIBasedProcessor.java:119)
	at org.apache.thrift.server.TThreadPoolServer$WorkerProcess.run(TThreadPoolServer.java:248)
	at java.util.concurrent.ThreadPoolExecutor.runWorker(ThreadPoolExecutor.java:1149)
	at java.util.concurrent.ThreadPoolExecutor$Worker.run(ThreadPoolExecutor.java:624)
	at java.lang.Thread.run(Thread.java:750)
Caused by: org.apache.derby.shared.common.error.DerbySQLIntegrityConstraintViolationException: DELETE on table 'DBS' caused a violation of foreign key constraint 'TBLS_FK1' for key (4).  The statement has been rolled back.
	at org.apache.derby.impl.jdbc.SQLExceptionFactory.getSQLException(Unknown Source)
	at org.apache.derby.impl.jdbc.Util.generateCsSQLException(Unknown Source)
	at org.apache.derby.impl.jdbc.TransactionResourceImpl.wrapInSQLException(Unknown Source)
	at org.apache.derby.impl.jdbc.TransactionResourceImpl.handleException(Unknown Source)
	at org.apache.derby.impl.jdbc.EmbedConnection.handleException(Unknown Source)
	at org.apache.derby.impl.jdbc.ConnectionChild.handleException(Unknown Source)
	at org.apache.derby.impl.jdbc.EmbedStatement.executeStatement(Unknown Source)
	at org.apache.derby.impl.jdbc.EmbedPreparedStatement.executeBatchElement(Unknown Source)
	... 47 more
Caused by: ERROR 23503: DELETE on table 'DBS' caused a violation of foreign key constraint 'TBLS_FK1' for key (4).  The statement has been rolled back.
	at org.apache.derby.iapi.error.StandardException.newException(Unknown Source)
	at org.apache.derby.iapi.error.StandardException.newException(Unknown Source)
	at org.apache.derby.impl.sql.execute.ReferencedKeyRIChecker.doCheck(Unknown Source)
	at org.apache.derby.impl.sql.execute.RISetChecker.doPKCheck(Unknown Source)
	at org.apache.derby.impl.sql.execute.DeleteResultSet.collectAffectedRows(Unknown Source)
	at org.apache.derby.impl.sql.execute.DeleteResultSet.open(Unknown Source)
	at org.apache.derby.impl.sql.GenericPreparedStatement.executeStmt(Unknown Source)
	at org.apache.derby.impl.sql.GenericPreparedStatement.execute(Unknown Source)
	... 49 more

2024-04-24T12:22:31,258  INFO [TThreadPoolServer WorkerProcess-%d] HiveMetaStore.audit: ugi=alex	ip=127.0.0.1	cmd=source:127.0.0.1 drop_database: @hive#myDb	
2024-04-24T12:22:31,262  INFO [TThreadPoolServer WorkerProcess-%d] HiveMetaStore.audit: ugi=alex	ip=127.0.0.1	cmd=source:127.0.0.1 get_all_tables: db=@hive#myDb	
2024-04-24T12:22:31,262  INFO [TThreadPoolServer WorkerProcess-%d] HiveMetaStore.audit: ugi=alex	ip=127.0.0.1	cmd=source:127.0.0.1 get_functions: db=@hive#myDb pat=*	
2024-04-24T12:22:31,264  INFO [TThreadPoolServer WorkerProcess-%d] HiveMetaStore.audit: ugi=alex	ip=127.0.0.1	cmd=source:127.0.0.1 get_all_stored_procedures	
2024-04-24T12:22:31,265  INFO [TThreadPoolServer WorkerProcess-%d] HiveMetaStore.audit: ugi=alex	ip=127.0.0.1	cmd=source:127.0.0.1 get_all_packages	
2024-04-24T12:22:31,266  INFO [TThreadPoolServer WorkerProcess-%d] HiveMetaStore.audit: ugi=alex	ip=127.0.0.1	cmd=source:127.0.0.1 getTablesByTypeCore: catName=hive: db=myDb pat=.*,type=MATERIALIZED_VIEW	
2024-04-24T12:22:31,268  INFO [TThreadPoolServer WorkerProcess-%d] metastore.ObjectStore: Dropping database hive.myDb along with all tables
2024-04-24T12:22:31,272 ERROR [TThreadPoolServer WorkerProcess-%d] metastore.RetryingHMSHandler: Retrying HMSHandler after 2000 ms (attempt 4 of 10) with error: javax.jdo.JDODataStoreException: Exception thrown flushing changes to datastore
	at org.datanucleus.api.jdo.NucleusJDOHelper.getJDOExceptionForNucleusException(NucleusJDOHelper.java:542)
	at org.datanucleus.api.jdo.JDOPersistenceManager.flush(JDOPersistenceManager.java:2081)
	at org.apache.hadoop.hive.metastore.ObjectStore.addNotificationEvent(ObjectStore.java:11639)
	at sun.reflect.GeneratedMethodAccessor68.invoke(Unknown Source)
	at sun.reflect.DelegatingMethodAccessorImpl.invoke(DelegatingMethodAccessorImpl.java:43)
	at java.lang.reflect.Method.invoke(Method.java:498)
	at org.apache.hadoop.hive.metastore.RawStoreProxy.invoke(RawStoreProxy.java:97)
	at com.sun.proxy.$Proxy32.addNotificationEvent(Unknown Source)
	at org.apache.hive.hcatalog.listener.DbNotificationListener.process(DbNotificationListener.java:1403)
	at org.apache.hive.hcatalog.listener.DbNotificationListener.onDropDatabase(DbNotificationListener.java:513)
	at org.apache.hadoop.hive.metastore.MetaStoreListenerNotifier$26.notify(MetaStoreListenerNotifier.java:99)
	at org.apache.hadoop.hive.metastore.MetaStoreListenerNotifier.notifyEvent(MetaStoreListenerNotifier.java:339)
	at org.apache.hadoop.hive.metastore.HMSHandler.drop_database_core(HMSHandler.java:1785)
	at org.apache.hadoop.hive.metastore.HMSHandler.drop_database(HMSHandler.java:1869)
	at sun.reflect.GeneratedMethodAccessor73.invoke(Unknown Source)
	at sun.reflect.DelegatingMethodAccessorImpl.invoke(DelegatingMethodAccessorImpl.java:43)
	at java.lang.reflect.Method.invoke(Method.java:498)
	at org.apache.hadoop.hive.metastore.RetryingHMSHandler.invokeInternal(RetryingHMSHandler.java:147)
	at org.apache.hadoop.hive.metastore.RetryingHMSHandler.invoke(RetryingHMSHandler.java:108)
	at com.sun.proxy.$Proxy34.drop_database(Unknown Source)
	at org.apache.hadoop.hive.metastore.api.ThriftHiveMetastore$Processor$drop_database.getResult(ThriftHiveMetastore.java:18285)
	at org.apache.hadoop.hive.metastore.api.ThriftHiveMetastore$Processor$drop_database.getResult(ThriftHiveMetastore.java:18264)
	at org.apache.thrift.ProcessFunction.process(ProcessFunction.java:38)
	at org.apache.hadoop.hive.metastore.TUGIBasedProcessor$1.run(TUGIBasedProcessor.java:111)
	at org.apache.hadoop.hive.metastore.TUGIBasedProcessor$1.run(TUGIBasedProcessor.java:107)
	at java.security.AccessController.doPrivileged(Native Method)
	at javax.security.auth.Subject.doAs(Subject.java:422)
	at org.apache.hadoop.security.UserGroupInformation.doAs(UserGroupInformation.java:1682)
	at org.apache.hadoop.hive.metastore.TUGIBasedProcessor.process(TUGIBasedProcessor.java:119)
	at org.apache.thrift.server.TThreadPoolServer$WorkerProcess.run(TThreadPoolServer.java:248)
	at java.util.concurrent.ThreadPoolExecutor.runWorker(ThreadPoolExecutor.java:1149)
	at java.util.concurrent.ThreadPoolExecutor$Worker.run(ThreadPoolExecutor.java:624)
	at java.lang.Thread.run(Thread.java:750)
NestedThrowablesStackTrace:
java.sql.BatchUpdateException: DELETE on table 'DBS' caused a violation of foreign key constraint 'TBLS_FK1' for key (4).  The statement has been rolled back.
	at org.apache.derby.impl.jdbc.EmbedStatement.executeLargeBatch(Unknown Source)
	at org.apache.derby.impl.jdbc.EmbedStatement.executeBatch(Unknown Source)
	at com.zaxxer.hikari.pool.ProxyStatement.executeBatch(ProxyStatement.java:128)
	at com.zaxxer.hikari.pool.HikariProxyPreparedStatement.executeBatch(HikariProxyPreparedStatement.java)
	at org.datanucleus.store.rdbms.ParamLoggingPreparedStatement.executeBatch(ParamLoggingPreparedStatement.java:366)
	at org.datanucleus.store.rdbms.SQLController.processConnectionStatement(SQLController.java:675)
	at org.datanucleus.store.rdbms.SQLController.processStatementsForConnection(SQLController.java:643)
	at org.datanucleus.store.rdbms.SQLController$1.transactionFlushed(SQLController.java:729)
	at org.datanucleus.store.connection.AbstractManagedConnection.transactionFlushed(AbstractManagedConnection.java:95)
	at org.datanucleus.store.connection.ConnectionManagerImpl$2.transactionFlushed(ConnectionManagerImpl.java:528)
	at org.datanucleus.TransactionImpl.flush(TransactionImpl.java:222)
	at org.datanucleus.ExecutionContextImpl.flushInternal(ExecutionContextImpl.java:4068)
	at org.datanucleus.ExecutionContextThreadedImpl.flushInternal(ExecutionContextThreadedImpl.java:448)
	at org.datanucleus.ExecutionContextImpl.flush(ExecutionContextImpl.java:4009)
	at org.datanucleus.ExecutionContextThreadedImpl.flush(ExecutionContextThreadedImpl.java:434)
	at org.datanucleus.api.jdo.JDOPersistenceManager.flush(JDOPersistenceManager.java:2064)
	at org.apache.hadoop.hive.metastore.ObjectStore.addNotificationEvent(ObjectStore.java:11639)
	at sun.reflect.GeneratedMethodAccessor68.invoke(Unknown Source)
	at sun.reflect.DelegatingMethodAccessorImpl.invoke(DelegatingMethodAccessorImpl.java:43)
	at java.lang.reflect.Method.invoke(Method.java:498)
	at org.apache.hadoop.hive.metastore.RawStoreProxy.invoke(RawStoreProxy.java:97)
	at com.sun.proxy.$Proxy32.addNotificationEvent(Unknown Source)
	at org.apache.hive.hcatalog.listener.DbNotificationListener.process(DbNotificationListener.java:1403)
	at org.apache.hive.hcatalog.listener.DbNotificationListener.onDropDatabase(DbNotificationListener.java:513)
	at org.apache.hadoop.hive.metastore.MetaStoreListenerNotifier$26.notify(MetaStoreListenerNotifier.java:99)
	at org.apache.hadoop.hive.metastore.MetaStoreListenerNotifier.notifyEvent(MetaStoreListenerNotifier.java:339)
	at org.apache.hadoop.hive.metastore.HMSHandler.drop_database_core(HMSHandler.java:1785)
	at org.apache.hadoop.hive.metastore.HMSHandler.drop_database(HMSHandler.java:1869)
	at sun.reflect.GeneratedMethodAccessor73.invoke(Unknown Source)
	at sun.reflect.DelegatingMethodAccessorImpl.invoke(DelegatingMethodAccessorImpl.java:43)
	at java.lang.reflect.Method.invoke(Method.java:498)
	at org.apache.hadoop.hive.metastore.RetryingHMSHandler.invokeInternal(RetryingHMSHandler.java:147)
	at org.apache.hadoop.hive.metastore.RetryingHMSHandler.invoke(RetryingHMSHandler.java:108)
	at com.sun.proxy.$Proxy34.drop_database(Unknown Source)
	at org.apache.hadoop.hive.metastore.api.ThriftHiveMetastore$Processor$drop_database.getResult(ThriftHiveMetastore.java:18285)
	at org.apache.hadoop.hive.metastore.api.ThriftHiveMetastore$Processor$drop_database.getResult(ThriftHiveMetastore.java:18264)
	at org.apache.thrift.ProcessFunction.process(ProcessFunction.java:38)
	at org.apache.hadoop.hive.metastore.TUGIBasedProcessor$1.run(TUGIBasedProcessor.java:111)
	at org.apache.hadoop.hive.metastore.TUGIBasedProcessor$1.run(TUGIBasedProcessor.java:107)
	at java.security.AccessController.doPrivileged(Native Method)
	at javax.security.auth.Subject.doAs(Subject.java:422)
	at org.apache.hadoop.security.UserGroupInformation.doAs(UserGroupInformation.java:1682)
	at org.apache.hadoop.hive.metastore.TUGIBasedProcessor.process(TUGIBasedProcessor.java:119)
	at org.apache.thrift.server.TThreadPoolServer$WorkerProcess.run(TThreadPoolServer.java:248)
	at java.util.concurrent.ThreadPoolExecutor.runWorker(ThreadPoolExecutor.java:1149)
	at java.util.concurrent.ThreadPoolExecutor$Worker.run(ThreadPoolExecutor.java:624)
	at java.lang.Thread.run(Thread.java:750)
Caused by: org.apache.derby.shared.common.error.DerbySQLIntegrityConstraintViolationException: DELETE on table 'DBS' caused a violation of foreign key constraint 'TBLS_FK1' for key (4).  The statement has been rolled back.
	at org.apache.derby.impl.jdbc.SQLExceptionFactory.getSQLException(Unknown Source)
	at org.apache.derby.impl.jdbc.Util.generateCsSQLException(Unknown Source)
	at org.apache.derby.impl.jdbc.TransactionResourceImpl.wrapInSQLException(Unknown Source)
	at org.apache.derby.impl.jdbc.TransactionResourceImpl.handleException(Unknown Source)
	at org.apache.derby.impl.jdbc.EmbedConnection.handleException(Unknown Source)
	at org.apache.derby.impl.jdbc.ConnectionChild.handleException(Unknown Source)
	at org.apache.derby.impl.jdbc.EmbedStatement.executeStatement(Unknown Source)
	at org.apache.derby.impl.jdbc.EmbedPreparedStatement.executeBatchElement(Unknown Source)
	... 47 more
Caused by: ERROR 23503: DELETE on table 'DBS' caused a violation of foreign key constraint 'TBLS_FK1' for key (4).  The statement has been rolled back.
	at org.apache.derby.iapi.error.StandardException.newException(Unknown Source)
	at org.apache.derby.iapi.error.StandardException.newException(Unknown Source)
	at org.apache.derby.impl.sql.execute.ReferencedKeyRIChecker.doCheck(Unknown Source)
	at org.apache.derby.impl.sql.execute.RISetChecker.doPKCheck(Unknown Source)
	at org.apache.derby.impl.sql.execute.DeleteResultSet.collectAffectedRows(Unknown Source)
	at org.apache.derby.impl.sql.execute.DeleteResultSet.open(Unknown Source)
	at org.apache.derby.impl.sql.GenericPreparedStatement.executeStmt(Unknown Source)
	at org.apache.derby.impl.sql.GenericPreparedStatement.execute(Unknown Source)
	... 49 more

2024-04-24T12:22:33,273  INFO [TThreadPoolServer WorkerProcess-%d] HiveMetaStore.audit: ugi=alex	ip=127.0.0.1	cmd=source:127.0.0.1 drop_database: @hive#myDb	
2024-04-24T12:22:33,276  INFO [TThreadPoolServer WorkerProcess-%d] HiveMetaStore.audit: ugi=alex	ip=127.0.0.1	cmd=source:127.0.0.1 get_all_tables: db=@hive#myDb	
2024-04-24T12:22:33,276  INFO [TThreadPoolServer WorkerProcess-%d] HiveMetaStore.audit: ugi=alex	ip=127.0.0.1	cmd=source:127.0.0.1 get_functions: db=@hive#myDb pat=*	
2024-04-24T12:22:33,278  INFO [TThreadPoolServer WorkerProcess-%d] HiveMetaStore.audit: ugi=alex	ip=127.0.0.1	cmd=source:127.0.0.1 get_all_stored_procedures	
2024-04-24T12:22:33,279  INFO [TThreadPoolServer WorkerProcess-%d] HiveMetaStore.audit: ugi=alex	ip=127.0.0.1	cmd=source:127.0.0.1 get_all_packages	
2024-04-24T12:22:33,280  INFO [TThreadPoolServer WorkerProcess-%d] HiveMetaStore.audit: ugi=alex	ip=127.0.0.1	cmd=source:127.0.0.1 getTablesByTypeCore: catName=hive: db=myDb pat=.*,type=MATERIALIZED_VIEW	
2024-04-24T12:22:33,282  INFO [TThreadPoolServer WorkerProcess-%d] metastore.ObjectStore: Dropping database hive.myDb along with all tables
2024-04-24T12:22:33,286 ERROR [TThreadPoolServer WorkerProcess-%d] metastore.RetryingHMSHandler: Retrying HMSHandler after 2000 ms (attempt 5 of 10) with error: javax.jdo.JDODataStoreException: Exception thrown flushing changes to datastore
	at org.datanucleus.api.jdo.NucleusJDOHelper.getJDOExceptionForNucleusException(NucleusJDOHelper.java:542)
	at org.datanucleus.api.jdo.JDOPersistenceManager.flush(JDOPersistenceManager.java:2081)
	at org.apache.hadoop.hive.metastore.ObjectStore.addNotificationEvent(ObjectStore.java:11639)
	at sun.reflect.GeneratedMethodAccessor68.invoke(Unknown Source)
	at sun.reflect.DelegatingMethodAccessorImpl.invoke(DelegatingMethodAccessorImpl.java:43)
	at java.lang.reflect.Method.invoke(Method.java:498)
	at org.apache.hadoop.hive.metastore.RawStoreProxy.invoke(RawStoreProxy.java:97)
	at com.sun.proxy.$Proxy32.addNotificationEvent(Unknown Source)
	at org.apache.hive.hcatalog.listener.DbNotificationListener.process(DbNotificationListener.java:1403)
	at org.apache.hive.hcatalog.listener.DbNotificationListener.onDropDatabase(DbNotificationListener.java:513)
	at org.apache.hadoop.hive.metastore.MetaStoreListenerNotifier$26.notify(MetaStoreListenerNotifier.java:99)
	at org.apache.hadoop.hive.metastore.MetaStoreListenerNotifier.notifyEvent(MetaStoreListenerNotifier.java:339)
	at org.apache.hadoop.hive.metastore.HMSHandler.drop_database_core(HMSHandler.java:1785)
	at org.apache.hadoop.hive.metastore.HMSHandler.drop_database(HMSHandler.java:1869)
	at sun.reflect.GeneratedMethodAccessor73.invoke(Unknown Source)
	at sun.reflect.DelegatingMethodAccessorImpl.invoke(DelegatingMethodAccessorImpl.java:43)
	at java.lang.reflect.Method.invoke(Method.java:498)
	at org.apache.hadoop.hive.metastore.RetryingHMSHandler.invokeInternal(RetryingHMSHandler.java:147)
	at org.apache.hadoop.hive.metastore.RetryingHMSHandler.invoke(RetryingHMSHandler.java:108)
	at com.sun.proxy.$Proxy34.drop_database(Unknown Source)
	at org.apache.hadoop.hive.metastore.api.ThriftHiveMetastore$Processor$drop_database.getResult(ThriftHiveMetastore.java:18285)
	at org.apache.hadoop.hive.metastore.api.ThriftHiveMetastore$Processor$drop_database.getResult(ThriftHiveMetastore.java:18264)
	at org.apache.thrift.ProcessFunction.process(ProcessFunction.java:38)
	at org.apache.hadoop.hive.metastore.TUGIBasedProcessor$1.run(TUGIBasedProcessor.java:111)
	at org.apache.hadoop.hive.metastore.TUGIBasedProcessor$1.run(TUGIBasedProcessor.java:107)
	at java.security.AccessController.doPrivileged(Native Method)
	at javax.security.auth.Subject.doAs(Subject.java:422)
	at org.apache.hadoop.security.UserGroupInformation.doAs(UserGroupInformation.java:1682)
	at org.apache.hadoop.hive.metastore.TUGIBasedProcessor.process(TUGIBasedProcessor.java:119)
	at org.apache.thrift.server.TThreadPoolServer$WorkerProcess.run(TThreadPoolServer.java:248)
	at java.util.concurrent.ThreadPoolExecutor.runWorker(ThreadPoolExecutor.java:1149)
	at java.util.concurrent.ThreadPoolExecutor$Worker.run(ThreadPoolExecutor.java:624)
	at java.lang.Thread.run(Thread.java:750)
NestedThrowablesStackTrace:
java.sql.BatchUpdateException: DELETE on table 'DBS' caused a violation of foreign key constraint 'TBLS_FK1' for key (4).  The statement has been rolled back.
	at org.apache.derby.impl.jdbc.EmbedStatement.executeLargeBatch(Unknown Source)
	at org.apache.derby.impl.jdbc.EmbedStatement.executeBatch(Unknown Source)
	at com.zaxxer.hikari.pool.ProxyStatement.executeBatch(ProxyStatement.java:128)
	at com.zaxxer.hikari.pool.HikariProxyPreparedStatement.executeBatch(HikariProxyPreparedStatement.java)
	at org.datanucleus.store.rdbms.ParamLoggingPreparedStatement.executeBatch(ParamLoggingPreparedStatement.java:366)
	at org.datanucleus.store.rdbms.SQLController.processConnectionStatement(SQLController.java:675)
	at org.datanucleus.store.rdbms.SQLController.processStatementsForConnection(SQLController.java:643)
	at org.datanucleus.store.rdbms.SQLController$1.transactionFlushed(SQLController.java:729)
	at org.datanucleus.store.connection.AbstractManagedConnection.transactionFlushed(AbstractManagedConnection.java:95)
	at org.datanucleus.store.connection.ConnectionManagerImpl$2.transactionFlushed(ConnectionManagerImpl.java:528)
	at org.datanucleus.TransactionImpl.flush(TransactionImpl.java:222)
	at org.datanucleus.ExecutionContextImpl.flushInternal(ExecutionContextImpl.java:4068)
	at org.datanucleus.ExecutionContextThreadedImpl.flushInternal(ExecutionContextThreadedImpl.java:448)
	at org.datanucleus.ExecutionContextImpl.flush(ExecutionContextImpl.java:4009)
	at org.datanucleus.ExecutionContextThreadedImpl.flush(ExecutionContextThreadedImpl.java:434)
	at org.datanucleus.api.jdo.JDOPersistenceManager.flush(JDOPersistenceManager.java:2064)
	at org.apache.hadoop.hive.metastore.ObjectStore.addNotificationEvent(ObjectStore.java:11639)
	at sun.reflect.GeneratedMethodAccessor68.invoke(Unknown Source)
	at sun.reflect.DelegatingMethodAccessorImpl.invoke(DelegatingMethodAccessorImpl.java:43)
	at java.lang.reflect.Method.invoke(Method.java:498)
	at org.apache.hadoop.hive.metastore.RawStoreProxy.invoke(RawStoreProxy.java:97)
	at com.sun.proxy.$Proxy32.addNotificationEvent(Unknown Source)
	at org.apache.hive.hcatalog.listener.DbNotificationListener.process(DbNotificationListener.java:1403)
	at org.apache.hive.hcatalog.listener.DbNotificationListener.onDropDatabase(DbNotificationListener.java:513)
	at org.apache.hadoop.hive.metastore.MetaStoreListenerNotifier$26.notify(MetaStoreListenerNotifier.java:99)
	at org.apache.hadoop.hive.metastore.MetaStoreListenerNotifier.notifyEvent(MetaStoreListenerNotifier.java:339)
	at org.apache.hadoop.hive.metastore.HMSHandler.drop_database_core(HMSHandler.java:1785)
	at org.apache.hadoop.hive.metastore.HMSHandler.drop_database(HMSHandler.java:1869)
	at sun.reflect.GeneratedMethodAccessor73.invoke(Unknown Source)
	at sun.reflect.DelegatingMethodAccessorImpl.invoke(DelegatingMethodAccessorImpl.java:43)
	at java.lang.reflect.Method.invoke(Method.java:498)
	at org.apache.hadoop.hive.metastore.RetryingHMSHandler.invokeInternal(RetryingHMSHandler.java:147)
	at org.apache.hadoop.hive.metastore.RetryingHMSHandler.invoke(RetryingHMSHandler.java:108)
	at com.sun.proxy.$Proxy34.drop_database(Unknown Source)
	at org.apache.hadoop.hive.metastore.api.ThriftHiveMetastore$Processor$drop_database.getResult(ThriftHiveMetastore.java:18285)
	at org.apache.hadoop.hive.metastore.api.ThriftHiveMetastore$Processor$drop_database.getResult(ThriftHiveMetastore.java:18264)
	at org.apache.thrift.ProcessFunction.process(ProcessFunction.java:38)
	at org.apache.hadoop.hive.metastore.TUGIBasedProcessor$1.run(TUGIBasedProcessor.java:111)
	at org.apache.hadoop.hive.metastore.TUGIBasedProcessor$1.run(TUGIBasedProcessor.java:107)
	at java.security.AccessController.doPrivileged(Native Method)
	at javax.security.auth.Subject.doAs(Subject.java:422)
	at org.apache.hadoop.security.UserGroupInformation.doAs(UserGroupInformation.java:1682)
	at org.apache.hadoop.hive.metastore.TUGIBasedProcessor.process(TUGIBasedProcessor.java:119)
	at org.apache.thrift.server.TThreadPoolServer$WorkerProcess.run(TThreadPoolServer.java:248)
	at java.util.concurrent.ThreadPoolExecutor.runWorker(ThreadPoolExecutor.java:1149)
	at java.util.concurrent.ThreadPoolExecutor$Worker.run(ThreadPoolExecutor.java:624)
	at java.lang.Thread.run(Thread.java:750)
Caused by: org.apache.derby.shared.common.error.DerbySQLIntegrityConstraintViolationException: DELETE on table 'DBS' caused a violation of foreign key constraint 'TBLS_FK1' for key (4).  The statement has been rolled back.
	at org.apache.derby.impl.jdbc.SQLExceptionFactory.getSQLException(Unknown Source)
	at org.apache.derby.impl.jdbc.Util.generateCsSQLException(Unknown Source)
	at org.apache.derby.impl.jdbc.TransactionResourceImpl.wrapInSQLException(Unknown Source)
	at org.apache.derby.impl.jdbc.TransactionResourceImpl.handleException(Unknown Source)
	at org.apache.derby.impl.jdbc.EmbedConnection.handleException(Unknown Source)
	at org.apache.derby.impl.jdbc.ConnectionChild.handleException(Unknown Source)
	at org.apache.derby.impl.jdbc.EmbedStatement.executeStatement(Unknown Source)
	at org.apache.derby.impl.jdbc.EmbedPreparedStatement.executeBatchElement(Unknown Source)
	... 47 more
Caused by: ERROR 23503: DELETE on table 'DBS' caused a violation of foreign key constraint 'TBLS_FK1' for key (4).  The statement has been rolled back.
	at org.apache.derby.iapi.error.StandardException.newException(Unknown Source)
	at org.apache.derby.iapi.error.StandardException.newException(Unknown Source)
	at org.apache.derby.impl.sql.execute.ReferencedKeyRIChecker.doCheck(Unknown Source)
	at org.apache.derby.impl.sql.execute.RISetChecker.doPKCheck(Unknown Source)
	at org.apache.derby.impl.sql.execute.DeleteResultSet.collectAffectedRows(Unknown Source)
	at org.apache.derby.impl.sql.execute.DeleteResultSet.open(Unknown Source)
	at org.apache.derby.impl.sql.GenericPreparedStatement.executeStmt(Unknown Source)
	at org.apache.derby.impl.sql.GenericPreparedStatement.execute(Unknown Source)
	... 49 more

2024-04-24T12:22:35,287  INFO [TThreadPoolServer WorkerProcess-%d] HiveMetaStore.audit: ugi=alex	ip=127.0.0.1	cmd=source:127.0.0.1 drop_database: @hive#myDb	
2024-04-24T12:22:35,289  INFO [TThreadPoolServer WorkerProcess-%d] HiveMetaStore.audit: ugi=alex	ip=127.0.0.1	cmd=source:127.0.0.1 get_all_tables: db=@hive#myDb	
2024-04-24T12:22:35,290  INFO [TThreadPoolServer WorkerProcess-%d] HiveMetaStore.audit: ugi=alex	ip=127.0.0.1	cmd=source:127.0.0.1 get_functions: db=@hive#myDb pat=*	
2024-04-24T12:22:35,292  INFO [TThreadPoolServer WorkerProcess-%d] HiveMetaStore.audit: ugi=alex	ip=127.0.0.1	cmd=source:127.0.0.1 get_all_stored_procedures	
2024-04-24T12:22:35,293  INFO [TThreadPoolServer WorkerProcess-%d] HiveMetaStore.audit: ugi=alex	ip=127.0.0.1	cmd=source:127.0.0.1 get_all_packages	
2024-04-24T12:22:35,295  INFO [TThreadPoolServer WorkerProcess-%d] HiveMetaStore.audit: ugi=alex	ip=127.0.0.1	cmd=source:127.0.0.1 getTablesByTypeCore: catName=hive: db=myDb pat=.*,type=MATERIALIZED_VIEW	
2024-04-24T12:22:35,300  INFO [TThreadPoolServer WorkerProcess-%d] metastore.ObjectStore: Dropping database hive.myDb along with all tables
2024-04-24T12:22:35,307 ERROR [TThreadPoolServer WorkerProcess-%d] metastore.RetryingHMSHandler: Retrying HMSHandler after 2000 ms (attempt 6 of 10) with error: javax.jdo.JDODataStoreException: Exception thrown flushing changes to datastore
	at org.datanucleus.api.jdo.NucleusJDOHelper.getJDOExceptionForNucleusException(NucleusJDOHelper.java:542)
	at org.datanucleus.api.jdo.JDOPersistenceManager.flush(JDOPersistenceManager.java:2081)
	at org.apache.hadoop.hive.metastore.ObjectStore.addNotificationEvent(ObjectStore.java:11639)
	at sun.reflect.GeneratedMethodAccessor68.invoke(Unknown Source)
	at sun.reflect.DelegatingMethodAccessorImpl.invoke(DelegatingMethodAccessorImpl.java:43)
	at java.lang.reflect.Method.invoke(Method.java:498)
	at org.apache.hadoop.hive.metastore.RawStoreProxy.invoke(RawStoreProxy.java:97)
	at com.sun.proxy.$Proxy32.addNotificationEvent(Unknown Source)
	at org.apache.hive.hcatalog.listener.DbNotificationListener.process(DbNotificationListener.java:1403)
	at org.apache.hive.hcatalog.listener.DbNotificationListener.onDropDatabase(DbNotificationListener.java:513)
	at org.apache.hadoop.hive.metastore.MetaStoreListenerNotifier$26.notify(MetaStoreListenerNotifier.java:99)
	at org.apache.hadoop.hive.metastore.MetaStoreListenerNotifier.notifyEvent(MetaStoreListenerNotifier.java:339)
	at org.apache.hadoop.hive.metastore.HMSHandler.drop_database_core(HMSHandler.java:1785)
	at org.apache.hadoop.hive.metastore.HMSHandler.drop_database(HMSHandler.java:1869)
	at sun.reflect.GeneratedMethodAccessor73.invoke(Unknown Source)
	at sun.reflect.DelegatingMethodAccessorImpl.invoke(DelegatingMethodAccessorImpl.java:43)
	at java.lang.reflect.Method.invoke(Method.java:498)
	at org.apache.hadoop.hive.metastore.RetryingHMSHandler.invokeInternal(RetryingHMSHandler.java:147)
	at org.apache.hadoop.hive.metastore.RetryingHMSHandler.invoke(RetryingHMSHandler.java:108)
	at com.sun.proxy.$Proxy34.drop_database(Unknown Source)
	at org.apache.hadoop.hive.metastore.api.ThriftHiveMetastore$Processor$drop_database.getResult(ThriftHiveMetastore.java:18285)
	at org.apache.hadoop.hive.metastore.api.ThriftHiveMetastore$Processor$drop_database.getResult(ThriftHiveMetastore.java:18264)
	at org.apache.thrift.ProcessFunction.process(ProcessFunction.java:38)
	at org.apache.hadoop.hive.metastore.TUGIBasedProcessor$1.run(TUGIBasedProcessor.java:111)
	at org.apache.hadoop.hive.metastore.TUGIBasedProcessor$1.run(TUGIBasedProcessor.java:107)
	at java.security.AccessController.doPrivileged(Native Method)
	at javax.security.auth.Subject.doAs(Subject.java:422)
	at org.apache.hadoop.security.UserGroupInformation.doAs(UserGroupInformation.java:1682)
	at org.apache.hadoop.hive.metastore.TUGIBasedProcessor.process(TUGIBasedProcessor.java:119)
	at org.apache.thrift.server.TThreadPoolServer$WorkerProcess.run(TThreadPoolServer.java:248)
	at java.util.concurrent.ThreadPoolExecutor.runWorker(ThreadPoolExecutor.java:1149)
	at java.util.concurrent.ThreadPoolExecutor$Worker.run(ThreadPoolExecutor.java:624)
	at java.lang.Thread.run(Thread.java:750)
NestedThrowablesStackTrace:
java.sql.BatchUpdateException: DELETE on table 'DBS' caused a violation of foreign key constraint 'TBLS_FK1' for key (4).  The statement has been rolled back.
	at org.apache.derby.impl.jdbc.EmbedStatement.executeLargeBatch(Unknown Source)
	at org.apache.derby.impl.jdbc.EmbedStatement.executeBatch(Unknown Source)
	at com.zaxxer.hikari.pool.ProxyStatement.executeBatch(ProxyStatement.java:128)
	at com.zaxxer.hikari.pool.HikariProxyPreparedStatement.executeBatch(HikariProxyPreparedStatement.java)
	at org.datanucleus.store.rdbms.ParamLoggingPreparedStatement.executeBatch(ParamLoggingPreparedStatement.java:366)
	at org.datanucleus.store.rdbms.SQLController.processConnectionStatement(SQLController.java:675)
	at org.datanucleus.store.rdbms.SQLController.processStatementsForConnection(SQLController.java:643)
	at org.datanucleus.store.rdbms.SQLController$1.transactionFlushed(SQLController.java:729)
	at org.datanucleus.store.connection.AbstractManagedConnection.transactionFlushed(AbstractManagedConnection.java:95)
	at org.datanucleus.store.connection.ConnectionManagerImpl$2.transactionFlushed(ConnectionManagerImpl.java:528)
	at org.datanucleus.TransactionImpl.flush(TransactionImpl.java:222)
	at org.datanucleus.ExecutionContextImpl.flushInternal(ExecutionContextImpl.java:4068)
	at org.datanucleus.ExecutionContextThreadedImpl.flushInternal(ExecutionContextThreadedImpl.java:448)
	at org.datanucleus.ExecutionContextImpl.flush(ExecutionContextImpl.java:4009)
	at org.datanucleus.ExecutionContextThreadedImpl.flush(ExecutionContextThreadedImpl.java:434)
	at org.datanucleus.api.jdo.JDOPersistenceManager.flush(JDOPersistenceManager.java:2064)
	at org.apache.hadoop.hive.metastore.ObjectStore.addNotificationEvent(ObjectStore.java:11639)
	at sun.reflect.GeneratedMethodAccessor68.invoke(Unknown Source)
	at sun.reflect.DelegatingMethodAccessorImpl.invoke(DelegatingMethodAccessorImpl.java:43)
	at java.lang.reflect.Method.invoke(Method.java:498)
	at org.apache.hadoop.hive.metastore.RawStoreProxy.invoke(RawStoreProxy.java:97)
	at com.sun.proxy.$Proxy32.addNotificationEvent(Unknown Source)
	at org.apache.hive.hcatalog.listener.DbNotificationListener.process(DbNotificationListener.java:1403)
	at org.apache.hive.hcatalog.listener.DbNotificationListener.onDropDatabase(DbNotificationListener.java:513)
	at org.apache.hadoop.hive.metastore.MetaStoreListenerNotifier$26.notify(MetaStoreListenerNotifier.java:99)
	at org.apache.hadoop.hive.metastore.MetaStoreListenerNotifier.notifyEvent(MetaStoreListenerNotifier.java:339)
	at org.apache.hadoop.hive.metastore.HMSHandler.drop_database_core(HMSHandler.java:1785)
	at org.apache.hadoop.hive.metastore.HMSHandler.drop_database(HMSHandler.java:1869)
	at sun.reflect.GeneratedMethodAccessor73.invoke(Unknown Source)
	at sun.reflect.DelegatingMethodAccessorImpl.invoke(DelegatingMethodAccessorImpl.java:43)
	at java.lang.reflect.Method.invoke(Method.java:498)
	at org.apache.hadoop.hive.metastore.RetryingHMSHandler.invokeInternal(RetryingHMSHandler.java:147)
	at org.apache.hadoop.hive.metastore.RetryingHMSHandler.invoke(RetryingHMSHandler.java:108)
	at com.sun.proxy.$Proxy34.drop_database(Unknown Source)
	at org.apache.hadoop.hive.metastore.api.ThriftHiveMetastore$Processor$drop_database.getResult(ThriftHiveMetastore.java:18285)
	at org.apache.hadoop.hive.metastore.api.ThriftHiveMetastore$Processor$drop_database.getResult(ThriftHiveMetastore.java:18264)
	at org.apache.thrift.ProcessFunction.process(ProcessFunction.java:38)
	at org.apache.hadoop.hive.metastore.TUGIBasedProcessor$1.run(TUGIBasedProcessor.java:111)
	at org.apache.hadoop.hive.metastore.TUGIBasedProcessor$1.run(TUGIBasedProcessor.java:107)
	at java.security.AccessController.doPrivileged(Native Method)
	at javax.security.auth.Subject.doAs(Subject.java:422)
	at org.apache.hadoop.security.UserGroupInformation.doAs(UserGroupInformation.java:1682)
	at org.apache.hadoop.hive.metastore.TUGIBasedProcessor.process(TUGIBasedProcessor.java:119)
	at org.apache.thrift.server.TThreadPoolServer$WorkerProcess.run(TThreadPoolServer.java:248)
	at java.util.concurrent.ThreadPoolExecutor.runWorker(ThreadPoolExecutor.java:1149)
	at java.util.concurrent.ThreadPoolExecutor$Worker.run(ThreadPoolExecutor.java:624)
	at java.lang.Thread.run(Thread.java:750)
Caused by: org.apache.derby.shared.common.error.DerbySQLIntegrityConstraintViolationException: DELETE on table 'DBS' caused a violation of foreign key constraint 'TBLS_FK1' for key (4).  The statement has been rolled back.
	at org.apache.derby.impl.jdbc.SQLExceptionFactory.getSQLException(Unknown Source)
	at org.apache.derby.impl.jdbc.Util.generateCsSQLException(Unknown Source)
	at org.apache.derby.impl.jdbc.TransactionResourceImpl.wrapInSQLException(Unknown Source)
	at org.apache.derby.impl.jdbc.TransactionResourceImpl.handleException(Unknown Source)
	at org.apache.derby.impl.jdbc.EmbedConnection.handleException(Unknown Source)
	at org.apache.derby.impl.jdbc.ConnectionChild.handleException(Unknown Source)
	at org.apache.derby.impl.jdbc.EmbedStatement.executeStatement(Unknown Source)
	at org.apache.derby.impl.jdbc.EmbedPreparedStatement.executeBatchElement(Unknown Source)
	... 47 more
Caused by: ERROR 23503: DELETE on table 'DBS' caused a violation of foreign key constraint 'TBLS_FK1' for key (4).  The statement has been rolled back.
	at org.apache.derby.iapi.error.StandardException.newException(Unknown Source)
	at org.apache.derby.iapi.error.StandardException.newException(Unknown Source)
	at org.apache.derby.impl.sql.execute.ReferencedKeyRIChecker.doCheck(Unknown Source)
	at org.apache.derby.impl.sql.execute.RISetChecker.doPKCheck(Unknown Source)
	at org.apache.derby.impl.sql.execute.DeleteResultSet.collectAffectedRows(Unknown Source)
	at org.apache.derby.impl.sql.execute.DeleteResultSet.open(Unknown Source)
	at org.apache.derby.impl.sql.GenericPreparedStatement.executeStmt(Unknown Source)
	at org.apache.derby.impl.sql.GenericPreparedStatement.execute(Unknown Source)
	... 49 more

2024-04-24T12:22:37,307  INFO [TThreadPoolServer WorkerProcess-%d] HiveMetaStore.audit: ugi=alex	ip=127.0.0.1	cmd=source:127.0.0.1 drop_database: @hive#myDb	
2024-04-24T12:22:37,309  INFO [TThreadPoolServer WorkerProcess-%d] HiveMetaStore.audit: ugi=alex	ip=127.0.0.1	cmd=source:127.0.0.1 get_all_tables: db=@hive#myDb	
2024-04-24T12:22:37,310  INFO [TThreadPoolServer WorkerProcess-%d] HiveMetaStore.audit: ugi=alex	ip=127.0.0.1	cmd=source:127.0.0.1 get_functions: db=@hive#myDb pat=*	
2024-04-24T12:22:37,312  INFO [TThreadPoolServer WorkerProcess-%d] HiveMetaStore.audit: ugi=alex	ip=127.0.0.1	cmd=source:127.0.0.1 get_all_stored_procedures	
2024-04-24T12:22:37,313  INFO [TThreadPoolServer WorkerProcess-%d] HiveMetaStore.audit: ugi=alex	ip=127.0.0.1	cmd=source:127.0.0.1 get_all_packages	
2024-04-24T12:22:37,314  INFO [TThreadPoolServer WorkerProcess-%d] HiveMetaStore.audit: ugi=alex	ip=127.0.0.1	cmd=source:127.0.0.1 getTablesByTypeCore: catName=hive: db=myDb pat=.*,type=MATERIALIZED_VIEW	
2024-04-24T12:22:37,317  INFO [TThreadPoolServer WorkerProcess-%d] metastore.ObjectStore: Dropping database hive.myDb along with all tables
2024-04-24T12:22:37,321 ERROR [TThreadPoolServer WorkerProcess-%d] metastore.RetryingHMSHandler: Retrying HMSHandler after 2000 ms (attempt 7 of 10) with error: javax.jdo.JDODataStoreException: Exception thrown flushing changes to datastore
	at org.datanucleus.api.jdo.NucleusJDOHelper.getJDOExceptionForNucleusException(NucleusJDOHelper.java:542)
	at org.datanucleus.api.jdo.JDOPersistenceManager.flush(JDOPersistenceManager.java:2081)
	at org.apache.hadoop.hive.metastore.ObjectStore.addNotificationEvent(ObjectStore.java:11639)
	at sun.reflect.GeneratedMethodAccessor68.invoke(Unknown Source)
	at sun.reflect.DelegatingMethodAccessorImpl.invoke(DelegatingMethodAccessorImpl.java:43)
	at java.lang.reflect.Method.invoke(Method.java:498)
	at org.apache.hadoop.hive.metastore.RawStoreProxy.invoke(RawStoreProxy.java:97)
	at com.sun.proxy.$Proxy32.addNotificationEvent(Unknown Source)
	at org.apache.hive.hcatalog.listener.DbNotificationListener.process(DbNotificationListener.java:1403)
	at org.apache.hive.hcatalog.listener.DbNotificationListener.onDropDatabase(DbNotificationListener.java:513)
	at org.apache.hadoop.hive.metastore.MetaStoreListenerNotifier$26.notify(MetaStoreListenerNotifier.java:99)
	at org.apache.hadoop.hive.metastore.MetaStoreListenerNotifier.notifyEvent(MetaStoreListenerNotifier.java:339)
	at org.apache.hadoop.hive.metastore.HMSHandler.drop_database_core(HMSHandler.java:1785)
	at org.apache.hadoop.hive.metastore.HMSHandler.drop_database(HMSHandler.java:1869)
	at sun.reflect.GeneratedMethodAccessor73.invoke(Unknown Source)
	at sun.reflect.DelegatingMethodAccessorImpl.invoke(DelegatingMethodAccessorImpl.java:43)
	at java.lang.reflect.Method.invoke(Method.java:498)
	at org.apache.hadoop.hive.metastore.RetryingHMSHandler.invokeInternal(RetryingHMSHandler.java:147)
	at org.apache.hadoop.hive.metastore.RetryingHMSHandler.invoke(RetryingHMSHandler.java:108)
	at com.sun.proxy.$Proxy34.drop_database(Unknown Source)
	at org.apache.hadoop.hive.metastore.api.ThriftHiveMetastore$Processor$drop_database.getResult(ThriftHiveMetastore.java:18285)
	at org.apache.hadoop.hive.metastore.api.ThriftHiveMetastore$Processor$drop_database.getResult(ThriftHiveMetastore.java:18264)
	at org.apache.thrift.ProcessFunction.process(ProcessFunction.java:38)
	at org.apache.hadoop.hive.metastore.TUGIBasedProcessor$1.run(TUGIBasedProcessor.java:111)
	at org.apache.hadoop.hive.metastore.TUGIBasedProcessor$1.run(TUGIBasedProcessor.java:107)
	at java.security.AccessController.doPrivileged(Native Method)
	at javax.security.auth.Subject.doAs(Subject.java:422)
	at org.apache.hadoop.security.UserGroupInformation.doAs(UserGroupInformation.java:1682)
	at org.apache.hadoop.hive.metastore.TUGIBasedProcessor.process(TUGIBasedProcessor.java:119)
	at org.apache.thrift.server.TThreadPoolServer$WorkerProcess.run(TThreadPoolServer.java:248)
	at java.util.concurrent.ThreadPoolExecutor.runWorker(ThreadPoolExecutor.java:1149)
	at java.util.concurrent.ThreadPoolExecutor$Worker.run(ThreadPoolExecutor.java:624)
	at java.lang.Thread.run(Thread.java:750)
NestedThrowablesStackTrace:
java.sql.BatchUpdateException: DELETE on table 'DBS' caused a violation of foreign key constraint 'TBLS_FK1' for key (4).  The statement has been rolled back.
	at org.apache.derby.impl.jdbc.EmbedStatement.executeLargeBatch(Unknown Source)
	at org.apache.derby.impl.jdbc.EmbedStatement.executeBatch(Unknown Source)
	at com.zaxxer.hikari.pool.ProxyStatement.executeBatch(ProxyStatement.java:128)
	at com.zaxxer.hikari.pool.HikariProxyPreparedStatement.executeBatch(HikariProxyPreparedStatement.java)
	at org.datanucleus.store.rdbms.ParamLoggingPreparedStatement.executeBatch(ParamLoggingPreparedStatement.java:366)
	at org.datanucleus.store.rdbms.SQLController.processConnectionStatement(SQLController.java:675)
	at org.datanucleus.store.rdbms.SQLController.processStatementsForConnection(SQLController.java:643)
	at org.datanucleus.store.rdbms.SQLController$1.transactionFlushed(SQLController.java:729)
	at org.datanucleus.store.connection.AbstractManagedConnection.transactionFlushed(AbstractManagedConnection.java:95)
	at org.datanucleus.store.connection.ConnectionManagerImpl$2.transactionFlushed(ConnectionManagerImpl.java:528)
	at org.datanucleus.TransactionImpl.flush(TransactionImpl.java:222)
	at org.datanucleus.ExecutionContextImpl.flushInternal(ExecutionContextImpl.java:4068)
	at org.datanucleus.ExecutionContextThreadedImpl.flushInternal(ExecutionContextThreadedImpl.java:448)
	at org.datanucleus.ExecutionContextImpl.flush(ExecutionContextImpl.java:4009)
	at org.datanucleus.ExecutionContextThreadedImpl.flush(ExecutionContextThreadedImpl.java:434)
	at org.datanucleus.api.jdo.JDOPersistenceManager.flush(JDOPersistenceManager.java:2064)
	at org.apache.hadoop.hive.metastore.ObjectStore.addNotificationEvent(ObjectStore.java:11639)
	at sun.reflect.GeneratedMethodAccessor68.invoke(Unknown Source)
	at sun.reflect.DelegatingMethodAccessorImpl.invoke(DelegatingMethodAccessorImpl.java:43)
	at java.lang.reflect.Method.invoke(Method.java:498)
	at org.apache.hadoop.hive.metastore.RawStoreProxy.invoke(RawStoreProxy.java:97)
	at com.sun.proxy.$Proxy32.addNotificationEvent(Unknown Source)
	at org.apache.hive.hcatalog.listener.DbNotificationListener.process(DbNotificationListener.java:1403)
	at org.apache.hive.hcatalog.listener.DbNotificationListener.onDropDatabase(DbNotificationListener.java:513)
	at org.apache.hadoop.hive.metastore.MetaStoreListenerNotifier$26.notify(MetaStoreListenerNotifier.java:99)
	at org.apache.hadoop.hive.metastore.MetaStoreListenerNotifier.notifyEvent(MetaStoreListenerNotifier.java:339)
	at org.apache.hadoop.hive.metastore.HMSHandler.drop_database_core(HMSHandler.java:1785)
	at org.apache.hadoop.hive.metastore.HMSHandler.drop_database(HMSHandler.java:1869)
	at sun.reflect.GeneratedMethodAccessor73.invoke(Unknown Source)
	at sun.reflect.DelegatingMethodAccessorImpl.invoke(DelegatingMethodAccessorImpl.java:43)
	at java.lang.reflect.Method.invoke(Method.java:498)
	at org.apache.hadoop.hive.metastore.RetryingHMSHandler.invokeInternal(RetryingHMSHandler.java:147)
	at org.apache.hadoop.hive.metastore.RetryingHMSHandler.invoke(RetryingHMSHandler.java:108)
	at com.sun.proxy.$Proxy34.drop_database(Unknown Source)
	at org.apache.hadoop.hive.metastore.api.ThriftHiveMetastore$Processor$drop_database.getResult(ThriftHiveMetastore.java:18285)
	at org.apache.hadoop.hive.metastore.api.ThriftHiveMetastore$Processor$drop_database.getResult(ThriftHiveMetastore.java:18264)
	at org.apache.thrift.ProcessFunction.process(ProcessFunction.java:38)
	at org.apache.hadoop.hive.metastore.TUGIBasedProcessor$1.run(TUGIBasedProcessor.java:111)
	at org.apache.hadoop.hive.metastore.TUGIBasedProcessor$1.run(TUGIBasedProcessor.java:107)
	at java.security.AccessController.doPrivileged(Native Method)
	at javax.security.auth.Subject.doAs(Subject.java:422)
	at org.apache.hadoop.security.UserGroupInformation.doAs(UserGroupInformation.java:1682)
	at org.apache.hadoop.hive.metastore.TUGIBasedProcessor.process(TUGIBasedProcessor.java:119)
	at org.apache.thrift.server.TThreadPoolServer$WorkerProcess.run(TThreadPoolServer.java:248)
	at java.util.concurrent.ThreadPoolExecutor.runWorker(ThreadPoolExecutor.java:1149)
	at java.util.concurrent.ThreadPoolExecutor$Worker.run(ThreadPoolExecutor.java:624)
	at java.lang.Thread.run(Thread.java:750)
Caused by: org.apache.derby.shared.common.error.DerbySQLIntegrityConstraintViolationException: DELETE on table 'DBS' caused a violation of foreign key constraint 'TBLS_FK1' for key (4).  The statement has been rolled back.
	at org.apache.derby.impl.jdbc.SQLExceptionFactory.getSQLException(Unknown Source)
	at org.apache.derby.impl.jdbc.Util.generateCsSQLException(Unknown Source)
	at org.apache.derby.impl.jdbc.TransactionResourceImpl.wrapInSQLException(Unknown Source)
	at org.apache.derby.impl.jdbc.TransactionResourceImpl.handleException(Unknown Source)
	at org.apache.derby.impl.jdbc.EmbedConnection.handleException(Unknown Source)
	at org.apache.derby.impl.jdbc.ConnectionChild.handleException(Unknown Source)
	at org.apache.derby.impl.jdbc.EmbedStatement.executeStatement(Unknown Source)
	at org.apache.derby.impl.jdbc.EmbedPreparedStatement.executeBatchElement(Unknown Source)
	... 47 more
Caused by: ERROR 23503: DELETE on table 'DBS' caused a violation of foreign key constraint 'TBLS_FK1' for key (4).  The statement has been rolled back.
	at org.apache.derby.iapi.error.StandardException.newException(Unknown Source)
	at org.apache.derby.iapi.error.StandardException.newException(Unknown Source)
	at org.apache.derby.impl.sql.execute.ReferencedKeyRIChecker.doCheck(Unknown Source)
	at org.apache.derby.impl.sql.execute.RISetChecker.doPKCheck(Unknown Source)
	at org.apache.derby.impl.sql.execute.DeleteResultSet.collectAffectedRows(Unknown Source)
	at org.apache.derby.impl.sql.execute.DeleteResultSet.open(Unknown Source)
	at org.apache.derby.impl.sql.GenericPreparedStatement.executeStmt(Unknown Source)
	at org.apache.derby.impl.sql.GenericPreparedStatement.execute(Unknown Source)
	... 49 more

2024-04-24T12:22:39,322  INFO [TThreadPoolServer WorkerProcess-%d] HiveMetaStore.audit: ugi=alex	ip=127.0.0.1	cmd=source:127.0.0.1 drop_database: @hive#myDb	
2024-04-24T12:22:39,326  INFO [TThreadPoolServer WorkerProcess-%d] HiveMetaStore.audit: ugi=alex	ip=127.0.0.1	cmd=source:127.0.0.1 get_all_tables: db=@hive#myDb	
2024-04-24T12:22:39,328  INFO [TThreadPoolServer WorkerProcess-%d] HiveMetaStore.audit: ugi=alex	ip=127.0.0.1	cmd=source:127.0.0.1 get_functions: db=@hive#myDb pat=*	
2024-04-24T12:22:39,329  INFO [TThreadPoolServer WorkerProcess-%d] HiveMetaStore.audit: ugi=alex	ip=127.0.0.1	cmd=source:127.0.0.1 get_all_stored_procedures	
2024-04-24T12:22:39,330  INFO [TThreadPoolServer WorkerProcess-%d] HiveMetaStore.audit: ugi=alex	ip=127.0.0.1	cmd=source:127.0.0.1 get_all_packages	
2024-04-24T12:22:39,331  INFO [TThreadPoolServer WorkerProcess-%d] HiveMetaStore.audit: ugi=alex	ip=127.0.0.1	cmd=source:127.0.0.1 getTablesByTypeCore: catName=hive: db=myDb pat=.*,type=MATERIALIZED_VIEW	
2024-04-24T12:22:39,333  INFO [TThreadPoolServer WorkerProcess-%d] metastore.ObjectStore: Dropping database hive.myDb along with all tables
2024-04-24T12:22:39,337 ERROR [TThreadPoolServer WorkerProcess-%d] metastore.RetryingHMSHandler: Retrying HMSHandler after 2000 ms (attempt 8 of 10) with error: javax.jdo.JDODataStoreException: Exception thrown flushing changes to datastore
	at org.datanucleus.api.jdo.NucleusJDOHelper.getJDOExceptionForNucleusException(NucleusJDOHelper.java:542)
	at org.datanucleus.api.jdo.JDOPersistenceManager.flush(JDOPersistenceManager.java:2081)
	at org.apache.hadoop.hive.metastore.ObjectStore.addNotificationEvent(ObjectStore.java:11639)
	at sun.reflect.GeneratedMethodAccessor68.invoke(Unknown Source)
	at sun.reflect.DelegatingMethodAccessorImpl.invoke(DelegatingMethodAccessorImpl.java:43)
	at java.lang.reflect.Method.invoke(Method.java:498)
	at org.apache.hadoop.hive.metastore.RawStoreProxy.invoke(RawStoreProxy.java:97)
	at com.sun.proxy.$Proxy32.addNotificationEvent(Unknown Source)
	at org.apache.hive.hcatalog.listener.DbNotificationListener.process(DbNotificationListener.java:1403)
	at org.apache.hive.hcatalog.listener.DbNotificationListener.onDropDatabase(DbNotificationListener.java:513)
	at org.apache.hadoop.hive.metastore.MetaStoreListenerNotifier$26.notify(MetaStoreListenerNotifier.java:99)
	at org.apache.hadoop.hive.metastore.MetaStoreListenerNotifier.notifyEvent(MetaStoreListenerNotifier.java:339)
	at org.apache.hadoop.hive.metastore.HMSHandler.drop_database_core(HMSHandler.java:1785)
	at org.apache.hadoop.hive.metastore.HMSHandler.drop_database(HMSHandler.java:1869)
	at sun.reflect.GeneratedMethodAccessor73.invoke(Unknown Source)
	at sun.reflect.DelegatingMethodAccessorImpl.invoke(DelegatingMethodAccessorImpl.java:43)
	at java.lang.reflect.Method.invoke(Method.java:498)
	at org.apache.hadoop.hive.metastore.RetryingHMSHandler.invokeInternal(RetryingHMSHandler.java:147)
	at org.apache.hadoop.hive.metastore.RetryingHMSHandler.invoke(RetryingHMSHandler.java:108)
	at com.sun.proxy.$Proxy34.drop_database(Unknown Source)
	at org.apache.hadoop.hive.metastore.api.ThriftHiveMetastore$Processor$drop_database.getResult(ThriftHiveMetastore.java:18285)
	at org.apache.hadoop.hive.metastore.api.ThriftHiveMetastore$Processor$drop_database.getResult(ThriftHiveMetastore.java:18264)
	at org.apache.thrift.ProcessFunction.process(ProcessFunction.java:38)
	at org.apache.hadoop.hive.metastore.TUGIBasedProcessor$1.run(TUGIBasedProcessor.java:111)
	at org.apache.hadoop.hive.metastore.TUGIBasedProcessor$1.run(TUGIBasedProcessor.java:107)
	at java.security.AccessController.doPrivileged(Native Method)
	at javax.security.auth.Subject.doAs(Subject.java:422)
	at org.apache.hadoop.security.UserGroupInformation.doAs(UserGroupInformation.java:1682)
	at org.apache.hadoop.hive.metastore.TUGIBasedProcessor.process(TUGIBasedProcessor.java:119)
	at org.apache.thrift.server.TThreadPoolServer$WorkerProcess.run(TThreadPoolServer.java:248)
	at java.util.concurrent.ThreadPoolExecutor.runWorker(ThreadPoolExecutor.java:1149)
	at java.util.concurrent.ThreadPoolExecutor$Worker.run(ThreadPoolExecutor.java:624)
	at java.lang.Thread.run(Thread.java:750)
NestedThrowablesStackTrace:
java.sql.BatchUpdateException: DELETE on table 'DBS' caused a violation of foreign key constraint 'TBLS_FK1' for key (4).  The statement has been rolled back.
	at org.apache.derby.impl.jdbc.EmbedStatement.executeLargeBatch(Unknown Source)
	at org.apache.derby.impl.jdbc.EmbedStatement.executeBatch(Unknown Source)
	at com.zaxxer.hikari.pool.ProxyStatement.executeBatch(ProxyStatement.java:128)
	at com.zaxxer.hikari.pool.HikariProxyPreparedStatement.executeBatch(HikariProxyPreparedStatement.java)
	at org.datanucleus.store.rdbms.ParamLoggingPreparedStatement.executeBatch(ParamLoggingPreparedStatement.java:366)
	at org.datanucleus.store.rdbms.SQLController.processConnectionStatement(SQLController.java:675)
	at org.datanucleus.store.rdbms.SQLController.processStatementsForConnection(SQLController.java:643)
	at org.datanucleus.store.rdbms.SQLController$1.transactionFlushed(SQLController.java:729)
	at org.datanucleus.store.connection.AbstractManagedConnection.transactionFlushed(AbstractManagedConnection.java:95)
	at org.datanucleus.store.connection.ConnectionManagerImpl$2.transactionFlushed(ConnectionManagerImpl.java:528)
	at org.datanucleus.TransactionImpl.flush(TransactionImpl.java:222)
	at org.datanucleus.ExecutionContextImpl.flushInternal(ExecutionContextImpl.java:4068)
	at org.datanucleus.ExecutionContextThreadedImpl.flushInternal(ExecutionContextThreadedImpl.java:448)
	at org.datanucleus.ExecutionContextImpl.flush(ExecutionContextImpl.java:4009)
	at org.datanucleus.ExecutionContextThreadedImpl.flush(ExecutionContextThreadedImpl.java:434)
	at org.datanucleus.api.jdo.JDOPersistenceManager.flush(JDOPersistenceManager.java:2064)
	at org.apache.hadoop.hive.metastore.ObjectStore.addNotificationEvent(ObjectStore.java:11639)
	at sun.reflect.GeneratedMethodAccessor68.invoke(Unknown Source)
	at sun.reflect.DelegatingMethodAccessorImpl.invoke(DelegatingMethodAccessorImpl.java:43)
	at java.lang.reflect.Method.invoke(Method.java:498)
	at org.apache.hadoop.hive.metastore.RawStoreProxy.invoke(RawStoreProxy.java:97)
	at com.sun.proxy.$Proxy32.addNotificationEvent(Unknown Source)
	at org.apache.hive.hcatalog.listener.DbNotificationListener.process(DbNotificationListener.java:1403)
	at org.apache.hive.hcatalog.listener.DbNotificationListener.onDropDatabase(DbNotificationListener.java:513)
	at org.apache.hadoop.hive.metastore.MetaStoreListenerNotifier$26.notify(MetaStoreListenerNotifier.java:99)
	at org.apache.hadoop.hive.metastore.MetaStoreListenerNotifier.notifyEvent(MetaStoreListenerNotifier.java:339)
	at org.apache.hadoop.hive.metastore.HMSHandler.drop_database_core(HMSHandler.java:1785)
	at org.apache.hadoop.hive.metastore.HMSHandler.drop_database(HMSHandler.java:1869)
	at sun.reflect.GeneratedMethodAccessor73.invoke(Unknown Source)
	at sun.reflect.DelegatingMethodAccessorImpl.invoke(DelegatingMethodAccessorImpl.java:43)
	at java.lang.reflect.Method.invoke(Method.java:498)
	at org.apache.hadoop.hive.metastore.RetryingHMSHandler.invokeInternal(RetryingHMSHandler.java:147)
	at org.apache.hadoop.hive.metastore.RetryingHMSHandler.invoke(RetryingHMSHandler.java:108)
	at com.sun.proxy.$Proxy34.drop_database(Unknown Source)
	at org.apache.hadoop.hive.metastore.api.ThriftHiveMetastore$Processor$drop_database.getResult(ThriftHiveMetastore.java:18285)
	at org.apache.hadoop.hive.metastore.api.ThriftHiveMetastore$Processor$drop_database.getResult(ThriftHiveMetastore.java:18264)
	at org.apache.thrift.ProcessFunction.process(ProcessFunction.java:38)
	at org.apache.hadoop.hive.metastore.TUGIBasedProcessor$1.run(TUGIBasedProcessor.java:111)
	at org.apache.hadoop.hive.metastore.TUGIBasedProcessor$1.run(TUGIBasedProcessor.java:107)
	at java.security.AccessController.doPrivileged(Native Method)
	at javax.security.auth.Subject.doAs(Subject.java:422)
	at org.apache.hadoop.security.UserGroupInformation.doAs(UserGroupInformation.java:1682)
	at org.apache.hadoop.hive.metastore.TUGIBasedProcessor.process(TUGIBasedProcessor.java:119)
	at org.apache.thrift.server.TThreadPoolServer$WorkerProcess.run(TThreadPoolServer.java:248)
	at java.util.concurrent.ThreadPoolExecutor.runWorker(ThreadPoolExecutor.java:1149)
	at java.util.concurrent.ThreadPoolExecutor$Worker.run(ThreadPoolExecutor.java:624)
	at java.lang.Thread.run(Thread.java:750)
Caused by: org.apache.derby.shared.common.error.DerbySQLIntegrityConstraintViolationException: DELETE on table 'DBS' caused a violation of foreign key constraint 'TBLS_FK1' for key (4).  The statement has been rolled back.
	at org.apache.derby.impl.jdbc.SQLExceptionFactory.getSQLException(Unknown Source)
	at org.apache.derby.impl.jdbc.Util.generateCsSQLException(Unknown Source)
	at org.apache.derby.impl.jdbc.TransactionResourceImpl.wrapInSQLException(Unknown Source)
	at org.apache.derby.impl.jdbc.TransactionResourceImpl.handleException(Unknown Source)
	at org.apache.derby.impl.jdbc.EmbedConnection.handleException(Unknown Source)
	at org.apache.derby.impl.jdbc.ConnectionChild.handleException(Unknown Source)
	at org.apache.derby.impl.jdbc.EmbedStatement.executeStatement(Unknown Source)
	at org.apache.derby.impl.jdbc.EmbedPreparedStatement.executeBatchElement(Unknown Source)
	... 47 more
Caused by: ERROR 23503: DELETE on table 'DBS' caused a violation of foreign key constraint 'TBLS_FK1' for key (4).  The statement has been rolled back.
	at org.apache.derby.iapi.error.StandardException.newException(Unknown Source)
	at org.apache.derby.iapi.error.StandardException.newException(Unknown Source)
	at org.apache.derby.impl.sql.execute.ReferencedKeyRIChecker.doCheck(Unknown Source)
	at org.apache.derby.impl.sql.execute.RISetChecker.doPKCheck(Unknown Source)
	at org.apache.derby.impl.sql.execute.DeleteResultSet.collectAffectedRows(Unknown Source)
	at org.apache.derby.impl.sql.execute.DeleteResultSet.open(Unknown Source)
	at org.apache.derby.impl.sql.GenericPreparedStatement.executeStmt(Unknown Source)
	at org.apache.derby.impl.sql.GenericPreparedStatement.execute(Unknown Source)
	... 49 more

2024-04-24T12:22:41,338  INFO [TThreadPoolServer WorkerProcess-%d] HiveMetaStore.audit: ugi=alex	ip=127.0.0.1	cmd=source:127.0.0.1 drop_database: @hive#myDb	
2024-04-24T12:22:41,342  INFO [TThreadPoolServer WorkerProcess-%d] HiveMetaStore.audit: ugi=alex	ip=127.0.0.1	cmd=source:127.0.0.1 get_all_tables: db=@hive#myDb	
2024-04-24T12:22:41,343  INFO [TThreadPoolServer WorkerProcess-%d] HiveMetaStore.audit: ugi=alex	ip=127.0.0.1	cmd=source:127.0.0.1 get_functions: db=@hive#myDb pat=*	
2024-04-24T12:22:41,344  INFO [TThreadPoolServer WorkerProcess-%d] HiveMetaStore.audit: ugi=alex	ip=127.0.0.1	cmd=source:127.0.0.1 get_all_stored_procedures	
2024-04-24T12:22:41,345  INFO [TThreadPoolServer WorkerProcess-%d] HiveMetaStore.audit: ugi=alex	ip=127.0.0.1	cmd=source:127.0.0.1 get_all_packages	
2024-04-24T12:22:41,346  INFO [TThreadPoolServer WorkerProcess-%d] HiveMetaStore.audit: ugi=alex	ip=127.0.0.1	cmd=source:127.0.0.1 getTablesByTypeCore: catName=hive: db=myDb pat=.*,type=MATERIALIZED_VIEW	
2024-04-24T12:22:41,349  INFO [TThreadPoolServer WorkerProcess-%d] metastore.ObjectStore: Dropping database hive.myDb along with all tables
2024-04-24T12:22:41,352 ERROR [TThreadPoolServer WorkerProcess-%d] metastore.RetryingHMSHandler: Retrying HMSHandler after 2000 ms (attempt 9 of 10) with error: javax.jdo.JDODataStoreException: Exception thrown flushing changes to datastore
	at org.datanucleus.api.jdo.NucleusJDOHelper.getJDOExceptionForNucleusException(NucleusJDOHelper.java:542)
	at org.datanucleus.api.jdo.JDOPersistenceManager.flush(JDOPersistenceManager.java:2081)
	at org.apache.hadoop.hive.metastore.ObjectStore.addNotificationEvent(ObjectStore.java:11639)
	at sun.reflect.GeneratedMethodAccessor68.invoke(Unknown Source)
	at sun.reflect.DelegatingMethodAccessorImpl.invoke(DelegatingMethodAccessorImpl.java:43)
	at java.lang.reflect.Method.invoke(Method.java:498)
	at org.apache.hadoop.hive.metastore.RawStoreProxy.invoke(RawStoreProxy.java:97)
	at com.sun.proxy.$Proxy32.addNotificationEvent(Unknown Source)
	at org.apache.hive.hcatalog.listener.DbNotificationListener.process(DbNotificationListener.java:1403)
	at org.apache.hive.hcatalog.listener.DbNotificationListener.onDropDatabase(DbNotificationListener.java:513)
	at org.apache.hadoop.hive.metastore.MetaStoreListenerNotifier$26.notify(MetaStoreListenerNotifier.java:99)
	at org.apache.hadoop.hive.metastore.MetaStoreListenerNotifier.notifyEvent(MetaStoreListenerNotifier.java:339)
	at org.apache.hadoop.hive.metastore.HMSHandler.drop_database_core(HMSHandler.java:1785)
	at org.apache.hadoop.hive.metastore.HMSHandler.drop_database(HMSHandler.java:1869)
	at sun.reflect.GeneratedMethodAccessor73.invoke(Unknown Source)
	at sun.reflect.DelegatingMethodAccessorImpl.invoke(DelegatingMethodAccessorImpl.java:43)
	at java.lang.reflect.Method.invoke(Method.java:498)
	at org.apache.hadoop.hive.metastore.RetryingHMSHandler.invokeInternal(RetryingHMSHandler.java:147)
	at org.apache.hadoop.hive.metastore.RetryingHMSHandler.invoke(RetryingHMSHandler.java:108)
	at com.sun.proxy.$Proxy34.drop_database(Unknown Source)
	at org.apache.hadoop.hive.metastore.api.ThriftHiveMetastore$Processor$drop_database.getResult(ThriftHiveMetastore.java:18285)
	at org.apache.hadoop.hive.metastore.api.ThriftHiveMetastore$Processor$drop_database.getResult(ThriftHiveMetastore.java:18264)
	at org.apache.thrift.ProcessFunction.process(ProcessFunction.java:38)
	at org.apache.hadoop.hive.metastore.TUGIBasedProcessor$1.run(TUGIBasedProcessor.java:111)
	at org.apache.hadoop.hive.metastore.TUGIBasedProcessor$1.run(TUGIBasedProcessor.java:107)
	at java.security.AccessController.doPrivileged(Native Method)
	at javax.security.auth.Subject.doAs(Subject.java:422)
	at org.apache.hadoop.security.UserGroupInformation.doAs(UserGroupInformation.java:1682)
	at org.apache.hadoop.hive.metastore.TUGIBasedProcessor.process(TUGIBasedProcessor.java:119)
	at org.apache.thrift.server.TThreadPoolServer$WorkerProcess.run(TThreadPoolServer.java:248)
	at java.util.concurrent.ThreadPoolExecutor.runWorker(ThreadPoolExecutor.java:1149)
	at java.util.concurrent.ThreadPoolExecutor$Worker.run(ThreadPoolExecutor.java:624)
	at java.lang.Thread.run(Thread.java:750)
NestedThrowablesStackTrace:
java.sql.BatchUpdateException: DELETE on table 'DBS' caused a violation of foreign key constraint 'TBLS_FK1' for key (4).  The statement has been rolled back.
	at org.apache.derby.impl.jdbc.EmbedStatement.executeLargeBatch(Unknown Source)
	at org.apache.derby.impl.jdbc.EmbedStatement.executeBatch(Unknown Source)
	at com.zaxxer.hikari.pool.ProxyStatement.executeBatch(ProxyStatement.java:128)
	at com.zaxxer.hikari.pool.HikariProxyPreparedStatement.executeBatch(HikariProxyPreparedStatement.java)
	at org.datanucleus.store.rdbms.ParamLoggingPreparedStatement.executeBatch(ParamLoggingPreparedStatement.java:366)
	at org.datanucleus.store.rdbms.SQLController.processConnectionStatement(SQLController.java:675)
	at org.datanucleus.store.rdbms.SQLController.processStatementsForConnection(SQLController.java:643)
	at org.datanucleus.store.rdbms.SQLController$1.transactionFlushed(SQLController.java:729)
	at org.datanucleus.store.connection.AbstractManagedConnection.transactionFlushed(AbstractManagedConnection.java:95)
	at org.datanucleus.store.connection.ConnectionManagerImpl$2.transactionFlushed(ConnectionManagerImpl.java:528)
	at org.datanucleus.TransactionImpl.flush(TransactionImpl.java:222)
	at org.datanucleus.ExecutionContextImpl.flushInternal(ExecutionContextImpl.java:4068)
	at org.datanucleus.ExecutionContextThreadedImpl.flushInternal(ExecutionContextThreadedImpl.java:448)
	at org.datanucleus.ExecutionContextImpl.flush(ExecutionContextImpl.java:4009)
	at org.datanucleus.ExecutionContextThreadedImpl.flush(ExecutionContextThreadedImpl.java:434)
	at org.datanucleus.api.jdo.JDOPersistenceManager.flush(JDOPersistenceManager.java:2064)
	at org.apache.hadoop.hive.metastore.ObjectStore.addNotificationEvent(ObjectStore.java:11639)
	at sun.reflect.GeneratedMethodAccessor68.invoke(Unknown Source)
	at sun.reflect.DelegatingMethodAccessorImpl.invoke(DelegatingMethodAccessorImpl.java:43)
	at java.lang.reflect.Method.invoke(Method.java:498)
	at org.apache.hadoop.hive.metastore.RawStoreProxy.invoke(RawStoreProxy.java:97)
	at com.sun.proxy.$Proxy32.addNotificationEvent(Unknown Source)
	at org.apache.hive.hcatalog.listener.DbNotificationListener.process(DbNotificationListener.java:1403)
	at org.apache.hive.hcatalog.listener.DbNotificationListener.onDropDatabase(DbNotificationListener.java:513)
	at org.apache.hadoop.hive.metastore.MetaStoreListenerNotifier$26.notify(MetaStoreListenerNotifier.java:99)
	at org.apache.hadoop.hive.metastore.MetaStoreListenerNotifier.notifyEvent(MetaStoreListenerNotifier.java:339)
	at org.apache.hadoop.hive.metastore.HMSHandler.drop_database_core(HMSHandler.java:1785)
	at org.apache.hadoop.hive.metastore.HMSHandler.drop_database(HMSHandler.java:1869)
	at sun.reflect.GeneratedMethodAccessor73.invoke(Unknown Source)
	at sun.reflect.DelegatingMethodAccessorImpl.invoke(DelegatingMethodAccessorImpl.java:43)
	at java.lang.reflect.Method.invoke(Method.java:498)
	at org.apache.hadoop.hive.metastore.RetryingHMSHandler.invokeInternal(RetryingHMSHandler.java:147)
	at org.apache.hadoop.hive.metastore.RetryingHMSHandler.invoke(RetryingHMSHandler.java:108)
	at com.sun.proxy.$Proxy34.drop_database(Unknown Source)
	at org.apache.hadoop.hive.metastore.api.ThriftHiveMetastore$Processor$drop_database.getResult(ThriftHiveMetastore.java:18285)
	at org.apache.hadoop.hive.metastore.api.ThriftHiveMetastore$Processor$drop_database.getResult(ThriftHiveMetastore.java:18264)
	at org.apache.thrift.ProcessFunction.process(ProcessFunction.java:38)
	at org.apache.hadoop.hive.metastore.TUGIBasedProcessor$1.run(TUGIBasedProcessor.java:111)
	at org.apache.hadoop.hive.metastore.TUGIBasedProcessor$1.run(TUGIBasedProcessor.java:107)
	at java.security.AccessController.doPrivileged(Native Method)
	at javax.security.auth.Subject.doAs(Subject.java:422)
	at org.apache.hadoop.security.UserGroupInformation.doAs(UserGroupInformation.java:1682)
	at org.apache.hadoop.hive.metastore.TUGIBasedProcessor.process(TUGIBasedProcessor.java:119)
	at org.apache.thrift.server.TThreadPoolServer$WorkerProcess.run(TThreadPoolServer.java:248)
	at java.util.concurrent.ThreadPoolExecutor.runWorker(ThreadPoolExecutor.java:1149)
	at java.util.concurrent.ThreadPoolExecutor$Worker.run(ThreadPoolExecutor.java:624)
	at java.lang.Thread.run(Thread.java:750)
Caused by: org.apache.derby.shared.common.error.DerbySQLIntegrityConstraintViolationException: DELETE on table 'DBS' caused a violation of foreign key constraint 'TBLS_FK1' for key (4).  The statement has been rolled back.
	at org.apache.derby.impl.jdbc.SQLExceptionFactory.getSQLException(Unknown Source)
	at org.apache.derby.impl.jdbc.Util.generateCsSQLException(Unknown Source)
	at org.apache.derby.impl.jdbc.TransactionResourceImpl.wrapInSQLException(Unknown Source)
	at org.apache.derby.impl.jdbc.TransactionResourceImpl.handleException(Unknown Source)
	at org.apache.derby.impl.jdbc.EmbedConnection.handleException(Unknown Source)
	at org.apache.derby.impl.jdbc.ConnectionChild.handleException(Unknown Source)
	at org.apache.derby.impl.jdbc.EmbedStatement.executeStatement(Unknown Source)
	at org.apache.derby.impl.jdbc.EmbedPreparedStatement.executeBatchElement(Unknown Source)
	... 47 more
Caused by: ERROR 23503: DELETE on table 'DBS' caused a violation of foreign key constraint 'TBLS_FK1' for key (4).  The statement has been rolled back.
	at org.apache.derby.iapi.error.StandardException.newException(Unknown Source)
	at org.apache.derby.iapi.error.StandardException.newException(Unknown Source)
	at org.apache.derby.impl.sql.execute.ReferencedKeyRIChecker.doCheck(Unknown Source)
	at org.apache.derby.impl.sql.execute.RISetChecker.doPKCheck(Unknown Source)
	at org.apache.derby.impl.sql.execute.DeleteResultSet.collectAffectedRows(Unknown Source)
	at org.apache.derby.impl.sql.execute.DeleteResultSet.open(Unknown Source)
	at org.apache.derby.impl.sql.GenericPreparedStatement.executeStmt(Unknown Source)
	at org.apache.derby.impl.sql.GenericPreparedStatement.execute(Unknown Source)
	... 49 more

2024-04-24T12:22:43,353  INFO [TThreadPoolServer WorkerProcess-%d] HiveMetaStore.audit: ugi=alex	ip=127.0.0.1	cmd=source:127.0.0.1 drop_database: @hive#myDb	
2024-04-24T12:22:43,357  INFO [TThreadPoolServer WorkerProcess-%d] HiveMetaStore.audit: ugi=alex	ip=127.0.0.1	cmd=source:127.0.0.1 get_all_tables: db=@hive#myDb	
2024-04-24T12:22:43,358  INFO [TThreadPoolServer WorkerProcess-%d] HiveMetaStore.audit: ugi=alex	ip=127.0.0.1	cmd=source:127.0.0.1 get_functions: db=@hive#myDb pat=*	
2024-04-24T12:22:43,359  INFO [TThreadPoolServer WorkerProcess-%d] HiveMetaStore.audit: ugi=alex	ip=127.0.0.1	cmd=source:127.0.0.1 get_all_stored_procedures	
2024-04-24T12:22:43,360  INFO [TThreadPoolServer WorkerProcess-%d] HiveMetaStore.audit: ugi=alex	ip=127.0.0.1	cmd=source:127.0.0.1 get_all_packages	
2024-04-24T12:22:43,361  INFO [TThreadPoolServer WorkerProcess-%d] HiveMetaStore.audit: ugi=alex	ip=127.0.0.1	cmd=source:127.0.0.1 getTablesByTypeCore: catName=hive: db=myDb pat=.*,type=MATERIALIZED_VIEW	
2024-04-24T12:22:43,364  INFO [TThreadPoolServer WorkerProcess-%d] metastore.ObjectStore: Dropping database hive.myDb along with all tables
2024-04-24T12:22:43,368 ERROR [TThreadPoolServer WorkerProcess-%d] metastore.RetryingHMSHandler: Retrying HMSHandler after 2000 ms (attempt 10 of 10) with error: javax.jdo.JDODataStoreException: Exception thrown flushing changes to datastore
	at org.datanucleus.api.jdo.NucleusJDOHelper.getJDOExceptionForNucleusException(NucleusJDOHelper.java:542)
	at org.datanucleus.api.jdo.JDOPersistenceManager.flush(JDOPersistenceManager.java:2081)
	at org.apache.hadoop.hive.metastore.ObjectStore.addNotificationEvent(ObjectStore.java:11639)
	at sun.reflect.GeneratedMethodAccessor68.invoke(Unknown Source)
	at sun.reflect.DelegatingMethodAccessorImpl.invoke(DelegatingMethodAccessorImpl.java:43)
	at java.lang.reflect.Method.invoke(Method.java:498)
	at org.apache.hadoop.hive.metastore.RawStoreProxy.invoke(RawStoreProxy.java:97)
	at com.sun.proxy.$Proxy32.addNotificationEvent(Unknown Source)
	at org.apache.hive.hcatalog.listener.DbNotificationListener.process(DbNotificationListener.java:1403)
	at org.apache.hive.hcatalog.listener.DbNotificationListener.onDropDatabase(DbNotificationListener.java:513)
	at org.apache.hadoop.hive.metastore.MetaStoreListenerNotifier$26.notify(MetaStoreListenerNotifier.java:99)
	at org.apache.hadoop.hive.metastore.MetaStoreListenerNotifier.notifyEvent(MetaStoreListenerNotifier.java:339)
	at org.apache.hadoop.hive.metastore.HMSHandler.drop_database_core(HMSHandler.java:1785)
	at org.apache.hadoop.hive.metastore.HMSHandler.drop_database(HMSHandler.java:1869)
	at sun.reflect.GeneratedMethodAccessor73.invoke(Unknown Source)
	at sun.reflect.DelegatingMethodAccessorImpl.invoke(DelegatingMethodAccessorImpl.java:43)
	at java.lang.reflect.Method.invoke(Method.java:498)
	at org.apache.hadoop.hive.metastore.RetryingHMSHandler.invokeInternal(RetryingHMSHandler.java:147)
	at org.apache.hadoop.hive.metastore.RetryingHMSHandler.invoke(RetryingHMSHandler.java:108)
	at com.sun.proxy.$Proxy34.drop_database(Unknown Source)
	at org.apache.hadoop.hive.metastore.api.ThriftHiveMetastore$Processor$drop_database.getResult(ThriftHiveMetastore.java:18285)
	at org.apache.hadoop.hive.metastore.api.ThriftHiveMetastore$Processor$drop_database.getResult(ThriftHiveMetastore.java:18264)
	at org.apache.thrift.ProcessFunction.process(ProcessFunction.java:38)
	at org.apache.hadoop.hive.metastore.TUGIBasedProcessor$1.run(TUGIBasedProcessor.java:111)
	at org.apache.hadoop.hive.metastore.TUGIBasedProcessor$1.run(TUGIBasedProcessor.java:107)
	at java.security.AccessController.doPrivileged(Native Method)
	at javax.security.auth.Subject.doAs(Subject.java:422)
	at org.apache.hadoop.security.UserGroupInformation.doAs(UserGroupInformation.java:1682)
	at org.apache.hadoop.hive.metastore.TUGIBasedProcessor.process(TUGIBasedProcessor.java:119)
	at org.apache.thrift.server.TThreadPoolServer$WorkerProcess.run(TThreadPoolServer.java:248)
	at java.util.concurrent.ThreadPoolExecutor.runWorker(ThreadPoolExecutor.java:1149)
	at java.util.concurrent.ThreadPoolExecutor$Worker.run(ThreadPoolExecutor.java:624)
	at java.lang.Thread.run(Thread.java:750)
NestedThrowablesStackTrace:
java.sql.BatchUpdateException: DELETE on table 'DBS' caused a violation of foreign key constraint 'TBLS_FK1' for key (4).  The statement has been rolled back.
	at org.apache.derby.impl.jdbc.EmbedStatement.executeLargeBatch(Unknown Source)
	at org.apache.derby.impl.jdbc.EmbedStatement.executeBatch(Unknown Source)
	at com.zaxxer.hikari.pool.ProxyStatement.executeBatch(ProxyStatement.java:128)
	at com.zaxxer.hikari.pool.HikariProxyPreparedStatement.executeBatch(HikariProxyPreparedStatement.java)
	at org.datanucleus.store.rdbms.ParamLoggingPreparedStatement.executeBatch(ParamLoggingPreparedStatement.java:366)
	at org.datanucleus.store.rdbms.SQLController.processConnectionStatement(SQLController.java:675)
	at org.datanucleus.store.rdbms.SQLController.processStatementsForConnection(SQLController.java:643)
	at org.datanucleus.store.rdbms.SQLController$1.transactionFlushed(SQLController.java:729)
	at org.datanucleus.store.connection.AbstractManagedConnection.transactionFlushed(AbstractManagedConnection.java:95)
	at org.datanucleus.store.connection.ConnectionManagerImpl$2.transactionFlushed(ConnectionManagerImpl.java:528)
	at org.datanucleus.TransactionImpl.flush(TransactionImpl.java:222)
	at org.datanucleus.ExecutionContextImpl.flushInternal(ExecutionContextImpl.java:4068)
	at org.datanucleus.ExecutionContextThreadedImpl.flushInternal(ExecutionContextThreadedImpl.java:448)
	at org.datanucleus.ExecutionContextImpl.flush(ExecutionContextImpl.java:4009)
	at org.datanucleus.ExecutionContextThreadedImpl.flush(ExecutionContextThreadedImpl.java:434)
	at org.datanucleus.api.jdo.JDOPersistenceManager.flush(JDOPersistenceManager.java:2064)
	at org.apache.hadoop.hive.metastore.ObjectStore.addNotificationEvent(ObjectStore.java:11639)
	at sun.reflect.GeneratedMethodAccessor68.invoke(Unknown Source)
	at sun.reflect.DelegatingMethodAccessorImpl.invoke(DelegatingMethodAccessorImpl.java:43)
	at java.lang.reflect.Method.invoke(Method.java:498)
	at org.apache.hadoop.hive.metastore.RawStoreProxy.invoke(RawStoreProxy.java:97)
	at com.sun.proxy.$Proxy32.addNotificationEvent(Unknown Source)
	at org.apache.hive.hcatalog.listener.DbNotificationListener.process(DbNotificationListener.java:1403)
	at org.apache.hive.hcatalog.listener.DbNotificationListener.onDropDatabase(DbNotificationListener.java:513)
	at org.apache.hadoop.hive.metastore.MetaStoreListenerNotifier$26.notify(MetaStoreListenerNotifier.java:99)
	at org.apache.hadoop.hive.metastore.MetaStoreListenerNotifier.notifyEvent(MetaStoreListenerNotifier.java:339)
	at org.apache.hadoop.hive.metastore.HMSHandler.drop_database_core(HMSHandler.java:1785)
	at org.apache.hadoop.hive.metastore.HMSHandler.drop_database(HMSHandler.java:1869)
	at sun.reflect.GeneratedMethodAccessor73.invoke(Unknown Source)
	at sun.reflect.DelegatingMethodAccessorImpl.invoke(DelegatingMethodAccessorImpl.java:43)
	at java.lang.reflect.Method.invoke(Method.java:498)
	at org.apache.hadoop.hive.metastore.RetryingHMSHandler.invokeInternal(RetryingHMSHandler.java:147)
	at org.apache.hadoop.hive.metastore.RetryingHMSHandler.invoke(RetryingHMSHandler.java:108)
	at com.sun.proxy.$Proxy34.drop_database(Unknown Source)
	at org.apache.hadoop.hive.metastore.api.ThriftHiveMetastore$Processor$drop_database.getResult(ThriftHiveMetastore.java:18285)
	at org.apache.hadoop.hive.metastore.api.ThriftHiveMetastore$Processor$drop_database.getResult(ThriftHiveMetastore.java:18264)
	at org.apache.thrift.ProcessFunction.process(ProcessFunction.java:38)
	at org.apache.hadoop.hive.metastore.TUGIBasedProcessor$1.run(TUGIBasedProcessor.java:111)
	at org.apache.hadoop.hive.metastore.TUGIBasedProcessor$1.run(TUGIBasedProcessor.java:107)
	at java.security.AccessController.doPrivileged(Native Method)
	at javax.security.auth.Subject.doAs(Subject.java:422)
	at org.apache.hadoop.security.UserGroupInformation.doAs(UserGroupInformation.java:1682)
	at org.apache.hadoop.hive.metastore.TUGIBasedProcessor.process(TUGIBasedProcessor.java:119)
	at org.apache.thrift.server.TThreadPoolServer$WorkerProcess.run(TThreadPoolServer.java:248)
	at java.util.concurrent.ThreadPoolExecutor.runWorker(ThreadPoolExecutor.java:1149)
	at java.util.concurrent.ThreadPoolExecutor$Worker.run(ThreadPoolExecutor.java:624)
	at java.lang.Thread.run(Thread.java:750)
Caused by: org.apache.derby.shared.common.error.DerbySQLIntegrityConstraintViolationException: DELETE on table 'DBS' caused a violation of foreign key constraint 'TBLS_FK1' for key (4).  The statement has been rolled back.
	at org.apache.derby.impl.jdbc.SQLExceptionFactory.getSQLException(Unknown Source)
	at org.apache.derby.impl.jdbc.Util.generateCsSQLException(Unknown Source)
	at org.apache.derby.impl.jdbc.TransactionResourceImpl.wrapInSQLException(Unknown Source)
	at org.apache.derby.impl.jdbc.TransactionResourceImpl.handleException(Unknown Source)
	at org.apache.derby.impl.jdbc.EmbedConnection.handleException(Unknown Source)
	at org.apache.derby.impl.jdbc.ConnectionChild.handleException(Unknown Source)
	at org.apache.derby.impl.jdbc.EmbedStatement.executeStatement(Unknown Source)
	at org.apache.derby.impl.jdbc.EmbedPreparedStatement.executeBatchElement(Unknown Source)
	... 47 more
Caused by: ERROR 23503: DELETE on table 'DBS' caused a violation of foreign key constraint 'TBLS_FK1' for key (4).  The statement has been rolled back.
	at org.apache.derby.iapi.error.StandardException.newException(Unknown Source)
	at org.apache.derby.iapi.error.StandardException.newException(Unknown Source)
	at org.apache.derby.impl.sql.execute.ReferencedKeyRIChecker.doCheck(Unknown Source)
	at org.apache.derby.impl.sql.execute.RISetChecker.doPKCheck(Unknown Source)
	at org.apache.derby.impl.sql.execute.DeleteResultSet.collectAffectedRows(Unknown Source)
	at org.apache.derby.impl.sql.execute.DeleteResultSet.open(Unknown Source)
	at org.apache.derby.impl.sql.GenericPreparedStatement.executeStmt(Unknown Source)
	at org.apache.derby.impl.sql.GenericPreparedStatement.execute(Unknown Source)
	... 49 more

2024-04-24T12:22:45,369  INFO [TThreadPoolServer WorkerProcess-%d] HiveMetaStore.audit: ugi=alex	ip=127.0.0.1	cmd=source:127.0.0.1 drop_database: @hive#myDb	
2024-04-24T12:22:45,373  INFO [TThreadPoolServer WorkerProcess-%d] HiveMetaStore.audit: ugi=alex	ip=127.0.0.1	cmd=source:127.0.0.1 get_all_tables: db=@hive#myDb	
2024-04-24T12:22:45,375  INFO [TThreadPoolServer WorkerProcess-%d] HiveMetaStore.audit: ugi=alex	ip=127.0.0.1	cmd=source:127.0.0.1 get_functions: db=@hive#myDb pat=*	
2024-04-24T12:22:45,376  INFO [TThreadPoolServer WorkerProcess-%d] HiveMetaStore.audit: ugi=alex	ip=127.0.0.1	cmd=source:127.0.0.1 get_all_stored_procedures	
2024-04-24T12:22:45,377  INFO [TThreadPoolServer WorkerProcess-%d] HiveMetaStore.audit: ugi=alex	ip=127.0.0.1	cmd=source:127.0.0.1 get_all_packages	
2024-04-24T12:22:45,378  INFO [TThreadPoolServer WorkerProcess-%d] HiveMetaStore.audit: ugi=alex	ip=127.0.0.1	cmd=source:127.0.0.1 getTablesByTypeCore: catName=hive: db=myDb pat=.*,type=MATERIALIZED_VIEW	
2024-04-24T12:22:45,380  INFO [TThreadPoolServer WorkerProcess-%d] metastore.ObjectStore: Dropping database hive.myDb along with all tables
2024-04-24T12:22:45,384 ERROR [TThreadPoolServer WorkerProcess-%d] metastore.RetryingHMSHandler: HMSHandler Fatal error: javax.jdo.JDODataStoreException: Exception thrown flushing changes to datastore
	at org.datanucleus.api.jdo.NucleusJDOHelper.getJDOExceptionForNucleusException(NucleusJDOHelper.java:542)
	at org.datanucleus.api.jdo.JDOPersistenceManager.flush(JDOPersistenceManager.java:2081)
	at org.apache.hadoop.hive.metastore.ObjectStore.addNotificationEvent(ObjectStore.java:11639)
	at sun.reflect.GeneratedMethodAccessor68.invoke(Unknown Source)
	at sun.reflect.DelegatingMethodAccessorImpl.invoke(DelegatingMethodAccessorImpl.java:43)
	at java.lang.reflect.Method.invoke(Method.java:498)
	at org.apache.hadoop.hive.metastore.RawStoreProxy.invoke(RawStoreProxy.java:97)
	at com.sun.proxy.$Proxy32.addNotificationEvent(Unknown Source)
	at org.apache.hive.hcatalog.listener.DbNotificationListener.process(DbNotificationListener.java:1403)
	at org.apache.hive.hcatalog.listener.DbNotificationListener.onDropDatabase(DbNotificationListener.java:513)
	at org.apache.hadoop.hive.metastore.MetaStoreListenerNotifier$26.notify(MetaStoreListenerNotifier.java:99)
	at org.apache.hadoop.hive.metastore.MetaStoreListenerNotifier.notifyEvent(MetaStoreListenerNotifier.java:339)
	at org.apache.hadoop.hive.metastore.HMSHandler.drop_database_core(HMSHandler.java:1785)
	at org.apache.hadoop.hive.metastore.HMSHandler.drop_database(HMSHandler.java:1869)
	at sun.reflect.GeneratedMethodAccessor73.invoke(Unknown Source)
	at sun.reflect.DelegatingMethodAccessorImpl.invoke(DelegatingMethodAccessorImpl.java:43)
	at java.lang.reflect.Method.invoke(Method.java:498)
	at org.apache.hadoop.hive.metastore.RetryingHMSHandler.invokeInternal(RetryingHMSHandler.java:147)
	at org.apache.hadoop.hive.metastore.RetryingHMSHandler.invoke(RetryingHMSHandler.java:108)
	at com.sun.proxy.$Proxy34.drop_database(Unknown Source)
	at org.apache.hadoop.hive.metastore.api.ThriftHiveMetastore$Processor$drop_database.getResult(ThriftHiveMetastore.java:18285)
	at org.apache.hadoop.hive.metastore.api.ThriftHiveMetastore$Processor$drop_database.getResult(ThriftHiveMetastore.java:18264)
	at org.apache.thrift.ProcessFunction.process(ProcessFunction.java:38)
	at org.apache.hadoop.hive.metastore.TUGIBasedProcessor$1.run(TUGIBasedProcessor.java:111)
	at org.apache.hadoop.hive.metastore.TUGIBasedProcessor$1.run(TUGIBasedProcessor.java:107)
	at java.security.AccessController.doPrivileged(Native Method)
	at javax.security.auth.Subject.doAs(Subject.java:422)
	at org.apache.hadoop.security.UserGroupInformation.doAs(UserGroupInformation.java:1682)
	at org.apache.hadoop.hive.metastore.TUGIBasedProcessor.process(TUGIBasedProcessor.java:119)
	at org.apache.thrift.server.TThreadPoolServer$WorkerProcess.run(TThreadPoolServer.java:248)
	at java.util.concurrent.ThreadPoolExecutor.runWorker(ThreadPoolExecutor.java:1149)
	at java.util.concurrent.ThreadPoolExecutor$Worker.run(ThreadPoolExecutor.java:624)
	at java.lang.Thread.run(Thread.java:750)
NestedThrowablesStackTrace:
java.sql.BatchUpdateException: DELETE on table 'DBS' caused a violation of foreign key constraint 'TBLS_FK1' for key (4).  The statement has been rolled back.
	at org.apache.derby.impl.jdbc.EmbedStatement.executeLargeBatch(Unknown Source)
	at org.apache.derby.impl.jdbc.EmbedStatement.executeBatch(Unknown Source)
	at com.zaxxer.hikari.pool.ProxyStatement.executeBatch(ProxyStatement.java:128)
	at com.zaxxer.hikari.pool.HikariProxyPreparedStatement.executeBatch(HikariProxyPreparedStatement.java)
	at org.datanucleus.store.rdbms.ParamLoggingPreparedStatement.executeBatch(ParamLoggingPreparedStatement.java:366)
	at org.datanucleus.store.rdbms.SQLController.processConnectionStatement(SQLController.java:675)
	at org.datanucleus.store.rdbms.SQLController.processStatementsForConnection(SQLController.java:643)
	at org.datanucleus.store.rdbms.SQLController$1.transactionFlushed(SQLController.java:729)
	at org.datanucleus.store.connection.AbstractManagedConnection.transactionFlushed(AbstractManagedConnection.java:95)
	at org.datanucleus.store.connection.ConnectionManagerImpl$2.transactionFlushed(ConnectionManagerImpl.java:528)
	at org.datanucleus.TransactionImpl.flush(TransactionImpl.java:222)
	at org.datanucleus.ExecutionContextImpl.flushInternal(ExecutionContextImpl.java:4068)
	at org.datanucleus.ExecutionContextThreadedImpl.flushInternal(ExecutionContextThreadedImpl.java:448)
	at org.datanucleus.ExecutionContextImpl.flush(ExecutionContextImpl.java:4009)
	at org.datanucleus.ExecutionContextThreadedImpl.flush(ExecutionContextThreadedImpl.java:434)
	at org.datanucleus.api.jdo.JDOPersistenceManager.flush(JDOPersistenceManager.java:2064)
	at org.apache.hadoop.hive.metastore.ObjectStore.addNotificationEvent(ObjectStore.java:11639)
	at sun.reflect.GeneratedMethodAccessor68.invoke(Unknown Source)
	at sun.reflect.DelegatingMethodAccessorImpl.invoke(DelegatingMethodAccessorImpl.java:43)
	at java.lang.reflect.Method.invoke(Method.java:498)
	at org.apache.hadoop.hive.metastore.RawStoreProxy.invoke(RawStoreProxy.java:97)
	at com.sun.proxy.$Proxy32.addNotificationEvent(Unknown Source)
	at org.apache.hive.hcatalog.listener.DbNotificationListener.process(DbNotificationListener.java:1403)
	at org.apache.hive.hcatalog.listener.DbNotificationListener.onDropDatabase(DbNotificationListener.java:513)
	at org.apache.hadoop.hive.metastore.MetaStoreListenerNotifier$26.notify(MetaStoreListenerNotifier.java:99)
	at org.apache.hadoop.hive.metastore.MetaStoreListenerNotifier.notifyEvent(MetaStoreListenerNotifier.java:339)
	at org.apache.hadoop.hive.metastore.HMSHandler.drop_database_core(HMSHandler.java:1785)
	at org.apache.hadoop.hive.metastore.HMSHandler.drop_database(HMSHandler.java:1869)
	at sun.reflect.GeneratedMethodAccessor73.invoke(Unknown Source)
	at sun.reflect.DelegatingMethodAccessorImpl.invoke(DelegatingMethodAccessorImpl.java:43)
	at java.lang.reflect.Method.invoke(Method.java:498)
	at org.apache.hadoop.hive.metastore.RetryingHMSHandler.invokeInternal(RetryingHMSHandler.java:147)
	at org.apache.hadoop.hive.metastore.RetryingHMSHandler.invoke(RetryingHMSHandler.java:108)
	at com.sun.proxy.$Proxy34.drop_database(Unknown Source)
	at org.apache.hadoop.hive.metastore.api.ThriftHiveMetastore$Processor$drop_database.getResult(ThriftHiveMetastore.java:18285)
	at org.apache.hadoop.hive.metastore.api.ThriftHiveMetastore$Processor$drop_database.getResult(ThriftHiveMetastore.java:18264)
	at org.apache.thrift.ProcessFunction.process(ProcessFunction.java:38)
	at org.apache.hadoop.hive.metastore.TUGIBasedProcessor$1.run(TUGIBasedProcessor.java:111)
	at org.apache.hadoop.hive.metastore.TUGIBasedProcessor$1.run(TUGIBasedProcessor.java:107)
	at java.security.AccessController.doPrivileged(Native Method)
	at javax.security.auth.Subject.doAs(Subject.java:422)
	at org.apache.hadoop.security.UserGroupInformation.doAs(UserGroupInformation.java:1682)
	at org.apache.hadoop.hive.metastore.TUGIBasedProcessor.process(TUGIBasedProcessor.java:119)
	at org.apache.thrift.server.TThreadPoolServer$WorkerProcess.run(TThreadPoolServer.java:248)
	at java.util.concurrent.ThreadPoolExecutor.runWorker(ThreadPoolExecutor.java:1149)
	at java.util.concurrent.ThreadPoolExecutor$Worker.run(ThreadPoolExecutor.java:624)
	at java.lang.Thread.run(Thread.java:750)
Caused by: org.apache.derby.shared.common.error.DerbySQLIntegrityConstraintViolationException: DELETE on table 'DBS' caused a violation of foreign key constraint 'TBLS_FK1' for key (4).  The statement has been rolled back.
	at org.apache.derby.impl.jdbc.SQLExceptionFactory.getSQLException(Unknown Source)
	at org.apache.derby.impl.jdbc.Util.generateCsSQLException(Unknown Source)
	at org.apache.derby.impl.jdbc.TransactionResourceImpl.wrapInSQLException(Unknown Source)
	at org.apache.derby.impl.jdbc.TransactionResourceImpl.handleException(Unknown Source)
	at org.apache.derby.impl.jdbc.EmbedConnection.handleException(Unknown Source)
	at org.apache.derby.impl.jdbc.ConnectionChild.handleException(Unknown Source)
	at org.apache.derby.impl.jdbc.EmbedStatement.executeStatement(Unknown Source)
	at org.apache.derby.impl.jdbc.EmbedPreparedStatement.executeBatchElement(Unknown Source)
	... 47 more
Caused by: ERROR 23503: DELETE on table 'DBS' caused a violation of foreign key constraint 'TBLS_FK1' for key (4).  The statement has been rolled back.
	at org.apache.derby.iapi.error.StandardException.newException(Unknown Source)
	at org.apache.derby.iapi.error.StandardException.newException(Unknown Source)
	at org.apache.derby.impl.sql.execute.ReferencedKeyRIChecker.doCheck(Unknown Source)
	at org.apache.derby.impl.sql.execute.RISetChecker.doPKCheck(Unknown Source)
	at org.apache.derby.impl.sql.execute.DeleteResultSet.collectAffectedRows(Unknown Source)
	at org.apache.derby.impl.sql.execute.DeleteResultSet.open(Unknown Source)
	at org.apache.derby.impl.sql.GenericPreparedStatement.executeStmt(Unknown Source)
	at org.apache.derby.impl.sql.GenericPreparedStatement.execute(Unknown Source)
	... 49 more

2024-04-24T12:22:45,385  WARN [main] metastore.RetryingMetaStoreClient: MetaStoreClient lost connection. Attempting to reconnect (1 of 1) after 1s. dropDatabase
org.apache.hadoop.hive.metastore.api.MetaException: javax.jdo.JDODataStoreException: Exception thrown flushing changes to datastore
NestedThrowables:
java.sql.BatchUpdateException: DELETE on table 'DBS' caused a violation of foreign key constraint 'TBLS_FK1' for key (4).  The statement has been rolled back.
	at org.apache.hadoop.hive.metastore.api.ThriftHiveMetastore$drop_database_result$drop_database_resultStandardScheme.read(ThriftHiveMetastore.java:54495) ~[classes/:?]
	at org.apache.hadoop.hive.metastore.api.ThriftHiveMetastore$drop_database_result$drop_database_resultStandardScheme.read(ThriftHiveMetastore.java:54463) ~[classes/:?]
	at org.apache.hadoop.hive.metastore.api.ThriftHiveMetastore$drop_database_result.read(ThriftHiveMetastore.java:54397) ~[classes/:?]
	at org.apache.thrift.TServiceClient.receiveBase(TServiceClient.java:88) ~[libthrift-0.14.1.jar:0.14.1]
	at org.apache.hadoop.hive.metastore.api.ThriftHiveMetastore$Client.recv_drop_database(ThriftHiveMetastore.java:1404) ~[classes/:?]
	at org.apache.hadoop.hive.metastore.api.ThriftHiveMetastore$Client.drop_database(ThriftHiveMetastore.java:1389) ~[classes/:?]
	at org.apache.hadoop.hive.metastore.HiveMetaStoreClient.dropDatabaseCascadePerDb(HiveMetaStoreClient.java:1601) ~[classes/:?]
	at org.apache.hadoop.hive.metastore.HiveMetaStoreClient.dropDatabase(HiveMetaStoreClient.java:1532) ~[classes/:?]
	at org.apache.hadoop.hive.metastore.HiveMetaStoreClient.dropDatabase(HiveMetaStoreClient.java:1485) ~[classes/:?]
	at sun.reflect.NativeMethodAccessorImpl.invoke0(Native Method) ~[?:1.8.0_402]
	at sun.reflect.NativeMethodAccessorImpl.invoke(NativeMethodAccessorImpl.java:62) ~[?:1.8.0_402]
	at sun.reflect.DelegatingMethodAccessorImpl.invoke(DelegatingMethodAccessorImpl.java:43) ~[?:1.8.0_402]
	at java.lang.reflect.Method.invoke(Method.java:498) ~[?:1.8.0_402]
	at org.apache.hadoop.hive.metastore.RetryingMetaStoreClient.invoke(RetryingMetaStoreClient.java:214) [classes/:?]
	at com.sun.proxy.$Proxy35.dropDatabase(Unknown Source) [?:?]
	at org.apache.hive.hcatalog.api.HCatClientHMSImpl.dropDatabase(HCatClientHMSImpl.java:154) [classes/:?]
	at org.apache.hive.hcatalog.api.TestHCatClient.testDropPartitionsWithPartialSpec(TestHCatClient.java:805) [test-classes/:?]
	at sun.reflect.NativeMethodAccessorImpl.invoke0(Native Method) ~[?:1.8.0_402]
	at sun.reflect.NativeMethodAccessorImpl.invoke(NativeMethodAccessorImpl.java:62) ~[?:1.8.0_402]
	at sun.reflect.DelegatingMethodAccessorImpl.invoke(DelegatingMethodAccessorImpl.java:43) ~[?:1.8.0_402]
	at java.lang.reflect.Method.invoke(Method.java:498) ~[?:1.8.0_402]
	at org.junit.runners.model.FrameworkMethod$1.runReflectiveCall(FrameworkMethod.java:59) [junit-4.13.jar:4.13]
	at org.junit.internal.runners.model.ReflectiveCallable.run(ReflectiveCallable.java:12) [junit-4.13.jar:4.13]
	at org.junit.runners.model.FrameworkMethod.invokeExplosively(FrameworkMethod.java:56) [junit-4.13.jar:4.13]
	at org.junit.internal.runners.statements.InvokeMethod.evaluate(InvokeMethod.java:17) [junit-4.13.jar:4.13]
	at org.junit.runners.ParentRunner$3.evaluate(ParentRunner.java:306) [junit-4.13.jar:4.13]
	at org.junit.runners.BlockJUnit4ClassRunner$1.evaluate(BlockJUnit4ClassRunner.java:100) [junit-4.13.jar:4.13]
	at org.junit.runners.ParentRunner.runLeaf(ParentRunner.java:366) [junit-4.13.jar:4.13]
	at org.junit.runners.BlockJUnit4ClassRunner.runChild(BlockJUnit4ClassRunner.java:103) [junit-4.13.jar:4.13]
	at org.junit.runners.BlockJUnit4ClassRunner.runChild(BlockJUnit4ClassRunner.java:63) [junit-4.13.jar:4.13]
	at org.junit.runners.ParentRunner$4.run(ParentRunner.java:331) [junit-4.13.jar:4.13]
	at org.junit.runners.ParentRunner$1.schedule(ParentRunner.java:79) [junit-4.13.jar:4.13]
	at org.junit.runners.ParentRunner.runChildren(ParentRunner.java:329) [junit-4.13.jar:4.13]
	at org.junit.runners.ParentRunner.access$100(ParentRunner.java:66) [junit-4.13.jar:4.13]
	at org.junit.runners.ParentRunner$2.evaluate(ParentRunner.java:293) [junit-4.13.jar:4.13]
	at org.junit.internal.runners.statements.RunBefores.evaluate(RunBefores.java:26) [junit-4.13.jar:4.13]
	at org.junit.internal.runners.statements.RunAfters.evaluate(RunAfters.java:27) [junit-4.13.jar:4.13]
	at org.junit.runners.ParentRunner$3.evaluate(ParentRunner.java:306) [junit-4.13.jar:4.13]
	at org.junit.runners.ParentRunner.run(ParentRunner.java:413) [junit-4.13.jar:4.13]
	at org.junit.runners.Suite.runChild(Suite.java:128) [junit-4.13.jar:4.13]
	at org.junit.runners.Suite.runChild(Suite.java:27) [junit-4.13.jar:4.13]
	at org.junit.runners.ParentRunner$4.run(ParentRunner.java:331) [junit-4.13.jar:4.13]
	at org.junit.runners.ParentRunner$1.schedule(ParentRunner.java:79) [junit-4.13.jar:4.13]
	at org.junit.runners.ParentRunner.runChildren(ParentRunner.java:329) [junit-4.13.jar:4.13]
	at org.junit.runners.ParentRunner.access$100(ParentRunner.java:66) [junit-4.13.jar:4.13]
	at org.junit.runners.ParentRunner$2.evaluate(ParentRunner.java:293) [junit-4.13.jar:4.13]
	at org.junit.runners.ParentRunner$3.evaluate(ParentRunner.java:306) [junit-4.13.jar:4.13]
	at org.junit.runners.ParentRunner.run(ParentRunner.java:413) [junit-4.13.jar:4.13]
	at org.apache.maven.surefire.junitcore.JUnitCore.run(JUnitCore.java:55) [surefire-junit47-3.0.0-M4.jar:3.0.0-M4]
	at org.apache.maven.surefire.junitcore.JUnitCoreWrapper.createRequestAndRun(JUnitCoreWrapper.java:137) [surefire-junit47-3.0.0-M4.jar:3.0.0-M4]
	at org.apache.maven.surefire.junitcore.JUnitCoreWrapper.executeEager(JUnitCoreWrapper.java:107) [surefire-junit47-3.0.0-M4.jar:3.0.0-M4]
	at org.apache.maven.surefire.junitcore.JUnitCoreWrapper.execute(JUnitCoreWrapper.java:83) [surefire-junit47-3.0.0-M4.jar:3.0.0-M4]
	at org.apache.maven.surefire.junitcore.JUnitCoreWrapper.execute(JUnitCoreWrapper.java:75) [surefire-junit47-3.0.0-M4.jar:3.0.0-M4]
	at org.apache.maven.surefire.junitcore.JUnitCoreProvider.invoke(JUnitCoreProvider.java:158) [surefire-junit47-3.0.0-M4.jar:3.0.0-M4]
	at org.apache.maven.surefire.booter.ForkedBooter.runSuitesInProcess(ForkedBooter.java:377) [surefire-booter-3.0.0-M4.jar:3.0.0-M4]
	at org.apache.maven.surefire.booter.ForkedBooter.execute(ForkedBooter.java:138) [surefire-booter-3.0.0-M4.jar:3.0.0-M4]
	at org.apache.maven.surefire.booter.ForkedBooter.run(ForkedBooter.java:465) [surefire-booter-3.0.0-M4.jar:3.0.0-M4]
	at org.apache.maven.surefire.booter.ForkedBooter.main(ForkedBooter.java:451) [surefire-booter-3.0.0-M4.jar:3.0.0-M4]
2024-04-24T12:22:46,386  INFO [main] metastore.RetryingMetaStoreClient: RetryingMetaStoreClient trying reconnect as alex (auth:SIMPLE)
2024-04-24T12:22:46,387  WARN [main] metastore.HiveMetaStoreClient: Unexpected attempt to decrement user count of zero: 0 HCatClient: thread: 1 users=0 expired=false closed=false
2024-04-24T12:22:46,387  INFO [main] metastore.HiveMetaStoreClient: Trying to connect to metastore with URI (thrift://localhost:44585)
2024-04-24T12:22:46,388  INFO [main] metastore.HiveMetaStoreClient: Opened a connection to metastore, URI (thrift://localhost:44585) current connections: 4
2024-04-24T12:22:46,412  INFO [TThreadPoolServer WorkerProcess-%d] HiveMetaStore.audit: ugi=alex	ip=127.0.0.1	cmd=source:127.0.0.1 get_database: myDb	
2024-04-24T12:22:46,416  INFO [TThreadPoolServer WorkerProcess-%d] metastore.HMSHandler: 5: Opening raw store with implementation class:org.apache.hadoop.hive.metastore.ObjectStore
2024-04-24T12:22:46,417  INFO [TThreadPoolServer WorkerProcess-%d] metastore.ObjectStore: RawStore: org.apache.hadoop.hive.metastore.ObjectStore@5104a4a1, with PersistenceManager: null will be shutdown
2024-04-24T12:22:46,418  INFO [TThreadPoolServer WorkerProcess-%d] metastore.ObjectStore: RawStore: org.apache.hadoop.hive.metastore.ObjectStore@5104a4a1, with PersistenceManager: org.datanucleus.api.jdo.JDOPersistenceManager@82708c6 created in the thread with id: 75
2024-04-24T12:22:46,458  INFO [TThreadPoolServer WorkerProcess-%d] metastore.HMSHandler: Created RawStore: org.apache.hadoop.hive.metastore.ObjectStore@5104a4a1 from thread id: 75
2024-04-24T12:22:46,459  INFO [TThreadPoolServer WorkerProcess-%d] HiveMetaStore.audit: ugi=alex	ip=127.0.0.1	cmd=source:127.0.0.1 get_tables_by_type: db=@hive#myDb pat=.*,type=MATERIALIZED_VIEW	
2024-04-24T12:22:46,459  INFO [TThreadPoolServer WorkerProcess-%d] HiveMetaStore.audit: ugi=alex	ip=127.0.0.1	cmd=source:127.0.0.1 getTablesByTypeCore: catName=hive: db=myDb pat=.*,type=MATERIALIZED_VIEW	
2024-04-24T12:22:46,462  INFO [TThreadPoolServer WorkerProcess-%d] HiveMetaStore.audit: ugi=alex	ip=127.0.0.1	cmd=source:127.0.0.1 get_all_tables: db=@hive#myDb	
2024-04-24T12:22:46,464  INFO [TThreadPoolServer WorkerProcess-%d] HiveMetaStore.audit: ugi=alex	ip=127.0.0.1	cmd=source:127.0.0.1 get_multi_table : db=myDb tbls=mytable	
2024-04-24T12:22:46,467  INFO [TThreadPoolServer WorkerProcess-%d] HiveMetaStore.audit: ugi=alex	ip=127.0.0.1	cmd=source:127.0.0.1 drop_database: @hive#myDb	
2024-04-24T12:22:46,468  INFO [TThreadPoolServer WorkerProcess-%d] HiveMetaStore.audit: ugi=alex	ip=127.0.0.1	cmd=source:127.0.0.1 get_all_tables: db=@hive#myDb	
2024-04-24T12:22:46,469  INFO [TThreadPoolServer WorkerProcess-%d] HiveMetaStore.audit: ugi=alex	ip=127.0.0.1	cmd=source:127.0.0.1 get_functions: db=@hive#myDb pat=*	
2024-04-24T12:22:46,470  INFO [TThreadPoolServer WorkerProcess-%d] HiveMetaStore.audit: ugi=alex	ip=127.0.0.1	cmd=source:127.0.0.1 get_all_stored_procedures	
2024-04-24T12:22:46,471  INFO [TThreadPoolServer WorkerProcess-%d] HiveMetaStore.audit: ugi=alex	ip=127.0.0.1	cmd=source:127.0.0.1 get_all_packages	
2024-04-24T12:22:46,472  INFO [TThreadPoolServer WorkerProcess-%d] HiveMetaStore.audit: ugi=alex	ip=127.0.0.1	cmd=source:127.0.0.1 getTablesByTypeCore: catName=hive: db=myDb pat=.*,type=MATERIALIZED_VIEW	
2024-04-24T12:22:46,474  INFO [TThreadPoolServer WorkerProcess-%d] metastore.ObjectStore: Dropping database hive.myDb along with all tables
2024-04-24T12:22:46,478 ERROR [TThreadPoolServer WorkerProcess-%d] metastore.RetryingHMSHandler: Retrying HMSHandler after 2000 ms (attempt 1 of 10) with error: javax.jdo.JDODataStoreException: Exception thrown flushing changes to datastore
	at org.datanucleus.api.jdo.NucleusJDOHelper.getJDOExceptionForNucleusException(NucleusJDOHelper.java:542)
	at org.datanucleus.api.jdo.JDOPersistenceManager.flush(JDOPersistenceManager.java:2081)
	at org.apache.hadoop.hive.metastore.ObjectStore.addNotificationEvent(ObjectStore.java:11639)
	at sun.reflect.GeneratedMethodAccessor68.invoke(Unknown Source)
	at sun.reflect.DelegatingMethodAccessorImpl.invoke(DelegatingMethodAccessorImpl.java:43)
	at java.lang.reflect.Method.invoke(Method.java:498)
	at org.apache.hadoop.hive.metastore.RawStoreProxy.invoke(RawStoreProxy.java:97)
	at com.sun.proxy.$Proxy32.addNotificationEvent(Unknown Source)
	at org.apache.hive.hcatalog.listener.DbNotificationListener.process(DbNotificationListener.java:1403)
	at org.apache.hive.hcatalog.listener.DbNotificationListener.onDropDatabase(DbNotificationListener.java:513)
	at org.apache.hadoop.hive.metastore.MetaStoreListenerNotifier$26.notify(MetaStoreListenerNotifier.java:99)
	at org.apache.hadoop.hive.metastore.MetaStoreListenerNotifier.notifyEvent(MetaStoreListenerNotifier.java:339)
	at org.apache.hadoop.hive.metastore.HMSHandler.drop_database_core(HMSHandler.java:1785)
	at org.apache.hadoop.hive.metastore.HMSHandler.drop_database(HMSHandler.java:1869)
	at sun.reflect.GeneratedMethodAccessor73.invoke(Unknown Source)
	at sun.reflect.DelegatingMethodAccessorImpl.invoke(DelegatingMethodAccessorImpl.java:43)
	at java.lang.reflect.Method.invoke(Method.java:498)
	at org.apache.hadoop.hive.metastore.RetryingHMSHandler.invokeInternal(RetryingHMSHandler.java:147)
	at org.apache.hadoop.hive.metastore.RetryingHMSHandler.invoke(RetryingHMSHandler.java:108)
	at com.sun.proxy.$Proxy34.drop_database(Unknown Source)
	at org.apache.hadoop.hive.metastore.api.ThriftHiveMetastore$Processor$drop_database.getResult(ThriftHiveMetastore.java:18285)
	at org.apache.hadoop.hive.metastore.api.ThriftHiveMetastore$Processor$drop_database.getResult(ThriftHiveMetastore.java:18264)
	at org.apache.thrift.ProcessFunction.process(ProcessFunction.java:38)
	at org.apache.hadoop.hive.metastore.TUGIBasedProcessor$1.run(TUGIBasedProcessor.java:111)
	at org.apache.hadoop.hive.metastore.TUGIBasedProcessor$1.run(TUGIBasedProcessor.java:107)
	at java.security.AccessController.doPrivileged(Native Method)
	at javax.security.auth.Subject.doAs(Subject.java:422)
	at org.apache.hadoop.security.UserGroupInformation.doAs(UserGroupInformation.java:1682)
	at org.apache.hadoop.hive.metastore.TUGIBasedProcessor.process(TUGIBasedProcessor.java:119)
	at org.apache.thrift.server.TThreadPoolServer$WorkerProcess.run(TThreadPoolServer.java:248)
	at java.util.concurrent.ThreadPoolExecutor.runWorker(ThreadPoolExecutor.java:1149)
	at java.util.concurrent.ThreadPoolExecutor$Worker.run(ThreadPoolExecutor.java:624)
	at java.lang.Thread.run(Thread.java:750)
NestedThrowablesStackTrace:
java.sql.BatchUpdateException: DELETE on table 'DBS' caused a violation of foreign key constraint 'TBLS_FK1' for key (4).  The statement has been rolled back.
	at org.apache.derby.impl.jdbc.EmbedStatement.executeLargeBatch(Unknown Source)
	at org.apache.derby.impl.jdbc.EmbedStatement.executeBatch(Unknown Source)
	at com.zaxxer.hikari.pool.ProxyStatement.executeBatch(ProxyStatement.java:128)
	at com.zaxxer.hikari.pool.HikariProxyPreparedStatement.executeBatch(HikariProxyPreparedStatement.java)
	at org.datanucleus.store.rdbms.ParamLoggingPreparedStatement.executeBatch(ParamLoggingPreparedStatement.java:366)
	at org.datanucleus.store.rdbms.SQLController.processConnectionStatement(SQLController.java:675)
	at org.datanucleus.store.rdbms.SQLController.processStatementsForConnection(SQLController.java:643)
	at org.datanucleus.store.rdbms.SQLController$1.transactionFlushed(SQLController.java:729)
	at org.datanucleus.store.connection.AbstractManagedConnection.transactionFlushed(AbstractManagedConnection.java:95)
	at org.datanucleus.store.connection.ConnectionManagerImpl$2.transactionFlushed(ConnectionManagerImpl.java:528)
	at org.datanucleus.TransactionImpl.flush(TransactionImpl.java:222)
	at org.datanucleus.ExecutionContextImpl.flushInternal(ExecutionContextImpl.java:4068)
	at org.datanucleus.ExecutionContextThreadedImpl.flushInternal(ExecutionContextThreadedImpl.java:448)
	at org.datanucleus.ExecutionContextImpl.flush(ExecutionContextImpl.java:4009)
	at org.datanucleus.ExecutionContextThreadedImpl.flush(ExecutionContextThreadedImpl.java:434)
	at org.datanucleus.api.jdo.JDOPersistenceManager.flush(JDOPersistenceManager.java:2064)
	at org.apache.hadoop.hive.metastore.ObjectStore.addNotificationEvent(ObjectStore.java:11639)
	at sun.reflect.GeneratedMethodAccessor68.invoke(Unknown Source)
	at sun.reflect.DelegatingMethodAccessorImpl.invoke(DelegatingMethodAccessorImpl.java:43)
	at java.lang.reflect.Method.invoke(Method.java:498)
	at org.apache.hadoop.hive.metastore.RawStoreProxy.invoke(RawStoreProxy.java:97)
	at com.sun.proxy.$Proxy32.addNotificationEvent(Unknown Source)
	at org.apache.hive.hcatalog.listener.DbNotificationListener.process(DbNotificationListener.java:1403)
	at org.apache.hive.hcatalog.listener.DbNotificationListener.onDropDatabase(DbNotificationListener.java:513)
	at org.apache.hadoop.hive.metastore.MetaStoreListenerNotifier$26.notify(MetaStoreListenerNotifier.java:99)
	at org.apache.hadoop.hive.metastore.MetaStoreListenerNotifier.notifyEvent(MetaStoreListenerNotifier.java:339)
	at org.apache.hadoop.hive.metastore.HMSHandler.drop_database_core(HMSHandler.java:1785)
	at org.apache.hadoop.hive.metastore.HMSHandler.drop_database(HMSHandler.java:1869)
	at sun.reflect.GeneratedMethodAccessor73.invoke(Unknown Source)
	at sun.reflect.DelegatingMethodAccessorImpl.invoke(DelegatingMethodAccessorImpl.java:43)
	at java.lang.reflect.Method.invoke(Method.java:498)
	at org.apache.hadoop.hive.metastore.RetryingHMSHandler.invokeInternal(RetryingHMSHandler.java:147)
	at org.apache.hadoop.hive.metastore.RetryingHMSHandler.invoke(RetryingHMSHandler.java:108)
	at com.sun.proxy.$Proxy34.drop_database(Unknown Source)
	at org.apache.hadoop.hive.metastore.api.ThriftHiveMetastore$Processor$drop_database.getResult(ThriftHiveMetastore.java:18285)
	at org.apache.hadoop.hive.metastore.api.ThriftHiveMetastore$Processor$drop_database.getResult(ThriftHiveMetastore.java:18264)
	at org.apache.thrift.ProcessFunction.process(ProcessFunction.java:38)
	at org.apache.hadoop.hive.metastore.TUGIBasedProcessor$1.run(TUGIBasedProcessor.java:111)
	at org.apache.hadoop.hive.metastore.TUGIBasedProcessor$1.run(TUGIBasedProcessor.java:107)
	at java.security.AccessController.doPrivileged(Native Method)
	at javax.security.auth.Subject.doAs(Subject.java:422)
	at org.apache.hadoop.security.UserGroupInformation.doAs(UserGroupInformation.java:1682)
	at org.apache.hadoop.hive.metastore.TUGIBasedProcessor.process(TUGIBasedProcessor.java:119)
	at org.apache.thrift.server.TThreadPoolServer$WorkerProcess.run(TThreadPoolServer.java:248)
	at java.util.concurrent.ThreadPoolExecutor.runWorker(ThreadPoolExecutor.java:1149)
	at java.util.concurrent.ThreadPoolExecutor$Worker.run(ThreadPoolExecutor.java:624)
	at java.lang.Thread.run(Thread.java:750)
Caused by: org.apache.derby.shared.common.error.DerbySQLIntegrityConstraintViolationException: DELETE on table 'DBS' caused a violation of foreign key constraint 'TBLS_FK1' for key (4).  The statement has been rolled back.
	at org.apache.derby.impl.jdbc.SQLExceptionFactory.getSQLException(Unknown Source)
	at org.apache.derby.impl.jdbc.Util.generateCsSQLException(Unknown Source)
	at org.apache.derby.impl.jdbc.TransactionResourceImpl.wrapInSQLException(Unknown Source)
	at org.apache.derby.impl.jdbc.TransactionResourceImpl.handleException(Unknown Source)
	at org.apache.derby.impl.jdbc.EmbedConnection.handleException(Unknown Source)
	at org.apache.derby.impl.jdbc.ConnectionChild.handleException(Unknown Source)
	at org.apache.derby.impl.jdbc.EmbedStatement.executeStatement(Unknown Source)
	at org.apache.derby.impl.jdbc.EmbedPreparedStatement.executeBatchElement(Unknown Source)
	... 47 more
Caused by: ERROR 23503: DELETE on table 'DBS' caused a violation of foreign key constraint 'TBLS_FK1' for key (4).  The statement has been rolled back.
	at org.apache.derby.iapi.error.StandardException.newException(Unknown Source)
	at org.apache.derby.iapi.error.StandardException.newException(Unknown Source)
	at org.apache.derby.impl.sql.execute.ReferencedKeyRIChecker.doCheck(Unknown Source)
	at org.apache.derby.impl.sql.execute.RISetChecker.doPKCheck(Unknown Source)
	at org.apache.derby.impl.sql.execute.DeleteResultSet.collectAffectedRows(Unknown Source)
	at org.apache.derby.impl.sql.execute.DeleteResultSet.open(Unknown Source)
	at org.apache.derby.impl.sql.GenericPreparedStatement.executeStmt(Unknown Source)
	at org.apache.derby.impl.sql.GenericPreparedStatement.execute(Unknown Source)
	... 49 more

2024-04-24T12:22:48,479  INFO [TThreadPoolServer WorkerProcess-%d] HiveMetaStore.audit: ugi=alex	ip=127.0.0.1	cmd=source:127.0.0.1 drop_database: @hive#myDb	
2024-04-24T12:22:48,482  INFO [TThreadPoolServer WorkerProcess-%d] HiveMetaStore.audit: ugi=alex	ip=127.0.0.1	cmd=source:127.0.0.1 get_all_tables: db=@hive#myDb	
2024-04-24T12:22:48,483  INFO [TThreadPoolServer WorkerProcess-%d] HiveMetaStore.audit: ugi=alex	ip=127.0.0.1	cmd=source:127.0.0.1 get_functions: db=@hive#myDb pat=*	
2024-04-24T12:22:48,485  INFO [TThreadPoolServer WorkerProcess-%d] HiveMetaStore.audit: ugi=alex	ip=127.0.0.1	cmd=source:127.0.0.1 get_all_stored_procedures	
2024-04-24T12:22:48,486  INFO [TThreadPoolServer WorkerProcess-%d] HiveMetaStore.audit: ugi=alex	ip=127.0.0.1	cmd=source:127.0.0.1 get_all_packages	
2024-04-24T12:22:48,486  INFO [TThreadPoolServer WorkerProcess-%d] HiveMetaStore.audit: ugi=alex	ip=127.0.0.1	cmd=source:127.0.0.1 getTablesByTypeCore: catName=hive: db=myDb pat=.*,type=MATERIALIZED_VIEW	
2024-04-24T12:22:48,488  INFO [TThreadPoolServer WorkerProcess-%d] metastore.ObjectStore: Dropping database hive.myDb along with all tables
2024-04-24T12:22:48,492 ERROR [TThreadPoolServer WorkerProcess-%d] metastore.RetryingHMSHandler: Retrying HMSHandler after 2000 ms (attempt 2 of 10) with error: javax.jdo.JDODataStoreException: Exception thrown flushing changes to datastore
	at org.datanucleus.api.jdo.NucleusJDOHelper.getJDOExceptionForNucleusException(NucleusJDOHelper.java:542)
	at org.datanucleus.api.jdo.JDOPersistenceManager.flush(JDOPersistenceManager.java:2081)
	at org.apache.hadoop.hive.metastore.ObjectStore.addNotificationEvent(ObjectStore.java:11639)
	at sun.reflect.GeneratedMethodAccessor68.invoke(Unknown Source)
	at sun.reflect.DelegatingMethodAccessorImpl.invoke(DelegatingMethodAccessorImpl.java:43)
	at java.lang.reflect.Method.invoke(Method.java:498)
	at org.apache.hadoop.hive.metastore.RawStoreProxy.invoke(RawStoreProxy.java:97)
	at com.sun.proxy.$Proxy32.addNotificationEvent(Unknown Source)
	at org.apache.hive.hcatalog.listener.DbNotificationListener.process(DbNotificationListener.java:1403)
	at org.apache.hive.hcatalog.listener.DbNotificationListener.onDropDatabase(DbNotificationListener.java:513)
	at org.apache.hadoop.hive.metastore.MetaStoreListenerNotifier$26.notify(MetaStoreListenerNotifier.java:99)
	at org.apache.hadoop.hive.metastore.MetaStoreListenerNotifier.notifyEvent(MetaStoreListenerNotifier.java:339)
	at org.apache.hadoop.hive.metastore.HMSHandler.drop_database_core(HMSHandler.java:1785)
	at org.apache.hadoop.hive.metastore.HMSHandler.drop_database(HMSHandler.java:1869)
	at sun.reflect.GeneratedMethodAccessor73.invoke(Unknown Source)
	at sun.reflect.DelegatingMethodAccessorImpl.invoke(DelegatingMethodAccessorImpl.java:43)
	at java.lang.reflect.Method.invoke(Method.java:498)
	at org.apache.hadoop.hive.metastore.RetryingHMSHandler.invokeInternal(RetryingHMSHandler.java:147)
	at org.apache.hadoop.hive.metastore.RetryingHMSHandler.invoke(RetryingHMSHandler.java:108)
	at com.sun.proxy.$Proxy34.drop_database(Unknown Source)
	at org.apache.hadoop.hive.metastore.api.ThriftHiveMetastore$Processor$drop_database.getResult(ThriftHiveMetastore.java:18285)
	at org.apache.hadoop.hive.metastore.api.ThriftHiveMetastore$Processor$drop_database.getResult(ThriftHiveMetastore.java:18264)
	at org.apache.thrift.ProcessFunction.process(ProcessFunction.java:38)
	at org.apache.hadoop.hive.metastore.TUGIBasedProcessor$1.run(TUGIBasedProcessor.java:111)
	at org.apache.hadoop.hive.metastore.TUGIBasedProcessor$1.run(TUGIBasedProcessor.java:107)
	at java.security.AccessController.doPrivileged(Native Method)
	at javax.security.auth.Subject.doAs(Subject.java:422)
	at org.apache.hadoop.security.UserGroupInformation.doAs(UserGroupInformation.java:1682)
	at org.apache.hadoop.hive.metastore.TUGIBasedProcessor.process(TUGIBasedProcessor.java:119)
	at org.apache.thrift.server.TThreadPoolServer$WorkerProcess.run(TThreadPoolServer.java:248)
	at java.util.concurrent.ThreadPoolExecutor.runWorker(ThreadPoolExecutor.java:1149)
	at java.util.concurrent.ThreadPoolExecutor$Worker.run(ThreadPoolExecutor.java:624)
	at java.lang.Thread.run(Thread.java:750)
NestedThrowablesStackTrace:
java.sql.BatchUpdateException: DELETE on table 'DBS' caused a violation of foreign key constraint 'TBLS_FK1' for key (4).  The statement has been rolled back.
	at org.apache.derby.impl.jdbc.EmbedStatement.executeLargeBatch(Unknown Source)
	at org.apache.derby.impl.jdbc.EmbedStatement.executeBatch(Unknown Source)
	at com.zaxxer.hikari.pool.ProxyStatement.executeBatch(ProxyStatement.java:128)
	at com.zaxxer.hikari.pool.HikariProxyPreparedStatement.executeBatch(HikariProxyPreparedStatement.java)
	at org.datanucleus.store.rdbms.ParamLoggingPreparedStatement.executeBatch(ParamLoggingPreparedStatement.java:366)
	at org.datanucleus.store.rdbms.SQLController.processConnectionStatement(SQLController.java:675)
	at org.datanucleus.store.rdbms.SQLController.processStatementsForConnection(SQLController.java:643)
	at org.datanucleus.store.rdbms.SQLController$1.transactionFlushed(SQLController.java:729)
	at org.datanucleus.store.connection.AbstractManagedConnection.transactionFlushed(AbstractManagedConnection.java:95)
	at org.datanucleus.store.connection.ConnectionManagerImpl$2.transactionFlushed(ConnectionManagerImpl.java:528)
	at org.datanucleus.TransactionImpl.flush(TransactionImpl.java:222)
	at org.datanucleus.ExecutionContextImpl.flushInternal(ExecutionContextImpl.java:4068)
	at org.datanucleus.ExecutionContextThreadedImpl.flushInternal(ExecutionContextThreadedImpl.java:448)
	at org.datanucleus.ExecutionContextImpl.flush(ExecutionContextImpl.java:4009)
	at org.datanucleus.ExecutionContextThreadedImpl.flush(ExecutionContextThreadedImpl.java:434)
	at org.datanucleus.api.jdo.JDOPersistenceManager.flush(JDOPersistenceManager.java:2064)
	at org.apache.hadoop.hive.metastore.ObjectStore.addNotificationEvent(ObjectStore.java:11639)
	at sun.reflect.GeneratedMethodAccessor68.invoke(Unknown Source)
	at sun.reflect.DelegatingMethodAccessorImpl.invoke(DelegatingMethodAccessorImpl.java:43)
	at java.lang.reflect.Method.invoke(Method.java:498)
	at org.apache.hadoop.hive.metastore.RawStoreProxy.invoke(RawStoreProxy.java:97)
	at com.sun.proxy.$Proxy32.addNotificationEvent(Unknown Source)
	at org.apache.hive.hcatalog.listener.DbNotificationListener.process(DbNotificationListener.java:1403)
	at org.apache.hive.hcatalog.listener.DbNotificationListener.onDropDatabase(DbNotificationListener.java:513)
	at org.apache.hadoop.hive.metastore.MetaStoreListenerNotifier$26.notify(MetaStoreListenerNotifier.java:99)
	at org.apache.hadoop.hive.metastore.MetaStoreListenerNotifier.notifyEvent(MetaStoreListenerNotifier.java:339)
	at org.apache.hadoop.hive.metastore.HMSHandler.drop_database_core(HMSHandler.java:1785)
	at org.apache.hadoop.hive.metastore.HMSHandler.drop_database(HMSHandler.java:1869)
	at sun.reflect.GeneratedMethodAccessor73.invoke(Unknown Source)
	at sun.reflect.DelegatingMethodAccessorImpl.invoke(DelegatingMethodAccessorImpl.java:43)
	at java.lang.reflect.Method.invoke(Method.java:498)
	at org.apache.hadoop.hive.metastore.RetryingHMSHandler.invokeInternal(RetryingHMSHandler.java:147)
	at org.apache.hadoop.hive.metastore.RetryingHMSHandler.invoke(RetryingHMSHandler.java:108)
	at com.sun.proxy.$Proxy34.drop_database(Unknown Source)
	at org.apache.hadoop.hive.metastore.api.ThriftHiveMetastore$Processor$drop_database.getResult(ThriftHiveMetastore.java:18285)
	at org.apache.hadoop.hive.metastore.api.ThriftHiveMetastore$Processor$drop_database.getResult(ThriftHiveMetastore.java:18264)
	at org.apache.thrift.ProcessFunction.process(ProcessFunction.java:38)
	at org.apache.hadoop.hive.metastore.TUGIBasedProcessor$1.run(TUGIBasedProcessor.java:111)
	at org.apache.hadoop.hive.metastore.TUGIBasedProcessor$1.run(TUGIBasedProcessor.java:107)
	at java.security.AccessController.doPrivileged(Native Method)
	at javax.security.auth.Subject.doAs(Subject.java:422)
	at org.apache.hadoop.security.UserGroupInformation.doAs(UserGroupInformation.java:1682)
	at org.apache.hadoop.hive.metastore.TUGIBasedProcessor.process(TUGIBasedProcessor.java:119)
	at org.apache.thrift.server.TThreadPoolServer$WorkerProcess.run(TThreadPoolServer.java:248)
	at java.util.concurrent.ThreadPoolExecutor.runWorker(ThreadPoolExecutor.java:1149)
	at java.util.concurrent.ThreadPoolExecutor$Worker.run(ThreadPoolExecutor.java:624)
	at java.lang.Thread.run(Thread.java:750)
Caused by: org.apache.derby.shared.common.error.DerbySQLIntegrityConstraintViolationException: DELETE on table 'DBS' caused a violation of foreign key constraint 'TBLS_FK1' for key (4).  The statement has been rolled back.
	at org.apache.derby.impl.jdbc.SQLExceptionFactory.getSQLException(Unknown Source)
	at org.apache.derby.impl.jdbc.Util.generateCsSQLException(Unknown Source)
	at org.apache.derby.impl.jdbc.TransactionResourceImpl.wrapInSQLException(Unknown Source)
	at org.apache.derby.impl.jdbc.TransactionResourceImpl.handleException(Unknown Source)
	at org.apache.derby.impl.jdbc.EmbedConnection.handleException(Unknown Source)
	at org.apache.derby.impl.jdbc.ConnectionChild.handleException(Unknown Source)
	at org.apache.derby.impl.jdbc.EmbedStatement.executeStatement(Unknown Source)
	at org.apache.derby.impl.jdbc.EmbedPreparedStatement.executeBatchElement(Unknown Source)
	... 47 more
Caused by: ERROR 23503: DELETE on table 'DBS' caused a violation of foreign key constraint 'TBLS_FK1' for key (4).  The statement has been rolled back.
	at org.apache.derby.iapi.error.StandardException.newException(Unknown Source)
	at org.apache.derby.iapi.error.StandardException.newException(Unknown Source)
	at org.apache.derby.impl.sql.execute.ReferencedKeyRIChecker.doCheck(Unknown Source)
	at org.apache.derby.impl.sql.execute.RISetChecker.doPKCheck(Unknown Source)
	at org.apache.derby.impl.sql.execute.DeleteResultSet.collectAffectedRows(Unknown Source)
	at org.apache.derby.impl.sql.execute.DeleteResultSet.open(Unknown Source)
	at org.apache.derby.impl.sql.GenericPreparedStatement.executeStmt(Unknown Source)
	at org.apache.derby.impl.sql.GenericPreparedStatement.execute(Unknown Source)
	... 49 more

2024-04-24T12:22:50,493  INFO [TThreadPoolServer WorkerProcess-%d] HiveMetaStore.audit: ugi=alex	ip=127.0.0.1	cmd=source:127.0.0.1 drop_database: @hive#myDb	
2024-04-24T12:22:50,496  INFO [TThreadPoolServer WorkerProcess-%d] HiveMetaStore.audit: ugi=alex	ip=127.0.0.1	cmd=source:127.0.0.1 get_all_tables: db=@hive#myDb	
2024-04-24T12:22:50,497  INFO [TThreadPoolServer WorkerProcess-%d] HiveMetaStore.audit: ugi=alex	ip=127.0.0.1	cmd=source:127.0.0.1 get_functions: db=@hive#myDb pat=*	
2024-04-24T12:22:50,499  INFO [TThreadPoolServer WorkerProcess-%d] HiveMetaStore.audit: ugi=alex	ip=127.0.0.1	cmd=source:127.0.0.1 get_all_stored_procedures	
2024-04-24T12:22:50,499  INFO [TThreadPoolServer WorkerProcess-%d] HiveMetaStore.audit: ugi=alex	ip=127.0.0.1	cmd=source:127.0.0.1 get_all_packages	
2024-04-24T12:22:50,500  INFO [TThreadPoolServer WorkerProcess-%d] HiveMetaStore.audit: ugi=alex	ip=127.0.0.1	cmd=source:127.0.0.1 getTablesByTypeCore: catName=hive: db=myDb pat=.*,type=MATERIALIZED_VIEW	
2024-04-24T12:22:50,502  INFO [TThreadPoolServer WorkerProcess-%d] metastore.ObjectStore: Dropping database hive.myDb along with all tables
2024-04-24T12:22:50,506 ERROR [TThreadPoolServer WorkerProcess-%d] metastore.RetryingHMSHandler: Retrying HMSHandler after 2000 ms (attempt 3 of 10) with error: javax.jdo.JDODataStoreException: Exception thrown flushing changes to datastore
	at org.datanucleus.api.jdo.NucleusJDOHelper.getJDOExceptionForNucleusException(NucleusJDOHelper.java:542)
	at org.datanucleus.api.jdo.JDOPersistenceManager.flush(JDOPersistenceManager.java:2081)
	at org.apache.hadoop.hive.metastore.ObjectStore.addNotificationEvent(ObjectStore.java:11639)
	at sun.reflect.GeneratedMethodAccessor68.invoke(Unknown Source)
	at sun.reflect.DelegatingMethodAccessorImpl.invoke(DelegatingMethodAccessorImpl.java:43)
	at java.lang.reflect.Method.invoke(Method.java:498)
	at org.apache.hadoop.hive.metastore.RawStoreProxy.invoke(RawStoreProxy.java:97)
	at com.sun.proxy.$Proxy32.addNotificationEvent(Unknown Source)
	at org.apache.hive.hcatalog.listener.DbNotificationListener.process(DbNotificationListener.java:1403)
	at org.apache.hive.hcatalog.listener.DbNotificationListener.onDropDatabase(DbNotificationListener.java:513)
	at org.apache.hadoop.hive.metastore.MetaStoreListenerNotifier$26.notify(MetaStoreListenerNotifier.java:99)
	at org.apache.hadoop.hive.metastore.MetaStoreListenerNotifier.notifyEvent(MetaStoreListenerNotifier.java:339)
	at org.apache.hadoop.hive.metastore.HMSHandler.drop_database_core(HMSHandler.java:1785)
	at org.apache.hadoop.hive.metastore.HMSHandler.drop_database(HMSHandler.java:1869)
	at sun.reflect.GeneratedMethodAccessor73.invoke(Unknown Source)
	at sun.reflect.DelegatingMethodAccessorImpl.invoke(DelegatingMethodAccessorImpl.java:43)
	at java.lang.reflect.Method.invoke(Method.java:498)
	at org.apache.hadoop.hive.metastore.RetryingHMSHandler.invokeInternal(RetryingHMSHandler.java:147)
	at org.apache.hadoop.hive.metastore.RetryingHMSHandler.invoke(RetryingHMSHandler.java:108)
	at com.sun.proxy.$Proxy34.drop_database(Unknown Source)
	at org.apache.hadoop.hive.metastore.api.ThriftHiveMetastore$Processor$drop_database.getResult(ThriftHiveMetastore.java:18285)
	at org.apache.hadoop.hive.metastore.api.ThriftHiveMetastore$Processor$drop_database.getResult(ThriftHiveMetastore.java:18264)
	at org.apache.thrift.ProcessFunction.process(ProcessFunction.java:38)
	at org.apache.hadoop.hive.metastore.TUGIBasedProcessor$1.run(TUGIBasedProcessor.java:111)
	at org.apache.hadoop.hive.metastore.TUGIBasedProcessor$1.run(TUGIBasedProcessor.java:107)
	at java.security.AccessController.doPrivileged(Native Method)
	at javax.security.auth.Subject.doAs(Subject.java:422)
	at org.apache.hadoop.security.UserGroupInformation.doAs(UserGroupInformation.java:1682)
	at org.apache.hadoop.hive.metastore.TUGIBasedProcessor.process(TUGIBasedProcessor.java:119)
	at org.apache.thrift.server.TThreadPoolServer$WorkerProcess.run(TThreadPoolServer.java:248)
	at java.util.concurrent.ThreadPoolExecutor.runWorker(ThreadPoolExecutor.java:1149)
	at java.util.concurrent.ThreadPoolExecutor$Worker.run(ThreadPoolExecutor.java:624)
	at java.lang.Thread.run(Thread.java:750)
NestedThrowablesStackTrace:
java.sql.BatchUpdateException: DELETE on table 'DBS' caused a violation of foreign key constraint 'TBLS_FK1' for key (4).  The statement has been rolled back.
	at org.apache.derby.impl.jdbc.EmbedStatement.executeLargeBatch(Unknown Source)
	at org.apache.derby.impl.jdbc.EmbedStatement.executeBatch(Unknown Source)
	at com.zaxxer.hikari.pool.ProxyStatement.executeBatch(ProxyStatement.java:128)
	at com.zaxxer.hikari.pool.HikariProxyPreparedStatement.executeBatch(HikariProxyPreparedStatement.java)
	at org.datanucleus.store.rdbms.ParamLoggingPreparedStatement.executeBatch(ParamLoggingPreparedStatement.java:366)
	at org.datanucleus.store.rdbms.SQLController.processConnectionStatement(SQLController.java:675)
	at org.datanucleus.store.rdbms.SQLController.processStatementsForConnection(SQLController.java:643)
	at org.datanucleus.store.rdbms.SQLController$1.transactionFlushed(SQLController.java:729)
	at org.datanucleus.store.connection.AbstractManagedConnection.transactionFlushed(AbstractManagedConnection.java:95)
	at org.datanucleus.store.connection.ConnectionManagerImpl$2.transactionFlushed(ConnectionManagerImpl.java:528)
	at org.datanucleus.TransactionImpl.flush(TransactionImpl.java:222)
	at org.datanucleus.ExecutionContextImpl.flushInternal(ExecutionContextImpl.java:4068)
	at org.datanucleus.ExecutionContextThreadedImpl.flushInternal(ExecutionContextThreadedImpl.java:448)
	at org.datanucleus.ExecutionContextImpl.flush(ExecutionContextImpl.java:4009)
	at org.datanucleus.ExecutionContextThreadedImpl.flush(ExecutionContextThreadedImpl.java:434)
	at org.datanucleus.api.jdo.JDOPersistenceManager.flush(JDOPersistenceManager.java:2064)
	at org.apache.hadoop.hive.metastore.ObjectStore.addNotificationEvent(ObjectStore.java:11639)
	at sun.reflect.GeneratedMethodAccessor68.invoke(Unknown Source)
	at sun.reflect.DelegatingMethodAccessorImpl.invoke(DelegatingMethodAccessorImpl.java:43)
	at java.lang.reflect.Method.invoke(Method.java:498)
	at org.apache.hadoop.hive.metastore.RawStoreProxy.invoke(RawStoreProxy.java:97)
	at com.sun.proxy.$Proxy32.addNotificationEvent(Unknown Source)
	at org.apache.hive.hcatalog.listener.DbNotificationListener.process(DbNotificationListener.java:1403)
	at org.apache.hive.hcatalog.listener.DbNotificationListener.onDropDatabase(DbNotificationListener.java:513)
	at org.apache.hadoop.hive.metastore.MetaStoreListenerNotifier$26.notify(MetaStoreListenerNotifier.java:99)
	at org.apache.hadoop.hive.metastore.MetaStoreListenerNotifier.notifyEvent(MetaStoreListenerNotifier.java:339)
	at org.apache.hadoop.hive.metastore.HMSHandler.drop_database_core(HMSHandler.java:1785)
	at org.apache.hadoop.hive.metastore.HMSHandler.drop_database(HMSHandler.java:1869)
	at sun.reflect.GeneratedMethodAccessor73.invoke(Unknown Source)
	at sun.reflect.DelegatingMethodAccessorImpl.invoke(DelegatingMethodAccessorImpl.java:43)
	at java.lang.reflect.Method.invoke(Method.java:498)
	at org.apache.hadoop.hive.metastore.RetryingHMSHandler.invokeInternal(RetryingHMSHandler.java:147)
	at org.apache.hadoop.hive.metastore.RetryingHMSHandler.invoke(RetryingHMSHandler.java:108)
	at com.sun.proxy.$Proxy34.drop_database(Unknown Source)
	at org.apache.hadoop.hive.metastore.api.ThriftHiveMetastore$Processor$drop_database.getResult(ThriftHiveMetastore.java:18285)
	at org.apache.hadoop.hive.metastore.api.ThriftHiveMetastore$Processor$drop_database.getResult(ThriftHiveMetastore.java:18264)
	at org.apache.thrift.ProcessFunction.process(ProcessFunction.java:38)
	at org.apache.hadoop.hive.metastore.TUGIBasedProcessor$1.run(TUGIBasedProcessor.java:111)
	at org.apache.hadoop.hive.metastore.TUGIBasedProcessor$1.run(TUGIBasedProcessor.java:107)
	at java.security.AccessController.doPrivileged(Native Method)
	at javax.security.auth.Subject.doAs(Subject.java:422)
	at org.apache.hadoop.security.UserGroupInformation.doAs(UserGroupInformation.java:1682)
	at org.apache.hadoop.hive.metastore.TUGIBasedProcessor.process(TUGIBasedProcessor.java:119)
	at org.apache.thrift.server.TThreadPoolServer$WorkerProcess.run(TThreadPoolServer.java:248)
	at java.util.concurrent.ThreadPoolExecutor.runWorker(ThreadPoolExecutor.java:1149)
	at java.util.concurrent.ThreadPoolExecutor$Worker.run(ThreadPoolExecutor.java:624)
	at java.lang.Thread.run(Thread.java:750)
Caused by: org.apache.derby.shared.common.error.DerbySQLIntegrityConstraintViolationException: DELETE on table 'DBS' caused a violation of foreign key constraint 'TBLS_FK1' for key (4).  The statement has been rolled back.
	at org.apache.derby.impl.jdbc.SQLExceptionFactory.getSQLException(Unknown Source)
	at org.apache.derby.impl.jdbc.Util.generateCsSQLException(Unknown Source)
	at org.apache.derby.impl.jdbc.TransactionResourceImpl.wrapInSQLException(Unknown Source)
	at org.apache.derby.impl.jdbc.TransactionResourceImpl.handleException(Unknown Source)
	at org.apache.derby.impl.jdbc.EmbedConnection.handleException(Unknown Source)
	at org.apache.derby.impl.jdbc.ConnectionChild.handleException(Unknown Source)
	at org.apache.derby.impl.jdbc.EmbedStatement.executeStatement(Unknown Source)
	at org.apache.derby.impl.jdbc.EmbedPreparedStatement.executeBatchElement(Unknown Source)
	... 47 more
Caused by: ERROR 23503: DELETE on table 'DBS' caused a violation of foreign key constraint 'TBLS_FK1' for key (4).  The statement has been rolled back.
	at org.apache.derby.iapi.error.StandardException.newException(Unknown Source)
	at org.apache.derby.iapi.error.StandardException.newException(Unknown Source)
	at org.apache.derby.impl.sql.execute.ReferencedKeyRIChecker.doCheck(Unknown Source)
	at org.apache.derby.impl.sql.execute.RISetChecker.doPKCheck(Unknown Source)
	at org.apache.derby.impl.sql.execute.DeleteResultSet.collectAffectedRows(Unknown Source)
	at org.apache.derby.impl.sql.execute.DeleteResultSet.open(Unknown Source)
	at org.apache.derby.impl.sql.GenericPreparedStatement.executeStmt(Unknown Source)
	at org.apache.derby.impl.sql.GenericPreparedStatement.execute(Unknown Source)
	... 49 more

2024-04-24T12:22:52,507  INFO [TThreadPoolServer WorkerProcess-%d] HiveMetaStore.audit: ugi=alex	ip=127.0.0.1	cmd=source:127.0.0.1 drop_database: @hive#myDb	
2024-04-24T12:22:52,510  INFO [TThreadPoolServer WorkerProcess-%d] HiveMetaStore.audit: ugi=alex	ip=127.0.0.1	cmd=source:127.0.0.1 get_all_tables: db=@hive#myDb	
2024-04-24T12:22:52,510  INFO [TThreadPoolServer WorkerProcess-%d] HiveMetaStore.audit: ugi=alex	ip=127.0.0.1	cmd=source:127.0.0.1 get_functions: db=@hive#myDb pat=*	
2024-04-24T12:22:52,512  INFO [TThreadPoolServer WorkerProcess-%d] HiveMetaStore.audit: ugi=alex	ip=127.0.0.1	cmd=source:127.0.0.1 get_all_stored_procedures	
2024-04-24T12:22:52,512  INFO [TThreadPoolServer WorkerProcess-%d] HiveMetaStore.audit: ugi=alex	ip=127.0.0.1	cmd=source:127.0.0.1 get_all_packages	
2024-04-24T12:22:52,513  INFO [TThreadPoolServer WorkerProcess-%d] HiveMetaStore.audit: ugi=alex	ip=127.0.0.1	cmd=source:127.0.0.1 getTablesByTypeCore: catName=hive: db=myDb pat=.*,type=MATERIALIZED_VIEW	
2024-04-24T12:22:52,515  INFO [TThreadPoolServer WorkerProcess-%d] metastore.ObjectStore: Dropping database hive.myDb along with all tables
2024-04-24T12:22:52,518 ERROR [TThreadPoolServer WorkerProcess-%d] metastore.RetryingHMSHandler: Retrying HMSHandler after 2000 ms (attempt 4 of 10) with error: javax.jdo.JDODataStoreException: Exception thrown flushing changes to datastore
	at org.datanucleus.api.jdo.NucleusJDOHelper.getJDOExceptionForNucleusException(NucleusJDOHelper.java:542)
	at org.datanucleus.api.jdo.JDOPersistenceManager.flush(JDOPersistenceManager.java:2081)
	at org.apache.hadoop.hive.metastore.ObjectStore.addNotificationEvent(ObjectStore.java:11639)
	at sun.reflect.GeneratedMethodAccessor68.invoke(Unknown Source)
	at sun.reflect.DelegatingMethodAccessorImpl.invoke(DelegatingMethodAccessorImpl.java:43)
	at java.lang.reflect.Method.invoke(Method.java:498)
	at org.apache.hadoop.hive.metastore.RawStoreProxy.invoke(RawStoreProxy.java:97)
	at com.sun.proxy.$Proxy32.addNotificationEvent(Unknown Source)
	at org.apache.hive.hcatalog.listener.DbNotificationListener.process(DbNotificationListener.java:1403)
	at org.apache.hive.hcatalog.listener.DbNotificationListener.onDropDatabase(DbNotificationListener.java:513)
	at org.apache.hadoop.hive.metastore.MetaStoreListenerNotifier$26.notify(MetaStoreListenerNotifier.java:99)
	at org.apache.hadoop.hive.metastore.MetaStoreListenerNotifier.notifyEvent(MetaStoreListenerNotifier.java:339)
	at org.apache.hadoop.hive.metastore.HMSHandler.drop_database_core(HMSHandler.java:1785)
	at org.apache.hadoop.hive.metastore.HMSHandler.drop_database(HMSHandler.java:1869)
	at sun.reflect.GeneratedMethodAccessor73.invoke(Unknown Source)
	at sun.reflect.DelegatingMethodAccessorImpl.invoke(DelegatingMethodAccessorImpl.java:43)
	at java.lang.reflect.Method.invoke(Method.java:498)
	at org.apache.hadoop.hive.metastore.RetryingHMSHandler.invokeInternal(RetryingHMSHandler.java:147)
	at org.apache.hadoop.hive.metastore.RetryingHMSHandler.invoke(RetryingHMSHandler.java:108)
	at com.sun.proxy.$Proxy34.drop_database(Unknown Source)
	at org.apache.hadoop.hive.metastore.api.ThriftHiveMetastore$Processor$drop_database.getResult(ThriftHiveMetastore.java:18285)
	at org.apache.hadoop.hive.metastore.api.ThriftHiveMetastore$Processor$drop_database.getResult(ThriftHiveMetastore.java:18264)
	at org.apache.thrift.ProcessFunction.process(ProcessFunction.java:38)
	at org.apache.hadoop.hive.metastore.TUGIBasedProcessor$1.run(TUGIBasedProcessor.java:111)
	at org.apache.hadoop.hive.metastore.TUGIBasedProcessor$1.run(TUGIBasedProcessor.java:107)
	at java.security.AccessController.doPrivileged(Native Method)
	at javax.security.auth.Subject.doAs(Subject.java:422)
	at org.apache.hadoop.security.UserGroupInformation.doAs(UserGroupInformation.java:1682)
	at org.apache.hadoop.hive.metastore.TUGIBasedProcessor.process(TUGIBasedProcessor.java:119)
	at org.apache.thrift.server.TThreadPoolServer$WorkerProcess.run(TThreadPoolServer.java:248)
	at java.util.concurrent.ThreadPoolExecutor.runWorker(ThreadPoolExecutor.java:1149)
	at java.util.concurrent.ThreadPoolExecutor$Worker.run(ThreadPoolExecutor.java:624)
	at java.lang.Thread.run(Thread.java:750)
NestedThrowablesStackTrace:
java.sql.BatchUpdateException: DELETE on table 'DBS' caused a violation of foreign key constraint 'TBLS_FK1' for key (4).  The statement has been rolled back.
	at org.apache.derby.impl.jdbc.EmbedStatement.executeLargeBatch(Unknown Source)
	at org.apache.derby.impl.jdbc.EmbedStatement.executeBatch(Unknown Source)
	at com.zaxxer.hikari.pool.ProxyStatement.executeBatch(ProxyStatement.java:128)
	at com.zaxxer.hikari.pool.HikariProxyPreparedStatement.executeBatch(HikariProxyPreparedStatement.java)
	at org.datanucleus.store.rdbms.ParamLoggingPreparedStatement.executeBatch(ParamLoggingPreparedStatement.java:366)
	at org.datanucleus.store.rdbms.SQLController.processConnectionStatement(SQLController.java:675)
	at org.datanucleus.store.rdbms.SQLController.processStatementsForConnection(SQLController.java:643)
	at org.datanucleus.store.rdbms.SQLController$1.transactionFlushed(SQLController.java:729)
	at org.datanucleus.store.connection.AbstractManagedConnection.transactionFlushed(AbstractManagedConnection.java:95)
	at org.datanucleus.store.connection.ConnectionManagerImpl$2.transactionFlushed(ConnectionManagerImpl.java:528)
	at org.datanucleus.TransactionImpl.flush(TransactionImpl.java:222)
	at org.datanucleus.ExecutionContextImpl.flushInternal(ExecutionContextImpl.java:4068)
	at org.datanucleus.ExecutionContextThreadedImpl.flushInternal(ExecutionContextThreadedImpl.java:448)
	at org.datanucleus.ExecutionContextImpl.flush(ExecutionContextImpl.java:4009)
	at org.datanucleus.ExecutionContextThreadedImpl.flush(ExecutionContextThreadedImpl.java:434)
	at org.datanucleus.api.jdo.JDOPersistenceManager.flush(JDOPersistenceManager.java:2064)
	at org.apache.hadoop.hive.metastore.ObjectStore.addNotificationEvent(ObjectStore.java:11639)
	at sun.reflect.GeneratedMethodAccessor68.invoke(Unknown Source)
	at sun.reflect.DelegatingMethodAccessorImpl.invoke(DelegatingMethodAccessorImpl.java:43)
	at java.lang.reflect.Method.invoke(Method.java:498)
	at org.apache.hadoop.hive.metastore.RawStoreProxy.invoke(RawStoreProxy.java:97)
	at com.sun.proxy.$Proxy32.addNotificationEvent(Unknown Source)
	at org.apache.hive.hcatalog.listener.DbNotificationListener.process(DbNotificationListener.java:1403)
	at org.apache.hive.hcatalog.listener.DbNotificationListener.onDropDatabase(DbNotificationListener.java:513)
	at org.apache.hadoop.hive.metastore.MetaStoreListenerNotifier$26.notify(MetaStoreListenerNotifier.java:99)
	at org.apache.hadoop.hive.metastore.MetaStoreListenerNotifier.notifyEvent(MetaStoreListenerNotifier.java:339)
	at org.apache.hadoop.hive.metastore.HMSHandler.drop_database_core(HMSHandler.java:1785)
	at org.apache.hadoop.hive.metastore.HMSHandler.drop_database(HMSHandler.java:1869)
	at sun.reflect.GeneratedMethodAccessor73.invoke(Unknown Source)
	at sun.reflect.DelegatingMethodAccessorImpl.invoke(DelegatingMethodAccessorImpl.java:43)
	at java.lang.reflect.Method.invoke(Method.java:498)
	at org.apache.hadoop.hive.metastore.RetryingHMSHandler.invokeInternal(RetryingHMSHandler.java:147)
	at org.apache.hadoop.hive.metastore.RetryingHMSHandler.invoke(RetryingHMSHandler.java:108)
	at com.sun.proxy.$Proxy34.drop_database(Unknown Source)
	at org.apache.hadoop.hive.metastore.api.ThriftHiveMetastore$Processor$drop_database.getResult(ThriftHiveMetastore.java:18285)
	at org.apache.hadoop.hive.metastore.api.ThriftHiveMetastore$Processor$drop_database.getResult(ThriftHiveMetastore.java:18264)
	at org.apache.thrift.ProcessFunction.process(ProcessFunction.java:38)
	at org.apache.hadoop.hive.metastore.TUGIBasedProcessor$1.run(TUGIBasedProcessor.java:111)
	at org.apache.hadoop.hive.metastore.TUGIBasedProcessor$1.run(TUGIBasedProcessor.java:107)
	at java.security.AccessController.doPrivileged(Native Method)
	at javax.security.auth.Subject.doAs(Subject.java:422)
	at org.apache.hadoop.security.UserGroupInformation.doAs(UserGroupInformation.java:1682)
	at org.apache.hadoop.hive.metastore.TUGIBasedProcessor.process(TUGIBasedProcessor.java:119)
	at org.apache.thrift.server.TThreadPoolServer$WorkerProcess.run(TThreadPoolServer.java:248)
	at java.util.concurrent.ThreadPoolExecutor.runWorker(ThreadPoolExecutor.java:1149)
	at java.util.concurrent.ThreadPoolExecutor$Worker.run(ThreadPoolExecutor.java:624)
	at java.lang.Thread.run(Thread.java:750)
Caused by: org.apache.derby.shared.common.error.DerbySQLIntegrityConstraintViolationException: DELETE on table 'DBS' caused a violation of foreign key constraint 'TBLS_FK1' for key (4).  The statement has been rolled back.
	at org.apache.derby.impl.jdbc.SQLExceptionFactory.getSQLException(Unknown Source)
	at org.apache.derby.impl.jdbc.Util.generateCsSQLException(Unknown Source)
	at org.apache.derby.impl.jdbc.TransactionResourceImpl.wrapInSQLException(Unknown Source)
	at org.apache.derby.impl.jdbc.TransactionResourceImpl.handleException(Unknown Source)
	at org.apache.derby.impl.jdbc.EmbedConnection.handleException(Unknown Source)
	at org.apache.derby.impl.jdbc.ConnectionChild.handleException(Unknown Source)
	at org.apache.derby.impl.jdbc.EmbedStatement.executeStatement(Unknown Source)
	at org.apache.derby.impl.jdbc.EmbedPreparedStatement.executeBatchElement(Unknown Source)
	... 47 more
Caused by: ERROR 23503: DELETE on table 'DBS' caused a violation of foreign key constraint 'TBLS_FK1' for key (4).  The statement has been rolled back.
	at org.apache.derby.iapi.error.StandardException.newException(Unknown Source)
	at org.apache.derby.iapi.error.StandardException.newException(Unknown Source)
	at org.apache.derby.impl.sql.execute.ReferencedKeyRIChecker.doCheck(Unknown Source)
	at org.apache.derby.impl.sql.execute.RISetChecker.doPKCheck(Unknown Source)
	at org.apache.derby.impl.sql.execute.DeleteResultSet.collectAffectedRows(Unknown Source)
	at org.apache.derby.impl.sql.execute.DeleteResultSet.open(Unknown Source)
	at org.apache.derby.impl.sql.GenericPreparedStatement.executeStmt(Unknown Source)
	at org.apache.derby.impl.sql.GenericPreparedStatement.execute(Unknown Source)
	... 49 more

2024-04-24T12:22:54,519  INFO [TThreadPoolServer WorkerProcess-%d] HiveMetaStore.audit: ugi=alex	ip=127.0.0.1	cmd=source:127.0.0.1 drop_database: @hive#myDb	
2024-04-24T12:22:54,522  INFO [TThreadPoolServer WorkerProcess-%d] HiveMetaStore.audit: ugi=alex	ip=127.0.0.1	cmd=source:127.0.0.1 get_all_tables: db=@hive#myDb	
2024-04-24T12:22:54,523  INFO [TThreadPoolServer WorkerProcess-%d] HiveMetaStore.audit: ugi=alex	ip=127.0.0.1	cmd=source:127.0.0.1 get_functions: db=@hive#myDb pat=*	
2024-04-24T12:22:54,525  INFO [TThreadPoolServer WorkerProcess-%d] HiveMetaStore.audit: ugi=alex	ip=127.0.0.1	cmd=source:127.0.0.1 get_all_stored_procedures	
2024-04-24T12:22:54,526  INFO [TThreadPoolServer WorkerProcess-%d] HiveMetaStore.audit: ugi=alex	ip=127.0.0.1	cmd=source:127.0.0.1 get_all_packages	
2024-04-24T12:22:54,527  INFO [TThreadPoolServer WorkerProcess-%d] HiveMetaStore.audit: ugi=alex	ip=127.0.0.1	cmd=source:127.0.0.1 getTablesByTypeCore: catName=hive: db=myDb pat=.*,type=MATERIALIZED_VIEW	
2024-04-24T12:22:54,528  INFO [TThreadPoolServer WorkerProcess-%d] metastore.ObjectStore: Dropping database hive.myDb along with all tables
2024-04-24T12:22:54,533 ERROR [TThreadPoolServer WorkerProcess-%d] metastore.RetryingHMSHandler: Retrying HMSHandler after 2000 ms (attempt 5 of 10) with error: javax.jdo.JDODataStoreException: Exception thrown flushing changes to datastore
	at org.datanucleus.api.jdo.NucleusJDOHelper.getJDOExceptionForNucleusException(NucleusJDOHelper.java:542)
	at org.datanucleus.api.jdo.JDOPersistenceManager.flush(JDOPersistenceManager.java:2081)
	at org.apache.hadoop.hive.metastore.ObjectStore.addNotificationEvent(ObjectStore.java:11639)
	at sun.reflect.GeneratedMethodAccessor68.invoke(Unknown Source)
	at sun.reflect.DelegatingMethodAccessorImpl.invoke(DelegatingMethodAccessorImpl.java:43)
	at java.lang.reflect.Method.invoke(Method.java:498)
	at org.apache.hadoop.hive.metastore.RawStoreProxy.invoke(RawStoreProxy.java:97)
	at com.sun.proxy.$Proxy32.addNotificationEvent(Unknown Source)
	at org.apache.hive.hcatalog.listener.DbNotificationListener.process(DbNotificationListener.java:1403)
	at org.apache.hive.hcatalog.listener.DbNotificationListener.onDropDatabase(DbNotificationListener.java:513)
	at org.apache.hadoop.hive.metastore.MetaStoreListenerNotifier$26.notify(MetaStoreListenerNotifier.java:99)
	at org.apache.hadoop.hive.metastore.MetaStoreListenerNotifier.notifyEvent(MetaStoreListenerNotifier.java:339)
	at org.apache.hadoop.hive.metastore.HMSHandler.drop_database_core(HMSHandler.java:1785)
	at org.apache.hadoop.hive.metastore.HMSHandler.drop_database(HMSHandler.java:1869)
	at sun.reflect.GeneratedMethodAccessor73.invoke(Unknown Source)
	at sun.reflect.DelegatingMethodAccessorImpl.invoke(DelegatingMethodAccessorImpl.java:43)
	at java.lang.reflect.Method.invoke(Method.java:498)
	at org.apache.hadoop.hive.metastore.RetryingHMSHandler.invokeInternal(RetryingHMSHandler.java:147)
	at org.apache.hadoop.hive.metastore.RetryingHMSHandler.invoke(RetryingHMSHandler.java:108)
	at com.sun.proxy.$Proxy34.drop_database(Unknown Source)
	at org.apache.hadoop.hive.metastore.api.ThriftHiveMetastore$Processor$drop_database.getResult(ThriftHiveMetastore.java:18285)
	at org.apache.hadoop.hive.metastore.api.ThriftHiveMetastore$Processor$drop_database.getResult(ThriftHiveMetastore.java:18264)
	at org.apache.thrift.ProcessFunction.process(ProcessFunction.java:38)
	at org.apache.hadoop.hive.metastore.TUGIBasedProcessor$1.run(TUGIBasedProcessor.java:111)
	at org.apache.hadoop.hive.metastore.TUGIBasedProcessor$1.run(TUGIBasedProcessor.java:107)
	at java.security.AccessController.doPrivileged(Native Method)
	at javax.security.auth.Subject.doAs(Subject.java:422)
	at org.apache.hadoop.security.UserGroupInformation.doAs(UserGroupInformation.java:1682)
	at org.apache.hadoop.hive.metastore.TUGIBasedProcessor.process(TUGIBasedProcessor.java:119)
	at org.apache.thrift.server.TThreadPoolServer$WorkerProcess.run(TThreadPoolServer.java:248)
	at java.util.concurrent.ThreadPoolExecutor.runWorker(ThreadPoolExecutor.java:1149)
	at java.util.concurrent.ThreadPoolExecutor$Worker.run(ThreadPoolExecutor.java:624)
	at java.lang.Thread.run(Thread.java:750)
NestedThrowablesStackTrace:
java.sql.BatchUpdateException: DELETE on table 'DBS' caused a violation of foreign key constraint 'TBLS_FK1' for key (4).  The statement has been rolled back.
	at org.apache.derby.impl.jdbc.EmbedStatement.executeLargeBatch(Unknown Source)
	at org.apache.derby.impl.jdbc.EmbedStatement.executeBatch(Unknown Source)
	at com.zaxxer.hikari.pool.ProxyStatement.executeBatch(ProxyStatement.java:128)
	at com.zaxxer.hikari.pool.HikariProxyPreparedStatement.executeBatch(HikariProxyPreparedStatement.java)
	at org.datanucleus.store.rdbms.ParamLoggingPreparedStatement.executeBatch(ParamLoggingPreparedStatement.java:366)
	at org.datanucleus.store.rdbms.SQLController.processConnectionStatement(SQLController.java:675)
	at org.datanucleus.store.rdbms.SQLController.processStatementsForConnection(SQLController.java:643)
	at org.datanucleus.store.rdbms.SQLController$1.transactionFlushed(SQLController.java:729)
	at org.datanucleus.store.connection.AbstractManagedConnection.transactionFlushed(AbstractManagedConnection.java:95)
	at org.datanucleus.store.connection.ConnectionManagerImpl$2.transactionFlushed(ConnectionManagerImpl.java:528)
	at org.datanucleus.TransactionImpl.flush(TransactionImpl.java:222)
	at org.datanucleus.ExecutionContextImpl.flushInternal(ExecutionContextImpl.java:4068)
	at org.datanucleus.ExecutionContextThreadedImpl.flushInternal(ExecutionContextThreadedImpl.java:448)
	at org.datanucleus.ExecutionContextImpl.flush(ExecutionContextImpl.java:4009)
	at org.datanucleus.ExecutionContextThreadedImpl.flush(ExecutionContextThreadedImpl.java:434)
	at org.datanucleus.api.jdo.JDOPersistenceManager.flush(JDOPersistenceManager.java:2064)
	at org.apache.hadoop.hive.metastore.ObjectStore.addNotificationEvent(ObjectStore.java:11639)
	at sun.reflect.GeneratedMethodAccessor68.invoke(Unknown Source)
	at sun.reflect.DelegatingMethodAccessorImpl.invoke(DelegatingMethodAccessorImpl.java:43)
	at java.lang.reflect.Method.invoke(Method.java:498)
	at org.apache.hadoop.hive.metastore.RawStoreProxy.invoke(RawStoreProxy.java:97)
	at com.sun.proxy.$Proxy32.addNotificationEvent(Unknown Source)
	at org.apache.hive.hcatalog.listener.DbNotificationListener.process(DbNotificationListener.java:1403)
	at org.apache.hive.hcatalog.listener.DbNotificationListener.onDropDatabase(DbNotificationListener.java:513)
	at org.apache.hadoop.hive.metastore.MetaStoreListenerNotifier$26.notify(MetaStoreListenerNotifier.java:99)
	at org.apache.hadoop.hive.metastore.MetaStoreListenerNotifier.notifyEvent(MetaStoreListenerNotifier.java:339)
	at org.apache.hadoop.hive.metastore.HMSHandler.drop_database_core(HMSHandler.java:1785)
	at org.apache.hadoop.hive.metastore.HMSHandler.drop_database(HMSHandler.java:1869)
	at sun.reflect.GeneratedMethodAccessor73.invoke(Unknown Source)
	at sun.reflect.DelegatingMethodAccessorImpl.invoke(DelegatingMethodAccessorImpl.java:43)
	at java.lang.reflect.Method.invoke(Method.java:498)
	at org.apache.hadoop.hive.metastore.RetryingHMSHandler.invokeInternal(RetryingHMSHandler.java:147)
	at org.apache.hadoop.hive.metastore.RetryingHMSHandler.invoke(RetryingHMSHandler.java:108)
	at com.sun.proxy.$Proxy34.drop_database(Unknown Source)
	at org.apache.hadoop.hive.metastore.api.ThriftHiveMetastore$Processor$drop_database.getResult(ThriftHiveMetastore.java:18285)
	at org.apache.hadoop.hive.metastore.api.ThriftHiveMetastore$Processor$drop_database.getResult(ThriftHiveMetastore.java:18264)
	at org.apache.thrift.ProcessFunction.process(ProcessFunction.java:38)
	at org.apache.hadoop.hive.metastore.TUGIBasedProcessor$1.run(TUGIBasedProcessor.java:111)
	at org.apache.hadoop.hive.metastore.TUGIBasedProcessor$1.run(TUGIBasedProcessor.java:107)
	at java.security.AccessController.doPrivileged(Native Method)
	at javax.security.auth.Subject.doAs(Subject.java:422)
	at org.apache.hadoop.security.UserGroupInformation.doAs(UserGroupInformation.java:1682)
	at org.apache.hadoop.hive.metastore.TUGIBasedProcessor.process(TUGIBasedProcessor.java:119)
	at org.apache.thrift.server.TThreadPoolServer$WorkerProcess.run(TThreadPoolServer.java:248)
	at java.util.concurrent.ThreadPoolExecutor.runWorker(ThreadPoolExecutor.java:1149)
	at java.util.concurrent.ThreadPoolExecutor$Worker.run(ThreadPoolExecutor.java:624)
	at java.lang.Thread.run(Thread.java:750)
Caused by: org.apache.derby.shared.common.error.DerbySQLIntegrityConstraintViolationException: DELETE on table 'DBS' caused a violation of foreign key constraint 'TBLS_FK1' for key (4).  The statement has been rolled back.
	at org.apache.derby.impl.jdbc.SQLExceptionFactory.getSQLException(Unknown Source)
	at org.apache.derby.impl.jdbc.Util.generateCsSQLException(Unknown Source)
	at org.apache.derby.impl.jdbc.TransactionResourceImpl.wrapInSQLException(Unknown Source)
	at org.apache.derby.impl.jdbc.TransactionResourceImpl.handleException(Unknown Source)
	at org.apache.derby.impl.jdbc.EmbedConnection.handleException(Unknown Source)
	at org.apache.derby.impl.jdbc.ConnectionChild.handleException(Unknown Source)
	at org.apache.derby.impl.jdbc.EmbedStatement.executeStatement(Unknown Source)
	at org.apache.derby.impl.jdbc.EmbedPreparedStatement.executeBatchElement(Unknown Source)
	... 47 more
Caused by: ERROR 23503: DELETE on table 'DBS' caused a violation of foreign key constraint 'TBLS_FK1' for key (4).  The statement has been rolled back.
	at org.apache.derby.iapi.error.StandardException.newException(Unknown Source)
	at org.apache.derby.iapi.error.StandardException.newException(Unknown Source)
	at org.apache.derby.impl.sql.execute.ReferencedKeyRIChecker.doCheck(Unknown Source)
	at org.apache.derby.impl.sql.execute.RISetChecker.doPKCheck(Unknown Source)
	at org.apache.derby.impl.sql.execute.DeleteResultSet.collectAffectedRows(Unknown Source)
	at org.apache.derby.impl.sql.execute.DeleteResultSet.open(Unknown Source)
	at org.apache.derby.impl.sql.GenericPreparedStatement.executeStmt(Unknown Source)
	at org.apache.derby.impl.sql.GenericPreparedStatement.execute(Unknown Source)
	... 49 more

2024-04-24T12:22:56,534  INFO [TThreadPoolServer WorkerProcess-%d] HiveMetaStore.audit: ugi=alex	ip=127.0.0.1	cmd=source:127.0.0.1 drop_database: @hive#myDb	
2024-04-24T12:22:56,537  INFO [TThreadPoolServer WorkerProcess-%d] HiveMetaStore.audit: ugi=alex	ip=127.0.0.1	cmd=source:127.0.0.1 get_all_tables: db=@hive#myDb	
2024-04-24T12:22:56,538  INFO [TThreadPoolServer WorkerProcess-%d] HiveMetaStore.audit: ugi=alex	ip=127.0.0.1	cmd=source:127.0.0.1 get_functions: db=@hive#myDb pat=*	
2024-04-24T12:22:56,540  INFO [TThreadPoolServer WorkerProcess-%d] HiveMetaStore.audit: ugi=alex	ip=127.0.0.1	cmd=source:127.0.0.1 get_all_stored_procedures	
2024-04-24T12:22:56,541  INFO [TThreadPoolServer WorkerProcess-%d] HiveMetaStore.audit: ugi=alex	ip=127.0.0.1	cmd=source:127.0.0.1 get_all_packages	
2024-04-24T12:22:56,541  INFO [TThreadPoolServer WorkerProcess-%d] HiveMetaStore.audit: ugi=alex	ip=127.0.0.1	cmd=source:127.0.0.1 getTablesByTypeCore: catName=hive: db=myDb pat=.*,type=MATERIALIZED_VIEW	
2024-04-24T12:22:56,543  INFO [TThreadPoolServer WorkerProcess-%d] metastore.ObjectStore: Dropping database hive.myDb along with all tables
2024-04-24T12:22:56,546 ERROR [TThreadPoolServer WorkerProcess-%d] metastore.RetryingHMSHandler: Retrying HMSHandler after 2000 ms (attempt 6 of 10) with error: javax.jdo.JDODataStoreException: Exception thrown flushing changes to datastore
	at org.datanucleus.api.jdo.NucleusJDOHelper.getJDOExceptionForNucleusException(NucleusJDOHelper.java:542)
	at org.datanucleus.api.jdo.JDOPersistenceManager.flush(JDOPersistenceManager.java:2081)
	at org.apache.hadoop.hive.metastore.ObjectStore.addNotificationEvent(ObjectStore.java:11639)
	at sun.reflect.GeneratedMethodAccessor68.invoke(Unknown Source)
	at sun.reflect.DelegatingMethodAccessorImpl.invoke(DelegatingMethodAccessorImpl.java:43)
	at java.lang.reflect.Method.invoke(Method.java:498)
	at org.apache.hadoop.hive.metastore.RawStoreProxy.invoke(RawStoreProxy.java:97)
	at com.sun.proxy.$Proxy32.addNotificationEvent(Unknown Source)
	at org.apache.hive.hcatalog.listener.DbNotificationListener.process(DbNotificationListener.java:1403)
	at org.apache.hive.hcatalog.listener.DbNotificationListener.onDropDatabase(DbNotificationListener.java:513)
	at org.apache.hadoop.hive.metastore.MetaStoreListenerNotifier$26.notify(MetaStoreListenerNotifier.java:99)
	at org.apache.hadoop.hive.metastore.MetaStoreListenerNotifier.notifyEvent(MetaStoreListenerNotifier.java:339)
	at org.apache.hadoop.hive.metastore.HMSHandler.drop_database_core(HMSHandler.java:1785)
	at org.apache.hadoop.hive.metastore.HMSHandler.drop_database(HMSHandler.java:1869)
	at sun.reflect.GeneratedMethodAccessor73.invoke(Unknown Source)
	at sun.reflect.DelegatingMethodAccessorImpl.invoke(DelegatingMethodAccessorImpl.java:43)
	at java.lang.reflect.Method.invoke(Method.java:498)
	at org.apache.hadoop.hive.metastore.RetryingHMSHandler.invokeInternal(RetryingHMSHandler.java:147)
	at org.apache.hadoop.hive.metastore.RetryingHMSHandler.invoke(RetryingHMSHandler.java:108)
	at com.sun.proxy.$Proxy34.drop_database(Unknown Source)
	at org.apache.hadoop.hive.metastore.api.ThriftHiveMetastore$Processor$drop_database.getResult(ThriftHiveMetastore.java:18285)
	at org.apache.hadoop.hive.metastore.api.ThriftHiveMetastore$Processor$drop_database.getResult(ThriftHiveMetastore.java:18264)
	at org.apache.thrift.ProcessFunction.process(ProcessFunction.java:38)
	at org.apache.hadoop.hive.metastore.TUGIBasedProcessor$1.run(TUGIBasedProcessor.java:111)
	at org.apache.hadoop.hive.metastore.TUGIBasedProcessor$1.run(TUGIBasedProcessor.java:107)
	at java.security.AccessController.doPrivileged(Native Method)
	at javax.security.auth.Subject.doAs(Subject.java:422)
	at org.apache.hadoop.security.UserGroupInformation.doAs(UserGroupInformation.java:1682)
	at org.apache.hadoop.hive.metastore.TUGIBasedProcessor.process(TUGIBasedProcessor.java:119)
	at org.apache.thrift.server.TThreadPoolServer$WorkerProcess.run(TThreadPoolServer.java:248)
	at java.util.concurrent.ThreadPoolExecutor.runWorker(ThreadPoolExecutor.java:1149)
	at java.util.concurrent.ThreadPoolExecutor$Worker.run(ThreadPoolExecutor.java:624)
	at java.lang.Thread.run(Thread.java:750)
NestedThrowablesStackTrace:
java.sql.BatchUpdateException: DELETE on table 'DBS' caused a violation of foreign key constraint 'TBLS_FK1' for key (4).  The statement has been rolled back.
	at org.apache.derby.impl.jdbc.EmbedStatement.executeLargeBatch(Unknown Source)
	at org.apache.derby.impl.jdbc.EmbedStatement.executeBatch(Unknown Source)
	at com.zaxxer.hikari.pool.ProxyStatement.executeBatch(ProxyStatement.java:128)
	at com.zaxxer.hikari.pool.HikariProxyPreparedStatement.executeBatch(HikariProxyPreparedStatement.java)
	at org.datanucleus.store.rdbms.ParamLoggingPreparedStatement.executeBatch(ParamLoggingPreparedStatement.java:366)
	at org.datanucleus.store.rdbms.SQLController.processConnectionStatement(SQLController.java:675)
	at org.datanucleus.store.rdbms.SQLController.processStatementsForConnection(SQLController.java:643)
	at org.datanucleus.store.rdbms.SQLController$1.transactionFlushed(SQLController.java:729)
	at org.datanucleus.store.connection.AbstractManagedConnection.transactionFlushed(AbstractManagedConnection.java:95)
	at org.datanucleus.store.connection.ConnectionManagerImpl$2.transactionFlushed(ConnectionManagerImpl.java:528)
	at org.datanucleus.TransactionImpl.flush(TransactionImpl.java:222)
	at org.datanucleus.ExecutionContextImpl.flushInternal(ExecutionContextImpl.java:4068)
	at org.datanucleus.ExecutionContextThreadedImpl.flushInternal(ExecutionContextThreadedImpl.java:448)
	at org.datanucleus.ExecutionContextImpl.flush(ExecutionContextImpl.java:4009)
	at org.datanucleus.ExecutionContextThreadedImpl.flush(ExecutionContextThreadedImpl.java:434)
	at org.datanucleus.api.jdo.JDOPersistenceManager.flush(JDOPersistenceManager.java:2064)
	at org.apache.hadoop.hive.metastore.ObjectStore.addNotificationEvent(ObjectStore.java:11639)
	at sun.reflect.GeneratedMethodAccessor68.invoke(Unknown Source)
	at sun.reflect.DelegatingMethodAccessorImpl.invoke(DelegatingMethodAccessorImpl.java:43)
	at java.lang.reflect.Method.invoke(Method.java:498)
	at org.apache.hadoop.hive.metastore.RawStoreProxy.invoke(RawStoreProxy.java:97)
	at com.sun.proxy.$Proxy32.addNotificationEvent(Unknown Source)
	at org.apache.hive.hcatalog.listener.DbNotificationListener.process(DbNotificationListener.java:1403)
	at org.apache.hive.hcatalog.listener.DbNotificationListener.onDropDatabase(DbNotificationListener.java:513)
	at org.apache.hadoop.hive.metastore.MetaStoreListenerNotifier$26.notify(MetaStoreListenerNotifier.java:99)
	at org.apache.hadoop.hive.metastore.MetaStoreListenerNotifier.notifyEvent(MetaStoreListenerNotifier.java:339)
	at org.apache.hadoop.hive.metastore.HMSHandler.drop_database_core(HMSHandler.java:1785)
	at org.apache.hadoop.hive.metastore.HMSHandler.drop_database(HMSHandler.java:1869)
	at sun.reflect.GeneratedMethodAccessor73.invoke(Unknown Source)
	at sun.reflect.DelegatingMethodAccessorImpl.invoke(DelegatingMethodAccessorImpl.java:43)
	at java.lang.reflect.Method.invoke(Method.java:498)
	at org.apache.hadoop.hive.metastore.RetryingHMSHandler.invokeInternal(RetryingHMSHandler.java:147)
	at org.apache.hadoop.hive.metastore.RetryingHMSHandler.invoke(RetryingHMSHandler.java:108)
	at com.sun.proxy.$Proxy34.drop_database(Unknown Source)
	at org.apache.hadoop.hive.metastore.api.ThriftHiveMetastore$Processor$drop_database.getResult(ThriftHiveMetastore.java:18285)
	at org.apache.hadoop.hive.metastore.api.ThriftHiveMetastore$Processor$drop_database.getResult(ThriftHiveMetastore.java:18264)
	at org.apache.thrift.ProcessFunction.process(ProcessFunction.java:38)
	at org.apache.hadoop.hive.metastore.TUGIBasedProcessor$1.run(TUGIBasedProcessor.java:111)
	at org.apache.hadoop.hive.metastore.TUGIBasedProcessor$1.run(TUGIBasedProcessor.java:107)
	at java.security.AccessController.doPrivileged(Native Method)
	at javax.security.auth.Subject.doAs(Subject.java:422)
	at org.apache.hadoop.security.UserGroupInformation.doAs(UserGroupInformation.java:1682)
	at org.apache.hadoop.hive.metastore.TUGIBasedProcessor.process(TUGIBasedProcessor.java:119)
	at org.apache.thrift.server.TThreadPoolServer$WorkerProcess.run(TThreadPoolServer.java:248)
	at java.util.concurrent.ThreadPoolExecutor.runWorker(ThreadPoolExecutor.java:1149)
	at java.util.concurrent.ThreadPoolExecutor$Worker.run(ThreadPoolExecutor.java:624)
	at java.lang.Thread.run(Thread.java:750)
Caused by: org.apache.derby.shared.common.error.DerbySQLIntegrityConstraintViolationException: DELETE on table 'DBS' caused a violation of foreign key constraint 'TBLS_FK1' for key (4).  The statement has been rolled back.
	at org.apache.derby.impl.jdbc.SQLExceptionFactory.getSQLException(Unknown Source)
	at org.apache.derby.impl.jdbc.Util.generateCsSQLException(Unknown Source)
	at org.apache.derby.impl.jdbc.TransactionResourceImpl.wrapInSQLException(Unknown Source)
	at org.apache.derby.impl.jdbc.TransactionResourceImpl.handleException(Unknown Source)
	at org.apache.derby.impl.jdbc.EmbedConnection.handleException(Unknown Source)
	at org.apache.derby.impl.jdbc.ConnectionChild.handleException(Unknown Source)
	at org.apache.derby.impl.jdbc.EmbedStatement.executeStatement(Unknown Source)
	at org.apache.derby.impl.jdbc.EmbedPreparedStatement.executeBatchElement(Unknown Source)
	... 47 more
Caused by: ERROR 23503: DELETE on table 'DBS' caused a violation of foreign key constraint 'TBLS_FK1' for key (4).  The statement has been rolled back.
	at org.apache.derby.iapi.error.StandardException.newException(Unknown Source)
	at org.apache.derby.iapi.error.StandardException.newException(Unknown Source)
	at org.apache.derby.impl.sql.execute.ReferencedKeyRIChecker.doCheck(Unknown Source)
	at org.apache.derby.impl.sql.execute.RISetChecker.doPKCheck(Unknown Source)
	at org.apache.derby.impl.sql.execute.DeleteResultSet.collectAffectedRows(Unknown Source)
	at org.apache.derby.impl.sql.execute.DeleteResultSet.open(Unknown Source)
	at org.apache.derby.impl.sql.GenericPreparedStatement.executeStmt(Unknown Source)
	at org.apache.derby.impl.sql.GenericPreparedStatement.execute(Unknown Source)
	... 49 more

2024-04-24T12:22:58,547  INFO [TThreadPoolServer WorkerProcess-%d] HiveMetaStore.audit: ugi=alex	ip=127.0.0.1	cmd=source:127.0.0.1 drop_database: @hive#myDb	
2024-04-24T12:22:58,550  INFO [TThreadPoolServer WorkerProcess-%d] HiveMetaStore.audit: ugi=alex	ip=127.0.0.1	cmd=source:127.0.0.1 get_all_tables: db=@hive#myDb	
2024-04-24T12:22:58,551  INFO [TThreadPoolServer WorkerProcess-%d] HiveMetaStore.audit: ugi=alex	ip=127.0.0.1	cmd=source:127.0.0.1 get_functions: db=@hive#myDb pat=*	
2024-04-24T12:22:58,552  INFO [TThreadPoolServer WorkerProcess-%d] HiveMetaStore.audit: ugi=alex	ip=127.0.0.1	cmd=source:127.0.0.1 get_all_stored_procedures	
2024-04-24T12:22:58,553  INFO [TThreadPoolServer WorkerProcess-%d] HiveMetaStore.audit: ugi=alex	ip=127.0.0.1	cmd=source:127.0.0.1 get_all_packages	
2024-04-24T12:22:58,553  INFO [TThreadPoolServer WorkerProcess-%d] HiveMetaStore.audit: ugi=alex	ip=127.0.0.1	cmd=source:127.0.0.1 getTablesByTypeCore: catName=hive: db=myDb pat=.*,type=MATERIALIZED_VIEW	
2024-04-24T12:22:58,555  INFO [TThreadPoolServer WorkerProcess-%d] metastore.ObjectStore: Dropping database hive.myDb along with all tables
2024-04-24T12:22:58,559 ERROR [TThreadPoolServer WorkerProcess-%d] metastore.RetryingHMSHandler: Retrying HMSHandler after 2000 ms (attempt 7 of 10) with error: javax.jdo.JDODataStoreException: Exception thrown flushing changes to datastore
	at org.datanucleus.api.jdo.NucleusJDOHelper.getJDOExceptionForNucleusException(NucleusJDOHelper.java:542)
	at org.datanucleus.api.jdo.JDOPersistenceManager.flush(JDOPersistenceManager.java:2081)
	at org.apache.hadoop.hive.metastore.ObjectStore.addNotificationEvent(ObjectStore.java:11639)
	at sun.reflect.GeneratedMethodAccessor68.invoke(Unknown Source)
	at sun.reflect.DelegatingMethodAccessorImpl.invoke(DelegatingMethodAccessorImpl.java:43)
	at java.lang.reflect.Method.invoke(Method.java:498)
	at org.apache.hadoop.hive.metastore.RawStoreProxy.invoke(RawStoreProxy.java:97)
	at com.sun.proxy.$Proxy32.addNotificationEvent(Unknown Source)
	at org.apache.hive.hcatalog.listener.DbNotificationListener.process(DbNotificationListener.java:1403)
	at org.apache.hive.hcatalog.listener.DbNotificationListener.onDropDatabase(DbNotificationListener.java:513)
	at org.apache.hadoop.hive.metastore.MetaStoreListenerNotifier$26.notify(MetaStoreListenerNotifier.java:99)
	at org.apache.hadoop.hive.metastore.MetaStoreListenerNotifier.notifyEvent(MetaStoreListenerNotifier.java:339)
	at org.apache.hadoop.hive.metastore.HMSHandler.drop_database_core(HMSHandler.java:1785)
	at org.apache.hadoop.hive.metastore.HMSHandler.drop_database(HMSHandler.java:1869)
	at sun.reflect.GeneratedMethodAccessor73.invoke(Unknown Source)
	at sun.reflect.DelegatingMethodAccessorImpl.invoke(DelegatingMethodAccessorImpl.java:43)
	at java.lang.reflect.Method.invoke(Method.java:498)
	at org.apache.hadoop.hive.metastore.RetryingHMSHandler.invokeInternal(RetryingHMSHandler.java:147)
	at org.apache.hadoop.hive.metastore.RetryingHMSHandler.invoke(RetryingHMSHandler.java:108)
	at com.sun.proxy.$Proxy34.drop_database(Unknown Source)
	at org.apache.hadoop.hive.metastore.api.ThriftHiveMetastore$Processor$drop_database.getResult(ThriftHiveMetastore.java:18285)
	at org.apache.hadoop.hive.metastore.api.ThriftHiveMetastore$Processor$drop_database.getResult(ThriftHiveMetastore.java:18264)
	at org.apache.thrift.ProcessFunction.process(ProcessFunction.java:38)
	at org.apache.hadoop.hive.metastore.TUGIBasedProcessor$1.run(TUGIBasedProcessor.java:111)
	at org.apache.hadoop.hive.metastore.TUGIBasedProcessor$1.run(TUGIBasedProcessor.java:107)
	at java.security.AccessController.doPrivileged(Native Method)
	at javax.security.auth.Subject.doAs(Subject.java:422)
	at org.apache.hadoop.security.UserGroupInformation.doAs(UserGroupInformation.java:1682)
	at org.apache.hadoop.hive.metastore.TUGIBasedProcessor.process(TUGIBasedProcessor.java:119)
	at org.apache.thrift.server.TThreadPoolServer$WorkerProcess.run(TThreadPoolServer.java:248)
	at java.util.concurrent.ThreadPoolExecutor.runWorker(ThreadPoolExecutor.java:1149)
	at java.util.concurrent.ThreadPoolExecutor$Worker.run(ThreadPoolExecutor.java:624)
	at java.lang.Thread.run(Thread.java:750)
NestedThrowablesStackTrace:
java.sql.BatchUpdateException: DELETE on table 'DBS' caused a violation of foreign key constraint 'TBLS_FK1' for key (4).  The statement has been rolled back.
	at org.apache.derby.impl.jdbc.EmbedStatement.executeLargeBatch(Unknown Source)
	at org.apache.derby.impl.jdbc.EmbedStatement.executeBatch(Unknown Source)
	at com.zaxxer.hikari.pool.ProxyStatement.executeBatch(ProxyStatement.java:128)
	at com.zaxxer.hikari.pool.HikariProxyPreparedStatement.executeBatch(HikariProxyPreparedStatement.java)
	at org.datanucleus.store.rdbms.ParamLoggingPreparedStatement.executeBatch(ParamLoggingPreparedStatement.java:366)
	at org.datanucleus.store.rdbms.SQLController.processConnectionStatement(SQLController.java:675)
	at org.datanucleus.store.rdbms.SQLController.processStatementsForConnection(SQLController.java:643)
	at org.datanucleus.store.rdbms.SQLController$1.transactionFlushed(SQLController.java:729)
	at org.datanucleus.store.connection.AbstractManagedConnection.transactionFlushed(AbstractManagedConnection.java:95)
	at org.datanucleus.store.connection.ConnectionManagerImpl$2.transactionFlushed(ConnectionManagerImpl.java:528)
	at org.datanucleus.TransactionImpl.flush(TransactionImpl.java:222)
	at org.datanucleus.ExecutionContextImpl.flushInternal(ExecutionContextImpl.java:4068)
	at org.datanucleus.ExecutionContextThreadedImpl.flushInternal(ExecutionContextThreadedImpl.java:448)
	at org.datanucleus.ExecutionContextImpl.flush(ExecutionContextImpl.java:4009)
	at org.datanucleus.ExecutionContextThreadedImpl.flush(ExecutionContextThreadedImpl.java:434)
	at org.datanucleus.api.jdo.JDOPersistenceManager.flush(JDOPersistenceManager.java:2064)
	at org.apache.hadoop.hive.metastore.ObjectStore.addNotificationEvent(ObjectStore.java:11639)
	at sun.reflect.GeneratedMethodAccessor68.invoke(Unknown Source)
	at sun.reflect.DelegatingMethodAccessorImpl.invoke(DelegatingMethodAccessorImpl.java:43)
	at java.lang.reflect.Method.invoke(Method.java:498)
	at org.apache.hadoop.hive.metastore.RawStoreProxy.invoke(RawStoreProxy.java:97)
	at com.sun.proxy.$Proxy32.addNotificationEvent(Unknown Source)
	at org.apache.hive.hcatalog.listener.DbNotificationListener.process(DbNotificationListener.java:1403)
	at org.apache.hive.hcatalog.listener.DbNotificationListener.onDropDatabase(DbNotificationListener.java:513)
	at org.apache.hadoop.hive.metastore.MetaStoreListenerNotifier$26.notify(MetaStoreListenerNotifier.java:99)
	at org.apache.hadoop.hive.metastore.MetaStoreListenerNotifier.notifyEvent(MetaStoreListenerNotifier.java:339)
	at org.apache.hadoop.hive.metastore.HMSHandler.drop_database_core(HMSHandler.java:1785)
	at org.apache.hadoop.hive.metastore.HMSHandler.drop_database(HMSHandler.java:1869)
	at sun.reflect.GeneratedMethodAccessor73.invoke(Unknown Source)
	at sun.reflect.DelegatingMethodAccessorImpl.invoke(DelegatingMethodAccessorImpl.java:43)
	at java.lang.reflect.Method.invoke(Method.java:498)
	at org.apache.hadoop.hive.metastore.RetryingHMSHandler.invokeInternal(RetryingHMSHandler.java:147)
	at org.apache.hadoop.hive.metastore.RetryingHMSHandler.invoke(RetryingHMSHandler.java:108)
	at com.sun.proxy.$Proxy34.drop_database(Unknown Source)
	at org.apache.hadoop.hive.metastore.api.ThriftHiveMetastore$Processor$drop_database.getResult(ThriftHiveMetastore.java:18285)
	at org.apache.hadoop.hive.metastore.api.ThriftHiveMetastore$Processor$drop_database.getResult(ThriftHiveMetastore.java:18264)
	at org.apache.thrift.ProcessFunction.process(ProcessFunction.java:38)
	at org.apache.hadoop.hive.metastore.TUGIBasedProcessor$1.run(TUGIBasedProcessor.java:111)
	at org.apache.hadoop.hive.metastore.TUGIBasedProcessor$1.run(TUGIBasedProcessor.java:107)
	at java.security.AccessController.doPrivileged(Native Method)
	at javax.security.auth.Subject.doAs(Subject.java:422)
	at org.apache.hadoop.security.UserGroupInformation.doAs(UserGroupInformation.java:1682)
	at org.apache.hadoop.hive.metastore.TUGIBasedProcessor.process(TUGIBasedProcessor.java:119)
	at org.apache.thrift.server.TThreadPoolServer$WorkerProcess.run(TThreadPoolServer.java:248)
	at java.util.concurrent.ThreadPoolExecutor.runWorker(ThreadPoolExecutor.java:1149)
	at java.util.concurrent.ThreadPoolExecutor$Worker.run(ThreadPoolExecutor.java:624)
	at java.lang.Thread.run(Thread.java:750)
Caused by: org.apache.derby.shared.common.error.DerbySQLIntegrityConstraintViolationException: DELETE on table 'DBS' caused a violation of foreign key constraint 'TBLS_FK1' for key (4).  The statement has been rolled back.
	at org.apache.derby.impl.jdbc.SQLExceptionFactory.getSQLException(Unknown Source)
	at org.apache.derby.impl.jdbc.Util.generateCsSQLException(Unknown Source)
	at org.apache.derby.impl.jdbc.TransactionResourceImpl.wrapInSQLException(Unknown Source)
	at org.apache.derby.impl.jdbc.TransactionResourceImpl.handleException(Unknown Source)
	at org.apache.derby.impl.jdbc.EmbedConnection.handleException(Unknown Source)
	at org.apache.derby.impl.jdbc.ConnectionChild.handleException(Unknown Source)
	at org.apache.derby.impl.jdbc.EmbedStatement.executeStatement(Unknown Source)
	at org.apache.derby.impl.jdbc.EmbedPreparedStatement.executeBatchElement(Unknown Source)
	... 47 more
Caused by: ERROR 23503: DELETE on table 'DBS' caused a violation of foreign key constraint 'TBLS_FK1' for key (4).  The statement has been rolled back.
	at org.apache.derby.iapi.error.StandardException.newException(Unknown Source)
	at org.apache.derby.iapi.error.StandardException.newException(Unknown Source)
	at org.apache.derby.impl.sql.execute.ReferencedKeyRIChecker.doCheck(Unknown Source)
	at org.apache.derby.impl.sql.execute.RISetChecker.doPKCheck(Unknown Source)
	at org.apache.derby.impl.sql.execute.DeleteResultSet.collectAffectedRows(Unknown Source)
	at org.apache.derby.impl.sql.execute.DeleteResultSet.open(Unknown Source)
	at org.apache.derby.impl.sql.GenericPreparedStatement.executeStmt(Unknown Source)
	at org.apache.derby.impl.sql.GenericPreparedStatement.execute(Unknown Source)
	... 49 more

2024-04-24T12:23:00,560  INFO [TThreadPoolServer WorkerProcess-%d] HiveMetaStore.audit: ugi=alex	ip=127.0.0.1	cmd=source:127.0.0.1 drop_database: @hive#myDb	
2024-04-24T12:23:00,562  INFO [TThreadPoolServer WorkerProcess-%d] HiveMetaStore.audit: ugi=alex	ip=127.0.0.1	cmd=source:127.0.0.1 get_all_tables: db=@hive#myDb	
2024-04-24T12:23:00,564  INFO [TThreadPoolServer WorkerProcess-%d] HiveMetaStore.audit: ugi=alex	ip=127.0.0.1	cmd=source:127.0.0.1 get_functions: db=@hive#myDb pat=*	
2024-04-24T12:23:00,565  INFO [TThreadPoolServer WorkerProcess-%d] HiveMetaStore.audit: ugi=alex	ip=127.0.0.1	cmd=source:127.0.0.1 get_all_stored_procedures	
2024-04-24T12:23:00,566  INFO [TThreadPoolServer WorkerProcess-%d] HiveMetaStore.audit: ugi=alex	ip=127.0.0.1	cmd=source:127.0.0.1 get_all_packages	
2024-04-24T12:23:00,566  INFO [TThreadPoolServer WorkerProcess-%d] HiveMetaStore.audit: ugi=alex	ip=127.0.0.1	cmd=source:127.0.0.1 getTablesByTypeCore: catName=hive: db=myDb pat=.*,type=MATERIALIZED_VIEW	
2024-04-24T12:23:00,568  INFO [TThreadPoolServer WorkerProcess-%d] metastore.ObjectStore: Dropping database hive.myDb along with all tables
2024-04-24T12:23:00,571 ERROR [TThreadPoolServer WorkerProcess-%d] metastore.RetryingHMSHandler: Retrying HMSHandler after 2000 ms (attempt 8 of 10) with error: javax.jdo.JDODataStoreException: Exception thrown flushing changes to datastore
	at org.datanucleus.api.jdo.NucleusJDOHelper.getJDOExceptionForNucleusException(NucleusJDOHelper.java:542)
	at org.datanucleus.api.jdo.JDOPersistenceManager.flush(JDOPersistenceManager.java:2081)
	at org.apache.hadoop.hive.metastore.ObjectStore.addNotificationEvent(ObjectStore.java:11639)
	at sun.reflect.GeneratedMethodAccessor68.invoke(Unknown Source)
	at sun.reflect.DelegatingMethodAccessorImpl.invoke(DelegatingMethodAccessorImpl.java:43)
	at java.lang.reflect.Method.invoke(Method.java:498)
	at org.apache.hadoop.hive.metastore.RawStoreProxy.invoke(RawStoreProxy.java:97)
	at com.sun.proxy.$Proxy32.addNotificationEvent(Unknown Source)
	at org.apache.hive.hcatalog.listener.DbNotificationListener.process(DbNotificationListener.java:1403)
	at org.apache.hive.hcatalog.listener.DbNotificationListener.onDropDatabase(DbNotificationListener.java:513)
	at org.apache.hadoop.hive.metastore.MetaStoreListenerNotifier$26.notify(MetaStoreListenerNotifier.java:99)
	at org.apache.hadoop.hive.metastore.MetaStoreListenerNotifier.notifyEvent(MetaStoreListenerNotifier.java:339)
	at org.apache.hadoop.hive.metastore.HMSHandler.drop_database_core(HMSHandler.java:1785)
	at org.apache.hadoop.hive.metastore.HMSHandler.drop_database(HMSHandler.java:1869)
	at sun.reflect.GeneratedMethodAccessor73.invoke(Unknown Source)
	at sun.reflect.DelegatingMethodAccessorImpl.invoke(DelegatingMethodAccessorImpl.java:43)
	at java.lang.reflect.Method.invoke(Method.java:498)
	at org.apache.hadoop.hive.metastore.RetryingHMSHandler.invokeInternal(RetryingHMSHandler.java:147)
	at org.apache.hadoop.hive.metastore.RetryingHMSHandler.invoke(RetryingHMSHandler.java:108)
	at com.sun.proxy.$Proxy34.drop_database(Unknown Source)
	at org.apache.hadoop.hive.metastore.api.ThriftHiveMetastore$Processor$drop_database.getResult(ThriftHiveMetastore.java:18285)
	at org.apache.hadoop.hive.metastore.api.ThriftHiveMetastore$Processor$drop_database.getResult(ThriftHiveMetastore.java:18264)
	at org.apache.thrift.ProcessFunction.process(ProcessFunction.java:38)
	at org.apache.hadoop.hive.metastore.TUGIBasedProcessor$1.run(TUGIBasedProcessor.java:111)
	at org.apache.hadoop.hive.metastore.TUGIBasedProcessor$1.run(TUGIBasedProcessor.java:107)
	at java.security.AccessController.doPrivileged(Native Method)
	at javax.security.auth.Subject.doAs(Subject.java:422)
	at org.apache.hadoop.security.UserGroupInformation.doAs(UserGroupInformation.java:1682)
	at org.apache.hadoop.hive.metastore.TUGIBasedProcessor.process(TUGIBasedProcessor.java:119)
	at org.apache.thrift.server.TThreadPoolServer$WorkerProcess.run(TThreadPoolServer.java:248)
	at java.util.concurrent.ThreadPoolExecutor.runWorker(ThreadPoolExecutor.java:1149)
	at java.util.concurrent.ThreadPoolExecutor$Worker.run(ThreadPoolExecutor.java:624)
	at java.lang.Thread.run(Thread.java:750)
NestedThrowablesStackTrace:
java.sql.BatchUpdateException: DELETE on table 'DBS' caused a violation of foreign key constraint 'TBLS_FK1' for key (4).  The statement has been rolled back.
	at org.apache.derby.impl.jdbc.EmbedStatement.executeLargeBatch(Unknown Source)
	at org.apache.derby.impl.jdbc.EmbedStatement.executeBatch(Unknown Source)
	at com.zaxxer.hikari.pool.ProxyStatement.executeBatch(ProxyStatement.java:128)
	at com.zaxxer.hikari.pool.HikariProxyPreparedStatement.executeBatch(HikariProxyPreparedStatement.java)
	at org.datanucleus.store.rdbms.ParamLoggingPreparedStatement.executeBatch(ParamLoggingPreparedStatement.java:366)
	at org.datanucleus.store.rdbms.SQLController.processConnectionStatement(SQLController.java:675)
	at org.datanucleus.store.rdbms.SQLController.processStatementsForConnection(SQLController.java:643)
	at org.datanucleus.store.rdbms.SQLController$1.transactionFlushed(SQLController.java:729)
	at org.datanucleus.store.connection.AbstractManagedConnection.transactionFlushed(AbstractManagedConnection.java:95)
	at org.datanucleus.store.connection.ConnectionManagerImpl$2.transactionFlushed(ConnectionManagerImpl.java:528)
	at org.datanucleus.TransactionImpl.flush(TransactionImpl.java:222)
	at org.datanucleus.ExecutionContextImpl.flushInternal(ExecutionContextImpl.java:4068)
	at org.datanucleus.ExecutionContextThreadedImpl.flushInternal(ExecutionContextThreadedImpl.java:448)
	at org.datanucleus.ExecutionContextImpl.flush(ExecutionContextImpl.java:4009)
	at org.datanucleus.ExecutionContextThreadedImpl.flush(ExecutionContextThreadedImpl.java:434)
	at org.datanucleus.api.jdo.JDOPersistenceManager.flush(JDOPersistenceManager.java:2064)
	at org.apache.hadoop.hive.metastore.ObjectStore.addNotificationEvent(ObjectStore.java:11639)
	at sun.reflect.GeneratedMethodAccessor68.invoke(Unknown Source)
	at sun.reflect.DelegatingMethodAccessorImpl.invoke(DelegatingMethodAccessorImpl.java:43)
	at java.lang.reflect.Method.invoke(Method.java:498)
	at org.apache.hadoop.hive.metastore.RawStoreProxy.invoke(RawStoreProxy.java:97)
	at com.sun.proxy.$Proxy32.addNotificationEvent(Unknown Source)
	at org.apache.hive.hcatalog.listener.DbNotificationListener.process(DbNotificationListener.java:1403)
	at org.apache.hive.hcatalog.listener.DbNotificationListener.onDropDatabase(DbNotificationListener.java:513)
	at org.apache.hadoop.hive.metastore.MetaStoreListenerNotifier$26.notify(MetaStoreListenerNotifier.java:99)
	at org.apache.hadoop.hive.metastore.MetaStoreListenerNotifier.notifyEvent(MetaStoreListenerNotifier.java:339)
	at org.apache.hadoop.hive.metastore.HMSHandler.drop_database_core(HMSHandler.java:1785)
	at org.apache.hadoop.hive.metastore.HMSHandler.drop_database(HMSHandler.java:1869)
	at sun.reflect.GeneratedMethodAccessor73.invoke(Unknown Source)
	at sun.reflect.DelegatingMethodAccessorImpl.invoke(DelegatingMethodAccessorImpl.java:43)
	at java.lang.reflect.Method.invoke(Method.java:498)
	at org.apache.hadoop.hive.metastore.RetryingHMSHandler.invokeInternal(RetryingHMSHandler.java:147)
	at org.apache.hadoop.hive.metastore.RetryingHMSHandler.invoke(RetryingHMSHandler.java:108)
	at com.sun.proxy.$Proxy34.drop_database(Unknown Source)
	at org.apache.hadoop.hive.metastore.api.ThriftHiveMetastore$Processor$drop_database.getResult(ThriftHiveMetastore.java:18285)
	at org.apache.hadoop.hive.metastore.api.ThriftHiveMetastore$Processor$drop_database.getResult(ThriftHiveMetastore.java:18264)
	at org.apache.thrift.ProcessFunction.process(ProcessFunction.java:38)
	at org.apache.hadoop.hive.metastore.TUGIBasedProcessor$1.run(TUGIBasedProcessor.java:111)
	at org.apache.hadoop.hive.metastore.TUGIBasedProcessor$1.run(TUGIBasedProcessor.java:107)
	at java.security.AccessController.doPrivileged(Native Method)
	at javax.security.auth.Subject.doAs(Subject.java:422)
	at org.apache.hadoop.security.UserGroupInformation.doAs(UserGroupInformation.java:1682)
	at org.apache.hadoop.hive.metastore.TUGIBasedProcessor.process(TUGIBasedProcessor.java:119)
	at org.apache.thrift.server.TThreadPoolServer$WorkerProcess.run(TThreadPoolServer.java:248)
	at java.util.concurrent.ThreadPoolExecutor.runWorker(ThreadPoolExecutor.java:1149)
	at java.util.concurrent.ThreadPoolExecutor$Worker.run(ThreadPoolExecutor.java:624)
	at java.lang.Thread.run(Thread.java:750)
Caused by: org.apache.derby.shared.common.error.DerbySQLIntegrityConstraintViolationException: DELETE on table 'DBS' caused a violation of foreign key constraint 'TBLS_FK1' for key (4).  The statement has been rolled back.
	at org.apache.derby.impl.jdbc.SQLExceptionFactory.getSQLException(Unknown Source)
	at org.apache.derby.impl.jdbc.Util.generateCsSQLException(Unknown Source)
	at org.apache.derby.impl.jdbc.TransactionResourceImpl.wrapInSQLException(Unknown Source)
	at org.apache.derby.impl.jdbc.TransactionResourceImpl.handleException(Unknown Source)
	at org.apache.derby.impl.jdbc.EmbedConnection.handleException(Unknown Source)
	at org.apache.derby.impl.jdbc.ConnectionChild.handleException(Unknown Source)
	at org.apache.derby.impl.jdbc.EmbedStatement.executeStatement(Unknown Source)
	at org.apache.derby.impl.jdbc.EmbedPreparedStatement.executeBatchElement(Unknown Source)
	... 47 more
Caused by: ERROR 23503: DELETE on table 'DBS' caused a violation of foreign key constraint 'TBLS_FK1' for key (4).  The statement has been rolled back.
	at org.apache.derby.iapi.error.StandardException.newException(Unknown Source)
	at org.apache.derby.iapi.error.StandardException.newException(Unknown Source)
	at org.apache.derby.impl.sql.execute.ReferencedKeyRIChecker.doCheck(Unknown Source)
	at org.apache.derby.impl.sql.execute.RISetChecker.doPKCheck(Unknown Source)
	at org.apache.derby.impl.sql.execute.DeleteResultSet.collectAffectedRows(Unknown Source)
	at org.apache.derby.impl.sql.execute.DeleteResultSet.open(Unknown Source)
	at org.apache.derby.impl.sql.GenericPreparedStatement.executeStmt(Unknown Source)
	at org.apache.derby.impl.sql.GenericPreparedStatement.execute(Unknown Source)
	... 49 more

2024-04-24T12:23:02,572  INFO [TThreadPoolServer WorkerProcess-%d] HiveMetaStore.audit: ugi=alex	ip=127.0.0.1	cmd=source:127.0.0.1 drop_database: @hive#myDb	
2024-04-24T12:23:02,575  INFO [TThreadPoolServer WorkerProcess-%d] HiveMetaStore.audit: ugi=alex	ip=127.0.0.1	cmd=source:127.0.0.1 get_all_tables: db=@hive#myDb	
2024-04-24T12:23:02,576  INFO [TThreadPoolServer WorkerProcess-%d] HiveMetaStore.audit: ugi=alex	ip=127.0.0.1	cmd=source:127.0.0.1 get_functions: db=@hive#myDb pat=*	
2024-04-24T12:23:02,578  INFO [TThreadPoolServer WorkerProcess-%d] HiveMetaStore.audit: ugi=alex	ip=127.0.0.1	cmd=source:127.0.0.1 get_all_stored_procedures	
2024-04-24T12:23:02,579  INFO [TThreadPoolServer WorkerProcess-%d] HiveMetaStore.audit: ugi=alex	ip=127.0.0.1	cmd=source:127.0.0.1 get_all_packages	
2024-04-24T12:23:02,580  INFO [TThreadPoolServer WorkerProcess-%d] HiveMetaStore.audit: ugi=alex	ip=127.0.0.1	cmd=source:127.0.0.1 getTablesByTypeCore: catName=hive: db=myDb pat=.*,type=MATERIALIZED_VIEW	
2024-04-24T12:23:02,581  INFO [TThreadPoolServer WorkerProcess-%d] metastore.ObjectStore: Dropping database hive.myDb along with all tables
2024-04-24T12:23:02,585 ERROR [TThreadPoolServer WorkerProcess-%d] metastore.RetryingHMSHandler: Retrying HMSHandler after 2000 ms (attempt 9 of 10) with error: javax.jdo.JDODataStoreException: Exception thrown flushing changes to datastore
	at org.datanucleus.api.jdo.NucleusJDOHelper.getJDOExceptionForNucleusException(NucleusJDOHelper.java:542)
	at org.datanucleus.api.jdo.JDOPersistenceManager.flush(JDOPersistenceManager.java:2081)
	at org.apache.hadoop.hive.metastore.ObjectStore.addNotificationEvent(ObjectStore.java:11639)
	at sun.reflect.GeneratedMethodAccessor68.invoke(Unknown Source)
	at sun.reflect.DelegatingMethodAccessorImpl.invoke(DelegatingMethodAccessorImpl.java:43)
	at java.lang.reflect.Method.invoke(Method.java:498)
	at org.apache.hadoop.hive.metastore.RawStoreProxy.invoke(RawStoreProxy.java:97)
	at com.sun.proxy.$Proxy32.addNotificationEvent(Unknown Source)
	at org.apache.hive.hcatalog.listener.DbNotificationListener.process(DbNotificationListener.java:1403)
	at org.apache.hive.hcatalog.listener.DbNotificationListener.onDropDatabase(DbNotificationListener.java:513)
	at org.apache.hadoop.hive.metastore.MetaStoreListenerNotifier$26.notify(MetaStoreListenerNotifier.java:99)
	at org.apache.hadoop.hive.metastore.MetaStoreListenerNotifier.notifyEvent(MetaStoreListenerNotifier.java:339)
	at org.apache.hadoop.hive.metastore.HMSHandler.drop_database_core(HMSHandler.java:1785)
	at org.apache.hadoop.hive.metastore.HMSHandler.drop_database(HMSHandler.java:1869)
	at sun.reflect.GeneratedMethodAccessor73.invoke(Unknown Source)
	at sun.reflect.DelegatingMethodAccessorImpl.invoke(DelegatingMethodAccessorImpl.java:43)
	at java.lang.reflect.Method.invoke(Method.java:498)
	at org.apache.hadoop.hive.metastore.RetryingHMSHandler.invokeInternal(RetryingHMSHandler.java:147)
	at org.apache.hadoop.hive.metastore.RetryingHMSHandler.invoke(RetryingHMSHandler.java:108)
	at com.sun.proxy.$Proxy34.drop_database(Unknown Source)
	at org.apache.hadoop.hive.metastore.api.ThriftHiveMetastore$Processor$drop_database.getResult(ThriftHiveMetastore.java:18285)
	at org.apache.hadoop.hive.metastore.api.ThriftHiveMetastore$Processor$drop_database.getResult(ThriftHiveMetastore.java:18264)
	at org.apache.thrift.ProcessFunction.process(ProcessFunction.java:38)
	at org.apache.hadoop.hive.metastore.TUGIBasedProcessor$1.run(TUGIBasedProcessor.java:111)
	at org.apache.hadoop.hive.metastore.TUGIBasedProcessor$1.run(TUGIBasedProcessor.java:107)
	at java.security.AccessController.doPrivileged(Native Method)
	at javax.security.auth.Subject.doAs(Subject.java:422)
	at org.apache.hadoop.security.UserGroupInformation.doAs(UserGroupInformation.java:1682)
	at org.apache.hadoop.hive.metastore.TUGIBasedProcessor.process(TUGIBasedProcessor.java:119)
	at org.apache.thrift.server.TThreadPoolServer$WorkerProcess.run(TThreadPoolServer.java:248)
	at java.util.concurrent.ThreadPoolExecutor.runWorker(ThreadPoolExecutor.java:1149)
	at java.util.concurrent.ThreadPoolExecutor$Worker.run(ThreadPoolExecutor.java:624)
	at java.lang.Thread.run(Thread.java:750)
NestedThrowablesStackTrace:
java.sql.BatchUpdateException: DELETE on table 'DBS' caused a violation of foreign key constraint 'TBLS_FK1' for key (4).  The statement has been rolled back.
	at org.apache.derby.impl.jdbc.EmbedStatement.executeLargeBatch(Unknown Source)
	at org.apache.derby.impl.jdbc.EmbedStatement.executeBatch(Unknown Source)
	at com.zaxxer.hikari.pool.ProxyStatement.executeBatch(ProxyStatement.java:128)
	at com.zaxxer.hikari.pool.HikariProxyPreparedStatement.executeBatch(HikariProxyPreparedStatement.java)
	at org.datanucleus.store.rdbms.ParamLoggingPreparedStatement.executeBatch(ParamLoggingPreparedStatement.java:366)
	at org.datanucleus.store.rdbms.SQLController.processConnectionStatement(SQLController.java:675)
	at org.datanucleus.store.rdbms.SQLController.processStatementsForConnection(SQLController.java:643)
	at org.datanucleus.store.rdbms.SQLController$1.transactionFlushed(SQLController.java:729)
	at org.datanucleus.store.connection.AbstractManagedConnection.transactionFlushed(AbstractManagedConnection.java:95)
	at org.datanucleus.store.connection.ConnectionManagerImpl$2.transactionFlushed(ConnectionManagerImpl.java:528)
	at org.datanucleus.TransactionImpl.flush(TransactionImpl.java:222)
	at org.datanucleus.ExecutionContextImpl.flushInternal(ExecutionContextImpl.java:4068)
	at org.datanucleus.ExecutionContextThreadedImpl.flushInternal(ExecutionContextThreadedImpl.java:448)
	at org.datanucleus.ExecutionContextImpl.flush(ExecutionContextImpl.java:4009)
	at org.datanucleus.ExecutionContextThreadedImpl.flush(ExecutionContextThreadedImpl.java:434)
	at org.datanucleus.api.jdo.JDOPersistenceManager.flush(JDOPersistenceManager.java:2064)
	at org.apache.hadoop.hive.metastore.ObjectStore.addNotificationEvent(ObjectStore.java:11639)
	at sun.reflect.GeneratedMethodAccessor68.invoke(Unknown Source)
	at sun.reflect.DelegatingMethodAccessorImpl.invoke(DelegatingMethodAccessorImpl.java:43)
	at java.lang.reflect.Method.invoke(Method.java:498)
	at org.apache.hadoop.hive.metastore.RawStoreProxy.invoke(RawStoreProxy.java:97)
	at com.sun.proxy.$Proxy32.addNotificationEvent(Unknown Source)
	at org.apache.hive.hcatalog.listener.DbNotificationListener.process(DbNotificationListener.java:1403)
	at org.apache.hive.hcatalog.listener.DbNotificationListener.onDropDatabase(DbNotificationListener.java:513)
	at org.apache.hadoop.hive.metastore.MetaStoreListenerNotifier$26.notify(MetaStoreListenerNotifier.java:99)
	at org.apache.hadoop.hive.metastore.MetaStoreListenerNotifier.notifyEvent(MetaStoreListenerNotifier.java:339)
	at org.apache.hadoop.hive.metastore.HMSHandler.drop_database_core(HMSHandler.java:1785)
	at org.apache.hadoop.hive.metastore.HMSHandler.drop_database(HMSHandler.java:1869)
	at sun.reflect.GeneratedMethodAccessor73.invoke(Unknown Source)
	at sun.reflect.DelegatingMethodAccessorImpl.invoke(DelegatingMethodAccessorImpl.java:43)
	at java.lang.reflect.Method.invoke(Method.java:498)
	at org.apache.hadoop.hive.metastore.RetryingHMSHandler.invokeInternal(RetryingHMSHandler.java:147)
	at org.apache.hadoop.hive.metastore.RetryingHMSHandler.invoke(RetryingHMSHandler.java:108)
	at com.sun.proxy.$Proxy34.drop_database(Unknown Source)
	at org.apache.hadoop.hive.metastore.api.ThriftHiveMetastore$Processor$drop_database.getResult(ThriftHiveMetastore.java:18285)
	at org.apache.hadoop.hive.metastore.api.ThriftHiveMetastore$Processor$drop_database.getResult(ThriftHiveMetastore.java:18264)
	at org.apache.thrift.ProcessFunction.process(ProcessFunction.java:38)
	at org.apache.hadoop.hive.metastore.TUGIBasedProcessor$1.run(TUGIBasedProcessor.java:111)
	at org.apache.hadoop.hive.metastore.TUGIBasedProcessor$1.run(TUGIBasedProcessor.java:107)
	at java.security.AccessController.doPrivileged(Native Method)
	at javax.security.auth.Subject.doAs(Subject.java:422)
	at org.apache.hadoop.security.UserGroupInformation.doAs(UserGroupInformation.java:1682)
	at org.apache.hadoop.hive.metastore.TUGIBasedProcessor.process(TUGIBasedProcessor.java:119)
	at org.apache.thrift.server.TThreadPoolServer$WorkerProcess.run(TThreadPoolServer.java:248)
	at java.util.concurrent.ThreadPoolExecutor.runWorker(ThreadPoolExecutor.java:1149)
	at java.util.concurrent.ThreadPoolExecutor$Worker.run(ThreadPoolExecutor.java:624)
	at java.lang.Thread.run(Thread.java:750)
Caused by: org.apache.derby.shared.common.error.DerbySQLIntegrityConstraintViolationException: DELETE on table 'DBS' caused a violation of foreign key constraint 'TBLS_FK1' for key (4).  The statement has been rolled back.
	at org.apache.derby.impl.jdbc.SQLExceptionFactory.getSQLException(Unknown Source)
	at org.apache.derby.impl.jdbc.Util.generateCsSQLException(Unknown Source)
	at org.apache.derby.impl.jdbc.TransactionResourceImpl.wrapInSQLException(Unknown Source)
	at org.apache.derby.impl.jdbc.TransactionResourceImpl.handleException(Unknown Source)
	at org.apache.derby.impl.jdbc.EmbedConnection.handleException(Unknown Source)
	at org.apache.derby.impl.jdbc.ConnectionChild.handleException(Unknown Source)
	at org.apache.derby.impl.jdbc.EmbedStatement.executeStatement(Unknown Source)
	at org.apache.derby.impl.jdbc.EmbedPreparedStatement.executeBatchElement(Unknown Source)
	... 47 more
Caused by: ERROR 23503: DELETE on table 'DBS' caused a violation of foreign key constraint 'TBLS_FK1' for key (4).  The statement has been rolled back.
	at org.apache.derby.iapi.error.StandardException.newException(Unknown Source)
	at org.apache.derby.iapi.error.StandardException.newException(Unknown Source)
	at org.apache.derby.impl.sql.execute.ReferencedKeyRIChecker.doCheck(Unknown Source)
	at org.apache.derby.impl.sql.execute.RISetChecker.doPKCheck(Unknown Source)
	at org.apache.derby.impl.sql.execute.DeleteResultSet.collectAffectedRows(Unknown Source)
	at org.apache.derby.impl.sql.execute.DeleteResultSet.open(Unknown Source)
	at org.apache.derby.impl.sql.GenericPreparedStatement.executeStmt(Unknown Source)
	at org.apache.derby.impl.sql.GenericPreparedStatement.execute(Unknown Source)
	... 49 more

2024-04-24T12:23:04,585  INFO [TThreadPoolServer WorkerProcess-%d] HiveMetaStore.audit: ugi=alex	ip=127.0.0.1	cmd=source:127.0.0.1 drop_database: @hive#myDb	
2024-04-24T12:23:04,588  INFO [TThreadPoolServer WorkerProcess-%d] HiveMetaStore.audit: ugi=alex	ip=127.0.0.1	cmd=source:127.0.0.1 get_all_tables: db=@hive#myDb	
2024-04-24T12:23:04,589  INFO [TThreadPoolServer WorkerProcess-%d] HiveMetaStore.audit: ugi=alex	ip=127.0.0.1	cmd=source:127.0.0.1 get_functions: db=@hive#myDb pat=*	
2024-04-24T12:23:04,590  INFO [TThreadPoolServer WorkerProcess-%d] HiveMetaStore.audit: ugi=alex	ip=127.0.0.1	cmd=source:127.0.0.1 get_all_stored_procedures	
2024-04-24T12:23:04,591  INFO [TThreadPoolServer WorkerProcess-%d] HiveMetaStore.audit: ugi=alex	ip=127.0.0.1	cmd=source:127.0.0.1 get_all_packages	
2024-04-24T12:23:04,591  INFO [TThreadPoolServer WorkerProcess-%d] HiveMetaStore.audit: ugi=alex	ip=127.0.0.1	cmd=source:127.0.0.1 getTablesByTypeCore: catName=hive: db=myDb pat=.*,type=MATERIALIZED_VIEW	
2024-04-24T12:23:04,593  INFO [TThreadPoolServer WorkerProcess-%d] metastore.ObjectStore: Dropping database hive.myDb along with all tables
2024-04-24T12:23:04,597 ERROR [TThreadPoolServer WorkerProcess-%d] metastore.RetryingHMSHandler: Retrying HMSHandler after 2000 ms (attempt 10 of 10) with error: javax.jdo.JDODataStoreException: Exception thrown flushing changes to datastore
	at org.datanucleus.api.jdo.NucleusJDOHelper.getJDOExceptionForNucleusException(NucleusJDOHelper.java:542)
	at org.datanucleus.api.jdo.JDOPersistenceManager.flush(JDOPersistenceManager.java:2081)
	at org.apache.hadoop.hive.metastore.ObjectStore.addNotificationEvent(ObjectStore.java:11639)
	at sun.reflect.GeneratedMethodAccessor68.invoke(Unknown Source)
	at sun.reflect.DelegatingMethodAccessorImpl.invoke(DelegatingMethodAccessorImpl.java:43)
	at java.lang.reflect.Method.invoke(Method.java:498)
	at org.apache.hadoop.hive.metastore.RawStoreProxy.invoke(RawStoreProxy.java:97)
	at com.sun.proxy.$Proxy32.addNotificationEvent(Unknown Source)
	at org.apache.hive.hcatalog.listener.DbNotificationListener.process(DbNotificationListener.java:1403)
	at org.apache.hive.hcatalog.listener.DbNotificationListener.onDropDatabase(DbNotificationListener.java:513)
	at org.apache.hadoop.hive.metastore.MetaStoreListenerNotifier$26.notify(MetaStoreListenerNotifier.java:99)
	at org.apache.hadoop.hive.metastore.MetaStoreListenerNotifier.notifyEvent(MetaStoreListenerNotifier.java:339)
	at org.apache.hadoop.hive.metastore.HMSHandler.drop_database_core(HMSHandler.java:1785)
	at org.apache.hadoop.hive.metastore.HMSHandler.drop_database(HMSHandler.java:1869)
	at sun.reflect.GeneratedMethodAccessor73.invoke(Unknown Source)
	at sun.reflect.DelegatingMethodAccessorImpl.invoke(DelegatingMethodAccessorImpl.java:43)
	at java.lang.reflect.Method.invoke(Method.java:498)
	at org.apache.hadoop.hive.metastore.RetryingHMSHandler.invokeInternal(RetryingHMSHandler.java:147)
	at org.apache.hadoop.hive.metastore.RetryingHMSHandler.invoke(RetryingHMSHandler.java:108)
	at com.sun.proxy.$Proxy34.drop_database(Unknown Source)
	at org.apache.hadoop.hive.metastore.api.ThriftHiveMetastore$Processor$drop_database.getResult(ThriftHiveMetastore.java:18285)
	at org.apache.hadoop.hive.metastore.api.ThriftHiveMetastore$Processor$drop_database.getResult(ThriftHiveMetastore.java:18264)
	at org.apache.thrift.ProcessFunction.process(ProcessFunction.java:38)
	at org.apache.hadoop.hive.metastore.TUGIBasedProcessor$1.run(TUGIBasedProcessor.java:111)
	at org.apache.hadoop.hive.metastore.TUGIBasedProcessor$1.run(TUGIBasedProcessor.java:107)
	at java.security.AccessController.doPrivileged(Native Method)
	at javax.security.auth.Subject.doAs(Subject.java:422)
	at org.apache.hadoop.security.UserGroupInformation.doAs(UserGroupInformation.java:1682)
	at org.apache.hadoop.hive.metastore.TUGIBasedProcessor.process(TUGIBasedProcessor.java:119)
	at org.apache.thrift.server.TThreadPoolServer$WorkerProcess.run(TThreadPoolServer.java:248)
	at java.util.concurrent.ThreadPoolExecutor.runWorker(ThreadPoolExecutor.java:1149)
	at java.util.concurrent.ThreadPoolExecutor$Worker.run(ThreadPoolExecutor.java:624)
	at java.lang.Thread.run(Thread.java:750)
NestedThrowablesStackTrace:
java.sql.BatchUpdateException: DELETE on table 'DBS' caused a violation of foreign key constraint 'TBLS_FK1' for key (4).  The statement has been rolled back.
	at org.apache.derby.impl.jdbc.EmbedStatement.executeLargeBatch(Unknown Source)
	at org.apache.derby.impl.jdbc.EmbedStatement.executeBatch(Unknown Source)
	at com.zaxxer.hikari.pool.ProxyStatement.executeBatch(ProxyStatement.java:128)
	at com.zaxxer.hikari.pool.HikariProxyPreparedStatement.executeBatch(HikariProxyPreparedStatement.java)
	at org.datanucleus.store.rdbms.ParamLoggingPreparedStatement.executeBatch(ParamLoggingPreparedStatement.java:366)
	at org.datanucleus.store.rdbms.SQLController.processConnectionStatement(SQLController.java:675)
	at org.datanucleus.store.rdbms.SQLController.processStatementsForConnection(SQLController.java:643)
	at org.datanucleus.store.rdbms.SQLController$1.transactionFlushed(SQLController.java:729)
	at org.datanucleus.store.connection.AbstractManagedConnection.transactionFlushed(AbstractManagedConnection.java:95)
	at org.datanucleus.store.connection.ConnectionManagerImpl$2.transactionFlushed(ConnectionManagerImpl.java:528)
	at org.datanucleus.TransactionImpl.flush(TransactionImpl.java:222)
	at org.datanucleus.ExecutionContextImpl.flushInternal(ExecutionContextImpl.java:4068)
	at org.datanucleus.ExecutionContextThreadedImpl.flushInternal(ExecutionContextThreadedImpl.java:448)
	at org.datanucleus.ExecutionContextImpl.flush(ExecutionContextImpl.java:4009)
	at org.datanucleus.ExecutionContextThreadedImpl.flush(ExecutionContextThreadedImpl.java:434)
	at org.datanucleus.api.jdo.JDOPersistenceManager.flush(JDOPersistenceManager.java:2064)
	at org.apache.hadoop.hive.metastore.ObjectStore.addNotificationEvent(ObjectStore.java:11639)
	at sun.reflect.GeneratedMethodAccessor68.invoke(Unknown Source)
	at sun.reflect.DelegatingMethodAccessorImpl.invoke(DelegatingMethodAccessorImpl.java:43)
	at java.lang.reflect.Method.invoke(Method.java:498)
	at org.apache.hadoop.hive.metastore.RawStoreProxy.invoke(RawStoreProxy.java:97)
	at com.sun.proxy.$Proxy32.addNotificationEvent(Unknown Source)
	at org.apache.hive.hcatalog.listener.DbNotificationListener.process(DbNotificationListener.java:1403)
	at org.apache.hive.hcatalog.listener.DbNotificationListener.onDropDatabase(DbNotificationListener.java:513)
	at org.apache.hadoop.hive.metastore.MetaStoreListenerNotifier$26.notify(MetaStoreListenerNotifier.java:99)
	at org.apache.hadoop.hive.metastore.MetaStoreListenerNotifier.notifyEvent(MetaStoreListenerNotifier.java:339)
	at org.apache.hadoop.hive.metastore.HMSHandler.drop_database_core(HMSHandler.java:1785)
	at org.apache.hadoop.hive.metastore.HMSHandler.drop_database(HMSHandler.java:1869)
	at sun.reflect.GeneratedMethodAccessor73.invoke(Unknown Source)
	at sun.reflect.DelegatingMethodAccessorImpl.invoke(DelegatingMethodAccessorImpl.java:43)
	at java.lang.reflect.Method.invoke(Method.java:498)
	at org.apache.hadoop.hive.metastore.RetryingHMSHandler.invokeInternal(RetryingHMSHandler.java:147)
	at org.apache.hadoop.hive.metastore.RetryingHMSHandler.invoke(RetryingHMSHandler.java:108)
	at com.sun.proxy.$Proxy34.drop_database(Unknown Source)
	at org.apache.hadoop.hive.metastore.api.ThriftHiveMetastore$Processor$drop_database.getResult(ThriftHiveMetastore.java:18285)
	at org.apache.hadoop.hive.metastore.api.ThriftHiveMetastore$Processor$drop_database.getResult(ThriftHiveMetastore.java:18264)
	at org.apache.thrift.ProcessFunction.process(ProcessFunction.java:38)
	at org.apache.hadoop.hive.metastore.TUGIBasedProcessor$1.run(TUGIBasedProcessor.java:111)
	at org.apache.hadoop.hive.metastore.TUGIBasedProcessor$1.run(TUGIBasedProcessor.java:107)
	at java.security.AccessController.doPrivileged(Native Method)
	at javax.security.auth.Subject.doAs(Subject.java:422)
	at org.apache.hadoop.security.UserGroupInformation.doAs(UserGroupInformation.java:1682)
	at org.apache.hadoop.hive.metastore.TUGIBasedProcessor.process(TUGIBasedProcessor.java:119)
	at org.apache.thrift.server.TThreadPoolServer$WorkerProcess.run(TThreadPoolServer.java:248)
	at java.util.concurrent.ThreadPoolExecutor.runWorker(ThreadPoolExecutor.java:1149)
	at java.util.concurrent.ThreadPoolExecutor$Worker.run(ThreadPoolExecutor.java:624)
	at java.lang.Thread.run(Thread.java:750)
Caused by: org.apache.derby.shared.common.error.DerbySQLIntegrityConstraintViolationException: DELETE on table 'DBS' caused a violation of foreign key constraint 'TBLS_FK1' for key (4).  The statement has been rolled back.
	at org.apache.derby.impl.jdbc.SQLExceptionFactory.getSQLException(Unknown Source)
	at org.apache.derby.impl.jdbc.Util.generateCsSQLException(Unknown Source)
	at org.apache.derby.impl.jdbc.TransactionResourceImpl.wrapInSQLException(Unknown Source)
	at org.apache.derby.impl.jdbc.TransactionResourceImpl.handleException(Unknown Source)
	at org.apache.derby.impl.jdbc.EmbedConnection.handleException(Unknown Source)
	at org.apache.derby.impl.jdbc.ConnectionChild.handleException(Unknown Source)
	at org.apache.derby.impl.jdbc.EmbedStatement.executeStatement(Unknown Source)
	at org.apache.derby.impl.jdbc.EmbedPreparedStatement.executeBatchElement(Unknown Source)
	... 47 more
Caused by: ERROR 23503: DELETE on table 'DBS' caused a violation of foreign key constraint 'TBLS_FK1' for key (4).  The statement has been rolled back.
	at org.apache.derby.iapi.error.StandardException.newException(Unknown Source)
	at org.apache.derby.iapi.error.StandardException.newException(Unknown Source)
	at org.apache.derby.impl.sql.execute.ReferencedKeyRIChecker.doCheck(Unknown Source)
	at org.apache.derby.impl.sql.execute.RISetChecker.doPKCheck(Unknown Source)
	at org.apache.derby.impl.sql.execute.DeleteResultSet.collectAffectedRows(Unknown Source)
	at org.apache.derby.impl.sql.execute.DeleteResultSet.open(Unknown Source)
	at org.apache.derby.impl.sql.GenericPreparedStatement.executeStmt(Unknown Source)
	at org.apache.derby.impl.sql.GenericPreparedStatement.execute(Unknown Source)
	... 49 more

2024-04-24T12:23:06,598  INFO [TThreadPoolServer WorkerProcess-%d] HiveMetaStore.audit: ugi=alex	ip=127.0.0.1	cmd=source:127.0.0.1 drop_database: @hive#myDb	
2024-04-24T12:23:06,601  INFO [TThreadPoolServer WorkerProcess-%d] HiveMetaStore.audit: ugi=alex	ip=127.0.0.1	cmd=source:127.0.0.1 get_all_tables: db=@hive#myDb	
2024-04-24T12:23:06,602  INFO [TThreadPoolServer WorkerProcess-%d] HiveMetaStore.audit: ugi=alex	ip=127.0.0.1	cmd=source:127.0.0.1 get_functions: db=@hive#myDb pat=*	
2024-04-24T12:23:06,603  INFO [TThreadPoolServer WorkerProcess-%d] HiveMetaStore.audit: ugi=alex	ip=127.0.0.1	cmd=source:127.0.0.1 get_all_stored_procedures	
2024-04-24T12:23:06,604  INFO [TThreadPoolServer WorkerProcess-%d] HiveMetaStore.audit: ugi=alex	ip=127.0.0.1	cmd=source:127.0.0.1 get_all_packages	
2024-04-24T12:23:06,605  INFO [TThreadPoolServer WorkerProcess-%d] HiveMetaStore.audit: ugi=alex	ip=127.0.0.1	cmd=source:127.0.0.1 getTablesByTypeCore: catName=hive: db=myDb pat=.*,type=MATERIALIZED_VIEW	
2024-04-24T12:23:06,607  INFO [TThreadPoolServer WorkerProcess-%d] metastore.ObjectStore: Dropping database hive.myDb along with all tables
2024-04-24T12:23:06,610 ERROR [TThreadPoolServer WorkerProcess-%d] metastore.RetryingHMSHandler: HMSHandler Fatal error: javax.jdo.JDODataStoreException: Exception thrown flushing changes to datastore
	at org.datanucleus.api.jdo.NucleusJDOHelper.getJDOExceptionForNucleusException(NucleusJDOHelper.java:542)
	at org.datanucleus.api.jdo.JDOPersistenceManager.flush(JDOPersistenceManager.java:2081)
	at org.apache.hadoop.hive.metastore.ObjectStore.addNotificationEvent(ObjectStore.java:11639)
	at sun.reflect.GeneratedMethodAccessor68.invoke(Unknown Source)
	at sun.reflect.DelegatingMethodAccessorImpl.invoke(DelegatingMethodAccessorImpl.java:43)
	at java.lang.reflect.Method.invoke(Method.java:498)
	at org.apache.hadoop.hive.metastore.RawStoreProxy.invoke(RawStoreProxy.java:97)
	at com.sun.proxy.$Proxy32.addNotificationEvent(Unknown Source)
	at org.apache.hive.hcatalog.listener.DbNotificationListener.process(DbNotificationListener.java:1403)
	at org.apache.hive.hcatalog.listener.DbNotificationListener.onDropDatabase(DbNotificationListener.java:513)
	at org.apache.hadoop.hive.metastore.MetaStoreListenerNotifier$26.notify(MetaStoreListenerNotifier.java:99)
	at org.apache.hadoop.hive.metastore.MetaStoreListenerNotifier.notifyEvent(MetaStoreListenerNotifier.java:339)
	at org.apache.hadoop.hive.metastore.HMSHandler.drop_database_core(HMSHandler.java:1785)
	at org.apache.hadoop.hive.metastore.HMSHandler.drop_database(HMSHandler.java:1869)
	at sun.reflect.GeneratedMethodAccessor73.invoke(Unknown Source)
	at sun.reflect.DelegatingMethodAccessorImpl.invoke(DelegatingMethodAccessorImpl.java:43)
	at java.lang.reflect.Method.invoke(Method.java:498)
	at org.apache.hadoop.hive.metastore.RetryingHMSHandler.invokeInternal(RetryingHMSHandler.java:147)
	at org.apache.hadoop.hive.metastore.RetryingHMSHandler.invoke(RetryingHMSHandler.java:108)
	at com.sun.proxy.$Proxy34.drop_database(Unknown Source)
	at org.apache.hadoop.hive.metastore.api.ThriftHiveMetastore$Processor$drop_database.getResult(ThriftHiveMetastore.java:18285)
	at org.apache.hadoop.hive.metastore.api.ThriftHiveMetastore$Processor$drop_database.getResult(ThriftHiveMetastore.java:18264)
	at org.apache.thrift.ProcessFunction.process(ProcessFunction.java:38)
	at org.apache.hadoop.hive.metastore.TUGIBasedProcessor$1.run(TUGIBasedProcessor.java:111)
	at org.apache.hadoop.hive.metastore.TUGIBasedProcessor$1.run(TUGIBasedProcessor.java:107)
	at java.security.AccessController.doPrivileged(Native Method)
	at javax.security.auth.Subject.doAs(Subject.java:422)
	at org.apache.hadoop.security.UserGroupInformation.doAs(UserGroupInformation.java:1682)
	at org.apache.hadoop.hive.metastore.TUGIBasedProcessor.process(TUGIBasedProcessor.java:119)
	at org.apache.thrift.server.TThreadPoolServer$WorkerProcess.run(TThreadPoolServer.java:248)
	at java.util.concurrent.ThreadPoolExecutor.runWorker(ThreadPoolExecutor.java:1149)
	at java.util.concurrent.ThreadPoolExecutor$Worker.run(ThreadPoolExecutor.java:624)
	at java.lang.Thread.run(Thread.java:750)
NestedThrowablesStackTrace:
java.sql.BatchUpdateException: DELETE on table 'DBS' caused a violation of foreign key constraint 'TBLS_FK1' for key (4).  The statement has been rolled back.
	at org.apache.derby.impl.jdbc.EmbedStatement.executeLargeBatch(Unknown Source)
	at org.apache.derby.impl.jdbc.EmbedStatement.executeBatch(Unknown Source)
	at com.zaxxer.hikari.pool.ProxyStatement.executeBatch(ProxyStatement.java:128)
	at com.zaxxer.hikari.pool.HikariProxyPreparedStatement.executeBatch(HikariProxyPreparedStatement.java)
	at org.datanucleus.store.rdbms.ParamLoggingPreparedStatement.executeBatch(ParamLoggingPreparedStatement.java:366)
	at org.datanucleus.store.rdbms.SQLController.processConnectionStatement(SQLController.java:675)
	at org.datanucleus.store.rdbms.SQLController.processStatementsForConnection(SQLController.java:643)
	at org.datanucleus.store.rdbms.SQLController$1.transactionFlushed(SQLController.java:729)
	at org.datanucleus.store.connection.AbstractManagedConnection.transactionFlushed(AbstractManagedConnection.java:95)
	at org.datanucleus.store.connection.ConnectionManagerImpl$2.transactionFlushed(ConnectionManagerImpl.java:528)
	at org.datanucleus.TransactionImpl.flush(TransactionImpl.java:222)
	at org.datanucleus.ExecutionContextImpl.flushInternal(ExecutionContextImpl.java:4068)
	at org.datanucleus.ExecutionContextThreadedImpl.flushInternal(ExecutionContextThreadedImpl.java:448)
	at org.datanucleus.ExecutionContextImpl.flush(ExecutionContextImpl.java:4009)
	at org.datanucleus.ExecutionContextThreadedImpl.flush(ExecutionContextThreadedImpl.java:434)
	at org.datanucleus.api.jdo.JDOPersistenceManager.flush(JDOPersistenceManager.java:2064)
	at org.apache.hadoop.hive.metastore.ObjectStore.addNotificationEvent(ObjectStore.java:11639)
	at sun.reflect.GeneratedMethodAccessor68.invoke(Unknown Source)
	at sun.reflect.DelegatingMethodAccessorImpl.invoke(DelegatingMethodAccessorImpl.java:43)
	at java.lang.reflect.Method.invoke(Method.java:498)
	at org.apache.hadoop.hive.metastore.RawStoreProxy.invoke(RawStoreProxy.java:97)
	at com.sun.proxy.$Proxy32.addNotificationEvent(Unknown Source)
	at org.apache.hive.hcatalog.listener.DbNotificationListener.process(DbNotificationListener.java:1403)
	at org.apache.hive.hcatalog.listener.DbNotificationListener.onDropDatabase(DbNotificationListener.java:513)
	at org.apache.hadoop.hive.metastore.MetaStoreListenerNotifier$26.notify(MetaStoreListenerNotifier.java:99)
	at org.apache.hadoop.hive.metastore.MetaStoreListenerNotifier.notifyEvent(MetaStoreListenerNotifier.java:339)
	at org.apache.hadoop.hive.metastore.HMSHandler.drop_database_core(HMSHandler.java:1785)
	at org.apache.hadoop.hive.metastore.HMSHandler.drop_database(HMSHandler.java:1869)
	at sun.reflect.GeneratedMethodAccessor73.invoke(Unknown Source)
	at sun.reflect.DelegatingMethodAccessorImpl.invoke(DelegatingMethodAccessorImpl.java:43)
	at java.lang.reflect.Method.invoke(Method.java:498)
	at org.apache.hadoop.hive.metastore.RetryingHMSHandler.invokeInternal(RetryingHMSHandler.java:147)
	at org.apache.hadoop.hive.metastore.RetryingHMSHandler.invoke(RetryingHMSHandler.java:108)
	at com.sun.proxy.$Proxy34.drop_database(Unknown Source)
	at org.apache.hadoop.hive.metastore.api.ThriftHiveMetastore$Processor$drop_database.getResult(ThriftHiveMetastore.java:18285)
	at org.apache.hadoop.hive.metastore.api.ThriftHiveMetastore$Processor$drop_database.getResult(ThriftHiveMetastore.java:18264)
	at org.apache.thrift.ProcessFunction.process(ProcessFunction.java:38)
	at org.apache.hadoop.hive.metastore.TUGIBasedProcessor$1.run(TUGIBasedProcessor.java:111)
	at org.apache.hadoop.hive.metastore.TUGIBasedProcessor$1.run(TUGIBasedProcessor.java:107)
	at java.security.AccessController.doPrivileged(Native Method)
	at javax.security.auth.Subject.doAs(Subject.java:422)
	at org.apache.hadoop.security.UserGroupInformation.doAs(UserGroupInformation.java:1682)
	at org.apache.hadoop.hive.metastore.TUGIBasedProcessor.process(TUGIBasedProcessor.java:119)
	at org.apache.thrift.server.TThreadPoolServer$WorkerProcess.run(TThreadPoolServer.java:248)
	at java.util.concurrent.ThreadPoolExecutor.runWorker(ThreadPoolExecutor.java:1149)
	at java.util.concurrent.ThreadPoolExecutor$Worker.run(ThreadPoolExecutor.java:624)
	at java.lang.Thread.run(Thread.java:750)
Caused by: org.apache.derby.shared.common.error.DerbySQLIntegrityConstraintViolationException: DELETE on table 'DBS' caused a violation of foreign key constraint 'TBLS_FK1' for key (4).  The statement has been rolled back.
	at org.apache.derby.impl.jdbc.SQLExceptionFactory.getSQLException(Unknown Source)
	at org.apache.derby.impl.jdbc.Util.generateCsSQLException(Unknown Source)
	at org.apache.derby.impl.jdbc.TransactionResourceImpl.wrapInSQLException(Unknown Source)
	at org.apache.derby.impl.jdbc.TransactionResourceImpl.handleException(Unknown Source)
	at org.apache.derby.impl.jdbc.EmbedConnection.handleException(Unknown Source)
	at org.apache.derby.impl.jdbc.ConnectionChild.handleException(Unknown Source)
	at org.apache.derby.impl.jdbc.EmbedStatement.executeStatement(Unknown Source)
	at org.apache.derby.impl.jdbc.EmbedPreparedStatement.executeBatchElement(Unknown Source)
	... 47 more
Caused by: ERROR 23503: DELETE on table 'DBS' caused a violation of foreign key constraint 'TBLS_FK1' for key (4).  The statement has been rolled back.
	at org.apache.derby.iapi.error.StandardException.newException(Unknown Source)
	at org.apache.derby.iapi.error.StandardException.newException(Unknown Source)
	at org.apache.derby.impl.sql.execute.ReferencedKeyRIChecker.doCheck(Unknown Source)
	at org.apache.derby.impl.sql.execute.RISetChecker.doPKCheck(Unknown Source)
	at org.apache.derby.impl.sql.execute.DeleteResultSet.collectAffectedRows(Unknown Source)
	at org.apache.derby.impl.sql.execute.DeleteResultSet.open(Unknown Source)
	at org.apache.derby.impl.sql.GenericPreparedStatement.executeStmt(Unknown Source)
	at org.apache.derby.impl.sql.GenericPreparedStatement.execute(Unknown Source)
	... 49 more

2024-04-24T12:23:06,610 ERROR [main] api.TestHCatClient: Unexpected exception!
org.apache.hive.hcatalog.common.HCatException: org.apache.hive.hcatalog.common.HCatException : 9001 : Exception occurred while processing HCat request : MetaException while dropping db.. Cause : MetaException(message:javax.jdo.JDODataStoreException: Exception thrown flushing changes to datastore
NestedThrowables:
java.sql.BatchUpdateException: DELETE on table 'DBS' caused a violation of foreign key constraint 'TBLS_FK1' for key (4).  The statement has been rolled back.)
	at org.apache.hive.hcatalog.api.HCatClientHMSImpl.dropDatabase(HCatClientHMSImpl.java:164) ~[classes/:?]
	at org.apache.hive.hcatalog.api.TestHCatClient.testDropPartitionsWithPartialSpec(TestHCatClient.java:805) [test-classes/:?]
	at sun.reflect.NativeMethodAccessorImpl.invoke0(Native Method) ~[?:1.8.0_402]
	at sun.reflect.NativeMethodAccessorImpl.invoke(NativeMethodAccessorImpl.java:62) ~[?:1.8.0_402]
	at sun.reflect.DelegatingMethodAccessorImpl.invoke(DelegatingMethodAccessorImpl.java:43) ~[?:1.8.0_402]
	at java.lang.reflect.Method.invoke(Method.java:498) ~[?:1.8.0_402]
	at org.junit.runners.model.FrameworkMethod$1.runReflectiveCall(FrameworkMethod.java:59) [junit-4.13.jar:4.13]
	at org.junit.internal.runners.model.ReflectiveCallable.run(ReflectiveCallable.java:12) [junit-4.13.jar:4.13]
	at org.junit.runners.model.FrameworkMethod.invokeExplosively(FrameworkMethod.java:56) [junit-4.13.jar:4.13]
	at org.junit.internal.runners.statements.InvokeMethod.evaluate(InvokeMethod.java:17) [junit-4.13.jar:4.13]
	at org.junit.runners.ParentRunner$3.evaluate(ParentRunner.java:306) [junit-4.13.jar:4.13]
	at org.junit.runners.BlockJUnit4ClassRunner$1.evaluate(BlockJUnit4ClassRunner.java:100) [junit-4.13.jar:4.13]
	at org.junit.runners.ParentRunner.runLeaf(ParentRunner.java:366) [junit-4.13.jar:4.13]
	at org.junit.runners.BlockJUnit4ClassRunner.runChild(BlockJUnit4ClassRunner.java:103) [junit-4.13.jar:4.13]
	at org.junit.runners.BlockJUnit4ClassRunner.runChild(BlockJUnit4ClassRunner.java:63) [junit-4.13.jar:4.13]
	at org.junit.runners.ParentRunner$4.run(ParentRunner.java:331) [junit-4.13.jar:4.13]
	at org.junit.runners.ParentRunner$1.schedule(ParentRunner.java:79) [junit-4.13.jar:4.13]
	at org.junit.runners.ParentRunner.runChildren(ParentRunner.java:329) [junit-4.13.jar:4.13]
	at org.junit.runners.ParentRunner.access$100(ParentRunner.java:66) [junit-4.13.jar:4.13]
	at org.junit.runners.ParentRunner$2.evaluate(ParentRunner.java:293) [junit-4.13.jar:4.13]
	at org.junit.internal.runners.statements.RunBefores.evaluate(RunBefores.java:26) [junit-4.13.jar:4.13]
	at org.junit.internal.runners.statements.RunAfters.evaluate(RunAfters.java:27) [junit-4.13.jar:4.13]
	at org.junit.runners.ParentRunner$3.evaluate(ParentRunner.java:306) [junit-4.13.jar:4.13]
	at org.junit.runners.ParentRunner.run(ParentRunner.java:413) [junit-4.13.jar:4.13]
	at org.junit.runners.Suite.runChild(Suite.java:128) [junit-4.13.jar:4.13]
	at org.junit.runners.Suite.runChild(Suite.java:27) [junit-4.13.jar:4.13]
	at org.junit.runners.ParentRunner$4.run(ParentRunner.java:331) [junit-4.13.jar:4.13]
	at org.junit.runners.ParentRunner$1.schedule(ParentRunner.java:79) [junit-4.13.jar:4.13]
	at org.junit.runners.ParentRunner.runChildren(ParentRunner.java:329) [junit-4.13.jar:4.13]
	at org.junit.runners.ParentRunner.access$100(ParentRunner.java:66) [junit-4.13.jar:4.13]
	at org.junit.runners.ParentRunner$2.evaluate(ParentRunner.java:293) [junit-4.13.jar:4.13]
	at org.junit.runners.ParentRunner$3.evaluate(ParentRunner.java:306) [junit-4.13.jar:4.13]
	at org.junit.runners.ParentRunner.run(ParentRunner.java:413) [junit-4.13.jar:4.13]
	at org.apache.maven.surefire.junitcore.JUnitCore.run(JUnitCore.java:55) [surefire-junit47-3.0.0-M4.jar:3.0.0-M4]
	at org.apache.maven.surefire.junitcore.JUnitCoreWrapper.createRequestAndRun(JUnitCoreWrapper.java:137) [surefire-junit47-3.0.0-M4.jar:3.0.0-M4]
	at org.apache.maven.surefire.junitcore.JUnitCoreWrapper.executeEager(JUnitCoreWrapper.java:107) [surefire-junit47-3.0.0-M4.jar:3.0.0-M4]
	at org.apache.maven.surefire.junitcore.JUnitCoreWrapper.execute(JUnitCoreWrapper.java:83) [surefire-junit47-3.0.0-M4.jar:3.0.0-M4]
	at org.apache.maven.surefire.junitcore.JUnitCoreWrapper.execute(JUnitCoreWrapper.java:75) [surefire-junit47-3.0.0-M4.jar:3.0.0-M4]
	at org.apache.maven.surefire.junitcore.JUnitCoreProvider.invoke(JUnitCoreProvider.java:158) [surefire-junit47-3.0.0-M4.jar:3.0.0-M4]
	at org.apache.maven.surefire.booter.ForkedBooter.runSuitesInProcess(ForkedBooter.java:377) [surefire-booter-3.0.0-M4.jar:3.0.0-M4]
	at org.apache.maven.surefire.booter.ForkedBooter.execute(ForkedBooter.java:138) [surefire-booter-3.0.0-M4.jar:3.0.0-M4]
	at org.apache.maven.surefire.booter.ForkedBooter.run(ForkedBooter.java:465) [surefire-booter-3.0.0-M4.jar:3.0.0-M4]
	at org.apache.maven.surefire.booter.ForkedBooter.main(ForkedBooter.java:451) [surefire-booter-3.0.0-M4.jar:3.0.0-M4]
Caused by: org.apache.hadoop.hive.metastore.api.MetaException: javax.jdo.JDODataStoreException: Exception thrown flushing changes to datastore
NestedThrowables:
java.sql.BatchUpdateException: DELETE on table 'DBS' caused a violation of foreign key constraint 'TBLS_FK1' for key (4).  The statement has been rolled back.
	at org.apache.hadoop.hive.metastore.api.ThriftHiveMetastore$drop_database_result$drop_database_resultStandardScheme.read(ThriftHiveMetastore.java:54495) ~[classes/:?]
	at org.apache.hadoop.hive.metastore.api.ThriftHiveMetastore$drop_database_result$drop_database_resultStandardScheme.read(ThriftHiveMetastore.java:54463) ~[classes/:?]
	at org.apache.hadoop.hive.metastore.api.ThriftHiveMetastore$drop_database_result.read(ThriftHiveMetastore.java:54397) ~[classes/:?]
	at org.apache.thrift.TServiceClient.receiveBase(TServiceClient.java:88) ~[libthrift-0.14.1.jar:0.14.1]
	at org.apache.hadoop.hive.metastore.api.ThriftHiveMetastore$Client.recv_drop_database(ThriftHiveMetastore.java:1404) ~[classes/:?]
	at org.apache.hadoop.hive.metastore.api.ThriftHiveMetastore$Client.drop_database(ThriftHiveMetastore.java:1389) ~[classes/:?]
	at org.apache.hadoop.hive.metastore.HiveMetaStoreClient.dropDatabaseCascadePerDb(HiveMetaStoreClient.java:1601) ~[classes/:?]
	at org.apache.hadoop.hive.metastore.HiveMetaStoreClient.dropDatabase(HiveMetaStoreClient.java:1532) ~[classes/:?]
	at org.apache.hadoop.hive.metastore.HiveMetaStoreClient.dropDatabase(HiveMetaStoreClient.java:1485) ~[classes/:?]
	at sun.reflect.NativeMethodAccessorImpl.invoke0(Native Method) ~[?:1.8.0_402]
	at sun.reflect.NativeMethodAccessorImpl.invoke(NativeMethodAccessorImpl.java:62) ~[?:1.8.0_402]
	at sun.reflect.DelegatingMethodAccessorImpl.invoke(DelegatingMethodAccessorImpl.java:43) ~[?:1.8.0_402]
	at java.lang.reflect.Method.invoke(Method.java:498) ~[?:1.8.0_402]
	at org.apache.hadoop.hive.metastore.RetryingMetaStoreClient.invoke(RetryingMetaStoreClient.java:214) ~[classes/:?]
	at com.sun.proxy.$Proxy35.dropDatabase(Unknown Source) ~[?:?]
	at org.apache.hive.hcatalog.api.HCatClientHMSImpl.dropDatabase(HCatClientHMSImpl.java:154) ~[classes/:?]
	... 42 more
]]></system-err>
  </testcase>
  <testcase name="testBasicDDLCommands" classname="org.apache.hive.hcatalog.api.TestHCatClient" time="0.597"/>
  <testcase name="testTransportFailure" classname="org.apache.hive.hcatalog.api.TestHCatClient" time="0.276"/>
  <testcase name="testRenameTable" classname="org.apache.hive.hcatalog.api.TestHCatClient" time="0.275"/>
  <testcase name="testDropTableException" classname="org.apache.hive.hcatalog.api.TestHCatClient" time="0.057"/>
  <testcase name="testReplicationTaskIter" classname="org.apache.hive.hcatalog.api.TestHCatClient" time="3.024"/>
  <testcase name="testObjectNotFoundException" classname="org.apache.hive.hcatalog.api.TestHCatClient" time="0.281"/>
  <testcase name="testTableSchemaPropagation" classname="org.apache.hive.hcatalog.api.TestHCatClient" time="87.562"/>
  <testcase name="testEmptyTableInstantiation" classname="org.apache.hive.hcatalog.api.TestHCatClient" time="22.172"/>
  <testcase name="testPartitionsHCatClientImpl" classname="org.apache.hive.hcatalog.api.TestHCatClient" time="0.643"/>
  <testcase name="testCreateTableLike" classname="org.apache.hive.hcatalog.api.TestHCatClient" time="0.228">
    <failure type="java.lang.AssertionError"><![CDATA[java.lang.AssertionError
	at org.junit.Assert.fail(Assert.java:87)
	at org.junit.Assert.assertTrue(Assert.java:42)
	at org.junit.Assert.assertTrue(Assert.java:53)
	at org.apache.hive.hcatalog.api.TestHCatClient.testCreateTableLike(TestHCatClient.java:419)
	at sun.reflect.NativeMethodAccessorImpl.invoke0(Native Method)
	at sun.reflect.NativeMethodAccessorImpl.invoke(NativeMethodAccessorImpl.java:62)
	at sun.reflect.DelegatingMethodAccessorImpl.invoke(DelegatingMethodAccessorImpl.java:43)
	at java.lang.reflect.Method.invoke(Method.java:498)
	at org.junit.runners.model.FrameworkMethod$1.runReflectiveCall(FrameworkMethod.java:59)
	at org.junit.internal.runners.model.ReflectiveCallable.run(ReflectiveCallable.java:12)
	at org.junit.runners.model.FrameworkMethod.invokeExplosively(FrameworkMethod.java:56)
	at org.junit.internal.runners.statements.InvokeMethod.evaluate(InvokeMethod.java:17)
	at org.junit.runners.ParentRunner$3.evaluate(ParentRunner.java:306)
	at org.junit.runners.BlockJUnit4ClassRunner$1.evaluate(BlockJUnit4ClassRunner.java:100)
	at org.junit.runners.ParentRunner.runLeaf(ParentRunner.java:366)
	at org.junit.runners.BlockJUnit4ClassRunner.runChild(BlockJUnit4ClassRunner.java:103)
	at org.junit.runners.BlockJUnit4ClassRunner.runChild(BlockJUnit4ClassRunner.java:63)
	at org.junit.runners.ParentRunner$4.run(ParentRunner.java:331)
	at org.junit.runners.ParentRunner$1.schedule(ParentRunner.java:79)
	at org.junit.runners.ParentRunner.runChildren(ParentRunner.java:329)
	at org.junit.runners.ParentRunner.access$100(ParentRunner.java:66)
	at org.junit.runners.ParentRunner$2.evaluate(ParentRunner.java:293)
	at org.junit.internal.runners.statements.RunBefores.evaluate(RunBefores.java:26)
	at org.junit.internal.runners.statements.RunAfters.evaluate(RunAfters.java:27)
	at org.junit.runners.ParentRunner$3.evaluate(ParentRunner.java:306)
	at org.junit.runners.ParentRunner.run(ParentRunner.java:413)
	at org.junit.runners.Suite.runChild(Suite.java:128)
	at org.junit.runners.Suite.runChild(Suite.java:27)
	at org.junit.runners.ParentRunner$4.run(ParentRunner.java:331)
	at org.junit.runners.ParentRunner$1.schedule(ParentRunner.java:79)
	at org.junit.runners.ParentRunner.runChildren(ParentRunner.java:329)
	at org.junit.runners.ParentRunner.access$100(ParentRunner.java:66)
	at org.junit.runners.ParentRunner$2.evaluate(ParentRunner.java:293)
	at org.junit.runners.ParentRunner$3.evaluate(ParentRunner.java:306)
	at org.junit.runners.ParentRunner.run(ParentRunner.java:413)
	at org.apache.maven.surefire.junitcore.JUnitCore.run(JUnitCore.java:55)
	at org.apache.maven.surefire.junitcore.JUnitCoreWrapper.createRequestAndRun(JUnitCoreWrapper.java:137)
	at org.apache.maven.surefire.junitcore.JUnitCoreWrapper.executeEager(JUnitCoreWrapper.java:107)
	at org.apache.maven.surefire.junitcore.JUnitCoreWrapper.execute(JUnitCoreWrapper.java:83)
	at org.apache.maven.surefire.junitcore.JUnitCoreWrapper.execute(JUnitCoreWrapper.java:75)
	at org.apache.maven.surefire.junitcore.JUnitCoreProvider.invoke(JUnitCoreProvider.java:158)
	at org.apache.maven.surefire.booter.ForkedBooter.runSuitesInProcess(ForkedBooter.java:377)
	at org.apache.maven.surefire.booter.ForkedBooter.execute(ForkedBooter.java:138)
	at org.apache.maven.surefire.booter.ForkedBooter.run(ForkedBooter.java:465)
	at org.apache.maven.surefire.booter.ForkedBooter.main(ForkedBooter.java:451)
]]></failure>
    <system-err><![CDATA[2024-04-24T12:25:01,568  WARN [main] conf.HiveConf: HiveConf of name hive.metastore.client.cache.maxSize does not exist
2024-04-24T12:25:01,568  WARN [main] conf.HiveConf: HiveConf of name hive.llap.io.cache.orc.alloc.max does not exist
2024-04-24T12:25:01,568  WARN [main] conf.HiveConf: HiveConf of name hive.stats.key.prefix.reserve.length does not exist
2024-04-24T12:25:01,568  WARN [main] conf.HiveConf: HiveConf of name hive.dummyparam.test.server.specific.config.override does not exist
2024-04-24T12:25:01,568  WARN [main] conf.HiveConf: HiveConf of name hive.llap.io.cache.orc.arena.size does not exist
2024-04-24T12:25:01,568  WARN [main] conf.HiveConf: HiveConf of name hive.llap.io.cache.orc.size does not exist
2024-04-24T12:25:01,568  WARN [main] conf.HiveConf: HiveConf of name hive.dummyparam.test.server.specific.config.hivesite does not exist
2024-04-24T12:25:01,568  WARN [main] conf.HiveConf: HiveConf of name hive.metastore.client.cache.recordStats does not exist
2024-04-24T12:25:01,568  WARN [main] conf.HiveConf: HiveConf of name hive.llap.io.cache.orc.alloc.min does not exist
2024-04-24T12:25:01,568  WARN [main] conf.HiveConf: HiveConf of name hive.dummyparam.test.server.specific.config.metastoresite does not exist
2024-04-24T12:25:01,568  WARN [main] conf.HiveConf: HiveConf of name hive.metastore.metadb.dir does not exist
2024-04-24T12:25:01,568  INFO [main] common.HCatUtil: mapreduce.lib.hcatoutput.hive.conf not set. Generating configuration differences.
2024-04-24T12:25:01,570  INFO [main] common.HCatUtil: Configuration differences={datanucleus.schema.autoCreateAll=true, hive.exec.scratchdir=${test.tmp.dir}/scratchdir, hive.strict.timestamp.conversion=false, datanucleus.connectionPool.maxPoolSize=4, hive.ignore.mapjoin.hint=false, hive.query.reexecution.stats.persist.scope=query, hive.cbo.fallback.strategy=TEST, hive.users.in.admin.role=hive_admin_user, hive.metastore.warehouse.dir=${test.warehouse.dir}, hive.server2.operation.log.purgePolicy.timeToLive=5s, hive.llap.io.allocator.direct=false, hive.default.rcfile.serde=org.apache.hadoop.hive.serde2.columnar.ColumnarSerDe, javax.jdo.option.ConnectionURL=jdbc:derby:memory:${test.tmp.dir}/junit_metastore_db;create=true, hive.test.dummystats.aggregator=value2, hive.scheduled.queries.executor.enabled=false, hive.querylog.location=${test.tmp.dir}/tmp, hive.exec.local.scratchdir=${test.tmp.dir}/localscratchdir/, hive.jar.path=${maven.local.repository}/org/apache/hive/hive-exec/${hive.version}/hive-exec-${hive.version}.jar, hive.fetch.task.conversion=minimal, hive.security.authorization.manager=org.apache.hadoop.hive.ql.security.authorization.plugin.sqlstd.SQLStdHiveAuthorizerFactoryForTest, hive.mapjoin.max.gc.time.percentage=0.99, hive.in.test=true, hive.stats.fetch.bitvector=true, hive.query.results.cache.enabled=false, hive.metastore.client.cache.enabled=true, hive.auto.convert.join=false, hive.exec.submit.local.task.via.child=false, hive.conf.restricted.list=from.hivemetastore-site.xml, hive.metastore.schema.verification=false}
2024-04-24T12:25:01,572  WARN [main] metastore.HiveMetaStoreClient: Unexpected increment of user count beyond one: 2 HCatClient: thread: 1 users=2 expired=false closed=false
2024-04-24T12:25:01,572  INFO [TThreadPoolServer WorkerProcess-%d] HiveMetaStore.audit: ugi=alex	ip=127.0.0.1	cmd=source:127.0.0.1 get_databases: @hive#NonExistentDatabaseUsedForHealthCheck	
2024-04-24T12:25:01,578  INFO [TThreadPoolServer WorkerProcess-%d] HiveMetaStore.audit: ugi=alex	ip=127.0.0.1	cmd=source:127.0.0.1 get_table : tbl=hive.default.tableone	
2024-04-24T12:25:01,580  INFO [TThreadPoolServer WorkerProcess-%d] HiveMetaStore.audit: ugi=alex	ip=127.0.0.1	cmd=source:127.0.0.1 get_table : tbl=hive.default.tabletwo	
2024-04-24T12:25:01,583  WARN [main] api.HCatTable: Conf hasn't been set yet. Using defaults.
2024-04-24T12:25:01,645  WARN [main] conf.HiveConf: HiveConf of name hive.llap.io.cache.orc.arena.size does not exist
2024-04-24T12:25:01,645  WARN [main] conf.HiveConf: HiveConf of name hive.metastore.client.cache.maxSize does not exist
2024-04-24T12:25:01,646  WARN [main] conf.HiveConf: HiveConf of name hive.dummyparam.test.server.specific.config.override does not exist
2024-04-24T12:25:01,646  WARN [main] conf.HiveConf: HiveConf of name hive.stats.key.prefix.reserve.length does not exist
2024-04-24T12:25:01,646  WARN [main] conf.HiveConf: HiveConf of name hive.dummyparam.test.server.specific.config.hivesite does not exist
2024-04-24T12:25:01,646  WARN [main] conf.HiveConf: HiveConf of name hive.llap.io.cache.orc.alloc.min does not exist
2024-04-24T12:25:01,646  WARN [main] conf.HiveConf: HiveConf of name hive.metastore.client.cache.recordStats does not exist
2024-04-24T12:25:01,646  WARN [main] conf.HiveConf: HiveConf of name hive.metastore.metadb.dir does not exist
2024-04-24T12:25:01,646  WARN [main] conf.HiveConf: HiveConf of name hive.llap.io.cache.orc.size does not exist
2024-04-24T12:25:01,646  WARN [main] conf.HiveConf: HiveConf of name hive.dummyparam.test.server.specific.config.metastoresite does not exist
2024-04-24T12:25:01,646  WARN [main] conf.HiveConf: HiveConf of name hive.llap.io.cache.orc.alloc.max does not exist
2024-04-24T12:25:01,647  INFO [TThreadPoolServer WorkerProcess-%d] HiveMetaStore.audit: ugi=alex	ip=127.0.0.1	cmd=source:127.0.0.1 create_table_req: Table(tableName:tableone, dbName:default, owner:alex, createTime:1713986701, lastAccessTime:0, retention:0, sd:StorageDescriptor(cols:[FieldSchema(name:id, type:int, comment:id columns), FieldSchema(name:value, type:string, comment:id columns)], location:null, inputFormat:org.apache.hadoop.hive.ql.io.RCFileInputFormat, outputFormat:org.apache.hadoop.hive.ql.io.RCFileOutputFormat, compressed:false, numBuckets:0, serdeInfo:SerDeInfo(name:null, serializationLib:org.apache.hadoop.hive.serde2.columnar.LazyBinaryColumnarSerDe, parameters:{serialization.format=1}), bucketCols:null, sortCols:null, parameters:null), partitionKeys:[], parameters:{bucketing_version=2}, viewOriginalText:null, viewExpandedText:null, tableType:MANAGED_TABLE, catName:hive, ownerType:USER)	
2024-04-24T12:25:01,650  INFO [TThreadPoolServer WorkerProcess-%d] utils.FileUtils: Creating directory if it doesn't exist: pfile:/home/alex/Repositories/hive/hcatalog/webhcat/java-client/target/warehouse/44585/tableone
2024-04-24T12:25:01,682  INFO [TThreadPoolServer WorkerProcess-%d] HiveMetaStore.audit: ugi=alex	ip=127.0.0.1	cmd=source:127.0.0.1 get_table : tbl=hive.default.tableone	
2024-04-24T12:25:01,688  INFO [TThreadPoolServer WorkerProcess-%d] metastore.HMSHandler: Skipping translation for processor with null
2024-04-24T12:25:01,689  INFO [TThreadPoolServer WorkerProcess-%d] HiveMetaStore.audit: ugi=alex	ip=127.0.0.1	cmd=source:127.0.0.1 create_table_req: Table(tableName:tabletwo, dbName:default, owner:null, createTime:1713986701, lastAccessTime:0, retention:0, sd:StorageDescriptor(cols:[FieldSchema(name:id, type:int, comment:id columns), FieldSchema(name:value, type:string, comment:id columns)], location:pfile:/home/alex/Repositories/hive/hcatalog/webhcat/java-client/target/warehouse/44585/tableone, inputFormat:org.apache.hadoop.hive.ql.io.RCFileInputFormat, outputFormat:org.apache.hadoop.hive.ql.io.RCFileOutputFormat, compressed:false, numBuckets:0, serdeInfo:SerDeInfo(name:null, serializationLib:org.apache.hadoop.hive.serde2.columnar.LazyBinaryColumnarSerDe, parameters:{serialization.format=1}), bucketCols:[], sortCols:[], parameters:{}, skewedInfo:SkewedInfo(skewedColNames:[], skewedColValues:[], skewedColValueLocationMaps:{}), storedAsSubDirectories:false), partitionKeys:null, parameters:{bucketing_version=2, EXTERNAL=TRUE, transient_lastDdlTime=1713986701}, viewOriginalText:null, viewExpandedText:null, tableType:EXTERNAL_TABLE, catName:hive, ownerType:USER)	
2024-04-24T12:25:01,702  INFO [TThreadPoolServer WorkerProcess-%d] utils.MetaStoreServerUtils: Updating table stats for tabletwo
2024-04-24T12:25:01,702  INFO [TThreadPoolServer WorkerProcess-%d] utils.MetaStoreServerUtils: Updated size of table tabletwo to 0
2024-04-24T12:25:01,717  INFO [TThreadPoolServer WorkerProcess-%d] HiveMetaStore.audit: ugi=alex	ip=127.0.0.1	cmd=source:127.0.0.1 get_multi_table : db=default tbls=null	
]]></system-err>
  </testcase>
  <testcase name="testOtherFailure" classname="org.apache.hive.hcatalog.api.TestHCatClient" time="0.423"/>
  <testcase name="testPartitionSpecRegistrationWithCustomSchema" classname="org.apache.hive.hcatalog.api.TestHCatClient" time="41.554">
    <failure message="Unexpected exception! org.apache.hive.hcatalog.common.HCatException : 9001 : Exception occurred while processing HCat request : MetaException while dropping db.. Cause : MetaException(message:javax.jdo.JDODataStoreException: Exception thrown flushing changes to datastore&#10;NestedThrowables:&#10;java.sql.BatchUpdateException: DELETE on table &apos;DBS&apos; caused a violation of foreign key constraint &apos;TBLS_FK1&apos; for key (11).  The statement has been rolled back.)" type="java.lang.AssertionError"><![CDATA[java.lang.AssertionError: 
Unexpected exception! org.apache.hive.hcatalog.common.HCatException : 9001 : Exception occurred while processing HCat request : MetaException while dropping db.. Cause : MetaException(message:javax.jdo.JDODataStoreException: Exception thrown flushing changes to datastore
NestedThrowables:
java.sql.BatchUpdateException: DELETE on table 'DBS' caused a violation of foreign key constraint 'TBLS_FK1' for key (11).  The statement has been rolled back.)
	at org.junit.Assert.fail(Assert.java:89)
	at org.junit.Assert.assertTrue(Assert.java:42)
	at org.apache.hive.hcatalog.api.TestHCatClient.testPartitionSpecRegistrationWithCustomSchema(TestHCatClient.java:1345)
	at sun.reflect.NativeMethodAccessorImpl.invoke0(Native Method)
	at sun.reflect.NativeMethodAccessorImpl.invoke(NativeMethodAccessorImpl.java:62)
	at sun.reflect.DelegatingMethodAccessorImpl.invoke(DelegatingMethodAccessorImpl.java:43)
	at java.lang.reflect.Method.invoke(Method.java:498)
	at org.junit.runners.model.FrameworkMethod$1.runReflectiveCall(FrameworkMethod.java:59)
	at org.junit.internal.runners.model.ReflectiveCallable.run(ReflectiveCallable.java:12)
	at org.junit.runners.model.FrameworkMethod.invokeExplosively(FrameworkMethod.java:56)
	at org.junit.internal.runners.statements.InvokeMethod.evaluate(InvokeMethod.java:17)
	at org.junit.runners.ParentRunner$3.evaluate(ParentRunner.java:306)
	at org.junit.runners.BlockJUnit4ClassRunner$1.evaluate(BlockJUnit4ClassRunner.java:100)
	at org.junit.runners.ParentRunner.runLeaf(ParentRunner.java:366)
	at org.junit.runners.BlockJUnit4ClassRunner.runChild(BlockJUnit4ClassRunner.java:103)
	at org.junit.runners.BlockJUnit4ClassRunner.runChild(BlockJUnit4ClassRunner.java:63)
	at org.junit.runners.ParentRunner$4.run(ParentRunner.java:331)
	at org.junit.runners.ParentRunner$1.schedule(ParentRunner.java:79)
	at org.junit.runners.ParentRunner.runChildren(ParentRunner.java:329)
	at org.junit.runners.ParentRunner.access$100(ParentRunner.java:66)
	at org.junit.runners.ParentRunner$2.evaluate(ParentRunner.java:293)
	at org.junit.internal.runners.statements.RunBefores.evaluate(RunBefores.java:26)
	at org.junit.internal.runners.statements.RunAfters.evaluate(RunAfters.java:27)
	at org.junit.runners.ParentRunner$3.evaluate(ParentRunner.java:306)
	at org.junit.runners.ParentRunner.run(ParentRunner.java:413)
	at org.junit.runners.Suite.runChild(Suite.java:128)
	at org.junit.runners.Suite.runChild(Suite.java:27)
	at org.junit.runners.ParentRunner$4.run(ParentRunner.java:331)
	at org.junit.runners.ParentRunner$1.schedule(ParentRunner.java:79)
	at org.junit.runners.ParentRunner.runChildren(ParentRunner.java:329)
	at org.junit.runners.ParentRunner.access$100(ParentRunner.java:66)
	at org.junit.runners.ParentRunner$2.evaluate(ParentRunner.java:293)
	at org.junit.runners.ParentRunner$3.evaluate(ParentRunner.java:306)
	at org.junit.runners.ParentRunner.run(ParentRunner.java:413)
	at org.apache.maven.surefire.junitcore.JUnitCore.run(JUnitCore.java:55)
	at org.apache.maven.surefire.junitcore.JUnitCoreWrapper.createRequestAndRun(JUnitCoreWrapper.java:137)
	at org.apache.maven.surefire.junitcore.JUnitCoreWrapper.executeEager(JUnitCoreWrapper.java:107)
	at org.apache.maven.surefire.junitcore.JUnitCoreWrapper.execute(JUnitCoreWrapper.java:83)
	at org.apache.maven.surefire.junitcore.JUnitCoreWrapper.execute(JUnitCoreWrapper.java:75)
	at org.apache.maven.surefire.junitcore.JUnitCoreProvider.invoke(JUnitCoreProvider.java:158)
	at org.apache.maven.surefire.booter.ForkedBooter.runSuitesInProcess(ForkedBooter.java:377)
	at org.apache.maven.surefire.booter.ForkedBooter.execute(ForkedBooter.java:138)
	at org.apache.maven.surefire.booter.ForkedBooter.run(ForkedBooter.java:465)
	at org.apache.maven.surefire.booter.ForkedBooter.main(ForkedBooter.java:451)
]]></failure>
    <system-err><![CDATA[2024-04-24T12:25:02,200  WARN [main] conf.HiveConf: HiveConf of name hive.metastore.client.cache.recordStats does not exist
2024-04-24T12:25:02,200  WARN [main] conf.HiveConf: HiveConf of name hive.dummyparam.test.server.specific.config.metastoresite does not exist
2024-04-24T12:25:02,200  WARN [main] conf.HiveConf: HiveConf of name hive.llap.io.cache.orc.arena.size does not exist
2024-04-24T12:25:02,200  WARN [main] conf.HiveConf: HiveConf of name hive.llap.io.cache.orc.alloc.max does not exist
2024-04-24T12:25:02,200  WARN [main] conf.HiveConf: HiveConf of name hive.llap.io.cache.orc.size does not exist
2024-04-24T12:25:02,200  WARN [main] conf.HiveConf: HiveConf of name hive.metastore.metadb.dir does not exist
2024-04-24T12:25:02,200  WARN [main] conf.HiveConf: HiveConf of name hive.stats.key.prefix.reserve.length does not exist
2024-04-24T12:25:02,200  WARN [main] conf.HiveConf: HiveConf of name hive.dummyparam.test.server.specific.config.hivesite does not exist
2024-04-24T12:25:02,200  WARN [main] conf.HiveConf: HiveConf of name hive.metastore.client.cache.maxSize does not exist
2024-04-24T12:25:02,200  WARN [main] conf.HiveConf: HiveConf of name hive.llap.io.cache.orc.alloc.min does not exist
2024-04-24T12:25:02,200  WARN [main] conf.HiveConf: HiveConf of name hive.dummyparam.test.server.specific.config.override does not exist
2024-04-24T12:25:02,201  INFO [main] common.HCatUtil: mapreduce.lib.hcatoutput.hive.conf not set. Generating configuration differences.
2024-04-24T12:25:02,202  INFO [main] common.HCatUtil: Configuration differences={datanucleus.schema.autoCreateAll=true, hive.exec.scratchdir=${test.tmp.dir}/scratchdir, hive.strict.timestamp.conversion=false, datanucleus.connectionPool.maxPoolSize=4, hive.ignore.mapjoin.hint=false, hive.query.reexecution.stats.persist.scope=query, hive.users.in.admin.role=hive_admin_user, hive.cbo.fallback.strategy=TEST, hive.metastore.warehouse.dir=${test.warehouse.dir}, hive.server2.operation.log.purgePolicy.timeToLive=5s, hive.llap.io.allocator.direct=false, hive.default.rcfile.serde=org.apache.hadoop.hive.serde2.columnar.ColumnarSerDe, javax.jdo.option.ConnectionURL=jdbc:derby:memory:${test.tmp.dir}/junit_metastore_db;create=true, hive.test.dummystats.aggregator=value2, hive.scheduled.queries.executor.enabled=false, hive.querylog.location=${test.tmp.dir}/tmp, hive.exec.local.scratchdir=${test.tmp.dir}/localscratchdir/, hive.jar.path=${maven.local.repository}/org/apache/hive/hive-exec/${hive.version}/hive-exec-${hive.version}.jar, hive.fetch.task.conversion=minimal, hive.security.authorization.manager=org.apache.hadoop.hive.ql.security.authorization.plugin.sqlstd.SQLStdHiveAuthorizerFactoryForTest, hive.mapjoin.max.gc.time.percentage=0.99, hive.in.test=true, hive.stats.fetch.bitvector=true, hive.query.results.cache.enabled=false, hive.metastore.client.cache.enabled=true, hive.auto.convert.join=false, hive.exec.submit.local.task.via.child=false, hive.conf.restricted.list=from.hivemetastore-site.xml, hive.metastore.schema.verification=false}
2024-04-24T12:25:02,203  WARN [main] metastore.HiveMetaStoreClient: Unexpected increment of user count beyond one: 3 HCatClient: thread: 1 users=3 expired=false closed=false
2024-04-24T12:25:02,203  INFO [TThreadPoolServer WorkerProcess-%d] HiveMetaStore.audit: ugi=alex	ip=127.0.0.1	cmd=source:127.0.0.1 get_databases: @hive#NonExistentDatabaseUsedForHealthCheck	
2024-04-24T12:25:02,205  INFO [TThreadPoolServer WorkerProcess-%d] HiveMetaStore.audit: ugi=alex	ip=127.0.0.1	cmd=source:127.0.0.1 get_database: myDb	
2024-04-24T12:25:02,206  INFO [TThreadPoolServer WorkerProcess-%d] HiveMetaStore.audit: ugi=alex	ip=127.0.0.1	cmd=source:127.0.0.1 get_tables_by_type: db=@hive#myDb pat=.*,type=MATERIALIZED_VIEW	
2024-04-24T12:25:02,206  INFO [TThreadPoolServer WorkerProcess-%d] HiveMetaStore.audit: ugi=alex	ip=127.0.0.1	cmd=source:127.0.0.1 getTablesByTypeCore: catName=hive: db=myDb pat=.*,type=MATERIALIZED_VIEW	
2024-04-24T12:25:02,210  INFO [TThreadPoolServer WorkerProcess-%d] HiveMetaStore.audit: ugi=alex	ip=127.0.0.1	cmd=source:127.0.0.1 get_all_tables: db=@hive#myDb	
2024-04-24T12:25:02,214  INFO [TThreadPoolServer WorkerProcess-%d] HiveMetaStore.audit: ugi=alex	ip=127.0.0.1	cmd=source:127.0.0.1 get_multi_table : db=myDb tbls=mytable	
2024-04-24T12:25:02,219  INFO [TThreadPoolServer WorkerProcess-%d] HiveMetaStore.audit: ugi=alex	ip=127.0.0.1	cmd=source:127.0.0.1 drop_database: @hive#myDb	
2024-04-24T12:25:02,220  INFO [TThreadPoolServer WorkerProcess-%d] HiveMetaStore.audit: ugi=alex	ip=127.0.0.1	cmd=source:127.0.0.1 get_all_tables: db=@hive#myDb	
2024-04-24T12:25:02,221  INFO [TThreadPoolServer WorkerProcess-%d] HiveMetaStore.audit: ugi=alex	ip=127.0.0.1	cmd=source:127.0.0.1 get_functions: db=@hive#myDb pat=*	
2024-04-24T12:25:02,231  INFO [TThreadPoolServer WorkerProcess-%d] HiveMetaStore.audit: ugi=alex	ip=127.0.0.1	cmd=source:127.0.0.1 get_all_stored_procedures	
2024-04-24T12:25:02,238  INFO [TThreadPoolServer WorkerProcess-%d] HiveMetaStore.audit: ugi=alex	ip=127.0.0.1	cmd=source:127.0.0.1 get_all_packages	
2024-04-24T12:25:02,282  INFO [TThreadPoolServer WorkerProcess-%d] HiveMetaStore.audit: ugi=alex	ip=127.0.0.1	cmd=source:127.0.0.1 getTablesByTypeCore: catName=hive: db=myDb pat=.*,type=MATERIALIZED_VIEW	
2024-04-24T12:25:02,284  INFO [TThreadPoolServer WorkerProcess-%d] metastore.ObjectStore: Dropping database hive.myDb along with all tables
2024-04-24T12:25:02,335 ERROR [TThreadPoolServer WorkerProcess-%d] metastore.RetryingHMSHandler: Retrying HMSHandler after 2000 ms (attempt 1 of 10) with error: javax.jdo.JDODataStoreException: Exception thrown flushing changes to datastore
	at org.datanucleus.api.jdo.NucleusJDOHelper.getJDOExceptionForNucleusException(NucleusJDOHelper.java:542)
	at org.datanucleus.api.jdo.JDOPersistenceManager.flush(JDOPersistenceManager.java:2081)
	at org.apache.hadoop.hive.metastore.ObjectStore.addNotificationEvent(ObjectStore.java:11639)
	at sun.reflect.GeneratedMethodAccessor68.invoke(Unknown Source)
	at sun.reflect.DelegatingMethodAccessorImpl.invoke(DelegatingMethodAccessorImpl.java:43)
	at java.lang.reflect.Method.invoke(Method.java:498)
	at org.apache.hadoop.hive.metastore.RawStoreProxy.invoke(RawStoreProxy.java:97)
	at com.sun.proxy.$Proxy32.addNotificationEvent(Unknown Source)
	at org.apache.hive.hcatalog.listener.DbNotificationListener.process(DbNotificationListener.java:1403)
	at org.apache.hive.hcatalog.listener.DbNotificationListener.onDropDatabase(DbNotificationListener.java:513)
	at org.apache.hadoop.hive.metastore.MetaStoreListenerNotifier$26.notify(MetaStoreListenerNotifier.java:99)
	at org.apache.hadoop.hive.metastore.MetaStoreListenerNotifier.notifyEvent(MetaStoreListenerNotifier.java:339)
	at org.apache.hadoop.hive.metastore.HMSHandler.drop_database_core(HMSHandler.java:1785)
	at org.apache.hadoop.hive.metastore.HMSHandler.drop_database(HMSHandler.java:1869)
	at sun.reflect.GeneratedMethodAccessor73.invoke(Unknown Source)
	at sun.reflect.DelegatingMethodAccessorImpl.invoke(DelegatingMethodAccessorImpl.java:43)
	at java.lang.reflect.Method.invoke(Method.java:498)
	at org.apache.hadoop.hive.metastore.RetryingHMSHandler.invokeInternal(RetryingHMSHandler.java:147)
	at org.apache.hadoop.hive.metastore.RetryingHMSHandler.invoke(RetryingHMSHandler.java:108)
	at com.sun.proxy.$Proxy34.drop_database(Unknown Source)
	at org.apache.hadoop.hive.metastore.api.ThriftHiveMetastore$Processor$drop_database.getResult(ThriftHiveMetastore.java:18285)
	at org.apache.hadoop.hive.metastore.api.ThriftHiveMetastore$Processor$drop_database.getResult(ThriftHiveMetastore.java:18264)
	at org.apache.thrift.ProcessFunction.process(ProcessFunction.java:38)
	at org.apache.hadoop.hive.metastore.TUGIBasedProcessor$1.run(TUGIBasedProcessor.java:111)
	at org.apache.hadoop.hive.metastore.TUGIBasedProcessor$1.run(TUGIBasedProcessor.java:107)
	at java.security.AccessController.doPrivileged(Native Method)
	at javax.security.auth.Subject.doAs(Subject.java:422)
	at org.apache.hadoop.security.UserGroupInformation.doAs(UserGroupInformation.java:1682)
	at org.apache.hadoop.hive.metastore.TUGIBasedProcessor.process(TUGIBasedProcessor.java:119)
	at org.apache.thrift.server.TThreadPoolServer$WorkerProcess.run(TThreadPoolServer.java:248)
	at java.util.concurrent.ThreadPoolExecutor.runWorker(ThreadPoolExecutor.java:1149)
	at java.util.concurrent.ThreadPoolExecutor$Worker.run(ThreadPoolExecutor.java:624)
	at java.lang.Thread.run(Thread.java:750)
NestedThrowablesStackTrace:
java.sql.BatchUpdateException: DELETE on table 'DBS' caused a violation of foreign key constraint 'TBLS_FK1' for key (11).  The statement has been rolled back.
	at org.apache.derby.impl.jdbc.EmbedStatement.executeLargeBatch(Unknown Source)
	at org.apache.derby.impl.jdbc.EmbedStatement.executeBatch(Unknown Source)
	at com.zaxxer.hikari.pool.ProxyStatement.executeBatch(ProxyStatement.java:128)
	at com.zaxxer.hikari.pool.HikariProxyPreparedStatement.executeBatch(HikariProxyPreparedStatement.java)
	at org.datanucleus.store.rdbms.ParamLoggingPreparedStatement.executeBatch(ParamLoggingPreparedStatement.java:366)
	at org.datanucleus.store.rdbms.SQLController.processConnectionStatement(SQLController.java:675)
	at org.datanucleus.store.rdbms.SQLController.processStatementsForConnection(SQLController.java:643)
	at org.datanucleus.store.rdbms.SQLController$1.transactionFlushed(SQLController.java:729)
	at org.datanucleus.store.connection.AbstractManagedConnection.transactionFlushed(AbstractManagedConnection.java:95)
	at org.datanucleus.store.connection.ConnectionManagerImpl$2.transactionFlushed(ConnectionManagerImpl.java:528)
	at org.datanucleus.TransactionImpl.flush(TransactionImpl.java:222)
	at org.datanucleus.ExecutionContextImpl.flushInternal(ExecutionContextImpl.java:4068)
	at org.datanucleus.ExecutionContextThreadedImpl.flushInternal(ExecutionContextThreadedImpl.java:448)
	at org.datanucleus.ExecutionContextImpl.flush(ExecutionContextImpl.java:4009)
	at org.datanucleus.ExecutionContextThreadedImpl.flush(ExecutionContextThreadedImpl.java:434)
	at org.datanucleus.api.jdo.JDOPersistenceManager.flush(JDOPersistenceManager.java:2064)
	at org.apache.hadoop.hive.metastore.ObjectStore.addNotificationEvent(ObjectStore.java:11639)
	at sun.reflect.GeneratedMethodAccessor68.invoke(Unknown Source)
	at sun.reflect.DelegatingMethodAccessorImpl.invoke(DelegatingMethodAccessorImpl.java:43)
	at java.lang.reflect.Method.invoke(Method.java:498)
	at org.apache.hadoop.hive.metastore.RawStoreProxy.invoke(RawStoreProxy.java:97)
	at com.sun.proxy.$Proxy32.addNotificationEvent(Unknown Source)
	at org.apache.hive.hcatalog.listener.DbNotificationListener.process(DbNotificationListener.java:1403)
	at org.apache.hive.hcatalog.listener.DbNotificationListener.onDropDatabase(DbNotificationListener.java:513)
	at org.apache.hadoop.hive.metastore.MetaStoreListenerNotifier$26.notify(MetaStoreListenerNotifier.java:99)
	at org.apache.hadoop.hive.metastore.MetaStoreListenerNotifier.notifyEvent(MetaStoreListenerNotifier.java:339)
	at org.apache.hadoop.hive.metastore.HMSHandler.drop_database_core(HMSHandler.java:1785)
	at org.apache.hadoop.hive.metastore.HMSHandler.drop_database(HMSHandler.java:1869)
	at sun.reflect.GeneratedMethodAccessor73.invoke(Unknown Source)
	at sun.reflect.DelegatingMethodAccessorImpl.invoke(DelegatingMethodAccessorImpl.java:43)
	at java.lang.reflect.Method.invoke(Method.java:498)
	at org.apache.hadoop.hive.metastore.RetryingHMSHandler.invokeInternal(RetryingHMSHandler.java:147)
	at org.apache.hadoop.hive.metastore.RetryingHMSHandler.invoke(RetryingHMSHandler.java:108)
	at com.sun.proxy.$Proxy34.drop_database(Unknown Source)
	at org.apache.hadoop.hive.metastore.api.ThriftHiveMetastore$Processor$drop_database.getResult(ThriftHiveMetastore.java:18285)
	at org.apache.hadoop.hive.metastore.api.ThriftHiveMetastore$Processor$drop_database.getResult(ThriftHiveMetastore.java:18264)
	at org.apache.thrift.ProcessFunction.process(ProcessFunction.java:38)
	at org.apache.hadoop.hive.metastore.TUGIBasedProcessor$1.run(TUGIBasedProcessor.java:111)
	at org.apache.hadoop.hive.metastore.TUGIBasedProcessor$1.run(TUGIBasedProcessor.java:107)
	at java.security.AccessController.doPrivileged(Native Method)
	at javax.security.auth.Subject.doAs(Subject.java:422)
	at org.apache.hadoop.security.UserGroupInformation.doAs(UserGroupInformation.java:1682)
	at org.apache.hadoop.hive.metastore.TUGIBasedProcessor.process(TUGIBasedProcessor.java:119)
	at org.apache.thrift.server.TThreadPoolServer$WorkerProcess.run(TThreadPoolServer.java:248)
	at java.util.concurrent.ThreadPoolExecutor.runWorker(ThreadPoolExecutor.java:1149)
	at java.util.concurrent.ThreadPoolExecutor$Worker.run(ThreadPoolExecutor.java:624)
	at java.lang.Thread.run(Thread.java:750)
Caused by: org.apache.derby.shared.common.error.DerbySQLIntegrityConstraintViolationException: DELETE on table 'DBS' caused a violation of foreign key constraint 'TBLS_FK1' for key (11).  The statement has been rolled back.
	at org.apache.derby.impl.jdbc.SQLExceptionFactory.getSQLException(Unknown Source)
	at org.apache.derby.impl.jdbc.Util.generateCsSQLException(Unknown Source)
	at org.apache.derby.impl.jdbc.TransactionResourceImpl.wrapInSQLException(Unknown Source)
	at org.apache.derby.impl.jdbc.TransactionResourceImpl.handleException(Unknown Source)
	at org.apache.derby.impl.jdbc.EmbedConnection.handleException(Unknown Source)
	at org.apache.derby.impl.jdbc.ConnectionChild.handleException(Unknown Source)
	at org.apache.derby.impl.jdbc.EmbedStatement.executeStatement(Unknown Source)
	at org.apache.derby.impl.jdbc.EmbedPreparedStatement.executeBatchElement(Unknown Source)
	... 47 more
Caused by: ERROR 23503: DELETE on table 'DBS' caused a violation of foreign key constraint 'TBLS_FK1' for key (11).  The statement has been rolled back.
	at org.apache.derby.iapi.error.StandardException.newException(Unknown Source)
	at org.apache.derby.iapi.error.StandardException.newException(Unknown Source)
	at org.apache.derby.impl.sql.execute.ReferencedKeyRIChecker.doCheck(Unknown Source)
	at org.apache.derby.impl.sql.execute.RISetChecker.doPKCheck(Unknown Source)
	at org.apache.derby.impl.sql.execute.DeleteResultSet.collectAffectedRows(Unknown Source)
	at org.apache.derby.impl.sql.execute.DeleteResultSet.open(Unknown Source)
	at org.apache.derby.impl.sql.GenericPreparedStatement.executeStmt(Unknown Source)
	at org.apache.derby.impl.sql.GenericPreparedStatement.execute(Unknown Source)
	... 49 more

2024-04-24T12:25:04,335  INFO [TThreadPoolServer WorkerProcess-%d] HiveMetaStore.audit: ugi=alex	ip=127.0.0.1	cmd=source:127.0.0.1 drop_database: @hive#myDb	
2024-04-24T12:25:04,338  INFO [TThreadPoolServer WorkerProcess-%d] HiveMetaStore.audit: ugi=alex	ip=127.0.0.1	cmd=source:127.0.0.1 get_all_tables: db=@hive#myDb	
2024-04-24T12:25:04,340  INFO [TThreadPoolServer WorkerProcess-%d] HiveMetaStore.audit: ugi=alex	ip=127.0.0.1	cmd=source:127.0.0.1 get_functions: db=@hive#myDb pat=*	
2024-04-24T12:25:04,344  INFO [TThreadPoolServer WorkerProcess-%d] HiveMetaStore.audit: ugi=alex	ip=127.0.0.1	cmd=source:127.0.0.1 get_all_stored_procedures	
2024-04-24T12:25:04,346  INFO [TThreadPoolServer WorkerProcess-%d] HiveMetaStore.audit: ugi=alex	ip=127.0.0.1	cmd=source:127.0.0.1 get_all_packages	
2024-04-24T12:25:04,349  INFO [TThreadPoolServer WorkerProcess-%d] HiveMetaStore.audit: ugi=alex	ip=127.0.0.1	cmd=source:127.0.0.1 getTablesByTypeCore: catName=hive: db=myDb pat=.*,type=MATERIALIZED_VIEW	
2024-04-24T12:25:04,357  INFO [TThreadPoolServer WorkerProcess-%d] metastore.ObjectStore: Dropping database hive.myDb along with all tables
2024-04-24T12:25:04,366 ERROR [TThreadPoolServer WorkerProcess-%d] metastore.RetryingHMSHandler: Retrying HMSHandler after 2000 ms (attempt 2 of 10) with error: javax.jdo.JDODataStoreException: Exception thrown flushing changes to datastore
	at org.datanucleus.api.jdo.NucleusJDOHelper.getJDOExceptionForNucleusException(NucleusJDOHelper.java:542)
	at org.datanucleus.api.jdo.JDOPersistenceManager.flush(JDOPersistenceManager.java:2081)
	at org.apache.hadoop.hive.metastore.ObjectStore.addNotificationEvent(ObjectStore.java:11639)
	at sun.reflect.GeneratedMethodAccessor68.invoke(Unknown Source)
	at sun.reflect.DelegatingMethodAccessorImpl.invoke(DelegatingMethodAccessorImpl.java:43)
	at java.lang.reflect.Method.invoke(Method.java:498)
	at org.apache.hadoop.hive.metastore.RawStoreProxy.invoke(RawStoreProxy.java:97)
	at com.sun.proxy.$Proxy32.addNotificationEvent(Unknown Source)
	at org.apache.hive.hcatalog.listener.DbNotificationListener.process(DbNotificationListener.java:1403)
	at org.apache.hive.hcatalog.listener.DbNotificationListener.onDropDatabase(DbNotificationListener.java:513)
	at org.apache.hadoop.hive.metastore.MetaStoreListenerNotifier$26.notify(MetaStoreListenerNotifier.java:99)
	at org.apache.hadoop.hive.metastore.MetaStoreListenerNotifier.notifyEvent(MetaStoreListenerNotifier.java:339)
	at org.apache.hadoop.hive.metastore.HMSHandler.drop_database_core(HMSHandler.java:1785)
	at org.apache.hadoop.hive.metastore.HMSHandler.drop_database(HMSHandler.java:1869)
	at sun.reflect.GeneratedMethodAccessor73.invoke(Unknown Source)
	at sun.reflect.DelegatingMethodAccessorImpl.invoke(DelegatingMethodAccessorImpl.java:43)
	at java.lang.reflect.Method.invoke(Method.java:498)
	at org.apache.hadoop.hive.metastore.RetryingHMSHandler.invokeInternal(RetryingHMSHandler.java:147)
	at org.apache.hadoop.hive.metastore.RetryingHMSHandler.invoke(RetryingHMSHandler.java:108)
	at com.sun.proxy.$Proxy34.drop_database(Unknown Source)
	at org.apache.hadoop.hive.metastore.api.ThriftHiveMetastore$Processor$drop_database.getResult(ThriftHiveMetastore.java:18285)
	at org.apache.hadoop.hive.metastore.api.ThriftHiveMetastore$Processor$drop_database.getResult(ThriftHiveMetastore.java:18264)
	at org.apache.thrift.ProcessFunction.process(ProcessFunction.java:38)
	at org.apache.hadoop.hive.metastore.TUGIBasedProcessor$1.run(TUGIBasedProcessor.java:111)
	at org.apache.hadoop.hive.metastore.TUGIBasedProcessor$1.run(TUGIBasedProcessor.java:107)
	at java.security.AccessController.doPrivileged(Native Method)
	at javax.security.auth.Subject.doAs(Subject.java:422)
	at org.apache.hadoop.security.UserGroupInformation.doAs(UserGroupInformation.java:1682)
	at org.apache.hadoop.hive.metastore.TUGIBasedProcessor.process(TUGIBasedProcessor.java:119)
	at org.apache.thrift.server.TThreadPoolServer$WorkerProcess.run(TThreadPoolServer.java:248)
	at java.util.concurrent.ThreadPoolExecutor.runWorker(ThreadPoolExecutor.java:1149)
	at java.util.concurrent.ThreadPoolExecutor$Worker.run(ThreadPoolExecutor.java:624)
	at java.lang.Thread.run(Thread.java:750)
NestedThrowablesStackTrace:
java.sql.BatchUpdateException: DELETE on table 'DBS' caused a violation of foreign key constraint 'TBLS_FK1' for key (11).  The statement has been rolled back.
	at org.apache.derby.impl.jdbc.EmbedStatement.executeLargeBatch(Unknown Source)
	at org.apache.derby.impl.jdbc.EmbedStatement.executeBatch(Unknown Source)
	at com.zaxxer.hikari.pool.ProxyStatement.executeBatch(ProxyStatement.java:128)
	at com.zaxxer.hikari.pool.HikariProxyPreparedStatement.executeBatch(HikariProxyPreparedStatement.java)
	at org.datanucleus.store.rdbms.ParamLoggingPreparedStatement.executeBatch(ParamLoggingPreparedStatement.java:366)
	at org.datanucleus.store.rdbms.SQLController.processConnectionStatement(SQLController.java:675)
	at org.datanucleus.store.rdbms.SQLController.processStatementsForConnection(SQLController.java:643)
	at org.datanucleus.store.rdbms.SQLController$1.transactionFlushed(SQLController.java:729)
	at org.datanucleus.store.connection.AbstractManagedConnection.transactionFlushed(AbstractManagedConnection.java:95)
	at org.datanucleus.store.connection.ConnectionManagerImpl$2.transactionFlushed(ConnectionManagerImpl.java:528)
	at org.datanucleus.TransactionImpl.flush(TransactionImpl.java:222)
	at org.datanucleus.ExecutionContextImpl.flushInternal(ExecutionContextImpl.java:4068)
	at org.datanucleus.ExecutionContextThreadedImpl.flushInternal(ExecutionContextThreadedImpl.java:448)
	at org.datanucleus.ExecutionContextImpl.flush(ExecutionContextImpl.java:4009)
	at org.datanucleus.ExecutionContextThreadedImpl.flush(ExecutionContextThreadedImpl.java:434)
	at org.datanucleus.api.jdo.JDOPersistenceManager.flush(JDOPersistenceManager.java:2064)
	at org.apache.hadoop.hive.metastore.ObjectStore.addNotificationEvent(ObjectStore.java:11639)
	at sun.reflect.GeneratedMethodAccessor68.invoke(Unknown Source)
	at sun.reflect.DelegatingMethodAccessorImpl.invoke(DelegatingMethodAccessorImpl.java:43)
	at java.lang.reflect.Method.invoke(Method.java:498)
	at org.apache.hadoop.hive.metastore.RawStoreProxy.invoke(RawStoreProxy.java:97)
	at com.sun.proxy.$Proxy32.addNotificationEvent(Unknown Source)
	at org.apache.hive.hcatalog.listener.DbNotificationListener.process(DbNotificationListener.java:1403)
	at org.apache.hive.hcatalog.listener.DbNotificationListener.onDropDatabase(DbNotificationListener.java:513)
	at org.apache.hadoop.hive.metastore.MetaStoreListenerNotifier$26.notify(MetaStoreListenerNotifier.java:99)
	at org.apache.hadoop.hive.metastore.MetaStoreListenerNotifier.notifyEvent(MetaStoreListenerNotifier.java:339)
	at org.apache.hadoop.hive.metastore.HMSHandler.drop_database_core(HMSHandler.java:1785)
	at org.apache.hadoop.hive.metastore.HMSHandler.drop_database(HMSHandler.java:1869)
	at sun.reflect.GeneratedMethodAccessor73.invoke(Unknown Source)
	at sun.reflect.DelegatingMethodAccessorImpl.invoke(DelegatingMethodAccessorImpl.java:43)
	at java.lang.reflect.Method.invoke(Method.java:498)
	at org.apache.hadoop.hive.metastore.RetryingHMSHandler.invokeInternal(RetryingHMSHandler.java:147)
	at org.apache.hadoop.hive.metastore.RetryingHMSHandler.invoke(RetryingHMSHandler.java:108)
	at com.sun.proxy.$Proxy34.drop_database(Unknown Source)
	at org.apache.hadoop.hive.metastore.api.ThriftHiveMetastore$Processor$drop_database.getResult(ThriftHiveMetastore.java:18285)
	at org.apache.hadoop.hive.metastore.api.ThriftHiveMetastore$Processor$drop_database.getResult(ThriftHiveMetastore.java:18264)
	at org.apache.thrift.ProcessFunction.process(ProcessFunction.java:38)
	at org.apache.hadoop.hive.metastore.TUGIBasedProcessor$1.run(TUGIBasedProcessor.java:111)
	at org.apache.hadoop.hive.metastore.TUGIBasedProcessor$1.run(TUGIBasedProcessor.java:107)
	at java.security.AccessController.doPrivileged(Native Method)
	at javax.security.auth.Subject.doAs(Subject.java:422)
	at org.apache.hadoop.security.UserGroupInformation.doAs(UserGroupInformation.java:1682)
	at org.apache.hadoop.hive.metastore.TUGIBasedProcessor.process(TUGIBasedProcessor.java:119)
	at org.apache.thrift.server.TThreadPoolServer$WorkerProcess.run(TThreadPoolServer.java:248)
	at java.util.concurrent.ThreadPoolExecutor.runWorker(ThreadPoolExecutor.java:1149)
	at java.util.concurrent.ThreadPoolExecutor$Worker.run(ThreadPoolExecutor.java:624)
	at java.lang.Thread.run(Thread.java:750)
Caused by: org.apache.derby.shared.common.error.DerbySQLIntegrityConstraintViolationException: DELETE on table 'DBS' caused a violation of foreign key constraint 'TBLS_FK1' for key (11).  The statement has been rolled back.
	at org.apache.derby.impl.jdbc.SQLExceptionFactory.getSQLException(Unknown Source)
	at org.apache.derby.impl.jdbc.Util.generateCsSQLException(Unknown Source)
	at org.apache.derby.impl.jdbc.TransactionResourceImpl.wrapInSQLException(Unknown Source)
	at org.apache.derby.impl.jdbc.TransactionResourceImpl.handleException(Unknown Source)
	at org.apache.derby.impl.jdbc.EmbedConnection.handleException(Unknown Source)
	at org.apache.derby.impl.jdbc.ConnectionChild.handleException(Unknown Source)
	at org.apache.derby.impl.jdbc.EmbedStatement.executeStatement(Unknown Source)
	at org.apache.derby.impl.jdbc.EmbedPreparedStatement.executeBatchElement(Unknown Source)
	... 47 more
Caused by: ERROR 23503: DELETE on table 'DBS' caused a violation of foreign key constraint 'TBLS_FK1' for key (11).  The statement has been rolled back.
	at org.apache.derby.iapi.error.StandardException.newException(Unknown Source)
	at org.apache.derby.iapi.error.StandardException.newException(Unknown Source)
	at org.apache.derby.impl.sql.execute.ReferencedKeyRIChecker.doCheck(Unknown Source)
	at org.apache.derby.impl.sql.execute.RISetChecker.doPKCheck(Unknown Source)
	at org.apache.derby.impl.sql.execute.DeleteResultSet.collectAffectedRows(Unknown Source)
	at org.apache.derby.impl.sql.execute.DeleteResultSet.open(Unknown Source)
	at org.apache.derby.impl.sql.GenericPreparedStatement.executeStmt(Unknown Source)
	at org.apache.derby.impl.sql.GenericPreparedStatement.execute(Unknown Source)
	... 49 more

2024-04-24T12:25:06,367  INFO [TThreadPoolServer WorkerProcess-%d] HiveMetaStore.audit: ugi=alex	ip=127.0.0.1	cmd=source:127.0.0.1 drop_database: @hive#myDb	
2024-04-24T12:25:06,370  INFO [TThreadPoolServer WorkerProcess-%d] HiveMetaStore.audit: ugi=alex	ip=127.0.0.1	cmd=source:127.0.0.1 get_all_tables: db=@hive#myDb	
2024-04-24T12:25:06,372  INFO [TThreadPoolServer WorkerProcess-%d] HiveMetaStore.audit: ugi=alex	ip=127.0.0.1	cmd=source:127.0.0.1 get_functions: db=@hive#myDb pat=*	
2024-04-24T12:25:06,373  INFO [TThreadPoolServer WorkerProcess-%d] HiveMetaStore.audit: ugi=alex	ip=127.0.0.1	cmd=source:127.0.0.1 get_all_stored_procedures	
2024-04-24T12:25:06,374  INFO [TThreadPoolServer WorkerProcess-%d] HiveMetaStore.audit: ugi=alex	ip=127.0.0.1	cmd=source:127.0.0.1 get_all_packages	
2024-04-24T12:25:06,375  INFO [TThreadPoolServer WorkerProcess-%d] HiveMetaStore.audit: ugi=alex	ip=127.0.0.1	cmd=source:127.0.0.1 getTablesByTypeCore: catName=hive: db=myDb pat=.*,type=MATERIALIZED_VIEW	
2024-04-24T12:25:06,377  INFO [TThreadPoolServer WorkerProcess-%d] metastore.ObjectStore: Dropping database hive.myDb along with all tables
2024-04-24T12:25:06,379 ERROR [TThreadPoolServer WorkerProcess-%d] metastore.RetryingHMSHandler: Retrying HMSHandler after 2000 ms (attempt 3 of 10) with error: javax.jdo.JDODataStoreException: Exception thrown flushing changes to datastore
	at org.datanucleus.api.jdo.NucleusJDOHelper.getJDOExceptionForNucleusException(NucleusJDOHelper.java:542)
	at org.datanucleus.api.jdo.JDOPersistenceManager.flush(JDOPersistenceManager.java:2081)
	at org.apache.hadoop.hive.metastore.ObjectStore.addNotificationEvent(ObjectStore.java:11639)
	at sun.reflect.GeneratedMethodAccessor68.invoke(Unknown Source)
	at sun.reflect.DelegatingMethodAccessorImpl.invoke(DelegatingMethodAccessorImpl.java:43)
	at java.lang.reflect.Method.invoke(Method.java:498)
	at org.apache.hadoop.hive.metastore.RawStoreProxy.invoke(RawStoreProxy.java:97)
	at com.sun.proxy.$Proxy32.addNotificationEvent(Unknown Source)
	at org.apache.hive.hcatalog.listener.DbNotificationListener.process(DbNotificationListener.java:1403)
	at org.apache.hive.hcatalog.listener.DbNotificationListener.onDropDatabase(DbNotificationListener.java:513)
	at org.apache.hadoop.hive.metastore.MetaStoreListenerNotifier$26.notify(MetaStoreListenerNotifier.java:99)
	at org.apache.hadoop.hive.metastore.MetaStoreListenerNotifier.notifyEvent(MetaStoreListenerNotifier.java:339)
	at org.apache.hadoop.hive.metastore.HMSHandler.drop_database_core(HMSHandler.java:1785)
	at org.apache.hadoop.hive.metastore.HMSHandler.drop_database(HMSHandler.java:1869)
	at sun.reflect.GeneratedMethodAccessor73.invoke(Unknown Source)
	at sun.reflect.DelegatingMethodAccessorImpl.invoke(DelegatingMethodAccessorImpl.java:43)
	at java.lang.reflect.Method.invoke(Method.java:498)
	at org.apache.hadoop.hive.metastore.RetryingHMSHandler.invokeInternal(RetryingHMSHandler.java:147)
	at org.apache.hadoop.hive.metastore.RetryingHMSHandler.invoke(RetryingHMSHandler.java:108)
	at com.sun.proxy.$Proxy34.drop_database(Unknown Source)
	at org.apache.hadoop.hive.metastore.api.ThriftHiveMetastore$Processor$drop_database.getResult(ThriftHiveMetastore.java:18285)
	at org.apache.hadoop.hive.metastore.api.ThriftHiveMetastore$Processor$drop_database.getResult(ThriftHiveMetastore.java:18264)
	at org.apache.thrift.ProcessFunction.process(ProcessFunction.java:38)
	at org.apache.hadoop.hive.metastore.TUGIBasedProcessor$1.run(TUGIBasedProcessor.java:111)
	at org.apache.hadoop.hive.metastore.TUGIBasedProcessor$1.run(TUGIBasedProcessor.java:107)
	at java.security.AccessController.doPrivileged(Native Method)
	at javax.security.auth.Subject.doAs(Subject.java:422)
	at org.apache.hadoop.security.UserGroupInformation.doAs(UserGroupInformation.java:1682)
	at org.apache.hadoop.hive.metastore.TUGIBasedProcessor.process(TUGIBasedProcessor.java:119)
	at org.apache.thrift.server.TThreadPoolServer$WorkerProcess.run(TThreadPoolServer.java:248)
	at java.util.concurrent.ThreadPoolExecutor.runWorker(ThreadPoolExecutor.java:1149)
	at java.util.concurrent.ThreadPoolExecutor$Worker.run(ThreadPoolExecutor.java:624)
	at java.lang.Thread.run(Thread.java:750)
NestedThrowablesStackTrace:
java.sql.BatchUpdateException: DELETE on table 'DBS' caused a violation of foreign key constraint 'TBLS_FK1' for key (11).  The statement has been rolled back.
	at org.apache.derby.impl.jdbc.EmbedStatement.executeLargeBatch(Unknown Source)
	at org.apache.derby.impl.jdbc.EmbedStatement.executeBatch(Unknown Source)
	at com.zaxxer.hikari.pool.ProxyStatement.executeBatch(ProxyStatement.java:128)
	at com.zaxxer.hikari.pool.HikariProxyPreparedStatement.executeBatch(HikariProxyPreparedStatement.java)
	at org.datanucleus.store.rdbms.ParamLoggingPreparedStatement.executeBatch(ParamLoggingPreparedStatement.java:366)
	at org.datanucleus.store.rdbms.SQLController.processConnectionStatement(SQLController.java:675)
	at org.datanucleus.store.rdbms.SQLController.processStatementsForConnection(SQLController.java:643)
	at org.datanucleus.store.rdbms.SQLController$1.transactionFlushed(SQLController.java:729)
	at org.datanucleus.store.connection.AbstractManagedConnection.transactionFlushed(AbstractManagedConnection.java:95)
	at org.datanucleus.store.connection.ConnectionManagerImpl$2.transactionFlushed(ConnectionManagerImpl.java:528)
	at org.datanucleus.TransactionImpl.flush(TransactionImpl.java:222)
	at org.datanucleus.ExecutionContextImpl.flushInternal(ExecutionContextImpl.java:4068)
	at org.datanucleus.ExecutionContextThreadedImpl.flushInternal(ExecutionContextThreadedImpl.java:448)
	at org.datanucleus.ExecutionContextImpl.flush(ExecutionContextImpl.java:4009)
	at org.datanucleus.ExecutionContextThreadedImpl.flush(ExecutionContextThreadedImpl.java:434)
	at org.datanucleus.api.jdo.JDOPersistenceManager.flush(JDOPersistenceManager.java:2064)
	at org.apache.hadoop.hive.metastore.ObjectStore.addNotificationEvent(ObjectStore.java:11639)
	at sun.reflect.GeneratedMethodAccessor68.invoke(Unknown Source)
	at sun.reflect.DelegatingMethodAccessorImpl.invoke(DelegatingMethodAccessorImpl.java:43)
	at java.lang.reflect.Method.invoke(Method.java:498)
	at org.apache.hadoop.hive.metastore.RawStoreProxy.invoke(RawStoreProxy.java:97)
	at com.sun.proxy.$Proxy32.addNotificationEvent(Unknown Source)
	at org.apache.hive.hcatalog.listener.DbNotificationListener.process(DbNotificationListener.java:1403)
	at org.apache.hive.hcatalog.listener.DbNotificationListener.onDropDatabase(DbNotificationListener.java:513)
	at org.apache.hadoop.hive.metastore.MetaStoreListenerNotifier$26.notify(MetaStoreListenerNotifier.java:99)
	at org.apache.hadoop.hive.metastore.MetaStoreListenerNotifier.notifyEvent(MetaStoreListenerNotifier.java:339)
	at org.apache.hadoop.hive.metastore.HMSHandler.drop_database_core(HMSHandler.java:1785)
	at org.apache.hadoop.hive.metastore.HMSHandler.drop_database(HMSHandler.java:1869)
	at sun.reflect.GeneratedMethodAccessor73.invoke(Unknown Source)
	at sun.reflect.DelegatingMethodAccessorImpl.invoke(DelegatingMethodAccessorImpl.java:43)
	at java.lang.reflect.Method.invoke(Method.java:498)
	at org.apache.hadoop.hive.metastore.RetryingHMSHandler.invokeInternal(RetryingHMSHandler.java:147)
	at org.apache.hadoop.hive.metastore.RetryingHMSHandler.invoke(RetryingHMSHandler.java:108)
	at com.sun.proxy.$Proxy34.drop_database(Unknown Source)
	at org.apache.hadoop.hive.metastore.api.ThriftHiveMetastore$Processor$drop_database.getResult(ThriftHiveMetastore.java:18285)
	at org.apache.hadoop.hive.metastore.api.ThriftHiveMetastore$Processor$drop_database.getResult(ThriftHiveMetastore.java:18264)
	at org.apache.thrift.ProcessFunction.process(ProcessFunction.java:38)
	at org.apache.hadoop.hive.metastore.TUGIBasedProcessor$1.run(TUGIBasedProcessor.java:111)
	at org.apache.hadoop.hive.metastore.TUGIBasedProcessor$1.run(TUGIBasedProcessor.java:107)
	at java.security.AccessController.doPrivileged(Native Method)
	at javax.security.auth.Subject.doAs(Subject.java:422)
	at org.apache.hadoop.security.UserGroupInformation.doAs(UserGroupInformation.java:1682)
	at org.apache.hadoop.hive.metastore.TUGIBasedProcessor.process(TUGIBasedProcessor.java:119)
	at org.apache.thrift.server.TThreadPoolServer$WorkerProcess.run(TThreadPoolServer.java:248)
	at java.util.concurrent.ThreadPoolExecutor.runWorker(ThreadPoolExecutor.java:1149)
	at java.util.concurrent.ThreadPoolExecutor$Worker.run(ThreadPoolExecutor.java:624)
	at java.lang.Thread.run(Thread.java:750)
Caused by: org.apache.derby.shared.common.error.DerbySQLIntegrityConstraintViolationException: DELETE on table 'DBS' caused a violation of foreign key constraint 'TBLS_FK1' for key (11).  The statement has been rolled back.
	at org.apache.derby.impl.jdbc.SQLExceptionFactory.getSQLException(Unknown Source)
	at org.apache.derby.impl.jdbc.Util.generateCsSQLException(Unknown Source)
	at org.apache.derby.impl.jdbc.TransactionResourceImpl.wrapInSQLException(Unknown Source)
	at org.apache.derby.impl.jdbc.TransactionResourceImpl.handleException(Unknown Source)
	at org.apache.derby.impl.jdbc.EmbedConnection.handleException(Unknown Source)
	at org.apache.derby.impl.jdbc.ConnectionChild.handleException(Unknown Source)
	at org.apache.derby.impl.jdbc.EmbedStatement.executeStatement(Unknown Source)
	at org.apache.derby.impl.jdbc.EmbedPreparedStatement.executeBatchElement(Unknown Source)
	... 47 more
Caused by: ERROR 23503: DELETE on table 'DBS' caused a violation of foreign key constraint 'TBLS_FK1' for key (11).  The statement has been rolled back.
	at org.apache.derby.iapi.error.StandardException.newException(Unknown Source)
	at org.apache.derby.iapi.error.StandardException.newException(Unknown Source)
	at org.apache.derby.impl.sql.execute.ReferencedKeyRIChecker.doCheck(Unknown Source)
	at org.apache.derby.impl.sql.execute.RISetChecker.doPKCheck(Unknown Source)
	at org.apache.derby.impl.sql.execute.DeleteResultSet.collectAffectedRows(Unknown Source)
	at org.apache.derby.impl.sql.execute.DeleteResultSet.open(Unknown Source)
	at org.apache.derby.impl.sql.GenericPreparedStatement.executeStmt(Unknown Source)
	at org.apache.derby.impl.sql.GenericPreparedStatement.execute(Unknown Source)
	... 49 more

2024-04-24T12:25:08,380  INFO [TThreadPoolServer WorkerProcess-%d] HiveMetaStore.audit: ugi=alex	ip=127.0.0.1	cmd=source:127.0.0.1 drop_database: @hive#myDb	
2024-04-24T12:25:08,384  INFO [TThreadPoolServer WorkerProcess-%d] HiveMetaStore.audit: ugi=alex	ip=127.0.0.1	cmd=source:127.0.0.1 get_all_tables: db=@hive#myDb	
2024-04-24T12:25:08,385  INFO [TThreadPoolServer WorkerProcess-%d] HiveMetaStore.audit: ugi=alex	ip=127.0.0.1	cmd=source:127.0.0.1 get_functions: db=@hive#myDb pat=*	
2024-04-24T12:25:08,386  INFO [TThreadPoolServer WorkerProcess-%d] HiveMetaStore.audit: ugi=alex	ip=127.0.0.1	cmd=source:127.0.0.1 get_all_stored_procedures	
2024-04-24T12:25:08,387  INFO [TThreadPoolServer WorkerProcess-%d] HiveMetaStore.audit: ugi=alex	ip=127.0.0.1	cmd=source:127.0.0.1 get_all_packages	
2024-04-24T12:25:08,387  INFO [TThreadPoolServer WorkerProcess-%d] HiveMetaStore.audit: ugi=alex	ip=127.0.0.1	cmd=source:127.0.0.1 getTablesByTypeCore: catName=hive: db=myDb pat=.*,type=MATERIALIZED_VIEW	
2024-04-24T12:25:08,389  INFO [TThreadPoolServer WorkerProcess-%d] metastore.ObjectStore: Dropping database hive.myDb along with all tables
2024-04-24T12:25:08,393 ERROR [TThreadPoolServer WorkerProcess-%d] metastore.RetryingHMSHandler: Retrying HMSHandler after 2000 ms (attempt 4 of 10) with error: javax.jdo.JDODataStoreException: Exception thrown flushing changes to datastore
	at org.datanucleus.api.jdo.NucleusJDOHelper.getJDOExceptionForNucleusException(NucleusJDOHelper.java:542)
	at org.datanucleus.api.jdo.JDOPersistenceManager.flush(JDOPersistenceManager.java:2081)
	at org.apache.hadoop.hive.metastore.ObjectStore.addNotificationEvent(ObjectStore.java:11639)
	at sun.reflect.GeneratedMethodAccessor68.invoke(Unknown Source)
	at sun.reflect.DelegatingMethodAccessorImpl.invoke(DelegatingMethodAccessorImpl.java:43)
	at java.lang.reflect.Method.invoke(Method.java:498)
	at org.apache.hadoop.hive.metastore.RawStoreProxy.invoke(RawStoreProxy.java:97)
	at com.sun.proxy.$Proxy32.addNotificationEvent(Unknown Source)
	at org.apache.hive.hcatalog.listener.DbNotificationListener.process(DbNotificationListener.java:1403)
	at org.apache.hive.hcatalog.listener.DbNotificationListener.onDropDatabase(DbNotificationListener.java:513)
	at org.apache.hadoop.hive.metastore.MetaStoreListenerNotifier$26.notify(MetaStoreListenerNotifier.java:99)
	at org.apache.hadoop.hive.metastore.MetaStoreListenerNotifier.notifyEvent(MetaStoreListenerNotifier.java:339)
	at org.apache.hadoop.hive.metastore.HMSHandler.drop_database_core(HMSHandler.java:1785)
	at org.apache.hadoop.hive.metastore.HMSHandler.drop_database(HMSHandler.java:1869)
	at sun.reflect.GeneratedMethodAccessor73.invoke(Unknown Source)
	at sun.reflect.DelegatingMethodAccessorImpl.invoke(DelegatingMethodAccessorImpl.java:43)
	at java.lang.reflect.Method.invoke(Method.java:498)
	at org.apache.hadoop.hive.metastore.RetryingHMSHandler.invokeInternal(RetryingHMSHandler.java:147)
	at org.apache.hadoop.hive.metastore.RetryingHMSHandler.invoke(RetryingHMSHandler.java:108)
	at com.sun.proxy.$Proxy34.drop_database(Unknown Source)
	at org.apache.hadoop.hive.metastore.api.ThriftHiveMetastore$Processor$drop_database.getResult(ThriftHiveMetastore.java:18285)
	at org.apache.hadoop.hive.metastore.api.ThriftHiveMetastore$Processor$drop_database.getResult(ThriftHiveMetastore.java:18264)
	at org.apache.thrift.ProcessFunction.process(ProcessFunction.java:38)
	at org.apache.hadoop.hive.metastore.TUGIBasedProcessor$1.run(TUGIBasedProcessor.java:111)
	at org.apache.hadoop.hive.metastore.TUGIBasedProcessor$1.run(TUGIBasedProcessor.java:107)
	at java.security.AccessController.doPrivileged(Native Method)
	at javax.security.auth.Subject.doAs(Subject.java:422)
	at org.apache.hadoop.security.UserGroupInformation.doAs(UserGroupInformation.java:1682)
	at org.apache.hadoop.hive.metastore.TUGIBasedProcessor.process(TUGIBasedProcessor.java:119)
	at org.apache.thrift.server.TThreadPoolServer$WorkerProcess.run(TThreadPoolServer.java:248)
	at java.util.concurrent.ThreadPoolExecutor.runWorker(ThreadPoolExecutor.java:1149)
	at java.util.concurrent.ThreadPoolExecutor$Worker.run(ThreadPoolExecutor.java:624)
	at java.lang.Thread.run(Thread.java:750)
NestedThrowablesStackTrace:
java.sql.BatchUpdateException: DELETE on table 'DBS' caused a violation of foreign key constraint 'TBLS_FK1' for key (11).  The statement has been rolled back.
	at org.apache.derby.impl.jdbc.EmbedStatement.executeLargeBatch(Unknown Source)
	at org.apache.derby.impl.jdbc.EmbedStatement.executeBatch(Unknown Source)
	at com.zaxxer.hikari.pool.ProxyStatement.executeBatch(ProxyStatement.java:128)
	at com.zaxxer.hikari.pool.HikariProxyPreparedStatement.executeBatch(HikariProxyPreparedStatement.java)
	at org.datanucleus.store.rdbms.ParamLoggingPreparedStatement.executeBatch(ParamLoggingPreparedStatement.java:366)
	at org.datanucleus.store.rdbms.SQLController.processConnectionStatement(SQLController.java:675)
	at org.datanucleus.store.rdbms.SQLController.processStatementsForConnection(SQLController.java:643)
	at org.datanucleus.store.rdbms.SQLController$1.transactionFlushed(SQLController.java:729)
	at org.datanucleus.store.connection.AbstractManagedConnection.transactionFlushed(AbstractManagedConnection.java:95)
	at org.datanucleus.store.connection.ConnectionManagerImpl$2.transactionFlushed(ConnectionManagerImpl.java:528)
	at org.datanucleus.TransactionImpl.flush(TransactionImpl.java:222)
	at org.datanucleus.ExecutionContextImpl.flushInternal(ExecutionContextImpl.java:4068)
	at org.datanucleus.ExecutionContextThreadedImpl.flushInternal(ExecutionContextThreadedImpl.java:448)
	at org.datanucleus.ExecutionContextImpl.flush(ExecutionContextImpl.java:4009)
	at org.datanucleus.ExecutionContextThreadedImpl.flush(ExecutionContextThreadedImpl.java:434)
	at org.datanucleus.api.jdo.JDOPersistenceManager.flush(JDOPersistenceManager.java:2064)
	at org.apache.hadoop.hive.metastore.ObjectStore.addNotificationEvent(ObjectStore.java:11639)
	at sun.reflect.GeneratedMethodAccessor68.invoke(Unknown Source)
	at sun.reflect.DelegatingMethodAccessorImpl.invoke(DelegatingMethodAccessorImpl.java:43)
	at java.lang.reflect.Method.invoke(Method.java:498)
	at org.apache.hadoop.hive.metastore.RawStoreProxy.invoke(RawStoreProxy.java:97)
	at com.sun.proxy.$Proxy32.addNotificationEvent(Unknown Source)
	at org.apache.hive.hcatalog.listener.DbNotificationListener.process(DbNotificationListener.java:1403)
	at org.apache.hive.hcatalog.listener.DbNotificationListener.onDropDatabase(DbNotificationListener.java:513)
	at org.apache.hadoop.hive.metastore.MetaStoreListenerNotifier$26.notify(MetaStoreListenerNotifier.java:99)
	at org.apache.hadoop.hive.metastore.MetaStoreListenerNotifier.notifyEvent(MetaStoreListenerNotifier.java:339)
	at org.apache.hadoop.hive.metastore.HMSHandler.drop_database_core(HMSHandler.java:1785)
	at org.apache.hadoop.hive.metastore.HMSHandler.drop_database(HMSHandler.java:1869)
	at sun.reflect.GeneratedMethodAccessor73.invoke(Unknown Source)
	at sun.reflect.DelegatingMethodAccessorImpl.invoke(DelegatingMethodAccessorImpl.java:43)
	at java.lang.reflect.Method.invoke(Method.java:498)
	at org.apache.hadoop.hive.metastore.RetryingHMSHandler.invokeInternal(RetryingHMSHandler.java:147)
	at org.apache.hadoop.hive.metastore.RetryingHMSHandler.invoke(RetryingHMSHandler.java:108)
	at com.sun.proxy.$Proxy34.drop_database(Unknown Source)
	at org.apache.hadoop.hive.metastore.api.ThriftHiveMetastore$Processor$drop_database.getResult(ThriftHiveMetastore.java:18285)
	at org.apache.hadoop.hive.metastore.api.ThriftHiveMetastore$Processor$drop_database.getResult(ThriftHiveMetastore.java:18264)
	at org.apache.thrift.ProcessFunction.process(ProcessFunction.java:38)
	at org.apache.hadoop.hive.metastore.TUGIBasedProcessor$1.run(TUGIBasedProcessor.java:111)
	at org.apache.hadoop.hive.metastore.TUGIBasedProcessor$1.run(TUGIBasedProcessor.java:107)
	at java.security.AccessController.doPrivileged(Native Method)
	at javax.security.auth.Subject.doAs(Subject.java:422)
	at org.apache.hadoop.security.UserGroupInformation.doAs(UserGroupInformation.java:1682)
	at org.apache.hadoop.hive.metastore.TUGIBasedProcessor.process(TUGIBasedProcessor.java:119)
	at org.apache.thrift.server.TThreadPoolServer$WorkerProcess.run(TThreadPoolServer.java:248)
	at java.util.concurrent.ThreadPoolExecutor.runWorker(ThreadPoolExecutor.java:1149)
	at java.util.concurrent.ThreadPoolExecutor$Worker.run(ThreadPoolExecutor.java:624)
	at java.lang.Thread.run(Thread.java:750)
Caused by: org.apache.derby.shared.common.error.DerbySQLIntegrityConstraintViolationException: DELETE on table 'DBS' caused a violation of foreign key constraint 'TBLS_FK1' for key (11).  The statement has been rolled back.
	at org.apache.derby.impl.jdbc.SQLExceptionFactory.getSQLException(Unknown Source)
	at org.apache.derby.impl.jdbc.Util.generateCsSQLException(Unknown Source)
	at org.apache.derby.impl.jdbc.TransactionResourceImpl.wrapInSQLException(Unknown Source)
	at org.apache.derby.impl.jdbc.TransactionResourceImpl.handleException(Unknown Source)
	at org.apache.derby.impl.jdbc.EmbedConnection.handleException(Unknown Source)
	at org.apache.derby.impl.jdbc.ConnectionChild.handleException(Unknown Source)
	at org.apache.derby.impl.jdbc.EmbedStatement.executeStatement(Unknown Source)
	at org.apache.derby.impl.jdbc.EmbedPreparedStatement.executeBatchElement(Unknown Source)
	... 47 more
Caused by: ERROR 23503: DELETE on table 'DBS' caused a violation of foreign key constraint 'TBLS_FK1' for key (11).  The statement has been rolled back.
	at org.apache.derby.iapi.error.StandardException.newException(Unknown Source)
	at org.apache.derby.iapi.error.StandardException.newException(Unknown Source)
	at org.apache.derby.impl.sql.execute.ReferencedKeyRIChecker.doCheck(Unknown Source)
	at org.apache.derby.impl.sql.execute.RISetChecker.doPKCheck(Unknown Source)
	at org.apache.derby.impl.sql.execute.DeleteResultSet.collectAffectedRows(Unknown Source)
	at org.apache.derby.impl.sql.execute.DeleteResultSet.open(Unknown Source)
	at org.apache.derby.impl.sql.GenericPreparedStatement.executeStmt(Unknown Source)
	at org.apache.derby.impl.sql.GenericPreparedStatement.execute(Unknown Source)
	... 49 more

2024-04-24T12:25:10,394  INFO [TThreadPoolServer WorkerProcess-%d] HiveMetaStore.audit: ugi=alex	ip=127.0.0.1	cmd=source:127.0.0.1 drop_database: @hive#myDb	
2024-04-24T12:25:10,397  INFO [TThreadPoolServer WorkerProcess-%d] HiveMetaStore.audit: ugi=alex	ip=127.0.0.1	cmd=source:127.0.0.1 get_all_tables: db=@hive#myDb	
2024-04-24T12:25:10,397  INFO [TThreadPoolServer WorkerProcess-%d] HiveMetaStore.audit: ugi=alex	ip=127.0.0.1	cmd=source:127.0.0.1 get_functions: db=@hive#myDb pat=*	
2024-04-24T12:25:10,398  INFO [TThreadPoolServer WorkerProcess-%d] HiveMetaStore.audit: ugi=alex	ip=127.0.0.1	cmd=source:127.0.0.1 get_all_stored_procedures	
2024-04-24T12:25:10,399  INFO [TThreadPoolServer WorkerProcess-%d] HiveMetaStore.audit: ugi=alex	ip=127.0.0.1	cmd=source:127.0.0.1 get_all_packages	
2024-04-24T12:25:10,400  INFO [TThreadPoolServer WorkerProcess-%d] HiveMetaStore.audit: ugi=alex	ip=127.0.0.1	cmd=source:127.0.0.1 getTablesByTypeCore: catName=hive: db=myDb pat=.*,type=MATERIALIZED_VIEW	
2024-04-24T12:25:10,401  INFO [TThreadPoolServer WorkerProcess-%d] metastore.ObjectStore: Dropping database hive.myDb along with all tables
2024-04-24T12:25:10,404 ERROR [TThreadPoolServer WorkerProcess-%d] metastore.RetryingHMSHandler: Retrying HMSHandler after 2000 ms (attempt 5 of 10) with error: javax.jdo.JDODataStoreException: Exception thrown flushing changes to datastore
	at org.datanucleus.api.jdo.NucleusJDOHelper.getJDOExceptionForNucleusException(NucleusJDOHelper.java:542)
	at org.datanucleus.api.jdo.JDOPersistenceManager.flush(JDOPersistenceManager.java:2081)
	at org.apache.hadoop.hive.metastore.ObjectStore.addNotificationEvent(ObjectStore.java:11639)
	at sun.reflect.GeneratedMethodAccessor68.invoke(Unknown Source)
	at sun.reflect.DelegatingMethodAccessorImpl.invoke(DelegatingMethodAccessorImpl.java:43)
	at java.lang.reflect.Method.invoke(Method.java:498)
	at org.apache.hadoop.hive.metastore.RawStoreProxy.invoke(RawStoreProxy.java:97)
	at com.sun.proxy.$Proxy32.addNotificationEvent(Unknown Source)
	at org.apache.hive.hcatalog.listener.DbNotificationListener.process(DbNotificationListener.java:1403)
	at org.apache.hive.hcatalog.listener.DbNotificationListener.onDropDatabase(DbNotificationListener.java:513)
	at org.apache.hadoop.hive.metastore.MetaStoreListenerNotifier$26.notify(MetaStoreListenerNotifier.java:99)
	at org.apache.hadoop.hive.metastore.MetaStoreListenerNotifier.notifyEvent(MetaStoreListenerNotifier.java:339)
	at org.apache.hadoop.hive.metastore.HMSHandler.drop_database_core(HMSHandler.java:1785)
	at org.apache.hadoop.hive.metastore.HMSHandler.drop_database(HMSHandler.java:1869)
	at sun.reflect.GeneratedMethodAccessor73.invoke(Unknown Source)
	at sun.reflect.DelegatingMethodAccessorImpl.invoke(DelegatingMethodAccessorImpl.java:43)
	at java.lang.reflect.Method.invoke(Method.java:498)
	at org.apache.hadoop.hive.metastore.RetryingHMSHandler.invokeInternal(RetryingHMSHandler.java:147)
	at org.apache.hadoop.hive.metastore.RetryingHMSHandler.invoke(RetryingHMSHandler.java:108)
	at com.sun.proxy.$Proxy34.drop_database(Unknown Source)
	at org.apache.hadoop.hive.metastore.api.ThriftHiveMetastore$Processor$drop_database.getResult(ThriftHiveMetastore.java:18285)
	at org.apache.hadoop.hive.metastore.api.ThriftHiveMetastore$Processor$drop_database.getResult(ThriftHiveMetastore.java:18264)
	at org.apache.thrift.ProcessFunction.process(ProcessFunction.java:38)
	at org.apache.hadoop.hive.metastore.TUGIBasedProcessor$1.run(TUGIBasedProcessor.java:111)
	at org.apache.hadoop.hive.metastore.TUGIBasedProcessor$1.run(TUGIBasedProcessor.java:107)
	at java.security.AccessController.doPrivileged(Native Method)
	at javax.security.auth.Subject.doAs(Subject.java:422)
	at org.apache.hadoop.security.UserGroupInformation.doAs(UserGroupInformation.java:1682)
	at org.apache.hadoop.hive.metastore.TUGIBasedProcessor.process(TUGIBasedProcessor.java:119)
	at org.apache.thrift.server.TThreadPoolServer$WorkerProcess.run(TThreadPoolServer.java:248)
	at java.util.concurrent.ThreadPoolExecutor.runWorker(ThreadPoolExecutor.java:1149)
	at java.util.concurrent.ThreadPoolExecutor$Worker.run(ThreadPoolExecutor.java:624)
	at java.lang.Thread.run(Thread.java:750)
NestedThrowablesStackTrace:
java.sql.BatchUpdateException: DELETE on table 'DBS' caused a violation of foreign key constraint 'TBLS_FK1' for key (11).  The statement has been rolled back.
	at org.apache.derby.impl.jdbc.EmbedStatement.executeLargeBatch(Unknown Source)
	at org.apache.derby.impl.jdbc.EmbedStatement.executeBatch(Unknown Source)
	at com.zaxxer.hikari.pool.ProxyStatement.executeBatch(ProxyStatement.java:128)
	at com.zaxxer.hikari.pool.HikariProxyPreparedStatement.executeBatch(HikariProxyPreparedStatement.java)
	at org.datanucleus.store.rdbms.ParamLoggingPreparedStatement.executeBatch(ParamLoggingPreparedStatement.java:366)
	at org.datanucleus.store.rdbms.SQLController.processConnectionStatement(SQLController.java:675)
	at org.datanucleus.store.rdbms.SQLController.processStatementsForConnection(SQLController.java:643)
	at org.datanucleus.store.rdbms.SQLController$1.transactionFlushed(SQLController.java:729)
	at org.datanucleus.store.connection.AbstractManagedConnection.transactionFlushed(AbstractManagedConnection.java:95)
	at org.datanucleus.store.connection.ConnectionManagerImpl$2.transactionFlushed(ConnectionManagerImpl.java:528)
	at org.datanucleus.TransactionImpl.flush(TransactionImpl.java:222)
	at org.datanucleus.ExecutionContextImpl.flushInternal(ExecutionContextImpl.java:4068)
	at org.datanucleus.ExecutionContextThreadedImpl.flushInternal(ExecutionContextThreadedImpl.java:448)
	at org.datanucleus.ExecutionContextImpl.flush(ExecutionContextImpl.java:4009)
	at org.datanucleus.ExecutionContextThreadedImpl.flush(ExecutionContextThreadedImpl.java:434)
	at org.datanucleus.api.jdo.JDOPersistenceManager.flush(JDOPersistenceManager.java:2064)
	at org.apache.hadoop.hive.metastore.ObjectStore.addNotificationEvent(ObjectStore.java:11639)
	at sun.reflect.GeneratedMethodAccessor68.invoke(Unknown Source)
	at sun.reflect.DelegatingMethodAccessorImpl.invoke(DelegatingMethodAccessorImpl.java:43)
	at java.lang.reflect.Method.invoke(Method.java:498)
	at org.apache.hadoop.hive.metastore.RawStoreProxy.invoke(RawStoreProxy.java:97)
	at com.sun.proxy.$Proxy32.addNotificationEvent(Unknown Source)
	at org.apache.hive.hcatalog.listener.DbNotificationListener.process(DbNotificationListener.java:1403)
	at org.apache.hive.hcatalog.listener.DbNotificationListener.onDropDatabase(DbNotificationListener.java:513)
	at org.apache.hadoop.hive.metastore.MetaStoreListenerNotifier$26.notify(MetaStoreListenerNotifier.java:99)
	at org.apache.hadoop.hive.metastore.MetaStoreListenerNotifier.notifyEvent(MetaStoreListenerNotifier.java:339)
	at org.apache.hadoop.hive.metastore.HMSHandler.drop_database_core(HMSHandler.java:1785)
	at org.apache.hadoop.hive.metastore.HMSHandler.drop_database(HMSHandler.java:1869)
	at sun.reflect.GeneratedMethodAccessor73.invoke(Unknown Source)
	at sun.reflect.DelegatingMethodAccessorImpl.invoke(DelegatingMethodAccessorImpl.java:43)
	at java.lang.reflect.Method.invoke(Method.java:498)
	at org.apache.hadoop.hive.metastore.RetryingHMSHandler.invokeInternal(RetryingHMSHandler.java:147)
	at org.apache.hadoop.hive.metastore.RetryingHMSHandler.invoke(RetryingHMSHandler.java:108)
	at com.sun.proxy.$Proxy34.drop_database(Unknown Source)
	at org.apache.hadoop.hive.metastore.api.ThriftHiveMetastore$Processor$drop_database.getResult(ThriftHiveMetastore.java:18285)
	at org.apache.hadoop.hive.metastore.api.ThriftHiveMetastore$Processor$drop_database.getResult(ThriftHiveMetastore.java:18264)
	at org.apache.thrift.ProcessFunction.process(ProcessFunction.java:38)
	at org.apache.hadoop.hive.metastore.TUGIBasedProcessor$1.run(TUGIBasedProcessor.java:111)
	at org.apache.hadoop.hive.metastore.TUGIBasedProcessor$1.run(TUGIBasedProcessor.java:107)
	at java.security.AccessController.doPrivileged(Native Method)
	at javax.security.auth.Subject.doAs(Subject.java:422)
	at org.apache.hadoop.security.UserGroupInformation.doAs(UserGroupInformation.java:1682)
	at org.apache.hadoop.hive.metastore.TUGIBasedProcessor.process(TUGIBasedProcessor.java:119)
	at org.apache.thrift.server.TThreadPoolServer$WorkerProcess.run(TThreadPoolServer.java:248)
	at java.util.concurrent.ThreadPoolExecutor.runWorker(ThreadPoolExecutor.java:1149)
	at java.util.concurrent.ThreadPoolExecutor$Worker.run(ThreadPoolExecutor.java:624)
	at java.lang.Thread.run(Thread.java:750)
Caused by: org.apache.derby.shared.common.error.DerbySQLIntegrityConstraintViolationException: DELETE on table 'DBS' caused a violation of foreign key constraint 'TBLS_FK1' for key (11).  The statement has been rolled back.
	at org.apache.derby.impl.jdbc.SQLExceptionFactory.getSQLException(Unknown Source)
	at org.apache.derby.impl.jdbc.Util.generateCsSQLException(Unknown Source)
	at org.apache.derby.impl.jdbc.TransactionResourceImpl.wrapInSQLException(Unknown Source)
	at org.apache.derby.impl.jdbc.TransactionResourceImpl.handleException(Unknown Source)
	at org.apache.derby.impl.jdbc.EmbedConnection.handleException(Unknown Source)
	at org.apache.derby.impl.jdbc.ConnectionChild.handleException(Unknown Source)
	at org.apache.derby.impl.jdbc.EmbedStatement.executeStatement(Unknown Source)
	at org.apache.derby.impl.jdbc.EmbedPreparedStatement.executeBatchElement(Unknown Source)
	... 47 more
Caused by: ERROR 23503: DELETE on table 'DBS' caused a violation of foreign key constraint 'TBLS_FK1' for key (11).  The statement has been rolled back.
	at org.apache.derby.iapi.error.StandardException.newException(Unknown Source)
	at org.apache.derby.iapi.error.StandardException.newException(Unknown Source)
	at org.apache.derby.impl.sql.execute.ReferencedKeyRIChecker.doCheck(Unknown Source)
	at org.apache.derby.impl.sql.execute.RISetChecker.doPKCheck(Unknown Source)
	at org.apache.derby.impl.sql.execute.DeleteResultSet.collectAffectedRows(Unknown Source)
	at org.apache.derby.impl.sql.execute.DeleteResultSet.open(Unknown Source)
	at org.apache.derby.impl.sql.GenericPreparedStatement.executeStmt(Unknown Source)
	at org.apache.derby.impl.sql.GenericPreparedStatement.execute(Unknown Source)
	... 49 more

2024-04-24T12:25:12,405  INFO [TThreadPoolServer WorkerProcess-%d] HiveMetaStore.audit: ugi=alex	ip=127.0.0.1	cmd=source:127.0.0.1 drop_database: @hive#myDb	
2024-04-24T12:25:12,408  INFO [TThreadPoolServer WorkerProcess-%d] HiveMetaStore.audit: ugi=alex	ip=127.0.0.1	cmd=source:127.0.0.1 get_all_tables: db=@hive#myDb	
2024-04-24T12:25:12,410  INFO [TThreadPoolServer WorkerProcess-%d] HiveMetaStore.audit: ugi=alex	ip=127.0.0.1	cmd=source:127.0.0.1 get_functions: db=@hive#myDb pat=*	
2024-04-24T12:25:12,412  INFO [TThreadPoolServer WorkerProcess-%d] HiveMetaStore.audit: ugi=alex	ip=127.0.0.1	cmd=source:127.0.0.1 get_all_stored_procedures	
2024-04-24T12:25:12,412  INFO [TThreadPoolServer WorkerProcess-%d] HiveMetaStore.audit: ugi=alex	ip=127.0.0.1	cmd=source:127.0.0.1 get_all_packages	
2024-04-24T12:25:12,413  INFO [TThreadPoolServer WorkerProcess-%d] HiveMetaStore.audit: ugi=alex	ip=127.0.0.1	cmd=source:127.0.0.1 getTablesByTypeCore: catName=hive: db=myDb pat=.*,type=MATERIALIZED_VIEW	
2024-04-24T12:25:12,415  INFO [TThreadPoolServer WorkerProcess-%d] metastore.ObjectStore: Dropping database hive.myDb along with all tables
2024-04-24T12:25:12,417 ERROR [TThreadPoolServer WorkerProcess-%d] metastore.RetryingHMSHandler: Retrying HMSHandler after 2000 ms (attempt 6 of 10) with error: javax.jdo.JDODataStoreException: Exception thrown flushing changes to datastore
	at org.datanucleus.api.jdo.NucleusJDOHelper.getJDOExceptionForNucleusException(NucleusJDOHelper.java:542)
	at org.datanucleus.api.jdo.JDOPersistenceManager.flush(JDOPersistenceManager.java:2081)
	at org.apache.hadoop.hive.metastore.ObjectStore.addNotificationEvent(ObjectStore.java:11639)
	at sun.reflect.GeneratedMethodAccessor68.invoke(Unknown Source)
	at sun.reflect.DelegatingMethodAccessorImpl.invoke(DelegatingMethodAccessorImpl.java:43)
	at java.lang.reflect.Method.invoke(Method.java:498)
	at org.apache.hadoop.hive.metastore.RawStoreProxy.invoke(RawStoreProxy.java:97)
	at com.sun.proxy.$Proxy32.addNotificationEvent(Unknown Source)
	at org.apache.hive.hcatalog.listener.DbNotificationListener.process(DbNotificationListener.java:1403)
	at org.apache.hive.hcatalog.listener.DbNotificationListener.onDropDatabase(DbNotificationListener.java:513)
	at org.apache.hadoop.hive.metastore.MetaStoreListenerNotifier$26.notify(MetaStoreListenerNotifier.java:99)
	at org.apache.hadoop.hive.metastore.MetaStoreListenerNotifier.notifyEvent(MetaStoreListenerNotifier.java:339)
	at org.apache.hadoop.hive.metastore.HMSHandler.drop_database_core(HMSHandler.java:1785)
	at org.apache.hadoop.hive.metastore.HMSHandler.drop_database(HMSHandler.java:1869)
	at sun.reflect.GeneratedMethodAccessor73.invoke(Unknown Source)
	at sun.reflect.DelegatingMethodAccessorImpl.invoke(DelegatingMethodAccessorImpl.java:43)
	at java.lang.reflect.Method.invoke(Method.java:498)
	at org.apache.hadoop.hive.metastore.RetryingHMSHandler.invokeInternal(RetryingHMSHandler.java:147)
	at org.apache.hadoop.hive.metastore.RetryingHMSHandler.invoke(RetryingHMSHandler.java:108)
	at com.sun.proxy.$Proxy34.drop_database(Unknown Source)
	at org.apache.hadoop.hive.metastore.api.ThriftHiveMetastore$Processor$drop_database.getResult(ThriftHiveMetastore.java:18285)
	at org.apache.hadoop.hive.metastore.api.ThriftHiveMetastore$Processor$drop_database.getResult(ThriftHiveMetastore.java:18264)
	at org.apache.thrift.ProcessFunction.process(ProcessFunction.java:38)
	at org.apache.hadoop.hive.metastore.TUGIBasedProcessor$1.run(TUGIBasedProcessor.java:111)
	at org.apache.hadoop.hive.metastore.TUGIBasedProcessor$1.run(TUGIBasedProcessor.java:107)
	at java.security.AccessController.doPrivileged(Native Method)
	at javax.security.auth.Subject.doAs(Subject.java:422)
	at org.apache.hadoop.security.UserGroupInformation.doAs(UserGroupInformation.java:1682)
	at org.apache.hadoop.hive.metastore.TUGIBasedProcessor.process(TUGIBasedProcessor.java:119)
	at org.apache.thrift.server.TThreadPoolServer$WorkerProcess.run(TThreadPoolServer.java:248)
	at java.util.concurrent.ThreadPoolExecutor.runWorker(ThreadPoolExecutor.java:1149)
	at java.util.concurrent.ThreadPoolExecutor$Worker.run(ThreadPoolExecutor.java:624)
	at java.lang.Thread.run(Thread.java:750)
NestedThrowablesStackTrace:
java.sql.BatchUpdateException: DELETE on table 'DBS' caused a violation of foreign key constraint 'TBLS_FK1' for key (11).  The statement has been rolled back.
	at org.apache.derby.impl.jdbc.EmbedStatement.executeLargeBatch(Unknown Source)
	at org.apache.derby.impl.jdbc.EmbedStatement.executeBatch(Unknown Source)
	at com.zaxxer.hikari.pool.ProxyStatement.executeBatch(ProxyStatement.java:128)
	at com.zaxxer.hikari.pool.HikariProxyPreparedStatement.executeBatch(HikariProxyPreparedStatement.java)
	at org.datanucleus.store.rdbms.ParamLoggingPreparedStatement.executeBatch(ParamLoggingPreparedStatement.java:366)
	at org.datanucleus.store.rdbms.SQLController.processConnectionStatement(SQLController.java:675)
	at org.datanucleus.store.rdbms.SQLController.processStatementsForConnection(SQLController.java:643)
	at org.datanucleus.store.rdbms.SQLController$1.transactionFlushed(SQLController.java:729)
	at org.datanucleus.store.connection.AbstractManagedConnection.transactionFlushed(AbstractManagedConnection.java:95)
	at org.datanucleus.store.connection.ConnectionManagerImpl$2.transactionFlushed(ConnectionManagerImpl.java:528)
	at org.datanucleus.TransactionImpl.flush(TransactionImpl.java:222)
	at org.datanucleus.ExecutionContextImpl.flushInternal(ExecutionContextImpl.java:4068)
	at org.datanucleus.ExecutionContextThreadedImpl.flushInternal(ExecutionContextThreadedImpl.java:448)
	at org.datanucleus.ExecutionContextImpl.flush(ExecutionContextImpl.java:4009)
	at org.datanucleus.ExecutionContextThreadedImpl.flush(ExecutionContextThreadedImpl.java:434)
	at org.datanucleus.api.jdo.JDOPersistenceManager.flush(JDOPersistenceManager.java:2064)
	at org.apache.hadoop.hive.metastore.ObjectStore.addNotificationEvent(ObjectStore.java:11639)
	at sun.reflect.GeneratedMethodAccessor68.invoke(Unknown Source)
	at sun.reflect.DelegatingMethodAccessorImpl.invoke(DelegatingMethodAccessorImpl.java:43)
	at java.lang.reflect.Method.invoke(Method.java:498)
	at org.apache.hadoop.hive.metastore.RawStoreProxy.invoke(RawStoreProxy.java:97)
	at com.sun.proxy.$Proxy32.addNotificationEvent(Unknown Source)
	at org.apache.hive.hcatalog.listener.DbNotificationListener.process(DbNotificationListener.java:1403)
	at org.apache.hive.hcatalog.listener.DbNotificationListener.onDropDatabase(DbNotificationListener.java:513)
	at org.apache.hadoop.hive.metastore.MetaStoreListenerNotifier$26.notify(MetaStoreListenerNotifier.java:99)
	at org.apache.hadoop.hive.metastore.MetaStoreListenerNotifier.notifyEvent(MetaStoreListenerNotifier.java:339)
	at org.apache.hadoop.hive.metastore.HMSHandler.drop_database_core(HMSHandler.java:1785)
	at org.apache.hadoop.hive.metastore.HMSHandler.drop_database(HMSHandler.java:1869)
	at sun.reflect.GeneratedMethodAccessor73.invoke(Unknown Source)
	at sun.reflect.DelegatingMethodAccessorImpl.invoke(DelegatingMethodAccessorImpl.java:43)
	at java.lang.reflect.Method.invoke(Method.java:498)
	at org.apache.hadoop.hive.metastore.RetryingHMSHandler.invokeInternal(RetryingHMSHandler.java:147)
	at org.apache.hadoop.hive.metastore.RetryingHMSHandler.invoke(RetryingHMSHandler.java:108)
	at com.sun.proxy.$Proxy34.drop_database(Unknown Source)
	at org.apache.hadoop.hive.metastore.api.ThriftHiveMetastore$Processor$drop_database.getResult(ThriftHiveMetastore.java:18285)
	at org.apache.hadoop.hive.metastore.api.ThriftHiveMetastore$Processor$drop_database.getResult(ThriftHiveMetastore.java:18264)
	at org.apache.thrift.ProcessFunction.process(ProcessFunction.java:38)
	at org.apache.hadoop.hive.metastore.TUGIBasedProcessor$1.run(TUGIBasedProcessor.java:111)
	at org.apache.hadoop.hive.metastore.TUGIBasedProcessor$1.run(TUGIBasedProcessor.java:107)
	at java.security.AccessController.doPrivileged(Native Method)
	at javax.security.auth.Subject.doAs(Subject.java:422)
	at org.apache.hadoop.security.UserGroupInformation.doAs(UserGroupInformation.java:1682)
	at org.apache.hadoop.hive.metastore.TUGIBasedProcessor.process(TUGIBasedProcessor.java:119)
	at org.apache.thrift.server.TThreadPoolServer$WorkerProcess.run(TThreadPoolServer.java:248)
	at java.util.concurrent.ThreadPoolExecutor.runWorker(ThreadPoolExecutor.java:1149)
	at java.util.concurrent.ThreadPoolExecutor$Worker.run(ThreadPoolExecutor.java:624)
	at java.lang.Thread.run(Thread.java:750)
Caused by: org.apache.derby.shared.common.error.DerbySQLIntegrityConstraintViolationException: DELETE on table 'DBS' caused a violation of foreign key constraint 'TBLS_FK1' for key (11).  The statement has been rolled back.
	at org.apache.derby.impl.jdbc.SQLExceptionFactory.getSQLException(Unknown Source)
	at org.apache.derby.impl.jdbc.Util.generateCsSQLException(Unknown Source)
	at org.apache.derby.impl.jdbc.TransactionResourceImpl.wrapInSQLException(Unknown Source)
	at org.apache.derby.impl.jdbc.TransactionResourceImpl.handleException(Unknown Source)
	at org.apache.derby.impl.jdbc.EmbedConnection.handleException(Unknown Source)
	at org.apache.derby.impl.jdbc.ConnectionChild.handleException(Unknown Source)
	at org.apache.derby.impl.jdbc.EmbedStatement.executeStatement(Unknown Source)
	at org.apache.derby.impl.jdbc.EmbedPreparedStatement.executeBatchElement(Unknown Source)
	... 47 more
Caused by: ERROR 23503: DELETE on table 'DBS' caused a violation of foreign key constraint 'TBLS_FK1' for key (11).  The statement has been rolled back.
	at org.apache.derby.iapi.error.StandardException.newException(Unknown Source)
	at org.apache.derby.iapi.error.StandardException.newException(Unknown Source)
	at org.apache.derby.impl.sql.execute.ReferencedKeyRIChecker.doCheck(Unknown Source)
	at org.apache.derby.impl.sql.execute.RISetChecker.doPKCheck(Unknown Source)
	at org.apache.derby.impl.sql.execute.DeleteResultSet.collectAffectedRows(Unknown Source)
	at org.apache.derby.impl.sql.execute.DeleteResultSet.open(Unknown Source)
	at org.apache.derby.impl.sql.GenericPreparedStatement.executeStmt(Unknown Source)
	at org.apache.derby.impl.sql.GenericPreparedStatement.execute(Unknown Source)
	... 49 more

2024-04-24T12:25:14,418  INFO [TThreadPoolServer WorkerProcess-%d] HiveMetaStore.audit: ugi=alex	ip=127.0.0.1	cmd=source:127.0.0.1 drop_database: @hive#myDb	
2024-04-24T12:25:14,421  INFO [TThreadPoolServer WorkerProcess-%d] HiveMetaStore.audit: ugi=alex	ip=127.0.0.1	cmd=source:127.0.0.1 get_all_tables: db=@hive#myDb	
2024-04-24T12:25:14,423  INFO [TThreadPoolServer WorkerProcess-%d] HiveMetaStore.audit: ugi=alex	ip=127.0.0.1	cmd=source:127.0.0.1 get_functions: db=@hive#myDb pat=*	
2024-04-24T12:25:14,425  INFO [TThreadPoolServer WorkerProcess-%d] HiveMetaStore.audit: ugi=alex	ip=127.0.0.1	cmd=source:127.0.0.1 get_all_stored_procedures	
2024-04-24T12:25:14,425  INFO [TThreadPoolServer WorkerProcess-%d] HiveMetaStore.audit: ugi=alex	ip=127.0.0.1	cmd=source:127.0.0.1 get_all_packages	
2024-04-24T12:25:14,426  INFO [TThreadPoolServer WorkerProcess-%d] HiveMetaStore.audit: ugi=alex	ip=127.0.0.1	cmd=source:127.0.0.1 getTablesByTypeCore: catName=hive: db=myDb pat=.*,type=MATERIALIZED_VIEW	
2024-04-24T12:25:14,428  INFO [TThreadPoolServer WorkerProcess-%d] metastore.ObjectStore: Dropping database hive.myDb along with all tables
2024-04-24T12:25:14,431 ERROR [TThreadPoolServer WorkerProcess-%d] metastore.RetryingHMSHandler: Retrying HMSHandler after 2000 ms (attempt 7 of 10) with error: javax.jdo.JDODataStoreException: Exception thrown flushing changes to datastore
	at org.datanucleus.api.jdo.NucleusJDOHelper.getJDOExceptionForNucleusException(NucleusJDOHelper.java:542)
	at org.datanucleus.api.jdo.JDOPersistenceManager.flush(JDOPersistenceManager.java:2081)
	at org.apache.hadoop.hive.metastore.ObjectStore.addNotificationEvent(ObjectStore.java:11639)
	at sun.reflect.GeneratedMethodAccessor68.invoke(Unknown Source)
	at sun.reflect.DelegatingMethodAccessorImpl.invoke(DelegatingMethodAccessorImpl.java:43)
	at java.lang.reflect.Method.invoke(Method.java:498)
	at org.apache.hadoop.hive.metastore.RawStoreProxy.invoke(RawStoreProxy.java:97)
	at com.sun.proxy.$Proxy32.addNotificationEvent(Unknown Source)
	at org.apache.hive.hcatalog.listener.DbNotificationListener.process(DbNotificationListener.java:1403)
	at org.apache.hive.hcatalog.listener.DbNotificationListener.onDropDatabase(DbNotificationListener.java:513)
	at org.apache.hadoop.hive.metastore.MetaStoreListenerNotifier$26.notify(MetaStoreListenerNotifier.java:99)
	at org.apache.hadoop.hive.metastore.MetaStoreListenerNotifier.notifyEvent(MetaStoreListenerNotifier.java:339)
	at org.apache.hadoop.hive.metastore.HMSHandler.drop_database_core(HMSHandler.java:1785)
	at org.apache.hadoop.hive.metastore.HMSHandler.drop_database(HMSHandler.java:1869)
	at sun.reflect.GeneratedMethodAccessor73.invoke(Unknown Source)
	at sun.reflect.DelegatingMethodAccessorImpl.invoke(DelegatingMethodAccessorImpl.java:43)
	at java.lang.reflect.Method.invoke(Method.java:498)
	at org.apache.hadoop.hive.metastore.RetryingHMSHandler.invokeInternal(RetryingHMSHandler.java:147)
	at org.apache.hadoop.hive.metastore.RetryingHMSHandler.invoke(RetryingHMSHandler.java:108)
	at com.sun.proxy.$Proxy34.drop_database(Unknown Source)
	at org.apache.hadoop.hive.metastore.api.ThriftHiveMetastore$Processor$drop_database.getResult(ThriftHiveMetastore.java:18285)
	at org.apache.hadoop.hive.metastore.api.ThriftHiveMetastore$Processor$drop_database.getResult(ThriftHiveMetastore.java:18264)
	at org.apache.thrift.ProcessFunction.process(ProcessFunction.java:38)
	at org.apache.hadoop.hive.metastore.TUGIBasedProcessor$1.run(TUGIBasedProcessor.java:111)
	at org.apache.hadoop.hive.metastore.TUGIBasedProcessor$1.run(TUGIBasedProcessor.java:107)
	at java.security.AccessController.doPrivileged(Native Method)
	at javax.security.auth.Subject.doAs(Subject.java:422)
	at org.apache.hadoop.security.UserGroupInformation.doAs(UserGroupInformation.java:1682)
	at org.apache.hadoop.hive.metastore.TUGIBasedProcessor.process(TUGIBasedProcessor.java:119)
	at org.apache.thrift.server.TThreadPoolServer$WorkerProcess.run(TThreadPoolServer.java:248)
	at java.util.concurrent.ThreadPoolExecutor.runWorker(ThreadPoolExecutor.java:1149)
	at java.util.concurrent.ThreadPoolExecutor$Worker.run(ThreadPoolExecutor.java:624)
	at java.lang.Thread.run(Thread.java:750)
NestedThrowablesStackTrace:
java.sql.BatchUpdateException: DELETE on table 'DBS' caused a violation of foreign key constraint 'TBLS_FK1' for key (11).  The statement has been rolled back.
	at org.apache.derby.impl.jdbc.EmbedStatement.executeLargeBatch(Unknown Source)
	at org.apache.derby.impl.jdbc.EmbedStatement.executeBatch(Unknown Source)
	at com.zaxxer.hikari.pool.ProxyStatement.executeBatch(ProxyStatement.java:128)
	at com.zaxxer.hikari.pool.HikariProxyPreparedStatement.executeBatch(HikariProxyPreparedStatement.java)
	at org.datanucleus.store.rdbms.ParamLoggingPreparedStatement.executeBatch(ParamLoggingPreparedStatement.java:366)
	at org.datanucleus.store.rdbms.SQLController.processConnectionStatement(SQLController.java:675)
	at org.datanucleus.store.rdbms.SQLController.processStatementsForConnection(SQLController.java:643)
	at org.datanucleus.store.rdbms.SQLController$1.transactionFlushed(SQLController.java:729)
	at org.datanucleus.store.connection.AbstractManagedConnection.transactionFlushed(AbstractManagedConnection.java:95)
	at org.datanucleus.store.connection.ConnectionManagerImpl$2.transactionFlushed(ConnectionManagerImpl.java:528)
	at org.datanucleus.TransactionImpl.flush(TransactionImpl.java:222)
	at org.datanucleus.ExecutionContextImpl.flushInternal(ExecutionContextImpl.java:4068)
	at org.datanucleus.ExecutionContextThreadedImpl.flushInternal(ExecutionContextThreadedImpl.java:448)
	at org.datanucleus.ExecutionContextImpl.flush(ExecutionContextImpl.java:4009)
	at org.datanucleus.ExecutionContextThreadedImpl.flush(ExecutionContextThreadedImpl.java:434)
	at org.datanucleus.api.jdo.JDOPersistenceManager.flush(JDOPersistenceManager.java:2064)
	at org.apache.hadoop.hive.metastore.ObjectStore.addNotificationEvent(ObjectStore.java:11639)
	at sun.reflect.GeneratedMethodAccessor68.invoke(Unknown Source)
	at sun.reflect.DelegatingMethodAccessorImpl.invoke(DelegatingMethodAccessorImpl.java:43)
	at java.lang.reflect.Method.invoke(Method.java:498)
	at org.apache.hadoop.hive.metastore.RawStoreProxy.invoke(RawStoreProxy.java:97)
	at com.sun.proxy.$Proxy32.addNotificationEvent(Unknown Source)
	at org.apache.hive.hcatalog.listener.DbNotificationListener.process(DbNotificationListener.java:1403)
	at org.apache.hive.hcatalog.listener.DbNotificationListener.onDropDatabase(DbNotificationListener.java:513)
	at org.apache.hadoop.hive.metastore.MetaStoreListenerNotifier$26.notify(MetaStoreListenerNotifier.java:99)
	at org.apache.hadoop.hive.metastore.MetaStoreListenerNotifier.notifyEvent(MetaStoreListenerNotifier.java:339)
	at org.apache.hadoop.hive.metastore.HMSHandler.drop_database_core(HMSHandler.java:1785)
	at org.apache.hadoop.hive.metastore.HMSHandler.drop_database(HMSHandler.java:1869)
	at sun.reflect.GeneratedMethodAccessor73.invoke(Unknown Source)
	at sun.reflect.DelegatingMethodAccessorImpl.invoke(DelegatingMethodAccessorImpl.java:43)
	at java.lang.reflect.Method.invoke(Method.java:498)
	at org.apache.hadoop.hive.metastore.RetryingHMSHandler.invokeInternal(RetryingHMSHandler.java:147)
	at org.apache.hadoop.hive.metastore.RetryingHMSHandler.invoke(RetryingHMSHandler.java:108)
	at com.sun.proxy.$Proxy34.drop_database(Unknown Source)
	at org.apache.hadoop.hive.metastore.api.ThriftHiveMetastore$Processor$drop_database.getResult(ThriftHiveMetastore.java:18285)
	at org.apache.hadoop.hive.metastore.api.ThriftHiveMetastore$Processor$drop_database.getResult(ThriftHiveMetastore.java:18264)
	at org.apache.thrift.ProcessFunction.process(ProcessFunction.java:38)
	at org.apache.hadoop.hive.metastore.TUGIBasedProcessor$1.run(TUGIBasedProcessor.java:111)
	at org.apache.hadoop.hive.metastore.TUGIBasedProcessor$1.run(TUGIBasedProcessor.java:107)
	at java.security.AccessController.doPrivileged(Native Method)
	at javax.security.auth.Subject.doAs(Subject.java:422)
	at org.apache.hadoop.security.UserGroupInformation.doAs(UserGroupInformation.java:1682)
	at org.apache.hadoop.hive.metastore.TUGIBasedProcessor.process(TUGIBasedProcessor.java:119)
	at org.apache.thrift.server.TThreadPoolServer$WorkerProcess.run(TThreadPoolServer.java:248)
	at java.util.concurrent.ThreadPoolExecutor.runWorker(ThreadPoolExecutor.java:1149)
	at java.util.concurrent.ThreadPoolExecutor$Worker.run(ThreadPoolExecutor.java:624)
	at java.lang.Thread.run(Thread.java:750)
Caused by: org.apache.derby.shared.common.error.DerbySQLIntegrityConstraintViolationException: DELETE on table 'DBS' caused a violation of foreign key constraint 'TBLS_FK1' for key (11).  The statement has been rolled back.
	at org.apache.derby.impl.jdbc.SQLExceptionFactory.getSQLException(Unknown Source)
	at org.apache.derby.impl.jdbc.Util.generateCsSQLException(Unknown Source)
	at org.apache.derby.impl.jdbc.TransactionResourceImpl.wrapInSQLException(Unknown Source)
	at org.apache.derby.impl.jdbc.TransactionResourceImpl.handleException(Unknown Source)
	at org.apache.derby.impl.jdbc.EmbedConnection.handleException(Unknown Source)
	at org.apache.derby.impl.jdbc.ConnectionChild.handleException(Unknown Source)
	at org.apache.derby.impl.jdbc.EmbedStatement.executeStatement(Unknown Source)
	at org.apache.derby.impl.jdbc.EmbedPreparedStatement.executeBatchElement(Unknown Source)
	... 47 more
Caused by: ERROR 23503: DELETE on table 'DBS' caused a violation of foreign key constraint 'TBLS_FK1' for key (11).  The statement has been rolled back.
	at org.apache.derby.iapi.error.StandardException.newException(Unknown Source)
	at org.apache.derby.iapi.error.StandardException.newException(Unknown Source)
	at org.apache.derby.impl.sql.execute.ReferencedKeyRIChecker.doCheck(Unknown Source)
	at org.apache.derby.impl.sql.execute.RISetChecker.doPKCheck(Unknown Source)
	at org.apache.derby.impl.sql.execute.DeleteResultSet.collectAffectedRows(Unknown Source)
	at org.apache.derby.impl.sql.execute.DeleteResultSet.open(Unknown Source)
	at org.apache.derby.impl.sql.GenericPreparedStatement.executeStmt(Unknown Source)
	at org.apache.derby.impl.sql.GenericPreparedStatement.execute(Unknown Source)
	... 49 more

2024-04-24T12:25:16,432  INFO [TThreadPoolServer WorkerProcess-%d] HiveMetaStore.audit: ugi=alex	ip=127.0.0.1	cmd=source:127.0.0.1 drop_database: @hive#myDb	
2024-04-24T12:25:16,435  INFO [TThreadPoolServer WorkerProcess-%d] HiveMetaStore.audit: ugi=alex	ip=127.0.0.1	cmd=source:127.0.0.1 get_all_tables: db=@hive#myDb	
2024-04-24T12:25:16,436  INFO [TThreadPoolServer WorkerProcess-%d] HiveMetaStore.audit: ugi=alex	ip=127.0.0.1	cmd=source:127.0.0.1 get_functions: db=@hive#myDb pat=*	
2024-04-24T12:25:16,438  INFO [TThreadPoolServer WorkerProcess-%d] HiveMetaStore.audit: ugi=alex	ip=127.0.0.1	cmd=source:127.0.0.1 get_all_stored_procedures	
2024-04-24T12:25:16,439  INFO [TThreadPoolServer WorkerProcess-%d] HiveMetaStore.audit: ugi=alex	ip=127.0.0.1	cmd=source:127.0.0.1 get_all_packages	
2024-04-24T12:25:16,440  INFO [TThreadPoolServer WorkerProcess-%d] HiveMetaStore.audit: ugi=alex	ip=127.0.0.1	cmd=source:127.0.0.1 getTablesByTypeCore: catName=hive: db=myDb pat=.*,type=MATERIALIZED_VIEW	
2024-04-24T12:25:16,442  INFO [TThreadPoolServer WorkerProcess-%d] metastore.ObjectStore: Dropping database hive.myDb along with all tables
2024-04-24T12:25:16,444 ERROR [TThreadPoolServer WorkerProcess-%d] metastore.RetryingHMSHandler: Retrying HMSHandler after 2000 ms (attempt 8 of 10) with error: javax.jdo.JDODataStoreException: Exception thrown flushing changes to datastore
	at org.datanucleus.api.jdo.NucleusJDOHelper.getJDOExceptionForNucleusException(NucleusJDOHelper.java:542)
	at org.datanucleus.api.jdo.JDOPersistenceManager.flush(JDOPersistenceManager.java:2081)
	at org.apache.hadoop.hive.metastore.ObjectStore.addNotificationEvent(ObjectStore.java:11639)
	at sun.reflect.GeneratedMethodAccessor68.invoke(Unknown Source)
	at sun.reflect.DelegatingMethodAccessorImpl.invoke(DelegatingMethodAccessorImpl.java:43)
	at java.lang.reflect.Method.invoke(Method.java:498)
	at org.apache.hadoop.hive.metastore.RawStoreProxy.invoke(RawStoreProxy.java:97)
	at com.sun.proxy.$Proxy32.addNotificationEvent(Unknown Source)
	at org.apache.hive.hcatalog.listener.DbNotificationListener.process(DbNotificationListener.java:1403)
	at org.apache.hive.hcatalog.listener.DbNotificationListener.onDropDatabase(DbNotificationListener.java:513)
	at org.apache.hadoop.hive.metastore.MetaStoreListenerNotifier$26.notify(MetaStoreListenerNotifier.java:99)
	at org.apache.hadoop.hive.metastore.MetaStoreListenerNotifier.notifyEvent(MetaStoreListenerNotifier.java:339)
	at org.apache.hadoop.hive.metastore.HMSHandler.drop_database_core(HMSHandler.java:1785)
	at org.apache.hadoop.hive.metastore.HMSHandler.drop_database(HMSHandler.java:1869)
	at sun.reflect.GeneratedMethodAccessor73.invoke(Unknown Source)
	at sun.reflect.DelegatingMethodAccessorImpl.invoke(DelegatingMethodAccessorImpl.java:43)
	at java.lang.reflect.Method.invoke(Method.java:498)
	at org.apache.hadoop.hive.metastore.RetryingHMSHandler.invokeInternal(RetryingHMSHandler.java:147)
	at org.apache.hadoop.hive.metastore.RetryingHMSHandler.invoke(RetryingHMSHandler.java:108)
	at com.sun.proxy.$Proxy34.drop_database(Unknown Source)
	at org.apache.hadoop.hive.metastore.api.ThriftHiveMetastore$Processor$drop_database.getResult(ThriftHiveMetastore.java:18285)
	at org.apache.hadoop.hive.metastore.api.ThriftHiveMetastore$Processor$drop_database.getResult(ThriftHiveMetastore.java:18264)
	at org.apache.thrift.ProcessFunction.process(ProcessFunction.java:38)
	at org.apache.hadoop.hive.metastore.TUGIBasedProcessor$1.run(TUGIBasedProcessor.java:111)
	at org.apache.hadoop.hive.metastore.TUGIBasedProcessor$1.run(TUGIBasedProcessor.java:107)
	at java.security.AccessController.doPrivileged(Native Method)
	at javax.security.auth.Subject.doAs(Subject.java:422)
	at org.apache.hadoop.security.UserGroupInformation.doAs(UserGroupInformation.java:1682)
	at org.apache.hadoop.hive.metastore.TUGIBasedProcessor.process(TUGIBasedProcessor.java:119)
	at org.apache.thrift.server.TThreadPoolServer$WorkerProcess.run(TThreadPoolServer.java:248)
	at java.util.concurrent.ThreadPoolExecutor.runWorker(ThreadPoolExecutor.java:1149)
	at java.util.concurrent.ThreadPoolExecutor$Worker.run(ThreadPoolExecutor.java:624)
	at java.lang.Thread.run(Thread.java:750)
NestedThrowablesStackTrace:
java.sql.BatchUpdateException: DELETE on table 'DBS' caused a violation of foreign key constraint 'TBLS_FK1' for key (11).  The statement has been rolled back.
	at org.apache.derby.impl.jdbc.EmbedStatement.executeLargeBatch(Unknown Source)
	at org.apache.derby.impl.jdbc.EmbedStatement.executeBatch(Unknown Source)
	at com.zaxxer.hikari.pool.ProxyStatement.executeBatch(ProxyStatement.java:128)
	at com.zaxxer.hikari.pool.HikariProxyPreparedStatement.executeBatch(HikariProxyPreparedStatement.java)
	at org.datanucleus.store.rdbms.ParamLoggingPreparedStatement.executeBatch(ParamLoggingPreparedStatement.java:366)
	at org.datanucleus.store.rdbms.SQLController.processConnectionStatement(SQLController.java:675)
	at org.datanucleus.store.rdbms.SQLController.processStatementsForConnection(SQLController.java:643)
	at org.datanucleus.store.rdbms.SQLController$1.transactionFlushed(SQLController.java:729)
	at org.datanucleus.store.connection.AbstractManagedConnection.transactionFlushed(AbstractManagedConnection.java:95)
	at org.datanucleus.store.connection.ConnectionManagerImpl$2.transactionFlushed(ConnectionManagerImpl.java:528)
	at org.datanucleus.TransactionImpl.flush(TransactionImpl.java:222)
	at org.datanucleus.ExecutionContextImpl.flushInternal(ExecutionContextImpl.java:4068)
	at org.datanucleus.ExecutionContextThreadedImpl.flushInternal(ExecutionContextThreadedImpl.java:448)
	at org.datanucleus.ExecutionContextImpl.flush(ExecutionContextImpl.java:4009)
	at org.datanucleus.ExecutionContextThreadedImpl.flush(ExecutionContextThreadedImpl.java:434)
	at org.datanucleus.api.jdo.JDOPersistenceManager.flush(JDOPersistenceManager.java:2064)
	at org.apache.hadoop.hive.metastore.ObjectStore.addNotificationEvent(ObjectStore.java:11639)
	at sun.reflect.GeneratedMethodAccessor68.invoke(Unknown Source)
	at sun.reflect.DelegatingMethodAccessorImpl.invoke(DelegatingMethodAccessorImpl.java:43)
	at java.lang.reflect.Method.invoke(Method.java:498)
	at org.apache.hadoop.hive.metastore.RawStoreProxy.invoke(RawStoreProxy.java:97)
	at com.sun.proxy.$Proxy32.addNotificationEvent(Unknown Source)
	at org.apache.hive.hcatalog.listener.DbNotificationListener.process(DbNotificationListener.java:1403)
	at org.apache.hive.hcatalog.listener.DbNotificationListener.onDropDatabase(DbNotificationListener.java:513)
	at org.apache.hadoop.hive.metastore.MetaStoreListenerNotifier$26.notify(MetaStoreListenerNotifier.java:99)
	at org.apache.hadoop.hive.metastore.MetaStoreListenerNotifier.notifyEvent(MetaStoreListenerNotifier.java:339)
	at org.apache.hadoop.hive.metastore.HMSHandler.drop_database_core(HMSHandler.java:1785)
	at org.apache.hadoop.hive.metastore.HMSHandler.drop_database(HMSHandler.java:1869)
	at sun.reflect.GeneratedMethodAccessor73.invoke(Unknown Source)
	at sun.reflect.DelegatingMethodAccessorImpl.invoke(DelegatingMethodAccessorImpl.java:43)
	at java.lang.reflect.Method.invoke(Method.java:498)
	at org.apache.hadoop.hive.metastore.RetryingHMSHandler.invokeInternal(RetryingHMSHandler.java:147)
	at org.apache.hadoop.hive.metastore.RetryingHMSHandler.invoke(RetryingHMSHandler.java:108)
	at com.sun.proxy.$Proxy34.drop_database(Unknown Source)
	at org.apache.hadoop.hive.metastore.api.ThriftHiveMetastore$Processor$drop_database.getResult(ThriftHiveMetastore.java:18285)
	at org.apache.hadoop.hive.metastore.api.ThriftHiveMetastore$Processor$drop_database.getResult(ThriftHiveMetastore.java:18264)
	at org.apache.thrift.ProcessFunction.process(ProcessFunction.java:38)
	at org.apache.hadoop.hive.metastore.TUGIBasedProcessor$1.run(TUGIBasedProcessor.java:111)
	at org.apache.hadoop.hive.metastore.TUGIBasedProcessor$1.run(TUGIBasedProcessor.java:107)
	at java.security.AccessController.doPrivileged(Native Method)
	at javax.security.auth.Subject.doAs(Subject.java:422)
	at org.apache.hadoop.security.UserGroupInformation.doAs(UserGroupInformation.java:1682)
	at org.apache.hadoop.hive.metastore.TUGIBasedProcessor.process(TUGIBasedProcessor.java:119)
	at org.apache.thrift.server.TThreadPoolServer$WorkerProcess.run(TThreadPoolServer.java:248)
	at java.util.concurrent.ThreadPoolExecutor.runWorker(ThreadPoolExecutor.java:1149)
	at java.util.concurrent.ThreadPoolExecutor$Worker.run(ThreadPoolExecutor.java:624)
	at java.lang.Thread.run(Thread.java:750)
Caused by: org.apache.derby.shared.common.error.DerbySQLIntegrityConstraintViolationException: DELETE on table 'DBS' caused a violation of foreign key constraint 'TBLS_FK1' for key (11).  The statement has been rolled back.
	at org.apache.derby.impl.jdbc.SQLExceptionFactory.getSQLException(Unknown Source)
	at org.apache.derby.impl.jdbc.Util.generateCsSQLException(Unknown Source)
	at org.apache.derby.impl.jdbc.TransactionResourceImpl.wrapInSQLException(Unknown Source)
	at org.apache.derby.impl.jdbc.TransactionResourceImpl.handleException(Unknown Source)
	at org.apache.derby.impl.jdbc.EmbedConnection.handleException(Unknown Source)
	at org.apache.derby.impl.jdbc.ConnectionChild.handleException(Unknown Source)
	at org.apache.derby.impl.jdbc.EmbedStatement.executeStatement(Unknown Source)
	at org.apache.derby.impl.jdbc.EmbedPreparedStatement.executeBatchElement(Unknown Source)
	... 47 more
Caused by: ERROR 23503: DELETE on table 'DBS' caused a violation of foreign key constraint 'TBLS_FK1' for key (11).  The statement has been rolled back.
	at org.apache.derby.iapi.error.StandardException.newException(Unknown Source)
	at org.apache.derby.iapi.error.StandardException.newException(Unknown Source)
	at org.apache.derby.impl.sql.execute.ReferencedKeyRIChecker.doCheck(Unknown Source)
	at org.apache.derby.impl.sql.execute.RISetChecker.doPKCheck(Unknown Source)
	at org.apache.derby.impl.sql.execute.DeleteResultSet.collectAffectedRows(Unknown Source)
	at org.apache.derby.impl.sql.execute.DeleteResultSet.open(Unknown Source)
	at org.apache.derby.impl.sql.GenericPreparedStatement.executeStmt(Unknown Source)
	at org.apache.derby.impl.sql.GenericPreparedStatement.execute(Unknown Source)
	... 49 more

2024-04-24T12:25:18,445  INFO [TThreadPoolServer WorkerProcess-%d] HiveMetaStore.audit: ugi=alex	ip=127.0.0.1	cmd=source:127.0.0.1 drop_database: @hive#myDb	
2024-04-24T12:25:18,449  INFO [TThreadPoolServer WorkerProcess-%d] HiveMetaStore.audit: ugi=alex	ip=127.0.0.1	cmd=source:127.0.0.1 get_all_tables: db=@hive#myDb	
2024-04-24T12:25:18,449  INFO [TThreadPoolServer WorkerProcess-%d] HiveMetaStore.audit: ugi=alex	ip=127.0.0.1	cmd=source:127.0.0.1 get_functions: db=@hive#myDb pat=*	
2024-04-24T12:25:18,451  INFO [TThreadPoolServer WorkerProcess-%d] HiveMetaStore.audit: ugi=alex	ip=127.0.0.1	cmd=source:127.0.0.1 get_all_stored_procedures	
2024-04-24T12:25:18,451  INFO [TThreadPoolServer WorkerProcess-%d] HiveMetaStore.audit: ugi=alex	ip=127.0.0.1	cmd=source:127.0.0.1 get_all_packages	
2024-04-24T12:25:18,452  INFO [TThreadPoolServer WorkerProcess-%d] HiveMetaStore.audit: ugi=alex	ip=127.0.0.1	cmd=source:127.0.0.1 getTablesByTypeCore: catName=hive: db=myDb pat=.*,type=MATERIALIZED_VIEW	
2024-04-24T12:25:18,454  INFO [TThreadPoolServer WorkerProcess-%d] metastore.ObjectStore: Dropping database hive.myDb along with all tables
2024-04-24T12:25:18,457 ERROR [TThreadPoolServer WorkerProcess-%d] metastore.RetryingHMSHandler: Retrying HMSHandler after 2000 ms (attempt 9 of 10) with error: javax.jdo.JDODataStoreException: Exception thrown flushing changes to datastore
	at org.datanucleus.api.jdo.NucleusJDOHelper.getJDOExceptionForNucleusException(NucleusJDOHelper.java:542)
	at org.datanucleus.api.jdo.JDOPersistenceManager.flush(JDOPersistenceManager.java:2081)
	at org.apache.hadoop.hive.metastore.ObjectStore.addNotificationEvent(ObjectStore.java:11639)
	at sun.reflect.GeneratedMethodAccessor68.invoke(Unknown Source)
	at sun.reflect.DelegatingMethodAccessorImpl.invoke(DelegatingMethodAccessorImpl.java:43)
	at java.lang.reflect.Method.invoke(Method.java:498)
	at org.apache.hadoop.hive.metastore.RawStoreProxy.invoke(RawStoreProxy.java:97)
	at com.sun.proxy.$Proxy32.addNotificationEvent(Unknown Source)
	at org.apache.hive.hcatalog.listener.DbNotificationListener.process(DbNotificationListener.java:1403)
	at org.apache.hive.hcatalog.listener.DbNotificationListener.onDropDatabase(DbNotificationListener.java:513)
	at org.apache.hadoop.hive.metastore.MetaStoreListenerNotifier$26.notify(MetaStoreListenerNotifier.java:99)
	at org.apache.hadoop.hive.metastore.MetaStoreListenerNotifier.notifyEvent(MetaStoreListenerNotifier.java:339)
	at org.apache.hadoop.hive.metastore.HMSHandler.drop_database_core(HMSHandler.java:1785)
	at org.apache.hadoop.hive.metastore.HMSHandler.drop_database(HMSHandler.java:1869)
	at sun.reflect.GeneratedMethodAccessor73.invoke(Unknown Source)
	at sun.reflect.DelegatingMethodAccessorImpl.invoke(DelegatingMethodAccessorImpl.java:43)
	at java.lang.reflect.Method.invoke(Method.java:498)
	at org.apache.hadoop.hive.metastore.RetryingHMSHandler.invokeInternal(RetryingHMSHandler.java:147)
	at org.apache.hadoop.hive.metastore.RetryingHMSHandler.invoke(RetryingHMSHandler.java:108)
	at com.sun.proxy.$Proxy34.drop_database(Unknown Source)
	at org.apache.hadoop.hive.metastore.api.ThriftHiveMetastore$Processor$drop_database.getResult(ThriftHiveMetastore.java:18285)
	at org.apache.hadoop.hive.metastore.api.ThriftHiveMetastore$Processor$drop_database.getResult(ThriftHiveMetastore.java:18264)
	at org.apache.thrift.ProcessFunction.process(ProcessFunction.java:38)
	at org.apache.hadoop.hive.metastore.TUGIBasedProcessor$1.run(TUGIBasedProcessor.java:111)
	at org.apache.hadoop.hive.metastore.TUGIBasedProcessor$1.run(TUGIBasedProcessor.java:107)
	at java.security.AccessController.doPrivileged(Native Method)
	at javax.security.auth.Subject.doAs(Subject.java:422)
	at org.apache.hadoop.security.UserGroupInformation.doAs(UserGroupInformation.java:1682)
	at org.apache.hadoop.hive.metastore.TUGIBasedProcessor.process(TUGIBasedProcessor.java:119)
	at org.apache.thrift.server.TThreadPoolServer$WorkerProcess.run(TThreadPoolServer.java:248)
	at java.util.concurrent.ThreadPoolExecutor.runWorker(ThreadPoolExecutor.java:1149)
	at java.util.concurrent.ThreadPoolExecutor$Worker.run(ThreadPoolExecutor.java:624)
	at java.lang.Thread.run(Thread.java:750)
NestedThrowablesStackTrace:
java.sql.BatchUpdateException: DELETE on table 'DBS' caused a violation of foreign key constraint 'TBLS_FK1' for key (11).  The statement has been rolled back.
	at org.apache.derby.impl.jdbc.EmbedStatement.executeLargeBatch(Unknown Source)
	at org.apache.derby.impl.jdbc.EmbedStatement.executeBatch(Unknown Source)
	at com.zaxxer.hikari.pool.ProxyStatement.executeBatch(ProxyStatement.java:128)
	at com.zaxxer.hikari.pool.HikariProxyPreparedStatement.executeBatch(HikariProxyPreparedStatement.java)
	at org.datanucleus.store.rdbms.ParamLoggingPreparedStatement.executeBatch(ParamLoggingPreparedStatement.java:366)
	at org.datanucleus.store.rdbms.SQLController.processConnectionStatement(SQLController.java:675)
	at org.datanucleus.store.rdbms.SQLController.processStatementsForConnection(SQLController.java:643)
	at org.datanucleus.store.rdbms.SQLController$1.transactionFlushed(SQLController.java:729)
	at org.datanucleus.store.connection.AbstractManagedConnection.transactionFlushed(AbstractManagedConnection.java:95)
	at org.datanucleus.store.connection.ConnectionManagerImpl$2.transactionFlushed(ConnectionManagerImpl.java:528)
	at org.datanucleus.TransactionImpl.flush(TransactionImpl.java:222)
	at org.datanucleus.ExecutionContextImpl.flushInternal(ExecutionContextImpl.java:4068)
	at org.datanucleus.ExecutionContextThreadedImpl.flushInternal(ExecutionContextThreadedImpl.java:448)
	at org.datanucleus.ExecutionContextImpl.flush(ExecutionContextImpl.java:4009)
	at org.datanucleus.ExecutionContextThreadedImpl.flush(ExecutionContextThreadedImpl.java:434)
	at org.datanucleus.api.jdo.JDOPersistenceManager.flush(JDOPersistenceManager.java:2064)
	at org.apache.hadoop.hive.metastore.ObjectStore.addNotificationEvent(ObjectStore.java:11639)
	at sun.reflect.GeneratedMethodAccessor68.invoke(Unknown Source)
	at sun.reflect.DelegatingMethodAccessorImpl.invoke(DelegatingMethodAccessorImpl.java:43)
	at java.lang.reflect.Method.invoke(Method.java:498)
	at org.apache.hadoop.hive.metastore.RawStoreProxy.invoke(RawStoreProxy.java:97)
	at com.sun.proxy.$Proxy32.addNotificationEvent(Unknown Source)
	at org.apache.hive.hcatalog.listener.DbNotificationListener.process(DbNotificationListener.java:1403)
	at org.apache.hive.hcatalog.listener.DbNotificationListener.onDropDatabase(DbNotificationListener.java:513)
	at org.apache.hadoop.hive.metastore.MetaStoreListenerNotifier$26.notify(MetaStoreListenerNotifier.java:99)
	at org.apache.hadoop.hive.metastore.MetaStoreListenerNotifier.notifyEvent(MetaStoreListenerNotifier.java:339)
	at org.apache.hadoop.hive.metastore.HMSHandler.drop_database_core(HMSHandler.java:1785)
	at org.apache.hadoop.hive.metastore.HMSHandler.drop_database(HMSHandler.java:1869)
	at sun.reflect.GeneratedMethodAccessor73.invoke(Unknown Source)
	at sun.reflect.DelegatingMethodAccessorImpl.invoke(DelegatingMethodAccessorImpl.java:43)
	at java.lang.reflect.Method.invoke(Method.java:498)
	at org.apache.hadoop.hive.metastore.RetryingHMSHandler.invokeInternal(RetryingHMSHandler.java:147)
	at org.apache.hadoop.hive.metastore.RetryingHMSHandler.invoke(RetryingHMSHandler.java:108)
	at com.sun.proxy.$Proxy34.drop_database(Unknown Source)
	at org.apache.hadoop.hive.metastore.api.ThriftHiveMetastore$Processor$drop_database.getResult(ThriftHiveMetastore.java:18285)
	at org.apache.hadoop.hive.metastore.api.ThriftHiveMetastore$Processor$drop_database.getResult(ThriftHiveMetastore.java:18264)
	at org.apache.thrift.ProcessFunction.process(ProcessFunction.java:38)
	at org.apache.hadoop.hive.metastore.TUGIBasedProcessor$1.run(TUGIBasedProcessor.java:111)
	at org.apache.hadoop.hive.metastore.TUGIBasedProcessor$1.run(TUGIBasedProcessor.java:107)
	at java.security.AccessController.doPrivileged(Native Method)
	at javax.security.auth.Subject.doAs(Subject.java:422)
	at org.apache.hadoop.security.UserGroupInformation.doAs(UserGroupInformation.java:1682)
	at org.apache.hadoop.hive.metastore.TUGIBasedProcessor.process(TUGIBasedProcessor.java:119)
	at org.apache.thrift.server.TThreadPoolServer$WorkerProcess.run(TThreadPoolServer.java:248)
	at java.util.concurrent.ThreadPoolExecutor.runWorker(ThreadPoolExecutor.java:1149)
	at java.util.concurrent.ThreadPoolExecutor$Worker.run(ThreadPoolExecutor.java:624)
	at java.lang.Thread.run(Thread.java:750)
Caused by: org.apache.derby.shared.common.error.DerbySQLIntegrityConstraintViolationException: DELETE on table 'DBS' caused a violation of foreign key constraint 'TBLS_FK1' for key (11).  The statement has been rolled back.
	at org.apache.derby.impl.jdbc.SQLExceptionFactory.getSQLException(Unknown Source)
	at org.apache.derby.impl.jdbc.Util.generateCsSQLException(Unknown Source)
	at org.apache.derby.impl.jdbc.TransactionResourceImpl.wrapInSQLException(Unknown Source)
	at org.apache.derby.impl.jdbc.TransactionResourceImpl.handleException(Unknown Source)
	at org.apache.derby.impl.jdbc.EmbedConnection.handleException(Unknown Source)
	at org.apache.derby.impl.jdbc.ConnectionChild.handleException(Unknown Source)
	at org.apache.derby.impl.jdbc.EmbedStatement.executeStatement(Unknown Source)
	at org.apache.derby.impl.jdbc.EmbedPreparedStatement.executeBatchElement(Unknown Source)
	... 47 more
Caused by: ERROR 23503: DELETE on table 'DBS' caused a violation of foreign key constraint 'TBLS_FK1' for key (11).  The statement has been rolled back.
	at org.apache.derby.iapi.error.StandardException.newException(Unknown Source)
	at org.apache.derby.iapi.error.StandardException.newException(Unknown Source)
	at org.apache.derby.impl.sql.execute.ReferencedKeyRIChecker.doCheck(Unknown Source)
	at org.apache.derby.impl.sql.execute.RISetChecker.doPKCheck(Unknown Source)
	at org.apache.derby.impl.sql.execute.DeleteResultSet.collectAffectedRows(Unknown Source)
	at org.apache.derby.impl.sql.execute.DeleteResultSet.open(Unknown Source)
	at org.apache.derby.impl.sql.GenericPreparedStatement.executeStmt(Unknown Source)
	at org.apache.derby.impl.sql.GenericPreparedStatement.execute(Unknown Source)
	... 49 more

2024-04-24T12:25:20,458  INFO [TThreadPoolServer WorkerProcess-%d] HiveMetaStore.audit: ugi=alex	ip=127.0.0.1	cmd=source:127.0.0.1 drop_database: @hive#myDb	
2024-04-24T12:25:20,461  INFO [TThreadPoolServer WorkerProcess-%d] HiveMetaStore.audit: ugi=alex	ip=127.0.0.1	cmd=source:127.0.0.1 get_all_tables: db=@hive#myDb	
2024-04-24T12:25:20,463  INFO [TThreadPoolServer WorkerProcess-%d] HiveMetaStore.audit: ugi=alex	ip=127.0.0.1	cmd=source:127.0.0.1 get_functions: db=@hive#myDb pat=*	
2024-04-24T12:25:20,464  INFO [TThreadPoolServer WorkerProcess-%d] HiveMetaStore.audit: ugi=alex	ip=127.0.0.1	cmd=source:127.0.0.1 get_all_stored_procedures	
2024-04-24T12:25:20,464  INFO [TThreadPoolServer WorkerProcess-%d] HiveMetaStore.audit: ugi=alex	ip=127.0.0.1	cmd=source:127.0.0.1 get_all_packages	
2024-04-24T12:25:20,465  INFO [TThreadPoolServer WorkerProcess-%d] HiveMetaStore.audit: ugi=alex	ip=127.0.0.1	cmd=source:127.0.0.1 getTablesByTypeCore: catName=hive: db=myDb pat=.*,type=MATERIALIZED_VIEW	
2024-04-24T12:25:20,467  INFO [TThreadPoolServer WorkerProcess-%d] metastore.ObjectStore: Dropping database hive.myDb along with all tables
2024-04-24T12:25:20,470 ERROR [TThreadPoolServer WorkerProcess-%d] metastore.RetryingHMSHandler: Retrying HMSHandler after 2000 ms (attempt 10 of 10) with error: javax.jdo.JDODataStoreException: Exception thrown flushing changes to datastore
	at org.datanucleus.api.jdo.NucleusJDOHelper.getJDOExceptionForNucleusException(NucleusJDOHelper.java:542)
	at org.datanucleus.api.jdo.JDOPersistenceManager.flush(JDOPersistenceManager.java:2081)
	at org.apache.hadoop.hive.metastore.ObjectStore.addNotificationEvent(ObjectStore.java:11639)
	at sun.reflect.GeneratedMethodAccessor68.invoke(Unknown Source)
	at sun.reflect.DelegatingMethodAccessorImpl.invoke(DelegatingMethodAccessorImpl.java:43)
	at java.lang.reflect.Method.invoke(Method.java:498)
	at org.apache.hadoop.hive.metastore.RawStoreProxy.invoke(RawStoreProxy.java:97)
	at com.sun.proxy.$Proxy32.addNotificationEvent(Unknown Source)
	at org.apache.hive.hcatalog.listener.DbNotificationListener.process(DbNotificationListener.java:1403)
	at org.apache.hive.hcatalog.listener.DbNotificationListener.onDropDatabase(DbNotificationListener.java:513)
	at org.apache.hadoop.hive.metastore.MetaStoreListenerNotifier$26.notify(MetaStoreListenerNotifier.java:99)
	at org.apache.hadoop.hive.metastore.MetaStoreListenerNotifier.notifyEvent(MetaStoreListenerNotifier.java:339)
	at org.apache.hadoop.hive.metastore.HMSHandler.drop_database_core(HMSHandler.java:1785)
	at org.apache.hadoop.hive.metastore.HMSHandler.drop_database(HMSHandler.java:1869)
	at sun.reflect.GeneratedMethodAccessor73.invoke(Unknown Source)
	at sun.reflect.DelegatingMethodAccessorImpl.invoke(DelegatingMethodAccessorImpl.java:43)
	at java.lang.reflect.Method.invoke(Method.java:498)
	at org.apache.hadoop.hive.metastore.RetryingHMSHandler.invokeInternal(RetryingHMSHandler.java:147)
	at org.apache.hadoop.hive.metastore.RetryingHMSHandler.invoke(RetryingHMSHandler.java:108)
	at com.sun.proxy.$Proxy34.drop_database(Unknown Source)
	at org.apache.hadoop.hive.metastore.api.ThriftHiveMetastore$Processor$drop_database.getResult(ThriftHiveMetastore.java:18285)
	at org.apache.hadoop.hive.metastore.api.ThriftHiveMetastore$Processor$drop_database.getResult(ThriftHiveMetastore.java:18264)
	at org.apache.thrift.ProcessFunction.process(ProcessFunction.java:38)
	at org.apache.hadoop.hive.metastore.TUGIBasedProcessor$1.run(TUGIBasedProcessor.java:111)
	at org.apache.hadoop.hive.metastore.TUGIBasedProcessor$1.run(TUGIBasedProcessor.java:107)
	at java.security.AccessController.doPrivileged(Native Method)
	at javax.security.auth.Subject.doAs(Subject.java:422)
	at org.apache.hadoop.security.UserGroupInformation.doAs(UserGroupInformation.java:1682)
	at org.apache.hadoop.hive.metastore.TUGIBasedProcessor.process(TUGIBasedProcessor.java:119)
	at org.apache.thrift.server.TThreadPoolServer$WorkerProcess.run(TThreadPoolServer.java:248)
	at java.util.concurrent.ThreadPoolExecutor.runWorker(ThreadPoolExecutor.java:1149)
	at java.util.concurrent.ThreadPoolExecutor$Worker.run(ThreadPoolExecutor.java:624)
	at java.lang.Thread.run(Thread.java:750)
NestedThrowablesStackTrace:
java.sql.BatchUpdateException: DELETE on table 'DBS' caused a violation of foreign key constraint 'TBLS_FK1' for key (11).  The statement has been rolled back.
	at org.apache.derby.impl.jdbc.EmbedStatement.executeLargeBatch(Unknown Source)
	at org.apache.derby.impl.jdbc.EmbedStatement.executeBatch(Unknown Source)
	at com.zaxxer.hikari.pool.ProxyStatement.executeBatch(ProxyStatement.java:128)
	at com.zaxxer.hikari.pool.HikariProxyPreparedStatement.executeBatch(HikariProxyPreparedStatement.java)
	at org.datanucleus.store.rdbms.ParamLoggingPreparedStatement.executeBatch(ParamLoggingPreparedStatement.java:366)
	at org.datanucleus.store.rdbms.SQLController.processConnectionStatement(SQLController.java:675)
	at org.datanucleus.store.rdbms.SQLController.processStatementsForConnection(SQLController.java:643)
	at org.datanucleus.store.rdbms.SQLController$1.transactionFlushed(SQLController.java:729)
	at org.datanucleus.store.connection.AbstractManagedConnection.transactionFlushed(AbstractManagedConnection.java:95)
	at org.datanucleus.store.connection.ConnectionManagerImpl$2.transactionFlushed(ConnectionManagerImpl.java:528)
	at org.datanucleus.TransactionImpl.flush(TransactionImpl.java:222)
	at org.datanucleus.ExecutionContextImpl.flushInternal(ExecutionContextImpl.java:4068)
	at org.datanucleus.ExecutionContextThreadedImpl.flushInternal(ExecutionContextThreadedImpl.java:448)
	at org.datanucleus.ExecutionContextImpl.flush(ExecutionContextImpl.java:4009)
	at org.datanucleus.ExecutionContextThreadedImpl.flush(ExecutionContextThreadedImpl.java:434)
	at org.datanucleus.api.jdo.JDOPersistenceManager.flush(JDOPersistenceManager.java:2064)
	at org.apache.hadoop.hive.metastore.ObjectStore.addNotificationEvent(ObjectStore.java:11639)
	at sun.reflect.GeneratedMethodAccessor68.invoke(Unknown Source)
	at sun.reflect.DelegatingMethodAccessorImpl.invoke(DelegatingMethodAccessorImpl.java:43)
	at java.lang.reflect.Method.invoke(Method.java:498)
	at org.apache.hadoop.hive.metastore.RawStoreProxy.invoke(RawStoreProxy.java:97)
	at com.sun.proxy.$Proxy32.addNotificationEvent(Unknown Source)
	at org.apache.hive.hcatalog.listener.DbNotificationListener.process(DbNotificationListener.java:1403)
	at org.apache.hive.hcatalog.listener.DbNotificationListener.onDropDatabase(DbNotificationListener.java:513)
	at org.apache.hadoop.hive.metastore.MetaStoreListenerNotifier$26.notify(MetaStoreListenerNotifier.java:99)
	at org.apache.hadoop.hive.metastore.MetaStoreListenerNotifier.notifyEvent(MetaStoreListenerNotifier.java:339)
	at org.apache.hadoop.hive.metastore.HMSHandler.drop_database_core(HMSHandler.java:1785)
	at org.apache.hadoop.hive.metastore.HMSHandler.drop_database(HMSHandler.java:1869)
	at sun.reflect.GeneratedMethodAccessor73.invoke(Unknown Source)
	at sun.reflect.DelegatingMethodAccessorImpl.invoke(DelegatingMethodAccessorImpl.java:43)
	at java.lang.reflect.Method.invoke(Method.java:498)
	at org.apache.hadoop.hive.metastore.RetryingHMSHandler.invokeInternal(RetryingHMSHandler.java:147)
	at org.apache.hadoop.hive.metastore.RetryingHMSHandler.invoke(RetryingHMSHandler.java:108)
	at com.sun.proxy.$Proxy34.drop_database(Unknown Source)
	at org.apache.hadoop.hive.metastore.api.ThriftHiveMetastore$Processor$drop_database.getResult(ThriftHiveMetastore.java:18285)
	at org.apache.hadoop.hive.metastore.api.ThriftHiveMetastore$Processor$drop_database.getResult(ThriftHiveMetastore.java:18264)
	at org.apache.thrift.ProcessFunction.process(ProcessFunction.java:38)
	at org.apache.hadoop.hive.metastore.TUGIBasedProcessor$1.run(TUGIBasedProcessor.java:111)
	at org.apache.hadoop.hive.metastore.TUGIBasedProcessor$1.run(TUGIBasedProcessor.java:107)
	at java.security.AccessController.doPrivileged(Native Method)
	at javax.security.auth.Subject.doAs(Subject.java:422)
	at org.apache.hadoop.security.UserGroupInformation.doAs(UserGroupInformation.java:1682)
	at org.apache.hadoop.hive.metastore.TUGIBasedProcessor.process(TUGIBasedProcessor.java:119)
	at org.apache.thrift.server.TThreadPoolServer$WorkerProcess.run(TThreadPoolServer.java:248)
	at java.util.concurrent.ThreadPoolExecutor.runWorker(ThreadPoolExecutor.java:1149)
	at java.util.concurrent.ThreadPoolExecutor$Worker.run(ThreadPoolExecutor.java:624)
	at java.lang.Thread.run(Thread.java:750)
Caused by: org.apache.derby.shared.common.error.DerbySQLIntegrityConstraintViolationException: DELETE on table 'DBS' caused a violation of foreign key constraint 'TBLS_FK1' for key (11).  The statement has been rolled back.
	at org.apache.derby.impl.jdbc.SQLExceptionFactory.getSQLException(Unknown Source)
	at org.apache.derby.impl.jdbc.Util.generateCsSQLException(Unknown Source)
	at org.apache.derby.impl.jdbc.TransactionResourceImpl.wrapInSQLException(Unknown Source)
	at org.apache.derby.impl.jdbc.TransactionResourceImpl.handleException(Unknown Source)
	at org.apache.derby.impl.jdbc.EmbedConnection.handleException(Unknown Source)
	at org.apache.derby.impl.jdbc.ConnectionChild.handleException(Unknown Source)
	at org.apache.derby.impl.jdbc.EmbedStatement.executeStatement(Unknown Source)
	at org.apache.derby.impl.jdbc.EmbedPreparedStatement.executeBatchElement(Unknown Source)
	... 47 more
Caused by: ERROR 23503: DELETE on table 'DBS' caused a violation of foreign key constraint 'TBLS_FK1' for key (11).  The statement has been rolled back.
	at org.apache.derby.iapi.error.StandardException.newException(Unknown Source)
	at org.apache.derby.iapi.error.StandardException.newException(Unknown Source)
	at org.apache.derby.impl.sql.execute.ReferencedKeyRIChecker.doCheck(Unknown Source)
	at org.apache.derby.impl.sql.execute.RISetChecker.doPKCheck(Unknown Source)
	at org.apache.derby.impl.sql.execute.DeleteResultSet.collectAffectedRows(Unknown Source)
	at org.apache.derby.impl.sql.execute.DeleteResultSet.open(Unknown Source)
	at org.apache.derby.impl.sql.GenericPreparedStatement.executeStmt(Unknown Source)
	at org.apache.derby.impl.sql.GenericPreparedStatement.execute(Unknown Source)
	... 49 more

2024-04-24T12:25:22,471  INFO [TThreadPoolServer WorkerProcess-%d] HiveMetaStore.audit: ugi=alex	ip=127.0.0.1	cmd=source:127.0.0.1 drop_database: @hive#myDb	
2024-04-24T12:25:22,474  INFO [TThreadPoolServer WorkerProcess-%d] HiveMetaStore.audit: ugi=alex	ip=127.0.0.1	cmd=source:127.0.0.1 get_all_tables: db=@hive#myDb	
2024-04-24T12:25:22,475  INFO [TThreadPoolServer WorkerProcess-%d] HiveMetaStore.audit: ugi=alex	ip=127.0.0.1	cmd=source:127.0.0.1 get_functions: db=@hive#myDb pat=*	
2024-04-24T12:25:22,477  INFO [TThreadPoolServer WorkerProcess-%d] HiveMetaStore.audit: ugi=alex	ip=127.0.0.1	cmd=source:127.0.0.1 get_all_stored_procedures	
2024-04-24T12:25:22,478  INFO [TThreadPoolServer WorkerProcess-%d] HiveMetaStore.audit: ugi=alex	ip=127.0.0.1	cmd=source:127.0.0.1 get_all_packages	
2024-04-24T12:25:22,479  INFO [TThreadPoolServer WorkerProcess-%d] HiveMetaStore.audit: ugi=alex	ip=127.0.0.1	cmd=source:127.0.0.1 getTablesByTypeCore: catName=hive: db=myDb pat=.*,type=MATERIALIZED_VIEW	
2024-04-24T12:25:22,481  INFO [TThreadPoolServer WorkerProcess-%d] metastore.ObjectStore: Dropping database hive.myDb along with all tables
2024-04-24T12:25:22,484 ERROR [TThreadPoolServer WorkerProcess-%d] metastore.RetryingHMSHandler: HMSHandler Fatal error: javax.jdo.JDODataStoreException: Exception thrown flushing changes to datastore
	at org.datanucleus.api.jdo.NucleusJDOHelper.getJDOExceptionForNucleusException(NucleusJDOHelper.java:542)
	at org.datanucleus.api.jdo.JDOPersistenceManager.flush(JDOPersistenceManager.java:2081)
	at org.apache.hadoop.hive.metastore.ObjectStore.addNotificationEvent(ObjectStore.java:11639)
	at sun.reflect.GeneratedMethodAccessor68.invoke(Unknown Source)
	at sun.reflect.DelegatingMethodAccessorImpl.invoke(DelegatingMethodAccessorImpl.java:43)
	at java.lang.reflect.Method.invoke(Method.java:498)
	at org.apache.hadoop.hive.metastore.RawStoreProxy.invoke(RawStoreProxy.java:97)
	at com.sun.proxy.$Proxy32.addNotificationEvent(Unknown Source)
	at org.apache.hive.hcatalog.listener.DbNotificationListener.process(DbNotificationListener.java:1403)
	at org.apache.hive.hcatalog.listener.DbNotificationListener.onDropDatabase(DbNotificationListener.java:513)
	at org.apache.hadoop.hive.metastore.MetaStoreListenerNotifier$26.notify(MetaStoreListenerNotifier.java:99)
	at org.apache.hadoop.hive.metastore.MetaStoreListenerNotifier.notifyEvent(MetaStoreListenerNotifier.java:339)
	at org.apache.hadoop.hive.metastore.HMSHandler.drop_database_core(HMSHandler.java:1785)
	at org.apache.hadoop.hive.metastore.HMSHandler.drop_database(HMSHandler.java:1869)
	at sun.reflect.GeneratedMethodAccessor73.invoke(Unknown Source)
	at sun.reflect.DelegatingMethodAccessorImpl.invoke(DelegatingMethodAccessorImpl.java:43)
	at java.lang.reflect.Method.invoke(Method.java:498)
	at org.apache.hadoop.hive.metastore.RetryingHMSHandler.invokeInternal(RetryingHMSHandler.java:147)
	at org.apache.hadoop.hive.metastore.RetryingHMSHandler.invoke(RetryingHMSHandler.java:108)
	at com.sun.proxy.$Proxy34.drop_database(Unknown Source)
	at org.apache.hadoop.hive.metastore.api.ThriftHiveMetastore$Processor$drop_database.getResult(ThriftHiveMetastore.java:18285)
	at org.apache.hadoop.hive.metastore.api.ThriftHiveMetastore$Processor$drop_database.getResult(ThriftHiveMetastore.java:18264)
	at org.apache.thrift.ProcessFunction.process(ProcessFunction.java:38)
	at org.apache.hadoop.hive.metastore.TUGIBasedProcessor$1.run(TUGIBasedProcessor.java:111)
	at org.apache.hadoop.hive.metastore.TUGIBasedProcessor$1.run(TUGIBasedProcessor.java:107)
	at java.security.AccessController.doPrivileged(Native Method)
	at javax.security.auth.Subject.doAs(Subject.java:422)
	at org.apache.hadoop.security.UserGroupInformation.doAs(UserGroupInformation.java:1682)
	at org.apache.hadoop.hive.metastore.TUGIBasedProcessor.process(TUGIBasedProcessor.java:119)
	at org.apache.thrift.server.TThreadPoolServer$WorkerProcess.run(TThreadPoolServer.java:248)
	at java.util.concurrent.ThreadPoolExecutor.runWorker(ThreadPoolExecutor.java:1149)
	at java.util.concurrent.ThreadPoolExecutor$Worker.run(ThreadPoolExecutor.java:624)
	at java.lang.Thread.run(Thread.java:750)
NestedThrowablesStackTrace:
java.sql.BatchUpdateException: DELETE on table 'DBS' caused a violation of foreign key constraint 'TBLS_FK1' for key (11).  The statement has been rolled back.
	at org.apache.derby.impl.jdbc.EmbedStatement.executeLargeBatch(Unknown Source)
	at org.apache.derby.impl.jdbc.EmbedStatement.executeBatch(Unknown Source)
	at com.zaxxer.hikari.pool.ProxyStatement.executeBatch(ProxyStatement.java:128)
	at com.zaxxer.hikari.pool.HikariProxyPreparedStatement.executeBatch(HikariProxyPreparedStatement.java)
	at org.datanucleus.store.rdbms.ParamLoggingPreparedStatement.executeBatch(ParamLoggingPreparedStatement.java:366)
	at org.datanucleus.store.rdbms.SQLController.processConnectionStatement(SQLController.java:675)
	at org.datanucleus.store.rdbms.SQLController.processStatementsForConnection(SQLController.java:643)
	at org.datanucleus.store.rdbms.SQLController$1.transactionFlushed(SQLController.java:729)
	at org.datanucleus.store.connection.AbstractManagedConnection.transactionFlushed(AbstractManagedConnection.java:95)
	at org.datanucleus.store.connection.ConnectionManagerImpl$2.transactionFlushed(ConnectionManagerImpl.java:528)
	at org.datanucleus.TransactionImpl.flush(TransactionImpl.java:222)
	at org.datanucleus.ExecutionContextImpl.flushInternal(ExecutionContextImpl.java:4068)
	at org.datanucleus.ExecutionContextThreadedImpl.flushInternal(ExecutionContextThreadedImpl.java:448)
	at org.datanucleus.ExecutionContextImpl.flush(ExecutionContextImpl.java:4009)
	at org.datanucleus.ExecutionContextThreadedImpl.flush(ExecutionContextThreadedImpl.java:434)
	at org.datanucleus.api.jdo.JDOPersistenceManager.flush(JDOPersistenceManager.java:2064)
	at org.apache.hadoop.hive.metastore.ObjectStore.addNotificationEvent(ObjectStore.java:11639)
	at sun.reflect.GeneratedMethodAccessor68.invoke(Unknown Source)
	at sun.reflect.DelegatingMethodAccessorImpl.invoke(DelegatingMethodAccessorImpl.java:43)
	at java.lang.reflect.Method.invoke(Method.java:498)
	at org.apache.hadoop.hive.metastore.RawStoreProxy.invoke(RawStoreProxy.java:97)
	at com.sun.proxy.$Proxy32.addNotificationEvent(Unknown Source)
	at org.apache.hive.hcatalog.listener.DbNotificationListener.process(DbNotificationListener.java:1403)
	at org.apache.hive.hcatalog.listener.DbNotificationListener.onDropDatabase(DbNotificationListener.java:513)
	at org.apache.hadoop.hive.metastore.MetaStoreListenerNotifier$26.notify(MetaStoreListenerNotifier.java:99)
	at org.apache.hadoop.hive.metastore.MetaStoreListenerNotifier.notifyEvent(MetaStoreListenerNotifier.java:339)
	at org.apache.hadoop.hive.metastore.HMSHandler.drop_database_core(HMSHandler.java:1785)
	at org.apache.hadoop.hive.metastore.HMSHandler.drop_database(HMSHandler.java:1869)
	at sun.reflect.GeneratedMethodAccessor73.invoke(Unknown Source)
	at sun.reflect.DelegatingMethodAccessorImpl.invoke(DelegatingMethodAccessorImpl.java:43)
	at java.lang.reflect.Method.invoke(Method.java:498)
	at org.apache.hadoop.hive.metastore.RetryingHMSHandler.invokeInternal(RetryingHMSHandler.java:147)
	at org.apache.hadoop.hive.metastore.RetryingHMSHandler.invoke(RetryingHMSHandler.java:108)
	at com.sun.proxy.$Proxy34.drop_database(Unknown Source)
	at org.apache.hadoop.hive.metastore.api.ThriftHiveMetastore$Processor$drop_database.getResult(ThriftHiveMetastore.java:18285)
	at org.apache.hadoop.hive.metastore.api.ThriftHiveMetastore$Processor$drop_database.getResult(ThriftHiveMetastore.java:18264)
	at org.apache.thrift.ProcessFunction.process(ProcessFunction.java:38)
	at org.apache.hadoop.hive.metastore.TUGIBasedProcessor$1.run(TUGIBasedProcessor.java:111)
	at org.apache.hadoop.hive.metastore.TUGIBasedProcessor$1.run(TUGIBasedProcessor.java:107)
	at java.security.AccessController.doPrivileged(Native Method)
	at javax.security.auth.Subject.doAs(Subject.java:422)
	at org.apache.hadoop.security.UserGroupInformation.doAs(UserGroupInformation.java:1682)
	at org.apache.hadoop.hive.metastore.TUGIBasedProcessor.process(TUGIBasedProcessor.java:119)
	at org.apache.thrift.server.TThreadPoolServer$WorkerProcess.run(TThreadPoolServer.java:248)
	at java.util.concurrent.ThreadPoolExecutor.runWorker(ThreadPoolExecutor.java:1149)
	at java.util.concurrent.ThreadPoolExecutor$Worker.run(ThreadPoolExecutor.java:624)
	at java.lang.Thread.run(Thread.java:750)
Caused by: org.apache.derby.shared.common.error.DerbySQLIntegrityConstraintViolationException: DELETE on table 'DBS' caused a violation of foreign key constraint 'TBLS_FK1' for key (11).  The statement has been rolled back.
	at org.apache.derby.impl.jdbc.SQLExceptionFactory.getSQLException(Unknown Source)
	at org.apache.derby.impl.jdbc.Util.generateCsSQLException(Unknown Source)
	at org.apache.derby.impl.jdbc.TransactionResourceImpl.wrapInSQLException(Unknown Source)
	at org.apache.derby.impl.jdbc.TransactionResourceImpl.handleException(Unknown Source)
	at org.apache.derby.impl.jdbc.EmbedConnection.handleException(Unknown Source)
	at org.apache.derby.impl.jdbc.ConnectionChild.handleException(Unknown Source)
	at org.apache.derby.impl.jdbc.EmbedStatement.executeStatement(Unknown Source)
	at org.apache.derby.impl.jdbc.EmbedPreparedStatement.executeBatchElement(Unknown Source)
	... 47 more
Caused by: ERROR 23503: DELETE on table 'DBS' caused a violation of foreign key constraint 'TBLS_FK1' for key (11).  The statement has been rolled back.
	at org.apache.derby.iapi.error.StandardException.newException(Unknown Source)
	at org.apache.derby.iapi.error.StandardException.newException(Unknown Source)
	at org.apache.derby.impl.sql.execute.ReferencedKeyRIChecker.doCheck(Unknown Source)
	at org.apache.derby.impl.sql.execute.RISetChecker.doPKCheck(Unknown Source)
	at org.apache.derby.impl.sql.execute.DeleteResultSet.collectAffectedRows(Unknown Source)
	at org.apache.derby.impl.sql.execute.DeleteResultSet.open(Unknown Source)
	at org.apache.derby.impl.sql.GenericPreparedStatement.executeStmt(Unknown Source)
	at org.apache.derby.impl.sql.GenericPreparedStatement.execute(Unknown Source)
	... 49 more

2024-04-24T12:25:22,485  WARN [main] metastore.RetryingMetaStoreClient: MetaStoreClient lost connection. Attempting to reconnect (1 of 1) after 1s. dropDatabase
org.apache.hadoop.hive.metastore.api.MetaException: javax.jdo.JDODataStoreException: Exception thrown flushing changes to datastore
NestedThrowables:
java.sql.BatchUpdateException: DELETE on table 'DBS' caused a violation of foreign key constraint 'TBLS_FK1' for key (11).  The statement has been rolled back.
	at org.apache.hadoop.hive.metastore.api.ThriftHiveMetastore$drop_database_result$drop_database_resultStandardScheme.read(ThriftHiveMetastore.java:54495) ~[classes/:?]
	at org.apache.hadoop.hive.metastore.api.ThriftHiveMetastore$drop_database_result$drop_database_resultStandardScheme.read(ThriftHiveMetastore.java:54463) ~[classes/:?]
	at org.apache.hadoop.hive.metastore.api.ThriftHiveMetastore$drop_database_result.read(ThriftHiveMetastore.java:54397) ~[classes/:?]
	at org.apache.thrift.TServiceClient.receiveBase(TServiceClient.java:88) ~[libthrift-0.14.1.jar:0.14.1]
	at org.apache.hadoop.hive.metastore.api.ThriftHiveMetastore$Client.recv_drop_database(ThriftHiveMetastore.java:1404) ~[classes/:?]
	at org.apache.hadoop.hive.metastore.api.ThriftHiveMetastore$Client.drop_database(ThriftHiveMetastore.java:1389) ~[classes/:?]
	at org.apache.hadoop.hive.metastore.HiveMetaStoreClient.dropDatabaseCascadePerDb(HiveMetaStoreClient.java:1601) ~[classes/:?]
	at org.apache.hadoop.hive.metastore.HiveMetaStoreClient.dropDatabase(HiveMetaStoreClient.java:1532) ~[classes/:?]
	at org.apache.hadoop.hive.metastore.HiveMetaStoreClient.dropDatabase(HiveMetaStoreClient.java:1485) ~[classes/:?]
	at sun.reflect.NativeMethodAccessorImpl.invoke0(Native Method) ~[?:1.8.0_402]
	at sun.reflect.NativeMethodAccessorImpl.invoke(NativeMethodAccessorImpl.java:62) ~[?:1.8.0_402]
	at sun.reflect.DelegatingMethodAccessorImpl.invoke(DelegatingMethodAccessorImpl.java:43) ~[?:1.8.0_402]
	at java.lang.reflect.Method.invoke(Method.java:498) ~[?:1.8.0_402]
	at org.apache.hadoop.hive.metastore.RetryingMetaStoreClient.invoke(RetryingMetaStoreClient.java:214) [classes/:?]
	at com.sun.proxy.$Proxy35.dropDatabase(Unknown Source) [?:?]
	at org.apache.hive.hcatalog.api.HCatClientHMSImpl.dropDatabase(HCatClientHMSImpl.java:154) [classes/:?]
	at org.apache.hive.hcatalog.api.TestHCatClient.testPartitionSpecRegistrationWithCustomSchema(TestHCatClient.java:1238) [test-classes/:?]
	at sun.reflect.NativeMethodAccessorImpl.invoke0(Native Method) ~[?:1.8.0_402]
	at sun.reflect.NativeMethodAccessorImpl.invoke(NativeMethodAccessorImpl.java:62) ~[?:1.8.0_402]
	at sun.reflect.DelegatingMethodAccessorImpl.invoke(DelegatingMethodAccessorImpl.java:43) ~[?:1.8.0_402]
	at java.lang.reflect.Method.invoke(Method.java:498) ~[?:1.8.0_402]
	at org.junit.runners.model.FrameworkMethod$1.runReflectiveCall(FrameworkMethod.java:59) [junit-4.13.jar:4.13]
	at org.junit.internal.runners.model.ReflectiveCallable.run(ReflectiveCallable.java:12) [junit-4.13.jar:4.13]
	at org.junit.runners.model.FrameworkMethod.invokeExplosively(FrameworkMethod.java:56) [junit-4.13.jar:4.13]
	at org.junit.internal.runners.statements.InvokeMethod.evaluate(InvokeMethod.java:17) [junit-4.13.jar:4.13]
	at org.junit.runners.ParentRunner$3.evaluate(ParentRunner.java:306) [junit-4.13.jar:4.13]
	at org.junit.runners.BlockJUnit4ClassRunner$1.evaluate(BlockJUnit4ClassRunner.java:100) [junit-4.13.jar:4.13]
	at org.junit.runners.ParentRunner.runLeaf(ParentRunner.java:366) [junit-4.13.jar:4.13]
	at org.junit.runners.BlockJUnit4ClassRunner.runChild(BlockJUnit4ClassRunner.java:103) [junit-4.13.jar:4.13]
	at org.junit.runners.BlockJUnit4ClassRunner.runChild(BlockJUnit4ClassRunner.java:63) [junit-4.13.jar:4.13]
	at org.junit.runners.ParentRunner$4.run(ParentRunner.java:331) [junit-4.13.jar:4.13]
	at org.junit.runners.ParentRunner$1.schedule(ParentRunner.java:79) [junit-4.13.jar:4.13]
	at org.junit.runners.ParentRunner.runChildren(ParentRunner.java:329) [junit-4.13.jar:4.13]
	at org.junit.runners.ParentRunner.access$100(ParentRunner.java:66) [junit-4.13.jar:4.13]
	at org.junit.runners.ParentRunner$2.evaluate(ParentRunner.java:293) [junit-4.13.jar:4.13]
	at org.junit.internal.runners.statements.RunBefores.evaluate(RunBefores.java:26) [junit-4.13.jar:4.13]
	at org.junit.internal.runners.statements.RunAfters.evaluate(RunAfters.java:27) [junit-4.13.jar:4.13]
	at org.junit.runners.ParentRunner$3.evaluate(ParentRunner.java:306) [junit-4.13.jar:4.13]
	at org.junit.runners.ParentRunner.run(ParentRunner.java:413) [junit-4.13.jar:4.13]
	at org.junit.runners.Suite.runChild(Suite.java:128) [junit-4.13.jar:4.13]
	at org.junit.runners.Suite.runChild(Suite.java:27) [junit-4.13.jar:4.13]
	at org.junit.runners.ParentRunner$4.run(ParentRunner.java:331) [junit-4.13.jar:4.13]
	at org.junit.runners.ParentRunner$1.schedule(ParentRunner.java:79) [junit-4.13.jar:4.13]
	at org.junit.runners.ParentRunner.runChildren(ParentRunner.java:329) [junit-4.13.jar:4.13]
	at org.junit.runners.ParentRunner.access$100(ParentRunner.java:66) [junit-4.13.jar:4.13]
	at org.junit.runners.ParentRunner$2.evaluate(ParentRunner.java:293) [junit-4.13.jar:4.13]
	at org.junit.runners.ParentRunner$3.evaluate(ParentRunner.java:306) [junit-4.13.jar:4.13]
	at org.junit.runners.ParentRunner.run(ParentRunner.java:413) [junit-4.13.jar:4.13]
	at org.apache.maven.surefire.junitcore.JUnitCore.run(JUnitCore.java:55) [surefire-junit47-3.0.0-M4.jar:3.0.0-M4]
	at org.apache.maven.surefire.junitcore.JUnitCoreWrapper.createRequestAndRun(JUnitCoreWrapper.java:137) [surefire-junit47-3.0.0-M4.jar:3.0.0-M4]
	at org.apache.maven.surefire.junitcore.JUnitCoreWrapper.executeEager(JUnitCoreWrapper.java:107) [surefire-junit47-3.0.0-M4.jar:3.0.0-M4]
	at org.apache.maven.surefire.junitcore.JUnitCoreWrapper.execute(JUnitCoreWrapper.java:83) [surefire-junit47-3.0.0-M4.jar:3.0.0-M4]
	at org.apache.maven.surefire.junitcore.JUnitCoreWrapper.execute(JUnitCoreWrapper.java:75) [surefire-junit47-3.0.0-M4.jar:3.0.0-M4]
	at org.apache.maven.surefire.junitcore.JUnitCoreProvider.invoke(JUnitCoreProvider.java:158) [surefire-junit47-3.0.0-M4.jar:3.0.0-M4]
	at org.apache.maven.surefire.booter.ForkedBooter.runSuitesInProcess(ForkedBooter.java:377) [surefire-booter-3.0.0-M4.jar:3.0.0-M4]
	at org.apache.maven.surefire.booter.ForkedBooter.execute(ForkedBooter.java:138) [surefire-booter-3.0.0-M4.jar:3.0.0-M4]
	at org.apache.maven.surefire.booter.ForkedBooter.run(ForkedBooter.java:465) [surefire-booter-3.0.0-M4.jar:3.0.0-M4]
	at org.apache.maven.surefire.booter.ForkedBooter.main(ForkedBooter.java:451) [surefire-booter-3.0.0-M4.jar:3.0.0-M4]
2024-04-24T12:25:23,486  INFO [main] metastore.RetryingMetaStoreClient: RetryingMetaStoreClient trying reconnect as alex (auth:SIMPLE)
2024-04-24T12:25:23,486  WARN [main] metastore.HiveMetaStoreClient: Non-zero user count preventing client tear down: users=2 expired=false
2024-04-24T12:25:23,486  INFO [main] metastore.HiveMetaStoreClient: Trying to connect to metastore with URI (thrift://localhost:44585)
2024-04-24T12:25:23,487  INFO [main] metastore.HiveMetaStoreClient: Opened a connection to metastore, URI (thrift://localhost:44585) current connections: 7
2024-04-24T12:25:23,491  INFO [TThreadPoolServer WorkerProcess-%d] HiveMetaStore.audit: ugi=alex	ip=127.0.0.1	cmd=source:127.0.0.1 get_database: myDb	
2024-04-24T12:25:23,493  INFO [TThreadPoolServer WorkerProcess-%d] metastore.HMSHandler: 13: Opening raw store with implementation class:org.apache.hadoop.hive.metastore.ObjectStore
2024-04-24T12:25:23,495  INFO [TThreadPoolServer WorkerProcess-%d] metastore.ObjectStore: RawStore: org.apache.hadoop.hive.metastore.ObjectStore@62db7d69, with PersistenceManager: null will be shutdown
2024-04-24T12:25:23,496  INFO [TThreadPoolServer WorkerProcess-%d] metastore.ObjectStore: RawStore: org.apache.hadoop.hive.metastore.ObjectStore@62db7d69, with PersistenceManager: org.datanucleus.api.jdo.JDOPersistenceManager@43bf1818 created in the thread with id: 203
2024-04-24T12:25:23,543  INFO [TThreadPoolServer WorkerProcess-%d] metastore.HMSHandler: Created RawStore: org.apache.hadoop.hive.metastore.ObjectStore@62db7d69 from thread id: 203
2024-04-24T12:25:23,545  INFO [TThreadPoolServer WorkerProcess-%d] HiveMetaStore.audit: ugi=alex	ip=127.0.0.1	cmd=source:127.0.0.1 get_tables_by_type: db=@hive#myDb pat=.*,type=MATERIALIZED_VIEW	
2024-04-24T12:25:23,545  INFO [TThreadPoolServer WorkerProcess-%d] HiveMetaStore.audit: ugi=alex	ip=127.0.0.1	cmd=source:127.0.0.1 getTablesByTypeCore: catName=hive: db=myDb pat=.*,type=MATERIALIZED_VIEW	
2024-04-24T12:25:23,546  INFO [TThreadPoolServer WorkerProcess-%d] HiveMetaStore.audit: ugi=alex	ip=127.0.0.1	cmd=source:127.0.0.1 get_all_tables: db=@hive#myDb	
2024-04-24T12:25:23,548  INFO [TThreadPoolServer WorkerProcess-%d] HiveMetaStore.audit: ugi=alex	ip=127.0.0.1	cmd=source:127.0.0.1 get_multi_table : db=myDb tbls=mytable	
2024-04-24T12:25:23,550  INFO [TThreadPoolServer WorkerProcess-%d] HiveMetaStore.audit: ugi=alex	ip=127.0.0.1	cmd=source:127.0.0.1 drop_database: @hive#myDb	
2024-04-24T12:25:23,550  INFO [TThreadPoolServer WorkerProcess-%d] HiveMetaStore.audit: ugi=alex	ip=127.0.0.1	cmd=source:127.0.0.1 get_all_tables: db=@hive#myDb	
2024-04-24T12:25:23,551  INFO [TThreadPoolServer WorkerProcess-%d] HiveMetaStore.audit: ugi=alex	ip=127.0.0.1	cmd=source:127.0.0.1 get_functions: db=@hive#myDb pat=*	
2024-04-24T12:25:23,552  INFO [TThreadPoolServer WorkerProcess-%d] HiveMetaStore.audit: ugi=alex	ip=127.0.0.1	cmd=source:127.0.0.1 get_all_stored_procedures	
2024-04-24T12:25:23,552  INFO [TThreadPoolServer WorkerProcess-%d] HiveMetaStore.audit: ugi=alex	ip=127.0.0.1	cmd=source:127.0.0.1 get_all_packages	
2024-04-24T12:25:23,553  INFO [TThreadPoolServer WorkerProcess-%d] HiveMetaStore.audit: ugi=alex	ip=127.0.0.1	cmd=source:127.0.0.1 getTablesByTypeCore: catName=hive: db=myDb pat=.*,type=MATERIALIZED_VIEW	
2024-04-24T12:25:23,555  INFO [TThreadPoolServer WorkerProcess-%d] metastore.ObjectStore: Dropping database hive.myDb along with all tables
2024-04-24T12:25:23,560 ERROR [TThreadPoolServer WorkerProcess-%d] metastore.RetryingHMSHandler: Retrying HMSHandler after 2000 ms (attempt 1 of 10) with error: javax.jdo.JDODataStoreException: Exception thrown flushing changes to datastore
	at org.datanucleus.api.jdo.NucleusJDOHelper.getJDOExceptionForNucleusException(NucleusJDOHelper.java:542)
	at org.datanucleus.api.jdo.JDOPersistenceManager.flush(JDOPersistenceManager.java:2081)
	at org.apache.hadoop.hive.metastore.ObjectStore.addNotificationEvent(ObjectStore.java:11639)
	at sun.reflect.GeneratedMethodAccessor68.invoke(Unknown Source)
	at sun.reflect.DelegatingMethodAccessorImpl.invoke(DelegatingMethodAccessorImpl.java:43)
	at java.lang.reflect.Method.invoke(Method.java:498)
	at org.apache.hadoop.hive.metastore.RawStoreProxy.invoke(RawStoreProxy.java:97)
	at com.sun.proxy.$Proxy32.addNotificationEvent(Unknown Source)
	at org.apache.hive.hcatalog.listener.DbNotificationListener.process(DbNotificationListener.java:1403)
	at org.apache.hive.hcatalog.listener.DbNotificationListener.onDropDatabase(DbNotificationListener.java:513)
	at org.apache.hadoop.hive.metastore.MetaStoreListenerNotifier$26.notify(MetaStoreListenerNotifier.java:99)
	at org.apache.hadoop.hive.metastore.MetaStoreListenerNotifier.notifyEvent(MetaStoreListenerNotifier.java:339)
	at org.apache.hadoop.hive.metastore.HMSHandler.drop_database_core(HMSHandler.java:1785)
	at org.apache.hadoop.hive.metastore.HMSHandler.drop_database(HMSHandler.java:1869)
	at sun.reflect.GeneratedMethodAccessor73.invoke(Unknown Source)
	at sun.reflect.DelegatingMethodAccessorImpl.invoke(DelegatingMethodAccessorImpl.java:43)
	at java.lang.reflect.Method.invoke(Method.java:498)
	at org.apache.hadoop.hive.metastore.RetryingHMSHandler.invokeInternal(RetryingHMSHandler.java:147)
	at org.apache.hadoop.hive.metastore.RetryingHMSHandler.invoke(RetryingHMSHandler.java:108)
	at com.sun.proxy.$Proxy34.drop_database(Unknown Source)
	at org.apache.hadoop.hive.metastore.api.ThriftHiveMetastore$Processor$drop_database.getResult(ThriftHiveMetastore.java:18285)
	at org.apache.hadoop.hive.metastore.api.ThriftHiveMetastore$Processor$drop_database.getResult(ThriftHiveMetastore.java:18264)
	at org.apache.thrift.ProcessFunction.process(ProcessFunction.java:38)
	at org.apache.hadoop.hive.metastore.TUGIBasedProcessor$1.run(TUGIBasedProcessor.java:111)
	at org.apache.hadoop.hive.metastore.TUGIBasedProcessor$1.run(TUGIBasedProcessor.java:107)
	at java.security.AccessController.doPrivileged(Native Method)
	at javax.security.auth.Subject.doAs(Subject.java:422)
	at org.apache.hadoop.security.UserGroupInformation.doAs(UserGroupInformation.java:1682)
	at org.apache.hadoop.hive.metastore.TUGIBasedProcessor.process(TUGIBasedProcessor.java:119)
	at org.apache.thrift.server.TThreadPoolServer$WorkerProcess.run(TThreadPoolServer.java:248)
	at java.util.concurrent.ThreadPoolExecutor.runWorker(ThreadPoolExecutor.java:1149)
	at java.util.concurrent.ThreadPoolExecutor$Worker.run(ThreadPoolExecutor.java:624)
	at java.lang.Thread.run(Thread.java:750)
NestedThrowablesStackTrace:
java.sql.BatchUpdateException: DELETE on table 'DBS' caused a violation of foreign key constraint 'TBLS_FK1' for key (11).  The statement has been rolled back.
	at org.apache.derby.impl.jdbc.EmbedStatement.executeLargeBatch(Unknown Source)
	at org.apache.derby.impl.jdbc.EmbedStatement.executeBatch(Unknown Source)
	at com.zaxxer.hikari.pool.ProxyStatement.executeBatch(ProxyStatement.java:128)
	at com.zaxxer.hikari.pool.HikariProxyPreparedStatement.executeBatch(HikariProxyPreparedStatement.java)
	at org.datanucleus.store.rdbms.ParamLoggingPreparedStatement.executeBatch(ParamLoggingPreparedStatement.java:366)
	at org.datanucleus.store.rdbms.SQLController.processConnectionStatement(SQLController.java:675)
	at org.datanucleus.store.rdbms.SQLController.processStatementsForConnection(SQLController.java:643)
	at org.datanucleus.store.rdbms.SQLController$1.transactionFlushed(SQLController.java:729)
	at org.datanucleus.store.connection.AbstractManagedConnection.transactionFlushed(AbstractManagedConnection.java:95)
	at org.datanucleus.store.connection.ConnectionManagerImpl$2.transactionFlushed(ConnectionManagerImpl.java:528)
	at org.datanucleus.TransactionImpl.flush(TransactionImpl.java:222)
	at org.datanucleus.ExecutionContextImpl.flushInternal(ExecutionContextImpl.java:4068)
	at org.datanucleus.ExecutionContextThreadedImpl.flushInternal(ExecutionContextThreadedImpl.java:448)
	at org.datanucleus.ExecutionContextImpl.flush(ExecutionContextImpl.java:4009)
	at org.datanucleus.ExecutionContextThreadedImpl.flush(ExecutionContextThreadedImpl.java:434)
	at org.datanucleus.api.jdo.JDOPersistenceManager.flush(JDOPersistenceManager.java:2064)
	at org.apache.hadoop.hive.metastore.ObjectStore.addNotificationEvent(ObjectStore.java:11639)
	at sun.reflect.GeneratedMethodAccessor68.invoke(Unknown Source)
	at sun.reflect.DelegatingMethodAccessorImpl.invoke(DelegatingMethodAccessorImpl.java:43)
	at java.lang.reflect.Method.invoke(Method.java:498)
	at org.apache.hadoop.hive.metastore.RawStoreProxy.invoke(RawStoreProxy.java:97)
	at com.sun.proxy.$Proxy32.addNotificationEvent(Unknown Source)
	at org.apache.hive.hcatalog.listener.DbNotificationListener.process(DbNotificationListener.java:1403)
	at org.apache.hive.hcatalog.listener.DbNotificationListener.onDropDatabase(DbNotificationListener.java:513)
	at org.apache.hadoop.hive.metastore.MetaStoreListenerNotifier$26.notify(MetaStoreListenerNotifier.java:99)
	at org.apache.hadoop.hive.metastore.MetaStoreListenerNotifier.notifyEvent(MetaStoreListenerNotifier.java:339)
	at org.apache.hadoop.hive.metastore.HMSHandler.drop_database_core(HMSHandler.java:1785)
	at org.apache.hadoop.hive.metastore.HMSHandler.drop_database(HMSHandler.java:1869)
	at sun.reflect.GeneratedMethodAccessor73.invoke(Unknown Source)
	at sun.reflect.DelegatingMethodAccessorImpl.invoke(DelegatingMethodAccessorImpl.java:43)
	at java.lang.reflect.Method.invoke(Method.java:498)
	at org.apache.hadoop.hive.metastore.RetryingHMSHandler.invokeInternal(RetryingHMSHandler.java:147)
	at org.apache.hadoop.hive.metastore.RetryingHMSHandler.invoke(RetryingHMSHandler.java:108)
	at com.sun.proxy.$Proxy34.drop_database(Unknown Source)
	at org.apache.hadoop.hive.metastore.api.ThriftHiveMetastore$Processor$drop_database.getResult(ThriftHiveMetastore.java:18285)
	at org.apache.hadoop.hive.metastore.api.ThriftHiveMetastore$Processor$drop_database.getResult(ThriftHiveMetastore.java:18264)
	at org.apache.thrift.ProcessFunction.process(ProcessFunction.java:38)
	at org.apache.hadoop.hive.metastore.TUGIBasedProcessor$1.run(TUGIBasedProcessor.java:111)
	at org.apache.hadoop.hive.metastore.TUGIBasedProcessor$1.run(TUGIBasedProcessor.java:107)
	at java.security.AccessController.doPrivileged(Native Method)
	at javax.security.auth.Subject.doAs(Subject.java:422)
	at org.apache.hadoop.security.UserGroupInformation.doAs(UserGroupInformation.java:1682)
	at org.apache.hadoop.hive.metastore.TUGIBasedProcessor.process(TUGIBasedProcessor.java:119)
	at org.apache.thrift.server.TThreadPoolServer$WorkerProcess.run(TThreadPoolServer.java:248)
	at java.util.concurrent.ThreadPoolExecutor.runWorker(ThreadPoolExecutor.java:1149)
	at java.util.concurrent.ThreadPoolExecutor$Worker.run(ThreadPoolExecutor.java:624)
	at java.lang.Thread.run(Thread.java:750)
Caused by: org.apache.derby.shared.common.error.DerbySQLIntegrityConstraintViolationException: DELETE on table 'DBS' caused a violation of foreign key constraint 'TBLS_FK1' for key (11).  The statement has been rolled back.
	at org.apache.derby.impl.jdbc.SQLExceptionFactory.getSQLException(Unknown Source)
	at org.apache.derby.impl.jdbc.Util.generateCsSQLException(Unknown Source)
	at org.apache.derby.impl.jdbc.TransactionResourceImpl.wrapInSQLException(Unknown Source)
	at org.apache.derby.impl.jdbc.TransactionResourceImpl.handleException(Unknown Source)
	at org.apache.derby.impl.jdbc.EmbedConnection.handleException(Unknown Source)
	at org.apache.derby.impl.jdbc.ConnectionChild.handleException(Unknown Source)
	at org.apache.derby.impl.jdbc.EmbedStatement.executeStatement(Unknown Source)
	at org.apache.derby.impl.jdbc.EmbedPreparedStatement.executeBatchElement(Unknown Source)
	... 47 more
Caused by: ERROR 23503: DELETE on table 'DBS' caused a violation of foreign key constraint 'TBLS_FK1' for key (11).  The statement has been rolled back.
	at org.apache.derby.iapi.error.StandardException.newException(Unknown Source)
	at org.apache.derby.iapi.error.StandardException.newException(Unknown Source)
	at org.apache.derby.impl.sql.execute.ReferencedKeyRIChecker.doCheck(Unknown Source)
	at org.apache.derby.impl.sql.execute.RISetChecker.doPKCheck(Unknown Source)
	at org.apache.derby.impl.sql.execute.DeleteResultSet.collectAffectedRows(Unknown Source)
	at org.apache.derby.impl.sql.execute.DeleteResultSet.open(Unknown Source)
	at org.apache.derby.impl.sql.GenericPreparedStatement.executeStmt(Unknown Source)
	at org.apache.derby.impl.sql.GenericPreparedStatement.execute(Unknown Source)
	... 49 more

2024-04-24T12:25:25,561  INFO [TThreadPoolServer WorkerProcess-%d] HiveMetaStore.audit: ugi=alex	ip=127.0.0.1	cmd=source:127.0.0.1 drop_database: @hive#myDb	
2024-04-24T12:25:25,563  INFO [TThreadPoolServer WorkerProcess-%d] HiveMetaStore.audit: ugi=alex	ip=127.0.0.1	cmd=source:127.0.0.1 get_all_tables: db=@hive#myDb	
2024-04-24T12:25:25,564  INFO [TThreadPoolServer WorkerProcess-%d] HiveMetaStore.audit: ugi=alex	ip=127.0.0.1	cmd=source:127.0.0.1 get_functions: db=@hive#myDb pat=*	
2024-04-24T12:25:25,567  INFO [TThreadPoolServer WorkerProcess-%d] HiveMetaStore.audit: ugi=alex	ip=127.0.0.1	cmd=source:127.0.0.1 get_all_stored_procedures	
2024-04-24T12:25:25,567  INFO [TThreadPoolServer WorkerProcess-%d] HiveMetaStore.audit: ugi=alex	ip=127.0.0.1	cmd=source:127.0.0.1 get_all_packages	
2024-04-24T12:25:25,568  INFO [TThreadPoolServer WorkerProcess-%d] HiveMetaStore.audit: ugi=alex	ip=127.0.0.1	cmd=source:127.0.0.1 getTablesByTypeCore: catName=hive: db=myDb pat=.*,type=MATERIALIZED_VIEW	
2024-04-24T12:25:25,570  INFO [TThreadPoolServer WorkerProcess-%d] metastore.ObjectStore: Dropping database hive.myDb along with all tables
2024-04-24T12:25:25,574 ERROR [TThreadPoolServer WorkerProcess-%d] metastore.RetryingHMSHandler: Retrying HMSHandler after 2000 ms (attempt 2 of 10) with error: javax.jdo.JDODataStoreException: Exception thrown flushing changes to datastore
	at org.datanucleus.api.jdo.NucleusJDOHelper.getJDOExceptionForNucleusException(NucleusJDOHelper.java:542)
	at org.datanucleus.api.jdo.JDOPersistenceManager.flush(JDOPersistenceManager.java:2081)
	at org.apache.hadoop.hive.metastore.ObjectStore.addNotificationEvent(ObjectStore.java:11639)
	at sun.reflect.GeneratedMethodAccessor68.invoke(Unknown Source)
	at sun.reflect.DelegatingMethodAccessorImpl.invoke(DelegatingMethodAccessorImpl.java:43)
	at java.lang.reflect.Method.invoke(Method.java:498)
	at org.apache.hadoop.hive.metastore.RawStoreProxy.invoke(RawStoreProxy.java:97)
	at com.sun.proxy.$Proxy32.addNotificationEvent(Unknown Source)
	at org.apache.hive.hcatalog.listener.DbNotificationListener.process(DbNotificationListener.java:1403)
	at org.apache.hive.hcatalog.listener.DbNotificationListener.onDropDatabase(DbNotificationListener.java:513)
	at org.apache.hadoop.hive.metastore.MetaStoreListenerNotifier$26.notify(MetaStoreListenerNotifier.java:99)
	at org.apache.hadoop.hive.metastore.MetaStoreListenerNotifier.notifyEvent(MetaStoreListenerNotifier.java:339)
	at org.apache.hadoop.hive.metastore.HMSHandler.drop_database_core(HMSHandler.java:1785)
	at org.apache.hadoop.hive.metastore.HMSHandler.drop_database(HMSHandler.java:1869)
	at sun.reflect.GeneratedMethodAccessor73.invoke(Unknown Source)
	at sun.reflect.DelegatingMethodAccessorImpl.invoke(DelegatingMethodAccessorImpl.java:43)
	at java.lang.reflect.Method.invoke(Method.java:498)
	at org.apache.hadoop.hive.metastore.RetryingHMSHandler.invokeInternal(RetryingHMSHandler.java:147)
	at org.apache.hadoop.hive.metastore.RetryingHMSHandler.invoke(RetryingHMSHandler.java:108)
	at com.sun.proxy.$Proxy34.drop_database(Unknown Source)
	at org.apache.hadoop.hive.metastore.api.ThriftHiveMetastore$Processor$drop_database.getResult(ThriftHiveMetastore.java:18285)
	at org.apache.hadoop.hive.metastore.api.ThriftHiveMetastore$Processor$drop_database.getResult(ThriftHiveMetastore.java:18264)
	at org.apache.thrift.ProcessFunction.process(ProcessFunction.java:38)
	at org.apache.hadoop.hive.metastore.TUGIBasedProcessor$1.run(TUGIBasedProcessor.java:111)
	at org.apache.hadoop.hive.metastore.TUGIBasedProcessor$1.run(TUGIBasedProcessor.java:107)
	at java.security.AccessController.doPrivileged(Native Method)
	at javax.security.auth.Subject.doAs(Subject.java:422)
	at org.apache.hadoop.security.UserGroupInformation.doAs(UserGroupInformation.java:1682)
	at org.apache.hadoop.hive.metastore.TUGIBasedProcessor.process(TUGIBasedProcessor.java:119)
	at org.apache.thrift.server.TThreadPoolServer$WorkerProcess.run(TThreadPoolServer.java:248)
	at java.util.concurrent.ThreadPoolExecutor.runWorker(ThreadPoolExecutor.java:1149)
	at java.util.concurrent.ThreadPoolExecutor$Worker.run(ThreadPoolExecutor.java:624)
	at java.lang.Thread.run(Thread.java:750)
NestedThrowablesStackTrace:
java.sql.BatchUpdateException: DELETE on table 'DBS' caused a violation of foreign key constraint 'TBLS_FK1' for key (11).  The statement has been rolled back.
	at org.apache.derby.impl.jdbc.EmbedStatement.executeLargeBatch(Unknown Source)
	at org.apache.derby.impl.jdbc.EmbedStatement.executeBatch(Unknown Source)
	at com.zaxxer.hikari.pool.ProxyStatement.executeBatch(ProxyStatement.java:128)
	at com.zaxxer.hikari.pool.HikariProxyPreparedStatement.executeBatch(HikariProxyPreparedStatement.java)
	at org.datanucleus.store.rdbms.ParamLoggingPreparedStatement.executeBatch(ParamLoggingPreparedStatement.java:366)
	at org.datanucleus.store.rdbms.SQLController.processConnectionStatement(SQLController.java:675)
	at org.datanucleus.store.rdbms.SQLController.processStatementsForConnection(SQLController.java:643)
	at org.datanucleus.store.rdbms.SQLController$1.transactionFlushed(SQLController.java:729)
	at org.datanucleus.store.connection.AbstractManagedConnection.transactionFlushed(AbstractManagedConnection.java:95)
	at org.datanucleus.store.connection.ConnectionManagerImpl$2.transactionFlushed(ConnectionManagerImpl.java:528)
	at org.datanucleus.TransactionImpl.flush(TransactionImpl.java:222)
	at org.datanucleus.ExecutionContextImpl.flushInternal(ExecutionContextImpl.java:4068)
	at org.datanucleus.ExecutionContextThreadedImpl.flushInternal(ExecutionContextThreadedImpl.java:448)
	at org.datanucleus.ExecutionContextImpl.flush(ExecutionContextImpl.java:4009)
	at org.datanucleus.ExecutionContextThreadedImpl.flush(ExecutionContextThreadedImpl.java:434)
	at org.datanucleus.api.jdo.JDOPersistenceManager.flush(JDOPersistenceManager.java:2064)
	at org.apache.hadoop.hive.metastore.ObjectStore.addNotificationEvent(ObjectStore.java:11639)
	at sun.reflect.GeneratedMethodAccessor68.invoke(Unknown Source)
	at sun.reflect.DelegatingMethodAccessorImpl.invoke(DelegatingMethodAccessorImpl.java:43)
	at java.lang.reflect.Method.invoke(Method.java:498)
	at org.apache.hadoop.hive.metastore.RawStoreProxy.invoke(RawStoreProxy.java:97)
	at com.sun.proxy.$Proxy32.addNotificationEvent(Unknown Source)
	at org.apache.hive.hcatalog.listener.DbNotificationListener.process(DbNotificationListener.java:1403)
	at org.apache.hive.hcatalog.listener.DbNotificationListener.onDropDatabase(DbNotificationListener.java:513)
	at org.apache.hadoop.hive.metastore.MetaStoreListenerNotifier$26.notify(MetaStoreListenerNotifier.java:99)
	at org.apache.hadoop.hive.metastore.MetaStoreListenerNotifier.notifyEvent(MetaStoreListenerNotifier.java:339)
	at org.apache.hadoop.hive.metastore.HMSHandler.drop_database_core(HMSHandler.java:1785)
	at org.apache.hadoop.hive.metastore.HMSHandler.drop_database(HMSHandler.java:1869)
	at sun.reflect.GeneratedMethodAccessor73.invoke(Unknown Source)
	at sun.reflect.DelegatingMethodAccessorImpl.invoke(DelegatingMethodAccessorImpl.java:43)
	at java.lang.reflect.Method.invoke(Method.java:498)
	at org.apache.hadoop.hive.metastore.RetryingHMSHandler.invokeInternal(RetryingHMSHandler.java:147)
	at org.apache.hadoop.hive.metastore.RetryingHMSHandler.invoke(RetryingHMSHandler.java:108)
	at com.sun.proxy.$Proxy34.drop_database(Unknown Source)
	at org.apache.hadoop.hive.metastore.api.ThriftHiveMetastore$Processor$drop_database.getResult(ThriftHiveMetastore.java:18285)
	at org.apache.hadoop.hive.metastore.api.ThriftHiveMetastore$Processor$drop_database.getResult(ThriftHiveMetastore.java:18264)
	at org.apache.thrift.ProcessFunction.process(ProcessFunction.java:38)
	at org.apache.hadoop.hive.metastore.TUGIBasedProcessor$1.run(TUGIBasedProcessor.java:111)
	at org.apache.hadoop.hive.metastore.TUGIBasedProcessor$1.run(TUGIBasedProcessor.java:107)
	at java.security.AccessController.doPrivileged(Native Method)
	at javax.security.auth.Subject.doAs(Subject.java:422)
	at org.apache.hadoop.security.UserGroupInformation.doAs(UserGroupInformation.java:1682)
	at org.apache.hadoop.hive.metastore.TUGIBasedProcessor.process(TUGIBasedProcessor.java:119)
	at org.apache.thrift.server.TThreadPoolServer$WorkerProcess.run(TThreadPoolServer.java:248)
	at java.util.concurrent.ThreadPoolExecutor.runWorker(ThreadPoolExecutor.java:1149)
	at java.util.concurrent.ThreadPoolExecutor$Worker.run(ThreadPoolExecutor.java:624)
	at java.lang.Thread.run(Thread.java:750)
Caused by: org.apache.derby.shared.common.error.DerbySQLIntegrityConstraintViolationException: DELETE on table 'DBS' caused a violation of foreign key constraint 'TBLS_FK1' for key (11).  The statement has been rolled back.
	at org.apache.derby.impl.jdbc.SQLExceptionFactory.getSQLException(Unknown Source)
	at org.apache.derby.impl.jdbc.Util.generateCsSQLException(Unknown Source)
	at org.apache.derby.impl.jdbc.TransactionResourceImpl.wrapInSQLException(Unknown Source)
	at org.apache.derby.impl.jdbc.TransactionResourceImpl.handleException(Unknown Source)
	at org.apache.derby.impl.jdbc.EmbedConnection.handleException(Unknown Source)
	at org.apache.derby.impl.jdbc.ConnectionChild.handleException(Unknown Source)
	at org.apache.derby.impl.jdbc.EmbedStatement.executeStatement(Unknown Source)
	at org.apache.derby.impl.jdbc.EmbedPreparedStatement.executeBatchElement(Unknown Source)
	... 47 more
Caused by: ERROR 23503: DELETE on table 'DBS' caused a violation of foreign key constraint 'TBLS_FK1' for key (11).  The statement has been rolled back.
	at org.apache.derby.iapi.error.StandardException.newException(Unknown Source)
	at org.apache.derby.iapi.error.StandardException.newException(Unknown Source)
	at org.apache.derby.impl.sql.execute.ReferencedKeyRIChecker.doCheck(Unknown Source)
	at org.apache.derby.impl.sql.execute.RISetChecker.doPKCheck(Unknown Source)
	at org.apache.derby.impl.sql.execute.DeleteResultSet.collectAffectedRows(Unknown Source)
	at org.apache.derby.impl.sql.execute.DeleteResultSet.open(Unknown Source)
	at org.apache.derby.impl.sql.GenericPreparedStatement.executeStmt(Unknown Source)
	at org.apache.derby.impl.sql.GenericPreparedStatement.execute(Unknown Source)
	... 49 more

2024-04-24T12:25:27,574  INFO [TThreadPoolServer WorkerProcess-%d] HiveMetaStore.audit: ugi=alex	ip=127.0.0.1	cmd=source:127.0.0.1 drop_database: @hive#myDb	
2024-04-24T12:25:27,576  INFO [TThreadPoolServer WorkerProcess-%d] HiveMetaStore.audit: ugi=alex	ip=127.0.0.1	cmd=source:127.0.0.1 get_all_tables: db=@hive#myDb	
2024-04-24T12:25:27,578  INFO [TThreadPoolServer WorkerProcess-%d] HiveMetaStore.audit: ugi=alex	ip=127.0.0.1	cmd=source:127.0.0.1 get_functions: db=@hive#myDb pat=*	
2024-04-24T12:25:27,581  INFO [TThreadPoolServer WorkerProcess-%d] HiveMetaStore.audit: ugi=alex	ip=127.0.0.1	cmd=source:127.0.0.1 get_all_stored_procedures	
2024-04-24T12:25:27,581  INFO [TThreadPoolServer WorkerProcess-%d] HiveMetaStore.audit: ugi=alex	ip=127.0.0.1	cmd=source:127.0.0.1 get_all_packages	
2024-04-24T12:25:27,582  INFO [TThreadPoolServer WorkerProcess-%d] HiveMetaStore.audit: ugi=alex	ip=127.0.0.1	cmd=source:127.0.0.1 getTablesByTypeCore: catName=hive: db=myDb pat=.*,type=MATERIALIZED_VIEW	
2024-04-24T12:25:27,584  INFO [TThreadPoolServer WorkerProcess-%d] metastore.ObjectStore: Dropping database hive.myDb along with all tables
2024-04-24T12:25:27,586 ERROR [TThreadPoolServer WorkerProcess-%d] metastore.RetryingHMSHandler: Retrying HMSHandler after 2000 ms (attempt 3 of 10) with error: javax.jdo.JDODataStoreException: Exception thrown flushing changes to datastore
	at org.datanucleus.api.jdo.NucleusJDOHelper.getJDOExceptionForNucleusException(NucleusJDOHelper.java:542)
	at org.datanucleus.api.jdo.JDOPersistenceManager.flush(JDOPersistenceManager.java:2081)
	at org.apache.hadoop.hive.metastore.ObjectStore.addNotificationEvent(ObjectStore.java:11639)
	at sun.reflect.GeneratedMethodAccessor68.invoke(Unknown Source)
	at sun.reflect.DelegatingMethodAccessorImpl.invoke(DelegatingMethodAccessorImpl.java:43)
	at java.lang.reflect.Method.invoke(Method.java:498)
	at org.apache.hadoop.hive.metastore.RawStoreProxy.invoke(RawStoreProxy.java:97)
	at com.sun.proxy.$Proxy32.addNotificationEvent(Unknown Source)
	at org.apache.hive.hcatalog.listener.DbNotificationListener.process(DbNotificationListener.java:1403)
	at org.apache.hive.hcatalog.listener.DbNotificationListener.onDropDatabase(DbNotificationListener.java:513)
	at org.apache.hadoop.hive.metastore.MetaStoreListenerNotifier$26.notify(MetaStoreListenerNotifier.java:99)
	at org.apache.hadoop.hive.metastore.MetaStoreListenerNotifier.notifyEvent(MetaStoreListenerNotifier.java:339)
	at org.apache.hadoop.hive.metastore.HMSHandler.drop_database_core(HMSHandler.java:1785)
	at org.apache.hadoop.hive.metastore.HMSHandler.drop_database(HMSHandler.java:1869)
	at sun.reflect.GeneratedMethodAccessor73.invoke(Unknown Source)
	at sun.reflect.DelegatingMethodAccessorImpl.invoke(DelegatingMethodAccessorImpl.java:43)
	at java.lang.reflect.Method.invoke(Method.java:498)
	at org.apache.hadoop.hive.metastore.RetryingHMSHandler.invokeInternal(RetryingHMSHandler.java:147)
	at org.apache.hadoop.hive.metastore.RetryingHMSHandler.invoke(RetryingHMSHandler.java:108)
	at com.sun.proxy.$Proxy34.drop_database(Unknown Source)
	at org.apache.hadoop.hive.metastore.api.ThriftHiveMetastore$Processor$drop_database.getResult(ThriftHiveMetastore.java:18285)
	at org.apache.hadoop.hive.metastore.api.ThriftHiveMetastore$Processor$drop_database.getResult(ThriftHiveMetastore.java:18264)
	at org.apache.thrift.ProcessFunction.process(ProcessFunction.java:38)
	at org.apache.hadoop.hive.metastore.TUGIBasedProcessor$1.run(TUGIBasedProcessor.java:111)
	at org.apache.hadoop.hive.metastore.TUGIBasedProcessor$1.run(TUGIBasedProcessor.java:107)
	at java.security.AccessController.doPrivileged(Native Method)
	at javax.security.auth.Subject.doAs(Subject.java:422)
	at org.apache.hadoop.security.UserGroupInformation.doAs(UserGroupInformation.java:1682)
	at org.apache.hadoop.hive.metastore.TUGIBasedProcessor.process(TUGIBasedProcessor.java:119)
	at org.apache.thrift.server.TThreadPoolServer$WorkerProcess.run(TThreadPoolServer.java:248)
	at java.util.concurrent.ThreadPoolExecutor.runWorker(ThreadPoolExecutor.java:1149)
	at java.util.concurrent.ThreadPoolExecutor$Worker.run(ThreadPoolExecutor.java:624)
	at java.lang.Thread.run(Thread.java:750)
NestedThrowablesStackTrace:
java.sql.BatchUpdateException: DELETE on table 'DBS' caused a violation of foreign key constraint 'TBLS_FK1' for key (11).  The statement has been rolled back.
	at org.apache.derby.impl.jdbc.EmbedStatement.executeLargeBatch(Unknown Source)
	at org.apache.derby.impl.jdbc.EmbedStatement.executeBatch(Unknown Source)
	at com.zaxxer.hikari.pool.ProxyStatement.executeBatch(ProxyStatement.java:128)
	at com.zaxxer.hikari.pool.HikariProxyPreparedStatement.executeBatch(HikariProxyPreparedStatement.java)
	at org.datanucleus.store.rdbms.ParamLoggingPreparedStatement.executeBatch(ParamLoggingPreparedStatement.java:366)
	at org.datanucleus.store.rdbms.SQLController.processConnectionStatement(SQLController.java:675)
	at org.datanucleus.store.rdbms.SQLController.processStatementsForConnection(SQLController.java:643)
	at org.datanucleus.store.rdbms.SQLController$1.transactionFlushed(SQLController.java:729)
	at org.datanucleus.store.connection.AbstractManagedConnection.transactionFlushed(AbstractManagedConnection.java:95)
	at org.datanucleus.store.connection.ConnectionManagerImpl$2.transactionFlushed(ConnectionManagerImpl.java:528)
	at org.datanucleus.TransactionImpl.flush(TransactionImpl.java:222)
	at org.datanucleus.ExecutionContextImpl.flushInternal(ExecutionContextImpl.java:4068)
	at org.datanucleus.ExecutionContextThreadedImpl.flushInternal(ExecutionContextThreadedImpl.java:448)
	at org.datanucleus.ExecutionContextImpl.flush(ExecutionContextImpl.java:4009)
	at org.datanucleus.ExecutionContextThreadedImpl.flush(ExecutionContextThreadedImpl.java:434)
	at org.datanucleus.api.jdo.JDOPersistenceManager.flush(JDOPersistenceManager.java:2064)
	at org.apache.hadoop.hive.metastore.ObjectStore.addNotificationEvent(ObjectStore.java:11639)
	at sun.reflect.GeneratedMethodAccessor68.invoke(Unknown Source)
	at sun.reflect.DelegatingMethodAccessorImpl.invoke(DelegatingMethodAccessorImpl.java:43)
	at java.lang.reflect.Method.invoke(Method.java:498)
	at org.apache.hadoop.hive.metastore.RawStoreProxy.invoke(RawStoreProxy.java:97)
	at com.sun.proxy.$Proxy32.addNotificationEvent(Unknown Source)
	at org.apache.hive.hcatalog.listener.DbNotificationListener.process(DbNotificationListener.java:1403)
	at org.apache.hive.hcatalog.listener.DbNotificationListener.onDropDatabase(DbNotificationListener.java:513)
	at org.apache.hadoop.hive.metastore.MetaStoreListenerNotifier$26.notify(MetaStoreListenerNotifier.java:99)
	at org.apache.hadoop.hive.metastore.MetaStoreListenerNotifier.notifyEvent(MetaStoreListenerNotifier.java:339)
	at org.apache.hadoop.hive.metastore.HMSHandler.drop_database_core(HMSHandler.java:1785)
	at org.apache.hadoop.hive.metastore.HMSHandler.drop_database(HMSHandler.java:1869)
	at sun.reflect.GeneratedMethodAccessor73.invoke(Unknown Source)
	at sun.reflect.DelegatingMethodAccessorImpl.invoke(DelegatingMethodAccessorImpl.java:43)
	at java.lang.reflect.Method.invoke(Method.java:498)
	at org.apache.hadoop.hive.metastore.RetryingHMSHandler.invokeInternal(RetryingHMSHandler.java:147)
	at org.apache.hadoop.hive.metastore.RetryingHMSHandler.invoke(RetryingHMSHandler.java:108)
	at com.sun.proxy.$Proxy34.drop_database(Unknown Source)
	at org.apache.hadoop.hive.metastore.api.ThriftHiveMetastore$Processor$drop_database.getResult(ThriftHiveMetastore.java:18285)
	at org.apache.hadoop.hive.metastore.api.ThriftHiveMetastore$Processor$drop_database.getResult(ThriftHiveMetastore.java:18264)
	at org.apache.thrift.ProcessFunction.process(ProcessFunction.java:38)
	at org.apache.hadoop.hive.metastore.TUGIBasedProcessor$1.run(TUGIBasedProcessor.java:111)
	at org.apache.hadoop.hive.metastore.TUGIBasedProcessor$1.run(TUGIBasedProcessor.java:107)
	at java.security.AccessController.doPrivileged(Native Method)
	at javax.security.auth.Subject.doAs(Subject.java:422)
	at org.apache.hadoop.security.UserGroupInformation.doAs(UserGroupInformation.java:1682)
	at org.apache.hadoop.hive.metastore.TUGIBasedProcessor.process(TUGIBasedProcessor.java:119)
	at org.apache.thrift.server.TThreadPoolServer$WorkerProcess.run(TThreadPoolServer.java:248)
	at java.util.concurrent.ThreadPoolExecutor.runWorker(ThreadPoolExecutor.java:1149)
	at java.util.concurrent.ThreadPoolExecutor$Worker.run(ThreadPoolExecutor.java:624)
	at java.lang.Thread.run(Thread.java:750)
Caused by: org.apache.derby.shared.common.error.DerbySQLIntegrityConstraintViolationException: DELETE on table 'DBS' caused a violation of foreign key constraint 'TBLS_FK1' for key (11).  The statement has been rolled back.
	at org.apache.derby.impl.jdbc.SQLExceptionFactory.getSQLException(Unknown Source)
	at org.apache.derby.impl.jdbc.Util.generateCsSQLException(Unknown Source)
	at org.apache.derby.impl.jdbc.TransactionResourceImpl.wrapInSQLException(Unknown Source)
	at org.apache.derby.impl.jdbc.TransactionResourceImpl.handleException(Unknown Source)
	at org.apache.derby.impl.jdbc.EmbedConnection.handleException(Unknown Source)
	at org.apache.derby.impl.jdbc.ConnectionChild.handleException(Unknown Source)
	at org.apache.derby.impl.jdbc.EmbedStatement.executeStatement(Unknown Source)
	at org.apache.derby.impl.jdbc.EmbedPreparedStatement.executeBatchElement(Unknown Source)
	... 47 more
Caused by: ERROR 23503: DELETE on table 'DBS' caused a violation of foreign key constraint 'TBLS_FK1' for key (11).  The statement has been rolled back.
	at org.apache.derby.iapi.error.StandardException.newException(Unknown Source)
	at org.apache.derby.iapi.error.StandardException.newException(Unknown Source)
	at org.apache.derby.impl.sql.execute.ReferencedKeyRIChecker.doCheck(Unknown Source)
	at org.apache.derby.impl.sql.execute.RISetChecker.doPKCheck(Unknown Source)
	at org.apache.derby.impl.sql.execute.DeleteResultSet.collectAffectedRows(Unknown Source)
	at org.apache.derby.impl.sql.execute.DeleteResultSet.open(Unknown Source)
	at org.apache.derby.impl.sql.GenericPreparedStatement.executeStmt(Unknown Source)
	at org.apache.derby.impl.sql.GenericPreparedStatement.execute(Unknown Source)
	... 49 more

2024-04-24T12:25:29,587  INFO [TThreadPoolServer WorkerProcess-%d] HiveMetaStore.audit: ugi=alex	ip=127.0.0.1	cmd=source:127.0.0.1 drop_database: @hive#myDb	
2024-04-24T12:25:29,589  INFO [TThreadPoolServer WorkerProcess-%d] HiveMetaStore.audit: ugi=alex	ip=127.0.0.1	cmd=source:127.0.0.1 get_all_tables: db=@hive#myDb	
2024-04-24T12:25:29,590  INFO [TThreadPoolServer WorkerProcess-%d] HiveMetaStore.audit: ugi=alex	ip=127.0.0.1	cmd=source:127.0.0.1 get_functions: db=@hive#myDb pat=*	
2024-04-24T12:25:29,593  INFO [TThreadPoolServer WorkerProcess-%d] HiveMetaStore.audit: ugi=alex	ip=127.0.0.1	cmd=source:127.0.0.1 get_all_stored_procedures	
2024-04-24T12:25:29,593  INFO [TThreadPoolServer WorkerProcess-%d] HiveMetaStore.audit: ugi=alex	ip=127.0.0.1	cmd=source:127.0.0.1 get_all_packages	
2024-04-24T12:25:29,594  INFO [TThreadPoolServer WorkerProcess-%d] HiveMetaStore.audit: ugi=alex	ip=127.0.0.1	cmd=source:127.0.0.1 getTablesByTypeCore: catName=hive: db=myDb pat=.*,type=MATERIALIZED_VIEW	
2024-04-24T12:25:29,595  INFO [TThreadPoolServer WorkerProcess-%d] metastore.ObjectStore: Dropping database hive.myDb along with all tables
2024-04-24T12:25:29,598 ERROR [TThreadPoolServer WorkerProcess-%d] metastore.RetryingHMSHandler: Retrying HMSHandler after 2000 ms (attempt 4 of 10) with error: javax.jdo.JDODataStoreException: Exception thrown flushing changes to datastore
	at org.datanucleus.api.jdo.NucleusJDOHelper.getJDOExceptionForNucleusException(NucleusJDOHelper.java:542)
	at org.datanucleus.api.jdo.JDOPersistenceManager.flush(JDOPersistenceManager.java:2081)
	at org.apache.hadoop.hive.metastore.ObjectStore.addNotificationEvent(ObjectStore.java:11639)
	at sun.reflect.GeneratedMethodAccessor68.invoke(Unknown Source)
	at sun.reflect.DelegatingMethodAccessorImpl.invoke(DelegatingMethodAccessorImpl.java:43)
	at java.lang.reflect.Method.invoke(Method.java:498)
	at org.apache.hadoop.hive.metastore.RawStoreProxy.invoke(RawStoreProxy.java:97)
	at com.sun.proxy.$Proxy32.addNotificationEvent(Unknown Source)
	at org.apache.hive.hcatalog.listener.DbNotificationListener.process(DbNotificationListener.java:1403)
	at org.apache.hive.hcatalog.listener.DbNotificationListener.onDropDatabase(DbNotificationListener.java:513)
	at org.apache.hadoop.hive.metastore.MetaStoreListenerNotifier$26.notify(MetaStoreListenerNotifier.java:99)
	at org.apache.hadoop.hive.metastore.MetaStoreListenerNotifier.notifyEvent(MetaStoreListenerNotifier.java:339)
	at org.apache.hadoop.hive.metastore.HMSHandler.drop_database_core(HMSHandler.java:1785)
	at org.apache.hadoop.hive.metastore.HMSHandler.drop_database(HMSHandler.java:1869)
	at sun.reflect.GeneratedMethodAccessor73.invoke(Unknown Source)
	at sun.reflect.DelegatingMethodAccessorImpl.invoke(DelegatingMethodAccessorImpl.java:43)
	at java.lang.reflect.Method.invoke(Method.java:498)
	at org.apache.hadoop.hive.metastore.RetryingHMSHandler.invokeInternal(RetryingHMSHandler.java:147)
	at org.apache.hadoop.hive.metastore.RetryingHMSHandler.invoke(RetryingHMSHandler.java:108)
	at com.sun.proxy.$Proxy34.drop_database(Unknown Source)
	at org.apache.hadoop.hive.metastore.api.ThriftHiveMetastore$Processor$drop_database.getResult(ThriftHiveMetastore.java:18285)
	at org.apache.hadoop.hive.metastore.api.ThriftHiveMetastore$Processor$drop_database.getResult(ThriftHiveMetastore.java:18264)
	at org.apache.thrift.ProcessFunction.process(ProcessFunction.java:38)
	at org.apache.hadoop.hive.metastore.TUGIBasedProcessor$1.run(TUGIBasedProcessor.java:111)
	at org.apache.hadoop.hive.metastore.TUGIBasedProcessor$1.run(TUGIBasedProcessor.java:107)
	at java.security.AccessController.doPrivileged(Native Method)
	at javax.security.auth.Subject.doAs(Subject.java:422)
	at org.apache.hadoop.security.UserGroupInformation.doAs(UserGroupInformation.java:1682)
	at org.apache.hadoop.hive.metastore.TUGIBasedProcessor.process(TUGIBasedProcessor.java:119)
	at org.apache.thrift.server.TThreadPoolServer$WorkerProcess.run(TThreadPoolServer.java:248)
	at java.util.concurrent.ThreadPoolExecutor.runWorker(ThreadPoolExecutor.java:1149)
	at java.util.concurrent.ThreadPoolExecutor$Worker.run(ThreadPoolExecutor.java:624)
	at java.lang.Thread.run(Thread.java:750)
NestedThrowablesStackTrace:
java.sql.BatchUpdateException: DELETE on table 'DBS' caused a violation of foreign key constraint 'TBLS_FK1' for key (11).  The statement has been rolled back.
	at org.apache.derby.impl.jdbc.EmbedStatement.executeLargeBatch(Unknown Source)
	at org.apache.derby.impl.jdbc.EmbedStatement.executeBatch(Unknown Source)
	at com.zaxxer.hikari.pool.ProxyStatement.executeBatch(ProxyStatement.java:128)
	at com.zaxxer.hikari.pool.HikariProxyPreparedStatement.executeBatch(HikariProxyPreparedStatement.java)
	at org.datanucleus.store.rdbms.ParamLoggingPreparedStatement.executeBatch(ParamLoggingPreparedStatement.java:366)
	at org.datanucleus.store.rdbms.SQLController.processConnectionStatement(SQLController.java:675)
	at org.datanucleus.store.rdbms.SQLController.processStatementsForConnection(SQLController.java:643)
	at org.datanucleus.store.rdbms.SQLController$1.transactionFlushed(SQLController.java:729)
	at org.datanucleus.store.connection.AbstractManagedConnection.transactionFlushed(AbstractManagedConnection.java:95)
	at org.datanucleus.store.connection.ConnectionManagerImpl$2.transactionFlushed(ConnectionManagerImpl.java:528)
	at org.datanucleus.TransactionImpl.flush(TransactionImpl.java:222)
	at org.datanucleus.ExecutionContextImpl.flushInternal(ExecutionContextImpl.java:4068)
	at org.datanucleus.ExecutionContextThreadedImpl.flushInternal(ExecutionContextThreadedImpl.java:448)
	at org.datanucleus.ExecutionContextImpl.flush(ExecutionContextImpl.java:4009)
	at org.datanucleus.ExecutionContextThreadedImpl.flush(ExecutionContextThreadedImpl.java:434)
	at org.datanucleus.api.jdo.JDOPersistenceManager.flush(JDOPersistenceManager.java:2064)
	at org.apache.hadoop.hive.metastore.ObjectStore.addNotificationEvent(ObjectStore.java:11639)
	at sun.reflect.GeneratedMethodAccessor68.invoke(Unknown Source)
	at sun.reflect.DelegatingMethodAccessorImpl.invoke(DelegatingMethodAccessorImpl.java:43)
	at java.lang.reflect.Method.invoke(Method.java:498)
	at org.apache.hadoop.hive.metastore.RawStoreProxy.invoke(RawStoreProxy.java:97)
	at com.sun.proxy.$Proxy32.addNotificationEvent(Unknown Source)
	at org.apache.hive.hcatalog.listener.DbNotificationListener.process(DbNotificationListener.java:1403)
	at org.apache.hive.hcatalog.listener.DbNotificationListener.onDropDatabase(DbNotificationListener.java:513)
	at org.apache.hadoop.hive.metastore.MetaStoreListenerNotifier$26.notify(MetaStoreListenerNotifier.java:99)
	at org.apache.hadoop.hive.metastore.MetaStoreListenerNotifier.notifyEvent(MetaStoreListenerNotifier.java:339)
	at org.apache.hadoop.hive.metastore.HMSHandler.drop_database_core(HMSHandler.java:1785)
	at org.apache.hadoop.hive.metastore.HMSHandler.drop_database(HMSHandler.java:1869)
	at sun.reflect.GeneratedMethodAccessor73.invoke(Unknown Source)
	at sun.reflect.DelegatingMethodAccessorImpl.invoke(DelegatingMethodAccessorImpl.java:43)
	at java.lang.reflect.Method.invoke(Method.java:498)
	at org.apache.hadoop.hive.metastore.RetryingHMSHandler.invokeInternal(RetryingHMSHandler.java:147)
	at org.apache.hadoop.hive.metastore.RetryingHMSHandler.invoke(RetryingHMSHandler.java:108)
	at com.sun.proxy.$Proxy34.drop_database(Unknown Source)
	at org.apache.hadoop.hive.metastore.api.ThriftHiveMetastore$Processor$drop_database.getResult(ThriftHiveMetastore.java:18285)
	at org.apache.hadoop.hive.metastore.api.ThriftHiveMetastore$Processor$drop_database.getResult(ThriftHiveMetastore.java:18264)
	at org.apache.thrift.ProcessFunction.process(ProcessFunction.java:38)
	at org.apache.hadoop.hive.metastore.TUGIBasedProcessor$1.run(TUGIBasedProcessor.java:111)
	at org.apache.hadoop.hive.metastore.TUGIBasedProcessor$1.run(TUGIBasedProcessor.java:107)
	at java.security.AccessController.doPrivileged(Native Method)
	at javax.security.auth.Subject.doAs(Subject.java:422)
	at org.apache.hadoop.security.UserGroupInformation.doAs(UserGroupInformation.java:1682)
	at org.apache.hadoop.hive.metastore.TUGIBasedProcessor.process(TUGIBasedProcessor.java:119)
	at org.apache.thrift.server.TThreadPoolServer$WorkerProcess.run(TThreadPoolServer.java:248)
	at java.util.concurrent.ThreadPoolExecutor.runWorker(ThreadPoolExecutor.java:1149)
	at java.util.concurrent.ThreadPoolExecutor$Worker.run(ThreadPoolExecutor.java:624)
	at java.lang.Thread.run(Thread.java:750)
Caused by: org.apache.derby.shared.common.error.DerbySQLIntegrityConstraintViolationException: DELETE on table 'DBS' caused a violation of foreign key constraint 'TBLS_FK1' for key (11).  The statement has been rolled back.
	at org.apache.derby.impl.jdbc.SQLExceptionFactory.getSQLException(Unknown Source)
	at org.apache.derby.impl.jdbc.Util.generateCsSQLException(Unknown Source)
	at org.apache.derby.impl.jdbc.TransactionResourceImpl.wrapInSQLException(Unknown Source)
	at org.apache.derby.impl.jdbc.TransactionResourceImpl.handleException(Unknown Source)
	at org.apache.derby.impl.jdbc.EmbedConnection.handleException(Unknown Source)
	at org.apache.derby.impl.jdbc.ConnectionChild.handleException(Unknown Source)
	at org.apache.derby.impl.jdbc.EmbedStatement.executeStatement(Unknown Source)
	at org.apache.derby.impl.jdbc.EmbedPreparedStatement.executeBatchElement(Unknown Source)
	... 47 more
Caused by: ERROR 23503: DELETE on table 'DBS' caused a violation of foreign key constraint 'TBLS_FK1' for key (11).  The statement has been rolled back.
	at org.apache.derby.iapi.error.StandardException.newException(Unknown Source)
	at org.apache.derby.iapi.error.StandardException.newException(Unknown Source)
	at org.apache.derby.impl.sql.execute.ReferencedKeyRIChecker.doCheck(Unknown Source)
	at org.apache.derby.impl.sql.execute.RISetChecker.doPKCheck(Unknown Source)
	at org.apache.derby.impl.sql.execute.DeleteResultSet.collectAffectedRows(Unknown Source)
	at org.apache.derby.impl.sql.execute.DeleteResultSet.open(Unknown Source)
	at org.apache.derby.impl.sql.GenericPreparedStatement.executeStmt(Unknown Source)
	at org.apache.derby.impl.sql.GenericPreparedStatement.execute(Unknown Source)
	... 49 more

2024-04-24T12:25:31,599  INFO [TThreadPoolServer WorkerProcess-%d] HiveMetaStore.audit: ugi=alex	ip=127.0.0.1	cmd=source:127.0.0.1 drop_database: @hive#myDb	
2024-04-24T12:25:31,601  INFO [TThreadPoolServer WorkerProcess-%d] HiveMetaStore.audit: ugi=alex	ip=127.0.0.1	cmd=source:127.0.0.1 get_all_tables: db=@hive#myDb	
2024-04-24T12:25:31,602  INFO [TThreadPoolServer WorkerProcess-%d] HiveMetaStore.audit: ugi=alex	ip=127.0.0.1	cmd=source:127.0.0.1 get_functions: db=@hive#myDb pat=*	
2024-04-24T12:25:31,604  INFO [TThreadPoolServer WorkerProcess-%d] HiveMetaStore.audit: ugi=alex	ip=127.0.0.1	cmd=source:127.0.0.1 get_all_stored_procedures	
2024-04-24T12:25:31,605  INFO [TThreadPoolServer WorkerProcess-%d] HiveMetaStore.audit: ugi=alex	ip=127.0.0.1	cmd=source:127.0.0.1 get_all_packages	
2024-04-24T12:25:31,606  INFO [TThreadPoolServer WorkerProcess-%d] HiveMetaStore.audit: ugi=alex	ip=127.0.0.1	cmd=source:127.0.0.1 getTablesByTypeCore: catName=hive: db=myDb pat=.*,type=MATERIALIZED_VIEW	
2024-04-24T12:25:31,607  INFO [TThreadPoolServer WorkerProcess-%d] metastore.ObjectStore: Dropping database hive.myDb along with all tables
2024-04-24T12:25:31,611 ERROR [TThreadPoolServer WorkerProcess-%d] metastore.RetryingHMSHandler: Retrying HMSHandler after 2000 ms (attempt 5 of 10) with error: javax.jdo.JDODataStoreException: Exception thrown flushing changes to datastore
	at org.datanucleus.api.jdo.NucleusJDOHelper.getJDOExceptionForNucleusException(NucleusJDOHelper.java:542)
	at org.datanucleus.api.jdo.JDOPersistenceManager.flush(JDOPersistenceManager.java:2081)
	at org.apache.hadoop.hive.metastore.ObjectStore.addNotificationEvent(ObjectStore.java:11639)
	at sun.reflect.GeneratedMethodAccessor68.invoke(Unknown Source)
	at sun.reflect.DelegatingMethodAccessorImpl.invoke(DelegatingMethodAccessorImpl.java:43)
	at java.lang.reflect.Method.invoke(Method.java:498)
	at org.apache.hadoop.hive.metastore.RawStoreProxy.invoke(RawStoreProxy.java:97)
	at com.sun.proxy.$Proxy32.addNotificationEvent(Unknown Source)
	at org.apache.hive.hcatalog.listener.DbNotificationListener.process(DbNotificationListener.java:1403)
	at org.apache.hive.hcatalog.listener.DbNotificationListener.onDropDatabase(DbNotificationListener.java:513)
	at org.apache.hadoop.hive.metastore.MetaStoreListenerNotifier$26.notify(MetaStoreListenerNotifier.java:99)
	at org.apache.hadoop.hive.metastore.MetaStoreListenerNotifier.notifyEvent(MetaStoreListenerNotifier.java:339)
	at org.apache.hadoop.hive.metastore.HMSHandler.drop_database_core(HMSHandler.java:1785)
	at org.apache.hadoop.hive.metastore.HMSHandler.drop_database(HMSHandler.java:1869)
	at sun.reflect.GeneratedMethodAccessor73.invoke(Unknown Source)
	at sun.reflect.DelegatingMethodAccessorImpl.invoke(DelegatingMethodAccessorImpl.java:43)
	at java.lang.reflect.Method.invoke(Method.java:498)
	at org.apache.hadoop.hive.metastore.RetryingHMSHandler.invokeInternal(RetryingHMSHandler.java:147)
	at org.apache.hadoop.hive.metastore.RetryingHMSHandler.invoke(RetryingHMSHandler.java:108)
	at com.sun.proxy.$Proxy34.drop_database(Unknown Source)
	at org.apache.hadoop.hive.metastore.api.ThriftHiveMetastore$Processor$drop_database.getResult(ThriftHiveMetastore.java:18285)
	at org.apache.hadoop.hive.metastore.api.ThriftHiveMetastore$Processor$drop_database.getResult(ThriftHiveMetastore.java:18264)
	at org.apache.thrift.ProcessFunction.process(ProcessFunction.java:38)
	at org.apache.hadoop.hive.metastore.TUGIBasedProcessor$1.run(TUGIBasedProcessor.java:111)
	at org.apache.hadoop.hive.metastore.TUGIBasedProcessor$1.run(TUGIBasedProcessor.java:107)
	at java.security.AccessController.doPrivileged(Native Method)
	at javax.security.auth.Subject.doAs(Subject.java:422)
	at org.apache.hadoop.security.UserGroupInformation.doAs(UserGroupInformation.java:1682)
	at org.apache.hadoop.hive.metastore.TUGIBasedProcessor.process(TUGIBasedProcessor.java:119)
	at org.apache.thrift.server.TThreadPoolServer$WorkerProcess.run(TThreadPoolServer.java:248)
	at java.util.concurrent.ThreadPoolExecutor.runWorker(ThreadPoolExecutor.java:1149)
	at java.util.concurrent.ThreadPoolExecutor$Worker.run(ThreadPoolExecutor.java:624)
	at java.lang.Thread.run(Thread.java:750)
NestedThrowablesStackTrace:
java.sql.BatchUpdateException: DELETE on table 'DBS' caused a violation of foreign key constraint 'TBLS_FK1' for key (11).  The statement has been rolled back.
	at org.apache.derby.impl.jdbc.EmbedStatement.executeLargeBatch(Unknown Source)
	at org.apache.derby.impl.jdbc.EmbedStatement.executeBatch(Unknown Source)
	at com.zaxxer.hikari.pool.ProxyStatement.executeBatch(ProxyStatement.java:128)
	at com.zaxxer.hikari.pool.HikariProxyPreparedStatement.executeBatch(HikariProxyPreparedStatement.java)
	at org.datanucleus.store.rdbms.ParamLoggingPreparedStatement.executeBatch(ParamLoggingPreparedStatement.java:366)
	at org.datanucleus.store.rdbms.SQLController.processConnectionStatement(SQLController.java:675)
	at org.datanucleus.store.rdbms.SQLController.processStatementsForConnection(SQLController.java:643)
	at org.datanucleus.store.rdbms.SQLController$1.transactionFlushed(SQLController.java:729)
	at org.datanucleus.store.connection.AbstractManagedConnection.transactionFlushed(AbstractManagedConnection.java:95)
	at org.datanucleus.store.connection.ConnectionManagerImpl$2.transactionFlushed(ConnectionManagerImpl.java:528)
	at org.datanucleus.TransactionImpl.flush(TransactionImpl.java:222)
	at org.datanucleus.ExecutionContextImpl.flushInternal(ExecutionContextImpl.java:4068)
	at org.datanucleus.ExecutionContextThreadedImpl.flushInternal(ExecutionContextThreadedImpl.java:448)
	at org.datanucleus.ExecutionContextImpl.flush(ExecutionContextImpl.java:4009)
	at org.datanucleus.ExecutionContextThreadedImpl.flush(ExecutionContextThreadedImpl.java:434)
	at org.datanucleus.api.jdo.JDOPersistenceManager.flush(JDOPersistenceManager.java:2064)
	at org.apache.hadoop.hive.metastore.ObjectStore.addNotificationEvent(ObjectStore.java:11639)
	at sun.reflect.GeneratedMethodAccessor68.invoke(Unknown Source)
	at sun.reflect.DelegatingMethodAccessorImpl.invoke(DelegatingMethodAccessorImpl.java:43)
	at java.lang.reflect.Method.invoke(Method.java:498)
	at org.apache.hadoop.hive.metastore.RawStoreProxy.invoke(RawStoreProxy.java:97)
	at com.sun.proxy.$Proxy32.addNotificationEvent(Unknown Source)
	at org.apache.hive.hcatalog.listener.DbNotificationListener.process(DbNotificationListener.java:1403)
	at org.apache.hive.hcatalog.listener.DbNotificationListener.onDropDatabase(DbNotificationListener.java:513)
	at org.apache.hadoop.hive.metastore.MetaStoreListenerNotifier$26.notify(MetaStoreListenerNotifier.java:99)
	at org.apache.hadoop.hive.metastore.MetaStoreListenerNotifier.notifyEvent(MetaStoreListenerNotifier.java:339)
	at org.apache.hadoop.hive.metastore.HMSHandler.drop_database_core(HMSHandler.java:1785)
	at org.apache.hadoop.hive.metastore.HMSHandler.drop_database(HMSHandler.java:1869)
	at sun.reflect.GeneratedMethodAccessor73.invoke(Unknown Source)
	at sun.reflect.DelegatingMethodAccessorImpl.invoke(DelegatingMethodAccessorImpl.java:43)
	at java.lang.reflect.Method.invoke(Method.java:498)
	at org.apache.hadoop.hive.metastore.RetryingHMSHandler.invokeInternal(RetryingHMSHandler.java:147)
	at org.apache.hadoop.hive.metastore.RetryingHMSHandler.invoke(RetryingHMSHandler.java:108)
	at com.sun.proxy.$Proxy34.drop_database(Unknown Source)
	at org.apache.hadoop.hive.metastore.api.ThriftHiveMetastore$Processor$drop_database.getResult(ThriftHiveMetastore.java:18285)
	at org.apache.hadoop.hive.metastore.api.ThriftHiveMetastore$Processor$drop_database.getResult(ThriftHiveMetastore.java:18264)
	at org.apache.thrift.ProcessFunction.process(ProcessFunction.java:38)
	at org.apache.hadoop.hive.metastore.TUGIBasedProcessor$1.run(TUGIBasedProcessor.java:111)
	at org.apache.hadoop.hive.metastore.TUGIBasedProcessor$1.run(TUGIBasedProcessor.java:107)
	at java.security.AccessController.doPrivileged(Native Method)
	at javax.security.auth.Subject.doAs(Subject.java:422)
	at org.apache.hadoop.security.UserGroupInformation.doAs(UserGroupInformation.java:1682)
	at org.apache.hadoop.hive.metastore.TUGIBasedProcessor.process(TUGIBasedProcessor.java:119)
	at org.apache.thrift.server.TThreadPoolServer$WorkerProcess.run(TThreadPoolServer.java:248)
	at java.util.concurrent.ThreadPoolExecutor.runWorker(ThreadPoolExecutor.java:1149)
	at java.util.concurrent.ThreadPoolExecutor$Worker.run(ThreadPoolExecutor.java:624)
	at java.lang.Thread.run(Thread.java:750)
Caused by: org.apache.derby.shared.common.error.DerbySQLIntegrityConstraintViolationException: DELETE on table 'DBS' caused a violation of foreign key constraint 'TBLS_FK1' for key (11).  The statement has been rolled back.
	at org.apache.derby.impl.jdbc.SQLExceptionFactory.getSQLException(Unknown Source)
	at org.apache.derby.impl.jdbc.Util.generateCsSQLException(Unknown Source)
	at org.apache.derby.impl.jdbc.TransactionResourceImpl.wrapInSQLException(Unknown Source)
	at org.apache.derby.impl.jdbc.TransactionResourceImpl.handleException(Unknown Source)
	at org.apache.derby.impl.jdbc.EmbedConnection.handleException(Unknown Source)
	at org.apache.derby.impl.jdbc.ConnectionChild.handleException(Unknown Source)
	at org.apache.derby.impl.jdbc.EmbedStatement.executeStatement(Unknown Source)
	at org.apache.derby.impl.jdbc.EmbedPreparedStatement.executeBatchElement(Unknown Source)
	... 47 more
Caused by: ERROR 23503: DELETE on table 'DBS' caused a violation of foreign key constraint 'TBLS_FK1' for key (11).  The statement has been rolled back.
	at org.apache.derby.iapi.error.StandardException.newException(Unknown Source)
	at org.apache.derby.iapi.error.StandardException.newException(Unknown Source)
	at org.apache.derby.impl.sql.execute.ReferencedKeyRIChecker.doCheck(Unknown Source)
	at org.apache.derby.impl.sql.execute.RISetChecker.doPKCheck(Unknown Source)
	at org.apache.derby.impl.sql.execute.DeleteResultSet.collectAffectedRows(Unknown Source)
	at org.apache.derby.impl.sql.execute.DeleteResultSet.open(Unknown Source)
	at org.apache.derby.impl.sql.GenericPreparedStatement.executeStmt(Unknown Source)
	at org.apache.derby.impl.sql.GenericPreparedStatement.execute(Unknown Source)
	... 49 more

2024-04-24T12:25:33,612  INFO [TThreadPoolServer WorkerProcess-%d] HiveMetaStore.audit: ugi=alex	ip=127.0.0.1	cmd=source:127.0.0.1 drop_database: @hive#myDb	
2024-04-24T12:25:33,614  INFO [TThreadPoolServer WorkerProcess-%d] HiveMetaStore.audit: ugi=alex	ip=127.0.0.1	cmd=source:127.0.0.1 get_all_tables: db=@hive#myDb	
2024-04-24T12:25:33,615  INFO [TThreadPoolServer WorkerProcess-%d] HiveMetaStore.audit: ugi=alex	ip=127.0.0.1	cmd=source:127.0.0.1 get_functions: db=@hive#myDb pat=*	
2024-04-24T12:25:33,617  INFO [TThreadPoolServer WorkerProcess-%d] HiveMetaStore.audit: ugi=alex	ip=127.0.0.1	cmd=source:127.0.0.1 get_all_stored_procedures	
2024-04-24T12:25:33,618  INFO [TThreadPoolServer WorkerProcess-%d] HiveMetaStore.audit: ugi=alex	ip=127.0.0.1	cmd=source:127.0.0.1 get_all_packages	
2024-04-24T12:25:33,619  INFO [TThreadPoolServer WorkerProcess-%d] HiveMetaStore.audit: ugi=alex	ip=127.0.0.1	cmd=source:127.0.0.1 getTablesByTypeCore: catName=hive: db=myDb pat=.*,type=MATERIALIZED_VIEW	
2024-04-24T12:25:33,620  INFO [TThreadPoolServer WorkerProcess-%d] metastore.ObjectStore: Dropping database hive.myDb along with all tables
2024-04-24T12:25:33,623 ERROR [TThreadPoolServer WorkerProcess-%d] metastore.RetryingHMSHandler: Retrying HMSHandler after 2000 ms (attempt 6 of 10) with error: javax.jdo.JDODataStoreException: Exception thrown flushing changes to datastore
	at org.datanucleus.api.jdo.NucleusJDOHelper.getJDOExceptionForNucleusException(NucleusJDOHelper.java:542)
	at org.datanucleus.api.jdo.JDOPersistenceManager.flush(JDOPersistenceManager.java:2081)
	at org.apache.hadoop.hive.metastore.ObjectStore.addNotificationEvent(ObjectStore.java:11639)
	at sun.reflect.GeneratedMethodAccessor68.invoke(Unknown Source)
	at sun.reflect.DelegatingMethodAccessorImpl.invoke(DelegatingMethodAccessorImpl.java:43)
	at java.lang.reflect.Method.invoke(Method.java:498)
	at org.apache.hadoop.hive.metastore.RawStoreProxy.invoke(RawStoreProxy.java:97)
	at com.sun.proxy.$Proxy32.addNotificationEvent(Unknown Source)
	at org.apache.hive.hcatalog.listener.DbNotificationListener.process(DbNotificationListener.java:1403)
	at org.apache.hive.hcatalog.listener.DbNotificationListener.onDropDatabase(DbNotificationListener.java:513)
	at org.apache.hadoop.hive.metastore.MetaStoreListenerNotifier$26.notify(MetaStoreListenerNotifier.java:99)
	at org.apache.hadoop.hive.metastore.MetaStoreListenerNotifier.notifyEvent(MetaStoreListenerNotifier.java:339)
	at org.apache.hadoop.hive.metastore.HMSHandler.drop_database_core(HMSHandler.java:1785)
	at org.apache.hadoop.hive.metastore.HMSHandler.drop_database(HMSHandler.java:1869)
	at sun.reflect.GeneratedMethodAccessor73.invoke(Unknown Source)
	at sun.reflect.DelegatingMethodAccessorImpl.invoke(DelegatingMethodAccessorImpl.java:43)
	at java.lang.reflect.Method.invoke(Method.java:498)
	at org.apache.hadoop.hive.metastore.RetryingHMSHandler.invokeInternal(RetryingHMSHandler.java:147)
	at org.apache.hadoop.hive.metastore.RetryingHMSHandler.invoke(RetryingHMSHandler.java:108)
	at com.sun.proxy.$Proxy34.drop_database(Unknown Source)
	at org.apache.hadoop.hive.metastore.api.ThriftHiveMetastore$Processor$drop_database.getResult(ThriftHiveMetastore.java:18285)
	at org.apache.hadoop.hive.metastore.api.ThriftHiveMetastore$Processor$drop_database.getResult(ThriftHiveMetastore.java:18264)
	at org.apache.thrift.ProcessFunction.process(ProcessFunction.java:38)
	at org.apache.hadoop.hive.metastore.TUGIBasedProcessor$1.run(TUGIBasedProcessor.java:111)
	at org.apache.hadoop.hive.metastore.TUGIBasedProcessor$1.run(TUGIBasedProcessor.java:107)
	at java.security.AccessController.doPrivileged(Native Method)
	at javax.security.auth.Subject.doAs(Subject.java:422)
	at org.apache.hadoop.security.UserGroupInformation.doAs(UserGroupInformation.java:1682)
	at org.apache.hadoop.hive.metastore.TUGIBasedProcessor.process(TUGIBasedProcessor.java:119)
	at org.apache.thrift.server.TThreadPoolServer$WorkerProcess.run(TThreadPoolServer.java:248)
	at java.util.concurrent.ThreadPoolExecutor.runWorker(ThreadPoolExecutor.java:1149)
	at java.util.concurrent.ThreadPoolExecutor$Worker.run(ThreadPoolExecutor.java:624)
	at java.lang.Thread.run(Thread.java:750)
NestedThrowablesStackTrace:
java.sql.BatchUpdateException: DELETE on table 'DBS' caused a violation of foreign key constraint 'TBLS_FK1' for key (11).  The statement has been rolled back.
	at org.apache.derby.impl.jdbc.EmbedStatement.executeLargeBatch(Unknown Source)
	at org.apache.derby.impl.jdbc.EmbedStatement.executeBatch(Unknown Source)
	at com.zaxxer.hikari.pool.ProxyStatement.executeBatch(ProxyStatement.java:128)
	at com.zaxxer.hikari.pool.HikariProxyPreparedStatement.executeBatch(HikariProxyPreparedStatement.java)
	at org.datanucleus.store.rdbms.ParamLoggingPreparedStatement.executeBatch(ParamLoggingPreparedStatement.java:366)
	at org.datanucleus.store.rdbms.SQLController.processConnectionStatement(SQLController.java:675)
	at org.datanucleus.store.rdbms.SQLController.processStatementsForConnection(SQLController.java:643)
	at org.datanucleus.store.rdbms.SQLController$1.transactionFlushed(SQLController.java:729)
	at org.datanucleus.store.connection.AbstractManagedConnection.transactionFlushed(AbstractManagedConnection.java:95)
	at org.datanucleus.store.connection.ConnectionManagerImpl$2.transactionFlushed(ConnectionManagerImpl.java:528)
	at org.datanucleus.TransactionImpl.flush(TransactionImpl.java:222)
	at org.datanucleus.ExecutionContextImpl.flushInternal(ExecutionContextImpl.java:4068)
	at org.datanucleus.ExecutionContextThreadedImpl.flushInternal(ExecutionContextThreadedImpl.java:448)
	at org.datanucleus.ExecutionContextImpl.flush(ExecutionContextImpl.java:4009)
	at org.datanucleus.ExecutionContextThreadedImpl.flush(ExecutionContextThreadedImpl.java:434)
	at org.datanucleus.api.jdo.JDOPersistenceManager.flush(JDOPersistenceManager.java:2064)
	at org.apache.hadoop.hive.metastore.ObjectStore.addNotificationEvent(ObjectStore.java:11639)
	at sun.reflect.GeneratedMethodAccessor68.invoke(Unknown Source)
	at sun.reflect.DelegatingMethodAccessorImpl.invoke(DelegatingMethodAccessorImpl.java:43)
	at java.lang.reflect.Method.invoke(Method.java:498)
	at org.apache.hadoop.hive.metastore.RawStoreProxy.invoke(RawStoreProxy.java:97)
	at com.sun.proxy.$Proxy32.addNotificationEvent(Unknown Source)
	at org.apache.hive.hcatalog.listener.DbNotificationListener.process(DbNotificationListener.java:1403)
	at org.apache.hive.hcatalog.listener.DbNotificationListener.onDropDatabase(DbNotificationListener.java:513)
	at org.apache.hadoop.hive.metastore.MetaStoreListenerNotifier$26.notify(MetaStoreListenerNotifier.java:99)
	at org.apache.hadoop.hive.metastore.MetaStoreListenerNotifier.notifyEvent(MetaStoreListenerNotifier.java:339)
	at org.apache.hadoop.hive.metastore.HMSHandler.drop_database_core(HMSHandler.java:1785)
	at org.apache.hadoop.hive.metastore.HMSHandler.drop_database(HMSHandler.java:1869)
	at sun.reflect.GeneratedMethodAccessor73.invoke(Unknown Source)
	at sun.reflect.DelegatingMethodAccessorImpl.invoke(DelegatingMethodAccessorImpl.java:43)
	at java.lang.reflect.Method.invoke(Method.java:498)
	at org.apache.hadoop.hive.metastore.RetryingHMSHandler.invokeInternal(RetryingHMSHandler.java:147)
	at org.apache.hadoop.hive.metastore.RetryingHMSHandler.invoke(RetryingHMSHandler.java:108)
	at com.sun.proxy.$Proxy34.drop_database(Unknown Source)
	at org.apache.hadoop.hive.metastore.api.ThriftHiveMetastore$Processor$drop_database.getResult(ThriftHiveMetastore.java:18285)
	at org.apache.hadoop.hive.metastore.api.ThriftHiveMetastore$Processor$drop_database.getResult(ThriftHiveMetastore.java:18264)
	at org.apache.thrift.ProcessFunction.process(ProcessFunction.java:38)
	at org.apache.hadoop.hive.metastore.TUGIBasedProcessor$1.run(TUGIBasedProcessor.java:111)
	at org.apache.hadoop.hive.metastore.TUGIBasedProcessor$1.run(TUGIBasedProcessor.java:107)
	at java.security.AccessController.doPrivileged(Native Method)
	at javax.security.auth.Subject.doAs(Subject.java:422)
	at org.apache.hadoop.security.UserGroupInformation.doAs(UserGroupInformation.java:1682)
	at org.apache.hadoop.hive.metastore.TUGIBasedProcessor.process(TUGIBasedProcessor.java:119)
	at org.apache.thrift.server.TThreadPoolServer$WorkerProcess.run(TThreadPoolServer.java:248)
	at java.util.concurrent.ThreadPoolExecutor.runWorker(ThreadPoolExecutor.java:1149)
	at java.util.concurrent.ThreadPoolExecutor$Worker.run(ThreadPoolExecutor.java:624)
	at java.lang.Thread.run(Thread.java:750)
Caused by: org.apache.derby.shared.common.error.DerbySQLIntegrityConstraintViolationException: DELETE on table 'DBS' caused a violation of foreign key constraint 'TBLS_FK1' for key (11).  The statement has been rolled back.
	at org.apache.derby.impl.jdbc.SQLExceptionFactory.getSQLException(Unknown Source)
	at org.apache.derby.impl.jdbc.Util.generateCsSQLException(Unknown Source)
	at org.apache.derby.impl.jdbc.TransactionResourceImpl.wrapInSQLException(Unknown Source)
	at org.apache.derby.impl.jdbc.TransactionResourceImpl.handleException(Unknown Source)
	at org.apache.derby.impl.jdbc.EmbedConnection.handleException(Unknown Source)
	at org.apache.derby.impl.jdbc.ConnectionChild.handleException(Unknown Source)
	at org.apache.derby.impl.jdbc.EmbedStatement.executeStatement(Unknown Source)
	at org.apache.derby.impl.jdbc.EmbedPreparedStatement.executeBatchElement(Unknown Source)
	... 47 more
Caused by: ERROR 23503: DELETE on table 'DBS' caused a violation of foreign key constraint 'TBLS_FK1' for key (11).  The statement has been rolled back.
	at org.apache.derby.iapi.error.StandardException.newException(Unknown Source)
	at org.apache.derby.iapi.error.StandardException.newException(Unknown Source)
	at org.apache.derby.impl.sql.execute.ReferencedKeyRIChecker.doCheck(Unknown Source)
	at org.apache.derby.impl.sql.execute.RISetChecker.doPKCheck(Unknown Source)
	at org.apache.derby.impl.sql.execute.DeleteResultSet.collectAffectedRows(Unknown Source)
	at org.apache.derby.impl.sql.execute.DeleteResultSet.open(Unknown Source)
	at org.apache.derby.impl.sql.GenericPreparedStatement.executeStmt(Unknown Source)
	at org.apache.derby.impl.sql.GenericPreparedStatement.execute(Unknown Source)
	... 49 more

2024-04-24T12:25:35,623  INFO [TThreadPoolServer WorkerProcess-%d] HiveMetaStore.audit: ugi=alex	ip=127.0.0.1	cmd=source:127.0.0.1 drop_database: @hive#myDb	
2024-04-24T12:25:35,627  INFO [TThreadPoolServer WorkerProcess-%d] HiveMetaStore.audit: ugi=alex	ip=127.0.0.1	cmd=source:127.0.0.1 get_all_tables: db=@hive#myDb	
2024-04-24T12:25:35,628  INFO [TThreadPoolServer WorkerProcess-%d] HiveMetaStore.audit: ugi=alex	ip=127.0.0.1	cmd=source:127.0.0.1 get_functions: db=@hive#myDb pat=*	
2024-04-24T12:25:35,632  INFO [TThreadPoolServer WorkerProcess-%d] HiveMetaStore.audit: ugi=alex	ip=127.0.0.1	cmd=source:127.0.0.1 get_all_stored_procedures	
2024-04-24T12:25:35,633  INFO [TThreadPoolServer WorkerProcess-%d] HiveMetaStore.audit: ugi=alex	ip=127.0.0.1	cmd=source:127.0.0.1 get_all_packages	
2024-04-24T12:25:35,636  INFO [TThreadPoolServer WorkerProcess-%d] HiveMetaStore.audit: ugi=alex	ip=127.0.0.1	cmd=source:127.0.0.1 getTablesByTypeCore: catName=hive: db=myDb pat=.*,type=MATERIALIZED_VIEW	
2024-04-24T12:25:35,638  INFO [TThreadPoolServer WorkerProcess-%d] metastore.ObjectStore: Dropping database hive.myDb along with all tables
2024-04-24T12:25:35,640 ERROR [TThreadPoolServer WorkerProcess-%d] metastore.RetryingHMSHandler: Retrying HMSHandler after 2000 ms (attempt 7 of 10) with error: javax.jdo.JDODataStoreException: Exception thrown flushing changes to datastore
	at org.datanucleus.api.jdo.NucleusJDOHelper.getJDOExceptionForNucleusException(NucleusJDOHelper.java:542)
	at org.datanucleus.api.jdo.JDOPersistenceManager.flush(JDOPersistenceManager.java:2081)
	at org.apache.hadoop.hive.metastore.ObjectStore.addNotificationEvent(ObjectStore.java:11639)
	at sun.reflect.GeneratedMethodAccessor68.invoke(Unknown Source)
	at sun.reflect.DelegatingMethodAccessorImpl.invoke(DelegatingMethodAccessorImpl.java:43)
	at java.lang.reflect.Method.invoke(Method.java:498)
	at org.apache.hadoop.hive.metastore.RawStoreProxy.invoke(RawStoreProxy.java:97)
	at com.sun.proxy.$Proxy32.addNotificationEvent(Unknown Source)
	at org.apache.hive.hcatalog.listener.DbNotificationListener.process(DbNotificationListener.java:1403)
	at org.apache.hive.hcatalog.listener.DbNotificationListener.onDropDatabase(DbNotificationListener.java:513)
	at org.apache.hadoop.hive.metastore.MetaStoreListenerNotifier$26.notify(MetaStoreListenerNotifier.java:99)
	at org.apache.hadoop.hive.metastore.MetaStoreListenerNotifier.notifyEvent(MetaStoreListenerNotifier.java:339)
	at org.apache.hadoop.hive.metastore.HMSHandler.drop_database_core(HMSHandler.java:1785)
	at org.apache.hadoop.hive.metastore.HMSHandler.drop_database(HMSHandler.java:1869)
	at sun.reflect.GeneratedMethodAccessor73.invoke(Unknown Source)
	at sun.reflect.DelegatingMethodAccessorImpl.invoke(DelegatingMethodAccessorImpl.java:43)
	at java.lang.reflect.Method.invoke(Method.java:498)
	at org.apache.hadoop.hive.metastore.RetryingHMSHandler.invokeInternal(RetryingHMSHandler.java:147)
	at org.apache.hadoop.hive.metastore.RetryingHMSHandler.invoke(RetryingHMSHandler.java:108)
	at com.sun.proxy.$Proxy34.drop_database(Unknown Source)
	at org.apache.hadoop.hive.metastore.api.ThriftHiveMetastore$Processor$drop_database.getResult(ThriftHiveMetastore.java:18285)
	at org.apache.hadoop.hive.metastore.api.ThriftHiveMetastore$Processor$drop_database.getResult(ThriftHiveMetastore.java:18264)
	at org.apache.thrift.ProcessFunction.process(ProcessFunction.java:38)
	at org.apache.hadoop.hive.metastore.TUGIBasedProcessor$1.run(TUGIBasedProcessor.java:111)
	at org.apache.hadoop.hive.metastore.TUGIBasedProcessor$1.run(TUGIBasedProcessor.java:107)
	at java.security.AccessController.doPrivileged(Native Method)
	at javax.security.auth.Subject.doAs(Subject.java:422)
	at org.apache.hadoop.security.UserGroupInformation.doAs(UserGroupInformation.java:1682)
	at org.apache.hadoop.hive.metastore.TUGIBasedProcessor.process(TUGIBasedProcessor.java:119)
	at org.apache.thrift.server.TThreadPoolServer$WorkerProcess.run(TThreadPoolServer.java:248)
	at java.util.concurrent.ThreadPoolExecutor.runWorker(ThreadPoolExecutor.java:1149)
	at java.util.concurrent.ThreadPoolExecutor$Worker.run(ThreadPoolExecutor.java:624)
	at java.lang.Thread.run(Thread.java:750)
NestedThrowablesStackTrace:
java.sql.BatchUpdateException: DELETE on table 'DBS' caused a violation of foreign key constraint 'TBLS_FK1' for key (11).  The statement has been rolled back.
	at org.apache.derby.impl.jdbc.EmbedStatement.executeLargeBatch(Unknown Source)
	at org.apache.derby.impl.jdbc.EmbedStatement.executeBatch(Unknown Source)
	at com.zaxxer.hikari.pool.ProxyStatement.executeBatch(ProxyStatement.java:128)
	at com.zaxxer.hikari.pool.HikariProxyPreparedStatement.executeBatch(HikariProxyPreparedStatement.java)
	at org.datanucleus.store.rdbms.ParamLoggingPreparedStatement.executeBatch(ParamLoggingPreparedStatement.java:366)
	at org.datanucleus.store.rdbms.SQLController.processConnectionStatement(SQLController.java:675)
	at org.datanucleus.store.rdbms.SQLController.processStatementsForConnection(SQLController.java:643)
	at org.datanucleus.store.rdbms.SQLController$1.transactionFlushed(SQLController.java:729)
	at org.datanucleus.store.connection.AbstractManagedConnection.transactionFlushed(AbstractManagedConnection.java:95)
	at org.datanucleus.store.connection.ConnectionManagerImpl$2.transactionFlushed(ConnectionManagerImpl.java:528)
	at org.datanucleus.TransactionImpl.flush(TransactionImpl.java:222)
	at org.datanucleus.ExecutionContextImpl.flushInternal(ExecutionContextImpl.java:4068)
	at org.datanucleus.ExecutionContextThreadedImpl.flushInternal(ExecutionContextThreadedImpl.java:448)
	at org.datanucleus.ExecutionContextImpl.flush(ExecutionContextImpl.java:4009)
	at org.datanucleus.ExecutionContextThreadedImpl.flush(ExecutionContextThreadedImpl.java:434)
	at org.datanucleus.api.jdo.JDOPersistenceManager.flush(JDOPersistenceManager.java:2064)
	at org.apache.hadoop.hive.metastore.ObjectStore.addNotificationEvent(ObjectStore.java:11639)
	at sun.reflect.GeneratedMethodAccessor68.invoke(Unknown Source)
	at sun.reflect.DelegatingMethodAccessorImpl.invoke(DelegatingMethodAccessorImpl.java:43)
	at java.lang.reflect.Method.invoke(Method.java:498)
	at org.apache.hadoop.hive.metastore.RawStoreProxy.invoke(RawStoreProxy.java:97)
	at com.sun.proxy.$Proxy32.addNotificationEvent(Unknown Source)
	at org.apache.hive.hcatalog.listener.DbNotificationListener.process(DbNotificationListener.java:1403)
	at org.apache.hive.hcatalog.listener.DbNotificationListener.onDropDatabase(DbNotificationListener.java:513)
	at org.apache.hadoop.hive.metastore.MetaStoreListenerNotifier$26.notify(MetaStoreListenerNotifier.java:99)
	at org.apache.hadoop.hive.metastore.MetaStoreListenerNotifier.notifyEvent(MetaStoreListenerNotifier.java:339)
	at org.apache.hadoop.hive.metastore.HMSHandler.drop_database_core(HMSHandler.java:1785)
	at org.apache.hadoop.hive.metastore.HMSHandler.drop_database(HMSHandler.java:1869)
	at sun.reflect.GeneratedMethodAccessor73.invoke(Unknown Source)
	at sun.reflect.DelegatingMethodAccessorImpl.invoke(DelegatingMethodAccessorImpl.java:43)
	at java.lang.reflect.Method.invoke(Method.java:498)
	at org.apache.hadoop.hive.metastore.RetryingHMSHandler.invokeInternal(RetryingHMSHandler.java:147)
	at org.apache.hadoop.hive.metastore.RetryingHMSHandler.invoke(RetryingHMSHandler.java:108)
	at com.sun.proxy.$Proxy34.drop_database(Unknown Source)
	at org.apache.hadoop.hive.metastore.api.ThriftHiveMetastore$Processor$drop_database.getResult(ThriftHiveMetastore.java:18285)
	at org.apache.hadoop.hive.metastore.api.ThriftHiveMetastore$Processor$drop_database.getResult(ThriftHiveMetastore.java:18264)
	at org.apache.thrift.ProcessFunction.process(ProcessFunction.java:38)
	at org.apache.hadoop.hive.metastore.TUGIBasedProcessor$1.run(TUGIBasedProcessor.java:111)
	at org.apache.hadoop.hive.metastore.TUGIBasedProcessor$1.run(TUGIBasedProcessor.java:107)
	at java.security.AccessController.doPrivileged(Native Method)
	at javax.security.auth.Subject.doAs(Subject.java:422)
	at org.apache.hadoop.security.UserGroupInformation.doAs(UserGroupInformation.java:1682)
	at org.apache.hadoop.hive.metastore.TUGIBasedProcessor.process(TUGIBasedProcessor.java:119)
	at org.apache.thrift.server.TThreadPoolServer$WorkerProcess.run(TThreadPoolServer.java:248)
	at java.util.concurrent.ThreadPoolExecutor.runWorker(ThreadPoolExecutor.java:1149)
	at java.util.concurrent.ThreadPoolExecutor$Worker.run(ThreadPoolExecutor.java:624)
	at java.lang.Thread.run(Thread.java:750)
Caused by: org.apache.derby.shared.common.error.DerbySQLIntegrityConstraintViolationException: DELETE on table 'DBS' caused a violation of foreign key constraint 'TBLS_FK1' for key (11).  The statement has been rolled back.
	at org.apache.derby.impl.jdbc.SQLExceptionFactory.getSQLException(Unknown Source)
	at org.apache.derby.impl.jdbc.Util.generateCsSQLException(Unknown Source)
	at org.apache.derby.impl.jdbc.TransactionResourceImpl.wrapInSQLException(Unknown Source)
	at org.apache.derby.impl.jdbc.TransactionResourceImpl.handleException(Unknown Source)
	at org.apache.derby.impl.jdbc.EmbedConnection.handleException(Unknown Source)
	at org.apache.derby.impl.jdbc.ConnectionChild.handleException(Unknown Source)
	at org.apache.derby.impl.jdbc.EmbedStatement.executeStatement(Unknown Source)
	at org.apache.derby.impl.jdbc.EmbedPreparedStatement.executeBatchElement(Unknown Source)
	... 47 more
Caused by: ERROR 23503: DELETE on table 'DBS' caused a violation of foreign key constraint 'TBLS_FK1' for key (11).  The statement has been rolled back.
	at org.apache.derby.iapi.error.StandardException.newException(Unknown Source)
	at org.apache.derby.iapi.error.StandardException.newException(Unknown Source)
	at org.apache.derby.impl.sql.execute.ReferencedKeyRIChecker.doCheck(Unknown Source)
	at org.apache.derby.impl.sql.execute.RISetChecker.doPKCheck(Unknown Source)
	at org.apache.derby.impl.sql.execute.DeleteResultSet.collectAffectedRows(Unknown Source)
	at org.apache.derby.impl.sql.execute.DeleteResultSet.open(Unknown Source)
	at org.apache.derby.impl.sql.GenericPreparedStatement.executeStmt(Unknown Source)
	at org.apache.derby.impl.sql.GenericPreparedStatement.execute(Unknown Source)
	... 49 more

2024-04-24T12:25:37,641  INFO [TThreadPoolServer WorkerProcess-%d] HiveMetaStore.audit: ugi=alex	ip=127.0.0.1	cmd=source:127.0.0.1 drop_database: @hive#myDb	
2024-04-24T12:25:37,643  INFO [TThreadPoolServer WorkerProcess-%d] HiveMetaStore.audit: ugi=alex	ip=127.0.0.1	cmd=source:127.0.0.1 get_all_tables: db=@hive#myDb	
2024-04-24T12:25:37,644  INFO [TThreadPoolServer WorkerProcess-%d] HiveMetaStore.audit: ugi=alex	ip=127.0.0.1	cmd=source:127.0.0.1 get_functions: db=@hive#myDb pat=*	
2024-04-24T12:25:37,647  INFO [TThreadPoolServer WorkerProcess-%d] HiveMetaStore.audit: ugi=alex	ip=127.0.0.1	cmd=source:127.0.0.1 get_all_stored_procedures	
2024-04-24T12:25:37,647  INFO [TThreadPoolServer WorkerProcess-%d] HiveMetaStore.audit: ugi=alex	ip=127.0.0.1	cmd=source:127.0.0.1 get_all_packages	
2024-04-24T12:25:37,648  INFO [TThreadPoolServer WorkerProcess-%d] HiveMetaStore.audit: ugi=alex	ip=127.0.0.1	cmd=source:127.0.0.1 getTablesByTypeCore: catName=hive: db=myDb pat=.*,type=MATERIALIZED_VIEW	
2024-04-24T12:25:37,649  INFO [TThreadPoolServer WorkerProcess-%d] metastore.ObjectStore: Dropping database hive.myDb along with all tables
2024-04-24T12:25:37,652 ERROR [TThreadPoolServer WorkerProcess-%d] metastore.RetryingHMSHandler: Retrying HMSHandler after 2000 ms (attempt 8 of 10) with error: javax.jdo.JDODataStoreException: Exception thrown flushing changes to datastore
	at org.datanucleus.api.jdo.NucleusJDOHelper.getJDOExceptionForNucleusException(NucleusJDOHelper.java:542)
	at org.datanucleus.api.jdo.JDOPersistenceManager.flush(JDOPersistenceManager.java:2081)
	at org.apache.hadoop.hive.metastore.ObjectStore.addNotificationEvent(ObjectStore.java:11639)
	at sun.reflect.GeneratedMethodAccessor68.invoke(Unknown Source)
	at sun.reflect.DelegatingMethodAccessorImpl.invoke(DelegatingMethodAccessorImpl.java:43)
	at java.lang.reflect.Method.invoke(Method.java:498)
	at org.apache.hadoop.hive.metastore.RawStoreProxy.invoke(RawStoreProxy.java:97)
	at com.sun.proxy.$Proxy32.addNotificationEvent(Unknown Source)
	at org.apache.hive.hcatalog.listener.DbNotificationListener.process(DbNotificationListener.java:1403)
	at org.apache.hive.hcatalog.listener.DbNotificationListener.onDropDatabase(DbNotificationListener.java:513)
	at org.apache.hadoop.hive.metastore.MetaStoreListenerNotifier$26.notify(MetaStoreListenerNotifier.java:99)
	at org.apache.hadoop.hive.metastore.MetaStoreListenerNotifier.notifyEvent(MetaStoreListenerNotifier.java:339)
	at org.apache.hadoop.hive.metastore.HMSHandler.drop_database_core(HMSHandler.java:1785)
	at org.apache.hadoop.hive.metastore.HMSHandler.drop_database(HMSHandler.java:1869)
	at sun.reflect.GeneratedMethodAccessor73.invoke(Unknown Source)
	at sun.reflect.DelegatingMethodAccessorImpl.invoke(DelegatingMethodAccessorImpl.java:43)
	at java.lang.reflect.Method.invoke(Method.java:498)
	at org.apache.hadoop.hive.metastore.RetryingHMSHandler.invokeInternal(RetryingHMSHandler.java:147)
	at org.apache.hadoop.hive.metastore.RetryingHMSHandler.invoke(RetryingHMSHandler.java:108)
	at com.sun.proxy.$Proxy34.drop_database(Unknown Source)
	at org.apache.hadoop.hive.metastore.api.ThriftHiveMetastore$Processor$drop_database.getResult(ThriftHiveMetastore.java:18285)
	at org.apache.hadoop.hive.metastore.api.ThriftHiveMetastore$Processor$drop_database.getResult(ThriftHiveMetastore.java:18264)
	at org.apache.thrift.ProcessFunction.process(ProcessFunction.java:38)
	at org.apache.hadoop.hive.metastore.TUGIBasedProcessor$1.run(TUGIBasedProcessor.java:111)
	at org.apache.hadoop.hive.metastore.TUGIBasedProcessor$1.run(TUGIBasedProcessor.java:107)
	at java.security.AccessController.doPrivileged(Native Method)
	at javax.security.auth.Subject.doAs(Subject.java:422)
	at org.apache.hadoop.security.UserGroupInformation.doAs(UserGroupInformation.java:1682)
	at org.apache.hadoop.hive.metastore.TUGIBasedProcessor.process(TUGIBasedProcessor.java:119)
	at org.apache.thrift.server.TThreadPoolServer$WorkerProcess.run(TThreadPoolServer.java:248)
	at java.util.concurrent.ThreadPoolExecutor.runWorker(ThreadPoolExecutor.java:1149)
	at java.util.concurrent.ThreadPoolExecutor$Worker.run(ThreadPoolExecutor.java:624)
	at java.lang.Thread.run(Thread.java:750)
NestedThrowablesStackTrace:
java.sql.BatchUpdateException: DELETE on table 'DBS' caused a violation of foreign key constraint 'TBLS_FK1' for key (11).  The statement has been rolled back.
	at org.apache.derby.impl.jdbc.EmbedStatement.executeLargeBatch(Unknown Source)
	at org.apache.derby.impl.jdbc.EmbedStatement.executeBatch(Unknown Source)
	at com.zaxxer.hikari.pool.ProxyStatement.executeBatch(ProxyStatement.java:128)
	at com.zaxxer.hikari.pool.HikariProxyPreparedStatement.executeBatch(HikariProxyPreparedStatement.java)
	at org.datanucleus.store.rdbms.ParamLoggingPreparedStatement.executeBatch(ParamLoggingPreparedStatement.java:366)
	at org.datanucleus.store.rdbms.SQLController.processConnectionStatement(SQLController.java:675)
	at org.datanucleus.store.rdbms.SQLController.processStatementsForConnection(SQLController.java:643)
	at org.datanucleus.store.rdbms.SQLController$1.transactionFlushed(SQLController.java:729)
	at org.datanucleus.store.connection.AbstractManagedConnection.transactionFlushed(AbstractManagedConnection.java:95)
	at org.datanucleus.store.connection.ConnectionManagerImpl$2.transactionFlushed(ConnectionManagerImpl.java:528)
	at org.datanucleus.TransactionImpl.flush(TransactionImpl.java:222)
	at org.datanucleus.ExecutionContextImpl.flushInternal(ExecutionContextImpl.java:4068)
	at org.datanucleus.ExecutionContextThreadedImpl.flushInternal(ExecutionContextThreadedImpl.java:448)
	at org.datanucleus.ExecutionContextImpl.flush(ExecutionContextImpl.java:4009)
	at org.datanucleus.ExecutionContextThreadedImpl.flush(ExecutionContextThreadedImpl.java:434)
	at org.datanucleus.api.jdo.JDOPersistenceManager.flush(JDOPersistenceManager.java:2064)
	at org.apache.hadoop.hive.metastore.ObjectStore.addNotificationEvent(ObjectStore.java:11639)
	at sun.reflect.GeneratedMethodAccessor68.invoke(Unknown Source)
	at sun.reflect.DelegatingMethodAccessorImpl.invoke(DelegatingMethodAccessorImpl.java:43)
	at java.lang.reflect.Method.invoke(Method.java:498)
	at org.apache.hadoop.hive.metastore.RawStoreProxy.invoke(RawStoreProxy.java:97)
	at com.sun.proxy.$Proxy32.addNotificationEvent(Unknown Source)
	at org.apache.hive.hcatalog.listener.DbNotificationListener.process(DbNotificationListener.java:1403)
	at org.apache.hive.hcatalog.listener.DbNotificationListener.onDropDatabase(DbNotificationListener.java:513)
	at org.apache.hadoop.hive.metastore.MetaStoreListenerNotifier$26.notify(MetaStoreListenerNotifier.java:99)
	at org.apache.hadoop.hive.metastore.MetaStoreListenerNotifier.notifyEvent(MetaStoreListenerNotifier.java:339)
	at org.apache.hadoop.hive.metastore.HMSHandler.drop_database_core(HMSHandler.java:1785)
	at org.apache.hadoop.hive.metastore.HMSHandler.drop_database(HMSHandler.java:1869)
	at sun.reflect.GeneratedMethodAccessor73.invoke(Unknown Source)
	at sun.reflect.DelegatingMethodAccessorImpl.invoke(DelegatingMethodAccessorImpl.java:43)
	at java.lang.reflect.Method.invoke(Method.java:498)
	at org.apache.hadoop.hive.metastore.RetryingHMSHandler.invokeInternal(RetryingHMSHandler.java:147)
	at org.apache.hadoop.hive.metastore.RetryingHMSHandler.invoke(RetryingHMSHandler.java:108)
	at com.sun.proxy.$Proxy34.drop_database(Unknown Source)
	at org.apache.hadoop.hive.metastore.api.ThriftHiveMetastore$Processor$drop_database.getResult(ThriftHiveMetastore.java:18285)
	at org.apache.hadoop.hive.metastore.api.ThriftHiveMetastore$Processor$drop_database.getResult(ThriftHiveMetastore.java:18264)
	at org.apache.thrift.ProcessFunction.process(ProcessFunction.java:38)
	at org.apache.hadoop.hive.metastore.TUGIBasedProcessor$1.run(TUGIBasedProcessor.java:111)
	at org.apache.hadoop.hive.metastore.TUGIBasedProcessor$1.run(TUGIBasedProcessor.java:107)
	at java.security.AccessController.doPrivileged(Native Method)
	at javax.security.auth.Subject.doAs(Subject.java:422)
	at org.apache.hadoop.security.UserGroupInformation.doAs(UserGroupInformation.java:1682)
	at org.apache.hadoop.hive.metastore.TUGIBasedProcessor.process(TUGIBasedProcessor.java:119)
	at org.apache.thrift.server.TThreadPoolServer$WorkerProcess.run(TThreadPoolServer.java:248)
	at java.util.concurrent.ThreadPoolExecutor.runWorker(ThreadPoolExecutor.java:1149)
	at java.util.concurrent.ThreadPoolExecutor$Worker.run(ThreadPoolExecutor.java:624)
	at java.lang.Thread.run(Thread.java:750)
Caused by: org.apache.derby.shared.common.error.DerbySQLIntegrityConstraintViolationException: DELETE on table 'DBS' caused a violation of foreign key constraint 'TBLS_FK1' for key (11).  The statement has been rolled back.
	at org.apache.derby.impl.jdbc.SQLExceptionFactory.getSQLException(Unknown Source)
	at org.apache.derby.impl.jdbc.Util.generateCsSQLException(Unknown Source)
	at org.apache.derby.impl.jdbc.TransactionResourceImpl.wrapInSQLException(Unknown Source)
	at org.apache.derby.impl.jdbc.TransactionResourceImpl.handleException(Unknown Source)
	at org.apache.derby.impl.jdbc.EmbedConnection.handleException(Unknown Source)
	at org.apache.derby.impl.jdbc.ConnectionChild.handleException(Unknown Source)
	at org.apache.derby.impl.jdbc.EmbedStatement.executeStatement(Unknown Source)
	at org.apache.derby.impl.jdbc.EmbedPreparedStatement.executeBatchElement(Unknown Source)
	... 47 more
Caused by: ERROR 23503: DELETE on table 'DBS' caused a violation of foreign key constraint 'TBLS_FK1' for key (11).  The statement has been rolled back.
	at org.apache.derby.iapi.error.StandardException.newException(Unknown Source)
	at org.apache.derby.iapi.error.StandardException.newException(Unknown Source)
	at org.apache.derby.impl.sql.execute.ReferencedKeyRIChecker.doCheck(Unknown Source)
	at org.apache.derby.impl.sql.execute.RISetChecker.doPKCheck(Unknown Source)
	at org.apache.derby.impl.sql.execute.DeleteResultSet.collectAffectedRows(Unknown Source)
	at org.apache.derby.impl.sql.execute.DeleteResultSet.open(Unknown Source)
	at org.apache.derby.impl.sql.GenericPreparedStatement.executeStmt(Unknown Source)
	at org.apache.derby.impl.sql.GenericPreparedStatement.execute(Unknown Source)
	... 49 more

2024-04-24T12:25:39,653  INFO [TThreadPoolServer WorkerProcess-%d] HiveMetaStore.audit: ugi=alex	ip=127.0.0.1	cmd=source:127.0.0.1 drop_database: @hive#myDb	
2024-04-24T12:25:39,655  INFO [TThreadPoolServer WorkerProcess-%d] HiveMetaStore.audit: ugi=alex	ip=127.0.0.1	cmd=source:127.0.0.1 get_all_tables: db=@hive#myDb	
2024-04-24T12:25:39,656  INFO [TThreadPoolServer WorkerProcess-%d] HiveMetaStore.audit: ugi=alex	ip=127.0.0.1	cmd=source:127.0.0.1 get_functions: db=@hive#myDb pat=*	
2024-04-24T12:25:39,658  INFO [TThreadPoolServer WorkerProcess-%d] HiveMetaStore.audit: ugi=alex	ip=127.0.0.1	cmd=source:127.0.0.1 get_all_stored_procedures	
2024-04-24T12:25:39,658  INFO [TThreadPoolServer WorkerProcess-%d] HiveMetaStore.audit: ugi=alex	ip=127.0.0.1	cmd=source:127.0.0.1 get_all_packages	
2024-04-24T12:25:39,659  INFO [TThreadPoolServer WorkerProcess-%d] HiveMetaStore.audit: ugi=alex	ip=127.0.0.1	cmd=source:127.0.0.1 getTablesByTypeCore: catName=hive: db=myDb pat=.*,type=MATERIALIZED_VIEW	
2024-04-24T12:25:39,660  INFO [TThreadPoolServer WorkerProcess-%d] metastore.ObjectStore: Dropping database hive.myDb along with all tables
2024-04-24T12:25:39,663 ERROR [TThreadPoolServer WorkerProcess-%d] metastore.RetryingHMSHandler: Retrying HMSHandler after 2000 ms (attempt 9 of 10) with error: javax.jdo.JDODataStoreException: Exception thrown flushing changes to datastore
	at org.datanucleus.api.jdo.NucleusJDOHelper.getJDOExceptionForNucleusException(NucleusJDOHelper.java:542)
	at org.datanucleus.api.jdo.JDOPersistenceManager.flush(JDOPersistenceManager.java:2081)
	at org.apache.hadoop.hive.metastore.ObjectStore.addNotificationEvent(ObjectStore.java:11639)
	at sun.reflect.GeneratedMethodAccessor68.invoke(Unknown Source)
	at sun.reflect.DelegatingMethodAccessorImpl.invoke(DelegatingMethodAccessorImpl.java:43)
	at java.lang.reflect.Method.invoke(Method.java:498)
	at org.apache.hadoop.hive.metastore.RawStoreProxy.invoke(RawStoreProxy.java:97)
	at com.sun.proxy.$Proxy32.addNotificationEvent(Unknown Source)
	at org.apache.hive.hcatalog.listener.DbNotificationListener.process(DbNotificationListener.java:1403)
	at org.apache.hive.hcatalog.listener.DbNotificationListener.onDropDatabase(DbNotificationListener.java:513)
	at org.apache.hadoop.hive.metastore.MetaStoreListenerNotifier$26.notify(MetaStoreListenerNotifier.java:99)
	at org.apache.hadoop.hive.metastore.MetaStoreListenerNotifier.notifyEvent(MetaStoreListenerNotifier.java:339)
	at org.apache.hadoop.hive.metastore.HMSHandler.drop_database_core(HMSHandler.java:1785)
	at org.apache.hadoop.hive.metastore.HMSHandler.drop_database(HMSHandler.java:1869)
	at sun.reflect.GeneratedMethodAccessor73.invoke(Unknown Source)
	at sun.reflect.DelegatingMethodAccessorImpl.invoke(DelegatingMethodAccessorImpl.java:43)
	at java.lang.reflect.Method.invoke(Method.java:498)
	at org.apache.hadoop.hive.metastore.RetryingHMSHandler.invokeInternal(RetryingHMSHandler.java:147)
	at org.apache.hadoop.hive.metastore.RetryingHMSHandler.invoke(RetryingHMSHandler.java:108)
	at com.sun.proxy.$Proxy34.drop_database(Unknown Source)
	at org.apache.hadoop.hive.metastore.api.ThriftHiveMetastore$Processor$drop_database.getResult(ThriftHiveMetastore.java:18285)
	at org.apache.hadoop.hive.metastore.api.ThriftHiveMetastore$Processor$drop_database.getResult(ThriftHiveMetastore.java:18264)
	at org.apache.thrift.ProcessFunction.process(ProcessFunction.java:38)
	at org.apache.hadoop.hive.metastore.TUGIBasedProcessor$1.run(TUGIBasedProcessor.java:111)
	at org.apache.hadoop.hive.metastore.TUGIBasedProcessor$1.run(TUGIBasedProcessor.java:107)
	at java.security.AccessController.doPrivileged(Native Method)
	at javax.security.auth.Subject.doAs(Subject.java:422)
	at org.apache.hadoop.security.UserGroupInformation.doAs(UserGroupInformation.java:1682)
	at org.apache.hadoop.hive.metastore.TUGIBasedProcessor.process(TUGIBasedProcessor.java:119)
	at org.apache.thrift.server.TThreadPoolServer$WorkerProcess.run(TThreadPoolServer.java:248)
	at java.util.concurrent.ThreadPoolExecutor.runWorker(ThreadPoolExecutor.java:1149)
	at java.util.concurrent.ThreadPoolExecutor$Worker.run(ThreadPoolExecutor.java:624)
	at java.lang.Thread.run(Thread.java:750)
NestedThrowablesStackTrace:
java.sql.BatchUpdateException: DELETE on table 'DBS' caused a violation of foreign key constraint 'TBLS_FK1' for key (11).  The statement has been rolled back.
	at org.apache.derby.impl.jdbc.EmbedStatement.executeLargeBatch(Unknown Source)
	at org.apache.derby.impl.jdbc.EmbedStatement.executeBatch(Unknown Source)
	at com.zaxxer.hikari.pool.ProxyStatement.executeBatch(ProxyStatement.java:128)
	at com.zaxxer.hikari.pool.HikariProxyPreparedStatement.executeBatch(HikariProxyPreparedStatement.java)
	at org.datanucleus.store.rdbms.ParamLoggingPreparedStatement.executeBatch(ParamLoggingPreparedStatement.java:366)
	at org.datanucleus.store.rdbms.SQLController.processConnectionStatement(SQLController.java:675)
	at org.datanucleus.store.rdbms.SQLController.processStatementsForConnection(SQLController.java:643)
	at org.datanucleus.store.rdbms.SQLController$1.transactionFlushed(SQLController.java:729)
	at org.datanucleus.store.connection.AbstractManagedConnection.transactionFlushed(AbstractManagedConnection.java:95)
	at org.datanucleus.store.connection.ConnectionManagerImpl$2.transactionFlushed(ConnectionManagerImpl.java:528)
	at org.datanucleus.TransactionImpl.flush(TransactionImpl.java:222)
	at org.datanucleus.ExecutionContextImpl.flushInternal(ExecutionContextImpl.java:4068)
	at org.datanucleus.ExecutionContextThreadedImpl.flushInternal(ExecutionContextThreadedImpl.java:448)
	at org.datanucleus.ExecutionContextImpl.flush(ExecutionContextImpl.java:4009)
	at org.datanucleus.ExecutionContextThreadedImpl.flush(ExecutionContextThreadedImpl.java:434)
	at org.datanucleus.api.jdo.JDOPersistenceManager.flush(JDOPersistenceManager.java:2064)
	at org.apache.hadoop.hive.metastore.ObjectStore.addNotificationEvent(ObjectStore.java:11639)
	at sun.reflect.GeneratedMethodAccessor68.invoke(Unknown Source)
	at sun.reflect.DelegatingMethodAccessorImpl.invoke(DelegatingMethodAccessorImpl.java:43)
	at java.lang.reflect.Method.invoke(Method.java:498)
	at org.apache.hadoop.hive.metastore.RawStoreProxy.invoke(RawStoreProxy.java:97)
	at com.sun.proxy.$Proxy32.addNotificationEvent(Unknown Source)
	at org.apache.hive.hcatalog.listener.DbNotificationListener.process(DbNotificationListener.java:1403)
	at org.apache.hive.hcatalog.listener.DbNotificationListener.onDropDatabase(DbNotificationListener.java:513)
	at org.apache.hadoop.hive.metastore.MetaStoreListenerNotifier$26.notify(MetaStoreListenerNotifier.java:99)
	at org.apache.hadoop.hive.metastore.MetaStoreListenerNotifier.notifyEvent(MetaStoreListenerNotifier.java:339)
	at org.apache.hadoop.hive.metastore.HMSHandler.drop_database_core(HMSHandler.java:1785)
	at org.apache.hadoop.hive.metastore.HMSHandler.drop_database(HMSHandler.java:1869)
	at sun.reflect.GeneratedMethodAccessor73.invoke(Unknown Source)
	at sun.reflect.DelegatingMethodAccessorImpl.invoke(DelegatingMethodAccessorImpl.java:43)
	at java.lang.reflect.Method.invoke(Method.java:498)
	at org.apache.hadoop.hive.metastore.RetryingHMSHandler.invokeInternal(RetryingHMSHandler.java:147)
	at org.apache.hadoop.hive.metastore.RetryingHMSHandler.invoke(RetryingHMSHandler.java:108)
	at com.sun.proxy.$Proxy34.drop_database(Unknown Source)
	at org.apache.hadoop.hive.metastore.api.ThriftHiveMetastore$Processor$drop_database.getResult(ThriftHiveMetastore.java:18285)
	at org.apache.hadoop.hive.metastore.api.ThriftHiveMetastore$Processor$drop_database.getResult(ThriftHiveMetastore.java:18264)
	at org.apache.thrift.ProcessFunction.process(ProcessFunction.java:38)
	at org.apache.hadoop.hive.metastore.TUGIBasedProcessor$1.run(TUGIBasedProcessor.java:111)
	at org.apache.hadoop.hive.metastore.TUGIBasedProcessor$1.run(TUGIBasedProcessor.java:107)
	at java.security.AccessController.doPrivileged(Native Method)
	at javax.security.auth.Subject.doAs(Subject.java:422)
	at org.apache.hadoop.security.UserGroupInformation.doAs(UserGroupInformation.java:1682)
	at org.apache.hadoop.hive.metastore.TUGIBasedProcessor.process(TUGIBasedProcessor.java:119)
	at org.apache.thrift.server.TThreadPoolServer$WorkerProcess.run(TThreadPoolServer.java:248)
	at java.util.concurrent.ThreadPoolExecutor.runWorker(ThreadPoolExecutor.java:1149)
	at java.util.concurrent.ThreadPoolExecutor$Worker.run(ThreadPoolExecutor.java:624)
	at java.lang.Thread.run(Thread.java:750)
Caused by: org.apache.derby.shared.common.error.DerbySQLIntegrityConstraintViolationException: DELETE on table 'DBS' caused a violation of foreign key constraint 'TBLS_FK1' for key (11).  The statement has been rolled back.
	at org.apache.derby.impl.jdbc.SQLExceptionFactory.getSQLException(Unknown Source)
	at org.apache.derby.impl.jdbc.Util.generateCsSQLException(Unknown Source)
	at org.apache.derby.impl.jdbc.TransactionResourceImpl.wrapInSQLException(Unknown Source)
	at org.apache.derby.impl.jdbc.TransactionResourceImpl.handleException(Unknown Source)
	at org.apache.derby.impl.jdbc.EmbedConnection.handleException(Unknown Source)
	at org.apache.derby.impl.jdbc.ConnectionChild.handleException(Unknown Source)
	at org.apache.derby.impl.jdbc.EmbedStatement.executeStatement(Unknown Source)
	at org.apache.derby.impl.jdbc.EmbedPreparedStatement.executeBatchElement(Unknown Source)
	... 47 more
Caused by: ERROR 23503: DELETE on table 'DBS' caused a violation of foreign key constraint 'TBLS_FK1' for key (11).  The statement has been rolled back.
	at org.apache.derby.iapi.error.StandardException.newException(Unknown Source)
	at org.apache.derby.iapi.error.StandardException.newException(Unknown Source)
	at org.apache.derby.impl.sql.execute.ReferencedKeyRIChecker.doCheck(Unknown Source)
	at org.apache.derby.impl.sql.execute.RISetChecker.doPKCheck(Unknown Source)
	at org.apache.derby.impl.sql.execute.DeleteResultSet.collectAffectedRows(Unknown Source)
	at org.apache.derby.impl.sql.execute.DeleteResultSet.open(Unknown Source)
	at org.apache.derby.impl.sql.GenericPreparedStatement.executeStmt(Unknown Source)
	at org.apache.derby.impl.sql.GenericPreparedStatement.execute(Unknown Source)
	... 49 more

2024-04-24T12:25:41,664  INFO [TThreadPoolServer WorkerProcess-%d] HiveMetaStore.audit: ugi=alex	ip=127.0.0.1	cmd=source:127.0.0.1 drop_database: @hive#myDb	
2024-04-24T12:25:41,666  INFO [TThreadPoolServer WorkerProcess-%d] HiveMetaStore.audit: ugi=alex	ip=127.0.0.1	cmd=source:127.0.0.1 get_all_tables: db=@hive#myDb	
2024-04-24T12:25:41,667  INFO [TThreadPoolServer WorkerProcess-%d] HiveMetaStore.audit: ugi=alex	ip=127.0.0.1	cmd=source:127.0.0.1 get_functions: db=@hive#myDb pat=*	
2024-04-24T12:25:41,669  INFO [TThreadPoolServer WorkerProcess-%d] HiveMetaStore.audit: ugi=alex	ip=127.0.0.1	cmd=source:127.0.0.1 get_all_stored_procedures	
2024-04-24T12:25:41,669  INFO [TThreadPoolServer WorkerProcess-%d] HiveMetaStore.audit: ugi=alex	ip=127.0.0.1	cmd=source:127.0.0.1 get_all_packages	
2024-04-24T12:25:41,670  INFO [TThreadPoolServer WorkerProcess-%d] HiveMetaStore.audit: ugi=alex	ip=127.0.0.1	cmd=source:127.0.0.1 getTablesByTypeCore: catName=hive: db=myDb pat=.*,type=MATERIALIZED_VIEW	
2024-04-24T12:25:41,671  INFO [TThreadPoolServer WorkerProcess-%d] metastore.ObjectStore: Dropping database hive.myDb along with all tables
2024-04-24T12:25:41,674 ERROR [TThreadPoolServer WorkerProcess-%d] metastore.RetryingHMSHandler: Retrying HMSHandler after 2000 ms (attempt 10 of 10) with error: javax.jdo.JDODataStoreException: Exception thrown flushing changes to datastore
	at org.datanucleus.api.jdo.NucleusJDOHelper.getJDOExceptionForNucleusException(NucleusJDOHelper.java:542)
	at org.datanucleus.api.jdo.JDOPersistenceManager.flush(JDOPersistenceManager.java:2081)
	at org.apache.hadoop.hive.metastore.ObjectStore.addNotificationEvent(ObjectStore.java:11639)
	at sun.reflect.GeneratedMethodAccessor68.invoke(Unknown Source)
	at sun.reflect.DelegatingMethodAccessorImpl.invoke(DelegatingMethodAccessorImpl.java:43)
	at java.lang.reflect.Method.invoke(Method.java:498)
	at org.apache.hadoop.hive.metastore.RawStoreProxy.invoke(RawStoreProxy.java:97)
	at com.sun.proxy.$Proxy32.addNotificationEvent(Unknown Source)
	at org.apache.hive.hcatalog.listener.DbNotificationListener.process(DbNotificationListener.java:1403)
	at org.apache.hive.hcatalog.listener.DbNotificationListener.onDropDatabase(DbNotificationListener.java:513)
	at org.apache.hadoop.hive.metastore.MetaStoreListenerNotifier$26.notify(MetaStoreListenerNotifier.java:99)
	at org.apache.hadoop.hive.metastore.MetaStoreListenerNotifier.notifyEvent(MetaStoreListenerNotifier.java:339)
	at org.apache.hadoop.hive.metastore.HMSHandler.drop_database_core(HMSHandler.java:1785)
	at org.apache.hadoop.hive.metastore.HMSHandler.drop_database(HMSHandler.java:1869)
	at sun.reflect.GeneratedMethodAccessor73.invoke(Unknown Source)
	at sun.reflect.DelegatingMethodAccessorImpl.invoke(DelegatingMethodAccessorImpl.java:43)
	at java.lang.reflect.Method.invoke(Method.java:498)
	at org.apache.hadoop.hive.metastore.RetryingHMSHandler.invokeInternal(RetryingHMSHandler.java:147)
	at org.apache.hadoop.hive.metastore.RetryingHMSHandler.invoke(RetryingHMSHandler.java:108)
	at com.sun.proxy.$Proxy34.drop_database(Unknown Source)
	at org.apache.hadoop.hive.metastore.api.ThriftHiveMetastore$Processor$drop_database.getResult(ThriftHiveMetastore.java:18285)
	at org.apache.hadoop.hive.metastore.api.ThriftHiveMetastore$Processor$drop_database.getResult(ThriftHiveMetastore.java:18264)
	at org.apache.thrift.ProcessFunction.process(ProcessFunction.java:38)
	at org.apache.hadoop.hive.metastore.TUGIBasedProcessor$1.run(TUGIBasedProcessor.java:111)
	at org.apache.hadoop.hive.metastore.TUGIBasedProcessor$1.run(TUGIBasedProcessor.java:107)
	at java.security.AccessController.doPrivileged(Native Method)
	at javax.security.auth.Subject.doAs(Subject.java:422)
	at org.apache.hadoop.security.UserGroupInformation.doAs(UserGroupInformation.java:1682)
	at org.apache.hadoop.hive.metastore.TUGIBasedProcessor.process(TUGIBasedProcessor.java:119)
	at org.apache.thrift.server.TThreadPoolServer$WorkerProcess.run(TThreadPoolServer.java:248)
	at java.util.concurrent.ThreadPoolExecutor.runWorker(ThreadPoolExecutor.java:1149)
	at java.util.concurrent.ThreadPoolExecutor$Worker.run(ThreadPoolExecutor.java:624)
	at java.lang.Thread.run(Thread.java:750)
NestedThrowablesStackTrace:
java.sql.BatchUpdateException: DELETE on table 'DBS' caused a violation of foreign key constraint 'TBLS_FK1' for key (11).  The statement has been rolled back.
	at org.apache.derby.impl.jdbc.EmbedStatement.executeLargeBatch(Unknown Source)
	at org.apache.derby.impl.jdbc.EmbedStatement.executeBatch(Unknown Source)
	at com.zaxxer.hikari.pool.ProxyStatement.executeBatch(ProxyStatement.java:128)
	at com.zaxxer.hikari.pool.HikariProxyPreparedStatement.executeBatch(HikariProxyPreparedStatement.java)
	at org.datanucleus.store.rdbms.ParamLoggingPreparedStatement.executeBatch(ParamLoggingPreparedStatement.java:366)
	at org.datanucleus.store.rdbms.SQLController.processConnectionStatement(SQLController.java:675)
	at org.datanucleus.store.rdbms.SQLController.processStatementsForConnection(SQLController.java:643)
	at org.datanucleus.store.rdbms.SQLController$1.transactionFlushed(SQLController.java:729)
	at org.datanucleus.store.connection.AbstractManagedConnection.transactionFlushed(AbstractManagedConnection.java:95)
	at org.datanucleus.store.connection.ConnectionManagerImpl$2.transactionFlushed(ConnectionManagerImpl.java:528)
	at org.datanucleus.TransactionImpl.flush(TransactionImpl.java:222)
	at org.datanucleus.ExecutionContextImpl.flushInternal(ExecutionContextImpl.java:4068)
	at org.datanucleus.ExecutionContextThreadedImpl.flushInternal(ExecutionContextThreadedImpl.java:448)
	at org.datanucleus.ExecutionContextImpl.flush(ExecutionContextImpl.java:4009)
	at org.datanucleus.ExecutionContextThreadedImpl.flush(ExecutionContextThreadedImpl.java:434)
	at org.datanucleus.api.jdo.JDOPersistenceManager.flush(JDOPersistenceManager.java:2064)
	at org.apache.hadoop.hive.metastore.ObjectStore.addNotificationEvent(ObjectStore.java:11639)
	at sun.reflect.GeneratedMethodAccessor68.invoke(Unknown Source)
	at sun.reflect.DelegatingMethodAccessorImpl.invoke(DelegatingMethodAccessorImpl.java:43)
	at java.lang.reflect.Method.invoke(Method.java:498)
	at org.apache.hadoop.hive.metastore.RawStoreProxy.invoke(RawStoreProxy.java:97)
	at com.sun.proxy.$Proxy32.addNotificationEvent(Unknown Source)
	at org.apache.hive.hcatalog.listener.DbNotificationListener.process(DbNotificationListener.java:1403)
	at org.apache.hive.hcatalog.listener.DbNotificationListener.onDropDatabase(DbNotificationListener.java:513)
	at org.apache.hadoop.hive.metastore.MetaStoreListenerNotifier$26.notify(MetaStoreListenerNotifier.java:99)
	at org.apache.hadoop.hive.metastore.MetaStoreListenerNotifier.notifyEvent(MetaStoreListenerNotifier.java:339)
	at org.apache.hadoop.hive.metastore.HMSHandler.drop_database_core(HMSHandler.java:1785)
	at org.apache.hadoop.hive.metastore.HMSHandler.drop_database(HMSHandler.java:1869)
	at sun.reflect.GeneratedMethodAccessor73.invoke(Unknown Source)
	at sun.reflect.DelegatingMethodAccessorImpl.invoke(DelegatingMethodAccessorImpl.java:43)
	at java.lang.reflect.Method.invoke(Method.java:498)
	at org.apache.hadoop.hive.metastore.RetryingHMSHandler.invokeInternal(RetryingHMSHandler.java:147)
	at org.apache.hadoop.hive.metastore.RetryingHMSHandler.invoke(RetryingHMSHandler.java:108)
	at com.sun.proxy.$Proxy34.drop_database(Unknown Source)
	at org.apache.hadoop.hive.metastore.api.ThriftHiveMetastore$Processor$drop_database.getResult(ThriftHiveMetastore.java:18285)
	at org.apache.hadoop.hive.metastore.api.ThriftHiveMetastore$Processor$drop_database.getResult(ThriftHiveMetastore.java:18264)
	at org.apache.thrift.ProcessFunction.process(ProcessFunction.java:38)
	at org.apache.hadoop.hive.metastore.TUGIBasedProcessor$1.run(TUGIBasedProcessor.java:111)
	at org.apache.hadoop.hive.metastore.TUGIBasedProcessor$1.run(TUGIBasedProcessor.java:107)
	at java.security.AccessController.doPrivileged(Native Method)
	at javax.security.auth.Subject.doAs(Subject.java:422)
	at org.apache.hadoop.security.UserGroupInformation.doAs(UserGroupInformation.java:1682)
	at org.apache.hadoop.hive.metastore.TUGIBasedProcessor.process(TUGIBasedProcessor.java:119)
	at org.apache.thrift.server.TThreadPoolServer$WorkerProcess.run(TThreadPoolServer.java:248)
	at java.util.concurrent.ThreadPoolExecutor.runWorker(ThreadPoolExecutor.java:1149)
	at java.util.concurrent.ThreadPoolExecutor$Worker.run(ThreadPoolExecutor.java:624)
	at java.lang.Thread.run(Thread.java:750)
Caused by: org.apache.derby.shared.common.error.DerbySQLIntegrityConstraintViolationException: DELETE on table 'DBS' caused a violation of foreign key constraint 'TBLS_FK1' for key (11).  The statement has been rolled back.
	at org.apache.derby.impl.jdbc.SQLExceptionFactory.getSQLException(Unknown Source)
	at org.apache.derby.impl.jdbc.Util.generateCsSQLException(Unknown Source)
	at org.apache.derby.impl.jdbc.TransactionResourceImpl.wrapInSQLException(Unknown Source)
	at org.apache.derby.impl.jdbc.TransactionResourceImpl.handleException(Unknown Source)
	at org.apache.derby.impl.jdbc.EmbedConnection.handleException(Unknown Source)
	at org.apache.derby.impl.jdbc.ConnectionChild.handleException(Unknown Source)
	at org.apache.derby.impl.jdbc.EmbedStatement.executeStatement(Unknown Source)
	at org.apache.derby.impl.jdbc.EmbedPreparedStatement.executeBatchElement(Unknown Source)
	... 47 more
Caused by: ERROR 23503: DELETE on table 'DBS' caused a violation of foreign key constraint 'TBLS_FK1' for key (11).  The statement has been rolled back.
	at org.apache.derby.iapi.error.StandardException.newException(Unknown Source)
	at org.apache.derby.iapi.error.StandardException.newException(Unknown Source)
	at org.apache.derby.impl.sql.execute.ReferencedKeyRIChecker.doCheck(Unknown Source)
	at org.apache.derby.impl.sql.execute.RISetChecker.doPKCheck(Unknown Source)
	at org.apache.derby.impl.sql.execute.DeleteResultSet.collectAffectedRows(Unknown Source)
	at org.apache.derby.impl.sql.execute.DeleteResultSet.open(Unknown Source)
	at org.apache.derby.impl.sql.GenericPreparedStatement.executeStmt(Unknown Source)
	at org.apache.derby.impl.sql.GenericPreparedStatement.execute(Unknown Source)
	... 49 more

2024-04-24T12:25:43,675  INFO [TThreadPoolServer WorkerProcess-%d] HiveMetaStore.audit: ugi=alex	ip=127.0.0.1	cmd=source:127.0.0.1 drop_database: @hive#myDb	
2024-04-24T12:25:43,677  INFO [TThreadPoolServer WorkerProcess-%d] HiveMetaStore.audit: ugi=alex	ip=127.0.0.1	cmd=source:127.0.0.1 get_all_tables: db=@hive#myDb	
2024-04-24T12:25:43,678  INFO [TThreadPoolServer WorkerProcess-%d] HiveMetaStore.audit: ugi=alex	ip=127.0.0.1	cmd=source:127.0.0.1 get_functions: db=@hive#myDb pat=*	
2024-04-24T12:25:43,681  INFO [TThreadPoolServer WorkerProcess-%d] HiveMetaStore.audit: ugi=alex	ip=127.0.0.1	cmd=source:127.0.0.1 get_all_stored_procedures	
2024-04-24T12:25:43,683  INFO [TThreadPoolServer WorkerProcess-%d] HiveMetaStore.audit: ugi=alex	ip=127.0.0.1	cmd=source:127.0.0.1 get_all_packages	
2024-04-24T12:25:43,685  INFO [TThreadPoolServer WorkerProcess-%d] HiveMetaStore.audit: ugi=alex	ip=127.0.0.1	cmd=source:127.0.0.1 getTablesByTypeCore: catName=hive: db=myDb pat=.*,type=MATERIALIZED_VIEW	
2024-04-24T12:25:43,690  INFO [TThreadPoolServer WorkerProcess-%d] metastore.ObjectStore: Dropping database hive.myDb along with all tables
2024-04-24T12:25:43,699 ERROR [TThreadPoolServer WorkerProcess-%d] metastore.RetryingHMSHandler: HMSHandler Fatal error: javax.jdo.JDODataStoreException: Exception thrown flushing changes to datastore
	at org.datanucleus.api.jdo.NucleusJDOHelper.getJDOExceptionForNucleusException(NucleusJDOHelper.java:542)
	at org.datanucleus.api.jdo.JDOPersistenceManager.flush(JDOPersistenceManager.java:2081)
	at org.apache.hadoop.hive.metastore.ObjectStore.addNotificationEvent(ObjectStore.java:11639)
	at sun.reflect.GeneratedMethodAccessor68.invoke(Unknown Source)
	at sun.reflect.DelegatingMethodAccessorImpl.invoke(DelegatingMethodAccessorImpl.java:43)
	at java.lang.reflect.Method.invoke(Method.java:498)
	at org.apache.hadoop.hive.metastore.RawStoreProxy.invoke(RawStoreProxy.java:97)
	at com.sun.proxy.$Proxy32.addNotificationEvent(Unknown Source)
	at org.apache.hive.hcatalog.listener.DbNotificationListener.process(DbNotificationListener.java:1403)
	at org.apache.hive.hcatalog.listener.DbNotificationListener.onDropDatabase(DbNotificationListener.java:513)
	at org.apache.hadoop.hive.metastore.MetaStoreListenerNotifier$26.notify(MetaStoreListenerNotifier.java:99)
	at org.apache.hadoop.hive.metastore.MetaStoreListenerNotifier.notifyEvent(MetaStoreListenerNotifier.java:339)
	at org.apache.hadoop.hive.metastore.HMSHandler.drop_database_core(HMSHandler.java:1785)
	at org.apache.hadoop.hive.metastore.HMSHandler.drop_database(HMSHandler.java:1869)
	at sun.reflect.GeneratedMethodAccessor73.invoke(Unknown Source)
	at sun.reflect.DelegatingMethodAccessorImpl.invoke(DelegatingMethodAccessorImpl.java:43)
	at java.lang.reflect.Method.invoke(Method.java:498)
	at org.apache.hadoop.hive.metastore.RetryingHMSHandler.invokeInternal(RetryingHMSHandler.java:147)
	at org.apache.hadoop.hive.metastore.RetryingHMSHandler.invoke(RetryingHMSHandler.java:108)
	at com.sun.proxy.$Proxy34.drop_database(Unknown Source)
	at org.apache.hadoop.hive.metastore.api.ThriftHiveMetastore$Processor$drop_database.getResult(ThriftHiveMetastore.java:18285)
	at org.apache.hadoop.hive.metastore.api.ThriftHiveMetastore$Processor$drop_database.getResult(ThriftHiveMetastore.java:18264)
	at org.apache.thrift.ProcessFunction.process(ProcessFunction.java:38)
	at org.apache.hadoop.hive.metastore.TUGIBasedProcessor$1.run(TUGIBasedProcessor.java:111)
	at org.apache.hadoop.hive.metastore.TUGIBasedProcessor$1.run(TUGIBasedProcessor.java:107)
	at java.security.AccessController.doPrivileged(Native Method)
	at javax.security.auth.Subject.doAs(Subject.java:422)
	at org.apache.hadoop.security.UserGroupInformation.doAs(UserGroupInformation.java:1682)
	at org.apache.hadoop.hive.metastore.TUGIBasedProcessor.process(TUGIBasedProcessor.java:119)
	at org.apache.thrift.server.TThreadPoolServer$WorkerProcess.run(TThreadPoolServer.java:248)
	at java.util.concurrent.ThreadPoolExecutor.runWorker(ThreadPoolExecutor.java:1149)
	at java.util.concurrent.ThreadPoolExecutor$Worker.run(ThreadPoolExecutor.java:624)
	at java.lang.Thread.run(Thread.java:750)
NestedThrowablesStackTrace:
java.sql.BatchUpdateException: DELETE on table 'DBS' caused a violation of foreign key constraint 'TBLS_FK1' for key (11).  The statement has been rolled back.
	at org.apache.derby.impl.jdbc.EmbedStatement.executeLargeBatch(Unknown Source)
	at org.apache.derby.impl.jdbc.EmbedStatement.executeBatch(Unknown Source)
	at com.zaxxer.hikari.pool.ProxyStatement.executeBatch(ProxyStatement.java:128)
	at com.zaxxer.hikari.pool.HikariProxyPreparedStatement.executeBatch(HikariProxyPreparedStatement.java)
	at org.datanucleus.store.rdbms.ParamLoggingPreparedStatement.executeBatch(ParamLoggingPreparedStatement.java:366)
	at org.datanucleus.store.rdbms.SQLController.processConnectionStatement(SQLController.java:675)
	at org.datanucleus.store.rdbms.SQLController.processStatementsForConnection(SQLController.java:643)
	at org.datanucleus.store.rdbms.SQLController$1.transactionFlushed(SQLController.java:729)
	at org.datanucleus.store.connection.AbstractManagedConnection.transactionFlushed(AbstractManagedConnection.java:95)
	at org.datanucleus.store.connection.ConnectionManagerImpl$2.transactionFlushed(ConnectionManagerImpl.java:528)
	at org.datanucleus.TransactionImpl.flush(TransactionImpl.java:222)
	at org.datanucleus.ExecutionContextImpl.flushInternal(ExecutionContextImpl.java:4068)
	at org.datanucleus.ExecutionContextThreadedImpl.flushInternal(ExecutionContextThreadedImpl.java:448)
	at org.datanucleus.ExecutionContextImpl.flush(ExecutionContextImpl.java:4009)
	at org.datanucleus.ExecutionContextThreadedImpl.flush(ExecutionContextThreadedImpl.java:434)
	at org.datanucleus.api.jdo.JDOPersistenceManager.flush(JDOPersistenceManager.java:2064)
	at org.apache.hadoop.hive.metastore.ObjectStore.addNotificationEvent(ObjectStore.java:11639)
	at sun.reflect.GeneratedMethodAccessor68.invoke(Unknown Source)
	at sun.reflect.DelegatingMethodAccessorImpl.invoke(DelegatingMethodAccessorImpl.java:43)
	at java.lang.reflect.Method.invoke(Method.java:498)
	at org.apache.hadoop.hive.metastore.RawStoreProxy.invoke(RawStoreProxy.java:97)
	at com.sun.proxy.$Proxy32.addNotificationEvent(Unknown Source)
	at org.apache.hive.hcatalog.listener.DbNotificationListener.process(DbNotificationListener.java:1403)
	at org.apache.hive.hcatalog.listener.DbNotificationListener.onDropDatabase(DbNotificationListener.java:513)
	at org.apache.hadoop.hive.metastore.MetaStoreListenerNotifier$26.notify(MetaStoreListenerNotifier.java:99)
	at org.apache.hadoop.hive.metastore.MetaStoreListenerNotifier.notifyEvent(MetaStoreListenerNotifier.java:339)
	at org.apache.hadoop.hive.metastore.HMSHandler.drop_database_core(HMSHandler.java:1785)
	at org.apache.hadoop.hive.metastore.HMSHandler.drop_database(HMSHandler.java:1869)
	at sun.reflect.GeneratedMethodAccessor73.invoke(Unknown Source)
	at sun.reflect.DelegatingMethodAccessorImpl.invoke(DelegatingMethodAccessorImpl.java:43)
	at java.lang.reflect.Method.invoke(Method.java:498)
	at org.apache.hadoop.hive.metastore.RetryingHMSHandler.invokeInternal(RetryingHMSHandler.java:147)
	at org.apache.hadoop.hive.metastore.RetryingHMSHandler.invoke(RetryingHMSHandler.java:108)
	at com.sun.proxy.$Proxy34.drop_database(Unknown Source)
	at org.apache.hadoop.hive.metastore.api.ThriftHiveMetastore$Processor$drop_database.getResult(ThriftHiveMetastore.java:18285)
	at org.apache.hadoop.hive.metastore.api.ThriftHiveMetastore$Processor$drop_database.getResult(ThriftHiveMetastore.java:18264)
	at org.apache.thrift.ProcessFunction.process(ProcessFunction.java:38)
	at org.apache.hadoop.hive.metastore.TUGIBasedProcessor$1.run(TUGIBasedProcessor.java:111)
	at org.apache.hadoop.hive.metastore.TUGIBasedProcessor$1.run(TUGIBasedProcessor.java:107)
	at java.security.AccessController.doPrivileged(Native Method)
	at javax.security.auth.Subject.doAs(Subject.java:422)
	at org.apache.hadoop.security.UserGroupInformation.doAs(UserGroupInformation.java:1682)
	at org.apache.hadoop.hive.metastore.TUGIBasedProcessor.process(TUGIBasedProcessor.java:119)
	at org.apache.thrift.server.TThreadPoolServer$WorkerProcess.run(TThreadPoolServer.java:248)
	at java.util.concurrent.ThreadPoolExecutor.runWorker(ThreadPoolExecutor.java:1149)
	at java.util.concurrent.ThreadPoolExecutor$Worker.run(ThreadPoolExecutor.java:624)
	at java.lang.Thread.run(Thread.java:750)
Caused by: org.apache.derby.shared.common.error.DerbySQLIntegrityConstraintViolationException: DELETE on table 'DBS' caused a violation of foreign key constraint 'TBLS_FK1' for key (11).  The statement has been rolled back.
	at org.apache.derby.impl.jdbc.SQLExceptionFactory.getSQLException(Unknown Source)
	at org.apache.derby.impl.jdbc.Util.generateCsSQLException(Unknown Source)
	at org.apache.derby.impl.jdbc.TransactionResourceImpl.wrapInSQLException(Unknown Source)
	at org.apache.derby.impl.jdbc.TransactionResourceImpl.handleException(Unknown Source)
	at org.apache.derby.impl.jdbc.EmbedConnection.handleException(Unknown Source)
	at org.apache.derby.impl.jdbc.ConnectionChild.handleException(Unknown Source)
	at org.apache.derby.impl.jdbc.EmbedStatement.executeStatement(Unknown Source)
	at org.apache.derby.impl.jdbc.EmbedPreparedStatement.executeBatchElement(Unknown Source)
	... 47 more
Caused by: ERROR 23503: DELETE on table 'DBS' caused a violation of foreign key constraint 'TBLS_FK1' for key (11).  The statement has been rolled back.
	at org.apache.derby.iapi.error.StandardException.newException(Unknown Source)
	at org.apache.derby.iapi.error.StandardException.newException(Unknown Source)
	at org.apache.derby.impl.sql.execute.ReferencedKeyRIChecker.doCheck(Unknown Source)
	at org.apache.derby.impl.sql.execute.RISetChecker.doPKCheck(Unknown Source)
	at org.apache.derby.impl.sql.execute.DeleteResultSet.collectAffectedRows(Unknown Source)
	at org.apache.derby.impl.sql.execute.DeleteResultSet.open(Unknown Source)
	at org.apache.derby.impl.sql.GenericPreparedStatement.executeStmt(Unknown Source)
	at org.apache.derby.impl.sql.GenericPreparedStatement.execute(Unknown Source)
	... 49 more

2024-04-24T12:25:43,700 ERROR [main] api.TestHCatClient: Unexpected exception! 
org.apache.hive.hcatalog.common.HCatException: org.apache.hive.hcatalog.common.HCatException : 9001 : Exception occurred while processing HCat request : MetaException while dropping db.. Cause : MetaException(message:javax.jdo.JDODataStoreException: Exception thrown flushing changes to datastore
NestedThrowables:
java.sql.BatchUpdateException: DELETE on table 'DBS' caused a violation of foreign key constraint 'TBLS_FK1' for key (11).  The statement has been rolled back.)
	at org.apache.hive.hcatalog.api.HCatClientHMSImpl.dropDatabase(HCatClientHMSImpl.java:164) ~[classes/:?]
	at org.apache.hive.hcatalog.api.TestHCatClient.testPartitionSpecRegistrationWithCustomSchema(TestHCatClient.java:1238) [test-classes/:?]
	at sun.reflect.NativeMethodAccessorImpl.invoke0(Native Method) ~[?:1.8.0_402]
	at sun.reflect.NativeMethodAccessorImpl.invoke(NativeMethodAccessorImpl.java:62) ~[?:1.8.0_402]
	at sun.reflect.DelegatingMethodAccessorImpl.invoke(DelegatingMethodAccessorImpl.java:43) ~[?:1.8.0_402]
	at java.lang.reflect.Method.invoke(Method.java:498) ~[?:1.8.0_402]
	at org.junit.runners.model.FrameworkMethod$1.runReflectiveCall(FrameworkMethod.java:59) [junit-4.13.jar:4.13]
	at org.junit.internal.runners.model.ReflectiveCallable.run(ReflectiveCallable.java:12) [junit-4.13.jar:4.13]
	at org.junit.runners.model.FrameworkMethod.invokeExplosively(FrameworkMethod.java:56) [junit-4.13.jar:4.13]
	at org.junit.internal.runners.statements.InvokeMethod.evaluate(InvokeMethod.java:17) [junit-4.13.jar:4.13]
	at org.junit.runners.ParentRunner$3.evaluate(ParentRunner.java:306) [junit-4.13.jar:4.13]
	at org.junit.runners.BlockJUnit4ClassRunner$1.evaluate(BlockJUnit4ClassRunner.java:100) [junit-4.13.jar:4.13]
	at org.junit.runners.ParentRunner.runLeaf(ParentRunner.java:366) [junit-4.13.jar:4.13]
	at org.junit.runners.BlockJUnit4ClassRunner.runChild(BlockJUnit4ClassRunner.java:103) [junit-4.13.jar:4.13]
	at org.junit.runners.BlockJUnit4ClassRunner.runChild(BlockJUnit4ClassRunner.java:63) [junit-4.13.jar:4.13]
	at org.junit.runners.ParentRunner$4.run(ParentRunner.java:331) [junit-4.13.jar:4.13]
	at org.junit.runners.ParentRunner$1.schedule(ParentRunner.java:79) [junit-4.13.jar:4.13]
	at org.junit.runners.ParentRunner.runChildren(ParentRunner.java:329) [junit-4.13.jar:4.13]
	at org.junit.runners.ParentRunner.access$100(ParentRunner.java:66) [junit-4.13.jar:4.13]
	at org.junit.runners.ParentRunner$2.evaluate(ParentRunner.java:293) [junit-4.13.jar:4.13]
	at org.junit.internal.runners.statements.RunBefores.evaluate(RunBefores.java:26) [junit-4.13.jar:4.13]
	at org.junit.internal.runners.statements.RunAfters.evaluate(RunAfters.java:27) [junit-4.13.jar:4.13]
	at org.junit.runners.ParentRunner$3.evaluate(ParentRunner.java:306) [junit-4.13.jar:4.13]
	at org.junit.runners.ParentRunner.run(ParentRunner.java:413) [junit-4.13.jar:4.13]
	at org.junit.runners.Suite.runChild(Suite.java:128) [junit-4.13.jar:4.13]
	at org.junit.runners.Suite.runChild(Suite.java:27) [junit-4.13.jar:4.13]
	at org.junit.runners.ParentRunner$4.run(ParentRunner.java:331) [junit-4.13.jar:4.13]
	at org.junit.runners.ParentRunner$1.schedule(ParentRunner.java:79) [junit-4.13.jar:4.13]
	at org.junit.runners.ParentRunner.runChildren(ParentRunner.java:329) [junit-4.13.jar:4.13]
	at org.junit.runners.ParentRunner.access$100(ParentRunner.java:66) [junit-4.13.jar:4.13]
	at org.junit.runners.ParentRunner$2.evaluate(ParentRunner.java:293) [junit-4.13.jar:4.13]
	at org.junit.runners.ParentRunner$3.evaluate(ParentRunner.java:306) [junit-4.13.jar:4.13]
	at org.junit.runners.ParentRunner.run(ParentRunner.java:413) [junit-4.13.jar:4.13]
	at org.apache.maven.surefire.junitcore.JUnitCore.run(JUnitCore.java:55) [surefire-junit47-3.0.0-M4.jar:3.0.0-M4]
	at org.apache.maven.surefire.junitcore.JUnitCoreWrapper.createRequestAndRun(JUnitCoreWrapper.java:137) [surefire-junit47-3.0.0-M4.jar:3.0.0-M4]
	at org.apache.maven.surefire.junitcore.JUnitCoreWrapper.executeEager(JUnitCoreWrapper.java:107) [surefire-junit47-3.0.0-M4.jar:3.0.0-M4]
	at org.apache.maven.surefire.junitcore.JUnitCoreWrapper.execute(JUnitCoreWrapper.java:83) [surefire-junit47-3.0.0-M4.jar:3.0.0-M4]
	at org.apache.maven.surefire.junitcore.JUnitCoreWrapper.execute(JUnitCoreWrapper.java:75) [surefire-junit47-3.0.0-M4.jar:3.0.0-M4]
	at org.apache.maven.surefire.junitcore.JUnitCoreProvider.invoke(JUnitCoreProvider.java:158) [surefire-junit47-3.0.0-M4.jar:3.0.0-M4]
	at org.apache.maven.surefire.booter.ForkedBooter.runSuitesInProcess(ForkedBooter.java:377) [surefire-booter-3.0.0-M4.jar:3.0.0-M4]
	at org.apache.maven.surefire.booter.ForkedBooter.execute(ForkedBooter.java:138) [surefire-booter-3.0.0-M4.jar:3.0.0-M4]
	at org.apache.maven.surefire.booter.ForkedBooter.run(ForkedBooter.java:465) [surefire-booter-3.0.0-M4.jar:3.0.0-M4]
	at org.apache.maven.surefire.booter.ForkedBooter.main(ForkedBooter.java:451) [surefire-booter-3.0.0-M4.jar:3.0.0-M4]
Caused by: org.apache.hadoop.hive.metastore.api.MetaException: javax.jdo.JDODataStoreException: Exception thrown flushing changes to datastore
NestedThrowables:
java.sql.BatchUpdateException: DELETE on table 'DBS' caused a violation of foreign key constraint 'TBLS_FK1' for key (11).  The statement has been rolled back.
	at org.apache.hadoop.hive.metastore.api.ThriftHiveMetastore$drop_database_result$drop_database_resultStandardScheme.read(ThriftHiveMetastore.java:54495) ~[classes/:?]
	at org.apache.hadoop.hive.metastore.api.ThriftHiveMetastore$drop_database_result$drop_database_resultStandardScheme.read(ThriftHiveMetastore.java:54463) ~[classes/:?]
	at org.apache.hadoop.hive.metastore.api.ThriftHiveMetastore$drop_database_result.read(ThriftHiveMetastore.java:54397) ~[classes/:?]
	at org.apache.thrift.TServiceClient.receiveBase(TServiceClient.java:88) ~[libthrift-0.14.1.jar:0.14.1]
	at org.apache.hadoop.hive.metastore.api.ThriftHiveMetastore$Client.recv_drop_database(ThriftHiveMetastore.java:1404) ~[classes/:?]
	at org.apache.hadoop.hive.metastore.api.ThriftHiveMetastore$Client.drop_database(ThriftHiveMetastore.java:1389) ~[classes/:?]
	at org.apache.hadoop.hive.metastore.HiveMetaStoreClient.dropDatabaseCascadePerDb(HiveMetaStoreClient.java:1601) ~[classes/:?]
	at org.apache.hadoop.hive.metastore.HiveMetaStoreClient.dropDatabase(HiveMetaStoreClient.java:1532) ~[classes/:?]
	at org.apache.hadoop.hive.metastore.HiveMetaStoreClient.dropDatabase(HiveMetaStoreClient.java:1485) ~[classes/:?]
	at sun.reflect.NativeMethodAccessorImpl.invoke0(Native Method) ~[?:1.8.0_402]
	at sun.reflect.NativeMethodAccessorImpl.invoke(NativeMethodAccessorImpl.java:62) ~[?:1.8.0_402]
	at sun.reflect.DelegatingMethodAccessorImpl.invoke(DelegatingMethodAccessorImpl.java:43) ~[?:1.8.0_402]
	at java.lang.reflect.Method.invoke(Method.java:498) ~[?:1.8.0_402]
	at org.apache.hadoop.hive.metastore.RetryingMetaStoreClient.invoke(RetryingMetaStoreClient.java:214) ~[classes/:?]
	at com.sun.proxy.$Proxy35.dropDatabase(Unknown Source) ~[?:?]
	at org.apache.hive.hcatalog.api.HCatClientHMSImpl.dropDatabase(HCatClientHMSImpl.java:154) ~[classes/:?]
	... 42 more
]]></system-err>
  </testcase>
  <testcase name="testUpdateTableSchema" classname="org.apache.hive.hcatalog.api.TestHCatClient" time="4.316"/>
  <testcase name="testGetMessageBusTopicName" classname="org.apache.hive.hcatalog.api.TestHCatClient" time="27.431"/>
  <testcase name="testPartitionRegistrationWithCustomSchema" classname="org.apache.hive.hcatalog.api.TestHCatClient" time="72.221">
    <failure message="Unexpected exception! org.apache.hive.hcatalog.common.HCatException : 9001 : Exception occurred while processing HCat request : MetaException while dropping db.. Cause : MetaException(message:javax.jdo.JDODataStoreException: Exception thrown flushing changes to datastore&#10;NestedThrowables:&#10;java.sql.BatchUpdateException: DELETE on table &apos;DBS&apos; caused a violation of foreign key constraint &apos;TBLS_FK1&apos; for key (11).  The statement has been rolled back.)" type="java.lang.AssertionError"><![CDATA[java.lang.AssertionError: 
Unexpected exception! org.apache.hive.hcatalog.common.HCatException : 9001 : Exception occurred while processing HCat request : MetaException while dropping db.. Cause : MetaException(message:javax.jdo.JDODataStoreException: Exception thrown flushing changes to datastore
NestedThrowables:
java.sql.BatchUpdateException: DELETE on table 'DBS' caused a violation of foreign key constraint 'TBLS_FK1' for key (11).  The statement has been rolled back.)
	at org.junit.Assert.fail(Assert.java:89)
	at org.junit.Assert.assertTrue(Assert.java:42)
	at org.apache.hive.hcatalog.api.TestHCatClient.testPartitionRegistrationWithCustomSchema(TestHCatClient.java:1212)
	at sun.reflect.NativeMethodAccessorImpl.invoke0(Native Method)
	at sun.reflect.NativeMethodAccessorImpl.invoke(NativeMethodAccessorImpl.java:62)
	at sun.reflect.DelegatingMethodAccessorImpl.invoke(DelegatingMethodAccessorImpl.java:43)
	at java.lang.reflect.Method.invoke(Method.java:498)
	at org.junit.runners.model.FrameworkMethod$1.runReflectiveCall(FrameworkMethod.java:59)
	at org.junit.internal.runners.model.ReflectiveCallable.run(ReflectiveCallable.java:12)
	at org.junit.runners.model.FrameworkMethod.invokeExplosively(FrameworkMethod.java:56)
	at org.junit.internal.runners.statements.InvokeMethod.evaluate(InvokeMethod.java:17)
	at org.junit.runners.ParentRunner$3.evaluate(ParentRunner.java:306)
	at org.junit.runners.BlockJUnit4ClassRunner$1.evaluate(BlockJUnit4ClassRunner.java:100)
	at org.junit.runners.ParentRunner.runLeaf(ParentRunner.java:366)
	at org.junit.runners.BlockJUnit4ClassRunner.runChild(BlockJUnit4ClassRunner.java:103)
	at org.junit.runners.BlockJUnit4ClassRunner.runChild(BlockJUnit4ClassRunner.java:63)
	at org.junit.runners.ParentRunner$4.run(ParentRunner.java:331)
	at org.junit.runners.ParentRunner$1.schedule(ParentRunner.java:79)
	at org.junit.runners.ParentRunner.runChildren(ParentRunner.java:329)
	at org.junit.runners.ParentRunner.access$100(ParentRunner.java:66)
	at org.junit.runners.ParentRunner$2.evaluate(ParentRunner.java:293)
	at org.junit.internal.runners.statements.RunBefores.evaluate(RunBefores.java:26)
	at org.junit.internal.runners.statements.RunAfters.evaluate(RunAfters.java:27)
	at org.junit.runners.ParentRunner$3.evaluate(ParentRunner.java:306)
	at org.junit.runners.ParentRunner.run(ParentRunner.java:413)
	at org.junit.runners.Suite.runChild(Suite.java:128)
	at org.junit.runners.Suite.runChild(Suite.java:27)
	at org.junit.runners.ParentRunner$4.run(ParentRunner.java:331)
	at org.junit.runners.ParentRunner$1.schedule(ParentRunner.java:79)
	at org.junit.runners.ParentRunner.runChildren(ParentRunner.java:329)
	at org.junit.runners.ParentRunner.access$100(ParentRunner.java:66)
	at org.junit.runners.ParentRunner$2.evaluate(ParentRunner.java:293)
	at org.junit.runners.ParentRunner$3.evaluate(ParentRunner.java:306)
	at org.junit.runners.ParentRunner.run(ParentRunner.java:413)
	at org.apache.maven.surefire.junitcore.JUnitCore.run(JUnitCore.java:55)
	at org.apache.maven.surefire.junitcore.JUnitCoreWrapper.createRequestAndRun(JUnitCoreWrapper.java:137)
	at org.apache.maven.surefire.junitcore.JUnitCoreWrapper.executeEager(JUnitCoreWrapper.java:107)
	at org.apache.maven.surefire.junitcore.JUnitCoreWrapper.execute(JUnitCoreWrapper.java:83)
	at org.apache.maven.surefire.junitcore.JUnitCoreWrapper.execute(JUnitCoreWrapper.java:75)
	at org.apache.maven.surefire.junitcore.JUnitCoreProvider.invoke(JUnitCoreProvider.java:158)
	at org.apache.maven.surefire.booter.ForkedBooter.runSuitesInProcess(ForkedBooter.java:377)
	at org.apache.maven.surefire.booter.ForkedBooter.execute(ForkedBooter.java:138)
	at org.apache.maven.surefire.booter.ForkedBooter.run(ForkedBooter.java:465)
	at org.apache.maven.surefire.booter.ForkedBooter.main(ForkedBooter.java:451)
]]></failure>
    <system-err><![CDATA[2024-04-24T12:26:15,498  WARN [main] conf.HiveConf: HiveConf of name hive.metastore.client.cache.maxSize does not exist
2024-04-24T12:26:15,498  WARN [main] conf.HiveConf: HiveConf of name hive.metastore.client.cache.recordStats does not exist
2024-04-24T12:26:15,498  WARN [main] conf.HiveConf: HiveConf of name hive.stats.key.prefix.reserve.length does not exist
2024-04-24T12:26:15,498  WARN [main] conf.HiveConf: HiveConf of name hive.llap.io.cache.orc.size does not exist
2024-04-24T12:26:15,498  WARN [main] conf.HiveConf: HiveConf of name hive.dummyparam.test.server.specific.config.metastoresite does not exist
2024-04-24T12:26:15,498  WARN [main] conf.HiveConf: HiveConf of name hive.llap.io.cache.orc.arena.size does not exist
2024-04-24T12:26:15,498  WARN [main] conf.HiveConf: HiveConf of name hive.llap.io.cache.orc.alloc.min does not exist
2024-04-24T12:26:15,498  WARN [main] conf.HiveConf: HiveConf of name hive.dummyparam.test.server.specific.config.override does not exist
2024-04-24T12:26:15,498  WARN [main] conf.HiveConf: HiveConf of name hive.dummyparam.test.server.specific.config.hivesite does not exist
2024-04-24T12:26:15,498  WARN [main] conf.HiveConf: HiveConf of name hive.metastore.metadb.dir does not exist
2024-04-24T12:26:15,498  WARN [main] conf.HiveConf: HiveConf of name hive.llap.io.cache.orc.alloc.max does not exist
2024-04-24T12:26:15,498  INFO [main] common.HCatUtil: mapreduce.lib.hcatoutput.hive.conf not set. Generating configuration differences.
2024-04-24T12:26:15,500  INFO [main] common.HCatUtil: Configuration differences={datanucleus.schema.autoCreateAll=true, hive.exec.scratchdir=${test.tmp.dir}/scratchdir, hive.strict.timestamp.conversion=false, datanucleus.connectionPool.maxPoolSize=4, hive.ignore.mapjoin.hint=false, hive.query.reexecution.stats.persist.scope=query, hive.users.in.admin.role=hive_admin_user, hive.cbo.fallback.strategy=TEST, hive.metastore.warehouse.dir=${test.warehouse.dir}, hive.server2.operation.log.purgePolicy.timeToLive=5s, hive.llap.io.allocator.direct=false, hive.default.rcfile.serde=org.apache.hadoop.hive.serde2.columnar.ColumnarSerDe, javax.jdo.option.ConnectionURL=jdbc:derby:memory:${test.tmp.dir}/junit_metastore_db;create=true, hive.test.dummystats.aggregator=value2, hive.scheduled.queries.executor.enabled=false, hive.querylog.location=${test.tmp.dir}/tmp, hive.exec.local.scratchdir=${test.tmp.dir}/localscratchdir/, hive.jar.path=${maven.local.repository}/org/apache/hive/hive-exec/${hive.version}/hive-exec-${hive.version}.jar, hive.fetch.task.conversion=minimal, hive.security.authorization.manager=org.apache.hadoop.hive.ql.security.authorization.plugin.sqlstd.SQLStdHiveAuthorizerFactoryForTest, hive.mapjoin.max.gc.time.percentage=0.99, hive.in.test=true, hive.stats.fetch.bitvector=true, hive.query.results.cache.enabled=false, hive.metastore.client.cache.enabled=true, hive.auto.convert.join=false, hive.exec.submit.local.task.via.child=false, hive.conf.restricted.list=from.hivemetastore-site.xml, hive.metastore.schema.verification=false}
2024-04-24T12:26:15,500  WARN [main] metastore.HiveMetaStoreClient: Unexpected increment of user count beyond one: 3 HCatClient: thread: 1 users=3 expired=false closed=false
2024-04-24T12:26:15,501  INFO [TThreadPoolServer WorkerProcess-%d] HiveMetaStore.audit: ugi=alex	ip=127.0.0.1	cmd=source:127.0.0.1 get_databases: @hive#NonExistentDatabaseUsedForHealthCheck	
2024-04-24T12:26:15,502  INFO [TThreadPoolServer WorkerProcess-%d] HiveMetaStore.audit: ugi=alex	ip=127.0.0.1	cmd=source:127.0.0.1 get_database: myDb	
2024-04-24T12:26:15,503  INFO [TThreadPoolServer WorkerProcess-%d] HiveMetaStore.audit: ugi=alex	ip=127.0.0.1	cmd=source:127.0.0.1 get_tables_by_type: db=@hive#myDb pat=.*,type=MATERIALIZED_VIEW	
2024-04-24T12:26:15,503  INFO [TThreadPoolServer WorkerProcess-%d] HiveMetaStore.audit: ugi=alex	ip=127.0.0.1	cmd=source:127.0.0.1 getTablesByTypeCore: catName=hive: db=myDb pat=.*,type=MATERIALIZED_VIEW	
2024-04-24T12:26:15,505  INFO [TThreadPoolServer WorkerProcess-%d] HiveMetaStore.audit: ugi=alex	ip=127.0.0.1	cmd=source:127.0.0.1 get_all_tables: db=@hive#myDb	
2024-04-24T12:26:15,507  INFO [TThreadPoolServer WorkerProcess-%d] HiveMetaStore.audit: ugi=alex	ip=127.0.0.1	cmd=source:127.0.0.1 get_multi_table : db=myDb tbls=mytable	
2024-04-24T12:26:15,509  INFO [TThreadPoolServer WorkerProcess-%d] HiveMetaStore.audit: ugi=alex	ip=127.0.0.1	cmd=source:127.0.0.1 drop_database: @hive#myDb	
2024-04-24T12:26:15,510  INFO [TThreadPoolServer WorkerProcess-%d] HiveMetaStore.audit: ugi=alex	ip=127.0.0.1	cmd=source:127.0.0.1 get_all_tables: db=@hive#myDb	
2024-04-24T12:26:15,511  INFO [TThreadPoolServer WorkerProcess-%d] HiveMetaStore.audit: ugi=alex	ip=127.0.0.1	cmd=source:127.0.0.1 get_functions: db=@hive#myDb pat=*	
2024-04-24T12:26:15,512  INFO [TThreadPoolServer WorkerProcess-%d] HiveMetaStore.audit: ugi=alex	ip=127.0.0.1	cmd=source:127.0.0.1 get_all_stored_procedures	
2024-04-24T12:26:15,512  INFO [TThreadPoolServer WorkerProcess-%d] HiveMetaStore.audit: ugi=alex	ip=127.0.0.1	cmd=source:127.0.0.1 get_all_packages	
2024-04-24T12:26:15,513  INFO [TThreadPoolServer WorkerProcess-%d] HiveMetaStore.audit: ugi=alex	ip=127.0.0.1	cmd=source:127.0.0.1 getTablesByTypeCore: catName=hive: db=myDb pat=.*,type=MATERIALIZED_VIEW	
2024-04-24T12:26:15,516  INFO [TThreadPoolServer WorkerProcess-%d] metastore.ObjectStore: Dropping database hive.myDb along with all tables
2024-04-24T12:26:15,526 ERROR [TThreadPoolServer WorkerProcess-%d] metastore.RetryingHMSHandler: Retrying HMSHandler after 2000 ms (attempt 1 of 10) with error: javax.jdo.JDODataStoreException: Exception thrown flushing changes to datastore
	at org.datanucleus.api.jdo.NucleusJDOHelper.getJDOExceptionForNucleusException(NucleusJDOHelper.java:542)
	at org.datanucleus.api.jdo.JDOPersistenceManager.flush(JDOPersistenceManager.java:2081)
	at org.apache.hadoop.hive.metastore.ObjectStore.addNotificationEvent(ObjectStore.java:11639)
	at sun.reflect.GeneratedMethodAccessor68.invoke(Unknown Source)
	at sun.reflect.DelegatingMethodAccessorImpl.invoke(DelegatingMethodAccessorImpl.java:43)
	at java.lang.reflect.Method.invoke(Method.java:498)
	at org.apache.hadoop.hive.metastore.RawStoreProxy.invoke(RawStoreProxy.java:97)
	at com.sun.proxy.$Proxy32.addNotificationEvent(Unknown Source)
	at org.apache.hive.hcatalog.listener.DbNotificationListener.process(DbNotificationListener.java:1403)
	at org.apache.hive.hcatalog.listener.DbNotificationListener.onDropDatabase(DbNotificationListener.java:513)
	at org.apache.hadoop.hive.metastore.MetaStoreListenerNotifier$26.notify(MetaStoreListenerNotifier.java:99)
	at org.apache.hadoop.hive.metastore.MetaStoreListenerNotifier.notifyEvent(MetaStoreListenerNotifier.java:339)
	at org.apache.hadoop.hive.metastore.HMSHandler.drop_database_core(HMSHandler.java:1785)
	at org.apache.hadoop.hive.metastore.HMSHandler.drop_database(HMSHandler.java:1869)
	at sun.reflect.GeneratedMethodAccessor73.invoke(Unknown Source)
	at sun.reflect.DelegatingMethodAccessorImpl.invoke(DelegatingMethodAccessorImpl.java:43)
	at java.lang.reflect.Method.invoke(Method.java:498)
	at org.apache.hadoop.hive.metastore.RetryingHMSHandler.invokeInternal(RetryingHMSHandler.java:147)
	at org.apache.hadoop.hive.metastore.RetryingHMSHandler.invoke(RetryingHMSHandler.java:108)
	at com.sun.proxy.$Proxy34.drop_database(Unknown Source)
	at org.apache.hadoop.hive.metastore.api.ThriftHiveMetastore$Processor$drop_database.getResult(ThriftHiveMetastore.java:18285)
	at org.apache.hadoop.hive.metastore.api.ThriftHiveMetastore$Processor$drop_database.getResult(ThriftHiveMetastore.java:18264)
	at org.apache.thrift.ProcessFunction.process(ProcessFunction.java:38)
	at org.apache.hadoop.hive.metastore.TUGIBasedProcessor$1.run(TUGIBasedProcessor.java:111)
	at org.apache.hadoop.hive.metastore.TUGIBasedProcessor$1.run(TUGIBasedProcessor.java:107)
	at java.security.AccessController.doPrivileged(Native Method)
	at javax.security.auth.Subject.doAs(Subject.java:422)
	at org.apache.hadoop.security.UserGroupInformation.doAs(UserGroupInformation.java:1682)
	at org.apache.hadoop.hive.metastore.TUGIBasedProcessor.process(TUGIBasedProcessor.java:119)
	at org.apache.thrift.server.TThreadPoolServer$WorkerProcess.run(TThreadPoolServer.java:248)
	at java.util.concurrent.ThreadPoolExecutor.runWorker(ThreadPoolExecutor.java:1149)
	at java.util.concurrent.ThreadPoolExecutor$Worker.run(ThreadPoolExecutor.java:624)
	at java.lang.Thread.run(Thread.java:750)
NestedThrowablesStackTrace:
java.sql.BatchUpdateException: DELETE on table 'DBS' caused a violation of foreign key constraint 'TBLS_FK1' for key (11).  The statement has been rolled back.
	at org.apache.derby.impl.jdbc.EmbedStatement.executeLargeBatch(Unknown Source)
	at org.apache.derby.impl.jdbc.EmbedStatement.executeBatch(Unknown Source)
	at com.zaxxer.hikari.pool.ProxyStatement.executeBatch(ProxyStatement.java:128)
	at com.zaxxer.hikari.pool.HikariProxyPreparedStatement.executeBatch(HikariProxyPreparedStatement.java)
	at org.datanucleus.store.rdbms.ParamLoggingPreparedStatement.executeBatch(ParamLoggingPreparedStatement.java:366)
	at org.datanucleus.store.rdbms.SQLController.processConnectionStatement(SQLController.java:675)
	at org.datanucleus.store.rdbms.SQLController.processStatementsForConnection(SQLController.java:643)
	at org.datanucleus.store.rdbms.SQLController$1.transactionFlushed(SQLController.java:729)
	at org.datanucleus.store.connection.AbstractManagedConnection.transactionFlushed(AbstractManagedConnection.java:95)
	at org.datanucleus.store.connection.ConnectionManagerImpl$2.transactionFlushed(ConnectionManagerImpl.java:528)
	at org.datanucleus.TransactionImpl.flush(TransactionImpl.java:222)
	at org.datanucleus.ExecutionContextImpl.flushInternal(ExecutionContextImpl.java:4068)
	at org.datanucleus.ExecutionContextThreadedImpl.flushInternal(ExecutionContextThreadedImpl.java:448)
	at org.datanucleus.ExecutionContextImpl.flush(ExecutionContextImpl.java:4009)
	at org.datanucleus.ExecutionContextThreadedImpl.flush(ExecutionContextThreadedImpl.java:434)
	at org.datanucleus.api.jdo.JDOPersistenceManager.flush(JDOPersistenceManager.java:2064)
	at org.apache.hadoop.hive.metastore.ObjectStore.addNotificationEvent(ObjectStore.java:11639)
	at sun.reflect.GeneratedMethodAccessor68.invoke(Unknown Source)
	at sun.reflect.DelegatingMethodAccessorImpl.invoke(DelegatingMethodAccessorImpl.java:43)
	at java.lang.reflect.Method.invoke(Method.java:498)
	at org.apache.hadoop.hive.metastore.RawStoreProxy.invoke(RawStoreProxy.java:97)
	at com.sun.proxy.$Proxy32.addNotificationEvent(Unknown Source)
	at org.apache.hive.hcatalog.listener.DbNotificationListener.process(DbNotificationListener.java:1403)
	at org.apache.hive.hcatalog.listener.DbNotificationListener.onDropDatabase(DbNotificationListener.java:513)
	at org.apache.hadoop.hive.metastore.MetaStoreListenerNotifier$26.notify(MetaStoreListenerNotifier.java:99)
	at org.apache.hadoop.hive.metastore.MetaStoreListenerNotifier.notifyEvent(MetaStoreListenerNotifier.java:339)
	at org.apache.hadoop.hive.metastore.HMSHandler.drop_database_core(HMSHandler.java:1785)
	at org.apache.hadoop.hive.metastore.HMSHandler.drop_database(HMSHandler.java:1869)
	at sun.reflect.GeneratedMethodAccessor73.invoke(Unknown Source)
	at sun.reflect.DelegatingMethodAccessorImpl.invoke(DelegatingMethodAccessorImpl.java:43)
	at java.lang.reflect.Method.invoke(Method.java:498)
	at org.apache.hadoop.hive.metastore.RetryingHMSHandler.invokeInternal(RetryingHMSHandler.java:147)
	at org.apache.hadoop.hive.metastore.RetryingHMSHandler.invoke(RetryingHMSHandler.java:108)
	at com.sun.proxy.$Proxy34.drop_database(Unknown Source)
	at org.apache.hadoop.hive.metastore.api.ThriftHiveMetastore$Processor$drop_database.getResult(ThriftHiveMetastore.java:18285)
	at org.apache.hadoop.hive.metastore.api.ThriftHiveMetastore$Processor$drop_database.getResult(ThriftHiveMetastore.java:18264)
	at org.apache.thrift.ProcessFunction.process(ProcessFunction.java:38)
	at org.apache.hadoop.hive.metastore.TUGIBasedProcessor$1.run(TUGIBasedProcessor.java:111)
	at org.apache.hadoop.hive.metastore.TUGIBasedProcessor$1.run(TUGIBasedProcessor.java:107)
	at java.security.AccessController.doPrivileged(Native Method)
	at javax.security.auth.Subject.doAs(Subject.java:422)
	at org.apache.hadoop.security.UserGroupInformation.doAs(UserGroupInformation.java:1682)
	at org.apache.hadoop.hive.metastore.TUGIBasedProcessor.process(TUGIBasedProcessor.java:119)
	at org.apache.thrift.server.TThreadPoolServer$WorkerProcess.run(TThreadPoolServer.java:248)
	at java.util.concurrent.ThreadPoolExecutor.runWorker(ThreadPoolExecutor.java:1149)
	at java.util.concurrent.ThreadPoolExecutor$Worker.run(ThreadPoolExecutor.java:624)
	at java.lang.Thread.run(Thread.java:750)
Caused by: org.apache.derby.shared.common.error.DerbySQLIntegrityConstraintViolationException: DELETE on table 'DBS' caused a violation of foreign key constraint 'TBLS_FK1' for key (11).  The statement has been rolled back.
	at org.apache.derby.impl.jdbc.SQLExceptionFactory.getSQLException(Unknown Source)
	at org.apache.derby.impl.jdbc.Util.generateCsSQLException(Unknown Source)
	at org.apache.derby.impl.jdbc.TransactionResourceImpl.wrapInSQLException(Unknown Source)
	at org.apache.derby.impl.jdbc.TransactionResourceImpl.handleException(Unknown Source)
	at org.apache.derby.impl.jdbc.EmbedConnection.handleException(Unknown Source)
	at org.apache.derby.impl.jdbc.ConnectionChild.handleException(Unknown Source)
	at org.apache.derby.impl.jdbc.EmbedStatement.executeStatement(Unknown Source)
	at org.apache.derby.impl.jdbc.EmbedPreparedStatement.executeBatchElement(Unknown Source)
	... 47 more
Caused by: ERROR 23503: DELETE on table 'DBS' caused a violation of foreign key constraint 'TBLS_FK1' for key (11).  The statement has been rolled back.
	at org.apache.derby.iapi.error.StandardException.newException(Unknown Source)
	at org.apache.derby.iapi.error.StandardException.newException(Unknown Source)
	at org.apache.derby.impl.sql.execute.ReferencedKeyRIChecker.doCheck(Unknown Source)
	at org.apache.derby.impl.sql.execute.RISetChecker.doPKCheck(Unknown Source)
	at org.apache.derby.impl.sql.execute.DeleteResultSet.collectAffectedRows(Unknown Source)
	at org.apache.derby.impl.sql.execute.DeleteResultSet.open(Unknown Source)
	at org.apache.derby.impl.sql.GenericPreparedStatement.executeStmt(Unknown Source)
	at org.apache.derby.impl.sql.GenericPreparedStatement.execute(Unknown Source)
	... 49 more

2024-04-24T12:26:17,527  INFO [TThreadPoolServer WorkerProcess-%d] HiveMetaStore.audit: ugi=alex	ip=127.0.0.1	cmd=source:127.0.0.1 drop_database: @hive#myDb	
2024-04-24T12:26:17,530  INFO [TThreadPoolServer WorkerProcess-%d] HiveMetaStore.audit: ugi=alex	ip=127.0.0.1	cmd=source:127.0.0.1 get_all_tables: db=@hive#myDb	
2024-04-24T12:26:17,531  INFO [TThreadPoolServer WorkerProcess-%d] HiveMetaStore.audit: ugi=alex	ip=127.0.0.1	cmd=source:127.0.0.1 get_functions: db=@hive#myDb pat=*	
2024-04-24T12:26:17,532  INFO [TThreadPoolServer WorkerProcess-%d] HiveMetaStore.audit: ugi=alex	ip=127.0.0.1	cmd=source:127.0.0.1 get_all_stored_procedures	
2024-04-24T12:26:17,533  INFO [TThreadPoolServer WorkerProcess-%d] HiveMetaStore.audit: ugi=alex	ip=127.0.0.1	cmd=source:127.0.0.1 get_all_packages	
2024-04-24T12:26:17,533  INFO [TThreadPoolServer WorkerProcess-%d] HiveMetaStore.audit: ugi=alex	ip=127.0.0.1	cmd=source:127.0.0.1 getTablesByTypeCore: catName=hive: db=myDb pat=.*,type=MATERIALIZED_VIEW	
2024-04-24T12:26:17,536  INFO [TThreadPoolServer WorkerProcess-%d] metastore.ObjectStore: Dropping database hive.myDb along with all tables
2024-04-24T12:26:17,539 ERROR [TThreadPoolServer WorkerProcess-%d] metastore.RetryingHMSHandler: Retrying HMSHandler after 2000 ms (attempt 2 of 10) with error: javax.jdo.JDODataStoreException: Exception thrown flushing changes to datastore
	at org.datanucleus.api.jdo.NucleusJDOHelper.getJDOExceptionForNucleusException(NucleusJDOHelper.java:542)
	at org.datanucleus.api.jdo.JDOPersistenceManager.flush(JDOPersistenceManager.java:2081)
	at org.apache.hadoop.hive.metastore.ObjectStore.addNotificationEvent(ObjectStore.java:11639)
	at sun.reflect.GeneratedMethodAccessor68.invoke(Unknown Source)
	at sun.reflect.DelegatingMethodAccessorImpl.invoke(DelegatingMethodAccessorImpl.java:43)
	at java.lang.reflect.Method.invoke(Method.java:498)
	at org.apache.hadoop.hive.metastore.RawStoreProxy.invoke(RawStoreProxy.java:97)
	at com.sun.proxy.$Proxy32.addNotificationEvent(Unknown Source)
	at org.apache.hive.hcatalog.listener.DbNotificationListener.process(DbNotificationListener.java:1403)
	at org.apache.hive.hcatalog.listener.DbNotificationListener.onDropDatabase(DbNotificationListener.java:513)
	at org.apache.hadoop.hive.metastore.MetaStoreListenerNotifier$26.notify(MetaStoreListenerNotifier.java:99)
	at org.apache.hadoop.hive.metastore.MetaStoreListenerNotifier.notifyEvent(MetaStoreListenerNotifier.java:339)
	at org.apache.hadoop.hive.metastore.HMSHandler.drop_database_core(HMSHandler.java:1785)
	at org.apache.hadoop.hive.metastore.HMSHandler.drop_database(HMSHandler.java:1869)
	at sun.reflect.GeneratedMethodAccessor73.invoke(Unknown Source)
	at sun.reflect.DelegatingMethodAccessorImpl.invoke(DelegatingMethodAccessorImpl.java:43)
	at java.lang.reflect.Method.invoke(Method.java:498)
	at org.apache.hadoop.hive.metastore.RetryingHMSHandler.invokeInternal(RetryingHMSHandler.java:147)
	at org.apache.hadoop.hive.metastore.RetryingHMSHandler.invoke(RetryingHMSHandler.java:108)
	at com.sun.proxy.$Proxy34.drop_database(Unknown Source)
	at org.apache.hadoop.hive.metastore.api.ThriftHiveMetastore$Processor$drop_database.getResult(ThriftHiveMetastore.java:18285)
	at org.apache.hadoop.hive.metastore.api.ThriftHiveMetastore$Processor$drop_database.getResult(ThriftHiveMetastore.java:18264)
	at org.apache.thrift.ProcessFunction.process(ProcessFunction.java:38)
	at org.apache.hadoop.hive.metastore.TUGIBasedProcessor$1.run(TUGIBasedProcessor.java:111)
	at org.apache.hadoop.hive.metastore.TUGIBasedProcessor$1.run(TUGIBasedProcessor.java:107)
	at java.security.AccessController.doPrivileged(Native Method)
	at javax.security.auth.Subject.doAs(Subject.java:422)
	at org.apache.hadoop.security.UserGroupInformation.doAs(UserGroupInformation.java:1682)
	at org.apache.hadoop.hive.metastore.TUGIBasedProcessor.process(TUGIBasedProcessor.java:119)
	at org.apache.thrift.server.TThreadPoolServer$WorkerProcess.run(TThreadPoolServer.java:248)
	at java.util.concurrent.ThreadPoolExecutor.runWorker(ThreadPoolExecutor.java:1149)
	at java.util.concurrent.ThreadPoolExecutor$Worker.run(ThreadPoolExecutor.java:624)
	at java.lang.Thread.run(Thread.java:750)
NestedThrowablesStackTrace:
java.sql.BatchUpdateException: DELETE on table 'DBS' caused a violation of foreign key constraint 'TBLS_FK1' for key (11).  The statement has been rolled back.
	at org.apache.derby.impl.jdbc.EmbedStatement.executeLargeBatch(Unknown Source)
	at org.apache.derby.impl.jdbc.EmbedStatement.executeBatch(Unknown Source)
	at com.zaxxer.hikari.pool.ProxyStatement.executeBatch(ProxyStatement.java:128)
	at com.zaxxer.hikari.pool.HikariProxyPreparedStatement.executeBatch(HikariProxyPreparedStatement.java)
	at org.datanucleus.store.rdbms.ParamLoggingPreparedStatement.executeBatch(ParamLoggingPreparedStatement.java:366)
	at org.datanucleus.store.rdbms.SQLController.processConnectionStatement(SQLController.java:675)
	at org.datanucleus.store.rdbms.SQLController.processStatementsForConnection(SQLController.java:643)
	at org.datanucleus.store.rdbms.SQLController$1.transactionFlushed(SQLController.java:729)
	at org.datanucleus.store.connection.AbstractManagedConnection.transactionFlushed(AbstractManagedConnection.java:95)
	at org.datanucleus.store.connection.ConnectionManagerImpl$2.transactionFlushed(ConnectionManagerImpl.java:528)
	at org.datanucleus.TransactionImpl.flush(TransactionImpl.java:222)
	at org.datanucleus.ExecutionContextImpl.flushInternal(ExecutionContextImpl.java:4068)
	at org.datanucleus.ExecutionContextThreadedImpl.flushInternal(ExecutionContextThreadedImpl.java:448)
	at org.datanucleus.ExecutionContextImpl.flush(ExecutionContextImpl.java:4009)
	at org.datanucleus.ExecutionContextThreadedImpl.flush(ExecutionContextThreadedImpl.java:434)
	at org.datanucleus.api.jdo.JDOPersistenceManager.flush(JDOPersistenceManager.java:2064)
	at org.apache.hadoop.hive.metastore.ObjectStore.addNotificationEvent(ObjectStore.java:11639)
	at sun.reflect.GeneratedMethodAccessor68.invoke(Unknown Source)
	at sun.reflect.DelegatingMethodAccessorImpl.invoke(DelegatingMethodAccessorImpl.java:43)
	at java.lang.reflect.Method.invoke(Method.java:498)
	at org.apache.hadoop.hive.metastore.RawStoreProxy.invoke(RawStoreProxy.java:97)
	at com.sun.proxy.$Proxy32.addNotificationEvent(Unknown Source)
	at org.apache.hive.hcatalog.listener.DbNotificationListener.process(DbNotificationListener.java:1403)
	at org.apache.hive.hcatalog.listener.DbNotificationListener.onDropDatabase(DbNotificationListener.java:513)
	at org.apache.hadoop.hive.metastore.MetaStoreListenerNotifier$26.notify(MetaStoreListenerNotifier.java:99)
	at org.apache.hadoop.hive.metastore.MetaStoreListenerNotifier.notifyEvent(MetaStoreListenerNotifier.java:339)
	at org.apache.hadoop.hive.metastore.HMSHandler.drop_database_core(HMSHandler.java:1785)
	at org.apache.hadoop.hive.metastore.HMSHandler.drop_database(HMSHandler.java:1869)
	at sun.reflect.GeneratedMethodAccessor73.invoke(Unknown Source)
	at sun.reflect.DelegatingMethodAccessorImpl.invoke(DelegatingMethodAccessorImpl.java:43)
	at java.lang.reflect.Method.invoke(Method.java:498)
	at org.apache.hadoop.hive.metastore.RetryingHMSHandler.invokeInternal(RetryingHMSHandler.java:147)
	at org.apache.hadoop.hive.metastore.RetryingHMSHandler.invoke(RetryingHMSHandler.java:108)
	at com.sun.proxy.$Proxy34.drop_database(Unknown Source)
	at org.apache.hadoop.hive.metastore.api.ThriftHiveMetastore$Processor$drop_database.getResult(ThriftHiveMetastore.java:18285)
	at org.apache.hadoop.hive.metastore.api.ThriftHiveMetastore$Processor$drop_database.getResult(ThriftHiveMetastore.java:18264)
	at org.apache.thrift.ProcessFunction.process(ProcessFunction.java:38)
	at org.apache.hadoop.hive.metastore.TUGIBasedProcessor$1.run(TUGIBasedProcessor.java:111)
	at org.apache.hadoop.hive.metastore.TUGIBasedProcessor$1.run(TUGIBasedProcessor.java:107)
	at java.security.AccessController.doPrivileged(Native Method)
	at javax.security.auth.Subject.doAs(Subject.java:422)
	at org.apache.hadoop.security.UserGroupInformation.doAs(UserGroupInformation.java:1682)
	at org.apache.hadoop.hive.metastore.TUGIBasedProcessor.process(TUGIBasedProcessor.java:119)
	at org.apache.thrift.server.TThreadPoolServer$WorkerProcess.run(TThreadPoolServer.java:248)
	at java.util.concurrent.ThreadPoolExecutor.runWorker(ThreadPoolExecutor.java:1149)
	at java.util.concurrent.ThreadPoolExecutor$Worker.run(ThreadPoolExecutor.java:624)
	at java.lang.Thread.run(Thread.java:750)
Caused by: org.apache.derby.shared.common.error.DerbySQLIntegrityConstraintViolationException: DELETE on table 'DBS' caused a violation of foreign key constraint 'TBLS_FK1' for key (11).  The statement has been rolled back.
	at org.apache.derby.impl.jdbc.SQLExceptionFactory.getSQLException(Unknown Source)
	at org.apache.derby.impl.jdbc.Util.generateCsSQLException(Unknown Source)
	at org.apache.derby.impl.jdbc.TransactionResourceImpl.wrapInSQLException(Unknown Source)
	at org.apache.derby.impl.jdbc.TransactionResourceImpl.handleException(Unknown Source)
	at org.apache.derby.impl.jdbc.EmbedConnection.handleException(Unknown Source)
	at org.apache.derby.impl.jdbc.ConnectionChild.handleException(Unknown Source)
	at org.apache.derby.impl.jdbc.EmbedStatement.executeStatement(Unknown Source)
	at org.apache.derby.impl.jdbc.EmbedPreparedStatement.executeBatchElement(Unknown Source)
	... 47 more
Caused by: ERROR 23503: DELETE on table 'DBS' caused a violation of foreign key constraint 'TBLS_FK1' for key (11).  The statement has been rolled back.
	at org.apache.derby.iapi.error.StandardException.newException(Unknown Source)
	at org.apache.derby.iapi.error.StandardException.newException(Unknown Source)
	at org.apache.derby.impl.sql.execute.ReferencedKeyRIChecker.doCheck(Unknown Source)
	at org.apache.derby.impl.sql.execute.RISetChecker.doPKCheck(Unknown Source)
	at org.apache.derby.impl.sql.execute.DeleteResultSet.collectAffectedRows(Unknown Source)
	at org.apache.derby.impl.sql.execute.DeleteResultSet.open(Unknown Source)
	at org.apache.derby.impl.sql.GenericPreparedStatement.executeStmt(Unknown Source)
	at org.apache.derby.impl.sql.GenericPreparedStatement.execute(Unknown Source)
	... 49 more

2024-04-24T12:26:19,539  INFO [TThreadPoolServer WorkerProcess-%d] HiveMetaStore.audit: ugi=alex	ip=127.0.0.1	cmd=source:127.0.0.1 drop_database: @hive#myDb	
2024-04-24T12:26:19,543  INFO [TThreadPoolServer WorkerProcess-%d] HiveMetaStore.audit: ugi=alex	ip=127.0.0.1	cmd=source:127.0.0.1 get_all_tables: db=@hive#myDb	
2024-04-24T12:26:19,544  INFO [TThreadPoolServer WorkerProcess-%d] HiveMetaStore.audit: ugi=alex	ip=127.0.0.1	cmd=source:127.0.0.1 get_functions: db=@hive#myDb pat=*	
2024-04-24T12:26:19,545  INFO [TThreadPoolServer WorkerProcess-%d] HiveMetaStore.audit: ugi=alex	ip=127.0.0.1	cmd=source:127.0.0.1 get_all_stored_procedures	
2024-04-24T12:26:19,546  INFO [TThreadPoolServer WorkerProcess-%d] HiveMetaStore.audit: ugi=alex	ip=127.0.0.1	cmd=source:127.0.0.1 get_all_packages	
2024-04-24T12:26:19,547  INFO [TThreadPoolServer WorkerProcess-%d] HiveMetaStore.audit: ugi=alex	ip=127.0.0.1	cmd=source:127.0.0.1 getTablesByTypeCore: catName=hive: db=myDb pat=.*,type=MATERIALIZED_VIEW	
2024-04-24T12:26:19,549  INFO [TThreadPoolServer WorkerProcess-%d] metastore.ObjectStore: Dropping database hive.myDb along with all tables
2024-04-24T12:26:19,552 ERROR [TThreadPoolServer WorkerProcess-%d] metastore.RetryingHMSHandler: Retrying HMSHandler after 2000 ms (attempt 3 of 10) with error: javax.jdo.JDODataStoreException: Exception thrown flushing changes to datastore
	at org.datanucleus.api.jdo.NucleusJDOHelper.getJDOExceptionForNucleusException(NucleusJDOHelper.java:542)
	at org.datanucleus.api.jdo.JDOPersistenceManager.flush(JDOPersistenceManager.java:2081)
	at org.apache.hadoop.hive.metastore.ObjectStore.addNotificationEvent(ObjectStore.java:11639)
	at sun.reflect.GeneratedMethodAccessor68.invoke(Unknown Source)
	at sun.reflect.DelegatingMethodAccessorImpl.invoke(DelegatingMethodAccessorImpl.java:43)
	at java.lang.reflect.Method.invoke(Method.java:498)
	at org.apache.hadoop.hive.metastore.RawStoreProxy.invoke(RawStoreProxy.java:97)
	at com.sun.proxy.$Proxy32.addNotificationEvent(Unknown Source)
	at org.apache.hive.hcatalog.listener.DbNotificationListener.process(DbNotificationListener.java:1403)
	at org.apache.hive.hcatalog.listener.DbNotificationListener.onDropDatabase(DbNotificationListener.java:513)
	at org.apache.hadoop.hive.metastore.MetaStoreListenerNotifier$26.notify(MetaStoreListenerNotifier.java:99)
	at org.apache.hadoop.hive.metastore.MetaStoreListenerNotifier.notifyEvent(MetaStoreListenerNotifier.java:339)
	at org.apache.hadoop.hive.metastore.HMSHandler.drop_database_core(HMSHandler.java:1785)
	at org.apache.hadoop.hive.metastore.HMSHandler.drop_database(HMSHandler.java:1869)
	at sun.reflect.GeneratedMethodAccessor73.invoke(Unknown Source)
	at sun.reflect.DelegatingMethodAccessorImpl.invoke(DelegatingMethodAccessorImpl.java:43)
	at java.lang.reflect.Method.invoke(Method.java:498)
	at org.apache.hadoop.hive.metastore.RetryingHMSHandler.invokeInternal(RetryingHMSHandler.java:147)
	at org.apache.hadoop.hive.metastore.RetryingHMSHandler.invoke(RetryingHMSHandler.java:108)
	at com.sun.proxy.$Proxy34.drop_database(Unknown Source)
	at org.apache.hadoop.hive.metastore.api.ThriftHiveMetastore$Processor$drop_database.getResult(ThriftHiveMetastore.java:18285)
	at org.apache.hadoop.hive.metastore.api.ThriftHiveMetastore$Processor$drop_database.getResult(ThriftHiveMetastore.java:18264)
	at org.apache.thrift.ProcessFunction.process(ProcessFunction.java:38)
	at org.apache.hadoop.hive.metastore.TUGIBasedProcessor$1.run(TUGIBasedProcessor.java:111)
	at org.apache.hadoop.hive.metastore.TUGIBasedProcessor$1.run(TUGIBasedProcessor.java:107)
	at java.security.AccessController.doPrivileged(Native Method)
	at javax.security.auth.Subject.doAs(Subject.java:422)
	at org.apache.hadoop.security.UserGroupInformation.doAs(UserGroupInformation.java:1682)
	at org.apache.hadoop.hive.metastore.TUGIBasedProcessor.process(TUGIBasedProcessor.java:119)
	at org.apache.thrift.server.TThreadPoolServer$WorkerProcess.run(TThreadPoolServer.java:248)
	at java.util.concurrent.ThreadPoolExecutor.runWorker(ThreadPoolExecutor.java:1149)
	at java.util.concurrent.ThreadPoolExecutor$Worker.run(ThreadPoolExecutor.java:624)
	at java.lang.Thread.run(Thread.java:750)
NestedThrowablesStackTrace:
java.sql.BatchUpdateException: DELETE on table 'DBS' caused a violation of foreign key constraint 'TBLS_FK1' for key (11).  The statement has been rolled back.
	at org.apache.derby.impl.jdbc.EmbedStatement.executeLargeBatch(Unknown Source)
	at org.apache.derby.impl.jdbc.EmbedStatement.executeBatch(Unknown Source)
	at com.zaxxer.hikari.pool.ProxyStatement.executeBatch(ProxyStatement.java:128)
	at com.zaxxer.hikari.pool.HikariProxyPreparedStatement.executeBatch(HikariProxyPreparedStatement.java)
	at org.datanucleus.store.rdbms.ParamLoggingPreparedStatement.executeBatch(ParamLoggingPreparedStatement.java:366)
	at org.datanucleus.store.rdbms.SQLController.processConnectionStatement(SQLController.java:675)
	at org.datanucleus.store.rdbms.SQLController.processStatementsForConnection(SQLController.java:643)
	at org.datanucleus.store.rdbms.SQLController$1.transactionFlushed(SQLController.java:729)
	at org.datanucleus.store.connection.AbstractManagedConnection.transactionFlushed(AbstractManagedConnection.java:95)
	at org.datanucleus.store.connection.ConnectionManagerImpl$2.transactionFlushed(ConnectionManagerImpl.java:528)
	at org.datanucleus.TransactionImpl.flush(TransactionImpl.java:222)
	at org.datanucleus.ExecutionContextImpl.flushInternal(ExecutionContextImpl.java:4068)
	at org.datanucleus.ExecutionContextThreadedImpl.flushInternal(ExecutionContextThreadedImpl.java:448)
	at org.datanucleus.ExecutionContextImpl.flush(ExecutionContextImpl.java:4009)
	at org.datanucleus.ExecutionContextThreadedImpl.flush(ExecutionContextThreadedImpl.java:434)
	at org.datanucleus.api.jdo.JDOPersistenceManager.flush(JDOPersistenceManager.java:2064)
	at org.apache.hadoop.hive.metastore.ObjectStore.addNotificationEvent(ObjectStore.java:11639)
	at sun.reflect.GeneratedMethodAccessor68.invoke(Unknown Source)
	at sun.reflect.DelegatingMethodAccessorImpl.invoke(DelegatingMethodAccessorImpl.java:43)
	at java.lang.reflect.Method.invoke(Method.java:498)
	at org.apache.hadoop.hive.metastore.RawStoreProxy.invoke(RawStoreProxy.java:97)
	at com.sun.proxy.$Proxy32.addNotificationEvent(Unknown Source)
	at org.apache.hive.hcatalog.listener.DbNotificationListener.process(DbNotificationListener.java:1403)
	at org.apache.hive.hcatalog.listener.DbNotificationListener.onDropDatabase(DbNotificationListener.java:513)
	at org.apache.hadoop.hive.metastore.MetaStoreListenerNotifier$26.notify(MetaStoreListenerNotifier.java:99)
	at org.apache.hadoop.hive.metastore.MetaStoreListenerNotifier.notifyEvent(MetaStoreListenerNotifier.java:339)
	at org.apache.hadoop.hive.metastore.HMSHandler.drop_database_core(HMSHandler.java:1785)
	at org.apache.hadoop.hive.metastore.HMSHandler.drop_database(HMSHandler.java:1869)
	at sun.reflect.GeneratedMethodAccessor73.invoke(Unknown Source)
	at sun.reflect.DelegatingMethodAccessorImpl.invoke(DelegatingMethodAccessorImpl.java:43)
	at java.lang.reflect.Method.invoke(Method.java:498)
	at org.apache.hadoop.hive.metastore.RetryingHMSHandler.invokeInternal(RetryingHMSHandler.java:147)
	at org.apache.hadoop.hive.metastore.RetryingHMSHandler.invoke(RetryingHMSHandler.java:108)
	at com.sun.proxy.$Proxy34.drop_database(Unknown Source)
	at org.apache.hadoop.hive.metastore.api.ThriftHiveMetastore$Processor$drop_database.getResult(ThriftHiveMetastore.java:18285)
	at org.apache.hadoop.hive.metastore.api.ThriftHiveMetastore$Processor$drop_database.getResult(ThriftHiveMetastore.java:18264)
	at org.apache.thrift.ProcessFunction.process(ProcessFunction.java:38)
	at org.apache.hadoop.hive.metastore.TUGIBasedProcessor$1.run(TUGIBasedProcessor.java:111)
	at org.apache.hadoop.hive.metastore.TUGIBasedProcessor$1.run(TUGIBasedProcessor.java:107)
	at java.security.AccessController.doPrivileged(Native Method)
	at javax.security.auth.Subject.doAs(Subject.java:422)
	at org.apache.hadoop.security.UserGroupInformation.doAs(UserGroupInformation.java:1682)
	at org.apache.hadoop.hive.metastore.TUGIBasedProcessor.process(TUGIBasedProcessor.java:119)
	at org.apache.thrift.server.TThreadPoolServer$WorkerProcess.run(TThreadPoolServer.java:248)
	at java.util.concurrent.ThreadPoolExecutor.runWorker(ThreadPoolExecutor.java:1149)
	at java.util.concurrent.ThreadPoolExecutor$Worker.run(ThreadPoolExecutor.java:624)
	at java.lang.Thread.run(Thread.java:750)
Caused by: org.apache.derby.shared.common.error.DerbySQLIntegrityConstraintViolationException: DELETE on table 'DBS' caused a violation of foreign key constraint 'TBLS_FK1' for key (11).  The statement has been rolled back.
	at org.apache.derby.impl.jdbc.SQLExceptionFactory.getSQLException(Unknown Source)
	at org.apache.derby.impl.jdbc.Util.generateCsSQLException(Unknown Source)
	at org.apache.derby.impl.jdbc.TransactionResourceImpl.wrapInSQLException(Unknown Source)
	at org.apache.derby.impl.jdbc.TransactionResourceImpl.handleException(Unknown Source)
	at org.apache.derby.impl.jdbc.EmbedConnection.handleException(Unknown Source)
	at org.apache.derby.impl.jdbc.ConnectionChild.handleException(Unknown Source)
	at org.apache.derby.impl.jdbc.EmbedStatement.executeStatement(Unknown Source)
	at org.apache.derby.impl.jdbc.EmbedPreparedStatement.executeBatchElement(Unknown Source)
	... 47 more
Caused by: ERROR 23503: DELETE on table 'DBS' caused a violation of foreign key constraint 'TBLS_FK1' for key (11).  The statement has been rolled back.
	at org.apache.derby.iapi.error.StandardException.newException(Unknown Source)
	at org.apache.derby.iapi.error.StandardException.newException(Unknown Source)
	at org.apache.derby.impl.sql.execute.ReferencedKeyRIChecker.doCheck(Unknown Source)
	at org.apache.derby.impl.sql.execute.RISetChecker.doPKCheck(Unknown Source)
	at org.apache.derby.impl.sql.execute.DeleteResultSet.collectAffectedRows(Unknown Source)
	at org.apache.derby.impl.sql.execute.DeleteResultSet.open(Unknown Source)
	at org.apache.derby.impl.sql.GenericPreparedStatement.executeStmt(Unknown Source)
	at org.apache.derby.impl.sql.GenericPreparedStatement.execute(Unknown Source)
	... 49 more

2024-04-24T12:26:21,553  INFO [TThreadPoolServer WorkerProcess-%d] HiveMetaStore.audit: ugi=alex	ip=127.0.0.1	cmd=source:127.0.0.1 drop_database: @hive#myDb	
2024-04-24T12:26:21,556  INFO [TThreadPoolServer WorkerProcess-%d] HiveMetaStore.audit: ugi=alex	ip=127.0.0.1	cmd=source:127.0.0.1 get_all_tables: db=@hive#myDb	
2024-04-24T12:26:21,558  INFO [TThreadPoolServer WorkerProcess-%d] HiveMetaStore.audit: ugi=alex	ip=127.0.0.1	cmd=source:127.0.0.1 get_functions: db=@hive#myDb pat=*	
2024-04-24T12:26:21,562  INFO [TThreadPoolServer WorkerProcess-%d] HiveMetaStore.audit: ugi=alex	ip=127.0.0.1	cmd=source:127.0.0.1 get_all_stored_procedures	
2024-04-24T12:26:21,565  INFO [TThreadPoolServer WorkerProcess-%d] HiveMetaStore.audit: ugi=alex	ip=127.0.0.1	cmd=source:127.0.0.1 get_all_packages	
2024-04-24T12:26:21,567  INFO [TThreadPoolServer WorkerProcess-%d] HiveMetaStore.audit: ugi=alex	ip=127.0.0.1	cmd=source:127.0.0.1 getTablesByTypeCore: catName=hive: db=myDb pat=.*,type=MATERIALIZED_VIEW	
2024-04-24T12:26:21,576  INFO [TThreadPoolServer WorkerProcess-%d] metastore.ObjectStore: Dropping database hive.myDb along with all tables
2024-04-24T12:26:21,585 ERROR [TThreadPoolServer WorkerProcess-%d] metastore.RetryingHMSHandler: Retrying HMSHandler after 2000 ms (attempt 4 of 10) with error: javax.jdo.JDODataStoreException: Exception thrown flushing changes to datastore
	at org.datanucleus.api.jdo.NucleusJDOHelper.getJDOExceptionForNucleusException(NucleusJDOHelper.java:542)
	at org.datanucleus.api.jdo.JDOPersistenceManager.flush(JDOPersistenceManager.java:2081)
	at org.apache.hadoop.hive.metastore.ObjectStore.addNotificationEvent(ObjectStore.java:11639)
	at sun.reflect.GeneratedMethodAccessor68.invoke(Unknown Source)
	at sun.reflect.DelegatingMethodAccessorImpl.invoke(DelegatingMethodAccessorImpl.java:43)
	at java.lang.reflect.Method.invoke(Method.java:498)
	at org.apache.hadoop.hive.metastore.RawStoreProxy.invoke(RawStoreProxy.java:97)
	at com.sun.proxy.$Proxy32.addNotificationEvent(Unknown Source)
	at org.apache.hive.hcatalog.listener.DbNotificationListener.process(DbNotificationListener.java:1403)
	at org.apache.hive.hcatalog.listener.DbNotificationListener.onDropDatabase(DbNotificationListener.java:513)
	at org.apache.hadoop.hive.metastore.MetaStoreListenerNotifier$26.notify(MetaStoreListenerNotifier.java:99)
	at org.apache.hadoop.hive.metastore.MetaStoreListenerNotifier.notifyEvent(MetaStoreListenerNotifier.java:339)
	at org.apache.hadoop.hive.metastore.HMSHandler.drop_database_core(HMSHandler.java:1785)
	at org.apache.hadoop.hive.metastore.HMSHandler.drop_database(HMSHandler.java:1869)
	at sun.reflect.GeneratedMethodAccessor73.invoke(Unknown Source)
	at sun.reflect.DelegatingMethodAccessorImpl.invoke(DelegatingMethodAccessorImpl.java:43)
	at java.lang.reflect.Method.invoke(Method.java:498)
	at org.apache.hadoop.hive.metastore.RetryingHMSHandler.invokeInternal(RetryingHMSHandler.java:147)
	at org.apache.hadoop.hive.metastore.RetryingHMSHandler.invoke(RetryingHMSHandler.java:108)
	at com.sun.proxy.$Proxy34.drop_database(Unknown Source)
	at org.apache.hadoop.hive.metastore.api.ThriftHiveMetastore$Processor$drop_database.getResult(ThriftHiveMetastore.java:18285)
	at org.apache.hadoop.hive.metastore.api.ThriftHiveMetastore$Processor$drop_database.getResult(ThriftHiveMetastore.java:18264)
	at org.apache.thrift.ProcessFunction.process(ProcessFunction.java:38)
	at org.apache.hadoop.hive.metastore.TUGIBasedProcessor$1.run(TUGIBasedProcessor.java:111)
	at org.apache.hadoop.hive.metastore.TUGIBasedProcessor$1.run(TUGIBasedProcessor.java:107)
	at java.security.AccessController.doPrivileged(Native Method)
	at javax.security.auth.Subject.doAs(Subject.java:422)
	at org.apache.hadoop.security.UserGroupInformation.doAs(UserGroupInformation.java:1682)
	at org.apache.hadoop.hive.metastore.TUGIBasedProcessor.process(TUGIBasedProcessor.java:119)
	at org.apache.thrift.server.TThreadPoolServer$WorkerProcess.run(TThreadPoolServer.java:248)
	at java.util.concurrent.ThreadPoolExecutor.runWorker(ThreadPoolExecutor.java:1149)
	at java.util.concurrent.ThreadPoolExecutor$Worker.run(ThreadPoolExecutor.java:624)
	at java.lang.Thread.run(Thread.java:750)
NestedThrowablesStackTrace:
java.sql.BatchUpdateException: DELETE on table 'DBS' caused a violation of foreign key constraint 'TBLS_FK1' for key (11).  The statement has been rolled back.
	at org.apache.derby.impl.jdbc.EmbedStatement.executeLargeBatch(Unknown Source)
	at org.apache.derby.impl.jdbc.EmbedStatement.executeBatch(Unknown Source)
	at com.zaxxer.hikari.pool.ProxyStatement.executeBatch(ProxyStatement.java:128)
	at com.zaxxer.hikari.pool.HikariProxyPreparedStatement.executeBatch(HikariProxyPreparedStatement.java)
	at org.datanucleus.store.rdbms.ParamLoggingPreparedStatement.executeBatch(ParamLoggingPreparedStatement.java:366)
	at org.datanucleus.store.rdbms.SQLController.processConnectionStatement(SQLController.java:675)
	at org.datanucleus.store.rdbms.SQLController.processStatementsForConnection(SQLController.java:643)
	at org.datanucleus.store.rdbms.SQLController$1.transactionFlushed(SQLController.java:729)
	at org.datanucleus.store.connection.AbstractManagedConnection.transactionFlushed(AbstractManagedConnection.java:95)
	at org.datanucleus.store.connection.ConnectionManagerImpl$2.transactionFlushed(ConnectionManagerImpl.java:528)
	at org.datanucleus.TransactionImpl.flush(TransactionImpl.java:222)
	at org.datanucleus.ExecutionContextImpl.flushInternal(ExecutionContextImpl.java:4068)
	at org.datanucleus.ExecutionContextThreadedImpl.flushInternal(ExecutionContextThreadedImpl.java:448)
	at org.datanucleus.ExecutionContextImpl.flush(ExecutionContextImpl.java:4009)
	at org.datanucleus.ExecutionContextThreadedImpl.flush(ExecutionContextThreadedImpl.java:434)
	at org.datanucleus.api.jdo.JDOPersistenceManager.flush(JDOPersistenceManager.java:2064)
	at org.apache.hadoop.hive.metastore.ObjectStore.addNotificationEvent(ObjectStore.java:11639)
	at sun.reflect.GeneratedMethodAccessor68.invoke(Unknown Source)
	at sun.reflect.DelegatingMethodAccessorImpl.invoke(DelegatingMethodAccessorImpl.java:43)
	at java.lang.reflect.Method.invoke(Method.java:498)
	at org.apache.hadoop.hive.metastore.RawStoreProxy.invoke(RawStoreProxy.java:97)
	at com.sun.proxy.$Proxy32.addNotificationEvent(Unknown Source)
	at org.apache.hive.hcatalog.listener.DbNotificationListener.process(DbNotificationListener.java:1403)
	at org.apache.hive.hcatalog.listener.DbNotificationListener.onDropDatabase(DbNotificationListener.java:513)
	at org.apache.hadoop.hive.metastore.MetaStoreListenerNotifier$26.notify(MetaStoreListenerNotifier.java:99)
	at org.apache.hadoop.hive.metastore.MetaStoreListenerNotifier.notifyEvent(MetaStoreListenerNotifier.java:339)
	at org.apache.hadoop.hive.metastore.HMSHandler.drop_database_core(HMSHandler.java:1785)
	at org.apache.hadoop.hive.metastore.HMSHandler.drop_database(HMSHandler.java:1869)
	at sun.reflect.GeneratedMethodAccessor73.invoke(Unknown Source)
	at sun.reflect.DelegatingMethodAccessorImpl.invoke(DelegatingMethodAccessorImpl.java:43)
	at java.lang.reflect.Method.invoke(Method.java:498)
	at org.apache.hadoop.hive.metastore.RetryingHMSHandler.invokeInternal(RetryingHMSHandler.java:147)
	at org.apache.hadoop.hive.metastore.RetryingHMSHandler.invoke(RetryingHMSHandler.java:108)
	at com.sun.proxy.$Proxy34.drop_database(Unknown Source)
	at org.apache.hadoop.hive.metastore.api.ThriftHiveMetastore$Processor$drop_database.getResult(ThriftHiveMetastore.java:18285)
	at org.apache.hadoop.hive.metastore.api.ThriftHiveMetastore$Processor$drop_database.getResult(ThriftHiveMetastore.java:18264)
	at org.apache.thrift.ProcessFunction.process(ProcessFunction.java:38)
	at org.apache.hadoop.hive.metastore.TUGIBasedProcessor$1.run(TUGIBasedProcessor.java:111)
	at org.apache.hadoop.hive.metastore.TUGIBasedProcessor$1.run(TUGIBasedProcessor.java:107)
	at java.security.AccessController.doPrivileged(Native Method)
	at javax.security.auth.Subject.doAs(Subject.java:422)
	at org.apache.hadoop.security.UserGroupInformation.doAs(UserGroupInformation.java:1682)
	at org.apache.hadoop.hive.metastore.TUGIBasedProcessor.process(TUGIBasedProcessor.java:119)
	at org.apache.thrift.server.TThreadPoolServer$WorkerProcess.run(TThreadPoolServer.java:248)
	at java.util.concurrent.ThreadPoolExecutor.runWorker(ThreadPoolExecutor.java:1149)
	at java.util.concurrent.ThreadPoolExecutor$Worker.run(ThreadPoolExecutor.java:624)
	at java.lang.Thread.run(Thread.java:750)
Caused by: org.apache.derby.shared.common.error.DerbySQLIntegrityConstraintViolationException: DELETE on table 'DBS' caused a violation of foreign key constraint 'TBLS_FK1' for key (11).  The statement has been rolled back.
	at org.apache.derby.impl.jdbc.SQLExceptionFactory.getSQLException(Unknown Source)
	at org.apache.derby.impl.jdbc.Util.generateCsSQLException(Unknown Source)
	at org.apache.derby.impl.jdbc.TransactionResourceImpl.wrapInSQLException(Unknown Source)
	at org.apache.derby.impl.jdbc.TransactionResourceImpl.handleException(Unknown Source)
	at org.apache.derby.impl.jdbc.EmbedConnection.handleException(Unknown Source)
	at org.apache.derby.impl.jdbc.ConnectionChild.handleException(Unknown Source)
	at org.apache.derby.impl.jdbc.EmbedStatement.executeStatement(Unknown Source)
	at org.apache.derby.impl.jdbc.EmbedPreparedStatement.executeBatchElement(Unknown Source)
	... 47 more
Caused by: ERROR 23503: DELETE on table 'DBS' caused a violation of foreign key constraint 'TBLS_FK1' for key (11).  The statement has been rolled back.
	at org.apache.derby.iapi.error.StandardException.newException(Unknown Source)
	at org.apache.derby.iapi.error.StandardException.newException(Unknown Source)
	at org.apache.derby.impl.sql.execute.ReferencedKeyRIChecker.doCheck(Unknown Source)
	at org.apache.derby.impl.sql.execute.RISetChecker.doPKCheck(Unknown Source)
	at org.apache.derby.impl.sql.execute.DeleteResultSet.collectAffectedRows(Unknown Source)
	at org.apache.derby.impl.sql.execute.DeleteResultSet.open(Unknown Source)
	at org.apache.derby.impl.sql.GenericPreparedStatement.executeStmt(Unknown Source)
	at org.apache.derby.impl.sql.GenericPreparedStatement.execute(Unknown Source)
	... 49 more

2024-04-24T12:26:23,587  INFO [TThreadPoolServer WorkerProcess-%d] HiveMetaStore.audit: ugi=alex	ip=127.0.0.1	cmd=source:127.0.0.1 drop_database: @hive#myDb	
2024-04-24T12:26:23,590  INFO [TThreadPoolServer WorkerProcess-%d] HiveMetaStore.audit: ugi=alex	ip=127.0.0.1	cmd=source:127.0.0.1 get_all_tables: db=@hive#myDb	
2024-04-24T12:26:23,591  INFO [TThreadPoolServer WorkerProcess-%d] HiveMetaStore.audit: ugi=alex	ip=127.0.0.1	cmd=source:127.0.0.1 get_functions: db=@hive#myDb pat=*	
2024-04-24T12:26:23,592  INFO [TThreadPoolServer WorkerProcess-%d] HiveMetaStore.audit: ugi=alex	ip=127.0.0.1	cmd=source:127.0.0.1 get_all_stored_procedures	
2024-04-24T12:26:23,593  INFO [TThreadPoolServer WorkerProcess-%d] HiveMetaStore.audit: ugi=alex	ip=127.0.0.1	cmd=source:127.0.0.1 get_all_packages	
2024-04-24T12:26:23,593  INFO [TThreadPoolServer WorkerProcess-%d] HiveMetaStore.audit: ugi=alex	ip=127.0.0.1	cmd=source:127.0.0.1 getTablesByTypeCore: catName=hive: db=myDb pat=.*,type=MATERIALIZED_VIEW	
2024-04-24T12:26:23,599  INFO [TThreadPoolServer WorkerProcess-%d] HiveMetaStore.audit: ugi=alex	ip=127.0.0.1	cmd=source:127.0.0.1 drop_table : tbl=hive.mydb.mytable	
2024-04-24T12:26:23,616  INFO [TThreadPoolServer WorkerProcess-%d] metastore.ObjectStore: Dropping database hive.myDb along with all tables
2024-04-24T12:26:23,625  WARN [TThreadPoolServer WorkerProcess-%d] utils.FileUtils: File file:/home/alex/Repositories/hive/hcatalog/webhcat/java-client/target/warehouse/44585/mydb.db does not exist; Force to delete it.
2024-04-24T12:26:23,625 ERROR [TThreadPoolServer WorkerProcess-%d] utils.FileUtils: Failed to delete pfile:/home/alex/Repositories/hive/hcatalog/webhcat/java-client/target/warehouse/44585/mydb.db
2024-04-24T12:26:23,672  WARN [main] conf.HiveConf: HiveConf of name hive.llap.io.cache.orc.size does not exist
2024-04-24T12:26:23,673  WARN [main] conf.HiveConf: HiveConf of name hive.metastore.client.cache.maxSize does not exist
2024-04-24T12:26:23,673  WARN [main] conf.HiveConf: HiveConf of name hive.llap.io.cache.orc.arena.size does not exist
2024-04-24T12:26:23,673  WARN [main] conf.HiveConf: HiveConf of name hive.stats.key.prefix.reserve.length does not exist
2024-04-24T12:26:23,673  WARN [main] conf.HiveConf: HiveConf of name hive.dummyparam.test.server.specific.config.metastoresite does not exist
2024-04-24T12:26:23,673  WARN [main] conf.HiveConf: HiveConf of name hive.llap.io.cache.orc.alloc.min does not exist
2024-04-24T12:26:23,673  WARN [main] conf.HiveConf: HiveConf of name hive.metastore.metadb.dir does not exist
2024-04-24T12:26:23,673  WARN [main] conf.HiveConf: HiveConf of name hive.llap.io.cache.orc.alloc.max does not exist
2024-04-24T12:26:23,673  WARN [main] conf.HiveConf: HiveConf of name hive.dummyparam.test.server.specific.config.hivesite does not exist
2024-04-24T12:26:23,673  WARN [main] conf.HiveConf: HiveConf of name hive.metastore.client.cache.recordStats does not exist
2024-04-24T12:26:23,673  WARN [main] conf.HiveConf: HiveConf of name hive.dummyparam.test.server.specific.config.override does not exist
2024-04-24T12:26:23,673  INFO [main] common.HCatUtil: mapreduce.lib.hcatoutput.hive.conf not set. Generating configuration differences.
2024-04-24T12:26:23,675  INFO [main] common.HCatUtil: Configuration differences={datanucleus.schema.autoCreateAll=true, hive.exec.scratchdir=${test.tmp.dir}/scratchdir, hive.strict.timestamp.conversion=false, datanucleus.connectionPool.maxPoolSize=4, hive.ignore.mapjoin.hint=false, hive.query.reexecution.stats.persist.scope=query, hive.cbo.fallback.strategy=TEST, hive.users.in.admin.role=hive_admin_user, hive.metastore.warehouse.dir=${test.warehouse.dir}, hive.server2.operation.log.purgePolicy.timeToLive=5s, hive.llap.io.allocator.direct=false, hive.default.rcfile.serde=org.apache.hadoop.hive.serde2.columnar.ColumnarSerDe, javax.jdo.option.ConnectionURL=jdbc:derby:memory:${test.tmp.dir}/junit_metastore_db;create=true, hive.test.dummystats.aggregator=value2, hive.scheduled.queries.executor.enabled=false, hive.querylog.location=${test.tmp.dir}/tmp, hive.exec.local.scratchdir=${test.tmp.dir}/localscratchdir/, hive.jar.path=${maven.local.repository}/org/apache/hive/hive-exec/${hive.version}/hive-exec-${hive.version}.jar, hive.fetch.task.conversion=minimal, hive.security.authorization.manager=org.apache.hadoop.hive.ql.security.authorization.plugin.sqlstd.SQLStdHiveAuthorizerFactoryForTest, hive.mapjoin.max.gc.time.percentage=0.99, hive.in.test=true, hive.stats.fetch.bitvector=true, hive.query.results.cache.enabled=false, hive.metastore.client.cache.enabled=true, hive.auto.convert.join=false, hive.exec.submit.local.task.via.child=false, hive.conf.restricted.list=from.hivemetastore-site.xml, hive.metastore.schema.verification=false}
2024-04-24T12:26:23,675  WARN [main] metastore.HiveMetaStoreClient: Unexpected increment of user count beyond one: 4 HCatClient: thread: 1 users=4 expired=false closed=false
2024-04-24T12:26:23,676  INFO [TThreadPoolServer WorkerProcess-%d] HiveMetaStore.audit: ugi=alex	ip=127.0.0.1	cmd=source:127.0.0.1 get_databases: @hive#NonExistentDatabaseUsedForHealthCheck	
2024-04-24T12:26:23,677  INFO [TThreadPoolServer WorkerProcess-%d] HiveMetaStore.audit: ugi=alex	ip=127.0.0.1	cmd=source:127.0.0.1 create_database: Database(name:myDb, description:null, locationUri:null, parameters:null, catalogName:hive)	
2024-04-24T12:26:23,679  INFO [TThreadPoolServer WorkerProcess-%d] metastore.HMSHandler: Creating database path in external directory pfile:/home/alex/Repositories/hive/hcatalog/webhcat/java-client/target/warehouse/44585/mydb.db
2024-04-24T12:26:23,679  INFO [TThreadPoolServer WorkerProcess-%d] utils.FileUtils: Creating directory if it doesn't exist: pfile:/home/alex/Repositories/hive/hcatalog/webhcat/java-client/target/warehouse/44585/mydb.db
2024-04-24T12:26:23,681  INFO [TThreadPoolServer WorkerProcess-%d] metastore.HMSHandler: Created database path in external directory pfile:/home/alex/Repositories/hive/hcatalog/webhcat/java-client/target/warehouse/44585/mydb.db
2024-04-24T12:26:23,729  WARN [main] conf.HiveConf: HiveConf of name hive.llap.io.cache.orc.alloc.min does not exist
2024-04-24T12:26:23,729  WARN [main] conf.HiveConf: HiveConf of name hive.llap.io.cache.orc.arena.size does not exist
2024-04-24T12:26:23,730  WARN [main] conf.HiveConf: HiveConf of name hive.llap.io.cache.orc.size does not exist
2024-04-24T12:26:23,730  WARN [main] conf.HiveConf: HiveConf of name hive.stats.key.prefix.reserve.length does not exist
2024-04-24T12:26:23,730  WARN [main] conf.HiveConf: HiveConf of name hive.metastore.client.cache.recordStats does not exist
2024-04-24T12:26:23,730  WARN [main] conf.HiveConf: HiveConf of name hive.dummyparam.test.server.specific.config.override does not exist
2024-04-24T12:26:23,730  WARN [main] conf.HiveConf: HiveConf of name hive.llap.io.cache.orc.alloc.max does not exist
2024-04-24T12:26:23,730  WARN [main] conf.HiveConf: HiveConf of name hive.dummyparam.test.server.specific.config.metastoresite does not exist
2024-04-24T12:26:23,730  WARN [main] conf.HiveConf: HiveConf of name hive.metastore.metadb.dir does not exist
2024-04-24T12:26:23,730  WARN [main] conf.HiveConf: HiveConf of name hive.dummyparam.test.server.specific.config.hivesite does not exist
2024-04-24T12:26:23,730  WARN [main] conf.HiveConf: HiveConf of name hive.metastore.client.cache.maxSize does not exist
2024-04-24T12:26:23,730  INFO [main] common.HCatUtil: mapreduce.lib.hcatoutput.hive.conf not set. Generating configuration differences.
2024-04-24T12:26:23,732  INFO [main] common.HCatUtil: Configuration differences={datanucleus.schema.autoCreateAll=true, hive.exec.scratchdir=${test.tmp.dir}/scratchdir, hive.strict.timestamp.conversion=false, datanucleus.connectionPool.maxPoolSize=4, hive.ignore.mapjoin.hint=false, hive.query.reexecution.stats.persist.scope=query, hive.users.in.admin.role=hive_admin_user, hive.cbo.fallback.strategy=TEST, hive.metastore.warehouse.dir=${test.warehouse.dir}, hive.server2.operation.log.purgePolicy.timeToLive=5s, hive.llap.io.allocator.direct=false, hive.default.rcfile.serde=org.apache.hadoop.hive.serde2.columnar.ColumnarSerDe, javax.jdo.option.ConnectionURL=jdbc:derby:memory:${test.tmp.dir}/junit_metastore_db;create=true, hive.test.dummystats.aggregator=value2, hive.scheduled.queries.executor.enabled=false, hive.querylog.location=${test.tmp.dir}/tmp, hive.jar.path=${maven.local.repository}/org/apache/hive/hive-exec/${hive.version}/hive-exec-${hive.version}.jar, hive.exec.local.scratchdir=${test.tmp.dir}/localscratchdir/, hive.fetch.task.conversion=minimal, hive.security.authorization.manager=org.apache.hadoop.hive.ql.security.authorization.plugin.sqlstd.SQLStdHiveAuthorizerFactoryForTest, hive.mapjoin.max.gc.time.percentage=0.99, hive.in.test=true, hive.stats.fetch.bitvector=true, hive.query.results.cache.enabled=false, hive.metastore.client.cache.enabled=true, hive.auto.convert.join=false, hive.exec.submit.local.task.via.child=false, hive.metastore.schema.verification=false, hive.conf.restricted.list=from.hivemetastore-site.xml}
2024-04-24T12:26:23,732  WARN [main] metastore.HiveMetaStoreClient: Unexpected increment of user count beyond one: 5 HCatClient: thread: 1 users=5 expired=false closed=false
2024-04-24T12:26:23,733  INFO [TThreadPoolServer WorkerProcess-%d] HiveMetaStore.audit: ugi=alex	ip=127.0.0.1	cmd=source:127.0.0.1 get_databases: @hive#NonExistentDatabaseUsedForHealthCheck	
2024-04-24T12:26:23,734  WARN [main] api.HCatTable: Conf hasn't been set yet. Using defaults.
2024-04-24T12:26:23,791  WARN [main] conf.HiveConf: HiveConf of name hive.dummyparam.test.server.specific.config.override does not exist
2024-04-24T12:26:23,791  WARN [main] conf.HiveConf: HiveConf of name hive.dummyparam.test.server.specific.config.metastoresite does not exist
2024-04-24T12:26:23,791  WARN [main] conf.HiveConf: HiveConf of name hive.metastore.metadb.dir does not exist
2024-04-24T12:26:23,791  WARN [main] conf.HiveConf: HiveConf of name hive.stats.key.prefix.reserve.length does not exist
2024-04-24T12:26:23,791  WARN [main] conf.HiveConf: HiveConf of name hive.metastore.client.cache.recordStats does not exist
2024-04-24T12:26:23,791  WARN [main] conf.HiveConf: HiveConf of name hive.llap.io.cache.orc.size does not exist
2024-04-24T12:26:23,791  WARN [main] conf.HiveConf: HiveConf of name hive.llap.io.cache.orc.alloc.max does not exist
2024-04-24T12:26:23,791  WARN [main] conf.HiveConf: HiveConf of name hive.dummyparam.test.server.specific.config.hivesite does not exist
2024-04-24T12:26:23,791  WARN [main] conf.HiveConf: HiveConf of name hive.llap.io.cache.orc.arena.size does not exist
2024-04-24T12:26:23,791  WARN [main] conf.HiveConf: HiveConf of name hive.llap.io.cache.orc.alloc.min does not exist
2024-04-24T12:26:23,791  WARN [main] conf.HiveConf: HiveConf of name hive.metastore.client.cache.maxSize does not exist
2024-04-24T12:26:23,792  INFO [TThreadPoolServer WorkerProcess-%d] HiveMetaStore.audit: ugi=alex	ip=127.0.0.1	cmd=source:127.0.0.1 create_table_req: Table(tableName:myTable, dbName:myDb, owner:alex, createTime:1713986783, lastAccessTime:0, retention:0, sd:StorageDescriptor(cols:[FieldSchema(name:foo, type:int, comment:), FieldSchema(name:bar, type:string, comment:)], location:null, inputFormat:org.apache.hadoop.mapred.TextInputFormat, outputFormat:org.apache.hadoop.hive.ql.io.HiveIgnoreKeyTextOutputFormat, compressed:false, numBuckets:0, serdeInfo:SerDeInfo(name:null, serializationLib:org.apache.hadoop.hive.serde2.lazy.LazySimpleSerDe, parameters:{serialization.format=1}), bucketCols:null, sortCols:null, parameters:null), partitionKeys:[FieldSchema(name:dt, type:string, comment:), FieldSchema(name:grid, type:string, comment:)], parameters:{comment=Source table., bucketing_version=2}, viewOriginalText:null, viewExpandedText:null, tableType:MANAGED_TABLE, catName:hive, ownerType:USER)	
2024-04-24T12:26:23,795  INFO [TThreadPoolServer WorkerProcess-%d] utils.FileUtils: Creating directory if it doesn't exist: pfile:/home/alex/Repositories/hive/hcatalog/webhcat/java-client/target/warehouse/44585/mydb.db/mytable
2024-04-24T12:26:23,854  WARN [main] conf.HiveConf: HiveConf of name hive.dummyparam.test.server.specific.config.hivesite does not exist
2024-04-24T12:26:23,854  WARN [main] conf.HiveConf: HiveConf of name hive.llap.io.cache.orc.alloc.max does not exist
2024-04-24T12:26:23,854  WARN [main] conf.HiveConf: HiveConf of name hive.llap.io.cache.orc.alloc.min does not exist
2024-04-24T12:26:23,854  WARN [main] conf.HiveConf: HiveConf of name hive.llap.io.cache.orc.size does not exist
2024-04-24T12:26:23,854  WARN [main] conf.HiveConf: HiveConf of name hive.dummyparam.test.server.specific.config.metastoresite does not exist
2024-04-24T12:26:23,854  WARN [main] conf.HiveConf: HiveConf of name hive.metastore.client.cache.maxSize does not exist
2024-04-24T12:26:23,854  WARN [main] conf.HiveConf: HiveConf of name hive.llap.io.cache.orc.arena.size does not exist
2024-04-24T12:26:23,854  WARN [main] conf.HiveConf: HiveConf of name hive.dummyparam.test.server.specific.config.override does not exist
2024-04-24T12:26:23,854  WARN [main] conf.HiveConf: HiveConf of name hive.metastore.metadb.dir does not exist
2024-04-24T12:26:23,854  WARN [main] conf.HiveConf: HiveConf of name hive.stats.key.prefix.reserve.length does not exist
2024-04-24T12:26:23,854  WARN [main] conf.HiveConf: HiveConf of name hive.metastore.client.cache.recordStats does not exist
2024-04-24T12:26:23,855  INFO [main] common.HCatUtil: mapreduce.lib.hcatoutput.hive.conf not set. Generating configuration differences.
2024-04-24T12:26:23,856  INFO [main] common.HCatUtil: Configuration differences={datanucleus.schema.autoCreateAll=true, hive.exec.scratchdir=${test.tmp.dir}/scratchdir, hive.strict.timestamp.conversion=false, datanucleus.connectionPool.maxPoolSize=4, hive.ignore.mapjoin.hint=false, hive.query.reexecution.stats.persist.scope=query, hive.cbo.fallback.strategy=TEST, hive.users.in.admin.role=hive_admin_user, hive.metastore.warehouse.dir=${test.warehouse.dir}, hive.server2.operation.log.purgePolicy.timeToLive=5s, hive.llap.io.allocator.direct=false, hive.default.rcfile.serde=org.apache.hadoop.hive.serde2.columnar.ColumnarSerDe, javax.jdo.option.ConnectionURL=jdbc:derby:memory:${test.tmp.dir}/junit_metastore_db;create=true, hive.test.dummystats.aggregator=value2, hive.scheduled.queries.executor.enabled=false, hive.querylog.location=${test.tmp.dir}/tmp, hive.exec.local.scratchdir=${test.tmp.dir}/localscratchdir/, hive.jar.path=${maven.local.repository}/org/apache/hive/hive-exec/${hive.version}/hive-exec-${hive.version}.jar, hive.fetch.task.conversion=minimal, hive.mapjoin.max.gc.time.percentage=0.99, hive.security.authorization.manager=org.apache.hadoop.hive.ql.security.authorization.plugin.sqlstd.SQLStdHiveAuthorizerFactoryForTest, hive.in.test=true, hive.stats.fetch.bitvector=true, hive.query.results.cache.enabled=false, hive.metastore.client.cache.enabled=true, hive.auto.convert.join=false, hive.exec.submit.local.task.via.child=false, hive.conf.restricted.list=from.hivemetastore-site.xml, hive.metastore.schema.verification=false}
2024-04-24T12:26:23,857  WARN [main] metastore.HiveMetaStoreClient: Unexpected increment of user count beyond one: 6 HCatClient: thread: 1 users=6 expired=false closed=false
2024-04-24T12:26:23,857  INFO [TThreadPoolServer WorkerProcess-%d] HiveMetaStore.audit: ugi=alex	ip=127.0.0.1	cmd=source:127.0.0.1 get_databases: @hive#NonExistentDatabaseUsedForHealthCheck	
2024-04-24T12:26:23,859  INFO [TThreadPoolServer WorkerProcess-%d] HiveMetaStore.audit: ugi=alex	ip=127.0.0.1	cmd=source:127.0.0.1 get_table : tbl=hive.myDb.myTable	
2024-04-24T12:26:23,866  INFO [TThreadPoolServer WorkerProcess-%d] metastore.HMSHandler: Skipping translation for processor with null
2024-04-24T12:26:23,913  WARN [main] conf.HiveConf: HiveConf of name hive.llap.io.cache.orc.alloc.min does not exist
2024-04-24T12:26:23,913  WARN [main] conf.HiveConf: HiveConf of name hive.metastore.metadb.dir does not exist
2024-04-24T12:26:23,913  WARN [main] conf.HiveConf: HiveConf of name hive.dummyparam.test.server.specific.config.metastoresite does not exist
2024-04-24T12:26:23,913  WARN [main] conf.HiveConf: HiveConf of name hive.dummyparam.test.server.specific.config.override does not exist
2024-04-24T12:26:23,914  WARN [main] conf.HiveConf: HiveConf of name hive.metastore.client.cache.recordStats does not exist
2024-04-24T12:26:23,914  WARN [main] conf.HiveConf: HiveConf of name hive.llap.io.cache.orc.alloc.max does not exist
2024-04-24T12:26:23,914  WARN [main] conf.HiveConf: HiveConf of name hive.llap.io.cache.orc.arena.size does not exist
2024-04-24T12:26:23,914  WARN [main] conf.HiveConf: HiveConf of name hive.dummyparam.test.server.specific.config.hivesite does not exist
2024-04-24T12:26:23,914  WARN [main] conf.HiveConf: HiveConf of name hive.metastore.client.cache.maxSize does not exist
2024-04-24T12:26:23,914  WARN [main] conf.HiveConf: HiveConf of name hive.stats.key.prefix.reserve.length does not exist
2024-04-24T12:26:23,914  WARN [main] conf.HiveConf: HiveConf of name hive.llap.io.cache.orc.size does not exist
2024-04-24T12:26:23,914  INFO [main] common.HCatUtil: mapreduce.lib.hcatoutput.hive.conf not set. Generating configuration differences.
2024-04-24T12:26:23,916  INFO [main] common.HCatUtil: Configuration differences={datanucleus.schema.autoCreateAll=true, hive.exec.scratchdir=${test.tmp.dir}/scratchdir, hive.strict.timestamp.conversion=false, datanucleus.connectionPool.maxPoolSize=4, hive.ignore.mapjoin.hint=false, hive.query.reexecution.stats.persist.scope=query, hive.users.in.admin.role=hive_admin_user, hive.cbo.fallback.strategy=TEST, hive.metastore.warehouse.dir=${test.warehouse.dir}, hive.server2.operation.log.purgePolicy.timeToLive=5s, hive.llap.io.allocator.direct=false, hive.default.rcfile.serde=org.apache.hadoop.hive.serde2.columnar.ColumnarSerDe, javax.jdo.option.ConnectionURL=jdbc:derby:memory:${test.tmp.dir}/junit_metastore_db;create=true, hive.test.dummystats.aggregator=value2, hive.scheduled.queries.executor.enabled=false, hive.querylog.location=${test.tmp.dir}/tmp, hive.exec.local.scratchdir=${test.tmp.dir}/localscratchdir/, hive.jar.path=${maven.local.repository}/org/apache/hive/hive-exec/${hive.version}/hive-exec-${hive.version}.jar, hive.fetch.task.conversion=minimal, hive.security.authorization.manager=org.apache.hadoop.hive.ql.security.authorization.plugin.sqlstd.SQLStdHiveAuthorizerFactoryForTest, hive.mapjoin.max.gc.time.percentage=0.99, hive.in.test=true, hive.stats.fetch.bitvector=true, hive.metastore.client.cache.enabled=true, hive.query.results.cache.enabled=false, hive.auto.convert.join=false, hive.exec.submit.local.task.via.child=false, hive.conf.restricted.list=from.hivemetastore-site.xml, hive.metastore.schema.verification=false}
2024-04-24T12:26:23,916  WARN [main] metastore.HiveMetaStoreClient: Unexpected increment of user count beyond one: 7 HCatClient: thread: 1 users=7 expired=false closed=false
2024-04-24T12:26:23,916  INFO [TThreadPoolServer WorkerProcess-%d] HiveMetaStore.audit: ugi=alex	ip=127.0.0.1	cmd=source:127.0.0.1 get_databases: @hive#NonExistentDatabaseUsedForHealthCheck	
2024-04-24T12:26:23,918  INFO [TThreadPoolServer WorkerProcess-%d] HiveMetaStore.audit: ugi=alex	ip=127.0.0.1	cmd=source:127.0.0.1 get_table : tbl=hive.mydb.mytable	
2024-04-24T12:26:23,923  INFO [TThreadPoolServer WorkerProcess-%d] metastore.HMSHandler: Skipping translation for processor with null
2024-04-24T12:26:23,924  INFO [TThreadPoolServer WorkerProcess-%d] HiveMetaStore.audit: ugi=alex	ip=127.0.0.1	cmd=source:127.0.0.1 add_partition : tbl=hive.mydb.mytable	
2024-04-24T12:26:23,931  INFO [TThreadPoolServer WorkerProcess-%d] utils.FileUtils: Creating directory if it doesn't exist: pfile:/home/alex/Repositories/hive/hcatalog/webhcat/java-client/target/warehouse/44585/mydb.db/mytable/dt=2011_12_31/grid=AB
2024-04-24T12:26:23,995  WARN [main] conf.HiveConf: HiveConf of name hive.stats.key.prefix.reserve.length does not exist
2024-04-24T12:26:23,995  WARN [main] conf.HiveConf: HiveConf of name hive.dummyparam.test.server.specific.config.metastoresite does not exist
2024-04-24T12:26:23,995  WARN [main] conf.HiveConf: HiveConf of name hive.llap.io.cache.orc.size does not exist
2024-04-24T12:26:23,995  WARN [main] conf.HiveConf: HiveConf of name hive.metastore.client.cache.maxSize does not exist
2024-04-24T12:26:23,996  WARN [main] conf.HiveConf: HiveConf of name hive.metastore.client.cache.recordStats does not exist
2024-04-24T12:26:23,996  WARN [main] conf.HiveConf: HiveConf of name hive.llap.io.cache.orc.arena.size does not exist
2024-04-24T12:26:23,996  WARN [main] conf.HiveConf: HiveConf of name hive.llap.io.cache.orc.alloc.min does not exist
2024-04-24T12:26:23,996  WARN [main] conf.HiveConf: HiveConf of name hive.metastore.metadb.dir does not exist
2024-04-24T12:26:23,996  WARN [main] conf.HiveConf: HiveConf of name hive.dummyparam.test.server.specific.config.override does not exist
2024-04-24T12:26:23,996  WARN [main] conf.HiveConf: HiveConf of name hive.dummyparam.test.server.specific.config.hivesite does not exist
2024-04-24T12:26:23,996  WARN [main] conf.HiveConf: HiveConf of name hive.llap.io.cache.orc.alloc.max does not exist
2024-04-24T12:26:23,996  INFO [main] common.HCatUtil: mapreduce.lib.hcatoutput.hive.conf not set. Generating configuration differences.
2024-04-24T12:26:23,998  INFO [main] common.HCatUtil: Configuration differences={datanucleus.schema.autoCreateAll=true, hive.exec.scratchdir=${test.tmp.dir}/scratchdir, hive.strict.timestamp.conversion=false, datanucleus.connectionPool.maxPoolSize=4, hive.ignore.mapjoin.hint=false, hive.query.reexecution.stats.persist.scope=query, hive.cbo.fallback.strategy=TEST, hive.users.in.admin.role=hive_admin_user, hive.metastore.warehouse.dir=${test.warehouse.dir}, hive.server2.operation.log.purgePolicy.timeToLive=5s, hive.llap.io.allocator.direct=false, hive.default.rcfile.serde=org.apache.hadoop.hive.serde2.columnar.ColumnarSerDe, javax.jdo.option.ConnectionURL=jdbc:derby:memory:${test.tmp.dir}/junit_metastore_db;create=true, hive.test.dummystats.aggregator=value2, hive.scheduled.queries.executor.enabled=false, hive.querylog.location=${test.tmp.dir}/tmp, hive.exec.local.scratchdir=${test.tmp.dir}/localscratchdir/, hive.jar.path=${maven.local.repository}/org/apache/hive/hive-exec/${hive.version}/hive-exec-${hive.version}.jar, hive.fetch.task.conversion=minimal, hive.mapjoin.max.gc.time.percentage=0.99, hive.security.authorization.manager=org.apache.hadoop.hive.ql.security.authorization.plugin.sqlstd.SQLStdHiveAuthorizerFactoryForTest, hive.in.test=true, hive.stats.fetch.bitvector=true, hive.metastore.client.cache.enabled=true, hive.query.results.cache.enabled=false, hive.auto.convert.join=false, hive.exec.submit.local.task.via.child=false, hive.conf.restricted.list=from.hivemetastore-site.xml, hive.metastore.schema.verification=false}
2024-04-24T12:26:23,999  WARN [main] metastore.HiveMetaStoreClient: Unexpected increment of user count beyond one: 8 HCatClient: thread: 1 users=8 expired=false closed=false
2024-04-24T12:26:23,999  INFO [TThreadPoolServer WorkerProcess-%d] HiveMetaStore.audit: ugi=alex	ip=127.0.0.1	cmd=source:127.0.0.1 get_databases: @hive#NonExistentDatabaseUsedForHealthCheck	
2024-04-24T12:26:24,000  INFO [TThreadPoolServer WorkerProcess-%d] HiveMetaStore.audit: ugi=alex	ip=127.0.0.1	cmd=source:127.0.0.1 get_table : tbl=hive.myDb.myTable	
2024-04-24T12:26:24,006  INFO [TThreadPoolServer WorkerProcess-%d] metastore.HMSHandler: Skipping translation for processor with null
2024-04-24T12:26:24,006  INFO [TThreadPoolServer WorkerProcess-%d] HiveMetaStore.audit: ugi=alex	ip=127.0.0.1	cmd=source:127.0.0.1 get_partitions : tbl=hive.myDb.myTable	
2024-04-24T12:26:24,075  WARN [main] conf.HiveConf: HiveConf of name hive.dummyparam.test.server.specific.config.hivesite does not exist
2024-04-24T12:26:24,075  WARN [main] conf.HiveConf: HiveConf of name hive.llap.io.cache.orc.arena.size does not exist
2024-04-24T12:26:24,076  WARN [main] conf.HiveConf: HiveConf of name hive.metastore.client.cache.maxSize does not exist
2024-04-24T12:26:24,076  WARN [main] conf.HiveConf: HiveConf of name hive.metastore.metadb.dir does not exist
2024-04-24T12:26:24,076  WARN [main] conf.HiveConf: HiveConf of name hive.metastore.client.cache.recordStats does not exist
2024-04-24T12:26:24,076  WARN [main] conf.HiveConf: HiveConf of name hive.dummyparam.test.server.specific.config.metastoresite does not exist
2024-04-24T12:26:24,076  WARN [main] conf.HiveConf: HiveConf of name hive.stats.key.prefix.reserve.length does not exist
2024-04-24T12:26:24,076  WARN [main] conf.HiveConf: HiveConf of name hive.llap.io.cache.orc.size does not exist
2024-04-24T12:26:24,076  WARN [main] conf.HiveConf: HiveConf of name hive.dummyparam.test.server.specific.config.override does not exist
2024-04-24T12:26:24,076  WARN [main] conf.HiveConf: HiveConf of name hive.llap.io.cache.orc.alloc.min does not exist
2024-04-24T12:26:24,076  WARN [main] conf.HiveConf: HiveConf of name hive.llap.io.cache.orc.alloc.max does not exist
2024-04-24T12:26:24,076  INFO [main] common.HCatUtil: mapreduce.lib.hcatoutput.hive.conf not set. Generating configuration differences.
2024-04-24T12:26:24,078  INFO [main] common.HCatUtil: Configuration differences={datanucleus.schema.autoCreateAll=true, hive.exec.scratchdir=${test.tmp.dir}/scratchdir, hive.strict.timestamp.conversion=false, datanucleus.connectionPool.maxPoolSize=4, hive.ignore.mapjoin.hint=false, hive.query.reexecution.stats.persist.scope=query, hive.cbo.fallback.strategy=TEST, hive.users.in.admin.role=hive_admin_user, hive.metastore.warehouse.dir=${test.warehouse.dir}, hive.server2.operation.log.purgePolicy.timeToLive=5s, hive.llap.io.allocator.direct=false, hive.default.rcfile.serde=org.apache.hadoop.hive.serde2.columnar.ColumnarSerDe, javax.jdo.option.ConnectionURL=jdbc:derby:memory:${test.tmp.dir}/junit_metastore_db;create=true, hive.test.dummystats.aggregator=value2, hive.scheduled.queries.executor.enabled=false, hive.querylog.location=${test.tmp.dir}/tmp, hive.exec.local.scratchdir=${test.tmp.dir}/localscratchdir/, hive.jar.path=${maven.local.repository}/org/apache/hive/hive-exec/${hive.version}/hive-exec-${hive.version}.jar, hive.fetch.task.conversion=minimal, hive.security.authorization.manager=org.apache.hadoop.hive.ql.security.authorization.plugin.sqlstd.SQLStdHiveAuthorizerFactoryForTest, hive.mapjoin.max.gc.time.percentage=0.99, hive.in.test=true, hive.stats.fetch.bitvector=true, hive.metastore.client.cache.enabled=true, hive.query.results.cache.enabled=false, hive.auto.convert.join=false, hive.exec.submit.local.task.via.child=false, hive.metastore.schema.verification=false, hive.conf.restricted.list=from.hivemetastore-site.xml}
2024-04-24T12:26:24,078  WARN [main] metastore.HiveMetaStoreClient: Unexpected increment of user count beyond one: 9 HCatClient: thread: 1 users=9 expired=false closed=false
2024-04-24T12:26:24,079  INFO [TThreadPoolServer WorkerProcess-%d] HiveMetaStore.audit: ugi=alex	ip=127.0.0.1	cmd=source:127.0.0.1 get_databases: @hive#NonExistentDatabaseUsedForHealthCheck	
2024-04-24T12:26:24,080  INFO [TThreadPoolServer WorkerProcess-%d] HiveMetaStore.audit: ugi=alex	ip=127.0.0.1	cmd=source:127.0.0.1 get_table : tbl=hive.myDb.myTable	
2024-04-24T12:26:24,085  INFO [TThreadPoolServer WorkerProcess-%d] metastore.HMSHandler: Skipping translation for processor with null
2024-04-24T12:26:24,086  INFO [TThreadPoolServer WorkerProcess-%d] HiveMetaStore.audit: ugi=alex	ip=127.0.0.1	cmd=source:127.0.0.1 get_partition : tbl=hive.myDb.myTable[2011_12_31,AB]	
2024-04-24T12:26:24,146  WARN [main] conf.HiveConf: HiveConf of name hive.llap.io.cache.orc.alloc.min does not exist
2024-04-24T12:26:24,146  WARN [main] conf.HiveConf: HiveConf of name hive.metastore.client.cache.maxSize does not exist
2024-04-24T12:26:24,146  WARN [main] conf.HiveConf: HiveConf of name hive.stats.key.prefix.reserve.length does not exist
2024-04-24T12:26:24,146  WARN [main] conf.HiveConf: HiveConf of name hive.llap.io.cache.orc.arena.size does not exist
2024-04-24T12:26:24,146  WARN [main] conf.HiveConf: HiveConf of name hive.llap.io.cache.orc.alloc.max does not exist
2024-04-24T12:26:24,146  WARN [main] conf.HiveConf: HiveConf of name hive.metastore.client.cache.recordStats does not exist
2024-04-24T12:26:24,147  WARN [main] conf.HiveConf: HiveConf of name hive.dummyparam.test.server.specific.config.override does not exist
2024-04-24T12:26:24,147  WARN [main] conf.HiveConf: HiveConf of name hive.dummyparam.test.server.specific.config.metastoresite does not exist
2024-04-24T12:26:24,147  WARN [main] conf.HiveConf: HiveConf of name hive.metastore.metadb.dir does not exist
2024-04-24T12:26:24,147  WARN [main] conf.HiveConf: HiveConf of name hive.dummyparam.test.server.specific.config.hivesite does not exist
2024-04-24T12:26:24,147  WARN [main] conf.HiveConf: HiveConf of name hive.llap.io.cache.orc.size does not exist
2024-04-24T12:26:24,147  INFO [main] common.HCatUtil: mapreduce.lib.hcatoutput.hive.conf not set. Generating configuration differences.
2024-04-24T12:26:24,149  INFO [main] common.HCatUtil: Configuration differences={datanucleus.schema.autoCreateAll=true, hive.exec.scratchdir=${test.tmp.dir}/scratchdir, hive.strict.timestamp.conversion=false, datanucleus.connectionPool.maxPoolSize=4, hive.ignore.mapjoin.hint=false, hive.query.reexecution.stats.persist.scope=query, hive.users.in.admin.role=hive_admin_user, hive.cbo.fallback.strategy=TEST, hive.metastore.warehouse.dir=${test.warehouse.dir}, hive.server2.operation.log.purgePolicy.timeToLive=5s, hive.llap.io.allocator.direct=false, hive.default.rcfile.serde=org.apache.hadoop.hive.serde2.columnar.ColumnarSerDe, javax.jdo.option.ConnectionURL=jdbc:derby:memory:${test.tmp.dir}/junit_metastore_db;create=true, hive.test.dummystats.aggregator=value2, hive.scheduled.queries.executor.enabled=false, hive.querylog.location=${test.tmp.dir}/tmp, hive.exec.local.scratchdir=${test.tmp.dir}/localscratchdir/, hive.jar.path=${maven.local.repository}/org/apache/hive/hive-exec/${hive.version}/hive-exec-${hive.version}.jar, hive.fetch.task.conversion=minimal, hive.security.authorization.manager=org.apache.hadoop.hive.ql.security.authorization.plugin.sqlstd.SQLStdHiveAuthorizerFactoryForTest, hive.mapjoin.max.gc.time.percentage=0.99, hive.in.test=true, hive.stats.fetch.bitvector=true, hive.metastore.client.cache.enabled=true, hive.query.results.cache.enabled=false, hive.auto.convert.join=false, hive.exec.submit.local.task.via.child=false, hive.metastore.schema.verification=false, hive.conf.restricted.list=from.hivemetastore-site.xml}
2024-04-24T12:26:24,151  WARN [main] metastore.HiveMetaStoreClient: Unexpected increment of user count beyond one: 3 HCatClient: thread: 1 users=3 expired=false closed=false
2024-04-24T12:26:24,151  INFO [TThreadPoolServer WorkerProcess-%d] HiveMetaStore.audit: ugi=alex	ip=127.0.0.1	cmd=source:127.0.0.1 get_databases: @hive#NonExistentDatabaseUsedForHealthCheck	
2024-04-24T12:26:24,152 ERROR [TThreadPoolServer WorkerProcess-%d] metastore.RetryingHMSHandler: Retrying HMSHandler after 2000 ms (attempt 1 of 10) with error: javax.jdo.JDOFatalUserException: Persistence Manager has been closed
	at org.datanucleus.api.jdo.JDOPersistenceManager.assertIsOpen(JDOPersistenceManager.java:2235)
	at org.datanucleus.api.jdo.JDOPersistenceManager.evictAll(JDOPersistenceManager.java:481)
	at org.apache.hadoop.hive.metastore.ObjectStore.rollbackTransaction(ObjectStore.java:652)
	at org.apache.hadoop.hive.metastore.ObjectStore.rollbackAndCleanup(ObjectStore.java:12974)
	at org.apache.hadoop.hive.metastore.ObjectStore.getDatabases(ObjectStore.java:1007)
	at sun.reflect.GeneratedMethodAccessor168.invoke(Unknown Source)
	at sun.reflect.DelegatingMethodAccessorImpl.invoke(DelegatingMethodAccessorImpl.java:43)
	at java.lang.reflect.Method.invoke(Method.java:498)
	at org.apache.hadoop.hive.metastore.RawStoreProxy.invoke(RawStoreProxy.java:97)
	at com.sun.proxy.$Proxy32.getDatabases(Unknown Source)
	at org.apache.hadoop.hive.metastore.HMSHandler.get_databases(HMSHandler.java:1895)
	at sun.reflect.GeneratedMethodAccessor167.invoke(Unknown Source)
	at sun.reflect.DelegatingMethodAccessorImpl.invoke(DelegatingMethodAccessorImpl.java:43)
	at java.lang.reflect.Method.invoke(Method.java:498)
	at org.apache.hadoop.hive.metastore.RetryingHMSHandler.invokeInternal(RetryingHMSHandler.java:147)
	at org.apache.hadoop.hive.metastore.RetryingHMSHandler.invoke(RetryingHMSHandler.java:108)
	at com.sun.proxy.$Proxy34.get_databases(Unknown Source)
	at org.apache.hadoop.hive.metastore.api.ThriftHiveMetastore$Processor$get_databases.getResult(ThriftHiveMetastore.java:18318)
	at org.apache.hadoop.hive.metastore.api.ThriftHiveMetastore$Processor$get_databases.getResult(ThriftHiveMetastore.java:18297)
	at org.apache.thrift.ProcessFunction.process(ProcessFunction.java:38)
	at org.apache.hadoop.hive.metastore.TUGIBasedProcessor$1.run(TUGIBasedProcessor.java:111)
	at org.apache.hadoop.hive.metastore.TUGIBasedProcessor$1.run(TUGIBasedProcessor.java:107)
	at java.security.AccessController.doPrivileged(Native Method)
	at javax.security.auth.Subject.doAs(Subject.java:422)
	at org.apache.hadoop.security.UserGroupInformation.doAs(UserGroupInformation.java:1682)
	at org.apache.hadoop.hive.metastore.TUGIBasedProcessor.process(TUGIBasedProcessor.java:119)
	at org.apache.thrift.server.TThreadPoolServer$WorkerProcess.run(TThreadPoolServer.java:248)
	at java.util.concurrent.ThreadPoolExecutor.runWorker(ThreadPoolExecutor.java:1149)
	at java.util.concurrent.ThreadPoolExecutor$Worker.run(ThreadPoolExecutor.java:624)
	at java.lang.Thread.run(Thread.java:750)

2024-04-24T12:26:26,152  INFO [TThreadPoolServer WorkerProcess-%d] HiveMetaStore.audit: ugi=alex	ip=127.0.0.1	cmd=source:127.0.0.1 get_databases: @hive#NonExistentDatabaseUsedForHealthCheck	
2024-04-24T12:26:26,153 ERROR [TThreadPoolServer WorkerProcess-%d] metastore.RetryingHMSHandler: Retrying HMSHandler after 2000 ms (attempt 2 of 10) with error: javax.jdo.JDOFatalUserException: Persistence Manager has been closed
	at org.datanucleus.api.jdo.JDOPersistenceManager.assertIsOpen(JDOPersistenceManager.java:2235)
	at org.datanucleus.api.jdo.JDOPersistenceManager.evictAll(JDOPersistenceManager.java:481)
	at org.apache.hadoop.hive.metastore.ObjectStore.rollbackTransaction(ObjectStore.java:652)
	at org.apache.hadoop.hive.metastore.ObjectStore.rollbackAndCleanup(ObjectStore.java:12974)
	at org.apache.hadoop.hive.metastore.ObjectStore.getDatabases(ObjectStore.java:1007)
	at sun.reflect.GeneratedMethodAccessor168.invoke(Unknown Source)
	at sun.reflect.DelegatingMethodAccessorImpl.invoke(DelegatingMethodAccessorImpl.java:43)
	at java.lang.reflect.Method.invoke(Method.java:498)
	at org.apache.hadoop.hive.metastore.RawStoreProxy.invoke(RawStoreProxy.java:97)
	at com.sun.proxy.$Proxy32.getDatabases(Unknown Source)
	at org.apache.hadoop.hive.metastore.HMSHandler.get_databases(HMSHandler.java:1895)
	at sun.reflect.GeneratedMethodAccessor167.invoke(Unknown Source)
	at sun.reflect.DelegatingMethodAccessorImpl.invoke(DelegatingMethodAccessorImpl.java:43)
	at java.lang.reflect.Method.invoke(Method.java:498)
	at org.apache.hadoop.hive.metastore.RetryingHMSHandler.invokeInternal(RetryingHMSHandler.java:147)
	at org.apache.hadoop.hive.metastore.RetryingHMSHandler.invoke(RetryingHMSHandler.java:108)
	at com.sun.proxy.$Proxy34.get_databases(Unknown Source)
	at org.apache.hadoop.hive.metastore.api.ThriftHiveMetastore$Processor$get_databases.getResult(ThriftHiveMetastore.java:18318)
	at org.apache.hadoop.hive.metastore.api.ThriftHiveMetastore$Processor$get_databases.getResult(ThriftHiveMetastore.java:18297)
	at org.apache.thrift.ProcessFunction.process(ProcessFunction.java:38)
	at org.apache.hadoop.hive.metastore.TUGIBasedProcessor$1.run(TUGIBasedProcessor.java:111)
	at org.apache.hadoop.hive.metastore.TUGIBasedProcessor$1.run(TUGIBasedProcessor.java:107)
	at java.security.AccessController.doPrivileged(Native Method)
	at javax.security.auth.Subject.doAs(Subject.java:422)
	at org.apache.hadoop.security.UserGroupInformation.doAs(UserGroupInformation.java:1682)
	at org.apache.hadoop.hive.metastore.TUGIBasedProcessor.process(TUGIBasedProcessor.java:119)
	at org.apache.thrift.server.TThreadPoolServer$WorkerProcess.run(TThreadPoolServer.java:248)
	at java.util.concurrent.ThreadPoolExecutor.runWorker(ThreadPoolExecutor.java:1149)
	at java.util.concurrent.ThreadPoolExecutor$Worker.run(ThreadPoolExecutor.java:624)
	at java.lang.Thread.run(Thread.java:750)

2024-04-24T12:26:28,154  INFO [TThreadPoolServer WorkerProcess-%d] HiveMetaStore.audit: ugi=alex	ip=127.0.0.1	cmd=source:127.0.0.1 get_databases: @hive#NonExistentDatabaseUsedForHealthCheck	
2024-04-24T12:26:28,154 ERROR [TThreadPoolServer WorkerProcess-%d] metastore.RetryingHMSHandler: Retrying HMSHandler after 2000 ms (attempt 3 of 10) with error: javax.jdo.JDOFatalUserException: Persistence Manager has been closed
	at org.datanucleus.api.jdo.JDOPersistenceManager.assertIsOpen(JDOPersistenceManager.java:2235)
	at org.datanucleus.api.jdo.JDOPersistenceManager.evictAll(JDOPersistenceManager.java:481)
	at org.apache.hadoop.hive.metastore.ObjectStore.rollbackTransaction(ObjectStore.java:652)
	at org.apache.hadoop.hive.metastore.ObjectStore.rollbackAndCleanup(ObjectStore.java:12974)
	at org.apache.hadoop.hive.metastore.ObjectStore.getDatabases(ObjectStore.java:1007)
	at sun.reflect.GeneratedMethodAccessor168.invoke(Unknown Source)
	at sun.reflect.DelegatingMethodAccessorImpl.invoke(DelegatingMethodAccessorImpl.java:43)
	at java.lang.reflect.Method.invoke(Method.java:498)
	at org.apache.hadoop.hive.metastore.RawStoreProxy.invoke(RawStoreProxy.java:97)
	at com.sun.proxy.$Proxy32.getDatabases(Unknown Source)
	at org.apache.hadoop.hive.metastore.HMSHandler.get_databases(HMSHandler.java:1895)
	at sun.reflect.GeneratedMethodAccessor167.invoke(Unknown Source)
	at sun.reflect.DelegatingMethodAccessorImpl.invoke(DelegatingMethodAccessorImpl.java:43)
	at java.lang.reflect.Method.invoke(Method.java:498)
	at org.apache.hadoop.hive.metastore.RetryingHMSHandler.invokeInternal(RetryingHMSHandler.java:147)
	at org.apache.hadoop.hive.metastore.RetryingHMSHandler.invoke(RetryingHMSHandler.java:108)
	at com.sun.proxy.$Proxy34.get_databases(Unknown Source)
	at org.apache.hadoop.hive.metastore.api.ThriftHiveMetastore$Processor$get_databases.getResult(ThriftHiveMetastore.java:18318)
	at org.apache.hadoop.hive.metastore.api.ThriftHiveMetastore$Processor$get_databases.getResult(ThriftHiveMetastore.java:18297)
	at org.apache.thrift.ProcessFunction.process(ProcessFunction.java:38)
	at org.apache.hadoop.hive.metastore.TUGIBasedProcessor$1.run(TUGIBasedProcessor.java:111)
	at org.apache.hadoop.hive.metastore.TUGIBasedProcessor$1.run(TUGIBasedProcessor.java:107)
	at java.security.AccessController.doPrivileged(Native Method)
	at javax.security.auth.Subject.doAs(Subject.java:422)
	at org.apache.hadoop.security.UserGroupInformation.doAs(UserGroupInformation.java:1682)
	at org.apache.hadoop.hive.metastore.TUGIBasedProcessor.process(TUGIBasedProcessor.java:119)
	at org.apache.thrift.server.TThreadPoolServer$WorkerProcess.run(TThreadPoolServer.java:248)
	at java.util.concurrent.ThreadPoolExecutor.runWorker(ThreadPoolExecutor.java:1149)
	at java.util.concurrent.ThreadPoolExecutor$Worker.run(ThreadPoolExecutor.java:624)
	at java.lang.Thread.run(Thread.java:750)

2024-04-24T12:26:30,155  INFO [TThreadPoolServer WorkerProcess-%d] HiveMetaStore.audit: ugi=alex	ip=127.0.0.1	cmd=source:127.0.0.1 get_databases: @hive#NonExistentDatabaseUsedForHealthCheck	
2024-04-24T12:26:30,156 ERROR [TThreadPoolServer WorkerProcess-%d] metastore.RetryingHMSHandler: Retrying HMSHandler after 2000 ms (attempt 4 of 10) with error: javax.jdo.JDOFatalUserException: Persistence Manager has been closed
	at org.datanucleus.api.jdo.JDOPersistenceManager.assertIsOpen(JDOPersistenceManager.java:2235)
	at org.datanucleus.api.jdo.JDOPersistenceManager.evictAll(JDOPersistenceManager.java:481)
	at org.apache.hadoop.hive.metastore.ObjectStore.rollbackTransaction(ObjectStore.java:652)
	at org.apache.hadoop.hive.metastore.ObjectStore.rollbackAndCleanup(ObjectStore.java:12974)
	at org.apache.hadoop.hive.metastore.ObjectStore.getDatabases(ObjectStore.java:1007)
	at sun.reflect.GeneratedMethodAccessor168.invoke(Unknown Source)
	at sun.reflect.DelegatingMethodAccessorImpl.invoke(DelegatingMethodAccessorImpl.java:43)
	at java.lang.reflect.Method.invoke(Method.java:498)
	at org.apache.hadoop.hive.metastore.RawStoreProxy.invoke(RawStoreProxy.java:97)
	at com.sun.proxy.$Proxy32.getDatabases(Unknown Source)
	at org.apache.hadoop.hive.metastore.HMSHandler.get_databases(HMSHandler.java:1895)
	at sun.reflect.GeneratedMethodAccessor167.invoke(Unknown Source)
	at sun.reflect.DelegatingMethodAccessorImpl.invoke(DelegatingMethodAccessorImpl.java:43)
	at java.lang.reflect.Method.invoke(Method.java:498)
	at org.apache.hadoop.hive.metastore.RetryingHMSHandler.invokeInternal(RetryingHMSHandler.java:147)
	at org.apache.hadoop.hive.metastore.RetryingHMSHandler.invoke(RetryingHMSHandler.java:108)
	at com.sun.proxy.$Proxy34.get_databases(Unknown Source)
	at org.apache.hadoop.hive.metastore.api.ThriftHiveMetastore$Processor$get_databases.getResult(ThriftHiveMetastore.java:18318)
	at org.apache.hadoop.hive.metastore.api.ThriftHiveMetastore$Processor$get_databases.getResult(ThriftHiveMetastore.java:18297)
	at org.apache.thrift.ProcessFunction.process(ProcessFunction.java:38)
	at org.apache.hadoop.hive.metastore.TUGIBasedProcessor$1.run(TUGIBasedProcessor.java:111)
	at org.apache.hadoop.hive.metastore.TUGIBasedProcessor$1.run(TUGIBasedProcessor.java:107)
	at java.security.AccessController.doPrivileged(Native Method)
	at javax.security.auth.Subject.doAs(Subject.java:422)
	at org.apache.hadoop.security.UserGroupInformation.doAs(UserGroupInformation.java:1682)
	at org.apache.hadoop.hive.metastore.TUGIBasedProcessor.process(TUGIBasedProcessor.java:119)
	at org.apache.thrift.server.TThreadPoolServer$WorkerProcess.run(TThreadPoolServer.java:248)
	at java.util.concurrent.ThreadPoolExecutor.runWorker(ThreadPoolExecutor.java:1149)
	at java.util.concurrent.ThreadPoolExecutor$Worker.run(ThreadPoolExecutor.java:624)
	at java.lang.Thread.run(Thread.java:750)

2024-04-24T12:26:32,156  INFO [TThreadPoolServer WorkerProcess-%d] HiveMetaStore.audit: ugi=alex	ip=127.0.0.1	cmd=source:127.0.0.1 get_databases: @hive#NonExistentDatabaseUsedForHealthCheck	
2024-04-24T12:26:32,157 ERROR [TThreadPoolServer WorkerProcess-%d] metastore.RetryingHMSHandler: Retrying HMSHandler after 2000 ms (attempt 5 of 10) with error: javax.jdo.JDOFatalUserException: Persistence Manager has been closed
	at org.datanucleus.api.jdo.JDOPersistenceManager.assertIsOpen(JDOPersistenceManager.java:2235)
	at org.datanucleus.api.jdo.JDOPersistenceManager.evictAll(JDOPersistenceManager.java:481)
	at org.apache.hadoop.hive.metastore.ObjectStore.rollbackTransaction(ObjectStore.java:652)
	at org.apache.hadoop.hive.metastore.ObjectStore.rollbackAndCleanup(ObjectStore.java:12974)
	at org.apache.hadoop.hive.metastore.ObjectStore.getDatabases(ObjectStore.java:1007)
	at sun.reflect.GeneratedMethodAccessor168.invoke(Unknown Source)
	at sun.reflect.DelegatingMethodAccessorImpl.invoke(DelegatingMethodAccessorImpl.java:43)
	at java.lang.reflect.Method.invoke(Method.java:498)
	at org.apache.hadoop.hive.metastore.RawStoreProxy.invoke(RawStoreProxy.java:97)
	at com.sun.proxy.$Proxy32.getDatabases(Unknown Source)
	at org.apache.hadoop.hive.metastore.HMSHandler.get_databases(HMSHandler.java:1895)
	at sun.reflect.GeneratedMethodAccessor167.invoke(Unknown Source)
	at sun.reflect.DelegatingMethodAccessorImpl.invoke(DelegatingMethodAccessorImpl.java:43)
	at java.lang.reflect.Method.invoke(Method.java:498)
	at org.apache.hadoop.hive.metastore.RetryingHMSHandler.invokeInternal(RetryingHMSHandler.java:147)
	at org.apache.hadoop.hive.metastore.RetryingHMSHandler.invoke(RetryingHMSHandler.java:108)
	at com.sun.proxy.$Proxy34.get_databases(Unknown Source)
	at org.apache.hadoop.hive.metastore.api.ThriftHiveMetastore$Processor$get_databases.getResult(ThriftHiveMetastore.java:18318)
	at org.apache.hadoop.hive.metastore.api.ThriftHiveMetastore$Processor$get_databases.getResult(ThriftHiveMetastore.java:18297)
	at org.apache.thrift.ProcessFunction.process(ProcessFunction.java:38)
	at org.apache.hadoop.hive.metastore.TUGIBasedProcessor$1.run(TUGIBasedProcessor.java:111)
	at org.apache.hadoop.hive.metastore.TUGIBasedProcessor$1.run(TUGIBasedProcessor.java:107)
	at java.security.AccessController.doPrivileged(Native Method)
	at javax.security.auth.Subject.doAs(Subject.java:422)
	at org.apache.hadoop.security.UserGroupInformation.doAs(UserGroupInformation.java:1682)
	at org.apache.hadoop.hive.metastore.TUGIBasedProcessor.process(TUGIBasedProcessor.java:119)
	at org.apache.thrift.server.TThreadPoolServer$WorkerProcess.run(TThreadPoolServer.java:248)
	at java.util.concurrent.ThreadPoolExecutor.runWorker(ThreadPoolExecutor.java:1149)
	at java.util.concurrent.ThreadPoolExecutor$Worker.run(ThreadPoolExecutor.java:624)
	at java.lang.Thread.run(Thread.java:750)

2024-04-24T12:26:34,157  INFO [TThreadPoolServer WorkerProcess-%d] HiveMetaStore.audit: ugi=alex	ip=127.0.0.1	cmd=source:127.0.0.1 get_databases: @hive#NonExistentDatabaseUsedForHealthCheck	
2024-04-24T12:26:34,158 ERROR [TThreadPoolServer WorkerProcess-%d] metastore.RetryingHMSHandler: Retrying HMSHandler after 2000 ms (attempt 6 of 10) with error: javax.jdo.JDOFatalUserException: Persistence Manager has been closed
	at org.datanucleus.api.jdo.JDOPersistenceManager.assertIsOpen(JDOPersistenceManager.java:2235)
	at org.datanucleus.api.jdo.JDOPersistenceManager.evictAll(JDOPersistenceManager.java:481)
	at org.apache.hadoop.hive.metastore.ObjectStore.rollbackTransaction(ObjectStore.java:652)
	at org.apache.hadoop.hive.metastore.ObjectStore.rollbackAndCleanup(ObjectStore.java:12974)
	at org.apache.hadoop.hive.metastore.ObjectStore.getDatabases(ObjectStore.java:1007)
	at sun.reflect.GeneratedMethodAccessor168.invoke(Unknown Source)
	at sun.reflect.DelegatingMethodAccessorImpl.invoke(DelegatingMethodAccessorImpl.java:43)
	at java.lang.reflect.Method.invoke(Method.java:498)
	at org.apache.hadoop.hive.metastore.RawStoreProxy.invoke(RawStoreProxy.java:97)
	at com.sun.proxy.$Proxy32.getDatabases(Unknown Source)
	at org.apache.hadoop.hive.metastore.HMSHandler.get_databases(HMSHandler.java:1895)
	at sun.reflect.GeneratedMethodAccessor167.invoke(Unknown Source)
	at sun.reflect.DelegatingMethodAccessorImpl.invoke(DelegatingMethodAccessorImpl.java:43)
	at java.lang.reflect.Method.invoke(Method.java:498)
	at org.apache.hadoop.hive.metastore.RetryingHMSHandler.invokeInternal(RetryingHMSHandler.java:147)
	at org.apache.hadoop.hive.metastore.RetryingHMSHandler.invoke(RetryingHMSHandler.java:108)
	at com.sun.proxy.$Proxy34.get_databases(Unknown Source)
	at org.apache.hadoop.hive.metastore.api.ThriftHiveMetastore$Processor$get_databases.getResult(ThriftHiveMetastore.java:18318)
	at org.apache.hadoop.hive.metastore.api.ThriftHiveMetastore$Processor$get_databases.getResult(ThriftHiveMetastore.java:18297)
	at org.apache.thrift.ProcessFunction.process(ProcessFunction.java:38)
	at org.apache.hadoop.hive.metastore.TUGIBasedProcessor$1.run(TUGIBasedProcessor.java:111)
	at org.apache.hadoop.hive.metastore.TUGIBasedProcessor$1.run(TUGIBasedProcessor.java:107)
	at java.security.AccessController.doPrivileged(Native Method)
	at javax.security.auth.Subject.doAs(Subject.java:422)
	at org.apache.hadoop.security.UserGroupInformation.doAs(UserGroupInformation.java:1682)
	at org.apache.hadoop.hive.metastore.TUGIBasedProcessor.process(TUGIBasedProcessor.java:119)
	at org.apache.thrift.server.TThreadPoolServer$WorkerProcess.run(TThreadPoolServer.java:248)
	at java.util.concurrent.ThreadPoolExecutor.runWorker(ThreadPoolExecutor.java:1149)
	at java.util.concurrent.ThreadPoolExecutor$Worker.run(ThreadPoolExecutor.java:624)
	at java.lang.Thread.run(Thread.java:750)

2024-04-24T12:26:36,159  INFO [TThreadPoolServer WorkerProcess-%d] HiveMetaStore.audit: ugi=alex	ip=127.0.0.1	cmd=source:127.0.0.1 get_databases: @hive#NonExistentDatabaseUsedForHealthCheck	
2024-04-24T12:26:36,159 ERROR [TThreadPoolServer WorkerProcess-%d] metastore.RetryingHMSHandler: Retrying HMSHandler after 2000 ms (attempt 7 of 10) with error: javax.jdo.JDOFatalUserException: Persistence Manager has been closed
	at org.datanucleus.api.jdo.JDOPersistenceManager.assertIsOpen(JDOPersistenceManager.java:2235)
	at org.datanucleus.api.jdo.JDOPersistenceManager.evictAll(JDOPersistenceManager.java:481)
	at org.apache.hadoop.hive.metastore.ObjectStore.rollbackTransaction(ObjectStore.java:652)
	at org.apache.hadoop.hive.metastore.ObjectStore.rollbackAndCleanup(ObjectStore.java:12974)
	at org.apache.hadoop.hive.metastore.ObjectStore.getDatabases(ObjectStore.java:1007)
	at sun.reflect.GeneratedMethodAccessor168.invoke(Unknown Source)
	at sun.reflect.DelegatingMethodAccessorImpl.invoke(DelegatingMethodAccessorImpl.java:43)
	at java.lang.reflect.Method.invoke(Method.java:498)
	at org.apache.hadoop.hive.metastore.RawStoreProxy.invoke(RawStoreProxy.java:97)
	at com.sun.proxy.$Proxy32.getDatabases(Unknown Source)
	at org.apache.hadoop.hive.metastore.HMSHandler.get_databases(HMSHandler.java:1895)
	at sun.reflect.GeneratedMethodAccessor167.invoke(Unknown Source)
	at sun.reflect.DelegatingMethodAccessorImpl.invoke(DelegatingMethodAccessorImpl.java:43)
	at java.lang.reflect.Method.invoke(Method.java:498)
	at org.apache.hadoop.hive.metastore.RetryingHMSHandler.invokeInternal(RetryingHMSHandler.java:147)
	at org.apache.hadoop.hive.metastore.RetryingHMSHandler.invoke(RetryingHMSHandler.java:108)
	at com.sun.proxy.$Proxy34.get_databases(Unknown Source)
	at org.apache.hadoop.hive.metastore.api.ThriftHiveMetastore$Processor$get_databases.getResult(ThriftHiveMetastore.java:18318)
	at org.apache.hadoop.hive.metastore.api.ThriftHiveMetastore$Processor$get_databases.getResult(ThriftHiveMetastore.java:18297)
	at org.apache.thrift.ProcessFunction.process(ProcessFunction.java:38)
	at org.apache.hadoop.hive.metastore.TUGIBasedProcessor$1.run(TUGIBasedProcessor.java:111)
	at org.apache.hadoop.hive.metastore.TUGIBasedProcessor$1.run(TUGIBasedProcessor.java:107)
	at java.security.AccessController.doPrivileged(Native Method)
	at javax.security.auth.Subject.doAs(Subject.java:422)
	at org.apache.hadoop.security.UserGroupInformation.doAs(UserGroupInformation.java:1682)
	at org.apache.hadoop.hive.metastore.TUGIBasedProcessor.process(TUGIBasedProcessor.java:119)
	at org.apache.thrift.server.TThreadPoolServer$WorkerProcess.run(TThreadPoolServer.java:248)
	at java.util.concurrent.ThreadPoolExecutor.runWorker(ThreadPoolExecutor.java:1149)
	at java.util.concurrent.ThreadPoolExecutor$Worker.run(ThreadPoolExecutor.java:624)
	at java.lang.Thread.run(Thread.java:750)

2024-04-24T12:26:38,159  INFO [TThreadPoolServer WorkerProcess-%d] HiveMetaStore.audit: ugi=alex	ip=127.0.0.1	cmd=source:127.0.0.1 get_databases: @hive#NonExistentDatabaseUsedForHealthCheck	
2024-04-24T12:26:38,161 ERROR [TThreadPoolServer WorkerProcess-%d] metastore.RetryingHMSHandler: Retrying HMSHandler after 2000 ms (attempt 8 of 10) with error: javax.jdo.JDOFatalUserException: Persistence Manager has been closed
	at org.datanucleus.api.jdo.JDOPersistenceManager.assertIsOpen(JDOPersistenceManager.java:2235)
	at org.datanucleus.api.jdo.JDOPersistenceManager.evictAll(JDOPersistenceManager.java:481)
	at org.apache.hadoop.hive.metastore.ObjectStore.rollbackTransaction(ObjectStore.java:652)
	at org.apache.hadoop.hive.metastore.ObjectStore.rollbackAndCleanup(ObjectStore.java:12974)
	at org.apache.hadoop.hive.metastore.ObjectStore.getDatabases(ObjectStore.java:1007)
	at sun.reflect.GeneratedMethodAccessor168.invoke(Unknown Source)
	at sun.reflect.DelegatingMethodAccessorImpl.invoke(DelegatingMethodAccessorImpl.java:43)
	at java.lang.reflect.Method.invoke(Method.java:498)
	at org.apache.hadoop.hive.metastore.RawStoreProxy.invoke(RawStoreProxy.java:97)
	at com.sun.proxy.$Proxy32.getDatabases(Unknown Source)
	at org.apache.hadoop.hive.metastore.HMSHandler.get_databases(HMSHandler.java:1895)
	at sun.reflect.GeneratedMethodAccessor167.invoke(Unknown Source)
	at sun.reflect.DelegatingMethodAccessorImpl.invoke(DelegatingMethodAccessorImpl.java:43)
	at java.lang.reflect.Method.invoke(Method.java:498)
	at org.apache.hadoop.hive.metastore.RetryingHMSHandler.invokeInternal(RetryingHMSHandler.java:147)
	at org.apache.hadoop.hive.metastore.RetryingHMSHandler.invoke(RetryingHMSHandler.java:108)
	at com.sun.proxy.$Proxy34.get_databases(Unknown Source)
	at org.apache.hadoop.hive.metastore.api.ThriftHiveMetastore$Processor$get_databases.getResult(ThriftHiveMetastore.java:18318)
	at org.apache.hadoop.hive.metastore.api.ThriftHiveMetastore$Processor$get_databases.getResult(ThriftHiveMetastore.java:18297)
	at org.apache.thrift.ProcessFunction.process(ProcessFunction.java:38)
	at org.apache.hadoop.hive.metastore.TUGIBasedProcessor$1.run(TUGIBasedProcessor.java:111)
	at org.apache.hadoop.hive.metastore.TUGIBasedProcessor$1.run(TUGIBasedProcessor.java:107)
	at java.security.AccessController.doPrivileged(Native Method)
	at javax.security.auth.Subject.doAs(Subject.java:422)
	at org.apache.hadoop.security.UserGroupInformation.doAs(UserGroupInformation.java:1682)
	at org.apache.hadoop.hive.metastore.TUGIBasedProcessor.process(TUGIBasedProcessor.java:119)
	at org.apache.thrift.server.TThreadPoolServer$WorkerProcess.run(TThreadPoolServer.java:248)
	at java.util.concurrent.ThreadPoolExecutor.runWorker(ThreadPoolExecutor.java:1149)
	at java.util.concurrent.ThreadPoolExecutor$Worker.run(ThreadPoolExecutor.java:624)
	at java.lang.Thread.run(Thread.java:750)

2024-04-24T12:26:40,162  INFO [TThreadPoolServer WorkerProcess-%d] HiveMetaStore.audit: ugi=alex	ip=127.0.0.1	cmd=source:127.0.0.1 get_databases: @hive#NonExistentDatabaseUsedForHealthCheck	
2024-04-24T12:26:40,163 ERROR [TThreadPoolServer WorkerProcess-%d] metastore.RetryingHMSHandler: Retrying HMSHandler after 2000 ms (attempt 9 of 10) with error: javax.jdo.JDOFatalUserException: Persistence Manager has been closed
	at org.datanucleus.api.jdo.JDOPersistenceManager.assertIsOpen(JDOPersistenceManager.java:2235)
	at org.datanucleus.api.jdo.JDOPersistenceManager.evictAll(JDOPersistenceManager.java:481)
	at org.apache.hadoop.hive.metastore.ObjectStore.rollbackTransaction(ObjectStore.java:652)
	at org.apache.hadoop.hive.metastore.ObjectStore.rollbackAndCleanup(ObjectStore.java:12974)
	at org.apache.hadoop.hive.metastore.ObjectStore.getDatabases(ObjectStore.java:1007)
	at sun.reflect.GeneratedMethodAccessor168.invoke(Unknown Source)
	at sun.reflect.DelegatingMethodAccessorImpl.invoke(DelegatingMethodAccessorImpl.java:43)
	at java.lang.reflect.Method.invoke(Method.java:498)
	at org.apache.hadoop.hive.metastore.RawStoreProxy.invoke(RawStoreProxy.java:97)
	at com.sun.proxy.$Proxy32.getDatabases(Unknown Source)
	at org.apache.hadoop.hive.metastore.HMSHandler.get_databases(HMSHandler.java:1895)
	at sun.reflect.GeneratedMethodAccessor167.invoke(Unknown Source)
	at sun.reflect.DelegatingMethodAccessorImpl.invoke(DelegatingMethodAccessorImpl.java:43)
	at java.lang.reflect.Method.invoke(Method.java:498)
	at org.apache.hadoop.hive.metastore.RetryingHMSHandler.invokeInternal(RetryingHMSHandler.java:147)
	at org.apache.hadoop.hive.metastore.RetryingHMSHandler.invoke(RetryingHMSHandler.java:108)
	at com.sun.proxy.$Proxy34.get_databases(Unknown Source)
	at org.apache.hadoop.hive.metastore.api.ThriftHiveMetastore$Processor$get_databases.getResult(ThriftHiveMetastore.java:18318)
	at org.apache.hadoop.hive.metastore.api.ThriftHiveMetastore$Processor$get_databases.getResult(ThriftHiveMetastore.java:18297)
	at org.apache.thrift.ProcessFunction.process(ProcessFunction.java:38)
	at org.apache.hadoop.hive.metastore.TUGIBasedProcessor$1.run(TUGIBasedProcessor.java:111)
	at org.apache.hadoop.hive.metastore.TUGIBasedProcessor$1.run(TUGIBasedProcessor.java:107)
	at java.security.AccessController.doPrivileged(Native Method)
	at javax.security.auth.Subject.doAs(Subject.java:422)
	at org.apache.hadoop.security.UserGroupInformation.doAs(UserGroupInformation.java:1682)
	at org.apache.hadoop.hive.metastore.TUGIBasedProcessor.process(TUGIBasedProcessor.java:119)
	at org.apache.thrift.server.TThreadPoolServer$WorkerProcess.run(TThreadPoolServer.java:248)
	at java.util.concurrent.ThreadPoolExecutor.runWorker(ThreadPoolExecutor.java:1149)
	at java.util.concurrent.ThreadPoolExecutor$Worker.run(ThreadPoolExecutor.java:624)
	at java.lang.Thread.run(Thread.java:750)

2024-04-24T12:26:42,163  INFO [TThreadPoolServer WorkerProcess-%d] HiveMetaStore.audit: ugi=alex	ip=127.0.0.1	cmd=source:127.0.0.1 get_databases: @hive#NonExistentDatabaseUsedForHealthCheck	
2024-04-24T12:26:42,164 ERROR [TThreadPoolServer WorkerProcess-%d] metastore.RetryingHMSHandler: Retrying HMSHandler after 2000 ms (attempt 10 of 10) with error: javax.jdo.JDOFatalUserException: Persistence Manager has been closed
	at org.datanucleus.api.jdo.JDOPersistenceManager.assertIsOpen(JDOPersistenceManager.java:2235)
	at org.datanucleus.api.jdo.JDOPersistenceManager.evictAll(JDOPersistenceManager.java:481)
	at org.apache.hadoop.hive.metastore.ObjectStore.rollbackTransaction(ObjectStore.java:652)
	at org.apache.hadoop.hive.metastore.ObjectStore.rollbackAndCleanup(ObjectStore.java:12974)
	at org.apache.hadoop.hive.metastore.ObjectStore.getDatabases(ObjectStore.java:1007)
	at sun.reflect.GeneratedMethodAccessor168.invoke(Unknown Source)
	at sun.reflect.DelegatingMethodAccessorImpl.invoke(DelegatingMethodAccessorImpl.java:43)
	at java.lang.reflect.Method.invoke(Method.java:498)
	at org.apache.hadoop.hive.metastore.RawStoreProxy.invoke(RawStoreProxy.java:97)
	at com.sun.proxy.$Proxy32.getDatabases(Unknown Source)
	at org.apache.hadoop.hive.metastore.HMSHandler.get_databases(HMSHandler.java:1895)
	at sun.reflect.GeneratedMethodAccessor167.invoke(Unknown Source)
	at sun.reflect.DelegatingMethodAccessorImpl.invoke(DelegatingMethodAccessorImpl.java:43)
	at java.lang.reflect.Method.invoke(Method.java:498)
	at org.apache.hadoop.hive.metastore.RetryingHMSHandler.invokeInternal(RetryingHMSHandler.java:147)
	at org.apache.hadoop.hive.metastore.RetryingHMSHandler.invoke(RetryingHMSHandler.java:108)
	at com.sun.proxy.$Proxy34.get_databases(Unknown Source)
	at org.apache.hadoop.hive.metastore.api.ThriftHiveMetastore$Processor$get_databases.getResult(ThriftHiveMetastore.java:18318)
	at org.apache.hadoop.hive.metastore.api.ThriftHiveMetastore$Processor$get_databases.getResult(ThriftHiveMetastore.java:18297)
	at org.apache.thrift.ProcessFunction.process(ProcessFunction.java:38)
	at org.apache.hadoop.hive.metastore.TUGIBasedProcessor$1.run(TUGIBasedProcessor.java:111)
	at org.apache.hadoop.hive.metastore.TUGIBasedProcessor$1.run(TUGIBasedProcessor.java:107)
	at java.security.AccessController.doPrivileged(Native Method)
	at javax.security.auth.Subject.doAs(Subject.java:422)
	at org.apache.hadoop.security.UserGroupInformation.doAs(UserGroupInformation.java:1682)
	at org.apache.hadoop.hive.metastore.TUGIBasedProcessor.process(TUGIBasedProcessor.java:119)
	at org.apache.thrift.server.TThreadPoolServer$WorkerProcess.run(TThreadPoolServer.java:248)
	at java.util.concurrent.ThreadPoolExecutor.runWorker(ThreadPoolExecutor.java:1149)
	at java.util.concurrent.ThreadPoolExecutor$Worker.run(ThreadPoolExecutor.java:624)
	at java.lang.Thread.run(Thread.java:750)

2024-04-24T12:26:44,165  INFO [TThreadPoolServer WorkerProcess-%d] HiveMetaStore.audit: ugi=alex	ip=127.0.0.1	cmd=source:127.0.0.1 get_databases: @hive#NonExistentDatabaseUsedForHealthCheck	
2024-04-24T12:26:44,165 ERROR [TThreadPoolServer WorkerProcess-%d] metastore.RetryingHMSHandler: HMSHandler Fatal error: javax.jdo.JDOFatalUserException: Persistence Manager has been closed
	at org.datanucleus.api.jdo.JDOPersistenceManager.assertIsOpen(JDOPersistenceManager.java:2235)
	at org.datanucleus.api.jdo.JDOPersistenceManager.evictAll(JDOPersistenceManager.java:481)
	at org.apache.hadoop.hive.metastore.ObjectStore.rollbackTransaction(ObjectStore.java:652)
	at org.apache.hadoop.hive.metastore.ObjectStore.rollbackAndCleanup(ObjectStore.java:12974)
	at org.apache.hadoop.hive.metastore.ObjectStore.getDatabases(ObjectStore.java:1007)
	at sun.reflect.GeneratedMethodAccessor168.invoke(Unknown Source)
	at sun.reflect.DelegatingMethodAccessorImpl.invoke(DelegatingMethodAccessorImpl.java:43)
	at java.lang.reflect.Method.invoke(Method.java:498)
	at org.apache.hadoop.hive.metastore.RawStoreProxy.invoke(RawStoreProxy.java:97)
	at com.sun.proxy.$Proxy32.getDatabases(Unknown Source)
	at org.apache.hadoop.hive.metastore.HMSHandler.get_databases(HMSHandler.java:1895)
	at sun.reflect.GeneratedMethodAccessor167.invoke(Unknown Source)
	at sun.reflect.DelegatingMethodAccessorImpl.invoke(DelegatingMethodAccessorImpl.java:43)
	at java.lang.reflect.Method.invoke(Method.java:498)
	at org.apache.hadoop.hive.metastore.RetryingHMSHandler.invokeInternal(RetryingHMSHandler.java:147)
	at org.apache.hadoop.hive.metastore.RetryingHMSHandler.invoke(RetryingHMSHandler.java:108)
	at com.sun.proxy.$Proxy34.get_databases(Unknown Source)
	at org.apache.hadoop.hive.metastore.api.ThriftHiveMetastore$Processor$get_databases.getResult(ThriftHiveMetastore.java:18318)
	at org.apache.hadoop.hive.metastore.api.ThriftHiveMetastore$Processor$get_databases.getResult(ThriftHiveMetastore.java:18297)
	at org.apache.thrift.ProcessFunction.process(ProcessFunction.java:38)
	at org.apache.hadoop.hive.metastore.TUGIBasedProcessor$1.run(TUGIBasedProcessor.java:111)
	at org.apache.hadoop.hive.metastore.TUGIBasedProcessor$1.run(TUGIBasedProcessor.java:107)
	at java.security.AccessController.doPrivileged(Native Method)
	at javax.security.auth.Subject.doAs(Subject.java:422)
	at org.apache.hadoop.security.UserGroupInformation.doAs(UserGroupInformation.java:1682)
	at org.apache.hadoop.hive.metastore.TUGIBasedProcessor.process(TUGIBasedProcessor.java:119)
	at org.apache.thrift.server.TThreadPoolServer$WorkerProcess.run(TThreadPoolServer.java:248)
	at java.util.concurrent.ThreadPoolExecutor.runWorker(ThreadPoolExecutor.java:1149)
	at java.util.concurrent.ThreadPoolExecutor$Worker.run(ThreadPoolExecutor.java:624)
	at java.lang.Thread.run(Thread.java:750)

2024-04-24T12:26:44,166  WARN [main] metastore.HiveMetaStoreClient: Evicted client has non-zero user count: 3
2024-04-24T12:26:44,166  WARN [main] metastore.HiveMetaStoreClient: Non-zero user count preventing client tear down: users=3 expired=true
2024-04-24T12:26:44,166  WARN [main] metastore.HiveMetaStoreClient: Non-zero user count preventing client tear down: users=2 expired=true
2024-04-24T12:26:44,169  INFO [main] metastore.HiveMetaStoreClient: HMS client filtering is enabled.
2024-04-24T12:26:44,169  INFO [main] metastore.HiveMetaStoreClient: Resolved metastore uris: [thrift://localhost:36265]
2024-04-24T12:26:44,169  INFO [main] metastore.HiveMetaStoreClient: Trying to connect to metastore with URI (thrift://localhost:36265)
2024-04-24T12:26:44,170  INFO [main] metastore.HiveMetaStoreClient: Opened a connection to metastore, URI (thrift://localhost:36265) current connections: 9
2024-04-24T12:26:44,201  INFO [main] metastore.RetryingMetaStoreClient: RetryingMetaStoreClient proxy=class org.apache.hive.hcatalog.common.HiveClientCache$CacheableHiveMetaStoreClient ugi=alex (auth:SIMPLE) retries=1 delay=1 lifetime=0
2024-04-24T12:26:44,202  INFO [TThreadPoolServer WorkerProcess-%d] HiveMetaStore.audit: ugi=alex	ip=127.0.0.1	cmd=source:127.0.0.1 get_database: myDb	
2024-04-24T12:26:44,203  INFO [TThreadPoolServer WorkerProcess-%d] metastore.HMSHandler: 15: Opening raw store with implementation class:org.apache.hadoop.hive.metastore.ObjectStore
2024-04-24T12:26:44,203  INFO [TThreadPoolServer WorkerProcess-%d] metastore.PersistenceManagerProvider: Configuration datanucleus.autoStartMechanismMode is not set. Defaulting to 'ignored'
2024-04-24T12:26:44,204  INFO [TThreadPoolServer WorkerProcess-%d] metastore.PersistenceManagerProvider: Updating the pmf due to property change
2024-04-24T12:26:44,206  WARN [TThreadPoolServer WorkerProcess-%d] hikari.HikariConfig: HikariPool-10 - leakDetectionThreshold is less than 2000ms or more than maxLifetime, disabling it.
2024-04-24T12:26:44,207  INFO [TThreadPoolServer WorkerProcess-%d] hikari.HikariDataSource: HikariPool-10 - Starting...
2024-04-24T12:26:44,208  INFO [TThreadPoolServer WorkerProcess-%d] pool.PoolBase: HikariPool-10 - Driver does not support get/set network timeout for connections. (Feature not implemented: No details.)
2024-04-24T12:26:44,208  INFO [TThreadPoolServer WorkerProcess-%d] hikari.HikariDataSource: HikariPool-10 - Start completed.
2024-04-24T12:26:45,043  INFO [TThreadPoolServer WorkerProcess-%d] HiveMetaStore.audit: ugi=alex	ip=127.0.0.1	cmd=Cleaning up thread local RawStore...	
2024-04-24T12:26:45,043  INFO [TThreadPoolServer WorkerProcess-%d] metastore.ObjectStore: RawStore: org.apache.hadoop.hive.metastore.ObjectStore@62db7d69, with PersistenceManager: org.datanucleus.api.jdo.JDOPersistenceManager@43bf1818 will be shutdown
2024-04-24T12:26:45,043  INFO [TThreadPoolServer WorkerProcess-%d] HiveMetaStore.audit: ugi=alex	ip=127.0.0.1	cmd=Done cleaning up thread local RawStore	
2024-04-24T12:26:45,043  INFO [TThreadPoolServer WorkerProcess-%d] HiveMetaStore.audit: ugi=alex	ip=127.0.0.1	cmd=Cleaning up thread local RawStore...	
2024-04-24T12:26:45,043  WARN [Finalizer] metastore.HiveMetaStoreClient: Closing client with non-zero user count: users=2 expired=true
2024-04-24T12:26:45,043  INFO [TThreadPoolServer WorkerProcess-%d] metastore.ObjectStore: RawStore: org.apache.hadoop.hive.metastore.ObjectStore@5de60dc6, with PersistenceManager: org.datanucleus.api.jdo.JDOPersistenceManager@19da0bd0 will be shutdown
2024-04-24T12:26:45,043  INFO [TThreadPoolServer WorkerProcess-%d] HiveMetaStore.audit: ugi=alex	ip=127.0.0.1	cmd=Done cleaning up thread local RawStore	
2024-04-24T12:26:45,044  INFO [Finalizer] metastore.HiveMetaStoreClient: Closed a connection to metastore, current connections: 8
2024-04-24T12:26:45,044  INFO [TThreadPoolServer WorkerProcess-%d] HiveMetaStore.audit: ugi=alex	ip=127.0.0.1	cmd=Cleaning up thread local RawStore...	
2024-04-24T12:26:45,044  INFO [TThreadPoolServer WorkerProcess-%d] metastore.ObjectStore: RawStore: org.apache.hadoop.hive.metastore.ObjectStore@350cc307, with PersistenceManager: org.datanucleus.api.jdo.JDOPersistenceManager@a48531f will be shutdown
2024-04-24T12:26:45,044  INFO [TThreadPoolServer WorkerProcess-%d] HiveMetaStore.audit: ugi=alex	ip=127.0.0.1	cmd=Done cleaning up thread local RawStore	
2024-04-24T12:26:45,044  INFO [TThreadPoolServer WorkerProcess-%d] HiveMetaStore.audit: ugi=alex	ip=127.0.0.1	cmd=Done cleaning up thread local RawStore	
2024-04-24T12:26:45,572  INFO [TThreadPoolServer WorkerProcess-%d] metastore.PersistenceManagerProvider: Setting MetaStore object pin classes with hive.metastore.cache.pinobjtypes="Table,StorageDescriptor,SerDeInfo,Partition,Database,Type,FieldSchema,Order"
2024-04-24T12:26:45,572  INFO [TThreadPoolServer WorkerProcess-%d] metastore.ObjectStore: RawStore: org.apache.hadoop.hive.metastore.ObjectStore@85c982e, with PersistenceManager: null will be shutdown
2024-04-24T12:26:45,572  INFO [TThreadPoolServer WorkerProcess-%d] metastore.ObjectStore: RawStore: org.apache.hadoop.hive.metastore.ObjectStore@85c982e, with PersistenceManager: org.datanucleus.api.jdo.JDOPersistenceManager@3b73b78f created in the thread with id: 217
2024-04-24T12:26:46,275  INFO [TThreadPoolServer WorkerProcess-%d] metastore.HMSHandler: Created RawStore: org.apache.hadoop.hive.metastore.ObjectStore@85c982e from thread id: 217
2024-04-24T12:26:46,277  INFO [TThreadPoolServer WorkerProcess-%d] HiveMetaStore.audit: ugi=alex	ip=127.0.0.1	cmd=source:127.0.0.1 get_tables_by_type: db=@hive#myDb pat=.*,type=MATERIALIZED_VIEW	
2024-04-24T12:26:46,277  INFO [TThreadPoolServer WorkerProcess-%d] HiveMetaStore.audit: ugi=alex	ip=127.0.0.1	cmd=source:127.0.0.1 getTablesByTypeCore: catName=hive: db=myDb pat=.*,type=MATERIALIZED_VIEW	
2024-04-24T12:26:46,281  INFO [TThreadPoolServer WorkerProcess-%d] HiveMetaStore.audit: ugi=alex	ip=127.0.0.1	cmd=source:127.0.0.1 get_all_tables: db=@hive#myDb	
2024-04-24T12:26:46,285  INFO [TThreadPoolServer WorkerProcess-%d] HiveMetaStore.audit: ugi=alex	ip=127.0.0.1	cmd=source:127.0.0.1 get_multi_table : db=myDb tbls=mytable	
2024-04-24T12:26:46,290  INFO [TThreadPoolServer WorkerProcess-%d] HiveMetaStore.audit: ugi=alex	ip=127.0.0.1	cmd=source:127.0.0.1 drop_database: @hive#myDb	
2024-04-24T12:26:46,290  INFO [TThreadPoolServer WorkerProcess-%d] HiveMetaStore.audit: ugi=alex	ip=127.0.0.1	cmd=source:127.0.0.1 get_all_tables: db=@hive#myDb	
2024-04-24T12:26:46,291  INFO [TThreadPoolServer WorkerProcess-%d] HiveMetaStore.audit: ugi=alex	ip=127.0.0.1	cmd=source:127.0.0.1 get_functions: db=@hive#myDb pat=*	
2024-04-24T12:26:46,303  INFO [TThreadPoolServer WorkerProcess-%d] HiveMetaStore.audit: ugi=alex	ip=127.0.0.1	cmd=source:127.0.0.1 get_all_stored_procedures	
2024-04-24T12:26:46,310  INFO [TThreadPoolServer WorkerProcess-%d] HiveMetaStore.audit: ugi=alex	ip=127.0.0.1	cmd=source:127.0.0.1 get_all_packages	
2024-04-24T12:26:46,348  INFO [TThreadPoolServer WorkerProcess-%d] HiveMetaStore.audit: ugi=alex	ip=127.0.0.1	cmd=source:127.0.0.1 getTablesByTypeCore: catName=hive: db=myDb pat=.*,type=MATERIALIZED_VIEW	
2024-04-24T12:26:46,350  INFO [TThreadPoolServer WorkerProcess-%d] metastore.ObjectStore: Dropping database hive.myDb along with all tables
2024-04-24T12:26:46,388 ERROR [TThreadPoolServer WorkerProcess-%d] metastore.RetryingHMSHandler: Retrying HMSHandler after 2000 ms (attempt 1 of 10) with error: javax.jdo.JDODataStoreException: Exception thrown flushing changes to datastore
	at org.datanucleus.api.jdo.NucleusJDOHelper.getJDOExceptionForNucleusException(NucleusJDOHelper.java:542)
	at org.datanucleus.api.jdo.JDOPersistenceManager.flush(JDOPersistenceManager.java:2081)
	at org.apache.hadoop.hive.metastore.ObjectStore.addNotificationEvent(ObjectStore.java:11639)
	at sun.reflect.GeneratedMethodAccessor68.invoke(Unknown Source)
	at sun.reflect.DelegatingMethodAccessorImpl.invoke(DelegatingMethodAccessorImpl.java:43)
	at java.lang.reflect.Method.invoke(Method.java:498)
	at org.apache.hadoop.hive.metastore.RawStoreProxy.invoke(RawStoreProxy.java:97)
	at com.sun.proxy.$Proxy32.addNotificationEvent(Unknown Source)
	at org.apache.hive.hcatalog.listener.DbNotificationListener.process(DbNotificationListener.java:1403)
	at org.apache.hive.hcatalog.listener.DbNotificationListener.onDropDatabase(DbNotificationListener.java:513)
	at org.apache.hadoop.hive.metastore.MetaStoreListenerNotifier$26.notify(MetaStoreListenerNotifier.java:99)
	at org.apache.hadoop.hive.metastore.MetaStoreListenerNotifier.notifyEvent(MetaStoreListenerNotifier.java:339)
	at org.apache.hadoop.hive.metastore.HMSHandler.drop_database_core(HMSHandler.java:1785)
	at org.apache.hadoop.hive.metastore.HMSHandler.drop_database(HMSHandler.java:1869)
	at sun.reflect.GeneratedMethodAccessor73.invoke(Unknown Source)
	at sun.reflect.DelegatingMethodAccessorImpl.invoke(DelegatingMethodAccessorImpl.java:43)
	at java.lang.reflect.Method.invoke(Method.java:498)
	at org.apache.hadoop.hive.metastore.RetryingHMSHandler.invokeInternal(RetryingHMSHandler.java:147)
	at org.apache.hadoop.hive.metastore.RetryingHMSHandler.invoke(RetryingHMSHandler.java:108)
	at com.sun.proxy.$Proxy34.drop_database(Unknown Source)
	at org.apache.hadoop.hive.metastore.api.ThriftHiveMetastore$Processor$drop_database.getResult(ThriftHiveMetastore.java:18285)
	at org.apache.hadoop.hive.metastore.api.ThriftHiveMetastore$Processor$drop_database.getResult(ThriftHiveMetastore.java:18264)
	at org.apache.thrift.ProcessFunction.process(ProcessFunction.java:38)
	at org.apache.hadoop.hive.metastore.TUGIBasedProcessor$1.run(TUGIBasedProcessor.java:111)
	at org.apache.hadoop.hive.metastore.TUGIBasedProcessor$1.run(TUGIBasedProcessor.java:107)
	at java.security.AccessController.doPrivileged(Native Method)
	at javax.security.auth.Subject.doAs(Subject.java:422)
	at org.apache.hadoop.security.UserGroupInformation.doAs(UserGroupInformation.java:1682)
	at org.apache.hadoop.hive.metastore.TUGIBasedProcessor.process(TUGIBasedProcessor.java:119)
	at org.apache.thrift.server.TThreadPoolServer$WorkerProcess.run(TThreadPoolServer.java:248)
	at java.util.concurrent.ThreadPoolExecutor.runWorker(ThreadPoolExecutor.java:1149)
	at java.util.concurrent.ThreadPoolExecutor$Worker.run(ThreadPoolExecutor.java:624)
	at java.lang.Thread.run(Thread.java:750)
NestedThrowablesStackTrace:
java.sql.BatchUpdateException: DELETE on table 'DBS' caused a violation of foreign key constraint 'TBLS_FK1' for key (11).  The statement has been rolled back.
	at org.apache.derby.impl.jdbc.EmbedStatement.executeLargeBatch(Unknown Source)
	at org.apache.derby.impl.jdbc.EmbedStatement.executeBatch(Unknown Source)
	at com.zaxxer.hikari.pool.ProxyStatement.executeBatch(ProxyStatement.java:128)
	at com.zaxxer.hikari.pool.HikariProxyPreparedStatement.executeBatch(HikariProxyPreparedStatement.java)
	at org.datanucleus.store.rdbms.ParamLoggingPreparedStatement.executeBatch(ParamLoggingPreparedStatement.java:366)
	at org.datanucleus.store.rdbms.SQLController.processConnectionStatement(SQLController.java:675)
	at org.datanucleus.store.rdbms.SQLController.processStatementsForConnection(SQLController.java:643)
	at org.datanucleus.store.rdbms.SQLController$1.transactionFlushed(SQLController.java:729)
	at org.datanucleus.store.connection.AbstractManagedConnection.transactionFlushed(AbstractManagedConnection.java:95)
	at org.datanucleus.store.connection.ConnectionManagerImpl$2.transactionFlushed(ConnectionManagerImpl.java:528)
	at org.datanucleus.TransactionImpl.flush(TransactionImpl.java:222)
	at org.datanucleus.ExecutionContextImpl.flushInternal(ExecutionContextImpl.java:4068)
	at org.datanucleus.ExecutionContextThreadedImpl.flushInternal(ExecutionContextThreadedImpl.java:448)
	at org.datanucleus.ExecutionContextImpl.flush(ExecutionContextImpl.java:4009)
	at org.datanucleus.ExecutionContextThreadedImpl.flush(ExecutionContextThreadedImpl.java:434)
	at org.datanucleus.api.jdo.JDOPersistenceManager.flush(JDOPersistenceManager.java:2064)
	at org.apache.hadoop.hive.metastore.ObjectStore.addNotificationEvent(ObjectStore.java:11639)
	at sun.reflect.GeneratedMethodAccessor68.invoke(Unknown Source)
	at sun.reflect.DelegatingMethodAccessorImpl.invoke(DelegatingMethodAccessorImpl.java:43)
	at java.lang.reflect.Method.invoke(Method.java:498)
	at org.apache.hadoop.hive.metastore.RawStoreProxy.invoke(RawStoreProxy.java:97)
	at com.sun.proxy.$Proxy32.addNotificationEvent(Unknown Source)
	at org.apache.hive.hcatalog.listener.DbNotificationListener.process(DbNotificationListener.java:1403)
	at org.apache.hive.hcatalog.listener.DbNotificationListener.onDropDatabase(DbNotificationListener.java:513)
	at org.apache.hadoop.hive.metastore.MetaStoreListenerNotifier$26.notify(MetaStoreListenerNotifier.java:99)
	at org.apache.hadoop.hive.metastore.MetaStoreListenerNotifier.notifyEvent(MetaStoreListenerNotifier.java:339)
	at org.apache.hadoop.hive.metastore.HMSHandler.drop_database_core(HMSHandler.java:1785)
	at org.apache.hadoop.hive.metastore.HMSHandler.drop_database(HMSHandler.java:1869)
	at sun.reflect.GeneratedMethodAccessor73.invoke(Unknown Source)
	at sun.reflect.DelegatingMethodAccessorImpl.invoke(DelegatingMethodAccessorImpl.java:43)
	at java.lang.reflect.Method.invoke(Method.java:498)
	at org.apache.hadoop.hive.metastore.RetryingHMSHandler.invokeInternal(RetryingHMSHandler.java:147)
	at org.apache.hadoop.hive.metastore.RetryingHMSHandler.invoke(RetryingHMSHandler.java:108)
	at com.sun.proxy.$Proxy34.drop_database(Unknown Source)
	at org.apache.hadoop.hive.metastore.api.ThriftHiveMetastore$Processor$drop_database.getResult(ThriftHiveMetastore.java:18285)
	at org.apache.hadoop.hive.metastore.api.ThriftHiveMetastore$Processor$drop_database.getResult(ThriftHiveMetastore.java:18264)
	at org.apache.thrift.ProcessFunction.process(ProcessFunction.java:38)
	at org.apache.hadoop.hive.metastore.TUGIBasedProcessor$1.run(TUGIBasedProcessor.java:111)
	at org.apache.hadoop.hive.metastore.TUGIBasedProcessor$1.run(TUGIBasedProcessor.java:107)
	at java.security.AccessController.doPrivileged(Native Method)
	at javax.security.auth.Subject.doAs(Subject.java:422)
	at org.apache.hadoop.security.UserGroupInformation.doAs(UserGroupInformation.java:1682)
	at org.apache.hadoop.hive.metastore.TUGIBasedProcessor.process(TUGIBasedProcessor.java:119)
	at org.apache.thrift.server.TThreadPoolServer$WorkerProcess.run(TThreadPoolServer.java:248)
	at java.util.concurrent.ThreadPoolExecutor.runWorker(ThreadPoolExecutor.java:1149)
	at java.util.concurrent.ThreadPoolExecutor$Worker.run(ThreadPoolExecutor.java:624)
	at java.lang.Thread.run(Thread.java:750)
Caused by: org.apache.derby.shared.common.error.DerbySQLIntegrityConstraintViolationException: DELETE on table 'DBS' caused a violation of foreign key constraint 'TBLS_FK1' for key (11).  The statement has been rolled back.
	at org.apache.derby.impl.jdbc.SQLExceptionFactory.getSQLException(Unknown Source)
	at org.apache.derby.impl.jdbc.Util.generateCsSQLException(Unknown Source)
	at org.apache.derby.impl.jdbc.TransactionResourceImpl.wrapInSQLException(Unknown Source)
	at org.apache.derby.impl.jdbc.TransactionResourceImpl.handleException(Unknown Source)
	at org.apache.derby.impl.jdbc.EmbedConnection.handleException(Unknown Source)
	at org.apache.derby.impl.jdbc.ConnectionChild.handleException(Unknown Source)
	at org.apache.derby.impl.jdbc.EmbedStatement.executeStatement(Unknown Source)
	at org.apache.derby.impl.jdbc.EmbedPreparedStatement.executeBatchElement(Unknown Source)
	... 47 more
Caused by: ERROR 23503: DELETE on table 'DBS' caused a violation of foreign key constraint 'TBLS_FK1' for key (11).  The statement has been rolled back.
	at org.apache.derby.iapi.error.StandardException.newException(Unknown Source)
	at org.apache.derby.iapi.error.StandardException.newException(Unknown Source)
	at org.apache.derby.impl.sql.execute.ReferencedKeyRIChecker.doCheck(Unknown Source)
	at org.apache.derby.impl.sql.execute.RISetChecker.doPKCheck(Unknown Source)
	at org.apache.derby.impl.sql.execute.DeleteResultSet.collectAffectedRows(Unknown Source)
	at org.apache.derby.impl.sql.execute.DeleteResultSet.open(Unknown Source)
	at org.apache.derby.impl.sql.GenericPreparedStatement.executeStmt(Unknown Source)
	at org.apache.derby.impl.sql.GenericPreparedStatement.execute(Unknown Source)
	... 49 more

2024-04-24T12:26:48,390  INFO [TThreadPoolServer WorkerProcess-%d] HiveMetaStore.audit: ugi=alex	ip=127.0.0.1	cmd=source:127.0.0.1 drop_database: @hive#myDb	
2024-04-24T12:26:48,392  INFO [TThreadPoolServer WorkerProcess-%d] HiveMetaStore.audit: ugi=alex	ip=127.0.0.1	cmd=source:127.0.0.1 get_all_tables: db=@hive#myDb	
2024-04-24T12:26:48,393  INFO [TThreadPoolServer WorkerProcess-%d] HiveMetaStore.audit: ugi=alex	ip=127.0.0.1	cmd=source:127.0.0.1 get_functions: db=@hive#myDb pat=*	
2024-04-24T12:26:48,396  INFO [TThreadPoolServer WorkerProcess-%d] HiveMetaStore.audit: ugi=alex	ip=127.0.0.1	cmd=source:127.0.0.1 get_all_stored_procedures	
2024-04-24T12:26:48,396  INFO [TThreadPoolServer WorkerProcess-%d] HiveMetaStore.audit: ugi=alex	ip=127.0.0.1	cmd=source:127.0.0.1 get_all_packages	
2024-04-24T12:26:48,397  INFO [TThreadPoolServer WorkerProcess-%d] HiveMetaStore.audit: ugi=alex	ip=127.0.0.1	cmd=source:127.0.0.1 getTablesByTypeCore: catName=hive: db=myDb pat=.*,type=MATERIALIZED_VIEW	
2024-04-24T12:26:48,398  INFO [TThreadPoolServer WorkerProcess-%d] metastore.ObjectStore: Dropping database hive.myDb along with all tables
2024-04-24T12:26:48,401 ERROR [TThreadPoolServer WorkerProcess-%d] metastore.RetryingHMSHandler: Retrying HMSHandler after 2000 ms (attempt 2 of 10) with error: javax.jdo.JDODataStoreException: Exception thrown flushing changes to datastore
	at org.datanucleus.api.jdo.NucleusJDOHelper.getJDOExceptionForNucleusException(NucleusJDOHelper.java:542)
	at org.datanucleus.api.jdo.JDOPersistenceManager.flush(JDOPersistenceManager.java:2081)
	at org.apache.hadoop.hive.metastore.ObjectStore.addNotificationEvent(ObjectStore.java:11639)
	at sun.reflect.GeneratedMethodAccessor68.invoke(Unknown Source)
	at sun.reflect.DelegatingMethodAccessorImpl.invoke(DelegatingMethodAccessorImpl.java:43)
	at java.lang.reflect.Method.invoke(Method.java:498)
	at org.apache.hadoop.hive.metastore.RawStoreProxy.invoke(RawStoreProxy.java:97)
	at com.sun.proxy.$Proxy32.addNotificationEvent(Unknown Source)
	at org.apache.hive.hcatalog.listener.DbNotificationListener.process(DbNotificationListener.java:1403)
	at org.apache.hive.hcatalog.listener.DbNotificationListener.onDropDatabase(DbNotificationListener.java:513)
	at org.apache.hadoop.hive.metastore.MetaStoreListenerNotifier$26.notify(MetaStoreListenerNotifier.java:99)
	at org.apache.hadoop.hive.metastore.MetaStoreListenerNotifier.notifyEvent(MetaStoreListenerNotifier.java:339)
	at org.apache.hadoop.hive.metastore.HMSHandler.drop_database_core(HMSHandler.java:1785)
	at org.apache.hadoop.hive.metastore.HMSHandler.drop_database(HMSHandler.java:1869)
	at sun.reflect.GeneratedMethodAccessor73.invoke(Unknown Source)
	at sun.reflect.DelegatingMethodAccessorImpl.invoke(DelegatingMethodAccessorImpl.java:43)
	at java.lang.reflect.Method.invoke(Method.java:498)
	at org.apache.hadoop.hive.metastore.RetryingHMSHandler.invokeInternal(RetryingHMSHandler.java:147)
	at org.apache.hadoop.hive.metastore.RetryingHMSHandler.invoke(RetryingHMSHandler.java:108)
	at com.sun.proxy.$Proxy34.drop_database(Unknown Source)
	at org.apache.hadoop.hive.metastore.api.ThriftHiveMetastore$Processor$drop_database.getResult(ThriftHiveMetastore.java:18285)
	at org.apache.hadoop.hive.metastore.api.ThriftHiveMetastore$Processor$drop_database.getResult(ThriftHiveMetastore.java:18264)
	at org.apache.thrift.ProcessFunction.process(ProcessFunction.java:38)
	at org.apache.hadoop.hive.metastore.TUGIBasedProcessor$1.run(TUGIBasedProcessor.java:111)
	at org.apache.hadoop.hive.metastore.TUGIBasedProcessor$1.run(TUGIBasedProcessor.java:107)
	at java.security.AccessController.doPrivileged(Native Method)
	at javax.security.auth.Subject.doAs(Subject.java:422)
	at org.apache.hadoop.security.UserGroupInformation.doAs(UserGroupInformation.java:1682)
	at org.apache.hadoop.hive.metastore.TUGIBasedProcessor.process(TUGIBasedProcessor.java:119)
	at org.apache.thrift.server.TThreadPoolServer$WorkerProcess.run(TThreadPoolServer.java:248)
	at java.util.concurrent.ThreadPoolExecutor.runWorker(ThreadPoolExecutor.java:1149)
	at java.util.concurrent.ThreadPoolExecutor$Worker.run(ThreadPoolExecutor.java:624)
	at java.lang.Thread.run(Thread.java:750)
NestedThrowablesStackTrace:
java.sql.BatchUpdateException: DELETE on table 'DBS' caused a violation of foreign key constraint 'TBLS_FK1' for key (11).  The statement has been rolled back.
	at org.apache.derby.impl.jdbc.EmbedStatement.executeLargeBatch(Unknown Source)
	at org.apache.derby.impl.jdbc.EmbedStatement.executeBatch(Unknown Source)
	at com.zaxxer.hikari.pool.ProxyStatement.executeBatch(ProxyStatement.java:128)
	at com.zaxxer.hikari.pool.HikariProxyPreparedStatement.executeBatch(HikariProxyPreparedStatement.java)
	at org.datanucleus.store.rdbms.ParamLoggingPreparedStatement.executeBatch(ParamLoggingPreparedStatement.java:366)
	at org.datanucleus.store.rdbms.SQLController.processConnectionStatement(SQLController.java:675)
	at org.datanucleus.store.rdbms.SQLController.processStatementsForConnection(SQLController.java:643)
	at org.datanucleus.store.rdbms.SQLController$1.transactionFlushed(SQLController.java:729)
	at org.datanucleus.store.connection.AbstractManagedConnection.transactionFlushed(AbstractManagedConnection.java:95)
	at org.datanucleus.store.connection.ConnectionManagerImpl$2.transactionFlushed(ConnectionManagerImpl.java:528)
	at org.datanucleus.TransactionImpl.flush(TransactionImpl.java:222)
	at org.datanucleus.ExecutionContextImpl.flushInternal(ExecutionContextImpl.java:4068)
	at org.datanucleus.ExecutionContextThreadedImpl.flushInternal(ExecutionContextThreadedImpl.java:448)
	at org.datanucleus.ExecutionContextImpl.flush(ExecutionContextImpl.java:4009)
	at org.datanucleus.ExecutionContextThreadedImpl.flush(ExecutionContextThreadedImpl.java:434)
	at org.datanucleus.api.jdo.JDOPersistenceManager.flush(JDOPersistenceManager.java:2064)
	at org.apache.hadoop.hive.metastore.ObjectStore.addNotificationEvent(ObjectStore.java:11639)
	at sun.reflect.GeneratedMethodAccessor68.invoke(Unknown Source)
	at sun.reflect.DelegatingMethodAccessorImpl.invoke(DelegatingMethodAccessorImpl.java:43)
	at java.lang.reflect.Method.invoke(Method.java:498)
	at org.apache.hadoop.hive.metastore.RawStoreProxy.invoke(RawStoreProxy.java:97)
	at com.sun.proxy.$Proxy32.addNotificationEvent(Unknown Source)
	at org.apache.hive.hcatalog.listener.DbNotificationListener.process(DbNotificationListener.java:1403)
	at org.apache.hive.hcatalog.listener.DbNotificationListener.onDropDatabase(DbNotificationListener.java:513)
	at org.apache.hadoop.hive.metastore.MetaStoreListenerNotifier$26.notify(MetaStoreListenerNotifier.java:99)
	at org.apache.hadoop.hive.metastore.MetaStoreListenerNotifier.notifyEvent(MetaStoreListenerNotifier.java:339)
	at org.apache.hadoop.hive.metastore.HMSHandler.drop_database_core(HMSHandler.java:1785)
	at org.apache.hadoop.hive.metastore.HMSHandler.drop_database(HMSHandler.java:1869)
	at sun.reflect.GeneratedMethodAccessor73.invoke(Unknown Source)
	at sun.reflect.DelegatingMethodAccessorImpl.invoke(DelegatingMethodAccessorImpl.java:43)
	at java.lang.reflect.Method.invoke(Method.java:498)
	at org.apache.hadoop.hive.metastore.RetryingHMSHandler.invokeInternal(RetryingHMSHandler.java:147)
	at org.apache.hadoop.hive.metastore.RetryingHMSHandler.invoke(RetryingHMSHandler.java:108)
	at com.sun.proxy.$Proxy34.drop_database(Unknown Source)
	at org.apache.hadoop.hive.metastore.api.ThriftHiveMetastore$Processor$drop_database.getResult(ThriftHiveMetastore.java:18285)
	at org.apache.hadoop.hive.metastore.api.ThriftHiveMetastore$Processor$drop_database.getResult(ThriftHiveMetastore.java:18264)
	at org.apache.thrift.ProcessFunction.process(ProcessFunction.java:38)
	at org.apache.hadoop.hive.metastore.TUGIBasedProcessor$1.run(TUGIBasedProcessor.java:111)
	at org.apache.hadoop.hive.metastore.TUGIBasedProcessor$1.run(TUGIBasedProcessor.java:107)
	at java.security.AccessController.doPrivileged(Native Method)
	at javax.security.auth.Subject.doAs(Subject.java:422)
	at org.apache.hadoop.security.UserGroupInformation.doAs(UserGroupInformation.java:1682)
	at org.apache.hadoop.hive.metastore.TUGIBasedProcessor.process(TUGIBasedProcessor.java:119)
	at org.apache.thrift.server.TThreadPoolServer$WorkerProcess.run(TThreadPoolServer.java:248)
	at java.util.concurrent.ThreadPoolExecutor.runWorker(ThreadPoolExecutor.java:1149)
	at java.util.concurrent.ThreadPoolExecutor$Worker.run(ThreadPoolExecutor.java:624)
	at java.lang.Thread.run(Thread.java:750)
Caused by: org.apache.derby.shared.common.error.DerbySQLIntegrityConstraintViolationException: DELETE on table 'DBS' caused a violation of foreign key constraint 'TBLS_FK1' for key (11).  The statement has been rolled back.
	at org.apache.derby.impl.jdbc.SQLExceptionFactory.getSQLException(Unknown Source)
	at org.apache.derby.impl.jdbc.Util.generateCsSQLException(Unknown Source)
	at org.apache.derby.impl.jdbc.TransactionResourceImpl.wrapInSQLException(Unknown Source)
	at org.apache.derby.impl.jdbc.TransactionResourceImpl.handleException(Unknown Source)
	at org.apache.derby.impl.jdbc.EmbedConnection.handleException(Unknown Source)
	at org.apache.derby.impl.jdbc.ConnectionChild.handleException(Unknown Source)
	at org.apache.derby.impl.jdbc.EmbedStatement.executeStatement(Unknown Source)
	at org.apache.derby.impl.jdbc.EmbedPreparedStatement.executeBatchElement(Unknown Source)
	... 47 more
Caused by: ERROR 23503: DELETE on table 'DBS' caused a violation of foreign key constraint 'TBLS_FK1' for key (11).  The statement has been rolled back.
	at org.apache.derby.iapi.error.StandardException.newException(Unknown Source)
	at org.apache.derby.iapi.error.StandardException.newException(Unknown Source)
	at org.apache.derby.impl.sql.execute.ReferencedKeyRIChecker.doCheck(Unknown Source)
	at org.apache.derby.impl.sql.execute.RISetChecker.doPKCheck(Unknown Source)
	at org.apache.derby.impl.sql.execute.DeleteResultSet.collectAffectedRows(Unknown Source)
	at org.apache.derby.impl.sql.execute.DeleteResultSet.open(Unknown Source)
	at org.apache.derby.impl.sql.GenericPreparedStatement.executeStmt(Unknown Source)
	at org.apache.derby.impl.sql.GenericPreparedStatement.execute(Unknown Source)
	... 49 more

2024-04-24T12:26:50,402  INFO [TThreadPoolServer WorkerProcess-%d] HiveMetaStore.audit: ugi=alex	ip=127.0.0.1	cmd=source:127.0.0.1 drop_database: @hive#myDb	
2024-04-24T12:26:50,404  INFO [TThreadPoolServer WorkerProcess-%d] HiveMetaStore.audit: ugi=alex	ip=127.0.0.1	cmd=source:127.0.0.1 get_all_tables: db=@hive#myDb	
2024-04-24T12:26:50,405  INFO [TThreadPoolServer WorkerProcess-%d] HiveMetaStore.audit: ugi=alex	ip=127.0.0.1	cmd=source:127.0.0.1 get_functions: db=@hive#myDb pat=*	
2024-04-24T12:26:50,407  INFO [TThreadPoolServer WorkerProcess-%d] HiveMetaStore.audit: ugi=alex	ip=127.0.0.1	cmd=source:127.0.0.1 get_all_stored_procedures	
2024-04-24T12:26:50,407  INFO [TThreadPoolServer WorkerProcess-%d] HiveMetaStore.audit: ugi=alex	ip=127.0.0.1	cmd=source:127.0.0.1 get_all_packages	
2024-04-24T12:26:50,408  INFO [TThreadPoolServer WorkerProcess-%d] HiveMetaStore.audit: ugi=alex	ip=127.0.0.1	cmd=source:127.0.0.1 getTablesByTypeCore: catName=hive: db=myDb pat=.*,type=MATERIALIZED_VIEW	
2024-04-24T12:26:50,410  INFO [TThreadPoolServer WorkerProcess-%d] metastore.ObjectStore: Dropping database hive.myDb along with all tables
2024-04-24T12:26:50,412 ERROR [TThreadPoolServer WorkerProcess-%d] metastore.RetryingHMSHandler: Retrying HMSHandler after 2000 ms (attempt 3 of 10) with error: javax.jdo.JDODataStoreException: Exception thrown flushing changes to datastore
	at org.datanucleus.api.jdo.NucleusJDOHelper.getJDOExceptionForNucleusException(NucleusJDOHelper.java:542)
	at org.datanucleus.api.jdo.JDOPersistenceManager.flush(JDOPersistenceManager.java:2081)
	at org.apache.hadoop.hive.metastore.ObjectStore.addNotificationEvent(ObjectStore.java:11639)
	at sun.reflect.GeneratedMethodAccessor68.invoke(Unknown Source)
	at sun.reflect.DelegatingMethodAccessorImpl.invoke(DelegatingMethodAccessorImpl.java:43)
	at java.lang.reflect.Method.invoke(Method.java:498)
	at org.apache.hadoop.hive.metastore.RawStoreProxy.invoke(RawStoreProxy.java:97)
	at com.sun.proxy.$Proxy32.addNotificationEvent(Unknown Source)
	at org.apache.hive.hcatalog.listener.DbNotificationListener.process(DbNotificationListener.java:1403)
	at org.apache.hive.hcatalog.listener.DbNotificationListener.onDropDatabase(DbNotificationListener.java:513)
	at org.apache.hadoop.hive.metastore.MetaStoreListenerNotifier$26.notify(MetaStoreListenerNotifier.java:99)
	at org.apache.hadoop.hive.metastore.MetaStoreListenerNotifier.notifyEvent(MetaStoreListenerNotifier.java:339)
	at org.apache.hadoop.hive.metastore.HMSHandler.drop_database_core(HMSHandler.java:1785)
	at org.apache.hadoop.hive.metastore.HMSHandler.drop_database(HMSHandler.java:1869)
	at sun.reflect.GeneratedMethodAccessor73.invoke(Unknown Source)
	at sun.reflect.DelegatingMethodAccessorImpl.invoke(DelegatingMethodAccessorImpl.java:43)
	at java.lang.reflect.Method.invoke(Method.java:498)
	at org.apache.hadoop.hive.metastore.RetryingHMSHandler.invokeInternal(RetryingHMSHandler.java:147)
	at org.apache.hadoop.hive.metastore.RetryingHMSHandler.invoke(RetryingHMSHandler.java:108)
	at com.sun.proxy.$Proxy34.drop_database(Unknown Source)
	at org.apache.hadoop.hive.metastore.api.ThriftHiveMetastore$Processor$drop_database.getResult(ThriftHiveMetastore.java:18285)
	at org.apache.hadoop.hive.metastore.api.ThriftHiveMetastore$Processor$drop_database.getResult(ThriftHiveMetastore.java:18264)
	at org.apache.thrift.ProcessFunction.process(ProcessFunction.java:38)
	at org.apache.hadoop.hive.metastore.TUGIBasedProcessor$1.run(TUGIBasedProcessor.java:111)
	at org.apache.hadoop.hive.metastore.TUGIBasedProcessor$1.run(TUGIBasedProcessor.java:107)
	at java.security.AccessController.doPrivileged(Native Method)
	at javax.security.auth.Subject.doAs(Subject.java:422)
	at org.apache.hadoop.security.UserGroupInformation.doAs(UserGroupInformation.java:1682)
	at org.apache.hadoop.hive.metastore.TUGIBasedProcessor.process(TUGIBasedProcessor.java:119)
	at org.apache.thrift.server.TThreadPoolServer$WorkerProcess.run(TThreadPoolServer.java:248)
	at java.util.concurrent.ThreadPoolExecutor.runWorker(ThreadPoolExecutor.java:1149)
	at java.util.concurrent.ThreadPoolExecutor$Worker.run(ThreadPoolExecutor.java:624)
	at java.lang.Thread.run(Thread.java:750)
NestedThrowablesStackTrace:
java.sql.BatchUpdateException: DELETE on table 'DBS' caused a violation of foreign key constraint 'TBLS_FK1' for key (11).  The statement has been rolled back.
	at org.apache.derby.impl.jdbc.EmbedStatement.executeLargeBatch(Unknown Source)
	at org.apache.derby.impl.jdbc.EmbedStatement.executeBatch(Unknown Source)
	at com.zaxxer.hikari.pool.ProxyStatement.executeBatch(ProxyStatement.java:128)
	at com.zaxxer.hikari.pool.HikariProxyPreparedStatement.executeBatch(HikariProxyPreparedStatement.java)
	at org.datanucleus.store.rdbms.ParamLoggingPreparedStatement.executeBatch(ParamLoggingPreparedStatement.java:366)
	at org.datanucleus.store.rdbms.SQLController.processConnectionStatement(SQLController.java:675)
	at org.datanucleus.store.rdbms.SQLController.processStatementsForConnection(SQLController.java:643)
	at org.datanucleus.store.rdbms.SQLController$1.transactionFlushed(SQLController.java:729)
	at org.datanucleus.store.connection.AbstractManagedConnection.transactionFlushed(AbstractManagedConnection.java:95)
	at org.datanucleus.store.connection.ConnectionManagerImpl$2.transactionFlushed(ConnectionManagerImpl.java:528)
	at org.datanucleus.TransactionImpl.flush(TransactionImpl.java:222)
	at org.datanucleus.ExecutionContextImpl.flushInternal(ExecutionContextImpl.java:4068)
	at org.datanucleus.ExecutionContextThreadedImpl.flushInternal(ExecutionContextThreadedImpl.java:448)
	at org.datanucleus.ExecutionContextImpl.flush(ExecutionContextImpl.java:4009)
	at org.datanucleus.ExecutionContextThreadedImpl.flush(ExecutionContextThreadedImpl.java:434)
	at org.datanucleus.api.jdo.JDOPersistenceManager.flush(JDOPersistenceManager.java:2064)
	at org.apache.hadoop.hive.metastore.ObjectStore.addNotificationEvent(ObjectStore.java:11639)
	at sun.reflect.GeneratedMethodAccessor68.invoke(Unknown Source)
	at sun.reflect.DelegatingMethodAccessorImpl.invoke(DelegatingMethodAccessorImpl.java:43)
	at java.lang.reflect.Method.invoke(Method.java:498)
	at org.apache.hadoop.hive.metastore.RawStoreProxy.invoke(RawStoreProxy.java:97)
	at com.sun.proxy.$Proxy32.addNotificationEvent(Unknown Source)
	at org.apache.hive.hcatalog.listener.DbNotificationListener.process(DbNotificationListener.java:1403)
	at org.apache.hive.hcatalog.listener.DbNotificationListener.onDropDatabase(DbNotificationListener.java:513)
	at org.apache.hadoop.hive.metastore.MetaStoreListenerNotifier$26.notify(MetaStoreListenerNotifier.java:99)
	at org.apache.hadoop.hive.metastore.MetaStoreListenerNotifier.notifyEvent(MetaStoreListenerNotifier.java:339)
	at org.apache.hadoop.hive.metastore.HMSHandler.drop_database_core(HMSHandler.java:1785)
	at org.apache.hadoop.hive.metastore.HMSHandler.drop_database(HMSHandler.java:1869)
	at sun.reflect.GeneratedMethodAccessor73.invoke(Unknown Source)
	at sun.reflect.DelegatingMethodAccessorImpl.invoke(DelegatingMethodAccessorImpl.java:43)
	at java.lang.reflect.Method.invoke(Method.java:498)
	at org.apache.hadoop.hive.metastore.RetryingHMSHandler.invokeInternal(RetryingHMSHandler.java:147)
	at org.apache.hadoop.hive.metastore.RetryingHMSHandler.invoke(RetryingHMSHandler.java:108)
	at com.sun.proxy.$Proxy34.drop_database(Unknown Source)
	at org.apache.hadoop.hive.metastore.api.ThriftHiveMetastore$Processor$drop_database.getResult(ThriftHiveMetastore.java:18285)
	at org.apache.hadoop.hive.metastore.api.ThriftHiveMetastore$Processor$drop_database.getResult(ThriftHiveMetastore.java:18264)
	at org.apache.thrift.ProcessFunction.process(ProcessFunction.java:38)
	at org.apache.hadoop.hive.metastore.TUGIBasedProcessor$1.run(TUGIBasedProcessor.java:111)
	at org.apache.hadoop.hive.metastore.TUGIBasedProcessor$1.run(TUGIBasedProcessor.java:107)
	at java.security.AccessController.doPrivileged(Native Method)
	at javax.security.auth.Subject.doAs(Subject.java:422)
	at org.apache.hadoop.security.UserGroupInformation.doAs(UserGroupInformation.java:1682)
	at org.apache.hadoop.hive.metastore.TUGIBasedProcessor.process(TUGIBasedProcessor.java:119)
	at org.apache.thrift.server.TThreadPoolServer$WorkerProcess.run(TThreadPoolServer.java:248)
	at java.util.concurrent.ThreadPoolExecutor.runWorker(ThreadPoolExecutor.java:1149)
	at java.util.concurrent.ThreadPoolExecutor$Worker.run(ThreadPoolExecutor.java:624)
	at java.lang.Thread.run(Thread.java:750)
Caused by: org.apache.derby.shared.common.error.DerbySQLIntegrityConstraintViolationException: DELETE on table 'DBS' caused a violation of foreign key constraint 'TBLS_FK1' for key (11).  The statement has been rolled back.
	at org.apache.derby.impl.jdbc.SQLExceptionFactory.getSQLException(Unknown Source)
	at org.apache.derby.impl.jdbc.Util.generateCsSQLException(Unknown Source)
	at org.apache.derby.impl.jdbc.TransactionResourceImpl.wrapInSQLException(Unknown Source)
	at org.apache.derby.impl.jdbc.TransactionResourceImpl.handleException(Unknown Source)
	at org.apache.derby.impl.jdbc.EmbedConnection.handleException(Unknown Source)
	at org.apache.derby.impl.jdbc.ConnectionChild.handleException(Unknown Source)
	at org.apache.derby.impl.jdbc.EmbedStatement.executeStatement(Unknown Source)
	at org.apache.derby.impl.jdbc.EmbedPreparedStatement.executeBatchElement(Unknown Source)
	... 47 more
Caused by: ERROR 23503: DELETE on table 'DBS' caused a violation of foreign key constraint 'TBLS_FK1' for key (11).  The statement has been rolled back.
	at org.apache.derby.iapi.error.StandardException.newException(Unknown Source)
	at org.apache.derby.iapi.error.StandardException.newException(Unknown Source)
	at org.apache.derby.impl.sql.execute.ReferencedKeyRIChecker.doCheck(Unknown Source)
	at org.apache.derby.impl.sql.execute.RISetChecker.doPKCheck(Unknown Source)
	at org.apache.derby.impl.sql.execute.DeleteResultSet.collectAffectedRows(Unknown Source)
	at org.apache.derby.impl.sql.execute.DeleteResultSet.open(Unknown Source)
	at org.apache.derby.impl.sql.GenericPreparedStatement.executeStmt(Unknown Source)
	at org.apache.derby.impl.sql.GenericPreparedStatement.execute(Unknown Source)
	... 49 more

2024-04-24T12:26:52,413  INFO [TThreadPoolServer WorkerProcess-%d] HiveMetaStore.audit: ugi=alex	ip=127.0.0.1	cmd=source:127.0.0.1 drop_database: @hive#myDb	
2024-04-24T12:26:52,415  INFO [TThreadPoolServer WorkerProcess-%d] HiveMetaStore.audit: ugi=alex	ip=127.0.0.1	cmd=source:127.0.0.1 get_all_tables: db=@hive#myDb	
2024-04-24T12:26:52,416  INFO [TThreadPoolServer WorkerProcess-%d] HiveMetaStore.audit: ugi=alex	ip=127.0.0.1	cmd=source:127.0.0.1 get_functions: db=@hive#myDb pat=*	
2024-04-24T12:26:52,417  INFO [TThreadPoolServer WorkerProcess-%d] HiveMetaStore.audit: ugi=alex	ip=127.0.0.1	cmd=source:127.0.0.1 get_all_stored_procedures	
2024-04-24T12:26:52,418  INFO [TThreadPoolServer WorkerProcess-%d] HiveMetaStore.audit: ugi=alex	ip=127.0.0.1	cmd=source:127.0.0.1 get_all_packages	
2024-04-24T12:26:52,419  INFO [TThreadPoolServer WorkerProcess-%d] HiveMetaStore.audit: ugi=alex	ip=127.0.0.1	cmd=source:127.0.0.1 getTablesByTypeCore: catName=hive: db=myDb pat=.*,type=MATERIALIZED_VIEW	
2024-04-24T12:26:52,420  INFO [TThreadPoolServer WorkerProcess-%d] metastore.ObjectStore: Dropping database hive.myDb along with all tables
2024-04-24T12:26:52,424 ERROR [TThreadPoolServer WorkerProcess-%d] metastore.RetryingHMSHandler: Retrying HMSHandler after 2000 ms (attempt 4 of 10) with error: javax.jdo.JDODataStoreException: Exception thrown flushing changes to datastore
	at org.datanucleus.api.jdo.NucleusJDOHelper.getJDOExceptionForNucleusException(NucleusJDOHelper.java:542)
	at org.datanucleus.api.jdo.JDOPersistenceManager.flush(JDOPersistenceManager.java:2081)
	at org.apache.hadoop.hive.metastore.ObjectStore.addNotificationEvent(ObjectStore.java:11639)
	at sun.reflect.GeneratedMethodAccessor68.invoke(Unknown Source)
	at sun.reflect.DelegatingMethodAccessorImpl.invoke(DelegatingMethodAccessorImpl.java:43)
	at java.lang.reflect.Method.invoke(Method.java:498)
	at org.apache.hadoop.hive.metastore.RawStoreProxy.invoke(RawStoreProxy.java:97)
	at com.sun.proxy.$Proxy32.addNotificationEvent(Unknown Source)
	at org.apache.hive.hcatalog.listener.DbNotificationListener.process(DbNotificationListener.java:1403)
	at org.apache.hive.hcatalog.listener.DbNotificationListener.onDropDatabase(DbNotificationListener.java:513)
	at org.apache.hadoop.hive.metastore.MetaStoreListenerNotifier$26.notify(MetaStoreListenerNotifier.java:99)
	at org.apache.hadoop.hive.metastore.MetaStoreListenerNotifier.notifyEvent(MetaStoreListenerNotifier.java:339)
	at org.apache.hadoop.hive.metastore.HMSHandler.drop_database_core(HMSHandler.java:1785)
	at org.apache.hadoop.hive.metastore.HMSHandler.drop_database(HMSHandler.java:1869)
	at sun.reflect.GeneratedMethodAccessor73.invoke(Unknown Source)
	at sun.reflect.DelegatingMethodAccessorImpl.invoke(DelegatingMethodAccessorImpl.java:43)
	at java.lang.reflect.Method.invoke(Method.java:498)
	at org.apache.hadoop.hive.metastore.RetryingHMSHandler.invokeInternal(RetryingHMSHandler.java:147)
	at org.apache.hadoop.hive.metastore.RetryingHMSHandler.invoke(RetryingHMSHandler.java:108)
	at com.sun.proxy.$Proxy34.drop_database(Unknown Source)
	at org.apache.hadoop.hive.metastore.api.ThriftHiveMetastore$Processor$drop_database.getResult(ThriftHiveMetastore.java:18285)
	at org.apache.hadoop.hive.metastore.api.ThriftHiveMetastore$Processor$drop_database.getResult(ThriftHiveMetastore.java:18264)
	at org.apache.thrift.ProcessFunction.process(ProcessFunction.java:38)
	at org.apache.hadoop.hive.metastore.TUGIBasedProcessor$1.run(TUGIBasedProcessor.java:111)
	at org.apache.hadoop.hive.metastore.TUGIBasedProcessor$1.run(TUGIBasedProcessor.java:107)
	at java.security.AccessController.doPrivileged(Native Method)
	at javax.security.auth.Subject.doAs(Subject.java:422)
	at org.apache.hadoop.security.UserGroupInformation.doAs(UserGroupInformation.java:1682)
	at org.apache.hadoop.hive.metastore.TUGIBasedProcessor.process(TUGIBasedProcessor.java:119)
	at org.apache.thrift.server.TThreadPoolServer$WorkerProcess.run(TThreadPoolServer.java:248)
	at java.util.concurrent.ThreadPoolExecutor.runWorker(ThreadPoolExecutor.java:1149)
	at java.util.concurrent.ThreadPoolExecutor$Worker.run(ThreadPoolExecutor.java:624)
	at java.lang.Thread.run(Thread.java:750)
NestedThrowablesStackTrace:
java.sql.BatchUpdateException: DELETE on table 'DBS' caused a violation of foreign key constraint 'TBLS_FK1' for key (11).  The statement has been rolled back.
	at org.apache.derby.impl.jdbc.EmbedStatement.executeLargeBatch(Unknown Source)
	at org.apache.derby.impl.jdbc.EmbedStatement.executeBatch(Unknown Source)
	at com.zaxxer.hikari.pool.ProxyStatement.executeBatch(ProxyStatement.java:128)
	at com.zaxxer.hikari.pool.HikariProxyPreparedStatement.executeBatch(HikariProxyPreparedStatement.java)
	at org.datanucleus.store.rdbms.ParamLoggingPreparedStatement.executeBatch(ParamLoggingPreparedStatement.java:366)
	at org.datanucleus.store.rdbms.SQLController.processConnectionStatement(SQLController.java:675)
	at org.datanucleus.store.rdbms.SQLController.processStatementsForConnection(SQLController.java:643)
	at org.datanucleus.store.rdbms.SQLController$1.transactionFlushed(SQLController.java:729)
	at org.datanucleus.store.connection.AbstractManagedConnection.transactionFlushed(AbstractManagedConnection.java:95)
	at org.datanucleus.store.connection.ConnectionManagerImpl$2.transactionFlushed(ConnectionManagerImpl.java:528)
	at org.datanucleus.TransactionImpl.flush(TransactionImpl.java:222)
	at org.datanucleus.ExecutionContextImpl.flushInternal(ExecutionContextImpl.java:4068)
	at org.datanucleus.ExecutionContextThreadedImpl.flushInternal(ExecutionContextThreadedImpl.java:448)
	at org.datanucleus.ExecutionContextImpl.flush(ExecutionContextImpl.java:4009)
	at org.datanucleus.ExecutionContextThreadedImpl.flush(ExecutionContextThreadedImpl.java:434)
	at org.datanucleus.api.jdo.JDOPersistenceManager.flush(JDOPersistenceManager.java:2064)
	at org.apache.hadoop.hive.metastore.ObjectStore.addNotificationEvent(ObjectStore.java:11639)
	at sun.reflect.GeneratedMethodAccessor68.invoke(Unknown Source)
	at sun.reflect.DelegatingMethodAccessorImpl.invoke(DelegatingMethodAccessorImpl.java:43)
	at java.lang.reflect.Method.invoke(Method.java:498)
	at org.apache.hadoop.hive.metastore.RawStoreProxy.invoke(RawStoreProxy.java:97)
	at com.sun.proxy.$Proxy32.addNotificationEvent(Unknown Source)
	at org.apache.hive.hcatalog.listener.DbNotificationListener.process(DbNotificationListener.java:1403)
	at org.apache.hive.hcatalog.listener.DbNotificationListener.onDropDatabase(DbNotificationListener.java:513)
	at org.apache.hadoop.hive.metastore.MetaStoreListenerNotifier$26.notify(MetaStoreListenerNotifier.java:99)
	at org.apache.hadoop.hive.metastore.MetaStoreListenerNotifier.notifyEvent(MetaStoreListenerNotifier.java:339)
	at org.apache.hadoop.hive.metastore.HMSHandler.drop_database_core(HMSHandler.java:1785)
	at org.apache.hadoop.hive.metastore.HMSHandler.drop_database(HMSHandler.java:1869)
	at sun.reflect.GeneratedMethodAccessor73.invoke(Unknown Source)
	at sun.reflect.DelegatingMethodAccessorImpl.invoke(DelegatingMethodAccessorImpl.java:43)
	at java.lang.reflect.Method.invoke(Method.java:498)
	at org.apache.hadoop.hive.metastore.RetryingHMSHandler.invokeInternal(RetryingHMSHandler.java:147)
	at org.apache.hadoop.hive.metastore.RetryingHMSHandler.invoke(RetryingHMSHandler.java:108)
	at com.sun.proxy.$Proxy34.drop_database(Unknown Source)
	at org.apache.hadoop.hive.metastore.api.ThriftHiveMetastore$Processor$drop_database.getResult(ThriftHiveMetastore.java:18285)
	at org.apache.hadoop.hive.metastore.api.ThriftHiveMetastore$Processor$drop_database.getResult(ThriftHiveMetastore.java:18264)
	at org.apache.thrift.ProcessFunction.process(ProcessFunction.java:38)
	at org.apache.hadoop.hive.metastore.TUGIBasedProcessor$1.run(TUGIBasedProcessor.java:111)
	at org.apache.hadoop.hive.metastore.TUGIBasedProcessor$1.run(TUGIBasedProcessor.java:107)
	at java.security.AccessController.doPrivileged(Native Method)
	at javax.security.auth.Subject.doAs(Subject.java:422)
	at org.apache.hadoop.security.UserGroupInformation.doAs(UserGroupInformation.java:1682)
	at org.apache.hadoop.hive.metastore.TUGIBasedProcessor.process(TUGIBasedProcessor.java:119)
	at org.apache.thrift.server.TThreadPoolServer$WorkerProcess.run(TThreadPoolServer.java:248)
	at java.util.concurrent.ThreadPoolExecutor.runWorker(ThreadPoolExecutor.java:1149)
	at java.util.concurrent.ThreadPoolExecutor$Worker.run(ThreadPoolExecutor.java:624)
	at java.lang.Thread.run(Thread.java:750)
Caused by: org.apache.derby.shared.common.error.DerbySQLIntegrityConstraintViolationException: DELETE on table 'DBS' caused a violation of foreign key constraint 'TBLS_FK1' for key (11).  The statement has been rolled back.
	at org.apache.derby.impl.jdbc.SQLExceptionFactory.getSQLException(Unknown Source)
	at org.apache.derby.impl.jdbc.Util.generateCsSQLException(Unknown Source)
	at org.apache.derby.impl.jdbc.TransactionResourceImpl.wrapInSQLException(Unknown Source)
	at org.apache.derby.impl.jdbc.TransactionResourceImpl.handleException(Unknown Source)
	at org.apache.derby.impl.jdbc.EmbedConnection.handleException(Unknown Source)
	at org.apache.derby.impl.jdbc.ConnectionChild.handleException(Unknown Source)
	at org.apache.derby.impl.jdbc.EmbedStatement.executeStatement(Unknown Source)
	at org.apache.derby.impl.jdbc.EmbedPreparedStatement.executeBatchElement(Unknown Source)
	... 47 more
Caused by: ERROR 23503: DELETE on table 'DBS' caused a violation of foreign key constraint 'TBLS_FK1' for key (11).  The statement has been rolled back.
	at org.apache.derby.iapi.error.StandardException.newException(Unknown Source)
	at org.apache.derby.iapi.error.StandardException.newException(Unknown Source)
	at org.apache.derby.impl.sql.execute.ReferencedKeyRIChecker.doCheck(Unknown Source)
	at org.apache.derby.impl.sql.execute.RISetChecker.doPKCheck(Unknown Source)
	at org.apache.derby.impl.sql.execute.DeleteResultSet.collectAffectedRows(Unknown Source)
	at org.apache.derby.impl.sql.execute.DeleteResultSet.open(Unknown Source)
	at org.apache.derby.impl.sql.GenericPreparedStatement.executeStmt(Unknown Source)
	at org.apache.derby.impl.sql.GenericPreparedStatement.execute(Unknown Source)
	... 49 more

2024-04-24T12:26:54,425  INFO [TThreadPoolServer WorkerProcess-%d] HiveMetaStore.audit: ugi=alex	ip=127.0.0.1	cmd=source:127.0.0.1 drop_database: @hive#myDb	
2024-04-24T12:26:54,427  INFO [TThreadPoolServer WorkerProcess-%d] HiveMetaStore.audit: ugi=alex	ip=127.0.0.1	cmd=source:127.0.0.1 get_all_tables: db=@hive#myDb	
2024-04-24T12:26:54,429  INFO [TThreadPoolServer WorkerProcess-%d] HiveMetaStore.audit: ugi=alex	ip=127.0.0.1	cmd=source:127.0.0.1 get_functions: db=@hive#myDb pat=*	
2024-04-24T12:26:54,429  INFO [TThreadPoolServer WorkerProcess-%d] HiveMetaStore.audit: ugi=alex	ip=127.0.0.1	cmd=source:127.0.0.1 get_all_stored_procedures	
2024-04-24T12:26:54,430  INFO [TThreadPoolServer WorkerProcess-%d] HiveMetaStore.audit: ugi=alex	ip=127.0.0.1	cmd=source:127.0.0.1 get_all_packages	
2024-04-24T12:26:54,431  INFO [TThreadPoolServer WorkerProcess-%d] HiveMetaStore.audit: ugi=alex	ip=127.0.0.1	cmd=source:127.0.0.1 getTablesByTypeCore: catName=hive: db=myDb pat=.*,type=MATERIALIZED_VIEW	
2024-04-24T12:26:54,432  INFO [TThreadPoolServer WorkerProcess-%d] metastore.ObjectStore: Dropping database hive.myDb along with all tables
2024-04-24T12:26:54,435 ERROR [TThreadPoolServer WorkerProcess-%d] metastore.RetryingHMSHandler: Retrying HMSHandler after 2000 ms (attempt 5 of 10) with error: javax.jdo.JDODataStoreException: Exception thrown flushing changes to datastore
	at org.datanucleus.api.jdo.NucleusJDOHelper.getJDOExceptionForNucleusException(NucleusJDOHelper.java:542)
	at org.datanucleus.api.jdo.JDOPersistenceManager.flush(JDOPersistenceManager.java:2081)
	at org.apache.hadoop.hive.metastore.ObjectStore.addNotificationEvent(ObjectStore.java:11639)
	at sun.reflect.GeneratedMethodAccessor68.invoke(Unknown Source)
	at sun.reflect.DelegatingMethodAccessorImpl.invoke(DelegatingMethodAccessorImpl.java:43)
	at java.lang.reflect.Method.invoke(Method.java:498)
	at org.apache.hadoop.hive.metastore.RawStoreProxy.invoke(RawStoreProxy.java:97)
	at com.sun.proxy.$Proxy32.addNotificationEvent(Unknown Source)
	at org.apache.hive.hcatalog.listener.DbNotificationListener.process(DbNotificationListener.java:1403)
	at org.apache.hive.hcatalog.listener.DbNotificationListener.onDropDatabase(DbNotificationListener.java:513)
	at org.apache.hadoop.hive.metastore.MetaStoreListenerNotifier$26.notify(MetaStoreListenerNotifier.java:99)
	at org.apache.hadoop.hive.metastore.MetaStoreListenerNotifier.notifyEvent(MetaStoreListenerNotifier.java:339)
	at org.apache.hadoop.hive.metastore.HMSHandler.drop_database_core(HMSHandler.java:1785)
	at org.apache.hadoop.hive.metastore.HMSHandler.drop_database(HMSHandler.java:1869)
	at sun.reflect.GeneratedMethodAccessor73.invoke(Unknown Source)
	at sun.reflect.DelegatingMethodAccessorImpl.invoke(DelegatingMethodAccessorImpl.java:43)
	at java.lang.reflect.Method.invoke(Method.java:498)
	at org.apache.hadoop.hive.metastore.RetryingHMSHandler.invokeInternal(RetryingHMSHandler.java:147)
	at org.apache.hadoop.hive.metastore.RetryingHMSHandler.invoke(RetryingHMSHandler.java:108)
	at com.sun.proxy.$Proxy34.drop_database(Unknown Source)
	at org.apache.hadoop.hive.metastore.api.ThriftHiveMetastore$Processor$drop_database.getResult(ThriftHiveMetastore.java:18285)
	at org.apache.hadoop.hive.metastore.api.ThriftHiveMetastore$Processor$drop_database.getResult(ThriftHiveMetastore.java:18264)
	at org.apache.thrift.ProcessFunction.process(ProcessFunction.java:38)
	at org.apache.hadoop.hive.metastore.TUGIBasedProcessor$1.run(TUGIBasedProcessor.java:111)
	at org.apache.hadoop.hive.metastore.TUGIBasedProcessor$1.run(TUGIBasedProcessor.java:107)
	at java.security.AccessController.doPrivileged(Native Method)
	at javax.security.auth.Subject.doAs(Subject.java:422)
	at org.apache.hadoop.security.UserGroupInformation.doAs(UserGroupInformation.java:1682)
	at org.apache.hadoop.hive.metastore.TUGIBasedProcessor.process(TUGIBasedProcessor.java:119)
	at org.apache.thrift.server.TThreadPoolServer$WorkerProcess.run(TThreadPoolServer.java:248)
	at java.util.concurrent.ThreadPoolExecutor.runWorker(ThreadPoolExecutor.java:1149)
	at java.util.concurrent.ThreadPoolExecutor$Worker.run(ThreadPoolExecutor.java:624)
	at java.lang.Thread.run(Thread.java:750)
NestedThrowablesStackTrace:
java.sql.BatchUpdateException: DELETE on table 'DBS' caused a violation of foreign key constraint 'TBLS_FK1' for key (11).  The statement has been rolled back.
	at org.apache.derby.impl.jdbc.EmbedStatement.executeLargeBatch(Unknown Source)
	at org.apache.derby.impl.jdbc.EmbedStatement.executeBatch(Unknown Source)
	at com.zaxxer.hikari.pool.ProxyStatement.executeBatch(ProxyStatement.java:128)
	at com.zaxxer.hikari.pool.HikariProxyPreparedStatement.executeBatch(HikariProxyPreparedStatement.java)
	at org.datanucleus.store.rdbms.ParamLoggingPreparedStatement.executeBatch(ParamLoggingPreparedStatement.java:366)
	at org.datanucleus.store.rdbms.SQLController.processConnectionStatement(SQLController.java:675)
	at org.datanucleus.store.rdbms.SQLController.processStatementsForConnection(SQLController.java:643)
	at org.datanucleus.store.rdbms.SQLController$1.transactionFlushed(SQLController.java:729)
	at org.datanucleus.store.connection.AbstractManagedConnection.transactionFlushed(AbstractManagedConnection.java:95)
	at org.datanucleus.store.connection.ConnectionManagerImpl$2.transactionFlushed(ConnectionManagerImpl.java:528)
	at org.datanucleus.TransactionImpl.flush(TransactionImpl.java:222)
	at org.datanucleus.ExecutionContextImpl.flushInternal(ExecutionContextImpl.java:4068)
	at org.datanucleus.ExecutionContextThreadedImpl.flushInternal(ExecutionContextThreadedImpl.java:448)
	at org.datanucleus.ExecutionContextImpl.flush(ExecutionContextImpl.java:4009)
	at org.datanucleus.ExecutionContextThreadedImpl.flush(ExecutionContextThreadedImpl.java:434)
	at org.datanucleus.api.jdo.JDOPersistenceManager.flush(JDOPersistenceManager.java:2064)
	at org.apache.hadoop.hive.metastore.ObjectStore.addNotificationEvent(ObjectStore.java:11639)
	at sun.reflect.GeneratedMethodAccessor68.invoke(Unknown Source)
	at sun.reflect.DelegatingMethodAccessorImpl.invoke(DelegatingMethodAccessorImpl.java:43)
	at java.lang.reflect.Method.invoke(Method.java:498)
	at org.apache.hadoop.hive.metastore.RawStoreProxy.invoke(RawStoreProxy.java:97)
	at com.sun.proxy.$Proxy32.addNotificationEvent(Unknown Source)
	at org.apache.hive.hcatalog.listener.DbNotificationListener.process(DbNotificationListener.java:1403)
	at org.apache.hive.hcatalog.listener.DbNotificationListener.onDropDatabase(DbNotificationListener.java:513)
	at org.apache.hadoop.hive.metastore.MetaStoreListenerNotifier$26.notify(MetaStoreListenerNotifier.java:99)
	at org.apache.hadoop.hive.metastore.MetaStoreListenerNotifier.notifyEvent(MetaStoreListenerNotifier.java:339)
	at org.apache.hadoop.hive.metastore.HMSHandler.drop_database_core(HMSHandler.java:1785)
	at org.apache.hadoop.hive.metastore.HMSHandler.drop_database(HMSHandler.java:1869)
	at sun.reflect.GeneratedMethodAccessor73.invoke(Unknown Source)
	at sun.reflect.DelegatingMethodAccessorImpl.invoke(DelegatingMethodAccessorImpl.java:43)
	at java.lang.reflect.Method.invoke(Method.java:498)
	at org.apache.hadoop.hive.metastore.RetryingHMSHandler.invokeInternal(RetryingHMSHandler.java:147)
	at org.apache.hadoop.hive.metastore.RetryingHMSHandler.invoke(RetryingHMSHandler.java:108)
	at com.sun.proxy.$Proxy34.drop_database(Unknown Source)
	at org.apache.hadoop.hive.metastore.api.ThriftHiveMetastore$Processor$drop_database.getResult(ThriftHiveMetastore.java:18285)
	at org.apache.hadoop.hive.metastore.api.ThriftHiveMetastore$Processor$drop_database.getResult(ThriftHiveMetastore.java:18264)
	at org.apache.thrift.ProcessFunction.process(ProcessFunction.java:38)
	at org.apache.hadoop.hive.metastore.TUGIBasedProcessor$1.run(TUGIBasedProcessor.java:111)
	at org.apache.hadoop.hive.metastore.TUGIBasedProcessor$1.run(TUGIBasedProcessor.java:107)
	at java.security.AccessController.doPrivileged(Native Method)
	at javax.security.auth.Subject.doAs(Subject.java:422)
	at org.apache.hadoop.security.UserGroupInformation.doAs(UserGroupInformation.java:1682)
	at org.apache.hadoop.hive.metastore.TUGIBasedProcessor.process(TUGIBasedProcessor.java:119)
	at org.apache.thrift.server.TThreadPoolServer$WorkerProcess.run(TThreadPoolServer.java:248)
	at java.util.concurrent.ThreadPoolExecutor.runWorker(ThreadPoolExecutor.java:1149)
	at java.util.concurrent.ThreadPoolExecutor$Worker.run(ThreadPoolExecutor.java:624)
	at java.lang.Thread.run(Thread.java:750)
Caused by: org.apache.derby.shared.common.error.DerbySQLIntegrityConstraintViolationException: DELETE on table 'DBS' caused a violation of foreign key constraint 'TBLS_FK1' for key (11).  The statement has been rolled back.
	at org.apache.derby.impl.jdbc.SQLExceptionFactory.getSQLException(Unknown Source)
	at org.apache.derby.impl.jdbc.Util.generateCsSQLException(Unknown Source)
	at org.apache.derby.impl.jdbc.TransactionResourceImpl.wrapInSQLException(Unknown Source)
	at org.apache.derby.impl.jdbc.TransactionResourceImpl.handleException(Unknown Source)
	at org.apache.derby.impl.jdbc.EmbedConnection.handleException(Unknown Source)
	at org.apache.derby.impl.jdbc.ConnectionChild.handleException(Unknown Source)
	at org.apache.derby.impl.jdbc.EmbedStatement.executeStatement(Unknown Source)
	at org.apache.derby.impl.jdbc.EmbedPreparedStatement.executeBatchElement(Unknown Source)
	... 47 more
Caused by: ERROR 23503: DELETE on table 'DBS' caused a violation of foreign key constraint 'TBLS_FK1' for key (11).  The statement has been rolled back.
	at org.apache.derby.iapi.error.StandardException.newException(Unknown Source)
	at org.apache.derby.iapi.error.StandardException.newException(Unknown Source)
	at org.apache.derby.impl.sql.execute.ReferencedKeyRIChecker.doCheck(Unknown Source)
	at org.apache.derby.impl.sql.execute.RISetChecker.doPKCheck(Unknown Source)
	at org.apache.derby.impl.sql.execute.DeleteResultSet.collectAffectedRows(Unknown Source)
	at org.apache.derby.impl.sql.execute.DeleteResultSet.open(Unknown Source)
	at org.apache.derby.impl.sql.GenericPreparedStatement.executeStmt(Unknown Source)
	at org.apache.derby.impl.sql.GenericPreparedStatement.execute(Unknown Source)
	... 49 more

2024-04-24T12:26:56,435  INFO [TThreadPoolServer WorkerProcess-%d] HiveMetaStore.audit: ugi=alex	ip=127.0.0.1	cmd=source:127.0.0.1 drop_database: @hive#myDb	
2024-04-24T12:26:56,438  INFO [TThreadPoolServer WorkerProcess-%d] HiveMetaStore.audit: ugi=alex	ip=127.0.0.1	cmd=source:127.0.0.1 get_all_tables: db=@hive#myDb	
2024-04-24T12:26:56,439  INFO [TThreadPoolServer WorkerProcess-%d] HiveMetaStore.audit: ugi=alex	ip=127.0.0.1	cmd=source:127.0.0.1 get_functions: db=@hive#myDb pat=*	
2024-04-24T12:26:56,441  INFO [TThreadPoolServer WorkerProcess-%d] HiveMetaStore.audit: ugi=alex	ip=127.0.0.1	cmd=source:127.0.0.1 get_all_stored_procedures	
2024-04-24T12:26:56,441  INFO [TThreadPoolServer WorkerProcess-%d] HiveMetaStore.audit: ugi=alex	ip=127.0.0.1	cmd=source:127.0.0.1 get_all_packages	
2024-04-24T12:26:56,442  INFO [TThreadPoolServer WorkerProcess-%d] HiveMetaStore.audit: ugi=alex	ip=127.0.0.1	cmd=source:127.0.0.1 getTablesByTypeCore: catName=hive: db=myDb pat=.*,type=MATERIALIZED_VIEW	
2024-04-24T12:26:56,443  INFO [TThreadPoolServer WorkerProcess-%d] metastore.ObjectStore: Dropping database hive.myDb along with all tables
2024-04-24T12:26:56,446 ERROR [TThreadPoolServer WorkerProcess-%d] metastore.RetryingHMSHandler: Retrying HMSHandler after 2000 ms (attempt 6 of 10) with error: javax.jdo.JDODataStoreException: Exception thrown flushing changes to datastore
	at org.datanucleus.api.jdo.NucleusJDOHelper.getJDOExceptionForNucleusException(NucleusJDOHelper.java:542)
	at org.datanucleus.api.jdo.JDOPersistenceManager.flush(JDOPersistenceManager.java:2081)
	at org.apache.hadoop.hive.metastore.ObjectStore.addNotificationEvent(ObjectStore.java:11639)
	at sun.reflect.GeneratedMethodAccessor68.invoke(Unknown Source)
	at sun.reflect.DelegatingMethodAccessorImpl.invoke(DelegatingMethodAccessorImpl.java:43)
	at java.lang.reflect.Method.invoke(Method.java:498)
	at org.apache.hadoop.hive.metastore.RawStoreProxy.invoke(RawStoreProxy.java:97)
	at com.sun.proxy.$Proxy32.addNotificationEvent(Unknown Source)
	at org.apache.hive.hcatalog.listener.DbNotificationListener.process(DbNotificationListener.java:1403)
	at org.apache.hive.hcatalog.listener.DbNotificationListener.onDropDatabase(DbNotificationListener.java:513)
	at org.apache.hadoop.hive.metastore.MetaStoreListenerNotifier$26.notify(MetaStoreListenerNotifier.java:99)
	at org.apache.hadoop.hive.metastore.MetaStoreListenerNotifier.notifyEvent(MetaStoreListenerNotifier.java:339)
	at org.apache.hadoop.hive.metastore.HMSHandler.drop_database_core(HMSHandler.java:1785)
	at org.apache.hadoop.hive.metastore.HMSHandler.drop_database(HMSHandler.java:1869)
	at sun.reflect.GeneratedMethodAccessor73.invoke(Unknown Source)
	at sun.reflect.DelegatingMethodAccessorImpl.invoke(DelegatingMethodAccessorImpl.java:43)
	at java.lang.reflect.Method.invoke(Method.java:498)
	at org.apache.hadoop.hive.metastore.RetryingHMSHandler.invokeInternal(RetryingHMSHandler.java:147)
	at org.apache.hadoop.hive.metastore.RetryingHMSHandler.invoke(RetryingHMSHandler.java:108)
	at com.sun.proxy.$Proxy34.drop_database(Unknown Source)
	at org.apache.hadoop.hive.metastore.api.ThriftHiveMetastore$Processor$drop_database.getResult(ThriftHiveMetastore.java:18285)
	at org.apache.hadoop.hive.metastore.api.ThriftHiveMetastore$Processor$drop_database.getResult(ThriftHiveMetastore.java:18264)
	at org.apache.thrift.ProcessFunction.process(ProcessFunction.java:38)
	at org.apache.hadoop.hive.metastore.TUGIBasedProcessor$1.run(TUGIBasedProcessor.java:111)
	at org.apache.hadoop.hive.metastore.TUGIBasedProcessor$1.run(TUGIBasedProcessor.java:107)
	at java.security.AccessController.doPrivileged(Native Method)
	at javax.security.auth.Subject.doAs(Subject.java:422)
	at org.apache.hadoop.security.UserGroupInformation.doAs(UserGroupInformation.java:1682)
	at org.apache.hadoop.hive.metastore.TUGIBasedProcessor.process(TUGIBasedProcessor.java:119)
	at org.apache.thrift.server.TThreadPoolServer$WorkerProcess.run(TThreadPoolServer.java:248)
	at java.util.concurrent.ThreadPoolExecutor.runWorker(ThreadPoolExecutor.java:1149)
	at java.util.concurrent.ThreadPoolExecutor$Worker.run(ThreadPoolExecutor.java:624)
	at java.lang.Thread.run(Thread.java:750)
NestedThrowablesStackTrace:
java.sql.BatchUpdateException: DELETE on table 'DBS' caused a violation of foreign key constraint 'TBLS_FK1' for key (11).  The statement has been rolled back.
	at org.apache.derby.impl.jdbc.EmbedStatement.executeLargeBatch(Unknown Source)
	at org.apache.derby.impl.jdbc.EmbedStatement.executeBatch(Unknown Source)
	at com.zaxxer.hikari.pool.ProxyStatement.executeBatch(ProxyStatement.java:128)
	at com.zaxxer.hikari.pool.HikariProxyPreparedStatement.executeBatch(HikariProxyPreparedStatement.java)
	at org.datanucleus.store.rdbms.ParamLoggingPreparedStatement.executeBatch(ParamLoggingPreparedStatement.java:366)
	at org.datanucleus.store.rdbms.SQLController.processConnectionStatement(SQLController.java:675)
	at org.datanucleus.store.rdbms.SQLController.processStatementsForConnection(SQLController.java:643)
	at org.datanucleus.store.rdbms.SQLController$1.transactionFlushed(SQLController.java:729)
	at org.datanucleus.store.connection.AbstractManagedConnection.transactionFlushed(AbstractManagedConnection.java:95)
	at org.datanucleus.store.connection.ConnectionManagerImpl$2.transactionFlushed(ConnectionManagerImpl.java:528)
	at org.datanucleus.TransactionImpl.flush(TransactionImpl.java:222)
	at org.datanucleus.ExecutionContextImpl.flushInternal(ExecutionContextImpl.java:4068)
	at org.datanucleus.ExecutionContextThreadedImpl.flushInternal(ExecutionContextThreadedImpl.java:448)
	at org.datanucleus.ExecutionContextImpl.flush(ExecutionContextImpl.java:4009)
	at org.datanucleus.ExecutionContextThreadedImpl.flush(ExecutionContextThreadedImpl.java:434)
	at org.datanucleus.api.jdo.JDOPersistenceManager.flush(JDOPersistenceManager.java:2064)
	at org.apache.hadoop.hive.metastore.ObjectStore.addNotificationEvent(ObjectStore.java:11639)
	at sun.reflect.GeneratedMethodAccessor68.invoke(Unknown Source)
	at sun.reflect.DelegatingMethodAccessorImpl.invoke(DelegatingMethodAccessorImpl.java:43)
	at java.lang.reflect.Method.invoke(Method.java:498)
	at org.apache.hadoop.hive.metastore.RawStoreProxy.invoke(RawStoreProxy.java:97)
	at com.sun.proxy.$Proxy32.addNotificationEvent(Unknown Source)
	at org.apache.hive.hcatalog.listener.DbNotificationListener.process(DbNotificationListener.java:1403)
	at org.apache.hive.hcatalog.listener.DbNotificationListener.onDropDatabase(DbNotificationListener.java:513)
	at org.apache.hadoop.hive.metastore.MetaStoreListenerNotifier$26.notify(MetaStoreListenerNotifier.java:99)
	at org.apache.hadoop.hive.metastore.MetaStoreListenerNotifier.notifyEvent(MetaStoreListenerNotifier.java:339)
	at org.apache.hadoop.hive.metastore.HMSHandler.drop_database_core(HMSHandler.java:1785)
	at org.apache.hadoop.hive.metastore.HMSHandler.drop_database(HMSHandler.java:1869)
	at sun.reflect.GeneratedMethodAccessor73.invoke(Unknown Source)
	at sun.reflect.DelegatingMethodAccessorImpl.invoke(DelegatingMethodAccessorImpl.java:43)
	at java.lang.reflect.Method.invoke(Method.java:498)
	at org.apache.hadoop.hive.metastore.RetryingHMSHandler.invokeInternal(RetryingHMSHandler.java:147)
	at org.apache.hadoop.hive.metastore.RetryingHMSHandler.invoke(RetryingHMSHandler.java:108)
	at com.sun.proxy.$Proxy34.drop_database(Unknown Source)
	at org.apache.hadoop.hive.metastore.api.ThriftHiveMetastore$Processor$drop_database.getResult(ThriftHiveMetastore.java:18285)
	at org.apache.hadoop.hive.metastore.api.ThriftHiveMetastore$Processor$drop_database.getResult(ThriftHiveMetastore.java:18264)
	at org.apache.thrift.ProcessFunction.process(ProcessFunction.java:38)
	at org.apache.hadoop.hive.metastore.TUGIBasedProcessor$1.run(TUGIBasedProcessor.java:111)
	at org.apache.hadoop.hive.metastore.TUGIBasedProcessor$1.run(TUGIBasedProcessor.java:107)
	at java.security.AccessController.doPrivileged(Native Method)
	at javax.security.auth.Subject.doAs(Subject.java:422)
	at org.apache.hadoop.security.UserGroupInformation.doAs(UserGroupInformation.java:1682)
	at org.apache.hadoop.hive.metastore.TUGIBasedProcessor.process(TUGIBasedProcessor.java:119)
	at org.apache.thrift.server.TThreadPoolServer$WorkerProcess.run(TThreadPoolServer.java:248)
	at java.util.concurrent.ThreadPoolExecutor.runWorker(ThreadPoolExecutor.java:1149)
	at java.util.concurrent.ThreadPoolExecutor$Worker.run(ThreadPoolExecutor.java:624)
	at java.lang.Thread.run(Thread.java:750)
Caused by: org.apache.derby.shared.common.error.DerbySQLIntegrityConstraintViolationException: DELETE on table 'DBS' caused a violation of foreign key constraint 'TBLS_FK1' for key (11).  The statement has been rolled back.
	at org.apache.derby.impl.jdbc.SQLExceptionFactory.getSQLException(Unknown Source)
	at org.apache.derby.impl.jdbc.Util.generateCsSQLException(Unknown Source)
	at org.apache.derby.impl.jdbc.TransactionResourceImpl.wrapInSQLException(Unknown Source)
	at org.apache.derby.impl.jdbc.TransactionResourceImpl.handleException(Unknown Source)
	at org.apache.derby.impl.jdbc.EmbedConnection.handleException(Unknown Source)
	at org.apache.derby.impl.jdbc.ConnectionChild.handleException(Unknown Source)
	at org.apache.derby.impl.jdbc.EmbedStatement.executeStatement(Unknown Source)
	at org.apache.derby.impl.jdbc.EmbedPreparedStatement.executeBatchElement(Unknown Source)
	... 47 more
Caused by: ERROR 23503: DELETE on table 'DBS' caused a violation of foreign key constraint 'TBLS_FK1' for key (11).  The statement has been rolled back.
	at org.apache.derby.iapi.error.StandardException.newException(Unknown Source)
	at org.apache.derby.iapi.error.StandardException.newException(Unknown Source)
	at org.apache.derby.impl.sql.execute.ReferencedKeyRIChecker.doCheck(Unknown Source)
	at org.apache.derby.impl.sql.execute.RISetChecker.doPKCheck(Unknown Source)
	at org.apache.derby.impl.sql.execute.DeleteResultSet.collectAffectedRows(Unknown Source)
	at org.apache.derby.impl.sql.execute.DeleteResultSet.open(Unknown Source)
	at org.apache.derby.impl.sql.GenericPreparedStatement.executeStmt(Unknown Source)
	at org.apache.derby.impl.sql.GenericPreparedStatement.execute(Unknown Source)
	... 49 more

2024-04-24T12:26:58,447  INFO [TThreadPoolServer WorkerProcess-%d] HiveMetaStore.audit: ugi=alex	ip=127.0.0.1	cmd=source:127.0.0.1 drop_database: @hive#myDb	
2024-04-24T12:26:58,449  INFO [TThreadPoolServer WorkerProcess-%d] HiveMetaStore.audit: ugi=alex	ip=127.0.0.1	cmd=source:127.0.0.1 get_all_tables: db=@hive#myDb	
2024-04-24T12:26:58,450  INFO [TThreadPoolServer WorkerProcess-%d] HiveMetaStore.audit: ugi=alex	ip=127.0.0.1	cmd=source:127.0.0.1 get_functions: db=@hive#myDb pat=*	
2024-04-24T12:26:58,452  INFO [TThreadPoolServer WorkerProcess-%d] HiveMetaStore.audit: ugi=alex	ip=127.0.0.1	cmd=source:127.0.0.1 get_all_stored_procedures	
2024-04-24T12:26:58,453  INFO [TThreadPoolServer WorkerProcess-%d] HiveMetaStore.audit: ugi=alex	ip=127.0.0.1	cmd=source:127.0.0.1 get_all_packages	
2024-04-24T12:26:58,453  INFO [TThreadPoolServer WorkerProcess-%d] HiveMetaStore.audit: ugi=alex	ip=127.0.0.1	cmd=source:127.0.0.1 getTablesByTypeCore: catName=hive: db=myDb pat=.*,type=MATERIALIZED_VIEW	
2024-04-24T12:26:58,454  INFO [TThreadPoolServer WorkerProcess-%d] metastore.ObjectStore: Dropping database hive.myDb along with all tables
2024-04-24T12:26:58,457 ERROR [TThreadPoolServer WorkerProcess-%d] metastore.RetryingHMSHandler: Retrying HMSHandler after 2000 ms (attempt 7 of 10) with error: javax.jdo.JDODataStoreException: Exception thrown flushing changes to datastore
	at org.datanucleus.api.jdo.NucleusJDOHelper.getJDOExceptionForNucleusException(NucleusJDOHelper.java:542)
	at org.datanucleus.api.jdo.JDOPersistenceManager.flush(JDOPersistenceManager.java:2081)
	at org.apache.hadoop.hive.metastore.ObjectStore.addNotificationEvent(ObjectStore.java:11639)
	at sun.reflect.GeneratedMethodAccessor68.invoke(Unknown Source)
	at sun.reflect.DelegatingMethodAccessorImpl.invoke(DelegatingMethodAccessorImpl.java:43)
	at java.lang.reflect.Method.invoke(Method.java:498)
	at org.apache.hadoop.hive.metastore.RawStoreProxy.invoke(RawStoreProxy.java:97)
	at com.sun.proxy.$Proxy32.addNotificationEvent(Unknown Source)
	at org.apache.hive.hcatalog.listener.DbNotificationListener.process(DbNotificationListener.java:1403)
	at org.apache.hive.hcatalog.listener.DbNotificationListener.onDropDatabase(DbNotificationListener.java:513)
	at org.apache.hadoop.hive.metastore.MetaStoreListenerNotifier$26.notify(MetaStoreListenerNotifier.java:99)
	at org.apache.hadoop.hive.metastore.MetaStoreListenerNotifier.notifyEvent(MetaStoreListenerNotifier.java:339)
	at org.apache.hadoop.hive.metastore.HMSHandler.drop_database_core(HMSHandler.java:1785)
	at org.apache.hadoop.hive.metastore.HMSHandler.drop_database(HMSHandler.java:1869)
	at sun.reflect.GeneratedMethodAccessor73.invoke(Unknown Source)
	at sun.reflect.DelegatingMethodAccessorImpl.invoke(DelegatingMethodAccessorImpl.java:43)
	at java.lang.reflect.Method.invoke(Method.java:498)
	at org.apache.hadoop.hive.metastore.RetryingHMSHandler.invokeInternal(RetryingHMSHandler.java:147)
	at org.apache.hadoop.hive.metastore.RetryingHMSHandler.invoke(RetryingHMSHandler.java:108)
	at com.sun.proxy.$Proxy34.drop_database(Unknown Source)
	at org.apache.hadoop.hive.metastore.api.ThriftHiveMetastore$Processor$drop_database.getResult(ThriftHiveMetastore.java:18285)
	at org.apache.hadoop.hive.metastore.api.ThriftHiveMetastore$Processor$drop_database.getResult(ThriftHiveMetastore.java:18264)
	at org.apache.thrift.ProcessFunction.process(ProcessFunction.java:38)
	at org.apache.hadoop.hive.metastore.TUGIBasedProcessor$1.run(TUGIBasedProcessor.java:111)
	at org.apache.hadoop.hive.metastore.TUGIBasedProcessor$1.run(TUGIBasedProcessor.java:107)
	at java.security.AccessController.doPrivileged(Native Method)
	at javax.security.auth.Subject.doAs(Subject.java:422)
	at org.apache.hadoop.security.UserGroupInformation.doAs(UserGroupInformation.java:1682)
	at org.apache.hadoop.hive.metastore.TUGIBasedProcessor.process(TUGIBasedProcessor.java:119)
	at org.apache.thrift.server.TThreadPoolServer$WorkerProcess.run(TThreadPoolServer.java:248)
	at java.util.concurrent.ThreadPoolExecutor.runWorker(ThreadPoolExecutor.java:1149)
	at java.util.concurrent.ThreadPoolExecutor$Worker.run(ThreadPoolExecutor.java:624)
	at java.lang.Thread.run(Thread.java:750)
NestedThrowablesStackTrace:
java.sql.BatchUpdateException: DELETE on table 'DBS' caused a violation of foreign key constraint 'TBLS_FK1' for key (11).  The statement has been rolled back.
	at org.apache.derby.impl.jdbc.EmbedStatement.executeLargeBatch(Unknown Source)
	at org.apache.derby.impl.jdbc.EmbedStatement.executeBatch(Unknown Source)
	at com.zaxxer.hikari.pool.ProxyStatement.executeBatch(ProxyStatement.java:128)
	at com.zaxxer.hikari.pool.HikariProxyPreparedStatement.executeBatch(HikariProxyPreparedStatement.java)
	at org.datanucleus.store.rdbms.ParamLoggingPreparedStatement.executeBatch(ParamLoggingPreparedStatement.java:366)
	at org.datanucleus.store.rdbms.SQLController.processConnectionStatement(SQLController.java:675)
	at org.datanucleus.store.rdbms.SQLController.processStatementsForConnection(SQLController.java:643)
	at org.datanucleus.store.rdbms.SQLController$1.transactionFlushed(SQLController.java:729)
	at org.datanucleus.store.connection.AbstractManagedConnection.transactionFlushed(AbstractManagedConnection.java:95)
	at org.datanucleus.store.connection.ConnectionManagerImpl$2.transactionFlushed(ConnectionManagerImpl.java:528)
	at org.datanucleus.TransactionImpl.flush(TransactionImpl.java:222)
	at org.datanucleus.ExecutionContextImpl.flushInternal(ExecutionContextImpl.java:4068)
	at org.datanucleus.ExecutionContextThreadedImpl.flushInternal(ExecutionContextThreadedImpl.java:448)
	at org.datanucleus.ExecutionContextImpl.flush(ExecutionContextImpl.java:4009)
	at org.datanucleus.ExecutionContextThreadedImpl.flush(ExecutionContextThreadedImpl.java:434)
	at org.datanucleus.api.jdo.JDOPersistenceManager.flush(JDOPersistenceManager.java:2064)
	at org.apache.hadoop.hive.metastore.ObjectStore.addNotificationEvent(ObjectStore.java:11639)
	at sun.reflect.GeneratedMethodAccessor68.invoke(Unknown Source)
	at sun.reflect.DelegatingMethodAccessorImpl.invoke(DelegatingMethodAccessorImpl.java:43)
	at java.lang.reflect.Method.invoke(Method.java:498)
	at org.apache.hadoop.hive.metastore.RawStoreProxy.invoke(RawStoreProxy.java:97)
	at com.sun.proxy.$Proxy32.addNotificationEvent(Unknown Source)
	at org.apache.hive.hcatalog.listener.DbNotificationListener.process(DbNotificationListener.java:1403)
	at org.apache.hive.hcatalog.listener.DbNotificationListener.onDropDatabase(DbNotificationListener.java:513)
	at org.apache.hadoop.hive.metastore.MetaStoreListenerNotifier$26.notify(MetaStoreListenerNotifier.java:99)
	at org.apache.hadoop.hive.metastore.MetaStoreListenerNotifier.notifyEvent(MetaStoreListenerNotifier.java:339)
	at org.apache.hadoop.hive.metastore.HMSHandler.drop_database_core(HMSHandler.java:1785)
	at org.apache.hadoop.hive.metastore.HMSHandler.drop_database(HMSHandler.java:1869)
	at sun.reflect.GeneratedMethodAccessor73.invoke(Unknown Source)
	at sun.reflect.DelegatingMethodAccessorImpl.invoke(DelegatingMethodAccessorImpl.java:43)
	at java.lang.reflect.Method.invoke(Method.java:498)
	at org.apache.hadoop.hive.metastore.RetryingHMSHandler.invokeInternal(RetryingHMSHandler.java:147)
	at org.apache.hadoop.hive.metastore.RetryingHMSHandler.invoke(RetryingHMSHandler.java:108)
	at com.sun.proxy.$Proxy34.drop_database(Unknown Source)
	at org.apache.hadoop.hive.metastore.api.ThriftHiveMetastore$Processor$drop_database.getResult(ThriftHiveMetastore.java:18285)
	at org.apache.hadoop.hive.metastore.api.ThriftHiveMetastore$Processor$drop_database.getResult(ThriftHiveMetastore.java:18264)
	at org.apache.thrift.ProcessFunction.process(ProcessFunction.java:38)
	at org.apache.hadoop.hive.metastore.TUGIBasedProcessor$1.run(TUGIBasedProcessor.java:111)
	at org.apache.hadoop.hive.metastore.TUGIBasedProcessor$1.run(TUGIBasedProcessor.java:107)
	at java.security.AccessController.doPrivileged(Native Method)
	at javax.security.auth.Subject.doAs(Subject.java:422)
	at org.apache.hadoop.security.UserGroupInformation.doAs(UserGroupInformation.java:1682)
	at org.apache.hadoop.hive.metastore.TUGIBasedProcessor.process(TUGIBasedProcessor.java:119)
	at org.apache.thrift.server.TThreadPoolServer$WorkerProcess.run(TThreadPoolServer.java:248)
	at java.util.concurrent.ThreadPoolExecutor.runWorker(ThreadPoolExecutor.java:1149)
	at java.util.concurrent.ThreadPoolExecutor$Worker.run(ThreadPoolExecutor.java:624)
	at java.lang.Thread.run(Thread.java:750)
Caused by: org.apache.derby.shared.common.error.DerbySQLIntegrityConstraintViolationException: DELETE on table 'DBS' caused a violation of foreign key constraint 'TBLS_FK1' for key (11).  The statement has been rolled back.
	at org.apache.derby.impl.jdbc.SQLExceptionFactory.getSQLException(Unknown Source)
	at org.apache.derby.impl.jdbc.Util.generateCsSQLException(Unknown Source)
	at org.apache.derby.impl.jdbc.TransactionResourceImpl.wrapInSQLException(Unknown Source)
	at org.apache.derby.impl.jdbc.TransactionResourceImpl.handleException(Unknown Source)
	at org.apache.derby.impl.jdbc.EmbedConnection.handleException(Unknown Source)
	at org.apache.derby.impl.jdbc.ConnectionChild.handleException(Unknown Source)
	at org.apache.derby.impl.jdbc.EmbedStatement.executeStatement(Unknown Source)
	at org.apache.derby.impl.jdbc.EmbedPreparedStatement.executeBatchElement(Unknown Source)
	... 47 more
Caused by: ERROR 23503: DELETE on table 'DBS' caused a violation of foreign key constraint 'TBLS_FK1' for key (11).  The statement has been rolled back.
	at org.apache.derby.iapi.error.StandardException.newException(Unknown Source)
	at org.apache.derby.iapi.error.StandardException.newException(Unknown Source)
	at org.apache.derby.impl.sql.execute.ReferencedKeyRIChecker.doCheck(Unknown Source)
	at org.apache.derby.impl.sql.execute.RISetChecker.doPKCheck(Unknown Source)
	at org.apache.derby.impl.sql.execute.DeleteResultSet.collectAffectedRows(Unknown Source)
	at org.apache.derby.impl.sql.execute.DeleteResultSet.open(Unknown Source)
	at org.apache.derby.impl.sql.GenericPreparedStatement.executeStmt(Unknown Source)
	at org.apache.derby.impl.sql.GenericPreparedStatement.execute(Unknown Source)
	... 49 more

2024-04-24T12:27:00,458  INFO [TThreadPoolServer WorkerProcess-%d] HiveMetaStore.audit: ugi=alex	ip=127.0.0.1	cmd=source:127.0.0.1 drop_database: @hive#myDb	
2024-04-24T12:27:00,460  INFO [TThreadPoolServer WorkerProcess-%d] HiveMetaStore.audit: ugi=alex	ip=127.0.0.1	cmd=source:127.0.0.1 get_all_tables: db=@hive#myDb	
2024-04-24T12:27:00,461  INFO [TThreadPoolServer WorkerProcess-%d] HiveMetaStore.audit: ugi=alex	ip=127.0.0.1	cmd=source:127.0.0.1 get_functions: db=@hive#myDb pat=*	
2024-04-24T12:27:00,463  INFO [TThreadPoolServer WorkerProcess-%d] HiveMetaStore.audit: ugi=alex	ip=127.0.0.1	cmd=source:127.0.0.1 get_all_stored_procedures	
2024-04-24T12:27:00,463  INFO [TThreadPoolServer WorkerProcess-%d] HiveMetaStore.audit: ugi=alex	ip=127.0.0.1	cmd=source:127.0.0.1 get_all_packages	
2024-04-24T12:27:00,464  INFO [TThreadPoolServer WorkerProcess-%d] HiveMetaStore.audit: ugi=alex	ip=127.0.0.1	cmd=source:127.0.0.1 getTablesByTypeCore: catName=hive: db=myDb pat=.*,type=MATERIALIZED_VIEW	
2024-04-24T12:27:00,465  INFO [TThreadPoolServer WorkerProcess-%d] metastore.ObjectStore: Dropping database hive.myDb along with all tables
2024-04-24T12:27:00,468 ERROR [TThreadPoolServer WorkerProcess-%d] metastore.RetryingHMSHandler: Retrying HMSHandler after 2000 ms (attempt 8 of 10) with error: javax.jdo.JDODataStoreException: Exception thrown flushing changes to datastore
	at org.datanucleus.api.jdo.NucleusJDOHelper.getJDOExceptionForNucleusException(NucleusJDOHelper.java:542)
	at org.datanucleus.api.jdo.JDOPersistenceManager.flush(JDOPersistenceManager.java:2081)
	at org.apache.hadoop.hive.metastore.ObjectStore.addNotificationEvent(ObjectStore.java:11639)
	at sun.reflect.GeneratedMethodAccessor68.invoke(Unknown Source)
	at sun.reflect.DelegatingMethodAccessorImpl.invoke(DelegatingMethodAccessorImpl.java:43)
	at java.lang.reflect.Method.invoke(Method.java:498)
	at org.apache.hadoop.hive.metastore.RawStoreProxy.invoke(RawStoreProxy.java:97)
	at com.sun.proxy.$Proxy32.addNotificationEvent(Unknown Source)
	at org.apache.hive.hcatalog.listener.DbNotificationListener.process(DbNotificationListener.java:1403)
	at org.apache.hive.hcatalog.listener.DbNotificationListener.onDropDatabase(DbNotificationListener.java:513)
	at org.apache.hadoop.hive.metastore.MetaStoreListenerNotifier$26.notify(MetaStoreListenerNotifier.java:99)
	at org.apache.hadoop.hive.metastore.MetaStoreListenerNotifier.notifyEvent(MetaStoreListenerNotifier.java:339)
	at org.apache.hadoop.hive.metastore.HMSHandler.drop_database_core(HMSHandler.java:1785)
	at org.apache.hadoop.hive.metastore.HMSHandler.drop_database(HMSHandler.java:1869)
	at sun.reflect.GeneratedMethodAccessor73.invoke(Unknown Source)
	at sun.reflect.DelegatingMethodAccessorImpl.invoke(DelegatingMethodAccessorImpl.java:43)
	at java.lang.reflect.Method.invoke(Method.java:498)
	at org.apache.hadoop.hive.metastore.RetryingHMSHandler.invokeInternal(RetryingHMSHandler.java:147)
	at org.apache.hadoop.hive.metastore.RetryingHMSHandler.invoke(RetryingHMSHandler.java:108)
	at com.sun.proxy.$Proxy34.drop_database(Unknown Source)
	at org.apache.hadoop.hive.metastore.api.ThriftHiveMetastore$Processor$drop_database.getResult(ThriftHiveMetastore.java:18285)
	at org.apache.hadoop.hive.metastore.api.ThriftHiveMetastore$Processor$drop_database.getResult(ThriftHiveMetastore.java:18264)
	at org.apache.thrift.ProcessFunction.process(ProcessFunction.java:38)
	at org.apache.hadoop.hive.metastore.TUGIBasedProcessor$1.run(TUGIBasedProcessor.java:111)
	at org.apache.hadoop.hive.metastore.TUGIBasedProcessor$1.run(TUGIBasedProcessor.java:107)
	at java.security.AccessController.doPrivileged(Native Method)
	at javax.security.auth.Subject.doAs(Subject.java:422)
	at org.apache.hadoop.security.UserGroupInformation.doAs(UserGroupInformation.java:1682)
	at org.apache.hadoop.hive.metastore.TUGIBasedProcessor.process(TUGIBasedProcessor.java:119)
	at org.apache.thrift.server.TThreadPoolServer$WorkerProcess.run(TThreadPoolServer.java:248)
	at java.util.concurrent.ThreadPoolExecutor.runWorker(ThreadPoolExecutor.java:1149)
	at java.util.concurrent.ThreadPoolExecutor$Worker.run(ThreadPoolExecutor.java:624)
	at java.lang.Thread.run(Thread.java:750)
NestedThrowablesStackTrace:
java.sql.BatchUpdateException: DELETE on table 'DBS' caused a violation of foreign key constraint 'TBLS_FK1' for key (11).  The statement has been rolled back.
	at org.apache.derby.impl.jdbc.EmbedStatement.executeLargeBatch(Unknown Source)
	at org.apache.derby.impl.jdbc.EmbedStatement.executeBatch(Unknown Source)
	at com.zaxxer.hikari.pool.ProxyStatement.executeBatch(ProxyStatement.java:128)
	at com.zaxxer.hikari.pool.HikariProxyPreparedStatement.executeBatch(HikariProxyPreparedStatement.java)
	at org.datanucleus.store.rdbms.ParamLoggingPreparedStatement.executeBatch(ParamLoggingPreparedStatement.java:366)
	at org.datanucleus.store.rdbms.SQLController.processConnectionStatement(SQLController.java:675)
	at org.datanucleus.store.rdbms.SQLController.processStatementsForConnection(SQLController.java:643)
	at org.datanucleus.store.rdbms.SQLController$1.transactionFlushed(SQLController.java:729)
	at org.datanucleus.store.connection.AbstractManagedConnection.transactionFlushed(AbstractManagedConnection.java:95)
	at org.datanucleus.store.connection.ConnectionManagerImpl$2.transactionFlushed(ConnectionManagerImpl.java:528)
	at org.datanucleus.TransactionImpl.flush(TransactionImpl.java:222)
	at org.datanucleus.ExecutionContextImpl.flushInternal(ExecutionContextImpl.java:4068)
	at org.datanucleus.ExecutionContextThreadedImpl.flushInternal(ExecutionContextThreadedImpl.java:448)
	at org.datanucleus.ExecutionContextImpl.flush(ExecutionContextImpl.java:4009)
	at org.datanucleus.ExecutionContextThreadedImpl.flush(ExecutionContextThreadedImpl.java:434)
	at org.datanucleus.api.jdo.JDOPersistenceManager.flush(JDOPersistenceManager.java:2064)
	at org.apache.hadoop.hive.metastore.ObjectStore.addNotificationEvent(ObjectStore.java:11639)
	at sun.reflect.GeneratedMethodAccessor68.invoke(Unknown Source)
	at sun.reflect.DelegatingMethodAccessorImpl.invoke(DelegatingMethodAccessorImpl.java:43)
	at java.lang.reflect.Method.invoke(Method.java:498)
	at org.apache.hadoop.hive.metastore.RawStoreProxy.invoke(RawStoreProxy.java:97)
	at com.sun.proxy.$Proxy32.addNotificationEvent(Unknown Source)
	at org.apache.hive.hcatalog.listener.DbNotificationListener.process(DbNotificationListener.java:1403)
	at org.apache.hive.hcatalog.listener.DbNotificationListener.onDropDatabase(DbNotificationListener.java:513)
	at org.apache.hadoop.hive.metastore.MetaStoreListenerNotifier$26.notify(MetaStoreListenerNotifier.java:99)
	at org.apache.hadoop.hive.metastore.MetaStoreListenerNotifier.notifyEvent(MetaStoreListenerNotifier.java:339)
	at org.apache.hadoop.hive.metastore.HMSHandler.drop_database_core(HMSHandler.java:1785)
	at org.apache.hadoop.hive.metastore.HMSHandler.drop_database(HMSHandler.java:1869)
	at sun.reflect.GeneratedMethodAccessor73.invoke(Unknown Source)
	at sun.reflect.DelegatingMethodAccessorImpl.invoke(DelegatingMethodAccessorImpl.java:43)
	at java.lang.reflect.Method.invoke(Method.java:498)
	at org.apache.hadoop.hive.metastore.RetryingHMSHandler.invokeInternal(RetryingHMSHandler.java:147)
	at org.apache.hadoop.hive.metastore.RetryingHMSHandler.invoke(RetryingHMSHandler.java:108)
	at com.sun.proxy.$Proxy34.drop_database(Unknown Source)
	at org.apache.hadoop.hive.metastore.api.ThriftHiveMetastore$Processor$drop_database.getResult(ThriftHiveMetastore.java:18285)
	at org.apache.hadoop.hive.metastore.api.ThriftHiveMetastore$Processor$drop_database.getResult(ThriftHiveMetastore.java:18264)
	at org.apache.thrift.ProcessFunction.process(ProcessFunction.java:38)
	at org.apache.hadoop.hive.metastore.TUGIBasedProcessor$1.run(TUGIBasedProcessor.java:111)
	at org.apache.hadoop.hive.metastore.TUGIBasedProcessor$1.run(TUGIBasedProcessor.java:107)
	at java.security.AccessController.doPrivileged(Native Method)
	at javax.security.auth.Subject.doAs(Subject.java:422)
	at org.apache.hadoop.security.UserGroupInformation.doAs(UserGroupInformation.java:1682)
	at org.apache.hadoop.hive.metastore.TUGIBasedProcessor.process(TUGIBasedProcessor.java:119)
	at org.apache.thrift.server.TThreadPoolServer$WorkerProcess.run(TThreadPoolServer.java:248)
	at java.util.concurrent.ThreadPoolExecutor.runWorker(ThreadPoolExecutor.java:1149)
	at java.util.concurrent.ThreadPoolExecutor$Worker.run(ThreadPoolExecutor.java:624)
	at java.lang.Thread.run(Thread.java:750)
Caused by: org.apache.derby.shared.common.error.DerbySQLIntegrityConstraintViolationException: DELETE on table 'DBS' caused a violation of foreign key constraint 'TBLS_FK1' for key (11).  The statement has been rolled back.
	at org.apache.derby.impl.jdbc.SQLExceptionFactory.getSQLException(Unknown Source)
	at org.apache.derby.impl.jdbc.Util.generateCsSQLException(Unknown Source)
	at org.apache.derby.impl.jdbc.TransactionResourceImpl.wrapInSQLException(Unknown Source)
	at org.apache.derby.impl.jdbc.TransactionResourceImpl.handleException(Unknown Source)
	at org.apache.derby.impl.jdbc.EmbedConnection.handleException(Unknown Source)
	at org.apache.derby.impl.jdbc.ConnectionChild.handleException(Unknown Source)
	at org.apache.derby.impl.jdbc.EmbedStatement.executeStatement(Unknown Source)
	at org.apache.derby.impl.jdbc.EmbedPreparedStatement.executeBatchElement(Unknown Source)
	... 47 more
Caused by: ERROR 23503: DELETE on table 'DBS' caused a violation of foreign key constraint 'TBLS_FK1' for key (11).  The statement has been rolled back.
	at org.apache.derby.iapi.error.StandardException.newException(Unknown Source)
	at org.apache.derby.iapi.error.StandardException.newException(Unknown Source)
	at org.apache.derby.impl.sql.execute.ReferencedKeyRIChecker.doCheck(Unknown Source)
	at org.apache.derby.impl.sql.execute.RISetChecker.doPKCheck(Unknown Source)
	at org.apache.derby.impl.sql.execute.DeleteResultSet.collectAffectedRows(Unknown Source)
	at org.apache.derby.impl.sql.execute.DeleteResultSet.open(Unknown Source)
	at org.apache.derby.impl.sql.GenericPreparedStatement.executeStmt(Unknown Source)
	at org.apache.derby.impl.sql.GenericPreparedStatement.execute(Unknown Source)
	... 49 more

2024-04-24T12:27:02,468  INFO [TThreadPoolServer WorkerProcess-%d] HiveMetaStore.audit: ugi=alex	ip=127.0.0.1	cmd=source:127.0.0.1 drop_database: @hive#myDb	
2024-04-24T12:27:02,471  INFO [TThreadPoolServer WorkerProcess-%d] HiveMetaStore.audit: ugi=alex	ip=127.0.0.1	cmd=source:127.0.0.1 get_all_tables: db=@hive#myDb	
2024-04-24T12:27:02,471  INFO [TThreadPoolServer WorkerProcess-%d] HiveMetaStore.audit: ugi=alex	ip=127.0.0.1	cmd=source:127.0.0.1 get_functions: db=@hive#myDb pat=*	
2024-04-24T12:27:02,472  INFO [TThreadPoolServer WorkerProcess-%d] HiveMetaStore.audit: ugi=alex	ip=127.0.0.1	cmd=source:127.0.0.1 get_all_stored_procedures	
2024-04-24T12:27:02,472  INFO [TThreadPoolServer WorkerProcess-%d] HiveMetaStore.audit: ugi=alex	ip=127.0.0.1	cmd=source:127.0.0.1 get_all_packages	
2024-04-24T12:27:02,473  INFO [TThreadPoolServer WorkerProcess-%d] HiveMetaStore.audit: ugi=alex	ip=127.0.0.1	cmd=source:127.0.0.1 getTablesByTypeCore: catName=hive: db=myDb pat=.*,type=MATERIALIZED_VIEW	
2024-04-24T12:27:02,474  INFO [TThreadPoolServer WorkerProcess-%d] metastore.ObjectStore: Dropping database hive.myDb along with all tables
2024-04-24T12:27:02,477 ERROR [TThreadPoolServer WorkerProcess-%d] metastore.RetryingHMSHandler: Retrying HMSHandler after 2000 ms (attempt 9 of 10) with error: javax.jdo.JDODataStoreException: Exception thrown flushing changes to datastore
	at org.datanucleus.api.jdo.NucleusJDOHelper.getJDOExceptionForNucleusException(NucleusJDOHelper.java:542)
	at org.datanucleus.api.jdo.JDOPersistenceManager.flush(JDOPersistenceManager.java:2081)
	at org.apache.hadoop.hive.metastore.ObjectStore.addNotificationEvent(ObjectStore.java:11639)
	at sun.reflect.GeneratedMethodAccessor68.invoke(Unknown Source)
	at sun.reflect.DelegatingMethodAccessorImpl.invoke(DelegatingMethodAccessorImpl.java:43)
	at java.lang.reflect.Method.invoke(Method.java:498)
	at org.apache.hadoop.hive.metastore.RawStoreProxy.invoke(RawStoreProxy.java:97)
	at com.sun.proxy.$Proxy32.addNotificationEvent(Unknown Source)
	at org.apache.hive.hcatalog.listener.DbNotificationListener.process(DbNotificationListener.java:1403)
	at org.apache.hive.hcatalog.listener.DbNotificationListener.onDropDatabase(DbNotificationListener.java:513)
	at org.apache.hadoop.hive.metastore.MetaStoreListenerNotifier$26.notify(MetaStoreListenerNotifier.java:99)
	at org.apache.hadoop.hive.metastore.MetaStoreListenerNotifier.notifyEvent(MetaStoreListenerNotifier.java:339)
	at org.apache.hadoop.hive.metastore.HMSHandler.drop_database_core(HMSHandler.java:1785)
	at org.apache.hadoop.hive.metastore.HMSHandler.drop_database(HMSHandler.java:1869)
	at sun.reflect.GeneratedMethodAccessor73.invoke(Unknown Source)
	at sun.reflect.DelegatingMethodAccessorImpl.invoke(DelegatingMethodAccessorImpl.java:43)
	at java.lang.reflect.Method.invoke(Method.java:498)
	at org.apache.hadoop.hive.metastore.RetryingHMSHandler.invokeInternal(RetryingHMSHandler.java:147)
	at org.apache.hadoop.hive.metastore.RetryingHMSHandler.invoke(RetryingHMSHandler.java:108)
	at com.sun.proxy.$Proxy34.drop_database(Unknown Source)
	at org.apache.hadoop.hive.metastore.api.ThriftHiveMetastore$Processor$drop_database.getResult(ThriftHiveMetastore.java:18285)
	at org.apache.hadoop.hive.metastore.api.ThriftHiveMetastore$Processor$drop_database.getResult(ThriftHiveMetastore.java:18264)
	at org.apache.thrift.ProcessFunction.process(ProcessFunction.java:38)
	at org.apache.hadoop.hive.metastore.TUGIBasedProcessor$1.run(TUGIBasedProcessor.java:111)
	at org.apache.hadoop.hive.metastore.TUGIBasedProcessor$1.run(TUGIBasedProcessor.java:107)
	at java.security.AccessController.doPrivileged(Native Method)
	at javax.security.auth.Subject.doAs(Subject.java:422)
	at org.apache.hadoop.security.UserGroupInformation.doAs(UserGroupInformation.java:1682)
	at org.apache.hadoop.hive.metastore.TUGIBasedProcessor.process(TUGIBasedProcessor.java:119)
	at org.apache.thrift.server.TThreadPoolServer$WorkerProcess.run(TThreadPoolServer.java:248)
	at java.util.concurrent.ThreadPoolExecutor.runWorker(ThreadPoolExecutor.java:1149)
	at java.util.concurrent.ThreadPoolExecutor$Worker.run(ThreadPoolExecutor.java:624)
	at java.lang.Thread.run(Thread.java:750)
NestedThrowablesStackTrace:
java.sql.BatchUpdateException: DELETE on table 'DBS' caused a violation of foreign key constraint 'TBLS_FK1' for key (11).  The statement has been rolled back.
	at org.apache.derby.impl.jdbc.EmbedStatement.executeLargeBatch(Unknown Source)
	at org.apache.derby.impl.jdbc.EmbedStatement.executeBatch(Unknown Source)
	at com.zaxxer.hikari.pool.ProxyStatement.executeBatch(ProxyStatement.java:128)
	at com.zaxxer.hikari.pool.HikariProxyPreparedStatement.executeBatch(HikariProxyPreparedStatement.java)
	at org.datanucleus.store.rdbms.ParamLoggingPreparedStatement.executeBatch(ParamLoggingPreparedStatement.java:366)
	at org.datanucleus.store.rdbms.SQLController.processConnectionStatement(SQLController.java:675)
	at org.datanucleus.store.rdbms.SQLController.processStatementsForConnection(SQLController.java:643)
	at org.datanucleus.store.rdbms.SQLController$1.transactionFlushed(SQLController.java:729)
	at org.datanucleus.store.connection.AbstractManagedConnection.transactionFlushed(AbstractManagedConnection.java:95)
	at org.datanucleus.store.connection.ConnectionManagerImpl$2.transactionFlushed(ConnectionManagerImpl.java:528)
	at org.datanucleus.TransactionImpl.flush(TransactionImpl.java:222)
	at org.datanucleus.ExecutionContextImpl.flushInternal(ExecutionContextImpl.java:4068)
	at org.datanucleus.ExecutionContextThreadedImpl.flushInternal(ExecutionContextThreadedImpl.java:448)
	at org.datanucleus.ExecutionContextImpl.flush(ExecutionContextImpl.java:4009)
	at org.datanucleus.ExecutionContextThreadedImpl.flush(ExecutionContextThreadedImpl.java:434)
	at org.datanucleus.api.jdo.JDOPersistenceManager.flush(JDOPersistenceManager.java:2064)
	at org.apache.hadoop.hive.metastore.ObjectStore.addNotificationEvent(ObjectStore.java:11639)
	at sun.reflect.GeneratedMethodAccessor68.invoke(Unknown Source)
	at sun.reflect.DelegatingMethodAccessorImpl.invoke(DelegatingMethodAccessorImpl.java:43)
	at java.lang.reflect.Method.invoke(Method.java:498)
	at org.apache.hadoop.hive.metastore.RawStoreProxy.invoke(RawStoreProxy.java:97)
	at com.sun.proxy.$Proxy32.addNotificationEvent(Unknown Source)
	at org.apache.hive.hcatalog.listener.DbNotificationListener.process(DbNotificationListener.java:1403)
	at org.apache.hive.hcatalog.listener.DbNotificationListener.onDropDatabase(DbNotificationListener.java:513)
	at org.apache.hadoop.hive.metastore.MetaStoreListenerNotifier$26.notify(MetaStoreListenerNotifier.java:99)
	at org.apache.hadoop.hive.metastore.MetaStoreListenerNotifier.notifyEvent(MetaStoreListenerNotifier.java:339)
	at org.apache.hadoop.hive.metastore.HMSHandler.drop_database_core(HMSHandler.java:1785)
	at org.apache.hadoop.hive.metastore.HMSHandler.drop_database(HMSHandler.java:1869)
	at sun.reflect.GeneratedMethodAccessor73.invoke(Unknown Source)
	at sun.reflect.DelegatingMethodAccessorImpl.invoke(DelegatingMethodAccessorImpl.java:43)
	at java.lang.reflect.Method.invoke(Method.java:498)
	at org.apache.hadoop.hive.metastore.RetryingHMSHandler.invokeInternal(RetryingHMSHandler.java:147)
	at org.apache.hadoop.hive.metastore.RetryingHMSHandler.invoke(RetryingHMSHandler.java:108)
	at com.sun.proxy.$Proxy34.drop_database(Unknown Source)
	at org.apache.hadoop.hive.metastore.api.ThriftHiveMetastore$Processor$drop_database.getResult(ThriftHiveMetastore.java:18285)
	at org.apache.hadoop.hive.metastore.api.ThriftHiveMetastore$Processor$drop_database.getResult(ThriftHiveMetastore.java:18264)
	at org.apache.thrift.ProcessFunction.process(ProcessFunction.java:38)
	at org.apache.hadoop.hive.metastore.TUGIBasedProcessor$1.run(TUGIBasedProcessor.java:111)
	at org.apache.hadoop.hive.metastore.TUGIBasedProcessor$1.run(TUGIBasedProcessor.java:107)
	at java.security.AccessController.doPrivileged(Native Method)
	at javax.security.auth.Subject.doAs(Subject.java:422)
	at org.apache.hadoop.security.UserGroupInformation.doAs(UserGroupInformation.java:1682)
	at org.apache.hadoop.hive.metastore.TUGIBasedProcessor.process(TUGIBasedProcessor.java:119)
	at org.apache.thrift.server.TThreadPoolServer$WorkerProcess.run(TThreadPoolServer.java:248)
	at java.util.concurrent.ThreadPoolExecutor.runWorker(ThreadPoolExecutor.java:1149)
	at java.util.concurrent.ThreadPoolExecutor$Worker.run(ThreadPoolExecutor.java:624)
	at java.lang.Thread.run(Thread.java:750)
Caused by: org.apache.derby.shared.common.error.DerbySQLIntegrityConstraintViolationException: DELETE on table 'DBS' caused a violation of foreign key constraint 'TBLS_FK1' for key (11).  The statement has been rolled back.
	at org.apache.derby.impl.jdbc.SQLExceptionFactory.getSQLException(Unknown Source)
	at org.apache.derby.impl.jdbc.Util.generateCsSQLException(Unknown Source)
	at org.apache.derby.impl.jdbc.TransactionResourceImpl.wrapInSQLException(Unknown Source)
	at org.apache.derby.impl.jdbc.TransactionResourceImpl.handleException(Unknown Source)
	at org.apache.derby.impl.jdbc.EmbedConnection.handleException(Unknown Source)
	at org.apache.derby.impl.jdbc.ConnectionChild.handleException(Unknown Source)
	at org.apache.derby.impl.jdbc.EmbedStatement.executeStatement(Unknown Source)
	at org.apache.derby.impl.jdbc.EmbedPreparedStatement.executeBatchElement(Unknown Source)
	... 47 more
Caused by: ERROR 23503: DELETE on table 'DBS' caused a violation of foreign key constraint 'TBLS_FK1' for key (11).  The statement has been rolled back.
	at org.apache.derby.iapi.error.StandardException.newException(Unknown Source)
	at org.apache.derby.iapi.error.StandardException.newException(Unknown Source)
	at org.apache.derby.impl.sql.execute.ReferencedKeyRIChecker.doCheck(Unknown Source)
	at org.apache.derby.impl.sql.execute.RISetChecker.doPKCheck(Unknown Source)
	at org.apache.derby.impl.sql.execute.DeleteResultSet.collectAffectedRows(Unknown Source)
	at org.apache.derby.impl.sql.execute.DeleteResultSet.open(Unknown Source)
	at org.apache.derby.impl.sql.GenericPreparedStatement.executeStmt(Unknown Source)
	at org.apache.derby.impl.sql.GenericPreparedStatement.execute(Unknown Source)
	... 49 more

2024-04-24T12:27:04,478  INFO [TThreadPoolServer WorkerProcess-%d] HiveMetaStore.audit: ugi=alex	ip=127.0.0.1	cmd=source:127.0.0.1 drop_database: @hive#myDb	
2024-04-24T12:27:04,480  INFO [TThreadPoolServer WorkerProcess-%d] HiveMetaStore.audit: ugi=alex	ip=127.0.0.1	cmd=source:127.0.0.1 get_all_tables: db=@hive#myDb	
2024-04-24T12:27:04,481  INFO [TThreadPoolServer WorkerProcess-%d] HiveMetaStore.audit: ugi=alex	ip=127.0.0.1	cmd=source:127.0.0.1 get_functions: db=@hive#myDb pat=*	
2024-04-24T12:27:04,483  INFO [TThreadPoolServer WorkerProcess-%d] HiveMetaStore.audit: ugi=alex	ip=127.0.0.1	cmd=source:127.0.0.1 get_all_stored_procedures	
2024-04-24T12:27:04,484  INFO [TThreadPoolServer WorkerProcess-%d] HiveMetaStore.audit: ugi=alex	ip=127.0.0.1	cmd=source:127.0.0.1 get_all_packages	
2024-04-24T12:27:04,484  INFO [TThreadPoolServer WorkerProcess-%d] HiveMetaStore.audit: ugi=alex	ip=127.0.0.1	cmd=source:127.0.0.1 getTablesByTypeCore: catName=hive: db=myDb pat=.*,type=MATERIALIZED_VIEW	
2024-04-24T12:27:04,486  INFO [TThreadPoolServer WorkerProcess-%d] metastore.ObjectStore: Dropping database hive.myDb along with all tables
2024-04-24T12:27:04,488 ERROR [TThreadPoolServer WorkerProcess-%d] metastore.RetryingHMSHandler: Retrying HMSHandler after 2000 ms (attempt 10 of 10) with error: javax.jdo.JDODataStoreException: Exception thrown flushing changes to datastore
	at org.datanucleus.api.jdo.NucleusJDOHelper.getJDOExceptionForNucleusException(NucleusJDOHelper.java:542)
	at org.datanucleus.api.jdo.JDOPersistenceManager.flush(JDOPersistenceManager.java:2081)
	at org.apache.hadoop.hive.metastore.ObjectStore.addNotificationEvent(ObjectStore.java:11639)
	at sun.reflect.GeneratedMethodAccessor68.invoke(Unknown Source)
	at sun.reflect.DelegatingMethodAccessorImpl.invoke(DelegatingMethodAccessorImpl.java:43)
	at java.lang.reflect.Method.invoke(Method.java:498)
	at org.apache.hadoop.hive.metastore.RawStoreProxy.invoke(RawStoreProxy.java:97)
	at com.sun.proxy.$Proxy32.addNotificationEvent(Unknown Source)
	at org.apache.hive.hcatalog.listener.DbNotificationListener.process(DbNotificationListener.java:1403)
	at org.apache.hive.hcatalog.listener.DbNotificationListener.onDropDatabase(DbNotificationListener.java:513)
	at org.apache.hadoop.hive.metastore.MetaStoreListenerNotifier$26.notify(MetaStoreListenerNotifier.java:99)
	at org.apache.hadoop.hive.metastore.MetaStoreListenerNotifier.notifyEvent(MetaStoreListenerNotifier.java:339)
	at org.apache.hadoop.hive.metastore.HMSHandler.drop_database_core(HMSHandler.java:1785)
	at org.apache.hadoop.hive.metastore.HMSHandler.drop_database(HMSHandler.java:1869)
	at sun.reflect.GeneratedMethodAccessor73.invoke(Unknown Source)
	at sun.reflect.DelegatingMethodAccessorImpl.invoke(DelegatingMethodAccessorImpl.java:43)
	at java.lang.reflect.Method.invoke(Method.java:498)
	at org.apache.hadoop.hive.metastore.RetryingHMSHandler.invokeInternal(RetryingHMSHandler.java:147)
	at org.apache.hadoop.hive.metastore.RetryingHMSHandler.invoke(RetryingHMSHandler.java:108)
	at com.sun.proxy.$Proxy34.drop_database(Unknown Source)
	at org.apache.hadoop.hive.metastore.api.ThriftHiveMetastore$Processor$drop_database.getResult(ThriftHiveMetastore.java:18285)
	at org.apache.hadoop.hive.metastore.api.ThriftHiveMetastore$Processor$drop_database.getResult(ThriftHiveMetastore.java:18264)
	at org.apache.thrift.ProcessFunction.process(ProcessFunction.java:38)
	at org.apache.hadoop.hive.metastore.TUGIBasedProcessor$1.run(TUGIBasedProcessor.java:111)
	at org.apache.hadoop.hive.metastore.TUGIBasedProcessor$1.run(TUGIBasedProcessor.java:107)
	at java.security.AccessController.doPrivileged(Native Method)
	at javax.security.auth.Subject.doAs(Subject.java:422)
	at org.apache.hadoop.security.UserGroupInformation.doAs(UserGroupInformation.java:1682)
	at org.apache.hadoop.hive.metastore.TUGIBasedProcessor.process(TUGIBasedProcessor.java:119)
	at org.apache.thrift.server.TThreadPoolServer$WorkerProcess.run(TThreadPoolServer.java:248)
	at java.util.concurrent.ThreadPoolExecutor.runWorker(ThreadPoolExecutor.java:1149)
	at java.util.concurrent.ThreadPoolExecutor$Worker.run(ThreadPoolExecutor.java:624)
	at java.lang.Thread.run(Thread.java:750)
NestedThrowablesStackTrace:
java.sql.BatchUpdateException: DELETE on table 'DBS' caused a violation of foreign key constraint 'TBLS_FK1' for key (11).  The statement has been rolled back.
	at org.apache.derby.impl.jdbc.EmbedStatement.executeLargeBatch(Unknown Source)
	at org.apache.derby.impl.jdbc.EmbedStatement.executeBatch(Unknown Source)
	at com.zaxxer.hikari.pool.ProxyStatement.executeBatch(ProxyStatement.java:128)
	at com.zaxxer.hikari.pool.HikariProxyPreparedStatement.executeBatch(HikariProxyPreparedStatement.java)
	at org.datanucleus.store.rdbms.ParamLoggingPreparedStatement.executeBatch(ParamLoggingPreparedStatement.java:366)
	at org.datanucleus.store.rdbms.SQLController.processConnectionStatement(SQLController.java:675)
	at org.datanucleus.store.rdbms.SQLController.processStatementsForConnection(SQLController.java:643)
	at org.datanucleus.store.rdbms.SQLController$1.transactionFlushed(SQLController.java:729)
	at org.datanucleus.store.connection.AbstractManagedConnection.transactionFlushed(AbstractManagedConnection.java:95)
	at org.datanucleus.store.connection.ConnectionManagerImpl$2.transactionFlushed(ConnectionManagerImpl.java:528)
	at org.datanucleus.TransactionImpl.flush(TransactionImpl.java:222)
	at org.datanucleus.ExecutionContextImpl.flushInternal(ExecutionContextImpl.java:4068)
	at org.datanucleus.ExecutionContextThreadedImpl.flushInternal(ExecutionContextThreadedImpl.java:448)
	at org.datanucleus.ExecutionContextImpl.flush(ExecutionContextImpl.java:4009)
	at org.datanucleus.ExecutionContextThreadedImpl.flush(ExecutionContextThreadedImpl.java:434)
	at org.datanucleus.api.jdo.JDOPersistenceManager.flush(JDOPersistenceManager.java:2064)
	at org.apache.hadoop.hive.metastore.ObjectStore.addNotificationEvent(ObjectStore.java:11639)
	at sun.reflect.GeneratedMethodAccessor68.invoke(Unknown Source)
	at sun.reflect.DelegatingMethodAccessorImpl.invoke(DelegatingMethodAccessorImpl.java:43)
	at java.lang.reflect.Method.invoke(Method.java:498)
	at org.apache.hadoop.hive.metastore.RawStoreProxy.invoke(RawStoreProxy.java:97)
	at com.sun.proxy.$Proxy32.addNotificationEvent(Unknown Source)
	at org.apache.hive.hcatalog.listener.DbNotificationListener.process(DbNotificationListener.java:1403)
	at org.apache.hive.hcatalog.listener.DbNotificationListener.onDropDatabase(DbNotificationListener.java:513)
	at org.apache.hadoop.hive.metastore.MetaStoreListenerNotifier$26.notify(MetaStoreListenerNotifier.java:99)
	at org.apache.hadoop.hive.metastore.MetaStoreListenerNotifier.notifyEvent(MetaStoreListenerNotifier.java:339)
	at org.apache.hadoop.hive.metastore.HMSHandler.drop_database_core(HMSHandler.java:1785)
	at org.apache.hadoop.hive.metastore.HMSHandler.drop_database(HMSHandler.java:1869)
	at sun.reflect.GeneratedMethodAccessor73.invoke(Unknown Source)
	at sun.reflect.DelegatingMethodAccessorImpl.invoke(DelegatingMethodAccessorImpl.java:43)
	at java.lang.reflect.Method.invoke(Method.java:498)
	at org.apache.hadoop.hive.metastore.RetryingHMSHandler.invokeInternal(RetryingHMSHandler.java:147)
	at org.apache.hadoop.hive.metastore.RetryingHMSHandler.invoke(RetryingHMSHandler.java:108)
	at com.sun.proxy.$Proxy34.drop_database(Unknown Source)
	at org.apache.hadoop.hive.metastore.api.ThriftHiveMetastore$Processor$drop_database.getResult(ThriftHiveMetastore.java:18285)
	at org.apache.hadoop.hive.metastore.api.ThriftHiveMetastore$Processor$drop_database.getResult(ThriftHiveMetastore.java:18264)
	at org.apache.thrift.ProcessFunction.process(ProcessFunction.java:38)
	at org.apache.hadoop.hive.metastore.TUGIBasedProcessor$1.run(TUGIBasedProcessor.java:111)
	at org.apache.hadoop.hive.metastore.TUGIBasedProcessor$1.run(TUGIBasedProcessor.java:107)
	at java.security.AccessController.doPrivileged(Native Method)
	at javax.security.auth.Subject.doAs(Subject.java:422)
	at org.apache.hadoop.security.UserGroupInformation.doAs(UserGroupInformation.java:1682)
	at org.apache.hadoop.hive.metastore.TUGIBasedProcessor.process(TUGIBasedProcessor.java:119)
	at org.apache.thrift.server.TThreadPoolServer$WorkerProcess.run(TThreadPoolServer.java:248)
	at java.util.concurrent.ThreadPoolExecutor.runWorker(ThreadPoolExecutor.java:1149)
	at java.util.concurrent.ThreadPoolExecutor$Worker.run(ThreadPoolExecutor.java:624)
	at java.lang.Thread.run(Thread.java:750)
Caused by: org.apache.derby.shared.common.error.DerbySQLIntegrityConstraintViolationException: DELETE on table 'DBS' caused a violation of foreign key constraint 'TBLS_FK1' for key (11).  The statement has been rolled back.
	at org.apache.derby.impl.jdbc.SQLExceptionFactory.getSQLException(Unknown Source)
	at org.apache.derby.impl.jdbc.Util.generateCsSQLException(Unknown Source)
	at org.apache.derby.impl.jdbc.TransactionResourceImpl.wrapInSQLException(Unknown Source)
	at org.apache.derby.impl.jdbc.TransactionResourceImpl.handleException(Unknown Source)
	at org.apache.derby.impl.jdbc.EmbedConnection.handleException(Unknown Source)
	at org.apache.derby.impl.jdbc.ConnectionChild.handleException(Unknown Source)
	at org.apache.derby.impl.jdbc.EmbedStatement.executeStatement(Unknown Source)
	at org.apache.derby.impl.jdbc.EmbedPreparedStatement.executeBatchElement(Unknown Source)
	... 47 more
Caused by: ERROR 23503: DELETE on table 'DBS' caused a violation of foreign key constraint 'TBLS_FK1' for key (11).  The statement has been rolled back.
	at org.apache.derby.iapi.error.StandardException.newException(Unknown Source)
	at org.apache.derby.iapi.error.StandardException.newException(Unknown Source)
	at org.apache.derby.impl.sql.execute.ReferencedKeyRIChecker.doCheck(Unknown Source)
	at org.apache.derby.impl.sql.execute.RISetChecker.doPKCheck(Unknown Source)
	at org.apache.derby.impl.sql.execute.DeleteResultSet.collectAffectedRows(Unknown Source)
	at org.apache.derby.impl.sql.execute.DeleteResultSet.open(Unknown Source)
	at org.apache.derby.impl.sql.GenericPreparedStatement.executeStmt(Unknown Source)
	at org.apache.derby.impl.sql.GenericPreparedStatement.execute(Unknown Source)
	... 49 more

2024-04-24T12:27:06,489  INFO [TThreadPoolServer WorkerProcess-%d] HiveMetaStore.audit: ugi=alex	ip=127.0.0.1	cmd=source:127.0.0.1 drop_database: @hive#myDb	
2024-04-24T12:27:06,492  INFO [TThreadPoolServer WorkerProcess-%d] HiveMetaStore.audit: ugi=alex	ip=127.0.0.1	cmd=source:127.0.0.1 get_all_tables: db=@hive#myDb	
2024-04-24T12:27:06,493  INFO [TThreadPoolServer WorkerProcess-%d] HiveMetaStore.audit: ugi=alex	ip=127.0.0.1	cmd=source:127.0.0.1 get_functions: db=@hive#myDb pat=*	
2024-04-24T12:27:06,495  INFO [TThreadPoolServer WorkerProcess-%d] HiveMetaStore.audit: ugi=alex	ip=127.0.0.1	cmd=source:127.0.0.1 get_all_stored_procedures	
2024-04-24T12:27:06,495  INFO [TThreadPoolServer WorkerProcess-%d] HiveMetaStore.audit: ugi=alex	ip=127.0.0.1	cmd=source:127.0.0.1 get_all_packages	
2024-04-24T12:27:06,496  INFO [TThreadPoolServer WorkerProcess-%d] HiveMetaStore.audit: ugi=alex	ip=127.0.0.1	cmd=source:127.0.0.1 getTablesByTypeCore: catName=hive: db=myDb pat=.*,type=MATERIALIZED_VIEW	
2024-04-24T12:27:06,497  INFO [TThreadPoolServer WorkerProcess-%d] metastore.ObjectStore: Dropping database hive.myDb along with all tables
2024-04-24T12:27:06,501 ERROR [TThreadPoolServer WorkerProcess-%d] metastore.RetryingHMSHandler: HMSHandler Fatal error: javax.jdo.JDODataStoreException: Exception thrown flushing changes to datastore
	at org.datanucleus.api.jdo.NucleusJDOHelper.getJDOExceptionForNucleusException(NucleusJDOHelper.java:542)
	at org.datanucleus.api.jdo.JDOPersistenceManager.flush(JDOPersistenceManager.java:2081)
	at org.apache.hadoop.hive.metastore.ObjectStore.addNotificationEvent(ObjectStore.java:11639)
	at sun.reflect.GeneratedMethodAccessor68.invoke(Unknown Source)
	at sun.reflect.DelegatingMethodAccessorImpl.invoke(DelegatingMethodAccessorImpl.java:43)
	at java.lang.reflect.Method.invoke(Method.java:498)
	at org.apache.hadoop.hive.metastore.RawStoreProxy.invoke(RawStoreProxy.java:97)
	at com.sun.proxy.$Proxy32.addNotificationEvent(Unknown Source)
	at org.apache.hive.hcatalog.listener.DbNotificationListener.process(DbNotificationListener.java:1403)
	at org.apache.hive.hcatalog.listener.DbNotificationListener.onDropDatabase(DbNotificationListener.java:513)
	at org.apache.hadoop.hive.metastore.MetaStoreListenerNotifier$26.notify(MetaStoreListenerNotifier.java:99)
	at org.apache.hadoop.hive.metastore.MetaStoreListenerNotifier.notifyEvent(MetaStoreListenerNotifier.java:339)
	at org.apache.hadoop.hive.metastore.HMSHandler.drop_database_core(HMSHandler.java:1785)
	at org.apache.hadoop.hive.metastore.HMSHandler.drop_database(HMSHandler.java:1869)
	at sun.reflect.GeneratedMethodAccessor73.invoke(Unknown Source)
	at sun.reflect.DelegatingMethodAccessorImpl.invoke(DelegatingMethodAccessorImpl.java:43)
	at java.lang.reflect.Method.invoke(Method.java:498)
	at org.apache.hadoop.hive.metastore.RetryingHMSHandler.invokeInternal(RetryingHMSHandler.java:147)
	at org.apache.hadoop.hive.metastore.RetryingHMSHandler.invoke(RetryingHMSHandler.java:108)
	at com.sun.proxy.$Proxy34.drop_database(Unknown Source)
	at org.apache.hadoop.hive.metastore.api.ThriftHiveMetastore$Processor$drop_database.getResult(ThriftHiveMetastore.java:18285)
	at org.apache.hadoop.hive.metastore.api.ThriftHiveMetastore$Processor$drop_database.getResult(ThriftHiveMetastore.java:18264)
	at org.apache.thrift.ProcessFunction.process(ProcessFunction.java:38)
	at org.apache.hadoop.hive.metastore.TUGIBasedProcessor$1.run(TUGIBasedProcessor.java:111)
	at org.apache.hadoop.hive.metastore.TUGIBasedProcessor$1.run(TUGIBasedProcessor.java:107)
	at java.security.AccessController.doPrivileged(Native Method)
	at javax.security.auth.Subject.doAs(Subject.java:422)
	at org.apache.hadoop.security.UserGroupInformation.doAs(UserGroupInformation.java:1682)
	at org.apache.hadoop.hive.metastore.TUGIBasedProcessor.process(TUGIBasedProcessor.java:119)
	at org.apache.thrift.server.TThreadPoolServer$WorkerProcess.run(TThreadPoolServer.java:248)
	at java.util.concurrent.ThreadPoolExecutor.runWorker(ThreadPoolExecutor.java:1149)
	at java.util.concurrent.ThreadPoolExecutor$Worker.run(ThreadPoolExecutor.java:624)
	at java.lang.Thread.run(Thread.java:750)
NestedThrowablesStackTrace:
java.sql.BatchUpdateException: DELETE on table 'DBS' caused a violation of foreign key constraint 'TBLS_FK1' for key (11).  The statement has been rolled back.
	at org.apache.derby.impl.jdbc.EmbedStatement.executeLargeBatch(Unknown Source)
	at org.apache.derby.impl.jdbc.EmbedStatement.executeBatch(Unknown Source)
	at com.zaxxer.hikari.pool.ProxyStatement.executeBatch(ProxyStatement.java:128)
	at com.zaxxer.hikari.pool.HikariProxyPreparedStatement.executeBatch(HikariProxyPreparedStatement.java)
	at org.datanucleus.store.rdbms.ParamLoggingPreparedStatement.executeBatch(ParamLoggingPreparedStatement.java:366)
	at org.datanucleus.store.rdbms.SQLController.processConnectionStatement(SQLController.java:675)
	at org.datanucleus.store.rdbms.SQLController.processStatementsForConnection(SQLController.java:643)
	at org.datanucleus.store.rdbms.SQLController$1.transactionFlushed(SQLController.java:729)
	at org.datanucleus.store.connection.AbstractManagedConnection.transactionFlushed(AbstractManagedConnection.java:95)
	at org.datanucleus.store.connection.ConnectionManagerImpl$2.transactionFlushed(ConnectionManagerImpl.java:528)
	at org.datanucleus.TransactionImpl.flush(TransactionImpl.java:222)
	at org.datanucleus.ExecutionContextImpl.flushInternal(ExecutionContextImpl.java:4068)
	at org.datanucleus.ExecutionContextThreadedImpl.flushInternal(ExecutionContextThreadedImpl.java:448)
	at org.datanucleus.ExecutionContextImpl.flush(ExecutionContextImpl.java:4009)
	at org.datanucleus.ExecutionContextThreadedImpl.flush(ExecutionContextThreadedImpl.java:434)
	at org.datanucleus.api.jdo.JDOPersistenceManager.flush(JDOPersistenceManager.java:2064)
	at org.apache.hadoop.hive.metastore.ObjectStore.addNotificationEvent(ObjectStore.java:11639)
	at sun.reflect.GeneratedMethodAccessor68.invoke(Unknown Source)
	at sun.reflect.DelegatingMethodAccessorImpl.invoke(DelegatingMethodAccessorImpl.java:43)
	at java.lang.reflect.Method.invoke(Method.java:498)
	at org.apache.hadoop.hive.metastore.RawStoreProxy.invoke(RawStoreProxy.java:97)
	at com.sun.proxy.$Proxy32.addNotificationEvent(Unknown Source)
	at org.apache.hive.hcatalog.listener.DbNotificationListener.process(DbNotificationListener.java:1403)
	at org.apache.hive.hcatalog.listener.DbNotificationListener.onDropDatabase(DbNotificationListener.java:513)
	at org.apache.hadoop.hive.metastore.MetaStoreListenerNotifier$26.notify(MetaStoreListenerNotifier.java:99)
	at org.apache.hadoop.hive.metastore.MetaStoreListenerNotifier.notifyEvent(MetaStoreListenerNotifier.java:339)
	at org.apache.hadoop.hive.metastore.HMSHandler.drop_database_core(HMSHandler.java:1785)
	at org.apache.hadoop.hive.metastore.HMSHandler.drop_database(HMSHandler.java:1869)
	at sun.reflect.GeneratedMethodAccessor73.invoke(Unknown Source)
	at sun.reflect.DelegatingMethodAccessorImpl.invoke(DelegatingMethodAccessorImpl.java:43)
	at java.lang.reflect.Method.invoke(Method.java:498)
	at org.apache.hadoop.hive.metastore.RetryingHMSHandler.invokeInternal(RetryingHMSHandler.java:147)
	at org.apache.hadoop.hive.metastore.RetryingHMSHandler.invoke(RetryingHMSHandler.java:108)
	at com.sun.proxy.$Proxy34.drop_database(Unknown Source)
	at org.apache.hadoop.hive.metastore.api.ThriftHiveMetastore$Processor$drop_database.getResult(ThriftHiveMetastore.java:18285)
	at org.apache.hadoop.hive.metastore.api.ThriftHiveMetastore$Processor$drop_database.getResult(ThriftHiveMetastore.java:18264)
	at org.apache.thrift.ProcessFunction.process(ProcessFunction.java:38)
	at org.apache.hadoop.hive.metastore.TUGIBasedProcessor$1.run(TUGIBasedProcessor.java:111)
	at org.apache.hadoop.hive.metastore.TUGIBasedProcessor$1.run(TUGIBasedProcessor.java:107)
	at java.security.AccessController.doPrivileged(Native Method)
	at javax.security.auth.Subject.doAs(Subject.java:422)
	at org.apache.hadoop.security.UserGroupInformation.doAs(UserGroupInformation.java:1682)
	at org.apache.hadoop.hive.metastore.TUGIBasedProcessor.process(TUGIBasedProcessor.java:119)
	at org.apache.thrift.server.TThreadPoolServer$WorkerProcess.run(TThreadPoolServer.java:248)
	at java.util.concurrent.ThreadPoolExecutor.runWorker(ThreadPoolExecutor.java:1149)
	at java.util.concurrent.ThreadPoolExecutor$Worker.run(ThreadPoolExecutor.java:624)
	at java.lang.Thread.run(Thread.java:750)
Caused by: org.apache.derby.shared.common.error.DerbySQLIntegrityConstraintViolationException: DELETE on table 'DBS' caused a violation of foreign key constraint 'TBLS_FK1' for key (11).  The statement has been rolled back.
	at org.apache.derby.impl.jdbc.SQLExceptionFactory.getSQLException(Unknown Source)
	at org.apache.derby.impl.jdbc.Util.generateCsSQLException(Unknown Source)
	at org.apache.derby.impl.jdbc.TransactionResourceImpl.wrapInSQLException(Unknown Source)
	at org.apache.derby.impl.jdbc.TransactionResourceImpl.handleException(Unknown Source)
	at org.apache.derby.impl.jdbc.EmbedConnection.handleException(Unknown Source)
	at org.apache.derby.impl.jdbc.ConnectionChild.handleException(Unknown Source)
	at org.apache.derby.impl.jdbc.EmbedStatement.executeStatement(Unknown Source)
	at org.apache.derby.impl.jdbc.EmbedPreparedStatement.executeBatchElement(Unknown Source)
	... 47 more
Caused by: ERROR 23503: DELETE on table 'DBS' caused a violation of foreign key constraint 'TBLS_FK1' for key (11).  The statement has been rolled back.
	at org.apache.derby.iapi.error.StandardException.newException(Unknown Source)
	at org.apache.derby.iapi.error.StandardException.newException(Unknown Source)
	at org.apache.derby.impl.sql.execute.ReferencedKeyRIChecker.doCheck(Unknown Source)
	at org.apache.derby.impl.sql.execute.RISetChecker.doPKCheck(Unknown Source)
	at org.apache.derby.impl.sql.execute.DeleteResultSet.collectAffectedRows(Unknown Source)
	at org.apache.derby.impl.sql.execute.DeleteResultSet.open(Unknown Source)
	at org.apache.derby.impl.sql.GenericPreparedStatement.executeStmt(Unknown Source)
	at org.apache.derby.impl.sql.GenericPreparedStatement.execute(Unknown Source)
	... 49 more

2024-04-24T12:27:06,501  WARN [main] metastore.RetryingMetaStoreClient: MetaStoreClient lost connection. Attempting to reconnect (1 of 1) after 1s. dropDatabase
org.apache.hadoop.hive.metastore.api.MetaException: javax.jdo.JDODataStoreException: Exception thrown flushing changes to datastore
NestedThrowables:
java.sql.BatchUpdateException: DELETE on table 'DBS' caused a violation of foreign key constraint 'TBLS_FK1' for key (11).  The statement has been rolled back.
	at org.apache.hadoop.hive.metastore.api.ThriftHiveMetastore$drop_database_result$drop_database_resultStandardScheme.read(ThriftHiveMetastore.java:54495) ~[classes/:?]
	at org.apache.hadoop.hive.metastore.api.ThriftHiveMetastore$drop_database_result$drop_database_resultStandardScheme.read(ThriftHiveMetastore.java:54463) ~[classes/:?]
	at org.apache.hadoop.hive.metastore.api.ThriftHiveMetastore$drop_database_result.read(ThriftHiveMetastore.java:54397) ~[classes/:?]
	at org.apache.thrift.TServiceClient.receiveBase(TServiceClient.java:88) ~[libthrift-0.14.1.jar:0.14.1]
	at org.apache.hadoop.hive.metastore.api.ThriftHiveMetastore$Client.recv_drop_database(ThriftHiveMetastore.java:1404) ~[classes/:?]
	at org.apache.hadoop.hive.metastore.api.ThriftHiveMetastore$Client.drop_database(ThriftHiveMetastore.java:1389) ~[classes/:?]
	at org.apache.hadoop.hive.metastore.HiveMetaStoreClient.dropDatabaseCascadePerDb(HiveMetaStoreClient.java:1601) ~[classes/:?]
	at org.apache.hadoop.hive.metastore.HiveMetaStoreClient.dropDatabase(HiveMetaStoreClient.java:1532) ~[classes/:?]
	at org.apache.hadoop.hive.metastore.HiveMetaStoreClient.dropDatabase(HiveMetaStoreClient.java:1485) ~[classes/:?]
	at sun.reflect.GeneratedMethodAccessor326.invoke(Unknown Source) ~[?:?]
	at sun.reflect.DelegatingMethodAccessorImpl.invoke(DelegatingMethodAccessorImpl.java:43) ~[?:1.8.0_402]
	at java.lang.reflect.Method.invoke(Method.java:498) ~[?:1.8.0_402]
	at org.apache.hadoop.hive.metastore.RetryingMetaStoreClient.invoke(RetryingMetaStoreClient.java:214) [classes/:?]
	at com.sun.proxy.$Proxy35.dropDatabase(Unknown Source) [?:?]
	at org.apache.hive.hcatalog.api.HCatClientHMSImpl.dropDatabase(HCatClientHMSImpl.java:154) [classes/:?]
	at org.apache.hive.hcatalog.api.TestHCatClient.testPartitionRegistrationWithCustomSchema(TestHCatClient.java:1152) [test-classes/:?]
	at sun.reflect.NativeMethodAccessorImpl.invoke0(Native Method) ~[?:1.8.0_402]
	at sun.reflect.NativeMethodAccessorImpl.invoke(NativeMethodAccessorImpl.java:62) ~[?:1.8.0_402]
	at sun.reflect.DelegatingMethodAccessorImpl.invoke(DelegatingMethodAccessorImpl.java:43) ~[?:1.8.0_402]
	at java.lang.reflect.Method.invoke(Method.java:498) ~[?:1.8.0_402]
	at org.junit.runners.model.FrameworkMethod$1.runReflectiveCall(FrameworkMethod.java:59) [junit-4.13.jar:4.13]
	at org.junit.internal.runners.model.ReflectiveCallable.run(ReflectiveCallable.java:12) [junit-4.13.jar:4.13]
	at org.junit.runners.model.FrameworkMethod.invokeExplosively(FrameworkMethod.java:56) [junit-4.13.jar:4.13]
	at org.junit.internal.runners.statements.InvokeMethod.evaluate(InvokeMethod.java:17) [junit-4.13.jar:4.13]
	at org.junit.runners.ParentRunner$3.evaluate(ParentRunner.java:306) [junit-4.13.jar:4.13]
	at org.junit.runners.BlockJUnit4ClassRunner$1.evaluate(BlockJUnit4ClassRunner.java:100) [junit-4.13.jar:4.13]
	at org.junit.runners.ParentRunner.runLeaf(ParentRunner.java:366) [junit-4.13.jar:4.13]
	at org.junit.runners.BlockJUnit4ClassRunner.runChild(BlockJUnit4ClassRunner.java:103) [junit-4.13.jar:4.13]
	at org.junit.runners.BlockJUnit4ClassRunner.runChild(BlockJUnit4ClassRunner.java:63) [junit-4.13.jar:4.13]
	at org.junit.runners.ParentRunner$4.run(ParentRunner.java:331) [junit-4.13.jar:4.13]
	at org.junit.runners.ParentRunner$1.schedule(ParentRunner.java:79) [junit-4.13.jar:4.13]
	at org.junit.runners.ParentRunner.runChildren(ParentRunner.java:329) [junit-4.13.jar:4.13]
	at org.junit.runners.ParentRunner.access$100(ParentRunner.java:66) [junit-4.13.jar:4.13]
	at org.junit.runners.ParentRunner$2.evaluate(ParentRunner.java:293) [junit-4.13.jar:4.13]
	at org.junit.internal.runners.statements.RunBefores.evaluate(RunBefores.java:26) [junit-4.13.jar:4.13]
	at org.junit.internal.runners.statements.RunAfters.evaluate(RunAfters.java:27) [junit-4.13.jar:4.13]
	at org.junit.runners.ParentRunner$3.evaluate(ParentRunner.java:306) [junit-4.13.jar:4.13]
	at org.junit.runners.ParentRunner.run(ParentRunner.java:413) [junit-4.13.jar:4.13]
	at org.junit.runners.Suite.runChild(Suite.java:128) [junit-4.13.jar:4.13]
	at org.junit.runners.Suite.runChild(Suite.java:27) [junit-4.13.jar:4.13]
	at org.junit.runners.ParentRunner$4.run(ParentRunner.java:331) [junit-4.13.jar:4.13]
	at org.junit.runners.ParentRunner$1.schedule(ParentRunner.java:79) [junit-4.13.jar:4.13]
	at org.junit.runners.ParentRunner.runChildren(ParentRunner.java:329) [junit-4.13.jar:4.13]
	at org.junit.runners.ParentRunner.access$100(ParentRunner.java:66) [junit-4.13.jar:4.13]
	at org.junit.runners.ParentRunner$2.evaluate(ParentRunner.java:293) [junit-4.13.jar:4.13]
	at org.junit.runners.ParentRunner$3.evaluate(ParentRunner.java:306) [junit-4.13.jar:4.13]
	at org.junit.runners.ParentRunner.run(ParentRunner.java:413) [junit-4.13.jar:4.13]
	at org.apache.maven.surefire.junitcore.JUnitCore.run(JUnitCore.java:55) [surefire-junit47-3.0.0-M4.jar:3.0.0-M4]
	at org.apache.maven.surefire.junitcore.JUnitCoreWrapper.createRequestAndRun(JUnitCoreWrapper.java:137) [surefire-junit47-3.0.0-M4.jar:3.0.0-M4]
	at org.apache.maven.surefire.junitcore.JUnitCoreWrapper.executeEager(JUnitCoreWrapper.java:107) [surefire-junit47-3.0.0-M4.jar:3.0.0-M4]
	at org.apache.maven.surefire.junitcore.JUnitCoreWrapper.execute(JUnitCoreWrapper.java:83) [surefire-junit47-3.0.0-M4.jar:3.0.0-M4]
	at org.apache.maven.surefire.junitcore.JUnitCoreWrapper.execute(JUnitCoreWrapper.java:75) [surefire-junit47-3.0.0-M4.jar:3.0.0-M4]
	at org.apache.maven.surefire.junitcore.JUnitCoreProvider.invoke(JUnitCoreProvider.java:158) [surefire-junit47-3.0.0-M4.jar:3.0.0-M4]
	at org.apache.maven.surefire.booter.ForkedBooter.runSuitesInProcess(ForkedBooter.java:377) [surefire-booter-3.0.0-M4.jar:3.0.0-M4]
	at org.apache.maven.surefire.booter.ForkedBooter.execute(ForkedBooter.java:138) [surefire-booter-3.0.0-M4.jar:3.0.0-M4]
	at org.apache.maven.surefire.booter.ForkedBooter.run(ForkedBooter.java:465) [surefire-booter-3.0.0-M4.jar:3.0.0-M4]
	at org.apache.maven.surefire.booter.ForkedBooter.main(ForkedBooter.java:451) [surefire-booter-3.0.0-M4.jar:3.0.0-M4]
2024-04-24T12:27:07,505  INFO [main] metastore.RetryingMetaStoreClient: RetryingMetaStoreClient trying reconnect as alex (auth:SIMPLE)
2024-04-24T12:27:07,505  INFO [main] metastore.HiveMetaStoreClient: Trying to connect to metastore with URI (thrift://localhost:36265)
2024-04-24T12:27:07,506  INFO [main] metastore.HiveMetaStoreClient: Opened a connection to metastore, URI (thrift://localhost:36265) current connections: 9
2024-04-24T12:27:07,509  INFO [TThreadPoolServer WorkerProcess-%d] HiveMetaStore.audit: ugi=alex	ip=127.0.0.1	cmd=source:127.0.0.1 get_database: myDb	
2024-04-24T12:27:07,512  INFO [TThreadPoolServer WorkerProcess-%d] metastore.HMSHandler: 16: Opening raw store with implementation class:org.apache.hadoop.hive.metastore.ObjectStore
2024-04-24T12:27:07,513  INFO [TThreadPoolServer WorkerProcess-%d] metastore.PersistenceManagerProvider: Configuration datanucleus.autoStartMechanismMode is not set. Defaulting to 'ignored'
2024-04-24T12:27:07,514  INFO [TThreadPoolServer WorkerProcess-%d] metastore.ObjectStore: RawStore: org.apache.hadoop.hive.metastore.ObjectStore@47cef3e1, with PersistenceManager: null will be shutdown
2024-04-24T12:27:07,515  INFO [TThreadPoolServer WorkerProcess-%d] metastore.ObjectStore: RawStore: org.apache.hadoop.hive.metastore.ObjectStore@47cef3e1, with PersistenceManager: org.datanucleus.api.jdo.JDOPersistenceManager@6d9d5b27 created in the thread with id: 225
2024-04-24T12:27:07,517  INFO [TThreadPoolServer WorkerProcess-%d] metastore.HMSHandler: Created RawStore: org.apache.hadoop.hive.metastore.ObjectStore@47cef3e1 from thread id: 225
2024-04-24T12:27:07,518  INFO [TThreadPoolServer WorkerProcess-%d] HiveMetaStore.audit: ugi=alex	ip=127.0.0.1	cmd=source:127.0.0.1 get_tables_by_type: db=@hive#myDb pat=.*,type=MATERIALIZED_VIEW	
2024-04-24T12:27:07,518  INFO [TThreadPoolServer WorkerProcess-%d] HiveMetaStore.audit: ugi=alex	ip=127.0.0.1	cmd=source:127.0.0.1 getTablesByTypeCore: catName=hive: db=myDb pat=.*,type=MATERIALIZED_VIEW	
2024-04-24T12:27:07,520  INFO [TThreadPoolServer WorkerProcess-%d] HiveMetaStore.audit: ugi=alex	ip=127.0.0.1	cmd=source:127.0.0.1 get_all_tables: db=@hive#myDb	
2024-04-24T12:27:07,522  INFO [TThreadPoolServer WorkerProcess-%d] HiveMetaStore.audit: ugi=alex	ip=127.0.0.1	cmd=source:127.0.0.1 get_multi_table : db=myDb tbls=mytable	
2024-04-24T12:27:07,524  INFO [TThreadPoolServer WorkerProcess-%d] HiveMetaStore.audit: ugi=alex	ip=127.0.0.1	cmd=source:127.0.0.1 drop_database: @hive#myDb	
2024-04-24T12:27:07,525  INFO [TThreadPoolServer WorkerProcess-%d] HiveMetaStore.audit: ugi=alex	ip=127.0.0.1	cmd=source:127.0.0.1 get_all_tables: db=@hive#myDb	
2024-04-24T12:27:07,525  INFO [TThreadPoolServer WorkerProcess-%d] HiveMetaStore.audit: ugi=alex	ip=127.0.0.1	cmd=source:127.0.0.1 get_functions: db=@hive#myDb pat=*	
2024-04-24T12:27:07,526  INFO [TThreadPoolServer WorkerProcess-%d] HiveMetaStore.audit: ugi=alex	ip=127.0.0.1	cmd=source:127.0.0.1 get_all_stored_procedures	
2024-04-24T12:27:07,527  INFO [TThreadPoolServer WorkerProcess-%d] HiveMetaStore.audit: ugi=alex	ip=127.0.0.1	cmd=source:127.0.0.1 get_all_packages	
2024-04-24T12:27:07,528  INFO [TThreadPoolServer WorkerProcess-%d] HiveMetaStore.audit: ugi=alex	ip=127.0.0.1	cmd=source:127.0.0.1 getTablesByTypeCore: catName=hive: db=myDb pat=.*,type=MATERIALIZED_VIEW	
2024-04-24T12:27:07,530  INFO [TThreadPoolServer WorkerProcess-%d] metastore.ObjectStore: Dropping database hive.myDb along with all tables
2024-04-24T12:27:07,534 ERROR [TThreadPoolServer WorkerProcess-%d] metastore.RetryingHMSHandler: Retrying HMSHandler after 2000 ms (attempt 1 of 10) with error: javax.jdo.JDODataStoreException: Exception thrown flushing changes to datastore
	at org.datanucleus.api.jdo.NucleusJDOHelper.getJDOExceptionForNucleusException(NucleusJDOHelper.java:542)
	at org.datanucleus.api.jdo.JDOPersistenceManager.flush(JDOPersistenceManager.java:2081)
	at org.apache.hadoop.hive.metastore.ObjectStore.addNotificationEvent(ObjectStore.java:11639)
	at sun.reflect.GeneratedMethodAccessor68.invoke(Unknown Source)
	at sun.reflect.DelegatingMethodAccessorImpl.invoke(DelegatingMethodAccessorImpl.java:43)
	at java.lang.reflect.Method.invoke(Method.java:498)
	at org.apache.hadoop.hive.metastore.RawStoreProxy.invoke(RawStoreProxy.java:97)
	at com.sun.proxy.$Proxy32.addNotificationEvent(Unknown Source)
	at org.apache.hive.hcatalog.listener.DbNotificationListener.process(DbNotificationListener.java:1403)
	at org.apache.hive.hcatalog.listener.DbNotificationListener.onDropDatabase(DbNotificationListener.java:513)
	at org.apache.hadoop.hive.metastore.MetaStoreListenerNotifier$26.notify(MetaStoreListenerNotifier.java:99)
	at org.apache.hadoop.hive.metastore.MetaStoreListenerNotifier.notifyEvent(MetaStoreListenerNotifier.java:339)
	at org.apache.hadoop.hive.metastore.HMSHandler.drop_database_core(HMSHandler.java:1785)
	at org.apache.hadoop.hive.metastore.HMSHandler.drop_database(HMSHandler.java:1869)
	at sun.reflect.GeneratedMethodAccessor73.invoke(Unknown Source)
	at sun.reflect.DelegatingMethodAccessorImpl.invoke(DelegatingMethodAccessorImpl.java:43)
	at java.lang.reflect.Method.invoke(Method.java:498)
	at org.apache.hadoop.hive.metastore.RetryingHMSHandler.invokeInternal(RetryingHMSHandler.java:147)
	at org.apache.hadoop.hive.metastore.RetryingHMSHandler.invoke(RetryingHMSHandler.java:108)
	at com.sun.proxy.$Proxy34.drop_database(Unknown Source)
	at org.apache.hadoop.hive.metastore.api.ThriftHiveMetastore$Processor$drop_database.getResult(ThriftHiveMetastore.java:18285)
	at org.apache.hadoop.hive.metastore.api.ThriftHiveMetastore$Processor$drop_database.getResult(ThriftHiveMetastore.java:18264)
	at org.apache.thrift.ProcessFunction.process(ProcessFunction.java:38)
	at org.apache.hadoop.hive.metastore.TUGIBasedProcessor$1.run(TUGIBasedProcessor.java:111)
	at org.apache.hadoop.hive.metastore.TUGIBasedProcessor$1.run(TUGIBasedProcessor.java:107)
	at java.security.AccessController.doPrivileged(Native Method)
	at javax.security.auth.Subject.doAs(Subject.java:422)
	at org.apache.hadoop.security.UserGroupInformation.doAs(UserGroupInformation.java:1682)
	at org.apache.hadoop.hive.metastore.TUGIBasedProcessor.process(TUGIBasedProcessor.java:119)
	at org.apache.thrift.server.TThreadPoolServer$WorkerProcess.run(TThreadPoolServer.java:248)
	at java.util.concurrent.ThreadPoolExecutor.runWorker(ThreadPoolExecutor.java:1149)
	at java.util.concurrent.ThreadPoolExecutor$Worker.run(ThreadPoolExecutor.java:624)
	at java.lang.Thread.run(Thread.java:750)
NestedThrowablesStackTrace:
java.sql.BatchUpdateException: DELETE on table 'DBS' caused a violation of foreign key constraint 'TBLS_FK1' for key (11).  The statement has been rolled back.
	at org.apache.derby.impl.jdbc.EmbedStatement.executeLargeBatch(Unknown Source)
	at org.apache.derby.impl.jdbc.EmbedStatement.executeBatch(Unknown Source)
	at com.zaxxer.hikari.pool.ProxyStatement.executeBatch(ProxyStatement.java:128)
	at com.zaxxer.hikari.pool.HikariProxyPreparedStatement.executeBatch(HikariProxyPreparedStatement.java)
	at org.datanucleus.store.rdbms.ParamLoggingPreparedStatement.executeBatch(ParamLoggingPreparedStatement.java:366)
	at org.datanucleus.store.rdbms.SQLController.processConnectionStatement(SQLController.java:675)
	at org.datanucleus.store.rdbms.SQLController.processStatementsForConnection(SQLController.java:643)
	at org.datanucleus.store.rdbms.SQLController$1.transactionFlushed(SQLController.java:729)
	at org.datanucleus.store.connection.AbstractManagedConnection.transactionFlushed(AbstractManagedConnection.java:95)
	at org.datanucleus.store.connection.ConnectionManagerImpl$2.transactionFlushed(ConnectionManagerImpl.java:528)
	at org.datanucleus.TransactionImpl.flush(TransactionImpl.java:222)
	at org.datanucleus.ExecutionContextImpl.flushInternal(ExecutionContextImpl.java:4068)
	at org.datanucleus.ExecutionContextThreadedImpl.flushInternal(ExecutionContextThreadedImpl.java:448)
	at org.datanucleus.ExecutionContextImpl.flush(ExecutionContextImpl.java:4009)
	at org.datanucleus.ExecutionContextThreadedImpl.flush(ExecutionContextThreadedImpl.java:434)
	at org.datanucleus.api.jdo.JDOPersistenceManager.flush(JDOPersistenceManager.java:2064)
	at org.apache.hadoop.hive.metastore.ObjectStore.addNotificationEvent(ObjectStore.java:11639)
	at sun.reflect.GeneratedMethodAccessor68.invoke(Unknown Source)
	at sun.reflect.DelegatingMethodAccessorImpl.invoke(DelegatingMethodAccessorImpl.java:43)
	at java.lang.reflect.Method.invoke(Method.java:498)
	at org.apache.hadoop.hive.metastore.RawStoreProxy.invoke(RawStoreProxy.java:97)
	at com.sun.proxy.$Proxy32.addNotificationEvent(Unknown Source)
	at org.apache.hive.hcatalog.listener.DbNotificationListener.process(DbNotificationListener.java:1403)
	at org.apache.hive.hcatalog.listener.DbNotificationListener.onDropDatabase(DbNotificationListener.java:513)
	at org.apache.hadoop.hive.metastore.MetaStoreListenerNotifier$26.notify(MetaStoreListenerNotifier.java:99)
	at org.apache.hadoop.hive.metastore.MetaStoreListenerNotifier.notifyEvent(MetaStoreListenerNotifier.java:339)
	at org.apache.hadoop.hive.metastore.HMSHandler.drop_database_core(HMSHandler.java:1785)
	at org.apache.hadoop.hive.metastore.HMSHandler.drop_database(HMSHandler.java:1869)
	at sun.reflect.GeneratedMethodAccessor73.invoke(Unknown Source)
	at sun.reflect.DelegatingMethodAccessorImpl.invoke(DelegatingMethodAccessorImpl.java:43)
	at java.lang.reflect.Method.invoke(Method.java:498)
	at org.apache.hadoop.hive.metastore.RetryingHMSHandler.invokeInternal(RetryingHMSHandler.java:147)
	at org.apache.hadoop.hive.metastore.RetryingHMSHandler.invoke(RetryingHMSHandler.java:108)
	at com.sun.proxy.$Proxy34.drop_database(Unknown Source)
	at org.apache.hadoop.hive.metastore.api.ThriftHiveMetastore$Processor$drop_database.getResult(ThriftHiveMetastore.java:18285)
	at org.apache.hadoop.hive.metastore.api.ThriftHiveMetastore$Processor$drop_database.getResult(ThriftHiveMetastore.java:18264)
	at org.apache.thrift.ProcessFunction.process(ProcessFunction.java:38)
	at org.apache.hadoop.hive.metastore.TUGIBasedProcessor$1.run(TUGIBasedProcessor.java:111)
	at org.apache.hadoop.hive.metastore.TUGIBasedProcessor$1.run(TUGIBasedProcessor.java:107)
	at java.security.AccessController.doPrivileged(Native Method)
	at javax.security.auth.Subject.doAs(Subject.java:422)
	at org.apache.hadoop.security.UserGroupInformation.doAs(UserGroupInformation.java:1682)
	at org.apache.hadoop.hive.metastore.TUGIBasedProcessor.process(TUGIBasedProcessor.java:119)
	at org.apache.thrift.server.TThreadPoolServer$WorkerProcess.run(TThreadPoolServer.java:248)
	at java.util.concurrent.ThreadPoolExecutor.runWorker(ThreadPoolExecutor.java:1149)
	at java.util.concurrent.ThreadPoolExecutor$Worker.run(ThreadPoolExecutor.java:624)
	at java.lang.Thread.run(Thread.java:750)
Caused by: org.apache.derby.shared.common.error.DerbySQLIntegrityConstraintViolationException: DELETE on table 'DBS' caused a violation of foreign key constraint 'TBLS_FK1' for key (11).  The statement has been rolled back.
	at org.apache.derby.impl.jdbc.SQLExceptionFactory.getSQLException(Unknown Source)
	at org.apache.derby.impl.jdbc.Util.generateCsSQLException(Unknown Source)
	at org.apache.derby.impl.jdbc.TransactionResourceImpl.wrapInSQLException(Unknown Source)
	at org.apache.derby.impl.jdbc.TransactionResourceImpl.handleException(Unknown Source)
	at org.apache.derby.impl.jdbc.EmbedConnection.handleException(Unknown Source)
	at org.apache.derby.impl.jdbc.ConnectionChild.handleException(Unknown Source)
	at org.apache.derby.impl.jdbc.EmbedStatement.executeStatement(Unknown Source)
	at org.apache.derby.impl.jdbc.EmbedPreparedStatement.executeBatchElement(Unknown Source)
	... 47 more
Caused by: ERROR 23503: DELETE on table 'DBS' caused a violation of foreign key constraint 'TBLS_FK1' for key (11).  The statement has been rolled back.
	at org.apache.derby.iapi.error.StandardException.newException(Unknown Source)
	at org.apache.derby.iapi.error.StandardException.newException(Unknown Source)
	at org.apache.derby.impl.sql.execute.ReferencedKeyRIChecker.doCheck(Unknown Source)
	at org.apache.derby.impl.sql.execute.RISetChecker.doPKCheck(Unknown Source)
	at org.apache.derby.impl.sql.execute.DeleteResultSet.collectAffectedRows(Unknown Source)
	at org.apache.derby.impl.sql.execute.DeleteResultSet.open(Unknown Source)
	at org.apache.derby.impl.sql.GenericPreparedStatement.executeStmt(Unknown Source)
	at org.apache.derby.impl.sql.GenericPreparedStatement.execute(Unknown Source)
	... 49 more

2024-04-24T12:27:09,535  INFO [TThreadPoolServer WorkerProcess-%d] HiveMetaStore.audit: ugi=alex	ip=127.0.0.1	cmd=source:127.0.0.1 drop_database: @hive#myDb	
2024-04-24T12:27:09,537  INFO [TThreadPoolServer WorkerProcess-%d] HiveMetaStore.audit: ugi=alex	ip=127.0.0.1	cmd=source:127.0.0.1 get_all_tables: db=@hive#myDb	
2024-04-24T12:27:09,538  INFO [TThreadPoolServer WorkerProcess-%d] HiveMetaStore.audit: ugi=alex	ip=127.0.0.1	cmd=source:127.0.0.1 get_functions: db=@hive#myDb pat=*	
2024-04-24T12:27:09,540  INFO [TThreadPoolServer WorkerProcess-%d] HiveMetaStore.audit: ugi=alex	ip=127.0.0.1	cmd=source:127.0.0.1 get_all_stored_procedures	
2024-04-24T12:27:09,541  INFO [TThreadPoolServer WorkerProcess-%d] HiveMetaStore.audit: ugi=alex	ip=127.0.0.1	cmd=source:127.0.0.1 get_all_packages	
2024-04-24T12:27:09,541  INFO [TThreadPoolServer WorkerProcess-%d] HiveMetaStore.audit: ugi=alex	ip=127.0.0.1	cmd=source:127.0.0.1 getTablesByTypeCore: catName=hive: db=myDb pat=.*,type=MATERIALIZED_VIEW	
2024-04-24T12:27:09,543  INFO [TThreadPoolServer WorkerProcess-%d] metastore.ObjectStore: Dropping database hive.myDb along with all tables
2024-04-24T12:27:09,545 ERROR [TThreadPoolServer WorkerProcess-%d] metastore.RetryingHMSHandler: Retrying HMSHandler after 2000 ms (attempt 2 of 10) with error: javax.jdo.JDODataStoreException: Exception thrown flushing changes to datastore
	at org.datanucleus.api.jdo.NucleusJDOHelper.getJDOExceptionForNucleusException(NucleusJDOHelper.java:542)
	at org.datanucleus.api.jdo.JDOPersistenceManager.flush(JDOPersistenceManager.java:2081)
	at org.apache.hadoop.hive.metastore.ObjectStore.addNotificationEvent(ObjectStore.java:11639)
	at sun.reflect.GeneratedMethodAccessor68.invoke(Unknown Source)
	at sun.reflect.DelegatingMethodAccessorImpl.invoke(DelegatingMethodAccessorImpl.java:43)
	at java.lang.reflect.Method.invoke(Method.java:498)
	at org.apache.hadoop.hive.metastore.RawStoreProxy.invoke(RawStoreProxy.java:97)
	at com.sun.proxy.$Proxy32.addNotificationEvent(Unknown Source)
	at org.apache.hive.hcatalog.listener.DbNotificationListener.process(DbNotificationListener.java:1403)
	at org.apache.hive.hcatalog.listener.DbNotificationListener.onDropDatabase(DbNotificationListener.java:513)
	at org.apache.hadoop.hive.metastore.MetaStoreListenerNotifier$26.notify(MetaStoreListenerNotifier.java:99)
	at org.apache.hadoop.hive.metastore.MetaStoreListenerNotifier.notifyEvent(MetaStoreListenerNotifier.java:339)
	at org.apache.hadoop.hive.metastore.HMSHandler.drop_database_core(HMSHandler.java:1785)
	at org.apache.hadoop.hive.metastore.HMSHandler.drop_database(HMSHandler.java:1869)
	at sun.reflect.GeneratedMethodAccessor73.invoke(Unknown Source)
	at sun.reflect.DelegatingMethodAccessorImpl.invoke(DelegatingMethodAccessorImpl.java:43)
	at java.lang.reflect.Method.invoke(Method.java:498)
	at org.apache.hadoop.hive.metastore.RetryingHMSHandler.invokeInternal(RetryingHMSHandler.java:147)
	at org.apache.hadoop.hive.metastore.RetryingHMSHandler.invoke(RetryingHMSHandler.java:108)
	at com.sun.proxy.$Proxy34.drop_database(Unknown Source)
	at org.apache.hadoop.hive.metastore.api.ThriftHiveMetastore$Processor$drop_database.getResult(ThriftHiveMetastore.java:18285)
	at org.apache.hadoop.hive.metastore.api.ThriftHiveMetastore$Processor$drop_database.getResult(ThriftHiveMetastore.java:18264)
	at org.apache.thrift.ProcessFunction.process(ProcessFunction.java:38)
	at org.apache.hadoop.hive.metastore.TUGIBasedProcessor$1.run(TUGIBasedProcessor.java:111)
	at org.apache.hadoop.hive.metastore.TUGIBasedProcessor$1.run(TUGIBasedProcessor.java:107)
	at java.security.AccessController.doPrivileged(Native Method)
	at javax.security.auth.Subject.doAs(Subject.java:422)
	at org.apache.hadoop.security.UserGroupInformation.doAs(UserGroupInformation.java:1682)
	at org.apache.hadoop.hive.metastore.TUGIBasedProcessor.process(TUGIBasedProcessor.java:119)
	at org.apache.thrift.server.TThreadPoolServer$WorkerProcess.run(TThreadPoolServer.java:248)
	at java.util.concurrent.ThreadPoolExecutor.runWorker(ThreadPoolExecutor.java:1149)
	at java.util.concurrent.ThreadPoolExecutor$Worker.run(ThreadPoolExecutor.java:624)
	at java.lang.Thread.run(Thread.java:750)
NestedThrowablesStackTrace:
java.sql.BatchUpdateException: DELETE on table 'DBS' caused a violation of foreign key constraint 'TBLS_FK1' for key (11).  The statement has been rolled back.
	at org.apache.derby.impl.jdbc.EmbedStatement.executeLargeBatch(Unknown Source)
	at org.apache.derby.impl.jdbc.EmbedStatement.executeBatch(Unknown Source)
	at com.zaxxer.hikari.pool.ProxyStatement.executeBatch(ProxyStatement.java:128)
	at com.zaxxer.hikari.pool.HikariProxyPreparedStatement.executeBatch(HikariProxyPreparedStatement.java)
	at org.datanucleus.store.rdbms.ParamLoggingPreparedStatement.executeBatch(ParamLoggingPreparedStatement.java:366)
	at org.datanucleus.store.rdbms.SQLController.processConnectionStatement(SQLController.java:675)
	at org.datanucleus.store.rdbms.SQLController.processStatementsForConnection(SQLController.java:643)
	at org.datanucleus.store.rdbms.SQLController$1.transactionFlushed(SQLController.java:729)
	at org.datanucleus.store.connection.AbstractManagedConnection.transactionFlushed(AbstractManagedConnection.java:95)
	at org.datanucleus.store.connection.ConnectionManagerImpl$2.transactionFlushed(ConnectionManagerImpl.java:528)
	at org.datanucleus.TransactionImpl.flush(TransactionImpl.java:222)
	at org.datanucleus.ExecutionContextImpl.flushInternal(ExecutionContextImpl.java:4068)
	at org.datanucleus.ExecutionContextThreadedImpl.flushInternal(ExecutionContextThreadedImpl.java:448)
	at org.datanucleus.ExecutionContextImpl.flush(ExecutionContextImpl.java:4009)
	at org.datanucleus.ExecutionContextThreadedImpl.flush(ExecutionContextThreadedImpl.java:434)
	at org.datanucleus.api.jdo.JDOPersistenceManager.flush(JDOPersistenceManager.java:2064)
	at org.apache.hadoop.hive.metastore.ObjectStore.addNotificationEvent(ObjectStore.java:11639)
	at sun.reflect.GeneratedMethodAccessor68.invoke(Unknown Source)
	at sun.reflect.DelegatingMethodAccessorImpl.invoke(DelegatingMethodAccessorImpl.java:43)
	at java.lang.reflect.Method.invoke(Method.java:498)
	at org.apache.hadoop.hive.metastore.RawStoreProxy.invoke(RawStoreProxy.java:97)
	at com.sun.proxy.$Proxy32.addNotificationEvent(Unknown Source)
	at org.apache.hive.hcatalog.listener.DbNotificationListener.process(DbNotificationListener.java:1403)
	at org.apache.hive.hcatalog.listener.DbNotificationListener.onDropDatabase(DbNotificationListener.java:513)
	at org.apache.hadoop.hive.metastore.MetaStoreListenerNotifier$26.notify(MetaStoreListenerNotifier.java:99)
	at org.apache.hadoop.hive.metastore.MetaStoreListenerNotifier.notifyEvent(MetaStoreListenerNotifier.java:339)
	at org.apache.hadoop.hive.metastore.HMSHandler.drop_database_core(HMSHandler.java:1785)
	at org.apache.hadoop.hive.metastore.HMSHandler.drop_database(HMSHandler.java:1869)
	at sun.reflect.GeneratedMethodAccessor73.invoke(Unknown Source)
	at sun.reflect.DelegatingMethodAccessorImpl.invoke(DelegatingMethodAccessorImpl.java:43)
	at java.lang.reflect.Method.invoke(Method.java:498)
	at org.apache.hadoop.hive.metastore.RetryingHMSHandler.invokeInternal(RetryingHMSHandler.java:147)
	at org.apache.hadoop.hive.metastore.RetryingHMSHandler.invoke(RetryingHMSHandler.java:108)
	at com.sun.proxy.$Proxy34.drop_database(Unknown Source)
	at org.apache.hadoop.hive.metastore.api.ThriftHiveMetastore$Processor$drop_database.getResult(ThriftHiveMetastore.java:18285)
	at org.apache.hadoop.hive.metastore.api.ThriftHiveMetastore$Processor$drop_database.getResult(ThriftHiveMetastore.java:18264)
	at org.apache.thrift.ProcessFunction.process(ProcessFunction.java:38)
	at org.apache.hadoop.hive.metastore.TUGIBasedProcessor$1.run(TUGIBasedProcessor.java:111)
	at org.apache.hadoop.hive.metastore.TUGIBasedProcessor$1.run(TUGIBasedProcessor.java:107)
	at java.security.AccessController.doPrivileged(Native Method)
	at javax.security.auth.Subject.doAs(Subject.java:422)
	at org.apache.hadoop.security.UserGroupInformation.doAs(UserGroupInformation.java:1682)
	at org.apache.hadoop.hive.metastore.TUGIBasedProcessor.process(TUGIBasedProcessor.java:119)
	at org.apache.thrift.server.TThreadPoolServer$WorkerProcess.run(TThreadPoolServer.java:248)
	at java.util.concurrent.ThreadPoolExecutor.runWorker(ThreadPoolExecutor.java:1149)
	at java.util.concurrent.ThreadPoolExecutor$Worker.run(ThreadPoolExecutor.java:624)
	at java.lang.Thread.run(Thread.java:750)
Caused by: org.apache.derby.shared.common.error.DerbySQLIntegrityConstraintViolationException: DELETE on table 'DBS' caused a violation of foreign key constraint 'TBLS_FK1' for key (11).  The statement has been rolled back.
	at org.apache.derby.impl.jdbc.SQLExceptionFactory.getSQLException(Unknown Source)
	at org.apache.derby.impl.jdbc.Util.generateCsSQLException(Unknown Source)
	at org.apache.derby.impl.jdbc.TransactionResourceImpl.wrapInSQLException(Unknown Source)
	at org.apache.derby.impl.jdbc.TransactionResourceImpl.handleException(Unknown Source)
	at org.apache.derby.impl.jdbc.EmbedConnection.handleException(Unknown Source)
	at org.apache.derby.impl.jdbc.ConnectionChild.handleException(Unknown Source)
	at org.apache.derby.impl.jdbc.EmbedStatement.executeStatement(Unknown Source)
	at org.apache.derby.impl.jdbc.EmbedPreparedStatement.executeBatchElement(Unknown Source)
	... 47 more
Caused by: ERROR 23503: DELETE on table 'DBS' caused a violation of foreign key constraint 'TBLS_FK1' for key (11).  The statement has been rolled back.
	at org.apache.derby.iapi.error.StandardException.newException(Unknown Source)
	at org.apache.derby.iapi.error.StandardException.newException(Unknown Source)
	at org.apache.derby.impl.sql.execute.ReferencedKeyRIChecker.doCheck(Unknown Source)
	at org.apache.derby.impl.sql.execute.RISetChecker.doPKCheck(Unknown Source)
	at org.apache.derby.impl.sql.execute.DeleteResultSet.collectAffectedRows(Unknown Source)
	at org.apache.derby.impl.sql.execute.DeleteResultSet.open(Unknown Source)
	at org.apache.derby.impl.sql.GenericPreparedStatement.executeStmt(Unknown Source)
	at org.apache.derby.impl.sql.GenericPreparedStatement.execute(Unknown Source)
	... 49 more

2024-04-24T12:27:11,546  INFO [TThreadPoolServer WorkerProcess-%d] HiveMetaStore.audit: ugi=alex	ip=127.0.0.1	cmd=source:127.0.0.1 drop_database: @hive#myDb	
2024-04-24T12:27:11,548  INFO [TThreadPoolServer WorkerProcess-%d] HiveMetaStore.audit: ugi=alex	ip=127.0.0.1	cmd=source:127.0.0.1 get_all_tables: db=@hive#myDb	
2024-04-24T12:27:11,550  INFO [TThreadPoolServer WorkerProcess-%d] HiveMetaStore.audit: ugi=alex	ip=127.0.0.1	cmd=source:127.0.0.1 get_functions: db=@hive#myDb pat=*	
2024-04-24T12:27:11,553  INFO [TThreadPoolServer WorkerProcess-%d] HiveMetaStore.audit: ugi=alex	ip=127.0.0.1	cmd=source:127.0.0.1 get_all_stored_procedures	
2024-04-24T12:27:11,553  INFO [TThreadPoolServer WorkerProcess-%d] HiveMetaStore.audit: ugi=alex	ip=127.0.0.1	cmd=source:127.0.0.1 get_all_packages	
2024-04-24T12:27:11,554  INFO [TThreadPoolServer WorkerProcess-%d] HiveMetaStore.audit: ugi=alex	ip=127.0.0.1	cmd=source:127.0.0.1 getTablesByTypeCore: catName=hive: db=myDb pat=.*,type=MATERIALIZED_VIEW	
2024-04-24T12:27:11,556  INFO [TThreadPoolServer WorkerProcess-%d] metastore.ObjectStore: Dropping database hive.myDb along with all tables
2024-04-24T12:27:11,559 ERROR [TThreadPoolServer WorkerProcess-%d] metastore.RetryingHMSHandler: Retrying HMSHandler after 2000 ms (attempt 3 of 10) with error: javax.jdo.JDODataStoreException: Exception thrown flushing changes to datastore
	at org.datanucleus.api.jdo.NucleusJDOHelper.getJDOExceptionForNucleusException(NucleusJDOHelper.java:542)
	at org.datanucleus.api.jdo.JDOPersistenceManager.flush(JDOPersistenceManager.java:2081)
	at org.apache.hadoop.hive.metastore.ObjectStore.addNotificationEvent(ObjectStore.java:11639)
	at sun.reflect.GeneratedMethodAccessor68.invoke(Unknown Source)
	at sun.reflect.DelegatingMethodAccessorImpl.invoke(DelegatingMethodAccessorImpl.java:43)
	at java.lang.reflect.Method.invoke(Method.java:498)
	at org.apache.hadoop.hive.metastore.RawStoreProxy.invoke(RawStoreProxy.java:97)
	at com.sun.proxy.$Proxy32.addNotificationEvent(Unknown Source)
	at org.apache.hive.hcatalog.listener.DbNotificationListener.process(DbNotificationListener.java:1403)
	at org.apache.hive.hcatalog.listener.DbNotificationListener.onDropDatabase(DbNotificationListener.java:513)
	at org.apache.hadoop.hive.metastore.MetaStoreListenerNotifier$26.notify(MetaStoreListenerNotifier.java:99)
	at org.apache.hadoop.hive.metastore.MetaStoreListenerNotifier.notifyEvent(MetaStoreListenerNotifier.java:339)
	at org.apache.hadoop.hive.metastore.HMSHandler.drop_database_core(HMSHandler.java:1785)
	at org.apache.hadoop.hive.metastore.HMSHandler.drop_database(HMSHandler.java:1869)
	at sun.reflect.GeneratedMethodAccessor73.invoke(Unknown Source)
	at sun.reflect.DelegatingMethodAccessorImpl.invoke(DelegatingMethodAccessorImpl.java:43)
	at java.lang.reflect.Method.invoke(Method.java:498)
	at org.apache.hadoop.hive.metastore.RetryingHMSHandler.invokeInternal(RetryingHMSHandler.java:147)
	at org.apache.hadoop.hive.metastore.RetryingHMSHandler.invoke(RetryingHMSHandler.java:108)
	at com.sun.proxy.$Proxy34.drop_database(Unknown Source)
	at org.apache.hadoop.hive.metastore.api.ThriftHiveMetastore$Processor$drop_database.getResult(ThriftHiveMetastore.java:18285)
	at org.apache.hadoop.hive.metastore.api.ThriftHiveMetastore$Processor$drop_database.getResult(ThriftHiveMetastore.java:18264)
	at org.apache.thrift.ProcessFunction.process(ProcessFunction.java:38)
	at org.apache.hadoop.hive.metastore.TUGIBasedProcessor$1.run(TUGIBasedProcessor.java:111)
	at org.apache.hadoop.hive.metastore.TUGIBasedProcessor$1.run(TUGIBasedProcessor.java:107)
	at java.security.AccessController.doPrivileged(Native Method)
	at javax.security.auth.Subject.doAs(Subject.java:422)
	at org.apache.hadoop.security.UserGroupInformation.doAs(UserGroupInformation.java:1682)
	at org.apache.hadoop.hive.metastore.TUGIBasedProcessor.process(TUGIBasedProcessor.java:119)
	at org.apache.thrift.server.TThreadPoolServer$WorkerProcess.run(TThreadPoolServer.java:248)
	at java.util.concurrent.ThreadPoolExecutor.runWorker(ThreadPoolExecutor.java:1149)
	at java.util.concurrent.ThreadPoolExecutor$Worker.run(ThreadPoolExecutor.java:624)
	at java.lang.Thread.run(Thread.java:750)
NestedThrowablesStackTrace:
java.sql.BatchUpdateException: DELETE on table 'DBS' caused a violation of foreign key constraint 'TBLS_FK1' for key (11).  The statement has been rolled back.
	at org.apache.derby.impl.jdbc.EmbedStatement.executeLargeBatch(Unknown Source)
	at org.apache.derby.impl.jdbc.EmbedStatement.executeBatch(Unknown Source)
	at com.zaxxer.hikari.pool.ProxyStatement.executeBatch(ProxyStatement.java:128)
	at com.zaxxer.hikari.pool.HikariProxyPreparedStatement.executeBatch(HikariProxyPreparedStatement.java)
	at org.datanucleus.store.rdbms.ParamLoggingPreparedStatement.executeBatch(ParamLoggingPreparedStatement.java:366)
	at org.datanucleus.store.rdbms.SQLController.processConnectionStatement(SQLController.java:675)
	at org.datanucleus.store.rdbms.SQLController.processStatementsForConnection(SQLController.java:643)
	at org.datanucleus.store.rdbms.SQLController$1.transactionFlushed(SQLController.java:729)
	at org.datanucleus.store.connection.AbstractManagedConnection.transactionFlushed(AbstractManagedConnection.java:95)
	at org.datanucleus.store.connection.ConnectionManagerImpl$2.transactionFlushed(ConnectionManagerImpl.java:528)
	at org.datanucleus.TransactionImpl.flush(TransactionImpl.java:222)
	at org.datanucleus.ExecutionContextImpl.flushInternal(ExecutionContextImpl.java:4068)
	at org.datanucleus.ExecutionContextThreadedImpl.flushInternal(ExecutionContextThreadedImpl.java:448)
	at org.datanucleus.ExecutionContextImpl.flush(ExecutionContextImpl.java:4009)
	at org.datanucleus.ExecutionContextThreadedImpl.flush(ExecutionContextThreadedImpl.java:434)
	at org.datanucleus.api.jdo.JDOPersistenceManager.flush(JDOPersistenceManager.java:2064)
	at org.apache.hadoop.hive.metastore.ObjectStore.addNotificationEvent(ObjectStore.java:11639)
	at sun.reflect.GeneratedMethodAccessor68.invoke(Unknown Source)
	at sun.reflect.DelegatingMethodAccessorImpl.invoke(DelegatingMethodAccessorImpl.java:43)
	at java.lang.reflect.Method.invoke(Method.java:498)
	at org.apache.hadoop.hive.metastore.RawStoreProxy.invoke(RawStoreProxy.java:97)
	at com.sun.proxy.$Proxy32.addNotificationEvent(Unknown Source)
	at org.apache.hive.hcatalog.listener.DbNotificationListener.process(DbNotificationListener.java:1403)
	at org.apache.hive.hcatalog.listener.DbNotificationListener.onDropDatabase(DbNotificationListener.java:513)
	at org.apache.hadoop.hive.metastore.MetaStoreListenerNotifier$26.notify(MetaStoreListenerNotifier.java:99)
	at org.apache.hadoop.hive.metastore.MetaStoreListenerNotifier.notifyEvent(MetaStoreListenerNotifier.java:339)
	at org.apache.hadoop.hive.metastore.HMSHandler.drop_database_core(HMSHandler.java:1785)
	at org.apache.hadoop.hive.metastore.HMSHandler.drop_database(HMSHandler.java:1869)
	at sun.reflect.GeneratedMethodAccessor73.invoke(Unknown Source)
	at sun.reflect.DelegatingMethodAccessorImpl.invoke(DelegatingMethodAccessorImpl.java:43)
	at java.lang.reflect.Method.invoke(Method.java:498)
	at org.apache.hadoop.hive.metastore.RetryingHMSHandler.invokeInternal(RetryingHMSHandler.java:147)
	at org.apache.hadoop.hive.metastore.RetryingHMSHandler.invoke(RetryingHMSHandler.java:108)
	at com.sun.proxy.$Proxy34.drop_database(Unknown Source)
	at org.apache.hadoop.hive.metastore.api.ThriftHiveMetastore$Processor$drop_database.getResult(ThriftHiveMetastore.java:18285)
	at org.apache.hadoop.hive.metastore.api.ThriftHiveMetastore$Processor$drop_database.getResult(ThriftHiveMetastore.java:18264)
	at org.apache.thrift.ProcessFunction.process(ProcessFunction.java:38)
	at org.apache.hadoop.hive.metastore.TUGIBasedProcessor$1.run(TUGIBasedProcessor.java:111)
	at org.apache.hadoop.hive.metastore.TUGIBasedProcessor$1.run(TUGIBasedProcessor.java:107)
	at java.security.AccessController.doPrivileged(Native Method)
	at javax.security.auth.Subject.doAs(Subject.java:422)
	at org.apache.hadoop.security.UserGroupInformation.doAs(UserGroupInformation.java:1682)
	at org.apache.hadoop.hive.metastore.TUGIBasedProcessor.process(TUGIBasedProcessor.java:119)
	at org.apache.thrift.server.TThreadPoolServer$WorkerProcess.run(TThreadPoolServer.java:248)
	at java.util.concurrent.ThreadPoolExecutor.runWorker(ThreadPoolExecutor.java:1149)
	at java.util.concurrent.ThreadPoolExecutor$Worker.run(ThreadPoolExecutor.java:624)
	at java.lang.Thread.run(Thread.java:750)
Caused by: org.apache.derby.shared.common.error.DerbySQLIntegrityConstraintViolationException: DELETE on table 'DBS' caused a violation of foreign key constraint 'TBLS_FK1' for key (11).  The statement has been rolled back.
	at org.apache.derby.impl.jdbc.SQLExceptionFactory.getSQLException(Unknown Source)
	at org.apache.derby.impl.jdbc.Util.generateCsSQLException(Unknown Source)
	at org.apache.derby.impl.jdbc.TransactionResourceImpl.wrapInSQLException(Unknown Source)
	at org.apache.derby.impl.jdbc.TransactionResourceImpl.handleException(Unknown Source)
	at org.apache.derby.impl.jdbc.EmbedConnection.handleException(Unknown Source)
	at org.apache.derby.impl.jdbc.ConnectionChild.handleException(Unknown Source)
	at org.apache.derby.impl.jdbc.EmbedStatement.executeStatement(Unknown Source)
	at org.apache.derby.impl.jdbc.EmbedPreparedStatement.executeBatchElement(Unknown Source)
	... 47 more
Caused by: ERROR 23503: DELETE on table 'DBS' caused a violation of foreign key constraint 'TBLS_FK1' for key (11).  The statement has been rolled back.
	at org.apache.derby.iapi.error.StandardException.newException(Unknown Source)
	at org.apache.derby.iapi.error.StandardException.newException(Unknown Source)
	at org.apache.derby.impl.sql.execute.ReferencedKeyRIChecker.doCheck(Unknown Source)
	at org.apache.derby.impl.sql.execute.RISetChecker.doPKCheck(Unknown Source)
	at org.apache.derby.impl.sql.execute.DeleteResultSet.collectAffectedRows(Unknown Source)
	at org.apache.derby.impl.sql.execute.DeleteResultSet.open(Unknown Source)
	at org.apache.derby.impl.sql.GenericPreparedStatement.executeStmt(Unknown Source)
	at org.apache.derby.impl.sql.GenericPreparedStatement.execute(Unknown Source)
	... 49 more

2024-04-24T12:27:13,560  INFO [TThreadPoolServer WorkerProcess-%d] HiveMetaStore.audit: ugi=alex	ip=127.0.0.1	cmd=source:127.0.0.1 drop_database: @hive#myDb	
2024-04-24T12:27:13,562  INFO [TThreadPoolServer WorkerProcess-%d] HiveMetaStore.audit: ugi=alex	ip=127.0.0.1	cmd=source:127.0.0.1 get_all_tables: db=@hive#myDb	
2024-04-24T12:27:13,563  INFO [TThreadPoolServer WorkerProcess-%d] HiveMetaStore.audit: ugi=alex	ip=127.0.0.1	cmd=source:127.0.0.1 get_functions: db=@hive#myDb pat=*	
2024-04-24T12:27:13,565  INFO [TThreadPoolServer WorkerProcess-%d] HiveMetaStore.audit: ugi=alex	ip=127.0.0.1	cmd=source:127.0.0.1 get_all_stored_procedures	
2024-04-24T12:27:13,566  INFO [TThreadPoolServer WorkerProcess-%d] HiveMetaStore.audit: ugi=alex	ip=127.0.0.1	cmd=source:127.0.0.1 get_all_packages	
2024-04-24T12:27:13,566  INFO [TThreadPoolServer WorkerProcess-%d] HiveMetaStore.audit: ugi=alex	ip=127.0.0.1	cmd=source:127.0.0.1 getTablesByTypeCore: catName=hive: db=myDb pat=.*,type=MATERIALIZED_VIEW	
2024-04-24T12:27:13,568  INFO [TThreadPoolServer WorkerProcess-%d] metastore.ObjectStore: Dropping database hive.myDb along with all tables
2024-04-24T12:27:13,570 ERROR [TThreadPoolServer WorkerProcess-%d] metastore.RetryingHMSHandler: Retrying HMSHandler after 2000 ms (attempt 4 of 10) with error: javax.jdo.JDODataStoreException: Exception thrown flushing changes to datastore
	at org.datanucleus.api.jdo.NucleusJDOHelper.getJDOExceptionForNucleusException(NucleusJDOHelper.java:542)
	at org.datanucleus.api.jdo.JDOPersistenceManager.flush(JDOPersistenceManager.java:2081)
	at org.apache.hadoop.hive.metastore.ObjectStore.addNotificationEvent(ObjectStore.java:11639)
	at sun.reflect.GeneratedMethodAccessor68.invoke(Unknown Source)
	at sun.reflect.DelegatingMethodAccessorImpl.invoke(DelegatingMethodAccessorImpl.java:43)
	at java.lang.reflect.Method.invoke(Method.java:498)
	at org.apache.hadoop.hive.metastore.RawStoreProxy.invoke(RawStoreProxy.java:97)
	at com.sun.proxy.$Proxy32.addNotificationEvent(Unknown Source)
	at org.apache.hive.hcatalog.listener.DbNotificationListener.process(DbNotificationListener.java:1403)
	at org.apache.hive.hcatalog.listener.DbNotificationListener.onDropDatabase(DbNotificationListener.java:513)
	at org.apache.hadoop.hive.metastore.MetaStoreListenerNotifier$26.notify(MetaStoreListenerNotifier.java:99)
	at org.apache.hadoop.hive.metastore.MetaStoreListenerNotifier.notifyEvent(MetaStoreListenerNotifier.java:339)
	at org.apache.hadoop.hive.metastore.HMSHandler.drop_database_core(HMSHandler.java:1785)
	at org.apache.hadoop.hive.metastore.HMSHandler.drop_database(HMSHandler.java:1869)
	at sun.reflect.GeneratedMethodAccessor73.invoke(Unknown Source)
	at sun.reflect.DelegatingMethodAccessorImpl.invoke(DelegatingMethodAccessorImpl.java:43)
	at java.lang.reflect.Method.invoke(Method.java:498)
	at org.apache.hadoop.hive.metastore.RetryingHMSHandler.invokeInternal(RetryingHMSHandler.java:147)
	at org.apache.hadoop.hive.metastore.RetryingHMSHandler.invoke(RetryingHMSHandler.java:108)
	at com.sun.proxy.$Proxy34.drop_database(Unknown Source)
	at org.apache.hadoop.hive.metastore.api.ThriftHiveMetastore$Processor$drop_database.getResult(ThriftHiveMetastore.java:18285)
	at org.apache.hadoop.hive.metastore.api.ThriftHiveMetastore$Processor$drop_database.getResult(ThriftHiveMetastore.java:18264)
	at org.apache.thrift.ProcessFunction.process(ProcessFunction.java:38)
	at org.apache.hadoop.hive.metastore.TUGIBasedProcessor$1.run(TUGIBasedProcessor.java:111)
	at org.apache.hadoop.hive.metastore.TUGIBasedProcessor$1.run(TUGIBasedProcessor.java:107)
	at java.security.AccessController.doPrivileged(Native Method)
	at javax.security.auth.Subject.doAs(Subject.java:422)
	at org.apache.hadoop.security.UserGroupInformation.doAs(UserGroupInformation.java:1682)
	at org.apache.hadoop.hive.metastore.TUGIBasedProcessor.process(TUGIBasedProcessor.java:119)
	at org.apache.thrift.server.TThreadPoolServer$WorkerProcess.run(TThreadPoolServer.java:248)
	at java.util.concurrent.ThreadPoolExecutor.runWorker(ThreadPoolExecutor.java:1149)
	at java.util.concurrent.ThreadPoolExecutor$Worker.run(ThreadPoolExecutor.java:624)
	at java.lang.Thread.run(Thread.java:750)
NestedThrowablesStackTrace:
java.sql.BatchUpdateException: DELETE on table 'DBS' caused a violation of foreign key constraint 'TBLS_FK1' for key (11).  The statement has been rolled back.
	at org.apache.derby.impl.jdbc.EmbedStatement.executeLargeBatch(Unknown Source)
	at org.apache.derby.impl.jdbc.EmbedStatement.executeBatch(Unknown Source)
	at com.zaxxer.hikari.pool.ProxyStatement.executeBatch(ProxyStatement.java:128)
	at com.zaxxer.hikari.pool.HikariProxyPreparedStatement.executeBatch(HikariProxyPreparedStatement.java)
	at org.datanucleus.store.rdbms.ParamLoggingPreparedStatement.executeBatch(ParamLoggingPreparedStatement.java:366)
	at org.datanucleus.store.rdbms.SQLController.processConnectionStatement(SQLController.java:675)
	at org.datanucleus.store.rdbms.SQLController.processStatementsForConnection(SQLController.java:643)
	at org.datanucleus.store.rdbms.SQLController$1.transactionFlushed(SQLController.java:729)
	at org.datanucleus.store.connection.AbstractManagedConnection.transactionFlushed(AbstractManagedConnection.java:95)
	at org.datanucleus.store.connection.ConnectionManagerImpl$2.transactionFlushed(ConnectionManagerImpl.java:528)
	at org.datanucleus.TransactionImpl.flush(TransactionImpl.java:222)
	at org.datanucleus.ExecutionContextImpl.flushInternal(ExecutionContextImpl.java:4068)
	at org.datanucleus.ExecutionContextThreadedImpl.flushInternal(ExecutionContextThreadedImpl.java:448)
	at org.datanucleus.ExecutionContextImpl.flush(ExecutionContextImpl.java:4009)
	at org.datanucleus.ExecutionContextThreadedImpl.flush(ExecutionContextThreadedImpl.java:434)
	at org.datanucleus.api.jdo.JDOPersistenceManager.flush(JDOPersistenceManager.java:2064)
	at org.apache.hadoop.hive.metastore.ObjectStore.addNotificationEvent(ObjectStore.java:11639)
	at sun.reflect.GeneratedMethodAccessor68.invoke(Unknown Source)
	at sun.reflect.DelegatingMethodAccessorImpl.invoke(DelegatingMethodAccessorImpl.java:43)
	at java.lang.reflect.Method.invoke(Method.java:498)
	at org.apache.hadoop.hive.metastore.RawStoreProxy.invoke(RawStoreProxy.java:97)
	at com.sun.proxy.$Proxy32.addNotificationEvent(Unknown Source)
	at org.apache.hive.hcatalog.listener.DbNotificationListener.process(DbNotificationListener.java:1403)
	at org.apache.hive.hcatalog.listener.DbNotificationListener.onDropDatabase(DbNotificationListener.java:513)
	at org.apache.hadoop.hive.metastore.MetaStoreListenerNotifier$26.notify(MetaStoreListenerNotifier.java:99)
	at org.apache.hadoop.hive.metastore.MetaStoreListenerNotifier.notifyEvent(MetaStoreListenerNotifier.java:339)
	at org.apache.hadoop.hive.metastore.HMSHandler.drop_database_core(HMSHandler.java:1785)
	at org.apache.hadoop.hive.metastore.HMSHandler.drop_database(HMSHandler.java:1869)
	at sun.reflect.GeneratedMethodAccessor73.invoke(Unknown Source)
	at sun.reflect.DelegatingMethodAccessorImpl.invoke(DelegatingMethodAccessorImpl.java:43)
	at java.lang.reflect.Method.invoke(Method.java:498)
	at org.apache.hadoop.hive.metastore.RetryingHMSHandler.invokeInternal(RetryingHMSHandler.java:147)
	at org.apache.hadoop.hive.metastore.RetryingHMSHandler.invoke(RetryingHMSHandler.java:108)
	at com.sun.proxy.$Proxy34.drop_database(Unknown Source)
	at org.apache.hadoop.hive.metastore.api.ThriftHiveMetastore$Processor$drop_database.getResult(ThriftHiveMetastore.java:18285)
	at org.apache.hadoop.hive.metastore.api.ThriftHiveMetastore$Processor$drop_database.getResult(ThriftHiveMetastore.java:18264)
	at org.apache.thrift.ProcessFunction.process(ProcessFunction.java:38)
	at org.apache.hadoop.hive.metastore.TUGIBasedProcessor$1.run(TUGIBasedProcessor.java:111)
	at org.apache.hadoop.hive.metastore.TUGIBasedProcessor$1.run(TUGIBasedProcessor.java:107)
	at java.security.AccessController.doPrivileged(Native Method)
	at javax.security.auth.Subject.doAs(Subject.java:422)
	at org.apache.hadoop.security.UserGroupInformation.doAs(UserGroupInformation.java:1682)
	at org.apache.hadoop.hive.metastore.TUGIBasedProcessor.process(TUGIBasedProcessor.java:119)
	at org.apache.thrift.server.TThreadPoolServer$WorkerProcess.run(TThreadPoolServer.java:248)
	at java.util.concurrent.ThreadPoolExecutor.runWorker(ThreadPoolExecutor.java:1149)
	at java.util.concurrent.ThreadPoolExecutor$Worker.run(ThreadPoolExecutor.java:624)
	at java.lang.Thread.run(Thread.java:750)
Caused by: org.apache.derby.shared.common.error.DerbySQLIntegrityConstraintViolationException: DELETE on table 'DBS' caused a violation of foreign key constraint 'TBLS_FK1' for key (11).  The statement has been rolled back.
	at org.apache.derby.impl.jdbc.SQLExceptionFactory.getSQLException(Unknown Source)
	at org.apache.derby.impl.jdbc.Util.generateCsSQLException(Unknown Source)
	at org.apache.derby.impl.jdbc.TransactionResourceImpl.wrapInSQLException(Unknown Source)
	at org.apache.derby.impl.jdbc.TransactionResourceImpl.handleException(Unknown Source)
	at org.apache.derby.impl.jdbc.EmbedConnection.handleException(Unknown Source)
	at org.apache.derby.impl.jdbc.ConnectionChild.handleException(Unknown Source)
	at org.apache.derby.impl.jdbc.EmbedStatement.executeStatement(Unknown Source)
	at org.apache.derby.impl.jdbc.EmbedPreparedStatement.executeBatchElement(Unknown Source)
	... 47 more
Caused by: ERROR 23503: DELETE on table 'DBS' caused a violation of foreign key constraint 'TBLS_FK1' for key (11).  The statement has been rolled back.
	at org.apache.derby.iapi.error.StandardException.newException(Unknown Source)
	at org.apache.derby.iapi.error.StandardException.newException(Unknown Source)
	at org.apache.derby.impl.sql.execute.ReferencedKeyRIChecker.doCheck(Unknown Source)
	at org.apache.derby.impl.sql.execute.RISetChecker.doPKCheck(Unknown Source)
	at org.apache.derby.impl.sql.execute.DeleteResultSet.collectAffectedRows(Unknown Source)
	at org.apache.derby.impl.sql.execute.DeleteResultSet.open(Unknown Source)
	at org.apache.derby.impl.sql.GenericPreparedStatement.executeStmt(Unknown Source)
	at org.apache.derby.impl.sql.GenericPreparedStatement.execute(Unknown Source)
	... 49 more

2024-04-24T12:27:15,571  INFO [TThreadPoolServer WorkerProcess-%d] HiveMetaStore.audit: ugi=alex	ip=127.0.0.1	cmd=source:127.0.0.1 drop_database: @hive#myDb	
2024-04-24T12:27:15,573  INFO [TThreadPoolServer WorkerProcess-%d] HiveMetaStore.audit: ugi=alex	ip=127.0.0.1	cmd=source:127.0.0.1 get_all_tables: db=@hive#myDb	
2024-04-24T12:27:15,574  INFO [TThreadPoolServer WorkerProcess-%d] HiveMetaStore.audit: ugi=alex	ip=127.0.0.1	cmd=source:127.0.0.1 get_functions: db=@hive#myDb pat=*	
2024-04-24T12:27:15,577  INFO [TThreadPoolServer WorkerProcess-%d] HiveMetaStore.audit: ugi=alex	ip=127.0.0.1	cmd=source:127.0.0.1 get_all_stored_procedures	
2024-04-24T12:27:15,577  INFO [TThreadPoolServer WorkerProcess-%d] HiveMetaStore.audit: ugi=alex	ip=127.0.0.1	cmd=source:127.0.0.1 get_all_packages	
2024-04-24T12:27:15,578  INFO [TThreadPoolServer WorkerProcess-%d] HiveMetaStore.audit: ugi=alex	ip=127.0.0.1	cmd=source:127.0.0.1 getTablesByTypeCore: catName=hive: db=myDb pat=.*,type=MATERIALIZED_VIEW	
2024-04-24T12:27:15,580  INFO [TThreadPoolServer WorkerProcess-%d] metastore.ObjectStore: Dropping database hive.myDb along with all tables
2024-04-24T12:27:15,583 ERROR [TThreadPoolServer WorkerProcess-%d] metastore.RetryingHMSHandler: Retrying HMSHandler after 2000 ms (attempt 5 of 10) with error: javax.jdo.JDODataStoreException: Exception thrown flushing changes to datastore
	at org.datanucleus.api.jdo.NucleusJDOHelper.getJDOExceptionForNucleusException(NucleusJDOHelper.java:542)
	at org.datanucleus.api.jdo.JDOPersistenceManager.flush(JDOPersistenceManager.java:2081)
	at org.apache.hadoop.hive.metastore.ObjectStore.addNotificationEvent(ObjectStore.java:11639)
	at sun.reflect.GeneratedMethodAccessor68.invoke(Unknown Source)
	at sun.reflect.DelegatingMethodAccessorImpl.invoke(DelegatingMethodAccessorImpl.java:43)
	at java.lang.reflect.Method.invoke(Method.java:498)
	at org.apache.hadoop.hive.metastore.RawStoreProxy.invoke(RawStoreProxy.java:97)
	at com.sun.proxy.$Proxy32.addNotificationEvent(Unknown Source)
	at org.apache.hive.hcatalog.listener.DbNotificationListener.process(DbNotificationListener.java:1403)
	at org.apache.hive.hcatalog.listener.DbNotificationListener.onDropDatabase(DbNotificationListener.java:513)
	at org.apache.hadoop.hive.metastore.MetaStoreListenerNotifier$26.notify(MetaStoreListenerNotifier.java:99)
	at org.apache.hadoop.hive.metastore.MetaStoreListenerNotifier.notifyEvent(MetaStoreListenerNotifier.java:339)
	at org.apache.hadoop.hive.metastore.HMSHandler.drop_database_core(HMSHandler.java:1785)
	at org.apache.hadoop.hive.metastore.HMSHandler.drop_database(HMSHandler.java:1869)
	at sun.reflect.GeneratedMethodAccessor73.invoke(Unknown Source)
	at sun.reflect.DelegatingMethodAccessorImpl.invoke(DelegatingMethodAccessorImpl.java:43)
	at java.lang.reflect.Method.invoke(Method.java:498)
	at org.apache.hadoop.hive.metastore.RetryingHMSHandler.invokeInternal(RetryingHMSHandler.java:147)
	at org.apache.hadoop.hive.metastore.RetryingHMSHandler.invoke(RetryingHMSHandler.java:108)
	at com.sun.proxy.$Proxy34.drop_database(Unknown Source)
	at org.apache.hadoop.hive.metastore.api.ThriftHiveMetastore$Processor$drop_database.getResult(ThriftHiveMetastore.java:18285)
	at org.apache.hadoop.hive.metastore.api.ThriftHiveMetastore$Processor$drop_database.getResult(ThriftHiveMetastore.java:18264)
	at org.apache.thrift.ProcessFunction.process(ProcessFunction.java:38)
	at org.apache.hadoop.hive.metastore.TUGIBasedProcessor$1.run(TUGIBasedProcessor.java:111)
	at org.apache.hadoop.hive.metastore.TUGIBasedProcessor$1.run(TUGIBasedProcessor.java:107)
	at java.security.AccessController.doPrivileged(Native Method)
	at javax.security.auth.Subject.doAs(Subject.java:422)
	at org.apache.hadoop.security.UserGroupInformation.doAs(UserGroupInformation.java:1682)
	at org.apache.hadoop.hive.metastore.TUGIBasedProcessor.process(TUGIBasedProcessor.java:119)
	at org.apache.thrift.server.TThreadPoolServer$WorkerProcess.run(TThreadPoolServer.java:248)
	at java.util.concurrent.ThreadPoolExecutor.runWorker(ThreadPoolExecutor.java:1149)
	at java.util.concurrent.ThreadPoolExecutor$Worker.run(ThreadPoolExecutor.java:624)
	at java.lang.Thread.run(Thread.java:750)
NestedThrowablesStackTrace:
java.sql.BatchUpdateException: DELETE on table 'DBS' caused a violation of foreign key constraint 'TBLS_FK1' for key (11).  The statement has been rolled back.
	at org.apache.derby.impl.jdbc.EmbedStatement.executeLargeBatch(Unknown Source)
	at org.apache.derby.impl.jdbc.EmbedStatement.executeBatch(Unknown Source)
	at com.zaxxer.hikari.pool.ProxyStatement.executeBatch(ProxyStatement.java:128)
	at com.zaxxer.hikari.pool.HikariProxyPreparedStatement.executeBatch(HikariProxyPreparedStatement.java)
	at org.datanucleus.store.rdbms.ParamLoggingPreparedStatement.executeBatch(ParamLoggingPreparedStatement.java:366)
	at org.datanucleus.store.rdbms.SQLController.processConnectionStatement(SQLController.java:675)
	at org.datanucleus.store.rdbms.SQLController.processStatementsForConnection(SQLController.java:643)
	at org.datanucleus.store.rdbms.SQLController$1.transactionFlushed(SQLController.java:729)
	at org.datanucleus.store.connection.AbstractManagedConnection.transactionFlushed(AbstractManagedConnection.java:95)
	at org.datanucleus.store.connection.ConnectionManagerImpl$2.transactionFlushed(ConnectionManagerImpl.java:528)
	at org.datanucleus.TransactionImpl.flush(TransactionImpl.java:222)
	at org.datanucleus.ExecutionContextImpl.flushInternal(ExecutionContextImpl.java:4068)
	at org.datanucleus.ExecutionContextThreadedImpl.flushInternal(ExecutionContextThreadedImpl.java:448)
	at org.datanucleus.ExecutionContextImpl.flush(ExecutionContextImpl.java:4009)
	at org.datanucleus.ExecutionContextThreadedImpl.flush(ExecutionContextThreadedImpl.java:434)
	at org.datanucleus.api.jdo.JDOPersistenceManager.flush(JDOPersistenceManager.java:2064)
	at org.apache.hadoop.hive.metastore.ObjectStore.addNotificationEvent(ObjectStore.java:11639)
	at sun.reflect.GeneratedMethodAccessor68.invoke(Unknown Source)
	at sun.reflect.DelegatingMethodAccessorImpl.invoke(DelegatingMethodAccessorImpl.java:43)
	at java.lang.reflect.Method.invoke(Method.java:498)
	at org.apache.hadoop.hive.metastore.RawStoreProxy.invoke(RawStoreProxy.java:97)
	at com.sun.proxy.$Proxy32.addNotificationEvent(Unknown Source)
	at org.apache.hive.hcatalog.listener.DbNotificationListener.process(DbNotificationListener.java:1403)
	at org.apache.hive.hcatalog.listener.DbNotificationListener.onDropDatabase(DbNotificationListener.java:513)
	at org.apache.hadoop.hive.metastore.MetaStoreListenerNotifier$26.notify(MetaStoreListenerNotifier.java:99)
	at org.apache.hadoop.hive.metastore.MetaStoreListenerNotifier.notifyEvent(MetaStoreListenerNotifier.java:339)
	at org.apache.hadoop.hive.metastore.HMSHandler.drop_database_core(HMSHandler.java:1785)
	at org.apache.hadoop.hive.metastore.HMSHandler.drop_database(HMSHandler.java:1869)
	at sun.reflect.GeneratedMethodAccessor73.invoke(Unknown Source)
	at sun.reflect.DelegatingMethodAccessorImpl.invoke(DelegatingMethodAccessorImpl.java:43)
	at java.lang.reflect.Method.invoke(Method.java:498)
	at org.apache.hadoop.hive.metastore.RetryingHMSHandler.invokeInternal(RetryingHMSHandler.java:147)
	at org.apache.hadoop.hive.metastore.RetryingHMSHandler.invoke(RetryingHMSHandler.java:108)
	at com.sun.proxy.$Proxy34.drop_database(Unknown Source)
	at org.apache.hadoop.hive.metastore.api.ThriftHiveMetastore$Processor$drop_database.getResult(ThriftHiveMetastore.java:18285)
	at org.apache.hadoop.hive.metastore.api.ThriftHiveMetastore$Processor$drop_database.getResult(ThriftHiveMetastore.java:18264)
	at org.apache.thrift.ProcessFunction.process(ProcessFunction.java:38)
	at org.apache.hadoop.hive.metastore.TUGIBasedProcessor$1.run(TUGIBasedProcessor.java:111)
	at org.apache.hadoop.hive.metastore.TUGIBasedProcessor$1.run(TUGIBasedProcessor.java:107)
	at java.security.AccessController.doPrivileged(Native Method)
	at javax.security.auth.Subject.doAs(Subject.java:422)
	at org.apache.hadoop.security.UserGroupInformation.doAs(UserGroupInformation.java:1682)
	at org.apache.hadoop.hive.metastore.TUGIBasedProcessor.process(TUGIBasedProcessor.java:119)
	at org.apache.thrift.server.TThreadPoolServer$WorkerProcess.run(TThreadPoolServer.java:248)
	at java.util.concurrent.ThreadPoolExecutor.runWorker(ThreadPoolExecutor.java:1149)
	at java.util.concurrent.ThreadPoolExecutor$Worker.run(ThreadPoolExecutor.java:624)
	at java.lang.Thread.run(Thread.java:750)
Caused by: org.apache.derby.shared.common.error.DerbySQLIntegrityConstraintViolationException: DELETE on table 'DBS' caused a violation of foreign key constraint 'TBLS_FK1' for key (11).  The statement has been rolled back.
	at org.apache.derby.impl.jdbc.SQLExceptionFactory.getSQLException(Unknown Source)
	at org.apache.derby.impl.jdbc.Util.generateCsSQLException(Unknown Source)
	at org.apache.derby.impl.jdbc.TransactionResourceImpl.wrapInSQLException(Unknown Source)
	at org.apache.derby.impl.jdbc.TransactionResourceImpl.handleException(Unknown Source)
	at org.apache.derby.impl.jdbc.EmbedConnection.handleException(Unknown Source)
	at org.apache.derby.impl.jdbc.ConnectionChild.handleException(Unknown Source)
	at org.apache.derby.impl.jdbc.EmbedStatement.executeStatement(Unknown Source)
	at org.apache.derby.impl.jdbc.EmbedPreparedStatement.executeBatchElement(Unknown Source)
	... 47 more
Caused by: ERROR 23503: DELETE on table 'DBS' caused a violation of foreign key constraint 'TBLS_FK1' for key (11).  The statement has been rolled back.
	at org.apache.derby.iapi.error.StandardException.newException(Unknown Source)
	at org.apache.derby.iapi.error.StandardException.newException(Unknown Source)
	at org.apache.derby.impl.sql.execute.ReferencedKeyRIChecker.doCheck(Unknown Source)
	at org.apache.derby.impl.sql.execute.RISetChecker.doPKCheck(Unknown Source)
	at org.apache.derby.impl.sql.execute.DeleteResultSet.collectAffectedRows(Unknown Source)
	at org.apache.derby.impl.sql.execute.DeleteResultSet.open(Unknown Source)
	at org.apache.derby.impl.sql.GenericPreparedStatement.executeStmt(Unknown Source)
	at org.apache.derby.impl.sql.GenericPreparedStatement.execute(Unknown Source)
	... 49 more

2024-04-24T12:27:17,584  INFO [TThreadPoolServer WorkerProcess-%d] HiveMetaStore.audit: ugi=alex	ip=127.0.0.1	cmd=source:127.0.0.1 drop_database: @hive#myDb	
2024-04-24T12:27:17,586  INFO [TThreadPoolServer WorkerProcess-%d] HiveMetaStore.audit: ugi=alex	ip=127.0.0.1	cmd=source:127.0.0.1 get_all_tables: db=@hive#myDb	
2024-04-24T12:27:17,588  INFO [TThreadPoolServer WorkerProcess-%d] HiveMetaStore.audit: ugi=alex	ip=127.0.0.1	cmd=source:127.0.0.1 get_functions: db=@hive#myDb pat=*	
2024-04-24T12:27:17,590  INFO [TThreadPoolServer WorkerProcess-%d] HiveMetaStore.audit: ugi=alex	ip=127.0.0.1	cmd=source:127.0.0.1 get_all_stored_procedures	
2024-04-24T12:27:17,590  INFO [TThreadPoolServer WorkerProcess-%d] HiveMetaStore.audit: ugi=alex	ip=127.0.0.1	cmd=source:127.0.0.1 get_all_packages	
2024-04-24T12:27:17,591  INFO [TThreadPoolServer WorkerProcess-%d] HiveMetaStore.audit: ugi=alex	ip=127.0.0.1	cmd=source:127.0.0.1 getTablesByTypeCore: catName=hive: db=myDb pat=.*,type=MATERIALIZED_VIEW	
2024-04-24T12:27:17,593  INFO [TThreadPoolServer WorkerProcess-%d] metastore.ObjectStore: Dropping database hive.myDb along with all tables
2024-04-24T12:27:17,596 ERROR [TThreadPoolServer WorkerProcess-%d] metastore.RetryingHMSHandler: Retrying HMSHandler after 2000 ms (attempt 6 of 10) with error: javax.jdo.JDODataStoreException: Exception thrown flushing changes to datastore
	at org.datanucleus.api.jdo.NucleusJDOHelper.getJDOExceptionForNucleusException(NucleusJDOHelper.java:542)
	at org.datanucleus.api.jdo.JDOPersistenceManager.flush(JDOPersistenceManager.java:2081)
	at org.apache.hadoop.hive.metastore.ObjectStore.addNotificationEvent(ObjectStore.java:11639)
	at sun.reflect.GeneratedMethodAccessor68.invoke(Unknown Source)
	at sun.reflect.DelegatingMethodAccessorImpl.invoke(DelegatingMethodAccessorImpl.java:43)
	at java.lang.reflect.Method.invoke(Method.java:498)
	at org.apache.hadoop.hive.metastore.RawStoreProxy.invoke(RawStoreProxy.java:97)
	at com.sun.proxy.$Proxy32.addNotificationEvent(Unknown Source)
	at org.apache.hive.hcatalog.listener.DbNotificationListener.process(DbNotificationListener.java:1403)
	at org.apache.hive.hcatalog.listener.DbNotificationListener.onDropDatabase(DbNotificationListener.java:513)
	at org.apache.hadoop.hive.metastore.MetaStoreListenerNotifier$26.notify(MetaStoreListenerNotifier.java:99)
	at org.apache.hadoop.hive.metastore.MetaStoreListenerNotifier.notifyEvent(MetaStoreListenerNotifier.java:339)
	at org.apache.hadoop.hive.metastore.HMSHandler.drop_database_core(HMSHandler.java:1785)
	at org.apache.hadoop.hive.metastore.HMSHandler.drop_database(HMSHandler.java:1869)
	at sun.reflect.GeneratedMethodAccessor73.invoke(Unknown Source)
	at sun.reflect.DelegatingMethodAccessorImpl.invoke(DelegatingMethodAccessorImpl.java:43)
	at java.lang.reflect.Method.invoke(Method.java:498)
	at org.apache.hadoop.hive.metastore.RetryingHMSHandler.invokeInternal(RetryingHMSHandler.java:147)
	at org.apache.hadoop.hive.metastore.RetryingHMSHandler.invoke(RetryingHMSHandler.java:108)
	at com.sun.proxy.$Proxy34.drop_database(Unknown Source)
	at org.apache.hadoop.hive.metastore.api.ThriftHiveMetastore$Processor$drop_database.getResult(ThriftHiveMetastore.java:18285)
	at org.apache.hadoop.hive.metastore.api.ThriftHiveMetastore$Processor$drop_database.getResult(ThriftHiveMetastore.java:18264)
	at org.apache.thrift.ProcessFunction.process(ProcessFunction.java:38)
	at org.apache.hadoop.hive.metastore.TUGIBasedProcessor$1.run(TUGIBasedProcessor.java:111)
	at org.apache.hadoop.hive.metastore.TUGIBasedProcessor$1.run(TUGIBasedProcessor.java:107)
	at java.security.AccessController.doPrivileged(Native Method)
	at javax.security.auth.Subject.doAs(Subject.java:422)
	at org.apache.hadoop.security.UserGroupInformation.doAs(UserGroupInformation.java:1682)
	at org.apache.hadoop.hive.metastore.TUGIBasedProcessor.process(TUGIBasedProcessor.java:119)
	at org.apache.thrift.server.TThreadPoolServer$WorkerProcess.run(TThreadPoolServer.java:248)
	at java.util.concurrent.ThreadPoolExecutor.runWorker(ThreadPoolExecutor.java:1149)
	at java.util.concurrent.ThreadPoolExecutor$Worker.run(ThreadPoolExecutor.java:624)
	at java.lang.Thread.run(Thread.java:750)
NestedThrowablesStackTrace:
java.sql.BatchUpdateException: DELETE on table 'DBS' caused a violation of foreign key constraint 'TBLS_FK1' for key (11).  The statement has been rolled back.
	at org.apache.derby.impl.jdbc.EmbedStatement.executeLargeBatch(Unknown Source)
	at org.apache.derby.impl.jdbc.EmbedStatement.executeBatch(Unknown Source)
	at com.zaxxer.hikari.pool.ProxyStatement.executeBatch(ProxyStatement.java:128)
	at com.zaxxer.hikari.pool.HikariProxyPreparedStatement.executeBatch(HikariProxyPreparedStatement.java)
	at org.datanucleus.store.rdbms.ParamLoggingPreparedStatement.executeBatch(ParamLoggingPreparedStatement.java:366)
	at org.datanucleus.store.rdbms.SQLController.processConnectionStatement(SQLController.java:675)
	at org.datanucleus.store.rdbms.SQLController.processStatementsForConnection(SQLController.java:643)
	at org.datanucleus.store.rdbms.SQLController$1.transactionFlushed(SQLController.java:729)
	at org.datanucleus.store.connection.AbstractManagedConnection.transactionFlushed(AbstractManagedConnection.java:95)
	at org.datanucleus.store.connection.ConnectionManagerImpl$2.transactionFlushed(ConnectionManagerImpl.java:528)
	at org.datanucleus.TransactionImpl.flush(TransactionImpl.java:222)
	at org.datanucleus.ExecutionContextImpl.flushInternal(ExecutionContextImpl.java:4068)
	at org.datanucleus.ExecutionContextThreadedImpl.flushInternal(ExecutionContextThreadedImpl.java:448)
	at org.datanucleus.ExecutionContextImpl.flush(ExecutionContextImpl.java:4009)
	at org.datanucleus.ExecutionContextThreadedImpl.flush(ExecutionContextThreadedImpl.java:434)
	at org.datanucleus.api.jdo.JDOPersistenceManager.flush(JDOPersistenceManager.java:2064)
	at org.apache.hadoop.hive.metastore.ObjectStore.addNotificationEvent(ObjectStore.java:11639)
	at sun.reflect.GeneratedMethodAccessor68.invoke(Unknown Source)
	at sun.reflect.DelegatingMethodAccessorImpl.invoke(DelegatingMethodAccessorImpl.java:43)
	at java.lang.reflect.Method.invoke(Method.java:498)
	at org.apache.hadoop.hive.metastore.RawStoreProxy.invoke(RawStoreProxy.java:97)
	at com.sun.proxy.$Proxy32.addNotificationEvent(Unknown Source)
	at org.apache.hive.hcatalog.listener.DbNotificationListener.process(DbNotificationListener.java:1403)
	at org.apache.hive.hcatalog.listener.DbNotificationListener.onDropDatabase(DbNotificationListener.java:513)
	at org.apache.hadoop.hive.metastore.MetaStoreListenerNotifier$26.notify(MetaStoreListenerNotifier.java:99)
	at org.apache.hadoop.hive.metastore.MetaStoreListenerNotifier.notifyEvent(MetaStoreListenerNotifier.java:339)
	at org.apache.hadoop.hive.metastore.HMSHandler.drop_database_core(HMSHandler.java:1785)
	at org.apache.hadoop.hive.metastore.HMSHandler.drop_database(HMSHandler.java:1869)
	at sun.reflect.GeneratedMethodAccessor73.invoke(Unknown Source)
	at sun.reflect.DelegatingMethodAccessorImpl.invoke(DelegatingMethodAccessorImpl.java:43)
	at java.lang.reflect.Method.invoke(Method.java:498)
	at org.apache.hadoop.hive.metastore.RetryingHMSHandler.invokeInternal(RetryingHMSHandler.java:147)
	at org.apache.hadoop.hive.metastore.RetryingHMSHandler.invoke(RetryingHMSHandler.java:108)
	at com.sun.proxy.$Proxy34.drop_database(Unknown Source)
	at org.apache.hadoop.hive.metastore.api.ThriftHiveMetastore$Processor$drop_database.getResult(ThriftHiveMetastore.java:18285)
	at org.apache.hadoop.hive.metastore.api.ThriftHiveMetastore$Processor$drop_database.getResult(ThriftHiveMetastore.java:18264)
	at org.apache.thrift.ProcessFunction.process(ProcessFunction.java:38)
	at org.apache.hadoop.hive.metastore.TUGIBasedProcessor$1.run(TUGIBasedProcessor.java:111)
	at org.apache.hadoop.hive.metastore.TUGIBasedProcessor$1.run(TUGIBasedProcessor.java:107)
	at java.security.AccessController.doPrivileged(Native Method)
	at javax.security.auth.Subject.doAs(Subject.java:422)
	at org.apache.hadoop.security.UserGroupInformation.doAs(UserGroupInformation.java:1682)
	at org.apache.hadoop.hive.metastore.TUGIBasedProcessor.process(TUGIBasedProcessor.java:119)
	at org.apache.thrift.server.TThreadPoolServer$WorkerProcess.run(TThreadPoolServer.java:248)
	at java.util.concurrent.ThreadPoolExecutor.runWorker(ThreadPoolExecutor.java:1149)
	at java.util.concurrent.ThreadPoolExecutor$Worker.run(ThreadPoolExecutor.java:624)
	at java.lang.Thread.run(Thread.java:750)
Caused by: org.apache.derby.shared.common.error.DerbySQLIntegrityConstraintViolationException: DELETE on table 'DBS' caused a violation of foreign key constraint 'TBLS_FK1' for key (11).  The statement has been rolled back.
	at org.apache.derby.impl.jdbc.SQLExceptionFactory.getSQLException(Unknown Source)
	at org.apache.derby.impl.jdbc.Util.generateCsSQLException(Unknown Source)
	at org.apache.derby.impl.jdbc.TransactionResourceImpl.wrapInSQLException(Unknown Source)
	at org.apache.derby.impl.jdbc.TransactionResourceImpl.handleException(Unknown Source)
	at org.apache.derby.impl.jdbc.EmbedConnection.handleException(Unknown Source)
	at org.apache.derby.impl.jdbc.ConnectionChild.handleException(Unknown Source)
	at org.apache.derby.impl.jdbc.EmbedStatement.executeStatement(Unknown Source)
	at org.apache.derby.impl.jdbc.EmbedPreparedStatement.executeBatchElement(Unknown Source)
	... 47 more
Caused by: ERROR 23503: DELETE on table 'DBS' caused a violation of foreign key constraint 'TBLS_FK1' for key (11).  The statement has been rolled back.
	at org.apache.derby.iapi.error.StandardException.newException(Unknown Source)
	at org.apache.derby.iapi.error.StandardException.newException(Unknown Source)
	at org.apache.derby.impl.sql.execute.ReferencedKeyRIChecker.doCheck(Unknown Source)
	at org.apache.derby.impl.sql.execute.RISetChecker.doPKCheck(Unknown Source)
	at org.apache.derby.impl.sql.execute.DeleteResultSet.collectAffectedRows(Unknown Source)
	at org.apache.derby.impl.sql.execute.DeleteResultSet.open(Unknown Source)
	at org.apache.derby.impl.sql.GenericPreparedStatement.executeStmt(Unknown Source)
	at org.apache.derby.impl.sql.GenericPreparedStatement.execute(Unknown Source)
	... 49 more

2024-04-24T12:27:19,596  INFO [TThreadPoolServer WorkerProcess-%d] HiveMetaStore.audit: ugi=alex	ip=127.0.0.1	cmd=source:127.0.0.1 drop_database: @hive#myDb	
2024-04-24T12:27:19,599  INFO [TThreadPoolServer WorkerProcess-%d] HiveMetaStore.audit: ugi=alex	ip=127.0.0.1	cmd=source:127.0.0.1 get_all_tables: db=@hive#myDb	
2024-04-24T12:27:19,600  INFO [TThreadPoolServer WorkerProcess-%d] HiveMetaStore.audit: ugi=alex	ip=127.0.0.1	cmd=source:127.0.0.1 get_functions: db=@hive#myDb pat=*	
2024-04-24T12:27:19,604  INFO [TThreadPoolServer WorkerProcess-%d] HiveMetaStore.audit: ugi=alex	ip=127.0.0.1	cmd=source:127.0.0.1 get_all_stored_procedures	
2024-04-24T12:27:19,605  INFO [TThreadPoolServer WorkerProcess-%d] HiveMetaStore.audit: ugi=alex	ip=127.0.0.1	cmd=source:127.0.0.1 get_all_packages	
2024-04-24T12:27:19,608  INFO [TThreadPoolServer WorkerProcess-%d] HiveMetaStore.audit: ugi=alex	ip=127.0.0.1	cmd=source:127.0.0.1 getTablesByTypeCore: catName=hive: db=myDb pat=.*,type=MATERIALIZED_VIEW	
2024-04-24T12:27:19,613  INFO [TThreadPoolServer WorkerProcess-%d] metastore.ObjectStore: Dropping database hive.myDb along with all tables
2024-04-24T12:27:19,622 ERROR [TThreadPoolServer WorkerProcess-%d] metastore.RetryingHMSHandler: Retrying HMSHandler after 2000 ms (attempt 7 of 10) with error: javax.jdo.JDODataStoreException: Exception thrown flushing changes to datastore
	at org.datanucleus.api.jdo.NucleusJDOHelper.getJDOExceptionForNucleusException(NucleusJDOHelper.java:542)
	at org.datanucleus.api.jdo.JDOPersistenceManager.flush(JDOPersistenceManager.java:2081)
	at org.apache.hadoop.hive.metastore.ObjectStore.addNotificationEvent(ObjectStore.java:11639)
	at sun.reflect.GeneratedMethodAccessor68.invoke(Unknown Source)
	at sun.reflect.DelegatingMethodAccessorImpl.invoke(DelegatingMethodAccessorImpl.java:43)
	at java.lang.reflect.Method.invoke(Method.java:498)
	at org.apache.hadoop.hive.metastore.RawStoreProxy.invoke(RawStoreProxy.java:97)
	at com.sun.proxy.$Proxy32.addNotificationEvent(Unknown Source)
	at org.apache.hive.hcatalog.listener.DbNotificationListener.process(DbNotificationListener.java:1403)
	at org.apache.hive.hcatalog.listener.DbNotificationListener.onDropDatabase(DbNotificationListener.java:513)
	at org.apache.hadoop.hive.metastore.MetaStoreListenerNotifier$26.notify(MetaStoreListenerNotifier.java:99)
	at org.apache.hadoop.hive.metastore.MetaStoreListenerNotifier.notifyEvent(MetaStoreListenerNotifier.java:339)
	at org.apache.hadoop.hive.metastore.HMSHandler.drop_database_core(HMSHandler.java:1785)
	at org.apache.hadoop.hive.metastore.HMSHandler.drop_database(HMSHandler.java:1869)
	at sun.reflect.GeneratedMethodAccessor73.invoke(Unknown Source)
	at sun.reflect.DelegatingMethodAccessorImpl.invoke(DelegatingMethodAccessorImpl.java:43)
	at java.lang.reflect.Method.invoke(Method.java:498)
	at org.apache.hadoop.hive.metastore.RetryingHMSHandler.invokeInternal(RetryingHMSHandler.java:147)
	at org.apache.hadoop.hive.metastore.RetryingHMSHandler.invoke(RetryingHMSHandler.java:108)
	at com.sun.proxy.$Proxy34.drop_database(Unknown Source)
	at org.apache.hadoop.hive.metastore.api.ThriftHiveMetastore$Processor$drop_database.getResult(ThriftHiveMetastore.java:18285)
	at org.apache.hadoop.hive.metastore.api.ThriftHiveMetastore$Processor$drop_database.getResult(ThriftHiveMetastore.java:18264)
	at org.apache.thrift.ProcessFunction.process(ProcessFunction.java:38)
	at org.apache.hadoop.hive.metastore.TUGIBasedProcessor$1.run(TUGIBasedProcessor.java:111)
	at org.apache.hadoop.hive.metastore.TUGIBasedProcessor$1.run(TUGIBasedProcessor.java:107)
	at java.security.AccessController.doPrivileged(Native Method)
	at javax.security.auth.Subject.doAs(Subject.java:422)
	at org.apache.hadoop.security.UserGroupInformation.doAs(UserGroupInformation.java:1682)
	at org.apache.hadoop.hive.metastore.TUGIBasedProcessor.process(TUGIBasedProcessor.java:119)
	at org.apache.thrift.server.TThreadPoolServer$WorkerProcess.run(TThreadPoolServer.java:248)
	at java.util.concurrent.ThreadPoolExecutor.runWorker(ThreadPoolExecutor.java:1149)
	at java.util.concurrent.ThreadPoolExecutor$Worker.run(ThreadPoolExecutor.java:624)
	at java.lang.Thread.run(Thread.java:750)
NestedThrowablesStackTrace:
java.sql.BatchUpdateException: DELETE on table 'DBS' caused a violation of foreign key constraint 'TBLS_FK1' for key (11).  The statement has been rolled back.
	at org.apache.derby.impl.jdbc.EmbedStatement.executeLargeBatch(Unknown Source)
	at org.apache.derby.impl.jdbc.EmbedStatement.executeBatch(Unknown Source)
	at com.zaxxer.hikari.pool.ProxyStatement.executeBatch(ProxyStatement.java:128)
	at com.zaxxer.hikari.pool.HikariProxyPreparedStatement.executeBatch(HikariProxyPreparedStatement.java)
	at org.datanucleus.store.rdbms.ParamLoggingPreparedStatement.executeBatch(ParamLoggingPreparedStatement.java:366)
	at org.datanucleus.store.rdbms.SQLController.processConnectionStatement(SQLController.java:675)
	at org.datanucleus.store.rdbms.SQLController.processStatementsForConnection(SQLController.java:643)
	at org.datanucleus.store.rdbms.SQLController$1.transactionFlushed(SQLController.java:729)
	at org.datanucleus.store.connection.AbstractManagedConnection.transactionFlushed(AbstractManagedConnection.java:95)
	at org.datanucleus.store.connection.ConnectionManagerImpl$2.transactionFlushed(ConnectionManagerImpl.java:528)
	at org.datanucleus.TransactionImpl.flush(TransactionImpl.java:222)
	at org.datanucleus.ExecutionContextImpl.flushInternal(ExecutionContextImpl.java:4068)
	at org.datanucleus.ExecutionContextThreadedImpl.flushInternal(ExecutionContextThreadedImpl.java:448)
	at org.datanucleus.ExecutionContextImpl.flush(ExecutionContextImpl.java:4009)
	at org.datanucleus.ExecutionContextThreadedImpl.flush(ExecutionContextThreadedImpl.java:434)
	at org.datanucleus.api.jdo.JDOPersistenceManager.flush(JDOPersistenceManager.java:2064)
	at org.apache.hadoop.hive.metastore.ObjectStore.addNotificationEvent(ObjectStore.java:11639)
	at sun.reflect.GeneratedMethodAccessor68.invoke(Unknown Source)
	at sun.reflect.DelegatingMethodAccessorImpl.invoke(DelegatingMethodAccessorImpl.java:43)
	at java.lang.reflect.Method.invoke(Method.java:498)
	at org.apache.hadoop.hive.metastore.RawStoreProxy.invoke(RawStoreProxy.java:97)
	at com.sun.proxy.$Proxy32.addNotificationEvent(Unknown Source)
	at org.apache.hive.hcatalog.listener.DbNotificationListener.process(DbNotificationListener.java:1403)
	at org.apache.hive.hcatalog.listener.DbNotificationListener.onDropDatabase(DbNotificationListener.java:513)
	at org.apache.hadoop.hive.metastore.MetaStoreListenerNotifier$26.notify(MetaStoreListenerNotifier.java:99)
	at org.apache.hadoop.hive.metastore.MetaStoreListenerNotifier.notifyEvent(MetaStoreListenerNotifier.java:339)
	at org.apache.hadoop.hive.metastore.HMSHandler.drop_database_core(HMSHandler.java:1785)
	at org.apache.hadoop.hive.metastore.HMSHandler.drop_database(HMSHandler.java:1869)
	at sun.reflect.GeneratedMethodAccessor73.invoke(Unknown Source)
	at sun.reflect.DelegatingMethodAccessorImpl.invoke(DelegatingMethodAccessorImpl.java:43)
	at java.lang.reflect.Method.invoke(Method.java:498)
	at org.apache.hadoop.hive.metastore.RetryingHMSHandler.invokeInternal(RetryingHMSHandler.java:147)
	at org.apache.hadoop.hive.metastore.RetryingHMSHandler.invoke(RetryingHMSHandler.java:108)
	at com.sun.proxy.$Proxy34.drop_database(Unknown Source)
	at org.apache.hadoop.hive.metastore.api.ThriftHiveMetastore$Processor$drop_database.getResult(ThriftHiveMetastore.java:18285)
	at org.apache.hadoop.hive.metastore.api.ThriftHiveMetastore$Processor$drop_database.getResult(ThriftHiveMetastore.java:18264)
	at org.apache.thrift.ProcessFunction.process(ProcessFunction.java:38)
	at org.apache.hadoop.hive.metastore.TUGIBasedProcessor$1.run(TUGIBasedProcessor.java:111)
	at org.apache.hadoop.hive.metastore.TUGIBasedProcessor$1.run(TUGIBasedProcessor.java:107)
	at java.security.AccessController.doPrivileged(Native Method)
	at javax.security.auth.Subject.doAs(Subject.java:422)
	at org.apache.hadoop.security.UserGroupInformation.doAs(UserGroupInformation.java:1682)
	at org.apache.hadoop.hive.metastore.TUGIBasedProcessor.process(TUGIBasedProcessor.java:119)
	at org.apache.thrift.server.TThreadPoolServer$WorkerProcess.run(TThreadPoolServer.java:248)
	at java.util.concurrent.ThreadPoolExecutor.runWorker(ThreadPoolExecutor.java:1149)
	at java.util.concurrent.ThreadPoolExecutor$Worker.run(ThreadPoolExecutor.java:624)
	at java.lang.Thread.run(Thread.java:750)
Caused by: org.apache.derby.shared.common.error.DerbySQLIntegrityConstraintViolationException: DELETE on table 'DBS' caused a violation of foreign key constraint 'TBLS_FK1' for key (11).  The statement has been rolled back.
	at org.apache.derby.impl.jdbc.SQLExceptionFactory.getSQLException(Unknown Source)
	at org.apache.derby.impl.jdbc.Util.generateCsSQLException(Unknown Source)
	at org.apache.derby.impl.jdbc.TransactionResourceImpl.wrapInSQLException(Unknown Source)
	at org.apache.derby.impl.jdbc.TransactionResourceImpl.handleException(Unknown Source)
	at org.apache.derby.impl.jdbc.EmbedConnection.handleException(Unknown Source)
	at org.apache.derby.impl.jdbc.ConnectionChild.handleException(Unknown Source)
	at org.apache.derby.impl.jdbc.EmbedStatement.executeStatement(Unknown Source)
	at org.apache.derby.impl.jdbc.EmbedPreparedStatement.executeBatchElement(Unknown Source)
	... 47 more
Caused by: ERROR 23503: DELETE on table 'DBS' caused a violation of foreign key constraint 'TBLS_FK1' for key (11).  The statement has been rolled back.
	at org.apache.derby.iapi.error.StandardException.newException(Unknown Source)
	at org.apache.derby.iapi.error.StandardException.newException(Unknown Source)
	at org.apache.derby.impl.sql.execute.ReferencedKeyRIChecker.doCheck(Unknown Source)
	at org.apache.derby.impl.sql.execute.RISetChecker.doPKCheck(Unknown Source)
	at org.apache.derby.impl.sql.execute.DeleteResultSet.collectAffectedRows(Unknown Source)
	at org.apache.derby.impl.sql.execute.DeleteResultSet.open(Unknown Source)
	at org.apache.derby.impl.sql.GenericPreparedStatement.executeStmt(Unknown Source)
	at org.apache.derby.impl.sql.GenericPreparedStatement.execute(Unknown Source)
	... 49 more

2024-04-24T12:27:21,623  INFO [TThreadPoolServer WorkerProcess-%d] HiveMetaStore.audit: ugi=alex	ip=127.0.0.1	cmd=source:127.0.0.1 drop_database: @hive#myDb	
2024-04-24T12:27:21,625  INFO [TThreadPoolServer WorkerProcess-%d] HiveMetaStore.audit: ugi=alex	ip=127.0.0.1	cmd=source:127.0.0.1 get_all_tables: db=@hive#myDb	
2024-04-24T12:27:21,627  INFO [TThreadPoolServer WorkerProcess-%d] HiveMetaStore.audit: ugi=alex	ip=127.0.0.1	cmd=source:127.0.0.1 get_functions: db=@hive#myDb pat=*	
2024-04-24T12:27:21,628  INFO [TThreadPoolServer WorkerProcess-%d] HiveMetaStore.audit: ugi=alex	ip=127.0.0.1	cmd=source:127.0.0.1 get_all_stored_procedures	
2024-04-24T12:27:21,628  INFO [TThreadPoolServer WorkerProcess-%d] HiveMetaStore.audit: ugi=alex	ip=127.0.0.1	cmd=source:127.0.0.1 get_all_packages	
2024-04-24T12:27:21,629  INFO [TThreadPoolServer WorkerProcess-%d] HiveMetaStore.audit: ugi=alex	ip=127.0.0.1	cmd=source:127.0.0.1 getTablesByTypeCore: catName=hive: db=myDb pat=.*,type=MATERIALIZED_VIEW	
2024-04-24T12:27:21,630  INFO [TThreadPoolServer WorkerProcess-%d] metastore.ObjectStore: Dropping database hive.myDb along with all tables
2024-04-24T12:27:21,632 ERROR [TThreadPoolServer WorkerProcess-%d] metastore.RetryingHMSHandler: Retrying HMSHandler after 2000 ms (attempt 8 of 10) with error: javax.jdo.JDODataStoreException: Exception thrown flushing changes to datastore
	at org.datanucleus.api.jdo.NucleusJDOHelper.getJDOExceptionForNucleusException(NucleusJDOHelper.java:542)
	at org.datanucleus.api.jdo.JDOPersistenceManager.flush(JDOPersistenceManager.java:2081)
	at org.apache.hadoop.hive.metastore.ObjectStore.addNotificationEvent(ObjectStore.java:11639)
	at sun.reflect.GeneratedMethodAccessor68.invoke(Unknown Source)
	at sun.reflect.DelegatingMethodAccessorImpl.invoke(DelegatingMethodAccessorImpl.java:43)
	at java.lang.reflect.Method.invoke(Method.java:498)
	at org.apache.hadoop.hive.metastore.RawStoreProxy.invoke(RawStoreProxy.java:97)
	at com.sun.proxy.$Proxy32.addNotificationEvent(Unknown Source)
	at org.apache.hive.hcatalog.listener.DbNotificationListener.process(DbNotificationListener.java:1403)
	at org.apache.hive.hcatalog.listener.DbNotificationListener.onDropDatabase(DbNotificationListener.java:513)
	at org.apache.hadoop.hive.metastore.MetaStoreListenerNotifier$26.notify(MetaStoreListenerNotifier.java:99)
	at org.apache.hadoop.hive.metastore.MetaStoreListenerNotifier.notifyEvent(MetaStoreListenerNotifier.java:339)
	at org.apache.hadoop.hive.metastore.HMSHandler.drop_database_core(HMSHandler.java:1785)
	at org.apache.hadoop.hive.metastore.HMSHandler.drop_database(HMSHandler.java:1869)
	at sun.reflect.GeneratedMethodAccessor73.invoke(Unknown Source)
	at sun.reflect.DelegatingMethodAccessorImpl.invoke(DelegatingMethodAccessorImpl.java:43)
	at java.lang.reflect.Method.invoke(Method.java:498)
	at org.apache.hadoop.hive.metastore.RetryingHMSHandler.invokeInternal(RetryingHMSHandler.java:147)
	at org.apache.hadoop.hive.metastore.RetryingHMSHandler.invoke(RetryingHMSHandler.java:108)
	at com.sun.proxy.$Proxy34.drop_database(Unknown Source)
	at org.apache.hadoop.hive.metastore.api.ThriftHiveMetastore$Processor$drop_database.getResult(ThriftHiveMetastore.java:18285)
	at org.apache.hadoop.hive.metastore.api.ThriftHiveMetastore$Processor$drop_database.getResult(ThriftHiveMetastore.java:18264)
	at org.apache.thrift.ProcessFunction.process(ProcessFunction.java:38)
	at org.apache.hadoop.hive.metastore.TUGIBasedProcessor$1.run(TUGIBasedProcessor.java:111)
	at org.apache.hadoop.hive.metastore.TUGIBasedProcessor$1.run(TUGIBasedProcessor.java:107)
	at java.security.AccessController.doPrivileged(Native Method)
	at javax.security.auth.Subject.doAs(Subject.java:422)
	at org.apache.hadoop.security.UserGroupInformation.doAs(UserGroupInformation.java:1682)
	at org.apache.hadoop.hive.metastore.TUGIBasedProcessor.process(TUGIBasedProcessor.java:119)
	at org.apache.thrift.server.TThreadPoolServer$WorkerProcess.run(TThreadPoolServer.java:248)
	at java.util.concurrent.ThreadPoolExecutor.runWorker(ThreadPoolExecutor.java:1149)
	at java.util.concurrent.ThreadPoolExecutor$Worker.run(ThreadPoolExecutor.java:624)
	at java.lang.Thread.run(Thread.java:750)
NestedThrowablesStackTrace:
java.sql.BatchUpdateException: DELETE on table 'DBS' caused a violation of foreign key constraint 'TBLS_FK1' for key (11).  The statement has been rolled back.
	at org.apache.derby.impl.jdbc.EmbedStatement.executeLargeBatch(Unknown Source)
	at org.apache.derby.impl.jdbc.EmbedStatement.executeBatch(Unknown Source)
	at com.zaxxer.hikari.pool.ProxyStatement.executeBatch(ProxyStatement.java:128)
	at com.zaxxer.hikari.pool.HikariProxyPreparedStatement.executeBatch(HikariProxyPreparedStatement.java)
	at org.datanucleus.store.rdbms.ParamLoggingPreparedStatement.executeBatch(ParamLoggingPreparedStatement.java:366)
	at org.datanucleus.store.rdbms.SQLController.processConnectionStatement(SQLController.java:675)
	at org.datanucleus.store.rdbms.SQLController.processStatementsForConnection(SQLController.java:643)
	at org.datanucleus.store.rdbms.SQLController$1.transactionFlushed(SQLController.java:729)
	at org.datanucleus.store.connection.AbstractManagedConnection.transactionFlushed(AbstractManagedConnection.java:95)
	at org.datanucleus.store.connection.ConnectionManagerImpl$2.transactionFlushed(ConnectionManagerImpl.java:528)
	at org.datanucleus.TransactionImpl.flush(TransactionImpl.java:222)
	at org.datanucleus.ExecutionContextImpl.flushInternal(ExecutionContextImpl.java:4068)
	at org.datanucleus.ExecutionContextThreadedImpl.flushInternal(ExecutionContextThreadedImpl.java:448)
	at org.datanucleus.ExecutionContextImpl.flush(ExecutionContextImpl.java:4009)
	at org.datanucleus.ExecutionContextThreadedImpl.flush(ExecutionContextThreadedImpl.java:434)
	at org.datanucleus.api.jdo.JDOPersistenceManager.flush(JDOPersistenceManager.java:2064)
	at org.apache.hadoop.hive.metastore.ObjectStore.addNotificationEvent(ObjectStore.java:11639)
	at sun.reflect.GeneratedMethodAccessor68.invoke(Unknown Source)
	at sun.reflect.DelegatingMethodAccessorImpl.invoke(DelegatingMethodAccessorImpl.java:43)
	at java.lang.reflect.Method.invoke(Method.java:498)
	at org.apache.hadoop.hive.metastore.RawStoreProxy.invoke(RawStoreProxy.java:97)
	at com.sun.proxy.$Proxy32.addNotificationEvent(Unknown Source)
	at org.apache.hive.hcatalog.listener.DbNotificationListener.process(DbNotificationListener.java:1403)
	at org.apache.hive.hcatalog.listener.DbNotificationListener.onDropDatabase(DbNotificationListener.java:513)
	at org.apache.hadoop.hive.metastore.MetaStoreListenerNotifier$26.notify(MetaStoreListenerNotifier.java:99)
	at org.apache.hadoop.hive.metastore.MetaStoreListenerNotifier.notifyEvent(MetaStoreListenerNotifier.java:339)
	at org.apache.hadoop.hive.metastore.HMSHandler.drop_database_core(HMSHandler.java:1785)
	at org.apache.hadoop.hive.metastore.HMSHandler.drop_database(HMSHandler.java:1869)
	at sun.reflect.GeneratedMethodAccessor73.invoke(Unknown Source)
	at sun.reflect.DelegatingMethodAccessorImpl.invoke(DelegatingMethodAccessorImpl.java:43)
	at java.lang.reflect.Method.invoke(Method.java:498)
	at org.apache.hadoop.hive.metastore.RetryingHMSHandler.invokeInternal(RetryingHMSHandler.java:147)
	at org.apache.hadoop.hive.metastore.RetryingHMSHandler.invoke(RetryingHMSHandler.java:108)
	at com.sun.proxy.$Proxy34.drop_database(Unknown Source)
	at org.apache.hadoop.hive.metastore.api.ThriftHiveMetastore$Processor$drop_database.getResult(ThriftHiveMetastore.java:18285)
	at org.apache.hadoop.hive.metastore.api.ThriftHiveMetastore$Processor$drop_database.getResult(ThriftHiveMetastore.java:18264)
	at org.apache.thrift.ProcessFunction.process(ProcessFunction.java:38)
	at org.apache.hadoop.hive.metastore.TUGIBasedProcessor$1.run(TUGIBasedProcessor.java:111)
	at org.apache.hadoop.hive.metastore.TUGIBasedProcessor$1.run(TUGIBasedProcessor.java:107)
	at java.security.AccessController.doPrivileged(Native Method)
	at javax.security.auth.Subject.doAs(Subject.java:422)
	at org.apache.hadoop.security.UserGroupInformation.doAs(UserGroupInformation.java:1682)
	at org.apache.hadoop.hive.metastore.TUGIBasedProcessor.process(TUGIBasedProcessor.java:119)
	at org.apache.thrift.server.TThreadPoolServer$WorkerProcess.run(TThreadPoolServer.java:248)
	at java.util.concurrent.ThreadPoolExecutor.runWorker(ThreadPoolExecutor.java:1149)
	at java.util.concurrent.ThreadPoolExecutor$Worker.run(ThreadPoolExecutor.java:624)
	at java.lang.Thread.run(Thread.java:750)
Caused by: org.apache.derby.shared.common.error.DerbySQLIntegrityConstraintViolationException: DELETE on table 'DBS' caused a violation of foreign key constraint 'TBLS_FK1' for key (11).  The statement has been rolled back.
	at org.apache.derby.impl.jdbc.SQLExceptionFactory.getSQLException(Unknown Source)
	at org.apache.derby.impl.jdbc.Util.generateCsSQLException(Unknown Source)
	at org.apache.derby.impl.jdbc.TransactionResourceImpl.wrapInSQLException(Unknown Source)
	at org.apache.derby.impl.jdbc.TransactionResourceImpl.handleException(Unknown Source)
	at org.apache.derby.impl.jdbc.EmbedConnection.handleException(Unknown Source)
	at org.apache.derby.impl.jdbc.ConnectionChild.handleException(Unknown Source)
	at org.apache.derby.impl.jdbc.EmbedStatement.executeStatement(Unknown Source)
	at org.apache.derby.impl.jdbc.EmbedPreparedStatement.executeBatchElement(Unknown Source)
	... 47 more
Caused by: ERROR 23503: DELETE on table 'DBS' caused a violation of foreign key constraint 'TBLS_FK1' for key (11).  The statement has been rolled back.
	at org.apache.derby.iapi.error.StandardException.newException(Unknown Source)
	at org.apache.derby.iapi.error.StandardException.newException(Unknown Source)
	at org.apache.derby.impl.sql.execute.ReferencedKeyRIChecker.doCheck(Unknown Source)
	at org.apache.derby.impl.sql.execute.RISetChecker.doPKCheck(Unknown Source)
	at org.apache.derby.impl.sql.execute.DeleteResultSet.collectAffectedRows(Unknown Source)
	at org.apache.derby.impl.sql.execute.DeleteResultSet.open(Unknown Source)
	at org.apache.derby.impl.sql.GenericPreparedStatement.executeStmt(Unknown Source)
	at org.apache.derby.impl.sql.GenericPreparedStatement.execute(Unknown Source)
	... 49 more

2024-04-24T12:27:23,633  INFO [TThreadPoolServer WorkerProcess-%d] HiveMetaStore.audit: ugi=alex	ip=127.0.0.1	cmd=source:127.0.0.1 drop_database: @hive#myDb	
2024-04-24T12:27:23,635  INFO [TThreadPoolServer WorkerProcess-%d] HiveMetaStore.audit: ugi=alex	ip=127.0.0.1	cmd=source:127.0.0.1 get_all_tables: db=@hive#myDb	
2024-04-24T12:27:23,637  INFO [TThreadPoolServer WorkerProcess-%d] HiveMetaStore.audit: ugi=alex	ip=127.0.0.1	cmd=source:127.0.0.1 get_functions: db=@hive#myDb pat=*	
2024-04-24T12:27:23,638  INFO [TThreadPoolServer WorkerProcess-%d] HiveMetaStore.audit: ugi=alex	ip=127.0.0.1	cmd=source:127.0.0.1 get_all_stored_procedures	
2024-04-24T12:27:23,639  INFO [TThreadPoolServer WorkerProcess-%d] HiveMetaStore.audit: ugi=alex	ip=127.0.0.1	cmd=source:127.0.0.1 get_all_packages	
2024-04-24T12:27:23,639  INFO [TThreadPoolServer WorkerProcess-%d] HiveMetaStore.audit: ugi=alex	ip=127.0.0.1	cmd=source:127.0.0.1 getTablesByTypeCore: catName=hive: db=myDb pat=.*,type=MATERIALIZED_VIEW	
2024-04-24T12:27:23,641  INFO [TThreadPoolServer WorkerProcess-%d] metastore.ObjectStore: Dropping database hive.myDb along with all tables
2024-04-24T12:27:23,643 ERROR [TThreadPoolServer WorkerProcess-%d] metastore.RetryingHMSHandler: Retrying HMSHandler after 2000 ms (attempt 9 of 10) with error: javax.jdo.JDODataStoreException: Exception thrown flushing changes to datastore
	at org.datanucleus.api.jdo.NucleusJDOHelper.getJDOExceptionForNucleusException(NucleusJDOHelper.java:542)
	at org.datanucleus.api.jdo.JDOPersistenceManager.flush(JDOPersistenceManager.java:2081)
	at org.apache.hadoop.hive.metastore.ObjectStore.addNotificationEvent(ObjectStore.java:11639)
	at sun.reflect.GeneratedMethodAccessor68.invoke(Unknown Source)
	at sun.reflect.DelegatingMethodAccessorImpl.invoke(DelegatingMethodAccessorImpl.java:43)
	at java.lang.reflect.Method.invoke(Method.java:498)
	at org.apache.hadoop.hive.metastore.RawStoreProxy.invoke(RawStoreProxy.java:97)
	at com.sun.proxy.$Proxy32.addNotificationEvent(Unknown Source)
	at org.apache.hive.hcatalog.listener.DbNotificationListener.process(DbNotificationListener.java:1403)
	at org.apache.hive.hcatalog.listener.DbNotificationListener.onDropDatabase(DbNotificationListener.java:513)
	at org.apache.hadoop.hive.metastore.MetaStoreListenerNotifier$26.notify(MetaStoreListenerNotifier.java:99)
	at org.apache.hadoop.hive.metastore.MetaStoreListenerNotifier.notifyEvent(MetaStoreListenerNotifier.java:339)
	at org.apache.hadoop.hive.metastore.HMSHandler.drop_database_core(HMSHandler.java:1785)
	at org.apache.hadoop.hive.metastore.HMSHandler.drop_database(HMSHandler.java:1869)
	at sun.reflect.GeneratedMethodAccessor73.invoke(Unknown Source)
	at sun.reflect.DelegatingMethodAccessorImpl.invoke(DelegatingMethodAccessorImpl.java:43)
	at java.lang.reflect.Method.invoke(Method.java:498)
	at org.apache.hadoop.hive.metastore.RetryingHMSHandler.invokeInternal(RetryingHMSHandler.java:147)
	at org.apache.hadoop.hive.metastore.RetryingHMSHandler.invoke(RetryingHMSHandler.java:108)
	at com.sun.proxy.$Proxy34.drop_database(Unknown Source)
	at org.apache.hadoop.hive.metastore.api.ThriftHiveMetastore$Processor$drop_database.getResult(ThriftHiveMetastore.java:18285)
	at org.apache.hadoop.hive.metastore.api.ThriftHiveMetastore$Processor$drop_database.getResult(ThriftHiveMetastore.java:18264)
	at org.apache.thrift.ProcessFunction.process(ProcessFunction.java:38)
	at org.apache.hadoop.hive.metastore.TUGIBasedProcessor$1.run(TUGIBasedProcessor.java:111)
	at org.apache.hadoop.hive.metastore.TUGIBasedProcessor$1.run(TUGIBasedProcessor.java:107)
	at java.security.AccessController.doPrivileged(Native Method)
	at javax.security.auth.Subject.doAs(Subject.java:422)
	at org.apache.hadoop.security.UserGroupInformation.doAs(UserGroupInformation.java:1682)
	at org.apache.hadoop.hive.metastore.TUGIBasedProcessor.process(TUGIBasedProcessor.java:119)
	at org.apache.thrift.server.TThreadPoolServer$WorkerProcess.run(TThreadPoolServer.java:248)
	at java.util.concurrent.ThreadPoolExecutor.runWorker(ThreadPoolExecutor.java:1149)
	at java.util.concurrent.ThreadPoolExecutor$Worker.run(ThreadPoolExecutor.java:624)
	at java.lang.Thread.run(Thread.java:750)
NestedThrowablesStackTrace:
java.sql.BatchUpdateException: DELETE on table 'DBS' caused a violation of foreign key constraint 'TBLS_FK1' for key (11).  The statement has been rolled back.
	at org.apache.derby.impl.jdbc.EmbedStatement.executeLargeBatch(Unknown Source)
	at org.apache.derby.impl.jdbc.EmbedStatement.executeBatch(Unknown Source)
	at com.zaxxer.hikari.pool.ProxyStatement.executeBatch(ProxyStatement.java:128)
	at com.zaxxer.hikari.pool.HikariProxyPreparedStatement.executeBatch(HikariProxyPreparedStatement.java)
	at org.datanucleus.store.rdbms.ParamLoggingPreparedStatement.executeBatch(ParamLoggingPreparedStatement.java:366)
	at org.datanucleus.store.rdbms.SQLController.processConnectionStatement(SQLController.java:675)
	at org.datanucleus.store.rdbms.SQLController.processStatementsForConnection(SQLController.java:643)
	at org.datanucleus.store.rdbms.SQLController$1.transactionFlushed(SQLController.java:729)
	at org.datanucleus.store.connection.AbstractManagedConnection.transactionFlushed(AbstractManagedConnection.java:95)
	at org.datanucleus.store.connection.ConnectionManagerImpl$2.transactionFlushed(ConnectionManagerImpl.java:528)
	at org.datanucleus.TransactionImpl.flush(TransactionImpl.java:222)
	at org.datanucleus.ExecutionContextImpl.flushInternal(ExecutionContextImpl.java:4068)
	at org.datanucleus.ExecutionContextThreadedImpl.flushInternal(ExecutionContextThreadedImpl.java:448)
	at org.datanucleus.ExecutionContextImpl.flush(ExecutionContextImpl.java:4009)
	at org.datanucleus.ExecutionContextThreadedImpl.flush(ExecutionContextThreadedImpl.java:434)
	at org.datanucleus.api.jdo.JDOPersistenceManager.flush(JDOPersistenceManager.java:2064)
	at org.apache.hadoop.hive.metastore.ObjectStore.addNotificationEvent(ObjectStore.java:11639)
	at sun.reflect.GeneratedMethodAccessor68.invoke(Unknown Source)
	at sun.reflect.DelegatingMethodAccessorImpl.invoke(DelegatingMethodAccessorImpl.java:43)
	at java.lang.reflect.Method.invoke(Method.java:498)
	at org.apache.hadoop.hive.metastore.RawStoreProxy.invoke(RawStoreProxy.java:97)
	at com.sun.proxy.$Proxy32.addNotificationEvent(Unknown Source)
	at org.apache.hive.hcatalog.listener.DbNotificationListener.process(DbNotificationListener.java:1403)
	at org.apache.hive.hcatalog.listener.DbNotificationListener.onDropDatabase(DbNotificationListener.java:513)
	at org.apache.hadoop.hive.metastore.MetaStoreListenerNotifier$26.notify(MetaStoreListenerNotifier.java:99)
	at org.apache.hadoop.hive.metastore.MetaStoreListenerNotifier.notifyEvent(MetaStoreListenerNotifier.java:339)
	at org.apache.hadoop.hive.metastore.HMSHandler.drop_database_core(HMSHandler.java:1785)
	at org.apache.hadoop.hive.metastore.HMSHandler.drop_database(HMSHandler.java:1869)
	at sun.reflect.GeneratedMethodAccessor73.invoke(Unknown Source)
	at sun.reflect.DelegatingMethodAccessorImpl.invoke(DelegatingMethodAccessorImpl.java:43)
	at java.lang.reflect.Method.invoke(Method.java:498)
	at org.apache.hadoop.hive.metastore.RetryingHMSHandler.invokeInternal(RetryingHMSHandler.java:147)
	at org.apache.hadoop.hive.metastore.RetryingHMSHandler.invoke(RetryingHMSHandler.java:108)
	at com.sun.proxy.$Proxy34.drop_database(Unknown Source)
	at org.apache.hadoop.hive.metastore.api.ThriftHiveMetastore$Processor$drop_database.getResult(ThriftHiveMetastore.java:18285)
	at org.apache.hadoop.hive.metastore.api.ThriftHiveMetastore$Processor$drop_database.getResult(ThriftHiveMetastore.java:18264)
	at org.apache.thrift.ProcessFunction.process(ProcessFunction.java:38)
	at org.apache.hadoop.hive.metastore.TUGIBasedProcessor$1.run(TUGIBasedProcessor.java:111)
	at org.apache.hadoop.hive.metastore.TUGIBasedProcessor$1.run(TUGIBasedProcessor.java:107)
	at java.security.AccessController.doPrivileged(Native Method)
	at javax.security.auth.Subject.doAs(Subject.java:422)
	at org.apache.hadoop.security.UserGroupInformation.doAs(UserGroupInformation.java:1682)
	at org.apache.hadoop.hive.metastore.TUGIBasedProcessor.process(TUGIBasedProcessor.java:119)
	at org.apache.thrift.server.TThreadPoolServer$WorkerProcess.run(TThreadPoolServer.java:248)
	at java.util.concurrent.ThreadPoolExecutor.runWorker(ThreadPoolExecutor.java:1149)
	at java.util.concurrent.ThreadPoolExecutor$Worker.run(ThreadPoolExecutor.java:624)
	at java.lang.Thread.run(Thread.java:750)
Caused by: org.apache.derby.shared.common.error.DerbySQLIntegrityConstraintViolationException: DELETE on table 'DBS' caused a violation of foreign key constraint 'TBLS_FK1' for key (11).  The statement has been rolled back.
	at org.apache.derby.impl.jdbc.SQLExceptionFactory.getSQLException(Unknown Source)
	at org.apache.derby.impl.jdbc.Util.generateCsSQLException(Unknown Source)
	at org.apache.derby.impl.jdbc.TransactionResourceImpl.wrapInSQLException(Unknown Source)
	at org.apache.derby.impl.jdbc.TransactionResourceImpl.handleException(Unknown Source)
	at org.apache.derby.impl.jdbc.EmbedConnection.handleException(Unknown Source)
	at org.apache.derby.impl.jdbc.ConnectionChild.handleException(Unknown Source)
	at org.apache.derby.impl.jdbc.EmbedStatement.executeStatement(Unknown Source)
	at org.apache.derby.impl.jdbc.EmbedPreparedStatement.executeBatchElement(Unknown Source)
	... 47 more
Caused by: ERROR 23503: DELETE on table 'DBS' caused a violation of foreign key constraint 'TBLS_FK1' for key (11).  The statement has been rolled back.
	at org.apache.derby.iapi.error.StandardException.newException(Unknown Source)
	at org.apache.derby.iapi.error.StandardException.newException(Unknown Source)
	at org.apache.derby.impl.sql.execute.ReferencedKeyRIChecker.doCheck(Unknown Source)
	at org.apache.derby.impl.sql.execute.RISetChecker.doPKCheck(Unknown Source)
	at org.apache.derby.impl.sql.execute.DeleteResultSet.collectAffectedRows(Unknown Source)
	at org.apache.derby.impl.sql.execute.DeleteResultSet.open(Unknown Source)
	at org.apache.derby.impl.sql.GenericPreparedStatement.executeStmt(Unknown Source)
	at org.apache.derby.impl.sql.GenericPreparedStatement.execute(Unknown Source)
	... 49 more

2024-04-24T12:27:25,644  INFO [TThreadPoolServer WorkerProcess-%d] HiveMetaStore.audit: ugi=alex	ip=127.0.0.1	cmd=source:127.0.0.1 drop_database: @hive#myDb	
2024-04-24T12:27:25,646  INFO [TThreadPoolServer WorkerProcess-%d] HiveMetaStore.audit: ugi=alex	ip=127.0.0.1	cmd=source:127.0.0.1 get_all_tables: db=@hive#myDb	
2024-04-24T12:27:25,648  INFO [TThreadPoolServer WorkerProcess-%d] HiveMetaStore.audit: ugi=alex	ip=127.0.0.1	cmd=source:127.0.0.1 get_functions: db=@hive#myDb pat=*	
2024-04-24T12:27:25,649  INFO [TThreadPoolServer WorkerProcess-%d] HiveMetaStore.audit: ugi=alex	ip=127.0.0.1	cmd=source:127.0.0.1 get_all_stored_procedures	
2024-04-24T12:27:25,650  INFO [TThreadPoolServer WorkerProcess-%d] HiveMetaStore.audit: ugi=alex	ip=127.0.0.1	cmd=source:127.0.0.1 get_all_packages	
2024-04-24T12:27:25,650  INFO [TThreadPoolServer WorkerProcess-%d] HiveMetaStore.audit: ugi=alex	ip=127.0.0.1	cmd=source:127.0.0.1 getTablesByTypeCore: catName=hive: db=myDb pat=.*,type=MATERIALIZED_VIEW	
2024-04-24T12:27:25,652  INFO [TThreadPoolServer WorkerProcess-%d] metastore.ObjectStore: Dropping database hive.myDb along with all tables
2024-04-24T12:27:25,655 ERROR [TThreadPoolServer WorkerProcess-%d] metastore.RetryingHMSHandler: Retrying HMSHandler after 2000 ms (attempt 10 of 10) with error: javax.jdo.JDODataStoreException: Exception thrown flushing changes to datastore
	at org.datanucleus.api.jdo.NucleusJDOHelper.getJDOExceptionForNucleusException(NucleusJDOHelper.java:542)
	at org.datanucleus.api.jdo.JDOPersistenceManager.flush(JDOPersistenceManager.java:2081)
	at org.apache.hadoop.hive.metastore.ObjectStore.addNotificationEvent(ObjectStore.java:11639)
	at sun.reflect.GeneratedMethodAccessor68.invoke(Unknown Source)
	at sun.reflect.DelegatingMethodAccessorImpl.invoke(DelegatingMethodAccessorImpl.java:43)
	at java.lang.reflect.Method.invoke(Method.java:498)
	at org.apache.hadoop.hive.metastore.RawStoreProxy.invoke(RawStoreProxy.java:97)
	at com.sun.proxy.$Proxy32.addNotificationEvent(Unknown Source)
	at org.apache.hive.hcatalog.listener.DbNotificationListener.process(DbNotificationListener.java:1403)
	at org.apache.hive.hcatalog.listener.DbNotificationListener.onDropDatabase(DbNotificationListener.java:513)
	at org.apache.hadoop.hive.metastore.MetaStoreListenerNotifier$26.notify(MetaStoreListenerNotifier.java:99)
	at org.apache.hadoop.hive.metastore.MetaStoreListenerNotifier.notifyEvent(MetaStoreListenerNotifier.java:339)
	at org.apache.hadoop.hive.metastore.HMSHandler.drop_database_core(HMSHandler.java:1785)
	at org.apache.hadoop.hive.metastore.HMSHandler.drop_database(HMSHandler.java:1869)
	at sun.reflect.GeneratedMethodAccessor73.invoke(Unknown Source)
	at sun.reflect.DelegatingMethodAccessorImpl.invoke(DelegatingMethodAccessorImpl.java:43)
	at java.lang.reflect.Method.invoke(Method.java:498)
	at org.apache.hadoop.hive.metastore.RetryingHMSHandler.invokeInternal(RetryingHMSHandler.java:147)
	at org.apache.hadoop.hive.metastore.RetryingHMSHandler.invoke(RetryingHMSHandler.java:108)
	at com.sun.proxy.$Proxy34.drop_database(Unknown Source)
	at org.apache.hadoop.hive.metastore.api.ThriftHiveMetastore$Processor$drop_database.getResult(ThriftHiveMetastore.java:18285)
	at org.apache.hadoop.hive.metastore.api.ThriftHiveMetastore$Processor$drop_database.getResult(ThriftHiveMetastore.java:18264)
	at org.apache.thrift.ProcessFunction.process(ProcessFunction.java:38)
	at org.apache.hadoop.hive.metastore.TUGIBasedProcessor$1.run(TUGIBasedProcessor.java:111)
	at org.apache.hadoop.hive.metastore.TUGIBasedProcessor$1.run(TUGIBasedProcessor.java:107)
	at java.security.AccessController.doPrivileged(Native Method)
	at javax.security.auth.Subject.doAs(Subject.java:422)
	at org.apache.hadoop.security.UserGroupInformation.doAs(UserGroupInformation.java:1682)
	at org.apache.hadoop.hive.metastore.TUGIBasedProcessor.process(TUGIBasedProcessor.java:119)
	at org.apache.thrift.server.TThreadPoolServer$WorkerProcess.run(TThreadPoolServer.java:248)
	at java.util.concurrent.ThreadPoolExecutor.runWorker(ThreadPoolExecutor.java:1149)
	at java.util.concurrent.ThreadPoolExecutor$Worker.run(ThreadPoolExecutor.java:624)
	at java.lang.Thread.run(Thread.java:750)
NestedThrowablesStackTrace:
java.sql.BatchUpdateException: DELETE on table 'DBS' caused a violation of foreign key constraint 'TBLS_FK1' for key (11).  The statement has been rolled back.
	at org.apache.derby.impl.jdbc.EmbedStatement.executeLargeBatch(Unknown Source)
	at org.apache.derby.impl.jdbc.EmbedStatement.executeBatch(Unknown Source)
	at com.zaxxer.hikari.pool.ProxyStatement.executeBatch(ProxyStatement.java:128)
	at com.zaxxer.hikari.pool.HikariProxyPreparedStatement.executeBatch(HikariProxyPreparedStatement.java)
	at org.datanucleus.store.rdbms.ParamLoggingPreparedStatement.executeBatch(ParamLoggingPreparedStatement.java:366)
	at org.datanucleus.store.rdbms.SQLController.processConnectionStatement(SQLController.java:675)
	at org.datanucleus.store.rdbms.SQLController.processStatementsForConnection(SQLController.java:643)
	at org.datanucleus.store.rdbms.SQLController$1.transactionFlushed(SQLController.java:729)
	at org.datanucleus.store.connection.AbstractManagedConnection.transactionFlushed(AbstractManagedConnection.java:95)
	at org.datanucleus.store.connection.ConnectionManagerImpl$2.transactionFlushed(ConnectionManagerImpl.java:528)
	at org.datanucleus.TransactionImpl.flush(TransactionImpl.java:222)
	at org.datanucleus.ExecutionContextImpl.flushInternal(ExecutionContextImpl.java:4068)
	at org.datanucleus.ExecutionContextThreadedImpl.flushInternal(ExecutionContextThreadedImpl.java:448)
	at org.datanucleus.ExecutionContextImpl.flush(ExecutionContextImpl.java:4009)
	at org.datanucleus.ExecutionContextThreadedImpl.flush(ExecutionContextThreadedImpl.java:434)
	at org.datanucleus.api.jdo.JDOPersistenceManager.flush(JDOPersistenceManager.java:2064)
	at org.apache.hadoop.hive.metastore.ObjectStore.addNotificationEvent(ObjectStore.java:11639)
	at sun.reflect.GeneratedMethodAccessor68.invoke(Unknown Source)
	at sun.reflect.DelegatingMethodAccessorImpl.invoke(DelegatingMethodAccessorImpl.java:43)
	at java.lang.reflect.Method.invoke(Method.java:498)
	at org.apache.hadoop.hive.metastore.RawStoreProxy.invoke(RawStoreProxy.java:97)
	at com.sun.proxy.$Proxy32.addNotificationEvent(Unknown Source)
	at org.apache.hive.hcatalog.listener.DbNotificationListener.process(DbNotificationListener.java:1403)
	at org.apache.hive.hcatalog.listener.DbNotificationListener.onDropDatabase(DbNotificationListener.java:513)
	at org.apache.hadoop.hive.metastore.MetaStoreListenerNotifier$26.notify(MetaStoreListenerNotifier.java:99)
	at org.apache.hadoop.hive.metastore.MetaStoreListenerNotifier.notifyEvent(MetaStoreListenerNotifier.java:339)
	at org.apache.hadoop.hive.metastore.HMSHandler.drop_database_core(HMSHandler.java:1785)
	at org.apache.hadoop.hive.metastore.HMSHandler.drop_database(HMSHandler.java:1869)
	at sun.reflect.GeneratedMethodAccessor73.invoke(Unknown Source)
	at sun.reflect.DelegatingMethodAccessorImpl.invoke(DelegatingMethodAccessorImpl.java:43)
	at java.lang.reflect.Method.invoke(Method.java:498)
	at org.apache.hadoop.hive.metastore.RetryingHMSHandler.invokeInternal(RetryingHMSHandler.java:147)
	at org.apache.hadoop.hive.metastore.RetryingHMSHandler.invoke(RetryingHMSHandler.java:108)
	at com.sun.proxy.$Proxy34.drop_database(Unknown Source)
	at org.apache.hadoop.hive.metastore.api.ThriftHiveMetastore$Processor$drop_database.getResult(ThriftHiveMetastore.java:18285)
	at org.apache.hadoop.hive.metastore.api.ThriftHiveMetastore$Processor$drop_database.getResult(ThriftHiveMetastore.java:18264)
	at org.apache.thrift.ProcessFunction.process(ProcessFunction.java:38)
	at org.apache.hadoop.hive.metastore.TUGIBasedProcessor$1.run(TUGIBasedProcessor.java:111)
	at org.apache.hadoop.hive.metastore.TUGIBasedProcessor$1.run(TUGIBasedProcessor.java:107)
	at java.security.AccessController.doPrivileged(Native Method)
	at javax.security.auth.Subject.doAs(Subject.java:422)
	at org.apache.hadoop.security.UserGroupInformation.doAs(UserGroupInformation.java:1682)
	at org.apache.hadoop.hive.metastore.TUGIBasedProcessor.process(TUGIBasedProcessor.java:119)
	at org.apache.thrift.server.TThreadPoolServer$WorkerProcess.run(TThreadPoolServer.java:248)
	at java.util.concurrent.ThreadPoolExecutor.runWorker(ThreadPoolExecutor.java:1149)
	at java.util.concurrent.ThreadPoolExecutor$Worker.run(ThreadPoolExecutor.java:624)
	at java.lang.Thread.run(Thread.java:750)
Caused by: org.apache.derby.shared.common.error.DerbySQLIntegrityConstraintViolationException: DELETE on table 'DBS' caused a violation of foreign key constraint 'TBLS_FK1' for key (11).  The statement has been rolled back.
	at org.apache.derby.impl.jdbc.SQLExceptionFactory.getSQLException(Unknown Source)
	at org.apache.derby.impl.jdbc.Util.generateCsSQLException(Unknown Source)
	at org.apache.derby.impl.jdbc.TransactionResourceImpl.wrapInSQLException(Unknown Source)
	at org.apache.derby.impl.jdbc.TransactionResourceImpl.handleException(Unknown Source)
	at org.apache.derby.impl.jdbc.EmbedConnection.handleException(Unknown Source)
	at org.apache.derby.impl.jdbc.ConnectionChild.handleException(Unknown Source)
	at org.apache.derby.impl.jdbc.EmbedStatement.executeStatement(Unknown Source)
	at org.apache.derby.impl.jdbc.EmbedPreparedStatement.executeBatchElement(Unknown Source)
	... 47 more
Caused by: ERROR 23503: DELETE on table 'DBS' caused a violation of foreign key constraint 'TBLS_FK1' for key (11).  The statement has been rolled back.
	at org.apache.derby.iapi.error.StandardException.newException(Unknown Source)
	at org.apache.derby.iapi.error.StandardException.newException(Unknown Source)
	at org.apache.derby.impl.sql.execute.ReferencedKeyRIChecker.doCheck(Unknown Source)
	at org.apache.derby.impl.sql.execute.RISetChecker.doPKCheck(Unknown Source)
	at org.apache.derby.impl.sql.execute.DeleteResultSet.collectAffectedRows(Unknown Source)
	at org.apache.derby.impl.sql.execute.DeleteResultSet.open(Unknown Source)
	at org.apache.derby.impl.sql.GenericPreparedStatement.executeStmt(Unknown Source)
	at org.apache.derby.impl.sql.GenericPreparedStatement.execute(Unknown Source)
	... 49 more

2024-04-24T12:27:27,655  INFO [TThreadPoolServer WorkerProcess-%d] HiveMetaStore.audit: ugi=alex	ip=127.0.0.1	cmd=source:127.0.0.1 drop_database: @hive#myDb	
2024-04-24T12:27:27,658  INFO [TThreadPoolServer WorkerProcess-%d] HiveMetaStore.audit: ugi=alex	ip=127.0.0.1	cmd=source:127.0.0.1 get_all_tables: db=@hive#myDb	
2024-04-24T12:27:27,659  INFO [TThreadPoolServer WorkerProcess-%d] HiveMetaStore.audit: ugi=alex	ip=127.0.0.1	cmd=source:127.0.0.1 get_functions: db=@hive#myDb pat=*	
2024-04-24T12:27:27,661  INFO [TThreadPoolServer WorkerProcess-%d] HiveMetaStore.audit: ugi=alex	ip=127.0.0.1	cmd=source:127.0.0.1 get_all_stored_procedures	
2024-04-24T12:27:27,662  INFO [TThreadPoolServer WorkerProcess-%d] HiveMetaStore.audit: ugi=alex	ip=127.0.0.1	cmd=source:127.0.0.1 get_all_packages	
2024-04-24T12:27:27,662  INFO [TThreadPoolServer WorkerProcess-%d] HiveMetaStore.audit: ugi=alex	ip=127.0.0.1	cmd=source:127.0.0.1 getTablesByTypeCore: catName=hive: db=myDb pat=.*,type=MATERIALIZED_VIEW	
2024-04-24T12:27:27,664  INFO [TThreadPoolServer WorkerProcess-%d] metastore.ObjectStore: Dropping database hive.myDb along with all tables
2024-04-24T12:27:27,667 ERROR [TThreadPoolServer WorkerProcess-%d] metastore.RetryingHMSHandler: HMSHandler Fatal error: javax.jdo.JDODataStoreException: Exception thrown flushing changes to datastore
	at org.datanucleus.api.jdo.NucleusJDOHelper.getJDOExceptionForNucleusException(NucleusJDOHelper.java:542)
	at org.datanucleus.api.jdo.JDOPersistenceManager.flush(JDOPersistenceManager.java:2081)
	at org.apache.hadoop.hive.metastore.ObjectStore.addNotificationEvent(ObjectStore.java:11639)
	at sun.reflect.GeneratedMethodAccessor68.invoke(Unknown Source)
	at sun.reflect.DelegatingMethodAccessorImpl.invoke(DelegatingMethodAccessorImpl.java:43)
	at java.lang.reflect.Method.invoke(Method.java:498)
	at org.apache.hadoop.hive.metastore.RawStoreProxy.invoke(RawStoreProxy.java:97)
	at com.sun.proxy.$Proxy32.addNotificationEvent(Unknown Source)
	at org.apache.hive.hcatalog.listener.DbNotificationListener.process(DbNotificationListener.java:1403)
	at org.apache.hive.hcatalog.listener.DbNotificationListener.onDropDatabase(DbNotificationListener.java:513)
	at org.apache.hadoop.hive.metastore.MetaStoreListenerNotifier$26.notify(MetaStoreListenerNotifier.java:99)
	at org.apache.hadoop.hive.metastore.MetaStoreListenerNotifier.notifyEvent(MetaStoreListenerNotifier.java:339)
	at org.apache.hadoop.hive.metastore.HMSHandler.drop_database_core(HMSHandler.java:1785)
	at org.apache.hadoop.hive.metastore.HMSHandler.drop_database(HMSHandler.java:1869)
	at sun.reflect.GeneratedMethodAccessor73.invoke(Unknown Source)
	at sun.reflect.DelegatingMethodAccessorImpl.invoke(DelegatingMethodAccessorImpl.java:43)
	at java.lang.reflect.Method.invoke(Method.java:498)
	at org.apache.hadoop.hive.metastore.RetryingHMSHandler.invokeInternal(RetryingHMSHandler.java:147)
	at org.apache.hadoop.hive.metastore.RetryingHMSHandler.invoke(RetryingHMSHandler.java:108)
	at com.sun.proxy.$Proxy34.drop_database(Unknown Source)
	at org.apache.hadoop.hive.metastore.api.ThriftHiveMetastore$Processor$drop_database.getResult(ThriftHiveMetastore.java:18285)
	at org.apache.hadoop.hive.metastore.api.ThriftHiveMetastore$Processor$drop_database.getResult(ThriftHiveMetastore.java:18264)
	at org.apache.thrift.ProcessFunction.process(ProcessFunction.java:38)
	at org.apache.hadoop.hive.metastore.TUGIBasedProcessor$1.run(TUGIBasedProcessor.java:111)
	at org.apache.hadoop.hive.metastore.TUGIBasedProcessor$1.run(TUGIBasedProcessor.java:107)
	at java.security.AccessController.doPrivileged(Native Method)
	at javax.security.auth.Subject.doAs(Subject.java:422)
	at org.apache.hadoop.security.UserGroupInformation.doAs(UserGroupInformation.java:1682)
	at org.apache.hadoop.hive.metastore.TUGIBasedProcessor.process(TUGIBasedProcessor.java:119)
	at org.apache.thrift.server.TThreadPoolServer$WorkerProcess.run(TThreadPoolServer.java:248)
	at java.util.concurrent.ThreadPoolExecutor.runWorker(ThreadPoolExecutor.java:1149)
	at java.util.concurrent.ThreadPoolExecutor$Worker.run(ThreadPoolExecutor.java:624)
	at java.lang.Thread.run(Thread.java:750)
NestedThrowablesStackTrace:
java.sql.BatchUpdateException: DELETE on table 'DBS' caused a violation of foreign key constraint 'TBLS_FK1' for key (11).  The statement has been rolled back.
	at org.apache.derby.impl.jdbc.EmbedStatement.executeLargeBatch(Unknown Source)
	at org.apache.derby.impl.jdbc.EmbedStatement.executeBatch(Unknown Source)
	at com.zaxxer.hikari.pool.ProxyStatement.executeBatch(ProxyStatement.java:128)
	at com.zaxxer.hikari.pool.HikariProxyPreparedStatement.executeBatch(HikariProxyPreparedStatement.java)
	at org.datanucleus.store.rdbms.ParamLoggingPreparedStatement.executeBatch(ParamLoggingPreparedStatement.java:366)
	at org.datanucleus.store.rdbms.SQLController.processConnectionStatement(SQLController.java:675)
	at org.datanucleus.store.rdbms.SQLController.processStatementsForConnection(SQLController.java:643)
	at org.datanucleus.store.rdbms.SQLController$1.transactionFlushed(SQLController.java:729)
	at org.datanucleus.store.connection.AbstractManagedConnection.transactionFlushed(AbstractManagedConnection.java:95)
	at org.datanucleus.store.connection.ConnectionManagerImpl$2.transactionFlushed(ConnectionManagerImpl.java:528)
	at org.datanucleus.TransactionImpl.flush(TransactionImpl.java:222)
	at org.datanucleus.ExecutionContextImpl.flushInternal(ExecutionContextImpl.java:4068)
	at org.datanucleus.ExecutionContextThreadedImpl.flushInternal(ExecutionContextThreadedImpl.java:448)
	at org.datanucleus.ExecutionContextImpl.flush(ExecutionContextImpl.java:4009)
	at org.datanucleus.ExecutionContextThreadedImpl.flush(ExecutionContextThreadedImpl.java:434)
	at org.datanucleus.api.jdo.JDOPersistenceManager.flush(JDOPersistenceManager.java:2064)
	at org.apache.hadoop.hive.metastore.ObjectStore.addNotificationEvent(ObjectStore.java:11639)
	at sun.reflect.GeneratedMethodAccessor68.invoke(Unknown Source)
	at sun.reflect.DelegatingMethodAccessorImpl.invoke(DelegatingMethodAccessorImpl.java:43)
	at java.lang.reflect.Method.invoke(Method.java:498)
	at org.apache.hadoop.hive.metastore.RawStoreProxy.invoke(RawStoreProxy.java:97)
	at com.sun.proxy.$Proxy32.addNotificationEvent(Unknown Source)
	at org.apache.hive.hcatalog.listener.DbNotificationListener.process(DbNotificationListener.java:1403)
	at org.apache.hive.hcatalog.listener.DbNotificationListener.onDropDatabase(DbNotificationListener.java:513)
	at org.apache.hadoop.hive.metastore.MetaStoreListenerNotifier$26.notify(MetaStoreListenerNotifier.java:99)
	at org.apache.hadoop.hive.metastore.MetaStoreListenerNotifier.notifyEvent(MetaStoreListenerNotifier.java:339)
	at org.apache.hadoop.hive.metastore.HMSHandler.drop_database_core(HMSHandler.java:1785)
	at org.apache.hadoop.hive.metastore.HMSHandler.drop_database(HMSHandler.java:1869)
	at sun.reflect.GeneratedMethodAccessor73.invoke(Unknown Source)
	at sun.reflect.DelegatingMethodAccessorImpl.invoke(DelegatingMethodAccessorImpl.java:43)
	at java.lang.reflect.Method.invoke(Method.java:498)
	at org.apache.hadoop.hive.metastore.RetryingHMSHandler.invokeInternal(RetryingHMSHandler.java:147)
	at org.apache.hadoop.hive.metastore.RetryingHMSHandler.invoke(RetryingHMSHandler.java:108)
	at com.sun.proxy.$Proxy34.drop_database(Unknown Source)
	at org.apache.hadoop.hive.metastore.api.ThriftHiveMetastore$Processor$drop_database.getResult(ThriftHiveMetastore.java:18285)
	at org.apache.hadoop.hive.metastore.api.ThriftHiveMetastore$Processor$drop_database.getResult(ThriftHiveMetastore.java:18264)
	at org.apache.thrift.ProcessFunction.process(ProcessFunction.java:38)
	at org.apache.hadoop.hive.metastore.TUGIBasedProcessor$1.run(TUGIBasedProcessor.java:111)
	at org.apache.hadoop.hive.metastore.TUGIBasedProcessor$1.run(TUGIBasedProcessor.java:107)
	at java.security.AccessController.doPrivileged(Native Method)
	at javax.security.auth.Subject.doAs(Subject.java:422)
	at org.apache.hadoop.security.UserGroupInformation.doAs(UserGroupInformation.java:1682)
	at org.apache.hadoop.hive.metastore.TUGIBasedProcessor.process(TUGIBasedProcessor.java:119)
	at org.apache.thrift.server.TThreadPoolServer$WorkerProcess.run(TThreadPoolServer.java:248)
	at java.util.concurrent.ThreadPoolExecutor.runWorker(ThreadPoolExecutor.java:1149)
	at java.util.concurrent.ThreadPoolExecutor$Worker.run(ThreadPoolExecutor.java:624)
	at java.lang.Thread.run(Thread.java:750)
Caused by: org.apache.derby.shared.common.error.DerbySQLIntegrityConstraintViolationException: DELETE on table 'DBS' caused a violation of foreign key constraint 'TBLS_FK1' for key (11).  The statement has been rolled back.
	at org.apache.derby.impl.jdbc.SQLExceptionFactory.getSQLException(Unknown Source)
	at org.apache.derby.impl.jdbc.Util.generateCsSQLException(Unknown Source)
	at org.apache.derby.impl.jdbc.TransactionResourceImpl.wrapInSQLException(Unknown Source)
	at org.apache.derby.impl.jdbc.TransactionResourceImpl.handleException(Unknown Source)
	at org.apache.derby.impl.jdbc.EmbedConnection.handleException(Unknown Source)
	at org.apache.derby.impl.jdbc.ConnectionChild.handleException(Unknown Source)
	at org.apache.derby.impl.jdbc.EmbedStatement.executeStatement(Unknown Source)
	at org.apache.derby.impl.jdbc.EmbedPreparedStatement.executeBatchElement(Unknown Source)
	... 47 more
Caused by: ERROR 23503: DELETE on table 'DBS' caused a violation of foreign key constraint 'TBLS_FK1' for key (11).  The statement has been rolled back.
	at org.apache.derby.iapi.error.StandardException.newException(Unknown Source)
	at org.apache.derby.iapi.error.StandardException.newException(Unknown Source)
	at org.apache.derby.impl.sql.execute.ReferencedKeyRIChecker.doCheck(Unknown Source)
	at org.apache.derby.impl.sql.execute.RISetChecker.doPKCheck(Unknown Source)
	at org.apache.derby.impl.sql.execute.DeleteResultSet.collectAffectedRows(Unknown Source)
	at org.apache.derby.impl.sql.execute.DeleteResultSet.open(Unknown Source)
	at org.apache.derby.impl.sql.GenericPreparedStatement.executeStmt(Unknown Source)
	at org.apache.derby.impl.sql.GenericPreparedStatement.execute(Unknown Source)
	... 49 more

2024-04-24T12:27:27,667 ERROR [main] api.TestHCatClient: Unexpected exception! 
org.apache.hive.hcatalog.common.HCatException: org.apache.hive.hcatalog.common.HCatException : 9001 : Exception occurred while processing HCat request : MetaException while dropping db.. Cause : MetaException(message:javax.jdo.JDODataStoreException: Exception thrown flushing changes to datastore
NestedThrowables:
java.sql.BatchUpdateException: DELETE on table 'DBS' caused a violation of foreign key constraint 'TBLS_FK1' for key (11).  The statement has been rolled back.)
	at org.apache.hive.hcatalog.api.HCatClientHMSImpl.dropDatabase(HCatClientHMSImpl.java:164) ~[classes/:?]
	at org.apache.hive.hcatalog.api.TestHCatClient.testPartitionRegistrationWithCustomSchema(TestHCatClient.java:1152) [test-classes/:?]
	at sun.reflect.NativeMethodAccessorImpl.invoke0(Native Method) ~[?:1.8.0_402]
	at sun.reflect.NativeMethodAccessorImpl.invoke(NativeMethodAccessorImpl.java:62) ~[?:1.8.0_402]
	at sun.reflect.DelegatingMethodAccessorImpl.invoke(DelegatingMethodAccessorImpl.java:43) ~[?:1.8.0_402]
	at java.lang.reflect.Method.invoke(Method.java:498) ~[?:1.8.0_402]
	at org.junit.runners.model.FrameworkMethod$1.runReflectiveCall(FrameworkMethod.java:59) [junit-4.13.jar:4.13]
	at org.junit.internal.runners.model.ReflectiveCallable.run(ReflectiveCallable.java:12) [junit-4.13.jar:4.13]
	at org.junit.runners.model.FrameworkMethod.invokeExplosively(FrameworkMethod.java:56) [junit-4.13.jar:4.13]
	at org.junit.internal.runners.statements.InvokeMethod.evaluate(InvokeMethod.java:17) [junit-4.13.jar:4.13]
	at org.junit.runners.ParentRunner$3.evaluate(ParentRunner.java:306) [junit-4.13.jar:4.13]
	at org.junit.runners.BlockJUnit4ClassRunner$1.evaluate(BlockJUnit4ClassRunner.java:100) [junit-4.13.jar:4.13]
	at org.junit.runners.ParentRunner.runLeaf(ParentRunner.java:366) [junit-4.13.jar:4.13]
	at org.junit.runners.BlockJUnit4ClassRunner.runChild(BlockJUnit4ClassRunner.java:103) [junit-4.13.jar:4.13]
	at org.junit.runners.BlockJUnit4ClassRunner.runChild(BlockJUnit4ClassRunner.java:63) [junit-4.13.jar:4.13]
	at org.junit.runners.ParentRunner$4.run(ParentRunner.java:331) [junit-4.13.jar:4.13]
	at org.junit.runners.ParentRunner$1.schedule(ParentRunner.java:79) [junit-4.13.jar:4.13]
	at org.junit.runners.ParentRunner.runChildren(ParentRunner.java:329) [junit-4.13.jar:4.13]
	at org.junit.runners.ParentRunner.access$100(ParentRunner.java:66) [junit-4.13.jar:4.13]
	at org.junit.runners.ParentRunner$2.evaluate(ParentRunner.java:293) [junit-4.13.jar:4.13]
	at org.junit.internal.runners.statements.RunBefores.evaluate(RunBefores.java:26) [junit-4.13.jar:4.13]
	at org.junit.internal.runners.statements.RunAfters.evaluate(RunAfters.java:27) [junit-4.13.jar:4.13]
	at org.junit.runners.ParentRunner$3.evaluate(ParentRunner.java:306) [junit-4.13.jar:4.13]
	at org.junit.runners.ParentRunner.run(ParentRunner.java:413) [junit-4.13.jar:4.13]
	at org.junit.runners.Suite.runChild(Suite.java:128) [junit-4.13.jar:4.13]
	at org.junit.runners.Suite.runChild(Suite.java:27) [junit-4.13.jar:4.13]
	at org.junit.runners.ParentRunner$4.run(ParentRunner.java:331) [junit-4.13.jar:4.13]
	at org.junit.runners.ParentRunner$1.schedule(ParentRunner.java:79) [junit-4.13.jar:4.13]
	at org.junit.runners.ParentRunner.runChildren(ParentRunner.java:329) [junit-4.13.jar:4.13]
	at org.junit.runners.ParentRunner.access$100(ParentRunner.java:66) [junit-4.13.jar:4.13]
	at org.junit.runners.ParentRunner$2.evaluate(ParentRunner.java:293) [junit-4.13.jar:4.13]
	at org.junit.runners.ParentRunner$3.evaluate(ParentRunner.java:306) [junit-4.13.jar:4.13]
	at org.junit.runners.ParentRunner.run(ParentRunner.java:413) [junit-4.13.jar:4.13]
	at org.apache.maven.surefire.junitcore.JUnitCore.run(JUnitCore.java:55) [surefire-junit47-3.0.0-M4.jar:3.0.0-M4]
	at org.apache.maven.surefire.junitcore.JUnitCoreWrapper.createRequestAndRun(JUnitCoreWrapper.java:137) [surefire-junit47-3.0.0-M4.jar:3.0.0-M4]
	at org.apache.maven.surefire.junitcore.JUnitCoreWrapper.executeEager(JUnitCoreWrapper.java:107) [surefire-junit47-3.0.0-M4.jar:3.0.0-M4]
	at org.apache.maven.surefire.junitcore.JUnitCoreWrapper.execute(JUnitCoreWrapper.java:83) [surefire-junit47-3.0.0-M4.jar:3.0.0-M4]
	at org.apache.maven.surefire.junitcore.JUnitCoreWrapper.execute(JUnitCoreWrapper.java:75) [surefire-junit47-3.0.0-M4.jar:3.0.0-M4]
	at org.apache.maven.surefire.junitcore.JUnitCoreProvider.invoke(JUnitCoreProvider.java:158) [surefire-junit47-3.0.0-M4.jar:3.0.0-M4]
	at org.apache.maven.surefire.booter.ForkedBooter.runSuitesInProcess(ForkedBooter.java:377) [surefire-booter-3.0.0-M4.jar:3.0.0-M4]
	at org.apache.maven.surefire.booter.ForkedBooter.execute(ForkedBooter.java:138) [surefire-booter-3.0.0-M4.jar:3.0.0-M4]
	at org.apache.maven.surefire.booter.ForkedBooter.run(ForkedBooter.java:465) [surefire-booter-3.0.0-M4.jar:3.0.0-M4]
	at org.apache.maven.surefire.booter.ForkedBooter.main(ForkedBooter.java:451) [surefire-booter-3.0.0-M4.jar:3.0.0-M4]
Caused by: org.apache.hadoop.hive.metastore.api.MetaException: javax.jdo.JDODataStoreException: Exception thrown flushing changes to datastore
NestedThrowables:
java.sql.BatchUpdateException: DELETE on table 'DBS' caused a violation of foreign key constraint 'TBLS_FK1' for key (11).  The statement has been rolled back.
	at org.apache.hadoop.hive.metastore.api.ThriftHiveMetastore$drop_database_result$drop_database_resultStandardScheme.read(ThriftHiveMetastore.java:54495) ~[classes/:?]
	at org.apache.hadoop.hive.metastore.api.ThriftHiveMetastore$drop_database_result$drop_database_resultStandardScheme.read(ThriftHiveMetastore.java:54463) ~[classes/:?]
	at org.apache.hadoop.hive.metastore.api.ThriftHiveMetastore$drop_database_result.read(ThriftHiveMetastore.java:54397) ~[classes/:?]
	at org.apache.thrift.TServiceClient.receiveBase(TServiceClient.java:88) ~[libthrift-0.14.1.jar:0.14.1]
	at org.apache.hadoop.hive.metastore.api.ThriftHiveMetastore$Client.recv_drop_database(ThriftHiveMetastore.java:1404) ~[classes/:?]
	at org.apache.hadoop.hive.metastore.api.ThriftHiveMetastore$Client.drop_database(ThriftHiveMetastore.java:1389) ~[classes/:?]
	at org.apache.hadoop.hive.metastore.HiveMetaStoreClient.dropDatabaseCascadePerDb(HiveMetaStoreClient.java:1601) ~[classes/:?]
	at org.apache.hadoop.hive.metastore.HiveMetaStoreClient.dropDatabase(HiveMetaStoreClient.java:1532) ~[classes/:?]
	at org.apache.hadoop.hive.metastore.HiveMetaStoreClient.dropDatabase(HiveMetaStoreClient.java:1485) ~[classes/:?]
	at sun.reflect.GeneratedMethodAccessor326.invoke(Unknown Source) ~[?:?]
	at sun.reflect.DelegatingMethodAccessorImpl.invoke(DelegatingMethodAccessorImpl.java:43) ~[?:1.8.0_402]
	at java.lang.reflect.Method.invoke(Method.java:498) ~[?:1.8.0_402]
	at org.apache.hadoop.hive.metastore.RetryingMetaStoreClient.invoke(RetryingMetaStoreClient.java:214) ~[classes/:?]
	at com.sun.proxy.$Proxy35.dropDatabase(Unknown Source) ~[?:?]
	at org.apache.hive.hcatalog.api.HCatClientHMSImpl.dropDatabase(HCatClientHMSImpl.java:154) ~[classes/:?]
	... 42 more
]]></system-err>
  </testcase>
  <testcase name="testPartitionSchema" classname="org.apache.hive.hcatalog.api.TestHCatClient" time="72.973"/>
</testsuite>