<?xml version="1.0" encoding="UTF-8"?>
<testsuite xmlns:xsi="http://www.w3.org/2001/XMLSchema-instance" xsi:noNamespaceSchemaLocation="https://maven.apache.org/surefire/maven-surefire-plugin/xsd/surefire-test-report.xsd" name="org.springframework.cloud.kubernetes.configuration.watcher.ConfigurationWatcherConfigurationPropertiesTests" time="0.058" tests="1" errors="0" skipped="0" failures="0">
  <properties>
    <property name="awt.toolkit" value="sun.awt.X11.XToolkit"/>
    <property name="nondexStart" value="0"/>
    <property name="file.encoding.pkg" value="sun.io"/>
    <property name="java.specification.version" value="1.8"/>
    <property name="sun.cpu.isalist" value=""/>
    <property name="sun.jnu.encoding" value="UTF-8"/>
    <property name="java.class.path" value="/root/.m2/repository/org/apache/maven/surefire/surefire-booter/2.22.2/surefire-booter-2.22.2.jar:/root/.m2/repository/org/apache/maven/surefire/surefire-api/2.22.2/surefire-api-2.22.2.jar:/root/.m2/repository/org/apache/maven/surefire/surefire-logger-api/2.22.2/surefire-logger-api-2.22.2.jar:/home/alex/Repositories/spring-cloud-kubernetes/spring-cloud-kubernetes-controllers/spring-cloud-kubernetes-configuration-watcher/target/test-classes:/home/alex/Repositories/spring-cloud-kubernetes/spring-cloud-kubernetes-controllers/spring-cloud-kubernetes-configuration-watcher/target/classes:/home/alex/Repositories/spring-cloud-kubernetes/spring-cloud-starter-kubernetes-fabric8-config/target/classes:/home/alex/Repositories/spring-cloud-kubernetes/spring-cloud-kubernetes-commons/target/classes:/root/.m2/repository/org/springframework/boot/spring-boot-autoconfigure/2.6.3/spring-boot-autoconfigure-2.6.3.jar:/root/.m2/repository/org/springframework/cloud/spring-cloud-commons/3.1.1-SNAPSHOT/spring-cloud-commons-3.1.1-SNAPSHOT.jar:/root/.m2/repository/org/springframework/security/spring-security-crypto/5.6.1/spring-security-crypto-5.6.1.jar:/root/.m2/repository/org/springframework/cloud/spring-cloud-context/3.1.1-SNAPSHOT/spring-cloud-context-3.1.1-SNAPSHOT.jar:/root/.m2/repository/javax/annotation/javax.annotation-api/1.3.2/javax.annotation-api-1.3.2.jar:/home/alex/Repositories/spring-cloud-kubernetes/spring-cloud-kubernetes-fabric8-autoconfig/target/classes:/root/.m2/repository/io/fabric8/kubernetes-client/5.9.0/kubernetes-client-5.9.0.jar:/root/.m2/repository/io/fabric8/kubernetes-model-core/5.9.0/kubernetes-model-core-5.9.0.jar:/root/.m2/repository/io/fabric8/kubernetes-model-common/5.9.0/kubernetes-model-common-5.9.0.jar:/root/.m2/repository/io/fabric8/kubernetes-model-rbac/5.9.0/kubernetes-model-rbac-5.9.0.jar:/root/.m2/repository/io/fabric8/kubernetes-model-admissionregistration/5.9.0/kubernetes-model-admissionregistration-5.9.0.jar:/root/.m2/repository/io/fabric8/kubernetes-model-apps/5.9.0/kubernetes-model-apps-5.9.0.jar:/root/.m2/repository/io/fabric8/kubernetes-model-autoscaling/5.9.0/kubernetes-model-autoscaling-5.9.0.jar:/root/.m2/repository/io/fabric8/kubernetes-model-apiextensions/5.9.0/kubernetes-model-apiextensions-5.9.0.jar:/root/.m2/repository/io/fabric8/kubernetes-model-batch/5.9.0/kubernetes-model-batch-5.9.0.jar:/root/.m2/repository/io/fabric8/kubernetes-model-certificates/5.9.0/kubernetes-model-certificates-5.9.0.jar:/root/.m2/repository/io/fabric8/kubernetes-model-coordination/5.9.0/kubernetes-model-coordination-5.9.0.jar:/root/.m2/repository/io/fabric8/kubernetes-model-discovery/5.9.0/kubernetes-model-discovery-5.9.0.jar:/root/.m2/repository/io/fabric8/kubernetes-model-events/5.9.0/kubernetes-model-events-5.9.0.jar:/root/.m2/repository/io/fabric8/kubernetes-model-extensions/5.9.0/kubernetes-model-extensions-5.9.0.jar:/root/.m2/repository/io/fabric8/kubernetes-model-flowcontrol/5.9.0/kubernetes-model-flowcontrol-5.9.0.jar:/root/.m2/repository/io/fabric8/kubernetes-model-networking/5.9.0/kubernetes-model-networking-5.9.0.jar:/root/.m2/repository/io/fabric8/kubernetes-model-metrics/5.9.0/kubernetes-model-metrics-5.9.0.jar:/root/.m2/repository/io/fabric8/kubernetes-model-policy/5.9.0/kubernetes-model-policy-5.9.0.jar:/root/.m2/repository/io/fabric8/kubernetes-model-scheduling/5.9.0/kubernetes-model-scheduling-5.9.0.jar:/root/.m2/repository/io/fabric8/kubernetes-model-storageclass/5.9.0/kubernetes-model-storageclass-5.9.0.jar:/root/.m2/repository/io/fabric8/kubernetes-model-node/5.9.0/kubernetes-model-node-5.9.0.jar:/root/.m2/repository/com/squareup/okhttp3/okhttp/3.14.9/okhttp-3.14.9.jar:/root/.m2/repository/com/squareup/okio/okio/1.17.2/okio-1.17.2.jar:/root/.m2/repository/com/squareup/okhttp3/logging-interceptor/3.14.9/logging-interceptor-3.14.9.jar:/root/.m2/repository/com/fasterxml/jackson/dataformat/jackson-dataformat-yaml/2.13.1/jackson-dataformat-yaml-2.13.1.jar:/root/.m2/repository/io/fabric8/zjsonpatch/0.3.0/zjsonpatch-0.3.0.jar:/root/.m2/repository/com/github/mifmif/generex/1.0.2/generex-1.0.2.jar:/root/.m2/repository/dk/brics/automaton/automaton/1.11-8/automaton-1.11-8.jar:/home/alex/Repositories/spring-cloud-kubernetes/spring-cloud-kubernetes-fabric8-config/target/classes:/root/.m2/repository/org/springframework/cloud/spring-cloud-starter/3.1.1-SNAPSHOT/spring-cloud-starter-3.1.1-SNAPSHOT.jar:/root/.m2/repository/org/springframework/cloud/spring-cloud-starter-bootstrap/3.1.1-SNAPSHOT/spring-cloud-starter-bootstrap-3.1.1-SNAPSHOT.jar:/root/.m2/repository/org/springframework/security/spring-security-rsa/1.0.10.RELEASE/spring-security-rsa-1.0.10.RELEASE.jar:/root/.m2/repository/org/bouncycastle/bcpkix-jdk15on/1.68/bcpkix-jdk15on-1.68.jar:/root/.m2/repository/org/bouncycastle/bcprov-jdk15on/1.68/bcprov-jdk15on-1.68.jar:/home/alex/Repositories/spring-cloud-kubernetes/spring-cloud-starter-kubernetes-fabric8/target/classes:/home/alex/Repositories/spring-cloud-kubernetes/spring-cloud-kubernetes-fabric8-discovery/target/classes:/home/alex/Repositories/spring-cloud-kubernetes/spring-cloud-starter-kubernetes-fabric8-all/target/classes:/home/alex/Repositories/spring-cloud-kubernetes/spring-cloud-kubernetes-fabric8-loadbalancer/target/classes:/root/.m2/repository/org/springframework/cloud/spring-cloud-starter-loadbalancer/3.1.1-SNAPSHOT/spring-cloud-starter-loadbalancer-3.1.1-SNAPSHOT.jar:/root/.m2/repository/org/springframework/cloud/spring-cloud-loadbalancer/3.1.1-SNAPSHOT/spring-cloud-loadbalancer-3.1.1-SNAPSHOT.jar:/root/.m2/repository/io/projectreactor/addons/reactor-extra/3.4.6/reactor-extra-3.4.6.jar:/root/.m2/repository/org/springframework/boot/spring-boot-starter-cache/2.6.3/spring-boot-starter-cache-2.6.3.jar:/root/.m2/repository/org/springframework/spring-context-support/5.3.15/spring-context-support-5.3.15.jar:/root/.m2/repository/com/stoyanr/evictor/1.0.0/evictor-1.0.0.jar:/root/.m2/repository/commons-lang/commons-lang/2.6/commons-lang-2.6.jar:/root/.m2/repository/org/springframework/cloud/spring-cloud-starter-bus-amqp/3.1.1-SNAPSHOT/spring-cloud-starter-bus-amqp-3.1.1-SNAPSHOT.jar:/root/.m2/repository/org/springframework/cloud/spring-cloud-starter-stream-rabbit/3.2.3-SNAPSHOT/spring-cloud-starter-stream-rabbit-3.2.3-SNAPSHOT.jar:/root/.m2/repository/org/springframework/cloud/spring-cloud-stream-binder-rabbit/3.2.3-SNAPSHOT/spring-cloud-stream-binder-rabbit-3.2.3-SNAPSHOT.jar:/root/.m2/repository/org/springframework/cloud/spring-cloud-stream-binder-rabbit-core/3.2.3-SNAPSHOT/spring-cloud-stream-binder-rabbit-core-3.2.3-SNAPSHOT.jar:/root/.m2/repository/org/springframework/integration/spring-integration-amqp/5.5.8/spring-integration-amqp-5.5.8.jar:/root/.m2/repository/org/springframework/cloud/spring-cloud-stream/3.2.3-SNAPSHOT/spring-cloud-stream-3.2.3-SNAPSHOT.jar:/root/.m2/repository/org/springframework/boot/spring-boot-starter-validation/2.6.3/spring-boot-starter-validation-2.6.3.jar:/root/.m2/repository/org/apache/tomcat/embed/tomcat-embed-el/9.0.56/tomcat-embed-el-9.0.56.jar:/root/.m2/repository/org/hibernate/validator/hibernate-validator/6.2.0.Final/hibernate-validator-6.2.0.Final.jar:/root/.m2/repository/jakarta/validation/jakarta.validation-api/2.0.2/jakarta.validation-api-2.0.2.jar:/root/.m2/repository/org/jboss/logging/jboss-logging/3.4.3.Final/jboss-logging-3.4.3.Final.jar:/root/.m2/repository/com/fasterxml/classmate/1.5.1/classmate-1.5.1.jar:/root/.m2/repository/org/springframework/cloud/spring-cloud-function-context/3.2.3-SNAPSHOT/spring-cloud-function-context-3.2.3-SNAPSHOT.jar:/root/.m2/repository/net/jodah/typetools/0.6.2/typetools-0.6.2.jar:/root/.m2/repository/org/springframework/cloud/spring-cloud-function-core/3.2.3-SNAPSHOT/spring-cloud-function-core-3.2.3-SNAPSHOT.jar:/root/.m2/repository/org/springframework/boot/spring-boot-starter-amqp/2.6.3/spring-boot-starter-amqp-2.6.3.jar:/root/.m2/repository/org/springframework/integration/spring-integration-jmx/5.5.8/spring-integration-jmx-5.5.8.jar:/root/.m2/repository/org/springframework/cloud/spring-cloud-bus/3.1.1-SNAPSHOT/spring-cloud-bus-3.1.1-SNAPSHOT.jar:/root/.m2/repository/org/springframework/integration/spring-integration-core/5.5.8/spring-integration-core-5.5.8.jar:/root/.m2/repository/org/springframework/spring-aop/5.3.15/spring-aop-5.3.15.jar:/root/.m2/repository/org/springframework/retry/spring-retry/1.3.1/spring-retry-1.3.1.jar:/root/.m2/repository/org/springframework/cloud/spring-cloud-starter-bus-kafka/3.1.1-SNAPSHOT/spring-cloud-starter-bus-kafka-3.1.1-SNAPSHOT.jar:/root/.m2/repository/org/springframework/cloud/spring-cloud-starter-stream-kafka/3.2.3-SNAPSHOT/spring-cloud-starter-stream-kafka-3.2.3-SNAPSHOT.jar:/root/.m2/repository/org/springframework/cloud/spring-cloud-stream-binder-kafka/3.2.3-SNAPSHOT/spring-cloud-stream-binder-kafka-3.2.3-SNAPSHOT.jar:/root/.m2/repository/org/springframework/cloud/spring-cloud-stream-binder-kafka-core/3.2.3-SNAPSHOT/spring-cloud-stream-binder-kafka-core-3.2.3-SNAPSHOT.jar:/root/.m2/repository/org/springframework/integration/spring-integration-kafka/5.5.8/spring-integration-kafka-5.5.8.jar:/root/.m2/repository/org/apache/kafka/kafka-clients/3.0.0/kafka-clients-3.0.0.jar:/root/.m2/repository/com/github/luben/zstd-jni/1.5.0-2/zstd-jni-1.5.0-2.jar:/root/.m2/repository/org/lz4/lz4-java/1.7.1/lz4-java-1.7.1.jar:/root/.m2/repository/org/xerial/snappy/snappy-java/1.1.8.1/snappy-java-1.1.8.1.jar:/root/.m2/repository/org/springframework/kafka/spring-kafka/2.8.2/spring-kafka-2.8.2.jar:/root/.m2/repository/com/google/code/findbugs/jsr305/3.0.2/jsr305-3.0.2.jar:/root/.m2/repository/org/springframework/boot/spring-boot-starter-actuator/2.6.3/spring-boot-starter-actuator-2.6.3.jar:/root/.m2/repository/org/springframework/boot/spring-boot-starter/2.6.3/spring-boot-starter-2.6.3.jar:/root/.m2/repository/org/springframework/boot/spring-boot/2.6.3/spring-boot-2.6.3.jar:/root/.m2/repository/org/springframework/boot/spring-boot-starter-logging/2.6.3/spring-boot-starter-logging-2.6.3.jar:/root/.m2/repository/ch/qos/logback/logback-classic/1.2.10/logback-classic-1.2.10.jar:/root/.m2/repository/ch/qos/logback/logback-core/1.2.10/logback-core-1.2.10.jar:/root/.m2/repository/org/apache/logging/log4j/log4j-to-slf4j/2.17.1/log4j-to-slf4j-2.17.1.jar:/root/.m2/repository/org/apache/logging/log4j/log4j-api/2.17.1/log4j-api-2.17.1.jar:/root/.m2/repository/org/slf4j/jul-to-slf4j/1.7.33/jul-to-slf4j-1.7.33.jar:/root/.m2/repository/jakarta/annotation/jakarta.annotation-api/1.3.5/jakarta.annotation-api-1.3.5.jar:/root/.m2/repository/org/yaml/snakeyaml/1.29/snakeyaml-1.29.jar:/root/.m2/repository/org/springframework/boot/spring-boot-actuator-autoconfigure/2.6.3/spring-boot-actuator-autoconfigure-2.6.3.jar:/root/.m2/repository/org/springframework/boot/spring-boot-actuator/2.6.3/spring-boot-actuator-2.6.3.jar:/root/.m2/repository/com/fasterxml/jackson/core/jackson-databind/2.13.1/jackson-databind-2.13.1.jar:/root/.m2/repository/com/fasterxml/jackson/core/jackson-annotations/2.13.1/jackson-annotations-2.13.1.jar:/root/.m2/repository/com/fasterxml/jackson/core/jackson-core/2.13.1/jackson-core-2.13.1.jar:/root/.m2/repository/com/fasterxml/jackson/datatype/jackson-datatype-jsr310/2.13.1/jackson-datatype-jsr310-2.13.1.jar:/root/.m2/repository/io/micrometer/micrometer-core/1.8.2/micrometer-core-1.8.2.jar:/root/.m2/repository/org/hdrhistogram/HdrHistogram/2.1.12/HdrHistogram-2.1.12.jar:/root/.m2/repository/org/latencyutils/LatencyUtils/2.0.3/LatencyUtils-2.0.3.jar:/root/.m2/repository/org/springframework/boot/spring-boot-starter-webflux/2.6.3/spring-boot-starter-webflux-2.6.3.jar:/root/.m2/repository/org/springframework/boot/spring-boot-starter-json/2.6.3/spring-boot-starter-json-2.6.3.jar:/root/.m2/repository/com/fasterxml/jackson/datatype/jackson-datatype-jdk8/2.13.1/jackson-datatype-jdk8-2.13.1.jar:/root/.m2/repository/com/fasterxml/jackson/module/jackson-module-parameter-names/2.13.1/jackson-module-parameter-names-2.13.1.jar:/root/.m2/repository/org/springframework/boot/spring-boot-starter-reactor-netty/2.6.3/spring-boot-starter-reactor-netty-2.6.3.jar:/root/.m2/repository/io/projectreactor/netty/reactor-netty-http/1.0.15/reactor-netty-http-1.0.15.jar:/root/.m2/repository/io/netty/netty-codec-http/4.1.73.Final/netty-codec-http-4.1.73.Final.jar:/root/.m2/repository/io/netty/netty-common/4.1.73.Final/netty-common-4.1.73.Final.jar:/root/.m2/repository/io/netty/netty-buffer/4.1.73.Final/netty-buffer-4.1.73.Final.jar:/root/.m2/repository/io/netty/netty-transport/4.1.73.Final/netty-transport-4.1.73.Final.jar:/root/.m2/repository/io/netty/netty-codec/4.1.73.Final/netty-codec-4.1.73.Final.jar:/root/.m2/repository/io/netty/netty-handler/4.1.73.Final/netty-handler-4.1.73.Final.jar:/root/.m2/repository/io/netty/netty-tcnative-classes/2.0.46.Final/netty-tcnative-classes-2.0.46.Final.jar:/root/.m2/repository/io/netty/netty-codec-http2/4.1.73.Final/netty-codec-http2-4.1.73.Final.jar:/root/.m2/repository/io/netty/netty-resolver-dns/4.1.73.Final/netty-resolver-dns-4.1.73.Final.jar:/root/.m2/repository/io/netty/netty-resolver/4.1.73.Final/netty-resolver-4.1.73.Final.jar:/root/.m2/repository/io/netty/netty-codec-dns/4.1.73.Final/netty-codec-dns-4.1.73.Final.jar:/root/.m2/repository/io/netty/netty-resolver-dns-native-macos/4.1.73.Final/netty-resolver-dns-native-macos-4.1.73.Final-osx-x86_64.jar:/root/.m2/repository/io/netty/netty-resolver-dns-classes-macos/4.1.73.Final/netty-resolver-dns-classes-macos-4.1.73.Final.jar:/root/.m2/repository/io/netty/netty-transport-native-epoll/4.1.73.Final/netty-transport-native-epoll-4.1.73.Final-linux-x86_64.jar:/root/.m2/repository/io/netty/netty-transport-native-unix-common/4.1.73.Final/netty-transport-native-unix-common-4.1.73.Final.jar:/root/.m2/repository/io/netty/netty-transport-classes-epoll/4.1.73.Final/netty-transport-classes-epoll-4.1.73.Final.jar:/root/.m2/repository/io/projectreactor/netty/reactor-netty-core/1.0.15/reactor-netty-core-1.0.15.jar:/root/.m2/repository/io/netty/netty-handler-proxy/4.1.73.Final/netty-handler-proxy-4.1.73.Final.jar:/root/.m2/repository/io/netty/netty-codec-socks/4.1.73.Final/netty-codec-socks-4.1.73.Final.jar:/root/.m2/repository/org/springframework/spring-web/5.3.15/spring-web-5.3.15.jar:/root/.m2/repository/org/springframework/spring-beans/5.3.15/spring-beans-5.3.15.jar:/root/.m2/repository/org/springframework/spring-webflux/5.3.15/spring-webflux-5.3.15.jar:/root/.m2/repository/org/springframework/boot/spring-boot-starter-test/2.6.3/spring-boot-starter-test-2.6.3.jar:/root/.m2/repository/org/springframework/boot/spring-boot-test/2.6.3/spring-boot-test-2.6.3.jar:/root/.m2/repository/org/springframework/boot/spring-boot-test-autoconfigure/2.6.3/spring-boot-test-autoconfigure-2.6.3.jar:/root/.m2/repository/com/jayway/jsonpath/json-path/2.6.0/json-path-2.6.0.jar:/root/.m2/repository/net/minidev/json-smart/2.4.7/json-smart-2.4.7.jar:/root/.m2/repository/net/minidev/accessors-smart/2.4.7/accessors-smart-2.4.7.jar:/root/.m2/repository/org/ow2/asm/asm/9.1/asm-9.1.jar:/root/.m2/repository/org/slf4j/slf4j-api/1.7.33/slf4j-api-1.7.33.jar:/root/.m2/repository/jakarta/xml/bind/jakarta.xml.bind-api/2.3.3/jakarta.xml.bind-api-2.3.3.jar:/root/.m2/repository/jakarta/activation/jakarta.activation-api/1.2.2/jakarta.activation-api-1.2.2.jar:/root/.m2/repository/org/assertj/assertj-core/3.21.0/assertj-core-3.21.0.jar:/root/.m2/repository/org/hamcrest/hamcrest/2.2/hamcrest-2.2.jar:/root/.m2/repository/org/junit/jupiter/junit-jupiter/5.8.2/junit-jupiter-5.8.2.jar:/root/.m2/repository/org/junit/jupiter/junit-jupiter-api/5.8.2/junit-jupiter-api-5.8.2.jar:/root/.m2/repository/org/junit/jupiter/junit-jupiter-params/5.8.2/junit-jupiter-params-5.8.2.jar:/root/.m2/repository/org/junit/jupiter/junit-jupiter-engine/5.8.2/junit-jupiter-engine-5.8.2.jar:/root/.m2/repository/org/mockito/mockito-core/4.0.0/mockito-core-4.0.0.jar:/root/.m2/repository/net/bytebuddy/byte-buddy/1.11.22/byte-buddy-1.11.22.jar:/root/.m2/repository/net/bytebuddy/byte-buddy-agent/1.11.22/byte-buddy-agent-1.11.22.jar:/root/.m2/repository/org/objenesis/objenesis/3.2/objenesis-3.2.jar:/root/.m2/repository/org/mockito/mockito-junit-jupiter/4.0.0/mockito-junit-jupiter-4.0.0.jar:/root/.m2/repository/org/skyscreamer/jsonassert/1.5.0/jsonassert-1.5.0.jar:/root/.m2/repository/com/vaadin/external/google/android-json/0.0.20131108.vaadin1/android-json-0.0.20131108.vaadin1.jar:/root/.m2/repository/org/springframework/spring-core/5.3.15/spring-core-5.3.15.jar:/root/.m2/repository/org/springframework/spring-jcl/5.3.15/spring-jcl-5.3.15.jar:/root/.m2/repository/org/springframework/spring-test/5.3.15/spring-test-5.3.15.jar:/root/.m2/repository/org/xmlunit/xmlunit-core/2.8.4/xmlunit-core-2.8.4.jar:/root/.m2/repository/org/springframework/cloud/spring-cloud-starter-contract-stub-runner/3.1.1-SNAPSHOT/spring-cloud-starter-contract-stub-runner-3.1.1-SNAPSHOT.jar:/root/.m2/repository/org/springframework/cloud/spring-cloud-contract-stub-runner/3.1.1-SNAPSHOT/spring-cloud-contract-stub-runner-3.1.1-SNAPSHOT.jar:/root/.m2/repository/org/springframework/cloud/spring-cloud-contract-verifier/3.1.1-SNAPSHOT/spring-cloud-contract-verifier-3.1.1-SNAPSHOT.jar:/root/.m2/repository/org/apache/commons/commons-text/1.9/commons-text-1.9.jar:/root/.m2/repository/org/apache/commons/commons-lang3/3.12.0/commons-lang3-3.12.0.jar:/root/.m2/repository/javax/inject/javax.inject/1/javax.inject-1.jar:/root/.m2/repository/com/toomuchcoding/jsonassert/jsonassert/0.6.1/jsonassert-0.6.1.jar:/root/.m2/repository/com/rackspace/eclipse/webtools/sourceediting/org.eclipse.wst.xml.xpath2.processor/2.1.100/org.eclipse.wst.xml.xpath2.processor-2.1.100.jar:/root/.m2/repository/edu/princeton/cup/java-cup/10k/java-cup-10k.jar:/root/.m2/repository/com/ibm/icu/icu4j/4.6/icu4j-4.6.jar:/root/.m2/repository/org/codehaus/groovy/groovy/3.0.9/groovy-3.0.9.jar:/root/.m2/repository/org/codehaus/groovy/groovy-nio/3.0.9/groovy-nio-3.0.9.jar:/root/.m2/repository/org/codehaus/groovy/groovy-json/3.0.9/groovy-json-3.0.9.jar:/root/.m2/repository/org/codehaus/groovy/groovy-xml/3.0.9/groovy-xml-3.0.9.jar:/root/.m2/repository/com/github/jknack/handlebars/4.2.0/handlebars-4.2.0.jar:/root/.m2/repository/commons-beanutils/commons-beanutils/1.9.4/commons-beanutils-1.9.4.jar:/root/.m2/repository/commons-logging/commons-logging/1.2/commons-logging-1.2.jar:/root/.m2/repository/commons-collections/commons-collections/3.2.2/commons-collections-3.2.2.jar:/root/.m2/repository/net/javacrumbs/json-unit/json-unit-assertj/2.27.0/json-unit-assertj-2.27.0.jar:/root/.m2/repository/net/javacrumbs/json-unit/json-unit-core/2.27.0/json-unit-core-2.27.0.jar:/root/.m2/repository/net/javacrumbs/json-unit/json-unit-json-path/2.27.0/json-unit-json-path-2.27.0.jar:/root/.m2/repository/org/springframework/cloud/spring-cloud-function-compiler/3.0.6.RELEASE/spring-cloud-function-compiler-3.0.6.RELEASE.jar:/root/.m2/repository/org/eclipse/jdt/core/compiler/ecj/4.4.2/ecj-4.4.2.jar:/root/.m2/repository/org/springframework/cloud/spring-cloud-contract-shade/3.1.1-SNAPSHOT/spring-cloud-contract-shade-3.1.1-SNAPSHOT.jar:/root/.m2/repository/org/springframework/cloud/spring-cloud-contract-converters/3.1.1-SNAPSHOT/spring-cloud-contract-converters-3.1.1-SNAPSHOT.jar:/root/.m2/repository/org/springframework/cloud/spring-cloud-contract-spec/3.1.1-SNAPSHOT/spring-cloud-contract-spec-3.1.1-SNAPSHOT.jar:/root/.m2/repository/org/springframework/cloud/spring-cloud-contract-spec-java/3.1.1-SNAPSHOT/spring-cloud-contract-spec-java-3.1.1-SNAPSHOT.jar:/root/.m2/repository/org/springframework/cloud/spring-cloud-contract-spec-groovy/3.1.1-SNAPSHOT/spring-cloud-contract-spec-groovy-3.1.1-SNAPSHOT.jar:/root/.m2/repository/org/eclipse/jgit/org.eclipse.jgit/5.12.0.202106070339-r/org.eclipse.jgit-5.12.0.202106070339-r.jar:/root/.m2/repository/com/googlecode/javaewah/JavaEWAH/1.1.7/JavaEWAH-1.1.7.jar:/root/.m2/repository/org/eclipse/jgit/org.eclipse.jgit.ssh.jsch/5.12.0.202106070339-r/org.eclipse.jgit.ssh.jsch-5.12.0.202106070339-r.jar:/root/.m2/repository/com/jcraft/jsch/0.1.55/jsch-0.1.55.jar:/root/.m2/repository/com/jcraft/jzlib/1.1.1/jzlib-1.1.1.jar:/root/.m2/repository/com/jcraft/jsch.agentproxy.sshagent/0.0.9/jsch.agentproxy.sshagent-0.0.9.jar:/root/.m2/repository/com/jcraft/jsch.agentproxy.core/0.0.9/jsch.agentproxy.core-0.0.9.jar:/root/.m2/repository/com/jcraft/jsch.agentproxy.jsch/0.0.9/jsch.agentproxy.jsch-0.0.9.jar:/root/.m2/repository/com/jcraft/jsch.agentproxy.usocket-jna/0.0.9/jsch.agentproxy.usocket-jna-0.0.9.jar:/root/.m2/repository/net/java/dev/jna/jna/4.1.0/jna-4.1.0.jar:/root/.m2/repository/net/java/dev/jna/jna-platform/4.1.0/jna-platform-4.1.0.jar:/root/.m2/repository/org/springframework/cloud/spring-cloud-contract-wiremock/3.1.1-SNAPSHOT/spring-cloud-contract-wiremock-3.1.1-SNAPSHOT.jar:/root/.m2/repository/com/github/tomakehurst/wiremock-jre8-standalone/2.31.0/wiremock-jre8-standalone-2.31.0.jar:/root/.m2/repository/org/apache/httpcomponents/httpclient/4.5.13/httpclient-4.5.13.jar:/root/.m2/repository/org/apache/httpcomponents/httpcore/4.4.15/httpcore-4.4.15.jar:/root/.m2/repository/commons-codec/commons-codec/1.15/commons-codec-1.15.jar:/root/.m2/repository/org/apache/maven/resolver/maven-resolver-api/1.4.1/maven-resolver-api-1.4.1.jar:/root/.m2/repository/org/sonatype/sisu/sisu-inject-plexus/2.6.0/sisu-inject-plexus-2.6.0.jar:/root/.m2/repository/org/codehaus/plexus/plexus-component-annotations/1.5.5/plexus-component-annotations-1.5.5.jar:/root/.m2/repository/org/codehaus/plexus/plexus-classworlds/2.5.2/plexus-classworlds-2.5.2.jar:/root/.m2/repository/org/codehaus/plexus/plexus-utils/3.0.18/plexus-utils-3.0.18.jar:/root/.m2/repository/org/sonatype/sisu/sisu-inject-bean/2.6.0/sisu-inject-bean-2.6.0.jar:/root/.m2/repository/javax/enterprise/cdi-api/1.0/cdi-api-1.0.jar:/root/.m2/repository/javax/annotation/jsr250-api/1.0/jsr250-api-1.0.jar:/root/.m2/repository/org/sonatype/sisu/sisu-guice/3.2.5/sisu-guice-3.2.5-no_aop.jar:/root/.m2/repository/com/google/guava/guava/16.0.1/guava-16.0.1.jar:/root/.m2/repository/org/eclipse/sisu/org.eclipse.sisu.inject/0.3.0/org.eclipse.sisu.inject-0.3.0.jar:/root/.m2/repository/org/eclipse/sisu/org.eclipse.sisu.plexus/0.3.0/org.eclipse.sisu.plexus-0.3.0.jar:/root/.m2/repository/io/projectreactor/reactor-test/3.4.14/reactor-test-3.4.14.jar:/root/.m2/repository/io/projectreactor/reactor-core/3.4.14/reactor-core-3.4.14.jar:/root/.m2/repository/org/reactivestreams/reactive-streams/1.0.3/reactive-streams-1.0.3.jar:/root/.m2/repository/org/springframework/amqp/spring-rabbit-test/2.4.2/spring-rabbit-test-2.4.2.jar:/root/.m2/repository/org/springframework/amqp/spring-rabbit/2.4.2/spring-rabbit-2.4.2.jar:/root/.m2/repository/org/springframework/amqp/spring-amqp/2.4.2/spring-amqp-2.4.2.jar:/root/.m2/repository/com/rabbitmq/amqp-client/5.13.1/amqp-client-5.13.1.jar:/root/.m2/repository/org/springframework/spring-context/5.3.15/spring-context-5.3.15.jar:/root/.m2/repository/org/springframework/spring-expression/5.3.15/spring-expression-5.3.15.jar:/root/.m2/repository/org/springframework/spring-messaging/5.3.15/spring-messaging-5.3.15.jar:/root/.m2/repository/org/springframework/spring-tx/5.3.15/spring-tx-5.3.15.jar:/root/.m2/repository/org/springframework/amqp/spring-rabbit-junit/2.4.2/spring-rabbit-junit-2.4.2.jar:/root/.m2/repository/com/rabbitmq/http-client/3.12.1/http-client-3.12.1.jar:/root/.m2/repository/org/hamcrest/hamcrest-library/2.2/hamcrest-library-2.2.jar:/root/.m2/repository/org/hamcrest/hamcrest-core/2.2/hamcrest-core-2.2.jar:/root/.m2/repository/org/junit/vintage/junit-vintage-engine/5.8.2/junit-vintage-engine-5.8.2.jar:/root/.m2/repository/org/junit/platform/junit-platform-engine/1.8.2/junit-platform-engine-1.8.2.jar:/root/.m2/repository/org/opentest4j/opentest4j/1.2.0/opentest4j-1.2.0.jar:/root/.m2/repository/org/junit/platform/junit-platform-commons/1.8.2/junit-platform-commons-1.8.2.jar:/root/.m2/repository/junit/junit/4.13.2/junit-4.13.2.jar:/root/.m2/repository/org/apiguardian/apiguardian-api/1.1.2/apiguardian-api-1.1.2.jar:/root/.m2/repository/org/apache/maven/surefire/surefire-junit-platform/2.22.2/surefire-junit-platform-2.22.2.jar:/root/.m2/repository/org/junit/platform/junit-platform-launcher/1.3.1/junit-platform-launcher-1.3.1.jar"/>
    <property name="java.vm.vendor" value="Private Build"/>
    <property name="nondexPrintstack" value="false"/>
    <property name="sun.arch.data.model" value="64"/>
    <property name="java.vendor.url" value="http://java.oracle.com/"/>
    <property name="user.timezone" value=""/>
    <property name="user.country.format" value="PT"/>
    <property name="os.name" value="Linux"/>
    <property name="java.vm.specification.version" value="1.8"/>
    <property name="sun.java.launcher" value="SUN_STANDARD"/>
    <property name="user.country" value="US"/>
    <property name="sun.boot.library.path" value="/usr/lib/jvm/java-8-openjdk-amd64/jre/lib/amd64"/>
    <property name="nondexLogging" value="CONFIG"/>
    <property name="sun.java.command" value="org.apache.maven.surefire.booter.ForkedBooter /home/alex/Repositories/spring-cloud-kubernetes/spring-cloud-kubernetes-controllers/spring-cloud-kubernetes-configuration-watcher/target/surefire 2024-04-25T15-26-06_163-jvmRun1 surefire4010445262381187215tmp surefire_4562782791374780238404tmp"/>
    <property name="surefire.test.class.path" value="/home/alex/Repositories/spring-cloud-kubernetes/spring-cloud-kubernetes-controllers/spring-cloud-kubernetes-configuration-watcher/target/test-classes:/home/alex/Repositories/spring-cloud-kubernetes/spring-cloud-kubernetes-controllers/spring-cloud-kubernetes-configuration-watcher/target/classes:/home/alex/Repositories/spring-cloud-kubernetes/spring-cloud-starter-kubernetes-fabric8-config/target/classes:/home/alex/Repositories/spring-cloud-kubernetes/spring-cloud-kubernetes-commons/target/classes:/root/.m2/repository/org/springframework/boot/spring-boot-autoconfigure/2.6.3/spring-boot-autoconfigure-2.6.3.jar:/root/.m2/repository/org/springframework/cloud/spring-cloud-commons/3.1.1-SNAPSHOT/spring-cloud-commons-3.1.1-SNAPSHOT.jar:/root/.m2/repository/org/springframework/security/spring-security-crypto/5.6.1/spring-security-crypto-5.6.1.jar:/root/.m2/repository/org/springframework/cloud/spring-cloud-context/3.1.1-SNAPSHOT/spring-cloud-context-3.1.1-SNAPSHOT.jar:/root/.m2/repository/javax/annotation/javax.annotation-api/1.3.2/javax.annotation-api-1.3.2.jar:/home/alex/Repositories/spring-cloud-kubernetes/spring-cloud-kubernetes-fabric8-autoconfig/target/classes:/root/.m2/repository/io/fabric8/kubernetes-client/5.9.0/kubernetes-client-5.9.0.jar:/root/.m2/repository/io/fabric8/kubernetes-model-core/5.9.0/kubernetes-model-core-5.9.0.jar:/root/.m2/repository/io/fabric8/kubernetes-model-common/5.9.0/kubernetes-model-common-5.9.0.jar:/root/.m2/repository/io/fabric8/kubernetes-model-rbac/5.9.0/kubernetes-model-rbac-5.9.0.jar:/root/.m2/repository/io/fabric8/kubernetes-model-admissionregistration/5.9.0/kubernetes-model-admissionregistration-5.9.0.jar:/root/.m2/repository/io/fabric8/kubernetes-model-apps/5.9.0/kubernetes-model-apps-5.9.0.jar:/root/.m2/repository/io/fabric8/kubernetes-model-autoscaling/5.9.0/kubernetes-model-autoscaling-5.9.0.jar:/root/.m2/repository/io/fabric8/kubernetes-model-apiextensions/5.9.0/kubernetes-model-apiextensions-5.9.0.jar:/root/.m2/repository/io/fabric8/kubernetes-model-batch/5.9.0/kubernetes-model-batch-5.9.0.jar:/root/.m2/repository/io/fabric8/kubernetes-model-certificates/5.9.0/kubernetes-model-certificates-5.9.0.jar:/root/.m2/repository/io/fabric8/kubernetes-model-coordination/5.9.0/kubernetes-model-coordination-5.9.0.jar:/root/.m2/repository/io/fabric8/kubernetes-model-discovery/5.9.0/kubernetes-model-discovery-5.9.0.jar:/root/.m2/repository/io/fabric8/kubernetes-model-events/5.9.0/kubernetes-model-events-5.9.0.jar:/root/.m2/repository/io/fabric8/kubernetes-model-extensions/5.9.0/kubernetes-model-extensions-5.9.0.jar:/root/.m2/repository/io/fabric8/kubernetes-model-flowcontrol/5.9.0/kubernetes-model-flowcontrol-5.9.0.jar:/root/.m2/repository/io/fabric8/kubernetes-model-networking/5.9.0/kubernetes-model-networking-5.9.0.jar:/root/.m2/repository/io/fabric8/kubernetes-model-metrics/5.9.0/kubernetes-model-metrics-5.9.0.jar:/root/.m2/repository/io/fabric8/kubernetes-model-policy/5.9.0/kubernetes-model-policy-5.9.0.jar:/root/.m2/repository/io/fabric8/kubernetes-model-scheduling/5.9.0/kubernetes-model-scheduling-5.9.0.jar:/root/.m2/repository/io/fabric8/kubernetes-model-storageclass/5.9.0/kubernetes-model-storageclass-5.9.0.jar:/root/.m2/repository/io/fabric8/kubernetes-model-node/5.9.0/kubernetes-model-node-5.9.0.jar:/root/.m2/repository/com/squareup/okhttp3/okhttp/3.14.9/okhttp-3.14.9.jar:/root/.m2/repository/com/squareup/okio/okio/1.17.2/okio-1.17.2.jar:/root/.m2/repository/com/squareup/okhttp3/logging-interceptor/3.14.9/logging-interceptor-3.14.9.jar:/root/.m2/repository/com/fasterxml/jackson/dataformat/jackson-dataformat-yaml/2.13.1/jackson-dataformat-yaml-2.13.1.jar:/root/.m2/repository/io/fabric8/zjsonpatch/0.3.0/zjsonpatch-0.3.0.jar:/root/.m2/repository/com/github/mifmif/generex/1.0.2/generex-1.0.2.jar:/root/.m2/repository/dk/brics/automaton/automaton/1.11-8/automaton-1.11-8.jar:/home/alex/Repositories/spring-cloud-kubernetes/spring-cloud-kubernetes-fabric8-config/target/classes:/root/.m2/repository/org/springframework/cloud/spring-cloud-starter/3.1.1-SNAPSHOT/spring-cloud-starter-3.1.1-SNAPSHOT.jar:/root/.m2/repository/org/springframework/cloud/spring-cloud-starter-bootstrap/3.1.1-SNAPSHOT/spring-cloud-starter-bootstrap-3.1.1-SNAPSHOT.jar:/root/.m2/repository/org/springframework/security/spring-security-rsa/1.0.10.RELEASE/spring-security-rsa-1.0.10.RELEASE.jar:/root/.m2/repository/org/bouncycastle/bcpkix-jdk15on/1.68/bcpkix-jdk15on-1.68.jar:/root/.m2/repository/org/bouncycastle/bcprov-jdk15on/1.68/bcprov-jdk15on-1.68.jar:/home/alex/Repositories/spring-cloud-kubernetes/spring-cloud-starter-kubernetes-fabric8/target/classes:/home/alex/Repositories/spring-cloud-kubernetes/spring-cloud-kubernetes-fabric8-discovery/target/classes:/home/alex/Repositories/spring-cloud-kubernetes/spring-cloud-starter-kubernetes-fabric8-all/target/classes:/home/alex/Repositories/spring-cloud-kubernetes/spring-cloud-kubernetes-fabric8-loadbalancer/target/classes:/root/.m2/repository/org/springframework/cloud/spring-cloud-starter-loadbalancer/3.1.1-SNAPSHOT/spring-cloud-starter-loadbalancer-3.1.1-SNAPSHOT.jar:/root/.m2/repository/org/springframework/cloud/spring-cloud-loadbalancer/3.1.1-SNAPSHOT/spring-cloud-loadbalancer-3.1.1-SNAPSHOT.jar:/root/.m2/repository/io/projectreactor/addons/reactor-extra/3.4.6/reactor-extra-3.4.6.jar:/root/.m2/repository/org/springframework/boot/spring-boot-starter-cache/2.6.3/spring-boot-starter-cache-2.6.3.jar:/root/.m2/repository/org/springframework/spring-context-support/5.3.15/spring-context-support-5.3.15.jar:/root/.m2/repository/com/stoyanr/evictor/1.0.0/evictor-1.0.0.jar:/root/.m2/repository/commons-lang/commons-lang/2.6/commons-lang-2.6.jar:/root/.m2/repository/org/springframework/cloud/spring-cloud-starter-bus-amqp/3.1.1-SNAPSHOT/spring-cloud-starter-bus-amqp-3.1.1-SNAPSHOT.jar:/root/.m2/repository/org/springframework/cloud/spring-cloud-starter-stream-rabbit/3.2.3-SNAPSHOT/spring-cloud-starter-stream-rabbit-3.2.3-SNAPSHOT.jar:/root/.m2/repository/org/springframework/cloud/spring-cloud-stream-binder-rabbit/3.2.3-SNAPSHOT/spring-cloud-stream-binder-rabbit-3.2.3-SNAPSHOT.jar:/root/.m2/repository/org/springframework/cloud/spring-cloud-stream-binder-rabbit-core/3.2.3-SNAPSHOT/spring-cloud-stream-binder-rabbit-core-3.2.3-SNAPSHOT.jar:/root/.m2/repository/org/springframework/integration/spring-integration-amqp/5.5.8/spring-integration-amqp-5.5.8.jar:/root/.m2/repository/org/springframework/cloud/spring-cloud-stream/3.2.3-SNAPSHOT/spring-cloud-stream-3.2.3-SNAPSHOT.jar:/root/.m2/repository/org/springframework/boot/spring-boot-starter-validation/2.6.3/spring-boot-starter-validation-2.6.3.jar:/root/.m2/repository/org/apache/tomcat/embed/tomcat-embed-el/9.0.56/tomcat-embed-el-9.0.56.jar:/root/.m2/repository/org/hibernate/validator/hibernate-validator/6.2.0.Final/hibernate-validator-6.2.0.Final.jar:/root/.m2/repository/jakarta/validation/jakarta.validation-api/2.0.2/jakarta.validation-api-2.0.2.jar:/root/.m2/repository/org/jboss/logging/jboss-logging/3.4.3.Final/jboss-logging-3.4.3.Final.jar:/root/.m2/repository/com/fasterxml/classmate/1.5.1/classmate-1.5.1.jar:/root/.m2/repository/org/springframework/cloud/spring-cloud-function-context/3.2.3-SNAPSHOT/spring-cloud-function-context-3.2.3-SNAPSHOT.jar:/root/.m2/repository/net/jodah/typetools/0.6.2/typetools-0.6.2.jar:/root/.m2/repository/org/springframework/cloud/spring-cloud-function-core/3.2.3-SNAPSHOT/spring-cloud-function-core-3.2.3-SNAPSHOT.jar:/root/.m2/repository/org/springframework/boot/spring-boot-starter-amqp/2.6.3/spring-boot-starter-amqp-2.6.3.jar:/root/.m2/repository/org/springframework/integration/spring-integration-jmx/5.5.8/spring-integration-jmx-5.5.8.jar:/root/.m2/repository/org/springframework/cloud/spring-cloud-bus/3.1.1-SNAPSHOT/spring-cloud-bus-3.1.1-SNAPSHOT.jar:/root/.m2/repository/org/springframework/integration/spring-integration-core/5.5.8/spring-integration-core-5.5.8.jar:/root/.m2/repository/org/springframework/spring-aop/5.3.15/spring-aop-5.3.15.jar:/root/.m2/repository/org/springframework/retry/spring-retry/1.3.1/spring-retry-1.3.1.jar:/root/.m2/repository/org/springframework/cloud/spring-cloud-starter-bus-kafka/3.1.1-SNAPSHOT/spring-cloud-starter-bus-kafka-3.1.1-SNAPSHOT.jar:/root/.m2/repository/org/springframework/cloud/spring-cloud-starter-stream-kafka/3.2.3-SNAPSHOT/spring-cloud-starter-stream-kafka-3.2.3-SNAPSHOT.jar:/root/.m2/repository/org/springframework/cloud/spring-cloud-stream-binder-kafka/3.2.3-SNAPSHOT/spring-cloud-stream-binder-kafka-3.2.3-SNAPSHOT.jar:/root/.m2/repository/org/springframework/cloud/spring-cloud-stream-binder-kafka-core/3.2.3-SNAPSHOT/spring-cloud-stream-binder-kafka-core-3.2.3-SNAPSHOT.jar:/root/.m2/repository/org/springframework/integration/spring-integration-kafka/5.5.8/spring-integration-kafka-5.5.8.jar:/root/.m2/repository/org/apache/kafka/kafka-clients/3.0.0/kafka-clients-3.0.0.jar:/root/.m2/repository/com/github/luben/zstd-jni/1.5.0-2/zstd-jni-1.5.0-2.jar:/root/.m2/repository/org/lz4/lz4-java/1.7.1/lz4-java-1.7.1.jar:/root/.m2/repository/org/xerial/snappy/snappy-java/1.1.8.1/snappy-java-1.1.8.1.jar:/root/.m2/repository/org/springframework/kafka/spring-kafka/2.8.2/spring-kafka-2.8.2.jar:/root/.m2/repository/com/google/code/findbugs/jsr305/3.0.2/jsr305-3.0.2.jar:/root/.m2/repository/org/springframework/boot/spring-boot-starter-actuator/2.6.3/spring-boot-starter-actuator-2.6.3.jar:/root/.m2/repository/org/springframework/boot/spring-boot-starter/2.6.3/spring-boot-starter-2.6.3.jar:/root/.m2/repository/org/springframework/boot/spring-boot/2.6.3/spring-boot-2.6.3.jar:/root/.m2/repository/org/springframework/boot/spring-boot-starter-logging/2.6.3/spring-boot-starter-logging-2.6.3.jar:/root/.m2/repository/ch/qos/logback/logback-classic/1.2.10/logback-classic-1.2.10.jar:/root/.m2/repository/ch/qos/logback/logback-core/1.2.10/logback-core-1.2.10.jar:/root/.m2/repository/org/apache/logging/log4j/log4j-to-slf4j/2.17.1/log4j-to-slf4j-2.17.1.jar:/root/.m2/repository/org/apache/logging/log4j/log4j-api/2.17.1/log4j-api-2.17.1.jar:/root/.m2/repository/org/slf4j/jul-to-slf4j/1.7.33/jul-to-slf4j-1.7.33.jar:/root/.m2/repository/jakarta/annotation/jakarta.annotation-api/1.3.5/jakarta.annotation-api-1.3.5.jar:/root/.m2/repository/org/yaml/snakeyaml/1.29/snakeyaml-1.29.jar:/root/.m2/repository/org/springframework/boot/spring-boot-actuator-autoconfigure/2.6.3/spring-boot-actuator-autoconfigure-2.6.3.jar:/root/.m2/repository/org/springframework/boot/spring-boot-actuator/2.6.3/spring-boot-actuator-2.6.3.jar:/root/.m2/repository/com/fasterxml/jackson/core/jackson-databind/2.13.1/jackson-databind-2.13.1.jar:/root/.m2/repository/com/fasterxml/jackson/core/jackson-annotations/2.13.1/jackson-annotations-2.13.1.jar:/root/.m2/repository/com/fasterxml/jackson/core/jackson-core/2.13.1/jackson-core-2.13.1.jar:/root/.m2/repository/com/fasterxml/jackson/datatype/jackson-datatype-jsr310/2.13.1/jackson-datatype-jsr310-2.13.1.jar:/root/.m2/repository/io/micrometer/micrometer-core/1.8.2/micrometer-core-1.8.2.jar:/root/.m2/repository/org/hdrhistogram/HdrHistogram/2.1.12/HdrHistogram-2.1.12.jar:/root/.m2/repository/org/latencyutils/LatencyUtils/2.0.3/LatencyUtils-2.0.3.jar:/root/.m2/repository/org/springframework/boot/spring-boot-starter-webflux/2.6.3/spring-boot-starter-webflux-2.6.3.jar:/root/.m2/repository/org/springframework/boot/spring-boot-starter-json/2.6.3/spring-boot-starter-json-2.6.3.jar:/root/.m2/repository/com/fasterxml/jackson/datatype/jackson-datatype-jdk8/2.13.1/jackson-datatype-jdk8-2.13.1.jar:/root/.m2/repository/com/fasterxml/jackson/module/jackson-module-parameter-names/2.13.1/jackson-module-parameter-names-2.13.1.jar:/root/.m2/repository/org/springframework/boot/spring-boot-starter-reactor-netty/2.6.3/spring-boot-starter-reactor-netty-2.6.3.jar:/root/.m2/repository/io/projectreactor/netty/reactor-netty-http/1.0.15/reactor-netty-http-1.0.15.jar:/root/.m2/repository/io/netty/netty-codec-http/4.1.73.Final/netty-codec-http-4.1.73.Final.jar:/root/.m2/repository/io/netty/netty-common/4.1.73.Final/netty-common-4.1.73.Final.jar:/root/.m2/repository/io/netty/netty-buffer/4.1.73.Final/netty-buffer-4.1.73.Final.jar:/root/.m2/repository/io/netty/netty-transport/4.1.73.Final/netty-transport-4.1.73.Final.jar:/root/.m2/repository/io/netty/netty-codec/4.1.73.Final/netty-codec-4.1.73.Final.jar:/root/.m2/repository/io/netty/netty-handler/4.1.73.Final/netty-handler-4.1.73.Final.jar:/root/.m2/repository/io/netty/netty-tcnative-classes/2.0.46.Final/netty-tcnative-classes-2.0.46.Final.jar:/root/.m2/repository/io/netty/netty-codec-http2/4.1.73.Final/netty-codec-http2-4.1.73.Final.jar:/root/.m2/repository/io/netty/netty-resolver-dns/4.1.73.Final/netty-resolver-dns-4.1.73.Final.jar:/root/.m2/repository/io/netty/netty-resolver/4.1.73.Final/netty-resolver-4.1.73.Final.jar:/root/.m2/repository/io/netty/netty-codec-dns/4.1.73.Final/netty-codec-dns-4.1.73.Final.jar:/root/.m2/repository/io/netty/netty-resolver-dns-native-macos/4.1.73.Final/netty-resolver-dns-native-macos-4.1.73.Final-osx-x86_64.jar:/root/.m2/repository/io/netty/netty-resolver-dns-classes-macos/4.1.73.Final/netty-resolver-dns-classes-macos-4.1.73.Final.jar:/root/.m2/repository/io/netty/netty-transport-native-epoll/4.1.73.Final/netty-transport-native-epoll-4.1.73.Final-linux-x86_64.jar:/root/.m2/repository/io/netty/netty-transport-native-unix-common/4.1.73.Final/netty-transport-native-unix-common-4.1.73.Final.jar:/root/.m2/repository/io/netty/netty-transport-classes-epoll/4.1.73.Final/netty-transport-classes-epoll-4.1.73.Final.jar:/root/.m2/repository/io/projectreactor/netty/reactor-netty-core/1.0.15/reactor-netty-core-1.0.15.jar:/root/.m2/repository/io/netty/netty-handler-proxy/4.1.73.Final/netty-handler-proxy-4.1.73.Final.jar:/root/.m2/repository/io/netty/netty-codec-socks/4.1.73.Final/netty-codec-socks-4.1.73.Final.jar:/root/.m2/repository/org/springframework/spring-web/5.3.15/spring-web-5.3.15.jar:/root/.m2/repository/org/springframework/spring-beans/5.3.15/spring-beans-5.3.15.jar:/root/.m2/repository/org/springframework/spring-webflux/5.3.15/spring-webflux-5.3.15.jar:/root/.m2/repository/org/springframework/boot/spring-boot-starter-test/2.6.3/spring-boot-starter-test-2.6.3.jar:/root/.m2/repository/org/springframework/boot/spring-boot-test/2.6.3/spring-boot-test-2.6.3.jar:/root/.m2/repository/org/springframework/boot/spring-boot-test-autoconfigure/2.6.3/spring-boot-test-autoconfigure-2.6.3.jar:/root/.m2/repository/com/jayway/jsonpath/json-path/2.6.0/json-path-2.6.0.jar:/root/.m2/repository/net/minidev/json-smart/2.4.7/json-smart-2.4.7.jar:/root/.m2/repository/net/minidev/accessors-smart/2.4.7/accessors-smart-2.4.7.jar:/root/.m2/repository/org/ow2/asm/asm/9.1/asm-9.1.jar:/root/.m2/repository/org/slf4j/slf4j-api/1.7.33/slf4j-api-1.7.33.jar:/root/.m2/repository/jakarta/xml/bind/jakarta.xml.bind-api/2.3.3/jakarta.xml.bind-api-2.3.3.jar:/root/.m2/repository/jakarta/activation/jakarta.activation-api/1.2.2/jakarta.activation-api-1.2.2.jar:/root/.m2/repository/org/assertj/assertj-core/3.21.0/assertj-core-3.21.0.jar:/root/.m2/repository/org/hamcrest/hamcrest/2.2/hamcrest-2.2.jar:/root/.m2/repository/org/junit/jupiter/junit-jupiter/5.8.2/junit-jupiter-5.8.2.jar:/root/.m2/repository/org/junit/jupiter/junit-jupiter-api/5.8.2/junit-jupiter-api-5.8.2.jar:/root/.m2/repository/org/junit/jupiter/junit-jupiter-params/5.8.2/junit-jupiter-params-5.8.2.jar:/root/.m2/repository/org/junit/jupiter/junit-jupiter-engine/5.8.2/junit-jupiter-engine-5.8.2.jar:/root/.m2/repository/org/mockito/mockito-core/4.0.0/mockito-core-4.0.0.jar:/root/.m2/repository/net/bytebuddy/byte-buddy/1.11.22/byte-buddy-1.11.22.jar:/root/.m2/repository/net/bytebuddy/byte-buddy-agent/1.11.22/byte-buddy-agent-1.11.22.jar:/root/.m2/repository/org/objenesis/objenesis/3.2/objenesis-3.2.jar:/root/.m2/repository/org/mockito/mockito-junit-jupiter/4.0.0/mockito-junit-jupiter-4.0.0.jar:/root/.m2/repository/org/skyscreamer/jsonassert/1.5.0/jsonassert-1.5.0.jar:/root/.m2/repository/com/vaadin/external/google/android-json/0.0.20131108.vaadin1/android-json-0.0.20131108.vaadin1.jar:/root/.m2/repository/org/springframework/spring-core/5.3.15/spring-core-5.3.15.jar:/root/.m2/repository/org/springframework/spring-jcl/5.3.15/spring-jcl-5.3.15.jar:/root/.m2/repository/org/springframework/spring-test/5.3.15/spring-test-5.3.15.jar:/root/.m2/repository/org/xmlunit/xmlunit-core/2.8.4/xmlunit-core-2.8.4.jar:/root/.m2/repository/org/springframework/cloud/spring-cloud-starter-contract-stub-runner/3.1.1-SNAPSHOT/spring-cloud-starter-contract-stub-runner-3.1.1-SNAPSHOT.jar:/root/.m2/repository/org/springframework/cloud/spring-cloud-contract-stub-runner/3.1.1-SNAPSHOT/spring-cloud-contract-stub-runner-3.1.1-SNAPSHOT.jar:/root/.m2/repository/org/springframework/cloud/spring-cloud-contract-verifier/3.1.1-SNAPSHOT/spring-cloud-contract-verifier-3.1.1-SNAPSHOT.jar:/root/.m2/repository/org/apache/commons/commons-text/1.9/commons-text-1.9.jar:/root/.m2/repository/org/apache/commons/commons-lang3/3.12.0/commons-lang3-3.12.0.jar:/root/.m2/repository/javax/inject/javax.inject/1/javax.inject-1.jar:/root/.m2/repository/com/toomuchcoding/jsonassert/jsonassert/0.6.1/jsonassert-0.6.1.jar:/root/.m2/repository/com/rackspace/eclipse/webtools/sourceediting/org.eclipse.wst.xml.xpath2.processor/2.1.100/org.eclipse.wst.xml.xpath2.processor-2.1.100.jar:/root/.m2/repository/edu/princeton/cup/java-cup/10k/java-cup-10k.jar:/root/.m2/repository/com/ibm/icu/icu4j/4.6/icu4j-4.6.jar:/root/.m2/repository/org/codehaus/groovy/groovy/3.0.9/groovy-3.0.9.jar:/root/.m2/repository/org/codehaus/groovy/groovy-nio/3.0.9/groovy-nio-3.0.9.jar:/root/.m2/repository/org/codehaus/groovy/groovy-json/3.0.9/groovy-json-3.0.9.jar:/root/.m2/repository/org/codehaus/groovy/groovy-xml/3.0.9/groovy-xml-3.0.9.jar:/root/.m2/repository/com/github/jknack/handlebars/4.2.0/handlebars-4.2.0.jar:/root/.m2/repository/commons-beanutils/commons-beanutils/1.9.4/commons-beanutils-1.9.4.jar:/root/.m2/repository/commons-logging/commons-logging/1.2/commons-logging-1.2.jar:/root/.m2/repository/commons-collections/commons-collections/3.2.2/commons-collections-3.2.2.jar:/root/.m2/repository/net/javacrumbs/json-unit/json-unit-assertj/2.27.0/json-unit-assertj-2.27.0.jar:/root/.m2/repository/net/javacrumbs/json-unit/json-unit-core/2.27.0/json-unit-core-2.27.0.jar:/root/.m2/repository/net/javacrumbs/json-unit/json-unit-json-path/2.27.0/json-unit-json-path-2.27.0.jar:/root/.m2/repository/org/springframework/cloud/spring-cloud-function-compiler/3.0.6.RELEASE/spring-cloud-function-compiler-3.0.6.RELEASE.jar:/root/.m2/repository/org/eclipse/jdt/core/compiler/ecj/4.4.2/ecj-4.4.2.jar:/root/.m2/repository/org/springframework/cloud/spring-cloud-contract-shade/3.1.1-SNAPSHOT/spring-cloud-contract-shade-3.1.1-SNAPSHOT.jar:/root/.m2/repository/org/springframework/cloud/spring-cloud-contract-converters/3.1.1-SNAPSHOT/spring-cloud-contract-converters-3.1.1-SNAPSHOT.jar:/root/.m2/repository/org/springframework/cloud/spring-cloud-contract-spec/3.1.1-SNAPSHOT/spring-cloud-contract-spec-3.1.1-SNAPSHOT.jar:/root/.m2/repository/org/springframework/cloud/spring-cloud-contract-spec-java/3.1.1-SNAPSHOT/spring-cloud-contract-spec-java-3.1.1-SNAPSHOT.jar:/root/.m2/repository/org/springframework/cloud/spring-cloud-contract-spec-groovy/3.1.1-SNAPSHOT/spring-cloud-contract-spec-groovy-3.1.1-SNAPSHOT.jar:/root/.m2/repository/org/eclipse/jgit/org.eclipse.jgit/5.12.0.202106070339-r/org.eclipse.jgit-5.12.0.202106070339-r.jar:/root/.m2/repository/com/googlecode/javaewah/JavaEWAH/1.1.7/JavaEWAH-1.1.7.jar:/root/.m2/repository/org/eclipse/jgit/org.eclipse.jgit.ssh.jsch/5.12.0.202106070339-r/org.eclipse.jgit.ssh.jsch-5.12.0.202106070339-r.jar:/root/.m2/repository/com/jcraft/jsch/0.1.55/jsch-0.1.55.jar:/root/.m2/repository/com/jcraft/jzlib/1.1.1/jzlib-1.1.1.jar:/root/.m2/repository/com/jcraft/jsch.agentproxy.sshagent/0.0.9/jsch.agentproxy.sshagent-0.0.9.jar:/root/.m2/repository/com/jcraft/jsch.agentproxy.core/0.0.9/jsch.agentproxy.core-0.0.9.jar:/root/.m2/repository/com/jcraft/jsch.agentproxy.jsch/0.0.9/jsch.agentproxy.jsch-0.0.9.jar:/root/.m2/repository/com/jcraft/jsch.agentproxy.usocket-jna/0.0.9/jsch.agentproxy.usocket-jna-0.0.9.jar:/root/.m2/repository/net/java/dev/jna/jna/4.1.0/jna-4.1.0.jar:/root/.m2/repository/net/java/dev/jna/jna-platform/4.1.0/jna-platform-4.1.0.jar:/root/.m2/repository/org/springframework/cloud/spring-cloud-contract-wiremock/3.1.1-SNAPSHOT/spring-cloud-contract-wiremock-3.1.1-SNAPSHOT.jar:/root/.m2/repository/com/github/tomakehurst/wiremock-jre8-standalone/2.31.0/wiremock-jre8-standalone-2.31.0.jar:/root/.m2/repository/org/apache/httpcomponents/httpclient/4.5.13/httpclient-4.5.13.jar:/root/.m2/repository/org/apache/httpcomponents/httpcore/4.4.15/httpcore-4.4.15.jar:/root/.m2/repository/commons-codec/commons-codec/1.15/commons-codec-1.15.jar:/root/.m2/repository/org/apache/maven/resolver/maven-resolver-api/1.4.1/maven-resolver-api-1.4.1.jar:/root/.m2/repository/org/sonatype/sisu/sisu-inject-plexus/2.6.0/sisu-inject-plexus-2.6.0.jar:/root/.m2/repository/org/codehaus/plexus/plexus-component-annotations/1.5.5/plexus-component-annotations-1.5.5.jar:/root/.m2/repository/org/codehaus/plexus/plexus-classworlds/2.5.2/plexus-classworlds-2.5.2.jar:/root/.m2/repository/org/codehaus/plexus/plexus-utils/3.0.18/plexus-utils-3.0.18.jar:/root/.m2/repository/org/sonatype/sisu/sisu-inject-bean/2.6.0/sisu-inject-bean-2.6.0.jar:/root/.m2/repository/javax/enterprise/cdi-api/1.0/cdi-api-1.0.jar:/root/.m2/repository/javax/annotation/jsr250-api/1.0/jsr250-api-1.0.jar:/root/.m2/repository/org/sonatype/sisu/sisu-guice/3.2.5/sisu-guice-3.2.5-no_aop.jar:/root/.m2/repository/com/google/guava/guava/16.0.1/guava-16.0.1.jar:/root/.m2/repository/org/eclipse/sisu/org.eclipse.sisu.inject/0.3.0/org.eclipse.sisu.inject-0.3.0.jar:/root/.m2/repository/org/eclipse/sisu/org.eclipse.sisu.plexus/0.3.0/org.eclipse.sisu.plexus-0.3.0.jar:/root/.m2/repository/io/projectreactor/reactor-test/3.4.14/reactor-test-3.4.14.jar:/root/.m2/repository/io/projectreactor/reactor-core/3.4.14/reactor-core-3.4.14.jar:/root/.m2/repository/org/reactivestreams/reactive-streams/1.0.3/reactive-streams-1.0.3.jar:/root/.m2/repository/org/springframework/amqp/spring-rabbit-test/2.4.2/spring-rabbit-test-2.4.2.jar:/root/.m2/repository/org/springframework/amqp/spring-rabbit/2.4.2/spring-rabbit-2.4.2.jar:/root/.m2/repository/org/springframework/amqp/spring-amqp/2.4.2/spring-amqp-2.4.2.jar:/root/.m2/repository/com/rabbitmq/amqp-client/5.13.1/amqp-client-5.13.1.jar:/root/.m2/repository/org/springframework/spring-context/5.3.15/spring-context-5.3.15.jar:/root/.m2/repository/org/springframework/spring-expression/5.3.15/spring-expression-5.3.15.jar:/root/.m2/repository/org/springframework/spring-messaging/5.3.15/spring-messaging-5.3.15.jar:/root/.m2/repository/org/springframework/spring-tx/5.3.15/spring-tx-5.3.15.jar:/root/.m2/repository/org/springframework/amqp/spring-rabbit-junit/2.4.2/spring-rabbit-junit-2.4.2.jar:/root/.m2/repository/com/rabbitmq/http-client/3.12.1/http-client-3.12.1.jar:/root/.m2/repository/org/hamcrest/hamcrest-library/2.2/hamcrest-library-2.2.jar:/root/.m2/repository/org/hamcrest/hamcrest-core/2.2/hamcrest-core-2.2.jar:/root/.m2/repository/org/junit/vintage/junit-vintage-engine/5.8.2/junit-vintage-engine-5.8.2.jar:/root/.m2/repository/org/junit/platform/junit-platform-engine/1.8.2/junit-platform-engine-1.8.2.jar:/root/.m2/repository/org/opentest4j/opentest4j/1.2.0/opentest4j-1.2.0.jar:/root/.m2/repository/org/junit/platform/junit-platform-commons/1.8.2/junit-platform-commons-1.8.2.jar:/root/.m2/repository/junit/junit/4.13.2/junit-4.13.2.jar:/root/.m2/repository/org/apiguardian/apiguardian-api/1.1.2/apiguardian-api-1.1.2.jar:"/>
    <property name="sun.cpu.endian" value="little"/>
    <property name="nondexExecid" value="QZTRH7YKDdt28ryoWt3IwAx3Kga9ADvRFDua2eMSXHM="/>
    <property name="user.home" value="/root"/>
    <property name="user.language" value="en"/>
    <property name="java.specification.vendor" value="Oracle Corporation"/>
    <property name="java.home" value="/usr/lib/jvm/java-8-openjdk-amd64/jre"/>
    <property name="file.separator" value="/"/>
    <property name="basedir" value="/home/alex/Repositories/spring-cloud-kubernetes/spring-cloud-kubernetes-controllers/spring-cloud-kubernetes-configuration-watcher"/>
    <property name="line.separator" value="&#10;"/>
    <property name="nondexEnd" value="9223372036854775807"/>
    <property name="java.specification.name" value="Java Platform API Specification"/>
    <property name="java.vm.specification.vendor" value="Oracle Corporation"/>
    <property name="java.awt.graphicsenv" value="sun.awt.X11GraphicsEnvironment"/>
    <property name="nondexFilter" value=".*"/>
    <property name="nondexSeed" value="933178"/>
    <property name="sun.boot.class.path" value="/home/alex/Repositories/spring-cloud-kubernetes/spring-cloud-kubernetes-controllers/spring-cloud-kubernetes-configuration-watcher/.nondex/nondex-instr.jar:/root/.m2/repository/edu/illinois/nondex-common/2.1.7/nondex-common-2.1.7.jar:/root/.m2/repository/edu/illinois/nondex-annotations/2.1.7/nondex-annotations-2.1.7.jar:/usr/lib/jvm/java-8-openjdk-amd64/jre/lib/resources.jar:/usr/lib/jvm/java-8-openjdk-amd64/jre/lib/rt.jar:/usr/lib/jvm/java-8-openjdk-amd64/jre/lib/sunrsasign.jar:/usr/lib/jvm/java-8-openjdk-amd64/jre/lib/jsse.jar:/usr/lib/jvm/java-8-openjdk-amd64/jre/lib/jce.jar:/usr/lib/jvm/java-8-openjdk-amd64/jre/lib/charsets.jar:/usr/lib/jvm/java-8-openjdk-amd64/jre/lib/jfr.jar:/usr/lib/jvm/java-8-openjdk-amd64/jre/classes"/>
    <property name="sun.management.compiler" value="HotSpot 64-Bit Tiered Compilers"/>
    <property name="java.runtime.version" value="1.8.0_402-8u402-ga-2ubuntu1~22.04-b06"/>
    <property name="user.name" value="root"/>
    <property name="path.separator" value=":"/>
    <property name="os.version" value="6.5.0-28-generic"/>
    <property name="java.endorsed.dirs" value="/usr/lib/jvm/java-8-openjdk-amd64/jre/lib/endorsed"/>
    <property name="java.runtime.name" value="OpenJDK Runtime Environment"/>
    <property name="altSnapshotDeploymentRepository" value="repo.spring.io::default::https://repo.spring.io/libs-snapshot-local"/>
    <property name="file.encoding" value="UTF-8"/>
    <property name="java.vm.name" value="OpenJDK 64-Bit Server VM"/>
    <property name="localRepository" value="/root/.m2/repository"/>
    <property name="nondexDir" value="/home/alex/Repositories/spring-cloud-kubernetes/spring-cloud-kubernetes-controllers/spring-cloud-kubernetes-configuration-watcher/.nondex"/>
    <property name="nondexJarDir" value="/home/alex/Repositories/spring-cloud-kubernetes/spring-cloud-kubernetes-controllers/spring-cloud-kubernetes-configuration-watcher/.nondex"/>
    <property name="java.vendor.url.bug" value="http://bugreport.sun.com/bugreport/"/>
    <property name="java.io.tmpdir" value="/tmp"/>
    <property name="java.version" value="1.8.0_402"/>
    <property name="user.dir" value="/home/alex/Repositories/spring-cloud-kubernetes/spring-cloud-kubernetes-controllers/spring-cloud-kubernetes-configuration-watcher"/>
    <property name="os.arch" value="amd64"/>
    <property name="nondexMode" value="FULL"/>
    <property name="java.vm.specification.name" value="Java Virtual Machine Specification"/>
    <property name="user.language.format" value="pt"/>
    <property name="java.awt.printerjob" value="sun.print.PSPrinterJob"/>
    <property name="sun.os.patch.level" value="unknown"/>
    <property name="java.library.path" value="/usr/java/packages/lib/amd64:/usr/lib/x86_64-linux-gnu/jni:/lib/x86_64-linux-gnu:/usr/lib/x86_64-linux-gnu:/usr/lib/jni:/lib:/usr/lib"/>
    <property name="java.vendor" value="Private Build"/>
    <property name="java.vm.info" value="mixed mode"/>
    <property name="java.vm.version" value="25.402-b06"/>
    <property name="java.specification.maintenance.version" value="5"/>
    <property name="sun.io.unicode.encoding" value="UnicodeLittle"/>
    <property name="java.ext.dirs" value="/usr/lib/jvm/java-8-openjdk-amd64/jre/lib/ext:/usr/java/packages/lib/ext"/>
    <property name="java.class.version" value="52.0"/>
  </properties>
  <testcase name="setActuatorPath" classname="org.springframework.cloud.kubernetes.configuration.watcher.ConfigurationWatcherConfigurationPropertiesTests" time="0.051"/>
</testsuite>