<?xml version="1.0" encoding="UTF-8"?>
<testsuite xmlns:xsi="http://www.w3.org/2001/XMLSchema-instance" xsi:noNamespaceSchemaLocation="https://maven.apache.org/surefire/maven-surefire-plugin/xsd/surefire-test-report-3.0.xsd" version="3.0" name="org.apache.nifi.processors.standard.TestExecuteSQL" time="9.599" tests="22" errors="0" skipped="0" failures="0">
  <properties>
    <property name="sun.desktop" value="gnome"/>
    <property name="awt.toolkit" value="sun.awt.X11.XToolkit"/>
    <property name="file.encoding.pkg" value="sun.io"/>
    <property name="java.specification.version" value="1.8"/>
    <property name="sun.cpu.isalist" value=""/>
    <property name="sun.jnu.encoding" value="UTF-8"/>
    <property name="java.class.path" value="/home/alex/Repositories/nifi/nifi-nar-bundles/nifi-standard-bundle/nifi-standard-processors/target/test-classes:/home/alex/Repositories/nifi/nifi-nar-bundles/nifi-standard-bundle/nifi-standard-processors/target/classes:/home/alex/.m2/repository/org/apache/ftpserver/ftpserver-core/1.1.1/ftpserver-core-1.1.1.jar:/home/alex/.m2/repository/org/apache/ftpserver/ftplet-api/1.1.1/ftplet-api-1.1.1.jar:/home/alex/.m2/repository/org/slf4j/slf4j-api/1.7.32/slf4j-api-1.7.32.jar:/home/alex/.m2/repository/org/apache/mina/mina-core/2.0.16/mina-core-2.0.16.jar:/home/alex/Repositories/nifi/nifi-api/target/classes:/home/alex/Repositories/nifi/nifi-commons/nifi-expression-language/target/classes:/home/alex/.m2/repository/org/antlr/antlr-runtime/3.5.2/antlr-runtime-3.5.2.jar:/home/alex/Repositories/nifi/nifi-commons/nifi-parameter/target/classes:/home/alex/Repositories/nifi/nifi-commons/nifi-uuid5/target/classes:/home/alex/.m2/repository/org/apache/commons/commons-text/1.8/commons-text-1.8.jar:/home/alex/Repositories/nifi/nifi-nar-bundles/nifi-extension-utils/nifi-processor-utils/target/classes:/home/alex/Repositories/nifi/nifi-commons/nifi-security-socket-ssl/target/classes:/home/alex/Repositories/nifi/nifi-nar-bundles/nifi-extension-utils/nifi-event-transport/target/classes:/home/alex/.m2/repository/io/netty/netty-handler/4.1.69.Final/netty-handler-4.1.69.Final.jar:/home/alex/.m2/repository/io/netty/netty-common/4.1.69.Final/netty-common-4.1.69.Final.jar:/home/alex/.m2/repository/io/netty/netty-resolver/4.1.69.Final/netty-resolver-4.1.69.Final.jar:/home/alex/.m2/repository/io/netty/netty-transport/4.1.69.Final/netty-transport-4.1.69.Final.jar:/home/alex/.m2/repository/io/netty/netty-codec/4.1.69.Final/netty-codec-4.1.69.Final.jar:/home/alex/Repositories/nifi/nifi-nar-bundles/nifi-extension-utils/nifi-syslog-utils/target/classes:/home/alex/.m2/repository/com/github/palindromicity/simple-syslog-5424/0.0.16/simple-syslog-5424-0.0.16.jar:/home/alex/.m2/repository/org/antlr/antlr4-runtime/4.7.2/antlr4-runtime-4.7.2.jar:/home/alex/Repositories/nifi/nifi-commons/nifi-utils/target/classes:/home/alex/Repositories/nifi/nifi-commons/nifi-record-path/target/classes:/home/alex/Repositories/nifi/nifi-commons/nifi-properties/target/classes:/home/alex/Repositories/nifi/nifi-commons/nifi-property-utils/target/classes:/home/alex/.m2/repository/com/github/ben-manes/caffeine/caffeine/2.8.1/caffeine-2.8.1.jar:/home/alex/Repositories/nifi/nifi-nar-bundles/nifi-standard-services/nifi-ssl-context-service-api/target/classes:/home/alex/Repositories/nifi/nifi-commons/nifi-security-utils-api/target/classes:/home/alex/Repositories/nifi/nifi-nar-bundles/nifi-standard-services/nifi-lookup-service-api/target/classes:/home/alex/Repositories/nifi/nifi-commons/nifi-flowfile-packager/target/classes:/home/alex/Repositories/nifi/nifi-nar-bundles/nifi-standard-services/nifi-distributed-cache-client-service-api/target/classes:/home/alex/Repositories/nifi/nifi-nar-bundles/nifi-standard-services/nifi-http-context-map-api/target/classes:/home/alex/Repositories/nifi/nifi-nar-bundles/nifi-standard-services/nifi-record-serialization-service-api/target/classes:/home/alex/Repositories/nifi/nifi-nar-bundles/nifi-standard-services/nifi-proxy-configuration-api/target/classes:/home/alex/Repositories/nifi/nifi-commons/nifi-record/target/classes:/home/alex/Repositories/nifi/nifi-nar-bundles/nifi-standard-services/nifi-record-sink-api/target/classes:/home/alex/.m2/repository/commons-io/commons-io/2.10.0/commons-io-2.10.0.jar:/home/alex/.m2/repository/javax/ws/rs/javax.ws.rs-api/2.1/javax.ws.rs-api-2.1.jar:/home/alex/.m2/repository/commons-net/commons-net/3.6/commons-net-3.6.jar:/home/alex/.m2/repository/org/apache/commons/commons-compress/1.21/commons-compress-1.21.jar:/home/alex/.m2/repository/org/apache/commons/commons-lang3/3.9/commons-lang3-3.9.jar:/home/alex/.m2/repository/org/bouncycastle/bcprov-jdk15on/1.69/bcprov-jdk15on-1.69.jar:/home/alex/.m2/repository/org/bouncycastle/bcpg-jdk15on/1.69/bcpg-jdk15on-1.69.jar:/home/alex/.m2/repository/org/bouncycastle/bcpkix-jdk15on/1.69/bcpkix-jdk15on-1.69.jar:/home/alex/.m2/repository/org/bouncycastle/bcutil-jdk15on/1.69/bcutil-jdk15on-1.69.jar:/home/alex/.m2/repository/commons-codec/commons-codec/1.14/commons-codec-1.14.jar:/home/alex/Repositories/nifi/nifi-commons/nifi-security-utils/target/classes:/home/alex/Repositories/nifi/nifi-commons/nifi-security-kms/target/classes:/home/alex/.m2/repository/org/apache/commons/commons-configuration2/2.7/commons-configuration2-2.7.jar:/home/alex/.m2/repository/com/hierynomus/sshj/0.32.0/sshj-0.32.0.jar:/home/alex/.m2/repository/com/jcraft/jzlib/1.1.3/jzlib-1.1.3.jar:/home/alex/.m2/repository/com/hierynomus/asn-one/0.6.0/asn-one-0.6.0.jar:/home/alex/.m2/repository/net/i2p/crypto/eddsa/0.3.0/eddsa-0.3.0.jar:/home/alex/.m2/repository/org/eclipse/jetty/jetty-server/9.4.44.v20210927/jetty-server-9.4.44.v20210927.jar:/home/alex/.m2/repository/javax/servlet/javax.servlet-api/3.1.0/javax.servlet-api-3.1.0.jar:/home/alex/.m2/repository/org/eclipse/jetty/jetty-http/9.4.44.v20210927/jetty-http-9.4.44.v20210927.jar:/home/alex/.m2/repository/org/eclipse/jetty/jetty-util/9.4.44.v20210927/jetty-util-9.4.44.v20210927.jar:/home/alex/.m2/repository/org/eclipse/jetty/jetty-io/9.4.44.v20210927/jetty-io-9.4.44.v20210927.jar:/home/alex/.m2/repository/org/eclipse/jetty/jetty-servlet/9.4.44.v20210927/jetty-servlet-9.4.44.v20210927.jar:/home/alex/.m2/repository/org/eclipse/jetty/jetty-security/9.4.44.v20210927/jetty-security-9.4.44.v20210927.jar:/home/alex/.m2/repository/org/eclipse/jetty/jetty-util-ajax/9.4.44.v20210927/jetty-util-ajax-9.4.44.v20210927.jar:/home/alex/.m2/repository/org/apache/httpcomponents/httpclient/4.5.5/httpclient-4.5.5.jar:/home/alex/.m2/repository/commons-logging/commons-logging/1.2/commons-logging-1.2.jar:/home/alex/.m2/repository/org/apache/httpcomponents/httpcore/4.4.9/httpcore-4.4.9.jar:/home/alex/.m2/repository/jakarta/activation/jakarta.activation-api/2.0.1/jakarta.activation-api-2.0.1.jar:/home/alex/.m2/repository/com/sun/activation/jakarta.activation/2.0.1/jakarta.activation-2.0.1.jar:/home/alex/.m2/repository/jakarta/mail/jakarta.mail-api/2.0.1/jakarta.mail-api-2.0.1.jar:/home/alex/.m2/repository/com/sun/mail/jakarta.mail/2.0.1/jakarta.mail-2.0.1.jar:/home/alex/.m2/repository/com/github/jponge/lzma-java/1.3/lzma-java-1.3.jar:/home/alex/.m2/repository/org/tukaani/xz/1.8/xz-1.8.jar:/home/alex/.m2/repository/net/sf/saxon/Saxon-HE/10.6/Saxon-HE-10.6.jar:/home/alex/Repositories/nifi/nifi-commons/nifi-socket-utils/target/classes:/home/alex/Repositories/nifi/nifi-commons/nifi-logging-utils/target/classes:/home/alex/Repositories/nifi/nifi-nar-bundles/nifi-standard-services/nifi-load-distribution-service-api/target/classes:/home/alex/.m2/repository/javax/jms/javax.jms-api/2.0.1/javax.jms-api-2.0.1.jar:/home/alex/.m2/repository/org/apache/activemq/activemq-client/5.15.15/activemq-client-5.15.15.jar:/home/alex/.m2/repository/org/apache/geronimo/specs/geronimo-jms_1.1_spec/1.1.1/geronimo-jms_1.1_spec-1.1.1.jar:/home/alex/.m2/repository/org/fusesource/hawtbuf/hawtbuf/1.11/hawtbuf-1.11.jar:/home/alex/.m2/repository/org/apache/geronimo/specs/geronimo-j2ee-management_1.1_spec/1.0.1/geronimo-j2ee-management_1.1_spec-1.0.1.jar:/home/alex/.m2/repository/com/jayway/jsonpath/json-path/2.6.0/json-path-2.6.0.jar:/home/alex/.m2/repository/net/minidev/json-smart/2.4.7/json-smart-2.4.7.jar:/home/alex/.m2/repository/net/minidev/accessors-smart/2.4.7/accessors-smart-2.4.7.jar:/home/alex/.m2/repository/org/ow2/asm/asm/9.1/asm-9.1.jar:/home/alex/.m2/repository/org/apache/tika/tika-core/1.26/tika-core-1.26.jar:/home/alex/.m2/repository/com/fasterxml/jackson/core/jackson-databind/2.12.3/jackson-databind-2.12.3.jar:/home/alex/.m2/repository/com/fasterxml/jackson/core/jackson-annotations/2.12.3/jackson-annotations-2.12.3.jar:/home/alex/.m2/repository/com/fasterxml/jackson/core/jackson-core/2.12.3/jackson-core-2.12.3.jar:/home/alex/Repositories/nifi/nifi-nar-bundles/nifi-extension-utils/nifi-record-utils/nifi-avro-record-utils/target/classes:/home/alex/Repositories/nifi/nifi-nar-bundles/nifi-extension-utils/nifi-record-utils/nifi-standard-record-utils/target/classes:/home/alex/.m2/repository/org/apache/avro/avro/1.8.1/avro-1.8.1.jar:/home/alex/.m2/repository/org/codehaus/jackson/jackson-core-asl/1.9.13/jackson-core-asl-1.9.13.jar:/home/alex/.m2/repository/org/codehaus/jackson/jackson-mapper-asl/1.9.13/jackson-mapper-asl-1.9.13.jar:/home/alex/.m2/repository/com/thoughtworks/paranamer/paranamer/2.7/paranamer-2.7.jar:/home/alex/Repositories/nifi/nifi-nar-bundles/nifi-standard-services/nifi-dbcp-service-api/target/classes:/home/alex/.m2/repository/com/squareup/okhttp3/okhttp/4.9.2/okhttp-4.9.2.jar:/home/alex/.m2/repository/com/squareup/okio/okio/2.8.0/okio-2.8.0.jar:/home/alex/.m2/repository/org/jetbrains/kotlin/kotlin-stdlib-common/1.4.0/kotlin-stdlib-common-1.4.0.jar:/home/alex/.m2/repository/org/jetbrains/kotlin/kotlin-stdlib/1.4.10/kotlin-stdlib-1.4.10.jar:/home/alex/.m2/repository/org/jetbrains/annotations/13.0/annotations-13.0.jar:/home/alex/.m2/repository/io/github/rburgst/okhttp-digest/2.5/okhttp-digest-2.5.jar:/home/alex/.m2/repository/at/favre/lib/bcrypt/0.9.0/bcrypt-0.9.0.jar:/home/alex/.m2/repository/at/favre/lib/bytes/1.3.0/bytes-1.3.0.jar:/home/alex/.m2/repository/com/google/guava/guava/28.0-jre/guava-28.0-jre.jar:/home/alex/.m2/repository/com/google/guava/failureaccess/1.0.1/failureaccess-1.0.1.jar:/home/alex/.m2/repository/com/google/guava/listenablefuture/9999.0-empty-to-avoid-conflict-with-guava/listenablefuture-9999.0-empty-to-avoid-conflict-with-guava.jar:/home/alex/.m2/repository/com/google/code/findbugs/jsr305/3.0.2/jsr305-3.0.2.jar:/home/alex/.m2/repository/org/checkerframework/checker-qual/2.8.1/checker-qual-2.8.1.jar:/home/alex/.m2/repository/com/google/errorprone/error_prone_annotations/2.3.2/error_prone_annotations-2.3.2.jar:/home/alex/.m2/repository/com/google/j2objc/j2objc-annotations/1.3/j2objc-annotations-1.3.jar:/home/alex/.m2/repository/org/codehaus/mojo/animal-sniffer-annotations/1.17/animal-sniffer-annotations-1.17.jar:/home/alex/Repositories/nifi/nifi-mock/target/classes:/home/alex/Repositories/nifi/nifi-framework-api/target/classes:/home/alex/Repositories/nifi/nifi-nar-bundles/nifi-framework-bundle/nifi-framework/nifi-framework-core-api/target/classes:/home/alex/Repositories/nifi/nifi-nar-bundles/nifi-framework-bundle/nifi-framework/nifi-framework-nar-utils/target/classes:/home/alex/Repositories/nifi/nifi-nar-bundles/nifi-framework-bundle/nifi-framework/nifi-client-dto/target/classes:/home/alex/.m2/repository/io/swagger/swagger-annotations/1.6.0/swagger-annotations-1.6.0.jar:/home/alex/Repositories/nifi/nifi-commons/nifi-site-to-site-client/target/classes:/home/alex/.m2/repository/org/apache/httpcomponents/httpasyncclient/4.1.4/httpasyncclient-4.1.4.jar:/home/alex/.m2/repository/org/apache/httpcomponents/httpcore-nio/4.4.10/httpcore-nio-4.4.10.jar:/home/alex/Repositories/nifi/nifi-nar-bundles/nifi-framework-bundle/nifi-framework/nifi-framework-authorization/target/classes:/home/alex/Repositories/nifi/nifi-registry/nifi-registry-core/nifi-registry-data-model/target/classes:/home/alex/Repositories/nifi/nifi-registry/nifi-registry-core/nifi-registry-revision/nifi-registry-revision-entity-model/target/classes:/home/alex/Repositories/nifi/nifi-registry/nifi-registry-core/nifi-registry-client/target/classes:/home/alex/Repositories/nifi/nifi-registry/nifi-registry-core/nifi-registry-security-utils/target/classes:/home/alex/.m2/repository/org/glassfish/jersey/core/jersey-client/2.33/jersey-client-2.33.jar:/home/alex/.m2/repository/jakarta/ws/rs/jakarta.ws.rs-api/2.1.6/jakarta.ws.rs-api-2.1.6.jar:/home/alex/.m2/repository/org/glassfish/hk2/external/jakarta.inject/2.6.1/jakarta.inject-2.6.1.jar:/home/alex/.m2/repository/org/glassfish/jersey/media/jersey-media-json-jackson/2.33/jersey-media-json-jackson-2.33.jar:/home/alex/.m2/repository/org/glassfish/jersey/ext/jersey-entity-filtering/2.33/jersey-entity-filtering-2.33.jar:/home/alex/.m2/repository/org/glassfish/jersey/inject/jersey-hk2/2.33/jersey-hk2-2.33.jar:/home/alex/.m2/repository/org/glassfish/hk2/hk2-locator/2.6.1/hk2-locator-2.6.1.jar:/home/alex/.m2/repository/org/glassfish/hk2/external/aopalliance-repackaged/2.6.1/aopalliance-repackaged-2.6.1.jar:/home/alex/.m2/repository/org/glassfish/hk2/hk2-api/2.6.1/hk2-api-2.6.1.jar:/home/alex/.m2/repository/org/glassfish/hk2/hk2-utils/2.6.1/hk2-utils-2.6.1.jar:/home/alex/.m2/repository/org/javassist/javassist/3.25.0-GA/javassist-3.25.0-GA.jar:/home/alex/.m2/repository/org/glassfish/jersey/core/jersey-common/2.33/jersey-common-2.33.jar:/home/alex/.m2/repository/jakarta/annotation/jakarta.annotation-api/1.3.5/jakarta.annotation-api-1.3.5.jar:/home/alex/.m2/repository/org/glassfish/hk2/osgi-resource-locator/1.0.3/osgi-resource-locator-1.0.3.jar:/home/alex/.m2/repository/org/glassfish/jersey/media/jersey-media-multipart/2.33/jersey-media-multipart-2.33.jar:/home/alex/.m2/repository/org/jvnet/mimepull/mimepull/1.9.13/mimepull-1.9.13.jar:/home/alex/Repositories/nifi/nifi-commons/nifi-data-provenance-utils/target/classes:/home/alex/Repositories/nifi/nifi-nar-bundles/nifi-standard-services/nifi-distributed-cache-services-bundle/nifi-distributed-cache-client-service/target/classes:/home/alex/Repositories/nifi/nifi-nar-bundles/nifi-standard-services/nifi-distributed-cache-services-bundle/nifi-distributed-cache-protocol/target/classes:/home/alex/.m2/repository/io/netty/netty-buffer/4.1.69.Final/netty-buffer-4.1.69.Final.jar:/home/alex/.m2/repository/com/google/http-client/google-http-client/1.28.0/google-http-client-1.28.0.jar:/home/alex/.m2/repository/io/opencensus/opencensus-api/0.18.0/opencensus-api-0.18.0.jar:/home/alex/.m2/repository/io/grpc/grpc-context/1.14.0/grpc-context-1.14.0.jar:/home/alex/.m2/repository/io/opencensus/opencensus-contrib-http-util/0.18.0/opencensus-contrib-http-util-0.18.0.jar:/home/alex/.m2/repository/org/apache/activemq/activemq-broker/5.15.14/activemq-broker-5.15.14.jar:/home/alex/.m2/repository/org/apache/activemq/activemq-openwire-legacy/5.15.14/activemq-openwire-legacy-5.15.14.jar:/home/alex/Repositories/nifi/nifi-nar-bundles/nifi-standard-services/nifi-ssl-context-bundle/nifi-ssl-context-service/target/classes:/home/alex/Repositories/nifi/nifi-nar-bundles/nifi-framework-bundle/nifi-framework/nifi-standard-prioritizers/target/classes:/home/alex/Repositories/nifi/nifi-nar-bundles/nifi-extension-utils/nifi-record-utils/nifi-mock-record-utils/target/classes:/home/alex/Repositories/nifi/nifi-nar-bundles/nifi-standard-services/nifi-record-serialization-services-bundle/nifi-record-serialization-services/target/classes:/home/alex/.m2/repository/org/apache/commons/commons-csv/1.8/commons-csv-1.8.jar:/home/alex/.m2/repository/com/fasterxml/jackson/dataformat/jackson-dataformat-csv/2.12.3/jackson-dataformat-csv-2.12.3.jar:/home/alex/.m2/repository/net/java/dev/stax-utils/stax-utils/20070216/stax-utils-20070216.jar:/home/alex/Repositories/nifi/nifi-nar-bundles/nifi-standard-services/nifi-lookup-services-bundle/nifi-lookup-services/target/classes:/home/alex/.m2/repository/commons-beanutils/commons-beanutils/1.9.4/commons-beanutils-1.9.4.jar:/home/alex/.m2/repository/commons-collections/commons-collections/3.2.2/commons-collections-3.2.2.jar:/home/alex/.m2/repository/com/maxmind/geoip2/geoip2/2.12.0/geoip2-2.12.0.jar:/home/alex/.m2/repository/com/maxmind/db/maxmind-db/1.2.2/maxmind-db-1.2.2.jar:/home/alex/.m2/repository/org/apache/derby/derby/10.14.2.0/derby-10.14.2.0.jar:/home/alex/.m2/repository/org/xerial/snappy/snappy-java/1.1.7.3/snappy-java-1.1.7.3.jar:/home/alex/.m2/repository/net/lingala/zip4j/zip4j/2.8.0/zip4j-2.8.0.jar:/home/alex/.m2/repository/com/h2database/h2/1.4.187/h2-1.4.187.jar:/home/alex/.m2/repository/org/mockftpserver/MockFtpServer/2.7.1/MockFtpServer-2.7.1.jar:/home/alex/.m2/repository/org/apache/sshd/sshd-core/1.7.0/sshd-core-1.7.0.jar:/home/alex/.m2/repository/com/bazaarvoice/jolt/jolt-core/0.1.1/jolt-core-0.1.1.jar:/home/alex/.m2/repository/javax/inject/javax.inject/1/javax.inject-1.jar:/home/alex/.m2/repository/com/bazaarvoice/jolt/json-utils/0.1.1/json-utils-0.1.1.jar:/home/alex/Repositories/nifi/nifi-nar-bundles/nifi-standard-bundle/nifi-standard-utils/target/classes:/home/alex/.m2/repository/net/sf/supercsv/super-csv/2.4.0/super-csv-2.4.0.jar:/home/alex/.m2/repository/com/fluenda/parcefone/2.1.0/parcefone-2.1.0.jar:/home/alex/.m2/repository/javax/validation/validation-api/1.1.0.Final/validation-api-1.1.0.Final.jar:/home/alex/.m2/repository/javax/el/javax.el-api/3.0.0/javax.el-api-3.0.0.jar:/home/alex/.m2/repository/com/github/wnameless/json/json-flattener/0.12.0/json-flattener-0.12.0.jar:/home/alex/.m2/repository/com/github/wnameless/json/json-base/2.0.0/json-base-2.0.0.jar:/home/alex/.m2/repository/org/apache/bval/bval-jsr/1.1.2/bval-jsr-1.1.2.jar:/home/alex/.m2/repository/org/apache/bval/bval-core/1.1.2/bval-core-1.1.2.jar:/home/alex/.m2/repository/io/krakens/java-grok/0.1.9/java-grok-0.1.9.jar:/home/alex/.m2/repository/org/apache/calcite/calcite-core/1.27.0/calcite-core-1.27.0.jar:/home/alex/.m2/repository/org/apache/calcite/calcite-linq4j/1.27.0/calcite-linq4j-1.27.0.jar:/home/alex/.m2/repository/com/esri/geometry/esri-geometry-api/2.2.0/esri-geometry-api-2.2.0.jar:/home/alex/.m2/repository/org/apache/calcite/avatica/avatica-core/1.18.0/avatica-core-1.18.0.jar:/home/alex/.m2/repository/org/apache/calcite/avatica/avatica-metrics/1.18.0/avatica-metrics-1.18.0.jar:/home/alex/.m2/repository/com/google/protobuf/protobuf-java/3.6.1/protobuf-java-3.6.1.jar:/home/alex/.m2/repository/org/apiguardian/apiguardian-api/1.1.0/apiguardian-api-1.1.0.jar:/home/alex/.m2/repository/com/fasterxml/jackson/dataformat/jackson-dataformat-yaml/2.10.0/jackson-dataformat-yaml-2.10.0.jar:/home/alex/.m2/repository/org/yaml/snakeyaml/1.29/snakeyaml-1.29.jar:/home/alex/.m2/repository/com/google/uzaygezen/uzaygezen-core/0.2/uzaygezen-core-0.2.jar:/home/alex/.m2/repository/com/yahoo/datasketches/sketches-core/0.9.0/sketches-core-0.9.0.jar:/home/alex/.m2/repository/com/yahoo/datasketches/memory/0.9.0/memory-0.9.0.jar:/home/alex/.m2/repository/net/hydromatic/aggdesigner-algorithm/6.0/aggdesigner-algorithm-6.0.jar:/home/alex/.m2/repository/commons-lang/commons-lang/2.4/commons-lang-2.4.jar:/home/alex/.m2/repository/org/apache/commons/commons-dbcp2/2.6.0/commons-dbcp2-2.6.0.jar:/home/alex/.m2/repository/org/apache/commons/commons-pool2/2.6.1/commons-pool2-2.6.1.jar:/home/alex/.m2/repository/org/codehaus/janino/commons-compiler/3.0.11/commons-compiler-3.0.11.jar:/home/alex/.m2/repository/org/codehaus/janino/janino/3.0.11/janino-3.0.11.jar:/home/alex/Repositories/nifi/nifi-nar-bundles/nifi-standard-services/nifi-schema-registry-service-api/target/classes:/home/alex/Repositories/nifi/nifi-nar-bundles/nifi-extension-utils/nifi-database-utils/target/classes:/home/alex/Repositories/nifi/nifi-nar-bundles/nifi-standard-bundle/nifi-standard-web-test-utils/target/classes:/home/alex/.m2/repository/com/github/stefanbirkner/fake-sftp-server-rule/2.0.1/fake-sftp-server-rule-2.0.1.jar:/home/alex/.m2/repository/com/github/marschall/memoryfilesystem/2.8.0/memoryfilesystem-2.8.0.jar:/home/alex/.m2/repository/junit/junit/4.13.2/junit-4.13.2.jar:/home/alex/.m2/repository/org/hamcrest/hamcrest-core/1.3/hamcrest-core-1.3.jar:/home/alex/Repositories/nifi/nifi-nar-bundles/nifi-extension-utils/nifi-database-test-utils/target/classes:/home/alex/.m2/repository/org/codehaus/groovy/groovy-json/2.5.14/groovy-json-2.5.14.jar:/home/alex/.m2/repository/org/codehaus/groovy/groovy/2.5.14/groovy-2.5.14.jar:/home/alex/.m2/repository/org/codehaus/groovy/groovy-servlet/2.5.14/groovy-servlet-2.5.14.jar:/home/alex/.m2/repository/org/codehaus/groovy/groovy-templates/2.5.14/groovy-templates-2.5.14.jar:/home/alex/.m2/repository/org/codehaus/groovy/groovy-xml/2.5.14/groovy-xml-2.5.14.jar:/home/alex/.m2/repository/org/hamcrest/hamcrest-all/1.3/hamcrest-all-1.3.jar:/home/alex/.m2/repository/com/squareup/okhttp3/mockwebserver/4.9.2/mockwebserver-4.9.2.jar:/home/alex/.m2/repository/org/jetbrains/kotlin/kotlin-stdlib-jdk8/1.4.10/kotlin-stdlib-jdk8-1.4.10.jar:/home/alex/.m2/repository/org/jetbrains/kotlin/kotlin-stdlib-jdk7/1.4.10/kotlin-stdlib-jdk7-1.4.10.jar:/home/alex/.m2/repository/org/mockito/mockito-inline/3.12.4/mockito-inline-3.12.4.jar:/home/alex/.m2/repository/org/junit/jupiter/junit-jupiter-api/5.7.2/junit-jupiter-api-5.7.2.jar:/home/alex/.m2/repository/org/opentest4j/opentest4j/1.2.0/opentest4j-1.2.0.jar:/home/alex/.m2/repository/org/junit/platform/junit-platform-commons/1.7.2/junit-platform-commons-1.7.2.jar:/home/alex/.m2/repository/org/junit/jupiter/junit-jupiter-engine/5.7.2/junit-jupiter-engine-5.7.2.jar:/home/alex/.m2/repository/org/junit/platform/junit-platform-engine/1.7.2/junit-platform-engine-1.7.2.jar:/home/alex/.m2/repository/org/junit/vintage/junit-vintage-engine/5.7.2/junit-vintage-engine-5.7.2.jar:/home/alex/.m2/repository/org/junit/jupiter/junit-jupiter-params/5.7.2/junit-jupiter-params-5.7.2.jar:/home/alex/.m2/repository/org/mockito/mockito-core/3.11.2/mockito-core-3.11.2.jar:/home/alex/.m2/repository/net/bytebuddy/byte-buddy/1.11.3/byte-buddy-1.11.3.jar:/home/alex/.m2/repository/net/bytebuddy/byte-buddy-agent/1.11.3/byte-buddy-agent-1.11.3.jar:/home/alex/.m2/repository/org/objenesis/objenesis/3.2/objenesis-3.2.jar:/home/alex/.m2/repository/org/mockito/mockito-junit-jupiter/3.11.2/mockito-junit-jupiter-3.11.2.jar:/home/alex/.m2/repository/org/slf4j/slf4j-simple/1.7.32/slf4j-simple-1.7.32.jar:/home/alex/.m2/repository/org/codehaus/groovy/groovy-test/2.5.14/groovy-test-2.5.14.jar:"/>
    <property name="org.slf4j.simpleLogger.log.nifi.processors.standard.TestExecuteSQLRecord" value="debug"/>
    <property name="java.vm.vendor" value="Private Build"/>
    <property name="sun.arch.data.model" value="64"/>
    <property name="java.vendor.url" value="http://java.oracle.com/"/>
    <property name="user.timezone" value="Europe/Lisbon"/>
    <property name="java.vm.specification.version" value="1.8"/>
    <property name="os.name" value="Linux"/>
    <property name="user.country" value="US"/>
    <property name="sun.java.launcher" value="SUN_STANDARD"/>
    <property name="sun.boot.library.path" value="/usr/lib/jvm/java-8-openjdk-amd64/jre/lib/amd64"/>
    <property name="sun.java.command" value="/home/alex/Repositories/nifi/nifi-nar-bundles/nifi-standard-bundle/nifi-standard-processors/target/surefire/surefirebooter7866820466567195306.jar /home/alex/Repositories/nifi/nifi-nar-bundles/nifi-standard-bundle/nifi-standard-processors/target/surefire 2024-05-02T04-10-31_566-jvmRun1 surefire4673265509373402450tmp surefire_698223736570144472240tmp"/>
    <property name="org.slf4j.simpleLogger.log.nifi.io.nio" value="debug"/>
    <property name="surefire.test.class.path" value="/home/alex/Repositories/nifi/nifi-nar-bundles/nifi-standard-bundle/nifi-standard-processors/target/test-classes:/home/alex/Repositories/nifi/nifi-nar-bundles/nifi-standard-bundle/nifi-standard-processors/target/classes:/home/alex/.m2/repository/org/apache/ftpserver/ftpserver-core/1.1.1/ftpserver-core-1.1.1.jar:/home/alex/.m2/repository/org/apache/ftpserver/ftplet-api/1.1.1/ftplet-api-1.1.1.jar:/home/alex/.m2/repository/org/slf4j/slf4j-api/1.7.32/slf4j-api-1.7.32.jar:/home/alex/.m2/repository/org/apache/mina/mina-core/2.0.16/mina-core-2.0.16.jar:/home/alex/Repositories/nifi/nifi-api/target/classes:/home/alex/Repositories/nifi/nifi-commons/nifi-expression-language/target/classes:/home/alex/.m2/repository/org/antlr/antlr-runtime/3.5.2/antlr-runtime-3.5.2.jar:/home/alex/Repositories/nifi/nifi-commons/nifi-parameter/target/classes:/home/alex/Repositories/nifi/nifi-commons/nifi-uuid5/target/classes:/home/alex/.m2/repository/org/apache/commons/commons-text/1.8/commons-text-1.8.jar:/home/alex/Repositories/nifi/nifi-nar-bundles/nifi-extension-utils/nifi-processor-utils/target/classes:/home/alex/Repositories/nifi/nifi-commons/nifi-security-socket-ssl/target/classes:/home/alex/Repositories/nifi/nifi-nar-bundles/nifi-extension-utils/nifi-event-transport/target/classes:/home/alex/.m2/repository/io/netty/netty-handler/4.1.69.Final/netty-handler-4.1.69.Final.jar:/home/alex/.m2/repository/io/netty/netty-common/4.1.69.Final/netty-common-4.1.69.Final.jar:/home/alex/.m2/repository/io/netty/netty-resolver/4.1.69.Final/netty-resolver-4.1.69.Final.jar:/home/alex/.m2/repository/io/netty/netty-transport/4.1.69.Final/netty-transport-4.1.69.Final.jar:/home/alex/.m2/repository/io/netty/netty-codec/4.1.69.Final/netty-codec-4.1.69.Final.jar:/home/alex/Repositories/nifi/nifi-nar-bundles/nifi-extension-utils/nifi-syslog-utils/target/classes:/home/alex/.m2/repository/com/github/palindromicity/simple-syslog-5424/0.0.16/simple-syslog-5424-0.0.16.jar:/home/alex/.m2/repository/org/antlr/antlr4-runtime/4.7.2/antlr4-runtime-4.7.2.jar:/home/alex/Repositories/nifi/nifi-commons/nifi-utils/target/classes:/home/alex/Repositories/nifi/nifi-commons/nifi-record-path/target/classes:/home/alex/Repositories/nifi/nifi-commons/nifi-properties/target/classes:/home/alex/Repositories/nifi/nifi-commons/nifi-property-utils/target/classes:/home/alex/.m2/repository/com/github/ben-manes/caffeine/caffeine/2.8.1/caffeine-2.8.1.jar:/home/alex/Repositories/nifi/nifi-nar-bundles/nifi-standard-services/nifi-ssl-context-service-api/target/classes:/home/alex/Repositories/nifi/nifi-commons/nifi-security-utils-api/target/classes:/home/alex/Repositories/nifi/nifi-nar-bundles/nifi-standard-services/nifi-lookup-service-api/target/classes:/home/alex/Repositories/nifi/nifi-commons/nifi-flowfile-packager/target/classes:/home/alex/Repositories/nifi/nifi-nar-bundles/nifi-standard-services/nifi-distributed-cache-client-service-api/target/classes:/home/alex/Repositories/nifi/nifi-nar-bundles/nifi-standard-services/nifi-http-context-map-api/target/classes:/home/alex/Repositories/nifi/nifi-nar-bundles/nifi-standard-services/nifi-record-serialization-service-api/target/classes:/home/alex/Repositories/nifi/nifi-nar-bundles/nifi-standard-services/nifi-proxy-configuration-api/target/classes:/home/alex/Repositories/nifi/nifi-commons/nifi-record/target/classes:/home/alex/Repositories/nifi/nifi-nar-bundles/nifi-standard-services/nifi-record-sink-api/target/classes:/home/alex/.m2/repository/commons-io/commons-io/2.10.0/commons-io-2.10.0.jar:/home/alex/.m2/repository/javax/ws/rs/javax.ws.rs-api/2.1/javax.ws.rs-api-2.1.jar:/home/alex/.m2/repository/commons-net/commons-net/3.6/commons-net-3.6.jar:/home/alex/.m2/repository/org/apache/commons/commons-compress/1.21/commons-compress-1.21.jar:/home/alex/.m2/repository/org/apache/commons/commons-lang3/3.9/commons-lang3-3.9.jar:/home/alex/.m2/repository/org/bouncycastle/bcprov-jdk15on/1.69/bcprov-jdk15on-1.69.jar:/home/alex/.m2/repository/org/bouncycastle/bcpg-jdk15on/1.69/bcpg-jdk15on-1.69.jar:/home/alex/.m2/repository/org/bouncycastle/bcpkix-jdk15on/1.69/bcpkix-jdk15on-1.69.jar:/home/alex/.m2/repository/org/bouncycastle/bcutil-jdk15on/1.69/bcutil-jdk15on-1.69.jar:/home/alex/.m2/repository/commons-codec/commons-codec/1.14/commons-codec-1.14.jar:/home/alex/Repositories/nifi/nifi-commons/nifi-security-utils/target/classes:/home/alex/Repositories/nifi/nifi-commons/nifi-security-kms/target/classes:/home/alex/.m2/repository/org/apache/commons/commons-configuration2/2.7/commons-configuration2-2.7.jar:/home/alex/.m2/repository/com/hierynomus/sshj/0.32.0/sshj-0.32.0.jar:/home/alex/.m2/repository/com/jcraft/jzlib/1.1.3/jzlib-1.1.3.jar:/home/alex/.m2/repository/com/hierynomus/asn-one/0.6.0/asn-one-0.6.0.jar:/home/alex/.m2/repository/net/i2p/crypto/eddsa/0.3.0/eddsa-0.3.0.jar:/home/alex/.m2/repository/org/eclipse/jetty/jetty-server/9.4.44.v20210927/jetty-server-9.4.44.v20210927.jar:/home/alex/.m2/repository/javax/servlet/javax.servlet-api/3.1.0/javax.servlet-api-3.1.0.jar:/home/alex/.m2/repository/org/eclipse/jetty/jetty-http/9.4.44.v20210927/jetty-http-9.4.44.v20210927.jar:/home/alex/.m2/repository/org/eclipse/jetty/jetty-util/9.4.44.v20210927/jetty-util-9.4.44.v20210927.jar:/home/alex/.m2/repository/org/eclipse/jetty/jetty-io/9.4.44.v20210927/jetty-io-9.4.44.v20210927.jar:/home/alex/.m2/repository/org/eclipse/jetty/jetty-servlet/9.4.44.v20210927/jetty-servlet-9.4.44.v20210927.jar:/home/alex/.m2/repository/org/eclipse/jetty/jetty-security/9.4.44.v20210927/jetty-security-9.4.44.v20210927.jar:/home/alex/.m2/repository/org/eclipse/jetty/jetty-util-ajax/9.4.44.v20210927/jetty-util-ajax-9.4.44.v20210927.jar:/home/alex/.m2/repository/org/apache/httpcomponents/httpclient/4.5.5/httpclient-4.5.5.jar:/home/alex/.m2/repository/commons-logging/commons-logging/1.2/commons-logging-1.2.jar:/home/alex/.m2/repository/org/apache/httpcomponents/httpcore/4.4.9/httpcore-4.4.9.jar:/home/alex/.m2/repository/jakarta/activation/jakarta.activation-api/2.0.1/jakarta.activation-api-2.0.1.jar:/home/alex/.m2/repository/com/sun/activation/jakarta.activation/2.0.1/jakarta.activation-2.0.1.jar:/home/alex/.m2/repository/jakarta/mail/jakarta.mail-api/2.0.1/jakarta.mail-api-2.0.1.jar:/home/alex/.m2/repository/com/sun/mail/jakarta.mail/2.0.1/jakarta.mail-2.0.1.jar:/home/alex/.m2/repository/com/github/jponge/lzma-java/1.3/lzma-java-1.3.jar:/home/alex/.m2/repository/org/tukaani/xz/1.8/xz-1.8.jar:/home/alex/.m2/repository/net/sf/saxon/Saxon-HE/10.6/Saxon-HE-10.6.jar:/home/alex/Repositories/nifi/nifi-commons/nifi-socket-utils/target/classes:/home/alex/Repositories/nifi/nifi-commons/nifi-logging-utils/target/classes:/home/alex/Repositories/nifi/nifi-nar-bundles/nifi-standard-services/nifi-load-distribution-service-api/target/classes:/home/alex/.m2/repository/javax/jms/javax.jms-api/2.0.1/javax.jms-api-2.0.1.jar:/home/alex/.m2/repository/org/apache/activemq/activemq-client/5.15.15/activemq-client-5.15.15.jar:/home/alex/.m2/repository/org/apache/geronimo/specs/geronimo-jms_1.1_spec/1.1.1/geronimo-jms_1.1_spec-1.1.1.jar:/home/alex/.m2/repository/org/fusesource/hawtbuf/hawtbuf/1.11/hawtbuf-1.11.jar:/home/alex/.m2/repository/org/apache/geronimo/specs/geronimo-j2ee-management_1.1_spec/1.0.1/geronimo-j2ee-management_1.1_spec-1.0.1.jar:/home/alex/.m2/repository/com/jayway/jsonpath/json-path/2.6.0/json-path-2.6.0.jar:/home/alex/.m2/repository/net/minidev/json-smart/2.4.7/json-smart-2.4.7.jar:/home/alex/.m2/repository/net/minidev/accessors-smart/2.4.7/accessors-smart-2.4.7.jar:/home/alex/.m2/repository/org/ow2/asm/asm/9.1/asm-9.1.jar:/home/alex/.m2/repository/org/apache/tika/tika-core/1.26/tika-core-1.26.jar:/home/alex/.m2/repository/com/fasterxml/jackson/core/jackson-databind/2.12.3/jackson-databind-2.12.3.jar:/home/alex/.m2/repository/com/fasterxml/jackson/core/jackson-annotations/2.12.3/jackson-annotations-2.12.3.jar:/home/alex/.m2/repository/com/fasterxml/jackson/core/jackson-core/2.12.3/jackson-core-2.12.3.jar:/home/alex/Repositories/nifi/nifi-nar-bundles/nifi-extension-utils/nifi-record-utils/nifi-avro-record-utils/target/classes:/home/alex/Repositories/nifi/nifi-nar-bundles/nifi-extension-utils/nifi-record-utils/nifi-standard-record-utils/target/classes:/home/alex/.m2/repository/org/apache/avro/avro/1.8.1/avro-1.8.1.jar:/home/alex/.m2/repository/org/codehaus/jackson/jackson-core-asl/1.9.13/jackson-core-asl-1.9.13.jar:/home/alex/.m2/repository/org/codehaus/jackson/jackson-mapper-asl/1.9.13/jackson-mapper-asl-1.9.13.jar:/home/alex/.m2/repository/com/thoughtworks/paranamer/paranamer/2.7/paranamer-2.7.jar:/home/alex/Repositories/nifi/nifi-nar-bundles/nifi-standard-services/nifi-dbcp-service-api/target/classes:/home/alex/.m2/repository/com/squareup/okhttp3/okhttp/4.9.2/okhttp-4.9.2.jar:/home/alex/.m2/repository/com/squareup/okio/okio/2.8.0/okio-2.8.0.jar:/home/alex/.m2/repository/org/jetbrains/kotlin/kotlin-stdlib-common/1.4.0/kotlin-stdlib-common-1.4.0.jar:/home/alex/.m2/repository/org/jetbrains/kotlin/kotlin-stdlib/1.4.10/kotlin-stdlib-1.4.10.jar:/home/alex/.m2/repository/org/jetbrains/annotations/13.0/annotations-13.0.jar:/home/alex/.m2/repository/io/github/rburgst/okhttp-digest/2.5/okhttp-digest-2.5.jar:/home/alex/.m2/repository/at/favre/lib/bcrypt/0.9.0/bcrypt-0.9.0.jar:/home/alex/.m2/repository/at/favre/lib/bytes/1.3.0/bytes-1.3.0.jar:/home/alex/.m2/repository/com/google/guava/guava/28.0-jre/guava-28.0-jre.jar:/home/alex/.m2/repository/com/google/guava/failureaccess/1.0.1/failureaccess-1.0.1.jar:/home/alex/.m2/repository/com/google/guava/listenablefuture/9999.0-empty-to-avoid-conflict-with-guava/listenablefuture-9999.0-empty-to-avoid-conflict-with-guava.jar:/home/alex/.m2/repository/com/google/code/findbugs/jsr305/3.0.2/jsr305-3.0.2.jar:/home/alex/.m2/repository/org/checkerframework/checker-qual/2.8.1/checker-qual-2.8.1.jar:/home/alex/.m2/repository/com/google/errorprone/error_prone_annotations/2.3.2/error_prone_annotations-2.3.2.jar:/home/alex/.m2/repository/com/google/j2objc/j2objc-annotations/1.3/j2objc-annotations-1.3.jar:/home/alex/.m2/repository/org/codehaus/mojo/animal-sniffer-annotations/1.17/animal-sniffer-annotations-1.17.jar:/home/alex/Repositories/nifi/nifi-mock/target/classes:/home/alex/Repositories/nifi/nifi-framework-api/target/classes:/home/alex/Repositories/nifi/nifi-nar-bundles/nifi-framework-bundle/nifi-framework/nifi-framework-core-api/target/classes:/home/alex/Repositories/nifi/nifi-nar-bundles/nifi-framework-bundle/nifi-framework/nifi-framework-nar-utils/target/classes:/home/alex/Repositories/nifi/nifi-nar-bundles/nifi-framework-bundle/nifi-framework/nifi-client-dto/target/classes:/home/alex/.m2/repository/io/swagger/swagger-annotations/1.6.0/swagger-annotations-1.6.0.jar:/home/alex/Repositories/nifi/nifi-commons/nifi-site-to-site-client/target/classes:/home/alex/.m2/repository/org/apache/httpcomponents/httpasyncclient/4.1.4/httpasyncclient-4.1.4.jar:/home/alex/.m2/repository/org/apache/httpcomponents/httpcore-nio/4.4.10/httpcore-nio-4.4.10.jar:/home/alex/Repositories/nifi/nifi-nar-bundles/nifi-framework-bundle/nifi-framework/nifi-framework-authorization/target/classes:/home/alex/Repositories/nifi/nifi-registry/nifi-registry-core/nifi-registry-data-model/target/classes:/home/alex/Repositories/nifi/nifi-registry/nifi-registry-core/nifi-registry-revision/nifi-registry-revision-entity-model/target/classes:/home/alex/Repositories/nifi/nifi-registry/nifi-registry-core/nifi-registry-client/target/classes:/home/alex/Repositories/nifi/nifi-registry/nifi-registry-core/nifi-registry-security-utils/target/classes:/home/alex/.m2/repository/org/glassfish/jersey/core/jersey-client/2.33/jersey-client-2.33.jar:/home/alex/.m2/repository/jakarta/ws/rs/jakarta.ws.rs-api/2.1.6/jakarta.ws.rs-api-2.1.6.jar:/home/alex/.m2/repository/org/glassfish/hk2/external/jakarta.inject/2.6.1/jakarta.inject-2.6.1.jar:/home/alex/.m2/repository/org/glassfish/jersey/media/jersey-media-json-jackson/2.33/jersey-media-json-jackson-2.33.jar:/home/alex/.m2/repository/org/glassfish/jersey/ext/jersey-entity-filtering/2.33/jersey-entity-filtering-2.33.jar:/home/alex/.m2/repository/org/glassfish/jersey/inject/jersey-hk2/2.33/jersey-hk2-2.33.jar:/home/alex/.m2/repository/org/glassfish/hk2/hk2-locator/2.6.1/hk2-locator-2.6.1.jar:/home/alex/.m2/repository/org/glassfish/hk2/external/aopalliance-repackaged/2.6.1/aopalliance-repackaged-2.6.1.jar:/home/alex/.m2/repository/org/glassfish/hk2/hk2-api/2.6.1/hk2-api-2.6.1.jar:/home/alex/.m2/repository/org/glassfish/hk2/hk2-utils/2.6.1/hk2-utils-2.6.1.jar:/home/alex/.m2/repository/org/javassist/javassist/3.25.0-GA/javassist-3.25.0-GA.jar:/home/alex/.m2/repository/org/glassfish/jersey/core/jersey-common/2.33/jersey-common-2.33.jar:/home/alex/.m2/repository/jakarta/annotation/jakarta.annotation-api/1.3.5/jakarta.annotation-api-1.3.5.jar:/home/alex/.m2/repository/org/glassfish/hk2/osgi-resource-locator/1.0.3/osgi-resource-locator-1.0.3.jar:/home/alex/.m2/repository/org/glassfish/jersey/media/jersey-media-multipart/2.33/jersey-media-multipart-2.33.jar:/home/alex/.m2/repository/org/jvnet/mimepull/mimepull/1.9.13/mimepull-1.9.13.jar:/home/alex/Repositories/nifi/nifi-commons/nifi-data-provenance-utils/target/classes:/home/alex/Repositories/nifi/nifi-nar-bundles/nifi-standard-services/nifi-distributed-cache-services-bundle/nifi-distributed-cache-client-service/target/classes:/home/alex/Repositories/nifi/nifi-nar-bundles/nifi-standard-services/nifi-distributed-cache-services-bundle/nifi-distributed-cache-protocol/target/classes:/home/alex/.m2/repository/io/netty/netty-buffer/4.1.69.Final/netty-buffer-4.1.69.Final.jar:/home/alex/.m2/repository/com/google/http-client/google-http-client/1.28.0/google-http-client-1.28.0.jar:/home/alex/.m2/repository/io/opencensus/opencensus-api/0.18.0/opencensus-api-0.18.0.jar:/home/alex/.m2/repository/io/grpc/grpc-context/1.14.0/grpc-context-1.14.0.jar:/home/alex/.m2/repository/io/opencensus/opencensus-contrib-http-util/0.18.0/opencensus-contrib-http-util-0.18.0.jar:/home/alex/.m2/repository/org/apache/activemq/activemq-broker/5.15.14/activemq-broker-5.15.14.jar:/home/alex/.m2/repository/org/apache/activemq/activemq-openwire-legacy/5.15.14/activemq-openwire-legacy-5.15.14.jar:/home/alex/Repositories/nifi/nifi-nar-bundles/nifi-standard-services/nifi-ssl-context-bundle/nifi-ssl-context-service/target/classes:/home/alex/Repositories/nifi/nifi-nar-bundles/nifi-framework-bundle/nifi-framework/nifi-standard-prioritizers/target/classes:/home/alex/Repositories/nifi/nifi-nar-bundles/nifi-extension-utils/nifi-record-utils/nifi-mock-record-utils/target/classes:/home/alex/Repositories/nifi/nifi-nar-bundles/nifi-standard-services/nifi-record-serialization-services-bundle/nifi-record-serialization-services/target/classes:/home/alex/.m2/repository/org/apache/commons/commons-csv/1.8/commons-csv-1.8.jar:/home/alex/.m2/repository/com/fasterxml/jackson/dataformat/jackson-dataformat-csv/2.12.3/jackson-dataformat-csv-2.12.3.jar:/home/alex/.m2/repository/net/java/dev/stax-utils/stax-utils/20070216/stax-utils-20070216.jar:/home/alex/Repositories/nifi/nifi-nar-bundles/nifi-standard-services/nifi-lookup-services-bundle/nifi-lookup-services/target/classes:/home/alex/.m2/repository/commons-beanutils/commons-beanutils/1.9.4/commons-beanutils-1.9.4.jar:/home/alex/.m2/repository/commons-collections/commons-collections/3.2.2/commons-collections-3.2.2.jar:/home/alex/.m2/repository/com/maxmind/geoip2/geoip2/2.12.0/geoip2-2.12.0.jar:/home/alex/.m2/repository/com/maxmind/db/maxmind-db/1.2.2/maxmind-db-1.2.2.jar:/home/alex/.m2/repository/org/apache/derby/derby/10.14.2.0/derby-10.14.2.0.jar:/home/alex/.m2/repository/org/xerial/snappy/snappy-java/1.1.7.3/snappy-java-1.1.7.3.jar:/home/alex/.m2/repository/net/lingala/zip4j/zip4j/2.8.0/zip4j-2.8.0.jar:/home/alex/.m2/repository/com/h2database/h2/1.4.187/h2-1.4.187.jar:/home/alex/.m2/repository/org/mockftpserver/MockFtpServer/2.7.1/MockFtpServer-2.7.1.jar:/home/alex/.m2/repository/org/apache/sshd/sshd-core/1.7.0/sshd-core-1.7.0.jar:/home/alex/.m2/repository/com/bazaarvoice/jolt/jolt-core/0.1.1/jolt-core-0.1.1.jar:/home/alex/.m2/repository/javax/inject/javax.inject/1/javax.inject-1.jar:/home/alex/.m2/repository/com/bazaarvoice/jolt/json-utils/0.1.1/json-utils-0.1.1.jar:/home/alex/Repositories/nifi/nifi-nar-bundles/nifi-standard-bundle/nifi-standard-utils/target/classes:/home/alex/.m2/repository/net/sf/supercsv/super-csv/2.4.0/super-csv-2.4.0.jar:/home/alex/.m2/repository/com/fluenda/parcefone/2.1.0/parcefone-2.1.0.jar:/home/alex/.m2/repository/javax/validation/validation-api/1.1.0.Final/validation-api-1.1.0.Final.jar:/home/alex/.m2/repository/javax/el/javax.el-api/3.0.0/javax.el-api-3.0.0.jar:/home/alex/.m2/repository/com/github/wnameless/json/json-flattener/0.12.0/json-flattener-0.12.0.jar:/home/alex/.m2/repository/com/github/wnameless/json/json-base/2.0.0/json-base-2.0.0.jar:/home/alex/.m2/repository/org/apache/bval/bval-jsr/1.1.2/bval-jsr-1.1.2.jar:/home/alex/.m2/repository/org/apache/bval/bval-core/1.1.2/bval-core-1.1.2.jar:/home/alex/.m2/repository/io/krakens/java-grok/0.1.9/java-grok-0.1.9.jar:/home/alex/.m2/repository/org/apache/calcite/calcite-core/1.27.0/calcite-core-1.27.0.jar:/home/alex/.m2/repository/org/apache/calcite/calcite-linq4j/1.27.0/calcite-linq4j-1.27.0.jar:/home/alex/.m2/repository/com/esri/geometry/esri-geometry-api/2.2.0/esri-geometry-api-2.2.0.jar:/home/alex/.m2/repository/org/apache/calcite/avatica/avatica-core/1.18.0/avatica-core-1.18.0.jar:/home/alex/.m2/repository/org/apache/calcite/avatica/avatica-metrics/1.18.0/avatica-metrics-1.18.0.jar:/home/alex/.m2/repository/com/google/protobuf/protobuf-java/3.6.1/protobuf-java-3.6.1.jar:/home/alex/.m2/repository/org/apiguardian/apiguardian-api/1.1.0/apiguardian-api-1.1.0.jar:/home/alex/.m2/repository/com/fasterxml/jackson/dataformat/jackson-dataformat-yaml/2.10.0/jackson-dataformat-yaml-2.10.0.jar:/home/alex/.m2/repository/org/yaml/snakeyaml/1.29/snakeyaml-1.29.jar:/home/alex/.m2/repository/com/google/uzaygezen/uzaygezen-core/0.2/uzaygezen-core-0.2.jar:/home/alex/.m2/repository/com/yahoo/datasketches/sketches-core/0.9.0/sketches-core-0.9.0.jar:/home/alex/.m2/repository/com/yahoo/datasketches/memory/0.9.0/memory-0.9.0.jar:/home/alex/.m2/repository/net/hydromatic/aggdesigner-algorithm/6.0/aggdesigner-algorithm-6.0.jar:/home/alex/.m2/repository/commons-lang/commons-lang/2.4/commons-lang-2.4.jar:/home/alex/.m2/repository/org/apache/commons/commons-dbcp2/2.6.0/commons-dbcp2-2.6.0.jar:/home/alex/.m2/repository/org/apache/commons/commons-pool2/2.6.1/commons-pool2-2.6.1.jar:/home/alex/.m2/repository/org/codehaus/janino/commons-compiler/3.0.11/commons-compiler-3.0.11.jar:/home/alex/.m2/repository/org/codehaus/janino/janino/3.0.11/janino-3.0.11.jar:/home/alex/Repositories/nifi/nifi-nar-bundles/nifi-standard-services/nifi-schema-registry-service-api/target/classes:/home/alex/Repositories/nifi/nifi-nar-bundles/nifi-extension-utils/nifi-database-utils/target/classes:/home/alex/Repositories/nifi/nifi-nar-bundles/nifi-standard-bundle/nifi-standard-web-test-utils/target/classes:/home/alex/.m2/repository/com/github/stefanbirkner/fake-sftp-server-rule/2.0.1/fake-sftp-server-rule-2.0.1.jar:/home/alex/.m2/repository/com/github/marschall/memoryfilesystem/2.8.0/memoryfilesystem-2.8.0.jar:/home/alex/.m2/repository/junit/junit/4.13.2/junit-4.13.2.jar:/home/alex/.m2/repository/org/hamcrest/hamcrest-core/1.3/hamcrest-core-1.3.jar:/home/alex/Repositories/nifi/nifi-nar-bundles/nifi-extension-utils/nifi-database-test-utils/target/classes:/home/alex/.m2/repository/org/codehaus/groovy/groovy-json/2.5.14/groovy-json-2.5.14.jar:/home/alex/.m2/repository/org/codehaus/groovy/groovy/2.5.14/groovy-2.5.14.jar:/home/alex/.m2/repository/org/codehaus/groovy/groovy-servlet/2.5.14/groovy-servlet-2.5.14.jar:/home/alex/.m2/repository/org/codehaus/groovy/groovy-templates/2.5.14/groovy-templates-2.5.14.jar:/home/alex/.m2/repository/org/codehaus/groovy/groovy-xml/2.5.14/groovy-xml-2.5.14.jar:/home/alex/.m2/repository/org/hamcrest/hamcrest-all/1.3/hamcrest-all-1.3.jar:/home/alex/.m2/repository/com/squareup/okhttp3/mockwebserver/4.9.2/mockwebserver-4.9.2.jar:/home/alex/.m2/repository/org/jetbrains/kotlin/kotlin-stdlib-jdk8/1.4.10/kotlin-stdlib-jdk8-1.4.10.jar:/home/alex/.m2/repository/org/jetbrains/kotlin/kotlin-stdlib-jdk7/1.4.10/kotlin-stdlib-jdk7-1.4.10.jar:/home/alex/.m2/repository/org/mockito/mockito-inline/3.12.4/mockito-inline-3.12.4.jar:/home/alex/.m2/repository/org/junit/jupiter/junit-jupiter-api/5.7.2/junit-jupiter-api-5.7.2.jar:/home/alex/.m2/repository/org/opentest4j/opentest4j/1.2.0/opentest4j-1.2.0.jar:/home/alex/.m2/repository/org/junit/platform/junit-platform-commons/1.7.2/junit-platform-commons-1.7.2.jar:/home/alex/.m2/repository/org/junit/jupiter/junit-jupiter-engine/5.7.2/junit-jupiter-engine-5.7.2.jar:/home/alex/.m2/repository/org/junit/platform/junit-platform-engine/1.7.2/junit-platform-engine-1.7.2.jar:/home/alex/.m2/repository/org/junit/vintage/junit-vintage-engine/5.7.2/junit-vintage-engine-5.7.2.jar:/home/alex/.m2/repository/org/junit/jupiter/junit-jupiter-params/5.7.2/junit-jupiter-params-5.7.2.jar:/home/alex/.m2/repository/org/mockito/mockito-core/3.11.2/mockito-core-3.11.2.jar:/home/alex/.m2/repository/net/bytebuddy/byte-buddy/1.11.3/byte-buddy-1.11.3.jar:/home/alex/.m2/repository/net/bytebuddy/byte-buddy-agent/1.11.3/byte-buddy-agent-1.11.3.jar:/home/alex/.m2/repository/org/objenesis/objenesis/3.2/objenesis-3.2.jar:/home/alex/.m2/repository/org/mockito/mockito-junit-jupiter/3.11.2/mockito-junit-jupiter-3.11.2.jar:/home/alex/.m2/repository/org/slf4j/slf4j-simple/1.7.32/slf4j-simple-1.7.32.jar:/home/alex/.m2/repository/org/codehaus/groovy/groovy-test/2.5.14/groovy-test-2.5.14.jar:"/>
    <property name="sun.cpu.endian" value="little"/>
    <property name="user.home" value="/home/alex"/>
    <property name="user.language" value="en"/>
    <property name="java.specification.vendor" value="Oracle Corporation"/>
    <property name="java.home" value="/usr/lib/jvm/java-8-openjdk-amd64/jre"/>
    <property name="basedir" value="/home/alex/Repositories/nifi/nifi-nar-bundles/nifi-standard-bundle/nifi-standard-processors"/>
    <property name="file.separator" value="/"/>
    <property name="line.separator" value="&#10;"/>
    <property name="java.vm.specification.vendor" value="Oracle Corporation"/>
    <property name="java.specification.name" value="Java Platform API Specification"/>
    <property name="derby.stream.error.file" value="target/derby.log"/>
    <property name="javax.xml.xpath.XPathFactory:http://saxon.sf.net/jaxp/xpath/om" value="net.sf.saxon.xpath.XPathFactoryImpl"/>
    <property name="java.awt.graphicsenv" value="sun.awt.X11GraphicsEnvironment"/>
    <property name="org.slf4j.simpleLogger.log.org.apache.nifi.processors.standard.SQLTransform" value="debug"/>
    <property name="java.awt.headless" value="true"/>
    <property name="org.slf4j.simpleLogger.log.nifi.processors.standard.ExecuteSQLRecord" value="debug"/>
    <property name="org.slf4j.simpleLogger.showDateTime" value="true"/>
    <property name="surefire.real.class.path" value="/home/alex/Repositories/nifi/nifi-nar-bundles/nifi-standard-bundle/nifi-standard-processors/target/surefire/surefirebooter7866820466567195306.jar"/>
    <property name="sun.boot.class.path" value="/usr/lib/jvm/java-8-openjdk-amd64/jre/lib/resources.jar:/usr/lib/jvm/java-8-openjdk-amd64/jre/lib/rt.jar:/usr/lib/jvm/java-8-openjdk-amd64/jre/lib/sunrsasign.jar:/usr/lib/jvm/java-8-openjdk-amd64/jre/lib/jsse.jar:/usr/lib/jvm/java-8-openjdk-amd64/jre/lib/jce.jar:/usr/lib/jvm/java-8-openjdk-amd64/jre/lib/charsets.jar:/usr/lib/jvm/java-8-openjdk-amd64/jre/lib/jfr.jar:/usr/lib/jvm/java-8-openjdk-amd64/jre/classes"/>
    <property name="sun.management.compiler" value="HotSpot 64-Bit Tiered Compilers"/>
    <property name="org.slf4j.simpleLogger.log.nifi.processors.standard.TestExecuteSQL" value="debug"/>
    <property name="java.runtime.version" value="1.8.0_402-8u402-ga-2ubuntu1~22.04-b06"/>
    <property name="java.net.preferIPv4Stack" value="true"/>
    <property name="user.name" value="alex"/>
    <property name="path.separator" value=":"/>
    <property name="os.version" value="6.5.0-28-generic"/>
    <property name="java.endorsed.dirs" value="/usr/lib/jvm/java-8-openjdk-amd64/jre/lib/endorsed"/>
    <property name="java.runtime.name" value="OpenJDK Runtime Environment"/>
    <property name="file.encoding" value="UTF-8"/>
    <property name="org.slf4j.simpleLogger.log.org.apache.nifi.processors.standard" value="TRACE"/>
    <property name="org.slf4j.simpleLogger.log.nifi.processors.standard.ExecuteSQL" value="debug"/>
    <property name="sun.nio.ch.bugLevel" value=""/>
    <property name="java.vm.name" value="OpenJDK 64-Bit Server VM"/>
    <property name="localRepository" value="/home/alex/.m2/repository"/>
    <property name="java.vendor.url.bug" value="http://bugreport.sun.com/bugreport/"/>
    <property name="java.io.tmpdir" value="/tmp"/>
    <property name="java.version" value="1.8.0_402"/>
    <property name="user.dir" value="/home/alex/Repositories/nifi/nifi-nar-bundles/nifi-standard-bundle/nifi-standard-processors"/>
    <property name="org.slf4j.simpleLogger.log.nifi.processors.standard.TestDetectDuplicate" value="debug"/>
    <property name="os.arch" value="amd64"/>
    <property name="java.vm.specification.name" value="Java Virtual Machine Specification"/>
    <property name="java.awt.printerjob" value="sun.print.PSPrinterJob"/>
    <property name="sun.os.patch.level" value="unknown"/>
    <property name="org.slf4j.simpleLogger.defaultLogLevel" value="info"/>
    <property name="java.library.path" value="/usr/java/packages/lib/amd64:/usr/lib/x86_64-linux-gnu/jni:/lib/x86_64-linux-gnu:/usr/lib/x86_64-linux-gnu:/usr/lib/jni:/lib:/usr/lib"/>
    <property name="java.vm.info" value="mixed mode"/>
    <property name="java.vendor" value="Private Build"/>
    <property name="java.vm.version" value="25.402-b06"/>
    <property name="org.slf4j.simpleLogger.log.nifi.processors.standard.DetectDuplicate" value="debug"/>
    <property name="java.specification.maintenance.version" value="5"/>
    <property name="java.ext.dirs" value="/usr/lib/jvm/java-8-openjdk-amd64/jre/lib/ext:/usr/java/packages/lib/ext"/>
    <property name="sun.io.unicode.encoding" value="UnicodeLittle"/>
    <property name="java.class.version" value="52.0"/>
  </properties>
  <testcase name="testWithOutputBatching" classname="org.apache.nifi.processors.standard.TestExecuteSQL" time="2.138">
    <system-err><![CDATA[[org.apache.nifi.processors.standard.ListenUDP [af2bc824-a682-43a5-acfb-266ec2b6da5d]] ERROR org.apache.nifi.processors.standard.ListenUDP - ListenUDP[id=af2bc824-a682-43a5-acfb-266ec2b6da5d] Internal queue at maximum capacity, could not queue event
[org.apache.nifi.processors.standard.ListenUDP [af2bc824-a682-43a5-acfb-266ec2b6da5d]] ERROR org.apache.nifi.processors.standard.ListenUDP - ListenUDP[id=af2bc824-a682-43a5-acfb-266ec2b6da5d] Internal queue at maximum capacity, could not queue event
[org.apache.nifi.processors.standard.ListenUDP [af2bc824-a682-43a5-acfb-266ec2b6da5d]] ERROR org.apache.nifi.processors.standard.ListenUDP - ListenUDP[id=af2bc824-a682-43a5-acfb-266ec2b6da5d] Internal queue at maximum capacity, could not queue event
[org.apache.nifi.processors.standard.ListenUDP [af2bc824-a682-43a5-acfb-266ec2b6da5d]] ERROR org.apache.nifi.processors.standard.ListenUDP - ListenUDP[id=af2bc824-a682-43a5-acfb-266ec2b6da5d] Internal queue at maximum capacity, could not queue event
[org.apache.nifi.processors.standard.ListenUDP [af2bc824-a682-43a5-acfb-266ec2b6da5d]] ERROR org.apache.nifi.processors.standard.ListenUDP - ListenUDP[id=af2bc824-a682-43a5-acfb-266ec2b6da5d] Internal queue at maximum capacity, could not queue event
[org.apache.nifi.processors.standard.ListenUDP [af2bc824-a682-43a5-acfb-266ec2b6da5d]] ERROR org.apache.nifi.processors.standard.ListenUDP - ListenUDP[id=af2bc824-a682-43a5-acfb-266ec2b6da5d] Internal queue at maximum capacity, could not queue event
[org.apache.nifi.processors.standard.ListenUDP [af2bc824-a682-43a5-acfb-266ec2b6da5d]] ERROR org.apache.nifi.processors.standard.ListenUDP - ListenUDP[id=af2bc824-a682-43a5-acfb-266ec2b6da5d] Internal queue at maximum capacity, could not queue event
[org.apache.nifi.processors.standard.ListenUDP [af2bc824-a682-43a5-acfb-266ec2b6da5d]] ERROR org.apache.nifi.processors.standard.ListenUDP - ListenUDP[id=af2bc824-a682-43a5-acfb-266ec2b6da5d] Internal queue at maximum capacity, could not queue event
[org.apache.nifi.processors.standard.ListenUDP [af2bc824-a682-43a5-acfb-266ec2b6da5d]] ERROR org.apache.nifi.processors.standard.ListenUDP - ListenUDP[id=af2bc824-a682-43a5-acfb-266ec2b6da5d] Internal queue at maximum capacity, could not queue event
[org.apache.nifi.processors.standard.ListenUDP [af2bc824-a682-43a5-acfb-266ec2b6da5d]] ERROR org.apache.nifi.processors.standard.ListenUDP - ListenUDP[id=af2bc824-a682-43a5-acfb-266ec2b6da5d] Internal queue at maximum capacity, could not queue event
[org.apache.nifi.processors.standard.ListenUDP [af2bc824-a682-43a5-acfb-266ec2b6da5d]] ERROR org.apache.nifi.processors.standard.ListenUDP - ListenUDP[id=af2bc824-a682-43a5-acfb-266ec2b6da5d] Internal queue at maximum capacity, could not queue event
[org.apache.nifi.processors.standard.ListenUDP [af2bc824-a682-43a5-acfb-266ec2b6da5d]] ERROR org.apache.nifi.processors.standard.ListenUDP - ListenUDP[id=af2bc824-a682-43a5-acfb-266ec2b6da5d] Internal queue at maximum capacity, could not queue event
[org.apache.nifi.processors.standard.ListenUDP [af2bc824-a682-43a5-acfb-266ec2b6da5d]] ERROR org.apache.nifi.processors.standard.ListenUDP - ListenUDP[id=af2bc824-a682-43a5-acfb-266ec2b6da5d] Internal queue at maximum capacity, could not queue event
[pool-1916-thread-1] DEBUG org.apache.nifi.processors.standard.ExecuteSQL - ExecuteSQL[id=f2d925c5-67e3-4248-bb69-863ff50dc377] Executing query SELECT * FROM TEST_NULL_INT
[pool-1916-thread-1] INFO org.apache.nifi.processors.standard.ExecuteSQL - ExecuteSQL[id=f2d925c5-67e3-4248-bb69-863ff50dc377] FlowFile[0,100385562676132.mockFlowFile,286B] contains 5 records; transferring to 'success'
[pool-1916-thread-1] INFO org.apache.nifi.processors.standard.ExecuteSQL - ExecuteSQL[id=f2d925c5-67e3-4248-bb69-863ff50dc377] FlowFile[1,100385563695064.mockFlowFile,286B] contains 5 records; transferring to 'success'
[pool-1916-thread-1] INFO org.apache.nifi.processors.standard.ExecuteSQL - ExecuteSQL[id=f2d925c5-67e3-4248-bb69-863ff50dc377] FlowFile[2,100385563821361.mockFlowFile,286B] contains 5 records; transferring to 'success'
[pool-1916-thread-1] INFO org.apache.nifi.processors.standard.ExecuteSQL - ExecuteSQL[id=f2d925c5-67e3-4248-bb69-863ff50dc377] FlowFile[3,100385563916956.mockFlowFile,286B] contains 5 records; transferring to 'success'
[pool-1916-thread-1] INFO org.apache.nifi.processors.standard.ExecuteSQL - ExecuteSQL[id=f2d925c5-67e3-4248-bb69-863ff50dc377] FlowFile[4,100385564092544.mockFlowFile,286B] contains 5 records; transferring to 'success'
[pool-1916-thread-1] INFO org.apache.nifi.processors.standard.ExecuteSQL - ExecuteSQL[id=f2d925c5-67e3-4248-bb69-863ff50dc377] FlowFile[5,100385564281721.mockFlowFile,286B] contains 5 records; transferring to 'success'
[pool-1916-thread-1] INFO org.apache.nifi.processors.standard.ExecuteSQL - ExecuteSQL[id=f2d925c5-67e3-4248-bb69-863ff50dc377] FlowFile[6,100385564471128.mockFlowFile,286B] contains 5 records; transferring to 'success'
[pool-1916-thread-1] INFO org.apache.nifi.processors.standard.ExecuteSQL - ExecuteSQL[id=f2d925c5-67e3-4248-bb69-863ff50dc377] FlowFile[7,100385564588588.mockFlowFile,286B] contains 5 records; transferring to 'success'
[pool-1916-thread-1] INFO org.apache.nifi.processors.standard.ExecuteSQL - ExecuteSQL[id=f2d925c5-67e3-4248-bb69-863ff50dc377] FlowFile[8,100385564688930.mockFlowFile,286B] contains 5 records; transferring to 'success'
[pool-1916-thread-1] INFO org.apache.nifi.processors.standard.ExecuteSQL - ExecuteSQL[id=f2d925c5-67e3-4248-bb69-863ff50dc377] FlowFile[9,100385564797809.mockFlowFile,286B] contains 5 records; transferring to 'success'
[pool-1916-thread-1] INFO org.apache.nifi.processors.standard.ExecuteSQL - ExecuteSQL[id=f2d925c5-67e3-4248-bb69-863ff50dc377] FlowFile[10,100385564914499.mockFlowFile,286B] contains 5 records; transferring to 'success'
[pool-1916-thread-1] INFO org.apache.nifi.processors.standard.ExecuteSQL - ExecuteSQL[id=f2d925c5-67e3-4248-bb69-863ff50dc377] FlowFile[11,100385565007443.mockFlowFile,286B] contains 5 records; transferring to 'success'
[pool-1916-thread-1] INFO org.apache.nifi.processors.standard.ExecuteSQL - ExecuteSQL[id=f2d925c5-67e3-4248-bb69-863ff50dc377] FlowFile[12,100385565167669.mockFlowFile,287B] contains 5 records; transferring to 'success'
[pool-1916-thread-1] INFO org.apache.nifi.processors.standard.ExecuteSQL - ExecuteSQL[id=f2d925c5-67e3-4248-bb69-863ff50dc377] FlowFile[13,100385565345181.mockFlowFile,291B] contains 5 records; transferring to 'success'
[pool-1916-thread-1] INFO org.apache.nifi.processors.standard.ExecuteSQL - ExecuteSQL[id=f2d925c5-67e3-4248-bb69-863ff50dc377] FlowFile[14,100385565518669.mockFlowFile,291B] contains 5 records; transferring to 'success'
[pool-1916-thread-1] INFO org.apache.nifi.processors.standard.ExecuteSQL - ExecuteSQL[id=f2d925c5-67e3-4248-bb69-863ff50dc377] FlowFile[15,100385565697422.mockFlowFile,291B] contains 5 records; transferring to 'success'
[pool-1916-thread-1] INFO org.apache.nifi.processors.standard.ExecuteSQL - ExecuteSQL[id=f2d925c5-67e3-4248-bb69-863ff50dc377] FlowFile[16,100385565858109.mockFlowFile,291B] contains 5 records; transferring to 'success'
[pool-1916-thread-1] INFO org.apache.nifi.processors.standard.ExecuteSQL - ExecuteSQL[id=f2d925c5-67e3-4248-bb69-863ff50dc377] FlowFile[17,100385566012148.mockFlowFile,291B] contains 5 records; transferring to 'success'
[pool-1916-thread-1] INFO org.apache.nifi.processors.standard.ExecuteSQL - ExecuteSQL[id=f2d925c5-67e3-4248-bb69-863ff50dc377] FlowFile[18,100385566157691.mockFlowFile,291B] contains 5 records; transferring to 'success'
[pool-1916-thread-1] INFO org.apache.nifi.processors.standard.ExecuteSQL - ExecuteSQL[id=f2d925c5-67e3-4248-bb69-863ff50dc377] FlowFile[19,100385566301708.mockFlowFile,291B] contains 5 records; transferring to 'success'
[pool-1916-thread-1] INFO org.apache.nifi.processors.standard.ExecuteSQL - ExecuteSQL[id=f2d925c5-67e3-4248-bb69-863ff50dc377] FlowFile[20,100385566477356.mockFlowFile,291B] contains 5 records; transferring to 'success'
[pool-1916-thread-1] INFO org.apache.nifi.processors.standard.ExecuteSQL - ExecuteSQL[id=f2d925c5-67e3-4248-bb69-863ff50dc377] FlowFile[21,100385566609499.mockFlowFile,291B] contains 5 records; transferring to 'success'
[pool-1916-thread-1] INFO org.apache.nifi.processors.standard.ExecuteSQL - ExecuteSQL[id=f2d925c5-67e3-4248-bb69-863ff50dc377] FlowFile[22,100385566700068.mockFlowFile,291B] contains 5 records; transferring to 'success'
[pool-1916-thread-1] INFO org.apache.nifi.processors.standard.ExecuteSQL - ExecuteSQL[id=f2d925c5-67e3-4248-bb69-863ff50dc377] FlowFile[23,100385566798655.mockFlowFile,291B] contains 5 records; transferring to 'success'
[pool-1916-thread-1] INFO org.apache.nifi.processors.standard.ExecuteSQL - ExecuteSQL[id=f2d925c5-67e3-4248-bb69-863ff50dc377] FlowFile[24,100385566897130.mockFlowFile,291B] contains 5 records; transferring to 'success'
[pool-1916-thread-1] INFO org.apache.nifi.processors.standard.ExecuteSQL - ExecuteSQL[id=f2d925c5-67e3-4248-bb69-863ff50dc377] FlowFile[25,100385566991513.mockFlowFile,291B] contains 5 records; transferring to 'success'
[pool-1916-thread-1] INFO org.apache.nifi.processors.standard.ExecuteSQL - ExecuteSQL[id=f2d925c5-67e3-4248-bb69-863ff50dc377] FlowFile[26,100385567088834.mockFlowFile,291B] contains 5 records; transferring to 'success'
[pool-1916-thread-1] INFO org.apache.nifi.processors.standard.ExecuteSQL - ExecuteSQL[id=f2d925c5-67e3-4248-bb69-863ff50dc377] FlowFile[27,100385567177947.mockFlowFile,291B] contains 5 records; transferring to 'success'
[pool-1916-thread-1] INFO org.apache.nifi.processors.standard.ExecuteSQL - ExecuteSQL[id=f2d925c5-67e3-4248-bb69-863ff50dc377] FlowFile[28,100385567267400.mockFlowFile,291B] contains 5 records; transferring to 'success'
[pool-1916-thread-1] INFO org.apache.nifi.processors.standard.ExecuteSQL - ExecuteSQL[id=f2d925c5-67e3-4248-bb69-863ff50dc377] FlowFile[29,100385567361098.mockFlowFile,291B] contains 5 records; transferring to 'success'
[pool-1916-thread-1] INFO org.apache.nifi.processors.standard.ExecuteSQL - ExecuteSQL[id=f2d925c5-67e3-4248-bb69-863ff50dc377] FlowFile[30,100385567480064.mockFlowFile,291B] contains 5 records; transferring to 'success'
[pool-1916-thread-1] INFO org.apache.nifi.processors.standard.ExecuteSQL - ExecuteSQL[id=f2d925c5-67e3-4248-bb69-863ff50dc377] FlowFile[31,100385567574465.mockFlowFile,291B] contains 5 records; transferring to 'success'
[pool-1916-thread-1] INFO org.apache.nifi.processors.standard.ExecuteSQL - ExecuteSQL[id=f2d925c5-67e3-4248-bb69-863ff50dc377] FlowFile[32,100385567669679.mockFlowFile,291B] contains 5 records; transferring to 'success'
[pool-1916-thread-1] INFO org.apache.nifi.processors.standard.ExecuteSQL - ExecuteSQL[id=f2d925c5-67e3-4248-bb69-863ff50dc377] FlowFile[33,100385567794740.mockFlowFile,291B] contains 5 records; transferring to 'success'
[pool-1916-thread-1] INFO org.apache.nifi.processors.standard.ExecuteSQL - ExecuteSQL[id=f2d925c5-67e3-4248-bb69-863ff50dc377] FlowFile[34,100385567937653.mockFlowFile,291B] contains 5 records; transferring to 'success'
[pool-1916-thread-1] INFO org.apache.nifi.processors.standard.ExecuteSQL - ExecuteSQL[id=f2d925c5-67e3-4248-bb69-863ff50dc377] FlowFile[35,100385568123985.mockFlowFile,291B] contains 5 records; transferring to 'success'
[pool-1916-thread-1] INFO org.apache.nifi.processors.standard.ExecuteSQL - ExecuteSQL[id=f2d925c5-67e3-4248-bb69-863ff50dc377] FlowFile[36,100385568284969.mockFlowFile,291B] contains 5 records; transferring to 'success'
[pool-1916-thread-1] INFO org.apache.nifi.processors.standard.ExecuteSQL - ExecuteSQL[id=f2d925c5-67e3-4248-bb69-863ff50dc377] FlowFile[37,100385568432576.mockFlowFile,291B] contains 5 records; transferring to 'success'
[pool-1916-thread-1] INFO org.apache.nifi.processors.standard.ExecuteSQL - ExecuteSQL[id=f2d925c5-67e3-4248-bb69-863ff50dc377] FlowFile[38,100385568581140.mockFlowFile,291B] contains 5 records; transferring to 'success'
[pool-1916-thread-1] INFO org.apache.nifi.processors.standard.ExecuteSQL - ExecuteSQL[id=f2d925c5-67e3-4248-bb69-863ff50dc377] FlowFile[39,100385568740668.mockFlowFile,291B] contains 5 records; transferring to 'success'
[pool-1916-thread-1] INFO org.apache.nifi.processors.standard.ExecuteSQL - ExecuteSQL[id=f2d925c5-67e3-4248-bb69-863ff50dc377] FlowFile[40,100385568899911.mockFlowFile,291B] contains 5 records; transferring to 'success'
[pool-1916-thread-1] INFO org.apache.nifi.processors.standard.ExecuteSQL - ExecuteSQL[id=f2d925c5-67e3-4248-bb69-863ff50dc377] FlowFile[41,100385569040528.mockFlowFile,291B] contains 5 records; transferring to 'success'
[pool-1916-thread-1] INFO org.apache.nifi.processors.standard.ExecuteSQL - ExecuteSQL[id=f2d925c5-67e3-4248-bb69-863ff50dc377] FlowFile[42,100385569189458.mockFlowFile,291B] contains 5 records; transferring to 'success'
[pool-1916-thread-1] INFO org.apache.nifi.processors.standard.ExecuteSQL - ExecuteSQL[id=f2d925c5-67e3-4248-bb69-863ff50dc377] FlowFile[43,100385569333747.mockFlowFile,291B] contains 5 records; transferring to 'success'
[pool-1916-thread-1] INFO org.apache.nifi.processors.standard.ExecuteSQL - ExecuteSQL[id=f2d925c5-67e3-4248-bb69-863ff50dc377] FlowFile[44,100385569477546.mockFlowFile,291B] contains 5 records; transferring to 'success'
[pool-1916-thread-1] INFO org.apache.nifi.processors.standard.ExecuteSQL - ExecuteSQL[id=f2d925c5-67e3-4248-bb69-863ff50dc377] FlowFile[45,100385569702692.mockFlowFile,291B] contains 5 records; transferring to 'success'
[pool-1916-thread-1] INFO org.apache.nifi.processors.standard.ExecuteSQL - ExecuteSQL[id=f2d925c5-67e3-4248-bb69-863ff50dc377] FlowFile[46,100385569868795.mockFlowFile,291B] contains 5 records; transferring to 'success'
[pool-1916-thread-1] INFO org.apache.nifi.processors.standard.ExecuteSQL - ExecuteSQL[id=f2d925c5-67e3-4248-bb69-863ff50dc377] FlowFile[47,100385570016071.mockFlowFile,291B] contains 5 records; transferring to 'success'
[pool-1916-thread-1] INFO org.apache.nifi.processors.standard.ExecuteSQL - ExecuteSQL[id=f2d925c5-67e3-4248-bb69-863ff50dc377] FlowFile[48,100385570182304.mockFlowFile,291B] contains 5 records; transferring to 'success'
[pool-1916-thread-1] INFO org.apache.nifi.processors.standard.ExecuteSQL - ExecuteSQL[id=f2d925c5-67e3-4248-bb69-863ff50dc377] FlowFile[49,100385570361509.mockFlowFile,291B] contains 5 records; transferring to 'success'
[pool-1916-thread-1] INFO org.apache.nifi.processors.standard.ExecuteSQL - ExecuteSQL[id=f2d925c5-67e3-4248-bb69-863ff50dc377] FlowFile[50,100385570518012.mockFlowFile,291B] contains 5 records; transferring to 'success'
[pool-1916-thread-1] INFO org.apache.nifi.processors.standard.ExecuteSQL - ExecuteSQL[id=f2d925c5-67e3-4248-bb69-863ff50dc377] FlowFile[51,100385570668342.mockFlowFile,291B] contains 5 records; transferring to 'success'
[pool-1916-thread-1] INFO org.apache.nifi.processors.standard.ExecuteSQL - ExecuteSQL[id=f2d925c5-67e3-4248-bb69-863ff50dc377] FlowFile[52,100385570826925.mockFlowFile,291B] contains 5 records; transferring to 'success'
[pool-1916-thread-1] INFO org.apache.nifi.processors.standard.ExecuteSQL - ExecuteSQL[id=f2d925c5-67e3-4248-bb69-863ff50dc377] FlowFile[53,100385570981350.mockFlowFile,291B] contains 5 records; transferring to 'success'
[pool-1916-thread-1] INFO org.apache.nifi.processors.standard.ExecuteSQL - ExecuteSQL[id=f2d925c5-67e3-4248-bb69-863ff50dc377] FlowFile[54,100385571132239.mockFlowFile,291B] contains 5 records; transferring to 'success'
[pool-1916-thread-1] INFO org.apache.nifi.processors.standard.ExecuteSQL - ExecuteSQL[id=f2d925c5-67e3-4248-bb69-863ff50dc377] FlowFile[55,100385571300383.mockFlowFile,291B] contains 5 records; transferring to 'success'
[pool-1916-thread-1] INFO org.apache.nifi.processors.standard.ExecuteSQL - ExecuteSQL[id=f2d925c5-67e3-4248-bb69-863ff50dc377] FlowFile[56,100385571464023.mockFlowFile,291B] contains 5 records; transferring to 'success'
[pool-1916-thread-1] INFO org.apache.nifi.processors.standard.ExecuteSQL - ExecuteSQL[id=f2d925c5-67e3-4248-bb69-863ff50dc377] FlowFile[57,100385571613421.mockFlowFile,291B] contains 5 records; transferring to 'success'
[pool-1916-thread-1] INFO org.apache.nifi.processors.standard.ExecuteSQL - ExecuteSQL[id=f2d925c5-67e3-4248-bb69-863ff50dc377] FlowFile[58,100385571772184.mockFlowFile,291B] contains 5 records; transferring to 'success'
[pool-1916-thread-1] INFO org.apache.nifi.processors.standard.ExecuteSQL - ExecuteSQL[id=f2d925c5-67e3-4248-bb69-863ff50dc377] FlowFile[59,100385571929548.mockFlowFile,291B] contains 5 records; transferring to 'success'
[pool-1916-thread-1] INFO org.apache.nifi.processors.standard.ExecuteSQL - ExecuteSQL[id=f2d925c5-67e3-4248-bb69-863ff50dc377] FlowFile[60,100385572094590.mockFlowFile,291B] contains 5 records; transferring to 'success'
[pool-1916-thread-1] INFO org.apache.nifi.processors.standard.ExecuteSQL - ExecuteSQL[id=f2d925c5-67e3-4248-bb69-863ff50dc377] FlowFile[61,100385572257791.mockFlowFile,291B] contains 5 records; transferring to 'success'
[pool-1916-thread-1] INFO org.apache.nifi.processors.standard.ExecuteSQL - ExecuteSQL[id=f2d925c5-67e3-4248-bb69-863ff50dc377] FlowFile[62,100385572407721.mockFlowFile,291B] contains 5 records; transferring to 'success'
[pool-1916-thread-1] INFO org.apache.nifi.processors.standard.ExecuteSQL - ExecuteSQL[id=f2d925c5-67e3-4248-bb69-863ff50dc377] FlowFile[63,100385572555918.mockFlowFile,291B] contains 5 records; transferring to 'success'
[pool-1916-thread-1] INFO org.apache.nifi.processors.standard.ExecuteSQL - ExecuteSQL[id=f2d925c5-67e3-4248-bb69-863ff50dc377] FlowFile[64,100385572726687.mockFlowFile,291B] contains 5 records; transferring to 'success'
[pool-1916-thread-1] INFO org.apache.nifi.processors.standard.ExecuteSQL - ExecuteSQL[id=f2d925c5-67e3-4248-bb69-863ff50dc377] FlowFile[65,100385572903720.mockFlowFile,291B] contains 5 records; transferring to 'success'
[pool-1916-thread-1] INFO org.apache.nifi.processors.standard.ExecuteSQL - ExecuteSQL[id=f2d925c5-67e3-4248-bb69-863ff50dc377] FlowFile[66,100385573061130.mockFlowFile,291B] contains 5 records; transferring to 'success'
[pool-1916-thread-1] INFO org.apache.nifi.processors.standard.ExecuteSQL - ExecuteSQL[id=f2d925c5-67e3-4248-bb69-863ff50dc377] FlowFile[67,100385573213640.mockFlowFile,291B] contains 5 records; transferring to 'success'
[pool-1916-thread-1] INFO org.apache.nifi.processors.standard.ExecuteSQL - ExecuteSQL[id=f2d925c5-67e3-4248-bb69-863ff50dc377] FlowFile[68,100385573378487.mockFlowFile,291B] contains 5 records; transferring to 'success'
[pool-1916-thread-1] INFO org.apache.nifi.processors.standard.ExecuteSQL - ExecuteSQL[id=f2d925c5-67e3-4248-bb69-863ff50dc377] FlowFile[69,100385573529113.mockFlowFile,291B] contains 5 records; transferring to 'success'
[pool-1916-thread-1] INFO org.apache.nifi.processors.standard.ExecuteSQL - ExecuteSQL[id=f2d925c5-67e3-4248-bb69-863ff50dc377] FlowFile[70,100385573680802.mockFlowFile,291B] contains 5 records; transferring to 'success'
[pool-1916-thread-1] INFO org.apache.nifi.processors.standard.ExecuteSQL - ExecuteSQL[id=f2d925c5-67e3-4248-bb69-863ff50dc377] FlowFile[71,100385573846699.mockFlowFile,291B] contains 5 records; transferring to 'success'
[pool-1916-thread-1] INFO org.apache.nifi.processors.standard.ExecuteSQL - ExecuteSQL[id=f2d925c5-67e3-4248-bb69-863ff50dc377] FlowFile[72,100385574003504.mockFlowFile,291B] contains 5 records; transferring to 'success'
[pool-1916-thread-1] INFO org.apache.nifi.processors.standard.ExecuteSQL - ExecuteSQL[id=f2d925c5-67e3-4248-bb69-863ff50dc377] FlowFile[73,100385574172890.mockFlowFile,291B] contains 5 records; transferring to 'success'
[pool-1916-thread-1] INFO org.apache.nifi.processors.standard.ExecuteSQL - ExecuteSQL[id=f2d925c5-67e3-4248-bb69-863ff50dc377] FlowFile[74,100385574333248.mockFlowFile,291B] contains 5 records; transferring to 'success'
[pool-1916-thread-1] INFO org.apache.nifi.processors.standard.ExecuteSQL - ExecuteSQL[id=f2d925c5-67e3-4248-bb69-863ff50dc377] FlowFile[75,100385574489613.mockFlowFile,291B] contains 5 records; transferring to 'success'
[pool-1916-thread-1] INFO org.apache.nifi.processors.standard.ExecuteSQL - ExecuteSQL[id=f2d925c5-67e3-4248-bb69-863ff50dc377] FlowFile[76,100385574634694.mockFlowFile,291B] contains 5 records; transferring to 'success'
[pool-1916-thread-1] INFO org.apache.nifi.processors.standard.ExecuteSQL - ExecuteSQL[id=f2d925c5-67e3-4248-bb69-863ff50dc377] FlowFile[77,100385574794071.mockFlowFile,291B] contains 5 records; transferring to 'success'
[pool-1916-thread-1] INFO org.apache.nifi.processors.standard.ExecuteSQL - ExecuteSQL[id=f2d925c5-67e3-4248-bb69-863ff50dc377] FlowFile[78,100385574943228.mockFlowFile,291B] contains 5 records; transferring to 'success'
[pool-1916-thread-1] INFO org.apache.nifi.processors.standard.ExecuteSQL - ExecuteSQL[id=f2d925c5-67e3-4248-bb69-863ff50dc377] FlowFile[79,100385575100528.mockFlowFile,291B] contains 5 records; transferring to 'success'
[pool-1916-thread-1] INFO org.apache.nifi.processors.standard.ExecuteSQL - ExecuteSQL[id=f2d925c5-67e3-4248-bb69-863ff50dc377] FlowFile[80,100385575266270.mockFlowFile,291B] contains 5 records; transferring to 'success'
[pool-1916-thread-1] INFO org.apache.nifi.processors.standard.ExecuteSQL - ExecuteSQL[id=f2d925c5-67e3-4248-bb69-863ff50dc377] FlowFile[81,100385575435320.mockFlowFile,291B] contains 5 records; transferring to 'success'
[pool-1916-thread-1] INFO org.apache.nifi.processors.standard.ExecuteSQL - ExecuteSQL[id=f2d925c5-67e3-4248-bb69-863ff50dc377] FlowFile[82,100385575582713.mockFlowFile,291B] contains 5 records; transferring to 'success'
[pool-1916-thread-1] INFO org.apache.nifi.processors.standard.ExecuteSQL - ExecuteSQL[id=f2d925c5-67e3-4248-bb69-863ff50dc377] FlowFile[83,100385575738104.mockFlowFile,291B] contains 5 records; transferring to 'success'
[pool-1916-thread-1] INFO org.apache.nifi.processors.standard.ExecuteSQL - ExecuteSQL[id=f2d925c5-67e3-4248-bb69-863ff50dc377] FlowFile[84,100385575901430.mockFlowFile,291B] contains 5 records; transferring to 'success'
[pool-1916-thread-1] INFO org.apache.nifi.processors.standard.ExecuteSQL - ExecuteSQL[id=f2d925c5-67e3-4248-bb69-863ff50dc377] FlowFile[85,100385576084206.mockFlowFile,291B] contains 5 records; transferring to 'success'
[pool-1916-thread-1] INFO org.apache.nifi.processors.standard.ExecuteSQL - ExecuteSQL[id=f2d925c5-67e3-4248-bb69-863ff50dc377] FlowFile[86,100385576242065.mockFlowFile,291B] contains 5 records; transferring to 'success'
[pool-1916-thread-1] INFO org.apache.nifi.processors.standard.ExecuteSQL - ExecuteSQL[id=f2d925c5-67e3-4248-bb69-863ff50dc377] FlowFile[87,100385576403073.mockFlowFile,291B] contains 5 records; transferring to 'success'
[pool-1916-thread-1] INFO org.apache.nifi.processors.standard.ExecuteSQL - ExecuteSQL[id=f2d925c5-67e3-4248-bb69-863ff50dc377] FlowFile[88,100385576568523.mockFlowFile,291B] contains 5 records; transferring to 'success'
[pool-1916-thread-1] INFO org.apache.nifi.processors.standard.ExecuteSQL - ExecuteSQL[id=f2d925c5-67e3-4248-bb69-863ff50dc377] FlowFile[89,100385576728338.mockFlowFile,291B] contains 5 records; transferring to 'success'
[pool-1916-thread-1] INFO org.apache.nifi.processors.standard.ExecuteSQL - ExecuteSQL[id=f2d925c5-67e3-4248-bb69-863ff50dc377] FlowFile[90,100385576909565.mockFlowFile,291B] contains 5 records; transferring to 'success'
[pool-1916-thread-1] INFO org.apache.nifi.processors.standard.ExecuteSQL - ExecuteSQL[id=f2d925c5-67e3-4248-bb69-863ff50dc377] FlowFile[91,100385577065979.mockFlowFile,291B] contains 5 records; transferring to 'success'
[pool-1916-thread-1] INFO org.apache.nifi.processors.standard.ExecuteSQL - ExecuteSQL[id=f2d925c5-67e3-4248-bb69-863ff50dc377] FlowFile[92,100385577216178.mockFlowFile,291B] contains 5 records; transferring to 'success'
[pool-1916-thread-1] INFO org.apache.nifi.processors.standard.ExecuteSQL - ExecuteSQL[id=f2d925c5-67e3-4248-bb69-863ff50dc377] FlowFile[93,100385577383763.mockFlowFile,291B] contains 5 records; transferring to 'success'
[pool-1916-thread-1] INFO org.apache.nifi.processors.standard.ExecuteSQL - ExecuteSQL[id=f2d925c5-67e3-4248-bb69-863ff50dc377] FlowFile[94,100385577534623.mockFlowFile,291B] contains 5 records; transferring to 'success'
[pool-1916-thread-1] INFO org.apache.nifi.processors.standard.ExecuteSQL - ExecuteSQL[id=f2d925c5-67e3-4248-bb69-863ff50dc377] FlowFile[95,100385577690992.mockFlowFile,291B] contains 5 records; transferring to 'success'
[pool-1916-thread-1] INFO org.apache.nifi.processors.standard.ExecuteSQL - ExecuteSQL[id=f2d925c5-67e3-4248-bb69-863ff50dc377] FlowFile[96,100385577854323.mockFlowFile,291B] contains 5 records; transferring to 'success'
[pool-1916-thread-1] INFO org.apache.nifi.processors.standard.ExecuteSQL - ExecuteSQL[id=f2d925c5-67e3-4248-bb69-863ff50dc377] FlowFile[97,100385578023059.mockFlowFile,291B] contains 5 records; transferring to 'success'
[pool-1916-thread-1] INFO org.apache.nifi.processors.standard.ExecuteSQL - ExecuteSQL[id=f2d925c5-67e3-4248-bb69-863ff50dc377] FlowFile[98,100385578176943.mockFlowFile,291B] contains 5 records; transferring to 'success'
[pool-1916-thread-1] INFO org.apache.nifi.processors.standard.ExecuteSQL - ExecuteSQL[id=f2d925c5-67e3-4248-bb69-863ff50dc377] FlowFile[99,100385578325326.mockFlowFile,291B] contains 5 records; transferring to 'success'
[pool-1916-thread-1] INFO org.apache.nifi.processors.standard.ExecuteSQL - ExecuteSQL[id=f2d925c5-67e3-4248-bb69-863ff50dc377] FlowFile[100,100385578496747.mockFlowFile,291B] contains 5 records; transferring to 'success'
[pool-1916-thread-1] INFO org.apache.nifi.processors.standard.ExecuteSQL - ExecuteSQL[id=f2d925c5-67e3-4248-bb69-863ff50dc377] FlowFile[101,100385578653897.mockFlowFile,291B] contains 5 records; transferring to 'success'
[pool-1916-thread-1] INFO org.apache.nifi.processors.standard.ExecuteSQL - ExecuteSQL[id=f2d925c5-67e3-4248-bb69-863ff50dc377] FlowFile[102,100385578806512.mockFlowFile,291B] contains 5 records; transferring to 'success'
[pool-1916-thread-1] INFO org.apache.nifi.processors.standard.ExecuteSQL - ExecuteSQL[id=f2d925c5-67e3-4248-bb69-863ff50dc377] FlowFile[103,100385578972090.mockFlowFile,291B] contains 5 records; transferring to 'success'
[pool-1916-thread-1] INFO org.apache.nifi.processors.standard.ExecuteSQL - ExecuteSQL[id=f2d925c5-67e3-4248-bb69-863ff50dc377] FlowFile[104,100385579138908.mockFlowFile,291B] contains 5 records; transferring to 'success'
[pool-1916-thread-1] INFO org.apache.nifi.processors.standard.ExecuteSQL - ExecuteSQL[id=f2d925c5-67e3-4248-bb69-863ff50dc377] FlowFile[105,100385579303100.mockFlowFile,291B] contains 5 records; transferring to 'success'
[pool-1916-thread-1] INFO org.apache.nifi.processors.standard.ExecuteSQL - ExecuteSQL[id=f2d925c5-67e3-4248-bb69-863ff50dc377] FlowFile[106,100385579474203.mockFlowFile,291B] contains 5 records; transferring to 'success'
[pool-1916-thread-1] INFO org.apache.nifi.processors.standard.ExecuteSQL - ExecuteSQL[id=f2d925c5-67e3-4248-bb69-863ff50dc377] FlowFile[107,100385579630028.mockFlowFile,291B] contains 5 records; transferring to 'success'
[pool-1916-thread-1] INFO org.apache.nifi.processors.standard.ExecuteSQL - ExecuteSQL[id=f2d925c5-67e3-4248-bb69-863ff50dc377] FlowFile[108,100385579785782.mockFlowFile,291B] contains 5 records; transferring to 'success'
[pool-1916-thread-1] INFO org.apache.nifi.processors.standard.ExecuteSQL - ExecuteSQL[id=f2d925c5-67e3-4248-bb69-863ff50dc377] FlowFile[109,100385579973774.mockFlowFile,291B] contains 5 records; transferring to 'success'
[pool-1916-thread-1] INFO org.apache.nifi.processors.standard.ExecuteSQL - ExecuteSQL[id=f2d925c5-67e3-4248-bb69-863ff50dc377] FlowFile[110,100385580159880.mockFlowFile,291B] contains 5 records; transferring to 'success'
[pool-1916-thread-1] INFO org.apache.nifi.processors.standard.ExecuteSQL - ExecuteSQL[id=f2d925c5-67e3-4248-bb69-863ff50dc377] FlowFile[111,100385580318550.mockFlowFile,291B] contains 5 records; transferring to 'success'
[pool-1916-thread-1] INFO org.apache.nifi.processors.standard.ExecuteSQL - ExecuteSQL[id=f2d925c5-67e3-4248-bb69-863ff50dc377] FlowFile[112,100385580482166.mockFlowFile,291B] contains 5 records; transferring to 'success'
[pool-1916-thread-1] INFO org.apache.nifi.processors.standard.ExecuteSQL - ExecuteSQL[id=f2d925c5-67e3-4248-bb69-863ff50dc377] FlowFile[113,100385580652688.mockFlowFile,291B] contains 5 records; transferring to 'success'
[pool-1916-thread-1] INFO org.apache.nifi.processors.standard.ExecuteSQL - ExecuteSQL[id=f2d925c5-67e3-4248-bb69-863ff50dc377] FlowFile[114,100385580804269.mockFlowFile,291B] contains 5 records; transferring to 'success'
[pool-1916-thread-1] INFO org.apache.nifi.processors.standard.ExecuteSQL - ExecuteSQL[id=f2d925c5-67e3-4248-bb69-863ff50dc377] FlowFile[115,100385580967244.mockFlowFile,291B] contains 5 records; transferring to 'success'
[pool-1916-thread-1] INFO org.apache.nifi.processors.standard.ExecuteSQL - ExecuteSQL[id=f2d925c5-67e3-4248-bb69-863ff50dc377] FlowFile[116,100385581138706.mockFlowFile,291B] contains 5 records; transferring to 'success'
[pool-1916-thread-1] INFO org.apache.nifi.processors.standard.ExecuteSQL - ExecuteSQL[id=f2d925c5-67e3-4248-bb69-863ff50dc377] FlowFile[117,100385581292197.mockFlowFile,291B] contains 5 records; transferring to 'success'
[pool-1916-thread-1] INFO org.apache.nifi.processors.standard.ExecuteSQL - ExecuteSQL[id=f2d925c5-67e3-4248-bb69-863ff50dc377] FlowFile[118,100385581446313.mockFlowFile,291B] contains 5 records; transferring to 'success'
[pool-1916-thread-1] INFO org.apache.nifi.processors.standard.ExecuteSQL - ExecuteSQL[id=f2d925c5-67e3-4248-bb69-863ff50dc377] FlowFile[119,100385581618274.mockFlowFile,291B] contains 5 records; transferring to 'success'
[pool-1916-thread-1] INFO org.apache.nifi.processors.standard.ExecuteSQL - ExecuteSQL[id=f2d925c5-67e3-4248-bb69-863ff50dc377] FlowFile[120,100385581817090.mockFlowFile,291B] contains 5 records; transferring to 'success'
[pool-1916-thread-1] INFO org.apache.nifi.processors.standard.ExecuteSQL - ExecuteSQL[id=f2d925c5-67e3-4248-bb69-863ff50dc377] FlowFile[121,100385581976395.mockFlowFile,291B] contains 5 records; transferring to 'success'
[pool-1916-thread-1] INFO org.apache.nifi.processors.standard.ExecuteSQL - ExecuteSQL[id=f2d925c5-67e3-4248-bb69-863ff50dc377] FlowFile[122,100385582140990.mockFlowFile,291B] contains 5 records; transferring to 'success'
[pool-1916-thread-1] INFO org.apache.nifi.processors.standard.ExecuteSQL - ExecuteSQL[id=f2d925c5-67e3-4248-bb69-863ff50dc377] FlowFile[123,100385582579817.mockFlowFile,291B] contains 5 records; transferring to 'success'
[pool-1916-thread-1] INFO org.apache.nifi.processors.standard.ExecuteSQL - ExecuteSQL[id=f2d925c5-67e3-4248-bb69-863ff50dc377] FlowFile[124,100385582751598.mockFlowFile,291B] contains 5 records; transferring to 'success'
[pool-1916-thread-1] INFO org.apache.nifi.processors.standard.ExecuteSQL - ExecuteSQL[id=f2d925c5-67e3-4248-bb69-863ff50dc377] FlowFile[125,100385582938403.mockFlowFile,291B] contains 5 records; transferring to 'success'
[pool-1916-thread-1] INFO org.apache.nifi.processors.standard.ExecuteSQL - ExecuteSQL[id=f2d925c5-67e3-4248-bb69-863ff50dc377] FlowFile[126,100385583092556.mockFlowFile,291B] contains 5 records; transferring to 'success'
[pool-1916-thread-1] INFO org.apache.nifi.processors.standard.ExecuteSQL - ExecuteSQL[id=f2d925c5-67e3-4248-bb69-863ff50dc377] FlowFile[127,100385583245226.mockFlowFile,291B] contains 5 records; transferring to 'success'
[pool-1916-thread-1] INFO org.apache.nifi.processors.standard.ExecuteSQL - ExecuteSQL[id=f2d925c5-67e3-4248-bb69-863ff50dc377] FlowFile[128,100385583408658.mockFlowFile,291B] contains 5 records; transferring to 'success'
[pool-1916-thread-1] INFO org.apache.nifi.processors.standard.ExecuteSQL - ExecuteSQL[id=f2d925c5-67e3-4248-bb69-863ff50dc377] FlowFile[129,100385583594389.mockFlowFile,291B] contains 5 records; transferring to 'success'
[pool-1916-thread-1] INFO org.apache.nifi.processors.standard.ExecuteSQL - ExecuteSQL[id=f2d925c5-67e3-4248-bb69-863ff50dc377] FlowFile[130,100385583786128.mockFlowFile,291B] contains 5 records; transferring to 'success'
[pool-1916-thread-1] INFO org.apache.nifi.processors.standard.ExecuteSQL - ExecuteSQL[id=f2d925c5-67e3-4248-bb69-863ff50dc377] FlowFile[131,100385583943313.mockFlowFile,291B] contains 5 records; transferring to 'success'
[pool-1916-thread-1] INFO org.apache.nifi.processors.standard.ExecuteSQL - ExecuteSQL[id=f2d925c5-67e3-4248-bb69-863ff50dc377] FlowFile[132,100385584140477.mockFlowFile,291B] contains 5 records; transferring to 'success'
[pool-1916-thread-1] INFO org.apache.nifi.processors.standard.ExecuteSQL - ExecuteSQL[id=f2d925c5-67e3-4248-bb69-863ff50dc377] FlowFile[133,100385584296318.mockFlowFile,291B] contains 5 records; transferring to 'success'
[pool-1916-thread-1] INFO org.apache.nifi.processors.standard.ExecuteSQL - ExecuteSQL[id=f2d925c5-67e3-4248-bb69-863ff50dc377] FlowFile[134,100385584451248.mockFlowFile,291B] contains 5 records; transferring to 'success'
[pool-1916-thread-1] INFO org.apache.nifi.processors.standard.ExecuteSQL - ExecuteSQL[id=f2d925c5-67e3-4248-bb69-863ff50dc377] FlowFile[135,100385584623668.mockFlowFile,291B] contains 5 records; transferring to 'success'
[pool-1916-thread-1] INFO org.apache.nifi.processors.standard.ExecuteSQL - ExecuteSQL[id=f2d925c5-67e3-4248-bb69-863ff50dc377] FlowFile[136,100385584786740.mockFlowFile,291B] contains 5 records; transferring to 'success'
[pool-1916-thread-1] INFO org.apache.nifi.processors.standard.ExecuteSQL - ExecuteSQL[id=f2d925c5-67e3-4248-bb69-863ff50dc377] FlowFile[137,100385584935991.mockFlowFile,291B] contains 5 records; transferring to 'success'
[pool-1916-thread-1] INFO org.apache.nifi.processors.standard.ExecuteSQL - ExecuteSQL[id=f2d925c5-67e3-4248-bb69-863ff50dc377] FlowFile[138,100385585102679.mockFlowFile,291B] contains 5 records; transferring to 'success'
[pool-1916-thread-1] INFO org.apache.nifi.processors.standard.ExecuteSQL - ExecuteSQL[id=f2d925c5-67e3-4248-bb69-863ff50dc377] FlowFile[139,100385585251560.mockFlowFile,291B] contains 5 records; transferring to 'success'
[pool-1916-thread-1] INFO org.apache.nifi.processors.standard.ExecuteSQL - ExecuteSQL[id=f2d925c5-67e3-4248-bb69-863ff50dc377] FlowFile[140,100385585410416.mockFlowFile,291B] contains 5 records; transferring to 'success'
[pool-1916-thread-1] INFO org.apache.nifi.processors.standard.ExecuteSQL - ExecuteSQL[id=f2d925c5-67e3-4248-bb69-863ff50dc377] FlowFile[141,100385585573405.mockFlowFile,291B] contains 5 records; transferring to 'success'
[pool-1916-thread-1] INFO org.apache.nifi.processors.standard.ExecuteSQL - ExecuteSQL[id=f2d925c5-67e3-4248-bb69-863ff50dc377] FlowFile[142,100385585723692.mockFlowFile,291B] contains 5 records; transferring to 'success'
[pool-1916-thread-1] INFO org.apache.nifi.processors.standard.ExecuteSQL - ExecuteSQL[id=f2d925c5-67e3-4248-bb69-863ff50dc377] FlowFile[143,100385585950336.mockFlowFile,291B] contains 5 records; transferring to 'success'
[pool-1916-thread-1] INFO org.apache.nifi.processors.standard.ExecuteSQL - ExecuteSQL[id=f2d925c5-67e3-4248-bb69-863ff50dc377] FlowFile[144,100385586121811.mockFlowFile,291B] contains 5 records; transferring to 'success'
[pool-1916-thread-1] INFO org.apache.nifi.processors.standard.ExecuteSQL - ExecuteSQL[id=f2d925c5-67e3-4248-bb69-863ff50dc377] FlowFile[145,100385586301035.mockFlowFile,291B] contains 5 records; transferring to 'success'
[pool-1916-thread-1] INFO org.apache.nifi.processors.standard.ExecuteSQL - ExecuteSQL[id=f2d925c5-67e3-4248-bb69-863ff50dc377] FlowFile[146,100385586457504.mockFlowFile,291B] contains 5 records; transferring to 'success'
[pool-1916-thread-1] INFO org.apache.nifi.processors.standard.ExecuteSQL - ExecuteSQL[id=f2d925c5-67e3-4248-bb69-863ff50dc377] FlowFile[147,100385586608544.mockFlowFile,291B] contains 5 records; transferring to 'success'
[pool-1916-thread-1] INFO org.apache.nifi.processors.standard.ExecuteSQL - ExecuteSQL[id=f2d925c5-67e3-4248-bb69-863ff50dc377] FlowFile[148,100385586770262.mockFlowFile,291B] contains 5 records; transferring to 'success'
[pool-1916-thread-1] INFO org.apache.nifi.processors.standard.ExecuteSQL - ExecuteSQL[id=f2d925c5-67e3-4248-bb69-863ff50dc377] FlowFile[149,100385586918297.mockFlowFile,291B] contains 5 records; transferring to 'success'
[pool-1916-thread-1] INFO org.apache.nifi.processors.standard.ExecuteSQL - ExecuteSQL[id=f2d925c5-67e3-4248-bb69-863ff50dc377] FlowFile[150,100385587084799.mockFlowFile,291B] contains 5 records; transferring to 'success'
[pool-1916-thread-1] INFO org.apache.nifi.processors.standard.ExecuteSQL - ExecuteSQL[id=f2d925c5-67e3-4248-bb69-863ff50dc377] FlowFile[151,100385587245995.mockFlowFile,291B] contains 5 records; transferring to 'success'
[pool-1916-thread-1] INFO org.apache.nifi.processors.standard.ExecuteSQL - ExecuteSQL[id=f2d925c5-67e3-4248-bb69-863ff50dc377] FlowFile[152,100385587409206.mockFlowFile,291B] contains 5 records; transferring to 'success'
[pool-1916-thread-1] INFO org.apache.nifi.processors.standard.ExecuteSQL - ExecuteSQL[id=f2d925c5-67e3-4248-bb69-863ff50dc377] FlowFile[153,100385587547827.mockFlowFile,291B] contains 5 records; transferring to 'success'
[pool-1916-thread-1] INFO org.apache.nifi.processors.standard.ExecuteSQL - ExecuteSQL[id=f2d925c5-67e3-4248-bb69-863ff50dc377] FlowFile[154,100385587669459.mockFlowFile,291B] contains 5 records; transferring to 'success'
[pool-1916-thread-1] INFO org.apache.nifi.processors.standard.ExecuteSQL - ExecuteSQL[id=f2d925c5-67e3-4248-bb69-863ff50dc377] FlowFile[155,100385587773113.mockFlowFile,291B] contains 5 records; transferring to 'success'
[pool-1916-thread-1] INFO org.apache.nifi.processors.standard.ExecuteSQL - ExecuteSQL[id=f2d925c5-67e3-4248-bb69-863ff50dc377] FlowFile[156,100385587865078.mockFlowFile,291B] contains 5 records; transferring to 'success'
[pool-1916-thread-1] INFO org.apache.nifi.processors.standard.ExecuteSQL - ExecuteSQL[id=f2d925c5-67e3-4248-bb69-863ff50dc377] FlowFile[157,100385587963394.mockFlowFile,291B] contains 5 records; transferring to 'success'
[pool-1916-thread-1] INFO org.apache.nifi.processors.standard.ExecuteSQL - ExecuteSQL[id=f2d925c5-67e3-4248-bb69-863ff50dc377] FlowFile[158,100385588077636.mockFlowFile,291B] contains 5 records; transferring to 'success'
[pool-1916-thread-1] INFO org.apache.nifi.processors.standard.ExecuteSQL - ExecuteSQL[id=f2d925c5-67e3-4248-bb69-863ff50dc377] FlowFile[159,100385588198667.mockFlowFile,291B] contains 5 records; transferring to 'success'
[pool-1916-thread-1] INFO org.apache.nifi.processors.standard.ExecuteSQL - ExecuteSQL[id=f2d925c5-67e3-4248-bb69-863ff50dc377] FlowFile[160,100385588699841.mockFlowFile,291B] contains 5 records; transferring to 'success'
[pool-1916-thread-1] INFO org.apache.nifi.processors.standard.ExecuteSQL - ExecuteSQL[id=f2d925c5-67e3-4248-bb69-863ff50dc377] FlowFile[161,100385588861824.mockFlowFile,291B] contains 5 records; transferring to 'success'
[pool-1916-thread-1] INFO org.apache.nifi.processors.standard.ExecuteSQL - ExecuteSQL[id=f2d925c5-67e3-4248-bb69-863ff50dc377] FlowFile[162,100385589065946.mockFlowFile,291B] contains 5 records; transferring to 'success'
[pool-1916-thread-1] INFO org.apache.nifi.processors.standard.ExecuteSQL - ExecuteSQL[id=f2d925c5-67e3-4248-bb69-863ff50dc377] FlowFile[163,100385589233207.mockFlowFile,291B] contains 5 records; transferring to 'success'
[pool-1916-thread-1] INFO org.apache.nifi.processors.standard.ExecuteSQL - ExecuteSQL[id=f2d925c5-67e3-4248-bb69-863ff50dc377] FlowFile[164,100385589392962.mockFlowFile,291B] contains 5 records; transferring to 'success'
[pool-1916-thread-1] INFO org.apache.nifi.processors.standard.ExecuteSQL - ExecuteSQL[id=f2d925c5-67e3-4248-bb69-863ff50dc377] FlowFile[165,100385589553636.mockFlowFile,291B] contains 5 records; transferring to 'success'
[pool-1916-thread-1] INFO org.apache.nifi.processors.standard.ExecuteSQL - ExecuteSQL[id=f2d925c5-67e3-4248-bb69-863ff50dc377] FlowFile[166,100385589686531.mockFlowFile,291B] contains 5 records; transferring to 'success'
[pool-1916-thread-1] INFO org.apache.nifi.processors.standard.ExecuteSQL - ExecuteSQL[id=f2d925c5-67e3-4248-bb69-863ff50dc377] FlowFile[167,100385589828038.mockFlowFile,291B] contains 5 records; transferring to 'success'
[pool-1916-thread-1] INFO org.apache.nifi.processors.standard.ExecuteSQL - ExecuteSQL[id=f2d925c5-67e3-4248-bb69-863ff50dc377] FlowFile[168,100385590210863.mockFlowFile,291B] contains 5 records; transferring to 'success'
[pool-1916-thread-1] INFO org.apache.nifi.processors.standard.ExecuteSQL - ExecuteSQL[id=f2d925c5-67e3-4248-bb69-863ff50dc377] FlowFile[169,100385590384886.mockFlowFile,291B] contains 5 records; transferring to 'success'
[pool-1916-thread-1] INFO org.apache.nifi.processors.standard.ExecuteSQL - ExecuteSQL[id=f2d925c5-67e3-4248-bb69-863ff50dc377] FlowFile[170,100385590557266.mockFlowFile,291B] contains 5 records; transferring to 'success'
[pool-1916-thread-1] INFO org.apache.nifi.processors.standard.ExecuteSQL - ExecuteSQL[id=f2d925c5-67e3-4248-bb69-863ff50dc377] FlowFile[171,100385590699479.mockFlowFile,291B] contains 5 records; transferring to 'success'
[pool-1916-thread-1] INFO org.apache.nifi.processors.standard.ExecuteSQL - ExecuteSQL[id=f2d925c5-67e3-4248-bb69-863ff50dc377] FlowFile[172,100385590841029.mockFlowFile,291B] contains 5 records; transferring to 'success'
[pool-1916-thread-1] INFO org.apache.nifi.processors.standard.ExecuteSQL - ExecuteSQL[id=f2d925c5-67e3-4248-bb69-863ff50dc377] FlowFile[173,100385590997074.mockFlowFile,291B] contains 5 records; transferring to 'success'
[pool-1916-thread-1] INFO org.apache.nifi.processors.standard.ExecuteSQL - ExecuteSQL[id=f2d925c5-67e3-4248-bb69-863ff50dc377] FlowFile[174,100385591133266.mockFlowFile,291B] contains 5 records; transferring to 'success'
[pool-1916-thread-1] INFO org.apache.nifi.processors.standard.ExecuteSQL - ExecuteSQL[id=f2d925c5-67e3-4248-bb69-863ff50dc377] FlowFile[175,100385591309769.mockFlowFile,291B] contains 5 records; transferring to 'success'
[pool-1916-thread-1] INFO org.apache.nifi.processors.standard.ExecuteSQL - ExecuteSQL[id=f2d925c5-67e3-4248-bb69-863ff50dc377] FlowFile[176,100385591574160.mockFlowFile,291B] contains 5 records; transferring to 'success'
[pool-1916-thread-1] INFO org.apache.nifi.processors.standard.ExecuteSQL - ExecuteSQL[id=f2d925c5-67e3-4248-bb69-863ff50dc377] FlowFile[177,100385591819917.mockFlowFile,291B] contains 5 records; transferring to 'success'
[pool-1916-thread-1] INFO org.apache.nifi.processors.standard.ExecuteSQL - ExecuteSQL[id=f2d925c5-67e3-4248-bb69-863ff50dc377] FlowFile[178,100385591977640.mockFlowFile,291B] contains 5 records; transferring to 'success'
[pool-1916-thread-1] INFO org.apache.nifi.processors.standard.ExecuteSQL - ExecuteSQL[id=f2d925c5-67e3-4248-bb69-863ff50dc377] FlowFile[179,100385592129833.mockFlowFile,291B] contains 5 records; transferring to 'success'
[pool-1916-thread-1] INFO org.apache.nifi.processors.standard.ExecuteSQL - ExecuteSQL[id=f2d925c5-67e3-4248-bb69-863ff50dc377] FlowFile[180,100385592286142.mockFlowFile,291B] contains 5 records; transferring to 'success'
[pool-1916-thread-1] INFO org.apache.nifi.processors.standard.ExecuteSQL - ExecuteSQL[id=f2d925c5-67e3-4248-bb69-863ff50dc377] FlowFile[181,100385592411732.mockFlowFile,291B] contains 5 records; transferring to 'success'
[pool-1916-thread-1] INFO org.apache.nifi.processors.standard.ExecuteSQL - ExecuteSQL[id=f2d925c5-67e3-4248-bb69-863ff50dc377] FlowFile[182,100385592540151.mockFlowFile,291B] contains 5 records; transferring to 'success'
[pool-1916-thread-1] INFO org.apache.nifi.processors.standard.ExecuteSQL - ExecuteSQL[id=f2d925c5-67e3-4248-bb69-863ff50dc377] FlowFile[183,100385592678281.mockFlowFile,291B] contains 5 records; transferring to 'success'
[pool-1916-thread-1] INFO org.apache.nifi.processors.standard.ExecuteSQL - ExecuteSQL[id=f2d925c5-67e3-4248-bb69-863ff50dc377] FlowFile[184,100385592826828.mockFlowFile,291B] contains 5 records; transferring to 'success'
[pool-1916-thread-1] INFO org.apache.nifi.processors.standard.ExecuteSQL - ExecuteSQL[id=f2d925c5-67e3-4248-bb69-863ff50dc377] FlowFile[185,100385592960906.mockFlowFile,291B] contains 5 records; transferring to 'success'
[pool-1916-thread-1] INFO org.apache.nifi.processors.standard.ExecuteSQL - ExecuteSQL[id=f2d925c5-67e3-4248-bb69-863ff50dc377] FlowFile[186,100385593098985.mockFlowFile,291B] contains 5 records; transferring to 'success'
[pool-1916-thread-1] INFO org.apache.nifi.processors.standard.ExecuteSQL - ExecuteSQL[id=f2d925c5-67e3-4248-bb69-863ff50dc377] FlowFile[187,100385593235366.mockFlowFile,291B] contains 5 records; transferring to 'success'
[pool-1916-thread-1] INFO org.apache.nifi.processors.standard.ExecuteSQL - ExecuteSQL[id=f2d925c5-67e3-4248-bb69-863ff50dc377] FlowFile[188,100385593359240.mockFlowFile,291B] contains 5 records; transferring to 'success'
[pool-1916-thread-1] INFO org.apache.nifi.processors.standard.ExecuteSQL - ExecuteSQL[id=f2d925c5-67e3-4248-bb69-863ff50dc377] FlowFile[189,100385593493053.mockFlowFile,291B] contains 5 records; transferring to 'success'
[pool-1916-thread-1] INFO org.apache.nifi.processors.standard.ExecuteSQL - ExecuteSQL[id=f2d925c5-67e3-4248-bb69-863ff50dc377] FlowFile[190,100385593623510.mockFlowFile,291B] contains 5 records; transferring to 'success'
[pool-1916-thread-1] INFO org.apache.nifi.processors.standard.ExecuteSQL - ExecuteSQL[id=f2d925c5-67e3-4248-bb69-863ff50dc377] FlowFile[191,100385593749798.mockFlowFile,291B] contains 5 records; transferring to 'success'
[pool-1916-thread-1] INFO org.apache.nifi.processors.standard.ExecuteSQL - ExecuteSQL[id=f2d925c5-67e3-4248-bb69-863ff50dc377] FlowFile[192,100385593907072.mockFlowFile,291B] contains 5 records; transferring to 'success'
[pool-1916-thread-1] INFO org.apache.nifi.processors.standard.ExecuteSQL - ExecuteSQL[id=f2d925c5-67e3-4248-bb69-863ff50dc377] FlowFile[193,100385594045343.mockFlowFile,291B] contains 5 records; transferring to 'success'
[pool-1916-thread-1] INFO org.apache.nifi.processors.standard.ExecuteSQL - ExecuteSQL[id=f2d925c5-67e3-4248-bb69-863ff50dc377] FlowFile[194,100385594169159.mockFlowFile,291B] contains 5 records; transferring to 'success'
[pool-1916-thread-1] INFO org.apache.nifi.processors.standard.ExecuteSQL - ExecuteSQL[id=f2d925c5-67e3-4248-bb69-863ff50dc377] FlowFile[195,100385594300169.mockFlowFile,291B] contains 5 records; transferring to 'success'
[pool-1916-thread-1] INFO org.apache.nifi.processors.standard.ExecuteSQL - ExecuteSQL[id=f2d925c5-67e3-4248-bb69-863ff50dc377] FlowFile[196,100385594438294.mockFlowFile,291B] contains 5 records; transferring to 'success'
[pool-1916-thread-1] INFO org.apache.nifi.processors.standard.ExecuteSQL - ExecuteSQL[id=f2d925c5-67e3-4248-bb69-863ff50dc377] FlowFile[197,100385594562278.mockFlowFile,291B] contains 5 records; transferring to 'success'
[pool-1916-thread-1] INFO org.apache.nifi.processors.standard.ExecuteSQL - ExecuteSQL[id=f2d925c5-67e3-4248-bb69-863ff50dc377] FlowFile[198,100385594688319.mockFlowFile,291B] contains 5 records; transferring to 'success'
[pool-1916-thread-1] INFO org.apache.nifi.processors.standard.ExecuteSQL - ExecuteSQL[id=f2d925c5-67e3-4248-bb69-863ff50dc377] FlowFile[199,100385594840587.mockFlowFile,291B] contains 5 records; transferring to 'success'
]]></system-err>
  </testcase>
  <testcase name="testPostQuery" classname="org.apache.nifi.processors.standard.TestExecuteSQL" time="0.031">
    <system-err><![CDATA[[pool-1917-thread-1] DEBUG org.apache.nifi.processors.standard.ExecuteSQL - ExecuteSQL[id=f5d54ad0-7155-4903-b8d6-ff8137e0d015] Executing query select * from TEST_NULL_INT
[pool-1917-thread-1] INFO org.apache.nifi.processors.standard.ExecuteSQL - ExecuteSQL[id=f5d54ad0-7155-4903-b8d6-ff8137e0d015] FlowFile[1,100385617019496.mockFlowFile,262B] contains 1 records; transferring to 'success'
]]></system-err>
  </testcase>
  <testcase name="testNoIncomingConnection" classname="org.apache.nifi.processors.standard.TestExecuteSQL" time="0.921">
    <system-out><![CDATA[ AF
DHAEDI EIBABF
DBI 
]]></system-out>
    <system-err><![CDATA[[main] INFO org.apache.nifi.processors.standard.TestExecuteSQL - test data loaded
[pool-1918-thread-1] DEBUG org.apache.nifi.processors.standard.ExecuteSQL - ExecuteSQL[id=88bf7024-f4aa-4608-a04d-77f3a4594e88] Executing query select   PER.ID as PersonId, PER.NAME as PersonName, PER.CODE as PersonCode, PRD.ID as ProductId,PRD.NAME as ProductName,PRD.CODE as ProductCode, REL.ID as RelId,    REL.NAME as RelName,    REL.CODE as RelCode, ROW_NUMBER() OVER () as rownr  from persons PER, products PRD, relationships REL where PER.ID = 10
[pool-1918-thread-1] INFO org.apache.nifi.processors.standard.ExecuteSQL - ExecuteSQL[id=88bf7024-f4aa-4608-a04d-77f3a4594e88] FlowFile[0,100386296982689.mockFlowFile,1219517B] contains 20000 records; transferring to 'success'
[main] INFO org.apache.nifi.processors.standard.TestExecuteSQL - total nr of records from stream: 20000
]]></system-err>
  </testcase>
  <testcase name="testPostQueryFail" classname="org.apache.nifi.processors.standard.TestExecuteSQL" time="0.025">
    <system-err><![CDATA[[pool-1919-thread-1] DEBUG org.apache.nifi.processors.standard.ExecuteSQL - ExecuteSQL[id=824926bc-1b8e-4f12-9f12-538dd265f844] Executing query select * from TEST_NULL_INT
[pool-1919-thread-1] INFO org.apache.nifi.processors.standard.ExecuteSQL - ExecuteSQL[id=824926bc-1b8e-4f12-9f12-538dd265f844] FlowFile[1,100386566565251.mockFlowFile,238B] contains 0 records; transferring to 'success'
[pool-1919-thread-1] ERROR org.apache.nifi.processors.standard.ExecuteSQL - ExecuteSQL[id=824926bc-1b8e-4f12-9f12-538dd265f844] Unable to execute SQL select query CALL SYSCS_UTIL.SYSCS_SET_RUNTIMESTATISTICS() for FlowFile[0,100386566565251.mockFlowFile,4B] due to java.sql.SQLSyntaxErrorException: 'SYSCS_UTIL.SYSCS_SET_RUNTIMESTATISTICS' is not recognized as a function or procedure.; routing to failure: java.sql.SQLSyntaxErrorException: 'SYSCS_UTIL.SYSCS_SET_RUNTIMESTATISTICS' is not recognized as a function or procedure.
java.sql.SQLSyntaxErrorException: 'SYSCS_UTIL.SYSCS_SET_RUNTIMESTATISTICS' is not recognized as a function or procedure.
	at org.apache.derby.impl.jdbc.SQLExceptionFactory.getSQLException(Unknown Source)
	at org.apache.derby.impl.jdbc.Util.generateCsSQLException(Unknown Source)
	at org.apache.derby.impl.jdbc.TransactionResourceImpl.wrapInSQLException(Unknown Source)
	at org.apache.derby.impl.jdbc.TransactionResourceImpl.handleException(Unknown Source)
	at org.apache.derby.impl.jdbc.EmbedConnection.handleException(Unknown Source)
	at org.apache.derby.impl.jdbc.ConnectionChild.handleException(Unknown Source)
	at org.apache.derby.impl.jdbc.EmbedStatement.execute(Unknown Source)
	at org.apache.derby.impl.jdbc.EmbedStatement.execute(Unknown Source)
	at org.apache.nifi.processors.standard.AbstractExecuteSQL.executeConfigStatements(AbstractExecuteSQL.java:464)
	at org.apache.nifi.processors.standard.AbstractExecuteSQL.onTrigger(AbstractExecuteSQL.java:397)
	at org.apache.nifi.processor.AbstractProcessor.onTrigger(AbstractProcessor.java:27)
	at org.apache.nifi.util.StandardProcessorTestRunner$RunProcessor.call(StandardProcessorTestRunner.java:284)
	at org.apache.nifi.util.StandardProcessorTestRunner$RunProcessor.call(StandardProcessorTestRunner.java:278)
	at java.util.concurrent.FutureTask.run(FutureTask.java:266)
	at java.util.concurrent.ScheduledThreadPoolExecutor$ScheduledFutureTask.access$201(ScheduledThreadPoolExecutor.java:180)
	at java.util.concurrent.ScheduledThreadPoolExecutor$ScheduledFutureTask.run(ScheduledThreadPoolExecutor.java:293)
	at java.util.concurrent.ThreadPoolExecutor.runWorker(ThreadPoolExecutor.java:1149)
	at java.util.concurrent.ThreadPoolExecutor$Worker.run(ThreadPoolExecutor.java:624)
	at java.lang.Thread.run(Thread.java:750)
Caused by: ERROR 42Y03: 'SYSCS_UTIL.SYSCS_SET_RUNTIMESTATISTICS' is not recognized as a function or procedure.
	at org.apache.derby.iapi.error.StandardException.newException(Unknown Source)
	at org.apache.derby.iapi.error.StandardException.newException(Unknown Source)
	at org.apache.derby.impl.sql.compile.StaticMethodCallNode.bindExpressionMinion(Unknown Source)
	at org.apache.derby.impl.sql.compile.StaticMethodCallNode.bindExpression(Unknown Source)
	at org.apache.derby.impl.sql.compile.JavaToSQLValueNode.bindExpression(Unknown Source)
	at org.apache.derby.impl.sql.compile.CallStatementNode.bindStatement(Unknown Source)
	at org.apache.derby.impl.sql.GenericStatement.prepMinion(Unknown Source)
	at org.apache.derby.impl.sql.GenericStatement.prepare(Unknown Source)
	at org.apache.derby.impl.sql.conn.GenericLanguageConnectionContext.prepareInternalStatement(Unknown Source)
	... 13 more
]]></system-err>
  </testcase>
  <testcase name="testWithSqlException" classname="org.apache.nifi.processors.standard.TestExecuteSQL" time="0.011">
    <system-err><![CDATA[[pool-1920-thread-1] ERROR org.apache.nifi.processors.standard.ExecuteSQL - ExecuteSQL[id=3591e148-21d3-4658-b03e-71d82fb1be59] Unable to execute SQL select query SELECT val1 FROM TEST_NO_ROWS due to java.sql.SQLSyntaxErrorException: Column 'VAL1' is either not in any table in the FROM list or appears within a join specification and is outside the scope of the join specification or appears in a HAVING clause and is not in the GROUP BY list. If this is a CREATE or ALTER TABLE  statement then 'VAL1' is not a column in the target table.. No FlowFile to route to failure: java.sql.SQLSyntaxErrorException: Column 'VAL1' is either not in any table in the FROM list or appears within a join specification and is outside the scope of the join specification or appears in a HAVING clause and is not in the GROUP BY list. If this is a CREATE or ALTER TABLE  statement then 'VAL1' is not a column in the target table.
java.sql.SQLSyntaxErrorException: Column 'VAL1' is either not in any table in the FROM list or appears within a join specification and is outside the scope of the join specification or appears in a HAVING clause and is not in the GROUP BY list. If this is a CREATE or ALTER TABLE  statement then 'VAL1' is not a column in the target table.
	at org.apache.derby.impl.jdbc.SQLExceptionFactory.getSQLException(Unknown Source)
	at org.apache.derby.impl.jdbc.Util.generateCsSQLException(Unknown Source)
	at org.apache.derby.impl.jdbc.TransactionResourceImpl.wrapInSQLException(Unknown Source)
	at org.apache.derby.impl.jdbc.TransactionResourceImpl.handleException(Unknown Source)
	at org.apache.derby.impl.jdbc.EmbedConnection.handleException(Unknown Source)
	at org.apache.derby.impl.jdbc.ConnectionChild.handleException(Unknown Source)
	at org.apache.derby.impl.jdbc.EmbedPreparedStatement.<init>(Unknown Source)
	at org.apache.derby.impl.jdbc.EmbedPreparedStatement42.<init>(Unknown Source)
	at org.apache.derby.jdbc.Driver42.newEmbedPreparedStatement(Unknown Source)
	at org.apache.derby.impl.jdbc.EmbedConnection.prepareStatement(Unknown Source)
	at org.apache.derby.impl.jdbc.EmbedConnection.prepareStatement(Unknown Source)
	at org.apache.nifi.processors.standard.AbstractExecuteSQL.onTrigger(AbstractExecuteSQL.java:240)
	at org.apache.nifi.processor.AbstractProcessor.onTrigger(AbstractProcessor.java:27)
	at org.apache.nifi.util.StandardProcessorTestRunner$RunProcessor.call(StandardProcessorTestRunner.java:284)
	at org.apache.nifi.util.StandardProcessorTestRunner$RunProcessor.call(StandardProcessorTestRunner.java:278)
	at java.util.concurrent.FutureTask.run(FutureTask.java:266)
	at java.util.concurrent.ScheduledThreadPoolExecutor$ScheduledFutureTask.access$201(ScheduledThreadPoolExecutor.java:180)
	at java.util.concurrent.ScheduledThreadPoolExecutor$ScheduledFutureTask.run(ScheduledThreadPoolExecutor.java:293)
	at java.util.concurrent.ThreadPoolExecutor.runWorker(ThreadPoolExecutor.java:1149)
	at java.util.concurrent.ThreadPoolExecutor$Worker.run(ThreadPoolExecutor.java:624)
	at java.lang.Thread.run(Thread.java:750)
Caused by: ERROR 42X04: Column 'VAL1' is either not in any table in the FROM list or appears within a join specification and is outside the scope of the join specification or appears in a HAVING clause and is not in the GROUP BY list. If this is a CREATE or ALTER TABLE  statement then 'VAL1' is not a column in the target table.
	at org.apache.derby.iapi.error.StandardException.newException(Unknown Source)
	at org.apache.derby.iapi.error.StandardException.newException(Unknown Source)
	at org.apache.derby.impl.sql.compile.ColumnReference.bindExpression(Unknown Source)
	at org.apache.derby.impl.sql.compile.ColumnReference.bindExpression(Unknown Source)
	at org.apache.derby.impl.sql.compile.ResultColumn.bindExpression(Unknown Source)
	at org.apache.derby.impl.sql.compile.ResultColumnList.bindExpressions(Unknown Source)
	at org.apache.derby.impl.sql.compile.SelectNode.bindExpressions(Unknown Source)
	at org.apache.derby.impl.sql.compile.DMLStatementNode.bindExpressions(Unknown Source)
	at org.apache.derby.impl.sql.compile.DMLStatementNode.bind(Unknown Source)
	at org.apache.derby.impl.sql.compile.CursorNode.bindStatement(Unknown Source)
	at org.apache.derby.impl.sql.GenericStatement.prepMinion(Unknown Source)
	at org.apache.derby.impl.sql.GenericStatement.prepare(Unknown Source)
	at org.apache.derby.impl.sql.conn.GenericLanguageConnectionContext.prepareInternalStatement(Unknown Source)
	... 15 more
]]></system-err>
  </testcase>
  <testcase name="testPreQuery" classname="org.apache.nifi.processors.standard.TestExecuteSQL" time="0.024">
    <system-err><![CDATA[[pool-1921-thread-1] DEBUG org.apache.nifi.processors.standard.ExecuteSQL - ExecuteSQL[id=287626ab-84d8-4266-8581-e3cd000ee2f3] Executing query select * from TEST_NULL_INT
[pool-1921-thread-1] INFO org.apache.nifi.processors.standard.ExecuteSQL - ExecuteSQL[id=287626ab-84d8-4266-8581-e3cd000ee2f3] FlowFile[1,100386604970313.mockFlowFile,262B] contains 1 records; transferring to 'success'
]]></system-err>
  </testcase>
  <testcase name="testInsertStatementCreatesFlowFile" classname="org.apache.nifi.processors.standard.TestExecuteSQL" time="0.023">
    <system-err><![CDATA[[pool-1922-thread-1] DEBUG org.apache.nifi.processors.standard.ExecuteSQL - ExecuteSQL[id=34b57e9d-10ea-46d2-a833-a6d247fa2239] Executing query insert into TEST_NULL_INT (id, val1, val2) VALUES (0, NULL, 1)
]]></system-err>
  </testcase>
  <testcase name="testNoRowsStatementCreatesEmptyFlowFile" classname="org.apache.nifi.processors.standard.TestExecuteSQL" time="0.022">
    <system-err><![CDATA[[pool-1923-thread-1] DEBUG org.apache.nifi.processors.standard.ExecuteSQL - ExecuteSQL[id=6b3143d8-7852-4d7b-8701-0b7d84453f0b] Executing query select * from TEST_NULL_INT
[pool-1923-thread-1] INFO org.apache.nifi.processors.standard.ExecuteSQL - ExecuteSQL[id=6b3143d8-7852-4d7b-8701-0b7d84453f0b] FlowFile[1,100386649664774.mockFlowFile,238B] contains 0 records; transferring to 'success'
]]></system-err>
  </testcase>
  <testcase name="testWithDuplicateColumns" classname="org.apache.nifi.processors.standard.TestExecuteSQL" time="0.028">
    <system-err><![CDATA[[pool-1924-thread-1] DEBUG org.apache.nifi.processors.standard.ExecuteSQL - ExecuteSQL[id=f827fb33-bb81-41db-a8f8-e53c36397cb0] Executing query select a.host as hostA,b.host as hostB from host1 a join host2 b on b.id=a.id
[pool-1924-thread-1] INFO org.apache.nifi.processors.standard.ExecuteSQL - ExecuteSQL[id=f827fb33-bb81-41db-a8f8-e53c36397cb0] FlowFile[0,100386681212895.mockFlowFile,234B] contains 1 records; transferring to 'success'
]]></system-err>
  </testcase>
  <testcase name="testMaxRowsPerFlowFile" classname="org.apache.nifi.processors.standard.TestExecuteSQL" time="1.597">
    <system-err><![CDATA[[pool-1925-thread-1] DEBUG org.apache.nifi.processors.standard.ExecuteSQL - ExecuteSQL[id=888e9bac-dd4d-41bc-81fa-be455196cb1c] Executing query SELECT * FROM TEST_NULL_INT
[pool-1925-thread-1] INFO org.apache.nifi.processors.standard.ExecuteSQL - ExecuteSQL[id=888e9bac-dd4d-41bc-81fa-be455196cb1c] FlowFile[0,100388250268940.mockFlowFile,286B] contains 5 records; transferring to 'success'
[pool-1925-thread-1] INFO org.apache.nifi.processors.standard.ExecuteSQL - ExecuteSQL[id=888e9bac-dd4d-41bc-81fa-be455196cb1c] FlowFile[1,100388250476250.mockFlowFile,286B] contains 5 records; transferring to 'success'
[pool-1925-thread-1] INFO org.apache.nifi.processors.standard.ExecuteSQL - ExecuteSQL[id=888e9bac-dd4d-41bc-81fa-be455196cb1c] FlowFile[2,100388250623883.mockFlowFile,286B] contains 5 records; transferring to 'success'
[pool-1925-thread-1] INFO org.apache.nifi.processors.standard.ExecuteSQL - ExecuteSQL[id=888e9bac-dd4d-41bc-81fa-be455196cb1c] FlowFile[3,100388250783708.mockFlowFile,286B] contains 5 records; transferring to 'success'
[pool-1925-thread-1] INFO org.apache.nifi.processors.standard.ExecuteSQL - ExecuteSQL[id=888e9bac-dd4d-41bc-81fa-be455196cb1c] FlowFile[4,100388250884443.mockFlowFile,286B] contains 5 records; transferring to 'success'
[pool-1925-thread-1] INFO org.apache.nifi.processors.standard.ExecuteSQL - ExecuteSQL[id=888e9bac-dd4d-41bc-81fa-be455196cb1c] FlowFile[5,100388251083993.mockFlowFile,286B] contains 5 records; transferring to 'success'
[pool-1925-thread-1] INFO org.apache.nifi.processors.standard.ExecuteSQL - ExecuteSQL[id=888e9bac-dd4d-41bc-81fa-be455196cb1c] FlowFile[6,100388251157610.mockFlowFile,286B] contains 5 records; transferring to 'success'
[pool-1925-thread-1] INFO org.apache.nifi.processors.standard.ExecuteSQL - ExecuteSQL[id=888e9bac-dd4d-41bc-81fa-be455196cb1c] FlowFile[7,100388251230283.mockFlowFile,286B] contains 5 records; transferring to 'success'
[pool-1925-thread-1] INFO org.apache.nifi.processors.standard.ExecuteSQL - ExecuteSQL[id=888e9bac-dd4d-41bc-81fa-be455196cb1c] FlowFile[8,100388251302449.mockFlowFile,286B] contains 5 records; transferring to 'success'
[pool-1925-thread-1] INFO org.apache.nifi.processors.standard.ExecuteSQL - ExecuteSQL[id=888e9bac-dd4d-41bc-81fa-be455196cb1c] FlowFile[9,100388251365789.mockFlowFile,286B] contains 5 records; transferring to 'success'
[pool-1925-thread-1] INFO org.apache.nifi.processors.standard.ExecuteSQL - ExecuteSQL[id=888e9bac-dd4d-41bc-81fa-be455196cb1c] FlowFile[10,100388251435062.mockFlowFile,286B] contains 5 records; transferring to 'success'
[pool-1925-thread-1] INFO org.apache.nifi.processors.standard.ExecuteSQL - ExecuteSQL[id=888e9bac-dd4d-41bc-81fa-be455196cb1c] FlowFile[11,100388251506460.mockFlowFile,286B] contains 5 records; transferring to 'success'
[pool-1925-thread-1] INFO org.apache.nifi.processors.standard.ExecuteSQL - ExecuteSQL[id=888e9bac-dd4d-41bc-81fa-be455196cb1c] FlowFile[12,100388251569034.mockFlowFile,287B] contains 5 records; transferring to 'success'
[pool-1925-thread-1] INFO org.apache.nifi.processors.standard.ExecuteSQL - ExecuteSQL[id=888e9bac-dd4d-41bc-81fa-be455196cb1c] FlowFile[13,100388251639206.mockFlowFile,291B] contains 5 records; transferring to 'success'
[pool-1925-thread-1] INFO org.apache.nifi.processors.standard.ExecuteSQL - ExecuteSQL[id=888e9bac-dd4d-41bc-81fa-be455196cb1c] FlowFile[14,100388251702250.mockFlowFile,291B] contains 5 records; transferring to 'success'
[pool-1925-thread-1] INFO org.apache.nifi.processors.standard.ExecuteSQL - ExecuteSQL[id=888e9bac-dd4d-41bc-81fa-be455196cb1c] FlowFile[15,100388251763187.mockFlowFile,291B] contains 5 records; transferring to 'success'
[pool-1925-thread-1] INFO org.apache.nifi.processors.standard.ExecuteSQL - ExecuteSQL[id=888e9bac-dd4d-41bc-81fa-be455196cb1c] FlowFile[16,100388251911387.mockFlowFile,291B] contains 5 records; transferring to 'success'
[pool-1925-thread-1] INFO org.apache.nifi.processors.standard.ExecuteSQL - ExecuteSQL[id=888e9bac-dd4d-41bc-81fa-be455196cb1c] FlowFile[17,100388252045094.mockFlowFile,291B] contains 5 records; transferring to 'success'
[pool-1925-thread-1] INFO org.apache.nifi.processors.standard.ExecuteSQL - ExecuteSQL[id=888e9bac-dd4d-41bc-81fa-be455196cb1c] FlowFile[18,100388252119217.mockFlowFile,291B] contains 5 records; transferring to 'success'
[pool-1925-thread-1] INFO org.apache.nifi.processors.standard.ExecuteSQL - ExecuteSQL[id=888e9bac-dd4d-41bc-81fa-be455196cb1c] FlowFile[19,100388252181554.mockFlowFile,291B] contains 5 records; transferring to 'success'
[pool-1925-thread-1] INFO org.apache.nifi.processors.standard.ExecuteSQL - ExecuteSQL[id=888e9bac-dd4d-41bc-81fa-be455196cb1c] FlowFile[20,100388252285360.mockFlowFile,291B] contains 5 records; transferring to 'success'
[pool-1925-thread-1] INFO org.apache.nifi.processors.standard.ExecuteSQL - ExecuteSQL[id=888e9bac-dd4d-41bc-81fa-be455196cb1c] FlowFile[21,100388252555175.mockFlowFile,291B] contains 5 records; transferring to 'success'
[pool-1925-thread-1] INFO org.apache.nifi.processors.standard.ExecuteSQL - ExecuteSQL[id=888e9bac-dd4d-41bc-81fa-be455196cb1c] FlowFile[22,100388252636643.mockFlowFile,291B] contains 5 records; transferring to 'success'
[pool-1925-thread-1] INFO org.apache.nifi.processors.standard.ExecuteSQL - ExecuteSQL[id=888e9bac-dd4d-41bc-81fa-be455196cb1c] FlowFile[23,100388252728391.mockFlowFile,291B] contains 5 records; transferring to 'success'
[pool-1925-thread-1] INFO org.apache.nifi.processors.standard.ExecuteSQL - ExecuteSQL[id=888e9bac-dd4d-41bc-81fa-be455196cb1c] FlowFile[24,100388252812797.mockFlowFile,291B] contains 5 records; transferring to 'success'
[pool-1925-thread-1] INFO org.apache.nifi.processors.standard.ExecuteSQL - ExecuteSQL[id=888e9bac-dd4d-41bc-81fa-be455196cb1c] FlowFile[25,100388252926084.mockFlowFile,291B] contains 5 records; transferring to 'success'
[pool-1925-thread-1] INFO org.apache.nifi.processors.standard.ExecuteSQL - ExecuteSQL[id=888e9bac-dd4d-41bc-81fa-be455196cb1c] FlowFile[26,100388252999292.mockFlowFile,291B] contains 5 records; transferring to 'success'
[pool-1925-thread-1] INFO org.apache.nifi.processors.standard.ExecuteSQL - ExecuteSQL[id=888e9bac-dd4d-41bc-81fa-be455196cb1c] FlowFile[27,100388253063564.mockFlowFile,291B] contains 5 records; transferring to 'success'
[pool-1925-thread-1] INFO org.apache.nifi.processors.standard.ExecuteSQL - ExecuteSQL[id=888e9bac-dd4d-41bc-81fa-be455196cb1c] FlowFile[28,100388253125799.mockFlowFile,291B] contains 5 records; transferring to 'success'
[pool-1925-thread-1] INFO org.apache.nifi.processors.standard.ExecuteSQL - ExecuteSQL[id=888e9bac-dd4d-41bc-81fa-be455196cb1c] FlowFile[29,100388253238940.mockFlowFile,291B] contains 5 records; transferring to 'success'
[pool-1925-thread-1] INFO org.apache.nifi.processors.standard.ExecuteSQL - ExecuteSQL[id=888e9bac-dd4d-41bc-81fa-be455196cb1c] FlowFile[30,100388253319016.mockFlowFile,291B] contains 5 records; transferring to 'success'
[pool-1925-thread-1] INFO org.apache.nifi.processors.standard.ExecuteSQL - ExecuteSQL[id=888e9bac-dd4d-41bc-81fa-be455196cb1c] FlowFile[31,100388253430594.mockFlowFile,291B] contains 5 records; transferring to 'success'
[pool-1925-thread-1] INFO org.apache.nifi.processors.standard.ExecuteSQL - ExecuteSQL[id=888e9bac-dd4d-41bc-81fa-be455196cb1c] FlowFile[32,100388260701570.mockFlowFile,291B] contains 5 records; transferring to 'success'
[pool-1925-thread-1] INFO org.apache.nifi.processors.standard.ExecuteSQL - ExecuteSQL[id=888e9bac-dd4d-41bc-81fa-be455196cb1c] FlowFile[33,100388260922968.mockFlowFile,291B] contains 5 records; transferring to 'success'
[pool-1925-thread-1] INFO org.apache.nifi.processors.standard.ExecuteSQL - ExecuteSQL[id=888e9bac-dd4d-41bc-81fa-be455196cb1c] FlowFile[34,100388261031422.mockFlowFile,291B] contains 5 records; transferring to 'success'
[pool-1925-thread-1] INFO org.apache.nifi.processors.standard.ExecuteSQL - ExecuteSQL[id=888e9bac-dd4d-41bc-81fa-be455196cb1c] FlowFile[35,100388261123711.mockFlowFile,291B] contains 5 records; transferring to 'success'
[pool-1925-thread-1] INFO org.apache.nifi.processors.standard.ExecuteSQL - ExecuteSQL[id=888e9bac-dd4d-41bc-81fa-be455196cb1c] FlowFile[36,100388261220318.mockFlowFile,291B] contains 5 records; transferring to 'success'
[pool-1925-thread-1] INFO org.apache.nifi.processors.standard.ExecuteSQL - ExecuteSQL[id=888e9bac-dd4d-41bc-81fa-be455196cb1c] FlowFile[37,100388261311047.mockFlowFile,291B] contains 5 records; transferring to 'success'
[pool-1925-thread-1] INFO org.apache.nifi.processors.standard.ExecuteSQL - ExecuteSQL[id=888e9bac-dd4d-41bc-81fa-be455196cb1c] FlowFile[38,100388261397973.mockFlowFile,291B] contains 5 records; transferring to 'success'
[pool-1925-thread-1] INFO org.apache.nifi.processors.standard.ExecuteSQL - ExecuteSQL[id=888e9bac-dd4d-41bc-81fa-be455196cb1c] FlowFile[39,100388261511999.mockFlowFile,291B] contains 5 records; transferring to 'success'
[pool-1925-thread-1] INFO org.apache.nifi.processors.standard.ExecuteSQL - ExecuteSQL[id=888e9bac-dd4d-41bc-81fa-be455196cb1c] FlowFile[40,100388261626488.mockFlowFile,291B] contains 5 records; transferring to 'success'
[pool-1925-thread-1] INFO org.apache.nifi.processors.standard.ExecuteSQL - ExecuteSQL[id=888e9bac-dd4d-41bc-81fa-be455196cb1c] FlowFile[41,100388261728597.mockFlowFile,291B] contains 5 records; transferring to 'success'
[pool-1925-thread-1] INFO org.apache.nifi.processors.standard.ExecuteSQL - ExecuteSQL[id=888e9bac-dd4d-41bc-81fa-be455196cb1c] FlowFile[42,100388261825639.mockFlowFile,291B] contains 5 records; transferring to 'success'
[pool-1925-thread-1] INFO org.apache.nifi.processors.standard.ExecuteSQL - ExecuteSQL[id=888e9bac-dd4d-41bc-81fa-be455196cb1c] FlowFile[43,100388261913404.mockFlowFile,291B] contains 5 records; transferring to 'success'
[pool-1925-thread-1] INFO org.apache.nifi.processors.standard.ExecuteSQL - ExecuteSQL[id=888e9bac-dd4d-41bc-81fa-be455196cb1c] FlowFile[44,100388261999169.mockFlowFile,291B] contains 5 records; transferring to 'success'
[pool-1925-thread-1] INFO org.apache.nifi.processors.standard.ExecuteSQL - ExecuteSQL[id=888e9bac-dd4d-41bc-81fa-be455196cb1c] FlowFile[45,100388262096907.mockFlowFile,291B] contains 5 records; transferring to 'success'
[pool-1925-thread-1] INFO org.apache.nifi.processors.standard.ExecuteSQL - ExecuteSQL[id=888e9bac-dd4d-41bc-81fa-be455196cb1c] FlowFile[46,100388262183593.mockFlowFile,291B] contains 5 records; transferring to 'success'
[pool-1925-thread-1] INFO org.apache.nifi.processors.standard.ExecuteSQL - ExecuteSQL[id=888e9bac-dd4d-41bc-81fa-be455196cb1c] FlowFile[47,100388262269630.mockFlowFile,291B] contains 5 records; transferring to 'success'
[pool-1925-thread-1] INFO org.apache.nifi.processors.standard.ExecuteSQL - ExecuteSQL[id=888e9bac-dd4d-41bc-81fa-be455196cb1c] FlowFile[48,100388262362048.mockFlowFile,291B] contains 5 records; transferring to 'success'
[pool-1925-thread-1] INFO org.apache.nifi.processors.standard.ExecuteSQL - ExecuteSQL[id=888e9bac-dd4d-41bc-81fa-be455196cb1c] FlowFile[49,100388262461727.mockFlowFile,291B] contains 5 records; transferring to 'success'
[pool-1925-thread-1] INFO org.apache.nifi.processors.standard.ExecuteSQL - ExecuteSQL[id=888e9bac-dd4d-41bc-81fa-be455196cb1c] FlowFile[50,100388262549905.mockFlowFile,291B] contains 5 records; transferring to 'success'
[pool-1925-thread-1] INFO org.apache.nifi.processors.standard.ExecuteSQL - ExecuteSQL[id=888e9bac-dd4d-41bc-81fa-be455196cb1c] FlowFile[51,100388262637439.mockFlowFile,291B] contains 5 records; transferring to 'success'
[pool-1925-thread-1] INFO org.apache.nifi.processors.standard.ExecuteSQL - ExecuteSQL[id=888e9bac-dd4d-41bc-81fa-be455196cb1c] FlowFile[52,100388262730953.mockFlowFile,291B] contains 5 records; transferring to 'success'
[pool-1925-thread-1] INFO org.apache.nifi.processors.standard.ExecuteSQL - ExecuteSQL[id=888e9bac-dd4d-41bc-81fa-be455196cb1c] FlowFile[53,100388262864120.mockFlowFile,291B] contains 5 records; transferring to 'success'
[pool-1925-thread-1] INFO org.apache.nifi.processors.standard.ExecuteSQL - ExecuteSQL[id=888e9bac-dd4d-41bc-81fa-be455196cb1c] FlowFile[54,100388262951275.mockFlowFile,291B] contains 5 records; transferring to 'success'
[pool-1925-thread-1] INFO org.apache.nifi.processors.standard.ExecuteSQL - ExecuteSQL[id=888e9bac-dd4d-41bc-81fa-be455196cb1c] FlowFile[55,100388263043336.mockFlowFile,291B] contains 5 records; transferring to 'success'
[pool-1925-thread-1] INFO org.apache.nifi.processors.standard.ExecuteSQL - ExecuteSQL[id=888e9bac-dd4d-41bc-81fa-be455196cb1c] FlowFile[56,100388263174963.mockFlowFile,291B] contains 5 records; transferring to 'success'
[pool-1925-thread-1] INFO org.apache.nifi.processors.standard.ExecuteSQL - ExecuteSQL[id=888e9bac-dd4d-41bc-81fa-be455196cb1c] FlowFile[57,100388263265370.mockFlowFile,291B] contains 5 records; transferring to 'success'
[pool-1925-thread-1] INFO org.apache.nifi.processors.standard.ExecuteSQL - ExecuteSQL[id=888e9bac-dd4d-41bc-81fa-be455196cb1c] FlowFile[58,100388263357877.mockFlowFile,291B] contains 5 records; transferring to 'success'
[pool-1925-thread-1] INFO org.apache.nifi.processors.standard.ExecuteSQL - ExecuteSQL[id=888e9bac-dd4d-41bc-81fa-be455196cb1c] FlowFile[59,100388263444347.mockFlowFile,291B] contains 5 records; transferring to 'success'
[pool-1925-thread-1] INFO org.apache.nifi.processors.standard.ExecuteSQL - ExecuteSQL[id=888e9bac-dd4d-41bc-81fa-be455196cb1c] FlowFile[60,100388263531465.mockFlowFile,291B] contains 5 records; transferring to 'success'
[pool-1925-thread-1] INFO org.apache.nifi.processors.standard.ExecuteSQL - ExecuteSQL[id=888e9bac-dd4d-41bc-81fa-be455196cb1c] FlowFile[61,100388263631687.mockFlowFile,291B] contains 5 records; transferring to 'success'
[pool-1925-thread-1] INFO org.apache.nifi.processors.standard.ExecuteSQL - ExecuteSQL[id=888e9bac-dd4d-41bc-81fa-be455196cb1c] FlowFile[62,100388263741957.mockFlowFile,291B] contains 5 records; transferring to 'success'
[pool-1925-thread-1] INFO org.apache.nifi.processors.standard.ExecuteSQL - ExecuteSQL[id=888e9bac-dd4d-41bc-81fa-be455196cb1c] FlowFile[63,100388263856856.mockFlowFile,291B] contains 5 records; transferring to 'success'
[pool-1925-thread-1] INFO org.apache.nifi.processors.standard.ExecuteSQL - ExecuteSQL[id=888e9bac-dd4d-41bc-81fa-be455196cb1c] FlowFile[64,100388263974368.mockFlowFile,291B] contains 5 records; transferring to 'success'
[pool-1925-thread-1] INFO org.apache.nifi.processors.standard.ExecuteSQL - ExecuteSQL[id=888e9bac-dd4d-41bc-81fa-be455196cb1c] FlowFile[65,100388264109853.mockFlowFile,291B] contains 5 records; transferring to 'success'
[pool-1925-thread-1] INFO org.apache.nifi.processors.standard.ExecuteSQL - ExecuteSQL[id=888e9bac-dd4d-41bc-81fa-be455196cb1c] FlowFile[66,100388264218979.mockFlowFile,291B] contains 5 records; transferring to 'success'
[pool-1925-thread-1] INFO org.apache.nifi.processors.standard.ExecuteSQL - ExecuteSQL[id=888e9bac-dd4d-41bc-81fa-be455196cb1c] FlowFile[67,100388264326675.mockFlowFile,291B] contains 5 records; transferring to 'success'
[pool-1925-thread-1] INFO org.apache.nifi.processors.standard.ExecuteSQL - ExecuteSQL[id=888e9bac-dd4d-41bc-81fa-be455196cb1c] FlowFile[68,100388264442671.mockFlowFile,291B] contains 5 records; transferring to 'success'
[pool-1925-thread-1] INFO org.apache.nifi.processors.standard.ExecuteSQL - ExecuteSQL[id=888e9bac-dd4d-41bc-81fa-be455196cb1c] FlowFile[69,100388264554064.mockFlowFile,291B] contains 5 records; transferring to 'success'
[pool-1925-thread-1] INFO org.apache.nifi.processors.standard.ExecuteSQL - ExecuteSQL[id=888e9bac-dd4d-41bc-81fa-be455196cb1c] FlowFile[70,100388264663706.mockFlowFile,291B] contains 5 records; transferring to 'success'
[pool-1925-thread-1] INFO org.apache.nifi.processors.standard.ExecuteSQL - ExecuteSQL[id=888e9bac-dd4d-41bc-81fa-be455196cb1c] FlowFile[71,100388264776172.mockFlowFile,291B] contains 5 records; transferring to 'success'
[pool-1925-thread-1] INFO org.apache.nifi.processors.standard.ExecuteSQL - ExecuteSQL[id=888e9bac-dd4d-41bc-81fa-be455196cb1c] FlowFile[72,100388264888281.mockFlowFile,291B] contains 5 records; transferring to 'success'
[pool-1925-thread-1] INFO org.apache.nifi.processors.standard.ExecuteSQL - ExecuteSQL[id=888e9bac-dd4d-41bc-81fa-be455196cb1c] FlowFile[73,100388264984762.mockFlowFile,291B] contains 5 records; transferring to 'success'
[pool-1925-thread-1] INFO org.apache.nifi.processors.standard.ExecuteSQL - ExecuteSQL[id=888e9bac-dd4d-41bc-81fa-be455196cb1c] FlowFile[74,100388265093562.mockFlowFile,291B] contains 5 records; transferring to 'success'
[pool-1925-thread-1] INFO org.apache.nifi.processors.standard.ExecuteSQL - ExecuteSQL[id=888e9bac-dd4d-41bc-81fa-be455196cb1c] FlowFile[75,100388265189566.mockFlowFile,291B] contains 5 records; transferring to 'success'
[pool-1925-thread-1] INFO org.apache.nifi.processors.standard.ExecuteSQL - ExecuteSQL[id=888e9bac-dd4d-41bc-81fa-be455196cb1c] FlowFile[76,100388265285418.mockFlowFile,291B] contains 5 records; transferring to 'success'
[pool-1925-thread-1] INFO org.apache.nifi.processors.standard.ExecuteSQL - ExecuteSQL[id=888e9bac-dd4d-41bc-81fa-be455196cb1c] FlowFile[77,100388265393885.mockFlowFile,291B] contains 5 records; transferring to 'success'
[pool-1925-thread-1] INFO org.apache.nifi.processors.standard.ExecuteSQL - ExecuteSQL[id=888e9bac-dd4d-41bc-81fa-be455196cb1c] FlowFile[78,100388265504328.mockFlowFile,291B] contains 5 records; transferring to 'success'
[pool-1925-thread-1] INFO org.apache.nifi.processors.standard.ExecuteSQL - ExecuteSQL[id=888e9bac-dd4d-41bc-81fa-be455196cb1c] FlowFile[79,100388265607133.mockFlowFile,291B] contains 5 records; transferring to 'success'
[pool-1925-thread-1] INFO org.apache.nifi.processors.standard.ExecuteSQL - ExecuteSQL[id=888e9bac-dd4d-41bc-81fa-be455196cb1c] FlowFile[80,100388265717147.mockFlowFile,291B] contains 5 records; transferring to 'success'
[pool-1925-thread-1] INFO org.apache.nifi.processors.standard.ExecuteSQL - ExecuteSQL[id=888e9bac-dd4d-41bc-81fa-be455196cb1c] FlowFile[81,100388265826236.mockFlowFile,291B] contains 5 records; transferring to 'success'
[pool-1925-thread-1] INFO org.apache.nifi.processors.standard.ExecuteSQL - ExecuteSQL[id=888e9bac-dd4d-41bc-81fa-be455196cb1c] FlowFile[82,100388265951761.mockFlowFile,291B] contains 5 records; transferring to 'success'
[pool-1925-thread-1] INFO org.apache.nifi.processors.standard.ExecuteSQL - ExecuteSQL[id=888e9bac-dd4d-41bc-81fa-be455196cb1c] FlowFile[83,100388266050337.mockFlowFile,291B] contains 5 records; transferring to 'success'
[pool-1925-thread-1] INFO org.apache.nifi.processors.standard.ExecuteSQL - ExecuteSQL[id=888e9bac-dd4d-41bc-81fa-be455196cb1c] FlowFile[84,100388266158102.mockFlowFile,291B] contains 5 records; transferring to 'success'
[pool-1925-thread-1] INFO org.apache.nifi.processors.standard.ExecuteSQL - ExecuteSQL[id=888e9bac-dd4d-41bc-81fa-be455196cb1c] FlowFile[85,100388266279989.mockFlowFile,291B] contains 5 records; transferring to 'success'
[pool-1925-thread-1] INFO org.apache.nifi.processors.standard.ExecuteSQL - ExecuteSQL[id=888e9bac-dd4d-41bc-81fa-be455196cb1c] FlowFile[86,100388266377938.mockFlowFile,291B] contains 5 records; transferring to 'success'
[pool-1925-thread-1] INFO org.apache.nifi.processors.standard.ExecuteSQL - ExecuteSQL[id=888e9bac-dd4d-41bc-81fa-be455196cb1c] FlowFile[87,100388266481135.mockFlowFile,291B] contains 5 records; transferring to 'success'
[pool-1925-thread-1] INFO org.apache.nifi.processors.standard.ExecuteSQL - ExecuteSQL[id=888e9bac-dd4d-41bc-81fa-be455196cb1c] FlowFile[88,100388266589214.mockFlowFile,291B] contains 5 records; transferring to 'success'
[pool-1925-thread-1] INFO org.apache.nifi.processors.standard.ExecuteSQL - ExecuteSQL[id=888e9bac-dd4d-41bc-81fa-be455196cb1c] FlowFile[89,100388266702052.mockFlowFile,291B] contains 5 records; transferring to 'success'
[pool-1925-thread-1] INFO org.apache.nifi.processors.standard.ExecuteSQL - ExecuteSQL[id=888e9bac-dd4d-41bc-81fa-be455196cb1c] FlowFile[90,100388266828876.mockFlowFile,291B] contains 5 records; transferring to 'success'
[pool-1925-thread-1] INFO org.apache.nifi.processors.standard.ExecuteSQL - ExecuteSQL[id=888e9bac-dd4d-41bc-81fa-be455196cb1c] FlowFile[91,100388266978023.mockFlowFile,291B] contains 5 records; transferring to 'success'
[pool-1925-thread-1] INFO org.apache.nifi.processors.standard.ExecuteSQL - ExecuteSQL[id=888e9bac-dd4d-41bc-81fa-be455196cb1c] FlowFile[92,100388267072286.mockFlowFile,291B] contains 5 records; transferring to 'success'
[pool-1925-thread-1] INFO org.apache.nifi.processors.standard.ExecuteSQL - ExecuteSQL[id=888e9bac-dd4d-41bc-81fa-be455196cb1c] FlowFile[93,100388267178781.mockFlowFile,291B] contains 5 records; transferring to 'success'
[pool-1925-thread-1] INFO org.apache.nifi.processors.standard.ExecuteSQL - ExecuteSQL[id=888e9bac-dd4d-41bc-81fa-be455196cb1c] FlowFile[94,100388267270908.mockFlowFile,291B] contains 5 records; transferring to 'success'
[pool-1925-thread-1] INFO org.apache.nifi.processors.standard.ExecuteSQL - ExecuteSQL[id=888e9bac-dd4d-41bc-81fa-be455196cb1c] FlowFile[95,100388267360658.mockFlowFile,291B] contains 5 records; transferring to 'success'
[pool-1925-thread-1] INFO org.apache.nifi.processors.standard.ExecuteSQL - ExecuteSQL[id=888e9bac-dd4d-41bc-81fa-be455196cb1c] FlowFile[96,100388267480864.mockFlowFile,291B] contains 5 records; transferring to 'success'
[pool-1925-thread-1] INFO org.apache.nifi.processors.standard.ExecuteSQL - ExecuteSQL[id=888e9bac-dd4d-41bc-81fa-be455196cb1c] FlowFile[97,100388267615631.mockFlowFile,291B] contains 5 records; transferring to 'success'
[pool-1925-thread-1] INFO org.apache.nifi.processors.standard.ExecuteSQL - ExecuteSQL[id=888e9bac-dd4d-41bc-81fa-be455196cb1c] FlowFile[98,100388267732011.mockFlowFile,291B] contains 5 records; transferring to 'success'
[pool-1925-thread-1] INFO org.apache.nifi.processors.standard.ExecuteSQL - ExecuteSQL[id=888e9bac-dd4d-41bc-81fa-be455196cb1c] FlowFile[99,100388267834084.mockFlowFile,291B] contains 5 records; transferring to 'success'
[pool-1925-thread-1] INFO org.apache.nifi.processors.standard.ExecuteSQL - ExecuteSQL[id=888e9bac-dd4d-41bc-81fa-be455196cb1c] FlowFile[100,100388267986117.mockFlowFile,291B] contains 5 records; transferring to 'success'
[pool-1925-thread-1] INFO org.apache.nifi.processors.standard.ExecuteSQL - ExecuteSQL[id=888e9bac-dd4d-41bc-81fa-be455196cb1c] FlowFile[101,100388268097906.mockFlowFile,291B] contains 5 records; transferring to 'success'
[pool-1925-thread-1] INFO org.apache.nifi.processors.standard.ExecuteSQL - ExecuteSQL[id=888e9bac-dd4d-41bc-81fa-be455196cb1c] FlowFile[102,100388268183009.mockFlowFile,291B] contains 5 records; transferring to 'success'
[pool-1925-thread-1] INFO org.apache.nifi.processors.standard.ExecuteSQL - ExecuteSQL[id=888e9bac-dd4d-41bc-81fa-be455196cb1c] FlowFile[103,100388268277940.mockFlowFile,291B] contains 5 records; transferring to 'success'
[pool-1925-thread-1] INFO org.apache.nifi.processors.standard.ExecuteSQL - ExecuteSQL[id=888e9bac-dd4d-41bc-81fa-be455196cb1c] FlowFile[104,100388268369973.mockFlowFile,291B] contains 5 records; transferring to 'success'
[pool-1925-thread-1] INFO org.apache.nifi.processors.standard.ExecuteSQL - ExecuteSQL[id=888e9bac-dd4d-41bc-81fa-be455196cb1c] FlowFile[105,100388268450572.mockFlowFile,291B] contains 5 records; transferring to 'success'
[pool-1925-thread-1] INFO org.apache.nifi.processors.standard.ExecuteSQL - ExecuteSQL[id=888e9bac-dd4d-41bc-81fa-be455196cb1c] FlowFile[106,100388268538377.mockFlowFile,291B] contains 5 records; transferring to 'success'
[pool-1925-thread-1] INFO org.apache.nifi.processors.standard.ExecuteSQL - ExecuteSQL[id=888e9bac-dd4d-41bc-81fa-be455196cb1c] FlowFile[107,100388268616771.mockFlowFile,291B] contains 5 records; transferring to 'success'
[pool-1925-thread-1] INFO org.apache.nifi.processors.standard.ExecuteSQL - ExecuteSQL[id=888e9bac-dd4d-41bc-81fa-be455196cb1c] FlowFile[108,100388268700534.mockFlowFile,291B] contains 5 records; transferring to 'success'
[pool-1925-thread-1] INFO org.apache.nifi.processors.standard.ExecuteSQL - ExecuteSQL[id=888e9bac-dd4d-41bc-81fa-be455196cb1c] FlowFile[109,100388268768303.mockFlowFile,291B] contains 5 records; transferring to 'success'
[pool-1925-thread-1] INFO org.apache.nifi.processors.standard.ExecuteSQL - ExecuteSQL[id=888e9bac-dd4d-41bc-81fa-be455196cb1c] FlowFile[110,100388268848559.mockFlowFile,291B] contains 5 records; transferring to 'success'
[pool-1925-thread-1] INFO org.apache.nifi.processors.standard.ExecuteSQL - ExecuteSQL[id=888e9bac-dd4d-41bc-81fa-be455196cb1c] FlowFile[111,100388268929415.mockFlowFile,291B] contains 5 records; transferring to 'success'
[pool-1925-thread-1] INFO org.apache.nifi.processors.standard.ExecuteSQL - ExecuteSQL[id=888e9bac-dd4d-41bc-81fa-be455196cb1c] FlowFile[112,100388269468516.mockFlowFile,291B] contains 5 records; transferring to 'success'
[pool-1925-thread-1] INFO org.apache.nifi.processors.standard.ExecuteSQL - ExecuteSQL[id=888e9bac-dd4d-41bc-81fa-be455196cb1c] FlowFile[113,100388269598389.mockFlowFile,291B] contains 5 records; transferring to 'success'
[pool-1925-thread-1] INFO org.apache.nifi.processors.standard.ExecuteSQL - ExecuteSQL[id=888e9bac-dd4d-41bc-81fa-be455196cb1c] FlowFile[114,100388269714701.mockFlowFile,291B] contains 5 records; transferring to 'success'
[pool-1925-thread-1] INFO org.apache.nifi.processors.standard.ExecuteSQL - ExecuteSQL[id=888e9bac-dd4d-41bc-81fa-be455196cb1c] FlowFile[115,100388269822070.mockFlowFile,291B] contains 5 records; transferring to 'success'
[pool-1925-thread-1] INFO org.apache.nifi.processors.standard.ExecuteSQL - ExecuteSQL[id=888e9bac-dd4d-41bc-81fa-be455196cb1c] FlowFile[116,100388269941832.mockFlowFile,291B] contains 5 records; transferring to 'success'
[pool-1925-thread-1] INFO org.apache.nifi.processors.standard.ExecuteSQL - ExecuteSQL[id=888e9bac-dd4d-41bc-81fa-be455196cb1c] FlowFile[117,100388270044786.mockFlowFile,291B] contains 5 records; transferring to 'success'
[pool-1925-thread-1] INFO org.apache.nifi.processors.standard.ExecuteSQL - ExecuteSQL[id=888e9bac-dd4d-41bc-81fa-be455196cb1c] FlowFile[118,100388270143973.mockFlowFile,291B] contains 5 records; transferring to 'success'
[pool-1925-thread-1] INFO org.apache.nifi.processors.standard.ExecuteSQL - ExecuteSQL[id=888e9bac-dd4d-41bc-81fa-be455196cb1c] FlowFile[119,100388270249378.mockFlowFile,291B] contains 5 records; transferring to 'success'
[pool-1925-thread-1] INFO org.apache.nifi.processors.standard.ExecuteSQL - ExecuteSQL[id=888e9bac-dd4d-41bc-81fa-be455196cb1c] FlowFile[120,100388270359925.mockFlowFile,291B] contains 5 records; transferring to 'success'
[pool-1925-thread-1] INFO org.apache.nifi.processors.standard.ExecuteSQL - ExecuteSQL[id=888e9bac-dd4d-41bc-81fa-be455196cb1c] FlowFile[121,100388270610182.mockFlowFile,291B] contains 5 records; transferring to 'success'
[pool-1925-thread-1] INFO org.apache.nifi.processors.standard.ExecuteSQL - ExecuteSQL[id=888e9bac-dd4d-41bc-81fa-be455196cb1c] FlowFile[122,100388270759060.mockFlowFile,291B] contains 5 records; transferring to 'success'
[pool-1925-thread-1] INFO org.apache.nifi.processors.standard.ExecuteSQL - ExecuteSQL[id=888e9bac-dd4d-41bc-81fa-be455196cb1c] FlowFile[123,100388270863600.mockFlowFile,291B] contains 5 records; transferring to 'success'
[pool-1925-thread-1] INFO org.apache.nifi.processors.standard.ExecuteSQL - ExecuteSQL[id=888e9bac-dd4d-41bc-81fa-be455196cb1c] FlowFile[124,100388270957777.mockFlowFile,291B] contains 5 records; transferring to 'success'
[pool-1925-thread-1] INFO org.apache.nifi.processors.standard.ExecuteSQL - ExecuteSQL[id=888e9bac-dd4d-41bc-81fa-be455196cb1c] FlowFile[125,100388271063711.mockFlowFile,291B] contains 5 records; transferring to 'success'
[pool-1925-thread-1] INFO org.apache.nifi.processors.standard.ExecuteSQL - ExecuteSQL[id=888e9bac-dd4d-41bc-81fa-be455196cb1c] FlowFile[126,100388271237633.mockFlowFile,291B] contains 5 records; transferring to 'success'
[pool-1925-thread-1] INFO org.apache.nifi.processors.standard.ExecuteSQL - ExecuteSQL[id=888e9bac-dd4d-41bc-81fa-be455196cb1c] FlowFile[127,100388271338761.mockFlowFile,291B] contains 5 records; transferring to 'success'
[pool-1925-thread-1] INFO org.apache.nifi.processors.standard.ExecuteSQL - ExecuteSQL[id=888e9bac-dd4d-41bc-81fa-be455196cb1c] FlowFile[128,100388271449109.mockFlowFile,291B] contains 5 records; transferring to 'success'
[pool-1925-thread-1] INFO org.apache.nifi.processors.standard.ExecuteSQL - ExecuteSQL[id=888e9bac-dd4d-41bc-81fa-be455196cb1c] FlowFile[129,100388271557738.mockFlowFile,291B] contains 5 records; transferring to 'success'
[pool-1925-thread-1] INFO org.apache.nifi.processors.standard.ExecuteSQL - ExecuteSQL[id=888e9bac-dd4d-41bc-81fa-be455196cb1c] FlowFile[130,100388271654576.mockFlowFile,291B] contains 5 records; transferring to 'success'
[pool-1925-thread-1] INFO org.apache.nifi.processors.standard.ExecuteSQL - ExecuteSQL[id=888e9bac-dd4d-41bc-81fa-be455196cb1c] FlowFile[131,100388271751974.mockFlowFile,291B] contains 5 records; transferring to 'success'
[pool-1925-thread-1] INFO org.apache.nifi.processors.standard.ExecuteSQL - ExecuteSQL[id=888e9bac-dd4d-41bc-81fa-be455196cb1c] FlowFile[132,100388271860906.mockFlowFile,291B] contains 5 records; transferring to 'success'
[pool-1925-thread-1] INFO org.apache.nifi.processors.standard.ExecuteSQL - ExecuteSQL[id=888e9bac-dd4d-41bc-81fa-be455196cb1c] FlowFile[133,100388271969279.mockFlowFile,291B] contains 5 records; transferring to 'success'
[pool-1925-thread-1] INFO org.apache.nifi.processors.standard.ExecuteSQL - ExecuteSQL[id=888e9bac-dd4d-41bc-81fa-be455196cb1c] FlowFile[134,100388272078194.mockFlowFile,291B] contains 5 records; transferring to 'success'
[pool-1925-thread-1] INFO org.apache.nifi.processors.standard.ExecuteSQL - ExecuteSQL[id=888e9bac-dd4d-41bc-81fa-be455196cb1c] FlowFile[135,100388272186892.mockFlowFile,291B] contains 5 records; transferring to 'success'
[pool-1925-thread-1] INFO org.apache.nifi.processors.standard.ExecuteSQL - ExecuteSQL[id=888e9bac-dd4d-41bc-81fa-be455196cb1c] FlowFile[136,100388272291733.mockFlowFile,291B] contains 5 records; transferring to 'success'
[pool-1925-thread-1] INFO org.apache.nifi.processors.standard.ExecuteSQL - ExecuteSQL[id=888e9bac-dd4d-41bc-81fa-be455196cb1c] FlowFile[137,100388272386179.mockFlowFile,291B] contains 5 records; transferring to 'success'
[pool-1925-thread-1] INFO org.apache.nifi.processors.standard.ExecuteSQL - ExecuteSQL[id=888e9bac-dd4d-41bc-81fa-be455196cb1c] FlowFile[138,100388272490363.mockFlowFile,291B] contains 5 records; transferring to 'success'
[pool-1925-thread-1] INFO org.apache.nifi.processors.standard.ExecuteSQL - ExecuteSQL[id=888e9bac-dd4d-41bc-81fa-be455196cb1c] FlowFile[139,100388272586637.mockFlowFile,291B] contains 5 records; transferring to 'success'
[pool-1925-thread-1] INFO org.apache.nifi.processors.standard.ExecuteSQL - ExecuteSQL[id=888e9bac-dd4d-41bc-81fa-be455196cb1c] FlowFile[140,100388272682080.mockFlowFile,291B] contains 5 records; transferring to 'success'
[pool-1925-thread-1] INFO org.apache.nifi.processors.standard.ExecuteSQL - ExecuteSQL[id=888e9bac-dd4d-41bc-81fa-be455196cb1c] FlowFile[141,100388272785004.mockFlowFile,291B] contains 5 records; transferring to 'success'
[pool-1925-thread-1] INFO org.apache.nifi.processors.standard.ExecuteSQL - ExecuteSQL[id=888e9bac-dd4d-41bc-81fa-be455196cb1c] FlowFile[142,100388272878920.mockFlowFile,291B] contains 5 records; transferring to 'success'
[pool-1925-thread-1] INFO org.apache.nifi.processors.standard.ExecuteSQL - ExecuteSQL[id=888e9bac-dd4d-41bc-81fa-be455196cb1c] FlowFile[143,100388272976222.mockFlowFile,291B] contains 5 records; transferring to 'success'
[pool-1925-thread-1] INFO org.apache.nifi.processors.standard.ExecuteSQL - ExecuteSQL[id=888e9bac-dd4d-41bc-81fa-be455196cb1c] FlowFile[144,100388273077947.mockFlowFile,291B] contains 5 records; transferring to 'success'
[pool-1925-thread-1] INFO org.apache.nifi.processors.standard.ExecuteSQL - ExecuteSQL[id=888e9bac-dd4d-41bc-81fa-be455196cb1c] FlowFile[145,100388273185099.mockFlowFile,291B] contains 5 records; transferring to 'success'
[pool-1925-thread-1] INFO org.apache.nifi.processors.standard.ExecuteSQL - ExecuteSQL[id=888e9bac-dd4d-41bc-81fa-be455196cb1c] FlowFile[146,100388273279216.mockFlowFile,291B] contains 5 records; transferring to 'success'
[pool-1925-thread-1] INFO org.apache.nifi.processors.standard.ExecuteSQL - ExecuteSQL[id=888e9bac-dd4d-41bc-81fa-be455196cb1c] FlowFile[147,100388273375063.mockFlowFile,291B] contains 5 records; transferring to 'success'
[pool-1925-thread-1] INFO org.apache.nifi.processors.standard.ExecuteSQL - ExecuteSQL[id=888e9bac-dd4d-41bc-81fa-be455196cb1c] FlowFile[148,100388273582397.mockFlowFile,291B] contains 5 records; transferring to 'success'
[pool-1925-thread-1] INFO org.apache.nifi.processors.standard.ExecuteSQL - ExecuteSQL[id=888e9bac-dd4d-41bc-81fa-be455196cb1c] FlowFile[149,100388273680085.mockFlowFile,291B] contains 5 records; transferring to 'success'
[pool-1925-thread-1] INFO org.apache.nifi.processors.standard.ExecuteSQL - ExecuteSQL[id=888e9bac-dd4d-41bc-81fa-be455196cb1c] FlowFile[150,100388273818209.mockFlowFile,291B] contains 5 records; transferring to 'success'
[pool-1925-thread-1] INFO org.apache.nifi.processors.standard.ExecuteSQL - ExecuteSQL[id=888e9bac-dd4d-41bc-81fa-be455196cb1c] FlowFile[151,100388273920114.mockFlowFile,291B] contains 5 records; transferring to 'success'
[pool-1925-thread-1] INFO org.apache.nifi.processors.standard.ExecuteSQL - ExecuteSQL[id=888e9bac-dd4d-41bc-81fa-be455196cb1c] FlowFile[152,100388274015862.mockFlowFile,291B] contains 5 records; transferring to 'success'
[pool-1925-thread-1] INFO org.apache.nifi.processors.standard.ExecuteSQL - ExecuteSQL[id=888e9bac-dd4d-41bc-81fa-be455196cb1c] FlowFile[153,100388274101732.mockFlowFile,291B] contains 5 records; transferring to 'success'
[pool-1925-thread-1] INFO org.apache.nifi.processors.standard.ExecuteSQL - ExecuteSQL[id=888e9bac-dd4d-41bc-81fa-be455196cb1c] FlowFile[154,100388274191955.mockFlowFile,291B] contains 5 records; transferring to 'success'
[pool-1925-thread-1] INFO org.apache.nifi.processors.standard.ExecuteSQL - ExecuteSQL[id=888e9bac-dd4d-41bc-81fa-be455196cb1c] FlowFile[155,100388274276676.mockFlowFile,291B] contains 5 records; transferring to 'success'
[pool-1925-thread-1] INFO org.apache.nifi.processors.standard.ExecuteSQL - ExecuteSQL[id=888e9bac-dd4d-41bc-81fa-be455196cb1c] FlowFile[156,100388274357911.mockFlowFile,291B] contains 5 records; transferring to 'success'
[pool-1925-thread-1] INFO org.apache.nifi.processors.standard.ExecuteSQL - ExecuteSQL[id=888e9bac-dd4d-41bc-81fa-be455196cb1c] FlowFile[157,100388274464532.mockFlowFile,291B] contains 5 records; transferring to 'success'
[pool-1925-thread-1] INFO org.apache.nifi.processors.standard.ExecuteSQL - ExecuteSQL[id=888e9bac-dd4d-41bc-81fa-be455196cb1c] FlowFile[158,100388274551634.mockFlowFile,291B] contains 5 records; transferring to 'success'
[pool-1925-thread-1] INFO org.apache.nifi.processors.standard.ExecuteSQL - ExecuteSQL[id=888e9bac-dd4d-41bc-81fa-be455196cb1c] FlowFile[159,100388274634265.mockFlowFile,291B] contains 5 records; transferring to 'success'
[pool-1925-thread-1] INFO org.apache.nifi.processors.standard.ExecuteSQL - ExecuteSQL[id=888e9bac-dd4d-41bc-81fa-be455196cb1c] FlowFile[160,100388274724028.mockFlowFile,291B] contains 5 records; transferring to 'success'
[pool-1925-thread-1] INFO org.apache.nifi.processors.standard.ExecuteSQL - ExecuteSQL[id=888e9bac-dd4d-41bc-81fa-be455196cb1c] FlowFile[161,100388274813184.mockFlowFile,291B] contains 5 records; transferring to 'success'
[pool-1925-thread-1] INFO org.apache.nifi.processors.standard.ExecuteSQL - ExecuteSQL[id=888e9bac-dd4d-41bc-81fa-be455196cb1c] FlowFile[162,100388274893364.mockFlowFile,291B] contains 5 records; transferring to 'success'
[pool-1925-thread-1] INFO org.apache.nifi.processors.standard.ExecuteSQL - ExecuteSQL[id=888e9bac-dd4d-41bc-81fa-be455196cb1c] FlowFile[163,100388274992210.mockFlowFile,291B] contains 5 records; transferring to 'success'
[pool-1925-thread-1] INFO org.apache.nifi.processors.standard.ExecuteSQL - ExecuteSQL[id=888e9bac-dd4d-41bc-81fa-be455196cb1c] FlowFile[164,100388275081877.mockFlowFile,291B] contains 5 records; transferring to 'success'
[pool-1925-thread-1] INFO org.apache.nifi.processors.standard.ExecuteSQL - ExecuteSQL[id=888e9bac-dd4d-41bc-81fa-be455196cb1c] FlowFile[165,100388275161606.mockFlowFile,291B] contains 5 records; transferring to 'success'
[pool-1925-thread-1] INFO org.apache.nifi.processors.standard.ExecuteSQL - ExecuteSQL[id=888e9bac-dd4d-41bc-81fa-be455196cb1c] FlowFile[166,100388275238515.mockFlowFile,291B] contains 5 records; transferring to 'success'
[pool-1925-thread-1] INFO org.apache.nifi.processors.standard.ExecuteSQL - ExecuteSQL[id=888e9bac-dd4d-41bc-81fa-be455196cb1c] FlowFile[167,100388275325883.mockFlowFile,291B] contains 5 records; transferring to 'success'
[pool-1925-thread-1] INFO org.apache.nifi.processors.standard.ExecuteSQL - ExecuteSQL[id=888e9bac-dd4d-41bc-81fa-be455196cb1c] FlowFile[168,100388275417440.mockFlowFile,291B] contains 5 records; transferring to 'success'
[pool-1925-thread-1] INFO org.apache.nifi.processors.standard.ExecuteSQL - ExecuteSQL[id=888e9bac-dd4d-41bc-81fa-be455196cb1c] FlowFile[169,100388275506036.mockFlowFile,291B] contains 5 records; transferring to 'success'
[pool-1925-thread-1] INFO org.apache.nifi.processors.standard.ExecuteSQL - ExecuteSQL[id=888e9bac-dd4d-41bc-81fa-be455196cb1c] FlowFile[170,100388275620620.mockFlowFile,291B] contains 5 records; transferring to 'success'
[pool-1925-thread-1] INFO org.apache.nifi.processors.standard.ExecuteSQL - ExecuteSQL[id=888e9bac-dd4d-41bc-81fa-be455196cb1c] FlowFile[171,100388275710180.mockFlowFile,291B] contains 5 records; transferring to 'success'
[pool-1925-thread-1] INFO org.apache.nifi.processors.standard.ExecuteSQL - ExecuteSQL[id=888e9bac-dd4d-41bc-81fa-be455196cb1c] FlowFile[172,100388275806173.mockFlowFile,291B] contains 5 records; transferring to 'success'
[pool-1925-thread-1] INFO org.apache.nifi.processors.standard.ExecuteSQL - ExecuteSQL[id=888e9bac-dd4d-41bc-81fa-be455196cb1c] FlowFile[173,100388275904221.mockFlowFile,291B] contains 5 records; transferring to 'success'
[pool-1925-thread-1] INFO org.apache.nifi.processors.standard.ExecuteSQL - ExecuteSQL[id=888e9bac-dd4d-41bc-81fa-be455196cb1c] FlowFile[174,100388275990559.mockFlowFile,291B] contains 5 records; transferring to 'success'
[pool-1925-thread-1] INFO org.apache.nifi.processors.standard.ExecuteSQL - ExecuteSQL[id=888e9bac-dd4d-41bc-81fa-be455196cb1c] FlowFile[175,100388276103877.mockFlowFile,291B] contains 5 records; transferring to 'success'
[pool-1925-thread-1] INFO org.apache.nifi.processors.standard.ExecuteSQL - ExecuteSQL[id=888e9bac-dd4d-41bc-81fa-be455196cb1c] FlowFile[176,100388276163589.mockFlowFile,291B] contains 5 records; transferring to 'success'
[pool-1925-thread-1] INFO org.apache.nifi.processors.standard.ExecuteSQL - ExecuteSQL[id=888e9bac-dd4d-41bc-81fa-be455196cb1c] FlowFile[177,100388276221907.mockFlowFile,291B] contains 5 records; transferring to 'success'
[pool-1925-thread-1] INFO org.apache.nifi.processors.standard.ExecuteSQL - ExecuteSQL[id=888e9bac-dd4d-41bc-81fa-be455196cb1c] FlowFile[178,100388276274377.mockFlowFile,291B] contains 5 records; transferring to 'success'
[pool-1925-thread-1] INFO org.apache.nifi.processors.standard.ExecuteSQL - ExecuteSQL[id=888e9bac-dd4d-41bc-81fa-be455196cb1c] FlowFile[179,100388276324125.mockFlowFile,291B] contains 5 records; transferring to 'success'
[pool-1925-thread-1] INFO org.apache.nifi.processors.standard.ExecuteSQL - ExecuteSQL[id=888e9bac-dd4d-41bc-81fa-be455196cb1c] FlowFile[180,100388276379795.mockFlowFile,291B] contains 5 records; transferring to 'success'
[pool-1925-thread-1] INFO org.apache.nifi.processors.standard.ExecuteSQL - ExecuteSQL[id=888e9bac-dd4d-41bc-81fa-be455196cb1c] FlowFile[181,100388276430140.mockFlowFile,291B] contains 5 records; transferring to 'success'
[pool-1925-thread-1] INFO org.apache.nifi.processors.standard.ExecuteSQL - ExecuteSQL[id=888e9bac-dd4d-41bc-81fa-be455196cb1c] FlowFile[182,100388276613799.mockFlowFile,291B] contains 5 records; transferring to 'success'
[pool-1925-thread-1] INFO org.apache.nifi.processors.standard.ExecuteSQL - ExecuteSQL[id=888e9bac-dd4d-41bc-81fa-be455196cb1c] FlowFile[183,100388276738036.mockFlowFile,291B] contains 5 records; transferring to 'success'
[pool-1925-thread-1] INFO org.apache.nifi.processors.standard.ExecuteSQL - ExecuteSQL[id=888e9bac-dd4d-41bc-81fa-be455196cb1c] FlowFile[184,100388276850052.mockFlowFile,291B] contains 5 records; transferring to 'success'
[pool-1925-thread-1] INFO org.apache.nifi.processors.standard.ExecuteSQL - ExecuteSQL[id=888e9bac-dd4d-41bc-81fa-be455196cb1c] FlowFile[185,100388277013700.mockFlowFile,291B] contains 5 records; transferring to 'success'
[pool-1925-thread-1] INFO org.apache.nifi.processors.standard.ExecuteSQL - ExecuteSQL[id=888e9bac-dd4d-41bc-81fa-be455196cb1c] FlowFile[186,100388277131016.mockFlowFile,291B] contains 5 records; transferring to 'success'
[pool-1925-thread-1] INFO org.apache.nifi.processors.standard.ExecuteSQL - ExecuteSQL[id=888e9bac-dd4d-41bc-81fa-be455196cb1c] FlowFile[187,100388277234718.mockFlowFile,291B] contains 5 records; transferring to 'success'
[pool-1925-thread-1] INFO org.apache.nifi.processors.standard.ExecuteSQL - ExecuteSQL[id=888e9bac-dd4d-41bc-81fa-be455196cb1c] FlowFile[188,100388277340316.mockFlowFile,291B] contains 5 records; transferring to 'success'
[pool-1925-thread-1] INFO org.apache.nifi.processors.standard.ExecuteSQL - ExecuteSQL[id=888e9bac-dd4d-41bc-81fa-be455196cb1c] FlowFile[189,100388277465791.mockFlowFile,291B] contains 5 records; transferring to 'success'
[pool-1925-thread-1] INFO org.apache.nifi.processors.standard.ExecuteSQL - ExecuteSQL[id=888e9bac-dd4d-41bc-81fa-be455196cb1c] FlowFile[190,100388277570583.mockFlowFile,291B] contains 5 records; transferring to 'success'
[pool-1925-thread-1] INFO org.apache.nifi.processors.standard.ExecuteSQL - ExecuteSQL[id=888e9bac-dd4d-41bc-81fa-be455196cb1c] FlowFile[191,100388277734493.mockFlowFile,291B] contains 5 records; transferring to 'success'
[pool-1925-thread-1] INFO org.apache.nifi.processors.standard.ExecuteSQL - ExecuteSQL[id=888e9bac-dd4d-41bc-81fa-be455196cb1c] FlowFile[192,100388277852472.mockFlowFile,291B] contains 5 records; transferring to 'success'
[pool-1925-thread-1] INFO org.apache.nifi.processors.standard.ExecuteSQL - ExecuteSQL[id=888e9bac-dd4d-41bc-81fa-be455196cb1c] FlowFile[193,100388278019037.mockFlowFile,291B] contains 5 records; transferring to 'success'
[pool-1925-thread-1] INFO org.apache.nifi.processors.standard.ExecuteSQL - ExecuteSQL[id=888e9bac-dd4d-41bc-81fa-be455196cb1c] FlowFile[194,100388278104863.mockFlowFile,291B] contains 5 records; transferring to 'success'
[pool-1925-thread-1] INFO org.apache.nifi.processors.standard.ExecuteSQL - ExecuteSQL[id=888e9bac-dd4d-41bc-81fa-be455196cb1c] FlowFile[195,100388278179460.mockFlowFile,291B] contains 5 records; transferring to 'success'
[pool-1925-thread-1] INFO org.apache.nifi.processors.standard.ExecuteSQL - ExecuteSQL[id=888e9bac-dd4d-41bc-81fa-be455196cb1c] FlowFile[196,100388278237779.mockFlowFile,291B] contains 5 records; transferring to 'success'
[pool-1925-thread-1] INFO org.apache.nifi.processors.standard.ExecuteSQL - ExecuteSQL[id=888e9bac-dd4d-41bc-81fa-be455196cb1c] FlowFile[197,100388278289697.mockFlowFile,291B] contains 5 records; transferring to 'success'
[pool-1925-thread-1] INFO org.apache.nifi.processors.standard.ExecuteSQL - ExecuteSQL[id=888e9bac-dd4d-41bc-81fa-be455196cb1c] FlowFile[198,100388278373137.mockFlowFile,291B] contains 5 records; transferring to 'success'
[pool-1925-thread-1] INFO org.apache.nifi.processors.standard.ExecuteSQL - ExecuteSQL[id=888e9bac-dd4d-41bc-81fa-be455196cb1c] FlowFile[199,100388278484786.mockFlowFile,291B] contains 5 records; transferring to 'success'
]]></system-err>
  </testcase>
  <testcase name="testSelectQueryInFlowFileWithParameters" classname="org.apache.nifi.processors.standard.TestExecuteSQL" time="0.787">
    <system-out><![CDATA[GAIAJID AEGGDEBD
D CHBG
JDBBDA 
]]></system-out>
    <system-err><![CDATA[[main] INFO org.apache.nifi.processors.standard.TestExecuteSQL - test data loaded
[pool-1926-thread-1] DEBUG org.apache.nifi.processors.standard.ExecuteSQL - ExecuteSQL[id=867b2ae4-cc0b-48b9-9fa3-566bf69f0fbf] Executing query select   PER.ID as PersonId, PER.NAME as PersonName, PER.CODE as PersonCode, PRD.ID as ProductId,PRD.NAME as ProductName,PRD.CODE as ProductCode, REL.ID as RelId,    REL.NAME as RelName,    REL.CODE as RelCode, ROW_NUMBER() OVER () as rownr  from persons PER, products PRD, relationships REL where PER.ID < ? AND REL.ID < ?
[pool-1926-thread-1] INFO org.apache.nifi.processors.standard.ExecuteSQL - ExecuteSQL[id=867b2ae4-cc0b-48b9-9fa3-566bf69f0fbf] FlowFile[1,100388937932783.mockFlowFile,1196698B] contains 20000 records; transferring to 'success'
[main] INFO org.apache.nifi.processors.standard.TestExecuteSQL - total nr of records from stream: 20000
]]></system-err>
  </testcase>
  <testcase name="testCompression" classname="org.apache.nifi.processors.standard.TestExecuteSQL" time="0.029">
    <system-err><![CDATA[[pool-1927-thread-1] DEBUG org.apache.nifi.processors.standard.ExecuteSQL - ExecuteSQL[id=8e7cacd4-7e04-4105-bda7-3c4d08ce4195] Executing query SELECT * FROM TEST_NULL_INT
[pool-1927-thread-1] INFO org.apache.nifi.processors.standard.ExecuteSQL - ExecuteSQL[id=8e7cacd4-7e04-4105-bda7-3c4d08ce4195] FlowFile[0,100389093295966.mockFlowFile,297B] contains 2 records; transferring to 'success'
]]></system-err>
  </testcase>
  <testcase name="testNoTimeLimit" classname="org.apache.nifi.processors.standard.TestExecuteSQL" time="0.783">
    <system-out><![CDATA[HJEGBBIBF GACFAH
AAHDJFBCA DABEB
IIII CEE
]]></system-out>
    <system-err><![CDATA[[main] INFO org.apache.nifi.processors.standard.TestExecuteSQL - test data loaded
[pool-1928-thread-1] DEBUG org.apache.nifi.processors.standard.ExecuteSQL - ExecuteSQL[id=b61b44e7-c61c-4443-a7fd-9cf5afb3e2d4] Executing query select   PER.ID as PersonId, PER.NAME as PersonName, PER.CODE as PersonCode, PRD.ID as ProductId,PRD.NAME as ProductName,PRD.CODE as ProductCode, REL.ID as RelId,    REL.NAME as RelName,    REL.CODE as RelCode, ROW_NUMBER() OVER () as rownr  from persons PER, products PRD, relationships REL where PER.ID = 10
[pool-1928-thread-1] INFO org.apache.nifi.processors.standard.ExecuteSQL - ExecuteSQL[id=b61b44e7-c61c-4443-a7fd-9cf5afb3e2d4] FlowFile[1,100389794224114.mockFlowFile,1274919B] contains 20000 records; transferring to 'success'
[main] INFO org.apache.nifi.processors.standard.TestExecuteSQL - total nr of records from stream: 20000
]]></system-err>
  </testcase>
  <testcase name="testSelectQueryInFlowFile" classname="org.apache.nifi.processors.standard.TestExecuteSQL" time="0.735">
    <system-out><![CDATA[ BJGIH
HIFABCFD 
JJEJID IGD
]]></system-out>
    <system-err><![CDATA[[main] INFO org.apache.nifi.processors.standard.TestExecuteSQL - test data loaded
[pool-1929-thread-1] DEBUG org.apache.nifi.processors.standard.ExecuteSQL - ExecuteSQL[id=2a04cd04-4295-4716-a244-7a2f1206ad4f] Executing query select   PER.ID as PersonId, PER.NAME as PersonName, PER.CODE as PersonCode, PRD.ID as ProductId,PRD.NAME as ProductName,PRD.CODE as ProductCode, REL.ID as RelId,    REL.NAME as RelName,    REL.CODE as RelCode, ROW_NUMBER() OVER () as rownr  from persons PER, products PRD, relationships REL where PER.ID = 10
[pool-1929-thread-1] INFO org.apache.nifi.processors.standard.ExecuteSQL - ExecuteSQL[id=2a04cd04-4295-4716-a244-7a2f1206ad4f] FlowFile[1,100390540097189.mockFlowFile,1071956B] contains 20000 records; transferring to 'success'
[main] INFO org.apache.nifi.processors.standard.TestExecuteSQL - total nr of records from stream: 20000
]]></system-err>
  </testcase>
  <testcase name="testWithOutputBatchingAndIncomingFlowFile" classname="org.apache.nifi.processors.standard.TestExecuteSQL" time="1.583">
    <system-err><![CDATA[[pool-1930-thread-1] DEBUG org.apache.nifi.processors.standard.ExecuteSQL - ExecuteSQL[id=03e031a3-9668-4250-92db-db8758e818d7] Executing query SELECT * FROM TEST_NULL_INT
[pool-1930-thread-1] INFO org.apache.nifi.processors.standard.ExecuteSQL - ExecuteSQL[id=03e031a3-9668-4250-92db-db8758e818d7] FlowFile[1,100392178796296.mockFlowFile,286B] contains 5 records; transferring to 'success'
[pool-1930-thread-1] INFO org.apache.nifi.processors.standard.ExecuteSQL - ExecuteSQL[id=03e031a3-9668-4250-92db-db8758e818d7] FlowFile[2,100392178796296.mockFlowFile,286B] contains 5 records; transferring to 'success'
[pool-1930-thread-1] INFO org.apache.nifi.processors.standard.ExecuteSQL - ExecuteSQL[id=03e031a3-9668-4250-92db-db8758e818d7] FlowFile[3,100392178796296.mockFlowFile,286B] contains 5 records; transferring to 'success'
[pool-1930-thread-1] INFO org.apache.nifi.processors.standard.ExecuteSQL - ExecuteSQL[id=03e031a3-9668-4250-92db-db8758e818d7] FlowFile[4,100392178796296.mockFlowFile,286B] contains 5 records; transferring to 'success'
[pool-1930-thread-1] INFO org.apache.nifi.processors.standard.ExecuteSQL - ExecuteSQL[id=03e031a3-9668-4250-92db-db8758e818d7] FlowFile[5,100392178796296.mockFlowFile,286B] contains 5 records; transferring to 'success'
[pool-1930-thread-1] INFO org.apache.nifi.processors.standard.ExecuteSQL - ExecuteSQL[id=03e031a3-9668-4250-92db-db8758e818d7] FlowFile[6,100392178796296.mockFlowFile,286B] contains 5 records; transferring to 'success'
[pool-1930-thread-1] INFO org.apache.nifi.processors.standard.ExecuteSQL - ExecuteSQL[id=03e031a3-9668-4250-92db-db8758e818d7] FlowFile[7,100392178796296.mockFlowFile,286B] contains 5 records; transferring to 'success'
[pool-1930-thread-1] INFO org.apache.nifi.processors.standard.ExecuteSQL - ExecuteSQL[id=03e031a3-9668-4250-92db-db8758e818d7] FlowFile[8,100392178796296.mockFlowFile,286B] contains 5 records; transferring to 'success'
[pool-1930-thread-1] INFO org.apache.nifi.processors.standard.ExecuteSQL - ExecuteSQL[id=03e031a3-9668-4250-92db-db8758e818d7] FlowFile[9,100392178796296.mockFlowFile,286B] contains 5 records; transferring to 'success'
[pool-1930-thread-1] INFO org.apache.nifi.processors.standard.ExecuteSQL - ExecuteSQL[id=03e031a3-9668-4250-92db-db8758e818d7] FlowFile[10,100392178796296.mockFlowFile,286B] contains 5 records; transferring to 'success'
[pool-1930-thread-1] INFO org.apache.nifi.processors.standard.ExecuteSQL - ExecuteSQL[id=03e031a3-9668-4250-92db-db8758e818d7] FlowFile[11,100392178796296.mockFlowFile,286B] contains 5 records; transferring to 'success'
[pool-1930-thread-1] INFO org.apache.nifi.processors.standard.ExecuteSQL - ExecuteSQL[id=03e031a3-9668-4250-92db-db8758e818d7] FlowFile[12,100392178796296.mockFlowFile,286B] contains 5 records; transferring to 'success'
[pool-1930-thread-1] INFO org.apache.nifi.processors.standard.ExecuteSQL - ExecuteSQL[id=03e031a3-9668-4250-92db-db8758e818d7] FlowFile[13,100392178796296.mockFlowFile,287B] contains 5 records; transferring to 'success'
[pool-1930-thread-1] INFO org.apache.nifi.processors.standard.ExecuteSQL - ExecuteSQL[id=03e031a3-9668-4250-92db-db8758e818d7] FlowFile[14,100392178796296.mockFlowFile,291B] contains 5 records; transferring to 'success'
[pool-1930-thread-1] INFO org.apache.nifi.processors.standard.ExecuteSQL - ExecuteSQL[id=03e031a3-9668-4250-92db-db8758e818d7] FlowFile[15,100392178796296.mockFlowFile,291B] contains 5 records; transferring to 'success'
[pool-1930-thread-1] INFO org.apache.nifi.processors.standard.ExecuteSQL - ExecuteSQL[id=03e031a3-9668-4250-92db-db8758e818d7] FlowFile[16,100392178796296.mockFlowFile,291B] contains 5 records; transferring to 'success'
[pool-1930-thread-1] INFO org.apache.nifi.processors.standard.ExecuteSQL - ExecuteSQL[id=03e031a3-9668-4250-92db-db8758e818d7] FlowFile[17,100392178796296.mockFlowFile,291B] contains 5 records; transferring to 'success'
[pool-1930-thread-1] INFO org.apache.nifi.processors.standard.ExecuteSQL - ExecuteSQL[id=03e031a3-9668-4250-92db-db8758e818d7] FlowFile[18,100392178796296.mockFlowFile,291B] contains 5 records; transferring to 'success'
[pool-1930-thread-1] INFO org.apache.nifi.processors.standard.ExecuteSQL - ExecuteSQL[id=03e031a3-9668-4250-92db-db8758e818d7] FlowFile[19,100392178796296.mockFlowFile,291B] contains 5 records; transferring to 'success'
[pool-1930-thread-1] INFO org.apache.nifi.processors.standard.ExecuteSQL - ExecuteSQL[id=03e031a3-9668-4250-92db-db8758e818d7] FlowFile[20,100392178796296.mockFlowFile,291B] contains 5 records; transferring to 'success'
[pool-1930-thread-1] INFO org.apache.nifi.processors.standard.ExecuteSQL - ExecuteSQL[id=03e031a3-9668-4250-92db-db8758e818d7] FlowFile[21,100392178796296.mockFlowFile,291B] contains 5 records; transferring to 'success'
[pool-1930-thread-1] INFO org.apache.nifi.processors.standard.ExecuteSQL - ExecuteSQL[id=03e031a3-9668-4250-92db-db8758e818d7] FlowFile[22,100392178796296.mockFlowFile,291B] contains 5 records; transferring to 'success'
[pool-1930-thread-1] INFO org.apache.nifi.processors.standard.ExecuteSQL - ExecuteSQL[id=03e031a3-9668-4250-92db-db8758e818d7] FlowFile[23,100392178796296.mockFlowFile,291B] contains 5 records; transferring to 'success'
[pool-1930-thread-1] INFO org.apache.nifi.processors.standard.ExecuteSQL - ExecuteSQL[id=03e031a3-9668-4250-92db-db8758e818d7] FlowFile[24,100392178796296.mockFlowFile,291B] contains 5 records; transferring to 'success'
[pool-1930-thread-1] INFO org.apache.nifi.processors.standard.ExecuteSQL - ExecuteSQL[id=03e031a3-9668-4250-92db-db8758e818d7] FlowFile[25,100392178796296.mockFlowFile,291B] contains 5 records; transferring to 'success'
[pool-1930-thread-1] INFO org.apache.nifi.processors.standard.ExecuteSQL - ExecuteSQL[id=03e031a3-9668-4250-92db-db8758e818d7] FlowFile[26,100392178796296.mockFlowFile,291B] contains 5 records; transferring to 'success'
[pool-1930-thread-1] INFO org.apache.nifi.processors.standard.ExecuteSQL - ExecuteSQL[id=03e031a3-9668-4250-92db-db8758e818d7] FlowFile[27,100392178796296.mockFlowFile,291B] contains 5 records; transferring to 'success'
[pool-1930-thread-1] INFO org.apache.nifi.processors.standard.ExecuteSQL - ExecuteSQL[id=03e031a3-9668-4250-92db-db8758e818d7] FlowFile[28,100392178796296.mockFlowFile,291B] contains 5 records; transferring to 'success'
[pool-1930-thread-1] INFO org.apache.nifi.processors.standard.ExecuteSQL - ExecuteSQL[id=03e031a3-9668-4250-92db-db8758e818d7] FlowFile[29,100392178796296.mockFlowFile,291B] contains 5 records; transferring to 'success'
[pool-1930-thread-1] INFO org.apache.nifi.processors.standard.ExecuteSQL - ExecuteSQL[id=03e031a3-9668-4250-92db-db8758e818d7] FlowFile[30,100392178796296.mockFlowFile,291B] contains 5 records; transferring to 'success'
[pool-1930-thread-1] INFO org.apache.nifi.processors.standard.ExecuteSQL - ExecuteSQL[id=03e031a3-9668-4250-92db-db8758e818d7] FlowFile[31,100392178796296.mockFlowFile,291B] contains 5 records; transferring to 'success'
[pool-1930-thread-1] INFO org.apache.nifi.processors.standard.ExecuteSQL - ExecuteSQL[id=03e031a3-9668-4250-92db-db8758e818d7] FlowFile[32,100392178796296.mockFlowFile,291B] contains 5 records; transferring to 'success'
[pool-1930-thread-1] INFO org.apache.nifi.processors.standard.ExecuteSQL - ExecuteSQL[id=03e031a3-9668-4250-92db-db8758e818d7] FlowFile[33,100392178796296.mockFlowFile,291B] contains 5 records; transferring to 'success'
[pool-1930-thread-1] INFO org.apache.nifi.processors.standard.ExecuteSQL - ExecuteSQL[id=03e031a3-9668-4250-92db-db8758e818d7] FlowFile[34,100392178796296.mockFlowFile,291B] contains 5 records; transferring to 'success'
[pool-1930-thread-1] INFO org.apache.nifi.processors.standard.ExecuteSQL - ExecuteSQL[id=03e031a3-9668-4250-92db-db8758e818d7] FlowFile[35,100392178796296.mockFlowFile,291B] contains 5 records; transferring to 'success'
[pool-1930-thread-1] INFO org.apache.nifi.processors.standard.ExecuteSQL - ExecuteSQL[id=03e031a3-9668-4250-92db-db8758e818d7] FlowFile[36,100392178796296.mockFlowFile,291B] contains 5 records; transferring to 'success'
[pool-1930-thread-1] INFO org.apache.nifi.processors.standard.ExecuteSQL - ExecuteSQL[id=03e031a3-9668-4250-92db-db8758e818d7] FlowFile[37,100392178796296.mockFlowFile,291B] contains 5 records; transferring to 'success'
[pool-1930-thread-1] INFO org.apache.nifi.processors.standard.ExecuteSQL - ExecuteSQL[id=03e031a3-9668-4250-92db-db8758e818d7] FlowFile[38,100392178796296.mockFlowFile,291B] contains 5 records; transferring to 'success'
[pool-1930-thread-1] INFO org.apache.nifi.processors.standard.ExecuteSQL - ExecuteSQL[id=03e031a3-9668-4250-92db-db8758e818d7] FlowFile[39,100392178796296.mockFlowFile,291B] contains 5 records; transferring to 'success'
[pool-1930-thread-1] INFO org.apache.nifi.processors.standard.ExecuteSQL - ExecuteSQL[id=03e031a3-9668-4250-92db-db8758e818d7] FlowFile[40,100392178796296.mockFlowFile,291B] contains 5 records; transferring to 'success'
[pool-1930-thread-1] INFO org.apache.nifi.processors.standard.ExecuteSQL - ExecuteSQL[id=03e031a3-9668-4250-92db-db8758e818d7] FlowFile[41,100392178796296.mockFlowFile,291B] contains 5 records; transferring to 'success'
[pool-1930-thread-1] INFO org.apache.nifi.processors.standard.ExecuteSQL - ExecuteSQL[id=03e031a3-9668-4250-92db-db8758e818d7] FlowFile[42,100392178796296.mockFlowFile,291B] contains 5 records; transferring to 'success'
[pool-1930-thread-1] INFO org.apache.nifi.processors.standard.ExecuteSQL - ExecuteSQL[id=03e031a3-9668-4250-92db-db8758e818d7] FlowFile[43,100392178796296.mockFlowFile,291B] contains 5 records; transferring to 'success'
[pool-1930-thread-1] INFO org.apache.nifi.processors.standard.ExecuteSQL - ExecuteSQL[id=03e031a3-9668-4250-92db-db8758e818d7] FlowFile[44,100392178796296.mockFlowFile,291B] contains 5 records; transferring to 'success'
[pool-1930-thread-1] INFO org.apache.nifi.processors.standard.ExecuteSQL - ExecuteSQL[id=03e031a3-9668-4250-92db-db8758e818d7] FlowFile[45,100392178796296.mockFlowFile,291B] contains 5 records; transferring to 'success'
[pool-1930-thread-1] INFO org.apache.nifi.processors.standard.ExecuteSQL - ExecuteSQL[id=03e031a3-9668-4250-92db-db8758e818d7] FlowFile[46,100392178796296.mockFlowFile,291B] contains 5 records; transferring to 'success'
[pool-1930-thread-1] INFO org.apache.nifi.processors.standard.ExecuteSQL - ExecuteSQL[id=03e031a3-9668-4250-92db-db8758e818d7] FlowFile[47,100392178796296.mockFlowFile,291B] contains 5 records; transferring to 'success'
[pool-1930-thread-1] INFO org.apache.nifi.processors.standard.ExecuteSQL - ExecuteSQL[id=03e031a3-9668-4250-92db-db8758e818d7] FlowFile[48,100392178796296.mockFlowFile,291B] contains 5 records; transferring to 'success'
[pool-1930-thread-1] INFO org.apache.nifi.processors.standard.ExecuteSQL - ExecuteSQL[id=03e031a3-9668-4250-92db-db8758e818d7] FlowFile[49,100392178796296.mockFlowFile,291B] contains 5 records; transferring to 'success'
[pool-1930-thread-1] INFO org.apache.nifi.processors.standard.ExecuteSQL - ExecuteSQL[id=03e031a3-9668-4250-92db-db8758e818d7] FlowFile[50,100392178796296.mockFlowFile,291B] contains 5 records; transferring to 'success'
[pool-1930-thread-1] INFO org.apache.nifi.processors.standard.ExecuteSQL - ExecuteSQL[id=03e031a3-9668-4250-92db-db8758e818d7] FlowFile[51,100392178796296.mockFlowFile,291B] contains 5 records; transferring to 'success'
[pool-1930-thread-1] INFO org.apache.nifi.processors.standard.ExecuteSQL - ExecuteSQL[id=03e031a3-9668-4250-92db-db8758e818d7] FlowFile[52,100392178796296.mockFlowFile,291B] contains 5 records; transferring to 'success'
[pool-1930-thread-1] INFO org.apache.nifi.processors.standard.ExecuteSQL - ExecuteSQL[id=03e031a3-9668-4250-92db-db8758e818d7] FlowFile[53,100392178796296.mockFlowFile,291B] contains 5 records; transferring to 'success'
[pool-1930-thread-1] INFO org.apache.nifi.processors.standard.ExecuteSQL - ExecuteSQL[id=03e031a3-9668-4250-92db-db8758e818d7] FlowFile[54,100392178796296.mockFlowFile,291B] contains 5 records; transferring to 'success'
[pool-1930-thread-1] INFO org.apache.nifi.processors.standard.ExecuteSQL - ExecuteSQL[id=03e031a3-9668-4250-92db-db8758e818d7] FlowFile[55,100392178796296.mockFlowFile,291B] contains 5 records; transferring to 'success'
[pool-1930-thread-1] INFO org.apache.nifi.processors.standard.ExecuteSQL - ExecuteSQL[id=03e031a3-9668-4250-92db-db8758e818d7] FlowFile[56,100392178796296.mockFlowFile,291B] contains 5 records; transferring to 'success'
[pool-1930-thread-1] INFO org.apache.nifi.processors.standard.ExecuteSQL - ExecuteSQL[id=03e031a3-9668-4250-92db-db8758e818d7] FlowFile[57,100392178796296.mockFlowFile,291B] contains 5 records; transferring to 'success'
[pool-1930-thread-1] INFO org.apache.nifi.processors.standard.ExecuteSQL - ExecuteSQL[id=03e031a3-9668-4250-92db-db8758e818d7] FlowFile[58,100392178796296.mockFlowFile,291B] contains 5 records; transferring to 'success'
[pool-1930-thread-1] INFO org.apache.nifi.processors.standard.ExecuteSQL - ExecuteSQL[id=03e031a3-9668-4250-92db-db8758e818d7] FlowFile[59,100392178796296.mockFlowFile,291B] contains 5 records; transferring to 'success'
[pool-1930-thread-1] INFO org.apache.nifi.processors.standard.ExecuteSQL - ExecuteSQL[id=03e031a3-9668-4250-92db-db8758e818d7] FlowFile[60,100392178796296.mockFlowFile,291B] contains 5 records; transferring to 'success'
[pool-1930-thread-1] INFO org.apache.nifi.processors.standard.ExecuteSQL - ExecuteSQL[id=03e031a3-9668-4250-92db-db8758e818d7] FlowFile[61,100392178796296.mockFlowFile,291B] contains 5 records; transferring to 'success'
[pool-1930-thread-1] INFO org.apache.nifi.processors.standard.ExecuteSQL - ExecuteSQL[id=03e031a3-9668-4250-92db-db8758e818d7] FlowFile[62,100392178796296.mockFlowFile,291B] contains 5 records; transferring to 'success'
[pool-1930-thread-1] INFO org.apache.nifi.processors.standard.ExecuteSQL - ExecuteSQL[id=03e031a3-9668-4250-92db-db8758e818d7] FlowFile[63,100392178796296.mockFlowFile,291B] contains 5 records; transferring to 'success'
[pool-1930-thread-1] INFO org.apache.nifi.processors.standard.ExecuteSQL - ExecuteSQL[id=03e031a3-9668-4250-92db-db8758e818d7] FlowFile[64,100392178796296.mockFlowFile,291B] contains 5 records; transferring to 'success'
[pool-1930-thread-1] INFO org.apache.nifi.processors.standard.ExecuteSQL - ExecuteSQL[id=03e031a3-9668-4250-92db-db8758e818d7] FlowFile[65,100392178796296.mockFlowFile,291B] contains 5 records; transferring to 'success'
[pool-1930-thread-1] INFO org.apache.nifi.processors.standard.ExecuteSQL - ExecuteSQL[id=03e031a3-9668-4250-92db-db8758e818d7] FlowFile[66,100392178796296.mockFlowFile,291B] contains 5 records; transferring to 'success'
[pool-1930-thread-1] INFO org.apache.nifi.processors.standard.ExecuteSQL - ExecuteSQL[id=03e031a3-9668-4250-92db-db8758e818d7] FlowFile[67,100392178796296.mockFlowFile,291B] contains 5 records; transferring to 'success'
[pool-1930-thread-1] INFO org.apache.nifi.processors.standard.ExecuteSQL - ExecuteSQL[id=03e031a3-9668-4250-92db-db8758e818d7] FlowFile[68,100392178796296.mockFlowFile,291B] contains 5 records; transferring to 'success'
[pool-1930-thread-1] INFO org.apache.nifi.processors.standard.ExecuteSQL - ExecuteSQL[id=03e031a3-9668-4250-92db-db8758e818d7] FlowFile[69,100392178796296.mockFlowFile,291B] contains 5 records; transferring to 'success'
[pool-1930-thread-1] INFO org.apache.nifi.processors.standard.ExecuteSQL - ExecuteSQL[id=03e031a3-9668-4250-92db-db8758e818d7] FlowFile[70,100392178796296.mockFlowFile,291B] contains 5 records; transferring to 'success'
[pool-1930-thread-1] INFO org.apache.nifi.processors.standard.ExecuteSQL - ExecuteSQL[id=03e031a3-9668-4250-92db-db8758e818d7] FlowFile[71,100392178796296.mockFlowFile,291B] contains 5 records; transferring to 'success'
[pool-1930-thread-1] INFO org.apache.nifi.processors.standard.ExecuteSQL - ExecuteSQL[id=03e031a3-9668-4250-92db-db8758e818d7] FlowFile[72,100392178796296.mockFlowFile,291B] contains 5 records; transferring to 'success'
[pool-1930-thread-1] INFO org.apache.nifi.processors.standard.ExecuteSQL - ExecuteSQL[id=03e031a3-9668-4250-92db-db8758e818d7] FlowFile[73,100392178796296.mockFlowFile,291B] contains 5 records; transferring to 'success'
[pool-1930-thread-1] INFO org.apache.nifi.processors.standard.ExecuteSQL - ExecuteSQL[id=03e031a3-9668-4250-92db-db8758e818d7] FlowFile[74,100392178796296.mockFlowFile,291B] contains 5 records; transferring to 'success'
[pool-1930-thread-1] INFO org.apache.nifi.processors.standard.ExecuteSQL - ExecuteSQL[id=03e031a3-9668-4250-92db-db8758e818d7] FlowFile[75,100392178796296.mockFlowFile,291B] contains 5 records; transferring to 'success'
[pool-1930-thread-1] INFO org.apache.nifi.processors.standard.ExecuteSQL - ExecuteSQL[id=03e031a3-9668-4250-92db-db8758e818d7] FlowFile[76,100392178796296.mockFlowFile,291B] contains 5 records; transferring to 'success'
[pool-1930-thread-1] INFO org.apache.nifi.processors.standard.ExecuteSQL - ExecuteSQL[id=03e031a3-9668-4250-92db-db8758e818d7] FlowFile[77,100392178796296.mockFlowFile,291B] contains 5 records; transferring to 'success'
[pool-1930-thread-1] INFO org.apache.nifi.processors.standard.ExecuteSQL - ExecuteSQL[id=03e031a3-9668-4250-92db-db8758e818d7] FlowFile[78,100392178796296.mockFlowFile,291B] contains 5 records; transferring to 'success'
[pool-1930-thread-1] INFO org.apache.nifi.processors.standard.ExecuteSQL - ExecuteSQL[id=03e031a3-9668-4250-92db-db8758e818d7] FlowFile[79,100392178796296.mockFlowFile,291B] contains 5 records; transferring to 'success'
[pool-1930-thread-1] INFO org.apache.nifi.processors.standard.ExecuteSQL - ExecuteSQL[id=03e031a3-9668-4250-92db-db8758e818d7] FlowFile[80,100392178796296.mockFlowFile,291B] contains 5 records; transferring to 'success'
[pool-1930-thread-1] INFO org.apache.nifi.processors.standard.ExecuteSQL - ExecuteSQL[id=03e031a3-9668-4250-92db-db8758e818d7] FlowFile[81,100392178796296.mockFlowFile,291B] contains 5 records; transferring to 'success'
[pool-1930-thread-1] INFO org.apache.nifi.processors.standard.ExecuteSQL - ExecuteSQL[id=03e031a3-9668-4250-92db-db8758e818d7] FlowFile[82,100392178796296.mockFlowFile,291B] contains 5 records; transferring to 'success'
[pool-1930-thread-1] INFO org.apache.nifi.processors.standard.ExecuteSQL - ExecuteSQL[id=03e031a3-9668-4250-92db-db8758e818d7] FlowFile[83,100392178796296.mockFlowFile,291B] contains 5 records; transferring to 'success'
[pool-1930-thread-1] INFO org.apache.nifi.processors.standard.ExecuteSQL - ExecuteSQL[id=03e031a3-9668-4250-92db-db8758e818d7] FlowFile[84,100392178796296.mockFlowFile,291B] contains 5 records; transferring to 'success'
[pool-1930-thread-1] INFO org.apache.nifi.processors.standard.ExecuteSQL - ExecuteSQL[id=03e031a3-9668-4250-92db-db8758e818d7] FlowFile[85,100392178796296.mockFlowFile,291B] contains 5 records; transferring to 'success'
[pool-1930-thread-1] INFO org.apache.nifi.processors.standard.ExecuteSQL - ExecuteSQL[id=03e031a3-9668-4250-92db-db8758e818d7] FlowFile[86,100392178796296.mockFlowFile,291B] contains 5 records; transferring to 'success'
[pool-1930-thread-1] INFO org.apache.nifi.processors.standard.ExecuteSQL - ExecuteSQL[id=03e031a3-9668-4250-92db-db8758e818d7] FlowFile[87,100392178796296.mockFlowFile,291B] contains 5 records; transferring to 'success'
[pool-1930-thread-1] INFO org.apache.nifi.processors.standard.ExecuteSQL - ExecuteSQL[id=03e031a3-9668-4250-92db-db8758e818d7] FlowFile[88,100392178796296.mockFlowFile,291B] contains 5 records; transferring to 'success'
[pool-1930-thread-1] INFO org.apache.nifi.processors.standard.ExecuteSQL - ExecuteSQL[id=03e031a3-9668-4250-92db-db8758e818d7] FlowFile[89,100392178796296.mockFlowFile,291B] contains 5 records; transferring to 'success'
[pool-1930-thread-1] INFO org.apache.nifi.processors.standard.ExecuteSQL - ExecuteSQL[id=03e031a3-9668-4250-92db-db8758e818d7] FlowFile[90,100392178796296.mockFlowFile,291B] contains 5 records; transferring to 'success'
[pool-1930-thread-1] INFO org.apache.nifi.processors.standard.ExecuteSQL - ExecuteSQL[id=03e031a3-9668-4250-92db-db8758e818d7] FlowFile[91,100392178796296.mockFlowFile,291B] contains 5 records; transferring to 'success'
[pool-1930-thread-1] INFO org.apache.nifi.processors.standard.ExecuteSQL - ExecuteSQL[id=03e031a3-9668-4250-92db-db8758e818d7] FlowFile[92,100392178796296.mockFlowFile,291B] contains 5 records; transferring to 'success'
[pool-1930-thread-1] INFO org.apache.nifi.processors.standard.ExecuteSQL - ExecuteSQL[id=03e031a3-9668-4250-92db-db8758e818d7] FlowFile[93,100392178796296.mockFlowFile,291B] contains 5 records; transferring to 'success'
[pool-1930-thread-1] INFO org.apache.nifi.processors.standard.ExecuteSQL - ExecuteSQL[id=03e031a3-9668-4250-92db-db8758e818d7] FlowFile[94,100392178796296.mockFlowFile,291B] contains 5 records; transferring to 'success'
[pool-1930-thread-1] INFO org.apache.nifi.processors.standard.ExecuteSQL - ExecuteSQL[id=03e031a3-9668-4250-92db-db8758e818d7] FlowFile[95,100392178796296.mockFlowFile,291B] contains 5 records; transferring to 'success'
[pool-1930-thread-1] INFO org.apache.nifi.processors.standard.ExecuteSQL - ExecuteSQL[id=03e031a3-9668-4250-92db-db8758e818d7] FlowFile[96,100392178796296.mockFlowFile,291B] contains 5 records; transferring to 'success'
[pool-1930-thread-1] INFO org.apache.nifi.processors.standard.ExecuteSQL - ExecuteSQL[id=03e031a3-9668-4250-92db-db8758e818d7] FlowFile[97,100392178796296.mockFlowFile,291B] contains 5 records; transferring to 'success'
[pool-1930-thread-1] INFO org.apache.nifi.processors.standard.ExecuteSQL - ExecuteSQL[id=03e031a3-9668-4250-92db-db8758e818d7] FlowFile[98,100392178796296.mockFlowFile,291B] contains 5 records; transferring to 'success'
[pool-1930-thread-1] INFO org.apache.nifi.processors.standard.ExecuteSQL - ExecuteSQL[id=03e031a3-9668-4250-92db-db8758e818d7] FlowFile[99,100392178796296.mockFlowFile,291B] contains 5 records; transferring to 'success'
[pool-1930-thread-1] INFO org.apache.nifi.processors.standard.ExecuteSQL - ExecuteSQL[id=03e031a3-9668-4250-92db-db8758e818d7] FlowFile[100,100392178796296.mockFlowFile,291B] contains 5 records; transferring to 'success'
[pool-1930-thread-1] INFO org.apache.nifi.processors.standard.ExecuteSQL - ExecuteSQL[id=03e031a3-9668-4250-92db-db8758e818d7] FlowFile[101,100392178796296.mockFlowFile,291B] contains 5 records; transferring to 'success'
[pool-1930-thread-1] INFO org.apache.nifi.processors.standard.ExecuteSQL - ExecuteSQL[id=03e031a3-9668-4250-92db-db8758e818d7] FlowFile[102,100392178796296.mockFlowFile,291B] contains 5 records; transferring to 'success'
[pool-1930-thread-1] INFO org.apache.nifi.processors.standard.ExecuteSQL - ExecuteSQL[id=03e031a3-9668-4250-92db-db8758e818d7] FlowFile[103,100392178796296.mockFlowFile,291B] contains 5 records; transferring to 'success'
[pool-1930-thread-1] INFO org.apache.nifi.processors.standard.ExecuteSQL - ExecuteSQL[id=03e031a3-9668-4250-92db-db8758e818d7] FlowFile[104,100392178796296.mockFlowFile,291B] contains 5 records; transferring to 'success'
[pool-1930-thread-1] INFO org.apache.nifi.processors.standard.ExecuteSQL - ExecuteSQL[id=03e031a3-9668-4250-92db-db8758e818d7] FlowFile[105,100392178796296.mockFlowFile,291B] contains 5 records; transferring to 'success'
[pool-1930-thread-1] INFO org.apache.nifi.processors.standard.ExecuteSQL - ExecuteSQL[id=03e031a3-9668-4250-92db-db8758e818d7] FlowFile[106,100392178796296.mockFlowFile,291B] contains 5 records; transferring to 'success'
[pool-1930-thread-1] INFO org.apache.nifi.processors.standard.ExecuteSQL - ExecuteSQL[id=03e031a3-9668-4250-92db-db8758e818d7] FlowFile[107,100392178796296.mockFlowFile,291B] contains 5 records; transferring to 'success'
[pool-1930-thread-1] INFO org.apache.nifi.processors.standard.ExecuteSQL - ExecuteSQL[id=03e031a3-9668-4250-92db-db8758e818d7] FlowFile[108,100392178796296.mockFlowFile,291B] contains 5 records; transferring to 'success'
[pool-1930-thread-1] INFO org.apache.nifi.processors.standard.ExecuteSQL - ExecuteSQL[id=03e031a3-9668-4250-92db-db8758e818d7] FlowFile[109,100392178796296.mockFlowFile,291B] contains 5 records; transferring to 'success'
[pool-1930-thread-1] INFO org.apache.nifi.processors.standard.ExecuteSQL - ExecuteSQL[id=03e031a3-9668-4250-92db-db8758e818d7] FlowFile[110,100392178796296.mockFlowFile,291B] contains 5 records; transferring to 'success'
[pool-1930-thread-1] INFO org.apache.nifi.processors.standard.ExecuteSQL - ExecuteSQL[id=03e031a3-9668-4250-92db-db8758e818d7] FlowFile[111,100392178796296.mockFlowFile,291B] contains 5 records; transferring to 'success'
[pool-1930-thread-1] INFO org.apache.nifi.processors.standard.ExecuteSQL - ExecuteSQL[id=03e031a3-9668-4250-92db-db8758e818d7] FlowFile[112,100392178796296.mockFlowFile,291B] contains 5 records; transferring to 'success'
[pool-1930-thread-1] INFO org.apache.nifi.processors.standard.ExecuteSQL - ExecuteSQL[id=03e031a3-9668-4250-92db-db8758e818d7] FlowFile[113,100392178796296.mockFlowFile,291B] contains 5 records; transferring to 'success'
[pool-1930-thread-1] INFO org.apache.nifi.processors.standard.ExecuteSQL - ExecuteSQL[id=03e031a3-9668-4250-92db-db8758e818d7] FlowFile[114,100392178796296.mockFlowFile,291B] contains 5 records; transferring to 'success'
[pool-1930-thread-1] INFO org.apache.nifi.processors.standard.ExecuteSQL - ExecuteSQL[id=03e031a3-9668-4250-92db-db8758e818d7] FlowFile[115,100392178796296.mockFlowFile,291B] contains 5 records; transferring to 'success'
[pool-1930-thread-1] INFO org.apache.nifi.processors.standard.ExecuteSQL - ExecuteSQL[id=03e031a3-9668-4250-92db-db8758e818d7] FlowFile[116,100392178796296.mockFlowFile,291B] contains 5 records; transferring to 'success'
[pool-1930-thread-1] INFO org.apache.nifi.processors.standard.ExecuteSQL - ExecuteSQL[id=03e031a3-9668-4250-92db-db8758e818d7] FlowFile[117,100392178796296.mockFlowFile,291B] contains 5 records; transferring to 'success'
[pool-1930-thread-1] INFO org.apache.nifi.processors.standard.ExecuteSQL - ExecuteSQL[id=03e031a3-9668-4250-92db-db8758e818d7] FlowFile[118,100392178796296.mockFlowFile,291B] contains 5 records; transferring to 'success'
[pool-1930-thread-1] INFO org.apache.nifi.processors.standard.ExecuteSQL - ExecuteSQL[id=03e031a3-9668-4250-92db-db8758e818d7] FlowFile[119,100392178796296.mockFlowFile,291B] contains 5 records; transferring to 'success'
[pool-1930-thread-1] INFO org.apache.nifi.processors.standard.ExecuteSQL - ExecuteSQL[id=03e031a3-9668-4250-92db-db8758e818d7] FlowFile[120,100392178796296.mockFlowFile,291B] contains 5 records; transferring to 'success'
[pool-1930-thread-1] INFO org.apache.nifi.processors.standard.ExecuteSQL - ExecuteSQL[id=03e031a3-9668-4250-92db-db8758e818d7] FlowFile[121,100392178796296.mockFlowFile,291B] contains 5 records; transferring to 'success'
[pool-1930-thread-1] INFO org.apache.nifi.processors.standard.ExecuteSQL - ExecuteSQL[id=03e031a3-9668-4250-92db-db8758e818d7] FlowFile[122,100392178796296.mockFlowFile,291B] contains 5 records; transferring to 'success'
[pool-1930-thread-1] INFO org.apache.nifi.processors.standard.ExecuteSQL - ExecuteSQL[id=03e031a3-9668-4250-92db-db8758e818d7] FlowFile[123,100392178796296.mockFlowFile,291B] contains 5 records; transferring to 'success'
[pool-1930-thread-1] INFO org.apache.nifi.processors.standard.ExecuteSQL - ExecuteSQL[id=03e031a3-9668-4250-92db-db8758e818d7] FlowFile[124,100392178796296.mockFlowFile,291B] contains 5 records; transferring to 'success'
[pool-1930-thread-1] INFO org.apache.nifi.processors.standard.ExecuteSQL - ExecuteSQL[id=03e031a3-9668-4250-92db-db8758e818d7] FlowFile[125,100392178796296.mockFlowFile,291B] contains 5 records; transferring to 'success'
[pool-1930-thread-1] INFO org.apache.nifi.processors.standard.ExecuteSQL - ExecuteSQL[id=03e031a3-9668-4250-92db-db8758e818d7] FlowFile[126,100392178796296.mockFlowFile,291B] contains 5 records; transferring to 'success'
[pool-1930-thread-1] INFO org.apache.nifi.processors.standard.ExecuteSQL - ExecuteSQL[id=03e031a3-9668-4250-92db-db8758e818d7] FlowFile[127,100392178796296.mockFlowFile,291B] contains 5 records; transferring to 'success'
[pool-1930-thread-1] INFO org.apache.nifi.processors.standard.ExecuteSQL - ExecuteSQL[id=03e031a3-9668-4250-92db-db8758e818d7] FlowFile[128,100392178796296.mockFlowFile,291B] contains 5 records; transferring to 'success'
[pool-1930-thread-1] INFO org.apache.nifi.processors.standard.ExecuteSQL - ExecuteSQL[id=03e031a3-9668-4250-92db-db8758e818d7] FlowFile[129,100392178796296.mockFlowFile,291B] contains 5 records; transferring to 'success'
[pool-1930-thread-1] INFO org.apache.nifi.processors.standard.ExecuteSQL - ExecuteSQL[id=03e031a3-9668-4250-92db-db8758e818d7] FlowFile[130,100392178796296.mockFlowFile,291B] contains 5 records; transferring to 'success'
[pool-1930-thread-1] INFO org.apache.nifi.processors.standard.ExecuteSQL - ExecuteSQL[id=03e031a3-9668-4250-92db-db8758e818d7] FlowFile[131,100392178796296.mockFlowFile,291B] contains 5 records; transferring to 'success'
[pool-1930-thread-1] INFO org.apache.nifi.processors.standard.ExecuteSQL - ExecuteSQL[id=03e031a3-9668-4250-92db-db8758e818d7] FlowFile[132,100392178796296.mockFlowFile,291B] contains 5 records; transferring to 'success'
[pool-1930-thread-1] INFO org.apache.nifi.processors.standard.ExecuteSQL - ExecuteSQL[id=03e031a3-9668-4250-92db-db8758e818d7] FlowFile[133,100392178796296.mockFlowFile,291B] contains 5 records; transferring to 'success'
[pool-1930-thread-1] INFO org.apache.nifi.processors.standard.ExecuteSQL - ExecuteSQL[id=03e031a3-9668-4250-92db-db8758e818d7] FlowFile[134,100392178796296.mockFlowFile,291B] contains 5 records; transferring to 'success'
[pool-1930-thread-1] INFO org.apache.nifi.processors.standard.ExecuteSQL - ExecuteSQL[id=03e031a3-9668-4250-92db-db8758e818d7] FlowFile[135,100392178796296.mockFlowFile,291B] contains 5 records; transferring to 'success'
[pool-1930-thread-1] INFO org.apache.nifi.processors.standard.ExecuteSQL - ExecuteSQL[id=03e031a3-9668-4250-92db-db8758e818d7] FlowFile[136,100392178796296.mockFlowFile,291B] contains 5 records; transferring to 'success'
[pool-1930-thread-1] INFO org.apache.nifi.processors.standard.ExecuteSQL - ExecuteSQL[id=03e031a3-9668-4250-92db-db8758e818d7] FlowFile[137,100392178796296.mockFlowFile,291B] contains 5 records; transferring to 'success'
[pool-1930-thread-1] INFO org.apache.nifi.processors.standard.ExecuteSQL - ExecuteSQL[id=03e031a3-9668-4250-92db-db8758e818d7] FlowFile[138,100392178796296.mockFlowFile,291B] contains 5 records; transferring to 'success'
[pool-1930-thread-1] INFO org.apache.nifi.processors.standard.ExecuteSQL - ExecuteSQL[id=03e031a3-9668-4250-92db-db8758e818d7] FlowFile[139,100392178796296.mockFlowFile,291B] contains 5 records; transferring to 'success'
[pool-1930-thread-1] INFO org.apache.nifi.processors.standard.ExecuteSQL - ExecuteSQL[id=03e031a3-9668-4250-92db-db8758e818d7] FlowFile[140,100392178796296.mockFlowFile,291B] contains 5 records; transferring to 'success'
[pool-1930-thread-1] INFO org.apache.nifi.processors.standard.ExecuteSQL - ExecuteSQL[id=03e031a3-9668-4250-92db-db8758e818d7] FlowFile[141,100392178796296.mockFlowFile,291B] contains 5 records; transferring to 'success'
[pool-1930-thread-1] INFO org.apache.nifi.processors.standard.ExecuteSQL - ExecuteSQL[id=03e031a3-9668-4250-92db-db8758e818d7] FlowFile[142,100392178796296.mockFlowFile,291B] contains 5 records; transferring to 'success'
[pool-1930-thread-1] INFO org.apache.nifi.processors.standard.ExecuteSQL - ExecuteSQL[id=03e031a3-9668-4250-92db-db8758e818d7] FlowFile[143,100392178796296.mockFlowFile,291B] contains 5 records; transferring to 'success'
[pool-1930-thread-1] INFO org.apache.nifi.processors.standard.ExecuteSQL - ExecuteSQL[id=03e031a3-9668-4250-92db-db8758e818d7] FlowFile[144,100392178796296.mockFlowFile,291B] contains 5 records; transferring to 'success'
[pool-1930-thread-1] INFO org.apache.nifi.processors.standard.ExecuteSQL - ExecuteSQL[id=03e031a3-9668-4250-92db-db8758e818d7] FlowFile[145,100392178796296.mockFlowFile,291B] contains 5 records; transferring to 'success'
[pool-1930-thread-1] INFO org.apache.nifi.processors.standard.ExecuteSQL - ExecuteSQL[id=03e031a3-9668-4250-92db-db8758e818d7] FlowFile[146,100392178796296.mockFlowFile,291B] contains 5 records; transferring to 'success'
[pool-1930-thread-1] INFO org.apache.nifi.processors.standard.ExecuteSQL - ExecuteSQL[id=03e031a3-9668-4250-92db-db8758e818d7] FlowFile[147,100392178796296.mockFlowFile,291B] contains 5 records; transferring to 'success'
[pool-1930-thread-1] INFO org.apache.nifi.processors.standard.ExecuteSQL - ExecuteSQL[id=03e031a3-9668-4250-92db-db8758e818d7] FlowFile[148,100392178796296.mockFlowFile,291B] contains 5 records; transferring to 'success'
[pool-1930-thread-1] INFO org.apache.nifi.processors.standard.ExecuteSQL - ExecuteSQL[id=03e031a3-9668-4250-92db-db8758e818d7] FlowFile[149,100392178796296.mockFlowFile,291B] contains 5 records; transferring to 'success'
[pool-1930-thread-1] INFO org.apache.nifi.processors.standard.ExecuteSQL - ExecuteSQL[id=03e031a3-9668-4250-92db-db8758e818d7] FlowFile[150,100392178796296.mockFlowFile,291B] contains 5 records; transferring to 'success'
[pool-1930-thread-1] INFO org.apache.nifi.processors.standard.ExecuteSQL - ExecuteSQL[id=03e031a3-9668-4250-92db-db8758e818d7] FlowFile[151,100392178796296.mockFlowFile,291B] contains 5 records; transferring to 'success'
[pool-1930-thread-1] INFO org.apache.nifi.processors.standard.ExecuteSQL - ExecuteSQL[id=03e031a3-9668-4250-92db-db8758e818d7] FlowFile[152,100392178796296.mockFlowFile,291B] contains 5 records; transferring to 'success'
[pool-1930-thread-1] INFO org.apache.nifi.processors.standard.ExecuteSQL - ExecuteSQL[id=03e031a3-9668-4250-92db-db8758e818d7] FlowFile[153,100392178796296.mockFlowFile,291B] contains 5 records; transferring to 'success'
[pool-1930-thread-1] INFO org.apache.nifi.processors.standard.ExecuteSQL - ExecuteSQL[id=03e031a3-9668-4250-92db-db8758e818d7] FlowFile[154,100392178796296.mockFlowFile,291B] contains 5 records; transferring to 'success'
[pool-1930-thread-1] INFO org.apache.nifi.processors.standard.ExecuteSQL - ExecuteSQL[id=03e031a3-9668-4250-92db-db8758e818d7] FlowFile[155,100392178796296.mockFlowFile,291B] contains 5 records; transferring to 'success'
[pool-1930-thread-1] INFO org.apache.nifi.processors.standard.ExecuteSQL - ExecuteSQL[id=03e031a3-9668-4250-92db-db8758e818d7] FlowFile[156,100392178796296.mockFlowFile,291B] contains 5 records; transferring to 'success'
[pool-1930-thread-1] INFO org.apache.nifi.processors.standard.ExecuteSQL - ExecuteSQL[id=03e031a3-9668-4250-92db-db8758e818d7] FlowFile[157,100392178796296.mockFlowFile,291B] contains 5 records; transferring to 'success'
[pool-1930-thread-1] INFO org.apache.nifi.processors.standard.ExecuteSQL - ExecuteSQL[id=03e031a3-9668-4250-92db-db8758e818d7] FlowFile[158,100392178796296.mockFlowFile,291B] contains 5 records; transferring to 'success'
[pool-1930-thread-1] INFO org.apache.nifi.processors.standard.ExecuteSQL - ExecuteSQL[id=03e031a3-9668-4250-92db-db8758e818d7] FlowFile[159,100392178796296.mockFlowFile,291B] contains 5 records; transferring to 'success'
[pool-1930-thread-1] INFO org.apache.nifi.processors.standard.ExecuteSQL - ExecuteSQL[id=03e031a3-9668-4250-92db-db8758e818d7] FlowFile[160,100392178796296.mockFlowFile,291B] contains 5 records; transferring to 'success'
[pool-1930-thread-1] INFO org.apache.nifi.processors.standard.ExecuteSQL - ExecuteSQL[id=03e031a3-9668-4250-92db-db8758e818d7] FlowFile[161,100392178796296.mockFlowFile,291B] contains 5 records; transferring to 'success'
[pool-1930-thread-1] INFO org.apache.nifi.processors.standard.ExecuteSQL - ExecuteSQL[id=03e031a3-9668-4250-92db-db8758e818d7] FlowFile[162,100392178796296.mockFlowFile,291B] contains 5 records; transferring to 'success'
[pool-1930-thread-1] INFO org.apache.nifi.processors.standard.ExecuteSQL - ExecuteSQL[id=03e031a3-9668-4250-92db-db8758e818d7] FlowFile[163,100392178796296.mockFlowFile,291B] contains 5 records; transferring to 'success'
[pool-1930-thread-1] INFO org.apache.nifi.processors.standard.ExecuteSQL - ExecuteSQL[id=03e031a3-9668-4250-92db-db8758e818d7] FlowFile[164,100392178796296.mockFlowFile,291B] contains 5 records; transferring to 'success'
[pool-1930-thread-1] INFO org.apache.nifi.processors.standard.ExecuteSQL - ExecuteSQL[id=03e031a3-9668-4250-92db-db8758e818d7] FlowFile[165,100392178796296.mockFlowFile,291B] contains 5 records; transferring to 'success'
[pool-1930-thread-1] INFO org.apache.nifi.processors.standard.ExecuteSQL - ExecuteSQL[id=03e031a3-9668-4250-92db-db8758e818d7] FlowFile[166,100392178796296.mockFlowFile,291B] contains 5 records; transferring to 'success'
[pool-1930-thread-1] INFO org.apache.nifi.processors.standard.ExecuteSQL - ExecuteSQL[id=03e031a3-9668-4250-92db-db8758e818d7] FlowFile[167,100392178796296.mockFlowFile,291B] contains 5 records; transferring to 'success'
[pool-1930-thread-1] INFO org.apache.nifi.processors.standard.ExecuteSQL - ExecuteSQL[id=03e031a3-9668-4250-92db-db8758e818d7] FlowFile[168,100392178796296.mockFlowFile,291B] contains 5 records; transferring to 'success'
[pool-1930-thread-1] INFO org.apache.nifi.processors.standard.ExecuteSQL - ExecuteSQL[id=03e031a3-9668-4250-92db-db8758e818d7] FlowFile[169,100392178796296.mockFlowFile,291B] contains 5 records; transferring to 'success'
[pool-1930-thread-1] INFO org.apache.nifi.processors.standard.ExecuteSQL - ExecuteSQL[id=03e031a3-9668-4250-92db-db8758e818d7] FlowFile[170,100392178796296.mockFlowFile,291B] contains 5 records; transferring to 'success'
[pool-1930-thread-1] INFO org.apache.nifi.processors.standard.ExecuteSQL - ExecuteSQL[id=03e031a3-9668-4250-92db-db8758e818d7] FlowFile[171,100392178796296.mockFlowFile,291B] contains 5 records; transferring to 'success'
[pool-1930-thread-1] INFO org.apache.nifi.processors.standard.ExecuteSQL - ExecuteSQL[id=03e031a3-9668-4250-92db-db8758e818d7] FlowFile[172,100392178796296.mockFlowFile,291B] contains 5 records; transferring to 'success'
[pool-1930-thread-1] INFO org.apache.nifi.processors.standard.ExecuteSQL - ExecuteSQL[id=03e031a3-9668-4250-92db-db8758e818d7] FlowFile[173,100392178796296.mockFlowFile,291B] contains 5 records; transferring to 'success'
[pool-1930-thread-1] INFO org.apache.nifi.processors.standard.ExecuteSQL - ExecuteSQL[id=03e031a3-9668-4250-92db-db8758e818d7] FlowFile[174,100392178796296.mockFlowFile,291B] contains 5 records; transferring to 'success'
[pool-1930-thread-1] INFO org.apache.nifi.processors.standard.ExecuteSQL - ExecuteSQL[id=03e031a3-9668-4250-92db-db8758e818d7] FlowFile[175,100392178796296.mockFlowFile,291B] contains 5 records; transferring to 'success'
[pool-1930-thread-1] INFO org.apache.nifi.processors.standard.ExecuteSQL - ExecuteSQL[id=03e031a3-9668-4250-92db-db8758e818d7] FlowFile[176,100392178796296.mockFlowFile,291B] contains 5 records; transferring to 'success'
[pool-1930-thread-1] INFO org.apache.nifi.processors.standard.ExecuteSQL - ExecuteSQL[id=03e031a3-9668-4250-92db-db8758e818d7] FlowFile[177,100392178796296.mockFlowFile,291B] contains 5 records; transferring to 'success'
[pool-1930-thread-1] INFO org.apache.nifi.processors.standard.ExecuteSQL - ExecuteSQL[id=03e031a3-9668-4250-92db-db8758e818d7] FlowFile[178,100392178796296.mockFlowFile,291B] contains 5 records; transferring to 'success'
[pool-1930-thread-1] INFO org.apache.nifi.processors.standard.ExecuteSQL - ExecuteSQL[id=03e031a3-9668-4250-92db-db8758e818d7] FlowFile[179,100392178796296.mockFlowFile,291B] contains 5 records; transferring to 'success'
[pool-1930-thread-1] INFO org.apache.nifi.processors.standard.ExecuteSQL - ExecuteSQL[id=03e031a3-9668-4250-92db-db8758e818d7] FlowFile[180,100392178796296.mockFlowFile,291B] contains 5 records; transferring to 'success'
[pool-1930-thread-1] INFO org.apache.nifi.processors.standard.ExecuteSQL - ExecuteSQL[id=03e031a3-9668-4250-92db-db8758e818d7] FlowFile[181,100392178796296.mockFlowFile,291B] contains 5 records; transferring to 'success'
[pool-1930-thread-1] INFO org.apache.nifi.processors.standard.ExecuteSQL - ExecuteSQL[id=03e031a3-9668-4250-92db-db8758e818d7] FlowFile[182,100392178796296.mockFlowFile,291B] contains 5 records; transferring to 'success'
[pool-1930-thread-1] INFO org.apache.nifi.processors.standard.ExecuteSQL - ExecuteSQL[id=03e031a3-9668-4250-92db-db8758e818d7] FlowFile[183,100392178796296.mockFlowFile,291B] contains 5 records; transferring to 'success'
[pool-1930-thread-1] INFO org.apache.nifi.processors.standard.ExecuteSQL - ExecuteSQL[id=03e031a3-9668-4250-92db-db8758e818d7] FlowFile[184,100392178796296.mockFlowFile,291B] contains 5 records; transferring to 'success'
[pool-1930-thread-1] INFO org.apache.nifi.processors.standard.ExecuteSQL - ExecuteSQL[id=03e031a3-9668-4250-92db-db8758e818d7] FlowFile[185,100392178796296.mockFlowFile,291B] contains 5 records; transferring to 'success'
[pool-1930-thread-1] INFO org.apache.nifi.processors.standard.ExecuteSQL - ExecuteSQL[id=03e031a3-9668-4250-92db-db8758e818d7] FlowFile[186,100392178796296.mockFlowFile,291B] contains 5 records; transferring to 'success'
[pool-1930-thread-1] INFO org.apache.nifi.processors.standard.ExecuteSQL - ExecuteSQL[id=03e031a3-9668-4250-92db-db8758e818d7] FlowFile[187,100392178796296.mockFlowFile,291B] contains 5 records; transferring to 'success'
[pool-1930-thread-1] INFO org.apache.nifi.processors.standard.ExecuteSQL - ExecuteSQL[id=03e031a3-9668-4250-92db-db8758e818d7] FlowFile[188,100392178796296.mockFlowFile,291B] contains 5 records; transferring to 'success'
[pool-1930-thread-1] INFO org.apache.nifi.processors.standard.ExecuteSQL - ExecuteSQL[id=03e031a3-9668-4250-92db-db8758e818d7] FlowFile[189,100392178796296.mockFlowFile,291B] contains 5 records; transferring to 'success'
[pool-1930-thread-1] INFO org.apache.nifi.processors.standard.ExecuteSQL - ExecuteSQL[id=03e031a3-9668-4250-92db-db8758e818d7] FlowFile[190,100392178796296.mockFlowFile,291B] contains 5 records; transferring to 'success'
[pool-1930-thread-1] INFO org.apache.nifi.processors.standard.ExecuteSQL - ExecuteSQL[id=03e031a3-9668-4250-92db-db8758e818d7] FlowFile[191,100392178796296.mockFlowFile,291B] contains 5 records; transferring to 'success'
[pool-1930-thread-1] INFO org.apache.nifi.processors.standard.ExecuteSQL - ExecuteSQL[id=03e031a3-9668-4250-92db-db8758e818d7] FlowFile[192,100392178796296.mockFlowFile,291B] contains 5 records; transferring to 'success'
[pool-1930-thread-1] INFO org.apache.nifi.processors.standard.ExecuteSQL - ExecuteSQL[id=03e031a3-9668-4250-92db-db8758e818d7] FlowFile[193,100392178796296.mockFlowFile,291B] contains 5 records; transferring to 'success'
[pool-1930-thread-1] INFO org.apache.nifi.processors.standard.ExecuteSQL - ExecuteSQL[id=03e031a3-9668-4250-92db-db8758e818d7] FlowFile[194,100392178796296.mockFlowFile,291B] contains 5 records; transferring to 'success'
[pool-1930-thread-1] INFO org.apache.nifi.processors.standard.ExecuteSQL - ExecuteSQL[id=03e031a3-9668-4250-92db-db8758e818d7] FlowFile[195,100392178796296.mockFlowFile,291B] contains 5 records; transferring to 'success'
[pool-1930-thread-1] INFO org.apache.nifi.processors.standard.ExecuteSQL - ExecuteSQL[id=03e031a3-9668-4250-92db-db8758e818d7] FlowFile[196,100392178796296.mockFlowFile,291B] contains 5 records; transferring to 'success'
[pool-1930-thread-1] INFO org.apache.nifi.processors.standard.ExecuteSQL - ExecuteSQL[id=03e031a3-9668-4250-92db-db8758e818d7] FlowFile[197,100392178796296.mockFlowFile,291B] contains 5 records; transferring to 'success'
[pool-1930-thread-1] INFO org.apache.nifi.processors.standard.ExecuteSQL - ExecuteSQL[id=03e031a3-9668-4250-92db-db8758e818d7] FlowFile[198,100392178796296.mockFlowFile,291B] contains 5 records; transferring to 'success'
[pool-1930-thread-1] INFO org.apache.nifi.processors.standard.ExecuteSQL - ExecuteSQL[id=03e031a3-9668-4250-92db-db8758e818d7] FlowFile[199,100392178796296.mockFlowFile,291B] contains 5 records; transferring to 'success'
[pool-1930-thread-1] INFO org.apache.nifi.processors.standard.ExecuteSQL - ExecuteSQL[id=03e031a3-9668-4250-92db-db8758e818d7] FlowFile[200,100392178796296.mockFlowFile,291B] contains 5 records; transferring to 'success'
]]></system-err>
  </testcase>
  <testcase name="testWithSqlExceptionErrorProcessingResultSet" classname="org.apache.nifi.processors.standard.TestExecuteSQL" time="0.008">
    <system-err><![CDATA[[pool-1931-thread-1] DEBUG org.apache.nifi.processors.standard.ExecuteSQL - ExecuteSQL[id=08bfb69f-1ea3-4e9b-94ac-e31a264f8d7a] Executing query SELECT 1
[pool-1931-thread-1] ERROR org.apache.nifi.processors.standard.ExecuteSQL - ExecuteSQL[id=08bfb69f-1ea3-4e9b-94ac-e31a264f8d7a] Unable to execute SQL select query SELECT 1 for FlowFile[0,100392202929997.mockFlowFile,8B] due to org.apache.nifi.processor.exception.ProcessException: java.sql.SQLException: test execute statement failed; routing to failure: org.apache.nifi.processor.exception.ProcessException: java.sql.SQLException: test execute statement failed
org.apache.nifi.processor.exception.ProcessException: java.sql.SQLException: test execute statement failed
	at org.apache.nifi.processors.standard.sql.DefaultAvroSqlWriter.writeResultSet(DefaultAvroSqlWriter.java:51)
	at org.apache.nifi.processors.standard.AbstractExecuteSQL.lambda$onTrigger$1(AbstractExecuteSQL.java:302)
	at org.apache.nifi.util.MockProcessSession.write(MockProcessSession.java:907)
	at org.apache.nifi.util.MockProcessSession.write(MockProcessSession.java:67)
	at org.apache.nifi.processors.standard.AbstractExecuteSQL.onTrigger(AbstractExecuteSQL.java:300)
	at org.apache.nifi.processor.AbstractProcessor.onTrigger(AbstractProcessor.java:27)
	at org.apache.nifi.util.StandardProcessorTestRunner$RunProcessor.call(StandardProcessorTestRunner.java:284)
	at org.apache.nifi.util.StandardProcessorTestRunner$RunProcessor.call(StandardProcessorTestRunner.java:278)
	at java.util.concurrent.FutureTask.run(FutureTask.java:266)
	at java.util.concurrent.ScheduledThreadPoolExecutor$ScheduledFutureTask.access$201(ScheduledThreadPoolExecutor.java:180)
	at java.util.concurrent.ScheduledThreadPoolExecutor$ScheduledFutureTask.run(ScheduledThreadPoolExecutor.java:293)
	at java.util.concurrent.ThreadPoolExecutor.runWorker(ThreadPoolExecutor.java:1149)
	at java.util.concurrent.ThreadPoolExecutor$Worker.run(ThreadPoolExecutor.java:624)
	at java.lang.Thread.run(Thread.java:750)
Caused by: java.sql.SQLException: test execute statement failed
	at org.apache.nifi.util.db.JdbcCommon.createSchema(JdbcCommon.java:497)
	at org.apache.nifi.util.db.JdbcCommon.convertToAvroStream(JdbcCommon.java:251)
	at org.apache.nifi.processors.standard.sql.DefaultAvroSqlWriter.writeResultSet(DefaultAvroSqlWriter.java:49)
	... 13 more
]]></system-err>
  </testcase>
  <testcase name="testIncomingConnectionWithNoFlowFileAndNoQuery" classname="org.apache.nifi.processors.standard.TestExecuteSQL" time="0.001"/>
  <testcase name="testQueryTimeout" classname="org.apache.nifi.processors.standard.TestExecuteSQL" time="0.802">
    <system-out><![CDATA[JCIDDEH 
DDABGCFD IHJIGJ
EEJHJ C
]]></system-out>
    <system-err><![CDATA[[main] INFO org.apache.nifi.processors.standard.TestExecuteSQL - test data loaded
[pool-1933-thread-1] DEBUG org.apache.nifi.processors.standard.ExecuteSQL - ExecuteSQL[id=6340aac7-0cdb-49db-ac28-e8bf266ac5cb] Executing query select   PER.ID as PersonId, PER.NAME as PersonName, PER.CODE as PersonCode, PRD.ID as ProductId,PRD.NAME as ProductName,PRD.CODE as ProductCode, REL.ID as RelId,    REL.NAME as RelName,    REL.CODE as RelCode, ROW_NUMBER() OVER () as rownr  from persons PER, products PRD, relationships REL where PER.ID = 10
[pool-1933-thread-1] INFO org.apache.nifi.processors.standard.ExecuteSQL - ExecuteSQL[id=6340aac7-0cdb-49db-ac28-e8bf266ac5cb] FlowFile[1,100392899531752.mockFlowFile,1174898B] contains 20000 records; transferring to 'success'
[main] INFO org.apache.nifi.processors.standard.TestExecuteSQL - total nr of records from stream: 20000
]]></system-err>
  </testcase>
  <testcase name="testPreQueryFail" classname="org.apache.nifi.processors.standard.TestExecuteSQL" time="0.024">
    <system-err><![CDATA[[pool-1934-thread-1] ERROR org.apache.nifi.processors.standard.ExecuteSQL - ExecuteSQL[id=748f8e54-792c-4fa6-82b2-dd93792afa85] Unable to execute SQL select query CALL SYSCS_UTIL.SYSCS_SET_RUNTIMESTATISTICS() for FlowFile[0,100393030355134.mockFlowFile,4B] due to java.sql.SQLSyntaxErrorException: 'SYSCS_UTIL.SYSCS_SET_RUNTIMESTATISTICS' is not recognized as a function or procedure.; routing to failure: java.sql.SQLSyntaxErrorException: 'SYSCS_UTIL.SYSCS_SET_RUNTIMESTATISTICS' is not recognized as a function or procedure.
java.sql.SQLSyntaxErrorException: 'SYSCS_UTIL.SYSCS_SET_RUNTIMESTATISTICS' is not recognized as a function or procedure.
	at org.apache.derby.impl.jdbc.SQLExceptionFactory.getSQLException(Unknown Source)
	at org.apache.derby.impl.jdbc.Util.generateCsSQLException(Unknown Source)
	at org.apache.derby.impl.jdbc.TransactionResourceImpl.wrapInSQLException(Unknown Source)
	at org.apache.derby.impl.jdbc.TransactionResourceImpl.handleException(Unknown Source)
	at org.apache.derby.impl.jdbc.EmbedConnection.handleException(Unknown Source)
	at org.apache.derby.impl.jdbc.ConnectionChild.handleException(Unknown Source)
	at org.apache.derby.impl.jdbc.EmbedStatement.execute(Unknown Source)
	at org.apache.derby.impl.jdbc.EmbedStatement.execute(Unknown Source)
	at org.apache.nifi.processors.standard.AbstractExecuteSQL.executeConfigStatements(AbstractExecuteSQL.java:464)
	at org.apache.nifi.processors.standard.AbstractExecuteSQL.onTrigger(AbstractExecuteSQL.java:252)
	at org.apache.nifi.processor.AbstractProcessor.onTrigger(AbstractProcessor.java:27)
	at org.apache.nifi.util.StandardProcessorTestRunner$RunProcessor.call(StandardProcessorTestRunner.java:284)
	at org.apache.nifi.util.StandardProcessorTestRunner$RunProcessor.call(StandardProcessorTestRunner.java:278)
	at java.util.concurrent.FutureTask.run(FutureTask.java:266)
	at java.util.concurrent.ScheduledThreadPoolExecutor$ScheduledFutureTask.access$201(ScheduledThreadPoolExecutor.java:180)
	at java.util.concurrent.ScheduledThreadPoolExecutor$ScheduledFutureTask.run(ScheduledThreadPoolExecutor.java:293)
	at java.util.concurrent.ThreadPoolExecutor.runWorker(ThreadPoolExecutor.java:1149)
	at java.util.concurrent.ThreadPoolExecutor$Worker.run(ThreadPoolExecutor.java:624)
	at java.lang.Thread.run(Thread.java:750)
Caused by: ERROR 42Y03: 'SYSCS_UTIL.SYSCS_SET_RUNTIMESTATISTICS' is not recognized as a function or procedure.
	at org.apache.derby.iapi.error.StandardException.newException(Unknown Source)
	at org.apache.derby.iapi.error.StandardException.newException(Unknown Source)
	at org.apache.derby.impl.sql.compile.StaticMethodCallNode.bindExpressionMinion(Unknown Source)
	at org.apache.derby.impl.sql.compile.StaticMethodCallNode.bindExpression(Unknown Source)
	at org.apache.derby.impl.sql.compile.JavaToSQLValueNode.bindExpression(Unknown Source)
	at org.apache.derby.impl.sql.compile.CallStatementNode.bindStatement(Unknown Source)
	at org.apache.derby.impl.sql.GenericStatement.prepMinion(Unknown Source)
	at org.apache.derby.impl.sql.GenericStatement.prepare(Unknown Source)
	at org.apache.derby.impl.sql.conn.GenericLanguageConnectionContext.prepareInternalStatement(Unknown Source)
	... 13 more
]]></system-err>
  </testcase>
  <testcase name="testIncomingConnectionWithNoFlowFile" classname="org.apache.nifi.processors.standard.TestExecuteSQL" time="0"/>
  <testcase name="testWithNullIntColumn" classname="org.apache.nifi.processors.standard.TestExecuteSQL" time="0.021">
    <system-err><![CDATA[[pool-1936-thread-1] DEBUG org.apache.nifi.processors.standard.ExecuteSQL - ExecuteSQL[id=6fe69ff3-ca43-4a26-b466-1937fb4a49b5] Executing query SELECT * FROM TEST_NULL_INT
[pool-1936-thread-1] INFO org.apache.nifi.processors.standard.ExecuteSQL - ExecuteSQL[id=6fe69ff3-ca43-4a26-b466-1937fb4a49b5] FlowFile[0,100393055402586.mockFlowFile,267B] contains 2 records; transferring to 'success'
]]></system-err>
  </testcase>
  <testcase name="testNoIncomingConnectionAndNoQuery" classname="org.apache.nifi.processors.standard.TestExecuteSQL" time="0.001">
    <system-err><![CDATA[[main] ERROR org.apache.nifi.processors.standard.ExecuteSQL - ExecuteSQL[id=407531c9-b283-4316-b122-1ed9910c12fb] Either the Select Query must be specified or there must be an incoming connection providing flowfile(s) containing a SQL select query
java.lang.reflect.InvocationTargetException
	at sun.reflect.GeneratedMethodAccessor126.invoke(Unknown Source)
	at sun.reflect.DelegatingMethodAccessorImpl.invoke(DelegatingMethodAccessorImpl.java:43)
	at java.lang.reflect.Method.invoke(Method.java:498)
	at org.apache.nifi.util.ReflectionUtils.invokeMethodsWithAnnotation(ReflectionUtils.java:68)
	at org.apache.nifi.util.StandardProcessorTestRunner.run(StandardProcessorTestRunner.java:203)
	at org.apache.nifi.util.StandardProcessorTestRunner.run(StandardProcessorTestRunner.java:185)
	at org.apache.nifi.util.StandardProcessorTestRunner.run(StandardProcessorTestRunner.java:180)
	at org.apache.nifi.util.StandardProcessorTestRunner.run(StandardProcessorTestRunner.java:175)
	at org.apache.nifi.util.StandardProcessorTestRunner.run(StandardProcessorTestRunner.java:170)
	at org.apache.nifi.processors.standard.TestExecuteSQL.testNoIncomingConnectionAndNoQuery(TestExecuteSQL.java:141)
	at sun.reflect.NativeMethodAccessorImpl.invoke0(Native Method)
	at sun.reflect.NativeMethodAccessorImpl.invoke(NativeMethodAccessorImpl.java:62)
	at sun.reflect.DelegatingMethodAccessorImpl.invoke(DelegatingMethodAccessorImpl.java:43)
	at java.lang.reflect.Method.invoke(Method.java:498)
	at org.junit.runners.model.FrameworkMethod$1.runReflectiveCall(FrameworkMethod.java:59)
	at org.junit.internal.runners.model.ReflectiveCallable.run(ReflectiveCallable.java:12)
	at org.junit.runners.model.FrameworkMethod.invokeExplosively(FrameworkMethod.java:56)
	at org.junit.internal.runners.statements.InvokeMethod.evaluate(InvokeMethod.java:17)
	at org.junit.internal.runners.statements.ExpectException.evaluate(ExpectException.java:19)
	at org.junit.internal.runners.statements.RunBefores.evaluate(RunBefores.java:26)
	at org.junit.runners.ParentRunner$3.evaluate(ParentRunner.java:306)
	at org.junit.runners.BlockJUnit4ClassRunner$1.evaluate(BlockJUnit4ClassRunner.java:100)
	at org.junit.runners.ParentRunner.runLeaf(ParentRunner.java:366)
	at org.junit.runners.BlockJUnit4ClassRunner.runChild(BlockJUnit4ClassRunner.java:103)
	at org.junit.runners.BlockJUnit4ClassRunner.runChild(BlockJUnit4ClassRunner.java:63)
	at org.junit.runners.ParentRunner$4.run(ParentRunner.java:331)
	at org.junit.runners.ParentRunner$1.schedule(ParentRunner.java:79)
	at org.junit.runners.ParentRunner.runChildren(ParentRunner.java:329)
	at org.junit.runners.ParentRunner.access$100(ParentRunner.java:66)
	at org.junit.runners.ParentRunner$2.evaluate(ParentRunner.java:293)
	at org.junit.internal.runners.statements.RunBefores.evaluate(RunBefores.java:26)
	at org.junit.runners.ParentRunner$3.evaluate(ParentRunner.java:306)
	at org.junit.runners.ParentRunner.run(ParentRunner.java:413)
	at org.junit.runner.JUnitCore.run(JUnitCore.java:137)
	at org.junit.runner.JUnitCore.run(JUnitCore.java:115)
	at org.junit.vintage.engine.execution.RunnerExecutor.execute(RunnerExecutor.java:43)
	at java.util.stream.ForEachOps$ForEachOp$OfRef.accept(ForEachOps.java:183)
	at java.util.stream.ReferencePipeline$3$1.accept(ReferencePipeline.java:193)
	at java.util.Iterator.forEachRemaining(Iterator.java:116)
	at java.util.Spliterators$IteratorSpliterator.forEachRemaining(Spliterators.java:1801)
	at java.util.stream.AbstractPipeline.copyInto(AbstractPipeline.java:482)
	at java.util.stream.AbstractPipeline.wrapAndCopyInto(AbstractPipeline.java:472)
	at java.util.stream.ForEachOps$ForEachOp.evaluateSequential(ForEachOps.java:150)
	at java.util.stream.ForEachOps$ForEachOp$OfRef.evaluateSequential(ForEachOps.java:173)
	at java.util.stream.AbstractPipeline.evaluate(AbstractPipeline.java:234)
	at java.util.stream.ReferencePipeline.forEach(ReferencePipeline.java:485)
	at org.junit.vintage.engine.VintageTestEngine.executeAllChildren(VintageTestEngine.java:82)
	at org.junit.vintage.engine.VintageTestEngine.execute(VintageTestEngine.java:73)
	at org.junit.platform.launcher.core.EngineExecutionOrchestrator.execute(EngineExecutionOrchestrator.java:108)
	at org.junit.platform.launcher.core.EngineExecutionOrchestrator.execute(EngineExecutionOrchestrator.java:88)
	at org.junit.platform.launcher.core.EngineExecutionOrchestrator.lambda$execute$0(EngineExecutionOrchestrator.java:54)
	at org.junit.platform.launcher.core.EngineExecutionOrchestrator.withInterceptedStreams(EngineExecutionOrchestrator.java:67)
	at org.junit.platform.launcher.core.EngineExecutionOrchestrator.execute(EngineExecutionOrchestrator.java:52)
	at org.junit.platform.launcher.core.DefaultLauncher.execute(DefaultLauncher.java:96)
	at org.junit.platform.launcher.core.DefaultLauncher.execute(DefaultLauncher.java:75)
	at org.apache.maven.surefire.junitplatform.JUnitPlatformProvider.execute(JUnitPlatformProvider.java:188)
	at org.apache.maven.surefire.junitplatform.JUnitPlatformProvider.invokeAllTests(JUnitPlatformProvider.java:154)
	at org.apache.maven.surefire.junitplatform.JUnitPlatformProvider.invoke(JUnitPlatformProvider.java:128)
	at org.apache.maven.surefire.booter.ForkedBooter.runSuitesInProcess(ForkedBooter.java:428)
	at org.apache.maven.surefire.booter.ForkedBooter.execute(ForkedBooter.java:162)
	at org.apache.maven.surefire.booter.ForkedBooter.run(ForkedBooter.java:562)
	at org.apache.maven.surefire.booter.ForkedBooter.main(ForkedBooter.java:548)
Caused by: org.apache.nifi.processor.exception.ProcessException: Either the Select Query must be specified or there must be an incoming connection providing flowfile(s) containing a SQL select query
	at org.apache.nifi.processors.standard.AbstractExecuteSQL.setup(AbstractExecuteSQL.java:193)
	... 62 more
]]></system-err>
  </testcase>
</testsuite>