<?xml version="1.0" encoding="UTF-8"?>
<testsuite xmlns:xsi="http://www.w3.org/2001/XMLSchema-instance" xsi:noNamespaceSchemaLocation="https://maven.apache.org/surefire/maven-surefire-plugin/xsd/surefire-test-report-3.0.xsd" version="3.0" name="org.apache.nifi.minifi.bootstrap.util.ConfigTransformerTest" time="0.667" tests="33" errors="0" skipped="0" failures="0">
  <properties>
    <property name="sun.desktop" value="gnome"/>
    <property name="awt.toolkit" value="sun.awt.X11.XToolkit"/>
    <property name="file.encoding.pkg" value="sun.io"/>
    <property name="java.specification.version" value="1.8"/>
    <property name="sun.cpu.isalist" value=""/>
    <property name="sun.jnu.encoding" value="UTF-8"/>
    <property name="java.class.path" value="/home/alex/Repositories/nifi/minifi/minifi-bootstrap/target/test-classes:/home/alex/Repositories/nifi/minifi/minifi-bootstrap/target/classes:/home/alex/.m2/repository/org/slf4j/slf4j-api/1.7.32/slf4j-api-1.7.32.jar:/home/alex/.m2/repository/ch/qos/logback/logback-classic/1.2.6/logback-classic-1.2.6.jar:/home/alex/.m2/repository/ch/qos/logback/logback-core/1.2.6/logback-core-1.2.6.jar:/home/alex/Repositories/nifi/nifi-api/target/classes:/home/alex/Repositories/nifi/nifi-commons/nifi-bootstrap-utils/target/classes:/home/alex/.m2/repository/net/java/dev/jna/jna-platform/4.4.0/jna-platform-4.4.0.jar:/home/alex/.m2/repository/net/java/dev/jna/jna/4.4.0/jna-4.4.0.jar:/home/alex/Repositories/nifi/nifi-nar-bundles/nifi-extension-utils/nifi-processor-utils/target/classes:/home/alex/Repositories/nifi/nifi-commons/nifi-security-socket-ssl/target/classes:/home/alex/.m2/repository/org/apache/commons/commons-lang3/3.9/commons-lang3-3.9.jar:/home/alex/.m2/repository/com/fasterxml/jackson/core/jackson-databind/2.12.3/jackson-databind-2.12.3.jar:/home/alex/.m2/repository/com/fasterxml/jackson/core/jackson-annotations/2.12.3/jackson-annotations-2.12.3.jar:/home/alex/.m2/repository/com/fasterxml/jackson/core/jackson-core/2.12.3/jackson-core-2.12.3.jar:/home/alex/Repositories/nifi/nifi-nar-bundles/nifi-standard-services/nifi-record-serialization-service-api/target/classes:/home/alex/Repositories/nifi/nifi-commons/nifi-record/target/classes:/home/alex/Repositories/nifi/nifi-nar-bundles/nifi-extension-utils/nifi-event-transport/target/classes:/home/alex/.m2/repository/io/netty/netty-handler/4.1.69.Final/netty-handler-4.1.69.Final.jar:/home/alex/.m2/repository/io/netty/netty-common/4.1.69.Final/netty-common-4.1.69.Final.jar:/home/alex/.m2/repository/io/netty/netty-resolver/4.1.69.Final/netty-resolver-4.1.69.Final.jar:/home/alex/.m2/repository/io/netty/netty-buffer/4.1.69.Final/netty-buffer-4.1.69.Final.jar:/home/alex/.m2/repository/io/netty/netty-transport/4.1.69.Final/netty-transport-4.1.69.Final.jar:/home/alex/.m2/repository/io/netty/netty-codec/4.1.69.Final/netty-codec-4.1.69.Final.jar:/home/alex/Repositories/nifi/nifi-commons/nifi-expression-language/target/classes:/home/alex/.m2/repository/org/antlr/antlr-runtime/3.5.2/antlr-runtime-3.5.2.jar:/home/alex/Repositories/nifi/nifi-commons/nifi-parameter/target/classes:/home/alex/Repositories/nifi/nifi-commons/nifi-uuid5/target/classes:/home/alex/.m2/repository/com/jayway/jsonpath/json-path/2.6.0/json-path-2.6.0.jar:/home/alex/.m2/repository/net/minidev/json-smart/2.4.7/json-smart-2.4.7.jar:/home/alex/.m2/repository/net/minidev/accessors-smart/2.4.7/accessors-smart-2.4.7.jar:/home/alex/.m2/repository/org/ow2/asm/asm/9.1/asm-9.1.jar:/home/alex/.m2/repository/org/apache/commons/commons-text/1.8/commons-text-1.8.jar:/home/alex/.m2/repository/commons-codec/commons-codec/1.10/commons-codec-1.10.jar:/home/alex/Repositories/nifi/minifi/minifi-commons/minifi-utils/target/classes:/home/alex/Repositories/nifi/nifi-commons/nifi-utils/target/classes:/home/alex/Repositories/nifi/nifi-commons/nifi-properties/target/classes:/home/alex/Repositories/nifi/nifi-commons/nifi-property-utils/target/classes:/home/alex/.m2/repository/org/yaml/snakeyaml/1.29/snakeyaml-1.29.jar:/home/alex/Repositories/nifi/minifi/minifi-commons/minifi-commons-schema/target/classes:/home/alex/.m2/repository/org/eclipse/jetty/jetty-server/9.4.44.v20210927/jetty-server-9.4.44.v20210927.jar:/home/alex/.m2/repository/javax/servlet/javax.servlet-api/3.1.0/javax.servlet-api-3.1.0.jar:/home/alex/.m2/repository/org/eclipse/jetty/jetty-http/9.4.44.v20210927/jetty-http-9.4.44.v20210927.jar:/home/alex/.m2/repository/org/eclipse/jetty/jetty-util/9.4.44.v20210927/jetty-util-9.4.44.v20210927.jar:/home/alex/.m2/repository/org/eclipse/jetty/jetty-io/9.4.44.v20210927/jetty-io-9.4.44.v20210927.jar:/home/alex/.m2/repository/org/eclipse/jetty/jetty-servlet/9.4.44.v20210927/jetty-servlet-9.4.44.v20210927.jar:/home/alex/.m2/repository/org/eclipse/jetty/jetty-security/9.4.44.v20210927/jetty-security-9.4.44.v20210927.jar:/home/alex/.m2/repository/org/eclipse/jetty/jetty-util-ajax/9.4.44.v20210927/jetty-util-ajax-9.4.44.v20210927.jar:/home/alex/.m2/repository/com/squareup/okhttp3/okhttp/3.12.3/okhttp-3.12.3.jar:/home/alex/.m2/repository/com/squareup/okio/okio/1.15.0/okio-1.15.0.jar:/home/alex/.m2/repository/commons-io/commons-io/2.10.0/commons-io-2.10.0.jar:/home/alex/.m2/repository/junit/junit/4.13.2/junit-4.13.2.jar:/home/alex/.m2/repository/org/hamcrest/hamcrest-core/1.3/hamcrest-core-1.3.jar:/home/alex/.m2/repository/org/mockito/mockito-all/1.10.19/mockito-all-1.10.19.jar:/home/alex/.m2/repository/org/slf4j/slf4j-simple/1.7.32/slf4j-simple-1.7.32.jar:/home/alex/.m2/repository/org/junit/jupiter/junit-jupiter-api/5.7.2/junit-jupiter-api-5.7.2.jar:/home/alex/.m2/repository/org/apiguardian/apiguardian-api/1.1.0/apiguardian-api-1.1.0.jar:/home/alex/.m2/repository/org/opentest4j/opentest4j/1.2.0/opentest4j-1.2.0.jar:/home/alex/.m2/repository/org/junit/platform/junit-platform-commons/1.7.2/junit-platform-commons-1.7.2.jar:/home/alex/.m2/repository/org/junit/jupiter/junit-jupiter-engine/5.7.2/junit-jupiter-engine-5.7.2.jar:/home/alex/.m2/repository/org/junit/platform/junit-platform-engine/1.7.2/junit-platform-engine-1.7.2.jar:/home/alex/.m2/repository/org/junit/vintage/junit-vintage-engine/5.7.2/junit-vintage-engine-5.7.2.jar:/home/alex/.m2/repository/org/junit/jupiter/junit-jupiter-params/5.7.2/junit-jupiter-params-5.7.2.jar:/home/alex/.m2/repository/org/mockito/mockito-core/3.11.2/mockito-core-3.11.2.jar:/home/alex/.m2/repository/net/bytebuddy/byte-buddy/1.11.3/byte-buddy-1.11.3.jar:/home/alex/.m2/repository/net/bytebuddy/byte-buddy-agent/1.11.3/byte-buddy-agent-1.11.3.jar:/home/alex/.m2/repository/org/objenesis/objenesis/3.2/objenesis-3.2.jar:/home/alex/.m2/repository/org/mockito/mockito-junit-jupiter/3.11.2/mockito-junit-jupiter-3.11.2.jar:/home/alex/.m2/repository/org/codehaus/groovy/groovy-test/2.5.14/groovy-test-2.5.14.jar:/home/alex/.m2/repository/org/codehaus/groovy/groovy/2.5.14/groovy-2.5.14.jar:"/>
    <property name="java.vm.vendor" value="Private Build"/>
    <property name="sun.arch.data.model" value="64"/>
    <property name="java.vendor.url" value="http://java.oracle.com/"/>
    <property name="user.timezone" value="Europe/Lisbon"/>
    <property name="java.vm.specification.version" value="1.8"/>
    <property name="os.name" value="Linux"/>
    <property name="user.country" value="US"/>
    <property name="sun.java.launcher" value="SUN_STANDARD"/>
    <property name="sun.boot.library.path" value="/usr/lib/jvm/java-8-openjdk-amd64/jre/lib/amd64"/>
    <property name="sun.java.command" value="/home/alex/Repositories/nifi/minifi/minifi-bootstrap/target/surefire/surefirebooter1399131410026549556.jar /home/alex/Repositories/nifi/minifi/minifi-bootstrap/target/surefire 2024-05-02T04-10-31_566-jvmRun1 surefire1508603942029864494tmp surefire_1828834002876923613034tmp"/>
    <property name="surefire.test.class.path" value="/home/alex/Repositories/nifi/minifi/minifi-bootstrap/target/test-classes:/home/alex/Repositories/nifi/minifi/minifi-bootstrap/target/classes:/home/alex/.m2/repository/org/slf4j/slf4j-api/1.7.32/slf4j-api-1.7.32.jar:/home/alex/.m2/repository/ch/qos/logback/logback-classic/1.2.6/logback-classic-1.2.6.jar:/home/alex/.m2/repository/ch/qos/logback/logback-core/1.2.6/logback-core-1.2.6.jar:/home/alex/Repositories/nifi/nifi-api/target/classes:/home/alex/Repositories/nifi/nifi-commons/nifi-bootstrap-utils/target/classes:/home/alex/.m2/repository/net/java/dev/jna/jna-platform/4.4.0/jna-platform-4.4.0.jar:/home/alex/.m2/repository/net/java/dev/jna/jna/4.4.0/jna-4.4.0.jar:/home/alex/Repositories/nifi/nifi-nar-bundles/nifi-extension-utils/nifi-processor-utils/target/classes:/home/alex/Repositories/nifi/nifi-commons/nifi-security-socket-ssl/target/classes:/home/alex/.m2/repository/org/apache/commons/commons-lang3/3.9/commons-lang3-3.9.jar:/home/alex/.m2/repository/com/fasterxml/jackson/core/jackson-databind/2.12.3/jackson-databind-2.12.3.jar:/home/alex/.m2/repository/com/fasterxml/jackson/core/jackson-annotations/2.12.3/jackson-annotations-2.12.3.jar:/home/alex/.m2/repository/com/fasterxml/jackson/core/jackson-core/2.12.3/jackson-core-2.12.3.jar:/home/alex/Repositories/nifi/nifi-nar-bundles/nifi-standard-services/nifi-record-serialization-service-api/target/classes:/home/alex/Repositories/nifi/nifi-commons/nifi-record/target/classes:/home/alex/Repositories/nifi/nifi-nar-bundles/nifi-extension-utils/nifi-event-transport/target/classes:/home/alex/.m2/repository/io/netty/netty-handler/4.1.69.Final/netty-handler-4.1.69.Final.jar:/home/alex/.m2/repository/io/netty/netty-common/4.1.69.Final/netty-common-4.1.69.Final.jar:/home/alex/.m2/repository/io/netty/netty-resolver/4.1.69.Final/netty-resolver-4.1.69.Final.jar:/home/alex/.m2/repository/io/netty/netty-buffer/4.1.69.Final/netty-buffer-4.1.69.Final.jar:/home/alex/.m2/repository/io/netty/netty-transport/4.1.69.Final/netty-transport-4.1.69.Final.jar:/home/alex/.m2/repository/io/netty/netty-codec/4.1.69.Final/netty-codec-4.1.69.Final.jar:/home/alex/Repositories/nifi/nifi-commons/nifi-expression-language/target/classes:/home/alex/.m2/repository/org/antlr/antlr-runtime/3.5.2/antlr-runtime-3.5.2.jar:/home/alex/Repositories/nifi/nifi-commons/nifi-parameter/target/classes:/home/alex/Repositories/nifi/nifi-commons/nifi-uuid5/target/classes:/home/alex/.m2/repository/com/jayway/jsonpath/json-path/2.6.0/json-path-2.6.0.jar:/home/alex/.m2/repository/net/minidev/json-smart/2.4.7/json-smart-2.4.7.jar:/home/alex/.m2/repository/net/minidev/accessors-smart/2.4.7/accessors-smart-2.4.7.jar:/home/alex/.m2/repository/org/ow2/asm/asm/9.1/asm-9.1.jar:/home/alex/.m2/repository/org/apache/commons/commons-text/1.8/commons-text-1.8.jar:/home/alex/.m2/repository/commons-codec/commons-codec/1.10/commons-codec-1.10.jar:/home/alex/Repositories/nifi/minifi/minifi-commons/minifi-utils/target/classes:/home/alex/Repositories/nifi/nifi-commons/nifi-utils/target/classes:/home/alex/Repositories/nifi/nifi-commons/nifi-properties/target/classes:/home/alex/Repositories/nifi/nifi-commons/nifi-property-utils/target/classes:/home/alex/.m2/repository/org/yaml/snakeyaml/1.29/snakeyaml-1.29.jar:/home/alex/Repositories/nifi/minifi/minifi-commons/minifi-commons-schema/target/classes:/home/alex/.m2/repository/org/eclipse/jetty/jetty-server/9.4.44.v20210927/jetty-server-9.4.44.v20210927.jar:/home/alex/.m2/repository/javax/servlet/javax.servlet-api/3.1.0/javax.servlet-api-3.1.0.jar:/home/alex/.m2/repository/org/eclipse/jetty/jetty-http/9.4.44.v20210927/jetty-http-9.4.44.v20210927.jar:/home/alex/.m2/repository/org/eclipse/jetty/jetty-util/9.4.44.v20210927/jetty-util-9.4.44.v20210927.jar:/home/alex/.m2/repository/org/eclipse/jetty/jetty-io/9.4.44.v20210927/jetty-io-9.4.44.v20210927.jar:/home/alex/.m2/repository/org/eclipse/jetty/jetty-servlet/9.4.44.v20210927/jetty-servlet-9.4.44.v20210927.jar:/home/alex/.m2/repository/org/eclipse/jetty/jetty-security/9.4.44.v20210927/jetty-security-9.4.44.v20210927.jar:/home/alex/.m2/repository/org/eclipse/jetty/jetty-util-ajax/9.4.44.v20210927/jetty-util-ajax-9.4.44.v20210927.jar:/home/alex/.m2/repository/com/squareup/okhttp3/okhttp/3.12.3/okhttp-3.12.3.jar:/home/alex/.m2/repository/com/squareup/okio/okio/1.15.0/okio-1.15.0.jar:/home/alex/.m2/repository/commons-io/commons-io/2.10.0/commons-io-2.10.0.jar:/home/alex/.m2/repository/junit/junit/4.13.2/junit-4.13.2.jar:/home/alex/.m2/repository/org/hamcrest/hamcrest-core/1.3/hamcrest-core-1.3.jar:/home/alex/.m2/repository/org/mockito/mockito-all/1.10.19/mockito-all-1.10.19.jar:/home/alex/.m2/repository/org/slf4j/slf4j-simple/1.7.32/slf4j-simple-1.7.32.jar:/home/alex/.m2/repository/org/junit/jupiter/junit-jupiter-api/5.7.2/junit-jupiter-api-5.7.2.jar:/home/alex/.m2/repository/org/apiguardian/apiguardian-api/1.1.0/apiguardian-api-1.1.0.jar:/home/alex/.m2/repository/org/opentest4j/opentest4j/1.2.0/opentest4j-1.2.0.jar:/home/alex/.m2/repository/org/junit/platform/junit-platform-commons/1.7.2/junit-platform-commons-1.7.2.jar:/home/alex/.m2/repository/org/junit/jupiter/junit-jupiter-engine/5.7.2/junit-jupiter-engine-5.7.2.jar:/home/alex/.m2/repository/org/junit/platform/junit-platform-engine/1.7.2/junit-platform-engine-1.7.2.jar:/home/alex/.m2/repository/org/junit/vintage/junit-vintage-engine/5.7.2/junit-vintage-engine-5.7.2.jar:/home/alex/.m2/repository/org/junit/jupiter/junit-jupiter-params/5.7.2/junit-jupiter-params-5.7.2.jar:/home/alex/.m2/repository/org/mockito/mockito-core/3.11.2/mockito-core-3.11.2.jar:/home/alex/.m2/repository/net/bytebuddy/byte-buddy/1.11.3/byte-buddy-1.11.3.jar:/home/alex/.m2/repository/net/bytebuddy/byte-buddy-agent/1.11.3/byte-buddy-agent-1.11.3.jar:/home/alex/.m2/repository/org/objenesis/objenesis/3.2/objenesis-3.2.jar:/home/alex/.m2/repository/org/mockito/mockito-junit-jupiter/3.11.2/mockito-junit-jupiter-3.11.2.jar:/home/alex/.m2/repository/org/codehaus/groovy/groovy-test/2.5.14/groovy-test-2.5.14.jar:/home/alex/.m2/repository/org/codehaus/groovy/groovy/2.5.14/groovy-2.5.14.jar:"/>
    <property name="sun.cpu.endian" value="little"/>
    <property name="user.home" value="/home/alex"/>
    <property name="user.language" value="en"/>
    <property name="java.specification.vendor" value="Oracle Corporation"/>
    <property name="java.home" value="/usr/lib/jvm/java-8-openjdk-amd64/jre"/>
    <property name="basedir" value="/home/alex/Repositories/nifi/minifi/minifi-bootstrap"/>
    <property name="file.separator" value="/"/>
    <property name="line.separator" value="&#10;"/>
    <property name="java.vm.specification.vendor" value="Oracle Corporation"/>
    <property name="java.specification.name" value="Java Platform API Specification"/>
    <property name="java.awt.graphicsenv" value="sun.awt.X11GraphicsEnvironment"/>
    <property name="java.awt.headless" value="true"/>
    <property name="surefire.real.class.path" value="/home/alex/Repositories/nifi/minifi/minifi-bootstrap/target/surefire/surefirebooter1399131410026549556.jar"/>
    <property name="sun.boot.class.path" value="/usr/lib/jvm/java-8-openjdk-amd64/jre/lib/resources.jar:/usr/lib/jvm/java-8-openjdk-amd64/jre/lib/rt.jar:/usr/lib/jvm/java-8-openjdk-amd64/jre/lib/sunrsasign.jar:/usr/lib/jvm/java-8-openjdk-amd64/jre/lib/jsse.jar:/usr/lib/jvm/java-8-openjdk-amd64/jre/lib/jce.jar:/usr/lib/jvm/java-8-openjdk-amd64/jre/lib/charsets.jar:/usr/lib/jvm/java-8-openjdk-amd64/jre/lib/jfr.jar:/usr/lib/jvm/java-8-openjdk-amd64/jre/classes"/>
    <property name="sun.management.compiler" value="HotSpot 64-Bit Tiered Compilers"/>
    <property name="java.runtime.version" value="1.8.0_402-8u402-ga-2ubuntu1~22.04-b06"/>
    <property name="java.net.preferIPv4Stack" value="true"/>
    <property name="user.name" value="alex"/>
    <property name="path.separator" value=":"/>
    <property name="os.version" value="6.5.0-28-generic"/>
    <property name="java.endorsed.dirs" value="/usr/lib/jvm/java-8-openjdk-amd64/jre/lib/endorsed"/>
    <property name="java.runtime.name" value="OpenJDK Runtime Environment"/>
    <property name="file.encoding" value="UTF-8"/>
    <property name="java.vm.name" value="OpenJDK 64-Bit Server VM"/>
    <property name="localRepository" value="/home/alex/.m2/repository"/>
    <property name="java.vendor.url.bug" value="http://bugreport.sun.com/bugreport/"/>
    <property name="jetty.git.hash" value="8da83308eeca865e495e53ef315a249d63ba9332"/>
    <property name="java.io.tmpdir" value="/tmp"/>
    <property name="java.version" value="1.8.0_402"/>
    <property name="user.dir" value="/home/alex/Repositories/nifi/minifi/minifi-bootstrap"/>
    <property name="os.arch" value="amd64"/>
    <property name="java.vm.specification.name" value="Java Virtual Machine Specification"/>
    <property name="java.awt.printerjob" value="sun.print.PSPrinterJob"/>
    <property name="sun.os.patch.level" value="unknown"/>
    <property name="java.library.path" value="/usr/java/packages/lib/amd64:/usr/lib/x86_64-linux-gnu/jni:/lib/x86_64-linux-gnu:/usr/lib/x86_64-linux-gnu:/usr/lib/jni:/lib:/usr/lib"/>
    <property name="java.vm.info" value="mixed mode"/>
    <property name="java.vendor" value="Private Build"/>
    <property name="java.vm.version" value="25.402-b06"/>
    <property name="java.specification.maintenance.version" value="5"/>
    <property name="java.ext.dirs" value="/usr/lib/jvm/java-8-openjdk-amd64/jre/lib/ext:/usr/java/packages/lib/ext"/>
    <property name="sun.io.unicode.encoding" value="UnicodeLittle"/>
    <property name="java.class.version" value="52.0"/>
  </properties>
  <testcase name="testReportingTasksTransform" classname="org.apache.nifi.minifi.bootstrap.util.ConfigTransformerTest" time="0.132"/>
  <testcase name="testFunnelsTransform" classname="org.apache.nifi.minifi.bootstrap.util.ConfigTransformerTest" time="0.051"/>
  <testcase name="testRpgProxyPassTransform" classname="org.apache.nifi.minifi.bootstrap.util.ConfigTransformerTest" time="0.096"/>
  <testcase name="doesTransformOnMultipleProcessors" classname="org.apache.nifi.minifi.bootstrap.util.ConfigTransformerTest" time="0.013">
    <system-out><![CDATA[04:29:54.850 [main] WARN org.apache.nifi.minifi.bootstrap.util.ConfigTransformer - Generating Random Sensitive Properties Key [nifi.sensitive.props.key]
]]></system-out>
  </testcase>
  <testcase name="handleTransformFileMissingRequiredField" classname="org.apache.nifi.minifi.bootstrap.util.ConfigTransformerTest" time="0.005"/>
  <testcase name="testProcessGroupsTransform" classname="org.apache.nifi.minifi.bootstrap.util.ConfigTransformerTest" time="0.05"/>
  <testcase name="testNifiPropertiesOverrides" classname="org.apache.nifi.minifi.bootstrap.util.ConfigTransformerTest" time="0.005">
    <system-out><![CDATA[04:29:54.915 [main] WARN org.apache.nifi.minifi.bootstrap.util.ConfigTransformer - Generating Random Sensitive Properties Key [nifi.sensitive.props.key]
]]></system-out>
  </testcase>
  <testcase name="testEmptyQueuePrioritizerNotWritten" classname="org.apache.nifi.minifi.bootstrap.util.ConfigTransformerTest" time="0.002"/>
  <testcase name="testRpgProxyNoPassTransform" classname="org.apache.nifi.minifi.bootstrap.util.ConfigTransformerTest" time="0.143"/>
  <testcase name="testNifiPropertiesNoOverrides" classname="org.apache.nifi.minifi.bootstrap.util.ConfigTransformerTest" time="0.005">
    <system-out><![CDATA[04:29:55.066 [main] WARN org.apache.nifi.minifi.bootstrap.util.ConfigTransformer - Generating Random Sensitive Properties Key [nifi.sensitive.props.key]
]]></system-out>
  </testcase>
  <testcase name="testNullSensitiveKey" classname="org.apache.nifi.minifi.bootstrap.util.ConfigTransformerTest" time="0.004">
    <system-out><![CDATA[04:29:55.069 [main] WARN org.apache.nifi.minifi.bootstrap.util.ConfigTransformer - Generating Random Sensitive Properties Key [nifi.sensitive.props.key]
]]></system-out>
  </testcase>
  <testcase name="doesTransformOnMultipleRemoteProcessGroups" classname="org.apache.nifi.minifi.bootstrap.util.ConfigTransformerTest" time="0.007">
    <system-out><![CDATA[04:29:55.075 [main] WARN org.apache.nifi.minifi.bootstrap.util.ConfigTransformer - Generating Random Sensitive Properties Key [nifi.sensitive.props.key]
]]></system-out>
  </testcase>
  <testcase name="doesTransformOnMultipleInputPorts" classname="org.apache.nifi.minifi.bootstrap.util.ConfigTransformerTest" time="0.005">
    <system-out><![CDATA[04:29:55.081 [main] WARN org.apache.nifi.minifi.bootstrap.util.ConfigTransformer - Generating Random Sensitive Properties Key [nifi.sensitive.props.key]
]]></system-out>
  </testcase>
  <testcase name="testRpgTransform" classname="org.apache.nifi.minifi.bootstrap.util.ConfigTransformerTest" time="0.021"/>
  <testcase name="handleTransformEmptyFile" classname="org.apache.nifi.minifi.bootstrap.util.ConfigTransformerTest" time="0.002"/>
  <testcase name="testFlowFileRepoOverride" classname="org.apache.nifi.minifi.bootstrap.util.ConfigTransformerTest" time="0.007">
    <system-out><![CDATA[04:29:55.111 [main] WARN org.apache.nifi.minifi.bootstrap.util.ConfigTransformer - Generating Random Sensitive Properties Key [nifi.sensitive.props.key]
]]></system-out>
  </testcase>
  <testcase name="checkSSLOverrides" classname="org.apache.nifi.minifi.bootstrap.util.ConfigTransformerTest" time="0.012">
    <system-out><![CDATA[04:29:55.117 [main] INFO org.apache.nifi.minifi.bootstrap.util.ConfigTransformer - Bootstrap flow override: Replaced security properties
04:29:55.117 [main] INFO org.apache.nifi.minifi.bootstrap.util.ConfigTransformer - Bootstrap flow override: Replaced ListenHTTP SSL Context Service with parent MiNiFi SSL
04:29:55.117 [main] WARN org.apache.nifi.minifi.bootstrap.util.ConfigTransformer - Generating Random Sensitive Properties Key [nifi.sensitive.props.key]
]]></system-out>
  </testcase>
  <testcase name="testQueuePrioritizerWritten" classname="org.apache.nifi.minifi.bootstrap.util.ConfigTransformerTest" time="0.002"/>
  <testcase name="doesTransformInputStream" classname="org.apache.nifi.minifi.bootstrap.util.ConfigTransformerTest" time="0.007">
    <system-out><![CDATA[04:29:55.132 [main] WARN org.apache.nifi.minifi.bootstrap.util.ConfigTransformer - Generating Random Sensitive Properties Key [nifi.sensitive.props.key]
]]></system-out>
  </testcase>
  <testcase name="doesTransformOnCustomProvenanceRepository" classname="org.apache.nifi.minifi.bootstrap.util.ConfigTransformerTest" time="0.008">
    <system-out><![CDATA[04:29:55.138 [main] WARN org.apache.nifi.minifi.bootstrap.util.ConfigTransformer - Generating Random Sensitive Properties Key [nifi.sensitive.props.key]
]]></system-out>
  </testcase>
  <testcase name="doesTransformFile" classname="org.apache.nifi.minifi.bootstrap.util.ConfigTransformerTest" time="0.007">
    <system-out><![CDATA[04:29:55.147 [main] WARN org.apache.nifi.minifi.bootstrap.util.ConfigTransformer - Generating Random Sensitive Properties Key [nifi.sensitive.props.key]
]]></system-out>
  </testcase>
  <testcase name="doesTransformOnProvenanceRepository" classname="org.apache.nifi.minifi.bootstrap.util.ConfigTransformerTest" time="0.006">
    <system-out><![CDATA[04:29:55.153 [main] WARN org.apache.nifi.minifi.bootstrap.util.ConfigTransformer - Generating Random Sensitive Properties Key [nifi.sensitive.props.key]
]]></system-out>
  </testcase>
  <testcase name="testRpgOutputPort" classname="org.apache.nifi.minifi.bootstrap.util.ConfigTransformerTest" time="0.011"/>
  <testcase name="testNifiPropertiesVariableRegistry" classname="org.apache.nifi.minifi.bootstrap.util.ConfigTransformerTest" time="0.005">
    <system-out><![CDATA[04:29:55.172 [main] WARN org.apache.nifi.minifi.bootstrap.util.ConfigTransformer - Generating Random Sensitive Properties Key [nifi.sensitive.props.key]
]]></system-out>
  </testcase>
  <testcase name="handleTransformMalformedField" classname="org.apache.nifi.minifi.bootstrap.util.ConfigTransformerTest" time="0.003"/>
  <testcase name="handleTransformFileMultipleProblems" classname="org.apache.nifi.minifi.bootstrap.util.ConfigTransformerTest" time="0.004"/>
  <testcase name="handleTransformInvalidFile" classname="org.apache.nifi.minifi.bootstrap.util.ConfigTransformerTest" time="0.002"/>
  <testcase name="testNullQueuePrioritizerNotWritten" classname="org.apache.nifi.minifi.bootstrap.util.ConfigTransformerTest" time="0.002"/>
  <testcase name="doesTransformOnDefaultFile" classname="org.apache.nifi.minifi.bootstrap.util.ConfigTransformerTest" time="0.006">
    <system-out><![CDATA[04:29:55.188 [main] WARN org.apache.nifi.minifi.bootstrap.util.ConfigTransformer - Generating Random Sensitive Properties Key [nifi.sensitive.props.key]
]]></system-out>
  </testcase>
  <testcase name="testContentRepoOverride" classname="org.apache.nifi.minifi.bootstrap.util.ConfigTransformerTest" time="0.005">
    <system-out><![CDATA[04:29:55.195 [main] WARN org.apache.nifi.minifi.bootstrap.util.ConfigTransformer - Generating Random Sensitive Properties Key [nifi.sensitive.props.key]
]]></system-out>
  </testcase>
  <testcase name="doesTransformV1File" classname="org.apache.nifi.minifi.bootstrap.util.ConfigTransformerTest" time="0.007">
    <system-out><![CDATA[04:29:55.200 [main] WARN org.apache.nifi.minifi.bootstrap.util.ConfigTransformer - Generating Random Sensitive Properties Key [nifi.sensitive.props.key]
]]></system-out>
  </testcase>
  <testcase name="testFunnelAndRpgTransform" classname="org.apache.nifi.minifi.bootstrap.util.ConfigTransformerTest" time="0.022"/>
  <testcase name="doesTransformOnMinimal" classname="org.apache.nifi.minifi.bootstrap.util.ConfigTransformerTest" time="0.005">
    <system-out><![CDATA[04:29:55.228 [main] WARN org.apache.nifi.minifi.bootstrap.util.ConfigTransformer - Generating Random Sensitive Properties Key [nifi.sensitive.props.key]
]]></system-out>
  </testcase>
</testsuite>