<?xml version="1.0" encoding="UTF-8"?>
<testsuite xmlns:xsi="http://www.w3.org/2001/XMLSchema-instance" xsi:noNamespaceSchemaLocation="https://maven.apache.org/surefire/maven-surefire-plugin/xsd/surefire-test-report-3.0.xsd" version="3.0" name="org.apache.nifi.minifi.bootstrap.configuration.ingestors.RestChangeIngestorSSLTest" time="1.24" tests="3" errors="0" skipped="0" failures="0">
  <properties>
    <property name="sun.desktop" value="gnome"/>
    <property name="awt.toolkit" value="sun.awt.X11.XToolkit"/>
    <property name="file.encoding.pkg" value="sun.io"/>
    <property name="java.specification.version" value="1.8"/>
    <property name="sun.cpu.isalist" value=""/>
    <property name="sun.jnu.encoding" value="UTF-8"/>
    <property name="java.class.path" value="/home/alex/Repositories/nifi/minifi/minifi-bootstrap/target/test-classes:/home/alex/Repositories/nifi/minifi/minifi-bootstrap/target/classes:/home/alex/.m2/repository/org/slf4j/slf4j-api/1.7.32/slf4j-api-1.7.32.jar:/home/alex/.m2/repository/ch/qos/logback/logback-classic/1.2.6/logback-classic-1.2.6.jar:/home/alex/.m2/repository/ch/qos/logback/logback-core/1.2.6/logback-core-1.2.6.jar:/home/alex/Repositories/nifi/nifi-api/target/classes:/home/alex/Repositories/nifi/nifi-commons/nifi-bootstrap-utils/target/classes:/home/alex/.m2/repository/net/java/dev/jna/jna-platform/4.4.0/jna-platform-4.4.0.jar:/home/alex/.m2/repository/net/java/dev/jna/jna/4.4.0/jna-4.4.0.jar:/home/alex/Repositories/nifi/nifi-nar-bundles/nifi-extension-utils/nifi-processor-utils/target/classes:/home/alex/Repositories/nifi/nifi-commons/nifi-security-socket-ssl/target/classes:/home/alex/.m2/repository/org/apache/commons/commons-lang3/3.9/commons-lang3-3.9.jar:/home/alex/.m2/repository/com/fasterxml/jackson/core/jackson-databind/2.12.3/jackson-databind-2.12.3.jar:/home/alex/.m2/repository/com/fasterxml/jackson/core/jackson-annotations/2.12.3/jackson-annotations-2.12.3.jar:/home/alex/.m2/repository/com/fasterxml/jackson/core/jackson-core/2.12.3/jackson-core-2.12.3.jar:/home/alex/Repositories/nifi/nifi-nar-bundles/nifi-standard-services/nifi-record-serialization-service-api/target/classes:/home/alex/Repositories/nifi/nifi-commons/nifi-record/target/classes:/home/alex/Repositories/nifi/nifi-nar-bundles/nifi-extension-utils/nifi-event-transport/target/classes:/home/alex/.m2/repository/io/netty/netty-handler/4.1.69.Final/netty-handler-4.1.69.Final.jar:/home/alex/.m2/repository/io/netty/netty-common/4.1.69.Final/netty-common-4.1.69.Final.jar:/home/alex/.m2/repository/io/netty/netty-resolver/4.1.69.Final/netty-resolver-4.1.69.Final.jar:/home/alex/.m2/repository/io/netty/netty-buffer/4.1.69.Final/netty-buffer-4.1.69.Final.jar:/home/alex/.m2/repository/io/netty/netty-transport/4.1.69.Final/netty-transport-4.1.69.Final.jar:/home/alex/.m2/repository/io/netty/netty-codec/4.1.69.Final/netty-codec-4.1.69.Final.jar:/home/alex/Repositories/nifi/nifi-commons/nifi-expression-language/target/classes:/home/alex/.m2/repository/org/antlr/antlr-runtime/3.5.2/antlr-runtime-3.5.2.jar:/home/alex/Repositories/nifi/nifi-commons/nifi-parameter/target/classes:/home/alex/Repositories/nifi/nifi-commons/nifi-uuid5/target/classes:/home/alex/.m2/repository/com/jayway/jsonpath/json-path/2.6.0/json-path-2.6.0.jar:/home/alex/.m2/repository/net/minidev/json-smart/2.4.7/json-smart-2.4.7.jar:/home/alex/.m2/repository/net/minidev/accessors-smart/2.4.7/accessors-smart-2.4.7.jar:/home/alex/.m2/repository/org/ow2/asm/asm/9.1/asm-9.1.jar:/home/alex/.m2/repository/org/apache/commons/commons-text/1.8/commons-text-1.8.jar:/home/alex/.m2/repository/commons-codec/commons-codec/1.10/commons-codec-1.10.jar:/home/alex/Repositories/nifi/minifi/minifi-commons/minifi-utils/target/classes:/home/alex/Repositories/nifi/nifi-commons/nifi-utils/target/classes:/home/alex/Repositories/nifi/nifi-commons/nifi-properties/target/classes:/home/alex/Repositories/nifi/nifi-commons/nifi-property-utils/target/classes:/home/alex/.m2/repository/org/yaml/snakeyaml/1.29/snakeyaml-1.29.jar:/home/alex/Repositories/nifi/minifi/minifi-commons/minifi-commons-schema/target/classes:/home/alex/.m2/repository/org/eclipse/jetty/jetty-server/9.4.44.v20210927/jetty-server-9.4.44.v20210927.jar:/home/alex/.m2/repository/javax/servlet/javax.servlet-api/3.1.0/javax.servlet-api-3.1.0.jar:/home/alex/.m2/repository/org/eclipse/jetty/jetty-http/9.4.44.v20210927/jetty-http-9.4.44.v20210927.jar:/home/alex/.m2/repository/org/eclipse/jetty/jetty-util/9.4.44.v20210927/jetty-util-9.4.44.v20210927.jar:/home/alex/.m2/repository/org/eclipse/jetty/jetty-io/9.4.44.v20210927/jetty-io-9.4.44.v20210927.jar:/home/alex/.m2/repository/org/eclipse/jetty/jetty-servlet/9.4.44.v20210927/jetty-servlet-9.4.44.v20210927.jar:/home/alex/.m2/repository/org/eclipse/jetty/jetty-security/9.4.44.v20210927/jetty-security-9.4.44.v20210927.jar:/home/alex/.m2/repository/org/eclipse/jetty/jetty-util-ajax/9.4.44.v20210927/jetty-util-ajax-9.4.44.v20210927.jar:/home/alex/.m2/repository/com/squareup/okhttp3/okhttp/3.12.3/okhttp-3.12.3.jar:/home/alex/.m2/repository/com/squareup/okio/okio/1.15.0/okio-1.15.0.jar:/home/alex/.m2/repository/commons-io/commons-io/2.10.0/commons-io-2.10.0.jar:/home/alex/.m2/repository/junit/junit/4.13.2/junit-4.13.2.jar:/home/alex/.m2/repository/org/hamcrest/hamcrest-core/1.3/hamcrest-core-1.3.jar:/home/alex/.m2/repository/org/mockito/mockito-all/1.10.19/mockito-all-1.10.19.jar:/home/alex/.m2/repository/org/slf4j/slf4j-simple/1.7.32/slf4j-simple-1.7.32.jar:/home/alex/.m2/repository/org/junit/jupiter/junit-jupiter-api/5.7.2/junit-jupiter-api-5.7.2.jar:/home/alex/.m2/repository/org/apiguardian/apiguardian-api/1.1.0/apiguardian-api-1.1.0.jar:/home/alex/.m2/repository/org/opentest4j/opentest4j/1.2.0/opentest4j-1.2.0.jar:/home/alex/.m2/repository/org/junit/platform/junit-platform-commons/1.7.2/junit-platform-commons-1.7.2.jar:/home/alex/.m2/repository/org/junit/jupiter/junit-jupiter-engine/5.7.2/junit-jupiter-engine-5.7.2.jar:/home/alex/.m2/repository/org/junit/platform/junit-platform-engine/1.7.2/junit-platform-engine-1.7.2.jar:/home/alex/.m2/repository/org/junit/vintage/junit-vintage-engine/5.7.2/junit-vintage-engine-5.7.2.jar:/home/alex/.m2/repository/org/junit/jupiter/junit-jupiter-params/5.7.2/junit-jupiter-params-5.7.2.jar:/home/alex/.m2/repository/org/mockito/mockito-core/3.11.2/mockito-core-3.11.2.jar:/home/alex/.m2/repository/net/bytebuddy/byte-buddy/1.11.3/byte-buddy-1.11.3.jar:/home/alex/.m2/repository/net/bytebuddy/byte-buddy-agent/1.11.3/byte-buddy-agent-1.11.3.jar:/home/alex/.m2/repository/org/objenesis/objenesis/3.2/objenesis-3.2.jar:/home/alex/.m2/repository/org/mockito/mockito-junit-jupiter/3.11.2/mockito-junit-jupiter-3.11.2.jar:/home/alex/.m2/repository/org/codehaus/groovy/groovy-test/2.5.14/groovy-test-2.5.14.jar:/home/alex/.m2/repository/org/codehaus/groovy/groovy/2.5.14/groovy-2.5.14.jar:"/>
    <property name="java.vm.vendor" value="Private Build"/>
    <property name="sun.arch.data.model" value="64"/>
    <property name="java.vendor.url" value="http://java.oracle.com/"/>
    <property name="user.timezone" value="Europe/Lisbon"/>
    <property name="java.vm.specification.version" value="1.8"/>
    <property name="os.name" value="Linux"/>
    <property name="user.country" value="US"/>
    <property name="sun.java.launcher" value="SUN_STANDARD"/>
    <property name="sun.boot.library.path" value="/usr/lib/jvm/java-8-openjdk-amd64/jre/lib/amd64"/>
    <property name="sun.java.command" value="/home/alex/Repositories/nifi/minifi/minifi-bootstrap/target/surefire/surefirebooter1399131410026549556.jar /home/alex/Repositories/nifi/minifi/minifi-bootstrap/target/surefire 2024-05-02T04-10-31_566-jvmRun1 surefire1508603942029864494tmp surefire_1828834002876923613034tmp"/>
    <property name="surefire.test.class.path" value="/home/alex/Repositories/nifi/minifi/minifi-bootstrap/target/test-classes:/home/alex/Repositories/nifi/minifi/minifi-bootstrap/target/classes:/home/alex/.m2/repository/org/slf4j/slf4j-api/1.7.32/slf4j-api-1.7.32.jar:/home/alex/.m2/repository/ch/qos/logback/logback-classic/1.2.6/logback-classic-1.2.6.jar:/home/alex/.m2/repository/ch/qos/logback/logback-core/1.2.6/logback-core-1.2.6.jar:/home/alex/Repositories/nifi/nifi-api/target/classes:/home/alex/Repositories/nifi/nifi-commons/nifi-bootstrap-utils/target/classes:/home/alex/.m2/repository/net/java/dev/jna/jna-platform/4.4.0/jna-platform-4.4.0.jar:/home/alex/.m2/repository/net/java/dev/jna/jna/4.4.0/jna-4.4.0.jar:/home/alex/Repositories/nifi/nifi-nar-bundles/nifi-extension-utils/nifi-processor-utils/target/classes:/home/alex/Repositories/nifi/nifi-commons/nifi-security-socket-ssl/target/classes:/home/alex/.m2/repository/org/apache/commons/commons-lang3/3.9/commons-lang3-3.9.jar:/home/alex/.m2/repository/com/fasterxml/jackson/core/jackson-databind/2.12.3/jackson-databind-2.12.3.jar:/home/alex/.m2/repository/com/fasterxml/jackson/core/jackson-annotations/2.12.3/jackson-annotations-2.12.3.jar:/home/alex/.m2/repository/com/fasterxml/jackson/core/jackson-core/2.12.3/jackson-core-2.12.3.jar:/home/alex/Repositories/nifi/nifi-nar-bundles/nifi-standard-services/nifi-record-serialization-service-api/target/classes:/home/alex/Repositories/nifi/nifi-commons/nifi-record/target/classes:/home/alex/Repositories/nifi/nifi-nar-bundles/nifi-extension-utils/nifi-event-transport/target/classes:/home/alex/.m2/repository/io/netty/netty-handler/4.1.69.Final/netty-handler-4.1.69.Final.jar:/home/alex/.m2/repository/io/netty/netty-common/4.1.69.Final/netty-common-4.1.69.Final.jar:/home/alex/.m2/repository/io/netty/netty-resolver/4.1.69.Final/netty-resolver-4.1.69.Final.jar:/home/alex/.m2/repository/io/netty/netty-buffer/4.1.69.Final/netty-buffer-4.1.69.Final.jar:/home/alex/.m2/repository/io/netty/netty-transport/4.1.69.Final/netty-transport-4.1.69.Final.jar:/home/alex/.m2/repository/io/netty/netty-codec/4.1.69.Final/netty-codec-4.1.69.Final.jar:/home/alex/Repositories/nifi/nifi-commons/nifi-expression-language/target/classes:/home/alex/.m2/repository/org/antlr/antlr-runtime/3.5.2/antlr-runtime-3.5.2.jar:/home/alex/Repositories/nifi/nifi-commons/nifi-parameter/target/classes:/home/alex/Repositories/nifi/nifi-commons/nifi-uuid5/target/classes:/home/alex/.m2/repository/com/jayway/jsonpath/json-path/2.6.0/json-path-2.6.0.jar:/home/alex/.m2/repository/net/minidev/json-smart/2.4.7/json-smart-2.4.7.jar:/home/alex/.m2/repository/net/minidev/accessors-smart/2.4.7/accessors-smart-2.4.7.jar:/home/alex/.m2/repository/org/ow2/asm/asm/9.1/asm-9.1.jar:/home/alex/.m2/repository/org/apache/commons/commons-text/1.8/commons-text-1.8.jar:/home/alex/.m2/repository/commons-codec/commons-codec/1.10/commons-codec-1.10.jar:/home/alex/Repositories/nifi/minifi/minifi-commons/minifi-utils/target/classes:/home/alex/Repositories/nifi/nifi-commons/nifi-utils/target/classes:/home/alex/Repositories/nifi/nifi-commons/nifi-properties/target/classes:/home/alex/Repositories/nifi/nifi-commons/nifi-property-utils/target/classes:/home/alex/.m2/repository/org/yaml/snakeyaml/1.29/snakeyaml-1.29.jar:/home/alex/Repositories/nifi/minifi/minifi-commons/minifi-commons-schema/target/classes:/home/alex/.m2/repository/org/eclipse/jetty/jetty-server/9.4.44.v20210927/jetty-server-9.4.44.v20210927.jar:/home/alex/.m2/repository/javax/servlet/javax.servlet-api/3.1.0/javax.servlet-api-3.1.0.jar:/home/alex/.m2/repository/org/eclipse/jetty/jetty-http/9.4.44.v20210927/jetty-http-9.4.44.v20210927.jar:/home/alex/.m2/repository/org/eclipse/jetty/jetty-util/9.4.44.v20210927/jetty-util-9.4.44.v20210927.jar:/home/alex/.m2/repository/org/eclipse/jetty/jetty-io/9.4.44.v20210927/jetty-io-9.4.44.v20210927.jar:/home/alex/.m2/repository/org/eclipse/jetty/jetty-servlet/9.4.44.v20210927/jetty-servlet-9.4.44.v20210927.jar:/home/alex/.m2/repository/org/eclipse/jetty/jetty-security/9.4.44.v20210927/jetty-security-9.4.44.v20210927.jar:/home/alex/.m2/repository/org/eclipse/jetty/jetty-util-ajax/9.4.44.v20210927/jetty-util-ajax-9.4.44.v20210927.jar:/home/alex/.m2/repository/com/squareup/okhttp3/okhttp/3.12.3/okhttp-3.12.3.jar:/home/alex/.m2/repository/com/squareup/okio/okio/1.15.0/okio-1.15.0.jar:/home/alex/.m2/repository/commons-io/commons-io/2.10.0/commons-io-2.10.0.jar:/home/alex/.m2/repository/junit/junit/4.13.2/junit-4.13.2.jar:/home/alex/.m2/repository/org/hamcrest/hamcrest-core/1.3/hamcrest-core-1.3.jar:/home/alex/.m2/repository/org/mockito/mockito-all/1.10.19/mockito-all-1.10.19.jar:/home/alex/.m2/repository/org/slf4j/slf4j-simple/1.7.32/slf4j-simple-1.7.32.jar:/home/alex/.m2/repository/org/junit/jupiter/junit-jupiter-api/5.7.2/junit-jupiter-api-5.7.2.jar:/home/alex/.m2/repository/org/apiguardian/apiguardian-api/1.1.0/apiguardian-api-1.1.0.jar:/home/alex/.m2/repository/org/opentest4j/opentest4j/1.2.0/opentest4j-1.2.0.jar:/home/alex/.m2/repository/org/junit/platform/junit-platform-commons/1.7.2/junit-platform-commons-1.7.2.jar:/home/alex/.m2/repository/org/junit/jupiter/junit-jupiter-engine/5.7.2/junit-jupiter-engine-5.7.2.jar:/home/alex/.m2/repository/org/junit/platform/junit-platform-engine/1.7.2/junit-platform-engine-1.7.2.jar:/home/alex/.m2/repository/org/junit/vintage/junit-vintage-engine/5.7.2/junit-vintage-engine-5.7.2.jar:/home/alex/.m2/repository/org/junit/jupiter/junit-jupiter-params/5.7.2/junit-jupiter-params-5.7.2.jar:/home/alex/.m2/repository/org/mockito/mockito-core/3.11.2/mockito-core-3.11.2.jar:/home/alex/.m2/repository/net/bytebuddy/byte-buddy/1.11.3/byte-buddy-1.11.3.jar:/home/alex/.m2/repository/net/bytebuddy/byte-buddy-agent/1.11.3/byte-buddy-agent-1.11.3.jar:/home/alex/.m2/repository/org/objenesis/objenesis/3.2/objenesis-3.2.jar:/home/alex/.m2/repository/org/mockito/mockito-junit-jupiter/3.11.2/mockito-junit-jupiter-3.11.2.jar:/home/alex/.m2/repository/org/codehaus/groovy/groovy-test/2.5.14/groovy-test-2.5.14.jar:/home/alex/.m2/repository/org/codehaus/groovy/groovy/2.5.14/groovy-2.5.14.jar:"/>
    <property name="sun.cpu.endian" value="little"/>
    <property name="user.home" value="/home/alex"/>
    <property name="user.language" value="en"/>
    <property name="java.specification.vendor" value="Oracle Corporation"/>
    <property name="java.home" value="/usr/lib/jvm/java-8-openjdk-amd64/jre"/>
    <property name="basedir" value="/home/alex/Repositories/nifi/minifi/minifi-bootstrap"/>
    <property name="file.separator" value="/"/>
    <property name="line.separator" value="&#10;"/>
    <property name="java.vm.specification.vendor" value="Oracle Corporation"/>
    <property name="java.specification.name" value="Java Platform API Specification"/>
    <property name="java.awt.graphicsenv" value="sun.awt.X11GraphicsEnvironment"/>
    <property name="java.awt.headless" value="true"/>
    <property name="surefire.real.class.path" value="/home/alex/Repositories/nifi/minifi/minifi-bootstrap/target/surefire/surefirebooter1399131410026549556.jar"/>
    <property name="sun.boot.class.path" value="/usr/lib/jvm/java-8-openjdk-amd64/jre/lib/resources.jar:/usr/lib/jvm/java-8-openjdk-amd64/jre/lib/rt.jar:/usr/lib/jvm/java-8-openjdk-amd64/jre/lib/sunrsasign.jar:/usr/lib/jvm/java-8-openjdk-amd64/jre/lib/jsse.jar:/usr/lib/jvm/java-8-openjdk-amd64/jre/lib/jce.jar:/usr/lib/jvm/java-8-openjdk-amd64/jre/lib/charsets.jar:/usr/lib/jvm/java-8-openjdk-amd64/jre/lib/jfr.jar:/usr/lib/jvm/java-8-openjdk-amd64/jre/classes"/>
    <property name="sun.management.compiler" value="HotSpot 64-Bit Tiered Compilers"/>
    <property name="java.runtime.version" value="1.8.0_402-8u402-ga-2ubuntu1~22.04-b06"/>
    <property name="java.net.preferIPv4Stack" value="true"/>
    <property name="user.name" value="alex"/>
    <property name="path.separator" value=":"/>
    <property name="os.version" value="6.5.0-28-generic"/>
    <property name="java.endorsed.dirs" value="/usr/lib/jvm/java-8-openjdk-amd64/jre/lib/endorsed"/>
    <property name="java.runtime.name" value="OpenJDK Runtime Environment"/>
    <property name="file.encoding" value="UTF-8"/>
    <property name="java.vm.name" value="OpenJDK 64-Bit Server VM"/>
    <property name="localRepository" value="/home/alex/.m2/repository"/>
    <property name="java.vendor.url.bug" value="http://bugreport.sun.com/bugreport/"/>
    <property name="jetty.git.hash" value="8da83308eeca865e495e53ef315a249d63ba9332"/>
    <property name="java.io.tmpdir" value="/tmp"/>
    <property name="java.version" value="1.8.0_402"/>
    <property name="user.dir" value="/home/alex/Repositories/nifi/minifi/minifi-bootstrap"/>
    <property name="os.arch" value="amd64"/>
    <property name="java.vm.specification.name" value="Java Virtual Machine Specification"/>
    <property name="java.awt.printerjob" value="sun.print.PSPrinterJob"/>
    <property name="sun.os.patch.level" value="unknown"/>
    <property name="java.library.path" value="/usr/java/packages/lib/amd64:/usr/lib/x86_64-linux-gnu/jni:/lib/x86_64-linux-gnu:/usr/lib/x86_64-linux-gnu:/usr/lib/jni:/lib:/usr/lib"/>
    <property name="java.vm.info" value="mixed mode"/>
    <property name="java.vendor" value="Private Build"/>
    <property name="java.vm.version" value="25.402-b06"/>
    <property name="java.specification.maintenance.version" value="5"/>
    <property name="java.ext.dirs" value="/usr/lib/jvm/java-8-openjdk-amd64/jre/lib/ext:/usr/java/packages/lib/ext"/>
    <property name="sun.io.unicode.encoding" value="UnicodeLittle"/>
    <property name="java.class.version" value="52.0"/>
  </properties>
  <testcase name="testGet" classname="org.apache.nifi.minifi.bootstrap.configuration.ingestors.RestChangeIngestorSSLTest" time="0.143">
    <system-out><![CDATA[04:29:51.594 [main] DEBUG org.eclipse.jetty.util.component.ContainerLifeCycle - QueuedThreadPool[qtp1221981006]@48d5f34e{STOPPED,8<=0<=200,i=0,r=-1,q=0}[NO_TRY] added {org.eclipse.jetty.util.thread.ThreadPoolBudget@fc258b1,POJO}
04:29:51.594 [main] DEBUG org.eclipse.jetty.util.component.ContainerLifeCycle - Server@6ff65192{STOPPED}[9.4.44.v20210927] added {QueuedThreadPool[qtp1221981006]@48d5f34e{STOPPED,8<=0<=200,i=0,r=-1,q=0}[NO_TRY],AUTO}
04:29:51.595 [main] INFO org.apache.nifi.minifi.bootstrap.configuration.ingestors.RestChangeIngestor - Initializing
04:29:51.607 [main] DEBUG org.eclipse.jetty.util.component.ContainerLifeCycle - HttpConnectionFactory@1d131e1b[HTTP/1.1] added {HttpConfiguration@71cf1b07{32768/8192,8192/8192,https://:0,[]},POJO}
04:29:51.609 [main] DEBUG org.eclipse.jetty.util.component.ContainerLifeCycle - SslConnectionFactory@260e86a1{SSL->HTTP/1.1} added {SslContextFactory@19648c40[provider=null,keyStore=file:///home/alex/Repositories/nifi/minifi/minifi-bootstrap/src/test/resources/localhost-ks.jks,trustStore=file:///home/alex/Repositories/nifi/minifi/minifi-bootstrap/src/test/resources/localhost-ts.jks],AUTO}
04:29:51.609 [main] DEBUG org.eclipse.jetty.util.component.ContainerLifeCycle - ServerConnector@12bd8a64{null, ()}{0.0.0.0:0} added {Server@6ff65192{STOPPED}[9.4.44.v20210927],UNMANAGED}
04:29:51.609 [main] DEBUG org.eclipse.jetty.util.component.ContainerLifeCycle - ServerConnector@12bd8a64{null, ()}{0.0.0.0:0} added {QueuedThreadPool[qtp1221981006]@48d5f34e{STOPPED,8<=0<=200,i=0,r=-1,q=0}[NO_TRY],AUTO}
04:29:51.610 [main] DEBUG org.eclipse.jetty.util.component.ContainerLifeCycle - ServerConnector@12bd8a64{null, ()}{0.0.0.0:0} added {ScheduledExecutorScheduler@61e94def{STOPPED},AUTO}
04:29:51.610 [main] DEBUG org.eclipse.jetty.util.component.ContainerLifeCycle - ServerConnector@12bd8a64{null, ()}{0.0.0.0:0} added {org.eclipse.jetty.io.ArrayByteBufferPool@3300f4fd,POJO}
04:29:51.610 [main] DEBUG org.eclipse.jetty.util.component.ContainerLifeCycle - ServerConnector@12bd8a64{null, (ssl)}{0.0.0.0:0} added {SslConnectionFactory@260e86a1{SSL->HTTP/1.1},AUTO}
04:29:51.610 [main] DEBUG org.eclipse.jetty.server.AbstractConnector - ServerConnector@12bd8a64{SSL, (ssl)}{0.0.0.0:0} added SslConnectionFactory@260e86a1{SSL->HTTP/1.1}
04:29:51.610 [main] DEBUG org.eclipse.jetty.util.component.ContainerLifeCycle - ServerConnector@12bd8a64{SSL, (ssl, http/1.1)}{0.0.0.0:0} added {HttpConnectionFactory@1d131e1b[HTTP/1.1],AUTO}
04:29:51.610 [main] DEBUG org.eclipse.jetty.server.AbstractConnector - ServerConnector@12bd8a64{SSL, (ssl, http/1.1)}{0.0.0.0:0} added HttpConnectionFactory@1d131e1b[HTTP/1.1]
04:29:51.610 [main] DEBUG org.eclipse.jetty.util.component.ContainerLifeCycle - ServerConnector@12bd8a64{SSL, (ssl, http/1.1)}{0.0.0.0:0} added {SelectorManager@ServerConnector@12bd8a64{SSL, (ssl, http/1.1)}{0.0.0.0:0},MANAGED}
04:29:51.610 [main] DEBUG org.eclipse.jetty.util.component.ContainerLifeCycle - Server@6ff65192{STOPPED}[9.4.44.v20210927] added {ServerConnector@12bd8a64{SSL, (ssl, http/1.1)}{localhost:0},AUTO}
04:29:51.610 [main] INFO org.apache.nifi.minifi.bootstrap.configuration.ingestors.RestChangeIngestor - Added an https connector on the host 'localhost' and port '0'
04:29:51.610 [main] DEBUG org.eclipse.jetty.util.component.ContainerLifeCycle - HandlerCollection@ebb6851{STOPPED} added {JettyHandler@70ab2d48{STOPPED},AUTO}
04:29:51.610 [main] DEBUG org.eclipse.jetty.util.component.ContainerLifeCycle - Server@6ff65192{STOPPED}[9.4.44.v20210927] added {HandlerCollection@ebb6851{STOPPED},MANAGED}
04:29:51.610 [main] DEBUG org.eclipse.jetty.util.component.AbstractLifeCycle - starting Server@6ff65192{STOPPED}[9.4.44.v20210927]
04:29:51.610 [main] DEBUG org.eclipse.jetty.util.component.ContainerLifeCycle - Server@6ff65192{STARTING}[9.4.44.v20210927] added {ErrorHandler@5b068087{STOPPED},AUTO}
04:29:51.610 [main] INFO org.eclipse.jetty.server.Server - jetty-9.4.44.v20210927; built: 2021-09-27T23:02:44.612Z; git: 8da83308eeca865e495e53ef315a249d63ba9332; jvm 1.8.0_402-8u402-ga-2ubuntu1~22.04-b06
04:29:51.610 [main] DEBUG org.eclipse.jetty.server.handler.AbstractHandler - starting Server@6ff65192{STARTING}[9.4.44.v20210927]
04:29:51.611 [main] DEBUG org.eclipse.jetty.util.component.AbstractLifeCycle - starting QueuedThreadPool[qtp1221981006]@48d5f34e{STOPPED,8<=0<=200,i=0,r=-1,q=0}[NO_TRY]
04:29:51.611 [main] DEBUG org.eclipse.jetty.util.thread.ReservedThreadExecutor - ReservedThreadExecutor@6f152006{reserved=0/8,pending=0}
04:29:51.611 [main] DEBUG org.eclipse.jetty.util.component.ContainerLifeCycle - QueuedThreadPool[qtp1221981006]@48d5f34e{STARTING,8<=0<=200,i=0,r=-1,q=0}[ReservedThreadExecutor@6f152006{reserved=0/8,pending=0}] added {ReservedThreadExecutor@6f152006{reserved=0/8,pending=0},AUTO}
04:29:51.611 [main] DEBUG org.eclipse.jetty.util.component.AbstractLifeCycle - starting ReservedThreadExecutor@6f152006{reserved=0/8,pending=0}
04:29:51.611 [main] DEBUG org.eclipse.jetty.util.component.AbstractLifeCycle - STARTED @3612ms ReservedThreadExecutor@6f152006{reserved=0/8,pending=0}
04:29:51.611 [main] DEBUG org.eclipse.jetty.util.thread.QueuedThreadPool - Starting Thread[qtp1221981006-45,5,main]
04:29:51.611 [main] DEBUG org.eclipse.jetty.util.thread.QueuedThreadPool - Starting Thread[qtp1221981006-46,5,main]
04:29:51.611 [qtp1221981006-45] DEBUG org.eclipse.jetty.util.thread.QueuedThreadPool - Runner started for QueuedThreadPool[qtp1221981006]@48d5f34e{STARTING,8<=2<=200,i=2,r=-1,q=0}[ReservedThreadExecutor@6f152006{reserved=0/8,pending=0}]
04:29:51.620 [main] DEBUG org.eclipse.jetty.util.thread.QueuedThreadPool - Starting Thread[qtp1221981006-47,5,main]
04:29:51.621 [qtp1221981006-46] DEBUG org.eclipse.jetty.util.thread.QueuedThreadPool - Runner started for QueuedThreadPool[qtp1221981006]@48d5f34e{STARTING,8<=3<=200,i=3,r=-1,q=0}[ReservedThreadExecutor@6f152006{reserved=0/8,pending=0}]
04:29:51.621 [main] DEBUG org.eclipse.jetty.util.thread.QueuedThreadPool - Starting Thread[qtp1221981006-48,5,main]
04:29:51.621 [qtp1221981006-47] DEBUG org.eclipse.jetty.util.thread.QueuedThreadPool - Runner started for QueuedThreadPool[qtp1221981006]@48d5f34e{STARTING,8<=4<=200,i=4,r=-1,q=0}[ReservedThreadExecutor@6f152006{reserved=0/8,pending=0}]
04:29:51.621 [main] DEBUG org.eclipse.jetty.util.thread.QueuedThreadPool - Starting Thread[qtp1221981006-49,5,main]
04:29:51.621 [qtp1221981006-48] DEBUG org.eclipse.jetty.util.thread.QueuedThreadPool - Runner started for QueuedThreadPool[qtp1221981006]@48d5f34e{STARTING,8<=5<=200,i=5,r=-1,q=0}[ReservedThreadExecutor@6f152006{reserved=0/8,pending=0}]
04:29:51.621 [main] DEBUG org.eclipse.jetty.util.thread.QueuedThreadPool - Starting Thread[qtp1221981006-50,5,main]
04:29:51.621 [qtp1221981006-49] DEBUG org.eclipse.jetty.util.thread.QueuedThreadPool - Runner started for QueuedThreadPool[qtp1221981006]@48d5f34e{STARTING,8<=6<=200,i=6,r=-1,q=0}[ReservedThreadExecutor@6f152006{reserved=0/8,pending=0}]
04:29:51.621 [main] DEBUG org.eclipse.jetty.util.thread.QueuedThreadPool - Starting Thread[qtp1221981006-51,5,main]
04:29:51.621 [qtp1221981006-50] DEBUG org.eclipse.jetty.util.thread.QueuedThreadPool - Runner started for QueuedThreadPool[qtp1221981006]@48d5f34e{STARTING,8<=7<=200,i=7,r=-1,q=0}[ReservedThreadExecutor@6f152006{reserved=0/8,pending=0}]
04:29:51.621 [main] DEBUG org.eclipse.jetty.util.thread.QueuedThreadPool - Starting Thread[qtp1221981006-52,5,main]
04:29:51.621 [qtp1221981006-51] DEBUG org.eclipse.jetty.util.thread.QueuedThreadPool - Runner started for QueuedThreadPool[qtp1221981006]@48d5f34e{STARTING,8<=8<=200,i=8,r=-1,q=0}[ReservedThreadExecutor@6f152006{reserved=0/8,pending=0}]
04:29:51.621 [main] DEBUG org.eclipse.jetty.util.component.AbstractLifeCycle - STARTED @3622ms QueuedThreadPool[qtp1221981006]@48d5f34e{STARTED,8<=8<=200,i=8,r=-1,q=0}[ReservedThreadExecutor@6f152006{reserved=0/8,pending=0}]
04:29:51.621 [qtp1221981006-52] DEBUG org.eclipse.jetty.util.thread.QueuedThreadPool - Runner started for QueuedThreadPool[qtp1221981006]@48d5f34e{STARTED,8<=8<=200,i=8,r=-1,q=0}[ReservedThreadExecutor@6f152006{reserved=0/8,pending=0}]
04:29:51.621 [main] DEBUG org.eclipse.jetty.util.component.AbstractLifeCycle - starting HandlerCollection@ebb6851{STOPPED}
04:29:51.621 [main] DEBUG org.eclipse.jetty.server.handler.AbstractHandler - starting HandlerCollection@ebb6851{STARTING}
04:29:51.621 [main] DEBUG org.eclipse.jetty.util.component.AbstractLifeCycle - starting JettyHandler@70ab2d48{STOPPED}
04:29:51.621 [main] DEBUG org.eclipse.jetty.server.handler.AbstractHandler - starting JettyHandler@70ab2d48{STARTING}
04:29:51.621 [main] DEBUG org.eclipse.jetty.util.component.AbstractLifeCycle - STARTED @3623ms JettyHandler@70ab2d48{STARTED}
04:29:51.621 [main] DEBUG org.eclipse.jetty.util.component.AbstractLifeCycle - STARTED @3623ms HandlerCollection@ebb6851{STARTED}
04:29:51.622 [main] DEBUG org.eclipse.jetty.util.component.AbstractLifeCycle - starting ErrorHandler@5b068087{STOPPED}
04:29:51.622 [main] DEBUG org.eclipse.jetty.server.handler.AbstractHandler - starting ErrorHandler@5b068087{STARTING}
04:29:51.622 [main] DEBUG org.eclipse.jetty.util.component.AbstractLifeCycle - STARTED @3623ms ErrorHandler@5b068087{STARTED}
04:29:51.622 [main] DEBUG org.eclipse.jetty.util.component.AbstractLifeCycle - starting ServerConnector@12bd8a64{SSL, (ssl, http/1.1)}{localhost:0}
04:29:51.622 [main] DEBUG org.eclipse.jetty.util.component.ContainerLifeCycle - ServerConnector@12bd8a64{SSL, (ssl, http/1.1)}{localhost:42597} added {sun.nio.ch.ServerSocketChannelImpl[/127.0.0.1:42597],POJO}
04:29:51.622 [main] DEBUG org.eclipse.jetty.util.component.AbstractLifeCycle - starting ScheduledExecutorScheduler@61e94def{STOPPED}
04:29:51.622 [main] DEBUG org.eclipse.jetty.util.component.AbstractLifeCycle - STARTED @3623ms ScheduledExecutorScheduler@61e94def{STARTED}
04:29:51.622 [main] DEBUG org.eclipse.jetty.util.component.AbstractLifeCycle - starting SslConnectionFactory@260e86a1{SSL->HTTP/1.1}
04:29:51.622 [main] DEBUG org.eclipse.jetty.util.component.AbstractLifeCycle - starting SslContextFactory@19648c40[provider=null,keyStore=file:///home/alex/Repositories/nifi/minifi/minifi-bootstrap/src/test/resources/localhost-ks.jks,trustStore=file:///home/alex/Repositories/nifi/minifi/minifi-bootstrap/src/test/resources/localhost-ts.jks]
04:29:51.636 [main] DEBUG org.eclipse.jetty.util.ssl.SslContextFactory - Skipping [
[
  Version: V3
  Subject: CN=localhost, OU=Apache NiFi, O=Apache, L=Santa Monica, ST=CA, C=US
  Signature Algorithm: SHA256withRSA, OID = 1.2.840.113549.1.1.11

  Key:  Sun RSA public key, 2048 bits
  params: null
  modulus: 30814356967964143889979985530055364514699394643854733747998343669441470253519148017443938086010371890735549349346219651337818702185332874291515054870079563226954918193849616960862684868242286307978102369612841123949572244550174312189783512432514374223942259755501453758648376374577329063158223919569981746956302768359932779930568567551025861141698242321770321797245641831546024352966190839853333380405862111836548816513307103278129669977363291361980989435025931448076674220589578916708474451915467598527744638059964817414583177679616410437042552549854073395960578135618251112100328624274333297476918645698689757444387
  public exponent: 65537
  Validity: [From: Wed Sep 11 16:38:57 WEST 2019,
               To: Thu Sep 10 16:38:57 WEST 2020]
  Issuer: CN=localhost, OU=Apache NiFi, O=Apache, L=Santa Monica, ST=CA, C=US
  SerialNumber: [    5d791511]

Certificate Extensions: 2
[1]: ObjectId: 2.5.29.15 Criticality=false
KeyUsage [
  DigitalSignature
  Non_repudiation
  Key_Encipherment
  Data_Encipherment
  Key_Agreement
  Key_CertSign
]

[2]: ObjectId: 2.5.29.17 Criticality=false
SubjectAlternativeName [
  DNSName: localhost
]

]
  Algorithm: [SHA256withRSA]
  Signature:
0000: BD 60 51 3B 2B 7F 6A 1F   07 27 5B 95 90 71 12 AA  .`Q;+.j..'[..q..
0010: E2 51 88 19 F1 3D BF D9   70 36 DE BE 2E D0 E6 CB  .Q...=..p6......
0020: F9 37 23 D4 B2 67 1D FA   F6 06 D0 05 A4 C4 D8 BF  .7#..g..........
0030: 25 30 00 BC 98 A7 DC 41   D4 42 76 94 DB AD 9B DD  %0.....A.Bv.....
0040: E8 4A DA 97 40 4D 22 7F   8A B2 D2 F8 08 28 76 9F  .J..@M"......(v.
0050: AF 21 73 EC 37 D2 F2 3B   96 20 AE 8B E0 F8 F7 E9  .!s.7..;. ......
0060: E8 22 85 21 82 19 0F D1   C5 8A BE 7C CC FE D7 6F  .".!...........o
0070: A9 4E 62 69 45 A5 2D 50   33 31 06 6A 0F 61 1E F7  .NbiE.-P31.j.a..
0080: 8D 9F 60 68 D7 61 D6 32   25 64 43 76 B1 1B 7A 21  ..`h.a.2%dCv..z!
0090: 59 6F A3 FA BC D5 A9 28   6C A8 EF 30 F2 67 5E 1D  Yo.....(l..0.g^.
00A0: B9 AD A0 03 53 6E 83 6D   C4 CE CE 0C 66 10 73 39  ....Sn.m....f.s9
00B0: CE 73 1D BD 4D 8C 13 18   84 E7 E5 41 97 68 C1 53  .s..M......A.h.S
00C0: 81 CD B5 40 25 73 EC 05   E4 23 01 BA 4D 20 78 6B  ...@%s...#..M xk
00D0: 84 14 EB FF F2 82 AD 99   1F B9 34 99 3B BD 1D 3E  ..........4.;..>
00E0: 1B 14 48 1E E6 ED F9 7B   82 EE 15 33 57 CE B3 44  ..H........3W..D
00F0: 86 C7 F4 99 89 34 CE F3   88 BB AC F6 35 F2 80 59  .....4......5..Y

]
04:29:51.637 [main] DEBUG org.eclipse.jetty.util.ssl.X509 - Certificate CN alias=mykey CN=localhost in X509@44e3a2b2(mykey,h=[],a=[],w=[])
04:29:51.637 [main] INFO org.eclipse.jetty.util.ssl.SslContextFactory - x509=X509@44e3a2b2(mykey,h=[localhost],a=[],w=[]) for SslContextFactory@19648c40[provider=null,keyStore=file:///home/alex/Repositories/nifi/minifi/minifi-bootstrap/src/test/resources/localhost-ks.jks,trustStore=file:///home/alex/Repositories/nifi/minifi/minifi-bootstrap/src/test/resources/localhost-ts.jks]
04:29:51.641 [main] DEBUG org.eclipse.jetty.util.ssl.SslContextFactory - managers=[sun.security.ssl.SunX509KeyManagerImpl@4c550889] for SslContextFactory@19648c40[provider=null,keyStore=file:///home/alex/Repositories/nifi/minifi/minifi-bootstrap/src/test/resources/localhost-ks.jks,trustStore=file:///home/alex/Repositories/nifi/minifi/minifi-bootstrap/src/test/resources/localhost-ts.jks]
04:29:51.649 [main] DEBUG org.eclipse.jetty.util.ssl.SslContextFactory - Selected Protocols [TLSv1.3, TLSv1.2] of [TLSv1.3, TLSv1.2, TLSv1.1, TLSv1, SSLv3, SSLv2Hello]
04:29:51.649 [main] DEBUG org.eclipse.jetty.util.ssl.SslContextFactory - Selected Ciphers   [TLS_AES_256_GCM_SHA384, TLS_AES_128_GCM_SHA256, TLS_ECDHE_ECDSA_WITH_AES_256_GCM_SHA384, TLS_ECDHE_ECDSA_WITH_AES_128_GCM_SHA256, TLS_ECDHE_RSA_WITH_AES_256_GCM_SHA384, TLS_ECDHE_RSA_WITH_AES_128_GCM_SHA256, TLS_DHE_RSA_WITH_AES_256_GCM_SHA384, TLS_DHE_DSS_WITH_AES_256_GCM_SHA384, TLS_DHE_RSA_WITH_AES_128_GCM_SHA256, TLS_DHE_DSS_WITH_AES_128_GCM_SHA256, TLS_ECDHE_ECDSA_WITH_AES_256_CBC_SHA384, TLS_ECDHE_RSA_WITH_AES_256_CBC_SHA384, TLS_ECDHE_ECDSA_WITH_AES_128_CBC_SHA256, TLS_ECDHE_RSA_WITH_AES_128_CBC_SHA256, TLS_DHE_RSA_WITH_AES_256_CBC_SHA256, TLS_DHE_DSS_WITH_AES_256_CBC_SHA256, TLS_DHE_RSA_WITH_AES_128_CBC_SHA256, TLS_DHE_DSS_WITH_AES_128_CBC_SHA256, TLS_ECDH_ECDSA_WITH_AES_256_GCM_SHA384, TLS_ECDH_RSA_WITH_AES_256_GCM_SHA384, TLS_ECDH_ECDSA_WITH_AES_128_GCM_SHA256, TLS_ECDH_RSA_WITH_AES_128_GCM_SHA256, TLS_ECDH_ECDSA_WITH_AES_256_CBC_SHA384, TLS_ECDH_RSA_WITH_AES_256_CBC_SHA384, TLS_ECDH_ECDSA_WITH_AES_128_CBC_SHA256, TLS_ECDH_RSA_WITH_AES_128_CBC_SHA256, TLS_EMPTY_RENEGOTIATION_INFO_SCSV] of [TLS_AES_256_GCM_SHA384, TLS_AES_128_GCM_SHA256, TLS_ECDHE_ECDSA_WITH_AES_256_GCM_SHA384, TLS_ECDHE_ECDSA_WITH_AES_128_GCM_SHA256, TLS_ECDHE_RSA_WITH_AES_256_GCM_SHA384, TLS_ECDHE_RSA_WITH_AES_128_GCM_SHA256, TLS_DHE_RSA_WITH_AES_256_GCM_SHA384, TLS_DHE_DSS_WITH_AES_256_GCM_SHA384, TLS_DHE_RSA_WITH_AES_128_GCM_SHA256, TLS_DHE_DSS_WITH_AES_128_GCM_SHA256, TLS_ECDHE_ECDSA_WITH_AES_256_CBC_SHA384, TLS_ECDHE_RSA_WITH_AES_256_CBC_SHA384, TLS_ECDHE_ECDSA_WITH_AES_128_CBC_SHA256, TLS_ECDHE_RSA_WITH_AES_128_CBC_SHA256, TLS_DHE_RSA_WITH_AES_256_CBC_SHA256, TLS_DHE_DSS_WITH_AES_256_CBC_SHA256, TLS_DHE_RSA_WITH_AES_128_CBC_SHA256, TLS_DHE_DSS_WITH_AES_128_CBC_SHA256, TLS_ECDH_ECDSA_WITH_AES_256_GCM_SHA384, TLS_ECDH_RSA_WITH_AES_256_GCM_SHA384, TLS_ECDH_ECDSA_WITH_AES_128_GCM_SHA256, TLS_ECDH_RSA_WITH_AES_128_GCM_SHA256, TLS_ECDH_ECDSA_WITH_AES_256_CBC_SHA384, TLS_ECDH_RSA_WITH_AES_256_CBC_SHA384, TLS_ECDH_ECDSA_WITH_AES_128_CBC_SHA256, TLS_ECDH_RSA_WITH_AES_128_CBC_SHA256, TLS_ECDHE_ECDSA_WITH_AES_256_CBC_SHA, TLS_ECDHE_RSA_WITH_AES_256_CBC_SHA, TLS_ECDHE_ECDSA_WITH_AES_128_CBC_SHA, TLS_ECDHE_RSA_WITH_AES_128_CBC_SHA, TLS_DHE_RSA_WITH_AES_256_CBC_SHA, TLS_DHE_DSS_WITH_AES_256_CBC_SHA, TLS_DHE_RSA_WITH_AES_128_CBC_SHA, TLS_DHE_DSS_WITH_AES_128_CBC_SHA, TLS_ECDH_ECDSA_WITH_AES_256_CBC_SHA, TLS_ECDH_RSA_WITH_AES_256_CBC_SHA, TLS_ECDH_ECDSA_WITH_AES_128_CBC_SHA, TLS_ECDH_RSA_WITH_AES_128_CBC_SHA, TLS_RSA_WITH_AES_256_GCM_SHA384, TLS_RSA_WITH_AES_128_GCM_SHA256, TLS_RSA_WITH_AES_256_CBC_SHA256, TLS_RSA_WITH_AES_128_CBC_SHA256, TLS_RSA_WITH_AES_256_CBC_SHA, TLS_RSA_WITH_AES_128_CBC_SHA, TLS_EMPTY_RENEGOTIATION_INFO_SCSV]
04:29:51.650 [main] DEBUG org.eclipse.jetty.util.ssl.SslContextFactory - Customize sun.security.ssl.SSLEngineImpl@68ead359
04:29:51.652 [main] DEBUG org.eclipse.jetty.util.component.AbstractLifeCycle - STARTED @3653ms SslContextFactory@19648c40[provider=null,keyStore=file:///home/alex/Repositories/nifi/minifi/minifi-bootstrap/src/test/resources/localhost-ks.jks,trustStore=file:///home/alex/Repositories/nifi/minifi/minifi-bootstrap/src/test/resources/localhost-ts.jks]
04:29:51.652 [main] DEBUG org.eclipse.jetty.util.ssl.SslContextFactory - Customize sun.security.ssl.SSLEngineImpl@424ebba3
04:29:51.652 [main] DEBUG org.eclipse.jetty.util.component.AbstractLifeCycle - STARTED @3653ms SslConnectionFactory@260e86a1{SSL->HTTP/1.1}
04:29:51.652 [main] DEBUG org.eclipse.jetty.util.component.AbstractLifeCycle - starting HttpConnectionFactory@1d131e1b[HTTP/1.1]
04:29:51.652 [main] DEBUG org.eclipse.jetty.util.component.AbstractLifeCycle - STARTED @3653ms HttpConnectionFactory@1d131e1b[HTTP/1.1]
04:29:51.652 [main] DEBUG org.eclipse.jetty.util.component.AbstractLifeCycle - starting SelectorManager@ServerConnector@12bd8a64{SSL, (ssl, http/1.1)}{localhost:42597}
04:29:51.652 [main] DEBUG org.eclipse.jetty.util.component.ContainerLifeCycle - EatWhatYouKill@37052337/SelectorProducer@2320fa6f/IDLE/p=false/QueuedThreadPool[qtp1221981006]@48d5f34e{STARTED,8<=8<=200,i=8,r=-1,q=0}[ReservedThreadExecutor@6f152006{reserved=0/8,pending=0}][pc=0,pic=0,pec=0,epc=0]@2024-05-02T04:29:51.652+01:00 added {SelectorProducer@2320fa6f,POJO}
04:29:51.652 [main] DEBUG org.eclipse.jetty.util.component.ContainerLifeCycle - EatWhatYouKill@37052337/SelectorProducer@2320fa6f/IDLE/p=false/QueuedThreadPool[qtp1221981006]@48d5f34e{STARTED,8<=8<=200,i=8,r=-1,q=0}[ReservedThreadExecutor@6f152006{reserved=0/8,pending=0}][pc=0,pic=0,pec=0,epc=0]@2024-05-02T04:29:51.652+01:00 added {QueuedThreadPool[qtp1221981006]@48d5f34e{STARTED,8<=8<=200,i=8,r=-1,q=0}[ReservedThreadExecutor@6f152006{reserved=0/8,pending=0}],UNMANAGED}
04:29:51.652 [main] DEBUG org.eclipse.jetty.util.thread.strategy.EatWhatYouKill - EatWhatYouKill@37052337/SelectorProducer@2320fa6f/IDLE/p=false/QueuedThreadPool[qtp1221981006]@48d5f34e{STARTED,8<=8<=200,i=8,r=-1,q=0}[ReservedThreadExecutor@6f152006{reserved=0/8,pending=0}][pc=0,pic=0,pec=0,epc=0]@2024-05-02T04:29:51.652+01:00 created
04:29:51.653 [main] DEBUG org.eclipse.jetty.util.component.ContainerLifeCycle - ManagedSelector@7a560583{STOPPED} id=0 keys=-1 selected=-1 updates=0 added {EatWhatYouKill@37052337/SelectorProducer@2320fa6f/IDLE/p=false/QueuedThreadPool[qtp1221981006]@48d5f34e{STARTED,8<=8<=200,i=8,r=-1,q=0}[ReservedThreadExecutor@6f152006{reserved=0/8,pending=0}][pc=0,pic=0,pec=0,epc=0]@2024-05-02T04:29:51.652+01:00,MANAGED}
04:29:51.653 [main] DEBUG org.eclipse.jetty.util.component.ContainerLifeCycle - SelectorManager@ServerConnector@12bd8a64{SSL, (ssl, http/1.1)}{localhost:42597} added {ManagedSelector@7a560583{STOPPED} id=0 keys=-1 selected=-1 updates=0,AUTO}
04:29:51.653 [main] DEBUG org.eclipse.jetty.util.component.ContainerLifeCycle - EatWhatYouKill@4d722ac9/SelectorProducer@53f0a4cb/IDLE/p=false/QueuedThreadPool[qtp1221981006]@48d5f34e{STARTED,8<=8<=200,i=8,r=-1,q=0}[ReservedThreadExecutor@6f152006{reserved=0/8,pending=0}][pc=0,pic=0,pec=0,epc=0]@2024-05-02T04:29:51.653+01:00 added {SelectorProducer@53f0a4cb,POJO}
04:29:51.653 [main] DEBUG org.eclipse.jetty.util.component.ContainerLifeCycle - EatWhatYouKill@4d722ac9/SelectorProducer@53f0a4cb/IDLE/p=false/QueuedThreadPool[qtp1221981006]@48d5f34e{STARTED,8<=8<=200,i=8,r=-1,q=0}[ReservedThreadExecutor@6f152006{reserved=0/8,pending=0}][pc=0,pic=0,pec=0,epc=0]@2024-05-02T04:29:51.653+01:00 added {QueuedThreadPool[qtp1221981006]@48d5f34e{STARTED,8<=8<=200,i=8,r=-1,q=0}[ReservedThreadExecutor@6f152006{reserved=0/8,pending=0}],UNMANAGED}
04:29:51.653 [main] DEBUG org.eclipse.jetty.util.thread.strategy.EatWhatYouKill - EatWhatYouKill@4d722ac9/SelectorProducer@53f0a4cb/IDLE/p=false/QueuedThreadPool[qtp1221981006]@48d5f34e{STARTED,8<=8<=200,i=8,r=-1,q=0}[ReservedThreadExecutor@6f152006{reserved=0/8,pending=0}][pc=0,pic=0,pec=0,epc=0]@2024-05-02T04:29:51.653+01:00 created
04:29:51.653 [main] DEBUG org.eclipse.jetty.util.component.ContainerLifeCycle - ManagedSelector@77a7cf58{STOPPED} id=1 keys=-1 selected=-1 updates=0 added {EatWhatYouKill@4d722ac9/SelectorProducer@53f0a4cb/IDLE/p=false/QueuedThreadPool[qtp1221981006]@48d5f34e{STARTED,8<=8<=200,i=8,r=-1,q=0}[ReservedThreadExecutor@6f152006{reserved=0/8,pending=0}][pc=0,pic=0,pec=0,epc=0]@2024-05-02T04:29:51.653+01:00,MANAGED}
04:29:51.653 [main] DEBUG org.eclipse.jetty.util.component.ContainerLifeCycle - SelectorManager@ServerConnector@12bd8a64{SSL, (ssl, http/1.1)}{localhost:42597} added {ManagedSelector@77a7cf58{STOPPED} id=1 keys=-1 selected=-1 updates=0,AUTO}
04:29:51.653 [main] DEBUG org.eclipse.jetty.util.component.ContainerLifeCycle - EatWhatYouKill@3d97a632/SelectorProducer@616fe72b/IDLE/p=false/QueuedThreadPool[qtp1221981006]@48d5f34e{STARTED,8<=8<=200,i=8,r=-1,q=0}[ReservedThreadExecutor@6f152006{reserved=0/8,pending=0}][pc=0,pic=0,pec=0,epc=0]@2024-05-02T04:29:51.653+01:00 added {SelectorProducer@616fe72b,POJO}
04:29:51.654 [main] DEBUG org.eclipse.jetty.util.component.ContainerLifeCycle - EatWhatYouKill@3d97a632/SelectorProducer@616fe72b/IDLE/p=false/QueuedThreadPool[qtp1221981006]@48d5f34e{STARTED,8<=8<=200,i=8,r=-1,q=0}[ReservedThreadExecutor@6f152006{reserved=0/8,pending=0}][pc=0,pic=0,pec=0,epc=0]@2024-05-02T04:29:51.653+01:00 added {QueuedThreadPool[qtp1221981006]@48d5f34e{STARTED,8<=8<=200,i=8,r=-1,q=0}[ReservedThreadExecutor@6f152006{reserved=0/8,pending=0}],UNMANAGED}
04:29:51.654 [main] DEBUG org.eclipse.jetty.util.thread.strategy.EatWhatYouKill - EatWhatYouKill@3d97a632/SelectorProducer@616fe72b/IDLE/p=false/QueuedThreadPool[qtp1221981006]@48d5f34e{STARTED,8<=8<=200,i=8,r=-1,q=0}[ReservedThreadExecutor@6f152006{reserved=0/8,pending=0}][pc=0,pic=0,pec=0,epc=0]@2024-05-02T04:29:51.654+01:00 created
04:29:51.654 [main] DEBUG org.eclipse.jetty.util.component.ContainerLifeCycle - ManagedSelector@37efd131{STOPPED} id=2 keys=-1 selected=-1 updates=0 added {EatWhatYouKill@3d97a632/SelectorProducer@616fe72b/IDLE/p=false/QueuedThreadPool[qtp1221981006]@48d5f34e{STARTED,8<=8<=200,i=8,r=-1,q=0}[ReservedThreadExecutor@6f152006{reserved=0/8,pending=0}][pc=0,pic=0,pec=0,epc=0]@2024-05-02T04:29:51.654+01:00,MANAGED}
04:29:51.654 [main] DEBUG org.eclipse.jetty.util.component.ContainerLifeCycle - SelectorManager@ServerConnector@12bd8a64{SSL, (ssl, http/1.1)}{localhost:42597} added {ManagedSelector@37efd131{STOPPED} id=2 keys=-1 selected=-1 updates=0,AUTO}
04:29:51.654 [main] DEBUG org.eclipse.jetty.util.component.ContainerLifeCycle - EatWhatYouKill@7e7b159b/SelectorProducer@7e5d9a50/IDLE/p=false/QueuedThreadPool[qtp1221981006]@48d5f34e{STARTED,8<=8<=200,i=8,r=-1,q=0}[ReservedThreadExecutor@6f152006{reserved=0/8,pending=0}][pc=0,pic=0,pec=0,epc=0]@2024-05-02T04:29:51.654+01:00 added {SelectorProducer@7e5d9a50,POJO}
04:29:51.654 [main] DEBUG org.eclipse.jetty.util.component.ContainerLifeCycle - EatWhatYouKill@7e7b159b/SelectorProducer@7e5d9a50/IDLE/p=false/QueuedThreadPool[qtp1221981006]@48d5f34e{STARTED,8<=8<=200,i=8,r=-1,q=0}[ReservedThreadExecutor@6f152006{reserved=0/8,pending=0}][pc=0,pic=0,pec=0,epc=0]@2024-05-02T04:29:51.654+01:00 added {QueuedThreadPool[qtp1221981006]@48d5f34e{STARTED,8<=8<=200,i=8,r=-1,q=0}[ReservedThreadExecutor@6f152006{reserved=0/8,pending=0}],UNMANAGED}
04:29:51.654 [main] DEBUG org.eclipse.jetty.util.thread.strategy.EatWhatYouKill - EatWhatYouKill@7e7b159b/SelectorProducer@7e5d9a50/IDLE/p=false/QueuedThreadPool[qtp1221981006]@48d5f34e{STARTED,8<=8<=200,i=8,r=-1,q=0}[ReservedThreadExecutor@6f152006{reserved=0/8,pending=0}][pc=0,pic=0,pec=0,epc=0]@2024-05-02T04:29:51.654+01:00 created
04:29:51.654 [main] DEBUG org.eclipse.jetty.util.component.ContainerLifeCycle - ManagedSelector@60957c0f{STOPPED} id=3 keys=-1 selected=-1 updates=0 added {EatWhatYouKill@7e7b159b/SelectorProducer@7e5d9a50/IDLE/p=false/QueuedThreadPool[qtp1221981006]@48d5f34e{STARTED,8<=8<=200,i=8,r=-1,q=0}[ReservedThreadExecutor@6f152006{reserved=0/8,pending=0}][pc=0,pic=0,pec=0,epc=0]@2024-05-02T04:29:51.654+01:00,MANAGED}
04:29:51.654 [main] DEBUG org.eclipse.jetty.util.component.ContainerLifeCycle - SelectorManager@ServerConnector@12bd8a64{SSL, (ssl, http/1.1)}{localhost:42597} added {ManagedSelector@60957c0f{STOPPED} id=3 keys=-1 selected=-1 updates=0,AUTO}
04:29:51.654 [main] DEBUG org.eclipse.jetty.util.component.AbstractLifeCycle - starting ManagedSelector@7a560583{STOPPED} id=0 keys=-1 selected=-1 updates=0
04:29:51.655 [main] DEBUG org.eclipse.jetty.util.component.AbstractLifeCycle - starting EatWhatYouKill@37052337/SelectorProducer@2320fa6f/IDLE/p=false/QueuedThreadPool[qtp1221981006]@48d5f34e{STARTED,8<=8<=200,i=8,r=-1,q=0}[ReservedThreadExecutor@6f152006{reserved=0/8,pending=0}][pc=0,pic=0,pec=0,epc=0]@2024-05-02T04:29:51.654+01:00
04:29:51.655 [main] DEBUG org.eclipse.jetty.util.component.AbstractLifeCycle - STARTED @3656ms EatWhatYouKill@37052337/SelectorProducer@2320fa6f/IDLE/p=false/QueuedThreadPool[qtp1221981006]@48d5f34e{STARTED,8<=8<=200,i=8,r=-1,q=0}[ReservedThreadExecutor@6f152006{reserved=0/8,pending=0}][pc=0,pic=0,pec=0,epc=0]@2024-05-02T04:29:51.655+01:00
04:29:51.655 [main] DEBUG org.eclipse.jetty.util.thread.QueuedThreadPool - queue org.eclipse.jetty.io.ManagedSelector$$Lambda$253/838473569@293a5f75 startThread=0
04:29:51.655 [main] DEBUG org.eclipse.jetty.io.ManagedSelector - Queued change lazy=false org.eclipse.jetty.io.ManagedSelector$Start@fcb4004 on ManagedSelector@7a560583{STARTING} id=0 keys=0 selected=0 updates=0
04:29:51.655 [qtp1221981006-45] DEBUG org.eclipse.jetty.util.thread.QueuedThreadPool - run org.eclipse.jetty.io.ManagedSelector$$Lambda$253/838473569@293a5f75 in QueuedThreadPool[qtp1221981006]@48d5f34e{STARTED,8<=8<=200,i=7,r=-1,q=0}[ReservedThreadExecutor@6f152006{reserved=0/8,pending=0}]
04:29:51.655 [qtp1221981006-45] DEBUG org.eclipse.jetty.util.thread.strategy.EatWhatYouKill - EatWhatYouKill@37052337/SelectorProducer@2320fa6f/IDLE/p=false/QueuedThreadPool[qtp1221981006]@48d5f34e{STARTED,8<=8<=200,i=7,r=-1,q=0}[ReservedThreadExecutor@6f152006{reserved=0/8,pending=0}][pc=0,pic=0,pec=0,epc=0]@2024-05-02T04:29:51.655+01:00 tryProduce false
04:29:51.655 [qtp1221981006-45] DEBUG org.eclipse.jetty.io.ManagedSelector - updateable 1
04:29:51.655 [qtp1221981006-45] DEBUG org.eclipse.jetty.io.ManagedSelector - update org.eclipse.jetty.io.ManagedSelector$Start@fcb4004
04:29:51.655 [qtp1221981006-45] DEBUG org.eclipse.jetty.io.ManagedSelector - updates 0
04:29:51.655 [qtp1221981006-45] DEBUG org.eclipse.jetty.io.ManagedSelector - Selector sun.nio.ch.EPollSelectorImpl@64b4641a waiting with 0 keys
04:29:51.655 [main] DEBUG org.eclipse.jetty.util.component.AbstractLifeCycle - STARTED @3656ms ManagedSelector@7a560583{STARTED} id=0 keys=0 selected=0 updates=0
04:29:51.655 [main] DEBUG org.eclipse.jetty.util.component.AbstractLifeCycle - starting ManagedSelector@77a7cf58{STOPPED} id=1 keys=-1 selected=-1 updates=0
04:29:51.656 [main] DEBUG org.eclipse.jetty.util.component.AbstractLifeCycle - starting EatWhatYouKill@4d722ac9/SelectorProducer@53f0a4cb/IDLE/p=false/QueuedThreadPool[qtp1221981006]@48d5f34e{STARTED,8<=8<=200,i=7,r=-1,q=0}[ReservedThreadExecutor@6f152006{reserved=0/8,pending=0}][pc=0,pic=0,pec=0,epc=0]@2024-05-02T04:29:51.655+01:00
04:29:51.656 [main] DEBUG org.eclipse.jetty.util.component.AbstractLifeCycle - STARTED @3657ms EatWhatYouKill@4d722ac9/SelectorProducer@53f0a4cb/IDLE/p=false/QueuedThreadPool[qtp1221981006]@48d5f34e{STARTED,8<=8<=200,i=7,r=-1,q=0}[ReservedThreadExecutor@6f152006{reserved=0/8,pending=0}][pc=0,pic=0,pec=0,epc=0]@2024-05-02T04:29:51.656+01:00
04:29:51.656 [main] DEBUG org.eclipse.jetty.util.thread.QueuedThreadPool - queue org.eclipse.jetty.io.ManagedSelector$$Lambda$253/838473569@1dd6d4b7 startThread=0
04:29:51.656 [qtp1221981006-46] DEBUG org.eclipse.jetty.util.thread.QueuedThreadPool - run org.eclipse.jetty.io.ManagedSelector$$Lambda$253/838473569@1dd6d4b7 in QueuedThreadPool[qtp1221981006]@48d5f34e{STARTED,8<=8<=200,i=6,r=-1,q=0}[ReservedThreadExecutor@6f152006{reserved=0/8,pending=0}]
04:29:51.656 [main] DEBUG org.eclipse.jetty.io.ManagedSelector - Queued change lazy=false org.eclipse.jetty.io.ManagedSelector$Start@56e8b606 on ManagedSelector@77a7cf58{STARTING} id=1 keys=0 selected=0 updates=0
04:29:51.656 [qtp1221981006-46] DEBUG org.eclipse.jetty.util.thread.strategy.EatWhatYouKill - EatWhatYouKill@4d722ac9/SelectorProducer@53f0a4cb/IDLE/p=false/QueuedThreadPool[qtp1221981006]@48d5f34e{STARTED,8<=8<=200,i=6,r=-1,q=0}[ReservedThreadExecutor@6f152006{reserved=0/8,pending=0}][pc=0,pic=0,pec=0,epc=0]@2024-05-02T04:29:51.656+01:00 tryProduce false
04:29:51.656 [qtp1221981006-46] DEBUG org.eclipse.jetty.io.ManagedSelector - updateable 1
04:29:51.656 [qtp1221981006-46] DEBUG org.eclipse.jetty.io.ManagedSelector - update org.eclipse.jetty.io.ManagedSelector$Start@56e8b606
04:29:51.656 [qtp1221981006-46] DEBUG org.eclipse.jetty.io.ManagedSelector - updates 0
04:29:51.656 [qtp1221981006-46] DEBUG org.eclipse.jetty.io.ManagedSelector - Selector sun.nio.ch.EPollSelectorImpl@71bc4e1f waiting with 0 keys
04:29:51.656 [main] DEBUG org.eclipse.jetty.util.component.AbstractLifeCycle - STARTED @3657ms ManagedSelector@77a7cf58{STARTED} id=1 keys=0 selected=0 updates=0
04:29:51.656 [main] DEBUG org.eclipse.jetty.util.component.AbstractLifeCycle - starting ManagedSelector@37efd131{STOPPED} id=2 keys=-1 selected=-1 updates=0
04:29:51.656 [main] DEBUG org.eclipse.jetty.util.component.AbstractLifeCycle - starting EatWhatYouKill@3d97a632/SelectorProducer@616fe72b/IDLE/p=false/QueuedThreadPool[qtp1221981006]@48d5f34e{STARTED,8<=8<=200,i=6,r=-1,q=0}[ReservedThreadExecutor@6f152006{reserved=0/8,pending=0}][pc=0,pic=0,pec=0,epc=0]@2024-05-02T04:29:51.656+01:00
04:29:51.656 [main] DEBUG org.eclipse.jetty.util.component.AbstractLifeCycle - STARTED @3657ms EatWhatYouKill@3d97a632/SelectorProducer@616fe72b/IDLE/p=false/QueuedThreadPool[qtp1221981006]@48d5f34e{STARTED,8<=8<=200,i=6,r=-1,q=0}[ReservedThreadExecutor@6f152006{reserved=0/8,pending=0}][pc=0,pic=0,pec=0,epc=0]@2024-05-02T04:29:51.656+01:00
04:29:51.656 [main] DEBUG org.eclipse.jetty.util.thread.QueuedThreadPool - queue org.eclipse.jetty.io.ManagedSelector$$Lambda$253/838473569@2dd29a59 startThread=0
04:29:51.656 [qtp1221981006-47] DEBUG org.eclipse.jetty.util.thread.QueuedThreadPool - run org.eclipse.jetty.io.ManagedSelector$$Lambda$253/838473569@2dd29a59 in QueuedThreadPool[qtp1221981006]@48d5f34e{STARTED,8<=8<=200,i=5,r=-1,q=0}[ReservedThreadExecutor@6f152006{reserved=0/8,pending=0}]
04:29:51.656 [main] DEBUG org.eclipse.jetty.io.ManagedSelector - Queued change lazy=false org.eclipse.jetty.io.ManagedSelector$Start@784c3487 on ManagedSelector@37efd131{STARTING} id=2 keys=0 selected=0 updates=0
04:29:51.656 [qtp1221981006-47] DEBUG org.eclipse.jetty.util.thread.strategy.EatWhatYouKill - EatWhatYouKill@3d97a632/SelectorProducer@616fe72b/IDLE/p=false/QueuedThreadPool[qtp1221981006]@48d5f34e{STARTED,8<=8<=200,i=5,r=-1,q=0}[ReservedThreadExecutor@6f152006{reserved=0/8,pending=0}][pc=0,pic=0,pec=0,epc=0]@2024-05-02T04:29:51.656+01:00 tryProduce false
04:29:51.656 [qtp1221981006-47] DEBUG org.eclipse.jetty.io.ManagedSelector - updateable 1
04:29:51.656 [qtp1221981006-47] DEBUG org.eclipse.jetty.io.ManagedSelector - update org.eclipse.jetty.io.ManagedSelector$Start@784c3487
04:29:51.657 [qtp1221981006-47] DEBUG org.eclipse.jetty.io.ManagedSelector - updates 0
04:29:51.657 [main] DEBUG org.eclipse.jetty.util.component.AbstractLifeCycle - STARTED @3658ms ManagedSelector@37efd131{STARTED} id=2 keys=0 selected=0 updates=0
04:29:51.657 [qtp1221981006-47] DEBUG org.eclipse.jetty.io.ManagedSelector - Selector sun.nio.ch.EPollSelectorImpl@3d680fc1 waiting with 0 keys
04:29:51.657 [main] DEBUG org.eclipse.jetty.util.component.AbstractLifeCycle - starting ManagedSelector@60957c0f{STOPPED} id=3 keys=-1 selected=-1 updates=0
04:29:51.657 [main] DEBUG org.eclipse.jetty.util.component.AbstractLifeCycle - starting EatWhatYouKill@7e7b159b/SelectorProducer@7e5d9a50/IDLE/p=false/QueuedThreadPool[qtp1221981006]@48d5f34e{STARTED,8<=8<=200,i=5,r=-1,q=0}[ReservedThreadExecutor@6f152006{reserved=0/8,pending=0}][pc=0,pic=0,pec=0,epc=0]@2024-05-02T04:29:51.657+01:00
04:29:51.657 [main] DEBUG org.eclipse.jetty.util.component.AbstractLifeCycle - STARTED @3658ms EatWhatYouKill@7e7b159b/SelectorProducer@7e5d9a50/IDLE/p=false/QueuedThreadPool[qtp1221981006]@48d5f34e{STARTED,8<=8<=200,i=5,r=-1,q=0}[ReservedThreadExecutor@6f152006{reserved=0/8,pending=0}][pc=0,pic=0,pec=0,epc=0]@2024-05-02T04:29:51.657+01:00
04:29:51.657 [main] DEBUG org.eclipse.jetty.util.thread.QueuedThreadPool - queue org.eclipse.jetty.io.ManagedSelector$$Lambda$253/838473569@53142455 startThread=0
04:29:51.657 [main] DEBUG org.eclipse.jetty.io.ManagedSelector - Queued change lazy=false org.eclipse.jetty.io.ManagedSelector$Start@40dff0b7 on ManagedSelector@60957c0f{STARTING} id=3 keys=0 selected=0 updates=0
04:29:51.657 [qtp1221981006-48] DEBUG org.eclipse.jetty.util.thread.QueuedThreadPool - run org.eclipse.jetty.io.ManagedSelector$$Lambda$253/838473569@53142455 in QueuedThreadPool[qtp1221981006]@48d5f34e{STARTED,8<=8<=200,i=4,r=-1,q=0}[ReservedThreadExecutor@6f152006{reserved=0/8,pending=0}]
04:29:51.657 [qtp1221981006-48] DEBUG org.eclipse.jetty.util.thread.strategy.EatWhatYouKill - EatWhatYouKill@7e7b159b/SelectorProducer@7e5d9a50/IDLE/p=false/QueuedThreadPool[qtp1221981006]@48d5f34e{STARTED,8<=8<=200,i=4,r=-1,q=0}[ReservedThreadExecutor@6f152006{reserved=0/8,pending=0}][pc=0,pic=0,pec=0,epc=0]@2024-05-02T04:29:51.657+01:00 tryProduce false
04:29:51.657 [qtp1221981006-48] DEBUG org.eclipse.jetty.io.ManagedSelector - updateable 1
04:29:51.657 [qtp1221981006-48] DEBUG org.eclipse.jetty.io.ManagedSelector - update org.eclipse.jetty.io.ManagedSelector$Start@40dff0b7
04:29:51.657 [qtp1221981006-48] DEBUG org.eclipse.jetty.io.ManagedSelector - updates 0
04:29:51.657 [qtp1221981006-48] DEBUG org.eclipse.jetty.io.ManagedSelector - Selector sun.nio.ch.EPollSelectorImpl@183cae92 waiting with 0 keys
04:29:51.657 [main] DEBUG org.eclipse.jetty.util.component.AbstractLifeCycle - STARTED @3658ms ManagedSelector@60957c0f{STARTED} id=3 keys=0 selected=0 updates=0
04:29:51.657 [main] DEBUG org.eclipse.jetty.util.component.AbstractLifeCycle - STARTED @3658ms SelectorManager@ServerConnector@12bd8a64{SSL, (ssl, http/1.1)}{localhost:42597}
04:29:51.657 [main] DEBUG org.eclipse.jetty.util.component.ContainerLifeCycle - ServerConnector@12bd8a64{SSL, (ssl, http/1.1)}{localhost:42597} added {acceptor-0@7966baa7,POJO}
04:29:51.657 [main] DEBUG org.eclipse.jetty.util.thread.QueuedThreadPool - queue acceptor-0@7966baa7 startThread=0
04:29:51.657 [qtp1221981006-49] DEBUG org.eclipse.jetty.util.thread.QueuedThreadPool - run acceptor-0@7966baa7 in QueuedThreadPool[qtp1221981006]@48d5f34e{STARTED,8<=8<=200,i=3,r=-1,q=0}[ReservedThreadExecutor@6f152006{reserved=0/8,pending=0}]
04:29:51.657 [main] INFO org.eclipse.jetty.server.AbstractConnector - Started ServerConnector@12bd8a64{SSL, (ssl, http/1.1)}{localhost:42597}
04:29:51.658 [main] DEBUG org.eclipse.jetty.util.component.AbstractLifeCycle - STARTED @3659ms ServerConnector@12bd8a64{SSL, (ssl, http/1.1)}{localhost:42597}
04:29:51.658 [main] INFO org.eclipse.jetty.server.Server - Started @3659ms
04:29:51.658 [main] DEBUG org.eclipse.jetty.util.component.AbstractLifeCycle - STARTED @3659ms Server@6ff65192{STARTED}[9.4.44.v20210927]
04:29:51.658 [main] INFO org.apache.nifi.minifi.bootstrap.configuration.ingestors.RestChangeIngestor - RestChangeIngester has started and is listening on port 42597.
04:29:52.661 [qtp1221981006-49-acceptor-0@7966baa7-ServerConnector@12bd8a64{SSL, (ssl, http/1.1)}{localhost:42597}] DEBUG org.eclipse.jetty.io.ManagedSelector - Queued change lazy=false Accept@3d24d472[java.nio.channels.SocketChannel[connected local=/127.0.0.1:42597 remote=/127.0.0.1:51458]] on ManagedSelector@77a7cf58{STARTED} id=1 keys=0 selected=0 updates=0
04:29:52.662 [qtp1221981006-49-acceptor-0@7966baa7-ServerConnector@12bd8a64{SSL, (ssl, http/1.1)}{localhost:42597}] DEBUG org.eclipse.jetty.io.ManagedSelector - Wakeup on submit ManagedSelector@77a7cf58{STARTED} id=1 keys=0 selected=0 updates=1
04:29:52.662 [qtp1221981006-46] DEBUG org.eclipse.jetty.io.ManagedSelector - Selector sun.nio.ch.EPollSelectorImpl@71bc4e1f woken with none selected
04:29:52.662 [qtp1221981006-46] DEBUG org.eclipse.jetty.io.ManagedSelector - Selector sun.nio.ch.EPollSelectorImpl@71bc4e1f woken up from select, 0/0/0 selected
04:29:52.662 [qtp1221981006-46] DEBUG org.eclipse.jetty.io.ManagedSelector - Selector sun.nio.ch.EPollSelectorImpl@71bc4e1f processing 0 keys, 1 updates
04:29:52.662 [qtp1221981006-46] DEBUG org.eclipse.jetty.io.ManagedSelector - updateable 1
04:29:52.662 [qtp1221981006-46] DEBUG org.eclipse.jetty.io.ManagedSelector - update Accept@3d24d472[java.nio.channels.SocketChannel[connected local=/127.0.0.1:42597 remote=/127.0.0.1:51458]]
04:29:52.662 [qtp1221981006-46] DEBUG org.eclipse.jetty.util.thread.QueuedThreadPool - queue Accept@3d24d472[java.nio.channels.SocketChannel[connected local=/127.0.0.1:42597 remote=/127.0.0.1:51458]] startThread=0
04:29:52.662 [qtp1221981006-46] DEBUG org.eclipse.jetty.io.ManagedSelector - updates 0
04:29:52.662 [qtp1221981006-46] DEBUG org.eclipse.jetty.io.ManagedSelector - Selector sun.nio.ch.EPollSelectorImpl@71bc4e1f waiting with 1 keys
04:29:52.662 [qtp1221981006-50] DEBUG org.eclipse.jetty.util.thread.QueuedThreadPool - run Accept@3d24d472[java.nio.channels.SocketChannel[connected local=/127.0.0.1:42597 remote=/127.0.0.1:51458]] in QueuedThreadPool[qtp1221981006]@48d5f34e{STARTED,8<=8<=200,i=2,r=-1,q=0}[ReservedThreadExecutor@6f152006{reserved=0/8,pending=0}]
04:29:52.663 [qtp1221981006-50] DEBUG org.eclipse.jetty.io.IdleTimeout - SocketChannelEndPoint@19cc9352{l=/127.0.0.1:42597,r=/127.0.0.1:51458,OPEN,fill=-,flush=-,to=0/30000}{io=0/0,kio=0,kro=0}-><null> idle timeout check, elapsed: 0 ms, remaining: 30000 ms
04:29:52.663 [qtp1221981006-50] DEBUG org.eclipse.jetty.util.ssl.SslContextFactory - Customize sun.security.ssl.SSLEngineImpl@1334f822
04:29:52.670 [qtp1221981006-50] DEBUG org.eclipse.jetty.server.HttpChannel - new HttpChannelOverHttp@36e5ce01{s=HttpChannelState@34f6efa7{s=IDLE rs=BLOCKING os=OPEN is=IDLE awp=false se=false i=true al=0},r=0,c=false/false,a=IDLE,uri=null,age=0} -> DecryptedEndPoint@33004596{l=/127.0.0.1:42597,r=/127.0.0.1:51458,OPEN,fill=-,flush=-,to=1/30000},null,HttpChannelState@34f6efa7{s=IDLE rs=BLOCKING os=OPEN is=IDLE awp=false se=false i=true al=0}
04:29:52.670 [qtp1221981006-50] DEBUG org.eclipse.jetty.server.HttpConnection - New HTTP Connection HttpConnection@6ea52b2c::DecryptedEndPoint@33004596{l=/127.0.0.1:42597,r=/127.0.0.1:51458,OPEN,fill=-,flush=-,to=1/30000}
04:29:52.670 [qtp1221981006-50] DEBUG org.eclipse.jetty.io.ManagedSelector - Queued change lazy=true org.eclipse.jetty.io.ManagedSelector$$Lambda$258/854397033@44bde05d on ManagedSelector@77a7cf58{STARTED} id=1 keys=1 selected=0 updates=0
04:29:52.671 [qtp1221981006-50] DEBUG org.eclipse.jetty.io.AbstractEndPoint - onOpen SocketChannelEndPoint@19cc9352{l=/127.0.0.1:42597,r=/127.0.0.1:51458,OPEN,fill=-,flush=-,to=8/30000}{io=0/0,kio=0,kro=0}->SslConnection@3864fad{NOT_HANDSHAKING,eio=-1/-1,di=-1,fill=IDLE,flush=IDLE}~>DecryptedEndPoint@33004596{l=/127.0.0.1:42597,r=/127.0.0.1:51458,OPEN,fill=-,flush=-,to=1/30000}=>HttpConnection@6ea52b2c[p=HttpParser{s=START,0 of -1},g=HttpGenerator@3632d37f{s=START}]=>HttpChannelOverHttp@36e5ce01{s=HttpChannelState@34f6efa7{s=IDLE rs=BLOCKING os=OPEN is=IDLE awp=false se=false i=true al=0},r=0,c=false/false,a=IDLE,uri=null,age=0}
04:29:52.671 [qtp1221981006-50] DEBUG org.eclipse.jetty.io.AbstractConnection - onOpen SslConnection@3864fad::SocketChannelEndPoint@19cc9352{l=/127.0.0.1:42597,r=/127.0.0.1:51458,OPEN,fill=-,flush=-,to=8/30000}{io=0/0,kio=0,kro=0}->SslConnection@3864fad{NOT_HANDSHAKING,eio=-1/-1,di=-1,fill=IDLE,flush=IDLE}~>DecryptedEndPoint@33004596{l=/127.0.0.1:42597,r=/127.0.0.1:51458,OPEN,fill=-,flush=-,to=2/30000}=>HttpConnection@6ea52b2c[p=HttpParser{s=START,0 of -1},g=HttpGenerator@3632d37f{s=START}]=>HttpChannelOverHttp@36e5ce01{s=HttpChannelState@34f6efa7{s=IDLE rs=BLOCKING os=OPEN is=IDLE awp=false se=false i=true al=0},r=0,c=false/false,a=IDLE,uri=null,age=0}
04:29:52.671 [qtp1221981006-50] DEBUG org.eclipse.jetty.io.AbstractConnection - onOpen HttpConnection@6ea52b2c::DecryptedEndPoint@33004596{l=/127.0.0.1:42597,r=/127.0.0.1:51458,OPEN,fill=-,flush=-,to=2/30000}
04:29:52.671 [qtp1221981006-50] DEBUG org.eclipse.jetty.io.AbstractConnection - fillInterested HttpConnection@6ea52b2c::DecryptedEndPoint@33004596{l=/127.0.0.1:42597,r=/127.0.0.1:51458,OPEN,fill=-,flush=-,to=2/30000}
04:29:52.671 [qtp1221981006-50] DEBUG org.eclipse.jetty.io.FillInterest - interested FillInterest@425a2e44{AC.ReadCB@6ea52b2c{HttpConnection@6ea52b2c::DecryptedEndPoint@33004596{l=/127.0.0.1:42597,r=/127.0.0.1:51458,OPEN,fill=FI,flush=-,to=0/30000}}}
04:29:52.671 [qtp1221981006-50] DEBUG org.eclipse.jetty.io.ssl.SslConnection - >needFillInterest s=IDLE/IDLE uf=false ei=null di=null SslConnection@3864fad::SocketChannelEndPoint@19cc9352{l=/127.0.0.1:42597,r=/127.0.0.1:51458,OPEN,fill=-,flush=-,to=8/30000}{io=0/0,kio=0,kro=0}->SslConnection@3864fad{NOT_HANDSHAKING,eio=-1/-1,di=-1,fill=IDLE,flush=IDLE}~>DecryptedEndPoint@33004596{l=/127.0.0.1:42597,r=/127.0.0.1:51458,OPEN,fill=FI,flush=-,to=0/30000}=>HttpConnection@6ea52b2c[p=HttpParser{s=START,0 of -1},g=HttpGenerator@3632d37f{s=START}]=>HttpChannelOverHttp@36e5ce01{s=HttpChannelState@34f6efa7{s=IDLE rs=BLOCKING os=OPEN is=IDLE awp=false se=false i=true al=0},r=0,c=false/false,a=IDLE,uri=null,age=0}
04:29:52.672 [qtp1221981006-50] DEBUG org.eclipse.jetty.io.ssl.SslConnection - <needFillInterest s=IDLE/INTERESTED f=false i=true w=null
04:29:52.672 [qtp1221981006-50] DEBUG org.eclipse.jetty.io.ssl.SslConnection - ensureFillInterested SslConnection@3864fad::SocketChannelEndPoint@19cc9352{l=/127.0.0.1:42597,r=/127.0.0.1:51458,OPEN,fill=-,flush=-,to=9/30000}{io=0/0,kio=0,kro=0}->SslConnection@3864fad{NOT_HANDSHAKING,eio=-1/-1,di=-1,fill=INTERESTED,flush=IDLE}~>DecryptedEndPoint@33004596{l=/127.0.0.1:42597,r=/127.0.0.1:51458,OPEN,fill=FI,flush=-,to=0/30000}=>HttpConnection@6ea52b2c[p=HttpParser{s=START,0 of -1},g=HttpGenerator@3632d37f{s=START}]=>HttpChannelOverHttp@36e5ce01{s=HttpChannelState@34f6efa7{s=IDLE rs=BLOCKING os=OPEN is=IDLE awp=false se=false i=true al=0},r=0,c=false/false,a=IDLE,uri=null,age=0}
04:29:52.672 [qtp1221981006-50] DEBUG org.eclipse.jetty.io.FillInterest - interested FillInterest@788dc9bd{SSLC.NBReadCB@3864fad{SslConnection@3864fad::SocketChannelEndPoint@19cc9352{l=/127.0.0.1:42597,r=/127.0.0.1:51458,OPEN,fill=FI,flush=-,to=0/30000}{io=0/0,kio=0,kro=0}->SslConnection@3864fad{NOT_HANDSHAKING,eio=-1/-1,di=-1,fill=INTERESTED,flush=IDLE}~>DecryptedEndPoint@33004596{l=/127.0.0.1:42597,r=/127.0.0.1:51458,OPEN,fill=FI,flush=-,to=0/30000}=>HttpConnection@6ea52b2c[p=HttpParser{s=START,0 of -1},g=HttpGenerator@3632d37f{s=START}]=>HttpChannelOverHttp@36e5ce01{s=HttpChannelState@34f6efa7{s=IDLE rs=BLOCKING os=OPEN is=IDLE awp=false se=false i=true al=0},r=0,c=false/false,a=IDLE,uri=null,age=0}}}
04:29:52.672 [qtp1221981006-50] DEBUG org.eclipse.jetty.io.ChannelEndPoint - changeInterests p=false 0->1 for SocketChannelEndPoint@19cc9352{l=/127.0.0.1:42597,r=/127.0.0.1:51458,OPEN,fill=FI,flush=-,to=0/30000}{io=0/1,kio=0,kro=0}->SslConnection@3864fad{NOT_HANDSHAKING,eio=-1/-1,di=-1,fill=INTERESTED,flush=IDLE}~>DecryptedEndPoint@33004596{l=/127.0.0.1:42597,r=/127.0.0.1:51458,OPEN,fill=FI,flush=-,to=1/30000}=>HttpConnection@6ea52b2c[p=HttpParser{s=START,0 of -1},g=HttpGenerator@3632d37f{s=START}]=>HttpChannelOverHttp@36e5ce01{s=HttpChannelState@34f6efa7{s=IDLE rs=BLOCKING os=OPEN is=IDLE awp=false se=false i=true al=0},r=0,c=false/false,a=IDLE,uri=null,age=0}
04:29:52.672 [qtp1221981006-50] DEBUG org.eclipse.jetty.io.ManagedSelector - Queued change lazy=false org.eclipse.jetty.io.ChannelEndPoint$$Lambda$255/1126011505@6b36e0e6 on ManagedSelector@77a7cf58{STARTED} id=1 keys=1 selected=0 updates=1
04:29:52.672 [qtp1221981006-50] DEBUG org.eclipse.jetty.io.ManagedSelector - Wakeup on submit ManagedSelector@77a7cf58{STARTED} id=1 keys=1 selected=0 updates=2
04:29:52.672 [qtp1221981006-46] DEBUG org.eclipse.jetty.io.ManagedSelector - Selector sun.nio.ch.EPollSelectorImpl@71bc4e1f woken with none selected
04:29:52.672 [qtp1221981006-46] DEBUG org.eclipse.jetty.io.ManagedSelector - Selector sun.nio.ch.EPollSelectorImpl@71bc4e1f woken up from select, 0/0/1 selected
04:29:52.672 [qtp1221981006-46] DEBUG org.eclipse.jetty.io.ManagedSelector - Selector sun.nio.ch.EPollSelectorImpl@71bc4e1f processing 0 keys, 2 updates
04:29:52.672 [qtp1221981006-46] DEBUG org.eclipse.jetty.io.ManagedSelector - updateable 2
04:29:52.672 [qtp1221981006-46] DEBUG org.eclipse.jetty.io.ManagedSelector - update org.eclipse.jetty.io.ManagedSelector$$Lambda$258/854397033@44bde05d
04:29:52.672 [qtp1221981006-46] DEBUG org.eclipse.jetty.io.ManagedSelector - update org.eclipse.jetty.io.ChannelEndPoint$$Lambda$255/1126011505@6b36e0e6
04:29:52.672 [qtp1221981006-50] DEBUG org.eclipse.jetty.io.ManagedSelector - Created SocketChannelEndPoint@19cc9352{l=/127.0.0.1:42597,r=/127.0.0.1:51458,OPEN,fill=FI,flush=-,to=0/30000}{io=0/1,kio=0,kro=0}->SslConnection@3864fad{NOT_HANDSHAKING,eio=-1/-1,di=-1,fill=INTERESTED,flush=IDLE}~>DecryptedEndPoint@33004596{l=/127.0.0.1:42597,r=/127.0.0.1:51458,OPEN,fill=FI,flush=-,to=1/30000}=>HttpConnection@6ea52b2c[p=HttpParser{s=START,0 of -1},g=HttpGenerator@3632d37f{s=START}]=>HttpChannelOverHttp@36e5ce01{s=HttpChannelState@34f6efa7{s=IDLE rs=BLOCKING os=OPEN is=IDLE awp=false se=false i=true al=0},r=0,c=false/false,a=IDLE,uri=null,age=0}
04:29:52.672 [qtp1221981006-50] DEBUG org.eclipse.jetty.util.thread.QueuedThreadPool - ran Accept@3d24d472[java.nio.channels.SocketChannel[connected local=/127.0.0.1:42597 remote=/127.0.0.1:51458]] in QueuedThreadPool[qtp1221981006]@48d5f34e{STARTED,8<=8<=200,i=2,r=-1,q=0}[ReservedThreadExecutor@6f152006{reserved=0/8,pending=0}]
04:29:52.672 [qtp1221981006-46] DEBUG org.eclipse.jetty.io.ChannelEndPoint - Key interests updated 0 -> 1 on SocketChannelEndPoint@19cc9352{l=/127.0.0.1:42597,r=/127.0.0.1:51458,OPEN,fill=FI,flush=-,to=0/30000}{io=1/1,kio=1,kro=0}->SslConnection@3864fad{NOT_HANDSHAKING,eio=-1/-1,di=-1,fill=INTERESTED,flush=IDLE}~>DecryptedEndPoint@33004596{l=/127.0.0.1:42597,r=/127.0.0.1:51458,OPEN,fill=FI,flush=-,to=1/30000}=>HttpConnection@6ea52b2c[p=HttpParser{s=START,0 of -1},g=HttpGenerator@3632d37f{s=START}]=>HttpChannelOverHttp@36e5ce01{s=HttpChannelState@34f6efa7{s=IDLE rs=BLOCKING os=OPEN is=IDLE awp=false se=false i=true al=0},r=0,c=false/false,a=IDLE,uri=null,age=0}
04:29:52.672 [qtp1221981006-46] DEBUG org.eclipse.jetty.io.ManagedSelector - updates 0
04:29:52.673 [qtp1221981006-46] DEBUG org.eclipse.jetty.io.ManagedSelector - Selector sun.nio.ch.EPollSelectorImpl@71bc4e1f waiting with 1 keys
04:29:52.693 [qtp1221981006-46] DEBUG org.eclipse.jetty.io.ManagedSelector - Selector sun.nio.ch.EPollSelectorImpl@71bc4e1f woken up from select, 1/1/1 selected
04:29:52.693 [qtp1221981006-46] DEBUG org.eclipse.jetty.io.ManagedSelector - Selector sun.nio.ch.EPollSelectorImpl@71bc4e1f processing 1 keys, 0 updates
04:29:52.694 [qtp1221981006-46] DEBUG org.eclipse.jetty.io.ManagedSelector - selected 1 sun.nio.ch.SelectionKeyImpl@7f7bbe58 SocketChannelEndPoint@19cc9352{l=/127.0.0.1:42597,r=/127.0.0.1:51458,OPEN,fill=FI,flush=-,to=21/30000}{io=1/1,kio=1,kro=1}->SslConnection@3864fad{NOT_HANDSHAKING,eio=-1/-1,di=-1,fill=INTERESTED,flush=IDLE}~>DecryptedEndPoint@33004596{l=/127.0.0.1:42597,r=/127.0.0.1:51458,OPEN,fill=FI,flush=-,to=22/30000}=>HttpConnection@6ea52b2c[p=HttpParser{s=START,0 of -1},g=HttpGenerator@3632d37f{s=START}]=>HttpChannelOverHttp@36e5ce01{s=HttpChannelState@34f6efa7{s=IDLE rs=BLOCKING os=OPEN is=IDLE awp=false se=false i=true al=0},r=0,c=false/false,a=IDLE,uri=null,age=0} 
04:29:52.694 [qtp1221981006-46] DEBUG org.eclipse.jetty.io.ChannelEndPoint - onSelected 1->0 r=true w=false for SocketChannelEndPoint@19cc9352{l=/127.0.0.1:42597,r=/127.0.0.1:51458,OPEN,fill=FI,flush=-,to=21/30000}{io=1/0,kio=1,kro=1}->SslConnection@3864fad{NOT_HANDSHAKING,eio=-1/-1,di=-1,fill=INTERESTED,flush=IDLE}~>DecryptedEndPoint@33004596{l=/127.0.0.1:42597,r=/127.0.0.1:51458,OPEN,fill=FI,flush=-,to=22/30000}=>HttpConnection@6ea52b2c[p=HttpParser{s=START,0 of -1},g=HttpGenerator@3632d37f{s=START}]=>HttpChannelOverHttp@36e5ce01{s=HttpChannelState@34f6efa7{s=IDLE rs=BLOCKING os=OPEN is=IDLE awp=false se=false i=true al=0},r=0,c=false/false,a=IDLE,uri=null,age=0}
04:29:52.694 [qtp1221981006-46] DEBUG org.eclipse.jetty.io.ChannelEndPoint - task CEP:SocketChannelEndPoint@19cc9352{l=/127.0.0.1:42597,r=/127.0.0.1:51458,OPEN,fill=FI,flush=-,to=22/30000}{io=1/0,kio=1,kro=1}->SslConnection@3864fad{NOT_HANDSHAKING,eio=-1/-1,di=-1,fill=INTERESTED,flush=IDLE}~>DecryptedEndPoint@33004596{l=/127.0.0.1:42597,r=/127.0.0.1:51458,OPEN,fill=FI,flush=-,to=23/30000}=>HttpConnection@6ea52b2c[p=HttpParser{s=START,0 of -1},g=HttpGenerator@3632d37f{s=START}]=>HttpChannelOverHttp@36e5ce01{s=HttpChannelState@34f6efa7{s=IDLE rs=BLOCKING os=OPEN is=IDLE awp=false se=false i=true al=0},r=0,c=false/false,a=IDLE,uri=null,age=0}:runFillable:BLOCKING
04:29:52.694 [qtp1221981006-46] DEBUG org.eclipse.jetty.util.thread.ReservedThreadExecutor - ReservedThreadExecutor@6f152006{reserved=0/8,pending=0} tryExecute EatWhatYouKill@4d722ac9/SelectorProducer@53f0a4cb/PRODUCING/p=false/QueuedThreadPool[qtp1221981006]@48d5f34e{STARTED,8<=8<=200,i=3,r=-1,q=0}[ReservedThreadExecutor@6f152006{reserved=0/8,pending=0}][pc=0,pic=0,pec=0,epc=0]@2024-05-02T04:29:52.694+01:00
04:29:52.694 [qtp1221981006-46] DEBUG org.eclipse.jetty.util.thread.ReservedThreadExecutor - ReservedThreadExecutor@6f152006{reserved=0/8,pending=1} startReservedThread p=1
04:29:52.694 [qtp1221981006-46] DEBUG org.eclipse.jetty.util.thread.QueuedThreadPool - queue ReservedThread@7b44256f{PENDING,thread=null} startThread=0
04:29:52.694 [qtp1221981006-51] DEBUG org.eclipse.jetty.util.thread.QueuedThreadPool - run ReservedThread@7b44256f{PENDING,thread=null} in QueuedThreadPool[qtp1221981006]@48d5f34e{STARTED,8<=8<=200,i=2,r=-1,q=0}[ReservedThreadExecutor@6f152006{reserved=0/8,pending=1}]
04:29:52.694 [qtp1221981006-51] DEBUG org.eclipse.jetty.util.thread.ReservedThreadExecutor - ReservedThread@7b44256f{PENDING,thread=Thread[qtp1221981006-51,5,main]} was=PENDING next=RESERVED size=0+1 capacity=8
04:29:52.694 [qtp1221981006-51] DEBUG org.eclipse.jetty.util.thread.ReservedThreadExecutor - ReservedThread@7b44256f{RESERVED,thread=Thread[qtp1221981006-51,5,main]} waiting ReservedThreadExecutor@6f152006{reserved=1/8,pending=0}
04:29:52.695 [qtp1221981006-46] DEBUG org.eclipse.jetty.util.thread.strategy.EatWhatYouKill - EatWhatYouKill@4d722ac9/SelectorProducer@53f0a4cb/PRODUCING/p=false/QueuedThreadPool[qtp1221981006]@48d5f34e{STARTED,8<=8<=200,i=2,r=-1,q=0}[ReservedThreadExecutor@6f152006{reserved=0/8,pending=1}][pc=0,pic=0,pec=0,epc=0]@2024-05-02T04:29:52.694+01:00 m=PRODUCE_EXECUTE_CONSUME t=CEP:SocketChannelEndPoint@19cc9352{l=/127.0.0.1:42597,r=/127.0.0.1:51458,OPEN,fill=FI,flush=-,to=22/30000}{io=1/0,kio=1,kro=1}->SslConnection@3864fad{NOT_HANDSHAKING,eio=-1/-1,di=-1,fill=INTERESTED,flush=IDLE}~>DecryptedEndPoint@33004596{l=/127.0.0.1:42597,r=/127.0.0.1:51458,OPEN,fill=FI,flush=-,to=23/30000}=>HttpConnection@6ea52b2c[p=HttpParser{s=START,0 of -1},g=HttpGenerator@3632d37f{s=START}]=>HttpChannelOverHttp@36e5ce01{s=HttpChannelState@34f6efa7{s=IDLE rs=BLOCKING os=OPEN is=IDLE awp=false se=false i=true al=0},r=0,c=false/false,a=IDLE,uri=null,age=0}:runFillable:BLOCKING/BLOCKING
04:29:52.695 [qtp1221981006-46] DEBUG org.eclipse.jetty.util.thread.QueuedThreadPool - queue CEP:SocketChannelEndPoint@19cc9352{l=/127.0.0.1:42597,r=/127.0.0.1:51458,OPEN,fill=FI,flush=-,to=22/30000}{io=1/0,kio=1,kro=1}->SslConnection@3864fad{NOT_HANDSHAKING,eio=-1/-1,di=-1,fill=INTERESTED,flush=IDLE}~>DecryptedEndPoint@33004596{l=/127.0.0.1:42597,r=/127.0.0.1:51458,OPEN,fill=FI,flush=-,to=23/30000}=>HttpConnection@6ea52b2c[p=HttpParser{s=START,0 of -1},g=HttpGenerator@3632d37f{s=START}]=>HttpChannelOverHttp@36e5ce01{s=HttpChannelState@34f6efa7{s=IDLE rs=BLOCKING os=OPEN is=IDLE awp=false se=false i=true al=0},r=0,c=false/false,a=IDLE,uri=null,age=0}:runFillable:BLOCKING startThread=0
04:29:52.695 [qtp1221981006-52] DEBUG org.eclipse.jetty.util.thread.QueuedThreadPool - run CEP:SocketChannelEndPoint@19cc9352{l=/127.0.0.1:42597,r=/127.0.0.1:51458,OPEN,fill=FI,flush=-,to=22/30000}{io=1/0,kio=1,kro=1}->SslConnection@3864fad{NOT_HANDSHAKING,eio=-1/-1,di=-1,fill=INTERESTED,flush=IDLE}~>DecryptedEndPoint@33004596{l=/127.0.0.1:42597,r=/127.0.0.1:51458,OPEN,fill=FI,flush=-,to=23/30000}=>HttpConnection@6ea52b2c[p=HttpParser{s=START,0 of -1},g=HttpGenerator@3632d37f{s=START}]=>HttpChannelOverHttp@36e5ce01{s=HttpChannelState@34f6efa7{s=IDLE rs=BLOCKING os=OPEN is=IDLE awp=false se=false i=true al=0},r=0,c=false/false,a=IDLE,uri=null,age=0}:runFillable:BLOCKING in QueuedThreadPool[qtp1221981006]@48d5f34e{STARTED,8<=8<=200,i=1,r=-1,q=0}[ReservedThreadExecutor@6f152006{reserved=1/8,pending=0}]
04:29:52.695 [qtp1221981006-46] DEBUG org.eclipse.jetty.io.ManagedSelector - updateable 0
04:29:52.695 [qtp1221981006-46] DEBUG org.eclipse.jetty.io.ManagedSelector - updates 0
04:29:52.695 [qtp1221981006-52] DEBUG org.eclipse.jetty.io.FillInterest - fillable FillInterest@788dc9bd{SSLC.NBReadCB@3864fad{SslConnection@3864fad::SocketChannelEndPoint@19cc9352{l=/127.0.0.1:42597,r=/127.0.0.1:51458,OPEN,fill=FI,flush=-,to=23/30000}{io=1/0,kio=1,kro=1}->SslConnection@3864fad{NOT_HANDSHAKING,eio=-1/-1,di=-1,fill=INTERESTED,flush=IDLE}~>DecryptedEndPoint@33004596{l=/127.0.0.1:42597,r=/127.0.0.1:51458,OPEN,fill=FI,flush=-,to=23/30000}=>HttpConnection@6ea52b2c[p=HttpParser{s=START,0 of -1},g=HttpGenerator@3632d37f{s=START}]=>HttpChannelOverHttp@36e5ce01{s=HttpChannelState@34f6efa7{s=IDLE rs=BLOCKING os=OPEN is=IDLE awp=false se=false i=true al=0},r=0,c=false/false,a=IDLE,uri=null,age=0}}}
04:29:52.695 [qtp1221981006-46] DEBUG org.eclipse.jetty.io.ChannelEndPoint - Key interests updated 1 -> 0 on SocketChannelEndPoint@19cc9352{l=/127.0.0.1:42597,r=/127.0.0.1:51458,OPEN,fill=FI,flush=-,to=23/30000}{io=0/0,kio=0,kro=1}->SslConnection@3864fad{NOT_HANDSHAKING,eio=-1/-1,di=-1,fill=INTERESTED,flush=IDLE}~>DecryptedEndPoint@33004596{l=/127.0.0.1:42597,r=/127.0.0.1:51458,OPEN,fill=FI,flush=-,to=24/30000}=>HttpConnection@6ea52b2c[p=HttpParser{s=START,0 of -1},g=HttpGenerator@3632d37f{s=START}]=>HttpChannelOverHttp@36e5ce01{s=HttpChannelState@34f6efa7{s=IDLE rs=BLOCKING os=OPEN is=IDLE awp=false se=false i=true al=0},r=0,c=false/false,a=IDLE,uri=null,age=0}
04:29:52.695 [qtp1221981006-46] DEBUG org.eclipse.jetty.io.ManagedSelector - Selector sun.nio.ch.EPollSelectorImpl@71bc4e1f waiting with 1 keys
04:29:52.695 [qtp1221981006-52] DEBUG org.eclipse.jetty.io.ssl.SslConnection - >c.onFillable SslConnection@3864fad::SocketChannelEndPoint@19cc9352{l=/127.0.0.1:42597,r=/127.0.0.1:51458,OPEN,fill=-,flush=-,to=23/30000}{io=0/0,kio=0,kro=1}->SslConnection@3864fad{NOT_HANDSHAKING,eio=-1/-1,di=-1,fill=INTERESTED,flush=IDLE}~>DecryptedEndPoint@33004596{l=/127.0.0.1:42597,r=/127.0.0.1:51458,OPEN,fill=FI,flush=-,to=24/30000}=>HttpConnection@6ea52b2c[p=HttpParser{s=START,0 of -1},g=HttpGenerator@3632d37f{s=START}]=>HttpChannelOverHttp@36e5ce01{s=HttpChannelState@34f6efa7{s=IDLE rs=BLOCKING os=OPEN is=IDLE awp=false se=false i=true al=0},r=0,c=false/false,a=IDLE,uri=null,age=0}
04:29:52.695 [qtp1221981006-52] DEBUG org.eclipse.jetty.io.ssl.SslConnection - onFillable SslConnection@3864fad::SocketChannelEndPoint@19cc9352{l=/127.0.0.1:42597,r=/127.0.0.1:51458,OPEN,fill=-,flush=-,to=23/30000}{io=0/0,kio=0,kro=1}->SslConnection@3864fad{NOT_HANDSHAKING,eio=-1/-1,di=-1,fill=INTERESTED,flush=IDLE}~>DecryptedEndPoint@33004596{l=/127.0.0.1:42597,r=/127.0.0.1:51458,OPEN,fill=FI,flush=-,to=24/30000}=>HttpConnection@6ea52b2c[p=HttpParser{s=START,0 of -1},g=HttpGenerator@3632d37f{s=START}]=>HttpChannelOverHttp@36e5ce01{s=HttpChannelState@34f6efa7{s=IDLE rs=BLOCKING os=OPEN is=IDLE awp=false se=false i=true al=0},r=0,c=false/false,a=IDLE,uri=null,age=0}
04:29:52.695 [qtp1221981006-52] DEBUG org.eclipse.jetty.io.FillInterest - fillable FillInterest@425a2e44{AC.ReadCB@6ea52b2c{HttpConnection@6ea52b2c::DecryptedEndPoint@33004596{l=/127.0.0.1:42597,r=/127.0.0.1:51458,OPEN,fill=FI,flush=-,to=24/30000}}}
04:29:52.695 [qtp1221981006-52] DEBUG org.eclipse.jetty.server.HttpConnection - HttpConnection@6ea52b2c::DecryptedEndPoint@33004596{l=/127.0.0.1:42597,r=/127.0.0.1:51458,OPEN,fill=-,flush=-,to=24/30000} onFillable enter HttpChannelState@34f6efa7{s=IDLE rs=BLOCKING os=OPEN is=IDLE awp=false se=false i=true al=0} null
04:29:52.696 [qtp1221981006-52] DEBUG org.eclipse.jetty.io.ssl.SslConnection - >fill SslConnection@3864fad::SocketChannelEndPoint@19cc9352{l=/127.0.0.1:42597,r=/127.0.0.1:51458,OPEN,fill=-,flush=-,to=23/30000}{io=0/0,kio=0,kro=1}->SslConnection@3864fad{NOT_HANDSHAKING,eio=-1/-1,di=-1,fill=IDLE,flush=IDLE}~>DecryptedEndPoint@33004596{l=/127.0.0.1:42597,r=/127.0.0.1:51458,OPEN,fill=-,flush=-,to=24/30000}=>HttpConnection@6ea52b2c[p=HttpParser{s=START,0 of -1},g=HttpGenerator@3632d37f{s=START}]=>HttpChannelOverHttp@36e5ce01{s=HttpChannelState@34f6efa7{s=IDLE rs=BLOCKING os=OPEN is=IDLE awp=false se=false i=true al=0},r=0,c=false/false,a=IDLE,uri=null,age=0}
04:29:52.696 [qtp1221981006-52] DEBUG org.eclipse.jetty.io.ssl.SslConnection - fill NOT_HANDSHAKING
04:29:52.696 [qtp1221981006-52] DEBUG org.eclipse.jetty.io.ChannelEndPoint - filled 339 HeapByteBuffer@413ecfef[p=0,l=339,c=17408,r=339]={<<<\x16\x03\x03\x01N\x01\x00\x01J\x03\x03\xB9\xFe!\xEb\x00Y\x80\x85$\xA9/\xCc\xD2\x19...\x89J\xAaT\x10>\x13l+\xD1J\xD3\xAc2;\x88<\xAb\xFf\x01\x00\x01\x00>>>\x00\x00\x00\x00\x00\x00\x00\x00\x00...\x00\x00\x00\x00\x00\x00\x00}
04:29:52.696 [qtp1221981006-52] DEBUG org.eclipse.jetty.io.ssl.SslConnection - net filled=339
04:29:52.696 [qtp1221981006-52] DEBUG org.eclipse.jetty.io.ssl.SslConnection - fill starting handshake SslConnection@3864fad::SocketChannelEndPoint@19cc9352{l=/127.0.0.1:42597,r=/127.0.0.1:51458,OPEN,fill=-,flush=-,to=0/30000}{io=0/0,kio=0,kro=1}->SslConnection@3864fad{NOT_HANDSHAKING,eio=339/-1,di=-1,fill=IDLE,flush=IDLE}~>DecryptedEndPoint@33004596{l=/127.0.0.1:42597,r=/127.0.0.1:51458,OPEN,fill=-,flush=-,to=25/30000}=>HttpConnection@6ea52b2c[p=HttpParser{s=START,0 of -1},g=HttpGenerator@3632d37f{s=START}]=>HttpChannelOverHttp@36e5ce01{s=HttpChannelState@34f6efa7{s=IDLE rs=BLOCKING os=OPEN is=IDLE awp=false se=false i=true al=0},r=0,c=false/false,a=IDLE,uri=null,age=0}
04:29:52.698 [qtp1221981006-52] DEBUG org.eclipse.jetty.io.ssl.SslConnection - unwrap net_filled=339 Status = OK HandshakeStatus = NEED_TASK bytesConsumed = 339 bytesProduced = 0 encryptedBuffer=[p=339,l=339,c=17408,r=0] unwrapBuffer=HeapByteBuffer@45014310[p=0,l=0,c=17408,r=0]={<<<>>>\x00\x00\x00\x00\x00\x00\x00\x00\x00...\x00\x00\x00\x00\x00\x00\x00} appBuffer=HeapByteBuffer@45014310[p=0,l=0,c=17408,r=0]={<<<>>>\x00\x00\x00\x00\x00\x00\x00\x00\x00...\x00\x00\x00\x00\x00\x00\x00}
04:29:52.698 [qtp1221981006-52] DEBUG org.eclipse.jetty.io.ssl.SslConnection - fill NEED_TASK
04:29:52.762 [qtp1221981006-52] DEBUG org.eclipse.jetty.io.ssl.SslConnection - fill NEED_WRAP
04:29:52.762 [qtp1221981006-52] DEBUG org.eclipse.jetty.io.ssl.SslConnection - >flush SslConnection@3864fad::SocketChannelEndPoint@19cc9352{l=/127.0.0.1:42597,r=/127.0.0.1:51458,OPEN,fill=-,flush=-,to=65/30000}{io=0/0,kio=0,kro=1}->SslConnection@3864fad{NEED_WRAP,eio=0/-1,di=-1,fill=IDLE,flush=IDLE}~>DecryptedEndPoint@33004596{l=/127.0.0.1:42597,r=/127.0.0.1:51458,OPEN,fill=-,flush=-,to=90/30000}=>HttpConnection@6ea52b2c[p=HttpParser{s=START,0 of -1},g=HttpGenerator@3632d37f{s=START}]=>HttpChannelOverHttp@36e5ce01{s=HttpChannelState@34f6efa7{s=IDLE rs=BLOCKING os=OPEN is=IDLE awp=false se=false i=true al=0},r=0,c=false/false,a=IDLE,uri=null,age=0}
04:29:52.762 [qtp1221981006-52] DEBUG org.eclipse.jetty.io.ssl.SslConnection - flush b[0]=HeapByteBuffer@29624c55[p=0,l=0,c=0,r=0]={<<<>>>}
04:29:52.762 [qtp1221981006-52] DEBUG org.eclipse.jetty.io.ssl.SslConnection - flush NEED_WRAP
04:29:52.762 [qtp1221981006-52] DEBUG org.eclipse.jetty.io.ssl.SslConnection - wrap Status = OK HandshakeStatus = NEED_WRAP bytesConsumed = 0 bytesProduced = 160 [p=0,l=160,c=17408,r=160] ioDone=false/false
04:29:52.763 [qtp1221981006-52] DEBUG org.eclipse.jetty.io.ChannelEndPoint - flushed 160 SocketChannelEndPoint@19cc9352{l=/127.0.0.1:42597,r=/127.0.0.1:51458,OPEN,fill=-,flush=-,to=66/30000}{io=0/0,kio=0,kro=1}->SslConnection@3864fad{NEED_WRAP,eio=0/0,di=-1,fill=IDLE,flush=IDLE}~>DecryptedEndPoint@33004596{l=/127.0.0.1:42597,r=/127.0.0.1:51458,OPEN,fill=-,flush=-,to=91/30000}=>HttpConnection@6ea52b2c[p=HttpParser{s=START,0 of -1},g=HttpGenerator@3632d37f{s=START}]=>HttpChannelOverHttp@36e5ce01{s=HttpChannelState@34f6efa7{s=IDLE rs=BLOCKING os=OPEN is=IDLE awp=false se=false i=true al=0},r=0,c=false/false,a=IDLE,uri=null,age=0}
04:29:52.763 [qtp1221981006-52] DEBUG org.eclipse.jetty.io.ssl.SslConnection - net flushed=true, ac=true
04:29:52.763 [qtp1221981006-52] DEBUG org.eclipse.jetty.io.ssl.SslConnection - flush NEED_WRAP
04:29:52.763 [qtp1221981006-52] DEBUG org.eclipse.jetty.io.ssl.SslConnection - wrap Status = OK HandshakeStatus = NEED_WRAP bytesConsumed = 0 bytesProduced = 6 [p=0,l=6,c=17408,r=6] ioDone=false/false
04:29:52.763 [qtp1221981006-52] DEBUG org.eclipse.jetty.io.ChannelEndPoint - flushed 6 SocketChannelEndPoint@19cc9352{l=/127.0.0.1:42597,r=/127.0.0.1:51458,OPEN,fill=-,flush=-,to=0/30000}{io=0/0,kio=0,kro=1}->SslConnection@3864fad{NEED_WRAP,eio=0/0,di=-1,fill=IDLE,flush=IDLE}~>DecryptedEndPoint@33004596{l=/127.0.0.1:42597,r=/127.0.0.1:51458,OPEN,fill=-,flush=-,to=91/30000}=>HttpConnection@6ea52b2c[p=HttpParser{s=START,0 of -1},g=HttpGenerator@3632d37f{s=START}]=>HttpChannelOverHttp@36e5ce01{s=HttpChannelState@34f6efa7{s=IDLE rs=BLOCKING os=OPEN is=IDLE awp=false se=false i=true al=0},r=0,c=false/false,a=IDLE,uri=null,age=0}
04:29:52.763 [qtp1221981006-52] DEBUG org.eclipse.jetty.io.ssl.SslConnection - net flushed=true, ac=true
04:29:52.763 [qtp1221981006-52] DEBUG org.eclipse.jetty.io.ssl.SslConnection - flush NEED_WRAP
04:29:52.782 [qtp1221981006-52] DEBUG org.eclipse.jetty.io.ssl.SslConnection - wrap Status = OK HandshakeStatus = NEED_UNWRAP bytesConsumed = 0 bytesProduced = 1290 [p=0,l=1290,c=17408,r=1290] ioDone=false/false
04:29:52.782 [qtp1221981006-52] DEBUG org.eclipse.jetty.io.ChannelEndPoint - flushed 1290 SocketChannelEndPoint@19cc9352{l=/127.0.0.1:42597,r=/127.0.0.1:51458,OPEN,fill=-,flush=-,to=18/30000}{io=0/0,kio=0,kro=1}->SslConnection@3864fad{NEED_UNWRAP,eio=0/0,di=-1,fill=IDLE,flush=IDLE}~>DecryptedEndPoint@33004596{l=/127.0.0.1:42597,r=/127.0.0.1:51458,OPEN,fill=-,flush=-,to=110/30000}=>HttpConnection@6ea52b2c[p=HttpParser{s=START,0 of -1},g=HttpGenerator@3632d37f{s=START}]=>HttpChannelOverHttp@36e5ce01{s=HttpChannelState@34f6efa7{s=IDLE rs=BLOCKING os=OPEN is=IDLE awp=false se=false i=true al=0},r=0,c=false/false,a=IDLE,uri=null,age=0}
04:29:52.782 [qtp1221981006-52] DEBUG org.eclipse.jetty.io.ssl.SslConnection - net flushed=true, ac=true
04:29:52.782 [qtp1221981006-52] DEBUG org.eclipse.jetty.io.ssl.SslConnection - <flush true SslConnection@3864fad::SocketChannelEndPoint@19cc9352{l=/127.0.0.1:42597,r=/127.0.0.1:51458,OPEN,fill=-,flush=-,to=0/30000}{io=0/0,kio=0,kro=1}->SslConnection@3864fad{NEED_UNWRAP,eio=0/-1,di=-1,fill=IDLE,flush=IDLE}~>DecryptedEndPoint@33004596{l=/127.0.0.1:42597,r=/127.0.0.1:51458,OPEN,fill=-,flush=-,to=111/30000}=>HttpConnection@6ea52b2c[p=HttpParser{s=START,0 of -1},g=HttpGenerator@3632d37f{s=START}]=>HttpChannelOverHttp@36e5ce01{s=HttpChannelState@34f6efa7{s=IDLE rs=BLOCKING os=OPEN is=IDLE awp=false se=false i=true al=0},r=0,c=false/false,a=IDLE,uri=null,age=0}
04:29:52.782 [qtp1221981006-52] DEBUG org.eclipse.jetty.io.ssl.SslConnection - fill NEED_UNWRAP
04:29:52.783 [qtp1221981006-52] DEBUG org.eclipse.jetty.io.ChannelEndPoint - filled 6 HeapByteBuffer@413ecfef[p=0,l=6,c=17408,r=6]={<<<\x14\x03\x03\x00\x01\x01>>>\x00\x01J\x03\x03\xB9\xFe!\xEb...\x00\x00\x00\x00\x00\x00\x00}
04:29:52.783 [qtp1221981006-52] DEBUG org.eclipse.jetty.io.ssl.SslConnection - net filled=6
04:29:52.783 [qtp1221981006-52] DEBUG org.eclipse.jetty.io.ssl.SslConnection - unwrap net_filled=6 Status = OK HandshakeStatus = NEED_UNWRAP bytesConsumed = 6 bytesProduced = 0 encryptedBuffer=[p=6,l=6,c=17408,r=0] unwrapBuffer=HeapByteBuffer@45014310[p=0,l=0,c=17408,r=0]={<<<>>>\x00\x00\x00\x00\x00\x00\x00\x00\x00...\x00\x00\x00\x00\x00\x00\x00} appBuffer=HeapByteBuffer@45014310[p=0,l=0,c=17408,r=0]={<<<>>>\x00\x00\x00\x00\x00\x00\x00\x00\x00...\x00\x00\x00\x00\x00\x00\x00}
04:29:52.783 [qtp1221981006-52] DEBUG org.eclipse.jetty.io.ssl.SslConnection - fill NEED_UNWRAP
04:29:52.783 [qtp1221981006-52] DEBUG org.eclipse.jetty.io.ChannelEndPoint - filled 0 HeapByteBuffer@413ecfef[p=0,l=0,c=17408,r=0]={<<<>>>\x14\x03\x03\x00\x01\x01\x00\x01J...\x00\x00\x00\x00\x00\x00\x00}
04:29:52.783 [qtp1221981006-52] DEBUG org.eclipse.jetty.io.ssl.SslConnection - net filled=0
04:29:52.783 [qtp1221981006-52] DEBUG org.eclipse.jetty.io.ssl.SslConnection - unwrap net_filled=0 Status = BUFFER_UNDERFLOW HandshakeStatus = NEED_UNWRAP bytesConsumed = 0 bytesProduced = 0 encryptedBuffer=[p=0,l=0,c=17408,r=0] unwrapBuffer=HeapByteBuffer@45014310[p=0,l=0,c=17408,r=0]={<<<>>>\x00\x00\x00\x00\x00\x00\x00\x00\x00...\x00\x00\x00\x00\x00\x00\x00} appBuffer=HeapByteBuffer@45014310[p=0,l=0,c=17408,r=0]={<<<>>>\x00\x00\x00\x00\x00\x00\x00\x00\x00...\x00\x00\x00\x00\x00\x00\x00}
04:29:52.783 [qtp1221981006-52] DEBUG org.eclipse.jetty.io.ssl.SslConnection - <fill f=0 uf=true SslConnection@3864fad::SocketChannelEndPoint@19cc9352{l=/127.0.0.1:42597,r=/127.0.0.1:51458,OPEN,fill=-,flush=-,to=0/30000}{io=0/0,kio=0,kro=1}->SslConnection@3864fad{NEED_UNWRAP,eio=-1/-1,di=-1,fill=IDLE,flush=IDLE}~>DecryptedEndPoint@33004596{l=/127.0.0.1:42597,r=/127.0.0.1:51458,OPEN,fill=-,flush=-,to=112/30000}=>HttpConnection@6ea52b2c[p=HttpParser{s=START,0 of -1},g=HttpGenerator@3632d37f{s=START}]=>HttpChannelOverHttp@36e5ce01{s=HttpChannelState@34f6efa7{s=IDLE rs=BLOCKING os=OPEN is=IDLE awp=false se=false i=true al=0},r=0,c=false/false,a=IDLE,uri=null,age=0}
04:29:52.783 [qtp1221981006-52] DEBUG org.eclipse.jetty.io.ssl.SslConnection - >fill SslConnection@3864fad::SocketChannelEndPoint@19cc9352{l=/127.0.0.1:42597,r=/127.0.0.1:51458,OPEN,fill=-,flush=-,to=0/30000}{io=0/0,kio=0,kro=1}->SslConnection@3864fad{NEED_UNWRAP,eio=-1/-1,di=-1,fill=IDLE,flush=IDLE}~>DecryptedEndPoint@33004596{l=/127.0.0.1:42597,r=/127.0.0.1:51458,OPEN,fill=-,flush=-,to=112/30000}=>HttpConnection@6ea52b2c[p=HttpParser{s=START,0 of -1},g=HttpGenerator@3632d37f{s=START}]=>HttpChannelOverHttp@36e5ce01{s=HttpChannelState@34f6efa7{s=IDLE rs=BLOCKING os=OPEN is=IDLE awp=false se=false i=true al=0},r=0,c=false/false,a=IDLE,uri=null,age=0}
04:29:52.783 [qtp1221981006-52] DEBUG org.eclipse.jetty.io.ssl.SslConnection - fill NEED_UNWRAP
04:29:52.783 [qtp1221981006-52] DEBUG org.eclipse.jetty.io.ChannelEndPoint - filled 0 HeapByteBuffer@24c32c10[p=0,l=0,c=17408,r=0]={<<<>>>\x17\x03\x03\x05\x05\x0bIC)...\x00\x00\x00\x00\x00\x00\x00}
04:29:52.783 [qtp1221981006-52] DEBUG org.eclipse.jetty.io.ssl.SslConnection - net filled=0
04:29:52.783 [qtp1221981006-52] DEBUG org.eclipse.jetty.io.ssl.SslConnection - unwrap net_filled=0 Status = BUFFER_UNDERFLOW HandshakeStatus = NEED_UNWRAP bytesConsumed = 0 bytesProduced = 0 encryptedBuffer=[p=0,l=0,c=17408,r=0] unwrapBuffer=HeapByteBuffer@45014310[p=0,l=0,c=17408,r=0]={<<<>>>\x00\x00\x00\x00\x00\x00\x00\x00\x00...\x00\x00\x00\x00\x00\x00\x00} appBuffer=HeapByteBuffer@45014310[p=0,l=0,c=17408,r=0]={<<<>>>\x00\x00\x00\x00\x00\x00\x00\x00\x00...\x00\x00\x00\x00\x00\x00\x00}
04:29:52.784 [qtp1221981006-52] DEBUG org.eclipse.jetty.io.ssl.SslConnection - <fill f=0 uf=true SslConnection@3864fad::SocketChannelEndPoint@19cc9352{l=/127.0.0.1:42597,r=/127.0.0.1:51458,OPEN,fill=-,flush=-,to=0/30000}{io=0/0,kio=0,kro=1}->SslConnection@3864fad{NEED_UNWRAP,eio=-1/-1,di=-1,fill=IDLE,flush=IDLE}~>DecryptedEndPoint@33004596{l=/127.0.0.1:42597,r=/127.0.0.1:51458,OPEN,fill=-,flush=-,to=112/30000}=>HttpConnection@6ea52b2c[p=HttpParser{s=START,0 of -1},g=HttpGenerator@3632d37f{s=START}]=>HttpChannelOverHttp@36e5ce01{s=HttpChannelState@34f6efa7{s=IDLE rs=BLOCKING os=OPEN is=IDLE awp=false se=false i=true al=0},r=0,c=false/false,a=IDLE,uri=null,age=0}
04:29:52.784 [qtp1221981006-52] DEBUG org.eclipse.jetty.server.HttpConnection - HttpConnection@6ea52b2c::DecryptedEndPoint@33004596{l=/127.0.0.1:42597,r=/127.0.0.1:51458,OPEN,fill=-,flush=-,to=112/30000} filled 0 HeapByteBuffer@45014310[p=0,l=0,c=17408,r=0]={<<<>>>\x00\x00\x00\x00\x00\x00\x00\x00\x00...\x00\x00\x00\x00\x00\x00\x00}
04:29:52.784 [qtp1221981006-52] DEBUG org.eclipse.jetty.server.HttpConnection - HttpConnection@6ea52b2c::DecryptedEndPoint@33004596{l=/127.0.0.1:42597,r=/127.0.0.1:51458,OPEN,fill=-,flush=-,to=112/30000} parse HeapByteBuffer@45014310[p=0,l=0,c=17408,r=0]={<<<>>>\x00\x00\x00\x00\x00\x00\x00\x00\x00...\x00\x00\x00\x00\x00\x00\x00} {}
04:29:52.784 [qtp1221981006-52] DEBUG org.eclipse.jetty.http.HttpParser - parseNext s=START HeapByteBuffer@45014310[p=0,l=0,c=17408,r=0]={<<<>>>\x00\x00\x00\x00\x00\x00\x00\x00\x00...\x00\x00\x00\x00\x00\x00\x00}
04:29:52.784 [qtp1221981006-52] DEBUG org.eclipse.jetty.server.HttpConnection - HttpConnection@6ea52b2c::DecryptedEndPoint@33004596{l=/127.0.0.1:42597,r=/127.0.0.1:51458,OPEN,fill=-,flush=-,to=113/30000} parsed false HttpParser{s=START,0 of -1}
04:29:52.784 [qtp1221981006-52] DEBUG org.eclipse.jetty.server.HttpConnection - releaseRequestBuffer HttpConnection@6ea52b2c::DecryptedEndPoint@33004596{l=/127.0.0.1:42597,r=/127.0.0.1:51458,OPEN,fill=-,flush=-,to=113/30000}
04:29:52.784 [qtp1221981006-52] DEBUG org.eclipse.jetty.io.AbstractConnection - fillInterested HttpConnection@6ea52b2c::DecryptedEndPoint@33004596{l=/127.0.0.1:42597,r=/127.0.0.1:51458,OPEN,fill=-,flush=-,to=113/30000}
04:29:52.784 [qtp1221981006-52] DEBUG org.eclipse.jetty.io.FillInterest - interested FillInterest@425a2e44{AC.ReadCB@6ea52b2c{HttpConnection@6ea52b2c::DecryptedEndPoint@33004596{l=/127.0.0.1:42597,r=/127.0.0.1:51458,OPEN,fill=FI,flush=-,to=0/30000}}}
04:29:52.784 [qtp1221981006-52] DEBUG org.eclipse.jetty.io.ssl.SslConnection - >needFillInterest s=IDLE/IDLE uf=true ei=null di=null SslConnection@3864fad::SocketChannelEndPoint@19cc9352{l=/127.0.0.1:42597,r=/127.0.0.1:51458,OPEN,fill=-,flush=-,to=1/30000}{io=0/0,kio=0,kro=1}->SslConnection@3864fad{NEED_UNWRAP,eio=-1/-1,di=-1,fill=IDLE,flush=IDLE}~>DecryptedEndPoint@33004596{l=/127.0.0.1:42597,r=/127.0.0.1:51458,OPEN,fill=FI,flush=-,to=0/30000}=>HttpConnection@6ea52b2c[p=HttpParser{s=START,0 of -1},g=HttpGenerator@3632d37f{s=START}]=>HttpChannelOverHttp@36e5ce01{s=HttpChannelState@34f6efa7{s=IDLE rs=BLOCKING os=OPEN is=IDLE awp=false se=false i=true al=0},r=0,c=false/false,a=IDLE,uri=null,age=0}
04:29:52.784 [qtp1221981006-52] DEBUG org.eclipse.jetty.io.ssl.SslConnection - <needFillInterest s=IDLE/INTERESTED f=false i=true w=null
04:29:52.785 [qtp1221981006-52] DEBUG org.eclipse.jetty.io.ssl.SslConnection - ensureFillInterested SslConnection@3864fad::SocketChannelEndPoint@19cc9352{l=/127.0.0.1:42597,r=/127.0.0.1:51458,OPEN,fill=-,flush=-,to=1/30000}{io=0/0,kio=0,kro=1}->SslConnection@3864fad{NEED_UNWRAP,eio=-1/-1,di=-1,fill=INTERESTED,flush=IDLE}~>DecryptedEndPoint@33004596{l=/127.0.0.1:42597,r=/127.0.0.1:51458,OPEN,fill=FI,flush=-,to=0/30000}=>HttpConnection@6ea52b2c[p=HttpParser{s=START,0 of -1},g=HttpGenerator@3632d37f{s=START}]=>HttpChannelOverHttp@36e5ce01{s=HttpChannelState@34f6efa7{s=IDLE rs=BLOCKING os=OPEN is=IDLE awp=false se=false i=true al=0},r=0,c=false/false,a=IDLE,uri=null,age=0}
04:29:52.785 [qtp1221981006-52] DEBUG org.eclipse.jetty.io.FillInterest - interested FillInterest@788dc9bd{SSLC.NBReadCB@3864fad{SslConnection@3864fad::SocketChannelEndPoint@19cc9352{l=/127.0.0.1:42597,r=/127.0.0.1:51458,OPEN,fill=FI,flush=-,to=0/30000}{io=0/0,kio=0,kro=1}->SslConnection@3864fad{NEED_UNWRAP,eio=-1/-1,di=-1,fill=INTERESTED,flush=IDLE}~>DecryptedEndPoint@33004596{l=/127.0.0.1:42597,r=/127.0.0.1:51458,OPEN,fill=FI,flush=-,to=0/30000}=>HttpConnection@6ea52b2c[p=HttpParser{s=START,0 of -1},g=HttpGenerator@3632d37f{s=START}]=>HttpChannelOverHttp@36e5ce01{s=HttpChannelState@34f6efa7{s=IDLE rs=BLOCKING os=OPEN is=IDLE awp=false se=false i=true al=0},r=0,c=false/false,a=IDLE,uri=null,age=0}}}
04:29:52.785 [qtp1221981006-52] DEBUG org.eclipse.jetty.io.ChannelEndPoint - changeInterests p=false 0->1 for SocketChannelEndPoint@19cc9352{l=/127.0.0.1:42597,r=/127.0.0.1:51458,OPEN,fill=FI,flush=-,to=0/30000}{io=0/1,kio=0,kro=1}->SslConnection@3864fad{NEED_UNWRAP,eio=-1/-1,di=-1,fill=INTERESTED,flush=IDLE}~>DecryptedEndPoint@33004596{l=/127.0.0.1:42597,r=/127.0.0.1:51458,OPEN,fill=FI,flush=-,to=0/30000}=>HttpConnection@6ea52b2c[p=HttpParser{s=START,0 of -1},g=HttpGenerator@3632d37f{s=START}]=>HttpChannelOverHttp@36e5ce01{s=HttpChannelState@34f6efa7{s=IDLE rs=BLOCKING os=OPEN is=IDLE awp=false se=false i=true al=0},r=0,c=false/false,a=IDLE,uri=null,age=0}
04:29:52.785 [qtp1221981006-52] DEBUG org.eclipse.jetty.io.ManagedSelector - Queued change lazy=false org.eclipse.jetty.io.ChannelEndPoint$$Lambda$255/1126011505@6b36e0e6 on ManagedSelector@77a7cf58{STARTED} id=1 keys=1 selected=0 updates=0
04:29:52.785 [qtp1221981006-52] DEBUG org.eclipse.jetty.io.ManagedSelector - Wakeup on submit ManagedSelector@77a7cf58{STARTED} id=1 keys=1 selected=0 updates=1
04:29:52.785 [qtp1221981006-46] DEBUG org.eclipse.jetty.io.ManagedSelector - Selector sun.nio.ch.EPollSelectorImpl@71bc4e1f woken with none selected
04:29:52.785 [qtp1221981006-52] DEBUG org.eclipse.jetty.server.HttpConnection - HttpConnection@6ea52b2c::DecryptedEndPoint@33004596{l=/127.0.0.1:42597,r=/127.0.0.1:51458,OPEN,fill=FI,flush=-,to=1/30000} onFillable exit HttpChannelState@34f6efa7{s=IDLE rs=BLOCKING os=OPEN is=IDLE awp=false se=false i=true al=0} null
04:29:52.785 [qtp1221981006-46] DEBUG org.eclipse.jetty.io.ManagedSelector - Selector sun.nio.ch.EPollSelectorImpl@71bc4e1f woken up from select, 0/0/1 selected
04:29:52.785 [qtp1221981006-46] DEBUG org.eclipse.jetty.io.ManagedSelector - Selector sun.nio.ch.EPollSelectorImpl@71bc4e1f processing 0 keys, 1 updates
04:29:52.785 [qtp1221981006-46] DEBUG org.eclipse.jetty.io.ManagedSelector - updateable 1
04:29:52.785 [qtp1221981006-46] DEBUG org.eclipse.jetty.io.ManagedSelector - update org.eclipse.jetty.io.ChannelEndPoint$$Lambda$255/1126011505@6b36e0e6
04:29:52.785 [qtp1221981006-52] DEBUG org.eclipse.jetty.io.ssl.SslConnection - <c.onFillable SslConnection@3864fad::SocketChannelEndPoint@19cc9352{l=/127.0.0.1:42597,r=/127.0.0.1:51458,OPEN,fill=FI,flush=-,to=0/30000}{io=0/1,kio=0,kro=1}->SslConnection@3864fad{NEED_UNWRAP,eio=-1/-1,di=-1,fill=INTERESTED,flush=IDLE}~>DecryptedEndPoint@33004596{l=/127.0.0.1:42597,r=/127.0.0.1:51458,OPEN,fill=FI,flush=-,to=1/30000}=>HttpConnection@6ea52b2c[p=HttpParser{s=START,0 of -1},g=HttpGenerator@3632d37f{s=START}]=>HttpChannelOverHttp@36e5ce01{s=HttpChannelState@34f6efa7{s=IDLE rs=BLOCKING os=OPEN is=IDLE awp=false se=false i=true al=0},r=0,c=false/false,a=IDLE,uri=null,age=0}
04:29:52.786 [qtp1221981006-46] DEBUG org.eclipse.jetty.io.ChannelEndPoint - Key interests updated 0 -> 1 on SocketChannelEndPoint@19cc9352{l=/127.0.0.1:42597,r=/127.0.0.1:51458,OPEN,fill=FI,flush=-,to=0/30000}{io=1/1,kio=1,kro=1}->SslConnection@3864fad{NEED_UNWRAP,eio=-1/-1,di=-1,fill=INTERESTED,flush=IDLE}~>DecryptedEndPoint@33004596{l=/127.0.0.1:42597,r=/127.0.0.1:51458,OPEN,fill=FI,flush=-,to=1/30000}=>HttpConnection@6ea52b2c[p=HttpParser{s=START,0 of -1},g=HttpGenerator@3632d37f{s=START}]=>HttpChannelOverHttp@36e5ce01{s=HttpChannelState@34f6efa7{s=IDLE rs=BLOCKING os=OPEN is=IDLE awp=false se=false i=true al=0},r=0,c=false/false,a=IDLE,uri=null,age=0}
04:29:52.786 [qtp1221981006-52] DEBUG org.eclipse.jetty.util.thread.QueuedThreadPool - ran CEP:SocketChannelEndPoint@19cc9352{l=/127.0.0.1:42597,r=/127.0.0.1:51458,OPEN,fill=FI,flush=-,to=0/30000}{io=1/1,kio=1,kro=1}->SslConnection@3864fad{NEED_UNWRAP,eio=-1/-1,di=-1,fill=INTERESTED,flush=IDLE}~>DecryptedEndPoint@33004596{l=/127.0.0.1:42597,r=/127.0.0.1:51458,OPEN,fill=FI,flush=-,to=1/30000}=>HttpConnection@6ea52b2c[p=HttpParser{s=START,0 of -1},g=HttpGenerator@3632d37f{s=START}]=>HttpChannelOverHttp@36e5ce01{s=HttpChannelState@34f6efa7{s=IDLE rs=BLOCKING os=OPEN is=IDLE awp=false se=false i=true al=0},r=0,c=false/false,a=IDLE,uri=null,age=0}:runFillable:BLOCKING in QueuedThreadPool[qtp1221981006]@48d5f34e{STARTED,8<=8<=200,i=1,r=-1,q=0}[ReservedThreadExecutor@6f152006{reserved=1/8,pending=0}]
04:29:52.786 [qtp1221981006-46] DEBUG org.eclipse.jetty.io.ManagedSelector - updates 0
04:29:52.786 [qtp1221981006-46] DEBUG org.eclipse.jetty.io.ManagedSelector - Selector sun.nio.ch.EPollSelectorImpl@71bc4e1f waiting with 1 keys
04:29:52.789 [qtp1221981006-46] DEBUG org.eclipse.jetty.io.ManagedSelector - Selector sun.nio.ch.EPollSelectorImpl@71bc4e1f woken up from select, 1/1/1 selected
04:29:52.789 [qtp1221981006-46] DEBUG org.eclipse.jetty.io.ManagedSelector - Selector sun.nio.ch.EPollSelectorImpl@71bc4e1f processing 1 keys, 0 updates
04:29:52.789 [qtp1221981006-46] DEBUG org.eclipse.jetty.io.ManagedSelector - selected 1 sun.nio.ch.SelectionKeyImpl@7f7bbe58 SocketChannelEndPoint@19cc9352{l=/127.0.0.1:42597,r=/127.0.0.1:51458,OPEN,fill=FI,flush=-,to=4/30000}{io=1/1,kio=1,kro=1}->SslConnection@3864fad{NEED_UNWRAP,eio=-1/-1,di=-1,fill=INTERESTED,flush=IDLE}~>DecryptedEndPoint@33004596{l=/127.0.0.1:42597,r=/127.0.0.1:51458,OPEN,fill=FI,flush=-,to=5/30000}=>HttpConnection@6ea52b2c[p=HttpParser{s=START,0 of -1},g=HttpGenerator@3632d37f{s=START}]=>HttpChannelOverHttp@36e5ce01{s=HttpChannelState@34f6efa7{s=IDLE rs=BLOCKING os=OPEN is=IDLE awp=false se=false i=true al=0},r=0,c=false/false,a=IDLE,uri=null,age=0} 
04:29:52.789 [qtp1221981006-46] DEBUG org.eclipse.jetty.io.ChannelEndPoint - onSelected 1->0 r=true w=false for SocketChannelEndPoint@19cc9352{l=/127.0.0.1:42597,r=/127.0.0.1:51458,OPEN,fill=FI,flush=-,to=4/30000}{io=1/0,kio=1,kro=1}->SslConnection@3864fad{NEED_UNWRAP,eio=-1/-1,di=-1,fill=INTERESTED,flush=IDLE}~>DecryptedEndPoint@33004596{l=/127.0.0.1:42597,r=/127.0.0.1:51458,OPEN,fill=FI,flush=-,to=5/30000}=>HttpConnection@6ea52b2c[p=HttpParser{s=START,0 of -1},g=HttpGenerator@3632d37f{s=START}]=>HttpChannelOverHttp@36e5ce01{s=HttpChannelState@34f6efa7{s=IDLE rs=BLOCKING os=OPEN is=IDLE awp=false se=false i=true al=0},r=0,c=false/false,a=IDLE,uri=null,age=0}
04:29:52.790 [qtp1221981006-46] DEBUG org.eclipse.jetty.io.ChannelEndPoint - task CEP:SocketChannelEndPoint@19cc9352{l=/127.0.0.1:42597,r=/127.0.0.1:51458,OPEN,fill=FI,flush=-,to=4/30000}{io=1/0,kio=1,kro=1}->SslConnection@3864fad{NEED_UNWRAP,eio=-1/-1,di=-1,fill=INTERESTED,flush=IDLE}~>DecryptedEndPoint@33004596{l=/127.0.0.1:42597,r=/127.0.0.1:51458,OPEN,fill=FI,flush=-,to=5/30000}=>HttpConnection@6ea52b2c[p=HttpParser{s=START,0 of -1},g=HttpGenerator@3632d37f{s=START}]=>HttpChannelOverHttp@36e5ce01{s=HttpChannelState@34f6efa7{s=IDLE rs=BLOCKING os=OPEN is=IDLE awp=false se=false i=true al=0},r=0,c=false/false,a=IDLE,uri=null,age=0}:runFillable:BLOCKING
04:29:52.790 [qtp1221981006-46] DEBUG org.eclipse.jetty.util.thread.ReservedThreadExecutor - ReservedThreadExecutor@6f152006{reserved=1/8,pending=0} tryExecute EatWhatYouKill@4d722ac9/SelectorProducer@53f0a4cb/PRODUCING/p=false/QueuedThreadPool[qtp1221981006]@48d5f34e{STARTED,8<=8<=200,i=2,r=-1,q=0}[ReservedThreadExecutor@6f152006{reserved=1/8,pending=0}][pc=0,pic=0,pec=1,epc=0]@2024-05-02T04:29:52.79+01:00
04:29:52.790 [qtp1221981006-46] DEBUG org.eclipse.jetty.util.thread.ReservedThreadExecutor - ReservedThreadExecutor@6f152006{reserved=0/8,pending=1} startReservedThread p=1
04:29:52.790 [qtp1221981006-46] DEBUG org.eclipse.jetty.util.thread.QueuedThreadPool - queue ReservedThread@3e46b463{PENDING,thread=null} startThread=0
04:29:52.790 [qtp1221981006-46] DEBUG org.eclipse.jetty.util.thread.strategy.EatWhatYouKill - EatWhatYouKill@4d722ac9/SelectorProducer@53f0a4cb/IDLE/p=true/QueuedThreadPool[qtp1221981006]@48d5f34e{STARTED,8<=8<=200,i=1,r=-1,q=0}[ReservedThreadExecutor@6f152006{reserved=0/8,pending=1}][pc=0,pic=0,pec=1,epc=0]@2024-05-02T04:29:52.79+01:00 m=EXECUTE_PRODUCE_CONSUME t=CEP:SocketChannelEndPoint@19cc9352{l=/127.0.0.1:42597,r=/127.0.0.1:51458,OPEN,fill=FI,flush=-,to=5/30000}{io=1/0,kio=1,kro=1}->SslConnection@3864fad{NEED_UNWRAP,eio=-1/-1,di=-1,fill=INTERESTED,flush=IDLE}~>DecryptedEndPoint@33004596{l=/127.0.0.1:42597,r=/127.0.0.1:51458,OPEN,fill=FI,flush=-,to=6/30000}=>HttpConnection@6ea52b2c[p=HttpParser{s=START,0 of -1},g=HttpGenerator@3632d37f{s=START}]=>HttpChannelOverHttp@36e5ce01{s=HttpChannelState@34f6efa7{s=IDLE rs=BLOCKING os=OPEN is=IDLE awp=false se=false i=true al=0},r=0,c=false/false,a=IDLE,uri=null,age=0}:runFillable:BLOCKING/BLOCKING
04:29:52.791 [qtp1221981006-51] DEBUG org.eclipse.jetty.util.thread.ReservedThreadExecutor - ReservedThread@7b44256f{RESERVED,thread=Thread[qtp1221981006-51,5,main]} task=EatWhatYouKill@4d722ac9/SelectorProducer@53f0a4cb/IDLE/p=true/QueuedThreadPool[qtp1221981006]@48d5f34e{STARTED,8<=8<=200,i=1,r=-1,q=0}[ReservedThreadExecutor@6f152006{reserved=0/8,pending=1}][pc=0,pic=0,pec=1,epc=1]@2024-05-02T04:29:52.791+01:00 ReservedThreadExecutor@6f152006{reserved=0/8,pending=1}
04:29:52.791 [qtp1221981006-50] DEBUG org.eclipse.jetty.util.thread.QueuedThreadPool - run ReservedThread@3e46b463{PENDING,thread=null} in QueuedThreadPool[qtp1221981006]@48d5f34e{STARTED,8<=8<=200,i=1,r=-1,q=0}[ReservedThreadExecutor@6f152006{reserved=0/8,pending=1}]
04:29:52.791 [qtp1221981006-51] DEBUG org.eclipse.jetty.util.thread.strategy.EatWhatYouKill - EatWhatYouKill@4d722ac9/SelectorProducer@53f0a4cb/IDLE/p=true/QueuedThreadPool[qtp1221981006]@48d5f34e{STARTED,8<=8<=200,i=1,r=-1,q=0}[ReservedThreadExecutor@6f152006{reserved=0/8,pending=1}][pc=0,pic=0,pec=1,epc=1]@2024-05-02T04:29:52.791+01:00 tryProduce true
04:29:52.791 [qtp1221981006-46] DEBUG org.eclipse.jetty.io.FillInterest - fillable FillInterest@788dc9bd{SSLC.NBReadCB@3864fad{SslConnection@3864fad::SocketChannelEndPoint@19cc9352{l=/127.0.0.1:42597,r=/127.0.0.1:51458,OPEN,fill=FI,flush=-,to=5/30000}{io=1/0,kio=1,kro=1}->SslConnection@3864fad{NEED_UNWRAP,eio=-1/-1,di=-1,fill=INTERESTED,flush=IDLE}~>DecryptedEndPoint@33004596{l=/127.0.0.1:42597,r=/127.0.0.1:51458,OPEN,fill=FI,flush=-,to=6/30000}=>HttpConnection@6ea52b2c[p=HttpParser{s=START,0 of -1},g=HttpGenerator@3632d37f{s=START}]=>HttpChannelOverHttp@36e5ce01{s=HttpChannelState@34f6efa7{s=IDLE rs=BLOCKING os=OPEN is=IDLE awp=false se=false i=true al=0},r=0,c=false/false,a=IDLE,uri=null,age=0}}}
04:29:52.791 [qtp1221981006-50] DEBUG org.eclipse.jetty.util.thread.ReservedThreadExecutor - ReservedThread@3e46b463{PENDING,thread=Thread[qtp1221981006-50,5,main]} was=PENDING next=RESERVED size=0+1 capacity=8
04:29:52.791 [qtp1221981006-50] DEBUG org.eclipse.jetty.util.thread.ReservedThreadExecutor - ReservedThread@3e46b463{RESERVED,thread=Thread[qtp1221981006-50,5,main]} waiting ReservedThreadExecutor@6f152006{reserved=1/8,pending=0}
04:29:52.791 [qtp1221981006-51] DEBUG org.eclipse.jetty.io.ManagedSelector - updateable 0
04:29:52.791 [qtp1221981006-51] DEBUG org.eclipse.jetty.io.ManagedSelector - updates 0
04:29:52.791 [qtp1221981006-51] DEBUG org.eclipse.jetty.io.ChannelEndPoint - Key interests updated 1 -> 0 on SocketChannelEndPoint@19cc9352{l=/127.0.0.1:42597,r=/127.0.0.1:51458,OPEN,fill=FI,flush=-,to=6/30000}{io=0/0,kio=0,kro=1}->SslConnection@3864fad{NEED_UNWRAP,eio=-1/-1,di=-1,fill=INTERESTED,flush=IDLE}~>DecryptedEndPoint@33004596{l=/127.0.0.1:42597,r=/127.0.0.1:51458,OPEN,fill=FI,flush=-,to=7/30000}=>HttpConnection@6ea52b2c[p=HttpParser{s=START,0 of -1},g=HttpGenerator@3632d37f{s=START}]=>HttpChannelOverHttp@36e5ce01{s=HttpChannelState@34f6efa7{s=IDLE rs=BLOCKING os=OPEN is=IDLE awp=false se=false i=true al=0},r=0,c=false/false,a=IDLE,uri=null,age=0}
04:29:52.791 [qtp1221981006-51] DEBUG org.eclipse.jetty.io.ManagedSelector - Selector sun.nio.ch.EPollSelectorImpl@71bc4e1f waiting with 1 keys
04:29:52.791 [qtp1221981006-46] DEBUG org.eclipse.jetty.io.ssl.SslConnection - >c.onFillable SslConnection@3864fad::SocketChannelEndPoint@19cc9352{l=/127.0.0.1:42597,r=/127.0.0.1:51458,OPEN,fill=-,flush=-,to=6/30000}{io=0/0,kio=0,kro=1}->SslConnection@3864fad{NEED_UNWRAP,eio=-1/-1,di=-1,fill=INTERESTED,flush=IDLE}~>DecryptedEndPoint@33004596{l=/127.0.0.1:42597,r=/127.0.0.1:51458,OPEN,fill=FI,flush=-,to=7/30000}=>HttpConnection@6ea52b2c[p=HttpParser{s=START,0 of -1},g=HttpGenerator@3632d37f{s=START}]=>HttpChannelOverHttp@36e5ce01{s=HttpChannelState@34f6efa7{s=IDLE rs=BLOCKING os=OPEN is=IDLE awp=false se=false i=true al=0},r=0,c=false/false,a=IDLE,uri=null,age=0}
04:29:52.792 [qtp1221981006-46] DEBUG org.eclipse.jetty.io.ssl.SslConnection - onFillable SslConnection@3864fad::SocketChannelEndPoint@19cc9352{l=/127.0.0.1:42597,r=/127.0.0.1:51458,OPEN,fill=-,flush=-,to=6/30000}{io=0/0,kio=0,kro=1}->SslConnection@3864fad{NEED_UNWRAP,eio=-1/-1,di=-1,fill=INTERESTED,flush=IDLE}~>DecryptedEndPoint@33004596{l=/127.0.0.1:42597,r=/127.0.0.1:51458,OPEN,fill=FI,flush=-,to=7/30000}=>HttpConnection@6ea52b2c[p=HttpParser{s=START,0 of -1},g=HttpGenerator@3632d37f{s=START}]=>HttpChannelOverHttp@36e5ce01{s=HttpChannelState@34f6efa7{s=IDLE rs=BLOCKING os=OPEN is=IDLE awp=false se=false i=true al=0},r=0,c=false/false,a=IDLE,uri=null,age=0}
04:29:52.792 [qtp1221981006-46] DEBUG org.eclipse.jetty.io.FillInterest - fillable FillInterest@425a2e44{AC.ReadCB@6ea52b2c{HttpConnection@6ea52b2c::DecryptedEndPoint@33004596{l=/127.0.0.1:42597,r=/127.0.0.1:51458,OPEN,fill=FI,flush=-,to=7/30000}}}
04:29:52.792 [qtp1221981006-46] DEBUG org.eclipse.jetty.server.HttpConnection - HttpConnection@6ea52b2c::DecryptedEndPoint@33004596{l=/127.0.0.1:42597,r=/127.0.0.1:51458,OPEN,fill=-,flush=-,to=7/30000} onFillable enter HttpChannelState@34f6efa7{s=IDLE rs=BLOCKING os=OPEN is=IDLE awp=false se=false i=true al=0} null
04:29:52.792 [qtp1221981006-46] DEBUG org.eclipse.jetty.io.ssl.SslConnection - >fill SslConnection@3864fad::SocketChannelEndPoint@19cc9352{l=/127.0.0.1:42597,r=/127.0.0.1:51458,OPEN,fill=-,flush=-,to=7/30000}{io=0/0,kio=0,kro=1}->SslConnection@3864fad{NEED_UNWRAP,eio=-1/-1,di=-1,fill=IDLE,flush=IDLE}~>DecryptedEndPoint@33004596{l=/127.0.0.1:42597,r=/127.0.0.1:51458,OPEN,fill=-,flush=-,to=7/30000}=>HttpConnection@6ea52b2c[p=HttpParser{s=START,0 of -1},g=HttpGenerator@3632d37f{s=START}]=>HttpChannelOverHttp@36e5ce01{s=HttpChannelState@34f6efa7{s=IDLE rs=BLOCKING os=OPEN is=IDLE awp=false se=false i=true al=0},r=0,c=false/false,a=IDLE,uri=null,age=0}
04:29:52.792 [qtp1221981006-46] DEBUG org.eclipse.jetty.io.ssl.SslConnection - fill NEED_UNWRAP
04:29:52.792 [qtp1221981006-46] DEBUG org.eclipse.jetty.io.ChannelEndPoint - filled 90 HeapByteBuffer@24c32c10[p=0,l=90,c=17408,r=90]={<<<\x17\x03\x03\x00U\xCc\xD1\xB4\n\xA7\x92a\xC9\xBd\xC8\xA1\x84s\xA5\xB3\xAaS\xEe\x03\x9d...p\xEe\xE4\xD4Z@\xFd:\x19\xDb\x16\xB1\x9a\xE7\xB0J\xC7\xD9\xCeniw\x05>>>\xBc\xE2t\xDd\xA7\xEf&\xC1O...\x00\x00\x00\x00\x00\x00\x00}
04:29:52.792 [qtp1221981006-46] DEBUG org.eclipse.jetty.io.ssl.SslConnection - net filled=90
04:29:52.795 [qtp1221981006-46] DEBUG org.eclipse.jetty.io.ssl.SslConnection - unwrap net_filled=90 Status = OK HandshakeStatus = NEED_WRAP bytesConsumed = 90 bytesProduced = 0 encryptedBuffer=[p=90,l=90,c=17408,r=0] unwrapBuffer=HeapByteBuffer@413ecfef[p=0,l=0,c=17408,r=0]={<<<>>>\x14\x03\x03\x00\x01\x01\x00\x01J...\x00\x00\x00\x00\x00\x00\x00} appBuffer=HeapByteBuffer@413ecfef[p=0,l=0,c=17408,r=0]={<<<>>>\x14\x03\x03\x00\x01\x01\x00\x01J...\x00\x00\x00\x00\x00\x00\x00}
04:29:52.795 [qtp1221981006-46] DEBUG org.eclipse.jetty.io.ssl.SslConnection - fill NEED_WRAP
04:29:52.795 [qtp1221981006-46] DEBUG org.eclipse.jetty.io.ssl.SslConnection - >flush SslConnection@3864fad::SocketChannelEndPoint@19cc9352{l=/127.0.0.1:42597,r=/127.0.0.1:51458,OPEN,fill=-,flush=-,to=2/30000}{io=0/0,kio=0,kro=1}->SslConnection@3864fad{NEED_WRAP,eio=0/-1,di=-1,fill=IDLE,flush=IDLE}~>DecryptedEndPoint@33004596{l=/127.0.0.1:42597,r=/127.0.0.1:51458,OPEN,fill=-,flush=-,to=10/30000}=>HttpConnection@6ea52b2c[p=HttpParser{s=START,0 of -1},g=HttpGenerator@3632d37f{s=START}]=>HttpChannelOverHttp@36e5ce01{s=HttpChannelState@34f6efa7{s=IDLE rs=BLOCKING os=OPEN is=IDLE awp=false se=false i=true al=0},r=0,c=false/false,a=IDLE,uri=null,age=0}
04:29:52.795 [qtp1221981006-46] DEBUG org.eclipse.jetty.io.ssl.SslConnection - flush b[0]=HeapByteBuffer@29624c55[p=0,l=0,c=0,r=0]={<<<>>>}
04:29:52.795 [qtp1221981006-46] DEBUG org.eclipse.jetty.io.ssl.SslConnection - flush NEED_WRAP
04:29:52.795 [qtp1221981006-46] DEBUG org.eclipse.jetty.io.ssl.SslConnection - wrap Status = OK HandshakeStatus = FINISHED bytesConsumed = 0 bytesProduced = 88 [p=0,l=88,c=17408,r=88] ioDone=false/false
04:29:52.796 [qtp1221981006-46] DEBUG org.eclipse.jetty.io.ChannelEndPoint - flushed 88 SocketChannelEndPoint@19cc9352{l=/127.0.0.1:42597,r=/127.0.0.1:51458,OPEN,fill=-,flush=-,to=3/30000}{io=0/0,kio=0,kro=1}->SslConnection@3864fad{NOT_HANDSHAKING,eio=0/0,di=-1,fill=IDLE,flush=IDLE}~>DecryptedEndPoint@33004596{l=/127.0.0.1:42597,r=/127.0.0.1:51458,OPEN,fill=-,flush=-,to=11/30000}=>HttpConnection@6ea52b2c[p=HttpParser{s=START,0 of -1},g=HttpGenerator@3632d37f{s=START}]=>HttpChannelOverHttp@36e5ce01{s=HttpChannelState@34f6efa7{s=IDLE rs=BLOCKING os=OPEN is=IDLE awp=false se=false i=true al=0},r=0,c=false/false,a=IDLE,uri=null,age=0}
04:29:52.796 [qtp1221981006-46] DEBUG org.eclipse.jetty.io.ssl.SslConnection - net flushed=true, ac=true
04:29:52.796 [qtp1221981006-46] DEBUG org.eclipse.jetty.io.ssl.SslConnection - handshake succeeded SslConnection@3864fad::SocketChannelEndPoint@19cc9352{l=/127.0.0.1:42597,r=/127.0.0.1:51458,OPEN,fill=-,flush=-,to=0/30000}{io=0/0,kio=0,kro=1}->SslConnection@3864fad{NOT_HANDSHAKING,eio=0/0,di=-1,fill=IDLE,flush=IDLE}~>DecryptedEndPoint@33004596{l=/127.0.0.1:42597,r=/127.0.0.1:51458,OPEN,fill=-,flush=-,to=11/30000}=>HttpConnection@6ea52b2c[p=HttpParser{s=START,0 of -1},g=HttpGenerator@3632d37f{s=START}]=>HttpChannelOverHttp@36e5ce01{s=HttpChannelState@34f6efa7{s=IDLE rs=BLOCKING os=OPEN is=IDLE awp=false se=false i=true al=0},r=0,c=false/false,a=IDLE,uri=null,age=0} resumed server TLSv1.3/TLS_AES_256_GCM_SHA384
04:29:52.796 [qtp1221981006-46] DEBUG org.eclipse.jetty.io.ssl.SslConnection - <flush true SslConnection@3864fad::SocketChannelEndPoint@19cc9352{l=/127.0.0.1:42597,r=/127.0.0.1:51458,OPEN,fill=-,flush=-,to=0/30000}{io=0/0,kio=0,kro=1}->SslConnection@3864fad{NOT_HANDSHAKING,eio=0/-1,di=-1,fill=IDLE,flush=IDLE}~>DecryptedEndPoint@33004596{l=/127.0.0.1:42597,r=/127.0.0.1:51458,OPEN,fill=-,flush=-,to=11/30000}=>HttpConnection@6ea52b2c[p=HttpParser{s=START,0 of -1},g=HttpGenerator@3632d37f{s=START}]=>HttpChannelOverHttp@36e5ce01{s=HttpChannelState@34f6efa7{s=IDLE rs=BLOCKING os=OPEN is=IDLE awp=false se=false i=true al=0},r=0,c=false/false,a=IDLE,uri=null,age=0}
04:29:52.796 [qtp1221981006-46] DEBUG org.eclipse.jetty.io.ssl.SslConnection - fill NOT_HANDSHAKING
04:29:52.796 [qtp1221981006-46] DEBUG org.eclipse.jetty.io.ChannelEndPoint - filled 153 HeapByteBuffer@24c32c10[p=0,l=153,c=17408,r=153]={<<<\x17\x03\x03\x00\x94\xA0\x98\xCd\xB8"X9N\xF20\xF3\\\xC8\xEd"\x0bS\xFaO\xC8...\xA1\xDeD\xE9) \x00\x80\x10\x0f\x84\xDdx\x13t\xD9\xA5\xC8!}\xFc\x15\xBc>>>B\x0b#\xE3:\xC4<#\xDf...\x00\x00\x00\x00\x00\x00\x00}
04:29:52.796 [qtp1221981006-46] DEBUG org.eclipse.jetty.io.ssl.SslConnection - net filled=153
04:29:52.797 [qtp1221981006-46] DEBUG org.eclipse.jetty.io.ssl.SslConnection - unwrap net_filled=153 Status = OK HandshakeStatus = NOT_HANDSHAKING bytesConsumed = 153 bytesProduced = 115 encryptedBuffer=[p=153,l=153,c=17408,r=0] unwrapBuffer=HeapByteBuffer@413ecfef[p=0,l=115,c=17408,r=115]={<<<GET / HTTP/1.1\r\nHost: loc...gent: okhttp/3.12.3\r\n\r\n>>>\x18\x00\x19\x01\x00\x01\x01\x01\x02...\x00\x00\x00\x00\x00\x00\x00} appBuffer=HeapByteBuffer@413ecfef[p=0,l=115,c=17408,r=115]={<<<GET / HTTP/1.1\r\nHost: loc...gent: okhttp/3.12.3\r\n\r\n>>>\x18\x00\x19\x01\x00\x01\x01\x01\x02...\x00\x00\x00\x00\x00\x00\x00}
04:29:52.797 [qtp1221981006-46] DEBUG org.eclipse.jetty.io.ssl.SslConnection - <fill f=115 uf=false SslConnection@3864fad::SocketChannelEndPoint@19cc9352{l=/127.0.0.1:42597,r=/127.0.0.1:51458,OPEN,fill=-,flush=-,to=0/30000}{io=0/0,kio=0,kro=1}->SslConnection@3864fad{NOT_HANDSHAKING,eio=-1/-1,di=-1,fill=IDLE,flush=IDLE}~>DecryptedEndPoint@33004596{l=/127.0.0.1:42597,r=/127.0.0.1:51458,OPEN,fill=-,flush=-,to=12/30000}=>HttpConnection@6ea52b2c[p=HttpParser{s=START,0 of -1},g=HttpGenerator@3632d37f{s=START}]=>HttpChannelOverHttp@36e5ce01{s=HttpChannelState@34f6efa7{s=IDLE rs=BLOCKING os=OPEN is=IDLE awp=false se=false i=true al=0},r=0,c=false/false,a=IDLE,uri=null,age=0}
04:29:52.797 [qtp1221981006-46] DEBUG org.eclipse.jetty.server.HttpConnection - HttpConnection@6ea52b2c::DecryptedEndPoint@33004596{l=/127.0.0.1:42597,r=/127.0.0.1:51458,OPEN,fill=-,flush=-,to=12/30000} filled 115 HeapByteBuffer@413ecfef[p=0,l=115,c=17408,r=115]={<<<GET / HTTP/1.1\r\nHost: loc...gent: okhttp/3.12.3\r\n\r\n>>>\x18\x00\x19\x01\x00\x01\x01\x01\x02...\x00\x00\x00\x00\x00\x00\x00}
04:29:52.797 [qtp1221981006-46] DEBUG org.eclipse.jetty.server.HttpConnection - HttpConnection@6ea52b2c::DecryptedEndPoint@33004596{l=/127.0.0.1:42597,r=/127.0.0.1:51458,OPEN,fill=-,flush=-,to=12/30000} parse HeapByteBuffer@413ecfef[p=0,l=115,c=17408,r=115]={<<<GET / HTTP/1.1\r\nHost: loc...gent: okhttp/3.12.3\r\n\r\n>>>\x18\x00\x19\x01\x00\x01\x01\x01\x02...\x00\x00\x00\x00\x00\x00\x00} {}
04:29:52.797 [qtp1221981006-46] DEBUG org.eclipse.jetty.http.HttpParser - parseNext s=START HeapByteBuffer@413ecfef[p=0,l=115,c=17408,r=115]={<<<GET / HTTP/1.1\r\nHost: loc...gent: okhttp/3.12.3\r\n\r\n>>>\x18\x00\x19\x01\x00\x01\x01\x01\x02...\x00\x00\x00\x00\x00\x00\x00}
04:29:52.797 [qtp1221981006-46] DEBUG org.eclipse.jetty.http.HttpParser - START --> SPACE1
04:29:52.797 [qtp1221981006-46] DEBUG org.eclipse.jetty.http.HttpParser - SPACE1 --> URI
04:29:52.797 [qtp1221981006-46] DEBUG org.eclipse.jetty.http.HttpParser - URI --> SPACE2
04:29:52.797 [qtp1221981006-46] DEBUG org.eclipse.jetty.http.HttpParser - SPACE2 --> REQUEST_VERSION
04:29:52.797 [qtp1221981006-46] DEBUG org.eclipse.jetty.http.HttpParser - REQUEST_VERSION --> HEADER
04:29:52.797 [qtp1221981006-46] DEBUG org.eclipse.jetty.http.HttpParser - HEADER:Host --> VALUE
04:29:52.797 [qtp1221981006-46] DEBUG org.eclipse.jetty.http.HttpParser - HEADER:Host --> IN_VALUE
04:29:52.797 [qtp1221981006-46] DEBUG org.eclipse.jetty.http.HttpParser - HEADER:Host --> FIELD
04:29:52.797 [qtp1221981006-46] DEBUG org.eclipse.jetty.http.HttpParser - HEADER:Connection: keep-alive --> IN_VALUE
04:29:52.797 [qtp1221981006-46] DEBUG org.eclipse.jetty.http.HttpParser - HEADER:Connection: keep-alive --> FIELD
04:29:52.797 [qtp1221981006-46] DEBUG org.eclipse.jetty.http.HttpParser - HEADER:Accept-Encoding: gzip --> IN_VALUE
04:29:52.797 [qtp1221981006-46] DEBUG org.eclipse.jetty.http.HttpParser - HEADER:Accept-Encoding: gzip --> FIELD
04:29:52.797 [qtp1221981006-46] DEBUG org.eclipse.jetty.http.HttpParser - HEADER:User-Agent --> VALUE
04:29:52.797 [qtp1221981006-46] DEBUG org.eclipse.jetty.http.HttpParser - HEADER:User-Agent --> IN_VALUE
04:29:52.798 [qtp1221981006-46] DEBUG org.eclipse.jetty.http.HttpParser - HEADER:User-Agent --> FIELD
04:29:52.798 [qtp1221981006-46] DEBUG org.eclipse.jetty.http.HttpParser - HEADER --> CONTENT
04:29:52.798 [qtp1221981006-46] DEBUG org.eclipse.jetty.server.HttpChannel - REQUEST for //localhost:42597/ on HttpChannelOverHttp@36e5ce01{s=HttpChannelState@34f6efa7{s=IDLE rs=BLOCKING os=OPEN is=IDLE awp=false se=false i=true al=0},r=1,c=false/false,a=IDLE,uri=//localhost:42597/,age=0}
GET //localhost:42597/ HTTP/1.1
Host: localhost:42597
Connection: keep-alive
Accept-Encoding: gzip
User-Agent: okhttp/3.12.3


04:29:52.798 [qtp1221981006-46] DEBUG org.eclipse.jetty.server.HttpConnection - HttpConnection@6ea52b2c::DecryptedEndPoint@33004596{l=/127.0.0.1:42597,r=/127.0.0.1:51458,OPEN,fill=-,flush=-,to=13/30000} parsed true HttpParser{s=CONTENT,0 of -1}
04:29:52.798 [qtp1221981006-46] DEBUG org.eclipse.jetty.server.HttpConnection - releaseRequestBuffer HttpConnection@6ea52b2c::DecryptedEndPoint@33004596{l=/127.0.0.1:42597,r=/127.0.0.1:51458,OPEN,fill=-,flush=-,to=13/30000}
04:29:52.798 [qtp1221981006-46] DEBUG org.eclipse.jetty.server.HttpChannel - handle //localhost:42597/ HttpChannelOverHttp@36e5ce01{s=HttpChannelState@34f6efa7{s=IDLE rs=BLOCKING os=OPEN is=IDLE awp=false se=false i=true al=0},r=1,c=false/false,a=IDLE,uri=//localhost:42597/,age=0} 
04:29:52.798 [qtp1221981006-46] DEBUG org.eclipse.jetty.server.HttpChannelState - handling HttpChannelState@34f6efa7{s=IDLE rs=BLOCKING os=OPEN is=IDLE awp=false se=false i=true al=0}
04:29:52.798 [qtp1221981006-46] DEBUG org.eclipse.jetty.server.HttpChannel - action DISPATCH HttpChannelOverHttp@36e5ce01{s=HttpChannelState@34f6efa7{s=HANDLING rs=BLOCKING os=OPEN is=IDLE awp=false se=false i=true al=0},r=1,c=false/false,a=HANDLING,uri=//localhost:42597/,age=0}
04:29:52.798 [qtp1221981006-46] DEBUG org.eclipse.jetty.server.SecureRequestCustomizer - Host localhost with SNI null
04:29:52.801 [qtp1221981006-46] DEBUG org.eclipse.jetty.server.Server - REQUEST GET / on HttpChannelOverHttp@36e5ce01{s=HttpChannelState@34f6efa7{s=HANDLING rs=BLOCKING os=OPEN is=IDLE awp=false se=false i=true al=0},r=1,c=false/false,a=HANDLING,uri=https://localhost:42597/,age=3}
04:29:52.801 [qtp1221981006-46] INFO org.apache.nifi.minifi.bootstrap.configuration.ingestors.RestChangeIngestor - >>>>>>>>>>>>>>>>>>>>>>>>>>>>>>>>>>>>>>>>>>>>
04:29:52.801 [qtp1221981006-46] INFO org.apache.nifi.minifi.bootstrap.configuration.ingestors.RestChangeIngestor - request method = GET
04:29:52.801 [qtp1221981006-46] INFO org.apache.nifi.minifi.bootstrap.configuration.ingestors.RestChangeIngestor - request url = https://localhost:42597/
04:29:52.801 [qtp1221981006-46] INFO org.apache.nifi.minifi.bootstrap.configuration.ingestors.RestChangeIngestor - context path = null
04:29:52.801 [qtp1221981006-46] INFO org.apache.nifi.minifi.bootstrap.configuration.ingestors.RestChangeIngestor - request content type = null
04:29:52.801 [qtp1221981006-46] INFO org.apache.nifi.minifi.bootstrap.configuration.ingestors.RestChangeIngestor - <<<<<<<<<<<<<<<<<<<<<<<<<<<<<<<<<<<<<<<<<<<<
04:29:52.801 [qtp1221981006-46] DEBUG org.eclipse.jetty.server.HttpOutput - write(array HeapByteBuffer@77195c72[p=0,l=198,c=512,r=198]={<<<This is a config change l...'/' to upload the file.>>>\x00\x00\x00\x00\x00\x00\x00\x00\x00...\x00\x00\x00\x00\x00\x00\x00})
04:29:52.801 [qtp1221981006-46] DEBUG org.eclipse.jetty.server.HttpOutput - write(array) s=CLOSING,api=BLOCKED,sc=false,e=null last=true agg=false flush=true async=false, len=198 null
04:29:52.801 [qtp1221981006-46] DEBUG org.eclipse.jetty.server.HttpChannel - sendResponse info=null content=HeapByteBuffer@1d6d346b[p=0,l=198,c=512,r=198]={<<<This is a config change l...'/' to upload the file.>>>\x00\x00\x00\x00\x00\x00\x00\x00\x00...\x00\x00\x00\x00\x00\x00\x00} complete=true committing=true callback=Blocker@243a379e{null}
04:29:52.802 [qtp1221981006-46] DEBUG org.eclipse.jetty.server.HttpChannel - COMMIT for / on HttpChannelOverHttp@36e5ce01{s=HttpChannelState@34f6efa7{s=HANDLING rs=BLOCKING os=COMMITTED is=IDLE awp=false se=false i=true al=0},r=1,c=false/false,a=HANDLING,uri=https://localhost:42597/,age=4}
200 null HTTP/1.1
Date: Thu, 02 May 2024 03:29:52 GMT
Content-Type: text/plain;charset=iso-8859-1
Content-Length: 198


04:29:52.802 [qtp1221981006-46] DEBUG org.eclipse.jetty.server.HttpConnection - generate: NEED_HEADER for SendCallback@33c1804b[PROCESSING][i=HTTP/1.1{s=200,h=3,cl=198},cb=org.eclipse.jetty.server.HttpChannel$SendCallback@e06b08d] (null,[p=0,l=198,c=512,r=198],true)@START
04:29:52.802 [qtp1221981006-46] DEBUG org.eclipse.jetty.http.HttpGenerator - generateHeaders HTTP/1.1{s=200,h=3,cl=198} last=true content=HeapByteBuffer@1d6d346b[p=0,l=198,c=512,r=198]={<<<This is a config change l...'/' to upload the file.>>>\x00\x00\x00\x00\x00\x00\x00\x00\x00...\x00\x00\x00\x00\x00\x00\x00}
04:29:52.802 [qtp1221981006-46] DEBUG org.eclipse.jetty.http.HttpGenerator - Date: Thu, 02 May 2024 03:29:52 GMT
Content-Type: text/plain;charset=iso-8859-1
Content-Length: 198


04:29:52.802 [qtp1221981006-46] DEBUG org.eclipse.jetty.http.HttpGenerator - CONTENT_LENGTH
04:29:52.802 [qtp1221981006-46] DEBUG org.eclipse.jetty.server.HttpConnection - generate: FLUSH for SendCallback@33c1804b[PROCESSING][i=HTTP/1.1{s=200,h=3,cl=198},cb=org.eclipse.jetty.server.HttpChannel$SendCallback@e06b08d] ([p=0,l=155,c=8192,r=155],[p=0,l=198,c=512,r=198],true)@COMPLETING
04:29:52.802 [qtp1221981006-46] DEBUG org.eclipse.jetty.io.WriteFlusher - write: WriteFlusher@fcf4d54{IDLE}->null [HeapByteBuffer@7a3c134a[p=0,l=155,c=8192,r=155]={<<<HTTP/1.1 200 OK\r\nDate: Th...y(9.4.44.v20210927)\r\n\r\n>>>\x00\x00\x00\x00\x00\x00\x00\x00\x00...\x00\x00\x00\x00\x00\x00\x00},HeapByteBuffer@1d6d346b[p=0,l=198,c=512,r=198]={<<<This is a config change l...'/' to upload the file.>>>\x00\x00\x00\x00\x00\x00\x00\x00\x00...\x00\x00\x00\x00\x00\x00\x00}]
04:29:52.802 [qtp1221981006-46] DEBUG org.eclipse.jetty.io.WriteFlusher - update WriteFlusher@fcf4d54{WRITING}->null:IDLE-->WRITING
04:29:52.802 [qtp1221981006-46] DEBUG org.eclipse.jetty.io.ssl.SslConnection - >flush SslConnection@3864fad::SocketChannelEndPoint@19cc9352{l=/127.0.0.1:42597,r=/127.0.0.1:51458,OPEN,fill=-,flush=-,to=5/30000}{io=0/0,kio=0,kro=1}->SslConnection@3864fad{NOT_HANDSHAKING,eio=-1/-1,di=-1,fill=IDLE,flush=IDLE}~>DecryptedEndPoint@33004596{l=/127.0.0.1:42597,r=/127.0.0.1:51458,OPEN,fill=-,flush=W,to=17/30000}=>HttpConnection@6ea52b2c[p=HttpParser{s=CONTENT,0 of -1},g=HttpGenerator@3632d37f{s=COMPLETING}]=>HttpChannelOverHttp@36e5ce01{s=HttpChannelState@34f6efa7{s=HANDLING rs=BLOCKING os=COMMITTED is=IDLE awp=false se=false i=true al=0},r=1,c=false/false,a=HANDLING,uri=https://localhost:42597/,age=4}
04:29:52.802 [qtp1221981006-46] DEBUG org.eclipse.jetty.io.ssl.SslConnection - flush b[0]=HeapByteBuffer@7a3c134a[p=0,l=155,c=8192,r=155]={<<<HTTP/1.1 200 OK\r\nDate: Th...y(9.4.44.v20210927)\r\n\r\n>>>\x00\x00\x00\x00\x00\x00\x00\x00\x00...\x00\x00\x00\x00\x00\x00\x00}
04:29:52.802 [qtp1221981006-46] DEBUG org.eclipse.jetty.io.ssl.SslConnection - flush b[1]=HeapByteBuffer@1d6d346b[p=0,l=198,c=512,r=198]={<<<This is a config change l...'/' to upload the file.>>>\x00\x00\x00\x00\x00\x00\x00\x00\x00...\x00\x00\x00\x00\x00\x00\x00}
04:29:52.802 [qtp1221981006-46] DEBUG org.eclipse.jetty.io.ssl.SslConnection - flush NOT_HANDSHAKING
04:29:52.802 [qtp1221981006-46] DEBUG org.eclipse.jetty.io.ssl.SslConnection - wrap Status = OK HandshakeStatus = NOT_HANDSHAKING bytesConsumed = 353 bytesProduced = 391 [p=0,l=391,c=17408,r=391] ioDone=false/false
04:29:52.802 [qtp1221981006-46] DEBUG org.eclipse.jetty.io.ChannelEndPoint - flushed 391 SocketChannelEndPoint@19cc9352{l=/127.0.0.1:42597,r=/127.0.0.1:51458,OPEN,fill=-,flush=-,to=6/30000}{io=0/0,kio=0,kro=1}->SslConnection@3864fad{NOT_HANDSHAKING,eio=-1/0,di=-1,fill=IDLE,flush=IDLE}~>DecryptedEndPoint@33004596{l=/127.0.0.1:42597,r=/127.0.0.1:51458,OPEN,fill=-,flush=W,to=18/30000}=>HttpConnection@6ea52b2c[p=HttpParser{s=CONTENT,0 of -1},g=HttpGenerator@3632d37f{s=COMPLETING}]=>HttpChannelOverHttp@36e5ce01{s=HttpChannelState@34f6efa7{s=HANDLING rs=BLOCKING os=COMMITTED is=IDLE awp=false se=false i=true al=0},r=1,c=false/false,a=HANDLING,uri=https://localhost:42597/,age=4}
04:29:52.802 [qtp1221981006-46] DEBUG org.eclipse.jetty.io.ssl.SslConnection - net flushed=true, ac=true
Date: Thu, 02 May 2024 03:29:52 GMT
04:29:52.803 [qtp1221981006-46] DEBUG org.eclipse.jetty.io.ssl.SslConnection - <flush true SslConnection@3864fad::SocketChannelEndPoint@19cc9352{l=/127.0.0.1:42597,r=/127.0.0.1:51458,OPEN,fill=-,flush=-,to=0/30000}{io=0/0,kio=0,kro=1}->SslConnection@3864fad{NOT_HANDSHAKING,eio=-1/-1,di=-1,fill=IDLE,flush=IDLE}~>DecryptedEndPoint@33004596{l=/127.0.0.1:42597,r=/127.0.0.1:51458,OPEN,fill=-,flush=W,to=18/30000}=>HttpConnection@6ea52b2c[p=HttpParser{s=CONTENT,0 of -1},g=HttpGenerator@3632d37f{s=COMPLETING}]=>HttpChannelOverHttp@36e5ce01{s=HttpChannelState@34f6efa7{s=HANDLING rs=BLOCKING os=COMMITTED is=IDLE awp=false se=false i=true al=0},r=1,c=false/false,a=HANDLING,uri=https://localhost:42597/,age=5}
Content-Type: text/plain;charset=iso-8859-1
Content-Length: 198
Server: Jetty(9.4.44.v20210927)
04:29:52.803 [qtp1221981006-46] DEBUG org.eclipse.jetty.io.WriteFlusher - Flushed=true written=353 remaining=0 WriteFlusher@fcf4d54{WRITING}->null
04:29:52.803 [qtp1221981006-46] DEBUG org.eclipse.jetty.io.WriteFlusher - update WriteFlusher@fcf4d54{IDLE}->null:WRITING-->IDLE
04:29:52.803 [qtp1221981006-46] DEBUG org.eclipse.jetty.server.HttpConnection - generate: DONE for SendCallback@33c1804b[PROCESSING][i=HTTP/1.1{s=200,h=3,cl=198},cb=org.eclipse.jetty.server.HttpChannel$SendCallback@e06b08d] ([p=155,l=155,c=8192,r=0],[p=198,l=198,c=512,r=0],true)@END
04:29:52.803 [qtp1221981006-46] DEBUG org.eclipse.jetty.server.HttpOutput - onWriteComplete(true,null) s=CLOSING,api=BLOCKED,sc=false,e=null->s=CLOSED,api=BLOCKING,sc=false,e=null c=null cb=null w=false
04:29:52.803 [qtp1221981006-46] DEBUG org.eclipse.jetty.server.HttpOutput - close() s=CLOSED,api=BLOCKING,sc=false,e=null c=null b=null
04:29:52.803 [qtp1221981006-46] DEBUG org.eclipse.jetty.server.Server - handled=true async=false committed=true on HttpChannelOverHttp@36e5ce01{s=HttpChannelState@34f6efa7{s=HANDLING rs=BLOCKING os=COMPLETED is=IDLE awp=false se=false i=true al=0},r=1,c=false/true,a=HANDLING,uri=https://localhost:42597/,age=5}
04:29:52.803 [qtp1221981006-46] DEBUG org.eclipse.jetty.server.HttpChannelState - unhandle HttpChannelState@34f6efa7{s=HANDLING rs=BLOCKING os=COMPLETED is=IDLE awp=false se=false i=true al=0}
04:29:52.803 [qtp1221981006-46] DEBUG org.eclipse.jetty.server.HttpChannelState - nextAction(false) COMPLETE HttpChannelState@34f6efa7{s=HANDLING rs=COMPLETING os=COMPLETED is=IDLE awp=false se=false i=false al=0}
]]></system-out>
  </testcase>
  <testcase name="testFileUploadNewConfig" classname="org.apache.nifi.minifi.bootstrap.configuration.ingestors.RestChangeIngestorSSLTest" time="0.009">
    <system-out><![CDATA[04:29:52.803 [qtp1221981006-46] DEBUG org.eclipse.jetty.server.HttpChannel - action COMPLETE HttpChannelOverHttp@36e5ce01{s=HttpChannelState@34f6efa7{s=HANDLING rs=COMPLETING os=COMPLETED is=IDLE awp=false se=false i=false al=0},r=1,c=false/true,a=HANDLING,uri=https://localhost:42597/,age=5}
04:29:52.803 [qtp1221981006-46] DEBUG org.eclipse.jetty.server.HttpOutput - complete(org.eclipse.jetty.util.Callback$3@3033473e) s=CLOSED,api=BLOCKING,sc=false,e=null s=true e=null, c=null
04:29:52.803 [qtp1221981006-46] DEBUG org.eclipse.jetty.server.HttpChannelState - completed HttpChannelState@34f6efa7{s=HANDLING rs=COMPLETING os=COMPLETED is=IDLE awp=false se=false i=false al=0}
04:29:52.803 [qtp1221981006-46] DEBUG org.eclipse.jetty.server.HttpChannelState - unhandle HttpChannelState@34f6efa7{s=HANDLING rs=COMPLETED os=COMPLETED is=IDLE awp=false se=false i=false al=0}
04:29:52.803 [qtp1221981006-46] DEBUG org.eclipse.jetty.server.HttpChannelState - nextAction(false) TERMINATED HttpChannelState@34f6efa7{s=IDLE rs=COMPLETED os=COMPLETED is=IDLE awp=false se=false i=false al=0}
04:29:52.803 [qtp1221981006-46] DEBUG org.eclipse.jetty.server.HttpChannel - action TERMINATED HttpChannelOverHttp@36e5ce01{s=HttpChannelState@34f6efa7{s=IDLE rs=COMPLETED os=COMPLETED is=IDLE awp=false se=false i=false al=0},r=1,c=true/true,a=IDLE,uri=https://localhost:42597/,age=5}
04:29:52.803 [qtp1221981006-46] DEBUG org.eclipse.jetty.server.HttpChannel - onCompleted for / written=198
04:29:52.803 [qtp1221981006-46] DEBUG org.eclipse.jetty.io.ssl.SslConnection - >fill SslConnection@3864fad::SocketChannelEndPoint@19cc9352{l=/127.0.0.1:42597,r=/127.0.0.1:51458,OPEN,fill=-,flush=-,to=0/30000}{io=0/0,kio=0,kro=1}->SslConnection@3864fad{NOT_HANDSHAKING,eio=-1/-1,di=-1,fill=IDLE,flush=IDLE}~>DecryptedEndPoint@33004596{l=/127.0.0.1:42597,r=/127.0.0.1:51458,OPEN,fill=-,flush=-,to=19/30000}=>HttpConnection@6ea52b2c[p=HttpParser{s=CONTENT,0 of -1},g=HttpGenerator@3632d37f{s=END}]=>HttpChannelOverHttp@36e5ce01{s=HttpChannelState@34f6efa7{s=IDLE rs=COMPLETED os=COMPLETED is=IDLE awp=false se=false i=false al=0},r=1,c=true/true,a=IDLE,uri=https://localhost:42597/,age=5}
04:29:52.803 [qtp1221981006-46] DEBUG org.eclipse.jetty.io.ssl.SslConnection - fill NOT_HANDSHAKING
04:29:52.804 [qtp1221981006-46] DEBUG org.eclipse.jetty.io.ChannelEndPoint - filled 0 HeapByteBuffer@413ecfef[p=0,l=0,c=17408,r=0]={<<<>>>GET / HTT...\x00\x00\x00\x00\x00\x00\x00}
04:29:52.804 [qtp1221981006-46] DEBUG org.eclipse.jetty.io.ssl.SslConnection - net filled=0
04:29:52.804 [qtp1221981006-46] DEBUG org.eclipse.jetty.io.ssl.SslConnection - unwrap net_filled=0 Status = BUFFER_UNDERFLOW HandshakeStatus = NOT_HANDSHAKING bytesConsumed = 0 bytesProduced = 0 encryptedBuffer=[p=0,l=0,c=17408,r=0] unwrapBuffer=HeapByteBuffer@24c32c10[p=0,l=0,c=17408,r=0]={<<<>>>\x17\x03\x03\x00\x94GET ...\x00\x00\x00\x00\x00\x00\x00} appBuffer=HeapByteBuffer@24c32c10[p=0,l=0,c=17408,r=0]={<<<>>>\x17\x03\x03\x00\x94GET ...\x00\x00\x00\x00\x00\x00\x00}
04:29:52.804 [qtp1221981006-46] DEBUG org.eclipse.jetty.io.ssl.SslConnection - <fill f=0 uf=true SslConnection@3864fad::SocketChannelEndPoint@19cc9352{l=/127.0.0.1:42597,r=/127.0.0.1:51458,OPEN,fill=-,flush=-,to=1/30000}{io=0/0,kio=0,kro=1}->SslConnection@3864fad{NOT_HANDSHAKING,eio=-1/-1,di=-1,fill=IDLE,flush=IDLE}~>DecryptedEndPoint@33004596{l=/127.0.0.1:42597,r=/127.0.0.1:51458,OPEN,fill=-,flush=-,to=19/30000}=>HttpConnection@6ea52b2c[p=HttpParser{s=CONTENT,0 of -1},g=HttpGenerator@3632d37f{s=END}]=>HttpChannelOverHttp@36e5ce01{s=HttpChannelState@34f6efa7{s=IDLE rs=COMPLETED os=COMPLETED is=IDLE awp=false se=false i=false al=0},r=1,c=true/true,a=IDLE,uri=https://localhost:42597/,age=6}
04:29:52.804 [qtp1221981006-46] DEBUG org.eclipse.jetty.io.ssl.SslConnection - >fill SslConnection@3864fad::SocketChannelEndPoint@19cc9352{l=/127.0.0.1:42597,r=/127.0.0.1:51458,OPEN,fill=-,flush=-,to=1/30000}{io=0/0,kio=0,kro=1}->SslConnection@3864fad{NOT_HANDSHAKING,eio=-1/-1,di=-1,fill=IDLE,flush=IDLE}~>DecryptedEndPoint@33004596{l=/127.0.0.1:42597,r=/127.0.0.1:51458,OPEN,fill=-,flush=-,to=20/30000}=>HttpConnection@6ea52b2c[p=HttpParser{s=CONTENT,0 of -1},g=HttpGenerator@3632d37f{s=END}]=>HttpChannelOverHttp@36e5ce01{s=HttpChannelState@34f6efa7{s=IDLE rs=COMPLETED os=COMPLETED is=IDLE awp=false se=false i=false al=0},r=1,c=true/true,a=IDLE,uri=https://localhost:42597/,age=6}
04:29:52.804 [qtp1221981006-46] DEBUG org.eclipse.jetty.io.ssl.SslConnection - fill NOT_HANDSHAKING
04:29:52.804 [qtp1221981006-46] DEBUG org.eclipse.jetty.io.ChannelEndPoint - filled 0 HeapByteBuffer@45014310[p=0,l=0,c=17408,r=0]={<<<>>>\x17\x03\x03\x01\x82\xA6\x02I{...\x00\x00\x00\x00\x00\x00\x00}
04:29:52.804 [qtp1221981006-46] DEBUG org.eclipse.jetty.io.ssl.SslConnection - net filled=0
04:29:52.804 [qtp1221981006-46] DEBUG org.eclipse.jetty.io.ssl.SslConnection - unwrap net_filled=0 Status = BUFFER_UNDERFLOW HandshakeStatus = NOT_HANDSHAKING bytesConsumed = 0 bytesProduced = 0 encryptedBuffer=[p=0,l=0,c=17408,r=0] unwrapBuffer=HeapByteBuffer@24c32c10[p=0,l=0,c=17408,r=0]={<<<>>>\x17\x03\x03\x00\x94GET ...\x00\x00\x00\x00\x00\x00\x00} appBuffer=HeapByteBuffer@24c32c10[p=0,l=0,c=17408,r=0]={<<<>>>\x17\x03\x03\x00\x94GET ...\x00\x00\x00\x00\x00\x00\x00}
04:29:52.805 [qtp1221981006-46] DEBUG org.eclipse.jetty.io.ssl.SslConnection - <fill f=0 uf=true SslConnection@3864fad::SocketChannelEndPoint@19cc9352{l=/127.0.0.1:42597,r=/127.0.0.1:51458,OPEN,fill=-,flush=-,to=2/30000}{io=0/0,kio=0,kro=1}->SslConnection@3864fad{NOT_HANDSHAKING,eio=-1/-1,di=-1,fill=IDLE,flush=IDLE}~>DecryptedEndPoint@33004596{l=/127.0.0.1:42597,r=/127.0.0.1:51458,OPEN,fill=-,flush=-,to=20/30000}=>HttpConnection@6ea52b2c[p=HttpParser{s=CONTENT,0 of -1},g=HttpGenerator@3632d37f{s=END}]=>HttpChannelOverHttp@36e5ce01{s=HttpChannelState@34f6efa7{s=IDLE rs=COMPLETED os=COMPLETED is=IDLE awp=false se=false i=false al=0},r=1,c=true/true,a=IDLE,uri=https://localhost:42597/,age=7}
04:29:52.805 [qtp1221981006-46] DEBUG org.eclipse.jetty.server.HttpConnection - HttpConnection@6ea52b2c::DecryptedEndPoint@33004596{l=/127.0.0.1:42597,r=/127.0.0.1:51458,OPEN,fill=-,flush=-,to=20/30000} filled 0 HeapByteBuffer@24c32c10[p=0,l=0,c=17408,r=0]={<<<>>>\x17\x03\x03\x00\x94GET ...\x00\x00\x00\x00\x00\x00\x00}
04:29:52.805 [qtp1221981006-46] DEBUG org.eclipse.jetty.server.HttpConnection - HttpConnection@6ea52b2c::DecryptedEndPoint@33004596{l=/127.0.0.1:42597,r=/127.0.0.1:51458,OPEN,fill=-,flush=-,to=20/30000} parse HeapByteBuffer@24c32c10[p=0,l=0,c=17408,r=0]={<<<>>>\x17\x03\x03\x00\x94GET ...\x00\x00\x00\x00\x00\x00\x00} {}
04:29:52.805 [qtp1221981006-46] DEBUG org.eclipse.jetty.http.HttpParser - parseNext s=CONTENT HeapByteBuffer@24c32c10[p=0,l=0,c=17408,r=0]={<<<>>>\x17\x03\x03\x00\x94GET ...\x00\x00\x00\x00\x00\x00\x00}
04:29:52.805 [qtp1221981006-46] DEBUG org.eclipse.jetty.http.HttpParser - CONTENT --> CONTENT_END
04:29:52.805 [qtp1221981006-46] DEBUG org.eclipse.jetty.server.HttpChannel - onContentComplete HttpChannelOverHttp@36e5ce01{s=HttpChannelState@34f6efa7{s=IDLE rs=COMPLETED os=COMPLETED is=IDLE awp=false se=false i=false al=0},r=1,c=true/true,a=IDLE,uri=https://localhost:42597/,age=7}
04:29:52.805 [qtp1221981006-46] DEBUG org.eclipse.jetty.http.HttpParser - CONTENT_END --> END
04:29:52.805 [qtp1221981006-46] DEBUG org.eclipse.jetty.server.HttpChannel - onRequestComplete HttpChannelOverHttp@36e5ce01{s=HttpChannelState@34f6efa7{s=IDLE rs=COMPLETED os=COMPLETED is=IDLE awp=false se=false i=false al=0},r=1,c=true/true,a=IDLE,uri=https://localhost:42597/,age=7}
04:29:52.805 [qtp1221981006-46] DEBUG org.eclipse.jetty.server.HttpInput - HttpInputOverHTTP@b8a0b6d[c=0,q=0,[0]=null,s=STREAM] addContent EOF
04:29:52.805 [qtp1221981006-46] DEBUG org.eclipse.jetty.server.HttpConnection - HttpConnection@6ea52b2c::DecryptedEndPoint@33004596{l=/127.0.0.1:42597,r=/127.0.0.1:51458,OPEN,fill=-,flush=-,to=20/30000} parsed false HttpParser{s=END,0 of -1}
04:29:52.805 [qtp1221981006-46] DEBUG org.eclipse.jetty.server.HttpConnection - releaseRequestBuffer HttpConnection@6ea52b2c::DecryptedEndPoint@33004596{l=/127.0.0.1:42597,r=/127.0.0.1:51458,OPEN,fill=-,flush=-,to=21/30000}
04:29:52.805 [qtp1221981006-46] DEBUG org.eclipse.jetty.server.HttpChannelState - recycle HttpChannelState@34f6efa7{s=IDLE rs=COMPLETED os=COMPLETED is=IDLE awp=false se=false i=false al=0}
04:29:52.805 [qtp1221981006-46] DEBUG org.eclipse.jetty.http.HttpParser - reset HttpParser{s=END,0 of -1}
04:29:52.805 [qtp1221981006-46] DEBUG org.eclipse.jetty.http.HttpParser - END --> START
04:29:52.805 [qtp1221981006-46] DEBUG org.eclipse.jetty.server.HttpChannel - !handle TERMINATED HttpChannelOverHttp@36e5ce01{s=HttpChannelState@34f6efa7{s=IDLE rs=BLOCKING os=OPEN is=IDLE awp=false se=false i=true al=0},r=1,c=false/false,a=IDLE,uri=null,age=0}
04:29:52.806 [qtp1221981006-46] DEBUG org.eclipse.jetty.io.ssl.SslConnection - >fill SslConnection@3864fad::SocketChannelEndPoint@19cc9352{l=/127.0.0.1:42597,r=/127.0.0.1:51458,OPEN,fill=-,flush=-,to=2/30000}{io=0/0,kio=0,kro=1}->SslConnection@3864fad{NOT_HANDSHAKING,eio=-1/-1,di=-1,fill=IDLE,flush=IDLE}~>DecryptedEndPoint@33004596{l=/127.0.0.1:42597,r=/127.0.0.1:51458,OPEN,fill=-,flush=-,to=21/30000}=>HttpConnection@6ea52b2c[p=HttpParser{s=START,0 of -1},g=HttpGenerator@3632d37f{s=START}]=>HttpChannelOverHttp@36e5ce01{s=HttpChannelState@34f6efa7{s=IDLE rs=BLOCKING os=OPEN is=IDLE awp=false se=false i=true al=0},r=1,c=false/false,a=IDLE,uri=null,age=0}
04:29:52.806 [qtp1221981006-46] DEBUG org.eclipse.jetty.io.ssl.SslConnection - fill NOT_HANDSHAKING
04:29:52.806 [qtp1221981006-46] DEBUG org.eclipse.jetty.io.ChannelEndPoint - filled 258 HeapByteBuffer@45014310[p=0,l=258,c=17408,r=258]={<<<\x17\x03\x03\x00\xFd_\xFe\xF4I\xFf\x85\xA7\xF6/\x0e\xE1\xB2\xFe\xDdP\xAf\xD8\xFd\xBa{...\xD3e\x8a\xCf^\xB0a-\x8c(4yD\xB5R\xAc\x02\xCe\xD5;M\xCe\x05>>>\xCa\xE0\xFel8\x99\x02\xDbb...\x00\x00\x00\x00\x00\x00\x00}
04:29:52.806 [qtp1221981006-46] DEBUG org.eclipse.jetty.io.ssl.SslConnection - net filled=258
04:29:52.806 [qtp1221981006-46] DEBUG org.eclipse.jetty.io.ssl.SslConnection - unwrap net_filled=258 Status = OK HandshakeStatus = NOT_HANDSHAKING bytesConsumed = 258 bytesProduced = 220 encryptedBuffer=[p=258,l=258,c=17408,r=0] unwrapBuffer=HeapByteBuffer@413ecfef[p=0,l=220,c=17408,r=220]={<<<POST / HTTP/1.1\r\ncharset:...\nThis is a test string.>>>\x02\x02\x00\x10\x00\x0e\x00\x0c\x02...\x00\x00\x00\x00\x00\x00\x00} appBuffer=HeapByteBuffer@413ecfef[p=0,l=220,c=17408,r=220]={<<<POST / HTTP/1.1\r\ncharset:...\nThis is a test string.>>>\x02\x02\x00\x10\x00\x0e\x00\x0c\x02...\x00\x00\x00\x00\x00\x00\x00}
04:29:52.806 [qtp1221981006-46] DEBUG org.eclipse.jetty.io.ssl.SslConnection - <fill f=220 uf=false SslConnection@3864fad::SocketChannelEndPoint@19cc9352{l=/127.0.0.1:42597,r=/127.0.0.1:51458,OPEN,fill=-,flush=-,to=0/30000}{io=0/0,kio=0,kro=1}->SslConnection@3864fad{NOT_HANDSHAKING,eio=-1/-1,di=-1,fill=IDLE,flush=IDLE}~>DecryptedEndPoint@33004596{l=/127.0.0.1:42597,r=/127.0.0.1:51458,OPEN,fill=-,flush=-,to=21/30000}=>HttpConnection@6ea52b2c[p=HttpParser{s=START,0 of -1},g=HttpGenerator@3632d37f{s=START}]=>HttpChannelOverHttp@36e5ce01{s=HttpChannelState@34f6efa7{s=IDLE rs=BLOCKING os=OPEN is=IDLE awp=false se=false i=true al=0},r=1,c=false/false,a=IDLE,uri=null,age=0}
04:29:52.806 [qtp1221981006-46] DEBUG org.eclipse.jetty.server.HttpConnection - HttpConnection@6ea52b2c::DecryptedEndPoint@33004596{l=/127.0.0.1:42597,r=/127.0.0.1:51458,OPEN,fill=-,flush=-,to=22/30000} filled 220 HeapByteBuffer@413ecfef[p=0,l=220,c=17408,r=220]={<<<POST / HTTP/1.1\r\ncharset:...\nThis is a test string.>>>\x02\x02\x00\x10\x00\x0e\x00\x0c\x02...\x00\x00\x00\x00\x00\x00\x00}
04:29:52.806 [qtp1221981006-46] DEBUG org.eclipse.jetty.server.HttpConnection - HttpConnection@6ea52b2c::DecryptedEndPoint@33004596{l=/127.0.0.1:42597,r=/127.0.0.1:51458,OPEN,fill=-,flush=-,to=22/30000} parse HeapByteBuffer@413ecfef[p=0,l=220,c=17408,r=220]={<<<POST / HTTP/1.1\r\ncharset:...\nThis is a test string.>>>\x02\x02\x00\x10\x00\x0e\x00\x0c\x02...\x00\x00\x00\x00\x00\x00\x00} {}
04:29:52.806 [qtp1221981006-46] DEBUG org.eclipse.jetty.http.HttpParser - parseNext s=START HeapByteBuffer@413ecfef[p=0,l=220,c=17408,r=220]={<<<POST / HTTP/1.1\r\ncharset:...\nThis is a test string.>>>\x02\x02\x00\x10\x00\x0e\x00\x0c\x02...\x00\x00\x00\x00\x00\x00\x00}
04:29:52.806 [qtp1221981006-46] DEBUG org.eclipse.jetty.http.HttpParser - START --> SPACE1
04:29:52.806 [qtp1221981006-46] DEBUG org.eclipse.jetty.http.HttpParser - SPACE1 --> URI
04:29:52.806 [qtp1221981006-46] DEBUG org.eclipse.jetty.http.HttpParser - URI --> SPACE2
04:29:52.806 [qtp1221981006-46] DEBUG org.eclipse.jetty.http.HttpParser - SPACE2 --> REQUEST_VERSION
04:29:52.806 [qtp1221981006-46] DEBUG org.eclipse.jetty.http.HttpParser - REQUEST_VERSION --> HEADER
04:29:52.806 [qtp1221981006-46] DEBUG org.eclipse.jetty.http.HttpParser - HEADER: --> IN_NAME
04:29:52.806 [qtp1221981006-46] DEBUG org.eclipse.jetty.http.HttpParser - HEADER:charset --> VALUE
04:29:52.806 [qtp1221981006-46] DEBUG org.eclipse.jetty.http.HttpParser - HEADER:charset --> IN_VALUE
04:29:52.807 [qtp1221981006-46] DEBUG org.eclipse.jetty.http.HttpParser - HEADER:charset --> FIELD
04:29:52.807 [qtp1221981006-46] DEBUG org.eclipse.jetty.http.HttpParser - HEADER:Content-Type --> VALUE
04:29:52.807 [qtp1221981006-46] DEBUG org.eclipse.jetty.http.HttpParser - HEADER:Content-Type --> IN_VALUE
04:29:52.807 [qtp1221981006-46] DEBUG org.eclipse.jetty.http.HttpParser - HEADER:Content-Type --> FIELD
04:29:52.807 [qtp1221981006-46] DEBUG org.eclipse.jetty.http.HttpParser - HEADER:Content-Length --> VALUE
04:29:52.807 [qtp1221981006-46] DEBUG org.eclipse.jetty.http.HttpParser - HEADER:Content-Length --> IN_VALUE
04:29:52.807 [qtp1221981006-46] DEBUG org.eclipse.jetty.http.HttpParser - HEADER:Content-Length --> FIELD
04:29:52.807 [qtp1221981006-46] DEBUG org.eclipse.jetty.http.HttpParser - HEADER:Host: localhost:42597 --> IN_VALUE
04:29:52.807 [qtp1221981006-46] DEBUG org.eclipse.jetty.http.HttpParser - HEADER:Host: localhost:42597 --> FIELD
04:29:52.807 [qtp1221981006-46] DEBUG org.eclipse.jetty.http.HttpParser - HEADER:Connection: keep-alive --> IN_VALUE
04:29:52.807 [qtp1221981006-46] DEBUG org.eclipse.jetty.http.HttpParser - HEADER:Connection: keep-alive --> FIELD
04:29:52.807 [qtp1221981006-46] DEBUG org.eclipse.jetty.http.HttpParser - HEADER:Accept-Encoding: gzip --> IN_VALUE
04:29:52.807 [qtp1221981006-46] DEBUG org.eclipse.jetty.http.HttpParser - HEADER:Accept-Encoding: gzip --> FIELD
04:29:52.807 [qtp1221981006-46] DEBUG org.eclipse.jetty.http.HttpParser - HEADER:User-Agent: okhttp/3.12.3 --> IN_VALUE
04:29:52.807 [qtp1221981006-46] DEBUG org.eclipse.jetty.http.HttpParser - HEADER:User-Agent: okhttp/3.12.3 --> FIELD
04:29:52.807 [qtp1221981006-46] DEBUG org.eclipse.jetty.http.HttpParser - HEADER --> CONTENT
04:29:52.807 [qtp1221981006-46] DEBUG org.eclipse.jetty.server.HttpChannel - REQUEST for //localhost:42597/ on HttpChannelOverHttp@36e5ce01{s=HttpChannelState@34f6efa7{s=IDLE rs=BLOCKING os=OPEN is=IDLE awp=false se=false i=true al=0},r=2,c=false/false,a=IDLE,uri=//localhost:42597/,age=0}
POST //localhost:42597/ HTTP/1.1
charset: UTF-8
Content-Type: text/x-markdown; charset=utf-8
Content-Length: 22
Host: localhost:42597
Connection: keep-alive
Accept-Encoding: gzip
User-Agent: okhttp/3.12.3


04:29:52.807 [qtp1221981006-46] DEBUG org.eclipse.jetty.server.HttpConnection - HttpConnection@6ea52b2c::DecryptedEndPoint@33004596{l=/127.0.0.1:42597,r=/127.0.0.1:51458,OPEN,fill=-,flush=-,to=22/30000} parsed true HttpParser{s=CONTENT,0 of 22}
04:29:52.807 [qtp1221981006-46] DEBUG org.eclipse.jetty.server.HttpChannel - handle //localhost:42597/ HttpChannelOverHttp@36e5ce01{s=HttpChannelState@34f6efa7{s=IDLE rs=BLOCKING os=OPEN is=IDLE awp=false se=false i=true al=0},r=2,c=false/false,a=IDLE,uri=//localhost:42597/,age=0} 
04:29:52.807 [qtp1221981006-46] DEBUG org.eclipse.jetty.server.HttpChannelState - handling HttpChannelState@34f6efa7{s=IDLE rs=BLOCKING os=OPEN is=IDLE awp=false se=false i=true al=0}
04:29:52.807 [qtp1221981006-46] DEBUG org.eclipse.jetty.server.HttpChannel - action DISPATCH HttpChannelOverHttp@36e5ce01{s=HttpChannelState@34f6efa7{s=HANDLING rs=BLOCKING os=OPEN is=IDLE awp=false se=false i=true al=0},r=2,c=false/false,a=HANDLING,uri=//localhost:42597/,age=0}
04:29:52.807 [qtp1221981006-46] DEBUG org.eclipse.jetty.server.SecureRequestCustomizer - Host localhost with SNI null
04:29:52.807 [qtp1221981006-46] DEBUG org.eclipse.jetty.server.Server - REQUEST POST / on HttpChannelOverHttp@36e5ce01{s=HttpChannelState@34f6efa7{s=HANDLING rs=BLOCKING os=OPEN is=IDLE awp=false se=false i=true al=0},r=2,c=false/false,a=HANDLING,uri=https://localhost:42597/,age=0}
04:29:52.807 [qtp1221981006-46] INFO org.apache.nifi.minifi.bootstrap.configuration.ingestors.RestChangeIngestor - >>>>>>>>>>>>>>>>>>>>>>>>>>>>>>>>>>>>>>>>>>>>
04:29:52.807 [qtp1221981006-46] INFO org.apache.nifi.minifi.bootstrap.configuration.ingestors.RestChangeIngestor - request method = POST
04:29:52.807 [qtp1221981006-46] INFO org.apache.nifi.minifi.bootstrap.configuration.ingestors.RestChangeIngestor - request url = https://localhost:42597/
04:29:52.807 [qtp1221981006-46] INFO org.apache.nifi.minifi.bootstrap.configuration.ingestors.RestChangeIngestor - context path = null
04:29:52.807 [qtp1221981006-46] INFO org.apache.nifi.minifi.bootstrap.configuration.ingestors.RestChangeIngestor - request content type = text/x-markdown; charset=utf-8
04:29:52.807 [qtp1221981006-46] INFO org.apache.nifi.minifi.bootstrap.configuration.ingestors.RestChangeIngestor - <<<<<<<<<<<<<<<<<<<<<<<<<<<<<<<<<<<<<<<<<<<<
04:29:52.808 [qtp1221981006-46] DEBUG org.eclipse.jetty.server.HttpConnection - HttpConnection@6ea52b2c::DecryptedEndPoint@33004596{l=/127.0.0.1:42597,r=/127.0.0.1:51458,OPEN,fill=-,flush=-,to=23/30000} parse HeapByteBuffer@413ecfef[p=198,l=220,c=17408,r=22]={POST / HT...2.3\r\n\r\n<<<This is a test string.>>>\x02\x02\x00\x10\x00\x0e\x00\x0c\x02...\x00\x00\x00\x00\x00\x00\x00} {}
04:29:52.808 [qtp1221981006-46] DEBUG org.eclipse.jetty.http.HttpParser - parseNext s=CONTENT HeapByteBuffer@413ecfef[p=198,l=220,c=17408,r=22]={POST / HT...2.3\r\n\r\n<<<This is a test string.>>>\x02\x02\x00\x10\x00\x0e\x00\x0c\x02...\x00\x00\x00\x00\x00\x00\x00}
04:29:52.808 [qtp1221981006-46] DEBUG org.eclipse.jetty.server.HttpChannel - onContent HttpChannelOverHttp@36e5ce01{s=HttpChannelState@34f6efa7{s=HANDLING rs=BLOCKING os=OPEN is=IDLE awp=false se=false i=true al=0},r=2,c=false/false,a=HANDLING,uri=https://localhost:42597/,age=1} Content@1136ff15{HeapByteBufferR@6466a58a[p=198,l=220,c=17408,r=22]={POST / HT...2.3\r\n\r\n<<<This is a test string.>>>\x02\x02\x00\x10\x00\x0e\x00\x0c\x02...\x00\x00\x00\x00\x00\x00\x00}}
04:29:52.808 [qtp1221981006-46] DEBUG org.eclipse.jetty.server.HttpInput - HttpInputOverHTTP@b8a0b6d[c=0,q=0,[0]=null,s=STREAM] addContent Content@1136ff15{HeapByteBufferR@6466a58a[p=198,l=220,c=17408,r=22]={POST / HT...2.3\r\n\r\n<<<This is a test string.>>>\x02\x02\x00\x10\x00\x0e\x00\x0c\x02...\x00\x00\x00\x00\x00\x00\x00}}
04:29:52.808 [qtp1221981006-46] DEBUG org.eclipse.jetty.http.HttpParser - CONTENT --> CONTENT_END
04:29:52.808 [qtp1221981006-46] DEBUG org.eclipse.jetty.server.HttpChannel - onContentComplete HttpChannelOverHttp@36e5ce01{s=HttpChannelState@34f6efa7{s=HANDLING rs=BLOCKING os=OPEN is=IDLE awp=false se=false i=true al=0},r=2,c=false/false,a=HANDLING,uri=https://localhost:42597/,age=1}
04:29:52.808 [qtp1221981006-46] DEBUG org.eclipse.jetty.http.HttpParser - CONTENT_END --> END
04:29:52.808 [qtp1221981006-46] DEBUG org.eclipse.jetty.server.HttpChannel - onRequestComplete HttpChannelOverHttp@36e5ce01{s=HttpChannelState@34f6efa7{s=HANDLING rs=BLOCKING os=OPEN is=IDLE awp=false se=false i=true al=0},r=2,c=false/false,a=HANDLING,uri=https://localhost:42597/,age=1}
04:29:52.808 [qtp1221981006-46] DEBUG org.eclipse.jetty.server.HttpInput - HttpInputOverHTTP@b8a0b6d[c=0,q=1,[0]=EOF,s=STREAM] addContent EOF
04:29:52.808 [qtp1221981006-46] DEBUG org.eclipse.jetty.server.HttpConnection - HttpConnection@6ea52b2c::DecryptedEndPoint@33004596{l=/127.0.0.1:42597,r=/127.0.0.1:51458,OPEN,fill=-,flush=-,to=24/30000} parsed false HttpParser{s=END,22 of 22}
04:29:52.808 [qtp1221981006-46] DEBUG org.eclipse.jetty.server.HttpInput - HttpInputOverHTTP@b8a0b6d[c=1,q=1,[0]=EOF,s=STREAM] read 1 from Content@1136ff15{HeapByteBufferR@6466a58a[p=199,l=220,c=17408,r=21]={POST / HT....3\r\n\r\nT<<<his is a test string.>>>\x02\x02\x00\x10\x00\x0e\x00\x0c\x02...\x00\x00\x00\x00\x00\x00\x00}}
04:29:52.808 [qtp1221981006-46] DEBUG org.eclipse.jetty.server.HttpInput - HttpInputOverHTTP@b8a0b6d[c=2,q=1,[0]=EOF,s=STREAM] read 1 from Content@1136ff15{HeapByteBufferR@6466a58a[p=200,l=220,c=17408,r=20]={POST / HT...3\r\n\r\nTh<<<is is a test string.>>>\x02\x02\x00\x10\x00\x0e\x00\x0c\x02...\x00\x00\x00\x00\x00\x00\x00}}
04:29:52.809 [qtp1221981006-46] DEBUG org.eclipse.jetty.server.HttpInput - HttpInputOverHTTP@b8a0b6d[c=3,q=1,[0]=EOF,s=STREAM] read 1 from Content@1136ff15{HeapByteBufferR@6466a58a[p=201,l=220,c=17408,r=19]={POST / HT...\r\n\r\nThi<<<s is a test string.>>>\x02\x02\x00\x10\x00\x0e\x00\x0c\x02...\x00\x00\x00\x00\x00\x00\x00}}
04:29:52.809 [qtp1221981006-46] DEBUG org.eclipse.jetty.server.HttpInput - HttpInputOverHTTP@b8a0b6d[c=4,q=1,[0]=EOF,s=STREAM] read 1 from Content@1136ff15{HeapByteBufferR@6466a58a[p=202,l=220,c=17408,r=18]={POST / HT...\n\r\nThis<<< is a test string.>>>\x02\x02\x00\x10\x00\x0e\x00\x0c\x02...\x00\x00\x00\x00\x00\x00\x00}}
04:29:52.809 [qtp1221981006-46] DEBUG org.eclipse.jetty.server.HttpInput - HttpInputOverHTTP@b8a0b6d[c=5,q=1,[0]=EOF,s=STREAM] read 1 from Content@1136ff15{HeapByteBufferR@6466a58a[p=203,l=220,c=17408,r=17]={POST / HT...\r\nThis <<<is a test string.>>>\x02\x02\x00\x10\x00\x0e\x00\x0c\x02...\x00\x00\x00\x00\x00\x00\x00}}
04:29:52.809 [qtp1221981006-46] DEBUG org.eclipse.jetty.server.HttpInput - HttpInputOverHTTP@b8a0b6d[c=6,q=1,[0]=EOF,s=STREAM] read 1 from Content@1136ff15{HeapByteBufferR@6466a58a[p=204,l=220,c=17408,r=16]={POST / HT...\nThis i<<<s a test string.>>>\x02\x02\x00\x10\x00\x0e\x00\x0c\x02...\x00\x00\x00\x00\x00\x00\x00}}
04:29:52.809 [qtp1221981006-46] DEBUG org.eclipse.jetty.server.HttpInput - HttpInputOverHTTP@b8a0b6d[c=7,q=1,[0]=EOF,s=STREAM] read 1 from Content@1136ff15{HeapByteBufferR@6466a58a[p=205,l=220,c=17408,r=15]={POST / HT...This is<<< a test string.>>>\x02\x02\x00\x10\x00\x0e\x00\x0c\x02...\x00\x00\x00\x00\x00\x00\x00}}
04:29:52.809 [qtp1221981006-46] DEBUG org.eclipse.jetty.server.HttpInput - HttpInputOverHTTP@b8a0b6d[c=8,q=1,[0]=EOF,s=STREAM] read 1 from Content@1136ff15{HeapByteBufferR@6466a58a[p=206,l=220,c=17408,r=14]={POST / HT...his is <<<a test string.>>>\x02\x02\x00\x10\x00\x0e\x00\x0c\x02...\x00\x00\x00\x00\x00\x00\x00}}
04:29:52.809 [qtp1221981006-46] DEBUG org.eclipse.jetty.server.HttpInput - HttpInputOverHTTP@b8a0b6d[c=9,q=1,[0]=EOF,s=STREAM] read 1 from Content@1136ff15{HeapByteBufferR@6466a58a[p=207,l=220,c=17408,r=13]={POST / HT...is is a<<< test string.>>>\x02\x02\x00\x10\x00\x0e\x00\x0c\x02...\x00\x00\x00\x00\x00\x00\x00}}
04:29:52.809 [qtp1221981006-46] DEBUG org.eclipse.jetty.server.HttpInput - HttpInputOverHTTP@b8a0b6d[c=10,q=1,[0]=EOF,s=STREAM] read 1 from Content@1136ff15{HeapByteBufferR@6466a58a[p=208,l=220,c=17408,r=12]={POST / HT...s is a <<<test string.>>>\x02\x02\x00\x10\x00\x0e\x00\x0c\x02...\x00\x00\x00\x00\x00\x00\x00}}
04:29:52.809 [qtp1221981006-46] DEBUG org.eclipse.jetty.server.HttpInput - HttpInputOverHTTP@b8a0b6d[c=11,q=1,[0]=EOF,s=STREAM] read 1 from Content@1136ff15{HeapByteBufferR@6466a58a[p=209,l=220,c=17408,r=11]={POST / HT... is a t<<<est string.>>>\x02\x02\x00\x10\x00\x0e\x00\x0c\x02...\x00\x00\x00\x00\x00\x00\x00}}
04:29:52.809 [qtp1221981006-46] DEBUG org.eclipse.jetty.server.HttpInput - HttpInputOverHTTP@b8a0b6d[c=12,q=1,[0]=EOF,s=STREAM] read 1 from Content@1136ff15{HeapByteBufferR@6466a58a[p=210,l=220,c=17408,r=10]={POST / HT...is a te<<<st string.>>>\x02\x02\x00\x10\x00\x0e\x00\x0c\x02...\x00\x00\x00\x00\x00\x00\x00}}
04:29:52.809 [qtp1221981006-46] DEBUG org.eclipse.jetty.server.HttpInput - HttpInputOverHTTP@b8a0b6d[c=13,q=1,[0]=EOF,s=STREAM] read 1 from Content@1136ff15{HeapByteBufferR@6466a58a[p=211,l=220,c=17408,r=9]={POST / HT...s a tes<<<t string.>>>\x02\x02\x00\x10\x00\x0e\x00\x0c\x02...\x00\x00\x00\x00\x00\x00\x00}}
04:29:52.809 [qtp1221981006-46] DEBUG org.eclipse.jetty.server.HttpInput - HttpInputOverHTTP@b8a0b6d[c=14,q=1,[0]=EOF,s=STREAM] read 1 from Content@1136ff15{HeapByteBufferR@6466a58a[p=212,l=220,c=17408,r=8]={POST / HT... a test<<< string.>>>\x02\x02\x00\x10\x00\x0e\x00\x0c\x02...\x00\x00\x00\x00\x00\x00\x00}}
04:29:52.809 [qtp1221981006-46] DEBUG org.eclipse.jetty.server.HttpInput - HttpInputOverHTTP@b8a0b6d[c=15,q=1,[0]=EOF,s=STREAM] read 1 from Content@1136ff15{HeapByteBufferR@6466a58a[p=213,l=220,c=17408,r=7]={POST / HT...a test <<<string.>>>\x02\x02\x00\x10\x00\x0e\x00\x0c\x02...\x00\x00\x00\x00\x00\x00\x00}}
04:29:52.809 [qtp1221981006-46] DEBUG org.eclipse.jetty.server.HttpInput - HttpInputOverHTTP@b8a0b6d[c=16,q=1,[0]=EOF,s=STREAM] read 1 from Content@1136ff15{HeapByteBufferR@6466a58a[p=214,l=220,c=17408,r=6]={POST / HT... test s<<<tring.>>>\x02\x02\x00\x10\x00\x0e\x00\x0c\x02...\x00\x00\x00\x00\x00\x00\x00}}
04:29:52.809 [qtp1221981006-46] DEBUG org.eclipse.jetty.server.HttpInput - HttpInputOverHTTP@b8a0b6d[c=17,q=1,[0]=EOF,s=STREAM] read 1 from Content@1136ff15{HeapByteBufferR@6466a58a[p=215,l=220,c=17408,r=5]={POST / HT...test st<<<ring.>>>\x02\x02\x00\x10\x00\x0e\x00\x0c\x02...\x00\x00\x00\x00\x00\x00\x00}}
04:29:52.809 [qtp1221981006-46] DEBUG org.eclipse.jetty.server.HttpInput - HttpInputOverHTTP@b8a0b6d[c=18,q=1,[0]=EOF,s=STREAM] read 1 from Content@1136ff15{HeapByteBufferR@6466a58a[p=216,l=220,c=17408,r=4]={POST / HT...est str<<<ing.>>>\x02\x02\x00\x10\x00\x0e\x00\x0c\x02...\x00\x00\x00\x00\x00\x00\x00}}
04:29:52.809 [qtp1221981006-46] DEBUG org.eclipse.jetty.server.HttpInput - HttpInputOverHTTP@b8a0b6d[c=19,q=1,[0]=EOF,s=STREAM] read 1 from Content@1136ff15{HeapByteBufferR@6466a58a[p=217,l=220,c=17408,r=3]={POST / HT...st stri<<<ng.>>>\x02\x02\x00\x10\x00\x0e\x00\x0c\x02...\x00\x00\x00\x00\x00\x00\x00}}
04:29:52.809 [qtp1221981006-46] DEBUG org.eclipse.jetty.server.HttpInput - HttpInputOverHTTP@b8a0b6d[c=20,q=1,[0]=EOF,s=STREAM] read 1 from Content@1136ff15{HeapByteBufferR@6466a58a[p=218,l=220,c=17408,r=2]={POST / HT...t strin<<<g.>>>\x02\x02\x00\x10\x00\x0e\x00\x0c\x02...\x00\x00\x00\x00\x00\x00\x00}}
04:29:52.809 [qtp1221981006-46] DEBUG org.eclipse.jetty.server.HttpInput - HttpInputOverHTTP@b8a0b6d[c=21,q=1,[0]=EOF,s=STREAM] read 1 from Content@1136ff15{HeapByteBufferR@6466a58a[p=219,l=220,c=17408,r=1]={POST / HT... string<<<.>>>\x02\x02\x00\x10\x00\x0e\x00\x0c\x02...\x00\x00\x00\x00\x00\x00\x00}}
04:29:52.810 [qtp1221981006-46] DEBUG org.eclipse.jetty.server.HttpInput - HttpInputOverHTTP@b8a0b6d[c=22,q=1,[0]=EOF,s=STREAM] read 1 from Content@1136ff15{HeapByteBufferR@6466a58a[p=220,l=220,c=17408,r=0]={POST / HT...string.<<<>>>\x02\x02\x00\x10\x00\x0e\x00\x0c\x02...\x00\x00\x00\x00\x00\x00\x00}}
04:29:52.810 [qtp1221981006-46] DEBUG org.eclipse.jetty.server.HttpConnection - releaseRequestBuffer HttpConnection@6ea52b2c::DecryptedEndPoint@33004596{l=/127.0.0.1:42597,r=/127.0.0.1:51458,OPEN,fill=-,flush=-,to=25/30000}
04:29:52.810 [qtp1221981006-46] DEBUG org.eclipse.jetty.server.HttpOutput - write(array HeapByteBuffer@4e46148f[p=0,l=100,c=512,r=100]={<<<The result of notifying l...e configuration change\n>>>d a conf....\x00\x00\x00\x00\x00\x00\x00})
04:29:52.810 [qtp1221981006-46] DEBUG org.eclipse.jetty.server.HttpOutput - write(array) s=CLOSING,api=BLOCKED,sc=false,e=null last=true agg=false flush=true async=false, len=100 null
04:29:52.810 [qtp1221981006-46] DEBUG org.eclipse.jetty.server.HttpChannel - sendResponse info=null content=HeapByteBuffer@154caf49[p=0,l=100,c=512,r=100]={<<<The result of notifying l...e configuration change\n>>>d a conf....\x00\x00\x00\x00\x00\x00\x00} complete=true committing=true callback=Blocker@243a379e{null}
04:29:52.810 [qtp1221981006-46] DEBUG org.eclipse.jetty.server.HttpChannel - COMMIT for / on HttpChannelOverHttp@36e5ce01{s=HttpChannelState@34f6efa7{s=HANDLING rs=BLOCKING os=COMMITTED is=IDLE awp=false se=false i=true al=0},r=2,c=false/false,a=HANDLING,uri=https://localhost:42597/,age=3}
200 null HTTP/1.1
Date: Thu, 02 May 2024 03:29:52 GMT
Content-Type: text/plain;charset=iso-8859-1
Content-Length: 100


04:29:52.810 [qtp1221981006-46] DEBUG org.eclipse.jetty.server.HttpConnection - generate: NEED_HEADER for SendCallback@33c1804b[PROCESSING][i=HTTP/1.1{s=200,h=3,cl=100},cb=org.eclipse.jetty.server.HttpChannel$SendCallback@33a424a2] (null,[p=0,l=100,c=512,r=100],true)@START
04:29:52.810 [qtp1221981006-46] DEBUG org.eclipse.jetty.http.HttpGenerator - generateHeaders HTTP/1.1{s=200,h=3,cl=100} last=true content=HeapByteBuffer@154caf49[p=0,l=100,c=512,r=100]={<<<The result of notifying l...e configuration change\n>>>d a conf....\x00\x00\x00\x00\x00\x00\x00}
04:29:52.810 [qtp1221981006-46] DEBUG org.eclipse.jetty.http.HttpGenerator - Date: Thu, 02 May 2024 03:29:52 GMT
Content-Type: text/plain;charset=iso-8859-1
Content-Length: 100


04:29:52.811 [qtp1221981006-46] DEBUG org.eclipse.jetty.http.HttpGenerator - CONTENT_LENGTH
04:29:52.811 [qtp1221981006-46] DEBUG org.eclipse.jetty.server.HttpConnection - generate: FLUSH for SendCallback@33c1804b[PROCESSING][i=HTTP/1.1{s=200,h=3,cl=100},cb=org.eclipse.jetty.server.HttpChannel$SendCallback@33a424a2] ([p=0,l=155,c=8192,r=155],[p=0,l=100,c=512,r=100],true)@COMPLETING
04:29:52.811 [qtp1221981006-46] DEBUG org.eclipse.jetty.io.WriteFlusher - write: WriteFlusher@fcf4d54{IDLE}->null [HeapByteBuffer@7a3c134a[p=0,l=155,c=8192,r=155]={<<<HTTP/1.1 200 OK\r\nDate: Th...y(9.4.44.v20210927)\r\n\r\n>>>\x00\x00\x00\x00\x00\x00\x00\x00\x00...\x00\x00\x00\x00\x00\x00\x00},HeapByteBuffer@154caf49[p=0,l=100,c=512,r=100]={<<<The result of notifying l...e configuration change\n>>>d a conf....\x00\x00\x00\x00\x00\x00\x00}]
04:29:52.811 [qtp1221981006-46] DEBUG org.eclipse.jetty.io.WriteFlusher - update WriteFlusher@fcf4d54{WRITING}->null:IDLE-->WRITING
04:29:52.811 [qtp1221981006-46] DEBUG org.eclipse.jetty.io.ssl.SslConnection - >flush SslConnection@3864fad::SocketChannelEndPoint@19cc9352{l=/127.0.0.1:42597,r=/127.0.0.1:51458,OPEN,fill=-,flush=-,to=4/30000}{io=0/0,kio=0,kro=1}->SslConnection@3864fad{NOT_HANDSHAKING,eio=-1/-1,di=-1,fill=IDLE,flush=IDLE}~>DecryptedEndPoint@33004596{l=/127.0.0.1:42597,r=/127.0.0.1:51458,OPEN,fill=-,flush=W,to=26/30000}=>HttpConnection@6ea52b2c[p=HttpParser{s=END,22 of 22},g=HttpGenerator@3632d37f{s=COMPLETING}]=>HttpChannelOverHttp@36e5ce01{s=HttpChannelState@34f6efa7{s=HANDLING rs=BLOCKING os=COMMITTED is=IDLE awp=false se=false i=true al=0},r=2,c=false/false,a=HANDLING,uri=https://localhost:42597/,age=4}
04:29:52.811 [qtp1221981006-46] DEBUG org.eclipse.jetty.io.ssl.SslConnection - flush b[0]=HeapByteBuffer@7a3c134a[p=0,l=155,c=8192,r=155]={<<<HTTP/1.1 200 OK\r\nDate: Th...y(9.4.44.v20210927)\r\n\r\n>>>\x00\x00\x00\x00\x00\x00\x00\x00\x00...\x00\x00\x00\x00\x00\x00\x00}
04:29:52.811 [qtp1221981006-46] DEBUG org.eclipse.jetty.io.ssl.SslConnection - flush b[1]=HeapByteBuffer@154caf49[p=0,l=100,c=512,r=100]={<<<The result of notifying l...e configuration change\n>>>d a conf....\x00\x00\x00\x00\x00\x00\x00}
04:29:52.811 [qtp1221981006-46] DEBUG org.eclipse.jetty.io.ssl.SslConnection - flush NOT_HANDSHAKING
04:29:52.811 [qtp1221981006-46] DEBUG org.eclipse.jetty.io.ssl.SslConnection - wrap Status = OK HandshakeStatus = NOT_HANDSHAKING bytesConsumed = 255 bytesProduced = 293 [p=0,l=293,c=17408,r=293] ioDone=false/false
04:29:52.811 [qtp1221981006-46] DEBUG org.eclipse.jetty.io.ChannelEndPoint - flushed 293 SocketChannelEndPoint@19cc9352{l=/127.0.0.1:42597,r=/127.0.0.1:51458,OPEN,fill=-,flush=-,to=5/30000}{io=0/0,kio=0,kro=1}->SslConnection@3864fad{NOT_HANDSHAKING,eio=-1/0,di=-1,fill=IDLE,flush=IDLE}~>DecryptedEndPoint@33004596{l=/127.0.0.1:42597,r=/127.0.0.1:51458,OPEN,fill=-,flush=W,to=27/30000}=>HttpConnection@6ea52b2c[p=HttpParser{s=END,22 of 22},g=HttpGenerator@3632d37f{s=COMPLETING}]=>HttpChannelOverHttp@36e5ce01{s=HttpChannelState@34f6efa7{s=HANDLING rs=BLOCKING os=COMMITTED is=IDLE awp=false se=false i=true al=0},r=2,c=false/false,a=HANDLING,uri=https://localhost:42597/,age=4}
04:29:52.811 [qtp1221981006-46] DEBUG org.eclipse.jetty.io.ssl.SslConnection - net flushed=true, ac=true
Date: Thu, 02 May 2024 03:29:52 GMT
Content-Type: text/plain;charset=iso-8859-1
Content-Length: 100
Server: Jetty(9.4.44.v20210927)
04:29:52.812 [qtp1221981006-46] DEBUG org.eclipse.jetty.io.ssl.SslConnection - <flush true SslConnection@3864fad::SocketChannelEndPoint@19cc9352{l=/127.0.0.1:42597,r=/127.0.0.1:51458,OPEN,fill=-,flush=-,to=0/30000}{io=0/0,kio=0,kro=1}->SslConnection@3864fad{NOT_HANDSHAKING,eio=-1/-1,di=-1,fill=IDLE,flush=IDLE}~>DecryptedEndPoint@33004596{l=/127.0.0.1:42597,r=/127.0.0.1:51458,OPEN,fill=-,flush=W,to=27/30000}=>HttpConnection@6ea52b2c[p=HttpParser{s=END,22 of 22},g=HttpGenerator@3632d37f{s=COMPLETING}]=>HttpChannelOverHttp@36e5ce01{s=HttpChannelState@34f6efa7{s=HANDLING rs=BLOCKING os=COMMITTED is=IDLE awp=false se=false i=true al=0},r=2,c=false/false,a=HANDLING,uri=https://localhost:42597/,age=4}
04:29:52.812 [qtp1221981006-46] DEBUG org.eclipse.jetty.io.WriteFlusher - Flushed=true written=255 remaining=0 WriteFlusher@fcf4d54{WRITING}->null
04:29:52.812 [qtp1221981006-46] DEBUG org.eclipse.jetty.io.WriteFlusher - update WriteFlusher@fcf4d54{IDLE}->null:WRITING-->IDLE
04:29:52.812 [qtp1221981006-46] DEBUG org.eclipse.jetty.server.HttpConnection - generate: DONE for SendCallback@33c1804b[PROCESSING][i=HTTP/1.1{s=200,h=3,cl=100},cb=org.eclipse.jetty.server.HttpChannel$SendCallback@33a424a2] ([p=155,l=155,c=8192,r=0],[p=100,l=100,c=512,r=0],true)@END
04:29:52.812 [qtp1221981006-46] DEBUG org.eclipse.jetty.server.HttpOutput - onWriteComplete(true,null) s=CLOSING,api=BLOCKED,sc=false,e=null->s=CLOSED,api=BLOCKING,sc=false,e=null c=null cb=null w=false
]]></system-out>
  </testcase>
  <testcase name="testFileUploadSameConfig" classname="org.apache.nifi.minifi.bootstrap.configuration.ingestors.RestChangeIngestorSSLTest" time="0.009">
    <system-out><![CDATA[04:29:52.812 [qtp1221981006-46] DEBUG org.eclipse.jetty.server.HttpOutput - close() s=CLOSED,api=BLOCKING,sc=false,e=null c=null b=null
04:29:52.812 [qtp1221981006-46] DEBUG org.eclipse.jetty.server.Server - handled=true async=false committed=true on HttpChannelOverHttp@36e5ce01{s=HttpChannelState@34f6efa7{s=HANDLING rs=BLOCKING os=COMPLETED is=IDLE awp=false se=false i=true al=0},r=2,c=false/true,a=HANDLING,uri=https://localhost:42597/,age=5}
04:29:52.812 [qtp1221981006-46] DEBUG org.eclipse.jetty.server.HttpChannelState - unhandle HttpChannelState@34f6efa7{s=HANDLING rs=BLOCKING os=COMPLETED is=IDLE awp=false se=false i=true al=0}
04:29:52.812 [qtp1221981006-46] DEBUG org.eclipse.jetty.server.HttpChannelState - nextAction(false) COMPLETE HttpChannelState@34f6efa7{s=HANDLING rs=COMPLETING os=COMPLETED is=IDLE awp=false se=false i=false al=0}
04:29:52.812 [qtp1221981006-46] DEBUG org.eclipse.jetty.server.HttpChannel - action COMPLETE HttpChannelOverHttp@36e5ce01{s=HttpChannelState@34f6efa7{s=HANDLING rs=COMPLETING os=COMPLETED is=IDLE awp=false se=false i=false al=0},r=2,c=false/true,a=HANDLING,uri=https://localhost:42597/,age=5}
04:29:52.812 [qtp1221981006-46] DEBUG org.eclipse.jetty.server.HttpOutput - complete(org.eclipse.jetty.util.Callback$3@62bf8da9) s=CLOSED,api=BLOCKING,sc=false,e=null s=true e=null, c=null
04:29:52.812 [qtp1221981006-46] DEBUG org.eclipse.jetty.server.HttpChannelState - completed HttpChannelState@34f6efa7{s=HANDLING rs=COMPLETING os=COMPLETED is=IDLE awp=false se=false i=false al=0}
04:29:52.812 [qtp1221981006-46] DEBUG org.eclipse.jetty.server.HttpChannelState - unhandle HttpChannelState@34f6efa7{s=HANDLING rs=COMPLETED os=COMPLETED is=IDLE awp=false se=false i=false al=0}
04:29:52.812 [qtp1221981006-46] DEBUG org.eclipse.jetty.server.HttpChannelState - nextAction(false) TERMINATED HttpChannelState@34f6efa7{s=IDLE rs=COMPLETED os=COMPLETED is=IDLE awp=false se=false i=false al=0}
04:29:52.812 [qtp1221981006-46] DEBUG org.eclipse.jetty.server.HttpChannel - action TERMINATED HttpChannelOverHttp@36e5ce01{s=HttpChannelState@34f6efa7{s=IDLE rs=COMPLETED os=COMPLETED is=IDLE awp=false se=false i=false al=0},r=2,c=true/true,a=IDLE,uri=https://localhost:42597/,age=5}
04:29:52.812 [qtp1221981006-46] DEBUG org.eclipse.jetty.server.HttpChannel - onCompleted for / written=100
04:29:52.812 [qtp1221981006-46] DEBUG org.eclipse.jetty.server.HttpChannelState - recycle HttpChannelState@34f6efa7{s=IDLE rs=COMPLETED os=COMPLETED is=IDLE awp=false se=false i=false al=0}
04:29:52.813 [qtp1221981006-46] DEBUG org.eclipse.jetty.http.HttpParser - reset HttpParser{s=END,22 of 22}
04:29:52.813 [qtp1221981006-46] DEBUG org.eclipse.jetty.http.HttpParser - END --> START
04:29:52.813 [qtp1221981006-46] DEBUG org.eclipse.jetty.server.HttpChannel - !handle TERMINATED HttpChannelOverHttp@36e5ce01{s=HttpChannelState@34f6efa7{s=IDLE rs=BLOCKING os=OPEN is=IDLE awp=false se=false i=true al=0},r=2,c=false/false,a=IDLE,uri=null,age=0}
04:29:52.813 [qtp1221981006-46] DEBUG org.eclipse.jetty.io.ssl.SslConnection - >fill SslConnection@3864fad::SocketChannelEndPoint@19cc9352{l=/127.0.0.1:42597,r=/127.0.0.1:51458,OPEN,fill=-,flush=-,to=1/30000}{io=0/0,kio=0,kro=1}->SslConnection@3864fad{NOT_HANDSHAKING,eio=-1/-1,di=-1,fill=IDLE,flush=IDLE}~>DecryptedEndPoint@33004596{l=/127.0.0.1:42597,r=/127.0.0.1:51458,OPEN,fill=-,flush=-,to=29/30000}=>HttpConnection@6ea52b2c[p=HttpParser{s=START,0 of -1},g=HttpGenerator@3632d37f{s=START}]=>HttpChannelOverHttp@36e5ce01{s=HttpChannelState@34f6efa7{s=IDLE rs=BLOCKING os=OPEN is=IDLE awp=false se=false i=true al=0},r=2,c=false/false,a=IDLE,uri=null,age=0}
04:29:52.813 [qtp1221981006-46] DEBUG org.eclipse.jetty.io.ssl.SslConnection - fill NOT_HANDSHAKING
04:29:52.813 [qtp1221981006-46] DEBUG org.eclipse.jetty.io.ChannelEndPoint - filled 0 HeapByteBuffer@413ecfef[p=0,l=0,c=17408,r=0]={<<<>>>POST / HT...\x00\x00\x00\x00\x00\x00\x00}
04:29:52.813 [qtp1221981006-46] DEBUG org.eclipse.jetty.io.ssl.SslConnection - net filled=0
04:29:52.813 [qtp1221981006-46] DEBUG org.eclipse.jetty.io.ssl.SslConnection - unwrap net_filled=0 Status = BUFFER_UNDERFLOW HandshakeStatus = NOT_HANDSHAKING bytesConsumed = 0 bytesProduced = 0 encryptedBuffer=[p=0,l=0,c=17408,r=0] unwrapBuffer=HeapByteBuffer@45014310[p=0,l=0,c=17408,r=0]={<<<>>>\x17\x03\x03\x00\xFdPOST...\x00\x00\x00\x00\x00\x00\x00} appBuffer=HeapByteBuffer@45014310[p=0,l=0,c=17408,r=0]={<<<>>>\x17\x03\x03\x00\xFdPOST...\x00\x00\x00\x00\x00\x00\x00}
04:29:52.814 [qtp1221981006-46] DEBUG org.eclipse.jetty.io.ssl.SslConnection - <fill f=0 uf=true SslConnection@3864fad::SocketChannelEndPoint@19cc9352{l=/127.0.0.1:42597,r=/127.0.0.1:51458,OPEN,fill=-,flush=-,to=2/30000}{io=0/0,kio=0,kro=1}->SslConnection@3864fad{NOT_HANDSHAKING,eio=-1/-1,di=-1,fill=IDLE,flush=IDLE}~>DecryptedEndPoint@33004596{l=/127.0.0.1:42597,r=/127.0.0.1:51458,OPEN,fill=-,flush=-,to=29/30000}=>HttpConnection@6ea52b2c[p=HttpParser{s=START,0 of -1},g=HttpGenerator@3632d37f{s=START}]=>HttpChannelOverHttp@36e5ce01{s=HttpChannelState@34f6efa7{s=IDLE rs=BLOCKING os=OPEN is=IDLE awp=false se=false i=true al=0},r=2,c=false/false,a=IDLE,uri=null,age=0}
04:29:52.814 [qtp1221981006-46] DEBUG org.eclipse.jetty.io.ssl.SslConnection - >fill SslConnection@3864fad::SocketChannelEndPoint@19cc9352{l=/127.0.0.1:42597,r=/127.0.0.1:51458,OPEN,fill=-,flush=-,to=2/30000}{io=0/0,kio=0,kro=1}->SslConnection@3864fad{NOT_HANDSHAKING,eio=-1/-1,di=-1,fill=IDLE,flush=IDLE}~>DecryptedEndPoint@33004596{l=/127.0.0.1:42597,r=/127.0.0.1:51458,OPEN,fill=-,flush=-,to=29/30000}=>HttpConnection@6ea52b2c[p=HttpParser{s=START,0 of -1},g=HttpGenerator@3632d37f{s=START}]=>HttpChannelOverHttp@36e5ce01{s=HttpChannelState@34f6efa7{s=IDLE rs=BLOCKING os=OPEN is=IDLE awp=false se=false i=true al=0},r=2,c=false/false,a=IDLE,uri=null,age=0}
04:29:52.814 [qtp1221981006-46] DEBUG org.eclipse.jetty.io.ssl.SslConnection - fill NOT_HANDSHAKING
04:29:52.814 [qtp1221981006-46] DEBUG org.eclipse.jetty.io.ChannelEndPoint - filled 0 HeapByteBuffer@24c32c10[p=0,l=0,c=17408,r=0]={<<<>>>\x17\x03\x03\x01 \xAf\x0f\xD5}...\x00\x00\x00\x00\x00\x00\x00}
04:29:52.814 [qtp1221981006-46] DEBUG org.eclipse.jetty.io.ssl.SslConnection - net filled=0
04:29:52.814 [qtp1221981006-46] DEBUG org.eclipse.jetty.io.ssl.SslConnection - unwrap net_filled=0 Status = BUFFER_UNDERFLOW HandshakeStatus = NOT_HANDSHAKING bytesConsumed = 0 bytesProduced = 0 encryptedBuffer=[p=0,l=0,c=17408,r=0] unwrapBuffer=HeapByteBuffer@45014310[p=0,l=0,c=17408,r=0]={<<<>>>\x17\x03\x03\x00\xFdPOST...\x00\x00\x00\x00\x00\x00\x00} appBuffer=HeapByteBuffer@45014310[p=0,l=0,c=17408,r=0]={<<<>>>\x17\x03\x03\x00\xFdPOST...\x00\x00\x00\x00\x00\x00\x00}
04:29:52.814 [qtp1221981006-46] DEBUG org.eclipse.jetty.io.ssl.SslConnection - <fill f=0 uf=true SslConnection@3864fad::SocketChannelEndPoint@19cc9352{l=/127.0.0.1:42597,r=/127.0.0.1:51458,OPEN,fill=-,flush=-,to=2/30000}{io=0/0,kio=0,kro=1}->SslConnection@3864fad{NOT_HANDSHAKING,eio=-1/-1,di=-1,fill=IDLE,flush=IDLE}~>DecryptedEndPoint@33004596{l=/127.0.0.1:42597,r=/127.0.0.1:51458,OPEN,fill=-,flush=-,to=29/30000}=>HttpConnection@6ea52b2c[p=HttpParser{s=START,0 of -1},g=HttpGenerator@3632d37f{s=START}]=>HttpChannelOverHttp@36e5ce01{s=HttpChannelState@34f6efa7{s=IDLE rs=BLOCKING os=OPEN is=IDLE awp=false se=false i=true al=0},r=2,c=false/false,a=IDLE,uri=null,age=0}
04:29:52.814 [qtp1221981006-46] DEBUG org.eclipse.jetty.server.HttpConnection - HttpConnection@6ea52b2c::DecryptedEndPoint@33004596{l=/127.0.0.1:42597,r=/127.0.0.1:51458,OPEN,fill=-,flush=-,to=30/30000} filled 0 HeapByteBuffer@45014310[p=0,l=0,c=17408,r=0]={<<<>>>\x17\x03\x03\x00\xFdPOST...\x00\x00\x00\x00\x00\x00\x00}
04:29:52.814 [qtp1221981006-46] DEBUG org.eclipse.jetty.server.HttpConnection - HttpConnection@6ea52b2c::DecryptedEndPoint@33004596{l=/127.0.0.1:42597,r=/127.0.0.1:51458,OPEN,fill=-,flush=-,to=30/30000} parse HeapByteBuffer@45014310[p=0,l=0,c=17408,r=0]={<<<>>>\x17\x03\x03\x00\xFdPOST...\x00\x00\x00\x00\x00\x00\x00} {}
04:29:52.814 [qtp1221981006-46] DEBUG org.eclipse.jetty.http.HttpParser - parseNext s=START HeapByteBuffer@45014310[p=0,l=0,c=17408,r=0]={<<<>>>\x17\x03\x03\x00\xFdPOST...\x00\x00\x00\x00\x00\x00\x00}
04:29:52.814 [qtp1221981006-46] DEBUG org.eclipse.jetty.server.HttpConnection - HttpConnection@6ea52b2c::DecryptedEndPoint@33004596{l=/127.0.0.1:42597,r=/127.0.0.1:51458,OPEN,fill=-,flush=-,to=30/30000} parsed false HttpParser{s=START,0 of -1}
04:29:52.814 [qtp1221981006-46] DEBUG org.eclipse.jetty.server.HttpConnection - releaseRequestBuffer HttpConnection@6ea52b2c::DecryptedEndPoint@33004596{l=/127.0.0.1:42597,r=/127.0.0.1:51458,OPEN,fill=-,flush=-,to=30/30000}
04:29:52.814 [qtp1221981006-46] DEBUG org.eclipse.jetty.io.AbstractConnection - fillInterested HttpConnection@6ea52b2c::DecryptedEndPoint@33004596{l=/127.0.0.1:42597,r=/127.0.0.1:51458,OPEN,fill=-,flush=-,to=30/30000}
04:29:52.814 [qtp1221981006-46] DEBUG org.eclipse.jetty.io.FillInterest - interested FillInterest@425a2e44{AC.ReadCB@6ea52b2c{HttpConnection@6ea52b2c::DecryptedEndPoint@33004596{l=/127.0.0.1:42597,r=/127.0.0.1:51458,OPEN,fill=FI,flush=-,to=0/30000}}}
04:29:52.815 [qtp1221981006-46] DEBUG org.eclipse.jetty.io.ssl.SslConnection - >needFillInterest s=IDLE/IDLE uf=true ei=null di=null SslConnection@3864fad::SocketChannelEndPoint@19cc9352{l=/127.0.0.1:42597,r=/127.0.0.1:51458,OPEN,fill=-,flush=-,to=3/30000}{io=0/0,kio=0,kro=1}->SslConnection@3864fad{NOT_HANDSHAKING,eio=-1/-1,di=-1,fill=IDLE,flush=IDLE}~>DecryptedEndPoint@33004596{l=/127.0.0.1:42597,r=/127.0.0.1:51458,OPEN,fill=FI,flush=-,to=0/30000}=>HttpConnection@6ea52b2c[p=HttpParser{s=START,0 of -1},g=HttpGenerator@3632d37f{s=START}]=>HttpChannelOverHttp@36e5ce01{s=HttpChannelState@34f6efa7{s=IDLE rs=BLOCKING os=OPEN is=IDLE awp=false se=false i=true al=0},r=2,c=false/false,a=IDLE,uri=null,age=0}
04:29:52.815 [qtp1221981006-46] DEBUG org.eclipse.jetty.io.ssl.SslConnection - <needFillInterest s=IDLE/INTERESTED f=false i=true w=null
04:29:52.815 [qtp1221981006-46] DEBUG org.eclipse.jetty.io.ssl.SslConnection - ensureFillInterested SslConnection@3864fad::SocketChannelEndPoint@19cc9352{l=/127.0.0.1:42597,r=/127.0.0.1:51458,OPEN,fill=-,flush=-,to=3/30000}{io=0/0,kio=0,kro=1}->SslConnection@3864fad{NOT_HANDSHAKING,eio=-1/-1,di=-1,fill=INTERESTED,flush=IDLE}~>DecryptedEndPoint@33004596{l=/127.0.0.1:42597,r=/127.0.0.1:51458,OPEN,fill=FI,flush=-,to=0/30000}=>HttpConnection@6ea52b2c[p=HttpParser{s=START,0 of -1},g=HttpGenerator@3632d37f{s=START}]=>HttpChannelOverHttp@36e5ce01{s=HttpChannelState@34f6efa7{s=IDLE rs=BLOCKING os=OPEN is=IDLE awp=false se=false i=true al=0},r=2,c=false/false,a=IDLE,uri=null,age=0}
04:29:52.815 [qtp1221981006-46] DEBUG org.eclipse.jetty.io.FillInterest - interested FillInterest@788dc9bd{SSLC.NBReadCB@3864fad{SslConnection@3864fad::SocketChannelEndPoint@19cc9352{l=/127.0.0.1:42597,r=/127.0.0.1:51458,OPEN,fill=FI,flush=-,to=0/30000}{io=0/0,kio=0,kro=1}->SslConnection@3864fad{NOT_HANDSHAKING,eio=-1/-1,di=-1,fill=INTERESTED,flush=IDLE}~>DecryptedEndPoint@33004596{l=/127.0.0.1:42597,r=/127.0.0.1:51458,OPEN,fill=FI,flush=-,to=0/30000}=>HttpConnection@6ea52b2c[p=HttpParser{s=START,0 of -1},g=HttpGenerator@3632d37f{s=START}]=>HttpChannelOverHttp@36e5ce01{s=HttpChannelState@34f6efa7{s=IDLE rs=BLOCKING os=OPEN is=IDLE awp=false se=false i=true al=0},r=2,c=false/false,a=IDLE,uri=null,age=0}}}
04:29:52.815 [qtp1221981006-46] DEBUG org.eclipse.jetty.io.ChannelEndPoint - changeInterests p=false 0->1 for SocketChannelEndPoint@19cc9352{l=/127.0.0.1:42597,r=/127.0.0.1:51458,OPEN,fill=FI,flush=-,to=0/30000}{io=0/1,kio=0,kro=1}->SslConnection@3864fad{NOT_HANDSHAKING,eio=-1/-1,di=-1,fill=INTERESTED,flush=IDLE}~>DecryptedEndPoint@33004596{l=/127.0.0.1:42597,r=/127.0.0.1:51458,OPEN,fill=FI,flush=-,to=0/30000}=>HttpConnection@6ea52b2c[p=HttpParser{s=START,0 of -1},g=HttpGenerator@3632d37f{s=START}]=>HttpChannelOverHttp@36e5ce01{s=HttpChannelState@34f6efa7{s=IDLE rs=BLOCKING os=OPEN is=IDLE awp=false se=false i=true al=0},r=2,c=false/false,a=IDLE,uri=null,age=0}
04:29:52.815 [qtp1221981006-46] DEBUG org.eclipse.jetty.io.ManagedSelector - Queued change lazy=false org.eclipse.jetty.io.ChannelEndPoint$$Lambda$255/1126011505@6b36e0e6 on ManagedSelector@77a7cf58{STARTED} id=1 keys=1 selected=0 updates=0
04:29:52.815 [qtp1221981006-46] DEBUG org.eclipse.jetty.io.ManagedSelector - Wakeup on submit ManagedSelector@77a7cf58{STARTED} id=1 keys=1 selected=0 updates=1
04:29:52.815 [qtp1221981006-51] DEBUG org.eclipse.jetty.io.ManagedSelector - Selector sun.nio.ch.EPollSelectorImpl@71bc4e1f woken with none selected
04:29:52.815 [qtp1221981006-46] DEBUG org.eclipse.jetty.server.HttpConnection - HttpConnection@6ea52b2c::DecryptedEndPoint@33004596{l=/127.0.0.1:42597,r=/127.0.0.1:51458,OPEN,fill=FI,flush=-,to=0/30000} onFillable exit HttpChannelState@34f6efa7{s=IDLE rs=BLOCKING os=OPEN is=IDLE awp=false se=false i=true al=0} null
04:29:52.815 [qtp1221981006-51] DEBUG org.eclipse.jetty.io.ManagedSelector - Selector sun.nio.ch.EPollSelectorImpl@71bc4e1f woken up from select, 0/0/1 selected
04:29:52.815 [qtp1221981006-51] DEBUG org.eclipse.jetty.io.ManagedSelector - Selector sun.nio.ch.EPollSelectorImpl@71bc4e1f processing 0 keys, 1 updates
04:29:52.815 [qtp1221981006-51] DEBUG org.eclipse.jetty.io.ManagedSelector - updateable 1
04:29:52.815 [qtp1221981006-51] DEBUG org.eclipse.jetty.io.ManagedSelector - update org.eclipse.jetty.io.ChannelEndPoint$$Lambda$255/1126011505@6b36e0e6
04:29:52.815 [qtp1221981006-46] DEBUG org.eclipse.jetty.io.ssl.SslConnection - <c.onFillable SslConnection@3864fad::SocketChannelEndPoint@19cc9352{l=/127.0.0.1:42597,r=/127.0.0.1:51458,OPEN,fill=FI,flush=-,to=0/30000}{io=0/1,kio=0,kro=1}->SslConnection@3864fad{NOT_HANDSHAKING,eio=-1/-1,di=-1,fill=INTERESTED,flush=IDLE}~>DecryptedEndPoint@33004596{l=/127.0.0.1:42597,r=/127.0.0.1:51458,OPEN,fill=FI,flush=-,to=0/30000}=>HttpConnection@6ea52b2c[p=HttpParser{s=START,0 of -1},g=HttpGenerator@3632d37f{s=START}]=>HttpChannelOverHttp@36e5ce01{s=HttpChannelState@34f6efa7{s=IDLE rs=BLOCKING os=OPEN is=IDLE awp=false se=false i=true al=0},r=2,c=false/false,a=IDLE,uri=null,age=0}
04:29:52.815 [qtp1221981006-46] DEBUG org.eclipse.jetty.util.thread.QueuedThreadPool - ran org.eclipse.jetty.io.ManagedSelector$$Lambda$253/838473569@1dd6d4b7 in QueuedThreadPool[qtp1221981006]@48d5f34e{STARTED,8<=8<=200,i=1,r=-1,q=0}[ReservedThreadExecutor@6f152006{reserved=1/8,pending=0}]
04:29:52.815 [qtp1221981006-51] DEBUG org.eclipse.jetty.io.ChannelEndPoint - Key interests updated 0 -> 1 on SocketChannelEndPoint@19cc9352{l=/127.0.0.1:42597,r=/127.0.0.1:51458,OPEN,fill=FI,flush=-,to=0/30000}{io=1/1,kio=1,kro=1}->SslConnection@3864fad{NOT_HANDSHAKING,eio=-1/-1,di=-1,fill=INTERESTED,flush=IDLE}~>DecryptedEndPoint@33004596{l=/127.0.0.1:42597,r=/127.0.0.1:51458,OPEN,fill=FI,flush=-,to=0/30000}=>HttpConnection@6ea52b2c[p=HttpParser{s=START,0 of -1},g=HttpGenerator@3632d37f{s=START}]=>HttpChannelOverHttp@36e5ce01{s=HttpChannelState@34f6efa7{s=IDLE rs=BLOCKING os=OPEN is=IDLE awp=false se=false i=true al=0},r=2,c=false/false,a=IDLE,uri=null,age=0}
04:29:52.815 [qtp1221981006-51] DEBUG org.eclipse.jetty.io.ManagedSelector - updates 0
04:29:52.815 [qtp1221981006-51] DEBUG org.eclipse.jetty.io.ManagedSelector - Selector sun.nio.ch.EPollSelectorImpl@71bc4e1f waiting with 1 keys
04:29:52.815 [qtp1221981006-51] DEBUG org.eclipse.jetty.io.ManagedSelector - Selector sun.nio.ch.EPollSelectorImpl@71bc4e1f woken up from select, 1/1/1 selected
04:29:52.815 [qtp1221981006-51] DEBUG org.eclipse.jetty.io.ManagedSelector - Selector sun.nio.ch.EPollSelectorImpl@71bc4e1f processing 1 keys, 0 updates
04:29:52.815 [qtp1221981006-51] DEBUG org.eclipse.jetty.io.ManagedSelector - selected 1 sun.nio.ch.SelectionKeyImpl@7f7bbe58 SocketChannelEndPoint@19cc9352{l=/127.0.0.1:42597,r=/127.0.0.1:51458,OPEN,fill=FI,flush=-,to=0/30000}{io=1/1,kio=1,kro=1}->SslConnection@3864fad{NOT_HANDSHAKING,eio=-1/-1,di=-1,fill=INTERESTED,flush=IDLE}~>DecryptedEndPoint@33004596{l=/127.0.0.1:42597,r=/127.0.0.1:51458,OPEN,fill=FI,flush=-,to=1/30000}=>HttpConnection@6ea52b2c[p=HttpParser{s=START,0 of -1},g=HttpGenerator@3632d37f{s=START}]=>HttpChannelOverHttp@36e5ce01{s=HttpChannelState@34f6efa7{s=IDLE rs=BLOCKING os=OPEN is=IDLE awp=false se=false i=true al=0},r=2,c=false/false,a=IDLE,uri=null,age=0} 
04:29:52.816 [qtp1221981006-51] DEBUG org.eclipse.jetty.io.ChannelEndPoint - onSelected 1->0 r=true w=false for SocketChannelEndPoint@19cc9352{l=/127.0.0.1:42597,r=/127.0.0.1:51458,OPEN,fill=FI,flush=-,to=0/30000}{io=1/0,kio=1,kro=1}->SslConnection@3864fad{NOT_HANDSHAKING,eio=-1/-1,di=-1,fill=INTERESTED,flush=IDLE}~>DecryptedEndPoint@33004596{l=/127.0.0.1:42597,r=/127.0.0.1:51458,OPEN,fill=FI,flush=-,to=1/30000}=>HttpConnection@6ea52b2c[p=HttpParser{s=START,0 of -1},g=HttpGenerator@3632d37f{s=START}]=>HttpChannelOverHttp@36e5ce01{s=HttpChannelState@34f6efa7{s=IDLE rs=BLOCKING os=OPEN is=IDLE awp=false se=false i=true al=0},r=2,c=false/false,a=IDLE,uri=null,age=0}
04:29:52.816 [qtp1221981006-51] DEBUG org.eclipse.jetty.io.ChannelEndPoint - task CEP:SocketChannelEndPoint@19cc9352{l=/127.0.0.1:42597,r=/127.0.0.1:51458,OPEN,fill=FI,flush=-,to=0/30000}{io=1/0,kio=1,kro=1}->SslConnection@3864fad{NOT_HANDSHAKING,eio=-1/-1,di=-1,fill=INTERESTED,flush=IDLE}~>DecryptedEndPoint@33004596{l=/127.0.0.1:42597,r=/127.0.0.1:51458,OPEN,fill=FI,flush=-,to=1/30000}=>HttpConnection@6ea52b2c[p=HttpParser{s=START,0 of -1},g=HttpGenerator@3632d37f{s=START}]=>HttpChannelOverHttp@36e5ce01{s=HttpChannelState@34f6efa7{s=IDLE rs=BLOCKING os=OPEN is=IDLE awp=false se=false i=true al=0},r=2,c=false/false,a=IDLE,uri=null,age=0}:runFillable:BLOCKING
04:29:52.816 [qtp1221981006-51] DEBUG org.eclipse.jetty.util.thread.ReservedThreadExecutor - ReservedThreadExecutor@6f152006{reserved=1/8,pending=0} tryExecute EatWhatYouKill@4d722ac9/SelectorProducer@53f0a4cb/PRODUCING/p=false/QueuedThreadPool[qtp1221981006]@48d5f34e{STARTED,8<=8<=200,i=2,r=-1,q=0}[ReservedThreadExecutor@6f152006{reserved=1/8,pending=0}][pc=0,pic=0,pec=1,epc=1]@2024-05-02T04:29:52.816+01:00
04:29:52.816 [qtp1221981006-51] DEBUG org.eclipse.jetty.util.thread.ReservedThreadExecutor - ReservedThreadExecutor@6f152006{reserved=0/8,pending=1} startReservedThread p=1
04:29:52.816 [qtp1221981006-51] DEBUG org.eclipse.jetty.util.thread.QueuedThreadPool - queue ReservedThread@3839d60a{PENDING,thread=null} startThread=0
04:29:52.816 [qtp1221981006-52] DEBUG org.eclipse.jetty.util.thread.QueuedThreadPool - run ReservedThread@3839d60a{PENDING,thread=null} in QueuedThreadPool[qtp1221981006]@48d5f34e{STARTED,8<=8<=200,i=1,r=-1,q=0}[ReservedThreadExecutor@6f152006{reserved=0/8,pending=1}]
04:29:52.816 [qtp1221981006-52] DEBUG org.eclipse.jetty.util.thread.ReservedThreadExecutor - ReservedThread@3839d60a{PENDING,thread=Thread[qtp1221981006-52,5,main]} was=PENDING next=RESERVED size=0+1 capacity=8
04:29:52.816 [qtp1221981006-52] DEBUG org.eclipse.jetty.util.thread.ReservedThreadExecutor - ReservedThread@3839d60a{RESERVED,thread=Thread[qtp1221981006-52,5,main]} waiting ReservedThreadExecutor@6f152006{reserved=1/8,pending=0}
04:29:52.816 [qtp1221981006-50] DEBUG org.eclipse.jetty.util.thread.ReservedThreadExecutor - ReservedThread@3e46b463{RESERVED,thread=Thread[qtp1221981006-50,5,main]} task=EatWhatYouKill@4d722ac9/SelectorProducer@53f0a4cb/IDLE/p=true/QueuedThreadPool[qtp1221981006]@48d5f34e{STARTED,8<=8<=200,i=1,r=-1,q=0}[ReservedThreadExecutor@6f152006{reserved=0/8,pending=1}][pc=0,pic=0,pec=1,epc=1]@2024-05-02T04:29:52.816+01:00 ReservedThreadExecutor@6f152006{reserved=1/8,pending=0}
04:29:52.816 [qtp1221981006-50] DEBUG org.eclipse.jetty.util.thread.strategy.EatWhatYouKill - EatWhatYouKill@4d722ac9/SelectorProducer@53f0a4cb/IDLE/p=true/QueuedThreadPool[qtp1221981006]@48d5f34e{STARTED,8<=8<=200,i=1,r=-1,q=0}[ReservedThreadExecutor@6f152006{reserved=1/8,pending=0}][pc=0,pic=0,pec=1,epc=1]@2024-05-02T04:29:52.816+01:00 tryProduce true
04:29:52.816 [qtp1221981006-51] DEBUG org.eclipse.jetty.util.thread.strategy.EatWhatYouKill - EatWhatYouKill@4d722ac9/SelectorProducer@53f0a4cb/IDLE/p=true/QueuedThreadPool[qtp1221981006]@48d5f34e{STARTED,8<=8<=200,i=1,r=-1,q=0}[ReservedThreadExecutor@6f152006{reserved=1/8,pending=0}][pc=0,pic=0,pec=1,epc=1]@2024-05-02T04:29:52.816+01:00 m=EXECUTE_PRODUCE_CONSUME t=CEP:SocketChannelEndPoint@19cc9352{l=/127.0.0.1:42597,r=/127.0.0.1:51458,OPEN,fill=FI,flush=-,to=1/30000}{io=1/0,kio=1,kro=1}->SslConnection@3864fad{NOT_HANDSHAKING,eio=-1/-1,di=-1,fill=INTERESTED,flush=IDLE}~>DecryptedEndPoint@33004596{l=/127.0.0.1:42597,r=/127.0.0.1:51458,OPEN,fill=FI,flush=-,to=1/30000}=>HttpConnection@6ea52b2c[p=HttpParser{s=START,0 of -1},g=HttpGenerator@3632d37f{s=START}]=>HttpChannelOverHttp@36e5ce01{s=HttpChannelState@34f6efa7{s=IDLE rs=BLOCKING os=OPEN is=IDLE awp=false se=false i=true al=0},r=2,c=false/false,a=IDLE,uri=null,age=0}:runFillable:BLOCKING/BLOCKING
04:29:52.816 [qtp1221981006-50] DEBUG org.eclipse.jetty.io.ManagedSelector - updateable 0
04:29:52.816 [qtp1221981006-50] DEBUG org.eclipse.jetty.io.ManagedSelector - updates 0
04:29:52.816 [qtp1221981006-51] DEBUG org.eclipse.jetty.io.FillInterest - fillable FillInterest@788dc9bd{SSLC.NBReadCB@3864fad{SslConnection@3864fad::SocketChannelEndPoint@19cc9352{l=/127.0.0.1:42597,r=/127.0.0.1:51458,OPEN,fill=FI,flush=-,to=1/30000}{io=1/0,kio=1,kro=1}->SslConnection@3864fad{NOT_HANDSHAKING,eio=-1/-1,di=-1,fill=INTERESTED,flush=IDLE}~>DecryptedEndPoint@33004596{l=/127.0.0.1:42597,r=/127.0.0.1:51458,OPEN,fill=FI,flush=-,to=1/30000}=>HttpConnection@6ea52b2c[p=HttpParser{s=START,0 of -1},g=HttpGenerator@3632d37f{s=START}]=>HttpChannelOverHttp@36e5ce01{s=HttpChannelState@34f6efa7{s=IDLE rs=BLOCKING os=OPEN is=IDLE awp=false se=false i=true al=0},r=2,c=false/false,a=IDLE,uri=null,age=0}}}
04:29:52.816 [qtp1221981006-50] DEBUG org.eclipse.jetty.io.ChannelEndPoint - Key interests updated 1 -> 0 on SocketChannelEndPoint@19cc9352{l=/127.0.0.1:42597,r=/127.0.0.1:51458,OPEN,fill=FI,flush=-,to=1/30000}{io=0/0,kio=0,kro=1}->SslConnection@3864fad{NOT_HANDSHAKING,eio=-1/-1,di=-1,fill=INTERESTED,flush=IDLE}~>DecryptedEndPoint@33004596{l=/127.0.0.1:42597,r=/127.0.0.1:51458,OPEN,fill=FI,flush=-,to=1/30000}=>HttpConnection@6ea52b2c[p=HttpParser{s=START,0 of -1},g=HttpGenerator@3632d37f{s=START}]=>HttpChannelOverHttp@36e5ce01{s=HttpChannelState@34f6efa7{s=IDLE rs=BLOCKING os=OPEN is=IDLE awp=false se=false i=true al=0},r=2,c=false/false,a=IDLE,uri=null,age=0}
04:29:52.816 [qtp1221981006-51] DEBUG org.eclipse.jetty.io.ssl.SslConnection - >c.onFillable SslConnection@3864fad::SocketChannelEndPoint@19cc9352{l=/127.0.0.1:42597,r=/127.0.0.1:51458,OPEN,fill=-,flush=-,to=1/30000}{io=0/0,kio=0,kro=1}->SslConnection@3864fad{NOT_HANDSHAKING,eio=-1/-1,di=-1,fill=INTERESTED,flush=IDLE}~>DecryptedEndPoint@33004596{l=/127.0.0.1:42597,r=/127.0.0.1:51458,OPEN,fill=FI,flush=-,to=2/30000}=>HttpConnection@6ea52b2c[p=HttpParser{s=START,0 of -1},g=HttpGenerator@3632d37f{s=START}]=>HttpChannelOverHttp@36e5ce01{s=HttpChannelState@34f6efa7{s=IDLE rs=BLOCKING os=OPEN is=IDLE awp=false se=false i=true al=0},r=2,c=false/false,a=IDLE,uri=null,age=0}
04:29:52.817 [qtp1221981006-50] DEBUG org.eclipse.jetty.io.ManagedSelector - Selector sun.nio.ch.EPollSelectorImpl@71bc4e1f waiting with 1 keys
04:29:52.817 [qtp1221981006-51] DEBUG org.eclipse.jetty.io.ssl.SslConnection - onFillable SslConnection@3864fad::SocketChannelEndPoint@19cc9352{l=/127.0.0.1:42597,r=/127.0.0.1:51458,OPEN,fill=-,flush=-,to=1/30000}{io=0/0,kio=0,kro=1}->SslConnection@3864fad{NOT_HANDSHAKING,eio=-1/-1,di=-1,fill=INTERESTED,flush=IDLE}~>DecryptedEndPoint@33004596{l=/127.0.0.1:42597,r=/127.0.0.1:51458,OPEN,fill=FI,flush=-,to=2/30000}=>HttpConnection@6ea52b2c[p=HttpParser{s=START,0 of -1},g=HttpGenerator@3632d37f{s=START}]=>HttpChannelOverHttp@36e5ce01{s=HttpChannelState@34f6efa7{s=IDLE rs=BLOCKING os=OPEN is=IDLE awp=false se=false i=true al=0},r=2,c=false/false,a=IDLE,uri=null,age=0}
04:29:52.817 [qtp1221981006-51] DEBUG org.eclipse.jetty.io.FillInterest - fillable FillInterest@425a2e44{AC.ReadCB@6ea52b2c{HttpConnection@6ea52b2c::DecryptedEndPoint@33004596{l=/127.0.0.1:42597,r=/127.0.0.1:51458,OPEN,fill=FI,flush=-,to=2/30000}}}
04:29:52.817 [qtp1221981006-51] DEBUG org.eclipse.jetty.server.HttpConnection - HttpConnection@6ea52b2c::DecryptedEndPoint@33004596{l=/127.0.0.1:42597,r=/127.0.0.1:51458,OPEN,fill=-,flush=-,to=2/30000} onFillable enter HttpChannelState@34f6efa7{s=IDLE rs=BLOCKING os=OPEN is=IDLE awp=false se=false i=true al=0} null
04:29:52.817 [qtp1221981006-51] DEBUG org.eclipse.jetty.io.ssl.SslConnection - >fill SslConnection@3864fad::SocketChannelEndPoint@19cc9352{l=/127.0.0.1:42597,r=/127.0.0.1:51458,OPEN,fill=-,flush=-,to=2/30000}{io=0/0,kio=0,kro=1}->SslConnection@3864fad{NOT_HANDSHAKING,eio=-1/-1,di=-1,fill=IDLE,flush=IDLE}~>DecryptedEndPoint@33004596{l=/127.0.0.1:42597,r=/127.0.0.1:51458,OPEN,fill=-,flush=-,to=2/30000}=>HttpConnection@6ea52b2c[p=HttpParser{s=START,0 of -1},g=HttpGenerator@3632d37f{s=START}]=>HttpChannelOverHttp@36e5ce01{s=HttpChannelState@34f6efa7{s=IDLE rs=BLOCKING os=OPEN is=IDLE awp=false se=false i=true al=0},r=2,c=false/false,a=IDLE,uri=null,age=0}
04:29:52.817 [qtp1221981006-51] DEBUG org.eclipse.jetty.io.ssl.SslConnection - fill NOT_HANDSHAKING
04:29:52.817 [qtp1221981006-51] DEBUG org.eclipse.jetty.io.ChannelEndPoint - filled 258 HeapByteBuffer@24c32c10[p=0,l=258,c=17408,r=258]={<<<\x17\x03\x03\x00\xFd\r\x14\xA1m#\xF9\xDe\xC3\xB7U\x1e\x9etB\xF8D\x7f\xEe\x03\x85...\xBaXYG\x1f\xE9\xAaG\xF9h\xCdW\x7f\xDc{\xA6.\xFd\xF5w4';>>>\xAb/\x8b\xCc\xFe\xB7\xE5]%...\x00\x00\x00\x00\x00\x00\x00}
04:29:52.817 [qtp1221981006-51] DEBUG org.eclipse.jetty.io.ssl.SslConnection - net filled=258
04:29:52.817 [qtp1221981006-51] DEBUG org.eclipse.jetty.io.ssl.SslConnection - unwrap net_filled=258 Status = OK HandshakeStatus = NOT_HANDSHAKING bytesConsumed = 258 bytesProduced = 220 encryptedBuffer=[p=258,l=258,c=17408,r=0] unwrapBuffer=HeapByteBuffer@413ecfef[p=0,l=220,c=17408,r=220]={<<<POST / HTTP/1.1\r\ncharset:...\nThis is a test string.>>>\x02\x02\x00\x10\x00\x0e\x00\x0c\x02...\x00\x00\x00\x00\x00\x00\x00} appBuffer=HeapByteBuffer@413ecfef[p=0,l=220,c=17408,r=220]={<<<POST / HTTP/1.1\r\ncharset:...\nThis is a test string.>>>\x02\x02\x00\x10\x00\x0e\x00\x0c\x02...\x00\x00\x00\x00\x00\x00\x00}
04:29:52.817 [qtp1221981006-51] DEBUG org.eclipse.jetty.io.ssl.SslConnection - <fill f=220 uf=false SslConnection@3864fad::SocketChannelEndPoint@19cc9352{l=/127.0.0.1:42597,r=/127.0.0.1:51458,OPEN,fill=-,flush=-,to=0/30000}{io=0/0,kio=0,kro=1}->SslConnection@3864fad{NOT_HANDSHAKING,eio=-1/-1,di=-1,fill=IDLE,flush=IDLE}~>DecryptedEndPoint@33004596{l=/127.0.0.1:42597,r=/127.0.0.1:51458,OPEN,fill=-,flush=-,to=2/30000}=>HttpConnection@6ea52b2c[p=HttpParser{s=START,0 of -1},g=HttpGenerator@3632d37f{s=START}]=>HttpChannelOverHttp@36e5ce01{s=HttpChannelState@34f6efa7{s=IDLE rs=BLOCKING os=OPEN is=IDLE awp=false se=false i=true al=0},r=2,c=false/false,a=IDLE,uri=null,age=0}
04:29:52.817 [qtp1221981006-51] DEBUG org.eclipse.jetty.server.HttpConnection - HttpConnection@6ea52b2c::DecryptedEndPoint@33004596{l=/127.0.0.1:42597,r=/127.0.0.1:51458,OPEN,fill=-,flush=-,to=3/30000} filled 220 HeapByteBuffer@413ecfef[p=0,l=220,c=17408,r=220]={<<<POST / HTTP/1.1\r\ncharset:...\nThis is a test string.>>>\x02\x02\x00\x10\x00\x0e\x00\x0c\x02...\x00\x00\x00\x00\x00\x00\x00}
04:29:52.817 [qtp1221981006-51] DEBUG org.eclipse.jetty.server.HttpConnection - HttpConnection@6ea52b2c::DecryptedEndPoint@33004596{l=/127.0.0.1:42597,r=/127.0.0.1:51458,OPEN,fill=-,flush=-,to=3/30000} parse HeapByteBuffer@413ecfef[p=0,l=220,c=17408,r=220]={<<<POST / HTTP/1.1\r\ncharset:...\nThis is a test string.>>>\x02\x02\x00\x10\x00\x0e\x00\x0c\x02...\x00\x00\x00\x00\x00\x00\x00} {}
04:29:52.817 [qtp1221981006-51] DEBUG org.eclipse.jetty.http.HttpParser - parseNext s=START HeapByteBuffer@413ecfef[p=0,l=220,c=17408,r=220]={<<<POST / HTTP/1.1\r\ncharset:...\nThis is a test string.>>>\x02\x02\x00\x10\x00\x0e\x00\x0c\x02...\x00\x00\x00\x00\x00\x00\x00}
04:29:52.818 [qtp1221981006-51] DEBUG org.eclipse.jetty.http.HttpParser - START --> SPACE1
04:29:52.818 [qtp1221981006-51] DEBUG org.eclipse.jetty.http.HttpParser - SPACE1 --> URI
04:29:52.818 [qtp1221981006-51] DEBUG org.eclipse.jetty.http.HttpParser - URI --> SPACE2
04:29:52.818 [qtp1221981006-51] DEBUG org.eclipse.jetty.http.HttpParser - SPACE2 --> REQUEST_VERSION
04:29:52.818 [qtp1221981006-51] DEBUG org.eclipse.jetty.http.HttpParser - REQUEST_VERSION --> HEADER
04:29:52.818 [qtp1221981006-51] DEBUG org.eclipse.jetty.http.HttpParser - HEADER: --> IN_NAME
04:29:52.818 [qtp1221981006-51] DEBUG org.eclipse.jetty.http.HttpParser - HEADER:charset --> VALUE
04:29:52.818 [qtp1221981006-51] DEBUG org.eclipse.jetty.http.HttpParser - HEADER:charset --> IN_VALUE
04:29:52.818 [qtp1221981006-51] DEBUG org.eclipse.jetty.http.HttpParser - HEADER:charset --> FIELD
04:29:52.818 [qtp1221981006-51] DEBUG org.eclipse.jetty.http.HttpParser - HEADER:Content-Type --> VALUE
04:29:52.818 [qtp1221981006-51] DEBUG org.eclipse.jetty.http.HttpParser - HEADER:Content-Type --> IN_VALUE
04:29:52.818 [qtp1221981006-51] DEBUG org.eclipse.jetty.http.HttpParser - HEADER:Content-Type --> FIELD
04:29:52.818 [qtp1221981006-51] DEBUG org.eclipse.jetty.http.HttpParser - HEADER:Content-Length --> VALUE
04:29:52.818 [qtp1221981006-51] DEBUG org.eclipse.jetty.http.HttpParser - HEADER:Content-Length --> IN_VALUE
04:29:52.818 [qtp1221981006-51] DEBUG org.eclipse.jetty.http.HttpParser - HEADER:Content-Length --> FIELD
04:29:52.818 [qtp1221981006-51] DEBUG org.eclipse.jetty.http.HttpParser - HEADER:Host: localhost:42597 --> IN_VALUE
04:29:52.818 [qtp1221981006-51] DEBUG org.eclipse.jetty.http.HttpParser - HEADER:Host: localhost:42597 --> FIELD
04:29:52.818 [qtp1221981006-51] DEBUG org.eclipse.jetty.http.HttpParser - HEADER:Connection: keep-alive --> IN_VALUE
04:29:52.818 [qtp1221981006-51] DEBUG org.eclipse.jetty.http.HttpParser - HEADER:Connection: keep-alive --> FIELD
04:29:52.818 [qtp1221981006-51] DEBUG org.eclipse.jetty.http.HttpParser - HEADER:Accept-Encoding: gzip --> IN_VALUE
04:29:52.818 [qtp1221981006-51] DEBUG org.eclipse.jetty.http.HttpParser - HEADER:Accept-Encoding: gzip --> FIELD
04:29:52.818 [qtp1221981006-51] DEBUG org.eclipse.jetty.http.HttpParser - HEADER:User-Agent: okhttp/3.12.3 --> IN_VALUE
04:29:52.818 [qtp1221981006-51] DEBUG org.eclipse.jetty.http.HttpParser - HEADER:User-Agent: okhttp/3.12.3 --> FIELD
04:29:52.818 [qtp1221981006-51] DEBUG org.eclipse.jetty.http.HttpParser - HEADER --> CONTENT
04:29:52.818 [qtp1221981006-51] DEBUG org.eclipse.jetty.server.HttpChannel - REQUEST for //localhost:42597/ on HttpChannelOverHttp@36e5ce01{s=HttpChannelState@34f6efa7{s=IDLE rs=BLOCKING os=OPEN is=IDLE awp=false se=false i=true al=0},r=3,c=false/false,a=IDLE,uri=//localhost:42597/,age=0}
POST //localhost:42597/ HTTP/1.1
charset: UTF-8
Content-Type: text/x-markdown; charset=utf-8
Content-Length: 22
Host: localhost:42597
Connection: keep-alive
Accept-Encoding: gzip
User-Agent: okhttp/3.12.3


04:29:52.818 [qtp1221981006-51] DEBUG org.eclipse.jetty.server.HttpConnection - HttpConnection@6ea52b2c::DecryptedEndPoint@33004596{l=/127.0.0.1:42597,r=/127.0.0.1:51458,OPEN,fill=-,flush=-,to=3/30000} parsed true HttpParser{s=CONTENT,0 of 22}
04:29:52.818 [qtp1221981006-51] DEBUG org.eclipse.jetty.server.HttpChannel - handle //localhost:42597/ HttpChannelOverHttp@36e5ce01{s=HttpChannelState@34f6efa7{s=IDLE rs=BLOCKING os=OPEN is=IDLE awp=false se=false i=true al=0},r=3,c=false/false,a=IDLE,uri=//localhost:42597/,age=0} 
04:29:52.818 [qtp1221981006-51] DEBUG org.eclipse.jetty.server.HttpChannelState - handling HttpChannelState@34f6efa7{s=IDLE rs=BLOCKING os=OPEN is=IDLE awp=false se=false i=true al=0}
04:29:52.818 [qtp1221981006-51] DEBUG org.eclipse.jetty.server.HttpChannel - action DISPATCH HttpChannelOverHttp@36e5ce01{s=HttpChannelState@34f6efa7{s=HANDLING rs=BLOCKING os=OPEN is=IDLE awp=false se=false i=true al=0},r=3,c=false/false,a=HANDLING,uri=//localhost:42597/,age=0}
04:29:52.818 [qtp1221981006-51] DEBUG org.eclipse.jetty.server.SecureRequestCustomizer - Host localhost with SNI null
04:29:52.819 [qtp1221981006-51] DEBUG org.eclipse.jetty.server.Server - REQUEST POST / on HttpChannelOverHttp@36e5ce01{s=HttpChannelState@34f6efa7{s=HANDLING rs=BLOCKING os=OPEN is=IDLE awp=false se=false i=true al=0},r=3,c=false/false,a=HANDLING,uri=https://localhost:42597/,age=0}
04:29:52.819 [qtp1221981006-51] INFO org.apache.nifi.minifi.bootstrap.configuration.ingestors.RestChangeIngestor - >>>>>>>>>>>>>>>>>>>>>>>>>>>>>>>>>>>>>>>>>>>>
04:29:52.819 [qtp1221981006-51] INFO org.apache.nifi.minifi.bootstrap.configuration.ingestors.RestChangeIngestor - request method = POST
04:29:52.819 [qtp1221981006-51] INFO org.apache.nifi.minifi.bootstrap.configuration.ingestors.RestChangeIngestor - request url = https://localhost:42597/
04:29:52.819 [qtp1221981006-51] INFO org.apache.nifi.minifi.bootstrap.configuration.ingestors.RestChangeIngestor - context path = null
04:29:52.819 [qtp1221981006-51] INFO org.apache.nifi.minifi.bootstrap.configuration.ingestors.RestChangeIngestor - request content type = text/x-markdown; charset=utf-8
04:29:52.819 [qtp1221981006-51] INFO org.apache.nifi.minifi.bootstrap.configuration.ingestors.RestChangeIngestor - <<<<<<<<<<<<<<<<<<<<<<<<<<<<<<<<<<<<<<<<<<<<
04:29:52.819 [qtp1221981006-51] DEBUG org.eclipse.jetty.server.HttpOutput - write(array HeapByteBuffer@77c32546[p=0,l=61,c=512,r=61]={<<<Request received but inst...dy running this config.>>>fully han...\x00\x00\x00\x00\x00\x00\x00})
04:29:52.819 [qtp1221981006-51] DEBUG org.eclipse.jetty.server.HttpOutput - write(array) s=CLOSING,api=BLOCKED,sc=false,e=null last=true agg=false flush=true async=false, len=61 null
04:29:52.819 [qtp1221981006-51] DEBUG org.eclipse.jetty.server.HttpChannel - sendResponse info=null content=HeapByteBuffer@1bc3432[p=0,l=61,c=512,r=61]={<<<Request received but inst...dy running this config.>>>fully han...\x00\x00\x00\x00\x00\x00\x00} complete=true committing=true callback=Blocker@243a379e{null}
04:29:52.819 [qtp1221981006-51] DEBUG org.eclipse.jetty.server.HttpChannel - COMMIT for / on HttpChannelOverHttp@36e5ce01{s=HttpChannelState@34f6efa7{s=HANDLING rs=BLOCKING os=COMMITTED is=IDLE awp=false se=false i=true al=0},r=3,c=false/false,a=HANDLING,uri=https://localhost:42597/,age=1}
409 null HTTP/1.1
Date: Thu, 02 May 2024 03:29:52 GMT
Content-Type: text/plain;charset=iso-8859-1
Content-Length: 61


04:29:52.820 [qtp1221981006-51] DEBUG org.eclipse.jetty.server.HttpConnection - generate: NEED_HEADER for SendCallback@33c1804b[PROCESSING][i=HTTP/1.1{s=409,h=3,cl=61},cb=org.eclipse.jetty.server.HttpChannel$SendCallback@467e76bf] (null,[p=0,l=61,c=512,r=61],true)@START
04:29:52.820 [qtp1221981006-51] DEBUG org.eclipse.jetty.http.HttpGenerator - generateHeaders HTTP/1.1{s=409,h=3,cl=61} last=true content=HeapByteBuffer@1bc3432[p=0,l=61,c=512,r=61]={<<<Request received but inst...dy running this config.>>>fully han...\x00\x00\x00\x00\x00\x00\x00}
04:29:52.820 [qtp1221981006-51] DEBUG org.eclipse.jetty.http.HttpGenerator - Date: Thu, 02 May 2024 03:29:52 GMT
Content-Type: text/plain;charset=iso-8859-1
Content-Length: 61


04:29:52.820 [qtp1221981006-51] DEBUG org.eclipse.jetty.http.HttpGenerator - CONTENT_LENGTH
04:29:52.820 [qtp1221981006-51] DEBUG org.eclipse.jetty.server.HttpConnection - generate: FLUSH for SendCallback@33c1804b[PROCESSING][i=HTTP/1.1{s=409,h=3,cl=61},cb=org.eclipse.jetty.server.HttpChannel$SendCallback@467e76bf] ([p=0,l=160,c=8192,r=160],[p=0,l=61,c=512,r=61],true)@COMPLETING
04:29:52.820 [qtp1221981006-51] DEBUG org.eclipse.jetty.io.WriteFlusher - write: WriteFlusher@fcf4d54{IDLE}->null [HeapByteBuffer@7a3c134a[p=0,l=160,c=8192,r=160]={<<<HTTP/1.1 409 Conflict\r\nDa...y(9.4.44.v20210927)\r\n\r\n>>>\x00\x00\x00\x00\x00\x00\x00\x00\x00...\x00\x00\x00\x00\x00\x00\x00},HeapByteBuffer@1bc3432[p=0,l=61,c=512,r=61]={<<<Request received but inst...dy running this config.>>>fully han...\x00\x00\x00\x00\x00\x00\x00}]
04:29:52.820 [qtp1221981006-51] DEBUG org.eclipse.jetty.io.WriteFlusher - update WriteFlusher@fcf4d54{WRITING}->null:IDLE-->WRITING
04:29:52.820 [qtp1221981006-51] DEBUG org.eclipse.jetty.io.ssl.SslConnection - >flush SslConnection@3864fad::SocketChannelEndPoint@19cc9352{l=/127.0.0.1:42597,r=/127.0.0.1:51458,OPEN,fill=-,flush=-,to=2/30000}{io=0/0,kio=0,kro=1}->SslConnection@3864fad{NOT_HANDSHAKING,eio=-1/-1,di=-1,fill=IDLE,flush=IDLE}~>DecryptedEndPoint@33004596{l=/127.0.0.1:42597,r=/127.0.0.1:51458,OPEN,fill=-,flush=W,to=5/30000}=>HttpConnection@6ea52b2c[p=HttpParser{s=CONTENT,0 of 22},g=HttpGenerator@3632d37f{s=COMPLETING}]=>HttpChannelOverHttp@36e5ce01{s=HttpChannelState@34f6efa7{s=HANDLING rs=BLOCKING os=COMMITTED is=IDLE awp=false se=false i=true al=0},r=3,c=false/false,a=HANDLING,uri=https://localhost:42597/,age=2}
04:29:52.820 [qtp1221981006-51] DEBUG org.eclipse.jetty.io.ssl.SslConnection - flush b[0]=HeapByteBuffer@7a3c134a[p=0,l=160,c=8192,r=160]={<<<HTTP/1.1 409 Conflict\r\nDa...y(9.4.44.v20210927)\r\n\r\n>>>\x00\x00\x00\x00\x00\x00\x00\x00\x00...\x00\x00\x00\x00\x00\x00\x00}
04:29:52.820 [qtp1221981006-51] DEBUG org.eclipse.jetty.io.ssl.SslConnection - flush b[1]=HeapByteBuffer@1bc3432[p=0,l=61,c=512,r=61]={<<<Request received but inst...dy running this config.>>>fully han...\x00\x00\x00\x00\x00\x00\x00}
04:29:52.820 [qtp1221981006-51] DEBUG org.eclipse.jetty.io.ssl.SslConnection - flush NOT_HANDSHAKING
04:29:52.820 [qtp1221981006-51] DEBUG org.eclipse.jetty.io.ssl.SslConnection - wrap Status = OK HandshakeStatus = NOT_HANDSHAKING bytesConsumed = 221 bytesProduced = 259 [p=0,l=259,c=17408,r=259] ioDone=false/false
04:29:52.820 [qtp1221981006-51] DEBUG org.eclipse.jetty.io.ChannelEndPoint - flushed 259 SocketChannelEndPoint@19cc9352{l=/127.0.0.1:42597,r=/127.0.0.1:51458,OPEN,fill=-,flush=-,to=3/30000}{io=0/0,kio=0,kro=1}->SslConnection@3864fad{NOT_HANDSHAKING,eio=-1/0,di=-1,fill=IDLE,flush=IDLE}~>DecryptedEndPoint@33004596{l=/127.0.0.1:42597,r=/127.0.0.1:51458,OPEN,fill=-,flush=W,to=5/30000}=>HttpConnection@6ea52b2c[p=HttpParser{s=CONTENT,0 of 22},g=HttpGenerator@3632d37f{s=COMPLETING}]=>HttpChannelOverHttp@36e5ce01{s=HttpChannelState@34f6efa7{s=HANDLING rs=BLOCKING os=COMMITTED is=IDLE awp=false se=false i=true al=0},r=3,c=false/false,a=HANDLING,uri=https://localhost:42597/,age=2}
04:29:52.820 [qtp1221981006-51] DEBUG org.eclipse.jetty.io.ssl.SslConnection - net flushed=true, ac=true
Date: Thu, 02 May 2024 03:29:52 GMT
Content-Type: text/plain;charset=iso-8859-1
Content-Length: 61
Server: Jetty(9.4.44.v20210927)
04:29:52.821 [qtp1221981006-51] DEBUG org.eclipse.jetty.io.ssl.SslConnection - <flush true SslConnection@3864fad::SocketChannelEndPoint@19cc9352{l=/127.0.0.1:42597,r=/127.0.0.1:51458,OPEN,fill=-,flush=-,to=0/30000}{io=0/0,kio=0,kro=1}->SslConnection@3864fad{NOT_HANDSHAKING,eio=-1/-1,di=-1,fill=IDLE,flush=IDLE}~>DecryptedEndPoint@33004596{l=/127.0.0.1:42597,r=/127.0.0.1:51458,OPEN,fill=-,flush=W,to=6/30000}=>HttpConnection@6ea52b2c[p=HttpParser{s=CONTENT,0 of 22},g=HttpGenerator@3632d37f{s=COMPLETING}]=>HttpChannelOverHttp@36e5ce01{s=HttpChannelState@34f6efa7{s=HANDLING rs=BLOCKING os=COMMITTED is=IDLE awp=false se=false i=true al=0},r=3,c=false/false,a=HANDLING,uri=https://localhost:42597/,age=2}
04:29:52.821 [qtp1221981006-51] DEBUG org.eclipse.jetty.io.WriteFlusher - Flushed=true written=221 remaining=0 WriteFlusher@fcf4d54{WRITING}->null
04:29:52.821 [qtp1221981006-51] DEBUG org.eclipse.jetty.io.WriteFlusher - update WriteFlusher@fcf4d54{IDLE}->null:WRITING-->IDLE
04:29:52.821 [qtp1221981006-51] DEBUG org.eclipse.jetty.server.HttpConnection - generate: DONE for SendCallback@33c1804b[PROCESSING][i=HTTP/1.1{s=409,h=3,cl=61},cb=org.eclipse.jetty.server.HttpChannel$SendCallback@467e76bf] ([p=160,l=160,c=8192,r=0],[p=61,l=61,c=512,r=0],true)@END
04:29:52.821 [qtp1221981006-51] DEBUG org.eclipse.jetty.server.HttpOutput - onWriteComplete(true,null) s=CLOSING,api=BLOCKED,sc=false,e=null->s=CLOSED,api=BLOCKING,sc=false,e=null c=null cb=null w=false
04:29:52.821 [qtp1221981006-51] DEBUG org.eclipse.jetty.server.HttpOutput - close() s=CLOSED,api=BLOCKING,sc=false,e=null c=null b=null
04:29:52.821 [qtp1221981006-51] DEBUG org.eclipse.jetty.server.Server - handled=true async=false committed=true on HttpChannelOverHttp@36e5ce01{s=HttpChannelState@34f6efa7{s=HANDLING rs=BLOCKING os=COMPLETED is=IDLE awp=false se=false i=true al=0},r=3,c=false/true,a=HANDLING,uri=https://localhost:42597/,age=3}
]]></system-out>
  </testcase>
</testsuite>