<?xml version="1.0" encoding="UTF-8"?>
<testsuite xmlns:xsi="http://www.w3.org/2001/XMLSchema-instance" xsi:noNamespaceSchemaLocation="https://maven.apache.org/surefire/maven-surefire-plugin/xsd/surefire-test-report-3.0.xsd" version="3.0" name="org.apache.nifi.remote.TestStandardRemoteGroupPort" time="0.379" tests="7" errors="0" skipped="0" failures="0">
  <properties>
    <property name="sun.desktop" value="gnome"/>
    <property name="awt.toolkit" value="sun.awt.X11.XToolkit"/>
    <property name="file.encoding.pkg" value="sun.io"/>
    <property name="java.specification.version" value="1.8"/>
    <property name="sun.cpu.isalist" value=""/>
    <property name="sun.jnu.encoding" value="UTF-8"/>
    <property name="java.class.path" value="/home/alex/Repositories/nifi/nifi-nar-bundles/nifi-framework-bundle/nifi-framework/nifi-site-to-site/target/test-classes:/home/alex/Repositories/nifi/nifi-nar-bundles/nifi-framework-bundle/nifi-framework/nifi-site-to-site/target/classes:/home/alex/Repositories/nifi/nifi-api/target/classes:/home/alex/Repositories/nifi/nifi-framework-api/target/classes:/home/alex/Repositories/nifi/nifi-commons/nifi-properties/target/classes:/home/alex/Repositories/nifi/nifi-commons/nifi-property-utils/target/classes:/home/alex/Repositories/nifi/nifi-nar-bundles/nifi-framework-bundle/nifi-framework/nifi-framework-core-api/target/classes:/home/alex/Repositories/nifi/nifi-nar-bundles/nifi-framework-bundle/nifi-framework/nifi-framework-nar-utils/target/classes:/home/alex/Repositories/nifi/nifi-commons/nifi-utils/target/classes:/home/alex/Repositories/nifi/nifi-commons/nifi-parameter/target/classes:/home/alex/Repositories/nifi/nifi-nar-bundles/nifi-framework-bundle/nifi-framework/nifi-client-dto/target/classes:/home/alex/.m2/repository/io/swagger/swagger-annotations/1.6.0/swagger-annotations-1.6.0.jar:/home/alex/Repositories/nifi/nifi-commons/nifi-site-to-site-client/target/classes:/home/alex/Repositories/nifi/nifi-commons/nifi-security-utils/target/classes:/home/alex/Repositories/nifi/nifi-commons/nifi-security-utils-api/target/classes:/home/alex/Repositories/nifi/nifi-commons/nifi-security-kms/target/classes:/home/alex/.m2/repository/org/bouncycastle/bcprov-jdk15on/1.69/bcprov-jdk15on-1.69.jar:/home/alex/.m2/repository/org/bouncycastle/bcpkix-jdk15on/1.69/bcpkix-jdk15on-1.69.jar:/home/alex/.m2/repository/org/bouncycastle/bcutil-jdk15on/1.69/bcutil-jdk15on-1.69.jar:/home/alex/.m2/repository/at/favre/lib/bcrypt/0.9.0/bcrypt-0.9.0.jar:/home/alex/.m2/repository/at/favre/lib/bytes/1.3.0/bytes-1.3.0.jar:/home/alex/.m2/repository/org/apache/commons/commons-configuration2/2.7/commons-configuration2-2.7.jar:/home/alex/.m2/repository/com/fasterxml/jackson/core/jackson-databind/2.12.3/jackson-databind-2.12.3.jar:/home/alex/.m2/repository/com/fasterxml/jackson/core/jackson-annotations/2.12.3/jackson-annotations-2.12.3.jar:/home/alex/.m2/repository/com/fasterxml/jackson/core/jackson-core/2.12.3/jackson-core-2.12.3.jar:/home/alex/.m2/repository/org/apache/httpcomponents/httpclient/4.5.5/httpclient-4.5.5.jar:/home/alex/.m2/repository/org/apache/httpcomponents/httpcore/4.4.9/httpcore-4.4.9.jar:/home/alex/.m2/repository/org/apache/httpcomponents/httpasyncclient/4.1.4/httpasyncclient-4.1.4.jar:/home/alex/.m2/repository/org/apache/httpcomponents/httpcore-nio/4.4.10/httpcore-nio-4.4.10.jar:/home/alex/.m2/repository/org/apache/commons/commons-lang3/3.9/commons-lang3-3.9.jar:/home/alex/Repositories/nifi/nifi-commons/nifi-expression-language/target/classes:/home/alex/.m2/repository/org/antlr/antlr-runtime/3.5.2/antlr-runtime-3.5.2.jar:/home/alex/Repositories/nifi/nifi-commons/nifi-uuid5/target/classes:/home/alex/.m2/repository/com/jayway/jsonpath/json-path/2.6.0/json-path-2.6.0.jar:/home/alex/.m2/repository/net/minidev/json-smart/2.4.7/json-smart-2.4.7.jar:/home/alex/.m2/repository/net/minidev/accessors-smart/2.4.7/accessors-smart-2.4.7.jar:/home/alex/.m2/repository/org/ow2/asm/asm/9.1/asm-9.1.jar:/home/alex/.m2/repository/org/apache/commons/commons-text/1.8/commons-text-1.8.jar:/home/alex/.m2/repository/commons-codec/commons-codec/1.14/commons-codec-1.14.jar:/home/alex/Repositories/nifi/nifi-nar-bundles/nifi-framework-bundle/nifi-framework/nifi-framework-authorization/target/classes:/home/alex/Repositories/nifi/nifi-registry/nifi-registry-core/nifi-registry-data-model/target/classes:/home/alex/.m2/repository/javax/validation/validation-api/2.0.1.Final/validation-api-2.0.1.Final.jar:/home/alex/.m2/repository/javax/ws/rs/javax.ws.rs-api/2.1/javax.ws.rs-api-2.1.jar:/home/alex/Repositories/nifi/nifi-registry/nifi-registry-core/nifi-registry-revision/nifi-registry-revision-entity-model/target/classes:/home/alex/Repositories/nifi/nifi-registry/nifi-registry-core/nifi-registry-client/target/classes:/home/alex/Repositories/nifi/nifi-registry/nifi-registry-core/nifi-registry-security-utils/target/classes:/home/alex/.m2/repository/org/glassfish/jersey/core/jersey-client/2.33/jersey-client-2.33.jar:/home/alex/.m2/repository/jakarta/ws/rs/jakarta.ws.rs-api/2.1.6/jakarta.ws.rs-api-2.1.6.jar:/home/alex/.m2/repository/org/glassfish/hk2/external/jakarta.inject/2.6.1/jakarta.inject-2.6.1.jar:/home/alex/.m2/repository/org/glassfish/jersey/media/jersey-media-json-jackson/2.33/jersey-media-json-jackson-2.33.jar:/home/alex/.m2/repository/org/glassfish/jersey/ext/jersey-entity-filtering/2.33/jersey-entity-filtering-2.33.jar:/home/alex/.m2/repository/org/glassfish/jersey/inject/jersey-hk2/2.33/jersey-hk2-2.33.jar:/home/alex/.m2/repository/org/glassfish/hk2/hk2-locator/2.6.1/hk2-locator-2.6.1.jar:/home/alex/.m2/repository/org/glassfish/hk2/external/aopalliance-repackaged/2.6.1/aopalliance-repackaged-2.6.1.jar:/home/alex/.m2/repository/org/glassfish/hk2/hk2-api/2.6.1/hk2-api-2.6.1.jar:/home/alex/.m2/repository/org/glassfish/hk2/hk2-utils/2.6.1/hk2-utils-2.6.1.jar:/home/alex/.m2/repository/org/javassist/javassist/3.25.0-GA/javassist-3.25.0-GA.jar:/home/alex/.m2/repository/org/glassfish/jersey/core/jersey-common/2.33/jersey-common-2.33.jar:/home/alex/.m2/repository/jakarta/annotation/jakarta.annotation-api/1.3.5/jakarta.annotation-api-1.3.5.jar:/home/alex/.m2/repository/org/glassfish/hk2/osgi-resource-locator/1.0.3/osgi-resource-locator-1.0.3.jar:/home/alex/.m2/repository/org/glassfish/jersey/media/jersey-media-multipart/2.33/jersey-media-multipart-2.33.jar:/home/alex/.m2/repository/org/jvnet/mimepull/mimepull/1.9.13/mimepull-1.9.13.jar:/home/alex/Repositories/nifi/nifi-mock/target/classes:/home/alex/Repositories/nifi/nifi-commons/nifi-data-provenance-utils/target/classes:/home/alex/.m2/repository/org/slf4j/slf4j-api/1.7.32/slf4j-api-1.7.32.jar:/home/alex/.m2/repository/org/junit/jupiter/junit-jupiter-api/5.7.2/junit-jupiter-api-5.7.2.jar:/home/alex/.m2/repository/org/apiguardian/apiguardian-api/1.1.0/apiguardian-api-1.1.0.jar:/home/alex/.m2/repository/org/opentest4j/opentest4j/1.2.0/opentest4j-1.2.0.jar:/home/alex/.m2/repository/org/junit/platform/junit-platform-commons/1.7.2/junit-platform-commons-1.7.2.jar:/home/alex/.m2/repository/org/junit/jupiter/junit-jupiter-engine/5.7.2/junit-jupiter-engine-5.7.2.jar:/home/alex/.m2/repository/org/junit/platform/junit-platform-engine/1.7.2/junit-platform-engine-1.7.2.jar:/home/alex/.m2/repository/org/junit/vintage/junit-vintage-engine/5.7.2/junit-vintage-engine-5.7.2.jar:/home/alex/.m2/repository/junit/junit/4.13.2/junit-4.13.2.jar:/home/alex/.m2/repository/org/hamcrest/hamcrest-core/1.3/hamcrest-core-1.3.jar:/home/alex/.m2/repository/org/junit/jupiter/junit-jupiter-params/5.7.2/junit-jupiter-params-5.7.2.jar:/home/alex/.m2/repository/org/mockito/mockito-core/3.11.2/mockito-core-3.11.2.jar:/home/alex/.m2/repository/net/bytebuddy/byte-buddy/1.11.3/byte-buddy-1.11.3.jar:/home/alex/.m2/repository/net/bytebuddy/byte-buddy-agent/1.11.3/byte-buddy-agent-1.11.3.jar:/home/alex/.m2/repository/org/objenesis/objenesis/3.2/objenesis-3.2.jar:/home/alex/.m2/repository/org/mockito/mockito-junit-jupiter/3.11.2/mockito-junit-jupiter-3.11.2.jar:/home/alex/.m2/repository/org/slf4j/slf4j-simple/1.7.32/slf4j-simple-1.7.32.jar:/home/alex/.m2/repository/org/codehaus/groovy/groovy-test/2.5.14/groovy-test-2.5.14.jar:/home/alex/.m2/repository/org/codehaus/groovy/groovy/2.5.14/groovy-2.5.14.jar:"/>
    <property name="java.vm.vendor" value="Private Build"/>
    <property name="sun.arch.data.model" value="64"/>
    <property name="java.vendor.url" value="http://java.oracle.com/"/>
    <property name="user.timezone" value=""/>
    <property name="java.vm.specification.version" value="1.8"/>
    <property name="os.name" value="Linux"/>
    <property name="nifi.properties.file.path" value="src/test/resources/nifi.properties"/>
    <property name="user.country" value="US"/>
    <property name="sun.java.launcher" value="SUN_STANDARD"/>
    <property name="sun.boot.library.path" value="/usr/lib/jvm/java-8-openjdk-amd64/jre/lib/amd64"/>
    <property name="sun.java.command" value="/home/alex/Repositories/nifi/nifi-nar-bundles/nifi-framework-bundle/nifi-framework/nifi-site-to-site/target/surefire/surefirebooter1938538946324425900.jar /home/alex/Repositories/nifi/nifi-nar-bundles/nifi-framework-bundle/nifi-framework/nifi-site-to-site/target/surefire 2024-05-02T04-10-31_566-jvmRun1 surefire4529105661551644684tmp surefire_375923344018411860155tmp"/>
    <property name="surefire.test.class.path" value="/home/alex/Repositories/nifi/nifi-nar-bundles/nifi-framework-bundle/nifi-framework/nifi-site-to-site/target/test-classes:/home/alex/Repositories/nifi/nifi-nar-bundles/nifi-framework-bundle/nifi-framework/nifi-site-to-site/target/classes:/home/alex/Repositories/nifi/nifi-api/target/classes:/home/alex/Repositories/nifi/nifi-framework-api/target/classes:/home/alex/Repositories/nifi/nifi-commons/nifi-properties/target/classes:/home/alex/Repositories/nifi/nifi-commons/nifi-property-utils/target/classes:/home/alex/Repositories/nifi/nifi-nar-bundles/nifi-framework-bundle/nifi-framework/nifi-framework-core-api/target/classes:/home/alex/Repositories/nifi/nifi-nar-bundles/nifi-framework-bundle/nifi-framework/nifi-framework-nar-utils/target/classes:/home/alex/Repositories/nifi/nifi-commons/nifi-utils/target/classes:/home/alex/Repositories/nifi/nifi-commons/nifi-parameter/target/classes:/home/alex/Repositories/nifi/nifi-nar-bundles/nifi-framework-bundle/nifi-framework/nifi-client-dto/target/classes:/home/alex/.m2/repository/io/swagger/swagger-annotations/1.6.0/swagger-annotations-1.6.0.jar:/home/alex/Repositories/nifi/nifi-commons/nifi-site-to-site-client/target/classes:/home/alex/Repositories/nifi/nifi-commons/nifi-security-utils/target/classes:/home/alex/Repositories/nifi/nifi-commons/nifi-security-utils-api/target/classes:/home/alex/Repositories/nifi/nifi-commons/nifi-security-kms/target/classes:/home/alex/.m2/repository/org/bouncycastle/bcprov-jdk15on/1.69/bcprov-jdk15on-1.69.jar:/home/alex/.m2/repository/org/bouncycastle/bcpkix-jdk15on/1.69/bcpkix-jdk15on-1.69.jar:/home/alex/.m2/repository/org/bouncycastle/bcutil-jdk15on/1.69/bcutil-jdk15on-1.69.jar:/home/alex/.m2/repository/at/favre/lib/bcrypt/0.9.0/bcrypt-0.9.0.jar:/home/alex/.m2/repository/at/favre/lib/bytes/1.3.0/bytes-1.3.0.jar:/home/alex/.m2/repository/org/apache/commons/commons-configuration2/2.7/commons-configuration2-2.7.jar:/home/alex/.m2/repository/com/fasterxml/jackson/core/jackson-databind/2.12.3/jackson-databind-2.12.3.jar:/home/alex/.m2/repository/com/fasterxml/jackson/core/jackson-annotations/2.12.3/jackson-annotations-2.12.3.jar:/home/alex/.m2/repository/com/fasterxml/jackson/core/jackson-core/2.12.3/jackson-core-2.12.3.jar:/home/alex/.m2/repository/org/apache/httpcomponents/httpclient/4.5.5/httpclient-4.5.5.jar:/home/alex/.m2/repository/org/apache/httpcomponents/httpcore/4.4.9/httpcore-4.4.9.jar:/home/alex/.m2/repository/org/apache/httpcomponents/httpasyncclient/4.1.4/httpasyncclient-4.1.4.jar:/home/alex/.m2/repository/org/apache/httpcomponents/httpcore-nio/4.4.10/httpcore-nio-4.4.10.jar:/home/alex/.m2/repository/org/apache/commons/commons-lang3/3.9/commons-lang3-3.9.jar:/home/alex/Repositories/nifi/nifi-commons/nifi-expression-language/target/classes:/home/alex/.m2/repository/org/antlr/antlr-runtime/3.5.2/antlr-runtime-3.5.2.jar:/home/alex/Repositories/nifi/nifi-commons/nifi-uuid5/target/classes:/home/alex/.m2/repository/com/jayway/jsonpath/json-path/2.6.0/json-path-2.6.0.jar:/home/alex/.m2/repository/net/minidev/json-smart/2.4.7/json-smart-2.4.7.jar:/home/alex/.m2/repository/net/minidev/accessors-smart/2.4.7/accessors-smart-2.4.7.jar:/home/alex/.m2/repository/org/ow2/asm/asm/9.1/asm-9.1.jar:/home/alex/.m2/repository/org/apache/commons/commons-text/1.8/commons-text-1.8.jar:/home/alex/.m2/repository/commons-codec/commons-codec/1.14/commons-codec-1.14.jar:/home/alex/Repositories/nifi/nifi-nar-bundles/nifi-framework-bundle/nifi-framework/nifi-framework-authorization/target/classes:/home/alex/Repositories/nifi/nifi-registry/nifi-registry-core/nifi-registry-data-model/target/classes:/home/alex/.m2/repository/javax/validation/validation-api/2.0.1.Final/validation-api-2.0.1.Final.jar:/home/alex/.m2/repository/javax/ws/rs/javax.ws.rs-api/2.1/javax.ws.rs-api-2.1.jar:/home/alex/Repositories/nifi/nifi-registry/nifi-registry-core/nifi-registry-revision/nifi-registry-revision-entity-model/target/classes:/home/alex/Repositories/nifi/nifi-registry/nifi-registry-core/nifi-registry-client/target/classes:/home/alex/Repositories/nifi/nifi-registry/nifi-registry-core/nifi-registry-security-utils/target/classes:/home/alex/.m2/repository/org/glassfish/jersey/core/jersey-client/2.33/jersey-client-2.33.jar:/home/alex/.m2/repository/jakarta/ws/rs/jakarta.ws.rs-api/2.1.6/jakarta.ws.rs-api-2.1.6.jar:/home/alex/.m2/repository/org/glassfish/hk2/external/jakarta.inject/2.6.1/jakarta.inject-2.6.1.jar:/home/alex/.m2/repository/org/glassfish/jersey/media/jersey-media-json-jackson/2.33/jersey-media-json-jackson-2.33.jar:/home/alex/.m2/repository/org/glassfish/jersey/ext/jersey-entity-filtering/2.33/jersey-entity-filtering-2.33.jar:/home/alex/.m2/repository/org/glassfish/jersey/inject/jersey-hk2/2.33/jersey-hk2-2.33.jar:/home/alex/.m2/repository/org/glassfish/hk2/hk2-locator/2.6.1/hk2-locator-2.6.1.jar:/home/alex/.m2/repository/org/glassfish/hk2/external/aopalliance-repackaged/2.6.1/aopalliance-repackaged-2.6.1.jar:/home/alex/.m2/repository/org/glassfish/hk2/hk2-api/2.6.1/hk2-api-2.6.1.jar:/home/alex/.m2/repository/org/glassfish/hk2/hk2-utils/2.6.1/hk2-utils-2.6.1.jar:/home/alex/.m2/repository/org/javassist/javassist/3.25.0-GA/javassist-3.25.0-GA.jar:/home/alex/.m2/repository/org/glassfish/jersey/core/jersey-common/2.33/jersey-common-2.33.jar:/home/alex/.m2/repository/jakarta/annotation/jakarta.annotation-api/1.3.5/jakarta.annotation-api-1.3.5.jar:/home/alex/.m2/repository/org/glassfish/hk2/osgi-resource-locator/1.0.3/osgi-resource-locator-1.0.3.jar:/home/alex/.m2/repository/org/glassfish/jersey/media/jersey-media-multipart/2.33/jersey-media-multipart-2.33.jar:/home/alex/.m2/repository/org/jvnet/mimepull/mimepull/1.9.13/mimepull-1.9.13.jar:/home/alex/Repositories/nifi/nifi-mock/target/classes:/home/alex/Repositories/nifi/nifi-commons/nifi-data-provenance-utils/target/classes:/home/alex/.m2/repository/org/slf4j/slf4j-api/1.7.32/slf4j-api-1.7.32.jar:/home/alex/.m2/repository/org/junit/jupiter/junit-jupiter-api/5.7.2/junit-jupiter-api-5.7.2.jar:/home/alex/.m2/repository/org/apiguardian/apiguardian-api/1.1.0/apiguardian-api-1.1.0.jar:/home/alex/.m2/repository/org/opentest4j/opentest4j/1.2.0/opentest4j-1.2.0.jar:/home/alex/.m2/repository/org/junit/platform/junit-platform-commons/1.7.2/junit-platform-commons-1.7.2.jar:/home/alex/.m2/repository/org/junit/jupiter/junit-jupiter-engine/5.7.2/junit-jupiter-engine-5.7.2.jar:/home/alex/.m2/repository/org/junit/platform/junit-platform-engine/1.7.2/junit-platform-engine-1.7.2.jar:/home/alex/.m2/repository/org/junit/vintage/junit-vintage-engine/5.7.2/junit-vintage-engine-5.7.2.jar:/home/alex/.m2/repository/junit/junit/4.13.2/junit-4.13.2.jar:/home/alex/.m2/repository/org/hamcrest/hamcrest-core/1.3/hamcrest-core-1.3.jar:/home/alex/.m2/repository/org/junit/jupiter/junit-jupiter-params/5.7.2/junit-jupiter-params-5.7.2.jar:/home/alex/.m2/repository/org/mockito/mockito-core/3.11.2/mockito-core-3.11.2.jar:/home/alex/.m2/repository/net/bytebuddy/byte-buddy/1.11.3/byte-buddy-1.11.3.jar:/home/alex/.m2/repository/net/bytebuddy/byte-buddy-agent/1.11.3/byte-buddy-agent-1.11.3.jar:/home/alex/.m2/repository/org/objenesis/objenesis/3.2/objenesis-3.2.jar:/home/alex/.m2/repository/org/mockito/mockito-junit-jupiter/3.11.2/mockito-junit-jupiter-3.11.2.jar:/home/alex/.m2/repository/org/slf4j/slf4j-simple/1.7.32/slf4j-simple-1.7.32.jar:/home/alex/.m2/repository/org/codehaus/groovy/groovy-test/2.5.14/groovy-test-2.5.14.jar:/home/alex/.m2/repository/org/codehaus/groovy/groovy/2.5.14/groovy-2.5.14.jar:"/>
    <property name="sun.cpu.endian" value="little"/>
    <property name="user.home" value="/home/alex"/>
    <property name="user.language" value="en"/>
    <property name="java.specification.vendor" value="Oracle Corporation"/>
    <property name="java.home" value="/usr/lib/jvm/java-8-openjdk-amd64/jre"/>
    <property name="basedir" value="/home/alex/Repositories/nifi/nifi-nar-bundles/nifi-framework-bundle/nifi-framework/nifi-site-to-site"/>
    <property name="file.separator" value="/"/>
    <property name="line.separator" value="&#10;"/>
    <property name="java.vm.specification.vendor" value="Oracle Corporation"/>
    <property name="java.specification.name" value="Java Platform API Specification"/>
    <property name="java.awt.graphicsenv" value="sun.awt.X11GraphicsEnvironment"/>
    <property name="java.awt.headless" value="true"/>
    <property name="surefire.real.class.path" value="/home/alex/Repositories/nifi/nifi-nar-bundles/nifi-framework-bundle/nifi-framework/nifi-site-to-site/target/surefire/surefirebooter1938538946324425900.jar"/>
    <property name="sun.boot.class.path" value="/usr/lib/jvm/java-8-openjdk-amd64/jre/lib/resources.jar:/usr/lib/jvm/java-8-openjdk-amd64/jre/lib/rt.jar:/usr/lib/jvm/java-8-openjdk-amd64/jre/lib/sunrsasign.jar:/usr/lib/jvm/java-8-openjdk-amd64/jre/lib/jsse.jar:/usr/lib/jvm/java-8-openjdk-amd64/jre/lib/jce.jar:/usr/lib/jvm/java-8-openjdk-amd64/jre/lib/charsets.jar:/usr/lib/jvm/java-8-openjdk-amd64/jre/lib/jfr.jar:/usr/lib/jvm/java-8-openjdk-amd64/jre/classes"/>
    <property name="sun.management.compiler" value="HotSpot 64-Bit Tiered Compilers"/>
    <property name="java.runtime.version" value="1.8.0_402-8u402-ga-2ubuntu1~22.04-b06"/>
    <property name="java.net.preferIPv4Stack" value="true"/>
    <property name="user.name" value="alex"/>
    <property name="path.separator" value=":"/>
    <property name="os.version" value="6.5.0-28-generic"/>
    <property name="java.endorsed.dirs" value="/usr/lib/jvm/java-8-openjdk-amd64/jre/lib/endorsed"/>
    <property name="java.runtime.name" value="OpenJDK Runtime Environment"/>
    <property name="file.encoding" value="UTF-8"/>
    <property name="org.slf4j.simpleLogger.log.org.apache.nifi.remote" value="DEBUG"/>
    <property name="java.vm.name" value="OpenJDK 64-Bit Server VM"/>
    <property name="localRepository" value="/home/alex/.m2/repository"/>
    <property name="java.vendor.url.bug" value="http://bugreport.sun.com/bugreport/"/>
    <property name="java.io.tmpdir" value="/tmp"/>
    <property name="java.version" value="1.8.0_402"/>
    <property name="user.dir" value="/home/alex/Repositories/nifi/nifi-nar-bundles/nifi-framework-bundle/nifi-framework/nifi-site-to-site"/>
    <property name="os.arch" value="amd64"/>
    <property name="java.vm.specification.name" value="Java Virtual Machine Specification"/>
    <property name="java.awt.printerjob" value="sun.print.PSPrinterJob"/>
    <property name="sun.os.patch.level" value="unknown"/>
    <property name="java.library.path" value="/usr/java/packages/lib/amd64:/usr/lib/x86_64-linux-gnu/jni:/lib/x86_64-linux-gnu:/usr/lib/x86_64-linux-gnu:/usr/lib/jni:/lib:/usr/lib"/>
    <property name="java.vm.info" value="mixed mode"/>
    <property name="java.vendor" value="Private Build"/>
    <property name="java.vm.version" value="25.402-b06"/>
    <property name="java.specification.maintenance.version" value="5"/>
    <property name="java.ext.dirs" value="/usr/lib/jvm/java-8-openjdk-amd64/jre/lib/ext:/usr/java/packages/lib/ext"/>
    <property name="sun.io.unicode.encoding" value="UnicodeLittle"/>
    <property name="java.class.version" value="52.0"/>
  </properties>
  <testcase name="testSendBatchByCount" classname="org.apache.nifi.remote.TestStandardRemoteGroupPort" time="0.258">
    <system-err><![CDATA[[main] DEBUG org.apache.nifi.remote.StandardRemoteGroupPort - RemoteGroupPort[name=remote-group-port-name,targets=null] Sent FlowFile[0,100007928369470.mockFlowFile,10B] to http://node1.example.com:8080/nifi
[main] DEBUG org.apache.nifi.remote.StandardRemoteGroupPort - RemoteGroupPort[name=remote-group-port-name,targets=null] Sent FlowFile[1,100007976852611.mockFlowFile,11B] to http://node1.example.com:8080/nifi
[main] INFO org.apache.nifi.remote.StandardRemoteGroupPort - RemoteGroupPort[name=remote-group-port-name,targets=null] Successfully sent [FlowFile[1,100007976852611.mockFlowFile,11B], FlowFile[0,100007928369470.mockFlowFile,10B]] (21 bytes) to http://node1.example.com:8080/nifi in 15 milliseconds at a rate of 1.34 KB/sec
[main] DEBUG org.apache.nifi.remote.StandardRemoteGroupPort - RemoteGroupPort[name=remote-group-port-name,targets=null] Sent FlowFile[2,100008005483410.mockFlowFile,12B] to http://node1.example.com:8080/nifi
[main] DEBUG org.apache.nifi.remote.StandardRemoteGroupPort - RemoteGroupPort[name=remote-group-port-name,targets=null] Sent FlowFile[3,100008005695657.mockFlowFile,13B] to http://node1.example.com:8080/nifi
[main] INFO org.apache.nifi.remote.StandardRemoteGroupPort - RemoteGroupPort[name=remote-group-port-name,targets=null] Successfully sent [FlowFile[3,100008005695657.mockFlowFile,13B], FlowFile[2,100008005483410.mockFlowFile,12B]] (25 bytes) to http://node1.example.com:8080/nifi in 8 milliseconds at a rate of 2.84 KB/sec
[main] DEBUG org.apache.nifi.remote.StandardRemoteGroupPort - RemoteGroupPort[name=remote-group-port-name,targets=null] Sent FlowFile[4,100008020269723.mockFlowFile,14B] to http://node1.example.com:8080/nifi
[main] INFO org.apache.nifi.remote.StandardRemoteGroupPort - RemoteGroupPort[name=remote-group-port-name,targets=null] Successfully sent [FlowFile[4,100008020269723.mockFlowFile,14B]] (14 bytes) to http://node1.example.com:8080/nifi in 4 milliseconds at a rate of 3.1 KB/sec
]]></system-err>
  </testcase>
  <testcase name="testReceiveRaw" classname="org.apache.nifi.remote.TestStandardRemoteGroupPort" time="0.025">
    <system-err><![CDATA[[main] INFO org.apache.nifi.remote.StandardRemoteGroupPort - RemoteGroupPort[name=remote-group-port-name,targets=null] Successfully received [FlowFile[0,100008052445357.mockFlowFile,19B]] (19 bytes) from nifi://node1.example.com:9090 in 2 milliseconds at a rate of 7.69 KB/sec
]]></system-err>
  </testcase>
  <testcase name="testSendBatchBySize" classname="org.apache.nifi.remote.TestStandardRemoteGroupPort" time="0.043">
    <system-err><![CDATA[[main] DEBUG org.apache.nifi.remote.StandardRemoteGroupPort - RemoteGroupPort[name=remote-group-port-name,targets=null] Sent FlowFile[0,100008061102320.mockFlowFile,10B] to http://node1.example.com:8080/nifi
[main] DEBUG org.apache.nifi.remote.StandardRemoteGroupPort - RemoteGroupPort[name=remote-group-port-name,targets=null] Sent FlowFile[1,100008061296452.mockFlowFile,11B] to http://node1.example.com:8080/nifi
[main] DEBUG org.apache.nifi.remote.StandardRemoteGroupPort - RemoteGroupPort[name=remote-group-port-name,targets=null] Sent FlowFile[2,100008061531548.mockFlowFile,12B] to http://node1.example.com:8080/nifi
[main] INFO org.apache.nifi.remote.StandardRemoteGroupPort - RemoteGroupPort[name=remote-group-port-name,targets=null] Successfully sent [FlowFile[2,100008061531548.mockFlowFile,12B], FlowFile[0,100008061102320.mockFlowFile,10B], FlowFile[1,100008061296452.mockFlowFile,11B]] (33 bytes) to http://node1.example.com:8080/nifi in 12 milliseconds at a rate of 2.54 KB/sec
[main] DEBUG org.apache.nifi.remote.StandardRemoteGroupPort - RemoteGroupPort[name=remote-group-port-name,targets=null] Sent FlowFile[3,100008082360796.mockFlowFile,13B] to http://node1.example.com:8080/nifi
[main] DEBUG org.apache.nifi.remote.StandardRemoteGroupPort - RemoteGroupPort[name=remote-group-port-name,targets=null] Sent FlowFile[4,100008082626252.mockFlowFile,14B] to http://node1.example.com:8080/nifi
[main] INFO org.apache.nifi.remote.StandardRemoteGroupPort - RemoteGroupPort[name=remote-group-port-name,targets=null] Successfully sent [FlowFile[3,100008082360796.mockFlowFile,13B], FlowFile[4,100008082626252.mockFlowFile,14B]] (27 bytes) to http://node1.example.com:8080/nifi in 8 milliseconds at a rate of 3.24 KB/sec
]]></system-err>
  </testcase>
  <testcase name="testSendBatchByDuration" classname="org.apache.nifi.remote.TestStandardRemoteGroupPort" time="0.043">
    <system-err><![CDATA[[main] DEBUG org.apache.nifi.remote.StandardRemoteGroupPort - RemoteGroupPort[name=remote-group-port-name,targets=null] Sent FlowFile[0,100008103994143.mockFlowFile,10B] to http://node1.example.com:8080/nifi
[main] INFO org.apache.nifi.remote.StandardRemoteGroupPort - RemoteGroupPort[name=remote-group-port-name,targets=null] Successfully sent [FlowFile[0,100008103994143.mockFlowFile,10B]] (10 bytes) to http://node1.example.com:8080/nifi in 4 milliseconds at a rate of 2.31 KB/sec
[main] DEBUG org.apache.nifi.remote.StandardRemoteGroupPort - RemoteGroupPort[name=remote-group-port-name,targets=null] Sent FlowFile[1,100008111654781.mockFlowFile,11B] to http://node1.example.com:8080/nifi
[main] INFO org.apache.nifi.remote.StandardRemoteGroupPort - RemoteGroupPort[name=remote-group-port-name,targets=null] Successfully sent [FlowFile[1,100008111654781.mockFlowFile,11B]] (11 bytes) to http://node1.example.com:8080/nifi in 4 milliseconds at a rate of 2.67 KB/sec
[main] DEBUG org.apache.nifi.remote.StandardRemoteGroupPort - RemoteGroupPort[name=remote-group-port-name,targets=null] Sent FlowFile[2,100008118762890.mockFlowFile,12B] to http://node1.example.com:8080/nifi
[main] INFO org.apache.nifi.remote.StandardRemoteGroupPort - RemoteGroupPort[name=remote-group-port-name,targets=null] Successfully sent [FlowFile[2,100008118762890.mockFlowFile,12B]] (12 bytes) to http://node1.example.com:8080/nifi in 3 milliseconds at a rate of 2.96 KB/sec
[main] DEBUG org.apache.nifi.remote.StandardRemoteGroupPort - RemoteGroupPort[name=remote-group-port-name,targets=null] Sent FlowFile[3,100008125730305.mockFlowFile,13B] to http://node1.example.com:8080/nifi
[main] INFO org.apache.nifi.remote.StandardRemoteGroupPort - RemoteGroupPort[name=remote-group-port-name,targets=null] Successfully sent [FlowFile[3,100008125730305.mockFlowFile,13B]] (13 bytes) to http://node1.example.com:8080/nifi in 3 milliseconds at a rate of 3.24 KB/sec
[main] DEBUG org.apache.nifi.remote.StandardRemoteGroupPort - RemoteGroupPort[name=remote-group-port-name,targets=null] Sent FlowFile[4,100008132685380.mockFlowFile,14B] to http://node1.example.com:8080/nifi
[main] INFO org.apache.nifi.remote.StandardRemoteGroupPort - RemoteGroupPort[name=remote-group-port-name,targets=null] Successfully sent [FlowFile[4,100008132685380.mockFlowFile,14B]] (14 bytes) to http://node1.example.com:8080/nifi in 3 milliseconds at a rate of 3.46 KB/sec
]]></system-err>
  </testcase>
  <testcase name="testReceiveHttp" classname="org.apache.nifi.remote.TestStandardRemoteGroupPort" time="0.003">
    <system-err><![CDATA[[main] INFO org.apache.nifi.remote.StandardRemoteGroupPort - RemoteGroupPort[name=remote-group-port-name,targets=null] Successfully received [FlowFile[0,100008147852016.mockFlowFile,19B]] (19 bytes) from https://node1.example.com:8080/nifi in 0 milliseconds at a rate of 44.72 KB/sec
]]></system-err>
  </testcase>
  <testcase name="testSendRaw" classname="org.apache.nifi.remote.TestStandardRemoteGroupPort" time="0.004">
    <system-err><![CDATA[[main] DEBUG org.apache.nifi.remote.StandardRemoteGroupPort - RemoteGroupPort[name=remote-group-port-name,targets=null] Sent FlowFile[0,100008150693109.mockFlowFile,10B] to nifi://node1.example.com:9090
[main] INFO org.apache.nifi.remote.StandardRemoteGroupPort - RemoteGroupPort[name=remote-group-port-name,targets=null] Successfully sent [FlowFile[0,100008150693109.mockFlowFile,10B]] (10 bytes) to nifi://node1.example.com:9090 in 0 milliseconds at a rate of 18.36 KB/sec
]]></system-err>
  </testcase>
  <testcase name="testSendHttp" classname="org.apache.nifi.remote.TestStandardRemoteGroupPort" time="0.003">
    <system-err><![CDATA[[main] DEBUG org.apache.nifi.remote.StandardRemoteGroupPort - RemoteGroupPort[name=remote-group-port-name,targets=null] Sent FlowFile[0,100008153846483.mockFlowFile,10B] to https://node1.example.com:8080/nifi
[main] INFO org.apache.nifi.remote.StandardRemoteGroupPort - RemoteGroupPort[name=remote-group-port-name,targets=null] Successfully sent [FlowFile[0,100008153846483.mockFlowFile,10B]] (10 bytes) to https://node1.example.com:8080/nifi in 0 milliseconds at a rate of 21.08 KB/sec
]]></system-err>
  </testcase>
</testsuite>