<?xml version="1.0" encoding="UTF-8"?>
<testsuite xmlns:xsi="http://www.w3.org/2001/XMLSchema-instance" xsi:noNamespaceSchemaLocation="https://maven.apache.org/surefire/maven-surefire-plugin/xsd/surefire-test-report-3.0.xsd" version="3.0" name="org.apache.nifi.ranger.authorization.ManagedRangerAuthorizerTest" time="0.199" tests="10" errors="0" skipped="0" failures="0">
  <properties>
    <property name="sun.desktop" value="gnome"/>
    <property name="awt.toolkit" value="sun.awt.X11.XToolkit"/>
    <property name="file.encoding.pkg" value="sun.io"/>
    <property name="java.specification.version" value="1.8"/>
    <property name="sun.cpu.isalist" value=""/>
    <property name="sun.jnu.encoding" value="UTF-8"/>
    <property name="java.class.path" value="/home/alex/Repositories/nifi/nifi-nar-bundles/nifi-ranger-bundle/nifi-ranger-plugin/target/test-classes:/home/alex/Repositories/nifi/nifi-nar-bundles/nifi-ranger-bundle/nifi-ranger-plugin/target/classes:/home/alex/Repositories/nifi/nifi-api/target/classes:/home/alex/Repositories/nifi/nifi-commons/nifi-properties/target/classes:/home/alex/Repositories/nifi/nifi-commons/nifi-property-utils/target/classes:/home/alex/.m2/repository/org/slf4j/log4j-over-slf4j/1.7.32/log4j-over-slf4j-1.7.32.jar:/home/alex/.m2/repository/org/slf4j/slf4j-api/1.7.32/slf4j-api-1.7.32.jar:/home/alex/.m2/repository/org/apache/ranger/ranger-plugins-common/2.1.0/ranger-plugins-common-2.1.0.jar:/home/alex/.m2/repository/com/sun/jersey/jersey-bundle/1.19.3/jersey-bundle-1.19.3.jar:/home/alex/.m2/repository/javax/ws/rs/jsr311-api/1.1.1/jsr311-api-1.1.1.jar:/home/alex/.m2/repository/commons-lang/commons-lang/2.6/commons-lang-2.6.jar:/home/alex/.m2/repository/commons-logging/commons-logging/1.2/commons-logging-1.2.jar:/home/alex/.m2/repository/org/codehaus/jackson/jackson-jaxrs/1.9.13/jackson-jaxrs-1.9.13.jar:/home/alex/.m2/repository/org/codehaus/jackson/jackson-core-asl/1.9.13/jackson-core-asl-1.9.13.jar:/home/alex/.m2/repository/org/codehaus/jackson/jackson-mapper-asl/1.9.13/jackson-mapper-asl-1.9.13.jar:/home/alex/.m2/repository/net/java/dev/jna/jna/5.2.0/jna-5.2.0.jar:/home/alex/.m2/repository/net/java/dev/jna/jna-platform/5.2.0/jna-platform-5.2.0.jar:/home/alex/.m2/repository/com/kstruct/gethostname4j/0.0.2/gethostname4j-0.0.2.jar:/home/alex/.m2/repository/org/apache/ranger/ranger-plugin-classloader/2.1.0/ranger-plugin-classloader-2.1.0.jar:/home/alex/.m2/repository/org/apache/ranger/ranger-plugins-audit/2.1.0/ranger-plugins-audit-2.1.0.jar:/home/alex/.m2/repository/org/apache/ranger/ranger-plugins-cred/2.1.0/ranger-plugins-cred-2.1.0.jar:/home/alex/.m2/repository/org/eclipse/persistence/eclipselink/2.5.2/eclipselink-2.5.2.jar:/home/alex/.m2/repository/org/eclipse/persistence/commonj.sdo/2.1.1/commonj.sdo-2.1.1.jar:/home/alex/.m2/repository/org/eclipse/persistence/javax.persistence/2.1.0/javax.persistence-2.1.0.jar:/home/alex/.m2/repository/org/apache/kafka/kafka_2.11/2.4.0/kafka_2.11-2.4.0.jar:/home/alex/.m2/repository/org/apache/kafka/kafka-clients/2.4.0/kafka-clients-2.4.0.jar:/home/alex/.m2/repository/com/github/luben/zstd-jni/1.4.3-1/zstd-jni-1.4.3-1.jar:/home/alex/.m2/repository/com/fasterxml/jackson/module/jackson-module-scala_2.11/2.10.0/jackson-module-scala_2.11-2.10.0.jar:/home/alex/.m2/repository/com/fasterxml/jackson/module/jackson-module-paranamer/2.10.0/jackson-module-paranamer-2.10.0.jar:/home/alex/.m2/repository/com/fasterxml/jackson/dataformat/jackson-dataformat-csv/2.10.0/jackson-dataformat-csv-2.10.0.jar:/home/alex/.m2/repository/com/fasterxml/jackson/datatype/jackson-datatype-jdk8/2.10.0/jackson-datatype-jdk8-2.10.0.jar:/home/alex/.m2/repository/net/sf/jopt-simple/jopt-simple/5.0.4/jopt-simple-5.0.4.jar:/home/alex/.m2/repository/com/yammer/metrics/metrics-core/2.2.0/metrics-core-2.2.0.jar:/home/alex/.m2/repository/org/scala-lang/modules/scala-collection-compat_2.11/2.1.2/scala-collection-compat_2.11-2.1.2.jar:/home/alex/.m2/repository/org/scala-lang/modules/scala-java8-compat_2.11/0.9.0/scala-java8-compat_2.11-0.9.0.jar:/home/alex/.m2/repository/org/scala-lang/scala-library/2.11.12/scala-library-2.11.12.jar:/home/alex/.m2/repository/org/scala-lang/scala-reflect/2.11.12/scala-reflect-2.11.12.jar:/home/alex/.m2/repository/com/typesafe/scala-logging/scala-logging_2.11/3.9.2/scala-logging_2.11-3.9.2.jar:/home/alex/.m2/repository/org/apache/solr/solr-solrj/7.7.1/solr-solrj-7.7.1.jar:/home/alex/.m2/repository/org/apache/httpcomponents/httpcore/4.4.10/httpcore-4.4.10.jar:/home/alex/.m2/repository/org/codehaus/woodstox/woodstox-core-asl/4.4.1/woodstox-core-asl-4.4.1.jar:/home/alex/.m2/repository/org/noggit/noggit/0.8/noggit-0.8.jar:/home/alex/.m2/repository/org/slf4j/jcl-over-slf4j/1.7.32/jcl-over-slf4j-1.7.32.jar:/home/alex/.m2/repository/org/apache/httpcomponents/httpclient/4.5.6/httpclient-4.5.6.jar:/home/alex/.m2/repository/org/apache/httpcomponents/httpmime/4.5.6/httpmime-4.5.6.jar:/home/alex/.m2/repository/com/google/guava/guava/25.1-jre/guava-25.1-jre.jar:/home/alex/.m2/repository/org/checkerframework/checker-qual/2.0.0/checker-qual-2.0.0.jar:/home/alex/.m2/repository/com/google/errorprone/error_prone_annotations/2.1.3/error_prone_annotations-2.1.3.jar:/home/alex/.m2/repository/com/google/j2objc/j2objc-annotations/1.1/j2objc-annotations-1.1.jar:/home/alex/.m2/repository/org/codehaus/mojo/animal-sniffer-annotations/1.14/animal-sniffer-annotations-1.14.jar:/home/alex/.m2/repository/org/elasticsearch/elasticsearch/7.6.0/elasticsearch-7.6.0.jar:/home/alex/.m2/repository/org/elasticsearch/elasticsearch-geo/7.6.0/elasticsearch-geo-7.6.0.jar:/home/alex/.m2/repository/org/elasticsearch/elasticsearch-cli/7.6.0/elasticsearch-cli-7.6.0.jar:/home/alex/.m2/repository/com/tdunning/t-digest/3.2/t-digest-3.2.jar:/home/alex/.m2/repository/org/hdrhistogram/HdrHistogram/2.1.9/HdrHistogram-2.1.9.jar:/home/alex/.m2/repository/org/elasticsearch/jna/4.5.1/jna-4.5.1.jar:/home/alex/.m2/repository/org/elasticsearch/elasticsearch-core/7.6.0/elasticsearch-core-7.6.0.jar:/home/alex/.m2/repository/org/elasticsearch/securesm/1.2/securesm-1.2.jar:/home/alex/.m2/repository/org/elasticsearch/client/elasticsearch-rest-client/7.6.0/elasticsearch-rest-client-7.6.0.jar:/home/alex/.m2/repository/org/elasticsearch/client/elasticsearch-rest-high-level-client/7.6.0/elasticsearch-rest-high-level-client-7.6.0.jar:/home/alex/.m2/repository/org/elasticsearch/plugin/mapper-extras-client/7.6.0/mapper-extras-client-7.6.0.jar:/home/alex/.m2/repository/org/elasticsearch/plugin/parent-join-client/7.6.0/parent-join-client-7.6.0.jar:/home/alex/.m2/repository/org/elasticsearch/plugin/aggs-matrix-stats-client/7.6.0/aggs-matrix-stats-client-7.6.0.jar:/home/alex/.m2/repository/org/elasticsearch/plugin/rank-eval-client/7.6.0/rank-eval-client-7.6.0.jar:/home/alex/.m2/repository/org/elasticsearch/plugin/lang-mustache-client/7.6.0/lang-mustache-client-7.6.0.jar:/home/alex/.m2/repository/com/github/spullara/mustache/java/compiler/0.9.6/compiler-0.9.6.jar:/home/alex/.m2/repository/org/elasticsearch/elasticsearch-x-content/7.6.0/elasticsearch-x-content-7.6.0.jar:/home/alex/.m2/repository/org/yaml/snakeyaml/1.29/snakeyaml-1.29.jar:/home/alex/.m2/repository/com/fasterxml/jackson/dataformat/jackson-dataformat-smile/2.8.11/jackson-dataformat-smile-2.8.11.jar:/home/alex/.m2/repository/com/fasterxml/jackson/dataformat/jackson-dataformat-yaml/2.8.11/jackson-dataformat-yaml-2.8.11.jar:/home/alex/.m2/repository/com/fasterxml/jackson/dataformat/jackson-dataformat-cbor/2.8.11/jackson-dataformat-cbor-2.8.11.jar:/home/alex/.m2/repository/org/elasticsearch/elasticsearch-secure-sm/7.6.0/elasticsearch-secure-sm-7.6.0.jar:/home/alex/.m2/repository/org/apache/httpcomponents/httpcore-nio/4.4.6/httpcore-nio-4.4.6.jar:/home/alex/.m2/repository/org/apache/httpcomponents/httpasyncclient/4.1.3/httpasyncclient-4.1.3.jar:/home/alex/.m2/repository/org/apache/lucene/lucene-core/8.4.0/lucene-core-8.4.0.jar:/home/alex/.m2/repository/org/apache/lucene/lucene-analyzers-common/8.4.0/lucene-analyzers-common-8.4.0.jar:/home/alex/.m2/repository/org/apache/lucene/lucene-backward-codecs/8.4.0/lucene-backward-codecs-8.4.0.jar:/home/alex/.m2/repository/org/apache/lucene/lucene-grouping/8.4.0/lucene-grouping-8.4.0.jar:/home/alex/.m2/repository/org/apache/lucene/lucene-highlighter/8.4.0/lucene-highlighter-8.4.0.jar:/home/alex/.m2/repository/org/apache/lucene/lucene-join/8.4.0/lucene-join-8.4.0.jar:/home/alex/.m2/repository/org/apache/lucene/lucene-memory/8.4.0/lucene-memory-8.4.0.jar:/home/alex/.m2/repository/org/apache/lucene/lucene-misc/8.4.0/lucene-misc-8.4.0.jar:/home/alex/.m2/repository/org/apache/lucene/lucene-queries/8.4.0/lucene-queries-8.4.0.jar:/home/alex/.m2/repository/org/apache/lucene/lucene-queryparser/8.4.0/lucene-queryparser-8.4.0.jar:/home/alex/.m2/repository/org/apache/lucene/lucene-sandbox/8.4.0/lucene-sandbox-8.4.0.jar:/home/alex/.m2/repository/org/apache/lucene/lucene-spatial3d/8.4.0/lucene-spatial3d-8.4.0.jar:/home/alex/.m2/repository/org/apache/lucene/lucene-spatial/8.4.0/lucene-spatial-8.4.0.jar:/home/alex/.m2/repository/org/apache/lucene/lucene-spatial-extras/8.4.0/lucene-spatial-extras-8.4.0.jar:/home/alex/.m2/repository/io/sgr/s2-geometry-library-java/1.0.0/s2-geometry-library-java-1.0.0.jar:/home/alex/.m2/repository/org/locationtech/spatial4j/spatial4j/0.7/spatial4j-0.7.jar:/home/alex/.m2/repository/org/apache/lucene/lucene-suggest/8.4.0/lucene-suggest-8.4.0.jar:/home/alex/.m2/repository/joda-time/joda-time/2.10.6/joda-time-2.10.6.jar:/home/alex/.m2/repository/com/carrotsearch/hppc/0.8.0/hppc-0.8.0.jar:/home/alex/.m2/repository/org/apache/logging/log4j/log4j-core/2.14.1/log4j-core-2.14.1.jar:/home/alex/.m2/repository/org/apache/logging/log4j/log4j-api/2.14.1/log4j-api-2.14.1.jar:/home/alex/.m2/repository/org/apache/ranger/credentialbuilder/2.1.0/credentialbuilder-2.1.0.jar:/home/alex/.m2/repository/commons-cli/commons-cli/1.2/commons-cli-1.2.jar:/home/alex/.m2/repository/commons-collections/commons-collections/3.2.2/commons-collections-3.2.2.jar:/home/alex/.m2/repository/org/apache/commons/commons-configuration2/2.1.1/commons-configuration2-2.1.1.jar:/home/alex/.m2/repository/com/github/stephenc/findbugs/findbugs-annotations/1.3.9-1/findbugs-annotations-1.3.9-1.jar:/home/alex/.m2/repository/org/apache/hadoop/hadoop-client/3.1.1/hadoop-client-3.1.1.jar:/home/alex/.m2/repository/org/apache/hadoop/hadoop-hdfs-client/3.1.1/hadoop-hdfs-client-3.1.1.jar:/home/alex/.m2/repository/com/squareup/okhttp/okhttp/2.7.5/okhttp-2.7.5.jar:/home/alex/.m2/repository/com/squareup/okio/okio/1.6.0/okio-1.6.0.jar:/home/alex/.m2/repository/org/apache/hadoop/hadoop-yarn-api/3.1.1/hadoop-yarn-api-3.1.1.jar:/home/alex/.m2/repository/javax/xml/bind/jaxb-api/2.2.11/jaxb-api-2.2.11.jar:/home/alex/.m2/repository/org/apache/hadoop/hadoop-yarn-client/3.1.1/hadoop-yarn-client-3.1.1.jar:/home/alex/.m2/repository/org/apache/hadoop/hadoop-mapreduce-client-core/3.1.1/hadoop-mapreduce-client-core-3.1.1.jar:/home/alex/.m2/repository/org/apache/hadoop/hadoop-yarn-common/3.1.1/hadoop-yarn-common-3.1.1.jar:/home/alex/.m2/repository/com/sun/jersey/jersey-client/1.19/jersey-client-1.19.jar:/home/alex/.m2/repository/com/fasterxml/jackson/module/jackson-module-jaxb-annotations/2.7.8/jackson-module-jaxb-annotations-2.7.8.jar:/home/alex/.m2/repository/com/fasterxml/jackson/jaxrs/jackson-jaxrs-json-provider/2.7.8/jackson-jaxrs-json-provider-2.7.8.jar:/home/alex/.m2/repository/com/fasterxml/jackson/jaxrs/jackson-jaxrs-base/2.7.8/jackson-jaxrs-base-2.7.8.jar:/home/alex/.m2/repository/org/apache/hadoop/hadoop-mapreduce-client-jobclient/3.1.1/hadoop-mapreduce-client-jobclient-3.1.1.jar:/home/alex/.m2/repository/org/apache/hadoop/hadoop-mapreduce-client-common/3.1.1/hadoop-mapreduce-client-common-3.1.1.jar:/home/alex/.m2/repository/org/apache/hadoop/hadoop-annotations/3.1.1/hadoop-annotations-3.1.1.jar:/home/alex/.m2/repository/org/apache/hadoop/hadoop-common/3.1.1/hadoop-common-3.1.1.jar:/home/alex/.m2/repository/org/apache/commons/commons-math3/3.1.1/commons-math3-3.1.1.jar:/home/alex/.m2/repository/commons-codec/commons-codec/1.11/commons-codec-1.11.jar:/home/alex/.m2/repository/commons-io/commons-io/2.10.0/commons-io-2.10.0.jar:/home/alex/.m2/repository/commons-net/commons-net/3.6/commons-net-3.6.jar:/home/alex/.m2/repository/javax/servlet/javax.servlet-api/3.1.0/javax.servlet-api-3.1.0.jar:/home/alex/.m2/repository/org/eclipse/jetty/jetty-server/9.4.44.v20210927/jetty-server-9.4.44.v20210927.jar:/home/alex/.m2/repository/org/eclipse/jetty/jetty-http/9.4.44.v20210927/jetty-http-9.4.44.v20210927.jar:/home/alex/.m2/repository/org/eclipse/jetty/jetty-io/9.4.44.v20210927/jetty-io-9.4.44.v20210927.jar:/home/alex/.m2/repository/org/eclipse/jetty/jetty-util/9.4.44.v20210927/jetty-util-9.4.44.v20210927.jar:/home/alex/.m2/repository/org/eclipse/jetty/jetty-servlet/9.4.44.v20210927/jetty-servlet-9.4.44.v20210927.jar:/home/alex/.m2/repository/org/eclipse/jetty/jetty-security/9.4.44.v20210927/jetty-security-9.4.44.v20210927.jar:/home/alex/.m2/repository/org/eclipse/jetty/jetty-util-ajax/9.4.44.v20210927/jetty-util-ajax-9.4.44.v20210927.jar:/home/alex/.m2/repository/org/eclipse/jetty/jetty-webapp/9.4.44.v20210927/jetty-webapp-9.4.44.v20210927.jar:/home/alex/.m2/repository/org/eclipse/jetty/jetty-xml/9.4.44.v20210927/jetty-xml-9.4.44.v20210927.jar:/home/alex/.m2/repository/javax/servlet/jsp/jsp-api/2.1/jsp-api-2.1.jar:/home/alex/.m2/repository/com/sun/jersey/jersey-core/1.19/jersey-core-1.19.jar:/home/alex/.m2/repository/com/sun/jersey/jersey-servlet/1.19/jersey-servlet-1.19.jar:/home/alex/.m2/repository/com/sun/jersey/jersey-json/1.19/jersey-json-1.19.jar:/home/alex/.m2/repository/org/codehaus/jettison/jettison/1.1/jettison-1.1.jar:/home/alex/.m2/repository/com/sun/xml/bind/jaxb-impl/2.2.3-1/jaxb-impl-2.2.3-1.jar:/home/alex/.m2/repository/org/codehaus/jackson/jackson-xc/1.9.2/jackson-xc-1.9.2.jar:/home/alex/.m2/repository/com/sun/jersey/jersey-server/1.19/jersey-server-1.19.jar:/home/alex/.m2/repository/commons-beanutils/commons-beanutils/1.9.4/commons-beanutils-1.9.4.jar:/home/alex/.m2/repository/org/apache/commons/commons-lang3/3.4/commons-lang3-3.4.jar:/home/alex/.m2/repository/org/apache/avro/avro/1.7.7/avro-1.7.7.jar:/home/alex/.m2/repository/com/thoughtworks/paranamer/paranamer/2.3/paranamer-2.3.jar:/home/alex/.m2/repository/org/xerial/snappy/snappy-java/1.0.5/snappy-java-1.0.5.jar:/home/alex/.m2/repository/com/google/re2j/re2j/1.1/re2j-1.1.jar:/home/alex/.m2/repository/com/google/protobuf/protobuf-java/2.5.0/protobuf-java-2.5.0.jar:/home/alex/.m2/repository/com/google/code/gson/gson/2.2.4/gson-2.2.4.jar:/home/alex/.m2/repository/com/jcraft/jsch/0.1.54/jsch-0.1.54.jar:/home/alex/.m2/repository/org/apache/curator/curator-client/2.12.0/curator-client-2.12.0.jar:/home/alex/.m2/repository/org/apache/curator/curator-recipes/2.12.0/curator-recipes-2.12.0.jar:/home/alex/.m2/repository/com/google/code/findbugs/jsr305/3.0.0/jsr305-3.0.0.jar:/home/alex/.m2/repository/org/apache/htrace/htrace-core4/4.1.0-incubating/htrace-core4-4.1.0-incubating.jar:/home/alex/.m2/repository/org/apache/zookeeper/zookeeper/3.4.14/zookeeper-3.4.14.jar:/home/alex/.m2/repository/com/github/spotbugs/spotbugs-annotations/3.1.9/spotbugs-annotations-3.1.9.jar:/home/alex/.m2/repository/jline/jline/0.9.94/jline-0.9.94.jar:/home/alex/.m2/repository/org/apache/yetus/audience-annotations/0.5.0/audience-annotations-0.5.0.jar:/home/alex/.m2/repository/io/netty/netty/3.10.6.Final/netty-3.10.6.Final.jar:/home/alex/.m2/repository/org/apache/commons/commons-compress/1.21/commons-compress-1.21.jar:/home/alex/.m2/repository/org/apache/kerby/kerb-simplekdc/1.0.1/kerb-simplekdc-1.0.1.jar:/home/alex/.m2/repository/org/apache/kerby/kerb-client/1.0.1/kerb-client-1.0.1.jar:/home/alex/.m2/repository/org/apache/kerby/kerby-config/1.0.1/kerby-config-1.0.1.jar:/home/alex/.m2/repository/org/apache/kerby/kerb-core/1.0.1/kerb-core-1.0.1.jar:/home/alex/.m2/repository/org/apache/kerby/kerby-pkix/1.0.1/kerby-pkix-1.0.1.jar:/home/alex/.m2/repository/org/apache/kerby/kerby-asn1/1.0.1/kerby-asn1-1.0.1.jar:/home/alex/.m2/repository/org/apache/kerby/kerby-util/1.0.1/kerby-util-1.0.1.jar:/home/alex/.m2/repository/org/apache/kerby/kerb-common/1.0.1/kerb-common-1.0.1.jar:/home/alex/.m2/repository/org/apache/kerby/kerb-crypto/1.0.1/kerb-crypto-1.0.1.jar:/home/alex/.m2/repository/org/apache/kerby/kerb-util/1.0.1/kerb-util-1.0.1.jar:/home/alex/.m2/repository/org/apache/kerby/token-provider/1.0.1/token-provider-1.0.1.jar:/home/alex/.m2/repository/org/apache/kerby/kerb-admin/1.0.1/kerb-admin-1.0.1.jar:/home/alex/.m2/repository/org/apache/kerby/kerb-server/1.0.1/kerb-server-1.0.1.jar:/home/alex/.m2/repository/org/apache/kerby/kerb-identity/1.0.1/kerb-identity-1.0.1.jar:/home/alex/.m2/repository/org/apache/kerby/kerby-xdr/1.0.1/kerby-xdr-1.0.1.jar:/home/alex/.m2/repository/org/codehaus/woodstox/stax2-api/3.1.4/stax2-api-3.1.4.jar:/home/alex/.m2/repository/com/fasterxml/woodstox/woodstox-core/5.0.3/woodstox-core-5.0.3.jar:/home/alex/.m2/repository/com/fasterxml/jackson/core/jackson-databind/2.12.3/jackson-databind-2.12.3.jar:/home/alex/.m2/repository/com/fasterxml/jackson/core/jackson-annotations/2.12.3/jackson-annotations-2.12.3.jar:/home/alex/.m2/repository/com/fasterxml/jackson/core/jackson-core/2.12.3/jackson-core-2.12.3.jar:/home/alex/.m2/repository/org/apache/hadoop/hadoop-auth/3.1.1/hadoop-auth-3.1.1.jar:/home/alex/.m2/repository/com/nimbusds/nimbus-jose-jwt/4.41.1/nimbus-jose-jwt-4.41.1.jar:/home/alex/.m2/repository/com/github/stephenc/jcip/jcip-annotations/1.0-1/jcip-annotations-1.0-1.jar:/home/alex/.m2/repository/net/minidev/json-smart/2.3/json-smart-2.3.jar:/home/alex/.m2/repository/net/minidev/accessors-smart/1.2/accessors-smart-1.2.jar:/home/alex/.m2/repository/org/ow2/asm/asm/5.0.4/asm-5.0.4.jar:/home/alex/.m2/repository/org/apache/curator/curator-framework/2.12.0/curator-framework-2.12.0.jar:/home/alex/Repositories/nifi/nifi-commons/nifi-security-utils/target/classes:/home/alex/Repositories/nifi/nifi-commons/nifi-utils/target/classes:/home/alex/Repositories/nifi/nifi-commons/nifi-security-utils-api/target/classes:/home/alex/Repositories/nifi/nifi-commons/nifi-security-kms/target/classes:/home/alex/.m2/repository/org/bouncycastle/bcprov-jdk15on/1.69/bcprov-jdk15on-1.69.jar:/home/alex/.m2/repository/org/bouncycastle/bcpkix-jdk15on/1.69/bcpkix-jdk15on-1.69.jar:/home/alex/.m2/repository/org/bouncycastle/bcutil-jdk15on/1.69/bcutil-jdk15on-1.69.jar:/home/alex/.m2/repository/at/favre/lib/bcrypt/0.9.0/bcrypt-0.9.0.jar:/home/alex/.m2/repository/at/favre/lib/bytes/1.3.0/bytes-1.3.0.jar:/home/alex/Repositories/nifi/nifi-mock/target/classes:/home/alex/Repositories/nifi/nifi-framework-api/target/classes:/home/alex/Repositories/nifi/nifi-commons/nifi-parameter/target/classes:/home/alex/Repositories/nifi/nifi-nar-bundles/nifi-framework-bundle/nifi-framework/nifi-framework-core-api/target/classes:/home/alex/Repositories/nifi/nifi-nar-bundles/nifi-framework-bundle/nifi-framework/nifi-framework-nar-utils/target/classes:/home/alex/Repositories/nifi/nifi-nar-bundles/nifi-framework-bundle/nifi-framework/nifi-client-dto/target/classes:/home/alex/.m2/repository/io/swagger/swagger-annotations/1.6.0/swagger-annotations-1.6.0.jar:/home/alex/Repositories/nifi/nifi-commons/nifi-site-to-site-client/target/classes:/home/alex/Repositories/nifi/nifi-nar-bundles/nifi-framework-bundle/nifi-framework/nifi-framework-authorization/target/classes:/home/alex/Repositories/nifi/nifi-registry/nifi-registry-core/nifi-registry-data-model/target/classes:/home/alex/.m2/repository/javax/validation/validation-api/2.0.1.Final/validation-api-2.0.1.Final.jar:/home/alex/.m2/repository/javax/ws/rs/javax.ws.rs-api/2.1/javax.ws.rs-api-2.1.jar:/home/alex/Repositories/nifi/nifi-registry/nifi-registry-core/nifi-registry-revision/nifi-registry-revision-entity-model/target/classes:/home/alex/Repositories/nifi/nifi-registry/nifi-registry-core/nifi-registry-client/target/classes:/home/alex/Repositories/nifi/nifi-registry/nifi-registry-core/nifi-registry-security-utils/target/classes:/home/alex/.m2/repository/org/glassfish/jersey/core/jersey-client/2.33/jersey-client-2.33.jar:/home/alex/.m2/repository/jakarta/ws/rs/jakarta.ws.rs-api/2.1.6/jakarta.ws.rs-api-2.1.6.jar:/home/alex/.m2/repository/org/glassfish/hk2/external/jakarta.inject/2.6.1/jakarta.inject-2.6.1.jar:/home/alex/.m2/repository/org/glassfish/jersey/media/jersey-media-json-jackson/2.33/jersey-media-json-jackson-2.33.jar:/home/alex/.m2/repository/org/glassfish/jersey/ext/jersey-entity-filtering/2.33/jersey-entity-filtering-2.33.jar:/home/alex/.m2/repository/org/glassfish/jersey/inject/jersey-hk2/2.33/jersey-hk2-2.33.jar:/home/alex/.m2/repository/org/glassfish/hk2/hk2-locator/2.6.1/hk2-locator-2.6.1.jar:/home/alex/.m2/repository/org/glassfish/hk2/external/aopalliance-repackaged/2.6.1/aopalliance-repackaged-2.6.1.jar:/home/alex/.m2/repository/org/glassfish/hk2/hk2-api/2.6.1/hk2-api-2.6.1.jar:/home/alex/.m2/repository/org/glassfish/hk2/hk2-utils/2.6.1/hk2-utils-2.6.1.jar:/home/alex/.m2/repository/org/javassist/javassist/3.25.0-GA/javassist-3.25.0-GA.jar:/home/alex/.m2/repository/org/glassfish/jersey/core/jersey-common/2.33/jersey-common-2.33.jar:/home/alex/.m2/repository/jakarta/annotation/jakarta.annotation-api/1.3.5/jakarta.annotation-api-1.3.5.jar:/home/alex/.m2/repository/org/glassfish/hk2/osgi-resource-locator/1.0.3/osgi-resource-locator-1.0.3.jar:/home/alex/.m2/repository/org/glassfish/jersey/media/jersey-media-multipart/2.33/jersey-media-multipart-2.33.jar:/home/alex/.m2/repository/org/jvnet/mimepull/mimepull/1.9.13/mimepull-1.9.13.jar:/home/alex/Repositories/nifi/nifi-commons/nifi-expression-language/target/classes:/home/alex/.m2/repository/org/antlr/antlr-runtime/3.5.2/antlr-runtime-3.5.2.jar:/home/alex/Repositories/nifi/nifi-commons/nifi-uuid5/target/classes:/home/alex/.m2/repository/com/jayway/jsonpath/json-path/2.6.0/json-path-2.6.0.jar:/home/alex/.m2/repository/org/apache/commons/commons-text/1.8/commons-text-1.8.jar:/home/alex/Repositories/nifi/nifi-commons/nifi-data-provenance-utils/target/classes:/home/alex/.m2/repository/junit/junit/4.13.1/junit-4.13.1.jar:/home/alex/.m2/repository/org/hamcrest/hamcrest-core/1.3/hamcrest-core-1.3.jar:/home/alex/.m2/repository/org/junit/jupiter/junit-jupiter-api/5.7.2/junit-jupiter-api-5.7.2.jar:/home/alex/.m2/repository/org/apiguardian/apiguardian-api/1.1.0/apiguardian-api-1.1.0.jar:/home/alex/.m2/repository/org/opentest4j/opentest4j/1.2.0/opentest4j-1.2.0.jar:/home/alex/.m2/repository/org/junit/platform/junit-platform-commons/1.7.2/junit-platform-commons-1.7.2.jar:/home/alex/.m2/repository/org/junit/jupiter/junit-jupiter-engine/5.7.2/junit-jupiter-engine-5.7.2.jar:/home/alex/.m2/repository/org/junit/platform/junit-platform-engine/1.7.2/junit-platform-engine-1.7.2.jar:/home/alex/.m2/repository/org/junit/vintage/junit-vintage-engine/5.7.2/junit-vintage-engine-5.7.2.jar:/home/alex/.m2/repository/org/junit/jupiter/junit-jupiter-params/5.7.2/junit-jupiter-params-5.7.2.jar:/home/alex/.m2/repository/org/mockito/mockito-core/3.11.2/mockito-core-3.11.2.jar:/home/alex/.m2/repository/net/bytebuddy/byte-buddy/1.11.3/byte-buddy-1.11.3.jar:/home/alex/.m2/repository/net/bytebuddy/byte-buddy-agent/1.11.3/byte-buddy-agent-1.11.3.jar:/home/alex/.m2/repository/org/objenesis/objenesis/3.2/objenesis-3.2.jar:/home/alex/.m2/repository/org/mockito/mockito-junit-jupiter/3.11.2/mockito-junit-jupiter-3.11.2.jar:/home/alex/.m2/repository/org/slf4j/slf4j-simple/1.7.32/slf4j-simple-1.7.32.jar:/home/alex/.m2/repository/org/codehaus/groovy/groovy-test/2.5.14/groovy-test-2.5.14.jar:/home/alex/.m2/repository/org/codehaus/groovy/groovy/2.5.14/groovy-2.5.14.jar:"/>
    <property name="java.vm.vendor" value="Private Build"/>
    <property name="sun.arch.data.model" value="64"/>
    <property name="java.vendor.url" value="http://java.oracle.com/"/>
    <property name="user.timezone" value="Europe/Lisbon"/>
    <property name="java.vm.specification.version" value="1.8"/>
    <property name="os.name" value="Linux"/>
    <property name="user.country" value="US"/>
    <property name="sun.java.launcher" value="SUN_STANDARD"/>
    <property name="sun.boot.library.path" value="/usr/lib/jvm/java-8-openjdk-amd64/jre/lib/amd64"/>
    <property name="sun.java.command" value="/home/alex/Repositories/nifi/nifi-nar-bundles/nifi-ranger-bundle/nifi-ranger-plugin/target/surefire/surefirebooter1141779817137500713.jar /home/alex/Repositories/nifi/nifi-nar-bundles/nifi-ranger-bundle/nifi-ranger-plugin/target/surefire 2024-05-02T04-10-31_566-jvmRun1 surefire2070997659268803178tmp surefire_1451160428704122848199tmp"/>
    <property name="surefire.test.class.path" value="/home/alex/Repositories/nifi/nifi-nar-bundles/nifi-ranger-bundle/nifi-ranger-plugin/target/test-classes:/home/alex/Repositories/nifi/nifi-nar-bundles/nifi-ranger-bundle/nifi-ranger-plugin/target/classes:/home/alex/Repositories/nifi/nifi-api/target/classes:/home/alex/Repositories/nifi/nifi-commons/nifi-properties/target/classes:/home/alex/Repositories/nifi/nifi-commons/nifi-property-utils/target/classes:/home/alex/.m2/repository/org/slf4j/log4j-over-slf4j/1.7.32/log4j-over-slf4j-1.7.32.jar:/home/alex/.m2/repository/org/slf4j/slf4j-api/1.7.32/slf4j-api-1.7.32.jar:/home/alex/.m2/repository/org/apache/ranger/ranger-plugins-common/2.1.0/ranger-plugins-common-2.1.0.jar:/home/alex/.m2/repository/com/sun/jersey/jersey-bundle/1.19.3/jersey-bundle-1.19.3.jar:/home/alex/.m2/repository/javax/ws/rs/jsr311-api/1.1.1/jsr311-api-1.1.1.jar:/home/alex/.m2/repository/commons-lang/commons-lang/2.6/commons-lang-2.6.jar:/home/alex/.m2/repository/commons-logging/commons-logging/1.2/commons-logging-1.2.jar:/home/alex/.m2/repository/org/codehaus/jackson/jackson-jaxrs/1.9.13/jackson-jaxrs-1.9.13.jar:/home/alex/.m2/repository/org/codehaus/jackson/jackson-core-asl/1.9.13/jackson-core-asl-1.9.13.jar:/home/alex/.m2/repository/org/codehaus/jackson/jackson-mapper-asl/1.9.13/jackson-mapper-asl-1.9.13.jar:/home/alex/.m2/repository/net/java/dev/jna/jna/5.2.0/jna-5.2.0.jar:/home/alex/.m2/repository/net/java/dev/jna/jna-platform/5.2.0/jna-platform-5.2.0.jar:/home/alex/.m2/repository/com/kstruct/gethostname4j/0.0.2/gethostname4j-0.0.2.jar:/home/alex/.m2/repository/org/apache/ranger/ranger-plugin-classloader/2.1.0/ranger-plugin-classloader-2.1.0.jar:/home/alex/.m2/repository/org/apache/ranger/ranger-plugins-audit/2.1.0/ranger-plugins-audit-2.1.0.jar:/home/alex/.m2/repository/org/apache/ranger/ranger-plugins-cred/2.1.0/ranger-plugins-cred-2.1.0.jar:/home/alex/.m2/repository/org/eclipse/persistence/eclipselink/2.5.2/eclipselink-2.5.2.jar:/home/alex/.m2/repository/org/eclipse/persistence/commonj.sdo/2.1.1/commonj.sdo-2.1.1.jar:/home/alex/.m2/repository/org/eclipse/persistence/javax.persistence/2.1.0/javax.persistence-2.1.0.jar:/home/alex/.m2/repository/org/apache/kafka/kafka_2.11/2.4.0/kafka_2.11-2.4.0.jar:/home/alex/.m2/repository/org/apache/kafka/kafka-clients/2.4.0/kafka-clients-2.4.0.jar:/home/alex/.m2/repository/com/github/luben/zstd-jni/1.4.3-1/zstd-jni-1.4.3-1.jar:/home/alex/.m2/repository/com/fasterxml/jackson/module/jackson-module-scala_2.11/2.10.0/jackson-module-scala_2.11-2.10.0.jar:/home/alex/.m2/repository/com/fasterxml/jackson/module/jackson-module-paranamer/2.10.0/jackson-module-paranamer-2.10.0.jar:/home/alex/.m2/repository/com/fasterxml/jackson/dataformat/jackson-dataformat-csv/2.10.0/jackson-dataformat-csv-2.10.0.jar:/home/alex/.m2/repository/com/fasterxml/jackson/datatype/jackson-datatype-jdk8/2.10.0/jackson-datatype-jdk8-2.10.0.jar:/home/alex/.m2/repository/net/sf/jopt-simple/jopt-simple/5.0.4/jopt-simple-5.0.4.jar:/home/alex/.m2/repository/com/yammer/metrics/metrics-core/2.2.0/metrics-core-2.2.0.jar:/home/alex/.m2/repository/org/scala-lang/modules/scala-collection-compat_2.11/2.1.2/scala-collection-compat_2.11-2.1.2.jar:/home/alex/.m2/repository/org/scala-lang/modules/scala-java8-compat_2.11/0.9.0/scala-java8-compat_2.11-0.9.0.jar:/home/alex/.m2/repository/org/scala-lang/scala-library/2.11.12/scala-library-2.11.12.jar:/home/alex/.m2/repository/org/scala-lang/scala-reflect/2.11.12/scala-reflect-2.11.12.jar:/home/alex/.m2/repository/com/typesafe/scala-logging/scala-logging_2.11/3.9.2/scala-logging_2.11-3.9.2.jar:/home/alex/.m2/repository/org/apache/solr/solr-solrj/7.7.1/solr-solrj-7.7.1.jar:/home/alex/.m2/repository/org/apache/httpcomponents/httpcore/4.4.10/httpcore-4.4.10.jar:/home/alex/.m2/repository/org/codehaus/woodstox/woodstox-core-asl/4.4.1/woodstox-core-asl-4.4.1.jar:/home/alex/.m2/repository/org/noggit/noggit/0.8/noggit-0.8.jar:/home/alex/.m2/repository/org/slf4j/jcl-over-slf4j/1.7.32/jcl-over-slf4j-1.7.32.jar:/home/alex/.m2/repository/org/apache/httpcomponents/httpclient/4.5.6/httpclient-4.5.6.jar:/home/alex/.m2/repository/org/apache/httpcomponents/httpmime/4.5.6/httpmime-4.5.6.jar:/home/alex/.m2/repository/com/google/guava/guava/25.1-jre/guava-25.1-jre.jar:/home/alex/.m2/repository/org/checkerframework/checker-qual/2.0.0/checker-qual-2.0.0.jar:/home/alex/.m2/repository/com/google/errorprone/error_prone_annotations/2.1.3/error_prone_annotations-2.1.3.jar:/home/alex/.m2/repository/com/google/j2objc/j2objc-annotations/1.1/j2objc-annotations-1.1.jar:/home/alex/.m2/repository/org/codehaus/mojo/animal-sniffer-annotations/1.14/animal-sniffer-annotations-1.14.jar:/home/alex/.m2/repository/org/elasticsearch/elasticsearch/7.6.0/elasticsearch-7.6.0.jar:/home/alex/.m2/repository/org/elasticsearch/elasticsearch-geo/7.6.0/elasticsearch-geo-7.6.0.jar:/home/alex/.m2/repository/org/elasticsearch/elasticsearch-cli/7.6.0/elasticsearch-cli-7.6.0.jar:/home/alex/.m2/repository/com/tdunning/t-digest/3.2/t-digest-3.2.jar:/home/alex/.m2/repository/org/hdrhistogram/HdrHistogram/2.1.9/HdrHistogram-2.1.9.jar:/home/alex/.m2/repository/org/elasticsearch/jna/4.5.1/jna-4.5.1.jar:/home/alex/.m2/repository/org/elasticsearch/elasticsearch-core/7.6.0/elasticsearch-core-7.6.0.jar:/home/alex/.m2/repository/org/elasticsearch/securesm/1.2/securesm-1.2.jar:/home/alex/.m2/repository/org/elasticsearch/client/elasticsearch-rest-client/7.6.0/elasticsearch-rest-client-7.6.0.jar:/home/alex/.m2/repository/org/elasticsearch/client/elasticsearch-rest-high-level-client/7.6.0/elasticsearch-rest-high-level-client-7.6.0.jar:/home/alex/.m2/repository/org/elasticsearch/plugin/mapper-extras-client/7.6.0/mapper-extras-client-7.6.0.jar:/home/alex/.m2/repository/org/elasticsearch/plugin/parent-join-client/7.6.0/parent-join-client-7.6.0.jar:/home/alex/.m2/repository/org/elasticsearch/plugin/aggs-matrix-stats-client/7.6.0/aggs-matrix-stats-client-7.6.0.jar:/home/alex/.m2/repository/org/elasticsearch/plugin/rank-eval-client/7.6.0/rank-eval-client-7.6.0.jar:/home/alex/.m2/repository/org/elasticsearch/plugin/lang-mustache-client/7.6.0/lang-mustache-client-7.6.0.jar:/home/alex/.m2/repository/com/github/spullara/mustache/java/compiler/0.9.6/compiler-0.9.6.jar:/home/alex/.m2/repository/org/elasticsearch/elasticsearch-x-content/7.6.0/elasticsearch-x-content-7.6.0.jar:/home/alex/.m2/repository/org/yaml/snakeyaml/1.29/snakeyaml-1.29.jar:/home/alex/.m2/repository/com/fasterxml/jackson/dataformat/jackson-dataformat-smile/2.8.11/jackson-dataformat-smile-2.8.11.jar:/home/alex/.m2/repository/com/fasterxml/jackson/dataformat/jackson-dataformat-yaml/2.8.11/jackson-dataformat-yaml-2.8.11.jar:/home/alex/.m2/repository/com/fasterxml/jackson/dataformat/jackson-dataformat-cbor/2.8.11/jackson-dataformat-cbor-2.8.11.jar:/home/alex/.m2/repository/org/elasticsearch/elasticsearch-secure-sm/7.6.0/elasticsearch-secure-sm-7.6.0.jar:/home/alex/.m2/repository/org/apache/httpcomponents/httpcore-nio/4.4.6/httpcore-nio-4.4.6.jar:/home/alex/.m2/repository/org/apache/httpcomponents/httpasyncclient/4.1.3/httpasyncclient-4.1.3.jar:/home/alex/.m2/repository/org/apache/lucene/lucene-core/8.4.0/lucene-core-8.4.0.jar:/home/alex/.m2/repository/org/apache/lucene/lucene-analyzers-common/8.4.0/lucene-analyzers-common-8.4.0.jar:/home/alex/.m2/repository/org/apache/lucene/lucene-backward-codecs/8.4.0/lucene-backward-codecs-8.4.0.jar:/home/alex/.m2/repository/org/apache/lucene/lucene-grouping/8.4.0/lucene-grouping-8.4.0.jar:/home/alex/.m2/repository/org/apache/lucene/lucene-highlighter/8.4.0/lucene-highlighter-8.4.0.jar:/home/alex/.m2/repository/org/apache/lucene/lucene-join/8.4.0/lucene-join-8.4.0.jar:/home/alex/.m2/repository/org/apache/lucene/lucene-memory/8.4.0/lucene-memory-8.4.0.jar:/home/alex/.m2/repository/org/apache/lucene/lucene-misc/8.4.0/lucene-misc-8.4.0.jar:/home/alex/.m2/repository/org/apache/lucene/lucene-queries/8.4.0/lucene-queries-8.4.0.jar:/home/alex/.m2/repository/org/apache/lucene/lucene-queryparser/8.4.0/lucene-queryparser-8.4.0.jar:/home/alex/.m2/repository/org/apache/lucene/lucene-sandbox/8.4.0/lucene-sandbox-8.4.0.jar:/home/alex/.m2/repository/org/apache/lucene/lucene-spatial3d/8.4.0/lucene-spatial3d-8.4.0.jar:/home/alex/.m2/repository/org/apache/lucene/lucene-spatial/8.4.0/lucene-spatial-8.4.0.jar:/home/alex/.m2/repository/org/apache/lucene/lucene-spatial-extras/8.4.0/lucene-spatial-extras-8.4.0.jar:/home/alex/.m2/repository/io/sgr/s2-geometry-library-java/1.0.0/s2-geometry-library-java-1.0.0.jar:/home/alex/.m2/repository/org/locationtech/spatial4j/spatial4j/0.7/spatial4j-0.7.jar:/home/alex/.m2/repository/org/apache/lucene/lucene-suggest/8.4.0/lucene-suggest-8.4.0.jar:/home/alex/.m2/repository/joda-time/joda-time/2.10.6/joda-time-2.10.6.jar:/home/alex/.m2/repository/com/carrotsearch/hppc/0.8.0/hppc-0.8.0.jar:/home/alex/.m2/repository/org/apache/logging/log4j/log4j-core/2.14.1/log4j-core-2.14.1.jar:/home/alex/.m2/repository/org/apache/logging/log4j/log4j-api/2.14.1/log4j-api-2.14.1.jar:/home/alex/.m2/repository/org/apache/ranger/credentialbuilder/2.1.0/credentialbuilder-2.1.0.jar:/home/alex/.m2/repository/commons-cli/commons-cli/1.2/commons-cli-1.2.jar:/home/alex/.m2/repository/commons-collections/commons-collections/3.2.2/commons-collections-3.2.2.jar:/home/alex/.m2/repository/org/apache/commons/commons-configuration2/2.1.1/commons-configuration2-2.1.1.jar:/home/alex/.m2/repository/com/github/stephenc/findbugs/findbugs-annotations/1.3.9-1/findbugs-annotations-1.3.9-1.jar:/home/alex/.m2/repository/org/apache/hadoop/hadoop-client/3.1.1/hadoop-client-3.1.1.jar:/home/alex/.m2/repository/org/apache/hadoop/hadoop-hdfs-client/3.1.1/hadoop-hdfs-client-3.1.1.jar:/home/alex/.m2/repository/com/squareup/okhttp/okhttp/2.7.5/okhttp-2.7.5.jar:/home/alex/.m2/repository/com/squareup/okio/okio/1.6.0/okio-1.6.0.jar:/home/alex/.m2/repository/org/apache/hadoop/hadoop-yarn-api/3.1.1/hadoop-yarn-api-3.1.1.jar:/home/alex/.m2/repository/javax/xml/bind/jaxb-api/2.2.11/jaxb-api-2.2.11.jar:/home/alex/.m2/repository/org/apache/hadoop/hadoop-yarn-client/3.1.1/hadoop-yarn-client-3.1.1.jar:/home/alex/.m2/repository/org/apache/hadoop/hadoop-mapreduce-client-core/3.1.1/hadoop-mapreduce-client-core-3.1.1.jar:/home/alex/.m2/repository/org/apache/hadoop/hadoop-yarn-common/3.1.1/hadoop-yarn-common-3.1.1.jar:/home/alex/.m2/repository/com/sun/jersey/jersey-client/1.19/jersey-client-1.19.jar:/home/alex/.m2/repository/com/fasterxml/jackson/module/jackson-module-jaxb-annotations/2.7.8/jackson-module-jaxb-annotations-2.7.8.jar:/home/alex/.m2/repository/com/fasterxml/jackson/jaxrs/jackson-jaxrs-json-provider/2.7.8/jackson-jaxrs-json-provider-2.7.8.jar:/home/alex/.m2/repository/com/fasterxml/jackson/jaxrs/jackson-jaxrs-base/2.7.8/jackson-jaxrs-base-2.7.8.jar:/home/alex/.m2/repository/org/apache/hadoop/hadoop-mapreduce-client-jobclient/3.1.1/hadoop-mapreduce-client-jobclient-3.1.1.jar:/home/alex/.m2/repository/org/apache/hadoop/hadoop-mapreduce-client-common/3.1.1/hadoop-mapreduce-client-common-3.1.1.jar:/home/alex/.m2/repository/org/apache/hadoop/hadoop-annotations/3.1.1/hadoop-annotations-3.1.1.jar:/home/alex/.m2/repository/org/apache/hadoop/hadoop-common/3.1.1/hadoop-common-3.1.1.jar:/home/alex/.m2/repository/org/apache/commons/commons-math3/3.1.1/commons-math3-3.1.1.jar:/home/alex/.m2/repository/commons-codec/commons-codec/1.11/commons-codec-1.11.jar:/home/alex/.m2/repository/commons-io/commons-io/2.10.0/commons-io-2.10.0.jar:/home/alex/.m2/repository/commons-net/commons-net/3.6/commons-net-3.6.jar:/home/alex/.m2/repository/javax/servlet/javax.servlet-api/3.1.0/javax.servlet-api-3.1.0.jar:/home/alex/.m2/repository/org/eclipse/jetty/jetty-server/9.4.44.v20210927/jetty-server-9.4.44.v20210927.jar:/home/alex/.m2/repository/org/eclipse/jetty/jetty-http/9.4.44.v20210927/jetty-http-9.4.44.v20210927.jar:/home/alex/.m2/repository/org/eclipse/jetty/jetty-io/9.4.44.v20210927/jetty-io-9.4.44.v20210927.jar:/home/alex/.m2/repository/org/eclipse/jetty/jetty-util/9.4.44.v20210927/jetty-util-9.4.44.v20210927.jar:/home/alex/.m2/repository/org/eclipse/jetty/jetty-servlet/9.4.44.v20210927/jetty-servlet-9.4.44.v20210927.jar:/home/alex/.m2/repository/org/eclipse/jetty/jetty-security/9.4.44.v20210927/jetty-security-9.4.44.v20210927.jar:/home/alex/.m2/repository/org/eclipse/jetty/jetty-util-ajax/9.4.44.v20210927/jetty-util-ajax-9.4.44.v20210927.jar:/home/alex/.m2/repository/org/eclipse/jetty/jetty-webapp/9.4.44.v20210927/jetty-webapp-9.4.44.v20210927.jar:/home/alex/.m2/repository/org/eclipse/jetty/jetty-xml/9.4.44.v20210927/jetty-xml-9.4.44.v20210927.jar:/home/alex/.m2/repository/javax/servlet/jsp/jsp-api/2.1/jsp-api-2.1.jar:/home/alex/.m2/repository/com/sun/jersey/jersey-core/1.19/jersey-core-1.19.jar:/home/alex/.m2/repository/com/sun/jersey/jersey-servlet/1.19/jersey-servlet-1.19.jar:/home/alex/.m2/repository/com/sun/jersey/jersey-json/1.19/jersey-json-1.19.jar:/home/alex/.m2/repository/org/codehaus/jettison/jettison/1.1/jettison-1.1.jar:/home/alex/.m2/repository/com/sun/xml/bind/jaxb-impl/2.2.3-1/jaxb-impl-2.2.3-1.jar:/home/alex/.m2/repository/org/codehaus/jackson/jackson-xc/1.9.2/jackson-xc-1.9.2.jar:/home/alex/.m2/repository/com/sun/jersey/jersey-server/1.19/jersey-server-1.19.jar:/home/alex/.m2/repository/commons-beanutils/commons-beanutils/1.9.4/commons-beanutils-1.9.4.jar:/home/alex/.m2/repository/org/apache/commons/commons-lang3/3.4/commons-lang3-3.4.jar:/home/alex/.m2/repository/org/apache/avro/avro/1.7.7/avro-1.7.7.jar:/home/alex/.m2/repository/com/thoughtworks/paranamer/paranamer/2.3/paranamer-2.3.jar:/home/alex/.m2/repository/org/xerial/snappy/snappy-java/1.0.5/snappy-java-1.0.5.jar:/home/alex/.m2/repository/com/google/re2j/re2j/1.1/re2j-1.1.jar:/home/alex/.m2/repository/com/google/protobuf/protobuf-java/2.5.0/protobuf-java-2.5.0.jar:/home/alex/.m2/repository/com/google/code/gson/gson/2.2.4/gson-2.2.4.jar:/home/alex/.m2/repository/com/jcraft/jsch/0.1.54/jsch-0.1.54.jar:/home/alex/.m2/repository/org/apache/curator/curator-client/2.12.0/curator-client-2.12.0.jar:/home/alex/.m2/repository/org/apache/curator/curator-recipes/2.12.0/curator-recipes-2.12.0.jar:/home/alex/.m2/repository/com/google/code/findbugs/jsr305/3.0.0/jsr305-3.0.0.jar:/home/alex/.m2/repository/org/apache/htrace/htrace-core4/4.1.0-incubating/htrace-core4-4.1.0-incubating.jar:/home/alex/.m2/repository/org/apache/zookeeper/zookeeper/3.4.14/zookeeper-3.4.14.jar:/home/alex/.m2/repository/com/github/spotbugs/spotbugs-annotations/3.1.9/spotbugs-annotations-3.1.9.jar:/home/alex/.m2/repository/jline/jline/0.9.94/jline-0.9.94.jar:/home/alex/.m2/repository/org/apache/yetus/audience-annotations/0.5.0/audience-annotations-0.5.0.jar:/home/alex/.m2/repository/io/netty/netty/3.10.6.Final/netty-3.10.6.Final.jar:/home/alex/.m2/repository/org/apache/commons/commons-compress/1.21/commons-compress-1.21.jar:/home/alex/.m2/repository/org/apache/kerby/kerb-simplekdc/1.0.1/kerb-simplekdc-1.0.1.jar:/home/alex/.m2/repository/org/apache/kerby/kerb-client/1.0.1/kerb-client-1.0.1.jar:/home/alex/.m2/repository/org/apache/kerby/kerby-config/1.0.1/kerby-config-1.0.1.jar:/home/alex/.m2/repository/org/apache/kerby/kerb-core/1.0.1/kerb-core-1.0.1.jar:/home/alex/.m2/repository/org/apache/kerby/kerby-pkix/1.0.1/kerby-pkix-1.0.1.jar:/home/alex/.m2/repository/org/apache/kerby/kerby-asn1/1.0.1/kerby-asn1-1.0.1.jar:/home/alex/.m2/repository/org/apache/kerby/kerby-util/1.0.1/kerby-util-1.0.1.jar:/home/alex/.m2/repository/org/apache/kerby/kerb-common/1.0.1/kerb-common-1.0.1.jar:/home/alex/.m2/repository/org/apache/kerby/kerb-crypto/1.0.1/kerb-crypto-1.0.1.jar:/home/alex/.m2/repository/org/apache/kerby/kerb-util/1.0.1/kerb-util-1.0.1.jar:/home/alex/.m2/repository/org/apache/kerby/token-provider/1.0.1/token-provider-1.0.1.jar:/home/alex/.m2/repository/org/apache/kerby/kerb-admin/1.0.1/kerb-admin-1.0.1.jar:/home/alex/.m2/repository/org/apache/kerby/kerb-server/1.0.1/kerb-server-1.0.1.jar:/home/alex/.m2/repository/org/apache/kerby/kerb-identity/1.0.1/kerb-identity-1.0.1.jar:/home/alex/.m2/repository/org/apache/kerby/kerby-xdr/1.0.1/kerby-xdr-1.0.1.jar:/home/alex/.m2/repository/org/codehaus/woodstox/stax2-api/3.1.4/stax2-api-3.1.4.jar:/home/alex/.m2/repository/com/fasterxml/woodstox/woodstox-core/5.0.3/woodstox-core-5.0.3.jar:/home/alex/.m2/repository/com/fasterxml/jackson/core/jackson-databind/2.12.3/jackson-databind-2.12.3.jar:/home/alex/.m2/repository/com/fasterxml/jackson/core/jackson-annotations/2.12.3/jackson-annotations-2.12.3.jar:/home/alex/.m2/repository/com/fasterxml/jackson/core/jackson-core/2.12.3/jackson-core-2.12.3.jar:/home/alex/.m2/repository/org/apache/hadoop/hadoop-auth/3.1.1/hadoop-auth-3.1.1.jar:/home/alex/.m2/repository/com/nimbusds/nimbus-jose-jwt/4.41.1/nimbus-jose-jwt-4.41.1.jar:/home/alex/.m2/repository/com/github/stephenc/jcip/jcip-annotations/1.0-1/jcip-annotations-1.0-1.jar:/home/alex/.m2/repository/net/minidev/json-smart/2.3/json-smart-2.3.jar:/home/alex/.m2/repository/net/minidev/accessors-smart/1.2/accessors-smart-1.2.jar:/home/alex/.m2/repository/org/ow2/asm/asm/5.0.4/asm-5.0.4.jar:/home/alex/.m2/repository/org/apache/curator/curator-framework/2.12.0/curator-framework-2.12.0.jar:/home/alex/Repositories/nifi/nifi-commons/nifi-security-utils/target/classes:/home/alex/Repositories/nifi/nifi-commons/nifi-utils/target/classes:/home/alex/Repositories/nifi/nifi-commons/nifi-security-utils-api/target/classes:/home/alex/Repositories/nifi/nifi-commons/nifi-security-kms/target/classes:/home/alex/.m2/repository/org/bouncycastle/bcprov-jdk15on/1.69/bcprov-jdk15on-1.69.jar:/home/alex/.m2/repository/org/bouncycastle/bcpkix-jdk15on/1.69/bcpkix-jdk15on-1.69.jar:/home/alex/.m2/repository/org/bouncycastle/bcutil-jdk15on/1.69/bcutil-jdk15on-1.69.jar:/home/alex/.m2/repository/at/favre/lib/bcrypt/0.9.0/bcrypt-0.9.0.jar:/home/alex/.m2/repository/at/favre/lib/bytes/1.3.0/bytes-1.3.0.jar:/home/alex/Repositories/nifi/nifi-mock/target/classes:/home/alex/Repositories/nifi/nifi-framework-api/target/classes:/home/alex/Repositories/nifi/nifi-commons/nifi-parameter/target/classes:/home/alex/Repositories/nifi/nifi-nar-bundles/nifi-framework-bundle/nifi-framework/nifi-framework-core-api/target/classes:/home/alex/Repositories/nifi/nifi-nar-bundles/nifi-framework-bundle/nifi-framework/nifi-framework-nar-utils/target/classes:/home/alex/Repositories/nifi/nifi-nar-bundles/nifi-framework-bundle/nifi-framework/nifi-client-dto/target/classes:/home/alex/.m2/repository/io/swagger/swagger-annotations/1.6.0/swagger-annotations-1.6.0.jar:/home/alex/Repositories/nifi/nifi-commons/nifi-site-to-site-client/target/classes:/home/alex/Repositories/nifi/nifi-nar-bundles/nifi-framework-bundle/nifi-framework/nifi-framework-authorization/target/classes:/home/alex/Repositories/nifi/nifi-registry/nifi-registry-core/nifi-registry-data-model/target/classes:/home/alex/.m2/repository/javax/validation/validation-api/2.0.1.Final/validation-api-2.0.1.Final.jar:/home/alex/.m2/repository/javax/ws/rs/javax.ws.rs-api/2.1/javax.ws.rs-api-2.1.jar:/home/alex/Repositories/nifi/nifi-registry/nifi-registry-core/nifi-registry-revision/nifi-registry-revision-entity-model/target/classes:/home/alex/Repositories/nifi/nifi-registry/nifi-registry-core/nifi-registry-client/target/classes:/home/alex/Repositories/nifi/nifi-registry/nifi-registry-core/nifi-registry-security-utils/target/classes:/home/alex/.m2/repository/org/glassfish/jersey/core/jersey-client/2.33/jersey-client-2.33.jar:/home/alex/.m2/repository/jakarta/ws/rs/jakarta.ws.rs-api/2.1.6/jakarta.ws.rs-api-2.1.6.jar:/home/alex/.m2/repository/org/glassfish/hk2/external/jakarta.inject/2.6.1/jakarta.inject-2.6.1.jar:/home/alex/.m2/repository/org/glassfish/jersey/media/jersey-media-json-jackson/2.33/jersey-media-json-jackson-2.33.jar:/home/alex/.m2/repository/org/glassfish/jersey/ext/jersey-entity-filtering/2.33/jersey-entity-filtering-2.33.jar:/home/alex/.m2/repository/org/glassfish/jersey/inject/jersey-hk2/2.33/jersey-hk2-2.33.jar:/home/alex/.m2/repository/org/glassfish/hk2/hk2-locator/2.6.1/hk2-locator-2.6.1.jar:/home/alex/.m2/repository/org/glassfish/hk2/external/aopalliance-repackaged/2.6.1/aopalliance-repackaged-2.6.1.jar:/home/alex/.m2/repository/org/glassfish/hk2/hk2-api/2.6.1/hk2-api-2.6.1.jar:/home/alex/.m2/repository/org/glassfish/hk2/hk2-utils/2.6.1/hk2-utils-2.6.1.jar:/home/alex/.m2/repository/org/javassist/javassist/3.25.0-GA/javassist-3.25.0-GA.jar:/home/alex/.m2/repository/org/glassfish/jersey/core/jersey-common/2.33/jersey-common-2.33.jar:/home/alex/.m2/repository/jakarta/annotation/jakarta.annotation-api/1.3.5/jakarta.annotation-api-1.3.5.jar:/home/alex/.m2/repository/org/glassfish/hk2/osgi-resource-locator/1.0.3/osgi-resource-locator-1.0.3.jar:/home/alex/.m2/repository/org/glassfish/jersey/media/jersey-media-multipart/2.33/jersey-media-multipart-2.33.jar:/home/alex/.m2/repository/org/jvnet/mimepull/mimepull/1.9.13/mimepull-1.9.13.jar:/home/alex/Repositories/nifi/nifi-commons/nifi-expression-language/target/classes:/home/alex/.m2/repository/org/antlr/antlr-runtime/3.5.2/antlr-runtime-3.5.2.jar:/home/alex/Repositories/nifi/nifi-commons/nifi-uuid5/target/classes:/home/alex/.m2/repository/com/jayway/jsonpath/json-path/2.6.0/json-path-2.6.0.jar:/home/alex/.m2/repository/org/apache/commons/commons-text/1.8/commons-text-1.8.jar:/home/alex/Repositories/nifi/nifi-commons/nifi-data-provenance-utils/target/classes:/home/alex/.m2/repository/junit/junit/4.13.1/junit-4.13.1.jar:/home/alex/.m2/repository/org/hamcrest/hamcrest-core/1.3/hamcrest-core-1.3.jar:/home/alex/.m2/repository/org/junit/jupiter/junit-jupiter-api/5.7.2/junit-jupiter-api-5.7.2.jar:/home/alex/.m2/repository/org/apiguardian/apiguardian-api/1.1.0/apiguardian-api-1.1.0.jar:/home/alex/.m2/repository/org/opentest4j/opentest4j/1.2.0/opentest4j-1.2.0.jar:/home/alex/.m2/repository/org/junit/platform/junit-platform-commons/1.7.2/junit-platform-commons-1.7.2.jar:/home/alex/.m2/repository/org/junit/jupiter/junit-jupiter-engine/5.7.2/junit-jupiter-engine-5.7.2.jar:/home/alex/.m2/repository/org/junit/platform/junit-platform-engine/1.7.2/junit-platform-engine-1.7.2.jar:/home/alex/.m2/repository/org/junit/vintage/junit-vintage-engine/5.7.2/junit-vintage-engine-5.7.2.jar:/home/alex/.m2/repository/org/junit/jupiter/junit-jupiter-params/5.7.2/junit-jupiter-params-5.7.2.jar:/home/alex/.m2/repository/org/mockito/mockito-core/3.11.2/mockito-core-3.11.2.jar:/home/alex/.m2/repository/net/bytebuddy/byte-buddy/1.11.3/byte-buddy-1.11.3.jar:/home/alex/.m2/repository/net/bytebuddy/byte-buddy-agent/1.11.3/byte-buddy-agent-1.11.3.jar:/home/alex/.m2/repository/org/objenesis/objenesis/3.2/objenesis-3.2.jar:/home/alex/.m2/repository/org/mockito/mockito-junit-jupiter/3.11.2/mockito-junit-jupiter-3.11.2.jar:/home/alex/.m2/repository/org/slf4j/slf4j-simple/1.7.32/slf4j-simple-1.7.32.jar:/home/alex/.m2/repository/org/codehaus/groovy/groovy-test/2.5.14/groovy-test-2.5.14.jar:/home/alex/.m2/repository/org/codehaus/groovy/groovy/2.5.14/groovy-2.5.14.jar:"/>
    <property name="sun.cpu.endian" value="little"/>
    <property name="user.home" value="/home/alex"/>
    <property name="user.language" value="en"/>
    <property name="java.specification.vendor" value="Oracle Corporation"/>
    <property name="java.home" value="/usr/lib/jvm/java-8-openjdk-amd64/jre"/>
    <property name="java.security.krb5.conf" value="/home/alex/Repositories/nifi/nifi-nar-bundles/nifi-ranger-bundle/nifi-ranger-plugin/src/test/resources/krb5.conf"/>
    <property name="basedir" value="/home/alex/Repositories/nifi/nifi-nar-bundles/nifi-ranger-bundle/nifi-ranger-plugin"/>
    <property name="file.separator" value="/"/>
    <property name="line.separator" value="&#10;"/>
    <property name="java.vm.specification.vendor" value="Oracle Corporation"/>
    <property name="java.specification.name" value="Java Platform API Specification"/>
    <property name="java.awt.graphicsenv" value="sun.awt.X11GraphicsEnvironment"/>
    <property name="java.awt.headless" value="true"/>
    <property name="surefire.real.class.path" value="/home/alex/Repositories/nifi/nifi-nar-bundles/nifi-ranger-bundle/nifi-ranger-plugin/target/surefire/surefirebooter1141779817137500713.jar"/>
    <property name="sun.boot.class.path" value="/usr/lib/jvm/java-8-openjdk-amd64/jre/lib/resources.jar:/usr/lib/jvm/java-8-openjdk-amd64/jre/lib/rt.jar:/usr/lib/jvm/java-8-openjdk-amd64/jre/lib/sunrsasign.jar:/usr/lib/jvm/java-8-openjdk-amd64/jre/lib/jsse.jar:/usr/lib/jvm/java-8-openjdk-amd64/jre/lib/jce.jar:/usr/lib/jvm/java-8-openjdk-amd64/jre/lib/charsets.jar:/usr/lib/jvm/java-8-openjdk-amd64/jre/lib/jfr.jar:/usr/lib/jvm/java-8-openjdk-amd64/jre/classes"/>
    <property name="sun.management.compiler" value="HotSpot 64-Bit Tiered Compilers"/>
    <property name="java.runtime.version" value="1.8.0_402-8u402-ga-2ubuntu1~22.04-b06"/>
    <property name="java.net.preferIPv4Stack" value="true"/>
    <property name="user.name" value="alex"/>
    <property name="path.separator" value=":"/>
    <property name="os.version" value="6.5.0-28-generic"/>
    <property name="java.endorsed.dirs" value="/usr/lib/jvm/java-8-openjdk-amd64/jre/lib/endorsed"/>
    <property name="java.runtime.name" value="OpenJDK Runtime Environment"/>
    <property name="file.encoding" value="UTF-8"/>
    <property name="jnidispatch.path" value="/home/alex/.cache/JNA/temp/jna4041879336844575108.tmp"/>
    <property name="jna.platform.library.path" value="/usr/lib/x86_64-linux-gnu:/lib/x86_64-linux-gnu:/usr/lib64:/lib64:/usr/lib:/lib:/lib/i386-linux-gnu:/usr/lib/x86_64-linux-gnu/libfakeroot"/>
    <property name="java.vm.name" value="OpenJDK 64-Bit Server VM"/>
    <property name="localRepository" value="/home/alex/.m2/repository"/>
    <property name="jna.loaded" value="true"/>
    <property name="java.vendor.url.bug" value="http://bugreport.sun.com/bugreport/"/>
    <property name="java.io.tmpdir" value="/tmp"/>
    <property name="java.version" value="1.8.0_402"/>
    <property name="user.dir" value="/home/alex/Repositories/nifi/nifi-nar-bundles/nifi-ranger-bundle/nifi-ranger-plugin"/>
    <property name="os.arch" value="amd64"/>
    <property name="java.vm.specification.name" value="Java Virtual Machine Specification"/>
    <property name="java.awt.printerjob" value="sun.print.PSPrinterJob"/>
    <property name="sun.os.patch.level" value="unknown"/>
    <property name="java.library.path" value="/usr/java/packages/lib/amd64:/usr/lib/x86_64-linux-gnu/jni:/lib/x86_64-linux-gnu:/usr/lib/x86_64-linux-gnu:/usr/lib/jni:/lib:/usr/lib"/>
    <property name="java.vm.info" value="mixed mode"/>
    <property name="java.vendor" value="Private Build"/>
    <property name="java.vm.version" value="25.402-b06"/>
    <property name="java.specification.maintenance.version" value="5"/>
    <property name="java.ext.dirs" value="/usr/lib/jvm/java-8-openjdk-amd64/jre/lib/ext:/usr/java/packages/lib/ext"/>
    <property name="sun.io.unicode.encoding" value="UnicodeLittle"/>
    <property name="java.class.version" value="52.0"/>
  </properties>
  <testcase name="testConfigurableEmptyFingerPrint" classname="org.apache.nifi.ranger.authorization.ManagedRangerAuthorizerTest" time="0.082">
    <system-err><![CDATA[[main] ERROR org.apache.ranger.authorization.hadoop.config.RangerConfiguration - addResourceIfReadable(ranger-nifi-audit.xml): couldn't find resource file location
[main] ERROR org.apache.ranger.authorization.hadoop.config.RangerConfiguration - addResourceIfReadable(ranger-nifi-security.xml): couldn't find resource file location
[main] ERROR org.apache.ranger.authorization.hadoop.config.RangerConfiguration - addResourceIfReadable(ranger-nifi-policymgr-ssl.xml): couldn't find resource file location
[main] INFO org.apache.ranger.authorization.hadoop.config.RangerPluginConfig - PolicyEngineOptions: { evaluatorType: auto, evaluateDelegateAdminOnly: false, disableContextEnrichers: false, disableCustomConditions: false, disableTagPolicyEvaluation: false, enableTagEnricherWithLocalRefresher: false, disableTrieLookupPrefilter: false, optimizeTrieForRetrieval: false, cacheAuditResult: false }
[main] INFO org.apache.nifi.ranger.authorization.RangerNiFiAuthorizer - RangerNiFiAuthorizer(): initializing base plugin
]]></system-err>
  </testcase>
  <testcase name="testConfigurableFingerPrint" classname="org.apache.nifi.ranger.authorization.ManagedRangerAuthorizerTest" time="0.012">
    <system-err><![CDATA[[main] ERROR org.apache.ranger.authorization.hadoop.config.RangerConfiguration - addResourceIfReadable(ranger-nifi-audit.xml): couldn't find resource file location
[main] ERROR org.apache.ranger.authorization.hadoop.config.RangerConfiguration - addResourceIfReadable(ranger-nifi-security.xml): couldn't find resource file location
[main] ERROR org.apache.ranger.authorization.hadoop.config.RangerConfiguration - addResourceIfReadable(ranger-nifi-policymgr-ssl.xml): couldn't find resource file location
[main] INFO org.apache.ranger.authorization.hadoop.config.RangerPluginConfig - PolicyEngineOptions: { evaluatorType: auto, evaluateDelegateAdminOnly: false, disableContextEnrichers: false, disableCustomConditions: false, disableTagPolicyEvaluation: false, enableTagEnricherWithLocalRefresher: false, disableTrieLookupPrefilter: false, optimizeTrieForRetrieval: false, cacheAuditResult: false }
[main] INFO org.apache.nifi.ranger.authorization.RangerNiFiAuthorizer - RangerNiFiAuthorizer(): initializing base plugin
]]></system-err>
  </testcase>
  <testcase name="testCheckInheritInvalidFingerprint" classname="org.apache.nifi.ranger.authorization.ManagedRangerAuthorizerTest" time="0.016">
    <system-err><![CDATA[[main] ERROR org.apache.ranger.authorization.hadoop.config.RangerConfiguration - addResourceIfReadable(ranger-nifi-audit.xml): couldn't find resource file location
[main] ERROR org.apache.ranger.authorization.hadoop.config.RangerConfiguration - addResourceIfReadable(ranger-nifi-security.xml): couldn't find resource file location
[main] ERROR org.apache.ranger.authorization.hadoop.config.RangerConfiguration - addResourceIfReadable(ranger-nifi-policymgr-ssl.xml): couldn't find resource file location
[main] INFO org.apache.ranger.authorization.hadoop.config.RangerPluginConfig - PolicyEngineOptions: { evaluatorType: auto, evaluateDelegateAdminOnly: false, disableContextEnrichers: false, disableCustomConditions: false, disableTagPolicyEvaluation: false, enableTagEnricherWithLocalRefresher: false, disableTrieLookupPrefilter: false, optimizeTrieForRetrieval: false, cacheAuditResult: false }
[main] INFO org.apache.nifi.ranger.authorization.RangerNiFiAuthorizer - RangerNiFiAuthorizer(): initializing base plugin
[Fatal Error] :1:1: Content is not allowed in prolog.
]]></system-err>
  </testcase>
  <testcase name="testCheckInheritNonConfigurableUserGroupProvider" classname="org.apache.nifi.ranger.authorization.ManagedRangerAuthorizerTest" time="0.019">
    <system-err><![CDATA[[main] ERROR org.apache.ranger.authorization.hadoop.config.RangerConfiguration - addResourceIfReadable(ranger-nifi-audit.xml): couldn't find resource file location
[main] ERROR org.apache.ranger.authorization.hadoop.config.RangerConfiguration - addResourceIfReadable(ranger-nifi-security.xml): couldn't find resource file location
[main] ERROR org.apache.ranger.authorization.hadoop.config.RangerConfiguration - addResourceIfReadable(ranger-nifi-policymgr-ssl.xml): couldn't find resource file location
[main] INFO org.apache.ranger.authorization.hadoop.config.RangerPluginConfig - PolicyEngineOptions: { evaluatorType: auto, evaluateDelegateAdminOnly: false, disableContextEnrichers: false, disableCustomConditions: false, disableTagPolicyEvaluation: false, enableTagEnricherWithLocalRefresher: false, disableTrieLookupPrefilter: false, optimizeTrieForRetrieval: false, cacheAuditResult: false }
[main] INFO org.apache.nifi.ranger.authorization.RangerNiFiAuthorizer - RangerNiFiAuthorizer(): initializing base plugin
]]></system-err>
  </testcase>
  <testcase name="testInheritNonEmptyFingerprint" classname="org.apache.nifi.ranger.authorization.ManagedRangerAuthorizerTest" time="0.011">
    <system-err><![CDATA[[main] ERROR org.apache.ranger.authorization.hadoop.config.RangerConfiguration - addResourceIfReadable(ranger-nifi-audit.xml): couldn't find resource file location
[main] ERROR org.apache.ranger.authorization.hadoop.config.RangerConfiguration - addResourceIfReadable(ranger-nifi-security.xml): couldn't find resource file location
[main] ERROR org.apache.ranger.authorization.hadoop.config.RangerConfiguration - addResourceIfReadable(ranger-nifi-policymgr-ssl.xml): couldn't find resource file location
[main] INFO org.apache.ranger.authorization.hadoop.config.RangerPluginConfig - PolicyEngineOptions: { evaluatorType: auto, evaluateDelegateAdminOnly: false, disableContextEnrichers: false, disableCustomConditions: false, disableTagPolicyEvaluation: false, enableTagEnricherWithLocalRefresher: false, disableTrieLookupPrefilter: false, optimizeTrieForRetrieval: false, cacheAuditResult: false }
[main] INFO org.apache.nifi.ranger.authorization.RangerNiFiAuthorizer - RangerNiFiAuthorizer(): initializing base plugin
]]></system-err>
  </testcase>
  <testcase name="testInheritEmptyFingerprint" classname="org.apache.nifi.ranger.authorization.ManagedRangerAuthorizerTest" time="0.012">
    <system-err><![CDATA[[main] ERROR org.apache.ranger.authorization.hadoop.config.RangerConfiguration - addResourceIfReadable(ranger-nifi-audit.xml): couldn't find resource file location
[main] ERROR org.apache.ranger.authorization.hadoop.config.RangerConfiguration - addResourceIfReadable(ranger-nifi-security.xml): couldn't find resource file location
[main] ERROR org.apache.ranger.authorization.hadoop.config.RangerConfiguration - addResourceIfReadable(ranger-nifi-policymgr-ssl.xml): couldn't find resource file location
[main] INFO org.apache.ranger.authorization.hadoop.config.RangerPluginConfig - PolicyEngineOptions: { evaluatorType: auto, evaluateDelegateAdminOnly: false, disableContextEnrichers: false, disableCustomConditions: false, disableTagPolicyEvaluation: false, enableTagEnricherWithLocalRefresher: false, disableTrieLookupPrefilter: false, optimizeTrieForRetrieval: false, cacheAuditResult: false }
[main] INFO org.apache.nifi.ranger.authorization.RangerNiFiAuthorizer - RangerNiFiAuthorizer(): initializing base plugin
]]></system-err>
  </testcase>
  <testcase name="testInheritInvalidFingerprint" classname="org.apache.nifi.ranger.authorization.ManagedRangerAuthorizerTest" time="0.01">
    <system-err><![CDATA[[main] ERROR org.apache.ranger.authorization.hadoop.config.RangerConfiguration - addResourceIfReadable(ranger-nifi-audit.xml): couldn't find resource file location
[main] ERROR org.apache.ranger.authorization.hadoop.config.RangerConfiguration - addResourceIfReadable(ranger-nifi-security.xml): couldn't find resource file location
[main] ERROR org.apache.ranger.authorization.hadoop.config.RangerConfiguration - addResourceIfReadable(ranger-nifi-policymgr-ssl.xml): couldn't find resource file location
[main] INFO org.apache.ranger.authorization.hadoop.config.RangerPluginConfig - PolicyEngineOptions: { evaluatorType: auto, evaluateDelegateAdminOnly: false, disableContextEnrichers: false, disableCustomConditions: false, disableTagPolicyEvaluation: false, enableTagEnricherWithLocalRefresher: false, disableTrieLookupPrefilter: false, optimizeTrieForRetrieval: false, cacheAuditResult: false }
[main] INFO org.apache.nifi.ranger.authorization.RangerNiFiAuthorizer - RangerNiFiAuthorizer(): initializing base plugin
[Fatal Error] :1:1: Content is not allowed in prolog.
]]></system-err>
  </testcase>
  <testcase name="testCheckInheritNonEmptyFingerprint" classname="org.apache.nifi.ranger.authorization.ManagedRangerAuthorizerTest" time="0.011">
    <system-err><![CDATA[[main] ERROR org.apache.ranger.authorization.hadoop.config.RangerConfiguration - addResourceIfReadable(ranger-nifi-audit.xml): couldn't find resource file location
[main] ERROR org.apache.ranger.authorization.hadoop.config.RangerConfiguration - addResourceIfReadable(ranger-nifi-security.xml): couldn't find resource file location
[main] ERROR org.apache.ranger.authorization.hadoop.config.RangerConfiguration - addResourceIfReadable(ranger-nifi-policymgr-ssl.xml): couldn't find resource file location
[main] INFO org.apache.ranger.authorization.hadoop.config.RangerPluginConfig - PolicyEngineOptions: { evaluatorType: auto, evaluateDelegateAdminOnly: false, disableContextEnrichers: false, disableCustomConditions: false, disableTagPolicyEvaluation: false, enableTagEnricherWithLocalRefresher: false, disableTrieLookupPrefilter: false, optimizeTrieForRetrieval: false, cacheAuditResult: false }
[main] INFO org.apache.nifi.ranger.authorization.RangerNiFiAuthorizer - RangerNiFiAuthorizer(): initializing base plugin
]]></system-err>
  </testcase>
  <testcase name="testCheckInheritEmptyFingerprint" classname="org.apache.nifi.ranger.authorization.ManagedRangerAuthorizerTest" time="0.011">
    <system-err><![CDATA[[main] ERROR org.apache.ranger.authorization.hadoop.config.RangerConfiguration - addResourceIfReadable(ranger-nifi-audit.xml): couldn't find resource file location
[main] ERROR org.apache.ranger.authorization.hadoop.config.RangerConfiguration - addResourceIfReadable(ranger-nifi-security.xml): couldn't find resource file location
[main] ERROR org.apache.ranger.authorization.hadoop.config.RangerConfiguration - addResourceIfReadable(ranger-nifi-policymgr-ssl.xml): couldn't find resource file location
[main] INFO org.apache.ranger.authorization.hadoop.config.RangerPluginConfig - PolicyEngineOptions: { evaluatorType: auto, evaluateDelegateAdminOnly: false, disableContextEnrichers: false, disableCustomConditions: false, disableTagPolicyEvaluation: false, enableTagEnricherWithLocalRefresher: false, disableTrieLookupPrefilter: false, optimizeTrieForRetrieval: false, cacheAuditResult: false }
[main] INFO org.apache.nifi.ranger.authorization.RangerNiFiAuthorizer - RangerNiFiAuthorizer(): initializing base plugin
]]></system-err>
  </testcase>
  <testcase name="testNonConfigurableFingerPrint" classname="org.apache.nifi.ranger.authorization.ManagedRangerAuthorizerTest" time="0.014">
    <system-err><![CDATA[[main] ERROR org.apache.ranger.authorization.hadoop.config.RangerConfiguration - addResourceIfReadable(ranger-nifi-audit.xml): couldn't find resource file location
[main] ERROR org.apache.ranger.authorization.hadoop.config.RangerConfiguration - addResourceIfReadable(ranger-nifi-security.xml): couldn't find resource file location
[main] ERROR org.apache.ranger.authorization.hadoop.config.RangerConfiguration - addResourceIfReadable(ranger-nifi-policymgr-ssl.xml): couldn't find resource file location
[main] INFO org.apache.ranger.authorization.hadoop.config.RangerPluginConfig - PolicyEngineOptions: { evaluatorType: auto, evaluateDelegateAdminOnly: false, disableContextEnrichers: false, disableCustomConditions: false, disableTagPolicyEvaluation: false, enableTagEnricherWithLocalRefresher: false, disableTrieLookupPrefilter: false, optimizeTrieForRetrieval: false, cacheAuditResult: false }
[main] INFO org.apache.nifi.ranger.authorization.RangerNiFiAuthorizer - RangerNiFiAuthorizer(): initializing base plugin
]]></system-err>
  </testcase>
</testsuite>