<?xml version="1.0" encoding="UTF-8"?>
<testsuite xmlns:xsi="http://www.w3.org/2001/XMLSchema-instance" xsi:noNamespaceSchemaLocation="https://maven.apache.org/surefire/maven-surefire-plugin/xsd/surefire-test-report-3.0.xsd" version="3.0" name="org.apache.nifi.processors.standard.TestControlRate" time="5.203" tests="8" errors="0" skipped="0" failures="0">
  <properties>
    <property name="sun.desktop" value="gnome"/>
    <property name="awt.toolkit" value="sun.awt.X11.XToolkit"/>
    <property name="file.encoding.pkg" value="sun.io"/>
    <property name="java.specification.version" value="1.8"/>
    <property name="sun.cpu.isalist" value=""/>
    <property name="sun.jnu.encoding" value="UTF-8"/>
    <property name="java.class.path" value="/home/alex/Repositories/nifi/nifi-nar-bundles/nifi-standard-bundle/nifi-standard-processors/target/test-classes:/home/alex/Repositories/nifi/nifi-nar-bundles/nifi-standard-bundle/nifi-standard-processors/target/classes:/home/alex/.m2/repository/org/apache/ftpserver/ftpserver-core/1.1.1/ftpserver-core-1.1.1.jar:/home/alex/.m2/repository/org/apache/ftpserver/ftplet-api/1.1.1/ftplet-api-1.1.1.jar:/home/alex/.m2/repository/org/slf4j/slf4j-api/1.7.32/slf4j-api-1.7.32.jar:/home/alex/.m2/repository/org/apache/mina/mina-core/2.0.16/mina-core-2.0.16.jar:/home/alex/Repositories/nifi/nifi-api/target/classes:/home/alex/Repositories/nifi/nifi-commons/nifi-expression-language/target/classes:/home/alex/.m2/repository/org/antlr/antlr-runtime/3.5.2/antlr-runtime-3.5.2.jar:/home/alex/Repositories/nifi/nifi-commons/nifi-parameter/target/classes:/home/alex/Repositories/nifi/nifi-commons/nifi-uuid5/target/classes:/home/alex/.m2/repository/org/apache/commons/commons-text/1.8/commons-text-1.8.jar:/home/alex/Repositories/nifi/nifi-nar-bundles/nifi-extension-utils/nifi-processor-utils/target/classes:/home/alex/Repositories/nifi/nifi-commons/nifi-security-socket-ssl/target/classes:/home/alex/Repositories/nifi/nifi-nar-bundles/nifi-extension-utils/nifi-event-transport/target/classes:/home/alex/.m2/repository/io/netty/netty-handler/4.1.69.Final/netty-handler-4.1.69.Final.jar:/home/alex/.m2/repository/io/netty/netty-common/4.1.69.Final/netty-common-4.1.69.Final.jar:/home/alex/.m2/repository/io/netty/netty-resolver/4.1.69.Final/netty-resolver-4.1.69.Final.jar:/home/alex/.m2/repository/io/netty/netty-transport/4.1.69.Final/netty-transport-4.1.69.Final.jar:/home/alex/.m2/repository/io/netty/netty-codec/4.1.69.Final/netty-codec-4.1.69.Final.jar:/home/alex/Repositories/nifi/nifi-nar-bundles/nifi-extension-utils/nifi-syslog-utils/target/classes:/home/alex/.m2/repository/com/github/palindromicity/simple-syslog-5424/0.0.16/simple-syslog-5424-0.0.16.jar:/home/alex/.m2/repository/org/antlr/antlr4-runtime/4.7.2/antlr4-runtime-4.7.2.jar:/home/alex/Repositories/nifi/nifi-commons/nifi-utils/target/classes:/home/alex/Repositories/nifi/nifi-commons/nifi-record-path/target/classes:/home/alex/Repositories/nifi/nifi-commons/nifi-properties/target/classes:/home/alex/Repositories/nifi/nifi-commons/nifi-property-utils/target/classes:/home/alex/.m2/repository/com/github/ben-manes/caffeine/caffeine/2.8.1/caffeine-2.8.1.jar:/home/alex/Repositories/nifi/nifi-nar-bundles/nifi-standard-services/nifi-ssl-context-service-api/target/classes:/home/alex/Repositories/nifi/nifi-commons/nifi-security-utils-api/target/classes:/home/alex/Repositories/nifi/nifi-nar-bundles/nifi-standard-services/nifi-lookup-service-api/target/classes:/home/alex/Repositories/nifi/nifi-commons/nifi-flowfile-packager/target/classes:/home/alex/Repositories/nifi/nifi-nar-bundles/nifi-standard-services/nifi-distributed-cache-client-service-api/target/classes:/home/alex/Repositories/nifi/nifi-nar-bundles/nifi-standard-services/nifi-http-context-map-api/target/classes:/home/alex/Repositories/nifi/nifi-nar-bundles/nifi-standard-services/nifi-record-serialization-service-api/target/classes:/home/alex/Repositories/nifi/nifi-nar-bundles/nifi-standard-services/nifi-proxy-configuration-api/target/classes:/home/alex/Repositories/nifi/nifi-commons/nifi-record/target/classes:/home/alex/Repositories/nifi/nifi-nar-bundles/nifi-standard-services/nifi-record-sink-api/target/classes:/home/alex/.m2/repository/commons-io/commons-io/2.10.0/commons-io-2.10.0.jar:/home/alex/.m2/repository/javax/ws/rs/javax.ws.rs-api/2.1/javax.ws.rs-api-2.1.jar:/home/alex/.m2/repository/commons-net/commons-net/3.6/commons-net-3.6.jar:/home/alex/.m2/repository/org/apache/commons/commons-compress/1.21/commons-compress-1.21.jar:/home/alex/.m2/repository/org/apache/commons/commons-lang3/3.9/commons-lang3-3.9.jar:/home/alex/.m2/repository/org/bouncycastle/bcprov-jdk15on/1.69/bcprov-jdk15on-1.69.jar:/home/alex/.m2/repository/org/bouncycastle/bcpg-jdk15on/1.69/bcpg-jdk15on-1.69.jar:/home/alex/.m2/repository/org/bouncycastle/bcpkix-jdk15on/1.69/bcpkix-jdk15on-1.69.jar:/home/alex/.m2/repository/org/bouncycastle/bcutil-jdk15on/1.69/bcutil-jdk15on-1.69.jar:/home/alex/.m2/repository/commons-codec/commons-codec/1.14/commons-codec-1.14.jar:/home/alex/Repositories/nifi/nifi-commons/nifi-security-utils/target/classes:/home/alex/Repositories/nifi/nifi-commons/nifi-security-kms/target/classes:/home/alex/.m2/repository/org/apache/commons/commons-configuration2/2.7/commons-configuration2-2.7.jar:/home/alex/.m2/repository/com/hierynomus/sshj/0.32.0/sshj-0.32.0.jar:/home/alex/.m2/repository/com/jcraft/jzlib/1.1.3/jzlib-1.1.3.jar:/home/alex/.m2/repository/com/hierynomus/asn-one/0.6.0/asn-one-0.6.0.jar:/home/alex/.m2/repository/net/i2p/crypto/eddsa/0.3.0/eddsa-0.3.0.jar:/home/alex/.m2/repository/org/eclipse/jetty/jetty-server/9.4.44.v20210927/jetty-server-9.4.44.v20210927.jar:/home/alex/.m2/repository/javax/servlet/javax.servlet-api/3.1.0/javax.servlet-api-3.1.0.jar:/home/alex/.m2/repository/org/eclipse/jetty/jetty-http/9.4.44.v20210927/jetty-http-9.4.44.v20210927.jar:/home/alex/.m2/repository/org/eclipse/jetty/jetty-util/9.4.44.v20210927/jetty-util-9.4.44.v20210927.jar:/home/alex/.m2/repository/org/eclipse/jetty/jetty-io/9.4.44.v20210927/jetty-io-9.4.44.v20210927.jar:/home/alex/.m2/repository/org/eclipse/jetty/jetty-servlet/9.4.44.v20210927/jetty-servlet-9.4.44.v20210927.jar:/home/alex/.m2/repository/org/eclipse/jetty/jetty-security/9.4.44.v20210927/jetty-security-9.4.44.v20210927.jar:/home/alex/.m2/repository/org/eclipse/jetty/jetty-util-ajax/9.4.44.v20210927/jetty-util-ajax-9.4.44.v20210927.jar:/home/alex/.m2/repository/org/apache/httpcomponents/httpclient/4.5.5/httpclient-4.5.5.jar:/home/alex/.m2/repository/commons-logging/commons-logging/1.2/commons-logging-1.2.jar:/home/alex/.m2/repository/org/apache/httpcomponents/httpcore/4.4.9/httpcore-4.4.9.jar:/home/alex/.m2/repository/jakarta/activation/jakarta.activation-api/2.0.1/jakarta.activation-api-2.0.1.jar:/home/alex/.m2/repository/com/sun/activation/jakarta.activation/2.0.1/jakarta.activation-2.0.1.jar:/home/alex/.m2/repository/jakarta/mail/jakarta.mail-api/2.0.1/jakarta.mail-api-2.0.1.jar:/home/alex/.m2/repository/com/sun/mail/jakarta.mail/2.0.1/jakarta.mail-2.0.1.jar:/home/alex/.m2/repository/com/github/jponge/lzma-java/1.3/lzma-java-1.3.jar:/home/alex/.m2/repository/org/tukaani/xz/1.8/xz-1.8.jar:/home/alex/.m2/repository/net/sf/saxon/Saxon-HE/10.6/Saxon-HE-10.6.jar:/home/alex/Repositories/nifi/nifi-commons/nifi-socket-utils/target/classes:/home/alex/Repositories/nifi/nifi-commons/nifi-logging-utils/target/classes:/home/alex/Repositories/nifi/nifi-nar-bundles/nifi-standard-services/nifi-load-distribution-service-api/target/classes:/home/alex/.m2/repository/javax/jms/javax.jms-api/2.0.1/javax.jms-api-2.0.1.jar:/home/alex/.m2/repository/org/apache/activemq/activemq-client/5.15.15/activemq-client-5.15.15.jar:/home/alex/.m2/repository/org/apache/geronimo/specs/geronimo-jms_1.1_spec/1.1.1/geronimo-jms_1.1_spec-1.1.1.jar:/home/alex/.m2/repository/org/fusesource/hawtbuf/hawtbuf/1.11/hawtbuf-1.11.jar:/home/alex/.m2/repository/org/apache/geronimo/specs/geronimo-j2ee-management_1.1_spec/1.0.1/geronimo-j2ee-management_1.1_spec-1.0.1.jar:/home/alex/.m2/repository/com/jayway/jsonpath/json-path/2.6.0/json-path-2.6.0.jar:/home/alex/.m2/repository/net/minidev/json-smart/2.4.7/json-smart-2.4.7.jar:/home/alex/.m2/repository/net/minidev/accessors-smart/2.4.7/accessors-smart-2.4.7.jar:/home/alex/.m2/repository/org/ow2/asm/asm/9.1/asm-9.1.jar:/home/alex/.m2/repository/org/apache/tika/tika-core/1.26/tika-core-1.26.jar:/home/alex/.m2/repository/com/fasterxml/jackson/core/jackson-databind/2.12.3/jackson-databind-2.12.3.jar:/home/alex/.m2/repository/com/fasterxml/jackson/core/jackson-annotations/2.12.3/jackson-annotations-2.12.3.jar:/home/alex/.m2/repository/com/fasterxml/jackson/core/jackson-core/2.12.3/jackson-core-2.12.3.jar:/home/alex/Repositories/nifi/nifi-nar-bundles/nifi-extension-utils/nifi-record-utils/nifi-avro-record-utils/target/classes:/home/alex/Repositories/nifi/nifi-nar-bundles/nifi-extension-utils/nifi-record-utils/nifi-standard-record-utils/target/classes:/home/alex/.m2/repository/org/apache/avro/avro/1.8.1/avro-1.8.1.jar:/home/alex/.m2/repository/org/codehaus/jackson/jackson-core-asl/1.9.13/jackson-core-asl-1.9.13.jar:/home/alex/.m2/repository/org/codehaus/jackson/jackson-mapper-asl/1.9.13/jackson-mapper-asl-1.9.13.jar:/home/alex/.m2/repository/com/thoughtworks/paranamer/paranamer/2.7/paranamer-2.7.jar:/home/alex/Repositories/nifi/nifi-nar-bundles/nifi-standard-services/nifi-dbcp-service-api/target/classes:/home/alex/.m2/repository/com/squareup/okhttp3/okhttp/4.9.2/okhttp-4.9.2.jar:/home/alex/.m2/repository/com/squareup/okio/okio/2.8.0/okio-2.8.0.jar:/home/alex/.m2/repository/org/jetbrains/kotlin/kotlin-stdlib-common/1.4.0/kotlin-stdlib-common-1.4.0.jar:/home/alex/.m2/repository/org/jetbrains/kotlin/kotlin-stdlib/1.4.10/kotlin-stdlib-1.4.10.jar:/home/alex/.m2/repository/org/jetbrains/annotations/13.0/annotations-13.0.jar:/home/alex/.m2/repository/io/github/rburgst/okhttp-digest/2.5/okhttp-digest-2.5.jar:/home/alex/.m2/repository/at/favre/lib/bcrypt/0.9.0/bcrypt-0.9.0.jar:/home/alex/.m2/repository/at/favre/lib/bytes/1.3.0/bytes-1.3.0.jar:/home/alex/.m2/repository/com/google/guava/guava/28.0-jre/guava-28.0-jre.jar:/home/alex/.m2/repository/com/google/guava/failureaccess/1.0.1/failureaccess-1.0.1.jar:/home/alex/.m2/repository/com/google/guava/listenablefuture/9999.0-empty-to-avoid-conflict-with-guava/listenablefuture-9999.0-empty-to-avoid-conflict-with-guava.jar:/home/alex/.m2/repository/com/google/code/findbugs/jsr305/3.0.2/jsr305-3.0.2.jar:/home/alex/.m2/repository/org/checkerframework/checker-qual/2.8.1/checker-qual-2.8.1.jar:/home/alex/.m2/repository/com/google/errorprone/error_prone_annotations/2.3.2/error_prone_annotations-2.3.2.jar:/home/alex/.m2/repository/com/google/j2objc/j2objc-annotations/1.3/j2objc-annotations-1.3.jar:/home/alex/.m2/repository/org/codehaus/mojo/animal-sniffer-annotations/1.17/animal-sniffer-annotations-1.17.jar:/home/alex/Repositories/nifi/nifi-mock/target/classes:/home/alex/Repositories/nifi/nifi-framework-api/target/classes:/home/alex/Repositories/nifi/nifi-nar-bundles/nifi-framework-bundle/nifi-framework/nifi-framework-core-api/target/classes:/home/alex/Repositories/nifi/nifi-nar-bundles/nifi-framework-bundle/nifi-framework/nifi-framework-nar-utils/target/classes:/home/alex/Repositories/nifi/nifi-nar-bundles/nifi-framework-bundle/nifi-framework/nifi-client-dto/target/classes:/home/alex/.m2/repository/io/swagger/swagger-annotations/1.6.0/swagger-annotations-1.6.0.jar:/home/alex/Repositories/nifi/nifi-commons/nifi-site-to-site-client/target/classes:/home/alex/.m2/repository/org/apache/httpcomponents/httpasyncclient/4.1.4/httpasyncclient-4.1.4.jar:/home/alex/.m2/repository/org/apache/httpcomponents/httpcore-nio/4.4.10/httpcore-nio-4.4.10.jar:/home/alex/Repositories/nifi/nifi-nar-bundles/nifi-framework-bundle/nifi-framework/nifi-framework-authorization/target/classes:/home/alex/Repositories/nifi/nifi-registry/nifi-registry-core/nifi-registry-data-model/target/classes:/home/alex/Repositories/nifi/nifi-registry/nifi-registry-core/nifi-registry-revision/nifi-registry-revision-entity-model/target/classes:/home/alex/Repositories/nifi/nifi-registry/nifi-registry-core/nifi-registry-client/target/classes:/home/alex/Repositories/nifi/nifi-registry/nifi-registry-core/nifi-registry-security-utils/target/classes:/home/alex/.m2/repository/org/glassfish/jersey/core/jersey-client/2.33/jersey-client-2.33.jar:/home/alex/.m2/repository/jakarta/ws/rs/jakarta.ws.rs-api/2.1.6/jakarta.ws.rs-api-2.1.6.jar:/home/alex/.m2/repository/org/glassfish/hk2/external/jakarta.inject/2.6.1/jakarta.inject-2.6.1.jar:/home/alex/.m2/repository/org/glassfish/jersey/media/jersey-media-json-jackson/2.33/jersey-media-json-jackson-2.33.jar:/home/alex/.m2/repository/org/glassfish/jersey/ext/jersey-entity-filtering/2.33/jersey-entity-filtering-2.33.jar:/home/alex/.m2/repository/org/glassfish/jersey/inject/jersey-hk2/2.33/jersey-hk2-2.33.jar:/home/alex/.m2/repository/org/glassfish/hk2/hk2-locator/2.6.1/hk2-locator-2.6.1.jar:/home/alex/.m2/repository/org/glassfish/hk2/external/aopalliance-repackaged/2.6.1/aopalliance-repackaged-2.6.1.jar:/home/alex/.m2/repository/org/glassfish/hk2/hk2-api/2.6.1/hk2-api-2.6.1.jar:/home/alex/.m2/repository/org/glassfish/hk2/hk2-utils/2.6.1/hk2-utils-2.6.1.jar:/home/alex/.m2/repository/org/javassist/javassist/3.25.0-GA/javassist-3.25.0-GA.jar:/home/alex/.m2/repository/org/glassfish/jersey/core/jersey-common/2.33/jersey-common-2.33.jar:/home/alex/.m2/repository/jakarta/annotation/jakarta.annotation-api/1.3.5/jakarta.annotation-api-1.3.5.jar:/home/alex/.m2/repository/org/glassfish/hk2/osgi-resource-locator/1.0.3/osgi-resource-locator-1.0.3.jar:/home/alex/.m2/repository/org/glassfish/jersey/media/jersey-media-multipart/2.33/jersey-media-multipart-2.33.jar:/home/alex/.m2/repository/org/jvnet/mimepull/mimepull/1.9.13/mimepull-1.9.13.jar:/home/alex/Repositories/nifi/nifi-commons/nifi-data-provenance-utils/target/classes:/home/alex/Repositories/nifi/nifi-nar-bundles/nifi-standard-services/nifi-distributed-cache-services-bundle/nifi-distributed-cache-client-service/target/classes:/home/alex/Repositories/nifi/nifi-nar-bundles/nifi-standard-services/nifi-distributed-cache-services-bundle/nifi-distributed-cache-protocol/target/classes:/home/alex/.m2/repository/io/netty/netty-buffer/4.1.69.Final/netty-buffer-4.1.69.Final.jar:/home/alex/.m2/repository/com/google/http-client/google-http-client/1.28.0/google-http-client-1.28.0.jar:/home/alex/.m2/repository/io/opencensus/opencensus-api/0.18.0/opencensus-api-0.18.0.jar:/home/alex/.m2/repository/io/grpc/grpc-context/1.14.0/grpc-context-1.14.0.jar:/home/alex/.m2/repository/io/opencensus/opencensus-contrib-http-util/0.18.0/opencensus-contrib-http-util-0.18.0.jar:/home/alex/.m2/repository/org/apache/activemq/activemq-broker/5.15.14/activemq-broker-5.15.14.jar:/home/alex/.m2/repository/org/apache/activemq/activemq-openwire-legacy/5.15.14/activemq-openwire-legacy-5.15.14.jar:/home/alex/Repositories/nifi/nifi-nar-bundles/nifi-standard-services/nifi-ssl-context-bundle/nifi-ssl-context-service/target/classes:/home/alex/Repositories/nifi/nifi-nar-bundles/nifi-framework-bundle/nifi-framework/nifi-standard-prioritizers/target/classes:/home/alex/Repositories/nifi/nifi-nar-bundles/nifi-extension-utils/nifi-record-utils/nifi-mock-record-utils/target/classes:/home/alex/Repositories/nifi/nifi-nar-bundles/nifi-standard-services/nifi-record-serialization-services-bundle/nifi-record-serialization-services/target/classes:/home/alex/.m2/repository/org/apache/commons/commons-csv/1.8/commons-csv-1.8.jar:/home/alex/.m2/repository/com/fasterxml/jackson/dataformat/jackson-dataformat-csv/2.12.3/jackson-dataformat-csv-2.12.3.jar:/home/alex/.m2/repository/net/java/dev/stax-utils/stax-utils/20070216/stax-utils-20070216.jar:/home/alex/Repositories/nifi/nifi-nar-bundles/nifi-standard-services/nifi-lookup-services-bundle/nifi-lookup-services/target/classes:/home/alex/.m2/repository/commons-beanutils/commons-beanutils/1.9.4/commons-beanutils-1.9.4.jar:/home/alex/.m2/repository/commons-collections/commons-collections/3.2.2/commons-collections-3.2.2.jar:/home/alex/.m2/repository/com/maxmind/geoip2/geoip2/2.12.0/geoip2-2.12.0.jar:/home/alex/.m2/repository/com/maxmind/db/maxmind-db/1.2.2/maxmind-db-1.2.2.jar:/home/alex/.m2/repository/org/apache/derby/derby/10.14.2.0/derby-10.14.2.0.jar:/home/alex/.m2/repository/org/xerial/snappy/snappy-java/1.1.7.3/snappy-java-1.1.7.3.jar:/home/alex/.m2/repository/net/lingala/zip4j/zip4j/2.8.0/zip4j-2.8.0.jar:/home/alex/.m2/repository/com/h2database/h2/1.4.187/h2-1.4.187.jar:/home/alex/.m2/repository/org/mockftpserver/MockFtpServer/2.7.1/MockFtpServer-2.7.1.jar:/home/alex/.m2/repository/org/apache/sshd/sshd-core/1.7.0/sshd-core-1.7.0.jar:/home/alex/.m2/repository/com/bazaarvoice/jolt/jolt-core/0.1.1/jolt-core-0.1.1.jar:/home/alex/.m2/repository/javax/inject/javax.inject/1/javax.inject-1.jar:/home/alex/.m2/repository/com/bazaarvoice/jolt/json-utils/0.1.1/json-utils-0.1.1.jar:/home/alex/Repositories/nifi/nifi-nar-bundles/nifi-standard-bundle/nifi-standard-utils/target/classes:/home/alex/.m2/repository/net/sf/supercsv/super-csv/2.4.0/super-csv-2.4.0.jar:/home/alex/.m2/repository/com/fluenda/parcefone/2.1.0/parcefone-2.1.0.jar:/home/alex/.m2/repository/javax/validation/validation-api/1.1.0.Final/validation-api-1.1.0.Final.jar:/home/alex/.m2/repository/javax/el/javax.el-api/3.0.0/javax.el-api-3.0.0.jar:/home/alex/.m2/repository/com/github/wnameless/json/json-flattener/0.12.0/json-flattener-0.12.0.jar:/home/alex/.m2/repository/com/github/wnameless/json/json-base/2.0.0/json-base-2.0.0.jar:/home/alex/.m2/repository/org/apache/bval/bval-jsr/1.1.2/bval-jsr-1.1.2.jar:/home/alex/.m2/repository/org/apache/bval/bval-core/1.1.2/bval-core-1.1.2.jar:/home/alex/.m2/repository/io/krakens/java-grok/0.1.9/java-grok-0.1.9.jar:/home/alex/.m2/repository/org/apache/calcite/calcite-core/1.27.0/calcite-core-1.27.0.jar:/home/alex/.m2/repository/org/apache/calcite/calcite-linq4j/1.27.0/calcite-linq4j-1.27.0.jar:/home/alex/.m2/repository/com/esri/geometry/esri-geometry-api/2.2.0/esri-geometry-api-2.2.0.jar:/home/alex/.m2/repository/org/apache/calcite/avatica/avatica-core/1.18.0/avatica-core-1.18.0.jar:/home/alex/.m2/repository/org/apache/calcite/avatica/avatica-metrics/1.18.0/avatica-metrics-1.18.0.jar:/home/alex/.m2/repository/com/google/protobuf/protobuf-java/3.6.1/protobuf-java-3.6.1.jar:/home/alex/.m2/repository/org/apiguardian/apiguardian-api/1.1.0/apiguardian-api-1.1.0.jar:/home/alex/.m2/repository/com/fasterxml/jackson/dataformat/jackson-dataformat-yaml/2.10.0/jackson-dataformat-yaml-2.10.0.jar:/home/alex/.m2/repository/org/yaml/snakeyaml/1.29/snakeyaml-1.29.jar:/home/alex/.m2/repository/com/google/uzaygezen/uzaygezen-core/0.2/uzaygezen-core-0.2.jar:/home/alex/.m2/repository/com/yahoo/datasketches/sketches-core/0.9.0/sketches-core-0.9.0.jar:/home/alex/.m2/repository/com/yahoo/datasketches/memory/0.9.0/memory-0.9.0.jar:/home/alex/.m2/repository/net/hydromatic/aggdesigner-algorithm/6.0/aggdesigner-algorithm-6.0.jar:/home/alex/.m2/repository/commons-lang/commons-lang/2.4/commons-lang-2.4.jar:/home/alex/.m2/repository/org/apache/commons/commons-dbcp2/2.6.0/commons-dbcp2-2.6.0.jar:/home/alex/.m2/repository/org/apache/commons/commons-pool2/2.6.1/commons-pool2-2.6.1.jar:/home/alex/.m2/repository/org/codehaus/janino/commons-compiler/3.0.11/commons-compiler-3.0.11.jar:/home/alex/.m2/repository/org/codehaus/janino/janino/3.0.11/janino-3.0.11.jar:/home/alex/Repositories/nifi/nifi-nar-bundles/nifi-standard-services/nifi-schema-registry-service-api/target/classes:/home/alex/Repositories/nifi/nifi-nar-bundles/nifi-extension-utils/nifi-database-utils/target/classes:/home/alex/Repositories/nifi/nifi-nar-bundles/nifi-standard-bundle/nifi-standard-web-test-utils/target/classes:/home/alex/.m2/repository/com/github/stefanbirkner/fake-sftp-server-rule/2.0.1/fake-sftp-server-rule-2.0.1.jar:/home/alex/.m2/repository/com/github/marschall/memoryfilesystem/2.8.0/memoryfilesystem-2.8.0.jar:/home/alex/.m2/repository/junit/junit/4.13.2/junit-4.13.2.jar:/home/alex/.m2/repository/org/hamcrest/hamcrest-core/1.3/hamcrest-core-1.3.jar:/home/alex/Repositories/nifi/nifi-nar-bundles/nifi-extension-utils/nifi-database-test-utils/target/classes:/home/alex/.m2/repository/org/codehaus/groovy/groovy-json/2.5.14/groovy-json-2.5.14.jar:/home/alex/.m2/repository/org/codehaus/groovy/groovy/2.5.14/groovy-2.5.14.jar:/home/alex/.m2/repository/org/codehaus/groovy/groovy-servlet/2.5.14/groovy-servlet-2.5.14.jar:/home/alex/.m2/repository/org/codehaus/groovy/groovy-templates/2.5.14/groovy-templates-2.5.14.jar:/home/alex/.m2/repository/org/codehaus/groovy/groovy-xml/2.5.14/groovy-xml-2.5.14.jar:/home/alex/.m2/repository/org/hamcrest/hamcrest-all/1.3/hamcrest-all-1.3.jar:/home/alex/.m2/repository/com/squareup/okhttp3/mockwebserver/4.9.2/mockwebserver-4.9.2.jar:/home/alex/.m2/repository/org/jetbrains/kotlin/kotlin-stdlib-jdk8/1.4.10/kotlin-stdlib-jdk8-1.4.10.jar:/home/alex/.m2/repository/org/jetbrains/kotlin/kotlin-stdlib-jdk7/1.4.10/kotlin-stdlib-jdk7-1.4.10.jar:/home/alex/.m2/repository/org/mockito/mockito-inline/3.12.4/mockito-inline-3.12.4.jar:/home/alex/.m2/repository/org/junit/jupiter/junit-jupiter-api/5.7.2/junit-jupiter-api-5.7.2.jar:/home/alex/.m2/repository/org/opentest4j/opentest4j/1.2.0/opentest4j-1.2.0.jar:/home/alex/.m2/repository/org/junit/platform/junit-platform-commons/1.7.2/junit-platform-commons-1.7.2.jar:/home/alex/.m2/repository/org/junit/jupiter/junit-jupiter-engine/5.7.2/junit-jupiter-engine-5.7.2.jar:/home/alex/.m2/repository/org/junit/platform/junit-platform-engine/1.7.2/junit-platform-engine-1.7.2.jar:/home/alex/.m2/repository/org/junit/vintage/junit-vintage-engine/5.7.2/junit-vintage-engine-5.7.2.jar:/home/alex/.m2/repository/org/junit/jupiter/junit-jupiter-params/5.7.2/junit-jupiter-params-5.7.2.jar:/home/alex/.m2/repository/org/mockito/mockito-core/3.11.2/mockito-core-3.11.2.jar:/home/alex/.m2/repository/net/bytebuddy/byte-buddy/1.11.3/byte-buddy-1.11.3.jar:/home/alex/.m2/repository/net/bytebuddy/byte-buddy-agent/1.11.3/byte-buddy-agent-1.11.3.jar:/home/alex/.m2/repository/org/objenesis/objenesis/3.2/objenesis-3.2.jar:/home/alex/.m2/repository/org/mockito/mockito-junit-jupiter/3.11.2/mockito-junit-jupiter-3.11.2.jar:/home/alex/.m2/repository/org/slf4j/slf4j-simple/1.7.32/slf4j-simple-1.7.32.jar:/home/alex/.m2/repository/org/codehaus/groovy/groovy-test/2.5.14/groovy-test-2.5.14.jar:"/>
    <property name="java.vm.vendor" value="Private Build"/>
    <property name="sun.arch.data.model" value="64"/>
    <property name="java.vendor.url" value="http://java.oracle.com/"/>
    <property name="user.timezone" value="Europe/Lisbon"/>
    <property name="java.vm.specification.version" value="1.8"/>
    <property name="os.name" value="Linux"/>
    <property name="user.country" value="US"/>
    <property name="sun.java.launcher" value="SUN_STANDARD"/>
    <property name="sun.boot.library.path" value="/usr/lib/jvm/java-8-openjdk-amd64/jre/lib/amd64"/>
    <property name="sun.java.command" value="/home/alex/Repositories/nifi/nifi-nar-bundles/nifi-standard-bundle/nifi-standard-processors/target/surefire/surefirebooter7866820466567195306.jar /home/alex/Repositories/nifi/nifi-nar-bundles/nifi-standard-bundle/nifi-standard-processors/target/surefire 2024-05-02T04-10-31_566-jvmRun1 surefire4673265509373402450tmp surefire_698223736570144472240tmp"/>
    <property name="surefire.test.class.path" value="/home/alex/Repositories/nifi/nifi-nar-bundles/nifi-standard-bundle/nifi-standard-processors/target/test-classes:/home/alex/Repositories/nifi/nifi-nar-bundles/nifi-standard-bundle/nifi-standard-processors/target/classes:/home/alex/.m2/repository/org/apache/ftpserver/ftpserver-core/1.1.1/ftpserver-core-1.1.1.jar:/home/alex/.m2/repository/org/apache/ftpserver/ftplet-api/1.1.1/ftplet-api-1.1.1.jar:/home/alex/.m2/repository/org/slf4j/slf4j-api/1.7.32/slf4j-api-1.7.32.jar:/home/alex/.m2/repository/org/apache/mina/mina-core/2.0.16/mina-core-2.0.16.jar:/home/alex/Repositories/nifi/nifi-api/target/classes:/home/alex/Repositories/nifi/nifi-commons/nifi-expression-language/target/classes:/home/alex/.m2/repository/org/antlr/antlr-runtime/3.5.2/antlr-runtime-3.5.2.jar:/home/alex/Repositories/nifi/nifi-commons/nifi-parameter/target/classes:/home/alex/Repositories/nifi/nifi-commons/nifi-uuid5/target/classes:/home/alex/.m2/repository/org/apache/commons/commons-text/1.8/commons-text-1.8.jar:/home/alex/Repositories/nifi/nifi-nar-bundles/nifi-extension-utils/nifi-processor-utils/target/classes:/home/alex/Repositories/nifi/nifi-commons/nifi-security-socket-ssl/target/classes:/home/alex/Repositories/nifi/nifi-nar-bundles/nifi-extension-utils/nifi-event-transport/target/classes:/home/alex/.m2/repository/io/netty/netty-handler/4.1.69.Final/netty-handler-4.1.69.Final.jar:/home/alex/.m2/repository/io/netty/netty-common/4.1.69.Final/netty-common-4.1.69.Final.jar:/home/alex/.m2/repository/io/netty/netty-resolver/4.1.69.Final/netty-resolver-4.1.69.Final.jar:/home/alex/.m2/repository/io/netty/netty-transport/4.1.69.Final/netty-transport-4.1.69.Final.jar:/home/alex/.m2/repository/io/netty/netty-codec/4.1.69.Final/netty-codec-4.1.69.Final.jar:/home/alex/Repositories/nifi/nifi-nar-bundles/nifi-extension-utils/nifi-syslog-utils/target/classes:/home/alex/.m2/repository/com/github/palindromicity/simple-syslog-5424/0.0.16/simple-syslog-5424-0.0.16.jar:/home/alex/.m2/repository/org/antlr/antlr4-runtime/4.7.2/antlr4-runtime-4.7.2.jar:/home/alex/Repositories/nifi/nifi-commons/nifi-utils/target/classes:/home/alex/Repositories/nifi/nifi-commons/nifi-record-path/target/classes:/home/alex/Repositories/nifi/nifi-commons/nifi-properties/target/classes:/home/alex/Repositories/nifi/nifi-commons/nifi-property-utils/target/classes:/home/alex/.m2/repository/com/github/ben-manes/caffeine/caffeine/2.8.1/caffeine-2.8.1.jar:/home/alex/Repositories/nifi/nifi-nar-bundles/nifi-standard-services/nifi-ssl-context-service-api/target/classes:/home/alex/Repositories/nifi/nifi-commons/nifi-security-utils-api/target/classes:/home/alex/Repositories/nifi/nifi-nar-bundles/nifi-standard-services/nifi-lookup-service-api/target/classes:/home/alex/Repositories/nifi/nifi-commons/nifi-flowfile-packager/target/classes:/home/alex/Repositories/nifi/nifi-nar-bundles/nifi-standard-services/nifi-distributed-cache-client-service-api/target/classes:/home/alex/Repositories/nifi/nifi-nar-bundles/nifi-standard-services/nifi-http-context-map-api/target/classes:/home/alex/Repositories/nifi/nifi-nar-bundles/nifi-standard-services/nifi-record-serialization-service-api/target/classes:/home/alex/Repositories/nifi/nifi-nar-bundles/nifi-standard-services/nifi-proxy-configuration-api/target/classes:/home/alex/Repositories/nifi/nifi-commons/nifi-record/target/classes:/home/alex/Repositories/nifi/nifi-nar-bundles/nifi-standard-services/nifi-record-sink-api/target/classes:/home/alex/.m2/repository/commons-io/commons-io/2.10.0/commons-io-2.10.0.jar:/home/alex/.m2/repository/javax/ws/rs/javax.ws.rs-api/2.1/javax.ws.rs-api-2.1.jar:/home/alex/.m2/repository/commons-net/commons-net/3.6/commons-net-3.6.jar:/home/alex/.m2/repository/org/apache/commons/commons-compress/1.21/commons-compress-1.21.jar:/home/alex/.m2/repository/org/apache/commons/commons-lang3/3.9/commons-lang3-3.9.jar:/home/alex/.m2/repository/org/bouncycastle/bcprov-jdk15on/1.69/bcprov-jdk15on-1.69.jar:/home/alex/.m2/repository/org/bouncycastle/bcpg-jdk15on/1.69/bcpg-jdk15on-1.69.jar:/home/alex/.m2/repository/org/bouncycastle/bcpkix-jdk15on/1.69/bcpkix-jdk15on-1.69.jar:/home/alex/.m2/repository/org/bouncycastle/bcutil-jdk15on/1.69/bcutil-jdk15on-1.69.jar:/home/alex/.m2/repository/commons-codec/commons-codec/1.14/commons-codec-1.14.jar:/home/alex/Repositories/nifi/nifi-commons/nifi-security-utils/target/classes:/home/alex/Repositories/nifi/nifi-commons/nifi-security-kms/target/classes:/home/alex/.m2/repository/org/apache/commons/commons-configuration2/2.7/commons-configuration2-2.7.jar:/home/alex/.m2/repository/com/hierynomus/sshj/0.32.0/sshj-0.32.0.jar:/home/alex/.m2/repository/com/jcraft/jzlib/1.1.3/jzlib-1.1.3.jar:/home/alex/.m2/repository/com/hierynomus/asn-one/0.6.0/asn-one-0.6.0.jar:/home/alex/.m2/repository/net/i2p/crypto/eddsa/0.3.0/eddsa-0.3.0.jar:/home/alex/.m2/repository/org/eclipse/jetty/jetty-server/9.4.44.v20210927/jetty-server-9.4.44.v20210927.jar:/home/alex/.m2/repository/javax/servlet/javax.servlet-api/3.1.0/javax.servlet-api-3.1.0.jar:/home/alex/.m2/repository/org/eclipse/jetty/jetty-http/9.4.44.v20210927/jetty-http-9.4.44.v20210927.jar:/home/alex/.m2/repository/org/eclipse/jetty/jetty-util/9.4.44.v20210927/jetty-util-9.4.44.v20210927.jar:/home/alex/.m2/repository/org/eclipse/jetty/jetty-io/9.4.44.v20210927/jetty-io-9.4.44.v20210927.jar:/home/alex/.m2/repository/org/eclipse/jetty/jetty-servlet/9.4.44.v20210927/jetty-servlet-9.4.44.v20210927.jar:/home/alex/.m2/repository/org/eclipse/jetty/jetty-security/9.4.44.v20210927/jetty-security-9.4.44.v20210927.jar:/home/alex/.m2/repository/org/eclipse/jetty/jetty-util-ajax/9.4.44.v20210927/jetty-util-ajax-9.4.44.v20210927.jar:/home/alex/.m2/repository/org/apache/httpcomponents/httpclient/4.5.5/httpclient-4.5.5.jar:/home/alex/.m2/repository/commons-logging/commons-logging/1.2/commons-logging-1.2.jar:/home/alex/.m2/repository/org/apache/httpcomponents/httpcore/4.4.9/httpcore-4.4.9.jar:/home/alex/.m2/repository/jakarta/activation/jakarta.activation-api/2.0.1/jakarta.activation-api-2.0.1.jar:/home/alex/.m2/repository/com/sun/activation/jakarta.activation/2.0.1/jakarta.activation-2.0.1.jar:/home/alex/.m2/repository/jakarta/mail/jakarta.mail-api/2.0.1/jakarta.mail-api-2.0.1.jar:/home/alex/.m2/repository/com/sun/mail/jakarta.mail/2.0.1/jakarta.mail-2.0.1.jar:/home/alex/.m2/repository/com/github/jponge/lzma-java/1.3/lzma-java-1.3.jar:/home/alex/.m2/repository/org/tukaani/xz/1.8/xz-1.8.jar:/home/alex/.m2/repository/net/sf/saxon/Saxon-HE/10.6/Saxon-HE-10.6.jar:/home/alex/Repositories/nifi/nifi-commons/nifi-socket-utils/target/classes:/home/alex/Repositories/nifi/nifi-commons/nifi-logging-utils/target/classes:/home/alex/Repositories/nifi/nifi-nar-bundles/nifi-standard-services/nifi-load-distribution-service-api/target/classes:/home/alex/.m2/repository/javax/jms/javax.jms-api/2.0.1/javax.jms-api-2.0.1.jar:/home/alex/.m2/repository/org/apache/activemq/activemq-client/5.15.15/activemq-client-5.15.15.jar:/home/alex/.m2/repository/org/apache/geronimo/specs/geronimo-jms_1.1_spec/1.1.1/geronimo-jms_1.1_spec-1.1.1.jar:/home/alex/.m2/repository/org/fusesource/hawtbuf/hawtbuf/1.11/hawtbuf-1.11.jar:/home/alex/.m2/repository/org/apache/geronimo/specs/geronimo-j2ee-management_1.1_spec/1.0.1/geronimo-j2ee-management_1.1_spec-1.0.1.jar:/home/alex/.m2/repository/com/jayway/jsonpath/json-path/2.6.0/json-path-2.6.0.jar:/home/alex/.m2/repository/net/minidev/json-smart/2.4.7/json-smart-2.4.7.jar:/home/alex/.m2/repository/net/minidev/accessors-smart/2.4.7/accessors-smart-2.4.7.jar:/home/alex/.m2/repository/org/ow2/asm/asm/9.1/asm-9.1.jar:/home/alex/.m2/repository/org/apache/tika/tika-core/1.26/tika-core-1.26.jar:/home/alex/.m2/repository/com/fasterxml/jackson/core/jackson-databind/2.12.3/jackson-databind-2.12.3.jar:/home/alex/.m2/repository/com/fasterxml/jackson/core/jackson-annotations/2.12.3/jackson-annotations-2.12.3.jar:/home/alex/.m2/repository/com/fasterxml/jackson/core/jackson-core/2.12.3/jackson-core-2.12.3.jar:/home/alex/Repositories/nifi/nifi-nar-bundles/nifi-extension-utils/nifi-record-utils/nifi-avro-record-utils/target/classes:/home/alex/Repositories/nifi/nifi-nar-bundles/nifi-extension-utils/nifi-record-utils/nifi-standard-record-utils/target/classes:/home/alex/.m2/repository/org/apache/avro/avro/1.8.1/avro-1.8.1.jar:/home/alex/.m2/repository/org/codehaus/jackson/jackson-core-asl/1.9.13/jackson-core-asl-1.9.13.jar:/home/alex/.m2/repository/org/codehaus/jackson/jackson-mapper-asl/1.9.13/jackson-mapper-asl-1.9.13.jar:/home/alex/.m2/repository/com/thoughtworks/paranamer/paranamer/2.7/paranamer-2.7.jar:/home/alex/Repositories/nifi/nifi-nar-bundles/nifi-standard-services/nifi-dbcp-service-api/target/classes:/home/alex/.m2/repository/com/squareup/okhttp3/okhttp/4.9.2/okhttp-4.9.2.jar:/home/alex/.m2/repository/com/squareup/okio/okio/2.8.0/okio-2.8.0.jar:/home/alex/.m2/repository/org/jetbrains/kotlin/kotlin-stdlib-common/1.4.0/kotlin-stdlib-common-1.4.0.jar:/home/alex/.m2/repository/org/jetbrains/kotlin/kotlin-stdlib/1.4.10/kotlin-stdlib-1.4.10.jar:/home/alex/.m2/repository/org/jetbrains/annotations/13.0/annotations-13.0.jar:/home/alex/.m2/repository/io/github/rburgst/okhttp-digest/2.5/okhttp-digest-2.5.jar:/home/alex/.m2/repository/at/favre/lib/bcrypt/0.9.0/bcrypt-0.9.0.jar:/home/alex/.m2/repository/at/favre/lib/bytes/1.3.0/bytes-1.3.0.jar:/home/alex/.m2/repository/com/google/guava/guava/28.0-jre/guava-28.0-jre.jar:/home/alex/.m2/repository/com/google/guava/failureaccess/1.0.1/failureaccess-1.0.1.jar:/home/alex/.m2/repository/com/google/guava/listenablefuture/9999.0-empty-to-avoid-conflict-with-guava/listenablefuture-9999.0-empty-to-avoid-conflict-with-guava.jar:/home/alex/.m2/repository/com/google/code/findbugs/jsr305/3.0.2/jsr305-3.0.2.jar:/home/alex/.m2/repository/org/checkerframework/checker-qual/2.8.1/checker-qual-2.8.1.jar:/home/alex/.m2/repository/com/google/errorprone/error_prone_annotations/2.3.2/error_prone_annotations-2.3.2.jar:/home/alex/.m2/repository/com/google/j2objc/j2objc-annotations/1.3/j2objc-annotations-1.3.jar:/home/alex/.m2/repository/org/codehaus/mojo/animal-sniffer-annotations/1.17/animal-sniffer-annotations-1.17.jar:/home/alex/Repositories/nifi/nifi-mock/target/classes:/home/alex/Repositories/nifi/nifi-framework-api/target/classes:/home/alex/Repositories/nifi/nifi-nar-bundles/nifi-framework-bundle/nifi-framework/nifi-framework-core-api/target/classes:/home/alex/Repositories/nifi/nifi-nar-bundles/nifi-framework-bundle/nifi-framework/nifi-framework-nar-utils/target/classes:/home/alex/Repositories/nifi/nifi-nar-bundles/nifi-framework-bundle/nifi-framework/nifi-client-dto/target/classes:/home/alex/.m2/repository/io/swagger/swagger-annotations/1.6.0/swagger-annotations-1.6.0.jar:/home/alex/Repositories/nifi/nifi-commons/nifi-site-to-site-client/target/classes:/home/alex/.m2/repository/org/apache/httpcomponents/httpasyncclient/4.1.4/httpasyncclient-4.1.4.jar:/home/alex/.m2/repository/org/apache/httpcomponents/httpcore-nio/4.4.10/httpcore-nio-4.4.10.jar:/home/alex/Repositories/nifi/nifi-nar-bundles/nifi-framework-bundle/nifi-framework/nifi-framework-authorization/target/classes:/home/alex/Repositories/nifi/nifi-registry/nifi-registry-core/nifi-registry-data-model/target/classes:/home/alex/Repositories/nifi/nifi-registry/nifi-registry-core/nifi-registry-revision/nifi-registry-revision-entity-model/target/classes:/home/alex/Repositories/nifi/nifi-registry/nifi-registry-core/nifi-registry-client/target/classes:/home/alex/Repositories/nifi/nifi-registry/nifi-registry-core/nifi-registry-security-utils/target/classes:/home/alex/.m2/repository/org/glassfish/jersey/core/jersey-client/2.33/jersey-client-2.33.jar:/home/alex/.m2/repository/jakarta/ws/rs/jakarta.ws.rs-api/2.1.6/jakarta.ws.rs-api-2.1.6.jar:/home/alex/.m2/repository/org/glassfish/hk2/external/jakarta.inject/2.6.1/jakarta.inject-2.6.1.jar:/home/alex/.m2/repository/org/glassfish/jersey/media/jersey-media-json-jackson/2.33/jersey-media-json-jackson-2.33.jar:/home/alex/.m2/repository/org/glassfish/jersey/ext/jersey-entity-filtering/2.33/jersey-entity-filtering-2.33.jar:/home/alex/.m2/repository/org/glassfish/jersey/inject/jersey-hk2/2.33/jersey-hk2-2.33.jar:/home/alex/.m2/repository/org/glassfish/hk2/hk2-locator/2.6.1/hk2-locator-2.6.1.jar:/home/alex/.m2/repository/org/glassfish/hk2/external/aopalliance-repackaged/2.6.1/aopalliance-repackaged-2.6.1.jar:/home/alex/.m2/repository/org/glassfish/hk2/hk2-api/2.6.1/hk2-api-2.6.1.jar:/home/alex/.m2/repository/org/glassfish/hk2/hk2-utils/2.6.1/hk2-utils-2.6.1.jar:/home/alex/.m2/repository/org/javassist/javassist/3.25.0-GA/javassist-3.25.0-GA.jar:/home/alex/.m2/repository/org/glassfish/jersey/core/jersey-common/2.33/jersey-common-2.33.jar:/home/alex/.m2/repository/jakarta/annotation/jakarta.annotation-api/1.3.5/jakarta.annotation-api-1.3.5.jar:/home/alex/.m2/repository/org/glassfish/hk2/osgi-resource-locator/1.0.3/osgi-resource-locator-1.0.3.jar:/home/alex/.m2/repository/org/glassfish/jersey/media/jersey-media-multipart/2.33/jersey-media-multipart-2.33.jar:/home/alex/.m2/repository/org/jvnet/mimepull/mimepull/1.9.13/mimepull-1.9.13.jar:/home/alex/Repositories/nifi/nifi-commons/nifi-data-provenance-utils/target/classes:/home/alex/Repositories/nifi/nifi-nar-bundles/nifi-standard-services/nifi-distributed-cache-services-bundle/nifi-distributed-cache-client-service/target/classes:/home/alex/Repositories/nifi/nifi-nar-bundles/nifi-standard-services/nifi-distributed-cache-services-bundle/nifi-distributed-cache-protocol/target/classes:/home/alex/.m2/repository/io/netty/netty-buffer/4.1.69.Final/netty-buffer-4.1.69.Final.jar:/home/alex/.m2/repository/com/google/http-client/google-http-client/1.28.0/google-http-client-1.28.0.jar:/home/alex/.m2/repository/io/opencensus/opencensus-api/0.18.0/opencensus-api-0.18.0.jar:/home/alex/.m2/repository/io/grpc/grpc-context/1.14.0/grpc-context-1.14.0.jar:/home/alex/.m2/repository/io/opencensus/opencensus-contrib-http-util/0.18.0/opencensus-contrib-http-util-0.18.0.jar:/home/alex/.m2/repository/org/apache/activemq/activemq-broker/5.15.14/activemq-broker-5.15.14.jar:/home/alex/.m2/repository/org/apache/activemq/activemq-openwire-legacy/5.15.14/activemq-openwire-legacy-5.15.14.jar:/home/alex/Repositories/nifi/nifi-nar-bundles/nifi-standard-services/nifi-ssl-context-bundle/nifi-ssl-context-service/target/classes:/home/alex/Repositories/nifi/nifi-nar-bundles/nifi-framework-bundle/nifi-framework/nifi-standard-prioritizers/target/classes:/home/alex/Repositories/nifi/nifi-nar-bundles/nifi-extension-utils/nifi-record-utils/nifi-mock-record-utils/target/classes:/home/alex/Repositories/nifi/nifi-nar-bundles/nifi-standard-services/nifi-record-serialization-services-bundle/nifi-record-serialization-services/target/classes:/home/alex/.m2/repository/org/apache/commons/commons-csv/1.8/commons-csv-1.8.jar:/home/alex/.m2/repository/com/fasterxml/jackson/dataformat/jackson-dataformat-csv/2.12.3/jackson-dataformat-csv-2.12.3.jar:/home/alex/.m2/repository/net/java/dev/stax-utils/stax-utils/20070216/stax-utils-20070216.jar:/home/alex/Repositories/nifi/nifi-nar-bundles/nifi-standard-services/nifi-lookup-services-bundle/nifi-lookup-services/target/classes:/home/alex/.m2/repository/commons-beanutils/commons-beanutils/1.9.4/commons-beanutils-1.9.4.jar:/home/alex/.m2/repository/commons-collections/commons-collections/3.2.2/commons-collections-3.2.2.jar:/home/alex/.m2/repository/com/maxmind/geoip2/geoip2/2.12.0/geoip2-2.12.0.jar:/home/alex/.m2/repository/com/maxmind/db/maxmind-db/1.2.2/maxmind-db-1.2.2.jar:/home/alex/.m2/repository/org/apache/derby/derby/10.14.2.0/derby-10.14.2.0.jar:/home/alex/.m2/repository/org/xerial/snappy/snappy-java/1.1.7.3/snappy-java-1.1.7.3.jar:/home/alex/.m2/repository/net/lingala/zip4j/zip4j/2.8.0/zip4j-2.8.0.jar:/home/alex/.m2/repository/com/h2database/h2/1.4.187/h2-1.4.187.jar:/home/alex/.m2/repository/org/mockftpserver/MockFtpServer/2.7.1/MockFtpServer-2.7.1.jar:/home/alex/.m2/repository/org/apache/sshd/sshd-core/1.7.0/sshd-core-1.7.0.jar:/home/alex/.m2/repository/com/bazaarvoice/jolt/jolt-core/0.1.1/jolt-core-0.1.1.jar:/home/alex/.m2/repository/javax/inject/javax.inject/1/javax.inject-1.jar:/home/alex/.m2/repository/com/bazaarvoice/jolt/json-utils/0.1.1/json-utils-0.1.1.jar:/home/alex/Repositories/nifi/nifi-nar-bundles/nifi-standard-bundle/nifi-standard-utils/target/classes:/home/alex/.m2/repository/net/sf/supercsv/super-csv/2.4.0/super-csv-2.4.0.jar:/home/alex/.m2/repository/com/fluenda/parcefone/2.1.0/parcefone-2.1.0.jar:/home/alex/.m2/repository/javax/validation/validation-api/1.1.0.Final/validation-api-1.1.0.Final.jar:/home/alex/.m2/repository/javax/el/javax.el-api/3.0.0/javax.el-api-3.0.0.jar:/home/alex/.m2/repository/com/github/wnameless/json/json-flattener/0.12.0/json-flattener-0.12.0.jar:/home/alex/.m2/repository/com/github/wnameless/json/json-base/2.0.0/json-base-2.0.0.jar:/home/alex/.m2/repository/org/apache/bval/bval-jsr/1.1.2/bval-jsr-1.1.2.jar:/home/alex/.m2/repository/org/apache/bval/bval-core/1.1.2/bval-core-1.1.2.jar:/home/alex/.m2/repository/io/krakens/java-grok/0.1.9/java-grok-0.1.9.jar:/home/alex/.m2/repository/org/apache/calcite/calcite-core/1.27.0/calcite-core-1.27.0.jar:/home/alex/.m2/repository/org/apache/calcite/calcite-linq4j/1.27.0/calcite-linq4j-1.27.0.jar:/home/alex/.m2/repository/com/esri/geometry/esri-geometry-api/2.2.0/esri-geometry-api-2.2.0.jar:/home/alex/.m2/repository/org/apache/calcite/avatica/avatica-core/1.18.0/avatica-core-1.18.0.jar:/home/alex/.m2/repository/org/apache/calcite/avatica/avatica-metrics/1.18.0/avatica-metrics-1.18.0.jar:/home/alex/.m2/repository/com/google/protobuf/protobuf-java/3.6.1/protobuf-java-3.6.1.jar:/home/alex/.m2/repository/org/apiguardian/apiguardian-api/1.1.0/apiguardian-api-1.1.0.jar:/home/alex/.m2/repository/com/fasterxml/jackson/dataformat/jackson-dataformat-yaml/2.10.0/jackson-dataformat-yaml-2.10.0.jar:/home/alex/.m2/repository/org/yaml/snakeyaml/1.29/snakeyaml-1.29.jar:/home/alex/.m2/repository/com/google/uzaygezen/uzaygezen-core/0.2/uzaygezen-core-0.2.jar:/home/alex/.m2/repository/com/yahoo/datasketches/sketches-core/0.9.0/sketches-core-0.9.0.jar:/home/alex/.m2/repository/com/yahoo/datasketches/memory/0.9.0/memory-0.9.0.jar:/home/alex/.m2/repository/net/hydromatic/aggdesigner-algorithm/6.0/aggdesigner-algorithm-6.0.jar:/home/alex/.m2/repository/commons-lang/commons-lang/2.4/commons-lang-2.4.jar:/home/alex/.m2/repository/org/apache/commons/commons-dbcp2/2.6.0/commons-dbcp2-2.6.0.jar:/home/alex/.m2/repository/org/apache/commons/commons-pool2/2.6.1/commons-pool2-2.6.1.jar:/home/alex/.m2/repository/org/codehaus/janino/commons-compiler/3.0.11/commons-compiler-3.0.11.jar:/home/alex/.m2/repository/org/codehaus/janino/janino/3.0.11/janino-3.0.11.jar:/home/alex/Repositories/nifi/nifi-nar-bundles/nifi-standard-services/nifi-schema-registry-service-api/target/classes:/home/alex/Repositories/nifi/nifi-nar-bundles/nifi-extension-utils/nifi-database-utils/target/classes:/home/alex/Repositories/nifi/nifi-nar-bundles/nifi-standard-bundle/nifi-standard-web-test-utils/target/classes:/home/alex/.m2/repository/com/github/stefanbirkner/fake-sftp-server-rule/2.0.1/fake-sftp-server-rule-2.0.1.jar:/home/alex/.m2/repository/com/github/marschall/memoryfilesystem/2.8.0/memoryfilesystem-2.8.0.jar:/home/alex/.m2/repository/junit/junit/4.13.2/junit-4.13.2.jar:/home/alex/.m2/repository/org/hamcrest/hamcrest-core/1.3/hamcrest-core-1.3.jar:/home/alex/Repositories/nifi/nifi-nar-bundles/nifi-extension-utils/nifi-database-test-utils/target/classes:/home/alex/.m2/repository/org/codehaus/groovy/groovy-json/2.5.14/groovy-json-2.5.14.jar:/home/alex/.m2/repository/org/codehaus/groovy/groovy/2.5.14/groovy-2.5.14.jar:/home/alex/.m2/repository/org/codehaus/groovy/groovy-servlet/2.5.14/groovy-servlet-2.5.14.jar:/home/alex/.m2/repository/org/codehaus/groovy/groovy-templates/2.5.14/groovy-templates-2.5.14.jar:/home/alex/.m2/repository/org/codehaus/groovy/groovy-xml/2.5.14/groovy-xml-2.5.14.jar:/home/alex/.m2/repository/org/hamcrest/hamcrest-all/1.3/hamcrest-all-1.3.jar:/home/alex/.m2/repository/com/squareup/okhttp3/mockwebserver/4.9.2/mockwebserver-4.9.2.jar:/home/alex/.m2/repository/org/jetbrains/kotlin/kotlin-stdlib-jdk8/1.4.10/kotlin-stdlib-jdk8-1.4.10.jar:/home/alex/.m2/repository/org/jetbrains/kotlin/kotlin-stdlib-jdk7/1.4.10/kotlin-stdlib-jdk7-1.4.10.jar:/home/alex/.m2/repository/org/mockito/mockito-inline/3.12.4/mockito-inline-3.12.4.jar:/home/alex/.m2/repository/org/junit/jupiter/junit-jupiter-api/5.7.2/junit-jupiter-api-5.7.2.jar:/home/alex/.m2/repository/org/opentest4j/opentest4j/1.2.0/opentest4j-1.2.0.jar:/home/alex/.m2/repository/org/junit/platform/junit-platform-commons/1.7.2/junit-platform-commons-1.7.2.jar:/home/alex/.m2/repository/org/junit/jupiter/junit-jupiter-engine/5.7.2/junit-jupiter-engine-5.7.2.jar:/home/alex/.m2/repository/org/junit/platform/junit-platform-engine/1.7.2/junit-platform-engine-1.7.2.jar:/home/alex/.m2/repository/org/junit/vintage/junit-vintage-engine/5.7.2/junit-vintage-engine-5.7.2.jar:/home/alex/.m2/repository/org/junit/jupiter/junit-jupiter-params/5.7.2/junit-jupiter-params-5.7.2.jar:/home/alex/.m2/repository/org/mockito/mockito-core/3.11.2/mockito-core-3.11.2.jar:/home/alex/.m2/repository/net/bytebuddy/byte-buddy/1.11.3/byte-buddy-1.11.3.jar:/home/alex/.m2/repository/net/bytebuddy/byte-buddy-agent/1.11.3/byte-buddy-agent-1.11.3.jar:/home/alex/.m2/repository/org/objenesis/objenesis/3.2/objenesis-3.2.jar:/home/alex/.m2/repository/org/mockito/mockito-junit-jupiter/3.11.2/mockito-junit-jupiter-3.11.2.jar:/home/alex/.m2/repository/org/slf4j/slf4j-simple/1.7.32/slf4j-simple-1.7.32.jar:/home/alex/.m2/repository/org/codehaus/groovy/groovy-test/2.5.14/groovy-test-2.5.14.jar:"/>
    <property name="sun.cpu.endian" value="little"/>
    <property name="user.home" value="/home/alex"/>
    <property name="user.language" value="en"/>
    <property name="java.specification.vendor" value="Oracle Corporation"/>
    <property name="java.home" value="/usr/lib/jvm/java-8-openjdk-amd64/jre"/>
    <property name="basedir" value="/home/alex/Repositories/nifi/nifi-nar-bundles/nifi-standard-bundle/nifi-standard-processors"/>
    <property name="file.separator" value="/"/>
    <property name="line.separator" value="&#10;"/>
    <property name="java.vm.specification.vendor" value="Oracle Corporation"/>
    <property name="java.specification.name" value="Java Platform API Specification"/>
    <property name="derby.stream.error.file" value="target/derby.log"/>
    <property name="java.awt.graphicsenv" value="sun.awt.X11GraphicsEnvironment"/>
    <property name="java.awt.headless" value="true"/>
    <property name="surefire.real.class.path" value="/home/alex/Repositories/nifi/nifi-nar-bundles/nifi-standard-bundle/nifi-standard-processors/target/surefire/surefirebooter7866820466567195306.jar"/>
    <property name="sun.boot.class.path" value="/usr/lib/jvm/java-8-openjdk-amd64/jre/lib/resources.jar:/usr/lib/jvm/java-8-openjdk-amd64/jre/lib/rt.jar:/usr/lib/jvm/java-8-openjdk-amd64/jre/lib/sunrsasign.jar:/usr/lib/jvm/java-8-openjdk-amd64/jre/lib/jsse.jar:/usr/lib/jvm/java-8-openjdk-amd64/jre/lib/jce.jar:/usr/lib/jvm/java-8-openjdk-amd64/jre/lib/charsets.jar:/usr/lib/jvm/java-8-openjdk-amd64/jre/lib/jfr.jar:/usr/lib/jvm/java-8-openjdk-amd64/jre/classes"/>
    <property name="sun.management.compiler" value="HotSpot 64-Bit Tiered Compilers"/>
    <property name="java.runtime.version" value="1.8.0_402-8u402-ga-2ubuntu1~22.04-b06"/>
    <property name="java.net.preferIPv4Stack" value="true"/>
    <property name="user.name" value="alex"/>
    <property name="path.separator" value=":"/>
    <property name="os.version" value="6.5.0-28-generic"/>
    <property name="java.endorsed.dirs" value="/usr/lib/jvm/java-8-openjdk-amd64/jre/lib/endorsed"/>
    <property name="java.runtime.name" value="OpenJDK Runtime Environment"/>
    <property name="file.encoding" value="UTF-8"/>
    <property name="sun.nio.ch.bugLevel" value=""/>
    <property name="java.vm.name" value="OpenJDK 64-Bit Server VM"/>
    <property name="localRepository" value="/home/alex/.m2/repository"/>
    <property name="java.vendor.url.bug" value="http://bugreport.sun.com/bugreport/"/>
    <property name="java.io.tmpdir" value="/tmp"/>
    <property name="java.version" value="1.8.0_402"/>
    <property name="user.dir" value="/home/alex/Repositories/nifi/nifi-nar-bundles/nifi-standard-bundle/nifi-standard-processors"/>
    <property name="os.arch" value="amd64"/>
    <property name="java.vm.specification.name" value="Java Virtual Machine Specification"/>
    <property name="java.awt.printerjob" value="sun.print.PSPrinterJob"/>
    <property name="sun.os.patch.level" value="unknown"/>
    <property name="java.library.path" value="/usr/java/packages/lib/amd64:/usr/lib/x86_64-linux-gnu/jni:/lib/x86_64-linux-gnu:/usr/lib/x86_64-linux-gnu:/usr/lib/jni:/lib:/usr/lib"/>
    <property name="java.vm.info" value="mixed mode"/>
    <property name="java.vendor" value="Private Build"/>
    <property name="java.vm.version" value="25.402-b06"/>
    <property name="java.specification.maintenance.version" value="5"/>
    <property name="java.ext.dirs" value="/usr/lib/jvm/java-8-openjdk-amd64/jre/lib/ext:/usr/java/packages/lib/ext"/>
    <property name="sun.io.unicode.encoding" value="UnicodeLittle"/>
    <property name="java.class.version" value="52.0"/>
  </properties>
  <testcase name="testFileCountRate" classname="org.apache.nifi.processors.standard.TestControlRate" time="1.109">
    <system-err><![CDATA[[pool-139-thread-1] INFO org.apache.nifi.processors.standard.ControlRate - ControlRate[id=c32296ba-8d7a-40c8-be67-0ee2a8b010c6] transferring FlowFile[0,100304358124403.mockFlowFile,11B] to 'success'
[pool-139-thread-1] INFO org.apache.nifi.processors.standard.ControlRate - ControlRate[id=c32296ba-8d7a-40c8-be67-0ee2a8b010c6] transferring FlowFile[1,100304358176393.mockFlowFile,11B] to 'success'
[pool-139-thread-1] INFO org.apache.nifi.processors.standard.ControlRate - ControlRate[id=c32296ba-8d7a-40c8-be67-0ee2a8b010c6] transferring FlowFile[2,100304358205462.mockFlowFile,11B] to 'success'
[pool-141-thread-1] INFO org.apache.nifi.processors.standard.ControlRate - ControlRate[id=c32296ba-8d7a-40c8-be67-0ee2a8b010c6] transferring FlowFile[3,100304358227846.mockFlowFile,11B] to 'success'
]]></system-err>
  </testcase>
  <testcase name="testDataSizeRate" classname="org.apache.nifi.processors.standard.TestControlRate" time="1.104">
    <system-err><![CDATA[[pool-142-thread-1] INFO org.apache.nifi.processors.standard.ControlRate - ControlRate[id=9e63af79-7b73-4a6f-86f2-2ecf9acbedbd] transferring FlowFile[0,100305465426864.mockFlowFile,10B] to 'success'
[pool-142-thread-1] INFO org.apache.nifi.processors.standard.ControlRate - ControlRate[id=9e63af79-7b73-4a6f-86f2-2ecf9acbedbd] transferring FlowFile[1,100305465468974.mockFlowFile,10B] to 'success'
[pool-144-thread-1] INFO org.apache.nifi.processors.standard.ControlRate - ControlRate[id=9e63af79-7b73-4a6f-86f2-2ecf9acbedbd] transferring FlowFile[2,100305465491425.mockFlowFile,10B] to 'success'
[pool-144-thread-1] INFO org.apache.nifi.processors.standard.ControlRate - ControlRate[id=9e63af79-7b73-4a6f-86f2-2ecf9acbedbd] transferring FlowFile[3,100305465511136.mockFlowFile,10B] to 'success'
]]></system-err>
  </testcase>
  <testcase name="testBatchLimit" classname="org.apache.nifi.processors.standard.TestControlRate" time="0.072">
    <system-err><![CDATA[[pool-145-thread-1] INFO org.apache.nifi.processors.standard.ControlRate - ControlRate[id=3ebd9ee5-9dcf-418a-9e48-9d80743d83f4] transferring FlowFile[0,100306569857937.mockFlowFile,11B] to 'success'
[pool-145-thread-1] INFO org.apache.nifi.processors.standard.ControlRate - ControlRate[id=3ebd9ee5-9dcf-418a-9e48-9d80743d83f4] transferring FlowFile[1,100306569945246.mockFlowFile,11B] to 'success'
[pool-145-thread-1] INFO org.apache.nifi.processors.standard.ControlRate - ControlRate[id=3ebd9ee5-9dcf-418a-9e48-9d80743d83f4] transferring FlowFile[2,100306569996936.mockFlowFile,11B] to 'success'
[pool-145-thread-1] INFO org.apache.nifi.processors.standard.ControlRate - ControlRate[id=3ebd9ee5-9dcf-418a-9e48-9d80743d83f4] transferring FlowFile[3,100306570035041.mockFlowFile,11B] to 'success'
[pool-145-thread-1] INFO org.apache.nifi.processors.standard.ControlRate - ControlRate[id=3ebd9ee5-9dcf-418a-9e48-9d80743d83f4] transferring FlowFile[4,100306570080262.mockFlowFile,11B] to 'success'
[pool-145-thread-1] INFO org.apache.nifi.processors.standard.ControlRate - ControlRate[id=3ebd9ee5-9dcf-418a-9e48-9d80743d83f4] transferring FlowFile[5,100306570121614.mockFlowFile,11B] to 'success'
[pool-145-thread-1] INFO org.apache.nifi.processors.standard.ControlRate - ControlRate[id=3ebd9ee5-9dcf-418a-9e48-9d80743d83f4] transferring FlowFile[6,100306570157639.mockFlowFile,11B] to 'success'
[pool-145-thread-1] INFO org.apache.nifi.processors.standard.ControlRate - ControlRate[id=3ebd9ee5-9dcf-418a-9e48-9d80743d83f4] transferring FlowFile[7,100306570206845.mockFlowFile,11B] to 'success'
[pool-145-thread-1] INFO org.apache.nifi.processors.standard.ControlRate - ControlRate[id=3ebd9ee5-9dcf-418a-9e48-9d80743d83f4] transferring FlowFile[8,100306570226037.mockFlowFile,11B] to 'success'
[pool-145-thread-1] INFO org.apache.nifi.processors.standard.ControlRate - ControlRate[id=3ebd9ee5-9dcf-418a-9e48-9d80743d83f4] transferring FlowFile[9,100306570243721.mockFlowFile,11B] to 'success'
[pool-145-thread-1] INFO org.apache.nifi.processors.standard.ControlRate - ControlRate[id=3ebd9ee5-9dcf-418a-9e48-9d80743d83f4] transferring FlowFile[10,100306570260371.mockFlowFile,12B] to 'success'
[pool-145-thread-1] INFO org.apache.nifi.processors.standard.ControlRate - ControlRate[id=3ebd9ee5-9dcf-418a-9e48-9d80743d83f4] transferring FlowFile[11,100306570276471.mockFlowFile,12B] to 'success'
[pool-145-thread-1] INFO org.apache.nifi.processors.standard.ControlRate - ControlRate[id=3ebd9ee5-9dcf-418a-9e48-9d80743d83f4] transferring FlowFile[12,100306570292678.mockFlowFile,12B] to 'success'
[pool-145-thread-1] INFO org.apache.nifi.processors.standard.ControlRate - ControlRate[id=3ebd9ee5-9dcf-418a-9e48-9d80743d83f4] transferring FlowFile[13,100306570308893.mockFlowFile,12B] to 'success'
[pool-145-thread-1] INFO org.apache.nifi.processors.standard.ControlRate - ControlRate[id=3ebd9ee5-9dcf-418a-9e48-9d80743d83f4] transferring FlowFile[14,100306570325033.mockFlowFile,12B] to 'success'
[pool-145-thread-1] INFO org.apache.nifi.processors.standard.ControlRate - ControlRate[id=3ebd9ee5-9dcf-418a-9e48-9d80743d83f4] transferring FlowFile[15,100306570347473.mockFlowFile,12B] to 'success'
[pool-145-thread-1] INFO org.apache.nifi.processors.standard.ControlRate - ControlRate[id=3ebd9ee5-9dcf-418a-9e48-9d80743d83f4] transferring FlowFile[16,100306570364012.mockFlowFile,12B] to 'success'
[pool-145-thread-1] INFO org.apache.nifi.processors.standard.ControlRate - ControlRate[id=3ebd9ee5-9dcf-418a-9e48-9d80743d83f4] transferring FlowFile[17,100306570380559.mockFlowFile,12B] to 'success'
[pool-145-thread-1] INFO org.apache.nifi.processors.standard.ControlRate - ControlRate[id=3ebd9ee5-9dcf-418a-9e48-9d80743d83f4] transferring FlowFile[18,100306570395690.mockFlowFile,12B] to 'success'
[pool-145-thread-1] INFO org.apache.nifi.processors.standard.ControlRate - ControlRate[id=3ebd9ee5-9dcf-418a-9e48-9d80743d83f4] transferring FlowFile[19,100306570412071.mockFlowFile,12B] to 'success'
[pool-145-thread-1] INFO org.apache.nifi.processors.standard.ControlRate - ControlRate[id=3ebd9ee5-9dcf-418a-9e48-9d80743d83f4] transferring FlowFile[20,100306570428647.mockFlowFile,12B] to 'success'
[pool-145-thread-1] INFO org.apache.nifi.processors.standard.ControlRate - ControlRate[id=3ebd9ee5-9dcf-418a-9e48-9d80743d83f4] transferring FlowFile[21,100306570443816.mockFlowFile,12B] to 'success'
[pool-145-thread-1] INFO org.apache.nifi.processors.standard.ControlRate - ControlRate[id=3ebd9ee5-9dcf-418a-9e48-9d80743d83f4] transferring FlowFile[22,100306570462745.mockFlowFile,12B] to 'success'
[pool-145-thread-1] INFO org.apache.nifi.processors.standard.ControlRate - ControlRate[id=3ebd9ee5-9dcf-418a-9e48-9d80743d83f4] transferring FlowFile[23,100306570482770.mockFlowFile,12B] to 'success'
[pool-145-thread-1] INFO org.apache.nifi.processors.standard.ControlRate - ControlRate[id=3ebd9ee5-9dcf-418a-9e48-9d80743d83f4] transferring FlowFile[24,100306570499831.mockFlowFile,12B] to 'success'
[pool-145-thread-1] INFO org.apache.nifi.processors.standard.ControlRate - ControlRate[id=3ebd9ee5-9dcf-418a-9e48-9d80743d83f4] transferring FlowFile[25,100306570515700.mockFlowFile,12B] to 'success'
[pool-145-thread-1] INFO org.apache.nifi.processors.standard.ControlRate - ControlRate[id=3ebd9ee5-9dcf-418a-9e48-9d80743d83f4] transferring FlowFile[26,100306570530677.mockFlowFile,12B] to 'success'
[pool-145-thread-1] INFO org.apache.nifi.processors.standard.ControlRate - ControlRate[id=3ebd9ee5-9dcf-418a-9e48-9d80743d83f4] transferring FlowFile[27,100306570546531.mockFlowFile,12B] to 'success'
[pool-145-thread-1] INFO org.apache.nifi.processors.standard.ControlRate - ControlRate[id=3ebd9ee5-9dcf-418a-9e48-9d80743d83f4] transferring FlowFile[28,100306570562064.mockFlowFile,12B] to 'success'
[pool-145-thread-1] INFO org.apache.nifi.processors.standard.ControlRate - ControlRate[id=3ebd9ee5-9dcf-418a-9e48-9d80743d83f4] transferring FlowFile[29,100306570578236.mockFlowFile,12B] to 'success'
[pool-145-thread-1] INFO org.apache.nifi.processors.standard.ControlRate - ControlRate[id=3ebd9ee5-9dcf-418a-9e48-9d80743d83f4] transferring FlowFile[30,100306570595831.mockFlowFile,12B] to 'success'
[pool-145-thread-1] INFO org.apache.nifi.processors.standard.ControlRate - ControlRate[id=3ebd9ee5-9dcf-418a-9e48-9d80743d83f4] transferring FlowFile[31,100306570615839.mockFlowFile,12B] to 'success'
[pool-145-thread-1] INFO org.apache.nifi.processors.standard.ControlRate - ControlRate[id=3ebd9ee5-9dcf-418a-9e48-9d80743d83f4] transferring FlowFile[32,100306570632548.mockFlowFile,12B] to 'success'
[pool-145-thread-1] INFO org.apache.nifi.processors.standard.ControlRate - ControlRate[id=3ebd9ee5-9dcf-418a-9e48-9d80743d83f4] transferring FlowFile[33,100306570648077.mockFlowFile,12B] to 'success'
[pool-145-thread-1] INFO org.apache.nifi.processors.standard.ControlRate - ControlRate[id=3ebd9ee5-9dcf-418a-9e48-9d80743d83f4] transferring FlowFile[34,100306570677024.mockFlowFile,12B] to 'success'
[pool-145-thread-1] INFO org.apache.nifi.processors.standard.ControlRate - ControlRate[id=3ebd9ee5-9dcf-418a-9e48-9d80743d83f4] transferring FlowFile[35,100306570695017.mockFlowFile,12B] to 'success'
[pool-145-thread-1] INFO org.apache.nifi.processors.standard.ControlRate - ControlRate[id=3ebd9ee5-9dcf-418a-9e48-9d80743d83f4] transferring FlowFile[36,100306570710359.mockFlowFile,12B] to 'success'
[pool-145-thread-1] INFO org.apache.nifi.processors.standard.ControlRate - ControlRate[id=3ebd9ee5-9dcf-418a-9e48-9d80743d83f4] transferring FlowFile[37,100306570752227.mockFlowFile,12B] to 'success'
[pool-145-thread-1] INFO org.apache.nifi.processors.standard.ControlRate - ControlRate[id=3ebd9ee5-9dcf-418a-9e48-9d80743d83f4] transferring FlowFile[38,100306570787146.mockFlowFile,12B] to 'success'
[pool-145-thread-1] INFO org.apache.nifi.processors.standard.ControlRate - ControlRate[id=3ebd9ee5-9dcf-418a-9e48-9d80743d83f4] transferring FlowFile[39,100306570822135.mockFlowFile,12B] to 'success'
[pool-145-thread-1] INFO org.apache.nifi.processors.standard.ControlRate - ControlRate[id=3ebd9ee5-9dcf-418a-9e48-9d80743d83f4] transferring FlowFile[40,100306570851656.mockFlowFile,12B] to 'success'
[pool-145-thread-1] INFO org.apache.nifi.processors.standard.ControlRate - ControlRate[id=3ebd9ee5-9dcf-418a-9e48-9d80743d83f4] transferring FlowFile[41,100306570867000.mockFlowFile,12B] to 'success'
[pool-145-thread-1] INFO org.apache.nifi.processors.standard.ControlRate - ControlRate[id=3ebd9ee5-9dcf-418a-9e48-9d80743d83f4] transferring FlowFile[42,100306570884831.mockFlowFile,12B] to 'success'
[pool-145-thread-1] INFO org.apache.nifi.processors.standard.ControlRate - ControlRate[id=3ebd9ee5-9dcf-418a-9e48-9d80743d83f4] transferring FlowFile[43,100306570901116.mockFlowFile,12B] to 'success'
[pool-145-thread-1] INFO org.apache.nifi.processors.standard.ControlRate - ControlRate[id=3ebd9ee5-9dcf-418a-9e48-9d80743d83f4] transferring FlowFile[44,100306570917589.mockFlowFile,12B] to 'success'
[pool-145-thread-1] INFO org.apache.nifi.processors.standard.ControlRate - ControlRate[id=3ebd9ee5-9dcf-418a-9e48-9d80743d83f4] transferring FlowFile[45,100306570933585.mockFlowFile,12B] to 'success'
[pool-145-thread-1] INFO org.apache.nifi.processors.standard.ControlRate - ControlRate[id=3ebd9ee5-9dcf-418a-9e48-9d80743d83f4] transferring FlowFile[46,100306570949192.mockFlowFile,12B] to 'success'
[pool-145-thread-1] INFO org.apache.nifi.processors.standard.ControlRate - ControlRate[id=3ebd9ee5-9dcf-418a-9e48-9d80743d83f4] transferring FlowFile[47,100306570969586.mockFlowFile,12B] to 'success'
[pool-145-thread-1] INFO org.apache.nifi.processors.standard.ControlRate - ControlRate[id=3ebd9ee5-9dcf-418a-9e48-9d80743d83f4] transferring FlowFile[48,100306570985543.mockFlowFile,12B] to 'success'
[pool-145-thread-1] INFO org.apache.nifi.processors.standard.ControlRate - ControlRate[id=3ebd9ee5-9dcf-418a-9e48-9d80743d83f4] transferring FlowFile[49,100306571003122.mockFlowFile,12B] to 'success'
[pool-145-thread-1] INFO org.apache.nifi.processors.standard.ControlRate - ControlRate[id=3ebd9ee5-9dcf-418a-9e48-9d80743d83f4] transferring FlowFile[50,100306571019587.mockFlowFile,12B] to 'success'
[pool-145-thread-1] INFO org.apache.nifi.processors.standard.ControlRate - ControlRate[id=3ebd9ee5-9dcf-418a-9e48-9d80743d83f4] transferring FlowFile[51,100306571034519.mockFlowFile,12B] to 'success'
[pool-145-thread-1] INFO org.apache.nifi.processors.standard.ControlRate - ControlRate[id=3ebd9ee5-9dcf-418a-9e48-9d80743d83f4] transferring FlowFile[52,100306571050455.mockFlowFile,12B] to 'success'
[pool-145-thread-1] INFO org.apache.nifi.processors.standard.ControlRate - ControlRate[id=3ebd9ee5-9dcf-418a-9e48-9d80743d83f4] transferring FlowFile[53,100306571065512.mockFlowFile,12B] to 'success'
[pool-145-thread-1] INFO org.apache.nifi.processors.standard.ControlRate - ControlRate[id=3ebd9ee5-9dcf-418a-9e48-9d80743d83f4] transferring FlowFile[54,100306571081794.mockFlowFile,12B] to 'success'
[pool-145-thread-1] INFO org.apache.nifi.processors.standard.ControlRate - ControlRate[id=3ebd9ee5-9dcf-418a-9e48-9d80743d83f4] transferring FlowFile[55,100306571101743.mockFlowFile,12B] to 'success'
[pool-145-thread-1] INFO org.apache.nifi.processors.standard.ControlRate - ControlRate[id=3ebd9ee5-9dcf-418a-9e48-9d80743d83f4] transferring FlowFile[56,100306571117857.mockFlowFile,12B] to 'success'
[pool-145-thread-1] INFO org.apache.nifi.processors.standard.ControlRate - ControlRate[id=3ebd9ee5-9dcf-418a-9e48-9d80743d83f4] transferring FlowFile[57,100306571133627.mockFlowFile,12B] to 'success'
[pool-145-thread-1] INFO org.apache.nifi.processors.standard.ControlRate - ControlRate[id=3ebd9ee5-9dcf-418a-9e48-9d80743d83f4] transferring FlowFile[58,100306571173208.mockFlowFile,12B] to 'success'
[pool-145-thread-1] INFO org.apache.nifi.processors.standard.ControlRate - ControlRate[id=3ebd9ee5-9dcf-418a-9e48-9d80743d83f4] transferring FlowFile[59,100306571208921.mockFlowFile,12B] to 'success'
[pool-145-thread-1] INFO org.apache.nifi.processors.standard.ControlRate - ControlRate[id=3ebd9ee5-9dcf-418a-9e48-9d80743d83f4] transferring FlowFile[60,100306571238442.mockFlowFile,12B] to 'success'
[pool-145-thread-1] INFO org.apache.nifi.processors.standard.ControlRate - ControlRate[id=3ebd9ee5-9dcf-418a-9e48-9d80743d83f4] transferring FlowFile[61,100306571267099.mockFlowFile,12B] to 'success'
[pool-145-thread-1] INFO org.apache.nifi.processors.standard.ControlRate - ControlRate[id=3ebd9ee5-9dcf-418a-9e48-9d80743d83f4] transferring FlowFile[62,100306571284530.mockFlowFile,12B] to 'success'
[pool-145-thread-1] INFO org.apache.nifi.processors.standard.ControlRate - ControlRate[id=3ebd9ee5-9dcf-418a-9e48-9d80743d83f4] transferring FlowFile[63,100306571310660.mockFlowFile,12B] to 'success'
[pool-145-thread-1] INFO org.apache.nifi.processors.standard.ControlRate - ControlRate[id=3ebd9ee5-9dcf-418a-9e48-9d80743d83f4] transferring FlowFile[64,100306571328069.mockFlowFile,12B] to 'success'
[pool-145-thread-1] INFO org.apache.nifi.processors.standard.ControlRate - ControlRate[id=3ebd9ee5-9dcf-418a-9e48-9d80743d83f4] transferring FlowFile[65,100306571343447.mockFlowFile,12B] to 'success'
[pool-145-thread-1] INFO org.apache.nifi.processors.standard.ControlRate - ControlRate[id=3ebd9ee5-9dcf-418a-9e48-9d80743d83f4] transferring FlowFile[66,100306571361426.mockFlowFile,12B] to 'success'
[pool-145-thread-1] INFO org.apache.nifi.processors.standard.ControlRate - ControlRate[id=3ebd9ee5-9dcf-418a-9e48-9d80743d83f4] transferring FlowFile[67,100306571379486.mockFlowFile,12B] to 'success'
[pool-145-thread-1] INFO org.apache.nifi.processors.standard.ControlRate - ControlRate[id=3ebd9ee5-9dcf-418a-9e48-9d80743d83f4] transferring FlowFile[68,100306571394257.mockFlowFile,12B] to 'success'
[pool-145-thread-1] INFO org.apache.nifi.processors.standard.ControlRate - ControlRate[id=3ebd9ee5-9dcf-418a-9e48-9d80743d83f4] transferring FlowFile[69,100306571409672.mockFlowFile,12B] to 'success'
[pool-145-thread-1] INFO org.apache.nifi.processors.standard.ControlRate - ControlRate[id=3ebd9ee5-9dcf-418a-9e48-9d80743d83f4] transferring FlowFile[70,100306571424909.mockFlowFile,12B] to 'success'
[pool-145-thread-1] INFO org.apache.nifi.processors.standard.ControlRate - ControlRate[id=3ebd9ee5-9dcf-418a-9e48-9d80743d83f4] transferring FlowFile[71,100306571444240.mockFlowFile,12B] to 'success'
[pool-145-thread-1] INFO org.apache.nifi.processors.standard.ControlRate - ControlRate[id=3ebd9ee5-9dcf-418a-9e48-9d80743d83f4] transferring FlowFile[72,100306571484919.mockFlowFile,12B] to 'success'
[pool-145-thread-1] INFO org.apache.nifi.processors.standard.ControlRate - ControlRate[id=3ebd9ee5-9dcf-418a-9e48-9d80743d83f4] transferring FlowFile[73,100306571518371.mockFlowFile,12B] to 'success'
[pool-145-thread-1] INFO org.apache.nifi.processors.standard.ControlRate - ControlRate[id=3ebd9ee5-9dcf-418a-9e48-9d80743d83f4] transferring FlowFile[74,100306571547222.mockFlowFile,12B] to 'success'
[pool-145-thread-1] INFO org.apache.nifi.processors.standard.ControlRate - ControlRate[id=3ebd9ee5-9dcf-418a-9e48-9d80743d83f4] transferring FlowFile[75,100306571575355.mockFlowFile,12B] to 'success'
[pool-145-thread-1] INFO org.apache.nifi.processors.standard.ControlRate - ControlRate[id=3ebd9ee5-9dcf-418a-9e48-9d80743d83f4] transferring FlowFile[76,100306571589629.mockFlowFile,12B] to 'success'
[pool-145-thread-1] INFO org.apache.nifi.processors.standard.ControlRate - ControlRate[id=3ebd9ee5-9dcf-418a-9e48-9d80743d83f4] transferring FlowFile[77,100306571636664.mockFlowFile,12B] to 'success'
[pool-145-thread-1] INFO org.apache.nifi.processors.standard.ControlRate - ControlRate[id=3ebd9ee5-9dcf-418a-9e48-9d80743d83f4] transferring FlowFile[78,100306571670593.mockFlowFile,12B] to 'success'
[pool-145-thread-1] INFO org.apache.nifi.processors.standard.ControlRate - ControlRate[id=3ebd9ee5-9dcf-418a-9e48-9d80743d83f4] transferring FlowFile[79,100306571691926.mockFlowFile,12B] to 'success'
[pool-145-thread-1] INFO org.apache.nifi.processors.standard.ControlRate - ControlRate[id=3ebd9ee5-9dcf-418a-9e48-9d80743d83f4] transferring FlowFile[80,100306571721003.mockFlowFile,12B] to 'success'
[pool-145-thread-1] INFO org.apache.nifi.processors.standard.ControlRate - ControlRate[id=3ebd9ee5-9dcf-418a-9e48-9d80743d83f4] transferring FlowFile[81,100306571735857.mockFlowFile,12B] to 'success'
[pool-145-thread-1] INFO org.apache.nifi.processors.standard.ControlRate - ControlRate[id=3ebd9ee5-9dcf-418a-9e48-9d80743d83f4] transferring FlowFile[82,100306571764354.mockFlowFile,12B] to 'success'
[pool-145-thread-1] INFO org.apache.nifi.processors.standard.ControlRate - ControlRate[id=3ebd9ee5-9dcf-418a-9e48-9d80743d83f4] transferring FlowFile[83,100306571819468.mockFlowFile,12B] to 'success'
[pool-145-thread-1] INFO org.apache.nifi.processors.standard.ControlRate - ControlRate[id=3ebd9ee5-9dcf-418a-9e48-9d80743d83f4] transferring FlowFile[84,100306571836078.mockFlowFile,12B] to 'success'
[pool-145-thread-1] INFO org.apache.nifi.processors.standard.ControlRate - ControlRate[id=3ebd9ee5-9dcf-418a-9e48-9d80743d83f4] transferring FlowFile[85,100306571854939.mockFlowFile,12B] to 'success'
[pool-145-thread-1] INFO org.apache.nifi.processors.standard.ControlRate - ControlRate[id=3ebd9ee5-9dcf-418a-9e48-9d80743d83f4] transferring FlowFile[86,100306571870775.mockFlowFile,12B] to 'success'
[pool-145-thread-1] INFO org.apache.nifi.processors.standard.ControlRate - ControlRate[id=3ebd9ee5-9dcf-418a-9e48-9d80743d83f4] transferring FlowFile[87,100306571891550.mockFlowFile,12B] to 'success'
[pool-145-thread-1] INFO org.apache.nifi.processors.standard.ControlRate - ControlRate[id=3ebd9ee5-9dcf-418a-9e48-9d80743d83f4] transferring FlowFile[88,100306571907859.mockFlowFile,12B] to 'success'
[pool-145-thread-1] INFO org.apache.nifi.processors.standard.ControlRate - ControlRate[id=3ebd9ee5-9dcf-418a-9e48-9d80743d83f4] transferring FlowFile[89,100306571925036.mockFlowFile,12B] to 'success'
[pool-145-thread-1] INFO org.apache.nifi.processors.standard.ControlRate - ControlRate[id=3ebd9ee5-9dcf-418a-9e48-9d80743d83f4] transferring FlowFile[90,100306571942008.mockFlowFile,12B] to 'success'
[pool-145-thread-1] INFO org.apache.nifi.processors.standard.ControlRate - ControlRate[id=3ebd9ee5-9dcf-418a-9e48-9d80743d83f4] transferring FlowFile[91,100306571981699.mockFlowFile,12B] to 'success'
[pool-145-thread-1] INFO org.apache.nifi.processors.standard.ControlRate - ControlRate[id=3ebd9ee5-9dcf-418a-9e48-9d80743d83f4] transferring FlowFile[92,100306571999420.mockFlowFile,12B] to 'success'
[pool-145-thread-1] INFO org.apache.nifi.processors.standard.ControlRate - ControlRate[id=3ebd9ee5-9dcf-418a-9e48-9d80743d83f4] transferring FlowFile[93,100306572030007.mockFlowFile,12B] to 'success'
[pool-145-thread-1] INFO org.apache.nifi.processors.standard.ControlRate - ControlRate[id=3ebd9ee5-9dcf-418a-9e48-9d80743d83f4] transferring FlowFile[94,100306572059330.mockFlowFile,12B] to 'success'
[pool-145-thread-1] INFO org.apache.nifi.processors.standard.ControlRate - ControlRate[id=3ebd9ee5-9dcf-418a-9e48-9d80743d83f4] transferring FlowFile[95,100306572084144.mockFlowFile,12B] to 'success'
[pool-145-thread-1] INFO org.apache.nifi.processors.standard.ControlRate - ControlRate[id=3ebd9ee5-9dcf-418a-9e48-9d80743d83f4] transferring FlowFile[96,100306572134982.mockFlowFile,12B] to 'success'
[pool-145-thread-1] INFO org.apache.nifi.processors.standard.ControlRate - ControlRate[id=3ebd9ee5-9dcf-418a-9e48-9d80743d83f4] transferring FlowFile[97,100306572152437.mockFlowFile,12B] to 'success'
[pool-145-thread-1] INFO org.apache.nifi.processors.standard.ControlRate - ControlRate[id=3ebd9ee5-9dcf-418a-9e48-9d80743d83f4] transferring FlowFile[98,100306572170393.mockFlowFile,12B] to 'success'
[pool-145-thread-1] INFO org.apache.nifi.processors.standard.ControlRate - ControlRate[id=3ebd9ee5-9dcf-418a-9e48-9d80743d83f4] transferring FlowFile[99,100306572188464.mockFlowFile,12B] to 'success'
[pool-145-thread-1] INFO org.apache.nifi.processors.standard.ControlRate - ControlRate[id=3ebd9ee5-9dcf-418a-9e48-9d80743d83f4] transferring FlowFile[100,100306572214160.mockFlowFile,13B] to 'success'
[pool-145-thread-1] INFO org.apache.nifi.processors.standard.ControlRate - ControlRate[id=3ebd9ee5-9dcf-418a-9e48-9d80743d83f4] transferring FlowFile[101,100306572233947.mockFlowFile,13B] to 'success'
[pool-145-thread-1] INFO org.apache.nifi.processors.standard.ControlRate - ControlRate[id=3ebd9ee5-9dcf-418a-9e48-9d80743d83f4] transferring FlowFile[102,100306572252283.mockFlowFile,13B] to 'success'
[pool-145-thread-1] INFO org.apache.nifi.processors.standard.ControlRate - ControlRate[id=3ebd9ee5-9dcf-418a-9e48-9d80743d83f4] transferring FlowFile[103,100306572273041.mockFlowFile,13B] to 'success'
[pool-145-thread-1] INFO org.apache.nifi.processors.standard.ControlRate - ControlRate[id=3ebd9ee5-9dcf-418a-9e48-9d80743d83f4] transferring FlowFile[104,100306572330428.mockFlowFile,13B] to 'success'
[pool-145-thread-1] INFO org.apache.nifi.processors.standard.ControlRate - ControlRate[id=3ebd9ee5-9dcf-418a-9e48-9d80743d83f4] transferring FlowFile[105,100306572349349.mockFlowFile,13B] to 'success'
[pool-145-thread-1] INFO org.apache.nifi.processors.standard.ControlRate - ControlRate[id=3ebd9ee5-9dcf-418a-9e48-9d80743d83f4] transferring FlowFile[106,100306572365203.mockFlowFile,13B] to 'success'
[pool-145-thread-1] INFO org.apache.nifi.processors.standard.ControlRate - ControlRate[id=3ebd9ee5-9dcf-418a-9e48-9d80743d83f4] transferring FlowFile[107,100306572381726.mockFlowFile,13B] to 'success'
[pool-145-thread-1] INFO org.apache.nifi.processors.standard.ControlRate - ControlRate[id=3ebd9ee5-9dcf-418a-9e48-9d80743d83f4] transferring FlowFile[108,100306572397662.mockFlowFile,13B] to 'success'
[pool-145-thread-1] INFO org.apache.nifi.processors.standard.ControlRate - ControlRate[id=3ebd9ee5-9dcf-418a-9e48-9d80743d83f4] transferring FlowFile[109,100306572413462.mockFlowFile,13B] to 'success'
[pool-145-thread-1] INFO org.apache.nifi.processors.standard.ControlRate - ControlRate[id=3ebd9ee5-9dcf-418a-9e48-9d80743d83f4] transferring FlowFile[110,100306572429523.mockFlowFile,13B] to 'success'
[pool-145-thread-1] INFO org.apache.nifi.processors.standard.ControlRate - ControlRate[id=3ebd9ee5-9dcf-418a-9e48-9d80743d83f4] transferring FlowFile[111,100306572449766.mockFlowFile,13B] to 'success'
[pool-145-thread-1] INFO org.apache.nifi.processors.standard.ControlRate - ControlRate[id=3ebd9ee5-9dcf-418a-9e48-9d80743d83f4] transferring FlowFile[112,100306572467115.mockFlowFile,13B] to 'success'
[pool-145-thread-1] INFO org.apache.nifi.processors.standard.ControlRate - ControlRate[id=3ebd9ee5-9dcf-418a-9e48-9d80743d83f4] transferring FlowFile[113,100306572482557.mockFlowFile,13B] to 'success'
[pool-145-thread-1] INFO org.apache.nifi.processors.standard.ControlRate - ControlRate[id=3ebd9ee5-9dcf-418a-9e48-9d80743d83f4] transferring FlowFile[114,100306572499088.mockFlowFile,13B] to 'success'
[pool-145-thread-1] INFO org.apache.nifi.processors.standard.ControlRate - ControlRate[id=3ebd9ee5-9dcf-418a-9e48-9d80743d83f4] transferring FlowFile[115,100306572517242.mockFlowFile,13B] to 'success'
[pool-145-thread-1] INFO org.apache.nifi.processors.standard.ControlRate - ControlRate[id=3ebd9ee5-9dcf-418a-9e48-9d80743d83f4] transferring FlowFile[116,100306572532868.mockFlowFile,13B] to 'success'
[pool-145-thread-1] INFO org.apache.nifi.processors.standard.ControlRate - ControlRate[id=3ebd9ee5-9dcf-418a-9e48-9d80743d83f4] transferring FlowFile[117,100306572552447.mockFlowFile,13B] to 'success'
[pool-145-thread-1] INFO org.apache.nifi.processors.standard.ControlRate - ControlRate[id=3ebd9ee5-9dcf-418a-9e48-9d80743d83f4] transferring FlowFile[118,100306572568702.mockFlowFile,13B] to 'success'
[pool-145-thread-1] INFO org.apache.nifi.processors.standard.ControlRate - ControlRate[id=3ebd9ee5-9dcf-418a-9e48-9d80743d83f4] transferring FlowFile[119,100306572589768.mockFlowFile,13B] to 'success'
[pool-145-thread-1] INFO org.apache.nifi.processors.standard.ControlRate - ControlRate[id=3ebd9ee5-9dcf-418a-9e48-9d80743d83f4] transferring FlowFile[120,100306572606923.mockFlowFile,13B] to 'success'
[pool-145-thread-1] INFO org.apache.nifi.processors.standard.ControlRate - ControlRate[id=3ebd9ee5-9dcf-418a-9e48-9d80743d83f4] transferring FlowFile[121,100306572623048.mockFlowFile,13B] to 'success'
[pool-145-thread-1] INFO org.apache.nifi.processors.standard.ControlRate - ControlRate[id=3ebd9ee5-9dcf-418a-9e48-9d80743d83f4] transferring FlowFile[122,100306572639112.mockFlowFile,13B] to 'success'
[pool-145-thread-1] INFO org.apache.nifi.processors.standard.ControlRate - ControlRate[id=3ebd9ee5-9dcf-418a-9e48-9d80743d83f4] transferring FlowFile[123,100306572654970.mockFlowFile,13B] to 'success'
[pool-145-thread-1] INFO org.apache.nifi.processors.standard.ControlRate - ControlRate[id=3ebd9ee5-9dcf-418a-9e48-9d80743d83f4] transferring FlowFile[124,100306572671013.mockFlowFile,13B] to 'success'
[pool-145-thread-1] INFO org.apache.nifi.processors.standard.ControlRate - ControlRate[id=3ebd9ee5-9dcf-418a-9e48-9d80743d83f4] transferring FlowFile[125,100306572687173.mockFlowFile,13B] to 'success'
[pool-145-thread-1] INFO org.apache.nifi.processors.standard.ControlRate - ControlRate[id=3ebd9ee5-9dcf-418a-9e48-9d80743d83f4] transferring FlowFile[126,100306572702808.mockFlowFile,13B] to 'success'
[pool-145-thread-1] INFO org.apache.nifi.processors.standard.ControlRate - ControlRate[id=3ebd9ee5-9dcf-418a-9e48-9d80743d83f4] transferring FlowFile[127,100306572723995.mockFlowFile,13B] to 'success'
[pool-145-thread-1] INFO org.apache.nifi.processors.standard.ControlRate - ControlRate[id=3ebd9ee5-9dcf-418a-9e48-9d80743d83f4] transferring FlowFile[128,100306572774745.mockFlowFile,13B] to 'success'
[pool-145-thread-1] INFO org.apache.nifi.processors.standard.ControlRate - ControlRate[id=3ebd9ee5-9dcf-418a-9e48-9d80743d83f4] transferring FlowFile[129,100306572801230.mockFlowFile,13B] to 'success'
[pool-145-thread-1] INFO org.apache.nifi.processors.standard.ControlRate - ControlRate[id=3ebd9ee5-9dcf-418a-9e48-9d80743d83f4] transferring FlowFile[130,100306572825632.mockFlowFile,13B] to 'success'
[pool-145-thread-1] INFO org.apache.nifi.processors.standard.ControlRate - ControlRate[id=3ebd9ee5-9dcf-418a-9e48-9d80743d83f4] transferring FlowFile[131,100306572843170.mockFlowFile,13B] to 'success'
[pool-145-thread-1] INFO org.apache.nifi.processors.standard.ControlRate - ControlRate[id=3ebd9ee5-9dcf-418a-9e48-9d80743d83f4] transferring FlowFile[132,100306572859893.mockFlowFile,13B] to 'success'
[pool-145-thread-1] INFO org.apache.nifi.processors.standard.ControlRate - ControlRate[id=3ebd9ee5-9dcf-418a-9e48-9d80743d83f4] transferring FlowFile[133,100306572877477.mockFlowFile,13B] to 'success'
[pool-145-thread-1] INFO org.apache.nifi.processors.standard.ControlRate - ControlRate[id=3ebd9ee5-9dcf-418a-9e48-9d80743d83f4] transferring FlowFile[134,100306572894080.mockFlowFile,13B] to 'success'
[pool-145-thread-1] INFO org.apache.nifi.processors.standard.ControlRate - ControlRate[id=3ebd9ee5-9dcf-418a-9e48-9d80743d83f4] transferring FlowFile[135,100306572916098.mockFlowFile,13B] to 'success'
[pool-145-thread-1] INFO org.apache.nifi.processors.standard.ControlRate - ControlRate[id=3ebd9ee5-9dcf-418a-9e48-9d80743d83f4] transferring FlowFile[136,100306572933168.mockFlowFile,13B] to 'success'
[pool-145-thread-1] INFO org.apache.nifi.processors.standard.ControlRate - ControlRate[id=3ebd9ee5-9dcf-418a-9e48-9d80743d83f4] transferring FlowFile[137,100306572950195.mockFlowFile,13B] to 'success'
[pool-145-thread-1] INFO org.apache.nifi.processors.standard.ControlRate - ControlRate[id=3ebd9ee5-9dcf-418a-9e48-9d80743d83f4] transferring FlowFile[138,100306572966505.mockFlowFile,13B] to 'success'
[pool-145-thread-1] INFO org.apache.nifi.processors.standard.ControlRate - ControlRate[id=3ebd9ee5-9dcf-418a-9e48-9d80743d83f4] transferring FlowFile[139,100306572983339.mockFlowFile,13B] to 'success'
[pool-145-thread-1] INFO org.apache.nifi.processors.standard.ControlRate - ControlRate[id=3ebd9ee5-9dcf-418a-9e48-9d80743d83f4] transferring FlowFile[140,100306573000109.mockFlowFile,13B] to 'success'
[pool-145-thread-1] INFO org.apache.nifi.processors.standard.ControlRate - ControlRate[id=3ebd9ee5-9dcf-418a-9e48-9d80743d83f4] transferring FlowFile[141,100306573015478.mockFlowFile,13B] to 'success'
[pool-145-thread-1] INFO org.apache.nifi.processors.standard.ControlRate - ControlRate[id=3ebd9ee5-9dcf-418a-9e48-9d80743d83f4] transferring FlowFile[142,100306573032127.mockFlowFile,13B] to 'success'
[pool-145-thread-1] INFO org.apache.nifi.processors.standard.ControlRate - ControlRate[id=3ebd9ee5-9dcf-418a-9e48-9d80743d83f4] transferring FlowFile[143,100306573052285.mockFlowFile,13B] to 'success'
[pool-145-thread-1] INFO org.apache.nifi.processors.standard.ControlRate - ControlRate[id=3ebd9ee5-9dcf-418a-9e48-9d80743d83f4] transferring FlowFile[144,100306573070020.mockFlowFile,13B] to 'success'
[pool-145-thread-1] INFO org.apache.nifi.processors.standard.ControlRate - ControlRate[id=3ebd9ee5-9dcf-418a-9e48-9d80743d83f4] transferring FlowFile[145,100306573086720.mockFlowFile,13B] to 'success'
[pool-145-thread-1] INFO org.apache.nifi.processors.standard.ControlRate - ControlRate[id=3ebd9ee5-9dcf-418a-9e48-9d80743d83f4] transferring FlowFile[146,100306573102757.mockFlowFile,13B] to 'success'
[pool-145-thread-1] INFO org.apache.nifi.processors.standard.ControlRate - ControlRate[id=3ebd9ee5-9dcf-418a-9e48-9d80743d83f4] transferring FlowFile[147,100306573119044.mockFlowFile,13B] to 'success'
[pool-145-thread-1] INFO org.apache.nifi.processors.standard.ControlRate - ControlRate[id=3ebd9ee5-9dcf-418a-9e48-9d80743d83f4] transferring FlowFile[148,100306573141240.mockFlowFile,13B] to 'success'
[pool-145-thread-1] INFO org.apache.nifi.processors.standard.ControlRate - ControlRate[id=3ebd9ee5-9dcf-418a-9e48-9d80743d83f4] transferring FlowFile[149,100306573158719.mockFlowFile,13B] to 'success'
[pool-145-thread-1] INFO org.apache.nifi.processors.standard.ControlRate - ControlRate[id=3ebd9ee5-9dcf-418a-9e48-9d80743d83f4] transferring FlowFile[150,100306573177391.mockFlowFile,13B] to 'success'
[pool-145-thread-1] INFO org.apache.nifi.processors.standard.ControlRate - ControlRate[id=3ebd9ee5-9dcf-418a-9e48-9d80743d83f4] transferring FlowFile[151,100306573198306.mockFlowFile,13B] to 'success'
[pool-145-thread-1] INFO org.apache.nifi.processors.standard.ControlRate - ControlRate[id=3ebd9ee5-9dcf-418a-9e48-9d80743d83f4] transferring FlowFile[152,100306573215528.mockFlowFile,13B] to 'success'
[pool-145-thread-1] INFO org.apache.nifi.processors.standard.ControlRate - ControlRate[id=3ebd9ee5-9dcf-418a-9e48-9d80743d83f4] transferring FlowFile[153,100306573230534.mockFlowFile,13B] to 'success'
[pool-145-thread-1] INFO org.apache.nifi.processors.standard.ControlRate - ControlRate[id=3ebd9ee5-9dcf-418a-9e48-9d80743d83f4] transferring FlowFile[154,100306573246851.mockFlowFile,13B] to 'success'
[pool-145-thread-1] INFO org.apache.nifi.processors.standard.ControlRate - ControlRate[id=3ebd9ee5-9dcf-418a-9e48-9d80743d83f4] transferring FlowFile[155,100306573262590.mockFlowFile,13B] to 'success'
[pool-145-thread-1] INFO org.apache.nifi.processors.standard.ControlRate - ControlRate[id=3ebd9ee5-9dcf-418a-9e48-9d80743d83f4] transferring FlowFile[156,100306573278212.mockFlowFile,13B] to 'success'
[pool-145-thread-1] INFO org.apache.nifi.processors.standard.ControlRate - ControlRate[id=3ebd9ee5-9dcf-418a-9e48-9d80743d83f4] transferring FlowFile[157,100306573294623.mockFlowFile,13B] to 'success'
[pool-145-thread-1] INFO org.apache.nifi.processors.standard.ControlRate - ControlRate[id=3ebd9ee5-9dcf-418a-9e48-9d80743d83f4] transferring FlowFile[158,100306573314918.mockFlowFile,13B] to 'success'
[pool-145-thread-1] INFO org.apache.nifi.processors.standard.ControlRate - ControlRate[id=3ebd9ee5-9dcf-418a-9e48-9d80743d83f4] transferring FlowFile[159,100306573338196.mockFlowFile,13B] to 'success'
[pool-145-thread-1] INFO org.apache.nifi.processors.standard.ControlRate - ControlRate[id=3ebd9ee5-9dcf-418a-9e48-9d80743d83f4] transferring FlowFile[160,100306573355303.mockFlowFile,13B] to 'success'
[pool-145-thread-1] INFO org.apache.nifi.processors.standard.ControlRate - ControlRate[id=3ebd9ee5-9dcf-418a-9e48-9d80743d83f4] transferring FlowFile[161,100306573371515.mockFlowFile,13B] to 'success'
[pool-145-thread-1] INFO org.apache.nifi.processors.standard.ControlRate - ControlRate[id=3ebd9ee5-9dcf-418a-9e48-9d80743d83f4] transferring FlowFile[162,100306573388207.mockFlowFile,13B] to 'success'
[pool-145-thread-1] INFO org.apache.nifi.processors.standard.ControlRate - ControlRate[id=3ebd9ee5-9dcf-418a-9e48-9d80743d83f4] transferring FlowFile[163,100306573407590.mockFlowFile,13B] to 'success'
[pool-145-thread-1] INFO org.apache.nifi.processors.standard.ControlRate - ControlRate[id=3ebd9ee5-9dcf-418a-9e48-9d80743d83f4] transferring FlowFile[164,100306573423750.mockFlowFile,13B] to 'success'
[pool-145-thread-1] INFO org.apache.nifi.processors.standard.ControlRate - ControlRate[id=3ebd9ee5-9dcf-418a-9e48-9d80743d83f4] transferring FlowFile[165,100306573451924.mockFlowFile,13B] to 'success'
[pool-145-thread-1] INFO org.apache.nifi.processors.standard.ControlRate - ControlRate[id=3ebd9ee5-9dcf-418a-9e48-9d80743d83f4] transferring FlowFile[166,100306573469134.mockFlowFile,13B] to 'success'
[pool-145-thread-1] INFO org.apache.nifi.processors.standard.ControlRate - ControlRate[id=3ebd9ee5-9dcf-418a-9e48-9d80743d83f4] transferring FlowFile[167,100306573491278.mockFlowFile,13B] to 'success'
[pool-145-thread-1] INFO org.apache.nifi.processors.standard.ControlRate - ControlRate[id=3ebd9ee5-9dcf-418a-9e48-9d80743d83f4] transferring FlowFile[168,100306573507888.mockFlowFile,13B] to 'success'
[pool-145-thread-1] INFO org.apache.nifi.processors.standard.ControlRate - ControlRate[id=3ebd9ee5-9dcf-418a-9e48-9d80743d83f4] transferring FlowFile[169,100306573524726.mockFlowFile,13B] to 'success'
[pool-145-thread-1] INFO org.apache.nifi.processors.standard.ControlRate - ControlRate[id=3ebd9ee5-9dcf-418a-9e48-9d80743d83f4] transferring FlowFile[170,100306573540844.mockFlowFile,13B] to 'success'
[pool-145-thread-1] INFO org.apache.nifi.processors.standard.ControlRate - ControlRate[id=3ebd9ee5-9dcf-418a-9e48-9d80743d83f4] transferring FlowFile[171,100306573556254.mockFlowFile,13B] to 'success'
[pool-145-thread-1] INFO org.apache.nifi.processors.standard.ControlRate - ControlRate[id=3ebd9ee5-9dcf-418a-9e48-9d80743d83f4] transferring FlowFile[172,100306573574372.mockFlowFile,13B] to 'success'
[pool-145-thread-1] INFO org.apache.nifi.processors.standard.ControlRate - ControlRate[id=3ebd9ee5-9dcf-418a-9e48-9d80743d83f4] transferring FlowFile[173,100306573589789.mockFlowFile,13B] to 'success'
[pool-145-thread-1] INFO org.apache.nifi.processors.standard.ControlRate - ControlRate[id=3ebd9ee5-9dcf-418a-9e48-9d80743d83f4] transferring FlowFile[174,100306573606364.mockFlowFile,13B] to 'success'
[pool-145-thread-1] INFO org.apache.nifi.processors.standard.ControlRate - ControlRate[id=3ebd9ee5-9dcf-418a-9e48-9d80743d83f4] transferring FlowFile[175,100306573627173.mockFlowFile,13B] to 'success'
[pool-145-thread-1] INFO org.apache.nifi.processors.standard.ControlRate - ControlRate[id=3ebd9ee5-9dcf-418a-9e48-9d80743d83f4] transferring FlowFile[176,100306573644010.mockFlowFile,13B] to 'success'
[pool-145-thread-1] INFO org.apache.nifi.processors.standard.ControlRate - ControlRate[id=3ebd9ee5-9dcf-418a-9e48-9d80743d83f4] transferring FlowFile[177,100306573661378.mockFlowFile,13B] to 'success'
[pool-145-thread-1] INFO org.apache.nifi.processors.standard.ControlRate - ControlRate[id=3ebd9ee5-9dcf-418a-9e48-9d80743d83f4] transferring FlowFile[178,100306573678304.mockFlowFile,13B] to 'success'
[pool-145-thread-1] INFO org.apache.nifi.processors.standard.ControlRate - ControlRate[id=3ebd9ee5-9dcf-418a-9e48-9d80743d83f4] transferring FlowFile[179,100306573696819.mockFlowFile,13B] to 'success'
[pool-145-thread-1] INFO org.apache.nifi.processors.standard.ControlRate - ControlRate[id=3ebd9ee5-9dcf-418a-9e48-9d80743d83f4] transferring FlowFile[180,100306573712836.mockFlowFile,13B] to 'success'
[pool-145-thread-1] INFO org.apache.nifi.processors.standard.ControlRate - ControlRate[id=3ebd9ee5-9dcf-418a-9e48-9d80743d83f4] transferring FlowFile[181,100306573728124.mockFlowFile,13B] to 'success'
[pool-145-thread-1] INFO org.apache.nifi.processors.standard.ControlRate - ControlRate[id=3ebd9ee5-9dcf-418a-9e48-9d80743d83f4] transferring FlowFile[182,100306573743998.mockFlowFile,13B] to 'success'
[pool-145-thread-1] INFO org.apache.nifi.processors.standard.ControlRate - ControlRate[id=3ebd9ee5-9dcf-418a-9e48-9d80743d83f4] transferring FlowFile[183,100306573763815.mockFlowFile,13B] to 'success'
[pool-145-thread-1] INFO org.apache.nifi.processors.standard.ControlRate - ControlRate[id=3ebd9ee5-9dcf-418a-9e48-9d80743d83f4] transferring FlowFile[184,100306573780762.mockFlowFile,13B] to 'success'
[pool-145-thread-1] INFO org.apache.nifi.processors.standard.ControlRate - ControlRate[id=3ebd9ee5-9dcf-418a-9e48-9d80743d83f4] transferring FlowFile[185,100306573797169.mockFlowFile,13B] to 'success'
[pool-145-thread-1] INFO org.apache.nifi.processors.standard.ControlRate - ControlRate[id=3ebd9ee5-9dcf-418a-9e48-9d80743d83f4] transferring FlowFile[186,100306573812522.mockFlowFile,13B] to 'success'
[pool-145-thread-1] INFO org.apache.nifi.processors.standard.ControlRate - ControlRate[id=3ebd9ee5-9dcf-418a-9e48-9d80743d83f4] transferring FlowFile[187,100306573828491.mockFlowFile,13B] to 'success'
[pool-145-thread-1] INFO org.apache.nifi.processors.standard.ControlRate - ControlRate[id=3ebd9ee5-9dcf-418a-9e48-9d80743d83f4] transferring FlowFile[188,100306573843257.mockFlowFile,13B] to 'success'
[pool-145-thread-1] INFO org.apache.nifi.processors.standard.ControlRate - ControlRate[id=3ebd9ee5-9dcf-418a-9e48-9d80743d83f4] transferring FlowFile[189,100306573859804.mockFlowFile,13B] to 'success'
[pool-145-thread-1] INFO org.apache.nifi.processors.standard.ControlRate - ControlRate[id=3ebd9ee5-9dcf-418a-9e48-9d80743d83f4] transferring FlowFile[190,100306573875789.mockFlowFile,13B] to 'success'
[pool-145-thread-1] INFO org.apache.nifi.processors.standard.ControlRate - ControlRate[id=3ebd9ee5-9dcf-418a-9e48-9d80743d83f4] transferring FlowFile[191,100306573895177.mockFlowFile,13B] to 'success'
[pool-145-thread-1] INFO org.apache.nifi.processors.standard.ControlRate - ControlRate[id=3ebd9ee5-9dcf-418a-9e48-9d80743d83f4] transferring FlowFile[192,100306573911486.mockFlowFile,13B] to 'success'
[pool-145-thread-1] INFO org.apache.nifi.processors.standard.ControlRate - ControlRate[id=3ebd9ee5-9dcf-418a-9e48-9d80743d83f4] transferring FlowFile[193,100306573926870.mockFlowFile,13B] to 'success'
[pool-145-thread-1] INFO org.apache.nifi.processors.standard.ControlRate - ControlRate[id=3ebd9ee5-9dcf-418a-9e48-9d80743d83f4] transferring FlowFile[194,100306573945440.mockFlowFile,13B] to 'success'
[pool-145-thread-1] INFO org.apache.nifi.processors.standard.ControlRate - ControlRate[id=3ebd9ee5-9dcf-418a-9e48-9d80743d83f4] transferring FlowFile[195,100306573962731.mockFlowFile,13B] to 'success'
[pool-145-thread-1] INFO org.apache.nifi.processors.standard.ControlRate - ControlRate[id=3ebd9ee5-9dcf-418a-9e48-9d80743d83f4] transferring FlowFile[196,100306573979945.mockFlowFile,13B] to 'success'
[pool-145-thread-1] INFO org.apache.nifi.processors.standard.ControlRate - ControlRate[id=3ebd9ee5-9dcf-418a-9e48-9d80743d83f4] transferring FlowFile[197,100306573996310.mockFlowFile,13B] to 'success'
[pool-145-thread-1] INFO org.apache.nifi.processors.standard.ControlRate - ControlRate[id=3ebd9ee5-9dcf-418a-9e48-9d80743d83f4] transferring FlowFile[198,100306574011468.mockFlowFile,13B] to 'success'
[pool-145-thread-1] INFO org.apache.nifi.processors.standard.ControlRate - ControlRate[id=3ebd9ee5-9dcf-418a-9e48-9d80743d83f4] transferring FlowFile[199,100306574031824.mockFlowFile,13B] to 'success'
[pool-145-thread-1] INFO org.apache.nifi.processors.standard.ControlRate - ControlRate[id=3ebd9ee5-9dcf-418a-9e48-9d80743d83f4] transferring FlowFile[200,100306574049872.mockFlowFile,13B] to 'success'
[pool-145-thread-1] INFO org.apache.nifi.processors.standard.ControlRate - ControlRate[id=3ebd9ee5-9dcf-418a-9e48-9d80743d83f4] transferring FlowFile[201,100306574064768.mockFlowFile,13B] to 'success'
[pool-145-thread-1] INFO org.apache.nifi.processors.standard.ControlRate - ControlRate[id=3ebd9ee5-9dcf-418a-9e48-9d80743d83f4] transferring FlowFile[202,100306574080955.mockFlowFile,13B] to 'success'
[pool-145-thread-1] INFO org.apache.nifi.processors.standard.ControlRate - ControlRate[id=3ebd9ee5-9dcf-418a-9e48-9d80743d83f4] transferring FlowFile[203,100306574095937.mockFlowFile,13B] to 'success'
[pool-145-thread-1] INFO org.apache.nifi.processors.standard.ControlRate - ControlRate[id=3ebd9ee5-9dcf-418a-9e48-9d80743d83f4] transferring FlowFile[204,100306574112370.mockFlowFile,13B] to 'success'
[pool-145-thread-1] INFO org.apache.nifi.processors.standard.ControlRate - ControlRate[id=3ebd9ee5-9dcf-418a-9e48-9d80743d83f4] transferring FlowFile[205,100306574128282.mockFlowFile,13B] to 'success'
[pool-145-thread-1] INFO org.apache.nifi.processors.standard.ControlRate - ControlRate[id=3ebd9ee5-9dcf-418a-9e48-9d80743d83f4] transferring FlowFile[206,100306574143777.mockFlowFile,13B] to 'success'
[pool-145-thread-1] INFO org.apache.nifi.processors.standard.ControlRate - ControlRate[id=3ebd9ee5-9dcf-418a-9e48-9d80743d83f4] transferring FlowFile[207,100306574164693.mockFlowFile,13B] to 'success'
[pool-145-thread-1] INFO org.apache.nifi.processors.standard.ControlRate - ControlRate[id=3ebd9ee5-9dcf-418a-9e48-9d80743d83f4] transferring FlowFile[208,100306574180246.mockFlowFile,13B] to 'success'
[pool-145-thread-1] INFO org.apache.nifi.processors.standard.ControlRate - ControlRate[id=3ebd9ee5-9dcf-418a-9e48-9d80743d83f4] transferring FlowFile[209,100306574201496.mockFlowFile,13B] to 'success'
[pool-145-thread-1] INFO org.apache.nifi.processors.standard.ControlRate - ControlRate[id=3ebd9ee5-9dcf-418a-9e48-9d80743d83f4] transferring FlowFile[210,100306574218272.mockFlowFile,13B] to 'success'
[pool-145-thread-1] INFO org.apache.nifi.processors.standard.ControlRate - ControlRate[id=3ebd9ee5-9dcf-418a-9e48-9d80743d83f4] transferring FlowFile[211,100306574233632.mockFlowFile,13B] to 'success'
[pool-145-thread-1] INFO org.apache.nifi.processors.standard.ControlRate - ControlRate[id=3ebd9ee5-9dcf-418a-9e48-9d80743d83f4] transferring FlowFile[212,100306574249718.mockFlowFile,13B] to 'success'
[pool-145-thread-1] INFO org.apache.nifi.processors.standard.ControlRate - ControlRate[id=3ebd9ee5-9dcf-418a-9e48-9d80743d83f4] transferring FlowFile[213,100306574274324.mockFlowFile,13B] to 'success'
[pool-145-thread-1] INFO org.apache.nifi.processors.standard.ControlRate - ControlRate[id=3ebd9ee5-9dcf-418a-9e48-9d80743d83f4] transferring FlowFile[214,100306574291724.mockFlowFile,13B] to 'success'
[pool-145-thread-1] INFO org.apache.nifi.processors.standard.ControlRate - ControlRate[id=3ebd9ee5-9dcf-418a-9e48-9d80743d83f4] transferring FlowFile[215,100306574313289.mockFlowFile,13B] to 'success'
[pool-145-thread-1] INFO org.apache.nifi.processors.standard.ControlRate - ControlRate[id=3ebd9ee5-9dcf-418a-9e48-9d80743d83f4] transferring FlowFile[216,100306574328857.mockFlowFile,13B] to 'success'
[pool-145-thread-1] INFO org.apache.nifi.processors.standard.ControlRate - ControlRate[id=3ebd9ee5-9dcf-418a-9e48-9d80743d83f4] transferring FlowFile[217,100306574349631.mockFlowFile,13B] to 'success'
[pool-145-thread-1] INFO org.apache.nifi.processors.standard.ControlRate - ControlRate[id=3ebd9ee5-9dcf-418a-9e48-9d80743d83f4] transferring FlowFile[218,100306574366430.mockFlowFile,13B] to 'success'
[pool-145-thread-1] INFO org.apache.nifi.processors.standard.ControlRate - ControlRate[id=3ebd9ee5-9dcf-418a-9e48-9d80743d83f4] transferring FlowFile[219,100306574383180.mockFlowFile,13B] to 'success'
[pool-145-thread-1] INFO org.apache.nifi.processors.standard.ControlRate - ControlRate[id=3ebd9ee5-9dcf-418a-9e48-9d80743d83f4] transferring FlowFile[220,100306574399475.mockFlowFile,13B] to 'success'
[pool-145-thread-1] INFO org.apache.nifi.processors.standard.ControlRate - ControlRate[id=3ebd9ee5-9dcf-418a-9e48-9d80743d83f4] transferring FlowFile[221,100306574415205.mockFlowFile,13B] to 'success'
[pool-145-thread-1] INFO org.apache.nifi.processors.standard.ControlRate - ControlRate[id=3ebd9ee5-9dcf-418a-9e48-9d80743d83f4] transferring FlowFile[222,100306574431024.mockFlowFile,13B] to 'success'
[pool-145-thread-1] INFO org.apache.nifi.processors.standard.ControlRate - ControlRate[id=3ebd9ee5-9dcf-418a-9e48-9d80743d83f4] transferring FlowFile[223,100306574453777.mockFlowFile,13B] to 'success'
[pool-145-thread-1] INFO org.apache.nifi.processors.standard.ControlRate - ControlRate[id=3ebd9ee5-9dcf-418a-9e48-9d80743d83f4] transferring FlowFile[224,100306574473084.mockFlowFile,13B] to 'success'
[pool-145-thread-1] INFO org.apache.nifi.processors.standard.ControlRate - ControlRate[id=3ebd9ee5-9dcf-418a-9e48-9d80743d83f4] transferring FlowFile[225,100306574490167.mockFlowFile,13B] to 'success'
[pool-145-thread-1] INFO org.apache.nifi.processors.standard.ControlRate - ControlRate[id=3ebd9ee5-9dcf-418a-9e48-9d80743d83f4] transferring FlowFile[226,100306574506967.mockFlowFile,13B] to 'success'
[pool-145-thread-1] INFO org.apache.nifi.processors.standard.ControlRate - ControlRate[id=3ebd9ee5-9dcf-418a-9e48-9d80743d83f4] transferring FlowFile[227,100306574524222.mockFlowFile,13B] to 'success'
[pool-145-thread-1] INFO org.apache.nifi.processors.standard.ControlRate - ControlRate[id=3ebd9ee5-9dcf-418a-9e48-9d80743d83f4] transferring FlowFile[228,100306574539107.mockFlowFile,13B] to 'success'
[pool-145-thread-1] INFO org.apache.nifi.processors.standard.ControlRate - ControlRate[id=3ebd9ee5-9dcf-418a-9e48-9d80743d83f4] transferring FlowFile[229,100306574555839.mockFlowFile,13B] to 'success'
[pool-145-thread-1] INFO org.apache.nifi.processors.standard.ControlRate - ControlRate[id=3ebd9ee5-9dcf-418a-9e48-9d80743d83f4] transferring FlowFile[230,100306574572296.mockFlowFile,13B] to 'success'
[pool-145-thread-1] INFO org.apache.nifi.processors.standard.ControlRate - ControlRate[id=3ebd9ee5-9dcf-418a-9e48-9d80743d83f4] transferring FlowFile[231,100306574592549.mockFlowFile,13B] to 'success'
[pool-145-thread-1] INFO org.apache.nifi.processors.standard.ControlRate - ControlRate[id=3ebd9ee5-9dcf-418a-9e48-9d80743d83f4] transferring FlowFile[232,100306574612651.mockFlowFile,13B] to 'success'
[pool-145-thread-1] INFO org.apache.nifi.processors.standard.ControlRate - ControlRate[id=3ebd9ee5-9dcf-418a-9e48-9d80743d83f4] transferring FlowFile[233,100306574627832.mockFlowFile,13B] to 'success'
[pool-145-thread-1] INFO org.apache.nifi.processors.standard.ControlRate - ControlRate[id=3ebd9ee5-9dcf-418a-9e48-9d80743d83f4] transferring FlowFile[234,100306574644821.mockFlowFile,13B] to 'success'
[pool-145-thread-1] INFO org.apache.nifi.processors.standard.ControlRate - ControlRate[id=3ebd9ee5-9dcf-418a-9e48-9d80743d83f4] transferring FlowFile[235,100306574660854.mockFlowFile,13B] to 'success'
[pool-145-thread-1] INFO org.apache.nifi.processors.standard.ControlRate - ControlRate[id=3ebd9ee5-9dcf-418a-9e48-9d80743d83f4] transferring FlowFile[236,100306574676600.mockFlowFile,13B] to 'success'
[pool-145-thread-1] INFO org.apache.nifi.processors.standard.ControlRate - ControlRate[id=3ebd9ee5-9dcf-418a-9e48-9d80743d83f4] transferring FlowFile[237,100306574692545.mockFlowFile,13B] to 'success'
[pool-145-thread-1] INFO org.apache.nifi.processors.standard.ControlRate - ControlRate[id=3ebd9ee5-9dcf-418a-9e48-9d80743d83f4] transferring FlowFile[238,100306574707765.mockFlowFile,13B] to 'success'
[pool-145-thread-1] INFO org.apache.nifi.processors.standard.ControlRate - ControlRate[id=3ebd9ee5-9dcf-418a-9e48-9d80743d83f4] transferring FlowFile[239,100306574728524.mockFlowFile,13B] to 'success'
[pool-145-thread-1] INFO org.apache.nifi.processors.standard.ControlRate - ControlRate[id=3ebd9ee5-9dcf-418a-9e48-9d80743d83f4] transferring FlowFile[240,100306574745023.mockFlowFile,13B] to 'success'
[pool-145-thread-1] INFO org.apache.nifi.processors.standard.ControlRate - ControlRate[id=3ebd9ee5-9dcf-418a-9e48-9d80743d83f4] transferring FlowFile[241,100306574760413.mockFlowFile,13B] to 'success'
[pool-145-thread-1] INFO org.apache.nifi.processors.standard.ControlRate - ControlRate[id=3ebd9ee5-9dcf-418a-9e48-9d80743d83f4] transferring FlowFile[242,100306574776822.mockFlowFile,13B] to 'success'
[pool-145-thread-1] INFO org.apache.nifi.processors.standard.ControlRate - ControlRate[id=3ebd9ee5-9dcf-418a-9e48-9d80743d83f4] transferring FlowFile[243,100306574794281.mockFlowFile,13B] to 'success'
[pool-145-thread-1] INFO org.apache.nifi.processors.standard.ControlRate - ControlRate[id=3ebd9ee5-9dcf-418a-9e48-9d80743d83f4] transferring FlowFile[244,100306574810058.mockFlowFile,13B] to 'success'
[pool-145-thread-1] INFO org.apache.nifi.processors.standard.ControlRate - ControlRate[id=3ebd9ee5-9dcf-418a-9e48-9d80743d83f4] transferring FlowFile[245,100306574825695.mockFlowFile,13B] to 'success'
[pool-145-thread-1] INFO org.apache.nifi.processors.standard.ControlRate - ControlRate[id=3ebd9ee5-9dcf-418a-9e48-9d80743d83f4] transferring FlowFile[246,100306574841013.mockFlowFile,13B] to 'success'
[pool-145-thread-1] INFO org.apache.nifi.processors.standard.ControlRate - ControlRate[id=3ebd9ee5-9dcf-418a-9e48-9d80743d83f4] transferring FlowFile[247,100306574861735.mockFlowFile,13B] to 'success'
[pool-145-thread-1] INFO org.apache.nifi.processors.standard.ControlRate - ControlRate[id=3ebd9ee5-9dcf-418a-9e48-9d80743d83f4] transferring FlowFile[248,100306574876818.mockFlowFile,13B] to 'success'
[pool-145-thread-1] INFO org.apache.nifi.processors.standard.ControlRate - ControlRate[id=3ebd9ee5-9dcf-418a-9e48-9d80743d83f4] transferring FlowFile[249,100306574893006.mockFlowFile,13B] to 'success'
[pool-145-thread-1] INFO org.apache.nifi.processors.standard.ControlRate - ControlRate[id=3ebd9ee5-9dcf-418a-9e48-9d80743d83f4] transferring FlowFile[250,100306574920015.mockFlowFile,13B] to 'success'
[pool-145-thread-1] INFO org.apache.nifi.processors.standard.ControlRate - ControlRate[id=3ebd9ee5-9dcf-418a-9e48-9d80743d83f4] transferring FlowFile[251,100306574936526.mockFlowFile,13B] to 'success'
[pool-145-thread-1] INFO org.apache.nifi.processors.standard.ControlRate - ControlRate[id=3ebd9ee5-9dcf-418a-9e48-9d80743d83f4] transferring FlowFile[252,100306574952966.mockFlowFile,13B] to 'success'
[pool-145-thread-1] INFO org.apache.nifi.processors.standard.ControlRate - ControlRate[id=3ebd9ee5-9dcf-418a-9e48-9d80743d83f4] transferring FlowFile[253,100306574968157.mockFlowFile,13B] to 'success'
[pool-145-thread-1] INFO org.apache.nifi.processors.standard.ControlRate - ControlRate[id=3ebd9ee5-9dcf-418a-9e48-9d80743d83f4] transferring FlowFile[254,100306574984982.mockFlowFile,13B] to 'success'
[pool-145-thread-1] INFO org.apache.nifi.processors.standard.ControlRate - ControlRate[id=3ebd9ee5-9dcf-418a-9e48-9d80743d83f4] transferring FlowFile[255,100306575005204.mockFlowFile,13B] to 'success'
[pool-145-thread-1] INFO org.apache.nifi.processors.standard.ControlRate - ControlRate[id=3ebd9ee5-9dcf-418a-9e48-9d80743d83f4] transferring FlowFile[256,100306575021297.mockFlowFile,13B] to 'success'
[pool-145-thread-1] INFO org.apache.nifi.processors.standard.ControlRate - ControlRate[id=3ebd9ee5-9dcf-418a-9e48-9d80743d83f4] transferring FlowFile[257,100306575037190.mockFlowFile,13B] to 'success'
[pool-145-thread-1] INFO org.apache.nifi.processors.standard.ControlRate - ControlRate[id=3ebd9ee5-9dcf-418a-9e48-9d80743d83f4] transferring FlowFile[258,100306575105282.mockFlowFile,13B] to 'success'
[pool-145-thread-1] INFO org.apache.nifi.processors.standard.ControlRate - ControlRate[id=3ebd9ee5-9dcf-418a-9e48-9d80743d83f4] transferring FlowFile[259,100306575134513.mockFlowFile,13B] to 'success'
[pool-145-thread-1] INFO org.apache.nifi.processors.standard.ControlRate - ControlRate[id=3ebd9ee5-9dcf-418a-9e48-9d80743d83f4] transferring FlowFile[260,100306575150347.mockFlowFile,13B] to 'success'
[pool-145-thread-1] INFO org.apache.nifi.processors.standard.ControlRate - ControlRate[id=3ebd9ee5-9dcf-418a-9e48-9d80743d83f4] transferring FlowFile[261,100306575165945.mockFlowFile,13B] to 'success'
[pool-145-thread-1] INFO org.apache.nifi.processors.standard.ControlRate - ControlRate[id=3ebd9ee5-9dcf-418a-9e48-9d80743d83f4] transferring FlowFile[262,100306575181926.mockFlowFile,13B] to 'success'
[pool-145-thread-1] INFO org.apache.nifi.processors.standard.ControlRate - ControlRate[id=3ebd9ee5-9dcf-418a-9e48-9d80743d83f4] transferring FlowFile[263,100306575202451.mockFlowFile,13B] to 'success'
[pool-145-thread-1] INFO org.apache.nifi.processors.standard.ControlRate - ControlRate[id=3ebd9ee5-9dcf-418a-9e48-9d80743d83f4] transferring FlowFile[264,100306575219260.mockFlowFile,13B] to 'success'
[pool-145-thread-1] INFO org.apache.nifi.processors.standard.ControlRate - ControlRate[id=3ebd9ee5-9dcf-418a-9e48-9d80743d83f4] transferring FlowFile[265,100306575235152.mockFlowFile,13B] to 'success'
[pool-145-thread-1] INFO org.apache.nifi.processors.standard.ControlRate - ControlRate[id=3ebd9ee5-9dcf-418a-9e48-9d80743d83f4] transferring FlowFile[266,100306575250310.mockFlowFile,13B] to 'success'
[pool-145-thread-1] INFO org.apache.nifi.processors.standard.ControlRate - ControlRate[id=3ebd9ee5-9dcf-418a-9e48-9d80743d83f4] transferring FlowFile[267,100306575265708.mockFlowFile,13B] to 'success'
[pool-145-thread-1] INFO org.apache.nifi.processors.standard.ControlRate - ControlRate[id=3ebd9ee5-9dcf-418a-9e48-9d80743d83f4] transferring FlowFile[268,100306575280757.mockFlowFile,13B] to 'success'
[pool-145-thread-1] INFO org.apache.nifi.processors.standard.ControlRate - ControlRate[id=3ebd9ee5-9dcf-418a-9e48-9d80743d83f4] transferring FlowFile[269,100306575296346.mockFlowFile,13B] to 'success'
[pool-145-thread-1] INFO org.apache.nifi.processors.standard.ControlRate - ControlRate[id=3ebd9ee5-9dcf-418a-9e48-9d80743d83f4] transferring FlowFile[270,100306575311876.mockFlowFile,13B] to 'success'
[pool-145-thread-1] INFO org.apache.nifi.processors.standard.ControlRate - ControlRate[id=3ebd9ee5-9dcf-418a-9e48-9d80743d83f4] transferring FlowFile[271,100306575331935.mockFlowFile,13B] to 'success'
[pool-145-thread-1] INFO org.apache.nifi.processors.standard.ControlRate - ControlRate[id=3ebd9ee5-9dcf-418a-9e48-9d80743d83f4] transferring FlowFile[272,100306575348549.mockFlowFile,13B] to 'success'
[pool-145-thread-1] INFO org.apache.nifi.processors.standard.ControlRate - ControlRate[id=3ebd9ee5-9dcf-418a-9e48-9d80743d83f4] transferring FlowFile[273,100306575363763.mockFlowFile,13B] to 'success'
[pool-145-thread-1] INFO org.apache.nifi.processors.standard.ControlRate - ControlRate[id=3ebd9ee5-9dcf-418a-9e48-9d80743d83f4] transferring FlowFile[274,100306575379788.mockFlowFile,13B] to 'success'
[pool-145-thread-1] INFO org.apache.nifi.processors.standard.ControlRate - ControlRate[id=3ebd9ee5-9dcf-418a-9e48-9d80743d83f4] transferring FlowFile[275,100306575395151.mockFlowFile,13B] to 'success'
[pool-145-thread-1] INFO org.apache.nifi.processors.standard.ControlRate - ControlRate[id=3ebd9ee5-9dcf-418a-9e48-9d80743d83f4] transferring FlowFile[276,100306575410007.mockFlowFile,13B] to 'success'
[pool-145-thread-1] INFO org.apache.nifi.processors.standard.ControlRate - ControlRate[id=3ebd9ee5-9dcf-418a-9e48-9d80743d83f4] transferring FlowFile[277,100306575425233.mockFlowFile,13B] to 'success'
[pool-145-thread-1] INFO org.apache.nifi.processors.standard.ControlRate - ControlRate[id=3ebd9ee5-9dcf-418a-9e48-9d80743d83f4] transferring FlowFile[278,100306575442880.mockFlowFile,13B] to 'success'
[pool-145-thread-1] INFO org.apache.nifi.processors.standard.ControlRate - ControlRate[id=3ebd9ee5-9dcf-418a-9e48-9d80743d83f4] transferring FlowFile[279,100306575464348.mockFlowFile,13B] to 'success'
[pool-145-thread-1] INFO org.apache.nifi.processors.standard.ControlRate - ControlRate[id=3ebd9ee5-9dcf-418a-9e48-9d80743d83f4] transferring FlowFile[280,100306575481399.mockFlowFile,13B] to 'success'
[pool-145-thread-1] INFO org.apache.nifi.processors.standard.ControlRate - ControlRate[id=3ebd9ee5-9dcf-418a-9e48-9d80743d83f4] transferring FlowFile[281,100306575496176.mockFlowFile,13B] to 'success'
[pool-145-thread-1] INFO org.apache.nifi.processors.standard.ControlRate - ControlRate[id=3ebd9ee5-9dcf-418a-9e48-9d80743d83f4] transferring FlowFile[282,100306575511677.mockFlowFile,13B] to 'success'
[pool-145-thread-1] INFO org.apache.nifi.processors.standard.ControlRate - ControlRate[id=3ebd9ee5-9dcf-418a-9e48-9d80743d83f4] transferring FlowFile[283,100306575527026.mockFlowFile,13B] to 'success'
[pool-145-thread-1] INFO org.apache.nifi.processors.standard.ControlRate - ControlRate[id=3ebd9ee5-9dcf-418a-9e48-9d80743d83f4] transferring FlowFile[284,100306575542561.mockFlowFile,13B] to 'success'
[pool-145-thread-1] INFO org.apache.nifi.processors.standard.ControlRate - ControlRate[id=3ebd9ee5-9dcf-418a-9e48-9d80743d83f4] transferring FlowFile[285,100306575558315.mockFlowFile,13B] to 'success'
[pool-145-thread-1] INFO org.apache.nifi.processors.standard.ControlRate - ControlRate[id=3ebd9ee5-9dcf-418a-9e48-9d80743d83f4] transferring FlowFile[286,100306575605389.mockFlowFile,13B] to 'success'
[pool-145-thread-1] INFO org.apache.nifi.processors.standard.ControlRate - ControlRate[id=3ebd9ee5-9dcf-418a-9e48-9d80743d83f4] transferring FlowFile[287,100306575662511.mockFlowFile,13B] to 'success'
[pool-145-thread-1] INFO org.apache.nifi.processors.standard.ControlRate - ControlRate[id=3ebd9ee5-9dcf-418a-9e48-9d80743d83f4] transferring FlowFile[288,100306575680988.mockFlowFile,13B] to 'success'
[pool-145-thread-1] INFO org.apache.nifi.processors.standard.ControlRate - ControlRate[id=3ebd9ee5-9dcf-418a-9e48-9d80743d83f4] transferring FlowFile[289,100306575698779.mockFlowFile,13B] to 'success'
[pool-145-thread-1] INFO org.apache.nifi.processors.standard.ControlRate - ControlRate[id=3ebd9ee5-9dcf-418a-9e48-9d80743d83f4] transferring FlowFile[290,100306575715544.mockFlowFile,13B] to 'success'
[pool-145-thread-1] INFO org.apache.nifi.processors.standard.ControlRate - ControlRate[id=3ebd9ee5-9dcf-418a-9e48-9d80743d83f4] transferring FlowFile[291,100306575737702.mockFlowFile,13B] to 'success'
[pool-145-thread-1] INFO org.apache.nifi.processors.standard.ControlRate - ControlRate[id=3ebd9ee5-9dcf-418a-9e48-9d80743d83f4] transferring FlowFile[292,100306575754548.mockFlowFile,13B] to 'success'
[pool-145-thread-1] INFO org.apache.nifi.processors.standard.ControlRate - ControlRate[id=3ebd9ee5-9dcf-418a-9e48-9d80743d83f4] transferring FlowFile[293,100306575770686.mockFlowFile,13B] to 'success'
[pool-145-thread-1] INFO org.apache.nifi.processors.standard.ControlRate - ControlRate[id=3ebd9ee5-9dcf-418a-9e48-9d80743d83f4] transferring FlowFile[294,100306575787051.mockFlowFile,13B] to 'success'
[pool-145-thread-1] INFO org.apache.nifi.processors.standard.ControlRate - ControlRate[id=3ebd9ee5-9dcf-418a-9e48-9d80743d83f4] transferring FlowFile[295,100306575808461.mockFlowFile,13B] to 'success'
[pool-145-thread-1] INFO org.apache.nifi.processors.standard.ControlRate - ControlRate[id=3ebd9ee5-9dcf-418a-9e48-9d80743d83f4] transferring FlowFile[296,100306575824917.mockFlowFile,13B] to 'success'
[pool-145-thread-1] INFO org.apache.nifi.processors.standard.ControlRate - ControlRate[id=3ebd9ee5-9dcf-418a-9e48-9d80743d83f4] transferring FlowFile[297,100306575847899.mockFlowFile,13B] to 'success'
[pool-145-thread-1] INFO org.apache.nifi.processors.standard.ControlRate - ControlRate[id=3ebd9ee5-9dcf-418a-9e48-9d80743d83f4] transferring FlowFile[298,100306575887513.mockFlowFile,13B] to 'success'
[pool-145-thread-1] INFO org.apache.nifi.processors.standard.ControlRate - ControlRate[id=3ebd9ee5-9dcf-418a-9e48-9d80743d83f4] transferring FlowFile[299,100306575908082.mockFlowFile,13B] to 'success'
[pool-145-thread-1] INFO org.apache.nifi.processors.standard.ControlRate - ControlRate[id=3ebd9ee5-9dcf-418a-9e48-9d80743d83f4] transferring FlowFile[300,100306575924747.mockFlowFile,13B] to 'success'
[pool-145-thread-1] INFO org.apache.nifi.processors.standard.ControlRate - ControlRate[id=3ebd9ee5-9dcf-418a-9e48-9d80743d83f4] transferring FlowFile[301,100306575940348.mockFlowFile,13B] to 'success'
[pool-145-thread-1] INFO org.apache.nifi.processors.standard.ControlRate - ControlRate[id=3ebd9ee5-9dcf-418a-9e48-9d80743d83f4] transferring FlowFile[302,100306575956481.mockFlowFile,13B] to 'success'
[pool-145-thread-1] INFO org.apache.nifi.processors.standard.ControlRate - ControlRate[id=3ebd9ee5-9dcf-418a-9e48-9d80743d83f4] transferring FlowFile[303,100306575979309.mockFlowFile,13B] to 'success'
[pool-145-thread-1] INFO org.apache.nifi.processors.standard.ControlRate - ControlRate[id=3ebd9ee5-9dcf-418a-9e48-9d80743d83f4] transferring FlowFile[304,100306575996711.mockFlowFile,13B] to 'success'
[pool-145-thread-1] INFO org.apache.nifi.processors.standard.ControlRate - ControlRate[id=3ebd9ee5-9dcf-418a-9e48-9d80743d83f4] transferring FlowFile[305,100306576031966.mockFlowFile,13B] to 'success'
[pool-145-thread-1] INFO org.apache.nifi.processors.standard.ControlRate - ControlRate[id=3ebd9ee5-9dcf-418a-9e48-9d80743d83f4] transferring FlowFile[306,100306576053796.mockFlowFile,13B] to 'success'
[pool-145-thread-1] INFO org.apache.nifi.processors.standard.ControlRate - ControlRate[id=3ebd9ee5-9dcf-418a-9e48-9d80743d83f4] transferring FlowFile[307,100306576072356.mockFlowFile,13B] to 'success'
[pool-145-thread-1] INFO org.apache.nifi.processors.standard.ControlRate - ControlRate[id=3ebd9ee5-9dcf-418a-9e48-9d80743d83f4] transferring FlowFile[308,100306576088328.mockFlowFile,13B] to 'success'
[pool-145-thread-1] INFO org.apache.nifi.processors.standard.ControlRate - ControlRate[id=3ebd9ee5-9dcf-418a-9e48-9d80743d83f4] transferring FlowFile[309,100306576104900.mockFlowFile,13B] to 'success'
[pool-145-thread-1] INFO org.apache.nifi.processors.standard.ControlRate - ControlRate[id=3ebd9ee5-9dcf-418a-9e48-9d80743d83f4] transferring FlowFile[310,100306576121111.mockFlowFile,13B] to 'success'
[pool-145-thread-1] INFO org.apache.nifi.processors.standard.ControlRate - ControlRate[id=3ebd9ee5-9dcf-418a-9e48-9d80743d83f4] transferring FlowFile[311,100306576142484.mockFlowFile,13B] to 'success'
[pool-145-thread-1] INFO org.apache.nifi.processors.standard.ControlRate - ControlRate[id=3ebd9ee5-9dcf-418a-9e48-9d80743d83f4] transferring FlowFile[312,100306576159992.mockFlowFile,13B] to 'success'
[pool-145-thread-1] INFO org.apache.nifi.processors.standard.ControlRate - ControlRate[id=3ebd9ee5-9dcf-418a-9e48-9d80743d83f4] transferring FlowFile[313,100306576175290.mockFlowFile,13B] to 'success'
[pool-145-thread-1] INFO org.apache.nifi.processors.standard.ControlRate - ControlRate[id=3ebd9ee5-9dcf-418a-9e48-9d80743d83f4] transferring FlowFile[314,100306576191965.mockFlowFile,13B] to 'success'
[pool-145-thread-1] INFO org.apache.nifi.processors.standard.ControlRate - ControlRate[id=3ebd9ee5-9dcf-418a-9e48-9d80743d83f4] transferring FlowFile[315,100306576207977.mockFlowFile,13B] to 'success'
[pool-145-thread-1] INFO org.apache.nifi.processors.standard.ControlRate - ControlRate[id=3ebd9ee5-9dcf-418a-9e48-9d80743d83f4] transferring FlowFile[316,100306576234250.mockFlowFile,13B] to 'success'
[pool-145-thread-1] INFO org.apache.nifi.processors.standard.ControlRate - ControlRate[id=3ebd9ee5-9dcf-418a-9e48-9d80743d83f4] transferring FlowFile[317,100306576251004.mockFlowFile,13B] to 'success'
[pool-145-thread-1] INFO org.apache.nifi.processors.standard.ControlRate - ControlRate[id=3ebd9ee5-9dcf-418a-9e48-9d80743d83f4] transferring FlowFile[318,100306576266523.mockFlowFile,13B] to 'success'
[pool-145-thread-1] INFO org.apache.nifi.processors.standard.ControlRate - ControlRate[id=3ebd9ee5-9dcf-418a-9e48-9d80743d83f4] transferring FlowFile[319,100306576288549.mockFlowFile,13B] to 'success'
[pool-145-thread-1] INFO org.apache.nifi.processors.standard.ControlRate - ControlRate[id=3ebd9ee5-9dcf-418a-9e48-9d80743d83f4] transferring FlowFile[320,100306576307374.mockFlowFile,13B] to 'success'
[pool-145-thread-1] INFO org.apache.nifi.processors.standard.ControlRate - ControlRate[id=3ebd9ee5-9dcf-418a-9e48-9d80743d83f4] transferring FlowFile[321,100306576322781.mockFlowFile,13B] to 'success'
[pool-145-thread-1] INFO org.apache.nifi.processors.standard.ControlRate - ControlRate[id=3ebd9ee5-9dcf-418a-9e48-9d80743d83f4] transferring FlowFile[322,100306576341513.mockFlowFile,13B] to 'success'
[pool-145-thread-1] INFO org.apache.nifi.processors.standard.ControlRate - ControlRate[id=3ebd9ee5-9dcf-418a-9e48-9d80743d83f4] transferring FlowFile[323,100306576361015.mockFlowFile,13B] to 'success'
[pool-145-thread-1] INFO org.apache.nifi.processors.standard.ControlRate - ControlRate[id=3ebd9ee5-9dcf-418a-9e48-9d80743d83f4] transferring FlowFile[324,100306576377417.mockFlowFile,13B] to 'success'
[pool-145-thread-1] INFO org.apache.nifi.processors.standard.ControlRate - ControlRate[id=3ebd9ee5-9dcf-418a-9e48-9d80743d83f4] transferring FlowFile[325,100306576393742.mockFlowFile,13B] to 'success'
[pool-145-thread-1] INFO org.apache.nifi.processors.standard.ControlRate - ControlRate[id=3ebd9ee5-9dcf-418a-9e48-9d80743d83f4] transferring FlowFile[326,100306576408720.mockFlowFile,13B] to 'success'
[pool-145-thread-1] INFO org.apache.nifi.processors.standard.ControlRate - ControlRate[id=3ebd9ee5-9dcf-418a-9e48-9d80743d83f4] transferring FlowFile[327,100306576429284.mockFlowFile,13B] to 'success'
[pool-145-thread-1] INFO org.apache.nifi.processors.standard.ControlRate - ControlRate[id=3ebd9ee5-9dcf-418a-9e48-9d80743d83f4] transferring FlowFile[328,100306576445151.mockFlowFile,13B] to 'success'
[pool-145-thread-1] INFO org.apache.nifi.processors.standard.ControlRate - ControlRate[id=3ebd9ee5-9dcf-418a-9e48-9d80743d83f4] transferring FlowFile[329,100306576461226.mockFlowFile,13B] to 'success'
[pool-145-thread-1] INFO org.apache.nifi.processors.standard.ControlRate - ControlRate[id=3ebd9ee5-9dcf-418a-9e48-9d80743d83f4] transferring FlowFile[330,100306576477008.mockFlowFile,13B] to 'success'
[pool-145-thread-1] INFO org.apache.nifi.processors.standard.ControlRate - ControlRate[id=3ebd9ee5-9dcf-418a-9e48-9d80743d83f4] transferring FlowFile[331,100306576492350.mockFlowFile,13B] to 'success'
[pool-145-thread-1] INFO org.apache.nifi.processors.standard.ControlRate - ControlRate[id=3ebd9ee5-9dcf-418a-9e48-9d80743d83f4] transferring FlowFile[332,100306576508814.mockFlowFile,13B] to 'success'
[pool-145-thread-1] INFO org.apache.nifi.processors.standard.ControlRate - ControlRate[id=3ebd9ee5-9dcf-418a-9e48-9d80743d83f4] transferring FlowFile[333,100306576524050.mockFlowFile,13B] to 'success'
[pool-145-thread-1] INFO org.apache.nifi.processors.standard.ControlRate - ControlRate[id=3ebd9ee5-9dcf-418a-9e48-9d80743d83f4] transferring FlowFile[334,100306576540457.mockFlowFile,13B] to 'success'
[pool-145-thread-1] INFO org.apache.nifi.processors.standard.ControlRate - ControlRate[id=3ebd9ee5-9dcf-418a-9e48-9d80743d83f4] transferring FlowFile[335,100306576560668.mockFlowFile,13B] to 'success'
[pool-145-thread-1] INFO org.apache.nifi.processors.standard.ControlRate - ControlRate[id=3ebd9ee5-9dcf-418a-9e48-9d80743d83f4] transferring FlowFile[336,100306576576605.mockFlowFile,13B] to 'success'
[pool-145-thread-1] INFO org.apache.nifi.processors.standard.ControlRate - ControlRate[id=3ebd9ee5-9dcf-418a-9e48-9d80743d83f4] transferring FlowFile[337,100306576594118.mockFlowFile,13B] to 'success'
[pool-145-thread-1] INFO org.apache.nifi.processors.standard.ControlRate - ControlRate[id=3ebd9ee5-9dcf-418a-9e48-9d80743d83f4] transferring FlowFile[338,100306576609587.mockFlowFile,13B] to 'success'
[pool-145-thread-1] INFO org.apache.nifi.processors.standard.ControlRate - ControlRate[id=3ebd9ee5-9dcf-418a-9e48-9d80743d83f4] transferring FlowFile[339,100306576625469.mockFlowFile,13B] to 'success'
[pool-145-thread-1] INFO org.apache.nifi.processors.standard.ControlRate - ControlRate[id=3ebd9ee5-9dcf-418a-9e48-9d80743d83f4] transferring FlowFile[340,100306576641163.mockFlowFile,13B] to 'success'
[pool-145-thread-1] INFO org.apache.nifi.processors.standard.ControlRate - ControlRate[id=3ebd9ee5-9dcf-418a-9e48-9d80743d83f4] transferring FlowFile[341,100306576657174.mockFlowFile,13B] to 'success'
[pool-145-thread-1] INFO org.apache.nifi.processors.standard.ControlRate - ControlRate[id=3ebd9ee5-9dcf-418a-9e48-9d80743d83f4] transferring FlowFile[342,100306576672701.mockFlowFile,13B] to 'success'
[pool-145-thread-1] INFO org.apache.nifi.processors.standard.ControlRate - ControlRate[id=3ebd9ee5-9dcf-418a-9e48-9d80743d83f4] transferring FlowFile[343,100306576694751.mockFlowFile,13B] to 'success'
[pool-145-thread-1] INFO org.apache.nifi.processors.standard.ControlRate - ControlRate[id=3ebd9ee5-9dcf-418a-9e48-9d80743d83f4] transferring FlowFile[344,100306576711590.mockFlowFile,13B] to 'success'
[pool-145-thread-1] INFO org.apache.nifi.processors.standard.ControlRate - ControlRate[id=3ebd9ee5-9dcf-418a-9e48-9d80743d83f4] transferring FlowFile[345,100306576729047.mockFlowFile,13B] to 'success'
[pool-145-thread-1] INFO org.apache.nifi.processors.standard.ControlRate - ControlRate[id=3ebd9ee5-9dcf-418a-9e48-9d80743d83f4] transferring FlowFile[346,100306576745177.mockFlowFile,13B] to 'success'
[pool-145-thread-1] INFO org.apache.nifi.processors.standard.ControlRate - ControlRate[id=3ebd9ee5-9dcf-418a-9e48-9d80743d83f4] transferring FlowFile[347,100306576761825.mockFlowFile,13B] to 'success'
[pool-145-thread-1] INFO org.apache.nifi.processors.standard.ControlRate - ControlRate[id=3ebd9ee5-9dcf-418a-9e48-9d80743d83f4] transferring FlowFile[348,100306576776931.mockFlowFile,13B] to 'success'
[pool-145-thread-1] INFO org.apache.nifi.processors.standard.ControlRate - ControlRate[id=3ebd9ee5-9dcf-418a-9e48-9d80743d83f4] transferring FlowFile[349,100306576801271.mockFlowFile,13B] to 'success'
[pool-145-thread-1] INFO org.apache.nifi.processors.standard.ControlRate - ControlRate[id=3ebd9ee5-9dcf-418a-9e48-9d80743d83f4] transferring FlowFile[350,100306576818950.mockFlowFile,13B] to 'success'
[pool-145-thread-1] INFO org.apache.nifi.processors.standard.ControlRate - ControlRate[id=3ebd9ee5-9dcf-418a-9e48-9d80743d83f4] transferring FlowFile[351,100306576903287.mockFlowFile,13B] to 'success'
[pool-145-thread-1] INFO org.apache.nifi.processors.standard.ControlRate - ControlRate[id=3ebd9ee5-9dcf-418a-9e48-9d80743d83f4] transferring FlowFile[352,100306576983454.mockFlowFile,13B] to 'success'
[pool-145-thread-1] INFO org.apache.nifi.processors.standard.ControlRate - ControlRate[id=3ebd9ee5-9dcf-418a-9e48-9d80743d83f4] transferring FlowFile[353,100306577003187.mockFlowFile,13B] to 'success'
[pool-145-thread-1] INFO org.apache.nifi.processors.standard.ControlRate - ControlRate[id=3ebd9ee5-9dcf-418a-9e48-9d80743d83f4] transferring FlowFile[354,100306577023573.mockFlowFile,13B] to 'success'
[pool-145-thread-1] INFO org.apache.nifi.processors.standard.ControlRate - ControlRate[id=3ebd9ee5-9dcf-418a-9e48-9d80743d83f4] transferring FlowFile[355,100306577040265.mockFlowFile,13B] to 'success'
[pool-145-thread-1] INFO org.apache.nifi.processors.standard.ControlRate - ControlRate[id=3ebd9ee5-9dcf-418a-9e48-9d80743d83f4] transferring FlowFile[356,100306577055996.mockFlowFile,13B] to 'success'
[pool-145-thread-1] INFO org.apache.nifi.processors.standard.ControlRate - ControlRate[id=3ebd9ee5-9dcf-418a-9e48-9d80743d83f4] transferring FlowFile[357,100306577081048.mockFlowFile,13B] to 'success'
[pool-145-thread-1] INFO org.apache.nifi.processors.standard.ControlRate - ControlRate[id=3ebd9ee5-9dcf-418a-9e48-9d80743d83f4] transferring FlowFile[358,100306577098027.mockFlowFile,13B] to 'success'
[pool-145-thread-1] INFO org.apache.nifi.processors.standard.ControlRate - ControlRate[id=3ebd9ee5-9dcf-418a-9e48-9d80743d83f4] transferring FlowFile[359,100306577120231.mockFlowFile,13B] to 'success'
[pool-145-thread-1] INFO org.apache.nifi.processors.standard.ControlRate - ControlRate[id=3ebd9ee5-9dcf-418a-9e48-9d80743d83f4] transferring FlowFile[360,100306577137456.mockFlowFile,13B] to 'success'
[pool-145-thread-1] INFO org.apache.nifi.processors.standard.ControlRate - ControlRate[id=3ebd9ee5-9dcf-418a-9e48-9d80743d83f4] transferring FlowFile[361,100306577153369.mockFlowFile,13B] to 'success'
[pool-145-thread-1] INFO org.apache.nifi.processors.standard.ControlRate - ControlRate[id=3ebd9ee5-9dcf-418a-9e48-9d80743d83f4] transferring FlowFile[362,100306577169447.mockFlowFile,13B] to 'success'
[pool-145-thread-1] INFO org.apache.nifi.processors.standard.ControlRate - ControlRate[id=3ebd9ee5-9dcf-418a-9e48-9d80743d83f4] transferring FlowFile[363,100306577185224.mockFlowFile,13B] to 'success'
[pool-145-thread-1] INFO org.apache.nifi.processors.standard.ControlRate - ControlRate[id=3ebd9ee5-9dcf-418a-9e48-9d80743d83f4] transferring FlowFile[364,100306577201561.mockFlowFile,13B] to 'success'
[pool-145-thread-1] INFO org.apache.nifi.processors.standard.ControlRate - ControlRate[id=3ebd9ee5-9dcf-418a-9e48-9d80743d83f4] transferring FlowFile[365,100306577217459.mockFlowFile,13B] to 'success'
[pool-145-thread-1] INFO org.apache.nifi.processors.standard.ControlRate - ControlRate[id=3ebd9ee5-9dcf-418a-9e48-9d80743d83f4] transferring FlowFile[366,100306577232412.mockFlowFile,13B] to 'success'
[pool-145-thread-1] INFO org.apache.nifi.processors.standard.ControlRate - ControlRate[id=3ebd9ee5-9dcf-418a-9e48-9d80743d83f4] transferring FlowFile[367,100306577253245.mockFlowFile,13B] to 'success'
[pool-145-thread-1] INFO org.apache.nifi.processors.standard.ControlRate - ControlRate[id=3ebd9ee5-9dcf-418a-9e48-9d80743d83f4] transferring FlowFile[368,100306577269014.mockFlowFile,13B] to 'success'
[pool-145-thread-1] INFO org.apache.nifi.processors.standard.ControlRate - ControlRate[id=3ebd9ee5-9dcf-418a-9e48-9d80743d83f4] transferring FlowFile[369,100306577285153.mockFlowFile,13B] to 'success'
[pool-145-thread-1] INFO org.apache.nifi.processors.standard.ControlRate - ControlRate[id=3ebd9ee5-9dcf-418a-9e48-9d80743d83f4] transferring FlowFile[370,100306577302988.mockFlowFile,13B] to 'success'
[pool-145-thread-1] INFO org.apache.nifi.processors.standard.ControlRate - ControlRate[id=3ebd9ee5-9dcf-418a-9e48-9d80743d83f4] transferring FlowFile[371,100306577322017.mockFlowFile,13B] to 'success'
[pool-145-thread-1] INFO org.apache.nifi.processors.standard.ControlRate - ControlRate[id=3ebd9ee5-9dcf-418a-9e48-9d80743d83f4] transferring FlowFile[372,100306577338642.mockFlowFile,13B] to 'success'
[pool-145-thread-1] INFO org.apache.nifi.processors.standard.ControlRate - ControlRate[id=3ebd9ee5-9dcf-418a-9e48-9d80743d83f4] transferring FlowFile[373,100306577353561.mockFlowFile,13B] to 'success'
[pool-145-thread-1] INFO org.apache.nifi.processors.standard.ControlRate - ControlRate[id=3ebd9ee5-9dcf-418a-9e48-9d80743d83f4] transferring FlowFile[374,100306577369688.mockFlowFile,13B] to 'success'
[pool-145-thread-1] INFO org.apache.nifi.processors.standard.ControlRate - ControlRate[id=3ebd9ee5-9dcf-418a-9e48-9d80743d83f4] transferring FlowFile[375,100306577390512.mockFlowFile,13B] to 'success'
[pool-145-thread-1] INFO org.apache.nifi.processors.standard.ControlRate - ControlRate[id=3ebd9ee5-9dcf-418a-9e48-9d80743d83f4] transferring FlowFile[376,100306577406460.mockFlowFile,13B] to 'success'
[pool-145-thread-1] INFO org.apache.nifi.processors.standard.ControlRate - ControlRate[id=3ebd9ee5-9dcf-418a-9e48-9d80743d83f4] transferring FlowFile[377,100306577422775.mockFlowFile,13B] to 'success'
[pool-145-thread-1] INFO org.apache.nifi.processors.standard.ControlRate - ControlRate[id=3ebd9ee5-9dcf-418a-9e48-9d80743d83f4] transferring FlowFile[378,100306577437620.mockFlowFile,13B] to 'success'
[pool-145-thread-1] INFO org.apache.nifi.processors.standard.ControlRate - ControlRate[id=3ebd9ee5-9dcf-418a-9e48-9d80743d83f4] transferring FlowFile[379,100306577454152.mockFlowFile,13B] to 'success'
[pool-145-thread-1] INFO org.apache.nifi.processors.standard.ControlRate - ControlRate[id=3ebd9ee5-9dcf-418a-9e48-9d80743d83f4] transferring FlowFile[380,100306577470126.mockFlowFile,13B] to 'success'
[pool-145-thread-1] INFO org.apache.nifi.processors.standard.ControlRate - ControlRate[id=3ebd9ee5-9dcf-418a-9e48-9d80743d83f4] transferring FlowFile[381,100306577485565.mockFlowFile,13B] to 'success'
[pool-145-thread-1] INFO org.apache.nifi.processors.standard.ControlRate - ControlRate[id=3ebd9ee5-9dcf-418a-9e48-9d80743d83f4] transferring FlowFile[382,100306577501152.mockFlowFile,13B] to 'success'
[pool-145-thread-1] INFO org.apache.nifi.processors.standard.ControlRate - ControlRate[id=3ebd9ee5-9dcf-418a-9e48-9d80743d83f4] transferring FlowFile[383,100306577520917.mockFlowFile,13B] to 'success'
[pool-145-thread-1] INFO org.apache.nifi.processors.standard.ControlRate - ControlRate[id=3ebd9ee5-9dcf-418a-9e48-9d80743d83f4] transferring FlowFile[384,100306577537285.mockFlowFile,13B] to 'success'
[pool-145-thread-1] INFO org.apache.nifi.processors.standard.ControlRate - ControlRate[id=3ebd9ee5-9dcf-418a-9e48-9d80743d83f4] transferring FlowFile[385,100306577552708.mockFlowFile,13B] to 'success'
[pool-145-thread-1] INFO org.apache.nifi.processors.standard.ControlRate - ControlRate[id=3ebd9ee5-9dcf-418a-9e48-9d80743d83f4] transferring FlowFile[386,100306577569023.mockFlowFile,13B] to 'success'
[pool-145-thread-1] INFO org.apache.nifi.processors.standard.ControlRate - ControlRate[id=3ebd9ee5-9dcf-418a-9e48-9d80743d83f4] transferring FlowFile[387,100306577584861.mockFlowFile,13B] to 'success'
[pool-145-thread-1] INFO org.apache.nifi.processors.standard.ControlRate - ControlRate[id=3ebd9ee5-9dcf-418a-9e48-9d80743d83f4] transferring FlowFile[388,100306577600560.mockFlowFile,13B] to 'success'
[pool-145-thread-1] INFO org.apache.nifi.processors.standard.ControlRate - ControlRate[id=3ebd9ee5-9dcf-418a-9e48-9d80743d83f4] transferring FlowFile[389,100306577616643.mockFlowFile,13B] to 'success'
[pool-145-thread-1] INFO org.apache.nifi.processors.standard.ControlRate - ControlRate[id=3ebd9ee5-9dcf-418a-9e48-9d80743d83f4] transferring FlowFile[390,100306577632864.mockFlowFile,13B] to 'success'
[pool-145-thread-1] INFO org.apache.nifi.processors.standard.ControlRate - ControlRate[id=3ebd9ee5-9dcf-418a-9e48-9d80743d83f4] transferring FlowFile[391,100306577653990.mockFlowFile,13B] to 'success'
[pool-145-thread-1] INFO org.apache.nifi.processors.standard.ControlRate - ControlRate[id=3ebd9ee5-9dcf-418a-9e48-9d80743d83f4] transferring FlowFile[392,100306577670738.mockFlowFile,13B] to 'success'
[pool-145-thread-1] INFO org.apache.nifi.processors.standard.ControlRate - ControlRate[id=3ebd9ee5-9dcf-418a-9e48-9d80743d83f4] transferring FlowFile[393,100306577685512.mockFlowFile,13B] to 'success'
[pool-145-thread-1] INFO org.apache.nifi.processors.standard.ControlRate - ControlRate[id=3ebd9ee5-9dcf-418a-9e48-9d80743d83f4] transferring FlowFile[394,100306577701268.mockFlowFile,13B] to 'success'
[pool-145-thread-1] INFO org.apache.nifi.processors.standard.ControlRate - ControlRate[id=3ebd9ee5-9dcf-418a-9e48-9d80743d83f4] transferring FlowFile[395,100306577716569.mockFlowFile,13B] to 'success'
[pool-145-thread-1] INFO org.apache.nifi.processors.standard.ControlRate - ControlRate[id=3ebd9ee5-9dcf-418a-9e48-9d80743d83f4] transferring FlowFile[396,100306577731596.mockFlowFile,13B] to 'success'
[pool-145-thread-1] INFO org.apache.nifi.processors.standard.ControlRate - ControlRate[id=3ebd9ee5-9dcf-418a-9e48-9d80743d83f4] transferring FlowFile[397,100306577747105.mockFlowFile,13B] to 'success'
[pool-145-thread-1] INFO org.apache.nifi.processors.standard.ControlRate - ControlRate[id=3ebd9ee5-9dcf-418a-9e48-9d80743d83f4] transferring FlowFile[398,100306577762145.mockFlowFile,13B] to 'success'
[pool-145-thread-1] INFO org.apache.nifi.processors.standard.ControlRate - ControlRate[id=3ebd9ee5-9dcf-418a-9e48-9d80743d83f4] transferring FlowFile[399,100306577784801.mockFlowFile,13B] to 'success'
[pool-145-thread-1] INFO org.apache.nifi.processors.standard.ControlRate - ControlRate[id=3ebd9ee5-9dcf-418a-9e48-9d80743d83f4] transferring FlowFile[400,100306577801276.mockFlowFile,13B] to 'success'
[pool-145-thread-1] INFO org.apache.nifi.processors.standard.ControlRate - ControlRate[id=3ebd9ee5-9dcf-418a-9e48-9d80743d83f4] transferring FlowFile[401,100306577816120.mockFlowFile,13B] to 'success'
[pool-145-thread-1] INFO org.apache.nifi.processors.standard.ControlRate - ControlRate[id=3ebd9ee5-9dcf-418a-9e48-9d80743d83f4] transferring FlowFile[402,100306577832124.mockFlowFile,13B] to 'success'
[pool-145-thread-1] INFO org.apache.nifi.processors.standard.ControlRate - ControlRate[id=3ebd9ee5-9dcf-418a-9e48-9d80743d83f4] transferring FlowFile[403,100306577847211.mockFlowFile,13B] to 'success'
[pool-145-thread-1] INFO org.apache.nifi.processors.standard.ControlRate - ControlRate[id=3ebd9ee5-9dcf-418a-9e48-9d80743d83f4] transferring FlowFile[404,100306577862876.mockFlowFile,13B] to 'success'
[pool-145-thread-1] INFO org.apache.nifi.processors.standard.ControlRate - ControlRate[id=3ebd9ee5-9dcf-418a-9e48-9d80743d83f4] transferring FlowFile[405,100306577878452.mockFlowFile,13B] to 'success'
[pool-145-thread-1] INFO org.apache.nifi.processors.standard.ControlRate - ControlRate[id=3ebd9ee5-9dcf-418a-9e48-9d80743d83f4] transferring FlowFile[406,100306577922144.mockFlowFile,13B] to 'success'
[pool-145-thread-1] INFO org.apache.nifi.processors.standard.ControlRate - ControlRate[id=3ebd9ee5-9dcf-418a-9e48-9d80743d83f4] transferring FlowFile[407,100306577944662.mockFlowFile,13B] to 'success'
[pool-145-thread-1] INFO org.apache.nifi.processors.standard.ControlRate - ControlRate[id=3ebd9ee5-9dcf-418a-9e48-9d80743d83f4] transferring FlowFile[408,100306577962204.mockFlowFile,13B] to 'success'
[pool-145-thread-1] INFO org.apache.nifi.processors.standard.ControlRate - ControlRate[id=3ebd9ee5-9dcf-418a-9e48-9d80743d83f4] transferring FlowFile[409,100306577979399.mockFlowFile,13B] to 'success'
[pool-145-thread-1] INFO org.apache.nifi.processors.standard.ControlRate - ControlRate[id=3ebd9ee5-9dcf-418a-9e48-9d80743d83f4] transferring FlowFile[410,100306577995258.mockFlowFile,13B] to 'success'
[pool-145-thread-1] INFO org.apache.nifi.processors.standard.ControlRate - ControlRate[id=3ebd9ee5-9dcf-418a-9e48-9d80743d83f4] transferring FlowFile[411,100306578010170.mockFlowFile,13B] to 'success'
[pool-145-thread-1] INFO org.apache.nifi.processors.standard.ControlRate - ControlRate[id=3ebd9ee5-9dcf-418a-9e48-9d80743d83f4] transferring FlowFile[412,100306578026197.mockFlowFile,13B] to 'success'
[pool-145-thread-1] INFO org.apache.nifi.processors.standard.ControlRate - ControlRate[id=3ebd9ee5-9dcf-418a-9e48-9d80743d83f4] transferring FlowFile[413,100306578040373.mockFlowFile,13B] to 'success'
[pool-145-thread-1] INFO org.apache.nifi.processors.standard.ControlRate - ControlRate[id=3ebd9ee5-9dcf-418a-9e48-9d80743d83f4] transferring FlowFile[414,100306578057249.mockFlowFile,13B] to 'success'
[pool-145-thread-1] INFO org.apache.nifi.processors.standard.ControlRate - ControlRate[id=3ebd9ee5-9dcf-418a-9e48-9d80743d83f4] transferring FlowFile[415,100306578079574.mockFlowFile,13B] to 'success'
[pool-145-thread-1] INFO org.apache.nifi.processors.standard.ControlRate - ControlRate[id=3ebd9ee5-9dcf-418a-9e48-9d80743d83f4] transferring FlowFile[416,100306578103822.mockFlowFile,13B] to 'success'
[pool-145-thread-1] INFO org.apache.nifi.processors.standard.ControlRate - ControlRate[id=3ebd9ee5-9dcf-418a-9e48-9d80743d83f4] transferring FlowFile[417,100306578120231.mockFlowFile,13B] to 'success'
[pool-145-thread-1] INFO org.apache.nifi.processors.standard.ControlRate - ControlRate[id=3ebd9ee5-9dcf-418a-9e48-9d80743d83f4] transferring FlowFile[418,100306578134311.mockFlowFile,13B] to 'success'
[pool-145-thread-1] INFO org.apache.nifi.processors.standard.ControlRate - ControlRate[id=3ebd9ee5-9dcf-418a-9e48-9d80743d83f4] transferring FlowFile[419,100306578150427.mockFlowFile,13B] to 'success'
[pool-145-thread-1] INFO org.apache.nifi.processors.standard.ControlRate - ControlRate[id=3ebd9ee5-9dcf-418a-9e48-9d80743d83f4] transferring FlowFile[420,100306578166041.mockFlowFile,13B] to 'success'
[pool-145-thread-1] INFO org.apache.nifi.processors.standard.ControlRate - ControlRate[id=3ebd9ee5-9dcf-418a-9e48-9d80743d83f4] transferring FlowFile[421,100306578180906.mockFlowFile,13B] to 'success'
[pool-145-thread-1] INFO org.apache.nifi.processors.standard.ControlRate - ControlRate[id=3ebd9ee5-9dcf-418a-9e48-9d80743d83f4] transferring FlowFile[422,100306578196401.mockFlowFile,13B] to 'success'
[pool-145-thread-1] INFO org.apache.nifi.processors.standard.ControlRate - ControlRate[id=3ebd9ee5-9dcf-418a-9e48-9d80743d83f4] transferring FlowFile[423,100306578216228.mockFlowFile,13B] to 'success'
[pool-145-thread-1] INFO org.apache.nifi.processors.standard.ControlRate - ControlRate[id=3ebd9ee5-9dcf-418a-9e48-9d80743d83f4] transferring FlowFile[424,100306578232123.mockFlowFile,13B] to 'success'
[pool-145-thread-1] INFO org.apache.nifi.processors.standard.ControlRate - ControlRate[id=3ebd9ee5-9dcf-418a-9e48-9d80743d83f4] transferring FlowFile[425,100306578248219.mockFlowFile,13B] to 'success'
[pool-145-thread-1] INFO org.apache.nifi.processors.standard.ControlRate - ControlRate[id=3ebd9ee5-9dcf-418a-9e48-9d80743d83f4] transferring FlowFile[426,100306578263172.mockFlowFile,13B] to 'success'
[pool-145-thread-1] INFO org.apache.nifi.processors.standard.ControlRate - ControlRate[id=3ebd9ee5-9dcf-418a-9e48-9d80743d83f4] transferring FlowFile[427,100306578278535.mockFlowFile,13B] to 'success'
[pool-145-thread-1] INFO org.apache.nifi.processors.standard.ControlRate - ControlRate[id=3ebd9ee5-9dcf-418a-9e48-9d80743d83f4] transferring FlowFile[428,100306578292817.mockFlowFile,13B] to 'success'
[pool-145-thread-1] INFO org.apache.nifi.processors.standard.ControlRate - ControlRate[id=3ebd9ee5-9dcf-418a-9e48-9d80743d83f4] transferring FlowFile[429,100306578307911.mockFlowFile,13B] to 'success'
[pool-145-thread-1] INFO org.apache.nifi.processors.standard.ControlRate - ControlRate[id=3ebd9ee5-9dcf-418a-9e48-9d80743d83f4] transferring FlowFile[430,100306578322755.mockFlowFile,13B] to 'success'
[pool-145-thread-1] INFO org.apache.nifi.processors.standard.ControlRate - ControlRate[id=3ebd9ee5-9dcf-418a-9e48-9d80743d83f4] transferring FlowFile[431,100306578342448.mockFlowFile,13B] to 'success'
[pool-145-thread-1] INFO org.apache.nifi.processors.standard.ControlRate - ControlRate[id=3ebd9ee5-9dcf-418a-9e48-9d80743d83f4] transferring FlowFile[432,100306578357766.mockFlowFile,13B] to 'success'
[pool-145-thread-1] INFO org.apache.nifi.processors.standard.ControlRate - ControlRate[id=3ebd9ee5-9dcf-418a-9e48-9d80743d83f4] transferring FlowFile[433,100306578372880.mockFlowFile,13B] to 'success'
[pool-145-thread-1] INFO org.apache.nifi.processors.standard.ControlRate - ControlRate[id=3ebd9ee5-9dcf-418a-9e48-9d80743d83f4] transferring FlowFile[434,100306578393661.mockFlowFile,13B] to 'success'
[pool-145-thread-1] INFO org.apache.nifi.processors.standard.ControlRate - ControlRate[id=3ebd9ee5-9dcf-418a-9e48-9d80743d83f4] transferring FlowFile[435,100306578408966.mockFlowFile,13B] to 'success'
[pool-145-thread-1] INFO org.apache.nifi.processors.standard.ControlRate - ControlRate[id=3ebd9ee5-9dcf-418a-9e48-9d80743d83f4] transferring FlowFile[436,100306578423402.mockFlowFile,13B] to 'success'
[pool-145-thread-1] INFO org.apache.nifi.processors.standard.ControlRate - ControlRate[id=3ebd9ee5-9dcf-418a-9e48-9d80743d83f4] transferring FlowFile[437,100306578438761.mockFlowFile,13B] to 'success'
[pool-145-thread-1] INFO org.apache.nifi.processors.standard.ControlRate - ControlRate[id=3ebd9ee5-9dcf-418a-9e48-9d80743d83f4] transferring FlowFile[438,100306578452671.mockFlowFile,13B] to 'success'
[pool-145-thread-1] INFO org.apache.nifi.processors.standard.ControlRate - ControlRate[id=3ebd9ee5-9dcf-418a-9e48-9d80743d83f4] transferring FlowFile[439,100306578472542.mockFlowFile,13B] to 'success'
[pool-145-thread-1] INFO org.apache.nifi.processors.standard.ControlRate - ControlRate[id=3ebd9ee5-9dcf-418a-9e48-9d80743d83f4] transferring FlowFile[440,100306578488817.mockFlowFile,13B] to 'success'
[pool-145-thread-1] INFO org.apache.nifi.processors.standard.ControlRate - ControlRate[id=3ebd9ee5-9dcf-418a-9e48-9d80743d83f4] transferring FlowFile[441,100306578502826.mockFlowFile,13B] to 'success'
[pool-145-thread-1] INFO org.apache.nifi.processors.standard.ControlRate - ControlRate[id=3ebd9ee5-9dcf-418a-9e48-9d80743d83f4] transferring FlowFile[442,100306578518313.mockFlowFile,13B] to 'success'
[pool-145-thread-1] INFO org.apache.nifi.processors.standard.ControlRate - ControlRate[id=3ebd9ee5-9dcf-418a-9e48-9d80743d83f4] transferring FlowFile[443,100306578533043.mockFlowFile,13B] to 'success'
[pool-145-thread-1] INFO org.apache.nifi.processors.standard.ControlRate - ControlRate[id=3ebd9ee5-9dcf-418a-9e48-9d80743d83f4] transferring FlowFile[444,100306578548275.mockFlowFile,13B] to 'success'
[pool-145-thread-1] INFO org.apache.nifi.processors.standard.ControlRate - ControlRate[id=3ebd9ee5-9dcf-418a-9e48-9d80743d83f4] transferring FlowFile[445,100306578563975.mockFlowFile,13B] to 'success'
[pool-145-thread-1] INFO org.apache.nifi.processors.standard.ControlRate - ControlRate[id=3ebd9ee5-9dcf-418a-9e48-9d80743d83f4] transferring FlowFile[446,100306578578599.mockFlowFile,13B] to 'success'
[pool-145-thread-1] INFO org.apache.nifi.processors.standard.ControlRate - ControlRate[id=3ebd9ee5-9dcf-418a-9e48-9d80743d83f4] transferring FlowFile[447,100306578599361.mockFlowFile,13B] to 'success'
[pool-145-thread-1] INFO org.apache.nifi.processors.standard.ControlRate - ControlRate[id=3ebd9ee5-9dcf-418a-9e48-9d80743d83f4] transferring FlowFile[448,100306578614929.mockFlowFile,13B] to 'success'
[pool-145-thread-1] INFO org.apache.nifi.processors.standard.ControlRate - ControlRate[id=3ebd9ee5-9dcf-418a-9e48-9d80743d83f4] transferring FlowFile[449,100306578630532.mockFlowFile,13B] to 'success'
[pool-145-thread-1] INFO org.apache.nifi.processors.standard.ControlRate - ControlRate[id=3ebd9ee5-9dcf-418a-9e48-9d80743d83f4] transferring FlowFile[450,100306578657344.mockFlowFile,13B] to 'success'
[pool-145-thread-1] INFO org.apache.nifi.processors.standard.ControlRate - ControlRate[id=3ebd9ee5-9dcf-418a-9e48-9d80743d83f4] transferring FlowFile[451,100306578680335.mockFlowFile,13B] to 'success'
[pool-145-thread-1] INFO org.apache.nifi.processors.standard.ControlRate - ControlRate[id=3ebd9ee5-9dcf-418a-9e48-9d80743d83f4] transferring FlowFile[452,100306578698044.mockFlowFile,13B] to 'success'
[pool-145-thread-1] INFO org.apache.nifi.processors.standard.ControlRate - ControlRate[id=3ebd9ee5-9dcf-418a-9e48-9d80743d83f4] transferring FlowFile[453,100306578713660.mockFlowFile,13B] to 'success'
[pool-145-thread-1] INFO org.apache.nifi.processors.standard.ControlRate - ControlRate[id=3ebd9ee5-9dcf-418a-9e48-9d80743d83f4] transferring FlowFile[454,100306578729478.mockFlowFile,13B] to 'success'
[pool-145-thread-1] INFO org.apache.nifi.processors.standard.ControlRate - ControlRate[id=3ebd9ee5-9dcf-418a-9e48-9d80743d83f4] transferring FlowFile[455,100306578750038.mockFlowFile,13B] to 'success'
[pool-145-thread-1] INFO org.apache.nifi.processors.standard.ControlRate - ControlRate[id=3ebd9ee5-9dcf-418a-9e48-9d80743d83f4] transferring FlowFile[456,100306578765384.mockFlowFile,13B] to 'success'
[pool-145-thread-1] INFO org.apache.nifi.processors.standard.ControlRate - ControlRate[id=3ebd9ee5-9dcf-418a-9e48-9d80743d83f4] transferring FlowFile[457,100306578781082.mockFlowFile,13B] to 'success'
[pool-145-thread-1] INFO org.apache.nifi.processors.standard.ControlRate - ControlRate[id=3ebd9ee5-9dcf-418a-9e48-9d80743d83f4] transferring FlowFile[458,100306578795686.mockFlowFile,13B] to 'success'
[pool-145-thread-1] INFO org.apache.nifi.processors.standard.ControlRate - ControlRate[id=3ebd9ee5-9dcf-418a-9e48-9d80743d83f4] transferring FlowFile[459,100306578810780.mockFlowFile,13B] to 'success'
[pool-145-thread-1] INFO org.apache.nifi.processors.standard.ControlRate - ControlRate[id=3ebd9ee5-9dcf-418a-9e48-9d80743d83f4] transferring FlowFile[460,100306578826439.mockFlowFile,13B] to 'success'
[pool-145-thread-1] INFO org.apache.nifi.processors.standard.ControlRate - ControlRate[id=3ebd9ee5-9dcf-418a-9e48-9d80743d83f4] transferring FlowFile[461,100306578841792.mockFlowFile,13B] to 'success'
[pool-145-thread-1] INFO org.apache.nifi.processors.standard.ControlRate - ControlRate[id=3ebd9ee5-9dcf-418a-9e48-9d80743d83f4] transferring FlowFile[462,100306578857007.mockFlowFile,13B] to 'success'
[pool-145-thread-1] INFO org.apache.nifi.processors.standard.ControlRate - ControlRate[id=3ebd9ee5-9dcf-418a-9e48-9d80743d83f4] transferring FlowFile[463,100306578876560.mockFlowFile,13B] to 'success'
[pool-145-thread-1] INFO org.apache.nifi.processors.standard.ControlRate - ControlRate[id=3ebd9ee5-9dcf-418a-9e48-9d80743d83f4] transferring FlowFile[464,100306578893963.mockFlowFile,13B] to 'success'
[pool-145-thread-1] INFO org.apache.nifi.processors.standard.ControlRate - ControlRate[id=3ebd9ee5-9dcf-418a-9e48-9d80743d83f4] transferring FlowFile[465,100306578909270.mockFlowFile,13B] to 'success'
[pool-145-thread-1] INFO org.apache.nifi.processors.standard.ControlRate - ControlRate[id=3ebd9ee5-9dcf-418a-9e48-9d80743d83f4] transferring FlowFile[466,100306578923656.mockFlowFile,13B] to 'success'
[pool-145-thread-1] INFO org.apache.nifi.processors.standard.ControlRate - ControlRate[id=3ebd9ee5-9dcf-418a-9e48-9d80743d83f4] transferring FlowFile[467,100306578938710.mockFlowFile,13B] to 'success'
[pool-145-thread-1] INFO org.apache.nifi.processors.standard.ControlRate - ControlRate[id=3ebd9ee5-9dcf-418a-9e48-9d80743d83f4] transferring FlowFile[468,100306578953005.mockFlowFile,13B] to 'success'
[pool-145-thread-1] INFO org.apache.nifi.processors.standard.ControlRate - ControlRate[id=3ebd9ee5-9dcf-418a-9e48-9d80743d83f4] transferring FlowFile[469,100306578968125.mockFlowFile,13B] to 'success'
[pool-145-thread-1] INFO org.apache.nifi.processors.standard.ControlRate - ControlRate[id=3ebd9ee5-9dcf-418a-9e48-9d80743d83f4] transferring FlowFile[470,100306578983211.mockFlowFile,13B] to 'success'
[pool-145-thread-1] INFO org.apache.nifi.processors.standard.ControlRate - ControlRate[id=3ebd9ee5-9dcf-418a-9e48-9d80743d83f4] transferring FlowFile[471,100306579002716.mockFlowFile,13B] to 'success'
[pool-145-thread-1] INFO org.apache.nifi.processors.standard.ControlRate - ControlRate[id=3ebd9ee5-9dcf-418a-9e48-9d80743d83f4] transferring FlowFile[472,100306579018560.mockFlowFile,13B] to 'success'
[pool-145-thread-1] INFO org.apache.nifi.processors.standard.ControlRate - ControlRate[id=3ebd9ee5-9dcf-418a-9e48-9d80743d83f4] transferring FlowFile[473,100306579032943.mockFlowFile,13B] to 'success'
[pool-145-thread-1] INFO org.apache.nifi.processors.standard.ControlRate - ControlRate[id=3ebd9ee5-9dcf-418a-9e48-9d80743d83f4] transferring FlowFile[474,100306579057264.mockFlowFile,13B] to 'success'
[pool-145-thread-1] INFO org.apache.nifi.processors.standard.ControlRate - ControlRate[id=3ebd9ee5-9dcf-418a-9e48-9d80743d83f4] transferring FlowFile[475,100306579074780.mockFlowFile,13B] to 'success'
[pool-145-thread-1] INFO org.apache.nifi.processors.standard.ControlRate - ControlRate[id=3ebd9ee5-9dcf-418a-9e48-9d80743d83f4] transferring FlowFile[476,100306579089852.mockFlowFile,13B] to 'success'
[pool-145-thread-1] INFO org.apache.nifi.processors.standard.ControlRate - ControlRate[id=3ebd9ee5-9dcf-418a-9e48-9d80743d83f4] transferring FlowFile[477,100306579105585.mockFlowFile,13B] to 'success'
[pool-145-thread-1] INFO org.apache.nifi.processors.standard.ControlRate - ControlRate[id=3ebd9ee5-9dcf-418a-9e48-9d80743d83f4] transferring FlowFile[478,100306579119747.mockFlowFile,13B] to 'success'
[pool-145-thread-1] INFO org.apache.nifi.processors.standard.ControlRate - ControlRate[id=3ebd9ee5-9dcf-418a-9e48-9d80743d83f4] transferring FlowFile[479,100306579200166.mockFlowFile,13B] to 'success'
[pool-145-thread-1] INFO org.apache.nifi.processors.standard.ControlRate - ControlRate[id=3ebd9ee5-9dcf-418a-9e48-9d80743d83f4] transferring FlowFile[480,100306579255779.mockFlowFile,13B] to 'success'
[pool-145-thread-1] INFO org.apache.nifi.processors.standard.ControlRate - ControlRate[id=3ebd9ee5-9dcf-418a-9e48-9d80743d83f4] transferring FlowFile[481,100306579271351.mockFlowFile,13B] to 'success'
[pool-145-thread-1] INFO org.apache.nifi.processors.standard.ControlRate - ControlRate[id=3ebd9ee5-9dcf-418a-9e48-9d80743d83f4] transferring FlowFile[482,100306579288037.mockFlowFile,13B] to 'success'
[pool-145-thread-1] INFO org.apache.nifi.processors.standard.ControlRate - ControlRate[id=3ebd9ee5-9dcf-418a-9e48-9d80743d83f4] transferring FlowFile[483,100306579301979.mockFlowFile,13B] to 'success'
[pool-145-thread-1] INFO org.apache.nifi.processors.standard.ControlRate - ControlRate[id=3ebd9ee5-9dcf-418a-9e48-9d80743d83f4] transferring FlowFile[484,100306579316826.mockFlowFile,13B] to 'success'
[pool-145-thread-1] INFO org.apache.nifi.processors.standard.ControlRate - ControlRate[id=3ebd9ee5-9dcf-418a-9e48-9d80743d83f4] transferring FlowFile[485,100306579332795.mockFlowFile,13B] to 'success'
[pool-145-thread-1] INFO org.apache.nifi.processors.standard.ControlRate - ControlRate[id=3ebd9ee5-9dcf-418a-9e48-9d80743d83f4] transferring FlowFile[486,100306579346975.mockFlowFile,13B] to 'success'
[pool-145-thread-1] INFO org.apache.nifi.processors.standard.ControlRate - ControlRate[id=3ebd9ee5-9dcf-418a-9e48-9d80743d83f4] transferring FlowFile[487,100306579367296.mockFlowFile,13B] to 'success'
[pool-145-thread-1] INFO org.apache.nifi.processors.standard.ControlRate - ControlRate[id=3ebd9ee5-9dcf-418a-9e48-9d80743d83f4] transferring FlowFile[488,100306579384759.mockFlowFile,13B] to 'success'
[pool-145-thread-1] INFO org.apache.nifi.processors.standard.ControlRate - ControlRate[id=3ebd9ee5-9dcf-418a-9e48-9d80743d83f4] transferring FlowFile[489,100306579400737.mockFlowFile,13B] to 'success'
[pool-145-thread-1] INFO org.apache.nifi.processors.standard.ControlRate - ControlRate[id=3ebd9ee5-9dcf-418a-9e48-9d80743d83f4] transferring FlowFile[490,100306579415050.mockFlowFile,13B] to 'success'
[pool-145-thread-1] INFO org.apache.nifi.processors.standard.ControlRate - ControlRate[id=3ebd9ee5-9dcf-418a-9e48-9d80743d83f4] transferring FlowFile[491,100306579430629.mockFlowFile,13B] to 'success'
[pool-145-thread-1] INFO org.apache.nifi.processors.standard.ControlRate - ControlRate[id=3ebd9ee5-9dcf-418a-9e48-9d80743d83f4] transferring FlowFile[492,100306579446070.mockFlowFile,13B] to 'success'
[pool-145-thread-1] INFO org.apache.nifi.processors.standard.ControlRate - ControlRate[id=3ebd9ee5-9dcf-418a-9e48-9d80743d83f4] transferring FlowFile[493,100306579460210.mockFlowFile,13B] to 'success'
[pool-145-thread-1] INFO org.apache.nifi.processors.standard.ControlRate - ControlRate[id=3ebd9ee5-9dcf-418a-9e48-9d80743d83f4] transferring FlowFile[494,100306579475665.mockFlowFile,13B] to 'success'
[pool-145-thread-1] INFO org.apache.nifi.processors.standard.ControlRate - ControlRate[id=3ebd9ee5-9dcf-418a-9e48-9d80743d83f4] transferring FlowFile[495,100306579558490.mockFlowFile,13B] to 'success'
[pool-145-thread-1] INFO org.apache.nifi.processors.standard.ControlRate - ControlRate[id=3ebd9ee5-9dcf-418a-9e48-9d80743d83f4] transferring FlowFile[496,100306579573772.mockFlowFile,13B] to 'success'
[pool-145-thread-1] INFO org.apache.nifi.processors.standard.ControlRate - ControlRate[id=3ebd9ee5-9dcf-418a-9e48-9d80743d83f4] transferring FlowFile[497,100306579588976.mockFlowFile,13B] to 'success'
[pool-145-thread-1] INFO org.apache.nifi.processors.standard.ControlRate - ControlRate[id=3ebd9ee5-9dcf-418a-9e48-9d80743d83f4] transferring FlowFile[498,100306579603091.mockFlowFile,13B] to 'success'
[pool-145-thread-1] INFO org.apache.nifi.processors.standard.ControlRate - ControlRate[id=3ebd9ee5-9dcf-418a-9e48-9d80743d83f4] transferring FlowFile[499,100306579619865.mockFlowFile,13B] to 'success'
[pool-145-thread-1] INFO org.apache.nifi.processors.standard.ControlRate - ControlRate[id=3ebd9ee5-9dcf-418a-9e48-9d80743d83f4] transferring FlowFile[500,100306579634943.mockFlowFile,13B] to 'success'
[pool-145-thread-1] INFO org.apache.nifi.processors.standard.ControlRate - ControlRate[id=3ebd9ee5-9dcf-418a-9e48-9d80743d83f4] transferring FlowFile[501,100306579649389.mockFlowFile,13B] to 'success'
[pool-145-thread-1] INFO org.apache.nifi.processors.standard.ControlRate - ControlRate[id=3ebd9ee5-9dcf-418a-9e48-9d80743d83f4] transferring FlowFile[502,100306579664121.mockFlowFile,13B] to 'success'
[pool-145-thread-1] INFO org.apache.nifi.processors.standard.ControlRate - ControlRate[id=3ebd9ee5-9dcf-418a-9e48-9d80743d83f4] transferring FlowFile[503,100306579683003.mockFlowFile,13B] to 'success'
[pool-145-thread-1] INFO org.apache.nifi.processors.standard.ControlRate - ControlRate[id=3ebd9ee5-9dcf-418a-9e48-9d80743d83f4] transferring FlowFile[504,100306579698538.mockFlowFile,13B] to 'success'
[pool-145-thread-1] INFO org.apache.nifi.processors.standard.ControlRate - ControlRate[id=3ebd9ee5-9dcf-418a-9e48-9d80743d83f4] transferring FlowFile[505,100306579713507.mockFlowFile,13B] to 'success'
[pool-145-thread-1] INFO org.apache.nifi.processors.standard.ControlRate - ControlRate[id=3ebd9ee5-9dcf-418a-9e48-9d80743d83f4] transferring FlowFile[506,100306579727709.mockFlowFile,13B] to 'success'
[pool-145-thread-1] INFO org.apache.nifi.processors.standard.ControlRate - ControlRate[id=3ebd9ee5-9dcf-418a-9e48-9d80743d83f4] transferring FlowFile[507,100306579742763.mockFlowFile,13B] to 'success'
[pool-145-thread-1] INFO org.apache.nifi.processors.standard.ControlRate - ControlRate[id=3ebd9ee5-9dcf-418a-9e48-9d80743d83f4] transferring FlowFile[508,100306579757006.mockFlowFile,13B] to 'success'
[pool-145-thread-1] INFO org.apache.nifi.processors.standard.ControlRate - ControlRate[id=3ebd9ee5-9dcf-418a-9e48-9d80743d83f4] transferring FlowFile[509,100306579771688.mockFlowFile,13B] to 'success'
[pool-145-thread-1] INFO org.apache.nifi.processors.standard.ControlRate - ControlRate[id=3ebd9ee5-9dcf-418a-9e48-9d80743d83f4] transferring FlowFile[510,100306579787069.mockFlowFile,13B] to 'success'
[pool-145-thread-1] INFO org.apache.nifi.processors.standard.ControlRate - ControlRate[id=3ebd9ee5-9dcf-418a-9e48-9d80743d83f4] transferring FlowFile[511,100306579806037.mockFlowFile,13B] to 'success'
[pool-145-thread-1] INFO org.apache.nifi.processors.standard.ControlRate - ControlRate[id=3ebd9ee5-9dcf-418a-9e48-9d80743d83f4] transferring FlowFile[512,100306579821876.mockFlowFile,13B] to 'success'
[pool-145-thread-1] INFO org.apache.nifi.processors.standard.ControlRate - ControlRate[id=3ebd9ee5-9dcf-418a-9e48-9d80743d83f4] transferring FlowFile[513,100306579836033.mockFlowFile,13B] to 'success'
[pool-145-thread-1] INFO org.apache.nifi.processors.standard.ControlRate - ControlRate[id=3ebd9ee5-9dcf-418a-9e48-9d80743d83f4] transferring FlowFile[514,100306579850785.mockFlowFile,13B] to 'success'
[pool-145-thread-1] INFO org.apache.nifi.processors.standard.ControlRate - ControlRate[id=3ebd9ee5-9dcf-418a-9e48-9d80743d83f4] transferring FlowFile[515,100306579865656.mockFlowFile,13B] to 'success'
[pool-145-thread-1] INFO org.apache.nifi.processors.standard.ControlRate - ControlRate[id=3ebd9ee5-9dcf-418a-9e48-9d80743d83f4] transferring FlowFile[516,100306579879779.mockFlowFile,13B] to 'success'
[pool-145-thread-1] INFO org.apache.nifi.processors.standard.ControlRate - ControlRate[id=3ebd9ee5-9dcf-418a-9e48-9d80743d83f4] transferring FlowFile[517,100306579894527.mockFlowFile,13B] to 'success'
[pool-145-thread-1] INFO org.apache.nifi.processors.standard.ControlRate - ControlRate[id=3ebd9ee5-9dcf-418a-9e48-9d80743d83f4] transferring FlowFile[518,100306579908685.mockFlowFile,13B] to 'success'
[pool-145-thread-1] INFO org.apache.nifi.processors.standard.ControlRate - ControlRate[id=3ebd9ee5-9dcf-418a-9e48-9d80743d83f4] transferring FlowFile[519,100306579928549.mockFlowFile,13B] to 'success'
[pool-145-thread-1] INFO org.apache.nifi.processors.standard.ControlRate - ControlRate[id=3ebd9ee5-9dcf-418a-9e48-9d80743d83f4] transferring FlowFile[520,100306579946208.mockFlowFile,13B] to 'success'
[pool-145-thread-1] INFO org.apache.nifi.processors.standard.ControlRate - ControlRate[id=3ebd9ee5-9dcf-418a-9e48-9d80743d83f4] transferring FlowFile[521,100306579969102.mockFlowFile,13B] to 'success'
[pool-145-thread-1] INFO org.apache.nifi.processors.standard.ControlRate - ControlRate[id=3ebd9ee5-9dcf-418a-9e48-9d80743d83f4] transferring FlowFile[522,100306579984668.mockFlowFile,13B] to 'success'
[pool-145-thread-1] INFO org.apache.nifi.processors.standard.ControlRate - ControlRate[id=3ebd9ee5-9dcf-418a-9e48-9d80743d83f4] transferring FlowFile[523,100306579998796.mockFlowFile,13B] to 'success'
[pool-145-thread-1] INFO org.apache.nifi.processors.standard.ControlRate - ControlRate[id=3ebd9ee5-9dcf-418a-9e48-9d80743d83f4] transferring FlowFile[524,100306580027734.mockFlowFile,13B] to 'success'
[pool-145-thread-1] INFO org.apache.nifi.processors.standard.ControlRate - ControlRate[id=3ebd9ee5-9dcf-418a-9e48-9d80743d83f4] transferring FlowFile[525,100306580042654.mockFlowFile,13B] to 'success'
[pool-145-thread-1] INFO org.apache.nifi.processors.standard.ControlRate - ControlRate[id=3ebd9ee5-9dcf-418a-9e48-9d80743d83f4] transferring FlowFile[526,100306580057244.mockFlowFile,13B] to 'success'
[pool-145-thread-1] INFO org.apache.nifi.processors.standard.ControlRate - ControlRate[id=3ebd9ee5-9dcf-418a-9e48-9d80743d83f4] transferring FlowFile[527,100306580078031.mockFlowFile,13B] to 'success'
[pool-145-thread-1] INFO org.apache.nifi.processors.standard.ControlRate - ControlRate[id=3ebd9ee5-9dcf-418a-9e48-9d80743d83f4] transferring FlowFile[528,100306580092672.mockFlowFile,13B] to 'success'
[pool-145-thread-1] INFO org.apache.nifi.processors.standard.ControlRate - ControlRate[id=3ebd9ee5-9dcf-418a-9e48-9d80743d83f4] transferring FlowFile[529,100306580108101.mockFlowFile,13B] to 'success'
[pool-145-thread-1] INFO org.apache.nifi.processors.standard.ControlRate - ControlRate[id=3ebd9ee5-9dcf-418a-9e48-9d80743d83f4] transferring FlowFile[530,100306580122967.mockFlowFile,13B] to 'success'
[pool-145-thread-1] INFO org.apache.nifi.processors.standard.ControlRate - ControlRate[id=3ebd9ee5-9dcf-418a-9e48-9d80743d83f4] transferring FlowFile[531,100306580137389.mockFlowFile,13B] to 'success'
[pool-145-thread-1] INFO org.apache.nifi.processors.standard.ControlRate - ControlRate[id=3ebd9ee5-9dcf-418a-9e48-9d80743d83f4] transferring FlowFile[532,100306580152438.mockFlowFile,13B] to 'success'
[pool-145-thread-1] INFO org.apache.nifi.processors.standard.ControlRate - ControlRate[id=3ebd9ee5-9dcf-418a-9e48-9d80743d83f4] transferring FlowFile[533,100306580167477.mockFlowFile,13B] to 'success'
[pool-145-thread-1] INFO org.apache.nifi.processors.standard.ControlRate - ControlRate[id=3ebd9ee5-9dcf-418a-9e48-9d80743d83f4] transferring FlowFile[534,100306580189367.mockFlowFile,13B] to 'success'
[pool-145-thread-1] INFO org.apache.nifi.processors.standard.ControlRate - ControlRate[id=3ebd9ee5-9dcf-418a-9e48-9d80743d83f4] transferring FlowFile[535,100306580209385.mockFlowFile,13B] to 'success'
[pool-145-thread-1] INFO org.apache.nifi.processors.standard.ControlRate - ControlRate[id=3ebd9ee5-9dcf-418a-9e48-9d80743d83f4] transferring FlowFile[536,100306580224825.mockFlowFile,13B] to 'success'
[pool-145-thread-1] INFO org.apache.nifi.processors.standard.ControlRate - ControlRate[id=3ebd9ee5-9dcf-418a-9e48-9d80743d83f4] transferring FlowFile[537,100306580239739.mockFlowFile,13B] to 'success'
[pool-145-thread-1] INFO org.apache.nifi.processors.standard.ControlRate - ControlRate[id=3ebd9ee5-9dcf-418a-9e48-9d80743d83f4] transferring FlowFile[538,100306580253471.mockFlowFile,13B] to 'success'
[pool-145-thread-1] INFO org.apache.nifi.processors.standard.ControlRate - ControlRate[id=3ebd9ee5-9dcf-418a-9e48-9d80743d83f4] transferring FlowFile[539,100306580268606.mockFlowFile,13B] to 'success'
[pool-145-thread-1] INFO org.apache.nifi.processors.standard.ControlRate - ControlRate[id=3ebd9ee5-9dcf-418a-9e48-9d80743d83f4] transferring FlowFile[540,100306580283503.mockFlowFile,13B] to 'success'
[pool-145-thread-1] INFO org.apache.nifi.processors.standard.ControlRate - ControlRate[id=3ebd9ee5-9dcf-418a-9e48-9d80743d83f4] transferring FlowFile[541,100306580297695.mockFlowFile,13B] to 'success'
[pool-145-thread-1] INFO org.apache.nifi.processors.standard.ControlRate - ControlRate[id=3ebd9ee5-9dcf-418a-9e48-9d80743d83f4] transferring FlowFile[542,100306580313443.mockFlowFile,13B] to 'success'
[pool-145-thread-1] INFO org.apache.nifi.processors.standard.ControlRate - ControlRate[id=3ebd9ee5-9dcf-418a-9e48-9d80743d83f4] transferring FlowFile[543,100306580332466.mockFlowFile,13B] to 'success'
[pool-145-thread-1] INFO org.apache.nifi.processors.standard.ControlRate - ControlRate[id=3ebd9ee5-9dcf-418a-9e48-9d80743d83f4] transferring FlowFile[544,100306580347981.mockFlowFile,13B] to 'success'
[pool-145-thread-1] INFO org.apache.nifi.processors.standard.ControlRate - ControlRate[id=3ebd9ee5-9dcf-418a-9e48-9d80743d83f4] transferring FlowFile[545,100306580363191.mockFlowFile,13B] to 'success'
[pool-145-thread-1] INFO org.apache.nifi.processors.standard.ControlRate - ControlRate[id=3ebd9ee5-9dcf-418a-9e48-9d80743d83f4] transferring FlowFile[546,100306580378061.mockFlowFile,13B] to 'success'
[pool-145-thread-1] INFO org.apache.nifi.processors.standard.ControlRate - ControlRate[id=3ebd9ee5-9dcf-418a-9e48-9d80743d83f4] transferring FlowFile[547,100306580392585.mockFlowFile,13B] to 'success'
[pool-145-thread-1] INFO org.apache.nifi.processors.standard.ControlRate - ControlRate[id=3ebd9ee5-9dcf-418a-9e48-9d80743d83f4] transferring FlowFile[548,100306580407076.mockFlowFile,13B] to 'success'
[pool-145-thread-1] INFO org.apache.nifi.processors.standard.ControlRate - ControlRate[id=3ebd9ee5-9dcf-418a-9e48-9d80743d83f4] transferring FlowFile[549,100306580423701.mockFlowFile,13B] to 'success'
[pool-145-thread-1] INFO org.apache.nifi.processors.standard.ControlRate - ControlRate[id=3ebd9ee5-9dcf-418a-9e48-9d80743d83f4] transferring FlowFile[550,100306580438607.mockFlowFile,13B] to 'success'
[pool-145-thread-1] INFO org.apache.nifi.processors.standard.ControlRate - ControlRate[id=3ebd9ee5-9dcf-418a-9e48-9d80743d83f4] transferring FlowFile[551,100306580457061.mockFlowFile,13B] to 'success'
[pool-145-thread-1] INFO org.apache.nifi.processors.standard.ControlRate - ControlRate[id=3ebd9ee5-9dcf-418a-9e48-9d80743d83f4] transferring FlowFile[552,100306580472746.mockFlowFile,13B] to 'success'
[pool-145-thread-1] INFO org.apache.nifi.processors.standard.ControlRate - ControlRate[id=3ebd9ee5-9dcf-418a-9e48-9d80743d83f4] transferring FlowFile[553,100306580486711.mockFlowFile,13B] to 'success'
[pool-145-thread-1] INFO org.apache.nifi.processors.standard.ControlRate - ControlRate[id=3ebd9ee5-9dcf-418a-9e48-9d80743d83f4] transferring FlowFile[554,100306580501755.mockFlowFile,13B] to 'success'
[pool-145-thread-1] INFO org.apache.nifi.processors.standard.ControlRate - ControlRate[id=3ebd9ee5-9dcf-418a-9e48-9d80743d83f4] transferring FlowFile[555,100306580516536.mockFlowFile,13B] to 'success'
[pool-145-thread-1] INFO org.apache.nifi.processors.standard.ControlRate - ControlRate[id=3ebd9ee5-9dcf-418a-9e48-9d80743d83f4] transferring FlowFile[556,100306580530814.mockFlowFile,13B] to 'success'
[pool-145-thread-1] INFO org.apache.nifi.processors.standard.ControlRate - ControlRate[id=3ebd9ee5-9dcf-418a-9e48-9d80743d83f4] transferring FlowFile[557,100306580546113.mockFlowFile,13B] to 'success'
[pool-145-thread-1] INFO org.apache.nifi.processors.standard.ControlRate - ControlRate[id=3ebd9ee5-9dcf-418a-9e48-9d80743d83f4] transferring FlowFile[558,100306580560089.mockFlowFile,13B] to 'success'
[pool-145-thread-1] INFO org.apache.nifi.processors.standard.ControlRate - ControlRate[id=3ebd9ee5-9dcf-418a-9e48-9d80743d83f4] transferring FlowFile[559,100306580580258.mockFlowFile,13B] to 'success'
[pool-145-thread-1] INFO org.apache.nifi.processors.standard.ControlRate - ControlRate[id=3ebd9ee5-9dcf-418a-9e48-9d80743d83f4] transferring FlowFile[560,100306580596314.mockFlowFile,13B] to 'success'
[pool-145-thread-1] INFO org.apache.nifi.processors.standard.ControlRate - ControlRate[id=3ebd9ee5-9dcf-418a-9e48-9d80743d83f4] transferring FlowFile[561,100306580612190.mockFlowFile,13B] to 'success'
[pool-145-thread-1] INFO org.apache.nifi.processors.standard.ControlRate - ControlRate[id=3ebd9ee5-9dcf-418a-9e48-9d80743d83f4] transferring FlowFile[562,100306580628082.mockFlowFile,13B] to 'success'
[pool-145-thread-1] INFO org.apache.nifi.processors.standard.ControlRate - ControlRate[id=3ebd9ee5-9dcf-418a-9e48-9d80743d83f4] transferring FlowFile[563,100306580642931.mockFlowFile,13B] to 'success'
[pool-145-thread-1] INFO org.apache.nifi.processors.standard.ControlRate - ControlRate[id=3ebd9ee5-9dcf-418a-9e48-9d80743d83f4] transferring FlowFile[564,100306580659996.mockFlowFile,13B] to 'success'
[pool-145-thread-1] INFO org.apache.nifi.processors.standard.ControlRate - ControlRate[id=3ebd9ee5-9dcf-418a-9e48-9d80743d83f4] transferring FlowFile[565,100306580701357.mockFlowFile,13B] to 'success'
[pool-145-thread-1] INFO org.apache.nifi.processors.standard.ControlRate - ControlRate[id=3ebd9ee5-9dcf-418a-9e48-9d80743d83f4] transferring FlowFile[566,100306580717100.mockFlowFile,13B] to 'success'
[pool-145-thread-1] INFO org.apache.nifi.processors.standard.ControlRate - ControlRate[id=3ebd9ee5-9dcf-418a-9e48-9d80743d83f4] transferring FlowFile[567,100306580800184.mockFlowFile,13B] to 'success'
[pool-145-thread-1] INFO org.apache.nifi.processors.standard.ControlRate - ControlRate[id=3ebd9ee5-9dcf-418a-9e48-9d80743d83f4] transferring FlowFile[568,100306580821328.mockFlowFile,13B] to 'success'
[pool-145-thread-1] INFO org.apache.nifi.processors.standard.ControlRate - ControlRate[id=3ebd9ee5-9dcf-418a-9e48-9d80743d83f4] transferring FlowFile[569,100306580836083.mockFlowFile,13B] to 'success'
[pool-145-thread-1] INFO org.apache.nifi.processors.standard.ControlRate - ControlRate[id=3ebd9ee5-9dcf-418a-9e48-9d80743d83f4] transferring FlowFile[570,100306580850813.mockFlowFile,13B] to 'success'
[pool-145-thread-1] INFO org.apache.nifi.processors.standard.ControlRate - ControlRate[id=3ebd9ee5-9dcf-418a-9e48-9d80743d83f4] transferring FlowFile[571,100306580864346.mockFlowFile,13B] to 'success'
[pool-145-thread-1] INFO org.apache.nifi.processors.standard.ControlRate - ControlRate[id=3ebd9ee5-9dcf-418a-9e48-9d80743d83f4] transferring FlowFile[572,100306580878735.mockFlowFile,13B] to 'success'
[pool-145-thread-1] INFO org.apache.nifi.processors.standard.ControlRate - ControlRate[id=3ebd9ee5-9dcf-418a-9e48-9d80743d83f4] transferring FlowFile[573,100306580892468.mockFlowFile,13B] to 'success'
[pool-145-thread-1] INFO org.apache.nifi.processors.standard.ControlRate - ControlRate[id=3ebd9ee5-9dcf-418a-9e48-9d80743d83f4] transferring FlowFile[574,100306580907112.mockFlowFile,13B] to 'success'
[pool-145-thread-1] INFO org.apache.nifi.processors.standard.ControlRate - ControlRate[id=3ebd9ee5-9dcf-418a-9e48-9d80743d83f4] transferring FlowFile[575,100306580933053.mockFlowFile,13B] to 'success'
[pool-145-thread-1] INFO org.apache.nifi.processors.standard.ControlRate - ControlRate[id=3ebd9ee5-9dcf-418a-9e48-9d80743d83f4] transferring FlowFile[576,100306580950586.mockFlowFile,13B] to 'success'
[pool-145-thread-1] INFO org.apache.nifi.processors.standard.ControlRate - ControlRate[id=3ebd9ee5-9dcf-418a-9e48-9d80743d83f4] transferring FlowFile[577,100306580965153.mockFlowFile,13B] to 'success'
[pool-145-thread-1] INFO org.apache.nifi.processors.standard.ControlRate - ControlRate[id=3ebd9ee5-9dcf-418a-9e48-9d80743d83f4] transferring FlowFile[578,100306580984459.mockFlowFile,13B] to 'success'
[pool-145-thread-1] INFO org.apache.nifi.processors.standard.ControlRate - ControlRate[id=3ebd9ee5-9dcf-418a-9e48-9d80743d83f4] transferring FlowFile[579,100306581001100.mockFlowFile,13B] to 'success'
[pool-145-thread-1] INFO org.apache.nifi.processors.standard.ControlRate - ControlRate[id=3ebd9ee5-9dcf-418a-9e48-9d80743d83f4] transferring FlowFile[580,100306581015155.mockFlowFile,13B] to 'success'
[pool-145-thread-1] INFO org.apache.nifi.processors.standard.ControlRate - ControlRate[id=3ebd9ee5-9dcf-418a-9e48-9d80743d83f4] transferring FlowFile[581,100306581028448.mockFlowFile,13B] to 'success'
[pool-145-thread-1] INFO org.apache.nifi.processors.standard.ControlRate - ControlRate[id=3ebd9ee5-9dcf-418a-9e48-9d80743d83f4] transferring FlowFile[582,100306581042470.mockFlowFile,13B] to 'success'
[pool-145-thread-1] INFO org.apache.nifi.processors.standard.ControlRate - ControlRate[id=3ebd9ee5-9dcf-418a-9e48-9d80743d83f4] transferring FlowFile[583,100306581060549.mockFlowFile,13B] to 'success'
[pool-145-thread-1] INFO org.apache.nifi.processors.standard.ControlRate - ControlRate[id=3ebd9ee5-9dcf-418a-9e48-9d80743d83f4] transferring FlowFile[584,100306581077702.mockFlowFile,13B] to 'success'
[pool-145-thread-1] INFO org.apache.nifi.processors.standard.ControlRate - ControlRate[id=3ebd9ee5-9dcf-418a-9e48-9d80743d83f4] transferring FlowFile[585,100306581092188.mockFlowFile,13B] to 'success'
[pool-145-thread-1] INFO org.apache.nifi.processors.standard.ControlRate - ControlRate[id=3ebd9ee5-9dcf-418a-9e48-9d80743d83f4] transferring FlowFile[586,100306581105774.mockFlowFile,13B] to 'success'
[pool-145-thread-1] INFO org.apache.nifi.processors.standard.ControlRate - ControlRate[id=3ebd9ee5-9dcf-418a-9e48-9d80743d83f4] transferring FlowFile[587,100306581120061.mockFlowFile,13B] to 'success'
[pool-145-thread-1] INFO org.apache.nifi.processors.standard.ControlRate - ControlRate[id=3ebd9ee5-9dcf-418a-9e48-9d80743d83f4] transferring FlowFile[588,100306581133629.mockFlowFile,13B] to 'success'
[pool-145-thread-1] INFO org.apache.nifi.processors.standard.ControlRate - ControlRate[id=3ebd9ee5-9dcf-418a-9e48-9d80743d83f4] transferring FlowFile[589,100306581147560.mockFlowFile,13B] to 'success'
[pool-145-thread-1] INFO org.apache.nifi.processors.standard.ControlRate - ControlRate[id=3ebd9ee5-9dcf-418a-9e48-9d80743d83f4] transferring FlowFile[590,100306581162226.mockFlowFile,13B] to 'success'
[pool-145-thread-1] INFO org.apache.nifi.processors.standard.ControlRate - ControlRate[id=3ebd9ee5-9dcf-418a-9e48-9d80743d83f4] transferring FlowFile[591,100306581180614.mockFlowFile,13B] to 'success'
[pool-145-thread-1] INFO org.apache.nifi.processors.standard.ControlRate - ControlRate[id=3ebd9ee5-9dcf-418a-9e48-9d80743d83f4] transferring FlowFile[592,100306581195032.mockFlowFile,13B] to 'success'
[pool-145-thread-1] INFO org.apache.nifi.processors.standard.ControlRate - ControlRate[id=3ebd9ee5-9dcf-418a-9e48-9d80743d83f4] transferring FlowFile[593,100306581210178.mockFlowFile,13B] to 'success'
[pool-145-thread-1] INFO org.apache.nifi.processors.standard.ControlRate - ControlRate[id=3ebd9ee5-9dcf-418a-9e48-9d80743d83f4] transferring FlowFile[594,100306581224749.mockFlowFile,13B] to 'success'
[pool-145-thread-1] INFO org.apache.nifi.processors.standard.ControlRate - ControlRate[id=3ebd9ee5-9dcf-418a-9e48-9d80743d83f4] transferring FlowFile[595,100306581239243.mockFlowFile,13B] to 'success'
[pool-145-thread-1] INFO org.apache.nifi.processors.standard.ControlRate - ControlRate[id=3ebd9ee5-9dcf-418a-9e48-9d80743d83f4] transferring FlowFile[596,100306581258564.mockFlowFile,13B] to 'success'
[pool-145-thread-1] INFO org.apache.nifi.processors.standard.ControlRate - ControlRate[id=3ebd9ee5-9dcf-418a-9e48-9d80743d83f4] transferring FlowFile[597,100306581274210.mockFlowFile,13B] to 'success'
[pool-145-thread-1] INFO org.apache.nifi.processors.standard.ControlRate - ControlRate[id=3ebd9ee5-9dcf-418a-9e48-9d80743d83f4] transferring FlowFile[598,100306581288041.mockFlowFile,13B] to 'success'
[pool-145-thread-1] INFO org.apache.nifi.processors.standard.ControlRate - ControlRate[id=3ebd9ee5-9dcf-418a-9e48-9d80743d83f4] transferring FlowFile[599,100306581307796.mockFlowFile,13B] to 'success'
[pool-145-thread-1] INFO org.apache.nifi.processors.standard.ControlRate - ControlRate[id=3ebd9ee5-9dcf-418a-9e48-9d80743d83f4] transferring FlowFile[600,100306581339751.mockFlowFile,13B] to 'success'
[pool-145-thread-1] INFO org.apache.nifi.processors.standard.ControlRate - ControlRate[id=3ebd9ee5-9dcf-418a-9e48-9d80743d83f4] transferring FlowFile[601,100306581353352.mockFlowFile,13B] to 'success'
[pool-145-thread-1] INFO org.apache.nifi.processors.standard.ControlRate - ControlRate[id=3ebd9ee5-9dcf-418a-9e48-9d80743d83f4] transferring FlowFile[602,100306581367653.mockFlowFile,13B] to 'success'
[pool-145-thread-1] INFO org.apache.nifi.processors.standard.ControlRate - ControlRate[id=3ebd9ee5-9dcf-418a-9e48-9d80743d83f4] transferring FlowFile[603,100306581382692.mockFlowFile,13B] to 'success'
[pool-145-thread-1] INFO org.apache.nifi.processors.standard.ControlRate - ControlRate[id=3ebd9ee5-9dcf-418a-9e48-9d80743d83f4] transferring FlowFile[604,100306581396982.mockFlowFile,13B] to 'success'
[pool-145-thread-1] INFO org.apache.nifi.processors.standard.ControlRate - ControlRate[id=3ebd9ee5-9dcf-418a-9e48-9d80743d83f4] transferring FlowFile[605,100306581410782.mockFlowFile,13B] to 'success'
[pool-145-thread-1] INFO org.apache.nifi.processors.standard.ControlRate - ControlRate[id=3ebd9ee5-9dcf-418a-9e48-9d80743d83f4] transferring FlowFile[606,100306581424401.mockFlowFile,13B] to 'success'
[pool-145-thread-1] INFO org.apache.nifi.processors.standard.ControlRate - ControlRate[id=3ebd9ee5-9dcf-418a-9e48-9d80743d83f4] transferring FlowFile[607,100306581467543.mockFlowFile,13B] to 'success'
[pool-145-thread-1] INFO org.apache.nifi.processors.standard.ControlRate - ControlRate[id=3ebd9ee5-9dcf-418a-9e48-9d80743d83f4] transferring FlowFile[608,100306581487162.mockFlowFile,13B] to 'success'
[pool-145-thread-1] INFO org.apache.nifi.processors.standard.ControlRate - ControlRate[id=3ebd9ee5-9dcf-418a-9e48-9d80743d83f4] transferring FlowFile[609,100306581501569.mockFlowFile,13B] to 'success'
[pool-145-thread-1] INFO org.apache.nifi.processors.standard.ControlRate - ControlRate[id=3ebd9ee5-9dcf-418a-9e48-9d80743d83f4] transferring FlowFile[610,100306581516476.mockFlowFile,13B] to 'success'
[pool-145-thread-1] INFO org.apache.nifi.processors.standard.ControlRate - ControlRate[id=3ebd9ee5-9dcf-418a-9e48-9d80743d83f4] transferring FlowFile[611,100306581529914.mockFlowFile,13B] to 'success'
[pool-145-thread-1] INFO org.apache.nifi.processors.standard.ControlRate - ControlRate[id=3ebd9ee5-9dcf-418a-9e48-9d80743d83f4] transferring FlowFile[612,100306581543820.mockFlowFile,13B] to 'success'
[pool-145-thread-1] INFO org.apache.nifi.processors.standard.ControlRate - ControlRate[id=3ebd9ee5-9dcf-418a-9e48-9d80743d83f4] transferring FlowFile[613,100306581558055.mockFlowFile,13B] to 'success'
[pool-145-thread-1] INFO org.apache.nifi.processors.standard.ControlRate - ControlRate[id=3ebd9ee5-9dcf-418a-9e48-9d80743d83f4] transferring FlowFile[614,100306581572854.mockFlowFile,13B] to 'success'
[pool-145-thread-1] INFO org.apache.nifi.processors.standard.ControlRate - ControlRate[id=3ebd9ee5-9dcf-418a-9e48-9d80743d83f4] transferring FlowFile[615,100306581591732.mockFlowFile,13B] to 'success'
[pool-145-thread-1] INFO org.apache.nifi.processors.standard.ControlRate - ControlRate[id=3ebd9ee5-9dcf-418a-9e48-9d80743d83f4] transferring FlowFile[616,100306581607844.mockFlowFile,13B] to 'success'
[pool-145-thread-1] INFO org.apache.nifi.processors.standard.ControlRate - ControlRate[id=3ebd9ee5-9dcf-418a-9e48-9d80743d83f4] transferring FlowFile[617,100306581621653.mockFlowFile,13B] to 'success'
[pool-145-thread-1] INFO org.apache.nifi.processors.standard.ControlRate - ControlRate[id=3ebd9ee5-9dcf-418a-9e48-9d80743d83f4] transferring FlowFile[618,100306581635973.mockFlowFile,13B] to 'success'
[pool-145-thread-1] INFO org.apache.nifi.processors.standard.ControlRate - ControlRate[id=3ebd9ee5-9dcf-418a-9e48-9d80743d83f4] transferring FlowFile[619,100306581659755.mockFlowFile,13B] to 'success'
[pool-145-thread-1] INFO org.apache.nifi.processors.standard.ControlRate - ControlRate[id=3ebd9ee5-9dcf-418a-9e48-9d80743d83f4] transferring FlowFile[620,100306581673561.mockFlowFile,13B] to 'success'
[pool-145-thread-1] INFO org.apache.nifi.processors.standard.ControlRate - ControlRate[id=3ebd9ee5-9dcf-418a-9e48-9d80743d83f4] transferring FlowFile[621,100306581687342.mockFlowFile,13B] to 'success'
[pool-145-thread-1] INFO org.apache.nifi.processors.standard.ControlRate - ControlRate[id=3ebd9ee5-9dcf-418a-9e48-9d80743d83f4] transferring FlowFile[622,100306581700894.mockFlowFile,13B] to 'success'
[pool-145-thread-1] INFO org.apache.nifi.processors.standard.ControlRate - ControlRate[id=3ebd9ee5-9dcf-418a-9e48-9d80743d83f4] transferring FlowFile[623,100306581718967.mockFlowFile,13B] to 'success'
[pool-145-thread-1] INFO org.apache.nifi.processors.standard.ControlRate - ControlRate[id=3ebd9ee5-9dcf-418a-9e48-9d80743d83f4] transferring FlowFile[624,100306581734109.mockFlowFile,13B] to 'success'
[pool-145-thread-1] INFO org.apache.nifi.processors.standard.ControlRate - ControlRate[id=3ebd9ee5-9dcf-418a-9e48-9d80743d83f4] transferring FlowFile[625,100306581748051.mockFlowFile,13B] to 'success'
[pool-145-thread-1] INFO org.apache.nifi.processors.standard.ControlRate - ControlRate[id=3ebd9ee5-9dcf-418a-9e48-9d80743d83f4] transferring FlowFile[626,100306581761679.mockFlowFile,13B] to 'success'
[pool-145-thread-1] INFO org.apache.nifi.processors.standard.ControlRate - ControlRate[id=3ebd9ee5-9dcf-418a-9e48-9d80743d83f4] transferring FlowFile[627,100306581775918.mockFlowFile,13B] to 'success'
[pool-145-thread-1] INFO org.apache.nifi.processors.standard.ControlRate - ControlRate[id=3ebd9ee5-9dcf-418a-9e48-9d80743d83f4] transferring FlowFile[628,100306581789565.mockFlowFile,13B] to 'success'
[pool-145-thread-1] INFO org.apache.nifi.processors.standard.ControlRate - ControlRate[id=3ebd9ee5-9dcf-418a-9e48-9d80743d83f4] transferring FlowFile[629,100306581804545.mockFlowFile,13B] to 'success'
[pool-145-thread-1] INFO org.apache.nifi.processors.standard.ControlRate - ControlRate[id=3ebd9ee5-9dcf-418a-9e48-9d80743d83f4] transferring FlowFile[630,100306581818624.mockFlowFile,13B] to 'success'
[pool-145-thread-1] INFO org.apache.nifi.processors.standard.ControlRate - ControlRate[id=3ebd9ee5-9dcf-418a-9e48-9d80743d83f4] transferring FlowFile[631,100306581836691.mockFlowFile,13B] to 'success'
[pool-145-thread-1] INFO org.apache.nifi.processors.standard.ControlRate - ControlRate[id=3ebd9ee5-9dcf-418a-9e48-9d80743d83f4] transferring FlowFile[632,100306581851545.mockFlowFile,13B] to 'success'
[pool-145-thread-1] INFO org.apache.nifi.processors.standard.ControlRate - ControlRate[id=3ebd9ee5-9dcf-418a-9e48-9d80743d83f4] transferring FlowFile[633,100306581873559.mockFlowFile,13B] to 'success'
[pool-145-thread-1] INFO org.apache.nifi.processors.standard.ControlRate - ControlRate[id=3ebd9ee5-9dcf-418a-9e48-9d80743d83f4] transferring FlowFile[634,100306581887825.mockFlowFile,13B] to 'success'
[pool-145-thread-1] INFO org.apache.nifi.processors.standard.ControlRate - ControlRate[id=3ebd9ee5-9dcf-418a-9e48-9d80743d83f4] transferring FlowFile[635,100306581901808.mockFlowFile,13B] to 'success'
[pool-145-thread-1] INFO org.apache.nifi.processors.standard.ControlRate - ControlRate[id=3ebd9ee5-9dcf-418a-9e48-9d80743d83f4] transferring FlowFile[636,100306581915489.mockFlowFile,13B] to 'success'
[pool-145-thread-1] INFO org.apache.nifi.processors.standard.ControlRate - ControlRate[id=3ebd9ee5-9dcf-418a-9e48-9d80743d83f4] transferring FlowFile[637,100306581930233.mockFlowFile,13B] to 'success'
[pool-145-thread-1] INFO org.apache.nifi.processors.standard.ControlRate - ControlRate[id=3ebd9ee5-9dcf-418a-9e48-9d80743d83f4] transferring FlowFile[638,100306581943332.mockFlowFile,13B] to 'success'
[pool-145-thread-1] INFO org.apache.nifi.processors.standard.ControlRate - ControlRate[id=3ebd9ee5-9dcf-418a-9e48-9d80743d83f4] transferring FlowFile[639,100306581962075.mockFlowFile,13B] to 'success'
[pool-145-thread-1] INFO org.apache.nifi.processors.standard.ControlRate - ControlRate[id=3ebd9ee5-9dcf-418a-9e48-9d80743d83f4] transferring FlowFile[640,100306581977061.mockFlowFile,13B] to 'success'
[pool-145-thread-1] INFO org.apache.nifi.processors.standard.ControlRate - ControlRate[id=3ebd9ee5-9dcf-418a-9e48-9d80743d83f4] transferring FlowFile[641,100306581990384.mockFlowFile,13B] to 'success'
[pool-145-thread-1] INFO org.apache.nifi.processors.standard.ControlRate - ControlRate[id=3ebd9ee5-9dcf-418a-9e48-9d80743d83f4] transferring FlowFile[642,100306582004761.mockFlowFile,13B] to 'success'
[pool-145-thread-1] INFO org.apache.nifi.processors.standard.ControlRate - ControlRate[id=3ebd9ee5-9dcf-418a-9e48-9d80743d83f4] transferring FlowFile[643,100306582018323.mockFlowFile,13B] to 'success'
[pool-145-thread-1] INFO org.apache.nifi.processors.standard.ControlRate - ControlRate[id=3ebd9ee5-9dcf-418a-9e48-9d80743d83f4] transferring FlowFile[644,100306582032272.mockFlowFile,13B] to 'success'
[pool-145-thread-1] INFO org.apache.nifi.processors.standard.ControlRate - ControlRate[id=3ebd9ee5-9dcf-418a-9e48-9d80743d83f4] transferring FlowFile[645,100306582054629.mockFlowFile,13B] to 'success'
[pool-145-thread-1] INFO org.apache.nifi.processors.standard.ControlRate - ControlRate[id=3ebd9ee5-9dcf-418a-9e48-9d80743d83f4] transferring FlowFile[646,100306582069819.mockFlowFile,13B] to 'success'
[pool-145-thread-1] INFO org.apache.nifi.processors.standard.ControlRate - ControlRate[id=3ebd9ee5-9dcf-418a-9e48-9d80743d83f4] transferring FlowFile[647,100306582088348.mockFlowFile,13B] to 'success'
[pool-145-thread-1] INFO org.apache.nifi.processors.standard.ControlRate - ControlRate[id=3ebd9ee5-9dcf-418a-9e48-9d80743d83f4] transferring FlowFile[648,100306582102114.mockFlowFile,13B] to 'success'
[pool-145-thread-1] INFO org.apache.nifi.processors.standard.ControlRate - ControlRate[id=3ebd9ee5-9dcf-418a-9e48-9d80743d83f4] transferring FlowFile[649,100306582116209.mockFlowFile,13B] to 'success'
[pool-145-thread-1] INFO org.apache.nifi.processors.standard.ControlRate - ControlRate[id=3ebd9ee5-9dcf-418a-9e48-9d80743d83f4] transferring FlowFile[650,100306582130101.mockFlowFile,13B] to 'success'
[pool-145-thread-1] INFO org.apache.nifi.processors.standard.ControlRate - ControlRate[id=3ebd9ee5-9dcf-418a-9e48-9d80743d83f4] transferring FlowFile[651,100306582143089.mockFlowFile,13B] to 'success'
[pool-145-thread-1] INFO org.apache.nifi.processors.standard.ControlRate - ControlRate[id=3ebd9ee5-9dcf-418a-9e48-9d80743d83f4] transferring FlowFile[652,100306582156442.mockFlowFile,13B] to 'success'
[pool-145-thread-1] INFO org.apache.nifi.processors.standard.ControlRate - ControlRate[id=3ebd9ee5-9dcf-418a-9e48-9d80743d83f4] transferring FlowFile[653,100306582170041.mockFlowFile,13B] to 'success'
[pool-145-thread-1] INFO org.apache.nifi.processors.standard.ControlRate - ControlRate[id=3ebd9ee5-9dcf-418a-9e48-9d80743d83f4] transferring FlowFile[654,100306582183826.mockFlowFile,13B] to 'success'
[pool-145-thread-1] INFO org.apache.nifi.processors.standard.ControlRate - ControlRate[id=3ebd9ee5-9dcf-418a-9e48-9d80743d83f4] transferring FlowFile[655,100306582202343.mockFlowFile,13B] to 'success'
[pool-145-thread-1] INFO org.apache.nifi.processors.standard.ControlRate - ControlRate[id=3ebd9ee5-9dcf-418a-9e48-9d80743d83f4] transferring FlowFile[656,100306582216171.mockFlowFile,13B] to 'success'
[pool-145-thread-1] INFO org.apache.nifi.processors.standard.ControlRate - ControlRate[id=3ebd9ee5-9dcf-418a-9e48-9d80743d83f4] transferring FlowFile[657,100306582229915.mockFlowFile,13B] to 'success'
[pool-145-thread-1] INFO org.apache.nifi.processors.standard.ControlRate - ControlRate[id=3ebd9ee5-9dcf-418a-9e48-9d80743d83f4] transferring FlowFile[658,100306582242574.mockFlowFile,13B] to 'success'
[pool-145-thread-1] INFO org.apache.nifi.processors.standard.ControlRate - ControlRate[id=3ebd9ee5-9dcf-418a-9e48-9d80743d83f4] transferring FlowFile[659,100306582256199.mockFlowFile,13B] to 'success'
[pool-145-thread-1] INFO org.apache.nifi.processors.standard.ControlRate - ControlRate[id=3ebd9ee5-9dcf-418a-9e48-9d80743d83f4] transferring FlowFile[660,100306582270341.mockFlowFile,13B] to 'success'
[pool-145-thread-1] INFO org.apache.nifi.processors.standard.ControlRate - ControlRate[id=3ebd9ee5-9dcf-418a-9e48-9d80743d83f4] transferring FlowFile[661,100306582284087.mockFlowFile,13B] to 'success'
[pool-145-thread-1] INFO org.apache.nifi.processors.standard.ControlRate - ControlRate[id=3ebd9ee5-9dcf-418a-9e48-9d80743d83f4] transferring FlowFile[662,100306582298951.mockFlowFile,13B] to 'success'
[pool-145-thread-1] INFO org.apache.nifi.processors.standard.ControlRate - ControlRate[id=3ebd9ee5-9dcf-418a-9e48-9d80743d83f4] transferring FlowFile[663,100306582316500.mockFlowFile,13B] to 'success'
[pool-145-thread-1] INFO org.apache.nifi.processors.standard.ControlRate - ControlRate[id=3ebd9ee5-9dcf-418a-9e48-9d80743d83f4] transferring FlowFile[664,100306582331302.mockFlowFile,13B] to 'success'
[pool-145-thread-1] INFO org.apache.nifi.processors.standard.ControlRate - ControlRate[id=3ebd9ee5-9dcf-418a-9e48-9d80743d83f4] transferring FlowFile[665,100306582345222.mockFlowFile,13B] to 'success'
[pool-145-thread-1] INFO org.apache.nifi.processors.standard.ControlRate - ControlRate[id=3ebd9ee5-9dcf-418a-9e48-9d80743d83f4] transferring FlowFile[666,100306582357850.mockFlowFile,13B] to 'success'
[pool-145-thread-1] INFO org.apache.nifi.processors.standard.ControlRate - ControlRate[id=3ebd9ee5-9dcf-418a-9e48-9d80743d83f4] transferring FlowFile[667,100306582371934.mockFlowFile,13B] to 'success'
[pool-145-thread-1] INFO org.apache.nifi.processors.standard.ControlRate - ControlRate[id=3ebd9ee5-9dcf-418a-9e48-9d80743d83f4] transferring FlowFile[668,100306582384633.mockFlowFile,13B] to 'success'
[pool-145-thread-1] INFO org.apache.nifi.processors.standard.ControlRate - ControlRate[id=3ebd9ee5-9dcf-418a-9e48-9d80743d83f4] transferring FlowFile[669,100306582398211.mockFlowFile,13B] to 'success'
[pool-145-thread-1] INFO org.apache.nifi.processors.standard.ControlRate - ControlRate[id=3ebd9ee5-9dcf-418a-9e48-9d80743d83f4] transferring FlowFile[670,100306582411754.mockFlowFile,13B] to 'success'
[pool-145-thread-1] INFO org.apache.nifi.processors.standard.ControlRate - ControlRate[id=3ebd9ee5-9dcf-418a-9e48-9d80743d83f4] transferring FlowFile[671,100306582430842.mockFlowFile,13B] to 'success'
[pool-145-thread-1] INFO org.apache.nifi.processors.standard.ControlRate - ControlRate[id=3ebd9ee5-9dcf-418a-9e48-9d80743d83f4] transferring FlowFile[672,100306582445323.mockFlowFile,13B] to 'success'
[pool-145-thread-1] INFO org.apache.nifi.processors.standard.ControlRate - ControlRate[id=3ebd9ee5-9dcf-418a-9e48-9d80743d83f4] transferring FlowFile[673,100306582458842.mockFlowFile,13B] to 'success'
[pool-145-thread-1] INFO org.apache.nifi.processors.standard.ControlRate - ControlRate[id=3ebd9ee5-9dcf-418a-9e48-9d80743d83f4] transferring FlowFile[674,100306582473041.mockFlowFile,13B] to 'success'
[pool-145-thread-1] INFO org.apache.nifi.processors.standard.ControlRate - ControlRate[id=3ebd9ee5-9dcf-418a-9e48-9d80743d83f4] transferring FlowFile[675,100306582520372.mockFlowFile,13B] to 'success'
[pool-145-thread-1] INFO org.apache.nifi.processors.standard.ControlRate - ControlRate[id=3ebd9ee5-9dcf-418a-9e48-9d80743d83f4] transferring FlowFile[676,100306582533638.mockFlowFile,13B] to 'success'
[pool-145-thread-1] INFO org.apache.nifi.processors.standard.ControlRate - ControlRate[id=3ebd9ee5-9dcf-418a-9e48-9d80743d83f4] transferring FlowFile[677,100306582546908.mockFlowFile,13B] to 'success'
[pool-145-thread-1] INFO org.apache.nifi.processors.standard.ControlRate - ControlRate[id=3ebd9ee5-9dcf-418a-9e48-9d80743d83f4] transferring FlowFile[678,100306582559814.mockFlowFile,13B] to 'success'
[pool-145-thread-1] INFO org.apache.nifi.processors.standard.ControlRate - ControlRate[id=3ebd9ee5-9dcf-418a-9e48-9d80743d83f4] transferring FlowFile[679,100306582578574.mockFlowFile,13B] to 'success'
[pool-145-thread-1] INFO org.apache.nifi.processors.standard.ControlRate - ControlRate[id=3ebd9ee5-9dcf-418a-9e48-9d80743d83f4] transferring FlowFile[680,100306582592246.mockFlowFile,13B] to 'success'
[pool-145-thread-1] INFO org.apache.nifi.processors.standard.ControlRate - ControlRate[id=3ebd9ee5-9dcf-418a-9e48-9d80743d83f4] transferring FlowFile[681,100306582604985.mockFlowFile,13B] to 'success'
[pool-145-thread-1] INFO org.apache.nifi.processors.standard.ControlRate - ControlRate[id=3ebd9ee5-9dcf-418a-9e48-9d80743d83f4] transferring FlowFile[682,100306582618360.mockFlowFile,13B] to 'success'
[pool-145-thread-1] INFO org.apache.nifi.processors.standard.ControlRate - ControlRate[id=3ebd9ee5-9dcf-418a-9e48-9d80743d83f4] transferring FlowFile[683,100306582631069.mockFlowFile,13B] to 'success'
[pool-145-thread-1] INFO org.apache.nifi.processors.standard.ControlRate - ControlRate[id=3ebd9ee5-9dcf-418a-9e48-9d80743d83f4] transferring FlowFile[684,100306582644705.mockFlowFile,13B] to 'success'
[pool-145-thread-1] INFO org.apache.nifi.processors.standard.ControlRate - ControlRate[id=3ebd9ee5-9dcf-418a-9e48-9d80743d83f4] transferring FlowFile[685,100306582658009.mockFlowFile,13B] to 'success'
[pool-145-thread-1] INFO org.apache.nifi.processors.standard.ControlRate - ControlRate[id=3ebd9ee5-9dcf-418a-9e48-9d80743d83f4] transferring FlowFile[686,100306582670640.mockFlowFile,13B] to 'success'
[pool-145-thread-1] INFO org.apache.nifi.processors.standard.ControlRate - ControlRate[id=3ebd9ee5-9dcf-418a-9e48-9d80743d83f4] transferring FlowFile[687,100306582688401.mockFlowFile,13B] to 'success'
[pool-145-thread-1] INFO org.apache.nifi.processors.standard.ControlRate - ControlRate[id=3ebd9ee5-9dcf-418a-9e48-9d80743d83f4] transferring FlowFile[688,100306582709483.mockFlowFile,13B] to 'success'
[pool-145-thread-1] INFO org.apache.nifi.processors.standard.ControlRate - ControlRate[id=3ebd9ee5-9dcf-418a-9e48-9d80743d83f4] transferring FlowFile[689,100306582725108.mockFlowFile,13B] to 'success'
[pool-145-thread-1] INFO org.apache.nifi.processors.standard.ControlRate - ControlRate[id=3ebd9ee5-9dcf-418a-9e48-9d80743d83f4] transferring FlowFile[690,100306582739307.mockFlowFile,13B] to 'success'
[pool-145-thread-1] INFO org.apache.nifi.processors.standard.ControlRate - ControlRate[id=3ebd9ee5-9dcf-418a-9e48-9d80743d83f4] transferring FlowFile[691,100306582751812.mockFlowFile,13B] to 'success'
[pool-145-thread-1] INFO org.apache.nifi.processors.standard.ControlRate - ControlRate[id=3ebd9ee5-9dcf-418a-9e48-9d80743d83f4] transferring FlowFile[692,100306582765013.mockFlowFile,13B] to 'success'
[pool-145-thread-1] INFO org.apache.nifi.processors.standard.ControlRate - ControlRate[id=3ebd9ee5-9dcf-418a-9e48-9d80743d83f4] transferring FlowFile[693,100306582777533.mockFlowFile,13B] to 'success'
[pool-145-thread-1] INFO org.apache.nifi.processors.standard.ControlRate - ControlRate[id=3ebd9ee5-9dcf-418a-9e48-9d80743d83f4] transferring FlowFile[694,100306582790237.mockFlowFile,13B] to 'success'
[pool-145-thread-1] INFO org.apache.nifi.processors.standard.ControlRate - ControlRate[id=3ebd9ee5-9dcf-418a-9e48-9d80743d83f4] transferring FlowFile[695,100306582807964.mockFlowFile,13B] to 'success'
[pool-145-thread-1] INFO org.apache.nifi.processors.standard.ControlRate - ControlRate[id=3ebd9ee5-9dcf-418a-9e48-9d80743d83f4] transferring FlowFile[696,100306582820860.mockFlowFile,13B] to 'success'
[pool-145-thread-1] INFO org.apache.nifi.processors.standard.ControlRate - ControlRate[id=3ebd9ee5-9dcf-418a-9e48-9d80743d83f4] transferring FlowFile[697,100306582834064.mockFlowFile,13B] to 'success'
[pool-145-thread-1] INFO org.apache.nifi.processors.standard.ControlRate - ControlRate[id=3ebd9ee5-9dcf-418a-9e48-9d80743d83f4] transferring FlowFile[698,100306582846323.mockFlowFile,13B] to 'success'
[pool-145-thread-1] INFO org.apache.nifi.processors.standard.ControlRate - ControlRate[id=3ebd9ee5-9dcf-418a-9e48-9d80743d83f4] transferring FlowFile[699,100306582859361.mockFlowFile,13B] to 'success'
[pool-145-thread-1] INFO org.apache.nifi.processors.standard.ControlRate - ControlRate[id=3ebd9ee5-9dcf-418a-9e48-9d80743d83f4] transferring FlowFile[700,100306582871943.mockFlowFile,13B] to 'success'
[pool-145-thread-1] INFO org.apache.nifi.processors.standard.ControlRate - ControlRate[id=3ebd9ee5-9dcf-418a-9e48-9d80743d83f4] transferring FlowFile[701,100306582884324.mockFlowFile,13B] to 'success'
[pool-145-thread-1] INFO org.apache.nifi.processors.standard.ControlRate - ControlRate[id=3ebd9ee5-9dcf-418a-9e48-9d80743d83f4] transferring FlowFile[702,100306582897035.mockFlowFile,13B] to 'success'
[pool-145-thread-1] INFO org.apache.nifi.processors.standard.ControlRate - ControlRate[id=3ebd9ee5-9dcf-418a-9e48-9d80743d83f4] transferring FlowFile[703,100306582913738.mockFlowFile,13B] to 'success'
[pool-145-thread-1] INFO org.apache.nifi.processors.standard.ControlRate - ControlRate[id=3ebd9ee5-9dcf-418a-9e48-9d80743d83f4] transferring FlowFile[704,100306582927331.mockFlowFile,13B] to 'success'
[pool-145-thread-1] INFO org.apache.nifi.processors.standard.ControlRate - ControlRate[id=3ebd9ee5-9dcf-418a-9e48-9d80743d83f4] transferring FlowFile[705,100306582940199.mockFlowFile,13B] to 'success'
[pool-145-thread-1] INFO org.apache.nifi.processors.standard.ControlRate - ControlRate[id=3ebd9ee5-9dcf-418a-9e48-9d80743d83f4] transferring FlowFile[706,100306582967831.mockFlowFile,13B] to 'success'
[pool-145-thread-1] INFO org.apache.nifi.processors.standard.ControlRate - ControlRate[id=3ebd9ee5-9dcf-418a-9e48-9d80743d83f4] transferring FlowFile[707,100306582987706.mockFlowFile,13B] to 'success'
[pool-145-thread-1] INFO org.apache.nifi.processors.standard.ControlRate - ControlRate[id=3ebd9ee5-9dcf-418a-9e48-9d80743d83f4] transferring FlowFile[708,100306583000266.mockFlowFile,13B] to 'success'
[pool-145-thread-1] INFO org.apache.nifi.processors.standard.ControlRate - ControlRate[id=3ebd9ee5-9dcf-418a-9e48-9d80743d83f4] transferring FlowFile[709,100306583013190.mockFlowFile,13B] to 'success'
[pool-145-thread-1] INFO org.apache.nifi.processors.standard.ControlRate - ControlRate[id=3ebd9ee5-9dcf-418a-9e48-9d80743d83f4] transferring FlowFile[710,100306583026075.mockFlowFile,13B] to 'success'
[pool-145-thread-1] INFO org.apache.nifi.processors.standard.ControlRate - ControlRate[id=3ebd9ee5-9dcf-418a-9e48-9d80743d83f4] transferring FlowFile[711,100306583043140.mockFlowFile,13B] to 'success'
[pool-145-thread-1] INFO org.apache.nifi.processors.standard.ControlRate - ControlRate[id=3ebd9ee5-9dcf-418a-9e48-9d80743d83f4] transferring FlowFile[712,100306583056351.mockFlowFile,13B] to 'success'
[pool-145-thread-1] INFO org.apache.nifi.processors.standard.ControlRate - ControlRate[id=3ebd9ee5-9dcf-418a-9e48-9d80743d83f4] transferring FlowFile[713,100306583070271.mockFlowFile,13B] to 'success'
[pool-145-thread-1] INFO org.apache.nifi.processors.standard.ControlRate - ControlRate[id=3ebd9ee5-9dcf-418a-9e48-9d80743d83f4] transferring FlowFile[714,100306583083601.mockFlowFile,13B] to 'success'
[pool-145-thread-1] INFO org.apache.nifi.processors.standard.ControlRate - ControlRate[id=3ebd9ee5-9dcf-418a-9e48-9d80743d83f4] transferring FlowFile[715,100306583096261.mockFlowFile,13B] to 'success'
[pool-145-thread-1] INFO org.apache.nifi.processors.standard.ControlRate - ControlRate[id=3ebd9ee5-9dcf-418a-9e48-9d80743d83f4] transferring FlowFile[716,100306583108430.mockFlowFile,13B] to 'success'
[pool-145-thread-1] INFO org.apache.nifi.processors.standard.ControlRate - ControlRate[id=3ebd9ee5-9dcf-418a-9e48-9d80743d83f4] transferring FlowFile[717,100306583120843.mockFlowFile,13B] to 'success'
[pool-145-thread-1] INFO org.apache.nifi.processors.standard.ControlRate - ControlRate[id=3ebd9ee5-9dcf-418a-9e48-9d80743d83f4] transferring FlowFile[718,100306583132189.mockFlowFile,13B] to 'success'
[pool-145-thread-1] INFO org.apache.nifi.processors.standard.ControlRate - ControlRate[id=3ebd9ee5-9dcf-418a-9e48-9d80743d83f4] transferring FlowFile[719,100306583149044.mockFlowFile,13B] to 'success'
[pool-145-thread-1] INFO org.apache.nifi.processors.standard.ControlRate - ControlRate[id=3ebd9ee5-9dcf-418a-9e48-9d80743d83f4] transferring FlowFile[720,100306583162224.mockFlowFile,13B] to 'success'
[pool-145-thread-1] INFO org.apache.nifi.processors.standard.ControlRate - ControlRate[id=3ebd9ee5-9dcf-418a-9e48-9d80743d83f4] transferring FlowFile[721,100306583212360.mockFlowFile,13B] to 'success'
[pool-145-thread-1] INFO org.apache.nifi.processors.standard.ControlRate - ControlRate[id=3ebd9ee5-9dcf-418a-9e48-9d80743d83f4] transferring FlowFile[722,100306583228451.mockFlowFile,13B] to 'success'
[pool-145-thread-1] INFO org.apache.nifi.processors.standard.ControlRate - ControlRate[id=3ebd9ee5-9dcf-418a-9e48-9d80743d83f4] transferring FlowFile[723,100306583245673.mockFlowFile,13B] to 'success'
[pool-145-thread-1] INFO org.apache.nifi.processors.standard.ControlRate - ControlRate[id=3ebd9ee5-9dcf-418a-9e48-9d80743d83f4] transferring FlowFile[724,100306583258299.mockFlowFile,13B] to 'success'
[pool-145-thread-1] INFO org.apache.nifi.processors.standard.ControlRate - ControlRate[id=3ebd9ee5-9dcf-418a-9e48-9d80743d83f4] transferring FlowFile[725,100306583270735.mockFlowFile,13B] to 'success'
[pool-145-thread-1] INFO org.apache.nifi.processors.standard.ControlRate - ControlRate[id=3ebd9ee5-9dcf-418a-9e48-9d80743d83f4] transferring FlowFile[726,100306583289905.mockFlowFile,13B] to 'success'
[pool-145-thread-1] INFO org.apache.nifi.processors.standard.ControlRate - ControlRate[id=3ebd9ee5-9dcf-418a-9e48-9d80743d83f4] transferring FlowFile[727,100306583308351.mockFlowFile,13B] to 'success'
[pool-145-thread-1] INFO org.apache.nifi.processors.standard.ControlRate - ControlRate[id=3ebd9ee5-9dcf-418a-9e48-9d80743d83f4] transferring FlowFile[728,100306583320692.mockFlowFile,13B] to 'success'
[pool-145-thread-1] INFO org.apache.nifi.processors.standard.ControlRate - ControlRate[id=3ebd9ee5-9dcf-418a-9e48-9d80743d83f4] transferring FlowFile[729,100306583333631.mockFlowFile,13B] to 'success'
[pool-145-thread-1] INFO org.apache.nifi.processors.standard.ControlRate - ControlRate[id=3ebd9ee5-9dcf-418a-9e48-9d80743d83f4] transferring FlowFile[730,100306583346840.mockFlowFile,13B] to 'success'
[pool-145-thread-1] INFO org.apache.nifi.processors.standard.ControlRate - ControlRate[id=3ebd9ee5-9dcf-418a-9e48-9d80743d83f4] transferring FlowFile[731,100306583359229.mockFlowFile,13B] to 'success'
[pool-145-thread-1] INFO org.apache.nifi.processors.standard.ControlRate - ControlRate[id=3ebd9ee5-9dcf-418a-9e48-9d80743d83f4] transferring FlowFile[732,100306583372177.mockFlowFile,13B] to 'success'
[pool-145-thread-1] INFO org.apache.nifi.processors.standard.ControlRate - ControlRate[id=3ebd9ee5-9dcf-418a-9e48-9d80743d83f4] transferring FlowFile[733,100306583383949.mockFlowFile,13B] to 'success'
[pool-145-thread-1] INFO org.apache.nifi.processors.standard.ControlRate - ControlRate[id=3ebd9ee5-9dcf-418a-9e48-9d80743d83f4] transferring FlowFile[734,100306583396446.mockFlowFile,13B] to 'success'
[pool-145-thread-1] INFO org.apache.nifi.processors.standard.ControlRate - ControlRate[id=3ebd9ee5-9dcf-418a-9e48-9d80743d83f4] transferring FlowFile[735,100306583414744.mockFlowFile,13B] to 'success'
[pool-145-thread-1] INFO org.apache.nifi.processors.standard.ControlRate - ControlRate[id=3ebd9ee5-9dcf-418a-9e48-9d80743d83f4] transferring FlowFile[736,100306583429503.mockFlowFile,13B] to 'success'
[pool-145-thread-1] INFO org.apache.nifi.processors.standard.ControlRate - ControlRate[id=3ebd9ee5-9dcf-418a-9e48-9d80743d83f4] transferring FlowFile[737,100306583441785.mockFlowFile,13B] to 'success'
[pool-145-thread-1] INFO org.apache.nifi.processors.standard.ControlRate - ControlRate[id=3ebd9ee5-9dcf-418a-9e48-9d80743d83f4] transferring FlowFile[738,100306583459238.mockFlowFile,13B] to 'success'
[pool-145-thread-1] INFO org.apache.nifi.processors.standard.ControlRate - ControlRate[id=3ebd9ee5-9dcf-418a-9e48-9d80743d83f4] transferring FlowFile[739,100306583472569.mockFlowFile,13B] to 'success'
[pool-145-thread-1] INFO org.apache.nifi.processors.standard.ControlRate - ControlRate[id=3ebd9ee5-9dcf-418a-9e48-9d80743d83f4] transferring FlowFile[740,100306583485187.mockFlowFile,13B] to 'success'
[pool-145-thread-1] INFO org.apache.nifi.processors.standard.ControlRate - ControlRate[id=3ebd9ee5-9dcf-418a-9e48-9d80743d83f4] transferring FlowFile[741,100306583545222.mockFlowFile,13B] to 'success'
[pool-145-thread-1] INFO org.apache.nifi.processors.standard.ControlRate - ControlRate[id=3ebd9ee5-9dcf-418a-9e48-9d80743d83f4] transferring FlowFile[742,100306583567839.mockFlowFile,13B] to 'success'
[pool-145-thread-1] INFO org.apache.nifi.processors.standard.ControlRate - ControlRate[id=3ebd9ee5-9dcf-418a-9e48-9d80743d83f4] transferring FlowFile[743,100306583585805.mockFlowFile,13B] to 'success'
[pool-145-thread-1] INFO org.apache.nifi.processors.standard.ControlRate - ControlRate[id=3ebd9ee5-9dcf-418a-9e48-9d80743d83f4] transferring FlowFile[744,100306583601092.mockFlowFile,13B] to 'success'
[pool-145-thread-1] INFO org.apache.nifi.processors.standard.ControlRate - ControlRate[id=3ebd9ee5-9dcf-418a-9e48-9d80743d83f4] transferring FlowFile[745,100306583614846.mockFlowFile,13B] to 'success'
[pool-145-thread-1] INFO org.apache.nifi.processors.standard.ControlRate - ControlRate[id=3ebd9ee5-9dcf-418a-9e48-9d80743d83f4] transferring FlowFile[746,100306583626720.mockFlowFile,13B] to 'success'
[pool-145-thread-1] INFO org.apache.nifi.processors.standard.ControlRate - ControlRate[id=3ebd9ee5-9dcf-418a-9e48-9d80743d83f4] transferring FlowFile[747,100306583639270.mockFlowFile,13B] to 'success'
[pool-145-thread-1] INFO org.apache.nifi.processors.standard.ControlRate - ControlRate[id=3ebd9ee5-9dcf-418a-9e48-9d80743d83f4] transferring FlowFile[748,100306583652192.mockFlowFile,13B] to 'success'
[pool-145-thread-1] INFO org.apache.nifi.processors.standard.ControlRate - ControlRate[id=3ebd9ee5-9dcf-418a-9e48-9d80743d83f4] transferring FlowFile[749,100306583664408.mockFlowFile,13B] to 'success'
[pool-145-thread-1] INFO org.apache.nifi.processors.standard.ControlRate - ControlRate[id=3ebd9ee5-9dcf-418a-9e48-9d80743d83f4] transferring FlowFile[750,100306583677378.mockFlowFile,13B] to 'success'
[pool-145-thread-1] INFO org.apache.nifi.processors.standard.ControlRate - ControlRate[id=3ebd9ee5-9dcf-418a-9e48-9d80743d83f4] transferring FlowFile[751,100306583703551.mockFlowFile,13B] to 'success'
[pool-145-thread-1] INFO org.apache.nifi.processors.standard.ControlRate - ControlRate[id=3ebd9ee5-9dcf-418a-9e48-9d80743d83f4] transferring FlowFile[752,100306583734139.mockFlowFile,13B] to 'success'
[pool-145-thread-1] INFO org.apache.nifi.processors.standard.ControlRate - ControlRate[id=3ebd9ee5-9dcf-418a-9e48-9d80743d83f4] transferring FlowFile[753,100306583751003.mockFlowFile,13B] to 'success'
[pool-145-thread-1] INFO org.apache.nifi.processors.standard.ControlRate - ControlRate[id=3ebd9ee5-9dcf-418a-9e48-9d80743d83f4] transferring FlowFile[754,100306583764114.mockFlowFile,13B] to 'success'
[pool-145-thread-1] INFO org.apache.nifi.processors.standard.ControlRate - ControlRate[id=3ebd9ee5-9dcf-418a-9e48-9d80743d83f4] transferring FlowFile[755,100306583776797.mockFlowFile,13B] to 'success'
[pool-145-thread-1] INFO org.apache.nifi.processors.standard.ControlRate - ControlRate[id=3ebd9ee5-9dcf-418a-9e48-9d80743d83f4] transferring FlowFile[756,100306583789144.mockFlowFile,13B] to 'success'
[pool-145-thread-1] INFO org.apache.nifi.processors.standard.ControlRate - ControlRate[id=3ebd9ee5-9dcf-418a-9e48-9d80743d83f4] transferring FlowFile[757,100306583801824.mockFlowFile,13B] to 'success'
[pool-145-thread-1] INFO org.apache.nifi.processors.standard.ControlRate - ControlRate[id=3ebd9ee5-9dcf-418a-9e48-9d80743d83f4] transferring FlowFile[758,100306583813889.mockFlowFile,13B] to 'success'
[pool-145-thread-1] INFO org.apache.nifi.processors.standard.ControlRate - ControlRate[id=3ebd9ee5-9dcf-418a-9e48-9d80743d83f4] transferring FlowFile[759,100306583831857.mockFlowFile,13B] to 'success'
[pool-145-thread-1] INFO org.apache.nifi.processors.standard.ControlRate - ControlRate[id=3ebd9ee5-9dcf-418a-9e48-9d80743d83f4] transferring FlowFile[760,100306583844808.mockFlowFile,13B] to 'success'
[pool-145-thread-1] INFO org.apache.nifi.processors.standard.ControlRate - ControlRate[id=3ebd9ee5-9dcf-418a-9e48-9d80743d83f4] transferring FlowFile[761,100306583857430.mockFlowFile,13B] to 'success'
[pool-145-thread-1] INFO org.apache.nifi.processors.standard.ControlRate - ControlRate[id=3ebd9ee5-9dcf-418a-9e48-9d80743d83f4] transferring FlowFile[762,100306583869999.mockFlowFile,13B] to 'success'
[pool-145-thread-1] INFO org.apache.nifi.processors.standard.ControlRate - ControlRate[id=3ebd9ee5-9dcf-418a-9e48-9d80743d83f4] transferring FlowFile[763,100306583881896.mockFlowFile,13B] to 'success'
[pool-145-thread-1] INFO org.apache.nifi.processors.standard.ControlRate - ControlRate[id=3ebd9ee5-9dcf-418a-9e48-9d80743d83f4] transferring FlowFile[764,100306583894211.mockFlowFile,13B] to 'success'
[pool-145-thread-1] INFO org.apache.nifi.processors.standard.ControlRate - ControlRate[id=3ebd9ee5-9dcf-418a-9e48-9d80743d83f4] transferring FlowFile[765,100306583906618.mockFlowFile,13B] to 'success'
[pool-145-thread-1] INFO org.apache.nifi.processors.standard.ControlRate - ControlRate[id=3ebd9ee5-9dcf-418a-9e48-9d80743d83f4] transferring FlowFile[766,100306583919121.mockFlowFile,13B] to 'success'
[pool-145-thread-1] INFO org.apache.nifi.processors.standard.ControlRate - ControlRate[id=3ebd9ee5-9dcf-418a-9e48-9d80743d83f4] transferring FlowFile[767,100306583936777.mockFlowFile,13B] to 'success'
[pool-145-thread-1] INFO org.apache.nifi.processors.standard.ControlRate - ControlRate[id=3ebd9ee5-9dcf-418a-9e48-9d80743d83f4] transferring FlowFile[768,100306583949169.mockFlowFile,13B] to 'success'
[pool-145-thread-1] INFO org.apache.nifi.processors.standard.ControlRate - ControlRate[id=3ebd9ee5-9dcf-418a-9e48-9d80743d83f4] transferring FlowFile[769,100306583962292.mockFlowFile,13B] to 'success'
[pool-145-thread-1] INFO org.apache.nifi.processors.standard.ControlRate - ControlRate[id=3ebd9ee5-9dcf-418a-9e48-9d80743d83f4] transferring FlowFile[770,100306583975353.mockFlowFile,13B] to 'success'
[pool-145-thread-1] INFO org.apache.nifi.processors.standard.ControlRate - ControlRate[id=3ebd9ee5-9dcf-418a-9e48-9d80743d83f4] transferring FlowFile[771,100306583987198.mockFlowFile,13B] to 'success'
[pool-145-thread-1] INFO org.apache.nifi.processors.standard.ControlRate - ControlRate[id=3ebd9ee5-9dcf-418a-9e48-9d80743d83f4] transferring FlowFile[772,100306583999970.mockFlowFile,13B] to 'success'
[pool-145-thread-1] INFO org.apache.nifi.processors.standard.ControlRate - ControlRate[id=3ebd9ee5-9dcf-418a-9e48-9d80743d83f4] transferring FlowFile[773,100306584025406.mockFlowFile,13B] to 'success'
[pool-145-thread-1] INFO org.apache.nifi.processors.standard.ControlRate - ControlRate[id=3ebd9ee5-9dcf-418a-9e48-9d80743d83f4] transferring FlowFile[774,100306584038473.mockFlowFile,13B] to 'success'
[pool-145-thread-1] INFO org.apache.nifi.processors.standard.ControlRate - ControlRate[id=3ebd9ee5-9dcf-418a-9e48-9d80743d83f4] transferring FlowFile[775,100306584056399.mockFlowFile,13B] to 'success'
[pool-145-thread-1] INFO org.apache.nifi.processors.standard.ControlRate - ControlRate[id=3ebd9ee5-9dcf-418a-9e48-9d80743d83f4] transferring FlowFile[776,100306584068892.mockFlowFile,13B] to 'success'
[pool-145-thread-1] INFO org.apache.nifi.processors.standard.ControlRate - ControlRate[id=3ebd9ee5-9dcf-418a-9e48-9d80743d83f4] transferring FlowFile[777,100306584081928.mockFlowFile,13B] to 'success'
[pool-145-thread-1] INFO org.apache.nifi.processors.standard.ControlRate - ControlRate[id=3ebd9ee5-9dcf-418a-9e48-9d80743d83f4] transferring FlowFile[778,100306584093865.mockFlowFile,13B] to 'success'
[pool-145-thread-1] INFO org.apache.nifi.processors.standard.ControlRate - ControlRate[id=3ebd9ee5-9dcf-418a-9e48-9d80743d83f4] transferring FlowFile[779,100306584106490.mockFlowFile,13B] to 'success'
[pool-145-thread-1] INFO org.apache.nifi.processors.standard.ControlRate - ControlRate[id=3ebd9ee5-9dcf-418a-9e48-9d80743d83f4] transferring FlowFile[780,100306584118906.mockFlowFile,13B] to 'success'
[pool-145-thread-1] INFO org.apache.nifi.processors.standard.ControlRate - ControlRate[id=3ebd9ee5-9dcf-418a-9e48-9d80743d83f4] transferring FlowFile[781,100306584130769.mockFlowFile,13B] to 'success'
[pool-145-thread-1] INFO org.apache.nifi.processors.standard.ControlRate - ControlRate[id=3ebd9ee5-9dcf-418a-9e48-9d80743d83f4] transferring FlowFile[782,100306584143619.mockFlowFile,13B] to 'success'
[pool-145-thread-1] INFO org.apache.nifi.processors.standard.ControlRate - ControlRate[id=3ebd9ee5-9dcf-418a-9e48-9d80743d83f4] transferring FlowFile[783,100306584159554.mockFlowFile,13B] to 'success'
[pool-145-thread-1] INFO org.apache.nifi.processors.standard.ControlRate - ControlRate[id=3ebd9ee5-9dcf-418a-9e48-9d80743d83f4] transferring FlowFile[784,100306584172740.mockFlowFile,13B] to 'success'
[pool-145-thread-1] INFO org.apache.nifi.processors.standard.ControlRate - ControlRate[id=3ebd9ee5-9dcf-418a-9e48-9d80743d83f4] transferring FlowFile[785,100306584185123.mockFlowFile,13B] to 'success'
[pool-145-thread-1] INFO org.apache.nifi.processors.standard.ControlRate - ControlRate[id=3ebd9ee5-9dcf-418a-9e48-9d80743d83f4] transferring FlowFile[786,100306584197243.mockFlowFile,13B] to 'success'
[pool-145-thread-1] INFO org.apache.nifi.processors.standard.ControlRate - ControlRate[id=3ebd9ee5-9dcf-418a-9e48-9d80743d83f4] transferring FlowFile[787,100306584209993.mockFlowFile,13B] to 'success'
[pool-145-thread-1] INFO org.apache.nifi.processors.standard.ControlRate - ControlRate[id=3ebd9ee5-9dcf-418a-9e48-9d80743d83f4] transferring FlowFile[788,100306584221856.mockFlowFile,13B] to 'success'
[pool-145-thread-1] INFO org.apache.nifi.processors.standard.ControlRate - ControlRate[id=3ebd9ee5-9dcf-418a-9e48-9d80743d83f4] transferring FlowFile[789,100306584234809.mockFlowFile,13B] to 'success'
[pool-145-thread-1] INFO org.apache.nifi.processors.standard.ControlRate - ControlRate[id=3ebd9ee5-9dcf-418a-9e48-9d80743d83f4] transferring FlowFile[790,100306584300642.mockFlowFile,13B] to 'success'
[pool-145-thread-1] INFO org.apache.nifi.processors.standard.ControlRate - ControlRate[id=3ebd9ee5-9dcf-418a-9e48-9d80743d83f4] transferring FlowFile[791,100306584334085.mockFlowFile,13B] to 'success'
[pool-145-thread-1] INFO org.apache.nifi.processors.standard.ControlRate - ControlRate[id=3ebd9ee5-9dcf-418a-9e48-9d80743d83f4] transferring FlowFile[792,100306584356086.mockFlowFile,13B] to 'success'
[pool-145-thread-1] INFO org.apache.nifi.processors.standard.ControlRate - ControlRate[id=3ebd9ee5-9dcf-418a-9e48-9d80743d83f4] transferring FlowFile[793,100306584368317.mockFlowFile,13B] to 'success'
[pool-145-thread-1] INFO org.apache.nifi.processors.standard.ControlRate - ControlRate[id=3ebd9ee5-9dcf-418a-9e48-9d80743d83f4] transferring FlowFile[794,100306584381375.mockFlowFile,13B] to 'success'
[pool-145-thread-1] INFO org.apache.nifi.processors.standard.ControlRate - ControlRate[id=3ebd9ee5-9dcf-418a-9e48-9d80743d83f4] transferring FlowFile[795,100306584394217.mockFlowFile,13B] to 'success'
[pool-145-thread-1] INFO org.apache.nifi.processors.standard.ControlRate - ControlRate[id=3ebd9ee5-9dcf-418a-9e48-9d80743d83f4] transferring FlowFile[796,100306584406407.mockFlowFile,13B] to 'success'
[pool-145-thread-1] INFO org.apache.nifi.processors.standard.ControlRate - ControlRate[id=3ebd9ee5-9dcf-418a-9e48-9d80743d83f4] transferring FlowFile[797,100306584420846.mockFlowFile,13B] to 'success'
[pool-145-thread-1] INFO org.apache.nifi.processors.standard.ControlRate - ControlRate[id=3ebd9ee5-9dcf-418a-9e48-9d80743d83f4] transferring FlowFile[798,100306584433142.mockFlowFile,13B] to 'success'
[pool-145-thread-1] INFO org.apache.nifi.processors.standard.ControlRate - ControlRate[id=3ebd9ee5-9dcf-418a-9e48-9d80743d83f4] transferring FlowFile[799,100306584450965.mockFlowFile,13B] to 'success'
[pool-145-thread-1] INFO org.apache.nifi.processors.standard.ControlRate - ControlRate[id=3ebd9ee5-9dcf-418a-9e48-9d80743d83f4] transferring FlowFile[800,100306584464442.mockFlowFile,13B] to 'success'
[pool-145-thread-1] INFO org.apache.nifi.processors.standard.ControlRate - ControlRate[id=3ebd9ee5-9dcf-418a-9e48-9d80743d83f4] transferring FlowFile[801,100306584477175.mockFlowFile,13B] to 'success'
[pool-145-thread-1] INFO org.apache.nifi.processors.standard.ControlRate - ControlRate[id=3ebd9ee5-9dcf-418a-9e48-9d80743d83f4] transferring FlowFile[802,100306584489835.mockFlowFile,13B] to 'success'
[pool-145-thread-1] INFO org.apache.nifi.processors.standard.ControlRate - ControlRate[id=3ebd9ee5-9dcf-418a-9e48-9d80743d83f4] transferring FlowFile[803,100306584501775.mockFlowFile,13B] to 'success'
[pool-145-thread-1] INFO org.apache.nifi.processors.standard.ControlRate - ControlRate[id=3ebd9ee5-9dcf-418a-9e48-9d80743d83f4] transferring FlowFile[804,100306584514710.mockFlowFile,13B] to 'success'
[pool-145-thread-1] INFO org.apache.nifi.processors.standard.ControlRate - ControlRate[id=3ebd9ee5-9dcf-418a-9e48-9d80743d83f4] transferring FlowFile[805,100306584527698.mockFlowFile,13B] to 'success'
[pool-145-thread-1] INFO org.apache.nifi.processors.standard.ControlRate - ControlRate[id=3ebd9ee5-9dcf-418a-9e48-9d80743d83f4] transferring FlowFile[806,100306584539912.mockFlowFile,13B] to 'success'
[pool-145-thread-1] INFO org.apache.nifi.processors.standard.ControlRate - ControlRate[id=3ebd9ee5-9dcf-418a-9e48-9d80743d83f4] transferring FlowFile[807,100306584557622.mockFlowFile,13B] to 'success'
[pool-145-thread-1] INFO org.apache.nifi.processors.standard.ControlRate - ControlRate[id=3ebd9ee5-9dcf-418a-9e48-9d80743d83f4] transferring FlowFile[808,100306584584722.mockFlowFile,13B] to 'success'
[pool-145-thread-1] INFO org.apache.nifi.processors.standard.ControlRate - ControlRate[id=3ebd9ee5-9dcf-418a-9e48-9d80743d83f4] transferring FlowFile[809,100306584598315.mockFlowFile,13B] to 'success'
[pool-145-thread-1] INFO org.apache.nifi.processors.standard.ControlRate - ControlRate[id=3ebd9ee5-9dcf-418a-9e48-9d80743d83f4] transferring FlowFile[810,100306584611363.mockFlowFile,13B] to 'success'
[pool-145-thread-1] INFO org.apache.nifi.processors.standard.ControlRate - ControlRate[id=3ebd9ee5-9dcf-418a-9e48-9d80743d83f4] transferring FlowFile[811,100306584623981.mockFlowFile,13B] to 'success'
[pool-145-thread-1] INFO org.apache.nifi.processors.standard.ControlRate - ControlRate[id=3ebd9ee5-9dcf-418a-9e48-9d80743d83f4] transferring FlowFile[812,100306584636817.mockFlowFile,13B] to 'success'
[pool-145-thread-1] INFO org.apache.nifi.processors.standard.ControlRate - ControlRate[id=3ebd9ee5-9dcf-418a-9e48-9d80743d83f4] transferring FlowFile[813,100306584649183.mockFlowFile,13B] to 'success'
[pool-145-thread-1] INFO org.apache.nifi.processors.standard.ControlRate - ControlRate[id=3ebd9ee5-9dcf-418a-9e48-9d80743d83f4] transferring FlowFile[814,100306584662135.mockFlowFile,13B] to 'success'
[pool-145-thread-1] INFO org.apache.nifi.processors.standard.ControlRate - ControlRate[id=3ebd9ee5-9dcf-418a-9e48-9d80743d83f4] transferring FlowFile[815,100306584680717.mockFlowFile,13B] to 'success'
[pool-145-thread-1] INFO org.apache.nifi.processors.standard.ControlRate - ControlRate[id=3ebd9ee5-9dcf-418a-9e48-9d80743d83f4] transferring FlowFile[816,100306584693493.mockFlowFile,13B] to 'success'
[pool-145-thread-1] INFO org.apache.nifi.processors.standard.ControlRate - ControlRate[id=3ebd9ee5-9dcf-418a-9e48-9d80743d83f4] transferring FlowFile[817,100306584705840.mockFlowFile,13B] to 'success'
[pool-145-thread-1] INFO org.apache.nifi.processors.standard.ControlRate - ControlRate[id=3ebd9ee5-9dcf-418a-9e48-9d80743d83f4] transferring FlowFile[818,100306584717731.mockFlowFile,13B] to 'success'
[pool-145-thread-1] INFO org.apache.nifi.processors.standard.ControlRate - ControlRate[id=3ebd9ee5-9dcf-418a-9e48-9d80743d83f4] transferring FlowFile[819,100306584731187.mockFlowFile,13B] to 'success'
[pool-145-thread-1] INFO org.apache.nifi.processors.standard.ControlRate - ControlRate[id=3ebd9ee5-9dcf-418a-9e48-9d80743d83f4] transferring FlowFile[820,100306584744265.mockFlowFile,13B] to 'success'
[pool-145-thread-1] INFO org.apache.nifi.processors.standard.ControlRate - ControlRate[id=3ebd9ee5-9dcf-418a-9e48-9d80743d83f4] transferring FlowFile[821,100306584757763.mockFlowFile,13B] to 'success'
[pool-145-thread-1] INFO org.apache.nifi.processors.standard.ControlRate - ControlRate[id=3ebd9ee5-9dcf-418a-9e48-9d80743d83f4] transferring FlowFile[822,100306584770773.mockFlowFile,13B] to 'success'
[pool-145-thread-1] INFO org.apache.nifi.processors.standard.ControlRate - ControlRate[id=3ebd9ee5-9dcf-418a-9e48-9d80743d83f4] transferring FlowFile[823,100306584787929.mockFlowFile,13B] to 'success'
[pool-145-thread-1] INFO org.apache.nifi.processors.standard.ControlRate - ControlRate[id=3ebd9ee5-9dcf-418a-9e48-9d80743d83f4] transferring FlowFile[824,100306584801344.mockFlowFile,13B] to 'success'
[pool-145-thread-1] INFO org.apache.nifi.processors.standard.ControlRate - ControlRate[id=3ebd9ee5-9dcf-418a-9e48-9d80743d83f4] transferring FlowFile[825,100306584815873.mockFlowFile,13B] to 'success'
[pool-145-thread-1] INFO org.apache.nifi.processors.standard.ControlRate - ControlRate[id=3ebd9ee5-9dcf-418a-9e48-9d80743d83f4] transferring FlowFile[826,100306584827413.mockFlowFile,13B] to 'success'
[pool-145-thread-1] INFO org.apache.nifi.processors.standard.ControlRate - ControlRate[id=3ebd9ee5-9dcf-418a-9e48-9d80743d83f4] transferring FlowFile[827,100306584839656.mockFlowFile,13B] to 'success'
[pool-145-thread-1] INFO org.apache.nifi.processors.standard.ControlRate - ControlRate[id=3ebd9ee5-9dcf-418a-9e48-9d80743d83f4] transferring FlowFile[828,100306584851156.mockFlowFile,13B] to 'success'
[pool-145-thread-1] INFO org.apache.nifi.processors.standard.ControlRate - ControlRate[id=3ebd9ee5-9dcf-418a-9e48-9d80743d83f4] transferring FlowFile[829,100306584863040.mockFlowFile,13B] to 'success'
[pool-145-thread-1] INFO org.apache.nifi.processors.standard.ControlRate - ControlRate[id=3ebd9ee5-9dcf-418a-9e48-9d80743d83f4] transferring FlowFile[830,100306584875163.mockFlowFile,13B] to 'success'
[pool-145-thread-1] INFO org.apache.nifi.processors.standard.ControlRate - ControlRate[id=3ebd9ee5-9dcf-418a-9e48-9d80743d83f4] transferring FlowFile[831,100306584891433.mockFlowFile,13B] to 'success'
[pool-145-thread-1] INFO org.apache.nifi.processors.standard.ControlRate - ControlRate[id=3ebd9ee5-9dcf-418a-9e48-9d80743d83f4] transferring FlowFile[832,100306584903883.mockFlowFile,13B] to 'success'
[pool-145-thread-1] INFO org.apache.nifi.processors.standard.ControlRate - ControlRate[id=3ebd9ee5-9dcf-418a-9e48-9d80743d83f4] transferring FlowFile[833,100306584915257.mockFlowFile,13B] to 'success'
[pool-145-thread-1] INFO org.apache.nifi.processors.standard.ControlRate - ControlRate[id=3ebd9ee5-9dcf-418a-9e48-9d80743d83f4] transferring FlowFile[834,100306584929599.mockFlowFile,13B] to 'success'
[pool-145-thread-1] INFO org.apache.nifi.processors.standard.ControlRate - ControlRate[id=3ebd9ee5-9dcf-418a-9e48-9d80743d83f4] transferring FlowFile[835,100306584941785.mockFlowFile,13B] to 'success'
[pool-145-thread-1] INFO org.apache.nifi.processors.standard.ControlRate - ControlRate[id=3ebd9ee5-9dcf-418a-9e48-9d80743d83f4] transferring FlowFile[836,100306584953076.mockFlowFile,13B] to 'success'
[pool-145-thread-1] INFO org.apache.nifi.processors.standard.ControlRate - ControlRate[id=3ebd9ee5-9dcf-418a-9e48-9d80743d83f4] transferring FlowFile[837,100306584965210.mockFlowFile,13B] to 'success'
[pool-145-thread-1] INFO org.apache.nifi.processors.standard.ControlRate - ControlRate[id=3ebd9ee5-9dcf-418a-9e48-9d80743d83f4] transferring FlowFile[838,100306584988935.mockFlowFile,13B] to 'success'
[pool-145-thread-1] INFO org.apache.nifi.processors.standard.ControlRate - ControlRate[id=3ebd9ee5-9dcf-418a-9e48-9d80743d83f4] transferring FlowFile[839,100306585005834.mockFlowFile,13B] to 'success'
[pool-145-thread-1] INFO org.apache.nifi.processors.standard.ControlRate - ControlRate[id=3ebd9ee5-9dcf-418a-9e48-9d80743d83f4] transferring FlowFile[840,100306585047882.mockFlowFile,13B] to 'success'
[pool-145-thread-1] INFO org.apache.nifi.processors.standard.ControlRate - ControlRate[id=3ebd9ee5-9dcf-418a-9e48-9d80743d83f4] transferring FlowFile[841,100306585059218.mockFlowFile,13B] to 'success'
[pool-145-thread-1] INFO org.apache.nifi.processors.standard.ControlRate - ControlRate[id=3ebd9ee5-9dcf-418a-9e48-9d80743d83f4] transferring FlowFile[842,100306585070810.mockFlowFile,13B] to 'success'
[pool-145-thread-1] INFO org.apache.nifi.processors.standard.ControlRate - ControlRate[id=3ebd9ee5-9dcf-418a-9e48-9d80743d83f4] transferring FlowFile[843,100306585081724.mockFlowFile,13B] to 'success'
[pool-145-thread-1] INFO org.apache.nifi.processors.standard.ControlRate - ControlRate[id=3ebd9ee5-9dcf-418a-9e48-9d80743d83f4] transferring FlowFile[844,100306585093626.mockFlowFile,13B] to 'success'
[pool-145-thread-1] INFO org.apache.nifi.processors.standard.ControlRate - ControlRate[id=3ebd9ee5-9dcf-418a-9e48-9d80743d83f4] transferring FlowFile[845,100306585105626.mockFlowFile,13B] to 'success'
[pool-145-thread-1] INFO org.apache.nifi.processors.standard.ControlRate - ControlRate[id=3ebd9ee5-9dcf-418a-9e48-9d80743d83f4] transferring FlowFile[846,100306585117148.mockFlowFile,13B] to 'success'
[pool-145-thread-1] INFO org.apache.nifi.processors.standard.ControlRate - ControlRate[id=3ebd9ee5-9dcf-418a-9e48-9d80743d83f4] transferring FlowFile[847,100306585134027.mockFlowFile,13B] to 'success'
[pool-145-thread-1] INFO org.apache.nifi.processors.standard.ControlRate - ControlRate[id=3ebd9ee5-9dcf-418a-9e48-9d80743d83f4] transferring FlowFile[848,100306585146003.mockFlowFile,13B] to 'success'
[pool-145-thread-1] INFO org.apache.nifi.processors.standard.ControlRate - ControlRate[id=3ebd9ee5-9dcf-418a-9e48-9d80743d83f4] transferring FlowFile[849,100306585159712.mockFlowFile,13B] to 'success'
[pool-145-thread-1] INFO org.apache.nifi.processors.standard.ControlRate - ControlRate[id=3ebd9ee5-9dcf-418a-9e48-9d80743d83f4] transferring FlowFile[850,100306585171351.mockFlowFile,13B] to 'success'
[pool-145-thread-1] INFO org.apache.nifi.processors.standard.ControlRate - ControlRate[id=3ebd9ee5-9dcf-418a-9e48-9d80743d83f4] transferring FlowFile[851,100306585183090.mockFlowFile,13B] to 'success'
[pool-145-thread-1] INFO org.apache.nifi.processors.standard.ControlRate - ControlRate[id=3ebd9ee5-9dcf-418a-9e48-9d80743d83f4] transferring FlowFile[852,100306585195485.mockFlowFile,13B] to 'success'
[pool-145-thread-1] INFO org.apache.nifi.processors.standard.ControlRate - ControlRate[id=3ebd9ee5-9dcf-418a-9e48-9d80743d83f4] transferring FlowFile[853,100306585206801.mockFlowFile,13B] to 'success'
[pool-145-thread-1] INFO org.apache.nifi.processors.standard.ControlRate - ControlRate[id=3ebd9ee5-9dcf-418a-9e48-9d80743d83f4] transferring FlowFile[854,100306585218636.mockFlowFile,13B] to 'success'
[pool-145-thread-1] INFO org.apache.nifi.processors.standard.ControlRate - ControlRate[id=3ebd9ee5-9dcf-418a-9e48-9d80743d83f4] transferring FlowFile[855,100306585234908.mockFlowFile,13B] to 'success'
[pool-145-thread-1] INFO org.apache.nifi.processors.standard.ControlRate - ControlRate[id=3ebd9ee5-9dcf-418a-9e48-9d80743d83f4] transferring FlowFile[856,100306585246684.mockFlowFile,13B] to 'success'
[pool-145-thread-1] INFO org.apache.nifi.processors.standard.ControlRate - ControlRate[id=3ebd9ee5-9dcf-418a-9e48-9d80743d83f4] transferring FlowFile[857,100306585258307.mockFlowFile,13B] to 'success'
[pool-145-thread-1] INFO org.apache.nifi.processors.standard.ControlRate - ControlRate[id=3ebd9ee5-9dcf-418a-9e48-9d80743d83f4] transferring FlowFile[858,100306585270143.mockFlowFile,13B] to 'success'
[pool-145-thread-1] INFO org.apache.nifi.processors.standard.ControlRate - ControlRate[id=3ebd9ee5-9dcf-418a-9e48-9d80743d83f4] transferring FlowFile[859,100306585282198.mockFlowFile,13B] to 'success'
[pool-145-thread-1] INFO org.apache.nifi.processors.standard.ControlRate - ControlRate[id=3ebd9ee5-9dcf-418a-9e48-9d80743d83f4] transferring FlowFile[860,100306585293739.mockFlowFile,13B] to 'success'
[pool-145-thread-1] INFO org.apache.nifi.processors.standard.ControlRate - ControlRate[id=3ebd9ee5-9dcf-418a-9e48-9d80743d83f4] transferring FlowFile[861,100306585304342.mockFlowFile,13B] to 'success'
[pool-145-thread-1] INFO org.apache.nifi.processors.standard.ControlRate - ControlRate[id=3ebd9ee5-9dcf-418a-9e48-9d80743d83f4] transferring FlowFile[862,100306585316814.mockFlowFile,13B] to 'success'
[pool-145-thread-1] INFO org.apache.nifi.processors.standard.ControlRate - ControlRate[id=3ebd9ee5-9dcf-418a-9e48-9d80743d83f4] transferring FlowFile[863,100306585332661.mockFlowFile,13B] to 'success'
[pool-145-thread-1] INFO org.apache.nifi.processors.standard.ControlRate - ControlRate[id=3ebd9ee5-9dcf-418a-9e48-9d80743d83f4] transferring FlowFile[864,100306585345999.mockFlowFile,13B] to 'success'
[pool-145-thread-1] INFO org.apache.nifi.processors.standard.ControlRate - ControlRate[id=3ebd9ee5-9dcf-418a-9e48-9d80743d83f4] transferring FlowFile[865,100306585357526.mockFlowFile,13B] to 'success'
[pool-145-thread-1] INFO org.apache.nifi.processors.standard.ControlRate - ControlRate[id=3ebd9ee5-9dcf-418a-9e48-9d80743d83f4] transferring FlowFile[866,100306585369280.mockFlowFile,13B] to 'success'
[pool-145-thread-1] INFO org.apache.nifi.processors.standard.ControlRate - ControlRate[id=3ebd9ee5-9dcf-418a-9e48-9d80743d83f4] transferring FlowFile[867,100306585381081.mockFlowFile,13B] to 'success'
[pool-145-thread-1] INFO org.apache.nifi.processors.standard.ControlRate - ControlRate[id=3ebd9ee5-9dcf-418a-9e48-9d80743d83f4] transferring FlowFile[868,100306585391735.mockFlowFile,13B] to 'success'
[pool-145-thread-1] INFO org.apache.nifi.processors.standard.ControlRate - ControlRate[id=3ebd9ee5-9dcf-418a-9e48-9d80743d83f4] transferring FlowFile[869,100306585404871.mockFlowFile,13B] to 'success'
[pool-145-thread-1] INFO org.apache.nifi.processors.standard.ControlRate - ControlRate[id=3ebd9ee5-9dcf-418a-9e48-9d80743d83f4] transferring FlowFile[870,100306585416703.mockFlowFile,13B] to 'success'
[pool-145-thread-1] INFO org.apache.nifi.processors.standard.ControlRate - ControlRate[id=3ebd9ee5-9dcf-418a-9e48-9d80743d83f4] transferring FlowFile[871,100306585432166.mockFlowFile,13B] to 'success'
[pool-145-thread-1] INFO org.apache.nifi.processors.standard.ControlRate - ControlRate[id=3ebd9ee5-9dcf-418a-9e48-9d80743d83f4] transferring FlowFile[872,100306585444265.mockFlowFile,13B] to 'success'
[pool-145-thread-1] INFO org.apache.nifi.processors.standard.ControlRate - ControlRate[id=3ebd9ee5-9dcf-418a-9e48-9d80743d83f4] transferring FlowFile[873,100306585455023.mockFlowFile,13B] to 'success'
[pool-145-thread-1] INFO org.apache.nifi.processors.standard.ControlRate - ControlRate[id=3ebd9ee5-9dcf-418a-9e48-9d80743d83f4] transferring FlowFile[874,100306585466790.mockFlowFile,13B] to 'success'
[pool-145-thread-1] INFO org.apache.nifi.processors.standard.ControlRate - ControlRate[id=3ebd9ee5-9dcf-418a-9e48-9d80743d83f4] transferring FlowFile[875,100306585477963.mockFlowFile,13B] to 'success'
[pool-145-thread-1] INFO org.apache.nifi.processors.standard.ControlRate - ControlRate[id=3ebd9ee5-9dcf-418a-9e48-9d80743d83f4] transferring FlowFile[876,100306585488774.mockFlowFile,13B] to 'success'
[pool-145-thread-1] INFO org.apache.nifi.processors.standard.ControlRate - ControlRate[id=3ebd9ee5-9dcf-418a-9e48-9d80743d83f4] transferring FlowFile[877,100306585500348.mockFlowFile,13B] to 'success'
[pool-145-thread-1] INFO org.apache.nifi.processors.standard.ControlRate - ControlRate[id=3ebd9ee5-9dcf-418a-9e48-9d80743d83f4] transferring FlowFile[878,100306585511533.mockFlowFile,13B] to 'success'
[pool-145-thread-1] INFO org.apache.nifi.processors.standard.ControlRate - ControlRate[id=3ebd9ee5-9dcf-418a-9e48-9d80743d83f4] transferring FlowFile[879,100306585528495.mockFlowFile,13B] to 'success'
[pool-145-thread-1] INFO org.apache.nifi.processors.standard.ControlRate - ControlRate[id=3ebd9ee5-9dcf-418a-9e48-9d80743d83f4] transferring FlowFile[880,100306585541443.mockFlowFile,13B] to 'success'
[pool-145-thread-1] INFO org.apache.nifi.processors.standard.ControlRate - ControlRate[id=3ebd9ee5-9dcf-418a-9e48-9d80743d83f4] transferring FlowFile[881,100306585552666.mockFlowFile,13B] to 'success'
[pool-145-thread-1] INFO org.apache.nifi.processors.standard.ControlRate - ControlRate[id=3ebd9ee5-9dcf-418a-9e48-9d80743d83f4] transferring FlowFile[882,100306585564527.mockFlowFile,13B] to 'success'
[pool-145-thread-1] INFO org.apache.nifi.processors.standard.ControlRate - ControlRate[id=3ebd9ee5-9dcf-418a-9e48-9d80743d83f4] transferring FlowFile[883,100306585576201.mockFlowFile,13B] to 'success'
[pool-145-thread-1] INFO org.apache.nifi.processors.standard.ControlRate - ControlRate[id=3ebd9ee5-9dcf-418a-9e48-9d80743d83f4] transferring FlowFile[884,100306585587740.mockFlowFile,13B] to 'success'
[pool-145-thread-1] INFO org.apache.nifi.processors.standard.ControlRate - ControlRate[id=3ebd9ee5-9dcf-418a-9e48-9d80743d83f4] transferring FlowFile[885,100306585599359.mockFlowFile,13B] to 'success'
[pool-145-thread-1] INFO org.apache.nifi.processors.standard.ControlRate - ControlRate[id=3ebd9ee5-9dcf-418a-9e48-9d80743d83f4] transferring FlowFile[886,100306585610311.mockFlowFile,13B] to 'success'
[pool-145-thread-1] INFO org.apache.nifi.processors.standard.ControlRate - ControlRate[id=3ebd9ee5-9dcf-418a-9e48-9d80743d83f4] transferring FlowFile[887,100306585626986.mockFlowFile,13B] to 'success'
[pool-145-thread-1] INFO org.apache.nifi.processors.standard.ControlRate - ControlRate[id=3ebd9ee5-9dcf-418a-9e48-9d80743d83f4] transferring FlowFile[888,100306585639339.mockFlowFile,13B] to 'success'
[pool-145-thread-1] INFO org.apache.nifi.processors.standard.ControlRate - ControlRate[id=3ebd9ee5-9dcf-418a-9e48-9d80743d83f4] transferring FlowFile[889,100306585651842.mockFlowFile,13B] to 'success'
[pool-145-thread-1] INFO org.apache.nifi.processors.standard.ControlRate - ControlRate[id=3ebd9ee5-9dcf-418a-9e48-9d80743d83f4] transferring FlowFile[890,100306585663908.mockFlowFile,13B] to 'success'
[pool-145-thread-1] INFO org.apache.nifi.processors.standard.ControlRate - ControlRate[id=3ebd9ee5-9dcf-418a-9e48-9d80743d83f4] transferring FlowFile[891,100306585675089.mockFlowFile,13B] to 'success'
[pool-145-thread-1] INFO org.apache.nifi.processors.standard.ControlRate - ControlRate[id=3ebd9ee5-9dcf-418a-9e48-9d80743d83f4] transferring FlowFile[892,100306585687378.mockFlowFile,13B] to 'success'
[pool-145-thread-1] INFO org.apache.nifi.processors.standard.ControlRate - ControlRate[id=3ebd9ee5-9dcf-418a-9e48-9d80743d83f4] transferring FlowFile[893,100306585697869.mockFlowFile,13B] to 'success'
[pool-145-thread-1] INFO org.apache.nifi.processors.standard.ControlRate - ControlRate[id=3ebd9ee5-9dcf-418a-9e48-9d80743d83f4] transferring FlowFile[894,100306585709644.mockFlowFile,13B] to 'success'
[pool-145-thread-1] INFO org.apache.nifi.processors.standard.ControlRate - ControlRate[id=3ebd9ee5-9dcf-418a-9e48-9d80743d83f4] transferring FlowFile[895,100306585726026.mockFlowFile,13B] to 'success'
[pool-145-thread-1] INFO org.apache.nifi.processors.standard.ControlRate - ControlRate[id=3ebd9ee5-9dcf-418a-9e48-9d80743d83f4] transferring FlowFile[896,100306585745278.mockFlowFile,13B] to 'success'
[pool-145-thread-1] INFO org.apache.nifi.processors.standard.ControlRate - ControlRate[id=3ebd9ee5-9dcf-418a-9e48-9d80743d83f4] transferring FlowFile[897,100306585758026.mockFlowFile,13B] to 'success'
[pool-145-thread-1] INFO org.apache.nifi.processors.standard.ControlRate - ControlRate[id=3ebd9ee5-9dcf-418a-9e48-9d80743d83f4] transferring FlowFile[898,100306585769154.mockFlowFile,13B] to 'success'
[pool-145-thread-1] INFO org.apache.nifi.processors.standard.ControlRate - ControlRate[id=3ebd9ee5-9dcf-418a-9e48-9d80743d83f4] transferring FlowFile[899,100306585781100.mockFlowFile,13B] to 'success'
[pool-145-thread-1] INFO org.apache.nifi.processors.standard.ControlRate - ControlRate[id=3ebd9ee5-9dcf-418a-9e48-9d80743d83f4] transferring FlowFile[900,100306585792349.mockFlowFile,13B] to 'success'
[pool-145-thread-1] INFO org.apache.nifi.processors.standard.ControlRate - ControlRate[id=3ebd9ee5-9dcf-418a-9e48-9d80743d83f4] transferring FlowFile[901,100306585805428.mockFlowFile,13B] to 'success'
[pool-145-thread-1] INFO org.apache.nifi.processors.standard.ControlRate - ControlRate[id=3ebd9ee5-9dcf-418a-9e48-9d80743d83f4] transferring FlowFile[902,100306585816942.mockFlowFile,13B] to 'success'
[pool-145-thread-1] INFO org.apache.nifi.processors.standard.ControlRate - ControlRate[id=3ebd9ee5-9dcf-418a-9e48-9d80743d83f4] transferring FlowFile[903,100306585832873.mockFlowFile,13B] to 'success'
[pool-145-thread-1] INFO org.apache.nifi.processors.standard.ControlRate - ControlRate[id=3ebd9ee5-9dcf-418a-9e48-9d80743d83f4] transferring FlowFile[904,100306585845499.mockFlowFile,13B] to 'success'
[pool-145-thread-1] INFO org.apache.nifi.processors.standard.ControlRate - ControlRate[id=3ebd9ee5-9dcf-418a-9e48-9d80743d83f4] transferring FlowFile[905,100306585857338.mockFlowFile,13B] to 'success'
[pool-145-thread-1] INFO org.apache.nifi.processors.standard.ControlRate - ControlRate[id=3ebd9ee5-9dcf-418a-9e48-9d80743d83f4] transferring FlowFile[906,100306585868497.mockFlowFile,13B] to 'success'
[pool-145-thread-1] INFO org.apache.nifi.processors.standard.ControlRate - ControlRate[id=3ebd9ee5-9dcf-418a-9e48-9d80743d83f4] transferring FlowFile[907,100306585880547.mockFlowFile,13B] to 'success'
[pool-145-thread-1] INFO org.apache.nifi.processors.standard.ControlRate - ControlRate[id=3ebd9ee5-9dcf-418a-9e48-9d80743d83f4] transferring FlowFile[908,100306585891663.mockFlowFile,13B] to 'success'
[pool-145-thread-1] INFO org.apache.nifi.processors.standard.ControlRate - ControlRate[id=3ebd9ee5-9dcf-418a-9e48-9d80743d83f4] transferring FlowFile[909,100306585903710.mockFlowFile,13B] to 'success'
[pool-145-thread-1] INFO org.apache.nifi.processors.standard.ControlRate - ControlRate[id=3ebd9ee5-9dcf-418a-9e48-9d80743d83f4] transferring FlowFile[910,100306585915168.mockFlowFile,13B] to 'success'
[pool-145-thread-1] INFO org.apache.nifi.processors.standard.ControlRate - ControlRate[id=3ebd9ee5-9dcf-418a-9e48-9d80743d83f4] transferring FlowFile[911,100306585931381.mockFlowFile,13B] to 'success'
[pool-145-thread-1] INFO org.apache.nifi.processors.standard.ControlRate - ControlRate[id=3ebd9ee5-9dcf-418a-9e48-9d80743d83f4] transferring FlowFile[912,100306585944443.mockFlowFile,13B] to 'success'
[pool-145-thread-1] INFO org.apache.nifi.processors.standard.ControlRate - ControlRate[id=3ebd9ee5-9dcf-418a-9e48-9d80743d83f4] transferring FlowFile[913,100306585955255.mockFlowFile,13B] to 'success'
[pool-145-thread-1] INFO org.apache.nifi.processors.standard.ControlRate - ControlRate[id=3ebd9ee5-9dcf-418a-9e48-9d80743d83f4] transferring FlowFile[914,100306585967062.mockFlowFile,13B] to 'success'
[pool-145-thread-1] INFO org.apache.nifi.processors.standard.ControlRate - ControlRate[id=3ebd9ee5-9dcf-418a-9e48-9d80743d83f4] transferring FlowFile[915,100306585978964.mockFlowFile,13B] to 'success'
[pool-145-thread-1] INFO org.apache.nifi.processors.standard.ControlRate - ControlRate[id=3ebd9ee5-9dcf-418a-9e48-9d80743d83f4] transferring FlowFile[916,100306585989838.mockFlowFile,13B] to 'success'
[pool-145-thread-1] INFO org.apache.nifi.processors.standard.ControlRate - ControlRate[id=3ebd9ee5-9dcf-418a-9e48-9d80743d83f4] transferring FlowFile[917,100306586001015.mockFlowFile,13B] to 'success'
[pool-145-thread-1] INFO org.apache.nifi.processors.standard.ControlRate - ControlRate[id=3ebd9ee5-9dcf-418a-9e48-9d80743d83f4] transferring FlowFile[918,100306586014098.mockFlowFile,13B] to 'success'
[pool-145-thread-1] INFO org.apache.nifi.processors.standard.ControlRate - ControlRate[id=3ebd9ee5-9dcf-418a-9e48-9d80743d83f4] transferring FlowFile[919,100306586030711.mockFlowFile,13B] to 'success'
[pool-145-thread-1] INFO org.apache.nifi.processors.standard.ControlRate - ControlRate[id=3ebd9ee5-9dcf-418a-9e48-9d80743d83f4] transferring FlowFile[920,100306586043899.mockFlowFile,13B] to 'success'
[pool-145-thread-1] INFO org.apache.nifi.processors.standard.ControlRate - ControlRate[id=3ebd9ee5-9dcf-418a-9e48-9d80743d83f4] transferring FlowFile[921,100306586055007.mockFlowFile,13B] to 'success'
[pool-145-thread-1] INFO org.apache.nifi.processors.standard.ControlRate - ControlRate[id=3ebd9ee5-9dcf-418a-9e48-9d80743d83f4] transferring FlowFile[922,100306586067414.mockFlowFile,13B] to 'success'
[pool-145-thread-1] INFO org.apache.nifi.processors.standard.ControlRate - ControlRate[id=3ebd9ee5-9dcf-418a-9e48-9d80743d83f4] transferring FlowFile[923,100306586078888.mockFlowFile,13B] to 'success'
[pool-145-thread-1] INFO org.apache.nifi.processors.standard.ControlRate - ControlRate[id=3ebd9ee5-9dcf-418a-9e48-9d80743d83f4] transferring FlowFile[924,100306586090801.mockFlowFile,13B] to 'success'
[pool-145-thread-1] INFO org.apache.nifi.processors.standard.ControlRate - ControlRate[id=3ebd9ee5-9dcf-418a-9e48-9d80743d83f4] transferring FlowFile[925,100306586102620.mockFlowFile,13B] to 'success'
[pool-145-thread-1] INFO org.apache.nifi.processors.standard.ControlRate - ControlRate[id=3ebd9ee5-9dcf-418a-9e48-9d80743d83f4] transferring FlowFile[926,100306586113740.mockFlowFile,13B] to 'success'
[pool-145-thread-1] INFO org.apache.nifi.processors.standard.ControlRate - ControlRate[id=3ebd9ee5-9dcf-418a-9e48-9d80743d83f4] transferring FlowFile[927,100306586131437.mockFlowFile,13B] to 'success'
[pool-145-thread-1] INFO org.apache.nifi.processors.standard.ControlRate - ControlRate[id=3ebd9ee5-9dcf-418a-9e48-9d80743d83f4] transferring FlowFile[928,100306586142996.mockFlowFile,13B] to 'success'
[pool-145-thread-1] INFO org.apache.nifi.processors.standard.ControlRate - ControlRate[id=3ebd9ee5-9dcf-418a-9e48-9d80743d83f4] transferring FlowFile[929,100306586155289.mockFlowFile,13B] to 'success'
[pool-145-thread-1] INFO org.apache.nifi.processors.standard.ControlRate - ControlRate[id=3ebd9ee5-9dcf-418a-9e48-9d80743d83f4] transferring FlowFile[930,100306586166969.mockFlowFile,13B] to 'success'
[pool-145-thread-1] INFO org.apache.nifi.processors.standard.ControlRate - ControlRate[id=3ebd9ee5-9dcf-418a-9e48-9d80743d83f4] transferring FlowFile[931,100306586178483.mockFlowFile,13B] to 'success'
[pool-145-thread-1] INFO org.apache.nifi.processors.standard.ControlRate - ControlRate[id=3ebd9ee5-9dcf-418a-9e48-9d80743d83f4] transferring FlowFile[932,100306586190169.mockFlowFile,13B] to 'success'
[pool-145-thread-1] INFO org.apache.nifi.processors.standard.ControlRate - ControlRate[id=3ebd9ee5-9dcf-418a-9e48-9d80743d83f4] transferring FlowFile[933,100306586201409.mockFlowFile,13B] to 'success'
[pool-145-thread-1] INFO org.apache.nifi.processors.standard.ControlRate - ControlRate[id=3ebd9ee5-9dcf-418a-9e48-9d80743d83f4] transferring FlowFile[934,100306586215222.mockFlowFile,13B] to 'success'
[pool-145-thread-1] INFO org.apache.nifi.processors.standard.ControlRate - ControlRate[id=3ebd9ee5-9dcf-418a-9e48-9d80743d83f4] transferring FlowFile[935,100306586232480.mockFlowFile,13B] to 'success'
[pool-145-thread-1] INFO org.apache.nifi.processors.standard.ControlRate - ControlRate[id=3ebd9ee5-9dcf-418a-9e48-9d80743d83f4] transferring FlowFile[936,100306586244234.mockFlowFile,13B] to 'success'
[pool-145-thread-1] INFO org.apache.nifi.processors.standard.ControlRate - ControlRate[id=3ebd9ee5-9dcf-418a-9e48-9d80743d83f4] transferring FlowFile[937,100306586257642.mockFlowFile,13B] to 'success'
[pool-145-thread-1] INFO org.apache.nifi.processors.standard.ControlRate - ControlRate[id=3ebd9ee5-9dcf-418a-9e48-9d80743d83f4] transferring FlowFile[938,100306586268395.mockFlowFile,13B] to 'success'
[pool-145-thread-1] INFO org.apache.nifi.processors.standard.ControlRate - ControlRate[id=3ebd9ee5-9dcf-418a-9e48-9d80743d83f4] transferring FlowFile[939,100306586279859.mockFlowFile,13B] to 'success'
[pool-145-thread-1] INFO org.apache.nifi.processors.standard.ControlRate - ControlRate[id=3ebd9ee5-9dcf-418a-9e48-9d80743d83f4] transferring FlowFile[940,100306586291775.mockFlowFile,13B] to 'success'
[pool-145-thread-1] INFO org.apache.nifi.processors.standard.ControlRate - ControlRate[id=3ebd9ee5-9dcf-418a-9e48-9d80743d83f4] transferring FlowFile[941,100306586302488.mockFlowFile,13B] to 'success'
[pool-145-thread-1] INFO org.apache.nifi.processors.standard.ControlRate - ControlRate[id=3ebd9ee5-9dcf-418a-9e48-9d80743d83f4] transferring FlowFile[942,100306586313819.mockFlowFile,13B] to 'success'
[pool-145-thread-1] INFO org.apache.nifi.processors.standard.ControlRate - ControlRate[id=3ebd9ee5-9dcf-418a-9e48-9d80743d83f4] transferring FlowFile[943,100306586329792.mockFlowFile,13B] to 'success'
[pool-145-thread-1] INFO org.apache.nifi.processors.standard.ControlRate - ControlRate[id=3ebd9ee5-9dcf-418a-9e48-9d80743d83f4] transferring FlowFile[944,100306586341685.mockFlowFile,13B] to 'success'
[pool-145-thread-1] INFO org.apache.nifi.processors.standard.ControlRate - ControlRate[id=3ebd9ee5-9dcf-418a-9e48-9d80743d83f4] transferring FlowFile[945,100306586353364.mockFlowFile,13B] to 'success'
[pool-145-thread-1] INFO org.apache.nifi.processors.standard.ControlRate - ControlRate[id=3ebd9ee5-9dcf-418a-9e48-9d80743d83f4] transferring FlowFile[946,100306586364263.mockFlowFile,13B] to 'success'
[pool-145-thread-1] INFO org.apache.nifi.processors.standard.ControlRate - ControlRate[id=3ebd9ee5-9dcf-418a-9e48-9d80743d83f4] transferring FlowFile[947,100306586377503.mockFlowFile,13B] to 'success'
[pool-145-thread-1] INFO org.apache.nifi.processors.standard.ControlRate - ControlRate[id=3ebd9ee5-9dcf-418a-9e48-9d80743d83f4] transferring FlowFile[948,100306586388584.mockFlowFile,13B] to 'success'
[pool-145-thread-1] INFO org.apache.nifi.processors.standard.ControlRate - ControlRate[id=3ebd9ee5-9dcf-418a-9e48-9d80743d83f4] transferring FlowFile[949,100306586400475.mockFlowFile,13B] to 'success'
[pool-145-thread-1] INFO org.apache.nifi.processors.standard.ControlRate - ControlRate[id=3ebd9ee5-9dcf-418a-9e48-9d80743d83f4] transferring FlowFile[950,100306586412307.mockFlowFile,13B] to 'success'
[pool-145-thread-1] INFO org.apache.nifi.processors.standard.ControlRate - ControlRate[id=3ebd9ee5-9dcf-418a-9e48-9d80743d83f4] transferring FlowFile[951,100306586428686.mockFlowFile,13B] to 'success'
[pool-145-thread-1] INFO org.apache.nifi.processors.standard.ControlRate - ControlRate[id=3ebd9ee5-9dcf-418a-9e48-9d80743d83f4] transferring FlowFile[952,100306586440794.mockFlowFile,13B] to 'success'
[pool-145-thread-1] INFO org.apache.nifi.processors.standard.ControlRate - ControlRate[id=3ebd9ee5-9dcf-418a-9e48-9d80743d83f4] transferring FlowFile[953,100306586451239.mockFlowFile,13B] to 'success'
[pool-145-thread-1] INFO org.apache.nifi.processors.standard.ControlRate - ControlRate[id=3ebd9ee5-9dcf-418a-9e48-9d80743d83f4] transferring FlowFile[954,100306586462889.mockFlowFile,13B] to 'success'
[pool-145-thread-1] INFO org.apache.nifi.processors.standard.ControlRate - ControlRate[id=3ebd9ee5-9dcf-418a-9e48-9d80743d83f4] transferring FlowFile[955,100306586474283.mockFlowFile,13B] to 'success'
[pool-145-thread-1] INFO org.apache.nifi.processors.standard.ControlRate - ControlRate[id=3ebd9ee5-9dcf-418a-9e48-9d80743d83f4] transferring FlowFile[956,100306586484881.mockFlowFile,13B] to 'success'
[pool-145-thread-1] INFO org.apache.nifi.processors.standard.ControlRate - ControlRate[id=3ebd9ee5-9dcf-418a-9e48-9d80743d83f4] transferring FlowFile[957,100306586496344.mockFlowFile,13B] to 'success'
[pool-145-thread-1] INFO org.apache.nifi.processors.standard.ControlRate - ControlRate[id=3ebd9ee5-9dcf-418a-9e48-9d80743d83f4] transferring FlowFile[958,100306586506999.mockFlowFile,13B] to 'success'
[pool-145-thread-1] INFO org.apache.nifi.processors.standard.ControlRate - ControlRate[id=3ebd9ee5-9dcf-418a-9e48-9d80743d83f4] transferring FlowFile[959,100306586524913.mockFlowFile,13B] to 'success'
[pool-145-thread-1] INFO org.apache.nifi.processors.standard.ControlRate - ControlRate[id=3ebd9ee5-9dcf-418a-9e48-9d80743d83f4] transferring FlowFile[960,100306586537136.mockFlowFile,13B] to 'success'
[pool-145-thread-1] INFO org.apache.nifi.processors.standard.ControlRate - ControlRate[id=3ebd9ee5-9dcf-418a-9e48-9d80743d83f4] transferring FlowFile[961,100306586547842.mockFlowFile,13B] to 'success'
[pool-145-thread-1] INFO org.apache.nifi.processors.standard.ControlRate - ControlRate[id=3ebd9ee5-9dcf-418a-9e48-9d80743d83f4] transferring FlowFile[962,100306586560915.mockFlowFile,13B] to 'success'
[pool-145-thread-1] INFO org.apache.nifi.processors.standard.ControlRate - ControlRate[id=3ebd9ee5-9dcf-418a-9e48-9d80743d83f4] transferring FlowFile[963,100306586572567.mockFlowFile,13B] to 'success'
[pool-145-thread-1] INFO org.apache.nifi.processors.standard.ControlRate - ControlRate[id=3ebd9ee5-9dcf-418a-9e48-9d80743d83f4] transferring FlowFile[964,100306586584023.mockFlowFile,13B] to 'success'
[pool-145-thread-1] INFO org.apache.nifi.processors.standard.ControlRate - ControlRate[id=3ebd9ee5-9dcf-418a-9e48-9d80743d83f4] transferring FlowFile[965,100306586595525.mockFlowFile,13B] to 'success'
[pool-145-thread-1] INFO org.apache.nifi.processors.standard.ControlRate - ControlRate[id=3ebd9ee5-9dcf-418a-9e48-9d80743d83f4] transferring FlowFile[966,100306586606231.mockFlowFile,13B] to 'success'
[pool-145-thread-1] INFO org.apache.nifi.processors.standard.ControlRate - ControlRate[id=3ebd9ee5-9dcf-418a-9e48-9d80743d83f4] transferring FlowFile[967,100306586622556.mockFlowFile,13B] to 'success'
[pool-145-thread-1] INFO org.apache.nifi.processors.standard.ControlRate - ControlRate[id=3ebd9ee5-9dcf-418a-9e48-9d80743d83f4] transferring FlowFile[968,100306586634264.mockFlowFile,13B] to 'success'
[pool-145-thread-1] INFO org.apache.nifi.processors.standard.ControlRate - ControlRate[id=3ebd9ee5-9dcf-418a-9e48-9d80743d83f4] transferring FlowFile[969,100306586646025.mockFlowFile,13B] to 'success'
[pool-145-thread-1] INFO org.apache.nifi.processors.standard.ControlRate - ControlRate[id=3ebd9ee5-9dcf-418a-9e48-9d80743d83f4] transferring FlowFile[970,100306586657519.mockFlowFile,13B] to 'success'
[pool-145-thread-1] INFO org.apache.nifi.processors.standard.ControlRate - ControlRate[id=3ebd9ee5-9dcf-418a-9e48-9d80743d83f4] transferring FlowFile[971,100306586669823.mockFlowFile,13B] to 'success'
[pool-145-thread-1] INFO org.apache.nifi.processors.standard.ControlRate - ControlRate[id=3ebd9ee5-9dcf-418a-9e48-9d80743d83f4] transferring FlowFile[972,100306586681885.mockFlowFile,13B] to 'success'
[pool-145-thread-1] INFO org.apache.nifi.processors.standard.ControlRate - ControlRate[id=3ebd9ee5-9dcf-418a-9e48-9d80743d83f4] transferring FlowFile[973,100306586692533.mockFlowFile,13B] to 'success'
[pool-145-thread-1] INFO org.apache.nifi.processors.standard.ControlRate - ControlRate[id=3ebd9ee5-9dcf-418a-9e48-9d80743d83f4] transferring FlowFile[974,100306586728559.mockFlowFile,13B] to 'success'
[pool-145-thread-1] INFO org.apache.nifi.processors.standard.ControlRate - ControlRate[id=3ebd9ee5-9dcf-418a-9e48-9d80743d83f4] transferring FlowFile[975,100306586748532.mockFlowFile,13B] to 'success'
[pool-145-thread-1] INFO org.apache.nifi.processors.standard.ControlRate - ControlRate[id=3ebd9ee5-9dcf-418a-9e48-9d80743d83f4] transferring FlowFile[976,100306586760508.mockFlowFile,13B] to 'success'
[pool-145-thread-1] INFO org.apache.nifi.processors.standard.ControlRate - ControlRate[id=3ebd9ee5-9dcf-418a-9e48-9d80743d83f4] transferring FlowFile[977,100306586772382.mockFlowFile,13B] to 'success'
[pool-145-thread-1] INFO org.apache.nifi.processors.standard.ControlRate - ControlRate[id=3ebd9ee5-9dcf-418a-9e48-9d80743d83f4] transferring FlowFile[978,100306586782897.mockFlowFile,13B] to 'success'
[pool-145-thread-1] INFO org.apache.nifi.processors.standard.ControlRate - ControlRate[id=3ebd9ee5-9dcf-418a-9e48-9d80743d83f4] transferring FlowFile[979,100306586794053.mockFlowFile,13B] to 'success'
[pool-145-thread-1] INFO org.apache.nifi.processors.standard.ControlRate - ControlRate[id=3ebd9ee5-9dcf-418a-9e48-9d80743d83f4] transferring FlowFile[980,100306586805365.mockFlowFile,13B] to 'success'
[pool-145-thread-1] INFO org.apache.nifi.processors.standard.ControlRate - ControlRate[id=3ebd9ee5-9dcf-418a-9e48-9d80743d83f4] transferring FlowFile[981,100306586815806.mockFlowFile,13B] to 'success'
[pool-145-thread-1] INFO org.apache.nifi.processors.standard.ControlRate - ControlRate[id=3ebd9ee5-9dcf-418a-9e48-9d80743d83f4] transferring FlowFile[982,100306586826735.mockFlowFile,13B] to 'success'
[pool-145-thread-1] INFO org.apache.nifi.processors.standard.ControlRate - ControlRate[id=3ebd9ee5-9dcf-418a-9e48-9d80743d83f4] transferring FlowFile[983,100306586841998.mockFlowFile,13B] to 'success'
[pool-145-thread-1] INFO org.apache.nifi.processors.standard.ControlRate - ControlRate[id=3ebd9ee5-9dcf-418a-9e48-9d80743d83f4] transferring FlowFile[984,100306586853873.mockFlowFile,13B] to 'success'
[pool-145-thread-1] INFO org.apache.nifi.processors.standard.ControlRate - ControlRate[id=3ebd9ee5-9dcf-418a-9e48-9d80743d83f4] transferring FlowFile[985,100306586865394.mockFlowFile,13B] to 'success'
[pool-145-thread-1] INFO org.apache.nifi.processors.standard.ControlRate - ControlRate[id=3ebd9ee5-9dcf-418a-9e48-9d80743d83f4] transferring FlowFile[986,100306586877156.mockFlowFile,13B] to 'success'
[pool-145-thread-1] INFO org.apache.nifi.processors.standard.ControlRate - ControlRate[id=3ebd9ee5-9dcf-418a-9e48-9d80743d83f4] transferring FlowFile[987,100306586888781.mockFlowFile,13B] to 'success'
[pool-145-thread-1] INFO org.apache.nifi.processors.standard.ControlRate - ControlRate[id=3ebd9ee5-9dcf-418a-9e48-9d80743d83f4] transferring FlowFile[988,100306586899521.mockFlowFile,13B] to 'success'
[pool-145-thread-1] INFO org.apache.nifi.processors.standard.ControlRate - ControlRate[id=3ebd9ee5-9dcf-418a-9e48-9d80743d83f4] transferring FlowFile[989,100306586911024.mockFlowFile,13B] to 'success'
[pool-145-thread-1] INFO org.apache.nifi.processors.standard.ControlRate - ControlRate[id=3ebd9ee5-9dcf-418a-9e48-9d80743d83f4] transferring FlowFile[990,100306586922522.mockFlowFile,13B] to 'success'
[pool-145-thread-1] INFO org.apache.nifi.processors.standard.ControlRate - ControlRate[id=3ebd9ee5-9dcf-418a-9e48-9d80743d83f4] transferring FlowFile[991,100306586937816.mockFlowFile,13B] to 'success'
[pool-145-thread-1] INFO org.apache.nifi.processors.standard.ControlRate - ControlRate[id=3ebd9ee5-9dcf-418a-9e48-9d80743d83f4] transferring FlowFile[992,100306586949398.mockFlowFile,13B] to 'success'
[pool-145-thread-1] INFO org.apache.nifi.processors.standard.ControlRate - ControlRate[id=3ebd9ee5-9dcf-418a-9e48-9d80743d83f4] transferring FlowFile[993,100306586959744.mockFlowFile,13B] to 'success'
[pool-145-thread-1] INFO org.apache.nifi.processors.standard.ControlRate - ControlRate[id=3ebd9ee5-9dcf-418a-9e48-9d80743d83f4] transferring FlowFile[994,100306586993676.mockFlowFile,13B] to 'success'
[pool-145-thread-1] INFO org.apache.nifi.processors.standard.ControlRate - ControlRate[id=3ebd9ee5-9dcf-418a-9e48-9d80743d83f4] transferring FlowFile[995,100306587005226.mockFlowFile,13B] to 'success'
[pool-145-thread-1] INFO org.apache.nifi.processors.standard.ControlRate - ControlRate[id=3ebd9ee5-9dcf-418a-9e48-9d80743d83f4] transferring FlowFile[996,100306587029896.mockFlowFile,13B] to 'success'
[pool-145-thread-1] INFO org.apache.nifi.processors.standard.ControlRate - ControlRate[id=3ebd9ee5-9dcf-418a-9e48-9d80743d83f4] transferring FlowFile[997,100306587041778.mockFlowFile,13B] to 'success'
[pool-145-thread-1] INFO org.apache.nifi.processors.standard.ControlRate - ControlRate[id=3ebd9ee5-9dcf-418a-9e48-9d80743d83f4] transferring FlowFile[998,100306587052356.mockFlowFile,13B] to 'success'
[pool-145-thread-1] INFO org.apache.nifi.processors.standard.ControlRate - ControlRate[id=3ebd9ee5-9dcf-418a-9e48-9d80743d83f4] transferring FlowFile[999,100306587069393.mockFlowFile,13B] to 'success'
[pool-146-thread-1] INFO org.apache.nifi.processors.standard.ControlRate - ControlRate[id=3ebd9ee5-9dcf-418a-9e48-9d80743d83f4] transferring FlowFile[1000,100306587091175.mockFlowFile,14B] to 'success'
[pool-146-thread-1] INFO org.apache.nifi.processors.standard.ControlRate - ControlRate[id=3ebd9ee5-9dcf-418a-9e48-9d80743d83f4] transferring FlowFile[1001,100306587103899.mockFlowFile,14B] to 'success'
[pool-146-thread-1] INFO org.apache.nifi.processors.standard.ControlRate - ControlRate[id=3ebd9ee5-9dcf-418a-9e48-9d80743d83f4] transferring FlowFile[1002,100306587114478.mockFlowFile,14B] to 'success'
[pool-146-thread-1] INFO org.apache.nifi.processors.standard.ControlRate - ControlRate[id=3ebd9ee5-9dcf-418a-9e48-9d80743d83f4] transferring FlowFile[1003,100306587126380.mockFlowFile,14B] to 'success'
[pool-146-thread-1] INFO org.apache.nifi.processors.standard.ControlRate - ControlRate[id=3ebd9ee5-9dcf-418a-9e48-9d80743d83f4] transferring FlowFile[1004,100306587137343.mockFlowFile,14B] to 'success'
[pool-146-thread-1] INFO org.apache.nifi.processors.standard.ControlRate - ControlRate[id=3ebd9ee5-9dcf-418a-9e48-9d80743d83f4] transferring FlowFile[1005,100306587148152.mockFlowFile,14B] to 'success'
[pool-146-thread-1] INFO org.apache.nifi.processors.standard.ControlRate - ControlRate[id=3ebd9ee5-9dcf-418a-9e48-9d80743d83f4] transferring FlowFile[1006,100306587158194.mockFlowFile,14B] to 'success'
[pool-146-thread-1] INFO org.apache.nifi.processors.standard.ControlRate - ControlRate[id=3ebd9ee5-9dcf-418a-9e48-9d80743d83f4] transferring FlowFile[1007,100306587173234.mockFlowFile,14B] to 'success'
[pool-146-thread-1] INFO org.apache.nifi.processors.standard.ControlRate - ControlRate[id=3ebd9ee5-9dcf-418a-9e48-9d80743d83f4] transferring FlowFile[1008,100306587184355.mockFlowFile,14B] to 'success'
[pool-146-thread-1] INFO org.apache.nifi.processors.standard.ControlRate - ControlRate[id=3ebd9ee5-9dcf-418a-9e48-9d80743d83f4] transferring FlowFile[1009,100306587194834.mockFlowFile,14B] to 'success'
[pool-146-thread-1] INFO org.apache.nifi.processors.standard.ControlRate - ControlRate[id=3ebd9ee5-9dcf-418a-9e48-9d80743d83f4] transferring FlowFile[1010,100306587238260.mockFlowFile,14B] to 'success'
[pool-146-thread-1] INFO org.apache.nifi.processors.standard.ControlRate - ControlRate[id=3ebd9ee5-9dcf-418a-9e48-9d80743d83f4] transferring FlowFile[1011,100306587250510.mockFlowFile,14B] to 'success'
[pool-146-thread-1] INFO org.apache.nifi.processors.standard.ControlRate - ControlRate[id=3ebd9ee5-9dcf-418a-9e48-9d80743d83f4] transferring FlowFile[1012,100306587261888.mockFlowFile,14B] to 'success'
[pool-146-thread-1] INFO org.apache.nifi.processors.standard.ControlRate - ControlRate[id=3ebd9ee5-9dcf-418a-9e48-9d80743d83f4] transferring FlowFile[1013,100306587272044.mockFlowFile,14B] to 'success'
[pool-146-thread-1] INFO org.apache.nifi.processors.standard.ControlRate - ControlRate[id=3ebd9ee5-9dcf-418a-9e48-9d80743d83f4] transferring FlowFile[1014,100306587282838.mockFlowFile,14B] to 'success'
[pool-146-thread-1] INFO org.apache.nifi.processors.standard.ControlRate - ControlRate[id=3ebd9ee5-9dcf-418a-9e48-9d80743d83f4] transferring FlowFile[1015,100306587298426.mockFlowFile,14B] to 'success'
[pool-146-thread-1] INFO org.apache.nifi.processors.standard.ControlRate - ControlRate[id=3ebd9ee5-9dcf-418a-9e48-9d80743d83f4] transferring FlowFile[1016,100306587309849.mockFlowFile,14B] to 'success'
[pool-146-thread-1] INFO org.apache.nifi.processors.standard.ControlRate - ControlRate[id=3ebd9ee5-9dcf-418a-9e48-9d80743d83f4] transferring FlowFile[1017,100306587321457.mockFlowFile,14B] to 'success'
[pool-146-thread-1] INFO org.apache.nifi.processors.standard.ControlRate - ControlRate[id=3ebd9ee5-9dcf-418a-9e48-9d80743d83f4] transferring FlowFile[1018,100306587331686.mockFlowFile,14B] to 'success'
[pool-146-thread-1] INFO org.apache.nifi.processors.standard.ControlRate - ControlRate[id=3ebd9ee5-9dcf-418a-9e48-9d80743d83f4] transferring FlowFile[1019,100306587342742.mockFlowFile,14B] to 'success'
[pool-146-thread-1] INFO org.apache.nifi.processors.standard.ControlRate - ControlRate[id=3ebd9ee5-9dcf-418a-9e48-9d80743d83f4] transferring FlowFile[1020,100306587354011.mockFlowFile,14B] to 'success'
[pool-146-thread-1] INFO org.apache.nifi.processors.standard.ControlRate - ControlRate[id=3ebd9ee5-9dcf-418a-9e48-9d80743d83f4] transferring FlowFile[1021,100306587364298.mockFlowFile,14B] to 'success'
[pool-146-thread-1] INFO org.apache.nifi.processors.standard.ControlRate - ControlRate[id=3ebd9ee5-9dcf-418a-9e48-9d80743d83f4] transferring FlowFile[1022,100306587375287.mockFlowFile,14B] to 'success'
[pool-146-thread-1] INFO org.apache.nifi.processors.standard.ControlRate - ControlRate[id=3ebd9ee5-9dcf-418a-9e48-9d80743d83f4] transferring FlowFile[1023,100306587389812.mockFlowFile,14B] to 'success'
[pool-146-thread-1] INFO org.apache.nifi.processors.standard.ControlRate - ControlRate[id=3ebd9ee5-9dcf-418a-9e48-9d80743d83f4] transferring FlowFile[1024,100306587405781.mockFlowFile,14B] to 'success'
[pool-146-thread-1] INFO org.apache.nifi.processors.standard.ControlRate - ControlRate[id=3ebd9ee5-9dcf-418a-9e48-9d80743d83f4] transferring FlowFile[1025,100306587417624.mockFlowFile,14B] to 'success'
[pool-146-thread-1] INFO org.apache.nifi.processors.standard.ControlRate - ControlRate[id=3ebd9ee5-9dcf-418a-9e48-9d80743d83f4] transferring FlowFile[1026,100306587427974.mockFlowFile,14B] to 'success'
[pool-146-thread-1] INFO org.apache.nifi.processors.standard.ControlRate - ControlRate[id=3ebd9ee5-9dcf-418a-9e48-9d80743d83f4] transferring FlowFile[1027,100306587440825.mockFlowFile,14B] to 'success'
[pool-146-thread-1] INFO org.apache.nifi.processors.standard.ControlRate - ControlRate[id=3ebd9ee5-9dcf-418a-9e48-9d80743d83f4] transferring FlowFile[1028,100306587463685.mockFlowFile,14B] to 'success'
[pool-146-thread-1] INFO org.apache.nifi.processors.standard.ControlRate - ControlRate[id=3ebd9ee5-9dcf-418a-9e48-9d80743d83f4] transferring FlowFile[1029,100306587487209.mockFlowFile,14B] to 'success'
[pool-146-thread-1] INFO org.apache.nifi.processors.standard.ControlRate - ControlRate[id=3ebd9ee5-9dcf-418a-9e48-9d80743d83f4] transferring FlowFile[1030,100306587497800.mockFlowFile,14B] to 'success'
[pool-146-thread-1] INFO org.apache.nifi.processors.standard.ControlRate - ControlRate[id=3ebd9ee5-9dcf-418a-9e48-9d80743d83f4] transferring FlowFile[1031,100306587512752.mockFlowFile,14B] to 'success'
[pool-146-thread-1] INFO org.apache.nifi.processors.standard.ControlRate - ControlRate[id=3ebd9ee5-9dcf-418a-9e48-9d80743d83f4] transferring FlowFile[1032,100306587523387.mockFlowFile,14B] to 'success'
[pool-146-thread-1] INFO org.apache.nifi.processors.standard.ControlRate - ControlRate[id=3ebd9ee5-9dcf-418a-9e48-9d80743d83f4] transferring FlowFile[1033,100306587533182.mockFlowFile,14B] to 'success'
[pool-146-thread-1] INFO org.apache.nifi.processors.standard.ControlRate - ControlRate[id=3ebd9ee5-9dcf-418a-9e48-9d80743d83f4] transferring FlowFile[1034,100306587561591.mockFlowFile,14B] to 'success'
[pool-146-thread-1] INFO org.apache.nifi.processors.standard.ControlRate - ControlRate[id=3ebd9ee5-9dcf-418a-9e48-9d80743d83f4] transferring FlowFile[1035,100306587603579.mockFlowFile,14B] to 'success'
[pool-146-thread-1] INFO org.apache.nifi.processors.standard.ControlRate - ControlRate[id=3ebd9ee5-9dcf-418a-9e48-9d80743d83f4] transferring FlowFile[1036,100306587613020.mockFlowFile,14B] to 'success'
[pool-146-thread-1] INFO org.apache.nifi.processors.standard.ControlRate - ControlRate[id=3ebd9ee5-9dcf-418a-9e48-9d80743d83f4] transferring FlowFile[1037,100306587623207.mockFlowFile,14B] to 'success'
[pool-146-thread-1] INFO org.apache.nifi.processors.standard.ControlRate - ControlRate[id=3ebd9ee5-9dcf-418a-9e48-9d80743d83f4] transferring FlowFile[1038,100306587632815.mockFlowFile,14B] to 'success'
[pool-146-thread-1] INFO org.apache.nifi.processors.standard.ControlRate - ControlRate[id=3ebd9ee5-9dcf-418a-9e48-9d80743d83f4] transferring FlowFile[1039,100306587686363.mockFlowFile,14B] to 'success'
[pool-146-thread-1] INFO org.apache.nifi.processors.standard.ControlRate - ControlRate[id=3ebd9ee5-9dcf-418a-9e48-9d80743d83f4] transferring FlowFile[1040,100306587697854.mockFlowFile,14B] to 'success'
[pool-146-thread-1] INFO org.apache.nifi.processors.standard.ControlRate - ControlRate[id=3ebd9ee5-9dcf-418a-9e48-9d80743d83f4] transferring FlowFile[1041,100306587707530.mockFlowFile,14B] to 'success'
[pool-146-thread-1] INFO org.apache.nifi.processors.standard.ControlRate - ControlRate[id=3ebd9ee5-9dcf-418a-9e48-9d80743d83f4] transferring FlowFile[1042,100306587717792.mockFlowFile,14B] to 'success'
[pool-146-thread-1] INFO org.apache.nifi.processors.standard.ControlRate - ControlRate[id=3ebd9ee5-9dcf-418a-9e48-9d80743d83f4] transferring FlowFile[1043,100306587727399.mockFlowFile,14B] to 'success'
[pool-146-thread-1] INFO org.apache.nifi.processors.standard.ControlRate - ControlRate[id=3ebd9ee5-9dcf-418a-9e48-9d80743d83f4] transferring FlowFile[1044,100306587737436.mockFlowFile,14B] to 'success'
[pool-146-thread-1] INFO org.apache.nifi.processors.standard.ControlRate - ControlRate[id=3ebd9ee5-9dcf-418a-9e48-9d80743d83f4] transferring FlowFile[1045,100306587747640.mockFlowFile,14B] to 'success'
[pool-146-thread-1] INFO org.apache.nifi.processors.standard.ControlRate - ControlRate[id=3ebd9ee5-9dcf-418a-9e48-9d80743d83f4] transferring FlowFile[1046,100306587757301.mockFlowFile,14B] to 'success'
[pool-146-thread-1] INFO org.apache.nifi.processors.standard.ControlRate - ControlRate[id=3ebd9ee5-9dcf-418a-9e48-9d80743d83f4] transferring FlowFile[1047,100306587771370.mockFlowFile,14B] to 'success'
[pool-146-thread-1] INFO org.apache.nifi.processors.standard.ControlRate - ControlRate[id=3ebd9ee5-9dcf-418a-9e48-9d80743d83f4] transferring FlowFile[1048,100306587782254.mockFlowFile,14B] to 'success'
[pool-146-thread-1] INFO org.apache.nifi.processors.standard.ControlRate - ControlRate[id=3ebd9ee5-9dcf-418a-9e48-9d80743d83f4] transferring FlowFile[1049,100306587792730.mockFlowFile,14B] to 'success'
[pool-146-thread-1] INFO org.apache.nifi.processors.standard.ControlRate - ControlRate[id=3ebd9ee5-9dcf-418a-9e48-9d80743d83f4] transferring FlowFile[1050,100306587802813.mockFlowFile,14B] to 'success'
[pool-146-thread-1] INFO org.apache.nifi.processors.standard.ControlRate - ControlRate[id=3ebd9ee5-9dcf-418a-9e48-9d80743d83f4] transferring FlowFile[1051,100306587812319.mockFlowFile,14B] to 'success'
[pool-146-thread-1] INFO org.apache.nifi.processors.standard.ControlRate - ControlRate[id=3ebd9ee5-9dcf-418a-9e48-9d80743d83f4] transferring FlowFile[1052,100306587824465.mockFlowFile,14B] to 'success'
[pool-146-thread-1] INFO org.apache.nifi.processors.standard.ControlRate - ControlRate[id=3ebd9ee5-9dcf-418a-9e48-9d80743d83f4] transferring FlowFile[1053,100306587833745.mockFlowFile,14B] to 'success'
[pool-146-thread-1] INFO org.apache.nifi.processors.standard.ControlRate - ControlRate[id=3ebd9ee5-9dcf-418a-9e48-9d80743d83f4] transferring FlowFile[1054,100306587844158.mockFlowFile,14B] to 'success'
[pool-146-thread-1] INFO org.apache.nifi.processors.standard.ControlRate - ControlRate[id=3ebd9ee5-9dcf-418a-9e48-9d80743d83f4] transferring FlowFile[1055,100306587860096.mockFlowFile,14B] to 'success'
[pool-146-thread-1] INFO org.apache.nifi.processors.standard.ControlRate - ControlRate[id=3ebd9ee5-9dcf-418a-9e48-9d80743d83f4] transferring FlowFile[1056,100306587890625.mockFlowFile,14B] to 'success'
[pool-146-thread-1] INFO org.apache.nifi.processors.standard.ControlRate - ControlRate[id=3ebd9ee5-9dcf-418a-9e48-9d80743d83f4] transferring FlowFile[1057,100306587902163.mockFlowFile,14B] to 'success'
[pool-146-thread-1] INFO org.apache.nifi.processors.standard.ControlRate - ControlRate[id=3ebd9ee5-9dcf-418a-9e48-9d80743d83f4] transferring FlowFile[1058,100306587911608.mockFlowFile,14B] to 'success'
[pool-146-thread-1] INFO org.apache.nifi.processors.standard.ControlRate - ControlRate[id=3ebd9ee5-9dcf-418a-9e48-9d80743d83f4] transferring FlowFile[1059,100306587921579.mockFlowFile,14B] to 'success'
[pool-146-thread-1] INFO org.apache.nifi.processors.standard.ControlRate - ControlRate[id=3ebd9ee5-9dcf-418a-9e48-9d80743d83f4] transferring FlowFile[1060,100306587931487.mockFlowFile,14B] to 'success'
[pool-146-thread-1] INFO org.apache.nifi.processors.standard.ControlRate - ControlRate[id=3ebd9ee5-9dcf-418a-9e48-9d80743d83f4] transferring FlowFile[1061,100306587942385.mockFlowFile,14B] to 'success'
[pool-146-thread-1] INFO org.apache.nifi.processors.standard.ControlRate - ControlRate[id=3ebd9ee5-9dcf-418a-9e48-9d80743d83f4] transferring FlowFile[1062,100306587952393.mockFlowFile,14B] to 'success'
[pool-146-thread-1] INFO org.apache.nifi.processors.standard.ControlRate - ControlRate[id=3ebd9ee5-9dcf-418a-9e48-9d80743d83f4] transferring FlowFile[1063,100306587966776.mockFlowFile,14B] to 'success'
[pool-146-thread-1] INFO org.apache.nifi.processors.standard.ControlRate - ControlRate[id=3ebd9ee5-9dcf-418a-9e48-9d80743d83f4] transferring FlowFile[1064,100306587977357.mockFlowFile,14B] to 'success'
[pool-146-thread-1] INFO org.apache.nifi.processors.standard.ControlRate - ControlRate[id=3ebd9ee5-9dcf-418a-9e48-9d80743d83f4] transferring FlowFile[1065,100306587987209.mockFlowFile,14B] to 'success'
[pool-146-thread-1] INFO org.apache.nifi.processors.standard.ControlRate - ControlRate[id=3ebd9ee5-9dcf-418a-9e48-9d80743d83f4] transferring FlowFile[1066,100306587998456.mockFlowFile,14B] to 'success'
[pool-146-thread-1] INFO org.apache.nifi.processors.standard.ControlRate - ControlRate[id=3ebd9ee5-9dcf-418a-9e48-9d80743d83f4] transferring FlowFile[1067,100306588019306.mockFlowFile,14B] to 'success'
[pool-146-thread-1] INFO org.apache.nifi.processors.standard.ControlRate - ControlRate[id=3ebd9ee5-9dcf-418a-9e48-9d80743d83f4] transferring FlowFile[1068,100306588028902.mockFlowFile,14B] to 'success'
[pool-146-thread-1] INFO org.apache.nifi.processors.standard.ControlRate - ControlRate[id=3ebd9ee5-9dcf-418a-9e48-9d80743d83f4] transferring FlowFile[1069,100306588039368.mockFlowFile,14B] to 'success'
[pool-146-thread-1] INFO org.apache.nifi.processors.standard.ControlRate - ControlRate[id=3ebd9ee5-9dcf-418a-9e48-9d80743d83f4] transferring FlowFile[1070,100306588049636.mockFlowFile,14B] to 'success'
[pool-146-thread-1] INFO org.apache.nifi.processors.standard.ControlRate - ControlRate[id=3ebd9ee5-9dcf-418a-9e48-9d80743d83f4] transferring FlowFile[1071,100306588064429.mockFlowFile,14B] to 'success'
[pool-146-thread-1] INFO org.apache.nifi.processors.standard.ControlRate - ControlRate[id=3ebd9ee5-9dcf-418a-9e48-9d80743d83f4] transferring FlowFile[1072,100306588076370.mockFlowFile,14B] to 'success'
[pool-146-thread-1] INFO org.apache.nifi.processors.standard.ControlRate - ControlRate[id=3ebd9ee5-9dcf-418a-9e48-9d80743d83f4] transferring FlowFile[1073,100306588085431.mockFlowFile,14B] to 'success'
[pool-146-thread-1] INFO org.apache.nifi.processors.standard.ControlRate - ControlRate[id=3ebd9ee5-9dcf-418a-9e48-9d80743d83f4] transferring FlowFile[1074,100306588095957.mockFlowFile,14B] to 'success'
[pool-146-thread-1] INFO org.apache.nifi.processors.standard.ControlRate - ControlRate[id=3ebd9ee5-9dcf-418a-9e48-9d80743d83f4] transferring FlowFile[1075,100306588106722.mockFlowFile,14B] to 'success'
[pool-146-thread-1] INFO org.apache.nifi.processors.standard.ControlRate - ControlRate[id=3ebd9ee5-9dcf-418a-9e48-9d80743d83f4] transferring FlowFile[1076,100306588116090.mockFlowFile,14B] to 'success'
[pool-146-thread-1] INFO org.apache.nifi.processors.standard.ControlRate - ControlRate[id=3ebd9ee5-9dcf-418a-9e48-9d80743d83f4] transferring FlowFile[1077,100306588128300.mockFlowFile,14B] to 'success'
[pool-146-thread-1] INFO org.apache.nifi.processors.standard.ControlRate - ControlRate[id=3ebd9ee5-9dcf-418a-9e48-9d80743d83f4] transferring FlowFile[1078,100306588137716.mockFlowFile,14B] to 'success'
[pool-146-thread-1] INFO org.apache.nifi.processors.standard.ControlRate - ControlRate[id=3ebd9ee5-9dcf-418a-9e48-9d80743d83f4] transferring FlowFile[1079,100306588153836.mockFlowFile,14B] to 'success'
[pool-146-thread-1] INFO org.apache.nifi.processors.standard.ControlRate - ControlRate[id=3ebd9ee5-9dcf-418a-9e48-9d80743d83f4] transferring FlowFile[1080,100306588164486.mockFlowFile,14B] to 'success'
[pool-146-thread-1] INFO org.apache.nifi.processors.standard.ControlRate - ControlRate[id=3ebd9ee5-9dcf-418a-9e48-9d80743d83f4] transferring FlowFile[1081,100306588174050.mockFlowFile,14B] to 'success'
[pool-146-thread-1] INFO org.apache.nifi.processors.standard.ControlRate - ControlRate[id=3ebd9ee5-9dcf-418a-9e48-9d80743d83f4] transferring FlowFile[1082,100306588184185.mockFlowFile,14B] to 'success'
[pool-146-thread-1] INFO org.apache.nifi.processors.standard.ControlRate - ControlRate[id=3ebd9ee5-9dcf-418a-9e48-9d80743d83f4] transferring FlowFile[1083,100306588193719.mockFlowFile,14B] to 'success'
[pool-146-thread-1] INFO org.apache.nifi.processors.standard.ControlRate - ControlRate[id=3ebd9ee5-9dcf-418a-9e48-9d80743d83f4] transferring FlowFile[1084,100306588204198.mockFlowFile,14B] to 'success'
[pool-146-thread-1] INFO org.apache.nifi.processors.standard.ControlRate - ControlRate[id=3ebd9ee5-9dcf-418a-9e48-9d80743d83f4] transferring FlowFile[1085,100306588214559.mockFlowFile,14B] to 'success'
[pool-146-thread-1] INFO org.apache.nifi.processors.standard.ControlRate - ControlRate[id=3ebd9ee5-9dcf-418a-9e48-9d80743d83f4] transferring FlowFile[1086,100306588224165.mockFlowFile,14B] to 'success'
[pool-146-thread-1] INFO org.apache.nifi.processors.standard.ControlRate - ControlRate[id=3ebd9ee5-9dcf-418a-9e48-9d80743d83f4] transferring FlowFile[1087,100306588244697.mockFlowFile,14B] to 'success'
[pool-146-thread-1] INFO org.apache.nifi.processors.standard.ControlRate - ControlRate[id=3ebd9ee5-9dcf-418a-9e48-9d80743d83f4] transferring FlowFile[1088,100306588255197.mockFlowFile,14B] to 'success'
[pool-146-thread-1] INFO org.apache.nifi.processors.standard.ControlRate - ControlRate[id=3ebd9ee5-9dcf-418a-9e48-9d80743d83f4] transferring FlowFile[1089,100306588266853.mockFlowFile,14B] to 'success'
[pool-146-thread-1] INFO org.apache.nifi.processors.standard.ControlRate - ControlRate[id=3ebd9ee5-9dcf-418a-9e48-9d80743d83f4] transferring FlowFile[1090,100306588276727.mockFlowFile,14B] to 'success'
[pool-146-thread-1] INFO org.apache.nifi.processors.standard.ControlRate - ControlRate[id=3ebd9ee5-9dcf-418a-9e48-9d80743d83f4] transferring FlowFile[1091,100306588286228.mockFlowFile,14B] to 'success'
[pool-146-thread-1] INFO org.apache.nifi.processors.standard.ControlRate - ControlRate[id=3ebd9ee5-9dcf-418a-9e48-9d80743d83f4] transferring FlowFile[1092,100306588296187.mockFlowFile,14B] to 'success'
[pool-146-thread-1] INFO org.apache.nifi.processors.standard.ControlRate - ControlRate[id=3ebd9ee5-9dcf-418a-9e48-9d80743d83f4] transferring FlowFile[1093,100306588305339.mockFlowFile,14B] to 'success'
[pool-146-thread-1] INFO org.apache.nifi.processors.standard.ControlRate - ControlRate[id=3ebd9ee5-9dcf-418a-9e48-9d80743d83f4] transferring FlowFile[1094,100306588315419.mockFlowFile,14B] to 'success'
[pool-146-thread-1] INFO org.apache.nifi.processors.standard.ControlRate - ControlRate[id=3ebd9ee5-9dcf-418a-9e48-9d80743d83f4] transferring FlowFile[1095,100306588330093.mockFlowFile,14B] to 'success'
[pool-146-thread-1] INFO org.apache.nifi.processors.standard.ControlRate - ControlRate[id=3ebd9ee5-9dcf-418a-9e48-9d80743d83f4] transferring FlowFile[1096,100306588339702.mockFlowFile,14B] to 'success'
[pool-146-thread-1] INFO org.apache.nifi.processors.standard.ControlRate - ControlRate[id=3ebd9ee5-9dcf-418a-9e48-9d80743d83f4] transferring FlowFile[1097,100306588349876.mockFlowFile,14B] to 'success'
[pool-146-thread-1] INFO org.apache.nifi.processors.standard.ControlRate - ControlRate[id=3ebd9ee5-9dcf-418a-9e48-9d80743d83f4] transferring FlowFile[1098,100306588359178.mockFlowFile,14B] to 'success'
[pool-146-thread-1] INFO org.apache.nifi.processors.standard.ControlRate - ControlRate[id=3ebd9ee5-9dcf-418a-9e48-9d80743d83f4] transferring FlowFile[1099,100306588369250.mockFlowFile,14B] to 'success'
[pool-146-thread-1] INFO org.apache.nifi.processors.standard.ControlRate - ControlRate[id=3ebd9ee5-9dcf-418a-9e48-9d80743d83f4] transferring FlowFile[1100,100306588379620.mockFlowFile,14B] to 'success'
[pool-146-thread-1] INFO org.apache.nifi.processors.standard.ControlRate - ControlRate[id=3ebd9ee5-9dcf-418a-9e48-9d80743d83f4] transferring FlowFile[1101,100306588388841.mockFlowFile,14B] to 'success'
[pool-146-thread-1] INFO org.apache.nifi.processors.standard.ControlRate - ControlRate[id=3ebd9ee5-9dcf-418a-9e48-9d80743d83f4] transferring FlowFile[1102,100306588398924.mockFlowFile,14B] to 'success'
[pool-146-thread-1] INFO org.apache.nifi.processors.standard.ControlRate - ControlRate[id=3ebd9ee5-9dcf-418a-9e48-9d80743d83f4] transferring FlowFile[1103,100306588412708.mockFlowFile,14B] to 'success'
[pool-146-thread-1] INFO org.apache.nifi.processors.standard.ControlRate - ControlRate[id=3ebd9ee5-9dcf-418a-9e48-9d80743d83f4] transferring FlowFile[1104,100306588423119.mockFlowFile,14B] to 'success'
[pool-146-thread-1] INFO org.apache.nifi.processors.standard.ControlRate - ControlRate[id=3ebd9ee5-9dcf-418a-9e48-9d80743d83f4] transferring FlowFile[1105,100306588435125.mockFlowFile,14B] to 'success'
[pool-146-thread-1] INFO org.apache.nifi.processors.standard.ControlRate - ControlRate[id=3ebd9ee5-9dcf-418a-9e48-9d80743d83f4] transferring FlowFile[1106,100306588444306.mockFlowFile,14B] to 'success'
[pool-146-thread-1] INFO org.apache.nifi.processors.standard.ControlRate - ControlRate[id=3ebd9ee5-9dcf-418a-9e48-9d80743d83f4] transferring FlowFile[1107,100306588454816.mockFlowFile,14B] to 'success'
[pool-146-thread-1] INFO org.apache.nifi.processors.standard.ControlRate - ControlRate[id=3ebd9ee5-9dcf-418a-9e48-9d80743d83f4] transferring FlowFile[1108,100306588463937.mockFlowFile,14B] to 'success'
[pool-146-thread-1] INFO org.apache.nifi.processors.standard.ControlRate - ControlRate[id=3ebd9ee5-9dcf-418a-9e48-9d80743d83f4] transferring FlowFile[1109,100306588475284.mockFlowFile,14B] to 'success'
[pool-146-thread-1] INFO org.apache.nifi.processors.standard.ControlRate - ControlRate[id=3ebd9ee5-9dcf-418a-9e48-9d80743d83f4] transferring FlowFile[1110,100306588485056.mockFlowFile,14B] to 'success'
[pool-146-thread-1] INFO org.apache.nifi.processors.standard.ControlRate - ControlRate[id=3ebd9ee5-9dcf-418a-9e48-9d80743d83f4] transferring FlowFile[1111,100306588499988.mockFlowFile,14B] to 'success'
[pool-146-thread-1] INFO org.apache.nifi.processors.standard.ControlRate - ControlRate[id=3ebd9ee5-9dcf-418a-9e48-9d80743d83f4] transferring FlowFile[1112,100306588510683.mockFlowFile,14B] to 'success'
[pool-146-thread-1] INFO org.apache.nifi.processors.standard.ControlRate - ControlRate[id=3ebd9ee5-9dcf-418a-9e48-9d80743d83f4] transferring FlowFile[1113,100306588529451.mockFlowFile,14B] to 'success'
[pool-146-thread-1] INFO org.apache.nifi.processors.standard.ControlRate - ControlRate[id=3ebd9ee5-9dcf-418a-9e48-9d80743d83f4] transferring FlowFile[1114,100306588540407.mockFlowFile,14B] to 'success'
[pool-146-thread-1] INFO org.apache.nifi.processors.standard.ControlRate - ControlRate[id=3ebd9ee5-9dcf-418a-9e48-9d80743d83f4] transferring FlowFile[1115,100306588551090.mockFlowFile,14B] to 'success'
[pool-146-thread-1] INFO org.apache.nifi.processors.standard.ControlRate - ControlRate[id=3ebd9ee5-9dcf-418a-9e48-9d80743d83f4] transferring FlowFile[1116,100306588560165.mockFlowFile,14B] to 'success'
[pool-146-thread-1] INFO org.apache.nifi.processors.standard.ControlRate - ControlRate[id=3ebd9ee5-9dcf-418a-9e48-9d80743d83f4] transferring FlowFile[1117,100306588570035.mockFlowFile,14B] to 'success'
[pool-146-thread-1] INFO org.apache.nifi.processors.standard.ControlRate - ControlRate[id=3ebd9ee5-9dcf-418a-9e48-9d80743d83f4] transferring FlowFile[1118,100306588580645.mockFlowFile,14B] to 'success'
[pool-146-thread-1] INFO org.apache.nifi.processors.standard.ControlRate - ControlRate[id=3ebd9ee5-9dcf-418a-9e48-9d80743d83f4] transferring FlowFile[1119,100306588596269.mockFlowFile,14B] to 'success'
[pool-146-thread-1] INFO org.apache.nifi.processors.standard.ControlRate - ControlRate[id=3ebd9ee5-9dcf-418a-9e48-9d80743d83f4] transferring FlowFile[1120,100306588622157.mockFlowFile,14B] to 'success'
[pool-146-thread-1] INFO org.apache.nifi.processors.standard.ControlRate - ControlRate[id=3ebd9ee5-9dcf-418a-9e48-9d80743d83f4] transferring FlowFile[1121,100306588631686.mockFlowFile,14B] to 'success'
[pool-146-thread-1] INFO org.apache.nifi.processors.standard.ControlRate - ControlRate[id=3ebd9ee5-9dcf-418a-9e48-9d80743d83f4] transferring FlowFile[1122,100306588641124.mockFlowFile,14B] to 'success'
[pool-146-thread-1] INFO org.apache.nifi.processors.standard.ControlRate - ControlRate[id=3ebd9ee5-9dcf-418a-9e48-9d80743d83f4] transferring FlowFile[1123,100306588649947.mockFlowFile,14B] to 'success'
[pool-146-thread-1] INFO org.apache.nifi.processors.standard.ControlRate - ControlRate[id=3ebd9ee5-9dcf-418a-9e48-9d80743d83f4] transferring FlowFile[1124,100306588659711.mockFlowFile,14B] to 'success'
[pool-146-thread-1] INFO org.apache.nifi.processors.standard.ControlRate - ControlRate[id=3ebd9ee5-9dcf-418a-9e48-9d80743d83f4] transferring FlowFile[1125,100306588668955.mockFlowFile,14B] to 'success'
[pool-146-thread-1] INFO org.apache.nifi.processors.standard.ControlRate - ControlRate[id=3ebd9ee5-9dcf-418a-9e48-9d80743d83f4] transferring FlowFile[1126,100306588677672.mockFlowFile,14B] to 'success'
[pool-146-thread-1] INFO org.apache.nifi.processors.standard.ControlRate - ControlRate[id=3ebd9ee5-9dcf-418a-9e48-9d80743d83f4] transferring FlowFile[1127,100306588691250.mockFlowFile,14B] to 'success'
[pool-146-thread-1] INFO org.apache.nifi.processors.standard.ControlRate - ControlRate[id=3ebd9ee5-9dcf-418a-9e48-9d80743d83f4] transferring FlowFile[1128,100306588700516.mockFlowFile,14B] to 'success'
[pool-146-thread-1] INFO org.apache.nifi.processors.standard.ControlRate - ControlRate[id=3ebd9ee5-9dcf-418a-9e48-9d80743d83f4] transferring FlowFile[1129,100306588709923.mockFlowFile,14B] to 'success'
[pool-146-thread-1] INFO org.apache.nifi.processors.standard.ControlRate - ControlRate[id=3ebd9ee5-9dcf-418a-9e48-9d80743d83f4] transferring FlowFile[1130,100306588721541.mockFlowFile,14B] to 'success'
[pool-146-thread-1] INFO org.apache.nifi.processors.standard.ControlRate - ControlRate[id=3ebd9ee5-9dcf-418a-9e48-9d80743d83f4] transferring FlowFile[1131,100306588730623.mockFlowFile,14B] to 'success'
[pool-146-thread-1] INFO org.apache.nifi.processors.standard.ControlRate - ControlRate[id=3ebd9ee5-9dcf-418a-9e48-9d80743d83f4] transferring FlowFile[1132,100306588739973.mockFlowFile,14B] to 'success'
[pool-146-thread-1] INFO org.apache.nifi.processors.standard.ControlRate - ControlRate[id=3ebd9ee5-9dcf-418a-9e48-9d80743d83f4] transferring FlowFile[1133,100306588749054.mockFlowFile,14B] to 'success'
[pool-146-thread-1] INFO org.apache.nifi.processors.standard.ControlRate - ControlRate[id=3ebd9ee5-9dcf-418a-9e48-9d80743d83f4] transferring FlowFile[1134,100306588758492.mockFlowFile,14B] to 'success'
[pool-146-thread-1] INFO org.apache.nifi.processors.standard.ControlRate - ControlRate[id=3ebd9ee5-9dcf-418a-9e48-9d80743d83f4] transferring FlowFile[1135,100306588772223.mockFlowFile,14B] to 'success'
[pool-146-thread-1] INFO org.apache.nifi.processors.standard.ControlRate - ControlRate[id=3ebd9ee5-9dcf-418a-9e48-9d80743d83f4] transferring FlowFile[1136,100306588781463.mockFlowFile,14B] to 'success'
[pool-146-thread-1] INFO org.apache.nifi.processors.standard.ControlRate - ControlRate[id=3ebd9ee5-9dcf-418a-9e48-9d80743d83f4] transferring FlowFile[1137,100306588790807.mockFlowFile,14B] to 'success'
[pool-146-thread-1] INFO org.apache.nifi.processors.standard.ControlRate - ControlRate[id=3ebd9ee5-9dcf-418a-9e48-9d80743d83f4] transferring FlowFile[1138,100306588799524.mockFlowFile,14B] to 'success'
[pool-146-thread-1] INFO org.apache.nifi.processors.standard.ControlRate - ControlRate[id=3ebd9ee5-9dcf-418a-9e48-9d80743d83f4] transferring FlowFile[1139,100306588808926.mockFlowFile,14B] to 'success'
[pool-146-thread-1] INFO org.apache.nifi.processors.standard.ControlRate - ControlRate[id=3ebd9ee5-9dcf-418a-9e48-9d80743d83f4] transferring FlowFile[1140,100306588818385.mockFlowFile,14B] to 'success'
[pool-146-thread-1] INFO org.apache.nifi.processors.standard.ControlRate - ControlRate[id=3ebd9ee5-9dcf-418a-9e48-9d80743d83f4] transferring FlowFile[1141,100306588827184.mockFlowFile,14B] to 'success'
[pool-146-thread-1] INFO org.apache.nifi.processors.standard.ControlRate - ControlRate[id=3ebd9ee5-9dcf-418a-9e48-9d80743d83f4] transferring FlowFile[1142,100306588836131.mockFlowFile,14B] to 'success'
[pool-146-thread-1] INFO org.apache.nifi.processors.standard.ControlRate - ControlRate[id=3ebd9ee5-9dcf-418a-9e48-9d80743d83f4] transferring FlowFile[1143,100306588849174.mockFlowFile,14B] to 'success'
[pool-146-thread-1] INFO org.apache.nifi.processors.standard.ControlRate - ControlRate[id=3ebd9ee5-9dcf-418a-9e48-9d80743d83f4] transferring FlowFile[1144,100306588860660.mockFlowFile,14B] to 'success'
[pool-146-thread-1] INFO org.apache.nifi.processors.standard.ControlRate - ControlRate[id=3ebd9ee5-9dcf-418a-9e48-9d80743d83f4] transferring FlowFile[1145,100306588870209.mockFlowFile,14B] to 'success'
[pool-146-thread-1] INFO org.apache.nifi.processors.standard.ControlRate - ControlRate[id=3ebd9ee5-9dcf-418a-9e48-9d80743d83f4] transferring FlowFile[1146,100306588879372.mockFlowFile,14B] to 'success'
[pool-146-thread-1] INFO org.apache.nifi.processors.standard.ControlRate - ControlRate[id=3ebd9ee5-9dcf-418a-9e48-9d80743d83f4] transferring FlowFile[1147,100306588888542.mockFlowFile,14B] to 'success'
[pool-146-thread-1] INFO org.apache.nifi.processors.standard.ControlRate - ControlRate[id=3ebd9ee5-9dcf-418a-9e48-9d80743d83f4] transferring FlowFile[1148,100306588897108.mockFlowFile,14B] to 'success'
[pool-146-thread-1] INFO org.apache.nifi.processors.standard.ControlRate - ControlRate[id=3ebd9ee5-9dcf-418a-9e48-9d80743d83f4] transferring FlowFile[1149,100306588906674.mockFlowFile,14B] to 'success'
[pool-146-thread-1] INFO org.apache.nifi.processors.standard.ControlRate - ControlRate[id=3ebd9ee5-9dcf-418a-9e48-9d80743d83f4] transferring FlowFile[1150,100306588915850.mockFlowFile,14B] to 'success'
[pool-146-thread-1] INFO org.apache.nifi.processors.standard.ControlRate - ControlRate[id=3ebd9ee5-9dcf-418a-9e48-9d80743d83f4] transferring FlowFile[1151,100306588929750.mockFlowFile,14B] to 'success'
[pool-146-thread-1] INFO org.apache.nifi.processors.standard.ControlRate - ControlRate[id=3ebd9ee5-9dcf-418a-9e48-9d80743d83f4] transferring FlowFile[1152,100306588939680.mockFlowFile,14B] to 'success'
[pool-146-thread-1] INFO org.apache.nifi.processors.standard.ControlRate - ControlRate[id=3ebd9ee5-9dcf-418a-9e48-9d80743d83f4] transferring FlowFile[1153,100306588948392.mockFlowFile,14B] to 'success'
[pool-146-thread-1] INFO org.apache.nifi.processors.standard.ControlRate - ControlRate[id=3ebd9ee5-9dcf-418a-9e48-9d80743d83f4] transferring FlowFile[1154,100306588957814.mockFlowFile,14B] to 'success'
[pool-146-thread-1] INFO org.apache.nifi.processors.standard.ControlRate - ControlRate[id=3ebd9ee5-9dcf-418a-9e48-9d80743d83f4] transferring FlowFile[1155,100306588967804.mockFlowFile,14B] to 'success'
[pool-146-thread-1] INFO org.apache.nifi.processors.standard.ControlRate - ControlRate[id=3ebd9ee5-9dcf-418a-9e48-9d80743d83f4] transferring FlowFile[1156,100306588976902.mockFlowFile,14B] to 'success'
[pool-146-thread-1] INFO org.apache.nifi.processors.standard.ControlRate - ControlRate[id=3ebd9ee5-9dcf-418a-9e48-9d80743d83f4] transferring FlowFile[1157,100306588986488.mockFlowFile,14B] to 'success'
[pool-146-thread-1] INFO org.apache.nifi.processors.standard.ControlRate - ControlRate[id=3ebd9ee5-9dcf-418a-9e48-9d80743d83f4] transferring FlowFile[1158,100306588995016.mockFlowFile,14B] to 'success'
[pool-146-thread-1] INFO org.apache.nifi.processors.standard.ControlRate - ControlRate[id=3ebd9ee5-9dcf-418a-9e48-9d80743d83f4] transferring FlowFile[1159,100306589008469.mockFlowFile,14B] to 'success'
[pool-146-thread-1] INFO org.apache.nifi.processors.standard.ControlRate - ControlRate[id=3ebd9ee5-9dcf-418a-9e48-9d80743d83f4] transferring FlowFile[1160,100306589018298.mockFlowFile,14B] to 'success'
[pool-146-thread-1] INFO org.apache.nifi.processors.standard.ControlRate - ControlRate[id=3ebd9ee5-9dcf-418a-9e48-9d80743d83f4] transferring FlowFile[1161,100306589027137.mockFlowFile,14B] to 'success'
[pool-146-thread-1] INFO org.apache.nifi.processors.standard.ControlRate - ControlRate[id=3ebd9ee5-9dcf-418a-9e48-9d80743d83f4] transferring FlowFile[1162,100306589036594.mockFlowFile,14B] to 'success'
[pool-146-thread-1] INFO org.apache.nifi.processors.standard.ControlRate - ControlRate[id=3ebd9ee5-9dcf-418a-9e48-9d80743d83f4] transferring FlowFile[1163,100306589045677.mockFlowFile,14B] to 'success'
[pool-146-thread-1] INFO org.apache.nifi.processors.standard.ControlRate - ControlRate[id=3ebd9ee5-9dcf-418a-9e48-9d80743d83f4] transferring FlowFile[1164,100306589055345.mockFlowFile,14B] to 'success'
[pool-146-thread-1] INFO org.apache.nifi.processors.standard.ControlRate - ControlRate[id=3ebd9ee5-9dcf-418a-9e48-9d80743d83f4] transferring FlowFile[1165,100306589065046.mockFlowFile,14B] to 'success'
[pool-146-thread-1] INFO org.apache.nifi.processors.standard.ControlRate - ControlRate[id=3ebd9ee5-9dcf-418a-9e48-9d80743d83f4] transferring FlowFile[1166,100306589074216.mockFlowFile,14B] to 'success'
[pool-146-thread-1] INFO org.apache.nifi.processors.standard.ControlRate - ControlRate[id=3ebd9ee5-9dcf-418a-9e48-9d80743d83f4] transferring FlowFile[1167,100306589087688.mockFlowFile,14B] to 'success'
[pool-146-thread-1] INFO org.apache.nifi.processors.standard.ControlRate - ControlRate[id=3ebd9ee5-9dcf-418a-9e48-9d80743d83f4] transferring FlowFile[1168,100306589097056.mockFlowFile,14B] to 'success'
[pool-146-thread-1] INFO org.apache.nifi.processors.standard.ControlRate - ControlRate[id=3ebd9ee5-9dcf-418a-9e48-9d80743d83f4] transferring FlowFile[1169,100306589106473.mockFlowFile,14B] to 'success'
[pool-146-thread-1] INFO org.apache.nifi.processors.standard.ControlRate - ControlRate[id=3ebd9ee5-9dcf-418a-9e48-9d80743d83f4] transferring FlowFile[1170,100306589115654.mockFlowFile,14B] to 'success'
[pool-146-thread-1] INFO org.apache.nifi.processors.standard.ControlRate - ControlRate[id=3ebd9ee5-9dcf-418a-9e48-9d80743d83f4] transferring FlowFile[1171,100306589124947.mockFlowFile,14B] to 'success'
[pool-146-thread-1] INFO org.apache.nifi.processors.standard.ControlRate - ControlRate[id=3ebd9ee5-9dcf-418a-9e48-9d80743d83f4] transferring FlowFile[1172,100306589134658.mockFlowFile,14B] to 'success'
[pool-146-thread-1] INFO org.apache.nifi.processors.standard.ControlRate - ControlRate[id=3ebd9ee5-9dcf-418a-9e48-9d80743d83f4] transferring FlowFile[1173,100306589143506.mockFlowFile,14B] to 'success'
[pool-146-thread-1] INFO org.apache.nifi.processors.standard.ControlRate - ControlRate[id=3ebd9ee5-9dcf-418a-9e48-9d80743d83f4] transferring FlowFile[1174,100306589153229.mockFlowFile,14B] to 'success'
[pool-146-thread-1] INFO org.apache.nifi.processors.standard.ControlRate - ControlRate[id=3ebd9ee5-9dcf-418a-9e48-9d80743d83f4] transferring FlowFile[1175,100306589166728.mockFlowFile,14B] to 'success'
[pool-146-thread-1] INFO org.apache.nifi.processors.standard.ControlRate - ControlRate[id=3ebd9ee5-9dcf-418a-9e48-9d80743d83f4] transferring FlowFile[1176,100306589175808.mockFlowFile,14B] to 'success'
[pool-146-thread-1] INFO org.apache.nifi.processors.standard.ControlRate - ControlRate[id=3ebd9ee5-9dcf-418a-9e48-9d80743d83f4] transferring FlowFile[1177,100306589185433.mockFlowFile,14B] to 'success'
[pool-146-thread-1] INFO org.apache.nifi.processors.standard.ControlRate - ControlRate[id=3ebd9ee5-9dcf-418a-9e48-9d80743d83f4] transferring FlowFile[1178,100306589194211.mockFlowFile,14B] to 'success'
[pool-146-thread-1] INFO org.apache.nifi.processors.standard.ControlRate - ControlRate[id=3ebd9ee5-9dcf-418a-9e48-9d80743d83f4] transferring FlowFile[1179,100306589203893.mockFlowFile,14B] to 'success'
[pool-146-thread-1] INFO org.apache.nifi.processors.standard.ControlRate - ControlRate[id=3ebd9ee5-9dcf-418a-9e48-9d80743d83f4] transferring FlowFile[1180,100306589213298.mockFlowFile,14B] to 'success'
[pool-146-thread-1] INFO org.apache.nifi.processors.standard.ControlRate - ControlRate[id=3ebd9ee5-9dcf-418a-9e48-9d80743d83f4] transferring FlowFile[1181,100306589221928.mockFlowFile,14B] to 'success'
[pool-146-thread-1] INFO org.apache.nifi.processors.standard.ControlRate - ControlRate[id=3ebd9ee5-9dcf-418a-9e48-9d80743d83f4] transferring FlowFile[1182,100306589230941.mockFlowFile,14B] to 'success'
[pool-146-thread-1] INFO org.apache.nifi.processors.standard.ControlRate - ControlRate[id=3ebd9ee5-9dcf-418a-9e48-9d80743d83f4] transferring FlowFile[1183,100306589245574.mockFlowFile,14B] to 'success'
[pool-146-thread-1] INFO org.apache.nifi.processors.standard.ControlRate - ControlRate[id=3ebd9ee5-9dcf-418a-9e48-9d80743d83f4] transferring FlowFile[1184,100306589255493.mockFlowFile,14B] to 'success'
[pool-146-thread-1] INFO org.apache.nifi.processors.standard.ControlRate - ControlRate[id=3ebd9ee5-9dcf-418a-9e48-9d80743d83f4] transferring FlowFile[1185,100306589264835.mockFlowFile,14B] to 'success'
[pool-146-thread-1] INFO org.apache.nifi.processors.standard.ControlRate - ControlRate[id=3ebd9ee5-9dcf-418a-9e48-9d80743d83f4] transferring FlowFile[1186,100306589273519.mockFlowFile,14B] to 'success'
[pool-146-thread-1] INFO org.apache.nifi.processors.standard.ControlRate - ControlRate[id=3ebd9ee5-9dcf-418a-9e48-9d80743d83f4] transferring FlowFile[1187,100306589283110.mockFlowFile,14B] to 'success'
[pool-146-thread-1] INFO org.apache.nifi.processors.standard.ControlRate - ControlRate[id=3ebd9ee5-9dcf-418a-9e48-9d80743d83f4] transferring FlowFile[1188,100306589292048.mockFlowFile,14B] to 'success'
[pool-146-thread-1] INFO org.apache.nifi.processors.standard.ControlRate - ControlRate[id=3ebd9ee5-9dcf-418a-9e48-9d80743d83f4] transferring FlowFile[1189,100306589302854.mockFlowFile,14B] to 'success'
[pool-146-thread-1] INFO org.apache.nifi.processors.standard.ControlRate - ControlRate[id=3ebd9ee5-9dcf-418a-9e48-9d80743d83f4] transferring FlowFile[1190,100306589312435.mockFlowFile,14B] to 'success'
[pool-146-thread-1] INFO org.apache.nifi.processors.standard.ControlRate - ControlRate[id=3ebd9ee5-9dcf-418a-9e48-9d80743d83f4] transferring FlowFile[1191,100306589325451.mockFlowFile,14B] to 'success'
[pool-146-thread-1] INFO org.apache.nifi.processors.standard.ControlRate - ControlRate[id=3ebd9ee5-9dcf-418a-9e48-9d80743d83f4] transferring FlowFile[1192,100306589335350.mockFlowFile,14B] to 'success'
[pool-146-thread-1] INFO org.apache.nifi.processors.standard.ControlRate - ControlRate[id=3ebd9ee5-9dcf-418a-9e48-9d80743d83f4] transferring FlowFile[1193,100306589344266.mockFlowFile,14B] to 'success'
[pool-146-thread-1] INFO org.apache.nifi.processors.standard.ControlRate - ControlRate[id=3ebd9ee5-9dcf-418a-9e48-9d80743d83f4] transferring FlowFile[1194,100306589353412.mockFlowFile,14B] to 'success'
[pool-146-thread-1] INFO org.apache.nifi.processors.standard.ControlRate - ControlRate[id=3ebd9ee5-9dcf-418a-9e48-9d80743d83f4] transferring FlowFile[1195,100306589362830.mockFlowFile,14B] to 'success'
[pool-146-thread-1] INFO org.apache.nifi.processors.standard.ControlRate - ControlRate[id=3ebd9ee5-9dcf-418a-9e48-9d80743d83f4] transferring FlowFile[1196,100306589386344.mockFlowFile,14B] to 'success'
[pool-146-thread-1] INFO org.apache.nifi.processors.standard.ControlRate - ControlRate[id=3ebd9ee5-9dcf-418a-9e48-9d80743d83f4] transferring FlowFile[1197,100306589396775.mockFlowFile,14B] to 'success'
[pool-146-thread-1] INFO org.apache.nifi.processors.standard.ControlRate - ControlRate[id=3ebd9ee5-9dcf-418a-9e48-9d80743d83f4] transferring FlowFile[1198,100306589405270.mockFlowFile,14B] to 'success'
[pool-146-thread-1] INFO org.apache.nifi.processors.standard.ControlRate - ControlRate[id=3ebd9ee5-9dcf-418a-9e48-9d80743d83f4] transferring FlowFile[1199,100306589418675.mockFlowFile,14B] to 'success'
[pool-146-thread-1] INFO org.apache.nifi.processors.standard.ControlRate - ControlRate[id=3ebd9ee5-9dcf-418a-9e48-9d80743d83f4] transferring FlowFile[1200,100306589428403.mockFlowFile,14B] to 'success'
[pool-146-thread-1] INFO org.apache.nifi.processors.standard.ControlRate - ControlRate[id=3ebd9ee5-9dcf-418a-9e48-9d80743d83f4] transferring FlowFile[1201,100306589437369.mockFlowFile,14B] to 'success'
[pool-146-thread-1] INFO org.apache.nifi.processors.standard.ControlRate - ControlRate[id=3ebd9ee5-9dcf-418a-9e48-9d80743d83f4] transferring FlowFile[1202,100306589447161.mockFlowFile,14B] to 'success'
[pool-146-thread-1] INFO org.apache.nifi.processors.standard.ControlRate - ControlRate[id=3ebd9ee5-9dcf-418a-9e48-9d80743d83f4] transferring FlowFile[1203,100306589456055.mockFlowFile,14B] to 'success'
[pool-146-thread-1] INFO org.apache.nifi.processors.standard.ControlRate - ControlRate[id=3ebd9ee5-9dcf-418a-9e48-9d80743d83f4] transferring FlowFile[1204,100306589465631.mockFlowFile,14B] to 'success'
[pool-146-thread-1] INFO org.apache.nifi.processors.standard.ControlRate - ControlRate[id=3ebd9ee5-9dcf-418a-9e48-9d80743d83f4] transferring FlowFile[1205,100306589474769.mockFlowFile,14B] to 'success'
[pool-146-thread-1] INFO org.apache.nifi.processors.standard.ControlRate - ControlRate[id=3ebd9ee5-9dcf-418a-9e48-9d80743d83f4] transferring FlowFile[1206,100306589483654.mockFlowFile,14B] to 'success'
[pool-146-thread-1] INFO org.apache.nifi.processors.standard.ControlRate - ControlRate[id=3ebd9ee5-9dcf-418a-9e48-9d80743d83f4] transferring FlowFile[1207,100306589497477.mockFlowFile,14B] to 'success'
[pool-146-thread-1] INFO org.apache.nifi.processors.standard.ControlRate - ControlRate[id=3ebd9ee5-9dcf-418a-9e48-9d80743d83f4] transferring FlowFile[1208,100306589507114.mockFlowFile,14B] to 'success'
[pool-146-thread-1] INFO org.apache.nifi.processors.standard.ControlRate - ControlRate[id=3ebd9ee5-9dcf-418a-9e48-9d80743d83f4] transferring FlowFile[1209,100306589516601.mockFlowFile,14B] to 'success'
[pool-146-thread-1] INFO org.apache.nifi.processors.standard.ControlRate - ControlRate[id=3ebd9ee5-9dcf-418a-9e48-9d80743d83f4] transferring FlowFile[1210,100306589525939.mockFlowFile,14B] to 'success'
[pool-146-thread-1] INFO org.apache.nifi.processors.standard.ControlRate - ControlRate[id=3ebd9ee5-9dcf-418a-9e48-9d80743d83f4] transferring FlowFile[1211,100306589535333.mockFlowFile,14B] to 'success'
[pool-146-thread-1] INFO org.apache.nifi.processors.standard.ControlRate - ControlRate[id=3ebd9ee5-9dcf-418a-9e48-9d80743d83f4] transferring FlowFile[1212,100306589544735.mockFlowFile,14B] to 'success'
[pool-146-thread-1] INFO org.apache.nifi.processors.standard.ControlRate - ControlRate[id=3ebd9ee5-9dcf-418a-9e48-9d80743d83f4] transferring FlowFile[1213,100306589553666.mockFlowFile,14B] to 'success'
[pool-146-thread-1] INFO org.apache.nifi.processors.standard.ControlRate - ControlRate[id=3ebd9ee5-9dcf-418a-9e48-9d80743d83f4] transferring FlowFile[1214,100306589563613.mockFlowFile,14B] to 'success'
[pool-146-thread-1] INFO org.apache.nifi.processors.standard.ControlRate - ControlRate[id=3ebd9ee5-9dcf-418a-9e48-9d80743d83f4] transferring FlowFile[1215,100306589577306.mockFlowFile,14B] to 'success'
[pool-146-thread-1] INFO org.apache.nifi.processors.standard.ControlRate - ControlRate[id=3ebd9ee5-9dcf-418a-9e48-9d80743d83f4] transferring FlowFile[1216,100306589586670.mockFlowFile,14B] to 'success'
[pool-146-thread-1] INFO org.apache.nifi.processors.standard.ControlRate - ControlRate[id=3ebd9ee5-9dcf-418a-9e48-9d80743d83f4] transferring FlowFile[1217,100306589595881.mockFlowFile,14B] to 'success'
[pool-146-thread-1] INFO org.apache.nifi.processors.standard.ControlRate - ControlRate[id=3ebd9ee5-9dcf-418a-9e48-9d80743d83f4] transferring FlowFile[1218,100306589604965.mockFlowFile,14B] to 'success'
[pool-146-thread-1] INFO org.apache.nifi.processors.standard.ControlRate - ControlRate[id=3ebd9ee5-9dcf-418a-9e48-9d80743d83f4] transferring FlowFile[1219,100306589614655.mockFlowFile,14B] to 'success'
[pool-146-thread-1] INFO org.apache.nifi.processors.standard.ControlRate - ControlRate[id=3ebd9ee5-9dcf-418a-9e48-9d80743d83f4] transferring FlowFile[1220,100306589625776.mockFlowFile,14B] to 'success'
[pool-146-thread-1] INFO org.apache.nifi.processors.standard.ControlRate - ControlRate[id=3ebd9ee5-9dcf-418a-9e48-9d80743d83f4] transferring FlowFile[1221,100306589634534.mockFlowFile,14B] to 'success'
[pool-146-thread-1] INFO org.apache.nifi.processors.standard.ControlRate - ControlRate[id=3ebd9ee5-9dcf-418a-9e48-9d80743d83f4] transferring FlowFile[1222,100306589643744.mockFlowFile,14B] to 'success'
[pool-146-thread-1] INFO org.apache.nifi.processors.standard.ControlRate - ControlRate[id=3ebd9ee5-9dcf-418a-9e48-9d80743d83f4] transferring FlowFile[1223,100306589657282.mockFlowFile,14B] to 'success'
[pool-146-thread-1] INFO org.apache.nifi.processors.standard.ControlRate - ControlRate[id=3ebd9ee5-9dcf-418a-9e48-9d80743d83f4] transferring FlowFile[1224,100306589667387.mockFlowFile,14B] to 'success'
[pool-146-thread-1] INFO org.apache.nifi.processors.standard.ControlRate - ControlRate[id=3ebd9ee5-9dcf-418a-9e48-9d80743d83f4] transferring FlowFile[1225,100306589676665.mockFlowFile,14B] to 'success'
[pool-146-thread-1] INFO org.apache.nifi.processors.standard.ControlRate - ControlRate[id=3ebd9ee5-9dcf-418a-9e48-9d80743d83f4] transferring FlowFile[1226,100306589685917.mockFlowFile,14B] to 'success'
[pool-146-thread-1] INFO org.apache.nifi.processors.standard.ControlRate - ControlRate[id=3ebd9ee5-9dcf-418a-9e48-9d80743d83f4] transferring FlowFile[1227,100306589695353.mockFlowFile,14B] to 'success'
[pool-146-thread-1] INFO org.apache.nifi.processors.standard.ControlRate - ControlRate[id=3ebd9ee5-9dcf-418a-9e48-9d80743d83f4] transferring FlowFile[1228,100306589704402.mockFlowFile,14B] to 'success'
[pool-146-thread-1] INFO org.apache.nifi.processors.standard.ControlRate - ControlRate[id=3ebd9ee5-9dcf-418a-9e48-9d80743d83f4] transferring FlowFile[1229,100306589714025.mockFlowFile,14B] to 'success'
[pool-146-thread-1] INFO org.apache.nifi.processors.standard.ControlRate - ControlRate[id=3ebd9ee5-9dcf-418a-9e48-9d80743d83f4] transferring FlowFile[1230,100306589722959.mockFlowFile,14B] to 'success'
[pool-146-thread-1] INFO org.apache.nifi.processors.standard.ControlRate - ControlRate[id=3ebd9ee5-9dcf-418a-9e48-9d80743d83f4] transferring FlowFile[1231,100306589736315.mockFlowFile,14B] to 'success'
[pool-146-thread-1] INFO org.apache.nifi.processors.standard.ControlRate - ControlRate[id=3ebd9ee5-9dcf-418a-9e48-9d80743d83f4] transferring FlowFile[1232,100306589746456.mockFlowFile,14B] to 'success'
[pool-146-thread-1] INFO org.apache.nifi.processors.standard.ControlRate - ControlRate[id=3ebd9ee5-9dcf-418a-9e48-9d80743d83f4] transferring FlowFile[1233,100306589755186.mockFlowFile,14B] to 'success'
[pool-146-thread-1] INFO org.apache.nifi.processors.standard.ControlRate - ControlRate[id=3ebd9ee5-9dcf-418a-9e48-9d80743d83f4] transferring FlowFile[1234,100306589764585.mockFlowFile,14B] to 'success'
[pool-146-thread-1] INFO org.apache.nifi.processors.standard.ControlRate - ControlRate[id=3ebd9ee5-9dcf-418a-9e48-9d80743d83f4] transferring FlowFile[1235,100306589774098.mockFlowFile,14B] to 'success'
[pool-146-thread-1] INFO org.apache.nifi.processors.standard.ControlRate - ControlRate[id=3ebd9ee5-9dcf-418a-9e48-9d80743d83f4] transferring FlowFile[1236,100306589782904.mockFlowFile,14B] to 'success'
[pool-146-thread-1] INFO org.apache.nifi.processors.standard.ControlRate - ControlRate[id=3ebd9ee5-9dcf-418a-9e48-9d80743d83f4] transferring FlowFile[1237,100306589793972.mockFlowFile,14B] to 'success'
[pool-146-thread-1] INFO org.apache.nifi.processors.standard.ControlRate - ControlRate[id=3ebd9ee5-9dcf-418a-9e48-9d80743d83f4] transferring FlowFile[1238,100306589802884.mockFlowFile,14B] to 'success'
[pool-146-thread-1] INFO org.apache.nifi.processors.standard.ControlRate - ControlRate[id=3ebd9ee5-9dcf-418a-9e48-9d80743d83f4] transferring FlowFile[1239,100306589816294.mockFlowFile,14B] to 'success'
[pool-146-thread-1] INFO org.apache.nifi.processors.standard.ControlRate - ControlRate[id=3ebd9ee5-9dcf-418a-9e48-9d80743d83f4] transferring FlowFile[1240,100306589826439.mockFlowFile,14B] to 'success'
[pool-146-thread-1] INFO org.apache.nifi.processors.standard.ControlRate - ControlRate[id=3ebd9ee5-9dcf-418a-9e48-9d80743d83f4] transferring FlowFile[1241,100306589835435.mockFlowFile,14B] to 'success'
[pool-146-thread-1] INFO org.apache.nifi.processors.standard.ControlRate - ControlRate[id=3ebd9ee5-9dcf-418a-9e48-9d80743d83f4] transferring FlowFile[1242,100306589845197.mockFlowFile,14B] to 'success'
[pool-146-thread-1] INFO org.apache.nifi.processors.standard.ControlRate - ControlRate[id=3ebd9ee5-9dcf-418a-9e48-9d80743d83f4] transferring FlowFile[1243,100306589854046.mockFlowFile,14B] to 'success'
[pool-146-thread-1] INFO org.apache.nifi.processors.standard.ControlRate - ControlRate[id=3ebd9ee5-9dcf-418a-9e48-9d80743d83f4] transferring FlowFile[1244,100306589863579.mockFlowFile,14B] to 'success'
[pool-146-thread-1] INFO org.apache.nifi.processors.standard.ControlRate - ControlRate[id=3ebd9ee5-9dcf-418a-9e48-9d80743d83f4] transferring FlowFile[1245,100306589873099.mockFlowFile,14B] to 'success'
[pool-146-thread-1] INFO org.apache.nifi.processors.standard.ControlRate - ControlRate[id=3ebd9ee5-9dcf-418a-9e48-9d80743d83f4] transferring FlowFile[1246,100306589882119.mockFlowFile,14B] to 'success'
[pool-146-thread-1] INFO org.apache.nifi.processors.standard.ControlRate - ControlRate[id=3ebd9ee5-9dcf-418a-9e48-9d80743d83f4] transferring FlowFile[1247,100306589896301.mockFlowFile,14B] to 'success'
[pool-146-thread-1] INFO org.apache.nifi.processors.standard.ControlRate - ControlRate[id=3ebd9ee5-9dcf-418a-9e48-9d80743d83f4] transferring FlowFile[1248,100306589907469.mockFlowFile,14B] to 'success'
[pool-146-thread-1] INFO org.apache.nifi.processors.standard.ControlRate - ControlRate[id=3ebd9ee5-9dcf-418a-9e48-9d80743d83f4] transferring FlowFile[1249,100306589917593.mockFlowFile,14B] to 'success'
[pool-146-thread-1] INFO org.apache.nifi.processors.standard.ControlRate - ControlRate[id=3ebd9ee5-9dcf-418a-9e48-9d80743d83f4] transferring FlowFile[1250,100306589939007.mockFlowFile,14B] to 'success'
[pool-146-thread-1] INFO org.apache.nifi.processors.standard.ControlRate - ControlRate[id=3ebd9ee5-9dcf-418a-9e48-9d80743d83f4] transferring FlowFile[1251,100306589949145.mockFlowFile,14B] to 'success'
[pool-146-thread-1] INFO org.apache.nifi.processors.standard.ControlRate - ControlRate[id=3ebd9ee5-9dcf-418a-9e48-9d80743d83f4] transferring FlowFile[1252,100306589970944.mockFlowFile,14B] to 'success'
[pool-146-thread-1] INFO org.apache.nifi.processors.standard.ControlRate - ControlRate[id=3ebd9ee5-9dcf-418a-9e48-9d80743d83f4] transferring FlowFile[1253,100306589981767.mockFlowFile,14B] to 'success'
[pool-146-thread-1] INFO org.apache.nifi.processors.standard.ControlRate - ControlRate[id=3ebd9ee5-9dcf-418a-9e48-9d80743d83f4] transferring FlowFile[1254,100306589997248.mockFlowFile,14B] to 'success'
[pool-146-thread-1] INFO org.apache.nifi.processors.standard.ControlRate - ControlRate[id=3ebd9ee5-9dcf-418a-9e48-9d80743d83f4] transferring FlowFile[1255,100306590014544.mockFlowFile,14B] to 'success'
[pool-146-thread-1] INFO org.apache.nifi.processors.standard.ControlRate - ControlRate[id=3ebd9ee5-9dcf-418a-9e48-9d80743d83f4] transferring FlowFile[1256,100306590026035.mockFlowFile,14B] to 'success'
[pool-146-thread-1] INFO org.apache.nifi.processors.standard.ControlRate - ControlRate[id=3ebd9ee5-9dcf-418a-9e48-9d80743d83f4] transferring FlowFile[1257,100306590036990.mockFlowFile,14B] to 'success'
[pool-146-thread-1] INFO org.apache.nifi.processors.standard.ControlRate - ControlRate[id=3ebd9ee5-9dcf-418a-9e48-9d80743d83f4] transferring FlowFile[1258,100306590046506.mockFlowFile,14B] to 'success'
[pool-146-thread-1] INFO org.apache.nifi.processors.standard.ControlRate - ControlRate[id=3ebd9ee5-9dcf-418a-9e48-9d80743d83f4] transferring FlowFile[1259,100306590056192.mockFlowFile,14B] to 'success'
[pool-146-thread-1] INFO org.apache.nifi.processors.standard.ControlRate - ControlRate[id=3ebd9ee5-9dcf-418a-9e48-9d80743d83f4] transferring FlowFile[1260,100306590066192.mockFlowFile,14B] to 'success'
[pool-146-thread-1] INFO org.apache.nifi.processors.standard.ControlRate - ControlRate[id=3ebd9ee5-9dcf-418a-9e48-9d80743d83f4] transferring FlowFile[1261,100306590074961.mockFlowFile,14B] to 'success'
[pool-146-thread-1] INFO org.apache.nifi.processors.standard.ControlRate - ControlRate[id=3ebd9ee5-9dcf-418a-9e48-9d80743d83f4] transferring FlowFile[1262,100306590085720.mockFlowFile,14B] to 'success'
[pool-146-thread-1] INFO org.apache.nifi.processors.standard.ControlRate - ControlRate[id=3ebd9ee5-9dcf-418a-9e48-9d80743d83f4] transferring FlowFile[1263,100306590099610.mockFlowFile,14B] to 'success'
[pool-146-thread-1] INFO org.apache.nifi.processors.standard.ControlRate - ControlRate[id=3ebd9ee5-9dcf-418a-9e48-9d80743d83f4] transferring FlowFile[1264,100306590109905.mockFlowFile,14B] to 'success'
[pool-146-thread-1] INFO org.apache.nifi.processors.standard.ControlRate - ControlRate[id=3ebd9ee5-9dcf-418a-9e48-9d80743d83f4] transferring FlowFile[1265,100306590119477.mockFlowFile,14B] to 'success'
[pool-146-thread-1] INFO org.apache.nifi.processors.standard.ControlRate - ControlRate[id=3ebd9ee5-9dcf-418a-9e48-9d80743d83f4] transferring FlowFile[1266,100306590128615.mockFlowFile,14B] to 'success'
[pool-146-thread-1] INFO org.apache.nifi.processors.standard.ControlRate - ControlRate[id=3ebd9ee5-9dcf-418a-9e48-9d80743d83f4] transferring FlowFile[1267,100306590137997.mockFlowFile,14B] to 'success'
[pool-146-thread-1] INFO org.apache.nifi.processors.standard.ControlRate - ControlRate[id=3ebd9ee5-9dcf-418a-9e48-9d80743d83f4] transferring FlowFile[1268,100306590147334.mockFlowFile,14B] to 'success'
[pool-146-thread-1] INFO org.apache.nifi.processors.standard.ControlRate - ControlRate[id=3ebd9ee5-9dcf-418a-9e48-9d80743d83f4] transferring FlowFile[1269,100306590156532.mockFlowFile,14B] to 'success'
[pool-146-thread-1] INFO org.apache.nifi.processors.standard.ControlRate - ControlRate[id=3ebd9ee5-9dcf-418a-9e48-9d80743d83f4] transferring FlowFile[1270,100306590166683.mockFlowFile,14B] to 'success'
[pool-146-thread-1] INFO org.apache.nifi.processors.standard.ControlRate - ControlRate[id=3ebd9ee5-9dcf-418a-9e48-9d80743d83f4] transferring FlowFile[1271,100306590179715.mockFlowFile,14B] to 'success'
[pool-146-thread-1] INFO org.apache.nifi.processors.standard.ControlRate - ControlRate[id=3ebd9ee5-9dcf-418a-9e48-9d80743d83f4] transferring FlowFile[1272,100306590189403.mockFlowFile,14B] to 'success'
[pool-146-thread-1] INFO org.apache.nifi.processors.standard.ControlRate - ControlRate[id=3ebd9ee5-9dcf-418a-9e48-9d80743d83f4] transferring FlowFile[1273,100306590197945.mockFlowFile,14B] to 'success'
[pool-146-thread-1] INFO org.apache.nifi.processors.standard.ControlRate - ControlRate[id=3ebd9ee5-9dcf-418a-9e48-9d80743d83f4] transferring FlowFile[1274,100306590207637.mockFlowFile,14B] to 'success'
[pool-146-thread-1] INFO org.apache.nifi.processors.standard.ControlRate - ControlRate[id=3ebd9ee5-9dcf-418a-9e48-9d80743d83f4] transferring FlowFile[1275,100306590218798.mockFlowFile,14B] to 'success'
[pool-146-thread-1] INFO org.apache.nifi.processors.standard.ControlRate - ControlRate[id=3ebd9ee5-9dcf-418a-9e48-9d80743d83f4] transferring FlowFile[1276,100306590227671.mockFlowFile,14B] to 'success'
[pool-146-thread-1] INFO org.apache.nifi.processors.standard.ControlRate - ControlRate[id=3ebd9ee5-9dcf-418a-9e48-9d80743d83f4] transferring FlowFile[1277,100306590236932.mockFlowFile,14B] to 'success'
[pool-146-thread-1] INFO org.apache.nifi.processors.standard.ControlRate - ControlRate[id=3ebd9ee5-9dcf-418a-9e48-9d80743d83f4] transferring FlowFile[1278,100306590246846.mockFlowFile,14B] to 'success'
[pool-146-thread-1] INFO org.apache.nifi.processors.standard.ControlRate - ControlRate[id=3ebd9ee5-9dcf-418a-9e48-9d80743d83f4] transferring FlowFile[1279,100306590260687.mockFlowFile,14B] to 'success'
[pool-146-thread-1] INFO org.apache.nifi.processors.standard.ControlRate - ControlRate[id=3ebd9ee5-9dcf-418a-9e48-9d80743d83f4] transferring FlowFile[1280,100306590270453.mockFlowFile,14B] to 'success'
[pool-146-thread-1] INFO org.apache.nifi.processors.standard.ControlRate - ControlRate[id=3ebd9ee5-9dcf-418a-9e48-9d80743d83f4] transferring FlowFile[1281,100306590279437.mockFlowFile,14B] to 'success'
[pool-146-thread-1] INFO org.apache.nifi.processors.standard.ControlRate - ControlRate[id=3ebd9ee5-9dcf-418a-9e48-9d80743d83f4] transferring FlowFile[1282,100306590288831.mockFlowFile,14B] to 'success'
[pool-146-thread-1] INFO org.apache.nifi.processors.standard.ControlRate - ControlRate[id=3ebd9ee5-9dcf-418a-9e48-9d80743d83f4] transferring FlowFile[1283,100306590297816.mockFlowFile,14B] to 'success'
[pool-146-thread-1] INFO org.apache.nifi.processors.standard.ControlRate - ControlRate[id=3ebd9ee5-9dcf-418a-9e48-9d80743d83f4] transferring FlowFile[1284,100306590307475.mockFlowFile,14B] to 'success'
[pool-146-thread-1] INFO org.apache.nifi.processors.standard.ControlRate - ControlRate[id=3ebd9ee5-9dcf-418a-9e48-9d80743d83f4] transferring FlowFile[1285,100306590316498.mockFlowFile,14B] to 'success'
[pool-146-thread-1] INFO org.apache.nifi.processors.standard.ControlRate - ControlRate[id=3ebd9ee5-9dcf-418a-9e48-9d80743d83f4] transferring FlowFile[1286,100306590325277.mockFlowFile,14B] to 'success'
[pool-146-thread-1] INFO org.apache.nifi.processors.standard.ControlRate - ControlRate[id=3ebd9ee5-9dcf-418a-9e48-9d80743d83f4] transferring FlowFile[1287,100306590338602.mockFlowFile,14B] to 'success'
[pool-146-thread-1] INFO org.apache.nifi.processors.standard.ControlRate - ControlRate[id=3ebd9ee5-9dcf-418a-9e48-9d80743d83f4] transferring FlowFile[1288,100306590347893.mockFlowFile,14B] to 'success'
[pool-146-thread-1] INFO org.apache.nifi.processors.standard.ControlRate - ControlRate[id=3ebd9ee5-9dcf-418a-9e48-9d80743d83f4] transferring FlowFile[1289,100306590357594.mockFlowFile,14B] to 'success'
[pool-146-thread-1] INFO org.apache.nifi.processors.standard.ControlRate - ControlRate[id=3ebd9ee5-9dcf-418a-9e48-9d80743d83f4] transferring FlowFile[1290,100306590366831.mockFlowFile,14B] to 'success'
[pool-146-thread-1] INFO org.apache.nifi.processors.standard.ControlRate - ControlRate[id=3ebd9ee5-9dcf-418a-9e48-9d80743d83f4] transferring FlowFile[1291,100306590375837.mockFlowFile,14B] to 'success'
[pool-146-thread-1] INFO org.apache.nifi.processors.standard.ControlRate - ControlRate[id=3ebd9ee5-9dcf-418a-9e48-9d80743d83f4] transferring FlowFile[1292,100306590385543.mockFlowFile,14B] to 'success'
[pool-146-thread-1] INFO org.apache.nifi.processors.standard.ControlRate - ControlRate[id=3ebd9ee5-9dcf-418a-9e48-9d80743d83f4] transferring FlowFile[1293,100306590394855.mockFlowFile,14B] to 'success'
[pool-146-thread-1] INFO org.apache.nifi.processors.standard.ControlRate - ControlRate[id=3ebd9ee5-9dcf-418a-9e48-9d80743d83f4] transferring FlowFile[1294,100306590404332.mockFlowFile,14B] to 'success'
[pool-146-thread-1] INFO org.apache.nifi.processors.standard.ControlRate - ControlRate[id=3ebd9ee5-9dcf-418a-9e48-9d80743d83f4] transferring FlowFile[1295,100306590417702.mockFlowFile,14B] to 'success'
[pool-146-thread-1] INFO org.apache.nifi.processors.standard.ControlRate - ControlRate[id=3ebd9ee5-9dcf-418a-9e48-9d80743d83f4] transferring FlowFile[1296,100306590462951.mockFlowFile,14B] to 'success'
[pool-146-thread-1] INFO org.apache.nifi.processors.standard.ControlRate - ControlRate[id=3ebd9ee5-9dcf-418a-9e48-9d80743d83f4] transferring FlowFile[1297,100306590473618.mockFlowFile,14B] to 'success'
[pool-146-thread-1] INFO org.apache.nifi.processors.standard.ControlRate - ControlRate[id=3ebd9ee5-9dcf-418a-9e48-9d80743d83f4] transferring FlowFile[1298,100306590482733.mockFlowFile,14B] to 'success'
[pool-146-thread-1] INFO org.apache.nifi.processors.standard.ControlRate - ControlRate[id=3ebd9ee5-9dcf-418a-9e48-9d80743d83f4] transferring FlowFile[1299,100306590492354.mockFlowFile,14B] to 'success'
[pool-146-thread-1] INFO org.apache.nifi.processors.standard.ControlRate - ControlRate[id=3ebd9ee5-9dcf-418a-9e48-9d80743d83f4] transferring FlowFile[1300,100306590501951.mockFlowFile,14B] to 'success'
[pool-146-thread-1] INFO org.apache.nifi.processors.standard.ControlRate - ControlRate[id=3ebd9ee5-9dcf-418a-9e48-9d80743d83f4] transferring FlowFile[1301,100306590511301.mockFlowFile,14B] to 'success'
[pool-146-thread-1] INFO org.apache.nifi.processors.standard.ControlRate - ControlRate[id=3ebd9ee5-9dcf-418a-9e48-9d80743d83f4] transferring FlowFile[1302,100306590523064.mockFlowFile,14B] to 'success'
[pool-146-thread-1] INFO org.apache.nifi.processors.standard.ControlRate - ControlRate[id=3ebd9ee5-9dcf-418a-9e48-9d80743d83f4] transferring FlowFile[1303,100306590537513.mockFlowFile,14B] to 'success'
[pool-146-thread-1] INFO org.apache.nifi.processors.standard.ControlRate - ControlRate[id=3ebd9ee5-9dcf-418a-9e48-9d80743d83f4] transferring FlowFile[1304,100306590547696.mockFlowFile,14B] to 'success'
[pool-146-thread-1] INFO org.apache.nifi.processors.standard.ControlRate - ControlRate[id=3ebd9ee5-9dcf-418a-9e48-9d80743d83f4] transferring FlowFile[1305,100306590557480.mockFlowFile,14B] to 'success'
[pool-146-thread-1] INFO org.apache.nifi.processors.standard.ControlRate - ControlRate[id=3ebd9ee5-9dcf-418a-9e48-9d80743d83f4] transferring FlowFile[1306,100306590566515.mockFlowFile,14B] to 'success'
[pool-146-thread-1] INFO org.apache.nifi.processors.standard.ControlRate - ControlRate[id=3ebd9ee5-9dcf-418a-9e48-9d80743d83f4] transferring FlowFile[1307,100306590578101.mockFlowFile,14B] to 'success'
[pool-146-thread-1] INFO org.apache.nifi.processors.standard.ControlRate - ControlRate[id=3ebd9ee5-9dcf-418a-9e48-9d80743d83f4] transferring FlowFile[1308,100306590586920.mockFlowFile,14B] to 'success'
[pool-146-thread-1] INFO org.apache.nifi.processors.standard.ControlRate - ControlRate[id=3ebd9ee5-9dcf-418a-9e48-9d80743d83f4] transferring FlowFile[1309,100306590598222.mockFlowFile,14B] to 'success'
[pool-146-thread-1] INFO org.apache.nifi.processors.standard.ControlRate - ControlRate[id=3ebd9ee5-9dcf-418a-9e48-9d80743d83f4] transferring FlowFile[1310,100306590609556.mockFlowFile,14B] to 'success'
[pool-146-thread-1] INFO org.apache.nifi.processors.standard.ControlRate - ControlRate[id=3ebd9ee5-9dcf-418a-9e48-9d80743d83f4] transferring FlowFile[1311,100306590623161.mockFlowFile,14B] to 'success'
[pool-146-thread-1] INFO org.apache.nifi.processors.standard.ControlRate - ControlRate[id=3ebd9ee5-9dcf-418a-9e48-9d80743d83f4] transferring FlowFile[1312,100306590633826.mockFlowFile,14B] to 'success'
[pool-146-thread-1] INFO org.apache.nifi.processors.standard.ControlRate - ControlRate[id=3ebd9ee5-9dcf-418a-9e48-9d80743d83f4] transferring FlowFile[1313,100306590643089.mockFlowFile,14B] to 'success'
[pool-146-thread-1] INFO org.apache.nifi.processors.standard.ControlRate - ControlRate[id=3ebd9ee5-9dcf-418a-9e48-9d80743d83f4] transferring FlowFile[1314,100306590653176.mockFlowFile,14B] to 'success'
[pool-146-thread-1] INFO org.apache.nifi.processors.standard.ControlRate - ControlRate[id=3ebd9ee5-9dcf-418a-9e48-9d80743d83f4] transferring FlowFile[1315,100306590662943.mockFlowFile,14B] to 'success'
[pool-146-thread-1] INFO org.apache.nifi.processors.standard.ControlRate - ControlRate[id=3ebd9ee5-9dcf-418a-9e48-9d80743d83f4] transferring FlowFile[1316,100306590672401.mockFlowFile,14B] to 'success'
[pool-146-thread-1] INFO org.apache.nifi.processors.standard.ControlRate - ControlRate[id=3ebd9ee5-9dcf-418a-9e48-9d80743d83f4] transferring FlowFile[1317,100306590682156.mockFlowFile,14B] to 'success'
[pool-146-thread-1] INFO org.apache.nifi.processors.standard.ControlRate - ControlRate[id=3ebd9ee5-9dcf-418a-9e48-9d80743d83f4] transferring FlowFile[1318,100306590691519.mockFlowFile,14B] to 'success'
[pool-146-thread-1] INFO org.apache.nifi.processors.standard.ControlRate - ControlRate[id=3ebd9ee5-9dcf-418a-9e48-9d80743d83f4] transferring FlowFile[1319,100306590719459.mockFlowFile,14B] to 'success'
[pool-146-thread-1] INFO org.apache.nifi.processors.standard.ControlRate - ControlRate[id=3ebd9ee5-9dcf-418a-9e48-9d80743d83f4] transferring FlowFile[1320,100306590731533.mockFlowFile,14B] to 'success'
[pool-146-thread-1] INFO org.apache.nifi.processors.standard.ControlRate - ControlRate[id=3ebd9ee5-9dcf-418a-9e48-9d80743d83f4] transferring FlowFile[1321,100306590740756.mockFlowFile,14B] to 'success'
[pool-146-thread-1] INFO org.apache.nifi.processors.standard.ControlRate - ControlRate[id=3ebd9ee5-9dcf-418a-9e48-9d80743d83f4] transferring FlowFile[1322,100306590750492.mockFlowFile,14B] to 'success'
[pool-146-thread-1] INFO org.apache.nifi.processors.standard.ControlRate - ControlRate[id=3ebd9ee5-9dcf-418a-9e48-9d80743d83f4] transferring FlowFile[1323,100306590759656.mockFlowFile,14B] to 'success'
[pool-146-thread-1] INFO org.apache.nifi.processors.standard.ControlRate - ControlRate[id=3ebd9ee5-9dcf-418a-9e48-9d80743d83f4] transferring FlowFile[1324,100306590769532.mockFlowFile,14B] to 'success'
[pool-146-thread-1] INFO org.apache.nifi.processors.standard.ControlRate - ControlRate[id=3ebd9ee5-9dcf-418a-9e48-9d80743d83f4] transferring FlowFile[1325,100306590779887.mockFlowFile,14B] to 'success'
[pool-146-thread-1] INFO org.apache.nifi.processors.standard.ControlRate - ControlRate[id=3ebd9ee5-9dcf-418a-9e48-9d80743d83f4] transferring FlowFile[1326,100306590788819.mockFlowFile,14B] to 'success'
[pool-146-thread-1] INFO org.apache.nifi.processors.standard.ControlRate - ControlRate[id=3ebd9ee5-9dcf-418a-9e48-9d80743d83f4] transferring FlowFile[1327,100306590802458.mockFlowFile,14B] to 'success'
[pool-146-thread-1] INFO org.apache.nifi.processors.standard.ControlRate - ControlRate[id=3ebd9ee5-9dcf-418a-9e48-9d80743d83f4] transferring FlowFile[1328,100306590812291.mockFlowFile,14B] to 'success'
[pool-146-thread-1] INFO org.apache.nifi.processors.standard.ControlRate - ControlRate[id=3ebd9ee5-9dcf-418a-9e48-9d80743d83f4] transferring FlowFile[1329,100306590822544.mockFlowFile,14B] to 'success'
[pool-146-thread-1] INFO org.apache.nifi.processors.standard.ControlRate - ControlRate[id=3ebd9ee5-9dcf-418a-9e48-9d80743d83f4] transferring FlowFile[1330,100306590832353.mockFlowFile,14B] to 'success'
[pool-146-thread-1] INFO org.apache.nifi.processors.standard.ControlRate - ControlRate[id=3ebd9ee5-9dcf-418a-9e48-9d80743d83f4] transferring FlowFile[1331,100306590841663.mockFlowFile,14B] to 'success'
[pool-146-thread-1] INFO org.apache.nifi.processors.standard.ControlRate - ControlRate[id=3ebd9ee5-9dcf-418a-9e48-9d80743d83f4] transferring FlowFile[1332,100306590851229.mockFlowFile,14B] to 'success'
[pool-146-thread-1] INFO org.apache.nifi.processors.standard.ControlRate - ControlRate[id=3ebd9ee5-9dcf-418a-9e48-9d80743d83f4] transferring FlowFile[1333,100306590869262.mockFlowFile,14B] to 'success'
[pool-146-thread-1] INFO org.apache.nifi.processors.standard.ControlRate - ControlRate[id=3ebd9ee5-9dcf-418a-9e48-9d80743d83f4] transferring FlowFile[1334,100306590893500.mockFlowFile,14B] to 'success'
[pool-146-thread-1] INFO org.apache.nifi.processors.standard.ControlRate - ControlRate[id=3ebd9ee5-9dcf-418a-9e48-9d80743d83f4] transferring FlowFile[1335,100306590910174.mockFlowFile,14B] to 'success'
[pool-146-thread-1] INFO org.apache.nifi.processors.standard.ControlRate - ControlRate[id=3ebd9ee5-9dcf-418a-9e48-9d80743d83f4] transferring FlowFile[1336,100306590919713.mockFlowFile,14B] to 'success'
[pool-146-thread-1] INFO org.apache.nifi.processors.standard.ControlRate - ControlRate[id=3ebd9ee5-9dcf-418a-9e48-9d80743d83f4] transferring FlowFile[1337,100306590928933.mockFlowFile,14B] to 'success'
[pool-146-thread-1] INFO org.apache.nifi.processors.standard.ControlRate - ControlRate[id=3ebd9ee5-9dcf-418a-9e48-9d80743d83f4] transferring FlowFile[1338,100306590937189.mockFlowFile,14B] to 'success'
[pool-146-thread-1] INFO org.apache.nifi.processors.standard.ControlRate - ControlRate[id=3ebd9ee5-9dcf-418a-9e48-9d80743d83f4] transferring FlowFile[1339,100306590945826.mockFlowFile,14B] to 'success'
[pool-146-thread-1] INFO org.apache.nifi.processors.standard.ControlRate - ControlRate[id=3ebd9ee5-9dcf-418a-9e48-9d80743d83f4] transferring FlowFile[1340,100306590954642.mockFlowFile,14B] to 'success'
[pool-146-thread-1] INFO org.apache.nifi.processors.standard.ControlRate - ControlRate[id=3ebd9ee5-9dcf-418a-9e48-9d80743d83f4] transferring FlowFile[1341,100306590962998.mockFlowFile,14B] to 'success'
[pool-146-thread-1] INFO org.apache.nifi.processors.standard.ControlRate - ControlRate[id=3ebd9ee5-9dcf-418a-9e48-9d80743d83f4] transferring FlowFile[1342,100306590971941.mockFlowFile,14B] to 'success'
[pool-146-thread-1] INFO org.apache.nifi.processors.standard.ControlRate - ControlRate[id=3ebd9ee5-9dcf-418a-9e48-9d80743d83f4] transferring FlowFile[1343,100306590984934.mockFlowFile,14B] to 'success'
[pool-146-thread-1] INFO org.apache.nifi.processors.standard.ControlRate - ControlRate[id=3ebd9ee5-9dcf-418a-9e48-9d80743d83f4] transferring FlowFile[1344,100306590994354.mockFlowFile,14B] to 'success'
[pool-146-thread-1] INFO org.apache.nifi.processors.standard.ControlRate - ControlRate[id=3ebd9ee5-9dcf-418a-9e48-9d80743d83f4] transferring FlowFile[1345,100306591003723.mockFlowFile,14B] to 'success'
[pool-146-thread-1] INFO org.apache.nifi.processors.standard.ControlRate - ControlRate[id=3ebd9ee5-9dcf-418a-9e48-9d80743d83f4] transferring FlowFile[1346,100306591012675.mockFlowFile,14B] to 'success'
[pool-146-thread-1] INFO org.apache.nifi.processors.standard.ControlRate - ControlRate[id=3ebd9ee5-9dcf-418a-9e48-9d80743d83f4] transferring FlowFile[1347,100306591021579.mockFlowFile,14B] to 'success'
[pool-146-thread-1] INFO org.apache.nifi.processors.standard.ControlRate - ControlRate[id=3ebd9ee5-9dcf-418a-9e48-9d80743d83f4] transferring FlowFile[1348,100306591030252.mockFlowFile,14B] to 'success'
[pool-146-thread-1] INFO org.apache.nifi.processors.standard.ControlRate - ControlRate[id=3ebd9ee5-9dcf-418a-9e48-9d80743d83f4] transferring FlowFile[1349,100306591039161.mockFlowFile,14B] to 'success'
[pool-146-thread-1] INFO org.apache.nifi.processors.standard.ControlRate - ControlRate[id=3ebd9ee5-9dcf-418a-9e48-9d80743d83f4] transferring FlowFile[1350,100306591047884.mockFlowFile,14B] to 'success'
[pool-146-thread-1] INFO org.apache.nifi.processors.standard.ControlRate - ControlRate[id=3ebd9ee5-9dcf-418a-9e48-9d80743d83f4] transferring FlowFile[1351,100306591060343.mockFlowFile,14B] to 'success'
[pool-146-thread-1] INFO org.apache.nifi.processors.standard.ControlRate - ControlRate[id=3ebd9ee5-9dcf-418a-9e48-9d80743d83f4] transferring FlowFile[1352,100306591069601.mockFlowFile,14B] to 'success'
[pool-146-thread-1] INFO org.apache.nifi.processors.standard.ControlRate - ControlRate[id=3ebd9ee5-9dcf-418a-9e48-9d80743d83f4] transferring FlowFile[1353,100306591078466.mockFlowFile,14B] to 'success'
[pool-146-thread-1] INFO org.apache.nifi.processors.standard.ControlRate - ControlRate[id=3ebd9ee5-9dcf-418a-9e48-9d80743d83f4] transferring FlowFile[1354,100306591087504.mockFlowFile,14B] to 'success'
[pool-146-thread-1] INFO org.apache.nifi.processors.standard.ControlRate - ControlRate[id=3ebd9ee5-9dcf-418a-9e48-9d80743d83f4] transferring FlowFile[1355,100306591096292.mockFlowFile,14B] to 'success'
[pool-146-thread-1] INFO org.apache.nifi.processors.standard.ControlRate - ControlRate[id=3ebd9ee5-9dcf-418a-9e48-9d80743d83f4] transferring FlowFile[1356,100306591104606.mockFlowFile,14B] to 'success'
[pool-146-thread-1] INFO org.apache.nifi.processors.standard.ControlRate - ControlRate[id=3ebd9ee5-9dcf-418a-9e48-9d80743d83f4] transferring FlowFile[1357,100306591113435.mockFlowFile,14B] to 'success'
[pool-146-thread-1] INFO org.apache.nifi.processors.standard.ControlRate - ControlRate[id=3ebd9ee5-9dcf-418a-9e48-9d80743d83f4] transferring FlowFile[1358,100306591121533.mockFlowFile,14B] to 'success'
[pool-146-thread-1] INFO org.apache.nifi.processors.standard.ControlRate - ControlRate[id=3ebd9ee5-9dcf-418a-9e48-9d80743d83f4] transferring FlowFile[1359,100306591134679.mockFlowFile,14B] to 'success'
[pool-146-thread-1] INFO org.apache.nifi.processors.standard.ControlRate - ControlRate[id=3ebd9ee5-9dcf-418a-9e48-9d80743d83f4] transferring FlowFile[1360,100306591144266.mockFlowFile,14B] to 'success'
[pool-146-thread-1] INFO org.apache.nifi.processors.standard.ControlRate - ControlRate[id=3ebd9ee5-9dcf-418a-9e48-9d80743d83f4] transferring FlowFile[1361,100306591155387.mockFlowFile,14B] to 'success'
[pool-146-thread-1] INFO org.apache.nifi.processors.standard.ControlRate - ControlRate[id=3ebd9ee5-9dcf-418a-9e48-9d80743d83f4] transferring FlowFile[1362,100306591164110.mockFlowFile,14B] to 'success'
[pool-146-thread-1] INFO org.apache.nifi.processors.standard.ControlRate - ControlRate[id=3ebd9ee5-9dcf-418a-9e48-9d80743d83f4] transferring FlowFile[1363,100306591172417.mockFlowFile,14B] to 'success'
[pool-146-thread-1] INFO org.apache.nifi.processors.standard.ControlRate - ControlRate[id=3ebd9ee5-9dcf-418a-9e48-9d80743d83f4] transferring FlowFile[1364,100306591180927.mockFlowFile,14B] to 'success'
[pool-146-thread-1] INFO org.apache.nifi.processors.standard.ControlRate - ControlRate[id=3ebd9ee5-9dcf-418a-9e48-9d80743d83f4] transferring FlowFile[1365,100306591189796.mockFlowFile,14B] to 'success'
[pool-146-thread-1] INFO org.apache.nifi.processors.standard.ControlRate - ControlRate[id=3ebd9ee5-9dcf-418a-9e48-9d80743d83f4] transferring FlowFile[1366,100306591197950.mockFlowFile,14B] to 'success'
[pool-146-thread-1] INFO org.apache.nifi.processors.standard.ControlRate - ControlRate[id=3ebd9ee5-9dcf-418a-9e48-9d80743d83f4] transferring FlowFile[1367,100306591211320.mockFlowFile,14B] to 'success'
[pool-146-thread-1] INFO org.apache.nifi.processors.standard.ControlRate - ControlRate[id=3ebd9ee5-9dcf-418a-9e48-9d80743d83f4] transferring FlowFile[1368,100306591220111.mockFlowFile,14B] to 'success'
[pool-146-thread-1] INFO org.apache.nifi.processors.standard.ControlRate - ControlRate[id=3ebd9ee5-9dcf-418a-9e48-9d80743d83f4] transferring FlowFile[1369,100306591229004.mockFlowFile,14B] to 'success'
[pool-146-thread-1] INFO org.apache.nifi.processors.standard.ControlRate - ControlRate[id=3ebd9ee5-9dcf-418a-9e48-9d80743d83f4] transferring FlowFile[1370,100306591237831.mockFlowFile,14B] to 'success'
[pool-146-thread-1] INFO org.apache.nifi.processors.standard.ControlRate - ControlRate[id=3ebd9ee5-9dcf-418a-9e48-9d80743d83f4] transferring FlowFile[1371,100306591246172.mockFlowFile,14B] to 'success'
[pool-146-thread-1] INFO org.apache.nifi.processors.standard.ControlRate - ControlRate[id=3ebd9ee5-9dcf-418a-9e48-9d80743d83f4] transferring FlowFile[1372,100306591254992.mockFlowFile,14B] to 'success'
[pool-146-thread-1] INFO org.apache.nifi.processors.standard.ControlRate - ControlRate[id=3ebd9ee5-9dcf-418a-9e48-9d80743d83f4] transferring FlowFile[1373,100306591263227.mockFlowFile,14B] to 'success'
[pool-146-thread-1] INFO org.apache.nifi.processors.standard.ControlRate - ControlRate[id=3ebd9ee5-9dcf-418a-9e48-9d80743d83f4] transferring FlowFile[1374,100306591272263.mockFlowFile,14B] to 'success'
[pool-146-thread-1] INFO org.apache.nifi.processors.standard.ControlRate - ControlRate[id=3ebd9ee5-9dcf-418a-9e48-9d80743d83f4] transferring FlowFile[1375,100306591288545.mockFlowFile,14B] to 'success'
[pool-146-thread-1] INFO org.apache.nifi.processors.standard.ControlRate - ControlRate[id=3ebd9ee5-9dcf-418a-9e48-9d80743d83f4] transferring FlowFile[1376,100306591297499.mockFlowFile,14B] to 'success'
[pool-146-thread-1] INFO org.apache.nifi.processors.standard.ControlRate - ControlRate[id=3ebd9ee5-9dcf-418a-9e48-9d80743d83f4] transferring FlowFile[1377,100306591306314.mockFlowFile,14B] to 'success'
[pool-146-thread-1] INFO org.apache.nifi.processors.standard.ControlRate - ControlRate[id=3ebd9ee5-9dcf-418a-9e48-9d80743d83f4] transferring FlowFile[1378,100306591314492.mockFlowFile,14B] to 'success'
[pool-146-thread-1] INFO org.apache.nifi.processors.standard.ControlRate - ControlRate[id=3ebd9ee5-9dcf-418a-9e48-9d80743d83f4] transferring FlowFile[1379,100306591323532.mockFlowFile,14B] to 'success'
[pool-146-thread-1] INFO org.apache.nifi.processors.standard.ControlRate - ControlRate[id=3ebd9ee5-9dcf-418a-9e48-9d80743d83f4] transferring FlowFile[1380,100306591332472.mockFlowFile,14B] to 'success'
[pool-146-thread-1] INFO org.apache.nifi.processors.standard.ControlRate - ControlRate[id=3ebd9ee5-9dcf-418a-9e48-9d80743d83f4] transferring FlowFile[1381,100306591343233.mockFlowFile,14B] to 'success'
[pool-146-thread-1] INFO org.apache.nifi.processors.standard.ControlRate - ControlRate[id=3ebd9ee5-9dcf-418a-9e48-9d80743d83f4] transferring FlowFile[1382,100306591352335.mockFlowFile,14B] to 'success'
[pool-146-thread-1] INFO org.apache.nifi.processors.standard.ControlRate - ControlRate[id=3ebd9ee5-9dcf-418a-9e48-9d80743d83f4] transferring FlowFile[1383,100306591364905.mockFlowFile,14B] to 'success'
[pool-146-thread-1] INFO org.apache.nifi.processors.standard.ControlRate - ControlRate[id=3ebd9ee5-9dcf-418a-9e48-9d80743d83f4] transferring FlowFile[1384,100306591373869.mockFlowFile,14B] to 'success'
[pool-146-thread-1] INFO org.apache.nifi.processors.standard.ControlRate - ControlRate[id=3ebd9ee5-9dcf-418a-9e48-9d80743d83f4] transferring FlowFile[1385,100306591384323.mockFlowFile,14B] to 'success'
[pool-146-thread-1] INFO org.apache.nifi.processors.standard.ControlRate - ControlRate[id=3ebd9ee5-9dcf-418a-9e48-9d80743d83f4] transferring FlowFile[1386,100306591393082.mockFlowFile,14B] to 'success'
[pool-146-thread-1] INFO org.apache.nifi.processors.standard.ControlRate - ControlRate[id=3ebd9ee5-9dcf-418a-9e48-9d80743d83f4] transferring FlowFile[1387,100306591401950.mockFlowFile,14B] to 'success'
[pool-146-thread-1] INFO org.apache.nifi.processors.standard.ControlRate - ControlRate[id=3ebd9ee5-9dcf-418a-9e48-9d80743d83f4] transferring FlowFile[1388,100306591410174.mockFlowFile,14B] to 'success'
[pool-146-thread-1] INFO org.apache.nifi.processors.standard.ControlRate - ControlRate[id=3ebd9ee5-9dcf-418a-9e48-9d80743d83f4] transferring FlowFile[1389,100306591418716.mockFlowFile,14B] to 'success'
[pool-146-thread-1] INFO org.apache.nifi.processors.standard.ControlRate - ControlRate[id=3ebd9ee5-9dcf-418a-9e48-9d80743d83f4] transferring FlowFile[1390,100306591427611.mockFlowFile,14B] to 'success'
[pool-146-thread-1] INFO org.apache.nifi.processors.standard.ControlRate - ControlRate[id=3ebd9ee5-9dcf-418a-9e48-9d80743d83f4] transferring FlowFile[1391,100306591439846.mockFlowFile,14B] to 'success'
[pool-146-thread-1] INFO org.apache.nifi.processors.standard.ControlRate - ControlRate[id=3ebd9ee5-9dcf-418a-9e48-9d80743d83f4] transferring FlowFile[1392,100306591449424.mockFlowFile,14B] to 'success'
[pool-146-thread-1] INFO org.apache.nifi.processors.standard.ControlRate - ControlRate[id=3ebd9ee5-9dcf-418a-9e48-9d80743d83f4] transferring FlowFile[1393,100306591457908.mockFlowFile,14B] to 'success'
[pool-146-thread-1] INFO org.apache.nifi.processors.standard.ControlRate - ControlRate[id=3ebd9ee5-9dcf-418a-9e48-9d80743d83f4] transferring FlowFile[1394,100306591466905.mockFlowFile,14B] to 'success'
[pool-146-thread-1] INFO org.apache.nifi.processors.standard.ControlRate - ControlRate[id=3ebd9ee5-9dcf-418a-9e48-9d80743d83f4] transferring FlowFile[1395,100306591482334.mockFlowFile,14B] to 'success'
[pool-146-thread-1] INFO org.apache.nifi.processors.standard.ControlRate - ControlRate[id=3ebd9ee5-9dcf-418a-9e48-9d80743d83f4] transferring FlowFile[1396,100306591495211.mockFlowFile,14B] to 'success'
[pool-146-thread-1] INFO org.apache.nifi.processors.standard.ControlRate - ControlRate[id=3ebd9ee5-9dcf-418a-9e48-9d80743d83f4] transferring FlowFile[1397,100306591504060.mockFlowFile,14B] to 'success'
[pool-146-thread-1] INFO org.apache.nifi.processors.standard.ControlRate - ControlRate[id=3ebd9ee5-9dcf-418a-9e48-9d80743d83f4] transferring FlowFile[1398,100306591511976.mockFlowFile,14B] to 'success'
[pool-146-thread-1] INFO org.apache.nifi.processors.standard.ControlRate - ControlRate[id=3ebd9ee5-9dcf-418a-9e48-9d80743d83f4] transferring FlowFile[1399,100306591525331.mockFlowFile,14B] to 'success'
[pool-146-thread-1] INFO org.apache.nifi.processors.standard.ControlRate - ControlRate[id=3ebd9ee5-9dcf-418a-9e48-9d80743d83f4] transferring FlowFile[1400,100306591534342.mockFlowFile,14B] to 'success'
[pool-146-thread-1] INFO org.apache.nifi.processors.standard.ControlRate - ControlRate[id=3ebd9ee5-9dcf-418a-9e48-9d80743d83f4] transferring FlowFile[1401,100306591542736.mockFlowFile,14B] to 'success'
[pool-146-thread-1] INFO org.apache.nifi.processors.standard.ControlRate - ControlRate[id=3ebd9ee5-9dcf-418a-9e48-9d80743d83f4] transferring FlowFile[1402,100306591551589.mockFlowFile,14B] to 'success'
[pool-146-thread-1] INFO org.apache.nifi.processors.standard.ControlRate - ControlRate[id=3ebd9ee5-9dcf-418a-9e48-9d80743d83f4] transferring FlowFile[1403,100306591559954.mockFlowFile,14B] to 'success'
[pool-146-thread-1] INFO org.apache.nifi.processors.standard.ControlRate - ControlRate[id=3ebd9ee5-9dcf-418a-9e48-9d80743d83f4] transferring FlowFile[1404,100306591568654.mockFlowFile,14B] to 'success'
[pool-146-thread-1] INFO org.apache.nifi.processors.standard.ControlRate - ControlRate[id=3ebd9ee5-9dcf-418a-9e48-9d80743d83f4] transferring FlowFile[1405,100306591577465.mockFlowFile,14B] to 'success'
[pool-146-thread-1] INFO org.apache.nifi.processors.standard.ControlRate - ControlRate[id=3ebd9ee5-9dcf-418a-9e48-9d80743d83f4] transferring FlowFile[1406,100306591585664.mockFlowFile,14B] to 'success'
[pool-146-thread-1] INFO org.apache.nifi.processors.standard.ControlRate - ControlRate[id=3ebd9ee5-9dcf-418a-9e48-9d80743d83f4] transferring FlowFile[1407,100306591598316.mockFlowFile,14B] to 'success'
[pool-146-thread-1] INFO org.apache.nifi.processors.standard.ControlRate - ControlRate[id=3ebd9ee5-9dcf-418a-9e48-9d80743d83f4] transferring FlowFile[1408,100306591607062.mockFlowFile,14B] to 'success'
[pool-146-thread-1] INFO org.apache.nifi.processors.standard.ControlRate - ControlRate[id=3ebd9ee5-9dcf-418a-9e48-9d80743d83f4] transferring FlowFile[1409,100306591615969.mockFlowFile,14B] to 'success'
[pool-146-thread-1] INFO org.apache.nifi.processors.standard.ControlRate - ControlRate[id=3ebd9ee5-9dcf-418a-9e48-9d80743d83f4] transferring FlowFile[1410,100306591624818.mockFlowFile,14B] to 'success'
[pool-146-thread-1] INFO org.apache.nifi.processors.standard.ControlRate - ControlRate[id=3ebd9ee5-9dcf-418a-9e48-9d80743d83f4] transferring FlowFile[1411,100306591632998.mockFlowFile,14B] to 'success'
[pool-146-thread-1] INFO org.apache.nifi.processors.standard.ControlRate - ControlRate[id=3ebd9ee5-9dcf-418a-9e48-9d80743d83f4] transferring FlowFile[1412,100306591641484.mockFlowFile,14B] to 'success'
[pool-146-thread-1] INFO org.apache.nifi.processors.standard.ControlRate - ControlRate[id=3ebd9ee5-9dcf-418a-9e48-9d80743d83f4] transferring FlowFile[1413,100306591649507.mockFlowFile,14B] to 'success'
[pool-146-thread-1] INFO org.apache.nifi.processors.standard.ControlRate - ControlRate[id=3ebd9ee5-9dcf-418a-9e48-9d80743d83f4] transferring FlowFile[1414,100306591658138.mockFlowFile,14B] to 'success'
[pool-146-thread-1] INFO org.apache.nifi.processors.standard.ControlRate - ControlRate[id=3ebd9ee5-9dcf-418a-9e48-9d80743d83f4] transferring FlowFile[1415,100306591670827.mockFlowFile,14B] to 'success'
[pool-146-thread-1] INFO org.apache.nifi.processors.standard.ControlRate - ControlRate[id=3ebd9ee5-9dcf-418a-9e48-9d80743d83f4] transferring FlowFile[1416,100306591679224.mockFlowFile,14B] to 'success'
[pool-146-thread-1] INFO org.apache.nifi.processors.standard.ControlRate - ControlRate[id=3ebd9ee5-9dcf-418a-9e48-9d80743d83f4] transferring FlowFile[1417,100306591688101.mockFlowFile,14B] to 'success'
[pool-146-thread-1] INFO org.apache.nifi.processors.standard.ControlRate - ControlRate[id=3ebd9ee5-9dcf-418a-9e48-9d80743d83f4] transferring FlowFile[1418,100306591696027.mockFlowFile,14B] to 'success'
[pool-146-thread-1] INFO org.apache.nifi.processors.standard.ControlRate - ControlRate[id=3ebd9ee5-9dcf-418a-9e48-9d80743d83f4] transferring FlowFile[1419,100306591705441.mockFlowFile,14B] to 'success'
[pool-146-thread-1] INFO org.apache.nifi.processors.standard.ControlRate - ControlRate[id=3ebd9ee5-9dcf-418a-9e48-9d80743d83f4] transferring FlowFile[1420,100306591713885.mockFlowFile,14B] to 'success'
[pool-146-thread-1] INFO org.apache.nifi.processors.standard.ControlRate - ControlRate[id=3ebd9ee5-9dcf-418a-9e48-9d80743d83f4] transferring FlowFile[1421,100306591722115.mockFlowFile,14B] to 'success'
[pool-146-thread-1] INFO org.apache.nifi.processors.standard.ControlRate - ControlRate[id=3ebd9ee5-9dcf-418a-9e48-9d80743d83f4] transferring FlowFile[1422,100306591730670.mockFlowFile,14B] to 'success'
[pool-146-thread-1] INFO org.apache.nifi.processors.standard.ControlRate - ControlRate[id=3ebd9ee5-9dcf-418a-9e48-9d80743d83f4] transferring FlowFile[1423,100306591743377.mockFlowFile,14B] to 'success'
[pool-146-thread-1] INFO org.apache.nifi.processors.standard.ControlRate - ControlRate[id=3ebd9ee5-9dcf-418a-9e48-9d80743d83f4] transferring FlowFile[1424,100306591753082.mockFlowFile,14B] to 'success'
[pool-146-thread-1] INFO org.apache.nifi.processors.standard.ControlRate - ControlRate[id=3ebd9ee5-9dcf-418a-9e48-9d80743d83f4] transferring FlowFile[1425,100306591761599.mockFlowFile,14B] to 'success'
[pool-146-thread-1] INFO org.apache.nifi.processors.standard.ControlRate - ControlRate[id=3ebd9ee5-9dcf-418a-9e48-9d80743d83f4] transferring FlowFile[1426,100306591769817.mockFlowFile,14B] to 'success'
[pool-146-thread-1] INFO org.apache.nifi.processors.standard.ControlRate - ControlRate[id=3ebd9ee5-9dcf-418a-9e48-9d80743d83f4] transferring FlowFile[1427,100306591778405.mockFlowFile,14B] to 'success'
[pool-146-thread-1] INFO org.apache.nifi.processors.standard.ControlRate - ControlRate[id=3ebd9ee5-9dcf-418a-9e48-9d80743d83f4] transferring FlowFile[1428,100306591786481.mockFlowFile,14B] to 'success'
[pool-146-thread-1] INFO org.apache.nifi.processors.standard.ControlRate - ControlRate[id=3ebd9ee5-9dcf-418a-9e48-9d80743d83f4] transferring FlowFile[1429,100306591795033.mockFlowFile,14B] to 'success'
[pool-146-thread-1] INFO org.apache.nifi.processors.standard.ControlRate - ControlRate[id=3ebd9ee5-9dcf-418a-9e48-9d80743d83f4] transferring FlowFile[1430,100306591807164.mockFlowFile,14B] to 'success'
[pool-146-thread-1] INFO org.apache.nifi.processors.standard.ControlRate - ControlRate[id=3ebd9ee5-9dcf-418a-9e48-9d80743d83f4] transferring FlowFile[1431,100306591819967.mockFlowFile,14B] to 'success'
[pool-146-thread-1] INFO org.apache.nifi.processors.standard.ControlRate - ControlRate[id=3ebd9ee5-9dcf-418a-9e48-9d80743d83f4] transferring FlowFile[1432,100306591830556.mockFlowFile,14B] to 'success'
[pool-146-thread-1] INFO org.apache.nifi.processors.standard.ControlRate - ControlRate[id=3ebd9ee5-9dcf-418a-9e48-9d80743d83f4] transferring FlowFile[1433,100306591839087.mockFlowFile,14B] to 'success'
[pool-146-thread-1] INFO org.apache.nifi.processors.standard.ControlRate - ControlRate[id=3ebd9ee5-9dcf-418a-9e48-9d80743d83f4] transferring FlowFile[1434,100306591847900.mockFlowFile,14B] to 'success'
[pool-146-thread-1] INFO org.apache.nifi.processors.standard.ControlRate - ControlRate[id=3ebd9ee5-9dcf-418a-9e48-9d80743d83f4] transferring FlowFile[1435,100306591856377.mockFlowFile,14B] to 'success'
[pool-146-thread-1] INFO org.apache.nifi.processors.standard.ControlRate - ControlRate[id=3ebd9ee5-9dcf-418a-9e48-9d80743d83f4] transferring FlowFile[1436,100306591864773.mockFlowFile,14B] to 'success'
[pool-146-thread-1] INFO org.apache.nifi.processors.standard.ControlRate - ControlRate[id=3ebd9ee5-9dcf-418a-9e48-9d80743d83f4] transferring FlowFile[1437,100306591873929.mockFlowFile,14B] to 'success'
[pool-146-thread-1] INFO org.apache.nifi.processors.standard.ControlRate - ControlRate[id=3ebd9ee5-9dcf-418a-9e48-9d80743d83f4] transferring FlowFile[1438,100306591881909.mockFlowFile,14B] to 'success'
[pool-146-thread-1] INFO org.apache.nifi.processors.standard.ControlRate - ControlRate[id=3ebd9ee5-9dcf-418a-9e48-9d80743d83f4] transferring FlowFile[1439,100306591896429.mockFlowFile,14B] to 'success'
[pool-146-thread-1] INFO org.apache.nifi.processors.standard.ControlRate - ControlRate[id=3ebd9ee5-9dcf-418a-9e48-9d80743d83f4] transferring FlowFile[1440,100306591905730.mockFlowFile,14B] to 'success'
[pool-146-thread-1] INFO org.apache.nifi.processors.standard.ControlRate - ControlRate[id=3ebd9ee5-9dcf-418a-9e48-9d80743d83f4] transferring FlowFile[1441,100306591914038.mockFlowFile,14B] to 'success'
[pool-146-thread-1] INFO org.apache.nifi.processors.standard.ControlRate - ControlRate[id=3ebd9ee5-9dcf-418a-9e48-9d80743d83f4] transferring FlowFile[1442,100306591922804.mockFlowFile,14B] to 'success'
[pool-146-thread-1] INFO org.apache.nifi.processors.standard.ControlRate - ControlRate[id=3ebd9ee5-9dcf-418a-9e48-9d80743d83f4] transferring FlowFile[1443,100306591930960.mockFlowFile,14B] to 'success'
[pool-146-thread-1] INFO org.apache.nifi.processors.standard.ControlRate - ControlRate[id=3ebd9ee5-9dcf-418a-9e48-9d80743d83f4] transferring FlowFile[1444,100306591940033.mockFlowFile,14B] to 'success'
[pool-146-thread-1] INFO org.apache.nifi.processors.standard.ControlRate - ControlRate[id=3ebd9ee5-9dcf-418a-9e48-9d80743d83f4] transferring FlowFile[1445,100306591948700.mockFlowFile,14B] to 'success'
[pool-146-thread-1] INFO org.apache.nifi.processors.standard.ControlRate - ControlRate[id=3ebd9ee5-9dcf-418a-9e48-9d80743d83f4] transferring FlowFile[1446,100306591956750.mockFlowFile,14B] to 'success'
[pool-146-thread-1] INFO org.apache.nifi.processors.standard.ControlRate - ControlRate[id=3ebd9ee5-9dcf-418a-9e48-9d80743d83f4] transferring FlowFile[1447,100306591969353.mockFlowFile,14B] to 'success'
[pool-146-thread-1] INFO org.apache.nifi.processors.standard.ControlRate - ControlRate[id=3ebd9ee5-9dcf-418a-9e48-9d80743d83f4] transferring FlowFile[1448,100306591978355.mockFlowFile,14B] to 'success'
[pool-146-thread-1] INFO org.apache.nifi.processors.standard.ControlRate - ControlRate[id=3ebd9ee5-9dcf-418a-9e48-9d80743d83f4] transferring FlowFile[1449,100306591987352.mockFlowFile,14B] to 'success'
[pool-146-thread-1] INFO org.apache.nifi.processors.standard.ControlRate - ControlRate[id=3ebd9ee5-9dcf-418a-9e48-9d80743d83f4] transferring FlowFile[1450,100306591996098.mockFlowFile,14B] to 'success'
[pool-146-thread-1] INFO org.apache.nifi.processors.standard.ControlRate - ControlRate[id=3ebd9ee5-9dcf-418a-9e48-9d80743d83f4] transferring FlowFile[1451,100306592017454.mockFlowFile,14B] to 'success'
[pool-146-thread-1] INFO org.apache.nifi.processors.standard.ControlRate - ControlRate[id=3ebd9ee5-9dcf-418a-9e48-9d80743d83f4] transferring FlowFile[1452,100306592026747.mockFlowFile,14B] to 'success'
[pool-146-thread-1] INFO org.apache.nifi.processors.standard.ControlRate - ControlRate[id=3ebd9ee5-9dcf-418a-9e48-9d80743d83f4] transferring FlowFile[1453,100306592035454.mockFlowFile,14B] to 'success'
[pool-146-thread-1] INFO org.apache.nifi.processors.standard.ControlRate - ControlRate[id=3ebd9ee5-9dcf-418a-9e48-9d80743d83f4] transferring FlowFile[1454,100306592044735.mockFlowFile,14B] to 'success'
[pool-146-thread-1] INFO org.apache.nifi.processors.standard.ControlRate - ControlRate[id=3ebd9ee5-9dcf-418a-9e48-9d80743d83f4] transferring FlowFile[1455,100306592057521.mockFlowFile,14B] to 'success'
[pool-146-thread-1] INFO org.apache.nifi.processors.standard.ControlRate - ControlRate[id=3ebd9ee5-9dcf-418a-9e48-9d80743d83f4] transferring FlowFile[1456,100306592066305.mockFlowFile,14B] to 'success'
[pool-146-thread-1] INFO org.apache.nifi.processors.standard.ControlRate - ControlRate[id=3ebd9ee5-9dcf-418a-9e48-9d80743d83f4] transferring FlowFile[1457,100306592075035.mockFlowFile,14B] to 'success'
[pool-146-thread-1] INFO org.apache.nifi.processors.standard.ControlRate - ControlRate[id=3ebd9ee5-9dcf-418a-9e48-9d80743d83f4] transferring FlowFile[1458,100306592083051.mockFlowFile,14B] to 'success'
[pool-146-thread-1] INFO org.apache.nifi.processors.standard.ControlRate - ControlRate[id=3ebd9ee5-9dcf-418a-9e48-9d80743d83f4] transferring FlowFile[1459,100306592091884.mockFlowFile,14B] to 'success'
[pool-146-thread-1] INFO org.apache.nifi.processors.standard.ControlRate - ControlRate[id=3ebd9ee5-9dcf-418a-9e48-9d80743d83f4] transferring FlowFile[1460,100306592100435.mockFlowFile,14B] to 'success'
[pool-146-thread-1] INFO org.apache.nifi.processors.standard.ControlRate - ControlRate[id=3ebd9ee5-9dcf-418a-9e48-9d80743d83f4] transferring FlowFile[1461,100306592117027.mockFlowFile,14B] to 'success'
[pool-146-thread-1] INFO org.apache.nifi.processors.standard.ControlRate - ControlRate[id=3ebd9ee5-9dcf-418a-9e48-9d80743d83f4] transferring FlowFile[1462,100306592127255.mockFlowFile,14B] to 'success'
[pool-146-thread-1] INFO org.apache.nifi.processors.standard.ControlRate - ControlRate[id=3ebd9ee5-9dcf-418a-9e48-9d80743d83f4] transferring FlowFile[1463,100306592140752.mockFlowFile,14B] to 'success'
[pool-146-thread-1] INFO org.apache.nifi.processors.standard.ControlRate - ControlRate[id=3ebd9ee5-9dcf-418a-9e48-9d80743d83f4] transferring FlowFile[1464,100306592149958.mockFlowFile,14B] to 'success'
[pool-146-thread-1] INFO org.apache.nifi.processors.standard.ControlRate - ControlRate[id=3ebd9ee5-9dcf-418a-9e48-9d80743d83f4] transferring FlowFile[1465,100306592158884.mockFlowFile,14B] to 'success'
[pool-146-thread-1] INFO org.apache.nifi.processors.standard.ControlRate - ControlRate[id=3ebd9ee5-9dcf-418a-9e48-9d80743d83f4] transferring FlowFile[1466,100306592167229.mockFlowFile,14B] to 'success'
[pool-146-thread-1] INFO org.apache.nifi.processors.standard.ControlRate - ControlRate[id=3ebd9ee5-9dcf-418a-9e48-9d80743d83f4] transferring FlowFile[1467,100306592176383.mockFlowFile,14B] to 'success'
[pool-146-thread-1] INFO org.apache.nifi.processors.standard.ControlRate - ControlRate[id=3ebd9ee5-9dcf-418a-9e48-9d80743d83f4] transferring FlowFile[1468,100306592184566.mockFlowFile,14B] to 'success'
[pool-146-thread-1] INFO org.apache.nifi.processors.standard.ControlRate - ControlRate[id=3ebd9ee5-9dcf-418a-9e48-9d80743d83f4] transferring FlowFile[1469,100306592193188.mockFlowFile,14B] to 'success'
[pool-146-thread-1] INFO org.apache.nifi.processors.standard.ControlRate - ControlRate[id=3ebd9ee5-9dcf-418a-9e48-9d80743d83f4] transferring FlowFile[1470,100306592202118.mockFlowFile,14B] to 'success'
[pool-146-thread-1] INFO org.apache.nifi.processors.standard.ControlRate - ControlRate[id=3ebd9ee5-9dcf-418a-9e48-9d80743d83f4] transferring FlowFile[1471,100306592215480.mockFlowFile,14B] to 'success'
[pool-146-thread-1] INFO org.apache.nifi.processors.standard.ControlRate - ControlRate[id=3ebd9ee5-9dcf-418a-9e48-9d80743d83f4] transferring FlowFile[1472,100306592224769.mockFlowFile,14B] to 'success'
[pool-146-thread-1] INFO org.apache.nifi.processors.standard.ControlRate - ControlRate[id=3ebd9ee5-9dcf-418a-9e48-9d80743d83f4] transferring FlowFile[1473,100306592232909.mockFlowFile,14B] to 'success'
[pool-146-thread-1] INFO org.apache.nifi.processors.standard.ControlRate - ControlRate[id=3ebd9ee5-9dcf-418a-9e48-9d80743d83f4] transferring FlowFile[1474,100306592243772.mockFlowFile,14B] to 'success'
[pool-146-thread-1] INFO org.apache.nifi.processors.standard.ControlRate - ControlRate[id=3ebd9ee5-9dcf-418a-9e48-9d80743d83f4] transferring FlowFile[1475,100306592254365.mockFlowFile,14B] to 'success'
[pool-146-thread-1] INFO org.apache.nifi.processors.standard.ControlRate - ControlRate[id=3ebd9ee5-9dcf-418a-9e48-9d80743d83f4] transferring FlowFile[1476,100306592262611.mockFlowFile,14B] to 'success'
[pool-146-thread-1] INFO org.apache.nifi.processors.standard.ControlRate - ControlRate[id=3ebd9ee5-9dcf-418a-9e48-9d80743d83f4] transferring FlowFile[1477,100306592271772.mockFlowFile,14B] to 'success'
[pool-146-thread-1] INFO org.apache.nifi.processors.standard.ControlRate - ControlRate[id=3ebd9ee5-9dcf-418a-9e48-9d80743d83f4] transferring FlowFile[1478,100306592279862.mockFlowFile,14B] to 'success'
[pool-146-thread-1] INFO org.apache.nifi.processors.standard.ControlRate - ControlRate[id=3ebd9ee5-9dcf-418a-9e48-9d80743d83f4] transferring FlowFile[1479,100306592292624.mockFlowFile,14B] to 'success'
[pool-146-thread-1] INFO org.apache.nifi.processors.standard.ControlRate - ControlRate[id=3ebd9ee5-9dcf-418a-9e48-9d80743d83f4] transferring FlowFile[1480,100306592302224.mockFlowFile,14B] to 'success'
[pool-146-thread-1] INFO org.apache.nifi.processors.standard.ControlRate - ControlRate[id=3ebd9ee5-9dcf-418a-9e48-9d80743d83f4] transferring FlowFile[1481,100306592310650.mockFlowFile,14B] to 'success'
[pool-146-thread-1] INFO org.apache.nifi.processors.standard.ControlRate - ControlRate[id=3ebd9ee5-9dcf-418a-9e48-9d80743d83f4] transferring FlowFile[1482,100306592319949.mockFlowFile,14B] to 'success'
[pool-146-thread-1] INFO org.apache.nifi.processors.standard.ControlRate - ControlRate[id=3ebd9ee5-9dcf-418a-9e48-9d80743d83f4] transferring FlowFile[1483,100306592328359.mockFlowFile,14B] to 'success'
[pool-146-thread-1] INFO org.apache.nifi.processors.standard.ControlRate - ControlRate[id=3ebd9ee5-9dcf-418a-9e48-9d80743d83f4] transferring FlowFile[1484,100306592336927.mockFlowFile,14B] to 'success'
[pool-146-thread-1] INFO org.apache.nifi.processors.standard.ControlRate - ControlRate[id=3ebd9ee5-9dcf-418a-9e48-9d80743d83f4] transferring FlowFile[1485,100306592345491.mockFlowFile,14B] to 'success'
[pool-146-thread-1] INFO org.apache.nifi.processors.standard.ControlRate - ControlRate[id=3ebd9ee5-9dcf-418a-9e48-9d80743d83f4] transferring FlowFile[1486,100306592353759.mockFlowFile,14B] to 'success'
[pool-146-thread-1] INFO org.apache.nifi.processors.standard.ControlRate - ControlRate[id=3ebd9ee5-9dcf-418a-9e48-9d80743d83f4] transferring FlowFile[1487,100306592367026.mockFlowFile,14B] to 'success'
[pool-146-thread-1] INFO org.apache.nifi.processors.standard.ControlRate - ControlRate[id=3ebd9ee5-9dcf-418a-9e48-9d80743d83f4] transferring FlowFile[1488,100306592375517.mockFlowFile,14B] to 'success'
[pool-146-thread-1] INFO org.apache.nifi.processors.standard.ControlRate - ControlRate[id=3ebd9ee5-9dcf-418a-9e48-9d80743d83f4] transferring FlowFile[1489,100306592384531.mockFlowFile,14B] to 'success'
[pool-146-thread-1] INFO org.apache.nifi.processors.standard.ControlRate - ControlRate[id=3ebd9ee5-9dcf-418a-9e48-9d80743d83f4] transferring FlowFile[1490,100306592393145.mockFlowFile,14B] to 'success'
[pool-146-thread-1] INFO org.apache.nifi.processors.standard.ControlRate - ControlRate[id=3ebd9ee5-9dcf-418a-9e48-9d80743d83f4] transferring FlowFile[1491,100306592401637.mockFlowFile,14B] to 'success'
[pool-146-thread-1] INFO org.apache.nifi.processors.standard.ControlRate - ControlRate[id=3ebd9ee5-9dcf-418a-9e48-9d80743d83f4] transferring FlowFile[1492,100306592410241.mockFlowFile,14B] to 'success'
[pool-146-thread-1] INFO org.apache.nifi.processors.standard.ControlRate - ControlRate[id=3ebd9ee5-9dcf-418a-9e48-9d80743d83f4] transferring FlowFile[1493,100306592418768.mockFlowFile,14B] to 'success'
[pool-146-thread-1] INFO org.apache.nifi.processors.standard.ControlRate - ControlRate[id=3ebd9ee5-9dcf-418a-9e48-9d80743d83f4] transferring FlowFile[1494,100306592427497.mockFlowFile,14B] to 'success'
[pool-146-thread-1] INFO org.apache.nifi.processors.standard.ControlRate - ControlRate[id=3ebd9ee5-9dcf-418a-9e48-9d80743d83f4] transferring FlowFile[1495,100306592440367.mockFlowFile,14B] to 'success'
[pool-146-thread-1] INFO org.apache.nifi.processors.standard.ControlRate - ControlRate[id=3ebd9ee5-9dcf-418a-9e48-9d80743d83f4] transferring FlowFile[1496,100306592448836.mockFlowFile,14B] to 'success'
[pool-146-thread-1] INFO org.apache.nifi.processors.standard.ControlRate - ControlRate[id=3ebd9ee5-9dcf-418a-9e48-9d80743d83f4] transferring FlowFile[1497,100306592457541.mockFlowFile,14B] to 'success'
[pool-146-thread-1] INFO org.apache.nifi.processors.standard.ControlRate - ControlRate[id=3ebd9ee5-9dcf-418a-9e48-9d80743d83f4] transferring FlowFile[1498,100306592467296.mockFlowFile,14B] to 'success'
[pool-146-thread-1] INFO org.apache.nifi.processors.standard.ControlRate - ControlRate[id=3ebd9ee5-9dcf-418a-9e48-9d80743d83f4] transferring FlowFile[1499,100306592476496.mockFlowFile,14B] to 'success'
]]></system-err>
  </testcase>
  <testcase name="testViaAttribute" classname="org.apache.nifi.processors.standard.TestControlRate" time="1.805">
    <system-err><![CDATA[[pool-147-thread-1] INFO org.apache.nifi.processors.standard.ControlRate - ControlRate[id=4bf04898-5c17-42d9-9888-5c07ece9e052] transferring FlowFile[0,100306642049856.mockFlowFile,0B] to 'success'
[pool-147-thread-1] INFO org.apache.nifi.processors.standard.ControlRate - ControlRate[id=4bf04898-5c17-42d9-9888-5c07ece9e052] transferring FlowFile[1,100306642124323.mockFlowFile,0B] to 'success'
[pool-147-thread-1] INFO org.apache.nifi.processors.standard.ControlRate - ControlRate[id=4bf04898-5c17-42d9-9888-5c07ece9e052] transferring FlowFile[2,100306642153786.mockFlowFile,0B] to 'success'
[pool-147-thread-1] INFO org.apache.nifi.processors.standard.ControlRate - ControlRate[id=4bf04898-5c17-42d9-9888-5c07ece9e052] transferring FlowFile[3,100306642166875.mockFlowFile,0B] to 'success'
[pool-150-thread-1] INFO org.apache.nifi.processors.standard.ControlRate - ControlRate[id=4bf04898-5c17-42d9-9888-5c07ece9e052] transferring FlowFile[4,100306642178354.mockFlowFile,0B] to 'success'
]]></system-err>
  </testcase>
  <testcase name="testNonExistingGroupAttribute" classname="org.apache.nifi.processors.standard.TestControlRate" time="0.001">
    <system-err><![CDATA[[pool-151-thread-1] INFO org.apache.nifi.processors.standard.ControlRate - ControlRate[id=f9b547e1-7d3b-4c27-89f0-7b98a25410d4] transferring FlowFile[0,100308447345667.mockFlowFile,0B] to 'success'
[pool-151-thread-1] INFO org.apache.nifi.processors.standard.ControlRate - ControlRate[id=f9b547e1-7d3b-4c27-89f0-7b98a25410d4] transferring FlowFile[1,100308447360958.mockFlowFile,0B] to 'success'
[pool-151-thread-1] INFO org.apache.nifi.processors.standard.ControlRate - ControlRate[id=f9b547e1-7d3b-4c27-89f0-7b98a25410d4] transferring FlowFile[2,100308447366812.mockFlowFile,0B] to 'success'
[pool-151-thread-1] INFO org.apache.nifi.processors.standard.ControlRate - ControlRate[id=f9b547e1-7d3b-4c27-89f0-7b98a25410d4] transferring FlowFile[3,100308447372079.mockFlowFile,0B] to 'success'
]]></system-err>
  </testcase>
  <testcase name="testLimitExceededThenOtherLimitNotExceeded" classname="org.apache.nifi.processors.standard.TestControlRate" time="0.005">
    <system-err><![CDATA[[pool-152-thread-1] INFO org.apache.nifi.processors.standard.ControlRate - ControlRate[id=336819be-6c65-4217-807b-f0e450bc1a8c] transferring FlowFile[0,100308448502292.mockFlowFile,9B] to 'success'
[pool-152-thread-1] INFO org.apache.nifi.processors.standard.ControlRate - ControlRate[id=336819be-6c65-4217-807b-f0e450bc1a8c] transferring FlowFile[1,100308448530415.mockFlowFile,9B] to 'success'
[pool-152-thread-1] INFO org.apache.nifi.processors.standard.ControlRate - ControlRate[id=336819be-6c65-4217-807b-f0e450bc1a8c] transferring FlowFile[2,100308448543480.mockFlowFile,9B] to 'success'
[pool-152-thread-1] INFO org.apache.nifi.processors.standard.ControlRate - ControlRate[id=336819be-6c65-4217-807b-f0e450bc1a8c] transferring FlowFile[5,100308448560847.mockFlowFile,9B] to 'success'
]]></system-err>
  </testcase>
  <testcase name="testFileCountWithGrouping" classname="org.apache.nifi.processors.standard.TestControlRate" time="1.104">
    <system-err><![CDATA[[pool-153-thread-1] INFO org.apache.nifi.processors.standard.ControlRate - ControlRate[id=1dd402c1-8543-4c7c-976c-3cadf8b40ed2] transferring FlowFile[0,100308453993621.mockFlowFile,0B] to 'success'
[pool-153-thread-1] INFO org.apache.nifi.processors.standard.ControlRate - ControlRate[id=1dd402c1-8543-4c7c-976c-3cadf8b40ed2] transferring FlowFile[1,100308454021974.mockFlowFile,0B] to 'success'
[pool-153-thread-1] INFO org.apache.nifi.processors.standard.ControlRate - ControlRate[id=1dd402c1-8543-4c7c-976c-3cadf8b40ed2] transferring FlowFile[2,100308454031307.mockFlowFile,0B] to 'success'
[pool-153-thread-1] INFO org.apache.nifi.processors.standard.ControlRate - ControlRate[id=1dd402c1-8543-4c7c-976c-3cadf8b40ed2] transferring FlowFile[3,100308454049208.mockFlowFile,0B] to 'success'
[pool-155-thread-1] INFO org.apache.nifi.processors.standard.ControlRate - ControlRate[id=1dd402c1-8543-4c7c-976c-3cadf8b40ed2] transferring FlowFile[4,100308454058068.mockFlowFile,0B] to 'success'
[pool-155-thread-1] INFO org.apache.nifi.processors.standard.ControlRate - ControlRate[id=1dd402c1-8543-4c7c-976c-3cadf8b40ed2] transferring FlowFile[5,100308454066913.mockFlowFile,0B] to 'success'
]]></system-err>
  </testcase>
  <testcase name="testBadAttributeRate" classname="org.apache.nifi.processors.standard.TestControlRate" time="0.001">
    <system-err><![CDATA[[pool-156-thread-1] ERROR org.apache.nifi.processors.standard.ControlRate - ControlRate[id=7be3fd01-8c32-4f1e-841c-9c6ee3ea9328] Routing FlowFile[0,100309557638188.mockFlowFile,0B] to 'failure' due to missing or invalid attribute
]]></system-err>
  </testcase>
</testsuite>