<?xml version="1.0" encoding="UTF-8"?>
<testsuite xmlns:xsi="http://www.w3.org/2001/XMLSchema-instance" xsi:noNamespaceSchemaLocation="https://maven.apache.org/surefire/maven-surefire-plugin/xsd/surefire-test-report-3.0.xsd" version="3.0" name="org.apache.nifi.security.util.crypto.NiFiLegacyCipherProviderGroovyTest" time="0.167" tests="6" errors="0" skipped="1" failures="0">
  <properties>
    <property name="sun.desktop" value="gnome"/>
    <property name="awt.toolkit" value="sun.awt.X11.XToolkit"/>
    <property name="file.encoding.pkg" value="sun.io"/>
    <property name="java.specification.version" value="1.8"/>
    <property name="sun.cpu.isalist" value=""/>
    <property name="sun.jnu.encoding" value="UTF-8"/>
    <property name="java.class.path" value="/home/alex/Repositories/nifi/nifi-commons/nifi-security-utils/target/test-classes:/home/alex/Repositories/nifi/nifi-commons/nifi-security-utils/target/classes:/home/alex/Repositories/nifi/nifi-api/target/classes:/home/alex/Repositories/nifi/nifi-commons/nifi-utils/target/classes:/home/alex/Repositories/nifi/nifi-commons/nifi-security-utils-api/target/classes:/home/alex/Repositories/nifi/nifi-commons/nifi-security-kms/target/classes:/home/alex/.m2/repository/org/apache/commons/commons-lang3/3.12.0/commons-lang3-3.12.0.jar:/home/alex/.m2/repository/commons-codec/commons-codec/1.14/commons-codec-1.14.jar:/home/alex/.m2/repository/org/bouncycastle/bcprov-jdk15on/1.69/bcprov-jdk15on-1.69.jar:/home/alex/.m2/repository/org/bouncycastle/bcpkix-jdk15on/1.69/bcpkix-jdk15on-1.69.jar:/home/alex/.m2/repository/org/bouncycastle/bcutil-jdk15on/1.69/bcutil-jdk15on-1.69.jar:/home/alex/Repositories/nifi/nifi-commons/nifi-properties/target/classes:/home/alex/Repositories/nifi/nifi-commons/nifi-property-utils/target/classes:/home/alex/.m2/repository/at/favre/lib/bcrypt/0.9.0/bcrypt-0.9.0.jar:/home/alex/.m2/repository/at/favre/lib/bytes/1.3.0/bytes-1.3.0.jar:/home/alex/.m2/repository/org/apache/commons/commons-configuration2/2.7/commons-configuration2-2.7.jar:/home/alex/.m2/repository/org/apache/commons/commons-text/1.8/commons-text-1.8.jar:/home/alex/.m2/repository/org/slf4j/jcl-over-slf4j/1.7.32/jcl-over-slf4j-1.7.32.jar:/home/alex/.m2/repository/org/slf4j/slf4j-api/1.7.32/slf4j-api-1.7.32.jar:/home/alex/.m2/repository/org/junit/jupiter/junit-jupiter-api/5.7.2/junit-jupiter-api-5.7.2.jar:/home/alex/.m2/repository/org/apiguardian/apiguardian-api/1.1.0/apiguardian-api-1.1.0.jar:/home/alex/.m2/repository/org/opentest4j/opentest4j/1.2.0/opentest4j-1.2.0.jar:/home/alex/.m2/repository/org/junit/platform/junit-platform-commons/1.7.2/junit-platform-commons-1.7.2.jar:/home/alex/.m2/repository/org/junit/jupiter/junit-jupiter-engine/5.7.2/junit-jupiter-engine-5.7.2.jar:/home/alex/.m2/repository/org/junit/platform/junit-platform-engine/1.7.2/junit-platform-engine-1.7.2.jar:/home/alex/.m2/repository/org/junit/vintage/junit-vintage-engine/5.7.2/junit-vintage-engine-5.7.2.jar:/home/alex/.m2/repository/junit/junit/4.13.2/junit-4.13.2.jar:/home/alex/.m2/repository/org/hamcrest/hamcrest-core/1.3/hamcrest-core-1.3.jar:/home/alex/.m2/repository/org/junit/jupiter/junit-jupiter-params/5.7.2/junit-jupiter-params-5.7.2.jar:/home/alex/.m2/repository/org/mockito/mockito-core/3.11.2/mockito-core-3.11.2.jar:/home/alex/.m2/repository/net/bytebuddy/byte-buddy/1.11.3/byte-buddy-1.11.3.jar:/home/alex/.m2/repository/net/bytebuddy/byte-buddy-agent/1.11.3/byte-buddy-agent-1.11.3.jar:/home/alex/.m2/repository/org/objenesis/objenesis/3.2/objenesis-3.2.jar:/home/alex/.m2/repository/org/mockito/mockito-junit-jupiter/3.11.2/mockito-junit-jupiter-3.11.2.jar:/home/alex/.m2/repository/org/slf4j/slf4j-simple/1.7.32/slf4j-simple-1.7.32.jar:/home/alex/.m2/repository/org/codehaus/groovy/groovy-test/2.5.14/groovy-test-2.5.14.jar:/home/alex/.m2/repository/org/codehaus/groovy/groovy/2.5.14/groovy-2.5.14.jar:"/>
    <property name="java.vm.vendor" value="Private Build"/>
    <property name="sun.arch.data.model" value="64"/>
    <property name="java.vendor.url" value="http://java.oracle.com/"/>
    <property name="user.timezone" value=""/>
    <property name="java.vm.specification.version" value="1.8"/>
    <property name="os.name" value="Linux"/>
    <property name="user.country" value="US"/>
    <property name="sun.java.launcher" value="SUN_STANDARD"/>
    <property name="sun.boot.library.path" value="/usr/lib/jvm/java-8-openjdk-amd64/jre/lib/amd64"/>
    <property name="sun.java.command" value="/home/alex/Repositories/nifi/nifi-commons/nifi-security-utils/target/surefire/surefirebooter8282657183802230464.jar /home/alex/Repositories/nifi/nifi-commons/nifi-security-utils/target/surefire 2024-05-02T04-10-31_566-jvmRun1 surefire2575846242273570839tmp surefire_64322154079322125000tmp"/>
    <property name="surefire.test.class.path" value="/home/alex/Repositories/nifi/nifi-commons/nifi-security-utils/target/test-classes:/home/alex/Repositories/nifi/nifi-commons/nifi-security-utils/target/classes:/home/alex/Repositories/nifi/nifi-api/target/classes:/home/alex/Repositories/nifi/nifi-commons/nifi-utils/target/classes:/home/alex/Repositories/nifi/nifi-commons/nifi-security-utils-api/target/classes:/home/alex/Repositories/nifi/nifi-commons/nifi-security-kms/target/classes:/home/alex/.m2/repository/org/apache/commons/commons-lang3/3.12.0/commons-lang3-3.12.0.jar:/home/alex/.m2/repository/commons-codec/commons-codec/1.14/commons-codec-1.14.jar:/home/alex/.m2/repository/org/bouncycastle/bcprov-jdk15on/1.69/bcprov-jdk15on-1.69.jar:/home/alex/.m2/repository/org/bouncycastle/bcpkix-jdk15on/1.69/bcpkix-jdk15on-1.69.jar:/home/alex/.m2/repository/org/bouncycastle/bcutil-jdk15on/1.69/bcutil-jdk15on-1.69.jar:/home/alex/Repositories/nifi/nifi-commons/nifi-properties/target/classes:/home/alex/Repositories/nifi/nifi-commons/nifi-property-utils/target/classes:/home/alex/.m2/repository/at/favre/lib/bcrypt/0.9.0/bcrypt-0.9.0.jar:/home/alex/.m2/repository/at/favre/lib/bytes/1.3.0/bytes-1.3.0.jar:/home/alex/.m2/repository/org/apache/commons/commons-configuration2/2.7/commons-configuration2-2.7.jar:/home/alex/.m2/repository/org/apache/commons/commons-text/1.8/commons-text-1.8.jar:/home/alex/.m2/repository/org/slf4j/jcl-over-slf4j/1.7.32/jcl-over-slf4j-1.7.32.jar:/home/alex/.m2/repository/org/slf4j/slf4j-api/1.7.32/slf4j-api-1.7.32.jar:/home/alex/.m2/repository/org/junit/jupiter/junit-jupiter-api/5.7.2/junit-jupiter-api-5.7.2.jar:/home/alex/.m2/repository/org/apiguardian/apiguardian-api/1.1.0/apiguardian-api-1.1.0.jar:/home/alex/.m2/repository/org/opentest4j/opentest4j/1.2.0/opentest4j-1.2.0.jar:/home/alex/.m2/repository/org/junit/platform/junit-platform-commons/1.7.2/junit-platform-commons-1.7.2.jar:/home/alex/.m2/repository/org/junit/jupiter/junit-jupiter-engine/5.7.2/junit-jupiter-engine-5.7.2.jar:/home/alex/.m2/repository/org/junit/platform/junit-platform-engine/1.7.2/junit-platform-engine-1.7.2.jar:/home/alex/.m2/repository/org/junit/vintage/junit-vintage-engine/5.7.2/junit-vintage-engine-5.7.2.jar:/home/alex/.m2/repository/junit/junit/4.13.2/junit-4.13.2.jar:/home/alex/.m2/repository/org/hamcrest/hamcrest-core/1.3/hamcrest-core-1.3.jar:/home/alex/.m2/repository/org/junit/jupiter/junit-jupiter-params/5.7.2/junit-jupiter-params-5.7.2.jar:/home/alex/.m2/repository/org/mockito/mockito-core/3.11.2/mockito-core-3.11.2.jar:/home/alex/.m2/repository/net/bytebuddy/byte-buddy/1.11.3/byte-buddy-1.11.3.jar:/home/alex/.m2/repository/net/bytebuddy/byte-buddy-agent/1.11.3/byte-buddy-agent-1.11.3.jar:/home/alex/.m2/repository/org/objenesis/objenesis/3.2/objenesis-3.2.jar:/home/alex/.m2/repository/org/mockito/mockito-junit-jupiter/3.11.2/mockito-junit-jupiter-3.11.2.jar:/home/alex/.m2/repository/org/slf4j/slf4j-simple/1.7.32/slf4j-simple-1.7.32.jar:/home/alex/.m2/repository/org/codehaus/groovy/groovy-test/2.5.14/groovy-test-2.5.14.jar:/home/alex/.m2/repository/org/codehaus/groovy/groovy/2.5.14/groovy-2.5.14.jar:"/>
    <property name="sun.cpu.endian" value="little"/>
    <property name="user.home" value="/home/alex"/>
    <property name="user.language" value="en"/>
    <property name="java.specification.vendor" value="Oracle Corporation"/>
    <property name="java.home" value="/usr/lib/jvm/java-8-openjdk-amd64/jre"/>
    <property name="basedir" value="/home/alex/Repositories/nifi/nifi-commons/nifi-security-utils"/>
    <property name="file.separator" value="/"/>
    <property name="line.separator" value="&#10;"/>
    <property name="java.vm.specification.vendor" value="Oracle Corporation"/>
    <property name="java.specification.name" value="Java Platform API Specification"/>
    <property name="java.awt.graphicsenv" value="sun.awt.X11GraphicsEnvironment"/>
    <property name="java.awt.headless" value="true"/>
    <property name="surefire.real.class.path" value="/home/alex/Repositories/nifi/nifi-commons/nifi-security-utils/target/surefire/surefirebooter8282657183802230464.jar"/>
    <property name="sun.boot.class.path" value="/usr/lib/jvm/java-8-openjdk-amd64/jre/lib/resources.jar:/usr/lib/jvm/java-8-openjdk-amd64/jre/lib/rt.jar:/usr/lib/jvm/java-8-openjdk-amd64/jre/lib/sunrsasign.jar:/usr/lib/jvm/java-8-openjdk-amd64/jre/lib/jsse.jar:/usr/lib/jvm/java-8-openjdk-amd64/jre/lib/jce.jar:/usr/lib/jvm/java-8-openjdk-amd64/jre/lib/charsets.jar:/usr/lib/jvm/java-8-openjdk-amd64/jre/lib/jfr.jar:/usr/lib/jvm/java-8-openjdk-amd64/jre/classes"/>
    <property name="sun.management.compiler" value="HotSpot 64-Bit Tiered Compilers"/>
    <property name="java.runtime.version" value="1.8.0_402-8u402-ga-2ubuntu1~22.04-b06"/>
    <property name="java.net.preferIPv4Stack" value="true"/>
    <property name="user.name" value="alex"/>
    <property name="path.separator" value=":"/>
    <property name="os.version" value="6.5.0-28-generic"/>
    <property name="java.endorsed.dirs" value="/usr/lib/jvm/java-8-openjdk-amd64/jre/lib/endorsed"/>
    <property name="java.runtime.name" value="OpenJDK Runtime Environment"/>
    <property name="file.encoding" value="UTF-8"/>
    <property name="java.vm.name" value="OpenJDK 64-Bit Server VM"/>
    <property name="localRepository" value="/home/alex/.m2/repository"/>
    <property name="java.vendor.url.bug" value="http://bugreport.sun.com/bugreport/"/>
    <property name="java.io.tmpdir" value="/tmp"/>
    <property name="java.version" value="1.8.0_402"/>
    <property name="user.dir" value="/home/alex/Repositories/nifi/nifi-commons/nifi-security-utils"/>
    <property name="os.arch" value="amd64"/>
    <property name="java.vm.specification.name" value="Java Virtual Machine Specification"/>
    <property name="java.awt.printerjob" value="sun.print.PSPrinterJob"/>
    <property name="sun.os.patch.level" value="unknown"/>
    <property name="java.library.path" value="/usr/java/packages/lib/amd64:/usr/lib/x86_64-linux-gnu/jni:/lib/x86_64-linux-gnu:/usr/lib/x86_64-linux-gnu:/usr/lib/jni:/lib:/usr/lib"/>
    <property name="java.vm.info" value="mixed mode"/>
    <property name="java.vendor" value="Private Build"/>
    <property name="java.vm.version" value="25.402-b06"/>
    <property name="java.specification.maintenance.version" value="5"/>
    <property name="java.ext.dirs" value="/usr/lib/jvm/java-8-openjdk-amd64/jre/lib/ext:/usr/java/packages/lib/ext"/>
    <property name="sun.io.unicode.encoding" value="UnicodeLittle"/>
    <property name="java.class.version" value="52.0"/>
  </properties>
  <testcase name="testGetCipherShouldSupportLegacyCode" classname="org.apache.nifi.security.util.crypto.NiFiLegacyCipherProviderGroovyTest" time="0.066">
    <system-err><![CDATA[[main] INFO org.apache.nifi.security.util.crypto.NiFiLegacyCipherProviderGroovyTest - Using algorithm: PBEWITHMD5AND128BITAES-CBC-OPENSSL
[main] INFO org.apache.nifi.security.util.crypto.NiFiLegacyCipherProviderGroovyTest - Generated salt 369d46fe4c9277d4678eab69bcdcbfd8 (16)
[main] INFO org.apache.nifi.security.util.crypto.NiFiLegacyCipherProviderGroovyTest - Cipher text: 862d7b63750e7fd3f0350dd72f0a10ffa25e7102b5a9fc93c9e063ba57e80927 32
[main] INFO org.apache.nifi.security.util.crypto.NiFiLegacyCipherProviderGroovyTest - Using algorithm: PBEWITHMD5ANDDES
[main] INFO org.apache.nifi.security.util.crypto.NiFiLegacyCipherProviderGroovyTest - Generated salt 7babaaba479fb3d4 (8)
[main] INFO org.apache.nifi.security.util.crypto.NiFiLegacyCipherProviderGroovyTest - Cipher text: 7fee6106665711f56610ca1684c4e5e40dc893b609cf5d098735f708a1a0ac74 32
[main] INFO org.apache.nifi.security.util.crypto.NiFiLegacyCipherProviderGroovyTest - Using algorithm: PBEWITHMD5ANDRC2
[main] INFO org.apache.nifi.security.util.crypto.NiFiLegacyCipherProviderGroovyTest - Generated salt 00700e7df59ed95c (8)
[main] INFO org.apache.nifi.security.util.crypto.NiFiLegacyCipherProviderGroovyTest - Cipher text: ed6f664b41068bdd85b52e363865236d65beb34dbb99cc7cd64b70aa934897fa 32
[main] INFO org.apache.nifi.security.util.crypto.NiFiLegacyCipherProviderGroovyTest - Using algorithm: PBEWITHSHA1ANDRC2
[main] INFO org.apache.nifi.security.util.crypto.NiFiLegacyCipherProviderGroovyTest - Generated salt d012c39c7d543a7f (8)
[main] INFO org.apache.nifi.security.util.crypto.NiFiLegacyCipherProviderGroovyTest - Cipher text: 2283ae31343821b140c5f1acd6c09be9c72580323a93bce34583174a54dfb668 32
[main] INFO org.apache.nifi.security.util.crypto.NiFiLegacyCipherProviderGroovyTest - Using algorithm: PBEWITHSHA1ANDDES
[main] INFO org.apache.nifi.security.util.crypto.NiFiLegacyCipherProviderGroovyTest - Generated salt c5e00b10cc206052 (8)
[main] INFO org.apache.nifi.security.util.crypto.NiFiLegacyCipherProviderGroovyTest - Cipher text: b22f8860dd7b84b85ae1ca5152d6c42b955b8e7dc3fdc8a1eaf1c34461bd5403 32
[main] INFO org.apache.nifi.security.util.crypto.NiFiLegacyCipherProviderGroovyTest - Using algorithm: PBEWITHSHAAND128BITAES-CBC-BC
[main] INFO org.apache.nifi.security.util.crypto.NiFiLegacyCipherProviderGroovyTest - Generated salt 974070a397d81f47505e2f9689bed279 (16)
[main] INFO org.apache.nifi.security.util.crypto.NiFiLegacyCipherProviderGroovyTest - Cipher text: ef90d9cecee370f44f27b7e6712f6e451ffdbafd337f79bd5c56dd840175100e 32
[main] INFO org.apache.nifi.security.util.crypto.NiFiLegacyCipherProviderGroovyTest - Using algorithm: PBEWITHSHAAND40BITRC2-CBC
[main] INFO org.apache.nifi.security.util.crypto.NiFiLegacyCipherProviderGroovyTest - Generated salt 5a0a800b127587ef (8)
[main] INFO org.apache.nifi.security.util.crypto.NiFiLegacyCipherProviderGroovyTest - Cipher text: 03640b0ce667b38a89de7bbce8c85199e03f1fc7d6ed1aec4565ef4d32679e36 32
[main] INFO org.apache.nifi.security.util.crypto.NiFiLegacyCipherProviderGroovyTest - Using algorithm: PBEWITHSHAAND128BITRC2-CBC
[main] INFO org.apache.nifi.security.util.crypto.NiFiLegacyCipherProviderGroovyTest - Generated salt b76a96b209953ef9 (8)
[main] INFO org.apache.nifi.security.util.crypto.NiFiLegacyCipherProviderGroovyTest - Cipher text: 7f719bc397d561ac5614d759b927cd437b74425f2fa8523382f88df36bedd842 32
[main] INFO org.apache.nifi.security.util.crypto.NiFiLegacyCipherProviderGroovyTest - Using algorithm: PBEWITHSHAAND40BITRC4
[main] INFO org.apache.nifi.security.util.crypto.NiFiLegacyCipherProviderGroovyTest - Generated salt d01638e38008d564 (8)
[main] INFO org.apache.nifi.security.util.crypto.NiFiLegacyCipherProviderGroovyTest - Cipher text: 055359cc9b1e6f1e4975dc0c1bab02a4b9acd484015627ffddcd0ac1 28
[main] INFO org.apache.nifi.security.util.crypto.NiFiLegacyCipherProviderGroovyTest - Using algorithm: PBEWITHSHAAND128BITRC4
[main] INFO org.apache.nifi.security.util.crypto.NiFiLegacyCipherProviderGroovyTest - Generated salt 2ead85956c2b30cf (8)
[main] INFO org.apache.nifi.security.util.crypto.NiFiLegacyCipherProviderGroovyTest - Cipher text: 2db20b7af83cd0b1d875cc847f884087d8dbb562cce472af54583a91 28
[main] INFO org.apache.nifi.security.util.crypto.NiFiLegacyCipherProviderGroovyTest - Using algorithm: PBEWITHSHA256AND128BITAES-CBC-BC
[main] INFO org.apache.nifi.security.util.crypto.NiFiLegacyCipherProviderGroovyTest - Generated salt 1369696e54bc40fd5737bec22b1e2473 (16)
[main] INFO org.apache.nifi.security.util.crypto.NiFiLegacyCipherProviderGroovyTest - Cipher text: 35efa4f749c3f69848b767fe857959607a38aac0bbbd3eb445b0e089e79a5ed7 32
[main] INFO org.apache.nifi.security.util.crypto.NiFiLegacyCipherProviderGroovyTest - Using algorithm: PBEWITHSHAAND2-KEYTRIPLEDES-CBC
[main] INFO org.apache.nifi.security.util.crypto.NiFiLegacyCipherProviderGroovyTest - Generated salt ad198d9d47dbd973 (8)
[main] INFO org.apache.nifi.security.util.crypto.NiFiLegacyCipherProviderGroovyTest - Cipher text: 71c6f7cf92ca84480e1c87ba98d3b9d4b5136a3b3082cff7da2db01e95e12b52 32
[main] INFO org.apache.nifi.security.util.crypto.NiFiLegacyCipherProviderGroovyTest - Using algorithm: PBEWITHSHAAND3-KEYTRIPLEDES-CBC
[main] INFO org.apache.nifi.security.util.crypto.NiFiLegacyCipherProviderGroovyTest - Generated salt c3887b5cd57dfa2d (8)
[main] INFO org.apache.nifi.security.util.crypto.NiFiLegacyCipherProviderGroovyTest - Cipher text: 535da133254ae05675efe84d60c17929af0ce7814c8f4e81eed5aee467f86945 32
[main] INFO org.apache.nifi.security.util.crypto.NiFiLegacyCipherProviderGroovyTest - Using algorithm: PBEWITHSHAANDTWOFISH-CBC
[main] INFO org.apache.nifi.security.util.crypto.NiFiLegacyCipherProviderGroovyTest - Generated salt 52c2817bd6bde2cde5eca5d4080d2dc8 (16)
[main] INFO org.apache.nifi.security.util.crypto.NiFiLegacyCipherProviderGroovyTest - Cipher text: 02b19b43da494130eabc6b5aec03cd6574568f7b026cf96a68b4c6ad6b31d849 32
]]></system-err>
  </testcase>
  <testcase name="testGetCipherWithUnlimitedStrengthShouldBeInternallyConsistent" classname="org.apache.nifi.security.util.crypto.NiFiLegacyCipherProviderGroovyTest" time="0.044">
    <system-err><![CDATA[[main] INFO org.apache.nifi.security.util.crypto.NiFiLegacyCipherProviderGroovyTest - Using algorithm: PBEWITHMD5AND128BITAES-CBC-OPENSSL
[main] INFO org.apache.nifi.security.util.crypto.NiFiLegacyCipherProviderGroovyTest - Generated salt d162ca5e1388396cb33791a6199df089 (16)
[main] INFO org.apache.nifi.security.util.crypto.NiFiLegacyCipherProviderGroovyTest - Cipher text: 8790945e37ae88684221bcafea147bbaeed791dd0c16d101b1db5d104df02e35 32
[main] INFO org.apache.nifi.security.util.crypto.NiFiLegacyCipherProviderGroovyTest - Using algorithm: PBEWITHMD5AND192BITAES-CBC-OPENSSL
[main] INFO org.apache.nifi.security.util.crypto.NiFiLegacyCipherProviderGroovyTest - Generated salt 5453d013d3eaab262303e5106b48ca6c (16)
[main] INFO org.apache.nifi.security.util.crypto.NiFiLegacyCipherProviderGroovyTest - Cipher text: ce341ec490fc014a3a7959c92c991ad9f6928803e8b6829b8357286888e9e434 32
[main] INFO org.apache.nifi.security.util.crypto.NiFiLegacyCipherProviderGroovyTest - Using algorithm: PBEWITHMD5AND256BITAES-CBC-OPENSSL
[main] INFO org.apache.nifi.security.util.crypto.NiFiLegacyCipherProviderGroovyTest - Generated salt 8fd9db2f6909665218b2761ba411bf37 (16)
[main] INFO org.apache.nifi.security.util.crypto.NiFiLegacyCipherProviderGroovyTest - Cipher text: 5c15d55f6d600889024892a872f186fd02ec5a724d34f43b9d1f4f61a35d4f82 32
[main] INFO org.apache.nifi.security.util.crypto.NiFiLegacyCipherProviderGroovyTest - Using algorithm: PBEWITHMD5ANDDES
[main] INFO org.apache.nifi.security.util.crypto.NiFiLegacyCipherProviderGroovyTest - Generated salt 4537db3c4bcc7f3d (8)
[main] INFO org.apache.nifi.security.util.crypto.NiFiLegacyCipherProviderGroovyTest - Cipher text: fa95355da2d13042367b1439d6a3afb280bc8ecb91e17c5f71c250f4204526f8 32
[main] INFO org.apache.nifi.security.util.crypto.NiFiLegacyCipherProviderGroovyTest - Using algorithm: PBEWITHMD5ANDRC2
[main] INFO org.apache.nifi.security.util.crypto.NiFiLegacyCipherProviderGroovyTest - Generated salt ef6586e2693c0281 (8)
[main] INFO org.apache.nifi.security.util.crypto.NiFiLegacyCipherProviderGroovyTest - Cipher text: e91bbf6c18549ac845999b6e69219ea129c67736b1b59d10d2ccb346b06729a9 32
[main] INFO org.apache.nifi.security.util.crypto.NiFiLegacyCipherProviderGroovyTest - Using algorithm: PBEWITHSHA1ANDRC2
[main] INFO org.apache.nifi.security.util.crypto.NiFiLegacyCipherProviderGroovyTest - Generated salt a763771f31aa95fe (8)
[main] INFO org.apache.nifi.security.util.crypto.NiFiLegacyCipherProviderGroovyTest - Cipher text: 52abcd9b27b4fbddf986366be9d44d8a16ac083e9345d7e8bdfc6865556d9e7d 32
[main] INFO org.apache.nifi.security.util.crypto.NiFiLegacyCipherProviderGroovyTest - Using algorithm: PBEWITHSHA1ANDDES
[main] INFO org.apache.nifi.security.util.crypto.NiFiLegacyCipherProviderGroovyTest - Generated salt 43b8fb10f0a6c9d9 (8)
[main] INFO org.apache.nifi.security.util.crypto.NiFiLegacyCipherProviderGroovyTest - Cipher text: 96d3310d1417ba08f0933b82b602712627c22b1b214e11595df5bb0736788cf9 32
[main] INFO org.apache.nifi.security.util.crypto.NiFiLegacyCipherProviderGroovyTest - Using algorithm: PBEWITHSHAAND128BITAES-CBC-BC
[main] INFO org.apache.nifi.security.util.crypto.NiFiLegacyCipherProviderGroovyTest - Generated salt ee38b81ab5f93aa7d3e3067440df8865 (16)
[main] INFO org.apache.nifi.security.util.crypto.NiFiLegacyCipherProviderGroovyTest - Cipher text: e49a07b92470826604402c22e24dba18872cb889f45a4afc17df6887f52c71d1 32
[main] INFO org.apache.nifi.security.util.crypto.NiFiLegacyCipherProviderGroovyTest - Using algorithm: PBEWITHSHAAND192BITAES-CBC-BC
[main] INFO org.apache.nifi.security.util.crypto.NiFiLegacyCipherProviderGroovyTest - Generated salt d85cd9f5861cce5a5ac04880d7eeeca4 (16)
[main] INFO org.apache.nifi.security.util.crypto.NiFiLegacyCipherProviderGroovyTest - Cipher text: 640cbe7971ad55f687bf9ca550ddd7a71f41fda90d9f402ed7c73469c1800bda 32
[main] INFO org.apache.nifi.security.util.crypto.NiFiLegacyCipherProviderGroovyTest - Using algorithm: PBEWITHSHAAND256BITAES-CBC-BC
[main] INFO org.apache.nifi.security.util.crypto.NiFiLegacyCipherProviderGroovyTest - Generated salt b4538c996cb4b6cf685c70e76454b1d4 (16)
[main] INFO org.apache.nifi.security.util.crypto.NiFiLegacyCipherProviderGroovyTest - Cipher text: c6c8a0b9c7d097fc353504d54a501deb1800d2240ba2fbf3472ad198156ac000 32
[main] INFO org.apache.nifi.security.util.crypto.NiFiLegacyCipherProviderGroovyTest - Using algorithm: PBEWITHSHAAND40BITRC2-CBC
[main] INFO org.apache.nifi.security.util.crypto.NiFiLegacyCipherProviderGroovyTest - Generated salt 9bc8946f9605ad47 (8)
[main] INFO org.apache.nifi.security.util.crypto.NiFiLegacyCipherProviderGroovyTest - Cipher text: b884ddcc70a902af63c2e6177789b724fbaafca7e0452890c1bba5951b640203 32
[main] INFO org.apache.nifi.security.util.crypto.NiFiLegacyCipherProviderGroovyTest - Using algorithm: PBEWITHSHAAND128BITRC2-CBC
[main] INFO org.apache.nifi.security.util.crypto.NiFiLegacyCipherProviderGroovyTest - Generated salt f48dee872726b156 (8)
[main] INFO org.apache.nifi.security.util.crypto.NiFiLegacyCipherProviderGroovyTest - Cipher text: ef7131804067bcac00ac7966956fe67893f2501017616a9bbdb5840e8c3026b3 32
[main] INFO org.apache.nifi.security.util.crypto.NiFiLegacyCipherProviderGroovyTest - Using algorithm: PBEWITHSHAAND40BITRC4
[main] INFO org.apache.nifi.security.util.crypto.NiFiLegacyCipherProviderGroovyTest - Generated salt e9f032cb32317477 (8)
[main] INFO org.apache.nifi.security.util.crypto.NiFiLegacyCipherProviderGroovyTest - Cipher text: 3d005e19eee53446aa68797897b342b855d074df745ee83da23a614f 28
[main] INFO org.apache.nifi.security.util.crypto.NiFiLegacyCipherProviderGroovyTest - Using algorithm: PBEWITHSHAAND128BITRC4
[main] INFO org.apache.nifi.security.util.crypto.NiFiLegacyCipherProviderGroovyTest - Generated salt e647569e2f40b3c9 (8)
[main] INFO org.apache.nifi.security.util.crypto.NiFiLegacyCipherProviderGroovyTest - Cipher text: d1a1ff1479841813fe2377e44ef6ec25f504358bba85ca13f9aba50a 28
[main] INFO org.apache.nifi.security.util.crypto.NiFiLegacyCipherProviderGroovyTest - Using algorithm: PBEWITHSHA256AND128BITAES-CBC-BC
[main] INFO org.apache.nifi.security.util.crypto.NiFiLegacyCipherProviderGroovyTest - Generated salt b94fc21da31c6280e205077c429e962f (16)
[main] INFO org.apache.nifi.security.util.crypto.NiFiLegacyCipherProviderGroovyTest - Cipher text: f20da46a8ea91168f3b7a1efd7230ea8f6baa814959b3352450f18aec0bc58df 32
[main] INFO org.apache.nifi.security.util.crypto.NiFiLegacyCipherProviderGroovyTest - Using algorithm: PBEWITHSHA256AND192BITAES-CBC-BC
[main] INFO org.apache.nifi.security.util.crypto.NiFiLegacyCipherProviderGroovyTest - Generated salt 0b446eb9e363cbaf6c57fcd698fd2682 (16)
[main] INFO org.apache.nifi.security.util.crypto.NiFiLegacyCipherProviderGroovyTest - Cipher text: 040b75165bcb80a6b7322afb08332b2e1054ed68dca805f1da2c86d3375f992f 32
[main] INFO org.apache.nifi.security.util.crypto.NiFiLegacyCipherProviderGroovyTest - Using algorithm: PBEWITHSHA256AND256BITAES-CBC-BC
[main] INFO org.apache.nifi.security.util.crypto.NiFiLegacyCipherProviderGroovyTest - Generated salt f17d7a095c9fefe9022bda972e7b4dc5 (16)
[main] INFO org.apache.nifi.security.util.crypto.NiFiLegacyCipherProviderGroovyTest - Cipher text: 218c748b75369690847136a0519c1f25a869b329706d520b2709becf5a7d274d 32
[main] INFO org.apache.nifi.security.util.crypto.NiFiLegacyCipherProviderGroovyTest - Using algorithm: PBEWITHSHAAND2-KEYTRIPLEDES-CBC
[main] INFO org.apache.nifi.security.util.crypto.NiFiLegacyCipherProviderGroovyTest - Generated salt f504cebc8c71776e (8)
[main] INFO org.apache.nifi.security.util.crypto.NiFiLegacyCipherProviderGroovyTest - Cipher text: 220416662d21cff96343328d21d79b33b1b4ab39c1698ccdb369dd934987203c 32
[main] INFO org.apache.nifi.security.util.crypto.NiFiLegacyCipherProviderGroovyTest - Using algorithm: PBEWITHSHAAND3-KEYTRIPLEDES-CBC
[main] INFO org.apache.nifi.security.util.crypto.NiFiLegacyCipherProviderGroovyTest - Generated salt c18985df1ad8f2c8 (8)
[main] INFO org.apache.nifi.security.util.crypto.NiFiLegacyCipherProviderGroovyTest - Cipher text: da776b4efa65c1ef03b1c395edccac11daa2791751341916446b420af34b3ea6 32
[main] INFO org.apache.nifi.security.util.crypto.NiFiLegacyCipherProviderGroovyTest - Using algorithm: PBEWITHSHAANDTWOFISH-CBC
[main] INFO org.apache.nifi.security.util.crypto.NiFiLegacyCipherProviderGroovyTest - Generated salt 29d84d44275d82e31de090baac76199b (16)
[main] INFO org.apache.nifi.security.util.crypto.NiFiLegacyCipherProviderGroovyTest - Cipher text: 05892c97390fc38c83dba887ddb8fee45c6bace3c4be9b24043690cb35b6e5ee 32
]]></system-err>
  </testcase>
  <testcase name="testGetCipherWithoutSaltShouldSupportLegacyCode" classname="org.apache.nifi.security.util.crypto.NiFiLegacyCipherProviderGroovyTest" time="0.033">
    <system-err><![CDATA[[main] INFO org.apache.nifi.security.util.crypto.NiFiLegacyCipherProviderGroovyTest - Using algorithm: PBEWITHMD5AND128BITAES-CBC-OPENSSL
[main] INFO org.apache.nifi.security.util.crypto.NiFiLegacyCipherProviderGroovyTest - Cipher text: b29275ae7f922502db83b1d1481274e4968562614236068154cb3f8a8535ef43 32
[main] INFO org.apache.nifi.security.util.crypto.NiFiLegacyCipherProviderGroovyTest - Using algorithm: PBEWITHMD5ANDDES
[main] INFO org.apache.nifi.security.util.crypto.NiFiLegacyCipherProviderGroovyTest - Cipher text: 9bfccd12e615fbd8fddb97079d871aa2da57947df6ae3f567598af5b0224037a 32
[main] INFO org.apache.nifi.security.util.crypto.NiFiLegacyCipherProviderGroovyTest - Using algorithm: PBEWITHMD5ANDRC2
[main] INFO org.apache.nifi.security.util.crypto.NiFiLegacyCipherProviderGroovyTest - Cipher text: 9438426d7406a7924c170f5f46899cbf9537fdf8da488dda856995c59b794294 32
[main] INFO org.apache.nifi.security.util.crypto.NiFiLegacyCipherProviderGroovyTest - Using algorithm: PBEWITHSHA1ANDRC2
[main] INFO org.apache.nifi.security.util.crypto.NiFiLegacyCipherProviderGroovyTest - Cipher text: f125b3e44d52f6de912a5751e83925c450ba2705158a95f6460939cf80f1afe7 32
[main] INFO org.apache.nifi.security.util.crypto.NiFiLegacyCipherProviderGroovyTest - Using algorithm: PBEWITHSHA1ANDDES
[main] INFO org.apache.nifi.security.util.crypto.NiFiLegacyCipherProviderGroovyTest - Cipher text: f162ad673ec43f24b3272bc2d37757e1ef80167ce76e611c374194d6a2cc2adf 32
[main] INFO org.apache.nifi.security.util.crypto.NiFiLegacyCipherProviderGroovyTest - Using algorithm: PBEWITHSHAAND128BITAES-CBC-BC
[main] INFO org.apache.nifi.security.util.crypto.NiFiLegacyCipherProviderGroovyTest - Cipher text: 58914107a592186a2397643c13cce17fad69110343252c5f873eaf739128d9e8 32
[main] INFO org.apache.nifi.security.util.crypto.NiFiLegacyCipherProviderGroovyTest - Using algorithm: PBEWITHSHAAND40BITRC2-CBC
[main] INFO org.apache.nifi.security.util.crypto.NiFiLegacyCipherProviderGroovyTest - Cipher text: d73a888b83d6c26c8be6cc9cba0162a37799cd3147299724a1c350da7d190924 32
[main] INFO org.apache.nifi.security.util.crypto.NiFiLegacyCipherProviderGroovyTest - Using algorithm: PBEWITHSHAAND128BITRC2-CBC
[main] INFO org.apache.nifi.security.util.crypto.NiFiLegacyCipherProviderGroovyTest - Cipher text: b9da62e30531556f9c2fbcba2b78c3e17973253bb96ce9d358af723825287ecd 32
[main] INFO org.apache.nifi.security.util.crypto.NiFiLegacyCipherProviderGroovyTest - Using algorithm: PBEWITHSHAAND40BITRC4
[main] INFO org.apache.nifi.security.util.crypto.NiFiLegacyCipherProviderGroovyTest - Cipher text: bd33da32fa5689232f115824753a01cecd4eafda8d4472e0180df20d 28
[main] INFO org.apache.nifi.security.util.crypto.NiFiLegacyCipherProviderGroovyTest - Using algorithm: PBEWITHSHAAND128BITRC4
[main] INFO org.apache.nifi.security.util.crypto.NiFiLegacyCipherProviderGroovyTest - Cipher text: 26b98ca6599319387ef636aef6f9b249f7fffc414a28264982d88faf 28
[main] INFO org.apache.nifi.security.util.crypto.NiFiLegacyCipherProviderGroovyTest - Using algorithm: PBEWITHSHA256AND128BITAES-CBC-BC
[main] INFO org.apache.nifi.security.util.crypto.NiFiLegacyCipherProviderGroovyTest - Cipher text: 7660f73f0a670e36864ea9a4740662e44fc0992be09a284de74cd41ccbce9b6a 32
[main] INFO org.apache.nifi.security.util.crypto.NiFiLegacyCipherProviderGroovyTest - Using algorithm: PBEWITHSHAAND2-KEYTRIPLEDES-CBC
[main] INFO org.apache.nifi.security.util.crypto.NiFiLegacyCipherProviderGroovyTest - Cipher text: ce6b9b5cc554409b7574a6f4e10b5b53cab1f436ba4d3b1af7299a4c5909069b 32
[main] INFO org.apache.nifi.security.util.crypto.NiFiLegacyCipherProviderGroovyTest - Using algorithm: PBEWITHSHAAND3-KEYTRIPLEDES-CBC
[main] INFO org.apache.nifi.security.util.crypto.NiFiLegacyCipherProviderGroovyTest - Cipher text: d3e41c3241ff7a0c238a7d73317a8a7b0ad1664855df1e722c5e6b89682c3cc4 32
[main] INFO org.apache.nifi.security.util.crypto.NiFiLegacyCipherProviderGroovyTest - Using algorithm: PBEWITHSHAANDTWOFISH-CBC
[main] INFO org.apache.nifi.security.util.crypto.NiFiLegacyCipherProviderGroovyTest - Cipher text: 4ca0e3f6e62cbc0f1ea7f00c2659b524ba3c357b5ad03f23a400ff83b4a57453 32
]]></system-err>
  </testcase>
  <testcase name="testGetCipherShouldBeInternallyConsistent" classname="org.apache.nifi.security.util.crypto.NiFiLegacyCipherProviderGroovyTest" time="0.008">
    <system-err><![CDATA[[main] INFO org.apache.nifi.security.util.crypto.NiFiLegacyCipherProviderGroovyTest - Using algorithm: PBEWITHMD5AND128BITAES-CBC-OPENSSL
[main] INFO org.apache.nifi.security.util.crypto.NiFiLegacyCipherProviderGroovyTest - Generated salt e2867261ebf72ae40a3a9eb9947bb1f2 (16)
[main] INFO org.apache.nifi.security.util.crypto.NiFiLegacyCipherProviderGroovyTest - Cipher text: 0fe9bbe9f7fd7d4f66fd7d7f098e6266cc47d60b9ce309d9fe0ddec69cad3cfa 32
[main] INFO org.apache.nifi.security.util.crypto.NiFiLegacyCipherProviderGroovyTest - Using algorithm: PBEWITHMD5ANDDES
[main] INFO org.apache.nifi.security.util.crypto.NiFiLegacyCipherProviderGroovyTest - Generated salt 96f7d620529c5f02 (8)
[main] INFO org.apache.nifi.security.util.crypto.NiFiLegacyCipherProviderGroovyTest - Cipher text: b0e76590ab090ba734931a25c873287ea09176ec20cbe1fc9fc6da154d52e955 32
[main] INFO org.apache.nifi.security.util.crypto.NiFiLegacyCipherProviderGroovyTest - Using algorithm: PBEWITHMD5ANDRC2
[main] INFO org.apache.nifi.security.util.crypto.NiFiLegacyCipherProviderGroovyTest - Generated salt 59c1cc0a268802e1 (8)
[main] INFO org.apache.nifi.security.util.crypto.NiFiLegacyCipherProviderGroovyTest - Cipher text: 9cb1f0df439de10617d27268335bfba901e5dbc7c36ab719cab69ddd1f3d093d 32
[main] INFO org.apache.nifi.security.util.crypto.NiFiLegacyCipherProviderGroovyTest - Using algorithm: PBEWITHSHA1ANDRC2
[main] INFO org.apache.nifi.security.util.crypto.NiFiLegacyCipherProviderGroovyTest - Generated salt 4699e6ceaf48cf5b (8)
[main] INFO org.apache.nifi.security.util.crypto.NiFiLegacyCipherProviderGroovyTest - Cipher text: 9eca079e2ae0cfc58dc5d87f9bc1d99508dce834da371fb1968af0392c65236b 32
[main] INFO org.apache.nifi.security.util.crypto.NiFiLegacyCipherProviderGroovyTest - Using algorithm: PBEWITHSHA1ANDDES
[main] INFO org.apache.nifi.security.util.crypto.NiFiLegacyCipherProviderGroovyTest - Generated salt 799efff746fb1303 (8)
[main] INFO org.apache.nifi.security.util.crypto.NiFiLegacyCipherProviderGroovyTest - Cipher text: 46b30639e217484e1aedb61b0b1721c7bf3ce6c67d418a0a95be6959b4394c07 32
[main] INFO org.apache.nifi.security.util.crypto.NiFiLegacyCipherProviderGroovyTest - Using algorithm: PBEWITHSHAAND128BITAES-CBC-BC
[main] WARN org.apache.nifi.security.util.crypto.NiFiLegacyCipherProviderGroovyTest - This test is skipped because the password length exceeds the undocumented limit BouncyCastle imposes on a JVM with limited strength crypto policies
[main] INFO org.apache.nifi.security.util.crypto.NiFiLegacyCipherProviderGroovyTest - Using algorithm: PBEWITHSHAAND40BITRC2-CBC
[main] WARN org.apache.nifi.security.util.crypto.NiFiLegacyCipherProviderGroovyTest - This test is skipped because the password length exceeds the undocumented limit BouncyCastle imposes on a JVM with limited strength crypto policies
[main] INFO org.apache.nifi.security.util.crypto.NiFiLegacyCipherProviderGroovyTest - Using algorithm: PBEWITHSHAAND128BITRC2-CBC
[main] WARN org.apache.nifi.security.util.crypto.NiFiLegacyCipherProviderGroovyTest - This test is skipped because the password length exceeds the undocumented limit BouncyCastle imposes on a JVM with limited strength crypto policies
[main] INFO org.apache.nifi.security.util.crypto.NiFiLegacyCipherProviderGroovyTest - Using algorithm: PBEWITHSHAAND40BITRC4
[main] WARN org.apache.nifi.security.util.crypto.NiFiLegacyCipherProviderGroovyTest - This test is skipped because the password length exceeds the undocumented limit BouncyCastle imposes on a JVM with limited strength crypto policies
[main] INFO org.apache.nifi.security.util.crypto.NiFiLegacyCipherProviderGroovyTest - Using algorithm: PBEWITHSHAAND128BITRC4
[main] WARN org.apache.nifi.security.util.crypto.NiFiLegacyCipherProviderGroovyTest - This test is skipped because the password length exceeds the undocumented limit BouncyCastle imposes on a JVM with limited strength crypto policies
[main] INFO org.apache.nifi.security.util.crypto.NiFiLegacyCipherProviderGroovyTest - Using algorithm: PBEWITHSHA256AND128BITAES-CBC-BC
[main] WARN org.apache.nifi.security.util.crypto.NiFiLegacyCipherProviderGroovyTest - This test is skipped because the password length exceeds the undocumented limit BouncyCastle imposes on a JVM with limited strength crypto policies
[main] INFO org.apache.nifi.security.util.crypto.NiFiLegacyCipherProviderGroovyTest - Using algorithm: PBEWITHSHAAND2-KEYTRIPLEDES-CBC
[main] WARN org.apache.nifi.security.util.crypto.NiFiLegacyCipherProviderGroovyTest - This test is skipped because the password length exceeds the undocumented limit BouncyCastle imposes on a JVM with limited strength crypto policies
[main] INFO org.apache.nifi.security.util.crypto.NiFiLegacyCipherProviderGroovyTest - Using algorithm: PBEWITHSHAAND3-KEYTRIPLEDES-CBC
[main] WARN org.apache.nifi.security.util.crypto.NiFiLegacyCipherProviderGroovyTest - This test is skipped because the password length exceeds the undocumented limit BouncyCastle imposes on a JVM with limited strength crypto policies
[main] INFO org.apache.nifi.security.util.crypto.NiFiLegacyCipherProviderGroovyTest - Using algorithm: PBEWITHSHAANDTWOFISH-CBC
[main] WARN org.apache.nifi.security.util.crypto.NiFiLegacyCipherProviderGroovyTest - This test is skipped because the password length exceeds the undocumented limit BouncyCastle imposes on a JVM with limited strength crypto policies
]]></system-err>
  </testcase>
  <testcase name="testShouldDetermineDependenceOnUnlimitedStrengthCrypto" classname="org.apache.nifi.security.util.crypto.NiFiLegacyCipherProviderGroovyTest" time="0">
    <skipped message="System property [legacyCipherTest] does not exist ==&gt; Only needed once to determine max supported password lengths"/>
  </testcase>
  <testcase name="testGetCipherShouldIgnoreKeyLength" classname="org.apache.nifi.security.util.crypto.NiFiLegacyCipherProviderGroovyTest" time="0.002">
    <system-err><![CDATA[[main] INFO org.apache.nifi.security.util.crypto.NiFiLegacyCipherProviderGroovyTest - Cipher text: 4b47f5f25c4f90db7b609e2d3afa0b6fcee3eb0aa7719ef71c295f9cf54d5033 32
[main] INFO org.apache.nifi.security.util.crypto.NiFiLegacyCipherProviderGroovyTest - Decrypting with 'requested' key length: -1
[main] INFO org.apache.nifi.security.util.crypto.NiFiLegacyCipherProviderGroovyTest - Decrypting with 'requested' key length: 40
[main] INFO org.apache.nifi.security.util.crypto.NiFiLegacyCipherProviderGroovyTest - Decrypting with 'requested' key length: 64
[main] INFO org.apache.nifi.security.util.crypto.NiFiLegacyCipherProviderGroovyTest - Decrypting with 'requested' key length: 128
[main] INFO org.apache.nifi.security.util.crypto.NiFiLegacyCipherProviderGroovyTest - Decrypting with 'requested' key length: 192
[main] INFO org.apache.nifi.security.util.crypto.NiFiLegacyCipherProviderGroovyTest - Decrypting with 'requested' key length: 256
]]></system-err>
  </testcase>
</testsuite>