<?xml version="1.0" encoding="UTF-8"?>
<testsuite xmlns:xsi="http://www.w3.org/2001/XMLSchema-instance" xsi:noNamespaceSchemaLocation="https://maven.apache.org/surefire/maven-surefire-plugin/xsd/surefire-test-report-3.0.xsd" version="3.0" name="org.apache.nifi.processors.kudu.TestPutKudu" time="1.559" tests="29" errors="0" skipped="0" failures="0">
  <properties>
    <property name="sun.desktop" value="gnome"/>
    <property name="awt.toolkit" value="sun.awt.X11.XToolkit"/>
    <property name="file.encoding.pkg" value="sun.io"/>
    <property name="java.specification.version" value="1.8"/>
    <property name="sun.cpu.isalist" value=""/>
    <property name="sun.jnu.encoding" value="UTF-8"/>
    <property name="java.class.path" value="/home/alex/Repositories/nifi/nifi-nar-bundles/nifi-kudu-bundle/nifi-kudu-processors/target/test-classes:/home/alex/Repositories/nifi/nifi-nar-bundles/nifi-kudu-bundle/nifi-kudu-processors/target/classes:/home/alex/Repositories/nifi/nifi-api/target/classes:/home/alex/Repositories/nifi/nifi-nar-bundles/nifi-extension-utils/nifi-processor-utils/target/classes:/home/alex/Repositories/nifi/nifi-commons/nifi-security-socket-ssl/target/classes:/home/alex/.m2/repository/commons-io/commons-io/2.10.0/commons-io-2.10.0.jar:/home/alex/.m2/repository/org/apache/commons/commons-lang3/3.11/commons-lang3-3.11.jar:/home/alex/.m2/repository/com/fasterxml/jackson/core/jackson-databind/2.12.3/jackson-databind-2.12.3.jar:/home/alex/.m2/repository/com/fasterxml/jackson/core/jackson-annotations/2.12.3/jackson-annotations-2.12.3.jar:/home/alex/Repositories/nifi/nifi-nar-bundles/nifi-extension-utils/nifi-event-transport/target/classes:/home/alex/.m2/repository/io/netty/netty-handler/4.1.69.Final/netty-handler-4.1.69.Final.jar:/home/alex/.m2/repository/io/netty/netty-common/4.1.69.Final/netty-common-4.1.69.Final.jar:/home/alex/.m2/repository/io/netty/netty-resolver/4.1.69.Final/netty-resolver-4.1.69.Final.jar:/home/alex/.m2/repository/io/netty/netty-buffer/4.1.69.Final/netty-buffer-4.1.69.Final.jar:/home/alex/.m2/repository/io/netty/netty-transport/4.1.69.Final/netty-transport-4.1.69.Final.jar:/home/alex/.m2/repository/io/netty/netty-codec/4.1.69.Final/netty-codec-4.1.69.Final.jar:/home/alex/Repositories/nifi/nifi-nar-bundles/nifi-standard-services/nifi-kerberos-credentials-service-api/target/classes:/home/alex/Repositories/nifi/nifi-nar-bundles/nifi-standard-services/nifi-kerberos-user-service-api/target/classes:/home/alex/Repositories/nifi/nifi-nar-bundles/nifi-standard-services/nifi-record-serialization-service-api/target/classes:/home/alex/.m2/repository/org/apache/kudu/kudu-client/1.15.0/kudu-client-1.15.0.jar:/home/alex/.m2/repository/com/stumbleupon/async/1.4.1/async-1.4.1.jar:/home/alex/.m2/repository/org/slf4j/slf4j-api/1.7.32/slf4j-api-1.7.32.jar:/home/alex/Repositories/nifi/nifi-commons/nifi-utils/target/classes:/home/alex/Repositories/nifi/nifi-commons/nifi-record/target/classes:/home/alex/Repositories/nifi/nifi-commons/nifi-record-path/target/classes:/home/alex/Repositories/nifi/nifi-commons/nifi-properties/target/classes:/home/alex/Repositories/nifi/nifi-commons/nifi-property-utils/target/classes:/home/alex/Repositories/nifi/nifi-commons/nifi-uuid5/target/classes:/home/alex/.m2/repository/org/antlr/antlr-runtime/3.5.2/antlr-runtime-3.5.2.jar:/home/alex/.m2/repository/com/github/ben-manes/caffeine/caffeine/2.8.1/caffeine-2.8.1.jar:/home/alex/.m2/repository/org/checkerframework/checker-qual/3.1.0/checker-qual-3.1.0.jar:/home/alex/.m2/repository/com/google/errorprone/error_prone_annotations/2.3.4/error_prone_annotations-2.3.4.jar:/home/alex/.m2/repository/commons-codec/commons-codec/1.14/commons-codec-1.14.jar:/home/alex/Repositories/nifi/nifi-commons/nifi-security-kerberos/target/classes:/home/alex/Repositories/nifi/nifi-commons/nifi-security-kerberos-api/target/classes:/home/alex/.m2/repository/org/apache/kudu/kudu-test-utils/1.15.0/kudu-test-utils-1.15.0.jar:/home/alex/.m2/repository/junit/junit/4.13.2/junit-4.13.2.jar:/home/alex/.m2/repository/org/hamcrest/hamcrest/2.2/hamcrest-2.2.jar:/home/alex/Repositories/nifi/nifi-nar-bundles/nifi-extension-utils/nifi-record-utils/nifi-mock-record-utils/target/classes:/home/alex/Repositories/nifi/nifi-mock/target/classes:/home/alex/Repositories/nifi/nifi-framework-api/target/classes:/home/alex/Repositories/nifi/nifi-commons/nifi-parameter/target/classes:/home/alex/Repositories/nifi/nifi-nar-bundles/nifi-framework-bundle/nifi-framework/nifi-framework-core-api/target/classes:/home/alex/Repositories/nifi/nifi-nar-bundles/nifi-framework-bundle/nifi-framework/nifi-framework-nar-utils/target/classes:/home/alex/Repositories/nifi/nifi-nar-bundles/nifi-framework-bundle/nifi-framework/nifi-client-dto/target/classes:/home/alex/.m2/repository/io/swagger/swagger-annotations/1.6.0/swagger-annotations-1.6.0.jar:/home/alex/Repositories/nifi/nifi-commons/nifi-site-to-site-client/target/classes:/home/alex/Repositories/nifi/nifi-commons/nifi-security-utils/target/classes:/home/alex/Repositories/nifi/nifi-commons/nifi-security-utils-api/target/classes:/home/alex/Repositories/nifi/nifi-commons/nifi-security-kms/target/classes:/home/alex/.m2/repository/org/bouncycastle/bcprov-jdk15on/1.69/bcprov-jdk15on-1.69.jar:/home/alex/.m2/repository/org/bouncycastle/bcpkix-jdk15on/1.69/bcpkix-jdk15on-1.69.jar:/home/alex/.m2/repository/org/bouncycastle/bcutil-jdk15on/1.69/bcutil-jdk15on-1.69.jar:/home/alex/.m2/repository/at/favre/lib/bcrypt/0.9.0/bcrypt-0.9.0.jar:/home/alex/.m2/repository/at/favre/lib/bytes/1.3.0/bytes-1.3.0.jar:/home/alex/.m2/repository/org/apache/commons/commons-configuration2/2.7/commons-configuration2-2.7.jar:/home/alex/.m2/repository/org/apache/httpcomponents/httpclient/4.5.5/httpclient-4.5.5.jar:/home/alex/.m2/repository/org/apache/httpcomponents/httpcore/4.4.9/httpcore-4.4.9.jar:/home/alex/.m2/repository/org/apache/httpcomponents/httpasyncclient/4.1.4/httpasyncclient-4.1.4.jar:/home/alex/.m2/repository/org/apache/httpcomponents/httpcore-nio/4.4.10/httpcore-nio-4.4.10.jar:/home/alex/Repositories/nifi/nifi-nar-bundles/nifi-framework-bundle/nifi-framework/nifi-framework-authorization/target/classes:/home/alex/Repositories/nifi/nifi-registry/nifi-registry-core/nifi-registry-data-model/target/classes:/home/alex/.m2/repository/javax/validation/validation-api/2.0.1.Final/validation-api-2.0.1.Final.jar:/home/alex/.m2/repository/javax/ws/rs/javax.ws.rs-api/2.1/javax.ws.rs-api-2.1.jar:/home/alex/Repositories/nifi/nifi-registry/nifi-registry-core/nifi-registry-revision/nifi-registry-revision-entity-model/target/classes:/home/alex/Repositories/nifi/nifi-registry/nifi-registry-core/nifi-registry-client/target/classes:/home/alex/Repositories/nifi/nifi-registry/nifi-registry-core/nifi-registry-security-utils/target/classes:/home/alex/.m2/repository/org/glassfish/jersey/core/jersey-client/2.33/jersey-client-2.33.jar:/home/alex/.m2/repository/jakarta/ws/rs/jakarta.ws.rs-api/2.1.6/jakarta.ws.rs-api-2.1.6.jar:/home/alex/.m2/repository/org/glassfish/hk2/external/jakarta.inject/2.6.1/jakarta.inject-2.6.1.jar:/home/alex/.m2/repository/org/glassfish/jersey/media/jersey-media-json-jackson/2.33/jersey-media-json-jackson-2.33.jar:/home/alex/.m2/repository/org/glassfish/jersey/ext/jersey-entity-filtering/2.33/jersey-entity-filtering-2.33.jar:/home/alex/.m2/repository/com/fasterxml/jackson/module/jackson-module-jaxb-annotations/2.11.3/jackson-module-jaxb-annotations-2.11.3.jar:/home/alex/.m2/repository/jakarta/xml/bind/jakarta.xml.bind-api/2.3.2/jakarta.xml.bind-api-2.3.2.jar:/home/alex/.m2/repository/jakarta/activation/jakarta.activation-api/1.2.1/jakarta.activation-api-1.2.1.jar:/home/alex/.m2/repository/org/glassfish/jersey/inject/jersey-hk2/2.33/jersey-hk2-2.33.jar:/home/alex/.m2/repository/org/glassfish/hk2/hk2-locator/2.6.1/hk2-locator-2.6.1.jar:/home/alex/.m2/repository/org/glassfish/hk2/external/aopalliance-repackaged/2.6.1/aopalliance-repackaged-2.6.1.jar:/home/alex/.m2/repository/org/glassfish/hk2/hk2-api/2.6.1/hk2-api-2.6.1.jar:/home/alex/.m2/repository/org/glassfish/hk2/hk2-utils/2.6.1/hk2-utils-2.6.1.jar:/home/alex/.m2/repository/org/javassist/javassist/3.25.0-GA/javassist-3.25.0-GA.jar:/home/alex/.m2/repository/org/glassfish/jersey/core/jersey-common/2.33/jersey-common-2.33.jar:/home/alex/.m2/repository/jakarta/annotation/jakarta.annotation-api/1.3.5/jakarta.annotation-api-1.3.5.jar:/home/alex/.m2/repository/org/glassfish/hk2/osgi-resource-locator/1.0.3/osgi-resource-locator-1.0.3.jar:/home/alex/.m2/repository/org/glassfish/jersey/media/jersey-media-multipart/2.33/jersey-media-multipart-2.33.jar:/home/alex/.m2/repository/org/jvnet/mimepull/mimepull/1.9.13/mimepull-1.9.13.jar:/home/alex/Repositories/nifi/nifi-commons/nifi-expression-language/target/classes:/home/alex/.m2/repository/com/jayway/jsonpath/json-path/2.6.0/json-path-2.6.0.jar:/home/alex/.m2/repository/net/minidev/json-smart/2.4.7/json-smart-2.4.7.jar:/home/alex/.m2/repository/net/minidev/accessors-smart/2.4.7/accessors-smart-2.4.7.jar:/home/alex/.m2/repository/org/ow2/asm/asm/9.1/asm-9.1.jar:/home/alex/.m2/repository/org/apache/commons/commons-text/1.8/commons-text-1.8.jar:/home/alex/Repositories/nifi/nifi-commons/nifi-data-provenance-utils/target/classes:/home/alex/.m2/repository/com/fasterxml/jackson/core/jackson-core/2.12.3/jackson-core-2.12.3.jar:/home/alex/.m2/repository/org/apache/kudu/kudu-binary/1.15.0/kudu-binary-1.15.0-linux-x86_64.jar:/home/alex/.m2/repository/org/junit/jupiter/junit-jupiter-api/5.7.2/junit-jupiter-api-5.7.2.jar:/home/alex/.m2/repository/org/apiguardian/apiguardian-api/1.1.0/apiguardian-api-1.1.0.jar:/home/alex/.m2/repository/org/opentest4j/opentest4j/1.2.0/opentest4j-1.2.0.jar:/home/alex/.m2/repository/org/junit/platform/junit-platform-commons/1.7.2/junit-platform-commons-1.7.2.jar:/home/alex/.m2/repository/org/junit/jupiter/junit-jupiter-engine/5.7.2/junit-jupiter-engine-5.7.2.jar:/home/alex/.m2/repository/org/junit/platform/junit-platform-engine/1.7.2/junit-platform-engine-1.7.2.jar:/home/alex/.m2/repository/org/junit/vintage/junit-vintage-engine/5.7.2/junit-vintage-engine-5.7.2.jar:/home/alex/.m2/repository/org/junit/jupiter/junit-jupiter-params/5.7.2/junit-jupiter-params-5.7.2.jar:/home/alex/.m2/repository/org/mockito/mockito-core/3.11.2/mockito-core-3.11.2.jar:/home/alex/.m2/repository/net/bytebuddy/byte-buddy/1.11.3/byte-buddy-1.11.3.jar:/home/alex/.m2/repository/net/bytebuddy/byte-buddy-agent/1.11.3/byte-buddy-agent-1.11.3.jar:/home/alex/.m2/repository/org/objenesis/objenesis/3.2/objenesis-3.2.jar:/home/alex/.m2/repository/org/mockito/mockito-junit-jupiter/3.11.2/mockito-junit-jupiter-3.11.2.jar:/home/alex/.m2/repository/org/slf4j/slf4j-simple/1.7.32/slf4j-simple-1.7.32.jar:/home/alex/.m2/repository/org/codehaus/groovy/groovy-test/2.5.14/groovy-test-2.5.14.jar:/home/alex/.m2/repository/org/codehaus/groovy/groovy/2.5.14/groovy-2.5.14.jar:"/>
    <property name="java.vm.vendor" value="Private Build"/>
    <property name="sun.arch.data.model" value="64"/>
    <property name="java.vendor.url" value="http://java.oracle.com/"/>
    <property name="user.timezone" value="Europe/Lisbon"/>
    <property name="java.vm.specification.version" value="1.8"/>
    <property name="os.name" value="Linux"/>
    <property name="user.country" value="US"/>
    <property name="sun.java.launcher" value="SUN_STANDARD"/>
    <property name="sun.boot.library.path" value="/usr/lib/jvm/java-8-openjdk-amd64/jre/lib/amd64"/>
    <property name="sun.java.command" value="/home/alex/Repositories/nifi/nifi-nar-bundles/nifi-kudu-bundle/nifi-kudu-processors/target/surefire/surefirebooter8424875998393351898.jar /home/alex/Repositories/nifi/nifi-nar-bundles/nifi-kudu-bundle/nifi-kudu-processors/target/surefire 2024-05-02T04-22-27_492-jvmRun1 surefire2707800163079091655tmp surefire_05315021097685830192tmp"/>
    <property name="surefire.test.class.path" value="/home/alex/Repositories/nifi/nifi-nar-bundles/nifi-kudu-bundle/nifi-kudu-processors/target/test-classes:/home/alex/Repositories/nifi/nifi-nar-bundles/nifi-kudu-bundle/nifi-kudu-processors/target/classes:/home/alex/Repositories/nifi/nifi-api/target/classes:/home/alex/Repositories/nifi/nifi-nar-bundles/nifi-extension-utils/nifi-processor-utils/target/classes:/home/alex/Repositories/nifi/nifi-commons/nifi-security-socket-ssl/target/classes:/home/alex/.m2/repository/commons-io/commons-io/2.10.0/commons-io-2.10.0.jar:/home/alex/.m2/repository/org/apache/commons/commons-lang3/3.11/commons-lang3-3.11.jar:/home/alex/.m2/repository/com/fasterxml/jackson/core/jackson-databind/2.12.3/jackson-databind-2.12.3.jar:/home/alex/.m2/repository/com/fasterxml/jackson/core/jackson-annotations/2.12.3/jackson-annotations-2.12.3.jar:/home/alex/Repositories/nifi/nifi-nar-bundles/nifi-extension-utils/nifi-event-transport/target/classes:/home/alex/.m2/repository/io/netty/netty-handler/4.1.69.Final/netty-handler-4.1.69.Final.jar:/home/alex/.m2/repository/io/netty/netty-common/4.1.69.Final/netty-common-4.1.69.Final.jar:/home/alex/.m2/repository/io/netty/netty-resolver/4.1.69.Final/netty-resolver-4.1.69.Final.jar:/home/alex/.m2/repository/io/netty/netty-buffer/4.1.69.Final/netty-buffer-4.1.69.Final.jar:/home/alex/.m2/repository/io/netty/netty-transport/4.1.69.Final/netty-transport-4.1.69.Final.jar:/home/alex/.m2/repository/io/netty/netty-codec/4.1.69.Final/netty-codec-4.1.69.Final.jar:/home/alex/Repositories/nifi/nifi-nar-bundles/nifi-standard-services/nifi-kerberos-credentials-service-api/target/classes:/home/alex/Repositories/nifi/nifi-nar-bundles/nifi-standard-services/nifi-kerberos-user-service-api/target/classes:/home/alex/Repositories/nifi/nifi-nar-bundles/nifi-standard-services/nifi-record-serialization-service-api/target/classes:/home/alex/.m2/repository/org/apache/kudu/kudu-client/1.15.0/kudu-client-1.15.0.jar:/home/alex/.m2/repository/com/stumbleupon/async/1.4.1/async-1.4.1.jar:/home/alex/.m2/repository/org/slf4j/slf4j-api/1.7.32/slf4j-api-1.7.32.jar:/home/alex/Repositories/nifi/nifi-commons/nifi-utils/target/classes:/home/alex/Repositories/nifi/nifi-commons/nifi-record/target/classes:/home/alex/Repositories/nifi/nifi-commons/nifi-record-path/target/classes:/home/alex/Repositories/nifi/nifi-commons/nifi-properties/target/classes:/home/alex/Repositories/nifi/nifi-commons/nifi-property-utils/target/classes:/home/alex/Repositories/nifi/nifi-commons/nifi-uuid5/target/classes:/home/alex/.m2/repository/org/antlr/antlr-runtime/3.5.2/antlr-runtime-3.5.2.jar:/home/alex/.m2/repository/com/github/ben-manes/caffeine/caffeine/2.8.1/caffeine-2.8.1.jar:/home/alex/.m2/repository/org/checkerframework/checker-qual/3.1.0/checker-qual-3.1.0.jar:/home/alex/.m2/repository/com/google/errorprone/error_prone_annotations/2.3.4/error_prone_annotations-2.3.4.jar:/home/alex/.m2/repository/commons-codec/commons-codec/1.14/commons-codec-1.14.jar:/home/alex/Repositories/nifi/nifi-commons/nifi-security-kerberos/target/classes:/home/alex/Repositories/nifi/nifi-commons/nifi-security-kerberos-api/target/classes:/home/alex/.m2/repository/org/apache/kudu/kudu-test-utils/1.15.0/kudu-test-utils-1.15.0.jar:/home/alex/.m2/repository/junit/junit/4.13.2/junit-4.13.2.jar:/home/alex/.m2/repository/org/hamcrest/hamcrest/2.2/hamcrest-2.2.jar:/home/alex/Repositories/nifi/nifi-nar-bundles/nifi-extension-utils/nifi-record-utils/nifi-mock-record-utils/target/classes:/home/alex/Repositories/nifi/nifi-mock/target/classes:/home/alex/Repositories/nifi/nifi-framework-api/target/classes:/home/alex/Repositories/nifi/nifi-commons/nifi-parameter/target/classes:/home/alex/Repositories/nifi/nifi-nar-bundles/nifi-framework-bundle/nifi-framework/nifi-framework-core-api/target/classes:/home/alex/Repositories/nifi/nifi-nar-bundles/nifi-framework-bundle/nifi-framework/nifi-framework-nar-utils/target/classes:/home/alex/Repositories/nifi/nifi-nar-bundles/nifi-framework-bundle/nifi-framework/nifi-client-dto/target/classes:/home/alex/.m2/repository/io/swagger/swagger-annotations/1.6.0/swagger-annotations-1.6.0.jar:/home/alex/Repositories/nifi/nifi-commons/nifi-site-to-site-client/target/classes:/home/alex/Repositories/nifi/nifi-commons/nifi-security-utils/target/classes:/home/alex/Repositories/nifi/nifi-commons/nifi-security-utils-api/target/classes:/home/alex/Repositories/nifi/nifi-commons/nifi-security-kms/target/classes:/home/alex/.m2/repository/org/bouncycastle/bcprov-jdk15on/1.69/bcprov-jdk15on-1.69.jar:/home/alex/.m2/repository/org/bouncycastle/bcpkix-jdk15on/1.69/bcpkix-jdk15on-1.69.jar:/home/alex/.m2/repository/org/bouncycastle/bcutil-jdk15on/1.69/bcutil-jdk15on-1.69.jar:/home/alex/.m2/repository/at/favre/lib/bcrypt/0.9.0/bcrypt-0.9.0.jar:/home/alex/.m2/repository/at/favre/lib/bytes/1.3.0/bytes-1.3.0.jar:/home/alex/.m2/repository/org/apache/commons/commons-configuration2/2.7/commons-configuration2-2.7.jar:/home/alex/.m2/repository/org/apache/httpcomponents/httpclient/4.5.5/httpclient-4.5.5.jar:/home/alex/.m2/repository/org/apache/httpcomponents/httpcore/4.4.9/httpcore-4.4.9.jar:/home/alex/.m2/repository/org/apache/httpcomponents/httpasyncclient/4.1.4/httpasyncclient-4.1.4.jar:/home/alex/.m2/repository/org/apache/httpcomponents/httpcore-nio/4.4.10/httpcore-nio-4.4.10.jar:/home/alex/Repositories/nifi/nifi-nar-bundles/nifi-framework-bundle/nifi-framework/nifi-framework-authorization/target/classes:/home/alex/Repositories/nifi/nifi-registry/nifi-registry-core/nifi-registry-data-model/target/classes:/home/alex/.m2/repository/javax/validation/validation-api/2.0.1.Final/validation-api-2.0.1.Final.jar:/home/alex/.m2/repository/javax/ws/rs/javax.ws.rs-api/2.1/javax.ws.rs-api-2.1.jar:/home/alex/Repositories/nifi/nifi-registry/nifi-registry-core/nifi-registry-revision/nifi-registry-revision-entity-model/target/classes:/home/alex/Repositories/nifi/nifi-registry/nifi-registry-core/nifi-registry-client/target/classes:/home/alex/Repositories/nifi/nifi-registry/nifi-registry-core/nifi-registry-security-utils/target/classes:/home/alex/.m2/repository/org/glassfish/jersey/core/jersey-client/2.33/jersey-client-2.33.jar:/home/alex/.m2/repository/jakarta/ws/rs/jakarta.ws.rs-api/2.1.6/jakarta.ws.rs-api-2.1.6.jar:/home/alex/.m2/repository/org/glassfish/hk2/external/jakarta.inject/2.6.1/jakarta.inject-2.6.1.jar:/home/alex/.m2/repository/org/glassfish/jersey/media/jersey-media-json-jackson/2.33/jersey-media-json-jackson-2.33.jar:/home/alex/.m2/repository/org/glassfish/jersey/ext/jersey-entity-filtering/2.33/jersey-entity-filtering-2.33.jar:/home/alex/.m2/repository/com/fasterxml/jackson/module/jackson-module-jaxb-annotations/2.11.3/jackson-module-jaxb-annotations-2.11.3.jar:/home/alex/.m2/repository/jakarta/xml/bind/jakarta.xml.bind-api/2.3.2/jakarta.xml.bind-api-2.3.2.jar:/home/alex/.m2/repository/jakarta/activation/jakarta.activation-api/1.2.1/jakarta.activation-api-1.2.1.jar:/home/alex/.m2/repository/org/glassfish/jersey/inject/jersey-hk2/2.33/jersey-hk2-2.33.jar:/home/alex/.m2/repository/org/glassfish/hk2/hk2-locator/2.6.1/hk2-locator-2.6.1.jar:/home/alex/.m2/repository/org/glassfish/hk2/external/aopalliance-repackaged/2.6.1/aopalliance-repackaged-2.6.1.jar:/home/alex/.m2/repository/org/glassfish/hk2/hk2-api/2.6.1/hk2-api-2.6.1.jar:/home/alex/.m2/repository/org/glassfish/hk2/hk2-utils/2.6.1/hk2-utils-2.6.1.jar:/home/alex/.m2/repository/org/javassist/javassist/3.25.0-GA/javassist-3.25.0-GA.jar:/home/alex/.m2/repository/org/glassfish/jersey/core/jersey-common/2.33/jersey-common-2.33.jar:/home/alex/.m2/repository/jakarta/annotation/jakarta.annotation-api/1.3.5/jakarta.annotation-api-1.3.5.jar:/home/alex/.m2/repository/org/glassfish/hk2/osgi-resource-locator/1.0.3/osgi-resource-locator-1.0.3.jar:/home/alex/.m2/repository/org/glassfish/jersey/media/jersey-media-multipart/2.33/jersey-media-multipart-2.33.jar:/home/alex/.m2/repository/org/jvnet/mimepull/mimepull/1.9.13/mimepull-1.9.13.jar:/home/alex/Repositories/nifi/nifi-commons/nifi-expression-language/target/classes:/home/alex/.m2/repository/com/jayway/jsonpath/json-path/2.6.0/json-path-2.6.0.jar:/home/alex/.m2/repository/net/minidev/json-smart/2.4.7/json-smart-2.4.7.jar:/home/alex/.m2/repository/net/minidev/accessors-smart/2.4.7/accessors-smart-2.4.7.jar:/home/alex/.m2/repository/org/ow2/asm/asm/9.1/asm-9.1.jar:/home/alex/.m2/repository/org/apache/commons/commons-text/1.8/commons-text-1.8.jar:/home/alex/Repositories/nifi/nifi-commons/nifi-data-provenance-utils/target/classes:/home/alex/.m2/repository/com/fasterxml/jackson/core/jackson-core/2.12.3/jackson-core-2.12.3.jar:/home/alex/.m2/repository/org/apache/kudu/kudu-binary/1.15.0/kudu-binary-1.15.0-linux-x86_64.jar:/home/alex/.m2/repository/org/junit/jupiter/junit-jupiter-api/5.7.2/junit-jupiter-api-5.7.2.jar:/home/alex/.m2/repository/org/apiguardian/apiguardian-api/1.1.0/apiguardian-api-1.1.0.jar:/home/alex/.m2/repository/org/opentest4j/opentest4j/1.2.0/opentest4j-1.2.0.jar:/home/alex/.m2/repository/org/junit/platform/junit-platform-commons/1.7.2/junit-platform-commons-1.7.2.jar:/home/alex/.m2/repository/org/junit/jupiter/junit-jupiter-engine/5.7.2/junit-jupiter-engine-5.7.2.jar:/home/alex/.m2/repository/org/junit/platform/junit-platform-engine/1.7.2/junit-platform-engine-1.7.2.jar:/home/alex/.m2/repository/org/junit/vintage/junit-vintage-engine/5.7.2/junit-vintage-engine-5.7.2.jar:/home/alex/.m2/repository/org/junit/jupiter/junit-jupiter-params/5.7.2/junit-jupiter-params-5.7.2.jar:/home/alex/.m2/repository/org/mockito/mockito-core/3.11.2/mockito-core-3.11.2.jar:/home/alex/.m2/repository/net/bytebuddy/byte-buddy/1.11.3/byte-buddy-1.11.3.jar:/home/alex/.m2/repository/net/bytebuddy/byte-buddy-agent/1.11.3/byte-buddy-agent-1.11.3.jar:/home/alex/.m2/repository/org/objenesis/objenesis/3.2/objenesis-3.2.jar:/home/alex/.m2/repository/org/mockito/mockito-junit-jupiter/3.11.2/mockito-junit-jupiter-3.11.2.jar:/home/alex/.m2/repository/org/slf4j/slf4j-simple/1.7.32/slf4j-simple-1.7.32.jar:/home/alex/.m2/repository/org/codehaus/groovy/groovy-test/2.5.14/groovy-test-2.5.14.jar:/home/alex/.m2/repository/org/codehaus/groovy/groovy/2.5.14/groovy-2.5.14.jar:"/>
    <property name="sun.cpu.endian" value="little"/>
    <property name="user.home" value="/home/alex"/>
    <property name="user.language" value="en"/>
    <property name="java.specification.vendor" value="Oracle Corporation"/>
    <property name="java.home" value="/usr/lib/jvm/java-8-openjdk-amd64/jre"/>
    <property name="basedir" value="/home/alex/Repositories/nifi/nifi-nar-bundles/nifi-kudu-bundle/nifi-kudu-processors"/>
    <property name="file.separator" value="/"/>
    <property name="line.separator" value="&#10;"/>
    <property name="java.vm.specification.vendor" value="Oracle Corporation"/>
    <property name="java.specification.name" value="Java Platform API Specification"/>
    <property name="java.awt.graphicsenv" value="sun.awt.X11GraphicsEnvironment"/>
    <property name="java.awt.headless" value="true"/>
    <property name="surefire.real.class.path" value="/home/alex/Repositories/nifi/nifi-nar-bundles/nifi-kudu-bundle/nifi-kudu-processors/target/surefire/surefirebooter8424875998393351898.jar"/>
    <property name="sun.boot.class.path" value="/usr/lib/jvm/java-8-openjdk-amd64/jre/lib/resources.jar:/usr/lib/jvm/java-8-openjdk-amd64/jre/lib/rt.jar:/usr/lib/jvm/java-8-openjdk-amd64/jre/lib/sunrsasign.jar:/usr/lib/jvm/java-8-openjdk-amd64/jre/lib/jsse.jar:/usr/lib/jvm/java-8-openjdk-amd64/jre/lib/jce.jar:/usr/lib/jvm/java-8-openjdk-amd64/jre/lib/charsets.jar:/usr/lib/jvm/java-8-openjdk-amd64/jre/lib/jfr.jar:/usr/lib/jvm/java-8-openjdk-amd64/jre/classes"/>
    <property name="sun.management.compiler" value="HotSpot 64-Bit Tiered Compilers"/>
    <property name="java.runtime.version" value="1.8.0_402-8u402-ga-2ubuntu1~22.04-b06"/>
    <property name="java.net.preferIPv4Stack" value="true"/>
    <property name="user.name" value="alex"/>
    <property name="path.separator" value=":"/>
    <property name="os.version" value="6.5.0-28-generic"/>
    <property name="java.endorsed.dirs" value="/usr/lib/jvm/java-8-openjdk-amd64/jre/lib/endorsed"/>
    <property name="java.runtime.name" value="OpenJDK Runtime Environment"/>
    <property name="file.encoding" value="UTF-8"/>
    <property name="java.vm.name" value="OpenJDK 64-Bit Server VM"/>
    <property name="localRepository" value="/home/alex/.m2/repository"/>
    <property name="java.vendor.url.bug" value="http://bugreport.sun.com/bugreport/"/>
    <property name="java.io.tmpdir" value="/tmp"/>
    <property name="java.version" value="1.8.0_402"/>
    <property name="user.dir" value="/home/alex/Repositories/nifi/nifi-nar-bundles/nifi-kudu-bundle/nifi-kudu-processors"/>
    <property name="os.arch" value="amd64"/>
    <property name="java.vm.specification.name" value="Java Virtual Machine Specification"/>
    <property name="java.awt.printerjob" value="sun.print.PSPrinterJob"/>
    <property name="sun.os.patch.level" value="unknown"/>
    <property name="java.library.path" value="/usr/java/packages/lib/amd64:/usr/lib/x86_64-linux-gnu/jni:/lib/x86_64-linux-gnu:/usr/lib/x86_64-linux-gnu:/usr/lib/jni:/lib:/usr/lib"/>
    <property name="java.vm.info" value="mixed mode"/>
    <property name="java.vendor" value="Private Build"/>
    <property name="java.vm.version" value="25.402-b06"/>
    <property name="java.specification.maintenance.version" value="5"/>
    <property name="java.ext.dirs" value="/usr/lib/jvm/java-8-openjdk-amd64/jre/lib/ext:/usr/java/packages/lib/ext"/>
    <property name="sun.io.unicode.encoding" value="UnicodeLittle"/>
    <property name="java.class.version" value="52.0"/>
  </properties>
  <testcase name="testBuildPartialRowLowercaseFields" classname="org.apache.nifi.processors.kudu.TestPutKudu" time="0.586"/>
  <testcase name="testValidSchemaShouldBeSuccessful" classname="org.apache.nifi.processors.kudu.TestPutKudu" time="0.29"/>
  <testcase name="testAddingMissingFieldsWhenHandleSchemaDriftIsAllowed" classname="org.apache.nifi.processors.kudu.TestPutKudu" time="0.047">
    <system-err><![CDATA[[pool-3-thread-1] INFO org.apache.nifi.processors.kudu.MockPutKudu - MockPutKudu[id=56e0031b-1b5e-4413-a4f6-d02b151293cd] Adding 6 columns to table 'null' to handle schema drift
]]></system-err>
  </testcase>
  <testcase name="testBuildPartialRowLowercaseFieldsFalse" classname="org.apache.nifi.processors.kudu.TestPutKudu" time="0.002"/>
  <testcase name="testBuildPartialRowNullable" classname="org.apache.nifi.processors.kudu.TestPutKudu" time="0.002"/>
  <testcase name="testBuildPartialRowWithDateDefaultTimeZone" classname="org.apache.nifi.processors.kudu.TestPutKudu" time="0.031"/>
  <testcase name="testBuildPartialRowLowercaseFieldsKuduUpperFail" classname="org.apache.nifi.processors.kudu.TestPutKudu" time="0.001"/>
  <testcase name="testCustomValidate" classname="org.apache.nifi.processors.kudu.TestPutKudu" time="0.025"/>
  <testcase name="testMissingColumnInReader" classname="org.apache.nifi.processors.kudu.TestPutKudu" time="0.039">
    <system-err><![CDATA[[pool-4-thread-1] ERROR org.apache.nifi.processors.kudu.MockPutKudu - MockPutKudu[id=065c5594-cdd6-4cea-8e70-a50dfe034d5e] Failed to push FlowFile[0,testMissingColumnInReader-1714620149183,7B] to Kudu: java.lang.ArrayIndexOutOfBoundsException: 3
java.lang.ArrayIndexOutOfBoundsException: 3
	at org.apache.nifi.serialization.record.MockRecordParser$1.nextRecord(MockRecordParser.java:106)
	at org.apache.nifi.serialization.RecordReader.nextRecord(RecordReader.java:50)
	at org.apache.nifi.serialization.RecordReader$1.next(RecordReader.java:96)
	at org.apache.nifi.processors.kudu.PutKudu.processRecords(PutKudu.java:432)
	at org.apache.nifi.processors.kudu.PutKudu.processFlowFiles(PutKudu.java:372)
	at org.apache.nifi.processors.kudu.PutKudu.lambda$onTrigger$0(PutKudu.java:351)
	at org.apache.nifi.processors.kudu.MockPutKudu.executeOnKuduClient(MockPutKudu.java:140)
	at org.apache.nifi.processors.kudu.PutKudu.onTrigger(PutKudu.java:351)
	at org.apache.nifi.processor.AbstractProcessor.onTrigger(AbstractProcessor.java:27)
	at org.apache.nifi.util.StandardProcessorTestRunner$RunProcessor.call(StandardProcessorTestRunner.java:284)
	at org.apache.nifi.util.StandardProcessorTestRunner$RunProcessor.call(StandardProcessorTestRunner.java:278)
	at java.util.concurrent.FutureTask.run(FutureTask.java:266)
	at java.util.concurrent.ScheduledThreadPoolExecutor$ScheduledFutureTask.access$201(ScheduledThreadPoolExecutor.java:180)
	at java.util.concurrent.ScheduledThreadPoolExecutor$ScheduledFutureTask.run(ScheduledThreadPoolExecutor.java:293)
	at java.util.concurrent.ThreadPoolExecutor.runWorker(ThreadPoolExecutor.java:1149)
	at java.util.concurrent.ThreadPoolExecutor$Worker.run(ThreadPoolExecutor.java:624)
	at java.lang.Thread.run(Thread.java:750)
[pool-4-thread-1] ERROR org.apache.nifi.processors.kudu.MockPutKudu - MockPutKudu[id=065c5594-cdd6-4cea-8e70-a50dfe034d5e] Failed to write due to java.lang.ArrayIndexOutOfBoundsException: 3: java.lang.ArrayIndexOutOfBoundsException: 3
java.lang.ArrayIndexOutOfBoundsException: 3
	at org.apache.nifi.serialization.record.MockRecordParser$1.nextRecord(MockRecordParser.java:106)
	at org.apache.nifi.serialization.RecordReader.nextRecord(RecordReader.java:50)
	at org.apache.nifi.serialization.RecordReader$1.next(RecordReader.java:96)
	at org.apache.nifi.processors.kudu.PutKudu.processRecords(PutKudu.java:432)
	at org.apache.nifi.processors.kudu.PutKudu.processFlowFiles(PutKudu.java:372)
	at org.apache.nifi.processors.kudu.PutKudu.lambda$onTrigger$0(PutKudu.java:351)
	at org.apache.nifi.processors.kudu.MockPutKudu.executeOnKuduClient(MockPutKudu.java:140)
	at org.apache.nifi.processors.kudu.PutKudu.onTrigger(PutKudu.java:351)
	at org.apache.nifi.processor.AbstractProcessor.onTrigger(AbstractProcessor.java:27)
	at org.apache.nifi.util.StandardProcessorTestRunner$RunProcessor.call(StandardProcessorTestRunner.java:284)
	at org.apache.nifi.util.StandardProcessorTestRunner$RunProcessor.call(StandardProcessorTestRunner.java:278)
	at java.util.concurrent.FutureTask.run(FutureTask.java:266)
	at java.util.concurrent.ScheduledThreadPoolExecutor$ScheduledFutureTask.access$201(ScheduledThreadPoolExecutor.java:180)
	at java.util.concurrent.ScheduledThreadPoolExecutor$ScheduledFutureTask.run(ScheduledThreadPoolExecutor.java:293)
	at java.util.concurrent.ThreadPoolExecutor.runWorker(ThreadPoolExecutor.java:1149)
	at java.util.concurrent.ThreadPoolExecutor$Worker.run(ThreadPoolExecutor.java:624)
	at java.lang.Thread.run(Thread.java:750)
]]></system-err>
  </testcase>
  <testcase name="testKuduPartialFailuresOnAutoFlushBackground" classname="org.apache.nifi.processors.kudu.TestPutKudu" time="0.196">
    <system-err><![CDATA[[pool-5-thread-1] ERROR org.apache.nifi.processors.kudu.MockPutKudu - MockPutKudu[id=630d2beb-8b30-493d-a2f1-bb305ef79145] Failed to write due to Mock for RowError, hashCode: 2131325189
[pool-5-thread-1] ERROR org.apache.nifi.processors.kudu.MockPutKudu - MockPutKudu[id=630d2beb-8b30-493d-a2f1-bb305ef79145] Failed to write due to Mock for RowError, hashCode: 2139234323
[pool-5-thread-1] ERROR org.apache.nifi.processors.kudu.MockPutKudu - MockPutKudu[id=630d2beb-8b30-493d-a2f1-bb305ef79145] Failed to push FlowFile[3,100569226520313.mockFlowFile,0B] to Kudu: Mock for KuduException, hashCode: 604401195
[pool-5-thread-1] ERROR org.apache.nifi.processors.kudu.MockPutKudu - MockPutKudu[id=630d2beb-8b30-493d-a2f1-bb305ef79145] Failed to write due to Mock for KuduException, hashCode: 604401195: Mock for KuduException, hashCode: 604401195
[pool-6-thread-1] ERROR org.apache.nifi.processors.kudu.MockPutKudu - MockPutKudu[id=570f8076-e175-4757-a9d1-cc8ea6f0ccdb] Failed to write due to Mock for RowError, hashCode: 73681896
[pool-6-thread-1] ERROR org.apache.nifi.processors.kudu.MockPutKudu - MockPutKudu[id=570f8076-e175-4757-a9d1-cc8ea6f0ccdb] Failed to write due to Mock for RowError, hashCode: 400778329
[pool-6-thread-1] ERROR org.apache.nifi.processors.kudu.MockPutKudu - MockPutKudu[id=570f8076-e175-4757-a9d1-cc8ea6f0ccdb] Failed to push FlowFile[3,100569240199164.mockFlowFile,0B] to Kudu: Mock for KuduException, hashCode: 1089312260
[pool-6-thread-1] ERROR org.apache.nifi.processors.kudu.MockPutKudu - MockPutKudu[id=570f8076-e175-4757-a9d1-cc8ea6f0ccdb] Failed to write due to Mock for KuduException, hashCode: 1089312260: Mock for KuduException, hashCode: 1089312260
[pool-7-thread-1] ERROR org.apache.nifi.processors.kudu.MockPutKudu - MockPutKudu[id=63b1ff01-250a-4668-85ae-62f05096a847] Failed to write due to Mock for RowError, hashCode: 1787638116
[pool-7-thread-1] ERROR org.apache.nifi.processors.kudu.MockPutKudu - MockPutKudu[id=63b1ff01-250a-4668-85ae-62f05096a847] Failed to write due to Mock for RowError, hashCode: 141178062
[pool-7-thread-1] ERROR org.apache.nifi.processors.kudu.MockPutKudu - MockPutKudu[id=63b1ff01-250a-4668-85ae-62f05096a847] Failed to push FlowFile[3,100569251953933.mockFlowFile,0B] to Kudu: Mock for KuduException, hashCode: 642553260
[pool-7-thread-1] ERROR org.apache.nifi.processors.kudu.MockPutKudu - MockPutKudu[id=63b1ff01-250a-4668-85ae-62f05096a847] Failed to write due to Mock for KuduException, hashCode: 642553260: Mock for KuduException, hashCode: 642553260
[pool-8-thread-1] ERROR org.apache.nifi.processors.kudu.MockPutKudu - MockPutKudu[id=7f43f80e-a4b4-4f9b-8e1b-af910f8f77a3] Failed to push FlowFile[3,100569263124713.mockFlowFile,0B] to Kudu: Mock for KuduException, hashCode: 234166758
[pool-8-thread-1] ERROR org.apache.nifi.processors.kudu.MockPutKudu - MockPutKudu[id=7f43f80e-a4b4-4f9b-8e1b-af910f8f77a3] Failed to write due to Mock for RowError, hashCode: 98554944
[pool-8-thread-1] ERROR org.apache.nifi.processors.kudu.MockPutKudu - MockPutKudu[id=7f43f80e-a4b4-4f9b-8e1b-af910f8f77a3] Failed to write due to Mock for RowError, hashCode: 417693435
[pool-8-thread-1] ERROR org.apache.nifi.processors.kudu.MockPutKudu - MockPutKudu[id=7f43f80e-a4b4-4f9b-8e1b-af910f8f77a3] Failed to write due to Mock for KuduException, hashCode: 234166758: Mock for KuduException, hashCode: 234166758
[pool-9-thread-1] ERROR org.apache.nifi.processors.kudu.MockPutKudu - MockPutKudu[id=9b32d48c-0351-407e-ab2e-8c1f2778b60a] Failed to push FlowFile[3,100569273276727.mockFlowFile,0B] to Kudu: Mock for KuduException, hashCode: 1470573248
[pool-9-thread-1] ERROR org.apache.nifi.processors.kudu.MockPutKudu - MockPutKudu[id=9b32d48c-0351-407e-ab2e-8c1f2778b60a] Failed to write due to Mock for RowError, hashCode: 1204507988
[pool-9-thread-1] ERROR org.apache.nifi.processors.kudu.MockPutKudu - MockPutKudu[id=9b32d48c-0351-407e-ab2e-8c1f2778b60a] Failed to write due to Mock for RowError, hashCode: 593068942
[pool-9-thread-1] ERROR org.apache.nifi.processors.kudu.MockPutKudu - MockPutKudu[id=9b32d48c-0351-407e-ab2e-8c1f2778b60a] Failed to write due to Mock for KuduException, hashCode: 1470573248: Mock for KuduException, hashCode: 1470573248
[pool-10-thread-1] ERROR org.apache.nifi.processors.kudu.MockPutKudu - MockPutKudu[id=3f00b6f0-cff5-4776-a8f4-dcf75011e6c8] Failed to push FlowFile[3,100569284444752.mockFlowFile,0B] to Kudu: Mock for KuduException, hashCode: 124564883
[pool-10-thread-1] ERROR org.apache.nifi.processors.kudu.MockPutKudu - MockPutKudu[id=3f00b6f0-cff5-4776-a8f4-dcf75011e6c8] Failed to write due to Mock for RowError, hashCode: 1591053453
[pool-10-thread-1] ERROR org.apache.nifi.processors.kudu.MockPutKudu - MockPutKudu[id=3f00b6f0-cff5-4776-a8f4-dcf75011e6c8] Failed to write due to Mock for RowError, hashCode: 1371896046
[pool-10-thread-1] ERROR org.apache.nifi.processors.kudu.MockPutKudu - MockPutKudu[id=3f00b6f0-cff5-4776-a8f4-dcf75011e6c8] Failed to write due to Mock for KuduException, hashCode: 124564883: Mock for KuduException, hashCode: 124564883
[pool-11-thread-1] ERROR org.apache.nifi.processors.kudu.MockPutKudu - MockPutKudu[id=61797d54-5379-49a6-91ba-4dcc534121c0] Failed to push FlowFile[3,100569295168843.mockFlowFile,0B] to Kudu: Mock for KuduException, hashCode: 152841180
[pool-11-thread-1] ERROR org.apache.nifi.processors.kudu.MockPutKudu - MockPutKudu[id=61797d54-5379-49a6-91ba-4dcc534121c0] Failed to write due to Mock for RowError, hashCode: 1976237166
[pool-11-thread-1] ERROR org.apache.nifi.processors.kudu.MockPutKudu - MockPutKudu[id=61797d54-5379-49a6-91ba-4dcc534121c0] Failed to write due to Mock for RowError, hashCode: 673196618
[pool-11-thread-1] ERROR org.apache.nifi.processors.kudu.MockPutKudu - MockPutKudu[id=61797d54-5379-49a6-91ba-4dcc534121c0] Failed to write due to Mock for KuduException, hashCode: 152841180: Mock for KuduException, hashCode: 152841180
[pool-12-thread-1] ERROR org.apache.nifi.processors.kudu.MockPutKudu - MockPutKudu[id=7011e027-396f-472d-9024-825ef57f929e] Failed to push FlowFile[3,100569304186569.mockFlowFile,0B] to Kudu: Mock for KuduException, hashCode: 1180521399
[pool-12-thread-1] ERROR org.apache.nifi.processors.kudu.MockPutKudu - MockPutKudu[id=7011e027-396f-472d-9024-825ef57f929e] Failed to write due to Mock for RowError, hashCode: 1244424292
[pool-12-thread-1] ERROR org.apache.nifi.processors.kudu.MockPutKudu - MockPutKudu[id=7011e027-396f-472d-9024-825ef57f929e] Failed to write due to Mock for RowError, hashCode: 152616700
[pool-12-thread-1] ERROR org.apache.nifi.processors.kudu.MockPutKudu - MockPutKudu[id=7011e027-396f-472d-9024-825ef57f929e] Failed to write due to Mock for KuduException, hashCode: 1180521399: Mock for KuduException, hashCode: 1180521399
[pool-13-thread-1] ERROR org.apache.nifi.processors.kudu.MockPutKudu - MockPutKudu[id=18c5e0cc-008b-49cc-a34c-dd91fad254a8] Failed to push FlowFile[3,100569313016816.mockFlowFile,0B] to Kudu: Mock for KuduException, hashCode: 332845651
[pool-13-thread-1] ERROR org.apache.nifi.processors.kudu.MockPutKudu - MockPutKudu[id=18c5e0cc-008b-49cc-a34c-dd91fad254a8] Failed to write due to Mock for RowError, hashCode: 288141181
[pool-13-thread-1] ERROR org.apache.nifi.processors.kudu.MockPutKudu - MockPutKudu[id=18c5e0cc-008b-49cc-a34c-dd91fad254a8] Failed to write due to Mock for RowError, hashCode: 220599113
[pool-13-thread-1] ERROR org.apache.nifi.processors.kudu.MockPutKudu - MockPutKudu[id=18c5e0cc-008b-49cc-a34c-dd91fad254a8] Failed to write due to Mock for KuduException, hashCode: 332845651: Mock for KuduException, hashCode: 332845651
[pool-14-thread-1] ERROR org.apache.nifi.processors.kudu.MockPutKudu - MockPutKudu[id=050cfc18-e081-4321-b67d-c9fe3b880665] Failed to push FlowFile[3,100569322327376.mockFlowFile,0B] to Kudu: Mock for KuduException, hashCode: 1159218694
[pool-14-thread-1] ERROR org.apache.nifi.processors.kudu.MockPutKudu - MockPutKudu[id=050cfc18-e081-4321-b67d-c9fe3b880665] Failed to write due to Mock for RowError, hashCode: 925645193
[pool-14-thread-1] ERROR org.apache.nifi.processors.kudu.MockPutKudu - MockPutKudu[id=050cfc18-e081-4321-b67d-c9fe3b880665] Failed to write due to Mock for RowError, hashCode: 780567155
[pool-14-thread-1] ERROR org.apache.nifi.processors.kudu.MockPutKudu - MockPutKudu[id=050cfc18-e081-4321-b67d-c9fe3b880665] Failed to write due to Mock for KuduException, hashCode: 1159218694: Mock for KuduException, hashCode: 1159218694
[pool-15-thread-1] ERROR org.apache.nifi.processors.kudu.MockPutKudu - MockPutKudu[id=7e03d801-89e5-4ba8-b08f-4764ced78a31] Failed to push FlowFile[3,100569331850504.mockFlowFile,0B] to Kudu: Mock for KuduException, hashCode: 1496262465
[pool-15-thread-1] ERROR org.apache.nifi.processors.kudu.MockPutKudu - MockPutKudu[id=7e03d801-89e5-4ba8-b08f-4764ced78a31] Failed to write due to Mock for RowError, hashCode: 1917626130
[pool-15-thread-1] ERROR org.apache.nifi.processors.kudu.MockPutKudu - MockPutKudu[id=7e03d801-89e5-4ba8-b08f-4764ced78a31] Failed to write due to Mock for RowError, hashCode: 382470554
[pool-15-thread-1] ERROR org.apache.nifi.processors.kudu.MockPutKudu - MockPutKudu[id=7e03d801-89e5-4ba8-b08f-4764ced78a31] Failed to write due to Mock for KuduException, hashCode: 1496262465: Mock for KuduException, hashCode: 1496262465
]]></system-err>
  </testcase>
  <testcase name="testBuildPartialRowLowercaseFieldsKuduUpper" classname="org.apache.nifi.processors.kudu.TestPutKudu" time="0.001"/>
  <testcase name="testDeleteFlowFiles" classname="org.apache.nifi.processors.kudu.TestPutKudu" time="0.091"/>
  <testcase name="testBuildRow" classname="org.apache.nifi.processors.kudu.TestPutKudu" time="0.001"/>
  <testcase name="testBuildPartialRowWithDate" classname="org.apache.nifi.processors.kudu.TestPutKudu" time="0.001"/>
  <testcase name="testInsecureClient" classname="org.apache.nifi.processors.kudu.TestPutKudu" time="0.003"/>
  <testcase name="testUpdateFlowFiles" classname="org.apache.nifi.processors.kudu.TestPutKudu" time="0.034"/>
  <testcase name="testBuildPartialRowNullPrimaryKey" classname="org.apache.nifi.processors.kudu.TestPutKudu" time="0.001"/>
  <testcase name="testBuildPartialRowWithDateString" classname="org.apache.nifi.processors.kudu.TestPutKudu" time="0.001"/>
  <testcase name="testReadAsStringAndWriteAsInt" classname="org.apache.nifi.processors.kudu.TestPutKudu" time="0.002"/>
  <testcase name="testBuildPartialRowNotNullable" classname="org.apache.nifi.processors.kudu.TestPutKudu" time="0.001"/>
  <testcase name="testUpsertFlowFiles" classname="org.apache.nifi.processors.kudu.TestPutKudu" time="0.031"/>
  <testcase name="testKuduPartialFailuresOnManualFlush" classname="org.apache.nifi.processors.kudu.TestPutKudu" time="0.055">
    <system-err><![CDATA[[pool-22-thread-1] ERROR org.apache.nifi.processors.kudu.MockPutKudu - MockPutKudu[id=0939b354-ba45-4261-b26b-8601fab3d3b2] Failed to write due to Mock for RowError, hashCode: 1515244726
[pool-22-thread-1] ERROR org.apache.nifi.processors.kudu.MockPutKudu - MockPutKudu[id=0939b354-ba45-4261-b26b-8601fab3d3b2] Failed to write due to Mock for RowError, hashCode: 981414905
[pool-22-thread-1] ERROR org.apache.nifi.processors.kudu.MockPutKudu - MockPutKudu[id=0939b354-ba45-4261-b26b-8601fab3d3b2] Failed to push FlowFile[3,100569508340767.mockFlowFile,0B] to Kudu: Mock for KuduException, hashCode: 1331821008
[pool-22-thread-1] ERROR org.apache.nifi.processors.kudu.MockPutKudu - MockPutKudu[id=0939b354-ba45-4261-b26b-8601fab3d3b2] Failed to write due to Mock for KuduException, hashCode: 1331821008: Mock for KuduException, hashCode: 1331821008
[pool-23-thread-1] ERROR org.apache.nifi.processors.kudu.MockPutKudu - MockPutKudu[id=95ce5e14-896e-4c6a-92b7-45b99a91ac82] Failed to write due to Mock for RowError, hashCode: 313759858
[pool-23-thread-1] ERROR org.apache.nifi.processors.kudu.MockPutKudu - MockPutKudu[id=95ce5e14-896e-4c6a-92b7-45b99a91ac82] Failed to write due to Mock for RowError, hashCode: 1428272171
[pool-23-thread-1] ERROR org.apache.nifi.processors.kudu.MockPutKudu - MockPutKudu[id=95ce5e14-896e-4c6a-92b7-45b99a91ac82] Failed to push FlowFile[3,100569514152560.mockFlowFile,0B] to Kudu: Mock for KuduException, hashCode: 1515296442
[pool-23-thread-1] ERROR org.apache.nifi.processors.kudu.MockPutKudu - MockPutKudu[id=95ce5e14-896e-4c6a-92b7-45b99a91ac82] Failed to write due to Mock for KuduException, hashCode: 1515296442: Mock for KuduException, hashCode: 1515296442
[pool-24-thread-1] ERROR org.apache.nifi.processors.kudu.MockPutKudu - MockPutKudu[id=616e8579-ff1a-4ec3-bf2d-e697e9ff73a2] Failed to write due to Mock for RowError, hashCode: 738985892
[pool-24-thread-1] ERROR org.apache.nifi.processors.kudu.MockPutKudu - MockPutKudu[id=616e8579-ff1a-4ec3-bf2d-e697e9ff73a2] Failed to write due to Mock for RowError, hashCode: 80898212
[pool-24-thread-1] ERROR org.apache.nifi.processors.kudu.MockPutKudu - MockPutKudu[id=616e8579-ff1a-4ec3-bf2d-e697e9ff73a2] Failed to push FlowFile[3,100569519924917.mockFlowFile,0B] to Kudu: Mock for KuduException, hashCode: 537323687
[pool-24-thread-1] ERROR org.apache.nifi.processors.kudu.MockPutKudu - MockPutKudu[id=616e8579-ff1a-4ec3-bf2d-e697e9ff73a2] Failed to write due to Mock for KuduException, hashCode: 537323687: Mock for KuduException, hashCode: 537323687
[pool-25-thread-1] ERROR org.apache.nifi.processors.kudu.MockPutKudu - MockPutKudu[id=cf8f57c1-1ca1-4e7f-936e-702e9d1cf62a] Failed to push FlowFile[3,100569524825034.mockFlowFile,0B] to Kudu: Mock for KuduException, hashCode: 1079367437
[pool-25-thread-1] ERROR org.apache.nifi.processors.kudu.MockPutKudu - MockPutKudu[id=cf8f57c1-1ca1-4e7f-936e-702e9d1cf62a] Failed to write due to Mock for RowError, hashCode: 1325334119
[pool-25-thread-1] ERROR org.apache.nifi.processors.kudu.MockPutKudu - MockPutKudu[id=cf8f57c1-1ca1-4e7f-936e-702e9d1cf62a] Failed to write due to Mock for RowError, hashCode: 373553898
[pool-25-thread-1] ERROR org.apache.nifi.processors.kudu.MockPutKudu - MockPutKudu[id=cf8f57c1-1ca1-4e7f-936e-702e9d1cf62a] Failed to write due to Mock for KuduException, hashCode: 1079367437: Mock for KuduException, hashCode: 1079367437
[pool-26-thread-1] ERROR org.apache.nifi.processors.kudu.MockPutKudu - MockPutKudu[id=34ffb132-8088-4db1-9694-1f7ebbb532af] Failed to push FlowFile[3,100569529567859.mockFlowFile,0B] to Kudu: Mock for KuduException, hashCode: 926705645
[pool-26-thread-1] ERROR org.apache.nifi.processors.kudu.MockPutKudu - MockPutKudu[id=34ffb132-8088-4db1-9694-1f7ebbb532af] Failed to write due to Mock for RowError, hashCode: 660166765
[pool-26-thread-1] ERROR org.apache.nifi.processors.kudu.MockPutKudu - MockPutKudu[id=34ffb132-8088-4db1-9694-1f7ebbb532af] Failed to write due to Mock for RowError, hashCode: 1423399618
[pool-26-thread-1] ERROR org.apache.nifi.processors.kudu.MockPutKudu - MockPutKudu[id=34ffb132-8088-4db1-9694-1f7ebbb532af] Failed to write due to Mock for KuduException, hashCode: 926705645: Mock for KuduException, hashCode: 926705645
[pool-27-thread-1] ERROR org.apache.nifi.processors.kudu.MockPutKudu - MockPutKudu[id=7468052f-9e08-4cdf-8ee1-cc04a72030ae] Failed to push FlowFile[3,100569534045272.mockFlowFile,0B] to Kudu: Mock for KuduException, hashCode: 202460981
[pool-27-thread-1] ERROR org.apache.nifi.processors.kudu.MockPutKudu - MockPutKudu[id=7468052f-9e08-4cdf-8ee1-cc04a72030ae] Failed to write due to Mock for RowError, hashCode: 2009747463
[pool-27-thread-1] ERROR org.apache.nifi.processors.kudu.MockPutKudu - MockPutKudu[id=7468052f-9e08-4cdf-8ee1-cc04a72030ae] Failed to write due to Mock for RowError, hashCode: 2052604028
[pool-27-thread-1] ERROR org.apache.nifi.processors.kudu.MockPutKudu - MockPutKudu[id=7468052f-9e08-4cdf-8ee1-cc04a72030ae] Failed to write due to Mock for KuduException, hashCode: 202460981: Mock for KuduException, hashCode: 202460981
[pool-28-thread-1] ERROR org.apache.nifi.processors.kudu.MockPutKudu - MockPutKudu[id=79669caf-9d7b-49bc-be68-98522dd8ae05] Failed to push FlowFile[3,100569538194169.mockFlowFile,0B] to Kudu: Mock for KuduException, hashCode: 217051643
[pool-28-thread-1] ERROR org.apache.nifi.processors.kudu.MockPutKudu - MockPutKudu[id=79669caf-9d7b-49bc-be68-98522dd8ae05] Failed to write due to Mock for RowError, hashCode: 399491285
[pool-28-thread-1] ERROR org.apache.nifi.processors.kudu.MockPutKudu - MockPutKudu[id=79669caf-9d7b-49bc-be68-98522dd8ae05] Failed to write due to Mock for RowError, hashCode: 1463667612
[pool-28-thread-1] ERROR org.apache.nifi.processors.kudu.MockPutKudu - MockPutKudu[id=79669caf-9d7b-49bc-be68-98522dd8ae05] Failed to write due to Mock for KuduException, hashCode: 217051643: Mock for KuduException, hashCode: 217051643
[pool-29-thread-1] ERROR org.apache.nifi.processors.kudu.MockPutKudu - MockPutKudu[id=e21370eb-ef6a-4513-9fd2-05c21d5b1f51] Failed to push FlowFile[3,100569542935082.mockFlowFile,0B] to Kudu: Mock for KuduException, hashCode: 1333169286
[pool-29-thread-1] ERROR org.apache.nifi.processors.kudu.MockPutKudu - MockPutKudu[id=e21370eb-ef6a-4513-9fd2-05c21d5b1f51] Failed to write due to Mock for RowError, hashCode: 1016315672
[pool-29-thread-1] ERROR org.apache.nifi.processors.kudu.MockPutKudu - MockPutKudu[id=e21370eb-ef6a-4513-9fd2-05c21d5b1f51] Failed to write due to Mock for RowError, hashCode: 1145268079
[pool-29-thread-1] ERROR org.apache.nifi.processors.kudu.MockPutKudu - MockPutKudu[id=e21370eb-ef6a-4513-9fd2-05c21d5b1f51] Failed to write due to Mock for KuduException, hashCode: 1333169286: Mock for KuduException, hashCode: 1333169286
[pool-30-thread-1] ERROR org.apache.nifi.processors.kudu.MockPutKudu - MockPutKudu[id=c6ec6a5e-e70a-41ad-89de-79bd9d7edcc7] Failed to push FlowFile[3,100569547318273.mockFlowFile,0B] to Kudu: Mock for KuduException, hashCode: 1534617305
[pool-30-thread-1] ERROR org.apache.nifi.processors.kudu.MockPutKudu - MockPutKudu[id=c6ec6a5e-e70a-41ad-89de-79bd9d7edcc7] Failed to write due to Mock for RowError, hashCode: 1700913774
[pool-30-thread-1] ERROR org.apache.nifi.processors.kudu.MockPutKudu - MockPutKudu[id=c6ec6a5e-e70a-41ad-89de-79bd9d7edcc7] Failed to write due to Mock for RowError, hashCode: 1942094512
[pool-30-thread-1] ERROR org.apache.nifi.processors.kudu.MockPutKudu - MockPutKudu[id=c6ec6a5e-e70a-41ad-89de-79bd9d7edcc7] Failed to write due to Mock for KuduException, hashCode: 1534617305: Mock for KuduException, hashCode: 1534617305
[pool-31-thread-1] ERROR org.apache.nifi.processors.kudu.MockPutKudu - MockPutKudu[id=373a5489-10d2-43fc-993f-7a5d9268d574] Failed to push FlowFile[3,100569551694603.mockFlowFile,0B] to Kudu: Mock for KuduException, hashCode: 1151119814
[pool-31-thread-1] ERROR org.apache.nifi.processors.kudu.MockPutKudu - MockPutKudu[id=373a5489-10d2-43fc-993f-7a5d9268d574] Failed to write due to Mock for RowError, hashCode: 536177706
[pool-31-thread-1] ERROR org.apache.nifi.processors.kudu.MockPutKudu - MockPutKudu[id=373a5489-10d2-43fc-993f-7a5d9268d574] Failed to write due to Mock for RowError, hashCode: 335102411
[pool-31-thread-1] ERROR org.apache.nifi.processors.kudu.MockPutKudu - MockPutKudu[id=373a5489-10d2-43fc-993f-7a5d9268d574] Failed to write due to Mock for KuduException, hashCode: 1151119814: Mock for KuduException, hashCode: 1151119814
[pool-32-thread-1] ERROR org.apache.nifi.processors.kudu.MockPutKudu - MockPutKudu[id=1cd8496e-fe7b-479d-8020-d7f92b523cf7] Failed to push FlowFile[3,100569556710103.mockFlowFile,0B] to Kudu: Mock for KuduException, hashCode: 331588279
[pool-32-thread-1] ERROR org.apache.nifi.processors.kudu.MockPutKudu - MockPutKudu[id=1cd8496e-fe7b-479d-8020-d7f92b523cf7] Failed to write due to Mock for RowError, hashCode: 1415002519
[pool-32-thread-1] ERROR org.apache.nifi.processors.kudu.MockPutKudu - MockPutKudu[id=1cd8496e-fe7b-479d-8020-d7f92b523cf7] Failed to write due to Mock for RowError, hashCode: 361774540
[pool-32-thread-1] ERROR org.apache.nifi.processors.kudu.MockPutKudu - MockPutKudu[id=1cd8496e-fe7b-479d-8020-d7f92b523cf7] Failed to write due to Mock for KuduException, hashCode: 331588279: Mock for KuduException, hashCode: 331588279
]]></system-err>
  </testcase>
  <testcase name="testInsertManyFlowFiles" classname="org.apache.nifi.processors.kudu.TestPutKudu" time="0.011"/>
  <testcase name="testKerberosEnabled" classname="org.apache.nifi.processors.kudu.TestPutKudu" time="0.003"/>
  <testcase name="testBuildPartialRowVarCharTooLong" classname="org.apache.nifi.processors.kudu.TestPutKudu" time="0.001"/>
  <testcase name="testMalformedRecordExceptionFromReaderShouldRouteToFailure" classname="org.apache.nifi.processors.kudu.TestPutKudu" time="0.018">
    <system-err><![CDATA[[pool-36-thread-1] ERROR org.apache.nifi.processors.kudu.MockPutKudu - MockPutKudu[id=d71815c1-3314-46b3-b41f-e9d18583abe4] Failed to push FlowFile[0,testMalformedRecordExceptionShouldRouteToFailure-1714620149670,7B] to Kudu: java.lang.NullPointerException
java.lang.NullPointerException
	at org.apache.nifi.processors.kudu.PutKudu.processRecords(PutKudu.java:432)
	at org.apache.nifi.processors.kudu.PutKudu.processFlowFiles(PutKudu.java:372)
	at org.apache.nifi.processors.kudu.PutKudu.lambda$onTrigger$0(PutKudu.java:351)
	at org.apache.nifi.processors.kudu.MockPutKudu.executeOnKuduClient(MockPutKudu.java:140)
	at org.apache.nifi.processors.kudu.PutKudu.onTrigger(PutKudu.java:351)
	at org.apache.nifi.processor.AbstractProcessor.onTrigger(AbstractProcessor.java:27)
	at org.apache.nifi.util.StandardProcessorTestRunner$RunProcessor.call(StandardProcessorTestRunner.java:284)
	at org.apache.nifi.util.StandardProcessorTestRunner$RunProcessor.call(StandardProcessorTestRunner.java:278)
	at java.util.concurrent.FutureTask.run(FutureTask.java:266)
	at java.util.concurrent.ScheduledThreadPoolExecutor$ScheduledFutureTask.access$201(ScheduledThreadPoolExecutor.java:180)
	at java.util.concurrent.ScheduledThreadPoolExecutor$ScheduledFutureTask.run(ScheduledThreadPoolExecutor.java:293)
	at java.util.concurrent.ThreadPoolExecutor.runWorker(ThreadPoolExecutor.java:1149)
	at java.util.concurrent.ThreadPoolExecutor$Worker.run(ThreadPoolExecutor.java:624)
	at java.lang.Thread.run(Thread.java:750)
[pool-36-thread-1] ERROR org.apache.nifi.processors.kudu.MockPutKudu - MockPutKudu[id=d71815c1-3314-46b3-b41f-e9d18583abe4] Failed to write due to java.lang.NullPointerException: java.lang.NullPointerException
java.lang.NullPointerException
	at org.apache.nifi.processors.kudu.PutKudu.processRecords(PutKudu.java:432)
	at org.apache.nifi.processors.kudu.PutKudu.processFlowFiles(PutKudu.java:372)
	at org.apache.nifi.processors.kudu.PutKudu.lambda$onTrigger$0(PutKudu.java:351)
	at org.apache.nifi.processors.kudu.MockPutKudu.executeOnKuduClient(MockPutKudu.java:140)
	at org.apache.nifi.processors.kudu.PutKudu.onTrigger(PutKudu.java:351)
	at org.apache.nifi.processor.AbstractProcessor.onTrigger(AbstractProcessor.java:27)
	at org.apache.nifi.util.StandardProcessorTestRunner$RunProcessor.call(StandardProcessorTestRunner.java:284)
	at org.apache.nifi.util.StandardProcessorTestRunner$RunProcessor.call(StandardProcessorTestRunner.java:278)
	at java.util.concurrent.FutureTask.run(FutureTask.java:266)
	at java.util.concurrent.ScheduledThreadPoolExecutor$ScheduledFutureTask.access$201(ScheduledThreadPoolExecutor.java:180)
	at java.util.concurrent.ScheduledThreadPoolExecutor$ScheduledFutureTask.run(ScheduledThreadPoolExecutor.java:293)
	at java.util.concurrent.ThreadPoolExecutor.runWorker(ThreadPoolExecutor.java:1149)
	at java.util.concurrent.ThreadPoolExecutor$Worker.run(ThreadPoolExecutor.java:624)
	at java.lang.Thread.run(Thread.java:750)
]]></system-err>
  </testcase>
  <testcase name="testInvalidReaderShouldRouteToFailure" classname="org.apache.nifi.processors.kudu.TestPutKudu" time="0.005">
    <system-err><![CDATA[[pool-37-thread-1] ERROR org.apache.nifi.processors.kudu.MockPutKudu - MockPutKudu[id=98f5333a-b4e9-4a26-9ba1-d9cd0aa37473] Failed to push FlowFile[0,testInvalidAvroShouldRouteToFailure-1714620149675,7B] to Kudu: java.io.IOException: NOT AVRO
java.io.IOException: NOT AVRO
	at org.apache.nifi.processors.kudu.PutKudu.processRecords(PutKudu.java:413)
	at org.apache.nifi.processors.kudu.PutKudu.processFlowFiles(PutKudu.java:372)
	at org.apache.nifi.processors.kudu.PutKudu.lambda$onTrigger$0(PutKudu.java:351)
	at org.apache.nifi.processors.kudu.MockPutKudu.executeOnKuduClient(MockPutKudu.java:140)
	at org.apache.nifi.processors.kudu.PutKudu.onTrigger(PutKudu.java:351)
	at org.apache.nifi.processor.AbstractProcessor.onTrigger(AbstractProcessor.java:27)
	at org.apache.nifi.util.StandardProcessorTestRunner$RunProcessor.call(StandardProcessorTestRunner.java:284)
	at org.apache.nifi.util.StandardProcessorTestRunner$RunProcessor.call(StandardProcessorTestRunner.java:278)
	at java.util.concurrent.FutureTask.run(FutureTask.java:266)
	at java.util.concurrent.ScheduledThreadPoolExecutor$ScheduledFutureTask.access$201(ScheduledThreadPoolExecutor.java:180)
	at java.util.concurrent.ScheduledThreadPoolExecutor$ScheduledFutureTask.run(ScheduledThreadPoolExecutor.java:293)
	at java.util.concurrent.ThreadPoolExecutor.runWorker(ThreadPoolExecutor.java:1149)
	at java.util.concurrent.ThreadPoolExecutor$Worker.run(ThreadPoolExecutor.java:624)
	at java.lang.Thread.run(Thread.java:750)
[pool-37-thread-1] ERROR org.apache.nifi.processors.kudu.MockPutKudu - MockPutKudu[id=98f5333a-b4e9-4a26-9ba1-d9cd0aa37473] Failed to write due to java.io.IOException: NOT AVRO: java.io.IOException: NOT AVRO
java.io.IOException: NOT AVRO
	at org.apache.nifi.processors.kudu.PutKudu.processRecords(PutKudu.java:413)
	at org.apache.nifi.processors.kudu.PutKudu.processFlowFiles(PutKudu.java:372)
	at org.apache.nifi.processors.kudu.PutKudu.lambda$onTrigger$0(PutKudu.java:351)
	at org.apache.nifi.processors.kudu.MockPutKudu.executeOnKuduClient(MockPutKudu.java:140)
	at org.apache.nifi.processors.kudu.PutKudu.onTrigger(PutKudu.java:351)
	at org.apache.nifi.processor.AbstractProcessor.onTrigger(AbstractProcessor.java:27)
	at org.apache.nifi.util.StandardProcessorTestRunner$RunProcessor.call(StandardProcessorTestRunner.java:284)
	at org.apache.nifi.util.StandardProcessorTestRunner$RunProcessor.call(StandardProcessorTestRunner.java:278)
	at java.util.concurrent.FutureTask.run(FutureTask.java:266)
	at java.util.concurrent.ScheduledThreadPoolExecutor$ScheduledFutureTask.access$201(ScheduledThreadPoolExecutor.java:180)
	at java.util.concurrent.ScheduledThreadPoolExecutor$ScheduledFutureTask.run(ScheduledThreadPoolExecutor.java:293)
	at java.util.concurrent.ThreadPoolExecutor.runWorker(ThreadPoolExecutor.java:1149)
	at java.util.concurrent.ThreadPoolExecutor$Worker.run(ThreadPoolExecutor.java:624)
	at java.lang.Thread.run(Thread.java:750)
]]></system-err>
  </testcase>
  <testcase name="testWriteKuduWithDefaults" classname="org.apache.nifi.processors.kudu.TestPutKudu" time="0.007"/>
  <testcase name="testKuduPartialFailuresOnAutoFlushSync" classname="org.apache.nifi.processors.kudu.TestPutKudu" time="0.057">
    <system-err><![CDATA[[pool-39-thread-1] ERROR org.apache.nifi.processors.kudu.MockPutKudu - MockPutKudu[id=0ddf4680-5977-4a2f-b4d7-a74503e4babd] Failed to write due to Mock for RowError, hashCode: 1254388121
[pool-39-thread-1] ERROR org.apache.nifi.processors.kudu.MockPutKudu - MockPutKudu[id=0ddf4680-5977-4a2f-b4d7-a74503e4babd] Failed to write due to Mock for RowError, hashCode: 1137338255
[pool-39-thread-1] ERROR org.apache.nifi.processors.kudu.MockPutKudu - MockPutKudu[id=0ddf4680-5977-4a2f-b4d7-a74503e4babd] Failed to push FlowFile[3,100569607307686.mockFlowFile,0B] to Kudu: Mock for KuduException, hashCode: 753495205
[pool-39-thread-1] ERROR org.apache.nifi.processors.kudu.MockPutKudu - MockPutKudu[id=0ddf4680-5977-4a2f-b4d7-a74503e4babd] Failed to write due to Mock for KuduException, hashCode: 753495205: Mock for KuduException, hashCode: 753495205
[pool-40-thread-1] ERROR org.apache.nifi.processors.kudu.MockPutKudu - MockPutKudu[id=770bd9bd-fe81-48cf-8105-1a19702c2658] Failed to write due to Mock for RowError, hashCode: 178729074
[pool-40-thread-1] ERROR org.apache.nifi.processors.kudu.MockPutKudu - MockPutKudu[id=770bd9bd-fe81-48cf-8105-1a19702c2658] Failed to write due to Mock for RowError, hashCode: 1433777931
[pool-40-thread-1] ERROR org.apache.nifi.processors.kudu.MockPutKudu - MockPutKudu[id=770bd9bd-fe81-48cf-8105-1a19702c2658] Failed to push FlowFile[3,100569613160858.mockFlowFile,0B] to Kudu: Mock for KuduException, hashCode: 1102310103
[pool-40-thread-1] ERROR org.apache.nifi.processors.kudu.MockPutKudu - MockPutKudu[id=770bd9bd-fe81-48cf-8105-1a19702c2658] Failed to write due to Mock for KuduException, hashCode: 1102310103: Mock for KuduException, hashCode: 1102310103
[pool-41-thread-1] ERROR org.apache.nifi.processors.kudu.MockPutKudu - MockPutKudu[id=7870f938-78a3-4850-875f-9ba09eeae552] Failed to write due to Mock for RowError, hashCode: 496191834
[pool-41-thread-1] ERROR org.apache.nifi.processors.kudu.MockPutKudu - MockPutKudu[id=7870f938-78a3-4850-875f-9ba09eeae552] Failed to write due to Mock for RowError, hashCode: 1133472097
[pool-41-thread-1] ERROR org.apache.nifi.processors.kudu.MockPutKudu - MockPutKudu[id=7870f938-78a3-4850-875f-9ba09eeae552] Failed to push FlowFile[3,100569618578905.mockFlowFile,0B] to Kudu: Mock for KuduException, hashCode: 1167743082
[pool-41-thread-1] ERROR org.apache.nifi.processors.kudu.MockPutKudu - MockPutKudu[id=7870f938-78a3-4850-875f-9ba09eeae552] Failed to write due to Mock for KuduException, hashCode: 1167743082: Mock for KuduException, hashCode: 1167743082
[pool-42-thread-1] ERROR org.apache.nifi.processors.kudu.MockPutKudu - MockPutKudu[id=e95340db-68f5-42ff-a975-769c2a123773] Failed to push FlowFile[3,100569623853179.mockFlowFile,0B] to Kudu: Mock for KuduException, hashCode: 1339179969
[pool-42-thread-1] ERROR org.apache.nifi.processors.kudu.MockPutKudu - MockPutKudu[id=e95340db-68f5-42ff-a975-769c2a123773] Failed to write due to Mock for RowError, hashCode: 1304944358
[pool-42-thread-1] ERROR org.apache.nifi.processors.kudu.MockPutKudu - MockPutKudu[id=e95340db-68f5-42ff-a975-769c2a123773] Failed to write due to Mock for RowError, hashCode: 903891698
[pool-42-thread-1] ERROR org.apache.nifi.processors.kudu.MockPutKudu - MockPutKudu[id=e95340db-68f5-42ff-a975-769c2a123773] Failed to write due to Mock for KuduException, hashCode: 1339179969: Mock for KuduException, hashCode: 1339179969
[pool-43-thread-1] ERROR org.apache.nifi.processors.kudu.MockPutKudu - MockPutKudu[id=94036b3c-6521-43b3-a078-3cc05933cb8e] Failed to push FlowFile[3,100569628690820.mockFlowFile,0B] to Kudu: Mock for KuduException, hashCode: 159012269
[pool-43-thread-1] ERROR org.apache.nifi.processors.kudu.MockPutKudu - MockPutKudu[id=94036b3c-6521-43b3-a078-3cc05933cb8e] Failed to write due to Mock for RowError, hashCode: 727677305
[pool-43-thread-1] ERROR org.apache.nifi.processors.kudu.MockPutKudu - MockPutKudu[id=94036b3c-6521-43b3-a078-3cc05933cb8e] Failed to write due to Mock for RowError, hashCode: 221463697
[pool-43-thread-1] ERROR org.apache.nifi.processors.kudu.MockPutKudu - MockPutKudu[id=94036b3c-6521-43b3-a078-3cc05933cb8e] Failed to write due to Mock for KuduException, hashCode: 159012269: Mock for KuduException, hashCode: 159012269
[pool-44-thread-1] ERROR org.apache.nifi.processors.kudu.MockPutKudu - MockPutKudu[id=9124eeab-a31a-42bc-ab0f-f06fd1f6ce3f] Failed to push FlowFile[3,100569633809220.mockFlowFile,0B] to Kudu: Mock for KuduException, hashCode: 1005669386
[pool-44-thread-1] ERROR org.apache.nifi.processors.kudu.MockPutKudu - MockPutKudu[id=9124eeab-a31a-42bc-ab0f-f06fd1f6ce3f] Failed to write due to Mock for RowError, hashCode: 286853976
[pool-44-thread-1] ERROR org.apache.nifi.processors.kudu.MockPutKudu - MockPutKudu[id=9124eeab-a31a-42bc-ab0f-f06fd1f6ce3f] Failed to write due to Mock for RowError, hashCode: 842508481
[pool-44-thread-1] ERROR org.apache.nifi.processors.kudu.MockPutKudu - MockPutKudu[id=9124eeab-a31a-42bc-ab0f-f06fd1f6ce3f] Failed to write due to Mock for KuduException, hashCode: 1005669386: Mock for KuduException, hashCode: 1005669386
[pool-45-thread-1] ERROR org.apache.nifi.processors.kudu.MockPutKudu - MockPutKudu[id=0cc5c630-3454-4b91-97b1-1f69cf826382] Failed to push FlowFile[3,100569639130467.mockFlowFile,0B] to Kudu: Mock for KuduException, hashCode: 653014114
[pool-45-thread-1] ERROR org.apache.nifi.processors.kudu.MockPutKudu - MockPutKudu[id=0cc5c630-3454-4b91-97b1-1f69cf826382] Failed to write due to Mock for RowError, hashCode: 368721704
[pool-45-thread-1] ERROR org.apache.nifi.processors.kudu.MockPutKudu - MockPutKudu[id=0cc5c630-3454-4b91-97b1-1f69cf826382] Failed to write due to Mock for RowError, hashCode: 1321058685
[pool-45-thread-1] ERROR org.apache.nifi.processors.kudu.MockPutKudu - MockPutKudu[id=0cc5c630-3454-4b91-97b1-1f69cf826382] Failed to write due to Mock for KuduException, hashCode: 653014114: Mock for KuduException, hashCode: 653014114
[pool-46-thread-1] ERROR org.apache.nifi.processors.kudu.MockPutKudu - MockPutKudu[id=985c2c44-cd0c-47fc-b265-f82af2a8629b] Failed to push FlowFile[3,100569648329400.mockFlowFile,0B] to Kudu: Mock for KuduException, hashCode: 2009754572
[pool-46-thread-1] ERROR org.apache.nifi.processors.kudu.MockPutKudu - MockPutKudu[id=985c2c44-cd0c-47fc-b265-f82af2a8629b] Failed to write due to Mock for RowError, hashCode: 1734409501
[pool-46-thread-1] ERROR org.apache.nifi.processors.kudu.MockPutKudu - MockPutKudu[id=985c2c44-cd0c-47fc-b265-f82af2a8629b] Failed to write due to Mock for RowError, hashCode: 343970127
[pool-46-thread-1] ERROR org.apache.nifi.processors.kudu.MockPutKudu - MockPutKudu[id=985c2c44-cd0c-47fc-b265-f82af2a8629b] Failed to write due to Mock for KuduException, hashCode: 2009754572: Mock for KuduException, hashCode: 2009754572
[pool-47-thread-1] ERROR org.apache.nifi.processors.kudu.MockPutKudu - MockPutKudu[id=1ea5fda8-df99-44b6-9547-c7ebdcdd783d] Failed to push FlowFile[3,100569652152464.mockFlowFile,0B] to Kudu: Mock for KuduException, hashCode: 1875104511
[pool-47-thread-1] ERROR org.apache.nifi.processors.kudu.MockPutKudu - MockPutKudu[id=1ea5fda8-df99-44b6-9547-c7ebdcdd783d] Failed to write due to Mock for RowError, hashCode: 991142092
[pool-47-thread-1] ERROR org.apache.nifi.processors.kudu.MockPutKudu - MockPutKudu[id=1ea5fda8-df99-44b6-9547-c7ebdcdd783d] Failed to write due to Mock for RowError, hashCode: 716357744
[pool-47-thread-1] ERROR org.apache.nifi.processors.kudu.MockPutKudu - MockPutKudu[id=1ea5fda8-df99-44b6-9547-c7ebdcdd783d] Failed to write due to Mock for KuduException, hashCode: 1875104511: Mock for KuduException, hashCode: 1875104511
[pool-48-thread-1] ERROR org.apache.nifi.processors.kudu.MockPutKudu - MockPutKudu[id=592f7369-17a0-4c0a-84d9-993e3faec46c] Failed to push FlowFile[3,100569655814096.mockFlowFile,0B] to Kudu: Mock for KuduException, hashCode: 1781325877
[pool-48-thread-1] ERROR org.apache.nifi.processors.kudu.MockPutKudu - MockPutKudu[id=592f7369-17a0-4c0a-84d9-993e3faec46c] Failed to write due to Mock for RowError, hashCode: 783518353
[pool-48-thread-1] ERROR org.apache.nifi.processors.kudu.MockPutKudu - MockPutKudu[id=592f7369-17a0-4c0a-84d9-993e3faec46c] Failed to write due to Mock for RowError, hashCode: 1014619729
[pool-48-thread-1] ERROR org.apache.nifi.processors.kudu.MockPutKudu - MockPutKudu[id=592f7369-17a0-4c0a-84d9-993e3faec46c] Failed to write due to Mock for KuduException, hashCode: 1781325877: Mock for KuduException, hashCode: 1781325877
[pool-49-thread-1] ERROR org.apache.nifi.processors.kudu.MockPutKudu - MockPutKudu[id=1831a302-3b4e-4a8a-aa80-e7805f046cfb] Failed to push FlowFile[3,100569659564955.mockFlowFile,0B] to Kudu: Mock for KuduException, hashCode: 1820549401
[pool-49-thread-1] ERROR org.apache.nifi.processors.kudu.MockPutKudu - MockPutKudu[id=1831a302-3b4e-4a8a-aa80-e7805f046cfb] Failed to write due to Mock for RowError, hashCode: 259226188
[pool-49-thread-1] ERROR org.apache.nifi.processors.kudu.MockPutKudu - MockPutKudu[id=1831a302-3b4e-4a8a-aa80-e7805f046cfb] Failed to write due to Mock for RowError, hashCode: 1738375600
[pool-49-thread-1] ERROR org.apache.nifi.processors.kudu.MockPutKudu - MockPutKudu[id=1831a302-3b4e-4a8a-aa80-e7805f046cfb] Failed to write due to Mock for KuduException, hashCode: 1820549401: Mock for KuduException, hashCode: 1820549401
]]></system-err>
  </testcase>
</testsuite>