<?xml version="1.0" encoding="UTF-8"?>
<testsuite xmlns:xsi="http://www.w3.org/2001/XMLSchema-instance" xsi:noNamespaceSchemaLocation="https://maven.apache.org/surefire/maven-surefire-plugin/xsd/surefire-test-report-3.0.xsd" version="3.0" name="org.apache.nifi.processors.standard.TestEvaluateXQuery" time="1.179" tests="25" errors="0" skipped="0" failures="0">
  <properties>
    <property name="sun.desktop" value="gnome"/>
    <property name="awt.toolkit" value="sun.awt.X11.XToolkit"/>
    <property name="file.encoding.pkg" value="sun.io"/>
    <property name="java.specification.version" value="1.8"/>
    <property name="sun.cpu.isalist" value=""/>
    <property name="sun.jnu.encoding" value="UTF-8"/>
    <property name="java.class.path" value="/home/alex/Repositories/nifi/nifi-nar-bundles/nifi-standard-bundle/nifi-standard-processors/target/test-classes:/home/alex/Repositories/nifi/nifi-nar-bundles/nifi-standard-bundle/nifi-standard-processors/target/classes:/home/alex/.m2/repository/org/apache/ftpserver/ftpserver-core/1.1.1/ftpserver-core-1.1.1.jar:/home/alex/.m2/repository/org/apache/ftpserver/ftplet-api/1.1.1/ftplet-api-1.1.1.jar:/home/alex/.m2/repository/org/slf4j/slf4j-api/1.7.32/slf4j-api-1.7.32.jar:/home/alex/.m2/repository/org/apache/mina/mina-core/2.0.16/mina-core-2.0.16.jar:/home/alex/Repositories/nifi/nifi-api/target/classes:/home/alex/Repositories/nifi/nifi-commons/nifi-expression-language/target/classes:/home/alex/.m2/repository/org/antlr/antlr-runtime/3.5.2/antlr-runtime-3.5.2.jar:/home/alex/Repositories/nifi/nifi-commons/nifi-parameter/target/classes:/home/alex/Repositories/nifi/nifi-commons/nifi-uuid5/target/classes:/home/alex/.m2/repository/org/apache/commons/commons-text/1.8/commons-text-1.8.jar:/home/alex/Repositories/nifi/nifi-nar-bundles/nifi-extension-utils/nifi-processor-utils/target/classes:/home/alex/Repositories/nifi/nifi-commons/nifi-security-socket-ssl/target/classes:/home/alex/Repositories/nifi/nifi-nar-bundles/nifi-extension-utils/nifi-event-transport/target/classes:/home/alex/.m2/repository/io/netty/netty-handler/4.1.69.Final/netty-handler-4.1.69.Final.jar:/home/alex/.m2/repository/io/netty/netty-common/4.1.69.Final/netty-common-4.1.69.Final.jar:/home/alex/.m2/repository/io/netty/netty-resolver/4.1.69.Final/netty-resolver-4.1.69.Final.jar:/home/alex/.m2/repository/io/netty/netty-transport/4.1.69.Final/netty-transport-4.1.69.Final.jar:/home/alex/.m2/repository/io/netty/netty-codec/4.1.69.Final/netty-codec-4.1.69.Final.jar:/home/alex/Repositories/nifi/nifi-nar-bundles/nifi-extension-utils/nifi-syslog-utils/target/classes:/home/alex/.m2/repository/com/github/palindromicity/simple-syslog-5424/0.0.16/simple-syslog-5424-0.0.16.jar:/home/alex/.m2/repository/org/antlr/antlr4-runtime/4.7.2/antlr4-runtime-4.7.2.jar:/home/alex/Repositories/nifi/nifi-commons/nifi-utils/target/classes:/home/alex/Repositories/nifi/nifi-commons/nifi-record-path/target/classes:/home/alex/Repositories/nifi/nifi-commons/nifi-properties/target/classes:/home/alex/Repositories/nifi/nifi-commons/nifi-property-utils/target/classes:/home/alex/.m2/repository/com/github/ben-manes/caffeine/caffeine/2.8.1/caffeine-2.8.1.jar:/home/alex/Repositories/nifi/nifi-nar-bundles/nifi-standard-services/nifi-ssl-context-service-api/target/classes:/home/alex/Repositories/nifi/nifi-commons/nifi-security-utils-api/target/classes:/home/alex/Repositories/nifi/nifi-nar-bundles/nifi-standard-services/nifi-lookup-service-api/target/classes:/home/alex/Repositories/nifi/nifi-commons/nifi-flowfile-packager/target/classes:/home/alex/Repositories/nifi/nifi-nar-bundles/nifi-standard-services/nifi-distributed-cache-client-service-api/target/classes:/home/alex/Repositories/nifi/nifi-nar-bundles/nifi-standard-services/nifi-http-context-map-api/target/classes:/home/alex/Repositories/nifi/nifi-nar-bundles/nifi-standard-services/nifi-record-serialization-service-api/target/classes:/home/alex/Repositories/nifi/nifi-nar-bundles/nifi-standard-services/nifi-proxy-configuration-api/target/classes:/home/alex/Repositories/nifi/nifi-commons/nifi-record/target/classes:/home/alex/Repositories/nifi/nifi-nar-bundles/nifi-standard-services/nifi-record-sink-api/target/classes:/home/alex/.m2/repository/commons-io/commons-io/2.10.0/commons-io-2.10.0.jar:/home/alex/.m2/repository/javax/ws/rs/javax.ws.rs-api/2.1/javax.ws.rs-api-2.1.jar:/home/alex/.m2/repository/commons-net/commons-net/3.6/commons-net-3.6.jar:/home/alex/.m2/repository/org/apache/commons/commons-compress/1.21/commons-compress-1.21.jar:/home/alex/.m2/repository/org/apache/commons/commons-lang3/3.9/commons-lang3-3.9.jar:/home/alex/.m2/repository/org/bouncycastle/bcprov-jdk15on/1.69/bcprov-jdk15on-1.69.jar:/home/alex/.m2/repository/org/bouncycastle/bcpg-jdk15on/1.69/bcpg-jdk15on-1.69.jar:/home/alex/.m2/repository/org/bouncycastle/bcpkix-jdk15on/1.69/bcpkix-jdk15on-1.69.jar:/home/alex/.m2/repository/org/bouncycastle/bcutil-jdk15on/1.69/bcutil-jdk15on-1.69.jar:/home/alex/.m2/repository/commons-codec/commons-codec/1.14/commons-codec-1.14.jar:/home/alex/Repositories/nifi/nifi-commons/nifi-security-utils/target/classes:/home/alex/Repositories/nifi/nifi-commons/nifi-security-kms/target/classes:/home/alex/.m2/repository/org/apache/commons/commons-configuration2/2.7/commons-configuration2-2.7.jar:/home/alex/.m2/repository/com/hierynomus/sshj/0.32.0/sshj-0.32.0.jar:/home/alex/.m2/repository/com/jcraft/jzlib/1.1.3/jzlib-1.1.3.jar:/home/alex/.m2/repository/com/hierynomus/asn-one/0.6.0/asn-one-0.6.0.jar:/home/alex/.m2/repository/net/i2p/crypto/eddsa/0.3.0/eddsa-0.3.0.jar:/home/alex/.m2/repository/org/eclipse/jetty/jetty-server/9.4.44.v20210927/jetty-server-9.4.44.v20210927.jar:/home/alex/.m2/repository/javax/servlet/javax.servlet-api/3.1.0/javax.servlet-api-3.1.0.jar:/home/alex/.m2/repository/org/eclipse/jetty/jetty-http/9.4.44.v20210927/jetty-http-9.4.44.v20210927.jar:/home/alex/.m2/repository/org/eclipse/jetty/jetty-util/9.4.44.v20210927/jetty-util-9.4.44.v20210927.jar:/home/alex/.m2/repository/org/eclipse/jetty/jetty-io/9.4.44.v20210927/jetty-io-9.4.44.v20210927.jar:/home/alex/.m2/repository/org/eclipse/jetty/jetty-servlet/9.4.44.v20210927/jetty-servlet-9.4.44.v20210927.jar:/home/alex/.m2/repository/org/eclipse/jetty/jetty-security/9.4.44.v20210927/jetty-security-9.4.44.v20210927.jar:/home/alex/.m2/repository/org/eclipse/jetty/jetty-util-ajax/9.4.44.v20210927/jetty-util-ajax-9.4.44.v20210927.jar:/home/alex/.m2/repository/org/apache/httpcomponents/httpclient/4.5.5/httpclient-4.5.5.jar:/home/alex/.m2/repository/commons-logging/commons-logging/1.2/commons-logging-1.2.jar:/home/alex/.m2/repository/org/apache/httpcomponents/httpcore/4.4.9/httpcore-4.4.9.jar:/home/alex/.m2/repository/jakarta/activation/jakarta.activation-api/2.0.1/jakarta.activation-api-2.0.1.jar:/home/alex/.m2/repository/com/sun/activation/jakarta.activation/2.0.1/jakarta.activation-2.0.1.jar:/home/alex/.m2/repository/jakarta/mail/jakarta.mail-api/2.0.1/jakarta.mail-api-2.0.1.jar:/home/alex/.m2/repository/com/sun/mail/jakarta.mail/2.0.1/jakarta.mail-2.0.1.jar:/home/alex/.m2/repository/com/github/jponge/lzma-java/1.3/lzma-java-1.3.jar:/home/alex/.m2/repository/org/tukaani/xz/1.8/xz-1.8.jar:/home/alex/.m2/repository/net/sf/saxon/Saxon-HE/10.6/Saxon-HE-10.6.jar:/home/alex/Repositories/nifi/nifi-commons/nifi-socket-utils/target/classes:/home/alex/Repositories/nifi/nifi-commons/nifi-logging-utils/target/classes:/home/alex/Repositories/nifi/nifi-nar-bundles/nifi-standard-services/nifi-load-distribution-service-api/target/classes:/home/alex/.m2/repository/javax/jms/javax.jms-api/2.0.1/javax.jms-api-2.0.1.jar:/home/alex/.m2/repository/org/apache/activemq/activemq-client/5.15.15/activemq-client-5.15.15.jar:/home/alex/.m2/repository/org/apache/geronimo/specs/geronimo-jms_1.1_spec/1.1.1/geronimo-jms_1.1_spec-1.1.1.jar:/home/alex/.m2/repository/org/fusesource/hawtbuf/hawtbuf/1.11/hawtbuf-1.11.jar:/home/alex/.m2/repository/org/apache/geronimo/specs/geronimo-j2ee-management_1.1_spec/1.0.1/geronimo-j2ee-management_1.1_spec-1.0.1.jar:/home/alex/.m2/repository/com/jayway/jsonpath/json-path/2.6.0/json-path-2.6.0.jar:/home/alex/.m2/repository/net/minidev/json-smart/2.4.7/json-smart-2.4.7.jar:/home/alex/.m2/repository/net/minidev/accessors-smart/2.4.7/accessors-smart-2.4.7.jar:/home/alex/.m2/repository/org/ow2/asm/asm/9.1/asm-9.1.jar:/home/alex/.m2/repository/org/apache/tika/tika-core/1.26/tika-core-1.26.jar:/home/alex/.m2/repository/com/fasterxml/jackson/core/jackson-databind/2.12.3/jackson-databind-2.12.3.jar:/home/alex/.m2/repository/com/fasterxml/jackson/core/jackson-annotations/2.12.3/jackson-annotations-2.12.3.jar:/home/alex/.m2/repository/com/fasterxml/jackson/core/jackson-core/2.12.3/jackson-core-2.12.3.jar:/home/alex/Repositories/nifi/nifi-nar-bundles/nifi-extension-utils/nifi-record-utils/nifi-avro-record-utils/target/classes:/home/alex/Repositories/nifi/nifi-nar-bundles/nifi-extension-utils/nifi-record-utils/nifi-standard-record-utils/target/classes:/home/alex/.m2/repository/org/apache/avro/avro/1.8.1/avro-1.8.1.jar:/home/alex/.m2/repository/org/codehaus/jackson/jackson-core-asl/1.9.13/jackson-core-asl-1.9.13.jar:/home/alex/.m2/repository/org/codehaus/jackson/jackson-mapper-asl/1.9.13/jackson-mapper-asl-1.9.13.jar:/home/alex/.m2/repository/com/thoughtworks/paranamer/paranamer/2.7/paranamer-2.7.jar:/home/alex/Repositories/nifi/nifi-nar-bundles/nifi-standard-services/nifi-dbcp-service-api/target/classes:/home/alex/.m2/repository/com/squareup/okhttp3/okhttp/4.9.2/okhttp-4.9.2.jar:/home/alex/.m2/repository/com/squareup/okio/okio/2.8.0/okio-2.8.0.jar:/home/alex/.m2/repository/org/jetbrains/kotlin/kotlin-stdlib-common/1.4.0/kotlin-stdlib-common-1.4.0.jar:/home/alex/.m2/repository/org/jetbrains/kotlin/kotlin-stdlib/1.4.10/kotlin-stdlib-1.4.10.jar:/home/alex/.m2/repository/org/jetbrains/annotations/13.0/annotations-13.0.jar:/home/alex/.m2/repository/io/github/rburgst/okhttp-digest/2.5/okhttp-digest-2.5.jar:/home/alex/.m2/repository/at/favre/lib/bcrypt/0.9.0/bcrypt-0.9.0.jar:/home/alex/.m2/repository/at/favre/lib/bytes/1.3.0/bytes-1.3.0.jar:/home/alex/.m2/repository/com/google/guava/guava/28.0-jre/guava-28.0-jre.jar:/home/alex/.m2/repository/com/google/guava/failureaccess/1.0.1/failureaccess-1.0.1.jar:/home/alex/.m2/repository/com/google/guava/listenablefuture/9999.0-empty-to-avoid-conflict-with-guava/listenablefuture-9999.0-empty-to-avoid-conflict-with-guava.jar:/home/alex/.m2/repository/com/google/code/findbugs/jsr305/3.0.2/jsr305-3.0.2.jar:/home/alex/.m2/repository/org/checkerframework/checker-qual/2.8.1/checker-qual-2.8.1.jar:/home/alex/.m2/repository/com/google/errorprone/error_prone_annotations/2.3.2/error_prone_annotations-2.3.2.jar:/home/alex/.m2/repository/com/google/j2objc/j2objc-annotations/1.3/j2objc-annotations-1.3.jar:/home/alex/.m2/repository/org/codehaus/mojo/animal-sniffer-annotations/1.17/animal-sniffer-annotations-1.17.jar:/home/alex/Repositories/nifi/nifi-mock/target/classes:/home/alex/Repositories/nifi/nifi-framework-api/target/classes:/home/alex/Repositories/nifi/nifi-nar-bundles/nifi-framework-bundle/nifi-framework/nifi-framework-core-api/target/classes:/home/alex/Repositories/nifi/nifi-nar-bundles/nifi-framework-bundle/nifi-framework/nifi-framework-nar-utils/target/classes:/home/alex/Repositories/nifi/nifi-nar-bundles/nifi-framework-bundle/nifi-framework/nifi-client-dto/target/classes:/home/alex/.m2/repository/io/swagger/swagger-annotations/1.6.0/swagger-annotations-1.6.0.jar:/home/alex/Repositories/nifi/nifi-commons/nifi-site-to-site-client/target/classes:/home/alex/.m2/repository/org/apache/httpcomponents/httpasyncclient/4.1.4/httpasyncclient-4.1.4.jar:/home/alex/.m2/repository/org/apache/httpcomponents/httpcore-nio/4.4.10/httpcore-nio-4.4.10.jar:/home/alex/Repositories/nifi/nifi-nar-bundles/nifi-framework-bundle/nifi-framework/nifi-framework-authorization/target/classes:/home/alex/Repositories/nifi/nifi-registry/nifi-registry-core/nifi-registry-data-model/target/classes:/home/alex/Repositories/nifi/nifi-registry/nifi-registry-core/nifi-registry-revision/nifi-registry-revision-entity-model/target/classes:/home/alex/Repositories/nifi/nifi-registry/nifi-registry-core/nifi-registry-client/target/classes:/home/alex/Repositories/nifi/nifi-registry/nifi-registry-core/nifi-registry-security-utils/target/classes:/home/alex/.m2/repository/org/glassfish/jersey/core/jersey-client/2.33/jersey-client-2.33.jar:/home/alex/.m2/repository/jakarta/ws/rs/jakarta.ws.rs-api/2.1.6/jakarta.ws.rs-api-2.1.6.jar:/home/alex/.m2/repository/org/glassfish/hk2/external/jakarta.inject/2.6.1/jakarta.inject-2.6.1.jar:/home/alex/.m2/repository/org/glassfish/jersey/media/jersey-media-json-jackson/2.33/jersey-media-json-jackson-2.33.jar:/home/alex/.m2/repository/org/glassfish/jersey/ext/jersey-entity-filtering/2.33/jersey-entity-filtering-2.33.jar:/home/alex/.m2/repository/org/glassfish/jersey/inject/jersey-hk2/2.33/jersey-hk2-2.33.jar:/home/alex/.m2/repository/org/glassfish/hk2/hk2-locator/2.6.1/hk2-locator-2.6.1.jar:/home/alex/.m2/repository/org/glassfish/hk2/external/aopalliance-repackaged/2.6.1/aopalliance-repackaged-2.6.1.jar:/home/alex/.m2/repository/org/glassfish/hk2/hk2-api/2.6.1/hk2-api-2.6.1.jar:/home/alex/.m2/repository/org/glassfish/hk2/hk2-utils/2.6.1/hk2-utils-2.6.1.jar:/home/alex/.m2/repository/org/javassist/javassist/3.25.0-GA/javassist-3.25.0-GA.jar:/home/alex/.m2/repository/org/glassfish/jersey/core/jersey-common/2.33/jersey-common-2.33.jar:/home/alex/.m2/repository/jakarta/annotation/jakarta.annotation-api/1.3.5/jakarta.annotation-api-1.3.5.jar:/home/alex/.m2/repository/org/glassfish/hk2/osgi-resource-locator/1.0.3/osgi-resource-locator-1.0.3.jar:/home/alex/.m2/repository/org/glassfish/jersey/media/jersey-media-multipart/2.33/jersey-media-multipart-2.33.jar:/home/alex/.m2/repository/org/jvnet/mimepull/mimepull/1.9.13/mimepull-1.9.13.jar:/home/alex/Repositories/nifi/nifi-commons/nifi-data-provenance-utils/target/classes:/home/alex/Repositories/nifi/nifi-nar-bundles/nifi-standard-services/nifi-distributed-cache-services-bundle/nifi-distributed-cache-client-service/target/classes:/home/alex/Repositories/nifi/nifi-nar-bundles/nifi-standard-services/nifi-distributed-cache-services-bundle/nifi-distributed-cache-protocol/target/classes:/home/alex/.m2/repository/io/netty/netty-buffer/4.1.69.Final/netty-buffer-4.1.69.Final.jar:/home/alex/.m2/repository/com/google/http-client/google-http-client/1.28.0/google-http-client-1.28.0.jar:/home/alex/.m2/repository/io/opencensus/opencensus-api/0.18.0/opencensus-api-0.18.0.jar:/home/alex/.m2/repository/io/grpc/grpc-context/1.14.0/grpc-context-1.14.0.jar:/home/alex/.m2/repository/io/opencensus/opencensus-contrib-http-util/0.18.0/opencensus-contrib-http-util-0.18.0.jar:/home/alex/.m2/repository/org/apache/activemq/activemq-broker/5.15.14/activemq-broker-5.15.14.jar:/home/alex/.m2/repository/org/apache/activemq/activemq-openwire-legacy/5.15.14/activemq-openwire-legacy-5.15.14.jar:/home/alex/Repositories/nifi/nifi-nar-bundles/nifi-standard-services/nifi-ssl-context-bundle/nifi-ssl-context-service/target/classes:/home/alex/Repositories/nifi/nifi-nar-bundles/nifi-framework-bundle/nifi-framework/nifi-standard-prioritizers/target/classes:/home/alex/Repositories/nifi/nifi-nar-bundles/nifi-extension-utils/nifi-record-utils/nifi-mock-record-utils/target/classes:/home/alex/Repositories/nifi/nifi-nar-bundles/nifi-standard-services/nifi-record-serialization-services-bundle/nifi-record-serialization-services/target/classes:/home/alex/.m2/repository/org/apache/commons/commons-csv/1.8/commons-csv-1.8.jar:/home/alex/.m2/repository/com/fasterxml/jackson/dataformat/jackson-dataformat-csv/2.12.3/jackson-dataformat-csv-2.12.3.jar:/home/alex/.m2/repository/net/java/dev/stax-utils/stax-utils/20070216/stax-utils-20070216.jar:/home/alex/Repositories/nifi/nifi-nar-bundles/nifi-standard-services/nifi-lookup-services-bundle/nifi-lookup-services/target/classes:/home/alex/.m2/repository/commons-beanutils/commons-beanutils/1.9.4/commons-beanutils-1.9.4.jar:/home/alex/.m2/repository/commons-collections/commons-collections/3.2.2/commons-collections-3.2.2.jar:/home/alex/.m2/repository/com/maxmind/geoip2/geoip2/2.12.0/geoip2-2.12.0.jar:/home/alex/.m2/repository/com/maxmind/db/maxmind-db/1.2.2/maxmind-db-1.2.2.jar:/home/alex/.m2/repository/org/apache/derby/derby/10.14.2.0/derby-10.14.2.0.jar:/home/alex/.m2/repository/org/xerial/snappy/snappy-java/1.1.7.3/snappy-java-1.1.7.3.jar:/home/alex/.m2/repository/net/lingala/zip4j/zip4j/2.8.0/zip4j-2.8.0.jar:/home/alex/.m2/repository/com/h2database/h2/1.4.187/h2-1.4.187.jar:/home/alex/.m2/repository/org/mockftpserver/MockFtpServer/2.7.1/MockFtpServer-2.7.1.jar:/home/alex/.m2/repository/org/apache/sshd/sshd-core/1.7.0/sshd-core-1.7.0.jar:/home/alex/.m2/repository/com/bazaarvoice/jolt/jolt-core/0.1.1/jolt-core-0.1.1.jar:/home/alex/.m2/repository/javax/inject/javax.inject/1/javax.inject-1.jar:/home/alex/.m2/repository/com/bazaarvoice/jolt/json-utils/0.1.1/json-utils-0.1.1.jar:/home/alex/Repositories/nifi/nifi-nar-bundles/nifi-standard-bundle/nifi-standard-utils/target/classes:/home/alex/.m2/repository/net/sf/supercsv/super-csv/2.4.0/super-csv-2.4.0.jar:/home/alex/.m2/repository/com/fluenda/parcefone/2.1.0/parcefone-2.1.0.jar:/home/alex/.m2/repository/javax/validation/validation-api/1.1.0.Final/validation-api-1.1.0.Final.jar:/home/alex/.m2/repository/javax/el/javax.el-api/3.0.0/javax.el-api-3.0.0.jar:/home/alex/.m2/repository/com/github/wnameless/json/json-flattener/0.12.0/json-flattener-0.12.0.jar:/home/alex/.m2/repository/com/github/wnameless/json/json-base/2.0.0/json-base-2.0.0.jar:/home/alex/.m2/repository/org/apache/bval/bval-jsr/1.1.2/bval-jsr-1.1.2.jar:/home/alex/.m2/repository/org/apache/bval/bval-core/1.1.2/bval-core-1.1.2.jar:/home/alex/.m2/repository/io/krakens/java-grok/0.1.9/java-grok-0.1.9.jar:/home/alex/.m2/repository/org/apache/calcite/calcite-core/1.27.0/calcite-core-1.27.0.jar:/home/alex/.m2/repository/org/apache/calcite/calcite-linq4j/1.27.0/calcite-linq4j-1.27.0.jar:/home/alex/.m2/repository/com/esri/geometry/esri-geometry-api/2.2.0/esri-geometry-api-2.2.0.jar:/home/alex/.m2/repository/org/apache/calcite/avatica/avatica-core/1.18.0/avatica-core-1.18.0.jar:/home/alex/.m2/repository/org/apache/calcite/avatica/avatica-metrics/1.18.0/avatica-metrics-1.18.0.jar:/home/alex/.m2/repository/com/google/protobuf/protobuf-java/3.6.1/protobuf-java-3.6.1.jar:/home/alex/.m2/repository/org/apiguardian/apiguardian-api/1.1.0/apiguardian-api-1.1.0.jar:/home/alex/.m2/repository/com/fasterxml/jackson/dataformat/jackson-dataformat-yaml/2.10.0/jackson-dataformat-yaml-2.10.0.jar:/home/alex/.m2/repository/org/yaml/snakeyaml/1.29/snakeyaml-1.29.jar:/home/alex/.m2/repository/com/google/uzaygezen/uzaygezen-core/0.2/uzaygezen-core-0.2.jar:/home/alex/.m2/repository/com/yahoo/datasketches/sketches-core/0.9.0/sketches-core-0.9.0.jar:/home/alex/.m2/repository/com/yahoo/datasketches/memory/0.9.0/memory-0.9.0.jar:/home/alex/.m2/repository/net/hydromatic/aggdesigner-algorithm/6.0/aggdesigner-algorithm-6.0.jar:/home/alex/.m2/repository/commons-lang/commons-lang/2.4/commons-lang-2.4.jar:/home/alex/.m2/repository/org/apache/commons/commons-dbcp2/2.6.0/commons-dbcp2-2.6.0.jar:/home/alex/.m2/repository/org/apache/commons/commons-pool2/2.6.1/commons-pool2-2.6.1.jar:/home/alex/.m2/repository/org/codehaus/janino/commons-compiler/3.0.11/commons-compiler-3.0.11.jar:/home/alex/.m2/repository/org/codehaus/janino/janino/3.0.11/janino-3.0.11.jar:/home/alex/Repositories/nifi/nifi-nar-bundles/nifi-standard-services/nifi-schema-registry-service-api/target/classes:/home/alex/Repositories/nifi/nifi-nar-bundles/nifi-extension-utils/nifi-database-utils/target/classes:/home/alex/Repositories/nifi/nifi-nar-bundles/nifi-standard-bundle/nifi-standard-web-test-utils/target/classes:/home/alex/.m2/repository/com/github/stefanbirkner/fake-sftp-server-rule/2.0.1/fake-sftp-server-rule-2.0.1.jar:/home/alex/.m2/repository/com/github/marschall/memoryfilesystem/2.8.0/memoryfilesystem-2.8.0.jar:/home/alex/.m2/repository/junit/junit/4.13.2/junit-4.13.2.jar:/home/alex/.m2/repository/org/hamcrest/hamcrest-core/1.3/hamcrest-core-1.3.jar:/home/alex/Repositories/nifi/nifi-nar-bundles/nifi-extension-utils/nifi-database-test-utils/target/classes:/home/alex/.m2/repository/org/codehaus/groovy/groovy-json/2.5.14/groovy-json-2.5.14.jar:/home/alex/.m2/repository/org/codehaus/groovy/groovy/2.5.14/groovy-2.5.14.jar:/home/alex/.m2/repository/org/codehaus/groovy/groovy-servlet/2.5.14/groovy-servlet-2.5.14.jar:/home/alex/.m2/repository/org/codehaus/groovy/groovy-templates/2.5.14/groovy-templates-2.5.14.jar:/home/alex/.m2/repository/org/codehaus/groovy/groovy-xml/2.5.14/groovy-xml-2.5.14.jar:/home/alex/.m2/repository/org/hamcrest/hamcrest-all/1.3/hamcrest-all-1.3.jar:/home/alex/.m2/repository/com/squareup/okhttp3/mockwebserver/4.9.2/mockwebserver-4.9.2.jar:/home/alex/.m2/repository/org/jetbrains/kotlin/kotlin-stdlib-jdk8/1.4.10/kotlin-stdlib-jdk8-1.4.10.jar:/home/alex/.m2/repository/org/jetbrains/kotlin/kotlin-stdlib-jdk7/1.4.10/kotlin-stdlib-jdk7-1.4.10.jar:/home/alex/.m2/repository/org/mockito/mockito-inline/3.12.4/mockito-inline-3.12.4.jar:/home/alex/.m2/repository/org/junit/jupiter/junit-jupiter-api/5.7.2/junit-jupiter-api-5.7.2.jar:/home/alex/.m2/repository/org/opentest4j/opentest4j/1.2.0/opentest4j-1.2.0.jar:/home/alex/.m2/repository/org/junit/platform/junit-platform-commons/1.7.2/junit-platform-commons-1.7.2.jar:/home/alex/.m2/repository/org/junit/jupiter/junit-jupiter-engine/5.7.2/junit-jupiter-engine-5.7.2.jar:/home/alex/.m2/repository/org/junit/platform/junit-platform-engine/1.7.2/junit-platform-engine-1.7.2.jar:/home/alex/.m2/repository/org/junit/vintage/junit-vintage-engine/5.7.2/junit-vintage-engine-5.7.2.jar:/home/alex/.m2/repository/org/junit/jupiter/junit-jupiter-params/5.7.2/junit-jupiter-params-5.7.2.jar:/home/alex/.m2/repository/org/mockito/mockito-core/3.11.2/mockito-core-3.11.2.jar:/home/alex/.m2/repository/net/bytebuddy/byte-buddy/1.11.3/byte-buddy-1.11.3.jar:/home/alex/.m2/repository/net/bytebuddy/byte-buddy-agent/1.11.3/byte-buddy-agent-1.11.3.jar:/home/alex/.m2/repository/org/objenesis/objenesis/3.2/objenesis-3.2.jar:/home/alex/.m2/repository/org/mockito/mockito-junit-jupiter/3.11.2/mockito-junit-jupiter-3.11.2.jar:/home/alex/.m2/repository/org/slf4j/slf4j-simple/1.7.32/slf4j-simple-1.7.32.jar:/home/alex/.m2/repository/org/codehaus/groovy/groovy-test/2.5.14/groovy-test-2.5.14.jar:"/>
    <property name="java.vm.vendor" value="Private Build"/>
    <property name="sun.arch.data.model" value="64"/>
    <property name="java.vendor.url" value="http://java.oracle.com/"/>
    <property name="user.timezone" value="Europe/Lisbon"/>
    <property name="java.vm.specification.version" value="1.8"/>
    <property name="os.name" value="Linux"/>
    <property name="user.country" value="US"/>
    <property name="sun.java.launcher" value="SUN_STANDARD"/>
    <property name="sun.boot.library.path" value="/usr/lib/jvm/java-8-openjdk-amd64/jre/lib/amd64"/>
    <property name="sun.java.command" value="/home/alex/Repositories/nifi/nifi-nar-bundles/nifi-standard-bundle/nifi-standard-processors/target/surefire/surefirebooter7866820466567195306.jar /home/alex/Repositories/nifi/nifi-nar-bundles/nifi-standard-bundle/nifi-standard-processors/target/surefire 2024-05-02T04-10-31_566-jvmRun1 surefire4673265509373402450tmp surefire_698223736570144472240tmp"/>
    <property name="org.slf4j.simpleLogger.log.nifi.io.nio" value="debug"/>
    <property name="surefire.test.class.path" value="/home/alex/Repositories/nifi/nifi-nar-bundles/nifi-standard-bundle/nifi-standard-processors/target/test-classes:/home/alex/Repositories/nifi/nifi-nar-bundles/nifi-standard-bundle/nifi-standard-processors/target/classes:/home/alex/.m2/repository/org/apache/ftpserver/ftpserver-core/1.1.1/ftpserver-core-1.1.1.jar:/home/alex/.m2/repository/org/apache/ftpserver/ftplet-api/1.1.1/ftplet-api-1.1.1.jar:/home/alex/.m2/repository/org/slf4j/slf4j-api/1.7.32/slf4j-api-1.7.32.jar:/home/alex/.m2/repository/org/apache/mina/mina-core/2.0.16/mina-core-2.0.16.jar:/home/alex/Repositories/nifi/nifi-api/target/classes:/home/alex/Repositories/nifi/nifi-commons/nifi-expression-language/target/classes:/home/alex/.m2/repository/org/antlr/antlr-runtime/3.5.2/antlr-runtime-3.5.2.jar:/home/alex/Repositories/nifi/nifi-commons/nifi-parameter/target/classes:/home/alex/Repositories/nifi/nifi-commons/nifi-uuid5/target/classes:/home/alex/.m2/repository/org/apache/commons/commons-text/1.8/commons-text-1.8.jar:/home/alex/Repositories/nifi/nifi-nar-bundles/nifi-extension-utils/nifi-processor-utils/target/classes:/home/alex/Repositories/nifi/nifi-commons/nifi-security-socket-ssl/target/classes:/home/alex/Repositories/nifi/nifi-nar-bundles/nifi-extension-utils/nifi-event-transport/target/classes:/home/alex/.m2/repository/io/netty/netty-handler/4.1.69.Final/netty-handler-4.1.69.Final.jar:/home/alex/.m2/repository/io/netty/netty-common/4.1.69.Final/netty-common-4.1.69.Final.jar:/home/alex/.m2/repository/io/netty/netty-resolver/4.1.69.Final/netty-resolver-4.1.69.Final.jar:/home/alex/.m2/repository/io/netty/netty-transport/4.1.69.Final/netty-transport-4.1.69.Final.jar:/home/alex/.m2/repository/io/netty/netty-codec/4.1.69.Final/netty-codec-4.1.69.Final.jar:/home/alex/Repositories/nifi/nifi-nar-bundles/nifi-extension-utils/nifi-syslog-utils/target/classes:/home/alex/.m2/repository/com/github/palindromicity/simple-syslog-5424/0.0.16/simple-syslog-5424-0.0.16.jar:/home/alex/.m2/repository/org/antlr/antlr4-runtime/4.7.2/antlr4-runtime-4.7.2.jar:/home/alex/Repositories/nifi/nifi-commons/nifi-utils/target/classes:/home/alex/Repositories/nifi/nifi-commons/nifi-record-path/target/classes:/home/alex/Repositories/nifi/nifi-commons/nifi-properties/target/classes:/home/alex/Repositories/nifi/nifi-commons/nifi-property-utils/target/classes:/home/alex/.m2/repository/com/github/ben-manes/caffeine/caffeine/2.8.1/caffeine-2.8.1.jar:/home/alex/Repositories/nifi/nifi-nar-bundles/nifi-standard-services/nifi-ssl-context-service-api/target/classes:/home/alex/Repositories/nifi/nifi-commons/nifi-security-utils-api/target/classes:/home/alex/Repositories/nifi/nifi-nar-bundles/nifi-standard-services/nifi-lookup-service-api/target/classes:/home/alex/Repositories/nifi/nifi-commons/nifi-flowfile-packager/target/classes:/home/alex/Repositories/nifi/nifi-nar-bundles/nifi-standard-services/nifi-distributed-cache-client-service-api/target/classes:/home/alex/Repositories/nifi/nifi-nar-bundles/nifi-standard-services/nifi-http-context-map-api/target/classes:/home/alex/Repositories/nifi/nifi-nar-bundles/nifi-standard-services/nifi-record-serialization-service-api/target/classes:/home/alex/Repositories/nifi/nifi-nar-bundles/nifi-standard-services/nifi-proxy-configuration-api/target/classes:/home/alex/Repositories/nifi/nifi-commons/nifi-record/target/classes:/home/alex/Repositories/nifi/nifi-nar-bundles/nifi-standard-services/nifi-record-sink-api/target/classes:/home/alex/.m2/repository/commons-io/commons-io/2.10.0/commons-io-2.10.0.jar:/home/alex/.m2/repository/javax/ws/rs/javax.ws.rs-api/2.1/javax.ws.rs-api-2.1.jar:/home/alex/.m2/repository/commons-net/commons-net/3.6/commons-net-3.6.jar:/home/alex/.m2/repository/org/apache/commons/commons-compress/1.21/commons-compress-1.21.jar:/home/alex/.m2/repository/org/apache/commons/commons-lang3/3.9/commons-lang3-3.9.jar:/home/alex/.m2/repository/org/bouncycastle/bcprov-jdk15on/1.69/bcprov-jdk15on-1.69.jar:/home/alex/.m2/repository/org/bouncycastle/bcpg-jdk15on/1.69/bcpg-jdk15on-1.69.jar:/home/alex/.m2/repository/org/bouncycastle/bcpkix-jdk15on/1.69/bcpkix-jdk15on-1.69.jar:/home/alex/.m2/repository/org/bouncycastle/bcutil-jdk15on/1.69/bcutil-jdk15on-1.69.jar:/home/alex/.m2/repository/commons-codec/commons-codec/1.14/commons-codec-1.14.jar:/home/alex/Repositories/nifi/nifi-commons/nifi-security-utils/target/classes:/home/alex/Repositories/nifi/nifi-commons/nifi-security-kms/target/classes:/home/alex/.m2/repository/org/apache/commons/commons-configuration2/2.7/commons-configuration2-2.7.jar:/home/alex/.m2/repository/com/hierynomus/sshj/0.32.0/sshj-0.32.0.jar:/home/alex/.m2/repository/com/jcraft/jzlib/1.1.3/jzlib-1.1.3.jar:/home/alex/.m2/repository/com/hierynomus/asn-one/0.6.0/asn-one-0.6.0.jar:/home/alex/.m2/repository/net/i2p/crypto/eddsa/0.3.0/eddsa-0.3.0.jar:/home/alex/.m2/repository/org/eclipse/jetty/jetty-server/9.4.44.v20210927/jetty-server-9.4.44.v20210927.jar:/home/alex/.m2/repository/javax/servlet/javax.servlet-api/3.1.0/javax.servlet-api-3.1.0.jar:/home/alex/.m2/repository/org/eclipse/jetty/jetty-http/9.4.44.v20210927/jetty-http-9.4.44.v20210927.jar:/home/alex/.m2/repository/org/eclipse/jetty/jetty-util/9.4.44.v20210927/jetty-util-9.4.44.v20210927.jar:/home/alex/.m2/repository/org/eclipse/jetty/jetty-io/9.4.44.v20210927/jetty-io-9.4.44.v20210927.jar:/home/alex/.m2/repository/org/eclipse/jetty/jetty-servlet/9.4.44.v20210927/jetty-servlet-9.4.44.v20210927.jar:/home/alex/.m2/repository/org/eclipse/jetty/jetty-security/9.4.44.v20210927/jetty-security-9.4.44.v20210927.jar:/home/alex/.m2/repository/org/eclipse/jetty/jetty-util-ajax/9.4.44.v20210927/jetty-util-ajax-9.4.44.v20210927.jar:/home/alex/.m2/repository/org/apache/httpcomponents/httpclient/4.5.5/httpclient-4.5.5.jar:/home/alex/.m2/repository/commons-logging/commons-logging/1.2/commons-logging-1.2.jar:/home/alex/.m2/repository/org/apache/httpcomponents/httpcore/4.4.9/httpcore-4.4.9.jar:/home/alex/.m2/repository/jakarta/activation/jakarta.activation-api/2.0.1/jakarta.activation-api-2.0.1.jar:/home/alex/.m2/repository/com/sun/activation/jakarta.activation/2.0.1/jakarta.activation-2.0.1.jar:/home/alex/.m2/repository/jakarta/mail/jakarta.mail-api/2.0.1/jakarta.mail-api-2.0.1.jar:/home/alex/.m2/repository/com/sun/mail/jakarta.mail/2.0.1/jakarta.mail-2.0.1.jar:/home/alex/.m2/repository/com/github/jponge/lzma-java/1.3/lzma-java-1.3.jar:/home/alex/.m2/repository/org/tukaani/xz/1.8/xz-1.8.jar:/home/alex/.m2/repository/net/sf/saxon/Saxon-HE/10.6/Saxon-HE-10.6.jar:/home/alex/Repositories/nifi/nifi-commons/nifi-socket-utils/target/classes:/home/alex/Repositories/nifi/nifi-commons/nifi-logging-utils/target/classes:/home/alex/Repositories/nifi/nifi-nar-bundles/nifi-standard-services/nifi-load-distribution-service-api/target/classes:/home/alex/.m2/repository/javax/jms/javax.jms-api/2.0.1/javax.jms-api-2.0.1.jar:/home/alex/.m2/repository/org/apache/activemq/activemq-client/5.15.15/activemq-client-5.15.15.jar:/home/alex/.m2/repository/org/apache/geronimo/specs/geronimo-jms_1.1_spec/1.1.1/geronimo-jms_1.1_spec-1.1.1.jar:/home/alex/.m2/repository/org/fusesource/hawtbuf/hawtbuf/1.11/hawtbuf-1.11.jar:/home/alex/.m2/repository/org/apache/geronimo/specs/geronimo-j2ee-management_1.1_spec/1.0.1/geronimo-j2ee-management_1.1_spec-1.0.1.jar:/home/alex/.m2/repository/com/jayway/jsonpath/json-path/2.6.0/json-path-2.6.0.jar:/home/alex/.m2/repository/net/minidev/json-smart/2.4.7/json-smart-2.4.7.jar:/home/alex/.m2/repository/net/minidev/accessors-smart/2.4.7/accessors-smart-2.4.7.jar:/home/alex/.m2/repository/org/ow2/asm/asm/9.1/asm-9.1.jar:/home/alex/.m2/repository/org/apache/tika/tika-core/1.26/tika-core-1.26.jar:/home/alex/.m2/repository/com/fasterxml/jackson/core/jackson-databind/2.12.3/jackson-databind-2.12.3.jar:/home/alex/.m2/repository/com/fasterxml/jackson/core/jackson-annotations/2.12.3/jackson-annotations-2.12.3.jar:/home/alex/.m2/repository/com/fasterxml/jackson/core/jackson-core/2.12.3/jackson-core-2.12.3.jar:/home/alex/Repositories/nifi/nifi-nar-bundles/nifi-extension-utils/nifi-record-utils/nifi-avro-record-utils/target/classes:/home/alex/Repositories/nifi/nifi-nar-bundles/nifi-extension-utils/nifi-record-utils/nifi-standard-record-utils/target/classes:/home/alex/.m2/repository/org/apache/avro/avro/1.8.1/avro-1.8.1.jar:/home/alex/.m2/repository/org/codehaus/jackson/jackson-core-asl/1.9.13/jackson-core-asl-1.9.13.jar:/home/alex/.m2/repository/org/codehaus/jackson/jackson-mapper-asl/1.9.13/jackson-mapper-asl-1.9.13.jar:/home/alex/.m2/repository/com/thoughtworks/paranamer/paranamer/2.7/paranamer-2.7.jar:/home/alex/Repositories/nifi/nifi-nar-bundles/nifi-standard-services/nifi-dbcp-service-api/target/classes:/home/alex/.m2/repository/com/squareup/okhttp3/okhttp/4.9.2/okhttp-4.9.2.jar:/home/alex/.m2/repository/com/squareup/okio/okio/2.8.0/okio-2.8.0.jar:/home/alex/.m2/repository/org/jetbrains/kotlin/kotlin-stdlib-common/1.4.0/kotlin-stdlib-common-1.4.0.jar:/home/alex/.m2/repository/org/jetbrains/kotlin/kotlin-stdlib/1.4.10/kotlin-stdlib-1.4.10.jar:/home/alex/.m2/repository/org/jetbrains/annotations/13.0/annotations-13.0.jar:/home/alex/.m2/repository/io/github/rburgst/okhttp-digest/2.5/okhttp-digest-2.5.jar:/home/alex/.m2/repository/at/favre/lib/bcrypt/0.9.0/bcrypt-0.9.0.jar:/home/alex/.m2/repository/at/favre/lib/bytes/1.3.0/bytes-1.3.0.jar:/home/alex/.m2/repository/com/google/guava/guava/28.0-jre/guava-28.0-jre.jar:/home/alex/.m2/repository/com/google/guava/failureaccess/1.0.1/failureaccess-1.0.1.jar:/home/alex/.m2/repository/com/google/guava/listenablefuture/9999.0-empty-to-avoid-conflict-with-guava/listenablefuture-9999.0-empty-to-avoid-conflict-with-guava.jar:/home/alex/.m2/repository/com/google/code/findbugs/jsr305/3.0.2/jsr305-3.0.2.jar:/home/alex/.m2/repository/org/checkerframework/checker-qual/2.8.1/checker-qual-2.8.1.jar:/home/alex/.m2/repository/com/google/errorprone/error_prone_annotations/2.3.2/error_prone_annotations-2.3.2.jar:/home/alex/.m2/repository/com/google/j2objc/j2objc-annotations/1.3/j2objc-annotations-1.3.jar:/home/alex/.m2/repository/org/codehaus/mojo/animal-sniffer-annotations/1.17/animal-sniffer-annotations-1.17.jar:/home/alex/Repositories/nifi/nifi-mock/target/classes:/home/alex/Repositories/nifi/nifi-framework-api/target/classes:/home/alex/Repositories/nifi/nifi-nar-bundles/nifi-framework-bundle/nifi-framework/nifi-framework-core-api/target/classes:/home/alex/Repositories/nifi/nifi-nar-bundles/nifi-framework-bundle/nifi-framework/nifi-framework-nar-utils/target/classes:/home/alex/Repositories/nifi/nifi-nar-bundles/nifi-framework-bundle/nifi-framework/nifi-client-dto/target/classes:/home/alex/.m2/repository/io/swagger/swagger-annotations/1.6.0/swagger-annotations-1.6.0.jar:/home/alex/Repositories/nifi/nifi-commons/nifi-site-to-site-client/target/classes:/home/alex/.m2/repository/org/apache/httpcomponents/httpasyncclient/4.1.4/httpasyncclient-4.1.4.jar:/home/alex/.m2/repository/org/apache/httpcomponents/httpcore-nio/4.4.10/httpcore-nio-4.4.10.jar:/home/alex/Repositories/nifi/nifi-nar-bundles/nifi-framework-bundle/nifi-framework/nifi-framework-authorization/target/classes:/home/alex/Repositories/nifi/nifi-registry/nifi-registry-core/nifi-registry-data-model/target/classes:/home/alex/Repositories/nifi/nifi-registry/nifi-registry-core/nifi-registry-revision/nifi-registry-revision-entity-model/target/classes:/home/alex/Repositories/nifi/nifi-registry/nifi-registry-core/nifi-registry-client/target/classes:/home/alex/Repositories/nifi/nifi-registry/nifi-registry-core/nifi-registry-security-utils/target/classes:/home/alex/.m2/repository/org/glassfish/jersey/core/jersey-client/2.33/jersey-client-2.33.jar:/home/alex/.m2/repository/jakarta/ws/rs/jakarta.ws.rs-api/2.1.6/jakarta.ws.rs-api-2.1.6.jar:/home/alex/.m2/repository/org/glassfish/hk2/external/jakarta.inject/2.6.1/jakarta.inject-2.6.1.jar:/home/alex/.m2/repository/org/glassfish/jersey/media/jersey-media-json-jackson/2.33/jersey-media-json-jackson-2.33.jar:/home/alex/.m2/repository/org/glassfish/jersey/ext/jersey-entity-filtering/2.33/jersey-entity-filtering-2.33.jar:/home/alex/.m2/repository/org/glassfish/jersey/inject/jersey-hk2/2.33/jersey-hk2-2.33.jar:/home/alex/.m2/repository/org/glassfish/hk2/hk2-locator/2.6.1/hk2-locator-2.6.1.jar:/home/alex/.m2/repository/org/glassfish/hk2/external/aopalliance-repackaged/2.6.1/aopalliance-repackaged-2.6.1.jar:/home/alex/.m2/repository/org/glassfish/hk2/hk2-api/2.6.1/hk2-api-2.6.1.jar:/home/alex/.m2/repository/org/glassfish/hk2/hk2-utils/2.6.1/hk2-utils-2.6.1.jar:/home/alex/.m2/repository/org/javassist/javassist/3.25.0-GA/javassist-3.25.0-GA.jar:/home/alex/.m2/repository/org/glassfish/jersey/core/jersey-common/2.33/jersey-common-2.33.jar:/home/alex/.m2/repository/jakarta/annotation/jakarta.annotation-api/1.3.5/jakarta.annotation-api-1.3.5.jar:/home/alex/.m2/repository/org/glassfish/hk2/osgi-resource-locator/1.0.3/osgi-resource-locator-1.0.3.jar:/home/alex/.m2/repository/org/glassfish/jersey/media/jersey-media-multipart/2.33/jersey-media-multipart-2.33.jar:/home/alex/.m2/repository/org/jvnet/mimepull/mimepull/1.9.13/mimepull-1.9.13.jar:/home/alex/Repositories/nifi/nifi-commons/nifi-data-provenance-utils/target/classes:/home/alex/Repositories/nifi/nifi-nar-bundles/nifi-standard-services/nifi-distributed-cache-services-bundle/nifi-distributed-cache-client-service/target/classes:/home/alex/Repositories/nifi/nifi-nar-bundles/nifi-standard-services/nifi-distributed-cache-services-bundle/nifi-distributed-cache-protocol/target/classes:/home/alex/.m2/repository/io/netty/netty-buffer/4.1.69.Final/netty-buffer-4.1.69.Final.jar:/home/alex/.m2/repository/com/google/http-client/google-http-client/1.28.0/google-http-client-1.28.0.jar:/home/alex/.m2/repository/io/opencensus/opencensus-api/0.18.0/opencensus-api-0.18.0.jar:/home/alex/.m2/repository/io/grpc/grpc-context/1.14.0/grpc-context-1.14.0.jar:/home/alex/.m2/repository/io/opencensus/opencensus-contrib-http-util/0.18.0/opencensus-contrib-http-util-0.18.0.jar:/home/alex/.m2/repository/org/apache/activemq/activemq-broker/5.15.14/activemq-broker-5.15.14.jar:/home/alex/.m2/repository/org/apache/activemq/activemq-openwire-legacy/5.15.14/activemq-openwire-legacy-5.15.14.jar:/home/alex/Repositories/nifi/nifi-nar-bundles/nifi-standard-services/nifi-ssl-context-bundle/nifi-ssl-context-service/target/classes:/home/alex/Repositories/nifi/nifi-nar-bundles/nifi-framework-bundle/nifi-framework/nifi-standard-prioritizers/target/classes:/home/alex/Repositories/nifi/nifi-nar-bundles/nifi-extension-utils/nifi-record-utils/nifi-mock-record-utils/target/classes:/home/alex/Repositories/nifi/nifi-nar-bundles/nifi-standard-services/nifi-record-serialization-services-bundle/nifi-record-serialization-services/target/classes:/home/alex/.m2/repository/org/apache/commons/commons-csv/1.8/commons-csv-1.8.jar:/home/alex/.m2/repository/com/fasterxml/jackson/dataformat/jackson-dataformat-csv/2.12.3/jackson-dataformat-csv-2.12.3.jar:/home/alex/.m2/repository/net/java/dev/stax-utils/stax-utils/20070216/stax-utils-20070216.jar:/home/alex/Repositories/nifi/nifi-nar-bundles/nifi-standard-services/nifi-lookup-services-bundle/nifi-lookup-services/target/classes:/home/alex/.m2/repository/commons-beanutils/commons-beanutils/1.9.4/commons-beanutils-1.9.4.jar:/home/alex/.m2/repository/commons-collections/commons-collections/3.2.2/commons-collections-3.2.2.jar:/home/alex/.m2/repository/com/maxmind/geoip2/geoip2/2.12.0/geoip2-2.12.0.jar:/home/alex/.m2/repository/com/maxmind/db/maxmind-db/1.2.2/maxmind-db-1.2.2.jar:/home/alex/.m2/repository/org/apache/derby/derby/10.14.2.0/derby-10.14.2.0.jar:/home/alex/.m2/repository/org/xerial/snappy/snappy-java/1.1.7.3/snappy-java-1.1.7.3.jar:/home/alex/.m2/repository/net/lingala/zip4j/zip4j/2.8.0/zip4j-2.8.0.jar:/home/alex/.m2/repository/com/h2database/h2/1.4.187/h2-1.4.187.jar:/home/alex/.m2/repository/org/mockftpserver/MockFtpServer/2.7.1/MockFtpServer-2.7.1.jar:/home/alex/.m2/repository/org/apache/sshd/sshd-core/1.7.0/sshd-core-1.7.0.jar:/home/alex/.m2/repository/com/bazaarvoice/jolt/jolt-core/0.1.1/jolt-core-0.1.1.jar:/home/alex/.m2/repository/javax/inject/javax.inject/1/javax.inject-1.jar:/home/alex/.m2/repository/com/bazaarvoice/jolt/json-utils/0.1.1/json-utils-0.1.1.jar:/home/alex/Repositories/nifi/nifi-nar-bundles/nifi-standard-bundle/nifi-standard-utils/target/classes:/home/alex/.m2/repository/net/sf/supercsv/super-csv/2.4.0/super-csv-2.4.0.jar:/home/alex/.m2/repository/com/fluenda/parcefone/2.1.0/parcefone-2.1.0.jar:/home/alex/.m2/repository/javax/validation/validation-api/1.1.0.Final/validation-api-1.1.0.Final.jar:/home/alex/.m2/repository/javax/el/javax.el-api/3.0.0/javax.el-api-3.0.0.jar:/home/alex/.m2/repository/com/github/wnameless/json/json-flattener/0.12.0/json-flattener-0.12.0.jar:/home/alex/.m2/repository/com/github/wnameless/json/json-base/2.0.0/json-base-2.0.0.jar:/home/alex/.m2/repository/org/apache/bval/bval-jsr/1.1.2/bval-jsr-1.1.2.jar:/home/alex/.m2/repository/org/apache/bval/bval-core/1.1.2/bval-core-1.1.2.jar:/home/alex/.m2/repository/io/krakens/java-grok/0.1.9/java-grok-0.1.9.jar:/home/alex/.m2/repository/org/apache/calcite/calcite-core/1.27.0/calcite-core-1.27.0.jar:/home/alex/.m2/repository/org/apache/calcite/calcite-linq4j/1.27.0/calcite-linq4j-1.27.0.jar:/home/alex/.m2/repository/com/esri/geometry/esri-geometry-api/2.2.0/esri-geometry-api-2.2.0.jar:/home/alex/.m2/repository/org/apache/calcite/avatica/avatica-core/1.18.0/avatica-core-1.18.0.jar:/home/alex/.m2/repository/org/apache/calcite/avatica/avatica-metrics/1.18.0/avatica-metrics-1.18.0.jar:/home/alex/.m2/repository/com/google/protobuf/protobuf-java/3.6.1/protobuf-java-3.6.1.jar:/home/alex/.m2/repository/org/apiguardian/apiguardian-api/1.1.0/apiguardian-api-1.1.0.jar:/home/alex/.m2/repository/com/fasterxml/jackson/dataformat/jackson-dataformat-yaml/2.10.0/jackson-dataformat-yaml-2.10.0.jar:/home/alex/.m2/repository/org/yaml/snakeyaml/1.29/snakeyaml-1.29.jar:/home/alex/.m2/repository/com/google/uzaygezen/uzaygezen-core/0.2/uzaygezen-core-0.2.jar:/home/alex/.m2/repository/com/yahoo/datasketches/sketches-core/0.9.0/sketches-core-0.9.0.jar:/home/alex/.m2/repository/com/yahoo/datasketches/memory/0.9.0/memory-0.9.0.jar:/home/alex/.m2/repository/net/hydromatic/aggdesigner-algorithm/6.0/aggdesigner-algorithm-6.0.jar:/home/alex/.m2/repository/commons-lang/commons-lang/2.4/commons-lang-2.4.jar:/home/alex/.m2/repository/org/apache/commons/commons-dbcp2/2.6.0/commons-dbcp2-2.6.0.jar:/home/alex/.m2/repository/org/apache/commons/commons-pool2/2.6.1/commons-pool2-2.6.1.jar:/home/alex/.m2/repository/org/codehaus/janino/commons-compiler/3.0.11/commons-compiler-3.0.11.jar:/home/alex/.m2/repository/org/codehaus/janino/janino/3.0.11/janino-3.0.11.jar:/home/alex/Repositories/nifi/nifi-nar-bundles/nifi-standard-services/nifi-schema-registry-service-api/target/classes:/home/alex/Repositories/nifi/nifi-nar-bundles/nifi-extension-utils/nifi-database-utils/target/classes:/home/alex/Repositories/nifi/nifi-nar-bundles/nifi-standard-bundle/nifi-standard-web-test-utils/target/classes:/home/alex/.m2/repository/com/github/stefanbirkner/fake-sftp-server-rule/2.0.1/fake-sftp-server-rule-2.0.1.jar:/home/alex/.m2/repository/com/github/marschall/memoryfilesystem/2.8.0/memoryfilesystem-2.8.0.jar:/home/alex/.m2/repository/junit/junit/4.13.2/junit-4.13.2.jar:/home/alex/.m2/repository/org/hamcrest/hamcrest-core/1.3/hamcrest-core-1.3.jar:/home/alex/Repositories/nifi/nifi-nar-bundles/nifi-extension-utils/nifi-database-test-utils/target/classes:/home/alex/.m2/repository/org/codehaus/groovy/groovy-json/2.5.14/groovy-json-2.5.14.jar:/home/alex/.m2/repository/org/codehaus/groovy/groovy/2.5.14/groovy-2.5.14.jar:/home/alex/.m2/repository/org/codehaus/groovy/groovy-servlet/2.5.14/groovy-servlet-2.5.14.jar:/home/alex/.m2/repository/org/codehaus/groovy/groovy-templates/2.5.14/groovy-templates-2.5.14.jar:/home/alex/.m2/repository/org/codehaus/groovy/groovy-xml/2.5.14/groovy-xml-2.5.14.jar:/home/alex/.m2/repository/org/hamcrest/hamcrest-all/1.3/hamcrest-all-1.3.jar:/home/alex/.m2/repository/com/squareup/okhttp3/mockwebserver/4.9.2/mockwebserver-4.9.2.jar:/home/alex/.m2/repository/org/jetbrains/kotlin/kotlin-stdlib-jdk8/1.4.10/kotlin-stdlib-jdk8-1.4.10.jar:/home/alex/.m2/repository/org/jetbrains/kotlin/kotlin-stdlib-jdk7/1.4.10/kotlin-stdlib-jdk7-1.4.10.jar:/home/alex/.m2/repository/org/mockito/mockito-inline/3.12.4/mockito-inline-3.12.4.jar:/home/alex/.m2/repository/org/junit/jupiter/junit-jupiter-api/5.7.2/junit-jupiter-api-5.7.2.jar:/home/alex/.m2/repository/org/opentest4j/opentest4j/1.2.0/opentest4j-1.2.0.jar:/home/alex/.m2/repository/org/junit/platform/junit-platform-commons/1.7.2/junit-platform-commons-1.7.2.jar:/home/alex/.m2/repository/org/junit/jupiter/junit-jupiter-engine/5.7.2/junit-jupiter-engine-5.7.2.jar:/home/alex/.m2/repository/org/junit/platform/junit-platform-engine/1.7.2/junit-platform-engine-1.7.2.jar:/home/alex/.m2/repository/org/junit/vintage/junit-vintage-engine/5.7.2/junit-vintage-engine-5.7.2.jar:/home/alex/.m2/repository/org/junit/jupiter/junit-jupiter-params/5.7.2/junit-jupiter-params-5.7.2.jar:/home/alex/.m2/repository/org/mockito/mockito-core/3.11.2/mockito-core-3.11.2.jar:/home/alex/.m2/repository/net/bytebuddy/byte-buddy/1.11.3/byte-buddy-1.11.3.jar:/home/alex/.m2/repository/net/bytebuddy/byte-buddy-agent/1.11.3/byte-buddy-agent-1.11.3.jar:/home/alex/.m2/repository/org/objenesis/objenesis/3.2/objenesis-3.2.jar:/home/alex/.m2/repository/org/mockito/mockito-junit-jupiter/3.11.2/mockito-junit-jupiter-3.11.2.jar:/home/alex/.m2/repository/org/slf4j/slf4j-simple/1.7.32/slf4j-simple-1.7.32.jar:/home/alex/.m2/repository/org/codehaus/groovy/groovy-test/2.5.14/groovy-test-2.5.14.jar:"/>
    <property name="sun.cpu.endian" value="little"/>
    <property name="user.home" value="/home/alex"/>
    <property name="user.language" value="en"/>
    <property name="java.specification.vendor" value="Oracle Corporation"/>
    <property name="java.home" value="/usr/lib/jvm/java-8-openjdk-amd64/jre"/>
    <property name="basedir" value="/home/alex/Repositories/nifi/nifi-nar-bundles/nifi-standard-bundle/nifi-standard-processors"/>
    <property name="file.separator" value="/"/>
    <property name="line.separator" value="&#10;"/>
    <property name="java.vm.specification.vendor" value="Oracle Corporation"/>
    <property name="java.specification.name" value="Java Platform API Specification"/>
    <property name="derby.stream.error.file" value="target/derby.log"/>
    <property name="java.awt.graphicsenv" value="sun.awt.X11GraphicsEnvironment"/>
    <property name="org.slf4j.simpleLogger.log.org.apache.nifi.processors.standard.SQLTransform" value="debug"/>
    <property name="java.awt.headless" value="true"/>
    <property name="org.slf4j.simpleLogger.showDateTime" value="true"/>
    <property name="surefire.real.class.path" value="/home/alex/Repositories/nifi/nifi-nar-bundles/nifi-standard-bundle/nifi-standard-processors/target/surefire/surefirebooter7866820466567195306.jar"/>
    <property name="sun.boot.class.path" value="/usr/lib/jvm/java-8-openjdk-amd64/jre/lib/resources.jar:/usr/lib/jvm/java-8-openjdk-amd64/jre/lib/rt.jar:/usr/lib/jvm/java-8-openjdk-amd64/jre/lib/sunrsasign.jar:/usr/lib/jvm/java-8-openjdk-amd64/jre/lib/jsse.jar:/usr/lib/jvm/java-8-openjdk-amd64/jre/lib/jce.jar:/usr/lib/jvm/java-8-openjdk-amd64/jre/lib/charsets.jar:/usr/lib/jvm/java-8-openjdk-amd64/jre/lib/jfr.jar:/usr/lib/jvm/java-8-openjdk-amd64/jre/classes"/>
    <property name="sun.management.compiler" value="HotSpot 64-Bit Tiered Compilers"/>
    <property name="java.runtime.version" value="1.8.0_402-8u402-ga-2ubuntu1~22.04-b06"/>
    <property name="java.net.preferIPv4Stack" value="true"/>
    <property name="user.name" value="alex"/>
    <property name="path.separator" value=":"/>
    <property name="os.version" value="6.5.0-28-generic"/>
    <property name="java.endorsed.dirs" value="/usr/lib/jvm/java-8-openjdk-amd64/jre/lib/endorsed"/>
    <property name="java.runtime.name" value="OpenJDK Runtime Environment"/>
    <property name="file.encoding" value="UTF-8"/>
    <property name="sun.nio.ch.bugLevel" value=""/>
    <property name="java.vm.name" value="OpenJDK 64-Bit Server VM"/>
    <property name="localRepository" value="/home/alex/.m2/repository"/>
    <property name="java.vendor.url.bug" value="http://bugreport.sun.com/bugreport/"/>
    <property name="java.io.tmpdir" value="/tmp"/>
    <property name="java.version" value="1.8.0_402"/>
    <property name="user.dir" value="/home/alex/Repositories/nifi/nifi-nar-bundles/nifi-standard-bundle/nifi-standard-processors"/>
    <property name="os.arch" value="amd64"/>
    <property name="java.vm.specification.name" value="Java Virtual Machine Specification"/>
    <property name="java.awt.printerjob" value="sun.print.PSPrinterJob"/>
    <property name="sun.os.patch.level" value="unknown"/>
    <property name="org.slf4j.simpleLogger.defaultLogLevel" value="info"/>
    <property name="java.library.path" value="/usr/java/packages/lib/amd64:/usr/lib/x86_64-linux-gnu/jni:/lib/x86_64-linux-gnu:/usr/lib/x86_64-linux-gnu:/usr/lib/jni:/lib:/usr/lib"/>
    <property name="java.vm.info" value="mixed mode"/>
    <property name="java.vendor" value="Private Build"/>
    <property name="java.vm.version" value="25.402-b06"/>
    <property name="java.specification.maintenance.version" value="5"/>
    <property name="java.ext.dirs" value="/usr/lib/jvm/java-8-openjdk-amd64/jre/lib/ext:/usr/java/packages/lib/ext"/>
    <property name="sun.io.unicode.encoding" value="UnicodeLittle"/>
    <property name="java.class.version" value="52.0"/>
  </properties>
  <testcase name="testMatchesMultipleXmlAttribute" classname="org.apache.nifi.processors.standard.TestEvaluateXQuery" time="0.555">
    <system-err><![CDATA[[pool-648-thread-1] INFO org.apache.nifi.processors.standard.EvaluateXQuery - EvaluateXQuery[id=938a6b02-9b0a-4935-9fe2-2a5f76b605ff] Successfully evaluated XQueries against FlowFile[0,fruit.xml,1581B] and found 7 matches; routing to matched
]]></system-err>
  </testcase>
  <testcase name="testUnmatchedAttribute" classname="org.apache.nifi.processors.standard.TestEvaluateXQuery" time="0.006">
    <system-err><![CDATA[[pool-649-thread-1] INFO org.apache.nifi.processors.standard.EvaluateXQuery - EvaluateXQuery[id=cb9bc23a-caf7-4a08-b80e-6116115d8d56] Successfully evaluated XQueries against FlowFile[0,fruit.xml,1581B] and found 0 matches; routing to unmatched
]]></system-err>
  </testcase>
  <testcase name="testBadXQuery" classname="org.apache.nifi.processors.standard.TestEvaluateXQuery" time="0.008">
    <system-err><![CDATA[Static error on line 1 column 26 
  XPST0017  Cannot find a 1-argument function named
  Q{http://www.w3.org/2005/xpath-functions}counttttttt()
Static error on line 1 column 26 
  XPST0017  Cannot find a 1-argument function named
  Q{http://www.w3.org/2005/xpath-functions}counttttttt()
]]></system-err>
  </testcase>
  <testcase name="testNoXQueryAttribute" classname="org.apache.nifi.processors.standard.TestEvaluateXQuery" time="0.004">
    <system-err><![CDATA[[pool-650-thread-1] INFO org.apache.nifi.processors.standard.EvaluateXQuery - EvaluateXQuery[id=c612e783-2ec8-455a-a5db-d2760355e1b7] Successfully evaluated XQueries against FlowFile[0,fruit.xml,1581B] and found 0 matches; routing to unmatched
]]></system-err>
  </testcase>
  <testcase name="testMatchedEmptyStringAttribute" classname="org.apache.nifi.processors.standard.TestEvaluateXQuery" time="0.034">
    <system-err><![CDATA[[pool-651-thread-1] INFO org.apache.nifi.processors.standard.EvaluateXQuery - EvaluateXQuery[id=2da823ca-7768-4c84-9bd4-8dd5a4b93ba7] Successfully evaluated XQueries against FlowFile[0,fruit.xml,1581B] and found 0 matches; routing to unmatched
]]></system-err>
  </testcase>
  <testcase name="testWriteStringToAttribute" classname="org.apache.nifi.processors.standard.TestEvaluateXQuery" time="0.01">
    <system-err><![CDATA[[pool-652-thread-1] INFO org.apache.nifi.processors.standard.EvaluateXQuery - EvaluateXQuery[id=ab899d88-be51-4d30-9f51-630b7a70e71e] Successfully evaluated XQueries against FlowFile[0,fruit.xml,1581B] and found 1 matches; routing to matched
]]></system-err>
  </testcase>
  <testcase name="testFailureForExternalDocTypeWithDocTypeValidationEnabled" classname="org.apache.nifi.processors.standard.TestEvaluateXQuery" time="0.007">
    <system-err><![CDATA[[pool-653-thread-1] ERROR org.apache.nifi.processors.standard.EvaluateXQuery - EvaluateXQuery[id=8a30f606-3632-45dc-ad6a-b7d1f44eb562] unable to evaluate XQuery against FlowFile[0,xml-snippet-external-doctype.xml,1059B] due to net.sf.saxon.s9api.SaxonApiException: I/O error reported by XML parser processing null: /home/alex/Repositories/nifi/nifi-nar-bundles/nifi-standard-bundle/nifi-standard-processors/non-existent-doctype.dtd (No such file or directory); routing to 'failure': net.sf.saxon.s9api.SaxonApiException: I/O error reported by XML parser processing null: /home/alex/Repositories/nifi/nifi-nar-bundles/nifi-standard-bundle/nifi-standard-processors/non-existent-doctype.dtd (No such file or directory)
net.sf.saxon.s9api.SaxonApiException: I/O error reported by XML parser processing null: /home/alex/Repositories/nifi/nifi-nar-bundles/nifi-standard-bundle/nifi-standard-processors/non-existent-doctype.dtd (No such file or directory)
	at net.sf.saxon.s9api.DocumentBuilder.build(DocumentBuilder.java:360)
	at net.sf.saxon.s9api.XQueryEvaluator.setSource(XQueryEvaluator.java:134)
	at org.apache.nifi.processors.standard.EvaluateXQuery$2.process(EvaluateXQuery.java:310)
	at org.apache.nifi.util.MockProcessSession.read(MockProcessSession.java:601)
	at org.apache.nifi.util.MockProcessSession.read(MockProcessSession.java:583)
	at org.apache.nifi.processors.standard.EvaluateXQuery.onTrigger(EvaluateXQuery.java:305)
	at org.apache.nifi.processor.AbstractProcessor.onTrigger(AbstractProcessor.java:27)
	at org.apache.nifi.util.StandardProcessorTestRunner$RunProcessor.call(StandardProcessorTestRunner.java:284)
	at org.apache.nifi.util.StandardProcessorTestRunner$RunProcessor.call(StandardProcessorTestRunner.java:278)
	at java.util.concurrent.FutureTask.run(FutureTask.java:266)
	at java.util.concurrent.ScheduledThreadPoolExecutor$ScheduledFutureTask.access$201(ScheduledThreadPoolExecutor.java:180)
	at java.util.concurrent.ScheduledThreadPoolExecutor$ScheduledFutureTask.run(ScheduledThreadPoolExecutor.java:293)
	at java.util.concurrent.ThreadPoolExecutor.runWorker(ThreadPoolExecutor.java:1149)
	at java.util.concurrent.ThreadPoolExecutor$Worker.run(ThreadPoolExecutor.java:624)
	at java.lang.Thread.run(Thread.java:750)
Caused by: net.sf.saxon.trans.XPathException: I/O error reported by XML parser processing null: /home/alex/Repositories/nifi/nifi-nar-bundles/nifi-standard-bundle/nifi-standard-processors/non-existent-doctype.dtd (No such file or directory)
	at net.sf.saxon.event.Sender.sendSAXSource(Sender.java:467)
	at net.sf.saxon.event.Sender.send(Sender.java:142)
	at net.sf.saxon.Configuration.buildDocumentTree(Configuration.java:4203)
	at net.sf.saxon.s9api.DocumentBuilder.build(DocumentBuilder.java:357)
	... 14 more
Caused by: java.io.FileNotFoundException: /home/alex/Repositories/nifi/nifi-nar-bundles/nifi-standard-bundle/nifi-standard-processors/non-existent-doctype.dtd (No such file or directory)
	at java.io.FileInputStream.open0(Native Method)
	at java.io.FileInputStream.open(FileInputStream.java:195)
	at java.io.FileInputStream.<init>(FileInputStream.java:138)
	at java.io.FileInputStream.<init>(FileInputStream.java:93)
	at sun.net.www.protocol.file.FileURLConnection.connect(FileURLConnection.java:90)
	at sun.net.www.protocol.file.FileURLConnection.getInputStream(FileURLConnection.java:188)
	at com.sun.org.apache.xerces.internal.impl.XMLEntityManager.setupCurrentEntity(XMLEntityManager.java:624)
	at com.sun.org.apache.xerces.internal.impl.XMLEntityManager.startEntity(XMLEntityManager.java:1305)
	at com.sun.org.apache.xerces.internal.impl.XMLEntityManager.startDTDEntity(XMLEntityManager.java:1271)
	at com.sun.org.apache.xerces.internal.impl.XMLDTDScannerImpl.setInputSource(XMLDTDScannerImpl.java:264)
	at com.sun.org.apache.xerces.internal.impl.XMLDocumentScannerImpl$DTDDriver.dispatch(XMLDocumentScannerImpl.java:1160)
	at com.sun.org.apache.xerces.internal.impl.XMLDocumentScannerImpl$DTDDriver.next(XMLDocumentScannerImpl.java:1044)
	at com.sun.org.apache.xerces.internal.impl.XMLDocumentScannerImpl$PrologDriver.next(XMLDocumentScannerImpl.java:958)
	at com.sun.org.apache.xerces.internal.impl.XMLDocumentScannerImpl.next(XMLDocumentScannerImpl.java:601)
	at com.sun.org.apache.xerces.internal.impl.XMLNSDocumentScannerImpl.next(XMLNSDocumentScannerImpl.java:112)
	at com.sun.org.apache.xerces.internal.impl.XMLDocumentFragmentScannerImpl.scanDocument(XMLDocumentFragmentScannerImpl.java:504)
	at com.sun.org.apache.xerces.internal.parsers.XML11Configuration.parse(XML11Configuration.java:841)
	at com.sun.org.apache.xerces.internal.parsers.XML11Configuration.parse(XML11Configuration.java:770)
	at com.sun.org.apache.xerces.internal.parsers.XMLParser.parse(XMLParser.java:141)
	at com.sun.org.apache.xerces.internal.parsers.AbstractSAXParser.parse(AbstractSAXParser.java:1213)
	at net.sf.saxon.event.Sender.sendSAXSource(Sender.java:439)
	... 17 more
]]></system-err>
  </testcase>
  <testcase name="testSetTransformerProperties" classname="org.apache.nifi.processors.standard.TestEvaluateXQuery" time="0"/>
  <testcase name="testMatchesMultipleStringContent" classname="org.apache.nifi.processors.standard.TestEvaluateXQuery" time="0.007">
    <system-err><![CDATA[[pool-654-thread-1] INFO org.apache.nifi.processors.standard.EvaluateXQuery - EvaluateXQuery[id=601805a6-131b-48c6-90c0-62b5144d8dcf] Successfully created 7 new FlowFiles from FlowFile[0,fruit.xml,1581B]; routing all to 'matched'
]]></system-err>
  </testcase>
  <testcase name="testFormatting" classname="org.apache.nifi.processors.standard.TestEvaluateXQuery" time="0.182">
    <system-err><![CDATA[[pool-655-thread-1] INFO org.apache.nifi.processors.standard.EvaluateXQuery - EvaluateXQuery[id=66dec13b-422a-49e4-9b78-3536672dd881] Successfully updated content for FlowFile[0,fruit.xml,1B]; routing to 'matched'
[pool-656-thread-1] INFO org.apache.nifi.processors.standard.EvaluateXQuery - EvaluateXQuery[id=8eb7e69c-92b1-4854-8f5b-5658425183f7] Successfully updated content for FlowFile[0,fruit.xml,1B]; routing to 'matched'
[pool-657-thread-1] INFO org.apache.nifi.processors.standard.EvaluateXQuery - EvaluateXQuery[id=589c90aa-2064-411e-b73a-268b502ad090] Successfully updated content for FlowFile[0,fruit.xml,1B]; routing to 'matched'
[pool-658-thread-1] INFO org.apache.nifi.processors.standard.EvaluateXQuery - EvaluateXQuery[id=18b10318-6f0a-4c69-81bf-bdb701cf7cff] Successfully updated content for FlowFile[0,fruit.xml,1B]; routing to 'matched'
[pool-659-thread-1] INFO org.apache.nifi.processors.standard.EvaluateXQuery - EvaluateXQuery[id=e376da12-c983-4c07-ab20-f2ca48631871] Successfully updated content for FlowFile[0,fruit.xml,1B]; routing to 'matched'
[pool-660-thread-1] INFO org.apache.nifi.processors.standard.EvaluateXQuery - EvaluateXQuery[id=b42f41ee-83cf-42e6-9fb7-3e8f25718a05] Successfully updated content for FlowFile[0,fruit.xml,1B]; routing to 'matched'
[pool-661-thread-1] INFO org.apache.nifi.processors.standard.EvaluateXQuery - EvaluateXQuery[id=de6c42bd-d044-4fbd-9295-7327299e2ae9] Successfully updated content for FlowFile[0,fruit.xml,1B]; routing to 'matched'
[pool-662-thread-1] INFO org.apache.nifi.processors.standard.EvaluateXQuery - EvaluateXQuery[id=b76f83f8-ea5a-457f-86af-fb98208ea7fa] Successfully updated content for FlowFile[0,fruit.xml,1B]; routing to 'matched'
[pool-663-thread-1] INFO org.apache.nifi.processors.standard.EvaluateXQuery - EvaluateXQuery[id=04358b2c-ea6a-48f5-b074-af28f5e46f7f] Successfully updated content for FlowFile[0,fruit.xml,1B]; routing to 'matched'
[pool-664-thread-1] INFO org.apache.nifi.processors.standard.EvaluateXQuery - EvaluateXQuery[id=30bead5f-4f18-4b61-943b-249ad3a7c115] Successfully updated content for FlowFile[0,fruit.xml,1B]; routing to 'matched'
[pool-665-thread-1] INFO org.apache.nifi.processors.standard.EvaluateXQuery - EvaluateXQuery[id=78bd74c2-c6a9-4d48-830e-f2063cd3632f] Successfully updated content for FlowFile[0,fruit.xml,1B]; routing to 'matched'
[pool-666-thread-1] INFO org.apache.nifi.processors.standard.EvaluateXQuery - EvaluateXQuery[id=9b3f5932-8a59-4f40-ad1e-c09f6e300318] Successfully updated content for FlowFile[0,fruit.xml,1B]; routing to 'matched'
[pool-667-thread-1] INFO org.apache.nifi.processors.standard.EvaluateXQuery - EvaluateXQuery[id=ba6eb767-69d3-41ef-b79f-a04a9918ac20] Successfully updated content for FlowFile[0,fruit.xml,5B]; routing to 'matched'
[pool-668-thread-1] INFO org.apache.nifi.processors.standard.EvaluateXQuery - EvaluateXQuery[id=841c1026-7a13-47a9-9c32-909d02eb65ab] Successfully updated content for FlowFile[0,fruit.xml,5B]; routing to 'matched'
[pool-669-thread-1] INFO org.apache.nifi.processors.standard.EvaluateXQuery - EvaluateXQuery[id=5a75b4e5-e3bd-4a91-8cd0-785df6b16618] Successfully updated content for FlowFile[0,fruit.xml,5B]; routing to 'matched'
[pool-670-thread-1] INFO org.apache.nifi.processors.standard.EvaluateXQuery - EvaluateXQuery[id=e30cc5f1-b13d-404e-8930-a0f20beee7ff] Successfully updated content for FlowFile[0,fruit.xml,5B]; routing to 'matched'
[pool-671-thread-1] INFO org.apache.nifi.processors.standard.EvaluateXQuery - EvaluateXQuery[id=6e35fb9b-a050-41da-97df-03d020ea7e35] Successfully updated content for FlowFile[0,fruit.xml,5B]; routing to 'matched'
[pool-672-thread-1] INFO org.apache.nifi.processors.standard.EvaluateXQuery - EvaluateXQuery[id=e69c6b2e-2242-4df7-a157-0a31675e5079] Successfully updated content for FlowFile[0,fruit.xml,5B]; routing to 'matched'
[pool-673-thread-1] INFO org.apache.nifi.processors.standard.EvaluateXQuery - EvaluateXQuery[id=e7ad81cc-f5c2-4666-aa10-5a6b02071c9a] Successfully updated content for FlowFile[0,fruit.xml,5B]; routing to 'matched'
[pool-674-thread-1] INFO org.apache.nifi.processors.standard.EvaluateXQuery - EvaluateXQuery[id=9d68f31c-514f-4794-9a86-65580e6018bd] Successfully updated content for FlowFile[0,fruit.xml,5B]; routing to 'matched'
[pool-675-thread-1] INFO org.apache.nifi.processors.standard.EvaluateXQuery - EvaluateXQuery[id=cbd4c58a-16b3-475c-a3a1-9d5f4b710cd2] Successfully updated content for FlowFile[0,fruit.xml,5B]; routing to 'matched'
[pool-676-thread-1] INFO org.apache.nifi.processors.standard.EvaluateXQuery - EvaluateXQuery[id=9fe695da-23fc-4fb5-8a63-83bc3dcff9fe] Successfully updated content for FlowFile[0,fruit.xml,5B]; routing to 'matched'
[pool-677-thread-1] INFO org.apache.nifi.processors.standard.EvaluateXQuery - EvaluateXQuery[id=18638ba2-4a34-42c9-a8e2-b7e79296ae76] Successfully updated content for FlowFile[0,fruit.xml,5B]; routing to 'matched'
[pool-678-thread-1] INFO org.apache.nifi.processors.standard.EvaluateXQuery - EvaluateXQuery[id=b4f6418a-e99e-48ed-971e-11465ef85e78] Successfully updated content for FlowFile[0,fruit.xml,5B]; routing to 'matched'
[pool-679-thread-1] INFO org.apache.nifi.processors.standard.EvaluateXQuery - EvaluateXQuery[id=2c31a2cd-d181-4f19-913c-119c3834490f] Successfully updated content for FlowFile[0,fruit.xml,196B]; routing to 'matched'
[pool-680-thread-1] INFO org.apache.nifi.processors.standard.EvaluateXQuery - EvaluateXQuery[id=73ca7738-5f2a-45fd-afff-d52676235a1e] Successfully updated content for FlowFile[0,fruit.xml,158B]; routing to 'matched'
[pool-681-thread-1] INFO org.apache.nifi.processors.standard.EvaluateXQuery - EvaluateXQuery[id=016b1082-c9a0-4771-9f27-e5003bd7404a] Successfully updated content for FlowFile[0,fruit.xml,40B]; routing to 'matched'
[pool-682-thread-1] INFO org.apache.nifi.processors.standard.EvaluateXQuery - EvaluateXQuery[id=99069421-a562-4aae-8ae1-54fa0a356430] Successfully updated content for FlowFile[0,fruit.xml,184B]; routing to 'matched'
[pool-683-thread-1] INFO org.apache.nifi.processors.standard.EvaluateXQuery - EvaluateXQuery[id=1ca10015-3c7a-4ef7-b4b9-e3439dc50f0e] Successfully updated content for FlowFile[0,fruit.xml,145B]; routing to 'matched'
]]></system-err>
  </testcase>
  <testcase name="testUnmatchedContent" classname="org.apache.nifi.processors.standard.TestEvaluateXQuery" time="0.004">
    <system-err><![CDATA[[pool-684-thread-1] INFO org.apache.nifi.processors.standard.EvaluateXQuery - EvaluateXQuery[id=682e32bf-e01c-4139-aae3-f1f903c273cc] Routing FlowFile[0,fruit.xml,1581B] to 'unmatched'
]]></system-err>
  </testcase>
  <testcase name="testNoXQueryContent" classname="org.apache.nifi.processors.standard.TestEvaluateXQuery" time="0.001"/>
  <testcase name="testWriteXmlToContent" classname="org.apache.nifi.processors.standard.TestEvaluateXQuery" time="0.004">
    <system-err><![CDATA[[pool-685-thread-1] INFO org.apache.nifi.processors.standard.EvaluateXQuery - EvaluateXQuery[id=aaf650a7-8b56-4675-bc54-984b26c4d51c] Successfully updated content for FlowFile[0,fruit.xml,86B]; routing to 'matched'
]]></system-err>
  </testcase>
  <testcase name="testRootPath" classname="org.apache.nifi.processors.standard.TestEvaluateXQuery" time="0.006">
    <system-err><![CDATA[[pool-686-thread-1] INFO org.apache.nifi.processors.standard.EvaluateXQuery - EvaluateXQuery[id=77141131-483f-4ff3-a7b4-286306bb7369] Successfully evaluated XQueries against FlowFile[0,fruit.xml,1581B] and found 1 matches; routing to matched
]]></system-err>
  </testcase>
  <testcase name="testWriteXmlToAttribute" classname="org.apache.nifi.processors.standard.TestEvaluateXQuery" time="0.006">
    <system-err><![CDATA[[pool-687-thread-1] INFO org.apache.nifi.processors.standard.EvaluateXQuery - EvaluateXQuery[id=cb937352-480d-42d2-b21b-e1fbfb8e5cd9] Successfully evaluated XQueries against FlowFile[0,fruit.xml,1581B] and found 1 matches; routing to matched
]]></system-err>
  </testcase>
  <testcase name="testSuccessForEmbeddedDocTypeValidationDisabled" classname="org.apache.nifi.processors.standard.TestEvaluateXQuery" time="0.008">
    <system-err><![CDATA[[pool-688-thread-1] INFO org.apache.nifi.processors.standard.EvaluateXQuery - EvaluateXQuery[id=cfbb60b4-369b-428b-92b8-2d80d4d3db0a] Successfully updated content for FlowFile[0,xml-snippet-embedded-doctype.xml,5B]; routing to 'matched'
]]></system-err>
  </testcase>
  <testcase name="testMatchesMultipleStringAttribute" classname="org.apache.nifi.processors.standard.TestEvaluateXQuery" time="0.006">
    <system-err><![CDATA[[pool-689-thread-1] INFO org.apache.nifi.processors.standard.EvaluateXQuery - EvaluateXQuery[id=a5015bbd-7c0b-4037-aa7f-f9c550b61e45] Successfully evaluated XQueries against FlowFile[0,fruit.xml,1581B] and found 7 matches; routing to matched
]]></system-err>
  </testcase>
  <testcase name="testCheckIfElementExists" classname="org.apache.nifi.processors.standard.TestEvaluateXQuery" time="0.026">
    <system-err><![CDATA[[pool-690-thread-1] INFO org.apache.nifi.processors.standard.EvaluateXQuery - EvaluateXQuery[id=d103f6c7-5c3f-48bc-852b-dfccaee8bb3e] Successfully evaluated XQueries against FlowFile[0,fruit.xml,1581B] and found 2 matches; routing to matched
]]></system-err>
  </testcase>
  <testcase name="testSuccessForExternalDocTypeWithDocTypeValidationDisabled" classname="org.apache.nifi.processors.standard.TestEvaluateXQuery" time="0.005">
    <system-err><![CDATA[[pool-691-thread-1] INFO org.apache.nifi.processors.standard.EvaluateXQuery - EvaluateXQuery[id=019c2822-2578-46f8-af46-6e8c77d9ad38] Successfully updated content for FlowFile[0,xml-snippet-external-doctype.xml,5B]; routing to 'matched'
]]></system-err>
  </testcase>
  <testcase name="testSuccessForEmbeddedDocTypeValidation" classname="org.apache.nifi.processors.standard.TestEvaluateXQuery" time="0.004">
    <system-err><![CDATA[[pool-692-thread-1] INFO org.apache.nifi.processors.standard.EvaluateXQuery - EvaluateXQuery[id=9095c672-c087-4306-ab85-ef06974b16c5] Successfully updated content for FlowFile[0,xml-snippet-embedded-doctype.xml,5B]; routing to 'matched'
]]></system-err>
  </testcase>
  <testcase name="testXQueries" classname="org.apache.nifi.processors.standard.TestEvaluateXQuery" time="0.277">
    <system-err><![CDATA[[pool-693-thread-1] INFO org.apache.nifi.processors.standard.EvaluateXQuery - EvaluateXQuery[id=d4a46b89-aec9-4674-8623-663f194c8b19] Successfully evaluated XQueries against FlowFile[0,fruit.xml,1581B] and found 1 matches; routing to matched
[pool-694-thread-1] INFO org.apache.nifi.processors.standard.EvaluateXQuery - EvaluateXQuery[id=c534b7a3-5f79-4fcb-9871-cb50ae460a27] Successfully updated content for FlowFile[0,fruit.xml,1B]; routing to 'matched'
[pool-695-thread-1] INFO org.apache.nifi.processors.standard.EvaluateXQuery - EvaluateXQuery[id=febc3602-4810-4702-81f3-2cc5babdebcc] Successfully evaluated XQueries against FlowFile[0,fruit.xml,1581B] and found 1 matches; routing to matched
[pool-696-thread-1] INFO org.apache.nifi.processors.standard.EvaluateXQuery - EvaluateXQuery[id=2f8bfe64-f281-4e24-9842-f38b138bcb12] Successfully updated content for FlowFile[0,fruit.xml,1B]; routing to 'matched'
[pool-697-thread-1] INFO org.apache.nifi.processors.standard.EvaluateXQuery - EvaluateXQuery[id=2fac6aba-e870-46fa-9128-c152ad352094] Successfully evaluated XQueries against FlowFile[0,fruit.xml,1581B] and found 1 matches; routing to matched
[pool-698-thread-1] INFO org.apache.nifi.processors.standard.EvaluateXQuery - EvaluateXQuery[id=d6af5e84-a170-4f47-9edd-20626faa9714] Successfully updated content for FlowFile[0,fruit.xml,1B]; routing to 'matched'
[pool-699-thread-1] INFO org.apache.nifi.processors.standard.EvaluateXQuery - EvaluateXQuery[id=36bba6af-fb93-43e6-96a2-ef01a62ff6a8] Successfully evaluated XQueries against FlowFile[0,fruit.xml,1581B] and found 1 matches; routing to matched
[pool-700-thread-1] INFO org.apache.nifi.processors.standard.EvaluateXQuery - EvaluateXQuery[id=1c6c0672-c82d-4068-9293-24f5c3eaa416] Successfully updated content for FlowFile[0,fruit.xml,4B]; routing to 'matched'
[pool-701-thread-1] INFO org.apache.nifi.processors.standard.EvaluateXQuery - EvaluateXQuery[id=32d46cbe-bae0-4e74-b2d8-b08d17be047b] Successfully evaluated XQueries against FlowFile[0,fruit.xml,1581B] and found 1 matches; routing to matched
[pool-702-thread-1] INFO org.apache.nifi.processors.standard.EvaluateXQuery - EvaluateXQuery[id=3d8245b3-1ff7-43b6-a21f-a466c5eebcf4] Successfully updated content for FlowFile[0,fruit.xml,5B]; routing to 'matched'
[pool-703-thread-1] INFO org.apache.nifi.processors.standard.EvaluateXQuery - EvaluateXQuery[id=f0165fe7-bf5c-42c5-b22c-62f2a6938e0a] Successfully evaluated XQueries against FlowFile[0,fruit.xml,1581B] and found 1 matches; routing to matched
[pool-704-thread-1] INFO org.apache.nifi.processors.standard.EvaluateXQuery - EvaluateXQuery[id=bd24f5a5-5514-4f84-93cc-1af659fa0c2b] Successfully updated content for FlowFile[0,fruit.xml,196B]; routing to 'matched'
[pool-705-thread-1] INFO org.apache.nifi.processors.standard.EvaluateXQuery - EvaluateXQuery[id=51eaea81-6c2a-4e6a-8b09-94de8aeb4fbe] Successfully evaluated XQueries against FlowFile[0,fruit.xml,1581B] and found 1 matches; routing to matched
[pool-706-thread-1] INFO org.apache.nifi.processors.standard.EvaluateXQuery - EvaluateXQuery[id=448ed635-a448-42ab-ab56-67a8dcb3815c] Successfully updated content for FlowFile[0,fruit.xml,131B]; routing to 'matched'
[pool-707-thread-1] INFO org.apache.nifi.processors.standard.EvaluateXQuery - EvaluateXQuery[id=aa1710b4-4ebd-4314-acd2-0b81a8af7148] Successfully evaluated XQueries against FlowFile[0,fruit.xml,1581B] and found 1 matches; routing to matched
[pool-708-thread-1] INFO org.apache.nifi.processors.standard.EvaluateXQuery - EvaluateXQuery[id=a695bf65-9a51-4bbd-996b-cd44c36f4ffd] Successfully updated content for FlowFile[0,fruit.xml,209B]; routing to 'matched'
[pool-709-thread-1] INFO org.apache.nifi.processors.standard.EvaluateXQuery - EvaluateXQuery[id=f4f10104-1a4a-49ec-bd63-c6ed14805b56] Successfully evaluated XQueries against FlowFile[0,fruit.xml,1581B] and found 7 matches; routing to matched
[pool-710-thread-1] INFO org.apache.nifi.processors.standard.EvaluateXQuery - EvaluateXQuery[id=1e655957-d811-46a6-ba44-a7e52ea29159] Successfully created 7 new FlowFiles from FlowFile[0,fruit.xml,1581B]; routing all to 'matched'
[pool-711-thread-1] INFO org.apache.nifi.processors.standard.EvaluateXQuery - EvaluateXQuery[id=4889cce9-9cda-4a5d-911f-81c8e6ac85f9] Successfully evaluated XQueries against FlowFile[0,fruit.xml,1581B] and found 1 matches; routing to matched
[pool-712-thread-1] INFO org.apache.nifi.processors.standard.EvaluateXQuery - EvaluateXQuery[id=e91ef968-c4db-4f75-a77d-1cb51a8546f4] Successfully updated content for FlowFile[0,fruit.xml,868B]; routing to 'matched'
[pool-713-thread-1] INFO org.apache.nifi.processors.standard.EvaluateXQuery - EvaluateXQuery[id=6b61c142-5882-493c-836b-08016047a3fd] Successfully evaluated XQueries against FlowFile[0,fruit.xml,1581B] and found 7 matches; routing to matched
[pool-714-thread-1] INFO org.apache.nifi.processors.standard.EvaluateXQuery - EvaluateXQuery[id=4bc58398-243f-4303-8935-8c2ba5b3d442] Successfully created 7 new FlowFiles from FlowFile[0,fruit.xml,1581B]; routing all to 'matched'
[pool-715-thread-1] INFO org.apache.nifi.processors.standard.EvaluateXQuery - EvaluateXQuery[id=0092be32-3913-4971-8145-c00ff121f9e0] Successfully evaluated XQueries against FlowFile[0,fruit.xml,1581B] and found 1 matches; routing to matched
[pool-716-thread-1] INFO org.apache.nifi.processors.standard.EvaluateXQuery - EvaluateXQuery[id=0c37a6b9-d0f7-45bf-b7e0-b35c36eaa86c] Successfully updated content for FlowFile[0,fruit.xml,5B]; routing to 'matched'
[pool-717-thread-1] INFO org.apache.nifi.processors.standard.EvaluateXQuery - EvaluateXQuery[id=181b1961-6209-48b5-bb1b-c4293b363bfa] Successfully evaluated XQueries against FlowFile[0,fruit.xml,1581B] and found 1 matches; routing to matched
[pool-718-thread-1] INFO org.apache.nifi.processors.standard.EvaluateXQuery - EvaluateXQuery[id=e871593e-26a2-42ee-a6f7-8146385f019a] Successfully updated content for FlowFile[0,fruit.xml,3B]; routing to 'matched'
[pool-719-thread-1] INFO org.apache.nifi.processors.standard.EvaluateXQuery - EvaluateXQuery[id=54c529e8-ab7f-4ceb-ba39-23d31d21ccb8] Successfully evaluated XQueries against FlowFile[0,fruit.xml,1581B] and found 1 matches; routing to matched
[pool-720-thread-1] INFO org.apache.nifi.processors.standard.EvaluateXQuery - EvaluateXQuery[id=a1e95900-6469-44c3-9b03-a0fc784a5626] Successfully updated content for FlowFile[0,fruit.xml,11B]; routing to 'matched'
[pool-721-thread-1] INFO org.apache.nifi.processors.standard.EvaluateXQuery - EvaluateXQuery[id=ce5cf69e-5b05-4241-8fc9-8009f5e0b413] Successfully evaluated XQueries against FlowFile[0,fruit.xml,1581B] and found 1 matches; routing to matched
[pool-722-thread-1] INFO org.apache.nifi.processors.standard.EvaluateXQuery - EvaluateXQuery[id=5e60ec2d-71ed-42ce-802e-0210facbdc0a] Successfully updated content for FlowFile[0,fruit.xml,11B]; routing to 'matched'
[pool-723-thread-1] INFO org.apache.nifi.processors.standard.EvaluateXQuery - EvaluateXQuery[id=a304dc93-9bf8-46ba-b020-a663ec1324ff] Successfully evaluated XQueries against FlowFile[0,fruit.xml,1581B] and found 7 matches; routing to matched
[pool-724-thread-1] INFO org.apache.nifi.processors.standard.EvaluateXQuery - EvaluateXQuery[id=f4efa6d3-1dc8-42ac-acc9-fbbe84c99372] Successfully created 7 new FlowFiles from FlowFile[0,fruit.xml,1581B]; routing all to 'matched'
[pool-725-thread-1] INFO org.apache.nifi.processors.standard.EvaluateXQuery - EvaluateXQuery[id=b531de11-0f8d-413d-8680-6c53a29c2dd0] Successfully evaluated XQueries against FlowFile[0,fruit.xml,1581B] and found 1 matches; routing to matched
[pool-726-thread-1] INFO org.apache.nifi.processors.standard.EvaluateXQuery - EvaluateXQuery[id=7a63c991-7cbc-4b2c-80c9-ac25c5c84a8d] Successfully updated content for FlowFile[0,fruit.xml,95B]; routing to 'matched'
[pool-727-thread-1] INFO org.apache.nifi.processors.standard.EvaluateXQuery - EvaluateXQuery[id=da79255a-3e2e-4de3-9a22-af5e63eee08b] Successfully evaluated XQueries against FlowFile[0,fruit.xml,1581B] and found 1 matches; routing to matched
[pool-728-thread-1] INFO org.apache.nifi.processors.standard.EvaluateXQuery - EvaluateXQuery[id=0739c1f8-ecbb-4782-96f4-d80c314627b7] Successfully updated content for FlowFile[0,fruit.xml,95B]; routing to 'matched'
[pool-729-thread-1] INFO org.apache.nifi.processors.standard.EvaluateXQuery - EvaluateXQuery[id=d9420753-0397-41ea-96b9-ea126bb344d8] Successfully evaluated XQueries against FlowFile[0,fruit.xml,1581B] and found 1 matches; routing to matched
[pool-730-thread-1] INFO org.apache.nifi.processors.standard.EvaluateXQuery - EvaluateXQuery[id=8ee57935-9c7c-4b64-90be-eabb67b538d4] Successfully updated content for FlowFile[0,fruit.xml,56B]; routing to 'matched'
[pool-731-thread-1] INFO org.apache.nifi.processors.standard.EvaluateXQuery - EvaluateXQuery[id=a2ed0405-3e51-4390-b37f-bc44a6343622] Successfully evaluated XQueries against FlowFile[0,fruit.xml,1581B] and found 1 matches; routing to matched
[pool-732-thread-1] INFO org.apache.nifi.processors.standard.EvaluateXQuery - EvaluateXQuery[id=a2ddc66e-e2ef-4a04-b14b-33fdfbae3869] Successfully updated content for FlowFile[0,fruit.xml,89B]; routing to 'matched'
[pool-733-thread-1] INFO org.apache.nifi.processors.standard.EvaluateXQuery - EvaluateXQuery[id=5a084d28-e0d9-40ee-8eac-c6fa5dc45459] Successfully evaluated XQueries against FlowFile[0,fruit.xml,1581B] and found 1 matches; routing to matched
[pool-734-thread-1] INFO org.apache.nifi.processors.standard.EvaluateXQuery - EvaluateXQuery[id=6b5cfb61-2ff8-4f90-ac0e-d83da3695e39] Successfully updated content for FlowFile[0,fruit.xml,89B]; routing to 'matched'
[pool-735-thread-1] INFO org.apache.nifi.processors.standard.EvaluateXQuery - EvaluateXQuery[id=8226a2b3-b178-4348-87c8-4febf12843bd] Successfully evaluated XQueries against FlowFile[0,fruit.xml,1581B] and found 1 matches; routing to matched
[pool-736-thread-1] INFO org.apache.nifi.processors.standard.EvaluateXQuery - EvaluateXQuery[id=0017c0d1-4086-4df3-b95c-acb5b3ed50a1] Successfully updated content for FlowFile[0,fruit.xml,5B]; routing to 'matched'
[pool-737-thread-1] INFO org.apache.nifi.processors.standard.EvaluateXQuery - EvaluateXQuery[id=fcad9a56-4a05-472e-a9f2-20c10c624180] Successfully evaluated XQueries against FlowFile[0,fruit.xml,1581B] and found 1 matches; routing to matched
[pool-738-thread-1] INFO org.apache.nifi.processors.standard.EvaluateXQuery - EvaluateXQuery[id=ec741476-ed2a-4b9e-bdff-bd467e30dc7e] Successfully updated content for FlowFile[0,fruit.xml,24B]; routing to 'matched'
[pool-739-thread-1] INFO org.apache.nifi.processors.standard.EvaluateXQuery - EvaluateXQuery[id=bbaee1f7-9a88-4b91-a570-f3ac6e09ebde] Successfully evaluated XQueries against FlowFile[0,fruit.xml,1581B] and found 1 matches; routing to matched
[pool-740-thread-1] INFO org.apache.nifi.processors.standard.EvaluateXQuery - EvaluateXQuery[id=eb76529d-cd3d-499b-8eb1-52a2c0f89dce] Successfully updated content for FlowFile[0,fruit.xml,30B]; routing to 'matched'
]]></system-err>
  </testcase>
  <testcase name="testOneMatchOneUnmatchAttribute" classname="org.apache.nifi.processors.standard.TestEvaluateXQuery" time="0.005">
    <system-err><![CDATA[[pool-741-thread-1] INFO org.apache.nifi.processors.standard.EvaluateXQuery - EvaluateXQuery[id=de8e1bb0-f25a-4050-bb7d-3df9a2b05d80] Successfully evaluated XQueries against FlowFile[0,fruit.xml,1581B] and found 7 matches; routing to matched
]]></system-err>
  </testcase>
  <testcase name="testMatchesMultipleXmlContent" classname="org.apache.nifi.processors.standard.TestEvaluateXQuery" time="0.008">
    <system-err><![CDATA[[pool-742-thread-1] INFO org.apache.nifi.processors.standard.EvaluateXQuery - EvaluateXQuery[id=6c0d4df5-a9e2-4b9d-bb31-3f24c848a819] Successfully created 7 new FlowFiles from FlowFile[0,fruit.xml,1581B]; routing all to 'matched'
]]></system-err>
  </testcase>
  <testcase name="testWriteStringToContent" classname="org.apache.nifi.processors.standard.TestEvaluateXQuery" time="0.004">
    <system-err><![CDATA[[pool-743-thread-1] INFO org.apache.nifi.processors.standard.EvaluateXQuery - EvaluateXQuery[id=af24ba2b-92aa-4e4c-acec-3ed9de33de56] Successfully updated content for FlowFile[0,fruit.xml,5B]; routing to 'matched'
]]></system-err>
  </testcase>
  <testcase name="testMultipleXPathForContent" classname="org.apache.nifi.processors.standard.TestEvaluateXQuery" time="0.001"/>
</testsuite>