<?xml version="1.0" encoding="UTF-8"?>
<testsuite xmlns:xsi="http://www.w3.org/2001/XMLSchema-instance" xsi:noNamespaceSchemaLocation="https://maven.apache.org/surefire/maven-surefire-plugin/xsd/surefire-test-report-3.0.xsd" version="3.0" name="org.apache.nifi.util.TestFormatUtilsGroovy" time="0.017" tests="17" errors="0" skipped="0" failures="0">
  <properties>
    <property name="sun.desktop" value="gnome"/>
    <property name="awt.toolkit" value="sun.awt.X11.XToolkit"/>
    <property name="file.encoding.pkg" value="sun.io"/>
    <property name="java.specification.version" value="1.8"/>
    <property name="sun.cpu.isalist" value=""/>
    <property name="sun.jnu.encoding" value="UTF-8"/>
    <property name="java.class.path" value="/home/alex/Repositories/nifi/nifi-commons/nifi-utils/target/test-classes:/home/alex/Repositories/nifi/nifi-commons/nifi-utils/target/classes:/home/alex/Repositories/nifi/nifi-api/target/classes:/home/alex/.m2/repository/org/junit/jupiter/junit-jupiter-api/5.7.2/junit-jupiter-api-5.7.2.jar:/home/alex/.m2/repository/org/apiguardian/apiguardian-api/1.1.0/apiguardian-api-1.1.0.jar:/home/alex/.m2/repository/org/opentest4j/opentest4j/1.2.0/opentest4j-1.2.0.jar:/home/alex/.m2/repository/org/junit/platform/junit-platform-commons/1.7.2/junit-platform-commons-1.7.2.jar:/home/alex/.m2/repository/org/junit/jupiter/junit-jupiter-engine/5.7.2/junit-jupiter-engine-5.7.2.jar:/home/alex/.m2/repository/org/junit/platform/junit-platform-engine/1.7.2/junit-platform-engine-1.7.2.jar:/home/alex/.m2/repository/org/junit/vintage/junit-vintage-engine/5.7.2/junit-vintage-engine-5.7.2.jar:/home/alex/.m2/repository/junit/junit/4.13.2/junit-4.13.2.jar:/home/alex/.m2/repository/org/hamcrest/hamcrest-core/1.3/hamcrest-core-1.3.jar:/home/alex/.m2/repository/org/junit/jupiter/junit-jupiter-params/5.7.2/junit-jupiter-params-5.7.2.jar:/home/alex/.m2/repository/org/mockito/mockito-core/3.11.2/mockito-core-3.11.2.jar:/home/alex/.m2/repository/net/bytebuddy/byte-buddy/1.11.3/byte-buddy-1.11.3.jar:/home/alex/.m2/repository/net/bytebuddy/byte-buddy-agent/1.11.3/byte-buddy-agent-1.11.3.jar:/home/alex/.m2/repository/org/objenesis/objenesis/3.2/objenesis-3.2.jar:/home/alex/.m2/repository/org/mockito/mockito-junit-jupiter/3.11.2/mockito-junit-jupiter-3.11.2.jar:/home/alex/.m2/repository/org/slf4j/slf4j-simple/1.7.32/slf4j-simple-1.7.32.jar:/home/alex/.m2/repository/org/slf4j/slf4j-api/1.7.32/slf4j-api-1.7.32.jar:/home/alex/.m2/repository/org/codehaus/groovy/groovy-test/2.5.14/groovy-test-2.5.14.jar:/home/alex/.m2/repository/org/codehaus/groovy/groovy/2.5.14/groovy-2.5.14.jar:"/>
    <property name="java.vm.vendor" value="Private Build"/>
    <property name="sun.arch.data.model" value="64"/>
    <property name="java.vendor.url" value="http://java.oracle.com/"/>
    <property name="user.timezone" value=""/>
    <property name="java.vm.specification.version" value="1.8"/>
    <property name="os.name" value="Linux"/>
    <property name="user.country" value="US"/>
    <property name="sun.java.launcher" value="SUN_STANDARD"/>
    <property name="sun.boot.library.path" value="/usr/lib/jvm/java-8-openjdk-amd64/jre/lib/amd64"/>
    <property name="sun.java.command" value="/home/alex/Repositories/nifi/nifi-commons/nifi-utils/target/surefire/surefirebooter2216412483119988814.jar /home/alex/Repositories/nifi/nifi-commons/nifi-utils/target/surefire 2024-05-02T04-10-31_566-jvmRun1 surefire5314941592788465736tmp surefire_21451089636828638781tmp"/>
    <property name="surefire.test.class.path" value="/home/alex/Repositories/nifi/nifi-commons/nifi-utils/target/test-classes:/home/alex/Repositories/nifi/nifi-commons/nifi-utils/target/classes:/home/alex/Repositories/nifi/nifi-api/target/classes:/home/alex/.m2/repository/org/junit/jupiter/junit-jupiter-api/5.7.2/junit-jupiter-api-5.7.2.jar:/home/alex/.m2/repository/org/apiguardian/apiguardian-api/1.1.0/apiguardian-api-1.1.0.jar:/home/alex/.m2/repository/org/opentest4j/opentest4j/1.2.0/opentest4j-1.2.0.jar:/home/alex/.m2/repository/org/junit/platform/junit-platform-commons/1.7.2/junit-platform-commons-1.7.2.jar:/home/alex/.m2/repository/org/junit/jupiter/junit-jupiter-engine/5.7.2/junit-jupiter-engine-5.7.2.jar:/home/alex/.m2/repository/org/junit/platform/junit-platform-engine/1.7.2/junit-platform-engine-1.7.2.jar:/home/alex/.m2/repository/org/junit/vintage/junit-vintage-engine/5.7.2/junit-vintage-engine-5.7.2.jar:/home/alex/.m2/repository/junit/junit/4.13.2/junit-4.13.2.jar:/home/alex/.m2/repository/org/hamcrest/hamcrest-core/1.3/hamcrest-core-1.3.jar:/home/alex/.m2/repository/org/junit/jupiter/junit-jupiter-params/5.7.2/junit-jupiter-params-5.7.2.jar:/home/alex/.m2/repository/org/mockito/mockito-core/3.11.2/mockito-core-3.11.2.jar:/home/alex/.m2/repository/net/bytebuddy/byte-buddy/1.11.3/byte-buddy-1.11.3.jar:/home/alex/.m2/repository/net/bytebuddy/byte-buddy-agent/1.11.3/byte-buddy-agent-1.11.3.jar:/home/alex/.m2/repository/org/objenesis/objenesis/3.2/objenesis-3.2.jar:/home/alex/.m2/repository/org/mockito/mockito-junit-jupiter/3.11.2/mockito-junit-jupiter-3.11.2.jar:/home/alex/.m2/repository/org/slf4j/slf4j-simple/1.7.32/slf4j-simple-1.7.32.jar:/home/alex/.m2/repository/org/slf4j/slf4j-api/1.7.32/slf4j-api-1.7.32.jar:/home/alex/.m2/repository/org/codehaus/groovy/groovy-test/2.5.14/groovy-test-2.5.14.jar:/home/alex/.m2/repository/org/codehaus/groovy/groovy/2.5.14/groovy-2.5.14.jar:"/>
    <property name="sun.cpu.endian" value="little"/>
    <property name="user.home" value="/home/alex"/>
    <property name="user.language" value="en"/>
    <property name="java.specification.vendor" value="Oracle Corporation"/>
    <property name="java.home" value="/usr/lib/jvm/java-8-openjdk-amd64/jre"/>
    <property name="basedir" value="/home/alex/Repositories/nifi/nifi-commons/nifi-utils"/>
    <property name="file.separator" value="/"/>
    <property name="line.separator" value="&#10;"/>
    <property name="java.vm.specification.vendor" value="Oracle Corporation"/>
    <property name="java.specification.name" value="Java Platform API Specification"/>
    <property name="java.awt.graphicsenv" value="sun.awt.X11GraphicsEnvironment"/>
    <property name="java.awt.headless" value="true"/>
    <property name="surefire.real.class.path" value="/home/alex/Repositories/nifi/nifi-commons/nifi-utils/target/surefire/surefirebooter2216412483119988814.jar"/>
    <property name="sun.boot.class.path" value="/usr/lib/jvm/java-8-openjdk-amd64/jre/lib/resources.jar:/usr/lib/jvm/java-8-openjdk-amd64/jre/lib/rt.jar:/usr/lib/jvm/java-8-openjdk-amd64/jre/lib/sunrsasign.jar:/usr/lib/jvm/java-8-openjdk-amd64/jre/lib/jsse.jar:/usr/lib/jvm/java-8-openjdk-amd64/jre/lib/jce.jar:/usr/lib/jvm/java-8-openjdk-amd64/jre/lib/charsets.jar:/usr/lib/jvm/java-8-openjdk-amd64/jre/lib/jfr.jar:/usr/lib/jvm/java-8-openjdk-amd64/jre/classes"/>
    <property name="sun.management.compiler" value="HotSpot 64-Bit Tiered Compilers"/>
    <property name="java.runtime.version" value="1.8.0_402-8u402-ga-2ubuntu1~22.04-b06"/>
    <property name="java.net.preferIPv4Stack" value="true"/>
    <property name="user.name" value="alex"/>
    <property name="path.separator" value=":"/>
    <property name="os.version" value="6.5.0-28-generic"/>
    <property name="java.endorsed.dirs" value="/usr/lib/jvm/java-8-openjdk-amd64/jre/lib/endorsed"/>
    <property name="java.runtime.name" value="OpenJDK Runtime Environment"/>
    <property name="file.encoding" value="UTF-8"/>
    <property name="java.vm.name" value="OpenJDK 64-Bit Server VM"/>
    <property name="localRepository" value="/home/alex/.m2/repository"/>
    <property name="java.vendor.url.bug" value="http://bugreport.sun.com/bugreport/"/>
    <property name="java.io.tmpdir" value="/tmp"/>
    <property name="java.version" value="1.8.0_402"/>
    <property name="user.dir" value="/home/alex/Repositories/nifi/nifi-commons/nifi-utils"/>
    <property name="os.arch" value="amd64"/>
    <property name="java.vm.specification.name" value="Java Virtual Machine Specification"/>
    <property name="java.awt.printerjob" value="sun.print.PSPrinterJob"/>
    <property name="sun.os.patch.level" value="unknown"/>
    <property name="java.library.path" value="/usr/java/packages/lib/amd64:/usr/lib/x86_64-linux-gnu/jni:/lib/x86_64-linux-gnu:/usr/lib/x86_64-linux-gnu:/usr/lib/jni:/lib:/usr/lib"/>
    <property name="java.vm.info" value="mixed mode"/>
    <property name="java.vendor" value="Private Build"/>
    <property name="java.vm.version" value="25.402-b06"/>
    <property name="java.specification.maintenance.version" value="5"/>
    <property name="java.ext.dirs" value="/usr/lib/jvm/java-8-openjdk-amd64/jre/lib/ext:/usr/java/packages/lib/ext"/>
    <property name="sun.io.unicode.encoding" value="UnicodeLittle"/>
    <property name="java.class.version" value="52.0"/>
  </properties>
  <testcase name="testMakeWholeNumberTimeShouldHandleDecimals" classname="org.apache.nifi.util.TestFormatUtilsGroovy" time="0.051">
    <system-err><![CDATA[[main] INFO org.apache.nifi.util.TestFormatUtilsGroovy - [CONVERTED] [[10, NANOSECONDS], [10, NANOSECONDS], [10, NANOSECONDS]]
]]></system-err>
  </testcase>
  <testcase name="testMakeWholeNumberTimeShouldHandleDecimals" classname="org.apache.nifi.util.TestFormatUtilsGroovy" time="0.001">
    <system-err><![CDATA[[main] INFO org.apache.nifi.util.TestFormatUtilsGroovy - [CONVERTED] [[10, NANOSECONDS], [10, NANOSECONDS], [10, NANOSECONDS]]
]]></system-err>
  </testcase>
  <testcase name="testMakeWholeNumberTimeShouldHandleNonMetricConversions" classname="org.apache.nifi.util.TestFormatUtilsGroovy" time="0.014">
    <system-err><![CDATA[[main] INFO org.apache.nifi.util.TestFormatUtilsGroovy - [INFO] [daysToHours:[36, HOURS], hoursToMinutes:[90, MINUTES], hoursToMinutes2:[45, MINUTES]]
]]></system-err>
  </testcase>
  <testcase name="testMakeWholeNumberTimeShouldHandleNonMetricConversions" classname="org.apache.nifi.util.TestFormatUtilsGroovy" time="0.001">
    <system-err><![CDATA[[main] INFO org.apache.nifi.util.TestFormatUtilsGroovy - [INFO] [daysToHours:[36, HOURS], hoursToMinutes:[90, MINUTES], hoursToMinutes2:[45, MINUTES]]
]]></system-err>
  </testcase>
  <testcase name="testGetPreciseTimeDurationShouldHandleDecimalWeeks" classname="org.apache.nifi.util.TestFormatUtilsGroovy" time="0.013">
    <system-err><![CDATA[[main] INFO org.apache.nifi.util.TestFormatUtilsGroovy - [CONVERTED] [NANOSECONDS:9.072E14, MICROSECONDS:9.072E11, MILLISECONDS:9.072E8, SECONDS:907200.0, MINUTES:15120.0, HOURS:252.0]
]]></system-err>
  </testcase>
  <testcase name="testGetPreciseTimeDurationShouldHandleDecimalWeeks" classname="org.apache.nifi.util.TestFormatUtilsGroovy" time="0.001">
    <system-err><![CDATA[[main] INFO org.apache.nifi.util.TestFormatUtilsGroovy - [CONVERTED] [NANOSECONDS:9.072E14, MICROSECONDS:9.072E11, MILLISECONDS:9.072E8, SECONDS:907200.0, MINUTES:15120.0, HOURS:252.0]
]]></system-err>
  </testcase>
  <testcase name="testMakeWholeNumberTimeShouldHandleNanoseconds" classname="org.apache.nifi.util.TestFormatUtilsGroovy" time="0.002">
    <system-err><![CDATA[[main] INFO org.apache.nifi.util.TestFormatUtilsGroovy - [CONVERTED] [[1100, NANOSECONDS], [2, NANOSECONDS], [1, NANOSECONDS], [1, NANOSECONDS]]
]]></system-err>
  </testcase>
  <testcase name="testMakeWholeNumberTimeShouldHandleNanoseconds" classname="org.apache.nifi.util.TestFormatUtilsGroovy" time="0">
    <system-err><![CDATA[[main] INFO org.apache.nifi.util.TestFormatUtilsGroovy - [CONVERTED] [[1100, NANOSECONDS], [2, NANOSECONDS], [1, NANOSECONDS], [1, NANOSECONDS]]
]]></system-err>
  </testcase>
  <testcase name="testGetTimeDurationShouldHandleNegativeWeeks" classname="org.apache.nifi.util.TestFormatUtilsGroovy" time="0.008"/>
  <testcase name="testGetTimeDurationShouldHandleNegativeWeeks" classname="org.apache.nifi.util.TestFormatUtilsGroovy" time="0.001"/>
  <testcase name="testShouldGetSmallerTimeUnit" classname="org.apache.nifi.util.TestFormatUtilsGroovy" time="0.003">
    <system-err><![CDATA[[main] INFO org.apache.nifi.util.TestFormatUtilsGroovy - [EXPECTED] Cannot determine a smaller time unit than 'null'
[main] INFO org.apache.nifi.util.TestFormatUtilsGroovy - [EXPECTED] Cannot determine a smaller time unit than 'NANOSECONDS'
[main] INFO org.apache.nifi.util.TestFormatUtilsGroovy - [CONVERTED] [NANOSECONDS, MICROSECONDS, MILLISECONDS, SECONDS, MINUTES, HOURS]
]]></system-err>
  </testcase>
  <testcase name="testShouldGetSmallerTimeUnit" classname="org.apache.nifi.util.TestFormatUtilsGroovy" time="0.001">
    <system-err><![CDATA[[main] INFO org.apache.nifi.util.TestFormatUtilsGroovy - [EXPECTED] Cannot determine a smaller time unit than 'null'
[main] INFO org.apache.nifi.util.TestFormatUtilsGroovy - [EXPECTED] Cannot determine a smaller time unit than 'NANOSECONDS'
[main] INFO org.apache.nifi.util.TestFormatUtilsGroovy - [CONVERTED] [NANOSECONDS, MICROSECONDS, MILLISECONDS, SECONDS, MINUTES, HOURS]
]]></system-err>
  </testcase>
  <testcase name="testGetTimeDurationShouldHandleNoSpaceInInput" classname="org.apache.nifi.util.TestFormatUtilsGroovy" time="0.001">
    <system-err><![CDATA[[main] INFO org.apache.nifi.util.TestFormatUtilsGroovy - [CONVERTED] [7, 7, 7, 7, 7]
]]></system-err>
  </testcase>
  <testcase name="testGetTimeDurationShouldHandleNoSpaceInInput" classname="org.apache.nifi.util.TestFormatUtilsGroovy" time="0">
    <system-err><![CDATA[[main] INFO org.apache.nifi.util.TestFormatUtilsGroovy - [CONVERTED] [7, 7, 7, 7, 7]
]]></system-err>
  </testcase>
  <testcase name="testMakeWholeNumberTimeShouldHandleMetricConversions" classname="org.apache.nifi.util.TestFormatUtilsGroovy" time="0.002">
    <system-err><![CDATA[[main] INFO org.apache.nifi.util.TestFormatUtilsGroovy - [INFO] [secondsToMillis:[123400, MILLISECONDS], secondsToMicros:[1000345, MICROSECONDS], millisToNanos:[750, MICROSECONDS], nanosToNanosGE1:[123, NANOSECONDS], nanosToNanosLE1:[1, NANOSECONDS]]
]]></system-err>
  </testcase>
  <testcase name="testMakeWholeNumberTimeShouldHandleMetricConversions" classname="org.apache.nifi.util.TestFormatUtilsGroovy" time="0.001">
    <system-err><![CDATA[[main] INFO org.apache.nifi.util.TestFormatUtilsGroovy - [INFO] [secondsToMillis:[123400, MILLISECONDS], secondsToMicros:[1000345, MICROSECONDS], millisToNanos:[750, MICROSECONDS], nanosToNanosGE1:[123, NANOSECONDS], nanosToNanosLE1:[1, NANOSECONDS]]
]]></system-err>
  </testcase>
  <testcase name="testGetTimeDurationShouldHandleInvalidAbbreviations" classname="org.apache.nifi.util.TestFormatUtilsGroovy" time="0.003"/>
  <testcase name="testGetTimeDurationShouldHandleInvalidAbbreviations" classname="org.apache.nifi.util.TestFormatUtilsGroovy" time="0"/>
  <testcase name="testGetPreciseTimeDurationShouldHandleSmallDecimalValues" classname="org.apache.nifi.util.TestFormatUtilsGroovy" time="0.004">
    <system-err><![CDATA[[main] INFO org.apache.nifi.util.TestFormatUtilsGroovy - [INFO] [decimalNanos:123.0, lessThanOneNano:1.0, lessThanOneNanoToMillis:0.0, decimalMillisToNanos:1.234E8]
]]></system-err>
  </testcase>
  <testcase name="testGetPreciseTimeDurationShouldHandleSmallDecimalValues" classname="org.apache.nifi.util.TestFormatUtilsGroovy" time="0">
    <system-err><![CDATA[[main] INFO org.apache.nifi.util.TestFormatUtilsGroovy - [INFO] [decimalNanos:123.0, lessThanOneNano:1.0, lessThanOneNanoToMillis:0.0, decimalMillisToNanos:1.234E8]
]]></system-err>
  </testcase>
  <testcase name="testMakeWholeNumberTimeShouldHandleWholeNumbers" classname="org.apache.nifi.util.TestFormatUtilsGroovy" time="0.006">
    <system-err><![CDATA[[main] INFO org.apache.nifi.util.TestFormatUtilsGroovy - [CONVERTED] [[10, DAYS], [10, HOURS], [10, MINUTES], [10, SECONDS], [10, MILLISECONDS], [10, MICROSECONDS], [10, NANOSECONDS]]
]]></system-err>
  </testcase>
  <testcase name="testMakeWholeNumberTimeShouldHandleWholeNumbers" classname="org.apache.nifi.util.TestFormatUtilsGroovy" time="0">
    <system-err><![CDATA[[main] INFO org.apache.nifi.util.TestFormatUtilsGroovy - [CONVERTED] [[10, DAYS], [10, HOURS], [10, MINUTES], [10, SECONDS], [10, MILLISECONDS], [10, MICROSECONDS], [10, NANOSECONDS]]
]]></system-err>
  </testcase>
  <testcase name="testGetTimeDurationShouldHandleDecimalValues" classname="org.apache.nifi.util.TestFormatUtilsGroovy" time="0.003">
    <system-err><![CDATA[[main] INFO org.apache.nifi.util.TestFormatUtilsGroovy - [CONVERTED] [10, 10, 10]
[main] INFO org.apache.nifi.util.TestFormatUtilsGroovy - [CONVERTED] [10, 10]
]]></system-err>
  </testcase>
  <testcase name="testGetTimeDurationShouldHandleDecimalValues" classname="org.apache.nifi.util.TestFormatUtilsGroovy" time="0.001">
    <system-err><![CDATA[[main] INFO org.apache.nifi.util.TestFormatUtilsGroovy - [CONVERTED] [10, 10, 10]
[main] INFO org.apache.nifi.util.TestFormatUtilsGroovy - [CONVERTED] [10, 10]
]]></system-err>
  </testcase>
  <testcase name="testCalculateMultiplierShouldHandleIncorrectUnits" classname="org.apache.nifi.util.TestFormatUtilsGroovy" time="0.003">
    <system-err><![CDATA[[main] INFO org.apache.nifi.util.TestFormatUtilsGroovy - [EXPECTED] The original time unit 'NANOSECONDS' must be larger than the new time unit 'DAYS'
[main] INFO org.apache.nifi.util.TestFormatUtilsGroovy - [EXPECTED] The original time unit 'NANOSECONDS' must be larger than the new time unit 'MICROSECONDS'
[main] INFO org.apache.nifi.util.TestFormatUtilsGroovy - [EXPECTED] The original time unit 'HOURS' must be larger than the new time unit 'DAYS'
]]></system-err>
  </testcase>
  <testcase name="testCalculateMultiplierShouldHandleIncorrectUnits" classname="org.apache.nifi.util.TestFormatUtilsGroovy" time="0.001">
    <system-err><![CDATA[[main] INFO org.apache.nifi.util.TestFormatUtilsGroovy - [EXPECTED] The original time unit 'NANOSECONDS' must be larger than the new time unit 'DAYS'
[main] INFO org.apache.nifi.util.TestFormatUtilsGroovy - [EXPECTED] The original time unit 'NANOSECONDS' must be larger than the new time unit 'MICROSECONDS'
[main] INFO org.apache.nifi.util.TestFormatUtilsGroovy - [EXPECTED] The original time unit 'HOURS' must be larger than the new time unit 'DAYS'
]]></system-err>
  </testcase>
  <testcase name="testGetPreciseTimeDurationShouldHandleDecimalValues" classname="org.apache.nifi.util.TestFormatUtilsGroovy" time="0.003">
    <system-err><![CDATA[[main] INFO org.apache.nifi.util.TestFormatUtilsGroovy - [CONVERTED] [10.0, 10.0, 10.0]
[main] INFO org.apache.nifi.util.TestFormatUtilsGroovy - [CONVERTED] [10.0, 10.0]
]]></system-err>
  </testcase>
  <testcase name="testGetPreciseTimeDurationShouldHandleDecimalValues" classname="org.apache.nifi.util.TestFormatUtilsGroovy" time="0.001">
    <system-err><![CDATA[[main] INFO org.apache.nifi.util.TestFormatUtilsGroovy - [CONVERTED] [10.0, 10.0, 10.0]
[main] INFO org.apache.nifi.util.TestFormatUtilsGroovy - [CONVERTED] [10.0, 10.0]
]]></system-err>
  </testcase>
  <testcase name="testShouldCalculateMultiplier" classname="org.apache.nifi.util.TestFormatUtilsGroovy" time="0.002">
    <system-err><![CDATA[[main] INFO org.apache.nifi.util.TestFormatUtilsGroovy - [CONVERTED] [allUnits:86400000000000, microsToNanos:1000, millisToNanos:1000000, millisToMicros:1000, daysToHours:24, daysToSeconds:86400]
]]></system-err>
  </testcase>
  <testcase name="testShouldCalculateMultiplier" classname="org.apache.nifi.util.TestFormatUtilsGroovy" time="0.001">
    <system-err><![CDATA[[main] INFO org.apache.nifi.util.TestFormatUtilsGroovy - [CONVERTED] [allUnits:86400000000000, microsToNanos:1000, millisToNanos:1000000, millisToMicros:1000, daysToHours:24, daysToSeconds:86400]
]]></system-err>
  </testcase>
  <testcase name="testGetTimeDurationShouldConvertWeeks" classname="org.apache.nifi.util.TestFormatUtilsGroovy" time="0.002">
    <system-err><![CDATA[[main] INFO org.apache.nifi.util.TestFormatUtilsGroovy - [CONVERTED] [7, 7, 7, 7, 7]
]]></system-err>
  </testcase>
  <testcase name="testGetTimeDurationShouldConvertWeeks" classname="org.apache.nifi.util.TestFormatUtilsGroovy" time="0.001">
    <system-err><![CDATA[[main] INFO org.apache.nifi.util.TestFormatUtilsGroovy - [CONVERTED] [7, 7, 7, 7, 7]
]]></system-err>
  </testcase>
  <testcase name="testGetPreciseTimeDurationShouldHandleWeeks" classname="org.apache.nifi.util.TestFormatUtilsGroovy" time="0.003">
    <system-err><![CDATA[[main] INFO org.apache.nifi.util.TestFormatUtilsGroovy - [CONVERTED] [NANOSECONDS:6.048E14, MICROSECONDS:6.048E11, MILLISECONDS:6.048E8, SECONDS:604800.0, MINUTES:10080.0, HOURS:168.0]
]]></system-err>
  </testcase>
  <testcase name="testGetPreciseTimeDurationShouldHandleWeeks" classname="org.apache.nifi.util.TestFormatUtilsGroovy" time="0.001">
    <system-err><![CDATA[[main] INFO org.apache.nifi.util.TestFormatUtilsGroovy - [CONVERTED] [NANOSECONDS:6.048E14, MICROSECONDS:6.048E11, MILLISECONDS:6.048E8, SECONDS:604800.0, MINUTES:10080.0, HOURS:168.0]
]]></system-err>
  </testcase>
</testsuite>