<?xml version="1.0" encoding="UTF-8"?>
<testsuite xmlns:xsi="http://www.w3.org/2001/XMLSchema-instance" xsi:noNamespaceSchemaLocation="https://maven.apache.org/surefire/maven-surefire-plugin/xsd/surefire-test-report-3.0.xsd" version="3.0" name="org.apache.nifi.processors.standard.TestRouteText" time="1.154" tests="33" errors="0" skipped="0" failures="0">
  <properties>
    <property name="sun.desktop" value="gnome"/>
    <property name="awt.toolkit" value="sun.awt.X11.XToolkit"/>
    <property name="file.encoding.pkg" value="sun.io"/>
    <property name="java.specification.version" value="1.8"/>
    <property name="sun.cpu.isalist" value=""/>
    <property name="sun.jnu.encoding" value="UTF-8"/>
    <property name="java.class.path" value="/home/alex/Repositories/nifi/nifi-nar-bundles/nifi-standard-bundle/nifi-standard-processors/target/test-classes:/home/alex/Repositories/nifi/nifi-nar-bundles/nifi-standard-bundle/nifi-standard-processors/target/classes:/home/alex/.m2/repository/org/apache/ftpserver/ftpserver-core/1.1.1/ftpserver-core-1.1.1.jar:/home/alex/.m2/repository/org/apache/ftpserver/ftplet-api/1.1.1/ftplet-api-1.1.1.jar:/home/alex/.m2/repository/org/slf4j/slf4j-api/1.7.32/slf4j-api-1.7.32.jar:/home/alex/.m2/repository/org/apache/mina/mina-core/2.0.16/mina-core-2.0.16.jar:/home/alex/Repositories/nifi/nifi-api/target/classes:/home/alex/Repositories/nifi/nifi-commons/nifi-expression-language/target/classes:/home/alex/.m2/repository/org/antlr/antlr-runtime/3.5.2/antlr-runtime-3.5.2.jar:/home/alex/Repositories/nifi/nifi-commons/nifi-parameter/target/classes:/home/alex/Repositories/nifi/nifi-commons/nifi-uuid5/target/classes:/home/alex/.m2/repository/org/apache/commons/commons-text/1.8/commons-text-1.8.jar:/home/alex/Repositories/nifi/nifi-nar-bundles/nifi-extension-utils/nifi-processor-utils/target/classes:/home/alex/Repositories/nifi/nifi-commons/nifi-security-socket-ssl/target/classes:/home/alex/Repositories/nifi/nifi-nar-bundles/nifi-extension-utils/nifi-event-transport/target/classes:/home/alex/.m2/repository/io/netty/netty-handler/4.1.69.Final/netty-handler-4.1.69.Final.jar:/home/alex/.m2/repository/io/netty/netty-common/4.1.69.Final/netty-common-4.1.69.Final.jar:/home/alex/.m2/repository/io/netty/netty-resolver/4.1.69.Final/netty-resolver-4.1.69.Final.jar:/home/alex/.m2/repository/io/netty/netty-transport/4.1.69.Final/netty-transport-4.1.69.Final.jar:/home/alex/.m2/repository/io/netty/netty-codec/4.1.69.Final/netty-codec-4.1.69.Final.jar:/home/alex/Repositories/nifi/nifi-nar-bundles/nifi-extension-utils/nifi-syslog-utils/target/classes:/home/alex/.m2/repository/com/github/palindromicity/simple-syslog-5424/0.0.16/simple-syslog-5424-0.0.16.jar:/home/alex/.m2/repository/org/antlr/antlr4-runtime/4.7.2/antlr4-runtime-4.7.2.jar:/home/alex/Repositories/nifi/nifi-commons/nifi-utils/target/classes:/home/alex/Repositories/nifi/nifi-commons/nifi-record-path/target/classes:/home/alex/Repositories/nifi/nifi-commons/nifi-properties/target/classes:/home/alex/Repositories/nifi/nifi-commons/nifi-property-utils/target/classes:/home/alex/.m2/repository/com/github/ben-manes/caffeine/caffeine/2.8.1/caffeine-2.8.1.jar:/home/alex/Repositories/nifi/nifi-nar-bundles/nifi-standard-services/nifi-ssl-context-service-api/target/classes:/home/alex/Repositories/nifi/nifi-commons/nifi-security-utils-api/target/classes:/home/alex/Repositories/nifi/nifi-nar-bundles/nifi-standard-services/nifi-lookup-service-api/target/classes:/home/alex/Repositories/nifi/nifi-commons/nifi-flowfile-packager/target/classes:/home/alex/Repositories/nifi/nifi-nar-bundles/nifi-standard-services/nifi-distributed-cache-client-service-api/target/classes:/home/alex/Repositories/nifi/nifi-nar-bundles/nifi-standard-services/nifi-http-context-map-api/target/classes:/home/alex/Repositories/nifi/nifi-nar-bundles/nifi-standard-services/nifi-record-serialization-service-api/target/classes:/home/alex/Repositories/nifi/nifi-nar-bundles/nifi-standard-services/nifi-proxy-configuration-api/target/classes:/home/alex/Repositories/nifi/nifi-commons/nifi-record/target/classes:/home/alex/Repositories/nifi/nifi-nar-bundles/nifi-standard-services/nifi-record-sink-api/target/classes:/home/alex/.m2/repository/commons-io/commons-io/2.10.0/commons-io-2.10.0.jar:/home/alex/.m2/repository/javax/ws/rs/javax.ws.rs-api/2.1/javax.ws.rs-api-2.1.jar:/home/alex/.m2/repository/commons-net/commons-net/3.6/commons-net-3.6.jar:/home/alex/.m2/repository/org/apache/commons/commons-compress/1.21/commons-compress-1.21.jar:/home/alex/.m2/repository/org/apache/commons/commons-lang3/3.9/commons-lang3-3.9.jar:/home/alex/.m2/repository/org/bouncycastle/bcprov-jdk15on/1.69/bcprov-jdk15on-1.69.jar:/home/alex/.m2/repository/org/bouncycastle/bcpg-jdk15on/1.69/bcpg-jdk15on-1.69.jar:/home/alex/.m2/repository/org/bouncycastle/bcpkix-jdk15on/1.69/bcpkix-jdk15on-1.69.jar:/home/alex/.m2/repository/org/bouncycastle/bcutil-jdk15on/1.69/bcutil-jdk15on-1.69.jar:/home/alex/.m2/repository/commons-codec/commons-codec/1.14/commons-codec-1.14.jar:/home/alex/Repositories/nifi/nifi-commons/nifi-security-utils/target/classes:/home/alex/Repositories/nifi/nifi-commons/nifi-security-kms/target/classes:/home/alex/.m2/repository/org/apache/commons/commons-configuration2/2.7/commons-configuration2-2.7.jar:/home/alex/.m2/repository/com/hierynomus/sshj/0.32.0/sshj-0.32.0.jar:/home/alex/.m2/repository/com/jcraft/jzlib/1.1.3/jzlib-1.1.3.jar:/home/alex/.m2/repository/com/hierynomus/asn-one/0.6.0/asn-one-0.6.0.jar:/home/alex/.m2/repository/net/i2p/crypto/eddsa/0.3.0/eddsa-0.3.0.jar:/home/alex/.m2/repository/org/eclipse/jetty/jetty-server/9.4.44.v20210927/jetty-server-9.4.44.v20210927.jar:/home/alex/.m2/repository/javax/servlet/javax.servlet-api/3.1.0/javax.servlet-api-3.1.0.jar:/home/alex/.m2/repository/org/eclipse/jetty/jetty-http/9.4.44.v20210927/jetty-http-9.4.44.v20210927.jar:/home/alex/.m2/repository/org/eclipse/jetty/jetty-util/9.4.44.v20210927/jetty-util-9.4.44.v20210927.jar:/home/alex/.m2/repository/org/eclipse/jetty/jetty-io/9.4.44.v20210927/jetty-io-9.4.44.v20210927.jar:/home/alex/.m2/repository/org/eclipse/jetty/jetty-servlet/9.4.44.v20210927/jetty-servlet-9.4.44.v20210927.jar:/home/alex/.m2/repository/org/eclipse/jetty/jetty-security/9.4.44.v20210927/jetty-security-9.4.44.v20210927.jar:/home/alex/.m2/repository/org/eclipse/jetty/jetty-util-ajax/9.4.44.v20210927/jetty-util-ajax-9.4.44.v20210927.jar:/home/alex/.m2/repository/org/apache/httpcomponents/httpclient/4.5.5/httpclient-4.5.5.jar:/home/alex/.m2/repository/commons-logging/commons-logging/1.2/commons-logging-1.2.jar:/home/alex/.m2/repository/org/apache/httpcomponents/httpcore/4.4.9/httpcore-4.4.9.jar:/home/alex/.m2/repository/jakarta/activation/jakarta.activation-api/2.0.1/jakarta.activation-api-2.0.1.jar:/home/alex/.m2/repository/com/sun/activation/jakarta.activation/2.0.1/jakarta.activation-2.0.1.jar:/home/alex/.m2/repository/jakarta/mail/jakarta.mail-api/2.0.1/jakarta.mail-api-2.0.1.jar:/home/alex/.m2/repository/com/sun/mail/jakarta.mail/2.0.1/jakarta.mail-2.0.1.jar:/home/alex/.m2/repository/com/github/jponge/lzma-java/1.3/lzma-java-1.3.jar:/home/alex/.m2/repository/org/tukaani/xz/1.8/xz-1.8.jar:/home/alex/.m2/repository/net/sf/saxon/Saxon-HE/10.6/Saxon-HE-10.6.jar:/home/alex/Repositories/nifi/nifi-commons/nifi-socket-utils/target/classes:/home/alex/Repositories/nifi/nifi-commons/nifi-logging-utils/target/classes:/home/alex/Repositories/nifi/nifi-nar-bundles/nifi-standard-services/nifi-load-distribution-service-api/target/classes:/home/alex/.m2/repository/javax/jms/javax.jms-api/2.0.1/javax.jms-api-2.0.1.jar:/home/alex/.m2/repository/org/apache/activemq/activemq-client/5.15.15/activemq-client-5.15.15.jar:/home/alex/.m2/repository/org/apache/geronimo/specs/geronimo-jms_1.1_spec/1.1.1/geronimo-jms_1.1_spec-1.1.1.jar:/home/alex/.m2/repository/org/fusesource/hawtbuf/hawtbuf/1.11/hawtbuf-1.11.jar:/home/alex/.m2/repository/org/apache/geronimo/specs/geronimo-j2ee-management_1.1_spec/1.0.1/geronimo-j2ee-management_1.1_spec-1.0.1.jar:/home/alex/.m2/repository/com/jayway/jsonpath/json-path/2.6.0/json-path-2.6.0.jar:/home/alex/.m2/repository/net/minidev/json-smart/2.4.7/json-smart-2.4.7.jar:/home/alex/.m2/repository/net/minidev/accessors-smart/2.4.7/accessors-smart-2.4.7.jar:/home/alex/.m2/repository/org/ow2/asm/asm/9.1/asm-9.1.jar:/home/alex/.m2/repository/org/apache/tika/tika-core/1.26/tika-core-1.26.jar:/home/alex/.m2/repository/com/fasterxml/jackson/core/jackson-databind/2.12.3/jackson-databind-2.12.3.jar:/home/alex/.m2/repository/com/fasterxml/jackson/core/jackson-annotations/2.12.3/jackson-annotations-2.12.3.jar:/home/alex/.m2/repository/com/fasterxml/jackson/core/jackson-core/2.12.3/jackson-core-2.12.3.jar:/home/alex/Repositories/nifi/nifi-nar-bundles/nifi-extension-utils/nifi-record-utils/nifi-avro-record-utils/target/classes:/home/alex/Repositories/nifi/nifi-nar-bundles/nifi-extension-utils/nifi-record-utils/nifi-standard-record-utils/target/classes:/home/alex/.m2/repository/org/apache/avro/avro/1.8.1/avro-1.8.1.jar:/home/alex/.m2/repository/org/codehaus/jackson/jackson-core-asl/1.9.13/jackson-core-asl-1.9.13.jar:/home/alex/.m2/repository/org/codehaus/jackson/jackson-mapper-asl/1.9.13/jackson-mapper-asl-1.9.13.jar:/home/alex/.m2/repository/com/thoughtworks/paranamer/paranamer/2.7/paranamer-2.7.jar:/home/alex/Repositories/nifi/nifi-nar-bundles/nifi-standard-services/nifi-dbcp-service-api/target/classes:/home/alex/.m2/repository/com/squareup/okhttp3/okhttp/4.9.2/okhttp-4.9.2.jar:/home/alex/.m2/repository/com/squareup/okio/okio/2.8.0/okio-2.8.0.jar:/home/alex/.m2/repository/org/jetbrains/kotlin/kotlin-stdlib-common/1.4.0/kotlin-stdlib-common-1.4.0.jar:/home/alex/.m2/repository/org/jetbrains/kotlin/kotlin-stdlib/1.4.10/kotlin-stdlib-1.4.10.jar:/home/alex/.m2/repository/org/jetbrains/annotations/13.0/annotations-13.0.jar:/home/alex/.m2/repository/io/github/rburgst/okhttp-digest/2.5/okhttp-digest-2.5.jar:/home/alex/.m2/repository/at/favre/lib/bcrypt/0.9.0/bcrypt-0.9.0.jar:/home/alex/.m2/repository/at/favre/lib/bytes/1.3.0/bytes-1.3.0.jar:/home/alex/.m2/repository/com/google/guava/guava/28.0-jre/guava-28.0-jre.jar:/home/alex/.m2/repository/com/google/guava/failureaccess/1.0.1/failureaccess-1.0.1.jar:/home/alex/.m2/repository/com/google/guava/listenablefuture/9999.0-empty-to-avoid-conflict-with-guava/listenablefuture-9999.0-empty-to-avoid-conflict-with-guava.jar:/home/alex/.m2/repository/com/google/code/findbugs/jsr305/3.0.2/jsr305-3.0.2.jar:/home/alex/.m2/repository/org/checkerframework/checker-qual/2.8.1/checker-qual-2.8.1.jar:/home/alex/.m2/repository/com/google/errorprone/error_prone_annotations/2.3.2/error_prone_annotations-2.3.2.jar:/home/alex/.m2/repository/com/google/j2objc/j2objc-annotations/1.3/j2objc-annotations-1.3.jar:/home/alex/.m2/repository/org/codehaus/mojo/animal-sniffer-annotations/1.17/animal-sniffer-annotations-1.17.jar:/home/alex/Repositories/nifi/nifi-mock/target/classes:/home/alex/Repositories/nifi/nifi-framework-api/target/classes:/home/alex/Repositories/nifi/nifi-nar-bundles/nifi-framework-bundle/nifi-framework/nifi-framework-core-api/target/classes:/home/alex/Repositories/nifi/nifi-nar-bundles/nifi-framework-bundle/nifi-framework/nifi-framework-nar-utils/target/classes:/home/alex/Repositories/nifi/nifi-nar-bundles/nifi-framework-bundle/nifi-framework/nifi-client-dto/target/classes:/home/alex/.m2/repository/io/swagger/swagger-annotations/1.6.0/swagger-annotations-1.6.0.jar:/home/alex/Repositories/nifi/nifi-commons/nifi-site-to-site-client/target/classes:/home/alex/.m2/repository/org/apache/httpcomponents/httpasyncclient/4.1.4/httpasyncclient-4.1.4.jar:/home/alex/.m2/repository/org/apache/httpcomponents/httpcore-nio/4.4.10/httpcore-nio-4.4.10.jar:/home/alex/Repositories/nifi/nifi-nar-bundles/nifi-framework-bundle/nifi-framework/nifi-framework-authorization/target/classes:/home/alex/Repositories/nifi/nifi-registry/nifi-registry-core/nifi-registry-data-model/target/classes:/home/alex/Repositories/nifi/nifi-registry/nifi-registry-core/nifi-registry-revision/nifi-registry-revision-entity-model/target/classes:/home/alex/Repositories/nifi/nifi-registry/nifi-registry-core/nifi-registry-client/target/classes:/home/alex/Repositories/nifi/nifi-registry/nifi-registry-core/nifi-registry-security-utils/target/classes:/home/alex/.m2/repository/org/glassfish/jersey/core/jersey-client/2.33/jersey-client-2.33.jar:/home/alex/.m2/repository/jakarta/ws/rs/jakarta.ws.rs-api/2.1.6/jakarta.ws.rs-api-2.1.6.jar:/home/alex/.m2/repository/org/glassfish/hk2/external/jakarta.inject/2.6.1/jakarta.inject-2.6.1.jar:/home/alex/.m2/repository/org/glassfish/jersey/media/jersey-media-json-jackson/2.33/jersey-media-json-jackson-2.33.jar:/home/alex/.m2/repository/org/glassfish/jersey/ext/jersey-entity-filtering/2.33/jersey-entity-filtering-2.33.jar:/home/alex/.m2/repository/org/glassfish/jersey/inject/jersey-hk2/2.33/jersey-hk2-2.33.jar:/home/alex/.m2/repository/org/glassfish/hk2/hk2-locator/2.6.1/hk2-locator-2.6.1.jar:/home/alex/.m2/repository/org/glassfish/hk2/external/aopalliance-repackaged/2.6.1/aopalliance-repackaged-2.6.1.jar:/home/alex/.m2/repository/org/glassfish/hk2/hk2-api/2.6.1/hk2-api-2.6.1.jar:/home/alex/.m2/repository/org/glassfish/hk2/hk2-utils/2.6.1/hk2-utils-2.6.1.jar:/home/alex/.m2/repository/org/javassist/javassist/3.25.0-GA/javassist-3.25.0-GA.jar:/home/alex/.m2/repository/org/glassfish/jersey/core/jersey-common/2.33/jersey-common-2.33.jar:/home/alex/.m2/repository/jakarta/annotation/jakarta.annotation-api/1.3.5/jakarta.annotation-api-1.3.5.jar:/home/alex/.m2/repository/org/glassfish/hk2/osgi-resource-locator/1.0.3/osgi-resource-locator-1.0.3.jar:/home/alex/.m2/repository/org/glassfish/jersey/media/jersey-media-multipart/2.33/jersey-media-multipart-2.33.jar:/home/alex/.m2/repository/org/jvnet/mimepull/mimepull/1.9.13/mimepull-1.9.13.jar:/home/alex/Repositories/nifi/nifi-commons/nifi-data-provenance-utils/target/classes:/home/alex/Repositories/nifi/nifi-nar-bundles/nifi-standard-services/nifi-distributed-cache-services-bundle/nifi-distributed-cache-client-service/target/classes:/home/alex/Repositories/nifi/nifi-nar-bundles/nifi-standard-services/nifi-distributed-cache-services-bundle/nifi-distributed-cache-protocol/target/classes:/home/alex/.m2/repository/io/netty/netty-buffer/4.1.69.Final/netty-buffer-4.1.69.Final.jar:/home/alex/.m2/repository/com/google/http-client/google-http-client/1.28.0/google-http-client-1.28.0.jar:/home/alex/.m2/repository/io/opencensus/opencensus-api/0.18.0/opencensus-api-0.18.0.jar:/home/alex/.m2/repository/io/grpc/grpc-context/1.14.0/grpc-context-1.14.0.jar:/home/alex/.m2/repository/io/opencensus/opencensus-contrib-http-util/0.18.0/opencensus-contrib-http-util-0.18.0.jar:/home/alex/.m2/repository/org/apache/activemq/activemq-broker/5.15.14/activemq-broker-5.15.14.jar:/home/alex/.m2/repository/org/apache/activemq/activemq-openwire-legacy/5.15.14/activemq-openwire-legacy-5.15.14.jar:/home/alex/Repositories/nifi/nifi-nar-bundles/nifi-standard-services/nifi-ssl-context-bundle/nifi-ssl-context-service/target/classes:/home/alex/Repositories/nifi/nifi-nar-bundles/nifi-framework-bundle/nifi-framework/nifi-standard-prioritizers/target/classes:/home/alex/Repositories/nifi/nifi-nar-bundles/nifi-extension-utils/nifi-record-utils/nifi-mock-record-utils/target/classes:/home/alex/Repositories/nifi/nifi-nar-bundles/nifi-standard-services/nifi-record-serialization-services-bundle/nifi-record-serialization-services/target/classes:/home/alex/.m2/repository/org/apache/commons/commons-csv/1.8/commons-csv-1.8.jar:/home/alex/.m2/repository/com/fasterxml/jackson/dataformat/jackson-dataformat-csv/2.12.3/jackson-dataformat-csv-2.12.3.jar:/home/alex/.m2/repository/net/java/dev/stax-utils/stax-utils/20070216/stax-utils-20070216.jar:/home/alex/Repositories/nifi/nifi-nar-bundles/nifi-standard-services/nifi-lookup-services-bundle/nifi-lookup-services/target/classes:/home/alex/.m2/repository/commons-beanutils/commons-beanutils/1.9.4/commons-beanutils-1.9.4.jar:/home/alex/.m2/repository/commons-collections/commons-collections/3.2.2/commons-collections-3.2.2.jar:/home/alex/.m2/repository/com/maxmind/geoip2/geoip2/2.12.0/geoip2-2.12.0.jar:/home/alex/.m2/repository/com/maxmind/db/maxmind-db/1.2.2/maxmind-db-1.2.2.jar:/home/alex/.m2/repository/org/apache/derby/derby/10.14.2.0/derby-10.14.2.0.jar:/home/alex/.m2/repository/org/xerial/snappy/snappy-java/1.1.7.3/snappy-java-1.1.7.3.jar:/home/alex/.m2/repository/net/lingala/zip4j/zip4j/2.8.0/zip4j-2.8.0.jar:/home/alex/.m2/repository/com/h2database/h2/1.4.187/h2-1.4.187.jar:/home/alex/.m2/repository/org/mockftpserver/MockFtpServer/2.7.1/MockFtpServer-2.7.1.jar:/home/alex/.m2/repository/org/apache/sshd/sshd-core/1.7.0/sshd-core-1.7.0.jar:/home/alex/.m2/repository/com/bazaarvoice/jolt/jolt-core/0.1.1/jolt-core-0.1.1.jar:/home/alex/.m2/repository/javax/inject/javax.inject/1/javax.inject-1.jar:/home/alex/.m2/repository/com/bazaarvoice/jolt/json-utils/0.1.1/json-utils-0.1.1.jar:/home/alex/Repositories/nifi/nifi-nar-bundles/nifi-standard-bundle/nifi-standard-utils/target/classes:/home/alex/.m2/repository/net/sf/supercsv/super-csv/2.4.0/super-csv-2.4.0.jar:/home/alex/.m2/repository/com/fluenda/parcefone/2.1.0/parcefone-2.1.0.jar:/home/alex/.m2/repository/javax/validation/validation-api/1.1.0.Final/validation-api-1.1.0.Final.jar:/home/alex/.m2/repository/javax/el/javax.el-api/3.0.0/javax.el-api-3.0.0.jar:/home/alex/.m2/repository/com/github/wnameless/json/json-flattener/0.12.0/json-flattener-0.12.0.jar:/home/alex/.m2/repository/com/github/wnameless/json/json-base/2.0.0/json-base-2.0.0.jar:/home/alex/.m2/repository/org/apache/bval/bval-jsr/1.1.2/bval-jsr-1.1.2.jar:/home/alex/.m2/repository/org/apache/bval/bval-core/1.1.2/bval-core-1.1.2.jar:/home/alex/.m2/repository/io/krakens/java-grok/0.1.9/java-grok-0.1.9.jar:/home/alex/.m2/repository/org/apache/calcite/calcite-core/1.27.0/calcite-core-1.27.0.jar:/home/alex/.m2/repository/org/apache/calcite/calcite-linq4j/1.27.0/calcite-linq4j-1.27.0.jar:/home/alex/.m2/repository/com/esri/geometry/esri-geometry-api/2.2.0/esri-geometry-api-2.2.0.jar:/home/alex/.m2/repository/org/apache/calcite/avatica/avatica-core/1.18.0/avatica-core-1.18.0.jar:/home/alex/.m2/repository/org/apache/calcite/avatica/avatica-metrics/1.18.0/avatica-metrics-1.18.0.jar:/home/alex/.m2/repository/com/google/protobuf/protobuf-java/3.6.1/protobuf-java-3.6.1.jar:/home/alex/.m2/repository/org/apiguardian/apiguardian-api/1.1.0/apiguardian-api-1.1.0.jar:/home/alex/.m2/repository/com/fasterxml/jackson/dataformat/jackson-dataformat-yaml/2.10.0/jackson-dataformat-yaml-2.10.0.jar:/home/alex/.m2/repository/org/yaml/snakeyaml/1.29/snakeyaml-1.29.jar:/home/alex/.m2/repository/com/google/uzaygezen/uzaygezen-core/0.2/uzaygezen-core-0.2.jar:/home/alex/.m2/repository/com/yahoo/datasketches/sketches-core/0.9.0/sketches-core-0.9.0.jar:/home/alex/.m2/repository/com/yahoo/datasketches/memory/0.9.0/memory-0.9.0.jar:/home/alex/.m2/repository/net/hydromatic/aggdesigner-algorithm/6.0/aggdesigner-algorithm-6.0.jar:/home/alex/.m2/repository/commons-lang/commons-lang/2.4/commons-lang-2.4.jar:/home/alex/.m2/repository/org/apache/commons/commons-dbcp2/2.6.0/commons-dbcp2-2.6.0.jar:/home/alex/.m2/repository/org/apache/commons/commons-pool2/2.6.1/commons-pool2-2.6.1.jar:/home/alex/.m2/repository/org/codehaus/janino/commons-compiler/3.0.11/commons-compiler-3.0.11.jar:/home/alex/.m2/repository/org/codehaus/janino/janino/3.0.11/janino-3.0.11.jar:/home/alex/Repositories/nifi/nifi-nar-bundles/nifi-standard-services/nifi-schema-registry-service-api/target/classes:/home/alex/Repositories/nifi/nifi-nar-bundles/nifi-extension-utils/nifi-database-utils/target/classes:/home/alex/Repositories/nifi/nifi-nar-bundles/nifi-standard-bundle/nifi-standard-web-test-utils/target/classes:/home/alex/.m2/repository/com/github/stefanbirkner/fake-sftp-server-rule/2.0.1/fake-sftp-server-rule-2.0.1.jar:/home/alex/.m2/repository/com/github/marschall/memoryfilesystem/2.8.0/memoryfilesystem-2.8.0.jar:/home/alex/.m2/repository/junit/junit/4.13.2/junit-4.13.2.jar:/home/alex/.m2/repository/org/hamcrest/hamcrest-core/1.3/hamcrest-core-1.3.jar:/home/alex/Repositories/nifi/nifi-nar-bundles/nifi-extension-utils/nifi-database-test-utils/target/classes:/home/alex/.m2/repository/org/codehaus/groovy/groovy-json/2.5.14/groovy-json-2.5.14.jar:/home/alex/.m2/repository/org/codehaus/groovy/groovy/2.5.14/groovy-2.5.14.jar:/home/alex/.m2/repository/org/codehaus/groovy/groovy-servlet/2.5.14/groovy-servlet-2.5.14.jar:/home/alex/.m2/repository/org/codehaus/groovy/groovy-templates/2.5.14/groovy-templates-2.5.14.jar:/home/alex/.m2/repository/org/codehaus/groovy/groovy-xml/2.5.14/groovy-xml-2.5.14.jar:/home/alex/.m2/repository/org/hamcrest/hamcrest-all/1.3/hamcrest-all-1.3.jar:/home/alex/.m2/repository/com/squareup/okhttp3/mockwebserver/4.9.2/mockwebserver-4.9.2.jar:/home/alex/.m2/repository/org/jetbrains/kotlin/kotlin-stdlib-jdk8/1.4.10/kotlin-stdlib-jdk8-1.4.10.jar:/home/alex/.m2/repository/org/jetbrains/kotlin/kotlin-stdlib-jdk7/1.4.10/kotlin-stdlib-jdk7-1.4.10.jar:/home/alex/.m2/repository/org/mockito/mockito-inline/3.12.4/mockito-inline-3.12.4.jar:/home/alex/.m2/repository/org/junit/jupiter/junit-jupiter-api/5.7.2/junit-jupiter-api-5.7.2.jar:/home/alex/.m2/repository/org/opentest4j/opentest4j/1.2.0/opentest4j-1.2.0.jar:/home/alex/.m2/repository/org/junit/platform/junit-platform-commons/1.7.2/junit-platform-commons-1.7.2.jar:/home/alex/.m2/repository/org/junit/jupiter/junit-jupiter-engine/5.7.2/junit-jupiter-engine-5.7.2.jar:/home/alex/.m2/repository/org/junit/platform/junit-platform-engine/1.7.2/junit-platform-engine-1.7.2.jar:/home/alex/.m2/repository/org/junit/vintage/junit-vintage-engine/5.7.2/junit-vintage-engine-5.7.2.jar:/home/alex/.m2/repository/org/junit/jupiter/junit-jupiter-params/5.7.2/junit-jupiter-params-5.7.2.jar:/home/alex/.m2/repository/org/mockito/mockito-core/3.11.2/mockito-core-3.11.2.jar:/home/alex/.m2/repository/net/bytebuddy/byte-buddy/1.11.3/byte-buddy-1.11.3.jar:/home/alex/.m2/repository/net/bytebuddy/byte-buddy-agent/1.11.3/byte-buddy-agent-1.11.3.jar:/home/alex/.m2/repository/org/objenesis/objenesis/3.2/objenesis-3.2.jar:/home/alex/.m2/repository/org/mockito/mockito-junit-jupiter/3.11.2/mockito-junit-jupiter-3.11.2.jar:/home/alex/.m2/repository/org/slf4j/slf4j-simple/1.7.32/slf4j-simple-1.7.32.jar:/home/alex/.m2/repository/org/codehaus/groovy/groovy-test/2.5.14/groovy-test-2.5.14.jar:"/>
    <property name="org.slf4j.simpleLogger.log.nifi.processors.standard.TestExecuteSQLRecord" value="debug"/>
    <property name="java.vm.vendor" value="Private Build"/>
    <property name="sun.arch.data.model" value="64"/>
    <property name="java.vendor.url" value="http://java.oracle.com/"/>
    <property name="user.timezone" value="Europe/Lisbon"/>
    <property name="java.vm.specification.version" value="1.8"/>
    <property name="os.name" value="Linux"/>
    <property name="user.country" value="US"/>
    <property name="sun.java.launcher" value="SUN_STANDARD"/>
    <property name="sun.boot.library.path" value="/usr/lib/jvm/java-8-openjdk-amd64/jre/lib/amd64"/>
    <property name="sun.java.command" value="/home/alex/Repositories/nifi/nifi-nar-bundles/nifi-standard-bundle/nifi-standard-processors/target/surefire/surefirebooter7866820466567195306.jar /home/alex/Repositories/nifi/nifi-nar-bundles/nifi-standard-bundle/nifi-standard-processors/target/surefire 2024-05-02T04-10-31_566-jvmRun1 surefire4673265509373402450tmp surefire_698223736570144472240tmp"/>
    <property name="org.slf4j.simpleLogger.log.nifi.io.nio" value="debug"/>
    <property name="surefire.test.class.path" value="/home/alex/Repositories/nifi/nifi-nar-bundles/nifi-standard-bundle/nifi-standard-processors/target/test-classes:/home/alex/Repositories/nifi/nifi-nar-bundles/nifi-standard-bundle/nifi-standard-processors/target/classes:/home/alex/.m2/repository/org/apache/ftpserver/ftpserver-core/1.1.1/ftpserver-core-1.1.1.jar:/home/alex/.m2/repository/org/apache/ftpserver/ftplet-api/1.1.1/ftplet-api-1.1.1.jar:/home/alex/.m2/repository/org/slf4j/slf4j-api/1.7.32/slf4j-api-1.7.32.jar:/home/alex/.m2/repository/org/apache/mina/mina-core/2.0.16/mina-core-2.0.16.jar:/home/alex/Repositories/nifi/nifi-api/target/classes:/home/alex/Repositories/nifi/nifi-commons/nifi-expression-language/target/classes:/home/alex/.m2/repository/org/antlr/antlr-runtime/3.5.2/antlr-runtime-3.5.2.jar:/home/alex/Repositories/nifi/nifi-commons/nifi-parameter/target/classes:/home/alex/Repositories/nifi/nifi-commons/nifi-uuid5/target/classes:/home/alex/.m2/repository/org/apache/commons/commons-text/1.8/commons-text-1.8.jar:/home/alex/Repositories/nifi/nifi-nar-bundles/nifi-extension-utils/nifi-processor-utils/target/classes:/home/alex/Repositories/nifi/nifi-commons/nifi-security-socket-ssl/target/classes:/home/alex/Repositories/nifi/nifi-nar-bundles/nifi-extension-utils/nifi-event-transport/target/classes:/home/alex/.m2/repository/io/netty/netty-handler/4.1.69.Final/netty-handler-4.1.69.Final.jar:/home/alex/.m2/repository/io/netty/netty-common/4.1.69.Final/netty-common-4.1.69.Final.jar:/home/alex/.m2/repository/io/netty/netty-resolver/4.1.69.Final/netty-resolver-4.1.69.Final.jar:/home/alex/.m2/repository/io/netty/netty-transport/4.1.69.Final/netty-transport-4.1.69.Final.jar:/home/alex/.m2/repository/io/netty/netty-codec/4.1.69.Final/netty-codec-4.1.69.Final.jar:/home/alex/Repositories/nifi/nifi-nar-bundles/nifi-extension-utils/nifi-syslog-utils/target/classes:/home/alex/.m2/repository/com/github/palindromicity/simple-syslog-5424/0.0.16/simple-syslog-5424-0.0.16.jar:/home/alex/.m2/repository/org/antlr/antlr4-runtime/4.7.2/antlr4-runtime-4.7.2.jar:/home/alex/Repositories/nifi/nifi-commons/nifi-utils/target/classes:/home/alex/Repositories/nifi/nifi-commons/nifi-record-path/target/classes:/home/alex/Repositories/nifi/nifi-commons/nifi-properties/target/classes:/home/alex/Repositories/nifi/nifi-commons/nifi-property-utils/target/classes:/home/alex/.m2/repository/com/github/ben-manes/caffeine/caffeine/2.8.1/caffeine-2.8.1.jar:/home/alex/Repositories/nifi/nifi-nar-bundles/nifi-standard-services/nifi-ssl-context-service-api/target/classes:/home/alex/Repositories/nifi/nifi-commons/nifi-security-utils-api/target/classes:/home/alex/Repositories/nifi/nifi-nar-bundles/nifi-standard-services/nifi-lookup-service-api/target/classes:/home/alex/Repositories/nifi/nifi-commons/nifi-flowfile-packager/target/classes:/home/alex/Repositories/nifi/nifi-nar-bundles/nifi-standard-services/nifi-distributed-cache-client-service-api/target/classes:/home/alex/Repositories/nifi/nifi-nar-bundles/nifi-standard-services/nifi-http-context-map-api/target/classes:/home/alex/Repositories/nifi/nifi-nar-bundles/nifi-standard-services/nifi-record-serialization-service-api/target/classes:/home/alex/Repositories/nifi/nifi-nar-bundles/nifi-standard-services/nifi-proxy-configuration-api/target/classes:/home/alex/Repositories/nifi/nifi-commons/nifi-record/target/classes:/home/alex/Repositories/nifi/nifi-nar-bundles/nifi-standard-services/nifi-record-sink-api/target/classes:/home/alex/.m2/repository/commons-io/commons-io/2.10.0/commons-io-2.10.0.jar:/home/alex/.m2/repository/javax/ws/rs/javax.ws.rs-api/2.1/javax.ws.rs-api-2.1.jar:/home/alex/.m2/repository/commons-net/commons-net/3.6/commons-net-3.6.jar:/home/alex/.m2/repository/org/apache/commons/commons-compress/1.21/commons-compress-1.21.jar:/home/alex/.m2/repository/org/apache/commons/commons-lang3/3.9/commons-lang3-3.9.jar:/home/alex/.m2/repository/org/bouncycastle/bcprov-jdk15on/1.69/bcprov-jdk15on-1.69.jar:/home/alex/.m2/repository/org/bouncycastle/bcpg-jdk15on/1.69/bcpg-jdk15on-1.69.jar:/home/alex/.m2/repository/org/bouncycastle/bcpkix-jdk15on/1.69/bcpkix-jdk15on-1.69.jar:/home/alex/.m2/repository/org/bouncycastle/bcutil-jdk15on/1.69/bcutil-jdk15on-1.69.jar:/home/alex/.m2/repository/commons-codec/commons-codec/1.14/commons-codec-1.14.jar:/home/alex/Repositories/nifi/nifi-commons/nifi-security-utils/target/classes:/home/alex/Repositories/nifi/nifi-commons/nifi-security-kms/target/classes:/home/alex/.m2/repository/org/apache/commons/commons-configuration2/2.7/commons-configuration2-2.7.jar:/home/alex/.m2/repository/com/hierynomus/sshj/0.32.0/sshj-0.32.0.jar:/home/alex/.m2/repository/com/jcraft/jzlib/1.1.3/jzlib-1.1.3.jar:/home/alex/.m2/repository/com/hierynomus/asn-one/0.6.0/asn-one-0.6.0.jar:/home/alex/.m2/repository/net/i2p/crypto/eddsa/0.3.0/eddsa-0.3.0.jar:/home/alex/.m2/repository/org/eclipse/jetty/jetty-server/9.4.44.v20210927/jetty-server-9.4.44.v20210927.jar:/home/alex/.m2/repository/javax/servlet/javax.servlet-api/3.1.0/javax.servlet-api-3.1.0.jar:/home/alex/.m2/repository/org/eclipse/jetty/jetty-http/9.4.44.v20210927/jetty-http-9.4.44.v20210927.jar:/home/alex/.m2/repository/org/eclipse/jetty/jetty-util/9.4.44.v20210927/jetty-util-9.4.44.v20210927.jar:/home/alex/.m2/repository/org/eclipse/jetty/jetty-io/9.4.44.v20210927/jetty-io-9.4.44.v20210927.jar:/home/alex/.m2/repository/org/eclipse/jetty/jetty-servlet/9.4.44.v20210927/jetty-servlet-9.4.44.v20210927.jar:/home/alex/.m2/repository/org/eclipse/jetty/jetty-security/9.4.44.v20210927/jetty-security-9.4.44.v20210927.jar:/home/alex/.m2/repository/org/eclipse/jetty/jetty-util-ajax/9.4.44.v20210927/jetty-util-ajax-9.4.44.v20210927.jar:/home/alex/.m2/repository/org/apache/httpcomponents/httpclient/4.5.5/httpclient-4.5.5.jar:/home/alex/.m2/repository/commons-logging/commons-logging/1.2/commons-logging-1.2.jar:/home/alex/.m2/repository/org/apache/httpcomponents/httpcore/4.4.9/httpcore-4.4.9.jar:/home/alex/.m2/repository/jakarta/activation/jakarta.activation-api/2.0.1/jakarta.activation-api-2.0.1.jar:/home/alex/.m2/repository/com/sun/activation/jakarta.activation/2.0.1/jakarta.activation-2.0.1.jar:/home/alex/.m2/repository/jakarta/mail/jakarta.mail-api/2.0.1/jakarta.mail-api-2.0.1.jar:/home/alex/.m2/repository/com/sun/mail/jakarta.mail/2.0.1/jakarta.mail-2.0.1.jar:/home/alex/.m2/repository/com/github/jponge/lzma-java/1.3/lzma-java-1.3.jar:/home/alex/.m2/repository/org/tukaani/xz/1.8/xz-1.8.jar:/home/alex/.m2/repository/net/sf/saxon/Saxon-HE/10.6/Saxon-HE-10.6.jar:/home/alex/Repositories/nifi/nifi-commons/nifi-socket-utils/target/classes:/home/alex/Repositories/nifi/nifi-commons/nifi-logging-utils/target/classes:/home/alex/Repositories/nifi/nifi-nar-bundles/nifi-standard-services/nifi-load-distribution-service-api/target/classes:/home/alex/.m2/repository/javax/jms/javax.jms-api/2.0.1/javax.jms-api-2.0.1.jar:/home/alex/.m2/repository/org/apache/activemq/activemq-client/5.15.15/activemq-client-5.15.15.jar:/home/alex/.m2/repository/org/apache/geronimo/specs/geronimo-jms_1.1_spec/1.1.1/geronimo-jms_1.1_spec-1.1.1.jar:/home/alex/.m2/repository/org/fusesource/hawtbuf/hawtbuf/1.11/hawtbuf-1.11.jar:/home/alex/.m2/repository/org/apache/geronimo/specs/geronimo-j2ee-management_1.1_spec/1.0.1/geronimo-j2ee-management_1.1_spec-1.0.1.jar:/home/alex/.m2/repository/com/jayway/jsonpath/json-path/2.6.0/json-path-2.6.0.jar:/home/alex/.m2/repository/net/minidev/json-smart/2.4.7/json-smart-2.4.7.jar:/home/alex/.m2/repository/net/minidev/accessors-smart/2.4.7/accessors-smart-2.4.7.jar:/home/alex/.m2/repository/org/ow2/asm/asm/9.1/asm-9.1.jar:/home/alex/.m2/repository/org/apache/tika/tika-core/1.26/tika-core-1.26.jar:/home/alex/.m2/repository/com/fasterxml/jackson/core/jackson-databind/2.12.3/jackson-databind-2.12.3.jar:/home/alex/.m2/repository/com/fasterxml/jackson/core/jackson-annotations/2.12.3/jackson-annotations-2.12.3.jar:/home/alex/.m2/repository/com/fasterxml/jackson/core/jackson-core/2.12.3/jackson-core-2.12.3.jar:/home/alex/Repositories/nifi/nifi-nar-bundles/nifi-extension-utils/nifi-record-utils/nifi-avro-record-utils/target/classes:/home/alex/Repositories/nifi/nifi-nar-bundles/nifi-extension-utils/nifi-record-utils/nifi-standard-record-utils/target/classes:/home/alex/.m2/repository/org/apache/avro/avro/1.8.1/avro-1.8.1.jar:/home/alex/.m2/repository/org/codehaus/jackson/jackson-core-asl/1.9.13/jackson-core-asl-1.9.13.jar:/home/alex/.m2/repository/org/codehaus/jackson/jackson-mapper-asl/1.9.13/jackson-mapper-asl-1.9.13.jar:/home/alex/.m2/repository/com/thoughtworks/paranamer/paranamer/2.7/paranamer-2.7.jar:/home/alex/Repositories/nifi/nifi-nar-bundles/nifi-standard-services/nifi-dbcp-service-api/target/classes:/home/alex/.m2/repository/com/squareup/okhttp3/okhttp/4.9.2/okhttp-4.9.2.jar:/home/alex/.m2/repository/com/squareup/okio/okio/2.8.0/okio-2.8.0.jar:/home/alex/.m2/repository/org/jetbrains/kotlin/kotlin-stdlib-common/1.4.0/kotlin-stdlib-common-1.4.0.jar:/home/alex/.m2/repository/org/jetbrains/kotlin/kotlin-stdlib/1.4.10/kotlin-stdlib-1.4.10.jar:/home/alex/.m2/repository/org/jetbrains/annotations/13.0/annotations-13.0.jar:/home/alex/.m2/repository/io/github/rburgst/okhttp-digest/2.5/okhttp-digest-2.5.jar:/home/alex/.m2/repository/at/favre/lib/bcrypt/0.9.0/bcrypt-0.9.0.jar:/home/alex/.m2/repository/at/favre/lib/bytes/1.3.0/bytes-1.3.0.jar:/home/alex/.m2/repository/com/google/guava/guava/28.0-jre/guava-28.0-jre.jar:/home/alex/.m2/repository/com/google/guava/failureaccess/1.0.1/failureaccess-1.0.1.jar:/home/alex/.m2/repository/com/google/guava/listenablefuture/9999.0-empty-to-avoid-conflict-with-guava/listenablefuture-9999.0-empty-to-avoid-conflict-with-guava.jar:/home/alex/.m2/repository/com/google/code/findbugs/jsr305/3.0.2/jsr305-3.0.2.jar:/home/alex/.m2/repository/org/checkerframework/checker-qual/2.8.1/checker-qual-2.8.1.jar:/home/alex/.m2/repository/com/google/errorprone/error_prone_annotations/2.3.2/error_prone_annotations-2.3.2.jar:/home/alex/.m2/repository/com/google/j2objc/j2objc-annotations/1.3/j2objc-annotations-1.3.jar:/home/alex/.m2/repository/org/codehaus/mojo/animal-sniffer-annotations/1.17/animal-sniffer-annotations-1.17.jar:/home/alex/Repositories/nifi/nifi-mock/target/classes:/home/alex/Repositories/nifi/nifi-framework-api/target/classes:/home/alex/Repositories/nifi/nifi-nar-bundles/nifi-framework-bundle/nifi-framework/nifi-framework-core-api/target/classes:/home/alex/Repositories/nifi/nifi-nar-bundles/nifi-framework-bundle/nifi-framework/nifi-framework-nar-utils/target/classes:/home/alex/Repositories/nifi/nifi-nar-bundles/nifi-framework-bundle/nifi-framework/nifi-client-dto/target/classes:/home/alex/.m2/repository/io/swagger/swagger-annotations/1.6.0/swagger-annotations-1.6.0.jar:/home/alex/Repositories/nifi/nifi-commons/nifi-site-to-site-client/target/classes:/home/alex/.m2/repository/org/apache/httpcomponents/httpasyncclient/4.1.4/httpasyncclient-4.1.4.jar:/home/alex/.m2/repository/org/apache/httpcomponents/httpcore-nio/4.4.10/httpcore-nio-4.4.10.jar:/home/alex/Repositories/nifi/nifi-nar-bundles/nifi-framework-bundle/nifi-framework/nifi-framework-authorization/target/classes:/home/alex/Repositories/nifi/nifi-registry/nifi-registry-core/nifi-registry-data-model/target/classes:/home/alex/Repositories/nifi/nifi-registry/nifi-registry-core/nifi-registry-revision/nifi-registry-revision-entity-model/target/classes:/home/alex/Repositories/nifi/nifi-registry/nifi-registry-core/nifi-registry-client/target/classes:/home/alex/Repositories/nifi/nifi-registry/nifi-registry-core/nifi-registry-security-utils/target/classes:/home/alex/.m2/repository/org/glassfish/jersey/core/jersey-client/2.33/jersey-client-2.33.jar:/home/alex/.m2/repository/jakarta/ws/rs/jakarta.ws.rs-api/2.1.6/jakarta.ws.rs-api-2.1.6.jar:/home/alex/.m2/repository/org/glassfish/hk2/external/jakarta.inject/2.6.1/jakarta.inject-2.6.1.jar:/home/alex/.m2/repository/org/glassfish/jersey/media/jersey-media-json-jackson/2.33/jersey-media-json-jackson-2.33.jar:/home/alex/.m2/repository/org/glassfish/jersey/ext/jersey-entity-filtering/2.33/jersey-entity-filtering-2.33.jar:/home/alex/.m2/repository/org/glassfish/jersey/inject/jersey-hk2/2.33/jersey-hk2-2.33.jar:/home/alex/.m2/repository/org/glassfish/hk2/hk2-locator/2.6.1/hk2-locator-2.6.1.jar:/home/alex/.m2/repository/org/glassfish/hk2/external/aopalliance-repackaged/2.6.1/aopalliance-repackaged-2.6.1.jar:/home/alex/.m2/repository/org/glassfish/hk2/hk2-api/2.6.1/hk2-api-2.6.1.jar:/home/alex/.m2/repository/org/glassfish/hk2/hk2-utils/2.6.1/hk2-utils-2.6.1.jar:/home/alex/.m2/repository/org/javassist/javassist/3.25.0-GA/javassist-3.25.0-GA.jar:/home/alex/.m2/repository/org/glassfish/jersey/core/jersey-common/2.33/jersey-common-2.33.jar:/home/alex/.m2/repository/jakarta/annotation/jakarta.annotation-api/1.3.5/jakarta.annotation-api-1.3.5.jar:/home/alex/.m2/repository/org/glassfish/hk2/osgi-resource-locator/1.0.3/osgi-resource-locator-1.0.3.jar:/home/alex/.m2/repository/org/glassfish/jersey/media/jersey-media-multipart/2.33/jersey-media-multipart-2.33.jar:/home/alex/.m2/repository/org/jvnet/mimepull/mimepull/1.9.13/mimepull-1.9.13.jar:/home/alex/Repositories/nifi/nifi-commons/nifi-data-provenance-utils/target/classes:/home/alex/Repositories/nifi/nifi-nar-bundles/nifi-standard-services/nifi-distributed-cache-services-bundle/nifi-distributed-cache-client-service/target/classes:/home/alex/Repositories/nifi/nifi-nar-bundles/nifi-standard-services/nifi-distributed-cache-services-bundle/nifi-distributed-cache-protocol/target/classes:/home/alex/.m2/repository/io/netty/netty-buffer/4.1.69.Final/netty-buffer-4.1.69.Final.jar:/home/alex/.m2/repository/com/google/http-client/google-http-client/1.28.0/google-http-client-1.28.0.jar:/home/alex/.m2/repository/io/opencensus/opencensus-api/0.18.0/opencensus-api-0.18.0.jar:/home/alex/.m2/repository/io/grpc/grpc-context/1.14.0/grpc-context-1.14.0.jar:/home/alex/.m2/repository/io/opencensus/opencensus-contrib-http-util/0.18.0/opencensus-contrib-http-util-0.18.0.jar:/home/alex/.m2/repository/org/apache/activemq/activemq-broker/5.15.14/activemq-broker-5.15.14.jar:/home/alex/.m2/repository/org/apache/activemq/activemq-openwire-legacy/5.15.14/activemq-openwire-legacy-5.15.14.jar:/home/alex/Repositories/nifi/nifi-nar-bundles/nifi-standard-services/nifi-ssl-context-bundle/nifi-ssl-context-service/target/classes:/home/alex/Repositories/nifi/nifi-nar-bundles/nifi-framework-bundle/nifi-framework/nifi-standard-prioritizers/target/classes:/home/alex/Repositories/nifi/nifi-nar-bundles/nifi-extension-utils/nifi-record-utils/nifi-mock-record-utils/target/classes:/home/alex/Repositories/nifi/nifi-nar-bundles/nifi-standard-services/nifi-record-serialization-services-bundle/nifi-record-serialization-services/target/classes:/home/alex/.m2/repository/org/apache/commons/commons-csv/1.8/commons-csv-1.8.jar:/home/alex/.m2/repository/com/fasterxml/jackson/dataformat/jackson-dataformat-csv/2.12.3/jackson-dataformat-csv-2.12.3.jar:/home/alex/.m2/repository/net/java/dev/stax-utils/stax-utils/20070216/stax-utils-20070216.jar:/home/alex/Repositories/nifi/nifi-nar-bundles/nifi-standard-services/nifi-lookup-services-bundle/nifi-lookup-services/target/classes:/home/alex/.m2/repository/commons-beanutils/commons-beanutils/1.9.4/commons-beanutils-1.9.4.jar:/home/alex/.m2/repository/commons-collections/commons-collections/3.2.2/commons-collections-3.2.2.jar:/home/alex/.m2/repository/com/maxmind/geoip2/geoip2/2.12.0/geoip2-2.12.0.jar:/home/alex/.m2/repository/com/maxmind/db/maxmind-db/1.2.2/maxmind-db-1.2.2.jar:/home/alex/.m2/repository/org/apache/derby/derby/10.14.2.0/derby-10.14.2.0.jar:/home/alex/.m2/repository/org/xerial/snappy/snappy-java/1.1.7.3/snappy-java-1.1.7.3.jar:/home/alex/.m2/repository/net/lingala/zip4j/zip4j/2.8.0/zip4j-2.8.0.jar:/home/alex/.m2/repository/com/h2database/h2/1.4.187/h2-1.4.187.jar:/home/alex/.m2/repository/org/mockftpserver/MockFtpServer/2.7.1/MockFtpServer-2.7.1.jar:/home/alex/.m2/repository/org/apache/sshd/sshd-core/1.7.0/sshd-core-1.7.0.jar:/home/alex/.m2/repository/com/bazaarvoice/jolt/jolt-core/0.1.1/jolt-core-0.1.1.jar:/home/alex/.m2/repository/javax/inject/javax.inject/1/javax.inject-1.jar:/home/alex/.m2/repository/com/bazaarvoice/jolt/json-utils/0.1.1/json-utils-0.1.1.jar:/home/alex/Repositories/nifi/nifi-nar-bundles/nifi-standard-bundle/nifi-standard-utils/target/classes:/home/alex/.m2/repository/net/sf/supercsv/super-csv/2.4.0/super-csv-2.4.0.jar:/home/alex/.m2/repository/com/fluenda/parcefone/2.1.0/parcefone-2.1.0.jar:/home/alex/.m2/repository/javax/validation/validation-api/1.1.0.Final/validation-api-1.1.0.Final.jar:/home/alex/.m2/repository/javax/el/javax.el-api/3.0.0/javax.el-api-3.0.0.jar:/home/alex/.m2/repository/com/github/wnameless/json/json-flattener/0.12.0/json-flattener-0.12.0.jar:/home/alex/.m2/repository/com/github/wnameless/json/json-base/2.0.0/json-base-2.0.0.jar:/home/alex/.m2/repository/org/apache/bval/bval-jsr/1.1.2/bval-jsr-1.1.2.jar:/home/alex/.m2/repository/org/apache/bval/bval-core/1.1.2/bval-core-1.1.2.jar:/home/alex/.m2/repository/io/krakens/java-grok/0.1.9/java-grok-0.1.9.jar:/home/alex/.m2/repository/org/apache/calcite/calcite-core/1.27.0/calcite-core-1.27.0.jar:/home/alex/.m2/repository/org/apache/calcite/calcite-linq4j/1.27.0/calcite-linq4j-1.27.0.jar:/home/alex/.m2/repository/com/esri/geometry/esri-geometry-api/2.2.0/esri-geometry-api-2.2.0.jar:/home/alex/.m2/repository/org/apache/calcite/avatica/avatica-core/1.18.0/avatica-core-1.18.0.jar:/home/alex/.m2/repository/org/apache/calcite/avatica/avatica-metrics/1.18.0/avatica-metrics-1.18.0.jar:/home/alex/.m2/repository/com/google/protobuf/protobuf-java/3.6.1/protobuf-java-3.6.1.jar:/home/alex/.m2/repository/org/apiguardian/apiguardian-api/1.1.0/apiguardian-api-1.1.0.jar:/home/alex/.m2/repository/com/fasterxml/jackson/dataformat/jackson-dataformat-yaml/2.10.0/jackson-dataformat-yaml-2.10.0.jar:/home/alex/.m2/repository/org/yaml/snakeyaml/1.29/snakeyaml-1.29.jar:/home/alex/.m2/repository/com/google/uzaygezen/uzaygezen-core/0.2/uzaygezen-core-0.2.jar:/home/alex/.m2/repository/com/yahoo/datasketches/sketches-core/0.9.0/sketches-core-0.9.0.jar:/home/alex/.m2/repository/com/yahoo/datasketches/memory/0.9.0/memory-0.9.0.jar:/home/alex/.m2/repository/net/hydromatic/aggdesigner-algorithm/6.0/aggdesigner-algorithm-6.0.jar:/home/alex/.m2/repository/commons-lang/commons-lang/2.4/commons-lang-2.4.jar:/home/alex/.m2/repository/org/apache/commons/commons-dbcp2/2.6.0/commons-dbcp2-2.6.0.jar:/home/alex/.m2/repository/org/apache/commons/commons-pool2/2.6.1/commons-pool2-2.6.1.jar:/home/alex/.m2/repository/org/codehaus/janino/commons-compiler/3.0.11/commons-compiler-3.0.11.jar:/home/alex/.m2/repository/org/codehaus/janino/janino/3.0.11/janino-3.0.11.jar:/home/alex/Repositories/nifi/nifi-nar-bundles/nifi-standard-services/nifi-schema-registry-service-api/target/classes:/home/alex/Repositories/nifi/nifi-nar-bundles/nifi-extension-utils/nifi-database-utils/target/classes:/home/alex/Repositories/nifi/nifi-nar-bundles/nifi-standard-bundle/nifi-standard-web-test-utils/target/classes:/home/alex/.m2/repository/com/github/stefanbirkner/fake-sftp-server-rule/2.0.1/fake-sftp-server-rule-2.0.1.jar:/home/alex/.m2/repository/com/github/marschall/memoryfilesystem/2.8.0/memoryfilesystem-2.8.0.jar:/home/alex/.m2/repository/junit/junit/4.13.2/junit-4.13.2.jar:/home/alex/.m2/repository/org/hamcrest/hamcrest-core/1.3/hamcrest-core-1.3.jar:/home/alex/Repositories/nifi/nifi-nar-bundles/nifi-extension-utils/nifi-database-test-utils/target/classes:/home/alex/.m2/repository/org/codehaus/groovy/groovy-json/2.5.14/groovy-json-2.5.14.jar:/home/alex/.m2/repository/org/codehaus/groovy/groovy/2.5.14/groovy-2.5.14.jar:/home/alex/.m2/repository/org/codehaus/groovy/groovy-servlet/2.5.14/groovy-servlet-2.5.14.jar:/home/alex/.m2/repository/org/codehaus/groovy/groovy-templates/2.5.14/groovy-templates-2.5.14.jar:/home/alex/.m2/repository/org/codehaus/groovy/groovy-xml/2.5.14/groovy-xml-2.5.14.jar:/home/alex/.m2/repository/org/hamcrest/hamcrest-all/1.3/hamcrest-all-1.3.jar:/home/alex/.m2/repository/com/squareup/okhttp3/mockwebserver/4.9.2/mockwebserver-4.9.2.jar:/home/alex/.m2/repository/org/jetbrains/kotlin/kotlin-stdlib-jdk8/1.4.10/kotlin-stdlib-jdk8-1.4.10.jar:/home/alex/.m2/repository/org/jetbrains/kotlin/kotlin-stdlib-jdk7/1.4.10/kotlin-stdlib-jdk7-1.4.10.jar:/home/alex/.m2/repository/org/mockito/mockito-inline/3.12.4/mockito-inline-3.12.4.jar:/home/alex/.m2/repository/org/junit/jupiter/junit-jupiter-api/5.7.2/junit-jupiter-api-5.7.2.jar:/home/alex/.m2/repository/org/opentest4j/opentest4j/1.2.0/opentest4j-1.2.0.jar:/home/alex/.m2/repository/org/junit/platform/junit-platform-commons/1.7.2/junit-platform-commons-1.7.2.jar:/home/alex/.m2/repository/org/junit/jupiter/junit-jupiter-engine/5.7.2/junit-jupiter-engine-5.7.2.jar:/home/alex/.m2/repository/org/junit/platform/junit-platform-engine/1.7.2/junit-platform-engine-1.7.2.jar:/home/alex/.m2/repository/org/junit/vintage/junit-vintage-engine/5.7.2/junit-vintage-engine-5.7.2.jar:/home/alex/.m2/repository/org/junit/jupiter/junit-jupiter-params/5.7.2/junit-jupiter-params-5.7.2.jar:/home/alex/.m2/repository/org/mockito/mockito-core/3.11.2/mockito-core-3.11.2.jar:/home/alex/.m2/repository/net/bytebuddy/byte-buddy/1.11.3/byte-buddy-1.11.3.jar:/home/alex/.m2/repository/net/bytebuddy/byte-buddy-agent/1.11.3/byte-buddy-agent-1.11.3.jar:/home/alex/.m2/repository/org/objenesis/objenesis/3.2/objenesis-3.2.jar:/home/alex/.m2/repository/org/mockito/mockito-junit-jupiter/3.11.2/mockito-junit-jupiter-3.11.2.jar:/home/alex/.m2/repository/org/slf4j/slf4j-simple/1.7.32/slf4j-simple-1.7.32.jar:/home/alex/.m2/repository/org/codehaus/groovy/groovy-test/2.5.14/groovy-test-2.5.14.jar:"/>
    <property name="sun.cpu.endian" value="little"/>
    <property name="user.home" value="/home/alex"/>
    <property name="user.language" value="en"/>
    <property name="java.specification.vendor" value="Oracle Corporation"/>
    <property name="java.home" value="/usr/lib/jvm/java-8-openjdk-amd64/jre"/>
    <property name="basedir" value="/home/alex/Repositories/nifi/nifi-nar-bundles/nifi-standard-bundle/nifi-standard-processors"/>
    <property name="file.separator" value="/"/>
    <property name="line.separator" value="&#10;"/>
    <property name="java.vm.specification.vendor" value="Oracle Corporation"/>
    <property name="java.specification.name" value="Java Platform API Specification"/>
    <property name="derby.stream.error.file" value="target/derby.log"/>
    <property name="org.slf4j.simpleLogger.log.org.apache.nifi" value="TRACE"/>
    <property name="javax.xml.xpath.XPathFactory:http://saxon.sf.net/jaxp/xpath/om" value="net.sf.saxon.xpath.XPathFactoryImpl"/>
    <property name="java.awt.graphicsenv" value="sun.awt.X11GraphicsEnvironment"/>
    <property name="org.slf4j.simpleLogger.log.org.apache.nifi.processors.standard.SQLTransform" value="debug"/>
    <property name="java.awt.headless" value="true"/>
    <property name="org.slf4j.simpleLogger.log.nifi.processors.standard.ExecuteSQLRecord" value="debug"/>
    <property name="org.slf4j.simpleLogger.showDateTime" value="true"/>
    <property name="surefire.real.class.path" value="/home/alex/Repositories/nifi/nifi-nar-bundles/nifi-standard-bundle/nifi-standard-processors/target/surefire/surefirebooter7866820466567195306.jar"/>
    <property name="sun.boot.class.path" value="/usr/lib/jvm/java-8-openjdk-amd64/jre/lib/resources.jar:/usr/lib/jvm/java-8-openjdk-amd64/jre/lib/rt.jar:/usr/lib/jvm/java-8-openjdk-amd64/jre/lib/sunrsasign.jar:/usr/lib/jvm/java-8-openjdk-amd64/jre/lib/jsse.jar:/usr/lib/jvm/java-8-openjdk-amd64/jre/lib/jce.jar:/usr/lib/jvm/java-8-openjdk-amd64/jre/lib/charsets.jar:/usr/lib/jvm/java-8-openjdk-amd64/jre/lib/jfr.jar:/usr/lib/jvm/java-8-openjdk-amd64/jre/classes"/>
    <property name="sun.management.compiler" value="HotSpot 64-Bit Tiered Compilers"/>
    <property name="org.slf4j.simpleLogger.log.nifi.processors.standard.TestExecuteSQL" value="debug"/>
    <property name="java.runtime.version" value="1.8.0_402-8u402-ga-2ubuntu1~22.04-b06"/>
    <property name="java.net.preferIPv4Stack" value="true"/>
    <property name="user.name" value="alex"/>
    <property name="path.separator" value=":"/>
    <property name="os.version" value="6.5.0-28-generic"/>
    <property name="java.endorsed.dirs" value="/usr/lib/jvm/java-8-openjdk-amd64/jre/lib/endorsed"/>
    <property name="java.runtime.name" value="OpenJDK Runtime Environment"/>
    <property name="org.slf4j.simpleLogger.log.nifi.processors.standard.DistributeLoad" value="debug"/>
    <property name="file.encoding" value="UTF-8"/>
    <property name="org.slf4j.simpleLogger.log.org.apache.nifi.processors.standard" value="DEBUG"/>
    <property name="org.slf4j.simpleLogger.log.nifi.processors.standard.ExecuteSQL" value="debug"/>
    <property name="sun.nio.ch.bugLevel" value=""/>
    <property name="java.vm.name" value="OpenJDK 64-Bit Server VM"/>
    <property name="localRepository" value="/home/alex/.m2/repository"/>
    <property name="java.vendor.url.bug" value="http://bugreport.sun.com/bugreport/"/>
    <property name="jetty.git.hash" value="8da83308eeca865e495e53ef315a249d63ba9332"/>
    <property name="java.io.tmpdir" value="/tmp"/>
    <property name="java.version" value="1.8.0_402"/>
    <property name="user.dir" value="/home/alex/Repositories/nifi/nifi-nar-bundles/nifi-standard-bundle/nifi-standard-processors"/>
    <property name="org.slf4j.simpleLogger.log.nifi.processors.standard.TestDetectDuplicate" value="debug"/>
    <property name="os.arch" value="amd64"/>
    <property name="java.vm.specification.name" value="Java Virtual Machine Specification"/>
    <property name="java.awt.printerjob" value="sun.print.PSPrinterJob"/>
    <property name="sun.os.patch.level" value="unknown"/>
    <property name="org.slf4j.simpleLogger.defaultLogLevel" value="info"/>
    <property name="java.library.path" value="/usr/java/packages/lib/amd64:/usr/lib/x86_64-linux-gnu/jni:/lib/x86_64-linux-gnu:/usr/lib/x86_64-linux-gnu:/usr/lib/jni:/lib:/usr/lib"/>
    <property name="java.vm.info" value="mixed mode"/>
    <property name="java.vendor" value="Private Build"/>
    <property name="java.vm.version" value="25.402-b06"/>
    <property name="org.slf4j.simpleLogger.log.nifi.processors.standard.DetectDuplicate" value="debug"/>
    <property name="java.specification.maintenance.version" value="5"/>
    <property name="java.ext.dirs" value="/usr/lib/jvm/java-8-openjdk-amd64/jre/lib/ext:/usr/java/packages/lib/ext"/>
    <property name="sun.io.unicode.encoding" value="UnicodeLittle"/>
    <property name="java.class.version" value="52.0"/>
  </properties>
  <testcase name="testSeparationStrategyNotKnown" classname="org.apache.nifi.processors.standard.TestRouteText" time="0.005"/>
  <testcase name="testRelationships" classname="org.apache.nifi.processors.standard.TestRouteText" time="0.001">
    <system-err><![CDATA[[main] DEBUG org.apache.nifi.processors.standard.RouteText - RouteText[id=46915943-48d6-4fc2-98b7-0c65ff0585a6] Adding new dynamic property: PropertyDescriptor[simple]
[main] DEBUG org.apache.nifi.processors.standard.RouteText - RouteText[id=46915943-48d6-4fc2-98b7-0c65ff0585a6] Adding new dynamic property: PropertyDescriptor[simple]
]]></system-err>
  </testcase>
  <testcase name="testSimpleContainsIgnoreCase" classname="org.apache.nifi.processors.standard.TestRouteText" time="0.004">
    <system-err><![CDATA[[main] DEBUG org.apache.nifi.processors.standard.RouteText - RouteText[id=17616ed9-1ddb-4ffd-8cb6-5678752cafef] Adding new dynamic property: PropertyDescriptor[simple]
[pool-2303-thread-1] INFO org.apache.nifi.processors.standard.RouteText - RouteText[id=17616ed9-1ddb-4ffd-8cb6-5678752cafef] Created FlowFile[1,100418236189222.mockFlowFile,17B] from FlowFile[0,100418236189222.mockFlowFile,26B]; routing to relationship simple
[pool-2303-thread-1] INFO org.apache.nifi.processors.standard.RouteText - RouteText[id=17616ed9-1ddb-4ffd-8cb6-5678752cafef] Created FlowFile[2,100418236189222.mockFlowFile,9B] from FlowFile[0,100418236189222.mockFlowFile,26B]; routing to relationship unmatched
[pool-2303-thread-1] INFO org.apache.nifi.processors.standard.RouteText - RouteText[id=17616ed9-1ddb-4ffd-8cb6-5678752cafef] Routing FlowFile[0,100418236189222.mockFlowFile,26B] to original
]]></system-err>
  </testcase>
  <testcase name="testSimpleDefaultContainRegularExpression" classname="org.apache.nifi.processors.standard.TestRouteText" time="0.006">
    <system-err><![CDATA[[main] DEBUG org.apache.nifi.processors.standard.RouteText - RouteText[id=38451f34-fd27-407a-9a12-433a4548cc13] Adding new dynamic property: PropertyDescriptor[simple]
[pool-2304-thread-1] INFO org.apache.nifi.processors.standard.RouteText - RouteText[id=38451f34-fd27-407a-9a12-433a4548cc13] Created FlowFile[1,100418239802765.mockFlowFile,17B] from FlowFile[0,100418239802765.mockFlowFile,26B]; routing to relationship simple
[pool-2304-thread-1] INFO org.apache.nifi.processors.standard.RouteText - RouteText[id=38451f34-fd27-407a-9a12-433a4548cc13] Created FlowFile[2,100418239802765.mockFlowFile,9B] from FlowFile[0,100418239802765.mockFlowFile,26B]; routing to relationship unmatched
[pool-2304-thread-1] INFO org.apache.nifi.processors.standard.RouteText - RouteText[id=38451f34-fd27-407a-9a12-433a4548cc13] Routing FlowFile[0,100418239802765.mockFlowFile,26B] to original
]]></system-err>
  </testcase>
  <testcase name="testXml" classname="org.apache.nifi.processors.standard.TestRouteText" time="0.001">
    <system-err><![CDATA[[main] DEBUG org.apache.nifi.processors.standard.RouteText - RouteText[id=dd4d2265-6baa-4258-bfed-16bbe650d4bf] Adding new dynamic property: PropertyDescriptor[element]
[main] DEBUG org.apache.nifi.processors.standard.RouteText - RouteText[id=dd4d2265-6baa-4258-bfed-16bbe650d4bf] Adding new dynamic property: PropertyDescriptor[NodeType]
[main] DEBUG org.apache.nifi.processors.standard.RouteText - RouteText[id=dd4d2265-6baa-4258-bfed-16bbe650d4bf] Adding new dynamic property: PropertyDescriptor[name]
[pool-2305-thread-1] INFO org.apache.nifi.processors.standard.RouteText - RouteText[id=dd4d2265-6baa-4258-bfed-16bbe650d4bf] Created FlowFile[4,XmlBundle.xsd,37B] from FlowFile[0,XmlBundle.xsd,1664B]; routing to relationship NodeType
[pool-2305-thread-1] INFO org.apache.nifi.processors.standard.RouteText - RouteText[id=dd4d2265-6baa-4258-bfed-16bbe650d4bf] Created FlowFile[2,XmlBundle.xsd,352B] from FlowFile[0,XmlBundle.xsd,1664B]; routing to relationship element
[pool-2305-thread-1] INFO org.apache.nifi.processors.standard.RouteText - RouteText[id=dd4d2265-6baa-4258-bfed-16bbe650d4bf] Created FlowFile[3,XmlBundle.xsd,468B] from FlowFile[0,XmlBundle.xsd,1664B]; routing to relationship name
[pool-2305-thread-1] INFO org.apache.nifi.processors.standard.RouteText - RouteText[id=dd4d2265-6baa-4258-bfed-16bbe650d4bf] Created FlowFile[1,XmlBundle.xsd,1196B] from FlowFile[0,XmlBundle.xsd,1664B]; routing to relationship unmatched
[pool-2305-thread-1] INFO org.apache.nifi.processors.standard.RouteText - RouteText[id=dd4d2265-6baa-4258-bfed-16bbe650d4bf] Routing FlowFile[0,XmlBundle.xsd,1664B] to original
]]></system-err>
  </testcase>
  <testcase name="testSatisfiesExpression" classname="org.apache.nifi.processors.standard.TestRouteText" time="0.007">
    <system-err><![CDATA[[main] DEBUG org.apache.nifi.processors.standard.RouteText - RouteText[id=f4860a2f-3434-48fa-b633-4912dde8be7d] Adding new dynamic property: PropertyDescriptor[third-line]
[main] DEBUG org.apache.nifi.processors.standard.RouteText - RouteText[id=f4860a2f-3434-48fa-b633-4912dde8be7d] Adding new dynamic property: PropertyDescriptor[empty]
[main] DEBUG org.apache.nifi.processors.standard.RouteText - RouteText[id=f4860a2f-3434-48fa-b633-4912dde8be7d] Adding new dynamic property: PropertyDescriptor[second-field-you]
[pool-2306-thread-1] INFO org.apache.nifi.processors.standard.RouteText - RouteText[id=f4860a2f-3434-48fa-b633-4912dde8be7d] Created FlowFile[3,100418248395144.mockFlowFile,14B] from FlowFile[0,100418248395144.mockFlowFile,28B]; routing to relationship third-line
[pool-2306-thread-1] INFO org.apache.nifi.processors.standard.RouteText - RouteText[id=f4860a2f-3434-48fa-b633-4912dde8be7d] Created FlowFile[4,100418248395144.mockFlowFile,14B] from FlowFile[0,100418248395144.mockFlowFile,28B]; routing to relationship second-field-you
[pool-2306-thread-1] INFO org.apache.nifi.processors.standard.RouteText - RouteText[id=f4860a2f-3434-48fa-b633-4912dde8be7d] Created FlowFile[2,100418248395144.mockFlowFile,8B] from FlowFile[0,100418248395144.mockFlowFile,28B]; routing to relationship empty
[pool-2306-thread-1] INFO org.apache.nifi.processors.standard.RouteText - RouteText[id=f4860a2f-3434-48fa-b633-4912dde8be7d] Created FlowFile[1,100418248395144.mockFlowFile,6B] from FlowFile[0,100418248395144.mockFlowFile,28B]; routing to relationship unmatched
[pool-2306-thread-1] INFO org.apache.nifi.processors.standard.RouteText - RouteText[id=f4860a2f-3434-48fa-b633-4912dde8be7d] Routing FlowFile[0,100418248395144.mockFlowFile,28B] to original
]]></system-err>
  </testcase>
  <testcase name="testRouteLineToMultipleRelationships" classname="org.apache.nifi.processors.standard.TestRouteText" time="0.001">
    <system-err><![CDATA[[main] DEBUG org.apache.nifi.processors.standard.RouteText - RouteText[id=70452f3a-c497-4abd-8775-b784c2e82681] Adding new dynamic property: PropertyDescriptor[z]
[main] DEBUG org.apache.nifi.processors.standard.RouteText - RouteText[id=70452f3a-c497-4abd-8775-b784c2e82681] Adding new dynamic property: PropertyDescriptor[e]
[main] DEBUG org.apache.nifi.processors.standard.RouteText - RouteText[id=70452f3a-c497-4abd-8775-b784c2e82681] Adding new dynamic property: PropertyDescriptor[t]
[pool-2307-thread-1] INFO org.apache.nifi.processors.standard.RouteText - RouteText[id=70452f3a-c497-4abd-8775-b784c2e82681] Created FlowFile[1,100418254649617.mockFlowFile,26B] from FlowFile[0,100418254649617.mockFlowFile,26B]; routing to relationship t
[pool-2307-thread-1] INFO org.apache.nifi.processors.standard.RouteText - RouteText[id=70452f3a-c497-4abd-8775-b784c2e82681] Created FlowFile[2,100418254649617.mockFlowFile,17B] from FlowFile[0,100418254649617.mockFlowFile,26B]; routing to relationship e
[pool-2307-thread-1] INFO org.apache.nifi.processors.standard.RouteText - RouteText[id=70452f3a-c497-4abd-8775-b784c2e82681] Routing FlowFile[0,100418254649617.mockFlowFile,26B] to original
]]></system-err>
  </testcase>
  <testcase name="testSimpleAllEnds" classname="org.apache.nifi.processors.standard.TestRouteText" time="0">
    <system-err><![CDATA[[main] DEBUG org.apache.nifi.processors.standard.RouteText - RouteText[id=c091a52b-c1ce-44ab-b6cd-4915d0f15d74] Adding new dynamic property: PropertyDescriptor[second]
[main] DEBUG org.apache.nifi.processors.standard.RouteText - RouteText[id=c091a52b-c1ce-44ab-b6cd-4915d0f15d74] Adding new dynamic property: PropertyDescriptor[simple]
[pool-2308-thread-1] INFO org.apache.nifi.processors.standard.RouteText - RouteText[id=c091a52b-c1ce-44ab-b6cd-4915d0f15d74] Created FlowFile[2,100418255367936.mockFlowFile,9B] from FlowFile[0,100418255367936.mockFlowFile,26B]; routing to relationship unmatched
[pool-2308-thread-1] INFO org.apache.nifi.processors.standard.RouteText - RouteText[id=c091a52b-c1ce-44ab-b6cd-4915d0f15d74] Created FlowFile[1,100418255367936.mockFlowFile,17B] from FlowFile[0,100418255367936.mockFlowFile,26B]; routing to relationship matched
[pool-2308-thread-1] INFO org.apache.nifi.processors.standard.RouteText - RouteText[id=c091a52b-c1ce-44ab-b6cd-4915d0f15d74] Routing FlowFile[0,100418255367936.mockFlowFile,26B] to original
]]></system-err>
  </testcase>
  <testcase name="testJson" classname="org.apache.nifi.processors.standard.TestRouteText" time="0.004">
    <system-err><![CDATA[[main] DEBUG org.apache.nifi.processors.standard.RouteText - RouteText[id=cd54d0e7-5890-46f0-9473-15eac528bada] Adding new dynamic property: PropertyDescriptor[address]
[main] DEBUG org.apache.nifi.processors.standard.RouteText - RouteText[id=cd54d0e7-5890-46f0-9473-15eac528bada] Adding new dynamic property: PropertyDescriptor[greeting]
[pool-2309-thread-1] INFO org.apache.nifi.processors.standard.RouteText - RouteText[id=cd54d0e7-5890-46f0-9473-15eac528bada] Created FlowFile[2,json-sample.json,447B] from FlowFile[0,json-sample.json,12466B]; routing to relationship address
[pool-2309-thread-1] INFO org.apache.nifi.processors.standard.RouteText - RouteText[id=cd54d0e7-5890-46f0-9473-15eac528bada] Created FlowFile[3,json-sample.json,463B] from FlowFile[0,json-sample.json,12466B]; routing to relationship greeting
[pool-2309-thread-1] INFO org.apache.nifi.processors.standard.RouteText - RouteText[id=cd54d0e7-5890-46f0-9473-15eac528bada] Created FlowFile[1,json-sample.json,11556B] from FlowFile[0,json-sample.json,12466B]; routing to relationship unmatched
[pool-2309-thread-1] INFO org.apache.nifi.processors.standard.RouteText - RouteText[id=cd54d0e7-5890-46f0-9473-15eac528bada] Routing FlowFile[0,json-sample.json,12466B] to original
]]></system-err>
  </testcase>
  <testcase name="testSimpleAllMatchRegularExpression" classname="org.apache.nifi.processors.standard.TestRouteText" time="0">
    <system-err><![CDATA[[main] DEBUG org.apache.nifi.processors.standard.RouteText - RouteText[id=9719ea08-7296-49b8-9fc6-131c6984e6f3] Adding new dynamic property: PropertyDescriptor[second]
[main] DEBUG org.apache.nifi.processors.standard.RouteText - RouteText[id=9719ea08-7296-49b8-9fc6-131c6984e6f3] Adding new dynamic property: PropertyDescriptor[simple]
[pool-2310-thread-1] INFO org.apache.nifi.processors.standard.RouteText - RouteText[id=9719ea08-7296-49b8-9fc6-131c6984e6f3] Created FlowFile[2,100418260203255.mockFlowFile,9B] from FlowFile[0,100418260203255.mockFlowFile,26B]; routing to relationship unmatched
[pool-2310-thread-1] INFO org.apache.nifi.processors.standard.RouteText - RouteText[id=9719ea08-7296-49b8-9fc6-131c6984e6f3] Created FlowFile[1,100418260203255.mockFlowFile,17B] from FlowFile[0,100418260203255.mockFlowFile,26B]; routing to relationship matched
[pool-2310-thread-1] INFO org.apache.nifi.processors.standard.RouteText - RouteText[id=9719ea08-7296-49b8-9fc6-131c6984e6f3] Routing FlowFile[0,100418260203255.mockFlowFile,26B] to original
]]></system-err>
  </testcase>
  <testcase name="testSimpleAnyEnds" classname="org.apache.nifi.processors.standard.TestRouteText" time="0.001">
    <system-err><![CDATA[[main] DEBUG org.apache.nifi.processors.standard.RouteText - RouteText[id=4bd60704-4258-4905-b60e-fcfa141b255c] Adding new dynamic property: PropertyDescriptor[simple]
[main] DEBUG org.apache.nifi.processors.standard.RouteText - RouteText[id=4bd60704-4258-4905-b60e-fcfa141b255c] Adding new dynamic property: PropertyDescriptor[no]
[pool-2311-thread-1] INFO org.apache.nifi.processors.standard.RouteText - RouteText[id=4bd60704-4258-4905-b60e-fcfa141b255c] Created FlowFile[2,100418261098820.mockFlowFile,9B] from FlowFile[0,100418261098820.mockFlowFile,26B]; routing to relationship unmatched
[pool-2311-thread-1] INFO org.apache.nifi.processors.standard.RouteText - RouteText[id=4bd60704-4258-4905-b60e-fcfa141b255c] Created FlowFile[1,100418261098820.mockFlowFile,17B] from FlowFile[0,100418261098820.mockFlowFile,26B]; routing to relationship matched
[pool-2311-thread-1] INFO org.apache.nifi.processors.standard.RouteText - RouteText[id=4bd60704-4258-4905-b60e-fcfa141b255c] Routing FlowFile[0,100418261098820.mockFlowFile,26B] to original
]]></system-err>
  </testcase>
  <testcase name="testSimpleCaseInsensitiveStartsMatch" classname="org.apache.nifi.processors.standard.TestRouteText" time="0.001">
    <system-err><![CDATA[[main] DEBUG org.apache.nifi.processors.standard.RouteText - RouteText[id=50f532e0-4af3-49c4-871c-972644cfd523] Adding new dynamic property: PropertyDescriptor[simple]
[pool-2312-thread-1] INFO org.apache.nifi.processors.standard.RouteText - RouteText[id=50f532e0-4af3-49c4-871c-972644cfd523] Created FlowFile[1,100418261887998.mockFlowFile,33B] from FlowFile[0,100418261887998.mockFlowFile,33B]; routing to relationship simple
[pool-2312-thread-1] INFO org.apache.nifi.processors.standard.RouteText - RouteText[id=50f532e0-4af3-49c4-871c-972644cfd523] Routing FlowFile[0,100418261887998.mockFlowFile,33B] to original
]]></system-err>
  </testcase>
  <testcase name="testMultipleGroupsSameRelationship" classname="org.apache.nifi.processors.standard.TestRouteText" time="0.001">
    <system-err><![CDATA[[main] DEBUG org.apache.nifi.processors.standard.RouteText - RouteText[id=81442bc5-29f3-469f-8f99-3015b8e6a860] Adding new dynamic property: PropertyDescriptor[o]
[pool-2313-thread-1] INFO org.apache.nifi.processors.standard.RouteText - RouteText[id=81442bc5-29f3-469f-8f99-3015b8e6a860] Created FlowFile[2,100418262618557.mockFlowFile,10B] from FlowFile[0,100418262618557.mockFlowFile,42B]; routing to relationship o
[pool-2313-thread-1] INFO org.apache.nifi.processors.standard.RouteText - RouteText[id=81442bc5-29f3-469f-8f99-3015b8e6a860] Created FlowFile[1,100418262618557.mockFlowFile,19B] from FlowFile[0,100418262618557.mockFlowFile,42B]; routing to relationship o
[pool-2313-thread-1] INFO org.apache.nifi.processors.standard.RouteText - RouteText[id=81442bc5-29f3-469f-8f99-3015b8e6a860] Created FlowFile[3,100418262618557.mockFlowFile,13B] from FlowFile[0,100418262618557.mockFlowFile,42B]; routing to relationship o
[pool-2313-thread-1] INFO org.apache.nifi.processors.standard.RouteText - RouteText[id=81442bc5-29f3-469f-8f99-3015b8e6a860] Routing FlowFile[0,100418262618557.mockFlowFile,42B] to original
]]></system-err>
  </testcase>
  <testcase name="testSimpleAnyEquals" classname="org.apache.nifi.processors.standard.TestRouteText" time="0.001">
    <system-err><![CDATA[[main] DEBUG org.apache.nifi.processors.standard.RouteText - RouteText[id=047fcc7a-b28b-445a-9bb1-7a23616e0a48] Adding new dynamic property: PropertyDescriptor[simple]
[main] DEBUG org.apache.nifi.processors.standard.RouteText - RouteText[id=047fcc7a-b28b-445a-9bb1-7a23616e0a48] Adding new dynamic property: PropertyDescriptor[no]
[pool-2314-thread-1] INFO org.apache.nifi.processors.standard.RouteText - RouteText[id=047fcc7a-b28b-445a-9bb1-7a23616e0a48] Created FlowFile[2,100418263923723.mockFlowFile,9B] from FlowFile[0,100418263923723.mockFlowFile,26B]; routing to relationship unmatched
[pool-2314-thread-1] INFO org.apache.nifi.processors.standard.RouteText - RouteText[id=047fcc7a-b28b-445a-9bb1-7a23616e0a48] Created FlowFile[1,100418263923723.mockFlowFile,17B] from FlowFile[0,100418263923723.mockFlowFile,26B]; routing to relationship matched
[pool-2314-thread-1] INFO org.apache.nifi.processors.standard.RouteText - RouteText[id=047fcc7a-b28b-445a-9bb1-7a23616e0a48] Routing FlowFile[0,100418263923723.mockFlowFile,26B] to original
]]></system-err>
  </testcase>
  <testcase name="testSimpleAnyStarts" classname="org.apache.nifi.processors.standard.TestRouteText" time="0.001">
    <system-err><![CDATA[[main] DEBUG org.apache.nifi.processors.standard.RouteText - RouteText[id=9c1a9d75-7825-43d9-88aa-1b754f4be120] Adding new dynamic property: PropertyDescriptor[simple]
[main] DEBUG org.apache.nifi.processors.standard.RouteText - RouteText[id=9c1a9d75-7825-43d9-88aa-1b754f4be120] Adding new dynamic property: PropertyDescriptor[no]
[pool-2315-thread-1] INFO org.apache.nifi.processors.standard.RouteText - RouteText[id=9c1a9d75-7825-43d9-88aa-1b754f4be120] Created FlowFile[2,100418264717923.mockFlowFile,9B] from FlowFile[0,100418264717923.mockFlowFile,26B]; routing to relationship unmatched
[pool-2315-thread-1] INFO org.apache.nifi.processors.standard.RouteText - RouteText[id=9c1a9d75-7825-43d9-88aa-1b754f4be120] Created FlowFile[1,100418264717923.mockFlowFile,17B] from FlowFile[0,100418264717923.mockFlowFile,26B]; routing to relationship matched
[pool-2315-thread-1] INFO org.apache.nifi.processors.standard.RouteText - RouteText[id=9c1a9d75-7825-43d9-88aa-1b754f4be120] Routing FlowFile[0,100418264717923.mockFlowFile,26B] to original
]]></system-err>
  </testcase>
  <testcase name="testGroupDifferentRelationships" classname="org.apache.nifi.processors.standard.TestRouteText" time="0.001">
    <system-err><![CDATA[[main] DEBUG org.apache.nifi.processors.standard.RouteText - RouteText[id=26862f2a-a587-4ea9-98a5-cffb9b2a0463] Adding new dynamic property: PropertyDescriptor[l]
[pool-2316-thread-1] INFO org.apache.nifi.processors.standard.RouteText - RouteText[id=26862f2a-a587-4ea9-98a5-cffb9b2a0463] Created FlowFile[2,100418265864137.mockFlowFile,8B] from FlowFile[0,100418265864137.mockFlowFile,33B]; routing to relationship l
[pool-2316-thread-1] INFO org.apache.nifi.processors.standard.RouteText - RouteText[id=26862f2a-a587-4ea9-98a5-cffb9b2a0463] Created FlowFile[1,100418265864137.mockFlowFile,8B] from FlowFile[0,100418265864137.mockFlowFile,33B]; routing to relationship l
[pool-2316-thread-1] INFO org.apache.nifi.processors.standard.RouteText - RouteText[id=26862f2a-a587-4ea9-98a5-cffb9b2a0463] Created FlowFile[4,100418265864137.mockFlowFile,6B] from FlowFile[0,100418265864137.mockFlowFile,33B]; routing to relationship unmatched
[pool-2316-thread-1] INFO org.apache.nifi.processors.standard.RouteText - RouteText[id=26862f2a-a587-4ea9-98a5-cffb9b2a0463] Created FlowFile[3,100418265864137.mockFlowFile,11B] from FlowFile[0,100418265864137.mockFlowFile,33B]; routing to relationship unmatched
[pool-2316-thread-1] INFO org.apache.nifi.processors.standard.RouteText - RouteText[id=26862f2a-a587-4ea9-98a5-cffb9b2a0463] Routing FlowFile[0,100418265864137.mockFlowFile,33B] to original
]]></system-err>
  </testcase>
  <testcase name="testGroupSameRelationship" classname="org.apache.nifi.processors.standard.TestRouteText" time="0">
    <system-err><![CDATA[[main] DEBUG org.apache.nifi.processors.standard.RouteText - RouteText[id=bad39c79-0417-467d-89d3-b5cca2a6d6e8] Adding new dynamic property: PropertyDescriptor[o]
[pool-2317-thread-1] INFO org.apache.nifi.processors.standard.RouteText - RouteText[id=bad39c79-0417-467d-89d3-b5cca2a6d6e8] Created FlowFile[2,100418267172784.mockFlowFile,8B] from FlowFile[0,100418267172784.mockFlowFile,26B]; routing to relationship o
[pool-2317-thread-1] INFO org.apache.nifi.processors.standard.RouteText - RouteText[id=bad39c79-0417-467d-89d3-b5cca2a6d6e8] Created FlowFile[1,100418267172784.mockFlowFile,18B] from FlowFile[0,100418267172784.mockFlowFile,26B]; routing to relationship o
[pool-2317-thread-1] INFO org.apache.nifi.processors.standard.RouteText - RouteText[id=bad39c79-0417-467d-89d3-b5cca2a6d6e8] Routing FlowFile[0,100418267172784.mockFlowFile,26B] to original
]]></system-err>
  </testcase>
  <testcase name="testSimpleDefaultEquals" classname="org.apache.nifi.processors.standard.TestRouteText" time="0.001">
    <system-err><![CDATA[[main] DEBUG org.apache.nifi.processors.standard.RouteText - RouteText[id=c21d7b1a-b8dc-422e-a831-de4a8acdc64d] Adding new dynamic property: PropertyDescriptor[simple]
[pool-2318-thread-1] INFO org.apache.nifi.processors.standard.RouteText - RouteText[id=c21d7b1a-b8dc-422e-a831-de4a8acdc64d] Created FlowFile[1,100418268062317.mockFlowFile,17B] from FlowFile[0,100418268062317.mockFlowFile,26B]; routing to relationship simple
[pool-2318-thread-1] INFO org.apache.nifi.processors.standard.RouteText - RouteText[id=c21d7b1a-b8dc-422e-a831-de4a8acdc64d] Created FlowFile[2,100418268062317.mockFlowFile,9B] from FlowFile[0,100418268062317.mockFlowFile,26B]; routing to relationship unmatched
[pool-2318-thread-1] INFO org.apache.nifi.processors.standard.RouteText - RouteText[id=c21d7b1a-b8dc-422e-a831-de4a8acdc64d] Routing FlowFile[0,100418268062317.mockFlowFile,26B] to original
]]></system-err>
  </testcase>
  <testcase name="testSimpleDefaultEnd" classname="org.apache.nifi.processors.standard.TestRouteText" time="0.001">
    <system-err><![CDATA[[main] DEBUG org.apache.nifi.processors.standard.RouteText - RouteText[id=ec6f802f-cdd5-4d29-b27b-78e148b99757] Adding new dynamic property: PropertyDescriptor[simple]
[pool-2319-thread-1] INFO org.apache.nifi.processors.standard.RouteText - RouteText[id=ec6f802f-cdd5-4d29-b27b-78e148b99757] Created FlowFile[1,100418268747694.mockFlowFile,17B] from FlowFile[0,100418268747694.mockFlowFile,26B]; routing to relationship simple
[pool-2319-thread-1] INFO org.apache.nifi.processors.standard.RouteText - RouteText[id=ec6f802f-cdd5-4d29-b27b-78e148b99757] Created FlowFile[2,100418268747694.mockFlowFile,9B] from FlowFile[0,100418268747694.mockFlowFile,26B]; routing to relationship unmatched
[pool-2319-thread-1] INFO org.apache.nifi.processors.standard.RouteText - RouteText[id=ec6f802f-cdd5-4d29-b27b-78e148b99757] Routing FlowFile[0,100418268747694.mockFlowFile,26B] to original
]]></system-err>
  </testcase>
  <testcase name="testSimpleDefaultStarts" classname="org.apache.nifi.processors.standard.TestRouteText" time="0.001">
    <system-err><![CDATA[[main] DEBUG org.apache.nifi.processors.standard.RouteText - RouteText[id=5860c830-8266-4651-b804-1a7fb595a547] Adding new dynamic property: PropertyDescriptor[simple]
[pool-2320-thread-1] INFO org.apache.nifi.processors.standard.RouteText - RouteText[id=5860c830-8266-4651-b804-1a7fb595a547] Created FlowFile[1,100418269416086.mockFlowFile,17B] from FlowFile[0,100418269416086.mockFlowFile,26B]; routing to relationship simple
[pool-2320-thread-1] INFO org.apache.nifi.processors.standard.RouteText - RouteText[id=5860c830-8266-4651-b804-1a7fb595a547] Created FlowFile[2,100418269416086.mockFlowFile,9B] from FlowFile[0,100418269416086.mockFlowFile,26B]; routing to relationship unmatched
[pool-2320-thread-1] INFO org.apache.nifi.processors.standard.RouteText - RouteText[id=5860c830-8266-4651-b804-1a7fb595a547] Routing FlowFile[0,100418269416086.mockFlowFile,26B] to original
]]></system-err>
  </testcase>
  <testcase name="testSimpleAnyContainRegularExpression" classname="org.apache.nifi.processors.standard.TestRouteText" time="0.001">
    <system-err><![CDATA[[main] DEBUG org.apache.nifi.processors.standard.RouteText - RouteText[id=1570a728-053f-48fd-81ee-a640336e59a7] Adding new dynamic property: PropertyDescriptor[simple]
[main] DEBUG org.apache.nifi.processors.standard.RouteText - RouteText[id=1570a728-053f-48fd-81ee-a640336e59a7] Adding new dynamic property: PropertyDescriptor[no]
[pool-2321-thread-1] INFO org.apache.nifi.processors.standard.RouteText - RouteText[id=1570a728-053f-48fd-81ee-a640336e59a7] Created FlowFile[2,100418270763734.mockFlowFile,9B] from FlowFile[0,100418270763734.mockFlowFile,26B]; routing to relationship unmatched
[pool-2321-thread-1] INFO org.apache.nifi.processors.standard.RouteText - RouteText[id=1570a728-053f-48fd-81ee-a640336e59a7] Created FlowFile[1,100418270763734.mockFlowFile,17B] from FlowFile[0,100418270763734.mockFlowFile,26B]; routing to relationship matched
[pool-2321-thread-1] INFO org.apache.nifi.processors.standard.RouteText - RouteText[id=1570a728-053f-48fd-81ee-a640336e59a7] Routing FlowFile[0,100418270763734.mockFlowFile,26B] to original
]]></system-err>
  </testcase>
  <testcase name="testSimpleCaseSensitiveStartsMatch" classname="org.apache.nifi.processors.standard.TestRouteText" time="0.001">
    <system-err><![CDATA[[main] DEBUG org.apache.nifi.processors.standard.RouteText - RouteText[id=34f6579a-a962-4196-89e3-b60b9edbb835] Adding new dynamic property: PropertyDescriptor[simple]
[pool-2322-thread-1] INFO org.apache.nifi.processors.standard.RouteText - RouteText[id=34f6579a-a962-4196-89e3-b60b9edbb835] Created FlowFile[2,100418271716095.mockFlowFile,16B] from FlowFile[0,100418271716095.mockFlowFile,33B]; routing to relationship simple
[pool-2322-thread-1] INFO org.apache.nifi.processors.standard.RouteText - RouteText[id=34f6579a-a962-4196-89e3-b60b9edbb835] Created FlowFile[1,100418271716095.mockFlowFile,17B] from FlowFile[0,100418271716095.mockFlowFile,33B]; routing to relationship unmatched
[pool-2322-thread-1] INFO org.apache.nifi.processors.standard.RouteText - RouteText[id=34f6579a-a962-4196-89e3-b60b9edbb835] Routing FlowFile[0,100418271716095.mockFlowFile,33B] to original
]]></system-err>
  </testcase>
  <testcase name="testPatternCache" classname="org.apache.nifi.processors.standard.TestRouteText" time="1.091">
    <system-err><![CDATA[[main] DEBUG org.apache.nifi.processors.standard.RouteText - RouteText[id=bf0f7ccb-620f-4544-b652-03cd51d8645e] Adding new dynamic property: PropertyDescriptor[simple]
[pool-2323-thread-1] INFO org.apache.nifi.processors.standard.RouteText - RouteText[id=bf0f7ccb-620f-4544-b652-03cd51d8645e] Created FlowFile[2,100418272416309.mockFlowFile,9B] from FlowFile[0,100418272416309.mockFlowFile,9B]; routing to relationship unmatched
[pool-2323-thread-1] INFO org.apache.nifi.processors.standard.RouteText - RouteText[id=bf0f7ccb-620f-4544-b652-03cd51d8645e] Routing FlowFile[0,100418272416309.mockFlowFile,9B] to original
[pool-2323-thread-1] INFO org.apache.nifi.processors.standard.RouteText - RouteText[id=bf0f7ccb-620f-4544-b652-03cd51d8645e] Created FlowFile[3,100418272449078.mockFlowFile,15B] from FlowFile[1,100418272449078.mockFlowFile,15B]; routing to relationship unmatched
[pool-2323-thread-1] INFO org.apache.nifi.processors.standard.RouteText - RouteText[id=bf0f7ccb-620f-4544-b652-03cd51d8645e] Routing FlowFile[1,100418272449078.mockFlowFile,15B] to original
[main] DEBUG org.apache.nifi.processors.standard.RouteText - RouteText[id=bf0f7ccb-620f-4544-b652-03cd51d8645e] Adding new dynamic property: PropertyDescriptor[simple]
[pool-2324-thread-1] INFO org.apache.nifi.processors.standard.RouteText - RouteText[id=bf0f7ccb-620f-4544-b652-03cd51d8645e] Created FlowFile[5,100418274072698.mockFlowFile,21B] from FlowFile[4,100418274072698.mockFlowFile,21B]; routing to relationship simple
[pool-2324-thread-1] INFO org.apache.nifi.processors.standard.RouteText - RouteText[id=bf0f7ccb-620f-4544-b652-03cd51d8645e] Routing FlowFile[4,100418274072698.mockFlowFile,21B] to original
[main] DEBUG org.apache.nifi.processors.standard.RouteText - RouteText[id=bf0f7ccb-620f-4544-b652-03cd51d8645e] Adding new dynamic property: PropertyDescriptor[simple]
[pool-2325-thread-1] INFO org.apache.nifi.processors.standard.RouteText - RouteText[id=bf0f7ccb-620f-4544-b652-03cd51d8645e] Created FlowFile[7,100418274768023.mockFlowFile,21B] from FlowFile[6,100418274768023.mockFlowFile,21B]; routing to relationship simple
[pool-2325-thread-1] INFO org.apache.nifi.processors.standard.RouteText - RouteText[id=bf0f7ccb-620f-4544-b652-03cd51d8645e] Routing FlowFile[6,100418274768023.mockFlowFile,21B] to original
[main] DEBUG org.apache.nifi.processors.standard.RouteText - RouteText[id=bf0f7ccb-620f-4544-b652-03cd51d8645e] Adding new dynamic property: PropertyDescriptor[simple]
[pool-2326-thread-1] INFO org.apache.nifi.processors.standard.RouteText - RouteText[id=bf0f7ccb-620f-4544-b652-03cd51d8645e] Created FlowFile[9,100418275493597.mockFlowFile,21B] from FlowFile[8,100418275493597.mockFlowFile,21B]; routing to relationship simple
[pool-2326-thread-1] INFO org.apache.nifi.processors.standard.RouteText - RouteText[id=bf0f7ccb-620f-4544-b652-03cd51d8645e] Routing FlowFile[8,100418275493597.mockFlowFile,21B] to original
[main] DEBUG org.apache.nifi.processors.standard.RouteText - RouteText[id=bf0f7ccb-620f-4544-b652-03cd51d8645e] Adding new dynamic property: PropertyDescriptor[simple]
[pool-2327-thread-1] INFO org.apache.nifi.processors.standard.RouteText - RouteText[id=bf0f7ccb-620f-4544-b652-03cd51d8645e] Created FlowFile[11,100418276146785.mockFlowFile,21B] from FlowFile[10,100418276146785.mockFlowFile,21B]; routing to relationship simple
[pool-2327-thread-1] INFO org.apache.nifi.processors.standard.RouteText - RouteText[id=bf0f7ccb-620f-4544-b652-03cd51d8645e] Routing FlowFile[10,100418276146785.mockFlowFile,21B] to original
[main] DEBUG org.apache.nifi.processors.standard.RouteText - RouteText[id=bf0f7ccb-620f-4544-b652-03cd51d8645e] Adding new dynamic property: PropertyDescriptor[simple]
[pool-2328-thread-1] INFO org.apache.nifi.processors.standard.RouteText - RouteText[id=bf0f7ccb-620f-4544-b652-03cd51d8645e] Created FlowFile[13,100418276882872.mockFlowFile,21B] from FlowFile[12,100418276882872.mockFlowFile,21B]; routing to relationship simple
[pool-2328-thread-1] INFO org.apache.nifi.processors.standard.RouteText - RouteText[id=bf0f7ccb-620f-4544-b652-03cd51d8645e] Routing FlowFile[12,100418276882872.mockFlowFile,21B] to original
[main] DEBUG org.apache.nifi.processors.standard.RouteText - RouteText[id=bf0f7ccb-620f-4544-b652-03cd51d8645e] Adding new dynamic property: PropertyDescriptor[simple]
[pool-2329-thread-1] INFO org.apache.nifi.processors.standard.RouteText - RouteText[id=bf0f7ccb-620f-4544-b652-03cd51d8645e] Created FlowFile[15,100418277590112.mockFlowFile,21B] from FlowFile[14,100418277590112.mockFlowFile,21B]; routing to relationship simple
[pool-2329-thread-1] INFO org.apache.nifi.processors.standard.RouteText - RouteText[id=bf0f7ccb-620f-4544-b652-03cd51d8645e] Routing FlowFile[14,100418277590112.mockFlowFile,21B] to original
[main] DEBUG org.apache.nifi.processors.standard.RouteText - RouteText[id=bf0f7ccb-620f-4544-b652-03cd51d8645e] Adding new dynamic property: PropertyDescriptor[simple]
[pool-2330-thread-1] INFO org.apache.nifi.processors.standard.RouteText - RouteText[id=bf0f7ccb-620f-4544-b652-03cd51d8645e] Created FlowFile[17,100418278307480.mockFlowFile,21B] from FlowFile[16,100418278307480.mockFlowFile,21B]; routing to relationship simple
[pool-2330-thread-1] INFO org.apache.nifi.processors.standard.RouteText - RouteText[id=bf0f7ccb-620f-4544-b652-03cd51d8645e] Routing FlowFile[16,100418278307480.mockFlowFile,21B] to original
[main] DEBUG org.apache.nifi.processors.standard.RouteText - RouteText[id=bf0f7ccb-620f-4544-b652-03cd51d8645e] Adding new dynamic property: PropertyDescriptor[simple]
[pool-2331-thread-1] INFO org.apache.nifi.processors.standard.RouteText - RouteText[id=bf0f7ccb-620f-4544-b652-03cd51d8645e] Created FlowFile[19,100418278922672.mockFlowFile,21B] from FlowFile[18,100418278922672.mockFlowFile,21B]; routing to relationship simple
[pool-2331-thread-1] INFO org.apache.nifi.processors.standard.RouteText - RouteText[id=bf0f7ccb-620f-4544-b652-03cd51d8645e] Routing FlowFile[18,100418278922672.mockFlowFile,21B] to original
[main] DEBUG org.apache.nifi.processors.standard.RouteText - RouteText[id=bf0f7ccb-620f-4544-b652-03cd51d8645e] Adding new dynamic property: PropertyDescriptor[simple]
[pool-2332-thread-1] INFO org.apache.nifi.processors.standard.RouteText - RouteText[id=bf0f7ccb-620f-4544-b652-03cd51d8645e] Created FlowFile[21,100418279626991.mockFlowFile,21B] from FlowFile[20,100418279626991.mockFlowFile,21B]; routing to relationship simple
[pool-2332-thread-1] INFO org.apache.nifi.processors.standard.RouteText - RouteText[id=bf0f7ccb-620f-4544-b652-03cd51d8645e] Routing FlowFile[20,100418279626991.mockFlowFile,21B] to original
[main] DEBUG org.apache.nifi.processors.standard.RouteText - RouteText[id=bf0f7ccb-620f-4544-b652-03cd51d8645e] Adding new dynamic property: PropertyDescriptor[simple]
[pool-2333-thread-1] INFO org.apache.nifi.processors.standard.RouteText - RouteText[id=bf0f7ccb-620f-4544-b652-03cd51d8645e] Created FlowFile[23,100418280201653.mockFlowFile,21B] from FlowFile[22,100418280201653.mockFlowFile,21B]; routing to relationship simple
[pool-2333-thread-1] INFO org.apache.nifi.processors.standard.RouteText - RouteText[id=bf0f7ccb-620f-4544-b652-03cd51d8645e] Routing FlowFile[22,100418280201653.mockFlowFile,21B] to original
[main] DEBUG org.apache.nifi.processors.standard.RouteText - RouteText[id=bf0f7ccb-620f-4544-b652-03cd51d8645e] Adding new dynamic property: PropertyDescriptor[simple]
[pool-2334-thread-1] INFO org.apache.nifi.processors.standard.RouteText - RouteText[id=bf0f7ccb-620f-4544-b652-03cd51d8645e] Created FlowFile[25,100418280921081.mockFlowFile,22B] from FlowFile[24,100418280921081.mockFlowFile,22B]; routing to relationship simple
[pool-2334-thread-1] INFO org.apache.nifi.processors.standard.RouteText - RouteText[id=bf0f7ccb-620f-4544-b652-03cd51d8645e] Routing FlowFile[24,100418280921081.mockFlowFile,22B] to original
[main] DEBUG org.apache.nifi.processors.standard.RouteText - RouteText[id=bf0f7ccb-620f-4544-b652-03cd51d8645e] Adding new dynamic property: PropertyDescriptor[simple]
[pool-2335-thread-1] INFO org.apache.nifi.processors.standard.RouteText - RouteText[id=bf0f7ccb-620f-4544-b652-03cd51d8645e] Created FlowFile[27,100418281687906.mockFlowFile,22B] from FlowFile[26,100418281687906.mockFlowFile,22B]; routing to relationship simple
[pool-2335-thread-1] INFO org.apache.nifi.processors.standard.RouteText - RouteText[id=bf0f7ccb-620f-4544-b652-03cd51d8645e] Routing FlowFile[26,100418281687906.mockFlowFile,22B] to original
[main] DEBUG org.apache.nifi.processors.standard.RouteText - RouteText[id=bf0f7ccb-620f-4544-b652-03cd51d8645e] Adding new dynamic property: PropertyDescriptor[simple]
[pool-2336-thread-1] INFO org.apache.nifi.processors.standard.RouteText - RouteText[id=bf0f7ccb-620f-4544-b652-03cd51d8645e] Created FlowFile[29,100418282465594.mockFlowFile,22B] from FlowFile[28,100418282465594.mockFlowFile,22B]; routing to relationship simple
[pool-2336-thread-1] INFO org.apache.nifi.processors.standard.RouteText - RouteText[id=bf0f7ccb-620f-4544-b652-03cd51d8645e] Routing FlowFile[28,100418282465594.mockFlowFile,22B] to original
[main] DEBUG org.apache.nifi.processors.standard.RouteText - RouteText[id=bf0f7ccb-620f-4544-b652-03cd51d8645e] Adding new dynamic property: PropertyDescriptor[simple]
[pool-2337-thread-1] INFO org.apache.nifi.processors.standard.RouteText - RouteText[id=bf0f7ccb-620f-4544-b652-03cd51d8645e] Created FlowFile[31,100418283183976.mockFlowFile,22B] from FlowFile[30,100418283183976.mockFlowFile,22B]; routing to relationship simple
[pool-2337-thread-1] INFO org.apache.nifi.processors.standard.RouteText - RouteText[id=bf0f7ccb-620f-4544-b652-03cd51d8645e] Routing FlowFile[30,100418283183976.mockFlowFile,22B] to original
[main] DEBUG org.apache.nifi.processors.standard.RouteText - RouteText[id=bf0f7ccb-620f-4544-b652-03cd51d8645e] Adding new dynamic property: PropertyDescriptor[simple]
[pool-2338-thread-1] INFO org.apache.nifi.processors.standard.RouteText - RouteText[id=bf0f7ccb-620f-4544-b652-03cd51d8645e] Created FlowFile[33,100418284173713.mockFlowFile,22B] from FlowFile[32,100418284173713.mockFlowFile,22B]; routing to relationship simple
[pool-2338-thread-1] INFO org.apache.nifi.processors.standard.RouteText - RouteText[id=bf0f7ccb-620f-4544-b652-03cd51d8645e] Routing FlowFile[32,100418284173713.mockFlowFile,22B] to original
[main] DEBUG org.apache.nifi.processors.standard.RouteText - RouteText[id=bf0f7ccb-620f-4544-b652-03cd51d8645e] Adding new dynamic property: PropertyDescriptor[simple]
[pool-2339-thread-1] INFO org.apache.nifi.processors.standard.RouteText - RouteText[id=bf0f7ccb-620f-4544-b652-03cd51d8645e] Created FlowFile[35,100418284826204.mockFlowFile,22B] from FlowFile[34,100418284826204.mockFlowFile,22B]; routing to relationship simple
[pool-2339-thread-1] INFO org.apache.nifi.processors.standard.RouteText - RouteText[id=bf0f7ccb-620f-4544-b652-03cd51d8645e] Routing FlowFile[34,100418284826204.mockFlowFile,22B] to original
[main] DEBUG org.apache.nifi.processors.standard.RouteText - RouteText[id=bf0f7ccb-620f-4544-b652-03cd51d8645e] Adding new dynamic property: PropertyDescriptor[simple]
[pool-2340-thread-1] INFO org.apache.nifi.processors.standard.RouteText - RouteText[id=bf0f7ccb-620f-4544-b652-03cd51d8645e] Created FlowFile[37,100418285369582.mockFlowFile,22B] from FlowFile[36,100418285369582.mockFlowFile,22B]; routing to relationship simple
[pool-2340-thread-1] INFO org.apache.nifi.processors.standard.RouteText - RouteText[id=bf0f7ccb-620f-4544-b652-03cd51d8645e] Routing FlowFile[36,100418285369582.mockFlowFile,22B] to original
[main] DEBUG org.apache.nifi.processors.standard.RouteText - RouteText[id=bf0f7ccb-620f-4544-b652-03cd51d8645e] Adding new dynamic property: PropertyDescriptor[simple]
[pool-2341-thread-1] INFO org.apache.nifi.processors.standard.RouteText - RouteText[id=bf0f7ccb-620f-4544-b652-03cd51d8645e] Created FlowFile[39,100418285899361.mockFlowFile,22B] from FlowFile[38,100418285899361.mockFlowFile,22B]; routing to relationship simple
[pool-2341-thread-1] INFO org.apache.nifi.processors.standard.RouteText - RouteText[id=bf0f7ccb-620f-4544-b652-03cd51d8645e] Routing FlowFile[38,100418285899361.mockFlowFile,22B] to original
[main] DEBUG org.apache.nifi.processors.standard.RouteText - RouteText[id=bf0f7ccb-620f-4544-b652-03cd51d8645e] Adding new dynamic property: PropertyDescriptor[simple]
[pool-2342-thread-1] INFO org.apache.nifi.processors.standard.RouteText - RouteText[id=bf0f7ccb-620f-4544-b652-03cd51d8645e] Created FlowFile[41,100418286268452.mockFlowFile,22B] from FlowFile[40,100418286268452.mockFlowFile,22B]; routing to relationship simple
[pool-2342-thread-1] INFO org.apache.nifi.processors.standard.RouteText - RouteText[id=bf0f7ccb-620f-4544-b652-03cd51d8645e] Routing FlowFile[40,100418286268452.mockFlowFile,22B] to original
[main] DEBUG org.apache.nifi.processors.standard.RouteText - RouteText[id=bf0f7ccb-620f-4544-b652-03cd51d8645e] Adding new dynamic property: PropertyDescriptor[simple]
[pool-2343-thread-1] INFO org.apache.nifi.processors.standard.RouteText - RouteText[id=bf0f7ccb-620f-4544-b652-03cd51d8645e] Created FlowFile[43,100418286871207.mockFlowFile,22B] from FlowFile[42,100418286871207.mockFlowFile,22B]; routing to relationship simple
[pool-2343-thread-1] INFO org.apache.nifi.processors.standard.RouteText - RouteText[id=bf0f7ccb-620f-4544-b652-03cd51d8645e] Routing FlowFile[42,100418286871207.mockFlowFile,22B] to original
[main] DEBUG org.apache.nifi.processors.standard.RouteText - RouteText[id=bf0f7ccb-620f-4544-b652-03cd51d8645e] Adding new dynamic property: PropertyDescriptor[simple]
[pool-2344-thread-1] INFO org.apache.nifi.processors.standard.RouteText - RouteText[id=bf0f7ccb-620f-4544-b652-03cd51d8645e] Created FlowFile[45,100418287511542.mockFlowFile,22B] from FlowFile[44,100418287511542.mockFlowFile,22B]; routing to relationship simple
[pool-2344-thread-1] INFO org.apache.nifi.processors.standard.RouteText - RouteText[id=bf0f7ccb-620f-4544-b652-03cd51d8645e] Routing FlowFile[44,100418287511542.mockFlowFile,22B] to original
[main] DEBUG org.apache.nifi.processors.standard.RouteText - RouteText[id=bf0f7ccb-620f-4544-b652-03cd51d8645e] Adding new dynamic property: PropertyDescriptor[simple]
[pool-2345-thread-1] INFO org.apache.nifi.processors.standard.RouteText - RouteText[id=bf0f7ccb-620f-4544-b652-03cd51d8645e] Created FlowFile[47,100418288160233.mockFlowFile,22B] from FlowFile[46,100418288160233.mockFlowFile,22B]; routing to relationship simple
[pool-2345-thread-1] INFO org.apache.nifi.processors.standard.RouteText - RouteText[id=bf0f7ccb-620f-4544-b652-03cd51d8645e] Routing FlowFile[46,100418288160233.mockFlowFile,22B] to original
[main] DEBUG org.apache.nifi.processors.standard.RouteText - RouteText[id=bf0f7ccb-620f-4544-b652-03cd51d8645e] Adding new dynamic property: PropertyDescriptor[simple]
[pool-2346-thread-1] INFO org.apache.nifi.processors.standard.RouteText - RouteText[id=bf0f7ccb-620f-4544-b652-03cd51d8645e] Created FlowFile[49,100418288792771.mockFlowFile,22B] from FlowFile[48,100418288792771.mockFlowFile,22B]; routing to relationship simple
[pool-2346-thread-1] INFO org.apache.nifi.processors.standard.RouteText - RouteText[id=bf0f7ccb-620f-4544-b652-03cd51d8645e] Routing FlowFile[48,100418288792771.mockFlowFile,22B] to original
[main] DEBUG org.apache.nifi.processors.standard.RouteText - RouteText[id=bf0f7ccb-620f-4544-b652-03cd51d8645e] Adding new dynamic property: PropertyDescriptor[simple]
[pool-2347-thread-1] INFO org.apache.nifi.processors.standard.RouteText - RouteText[id=bf0f7ccb-620f-4544-b652-03cd51d8645e] Created FlowFile[51,100418289342294.mockFlowFile,22B] from FlowFile[50,100418289342294.mockFlowFile,22B]; routing to relationship simple
[pool-2347-thread-1] INFO org.apache.nifi.processors.standard.RouteText - RouteText[id=bf0f7ccb-620f-4544-b652-03cd51d8645e] Routing FlowFile[50,100418289342294.mockFlowFile,22B] to original
[main] DEBUG org.apache.nifi.processors.standard.RouteText - RouteText[id=bf0f7ccb-620f-4544-b652-03cd51d8645e] Adding new dynamic property: PropertyDescriptor[simple]
[pool-2348-thread-1] INFO org.apache.nifi.processors.standard.RouteText - RouteText[id=bf0f7ccb-620f-4544-b652-03cd51d8645e] Created FlowFile[53,100418289849049.mockFlowFile,22B] from FlowFile[52,100418289849049.mockFlowFile,22B]; routing to relationship simple
[pool-2348-thread-1] INFO org.apache.nifi.processors.standard.RouteText - RouteText[id=bf0f7ccb-620f-4544-b652-03cd51d8645e] Routing FlowFile[52,100418289849049.mockFlowFile,22B] to original
[main] DEBUG org.apache.nifi.processors.standard.RouteText - RouteText[id=bf0f7ccb-620f-4544-b652-03cd51d8645e] Adding new dynamic property: PropertyDescriptor[simple]
[pool-2349-thread-1] INFO org.apache.nifi.processors.standard.RouteText - RouteText[id=bf0f7ccb-620f-4544-b652-03cd51d8645e] Created FlowFile[55,100418290232333.mockFlowFile,22B] from FlowFile[54,100418290232333.mockFlowFile,22B]; routing to relationship simple
[pool-2349-thread-1] INFO org.apache.nifi.processors.standard.RouteText - RouteText[id=bf0f7ccb-620f-4544-b652-03cd51d8645e] Routing FlowFile[54,100418290232333.mockFlowFile,22B] to original
[main] DEBUG org.apache.nifi.processors.standard.RouteText - RouteText[id=bf0f7ccb-620f-4544-b652-03cd51d8645e] Adding new dynamic property: PropertyDescriptor[simple]
[pool-2350-thread-1] INFO org.apache.nifi.processors.standard.RouteText - RouteText[id=bf0f7ccb-620f-4544-b652-03cd51d8645e] Created FlowFile[57,100418290581375.mockFlowFile,22B] from FlowFile[56,100418290581375.mockFlowFile,22B]; routing to relationship simple
[pool-2350-thread-1] INFO org.apache.nifi.processors.standard.RouteText - RouteText[id=bf0f7ccb-620f-4544-b652-03cd51d8645e] Routing FlowFile[56,100418290581375.mockFlowFile,22B] to original
[main] DEBUG org.apache.nifi.processors.standard.RouteText - RouteText[id=bf0f7ccb-620f-4544-b652-03cd51d8645e] Adding new dynamic property: PropertyDescriptor[simple]
[pool-2351-thread-1] INFO org.apache.nifi.processors.standard.RouteText - RouteText[id=bf0f7ccb-620f-4544-b652-03cd51d8645e] Created FlowFile[59,100418290940012.mockFlowFile,22B] from FlowFile[58,100418290940012.mockFlowFile,22B]; routing to relationship simple
[pool-2351-thread-1] INFO org.apache.nifi.processors.standard.RouteText - RouteText[id=bf0f7ccb-620f-4544-b652-03cd51d8645e] Routing FlowFile[58,100418290940012.mockFlowFile,22B] to original
[main] DEBUG org.apache.nifi.processors.standard.RouteText - RouteText[id=bf0f7ccb-620f-4544-b652-03cd51d8645e] Adding new dynamic property: PropertyDescriptor[simple]
[pool-2352-thread-1] INFO org.apache.nifi.processors.standard.RouteText - RouteText[id=bf0f7ccb-620f-4544-b652-03cd51d8645e] Created FlowFile[61,100418291402463.mockFlowFile,22B] from FlowFile[60,100418291402463.mockFlowFile,22B]; routing to relationship simple
[pool-2352-thread-1] INFO org.apache.nifi.processors.standard.RouteText - RouteText[id=bf0f7ccb-620f-4544-b652-03cd51d8645e] Routing FlowFile[60,100418291402463.mockFlowFile,22B] to original
[main] DEBUG org.apache.nifi.processors.standard.RouteText - RouteText[id=bf0f7ccb-620f-4544-b652-03cd51d8645e] Adding new dynamic property: PropertyDescriptor[simple]
[pool-2353-thread-1] INFO org.apache.nifi.processors.standard.RouteText - RouteText[id=bf0f7ccb-620f-4544-b652-03cd51d8645e] Created FlowFile[63,100418291952387.mockFlowFile,22B] from FlowFile[62,100418291952387.mockFlowFile,22B]; routing to relationship simple
[pool-2353-thread-1] INFO org.apache.nifi.processors.standard.RouteText - RouteText[id=bf0f7ccb-620f-4544-b652-03cd51d8645e] Routing FlowFile[62,100418291952387.mockFlowFile,22B] to original
[main] DEBUG org.apache.nifi.processors.standard.RouteText - RouteText[id=bf0f7ccb-620f-4544-b652-03cd51d8645e] Adding new dynamic property: PropertyDescriptor[simple]
[pool-2354-thread-1] INFO org.apache.nifi.processors.standard.RouteText - RouteText[id=bf0f7ccb-620f-4544-b652-03cd51d8645e] Created FlowFile[65,100418292536883.mockFlowFile,22B] from FlowFile[64,100418292536883.mockFlowFile,22B]; routing to relationship simple
[pool-2354-thread-1] INFO org.apache.nifi.processors.standard.RouteText - RouteText[id=bf0f7ccb-620f-4544-b652-03cd51d8645e] Routing FlowFile[64,100418292536883.mockFlowFile,22B] to original
[main] DEBUG org.apache.nifi.processors.standard.RouteText - RouteText[id=bf0f7ccb-620f-4544-b652-03cd51d8645e] Adding new dynamic property: PropertyDescriptor[simple]
[pool-2355-thread-1] INFO org.apache.nifi.processors.standard.RouteText - RouteText[id=bf0f7ccb-620f-4544-b652-03cd51d8645e] Created FlowFile[67,100418293084384.mockFlowFile,22B] from FlowFile[66,100418293084384.mockFlowFile,22B]; routing to relationship simple
[pool-2355-thread-1] INFO org.apache.nifi.processors.standard.RouteText - RouteText[id=bf0f7ccb-620f-4544-b652-03cd51d8645e] Routing FlowFile[66,100418293084384.mockFlowFile,22B] to original
[main] DEBUG org.apache.nifi.processors.standard.RouteText - RouteText[id=bf0f7ccb-620f-4544-b652-03cd51d8645e] Adding new dynamic property: PropertyDescriptor[simple]
[pool-2356-thread-1] INFO org.apache.nifi.processors.standard.RouteText - RouteText[id=bf0f7ccb-620f-4544-b652-03cd51d8645e] Created FlowFile[69,100418293623437.mockFlowFile,22B] from FlowFile[68,100418293623437.mockFlowFile,22B]; routing to relationship simple
[pool-2356-thread-1] INFO org.apache.nifi.processors.standard.RouteText - RouteText[id=bf0f7ccb-620f-4544-b652-03cd51d8645e] Routing FlowFile[68,100418293623437.mockFlowFile,22B] to original
[main] DEBUG org.apache.nifi.processors.standard.RouteText - RouteText[id=bf0f7ccb-620f-4544-b652-03cd51d8645e] Adding new dynamic property: PropertyDescriptor[simple]
[pool-2357-thread-1] INFO org.apache.nifi.processors.standard.RouteText - RouteText[id=bf0f7ccb-620f-4544-b652-03cd51d8645e] Created FlowFile[71,100418294143755.mockFlowFile,22B] from FlowFile[70,100418294143755.mockFlowFile,22B]; routing to relationship simple
[pool-2357-thread-1] INFO org.apache.nifi.processors.standard.RouteText - RouteText[id=bf0f7ccb-620f-4544-b652-03cd51d8645e] Routing FlowFile[70,100418294143755.mockFlowFile,22B] to original
[main] DEBUG org.apache.nifi.processors.standard.RouteText - RouteText[id=bf0f7ccb-620f-4544-b652-03cd51d8645e] Adding new dynamic property: PropertyDescriptor[simple]
[pool-2358-thread-1] INFO org.apache.nifi.processors.standard.RouteText - RouteText[id=bf0f7ccb-620f-4544-b652-03cd51d8645e] Created FlowFile[73,100418294663618.mockFlowFile,22B] from FlowFile[72,100418294663618.mockFlowFile,22B]; routing to relationship simple
[pool-2358-thread-1] INFO org.apache.nifi.processors.standard.RouteText - RouteText[id=bf0f7ccb-620f-4544-b652-03cd51d8645e] Routing FlowFile[72,100418294663618.mockFlowFile,22B] to original
[main] DEBUG org.apache.nifi.processors.standard.RouteText - RouteText[id=bf0f7ccb-620f-4544-b652-03cd51d8645e] Adding new dynamic property: PropertyDescriptor[simple]
[pool-2359-thread-1] INFO org.apache.nifi.processors.standard.RouteText - RouteText[id=bf0f7ccb-620f-4544-b652-03cd51d8645e] Created FlowFile[75,100418295117050.mockFlowFile,22B] from FlowFile[74,100418295117050.mockFlowFile,22B]; routing to relationship simple
[pool-2359-thread-1] INFO org.apache.nifi.processors.standard.RouteText - RouteText[id=bf0f7ccb-620f-4544-b652-03cd51d8645e] Routing FlowFile[74,100418295117050.mockFlowFile,22B] to original
[main] DEBUG org.apache.nifi.processors.standard.RouteText - RouteText[id=bf0f7ccb-620f-4544-b652-03cd51d8645e] Adding new dynamic property: PropertyDescriptor[simple]
[pool-2360-thread-1] INFO org.apache.nifi.processors.standard.RouteText - RouteText[id=bf0f7ccb-620f-4544-b652-03cd51d8645e] Created FlowFile[77,100418295727747.mockFlowFile,22B] from FlowFile[76,100418295727747.mockFlowFile,22B]; routing to relationship simple
[pool-2360-thread-1] INFO org.apache.nifi.processors.standard.RouteText - RouteText[id=bf0f7ccb-620f-4544-b652-03cd51d8645e] Routing FlowFile[76,100418295727747.mockFlowFile,22B] to original
[main] DEBUG org.apache.nifi.processors.standard.RouteText - RouteText[id=bf0f7ccb-620f-4544-b652-03cd51d8645e] Adding new dynamic property: PropertyDescriptor[simple]
[pool-2361-thread-1] INFO org.apache.nifi.processors.standard.RouteText - RouteText[id=bf0f7ccb-620f-4544-b652-03cd51d8645e] Created FlowFile[79,100418296346428.mockFlowFile,22B] from FlowFile[78,100418296346428.mockFlowFile,22B]; routing to relationship simple
[pool-2361-thread-1] INFO org.apache.nifi.processors.standard.RouteText - RouteText[id=bf0f7ccb-620f-4544-b652-03cd51d8645e] Routing FlowFile[78,100418296346428.mockFlowFile,22B] to original
[main] DEBUG org.apache.nifi.processors.standard.RouteText - RouteText[id=bf0f7ccb-620f-4544-b652-03cd51d8645e] Adding new dynamic property: PropertyDescriptor[simple]
[pool-2362-thread-1] INFO org.apache.nifi.processors.standard.RouteText - RouteText[id=bf0f7ccb-620f-4544-b652-03cd51d8645e] Created FlowFile[81,100418296979117.mockFlowFile,22B] from FlowFile[80,100418296979117.mockFlowFile,22B]; routing to relationship simple
[pool-2362-thread-1] INFO org.apache.nifi.processors.standard.RouteText - RouteText[id=bf0f7ccb-620f-4544-b652-03cd51d8645e] Routing FlowFile[80,100418296979117.mockFlowFile,22B] to original
[main] DEBUG org.apache.nifi.processors.standard.RouteText - RouteText[id=bf0f7ccb-620f-4544-b652-03cd51d8645e] Adding new dynamic property: PropertyDescriptor[simple]
[pool-2363-thread-1] INFO org.apache.nifi.processors.standard.RouteText - RouteText[id=bf0f7ccb-620f-4544-b652-03cd51d8645e] Created FlowFile[83,100418297597208.mockFlowFile,22B] from FlowFile[82,100418297597208.mockFlowFile,22B]; routing to relationship simple
[pool-2363-thread-1] INFO org.apache.nifi.processors.standard.RouteText - RouteText[id=bf0f7ccb-620f-4544-b652-03cd51d8645e] Routing FlowFile[82,100418297597208.mockFlowFile,22B] to original
[main] DEBUG org.apache.nifi.processors.standard.RouteText - RouteText[id=bf0f7ccb-620f-4544-b652-03cd51d8645e] Adding new dynamic property: PropertyDescriptor[simple]
[pool-2364-thread-1] INFO org.apache.nifi.processors.standard.RouteText - RouteText[id=bf0f7ccb-620f-4544-b652-03cd51d8645e] Created FlowFile[85,100418298177128.mockFlowFile,22B] from FlowFile[84,100418298177128.mockFlowFile,22B]; routing to relationship simple
[pool-2364-thread-1] INFO org.apache.nifi.processors.standard.RouteText - RouteText[id=bf0f7ccb-620f-4544-b652-03cd51d8645e] Routing FlowFile[84,100418298177128.mockFlowFile,22B] to original
[main] DEBUG org.apache.nifi.processors.standard.RouteText - RouteText[id=bf0f7ccb-620f-4544-b652-03cd51d8645e] Adding new dynamic property: PropertyDescriptor[simple]
[pool-2365-thread-1] INFO org.apache.nifi.processors.standard.RouteText - RouteText[id=bf0f7ccb-620f-4544-b652-03cd51d8645e] Created FlowFile[87,100418298734428.mockFlowFile,22B] from FlowFile[86,100418298734428.mockFlowFile,22B]; routing to relationship simple
[pool-2365-thread-1] INFO org.apache.nifi.processors.standard.RouteText - RouteText[id=bf0f7ccb-620f-4544-b652-03cd51d8645e] Routing FlowFile[86,100418298734428.mockFlowFile,22B] to original
[main] DEBUG org.apache.nifi.processors.standard.RouteText - RouteText[id=bf0f7ccb-620f-4544-b652-03cd51d8645e] Adding new dynamic property: PropertyDescriptor[simple]
[pool-2366-thread-1] INFO org.apache.nifi.processors.standard.RouteText - RouteText[id=bf0f7ccb-620f-4544-b652-03cd51d8645e] Created FlowFile[89,100418299342958.mockFlowFile,22B] from FlowFile[88,100418299342958.mockFlowFile,22B]; routing to relationship simple
[pool-2366-thread-1] INFO org.apache.nifi.processors.standard.RouteText - RouteText[id=bf0f7ccb-620f-4544-b652-03cd51d8645e] Routing FlowFile[88,100418299342958.mockFlowFile,22B] to original
[main] DEBUG org.apache.nifi.processors.standard.RouteText - RouteText[id=bf0f7ccb-620f-4544-b652-03cd51d8645e] Adding new dynamic property: PropertyDescriptor[simple]
[pool-2367-thread-1] INFO org.apache.nifi.processors.standard.RouteText - RouteText[id=bf0f7ccb-620f-4544-b652-03cd51d8645e] Created FlowFile[91,100418299969385.mockFlowFile,22B] from FlowFile[90,100418299969385.mockFlowFile,22B]; routing to relationship simple
[pool-2367-thread-1] INFO org.apache.nifi.processors.standard.RouteText - RouteText[id=bf0f7ccb-620f-4544-b652-03cd51d8645e] Routing FlowFile[90,100418299969385.mockFlowFile,22B] to original
[main] DEBUG org.apache.nifi.processors.standard.RouteText - RouteText[id=bf0f7ccb-620f-4544-b652-03cd51d8645e] Adding new dynamic property: PropertyDescriptor[simple]
[pool-2368-thread-1] INFO org.apache.nifi.processors.standard.RouteText - RouteText[id=bf0f7ccb-620f-4544-b652-03cd51d8645e] Created FlowFile[93,100418300665542.mockFlowFile,22B] from FlowFile[92,100418300665542.mockFlowFile,22B]; routing to relationship simple
[pool-2368-thread-1] INFO org.apache.nifi.processors.standard.RouteText - RouteText[id=bf0f7ccb-620f-4544-b652-03cd51d8645e] Routing FlowFile[92,100418300665542.mockFlowFile,22B] to original
[main] DEBUG org.apache.nifi.processors.standard.RouteText - RouteText[id=bf0f7ccb-620f-4544-b652-03cd51d8645e] Adding new dynamic property: PropertyDescriptor[simple]
[pool-2369-thread-1] INFO org.apache.nifi.processors.standard.RouteText - RouteText[id=bf0f7ccb-620f-4544-b652-03cd51d8645e] Created FlowFile[95,100418301357322.mockFlowFile,22B] from FlowFile[94,100418301357322.mockFlowFile,22B]; routing to relationship simple
[pool-2369-thread-1] INFO org.apache.nifi.processors.standard.RouteText - RouteText[id=bf0f7ccb-620f-4544-b652-03cd51d8645e] Routing FlowFile[94,100418301357322.mockFlowFile,22B] to original
[main] DEBUG org.apache.nifi.processors.standard.RouteText - RouteText[id=bf0f7ccb-620f-4544-b652-03cd51d8645e] Adding new dynamic property: PropertyDescriptor[simple]
[pool-2370-thread-1] INFO org.apache.nifi.processors.standard.RouteText - RouteText[id=bf0f7ccb-620f-4544-b652-03cd51d8645e] Created FlowFile[97,100418301966810.mockFlowFile,22B] from FlowFile[96,100418301966810.mockFlowFile,22B]; routing to relationship simple
[pool-2370-thread-1] INFO org.apache.nifi.processors.standard.RouteText - RouteText[id=bf0f7ccb-620f-4544-b652-03cd51d8645e] Routing FlowFile[96,100418301966810.mockFlowFile,22B] to original
[main] DEBUG org.apache.nifi.processors.standard.RouteText - RouteText[id=bf0f7ccb-620f-4544-b652-03cd51d8645e] Adding new dynamic property: PropertyDescriptor[simple]
[pool-2371-thread-1] INFO org.apache.nifi.processors.standard.RouteText - RouteText[id=bf0f7ccb-620f-4544-b652-03cd51d8645e] Created FlowFile[99,100418302553090.mockFlowFile,22B] from FlowFile[98,100418302553090.mockFlowFile,22B]; routing to relationship simple
[pool-2371-thread-1] INFO org.apache.nifi.processors.standard.RouteText - RouteText[id=bf0f7ccb-620f-4544-b652-03cd51d8645e] Routing FlowFile[98,100418302553090.mockFlowFile,22B] to original
[main] DEBUG org.apache.nifi.processors.standard.RouteText - RouteText[id=bf0f7ccb-620f-4544-b652-03cd51d8645e] Adding new dynamic property: PropertyDescriptor[simple]
[pool-2372-thread-1] INFO org.apache.nifi.processors.standard.RouteText - RouteText[id=bf0f7ccb-620f-4544-b652-03cd51d8645e] Created FlowFile[101,100418303076888.mockFlowFile,22B] from FlowFile[100,100418303076888.mockFlowFile,22B]; routing to relationship simple
[pool-2372-thread-1] INFO org.apache.nifi.processors.standard.RouteText - RouteText[id=bf0f7ccb-620f-4544-b652-03cd51d8645e] Routing FlowFile[100,100418303076888.mockFlowFile,22B] to original
[main] DEBUG org.apache.nifi.processors.standard.RouteText - RouteText[id=bf0f7ccb-620f-4544-b652-03cd51d8645e] Adding new dynamic property: PropertyDescriptor[simple]
[pool-2373-thread-1] INFO org.apache.nifi.processors.standard.RouteText - RouteText[id=bf0f7ccb-620f-4544-b652-03cd51d8645e] Created FlowFile[103,100418303750985.mockFlowFile,22B] from FlowFile[102,100418303750985.mockFlowFile,22B]; routing to relationship simple
[pool-2373-thread-1] INFO org.apache.nifi.processors.standard.RouteText - RouteText[id=bf0f7ccb-620f-4544-b652-03cd51d8645e] Routing FlowFile[102,100418303750985.mockFlowFile,22B] to original
[main] DEBUG org.apache.nifi.processors.standard.RouteText - RouteText[id=bf0f7ccb-620f-4544-b652-03cd51d8645e] Adding new dynamic property: PropertyDescriptor[simple]
[pool-2374-thread-1] INFO org.apache.nifi.processors.standard.RouteText - RouteText[id=bf0f7ccb-620f-4544-b652-03cd51d8645e] Created FlowFile[105,100418304507571.mockFlowFile,22B] from FlowFile[104,100418304507571.mockFlowFile,22B]; routing to relationship simple
[pool-2374-thread-1] INFO org.apache.nifi.processors.standard.RouteText - RouteText[id=bf0f7ccb-620f-4544-b652-03cd51d8645e] Routing FlowFile[104,100418304507571.mockFlowFile,22B] to original
[main] DEBUG org.apache.nifi.processors.standard.RouteText - RouteText[id=bf0f7ccb-620f-4544-b652-03cd51d8645e] Adding new dynamic property: PropertyDescriptor[simple]
[pool-2375-thread-1] INFO org.apache.nifi.processors.standard.RouteText - RouteText[id=bf0f7ccb-620f-4544-b652-03cd51d8645e] Created FlowFile[107,100418305264758.mockFlowFile,22B] from FlowFile[106,100418305264758.mockFlowFile,22B]; routing to relationship simple
[pool-2375-thread-1] INFO org.apache.nifi.processors.standard.RouteText - RouteText[id=bf0f7ccb-620f-4544-b652-03cd51d8645e] Routing FlowFile[106,100418305264758.mockFlowFile,22B] to original
[main] DEBUG org.apache.nifi.processors.standard.RouteText - RouteText[id=bf0f7ccb-620f-4544-b652-03cd51d8645e] Adding new dynamic property: PropertyDescriptor[simple]
[pool-2376-thread-1] INFO org.apache.nifi.processors.standard.RouteText - RouteText[id=bf0f7ccb-620f-4544-b652-03cd51d8645e] Created FlowFile[109,100418305923014.mockFlowFile,22B] from FlowFile[108,100418305923014.mockFlowFile,22B]; routing to relationship simple
[pool-2376-thread-1] INFO org.apache.nifi.processors.standard.RouteText - RouteText[id=bf0f7ccb-620f-4544-b652-03cd51d8645e] Routing FlowFile[108,100418305923014.mockFlowFile,22B] to original
[main] DEBUG org.apache.nifi.processors.standard.RouteText - RouteText[id=bf0f7ccb-620f-4544-b652-03cd51d8645e] Adding new dynamic property: PropertyDescriptor[simple]
[pool-2377-thread-1] INFO org.apache.nifi.processors.standard.RouteText - RouteText[id=bf0f7ccb-620f-4544-b652-03cd51d8645e] Created FlowFile[111,100418306543206.mockFlowFile,22B] from FlowFile[110,100418306543206.mockFlowFile,22B]; routing to relationship simple
[pool-2377-thread-1] INFO org.apache.nifi.processors.standard.RouteText - RouteText[id=bf0f7ccb-620f-4544-b652-03cd51d8645e] Routing FlowFile[110,100418306543206.mockFlowFile,22B] to original
[main] DEBUG org.apache.nifi.processors.standard.RouteText - RouteText[id=bf0f7ccb-620f-4544-b652-03cd51d8645e] Adding new dynamic property: PropertyDescriptor[simple]
[pool-2378-thread-1] INFO org.apache.nifi.processors.standard.RouteText - RouteText[id=bf0f7ccb-620f-4544-b652-03cd51d8645e] Created FlowFile[113,100418307028021.mockFlowFile,22B] from FlowFile[112,100418307028021.mockFlowFile,22B]; routing to relationship simple
[pool-2378-thread-1] INFO org.apache.nifi.processors.standard.RouteText - RouteText[id=bf0f7ccb-620f-4544-b652-03cd51d8645e] Routing FlowFile[112,100418307028021.mockFlowFile,22B] to original
[main] DEBUG org.apache.nifi.processors.standard.RouteText - RouteText[id=bf0f7ccb-620f-4544-b652-03cd51d8645e] Adding new dynamic property: PropertyDescriptor[simple]
[pool-2379-thread-1] INFO org.apache.nifi.processors.standard.RouteText - RouteText[id=bf0f7ccb-620f-4544-b652-03cd51d8645e] Created FlowFile[115,100418307623838.mockFlowFile,22B] from FlowFile[114,100418307623838.mockFlowFile,22B]; routing to relationship simple
[pool-2379-thread-1] INFO org.apache.nifi.processors.standard.RouteText - RouteText[id=bf0f7ccb-620f-4544-b652-03cd51d8645e] Routing FlowFile[114,100418307623838.mockFlowFile,22B] to original
[main] DEBUG org.apache.nifi.processors.standard.RouteText - RouteText[id=bf0f7ccb-620f-4544-b652-03cd51d8645e] Adding new dynamic property: PropertyDescriptor[simple]
[pool-2380-thread-1] INFO org.apache.nifi.processors.standard.RouteText - RouteText[id=bf0f7ccb-620f-4544-b652-03cd51d8645e] Created FlowFile[117,100418308317230.mockFlowFile,22B] from FlowFile[116,100418308317230.mockFlowFile,22B]; routing to relationship simple
[pool-2380-thread-1] INFO org.apache.nifi.processors.standard.RouteText - RouteText[id=bf0f7ccb-620f-4544-b652-03cd51d8645e] Routing FlowFile[116,100418308317230.mockFlowFile,22B] to original
[main] DEBUG org.apache.nifi.processors.standard.RouteText - RouteText[id=bf0f7ccb-620f-4544-b652-03cd51d8645e] Adding new dynamic property: PropertyDescriptor[simple]
[pool-2381-thread-1] INFO org.apache.nifi.processors.standard.RouteText - RouteText[id=bf0f7ccb-620f-4544-b652-03cd51d8645e] Created FlowFile[119,100418309309615.mockFlowFile,22B] from FlowFile[118,100418309309615.mockFlowFile,22B]; routing to relationship simple
[pool-2381-thread-1] INFO org.apache.nifi.processors.standard.RouteText - RouteText[id=bf0f7ccb-620f-4544-b652-03cd51d8645e] Routing FlowFile[118,100418309309615.mockFlowFile,22B] to original
[main] DEBUG org.apache.nifi.processors.standard.RouteText - RouteText[id=bf0f7ccb-620f-4544-b652-03cd51d8645e] Adding new dynamic property: PropertyDescriptor[simple]
[pool-2382-thread-1] INFO org.apache.nifi.processors.standard.RouteText - RouteText[id=bf0f7ccb-620f-4544-b652-03cd51d8645e] Created FlowFile[121,100418309989423.mockFlowFile,22B] from FlowFile[120,100418309989423.mockFlowFile,22B]; routing to relationship simple
[pool-2382-thread-1] INFO org.apache.nifi.processors.standard.RouteText - RouteText[id=bf0f7ccb-620f-4544-b652-03cd51d8645e] Routing FlowFile[120,100418309989423.mockFlowFile,22B] to original
[main] DEBUG org.apache.nifi.processors.standard.RouteText - RouteText[id=bf0f7ccb-620f-4544-b652-03cd51d8645e] Adding new dynamic property: PropertyDescriptor[simple]
[pool-2383-thread-1] INFO org.apache.nifi.processors.standard.RouteText - RouteText[id=bf0f7ccb-620f-4544-b652-03cd51d8645e] Created FlowFile[123,100418310426587.mockFlowFile,22B] from FlowFile[122,100418310426587.mockFlowFile,22B]; routing to relationship simple
[pool-2383-thread-1] INFO org.apache.nifi.processors.standard.RouteText - RouteText[id=bf0f7ccb-620f-4544-b652-03cd51d8645e] Routing FlowFile[122,100418310426587.mockFlowFile,22B] to original
[main] DEBUG org.apache.nifi.processors.standard.RouteText - RouteText[id=bf0f7ccb-620f-4544-b652-03cd51d8645e] Adding new dynamic property: PropertyDescriptor[simple]
[pool-2384-thread-1] INFO org.apache.nifi.processors.standard.RouteText - RouteText[id=bf0f7ccb-620f-4544-b652-03cd51d8645e] Created FlowFile[125,100418310916016.mockFlowFile,22B] from FlowFile[124,100418310916016.mockFlowFile,22B]; routing to relationship simple
[pool-2384-thread-1] INFO org.apache.nifi.processors.standard.RouteText - RouteText[id=bf0f7ccb-620f-4544-b652-03cd51d8645e] Routing FlowFile[124,100418310916016.mockFlowFile,22B] to original
[main] DEBUG org.apache.nifi.processors.standard.RouteText - RouteText[id=bf0f7ccb-620f-4544-b652-03cd51d8645e] Adding new dynamic property: PropertyDescriptor[simple]
[pool-2385-thread-1] INFO org.apache.nifi.processors.standard.RouteText - RouteText[id=bf0f7ccb-620f-4544-b652-03cd51d8645e] Created FlowFile[127,100418311515783.mockFlowFile,22B] from FlowFile[126,100418311515783.mockFlowFile,22B]; routing to relationship simple
[pool-2385-thread-1] INFO org.apache.nifi.processors.standard.RouteText - RouteText[id=bf0f7ccb-620f-4544-b652-03cd51d8645e] Routing FlowFile[126,100418311515783.mockFlowFile,22B] to original
[main] DEBUG org.apache.nifi.processors.standard.RouteText - RouteText[id=bf0f7ccb-620f-4544-b652-03cd51d8645e] Adding new dynamic property: PropertyDescriptor[simple]
[pool-2386-thread-1] INFO org.apache.nifi.processors.standard.RouteText - RouteText[id=bf0f7ccb-620f-4544-b652-03cd51d8645e] Created FlowFile[129,100418312113524.mockFlowFile,22B] from FlowFile[128,100418312113524.mockFlowFile,22B]; routing to relationship simple
[pool-2386-thread-1] INFO org.apache.nifi.processors.standard.RouteText - RouteText[id=bf0f7ccb-620f-4544-b652-03cd51d8645e] Routing FlowFile[128,100418312113524.mockFlowFile,22B] to original
[main] DEBUG org.apache.nifi.processors.standard.RouteText - RouteText[id=bf0f7ccb-620f-4544-b652-03cd51d8645e] Adding new dynamic property: PropertyDescriptor[simple]
[pool-2387-thread-1] INFO org.apache.nifi.processors.standard.RouteText - RouteText[id=bf0f7ccb-620f-4544-b652-03cd51d8645e] Created FlowFile[131,100418312806771.mockFlowFile,22B] from FlowFile[130,100418312806771.mockFlowFile,22B]; routing to relationship simple
[pool-2387-thread-1] INFO org.apache.nifi.processors.standard.RouteText - RouteText[id=bf0f7ccb-620f-4544-b652-03cd51d8645e] Routing FlowFile[130,100418312806771.mockFlowFile,22B] to original
[main] DEBUG org.apache.nifi.processors.standard.RouteText - RouteText[id=bf0f7ccb-620f-4544-b652-03cd51d8645e] Adding new dynamic property: PropertyDescriptor[simple]
[pool-2388-thread-1] INFO org.apache.nifi.processors.standard.RouteText - RouteText[id=bf0f7ccb-620f-4544-b652-03cd51d8645e] Created FlowFile[133,100418313401401.mockFlowFile,22B] from FlowFile[132,100418313401401.mockFlowFile,22B]; routing to relationship simple
[pool-2388-thread-1] INFO org.apache.nifi.processors.standard.RouteText - RouteText[id=bf0f7ccb-620f-4544-b652-03cd51d8645e] Routing FlowFile[132,100418313401401.mockFlowFile,22B] to original
[main] DEBUG org.apache.nifi.processors.standard.RouteText - RouteText[id=bf0f7ccb-620f-4544-b652-03cd51d8645e] Adding new dynamic property: PropertyDescriptor[simple]
[pool-2389-thread-1] INFO org.apache.nifi.processors.standard.RouteText - RouteText[id=bf0f7ccb-620f-4544-b652-03cd51d8645e] Created FlowFile[135,100418314000739.mockFlowFile,22B] from FlowFile[134,100418314000739.mockFlowFile,22B]; routing to relationship simple
[pool-2389-thread-1] INFO org.apache.nifi.processors.standard.RouteText - RouteText[id=bf0f7ccb-620f-4544-b652-03cd51d8645e] Routing FlowFile[134,100418314000739.mockFlowFile,22B] to original
[main] DEBUG org.apache.nifi.processors.standard.RouteText - RouteText[id=bf0f7ccb-620f-4544-b652-03cd51d8645e] Adding new dynamic property: PropertyDescriptor[simple]
[pool-2390-thread-1] INFO org.apache.nifi.processors.standard.RouteText - RouteText[id=bf0f7ccb-620f-4544-b652-03cd51d8645e] Created FlowFile[137,100418314563185.mockFlowFile,22B] from FlowFile[136,100418314563185.mockFlowFile,22B]; routing to relationship simple
[pool-2390-thread-1] INFO org.apache.nifi.processors.standard.RouteText - RouteText[id=bf0f7ccb-620f-4544-b652-03cd51d8645e] Routing FlowFile[136,100418314563185.mockFlowFile,22B] to original
[main] DEBUG org.apache.nifi.processors.standard.RouteText - RouteText[id=bf0f7ccb-620f-4544-b652-03cd51d8645e] Adding new dynamic property: PropertyDescriptor[simple]
[pool-2391-thread-1] INFO org.apache.nifi.processors.standard.RouteText - RouteText[id=bf0f7ccb-620f-4544-b652-03cd51d8645e] Created FlowFile[139,100418315113175.mockFlowFile,22B] from FlowFile[138,100418315113175.mockFlowFile,22B]; routing to relationship simple
[pool-2391-thread-1] INFO org.apache.nifi.processors.standard.RouteText - RouteText[id=bf0f7ccb-620f-4544-b652-03cd51d8645e] Routing FlowFile[138,100418315113175.mockFlowFile,22B] to original
[main] DEBUG org.apache.nifi.processors.standard.RouteText - RouteText[id=bf0f7ccb-620f-4544-b652-03cd51d8645e] Adding new dynamic property: PropertyDescriptor[simple]
[pool-2392-thread-1] INFO org.apache.nifi.processors.standard.RouteText - RouteText[id=bf0f7ccb-620f-4544-b652-03cd51d8645e] Created FlowFile[141,100418315724934.mockFlowFile,22B] from FlowFile[140,100418315724934.mockFlowFile,22B]; routing to relationship simple
[pool-2392-thread-1] INFO org.apache.nifi.processors.standard.RouteText - RouteText[id=bf0f7ccb-620f-4544-b652-03cd51d8645e] Routing FlowFile[140,100418315724934.mockFlowFile,22B] to original
[main] DEBUG org.apache.nifi.processors.standard.RouteText - RouteText[id=bf0f7ccb-620f-4544-b652-03cd51d8645e] Adding new dynamic property: PropertyDescriptor[simple]
[pool-2393-thread-1] INFO org.apache.nifi.processors.standard.RouteText - RouteText[id=bf0f7ccb-620f-4544-b652-03cd51d8645e] Created FlowFile[143,100418316295350.mockFlowFile,22B] from FlowFile[142,100418316295350.mockFlowFile,22B]; routing to relationship simple
[pool-2393-thread-1] INFO org.apache.nifi.processors.standard.RouteText - RouteText[id=bf0f7ccb-620f-4544-b652-03cd51d8645e] Routing FlowFile[142,100418316295350.mockFlowFile,22B] to original
[main] DEBUG org.apache.nifi.processors.standard.RouteText - RouteText[id=bf0f7ccb-620f-4544-b652-03cd51d8645e] Adding new dynamic property: PropertyDescriptor[simple]
[pool-2394-thread-1] INFO org.apache.nifi.processors.standard.RouteText - RouteText[id=bf0f7ccb-620f-4544-b652-03cd51d8645e] Created FlowFile[145,100418316980554.mockFlowFile,22B] from FlowFile[144,100418316980554.mockFlowFile,22B]; routing to relationship simple
[pool-2394-thread-1] INFO org.apache.nifi.processors.standard.RouteText - RouteText[id=bf0f7ccb-620f-4544-b652-03cd51d8645e] Routing FlowFile[144,100418316980554.mockFlowFile,22B] to original
[main] DEBUG org.apache.nifi.processors.standard.RouteText - RouteText[id=bf0f7ccb-620f-4544-b652-03cd51d8645e] Adding new dynamic property: PropertyDescriptor[simple]
[pool-2395-thread-1] INFO org.apache.nifi.processors.standard.RouteText - RouteText[id=bf0f7ccb-620f-4544-b652-03cd51d8645e] Created FlowFile[147,100418317638141.mockFlowFile,22B] from FlowFile[146,100418317638141.mockFlowFile,22B]; routing to relationship simple
[pool-2395-thread-1] INFO org.apache.nifi.processors.standard.RouteText - RouteText[id=bf0f7ccb-620f-4544-b652-03cd51d8645e] Routing FlowFile[146,100418317638141.mockFlowFile,22B] to original
[main] DEBUG org.apache.nifi.processors.standard.RouteText - RouteText[id=bf0f7ccb-620f-4544-b652-03cd51d8645e] Adding new dynamic property: PropertyDescriptor[simple]
[pool-2396-thread-1] INFO org.apache.nifi.processors.standard.RouteText - RouteText[id=bf0f7ccb-620f-4544-b652-03cd51d8645e] Created FlowFile[149,100418318316584.mockFlowFile,22B] from FlowFile[148,100418318316584.mockFlowFile,22B]; routing to relationship simple
[pool-2396-thread-1] INFO org.apache.nifi.processors.standard.RouteText - RouteText[id=bf0f7ccb-620f-4544-b652-03cd51d8645e] Routing FlowFile[148,100418318316584.mockFlowFile,22B] to original
[main] DEBUG org.apache.nifi.processors.standard.RouteText - RouteText[id=bf0f7ccb-620f-4544-b652-03cd51d8645e] Adding new dynamic property: PropertyDescriptor[simple]
[pool-2397-thread-1] INFO org.apache.nifi.processors.standard.RouteText - RouteText[id=bf0f7ccb-620f-4544-b652-03cd51d8645e] Created FlowFile[151,100418318899399.mockFlowFile,22B] from FlowFile[150,100418318899399.mockFlowFile,22B]; routing to relationship simple
[pool-2397-thread-1] INFO org.apache.nifi.processors.standard.RouteText - RouteText[id=bf0f7ccb-620f-4544-b652-03cd51d8645e] Routing FlowFile[150,100418318899399.mockFlowFile,22B] to original
[main] DEBUG org.apache.nifi.processors.standard.RouteText - RouteText[id=bf0f7ccb-620f-4544-b652-03cd51d8645e] Adding new dynamic property: PropertyDescriptor[simple]
[pool-2398-thread-1] INFO org.apache.nifi.processors.standard.RouteText - RouteText[id=bf0f7ccb-620f-4544-b652-03cd51d8645e] Created FlowFile[153,100418319493834.mockFlowFile,22B] from FlowFile[152,100418319493834.mockFlowFile,22B]; routing to relationship simple
[pool-2398-thread-1] INFO org.apache.nifi.processors.standard.RouteText - RouteText[id=bf0f7ccb-620f-4544-b652-03cd51d8645e] Routing FlowFile[152,100418319493834.mockFlowFile,22B] to original
[main] DEBUG org.apache.nifi.processors.standard.RouteText - RouteText[id=bf0f7ccb-620f-4544-b652-03cd51d8645e] Adding new dynamic property: PropertyDescriptor[simple]
[pool-2399-thread-1] INFO org.apache.nifi.processors.standard.RouteText - RouteText[id=bf0f7ccb-620f-4544-b652-03cd51d8645e] Created FlowFile[155,100418320058073.mockFlowFile,22B] from FlowFile[154,100418320058073.mockFlowFile,22B]; routing to relationship simple
[pool-2399-thread-1] INFO org.apache.nifi.processors.standard.RouteText - RouteText[id=bf0f7ccb-620f-4544-b652-03cd51d8645e] Routing FlowFile[154,100418320058073.mockFlowFile,22B] to original
[main] DEBUG org.apache.nifi.processors.standard.RouteText - RouteText[id=bf0f7ccb-620f-4544-b652-03cd51d8645e] Adding new dynamic property: PropertyDescriptor[simple]
[pool-2400-thread-1] INFO org.apache.nifi.processors.standard.RouteText - RouteText[id=bf0f7ccb-620f-4544-b652-03cd51d8645e] Created FlowFile[157,100418320601177.mockFlowFile,22B] from FlowFile[156,100418320601177.mockFlowFile,22B]; routing to relationship simple
[pool-2400-thread-1] INFO org.apache.nifi.processors.standard.RouteText - RouteText[id=bf0f7ccb-620f-4544-b652-03cd51d8645e] Routing FlowFile[156,100418320601177.mockFlowFile,22B] to original
[main] DEBUG org.apache.nifi.processors.standard.RouteText - RouteText[id=bf0f7ccb-620f-4544-b652-03cd51d8645e] Adding new dynamic property: PropertyDescriptor[simple]
[pool-2401-thread-1] INFO org.apache.nifi.processors.standard.RouteText - RouteText[id=bf0f7ccb-620f-4544-b652-03cd51d8645e] Created FlowFile[159,100418321226792.mockFlowFile,22B] from FlowFile[158,100418321226792.mockFlowFile,22B]; routing to relationship simple
[pool-2401-thread-1] INFO org.apache.nifi.processors.standard.RouteText - RouteText[id=bf0f7ccb-620f-4544-b652-03cd51d8645e] Routing FlowFile[158,100418321226792.mockFlowFile,22B] to original
[main] DEBUG org.apache.nifi.processors.standard.RouteText - RouteText[id=bf0f7ccb-620f-4544-b652-03cd51d8645e] Adding new dynamic property: PropertyDescriptor[simple]
[pool-2402-thread-1] INFO org.apache.nifi.processors.standard.RouteText - RouteText[id=bf0f7ccb-620f-4544-b652-03cd51d8645e] Created FlowFile[161,100418321754791.mockFlowFile,22B] from FlowFile[160,100418321754791.mockFlowFile,22B]; routing to relationship simple
[pool-2402-thread-1] INFO org.apache.nifi.processors.standard.RouteText - RouteText[id=bf0f7ccb-620f-4544-b652-03cd51d8645e] Routing FlowFile[160,100418321754791.mockFlowFile,22B] to original
[main] DEBUG org.apache.nifi.processors.standard.RouteText - RouteText[id=bf0f7ccb-620f-4544-b652-03cd51d8645e] Adding new dynamic property: PropertyDescriptor[simple]
[pool-2403-thread-1] INFO org.apache.nifi.processors.standard.RouteText - RouteText[id=bf0f7ccb-620f-4544-b652-03cd51d8645e] Created FlowFile[163,100418322276158.mockFlowFile,22B] from FlowFile[162,100418322276158.mockFlowFile,22B]; routing to relationship simple
[pool-2403-thread-1] INFO org.apache.nifi.processors.standard.RouteText - RouteText[id=bf0f7ccb-620f-4544-b652-03cd51d8645e] Routing FlowFile[162,100418322276158.mockFlowFile,22B] to original
[main] DEBUG org.apache.nifi.processors.standard.RouteText - RouteText[id=bf0f7ccb-620f-4544-b652-03cd51d8645e] Adding new dynamic property: PropertyDescriptor[simple]
[pool-2404-thread-1] INFO org.apache.nifi.processors.standard.RouteText - RouteText[id=bf0f7ccb-620f-4544-b652-03cd51d8645e] Created FlowFile[165,100418322737933.mockFlowFile,22B] from FlowFile[164,100418322737933.mockFlowFile,22B]; routing to relationship simple
[pool-2404-thread-1] INFO org.apache.nifi.processors.standard.RouteText - RouteText[id=bf0f7ccb-620f-4544-b652-03cd51d8645e] Routing FlowFile[164,100418322737933.mockFlowFile,22B] to original
[main] DEBUG org.apache.nifi.processors.standard.RouteText - RouteText[id=bf0f7ccb-620f-4544-b652-03cd51d8645e] Adding new dynamic property: PropertyDescriptor[simple]
[pool-2405-thread-1] INFO org.apache.nifi.processors.standard.RouteText - RouteText[id=bf0f7ccb-620f-4544-b652-03cd51d8645e] Created FlowFile[167,100418323137555.mockFlowFile,22B] from FlowFile[166,100418323137555.mockFlowFile,22B]; routing to relationship simple
[pool-2405-thread-1] INFO org.apache.nifi.processors.standard.RouteText - RouteText[id=bf0f7ccb-620f-4544-b652-03cd51d8645e] Routing FlowFile[166,100418323137555.mockFlowFile,22B] to original
[main] DEBUG org.apache.nifi.processors.standard.RouteText - RouteText[id=bf0f7ccb-620f-4544-b652-03cd51d8645e] Adding new dynamic property: PropertyDescriptor[simple]
[pool-2406-thread-1] INFO org.apache.nifi.processors.standard.RouteText - RouteText[id=bf0f7ccb-620f-4544-b652-03cd51d8645e] Created FlowFile[169,100418323715615.mockFlowFile,22B] from FlowFile[168,100418323715615.mockFlowFile,22B]; routing to relationship simple
[pool-2406-thread-1] INFO org.apache.nifi.processors.standard.RouteText - RouteText[id=bf0f7ccb-620f-4544-b652-03cd51d8645e] Routing FlowFile[168,100418323715615.mockFlowFile,22B] to original
[main] DEBUG org.apache.nifi.processors.standard.RouteText - RouteText[id=bf0f7ccb-620f-4544-b652-03cd51d8645e] Adding new dynamic property: PropertyDescriptor[simple]
[pool-2407-thread-1] INFO org.apache.nifi.processors.standard.RouteText - RouteText[id=bf0f7ccb-620f-4544-b652-03cd51d8645e] Created FlowFile[171,100418324217867.mockFlowFile,22B] from FlowFile[170,100418324217867.mockFlowFile,22B]; routing to relationship simple
[pool-2407-thread-1] INFO org.apache.nifi.processors.standard.RouteText - RouteText[id=bf0f7ccb-620f-4544-b652-03cd51d8645e] Routing FlowFile[170,100418324217867.mockFlowFile,22B] to original
[main] DEBUG org.apache.nifi.processors.standard.RouteText - RouteText[id=bf0f7ccb-620f-4544-b652-03cd51d8645e] Adding new dynamic property: PropertyDescriptor[simple]
[pool-2408-thread-1] INFO org.apache.nifi.processors.standard.RouteText - RouteText[id=bf0f7ccb-620f-4544-b652-03cd51d8645e] Created FlowFile[173,100418324868640.mockFlowFile,22B] from FlowFile[172,100418324868640.mockFlowFile,22B]; routing to relationship simple
[pool-2408-thread-1] INFO org.apache.nifi.processors.standard.RouteText - RouteText[id=bf0f7ccb-620f-4544-b652-03cd51d8645e] Routing FlowFile[172,100418324868640.mockFlowFile,22B] to original
[main] DEBUG org.apache.nifi.processors.standard.RouteText - RouteText[id=bf0f7ccb-620f-4544-b652-03cd51d8645e] Adding new dynamic property: PropertyDescriptor[simple]
[pool-2409-thread-1] INFO org.apache.nifi.processors.standard.RouteText - RouteText[id=bf0f7ccb-620f-4544-b652-03cd51d8645e] Created FlowFile[175,100418325503182.mockFlowFile,22B] from FlowFile[174,100418325503182.mockFlowFile,22B]; routing to relationship simple
[pool-2409-thread-1] INFO org.apache.nifi.processors.standard.RouteText - RouteText[id=bf0f7ccb-620f-4544-b652-03cd51d8645e] Routing FlowFile[174,100418325503182.mockFlowFile,22B] to original
[main] DEBUG org.apache.nifi.processors.standard.RouteText - RouteText[id=bf0f7ccb-620f-4544-b652-03cd51d8645e] Adding new dynamic property: PropertyDescriptor[simple]
[pool-2410-thread-1] INFO org.apache.nifi.processors.standard.RouteText - RouteText[id=bf0f7ccb-620f-4544-b652-03cd51d8645e] Created FlowFile[177,100418326036706.mockFlowFile,22B] from FlowFile[176,100418326036706.mockFlowFile,22B]; routing to relationship simple
[pool-2410-thread-1] INFO org.apache.nifi.processors.standard.RouteText - RouteText[id=bf0f7ccb-620f-4544-b652-03cd51d8645e] Routing FlowFile[176,100418326036706.mockFlowFile,22B] to original
[main] DEBUG org.apache.nifi.processors.standard.RouteText - RouteText[id=bf0f7ccb-620f-4544-b652-03cd51d8645e] Adding new dynamic property: PropertyDescriptor[simple]
[pool-2411-thread-1] INFO org.apache.nifi.processors.standard.RouteText - RouteText[id=bf0f7ccb-620f-4544-b652-03cd51d8645e] Created FlowFile[179,100418326483014.mockFlowFile,22B] from FlowFile[178,100418326483014.mockFlowFile,22B]; routing to relationship simple
[pool-2411-thread-1] INFO org.apache.nifi.processors.standard.RouteText - RouteText[id=bf0f7ccb-620f-4544-b652-03cd51d8645e] Routing FlowFile[178,100418326483014.mockFlowFile,22B] to original
[main] DEBUG org.apache.nifi.processors.standard.RouteText - RouteText[id=bf0f7ccb-620f-4544-b652-03cd51d8645e] Adding new dynamic property: PropertyDescriptor[simple]
[pool-2412-thread-1] INFO org.apache.nifi.processors.standard.RouteText - RouteText[id=bf0f7ccb-620f-4544-b652-03cd51d8645e] Created FlowFile[181,100418326868207.mockFlowFile,22B] from FlowFile[180,100418326868207.mockFlowFile,22B]; routing to relationship simple
[pool-2412-thread-1] INFO org.apache.nifi.processors.standard.RouteText - RouteText[id=bf0f7ccb-620f-4544-b652-03cd51d8645e] Routing FlowFile[180,100418326868207.mockFlowFile,22B] to original
[main] DEBUG org.apache.nifi.processors.standard.RouteText - RouteText[id=bf0f7ccb-620f-4544-b652-03cd51d8645e] Adding new dynamic property: PropertyDescriptor[simple]
[pool-2413-thread-1] INFO org.apache.nifi.processors.standard.RouteText - RouteText[id=bf0f7ccb-620f-4544-b652-03cd51d8645e] Created FlowFile[183,100418327347633.mockFlowFile,22B] from FlowFile[182,100418327347633.mockFlowFile,22B]; routing to relationship simple
[pool-2413-thread-1] INFO org.apache.nifi.processors.standard.RouteText - RouteText[id=bf0f7ccb-620f-4544-b652-03cd51d8645e] Routing FlowFile[182,100418327347633.mockFlowFile,22B] to original
[main] DEBUG org.apache.nifi.processors.standard.RouteText - RouteText[id=bf0f7ccb-620f-4544-b652-03cd51d8645e] Adding new dynamic property: PropertyDescriptor[simple]
[pool-2414-thread-1] INFO org.apache.nifi.processors.standard.RouteText - RouteText[id=bf0f7ccb-620f-4544-b652-03cd51d8645e] Created FlowFile[185,100418327962277.mockFlowFile,22B] from FlowFile[184,100418327962277.mockFlowFile,22B]; routing to relationship simple
[pool-2414-thread-1] INFO org.apache.nifi.processors.standard.RouteText - RouteText[id=bf0f7ccb-620f-4544-b652-03cd51d8645e] Routing FlowFile[184,100418327962277.mockFlowFile,22B] to original
[main] DEBUG org.apache.nifi.processors.standard.RouteText - RouteText[id=bf0f7ccb-620f-4544-b652-03cd51d8645e] Adding new dynamic property: PropertyDescriptor[simple]
[pool-2415-thread-1] INFO org.apache.nifi.processors.standard.RouteText - RouteText[id=bf0f7ccb-620f-4544-b652-03cd51d8645e] Created FlowFile[187,100418328694976.mockFlowFile,22B] from FlowFile[186,100418328694976.mockFlowFile,22B]; routing to relationship simple
[pool-2415-thread-1] INFO org.apache.nifi.processors.standard.RouteText - RouteText[id=bf0f7ccb-620f-4544-b652-03cd51d8645e] Routing FlowFile[186,100418328694976.mockFlowFile,22B] to original
[main] DEBUG org.apache.nifi.processors.standard.RouteText - RouteText[id=bf0f7ccb-620f-4544-b652-03cd51d8645e] Adding new dynamic property: PropertyDescriptor[simple]
[pool-2416-thread-1] INFO org.apache.nifi.processors.standard.RouteText - RouteText[id=bf0f7ccb-620f-4544-b652-03cd51d8645e] Created FlowFile[189,100418329332949.mockFlowFile,22B] from FlowFile[188,100418329332949.mockFlowFile,22B]; routing to relationship simple
[pool-2416-thread-1] INFO org.apache.nifi.processors.standard.RouteText - RouteText[id=bf0f7ccb-620f-4544-b652-03cd51d8645e] Routing FlowFile[188,100418329332949.mockFlowFile,22B] to original
[main] DEBUG org.apache.nifi.processors.standard.RouteText - RouteText[id=bf0f7ccb-620f-4544-b652-03cd51d8645e] Adding new dynamic property: PropertyDescriptor[simple]
[pool-2417-thread-1] INFO org.apache.nifi.processors.standard.RouteText - RouteText[id=bf0f7ccb-620f-4544-b652-03cd51d8645e] Created FlowFile[191,100418329869158.mockFlowFile,22B] from FlowFile[190,100418329869158.mockFlowFile,22B]; routing to relationship simple
[pool-2417-thread-1] INFO org.apache.nifi.processors.standard.RouteText - RouteText[id=bf0f7ccb-620f-4544-b652-03cd51d8645e] Routing FlowFile[190,100418329869158.mockFlowFile,22B] to original
[main] DEBUG org.apache.nifi.processors.standard.RouteText - RouteText[id=bf0f7ccb-620f-4544-b652-03cd51d8645e] Adding new dynamic property: PropertyDescriptor[simple]
[pool-2418-thread-1] INFO org.apache.nifi.processors.standard.RouteText - RouteText[id=bf0f7ccb-620f-4544-b652-03cd51d8645e] Created FlowFile[193,100418330396268.mockFlowFile,22B] from FlowFile[192,100418330396268.mockFlowFile,22B]; routing to relationship simple
[pool-2418-thread-1] INFO org.apache.nifi.processors.standard.RouteText - RouteText[id=bf0f7ccb-620f-4544-b652-03cd51d8645e] Routing FlowFile[192,100418330396268.mockFlowFile,22B] to original
[main] DEBUG org.apache.nifi.processors.standard.RouteText - RouteText[id=bf0f7ccb-620f-4544-b652-03cd51d8645e] Adding new dynamic property: PropertyDescriptor[simple]
[pool-2419-thread-1] INFO org.apache.nifi.processors.standard.RouteText - RouteText[id=bf0f7ccb-620f-4544-b652-03cd51d8645e] Created FlowFile[195,100418330831296.mockFlowFile,22B] from FlowFile[194,100418330831296.mockFlowFile,22B]; routing to relationship simple
[pool-2419-thread-1] INFO org.apache.nifi.processors.standard.RouteText - RouteText[id=bf0f7ccb-620f-4544-b652-03cd51d8645e] Routing FlowFile[194,100418330831296.mockFlowFile,22B] to original
[main] DEBUG org.apache.nifi.processors.standard.RouteText - RouteText[id=bf0f7ccb-620f-4544-b652-03cd51d8645e] Adding new dynamic property: PropertyDescriptor[simple]
[pool-2420-thread-1] INFO org.apache.nifi.processors.standard.RouteText - RouteText[id=bf0f7ccb-620f-4544-b652-03cd51d8645e] Created FlowFile[197,100418331344042.mockFlowFile,22B] from FlowFile[196,100418331344042.mockFlowFile,22B]; routing to relationship simple
[pool-2420-thread-1] INFO org.apache.nifi.processors.standard.RouteText - RouteText[id=bf0f7ccb-620f-4544-b652-03cd51d8645e] Routing FlowFile[196,100418331344042.mockFlowFile,22B] to original
[main] DEBUG org.apache.nifi.processors.standard.RouteText - RouteText[id=bf0f7ccb-620f-4544-b652-03cd51d8645e] Adding new dynamic property: PropertyDescriptor[simple]
[pool-2421-thread-1] INFO org.apache.nifi.processors.standard.RouteText - RouteText[id=bf0f7ccb-620f-4544-b652-03cd51d8645e] Created FlowFile[199,100418331861817.mockFlowFile,22B] from FlowFile[198,100418331861817.mockFlowFile,22B]; routing to relationship simple
[pool-2421-thread-1] INFO org.apache.nifi.processors.standard.RouteText - RouteText[id=bf0f7ccb-620f-4544-b652-03cd51d8645e] Routing FlowFile[198,100418331861817.mockFlowFile,22B] to original
[main] DEBUG org.apache.nifi.processors.standard.RouteText - RouteText[id=bf0f7ccb-620f-4544-b652-03cd51d8645e] Adding new dynamic property: PropertyDescriptor[simple]
[pool-2422-thread-1] INFO org.apache.nifi.processors.standard.RouteText - RouteText[id=bf0f7ccb-620f-4544-b652-03cd51d8645e] Created FlowFile[201,100418332451498.mockFlowFile,22B] from FlowFile[200,100418332451498.mockFlowFile,22B]; routing to relationship simple
[pool-2422-thread-1] INFO org.apache.nifi.processors.standard.RouteText - RouteText[id=bf0f7ccb-620f-4544-b652-03cd51d8645e] Routing FlowFile[200,100418332451498.mockFlowFile,22B] to original
[main] DEBUG org.apache.nifi.processors.standard.RouteText - RouteText[id=bf0f7ccb-620f-4544-b652-03cd51d8645e] Adding new dynamic property: PropertyDescriptor[simple]
[pool-2423-thread-1] INFO org.apache.nifi.processors.standard.RouteText - RouteText[id=bf0f7ccb-620f-4544-b652-03cd51d8645e] Created FlowFile[203,100418332974376.mockFlowFile,22B] from FlowFile[202,100418332974376.mockFlowFile,22B]; routing to relationship simple
[pool-2423-thread-1] INFO org.apache.nifi.processors.standard.RouteText - RouteText[id=bf0f7ccb-620f-4544-b652-03cd51d8645e] Routing FlowFile[202,100418332974376.mockFlowFile,22B] to original
[main] DEBUG org.apache.nifi.processors.standard.RouteText - RouteText[id=bf0f7ccb-620f-4544-b652-03cd51d8645e] Adding new dynamic property: PropertyDescriptor[simple]
[pool-2424-thread-1] INFO org.apache.nifi.processors.standard.RouteText - RouteText[id=bf0f7ccb-620f-4544-b652-03cd51d8645e] Created FlowFile[205,100418333453766.mockFlowFile,23B] from FlowFile[204,100418333453766.mockFlowFile,23B]; routing to relationship simple
[pool-2424-thread-1] INFO org.apache.nifi.processors.standard.RouteText - RouteText[id=bf0f7ccb-620f-4544-b652-03cd51d8645e] Routing FlowFile[204,100418333453766.mockFlowFile,23B] to original
[main] DEBUG org.apache.nifi.processors.standard.RouteText - RouteText[id=bf0f7ccb-620f-4544-b652-03cd51d8645e] Adding new dynamic property: PropertyDescriptor[simple]
[pool-2425-thread-1] INFO org.apache.nifi.processors.standard.RouteText - RouteText[id=bf0f7ccb-620f-4544-b652-03cd51d8645e] Created FlowFile[207,100418333826364.mockFlowFile,23B] from FlowFile[206,100418333826364.mockFlowFile,23B]; routing to relationship simple
[pool-2425-thread-1] INFO org.apache.nifi.processors.standard.RouteText - RouteText[id=bf0f7ccb-620f-4544-b652-03cd51d8645e] Routing FlowFile[206,100418333826364.mockFlowFile,23B] to original
[main] DEBUG org.apache.nifi.processors.standard.RouteText - RouteText[id=bf0f7ccb-620f-4544-b652-03cd51d8645e] Adding new dynamic property: PropertyDescriptor[simple]
[pool-2426-thread-1] INFO org.apache.nifi.processors.standard.RouteText - RouteText[id=bf0f7ccb-620f-4544-b652-03cd51d8645e] Created FlowFile[209,100418334214971.mockFlowFile,23B] from FlowFile[208,100418334214971.mockFlowFile,23B]; routing to relationship simple
[pool-2426-thread-1] INFO org.apache.nifi.processors.standard.RouteText - RouteText[id=bf0f7ccb-620f-4544-b652-03cd51d8645e] Routing FlowFile[208,100418334214971.mockFlowFile,23B] to original
[main] DEBUG org.apache.nifi.processors.standard.RouteText - RouteText[id=bf0f7ccb-620f-4544-b652-03cd51d8645e] Adding new dynamic property: PropertyDescriptor[simple]
[pool-2427-thread-1] INFO org.apache.nifi.processors.standard.RouteText - RouteText[id=bf0f7ccb-620f-4544-b652-03cd51d8645e] Created FlowFile[211,100418334579540.mockFlowFile,23B] from FlowFile[210,100418334579540.mockFlowFile,23B]; routing to relationship simple
[pool-2427-thread-1] INFO org.apache.nifi.processors.standard.RouteText - RouteText[id=bf0f7ccb-620f-4544-b652-03cd51d8645e] Routing FlowFile[210,100418334579540.mockFlowFile,23B] to original
[main] DEBUG org.apache.nifi.processors.standard.RouteText - RouteText[id=bf0f7ccb-620f-4544-b652-03cd51d8645e] Adding new dynamic property: PropertyDescriptor[simple]
[pool-2428-thread-1] INFO org.apache.nifi.processors.standard.RouteText - RouteText[id=bf0f7ccb-620f-4544-b652-03cd51d8645e] Created FlowFile[213,100418334990541.mockFlowFile,23B] from FlowFile[212,100418334990541.mockFlowFile,23B]; routing to relationship simple
[pool-2428-thread-1] INFO org.apache.nifi.processors.standard.RouteText - RouteText[id=bf0f7ccb-620f-4544-b652-03cd51d8645e] Routing FlowFile[212,100418334990541.mockFlowFile,23B] to original
[main] DEBUG org.apache.nifi.processors.standard.RouteText - RouteText[id=bf0f7ccb-620f-4544-b652-03cd51d8645e] Adding new dynamic property: PropertyDescriptor[simple]
[pool-2429-thread-1] INFO org.apache.nifi.processors.standard.RouteText - RouteText[id=bf0f7ccb-620f-4544-b652-03cd51d8645e] Created FlowFile[215,100418335588708.mockFlowFile,23B] from FlowFile[214,100418335588708.mockFlowFile,23B]; routing to relationship simple
[pool-2429-thread-1] INFO org.apache.nifi.processors.standard.RouteText - RouteText[id=bf0f7ccb-620f-4544-b652-03cd51d8645e] Routing FlowFile[214,100418335588708.mockFlowFile,23B] to original
[main] DEBUG org.apache.nifi.processors.standard.RouteText - RouteText[id=bf0f7ccb-620f-4544-b652-03cd51d8645e] Adding new dynamic property: PropertyDescriptor[simple]
[pool-2430-thread-1] INFO org.apache.nifi.processors.standard.RouteText - RouteText[id=bf0f7ccb-620f-4544-b652-03cd51d8645e] Created FlowFile[217,100418336196520.mockFlowFile,23B] from FlowFile[216,100418336196520.mockFlowFile,23B]; routing to relationship simple
[pool-2430-thread-1] INFO org.apache.nifi.processors.standard.RouteText - RouteText[id=bf0f7ccb-620f-4544-b652-03cd51d8645e] Routing FlowFile[216,100418336196520.mockFlowFile,23B] to original
[main] DEBUG org.apache.nifi.processors.standard.RouteText - RouteText[id=bf0f7ccb-620f-4544-b652-03cd51d8645e] Adding new dynamic property: PropertyDescriptor[simple]
[pool-2431-thread-1] INFO org.apache.nifi.processors.standard.RouteText - RouteText[id=bf0f7ccb-620f-4544-b652-03cd51d8645e] Created FlowFile[219,100418336796271.mockFlowFile,23B] from FlowFile[218,100418336796271.mockFlowFile,23B]; routing to relationship simple
[pool-2431-thread-1] INFO org.apache.nifi.processors.standard.RouteText - RouteText[id=bf0f7ccb-620f-4544-b652-03cd51d8645e] Routing FlowFile[218,100418336796271.mockFlowFile,23B] to original
[main] DEBUG org.apache.nifi.processors.standard.RouteText - RouteText[id=bf0f7ccb-620f-4544-b652-03cd51d8645e] Adding new dynamic property: PropertyDescriptor[simple]
[pool-2432-thread-1] INFO org.apache.nifi.processors.standard.RouteText - RouteText[id=bf0f7ccb-620f-4544-b652-03cd51d8645e] Created FlowFile[221,100418337361593.mockFlowFile,23B] from FlowFile[220,100418337361593.mockFlowFile,23B]; routing to relationship simple
[pool-2432-thread-1] INFO org.apache.nifi.processors.standard.RouteText - RouteText[id=bf0f7ccb-620f-4544-b652-03cd51d8645e] Routing FlowFile[220,100418337361593.mockFlowFile,23B] to original
[main] DEBUG org.apache.nifi.processors.standard.RouteText - RouteText[id=bf0f7ccb-620f-4544-b652-03cd51d8645e] Adding new dynamic property: PropertyDescriptor[simple]
[pool-2433-thread-1] INFO org.apache.nifi.processors.standard.RouteText - RouteText[id=bf0f7ccb-620f-4544-b652-03cd51d8645e] Created FlowFile[223,100418337830866.mockFlowFile,23B] from FlowFile[222,100418337830866.mockFlowFile,23B]; routing to relationship simple
[pool-2433-thread-1] INFO org.apache.nifi.processors.standard.RouteText - RouteText[id=bf0f7ccb-620f-4544-b652-03cd51d8645e] Routing FlowFile[222,100418337830866.mockFlowFile,23B] to original
[main] DEBUG org.apache.nifi.processors.standard.RouteText - RouteText[id=bf0f7ccb-620f-4544-b652-03cd51d8645e] Adding new dynamic property: PropertyDescriptor[simple]
[pool-2434-thread-1] INFO org.apache.nifi.processors.standard.RouteText - RouteText[id=bf0f7ccb-620f-4544-b652-03cd51d8645e] Created FlowFile[225,100418338399311.mockFlowFile,23B] from FlowFile[224,100418338399311.mockFlowFile,23B]; routing to relationship simple
[pool-2434-thread-1] INFO org.apache.nifi.processors.standard.RouteText - RouteText[id=bf0f7ccb-620f-4544-b652-03cd51d8645e] Routing FlowFile[224,100418338399311.mockFlowFile,23B] to original
[main] DEBUG org.apache.nifi.processors.standard.RouteText - RouteText[id=bf0f7ccb-620f-4544-b652-03cd51d8645e] Adding new dynamic property: PropertyDescriptor[simple]
[pool-2435-thread-1] INFO org.apache.nifi.processors.standard.RouteText - RouteText[id=bf0f7ccb-620f-4544-b652-03cd51d8645e] Created FlowFile[227,100418338810916.mockFlowFile,23B] from FlowFile[226,100418338810916.mockFlowFile,23B]; routing to relationship simple
[pool-2435-thread-1] INFO org.apache.nifi.processors.standard.RouteText - RouteText[id=bf0f7ccb-620f-4544-b652-03cd51d8645e] Routing FlowFile[226,100418338810916.mockFlowFile,23B] to original
[main] DEBUG org.apache.nifi.processors.standard.RouteText - RouteText[id=bf0f7ccb-620f-4544-b652-03cd51d8645e] Adding new dynamic property: PropertyDescriptor[simple]
[pool-2436-thread-1] INFO org.apache.nifi.processors.standard.RouteText - RouteText[id=bf0f7ccb-620f-4544-b652-03cd51d8645e] Created FlowFile[229,100418339377138.mockFlowFile,23B] from FlowFile[228,100418339377138.mockFlowFile,23B]; routing to relationship simple
[pool-2436-thread-1] INFO org.apache.nifi.processors.standard.RouteText - RouteText[id=bf0f7ccb-620f-4544-b652-03cd51d8645e] Routing FlowFile[228,100418339377138.mockFlowFile,23B] to original
[main] DEBUG org.apache.nifi.processors.standard.RouteText - RouteText[id=bf0f7ccb-620f-4544-b652-03cd51d8645e] Adding new dynamic property: PropertyDescriptor[simple]
[pool-2437-thread-1] INFO org.apache.nifi.processors.standard.RouteText - RouteText[id=bf0f7ccb-620f-4544-b652-03cd51d8645e] Created FlowFile[231,100418339936409.mockFlowFile,23B] from FlowFile[230,100418339936409.mockFlowFile,23B]; routing to relationship simple
[pool-2437-thread-1] INFO org.apache.nifi.processors.standard.RouteText - RouteText[id=bf0f7ccb-620f-4544-b652-03cd51d8645e] Routing FlowFile[230,100418339936409.mockFlowFile,23B] to original
[main] DEBUG org.apache.nifi.processors.standard.RouteText - RouteText[id=bf0f7ccb-620f-4544-b652-03cd51d8645e] Adding new dynamic property: PropertyDescriptor[simple]
[pool-2438-thread-1] INFO org.apache.nifi.processors.standard.RouteText - RouteText[id=bf0f7ccb-620f-4544-b652-03cd51d8645e] Created FlowFile[233,100418340524431.mockFlowFile,23B] from FlowFile[232,100418340524431.mockFlowFile,23B]; routing to relationship simple
[pool-2438-thread-1] INFO org.apache.nifi.processors.standard.RouteText - RouteText[id=bf0f7ccb-620f-4544-b652-03cd51d8645e] Routing FlowFile[232,100418340524431.mockFlowFile,23B] to original
[main] DEBUG org.apache.nifi.processors.standard.RouteText - RouteText[id=bf0f7ccb-620f-4544-b652-03cd51d8645e] Adding new dynamic property: PropertyDescriptor[simple]
[pool-2439-thread-1] INFO org.apache.nifi.processors.standard.RouteText - RouteText[id=bf0f7ccb-620f-4544-b652-03cd51d8645e] Created FlowFile[235,100418341120698.mockFlowFile,23B] from FlowFile[234,100418341120698.mockFlowFile,23B]; routing to relationship simple
[pool-2439-thread-1] INFO org.apache.nifi.processors.standard.RouteText - RouteText[id=bf0f7ccb-620f-4544-b652-03cd51d8645e] Routing FlowFile[234,100418341120698.mockFlowFile,23B] to original
[main] DEBUG org.apache.nifi.processors.standard.RouteText - RouteText[id=bf0f7ccb-620f-4544-b652-03cd51d8645e] Adding new dynamic property: PropertyDescriptor[simple]
[pool-2440-thread-1] INFO org.apache.nifi.processors.standard.RouteText - RouteText[id=bf0f7ccb-620f-4544-b652-03cd51d8645e] Created FlowFile[237,100418341668610.mockFlowFile,23B] from FlowFile[236,100418341668610.mockFlowFile,23B]; routing to relationship simple
[pool-2440-thread-1] INFO org.apache.nifi.processors.standard.RouteText - RouteText[id=bf0f7ccb-620f-4544-b652-03cd51d8645e] Routing FlowFile[236,100418341668610.mockFlowFile,23B] to original
[main] DEBUG org.apache.nifi.processors.standard.RouteText - RouteText[id=bf0f7ccb-620f-4544-b652-03cd51d8645e] Adding new dynamic property: PropertyDescriptor[simple]
[pool-2441-thread-1] INFO org.apache.nifi.processors.standard.RouteText - RouteText[id=bf0f7ccb-620f-4544-b652-03cd51d8645e] Created FlowFile[239,100418342203315.mockFlowFile,23B] from FlowFile[238,100418342203315.mockFlowFile,23B]; routing to relationship simple
[pool-2441-thread-1] INFO org.apache.nifi.processors.standard.RouteText - RouteText[id=bf0f7ccb-620f-4544-b652-03cd51d8645e] Routing FlowFile[238,100418342203315.mockFlowFile,23B] to original
[main] DEBUG org.apache.nifi.processors.standard.RouteText - RouteText[id=bf0f7ccb-620f-4544-b652-03cd51d8645e] Adding new dynamic property: PropertyDescriptor[simple]
[pool-2442-thread-1] INFO org.apache.nifi.processors.standard.RouteText - RouteText[id=bf0f7ccb-620f-4544-b652-03cd51d8645e] Created FlowFile[241,100418342659905.mockFlowFile,23B] from FlowFile[240,100418342659905.mockFlowFile,23B]; routing to relationship simple
[pool-2442-thread-1] INFO org.apache.nifi.processors.standard.RouteText - RouteText[id=bf0f7ccb-620f-4544-b652-03cd51d8645e] Routing FlowFile[240,100418342659905.mockFlowFile,23B] to original
[main] DEBUG org.apache.nifi.processors.standard.RouteText - RouteText[id=bf0f7ccb-620f-4544-b652-03cd51d8645e] Adding new dynamic property: PropertyDescriptor[simple]
[pool-2443-thread-1] INFO org.apache.nifi.processors.standard.RouteText - RouteText[id=bf0f7ccb-620f-4544-b652-03cd51d8645e] Created FlowFile[243,100418343106403.mockFlowFile,23B] from FlowFile[242,100418343106403.mockFlowFile,23B]; routing to relationship simple
[pool-2443-thread-1] INFO org.apache.nifi.processors.standard.RouteText - RouteText[id=bf0f7ccb-620f-4544-b652-03cd51d8645e] Routing FlowFile[242,100418343106403.mockFlowFile,23B] to original
[main] DEBUG org.apache.nifi.processors.standard.RouteText - RouteText[id=bf0f7ccb-620f-4544-b652-03cd51d8645e] Adding new dynamic property: PropertyDescriptor[simple]
[pool-2444-thread-1] INFO org.apache.nifi.processors.standard.RouteText - RouteText[id=bf0f7ccb-620f-4544-b652-03cd51d8645e] Created FlowFile[245,100418343731082.mockFlowFile,23B] from FlowFile[244,100418343731082.mockFlowFile,23B]; routing to relationship simple
[pool-2444-thread-1] INFO org.apache.nifi.processors.standard.RouteText - RouteText[id=bf0f7ccb-620f-4544-b652-03cd51d8645e] Routing FlowFile[244,100418343731082.mockFlowFile,23B] to original
[main] DEBUG org.apache.nifi.processors.standard.RouteText - RouteText[id=bf0f7ccb-620f-4544-b652-03cd51d8645e] Adding new dynamic property: PropertyDescriptor[simple]
[pool-2445-thread-1] INFO org.apache.nifi.processors.standard.RouteText - RouteText[id=bf0f7ccb-620f-4544-b652-03cd51d8645e] Created FlowFile[247,100418344347232.mockFlowFile,23B] from FlowFile[246,100418344347232.mockFlowFile,23B]; routing to relationship simple
[pool-2445-thread-1] INFO org.apache.nifi.processors.standard.RouteText - RouteText[id=bf0f7ccb-620f-4544-b652-03cd51d8645e] Routing FlowFile[246,100418344347232.mockFlowFile,23B] to original
[main] DEBUG org.apache.nifi.processors.standard.RouteText - RouteText[id=bf0f7ccb-620f-4544-b652-03cd51d8645e] Adding new dynamic property: PropertyDescriptor[simple]
[pool-2446-thread-1] INFO org.apache.nifi.processors.standard.RouteText - RouteText[id=bf0f7ccb-620f-4544-b652-03cd51d8645e] Created FlowFile[249,100418345028206.mockFlowFile,23B] from FlowFile[248,100418345028206.mockFlowFile,23B]; routing to relationship simple
[pool-2446-thread-1] INFO org.apache.nifi.processors.standard.RouteText - RouteText[id=bf0f7ccb-620f-4544-b652-03cd51d8645e] Routing FlowFile[248,100418345028206.mockFlowFile,23B] to original
[main] DEBUG org.apache.nifi.processors.standard.RouteText - RouteText[id=bf0f7ccb-620f-4544-b652-03cd51d8645e] Adding new dynamic property: PropertyDescriptor[simple]
[pool-2447-thread-1] INFO org.apache.nifi.processors.standard.RouteText - RouteText[id=bf0f7ccb-620f-4544-b652-03cd51d8645e] Created FlowFile[251,100418345742593.mockFlowFile,23B] from FlowFile[250,100418345742593.mockFlowFile,23B]; routing to relationship simple
[pool-2447-thread-1] INFO org.apache.nifi.processors.standard.RouteText - RouteText[id=bf0f7ccb-620f-4544-b652-03cd51d8645e] Routing FlowFile[250,100418345742593.mockFlowFile,23B] to original
[main] DEBUG org.apache.nifi.processors.standard.RouteText - RouteText[id=bf0f7ccb-620f-4544-b652-03cd51d8645e] Adding new dynamic property: PropertyDescriptor[simple]
[pool-2448-thread-1] INFO org.apache.nifi.processors.standard.RouteText - RouteText[id=bf0f7ccb-620f-4544-b652-03cd51d8645e] Created FlowFile[253,100418346344757.mockFlowFile,23B] from FlowFile[252,100418346344757.mockFlowFile,23B]; routing to relationship simple
[pool-2448-thread-1] INFO org.apache.nifi.processors.standard.RouteText - RouteText[id=bf0f7ccb-620f-4544-b652-03cd51d8645e] Routing FlowFile[252,100418346344757.mockFlowFile,23B] to original
[main] DEBUG org.apache.nifi.processors.standard.RouteText - RouteText[id=bf0f7ccb-620f-4544-b652-03cd51d8645e] Adding new dynamic property: PropertyDescriptor[simple]
[pool-2449-thread-1] INFO org.apache.nifi.processors.standard.RouteText - RouteText[id=bf0f7ccb-620f-4544-b652-03cd51d8645e] Created FlowFile[255,100418346842496.mockFlowFile,23B] from FlowFile[254,100418346842496.mockFlowFile,23B]; routing to relationship simple
[pool-2449-thread-1] INFO org.apache.nifi.processors.standard.RouteText - RouteText[id=bf0f7ccb-620f-4544-b652-03cd51d8645e] Routing FlowFile[254,100418346842496.mockFlowFile,23B] to original
[main] DEBUG org.apache.nifi.processors.standard.RouteText - RouteText[id=bf0f7ccb-620f-4544-b652-03cd51d8645e] Adding new dynamic property: PropertyDescriptor[simple]
[pool-2450-thread-1] INFO org.apache.nifi.processors.standard.RouteText - RouteText[id=bf0f7ccb-620f-4544-b652-03cd51d8645e] Created FlowFile[257,100418347565919.mockFlowFile,23B] from FlowFile[256,100418347565919.mockFlowFile,23B]; routing to relationship simple
[pool-2450-thread-1] INFO org.apache.nifi.processors.standard.RouteText - RouteText[id=bf0f7ccb-620f-4544-b652-03cd51d8645e] Routing FlowFile[256,100418347565919.mockFlowFile,23B] to original
[main] DEBUG org.apache.nifi.processors.standard.RouteText - RouteText[id=bf0f7ccb-620f-4544-b652-03cd51d8645e] Adding new dynamic property: PropertyDescriptor[simple]
[pool-2451-thread-1] INFO org.apache.nifi.processors.standard.RouteText - RouteText[id=bf0f7ccb-620f-4544-b652-03cd51d8645e] Created FlowFile[259,100418348250179.mockFlowFile,23B] from FlowFile[258,100418348250179.mockFlowFile,23B]; routing to relationship simple
[pool-2451-thread-1] INFO org.apache.nifi.processors.standard.RouteText - RouteText[id=bf0f7ccb-620f-4544-b652-03cd51d8645e] Routing FlowFile[258,100418348250179.mockFlowFile,23B] to original
[main] DEBUG org.apache.nifi.processors.standard.RouteText - RouteText[id=bf0f7ccb-620f-4544-b652-03cd51d8645e] Adding new dynamic property: PropertyDescriptor[simple]
[pool-2452-thread-1] INFO org.apache.nifi.processors.standard.RouteText - RouteText[id=bf0f7ccb-620f-4544-b652-03cd51d8645e] Created FlowFile[261,100418348780642.mockFlowFile,23B] from FlowFile[260,100418348780642.mockFlowFile,23B]; routing to relationship simple
[pool-2452-thread-1] INFO org.apache.nifi.processors.standard.RouteText - RouteText[id=bf0f7ccb-620f-4544-b652-03cd51d8645e] Routing FlowFile[260,100418348780642.mockFlowFile,23B] to original
[main] DEBUG org.apache.nifi.processors.standard.RouteText - RouteText[id=bf0f7ccb-620f-4544-b652-03cd51d8645e] Adding new dynamic property: PropertyDescriptor[simple]
[pool-2453-thread-1] INFO org.apache.nifi.processors.standard.RouteText - RouteText[id=bf0f7ccb-620f-4544-b652-03cd51d8645e] Created FlowFile[263,100418349247825.mockFlowFile,23B] from FlowFile[262,100418349247825.mockFlowFile,23B]; routing to relationship simple
[pool-2453-thread-1] INFO org.apache.nifi.processors.standard.RouteText - RouteText[id=bf0f7ccb-620f-4544-b652-03cd51d8645e] Routing FlowFile[262,100418349247825.mockFlowFile,23B] to original
[main] DEBUG org.apache.nifi.processors.standard.RouteText - RouteText[id=bf0f7ccb-620f-4544-b652-03cd51d8645e] Adding new dynamic property: PropertyDescriptor[simple]
[pool-2454-thread-1] INFO org.apache.nifi.processors.standard.RouteText - RouteText[id=bf0f7ccb-620f-4544-b652-03cd51d8645e] Created FlowFile[265,100418349696242.mockFlowFile,23B] from FlowFile[264,100418349696242.mockFlowFile,23B]; routing to relationship simple
[pool-2454-thread-1] INFO org.apache.nifi.processors.standard.RouteText - RouteText[id=bf0f7ccb-620f-4544-b652-03cd51d8645e] Routing FlowFile[264,100418349696242.mockFlowFile,23B] to original
[main] DEBUG org.apache.nifi.processors.standard.RouteText - RouteText[id=bf0f7ccb-620f-4544-b652-03cd51d8645e] Adding new dynamic property: PropertyDescriptor[simple]
[pool-2455-thread-1] INFO org.apache.nifi.processors.standard.RouteText - RouteText[id=bf0f7ccb-620f-4544-b652-03cd51d8645e] Created FlowFile[267,100418350142713.mockFlowFile,23B] from FlowFile[266,100418350142713.mockFlowFile,23B]; routing to relationship simple
[pool-2455-thread-1] INFO org.apache.nifi.processors.standard.RouteText - RouteText[id=bf0f7ccb-620f-4544-b652-03cd51d8645e] Routing FlowFile[266,100418350142713.mockFlowFile,23B] to original
[main] DEBUG org.apache.nifi.processors.standard.RouteText - RouteText[id=bf0f7ccb-620f-4544-b652-03cd51d8645e] Adding new dynamic property: PropertyDescriptor[simple]
[pool-2456-thread-1] INFO org.apache.nifi.processors.standard.RouteText - RouteText[id=bf0f7ccb-620f-4544-b652-03cd51d8645e] Created FlowFile[269,100418350675047.mockFlowFile,23B] from FlowFile[268,100418350675047.mockFlowFile,23B]; routing to relationship simple
[pool-2456-thread-1] INFO org.apache.nifi.processors.standard.RouteText - RouteText[id=bf0f7ccb-620f-4544-b652-03cd51d8645e] Routing FlowFile[268,100418350675047.mockFlowFile,23B] to original
[main] DEBUG org.apache.nifi.processors.standard.RouteText - RouteText[id=bf0f7ccb-620f-4544-b652-03cd51d8645e] Adding new dynamic property: PropertyDescriptor[simple]
[pool-2457-thread-1] INFO org.apache.nifi.processors.standard.RouteText - RouteText[id=bf0f7ccb-620f-4544-b652-03cd51d8645e] Created FlowFile[271,100418351194751.mockFlowFile,23B] from FlowFile[270,100418351194751.mockFlowFile,23B]; routing to relationship simple
[pool-2457-thread-1] INFO org.apache.nifi.processors.standard.RouteText - RouteText[id=bf0f7ccb-620f-4544-b652-03cd51d8645e] Routing FlowFile[270,100418351194751.mockFlowFile,23B] to original
[main] DEBUG org.apache.nifi.processors.standard.RouteText - RouteText[id=bf0f7ccb-620f-4544-b652-03cd51d8645e] Adding new dynamic property: PropertyDescriptor[simple]
[pool-2458-thread-1] INFO org.apache.nifi.processors.standard.RouteText - RouteText[id=bf0f7ccb-620f-4544-b652-03cd51d8645e] Created FlowFile[273,100418351844524.mockFlowFile,23B] from FlowFile[272,100418351844524.mockFlowFile,23B]; routing to relationship simple
[pool-2458-thread-1] INFO org.apache.nifi.processors.standard.RouteText - RouteText[id=bf0f7ccb-620f-4544-b652-03cd51d8645e] Routing FlowFile[272,100418351844524.mockFlowFile,23B] to original
[main] DEBUG org.apache.nifi.processors.standard.RouteText - RouteText[id=bf0f7ccb-620f-4544-b652-03cd51d8645e] Adding new dynamic property: PropertyDescriptor[simple]
[pool-2459-thread-1] INFO org.apache.nifi.processors.standard.RouteText - RouteText[id=bf0f7ccb-620f-4544-b652-03cd51d8645e] Created FlowFile[275,100418352369172.mockFlowFile,23B] from FlowFile[274,100418352369172.mockFlowFile,23B]; routing to relationship simple
[pool-2459-thread-1] INFO org.apache.nifi.processors.standard.RouteText - RouteText[id=bf0f7ccb-620f-4544-b652-03cd51d8645e] Routing FlowFile[274,100418352369172.mockFlowFile,23B] to original
[main] DEBUG org.apache.nifi.processors.standard.RouteText - RouteText[id=bf0f7ccb-620f-4544-b652-03cd51d8645e] Adding new dynamic property: PropertyDescriptor[simple]
[pool-2460-thread-1] INFO org.apache.nifi.processors.standard.RouteText - RouteText[id=bf0f7ccb-620f-4544-b652-03cd51d8645e] Created FlowFile[277,100418352840065.mockFlowFile,23B] from FlowFile[276,100418352840065.mockFlowFile,23B]; routing to relationship simple
[pool-2460-thread-1] INFO org.apache.nifi.processors.standard.RouteText - RouteText[id=bf0f7ccb-620f-4544-b652-03cd51d8645e] Routing FlowFile[276,100418352840065.mockFlowFile,23B] to original
[main] DEBUG org.apache.nifi.processors.standard.RouteText - RouteText[id=bf0f7ccb-620f-4544-b652-03cd51d8645e] Adding new dynamic property: PropertyDescriptor[simple]
[pool-2461-thread-1] INFO org.apache.nifi.processors.standard.RouteText - RouteText[id=bf0f7ccb-620f-4544-b652-03cd51d8645e] Created FlowFile[279,100418353301205.mockFlowFile,23B] from FlowFile[278,100418353301205.mockFlowFile,23B]; routing to relationship simple
[pool-2461-thread-1] INFO org.apache.nifi.processors.standard.RouteText - RouteText[id=bf0f7ccb-620f-4544-b652-03cd51d8645e] Routing FlowFile[278,100418353301205.mockFlowFile,23B] to original
[main] DEBUG org.apache.nifi.processors.standard.RouteText - RouteText[id=bf0f7ccb-620f-4544-b652-03cd51d8645e] Adding new dynamic property: PropertyDescriptor[simple]
[pool-2462-thread-1] INFO org.apache.nifi.processors.standard.RouteText - RouteText[id=bf0f7ccb-620f-4544-b652-03cd51d8645e] Created FlowFile[281,100418353780793.mockFlowFile,23B] from FlowFile[280,100418353780793.mockFlowFile,23B]; routing to relationship simple
[pool-2462-thread-1] INFO org.apache.nifi.processors.standard.RouteText - RouteText[id=bf0f7ccb-620f-4544-b652-03cd51d8645e] Routing FlowFile[280,100418353780793.mockFlowFile,23B] to original
[main] DEBUG org.apache.nifi.processors.standard.RouteText - RouteText[id=bf0f7ccb-620f-4544-b652-03cd51d8645e] Adding new dynamic property: PropertyDescriptor[simple]
[pool-2463-thread-1] INFO org.apache.nifi.processors.standard.RouteText - RouteText[id=bf0f7ccb-620f-4544-b652-03cd51d8645e] Created FlowFile[283,100418354300918.mockFlowFile,23B] from FlowFile[282,100418354300918.mockFlowFile,23B]; routing to relationship simple
[pool-2463-thread-1] INFO org.apache.nifi.processors.standard.RouteText - RouteText[id=bf0f7ccb-620f-4544-b652-03cd51d8645e] Routing FlowFile[282,100418354300918.mockFlowFile,23B] to original
[main] DEBUG org.apache.nifi.processors.standard.RouteText - RouteText[id=bf0f7ccb-620f-4544-b652-03cd51d8645e] Adding new dynamic property: PropertyDescriptor[simple]
[pool-2464-thread-1] INFO org.apache.nifi.processors.standard.RouteText - RouteText[id=bf0f7ccb-620f-4544-b652-03cd51d8645e] Created FlowFile[285,100418354801044.mockFlowFile,23B] from FlowFile[284,100418354801044.mockFlowFile,23B]; routing to relationship simple
[pool-2464-thread-1] INFO org.apache.nifi.processors.standard.RouteText - RouteText[id=bf0f7ccb-620f-4544-b652-03cd51d8645e] Routing FlowFile[284,100418354801044.mockFlowFile,23B] to original
[main] DEBUG org.apache.nifi.processors.standard.RouteText - RouteText[id=bf0f7ccb-620f-4544-b652-03cd51d8645e] Adding new dynamic property: PropertyDescriptor[simple]
[pool-2465-thread-1] INFO org.apache.nifi.processors.standard.RouteText - RouteText[id=bf0f7ccb-620f-4544-b652-03cd51d8645e] Created FlowFile[287,100418355277780.mockFlowFile,23B] from FlowFile[286,100418355277780.mockFlowFile,23B]; routing to relationship simple
[pool-2465-thread-1] INFO org.apache.nifi.processors.standard.RouteText - RouteText[id=bf0f7ccb-620f-4544-b652-03cd51d8645e] Routing FlowFile[286,100418355277780.mockFlowFile,23B] to original
[main] DEBUG org.apache.nifi.processors.standard.RouteText - RouteText[id=bf0f7ccb-620f-4544-b652-03cd51d8645e] Adding new dynamic property: PropertyDescriptor[simple]
[pool-2466-thread-1] INFO org.apache.nifi.processors.standard.RouteText - RouteText[id=bf0f7ccb-620f-4544-b652-03cd51d8645e] Created FlowFile[289,100418355706504.mockFlowFile,23B] from FlowFile[288,100418355706504.mockFlowFile,23B]; routing to relationship simple
[pool-2466-thread-1] INFO org.apache.nifi.processors.standard.RouteText - RouteText[id=bf0f7ccb-620f-4544-b652-03cd51d8645e] Routing FlowFile[288,100418355706504.mockFlowFile,23B] to original
[main] DEBUG org.apache.nifi.processors.standard.RouteText - RouteText[id=bf0f7ccb-620f-4544-b652-03cd51d8645e] Adding new dynamic property: PropertyDescriptor[simple]
[pool-2467-thread-1] INFO org.apache.nifi.processors.standard.RouteText - RouteText[id=bf0f7ccb-620f-4544-b652-03cd51d8645e] Created FlowFile[291,100418356188118.mockFlowFile,23B] from FlowFile[290,100418356188118.mockFlowFile,23B]; routing to relationship simple
[pool-2467-thread-1] INFO org.apache.nifi.processors.standard.RouteText - RouteText[id=bf0f7ccb-620f-4544-b652-03cd51d8645e] Routing FlowFile[290,100418356188118.mockFlowFile,23B] to original
[main] DEBUG org.apache.nifi.processors.standard.RouteText - RouteText[id=bf0f7ccb-620f-4544-b652-03cd51d8645e] Adding new dynamic property: PropertyDescriptor[simple]
[pool-2468-thread-1] INFO org.apache.nifi.processors.standard.RouteText - RouteText[id=bf0f7ccb-620f-4544-b652-03cd51d8645e] Created FlowFile[293,100418356621174.mockFlowFile,23B] from FlowFile[292,100418356621174.mockFlowFile,23B]; routing to relationship simple
[pool-2468-thread-1] INFO org.apache.nifi.processors.standard.RouteText - RouteText[id=bf0f7ccb-620f-4544-b652-03cd51d8645e] Routing FlowFile[292,100418356621174.mockFlowFile,23B] to original
[main] DEBUG org.apache.nifi.processors.standard.RouteText - RouteText[id=bf0f7ccb-620f-4544-b652-03cd51d8645e] Adding new dynamic property: PropertyDescriptor[simple]
[pool-2469-thread-1] INFO org.apache.nifi.processors.standard.RouteText - RouteText[id=bf0f7ccb-620f-4544-b652-03cd51d8645e] Created FlowFile[295,100418357105802.mockFlowFile,23B] from FlowFile[294,100418357105802.mockFlowFile,23B]; routing to relationship simple
[pool-2469-thread-1] INFO org.apache.nifi.processors.standard.RouteText - RouteText[id=bf0f7ccb-620f-4544-b652-03cd51d8645e] Routing FlowFile[294,100418357105802.mockFlowFile,23B] to original
[main] DEBUG org.apache.nifi.processors.standard.RouteText - RouteText[id=bf0f7ccb-620f-4544-b652-03cd51d8645e] Adding new dynamic property: PropertyDescriptor[simple]
[pool-2470-thread-1] INFO org.apache.nifi.processors.standard.RouteText - RouteText[id=bf0f7ccb-620f-4544-b652-03cd51d8645e] Created FlowFile[297,100418357591478.mockFlowFile,23B] from FlowFile[296,100418357591478.mockFlowFile,23B]; routing to relationship simple
[pool-2470-thread-1] INFO org.apache.nifi.processors.standard.RouteText - RouteText[id=bf0f7ccb-620f-4544-b652-03cd51d8645e] Routing FlowFile[296,100418357591478.mockFlowFile,23B] to original
[main] DEBUG org.apache.nifi.processors.standard.RouteText - RouteText[id=bf0f7ccb-620f-4544-b652-03cd51d8645e] Adding new dynamic property: PropertyDescriptor[simple]
[pool-2471-thread-1] INFO org.apache.nifi.processors.standard.RouteText - RouteText[id=bf0f7ccb-620f-4544-b652-03cd51d8645e] Created FlowFile[299,100418358074269.mockFlowFile,23B] from FlowFile[298,100418358074269.mockFlowFile,23B]; routing to relationship simple
[pool-2471-thread-1] INFO org.apache.nifi.processors.standard.RouteText - RouteText[id=bf0f7ccb-620f-4544-b652-03cd51d8645e] Routing FlowFile[298,100418358074269.mockFlowFile,23B] to original
[main] DEBUG org.apache.nifi.processors.standard.RouteText - RouteText[id=bf0f7ccb-620f-4544-b652-03cd51d8645e] Adding new dynamic property: PropertyDescriptor[simple]
[pool-2472-thread-1] INFO org.apache.nifi.processors.standard.RouteText - RouteText[id=bf0f7ccb-620f-4544-b652-03cd51d8645e] Created FlowFile[301,100418358577500.mockFlowFile,23B] from FlowFile[300,100418358577500.mockFlowFile,23B]; routing to relationship simple
[pool-2472-thread-1] INFO org.apache.nifi.processors.standard.RouteText - RouteText[id=bf0f7ccb-620f-4544-b652-03cd51d8645e] Routing FlowFile[300,100418358577500.mockFlowFile,23B] to original
[main] DEBUG org.apache.nifi.processors.standard.RouteText - RouteText[id=bf0f7ccb-620f-4544-b652-03cd51d8645e] Adding new dynamic property: PropertyDescriptor[simple]
[pool-2473-thread-1] INFO org.apache.nifi.processors.standard.RouteText - RouteText[id=bf0f7ccb-620f-4544-b652-03cd51d8645e] Created FlowFile[303,100418359100435.mockFlowFile,23B] from FlowFile[302,100418359100435.mockFlowFile,23B]; routing to relationship simple
[pool-2473-thread-1] INFO org.apache.nifi.processors.standard.RouteText - RouteText[id=bf0f7ccb-620f-4544-b652-03cd51d8645e] Routing FlowFile[302,100418359100435.mockFlowFile,23B] to original
[main] DEBUG org.apache.nifi.processors.standard.RouteText - RouteText[id=bf0f7ccb-620f-4544-b652-03cd51d8645e] Adding new dynamic property: PropertyDescriptor[simple]
[pool-2474-thread-1] INFO org.apache.nifi.processors.standard.RouteText - RouteText[id=bf0f7ccb-620f-4544-b652-03cd51d8645e] Created FlowFile[305,100418359572885.mockFlowFile,23B] from FlowFile[304,100418359572885.mockFlowFile,23B]; routing to relationship simple
[pool-2474-thread-1] INFO org.apache.nifi.processors.standard.RouteText - RouteText[id=bf0f7ccb-620f-4544-b652-03cd51d8645e] Routing FlowFile[304,100418359572885.mockFlowFile,23B] to original
[main] DEBUG org.apache.nifi.processors.standard.RouteText - RouteText[id=bf0f7ccb-620f-4544-b652-03cd51d8645e] Adding new dynamic property: PropertyDescriptor[simple]
[pool-2475-thread-1] INFO org.apache.nifi.processors.standard.RouteText - RouteText[id=bf0f7ccb-620f-4544-b652-03cd51d8645e] Created FlowFile[307,100418360118539.mockFlowFile,23B] from FlowFile[306,100418360118539.mockFlowFile,23B]; routing to relationship simple
[pool-2475-thread-1] INFO org.apache.nifi.processors.standard.RouteText - RouteText[id=bf0f7ccb-620f-4544-b652-03cd51d8645e] Routing FlowFile[306,100418360118539.mockFlowFile,23B] to original
[main] DEBUG org.apache.nifi.processors.standard.RouteText - RouteText[id=bf0f7ccb-620f-4544-b652-03cd51d8645e] Adding new dynamic property: PropertyDescriptor[simple]
[pool-2476-thread-1] INFO org.apache.nifi.processors.standard.RouteText - RouteText[id=bf0f7ccb-620f-4544-b652-03cd51d8645e] Created FlowFile[309,100418360677974.mockFlowFile,23B] from FlowFile[308,100418360677974.mockFlowFile,23B]; routing to relationship simple
[pool-2476-thread-1] INFO org.apache.nifi.processors.standard.RouteText - RouteText[id=bf0f7ccb-620f-4544-b652-03cd51d8645e] Routing FlowFile[308,100418360677974.mockFlowFile,23B] to original
[main] DEBUG org.apache.nifi.processors.standard.RouteText - RouteText[id=bf0f7ccb-620f-4544-b652-03cd51d8645e] Adding new dynamic property: PropertyDescriptor[simple]
[pool-2477-thread-1] INFO org.apache.nifi.processors.standard.RouteText - RouteText[id=bf0f7ccb-620f-4544-b652-03cd51d8645e] Created FlowFile[311,100418361300522.mockFlowFile,23B] from FlowFile[310,100418361300522.mockFlowFile,23B]; routing to relationship simple
[pool-2477-thread-1] INFO org.apache.nifi.processors.standard.RouteText - RouteText[id=bf0f7ccb-620f-4544-b652-03cd51d8645e] Routing FlowFile[310,100418361300522.mockFlowFile,23B] to original
[main] DEBUG org.apache.nifi.processors.standard.RouteText - RouteText[id=bf0f7ccb-620f-4544-b652-03cd51d8645e] Adding new dynamic property: PropertyDescriptor[simple]
[pool-2478-thread-1] INFO org.apache.nifi.processors.standard.RouteText - RouteText[id=bf0f7ccb-620f-4544-b652-03cd51d8645e] Created FlowFile[313,100418361926250.mockFlowFile,23B] from FlowFile[312,100418361926250.mockFlowFile,23B]; routing to relationship simple
[pool-2478-thread-1] INFO org.apache.nifi.processors.standard.RouteText - RouteText[id=bf0f7ccb-620f-4544-b652-03cd51d8645e] Routing FlowFile[312,100418361926250.mockFlowFile,23B] to original
[main] DEBUG org.apache.nifi.processors.standard.RouteText - RouteText[id=bf0f7ccb-620f-4544-b652-03cd51d8645e] Adding new dynamic property: PropertyDescriptor[simple]
[pool-2479-thread-1] INFO org.apache.nifi.processors.standard.RouteText - RouteText[id=bf0f7ccb-620f-4544-b652-03cd51d8645e] Created FlowFile[315,100418362515544.mockFlowFile,23B] from FlowFile[314,100418362515544.mockFlowFile,23B]; routing to relationship simple
[pool-2479-thread-1] INFO org.apache.nifi.processors.standard.RouteText - RouteText[id=bf0f7ccb-620f-4544-b652-03cd51d8645e] Routing FlowFile[314,100418362515544.mockFlowFile,23B] to original
[main] DEBUG org.apache.nifi.processors.standard.RouteText - RouteText[id=bf0f7ccb-620f-4544-b652-03cd51d8645e] Adding new dynamic property: PropertyDescriptor[simple]
[pool-2480-thread-1] INFO org.apache.nifi.processors.standard.RouteText - RouteText[id=bf0f7ccb-620f-4544-b652-03cd51d8645e] Created FlowFile[317,100418363032389.mockFlowFile,23B] from FlowFile[316,100418363032389.mockFlowFile,23B]; routing to relationship simple
[pool-2480-thread-1] INFO org.apache.nifi.processors.standard.RouteText - RouteText[id=bf0f7ccb-620f-4544-b652-03cd51d8645e] Routing FlowFile[316,100418363032389.mockFlowFile,23B] to original
[main] DEBUG org.apache.nifi.processors.standard.RouteText - RouteText[id=bf0f7ccb-620f-4544-b652-03cd51d8645e] Adding new dynamic property: PropertyDescriptor[simple]
[pool-2481-thread-1] INFO org.apache.nifi.processors.standard.RouteText - RouteText[id=bf0f7ccb-620f-4544-b652-03cd51d8645e] Created FlowFile[319,100418363521874.mockFlowFile,23B] from FlowFile[318,100418363521874.mockFlowFile,23B]; routing to relationship simple
[pool-2481-thread-1] INFO org.apache.nifi.processors.standard.RouteText - RouteText[id=bf0f7ccb-620f-4544-b652-03cd51d8645e] Routing FlowFile[318,100418363521874.mockFlowFile,23B] to original
[main] DEBUG org.apache.nifi.processors.standard.RouteText - RouteText[id=bf0f7ccb-620f-4544-b652-03cd51d8645e] Adding new dynamic property: PropertyDescriptor[simple]
[pool-2482-thread-1] INFO org.apache.nifi.processors.standard.RouteText - RouteText[id=bf0f7ccb-620f-4544-b652-03cd51d8645e] Created FlowFile[321,100418364099280.mockFlowFile,23B] from FlowFile[320,100418364099280.mockFlowFile,23B]; routing to relationship simple
[pool-2482-thread-1] INFO org.apache.nifi.processors.standard.RouteText - RouteText[id=bf0f7ccb-620f-4544-b652-03cd51d8645e] Routing FlowFile[320,100418364099280.mockFlowFile,23B] to original
[main] DEBUG org.apache.nifi.processors.standard.RouteText - RouteText[id=bf0f7ccb-620f-4544-b652-03cd51d8645e] Adding new dynamic property: PropertyDescriptor[simple]
[pool-2483-thread-1] INFO org.apache.nifi.processors.standard.RouteText - RouteText[id=bf0f7ccb-620f-4544-b652-03cd51d8645e] Created FlowFile[323,100418364597501.mockFlowFile,23B] from FlowFile[322,100418364597501.mockFlowFile,23B]; routing to relationship simple
[pool-2483-thread-1] INFO org.apache.nifi.processors.standard.RouteText - RouteText[id=bf0f7ccb-620f-4544-b652-03cd51d8645e] Routing FlowFile[322,100418364597501.mockFlowFile,23B] to original
[main] DEBUG org.apache.nifi.processors.standard.RouteText - RouteText[id=bf0f7ccb-620f-4544-b652-03cd51d8645e] Adding new dynamic property: PropertyDescriptor[simple]
[pool-2484-thread-1] INFO org.apache.nifi.processors.standard.RouteText - RouteText[id=bf0f7ccb-620f-4544-b652-03cd51d8645e] Created FlowFile[325,100418365175708.mockFlowFile,23B] from FlowFile[324,100418365175708.mockFlowFile,23B]; routing to relationship simple
[pool-2484-thread-1] INFO org.apache.nifi.processors.standard.RouteText - RouteText[id=bf0f7ccb-620f-4544-b652-03cd51d8645e] Routing FlowFile[324,100418365175708.mockFlowFile,23B] to original
[main] DEBUG org.apache.nifi.processors.standard.RouteText - RouteText[id=bf0f7ccb-620f-4544-b652-03cd51d8645e] Adding new dynamic property: PropertyDescriptor[simple]
[pool-2485-thread-1] INFO org.apache.nifi.processors.standard.RouteText - RouteText[id=bf0f7ccb-620f-4544-b652-03cd51d8645e] Created FlowFile[327,100418365737754.mockFlowFile,23B] from FlowFile[326,100418365737754.mockFlowFile,23B]; routing to relationship simple
[pool-2485-thread-1] INFO org.apache.nifi.processors.standard.RouteText - RouteText[id=bf0f7ccb-620f-4544-b652-03cd51d8645e] Routing FlowFile[326,100418365737754.mockFlowFile,23B] to original
[main] DEBUG org.apache.nifi.processors.standard.RouteText - RouteText[id=bf0f7ccb-620f-4544-b652-03cd51d8645e] Adding new dynamic property: PropertyDescriptor[simple]
[pool-2486-thread-1] INFO org.apache.nifi.processors.standard.RouteText - RouteText[id=bf0f7ccb-620f-4544-b652-03cd51d8645e] Created FlowFile[329,100418366277890.mockFlowFile,23B] from FlowFile[328,100418366277890.mockFlowFile,23B]; routing to relationship simple
[pool-2486-thread-1] INFO org.apache.nifi.processors.standard.RouteText - RouteText[id=bf0f7ccb-620f-4544-b652-03cd51d8645e] Routing FlowFile[328,100418366277890.mockFlowFile,23B] to original
[main] DEBUG org.apache.nifi.processors.standard.RouteText - RouteText[id=bf0f7ccb-620f-4544-b652-03cd51d8645e] Adding new dynamic property: PropertyDescriptor[simple]
[pool-2487-thread-1] INFO org.apache.nifi.processors.standard.RouteText - RouteText[id=bf0f7ccb-620f-4544-b652-03cd51d8645e] Created FlowFile[331,100418366812390.mockFlowFile,23B] from FlowFile[330,100418366812390.mockFlowFile,23B]; routing to relationship simple
[pool-2487-thread-1] INFO org.apache.nifi.processors.standard.RouteText - RouteText[id=bf0f7ccb-620f-4544-b652-03cd51d8645e] Routing FlowFile[330,100418366812390.mockFlowFile,23B] to original
[main] DEBUG org.apache.nifi.processors.standard.RouteText - RouteText[id=bf0f7ccb-620f-4544-b652-03cd51d8645e] Adding new dynamic property: PropertyDescriptor[simple]
[pool-2488-thread-1] INFO org.apache.nifi.processors.standard.RouteText - RouteText[id=bf0f7ccb-620f-4544-b652-03cd51d8645e] Created FlowFile[333,100418367359655.mockFlowFile,23B] from FlowFile[332,100418367359655.mockFlowFile,23B]; routing to relationship simple
[pool-2488-thread-1] INFO org.apache.nifi.processors.standard.RouteText - RouteText[id=bf0f7ccb-620f-4544-b652-03cd51d8645e] Routing FlowFile[332,100418367359655.mockFlowFile,23B] to original
[main] DEBUG org.apache.nifi.processors.standard.RouteText - RouteText[id=bf0f7ccb-620f-4544-b652-03cd51d8645e] Adding new dynamic property: PropertyDescriptor[simple]
[pool-2489-thread-1] INFO org.apache.nifi.processors.standard.RouteText - RouteText[id=bf0f7ccb-620f-4544-b652-03cd51d8645e] Created FlowFile[335,100418367881771.mockFlowFile,23B] from FlowFile[334,100418367881771.mockFlowFile,23B]; routing to relationship simple
[pool-2489-thread-1] INFO org.apache.nifi.processors.standard.RouteText - RouteText[id=bf0f7ccb-620f-4544-b652-03cd51d8645e] Routing FlowFile[334,100418367881771.mockFlowFile,23B] to original
[main] DEBUG org.apache.nifi.processors.standard.RouteText - RouteText[id=bf0f7ccb-620f-4544-b652-03cd51d8645e] Adding new dynamic property: PropertyDescriptor[simple]
[pool-2490-thread-1] INFO org.apache.nifi.processors.standard.RouteText - RouteText[id=bf0f7ccb-620f-4544-b652-03cd51d8645e] Created FlowFile[337,100418368414190.mockFlowFile,23B] from FlowFile[336,100418368414190.mockFlowFile,23B]; routing to relationship simple
[pool-2490-thread-1] INFO org.apache.nifi.processors.standard.RouteText - RouteText[id=bf0f7ccb-620f-4544-b652-03cd51d8645e] Routing FlowFile[336,100418368414190.mockFlowFile,23B] to original
[main] DEBUG org.apache.nifi.processors.standard.RouteText - RouteText[id=bf0f7ccb-620f-4544-b652-03cd51d8645e] Adding new dynamic property: PropertyDescriptor[simple]
[pool-2491-thread-1] INFO org.apache.nifi.processors.standard.RouteText - RouteText[id=bf0f7ccb-620f-4544-b652-03cd51d8645e] Created FlowFile[339,100418368972828.mockFlowFile,23B] from FlowFile[338,100418368972828.mockFlowFile,23B]; routing to relationship simple
[pool-2491-thread-1] INFO org.apache.nifi.processors.standard.RouteText - RouteText[id=bf0f7ccb-620f-4544-b652-03cd51d8645e] Routing FlowFile[338,100418368972828.mockFlowFile,23B] to original
[main] DEBUG org.apache.nifi.processors.standard.RouteText - RouteText[id=bf0f7ccb-620f-4544-b652-03cd51d8645e] Adding new dynamic property: PropertyDescriptor[simple]
[pool-2492-thread-1] INFO org.apache.nifi.processors.standard.RouteText - RouteText[id=bf0f7ccb-620f-4544-b652-03cd51d8645e] Created FlowFile[341,100418369524702.mockFlowFile,23B] from FlowFile[340,100418369524702.mockFlowFile,23B]; routing to relationship simple
[pool-2492-thread-1] INFO org.apache.nifi.processors.standard.RouteText - RouteText[id=bf0f7ccb-620f-4544-b652-03cd51d8645e] Routing FlowFile[340,100418369524702.mockFlowFile,23B] to original
[main] DEBUG org.apache.nifi.processors.standard.RouteText - RouteText[id=bf0f7ccb-620f-4544-b652-03cd51d8645e] Adding new dynamic property: PropertyDescriptor[simple]
[pool-2493-thread-1] INFO org.apache.nifi.processors.standard.RouteText - RouteText[id=bf0f7ccb-620f-4544-b652-03cd51d8645e] Created FlowFile[343,100418370077678.mockFlowFile,23B] from FlowFile[342,100418370077678.mockFlowFile,23B]; routing to relationship simple
[pool-2493-thread-1] INFO org.apache.nifi.processors.standard.RouteText - RouteText[id=bf0f7ccb-620f-4544-b652-03cd51d8645e] Routing FlowFile[342,100418370077678.mockFlowFile,23B] to original
[main] DEBUG org.apache.nifi.processors.standard.RouteText - RouteText[id=bf0f7ccb-620f-4544-b652-03cd51d8645e] Adding new dynamic property: PropertyDescriptor[simple]
[pool-2494-thread-1] INFO org.apache.nifi.processors.standard.RouteText - RouteText[id=bf0f7ccb-620f-4544-b652-03cd51d8645e] Created FlowFile[345,100418370611871.mockFlowFile,23B] from FlowFile[344,100418370611871.mockFlowFile,23B]; routing to relationship simple
[pool-2494-thread-1] INFO org.apache.nifi.processors.standard.RouteText - RouteText[id=bf0f7ccb-620f-4544-b652-03cd51d8645e] Routing FlowFile[344,100418370611871.mockFlowFile,23B] to original
[main] DEBUG org.apache.nifi.processors.standard.RouteText - RouteText[id=bf0f7ccb-620f-4544-b652-03cd51d8645e] Adding new dynamic property: PropertyDescriptor[simple]
[pool-2495-thread-1] INFO org.apache.nifi.processors.standard.RouteText - RouteText[id=bf0f7ccb-620f-4544-b652-03cd51d8645e] Created FlowFile[347,100418371141141.mockFlowFile,23B] from FlowFile[346,100418371141141.mockFlowFile,23B]; routing to relationship simple
[pool-2495-thread-1] INFO org.apache.nifi.processors.standard.RouteText - RouteText[id=bf0f7ccb-620f-4544-b652-03cd51d8645e] Routing FlowFile[346,100418371141141.mockFlowFile,23B] to original
[main] DEBUG org.apache.nifi.processors.standard.RouteText - RouteText[id=bf0f7ccb-620f-4544-b652-03cd51d8645e] Adding new dynamic property: PropertyDescriptor[simple]
[pool-2496-thread-1] INFO org.apache.nifi.processors.standard.RouteText - RouteText[id=bf0f7ccb-620f-4544-b652-03cd51d8645e] Created FlowFile[349,100418371693185.mockFlowFile,23B] from FlowFile[348,100418371693185.mockFlowFile,23B]; routing to relationship simple
[pool-2496-thread-1] INFO org.apache.nifi.processors.standard.RouteText - RouteText[id=bf0f7ccb-620f-4544-b652-03cd51d8645e] Routing FlowFile[348,100418371693185.mockFlowFile,23B] to original
[main] DEBUG org.apache.nifi.processors.standard.RouteText - RouteText[id=bf0f7ccb-620f-4544-b652-03cd51d8645e] Adding new dynamic property: PropertyDescriptor[simple]
[pool-2497-thread-1] INFO org.apache.nifi.processors.standard.RouteText - RouteText[id=bf0f7ccb-620f-4544-b652-03cd51d8645e] Created FlowFile[351,100418372228494.mockFlowFile,23B] from FlowFile[350,100418372228494.mockFlowFile,23B]; routing to relationship simple
[pool-2497-thread-1] INFO org.apache.nifi.processors.standard.RouteText - RouteText[id=bf0f7ccb-620f-4544-b652-03cd51d8645e] Routing FlowFile[350,100418372228494.mockFlowFile,23B] to original
[main] DEBUG org.apache.nifi.processors.standard.RouteText - RouteText[id=bf0f7ccb-620f-4544-b652-03cd51d8645e] Adding new dynamic property: PropertyDescriptor[simple]
[pool-2498-thread-1] INFO org.apache.nifi.processors.standard.RouteText - RouteText[id=bf0f7ccb-620f-4544-b652-03cd51d8645e] Created FlowFile[353,100418372755800.mockFlowFile,23B] from FlowFile[352,100418372755800.mockFlowFile,23B]; routing to relationship simple
[pool-2498-thread-1] INFO org.apache.nifi.processors.standard.RouteText - RouteText[id=bf0f7ccb-620f-4544-b652-03cd51d8645e] Routing FlowFile[352,100418372755800.mockFlowFile,23B] to original
[main] DEBUG org.apache.nifi.processors.standard.RouteText - RouteText[id=bf0f7ccb-620f-4544-b652-03cd51d8645e] Adding new dynamic property: PropertyDescriptor[simple]
[pool-2499-thread-1] INFO org.apache.nifi.processors.standard.RouteText - RouteText[id=bf0f7ccb-620f-4544-b652-03cd51d8645e] Created FlowFile[355,100418373315083.mockFlowFile,23B] from FlowFile[354,100418373315083.mockFlowFile,23B]; routing to relationship simple
[pool-2499-thread-1] INFO org.apache.nifi.processors.standard.RouteText - RouteText[id=bf0f7ccb-620f-4544-b652-03cd51d8645e] Routing FlowFile[354,100418373315083.mockFlowFile,23B] to original
[main] DEBUG org.apache.nifi.processors.standard.RouteText - RouteText[id=bf0f7ccb-620f-4544-b652-03cd51d8645e] Adding new dynamic property: PropertyDescriptor[simple]
[pool-2500-thread-1] INFO org.apache.nifi.processors.standard.RouteText - RouteText[id=bf0f7ccb-620f-4544-b652-03cd51d8645e] Created FlowFile[357,100418373890563.mockFlowFile,23B] from FlowFile[356,100418373890563.mockFlowFile,23B]; routing to relationship simple
[pool-2500-thread-1] INFO org.apache.nifi.processors.standard.RouteText - RouteText[id=bf0f7ccb-620f-4544-b652-03cd51d8645e] Routing FlowFile[356,100418373890563.mockFlowFile,23B] to original
[main] DEBUG org.apache.nifi.processors.standard.RouteText - RouteText[id=bf0f7ccb-620f-4544-b652-03cd51d8645e] Adding new dynamic property: PropertyDescriptor[simple]
[pool-2501-thread-1] INFO org.apache.nifi.processors.standard.RouteText - RouteText[id=bf0f7ccb-620f-4544-b652-03cd51d8645e] Created FlowFile[359,100418374461821.mockFlowFile,23B] from FlowFile[358,100418374461821.mockFlowFile,23B]; routing to relationship simple
[pool-2501-thread-1] INFO org.apache.nifi.processors.standard.RouteText - RouteText[id=bf0f7ccb-620f-4544-b652-03cd51d8645e] Routing FlowFile[358,100418374461821.mockFlowFile,23B] to original
[main] DEBUG org.apache.nifi.processors.standard.RouteText - RouteText[id=bf0f7ccb-620f-4544-b652-03cd51d8645e] Adding new dynamic property: PropertyDescriptor[simple]
[pool-2502-thread-1] INFO org.apache.nifi.processors.standard.RouteText - RouteText[id=bf0f7ccb-620f-4544-b652-03cd51d8645e] Created FlowFile[361,100418375016950.mockFlowFile,23B] from FlowFile[360,100418375016950.mockFlowFile,23B]; routing to relationship simple
[pool-2502-thread-1] INFO org.apache.nifi.processors.standard.RouteText - RouteText[id=bf0f7ccb-620f-4544-b652-03cd51d8645e] Routing FlowFile[360,100418375016950.mockFlowFile,23B] to original
[main] DEBUG org.apache.nifi.processors.standard.RouteText - RouteText[id=bf0f7ccb-620f-4544-b652-03cd51d8645e] Adding new dynamic property: PropertyDescriptor[simple]
[pool-2503-thread-1] INFO org.apache.nifi.processors.standard.RouteText - RouteText[id=bf0f7ccb-620f-4544-b652-03cd51d8645e] Created FlowFile[363,100418375623301.mockFlowFile,23B] from FlowFile[362,100418375623301.mockFlowFile,23B]; routing to relationship simple
[pool-2503-thread-1] INFO org.apache.nifi.processors.standard.RouteText - RouteText[id=bf0f7ccb-620f-4544-b652-03cd51d8645e] Routing FlowFile[362,100418375623301.mockFlowFile,23B] to original
[main] DEBUG org.apache.nifi.processors.standard.RouteText - RouteText[id=bf0f7ccb-620f-4544-b652-03cd51d8645e] Adding new dynamic property: PropertyDescriptor[simple]
[pool-2504-thread-1] INFO org.apache.nifi.processors.standard.RouteText - RouteText[id=bf0f7ccb-620f-4544-b652-03cd51d8645e] Created FlowFile[365,100418376213335.mockFlowFile,23B] from FlowFile[364,100418376213335.mockFlowFile,23B]; routing to relationship simple
[pool-2504-thread-1] INFO org.apache.nifi.processors.standard.RouteText - RouteText[id=bf0f7ccb-620f-4544-b652-03cd51d8645e] Routing FlowFile[364,100418376213335.mockFlowFile,23B] to original
[main] DEBUG org.apache.nifi.processors.standard.RouteText - RouteText[id=bf0f7ccb-620f-4544-b652-03cd51d8645e] Adding new dynamic property: PropertyDescriptor[simple]
[pool-2505-thread-1] INFO org.apache.nifi.processors.standard.RouteText - RouteText[id=bf0f7ccb-620f-4544-b652-03cd51d8645e] Created FlowFile[367,100418376781981.mockFlowFile,23B] from FlowFile[366,100418376781981.mockFlowFile,23B]; routing to relationship simple
[pool-2505-thread-1] INFO org.apache.nifi.processors.standard.RouteText - RouteText[id=bf0f7ccb-620f-4544-b652-03cd51d8645e] Routing FlowFile[366,100418376781981.mockFlowFile,23B] to original
[main] DEBUG org.apache.nifi.processors.standard.RouteText - RouteText[id=bf0f7ccb-620f-4544-b652-03cd51d8645e] Adding new dynamic property: PropertyDescriptor[simple]
[pool-2506-thread-1] INFO org.apache.nifi.processors.standard.RouteText - RouteText[id=bf0f7ccb-620f-4544-b652-03cd51d8645e] Created FlowFile[369,100418377373410.mockFlowFile,23B] from FlowFile[368,100418377373410.mockFlowFile,23B]; routing to relationship simple
[pool-2506-thread-1] INFO org.apache.nifi.processors.standard.RouteText - RouteText[id=bf0f7ccb-620f-4544-b652-03cd51d8645e] Routing FlowFile[368,100418377373410.mockFlowFile,23B] to original
[main] DEBUG org.apache.nifi.processors.standard.RouteText - RouteText[id=bf0f7ccb-620f-4544-b652-03cd51d8645e] Adding new dynamic property: PropertyDescriptor[simple]
[pool-2507-thread-1] INFO org.apache.nifi.processors.standard.RouteText - RouteText[id=bf0f7ccb-620f-4544-b652-03cd51d8645e] Created FlowFile[371,100418377964819.mockFlowFile,23B] from FlowFile[370,100418377964819.mockFlowFile,23B]; routing to relationship simple
[pool-2507-thread-1] INFO org.apache.nifi.processors.standard.RouteText - RouteText[id=bf0f7ccb-620f-4544-b652-03cd51d8645e] Routing FlowFile[370,100418377964819.mockFlowFile,23B] to original
[main] DEBUG org.apache.nifi.processors.standard.RouteText - RouteText[id=bf0f7ccb-620f-4544-b652-03cd51d8645e] Adding new dynamic property: PropertyDescriptor[simple]
[pool-2508-thread-1] INFO org.apache.nifi.processors.standard.RouteText - RouteText[id=bf0f7ccb-620f-4544-b652-03cd51d8645e] Created FlowFile[373,100418378532243.mockFlowFile,23B] from FlowFile[372,100418378532243.mockFlowFile,23B]; routing to relationship simple
[pool-2508-thread-1] INFO org.apache.nifi.processors.standard.RouteText - RouteText[id=bf0f7ccb-620f-4544-b652-03cd51d8645e] Routing FlowFile[372,100418378532243.mockFlowFile,23B] to original
[main] DEBUG org.apache.nifi.processors.standard.RouteText - RouteText[id=bf0f7ccb-620f-4544-b652-03cd51d8645e] Adding new dynamic property: PropertyDescriptor[simple]
[pool-2509-thread-1] INFO org.apache.nifi.processors.standard.RouteText - RouteText[id=bf0f7ccb-620f-4544-b652-03cd51d8645e] Created FlowFile[375,100418379089524.mockFlowFile,23B] from FlowFile[374,100418379089524.mockFlowFile,23B]; routing to relationship simple
[pool-2509-thread-1] INFO org.apache.nifi.processors.standard.RouteText - RouteText[id=bf0f7ccb-620f-4544-b652-03cd51d8645e] Routing FlowFile[374,100418379089524.mockFlowFile,23B] to original
[main] DEBUG org.apache.nifi.processors.standard.RouteText - RouteText[id=bf0f7ccb-620f-4544-b652-03cd51d8645e] Adding new dynamic property: PropertyDescriptor[simple]
[pool-2510-thread-1] INFO org.apache.nifi.processors.standard.RouteText - RouteText[id=bf0f7ccb-620f-4544-b652-03cd51d8645e] Created FlowFile[377,100418379601821.mockFlowFile,23B] from FlowFile[376,100418379601821.mockFlowFile,23B]; routing to relationship simple
[pool-2510-thread-1] INFO org.apache.nifi.processors.standard.RouteText - RouteText[id=bf0f7ccb-620f-4544-b652-03cd51d8645e] Routing FlowFile[376,100418379601821.mockFlowFile,23B] to original
[main] DEBUG org.apache.nifi.processors.standard.RouteText - RouteText[id=bf0f7ccb-620f-4544-b652-03cd51d8645e] Adding new dynamic property: PropertyDescriptor[simple]
[pool-2511-thread-1] INFO org.apache.nifi.processors.standard.RouteText - RouteText[id=bf0f7ccb-620f-4544-b652-03cd51d8645e] Created FlowFile[379,100418380327275.mockFlowFile,23B] from FlowFile[378,100418380327275.mockFlowFile,23B]; routing to relationship simple
[pool-2511-thread-1] INFO org.apache.nifi.processors.standard.RouteText - RouteText[id=bf0f7ccb-620f-4544-b652-03cd51d8645e] Routing FlowFile[378,100418380327275.mockFlowFile,23B] to original
[main] DEBUG org.apache.nifi.processors.standard.RouteText - RouteText[id=bf0f7ccb-620f-4544-b652-03cd51d8645e] Adding new dynamic property: PropertyDescriptor[simple]
[pool-2512-thread-1] INFO org.apache.nifi.processors.standard.RouteText - RouteText[id=bf0f7ccb-620f-4544-b652-03cd51d8645e] Created FlowFile[381,100418380942439.mockFlowFile,23B] from FlowFile[380,100418380942439.mockFlowFile,23B]; routing to relationship simple
[pool-2512-thread-1] INFO org.apache.nifi.processors.standard.RouteText - RouteText[id=bf0f7ccb-620f-4544-b652-03cd51d8645e] Routing FlowFile[380,100418380942439.mockFlowFile,23B] to original
[main] DEBUG org.apache.nifi.processors.standard.RouteText - RouteText[id=bf0f7ccb-620f-4544-b652-03cd51d8645e] Adding new dynamic property: PropertyDescriptor[simple]
[pool-2513-thread-1] INFO org.apache.nifi.processors.standard.RouteText - RouteText[id=bf0f7ccb-620f-4544-b652-03cd51d8645e] Created FlowFile[383,100418381510975.mockFlowFile,23B] from FlowFile[382,100418381510975.mockFlowFile,23B]; routing to relationship simple
[pool-2513-thread-1] INFO org.apache.nifi.processors.standard.RouteText - RouteText[id=bf0f7ccb-620f-4544-b652-03cd51d8645e] Routing FlowFile[382,100418381510975.mockFlowFile,23B] to original
[main] DEBUG org.apache.nifi.processors.standard.RouteText - RouteText[id=bf0f7ccb-620f-4544-b652-03cd51d8645e] Adding new dynamic property: PropertyDescriptor[simple]
[pool-2514-thread-1] INFO org.apache.nifi.processors.standard.RouteText - RouteText[id=bf0f7ccb-620f-4544-b652-03cd51d8645e] Created FlowFile[385,100418382469585.mockFlowFile,23B] from FlowFile[384,100418382469585.mockFlowFile,23B]; routing to relationship simple
[pool-2514-thread-1] INFO org.apache.nifi.processors.standard.RouteText - RouteText[id=bf0f7ccb-620f-4544-b652-03cd51d8645e] Routing FlowFile[384,100418382469585.mockFlowFile,23B] to original
[main] DEBUG org.apache.nifi.processors.standard.RouteText - RouteText[id=bf0f7ccb-620f-4544-b652-03cd51d8645e] Adding new dynamic property: PropertyDescriptor[simple]
[pool-2515-thread-1] INFO org.apache.nifi.processors.standard.RouteText - RouteText[id=bf0f7ccb-620f-4544-b652-03cd51d8645e] Created FlowFile[387,100418383333808.mockFlowFile,23B] from FlowFile[386,100418383333808.mockFlowFile,23B]; routing to relationship simple
[pool-2515-thread-1] INFO org.apache.nifi.processors.standard.RouteText - RouteText[id=bf0f7ccb-620f-4544-b652-03cd51d8645e] Routing FlowFile[386,100418383333808.mockFlowFile,23B] to original
[main] DEBUG org.apache.nifi.processors.standard.RouteText - RouteText[id=bf0f7ccb-620f-4544-b652-03cd51d8645e] Adding new dynamic property: PropertyDescriptor[simple]
[pool-2516-thread-1] INFO org.apache.nifi.processors.standard.RouteText - RouteText[id=bf0f7ccb-620f-4544-b652-03cd51d8645e] Created FlowFile[389,100418384072334.mockFlowFile,23B] from FlowFile[388,100418384072334.mockFlowFile,23B]; routing to relationship simple
[pool-2516-thread-1] INFO org.apache.nifi.processors.standard.RouteText - RouteText[id=bf0f7ccb-620f-4544-b652-03cd51d8645e] Routing FlowFile[388,100418384072334.mockFlowFile,23B] to original
[main] DEBUG org.apache.nifi.processors.standard.RouteText - RouteText[id=bf0f7ccb-620f-4544-b652-03cd51d8645e] Adding new dynamic property: PropertyDescriptor[simple]
[pool-2517-thread-1] INFO org.apache.nifi.processors.standard.RouteText - RouteText[id=bf0f7ccb-620f-4544-b652-03cd51d8645e] Created FlowFile[391,100418384764446.mockFlowFile,23B] from FlowFile[390,100418384764446.mockFlowFile,23B]; routing to relationship simple
[pool-2517-thread-1] INFO org.apache.nifi.processors.standard.RouteText - RouteText[id=bf0f7ccb-620f-4544-b652-03cd51d8645e] Routing FlowFile[390,100418384764446.mockFlowFile,23B] to original
[main] DEBUG org.apache.nifi.processors.standard.RouteText - RouteText[id=bf0f7ccb-620f-4544-b652-03cd51d8645e] Adding new dynamic property: PropertyDescriptor[simple]
[pool-2518-thread-1] INFO org.apache.nifi.processors.standard.RouteText - RouteText[id=bf0f7ccb-620f-4544-b652-03cd51d8645e] Created FlowFile[393,100418385348718.mockFlowFile,23B] from FlowFile[392,100418385348718.mockFlowFile,23B]; routing to relationship simple
[pool-2518-thread-1] INFO org.apache.nifi.processors.standard.RouteText - RouteText[id=bf0f7ccb-620f-4544-b652-03cd51d8645e] Routing FlowFile[392,100418385348718.mockFlowFile,23B] to original
[main] DEBUG org.apache.nifi.processors.standard.RouteText - RouteText[id=bf0f7ccb-620f-4544-b652-03cd51d8645e] Adding new dynamic property: PropertyDescriptor[simple]
[pool-2519-thread-1] INFO org.apache.nifi.processors.standard.RouteText - RouteText[id=bf0f7ccb-620f-4544-b652-03cd51d8645e] Created FlowFile[395,100418385999919.mockFlowFile,23B] from FlowFile[394,100418385999919.mockFlowFile,23B]; routing to relationship simple
[pool-2519-thread-1] INFO org.apache.nifi.processors.standard.RouteText - RouteText[id=bf0f7ccb-620f-4544-b652-03cd51d8645e] Routing FlowFile[394,100418385999919.mockFlowFile,23B] to original
[main] DEBUG org.apache.nifi.processors.standard.RouteText - RouteText[id=bf0f7ccb-620f-4544-b652-03cd51d8645e] Adding new dynamic property: PropertyDescriptor[simple]
[pool-2520-thread-1] INFO org.apache.nifi.processors.standard.RouteText - RouteText[id=bf0f7ccb-620f-4544-b652-03cd51d8645e] Created FlowFile[397,100418386655371.mockFlowFile,23B] from FlowFile[396,100418386655371.mockFlowFile,23B]; routing to relationship simple
[pool-2520-thread-1] INFO org.apache.nifi.processors.standard.RouteText - RouteText[id=bf0f7ccb-620f-4544-b652-03cd51d8645e] Routing FlowFile[396,100418386655371.mockFlowFile,23B] to original
[main] DEBUG org.apache.nifi.processors.standard.RouteText - RouteText[id=bf0f7ccb-620f-4544-b652-03cd51d8645e] Adding new dynamic property: PropertyDescriptor[simple]
[pool-2521-thread-1] INFO org.apache.nifi.processors.standard.RouteText - RouteText[id=bf0f7ccb-620f-4544-b652-03cd51d8645e] Created FlowFile[399,100418387105614.mockFlowFile,23B] from FlowFile[398,100418387105614.mockFlowFile,23B]; routing to relationship simple
[pool-2521-thread-1] INFO org.apache.nifi.processors.standard.RouteText - RouteText[id=bf0f7ccb-620f-4544-b652-03cd51d8645e] Routing FlowFile[398,100418387105614.mockFlowFile,23B] to original
[main] DEBUG org.apache.nifi.processors.standard.RouteText - RouteText[id=bf0f7ccb-620f-4544-b652-03cd51d8645e] Adding new dynamic property: PropertyDescriptor[simple]
[pool-2522-thread-1] INFO org.apache.nifi.processors.standard.RouteText - RouteText[id=bf0f7ccb-620f-4544-b652-03cd51d8645e] Created FlowFile[401,100418387568099.mockFlowFile,23B] from FlowFile[400,100418387568099.mockFlowFile,23B]; routing to relationship simple
[pool-2522-thread-1] INFO org.apache.nifi.processors.standard.RouteText - RouteText[id=bf0f7ccb-620f-4544-b652-03cd51d8645e] Routing FlowFile[400,100418387568099.mockFlowFile,23B] to original
[main] DEBUG org.apache.nifi.processors.standard.RouteText - RouteText[id=bf0f7ccb-620f-4544-b652-03cd51d8645e] Adding new dynamic property: PropertyDescriptor[simple]
[pool-2523-thread-1] INFO org.apache.nifi.processors.standard.RouteText - RouteText[id=bf0f7ccb-620f-4544-b652-03cd51d8645e] Created FlowFile[403,100418388017057.mockFlowFile,23B] from FlowFile[402,100418388017057.mockFlowFile,23B]; routing to relationship simple
[pool-2523-thread-1] INFO org.apache.nifi.processors.standard.RouteText - RouteText[id=bf0f7ccb-620f-4544-b652-03cd51d8645e] Routing FlowFile[402,100418388017057.mockFlowFile,23B] to original
[main] DEBUG org.apache.nifi.processors.standard.RouteText - RouteText[id=bf0f7ccb-620f-4544-b652-03cd51d8645e] Adding new dynamic property: PropertyDescriptor[simple]
[pool-2524-thread-1] INFO org.apache.nifi.processors.standard.RouteText - RouteText[id=bf0f7ccb-620f-4544-b652-03cd51d8645e] Created FlowFile[405,100418388651148.mockFlowFile,23B] from FlowFile[404,100418388651148.mockFlowFile,23B]; routing to relationship simple
[pool-2524-thread-1] INFO org.apache.nifi.processors.standard.RouteText - RouteText[id=bf0f7ccb-620f-4544-b652-03cd51d8645e] Routing FlowFile[404,100418388651148.mockFlowFile,23B] to original
[main] DEBUG org.apache.nifi.processors.standard.RouteText - RouteText[id=bf0f7ccb-620f-4544-b652-03cd51d8645e] Adding new dynamic property: PropertyDescriptor[simple]
[pool-2525-thread-1] INFO org.apache.nifi.processors.standard.RouteText - RouteText[id=bf0f7ccb-620f-4544-b652-03cd51d8645e] Created FlowFile[407,100418389198311.mockFlowFile,23B] from FlowFile[406,100418389198311.mockFlowFile,23B]; routing to relationship simple
[pool-2525-thread-1] INFO org.apache.nifi.processors.standard.RouteText - RouteText[id=bf0f7ccb-620f-4544-b652-03cd51d8645e] Routing FlowFile[406,100418389198311.mockFlowFile,23B] to original
[main] DEBUG org.apache.nifi.processors.standard.RouteText - RouteText[id=bf0f7ccb-620f-4544-b652-03cd51d8645e] Adding new dynamic property: PropertyDescriptor[simple]
[pool-2526-thread-1] INFO org.apache.nifi.processors.standard.RouteText - RouteText[id=bf0f7ccb-620f-4544-b652-03cd51d8645e] Created FlowFile[409,100418389724853.mockFlowFile,23B] from FlowFile[408,100418389724853.mockFlowFile,23B]; routing to relationship simple
[pool-2526-thread-1] INFO org.apache.nifi.processors.standard.RouteText - RouteText[id=bf0f7ccb-620f-4544-b652-03cd51d8645e] Routing FlowFile[408,100418389724853.mockFlowFile,23B] to original
[main] DEBUG org.apache.nifi.processors.standard.RouteText - RouteText[id=bf0f7ccb-620f-4544-b652-03cd51d8645e] Adding new dynamic property: PropertyDescriptor[simple]
[pool-2527-thread-1] INFO org.apache.nifi.processors.standard.RouteText - RouteText[id=bf0f7ccb-620f-4544-b652-03cd51d8645e] Created FlowFile[411,100418390197321.mockFlowFile,23B] from FlowFile[410,100418390197321.mockFlowFile,23B]; routing to relationship simple
[pool-2527-thread-1] INFO org.apache.nifi.processors.standard.RouteText - RouteText[id=bf0f7ccb-620f-4544-b652-03cd51d8645e] Routing FlowFile[410,100418390197321.mockFlowFile,23B] to original
[main] DEBUG org.apache.nifi.processors.standard.RouteText - RouteText[id=bf0f7ccb-620f-4544-b652-03cd51d8645e] Adding new dynamic property: PropertyDescriptor[simple]
[pool-2528-thread-1] INFO org.apache.nifi.processors.standard.RouteText - RouteText[id=bf0f7ccb-620f-4544-b652-03cd51d8645e] Created FlowFile[413,100418390628744.mockFlowFile,23B] from FlowFile[412,100418390628744.mockFlowFile,23B]; routing to relationship simple
[pool-2528-thread-1] INFO org.apache.nifi.processors.standard.RouteText - RouteText[id=bf0f7ccb-620f-4544-b652-03cd51d8645e] Routing FlowFile[412,100418390628744.mockFlowFile,23B] to original
[main] DEBUG org.apache.nifi.processors.standard.RouteText - RouteText[id=bf0f7ccb-620f-4544-b652-03cd51d8645e] Adding new dynamic property: PropertyDescriptor[simple]
[pool-2529-thread-1] INFO org.apache.nifi.processors.standard.RouteText - RouteText[id=bf0f7ccb-620f-4544-b652-03cd51d8645e] Created FlowFile[415,100418391857730.mockFlowFile,23B] from FlowFile[414,100418391857730.mockFlowFile,23B]; routing to relationship simple
[pool-2529-thread-1] INFO org.apache.nifi.processors.standard.RouteText - RouteText[id=bf0f7ccb-620f-4544-b652-03cd51d8645e] Routing FlowFile[414,100418391857730.mockFlowFile,23B] to original
[main] DEBUG org.apache.nifi.processors.standard.RouteText - RouteText[id=bf0f7ccb-620f-4544-b652-03cd51d8645e] Adding new dynamic property: PropertyDescriptor[simple]
[pool-2530-thread-1] INFO org.apache.nifi.processors.standard.RouteText - RouteText[id=bf0f7ccb-620f-4544-b652-03cd51d8645e] Created FlowFile[417,100418392866910.mockFlowFile,23B] from FlowFile[416,100418392866910.mockFlowFile,23B]; routing to relationship simple
[pool-2530-thread-1] INFO org.apache.nifi.processors.standard.RouteText - RouteText[id=bf0f7ccb-620f-4544-b652-03cd51d8645e] Routing FlowFile[416,100418392866910.mockFlowFile,23B] to original
[main] DEBUG org.apache.nifi.processors.standard.RouteText - RouteText[id=bf0f7ccb-620f-4544-b652-03cd51d8645e] Adding new dynamic property: PropertyDescriptor[simple]
[pool-2531-thread-1] INFO org.apache.nifi.processors.standard.RouteText - RouteText[id=bf0f7ccb-620f-4544-b652-03cd51d8645e] Created FlowFile[419,100418393402042.mockFlowFile,23B] from FlowFile[418,100418393402042.mockFlowFile,23B]; routing to relationship simple
[pool-2531-thread-1] INFO org.apache.nifi.processors.standard.RouteText - RouteText[id=bf0f7ccb-620f-4544-b652-03cd51d8645e] Routing FlowFile[418,100418393402042.mockFlowFile,23B] to original
[main] DEBUG org.apache.nifi.processors.standard.RouteText - RouteText[id=bf0f7ccb-620f-4544-b652-03cd51d8645e] Adding new dynamic property: PropertyDescriptor[simple]
[pool-2532-thread-1] INFO org.apache.nifi.processors.standard.RouteText - RouteText[id=bf0f7ccb-620f-4544-b652-03cd51d8645e] Created FlowFile[421,100418393896602.mockFlowFile,23B] from FlowFile[420,100418393896602.mockFlowFile,23B]; routing to relationship simple
[pool-2532-thread-1] INFO org.apache.nifi.processors.standard.RouteText - RouteText[id=bf0f7ccb-620f-4544-b652-03cd51d8645e] Routing FlowFile[420,100418393896602.mockFlowFile,23B] to original
[main] DEBUG org.apache.nifi.processors.standard.RouteText - RouteText[id=bf0f7ccb-620f-4544-b652-03cd51d8645e] Adding new dynamic property: PropertyDescriptor[simple]
[pool-2533-thread-1] INFO org.apache.nifi.processors.standard.RouteText - RouteText[id=bf0f7ccb-620f-4544-b652-03cd51d8645e] Created FlowFile[423,100418394386399.mockFlowFile,23B] from FlowFile[422,100418394386399.mockFlowFile,23B]; routing to relationship simple
[pool-2533-thread-1] INFO org.apache.nifi.processors.standard.RouteText - RouteText[id=bf0f7ccb-620f-4544-b652-03cd51d8645e] Routing FlowFile[422,100418394386399.mockFlowFile,23B] to original
[main] DEBUG org.apache.nifi.processors.standard.RouteText - RouteText[id=bf0f7ccb-620f-4544-b652-03cd51d8645e] Adding new dynamic property: PropertyDescriptor[simple]
[pool-2534-thread-1] INFO org.apache.nifi.processors.standard.RouteText - RouteText[id=bf0f7ccb-620f-4544-b652-03cd51d8645e] Created FlowFile[425,100418394856091.mockFlowFile,23B] from FlowFile[424,100418394856091.mockFlowFile,23B]; routing to relationship simple
[pool-2534-thread-1] INFO org.apache.nifi.processors.standard.RouteText - RouteText[id=bf0f7ccb-620f-4544-b652-03cd51d8645e] Routing FlowFile[424,100418394856091.mockFlowFile,23B] to original
[main] DEBUG org.apache.nifi.processors.standard.RouteText - RouteText[id=bf0f7ccb-620f-4544-b652-03cd51d8645e] Adding new dynamic property: PropertyDescriptor[simple]
[pool-2535-thread-1] INFO org.apache.nifi.processors.standard.RouteText - RouteText[id=bf0f7ccb-620f-4544-b652-03cd51d8645e] Created FlowFile[427,100418395351692.mockFlowFile,23B] from FlowFile[426,100418395351692.mockFlowFile,23B]; routing to relationship simple
[pool-2535-thread-1] INFO org.apache.nifi.processors.standard.RouteText - RouteText[id=bf0f7ccb-620f-4544-b652-03cd51d8645e] Routing FlowFile[426,100418395351692.mockFlowFile,23B] to original
[main] DEBUG org.apache.nifi.processors.standard.RouteText - RouteText[id=bf0f7ccb-620f-4544-b652-03cd51d8645e] Adding new dynamic property: PropertyDescriptor[simple]
[pool-2536-thread-1] INFO org.apache.nifi.processors.standard.RouteText - RouteText[id=bf0f7ccb-620f-4544-b652-03cd51d8645e] Created FlowFile[429,100418395802049.mockFlowFile,23B] from FlowFile[428,100418395802049.mockFlowFile,23B]; routing to relationship simple
[pool-2536-thread-1] INFO org.apache.nifi.processors.standard.RouteText - RouteText[id=bf0f7ccb-620f-4544-b652-03cd51d8645e] Routing FlowFile[428,100418395802049.mockFlowFile,23B] to original
[main] DEBUG org.apache.nifi.processors.standard.RouteText - RouteText[id=bf0f7ccb-620f-4544-b652-03cd51d8645e] Adding new dynamic property: PropertyDescriptor[simple]
[pool-2537-thread-1] INFO org.apache.nifi.processors.standard.RouteText - RouteText[id=bf0f7ccb-620f-4544-b652-03cd51d8645e] Created FlowFile[431,100418396464913.mockFlowFile,23B] from FlowFile[430,100418396464913.mockFlowFile,23B]; routing to relationship simple
[pool-2537-thread-1] INFO org.apache.nifi.processors.standard.RouteText - RouteText[id=bf0f7ccb-620f-4544-b652-03cd51d8645e] Routing FlowFile[430,100418396464913.mockFlowFile,23B] to original
[main] DEBUG org.apache.nifi.processors.standard.RouteText - RouteText[id=bf0f7ccb-620f-4544-b652-03cd51d8645e] Adding new dynamic property: PropertyDescriptor[simple]
[pool-2538-thread-1] INFO org.apache.nifi.processors.standard.RouteText - RouteText[id=bf0f7ccb-620f-4544-b652-03cd51d8645e] Created FlowFile[433,100418396948187.mockFlowFile,23B] from FlowFile[432,100418396948187.mockFlowFile,23B]; routing to relationship simple
[pool-2538-thread-1] INFO org.apache.nifi.processors.standard.RouteText - RouteText[id=bf0f7ccb-620f-4544-b652-03cd51d8645e] Routing FlowFile[432,100418396948187.mockFlowFile,23B] to original
[main] DEBUG org.apache.nifi.processors.standard.RouteText - RouteText[id=bf0f7ccb-620f-4544-b652-03cd51d8645e] Adding new dynamic property: PropertyDescriptor[simple]
[pool-2539-thread-1] INFO org.apache.nifi.processors.standard.RouteText - RouteText[id=bf0f7ccb-620f-4544-b652-03cd51d8645e] Created FlowFile[435,100418397422731.mockFlowFile,23B] from FlowFile[434,100418397422731.mockFlowFile,23B]; routing to relationship simple
[pool-2539-thread-1] INFO org.apache.nifi.processors.standard.RouteText - RouteText[id=bf0f7ccb-620f-4544-b652-03cd51d8645e] Routing FlowFile[434,100418397422731.mockFlowFile,23B] to original
[main] DEBUG org.apache.nifi.processors.standard.RouteText - RouteText[id=bf0f7ccb-620f-4544-b652-03cd51d8645e] Adding new dynamic property: PropertyDescriptor[simple]
[pool-2540-thread-1] INFO org.apache.nifi.processors.standard.RouteText - RouteText[id=bf0f7ccb-620f-4544-b652-03cd51d8645e] Created FlowFile[437,100418397943284.mockFlowFile,23B] from FlowFile[436,100418397943284.mockFlowFile,23B]; routing to relationship simple
[pool-2540-thread-1] INFO org.apache.nifi.processors.standard.RouteText - RouteText[id=bf0f7ccb-620f-4544-b652-03cd51d8645e] Routing FlowFile[436,100418397943284.mockFlowFile,23B] to original
[main] DEBUG org.apache.nifi.processors.standard.RouteText - RouteText[id=bf0f7ccb-620f-4544-b652-03cd51d8645e] Adding new dynamic property: PropertyDescriptor[simple]
[pool-2541-thread-1] INFO org.apache.nifi.processors.standard.RouteText - RouteText[id=bf0f7ccb-620f-4544-b652-03cd51d8645e] Created FlowFile[439,100418398569530.mockFlowFile,23B] from FlowFile[438,100418398569530.mockFlowFile,23B]; routing to relationship simple
[pool-2541-thread-1] INFO org.apache.nifi.processors.standard.RouteText - RouteText[id=bf0f7ccb-620f-4544-b652-03cd51d8645e] Routing FlowFile[438,100418398569530.mockFlowFile,23B] to original
[main] DEBUG org.apache.nifi.processors.standard.RouteText - RouteText[id=bf0f7ccb-620f-4544-b652-03cd51d8645e] Adding new dynamic property: PropertyDescriptor[simple]
[pool-2542-thread-1] INFO org.apache.nifi.processors.standard.RouteText - RouteText[id=bf0f7ccb-620f-4544-b652-03cd51d8645e] Created FlowFile[441,100418399116405.mockFlowFile,23B] from FlowFile[440,100418399116405.mockFlowFile,23B]; routing to relationship simple
[pool-2542-thread-1] INFO org.apache.nifi.processors.standard.RouteText - RouteText[id=bf0f7ccb-620f-4544-b652-03cd51d8645e] Routing FlowFile[440,100418399116405.mockFlowFile,23B] to original
[main] DEBUG org.apache.nifi.processors.standard.RouteText - RouteText[id=bf0f7ccb-620f-4544-b652-03cd51d8645e] Adding new dynamic property: PropertyDescriptor[simple]
[pool-2543-thread-1] INFO org.apache.nifi.processors.standard.RouteText - RouteText[id=bf0f7ccb-620f-4544-b652-03cd51d8645e] Created FlowFile[443,100418399625319.mockFlowFile,23B] from FlowFile[442,100418399625319.mockFlowFile,23B]; routing to relationship simple
[pool-2543-thread-1] INFO org.apache.nifi.processors.standard.RouteText - RouteText[id=bf0f7ccb-620f-4544-b652-03cd51d8645e] Routing FlowFile[442,100418399625319.mockFlowFile,23B] to original
[main] DEBUG org.apache.nifi.processors.standard.RouteText - RouteText[id=bf0f7ccb-620f-4544-b652-03cd51d8645e] Adding new dynamic property: PropertyDescriptor[simple]
[pool-2544-thread-1] INFO org.apache.nifi.processors.standard.RouteText - RouteText[id=bf0f7ccb-620f-4544-b652-03cd51d8645e] Created FlowFile[445,100418400169685.mockFlowFile,23B] from FlowFile[444,100418400169685.mockFlowFile,23B]; routing to relationship simple
[pool-2544-thread-1] INFO org.apache.nifi.processors.standard.RouteText - RouteText[id=bf0f7ccb-620f-4544-b652-03cd51d8645e] Routing FlowFile[444,100418400169685.mockFlowFile,23B] to original
[main] DEBUG org.apache.nifi.processors.standard.RouteText - RouteText[id=bf0f7ccb-620f-4544-b652-03cd51d8645e] Adding new dynamic property: PropertyDescriptor[simple]
[pool-2545-thread-1] INFO org.apache.nifi.processors.standard.RouteText - RouteText[id=bf0f7ccb-620f-4544-b652-03cd51d8645e] Created FlowFile[447,100418400732509.mockFlowFile,23B] from FlowFile[446,100418400732509.mockFlowFile,23B]; routing to relationship simple
[pool-2545-thread-1] INFO org.apache.nifi.processors.standard.RouteText - RouteText[id=bf0f7ccb-620f-4544-b652-03cd51d8645e] Routing FlowFile[446,100418400732509.mockFlowFile,23B] to original
[main] DEBUG org.apache.nifi.processors.standard.RouteText - RouteText[id=bf0f7ccb-620f-4544-b652-03cd51d8645e] Adding new dynamic property: PropertyDescriptor[simple]
[pool-2546-thread-1] INFO org.apache.nifi.processors.standard.RouteText - RouteText[id=bf0f7ccb-620f-4544-b652-03cd51d8645e] Created FlowFile[449,100418401359516.mockFlowFile,23B] from FlowFile[448,100418401359516.mockFlowFile,23B]; routing to relationship simple
[pool-2546-thread-1] INFO org.apache.nifi.processors.standard.RouteText - RouteText[id=bf0f7ccb-620f-4544-b652-03cd51d8645e] Routing FlowFile[448,100418401359516.mockFlowFile,23B] to original
[main] DEBUG org.apache.nifi.processors.standard.RouteText - RouteText[id=bf0f7ccb-620f-4544-b652-03cd51d8645e] Adding new dynamic property: PropertyDescriptor[simple]
[pool-2547-thread-1] INFO org.apache.nifi.processors.standard.RouteText - RouteText[id=bf0f7ccb-620f-4544-b652-03cd51d8645e] Created FlowFile[451,100418402061409.mockFlowFile,23B] from FlowFile[450,100418402061409.mockFlowFile,23B]; routing to relationship simple
[pool-2547-thread-1] INFO org.apache.nifi.processors.standard.RouteText - RouteText[id=bf0f7ccb-620f-4544-b652-03cd51d8645e] Routing FlowFile[450,100418402061409.mockFlowFile,23B] to original
[main] DEBUG org.apache.nifi.processors.standard.RouteText - RouteText[id=bf0f7ccb-620f-4544-b652-03cd51d8645e] Adding new dynamic property: PropertyDescriptor[simple]
[pool-2548-thread-1] INFO org.apache.nifi.processors.standard.RouteText - RouteText[id=bf0f7ccb-620f-4544-b652-03cd51d8645e] Created FlowFile[453,100418402676997.mockFlowFile,23B] from FlowFile[452,100418402676997.mockFlowFile,23B]; routing to relationship simple
[pool-2548-thread-1] INFO org.apache.nifi.processors.standard.RouteText - RouteText[id=bf0f7ccb-620f-4544-b652-03cd51d8645e] Routing FlowFile[452,100418402676997.mockFlowFile,23B] to original
[main] DEBUG org.apache.nifi.processors.standard.RouteText - RouteText[id=bf0f7ccb-620f-4544-b652-03cd51d8645e] Adding new dynamic property: PropertyDescriptor[simple]
[pool-2549-thread-1] INFO org.apache.nifi.processors.standard.RouteText - RouteText[id=bf0f7ccb-620f-4544-b652-03cd51d8645e] Created FlowFile[455,100418403244241.mockFlowFile,23B] from FlowFile[454,100418403244241.mockFlowFile,23B]; routing to relationship simple
[pool-2549-thread-1] INFO org.apache.nifi.processors.standard.RouteText - RouteText[id=bf0f7ccb-620f-4544-b652-03cd51d8645e] Routing FlowFile[454,100418403244241.mockFlowFile,23B] to original
[main] DEBUG org.apache.nifi.processors.standard.RouteText - RouteText[id=bf0f7ccb-620f-4544-b652-03cd51d8645e] Adding new dynamic property: PropertyDescriptor[simple]
[pool-2550-thread-1] INFO org.apache.nifi.processors.standard.RouteText - RouteText[id=bf0f7ccb-620f-4544-b652-03cd51d8645e] Created FlowFile[457,100418403734532.mockFlowFile,23B] from FlowFile[456,100418403734532.mockFlowFile,23B]; routing to relationship simple
[pool-2550-thread-1] INFO org.apache.nifi.processors.standard.RouteText - RouteText[id=bf0f7ccb-620f-4544-b652-03cd51d8645e] Routing FlowFile[456,100418403734532.mockFlowFile,23B] to original
[main] DEBUG org.apache.nifi.processors.standard.RouteText - RouteText[id=bf0f7ccb-620f-4544-b652-03cd51d8645e] Adding new dynamic property: PropertyDescriptor[simple]
[pool-2551-thread-1] INFO org.apache.nifi.processors.standard.RouteText - RouteText[id=bf0f7ccb-620f-4544-b652-03cd51d8645e] Created FlowFile[459,100418404393682.mockFlowFile,23B] from FlowFile[458,100418404393682.mockFlowFile,23B]; routing to relationship simple
[pool-2551-thread-1] INFO org.apache.nifi.processors.standard.RouteText - RouteText[id=bf0f7ccb-620f-4544-b652-03cd51d8645e] Routing FlowFile[458,100418404393682.mockFlowFile,23B] to original
[main] DEBUG org.apache.nifi.processors.standard.RouteText - RouteText[id=bf0f7ccb-620f-4544-b652-03cd51d8645e] Adding new dynamic property: PropertyDescriptor[simple]
[pool-2552-thread-1] INFO org.apache.nifi.processors.standard.RouteText - RouteText[id=bf0f7ccb-620f-4544-b652-03cd51d8645e] Created FlowFile[461,100418404896364.mockFlowFile,23B] from FlowFile[460,100418404896364.mockFlowFile,23B]; routing to relationship simple
[pool-2552-thread-1] INFO org.apache.nifi.processors.standard.RouteText - RouteText[id=bf0f7ccb-620f-4544-b652-03cd51d8645e] Routing FlowFile[460,100418404896364.mockFlowFile,23B] to original
[main] DEBUG org.apache.nifi.processors.standard.RouteText - RouteText[id=bf0f7ccb-620f-4544-b652-03cd51d8645e] Adding new dynamic property: PropertyDescriptor[simple]
[pool-2553-thread-1] INFO org.apache.nifi.processors.standard.RouteText - RouteText[id=bf0f7ccb-620f-4544-b652-03cd51d8645e] Created FlowFile[463,100418405385809.mockFlowFile,23B] from FlowFile[462,100418405385809.mockFlowFile,23B]; routing to relationship simple
[pool-2553-thread-1] INFO org.apache.nifi.processors.standard.RouteText - RouteText[id=bf0f7ccb-620f-4544-b652-03cd51d8645e] Routing FlowFile[462,100418405385809.mockFlowFile,23B] to original
[main] DEBUG org.apache.nifi.processors.standard.RouteText - RouteText[id=bf0f7ccb-620f-4544-b652-03cd51d8645e] Adding new dynamic property: PropertyDescriptor[simple]
[pool-2554-thread-1] INFO org.apache.nifi.processors.standard.RouteText - RouteText[id=bf0f7ccb-620f-4544-b652-03cd51d8645e] Created FlowFile[465,100418405863610.mockFlowFile,23B] from FlowFile[464,100418405863610.mockFlowFile,23B]; routing to relationship simple
[pool-2554-thread-1] INFO org.apache.nifi.processors.standard.RouteText - RouteText[id=bf0f7ccb-620f-4544-b652-03cd51d8645e] Routing FlowFile[464,100418405863610.mockFlowFile,23B] to original
[main] DEBUG org.apache.nifi.processors.standard.RouteText - RouteText[id=bf0f7ccb-620f-4544-b652-03cd51d8645e] Adding new dynamic property: PropertyDescriptor[simple]
[pool-2555-thread-1] INFO org.apache.nifi.processors.standard.RouteText - RouteText[id=bf0f7ccb-620f-4544-b652-03cd51d8645e] Created FlowFile[467,100418406365711.mockFlowFile,23B] from FlowFile[466,100418406365711.mockFlowFile,23B]; routing to relationship simple
[pool-2555-thread-1] INFO org.apache.nifi.processors.standard.RouteText - RouteText[id=bf0f7ccb-620f-4544-b652-03cd51d8645e] Routing FlowFile[466,100418406365711.mockFlowFile,23B] to original
[main] DEBUG org.apache.nifi.processors.standard.RouteText - RouteText[id=bf0f7ccb-620f-4544-b652-03cd51d8645e] Adding new dynamic property: PropertyDescriptor[simple]
[pool-2556-thread-1] INFO org.apache.nifi.processors.standard.RouteText - RouteText[id=bf0f7ccb-620f-4544-b652-03cd51d8645e] Created FlowFile[469,100418406891909.mockFlowFile,23B] from FlowFile[468,100418406891909.mockFlowFile,23B]; routing to relationship simple
[pool-2556-thread-1] INFO org.apache.nifi.processors.standard.RouteText - RouteText[id=bf0f7ccb-620f-4544-b652-03cd51d8645e] Routing FlowFile[468,100418406891909.mockFlowFile,23B] to original
[main] DEBUG org.apache.nifi.processors.standard.RouteText - RouteText[id=bf0f7ccb-620f-4544-b652-03cd51d8645e] Adding new dynamic property: PropertyDescriptor[simple]
[pool-2557-thread-1] INFO org.apache.nifi.processors.standard.RouteText - RouteText[id=bf0f7ccb-620f-4544-b652-03cd51d8645e] Created FlowFile[471,100418407398897.mockFlowFile,23B] from FlowFile[470,100418407398897.mockFlowFile,23B]; routing to relationship simple
[pool-2557-thread-1] INFO org.apache.nifi.processors.standard.RouteText - RouteText[id=bf0f7ccb-620f-4544-b652-03cd51d8645e] Routing FlowFile[470,100418407398897.mockFlowFile,23B] to original
[main] DEBUG org.apache.nifi.processors.standard.RouteText - RouteText[id=bf0f7ccb-620f-4544-b652-03cd51d8645e] Adding new dynamic property: PropertyDescriptor[simple]
[pool-2558-thread-1] INFO org.apache.nifi.processors.standard.RouteText - RouteText[id=bf0f7ccb-620f-4544-b652-03cd51d8645e] Created FlowFile[473,100418407920929.mockFlowFile,23B] from FlowFile[472,100418407920929.mockFlowFile,23B]; routing to relationship simple
[pool-2558-thread-1] INFO org.apache.nifi.processors.standard.RouteText - RouteText[id=bf0f7ccb-620f-4544-b652-03cd51d8645e] Routing FlowFile[472,100418407920929.mockFlowFile,23B] to original
[main] DEBUG org.apache.nifi.processors.standard.RouteText - RouteText[id=bf0f7ccb-620f-4544-b652-03cd51d8645e] Adding new dynamic property: PropertyDescriptor[simple]
[pool-2559-thread-1] INFO org.apache.nifi.processors.standard.RouteText - RouteText[id=bf0f7ccb-620f-4544-b652-03cd51d8645e] Created FlowFile[475,100418408431024.mockFlowFile,23B] from FlowFile[474,100418408431024.mockFlowFile,23B]; routing to relationship simple
[pool-2559-thread-1] INFO org.apache.nifi.processors.standard.RouteText - RouteText[id=bf0f7ccb-620f-4544-b652-03cd51d8645e] Routing FlowFile[474,100418408431024.mockFlowFile,23B] to original
[main] DEBUG org.apache.nifi.processors.standard.RouteText - RouteText[id=bf0f7ccb-620f-4544-b652-03cd51d8645e] Adding new dynamic property: PropertyDescriptor[simple]
[pool-2560-thread-1] INFO org.apache.nifi.processors.standard.RouteText - RouteText[id=bf0f7ccb-620f-4544-b652-03cd51d8645e] Created FlowFile[477,100418408946844.mockFlowFile,23B] from FlowFile[476,100418408946844.mockFlowFile,23B]; routing to relationship simple
[pool-2560-thread-1] INFO org.apache.nifi.processors.standard.RouteText - RouteText[id=bf0f7ccb-620f-4544-b652-03cd51d8645e] Routing FlowFile[476,100418408946844.mockFlowFile,23B] to original
[main] DEBUG org.apache.nifi.processors.standard.RouteText - RouteText[id=bf0f7ccb-620f-4544-b652-03cd51d8645e] Adding new dynamic property: PropertyDescriptor[simple]
[pool-2561-thread-1] INFO org.apache.nifi.processors.standard.RouteText - RouteText[id=bf0f7ccb-620f-4544-b652-03cd51d8645e] Created FlowFile[479,100418409465079.mockFlowFile,23B] from FlowFile[478,100418409465079.mockFlowFile,23B]; routing to relationship simple
[pool-2561-thread-1] INFO org.apache.nifi.processors.standard.RouteText - RouteText[id=bf0f7ccb-620f-4544-b652-03cd51d8645e] Routing FlowFile[478,100418409465079.mockFlowFile,23B] to original
[main] DEBUG org.apache.nifi.processors.standard.RouteText - RouteText[id=bf0f7ccb-620f-4544-b652-03cd51d8645e] Adding new dynamic property: PropertyDescriptor[simple]
[pool-2562-thread-1] INFO org.apache.nifi.processors.standard.RouteText - RouteText[id=bf0f7ccb-620f-4544-b652-03cd51d8645e] Created FlowFile[481,100418409973338.mockFlowFile,23B] from FlowFile[480,100418409973338.mockFlowFile,23B]; routing to relationship simple
[pool-2562-thread-1] INFO org.apache.nifi.processors.standard.RouteText - RouteText[id=bf0f7ccb-620f-4544-b652-03cd51d8645e] Routing FlowFile[480,100418409973338.mockFlowFile,23B] to original
[main] DEBUG org.apache.nifi.processors.standard.RouteText - RouteText[id=bf0f7ccb-620f-4544-b652-03cd51d8645e] Adding new dynamic property: PropertyDescriptor[simple]
[pool-2563-thread-1] INFO org.apache.nifi.processors.standard.RouteText - RouteText[id=bf0f7ccb-620f-4544-b652-03cd51d8645e] Created FlowFile[483,100418410500845.mockFlowFile,23B] from FlowFile[482,100418410500845.mockFlowFile,23B]; routing to relationship simple
[pool-2563-thread-1] INFO org.apache.nifi.processors.standard.RouteText - RouteText[id=bf0f7ccb-620f-4544-b652-03cd51d8645e] Routing FlowFile[482,100418410500845.mockFlowFile,23B] to original
[main] DEBUG org.apache.nifi.processors.standard.RouteText - RouteText[id=bf0f7ccb-620f-4544-b652-03cd51d8645e] Adding new dynamic property: PropertyDescriptor[simple]
[pool-2564-thread-1] INFO org.apache.nifi.processors.standard.RouteText - RouteText[id=bf0f7ccb-620f-4544-b652-03cd51d8645e] Created FlowFile[485,100418411047187.mockFlowFile,23B] from FlowFile[484,100418411047187.mockFlowFile,23B]; routing to relationship simple
[pool-2564-thread-1] INFO org.apache.nifi.processors.standard.RouteText - RouteText[id=bf0f7ccb-620f-4544-b652-03cd51d8645e] Routing FlowFile[484,100418411047187.mockFlowFile,23B] to original
[main] DEBUG org.apache.nifi.processors.standard.RouteText - RouteText[id=bf0f7ccb-620f-4544-b652-03cd51d8645e] Adding new dynamic property: PropertyDescriptor[simple]
[pool-2565-thread-1] INFO org.apache.nifi.processors.standard.RouteText - RouteText[id=bf0f7ccb-620f-4544-b652-03cd51d8645e] Created FlowFile[487,100418411869084.mockFlowFile,23B] from FlowFile[486,100418411869084.mockFlowFile,23B]; routing to relationship simple
[pool-2565-thread-1] INFO org.apache.nifi.processors.standard.RouteText - RouteText[id=bf0f7ccb-620f-4544-b652-03cd51d8645e] Routing FlowFile[486,100418411869084.mockFlowFile,23B] to original
[main] DEBUG org.apache.nifi.processors.standard.RouteText - RouteText[id=bf0f7ccb-620f-4544-b652-03cd51d8645e] Adding new dynamic property: PropertyDescriptor[simple]
[pool-2566-thread-1] INFO org.apache.nifi.processors.standard.RouteText - RouteText[id=bf0f7ccb-620f-4544-b652-03cd51d8645e] Created FlowFile[489,100418412454325.mockFlowFile,23B] from FlowFile[488,100418412454325.mockFlowFile,23B]; routing to relationship simple
[pool-2566-thread-1] INFO org.apache.nifi.processors.standard.RouteText - RouteText[id=bf0f7ccb-620f-4544-b652-03cd51d8645e] Routing FlowFile[488,100418412454325.mockFlowFile,23B] to original
[main] DEBUG org.apache.nifi.processors.standard.RouteText - RouteText[id=bf0f7ccb-620f-4544-b652-03cd51d8645e] Adding new dynamic property: PropertyDescriptor[simple]
[pool-2567-thread-1] INFO org.apache.nifi.processors.standard.RouteText - RouteText[id=bf0f7ccb-620f-4544-b652-03cd51d8645e] Created FlowFile[491,100418413006415.mockFlowFile,23B] from FlowFile[490,100418413006415.mockFlowFile,23B]; routing to relationship simple
[pool-2567-thread-1] INFO org.apache.nifi.processors.standard.RouteText - RouteText[id=bf0f7ccb-620f-4544-b652-03cd51d8645e] Routing FlowFile[490,100418413006415.mockFlowFile,23B] to original
[main] DEBUG org.apache.nifi.processors.standard.RouteText - RouteText[id=bf0f7ccb-620f-4544-b652-03cd51d8645e] Adding new dynamic property: PropertyDescriptor[simple]
[pool-2568-thread-1] INFO org.apache.nifi.processors.standard.RouteText - RouteText[id=bf0f7ccb-620f-4544-b652-03cd51d8645e] Created FlowFile[493,100418413613346.mockFlowFile,23B] from FlowFile[492,100418413613346.mockFlowFile,23B]; routing to relationship simple
[pool-2568-thread-1] INFO org.apache.nifi.processors.standard.RouteText - RouteText[id=bf0f7ccb-620f-4544-b652-03cd51d8645e] Routing FlowFile[492,100418413613346.mockFlowFile,23B] to original
[main] DEBUG org.apache.nifi.processors.standard.RouteText - RouteText[id=bf0f7ccb-620f-4544-b652-03cd51d8645e] Adding new dynamic property: PropertyDescriptor[simple]
[pool-2569-thread-1] INFO org.apache.nifi.processors.standard.RouteText - RouteText[id=bf0f7ccb-620f-4544-b652-03cd51d8645e] Created FlowFile[495,100418414172296.mockFlowFile,23B] from FlowFile[494,100418414172296.mockFlowFile,23B]; routing to relationship simple
[pool-2569-thread-1] INFO org.apache.nifi.processors.standard.RouteText - RouteText[id=bf0f7ccb-620f-4544-b652-03cd51d8645e] Routing FlowFile[494,100418414172296.mockFlowFile,23B] to original
[main] DEBUG org.apache.nifi.processors.standard.RouteText - RouteText[id=bf0f7ccb-620f-4544-b652-03cd51d8645e] Adding new dynamic property: PropertyDescriptor[simple]
[pool-2570-thread-1] INFO org.apache.nifi.processors.standard.RouteText - RouteText[id=bf0f7ccb-620f-4544-b652-03cd51d8645e] Created FlowFile[497,100418414769933.mockFlowFile,23B] from FlowFile[496,100418414769933.mockFlowFile,23B]; routing to relationship simple
[pool-2570-thread-1] INFO org.apache.nifi.processors.standard.RouteText - RouteText[id=bf0f7ccb-620f-4544-b652-03cd51d8645e] Routing FlowFile[496,100418414769933.mockFlowFile,23B] to original
[main] DEBUG org.apache.nifi.processors.standard.RouteText - RouteText[id=bf0f7ccb-620f-4544-b652-03cd51d8645e] Adding new dynamic property: PropertyDescriptor[simple]
[pool-2571-thread-1] INFO org.apache.nifi.processors.standard.RouteText - RouteText[id=bf0f7ccb-620f-4544-b652-03cd51d8645e] Created FlowFile[499,100418415344477.mockFlowFile,23B] from FlowFile[498,100418415344477.mockFlowFile,23B]; routing to relationship simple
[pool-2571-thread-1] INFO org.apache.nifi.processors.standard.RouteText - RouteText[id=bf0f7ccb-620f-4544-b652-03cd51d8645e] Routing FlowFile[498,100418415344477.mockFlowFile,23B] to original
[main] DEBUG org.apache.nifi.processors.standard.RouteText - RouteText[id=bf0f7ccb-620f-4544-b652-03cd51d8645e] Adding new dynamic property: PropertyDescriptor[simple]
[pool-2572-thread-1] INFO org.apache.nifi.processors.standard.RouteText - RouteText[id=bf0f7ccb-620f-4544-b652-03cd51d8645e] Created FlowFile[501,100418415931214.mockFlowFile,23B] from FlowFile[500,100418415931214.mockFlowFile,23B]; routing to relationship simple
[pool-2572-thread-1] INFO org.apache.nifi.processors.standard.RouteText - RouteText[id=bf0f7ccb-620f-4544-b652-03cd51d8645e] Routing FlowFile[500,100418415931214.mockFlowFile,23B] to original
[main] DEBUG org.apache.nifi.processors.standard.RouteText - RouteText[id=bf0f7ccb-620f-4544-b652-03cd51d8645e] Adding new dynamic property: PropertyDescriptor[simple]
[pool-2573-thread-1] INFO org.apache.nifi.processors.standard.RouteText - RouteText[id=bf0f7ccb-620f-4544-b652-03cd51d8645e] Created FlowFile[503,100418416631030.mockFlowFile,23B] from FlowFile[502,100418416631030.mockFlowFile,23B]; routing to relationship simple
[pool-2573-thread-1] INFO org.apache.nifi.processors.standard.RouteText - RouteText[id=bf0f7ccb-620f-4544-b652-03cd51d8645e] Routing FlowFile[502,100418416631030.mockFlowFile,23B] to original
[main] DEBUG org.apache.nifi.processors.standard.RouteText - RouteText[id=bf0f7ccb-620f-4544-b652-03cd51d8645e] Adding new dynamic property: PropertyDescriptor[simple]
[pool-2574-thread-1] INFO org.apache.nifi.processors.standard.RouteText - RouteText[id=bf0f7ccb-620f-4544-b652-03cd51d8645e] Created FlowFile[505,100418417203391.mockFlowFile,23B] from FlowFile[504,100418417203391.mockFlowFile,23B]; routing to relationship simple
[pool-2574-thread-1] INFO org.apache.nifi.processors.standard.RouteText - RouteText[id=bf0f7ccb-620f-4544-b652-03cd51d8645e] Routing FlowFile[504,100418417203391.mockFlowFile,23B] to original
[main] DEBUG org.apache.nifi.processors.standard.RouteText - RouteText[id=bf0f7ccb-620f-4544-b652-03cd51d8645e] Adding new dynamic property: PropertyDescriptor[simple]
[pool-2575-thread-1] INFO org.apache.nifi.processors.standard.RouteText - RouteText[id=bf0f7ccb-620f-4544-b652-03cd51d8645e] Created FlowFile[507,100418417798834.mockFlowFile,23B] from FlowFile[506,100418417798834.mockFlowFile,23B]; routing to relationship simple
[pool-2575-thread-1] INFO org.apache.nifi.processors.standard.RouteText - RouteText[id=bf0f7ccb-620f-4544-b652-03cd51d8645e] Routing FlowFile[506,100418417798834.mockFlowFile,23B] to original
[main] DEBUG org.apache.nifi.processors.standard.RouteText - RouteText[id=bf0f7ccb-620f-4544-b652-03cd51d8645e] Adding new dynamic property: PropertyDescriptor[simple]
[pool-2576-thread-1] INFO org.apache.nifi.processors.standard.RouteText - RouteText[id=bf0f7ccb-620f-4544-b652-03cd51d8645e] Created FlowFile[509,100418418373060.mockFlowFile,23B] from FlowFile[508,100418418373060.mockFlowFile,23B]; routing to relationship simple
[pool-2576-thread-1] INFO org.apache.nifi.processors.standard.RouteText - RouteText[id=bf0f7ccb-620f-4544-b652-03cd51d8645e] Routing FlowFile[508,100418418373060.mockFlowFile,23B] to original
[main] DEBUG org.apache.nifi.processors.standard.RouteText - RouteText[id=bf0f7ccb-620f-4544-b652-03cd51d8645e] Adding new dynamic property: PropertyDescriptor[simple]
[pool-2577-thread-1] INFO org.apache.nifi.processors.standard.RouteText - RouteText[id=bf0f7ccb-620f-4544-b652-03cd51d8645e] Created FlowFile[511,100418418920634.mockFlowFile,23B] from FlowFile[510,100418418920634.mockFlowFile,23B]; routing to relationship simple
[pool-2577-thread-1] INFO org.apache.nifi.processors.standard.RouteText - RouteText[id=bf0f7ccb-620f-4544-b652-03cd51d8645e] Routing FlowFile[510,100418418920634.mockFlowFile,23B] to original
[main] DEBUG org.apache.nifi.processors.standard.RouteText - RouteText[id=bf0f7ccb-620f-4544-b652-03cd51d8645e] Adding new dynamic property: PropertyDescriptor[simple]
[pool-2578-thread-1] INFO org.apache.nifi.processors.standard.RouteText - RouteText[id=bf0f7ccb-620f-4544-b652-03cd51d8645e] Created FlowFile[513,100418420053867.mockFlowFile,23B] from FlowFile[512,100418420053867.mockFlowFile,23B]; routing to relationship simple
[pool-2578-thread-1] INFO org.apache.nifi.processors.standard.RouteText - RouteText[id=bf0f7ccb-620f-4544-b652-03cd51d8645e] Routing FlowFile[512,100418420053867.mockFlowFile,23B] to original
[main] DEBUG org.apache.nifi.processors.standard.RouteText - RouteText[id=bf0f7ccb-620f-4544-b652-03cd51d8645e] Adding new dynamic property: PropertyDescriptor[simple]
[pool-2579-thread-1] INFO org.apache.nifi.processors.standard.RouteText - RouteText[id=bf0f7ccb-620f-4544-b652-03cd51d8645e] Created FlowFile[515,100418420776275.mockFlowFile,23B] from FlowFile[514,100418420776275.mockFlowFile,23B]; routing to relationship simple
[pool-2579-thread-1] INFO org.apache.nifi.processors.standard.RouteText - RouteText[id=bf0f7ccb-620f-4544-b652-03cd51d8645e] Routing FlowFile[514,100418420776275.mockFlowFile,23B] to original
[main] DEBUG org.apache.nifi.processors.standard.RouteText - RouteText[id=bf0f7ccb-620f-4544-b652-03cd51d8645e] Adding new dynamic property: PropertyDescriptor[simple]
[pool-2580-thread-1] INFO org.apache.nifi.processors.standard.RouteText - RouteText[id=bf0f7ccb-620f-4544-b652-03cd51d8645e] Created FlowFile[517,100418421545354.mockFlowFile,23B] from FlowFile[516,100418421545354.mockFlowFile,23B]; routing to relationship simple
[pool-2580-thread-1] INFO org.apache.nifi.processors.standard.RouteText - RouteText[id=bf0f7ccb-620f-4544-b652-03cd51d8645e] Routing FlowFile[516,100418421545354.mockFlowFile,23B] to original
[main] DEBUG org.apache.nifi.processors.standard.RouteText - RouteText[id=bf0f7ccb-620f-4544-b652-03cd51d8645e] Adding new dynamic property: PropertyDescriptor[simple]
[pool-2581-thread-1] INFO org.apache.nifi.processors.standard.RouteText - RouteText[id=bf0f7ccb-620f-4544-b652-03cd51d8645e] Created FlowFile[519,100418422988466.mockFlowFile,23B] from FlowFile[518,100418422988466.mockFlowFile,23B]; routing to relationship simple
[pool-2581-thread-1] INFO org.apache.nifi.processors.standard.RouteText - RouteText[id=bf0f7ccb-620f-4544-b652-03cd51d8645e] Routing FlowFile[518,100418422988466.mockFlowFile,23B] to original
[main] DEBUG org.apache.nifi.processors.standard.RouteText - RouteText[id=bf0f7ccb-620f-4544-b652-03cd51d8645e] Adding new dynamic property: PropertyDescriptor[simple]
[pool-2582-thread-1] INFO org.apache.nifi.processors.standard.RouteText - RouteText[id=bf0f7ccb-620f-4544-b652-03cd51d8645e] Created FlowFile[521,100418423692094.mockFlowFile,23B] from FlowFile[520,100418423692094.mockFlowFile,23B]; routing to relationship simple
[pool-2582-thread-1] INFO org.apache.nifi.processors.standard.RouteText - RouteText[id=bf0f7ccb-620f-4544-b652-03cd51d8645e] Routing FlowFile[520,100418423692094.mockFlowFile,23B] to original
[main] DEBUG org.apache.nifi.processors.standard.RouteText - RouteText[id=bf0f7ccb-620f-4544-b652-03cd51d8645e] Adding new dynamic property: PropertyDescriptor[simple]
[pool-2583-thread-1] INFO org.apache.nifi.processors.standard.RouteText - RouteText[id=bf0f7ccb-620f-4544-b652-03cd51d8645e] Created FlowFile[523,100418424310530.mockFlowFile,23B] from FlowFile[522,100418424310530.mockFlowFile,23B]; routing to relationship simple
[pool-2583-thread-1] INFO org.apache.nifi.processors.standard.RouteText - RouteText[id=bf0f7ccb-620f-4544-b652-03cd51d8645e] Routing FlowFile[522,100418424310530.mockFlowFile,23B] to original
[main] DEBUG org.apache.nifi.processors.standard.RouteText - RouteText[id=bf0f7ccb-620f-4544-b652-03cd51d8645e] Adding new dynamic property: PropertyDescriptor[simple]
[pool-2584-thread-1] INFO org.apache.nifi.processors.standard.RouteText - RouteText[id=bf0f7ccb-620f-4544-b652-03cd51d8645e] Created FlowFile[525,100418424880644.mockFlowFile,23B] from FlowFile[524,100418424880644.mockFlowFile,23B]; routing to relationship simple
[pool-2584-thread-1] INFO org.apache.nifi.processors.standard.RouteText - RouteText[id=bf0f7ccb-620f-4544-b652-03cd51d8645e] Routing FlowFile[524,100418424880644.mockFlowFile,23B] to original
[main] DEBUG org.apache.nifi.processors.standard.RouteText - RouteText[id=bf0f7ccb-620f-4544-b652-03cd51d8645e] Adding new dynamic property: PropertyDescriptor[simple]
[pool-2585-thread-1] INFO org.apache.nifi.processors.standard.RouteText - RouteText[id=bf0f7ccb-620f-4544-b652-03cd51d8645e] Created FlowFile[527,100418425415673.mockFlowFile,23B] from FlowFile[526,100418425415673.mockFlowFile,23B]; routing to relationship simple
[pool-2585-thread-1] INFO org.apache.nifi.processors.standard.RouteText - RouteText[id=bf0f7ccb-620f-4544-b652-03cd51d8645e] Routing FlowFile[526,100418425415673.mockFlowFile,23B] to original
[main] DEBUG org.apache.nifi.processors.standard.RouteText - RouteText[id=bf0f7ccb-620f-4544-b652-03cd51d8645e] Adding new dynamic property: PropertyDescriptor[simple]
[pool-2586-thread-1] INFO org.apache.nifi.processors.standard.RouteText - RouteText[id=bf0f7ccb-620f-4544-b652-03cd51d8645e] Created FlowFile[529,100418425958832.mockFlowFile,23B] from FlowFile[528,100418425958832.mockFlowFile,23B]; routing to relationship simple
[pool-2586-thread-1] INFO org.apache.nifi.processors.standard.RouteText - RouteText[id=bf0f7ccb-620f-4544-b652-03cd51d8645e] Routing FlowFile[528,100418425958832.mockFlowFile,23B] to original
[main] DEBUG org.apache.nifi.processors.standard.RouteText - RouteText[id=bf0f7ccb-620f-4544-b652-03cd51d8645e] Adding new dynamic property: PropertyDescriptor[simple]
[pool-2587-thread-1] INFO org.apache.nifi.processors.standard.RouteText - RouteText[id=bf0f7ccb-620f-4544-b652-03cd51d8645e] Created FlowFile[531,100418426482482.mockFlowFile,23B] from FlowFile[530,100418426482482.mockFlowFile,23B]; routing to relationship simple
[pool-2587-thread-1] INFO org.apache.nifi.processors.standard.RouteText - RouteText[id=bf0f7ccb-620f-4544-b652-03cd51d8645e] Routing FlowFile[530,100418426482482.mockFlowFile,23B] to original
[main] DEBUG org.apache.nifi.processors.standard.RouteText - RouteText[id=bf0f7ccb-620f-4544-b652-03cd51d8645e] Adding new dynamic property: PropertyDescriptor[simple]
[pool-2588-thread-1] INFO org.apache.nifi.processors.standard.RouteText - RouteText[id=bf0f7ccb-620f-4544-b652-03cd51d8645e] Created FlowFile[533,100418427052322.mockFlowFile,23B] from FlowFile[532,100418427052322.mockFlowFile,23B]; routing to relationship simple
[pool-2588-thread-1] INFO org.apache.nifi.processors.standard.RouteText - RouteText[id=bf0f7ccb-620f-4544-b652-03cd51d8645e] Routing FlowFile[532,100418427052322.mockFlowFile,23B] to original
[main] DEBUG org.apache.nifi.processors.standard.RouteText - RouteText[id=bf0f7ccb-620f-4544-b652-03cd51d8645e] Adding new dynamic property: PropertyDescriptor[simple]
[pool-2589-thread-1] INFO org.apache.nifi.processors.standard.RouteText - RouteText[id=bf0f7ccb-620f-4544-b652-03cd51d8645e] Created FlowFile[535,100418427641134.mockFlowFile,23B] from FlowFile[534,100418427641134.mockFlowFile,23B]; routing to relationship simple
[pool-2589-thread-1] INFO org.apache.nifi.processors.standard.RouteText - RouteText[id=bf0f7ccb-620f-4544-b652-03cd51d8645e] Routing FlowFile[534,100418427641134.mockFlowFile,23B] to original
[main] DEBUG org.apache.nifi.processors.standard.RouteText - RouteText[id=bf0f7ccb-620f-4544-b652-03cd51d8645e] Adding new dynamic property: PropertyDescriptor[simple]
[pool-2590-thread-1] INFO org.apache.nifi.processors.standard.RouteText - RouteText[id=bf0f7ccb-620f-4544-b652-03cd51d8645e] Created FlowFile[537,100418428239278.mockFlowFile,23B] from FlowFile[536,100418428239278.mockFlowFile,23B]; routing to relationship simple
[pool-2590-thread-1] INFO org.apache.nifi.processors.standard.RouteText - RouteText[id=bf0f7ccb-620f-4544-b652-03cd51d8645e] Routing FlowFile[536,100418428239278.mockFlowFile,23B] to original
[main] DEBUG org.apache.nifi.processors.standard.RouteText - RouteText[id=bf0f7ccb-620f-4544-b652-03cd51d8645e] Adding new dynamic property: PropertyDescriptor[simple]
[pool-2591-thread-1] INFO org.apache.nifi.processors.standard.RouteText - RouteText[id=bf0f7ccb-620f-4544-b652-03cd51d8645e] Created FlowFile[539,100418428799675.mockFlowFile,23B] from FlowFile[538,100418428799675.mockFlowFile,23B]; routing to relationship simple
[pool-2591-thread-1] INFO org.apache.nifi.processors.standard.RouteText - RouteText[id=bf0f7ccb-620f-4544-b652-03cd51d8645e] Routing FlowFile[538,100418428799675.mockFlowFile,23B] to original
[main] DEBUG org.apache.nifi.processors.standard.RouteText - RouteText[id=bf0f7ccb-620f-4544-b652-03cd51d8645e] Adding new dynamic property: PropertyDescriptor[simple]
[pool-2592-thread-1] INFO org.apache.nifi.processors.standard.RouteText - RouteText[id=bf0f7ccb-620f-4544-b652-03cd51d8645e] Created FlowFile[541,100418429312413.mockFlowFile,23B] from FlowFile[540,100418429312413.mockFlowFile,23B]; routing to relationship simple
[pool-2592-thread-1] INFO org.apache.nifi.processors.standard.RouteText - RouteText[id=bf0f7ccb-620f-4544-b652-03cd51d8645e] Routing FlowFile[540,100418429312413.mockFlowFile,23B] to original
[main] DEBUG org.apache.nifi.processors.standard.RouteText - RouteText[id=bf0f7ccb-620f-4544-b652-03cd51d8645e] Adding new dynamic property: PropertyDescriptor[simple]
[pool-2593-thread-1] INFO org.apache.nifi.processors.standard.RouteText - RouteText[id=bf0f7ccb-620f-4544-b652-03cd51d8645e] Created FlowFile[543,100418429821848.mockFlowFile,23B] from FlowFile[542,100418429821848.mockFlowFile,23B]; routing to relationship simple
[pool-2593-thread-1] INFO org.apache.nifi.processors.standard.RouteText - RouteText[id=bf0f7ccb-620f-4544-b652-03cd51d8645e] Routing FlowFile[542,100418429821848.mockFlowFile,23B] to original
[main] DEBUG org.apache.nifi.processors.standard.RouteText - RouteText[id=bf0f7ccb-620f-4544-b652-03cd51d8645e] Adding new dynamic property: PropertyDescriptor[simple]
[pool-2594-thread-1] INFO org.apache.nifi.processors.standard.RouteText - RouteText[id=bf0f7ccb-620f-4544-b652-03cd51d8645e] Created FlowFile[545,100418430301072.mockFlowFile,23B] from FlowFile[544,100418430301072.mockFlowFile,23B]; routing to relationship simple
[pool-2594-thread-1] INFO org.apache.nifi.processors.standard.RouteText - RouteText[id=bf0f7ccb-620f-4544-b652-03cd51d8645e] Routing FlowFile[544,100418430301072.mockFlowFile,23B] to original
[main] DEBUG org.apache.nifi.processors.standard.RouteText - RouteText[id=bf0f7ccb-620f-4544-b652-03cd51d8645e] Adding new dynamic property: PropertyDescriptor[simple]
[pool-2595-thread-1] INFO org.apache.nifi.processors.standard.RouteText - RouteText[id=bf0f7ccb-620f-4544-b652-03cd51d8645e] Created FlowFile[547,100418430782737.mockFlowFile,23B] from FlowFile[546,100418430782737.mockFlowFile,23B]; routing to relationship simple
[pool-2595-thread-1] INFO org.apache.nifi.processors.standard.RouteText - RouteText[id=bf0f7ccb-620f-4544-b652-03cd51d8645e] Routing FlowFile[546,100418430782737.mockFlowFile,23B] to original
[main] DEBUG org.apache.nifi.processors.standard.RouteText - RouteText[id=bf0f7ccb-620f-4544-b652-03cd51d8645e] Adding new dynamic property: PropertyDescriptor[simple]
[pool-2596-thread-1] INFO org.apache.nifi.processors.standard.RouteText - RouteText[id=bf0f7ccb-620f-4544-b652-03cd51d8645e] Created FlowFile[549,100418431287255.mockFlowFile,23B] from FlowFile[548,100418431287255.mockFlowFile,23B]; routing to relationship simple
[pool-2596-thread-1] INFO org.apache.nifi.processors.standard.RouteText - RouteText[id=bf0f7ccb-620f-4544-b652-03cd51d8645e] Routing FlowFile[548,100418431287255.mockFlowFile,23B] to original
[main] DEBUG org.apache.nifi.processors.standard.RouteText - RouteText[id=bf0f7ccb-620f-4544-b652-03cd51d8645e] Adding new dynamic property: PropertyDescriptor[simple]
[pool-2597-thread-1] INFO org.apache.nifi.processors.standard.RouteText - RouteText[id=bf0f7ccb-620f-4544-b652-03cd51d8645e] Created FlowFile[551,100418431849346.mockFlowFile,23B] from FlowFile[550,100418431849346.mockFlowFile,23B]; routing to relationship simple
[pool-2597-thread-1] INFO org.apache.nifi.processors.standard.RouteText - RouteText[id=bf0f7ccb-620f-4544-b652-03cd51d8645e] Routing FlowFile[550,100418431849346.mockFlowFile,23B] to original
[main] DEBUG org.apache.nifi.processors.standard.RouteText - RouteText[id=bf0f7ccb-620f-4544-b652-03cd51d8645e] Adding new dynamic property: PropertyDescriptor[simple]
[pool-2598-thread-1] INFO org.apache.nifi.processors.standard.RouteText - RouteText[id=bf0f7ccb-620f-4544-b652-03cd51d8645e] Created FlowFile[553,100418432434848.mockFlowFile,23B] from FlowFile[552,100418432434848.mockFlowFile,23B]; routing to relationship simple
[pool-2598-thread-1] INFO org.apache.nifi.processors.standard.RouteText - RouteText[id=bf0f7ccb-620f-4544-b652-03cd51d8645e] Routing FlowFile[552,100418432434848.mockFlowFile,23B] to original
[main] DEBUG org.apache.nifi.processors.standard.RouteText - RouteText[id=bf0f7ccb-620f-4544-b652-03cd51d8645e] Adding new dynamic property: PropertyDescriptor[simple]
[pool-2599-thread-1] INFO org.apache.nifi.processors.standard.RouteText - RouteText[id=bf0f7ccb-620f-4544-b652-03cd51d8645e] Created FlowFile[555,100418433009564.mockFlowFile,23B] from FlowFile[554,100418433009564.mockFlowFile,23B]; routing to relationship simple
[pool-2599-thread-1] INFO org.apache.nifi.processors.standard.RouteText - RouteText[id=bf0f7ccb-620f-4544-b652-03cd51d8645e] Routing FlowFile[554,100418433009564.mockFlowFile,23B] to original
[main] DEBUG org.apache.nifi.processors.standard.RouteText - RouteText[id=bf0f7ccb-620f-4544-b652-03cd51d8645e] Adding new dynamic property: PropertyDescriptor[simple]
[pool-2600-thread-1] INFO org.apache.nifi.processors.standard.RouteText - RouteText[id=bf0f7ccb-620f-4544-b652-03cd51d8645e] Created FlowFile[557,100418433565647.mockFlowFile,23B] from FlowFile[556,100418433565647.mockFlowFile,23B]; routing to relationship simple
[pool-2600-thread-1] INFO org.apache.nifi.processors.standard.RouteText - RouteText[id=bf0f7ccb-620f-4544-b652-03cd51d8645e] Routing FlowFile[556,100418433565647.mockFlowFile,23B] to original
[main] DEBUG org.apache.nifi.processors.standard.RouteText - RouteText[id=bf0f7ccb-620f-4544-b652-03cd51d8645e] Adding new dynamic property: PropertyDescriptor[simple]
[pool-2601-thread-1] INFO org.apache.nifi.processors.standard.RouteText - RouteText[id=bf0f7ccb-620f-4544-b652-03cd51d8645e] Created FlowFile[559,100418434113974.mockFlowFile,23B] from FlowFile[558,100418434113974.mockFlowFile,23B]; routing to relationship simple
[pool-2601-thread-1] INFO org.apache.nifi.processors.standard.RouteText - RouteText[id=bf0f7ccb-620f-4544-b652-03cd51d8645e] Routing FlowFile[558,100418434113974.mockFlowFile,23B] to original
[main] DEBUG org.apache.nifi.processors.standard.RouteText - RouteText[id=bf0f7ccb-620f-4544-b652-03cd51d8645e] Adding new dynamic property: PropertyDescriptor[simple]
[pool-2602-thread-1] INFO org.apache.nifi.processors.standard.RouteText - RouteText[id=bf0f7ccb-620f-4544-b652-03cd51d8645e] Created FlowFile[561,100418434626740.mockFlowFile,23B] from FlowFile[560,100418434626740.mockFlowFile,23B]; routing to relationship simple
[pool-2602-thread-1] INFO org.apache.nifi.processors.standard.RouteText - RouteText[id=bf0f7ccb-620f-4544-b652-03cd51d8645e] Routing FlowFile[560,100418434626740.mockFlowFile,23B] to original
[main] DEBUG org.apache.nifi.processors.standard.RouteText - RouteText[id=bf0f7ccb-620f-4544-b652-03cd51d8645e] Adding new dynamic property: PropertyDescriptor[simple]
[pool-2603-thread-1] INFO org.apache.nifi.processors.standard.RouteText - RouteText[id=bf0f7ccb-620f-4544-b652-03cd51d8645e] Created FlowFile[563,100418435126924.mockFlowFile,23B] from FlowFile[562,100418435126924.mockFlowFile,23B]; routing to relationship simple
[pool-2603-thread-1] INFO org.apache.nifi.processors.standard.RouteText - RouteText[id=bf0f7ccb-620f-4544-b652-03cd51d8645e] Routing FlowFile[562,100418435126924.mockFlowFile,23B] to original
[main] DEBUG org.apache.nifi.processors.standard.RouteText - RouteText[id=bf0f7ccb-620f-4544-b652-03cd51d8645e] Adding new dynamic property: PropertyDescriptor[simple]
[pool-2604-thread-1] INFO org.apache.nifi.processors.standard.RouteText - RouteText[id=bf0f7ccb-620f-4544-b652-03cd51d8645e] Created FlowFile[565,100418435641674.mockFlowFile,23B] from FlowFile[564,100418435641674.mockFlowFile,23B]; routing to relationship simple
[pool-2604-thread-1] INFO org.apache.nifi.processors.standard.RouteText - RouteText[id=bf0f7ccb-620f-4544-b652-03cd51d8645e] Routing FlowFile[564,100418435641674.mockFlowFile,23B] to original
[main] DEBUG org.apache.nifi.processors.standard.RouteText - RouteText[id=bf0f7ccb-620f-4544-b652-03cd51d8645e] Adding new dynamic property: PropertyDescriptor[simple]
[pool-2605-thread-1] INFO org.apache.nifi.processors.standard.RouteText - RouteText[id=bf0f7ccb-620f-4544-b652-03cd51d8645e] Created FlowFile[567,100418436161424.mockFlowFile,23B] from FlowFile[566,100418436161424.mockFlowFile,23B]; routing to relationship simple
[pool-2605-thread-1] INFO org.apache.nifi.processors.standard.RouteText - RouteText[id=bf0f7ccb-620f-4544-b652-03cd51d8645e] Routing FlowFile[566,100418436161424.mockFlowFile,23B] to original
[main] DEBUG org.apache.nifi.processors.standard.RouteText - RouteText[id=bf0f7ccb-620f-4544-b652-03cd51d8645e] Adding new dynamic property: PropertyDescriptor[simple]
[pool-2606-thread-1] INFO org.apache.nifi.processors.standard.RouteText - RouteText[id=bf0f7ccb-620f-4544-b652-03cd51d8645e] Created FlowFile[569,100418436681752.mockFlowFile,23B] from FlowFile[568,100418436681752.mockFlowFile,23B]; routing to relationship simple
[pool-2606-thread-1] INFO org.apache.nifi.processors.standard.RouteText - RouteText[id=bf0f7ccb-620f-4544-b652-03cd51d8645e] Routing FlowFile[568,100418436681752.mockFlowFile,23B] to original
[main] DEBUG org.apache.nifi.processors.standard.RouteText - RouteText[id=bf0f7ccb-620f-4544-b652-03cd51d8645e] Adding new dynamic property: PropertyDescriptor[simple]
[pool-2607-thread-1] INFO org.apache.nifi.processors.standard.RouteText - RouteText[id=bf0f7ccb-620f-4544-b652-03cd51d8645e] Created FlowFile[571,100418437199486.mockFlowFile,23B] from FlowFile[570,100418437199486.mockFlowFile,23B]; routing to relationship simple
[pool-2607-thread-1] INFO org.apache.nifi.processors.standard.RouteText - RouteText[id=bf0f7ccb-620f-4544-b652-03cd51d8645e] Routing FlowFile[570,100418437199486.mockFlowFile,23B] to original
[main] DEBUG org.apache.nifi.processors.standard.RouteText - RouteText[id=bf0f7ccb-620f-4544-b652-03cd51d8645e] Adding new dynamic property: PropertyDescriptor[simple]
[pool-2608-thread-1] INFO org.apache.nifi.processors.standard.RouteText - RouteText[id=bf0f7ccb-620f-4544-b652-03cd51d8645e] Created FlowFile[573,100418437817175.mockFlowFile,23B] from FlowFile[572,100418437817175.mockFlowFile,23B]; routing to relationship simple
[pool-2608-thread-1] INFO org.apache.nifi.processors.standard.RouteText - RouteText[id=bf0f7ccb-620f-4544-b652-03cd51d8645e] Routing FlowFile[572,100418437817175.mockFlowFile,23B] to original
[main] DEBUG org.apache.nifi.processors.standard.RouteText - RouteText[id=bf0f7ccb-620f-4544-b652-03cd51d8645e] Adding new dynamic property: PropertyDescriptor[simple]
[pool-2609-thread-1] INFO org.apache.nifi.processors.standard.RouteText - RouteText[id=bf0f7ccb-620f-4544-b652-03cd51d8645e] Created FlowFile[575,100418438379197.mockFlowFile,23B] from FlowFile[574,100418438379197.mockFlowFile,23B]; routing to relationship simple
[pool-2609-thread-1] INFO org.apache.nifi.processors.standard.RouteText - RouteText[id=bf0f7ccb-620f-4544-b652-03cd51d8645e] Routing FlowFile[574,100418438379197.mockFlowFile,23B] to original
[main] DEBUG org.apache.nifi.processors.standard.RouteText - RouteText[id=bf0f7ccb-620f-4544-b652-03cd51d8645e] Adding new dynamic property: PropertyDescriptor[simple]
[pool-2610-thread-1] INFO org.apache.nifi.processors.standard.RouteText - RouteText[id=bf0f7ccb-620f-4544-b652-03cd51d8645e] Created FlowFile[577,100418438908342.mockFlowFile,23B] from FlowFile[576,100418438908342.mockFlowFile,23B]; routing to relationship simple
[pool-2610-thread-1] INFO org.apache.nifi.processors.standard.RouteText - RouteText[id=bf0f7ccb-620f-4544-b652-03cd51d8645e] Routing FlowFile[576,100418438908342.mockFlowFile,23B] to original
[main] DEBUG org.apache.nifi.processors.standard.RouteText - RouteText[id=bf0f7ccb-620f-4544-b652-03cd51d8645e] Adding new dynamic property: PropertyDescriptor[simple]
[pool-2611-thread-1] INFO org.apache.nifi.processors.standard.RouteText - RouteText[id=bf0f7ccb-620f-4544-b652-03cd51d8645e] Created FlowFile[579,100418439458302.mockFlowFile,23B] from FlowFile[578,100418439458302.mockFlowFile,23B]; routing to relationship simple
[pool-2611-thread-1] INFO org.apache.nifi.processors.standard.RouteText - RouteText[id=bf0f7ccb-620f-4544-b652-03cd51d8645e] Routing FlowFile[578,100418439458302.mockFlowFile,23B] to original
[main] DEBUG org.apache.nifi.processors.standard.RouteText - RouteText[id=bf0f7ccb-620f-4544-b652-03cd51d8645e] Adding new dynamic property: PropertyDescriptor[simple]
[pool-2612-thread-1] INFO org.apache.nifi.processors.standard.RouteText - RouteText[id=bf0f7ccb-620f-4544-b652-03cd51d8645e] Created FlowFile[581,100418439925698.mockFlowFile,23B] from FlowFile[580,100418439925698.mockFlowFile,23B]; routing to relationship simple
[pool-2612-thread-1] INFO org.apache.nifi.processors.standard.RouteText - RouteText[id=bf0f7ccb-620f-4544-b652-03cd51d8645e] Routing FlowFile[580,100418439925698.mockFlowFile,23B] to original
[main] DEBUG org.apache.nifi.processors.standard.RouteText - RouteText[id=bf0f7ccb-620f-4544-b652-03cd51d8645e] Adding new dynamic property: PropertyDescriptor[simple]
[pool-2613-thread-1] INFO org.apache.nifi.processors.standard.RouteText - RouteText[id=bf0f7ccb-620f-4544-b652-03cd51d8645e] Created FlowFile[583,100418440824436.mockFlowFile,23B] from FlowFile[582,100418440824436.mockFlowFile,23B]; routing to relationship simple
[pool-2613-thread-1] INFO org.apache.nifi.processors.standard.RouteText - RouteText[id=bf0f7ccb-620f-4544-b652-03cd51d8645e] Routing FlowFile[582,100418440824436.mockFlowFile,23B] to original
[main] DEBUG org.apache.nifi.processors.standard.RouteText - RouteText[id=bf0f7ccb-620f-4544-b652-03cd51d8645e] Adding new dynamic property: PropertyDescriptor[simple]
[pool-2614-thread-1] INFO org.apache.nifi.processors.standard.RouteText - RouteText[id=bf0f7ccb-620f-4544-b652-03cd51d8645e] Created FlowFile[585,100418441328121.mockFlowFile,23B] from FlowFile[584,100418441328121.mockFlowFile,23B]; routing to relationship simple
[pool-2614-thread-1] INFO org.apache.nifi.processors.standard.RouteText - RouteText[id=bf0f7ccb-620f-4544-b652-03cd51d8645e] Routing FlowFile[584,100418441328121.mockFlowFile,23B] to original
[main] DEBUG org.apache.nifi.processors.standard.RouteText - RouteText[id=bf0f7ccb-620f-4544-b652-03cd51d8645e] Adding new dynamic property: PropertyDescriptor[simple]
[pool-2615-thread-1] INFO org.apache.nifi.processors.standard.RouteText - RouteText[id=bf0f7ccb-620f-4544-b652-03cd51d8645e] Created FlowFile[587,100418441899732.mockFlowFile,23B] from FlowFile[586,100418441899732.mockFlowFile,23B]; routing to relationship simple
[pool-2615-thread-1] INFO org.apache.nifi.processors.standard.RouteText - RouteText[id=bf0f7ccb-620f-4544-b652-03cd51d8645e] Routing FlowFile[586,100418441899732.mockFlowFile,23B] to original
[main] DEBUG org.apache.nifi.processors.standard.RouteText - RouteText[id=bf0f7ccb-620f-4544-b652-03cd51d8645e] Adding new dynamic property: PropertyDescriptor[simple]
[pool-2616-thread-1] INFO org.apache.nifi.processors.standard.RouteText - RouteText[id=bf0f7ccb-620f-4544-b652-03cd51d8645e] Created FlowFile[589,100418442436052.mockFlowFile,23B] from FlowFile[588,100418442436052.mockFlowFile,23B]; routing to relationship simple
[pool-2616-thread-1] INFO org.apache.nifi.processors.standard.RouteText - RouteText[id=bf0f7ccb-620f-4544-b652-03cd51d8645e] Routing FlowFile[588,100418442436052.mockFlowFile,23B] to original
[main] DEBUG org.apache.nifi.processors.standard.RouteText - RouteText[id=bf0f7ccb-620f-4544-b652-03cd51d8645e] Adding new dynamic property: PropertyDescriptor[simple]
[pool-2617-thread-1] INFO org.apache.nifi.processors.standard.RouteText - RouteText[id=bf0f7ccb-620f-4544-b652-03cd51d8645e] Created FlowFile[591,100418442904910.mockFlowFile,23B] from FlowFile[590,100418442904910.mockFlowFile,23B]; routing to relationship simple
[pool-2617-thread-1] INFO org.apache.nifi.processors.standard.RouteText - RouteText[id=bf0f7ccb-620f-4544-b652-03cd51d8645e] Routing FlowFile[590,100418442904910.mockFlowFile,23B] to original
[main] DEBUG org.apache.nifi.processors.standard.RouteText - RouteText[id=bf0f7ccb-620f-4544-b652-03cd51d8645e] Adding new dynamic property: PropertyDescriptor[simple]
[pool-2618-thread-1] INFO org.apache.nifi.processors.standard.RouteText - RouteText[id=bf0f7ccb-620f-4544-b652-03cd51d8645e] Created FlowFile[593,100418443408091.mockFlowFile,23B] from FlowFile[592,100418443408091.mockFlowFile,23B]; routing to relationship simple
[pool-2618-thread-1] INFO org.apache.nifi.processors.standard.RouteText - RouteText[id=bf0f7ccb-620f-4544-b652-03cd51d8645e] Routing FlowFile[592,100418443408091.mockFlowFile,23B] to original
[main] DEBUG org.apache.nifi.processors.standard.RouteText - RouteText[id=bf0f7ccb-620f-4544-b652-03cd51d8645e] Adding new dynamic property: PropertyDescriptor[simple]
[pool-2619-thread-1] INFO org.apache.nifi.processors.standard.RouteText - RouteText[id=bf0f7ccb-620f-4544-b652-03cd51d8645e] Created FlowFile[595,100418443887526.mockFlowFile,23B] from FlowFile[594,100418443887526.mockFlowFile,23B]; routing to relationship simple
[pool-2619-thread-1] INFO org.apache.nifi.processors.standard.RouteText - RouteText[id=bf0f7ccb-620f-4544-b652-03cd51d8645e] Routing FlowFile[594,100418443887526.mockFlowFile,23B] to original
[main] DEBUG org.apache.nifi.processors.standard.RouteText - RouteText[id=bf0f7ccb-620f-4544-b652-03cd51d8645e] Adding new dynamic property: PropertyDescriptor[simple]
[pool-2620-thread-1] INFO org.apache.nifi.processors.standard.RouteText - RouteText[id=bf0f7ccb-620f-4544-b652-03cd51d8645e] Created FlowFile[597,100418444519484.mockFlowFile,23B] from FlowFile[596,100418444519484.mockFlowFile,23B]; routing to relationship simple
[pool-2620-thread-1] INFO org.apache.nifi.processors.standard.RouteText - RouteText[id=bf0f7ccb-620f-4544-b652-03cd51d8645e] Routing FlowFile[596,100418444519484.mockFlowFile,23B] to original
[main] DEBUG org.apache.nifi.processors.standard.RouteText - RouteText[id=bf0f7ccb-620f-4544-b652-03cd51d8645e] Adding new dynamic property: PropertyDescriptor[simple]
[pool-2621-thread-1] INFO org.apache.nifi.processors.standard.RouteText - RouteText[id=bf0f7ccb-620f-4544-b652-03cd51d8645e] Created FlowFile[599,100418445111319.mockFlowFile,23B] from FlowFile[598,100418445111319.mockFlowFile,23B]; routing to relationship simple
[pool-2621-thread-1] INFO org.apache.nifi.processors.standard.RouteText - RouteText[id=bf0f7ccb-620f-4544-b652-03cd51d8645e] Routing FlowFile[598,100418445111319.mockFlowFile,23B] to original
[main] DEBUG org.apache.nifi.processors.standard.RouteText - RouteText[id=bf0f7ccb-620f-4544-b652-03cd51d8645e] Adding new dynamic property: PropertyDescriptor[simple]
[pool-2622-thread-1] INFO org.apache.nifi.processors.standard.RouteText - RouteText[id=bf0f7ccb-620f-4544-b652-03cd51d8645e] Created FlowFile[601,100418445642747.mockFlowFile,23B] from FlowFile[600,100418445642747.mockFlowFile,23B]; routing to relationship simple
[pool-2622-thread-1] INFO org.apache.nifi.processors.standard.RouteText - RouteText[id=bf0f7ccb-620f-4544-b652-03cd51d8645e] Routing FlowFile[600,100418445642747.mockFlowFile,23B] to original
[main] DEBUG org.apache.nifi.processors.standard.RouteText - RouteText[id=bf0f7ccb-620f-4544-b652-03cd51d8645e] Adding new dynamic property: PropertyDescriptor[simple]
[pool-2623-thread-1] INFO org.apache.nifi.processors.standard.RouteText - RouteText[id=bf0f7ccb-620f-4544-b652-03cd51d8645e] Created FlowFile[603,100418446183954.mockFlowFile,23B] from FlowFile[602,100418446183954.mockFlowFile,23B]; routing to relationship simple
[pool-2623-thread-1] INFO org.apache.nifi.processors.standard.RouteText - RouteText[id=bf0f7ccb-620f-4544-b652-03cd51d8645e] Routing FlowFile[602,100418446183954.mockFlowFile,23B] to original
[main] DEBUG org.apache.nifi.processors.standard.RouteText - RouteText[id=bf0f7ccb-620f-4544-b652-03cd51d8645e] Adding new dynamic property: PropertyDescriptor[simple]
[pool-2624-thread-1] INFO org.apache.nifi.processors.standard.RouteText - RouteText[id=bf0f7ccb-620f-4544-b652-03cd51d8645e] Created FlowFile[605,100418446673323.mockFlowFile,23B] from FlowFile[604,100418446673323.mockFlowFile,23B]; routing to relationship simple
[pool-2624-thread-1] INFO org.apache.nifi.processors.standard.RouteText - RouteText[id=bf0f7ccb-620f-4544-b652-03cd51d8645e] Routing FlowFile[604,100418446673323.mockFlowFile,23B] to original
[main] DEBUG org.apache.nifi.processors.standard.RouteText - RouteText[id=bf0f7ccb-620f-4544-b652-03cd51d8645e] Adding new dynamic property: PropertyDescriptor[simple]
[pool-2625-thread-1] INFO org.apache.nifi.processors.standard.RouteText - RouteText[id=bf0f7ccb-620f-4544-b652-03cd51d8645e] Created FlowFile[607,100418447124178.mockFlowFile,23B] from FlowFile[606,100418447124178.mockFlowFile,23B]; routing to relationship simple
[pool-2625-thread-1] INFO org.apache.nifi.processors.standard.RouteText - RouteText[id=bf0f7ccb-620f-4544-b652-03cd51d8645e] Routing FlowFile[606,100418447124178.mockFlowFile,23B] to original
[main] DEBUG org.apache.nifi.processors.standard.RouteText - RouteText[id=bf0f7ccb-620f-4544-b652-03cd51d8645e] Adding new dynamic property: PropertyDescriptor[simple]
[pool-2626-thread-1] INFO org.apache.nifi.processors.standard.RouteText - RouteText[id=bf0f7ccb-620f-4544-b652-03cd51d8645e] Created FlowFile[609,100418447656584.mockFlowFile,23B] from FlowFile[608,100418447656584.mockFlowFile,23B]; routing to relationship simple
[pool-2626-thread-1] INFO org.apache.nifi.processors.standard.RouteText - RouteText[id=bf0f7ccb-620f-4544-b652-03cd51d8645e] Routing FlowFile[608,100418447656584.mockFlowFile,23B] to original
[main] DEBUG org.apache.nifi.processors.standard.RouteText - RouteText[id=bf0f7ccb-620f-4544-b652-03cd51d8645e] Adding new dynamic property: PropertyDescriptor[simple]
[pool-2627-thread-1] INFO org.apache.nifi.processors.standard.RouteText - RouteText[id=bf0f7ccb-620f-4544-b652-03cd51d8645e] Created FlowFile[611,100418448086758.mockFlowFile,23B] from FlowFile[610,100418448086758.mockFlowFile,23B]; routing to relationship simple
[pool-2627-thread-1] INFO org.apache.nifi.processors.standard.RouteText - RouteText[id=bf0f7ccb-620f-4544-b652-03cd51d8645e] Routing FlowFile[610,100418448086758.mockFlowFile,23B] to original
[main] DEBUG org.apache.nifi.processors.standard.RouteText - RouteText[id=bf0f7ccb-620f-4544-b652-03cd51d8645e] Adding new dynamic property: PropertyDescriptor[simple]
[pool-2628-thread-1] INFO org.apache.nifi.processors.standard.RouteText - RouteText[id=bf0f7ccb-620f-4544-b652-03cd51d8645e] Created FlowFile[613,100418448514958.mockFlowFile,23B] from FlowFile[612,100418448514958.mockFlowFile,23B]; routing to relationship simple
[pool-2628-thread-1] INFO org.apache.nifi.processors.standard.RouteText - RouteText[id=bf0f7ccb-620f-4544-b652-03cd51d8645e] Routing FlowFile[612,100418448514958.mockFlowFile,23B] to original
[main] DEBUG org.apache.nifi.processors.standard.RouteText - RouteText[id=bf0f7ccb-620f-4544-b652-03cd51d8645e] Adding new dynamic property: PropertyDescriptor[simple]
[pool-2629-thread-1] INFO org.apache.nifi.processors.standard.RouteText - RouteText[id=bf0f7ccb-620f-4544-b652-03cd51d8645e] Created FlowFile[615,100418449052312.mockFlowFile,23B] from FlowFile[614,100418449052312.mockFlowFile,23B]; routing to relationship simple
[pool-2629-thread-1] INFO org.apache.nifi.processors.standard.RouteText - RouteText[id=bf0f7ccb-620f-4544-b652-03cd51d8645e] Routing FlowFile[614,100418449052312.mockFlowFile,23B] to original
[main] DEBUG org.apache.nifi.processors.standard.RouteText - RouteText[id=bf0f7ccb-620f-4544-b652-03cd51d8645e] Adding new dynamic property: PropertyDescriptor[simple]
[pool-2630-thread-1] INFO org.apache.nifi.processors.standard.RouteText - RouteText[id=bf0f7ccb-620f-4544-b652-03cd51d8645e] Created FlowFile[617,100418449531160.mockFlowFile,23B] from FlowFile[616,100418449531160.mockFlowFile,23B]; routing to relationship simple
[pool-2630-thread-1] INFO org.apache.nifi.processors.standard.RouteText - RouteText[id=bf0f7ccb-620f-4544-b652-03cd51d8645e] Routing FlowFile[616,100418449531160.mockFlowFile,23B] to original
[main] DEBUG org.apache.nifi.processors.standard.RouteText - RouteText[id=bf0f7ccb-620f-4544-b652-03cd51d8645e] Adding new dynamic property: PropertyDescriptor[simple]
[pool-2631-thread-1] INFO org.apache.nifi.processors.standard.RouteText - RouteText[id=bf0f7ccb-620f-4544-b652-03cd51d8645e] Created FlowFile[619,100418450119220.mockFlowFile,23B] from FlowFile[618,100418450119220.mockFlowFile,23B]; routing to relationship simple
[pool-2631-thread-1] INFO org.apache.nifi.processors.standard.RouteText - RouteText[id=bf0f7ccb-620f-4544-b652-03cd51d8645e] Routing FlowFile[618,100418450119220.mockFlowFile,23B] to original
[main] DEBUG org.apache.nifi.processors.standard.RouteText - RouteText[id=bf0f7ccb-620f-4544-b652-03cd51d8645e] Adding new dynamic property: PropertyDescriptor[simple]
[pool-2632-thread-1] INFO org.apache.nifi.processors.standard.RouteText - RouteText[id=bf0f7ccb-620f-4544-b652-03cd51d8645e] Created FlowFile[621,100418450665751.mockFlowFile,23B] from FlowFile[620,100418450665751.mockFlowFile,23B]; routing to relationship simple
[pool-2632-thread-1] INFO org.apache.nifi.processors.standard.RouteText - RouteText[id=bf0f7ccb-620f-4544-b652-03cd51d8645e] Routing FlowFile[620,100418450665751.mockFlowFile,23B] to original
[main] DEBUG org.apache.nifi.processors.standard.RouteText - RouteText[id=bf0f7ccb-620f-4544-b652-03cd51d8645e] Adding new dynamic property: PropertyDescriptor[simple]
[pool-2633-thread-1] INFO org.apache.nifi.processors.standard.RouteText - RouteText[id=bf0f7ccb-620f-4544-b652-03cd51d8645e] Created FlowFile[623,100418451122132.mockFlowFile,23B] from FlowFile[622,100418451122132.mockFlowFile,23B]; routing to relationship simple
[pool-2633-thread-1] INFO org.apache.nifi.processors.standard.RouteText - RouteText[id=bf0f7ccb-620f-4544-b652-03cd51d8645e] Routing FlowFile[622,100418451122132.mockFlowFile,23B] to original
[main] DEBUG org.apache.nifi.processors.standard.RouteText - RouteText[id=bf0f7ccb-620f-4544-b652-03cd51d8645e] Adding new dynamic property: PropertyDescriptor[simple]
[pool-2634-thread-1] INFO org.apache.nifi.processors.standard.RouteText - RouteText[id=bf0f7ccb-620f-4544-b652-03cd51d8645e] Created FlowFile[625,100418451656907.mockFlowFile,23B] from FlowFile[624,100418451656907.mockFlowFile,23B]; routing to relationship simple
[pool-2634-thread-1] INFO org.apache.nifi.processors.standard.RouteText - RouteText[id=bf0f7ccb-620f-4544-b652-03cd51d8645e] Routing FlowFile[624,100418451656907.mockFlowFile,23B] to original
[main] DEBUG org.apache.nifi.processors.standard.RouteText - RouteText[id=bf0f7ccb-620f-4544-b652-03cd51d8645e] Adding new dynamic property: PropertyDescriptor[simple]
[pool-2635-thread-1] INFO org.apache.nifi.processors.standard.RouteText - RouteText[id=bf0f7ccb-620f-4544-b652-03cd51d8645e] Created FlowFile[627,100418452199788.mockFlowFile,23B] from FlowFile[626,100418452199788.mockFlowFile,23B]; routing to relationship simple
[pool-2635-thread-1] INFO org.apache.nifi.processors.standard.RouteText - RouteText[id=bf0f7ccb-620f-4544-b652-03cd51d8645e] Routing FlowFile[626,100418452199788.mockFlowFile,23B] to original
[main] DEBUG org.apache.nifi.processors.standard.RouteText - RouteText[id=bf0f7ccb-620f-4544-b652-03cd51d8645e] Adding new dynamic property: PropertyDescriptor[simple]
[pool-2636-thread-1] INFO org.apache.nifi.processors.standard.RouteText - RouteText[id=bf0f7ccb-620f-4544-b652-03cd51d8645e] Created FlowFile[629,100418452821778.mockFlowFile,23B] from FlowFile[628,100418452821778.mockFlowFile,23B]; routing to relationship simple
[pool-2636-thread-1] INFO org.apache.nifi.processors.standard.RouteText - RouteText[id=bf0f7ccb-620f-4544-b652-03cd51d8645e] Routing FlowFile[628,100418452821778.mockFlowFile,23B] to original
[main] DEBUG org.apache.nifi.processors.standard.RouteText - RouteText[id=bf0f7ccb-620f-4544-b652-03cd51d8645e] Adding new dynamic property: PropertyDescriptor[simple]
[pool-2637-thread-1] INFO org.apache.nifi.processors.standard.RouteText - RouteText[id=bf0f7ccb-620f-4544-b652-03cd51d8645e] Created FlowFile[631,100418453368592.mockFlowFile,23B] from FlowFile[630,100418453368592.mockFlowFile,23B]; routing to relationship simple
[pool-2637-thread-1] INFO org.apache.nifi.processors.standard.RouteText - RouteText[id=bf0f7ccb-620f-4544-b652-03cd51d8645e] Routing FlowFile[630,100418453368592.mockFlowFile,23B] to original
[main] DEBUG org.apache.nifi.processors.standard.RouteText - RouteText[id=bf0f7ccb-620f-4544-b652-03cd51d8645e] Adding new dynamic property: PropertyDescriptor[simple]
[pool-2638-thread-1] INFO org.apache.nifi.processors.standard.RouteText - RouteText[id=bf0f7ccb-620f-4544-b652-03cd51d8645e] Created FlowFile[633,100418453875298.mockFlowFile,23B] from FlowFile[632,100418453875298.mockFlowFile,23B]; routing to relationship simple
[pool-2638-thread-1] INFO org.apache.nifi.processors.standard.RouteText - RouteText[id=bf0f7ccb-620f-4544-b652-03cd51d8645e] Routing FlowFile[632,100418453875298.mockFlowFile,23B] to original
[main] DEBUG org.apache.nifi.processors.standard.RouteText - RouteText[id=bf0f7ccb-620f-4544-b652-03cd51d8645e] Adding new dynamic property: PropertyDescriptor[simple]
[pool-2639-thread-1] INFO org.apache.nifi.processors.standard.RouteText - RouteText[id=bf0f7ccb-620f-4544-b652-03cd51d8645e] Created FlowFile[635,100418454339045.mockFlowFile,23B] from FlowFile[634,100418454339045.mockFlowFile,23B]; routing to relationship simple
[pool-2639-thread-1] INFO org.apache.nifi.processors.standard.RouteText - RouteText[id=bf0f7ccb-620f-4544-b652-03cd51d8645e] Routing FlowFile[634,100418454339045.mockFlowFile,23B] to original
[main] DEBUG org.apache.nifi.processors.standard.RouteText - RouteText[id=bf0f7ccb-620f-4544-b652-03cd51d8645e] Adding new dynamic property: PropertyDescriptor[simple]
[pool-2640-thread-1] INFO org.apache.nifi.processors.standard.RouteText - RouteText[id=bf0f7ccb-620f-4544-b652-03cd51d8645e] Created FlowFile[637,100418454727352.mockFlowFile,23B] from FlowFile[636,100418454727352.mockFlowFile,23B]; routing to relationship simple
[pool-2640-thread-1] INFO org.apache.nifi.processors.standard.RouteText - RouteText[id=bf0f7ccb-620f-4544-b652-03cd51d8645e] Routing FlowFile[636,100418454727352.mockFlowFile,23B] to original
[main] DEBUG org.apache.nifi.processors.standard.RouteText - RouteText[id=bf0f7ccb-620f-4544-b652-03cd51d8645e] Adding new dynamic property: PropertyDescriptor[simple]
[pool-2641-thread-1] INFO org.apache.nifi.processors.standard.RouteText - RouteText[id=bf0f7ccb-620f-4544-b652-03cd51d8645e] Created FlowFile[639,100418455144325.mockFlowFile,23B] from FlowFile[638,100418455144325.mockFlowFile,23B]; routing to relationship simple
[pool-2641-thread-1] INFO org.apache.nifi.processors.standard.RouteText - RouteText[id=bf0f7ccb-620f-4544-b652-03cd51d8645e] Routing FlowFile[638,100418455144325.mockFlowFile,23B] to original
[main] DEBUG org.apache.nifi.processors.standard.RouteText - RouteText[id=bf0f7ccb-620f-4544-b652-03cd51d8645e] Adding new dynamic property: PropertyDescriptor[simple]
[pool-2642-thread-1] INFO org.apache.nifi.processors.standard.RouteText - RouteText[id=bf0f7ccb-620f-4544-b652-03cd51d8645e] Created FlowFile[641,100418455851081.mockFlowFile,23B] from FlowFile[640,100418455851081.mockFlowFile,23B]; routing to relationship simple
[pool-2642-thread-1] INFO org.apache.nifi.processors.standard.RouteText - RouteText[id=bf0f7ccb-620f-4544-b652-03cd51d8645e] Routing FlowFile[640,100418455851081.mockFlowFile,23B] to original
[main] DEBUG org.apache.nifi.processors.standard.RouteText - RouteText[id=bf0f7ccb-620f-4544-b652-03cd51d8645e] Adding new dynamic property: PropertyDescriptor[simple]
[pool-2643-thread-1] INFO org.apache.nifi.processors.standard.RouteText - RouteText[id=bf0f7ccb-620f-4544-b652-03cd51d8645e] Created FlowFile[643,100418456459790.mockFlowFile,23B] from FlowFile[642,100418456459790.mockFlowFile,23B]; routing to relationship simple
[pool-2643-thread-1] INFO org.apache.nifi.processors.standard.RouteText - RouteText[id=bf0f7ccb-620f-4544-b652-03cd51d8645e] Routing FlowFile[642,100418456459790.mockFlowFile,23B] to original
[main] DEBUG org.apache.nifi.processors.standard.RouteText - RouteText[id=bf0f7ccb-620f-4544-b652-03cd51d8645e] Adding new dynamic property: PropertyDescriptor[simple]
[pool-2644-thread-1] INFO org.apache.nifi.processors.standard.RouteText - RouteText[id=bf0f7ccb-620f-4544-b652-03cd51d8645e] Created FlowFile[645,100418457034380.mockFlowFile,23B] from FlowFile[644,100418457034380.mockFlowFile,23B]; routing to relationship simple
[pool-2644-thread-1] INFO org.apache.nifi.processors.standard.RouteText - RouteText[id=bf0f7ccb-620f-4544-b652-03cd51d8645e] Routing FlowFile[644,100418457034380.mockFlowFile,23B] to original
[main] DEBUG org.apache.nifi.processors.standard.RouteText - RouteText[id=bf0f7ccb-620f-4544-b652-03cd51d8645e] Adding new dynamic property: PropertyDescriptor[simple]
[pool-2645-thread-1] INFO org.apache.nifi.processors.standard.RouteText - RouteText[id=bf0f7ccb-620f-4544-b652-03cd51d8645e] Created FlowFile[647,100418457569127.mockFlowFile,23B] from FlowFile[646,100418457569127.mockFlowFile,23B]; routing to relationship simple
[pool-2645-thread-1] INFO org.apache.nifi.processors.standard.RouteText - RouteText[id=bf0f7ccb-620f-4544-b652-03cd51d8645e] Routing FlowFile[646,100418457569127.mockFlowFile,23B] to original
[main] DEBUG org.apache.nifi.processors.standard.RouteText - RouteText[id=bf0f7ccb-620f-4544-b652-03cd51d8645e] Adding new dynamic property: PropertyDescriptor[simple]
[pool-2646-thread-1] INFO org.apache.nifi.processors.standard.RouteText - RouteText[id=bf0f7ccb-620f-4544-b652-03cd51d8645e] Created FlowFile[649,100418458030907.mockFlowFile,23B] from FlowFile[648,100418458030907.mockFlowFile,23B]; routing to relationship simple
[pool-2646-thread-1] INFO org.apache.nifi.processors.standard.RouteText - RouteText[id=bf0f7ccb-620f-4544-b652-03cd51d8645e] Routing FlowFile[648,100418458030907.mockFlowFile,23B] to original
[main] DEBUG org.apache.nifi.processors.standard.RouteText - RouteText[id=bf0f7ccb-620f-4544-b652-03cd51d8645e] Adding new dynamic property: PropertyDescriptor[simple]
[pool-2647-thread-1] INFO org.apache.nifi.processors.standard.RouteText - RouteText[id=bf0f7ccb-620f-4544-b652-03cd51d8645e] Created FlowFile[651,100418458499801.mockFlowFile,23B] from FlowFile[650,100418458499801.mockFlowFile,23B]; routing to relationship simple
[pool-2647-thread-1] INFO org.apache.nifi.processors.standard.RouteText - RouteText[id=bf0f7ccb-620f-4544-b652-03cd51d8645e] Routing FlowFile[650,100418458499801.mockFlowFile,23B] to original
[main] DEBUG org.apache.nifi.processors.standard.RouteText - RouteText[id=bf0f7ccb-620f-4544-b652-03cd51d8645e] Adding new dynamic property: PropertyDescriptor[simple]
[pool-2648-thread-1] INFO org.apache.nifi.processors.standard.RouteText - RouteText[id=bf0f7ccb-620f-4544-b652-03cd51d8645e] Created FlowFile[653,100418458954484.mockFlowFile,23B] from FlowFile[652,100418458954484.mockFlowFile,23B]; routing to relationship simple
[pool-2648-thread-1] INFO org.apache.nifi.processors.standard.RouteText - RouteText[id=bf0f7ccb-620f-4544-b652-03cd51d8645e] Routing FlowFile[652,100418458954484.mockFlowFile,23B] to original
[main] DEBUG org.apache.nifi.processors.standard.RouteText - RouteText[id=bf0f7ccb-620f-4544-b652-03cd51d8645e] Adding new dynamic property: PropertyDescriptor[simple]
[pool-2649-thread-1] INFO org.apache.nifi.processors.standard.RouteText - RouteText[id=bf0f7ccb-620f-4544-b652-03cd51d8645e] Created FlowFile[655,100418459414972.mockFlowFile,23B] from FlowFile[654,100418459414972.mockFlowFile,23B]; routing to relationship simple
[pool-2649-thread-1] INFO org.apache.nifi.processors.standard.RouteText - RouteText[id=bf0f7ccb-620f-4544-b652-03cd51d8645e] Routing FlowFile[654,100418459414972.mockFlowFile,23B] to original
[main] DEBUG org.apache.nifi.processors.standard.RouteText - RouteText[id=bf0f7ccb-620f-4544-b652-03cd51d8645e] Adding new dynamic property: PropertyDescriptor[simple]
[pool-2650-thread-1] INFO org.apache.nifi.processors.standard.RouteText - RouteText[id=bf0f7ccb-620f-4544-b652-03cd51d8645e] Created FlowFile[657,100418459862222.mockFlowFile,23B] from FlowFile[656,100418459862222.mockFlowFile,23B]; routing to relationship simple
[pool-2650-thread-1] INFO org.apache.nifi.processors.standard.RouteText - RouteText[id=bf0f7ccb-620f-4544-b652-03cd51d8645e] Routing FlowFile[656,100418459862222.mockFlowFile,23B] to original
[main] DEBUG org.apache.nifi.processors.standard.RouteText - RouteText[id=bf0f7ccb-620f-4544-b652-03cd51d8645e] Adding new dynamic property: PropertyDescriptor[simple]
[pool-2651-thread-1] INFO org.apache.nifi.processors.standard.RouteText - RouteText[id=bf0f7ccb-620f-4544-b652-03cd51d8645e] Created FlowFile[659,100418460313127.mockFlowFile,23B] from FlowFile[658,100418460313127.mockFlowFile,23B]; routing to relationship simple
[pool-2651-thread-1] INFO org.apache.nifi.processors.standard.RouteText - RouteText[id=bf0f7ccb-620f-4544-b652-03cd51d8645e] Routing FlowFile[658,100418460313127.mockFlowFile,23B] to original
[main] DEBUG org.apache.nifi.processors.standard.RouteText - RouteText[id=bf0f7ccb-620f-4544-b652-03cd51d8645e] Adding new dynamic property: PropertyDescriptor[simple]
[pool-2652-thread-1] INFO org.apache.nifi.processors.standard.RouteText - RouteText[id=bf0f7ccb-620f-4544-b652-03cd51d8645e] Created FlowFile[661,100418460775885.mockFlowFile,23B] from FlowFile[660,100418460775885.mockFlowFile,23B]; routing to relationship simple
[pool-2652-thread-1] INFO org.apache.nifi.processors.standard.RouteText - RouteText[id=bf0f7ccb-620f-4544-b652-03cd51d8645e] Routing FlowFile[660,100418460775885.mockFlowFile,23B] to original
[main] DEBUG org.apache.nifi.processors.standard.RouteText - RouteText[id=bf0f7ccb-620f-4544-b652-03cd51d8645e] Adding new dynamic property: PropertyDescriptor[simple]
[pool-2653-thread-1] INFO org.apache.nifi.processors.standard.RouteText - RouteText[id=bf0f7ccb-620f-4544-b652-03cd51d8645e] Created FlowFile[663,100418461273838.mockFlowFile,23B] from FlowFile[662,100418461273838.mockFlowFile,23B]; routing to relationship simple
[pool-2653-thread-1] INFO org.apache.nifi.processors.standard.RouteText - RouteText[id=bf0f7ccb-620f-4544-b652-03cd51d8645e] Routing FlowFile[662,100418461273838.mockFlowFile,23B] to original
[main] DEBUG org.apache.nifi.processors.standard.RouteText - RouteText[id=bf0f7ccb-620f-4544-b652-03cd51d8645e] Adding new dynamic property: PropertyDescriptor[simple]
[pool-2654-thread-1] INFO org.apache.nifi.processors.standard.RouteText - RouteText[id=bf0f7ccb-620f-4544-b652-03cd51d8645e] Created FlowFile[665,100418461745683.mockFlowFile,23B] from FlowFile[664,100418461745683.mockFlowFile,23B]; routing to relationship simple
[pool-2654-thread-1] INFO org.apache.nifi.processors.standard.RouteText - RouteText[id=bf0f7ccb-620f-4544-b652-03cd51d8645e] Routing FlowFile[664,100418461745683.mockFlowFile,23B] to original
[main] DEBUG org.apache.nifi.processors.standard.RouteText - RouteText[id=bf0f7ccb-620f-4544-b652-03cd51d8645e] Adding new dynamic property: PropertyDescriptor[simple]
[pool-2655-thread-1] INFO org.apache.nifi.processors.standard.RouteText - RouteText[id=bf0f7ccb-620f-4544-b652-03cd51d8645e] Created FlowFile[667,100418462297292.mockFlowFile,23B] from FlowFile[666,100418462297292.mockFlowFile,23B]; routing to relationship simple
[pool-2655-thread-1] INFO org.apache.nifi.processors.standard.RouteText - RouteText[id=bf0f7ccb-620f-4544-b652-03cd51d8645e] Routing FlowFile[666,100418462297292.mockFlowFile,23B] to original
[main] DEBUG org.apache.nifi.processors.standard.RouteText - RouteText[id=bf0f7ccb-620f-4544-b652-03cd51d8645e] Adding new dynamic property: PropertyDescriptor[simple]
[pool-2656-thread-1] INFO org.apache.nifi.processors.standard.RouteText - RouteText[id=bf0f7ccb-620f-4544-b652-03cd51d8645e] Created FlowFile[669,100418462820534.mockFlowFile,23B] from FlowFile[668,100418462820534.mockFlowFile,23B]; routing to relationship simple
[pool-2656-thread-1] INFO org.apache.nifi.processors.standard.RouteText - RouteText[id=bf0f7ccb-620f-4544-b652-03cd51d8645e] Routing FlowFile[668,100418462820534.mockFlowFile,23B] to original
[main] DEBUG org.apache.nifi.processors.standard.RouteText - RouteText[id=bf0f7ccb-620f-4544-b652-03cd51d8645e] Adding new dynamic property: PropertyDescriptor[simple]
[pool-2657-thread-1] INFO org.apache.nifi.processors.standard.RouteText - RouteText[id=bf0f7ccb-620f-4544-b652-03cd51d8645e] Created FlowFile[671,100418463284957.mockFlowFile,23B] from FlowFile[670,100418463284957.mockFlowFile,23B]; routing to relationship simple
[pool-2657-thread-1] INFO org.apache.nifi.processors.standard.RouteText - RouteText[id=bf0f7ccb-620f-4544-b652-03cd51d8645e] Routing FlowFile[670,100418463284957.mockFlowFile,23B] to original
[main] DEBUG org.apache.nifi.processors.standard.RouteText - RouteText[id=bf0f7ccb-620f-4544-b652-03cd51d8645e] Adding new dynamic property: PropertyDescriptor[simple]
[pool-2658-thread-1] INFO org.apache.nifi.processors.standard.RouteText - RouteText[id=bf0f7ccb-620f-4544-b652-03cd51d8645e] Created FlowFile[673,100418463724803.mockFlowFile,23B] from FlowFile[672,100418463724803.mockFlowFile,23B]; routing to relationship simple
[pool-2658-thread-1] INFO org.apache.nifi.processors.standard.RouteText - RouteText[id=bf0f7ccb-620f-4544-b652-03cd51d8645e] Routing FlowFile[672,100418463724803.mockFlowFile,23B] to original
[main] DEBUG org.apache.nifi.processors.standard.RouteText - RouteText[id=bf0f7ccb-620f-4544-b652-03cd51d8645e] Adding new dynamic property: PropertyDescriptor[simple]
[pool-2659-thread-1] INFO org.apache.nifi.processors.standard.RouteText - RouteText[id=bf0f7ccb-620f-4544-b652-03cd51d8645e] Created FlowFile[675,100418464158109.mockFlowFile,23B] from FlowFile[674,100418464158109.mockFlowFile,23B]; routing to relationship simple
[pool-2659-thread-1] INFO org.apache.nifi.processors.standard.RouteText - RouteText[id=bf0f7ccb-620f-4544-b652-03cd51d8645e] Routing FlowFile[674,100418464158109.mockFlowFile,23B] to original
[main] DEBUG org.apache.nifi.processors.standard.RouteText - RouteText[id=bf0f7ccb-620f-4544-b652-03cd51d8645e] Adding new dynamic property: PropertyDescriptor[simple]
[pool-2660-thread-1] INFO org.apache.nifi.processors.standard.RouteText - RouteText[id=bf0f7ccb-620f-4544-b652-03cd51d8645e] Created FlowFile[677,100418464749528.mockFlowFile,23B] from FlowFile[676,100418464749528.mockFlowFile,23B]; routing to relationship simple
[pool-2660-thread-1] INFO org.apache.nifi.processors.standard.RouteText - RouteText[id=bf0f7ccb-620f-4544-b652-03cd51d8645e] Routing FlowFile[676,100418464749528.mockFlowFile,23B] to original
[main] DEBUG org.apache.nifi.processors.standard.RouteText - RouteText[id=bf0f7ccb-620f-4544-b652-03cd51d8645e] Adding new dynamic property: PropertyDescriptor[simple]
[pool-2661-thread-1] INFO org.apache.nifi.processors.standard.RouteText - RouteText[id=bf0f7ccb-620f-4544-b652-03cd51d8645e] Created FlowFile[679,100418465373339.mockFlowFile,23B] from FlowFile[678,100418465373339.mockFlowFile,23B]; routing to relationship simple
[pool-2661-thread-1] INFO org.apache.nifi.processors.standard.RouteText - RouteText[id=bf0f7ccb-620f-4544-b652-03cd51d8645e] Routing FlowFile[678,100418465373339.mockFlowFile,23B] to original
[main] DEBUG org.apache.nifi.processors.standard.RouteText - RouteText[id=bf0f7ccb-620f-4544-b652-03cd51d8645e] Adding new dynamic property: PropertyDescriptor[simple]
[pool-2662-thread-1] INFO org.apache.nifi.processors.standard.RouteText - RouteText[id=bf0f7ccb-620f-4544-b652-03cd51d8645e] Created FlowFile[681,100418465939426.mockFlowFile,23B] from FlowFile[680,100418465939426.mockFlowFile,23B]; routing to relationship simple
[pool-2662-thread-1] INFO org.apache.nifi.processors.standard.RouteText - RouteText[id=bf0f7ccb-620f-4544-b652-03cd51d8645e] Routing FlowFile[680,100418465939426.mockFlowFile,23B] to original
[main] DEBUG org.apache.nifi.processors.standard.RouteText - RouteText[id=bf0f7ccb-620f-4544-b652-03cd51d8645e] Adding new dynamic property: PropertyDescriptor[simple]
[pool-2663-thread-1] INFO org.apache.nifi.processors.standard.RouteText - RouteText[id=bf0f7ccb-620f-4544-b652-03cd51d8645e] Created FlowFile[683,100418466468014.mockFlowFile,23B] from FlowFile[682,100418466468014.mockFlowFile,23B]; routing to relationship simple
[pool-2663-thread-1] INFO org.apache.nifi.processors.standard.RouteText - RouteText[id=bf0f7ccb-620f-4544-b652-03cd51d8645e] Routing FlowFile[682,100418466468014.mockFlowFile,23B] to original
[main] DEBUG org.apache.nifi.processors.standard.RouteText - RouteText[id=bf0f7ccb-620f-4544-b652-03cd51d8645e] Adding new dynamic property: PropertyDescriptor[simple]
[pool-2664-thread-1] INFO org.apache.nifi.processors.standard.RouteText - RouteText[id=bf0f7ccb-620f-4544-b652-03cd51d8645e] Created FlowFile[685,100418466942998.mockFlowFile,23B] from FlowFile[684,100418466942998.mockFlowFile,23B]; routing to relationship simple
[pool-2664-thread-1] INFO org.apache.nifi.processors.standard.RouteText - RouteText[id=bf0f7ccb-620f-4544-b652-03cd51d8645e] Routing FlowFile[684,100418466942998.mockFlowFile,23B] to original
[main] DEBUG org.apache.nifi.processors.standard.RouteText - RouteText[id=bf0f7ccb-620f-4544-b652-03cd51d8645e] Adding new dynamic property: PropertyDescriptor[simple]
[pool-2665-thread-1] INFO org.apache.nifi.processors.standard.RouteText - RouteText[id=bf0f7ccb-620f-4544-b652-03cd51d8645e] Created FlowFile[687,100418467464380.mockFlowFile,23B] from FlowFile[686,100418467464380.mockFlowFile,23B]; routing to relationship simple
[pool-2665-thread-1] INFO org.apache.nifi.processors.standard.RouteText - RouteText[id=bf0f7ccb-620f-4544-b652-03cd51d8645e] Routing FlowFile[686,100418467464380.mockFlowFile,23B] to original
[main] DEBUG org.apache.nifi.processors.standard.RouteText - RouteText[id=bf0f7ccb-620f-4544-b652-03cd51d8645e] Adding new dynamic property: PropertyDescriptor[simple]
[pool-2666-thread-1] INFO org.apache.nifi.processors.standard.RouteText - RouteText[id=bf0f7ccb-620f-4544-b652-03cd51d8645e] Created FlowFile[689,100418467971742.mockFlowFile,23B] from FlowFile[688,100418467971742.mockFlowFile,23B]; routing to relationship simple
[pool-2666-thread-1] INFO org.apache.nifi.processors.standard.RouteText - RouteText[id=bf0f7ccb-620f-4544-b652-03cd51d8645e] Routing FlowFile[688,100418467971742.mockFlowFile,23B] to original
[main] DEBUG org.apache.nifi.processors.standard.RouteText - RouteText[id=bf0f7ccb-620f-4544-b652-03cd51d8645e] Adding new dynamic property: PropertyDescriptor[simple]
[pool-2667-thread-1] INFO org.apache.nifi.processors.standard.RouteText - RouteText[id=bf0f7ccb-620f-4544-b652-03cd51d8645e] Created FlowFile[691,100418468587346.mockFlowFile,23B] from FlowFile[690,100418468587346.mockFlowFile,23B]; routing to relationship simple
[pool-2667-thread-1] INFO org.apache.nifi.processors.standard.RouteText - RouteText[id=bf0f7ccb-620f-4544-b652-03cd51d8645e] Routing FlowFile[690,100418468587346.mockFlowFile,23B] to original
[main] DEBUG org.apache.nifi.processors.standard.RouteText - RouteText[id=bf0f7ccb-620f-4544-b652-03cd51d8645e] Adding new dynamic property: PropertyDescriptor[simple]
[pool-2668-thread-1] INFO org.apache.nifi.processors.standard.RouteText - RouteText[id=bf0f7ccb-620f-4544-b652-03cd51d8645e] Created FlowFile[693,100418469176471.mockFlowFile,23B] from FlowFile[692,100418469176471.mockFlowFile,23B]; routing to relationship simple
[pool-2668-thread-1] INFO org.apache.nifi.processors.standard.RouteText - RouteText[id=bf0f7ccb-620f-4544-b652-03cd51d8645e] Routing FlowFile[692,100418469176471.mockFlowFile,23B] to original
[main] DEBUG org.apache.nifi.processors.standard.RouteText - RouteText[id=bf0f7ccb-620f-4544-b652-03cd51d8645e] Adding new dynamic property: PropertyDescriptor[simple]
[pool-2669-thread-1] INFO org.apache.nifi.processors.standard.RouteText - RouteText[id=bf0f7ccb-620f-4544-b652-03cd51d8645e] Created FlowFile[695,100418469712843.mockFlowFile,23B] from FlowFile[694,100418469712843.mockFlowFile,23B]; routing to relationship simple
[pool-2669-thread-1] INFO org.apache.nifi.processors.standard.RouteText - RouteText[id=bf0f7ccb-620f-4544-b652-03cd51d8645e] Routing FlowFile[694,100418469712843.mockFlowFile,23B] to original
[main] DEBUG org.apache.nifi.processors.standard.RouteText - RouteText[id=bf0f7ccb-620f-4544-b652-03cd51d8645e] Adding new dynamic property: PropertyDescriptor[simple]
[pool-2670-thread-1] INFO org.apache.nifi.processors.standard.RouteText - RouteText[id=bf0f7ccb-620f-4544-b652-03cd51d8645e] Created FlowFile[697,100418470237918.mockFlowFile,23B] from FlowFile[696,100418470237918.mockFlowFile,23B]; routing to relationship simple
[pool-2670-thread-1] INFO org.apache.nifi.processors.standard.RouteText - RouteText[id=bf0f7ccb-620f-4544-b652-03cd51d8645e] Routing FlowFile[696,100418470237918.mockFlowFile,23B] to original
[main] DEBUG org.apache.nifi.processors.standard.RouteText - RouteText[id=bf0f7ccb-620f-4544-b652-03cd51d8645e] Adding new dynamic property: PropertyDescriptor[simple]
[pool-2671-thread-1] INFO org.apache.nifi.processors.standard.RouteText - RouteText[id=bf0f7ccb-620f-4544-b652-03cd51d8645e] Created FlowFile[699,100418470769313.mockFlowFile,23B] from FlowFile[698,100418470769313.mockFlowFile,23B]; routing to relationship simple
[pool-2671-thread-1] INFO org.apache.nifi.processors.standard.RouteText - RouteText[id=bf0f7ccb-620f-4544-b652-03cd51d8645e] Routing FlowFile[698,100418470769313.mockFlowFile,23B] to original
[main] DEBUG org.apache.nifi.processors.standard.RouteText - RouteText[id=bf0f7ccb-620f-4544-b652-03cd51d8645e] Adding new dynamic property: PropertyDescriptor[simple]
[pool-2672-thread-1] INFO org.apache.nifi.processors.standard.RouteText - RouteText[id=bf0f7ccb-620f-4544-b652-03cd51d8645e] Created FlowFile[701,100418471299092.mockFlowFile,23B] from FlowFile[700,100418471299092.mockFlowFile,23B]; routing to relationship simple
[pool-2672-thread-1] INFO org.apache.nifi.processors.standard.RouteText - RouteText[id=bf0f7ccb-620f-4544-b652-03cd51d8645e] Routing FlowFile[700,100418471299092.mockFlowFile,23B] to original
[main] DEBUG org.apache.nifi.processors.standard.RouteText - RouteText[id=bf0f7ccb-620f-4544-b652-03cd51d8645e] Adding new dynamic property: PropertyDescriptor[simple]
[pool-2673-thread-1] INFO org.apache.nifi.processors.standard.RouteText - RouteText[id=bf0f7ccb-620f-4544-b652-03cd51d8645e] Created FlowFile[703,100418471772660.mockFlowFile,23B] from FlowFile[702,100418471772660.mockFlowFile,23B]; routing to relationship simple
[pool-2673-thread-1] INFO org.apache.nifi.processors.standard.RouteText - RouteText[id=bf0f7ccb-620f-4544-b652-03cd51d8645e] Routing FlowFile[702,100418471772660.mockFlowFile,23B] to original
[main] DEBUG org.apache.nifi.processors.standard.RouteText - RouteText[id=bf0f7ccb-620f-4544-b652-03cd51d8645e] Adding new dynamic property: PropertyDescriptor[simple]
[pool-2674-thread-1] INFO org.apache.nifi.processors.standard.RouteText - RouteText[id=bf0f7ccb-620f-4544-b652-03cd51d8645e] Created FlowFile[705,100418472399603.mockFlowFile,23B] from FlowFile[704,100418472399603.mockFlowFile,23B]; routing to relationship simple
[pool-2674-thread-1] INFO org.apache.nifi.processors.standard.RouteText - RouteText[id=bf0f7ccb-620f-4544-b652-03cd51d8645e] Routing FlowFile[704,100418472399603.mockFlowFile,23B] to original
[main] DEBUG org.apache.nifi.processors.standard.RouteText - RouteText[id=bf0f7ccb-620f-4544-b652-03cd51d8645e] Adding new dynamic property: PropertyDescriptor[simple]
[pool-2675-thread-1] INFO org.apache.nifi.processors.standard.RouteText - RouteText[id=bf0f7ccb-620f-4544-b652-03cd51d8645e] Created FlowFile[707,100418472990670.mockFlowFile,23B] from FlowFile[706,100418472990670.mockFlowFile,23B]; routing to relationship simple
[pool-2675-thread-1] INFO org.apache.nifi.processors.standard.RouteText - RouteText[id=bf0f7ccb-620f-4544-b652-03cd51d8645e] Routing FlowFile[706,100418472990670.mockFlowFile,23B] to original
[main] DEBUG org.apache.nifi.processors.standard.RouteText - RouteText[id=bf0f7ccb-620f-4544-b652-03cd51d8645e] Adding new dynamic property: PropertyDescriptor[simple]
[pool-2676-thread-1] INFO org.apache.nifi.processors.standard.RouteText - RouteText[id=bf0f7ccb-620f-4544-b652-03cd51d8645e] Created FlowFile[709,100418473570051.mockFlowFile,23B] from FlowFile[708,100418473570051.mockFlowFile,23B]; routing to relationship simple
[pool-2676-thread-1] INFO org.apache.nifi.processors.standard.RouteText - RouteText[id=bf0f7ccb-620f-4544-b652-03cd51d8645e] Routing FlowFile[708,100418473570051.mockFlowFile,23B] to original
[main] DEBUG org.apache.nifi.processors.standard.RouteText - RouteText[id=bf0f7ccb-620f-4544-b652-03cd51d8645e] Adding new dynamic property: PropertyDescriptor[simple]
[pool-2677-thread-1] INFO org.apache.nifi.processors.standard.RouteText - RouteText[id=bf0f7ccb-620f-4544-b652-03cd51d8645e] Created FlowFile[711,100418474116402.mockFlowFile,23B] from FlowFile[710,100418474116402.mockFlowFile,23B]; routing to relationship simple
[pool-2677-thread-1] INFO org.apache.nifi.processors.standard.RouteText - RouteText[id=bf0f7ccb-620f-4544-b652-03cd51d8645e] Routing FlowFile[710,100418474116402.mockFlowFile,23B] to original
[main] DEBUG org.apache.nifi.processors.standard.RouteText - RouteText[id=bf0f7ccb-620f-4544-b652-03cd51d8645e] Adding new dynamic property: PropertyDescriptor[simple]
[pool-2678-thread-1] INFO org.apache.nifi.processors.standard.RouteText - RouteText[id=bf0f7ccb-620f-4544-b652-03cd51d8645e] Created FlowFile[713,100418474543886.mockFlowFile,23B] from FlowFile[712,100418474543886.mockFlowFile,23B]; routing to relationship simple
[pool-2678-thread-1] INFO org.apache.nifi.processors.standard.RouteText - RouteText[id=bf0f7ccb-620f-4544-b652-03cd51d8645e] Routing FlowFile[712,100418474543886.mockFlowFile,23B] to original
[main] DEBUG org.apache.nifi.processors.standard.RouteText - RouteText[id=bf0f7ccb-620f-4544-b652-03cd51d8645e] Adding new dynamic property: PropertyDescriptor[simple]
[pool-2679-thread-1] INFO org.apache.nifi.processors.standard.RouteText - RouteText[id=bf0f7ccb-620f-4544-b652-03cd51d8645e] Created FlowFile[715,100418475038021.mockFlowFile,23B] from FlowFile[714,100418475038021.mockFlowFile,23B]; routing to relationship simple
[pool-2679-thread-1] INFO org.apache.nifi.processors.standard.RouteText - RouteText[id=bf0f7ccb-620f-4544-b652-03cd51d8645e] Routing FlowFile[714,100418475038021.mockFlowFile,23B] to original
[main] DEBUG org.apache.nifi.processors.standard.RouteText - RouteText[id=bf0f7ccb-620f-4544-b652-03cd51d8645e] Adding new dynamic property: PropertyDescriptor[simple]
[pool-2680-thread-1] INFO org.apache.nifi.processors.standard.RouteText - RouteText[id=bf0f7ccb-620f-4544-b652-03cd51d8645e] Created FlowFile[717,100418475617107.mockFlowFile,23B] from FlowFile[716,100418475617107.mockFlowFile,23B]; routing to relationship simple
[pool-2680-thread-1] INFO org.apache.nifi.processors.standard.RouteText - RouteText[id=bf0f7ccb-620f-4544-b652-03cd51d8645e] Routing FlowFile[716,100418475617107.mockFlowFile,23B] to original
[main] DEBUG org.apache.nifi.processors.standard.RouteText - RouteText[id=bf0f7ccb-620f-4544-b652-03cd51d8645e] Adding new dynamic property: PropertyDescriptor[simple]
[pool-2681-thread-1] INFO org.apache.nifi.processors.standard.RouteText - RouteText[id=bf0f7ccb-620f-4544-b652-03cd51d8645e] Created FlowFile[719,100418476101624.mockFlowFile,23B] from FlowFile[718,100418476101624.mockFlowFile,23B]; routing to relationship simple
[pool-2681-thread-1] INFO org.apache.nifi.processors.standard.RouteText - RouteText[id=bf0f7ccb-620f-4544-b652-03cd51d8645e] Routing FlowFile[718,100418476101624.mockFlowFile,23B] to original
[main] DEBUG org.apache.nifi.processors.standard.RouteText - RouteText[id=bf0f7ccb-620f-4544-b652-03cd51d8645e] Adding new dynamic property: PropertyDescriptor[simple]
[pool-2682-thread-1] INFO org.apache.nifi.processors.standard.RouteText - RouteText[id=bf0f7ccb-620f-4544-b652-03cd51d8645e] Created FlowFile[721,100418476664298.mockFlowFile,23B] from FlowFile[720,100418476664298.mockFlowFile,23B]; routing to relationship simple
[pool-2682-thread-1] INFO org.apache.nifi.processors.standard.RouteText - RouteText[id=bf0f7ccb-620f-4544-b652-03cd51d8645e] Routing FlowFile[720,100418476664298.mockFlowFile,23B] to original
[main] DEBUG org.apache.nifi.processors.standard.RouteText - RouteText[id=bf0f7ccb-620f-4544-b652-03cd51d8645e] Adding new dynamic property: PropertyDescriptor[simple]
[pool-2683-thread-1] INFO org.apache.nifi.processors.standard.RouteText - RouteText[id=bf0f7ccb-620f-4544-b652-03cd51d8645e] Created FlowFile[723,100418477208905.mockFlowFile,23B] from FlowFile[722,100418477208905.mockFlowFile,23B]; routing to relationship simple
[pool-2683-thread-1] INFO org.apache.nifi.processors.standard.RouteText - RouteText[id=bf0f7ccb-620f-4544-b652-03cd51d8645e] Routing FlowFile[722,100418477208905.mockFlowFile,23B] to original
[main] DEBUG org.apache.nifi.processors.standard.RouteText - RouteText[id=bf0f7ccb-620f-4544-b652-03cd51d8645e] Adding new dynamic property: PropertyDescriptor[simple]
[pool-2684-thread-1] INFO org.apache.nifi.processors.standard.RouteText - RouteText[id=bf0f7ccb-620f-4544-b652-03cd51d8645e] Created FlowFile[725,100418477734535.mockFlowFile,23B] from FlowFile[724,100418477734535.mockFlowFile,23B]; routing to relationship simple
[pool-2684-thread-1] INFO org.apache.nifi.processors.standard.RouteText - RouteText[id=bf0f7ccb-620f-4544-b652-03cd51d8645e] Routing FlowFile[724,100418477734535.mockFlowFile,23B] to original
[main] DEBUG org.apache.nifi.processors.standard.RouteText - RouteText[id=bf0f7ccb-620f-4544-b652-03cd51d8645e] Adding new dynamic property: PropertyDescriptor[simple]
[pool-2685-thread-1] INFO org.apache.nifi.processors.standard.RouteText - RouteText[id=bf0f7ccb-620f-4544-b652-03cd51d8645e] Created FlowFile[727,100418478165612.mockFlowFile,23B] from FlowFile[726,100418478165612.mockFlowFile,23B]; routing to relationship simple
[pool-2685-thread-1] INFO org.apache.nifi.processors.standard.RouteText - RouteText[id=bf0f7ccb-620f-4544-b652-03cd51d8645e] Routing FlowFile[726,100418478165612.mockFlowFile,23B] to original
[main] DEBUG org.apache.nifi.processors.standard.RouteText - RouteText[id=bf0f7ccb-620f-4544-b652-03cd51d8645e] Adding new dynamic property: PropertyDescriptor[simple]
[pool-2686-thread-1] INFO org.apache.nifi.processors.standard.RouteText - RouteText[id=bf0f7ccb-620f-4544-b652-03cd51d8645e] Created FlowFile[729,100418478584019.mockFlowFile,23B] from FlowFile[728,100418478584019.mockFlowFile,23B]; routing to relationship simple
[pool-2686-thread-1] INFO org.apache.nifi.processors.standard.RouteText - RouteText[id=bf0f7ccb-620f-4544-b652-03cd51d8645e] Routing FlowFile[728,100418478584019.mockFlowFile,23B] to original
[main] DEBUG org.apache.nifi.processors.standard.RouteText - RouteText[id=bf0f7ccb-620f-4544-b652-03cd51d8645e] Adding new dynamic property: PropertyDescriptor[simple]
[pool-2687-thread-1] INFO org.apache.nifi.processors.standard.RouteText - RouteText[id=bf0f7ccb-620f-4544-b652-03cd51d8645e] Created FlowFile[731,100418478987793.mockFlowFile,23B] from FlowFile[730,100418478987793.mockFlowFile,23B]; routing to relationship simple
[pool-2687-thread-1] INFO org.apache.nifi.processors.standard.RouteText - RouteText[id=bf0f7ccb-620f-4544-b652-03cd51d8645e] Routing FlowFile[730,100418478987793.mockFlowFile,23B] to original
[main] DEBUG org.apache.nifi.processors.standard.RouteText - RouteText[id=bf0f7ccb-620f-4544-b652-03cd51d8645e] Adding new dynamic property: PropertyDescriptor[simple]
[pool-2688-thread-1] INFO org.apache.nifi.processors.standard.RouteText - RouteText[id=bf0f7ccb-620f-4544-b652-03cd51d8645e] Created FlowFile[733,100418479477694.mockFlowFile,23B] from FlowFile[732,100418479477694.mockFlowFile,23B]; routing to relationship simple
[pool-2688-thread-1] INFO org.apache.nifi.processors.standard.RouteText - RouteText[id=bf0f7ccb-620f-4544-b652-03cd51d8645e] Routing FlowFile[732,100418479477694.mockFlowFile,23B] to original
[main] DEBUG org.apache.nifi.processors.standard.RouteText - RouteText[id=bf0f7ccb-620f-4544-b652-03cd51d8645e] Adding new dynamic property: PropertyDescriptor[simple]
[pool-2689-thread-1] INFO org.apache.nifi.processors.standard.RouteText - RouteText[id=bf0f7ccb-620f-4544-b652-03cd51d8645e] Created FlowFile[735,100418479925418.mockFlowFile,23B] from FlowFile[734,100418479925418.mockFlowFile,23B]; routing to relationship simple
[pool-2689-thread-1] INFO org.apache.nifi.processors.standard.RouteText - RouteText[id=bf0f7ccb-620f-4544-b652-03cd51d8645e] Routing FlowFile[734,100418479925418.mockFlowFile,23B] to original
[main] DEBUG org.apache.nifi.processors.standard.RouteText - RouteText[id=bf0f7ccb-620f-4544-b652-03cd51d8645e] Adding new dynamic property: PropertyDescriptor[simple]
[pool-2690-thread-1] INFO org.apache.nifi.processors.standard.RouteText - RouteText[id=bf0f7ccb-620f-4544-b652-03cd51d8645e] Created FlowFile[737,100418480500189.mockFlowFile,23B] from FlowFile[736,100418480500189.mockFlowFile,23B]; routing to relationship simple
[pool-2690-thread-1] INFO org.apache.nifi.processors.standard.RouteText - RouteText[id=bf0f7ccb-620f-4544-b652-03cd51d8645e] Routing FlowFile[736,100418480500189.mockFlowFile,23B] to original
[main] DEBUG org.apache.nifi.processors.standard.RouteText - RouteText[id=bf0f7ccb-620f-4544-b652-03cd51d8645e] Adding new dynamic property: PropertyDescriptor[simple]
[pool-2691-thread-1] INFO org.apache.nifi.processors.standard.RouteText - RouteText[id=bf0f7ccb-620f-4544-b652-03cd51d8645e] Created FlowFile[739,100418481014600.mockFlowFile,23B] from FlowFile[738,100418481014600.mockFlowFile,23B]; routing to relationship simple
[pool-2691-thread-1] INFO org.apache.nifi.processors.standard.RouteText - RouteText[id=bf0f7ccb-620f-4544-b652-03cd51d8645e] Routing FlowFile[738,100418481014600.mockFlowFile,23B] to original
[main] DEBUG org.apache.nifi.processors.standard.RouteText - RouteText[id=bf0f7ccb-620f-4544-b652-03cd51d8645e] Adding new dynamic property: PropertyDescriptor[simple]
[pool-2692-thread-1] INFO org.apache.nifi.processors.standard.RouteText - RouteText[id=bf0f7ccb-620f-4544-b652-03cd51d8645e] Created FlowFile[741,100418481477001.mockFlowFile,23B] from FlowFile[740,100418481477001.mockFlowFile,23B]; routing to relationship simple
[pool-2692-thread-1] INFO org.apache.nifi.processors.standard.RouteText - RouteText[id=bf0f7ccb-620f-4544-b652-03cd51d8645e] Routing FlowFile[740,100418481477001.mockFlowFile,23B] to original
[main] DEBUG org.apache.nifi.processors.standard.RouteText - RouteText[id=bf0f7ccb-620f-4544-b652-03cd51d8645e] Adding new dynamic property: PropertyDescriptor[simple]
[pool-2693-thread-1] INFO org.apache.nifi.processors.standard.RouteText - RouteText[id=bf0f7ccb-620f-4544-b652-03cd51d8645e] Created FlowFile[743,100418481962702.mockFlowFile,23B] from FlowFile[742,100418481962702.mockFlowFile,23B]; routing to relationship simple
[pool-2693-thread-1] INFO org.apache.nifi.processors.standard.RouteText - RouteText[id=bf0f7ccb-620f-4544-b652-03cd51d8645e] Routing FlowFile[742,100418481962702.mockFlowFile,23B] to original
[main] DEBUG org.apache.nifi.processors.standard.RouteText - RouteText[id=bf0f7ccb-620f-4544-b652-03cd51d8645e] Adding new dynamic property: PropertyDescriptor[simple]
[pool-2694-thread-1] INFO org.apache.nifi.processors.standard.RouteText - RouteText[id=bf0f7ccb-620f-4544-b652-03cd51d8645e] Created FlowFile[745,100418482367909.mockFlowFile,23B] from FlowFile[744,100418482367909.mockFlowFile,23B]; routing to relationship simple
[pool-2694-thread-1] INFO org.apache.nifi.processors.standard.RouteText - RouteText[id=bf0f7ccb-620f-4544-b652-03cd51d8645e] Routing FlowFile[744,100418482367909.mockFlowFile,23B] to original
[main] DEBUG org.apache.nifi.processors.standard.RouteText - RouteText[id=bf0f7ccb-620f-4544-b652-03cd51d8645e] Adding new dynamic property: PropertyDescriptor[simple]
[pool-2695-thread-1] INFO org.apache.nifi.processors.standard.RouteText - RouteText[id=bf0f7ccb-620f-4544-b652-03cd51d8645e] Created FlowFile[747,100418482761591.mockFlowFile,23B] from FlowFile[746,100418482761591.mockFlowFile,23B]; routing to relationship simple
[pool-2695-thread-1] INFO org.apache.nifi.processors.standard.RouteText - RouteText[id=bf0f7ccb-620f-4544-b652-03cd51d8645e] Routing FlowFile[746,100418482761591.mockFlowFile,23B] to original
[main] DEBUG org.apache.nifi.processors.standard.RouteText - RouteText[id=bf0f7ccb-620f-4544-b652-03cd51d8645e] Adding new dynamic property: PropertyDescriptor[simple]
[pool-2696-thread-1] INFO org.apache.nifi.processors.standard.RouteText - RouteText[id=bf0f7ccb-620f-4544-b652-03cd51d8645e] Created FlowFile[749,100418483157569.mockFlowFile,23B] from FlowFile[748,100418483157569.mockFlowFile,23B]; routing to relationship simple
[pool-2696-thread-1] INFO org.apache.nifi.processors.standard.RouteText - RouteText[id=bf0f7ccb-620f-4544-b652-03cd51d8645e] Routing FlowFile[748,100418483157569.mockFlowFile,23B] to original
[main] DEBUG org.apache.nifi.processors.standard.RouteText - RouteText[id=bf0f7ccb-620f-4544-b652-03cd51d8645e] Adding new dynamic property: PropertyDescriptor[simple]
[pool-2697-thread-1] INFO org.apache.nifi.processors.standard.RouteText - RouteText[id=bf0f7ccb-620f-4544-b652-03cd51d8645e] Created FlowFile[751,100418483640499.mockFlowFile,23B] from FlowFile[750,100418483640499.mockFlowFile,23B]; routing to relationship simple
[pool-2697-thread-1] INFO org.apache.nifi.processors.standard.RouteText - RouteText[id=bf0f7ccb-620f-4544-b652-03cd51d8645e] Routing FlowFile[750,100418483640499.mockFlowFile,23B] to original
[main] DEBUG org.apache.nifi.processors.standard.RouteText - RouteText[id=bf0f7ccb-620f-4544-b652-03cd51d8645e] Adding new dynamic property: PropertyDescriptor[simple]
[pool-2698-thread-1] INFO org.apache.nifi.processors.standard.RouteText - RouteText[id=bf0f7ccb-620f-4544-b652-03cd51d8645e] Created FlowFile[753,100418484067289.mockFlowFile,23B] from FlowFile[752,100418484067289.mockFlowFile,23B]; routing to relationship simple
[pool-2698-thread-1] INFO org.apache.nifi.processors.standard.RouteText - RouteText[id=bf0f7ccb-620f-4544-b652-03cd51d8645e] Routing FlowFile[752,100418484067289.mockFlowFile,23B] to original
[main] DEBUG org.apache.nifi.processors.standard.RouteText - RouteText[id=bf0f7ccb-620f-4544-b652-03cd51d8645e] Adding new dynamic property: PropertyDescriptor[simple]
[pool-2699-thread-1] INFO org.apache.nifi.processors.standard.RouteText - RouteText[id=bf0f7ccb-620f-4544-b652-03cd51d8645e] Created FlowFile[755,100418484612840.mockFlowFile,23B] from FlowFile[754,100418484612840.mockFlowFile,23B]; routing to relationship simple
[pool-2699-thread-1] INFO org.apache.nifi.processors.standard.RouteText - RouteText[id=bf0f7ccb-620f-4544-b652-03cd51d8645e] Routing FlowFile[754,100418484612840.mockFlowFile,23B] to original
[main] DEBUG org.apache.nifi.processors.standard.RouteText - RouteText[id=bf0f7ccb-620f-4544-b652-03cd51d8645e] Adding new dynamic property: PropertyDescriptor[simple]
[pool-2700-thread-1] INFO org.apache.nifi.processors.standard.RouteText - RouteText[id=bf0f7ccb-620f-4544-b652-03cd51d8645e] Created FlowFile[757,100418485171237.mockFlowFile,23B] from FlowFile[756,100418485171237.mockFlowFile,23B]; routing to relationship simple
[pool-2700-thread-1] INFO org.apache.nifi.processors.standard.RouteText - RouteText[id=bf0f7ccb-620f-4544-b652-03cd51d8645e] Routing FlowFile[756,100418485171237.mockFlowFile,23B] to original
[main] DEBUG org.apache.nifi.processors.standard.RouteText - RouteText[id=bf0f7ccb-620f-4544-b652-03cd51d8645e] Adding new dynamic property: PropertyDescriptor[simple]
[pool-2701-thread-1] INFO org.apache.nifi.processors.standard.RouteText - RouteText[id=bf0f7ccb-620f-4544-b652-03cd51d8645e] Created FlowFile[759,100418485747757.mockFlowFile,23B] from FlowFile[758,100418485747757.mockFlowFile,23B]; routing to relationship simple
[pool-2701-thread-1] INFO org.apache.nifi.processors.standard.RouteText - RouteText[id=bf0f7ccb-620f-4544-b652-03cd51d8645e] Routing FlowFile[758,100418485747757.mockFlowFile,23B] to original
[main] DEBUG org.apache.nifi.processors.standard.RouteText - RouteText[id=bf0f7ccb-620f-4544-b652-03cd51d8645e] Adding new dynamic property: PropertyDescriptor[simple]
[pool-2702-thread-1] INFO org.apache.nifi.processors.standard.RouteText - RouteText[id=bf0f7ccb-620f-4544-b652-03cd51d8645e] Created FlowFile[761,100418486241068.mockFlowFile,23B] from FlowFile[760,100418486241068.mockFlowFile,23B]; routing to relationship simple
[pool-2702-thread-1] INFO org.apache.nifi.processors.standard.RouteText - RouteText[id=bf0f7ccb-620f-4544-b652-03cd51d8645e] Routing FlowFile[760,100418486241068.mockFlowFile,23B] to original
[main] DEBUG org.apache.nifi.processors.standard.RouteText - RouteText[id=bf0f7ccb-620f-4544-b652-03cd51d8645e] Adding new dynamic property: PropertyDescriptor[simple]
[pool-2703-thread-1] INFO org.apache.nifi.processors.standard.RouteText - RouteText[id=bf0f7ccb-620f-4544-b652-03cd51d8645e] Created FlowFile[763,100418486760521.mockFlowFile,23B] from FlowFile[762,100418486760521.mockFlowFile,23B]; routing to relationship simple
[pool-2703-thread-1] INFO org.apache.nifi.processors.standard.RouteText - RouteText[id=bf0f7ccb-620f-4544-b652-03cd51d8645e] Routing FlowFile[762,100418486760521.mockFlowFile,23B] to original
[main] DEBUG org.apache.nifi.processors.standard.RouteText - RouteText[id=bf0f7ccb-620f-4544-b652-03cd51d8645e] Adding new dynamic property: PropertyDescriptor[simple]
[pool-2704-thread-1] INFO org.apache.nifi.processors.standard.RouteText - RouteText[id=bf0f7ccb-620f-4544-b652-03cd51d8645e] Created FlowFile[765,100418487327840.mockFlowFile,23B] from FlowFile[764,100418487327840.mockFlowFile,23B]; routing to relationship simple
[pool-2704-thread-1] INFO org.apache.nifi.processors.standard.RouteText - RouteText[id=bf0f7ccb-620f-4544-b652-03cd51d8645e] Routing FlowFile[764,100418487327840.mockFlowFile,23B] to original
[main] DEBUG org.apache.nifi.processors.standard.RouteText - RouteText[id=bf0f7ccb-620f-4544-b652-03cd51d8645e] Adding new dynamic property: PropertyDescriptor[simple]
[pool-2705-thread-1] INFO org.apache.nifi.processors.standard.RouteText - RouteText[id=bf0f7ccb-620f-4544-b652-03cd51d8645e] Created FlowFile[767,100418487960348.mockFlowFile,23B] from FlowFile[766,100418487960348.mockFlowFile,23B]; routing to relationship simple
[pool-2705-thread-1] INFO org.apache.nifi.processors.standard.RouteText - RouteText[id=bf0f7ccb-620f-4544-b652-03cd51d8645e] Routing FlowFile[766,100418487960348.mockFlowFile,23B] to original
[main] DEBUG org.apache.nifi.processors.standard.RouteText - RouteText[id=bf0f7ccb-620f-4544-b652-03cd51d8645e] Adding new dynamic property: PropertyDescriptor[simple]
[pool-2706-thread-1] INFO org.apache.nifi.processors.standard.RouteText - RouteText[id=bf0f7ccb-620f-4544-b652-03cd51d8645e] Created FlowFile[769,100418488601503.mockFlowFile,23B] from FlowFile[768,100418488601503.mockFlowFile,23B]; routing to relationship simple
[pool-2706-thread-1] INFO org.apache.nifi.processors.standard.RouteText - RouteText[id=bf0f7ccb-620f-4544-b652-03cd51d8645e] Routing FlowFile[768,100418488601503.mockFlowFile,23B] to original
[main] DEBUG org.apache.nifi.processors.standard.RouteText - RouteText[id=bf0f7ccb-620f-4544-b652-03cd51d8645e] Adding new dynamic property: PropertyDescriptor[simple]
[pool-2707-thread-1] INFO org.apache.nifi.processors.standard.RouteText - RouteText[id=bf0f7ccb-620f-4544-b652-03cd51d8645e] Created FlowFile[771,100418489188842.mockFlowFile,23B] from FlowFile[770,100418489188842.mockFlowFile,23B]; routing to relationship simple
[pool-2707-thread-1] INFO org.apache.nifi.processors.standard.RouteText - RouteText[id=bf0f7ccb-620f-4544-b652-03cd51d8645e] Routing FlowFile[770,100418489188842.mockFlowFile,23B] to original
[main] DEBUG org.apache.nifi.processors.standard.RouteText - RouteText[id=bf0f7ccb-620f-4544-b652-03cd51d8645e] Adding new dynamic property: PropertyDescriptor[simple]
[pool-2708-thread-1] INFO org.apache.nifi.processors.standard.RouteText - RouteText[id=bf0f7ccb-620f-4544-b652-03cd51d8645e] Created FlowFile[773,100418489766056.mockFlowFile,23B] from FlowFile[772,100418489766056.mockFlowFile,23B]; routing to relationship simple
[pool-2708-thread-1] INFO org.apache.nifi.processors.standard.RouteText - RouteText[id=bf0f7ccb-620f-4544-b652-03cd51d8645e] Routing FlowFile[772,100418489766056.mockFlowFile,23B] to original
[main] DEBUG org.apache.nifi.processors.standard.RouteText - RouteText[id=bf0f7ccb-620f-4544-b652-03cd51d8645e] Adding new dynamic property: PropertyDescriptor[simple]
[pool-2709-thread-1] INFO org.apache.nifi.processors.standard.RouteText - RouteText[id=bf0f7ccb-620f-4544-b652-03cd51d8645e] Created FlowFile[775,100418490308033.mockFlowFile,23B] from FlowFile[774,100418490308033.mockFlowFile,23B]; routing to relationship simple
[pool-2709-thread-1] INFO org.apache.nifi.processors.standard.RouteText - RouteText[id=bf0f7ccb-620f-4544-b652-03cd51d8645e] Routing FlowFile[774,100418490308033.mockFlowFile,23B] to original
[main] DEBUG org.apache.nifi.processors.standard.RouteText - RouteText[id=bf0f7ccb-620f-4544-b652-03cd51d8645e] Adding new dynamic property: PropertyDescriptor[simple]
[pool-2710-thread-1] INFO org.apache.nifi.processors.standard.RouteText - RouteText[id=bf0f7ccb-620f-4544-b652-03cd51d8645e] Created FlowFile[777,100418490812503.mockFlowFile,23B] from FlowFile[776,100418490812503.mockFlowFile,23B]; routing to relationship simple
[pool-2710-thread-1] INFO org.apache.nifi.processors.standard.RouteText - RouteText[id=bf0f7ccb-620f-4544-b652-03cd51d8645e] Routing FlowFile[776,100418490812503.mockFlowFile,23B] to original
[main] DEBUG org.apache.nifi.processors.standard.RouteText - RouteText[id=bf0f7ccb-620f-4544-b652-03cd51d8645e] Adding new dynamic property: PropertyDescriptor[simple]
[pool-2711-thread-1] INFO org.apache.nifi.processors.standard.RouteText - RouteText[id=bf0f7ccb-620f-4544-b652-03cd51d8645e] Created FlowFile[779,100418491324429.mockFlowFile,23B] from FlowFile[778,100418491324429.mockFlowFile,23B]; routing to relationship simple
[pool-2711-thread-1] INFO org.apache.nifi.processors.standard.RouteText - RouteText[id=bf0f7ccb-620f-4544-b652-03cd51d8645e] Routing FlowFile[778,100418491324429.mockFlowFile,23B] to original
[main] DEBUG org.apache.nifi.processors.standard.RouteText - RouteText[id=bf0f7ccb-620f-4544-b652-03cd51d8645e] Adding new dynamic property: PropertyDescriptor[simple]
[pool-2712-thread-1] INFO org.apache.nifi.processors.standard.RouteText - RouteText[id=bf0f7ccb-620f-4544-b652-03cd51d8645e] Created FlowFile[781,100418491819952.mockFlowFile,23B] from FlowFile[780,100418491819952.mockFlowFile,23B]; routing to relationship simple
[pool-2712-thread-1] INFO org.apache.nifi.processors.standard.RouteText - RouteText[id=bf0f7ccb-620f-4544-b652-03cd51d8645e] Routing FlowFile[780,100418491819952.mockFlowFile,23B] to original
[main] DEBUG org.apache.nifi.processors.standard.RouteText - RouteText[id=bf0f7ccb-620f-4544-b652-03cd51d8645e] Adding new dynamic property: PropertyDescriptor[simple]
[pool-2713-thread-1] INFO org.apache.nifi.processors.standard.RouteText - RouteText[id=bf0f7ccb-620f-4544-b652-03cd51d8645e] Created FlowFile[783,100418492372965.mockFlowFile,23B] from FlowFile[782,100418492372965.mockFlowFile,23B]; routing to relationship simple
[pool-2713-thread-1] INFO org.apache.nifi.processors.standard.RouteText - RouteText[id=bf0f7ccb-620f-4544-b652-03cd51d8645e] Routing FlowFile[782,100418492372965.mockFlowFile,23B] to original
[main] DEBUG org.apache.nifi.processors.standard.RouteText - RouteText[id=bf0f7ccb-620f-4544-b652-03cd51d8645e] Adding new dynamic property: PropertyDescriptor[simple]
[pool-2714-thread-1] INFO org.apache.nifi.processors.standard.RouteText - RouteText[id=bf0f7ccb-620f-4544-b652-03cd51d8645e] Created FlowFile[785,100418493010059.mockFlowFile,23B] from FlowFile[784,100418493010059.mockFlowFile,23B]; routing to relationship simple
[pool-2714-thread-1] INFO org.apache.nifi.processors.standard.RouteText - RouteText[id=bf0f7ccb-620f-4544-b652-03cd51d8645e] Routing FlowFile[784,100418493010059.mockFlowFile,23B] to original
[main] DEBUG org.apache.nifi.processors.standard.RouteText - RouteText[id=bf0f7ccb-620f-4544-b652-03cd51d8645e] Adding new dynamic property: PropertyDescriptor[simple]
[pool-2715-thread-1] INFO org.apache.nifi.processors.standard.RouteText - RouteText[id=bf0f7ccb-620f-4544-b652-03cd51d8645e] Created FlowFile[787,100418493695394.mockFlowFile,23B] from FlowFile[786,100418493695394.mockFlowFile,23B]; routing to relationship simple
[pool-2715-thread-1] INFO org.apache.nifi.processors.standard.RouteText - RouteText[id=bf0f7ccb-620f-4544-b652-03cd51d8645e] Routing FlowFile[786,100418493695394.mockFlowFile,23B] to original
[main] DEBUG org.apache.nifi.processors.standard.RouteText - RouteText[id=bf0f7ccb-620f-4544-b652-03cd51d8645e] Adding new dynamic property: PropertyDescriptor[simple]
[pool-2716-thread-1] INFO org.apache.nifi.processors.standard.RouteText - RouteText[id=bf0f7ccb-620f-4544-b652-03cd51d8645e] Created FlowFile[789,100418494335013.mockFlowFile,23B] from FlowFile[788,100418494335013.mockFlowFile,23B]; routing to relationship simple
[pool-2716-thread-1] INFO org.apache.nifi.processors.standard.RouteText - RouteText[id=bf0f7ccb-620f-4544-b652-03cd51d8645e] Routing FlowFile[788,100418494335013.mockFlowFile,23B] to original
[main] DEBUG org.apache.nifi.processors.standard.RouteText - RouteText[id=bf0f7ccb-620f-4544-b652-03cd51d8645e] Adding new dynamic property: PropertyDescriptor[simple]
[pool-2717-thread-1] INFO org.apache.nifi.processors.standard.RouteText - RouteText[id=bf0f7ccb-620f-4544-b652-03cd51d8645e] Created FlowFile[791,100418494992705.mockFlowFile,23B] from FlowFile[790,100418494992705.mockFlowFile,23B]; routing to relationship simple
[pool-2717-thread-1] INFO org.apache.nifi.processors.standard.RouteText - RouteText[id=bf0f7ccb-620f-4544-b652-03cd51d8645e] Routing FlowFile[790,100418494992705.mockFlowFile,23B] to original
[main] DEBUG org.apache.nifi.processors.standard.RouteText - RouteText[id=bf0f7ccb-620f-4544-b652-03cd51d8645e] Adding new dynamic property: PropertyDescriptor[simple]
[pool-2718-thread-1] INFO org.apache.nifi.processors.standard.RouteText - RouteText[id=bf0f7ccb-620f-4544-b652-03cd51d8645e] Created FlowFile[793,100418495734277.mockFlowFile,23B] from FlowFile[792,100418495734277.mockFlowFile,23B]; routing to relationship simple
[pool-2718-thread-1] INFO org.apache.nifi.processors.standard.RouteText - RouteText[id=bf0f7ccb-620f-4544-b652-03cd51d8645e] Routing FlowFile[792,100418495734277.mockFlowFile,23B] to original
[main] DEBUG org.apache.nifi.processors.standard.RouteText - RouteText[id=bf0f7ccb-620f-4544-b652-03cd51d8645e] Adding new dynamic property: PropertyDescriptor[simple]
[pool-2719-thread-1] INFO org.apache.nifi.processors.standard.RouteText - RouteText[id=bf0f7ccb-620f-4544-b652-03cd51d8645e] Created FlowFile[795,100418496326655.mockFlowFile,23B] from FlowFile[794,100418496326655.mockFlowFile,23B]; routing to relationship simple
[pool-2719-thread-1] INFO org.apache.nifi.processors.standard.RouteText - RouteText[id=bf0f7ccb-620f-4544-b652-03cd51d8645e] Routing FlowFile[794,100418496326655.mockFlowFile,23B] to original
[main] DEBUG org.apache.nifi.processors.standard.RouteText - RouteText[id=bf0f7ccb-620f-4544-b652-03cd51d8645e] Adding new dynamic property: PropertyDescriptor[simple]
[pool-2720-thread-1] INFO org.apache.nifi.processors.standard.RouteText - RouteText[id=bf0f7ccb-620f-4544-b652-03cd51d8645e] Created FlowFile[797,100418496896763.mockFlowFile,23B] from FlowFile[796,100418496896763.mockFlowFile,23B]; routing to relationship simple
[pool-2720-thread-1] INFO org.apache.nifi.processors.standard.RouteText - RouteText[id=bf0f7ccb-620f-4544-b652-03cd51d8645e] Routing FlowFile[796,100418496896763.mockFlowFile,23B] to original
[main] DEBUG org.apache.nifi.processors.standard.RouteText - RouteText[id=bf0f7ccb-620f-4544-b652-03cd51d8645e] Adding new dynamic property: PropertyDescriptor[simple]
[pool-2721-thread-1] INFO org.apache.nifi.processors.standard.RouteText - RouteText[id=bf0f7ccb-620f-4544-b652-03cd51d8645e] Created FlowFile[799,100418497485276.mockFlowFile,23B] from FlowFile[798,100418497485276.mockFlowFile,23B]; routing to relationship simple
[pool-2721-thread-1] INFO org.apache.nifi.processors.standard.RouteText - RouteText[id=bf0f7ccb-620f-4544-b652-03cd51d8645e] Routing FlowFile[798,100418497485276.mockFlowFile,23B] to original
[main] DEBUG org.apache.nifi.processors.standard.RouteText - RouteText[id=bf0f7ccb-620f-4544-b652-03cd51d8645e] Adding new dynamic property: PropertyDescriptor[simple]
[pool-2722-thread-1] INFO org.apache.nifi.processors.standard.RouteText - RouteText[id=bf0f7ccb-620f-4544-b652-03cd51d8645e] Created FlowFile[801,100418498053599.mockFlowFile,23B] from FlowFile[800,100418498053599.mockFlowFile,23B]; routing to relationship simple
[pool-2722-thread-1] INFO org.apache.nifi.processors.standard.RouteText - RouteText[id=bf0f7ccb-620f-4544-b652-03cd51d8645e] Routing FlowFile[800,100418498053599.mockFlowFile,23B] to original
[main] DEBUG org.apache.nifi.processors.standard.RouteText - RouteText[id=bf0f7ccb-620f-4544-b652-03cd51d8645e] Adding new dynamic property: PropertyDescriptor[simple]
[pool-2723-thread-1] INFO org.apache.nifi.processors.standard.RouteText - RouteText[id=bf0f7ccb-620f-4544-b652-03cd51d8645e] Created FlowFile[803,100418498673944.mockFlowFile,23B] from FlowFile[802,100418498673944.mockFlowFile,23B]; routing to relationship simple
[pool-2723-thread-1] INFO org.apache.nifi.processors.standard.RouteText - RouteText[id=bf0f7ccb-620f-4544-b652-03cd51d8645e] Routing FlowFile[802,100418498673944.mockFlowFile,23B] to original
[main] DEBUG org.apache.nifi.processors.standard.RouteText - RouteText[id=bf0f7ccb-620f-4544-b652-03cd51d8645e] Adding new dynamic property: PropertyDescriptor[simple]
[pool-2724-thread-1] INFO org.apache.nifi.processors.standard.RouteText - RouteText[id=bf0f7ccb-620f-4544-b652-03cd51d8645e] Created FlowFile[805,100418499325039.mockFlowFile,23B] from FlowFile[804,100418499325039.mockFlowFile,23B]; routing to relationship simple
[pool-2724-thread-1] INFO org.apache.nifi.processors.standard.RouteText - RouteText[id=bf0f7ccb-620f-4544-b652-03cd51d8645e] Routing FlowFile[804,100418499325039.mockFlowFile,23B] to original
[main] DEBUG org.apache.nifi.processors.standard.RouteText - RouteText[id=bf0f7ccb-620f-4544-b652-03cd51d8645e] Adding new dynamic property: PropertyDescriptor[simple]
[pool-2725-thread-1] INFO org.apache.nifi.processors.standard.RouteText - RouteText[id=bf0f7ccb-620f-4544-b652-03cd51d8645e] Created FlowFile[807,100418499993685.mockFlowFile,23B] from FlowFile[806,100418499993685.mockFlowFile,23B]; routing to relationship simple
[pool-2725-thread-1] INFO org.apache.nifi.processors.standard.RouteText - RouteText[id=bf0f7ccb-620f-4544-b652-03cd51d8645e] Routing FlowFile[806,100418499993685.mockFlowFile,23B] to original
[main] DEBUG org.apache.nifi.processors.standard.RouteText - RouteText[id=bf0f7ccb-620f-4544-b652-03cd51d8645e] Adding new dynamic property: PropertyDescriptor[simple]
[pool-2726-thread-1] INFO org.apache.nifi.processors.standard.RouteText - RouteText[id=bf0f7ccb-620f-4544-b652-03cd51d8645e] Created FlowFile[809,100418500551278.mockFlowFile,23B] from FlowFile[808,100418500551278.mockFlowFile,23B]; routing to relationship simple
[pool-2726-thread-1] INFO org.apache.nifi.processors.standard.RouteText - RouteText[id=bf0f7ccb-620f-4544-b652-03cd51d8645e] Routing FlowFile[808,100418500551278.mockFlowFile,23B] to original
[main] DEBUG org.apache.nifi.processors.standard.RouteText - RouteText[id=bf0f7ccb-620f-4544-b652-03cd51d8645e] Adding new dynamic property: PropertyDescriptor[simple]
[pool-2727-thread-1] INFO org.apache.nifi.processors.standard.RouteText - RouteText[id=bf0f7ccb-620f-4544-b652-03cd51d8645e] Created FlowFile[811,100418501160382.mockFlowFile,23B] from FlowFile[810,100418501160382.mockFlowFile,23B]; routing to relationship simple
[pool-2727-thread-1] INFO org.apache.nifi.processors.standard.RouteText - RouteText[id=bf0f7ccb-620f-4544-b652-03cd51d8645e] Routing FlowFile[810,100418501160382.mockFlowFile,23B] to original
[main] DEBUG org.apache.nifi.processors.standard.RouteText - RouteText[id=bf0f7ccb-620f-4544-b652-03cd51d8645e] Adding new dynamic property: PropertyDescriptor[simple]
[pool-2728-thread-1] INFO org.apache.nifi.processors.standard.RouteText - RouteText[id=bf0f7ccb-620f-4544-b652-03cd51d8645e] Created FlowFile[813,100418501688284.mockFlowFile,23B] from FlowFile[812,100418501688284.mockFlowFile,23B]; routing to relationship simple
[pool-2728-thread-1] INFO org.apache.nifi.processors.standard.RouteText - RouteText[id=bf0f7ccb-620f-4544-b652-03cd51d8645e] Routing FlowFile[812,100418501688284.mockFlowFile,23B] to original
[main] DEBUG org.apache.nifi.processors.standard.RouteText - RouteText[id=bf0f7ccb-620f-4544-b652-03cd51d8645e] Adding new dynamic property: PropertyDescriptor[simple]
[pool-2729-thread-1] INFO org.apache.nifi.processors.standard.RouteText - RouteText[id=bf0f7ccb-620f-4544-b652-03cd51d8645e] Created FlowFile[815,100418502261805.mockFlowFile,23B] from FlowFile[814,100418502261805.mockFlowFile,23B]; routing to relationship simple
[pool-2729-thread-1] INFO org.apache.nifi.processors.standard.RouteText - RouteText[id=bf0f7ccb-620f-4544-b652-03cd51d8645e] Routing FlowFile[814,100418502261805.mockFlowFile,23B] to original
[main] DEBUG org.apache.nifi.processors.standard.RouteText - RouteText[id=bf0f7ccb-620f-4544-b652-03cd51d8645e] Adding new dynamic property: PropertyDescriptor[simple]
[pool-2730-thread-1] INFO org.apache.nifi.processors.standard.RouteText - RouteText[id=bf0f7ccb-620f-4544-b652-03cd51d8645e] Created FlowFile[817,100418502831795.mockFlowFile,23B] from FlowFile[816,100418502831795.mockFlowFile,23B]; routing to relationship simple
[pool-2730-thread-1] INFO org.apache.nifi.processors.standard.RouteText - RouteText[id=bf0f7ccb-620f-4544-b652-03cd51d8645e] Routing FlowFile[816,100418502831795.mockFlowFile,23B] to original
[main] DEBUG org.apache.nifi.processors.standard.RouteText - RouteText[id=bf0f7ccb-620f-4544-b652-03cd51d8645e] Adding new dynamic property: PropertyDescriptor[simple]
[pool-2731-thread-1] INFO org.apache.nifi.processors.standard.RouteText - RouteText[id=bf0f7ccb-620f-4544-b652-03cd51d8645e] Created FlowFile[819,100418503407879.mockFlowFile,23B] from FlowFile[818,100418503407879.mockFlowFile,23B]; routing to relationship simple
[pool-2731-thread-1] INFO org.apache.nifi.processors.standard.RouteText - RouteText[id=bf0f7ccb-620f-4544-b652-03cd51d8645e] Routing FlowFile[818,100418503407879.mockFlowFile,23B] to original
[main] DEBUG org.apache.nifi.processors.standard.RouteText - RouteText[id=bf0f7ccb-620f-4544-b652-03cd51d8645e] Adding new dynamic property: PropertyDescriptor[simple]
[pool-2732-thread-1] INFO org.apache.nifi.processors.standard.RouteText - RouteText[id=bf0f7ccb-620f-4544-b652-03cd51d8645e] Created FlowFile[821,100418503962420.mockFlowFile,23B] from FlowFile[820,100418503962420.mockFlowFile,23B]; routing to relationship simple
[pool-2732-thread-1] INFO org.apache.nifi.processors.standard.RouteText - RouteText[id=bf0f7ccb-620f-4544-b652-03cd51d8645e] Routing FlowFile[820,100418503962420.mockFlowFile,23B] to original
[main] DEBUG org.apache.nifi.processors.standard.RouteText - RouteText[id=bf0f7ccb-620f-4544-b652-03cd51d8645e] Adding new dynamic property: PropertyDescriptor[simple]
[pool-2733-thread-1] INFO org.apache.nifi.processors.standard.RouteText - RouteText[id=bf0f7ccb-620f-4544-b652-03cd51d8645e] Created FlowFile[823,100418504563696.mockFlowFile,23B] from FlowFile[822,100418504563696.mockFlowFile,23B]; routing to relationship simple
[pool-2733-thread-1] INFO org.apache.nifi.processors.standard.RouteText - RouteText[id=bf0f7ccb-620f-4544-b652-03cd51d8645e] Routing FlowFile[822,100418504563696.mockFlowFile,23B] to original
[main] DEBUG org.apache.nifi.processors.standard.RouteText - RouteText[id=bf0f7ccb-620f-4544-b652-03cd51d8645e] Adding new dynamic property: PropertyDescriptor[simple]
[pool-2734-thread-1] INFO org.apache.nifi.processors.standard.RouteText - RouteText[id=bf0f7ccb-620f-4544-b652-03cd51d8645e] Created FlowFile[825,100418505121283.mockFlowFile,23B] from FlowFile[824,100418505121283.mockFlowFile,23B]; routing to relationship simple
[pool-2734-thread-1] INFO org.apache.nifi.processors.standard.RouteText - RouteText[id=bf0f7ccb-620f-4544-b652-03cd51d8645e] Routing FlowFile[824,100418505121283.mockFlowFile,23B] to original
[main] DEBUG org.apache.nifi.processors.standard.RouteText - RouteText[id=bf0f7ccb-620f-4544-b652-03cd51d8645e] Adding new dynamic property: PropertyDescriptor[simple]
[pool-2735-thread-1] INFO org.apache.nifi.processors.standard.RouteText - RouteText[id=bf0f7ccb-620f-4544-b652-03cd51d8645e] Created FlowFile[827,100418505689808.mockFlowFile,23B] from FlowFile[826,100418505689808.mockFlowFile,23B]; routing to relationship simple
[pool-2735-thread-1] INFO org.apache.nifi.processors.standard.RouteText - RouteText[id=bf0f7ccb-620f-4544-b652-03cd51d8645e] Routing FlowFile[826,100418505689808.mockFlowFile,23B] to original
[main] DEBUG org.apache.nifi.processors.standard.RouteText - RouteText[id=bf0f7ccb-620f-4544-b652-03cd51d8645e] Adding new dynamic property: PropertyDescriptor[simple]
[pool-2736-thread-1] INFO org.apache.nifi.processors.standard.RouteText - RouteText[id=bf0f7ccb-620f-4544-b652-03cd51d8645e] Created FlowFile[829,100418506269324.mockFlowFile,23B] from FlowFile[828,100418506269324.mockFlowFile,23B]; routing to relationship simple
[pool-2736-thread-1] INFO org.apache.nifi.processors.standard.RouteText - RouteText[id=bf0f7ccb-620f-4544-b652-03cd51d8645e] Routing FlowFile[828,100418506269324.mockFlowFile,23B] to original
[main] DEBUG org.apache.nifi.processors.standard.RouteText - RouteText[id=bf0f7ccb-620f-4544-b652-03cd51d8645e] Adding new dynamic property: PropertyDescriptor[simple]
[pool-2737-thread-1] INFO org.apache.nifi.processors.standard.RouteText - RouteText[id=bf0f7ccb-620f-4544-b652-03cd51d8645e] Created FlowFile[831,100418506756537.mockFlowFile,23B] from FlowFile[830,100418506756537.mockFlowFile,23B]; routing to relationship simple
[pool-2737-thread-1] INFO org.apache.nifi.processors.standard.RouteText - RouteText[id=bf0f7ccb-620f-4544-b652-03cd51d8645e] Routing FlowFile[830,100418506756537.mockFlowFile,23B] to original
[main] DEBUG org.apache.nifi.processors.standard.RouteText - RouteText[id=bf0f7ccb-620f-4544-b652-03cd51d8645e] Adding new dynamic property: PropertyDescriptor[simple]
[pool-2738-thread-1] INFO org.apache.nifi.processors.standard.RouteText - RouteText[id=bf0f7ccb-620f-4544-b652-03cd51d8645e] Created FlowFile[833,100418546288968.mockFlowFile,23B] from FlowFile[832,100418546288968.mockFlowFile,23B]; routing to relationship simple
[pool-2738-thread-1] INFO org.apache.nifi.processors.standard.RouteText - RouteText[id=bf0f7ccb-620f-4544-b652-03cd51d8645e] Routing FlowFile[832,100418546288968.mockFlowFile,23B] to original
[main] DEBUG org.apache.nifi.processors.standard.RouteText - RouteText[id=bf0f7ccb-620f-4544-b652-03cd51d8645e] Adding new dynamic property: PropertyDescriptor[simple]
[pool-2739-thread-1] INFO org.apache.nifi.processors.standard.RouteText - RouteText[id=bf0f7ccb-620f-4544-b652-03cd51d8645e] Created FlowFile[835,100418547028159.mockFlowFile,23B] from FlowFile[834,100418547028159.mockFlowFile,23B]; routing to relationship simple
[pool-2739-thread-1] INFO org.apache.nifi.processors.standard.RouteText - RouteText[id=bf0f7ccb-620f-4544-b652-03cd51d8645e] Routing FlowFile[834,100418547028159.mockFlowFile,23B] to original
[main] DEBUG org.apache.nifi.processors.standard.RouteText - RouteText[id=bf0f7ccb-620f-4544-b652-03cd51d8645e] Adding new dynamic property: PropertyDescriptor[simple]
[pool-2740-thread-1] INFO org.apache.nifi.processors.standard.RouteText - RouteText[id=bf0f7ccb-620f-4544-b652-03cd51d8645e] Created FlowFile[837,100418547552066.mockFlowFile,23B] from FlowFile[836,100418547552066.mockFlowFile,23B]; routing to relationship simple
[pool-2740-thread-1] INFO org.apache.nifi.processors.standard.RouteText - RouteText[id=bf0f7ccb-620f-4544-b652-03cd51d8645e] Routing FlowFile[836,100418547552066.mockFlowFile,23B] to original
[main] DEBUG org.apache.nifi.processors.standard.RouteText - RouteText[id=bf0f7ccb-620f-4544-b652-03cd51d8645e] Adding new dynamic property: PropertyDescriptor[simple]
[pool-2741-thread-1] INFO org.apache.nifi.processors.standard.RouteText - RouteText[id=bf0f7ccb-620f-4544-b652-03cd51d8645e] Created FlowFile[839,100418548061508.mockFlowFile,23B] from FlowFile[838,100418548061508.mockFlowFile,23B]; routing to relationship simple
[pool-2741-thread-1] INFO org.apache.nifi.processors.standard.RouteText - RouteText[id=bf0f7ccb-620f-4544-b652-03cd51d8645e] Routing FlowFile[838,100418548061508.mockFlowFile,23B] to original
[main] DEBUG org.apache.nifi.processors.standard.RouteText - RouteText[id=bf0f7ccb-620f-4544-b652-03cd51d8645e] Adding new dynamic property: PropertyDescriptor[simple]
[pool-2742-thread-1] INFO org.apache.nifi.processors.standard.RouteText - RouteText[id=bf0f7ccb-620f-4544-b652-03cd51d8645e] Created FlowFile[841,100418548533406.mockFlowFile,23B] from FlowFile[840,100418548533406.mockFlowFile,23B]; routing to relationship simple
[pool-2742-thread-1] INFO org.apache.nifi.processors.standard.RouteText - RouteText[id=bf0f7ccb-620f-4544-b652-03cd51d8645e] Routing FlowFile[840,100418548533406.mockFlowFile,23B] to original
[main] DEBUG org.apache.nifi.processors.standard.RouteText - RouteText[id=bf0f7ccb-620f-4544-b652-03cd51d8645e] Adding new dynamic property: PropertyDescriptor[simple]
[pool-2743-thread-1] INFO org.apache.nifi.processors.standard.RouteText - RouteText[id=bf0f7ccb-620f-4544-b652-03cd51d8645e] Created FlowFile[843,100418548998975.mockFlowFile,23B] from FlowFile[842,100418548998975.mockFlowFile,23B]; routing to relationship simple
[pool-2743-thread-1] INFO org.apache.nifi.processors.standard.RouteText - RouteText[id=bf0f7ccb-620f-4544-b652-03cd51d8645e] Routing FlowFile[842,100418548998975.mockFlowFile,23B] to original
[main] DEBUG org.apache.nifi.processors.standard.RouteText - RouteText[id=bf0f7ccb-620f-4544-b652-03cd51d8645e] Adding new dynamic property: PropertyDescriptor[simple]
[pool-2744-thread-1] INFO org.apache.nifi.processors.standard.RouteText - RouteText[id=bf0f7ccb-620f-4544-b652-03cd51d8645e] Created FlowFile[845,100418549457356.mockFlowFile,23B] from FlowFile[844,100418549457356.mockFlowFile,23B]; routing to relationship simple
[pool-2744-thread-1] INFO org.apache.nifi.processors.standard.RouteText - RouteText[id=bf0f7ccb-620f-4544-b652-03cd51d8645e] Routing FlowFile[844,100418549457356.mockFlowFile,23B] to original
[main] DEBUG org.apache.nifi.processors.standard.RouteText - RouteText[id=bf0f7ccb-620f-4544-b652-03cd51d8645e] Adding new dynamic property: PropertyDescriptor[simple]
[pool-2745-thread-1] INFO org.apache.nifi.processors.standard.RouteText - RouteText[id=bf0f7ccb-620f-4544-b652-03cd51d8645e] Created FlowFile[847,100418549923817.mockFlowFile,23B] from FlowFile[846,100418549923817.mockFlowFile,23B]; routing to relationship simple
[pool-2745-thread-1] INFO org.apache.nifi.processors.standard.RouteText - RouteText[id=bf0f7ccb-620f-4544-b652-03cd51d8645e] Routing FlowFile[846,100418549923817.mockFlowFile,23B] to original
[main] DEBUG org.apache.nifi.processors.standard.RouteText - RouteText[id=bf0f7ccb-620f-4544-b652-03cd51d8645e] Adding new dynamic property: PropertyDescriptor[simple]
[pool-2746-thread-1] INFO org.apache.nifi.processors.standard.RouteText - RouteText[id=bf0f7ccb-620f-4544-b652-03cd51d8645e] Created FlowFile[849,100418550392379.mockFlowFile,23B] from FlowFile[848,100418550392379.mockFlowFile,23B]; routing to relationship simple
[pool-2746-thread-1] INFO org.apache.nifi.processors.standard.RouteText - RouteText[id=bf0f7ccb-620f-4544-b652-03cd51d8645e] Routing FlowFile[848,100418550392379.mockFlowFile,23B] to original
[main] DEBUG org.apache.nifi.processors.standard.RouteText - RouteText[id=bf0f7ccb-620f-4544-b652-03cd51d8645e] Adding new dynamic property: PropertyDescriptor[simple]
[pool-2747-thread-1] INFO org.apache.nifi.processors.standard.RouteText - RouteText[id=bf0f7ccb-620f-4544-b652-03cd51d8645e] Created FlowFile[851,100418550823776.mockFlowFile,23B] from FlowFile[850,100418550823776.mockFlowFile,23B]; routing to relationship simple
[pool-2747-thread-1] INFO org.apache.nifi.processors.standard.RouteText - RouteText[id=bf0f7ccb-620f-4544-b652-03cd51d8645e] Routing FlowFile[850,100418550823776.mockFlowFile,23B] to original
[main] DEBUG org.apache.nifi.processors.standard.RouteText - RouteText[id=bf0f7ccb-620f-4544-b652-03cd51d8645e] Adding new dynamic property: PropertyDescriptor[simple]
[pool-2748-thread-1] INFO org.apache.nifi.processors.standard.RouteText - RouteText[id=bf0f7ccb-620f-4544-b652-03cd51d8645e] Created FlowFile[853,100418551395150.mockFlowFile,23B] from FlowFile[852,100418551395150.mockFlowFile,23B]; routing to relationship simple
[pool-2748-thread-1] INFO org.apache.nifi.processors.standard.RouteText - RouteText[id=bf0f7ccb-620f-4544-b652-03cd51d8645e] Routing FlowFile[852,100418551395150.mockFlowFile,23B] to original
[main] DEBUG org.apache.nifi.processors.standard.RouteText - RouteText[id=bf0f7ccb-620f-4544-b652-03cd51d8645e] Adding new dynamic property: PropertyDescriptor[simple]
[pool-2749-thread-1] INFO org.apache.nifi.processors.standard.RouteText - RouteText[id=bf0f7ccb-620f-4544-b652-03cd51d8645e] Created FlowFile[855,100418551895571.mockFlowFile,23B] from FlowFile[854,100418551895571.mockFlowFile,23B]; routing to relationship simple
[pool-2749-thread-1] INFO org.apache.nifi.processors.standard.RouteText - RouteText[id=bf0f7ccb-620f-4544-b652-03cd51d8645e] Routing FlowFile[854,100418551895571.mockFlowFile,23B] to original
[main] DEBUG org.apache.nifi.processors.standard.RouteText - RouteText[id=bf0f7ccb-620f-4544-b652-03cd51d8645e] Adding new dynamic property: PropertyDescriptor[simple]
[pool-2750-thread-1] INFO org.apache.nifi.processors.standard.RouteText - RouteText[id=bf0f7ccb-620f-4544-b652-03cd51d8645e] Created FlowFile[857,100418552412093.mockFlowFile,23B] from FlowFile[856,100418552412093.mockFlowFile,23B]; routing to relationship simple
[pool-2750-thread-1] INFO org.apache.nifi.processors.standard.RouteText - RouteText[id=bf0f7ccb-620f-4544-b652-03cd51d8645e] Routing FlowFile[856,100418552412093.mockFlowFile,23B] to original
[main] DEBUG org.apache.nifi.processors.standard.RouteText - RouteText[id=bf0f7ccb-620f-4544-b652-03cd51d8645e] Adding new dynamic property: PropertyDescriptor[simple]
[pool-2751-thread-1] INFO org.apache.nifi.processors.standard.RouteText - RouteText[id=bf0f7ccb-620f-4544-b652-03cd51d8645e] Created FlowFile[859,100418552816284.mockFlowFile,23B] from FlowFile[858,100418552816284.mockFlowFile,23B]; routing to relationship simple
[pool-2751-thread-1] INFO org.apache.nifi.processors.standard.RouteText - RouteText[id=bf0f7ccb-620f-4544-b652-03cd51d8645e] Routing FlowFile[858,100418552816284.mockFlowFile,23B] to original
[main] DEBUG org.apache.nifi.processors.standard.RouteText - RouteText[id=bf0f7ccb-620f-4544-b652-03cd51d8645e] Adding new dynamic property: PropertyDescriptor[simple]
[pool-2752-thread-1] INFO org.apache.nifi.processors.standard.RouteText - RouteText[id=bf0f7ccb-620f-4544-b652-03cd51d8645e] Created FlowFile[861,100418553253746.mockFlowFile,23B] from FlowFile[860,100418553253746.mockFlowFile,23B]; routing to relationship simple
[pool-2752-thread-1] INFO org.apache.nifi.processors.standard.RouteText - RouteText[id=bf0f7ccb-620f-4544-b652-03cd51d8645e] Routing FlowFile[860,100418553253746.mockFlowFile,23B] to original
[main] DEBUG org.apache.nifi.processors.standard.RouteText - RouteText[id=bf0f7ccb-620f-4544-b652-03cd51d8645e] Adding new dynamic property: PropertyDescriptor[simple]
[pool-2753-thread-1] INFO org.apache.nifi.processors.standard.RouteText - RouteText[id=bf0f7ccb-620f-4544-b652-03cd51d8645e] Created FlowFile[863,100418553690911.mockFlowFile,23B] from FlowFile[862,100418553690911.mockFlowFile,23B]; routing to relationship simple
[pool-2753-thread-1] INFO org.apache.nifi.processors.standard.RouteText - RouteText[id=bf0f7ccb-620f-4544-b652-03cd51d8645e] Routing FlowFile[862,100418553690911.mockFlowFile,23B] to original
[main] DEBUG org.apache.nifi.processors.standard.RouteText - RouteText[id=bf0f7ccb-620f-4544-b652-03cd51d8645e] Adding new dynamic property: PropertyDescriptor[simple]
[pool-2754-thread-1] INFO org.apache.nifi.processors.standard.RouteText - RouteText[id=bf0f7ccb-620f-4544-b652-03cd51d8645e] Created FlowFile[865,100418554133986.mockFlowFile,23B] from FlowFile[864,100418554133986.mockFlowFile,23B]; routing to relationship simple
[pool-2754-thread-1] INFO org.apache.nifi.processors.standard.RouteText - RouteText[id=bf0f7ccb-620f-4544-b652-03cd51d8645e] Routing FlowFile[864,100418554133986.mockFlowFile,23B] to original
[main] DEBUG org.apache.nifi.processors.standard.RouteText - RouteText[id=bf0f7ccb-620f-4544-b652-03cd51d8645e] Adding new dynamic property: PropertyDescriptor[simple]
[pool-2755-thread-1] INFO org.apache.nifi.processors.standard.RouteText - RouteText[id=bf0f7ccb-620f-4544-b652-03cd51d8645e] Created FlowFile[867,100418554623063.mockFlowFile,23B] from FlowFile[866,100418554623063.mockFlowFile,23B]; routing to relationship simple
[pool-2755-thread-1] INFO org.apache.nifi.processors.standard.RouteText - RouteText[id=bf0f7ccb-620f-4544-b652-03cd51d8645e] Routing FlowFile[866,100418554623063.mockFlowFile,23B] to original
[main] DEBUG org.apache.nifi.processors.standard.RouteText - RouteText[id=bf0f7ccb-620f-4544-b652-03cd51d8645e] Adding new dynamic property: PropertyDescriptor[simple]
[pool-2756-thread-1] INFO org.apache.nifi.processors.standard.RouteText - RouteText[id=bf0f7ccb-620f-4544-b652-03cd51d8645e] Created FlowFile[869,100418555041870.mockFlowFile,23B] from FlowFile[868,100418555041870.mockFlowFile,23B]; routing to relationship simple
[pool-2756-thread-1] INFO org.apache.nifi.processors.standard.RouteText - RouteText[id=bf0f7ccb-620f-4544-b652-03cd51d8645e] Routing FlowFile[868,100418555041870.mockFlowFile,23B] to original
[main] DEBUG org.apache.nifi.processors.standard.RouteText - RouteText[id=bf0f7ccb-620f-4544-b652-03cd51d8645e] Adding new dynamic property: PropertyDescriptor[simple]
[pool-2757-thread-1] INFO org.apache.nifi.processors.standard.RouteText - RouteText[id=bf0f7ccb-620f-4544-b652-03cd51d8645e] Created FlowFile[871,100418555505511.mockFlowFile,23B] from FlowFile[870,100418555505511.mockFlowFile,23B]; routing to relationship simple
[pool-2757-thread-1] INFO org.apache.nifi.processors.standard.RouteText - RouteText[id=bf0f7ccb-620f-4544-b652-03cd51d8645e] Routing FlowFile[870,100418555505511.mockFlowFile,23B] to original
[main] DEBUG org.apache.nifi.processors.standard.RouteText - RouteText[id=bf0f7ccb-620f-4544-b652-03cd51d8645e] Adding new dynamic property: PropertyDescriptor[simple]
[pool-2758-thread-1] INFO org.apache.nifi.processors.standard.RouteText - RouteText[id=bf0f7ccb-620f-4544-b652-03cd51d8645e] Created FlowFile[873,100418555980875.mockFlowFile,23B] from FlowFile[872,100418555980875.mockFlowFile,23B]; routing to relationship simple
[pool-2758-thread-1] INFO org.apache.nifi.processors.standard.RouteText - RouteText[id=bf0f7ccb-620f-4544-b652-03cd51d8645e] Routing FlowFile[872,100418555980875.mockFlowFile,23B] to original
[main] DEBUG org.apache.nifi.processors.standard.RouteText - RouteText[id=bf0f7ccb-620f-4544-b652-03cd51d8645e] Adding new dynamic property: PropertyDescriptor[simple]
[pool-2759-thread-1] INFO org.apache.nifi.processors.standard.RouteText - RouteText[id=bf0f7ccb-620f-4544-b652-03cd51d8645e] Created FlowFile[875,100418556408375.mockFlowFile,23B] from FlowFile[874,100418556408375.mockFlowFile,23B]; routing to relationship simple
[pool-2759-thread-1] INFO org.apache.nifi.processors.standard.RouteText - RouteText[id=bf0f7ccb-620f-4544-b652-03cd51d8645e] Routing FlowFile[874,100418556408375.mockFlowFile,23B] to original
[main] DEBUG org.apache.nifi.processors.standard.RouteText - RouteText[id=bf0f7ccb-620f-4544-b652-03cd51d8645e] Adding new dynamic property: PropertyDescriptor[simple]
[pool-2760-thread-1] INFO org.apache.nifi.processors.standard.RouteText - RouteText[id=bf0f7ccb-620f-4544-b652-03cd51d8645e] Created FlowFile[877,100418556812748.mockFlowFile,23B] from FlowFile[876,100418556812748.mockFlowFile,23B]; routing to relationship simple
[pool-2760-thread-1] INFO org.apache.nifi.processors.standard.RouteText - RouteText[id=bf0f7ccb-620f-4544-b652-03cd51d8645e] Routing FlowFile[876,100418556812748.mockFlowFile,23B] to original
[main] DEBUG org.apache.nifi.processors.standard.RouteText - RouteText[id=bf0f7ccb-620f-4544-b652-03cd51d8645e] Adding new dynamic property: PropertyDescriptor[simple]
[pool-2761-thread-1] INFO org.apache.nifi.processors.standard.RouteText - RouteText[id=bf0f7ccb-620f-4544-b652-03cd51d8645e] Created FlowFile[879,100418557232151.mockFlowFile,23B] from FlowFile[878,100418557232151.mockFlowFile,23B]; routing to relationship simple
[pool-2761-thread-1] INFO org.apache.nifi.processors.standard.RouteText - RouteText[id=bf0f7ccb-620f-4544-b652-03cd51d8645e] Routing FlowFile[878,100418557232151.mockFlowFile,23B] to original
[main] DEBUG org.apache.nifi.processors.standard.RouteText - RouteText[id=bf0f7ccb-620f-4544-b652-03cd51d8645e] Adding new dynamic property: PropertyDescriptor[simple]
[pool-2762-thread-1] INFO org.apache.nifi.processors.standard.RouteText - RouteText[id=bf0f7ccb-620f-4544-b652-03cd51d8645e] Created FlowFile[881,100418557686242.mockFlowFile,23B] from FlowFile[880,100418557686242.mockFlowFile,23B]; routing to relationship simple
[pool-2762-thread-1] INFO org.apache.nifi.processors.standard.RouteText - RouteText[id=bf0f7ccb-620f-4544-b652-03cd51d8645e] Routing FlowFile[880,100418557686242.mockFlowFile,23B] to original
[main] DEBUG org.apache.nifi.processors.standard.RouteText - RouteText[id=bf0f7ccb-620f-4544-b652-03cd51d8645e] Adding new dynamic property: PropertyDescriptor[simple]
[pool-2763-thread-1] INFO org.apache.nifi.processors.standard.RouteText - RouteText[id=bf0f7ccb-620f-4544-b652-03cd51d8645e] Created FlowFile[883,100418558149523.mockFlowFile,23B] from FlowFile[882,100418558149523.mockFlowFile,23B]; routing to relationship simple
[pool-2763-thread-1] INFO org.apache.nifi.processors.standard.RouteText - RouteText[id=bf0f7ccb-620f-4544-b652-03cd51d8645e] Routing FlowFile[882,100418558149523.mockFlowFile,23B] to original
[main] DEBUG org.apache.nifi.processors.standard.RouteText - RouteText[id=bf0f7ccb-620f-4544-b652-03cd51d8645e] Adding new dynamic property: PropertyDescriptor[simple]
[pool-2764-thread-1] INFO org.apache.nifi.processors.standard.RouteText - RouteText[id=bf0f7ccb-620f-4544-b652-03cd51d8645e] Created FlowFile[885,100418558605076.mockFlowFile,23B] from FlowFile[884,100418558605076.mockFlowFile,23B]; routing to relationship simple
[pool-2764-thread-1] INFO org.apache.nifi.processors.standard.RouteText - RouteText[id=bf0f7ccb-620f-4544-b652-03cd51d8645e] Routing FlowFile[884,100418558605076.mockFlowFile,23B] to original
[main] DEBUG org.apache.nifi.processors.standard.RouteText - RouteText[id=bf0f7ccb-620f-4544-b652-03cd51d8645e] Adding new dynamic property: PropertyDescriptor[simple]
[pool-2765-thread-1] INFO org.apache.nifi.processors.standard.RouteText - RouteText[id=bf0f7ccb-620f-4544-b652-03cd51d8645e] Created FlowFile[887,100418559042283.mockFlowFile,23B] from FlowFile[886,100418559042283.mockFlowFile,23B]; routing to relationship simple
[pool-2765-thread-1] INFO org.apache.nifi.processors.standard.RouteText - RouteText[id=bf0f7ccb-620f-4544-b652-03cd51d8645e] Routing FlowFile[886,100418559042283.mockFlowFile,23B] to original
[main] DEBUG org.apache.nifi.processors.standard.RouteText - RouteText[id=bf0f7ccb-620f-4544-b652-03cd51d8645e] Adding new dynamic property: PropertyDescriptor[simple]
[pool-2766-thread-1] INFO org.apache.nifi.processors.standard.RouteText - RouteText[id=bf0f7ccb-620f-4544-b652-03cd51d8645e] Created FlowFile[889,100418559449369.mockFlowFile,23B] from FlowFile[888,100418559449369.mockFlowFile,23B]; routing to relationship simple
[pool-2766-thread-1] INFO org.apache.nifi.processors.standard.RouteText - RouteText[id=bf0f7ccb-620f-4544-b652-03cd51d8645e] Routing FlowFile[888,100418559449369.mockFlowFile,23B] to original
[main] DEBUG org.apache.nifi.processors.standard.RouteText - RouteText[id=bf0f7ccb-620f-4544-b652-03cd51d8645e] Adding new dynamic property: PropertyDescriptor[simple]
[pool-2767-thread-1] INFO org.apache.nifi.processors.standard.RouteText - RouteText[id=bf0f7ccb-620f-4544-b652-03cd51d8645e] Created FlowFile[891,100418559898695.mockFlowFile,23B] from FlowFile[890,100418559898695.mockFlowFile,23B]; routing to relationship simple
[pool-2767-thread-1] INFO org.apache.nifi.processors.standard.RouteText - RouteText[id=bf0f7ccb-620f-4544-b652-03cd51d8645e] Routing FlowFile[890,100418559898695.mockFlowFile,23B] to original
[main] DEBUG org.apache.nifi.processors.standard.RouteText - RouteText[id=bf0f7ccb-620f-4544-b652-03cd51d8645e] Adding new dynamic property: PropertyDescriptor[simple]
[pool-2768-thread-1] INFO org.apache.nifi.processors.standard.RouteText - RouteText[id=bf0f7ccb-620f-4544-b652-03cd51d8645e] Created FlowFile[893,100418560334252.mockFlowFile,23B] from FlowFile[892,100418560334252.mockFlowFile,23B]; routing to relationship simple
[pool-2768-thread-1] INFO org.apache.nifi.processors.standard.RouteText - RouteText[id=bf0f7ccb-620f-4544-b652-03cd51d8645e] Routing FlowFile[892,100418560334252.mockFlowFile,23B] to original
[main] DEBUG org.apache.nifi.processors.standard.RouteText - RouteText[id=bf0f7ccb-620f-4544-b652-03cd51d8645e] Adding new dynamic property: PropertyDescriptor[simple]
[pool-2769-thread-1] INFO org.apache.nifi.processors.standard.RouteText - RouteText[id=bf0f7ccb-620f-4544-b652-03cd51d8645e] Created FlowFile[895,100418560900520.mockFlowFile,23B] from FlowFile[894,100418560900520.mockFlowFile,23B]; routing to relationship simple
[pool-2769-thread-1] INFO org.apache.nifi.processors.standard.RouteText - RouteText[id=bf0f7ccb-620f-4544-b652-03cd51d8645e] Routing FlowFile[894,100418560900520.mockFlowFile,23B] to original
[main] DEBUG org.apache.nifi.processors.standard.RouteText - RouteText[id=bf0f7ccb-620f-4544-b652-03cd51d8645e] Adding new dynamic property: PropertyDescriptor[simple]
[pool-2770-thread-1] INFO org.apache.nifi.processors.standard.RouteText - RouteText[id=bf0f7ccb-620f-4544-b652-03cd51d8645e] Created FlowFile[897,100418561488853.mockFlowFile,23B] from FlowFile[896,100418561488853.mockFlowFile,23B]; routing to relationship simple
[pool-2770-thread-1] INFO org.apache.nifi.processors.standard.RouteText - RouteText[id=bf0f7ccb-620f-4544-b652-03cd51d8645e] Routing FlowFile[896,100418561488853.mockFlowFile,23B] to original
[main] DEBUG org.apache.nifi.processors.standard.RouteText - RouteText[id=bf0f7ccb-620f-4544-b652-03cd51d8645e] Adding new dynamic property: PropertyDescriptor[simple]
[pool-2771-thread-1] INFO org.apache.nifi.processors.standard.RouteText - RouteText[id=bf0f7ccb-620f-4544-b652-03cd51d8645e] Created FlowFile[899,100418561992982.mockFlowFile,23B] from FlowFile[898,100418561992982.mockFlowFile,23B]; routing to relationship simple
[pool-2771-thread-1] INFO org.apache.nifi.processors.standard.RouteText - RouteText[id=bf0f7ccb-620f-4544-b652-03cd51d8645e] Routing FlowFile[898,100418561992982.mockFlowFile,23B] to original
[main] DEBUG org.apache.nifi.processors.standard.RouteText - RouteText[id=bf0f7ccb-620f-4544-b652-03cd51d8645e] Adding new dynamic property: PropertyDescriptor[simple]
[pool-2772-thread-1] INFO org.apache.nifi.processors.standard.RouteText - RouteText[id=bf0f7ccb-620f-4544-b652-03cd51d8645e] Created FlowFile[901,100418562466983.mockFlowFile,23B] from FlowFile[900,100418562466983.mockFlowFile,23B]; routing to relationship simple
[pool-2772-thread-1] INFO org.apache.nifi.processors.standard.RouteText - RouteText[id=bf0f7ccb-620f-4544-b652-03cd51d8645e] Routing FlowFile[900,100418562466983.mockFlowFile,23B] to original
[main] DEBUG org.apache.nifi.processors.standard.RouteText - RouteText[id=bf0f7ccb-620f-4544-b652-03cd51d8645e] Adding new dynamic property: PropertyDescriptor[simple]
[pool-2773-thread-1] INFO org.apache.nifi.processors.standard.RouteText - RouteText[id=bf0f7ccb-620f-4544-b652-03cd51d8645e] Created FlowFile[903,100418562948159.mockFlowFile,23B] from FlowFile[902,100418562948159.mockFlowFile,23B]; routing to relationship simple
[pool-2773-thread-1] INFO org.apache.nifi.processors.standard.RouteText - RouteText[id=bf0f7ccb-620f-4544-b652-03cd51d8645e] Routing FlowFile[902,100418562948159.mockFlowFile,23B] to original
[main] DEBUG org.apache.nifi.processors.standard.RouteText - RouteText[id=bf0f7ccb-620f-4544-b652-03cd51d8645e] Adding new dynamic property: PropertyDescriptor[simple]
[pool-2774-thread-1] INFO org.apache.nifi.processors.standard.RouteText - RouteText[id=bf0f7ccb-620f-4544-b652-03cd51d8645e] Created FlowFile[905,100418563431791.mockFlowFile,23B] from FlowFile[904,100418563431791.mockFlowFile,23B]; routing to relationship simple
[pool-2774-thread-1] INFO org.apache.nifi.processors.standard.RouteText - RouteText[id=bf0f7ccb-620f-4544-b652-03cd51d8645e] Routing FlowFile[904,100418563431791.mockFlowFile,23B] to original
[main] DEBUG org.apache.nifi.processors.standard.RouteText - RouteText[id=bf0f7ccb-620f-4544-b652-03cd51d8645e] Adding new dynamic property: PropertyDescriptor[simple]
[pool-2775-thread-1] INFO org.apache.nifi.processors.standard.RouteText - RouteText[id=bf0f7ccb-620f-4544-b652-03cd51d8645e] Created FlowFile[907,100418563917716.mockFlowFile,23B] from FlowFile[906,100418563917716.mockFlowFile,23B]; routing to relationship simple
[pool-2775-thread-1] INFO org.apache.nifi.processors.standard.RouteText - RouteText[id=bf0f7ccb-620f-4544-b652-03cd51d8645e] Routing FlowFile[906,100418563917716.mockFlowFile,23B] to original
[main] DEBUG org.apache.nifi.processors.standard.RouteText - RouteText[id=bf0f7ccb-620f-4544-b652-03cd51d8645e] Adding new dynamic property: PropertyDescriptor[simple]
[pool-2776-thread-1] INFO org.apache.nifi.processors.standard.RouteText - RouteText[id=bf0f7ccb-620f-4544-b652-03cd51d8645e] Created FlowFile[909,100418564396509.mockFlowFile,23B] from FlowFile[908,100418564396509.mockFlowFile,23B]; routing to relationship simple
[pool-2776-thread-1] INFO org.apache.nifi.processors.standard.RouteText - RouteText[id=bf0f7ccb-620f-4544-b652-03cd51d8645e] Routing FlowFile[908,100418564396509.mockFlowFile,23B] to original
[main] DEBUG org.apache.nifi.processors.standard.RouteText - RouteText[id=bf0f7ccb-620f-4544-b652-03cd51d8645e] Adding new dynamic property: PropertyDescriptor[simple]
[pool-2777-thread-1] INFO org.apache.nifi.processors.standard.RouteText - RouteText[id=bf0f7ccb-620f-4544-b652-03cd51d8645e] Created FlowFile[911,100418564891569.mockFlowFile,23B] from FlowFile[910,100418564891569.mockFlowFile,23B]; routing to relationship simple
[pool-2777-thread-1] INFO org.apache.nifi.processors.standard.RouteText - RouteText[id=bf0f7ccb-620f-4544-b652-03cd51d8645e] Routing FlowFile[910,100418564891569.mockFlowFile,23B] to original
[main] DEBUG org.apache.nifi.processors.standard.RouteText - RouteText[id=bf0f7ccb-620f-4544-b652-03cd51d8645e] Adding new dynamic property: PropertyDescriptor[simple]
[pool-2778-thread-1] INFO org.apache.nifi.processors.standard.RouteText - RouteText[id=bf0f7ccb-620f-4544-b652-03cd51d8645e] Created FlowFile[913,100418565346490.mockFlowFile,23B] from FlowFile[912,100418565346490.mockFlowFile,23B]; routing to relationship simple
[pool-2778-thread-1] INFO org.apache.nifi.processors.standard.RouteText - RouteText[id=bf0f7ccb-620f-4544-b652-03cd51d8645e] Routing FlowFile[912,100418565346490.mockFlowFile,23B] to original
[main] DEBUG org.apache.nifi.processors.standard.RouteText - RouteText[id=bf0f7ccb-620f-4544-b652-03cd51d8645e] Adding new dynamic property: PropertyDescriptor[simple]
[pool-2779-thread-1] INFO org.apache.nifi.processors.standard.RouteText - RouteText[id=bf0f7ccb-620f-4544-b652-03cd51d8645e] Created FlowFile[915,100418565828837.mockFlowFile,23B] from FlowFile[914,100418565828837.mockFlowFile,23B]; routing to relationship simple
[pool-2779-thread-1] INFO org.apache.nifi.processors.standard.RouteText - RouteText[id=bf0f7ccb-620f-4544-b652-03cd51d8645e] Routing FlowFile[914,100418565828837.mockFlowFile,23B] to original
[main] DEBUG org.apache.nifi.processors.standard.RouteText - RouteText[id=bf0f7ccb-620f-4544-b652-03cd51d8645e] Adding new dynamic property: PropertyDescriptor[simple]
[pool-2780-thread-1] INFO org.apache.nifi.processors.standard.RouteText - RouteText[id=bf0f7ccb-620f-4544-b652-03cd51d8645e] Created FlowFile[917,100418566272907.mockFlowFile,23B] from FlowFile[916,100418566272907.mockFlowFile,23B]; routing to relationship simple
[pool-2780-thread-1] INFO org.apache.nifi.processors.standard.RouteText - RouteText[id=bf0f7ccb-620f-4544-b652-03cd51d8645e] Routing FlowFile[916,100418566272907.mockFlowFile,23B] to original
[main] DEBUG org.apache.nifi.processors.standard.RouteText - RouteText[id=bf0f7ccb-620f-4544-b652-03cd51d8645e] Adding new dynamic property: PropertyDescriptor[simple]
[pool-2781-thread-1] INFO org.apache.nifi.processors.standard.RouteText - RouteText[id=bf0f7ccb-620f-4544-b652-03cd51d8645e] Created FlowFile[919,100418566725293.mockFlowFile,23B] from FlowFile[918,100418566725293.mockFlowFile,23B]; routing to relationship simple
[pool-2781-thread-1] INFO org.apache.nifi.processors.standard.RouteText - RouteText[id=bf0f7ccb-620f-4544-b652-03cd51d8645e] Routing FlowFile[918,100418566725293.mockFlowFile,23B] to original
[main] DEBUG org.apache.nifi.processors.standard.RouteText - RouteText[id=bf0f7ccb-620f-4544-b652-03cd51d8645e] Adding new dynamic property: PropertyDescriptor[simple]
[pool-2782-thread-1] INFO org.apache.nifi.processors.standard.RouteText - RouteText[id=bf0f7ccb-620f-4544-b652-03cd51d8645e] Created FlowFile[921,100418567200570.mockFlowFile,23B] from FlowFile[920,100418567200570.mockFlowFile,23B]; routing to relationship simple
[pool-2782-thread-1] INFO org.apache.nifi.processors.standard.RouteText - RouteText[id=bf0f7ccb-620f-4544-b652-03cd51d8645e] Routing FlowFile[920,100418567200570.mockFlowFile,23B] to original
[main] DEBUG org.apache.nifi.processors.standard.RouteText - RouteText[id=bf0f7ccb-620f-4544-b652-03cd51d8645e] Adding new dynamic property: PropertyDescriptor[simple]
[pool-2783-thread-1] INFO org.apache.nifi.processors.standard.RouteText - RouteText[id=bf0f7ccb-620f-4544-b652-03cd51d8645e] Created FlowFile[923,100418567666111.mockFlowFile,23B] from FlowFile[922,100418567666111.mockFlowFile,23B]; routing to relationship simple
[pool-2783-thread-1] INFO org.apache.nifi.processors.standard.RouteText - RouteText[id=bf0f7ccb-620f-4544-b652-03cd51d8645e] Routing FlowFile[922,100418567666111.mockFlowFile,23B] to original
[main] DEBUG org.apache.nifi.processors.standard.RouteText - RouteText[id=bf0f7ccb-620f-4544-b652-03cd51d8645e] Adding new dynamic property: PropertyDescriptor[simple]
[pool-2784-thread-1] INFO org.apache.nifi.processors.standard.RouteText - RouteText[id=bf0f7ccb-620f-4544-b652-03cd51d8645e] Created FlowFile[925,100418568136692.mockFlowFile,23B] from FlowFile[924,100418568136692.mockFlowFile,23B]; routing to relationship simple
[pool-2784-thread-1] INFO org.apache.nifi.processors.standard.RouteText - RouteText[id=bf0f7ccb-620f-4544-b652-03cd51d8645e] Routing FlowFile[924,100418568136692.mockFlowFile,23B] to original
[main] DEBUG org.apache.nifi.processors.standard.RouteText - RouteText[id=bf0f7ccb-620f-4544-b652-03cd51d8645e] Adding new dynamic property: PropertyDescriptor[simple]
[pool-2785-thread-1] INFO org.apache.nifi.processors.standard.RouteText - RouteText[id=bf0f7ccb-620f-4544-b652-03cd51d8645e] Created FlowFile[927,100418568573257.mockFlowFile,23B] from FlowFile[926,100418568573257.mockFlowFile,23B]; routing to relationship simple
[pool-2785-thread-1] INFO org.apache.nifi.processors.standard.RouteText - RouteText[id=bf0f7ccb-620f-4544-b652-03cd51d8645e] Routing FlowFile[926,100418568573257.mockFlowFile,23B] to original
[main] DEBUG org.apache.nifi.processors.standard.RouteText - RouteText[id=bf0f7ccb-620f-4544-b652-03cd51d8645e] Adding new dynamic property: PropertyDescriptor[simple]
[pool-2786-thread-1] INFO org.apache.nifi.processors.standard.RouteText - RouteText[id=bf0f7ccb-620f-4544-b652-03cd51d8645e] Created FlowFile[929,100418569013931.mockFlowFile,23B] from FlowFile[928,100418569013931.mockFlowFile,23B]; routing to relationship simple
[pool-2786-thread-1] INFO org.apache.nifi.processors.standard.RouteText - RouteText[id=bf0f7ccb-620f-4544-b652-03cd51d8645e] Routing FlowFile[928,100418569013931.mockFlowFile,23B] to original
[main] DEBUG org.apache.nifi.processors.standard.RouteText - RouteText[id=bf0f7ccb-620f-4544-b652-03cd51d8645e] Adding new dynamic property: PropertyDescriptor[simple]
[pool-2787-thread-1] INFO org.apache.nifi.processors.standard.RouteText - RouteText[id=bf0f7ccb-620f-4544-b652-03cd51d8645e] Created FlowFile[931,100418569454446.mockFlowFile,23B] from FlowFile[930,100418569454446.mockFlowFile,23B]; routing to relationship simple
[pool-2787-thread-1] INFO org.apache.nifi.processors.standard.RouteText - RouteText[id=bf0f7ccb-620f-4544-b652-03cd51d8645e] Routing FlowFile[930,100418569454446.mockFlowFile,23B] to original
[main] DEBUG org.apache.nifi.processors.standard.RouteText - RouteText[id=bf0f7ccb-620f-4544-b652-03cd51d8645e] Adding new dynamic property: PropertyDescriptor[simple]
[pool-2788-thread-1] INFO org.apache.nifi.processors.standard.RouteText - RouteText[id=bf0f7ccb-620f-4544-b652-03cd51d8645e] Created FlowFile[933,100418569882105.mockFlowFile,23B] from FlowFile[932,100418569882105.mockFlowFile,23B]; routing to relationship simple
[pool-2788-thread-1] INFO org.apache.nifi.processors.standard.RouteText - RouteText[id=bf0f7ccb-620f-4544-b652-03cd51d8645e] Routing FlowFile[932,100418569882105.mockFlowFile,23B] to original
[main] DEBUG org.apache.nifi.processors.standard.RouteText - RouteText[id=bf0f7ccb-620f-4544-b652-03cd51d8645e] Adding new dynamic property: PropertyDescriptor[simple]
[pool-2789-thread-1] INFO org.apache.nifi.processors.standard.RouteText - RouteText[id=bf0f7ccb-620f-4544-b652-03cd51d8645e] Created FlowFile[935,100418570365196.mockFlowFile,23B] from FlowFile[934,100418570365196.mockFlowFile,23B]; routing to relationship simple
[pool-2789-thread-1] INFO org.apache.nifi.processors.standard.RouteText - RouteText[id=bf0f7ccb-620f-4544-b652-03cd51d8645e] Routing FlowFile[934,100418570365196.mockFlowFile,23B] to original
[main] DEBUG org.apache.nifi.processors.standard.RouteText - RouteText[id=bf0f7ccb-620f-4544-b652-03cd51d8645e] Adding new dynamic property: PropertyDescriptor[simple]
[pool-2790-thread-1] INFO org.apache.nifi.processors.standard.RouteText - RouteText[id=bf0f7ccb-620f-4544-b652-03cd51d8645e] Created FlowFile[937,100418570784268.mockFlowFile,23B] from FlowFile[936,100418570784268.mockFlowFile,23B]; routing to relationship simple
[pool-2790-thread-1] INFO org.apache.nifi.processors.standard.RouteText - RouteText[id=bf0f7ccb-620f-4544-b652-03cd51d8645e] Routing FlowFile[936,100418570784268.mockFlowFile,23B] to original
[main] DEBUG org.apache.nifi.processors.standard.RouteText - RouteText[id=bf0f7ccb-620f-4544-b652-03cd51d8645e] Adding new dynamic property: PropertyDescriptor[simple]
[pool-2791-thread-1] INFO org.apache.nifi.processors.standard.RouteText - RouteText[id=bf0f7ccb-620f-4544-b652-03cd51d8645e] Created FlowFile[939,100418571207077.mockFlowFile,23B] from FlowFile[938,100418571207077.mockFlowFile,23B]; routing to relationship simple
[pool-2791-thread-1] INFO org.apache.nifi.processors.standard.RouteText - RouteText[id=bf0f7ccb-620f-4544-b652-03cd51d8645e] Routing FlowFile[938,100418571207077.mockFlowFile,23B] to original
[main] DEBUG org.apache.nifi.processors.standard.RouteText - RouteText[id=bf0f7ccb-620f-4544-b652-03cd51d8645e] Adding new dynamic property: PropertyDescriptor[simple]
[pool-2792-thread-1] INFO org.apache.nifi.processors.standard.RouteText - RouteText[id=bf0f7ccb-620f-4544-b652-03cd51d8645e] Created FlowFile[941,100418571630768.mockFlowFile,23B] from FlowFile[940,100418571630768.mockFlowFile,23B]; routing to relationship simple
[pool-2792-thread-1] INFO org.apache.nifi.processors.standard.RouteText - RouteText[id=bf0f7ccb-620f-4544-b652-03cd51d8645e] Routing FlowFile[940,100418571630768.mockFlowFile,23B] to original
[main] DEBUG org.apache.nifi.processors.standard.RouteText - RouteText[id=bf0f7ccb-620f-4544-b652-03cd51d8645e] Adding new dynamic property: PropertyDescriptor[simple]
[pool-2793-thread-1] INFO org.apache.nifi.processors.standard.RouteText - RouteText[id=bf0f7ccb-620f-4544-b652-03cd51d8645e] Created FlowFile[943,100418572091118.mockFlowFile,23B] from FlowFile[942,100418572091118.mockFlowFile,23B]; routing to relationship simple
[pool-2793-thread-1] INFO org.apache.nifi.processors.standard.RouteText - RouteText[id=bf0f7ccb-620f-4544-b652-03cd51d8645e] Routing FlowFile[942,100418572091118.mockFlowFile,23B] to original
[main] DEBUG org.apache.nifi.processors.standard.RouteText - RouteText[id=bf0f7ccb-620f-4544-b652-03cd51d8645e] Adding new dynamic property: PropertyDescriptor[simple]
[pool-2794-thread-1] INFO org.apache.nifi.processors.standard.RouteText - RouteText[id=bf0f7ccb-620f-4544-b652-03cd51d8645e] Created FlowFile[945,100418572536150.mockFlowFile,23B] from FlowFile[944,100418572536150.mockFlowFile,23B]; routing to relationship simple
[pool-2794-thread-1] INFO org.apache.nifi.processors.standard.RouteText - RouteText[id=bf0f7ccb-620f-4544-b652-03cd51d8645e] Routing FlowFile[944,100418572536150.mockFlowFile,23B] to original
[main] DEBUG org.apache.nifi.processors.standard.RouteText - RouteText[id=bf0f7ccb-620f-4544-b652-03cd51d8645e] Adding new dynamic property: PropertyDescriptor[simple]
[pool-2795-thread-1] INFO org.apache.nifi.processors.standard.RouteText - RouteText[id=bf0f7ccb-620f-4544-b652-03cd51d8645e] Created FlowFile[947,100418573030332.mockFlowFile,23B] from FlowFile[946,100418573030332.mockFlowFile,23B]; routing to relationship simple
[pool-2795-thread-1] INFO org.apache.nifi.processors.standard.RouteText - RouteText[id=bf0f7ccb-620f-4544-b652-03cd51d8645e] Routing FlowFile[946,100418573030332.mockFlowFile,23B] to original
[main] DEBUG org.apache.nifi.processors.standard.RouteText - RouteText[id=bf0f7ccb-620f-4544-b652-03cd51d8645e] Adding new dynamic property: PropertyDescriptor[simple]
[pool-2796-thread-1] INFO org.apache.nifi.processors.standard.RouteText - RouteText[id=bf0f7ccb-620f-4544-b652-03cd51d8645e] Created FlowFile[949,100418573482943.mockFlowFile,23B] from FlowFile[948,100418573482943.mockFlowFile,23B]; routing to relationship simple
[pool-2796-thread-1] INFO org.apache.nifi.processors.standard.RouteText - RouteText[id=bf0f7ccb-620f-4544-b652-03cd51d8645e] Routing FlowFile[948,100418573482943.mockFlowFile,23B] to original
[main] DEBUG org.apache.nifi.processors.standard.RouteText - RouteText[id=bf0f7ccb-620f-4544-b652-03cd51d8645e] Adding new dynamic property: PropertyDescriptor[simple]
[pool-2797-thread-1] INFO org.apache.nifi.processors.standard.RouteText - RouteText[id=bf0f7ccb-620f-4544-b652-03cd51d8645e] Created FlowFile[951,100418573929227.mockFlowFile,23B] from FlowFile[950,100418573929227.mockFlowFile,23B]; routing to relationship simple
[pool-2797-thread-1] INFO org.apache.nifi.processors.standard.RouteText - RouteText[id=bf0f7ccb-620f-4544-b652-03cd51d8645e] Routing FlowFile[950,100418573929227.mockFlowFile,23B] to original
[main] DEBUG org.apache.nifi.processors.standard.RouteText - RouteText[id=bf0f7ccb-620f-4544-b652-03cd51d8645e] Adding new dynamic property: PropertyDescriptor[simple]
[pool-2798-thread-1] INFO org.apache.nifi.processors.standard.RouteText - RouteText[id=bf0f7ccb-620f-4544-b652-03cd51d8645e] Created FlowFile[953,100418574381372.mockFlowFile,23B] from FlowFile[952,100418574381372.mockFlowFile,23B]; routing to relationship simple
[pool-2798-thread-1] INFO org.apache.nifi.processors.standard.RouteText - RouteText[id=bf0f7ccb-620f-4544-b652-03cd51d8645e] Routing FlowFile[952,100418574381372.mockFlowFile,23B] to original
[main] DEBUG org.apache.nifi.processors.standard.RouteText - RouteText[id=bf0f7ccb-620f-4544-b652-03cd51d8645e] Adding new dynamic property: PropertyDescriptor[simple]
[pool-2799-thread-1] INFO org.apache.nifi.processors.standard.RouteText - RouteText[id=bf0f7ccb-620f-4544-b652-03cd51d8645e] Created FlowFile[955,100418574842608.mockFlowFile,23B] from FlowFile[954,100418574842608.mockFlowFile,23B]; routing to relationship simple
[pool-2799-thread-1] INFO org.apache.nifi.processors.standard.RouteText - RouteText[id=bf0f7ccb-620f-4544-b652-03cd51d8645e] Routing FlowFile[954,100418574842608.mockFlowFile,23B] to original
[main] DEBUG org.apache.nifi.processors.standard.RouteText - RouteText[id=bf0f7ccb-620f-4544-b652-03cd51d8645e] Adding new dynamic property: PropertyDescriptor[simple]
[pool-2800-thread-1] INFO org.apache.nifi.processors.standard.RouteText - RouteText[id=bf0f7ccb-620f-4544-b652-03cd51d8645e] Created FlowFile[957,100418575283034.mockFlowFile,23B] from FlowFile[956,100418575283034.mockFlowFile,23B]; routing to relationship simple
[pool-2800-thread-1] INFO org.apache.nifi.processors.standard.RouteText - RouteText[id=bf0f7ccb-620f-4544-b652-03cd51d8645e] Routing FlowFile[956,100418575283034.mockFlowFile,23B] to original
[main] DEBUG org.apache.nifi.processors.standard.RouteText - RouteText[id=bf0f7ccb-620f-4544-b652-03cd51d8645e] Adding new dynamic property: PropertyDescriptor[simple]
[pool-2801-thread-1] INFO org.apache.nifi.processors.standard.RouteText - RouteText[id=bf0f7ccb-620f-4544-b652-03cd51d8645e] Created FlowFile[959,100418575731039.mockFlowFile,23B] from FlowFile[958,100418575731039.mockFlowFile,23B]; routing to relationship simple
[pool-2801-thread-1] INFO org.apache.nifi.processors.standard.RouteText - RouteText[id=bf0f7ccb-620f-4544-b652-03cd51d8645e] Routing FlowFile[958,100418575731039.mockFlowFile,23B] to original
[main] DEBUG org.apache.nifi.processors.standard.RouteText - RouteText[id=bf0f7ccb-620f-4544-b652-03cd51d8645e] Adding new dynamic property: PropertyDescriptor[simple]
[pool-2802-thread-1] INFO org.apache.nifi.processors.standard.RouteText - RouteText[id=bf0f7ccb-620f-4544-b652-03cd51d8645e] Created FlowFile[961,100418576309489.mockFlowFile,23B] from FlowFile[960,100418576309489.mockFlowFile,23B]; routing to relationship simple
[pool-2802-thread-1] INFO org.apache.nifi.processors.standard.RouteText - RouteText[id=bf0f7ccb-620f-4544-b652-03cd51d8645e] Routing FlowFile[960,100418576309489.mockFlowFile,23B] to original
[main] DEBUG org.apache.nifi.processors.standard.RouteText - RouteText[id=bf0f7ccb-620f-4544-b652-03cd51d8645e] Adding new dynamic property: PropertyDescriptor[simple]
[pool-2803-thread-1] INFO org.apache.nifi.processors.standard.RouteText - RouteText[id=bf0f7ccb-620f-4544-b652-03cd51d8645e] Created FlowFile[963,100418576900276.mockFlowFile,23B] from FlowFile[962,100418576900276.mockFlowFile,23B]; routing to relationship simple
[pool-2803-thread-1] INFO org.apache.nifi.processors.standard.RouteText - RouteText[id=bf0f7ccb-620f-4544-b652-03cd51d8645e] Routing FlowFile[962,100418576900276.mockFlowFile,23B] to original
[main] DEBUG org.apache.nifi.processors.standard.RouteText - RouteText[id=bf0f7ccb-620f-4544-b652-03cd51d8645e] Adding new dynamic property: PropertyDescriptor[simple]
[pool-2804-thread-1] INFO org.apache.nifi.processors.standard.RouteText - RouteText[id=bf0f7ccb-620f-4544-b652-03cd51d8645e] Created FlowFile[965,100418577464019.mockFlowFile,23B] from FlowFile[964,100418577464019.mockFlowFile,23B]; routing to relationship simple
[pool-2804-thread-1] INFO org.apache.nifi.processors.standard.RouteText - RouteText[id=bf0f7ccb-620f-4544-b652-03cd51d8645e] Routing FlowFile[964,100418577464019.mockFlowFile,23B] to original
[main] DEBUG org.apache.nifi.processors.standard.RouteText - RouteText[id=bf0f7ccb-620f-4544-b652-03cd51d8645e] Adding new dynamic property: PropertyDescriptor[simple]
[pool-2805-thread-1] INFO org.apache.nifi.processors.standard.RouteText - RouteText[id=bf0f7ccb-620f-4544-b652-03cd51d8645e] Created FlowFile[967,100418578084108.mockFlowFile,23B] from FlowFile[966,100418578084108.mockFlowFile,23B]; routing to relationship simple
[pool-2805-thread-1] INFO org.apache.nifi.processors.standard.RouteText - RouteText[id=bf0f7ccb-620f-4544-b652-03cd51d8645e] Routing FlowFile[966,100418578084108.mockFlowFile,23B] to original
[main] DEBUG org.apache.nifi.processors.standard.RouteText - RouteText[id=bf0f7ccb-620f-4544-b652-03cd51d8645e] Adding new dynamic property: PropertyDescriptor[simple]
[pool-2806-thread-1] INFO org.apache.nifi.processors.standard.RouteText - RouteText[id=bf0f7ccb-620f-4544-b652-03cd51d8645e] Created FlowFile[969,100418578589904.mockFlowFile,23B] from FlowFile[968,100418578589904.mockFlowFile,23B]; routing to relationship simple
[pool-2806-thread-1] INFO org.apache.nifi.processors.standard.RouteText - RouteText[id=bf0f7ccb-620f-4544-b652-03cd51d8645e] Routing FlowFile[968,100418578589904.mockFlowFile,23B] to original
[main] DEBUG org.apache.nifi.processors.standard.RouteText - RouteText[id=bf0f7ccb-620f-4544-b652-03cd51d8645e] Adding new dynamic property: PropertyDescriptor[simple]
[pool-2807-thread-1] INFO org.apache.nifi.processors.standard.RouteText - RouteText[id=bf0f7ccb-620f-4544-b652-03cd51d8645e] Created FlowFile[971,100418579072636.mockFlowFile,23B] from FlowFile[970,100418579072636.mockFlowFile,23B]; routing to relationship simple
[pool-2807-thread-1] INFO org.apache.nifi.processors.standard.RouteText - RouteText[id=bf0f7ccb-620f-4544-b652-03cd51d8645e] Routing FlowFile[970,100418579072636.mockFlowFile,23B] to original
[main] DEBUG org.apache.nifi.processors.standard.RouteText - RouteText[id=bf0f7ccb-620f-4544-b652-03cd51d8645e] Adding new dynamic property: PropertyDescriptor[simple]
[pool-2808-thread-1] INFO org.apache.nifi.processors.standard.RouteText - RouteText[id=bf0f7ccb-620f-4544-b652-03cd51d8645e] Created FlowFile[973,100418579634315.mockFlowFile,23B] from FlowFile[972,100418579634315.mockFlowFile,23B]; routing to relationship simple
[pool-2808-thread-1] INFO org.apache.nifi.processors.standard.RouteText - RouteText[id=bf0f7ccb-620f-4544-b652-03cd51d8645e] Routing FlowFile[972,100418579634315.mockFlowFile,23B] to original
[main] DEBUG org.apache.nifi.processors.standard.RouteText - RouteText[id=bf0f7ccb-620f-4544-b652-03cd51d8645e] Adding new dynamic property: PropertyDescriptor[simple]
[pool-2809-thread-1] INFO org.apache.nifi.processors.standard.RouteText - RouteText[id=bf0f7ccb-620f-4544-b652-03cd51d8645e] Created FlowFile[975,100418580080391.mockFlowFile,23B] from FlowFile[974,100418580080391.mockFlowFile,23B]; routing to relationship simple
[pool-2809-thread-1] INFO org.apache.nifi.processors.standard.RouteText - RouteText[id=bf0f7ccb-620f-4544-b652-03cd51d8645e] Routing FlowFile[974,100418580080391.mockFlowFile,23B] to original
[main] DEBUG org.apache.nifi.processors.standard.RouteText - RouteText[id=bf0f7ccb-620f-4544-b652-03cd51d8645e] Adding new dynamic property: PropertyDescriptor[simple]
[pool-2810-thread-1] INFO org.apache.nifi.processors.standard.RouteText - RouteText[id=bf0f7ccb-620f-4544-b652-03cd51d8645e] Created FlowFile[977,100418580648397.mockFlowFile,23B] from FlowFile[976,100418580648397.mockFlowFile,23B]; routing to relationship simple
[pool-2810-thread-1] INFO org.apache.nifi.processors.standard.RouteText - RouteText[id=bf0f7ccb-620f-4544-b652-03cd51d8645e] Routing FlowFile[976,100418580648397.mockFlowFile,23B] to original
[main] DEBUG org.apache.nifi.processors.standard.RouteText - RouteText[id=bf0f7ccb-620f-4544-b652-03cd51d8645e] Adding new dynamic property: PropertyDescriptor[simple]
[pool-2811-thread-1] INFO org.apache.nifi.processors.standard.RouteText - RouteText[id=bf0f7ccb-620f-4544-b652-03cd51d8645e] Created FlowFile[979,100418581195338.mockFlowFile,23B] from FlowFile[978,100418581195338.mockFlowFile,23B]; routing to relationship simple
[pool-2811-thread-1] INFO org.apache.nifi.processors.standard.RouteText - RouteText[id=bf0f7ccb-620f-4544-b652-03cd51d8645e] Routing FlowFile[978,100418581195338.mockFlowFile,23B] to original
[main] DEBUG org.apache.nifi.processors.standard.RouteText - RouteText[id=bf0f7ccb-620f-4544-b652-03cd51d8645e] Adding new dynamic property: PropertyDescriptor[simple]
[pool-2812-thread-1] INFO org.apache.nifi.processors.standard.RouteText - RouteText[id=bf0f7ccb-620f-4544-b652-03cd51d8645e] Created FlowFile[981,100418581734596.mockFlowFile,23B] from FlowFile[980,100418581734596.mockFlowFile,23B]; routing to relationship simple
[pool-2812-thread-1] INFO org.apache.nifi.processors.standard.RouteText - RouteText[id=bf0f7ccb-620f-4544-b652-03cd51d8645e] Routing FlowFile[980,100418581734596.mockFlowFile,23B] to original
[main] DEBUG org.apache.nifi.processors.standard.RouteText - RouteText[id=bf0f7ccb-620f-4544-b652-03cd51d8645e] Adding new dynamic property: PropertyDescriptor[simple]
[pool-2813-thread-1] INFO org.apache.nifi.processors.standard.RouteText - RouteText[id=bf0f7ccb-620f-4544-b652-03cd51d8645e] Created FlowFile[983,100418582191043.mockFlowFile,23B] from FlowFile[982,100418582191043.mockFlowFile,23B]; routing to relationship simple
[pool-2813-thread-1] INFO org.apache.nifi.processors.standard.RouteText - RouteText[id=bf0f7ccb-620f-4544-b652-03cd51d8645e] Routing FlowFile[982,100418582191043.mockFlowFile,23B] to original
[main] DEBUG org.apache.nifi.processors.standard.RouteText - RouteText[id=bf0f7ccb-620f-4544-b652-03cd51d8645e] Adding new dynamic property: PropertyDescriptor[simple]
[pool-2814-thread-1] INFO org.apache.nifi.processors.standard.RouteText - RouteText[id=bf0f7ccb-620f-4544-b652-03cd51d8645e] Created FlowFile[985,100418582631887.mockFlowFile,23B] from FlowFile[984,100418582631887.mockFlowFile,23B]; routing to relationship simple
[pool-2814-thread-1] INFO org.apache.nifi.processors.standard.RouteText - RouteText[id=bf0f7ccb-620f-4544-b652-03cd51d8645e] Routing FlowFile[984,100418582631887.mockFlowFile,23B] to original
[main] DEBUG org.apache.nifi.processors.standard.RouteText - RouteText[id=bf0f7ccb-620f-4544-b652-03cd51d8645e] Adding new dynamic property: PropertyDescriptor[simple]
[pool-2815-thread-1] INFO org.apache.nifi.processors.standard.RouteText - RouteText[id=bf0f7ccb-620f-4544-b652-03cd51d8645e] Created FlowFile[987,100418583047882.mockFlowFile,23B] from FlowFile[986,100418583047882.mockFlowFile,23B]; routing to relationship simple
[pool-2815-thread-1] INFO org.apache.nifi.processors.standard.RouteText - RouteText[id=bf0f7ccb-620f-4544-b652-03cd51d8645e] Routing FlowFile[986,100418583047882.mockFlowFile,23B] to original
[main] DEBUG org.apache.nifi.processors.standard.RouteText - RouteText[id=bf0f7ccb-620f-4544-b652-03cd51d8645e] Adding new dynamic property: PropertyDescriptor[simple]
[pool-2816-thread-1] INFO org.apache.nifi.processors.standard.RouteText - RouteText[id=bf0f7ccb-620f-4544-b652-03cd51d8645e] Created FlowFile[989,100418583574648.mockFlowFile,23B] from FlowFile[988,100418583574648.mockFlowFile,23B]; routing to relationship simple
[pool-2816-thread-1] INFO org.apache.nifi.processors.standard.RouteText - RouteText[id=bf0f7ccb-620f-4544-b652-03cd51d8645e] Routing FlowFile[988,100418583574648.mockFlowFile,23B] to original
[main] DEBUG org.apache.nifi.processors.standard.RouteText - RouteText[id=bf0f7ccb-620f-4544-b652-03cd51d8645e] Adding new dynamic property: PropertyDescriptor[simple]
[pool-2817-thread-1] INFO org.apache.nifi.processors.standard.RouteText - RouteText[id=bf0f7ccb-620f-4544-b652-03cd51d8645e] Created FlowFile[991,100418584033936.mockFlowFile,23B] from FlowFile[990,100418584033936.mockFlowFile,23B]; routing to relationship simple
[pool-2817-thread-1] INFO org.apache.nifi.processors.standard.RouteText - RouteText[id=bf0f7ccb-620f-4544-b652-03cd51d8645e] Routing FlowFile[990,100418584033936.mockFlowFile,23B] to original
[main] DEBUG org.apache.nifi.processors.standard.RouteText - RouteText[id=bf0f7ccb-620f-4544-b652-03cd51d8645e] Adding new dynamic property: PropertyDescriptor[simple]
[pool-2818-thread-1] INFO org.apache.nifi.processors.standard.RouteText - RouteText[id=bf0f7ccb-620f-4544-b652-03cd51d8645e] Created FlowFile[993,100418584573460.mockFlowFile,23B] from FlowFile[992,100418584573460.mockFlowFile,23B]; routing to relationship simple
[pool-2818-thread-1] INFO org.apache.nifi.processors.standard.RouteText - RouteText[id=bf0f7ccb-620f-4544-b652-03cd51d8645e] Routing FlowFile[992,100418584573460.mockFlowFile,23B] to original
[main] DEBUG org.apache.nifi.processors.standard.RouteText - RouteText[id=bf0f7ccb-620f-4544-b652-03cd51d8645e] Adding new dynamic property: PropertyDescriptor[simple]
[pool-2819-thread-1] INFO org.apache.nifi.processors.standard.RouteText - RouteText[id=bf0f7ccb-620f-4544-b652-03cd51d8645e] Created FlowFile[995,100418585007898.mockFlowFile,23B] from FlowFile[994,100418585007898.mockFlowFile,23B]; routing to relationship simple
[pool-2819-thread-1] INFO org.apache.nifi.processors.standard.RouteText - RouteText[id=bf0f7ccb-620f-4544-b652-03cd51d8645e] Routing FlowFile[994,100418585007898.mockFlowFile,23B] to original
[main] DEBUG org.apache.nifi.processors.standard.RouteText - RouteText[id=bf0f7ccb-620f-4544-b652-03cd51d8645e] Adding new dynamic property: PropertyDescriptor[simple]
[pool-2820-thread-1] INFO org.apache.nifi.processors.standard.RouteText - RouteText[id=bf0f7ccb-620f-4544-b652-03cd51d8645e] Created FlowFile[997,100418585498614.mockFlowFile,23B] from FlowFile[996,100418585498614.mockFlowFile,23B]; routing to relationship simple
[pool-2820-thread-1] INFO org.apache.nifi.processors.standard.RouteText - RouteText[id=bf0f7ccb-620f-4544-b652-03cd51d8645e] Routing FlowFile[996,100418585498614.mockFlowFile,23B] to original
[main] DEBUG org.apache.nifi.processors.standard.RouteText - RouteText[id=bf0f7ccb-620f-4544-b652-03cd51d8645e] Adding new dynamic property: PropertyDescriptor[simple]
[pool-2821-thread-1] INFO org.apache.nifi.processors.standard.RouteText - RouteText[id=bf0f7ccb-620f-4544-b652-03cd51d8645e] Created FlowFile[999,100418586008127.mockFlowFile,23B] from FlowFile[998,100418586008127.mockFlowFile,23B]; routing to relationship simple
[pool-2821-thread-1] INFO org.apache.nifi.processors.standard.RouteText - RouteText[id=bf0f7ccb-620f-4544-b652-03cd51d8645e] Routing FlowFile[998,100418586008127.mockFlowFile,23B] to original
[main] DEBUG org.apache.nifi.processors.standard.RouteText - RouteText[id=bf0f7ccb-620f-4544-b652-03cd51d8645e] Adding new dynamic property: PropertyDescriptor[simple]
[pool-2822-thread-1] INFO org.apache.nifi.processors.standard.RouteText - RouteText[id=bf0f7ccb-620f-4544-b652-03cd51d8645e] Created FlowFile[1001,100418586604159.mockFlowFile,23B] from FlowFile[1000,100418586604159.mockFlowFile,23B]; routing to relationship simple
[pool-2822-thread-1] INFO org.apache.nifi.processors.standard.RouteText - RouteText[id=bf0f7ccb-620f-4544-b652-03cd51d8645e] Routing FlowFile[1000,100418586604159.mockFlowFile,23B] to original
[main] DEBUG org.apache.nifi.processors.standard.RouteText - RouteText[id=bf0f7ccb-620f-4544-b652-03cd51d8645e] Adding new dynamic property: PropertyDescriptor[simple]
[pool-2823-thread-1] INFO org.apache.nifi.processors.standard.RouteText - RouteText[id=bf0f7ccb-620f-4544-b652-03cd51d8645e] Created FlowFile[1003,100418587086977.mockFlowFile,23B] from FlowFile[1002,100418587086977.mockFlowFile,23B]; routing to relationship simple
[pool-2823-thread-1] INFO org.apache.nifi.processors.standard.RouteText - RouteText[id=bf0f7ccb-620f-4544-b652-03cd51d8645e] Routing FlowFile[1002,100418587086977.mockFlowFile,23B] to original
[main] DEBUG org.apache.nifi.processors.standard.RouteText - RouteText[id=bf0f7ccb-620f-4544-b652-03cd51d8645e] Adding new dynamic property: PropertyDescriptor[simple]
[pool-2824-thread-1] INFO org.apache.nifi.processors.standard.RouteText - RouteText[id=bf0f7ccb-620f-4544-b652-03cd51d8645e] Created FlowFile[1005,100418587525898.mockFlowFile,23B] from FlowFile[1004,100418587525898.mockFlowFile,23B]; routing to relationship simple
[pool-2824-thread-1] INFO org.apache.nifi.processors.standard.RouteText - RouteText[id=bf0f7ccb-620f-4544-b652-03cd51d8645e] Routing FlowFile[1004,100418587525898.mockFlowFile,23B] to original
[main] DEBUG org.apache.nifi.processors.standard.RouteText - RouteText[id=bf0f7ccb-620f-4544-b652-03cd51d8645e] Adding new dynamic property: PropertyDescriptor[simple]
[pool-2825-thread-1] INFO org.apache.nifi.processors.standard.RouteText - RouteText[id=bf0f7ccb-620f-4544-b652-03cd51d8645e] Created FlowFile[1007,100418588058903.mockFlowFile,23B] from FlowFile[1006,100418588058903.mockFlowFile,23B]; routing to relationship simple
[pool-2825-thread-1] INFO org.apache.nifi.processors.standard.RouteText - RouteText[id=bf0f7ccb-620f-4544-b652-03cd51d8645e] Routing FlowFile[1006,100418588058903.mockFlowFile,23B] to original
[main] DEBUG org.apache.nifi.processors.standard.RouteText - RouteText[id=bf0f7ccb-620f-4544-b652-03cd51d8645e] Adding new dynamic property: PropertyDescriptor[simple]
[pool-2826-thread-1] INFO org.apache.nifi.processors.standard.RouteText - RouteText[id=bf0f7ccb-620f-4544-b652-03cd51d8645e] Created FlowFile[1009,100418588510697.mockFlowFile,23B] from FlowFile[1008,100418588510697.mockFlowFile,23B]; routing to relationship simple
[pool-2826-thread-1] INFO org.apache.nifi.processors.standard.RouteText - RouteText[id=bf0f7ccb-620f-4544-b652-03cd51d8645e] Routing FlowFile[1008,100418588510697.mockFlowFile,23B] to original
[main] DEBUG org.apache.nifi.processors.standard.RouteText - RouteText[id=bf0f7ccb-620f-4544-b652-03cd51d8645e] Adding new dynamic property: PropertyDescriptor[simple]
[pool-2827-thread-1] INFO org.apache.nifi.processors.standard.RouteText - RouteText[id=bf0f7ccb-620f-4544-b652-03cd51d8645e] Created FlowFile[1011,100418589027392.mockFlowFile,23B] from FlowFile[1010,100418589027392.mockFlowFile,23B]; routing to relationship simple
[pool-2827-thread-1] INFO org.apache.nifi.processors.standard.RouteText - RouteText[id=bf0f7ccb-620f-4544-b652-03cd51d8645e] Routing FlowFile[1010,100418589027392.mockFlowFile,23B] to original
[main] DEBUG org.apache.nifi.processors.standard.RouteText - RouteText[id=bf0f7ccb-620f-4544-b652-03cd51d8645e] Adding new dynamic property: PropertyDescriptor[simple]
[pool-2828-thread-1] INFO org.apache.nifi.processors.standard.RouteText - RouteText[id=bf0f7ccb-620f-4544-b652-03cd51d8645e] Created FlowFile[1013,100418589477937.mockFlowFile,23B] from FlowFile[1012,100418589477937.mockFlowFile,23B]; routing to relationship simple
[pool-2828-thread-1] INFO org.apache.nifi.processors.standard.RouteText - RouteText[id=bf0f7ccb-620f-4544-b652-03cd51d8645e] Routing FlowFile[1012,100418589477937.mockFlowFile,23B] to original
[main] DEBUG org.apache.nifi.processors.standard.RouteText - RouteText[id=bf0f7ccb-620f-4544-b652-03cd51d8645e] Adding new dynamic property: PropertyDescriptor[simple]
[pool-2829-thread-1] INFO org.apache.nifi.processors.standard.RouteText - RouteText[id=bf0f7ccb-620f-4544-b652-03cd51d8645e] Created FlowFile[1015,100418589922459.mockFlowFile,23B] from FlowFile[1014,100418589922459.mockFlowFile,23B]; routing to relationship simple
[pool-2829-thread-1] INFO org.apache.nifi.processors.standard.RouteText - RouteText[id=bf0f7ccb-620f-4544-b652-03cd51d8645e] Routing FlowFile[1014,100418589922459.mockFlowFile,23B] to original
[main] DEBUG org.apache.nifi.processors.standard.RouteText - RouteText[id=bf0f7ccb-620f-4544-b652-03cd51d8645e] Adding new dynamic property: PropertyDescriptor[simple]
[pool-2830-thread-1] INFO org.apache.nifi.processors.standard.RouteText - RouteText[id=bf0f7ccb-620f-4544-b652-03cd51d8645e] Created FlowFile[1017,100418590525497.mockFlowFile,23B] from FlowFile[1016,100418590525497.mockFlowFile,23B]; routing to relationship simple
[pool-2830-thread-1] INFO org.apache.nifi.processors.standard.RouteText - RouteText[id=bf0f7ccb-620f-4544-b652-03cd51d8645e] Routing FlowFile[1016,100418590525497.mockFlowFile,23B] to original
[main] DEBUG org.apache.nifi.processors.standard.RouteText - RouteText[id=bf0f7ccb-620f-4544-b652-03cd51d8645e] Adding new dynamic property: PropertyDescriptor[simple]
[pool-2831-thread-1] INFO org.apache.nifi.processors.standard.RouteText - RouteText[id=bf0f7ccb-620f-4544-b652-03cd51d8645e] Created FlowFile[1019,100418591059858.mockFlowFile,23B] from FlowFile[1018,100418591059858.mockFlowFile,23B]; routing to relationship simple
[pool-2831-thread-1] INFO org.apache.nifi.processors.standard.RouteText - RouteText[id=bf0f7ccb-620f-4544-b652-03cd51d8645e] Routing FlowFile[1018,100418591059858.mockFlowFile,23B] to original
[main] DEBUG org.apache.nifi.processors.standard.RouteText - RouteText[id=bf0f7ccb-620f-4544-b652-03cd51d8645e] Adding new dynamic property: PropertyDescriptor[simple]
[pool-2832-thread-1] INFO org.apache.nifi.processors.standard.RouteText - RouteText[id=bf0f7ccb-620f-4544-b652-03cd51d8645e] Created FlowFile[1021,100418591615816.mockFlowFile,23B] from FlowFile[1020,100418591615816.mockFlowFile,23B]; routing to relationship simple
[pool-2832-thread-1] INFO org.apache.nifi.processors.standard.RouteText - RouteText[id=bf0f7ccb-620f-4544-b652-03cd51d8645e] Routing FlowFile[1020,100418591615816.mockFlowFile,23B] to original
[main] DEBUG org.apache.nifi.processors.standard.RouteText - RouteText[id=bf0f7ccb-620f-4544-b652-03cd51d8645e] Adding new dynamic property: PropertyDescriptor[simple]
[pool-2833-thread-1] INFO org.apache.nifi.processors.standard.RouteText - RouteText[id=bf0f7ccb-620f-4544-b652-03cd51d8645e] Created FlowFile[1023,100418592355083.mockFlowFile,23B] from FlowFile[1022,100418592355083.mockFlowFile,23B]; routing to relationship simple
[pool-2833-thread-1] INFO org.apache.nifi.processors.standard.RouteText - RouteText[id=bf0f7ccb-620f-4544-b652-03cd51d8645e] Routing FlowFile[1022,100418592355083.mockFlowFile,23B] to original
[main] DEBUG org.apache.nifi.processors.standard.RouteText - RouteText[id=bf0f7ccb-620f-4544-b652-03cd51d8645e] Adding new dynamic property: PropertyDescriptor[simple]
[pool-2834-thread-1] INFO org.apache.nifi.processors.standard.RouteText - RouteText[id=bf0f7ccb-620f-4544-b652-03cd51d8645e] Created FlowFile[1025,100418593425270.mockFlowFile,23B] from FlowFile[1024,100418593425270.mockFlowFile,23B]; routing to relationship simple
[pool-2834-thread-1] INFO org.apache.nifi.processors.standard.RouteText - RouteText[id=bf0f7ccb-620f-4544-b652-03cd51d8645e] Routing FlowFile[1024,100418593425270.mockFlowFile,23B] to original
[main] DEBUG org.apache.nifi.processors.standard.RouteText - RouteText[id=bf0f7ccb-620f-4544-b652-03cd51d8645e] Adding new dynamic property: PropertyDescriptor[simple]
[pool-2835-thread-1] INFO org.apache.nifi.processors.standard.RouteText - RouteText[id=bf0f7ccb-620f-4544-b652-03cd51d8645e] Created FlowFile[1027,100418594160986.mockFlowFile,23B] from FlowFile[1026,100418594160986.mockFlowFile,23B]; routing to relationship simple
[pool-2835-thread-1] INFO org.apache.nifi.processors.standard.RouteText - RouteText[id=bf0f7ccb-620f-4544-b652-03cd51d8645e] Routing FlowFile[1026,100418594160986.mockFlowFile,23B] to original
[main] DEBUG org.apache.nifi.processors.standard.RouteText - RouteText[id=bf0f7ccb-620f-4544-b652-03cd51d8645e] Adding new dynamic property: PropertyDescriptor[simple]
[pool-2836-thread-1] INFO org.apache.nifi.processors.standard.RouteText - RouteText[id=bf0f7ccb-620f-4544-b652-03cd51d8645e] Created FlowFile[1029,100418594618672.mockFlowFile,23B] from FlowFile[1028,100418594618672.mockFlowFile,23B]; routing to relationship simple
[pool-2836-thread-1] INFO org.apache.nifi.processors.standard.RouteText - RouteText[id=bf0f7ccb-620f-4544-b652-03cd51d8645e] Routing FlowFile[1028,100418594618672.mockFlowFile,23B] to original
[main] DEBUG org.apache.nifi.processors.standard.RouteText - RouteText[id=bf0f7ccb-620f-4544-b652-03cd51d8645e] Adding new dynamic property: PropertyDescriptor[simple]
[pool-2837-thread-1] INFO org.apache.nifi.processors.standard.RouteText - RouteText[id=bf0f7ccb-620f-4544-b652-03cd51d8645e] Created FlowFile[1031,100418595026376.mockFlowFile,23B] from FlowFile[1030,100418595026376.mockFlowFile,23B]; routing to relationship simple
[pool-2837-thread-1] INFO org.apache.nifi.processors.standard.RouteText - RouteText[id=bf0f7ccb-620f-4544-b652-03cd51d8645e] Routing FlowFile[1030,100418595026376.mockFlowFile,23B] to original
[main] DEBUG org.apache.nifi.processors.standard.RouteText - RouteText[id=bf0f7ccb-620f-4544-b652-03cd51d8645e] Adding new dynamic property: PropertyDescriptor[simple]
[pool-2838-thread-1] INFO org.apache.nifi.processors.standard.RouteText - RouteText[id=bf0f7ccb-620f-4544-b652-03cd51d8645e] Created FlowFile[1033,100418595480329.mockFlowFile,23B] from FlowFile[1032,100418595480329.mockFlowFile,23B]; routing to relationship simple
[pool-2838-thread-1] INFO org.apache.nifi.processors.standard.RouteText - RouteText[id=bf0f7ccb-620f-4544-b652-03cd51d8645e] Routing FlowFile[1032,100418595480329.mockFlowFile,23B] to original
[main] DEBUG org.apache.nifi.processors.standard.RouteText - RouteText[id=bf0f7ccb-620f-4544-b652-03cd51d8645e] Adding new dynamic property: PropertyDescriptor[simple]
[pool-2839-thread-1] INFO org.apache.nifi.processors.standard.RouteText - RouteText[id=bf0f7ccb-620f-4544-b652-03cd51d8645e] Created FlowFile[1035,100418595900433.mockFlowFile,23B] from FlowFile[1034,100418595900433.mockFlowFile,23B]; routing to relationship simple
[pool-2839-thread-1] INFO org.apache.nifi.processors.standard.RouteText - RouteText[id=bf0f7ccb-620f-4544-b652-03cd51d8645e] Routing FlowFile[1034,100418595900433.mockFlowFile,23B] to original
[main] DEBUG org.apache.nifi.processors.standard.RouteText - RouteText[id=bf0f7ccb-620f-4544-b652-03cd51d8645e] Adding new dynamic property: PropertyDescriptor[simple]
[pool-2840-thread-1] INFO org.apache.nifi.processors.standard.RouteText - RouteText[id=bf0f7ccb-620f-4544-b652-03cd51d8645e] Created FlowFile[1037,100418596374469.mockFlowFile,23B] from FlowFile[1036,100418596374469.mockFlowFile,23B]; routing to relationship simple
[pool-2840-thread-1] INFO org.apache.nifi.processors.standard.RouteText - RouteText[id=bf0f7ccb-620f-4544-b652-03cd51d8645e] Routing FlowFile[1036,100418596374469.mockFlowFile,23B] to original
[main] DEBUG org.apache.nifi.processors.standard.RouteText - RouteText[id=bf0f7ccb-620f-4544-b652-03cd51d8645e] Adding new dynamic property: PropertyDescriptor[simple]
[pool-2841-thread-1] INFO org.apache.nifi.processors.standard.RouteText - RouteText[id=bf0f7ccb-620f-4544-b652-03cd51d8645e] Created FlowFile[1039,100418596844654.mockFlowFile,23B] from FlowFile[1038,100418596844654.mockFlowFile,23B]; routing to relationship simple
[pool-2841-thread-1] INFO org.apache.nifi.processors.standard.RouteText - RouteText[id=bf0f7ccb-620f-4544-b652-03cd51d8645e] Routing FlowFile[1038,100418596844654.mockFlowFile,23B] to original
[main] DEBUG org.apache.nifi.processors.standard.RouteText - RouteText[id=bf0f7ccb-620f-4544-b652-03cd51d8645e] Adding new dynamic property: PropertyDescriptor[simple]
[pool-2842-thread-1] INFO org.apache.nifi.processors.standard.RouteText - RouteText[id=bf0f7ccb-620f-4544-b652-03cd51d8645e] Created FlowFile[1041,100418597310071.mockFlowFile,23B] from FlowFile[1040,100418597310071.mockFlowFile,23B]; routing to relationship simple
[pool-2842-thread-1] INFO org.apache.nifi.processors.standard.RouteText - RouteText[id=bf0f7ccb-620f-4544-b652-03cd51d8645e] Routing FlowFile[1040,100418597310071.mockFlowFile,23B] to original
[main] DEBUG org.apache.nifi.processors.standard.RouteText - RouteText[id=bf0f7ccb-620f-4544-b652-03cd51d8645e] Adding new dynamic property: PropertyDescriptor[simple]
[pool-2843-thread-1] INFO org.apache.nifi.processors.standard.RouteText - RouteText[id=bf0f7ccb-620f-4544-b652-03cd51d8645e] Created FlowFile[1043,100418597697611.mockFlowFile,23B] from FlowFile[1042,100418597697611.mockFlowFile,23B]; routing to relationship simple
[pool-2843-thread-1] INFO org.apache.nifi.processors.standard.RouteText - RouteText[id=bf0f7ccb-620f-4544-b652-03cd51d8645e] Routing FlowFile[1042,100418597697611.mockFlowFile,23B] to original
[main] DEBUG org.apache.nifi.processors.standard.RouteText - RouteText[id=bf0f7ccb-620f-4544-b652-03cd51d8645e] Adding new dynamic property: PropertyDescriptor[simple]
[pool-2844-thread-1] INFO org.apache.nifi.processors.standard.RouteText - RouteText[id=bf0f7ccb-620f-4544-b652-03cd51d8645e] Created FlowFile[1045,100418598078566.mockFlowFile,23B] from FlowFile[1044,100418598078566.mockFlowFile,23B]; routing to relationship simple
[pool-2844-thread-1] INFO org.apache.nifi.processors.standard.RouteText - RouteText[id=bf0f7ccb-620f-4544-b652-03cd51d8645e] Routing FlowFile[1044,100418598078566.mockFlowFile,23B] to original
[main] DEBUG org.apache.nifi.processors.standard.RouteText - RouteText[id=bf0f7ccb-620f-4544-b652-03cd51d8645e] Adding new dynamic property: PropertyDescriptor[simple]
[pool-2845-thread-1] INFO org.apache.nifi.processors.standard.RouteText - RouteText[id=bf0f7ccb-620f-4544-b652-03cd51d8645e] Created FlowFile[1047,100418598448904.mockFlowFile,23B] from FlowFile[1046,100418598448904.mockFlowFile,23B]; routing to relationship simple
[pool-2845-thread-1] INFO org.apache.nifi.processors.standard.RouteText - RouteText[id=bf0f7ccb-620f-4544-b652-03cd51d8645e] Routing FlowFile[1046,100418598448904.mockFlowFile,23B] to original
[main] DEBUG org.apache.nifi.processors.standard.RouteText - RouteText[id=bf0f7ccb-620f-4544-b652-03cd51d8645e] Adding new dynamic property: PropertyDescriptor[simple]
[pool-2846-thread-1] INFO org.apache.nifi.processors.standard.RouteText - RouteText[id=bf0f7ccb-620f-4544-b652-03cd51d8645e] Created FlowFile[1049,100418598819724.mockFlowFile,23B] from FlowFile[1048,100418598819724.mockFlowFile,23B]; routing to relationship simple
[pool-2846-thread-1] INFO org.apache.nifi.processors.standard.RouteText - RouteText[id=bf0f7ccb-620f-4544-b652-03cd51d8645e] Routing FlowFile[1048,100418598819724.mockFlowFile,23B] to original
[main] DEBUG org.apache.nifi.processors.standard.RouteText - RouteText[id=bf0f7ccb-620f-4544-b652-03cd51d8645e] Adding new dynamic property: PropertyDescriptor[simple]
[pool-2847-thread-1] INFO org.apache.nifi.processors.standard.RouteText - RouteText[id=bf0f7ccb-620f-4544-b652-03cd51d8645e] Created FlowFile[1051,100418599292176.mockFlowFile,23B] from FlowFile[1050,100418599292176.mockFlowFile,23B]; routing to relationship simple
[pool-2847-thread-1] INFO org.apache.nifi.processors.standard.RouteText - RouteText[id=bf0f7ccb-620f-4544-b652-03cd51d8645e] Routing FlowFile[1050,100418599292176.mockFlowFile,23B] to original
[main] DEBUG org.apache.nifi.processors.standard.RouteText - RouteText[id=bf0f7ccb-620f-4544-b652-03cd51d8645e] Adding new dynamic property: PropertyDescriptor[simple]
[pool-2848-thread-1] INFO org.apache.nifi.processors.standard.RouteText - RouteText[id=bf0f7ccb-620f-4544-b652-03cd51d8645e] Created FlowFile[1053,100418599704141.mockFlowFile,23B] from FlowFile[1052,100418599704141.mockFlowFile,23B]; routing to relationship simple
[pool-2848-thread-1] INFO org.apache.nifi.processors.standard.RouteText - RouteText[id=bf0f7ccb-620f-4544-b652-03cd51d8645e] Routing FlowFile[1052,100418599704141.mockFlowFile,23B] to original
[main] DEBUG org.apache.nifi.processors.standard.RouteText - RouteText[id=bf0f7ccb-620f-4544-b652-03cd51d8645e] Adding new dynamic property: PropertyDescriptor[simple]
[pool-2849-thread-1] INFO org.apache.nifi.processors.standard.RouteText - RouteText[id=bf0f7ccb-620f-4544-b652-03cd51d8645e] Created FlowFile[1055,100418600076060.mockFlowFile,23B] from FlowFile[1054,100418600076060.mockFlowFile,23B]; routing to relationship simple
[pool-2849-thread-1] INFO org.apache.nifi.processors.standard.RouteText - RouteText[id=bf0f7ccb-620f-4544-b652-03cd51d8645e] Routing FlowFile[1054,100418600076060.mockFlowFile,23B] to original
[main] DEBUG org.apache.nifi.processors.standard.RouteText - RouteText[id=bf0f7ccb-620f-4544-b652-03cd51d8645e] Adding new dynamic property: PropertyDescriptor[simple]
[pool-2850-thread-1] INFO org.apache.nifi.processors.standard.RouteText - RouteText[id=bf0f7ccb-620f-4544-b652-03cd51d8645e] Created FlowFile[1057,100418600598087.mockFlowFile,23B] from FlowFile[1056,100418600598087.mockFlowFile,23B]; routing to relationship simple
[pool-2850-thread-1] INFO org.apache.nifi.processors.standard.RouteText - RouteText[id=bf0f7ccb-620f-4544-b652-03cd51d8645e] Routing FlowFile[1056,100418600598087.mockFlowFile,23B] to original
[main] DEBUG org.apache.nifi.processors.standard.RouteText - RouteText[id=bf0f7ccb-620f-4544-b652-03cd51d8645e] Adding new dynamic property: PropertyDescriptor[simple]
[pool-2851-thread-1] INFO org.apache.nifi.processors.standard.RouteText - RouteText[id=bf0f7ccb-620f-4544-b652-03cd51d8645e] Created FlowFile[1059,100418601156134.mockFlowFile,23B] from FlowFile[1058,100418601156134.mockFlowFile,23B]; routing to relationship simple
[pool-2851-thread-1] INFO org.apache.nifi.processors.standard.RouteText - RouteText[id=bf0f7ccb-620f-4544-b652-03cd51d8645e] Routing FlowFile[1058,100418601156134.mockFlowFile,23B] to original
[main] DEBUG org.apache.nifi.processors.standard.RouteText - RouteText[id=bf0f7ccb-620f-4544-b652-03cd51d8645e] Adding new dynamic property: PropertyDescriptor[simple]
[pool-2852-thread-1] INFO org.apache.nifi.processors.standard.RouteText - RouteText[id=bf0f7ccb-620f-4544-b652-03cd51d8645e] Created FlowFile[1061,100418601736633.mockFlowFile,23B] from FlowFile[1060,100418601736633.mockFlowFile,23B]; routing to relationship simple
[pool-2852-thread-1] INFO org.apache.nifi.processors.standard.RouteText - RouteText[id=bf0f7ccb-620f-4544-b652-03cd51d8645e] Routing FlowFile[1060,100418601736633.mockFlowFile,23B] to original
[main] DEBUG org.apache.nifi.processors.standard.RouteText - RouteText[id=bf0f7ccb-620f-4544-b652-03cd51d8645e] Adding new dynamic property: PropertyDescriptor[simple]
[pool-2853-thread-1] INFO org.apache.nifi.processors.standard.RouteText - RouteText[id=bf0f7ccb-620f-4544-b652-03cd51d8645e] Created FlowFile[1063,100418602262259.mockFlowFile,23B] from FlowFile[1062,100418602262259.mockFlowFile,23B]; routing to relationship simple
[pool-2853-thread-1] INFO org.apache.nifi.processors.standard.RouteText - RouteText[id=bf0f7ccb-620f-4544-b652-03cd51d8645e] Routing FlowFile[1062,100418602262259.mockFlowFile,23B] to original
[main] DEBUG org.apache.nifi.processors.standard.RouteText - RouteText[id=bf0f7ccb-620f-4544-b652-03cd51d8645e] Adding new dynamic property: PropertyDescriptor[simple]
[pool-2854-thread-1] INFO org.apache.nifi.processors.standard.RouteText - RouteText[id=bf0f7ccb-620f-4544-b652-03cd51d8645e] Created FlowFile[1065,100418602691794.mockFlowFile,23B] from FlowFile[1064,100418602691794.mockFlowFile,23B]; routing to relationship simple
[pool-2854-thread-1] INFO org.apache.nifi.processors.standard.RouteText - RouteText[id=bf0f7ccb-620f-4544-b652-03cd51d8645e] Routing FlowFile[1064,100418602691794.mockFlowFile,23B] to original
[main] DEBUG org.apache.nifi.processors.standard.RouteText - RouteText[id=bf0f7ccb-620f-4544-b652-03cd51d8645e] Adding new dynamic property: PropertyDescriptor[simple]
[pool-2855-thread-1] INFO org.apache.nifi.processors.standard.RouteText - RouteText[id=bf0f7ccb-620f-4544-b652-03cd51d8645e] Created FlowFile[1067,100418603110063.mockFlowFile,23B] from FlowFile[1066,100418603110063.mockFlowFile,23B]; routing to relationship simple
[pool-2855-thread-1] INFO org.apache.nifi.processors.standard.RouteText - RouteText[id=bf0f7ccb-620f-4544-b652-03cd51d8645e] Routing FlowFile[1066,100418603110063.mockFlowFile,23B] to original
[main] DEBUG org.apache.nifi.processors.standard.RouteText - RouteText[id=bf0f7ccb-620f-4544-b652-03cd51d8645e] Adding new dynamic property: PropertyDescriptor[simple]
[pool-2856-thread-1] INFO org.apache.nifi.processors.standard.RouteText - RouteText[id=bf0f7ccb-620f-4544-b652-03cd51d8645e] Created FlowFile[1069,100418603593333.mockFlowFile,23B] from FlowFile[1068,100418603593333.mockFlowFile,23B]; routing to relationship simple
[pool-2856-thread-1] INFO org.apache.nifi.processors.standard.RouteText - RouteText[id=bf0f7ccb-620f-4544-b652-03cd51d8645e] Routing FlowFile[1068,100418603593333.mockFlowFile,23B] to original
[main] DEBUG org.apache.nifi.processors.standard.RouteText - RouteText[id=bf0f7ccb-620f-4544-b652-03cd51d8645e] Adding new dynamic property: PropertyDescriptor[simple]
[pool-2857-thread-1] INFO org.apache.nifi.processors.standard.RouteText - RouteText[id=bf0f7ccb-620f-4544-b652-03cd51d8645e] Created FlowFile[1071,100418603989331.mockFlowFile,23B] from FlowFile[1070,100418603989331.mockFlowFile,23B]; routing to relationship simple
[pool-2857-thread-1] INFO org.apache.nifi.processors.standard.RouteText - RouteText[id=bf0f7ccb-620f-4544-b652-03cd51d8645e] Routing FlowFile[1070,100418603989331.mockFlowFile,23B] to original
[main] DEBUG org.apache.nifi.processors.standard.RouteText - RouteText[id=bf0f7ccb-620f-4544-b652-03cd51d8645e] Adding new dynamic property: PropertyDescriptor[simple]
[pool-2858-thread-1] INFO org.apache.nifi.processors.standard.RouteText - RouteText[id=bf0f7ccb-620f-4544-b652-03cd51d8645e] Created FlowFile[1073,100418604509532.mockFlowFile,23B] from FlowFile[1072,100418604509532.mockFlowFile,23B]; routing to relationship simple
[pool-2858-thread-1] INFO org.apache.nifi.processors.standard.RouteText - RouteText[id=bf0f7ccb-620f-4544-b652-03cd51d8645e] Routing FlowFile[1072,100418604509532.mockFlowFile,23B] to original
[main] DEBUG org.apache.nifi.processors.standard.RouteText - RouteText[id=bf0f7ccb-620f-4544-b652-03cd51d8645e] Adding new dynamic property: PropertyDescriptor[simple]
[pool-2859-thread-1] INFO org.apache.nifi.processors.standard.RouteText - RouteText[id=bf0f7ccb-620f-4544-b652-03cd51d8645e] Created FlowFile[1075,100418604949029.mockFlowFile,23B] from FlowFile[1074,100418604949029.mockFlowFile,23B]; routing to relationship simple
[pool-2859-thread-1] INFO org.apache.nifi.processors.standard.RouteText - RouteText[id=bf0f7ccb-620f-4544-b652-03cd51d8645e] Routing FlowFile[1074,100418604949029.mockFlowFile,23B] to original
[main] DEBUG org.apache.nifi.processors.standard.RouteText - RouteText[id=bf0f7ccb-620f-4544-b652-03cd51d8645e] Adding new dynamic property: PropertyDescriptor[simple]
[pool-2860-thread-1] INFO org.apache.nifi.processors.standard.RouteText - RouteText[id=bf0f7ccb-620f-4544-b652-03cd51d8645e] Created FlowFile[1077,100418605361172.mockFlowFile,23B] from FlowFile[1076,100418605361172.mockFlowFile,23B]; routing to relationship simple
[pool-2860-thread-1] INFO org.apache.nifi.processors.standard.RouteText - RouteText[id=bf0f7ccb-620f-4544-b652-03cd51d8645e] Routing FlowFile[1076,100418605361172.mockFlowFile,23B] to original
[main] DEBUG org.apache.nifi.processors.standard.RouteText - RouteText[id=bf0f7ccb-620f-4544-b652-03cd51d8645e] Adding new dynamic property: PropertyDescriptor[simple]
[pool-2861-thread-1] INFO org.apache.nifi.processors.standard.RouteText - RouteText[id=bf0f7ccb-620f-4544-b652-03cd51d8645e] Created FlowFile[1079,100418605844710.mockFlowFile,23B] from FlowFile[1078,100418605844710.mockFlowFile,23B]; routing to relationship simple
[pool-2861-thread-1] INFO org.apache.nifi.processors.standard.RouteText - RouteText[id=bf0f7ccb-620f-4544-b652-03cd51d8645e] Routing FlowFile[1078,100418605844710.mockFlowFile,23B] to original
[main] DEBUG org.apache.nifi.processors.standard.RouteText - RouteText[id=bf0f7ccb-620f-4544-b652-03cd51d8645e] Adding new dynamic property: PropertyDescriptor[simple]
[pool-2862-thread-1] INFO org.apache.nifi.processors.standard.RouteText - RouteText[id=bf0f7ccb-620f-4544-b652-03cd51d8645e] Created FlowFile[1081,100418606226966.mockFlowFile,23B] from FlowFile[1080,100418606226966.mockFlowFile,23B]; routing to relationship simple
[pool-2862-thread-1] INFO org.apache.nifi.processors.standard.RouteText - RouteText[id=bf0f7ccb-620f-4544-b652-03cd51d8645e] Routing FlowFile[1080,100418606226966.mockFlowFile,23B] to original
[main] DEBUG org.apache.nifi.processors.standard.RouteText - RouteText[id=bf0f7ccb-620f-4544-b652-03cd51d8645e] Adding new dynamic property: PropertyDescriptor[simple]
[pool-2863-thread-1] INFO org.apache.nifi.processors.standard.RouteText - RouteText[id=bf0f7ccb-620f-4544-b652-03cd51d8645e] Created FlowFile[1083,100418606694309.mockFlowFile,23B] from FlowFile[1082,100418606694309.mockFlowFile,23B]; routing to relationship simple
[pool-2863-thread-1] INFO org.apache.nifi.processors.standard.RouteText - RouteText[id=bf0f7ccb-620f-4544-b652-03cd51d8645e] Routing FlowFile[1082,100418606694309.mockFlowFile,23B] to original
[main] DEBUG org.apache.nifi.processors.standard.RouteText - RouteText[id=bf0f7ccb-620f-4544-b652-03cd51d8645e] Adding new dynamic property: PropertyDescriptor[simple]
[pool-2864-thread-1] INFO org.apache.nifi.processors.standard.RouteText - RouteText[id=bf0f7ccb-620f-4544-b652-03cd51d8645e] Created FlowFile[1085,100418607098859.mockFlowFile,23B] from FlowFile[1084,100418607098859.mockFlowFile,23B]; routing to relationship simple
[pool-2864-thread-1] INFO org.apache.nifi.processors.standard.RouteText - RouteText[id=bf0f7ccb-620f-4544-b652-03cd51d8645e] Routing FlowFile[1084,100418607098859.mockFlowFile,23B] to original
[main] DEBUG org.apache.nifi.processors.standard.RouteText - RouteText[id=bf0f7ccb-620f-4544-b652-03cd51d8645e] Adding new dynamic property: PropertyDescriptor[simple]
[pool-2865-thread-1] INFO org.apache.nifi.processors.standard.RouteText - RouteText[id=bf0f7ccb-620f-4544-b652-03cd51d8645e] Created FlowFile[1087,100418607563269.mockFlowFile,23B] from FlowFile[1086,100418607563269.mockFlowFile,23B]; routing to relationship simple
[pool-2865-thread-1] INFO org.apache.nifi.processors.standard.RouteText - RouteText[id=bf0f7ccb-620f-4544-b652-03cd51d8645e] Routing FlowFile[1086,100418607563269.mockFlowFile,23B] to original
[main] DEBUG org.apache.nifi.processors.standard.RouteText - RouteText[id=bf0f7ccb-620f-4544-b652-03cd51d8645e] Adding new dynamic property: PropertyDescriptor[simple]
[pool-2866-thread-1] INFO org.apache.nifi.processors.standard.RouteText - RouteText[id=bf0f7ccb-620f-4544-b652-03cd51d8645e] Created FlowFile[1089,100418607951275.mockFlowFile,23B] from FlowFile[1088,100418607951275.mockFlowFile,23B]; routing to relationship simple
[pool-2866-thread-1] INFO org.apache.nifi.processors.standard.RouteText - RouteText[id=bf0f7ccb-620f-4544-b652-03cd51d8645e] Routing FlowFile[1088,100418607951275.mockFlowFile,23B] to original
[main] DEBUG org.apache.nifi.processors.standard.RouteText - RouteText[id=bf0f7ccb-620f-4544-b652-03cd51d8645e] Adding new dynamic property: PropertyDescriptor[simple]
[pool-2867-thread-1] INFO org.apache.nifi.processors.standard.RouteText - RouteText[id=bf0f7ccb-620f-4544-b652-03cd51d8645e] Created FlowFile[1091,100418608482421.mockFlowFile,23B] from FlowFile[1090,100418608482421.mockFlowFile,23B]; routing to relationship simple
[pool-2867-thread-1] INFO org.apache.nifi.processors.standard.RouteText - RouteText[id=bf0f7ccb-620f-4544-b652-03cd51d8645e] Routing FlowFile[1090,100418608482421.mockFlowFile,23B] to original
[main] DEBUG org.apache.nifi.processors.standard.RouteText - RouteText[id=bf0f7ccb-620f-4544-b652-03cd51d8645e] Adding new dynamic property: PropertyDescriptor[simple]
[pool-2868-thread-1] INFO org.apache.nifi.processors.standard.RouteText - RouteText[id=bf0f7ccb-620f-4544-b652-03cd51d8645e] Created FlowFile[1093,100418608982328.mockFlowFile,23B] from FlowFile[1092,100418608982328.mockFlowFile,23B]; routing to relationship simple
[pool-2868-thread-1] INFO org.apache.nifi.processors.standard.RouteText - RouteText[id=bf0f7ccb-620f-4544-b652-03cd51d8645e] Routing FlowFile[1092,100418608982328.mockFlowFile,23B] to original
[main] DEBUG org.apache.nifi.processors.standard.RouteText - RouteText[id=bf0f7ccb-620f-4544-b652-03cd51d8645e] Adding new dynamic property: PropertyDescriptor[simple]
[pool-2869-thread-1] INFO org.apache.nifi.processors.standard.RouteText - RouteText[id=bf0f7ccb-620f-4544-b652-03cd51d8645e] Created FlowFile[1095,100418609487114.mockFlowFile,23B] from FlowFile[1094,100418609487114.mockFlowFile,23B]; routing to relationship simple
[pool-2869-thread-1] INFO org.apache.nifi.processors.standard.RouteText - RouteText[id=bf0f7ccb-620f-4544-b652-03cd51d8645e] Routing FlowFile[1094,100418609487114.mockFlowFile,23B] to original
[main] DEBUG org.apache.nifi.processors.standard.RouteText - RouteText[id=bf0f7ccb-620f-4544-b652-03cd51d8645e] Adding new dynamic property: PropertyDescriptor[simple]
[pool-2870-thread-1] INFO org.apache.nifi.processors.standard.RouteText - RouteText[id=bf0f7ccb-620f-4544-b652-03cd51d8645e] Created FlowFile[1097,100418609973115.mockFlowFile,23B] from FlowFile[1096,100418609973115.mockFlowFile,23B]; routing to relationship simple
[pool-2870-thread-1] INFO org.apache.nifi.processors.standard.RouteText - RouteText[id=bf0f7ccb-620f-4544-b652-03cd51d8645e] Routing FlowFile[1096,100418609973115.mockFlowFile,23B] to original
[main] DEBUG org.apache.nifi.processors.standard.RouteText - RouteText[id=bf0f7ccb-620f-4544-b652-03cd51d8645e] Adding new dynamic property: PropertyDescriptor[simple]
[pool-2871-thread-1] INFO org.apache.nifi.processors.standard.RouteText - RouteText[id=bf0f7ccb-620f-4544-b652-03cd51d8645e] Created FlowFile[1099,100418610368392.mockFlowFile,23B] from FlowFile[1098,100418610368392.mockFlowFile,23B]; routing to relationship simple
[pool-2871-thread-1] INFO org.apache.nifi.processors.standard.RouteText - RouteText[id=bf0f7ccb-620f-4544-b652-03cd51d8645e] Routing FlowFile[1098,100418610368392.mockFlowFile,23B] to original
[main] DEBUG org.apache.nifi.processors.standard.RouteText - RouteText[id=bf0f7ccb-620f-4544-b652-03cd51d8645e] Adding new dynamic property: PropertyDescriptor[simple]
[pool-2872-thread-1] INFO org.apache.nifi.processors.standard.RouteText - RouteText[id=bf0f7ccb-620f-4544-b652-03cd51d8645e] Created FlowFile[1101,100418610729486.mockFlowFile,23B] from FlowFile[1100,100418610729486.mockFlowFile,23B]; routing to relationship simple
[pool-2872-thread-1] INFO org.apache.nifi.processors.standard.RouteText - RouteText[id=bf0f7ccb-620f-4544-b652-03cd51d8645e] Routing FlowFile[1100,100418610729486.mockFlowFile,23B] to original
[main] DEBUG org.apache.nifi.processors.standard.RouteText - RouteText[id=bf0f7ccb-620f-4544-b652-03cd51d8645e] Adding new dynamic property: PropertyDescriptor[simple]
[pool-2873-thread-1] INFO org.apache.nifi.processors.standard.RouteText - RouteText[id=bf0f7ccb-620f-4544-b652-03cd51d8645e] Created FlowFile[1103,100418611081855.mockFlowFile,23B] from FlowFile[1102,100418611081855.mockFlowFile,23B]; routing to relationship simple
[pool-2873-thread-1] INFO org.apache.nifi.processors.standard.RouteText - RouteText[id=bf0f7ccb-620f-4544-b652-03cd51d8645e] Routing FlowFile[1102,100418611081855.mockFlowFile,23B] to original
[main] DEBUG org.apache.nifi.processors.standard.RouteText - RouteText[id=bf0f7ccb-620f-4544-b652-03cd51d8645e] Adding new dynamic property: PropertyDescriptor[simple]
[pool-2874-thread-1] INFO org.apache.nifi.processors.standard.RouteText - RouteText[id=bf0f7ccb-620f-4544-b652-03cd51d8645e] Created FlowFile[1105,100418611540634.mockFlowFile,23B] from FlowFile[1104,100418611540634.mockFlowFile,23B]; routing to relationship simple
[pool-2874-thread-1] INFO org.apache.nifi.processors.standard.RouteText - RouteText[id=bf0f7ccb-620f-4544-b652-03cd51d8645e] Routing FlowFile[1104,100418611540634.mockFlowFile,23B] to original
[main] DEBUG org.apache.nifi.processors.standard.RouteText - RouteText[id=bf0f7ccb-620f-4544-b652-03cd51d8645e] Adding new dynamic property: PropertyDescriptor[simple]
[pool-2875-thread-1] INFO org.apache.nifi.processors.standard.RouteText - RouteText[id=bf0f7ccb-620f-4544-b652-03cd51d8645e] Created FlowFile[1107,100418611909646.mockFlowFile,23B] from FlowFile[1106,100418611909646.mockFlowFile,23B]; routing to relationship simple
[pool-2875-thread-1] INFO org.apache.nifi.processors.standard.RouteText - RouteText[id=bf0f7ccb-620f-4544-b652-03cd51d8645e] Routing FlowFile[1106,100418611909646.mockFlowFile,23B] to original
[main] DEBUG org.apache.nifi.processors.standard.RouteText - RouteText[id=bf0f7ccb-620f-4544-b652-03cd51d8645e] Adding new dynamic property: PropertyDescriptor[simple]
[pool-2876-thread-1] INFO org.apache.nifi.processors.standard.RouteText - RouteText[id=bf0f7ccb-620f-4544-b652-03cd51d8645e] Created FlowFile[1109,100418612416052.mockFlowFile,23B] from FlowFile[1108,100418612416052.mockFlowFile,23B]; routing to relationship simple
[pool-2876-thread-1] INFO org.apache.nifi.processors.standard.RouteText - RouteText[id=bf0f7ccb-620f-4544-b652-03cd51d8645e] Routing FlowFile[1108,100418612416052.mockFlowFile,23B] to original
[main] DEBUG org.apache.nifi.processors.standard.RouteText - RouteText[id=bf0f7ccb-620f-4544-b652-03cd51d8645e] Adding new dynamic property: PropertyDescriptor[simple]
[pool-2877-thread-1] INFO org.apache.nifi.processors.standard.RouteText - RouteText[id=bf0f7ccb-620f-4544-b652-03cd51d8645e] Created FlowFile[1111,100418612907499.mockFlowFile,23B] from FlowFile[1110,100418612907499.mockFlowFile,23B]; routing to relationship simple
[pool-2877-thread-1] INFO org.apache.nifi.processors.standard.RouteText - RouteText[id=bf0f7ccb-620f-4544-b652-03cd51d8645e] Routing FlowFile[1110,100418612907499.mockFlowFile,23B] to original
[main] DEBUG org.apache.nifi.processors.standard.RouteText - RouteText[id=bf0f7ccb-620f-4544-b652-03cd51d8645e] Adding new dynamic property: PropertyDescriptor[simple]
[pool-2878-thread-1] INFO org.apache.nifi.processors.standard.RouteText - RouteText[id=bf0f7ccb-620f-4544-b652-03cd51d8645e] Created FlowFile[1113,100418613372504.mockFlowFile,23B] from FlowFile[1112,100418613372504.mockFlowFile,23B]; routing to relationship simple
[pool-2878-thread-1] INFO org.apache.nifi.processors.standard.RouteText - RouteText[id=bf0f7ccb-620f-4544-b652-03cd51d8645e] Routing FlowFile[1112,100418613372504.mockFlowFile,23B] to original
[main] DEBUG org.apache.nifi.processors.standard.RouteText - RouteText[id=bf0f7ccb-620f-4544-b652-03cd51d8645e] Adding new dynamic property: PropertyDescriptor[simple]
[pool-2879-thread-1] INFO org.apache.nifi.processors.standard.RouteText - RouteText[id=bf0f7ccb-620f-4544-b652-03cd51d8645e] Created FlowFile[1115,100418613802030.mockFlowFile,23B] from FlowFile[1114,100418613802030.mockFlowFile,23B]; routing to relationship simple
[pool-2879-thread-1] INFO org.apache.nifi.processors.standard.RouteText - RouteText[id=bf0f7ccb-620f-4544-b652-03cd51d8645e] Routing FlowFile[1114,100418613802030.mockFlowFile,23B] to original
[main] DEBUG org.apache.nifi.processors.standard.RouteText - RouteText[id=bf0f7ccb-620f-4544-b652-03cd51d8645e] Adding new dynamic property: PropertyDescriptor[simple]
[pool-2880-thread-1] INFO org.apache.nifi.processors.standard.RouteText - RouteText[id=bf0f7ccb-620f-4544-b652-03cd51d8645e] Created FlowFile[1117,100418614165713.mockFlowFile,23B] from FlowFile[1116,100418614165713.mockFlowFile,23B]; routing to relationship simple
[pool-2880-thread-1] INFO org.apache.nifi.processors.standard.RouteText - RouteText[id=bf0f7ccb-620f-4544-b652-03cd51d8645e] Routing FlowFile[1116,100418614165713.mockFlowFile,23B] to original
[main] DEBUG org.apache.nifi.processors.standard.RouteText - RouteText[id=bf0f7ccb-620f-4544-b652-03cd51d8645e] Adding new dynamic property: PropertyDescriptor[simple]
[pool-2881-thread-1] INFO org.apache.nifi.processors.standard.RouteText - RouteText[id=bf0f7ccb-620f-4544-b652-03cd51d8645e] Created FlowFile[1119,100418614519430.mockFlowFile,23B] from FlowFile[1118,100418614519430.mockFlowFile,23B]; routing to relationship simple
[pool-2881-thread-1] INFO org.apache.nifi.processors.standard.RouteText - RouteText[id=bf0f7ccb-620f-4544-b652-03cd51d8645e] Routing FlowFile[1118,100418614519430.mockFlowFile,23B] to original
[main] DEBUG org.apache.nifi.processors.standard.RouteText - RouteText[id=bf0f7ccb-620f-4544-b652-03cd51d8645e] Adding new dynamic property: PropertyDescriptor[simple]
[pool-2882-thread-1] INFO org.apache.nifi.processors.standard.RouteText - RouteText[id=bf0f7ccb-620f-4544-b652-03cd51d8645e] Created FlowFile[1121,100418614866863.mockFlowFile,23B] from FlowFile[1120,100418614866863.mockFlowFile,23B]; routing to relationship simple
[pool-2882-thread-1] INFO org.apache.nifi.processors.standard.RouteText - RouteText[id=bf0f7ccb-620f-4544-b652-03cd51d8645e] Routing FlowFile[1120,100418614866863.mockFlowFile,23B] to original
[main] DEBUG org.apache.nifi.processors.standard.RouteText - RouteText[id=bf0f7ccb-620f-4544-b652-03cd51d8645e] Adding new dynamic property: PropertyDescriptor[simple]
[pool-2883-thread-1] INFO org.apache.nifi.processors.standard.RouteText - RouteText[id=bf0f7ccb-620f-4544-b652-03cd51d8645e] Created FlowFile[1123,100418615275001.mockFlowFile,23B] from FlowFile[1122,100418615275001.mockFlowFile,23B]; routing to relationship simple
[pool-2883-thread-1] INFO org.apache.nifi.processors.standard.RouteText - RouteText[id=bf0f7ccb-620f-4544-b652-03cd51d8645e] Routing FlowFile[1122,100418615275001.mockFlowFile,23B] to original
[main] DEBUG org.apache.nifi.processors.standard.RouteText - RouteText[id=bf0f7ccb-620f-4544-b652-03cd51d8645e] Adding new dynamic property: PropertyDescriptor[simple]
[pool-2884-thread-1] INFO org.apache.nifi.processors.standard.RouteText - RouteText[id=bf0f7ccb-620f-4544-b652-03cd51d8645e] Created FlowFile[1125,100418615661742.mockFlowFile,23B] from FlowFile[1124,100418615661742.mockFlowFile,23B]; routing to relationship simple
[pool-2884-thread-1] INFO org.apache.nifi.processors.standard.RouteText - RouteText[id=bf0f7ccb-620f-4544-b652-03cd51d8645e] Routing FlowFile[1124,100418615661742.mockFlowFile,23B] to original
[main] DEBUG org.apache.nifi.processors.standard.RouteText - RouteText[id=bf0f7ccb-620f-4544-b652-03cd51d8645e] Adding new dynamic property: PropertyDescriptor[simple]
[pool-2885-thread-1] INFO org.apache.nifi.processors.standard.RouteText - RouteText[id=bf0f7ccb-620f-4544-b652-03cd51d8645e] Created FlowFile[1127,100418616039408.mockFlowFile,23B] from FlowFile[1126,100418616039408.mockFlowFile,23B]; routing to relationship simple
[pool-2885-thread-1] INFO org.apache.nifi.processors.standard.RouteText - RouteText[id=bf0f7ccb-620f-4544-b652-03cd51d8645e] Routing FlowFile[1126,100418616039408.mockFlowFile,23B] to original
[main] DEBUG org.apache.nifi.processors.standard.RouteText - RouteText[id=bf0f7ccb-620f-4544-b652-03cd51d8645e] Adding new dynamic property: PropertyDescriptor[simple]
[pool-2886-thread-1] INFO org.apache.nifi.processors.standard.RouteText - RouteText[id=bf0f7ccb-620f-4544-b652-03cd51d8645e] Created FlowFile[1129,100418616575414.mockFlowFile,23B] from FlowFile[1128,100418616575414.mockFlowFile,23B]; routing to relationship simple
[pool-2886-thread-1] INFO org.apache.nifi.processors.standard.RouteText - RouteText[id=bf0f7ccb-620f-4544-b652-03cd51d8645e] Routing FlowFile[1128,100418616575414.mockFlowFile,23B] to original
[main] DEBUG org.apache.nifi.processors.standard.RouteText - RouteText[id=bf0f7ccb-620f-4544-b652-03cd51d8645e] Adding new dynamic property: PropertyDescriptor[simple]
[pool-2887-thread-1] INFO org.apache.nifi.processors.standard.RouteText - RouteText[id=bf0f7ccb-620f-4544-b652-03cd51d8645e] Created FlowFile[1131,100418617036583.mockFlowFile,23B] from FlowFile[1130,100418617036583.mockFlowFile,23B]; routing to relationship simple
[pool-2887-thread-1] INFO org.apache.nifi.processors.standard.RouteText - RouteText[id=bf0f7ccb-620f-4544-b652-03cd51d8645e] Routing FlowFile[1130,100418617036583.mockFlowFile,23B] to original
[main] DEBUG org.apache.nifi.processors.standard.RouteText - RouteText[id=bf0f7ccb-620f-4544-b652-03cd51d8645e] Adding new dynamic property: PropertyDescriptor[simple]
[pool-2888-thread-1] INFO org.apache.nifi.processors.standard.RouteText - RouteText[id=bf0f7ccb-620f-4544-b652-03cd51d8645e] Created FlowFile[1133,100418617479967.mockFlowFile,23B] from FlowFile[1132,100418617479967.mockFlowFile,23B]; routing to relationship simple
[pool-2888-thread-1] INFO org.apache.nifi.processors.standard.RouteText - RouteText[id=bf0f7ccb-620f-4544-b652-03cd51d8645e] Routing FlowFile[1132,100418617479967.mockFlowFile,23B] to original
[main] DEBUG org.apache.nifi.processors.standard.RouteText - RouteText[id=bf0f7ccb-620f-4544-b652-03cd51d8645e] Adding new dynamic property: PropertyDescriptor[simple]
[pool-2889-thread-1] INFO org.apache.nifi.processors.standard.RouteText - RouteText[id=bf0f7ccb-620f-4544-b652-03cd51d8645e] Created FlowFile[1135,100418617945775.mockFlowFile,23B] from FlowFile[1134,100418617945775.mockFlowFile,23B]; routing to relationship simple
[pool-2889-thread-1] INFO org.apache.nifi.processors.standard.RouteText - RouteText[id=bf0f7ccb-620f-4544-b652-03cd51d8645e] Routing FlowFile[1134,100418617945775.mockFlowFile,23B] to original
[main] DEBUG org.apache.nifi.processors.standard.RouteText - RouteText[id=bf0f7ccb-620f-4544-b652-03cd51d8645e] Adding new dynamic property: PropertyDescriptor[simple]
[pool-2890-thread-1] INFO org.apache.nifi.processors.standard.RouteText - RouteText[id=bf0f7ccb-620f-4544-b652-03cd51d8645e] Created FlowFile[1137,100418618303157.mockFlowFile,23B] from FlowFile[1136,100418618303157.mockFlowFile,23B]; routing to relationship simple
[pool-2890-thread-1] INFO org.apache.nifi.processors.standard.RouteText - RouteText[id=bf0f7ccb-620f-4544-b652-03cd51d8645e] Routing FlowFile[1136,100418618303157.mockFlowFile,23B] to original
[main] DEBUG org.apache.nifi.processors.standard.RouteText - RouteText[id=bf0f7ccb-620f-4544-b652-03cd51d8645e] Adding new dynamic property: PropertyDescriptor[simple]
[pool-2891-thread-1] INFO org.apache.nifi.processors.standard.RouteText - RouteText[id=bf0f7ccb-620f-4544-b652-03cd51d8645e] Created FlowFile[1139,100418618640212.mockFlowFile,23B] from FlowFile[1138,100418618640212.mockFlowFile,23B]; routing to relationship simple
[pool-2891-thread-1] INFO org.apache.nifi.processors.standard.RouteText - RouteText[id=bf0f7ccb-620f-4544-b652-03cd51d8645e] Routing FlowFile[1138,100418618640212.mockFlowFile,23B] to original
[main] DEBUG org.apache.nifi.processors.standard.RouteText - RouteText[id=bf0f7ccb-620f-4544-b652-03cd51d8645e] Adding new dynamic property: PropertyDescriptor[simple]
[pool-2892-thread-1] INFO org.apache.nifi.processors.standard.RouteText - RouteText[id=bf0f7ccb-620f-4544-b652-03cd51d8645e] Created FlowFile[1141,100418618977622.mockFlowFile,23B] from FlowFile[1140,100418618977622.mockFlowFile,23B]; routing to relationship simple
[pool-2892-thread-1] INFO org.apache.nifi.processors.standard.RouteText - RouteText[id=bf0f7ccb-620f-4544-b652-03cd51d8645e] Routing FlowFile[1140,100418618977622.mockFlowFile,23B] to original
[main] DEBUG org.apache.nifi.processors.standard.RouteText - RouteText[id=bf0f7ccb-620f-4544-b652-03cd51d8645e] Adding new dynamic property: PropertyDescriptor[simple]
[pool-2893-thread-1] INFO org.apache.nifi.processors.standard.RouteText - RouteText[id=bf0f7ccb-620f-4544-b652-03cd51d8645e] Created FlowFile[1143,100418619392555.mockFlowFile,23B] from FlowFile[1142,100418619392555.mockFlowFile,23B]; routing to relationship simple
[pool-2893-thread-1] INFO org.apache.nifi.processors.standard.RouteText - RouteText[id=bf0f7ccb-620f-4544-b652-03cd51d8645e] Routing FlowFile[1142,100418619392555.mockFlowFile,23B] to original
[main] DEBUG org.apache.nifi.processors.standard.RouteText - RouteText[id=bf0f7ccb-620f-4544-b652-03cd51d8645e] Adding new dynamic property: PropertyDescriptor[simple]
[pool-2894-thread-1] INFO org.apache.nifi.processors.standard.RouteText - RouteText[id=bf0f7ccb-620f-4544-b652-03cd51d8645e] Created FlowFile[1145,100418619781482.mockFlowFile,23B] from FlowFile[1144,100418619781482.mockFlowFile,23B]; routing to relationship simple
[pool-2894-thread-1] INFO org.apache.nifi.processors.standard.RouteText - RouteText[id=bf0f7ccb-620f-4544-b652-03cd51d8645e] Routing FlowFile[1144,100418619781482.mockFlowFile,23B] to original
[main] DEBUG org.apache.nifi.processors.standard.RouteText - RouteText[id=bf0f7ccb-620f-4544-b652-03cd51d8645e] Adding new dynamic property: PropertyDescriptor[simple]
[pool-2895-thread-1] INFO org.apache.nifi.processors.standard.RouteText - RouteText[id=bf0f7ccb-620f-4544-b652-03cd51d8645e] Created FlowFile[1147,100418620290799.mockFlowFile,23B] from FlowFile[1146,100418620290799.mockFlowFile,23B]; routing to relationship simple
[pool-2895-thread-1] INFO org.apache.nifi.processors.standard.RouteText - RouteText[id=bf0f7ccb-620f-4544-b652-03cd51d8645e] Routing FlowFile[1146,100418620290799.mockFlowFile,23B] to original
[main] DEBUG org.apache.nifi.processors.standard.RouteText - RouteText[id=bf0f7ccb-620f-4544-b652-03cd51d8645e] Adding new dynamic property: PropertyDescriptor[simple]
[pool-2896-thread-1] INFO org.apache.nifi.processors.standard.RouteText - RouteText[id=bf0f7ccb-620f-4544-b652-03cd51d8645e] Created FlowFile[1149,100418620920735.mockFlowFile,23B] from FlowFile[1148,100418620920735.mockFlowFile,23B]; routing to relationship simple
[pool-2896-thread-1] INFO org.apache.nifi.processors.standard.RouteText - RouteText[id=bf0f7ccb-620f-4544-b652-03cd51d8645e] Routing FlowFile[1148,100418620920735.mockFlowFile,23B] to original
[main] DEBUG org.apache.nifi.processors.standard.RouteText - RouteText[id=bf0f7ccb-620f-4544-b652-03cd51d8645e] Adding new dynamic property: PropertyDescriptor[simple]
[pool-2897-thread-1] INFO org.apache.nifi.processors.standard.RouteText - RouteText[id=bf0f7ccb-620f-4544-b652-03cd51d8645e] Created FlowFile[1151,100418621362025.mockFlowFile,23B] from FlowFile[1150,100418621362025.mockFlowFile,23B]; routing to relationship simple
[pool-2897-thread-1] INFO org.apache.nifi.processors.standard.RouteText - RouteText[id=bf0f7ccb-620f-4544-b652-03cd51d8645e] Routing FlowFile[1150,100418621362025.mockFlowFile,23B] to original
[main] DEBUG org.apache.nifi.processors.standard.RouteText - RouteText[id=bf0f7ccb-620f-4544-b652-03cd51d8645e] Adding new dynamic property: PropertyDescriptor[simple]
[pool-2898-thread-1] INFO org.apache.nifi.processors.standard.RouteText - RouteText[id=bf0f7ccb-620f-4544-b652-03cd51d8645e] Created FlowFile[1153,100418621807939.mockFlowFile,23B] from FlowFile[1152,100418621807939.mockFlowFile,23B]; routing to relationship simple
[pool-2898-thread-1] INFO org.apache.nifi.processors.standard.RouteText - RouteText[id=bf0f7ccb-620f-4544-b652-03cd51d8645e] Routing FlowFile[1152,100418621807939.mockFlowFile,23B] to original
[main] DEBUG org.apache.nifi.processors.standard.RouteText - RouteText[id=bf0f7ccb-620f-4544-b652-03cd51d8645e] Adding new dynamic property: PropertyDescriptor[simple]
[pool-2899-thread-1] INFO org.apache.nifi.processors.standard.RouteText - RouteText[id=bf0f7ccb-620f-4544-b652-03cd51d8645e] Created FlowFile[1155,100418622147130.mockFlowFile,23B] from FlowFile[1154,100418622147130.mockFlowFile,23B]; routing to relationship simple
[pool-2899-thread-1] INFO org.apache.nifi.processors.standard.RouteText - RouteText[id=bf0f7ccb-620f-4544-b652-03cd51d8645e] Routing FlowFile[1154,100418622147130.mockFlowFile,23B] to original
[main] DEBUG org.apache.nifi.processors.standard.RouteText - RouteText[id=bf0f7ccb-620f-4544-b652-03cd51d8645e] Adding new dynamic property: PropertyDescriptor[simple]
[pool-2900-thread-1] INFO org.apache.nifi.processors.standard.RouteText - RouteText[id=bf0f7ccb-620f-4544-b652-03cd51d8645e] Created FlowFile[1157,100418622467887.mockFlowFile,23B] from FlowFile[1156,100418622467887.mockFlowFile,23B]; routing to relationship simple
[pool-2900-thread-1] INFO org.apache.nifi.processors.standard.RouteText - RouteText[id=bf0f7ccb-620f-4544-b652-03cd51d8645e] Routing FlowFile[1156,100418622467887.mockFlowFile,23B] to original
[main] DEBUG org.apache.nifi.processors.standard.RouteText - RouteText[id=bf0f7ccb-620f-4544-b652-03cd51d8645e] Adding new dynamic property: PropertyDescriptor[simple]
[pool-2901-thread-1] INFO org.apache.nifi.processors.standard.RouteText - RouteText[id=bf0f7ccb-620f-4544-b652-03cd51d8645e] Created FlowFile[1159,100418622765067.mockFlowFile,23B] from FlowFile[1158,100418622765067.mockFlowFile,23B]; routing to relationship simple
[pool-2901-thread-1] INFO org.apache.nifi.processors.standard.RouteText - RouteText[id=bf0f7ccb-620f-4544-b652-03cd51d8645e] Routing FlowFile[1158,100418622765067.mockFlowFile,23B] to original
[main] DEBUG org.apache.nifi.processors.standard.RouteText - RouteText[id=bf0f7ccb-620f-4544-b652-03cd51d8645e] Adding new dynamic property: PropertyDescriptor[simple]
[pool-2902-thread-1] INFO org.apache.nifi.processors.standard.RouteText - RouteText[id=bf0f7ccb-620f-4544-b652-03cd51d8645e] Created FlowFile[1161,100418623106757.mockFlowFile,23B] from FlowFile[1160,100418623106757.mockFlowFile,23B]; routing to relationship simple
[pool-2902-thread-1] INFO org.apache.nifi.processors.standard.RouteText - RouteText[id=bf0f7ccb-620f-4544-b652-03cd51d8645e] Routing FlowFile[1160,100418623106757.mockFlowFile,23B] to original
[main] DEBUG org.apache.nifi.processors.standard.RouteText - RouteText[id=bf0f7ccb-620f-4544-b652-03cd51d8645e] Adding new dynamic property: PropertyDescriptor[simple]
[pool-2903-thread-1] INFO org.apache.nifi.processors.standard.RouteText - RouteText[id=bf0f7ccb-620f-4544-b652-03cd51d8645e] Created FlowFile[1163,100418623535213.mockFlowFile,23B] from FlowFile[1162,100418623535213.mockFlowFile,23B]; routing to relationship simple
[pool-2903-thread-1] INFO org.apache.nifi.processors.standard.RouteText - RouteText[id=bf0f7ccb-620f-4544-b652-03cd51d8645e] Routing FlowFile[1162,100418623535213.mockFlowFile,23B] to original
[main] DEBUG org.apache.nifi.processors.standard.RouteText - RouteText[id=bf0f7ccb-620f-4544-b652-03cd51d8645e] Adding new dynamic property: PropertyDescriptor[simple]
[pool-2904-thread-1] INFO org.apache.nifi.processors.standard.RouteText - RouteText[id=bf0f7ccb-620f-4544-b652-03cd51d8645e] Created FlowFile[1165,100418623852843.mockFlowFile,23B] from FlowFile[1164,100418623852843.mockFlowFile,23B]; routing to relationship simple
[pool-2904-thread-1] INFO org.apache.nifi.processors.standard.RouteText - RouteText[id=bf0f7ccb-620f-4544-b652-03cd51d8645e] Routing FlowFile[1164,100418623852843.mockFlowFile,23B] to original
[main] DEBUG org.apache.nifi.processors.standard.RouteText - RouteText[id=bf0f7ccb-620f-4544-b652-03cd51d8645e] Adding new dynamic property: PropertyDescriptor[simple]
[pool-2905-thread-1] INFO org.apache.nifi.processors.standard.RouteText - RouteText[id=bf0f7ccb-620f-4544-b652-03cd51d8645e] Created FlowFile[1167,100418624122603.mockFlowFile,23B] from FlowFile[1166,100418624122603.mockFlowFile,23B]; routing to relationship simple
[pool-2905-thread-1] INFO org.apache.nifi.processors.standard.RouteText - RouteText[id=bf0f7ccb-620f-4544-b652-03cd51d8645e] Routing FlowFile[1166,100418624122603.mockFlowFile,23B] to original
[main] DEBUG org.apache.nifi.processors.standard.RouteText - RouteText[id=bf0f7ccb-620f-4544-b652-03cd51d8645e] Adding new dynamic property: PropertyDescriptor[simple]
[pool-2906-thread-1] INFO org.apache.nifi.processors.standard.RouteText - RouteText[id=bf0f7ccb-620f-4544-b652-03cd51d8645e] Created FlowFile[1169,100418624426341.mockFlowFile,23B] from FlowFile[1168,100418624426341.mockFlowFile,23B]; routing to relationship simple
[pool-2906-thread-1] INFO org.apache.nifi.processors.standard.RouteText - RouteText[id=bf0f7ccb-620f-4544-b652-03cd51d8645e] Routing FlowFile[1168,100418624426341.mockFlowFile,23B] to original
[main] DEBUG org.apache.nifi.processors.standard.RouteText - RouteText[id=bf0f7ccb-620f-4544-b652-03cd51d8645e] Adding new dynamic property: PropertyDescriptor[simple]
[pool-2907-thread-1] INFO org.apache.nifi.processors.standard.RouteText - RouteText[id=bf0f7ccb-620f-4544-b652-03cd51d8645e] Created FlowFile[1171,100418624694094.mockFlowFile,23B] from FlowFile[1170,100418624694094.mockFlowFile,23B]; routing to relationship simple
[pool-2907-thread-1] INFO org.apache.nifi.processors.standard.RouteText - RouteText[id=bf0f7ccb-620f-4544-b652-03cd51d8645e] Routing FlowFile[1170,100418624694094.mockFlowFile,23B] to original
[main] DEBUG org.apache.nifi.processors.standard.RouteText - RouteText[id=bf0f7ccb-620f-4544-b652-03cd51d8645e] Adding new dynamic property: PropertyDescriptor[simple]
[pool-2908-thread-1] INFO org.apache.nifi.processors.standard.RouteText - RouteText[id=bf0f7ccb-620f-4544-b652-03cd51d8645e] Created FlowFile[1173,100418624949191.mockFlowFile,23B] from FlowFile[1172,100418624949191.mockFlowFile,23B]; routing to relationship simple
[pool-2908-thread-1] INFO org.apache.nifi.processors.standard.RouteText - RouteText[id=bf0f7ccb-620f-4544-b652-03cd51d8645e] Routing FlowFile[1172,100418624949191.mockFlowFile,23B] to original
[main] DEBUG org.apache.nifi.processors.standard.RouteText - RouteText[id=bf0f7ccb-620f-4544-b652-03cd51d8645e] Adding new dynamic property: PropertyDescriptor[simple]
[pool-2909-thread-1] INFO org.apache.nifi.processors.standard.RouteText - RouteText[id=bf0f7ccb-620f-4544-b652-03cd51d8645e] Created FlowFile[1175,100418625189912.mockFlowFile,23B] from FlowFile[1174,100418625189912.mockFlowFile,23B]; routing to relationship simple
[pool-2909-thread-1] INFO org.apache.nifi.processors.standard.RouteText - RouteText[id=bf0f7ccb-620f-4544-b652-03cd51d8645e] Routing FlowFile[1174,100418625189912.mockFlowFile,23B] to original
[main] DEBUG org.apache.nifi.processors.standard.RouteText - RouteText[id=bf0f7ccb-620f-4544-b652-03cd51d8645e] Adding new dynamic property: PropertyDescriptor[simple]
[pool-2910-thread-1] INFO org.apache.nifi.processors.standard.RouteText - RouteText[id=bf0f7ccb-620f-4544-b652-03cd51d8645e] Created FlowFile[1177,100418625431541.mockFlowFile,23B] from FlowFile[1176,100418625431541.mockFlowFile,23B]; routing to relationship simple
[pool-2910-thread-1] INFO org.apache.nifi.processors.standard.RouteText - RouteText[id=bf0f7ccb-620f-4544-b652-03cd51d8645e] Routing FlowFile[1176,100418625431541.mockFlowFile,23B] to original
[main] DEBUG org.apache.nifi.processors.standard.RouteText - RouteText[id=bf0f7ccb-620f-4544-b652-03cd51d8645e] Adding new dynamic property: PropertyDescriptor[simple]
[pool-2911-thread-1] INFO org.apache.nifi.processors.standard.RouteText - RouteText[id=bf0f7ccb-620f-4544-b652-03cd51d8645e] Created FlowFile[1179,100418625755863.mockFlowFile,23B] from FlowFile[1178,100418625755863.mockFlowFile,23B]; routing to relationship simple
[pool-2911-thread-1] INFO org.apache.nifi.processors.standard.RouteText - RouteText[id=bf0f7ccb-620f-4544-b652-03cd51d8645e] Routing FlowFile[1178,100418625755863.mockFlowFile,23B] to original
[main] DEBUG org.apache.nifi.processors.standard.RouteText - RouteText[id=bf0f7ccb-620f-4544-b652-03cd51d8645e] Adding new dynamic property: PropertyDescriptor[simple]
[pool-2912-thread-1] INFO org.apache.nifi.processors.standard.RouteText - RouteText[id=bf0f7ccb-620f-4544-b652-03cd51d8645e] Created FlowFile[1181,100418626048762.mockFlowFile,23B] from FlowFile[1180,100418626048762.mockFlowFile,23B]; routing to relationship simple
[pool-2912-thread-1] INFO org.apache.nifi.processors.standard.RouteText - RouteText[id=bf0f7ccb-620f-4544-b652-03cd51d8645e] Routing FlowFile[1180,100418626048762.mockFlowFile,23B] to original
[main] DEBUG org.apache.nifi.processors.standard.RouteText - RouteText[id=bf0f7ccb-620f-4544-b652-03cd51d8645e] Adding new dynamic property: PropertyDescriptor[simple]
[pool-2913-thread-1] INFO org.apache.nifi.processors.standard.RouteText - RouteText[id=bf0f7ccb-620f-4544-b652-03cd51d8645e] Created FlowFile[1183,100418626295234.mockFlowFile,23B] from FlowFile[1182,100418626295234.mockFlowFile,23B]; routing to relationship simple
[pool-2913-thread-1] INFO org.apache.nifi.processors.standard.RouteText - RouteText[id=bf0f7ccb-620f-4544-b652-03cd51d8645e] Routing FlowFile[1182,100418626295234.mockFlowFile,23B] to original
[main] DEBUG org.apache.nifi.processors.standard.RouteText - RouteText[id=bf0f7ccb-620f-4544-b652-03cd51d8645e] Adding new dynamic property: PropertyDescriptor[simple]
[pool-2914-thread-1] INFO org.apache.nifi.processors.standard.RouteText - RouteText[id=bf0f7ccb-620f-4544-b652-03cd51d8645e] Created FlowFile[1185,100418626580630.mockFlowFile,23B] from FlowFile[1184,100418626580630.mockFlowFile,23B]; routing to relationship simple
[pool-2914-thread-1] INFO org.apache.nifi.processors.standard.RouteText - RouteText[id=bf0f7ccb-620f-4544-b652-03cd51d8645e] Routing FlowFile[1184,100418626580630.mockFlowFile,23B] to original
[main] DEBUG org.apache.nifi.processors.standard.RouteText - RouteText[id=bf0f7ccb-620f-4544-b652-03cd51d8645e] Adding new dynamic property: PropertyDescriptor[simple]
[pool-2915-thread-1] INFO org.apache.nifi.processors.standard.RouteText - RouteText[id=bf0f7ccb-620f-4544-b652-03cd51d8645e] Created FlowFile[1187,100418626839699.mockFlowFile,23B] from FlowFile[1186,100418626839699.mockFlowFile,23B]; routing to relationship simple
[pool-2915-thread-1] INFO org.apache.nifi.processors.standard.RouteText - RouteText[id=bf0f7ccb-620f-4544-b652-03cd51d8645e] Routing FlowFile[1186,100418626839699.mockFlowFile,23B] to original
[main] DEBUG org.apache.nifi.processors.standard.RouteText - RouteText[id=bf0f7ccb-620f-4544-b652-03cd51d8645e] Adding new dynamic property: PropertyDescriptor[simple]
[pool-2916-thread-1] INFO org.apache.nifi.processors.standard.RouteText - RouteText[id=bf0f7ccb-620f-4544-b652-03cd51d8645e] Created FlowFile[1189,100418627088658.mockFlowFile,23B] from FlowFile[1188,100418627088658.mockFlowFile,23B]; routing to relationship simple
[pool-2916-thread-1] INFO org.apache.nifi.processors.standard.RouteText - RouteText[id=bf0f7ccb-620f-4544-b652-03cd51d8645e] Routing FlowFile[1188,100418627088658.mockFlowFile,23B] to original
[main] DEBUG org.apache.nifi.processors.standard.RouteText - RouteText[id=bf0f7ccb-620f-4544-b652-03cd51d8645e] Adding new dynamic property: PropertyDescriptor[simple]
[pool-2917-thread-1] INFO org.apache.nifi.processors.standard.RouteText - RouteText[id=bf0f7ccb-620f-4544-b652-03cd51d8645e] Created FlowFile[1191,100418627426348.mockFlowFile,23B] from FlowFile[1190,100418627426348.mockFlowFile,23B]; routing to relationship simple
[pool-2917-thread-1] INFO org.apache.nifi.processors.standard.RouteText - RouteText[id=bf0f7ccb-620f-4544-b652-03cd51d8645e] Routing FlowFile[1190,100418627426348.mockFlowFile,23B] to original
[main] DEBUG org.apache.nifi.processors.standard.RouteText - RouteText[id=bf0f7ccb-620f-4544-b652-03cd51d8645e] Adding new dynamic property: PropertyDescriptor[simple]
[pool-2918-thread-1] INFO org.apache.nifi.processors.standard.RouteText - RouteText[id=bf0f7ccb-620f-4544-b652-03cd51d8645e] Created FlowFile[1193,100418627667247.mockFlowFile,23B] from FlowFile[1192,100418627667247.mockFlowFile,23B]; routing to relationship simple
[pool-2918-thread-1] INFO org.apache.nifi.processors.standard.RouteText - RouteText[id=bf0f7ccb-620f-4544-b652-03cd51d8645e] Routing FlowFile[1192,100418627667247.mockFlowFile,23B] to original
[main] DEBUG org.apache.nifi.processors.standard.RouteText - RouteText[id=bf0f7ccb-620f-4544-b652-03cd51d8645e] Adding new dynamic property: PropertyDescriptor[simple]
[pool-2919-thread-1] INFO org.apache.nifi.processors.standard.RouteText - RouteText[id=bf0f7ccb-620f-4544-b652-03cd51d8645e] Created FlowFile[1195,100418627906585.mockFlowFile,23B] from FlowFile[1194,100418627906585.mockFlowFile,23B]; routing to relationship simple
[pool-2919-thread-1] INFO org.apache.nifi.processors.standard.RouteText - RouteText[id=bf0f7ccb-620f-4544-b652-03cd51d8645e] Routing FlowFile[1194,100418627906585.mockFlowFile,23B] to original
[main] DEBUG org.apache.nifi.processors.standard.RouteText - RouteText[id=bf0f7ccb-620f-4544-b652-03cd51d8645e] Adding new dynamic property: PropertyDescriptor[simple]
[pool-2920-thread-1] INFO org.apache.nifi.processors.standard.RouteText - RouteText[id=bf0f7ccb-620f-4544-b652-03cd51d8645e] Created FlowFile[1197,100418628248991.mockFlowFile,23B] from FlowFile[1196,100418628248991.mockFlowFile,23B]; routing to relationship simple
[pool-2920-thread-1] INFO org.apache.nifi.processors.standard.RouteText - RouteText[id=bf0f7ccb-620f-4544-b652-03cd51d8645e] Routing FlowFile[1196,100418628248991.mockFlowFile,23B] to original
[main] DEBUG org.apache.nifi.processors.standard.RouteText - RouteText[id=bf0f7ccb-620f-4544-b652-03cd51d8645e] Adding new dynamic property: PropertyDescriptor[simple]
[pool-2921-thread-1] INFO org.apache.nifi.processors.standard.RouteText - RouteText[id=bf0f7ccb-620f-4544-b652-03cd51d8645e] Created FlowFile[1199,100418628605458.mockFlowFile,23B] from FlowFile[1198,100418628605458.mockFlowFile,23B]; routing to relationship simple
[pool-2921-thread-1] INFO org.apache.nifi.processors.standard.RouteText - RouteText[id=bf0f7ccb-620f-4544-b652-03cd51d8645e] Routing FlowFile[1198,100418628605458.mockFlowFile,23B] to original
[main] DEBUG org.apache.nifi.processors.standard.RouteText - RouteText[id=bf0f7ccb-620f-4544-b652-03cd51d8645e] Adding new dynamic property: PropertyDescriptor[simple]
[pool-2922-thread-1] INFO org.apache.nifi.processors.standard.RouteText - RouteText[id=bf0f7ccb-620f-4544-b652-03cd51d8645e] Created FlowFile[1201,100418628948889.mockFlowFile,23B] from FlowFile[1200,100418628948889.mockFlowFile,23B]; routing to relationship simple
[pool-2922-thread-1] INFO org.apache.nifi.processors.standard.RouteText - RouteText[id=bf0f7ccb-620f-4544-b652-03cd51d8645e] Routing FlowFile[1200,100418628948889.mockFlowFile,23B] to original
[main] DEBUG org.apache.nifi.processors.standard.RouteText - RouteText[id=bf0f7ccb-620f-4544-b652-03cd51d8645e] Adding new dynamic property: PropertyDescriptor[simple]
[pool-2923-thread-1] INFO org.apache.nifi.processors.standard.RouteText - RouteText[id=bf0f7ccb-620f-4544-b652-03cd51d8645e] Created FlowFile[1203,100418629232240.mockFlowFile,23B] from FlowFile[1202,100418629232240.mockFlowFile,23B]; routing to relationship simple
[pool-2923-thread-1] INFO org.apache.nifi.processors.standard.RouteText - RouteText[id=bf0f7ccb-620f-4544-b652-03cd51d8645e] Routing FlowFile[1202,100418629232240.mockFlowFile,23B] to original
[main] DEBUG org.apache.nifi.processors.standard.RouteText - RouteText[id=bf0f7ccb-620f-4544-b652-03cd51d8645e] Adding new dynamic property: PropertyDescriptor[simple]
[pool-2924-thread-1] INFO org.apache.nifi.processors.standard.RouteText - RouteText[id=bf0f7ccb-620f-4544-b652-03cd51d8645e] Created FlowFile[1205,100418629474177.mockFlowFile,23B] from FlowFile[1204,100418629474177.mockFlowFile,23B]; routing to relationship simple
[pool-2924-thread-1] INFO org.apache.nifi.processors.standard.RouteText - RouteText[id=bf0f7ccb-620f-4544-b652-03cd51d8645e] Routing FlowFile[1204,100418629474177.mockFlowFile,23B] to original
[main] DEBUG org.apache.nifi.processors.standard.RouteText - RouteText[id=bf0f7ccb-620f-4544-b652-03cd51d8645e] Adding new dynamic property: PropertyDescriptor[simple]
[pool-2925-thread-1] INFO org.apache.nifi.processors.standard.RouteText - RouteText[id=bf0f7ccb-620f-4544-b652-03cd51d8645e] Created FlowFile[1207,100418629772827.mockFlowFile,23B] from FlowFile[1206,100418629772827.mockFlowFile,23B]; routing to relationship simple
[pool-2925-thread-1] INFO org.apache.nifi.processors.standard.RouteText - RouteText[id=bf0f7ccb-620f-4544-b652-03cd51d8645e] Routing FlowFile[1206,100418629772827.mockFlowFile,23B] to original
[main] DEBUG org.apache.nifi.processors.standard.RouteText - RouteText[id=bf0f7ccb-620f-4544-b652-03cd51d8645e] Adding new dynamic property: PropertyDescriptor[simple]
[pool-2926-thread-1] INFO org.apache.nifi.processors.standard.RouteText - RouteText[id=bf0f7ccb-620f-4544-b652-03cd51d8645e] Created FlowFile[1209,100418630108657.mockFlowFile,23B] from FlowFile[1208,100418630108657.mockFlowFile,23B]; routing to relationship simple
[pool-2926-thread-1] INFO org.apache.nifi.processors.standard.RouteText - RouteText[id=bf0f7ccb-620f-4544-b652-03cd51d8645e] Routing FlowFile[1208,100418630108657.mockFlowFile,23B] to original
[main] DEBUG org.apache.nifi.processors.standard.RouteText - RouteText[id=bf0f7ccb-620f-4544-b652-03cd51d8645e] Adding new dynamic property: PropertyDescriptor[simple]
[pool-2927-thread-1] INFO org.apache.nifi.processors.standard.RouteText - RouteText[id=bf0f7ccb-620f-4544-b652-03cd51d8645e] Created FlowFile[1211,100418630479327.mockFlowFile,23B] from FlowFile[1210,100418630479327.mockFlowFile,23B]; routing to relationship simple
[pool-2927-thread-1] INFO org.apache.nifi.processors.standard.RouteText - RouteText[id=bf0f7ccb-620f-4544-b652-03cd51d8645e] Routing FlowFile[1210,100418630479327.mockFlowFile,23B] to original
[main] DEBUG org.apache.nifi.processors.standard.RouteText - RouteText[id=bf0f7ccb-620f-4544-b652-03cd51d8645e] Adding new dynamic property: PropertyDescriptor[simple]
[pool-2928-thread-1] INFO org.apache.nifi.processors.standard.RouteText - RouteText[id=bf0f7ccb-620f-4544-b652-03cd51d8645e] Created FlowFile[1213,100418630840609.mockFlowFile,23B] from FlowFile[1212,100418630840609.mockFlowFile,23B]; routing to relationship simple
[pool-2928-thread-1] INFO org.apache.nifi.processors.standard.RouteText - RouteText[id=bf0f7ccb-620f-4544-b652-03cd51d8645e] Routing FlowFile[1212,100418630840609.mockFlowFile,23B] to original
[main] DEBUG org.apache.nifi.processors.standard.RouteText - RouteText[id=bf0f7ccb-620f-4544-b652-03cd51d8645e] Adding new dynamic property: PropertyDescriptor[simple]
[pool-2929-thread-1] INFO org.apache.nifi.processors.standard.RouteText - RouteText[id=bf0f7ccb-620f-4544-b652-03cd51d8645e] Created FlowFile[1215,100418631253755.mockFlowFile,23B] from FlowFile[1214,100418631253755.mockFlowFile,23B]; routing to relationship simple
[pool-2929-thread-1] INFO org.apache.nifi.processors.standard.RouteText - RouteText[id=bf0f7ccb-620f-4544-b652-03cd51d8645e] Routing FlowFile[1214,100418631253755.mockFlowFile,23B] to original
[main] DEBUG org.apache.nifi.processors.standard.RouteText - RouteText[id=bf0f7ccb-620f-4544-b652-03cd51d8645e] Adding new dynamic property: PropertyDescriptor[simple]
[pool-2930-thread-1] INFO org.apache.nifi.processors.standard.RouteText - RouteText[id=bf0f7ccb-620f-4544-b652-03cd51d8645e] Created FlowFile[1217,100418631610155.mockFlowFile,23B] from FlowFile[1216,100418631610155.mockFlowFile,23B]; routing to relationship simple
[pool-2930-thread-1] INFO org.apache.nifi.processors.standard.RouteText - RouteText[id=bf0f7ccb-620f-4544-b652-03cd51d8645e] Routing FlowFile[1216,100418631610155.mockFlowFile,23B] to original
[main] DEBUG org.apache.nifi.processors.standard.RouteText - RouteText[id=bf0f7ccb-620f-4544-b652-03cd51d8645e] Adding new dynamic property: PropertyDescriptor[simple]
[pool-2931-thread-1] INFO org.apache.nifi.processors.standard.RouteText - RouteText[id=bf0f7ccb-620f-4544-b652-03cd51d8645e] Created FlowFile[1219,100418631971583.mockFlowFile,23B] from FlowFile[1218,100418631971583.mockFlowFile,23B]; routing to relationship simple
[pool-2931-thread-1] INFO org.apache.nifi.processors.standard.RouteText - RouteText[id=bf0f7ccb-620f-4544-b652-03cd51d8645e] Routing FlowFile[1218,100418631971583.mockFlowFile,23B] to original
[main] DEBUG org.apache.nifi.processors.standard.RouteText - RouteText[id=bf0f7ccb-620f-4544-b652-03cd51d8645e] Adding new dynamic property: PropertyDescriptor[simple]
[pool-2932-thread-1] INFO org.apache.nifi.processors.standard.RouteText - RouteText[id=bf0f7ccb-620f-4544-b652-03cd51d8645e] Created FlowFile[1221,100418632473139.mockFlowFile,23B] from FlowFile[1220,100418632473139.mockFlowFile,23B]; routing to relationship simple
[pool-2932-thread-1] INFO org.apache.nifi.processors.standard.RouteText - RouteText[id=bf0f7ccb-620f-4544-b652-03cd51d8645e] Routing FlowFile[1220,100418632473139.mockFlowFile,23B] to original
[main] DEBUG org.apache.nifi.processors.standard.RouteText - RouteText[id=bf0f7ccb-620f-4544-b652-03cd51d8645e] Adding new dynamic property: PropertyDescriptor[simple]
[pool-2933-thread-1] INFO org.apache.nifi.processors.standard.RouteText - RouteText[id=bf0f7ccb-620f-4544-b652-03cd51d8645e] Created FlowFile[1223,100418632928764.mockFlowFile,23B] from FlowFile[1222,100418632928764.mockFlowFile,23B]; routing to relationship simple
[pool-2933-thread-1] INFO org.apache.nifi.processors.standard.RouteText - RouteText[id=bf0f7ccb-620f-4544-b652-03cd51d8645e] Routing FlowFile[1222,100418632928764.mockFlowFile,23B] to original
[main] DEBUG org.apache.nifi.processors.standard.RouteText - RouteText[id=bf0f7ccb-620f-4544-b652-03cd51d8645e] Adding new dynamic property: PropertyDescriptor[simple]
[pool-2934-thread-1] INFO org.apache.nifi.processors.standard.RouteText - RouteText[id=bf0f7ccb-620f-4544-b652-03cd51d8645e] Created FlowFile[1225,100418633370262.mockFlowFile,23B] from FlowFile[1224,100418633370262.mockFlowFile,23B]; routing to relationship simple
[pool-2934-thread-1] INFO org.apache.nifi.processors.standard.RouteText - RouteText[id=bf0f7ccb-620f-4544-b652-03cd51d8645e] Routing FlowFile[1224,100418633370262.mockFlowFile,23B] to original
[main] DEBUG org.apache.nifi.processors.standard.RouteText - RouteText[id=bf0f7ccb-620f-4544-b652-03cd51d8645e] Adding new dynamic property: PropertyDescriptor[simple]
[pool-2935-thread-1] INFO org.apache.nifi.processors.standard.RouteText - RouteText[id=bf0f7ccb-620f-4544-b652-03cd51d8645e] Created FlowFile[1227,100418633767820.mockFlowFile,23B] from FlowFile[1226,100418633767820.mockFlowFile,23B]; routing to relationship simple
[pool-2935-thread-1] INFO org.apache.nifi.processors.standard.RouteText - RouteText[id=bf0f7ccb-620f-4544-b652-03cd51d8645e] Routing FlowFile[1226,100418633767820.mockFlowFile,23B] to original
[main] DEBUG org.apache.nifi.processors.standard.RouteText - RouteText[id=bf0f7ccb-620f-4544-b652-03cd51d8645e] Adding new dynamic property: PropertyDescriptor[simple]
[pool-2936-thread-1] INFO org.apache.nifi.processors.standard.RouteText - RouteText[id=bf0f7ccb-620f-4544-b652-03cd51d8645e] Created FlowFile[1229,100418634141551.mockFlowFile,23B] from FlowFile[1228,100418634141551.mockFlowFile,23B]; routing to relationship simple
[pool-2936-thread-1] INFO org.apache.nifi.processors.standard.RouteText - RouteText[id=bf0f7ccb-620f-4544-b652-03cd51d8645e] Routing FlowFile[1228,100418634141551.mockFlowFile,23B] to original
[main] DEBUG org.apache.nifi.processors.standard.RouteText - RouteText[id=bf0f7ccb-620f-4544-b652-03cd51d8645e] Adding new dynamic property: PropertyDescriptor[simple]
[pool-2937-thread-1] INFO org.apache.nifi.processors.standard.RouteText - RouteText[id=bf0f7ccb-620f-4544-b652-03cd51d8645e] Created FlowFile[1231,100418634424806.mockFlowFile,23B] from FlowFile[1230,100418634424806.mockFlowFile,23B]; routing to relationship simple
[pool-2937-thread-1] INFO org.apache.nifi.processors.standard.RouteText - RouteText[id=bf0f7ccb-620f-4544-b652-03cd51d8645e] Routing FlowFile[1230,100418634424806.mockFlowFile,23B] to original
[main] DEBUG org.apache.nifi.processors.standard.RouteText - RouteText[id=bf0f7ccb-620f-4544-b652-03cd51d8645e] Adding new dynamic property: PropertyDescriptor[simple]
[pool-2938-thread-1] INFO org.apache.nifi.processors.standard.RouteText - RouteText[id=bf0f7ccb-620f-4544-b652-03cd51d8645e] Created FlowFile[1233,100418634722128.mockFlowFile,23B] from FlowFile[1232,100418634722128.mockFlowFile,23B]; routing to relationship simple
[pool-2938-thread-1] INFO org.apache.nifi.processors.standard.RouteText - RouteText[id=bf0f7ccb-620f-4544-b652-03cd51d8645e] Routing FlowFile[1232,100418634722128.mockFlowFile,23B] to original
[main] DEBUG org.apache.nifi.processors.standard.RouteText - RouteText[id=bf0f7ccb-620f-4544-b652-03cd51d8645e] Adding new dynamic property: PropertyDescriptor[simple]
[pool-2939-thread-1] INFO org.apache.nifi.processors.standard.RouteText - RouteText[id=bf0f7ccb-620f-4544-b652-03cd51d8645e] Created FlowFile[1235,100418635015607.mockFlowFile,23B] from FlowFile[1234,100418635015607.mockFlowFile,23B]; routing to relationship simple
[pool-2939-thread-1] INFO org.apache.nifi.processors.standard.RouteText - RouteText[id=bf0f7ccb-620f-4544-b652-03cd51d8645e] Routing FlowFile[1234,100418635015607.mockFlowFile,23B] to original
[main] DEBUG org.apache.nifi.processors.standard.RouteText - RouteText[id=bf0f7ccb-620f-4544-b652-03cd51d8645e] Adding new dynamic property: PropertyDescriptor[simple]
[pool-2940-thread-1] INFO org.apache.nifi.processors.standard.RouteText - RouteText[id=bf0f7ccb-620f-4544-b652-03cd51d8645e] Created FlowFile[1237,100418635407080.mockFlowFile,23B] from FlowFile[1236,100418635407080.mockFlowFile,23B]; routing to relationship simple
[pool-2940-thread-1] INFO org.apache.nifi.processors.standard.RouteText - RouteText[id=bf0f7ccb-620f-4544-b652-03cd51d8645e] Routing FlowFile[1236,100418635407080.mockFlowFile,23B] to original
[main] DEBUG org.apache.nifi.processors.standard.RouteText - RouteText[id=bf0f7ccb-620f-4544-b652-03cd51d8645e] Adding new dynamic property: PropertyDescriptor[simple]
[pool-2941-thread-1] INFO org.apache.nifi.processors.standard.RouteText - RouteText[id=bf0f7ccb-620f-4544-b652-03cd51d8645e] Created FlowFile[1239,100418635772577.mockFlowFile,23B] from FlowFile[1238,100418635772577.mockFlowFile,23B]; routing to relationship simple
[pool-2941-thread-1] INFO org.apache.nifi.processors.standard.RouteText - RouteText[id=bf0f7ccb-620f-4544-b652-03cd51d8645e] Routing FlowFile[1238,100418635772577.mockFlowFile,23B] to original
[main] DEBUG org.apache.nifi.processors.standard.RouteText - RouteText[id=bf0f7ccb-620f-4544-b652-03cd51d8645e] Adding new dynamic property: PropertyDescriptor[simple]
[pool-2942-thread-1] INFO org.apache.nifi.processors.standard.RouteText - RouteText[id=bf0f7ccb-620f-4544-b652-03cd51d8645e] Created FlowFile[1241,100418636261680.mockFlowFile,23B] from FlowFile[1240,100418636261680.mockFlowFile,23B]; routing to relationship simple
[pool-2942-thread-1] INFO org.apache.nifi.processors.standard.RouteText - RouteText[id=bf0f7ccb-620f-4544-b652-03cd51d8645e] Routing FlowFile[1240,100418636261680.mockFlowFile,23B] to original
[main] DEBUG org.apache.nifi.processors.standard.RouteText - RouteText[id=bf0f7ccb-620f-4544-b652-03cd51d8645e] Adding new dynamic property: PropertyDescriptor[simple]
[pool-2943-thread-1] INFO org.apache.nifi.processors.standard.RouteText - RouteText[id=bf0f7ccb-620f-4544-b652-03cd51d8645e] Created FlowFile[1243,100418636759812.mockFlowFile,23B] from FlowFile[1242,100418636759812.mockFlowFile,23B]; routing to relationship simple
[pool-2943-thread-1] INFO org.apache.nifi.processors.standard.RouteText - RouteText[id=bf0f7ccb-620f-4544-b652-03cd51d8645e] Routing FlowFile[1242,100418636759812.mockFlowFile,23B] to original
[main] DEBUG org.apache.nifi.processors.standard.RouteText - RouteText[id=bf0f7ccb-620f-4544-b652-03cd51d8645e] Adding new dynamic property: PropertyDescriptor[simple]
[pool-2944-thread-1] INFO org.apache.nifi.processors.standard.RouteText - RouteText[id=bf0f7ccb-620f-4544-b652-03cd51d8645e] Created FlowFile[1245,100418637251911.mockFlowFile,23B] from FlowFile[1244,100418637251911.mockFlowFile,23B]; routing to relationship simple
[pool-2944-thread-1] INFO org.apache.nifi.processors.standard.RouteText - RouteText[id=bf0f7ccb-620f-4544-b652-03cd51d8645e] Routing FlowFile[1244,100418637251911.mockFlowFile,23B] to original
[main] DEBUG org.apache.nifi.processors.standard.RouteText - RouteText[id=bf0f7ccb-620f-4544-b652-03cd51d8645e] Adding new dynamic property: PropertyDescriptor[simple]
[pool-2945-thread-1] INFO org.apache.nifi.processors.standard.RouteText - RouteText[id=bf0f7ccb-620f-4544-b652-03cd51d8645e] Created FlowFile[1247,100418637759281.mockFlowFile,23B] from FlowFile[1246,100418637759281.mockFlowFile,23B]; routing to relationship simple
[pool-2945-thread-1] INFO org.apache.nifi.processors.standard.RouteText - RouteText[id=bf0f7ccb-620f-4544-b652-03cd51d8645e] Routing FlowFile[1246,100418637759281.mockFlowFile,23B] to original
[main] DEBUG org.apache.nifi.processors.standard.RouteText - RouteText[id=bf0f7ccb-620f-4544-b652-03cd51d8645e] Adding new dynamic property: PropertyDescriptor[simple]
[pool-2946-thread-1] INFO org.apache.nifi.processors.standard.RouteText - RouteText[id=bf0f7ccb-620f-4544-b652-03cd51d8645e] Created FlowFile[1249,100418638164605.mockFlowFile,23B] from FlowFile[1248,100418638164605.mockFlowFile,23B]; routing to relationship simple
[pool-2946-thread-1] INFO org.apache.nifi.processors.standard.RouteText - RouteText[id=bf0f7ccb-620f-4544-b652-03cd51d8645e] Routing FlowFile[1248,100418638164605.mockFlowFile,23B] to original
[main] DEBUG org.apache.nifi.processors.standard.RouteText - RouteText[id=bf0f7ccb-620f-4544-b652-03cd51d8645e] Adding new dynamic property: PropertyDescriptor[simple]
[pool-2947-thread-1] INFO org.apache.nifi.processors.standard.RouteText - RouteText[id=bf0f7ccb-620f-4544-b652-03cd51d8645e] Created FlowFile[1251,100418638592280.mockFlowFile,23B] from FlowFile[1250,100418638592280.mockFlowFile,23B]; routing to relationship simple
[pool-2947-thread-1] INFO org.apache.nifi.processors.standard.RouteText - RouteText[id=bf0f7ccb-620f-4544-b652-03cd51d8645e] Routing FlowFile[1250,100418638592280.mockFlowFile,23B] to original
[main] DEBUG org.apache.nifi.processors.standard.RouteText - RouteText[id=bf0f7ccb-620f-4544-b652-03cd51d8645e] Adding new dynamic property: PropertyDescriptor[simple]
[pool-2948-thread-1] INFO org.apache.nifi.processors.standard.RouteText - RouteText[id=bf0f7ccb-620f-4544-b652-03cd51d8645e] Created FlowFile[1253,100418638998314.mockFlowFile,23B] from FlowFile[1252,100418638998314.mockFlowFile,23B]; routing to relationship simple
[pool-2948-thread-1] INFO org.apache.nifi.processors.standard.RouteText - RouteText[id=bf0f7ccb-620f-4544-b652-03cd51d8645e] Routing FlowFile[1252,100418638998314.mockFlowFile,23B] to original
[main] DEBUG org.apache.nifi.processors.standard.RouteText - RouteText[id=bf0f7ccb-620f-4544-b652-03cd51d8645e] Adding new dynamic property: PropertyDescriptor[simple]
[pool-2949-thread-1] INFO org.apache.nifi.processors.standard.RouteText - RouteText[id=bf0f7ccb-620f-4544-b652-03cd51d8645e] Created FlowFile[1255,100418639540499.mockFlowFile,23B] from FlowFile[1254,100418639540499.mockFlowFile,23B]; routing to relationship simple
[pool-2949-thread-1] INFO org.apache.nifi.processors.standard.RouteText - RouteText[id=bf0f7ccb-620f-4544-b652-03cd51d8645e] Routing FlowFile[1254,100418639540499.mockFlowFile,23B] to original
[main] DEBUG org.apache.nifi.processors.standard.RouteText - RouteText[id=bf0f7ccb-620f-4544-b652-03cd51d8645e] Adding new dynamic property: PropertyDescriptor[simple]
[pool-2950-thread-1] INFO org.apache.nifi.processors.standard.RouteText - RouteText[id=bf0f7ccb-620f-4544-b652-03cd51d8645e] Created FlowFile[1257,100418639954504.mockFlowFile,23B] from FlowFile[1256,100418639954504.mockFlowFile,23B]; routing to relationship simple
[pool-2950-thread-1] INFO org.apache.nifi.processors.standard.RouteText - RouteText[id=bf0f7ccb-620f-4544-b652-03cd51d8645e] Routing FlowFile[1256,100418639954504.mockFlowFile,23B] to original
[main] DEBUG org.apache.nifi.processors.standard.RouteText - RouteText[id=bf0f7ccb-620f-4544-b652-03cd51d8645e] Adding new dynamic property: PropertyDescriptor[simple]
[pool-2951-thread-1] INFO org.apache.nifi.processors.standard.RouteText - RouteText[id=bf0f7ccb-620f-4544-b652-03cd51d8645e] Created FlowFile[1259,100418640495513.mockFlowFile,23B] from FlowFile[1258,100418640495513.mockFlowFile,23B]; routing to relationship simple
[pool-2951-thread-1] INFO org.apache.nifi.processors.standard.RouteText - RouteText[id=bf0f7ccb-620f-4544-b652-03cd51d8645e] Routing FlowFile[1258,100418640495513.mockFlowFile,23B] to original
[main] DEBUG org.apache.nifi.processors.standard.RouteText - RouteText[id=bf0f7ccb-620f-4544-b652-03cd51d8645e] Adding new dynamic property: PropertyDescriptor[simple]
[pool-2952-thread-1] INFO org.apache.nifi.processors.standard.RouteText - RouteText[id=bf0f7ccb-620f-4544-b652-03cd51d8645e] Created FlowFile[1261,100418640994405.mockFlowFile,23B] from FlowFile[1260,100418640994405.mockFlowFile,23B]; routing to relationship simple
[pool-2952-thread-1] INFO org.apache.nifi.processors.standard.RouteText - RouteText[id=bf0f7ccb-620f-4544-b652-03cd51d8645e] Routing FlowFile[1260,100418640994405.mockFlowFile,23B] to original
[main] DEBUG org.apache.nifi.processors.standard.RouteText - RouteText[id=bf0f7ccb-620f-4544-b652-03cd51d8645e] Adding new dynamic property: PropertyDescriptor[simple]
[pool-2953-thread-1] INFO org.apache.nifi.processors.standard.RouteText - RouteText[id=bf0f7ccb-620f-4544-b652-03cd51d8645e] Created FlowFile[1263,100418641462416.mockFlowFile,23B] from FlowFile[1262,100418641462416.mockFlowFile,23B]; routing to relationship simple
[pool-2953-thread-1] INFO org.apache.nifi.processors.standard.RouteText - RouteText[id=bf0f7ccb-620f-4544-b652-03cd51d8645e] Routing FlowFile[1262,100418641462416.mockFlowFile,23B] to original
[main] DEBUG org.apache.nifi.processors.standard.RouteText - RouteText[id=bf0f7ccb-620f-4544-b652-03cd51d8645e] Adding new dynamic property: PropertyDescriptor[simple]
[pool-2954-thread-1] INFO org.apache.nifi.processors.standard.RouteText - RouteText[id=bf0f7ccb-620f-4544-b652-03cd51d8645e] Created FlowFile[1265,100418641881431.mockFlowFile,23B] from FlowFile[1264,100418641881431.mockFlowFile,23B]; routing to relationship simple
[pool-2954-thread-1] INFO org.apache.nifi.processors.standard.RouteText - RouteText[id=bf0f7ccb-620f-4544-b652-03cd51d8645e] Routing FlowFile[1264,100418641881431.mockFlowFile,23B] to original
[main] DEBUG org.apache.nifi.processors.standard.RouteText - RouteText[id=bf0f7ccb-620f-4544-b652-03cd51d8645e] Adding new dynamic property: PropertyDescriptor[simple]
[pool-2955-thread-1] INFO org.apache.nifi.processors.standard.RouteText - RouteText[id=bf0f7ccb-620f-4544-b652-03cd51d8645e] Created FlowFile[1267,100418642264873.mockFlowFile,23B] from FlowFile[1266,100418642264873.mockFlowFile,23B]; routing to relationship simple
[pool-2955-thread-1] INFO org.apache.nifi.processors.standard.RouteText - RouteText[id=bf0f7ccb-620f-4544-b652-03cd51d8645e] Routing FlowFile[1266,100418642264873.mockFlowFile,23B] to original
[main] DEBUG org.apache.nifi.processors.standard.RouteText - RouteText[id=bf0f7ccb-620f-4544-b652-03cd51d8645e] Adding new dynamic property: PropertyDescriptor[simple]
[pool-2956-thread-1] INFO org.apache.nifi.processors.standard.RouteText - RouteText[id=bf0f7ccb-620f-4544-b652-03cd51d8645e] Created FlowFile[1269,100418642637328.mockFlowFile,23B] from FlowFile[1268,100418642637328.mockFlowFile,23B]; routing to relationship simple
[pool-2956-thread-1] INFO org.apache.nifi.processors.standard.RouteText - RouteText[id=bf0f7ccb-620f-4544-b652-03cd51d8645e] Routing FlowFile[1268,100418642637328.mockFlowFile,23B] to original
[main] DEBUG org.apache.nifi.processors.standard.RouteText - RouteText[id=bf0f7ccb-620f-4544-b652-03cd51d8645e] Adding new dynamic property: PropertyDescriptor[simple]
[pool-2957-thread-1] INFO org.apache.nifi.processors.standard.RouteText - RouteText[id=bf0f7ccb-620f-4544-b652-03cd51d8645e] Created FlowFile[1271,100418643001035.mockFlowFile,23B] from FlowFile[1270,100418643001035.mockFlowFile,23B]; routing to relationship simple
[pool-2957-thread-1] INFO org.apache.nifi.processors.standard.RouteText - RouteText[id=bf0f7ccb-620f-4544-b652-03cd51d8645e] Routing FlowFile[1270,100418643001035.mockFlowFile,23B] to original
[main] DEBUG org.apache.nifi.processors.standard.RouteText - RouteText[id=bf0f7ccb-620f-4544-b652-03cd51d8645e] Adding new dynamic property: PropertyDescriptor[simple]
[pool-2958-thread-1] INFO org.apache.nifi.processors.standard.RouteText - RouteText[id=bf0f7ccb-620f-4544-b652-03cd51d8645e] Created FlowFile[1273,100418643492981.mockFlowFile,23B] from FlowFile[1272,100418643492981.mockFlowFile,23B]; routing to relationship simple
[pool-2958-thread-1] INFO org.apache.nifi.processors.standard.RouteText - RouteText[id=bf0f7ccb-620f-4544-b652-03cd51d8645e] Routing FlowFile[1272,100418643492981.mockFlowFile,23B] to original
[main] DEBUG org.apache.nifi.processors.standard.RouteText - RouteText[id=bf0f7ccb-620f-4544-b652-03cd51d8645e] Adding new dynamic property: PropertyDescriptor[simple]
[pool-2959-thread-1] INFO org.apache.nifi.processors.standard.RouteText - RouteText[id=bf0f7ccb-620f-4544-b652-03cd51d8645e] Created FlowFile[1275,100418643996491.mockFlowFile,23B] from FlowFile[1274,100418643996491.mockFlowFile,23B]; routing to relationship simple
[pool-2959-thread-1] INFO org.apache.nifi.processors.standard.RouteText - RouteText[id=bf0f7ccb-620f-4544-b652-03cd51d8645e] Routing FlowFile[1274,100418643996491.mockFlowFile,23B] to original
[main] DEBUG org.apache.nifi.processors.standard.RouteText - RouteText[id=bf0f7ccb-620f-4544-b652-03cd51d8645e] Adding new dynamic property: PropertyDescriptor[simple]
[pool-2960-thread-1] INFO org.apache.nifi.processors.standard.RouteText - RouteText[id=bf0f7ccb-620f-4544-b652-03cd51d8645e] Created FlowFile[1277,100418644649602.mockFlowFile,23B] from FlowFile[1276,100418644649602.mockFlowFile,23B]; routing to relationship simple
[pool-2960-thread-1] INFO org.apache.nifi.processors.standard.RouteText - RouteText[id=bf0f7ccb-620f-4544-b652-03cd51d8645e] Routing FlowFile[1276,100418644649602.mockFlowFile,23B] to original
[main] DEBUG org.apache.nifi.processors.standard.RouteText - RouteText[id=bf0f7ccb-620f-4544-b652-03cd51d8645e] Adding new dynamic property: PropertyDescriptor[simple]
[pool-2961-thread-1] INFO org.apache.nifi.processors.standard.RouteText - RouteText[id=bf0f7ccb-620f-4544-b652-03cd51d8645e] Created FlowFile[1279,100418645104233.mockFlowFile,23B] from FlowFile[1278,100418645104233.mockFlowFile,23B]; routing to relationship simple
[pool-2961-thread-1] INFO org.apache.nifi.processors.standard.RouteText - RouteText[id=bf0f7ccb-620f-4544-b652-03cd51d8645e] Routing FlowFile[1278,100418645104233.mockFlowFile,23B] to original
[main] DEBUG org.apache.nifi.processors.standard.RouteText - RouteText[id=bf0f7ccb-620f-4544-b652-03cd51d8645e] Adding new dynamic property: PropertyDescriptor[simple]
[pool-2962-thread-1] INFO org.apache.nifi.processors.standard.RouteText - RouteText[id=bf0f7ccb-620f-4544-b652-03cd51d8645e] Created FlowFile[1281,100418645564055.mockFlowFile,23B] from FlowFile[1280,100418645564055.mockFlowFile,23B]; routing to relationship simple
[pool-2962-thread-1] INFO org.apache.nifi.processors.standard.RouteText - RouteText[id=bf0f7ccb-620f-4544-b652-03cd51d8645e] Routing FlowFile[1280,100418645564055.mockFlowFile,23B] to original
[main] DEBUG org.apache.nifi.processors.standard.RouteText - RouteText[id=bf0f7ccb-620f-4544-b652-03cd51d8645e] Adding new dynamic property: PropertyDescriptor[simple]
[pool-2963-thread-1] INFO org.apache.nifi.processors.standard.RouteText - RouteText[id=bf0f7ccb-620f-4544-b652-03cd51d8645e] Created FlowFile[1283,100418646001465.mockFlowFile,23B] from FlowFile[1282,100418646001465.mockFlowFile,23B]; routing to relationship simple
[pool-2963-thread-1] INFO org.apache.nifi.processors.standard.RouteText - RouteText[id=bf0f7ccb-620f-4544-b652-03cd51d8645e] Routing FlowFile[1282,100418646001465.mockFlowFile,23B] to original
[main] DEBUG org.apache.nifi.processors.standard.RouteText - RouteText[id=bf0f7ccb-620f-4544-b652-03cd51d8645e] Adding new dynamic property: PropertyDescriptor[simple]
[pool-2964-thread-1] INFO org.apache.nifi.processors.standard.RouteText - RouteText[id=bf0f7ccb-620f-4544-b652-03cd51d8645e] Created FlowFile[1285,100418646420782.mockFlowFile,23B] from FlowFile[1284,100418646420782.mockFlowFile,23B]; routing to relationship simple
[pool-2964-thread-1] INFO org.apache.nifi.processors.standard.RouteText - RouteText[id=bf0f7ccb-620f-4544-b652-03cd51d8645e] Routing FlowFile[1284,100418646420782.mockFlowFile,23B] to original
[main] DEBUG org.apache.nifi.processors.standard.RouteText - RouteText[id=bf0f7ccb-620f-4544-b652-03cd51d8645e] Adding new dynamic property: PropertyDescriptor[simple]
[pool-2965-thread-1] INFO org.apache.nifi.processors.standard.RouteText - RouteText[id=bf0f7ccb-620f-4544-b652-03cd51d8645e] Created FlowFile[1287,100418646831565.mockFlowFile,23B] from FlowFile[1286,100418646831565.mockFlowFile,23B]; routing to relationship simple
[pool-2965-thread-1] INFO org.apache.nifi.processors.standard.RouteText - RouteText[id=bf0f7ccb-620f-4544-b652-03cd51d8645e] Routing FlowFile[1286,100418646831565.mockFlowFile,23B] to original
[main] DEBUG org.apache.nifi.processors.standard.RouteText - RouteText[id=bf0f7ccb-620f-4544-b652-03cd51d8645e] Adding new dynamic property: PropertyDescriptor[simple]
[pool-2966-thread-1] INFO org.apache.nifi.processors.standard.RouteText - RouteText[id=bf0f7ccb-620f-4544-b652-03cd51d8645e] Created FlowFile[1289,100418647237174.mockFlowFile,23B] from FlowFile[1288,100418647237174.mockFlowFile,23B]; routing to relationship simple
[pool-2966-thread-1] INFO org.apache.nifi.processors.standard.RouteText - RouteText[id=bf0f7ccb-620f-4544-b652-03cd51d8645e] Routing FlowFile[1288,100418647237174.mockFlowFile,23B] to original
[main] DEBUG org.apache.nifi.processors.standard.RouteText - RouteText[id=bf0f7ccb-620f-4544-b652-03cd51d8645e] Adding new dynamic property: PropertyDescriptor[simple]
[pool-2967-thread-1] INFO org.apache.nifi.processors.standard.RouteText - RouteText[id=bf0f7ccb-620f-4544-b652-03cd51d8645e] Created FlowFile[1291,100418647646221.mockFlowFile,23B] from FlowFile[1290,100418647646221.mockFlowFile,23B]; routing to relationship simple
[pool-2967-thread-1] INFO org.apache.nifi.processors.standard.RouteText - RouteText[id=bf0f7ccb-620f-4544-b652-03cd51d8645e] Routing FlowFile[1290,100418647646221.mockFlowFile,23B] to original
[main] DEBUG org.apache.nifi.processors.standard.RouteText - RouteText[id=bf0f7ccb-620f-4544-b652-03cd51d8645e] Adding new dynamic property: PropertyDescriptor[simple]
[pool-2968-thread-1] INFO org.apache.nifi.processors.standard.RouteText - RouteText[id=bf0f7ccb-620f-4544-b652-03cd51d8645e] Created FlowFile[1293,100418648060270.mockFlowFile,23B] from FlowFile[1292,100418648060270.mockFlowFile,23B]; routing to relationship simple
[pool-2968-thread-1] INFO org.apache.nifi.processors.standard.RouteText - RouteText[id=bf0f7ccb-620f-4544-b652-03cd51d8645e] Routing FlowFile[1292,100418648060270.mockFlowFile,23B] to original
[main] DEBUG org.apache.nifi.processors.standard.RouteText - RouteText[id=bf0f7ccb-620f-4544-b652-03cd51d8645e] Adding new dynamic property: PropertyDescriptor[simple]
[pool-2969-thread-1] INFO org.apache.nifi.processors.standard.RouteText - RouteText[id=bf0f7ccb-620f-4544-b652-03cd51d8645e] Created FlowFile[1295,100418648549689.mockFlowFile,23B] from FlowFile[1294,100418648549689.mockFlowFile,23B]; routing to relationship simple
[pool-2969-thread-1] INFO org.apache.nifi.processors.standard.RouteText - RouteText[id=bf0f7ccb-620f-4544-b652-03cd51d8645e] Routing FlowFile[1294,100418648549689.mockFlowFile,23B] to original
[main] DEBUG org.apache.nifi.processors.standard.RouteText - RouteText[id=bf0f7ccb-620f-4544-b652-03cd51d8645e] Adding new dynamic property: PropertyDescriptor[simple]
[pool-2970-thread-1] INFO org.apache.nifi.processors.standard.RouteText - RouteText[id=bf0f7ccb-620f-4544-b652-03cd51d8645e] Created FlowFile[1297,100418649022523.mockFlowFile,23B] from FlowFile[1296,100418649022523.mockFlowFile,23B]; routing to relationship simple
[pool-2970-thread-1] INFO org.apache.nifi.processors.standard.RouteText - RouteText[id=bf0f7ccb-620f-4544-b652-03cd51d8645e] Routing FlowFile[1296,100418649022523.mockFlowFile,23B] to original
[main] DEBUG org.apache.nifi.processors.standard.RouteText - RouteText[id=bf0f7ccb-620f-4544-b652-03cd51d8645e] Adding new dynamic property: PropertyDescriptor[simple]
[pool-2971-thread-1] INFO org.apache.nifi.processors.standard.RouteText - RouteText[id=bf0f7ccb-620f-4544-b652-03cd51d8645e] Created FlowFile[1299,100418649493329.mockFlowFile,23B] from FlowFile[1298,100418649493329.mockFlowFile,23B]; routing to relationship simple
[pool-2971-thread-1] INFO org.apache.nifi.processors.standard.RouteText - RouteText[id=bf0f7ccb-620f-4544-b652-03cd51d8645e] Routing FlowFile[1298,100418649493329.mockFlowFile,23B] to original
[main] DEBUG org.apache.nifi.processors.standard.RouteText - RouteText[id=bf0f7ccb-620f-4544-b652-03cd51d8645e] Adding new dynamic property: PropertyDescriptor[simple]
[pool-2972-thread-1] INFO org.apache.nifi.processors.standard.RouteText - RouteText[id=bf0f7ccb-620f-4544-b652-03cd51d8645e] Created FlowFile[1301,100418649921977.mockFlowFile,23B] from FlowFile[1300,100418649921977.mockFlowFile,23B]; routing to relationship simple
[pool-2972-thread-1] INFO org.apache.nifi.processors.standard.RouteText - RouteText[id=bf0f7ccb-620f-4544-b652-03cd51d8645e] Routing FlowFile[1300,100418649921977.mockFlowFile,23B] to original
[main] DEBUG org.apache.nifi.processors.standard.RouteText - RouteText[id=bf0f7ccb-620f-4544-b652-03cd51d8645e] Adding new dynamic property: PropertyDescriptor[simple]
[pool-2973-thread-1] INFO org.apache.nifi.processors.standard.RouteText - RouteText[id=bf0f7ccb-620f-4544-b652-03cd51d8645e] Created FlowFile[1303,100418650311509.mockFlowFile,23B] from FlowFile[1302,100418650311509.mockFlowFile,23B]; routing to relationship simple
[pool-2973-thread-1] INFO org.apache.nifi.processors.standard.RouteText - RouteText[id=bf0f7ccb-620f-4544-b652-03cd51d8645e] Routing FlowFile[1302,100418650311509.mockFlowFile,23B] to original
[main] DEBUG org.apache.nifi.processors.standard.RouteText - RouteText[id=bf0f7ccb-620f-4544-b652-03cd51d8645e] Adding new dynamic property: PropertyDescriptor[simple]
[pool-2974-thread-1] INFO org.apache.nifi.processors.standard.RouteText - RouteText[id=bf0f7ccb-620f-4544-b652-03cd51d8645e] Created FlowFile[1305,100418650689472.mockFlowFile,23B] from FlowFile[1304,100418650689472.mockFlowFile,23B]; routing to relationship simple
[pool-2974-thread-1] INFO org.apache.nifi.processors.standard.RouteText - RouteText[id=bf0f7ccb-620f-4544-b652-03cd51d8645e] Routing FlowFile[1304,100418650689472.mockFlowFile,23B] to original
[main] DEBUG org.apache.nifi.processors.standard.RouteText - RouteText[id=bf0f7ccb-620f-4544-b652-03cd51d8645e] Adding new dynamic property: PropertyDescriptor[simple]
[pool-2975-thread-1] INFO org.apache.nifi.processors.standard.RouteText - RouteText[id=bf0f7ccb-620f-4544-b652-03cd51d8645e] Created FlowFile[1307,100418651059492.mockFlowFile,23B] from FlowFile[1306,100418651059492.mockFlowFile,23B]; routing to relationship simple
[pool-2975-thread-1] INFO org.apache.nifi.processors.standard.RouteText - RouteText[id=bf0f7ccb-620f-4544-b652-03cd51d8645e] Routing FlowFile[1306,100418651059492.mockFlowFile,23B] to original
[main] DEBUG org.apache.nifi.processors.standard.RouteText - RouteText[id=bf0f7ccb-620f-4544-b652-03cd51d8645e] Adding new dynamic property: PropertyDescriptor[simple]
[pool-2976-thread-1] INFO org.apache.nifi.processors.standard.RouteText - RouteText[id=bf0f7ccb-620f-4544-b652-03cd51d8645e] Created FlowFile[1309,100418651543176.mockFlowFile,23B] from FlowFile[1308,100418651543176.mockFlowFile,23B]; routing to relationship simple
[pool-2976-thread-1] INFO org.apache.nifi.processors.standard.RouteText - RouteText[id=bf0f7ccb-620f-4544-b652-03cd51d8645e] Routing FlowFile[1308,100418651543176.mockFlowFile,23B] to original
[main] DEBUG org.apache.nifi.processors.standard.RouteText - RouteText[id=bf0f7ccb-620f-4544-b652-03cd51d8645e] Adding new dynamic property: PropertyDescriptor[simple]
[pool-2977-thread-1] INFO org.apache.nifi.processors.standard.RouteText - RouteText[id=bf0f7ccb-620f-4544-b652-03cd51d8645e] Created FlowFile[1311,100418651888806.mockFlowFile,23B] from FlowFile[1310,100418651888806.mockFlowFile,23B]; routing to relationship simple
[pool-2977-thread-1] INFO org.apache.nifi.processors.standard.RouteText - RouteText[id=bf0f7ccb-620f-4544-b652-03cd51d8645e] Routing FlowFile[1310,100418651888806.mockFlowFile,23B] to original
[main] DEBUG org.apache.nifi.processors.standard.RouteText - RouteText[id=bf0f7ccb-620f-4544-b652-03cd51d8645e] Adding new dynamic property: PropertyDescriptor[simple]
[pool-2978-thread-1] INFO org.apache.nifi.processors.standard.RouteText - RouteText[id=bf0f7ccb-620f-4544-b652-03cd51d8645e] Created FlowFile[1313,100418652347890.mockFlowFile,23B] from FlowFile[1312,100418652347890.mockFlowFile,23B]; routing to relationship simple
[pool-2978-thread-1] INFO org.apache.nifi.processors.standard.RouteText - RouteText[id=bf0f7ccb-620f-4544-b652-03cd51d8645e] Routing FlowFile[1312,100418652347890.mockFlowFile,23B] to original
[main] DEBUG org.apache.nifi.processors.standard.RouteText - RouteText[id=bf0f7ccb-620f-4544-b652-03cd51d8645e] Adding new dynamic property: PropertyDescriptor[simple]
[pool-2979-thread-1] INFO org.apache.nifi.processors.standard.RouteText - RouteText[id=bf0f7ccb-620f-4544-b652-03cd51d8645e] Created FlowFile[1315,100418652769431.mockFlowFile,23B] from FlowFile[1314,100418652769431.mockFlowFile,23B]; routing to relationship simple
[pool-2979-thread-1] INFO org.apache.nifi.processors.standard.RouteText - RouteText[id=bf0f7ccb-620f-4544-b652-03cd51d8645e] Routing FlowFile[1314,100418652769431.mockFlowFile,23B] to original
[main] DEBUG org.apache.nifi.processors.standard.RouteText - RouteText[id=bf0f7ccb-620f-4544-b652-03cd51d8645e] Adding new dynamic property: PropertyDescriptor[simple]
[pool-2980-thread-1] INFO org.apache.nifi.processors.standard.RouteText - RouteText[id=bf0f7ccb-620f-4544-b652-03cd51d8645e] Created FlowFile[1317,100418653195590.mockFlowFile,23B] from FlowFile[1316,100418653195590.mockFlowFile,23B]; routing to relationship simple
[pool-2980-thread-1] INFO org.apache.nifi.processors.standard.RouteText - RouteText[id=bf0f7ccb-620f-4544-b652-03cd51d8645e] Routing FlowFile[1316,100418653195590.mockFlowFile,23B] to original
[main] DEBUG org.apache.nifi.processors.standard.RouteText - RouteText[id=bf0f7ccb-620f-4544-b652-03cd51d8645e] Adding new dynamic property: PropertyDescriptor[simple]
[pool-2981-thread-1] INFO org.apache.nifi.processors.standard.RouteText - RouteText[id=bf0f7ccb-620f-4544-b652-03cd51d8645e] Created FlowFile[1319,100418653538486.mockFlowFile,23B] from FlowFile[1318,100418653538486.mockFlowFile,23B]; routing to relationship simple
[pool-2981-thread-1] INFO org.apache.nifi.processors.standard.RouteText - RouteText[id=bf0f7ccb-620f-4544-b652-03cd51d8645e] Routing FlowFile[1318,100418653538486.mockFlowFile,23B] to original
[main] DEBUG org.apache.nifi.processors.standard.RouteText - RouteText[id=bf0f7ccb-620f-4544-b652-03cd51d8645e] Adding new dynamic property: PropertyDescriptor[simple]
[pool-2982-thread-1] INFO org.apache.nifi.processors.standard.RouteText - RouteText[id=bf0f7ccb-620f-4544-b652-03cd51d8645e] Created FlowFile[1321,100418653894699.mockFlowFile,23B] from FlowFile[1320,100418653894699.mockFlowFile,23B]; routing to relationship simple
[pool-2982-thread-1] INFO org.apache.nifi.processors.standard.RouteText - RouteText[id=bf0f7ccb-620f-4544-b652-03cd51d8645e] Routing FlowFile[1320,100418653894699.mockFlowFile,23B] to original
[main] DEBUG org.apache.nifi.processors.standard.RouteText - RouteText[id=bf0f7ccb-620f-4544-b652-03cd51d8645e] Adding new dynamic property: PropertyDescriptor[simple]
[pool-2983-thread-1] INFO org.apache.nifi.processors.standard.RouteText - RouteText[id=bf0f7ccb-620f-4544-b652-03cd51d8645e] Created FlowFile[1323,100418654175991.mockFlowFile,23B] from FlowFile[1322,100418654175991.mockFlowFile,23B]; routing to relationship simple
[pool-2983-thread-1] INFO org.apache.nifi.processors.standard.RouteText - RouteText[id=bf0f7ccb-620f-4544-b652-03cd51d8645e] Routing FlowFile[1322,100418654175991.mockFlowFile,23B] to original
[main] DEBUG org.apache.nifi.processors.standard.RouteText - RouteText[id=bf0f7ccb-620f-4544-b652-03cd51d8645e] Adding new dynamic property: PropertyDescriptor[simple]
[pool-2984-thread-1] INFO org.apache.nifi.processors.standard.RouteText - RouteText[id=bf0f7ccb-620f-4544-b652-03cd51d8645e] Created FlowFile[1325,100418654430621.mockFlowFile,23B] from FlowFile[1324,100418654430621.mockFlowFile,23B]; routing to relationship simple
[pool-2984-thread-1] INFO org.apache.nifi.processors.standard.RouteText - RouteText[id=bf0f7ccb-620f-4544-b652-03cd51d8645e] Routing FlowFile[1324,100418654430621.mockFlowFile,23B] to original
[main] DEBUG org.apache.nifi.processors.standard.RouteText - RouteText[id=bf0f7ccb-620f-4544-b652-03cd51d8645e] Adding new dynamic property: PropertyDescriptor[simple]
[pool-2985-thread-1] INFO org.apache.nifi.processors.standard.RouteText - RouteText[id=bf0f7ccb-620f-4544-b652-03cd51d8645e] Created FlowFile[1327,100418654677088.mockFlowFile,23B] from FlowFile[1326,100418654677088.mockFlowFile,23B]; routing to relationship simple
[pool-2985-thread-1] INFO org.apache.nifi.processors.standard.RouteText - RouteText[id=bf0f7ccb-620f-4544-b652-03cd51d8645e] Routing FlowFile[1326,100418654677088.mockFlowFile,23B] to original
[main] DEBUG org.apache.nifi.processors.standard.RouteText - RouteText[id=bf0f7ccb-620f-4544-b652-03cd51d8645e] Adding new dynamic property: PropertyDescriptor[simple]
[pool-2986-thread-1] INFO org.apache.nifi.processors.standard.RouteText - RouteText[id=bf0f7ccb-620f-4544-b652-03cd51d8645e] Created FlowFile[1329,100418654928681.mockFlowFile,23B] from FlowFile[1328,100418654928681.mockFlowFile,23B]; routing to relationship simple
[pool-2986-thread-1] INFO org.apache.nifi.processors.standard.RouteText - RouteText[id=bf0f7ccb-620f-4544-b652-03cd51d8645e] Routing FlowFile[1328,100418654928681.mockFlowFile,23B] to original
[main] DEBUG org.apache.nifi.processors.standard.RouteText - RouteText[id=bf0f7ccb-620f-4544-b652-03cd51d8645e] Adding new dynamic property: PropertyDescriptor[simple]
[pool-2987-thread-1] INFO org.apache.nifi.processors.standard.RouteText - RouteText[id=bf0f7ccb-620f-4544-b652-03cd51d8645e] Created FlowFile[1331,100418655186067.mockFlowFile,23B] from FlowFile[1330,100418655186067.mockFlowFile,23B]; routing to relationship simple
[pool-2987-thread-1] INFO org.apache.nifi.processors.standard.RouteText - RouteText[id=bf0f7ccb-620f-4544-b652-03cd51d8645e] Routing FlowFile[1330,100418655186067.mockFlowFile,23B] to original
[main] DEBUG org.apache.nifi.processors.standard.RouteText - RouteText[id=bf0f7ccb-620f-4544-b652-03cd51d8645e] Adding new dynamic property: PropertyDescriptor[simple]
[pool-2988-thread-1] INFO org.apache.nifi.processors.standard.RouteText - RouteText[id=bf0f7ccb-620f-4544-b652-03cd51d8645e] Created FlowFile[1333,100418655522630.mockFlowFile,23B] from FlowFile[1332,100418655522630.mockFlowFile,23B]; routing to relationship simple
[pool-2988-thread-1] INFO org.apache.nifi.processors.standard.RouteText - RouteText[id=bf0f7ccb-620f-4544-b652-03cd51d8645e] Routing FlowFile[1332,100418655522630.mockFlowFile,23B] to original
[main] DEBUG org.apache.nifi.processors.standard.RouteText - RouteText[id=bf0f7ccb-620f-4544-b652-03cd51d8645e] Adding new dynamic property: PropertyDescriptor[simple]
[pool-2989-thread-1] INFO org.apache.nifi.processors.standard.RouteText - RouteText[id=bf0f7ccb-620f-4544-b652-03cd51d8645e] Created FlowFile[1335,100418655766592.mockFlowFile,23B] from FlowFile[1334,100418655766592.mockFlowFile,23B]; routing to relationship simple
[pool-2989-thread-1] INFO org.apache.nifi.processors.standard.RouteText - RouteText[id=bf0f7ccb-620f-4544-b652-03cd51d8645e] Routing FlowFile[1334,100418655766592.mockFlowFile,23B] to original
[main] DEBUG org.apache.nifi.processors.standard.RouteText - RouteText[id=bf0f7ccb-620f-4544-b652-03cd51d8645e] Adding new dynamic property: PropertyDescriptor[simple]
[pool-2990-thread-1] INFO org.apache.nifi.processors.standard.RouteText - RouteText[id=bf0f7ccb-620f-4544-b652-03cd51d8645e] Created FlowFile[1337,100418656018430.mockFlowFile,23B] from FlowFile[1336,100418656018430.mockFlowFile,23B]; routing to relationship simple
[pool-2990-thread-1] INFO org.apache.nifi.processors.standard.RouteText - RouteText[id=bf0f7ccb-620f-4544-b652-03cd51d8645e] Routing FlowFile[1336,100418656018430.mockFlowFile,23B] to original
[main] DEBUG org.apache.nifi.processors.standard.RouteText - RouteText[id=bf0f7ccb-620f-4544-b652-03cd51d8645e] Adding new dynamic property: PropertyDescriptor[simple]
[pool-2991-thread-1] INFO org.apache.nifi.processors.standard.RouteText - RouteText[id=bf0f7ccb-620f-4544-b652-03cd51d8645e] Created FlowFile[1339,100418656366425.mockFlowFile,23B] from FlowFile[1338,100418656366425.mockFlowFile,23B]; routing to relationship simple
[pool-2991-thread-1] INFO org.apache.nifi.processors.standard.RouteText - RouteText[id=bf0f7ccb-620f-4544-b652-03cd51d8645e] Routing FlowFile[1338,100418656366425.mockFlowFile,23B] to original
[main] DEBUG org.apache.nifi.processors.standard.RouteText - RouteText[id=bf0f7ccb-620f-4544-b652-03cd51d8645e] Adding new dynamic property: PropertyDescriptor[simple]
[pool-2992-thread-1] INFO org.apache.nifi.processors.standard.RouteText - RouteText[id=bf0f7ccb-620f-4544-b652-03cd51d8645e] Created FlowFile[1341,100418656697991.mockFlowFile,23B] from FlowFile[1340,100418656697991.mockFlowFile,23B]; routing to relationship simple
[pool-2992-thread-1] INFO org.apache.nifi.processors.standard.RouteText - RouteText[id=bf0f7ccb-620f-4544-b652-03cd51d8645e] Routing FlowFile[1340,100418656697991.mockFlowFile,23B] to original
[main] DEBUG org.apache.nifi.processors.standard.RouteText - RouteText[id=bf0f7ccb-620f-4544-b652-03cd51d8645e] Adding new dynamic property: PropertyDescriptor[simple]
[pool-2993-thread-1] INFO org.apache.nifi.processors.standard.RouteText - RouteText[id=bf0f7ccb-620f-4544-b652-03cd51d8645e] Created FlowFile[1343,100418656941700.mockFlowFile,23B] from FlowFile[1342,100418656941700.mockFlowFile,23B]; routing to relationship simple
[pool-2993-thread-1] INFO org.apache.nifi.processors.standard.RouteText - RouteText[id=bf0f7ccb-620f-4544-b652-03cd51d8645e] Routing FlowFile[1342,100418656941700.mockFlowFile,23B] to original
[main] DEBUG org.apache.nifi.processors.standard.RouteText - RouteText[id=bf0f7ccb-620f-4544-b652-03cd51d8645e] Adding new dynamic property: PropertyDescriptor[simple]
[pool-2994-thread-1] INFO org.apache.nifi.processors.standard.RouteText - RouteText[id=bf0f7ccb-620f-4544-b652-03cd51d8645e] Created FlowFile[1345,100418657192135.mockFlowFile,23B] from FlowFile[1344,100418657192135.mockFlowFile,23B]; routing to relationship simple
[pool-2994-thread-1] INFO org.apache.nifi.processors.standard.RouteText - RouteText[id=bf0f7ccb-620f-4544-b652-03cd51d8645e] Routing FlowFile[1344,100418657192135.mockFlowFile,23B] to original
[main] DEBUG org.apache.nifi.processors.standard.RouteText - RouteText[id=bf0f7ccb-620f-4544-b652-03cd51d8645e] Adding new dynamic property: PropertyDescriptor[simple]
[pool-2995-thread-1] INFO org.apache.nifi.processors.standard.RouteText - RouteText[id=bf0f7ccb-620f-4544-b652-03cd51d8645e] Created FlowFile[1347,100418657432983.mockFlowFile,23B] from FlowFile[1346,100418657432983.mockFlowFile,23B]; routing to relationship simple
[pool-2995-thread-1] INFO org.apache.nifi.processors.standard.RouteText - RouteText[id=bf0f7ccb-620f-4544-b652-03cd51d8645e] Routing FlowFile[1346,100418657432983.mockFlowFile,23B] to original
[main] DEBUG org.apache.nifi.processors.standard.RouteText - RouteText[id=bf0f7ccb-620f-4544-b652-03cd51d8645e] Adding new dynamic property: PropertyDescriptor[simple]
[pool-2996-thread-1] INFO org.apache.nifi.processors.standard.RouteText - RouteText[id=bf0f7ccb-620f-4544-b652-03cd51d8645e] Created FlowFile[1349,100418657669469.mockFlowFile,23B] from FlowFile[1348,100418657669469.mockFlowFile,23B]; routing to relationship simple
[pool-2996-thread-1] INFO org.apache.nifi.processors.standard.RouteText - RouteText[id=bf0f7ccb-620f-4544-b652-03cd51d8645e] Routing FlowFile[1348,100418657669469.mockFlowFile,23B] to original
[main] DEBUG org.apache.nifi.processors.standard.RouteText - RouteText[id=bf0f7ccb-620f-4544-b652-03cd51d8645e] Adding new dynamic property: PropertyDescriptor[simple]
[pool-2997-thread-1] INFO org.apache.nifi.processors.standard.RouteText - RouteText[id=bf0f7ccb-620f-4544-b652-03cd51d8645e] Created FlowFile[1351,100418657904548.mockFlowFile,23B] from FlowFile[1350,100418657904548.mockFlowFile,23B]; routing to relationship simple
[pool-2997-thread-1] INFO org.apache.nifi.processors.standard.RouteText - RouteText[id=bf0f7ccb-620f-4544-b652-03cd51d8645e] Routing FlowFile[1350,100418657904548.mockFlowFile,23B] to original
[main] DEBUG org.apache.nifi.processors.standard.RouteText - RouteText[id=bf0f7ccb-620f-4544-b652-03cd51d8645e] Adding new dynamic property: PropertyDescriptor[simple]
[pool-2998-thread-1] INFO org.apache.nifi.processors.standard.RouteText - RouteText[id=bf0f7ccb-620f-4544-b652-03cd51d8645e] Created FlowFile[1353,100418658176370.mockFlowFile,23B] from FlowFile[1352,100418658176370.mockFlowFile,23B]; routing to relationship simple
[pool-2998-thread-1] INFO org.apache.nifi.processors.standard.RouteText - RouteText[id=bf0f7ccb-620f-4544-b652-03cd51d8645e] Routing FlowFile[1352,100418658176370.mockFlowFile,23B] to original
[main] DEBUG org.apache.nifi.processors.standard.RouteText - RouteText[id=bf0f7ccb-620f-4544-b652-03cd51d8645e] Adding new dynamic property: PropertyDescriptor[simple]
[pool-2999-thread-1] INFO org.apache.nifi.processors.standard.RouteText - RouteText[id=bf0f7ccb-620f-4544-b652-03cd51d8645e] Created FlowFile[1355,100418658443317.mockFlowFile,23B] from FlowFile[1354,100418658443317.mockFlowFile,23B]; routing to relationship simple
[pool-2999-thread-1] INFO org.apache.nifi.processors.standard.RouteText - RouteText[id=bf0f7ccb-620f-4544-b652-03cd51d8645e] Routing FlowFile[1354,100418658443317.mockFlowFile,23B] to original
[main] DEBUG org.apache.nifi.processors.standard.RouteText - RouteText[id=bf0f7ccb-620f-4544-b652-03cd51d8645e] Adding new dynamic property: PropertyDescriptor[simple]
[pool-3000-thread-1] INFO org.apache.nifi.processors.standard.RouteText - RouteText[id=bf0f7ccb-620f-4544-b652-03cd51d8645e] Created FlowFile[1357,100418658687079.mockFlowFile,23B] from FlowFile[1356,100418658687079.mockFlowFile,23B]; routing to relationship simple
[pool-3000-thread-1] INFO org.apache.nifi.processors.standard.RouteText - RouteText[id=bf0f7ccb-620f-4544-b652-03cd51d8645e] Routing FlowFile[1356,100418658687079.mockFlowFile,23B] to original
[main] DEBUG org.apache.nifi.processors.standard.RouteText - RouteText[id=bf0f7ccb-620f-4544-b652-03cd51d8645e] Adding new dynamic property: PropertyDescriptor[simple]
[pool-3001-thread-1] INFO org.apache.nifi.processors.standard.RouteText - RouteText[id=bf0f7ccb-620f-4544-b652-03cd51d8645e] Created FlowFile[1359,100418658935887.mockFlowFile,23B] from FlowFile[1358,100418658935887.mockFlowFile,23B]; routing to relationship simple
[pool-3001-thread-1] INFO org.apache.nifi.processors.standard.RouteText - RouteText[id=bf0f7ccb-620f-4544-b652-03cd51d8645e] Routing FlowFile[1358,100418658935887.mockFlowFile,23B] to original
[main] DEBUG org.apache.nifi.processors.standard.RouteText - RouteText[id=bf0f7ccb-620f-4544-b652-03cd51d8645e] Adding new dynamic property: PropertyDescriptor[simple]
[pool-3002-thread-1] INFO org.apache.nifi.processors.standard.RouteText - RouteText[id=bf0f7ccb-620f-4544-b652-03cd51d8645e] Created FlowFile[1361,100418659308790.mockFlowFile,23B] from FlowFile[1360,100418659308790.mockFlowFile,23B]; routing to relationship simple
[pool-3002-thread-1] INFO org.apache.nifi.processors.standard.RouteText - RouteText[id=bf0f7ccb-620f-4544-b652-03cd51d8645e] Routing FlowFile[1360,100418659308790.mockFlowFile,23B] to original
[main] DEBUG org.apache.nifi.processors.standard.RouteText - RouteText[id=bf0f7ccb-620f-4544-b652-03cd51d8645e] Adding new dynamic property: PropertyDescriptor[simple]
[pool-3003-thread-1] INFO org.apache.nifi.processors.standard.RouteText - RouteText[id=bf0f7ccb-620f-4544-b652-03cd51d8645e] Created FlowFile[1363,100418659721847.mockFlowFile,23B] from FlowFile[1362,100418659721847.mockFlowFile,23B]; routing to relationship simple
[pool-3003-thread-1] INFO org.apache.nifi.processors.standard.RouteText - RouteText[id=bf0f7ccb-620f-4544-b652-03cd51d8645e] Routing FlowFile[1362,100418659721847.mockFlowFile,23B] to original
[main] DEBUG org.apache.nifi.processors.standard.RouteText - RouteText[id=bf0f7ccb-620f-4544-b652-03cd51d8645e] Adding new dynamic property: PropertyDescriptor[simple]
[pool-3004-thread-1] INFO org.apache.nifi.processors.standard.RouteText - RouteText[id=bf0f7ccb-620f-4544-b652-03cd51d8645e] Created FlowFile[1365,100418660097817.mockFlowFile,23B] from FlowFile[1364,100418660097817.mockFlowFile,23B]; routing to relationship simple
[pool-3004-thread-1] INFO org.apache.nifi.processors.standard.RouteText - RouteText[id=bf0f7ccb-620f-4544-b652-03cd51d8645e] Routing FlowFile[1364,100418660097817.mockFlowFile,23B] to original
[main] DEBUG org.apache.nifi.processors.standard.RouteText - RouteText[id=bf0f7ccb-620f-4544-b652-03cd51d8645e] Adding new dynamic property: PropertyDescriptor[simple]
[pool-3005-thread-1] INFO org.apache.nifi.processors.standard.RouteText - RouteText[id=bf0f7ccb-620f-4544-b652-03cd51d8645e] Created FlowFile[1367,100418660570135.mockFlowFile,23B] from FlowFile[1366,100418660570135.mockFlowFile,23B]; routing to relationship simple
[pool-3005-thread-1] INFO org.apache.nifi.processors.standard.RouteText - RouteText[id=bf0f7ccb-620f-4544-b652-03cd51d8645e] Routing FlowFile[1366,100418660570135.mockFlowFile,23B] to original
[main] DEBUG org.apache.nifi.processors.standard.RouteText - RouteText[id=bf0f7ccb-620f-4544-b652-03cd51d8645e] Adding new dynamic property: PropertyDescriptor[simple]
[pool-3006-thread-1] INFO org.apache.nifi.processors.standard.RouteText - RouteText[id=bf0f7ccb-620f-4544-b652-03cd51d8645e] Created FlowFile[1369,100418661040452.mockFlowFile,23B] from FlowFile[1368,100418661040452.mockFlowFile,23B]; routing to relationship simple
[pool-3006-thread-1] INFO org.apache.nifi.processors.standard.RouteText - RouteText[id=bf0f7ccb-620f-4544-b652-03cd51d8645e] Routing FlowFile[1368,100418661040452.mockFlowFile,23B] to original
[main] DEBUG org.apache.nifi.processors.standard.RouteText - RouteText[id=bf0f7ccb-620f-4544-b652-03cd51d8645e] Adding new dynamic property: PropertyDescriptor[simple]
[pool-3007-thread-1] INFO org.apache.nifi.processors.standard.RouteText - RouteText[id=bf0f7ccb-620f-4544-b652-03cd51d8645e] Created FlowFile[1371,100418661437701.mockFlowFile,23B] from FlowFile[1370,100418661437701.mockFlowFile,23B]; routing to relationship simple
[pool-3007-thread-1] INFO org.apache.nifi.processors.standard.RouteText - RouteText[id=bf0f7ccb-620f-4544-b652-03cd51d8645e] Routing FlowFile[1370,100418661437701.mockFlowFile,23B] to original
[main] DEBUG org.apache.nifi.processors.standard.RouteText - RouteText[id=bf0f7ccb-620f-4544-b652-03cd51d8645e] Adding new dynamic property: PropertyDescriptor[simple]
[pool-3008-thread-1] INFO org.apache.nifi.processors.standard.RouteText - RouteText[id=bf0f7ccb-620f-4544-b652-03cd51d8645e] Created FlowFile[1373,100418661890194.mockFlowFile,23B] from FlowFile[1372,100418661890194.mockFlowFile,23B]; routing to relationship simple
[pool-3008-thread-1] INFO org.apache.nifi.processors.standard.RouteText - RouteText[id=bf0f7ccb-620f-4544-b652-03cd51d8645e] Routing FlowFile[1372,100418661890194.mockFlowFile,23B] to original
[main] DEBUG org.apache.nifi.processors.standard.RouteText - RouteText[id=bf0f7ccb-620f-4544-b652-03cd51d8645e] Adding new dynamic property: PropertyDescriptor[simple]
[pool-3009-thread-1] INFO org.apache.nifi.processors.standard.RouteText - RouteText[id=bf0f7ccb-620f-4544-b652-03cd51d8645e] Created FlowFile[1375,100418662287643.mockFlowFile,23B] from FlowFile[1374,100418662287643.mockFlowFile,23B]; routing to relationship simple
[pool-3009-thread-1] INFO org.apache.nifi.processors.standard.RouteText - RouteText[id=bf0f7ccb-620f-4544-b652-03cd51d8645e] Routing FlowFile[1374,100418662287643.mockFlowFile,23B] to original
[main] DEBUG org.apache.nifi.processors.standard.RouteText - RouteText[id=bf0f7ccb-620f-4544-b652-03cd51d8645e] Adding new dynamic property: PropertyDescriptor[simple]
[pool-3010-thread-1] INFO org.apache.nifi.processors.standard.RouteText - RouteText[id=bf0f7ccb-620f-4544-b652-03cd51d8645e] Created FlowFile[1377,100418662678391.mockFlowFile,23B] from FlowFile[1376,100418662678391.mockFlowFile,23B]; routing to relationship simple
[pool-3010-thread-1] INFO org.apache.nifi.processors.standard.RouteText - RouteText[id=bf0f7ccb-620f-4544-b652-03cd51d8645e] Routing FlowFile[1376,100418662678391.mockFlowFile,23B] to original
[main] DEBUG org.apache.nifi.processors.standard.RouteText - RouteText[id=bf0f7ccb-620f-4544-b652-03cd51d8645e] Adding new dynamic property: PropertyDescriptor[simple]
[pool-3011-thread-1] INFO org.apache.nifi.processors.standard.RouteText - RouteText[id=bf0f7ccb-620f-4544-b652-03cd51d8645e] Created FlowFile[1379,100418663053443.mockFlowFile,23B] from FlowFile[1378,100418663053443.mockFlowFile,23B]; routing to relationship simple
[pool-3011-thread-1] INFO org.apache.nifi.processors.standard.RouteText - RouteText[id=bf0f7ccb-620f-4544-b652-03cd51d8645e] Routing FlowFile[1378,100418663053443.mockFlowFile,23B] to original
[main] DEBUG org.apache.nifi.processors.standard.RouteText - RouteText[id=bf0f7ccb-620f-4544-b652-03cd51d8645e] Adding new dynamic property: PropertyDescriptor[simple]
[pool-3012-thread-1] INFO org.apache.nifi.processors.standard.RouteText - RouteText[id=bf0f7ccb-620f-4544-b652-03cd51d8645e] Created FlowFile[1381,100418663563148.mockFlowFile,23B] from FlowFile[1380,100418663563148.mockFlowFile,23B]; routing to relationship simple
[pool-3012-thread-1] INFO org.apache.nifi.processors.standard.RouteText - RouteText[id=bf0f7ccb-620f-4544-b652-03cd51d8645e] Routing FlowFile[1380,100418663563148.mockFlowFile,23B] to original
[main] DEBUG org.apache.nifi.processors.standard.RouteText - RouteText[id=bf0f7ccb-620f-4544-b652-03cd51d8645e] Adding new dynamic property: PropertyDescriptor[simple]
[pool-3013-thread-1] INFO org.apache.nifi.processors.standard.RouteText - RouteText[id=bf0f7ccb-620f-4544-b652-03cd51d8645e] Created FlowFile[1383,100418664011978.mockFlowFile,23B] from FlowFile[1382,100418664011978.mockFlowFile,23B]; routing to relationship simple
[pool-3013-thread-1] INFO org.apache.nifi.processors.standard.RouteText - RouteText[id=bf0f7ccb-620f-4544-b652-03cd51d8645e] Routing FlowFile[1382,100418664011978.mockFlowFile,23B] to original
[main] DEBUG org.apache.nifi.processors.standard.RouteText - RouteText[id=bf0f7ccb-620f-4544-b652-03cd51d8645e] Adding new dynamic property: PropertyDescriptor[simple]
[pool-3014-thread-1] INFO org.apache.nifi.processors.standard.RouteText - RouteText[id=bf0f7ccb-620f-4544-b652-03cd51d8645e] Created FlowFile[1385,100418664474874.mockFlowFile,23B] from FlowFile[1384,100418664474874.mockFlowFile,23B]; routing to relationship simple
[pool-3014-thread-1] INFO org.apache.nifi.processors.standard.RouteText - RouteText[id=bf0f7ccb-620f-4544-b652-03cd51d8645e] Routing FlowFile[1384,100418664474874.mockFlowFile,23B] to original
[main] DEBUG org.apache.nifi.processors.standard.RouteText - RouteText[id=bf0f7ccb-620f-4544-b652-03cd51d8645e] Adding new dynamic property: PropertyDescriptor[simple]
[pool-3015-thread-1] INFO org.apache.nifi.processors.standard.RouteText - RouteText[id=bf0f7ccb-620f-4544-b652-03cd51d8645e] Created FlowFile[1387,100418664839520.mockFlowFile,23B] from FlowFile[1386,100418664839520.mockFlowFile,23B]; routing to relationship simple
[pool-3015-thread-1] INFO org.apache.nifi.processors.standard.RouteText - RouteText[id=bf0f7ccb-620f-4544-b652-03cd51d8645e] Routing FlowFile[1386,100418664839520.mockFlowFile,23B] to original
[main] DEBUG org.apache.nifi.processors.standard.RouteText - RouteText[id=bf0f7ccb-620f-4544-b652-03cd51d8645e] Adding new dynamic property: PropertyDescriptor[simple]
[pool-3016-thread-1] INFO org.apache.nifi.processors.standard.RouteText - RouteText[id=bf0f7ccb-620f-4544-b652-03cd51d8645e] Created FlowFile[1389,100418665188676.mockFlowFile,23B] from FlowFile[1388,100418665188676.mockFlowFile,23B]; routing to relationship simple
[pool-3016-thread-1] INFO org.apache.nifi.processors.standard.RouteText - RouteText[id=bf0f7ccb-620f-4544-b652-03cd51d8645e] Routing FlowFile[1388,100418665188676.mockFlowFile,23B] to original
[main] DEBUG org.apache.nifi.processors.standard.RouteText - RouteText[id=bf0f7ccb-620f-4544-b652-03cd51d8645e] Adding new dynamic property: PropertyDescriptor[simple]
[pool-3017-thread-1] INFO org.apache.nifi.processors.standard.RouteText - RouteText[id=bf0f7ccb-620f-4544-b652-03cd51d8645e] Created FlowFile[1391,100418665533764.mockFlowFile,23B] from FlowFile[1390,100418665533764.mockFlowFile,23B]; routing to relationship simple
[pool-3017-thread-1] INFO org.apache.nifi.processors.standard.RouteText - RouteText[id=bf0f7ccb-620f-4544-b652-03cd51d8645e] Routing FlowFile[1390,100418665533764.mockFlowFile,23B] to original
[main] DEBUG org.apache.nifi.processors.standard.RouteText - RouteText[id=bf0f7ccb-620f-4544-b652-03cd51d8645e] Adding new dynamic property: PropertyDescriptor[simple]
[pool-3018-thread-1] INFO org.apache.nifi.processors.standard.RouteText - RouteText[id=bf0f7ccb-620f-4544-b652-03cd51d8645e] Created FlowFile[1393,100418665934045.mockFlowFile,23B] from FlowFile[1392,100418665934045.mockFlowFile,23B]; routing to relationship simple
[pool-3018-thread-1] INFO org.apache.nifi.processors.standard.RouteText - RouteText[id=bf0f7ccb-620f-4544-b652-03cd51d8645e] Routing FlowFile[1392,100418665934045.mockFlowFile,23B] to original
[main] DEBUG org.apache.nifi.processors.standard.RouteText - RouteText[id=bf0f7ccb-620f-4544-b652-03cd51d8645e] Adding new dynamic property: PropertyDescriptor[simple]
[pool-3019-thread-1] INFO org.apache.nifi.processors.standard.RouteText - RouteText[id=bf0f7ccb-620f-4544-b652-03cd51d8645e] Created FlowFile[1395,100418666301836.mockFlowFile,23B] from FlowFile[1394,100418666301836.mockFlowFile,23B]; routing to relationship simple
[pool-3019-thread-1] INFO org.apache.nifi.processors.standard.RouteText - RouteText[id=bf0f7ccb-620f-4544-b652-03cd51d8645e] Routing FlowFile[1394,100418666301836.mockFlowFile,23B] to original
[main] DEBUG org.apache.nifi.processors.standard.RouteText - RouteText[id=bf0f7ccb-620f-4544-b652-03cd51d8645e] Adding new dynamic property: PropertyDescriptor[simple]
[pool-3020-thread-1] INFO org.apache.nifi.processors.standard.RouteText - RouteText[id=bf0f7ccb-620f-4544-b652-03cd51d8645e] Created FlowFile[1397,100418666658657.mockFlowFile,23B] from FlowFile[1396,100418666658657.mockFlowFile,23B]; routing to relationship simple
[pool-3020-thread-1] INFO org.apache.nifi.processors.standard.RouteText - RouteText[id=bf0f7ccb-620f-4544-b652-03cd51d8645e] Routing FlowFile[1396,100418666658657.mockFlowFile,23B] to original
[main] DEBUG org.apache.nifi.processors.standard.RouteText - RouteText[id=bf0f7ccb-620f-4544-b652-03cd51d8645e] Adding new dynamic property: PropertyDescriptor[simple]
[pool-3021-thread-1] INFO org.apache.nifi.processors.standard.RouteText - RouteText[id=bf0f7ccb-620f-4544-b652-03cd51d8645e] Created FlowFile[1399,100418666997964.mockFlowFile,23B] from FlowFile[1398,100418666997964.mockFlowFile,23B]; routing to relationship simple
[pool-3021-thread-1] INFO org.apache.nifi.processors.standard.RouteText - RouteText[id=bf0f7ccb-620f-4544-b652-03cd51d8645e] Routing FlowFile[1398,100418666997964.mockFlowFile,23B] to original
[main] DEBUG org.apache.nifi.processors.standard.RouteText - RouteText[id=bf0f7ccb-620f-4544-b652-03cd51d8645e] Adding new dynamic property: PropertyDescriptor[simple]
[pool-3022-thread-1] INFO org.apache.nifi.processors.standard.RouteText - RouteText[id=bf0f7ccb-620f-4544-b652-03cd51d8645e] Created FlowFile[1401,100418667454439.mockFlowFile,23B] from FlowFile[1400,100418667454439.mockFlowFile,23B]; routing to relationship simple
[pool-3022-thread-1] INFO org.apache.nifi.processors.standard.RouteText - RouteText[id=bf0f7ccb-620f-4544-b652-03cd51d8645e] Routing FlowFile[1400,100418667454439.mockFlowFile,23B] to original
[main] DEBUG org.apache.nifi.processors.standard.RouteText - RouteText[id=bf0f7ccb-620f-4544-b652-03cd51d8645e] Adding new dynamic property: PropertyDescriptor[simple]
[pool-3023-thread-1] INFO org.apache.nifi.processors.standard.RouteText - RouteText[id=bf0f7ccb-620f-4544-b652-03cd51d8645e] Created FlowFile[1403,100418668039288.mockFlowFile,23B] from FlowFile[1402,100418668039288.mockFlowFile,23B]; routing to relationship simple
[pool-3023-thread-1] INFO org.apache.nifi.processors.standard.RouteText - RouteText[id=bf0f7ccb-620f-4544-b652-03cd51d8645e] Routing FlowFile[1402,100418668039288.mockFlowFile,23B] to original
[main] DEBUG org.apache.nifi.processors.standard.RouteText - RouteText[id=bf0f7ccb-620f-4544-b652-03cd51d8645e] Adding new dynamic property: PropertyDescriptor[simple]
[pool-3024-thread-1] INFO org.apache.nifi.processors.standard.RouteText - RouteText[id=bf0f7ccb-620f-4544-b652-03cd51d8645e] Created FlowFile[1405,100418668533009.mockFlowFile,23B] from FlowFile[1404,100418668533009.mockFlowFile,23B]; routing to relationship simple
[pool-3024-thread-1] INFO org.apache.nifi.processors.standard.RouteText - RouteText[id=bf0f7ccb-620f-4544-b652-03cd51d8645e] Routing FlowFile[1404,100418668533009.mockFlowFile,23B] to original
[main] DEBUG org.apache.nifi.processors.standard.RouteText - RouteText[id=bf0f7ccb-620f-4544-b652-03cd51d8645e] Adding new dynamic property: PropertyDescriptor[simple]
[pool-3025-thread-1] INFO org.apache.nifi.processors.standard.RouteText - RouteText[id=bf0f7ccb-620f-4544-b652-03cd51d8645e] Created FlowFile[1407,100418669037980.mockFlowFile,23B] from FlowFile[1406,100418669037980.mockFlowFile,23B]; routing to relationship simple
[pool-3025-thread-1] INFO org.apache.nifi.processors.standard.RouteText - RouteText[id=bf0f7ccb-620f-4544-b652-03cd51d8645e] Routing FlowFile[1406,100418669037980.mockFlowFile,23B] to original
[main] DEBUG org.apache.nifi.processors.standard.RouteText - RouteText[id=bf0f7ccb-620f-4544-b652-03cd51d8645e] Adding new dynamic property: PropertyDescriptor[simple]
[pool-3026-thread-1] INFO org.apache.nifi.processors.standard.RouteText - RouteText[id=bf0f7ccb-620f-4544-b652-03cd51d8645e] Created FlowFile[1409,100418669523459.mockFlowFile,23B] from FlowFile[1408,100418669523459.mockFlowFile,23B]; routing to relationship simple
[pool-3026-thread-1] INFO org.apache.nifi.processors.standard.RouteText - RouteText[id=bf0f7ccb-620f-4544-b652-03cd51d8645e] Routing FlowFile[1408,100418669523459.mockFlowFile,23B] to original
[main] DEBUG org.apache.nifi.processors.standard.RouteText - RouteText[id=bf0f7ccb-620f-4544-b652-03cd51d8645e] Adding new dynamic property: PropertyDescriptor[simple]
[pool-3027-thread-1] INFO org.apache.nifi.processors.standard.RouteText - RouteText[id=bf0f7ccb-620f-4544-b652-03cd51d8645e] Created FlowFile[1411,100418669965521.mockFlowFile,23B] from FlowFile[1410,100418669965521.mockFlowFile,23B]; routing to relationship simple
[pool-3027-thread-1] INFO org.apache.nifi.processors.standard.RouteText - RouteText[id=bf0f7ccb-620f-4544-b652-03cd51d8645e] Routing FlowFile[1410,100418669965521.mockFlowFile,23B] to original
[main] DEBUG org.apache.nifi.processors.standard.RouteText - RouteText[id=bf0f7ccb-620f-4544-b652-03cd51d8645e] Adding new dynamic property: PropertyDescriptor[simple]
[pool-3028-thread-1] INFO org.apache.nifi.processors.standard.RouteText - RouteText[id=bf0f7ccb-620f-4544-b652-03cd51d8645e] Created FlowFile[1413,100418670394155.mockFlowFile,23B] from FlowFile[1412,100418670394155.mockFlowFile,23B]; routing to relationship simple
[pool-3028-thread-1] INFO org.apache.nifi.processors.standard.RouteText - RouteText[id=bf0f7ccb-620f-4544-b652-03cd51d8645e] Routing FlowFile[1412,100418670394155.mockFlowFile,23B] to original
[main] DEBUG org.apache.nifi.processors.standard.RouteText - RouteText[id=bf0f7ccb-620f-4544-b652-03cd51d8645e] Adding new dynamic property: PropertyDescriptor[simple]
[pool-3029-thread-1] INFO org.apache.nifi.processors.standard.RouteText - RouteText[id=bf0f7ccb-620f-4544-b652-03cd51d8645e] Created FlowFile[1415,100418670832567.mockFlowFile,23B] from FlowFile[1414,100418670832567.mockFlowFile,23B]; routing to relationship simple
[pool-3029-thread-1] INFO org.apache.nifi.processors.standard.RouteText - RouteText[id=bf0f7ccb-620f-4544-b652-03cd51d8645e] Routing FlowFile[1414,100418670832567.mockFlowFile,23B] to original
[main] DEBUG org.apache.nifi.processors.standard.RouteText - RouteText[id=bf0f7ccb-620f-4544-b652-03cd51d8645e] Adding new dynamic property: PropertyDescriptor[simple]
[pool-3030-thread-1] INFO org.apache.nifi.processors.standard.RouteText - RouteText[id=bf0f7ccb-620f-4544-b652-03cd51d8645e] Created FlowFile[1417,100418671228790.mockFlowFile,23B] from FlowFile[1416,100418671228790.mockFlowFile,23B]; routing to relationship simple
[pool-3030-thread-1] INFO org.apache.nifi.processors.standard.RouteText - RouteText[id=bf0f7ccb-620f-4544-b652-03cd51d8645e] Routing FlowFile[1416,100418671228790.mockFlowFile,23B] to original
[main] DEBUG org.apache.nifi.processors.standard.RouteText - RouteText[id=bf0f7ccb-620f-4544-b652-03cd51d8645e] Adding new dynamic property: PropertyDescriptor[simple]
[pool-3031-thread-1] INFO org.apache.nifi.processors.standard.RouteText - RouteText[id=bf0f7ccb-620f-4544-b652-03cd51d8645e] Created FlowFile[1419,100418671632798.mockFlowFile,23B] from FlowFile[1418,100418671632798.mockFlowFile,23B]; routing to relationship simple
[pool-3031-thread-1] INFO org.apache.nifi.processors.standard.RouteText - RouteText[id=bf0f7ccb-620f-4544-b652-03cd51d8645e] Routing FlowFile[1418,100418671632798.mockFlowFile,23B] to original
[main] DEBUG org.apache.nifi.processors.standard.RouteText - RouteText[id=bf0f7ccb-620f-4544-b652-03cd51d8645e] Adding new dynamic property: PropertyDescriptor[simple]
[pool-3032-thread-1] INFO org.apache.nifi.processors.standard.RouteText - RouteText[id=bf0f7ccb-620f-4544-b652-03cd51d8645e] Created FlowFile[1421,100418671931804.mockFlowFile,23B] from FlowFile[1420,100418671931804.mockFlowFile,23B]; routing to relationship simple
[pool-3032-thread-1] INFO org.apache.nifi.processors.standard.RouteText - RouteText[id=bf0f7ccb-620f-4544-b652-03cd51d8645e] Routing FlowFile[1420,100418671931804.mockFlowFile,23B] to original
[main] DEBUG org.apache.nifi.processors.standard.RouteText - RouteText[id=bf0f7ccb-620f-4544-b652-03cd51d8645e] Adding new dynamic property: PropertyDescriptor[simple]
[pool-3033-thread-1] INFO org.apache.nifi.processors.standard.RouteText - RouteText[id=bf0f7ccb-620f-4544-b652-03cd51d8645e] Created FlowFile[1423,100418672317214.mockFlowFile,23B] from FlowFile[1422,100418672317214.mockFlowFile,23B]; routing to relationship simple
[pool-3033-thread-1] INFO org.apache.nifi.processors.standard.RouteText - RouteText[id=bf0f7ccb-620f-4544-b652-03cd51d8645e] Routing FlowFile[1422,100418672317214.mockFlowFile,23B] to original
[main] DEBUG org.apache.nifi.processors.standard.RouteText - RouteText[id=bf0f7ccb-620f-4544-b652-03cd51d8645e] Adding new dynamic property: PropertyDescriptor[simple]
[pool-3034-thread-1] INFO org.apache.nifi.processors.standard.RouteText - RouteText[id=bf0f7ccb-620f-4544-b652-03cd51d8645e] Created FlowFile[1425,100418672729956.mockFlowFile,23B] from FlowFile[1424,100418672729956.mockFlowFile,23B]; routing to relationship simple
[pool-3034-thread-1] INFO org.apache.nifi.processors.standard.RouteText - RouteText[id=bf0f7ccb-620f-4544-b652-03cd51d8645e] Routing FlowFile[1424,100418672729956.mockFlowFile,23B] to original
[main] DEBUG org.apache.nifi.processors.standard.RouteText - RouteText[id=bf0f7ccb-620f-4544-b652-03cd51d8645e] Adding new dynamic property: PropertyDescriptor[simple]
[pool-3035-thread-1] INFO org.apache.nifi.processors.standard.RouteText - RouteText[id=bf0f7ccb-620f-4544-b652-03cd51d8645e] Created FlowFile[1427,100418673089865.mockFlowFile,23B] from FlowFile[1426,100418673089865.mockFlowFile,23B]; routing to relationship simple
[pool-3035-thread-1] INFO org.apache.nifi.processors.standard.RouteText - RouteText[id=bf0f7ccb-620f-4544-b652-03cd51d8645e] Routing FlowFile[1426,100418673089865.mockFlowFile,23B] to original
[main] DEBUG org.apache.nifi.processors.standard.RouteText - RouteText[id=bf0f7ccb-620f-4544-b652-03cd51d8645e] Adding new dynamic property: PropertyDescriptor[simple]
[pool-3036-thread-1] INFO org.apache.nifi.processors.standard.RouteText - RouteText[id=bf0f7ccb-620f-4544-b652-03cd51d8645e] Created FlowFile[1429,100418673444538.mockFlowFile,23B] from FlowFile[1428,100418673444538.mockFlowFile,23B]; routing to relationship simple
[pool-3036-thread-1] INFO org.apache.nifi.processors.standard.RouteText - RouteText[id=bf0f7ccb-620f-4544-b652-03cd51d8645e] Routing FlowFile[1428,100418673444538.mockFlowFile,23B] to original
[main] DEBUG org.apache.nifi.processors.standard.RouteText - RouteText[id=bf0f7ccb-620f-4544-b652-03cd51d8645e] Adding new dynamic property: PropertyDescriptor[simple]
[pool-3037-thread-1] INFO org.apache.nifi.processors.standard.RouteText - RouteText[id=bf0f7ccb-620f-4544-b652-03cd51d8645e] Created FlowFile[1431,100418673706327.mockFlowFile,23B] from FlowFile[1430,100418673706327.mockFlowFile,23B]; routing to relationship simple
[pool-3037-thread-1] INFO org.apache.nifi.processors.standard.RouteText - RouteText[id=bf0f7ccb-620f-4544-b652-03cd51d8645e] Routing FlowFile[1430,100418673706327.mockFlowFile,23B] to original
[main] DEBUG org.apache.nifi.processors.standard.RouteText - RouteText[id=bf0f7ccb-620f-4544-b652-03cd51d8645e] Adding new dynamic property: PropertyDescriptor[simple]
[pool-3038-thread-1] INFO org.apache.nifi.processors.standard.RouteText - RouteText[id=bf0f7ccb-620f-4544-b652-03cd51d8645e] Created FlowFile[1433,100418673971146.mockFlowFile,23B] from FlowFile[1432,100418673971146.mockFlowFile,23B]; routing to relationship simple
[pool-3038-thread-1] INFO org.apache.nifi.processors.standard.RouteText - RouteText[id=bf0f7ccb-620f-4544-b652-03cd51d8645e] Routing FlowFile[1432,100418673971146.mockFlowFile,23B] to original
[main] DEBUG org.apache.nifi.processors.standard.RouteText - RouteText[id=bf0f7ccb-620f-4544-b652-03cd51d8645e] Adding new dynamic property: PropertyDescriptor[simple]
[pool-3039-thread-1] INFO org.apache.nifi.processors.standard.RouteText - RouteText[id=bf0f7ccb-620f-4544-b652-03cd51d8645e] Created FlowFile[1435,100418674238638.mockFlowFile,23B] from FlowFile[1434,100418674238638.mockFlowFile,23B]; routing to relationship simple
[pool-3039-thread-1] INFO org.apache.nifi.processors.standard.RouteText - RouteText[id=bf0f7ccb-620f-4544-b652-03cd51d8645e] Routing FlowFile[1434,100418674238638.mockFlowFile,23B] to original
[main] DEBUG org.apache.nifi.processors.standard.RouteText - RouteText[id=bf0f7ccb-620f-4544-b652-03cd51d8645e] Adding new dynamic property: PropertyDescriptor[simple]
[pool-3040-thread-1] INFO org.apache.nifi.processors.standard.RouteText - RouteText[id=bf0f7ccb-620f-4544-b652-03cd51d8645e] Created FlowFile[1437,100418674491081.mockFlowFile,23B] from FlowFile[1436,100418674491081.mockFlowFile,23B]; routing to relationship simple
[pool-3040-thread-1] INFO org.apache.nifi.processors.standard.RouteText - RouteText[id=bf0f7ccb-620f-4544-b652-03cd51d8645e] Routing FlowFile[1436,100418674491081.mockFlowFile,23B] to original
[main] DEBUG org.apache.nifi.processors.standard.RouteText - RouteText[id=bf0f7ccb-620f-4544-b652-03cd51d8645e] Adding new dynamic property: PropertyDescriptor[simple]
[pool-3041-thread-1] INFO org.apache.nifi.processors.standard.RouteText - RouteText[id=bf0f7ccb-620f-4544-b652-03cd51d8645e] Created FlowFile[1439,100418674740759.mockFlowFile,23B] from FlowFile[1438,100418674740759.mockFlowFile,23B]; routing to relationship simple
[pool-3041-thread-1] INFO org.apache.nifi.processors.standard.RouteText - RouteText[id=bf0f7ccb-620f-4544-b652-03cd51d8645e] Routing FlowFile[1438,100418674740759.mockFlowFile,23B] to original
[main] DEBUG org.apache.nifi.processors.standard.RouteText - RouteText[id=bf0f7ccb-620f-4544-b652-03cd51d8645e] Adding new dynamic property: PropertyDescriptor[simple]
[pool-3042-thread-1] INFO org.apache.nifi.processors.standard.RouteText - RouteText[id=bf0f7ccb-620f-4544-b652-03cd51d8645e] Created FlowFile[1441,100418674988570.mockFlowFile,23B] from FlowFile[1440,100418674988570.mockFlowFile,23B]; routing to relationship simple
[pool-3042-thread-1] INFO org.apache.nifi.processors.standard.RouteText - RouteText[id=bf0f7ccb-620f-4544-b652-03cd51d8645e] Routing FlowFile[1440,100418674988570.mockFlowFile,23B] to original
[main] DEBUG org.apache.nifi.processors.standard.RouteText - RouteText[id=bf0f7ccb-620f-4544-b652-03cd51d8645e] Adding new dynamic property: PropertyDescriptor[simple]
[pool-3043-thread-1] INFO org.apache.nifi.processors.standard.RouteText - RouteText[id=bf0f7ccb-620f-4544-b652-03cd51d8645e] Created FlowFile[1443,100418675352747.mockFlowFile,23B] from FlowFile[1442,100418675352747.mockFlowFile,23B]; routing to relationship simple
[pool-3043-thread-1] INFO org.apache.nifi.processors.standard.RouteText - RouteText[id=bf0f7ccb-620f-4544-b652-03cd51d8645e] Routing FlowFile[1442,100418675352747.mockFlowFile,23B] to original
[main] DEBUG org.apache.nifi.processors.standard.RouteText - RouteText[id=bf0f7ccb-620f-4544-b652-03cd51d8645e] Adding new dynamic property: PropertyDescriptor[simple]
[pool-3044-thread-1] INFO org.apache.nifi.processors.standard.RouteText - RouteText[id=bf0f7ccb-620f-4544-b652-03cd51d8645e] Created FlowFile[1445,100418675603325.mockFlowFile,23B] from FlowFile[1444,100418675603325.mockFlowFile,23B]; routing to relationship simple
[pool-3044-thread-1] INFO org.apache.nifi.processors.standard.RouteText - RouteText[id=bf0f7ccb-620f-4544-b652-03cd51d8645e] Routing FlowFile[1444,100418675603325.mockFlowFile,23B] to original
[main] DEBUG org.apache.nifi.processors.standard.RouteText - RouteText[id=bf0f7ccb-620f-4544-b652-03cd51d8645e] Adding new dynamic property: PropertyDescriptor[simple]
[pool-3045-thread-1] INFO org.apache.nifi.processors.standard.RouteText - RouteText[id=bf0f7ccb-620f-4544-b652-03cd51d8645e] Created FlowFile[1447,100418675904429.mockFlowFile,23B] from FlowFile[1446,100418675904429.mockFlowFile,23B]; routing to relationship simple
[pool-3045-thread-1] INFO org.apache.nifi.processors.standard.RouteText - RouteText[id=bf0f7ccb-620f-4544-b652-03cd51d8645e] Routing FlowFile[1446,100418675904429.mockFlowFile,23B] to original
[main] DEBUG org.apache.nifi.processors.standard.RouteText - RouteText[id=bf0f7ccb-620f-4544-b652-03cd51d8645e] Adding new dynamic property: PropertyDescriptor[simple]
[pool-3046-thread-1] INFO org.apache.nifi.processors.standard.RouteText - RouteText[id=bf0f7ccb-620f-4544-b652-03cd51d8645e] Created FlowFile[1449,100418676329196.mockFlowFile,23B] from FlowFile[1448,100418676329196.mockFlowFile,23B]; routing to relationship simple
[pool-3046-thread-1] INFO org.apache.nifi.processors.standard.RouteText - RouteText[id=bf0f7ccb-620f-4544-b652-03cd51d8645e] Routing FlowFile[1448,100418676329196.mockFlowFile,23B] to original
[main] DEBUG org.apache.nifi.processors.standard.RouteText - RouteText[id=bf0f7ccb-620f-4544-b652-03cd51d8645e] Adding new dynamic property: PropertyDescriptor[simple]
[pool-3047-thread-1] INFO org.apache.nifi.processors.standard.RouteText - RouteText[id=bf0f7ccb-620f-4544-b652-03cd51d8645e] Created FlowFile[1451,100418676670552.mockFlowFile,23B] from FlowFile[1450,100418676670552.mockFlowFile,23B]; routing to relationship simple
[pool-3047-thread-1] INFO org.apache.nifi.processors.standard.RouteText - RouteText[id=bf0f7ccb-620f-4544-b652-03cd51d8645e] Routing FlowFile[1450,100418676670552.mockFlowFile,23B] to original
[main] DEBUG org.apache.nifi.processors.standard.RouteText - RouteText[id=bf0f7ccb-620f-4544-b652-03cd51d8645e] Adding new dynamic property: PropertyDescriptor[simple]
[pool-3048-thread-1] INFO org.apache.nifi.processors.standard.RouteText - RouteText[id=bf0f7ccb-620f-4544-b652-03cd51d8645e] Created FlowFile[1453,100418677019827.mockFlowFile,23B] from FlowFile[1452,100418677019827.mockFlowFile,23B]; routing to relationship simple
[pool-3048-thread-1] INFO org.apache.nifi.processors.standard.RouteText - RouteText[id=bf0f7ccb-620f-4544-b652-03cd51d8645e] Routing FlowFile[1452,100418677019827.mockFlowFile,23B] to original
[main] DEBUG org.apache.nifi.processors.standard.RouteText - RouteText[id=bf0f7ccb-620f-4544-b652-03cd51d8645e] Adding new dynamic property: PropertyDescriptor[simple]
[pool-3049-thread-1] INFO org.apache.nifi.processors.standard.RouteText - RouteText[id=bf0f7ccb-620f-4544-b652-03cd51d8645e] Created FlowFile[1455,100418677373167.mockFlowFile,23B] from FlowFile[1454,100418677373167.mockFlowFile,23B]; routing to relationship simple
[pool-3049-thread-1] INFO org.apache.nifi.processors.standard.RouteText - RouteText[id=bf0f7ccb-620f-4544-b652-03cd51d8645e] Routing FlowFile[1454,100418677373167.mockFlowFile,23B] to original
[main] DEBUG org.apache.nifi.processors.standard.RouteText - RouteText[id=bf0f7ccb-620f-4544-b652-03cd51d8645e] Adding new dynamic property: PropertyDescriptor[simple]
[pool-3050-thread-1] INFO org.apache.nifi.processors.standard.RouteText - RouteText[id=bf0f7ccb-620f-4544-b652-03cd51d8645e] Created FlowFile[1457,100418677732659.mockFlowFile,23B] from FlowFile[1456,100418677732659.mockFlowFile,23B]; routing to relationship simple
[pool-3050-thread-1] INFO org.apache.nifi.processors.standard.RouteText - RouteText[id=bf0f7ccb-620f-4544-b652-03cd51d8645e] Routing FlowFile[1456,100418677732659.mockFlowFile,23B] to original
[main] DEBUG org.apache.nifi.processors.standard.RouteText - RouteText[id=bf0f7ccb-620f-4544-b652-03cd51d8645e] Adding new dynamic property: PropertyDescriptor[simple]
[pool-3051-thread-1] INFO org.apache.nifi.processors.standard.RouteText - RouteText[id=bf0f7ccb-620f-4544-b652-03cd51d8645e] Created FlowFile[1459,100418678093783.mockFlowFile,23B] from FlowFile[1458,100418678093783.mockFlowFile,23B]; routing to relationship simple
[pool-3051-thread-1] INFO org.apache.nifi.processors.standard.RouteText - RouteText[id=bf0f7ccb-620f-4544-b652-03cd51d8645e] Routing FlowFile[1458,100418678093783.mockFlowFile,23B] to original
[main] DEBUG org.apache.nifi.processors.standard.RouteText - RouteText[id=bf0f7ccb-620f-4544-b652-03cd51d8645e] Adding new dynamic property: PropertyDescriptor[simple]
[pool-3052-thread-1] INFO org.apache.nifi.processors.standard.RouteText - RouteText[id=bf0f7ccb-620f-4544-b652-03cd51d8645e] Created FlowFile[1461,100418678485022.mockFlowFile,23B] from FlowFile[1460,100418678485022.mockFlowFile,23B]; routing to relationship simple
[pool-3052-thread-1] INFO org.apache.nifi.processors.standard.RouteText - RouteText[id=bf0f7ccb-620f-4544-b652-03cd51d8645e] Routing FlowFile[1460,100418678485022.mockFlowFile,23B] to original
[main] DEBUG org.apache.nifi.processors.standard.RouteText - RouteText[id=bf0f7ccb-620f-4544-b652-03cd51d8645e] Adding new dynamic property: PropertyDescriptor[simple]
[pool-3053-thread-1] INFO org.apache.nifi.processors.standard.RouteText - RouteText[id=bf0f7ccb-620f-4544-b652-03cd51d8645e] Created FlowFile[1463,100418678858008.mockFlowFile,23B] from FlowFile[1462,100418678858008.mockFlowFile,23B]; routing to relationship simple
[pool-3053-thread-1] INFO org.apache.nifi.processors.standard.RouteText - RouteText[id=bf0f7ccb-620f-4544-b652-03cd51d8645e] Routing FlowFile[1462,100418678858008.mockFlowFile,23B] to original
[main] DEBUG org.apache.nifi.processors.standard.RouteText - RouteText[id=bf0f7ccb-620f-4544-b652-03cd51d8645e] Adding new dynamic property: PropertyDescriptor[simple]
[pool-3054-thread-1] INFO org.apache.nifi.processors.standard.RouteText - RouteText[id=bf0f7ccb-620f-4544-b652-03cd51d8645e] Created FlowFile[1465,100418679262135.mockFlowFile,23B] from FlowFile[1464,100418679262135.mockFlowFile,23B]; routing to relationship simple
[pool-3054-thread-1] INFO org.apache.nifi.processors.standard.RouteText - RouteText[id=bf0f7ccb-620f-4544-b652-03cd51d8645e] Routing FlowFile[1464,100418679262135.mockFlowFile,23B] to original
[main] DEBUG org.apache.nifi.processors.standard.RouteText - RouteText[id=bf0f7ccb-620f-4544-b652-03cd51d8645e] Adding new dynamic property: PropertyDescriptor[simple]
[pool-3055-thread-1] INFO org.apache.nifi.processors.standard.RouteText - RouteText[id=bf0f7ccb-620f-4544-b652-03cd51d8645e] Created FlowFile[1467,100418679702754.mockFlowFile,23B] from FlowFile[1466,100418679702754.mockFlowFile,23B]; routing to relationship simple
[pool-3055-thread-1] INFO org.apache.nifi.processors.standard.RouteText - RouteText[id=bf0f7ccb-620f-4544-b652-03cd51d8645e] Routing FlowFile[1466,100418679702754.mockFlowFile,23B] to original
[main] DEBUG org.apache.nifi.processors.standard.RouteText - RouteText[id=bf0f7ccb-620f-4544-b652-03cd51d8645e] Adding new dynamic property: PropertyDescriptor[simple]
[pool-3056-thread-1] INFO org.apache.nifi.processors.standard.RouteText - RouteText[id=bf0f7ccb-620f-4544-b652-03cd51d8645e] Created FlowFile[1469,100418680106821.mockFlowFile,23B] from FlowFile[1468,100418680106821.mockFlowFile,23B]; routing to relationship simple
[pool-3056-thread-1] INFO org.apache.nifi.processors.standard.RouteText - RouteText[id=bf0f7ccb-620f-4544-b652-03cd51d8645e] Routing FlowFile[1468,100418680106821.mockFlowFile,23B] to original
[main] DEBUG org.apache.nifi.processors.standard.RouteText - RouteText[id=bf0f7ccb-620f-4544-b652-03cd51d8645e] Adding new dynamic property: PropertyDescriptor[simple]
[pool-3057-thread-1] INFO org.apache.nifi.processors.standard.RouteText - RouteText[id=bf0f7ccb-620f-4544-b652-03cd51d8645e] Created FlowFile[1471,100418680617305.mockFlowFile,23B] from FlowFile[1470,100418680617305.mockFlowFile,23B]; routing to relationship simple
[pool-3057-thread-1] INFO org.apache.nifi.processors.standard.RouteText - RouteText[id=bf0f7ccb-620f-4544-b652-03cd51d8645e] Routing FlowFile[1470,100418680617305.mockFlowFile,23B] to original
[main] DEBUG org.apache.nifi.processors.standard.RouteText - RouteText[id=bf0f7ccb-620f-4544-b652-03cd51d8645e] Adding new dynamic property: PropertyDescriptor[simple]
[pool-3058-thread-1] INFO org.apache.nifi.processors.standard.RouteText - RouteText[id=bf0f7ccb-620f-4544-b652-03cd51d8645e] Created FlowFile[1473,100418681101748.mockFlowFile,23B] from FlowFile[1472,100418681101748.mockFlowFile,23B]; routing to relationship simple
[pool-3058-thread-1] INFO org.apache.nifi.processors.standard.RouteText - RouteText[id=bf0f7ccb-620f-4544-b652-03cd51d8645e] Routing FlowFile[1472,100418681101748.mockFlowFile,23B] to original
[main] DEBUG org.apache.nifi.processors.standard.RouteText - RouteText[id=bf0f7ccb-620f-4544-b652-03cd51d8645e] Adding new dynamic property: PropertyDescriptor[simple]
[pool-3059-thread-1] INFO org.apache.nifi.processors.standard.RouteText - RouteText[id=bf0f7ccb-620f-4544-b652-03cd51d8645e] Created FlowFile[1475,100418681640560.mockFlowFile,23B] from FlowFile[1474,100418681640560.mockFlowFile,23B]; routing to relationship simple
[pool-3059-thread-1] INFO org.apache.nifi.processors.standard.RouteText - RouteText[id=bf0f7ccb-620f-4544-b652-03cd51d8645e] Routing FlowFile[1474,100418681640560.mockFlowFile,23B] to original
[main] DEBUG org.apache.nifi.processors.standard.RouteText - RouteText[id=bf0f7ccb-620f-4544-b652-03cd51d8645e] Adding new dynamic property: PropertyDescriptor[simple]
[pool-3060-thread-1] INFO org.apache.nifi.processors.standard.RouteText - RouteText[id=bf0f7ccb-620f-4544-b652-03cd51d8645e] Created FlowFile[1477,100418682088927.mockFlowFile,23B] from FlowFile[1476,100418682088927.mockFlowFile,23B]; routing to relationship simple
[pool-3060-thread-1] INFO org.apache.nifi.processors.standard.RouteText - RouteText[id=bf0f7ccb-620f-4544-b652-03cd51d8645e] Routing FlowFile[1476,100418682088927.mockFlowFile,23B] to original
[main] DEBUG org.apache.nifi.processors.standard.RouteText - RouteText[id=bf0f7ccb-620f-4544-b652-03cd51d8645e] Adding new dynamic property: PropertyDescriptor[simple]
[pool-3061-thread-1] INFO org.apache.nifi.processors.standard.RouteText - RouteText[id=bf0f7ccb-620f-4544-b652-03cd51d8645e] Created FlowFile[1479,100418682461823.mockFlowFile,23B] from FlowFile[1478,100418682461823.mockFlowFile,23B]; routing to relationship simple
[pool-3061-thread-1] INFO org.apache.nifi.processors.standard.RouteText - RouteText[id=bf0f7ccb-620f-4544-b652-03cd51d8645e] Routing FlowFile[1478,100418682461823.mockFlowFile,23B] to original
[main] DEBUG org.apache.nifi.processors.standard.RouteText - RouteText[id=bf0f7ccb-620f-4544-b652-03cd51d8645e] Adding new dynamic property: PropertyDescriptor[simple]
[pool-3062-thread-1] INFO org.apache.nifi.processors.standard.RouteText - RouteText[id=bf0f7ccb-620f-4544-b652-03cd51d8645e] Created FlowFile[1481,100418682817930.mockFlowFile,23B] from FlowFile[1480,100418682817930.mockFlowFile,23B]; routing to relationship simple
[pool-3062-thread-1] INFO org.apache.nifi.processors.standard.RouteText - RouteText[id=bf0f7ccb-620f-4544-b652-03cd51d8645e] Routing FlowFile[1480,100418682817930.mockFlowFile,23B] to original
[main] DEBUG org.apache.nifi.processors.standard.RouteText - RouteText[id=bf0f7ccb-620f-4544-b652-03cd51d8645e] Adding new dynamic property: PropertyDescriptor[simple]
[pool-3063-thread-1] INFO org.apache.nifi.processors.standard.RouteText - RouteText[id=bf0f7ccb-620f-4544-b652-03cd51d8645e] Created FlowFile[1483,100418683226090.mockFlowFile,23B] from FlowFile[1482,100418683226090.mockFlowFile,23B]; routing to relationship simple
[pool-3063-thread-1] INFO org.apache.nifi.processors.standard.RouteText - RouteText[id=bf0f7ccb-620f-4544-b652-03cd51d8645e] Routing FlowFile[1482,100418683226090.mockFlowFile,23B] to original
[main] DEBUG org.apache.nifi.processors.standard.RouteText - RouteText[id=bf0f7ccb-620f-4544-b652-03cd51d8645e] Adding new dynamic property: PropertyDescriptor[simple]
[pool-3064-thread-1] INFO org.apache.nifi.processors.standard.RouteText - RouteText[id=bf0f7ccb-620f-4544-b652-03cd51d8645e] Created FlowFile[1485,100418683609894.mockFlowFile,23B] from FlowFile[1484,100418683609894.mockFlowFile,23B]; routing to relationship simple
[pool-3064-thread-1] INFO org.apache.nifi.processors.standard.RouteText - RouteText[id=bf0f7ccb-620f-4544-b652-03cd51d8645e] Routing FlowFile[1484,100418683609894.mockFlowFile,23B] to original
[main] DEBUG org.apache.nifi.processors.standard.RouteText - RouteText[id=bf0f7ccb-620f-4544-b652-03cd51d8645e] Adding new dynamic property: PropertyDescriptor[simple]
[pool-3065-thread-1] INFO org.apache.nifi.processors.standard.RouteText - RouteText[id=bf0f7ccb-620f-4544-b652-03cd51d8645e] Created FlowFile[1487,100418683948614.mockFlowFile,23B] from FlowFile[1486,100418683948614.mockFlowFile,23B]; routing to relationship simple
[pool-3065-thread-1] INFO org.apache.nifi.processors.standard.RouteText - RouteText[id=bf0f7ccb-620f-4544-b652-03cd51d8645e] Routing FlowFile[1486,100418683948614.mockFlowFile,23B] to original
[main] DEBUG org.apache.nifi.processors.standard.RouteText - RouteText[id=bf0f7ccb-620f-4544-b652-03cd51d8645e] Adding new dynamic property: PropertyDescriptor[simple]
[pool-3066-thread-1] INFO org.apache.nifi.processors.standard.RouteText - RouteText[id=bf0f7ccb-620f-4544-b652-03cd51d8645e] Created FlowFile[1489,100418684395922.mockFlowFile,23B] from FlowFile[1488,100418684395922.mockFlowFile,23B]; routing to relationship simple
[pool-3066-thread-1] INFO org.apache.nifi.processors.standard.RouteText - RouteText[id=bf0f7ccb-620f-4544-b652-03cd51d8645e] Routing FlowFile[1488,100418684395922.mockFlowFile,23B] to original
[main] DEBUG org.apache.nifi.processors.standard.RouteText - RouteText[id=bf0f7ccb-620f-4544-b652-03cd51d8645e] Adding new dynamic property: PropertyDescriptor[simple]
[pool-3067-thread-1] INFO org.apache.nifi.processors.standard.RouteText - RouteText[id=bf0f7ccb-620f-4544-b652-03cd51d8645e] Created FlowFile[1491,100418685027983.mockFlowFile,23B] from FlowFile[1490,100418685027983.mockFlowFile,23B]; routing to relationship simple
[pool-3067-thread-1] INFO org.apache.nifi.processors.standard.RouteText - RouteText[id=bf0f7ccb-620f-4544-b652-03cd51d8645e] Routing FlowFile[1490,100418685027983.mockFlowFile,23B] to original
[main] DEBUG org.apache.nifi.processors.standard.RouteText - RouteText[id=bf0f7ccb-620f-4544-b652-03cd51d8645e] Adding new dynamic property: PropertyDescriptor[simple]
[pool-3068-thread-1] INFO org.apache.nifi.processors.standard.RouteText - RouteText[id=bf0f7ccb-620f-4544-b652-03cd51d8645e] Created FlowFile[1493,100418685672505.mockFlowFile,23B] from FlowFile[1492,100418685672505.mockFlowFile,23B]; routing to relationship simple
[pool-3068-thread-1] INFO org.apache.nifi.processors.standard.RouteText - RouteText[id=bf0f7ccb-620f-4544-b652-03cd51d8645e] Routing FlowFile[1492,100418685672505.mockFlowFile,23B] to original
[main] DEBUG org.apache.nifi.processors.standard.RouteText - RouteText[id=bf0f7ccb-620f-4544-b652-03cd51d8645e] Adding new dynamic property: PropertyDescriptor[simple]
[pool-3069-thread-1] INFO org.apache.nifi.processors.standard.RouteText - RouteText[id=bf0f7ccb-620f-4544-b652-03cd51d8645e] Created FlowFile[1495,100418686100018.mockFlowFile,23B] from FlowFile[1494,100418686100018.mockFlowFile,23B]; routing to relationship simple
[pool-3069-thread-1] INFO org.apache.nifi.processors.standard.RouteText - RouteText[id=bf0f7ccb-620f-4544-b652-03cd51d8645e] Routing FlowFile[1494,100418686100018.mockFlowFile,23B] to original
[main] DEBUG org.apache.nifi.processors.standard.RouteText - RouteText[id=bf0f7ccb-620f-4544-b652-03cd51d8645e] Adding new dynamic property: PropertyDescriptor[simple]
[pool-3070-thread-1] INFO org.apache.nifi.processors.standard.RouteText - RouteText[id=bf0f7ccb-620f-4544-b652-03cd51d8645e] Created FlowFile[1497,100418686375813.mockFlowFile,23B] from FlowFile[1496,100418686375813.mockFlowFile,23B]; routing to relationship simple
[pool-3070-thread-1] INFO org.apache.nifi.processors.standard.RouteText - RouteText[id=bf0f7ccb-620f-4544-b652-03cd51d8645e] Routing FlowFile[1496,100418686375813.mockFlowFile,23B] to original
[main] DEBUG org.apache.nifi.processors.standard.RouteText - RouteText[id=bf0f7ccb-620f-4544-b652-03cd51d8645e] Adding new dynamic property: PropertyDescriptor[simple]
[pool-3071-thread-1] INFO org.apache.nifi.processors.standard.RouteText - RouteText[id=bf0f7ccb-620f-4544-b652-03cd51d8645e] Created FlowFile[1499,100418686634966.mockFlowFile,23B] from FlowFile[1498,100418686634966.mockFlowFile,23B]; routing to relationship simple
[pool-3071-thread-1] INFO org.apache.nifi.processors.standard.RouteText - RouteText[id=bf0f7ccb-620f-4544-b652-03cd51d8645e] Routing FlowFile[1498,100418686634966.mockFlowFile,23B] to original
[main] DEBUG org.apache.nifi.processors.standard.RouteText - RouteText[id=bf0f7ccb-620f-4544-b652-03cd51d8645e] Adding new dynamic property: PropertyDescriptor[simple]
[pool-3072-thread-1] INFO org.apache.nifi.processors.standard.RouteText - RouteText[id=bf0f7ccb-620f-4544-b652-03cd51d8645e] Created FlowFile[1501,100418686901879.mockFlowFile,23B] from FlowFile[1500,100418686901879.mockFlowFile,23B]; routing to relationship simple
[pool-3072-thread-1] INFO org.apache.nifi.processors.standard.RouteText - RouteText[id=bf0f7ccb-620f-4544-b652-03cd51d8645e] Routing FlowFile[1500,100418686901879.mockFlowFile,23B] to original
[main] DEBUG org.apache.nifi.processors.standard.RouteText - RouteText[id=bf0f7ccb-620f-4544-b652-03cd51d8645e] Adding new dynamic property: PropertyDescriptor[simple]
[pool-3073-thread-1] INFO org.apache.nifi.processors.standard.RouteText - RouteText[id=bf0f7ccb-620f-4544-b652-03cd51d8645e] Created FlowFile[1503,100418687223839.mockFlowFile,23B] from FlowFile[1502,100418687223839.mockFlowFile,23B]; routing to relationship simple
[pool-3073-thread-1] INFO org.apache.nifi.processors.standard.RouteText - RouteText[id=bf0f7ccb-620f-4544-b652-03cd51d8645e] Routing FlowFile[1502,100418687223839.mockFlowFile,23B] to original
[main] DEBUG org.apache.nifi.processors.standard.RouteText - RouteText[id=bf0f7ccb-620f-4544-b652-03cd51d8645e] Adding new dynamic property: PropertyDescriptor[simple]
[pool-3074-thread-1] INFO org.apache.nifi.processors.standard.RouteText - RouteText[id=bf0f7ccb-620f-4544-b652-03cd51d8645e] Created FlowFile[1505,100418687561185.mockFlowFile,23B] from FlowFile[1504,100418687561185.mockFlowFile,23B]; routing to relationship simple
[pool-3074-thread-1] INFO org.apache.nifi.processors.standard.RouteText - RouteText[id=bf0f7ccb-620f-4544-b652-03cd51d8645e] Routing FlowFile[1504,100418687561185.mockFlowFile,23B] to original
[main] DEBUG org.apache.nifi.processors.standard.RouteText - RouteText[id=bf0f7ccb-620f-4544-b652-03cd51d8645e] Adding new dynamic property: PropertyDescriptor[simple]
[pool-3075-thread-1] INFO org.apache.nifi.processors.standard.RouteText - RouteText[id=bf0f7ccb-620f-4544-b652-03cd51d8645e] Created FlowFile[1507,100418687810766.mockFlowFile,23B] from FlowFile[1506,100418687810766.mockFlowFile,23B]; routing to relationship simple
[pool-3075-thread-1] INFO org.apache.nifi.processors.standard.RouteText - RouteText[id=bf0f7ccb-620f-4544-b652-03cd51d8645e] Routing FlowFile[1506,100418687810766.mockFlowFile,23B] to original
[main] DEBUG org.apache.nifi.processors.standard.RouteText - RouteText[id=bf0f7ccb-620f-4544-b652-03cd51d8645e] Adding new dynamic property: PropertyDescriptor[simple]
[pool-3076-thread-1] INFO org.apache.nifi.processors.standard.RouteText - RouteText[id=bf0f7ccb-620f-4544-b652-03cd51d8645e] Created FlowFile[1509,100418688115487.mockFlowFile,23B] from FlowFile[1508,100418688115487.mockFlowFile,23B]; routing to relationship simple
[pool-3076-thread-1] INFO org.apache.nifi.processors.standard.RouteText - RouteText[id=bf0f7ccb-620f-4544-b652-03cd51d8645e] Routing FlowFile[1508,100418688115487.mockFlowFile,23B] to original
[main] DEBUG org.apache.nifi.processors.standard.RouteText - RouteText[id=bf0f7ccb-620f-4544-b652-03cd51d8645e] Adding new dynamic property: PropertyDescriptor[simple]
[pool-3077-thread-1] INFO org.apache.nifi.processors.standard.RouteText - RouteText[id=bf0f7ccb-620f-4544-b652-03cd51d8645e] Created FlowFile[1511,100418688508582.mockFlowFile,23B] from FlowFile[1510,100418688508582.mockFlowFile,23B]; routing to relationship simple
[pool-3077-thread-1] INFO org.apache.nifi.processors.standard.RouteText - RouteText[id=bf0f7ccb-620f-4544-b652-03cd51d8645e] Routing FlowFile[1510,100418688508582.mockFlowFile,23B] to original
[main] DEBUG org.apache.nifi.processors.standard.RouteText - RouteText[id=bf0f7ccb-620f-4544-b652-03cd51d8645e] Adding new dynamic property: PropertyDescriptor[simple]
[pool-3078-thread-1] INFO org.apache.nifi.processors.standard.RouteText - RouteText[id=bf0f7ccb-620f-4544-b652-03cd51d8645e] Created FlowFile[1513,100418688859337.mockFlowFile,23B] from FlowFile[1512,100418688859337.mockFlowFile,23B]; routing to relationship simple
[pool-3078-thread-1] INFO org.apache.nifi.processors.standard.RouteText - RouteText[id=bf0f7ccb-620f-4544-b652-03cd51d8645e] Routing FlowFile[1512,100418688859337.mockFlowFile,23B] to original
[main] DEBUG org.apache.nifi.processors.standard.RouteText - RouteText[id=bf0f7ccb-620f-4544-b652-03cd51d8645e] Adding new dynamic property: PropertyDescriptor[simple]
[pool-3079-thread-1] INFO org.apache.nifi.processors.standard.RouteText - RouteText[id=bf0f7ccb-620f-4544-b652-03cd51d8645e] Created FlowFile[1515,100418689254171.mockFlowFile,23B] from FlowFile[1514,100418689254171.mockFlowFile,23B]; routing to relationship simple
[pool-3079-thread-1] INFO org.apache.nifi.processors.standard.RouteText - RouteText[id=bf0f7ccb-620f-4544-b652-03cd51d8645e] Routing FlowFile[1514,100418689254171.mockFlowFile,23B] to original
[main] DEBUG org.apache.nifi.processors.standard.RouteText - RouteText[id=bf0f7ccb-620f-4544-b652-03cd51d8645e] Adding new dynamic property: PropertyDescriptor[simple]
[pool-3080-thread-1] INFO org.apache.nifi.processors.standard.RouteText - RouteText[id=bf0f7ccb-620f-4544-b652-03cd51d8645e] Created FlowFile[1517,100418689510305.mockFlowFile,23B] from FlowFile[1516,100418689510305.mockFlowFile,23B]; routing to relationship simple
[pool-3080-thread-1] INFO org.apache.nifi.processors.standard.RouteText - RouteText[id=bf0f7ccb-620f-4544-b652-03cd51d8645e] Routing FlowFile[1516,100418689510305.mockFlowFile,23B] to original
[main] DEBUG org.apache.nifi.processors.standard.RouteText - RouteText[id=bf0f7ccb-620f-4544-b652-03cd51d8645e] Adding new dynamic property: PropertyDescriptor[simple]
[pool-3081-thread-1] INFO org.apache.nifi.processors.standard.RouteText - RouteText[id=bf0f7ccb-620f-4544-b652-03cd51d8645e] Created FlowFile[1519,100418689762463.mockFlowFile,23B] from FlowFile[1518,100418689762463.mockFlowFile,23B]; routing to relationship simple
[pool-3081-thread-1] INFO org.apache.nifi.processors.standard.RouteText - RouteText[id=bf0f7ccb-620f-4544-b652-03cd51d8645e] Routing FlowFile[1518,100418689762463.mockFlowFile,23B] to original
[main] DEBUG org.apache.nifi.processors.standard.RouteText - RouteText[id=bf0f7ccb-620f-4544-b652-03cd51d8645e] Adding new dynamic property: PropertyDescriptor[simple]
[pool-3082-thread-1] INFO org.apache.nifi.processors.standard.RouteText - RouteText[id=bf0f7ccb-620f-4544-b652-03cd51d8645e] Created FlowFile[1521,100418690011310.mockFlowFile,23B] from FlowFile[1520,100418690011310.mockFlowFile,23B]; routing to relationship simple
[pool-3082-thread-1] INFO org.apache.nifi.processors.standard.RouteText - RouteText[id=bf0f7ccb-620f-4544-b652-03cd51d8645e] Routing FlowFile[1520,100418690011310.mockFlowFile,23B] to original
[main] DEBUG org.apache.nifi.processors.standard.RouteText - RouteText[id=bf0f7ccb-620f-4544-b652-03cd51d8645e] Adding new dynamic property: PropertyDescriptor[simple]
[pool-3083-thread-1] INFO org.apache.nifi.processors.standard.RouteText - RouteText[id=bf0f7ccb-620f-4544-b652-03cd51d8645e] Created FlowFile[1523,100418690372687.mockFlowFile,23B] from FlowFile[1522,100418690372687.mockFlowFile,23B]; routing to relationship simple
[pool-3083-thread-1] INFO org.apache.nifi.processors.standard.RouteText - RouteText[id=bf0f7ccb-620f-4544-b652-03cd51d8645e] Routing FlowFile[1522,100418690372687.mockFlowFile,23B] to original
[main] DEBUG org.apache.nifi.processors.standard.RouteText - RouteText[id=bf0f7ccb-620f-4544-b652-03cd51d8645e] Adding new dynamic property: PropertyDescriptor[simple]
[pool-3084-thread-1] INFO org.apache.nifi.processors.standard.RouteText - RouteText[id=bf0f7ccb-620f-4544-b652-03cd51d8645e] Created FlowFile[1525,100418690633716.mockFlowFile,23B] from FlowFile[1524,100418690633716.mockFlowFile,23B]; routing to relationship simple
[pool-3084-thread-1] INFO org.apache.nifi.processors.standard.RouteText - RouteText[id=bf0f7ccb-620f-4544-b652-03cd51d8645e] Routing FlowFile[1524,100418690633716.mockFlowFile,23B] to original
[main] DEBUG org.apache.nifi.processors.standard.RouteText - RouteText[id=bf0f7ccb-620f-4544-b652-03cd51d8645e] Adding new dynamic property: PropertyDescriptor[simple]
[pool-3085-thread-1] INFO org.apache.nifi.processors.standard.RouteText - RouteText[id=bf0f7ccb-620f-4544-b652-03cd51d8645e] Created FlowFile[1527,100418690890719.mockFlowFile,23B] from FlowFile[1526,100418690890719.mockFlowFile,23B]; routing to relationship simple
[pool-3085-thread-1] INFO org.apache.nifi.processors.standard.RouteText - RouteText[id=bf0f7ccb-620f-4544-b652-03cd51d8645e] Routing FlowFile[1526,100418690890719.mockFlowFile,23B] to original
[main] DEBUG org.apache.nifi.processors.standard.RouteText - RouteText[id=bf0f7ccb-620f-4544-b652-03cd51d8645e] Adding new dynamic property: PropertyDescriptor[simple]
[pool-3086-thread-1] INFO org.apache.nifi.processors.standard.RouteText - RouteText[id=bf0f7ccb-620f-4544-b652-03cd51d8645e] Created FlowFile[1529,100418691363542.mockFlowFile,23B] from FlowFile[1528,100418691363542.mockFlowFile,23B]; routing to relationship simple
[pool-3086-thread-1] INFO org.apache.nifi.processors.standard.RouteText - RouteText[id=bf0f7ccb-620f-4544-b652-03cd51d8645e] Routing FlowFile[1528,100418691363542.mockFlowFile,23B] to original
[main] DEBUG org.apache.nifi.processors.standard.RouteText - RouteText[id=bf0f7ccb-620f-4544-b652-03cd51d8645e] Adding new dynamic property: PropertyDescriptor[simple]
[pool-3087-thread-1] INFO org.apache.nifi.processors.standard.RouteText - RouteText[id=bf0f7ccb-620f-4544-b652-03cd51d8645e] Created FlowFile[1531,100418691778397.mockFlowFile,23B] from FlowFile[1530,100418691778397.mockFlowFile,23B]; routing to relationship simple
[pool-3087-thread-1] INFO org.apache.nifi.processors.standard.RouteText - RouteText[id=bf0f7ccb-620f-4544-b652-03cd51d8645e] Routing FlowFile[1530,100418691778397.mockFlowFile,23B] to original
[main] DEBUG org.apache.nifi.processors.standard.RouteText - RouteText[id=bf0f7ccb-620f-4544-b652-03cd51d8645e] Adding new dynamic property: PropertyDescriptor[simple]
[pool-3088-thread-1] INFO org.apache.nifi.processors.standard.RouteText - RouteText[id=bf0f7ccb-620f-4544-b652-03cd51d8645e] Created FlowFile[1533,100418692215956.mockFlowFile,23B] from FlowFile[1532,100418692215956.mockFlowFile,23B]; routing to relationship simple
[pool-3088-thread-1] INFO org.apache.nifi.processors.standard.RouteText - RouteText[id=bf0f7ccb-620f-4544-b652-03cd51d8645e] Routing FlowFile[1532,100418692215956.mockFlowFile,23B] to original
[main] DEBUG org.apache.nifi.processors.standard.RouteText - RouteText[id=bf0f7ccb-620f-4544-b652-03cd51d8645e] Adding new dynamic property: PropertyDescriptor[simple]
[pool-3089-thread-1] INFO org.apache.nifi.processors.standard.RouteText - RouteText[id=bf0f7ccb-620f-4544-b652-03cd51d8645e] Created FlowFile[1535,100418692841515.mockFlowFile,23B] from FlowFile[1534,100418692841515.mockFlowFile,23B]; routing to relationship simple
[pool-3089-thread-1] INFO org.apache.nifi.processors.standard.RouteText - RouteText[id=bf0f7ccb-620f-4544-b652-03cd51d8645e] Routing FlowFile[1534,100418692841515.mockFlowFile,23B] to original
[main] DEBUG org.apache.nifi.processors.standard.RouteText - RouteText[id=bf0f7ccb-620f-4544-b652-03cd51d8645e] Adding new dynamic property: PropertyDescriptor[simple]
[pool-3090-thread-1] INFO org.apache.nifi.processors.standard.RouteText - RouteText[id=bf0f7ccb-620f-4544-b652-03cd51d8645e] Created FlowFile[1537,100418693250562.mockFlowFile,23B] from FlowFile[1536,100418693250562.mockFlowFile,23B]; routing to relationship simple
[pool-3090-thread-1] INFO org.apache.nifi.processors.standard.RouteText - RouteText[id=bf0f7ccb-620f-4544-b652-03cd51d8645e] Routing FlowFile[1536,100418693250562.mockFlowFile,23B] to original
[main] DEBUG org.apache.nifi.processors.standard.RouteText - RouteText[id=bf0f7ccb-620f-4544-b652-03cd51d8645e] Adding new dynamic property: PropertyDescriptor[simple]
[pool-3091-thread-1] INFO org.apache.nifi.processors.standard.RouteText - RouteText[id=bf0f7ccb-620f-4544-b652-03cd51d8645e] Created FlowFile[1539,100418693699959.mockFlowFile,23B] from FlowFile[1538,100418693699959.mockFlowFile,23B]; routing to relationship simple
[pool-3091-thread-1] INFO org.apache.nifi.processors.standard.RouteText - RouteText[id=bf0f7ccb-620f-4544-b652-03cd51d8645e] Routing FlowFile[1538,100418693699959.mockFlowFile,23B] to original
[main] DEBUG org.apache.nifi.processors.standard.RouteText - RouteText[id=bf0f7ccb-620f-4544-b652-03cd51d8645e] Adding new dynamic property: PropertyDescriptor[simple]
[pool-3092-thread-1] INFO org.apache.nifi.processors.standard.RouteText - RouteText[id=bf0f7ccb-620f-4544-b652-03cd51d8645e] Created FlowFile[1541,100418694083449.mockFlowFile,23B] from FlowFile[1540,100418694083449.mockFlowFile,23B]; routing to relationship simple
[pool-3092-thread-1] INFO org.apache.nifi.processors.standard.RouteText - RouteText[id=bf0f7ccb-620f-4544-b652-03cd51d8645e] Routing FlowFile[1540,100418694083449.mockFlowFile,23B] to original
[main] DEBUG org.apache.nifi.processors.standard.RouteText - RouteText[id=bf0f7ccb-620f-4544-b652-03cd51d8645e] Adding new dynamic property: PropertyDescriptor[simple]
[pool-3093-thread-1] INFO org.apache.nifi.processors.standard.RouteText - RouteText[id=bf0f7ccb-620f-4544-b652-03cd51d8645e] Created FlowFile[1543,100418694455923.mockFlowFile,23B] from FlowFile[1542,100418694455923.mockFlowFile,23B]; routing to relationship simple
[pool-3093-thread-1] INFO org.apache.nifi.processors.standard.RouteText - RouteText[id=bf0f7ccb-620f-4544-b652-03cd51d8645e] Routing FlowFile[1542,100418694455923.mockFlowFile,23B] to original
[main] DEBUG org.apache.nifi.processors.standard.RouteText - RouteText[id=bf0f7ccb-620f-4544-b652-03cd51d8645e] Adding new dynamic property: PropertyDescriptor[simple]
[pool-3094-thread-1] INFO org.apache.nifi.processors.standard.RouteText - RouteText[id=bf0f7ccb-620f-4544-b652-03cd51d8645e] Created FlowFile[1545,100418694790079.mockFlowFile,23B] from FlowFile[1544,100418694790079.mockFlowFile,23B]; routing to relationship simple
[pool-3094-thread-1] INFO org.apache.nifi.processors.standard.RouteText - RouteText[id=bf0f7ccb-620f-4544-b652-03cd51d8645e] Routing FlowFile[1544,100418694790079.mockFlowFile,23B] to original
[main] DEBUG org.apache.nifi.processors.standard.RouteText - RouteText[id=bf0f7ccb-620f-4544-b652-03cd51d8645e] Adding new dynamic property: PropertyDescriptor[simple]
[pool-3095-thread-1] INFO org.apache.nifi.processors.standard.RouteText - RouteText[id=bf0f7ccb-620f-4544-b652-03cd51d8645e] Created FlowFile[1547,100418695137362.mockFlowFile,23B] from FlowFile[1546,100418695137362.mockFlowFile,23B]; routing to relationship simple
[pool-3095-thread-1] INFO org.apache.nifi.processors.standard.RouteText - RouteText[id=bf0f7ccb-620f-4544-b652-03cd51d8645e] Routing FlowFile[1546,100418695137362.mockFlowFile,23B] to original
[main] DEBUG org.apache.nifi.processors.standard.RouteText - RouteText[id=bf0f7ccb-620f-4544-b652-03cd51d8645e] Adding new dynamic property: PropertyDescriptor[simple]
[pool-3096-thread-1] INFO org.apache.nifi.processors.standard.RouteText - RouteText[id=bf0f7ccb-620f-4544-b652-03cd51d8645e] Created FlowFile[1549,100418695487185.mockFlowFile,23B] from FlowFile[1548,100418695487185.mockFlowFile,23B]; routing to relationship simple
[pool-3096-thread-1] INFO org.apache.nifi.processors.standard.RouteText - RouteText[id=bf0f7ccb-620f-4544-b652-03cd51d8645e] Routing FlowFile[1548,100418695487185.mockFlowFile,23B] to original
[main] DEBUG org.apache.nifi.processors.standard.RouteText - RouteText[id=bf0f7ccb-620f-4544-b652-03cd51d8645e] Adding new dynamic property: PropertyDescriptor[simple]
[pool-3097-thread-1] INFO org.apache.nifi.processors.standard.RouteText - RouteText[id=bf0f7ccb-620f-4544-b652-03cd51d8645e] Created FlowFile[1551,100418695817972.mockFlowFile,23B] from FlowFile[1550,100418695817972.mockFlowFile,23B]; routing to relationship simple
[pool-3097-thread-1] INFO org.apache.nifi.processors.standard.RouteText - RouteText[id=bf0f7ccb-620f-4544-b652-03cd51d8645e] Routing FlowFile[1550,100418695817972.mockFlowFile,23B] to original
[main] DEBUG org.apache.nifi.processors.standard.RouteText - RouteText[id=bf0f7ccb-620f-4544-b652-03cd51d8645e] Adding new dynamic property: PropertyDescriptor[simple]
[pool-3098-thread-1] INFO org.apache.nifi.processors.standard.RouteText - RouteText[id=bf0f7ccb-620f-4544-b652-03cd51d8645e] Created FlowFile[1553,100418696306100.mockFlowFile,23B] from FlowFile[1552,100418696306100.mockFlowFile,23B]; routing to relationship simple
[pool-3098-thread-1] INFO org.apache.nifi.processors.standard.RouteText - RouteText[id=bf0f7ccb-620f-4544-b652-03cd51d8645e] Routing FlowFile[1552,100418696306100.mockFlowFile,23B] to original
[main] DEBUG org.apache.nifi.processors.standard.RouteText - RouteText[id=bf0f7ccb-620f-4544-b652-03cd51d8645e] Adding new dynamic property: PropertyDescriptor[simple]
[pool-3099-thread-1] INFO org.apache.nifi.processors.standard.RouteText - RouteText[id=bf0f7ccb-620f-4544-b652-03cd51d8645e] Created FlowFile[1555,100418696681480.mockFlowFile,23B] from FlowFile[1554,100418696681480.mockFlowFile,23B]; routing to relationship simple
[pool-3099-thread-1] INFO org.apache.nifi.processors.standard.RouteText - RouteText[id=bf0f7ccb-620f-4544-b652-03cd51d8645e] Routing FlowFile[1554,100418696681480.mockFlowFile,23B] to original
[main] DEBUG org.apache.nifi.processors.standard.RouteText - RouteText[id=bf0f7ccb-620f-4544-b652-03cd51d8645e] Adding new dynamic property: PropertyDescriptor[simple]
[pool-3100-thread-1] INFO org.apache.nifi.processors.standard.RouteText - RouteText[id=bf0f7ccb-620f-4544-b652-03cd51d8645e] Created FlowFile[1557,100418697073996.mockFlowFile,23B] from FlowFile[1556,100418697073996.mockFlowFile,23B]; routing to relationship simple
[pool-3100-thread-1] INFO org.apache.nifi.processors.standard.RouteText - RouteText[id=bf0f7ccb-620f-4544-b652-03cd51d8645e] Routing FlowFile[1556,100418697073996.mockFlowFile,23B] to original
[main] DEBUG org.apache.nifi.processors.standard.RouteText - RouteText[id=bf0f7ccb-620f-4544-b652-03cd51d8645e] Adding new dynamic property: PropertyDescriptor[simple]
[pool-3101-thread-1] INFO org.apache.nifi.processors.standard.RouteText - RouteText[id=bf0f7ccb-620f-4544-b652-03cd51d8645e] Created FlowFile[1559,100418697464028.mockFlowFile,23B] from FlowFile[1558,100418697464028.mockFlowFile,23B]; routing to relationship simple
[pool-3101-thread-1] INFO org.apache.nifi.processors.standard.RouteText - RouteText[id=bf0f7ccb-620f-4544-b652-03cd51d8645e] Routing FlowFile[1558,100418697464028.mockFlowFile,23B] to original
[main] DEBUG org.apache.nifi.processors.standard.RouteText - RouteText[id=bf0f7ccb-620f-4544-b652-03cd51d8645e] Adding new dynamic property: PropertyDescriptor[simple]
[pool-3102-thread-1] INFO org.apache.nifi.processors.standard.RouteText - RouteText[id=bf0f7ccb-620f-4544-b652-03cd51d8645e] Created FlowFile[1561,100418697880253.mockFlowFile,23B] from FlowFile[1560,100418697880253.mockFlowFile,23B]; routing to relationship simple
[pool-3102-thread-1] INFO org.apache.nifi.processors.standard.RouteText - RouteText[id=bf0f7ccb-620f-4544-b652-03cd51d8645e] Routing FlowFile[1560,100418697880253.mockFlowFile,23B] to original
[main] DEBUG org.apache.nifi.processors.standard.RouteText - RouteText[id=bf0f7ccb-620f-4544-b652-03cd51d8645e] Adding new dynamic property: PropertyDescriptor[simple]
[pool-3103-thread-1] INFO org.apache.nifi.processors.standard.RouteText - RouteText[id=bf0f7ccb-620f-4544-b652-03cd51d8645e] Created FlowFile[1563,100418698302541.mockFlowFile,23B] from FlowFile[1562,100418698302541.mockFlowFile,23B]; routing to relationship simple
[pool-3103-thread-1] INFO org.apache.nifi.processors.standard.RouteText - RouteText[id=bf0f7ccb-620f-4544-b652-03cd51d8645e] Routing FlowFile[1562,100418698302541.mockFlowFile,23B] to original
[main] DEBUG org.apache.nifi.processors.standard.RouteText - RouteText[id=bf0f7ccb-620f-4544-b652-03cd51d8645e] Adding new dynamic property: PropertyDescriptor[simple]
[pool-3104-thread-1] INFO org.apache.nifi.processors.standard.RouteText - RouteText[id=bf0f7ccb-620f-4544-b652-03cd51d8645e] Created FlowFile[1565,100418698708748.mockFlowFile,23B] from FlowFile[1564,100418698708748.mockFlowFile,23B]; routing to relationship simple
[pool-3104-thread-1] INFO org.apache.nifi.processors.standard.RouteText - RouteText[id=bf0f7ccb-620f-4544-b652-03cd51d8645e] Routing FlowFile[1564,100418698708748.mockFlowFile,23B] to original
[main] DEBUG org.apache.nifi.processors.standard.RouteText - RouteText[id=bf0f7ccb-620f-4544-b652-03cd51d8645e] Adding new dynamic property: PropertyDescriptor[simple]
[pool-3105-thread-1] INFO org.apache.nifi.processors.standard.RouteText - RouteText[id=bf0f7ccb-620f-4544-b652-03cd51d8645e] Created FlowFile[1567,100418699164127.mockFlowFile,23B] from FlowFile[1566,100418699164127.mockFlowFile,23B]; routing to relationship simple
[pool-3105-thread-1] INFO org.apache.nifi.processors.standard.RouteText - RouteText[id=bf0f7ccb-620f-4544-b652-03cd51d8645e] Routing FlowFile[1566,100418699164127.mockFlowFile,23B] to original
[main] DEBUG org.apache.nifi.processors.standard.RouteText - RouteText[id=bf0f7ccb-620f-4544-b652-03cd51d8645e] Adding new dynamic property: PropertyDescriptor[simple]
[pool-3106-thread-1] INFO org.apache.nifi.processors.standard.RouteText - RouteText[id=bf0f7ccb-620f-4544-b652-03cd51d8645e] Created FlowFile[1569,100418699567682.mockFlowFile,23B] from FlowFile[1568,100418699567682.mockFlowFile,23B]; routing to relationship simple
[pool-3106-thread-1] INFO org.apache.nifi.processors.standard.RouteText - RouteText[id=bf0f7ccb-620f-4544-b652-03cd51d8645e] Routing FlowFile[1568,100418699567682.mockFlowFile,23B] to original
[main] DEBUG org.apache.nifi.processors.standard.RouteText - RouteText[id=bf0f7ccb-620f-4544-b652-03cd51d8645e] Adding new dynamic property: PropertyDescriptor[simple]
[pool-3107-thread-1] INFO org.apache.nifi.processors.standard.RouteText - RouteText[id=bf0f7ccb-620f-4544-b652-03cd51d8645e] Created FlowFile[1571,100418699968963.mockFlowFile,23B] from FlowFile[1570,100418699968963.mockFlowFile,23B]; routing to relationship simple
[pool-3107-thread-1] INFO org.apache.nifi.processors.standard.RouteText - RouteText[id=bf0f7ccb-620f-4544-b652-03cd51d8645e] Routing FlowFile[1570,100418699968963.mockFlowFile,23B] to original
[main] DEBUG org.apache.nifi.processors.standard.RouteText - RouteText[id=bf0f7ccb-620f-4544-b652-03cd51d8645e] Adding new dynamic property: PropertyDescriptor[simple]
[pool-3108-thread-1] INFO org.apache.nifi.processors.standard.RouteText - RouteText[id=bf0f7ccb-620f-4544-b652-03cd51d8645e] Created FlowFile[1573,100418700330073.mockFlowFile,23B] from FlowFile[1572,100418700330073.mockFlowFile,23B]; routing to relationship simple
[pool-3108-thread-1] INFO org.apache.nifi.processors.standard.RouteText - RouteText[id=bf0f7ccb-620f-4544-b652-03cd51d8645e] Routing FlowFile[1572,100418700330073.mockFlowFile,23B] to original
[main] DEBUG org.apache.nifi.processors.standard.RouteText - RouteText[id=bf0f7ccb-620f-4544-b652-03cd51d8645e] Adding new dynamic property: PropertyDescriptor[simple]
[pool-3109-thread-1] INFO org.apache.nifi.processors.standard.RouteText - RouteText[id=bf0f7ccb-620f-4544-b652-03cd51d8645e] Created FlowFile[1575,100418700745886.mockFlowFile,23B] from FlowFile[1574,100418700745886.mockFlowFile,23B]; routing to relationship simple
[pool-3109-thread-1] INFO org.apache.nifi.processors.standard.RouteText - RouteText[id=bf0f7ccb-620f-4544-b652-03cd51d8645e] Routing FlowFile[1574,100418700745886.mockFlowFile,23B] to original
[main] DEBUG org.apache.nifi.processors.standard.RouteText - RouteText[id=bf0f7ccb-620f-4544-b652-03cd51d8645e] Adding new dynamic property: PropertyDescriptor[simple]
[pool-3110-thread-1] INFO org.apache.nifi.processors.standard.RouteText - RouteText[id=bf0f7ccb-620f-4544-b652-03cd51d8645e] Created FlowFile[1577,100418701146098.mockFlowFile,23B] from FlowFile[1576,100418701146098.mockFlowFile,23B]; routing to relationship simple
[pool-3110-thread-1] INFO org.apache.nifi.processors.standard.RouteText - RouteText[id=bf0f7ccb-620f-4544-b652-03cd51d8645e] Routing FlowFile[1576,100418701146098.mockFlowFile,23B] to original
[main] DEBUG org.apache.nifi.processors.standard.RouteText - RouteText[id=bf0f7ccb-620f-4544-b652-03cd51d8645e] Adding new dynamic property: PropertyDescriptor[simple]
[pool-3111-thread-1] INFO org.apache.nifi.processors.standard.RouteText - RouteText[id=bf0f7ccb-620f-4544-b652-03cd51d8645e] Created FlowFile[1579,100418701542891.mockFlowFile,23B] from FlowFile[1578,100418701542891.mockFlowFile,23B]; routing to relationship simple
[pool-3111-thread-1] INFO org.apache.nifi.processors.standard.RouteText - RouteText[id=bf0f7ccb-620f-4544-b652-03cd51d8645e] Routing FlowFile[1578,100418701542891.mockFlowFile,23B] to original
[main] DEBUG org.apache.nifi.processors.standard.RouteText - RouteText[id=bf0f7ccb-620f-4544-b652-03cd51d8645e] Adding new dynamic property: PropertyDescriptor[simple]
[pool-3112-thread-1] INFO org.apache.nifi.processors.standard.RouteText - RouteText[id=bf0f7ccb-620f-4544-b652-03cd51d8645e] Created FlowFile[1581,100418701934272.mockFlowFile,23B] from FlowFile[1580,100418701934272.mockFlowFile,23B]; routing to relationship simple
[pool-3112-thread-1] INFO org.apache.nifi.processors.standard.RouteText - RouteText[id=bf0f7ccb-620f-4544-b652-03cd51d8645e] Routing FlowFile[1580,100418701934272.mockFlowFile,23B] to original
[main] DEBUG org.apache.nifi.processors.standard.RouteText - RouteText[id=bf0f7ccb-620f-4544-b652-03cd51d8645e] Adding new dynamic property: PropertyDescriptor[simple]
[pool-3113-thread-1] INFO org.apache.nifi.processors.standard.RouteText - RouteText[id=bf0f7ccb-620f-4544-b652-03cd51d8645e] Created FlowFile[1583,100418702324636.mockFlowFile,23B] from FlowFile[1582,100418702324636.mockFlowFile,23B]; routing to relationship simple
[pool-3113-thread-1] INFO org.apache.nifi.processors.standard.RouteText - RouteText[id=bf0f7ccb-620f-4544-b652-03cd51d8645e] Routing FlowFile[1582,100418702324636.mockFlowFile,23B] to original
[main] DEBUG org.apache.nifi.processors.standard.RouteText - RouteText[id=bf0f7ccb-620f-4544-b652-03cd51d8645e] Adding new dynamic property: PropertyDescriptor[simple]
[pool-3114-thread-1] INFO org.apache.nifi.processors.standard.RouteText - RouteText[id=bf0f7ccb-620f-4544-b652-03cd51d8645e] Created FlowFile[1585,100418702722341.mockFlowFile,23B] from FlowFile[1584,100418702722341.mockFlowFile,23B]; routing to relationship simple
[pool-3114-thread-1] INFO org.apache.nifi.processors.standard.RouteText - RouteText[id=bf0f7ccb-620f-4544-b652-03cd51d8645e] Routing FlowFile[1584,100418702722341.mockFlowFile,23B] to original
[main] DEBUG org.apache.nifi.processors.standard.RouteText - RouteText[id=bf0f7ccb-620f-4544-b652-03cd51d8645e] Adding new dynamic property: PropertyDescriptor[simple]
[pool-3115-thread-1] INFO org.apache.nifi.processors.standard.RouteText - RouteText[id=bf0f7ccb-620f-4544-b652-03cd51d8645e] Created FlowFile[1587,100418703120330.mockFlowFile,23B] from FlowFile[1586,100418703120330.mockFlowFile,23B]; routing to relationship simple
[pool-3115-thread-1] INFO org.apache.nifi.processors.standard.RouteText - RouteText[id=bf0f7ccb-620f-4544-b652-03cd51d8645e] Routing FlowFile[1586,100418703120330.mockFlowFile,23B] to original
[main] DEBUG org.apache.nifi.processors.standard.RouteText - RouteText[id=bf0f7ccb-620f-4544-b652-03cd51d8645e] Adding new dynamic property: PropertyDescriptor[simple]
[pool-3116-thread-1] INFO org.apache.nifi.processors.standard.RouteText - RouteText[id=bf0f7ccb-620f-4544-b652-03cd51d8645e] Created FlowFile[1589,100418703525885.mockFlowFile,23B] from FlowFile[1588,100418703525885.mockFlowFile,23B]; routing to relationship simple
[pool-3116-thread-1] INFO org.apache.nifi.processors.standard.RouteText - RouteText[id=bf0f7ccb-620f-4544-b652-03cd51d8645e] Routing FlowFile[1588,100418703525885.mockFlowFile,23B] to original
[main] DEBUG org.apache.nifi.processors.standard.RouteText - RouteText[id=bf0f7ccb-620f-4544-b652-03cd51d8645e] Adding new dynamic property: PropertyDescriptor[simple]
[pool-3117-thread-1] INFO org.apache.nifi.processors.standard.RouteText - RouteText[id=bf0f7ccb-620f-4544-b652-03cd51d8645e] Created FlowFile[1591,100418703981706.mockFlowFile,23B] from FlowFile[1590,100418703981706.mockFlowFile,23B]; routing to relationship simple
[pool-3117-thread-1] INFO org.apache.nifi.processors.standard.RouteText - RouteText[id=bf0f7ccb-620f-4544-b652-03cd51d8645e] Routing FlowFile[1590,100418703981706.mockFlowFile,23B] to original
[main] DEBUG org.apache.nifi.processors.standard.RouteText - RouteText[id=bf0f7ccb-620f-4544-b652-03cd51d8645e] Adding new dynamic property: PropertyDescriptor[simple]
[pool-3118-thread-1] INFO org.apache.nifi.processors.standard.RouteText - RouteText[id=bf0f7ccb-620f-4544-b652-03cd51d8645e] Created FlowFile[1593,100418704544108.mockFlowFile,23B] from FlowFile[1592,100418704544108.mockFlowFile,23B]; routing to relationship simple
[pool-3118-thread-1] INFO org.apache.nifi.processors.standard.RouteText - RouteText[id=bf0f7ccb-620f-4544-b652-03cd51d8645e] Routing FlowFile[1592,100418704544108.mockFlowFile,23B] to original
[main] DEBUG org.apache.nifi.processors.standard.RouteText - RouteText[id=bf0f7ccb-620f-4544-b652-03cd51d8645e] Adding new dynamic property: PropertyDescriptor[simple]
[pool-3119-thread-1] INFO org.apache.nifi.processors.standard.RouteText - RouteText[id=bf0f7ccb-620f-4544-b652-03cd51d8645e] Created FlowFile[1595,100418705082057.mockFlowFile,23B] from FlowFile[1594,100418705082057.mockFlowFile,23B]; routing to relationship simple
[pool-3119-thread-1] INFO org.apache.nifi.processors.standard.RouteText - RouteText[id=bf0f7ccb-620f-4544-b652-03cd51d8645e] Routing FlowFile[1594,100418705082057.mockFlowFile,23B] to original
[main] DEBUG org.apache.nifi.processors.standard.RouteText - RouteText[id=bf0f7ccb-620f-4544-b652-03cd51d8645e] Adding new dynamic property: PropertyDescriptor[simple]
[pool-3120-thread-1] INFO org.apache.nifi.processors.standard.RouteText - RouteText[id=bf0f7ccb-620f-4544-b652-03cd51d8645e] Created FlowFile[1597,100418705545376.mockFlowFile,23B] from FlowFile[1596,100418705545376.mockFlowFile,23B]; routing to relationship simple
[pool-3120-thread-1] INFO org.apache.nifi.processors.standard.RouteText - RouteText[id=bf0f7ccb-620f-4544-b652-03cd51d8645e] Routing FlowFile[1596,100418705545376.mockFlowFile,23B] to original
[main] DEBUG org.apache.nifi.processors.standard.RouteText - RouteText[id=bf0f7ccb-620f-4544-b652-03cd51d8645e] Adding new dynamic property: PropertyDescriptor[simple]
[pool-3121-thread-1] INFO org.apache.nifi.processors.standard.RouteText - RouteText[id=bf0f7ccb-620f-4544-b652-03cd51d8645e] Created FlowFile[1599,100418706076666.mockFlowFile,23B] from FlowFile[1598,100418706076666.mockFlowFile,23B]; routing to relationship simple
[pool-3121-thread-1] INFO org.apache.nifi.processors.standard.RouteText - RouteText[id=bf0f7ccb-620f-4544-b652-03cd51d8645e] Routing FlowFile[1598,100418706076666.mockFlowFile,23B] to original
[main] DEBUG org.apache.nifi.processors.standard.RouteText - RouteText[id=bf0f7ccb-620f-4544-b652-03cd51d8645e] Adding new dynamic property: PropertyDescriptor[simple]
[pool-3122-thread-1] INFO org.apache.nifi.processors.standard.RouteText - RouteText[id=bf0f7ccb-620f-4544-b652-03cd51d8645e] Created FlowFile[1601,100418706521038.mockFlowFile,23B] from FlowFile[1600,100418706521038.mockFlowFile,23B]; routing to relationship simple
[pool-3122-thread-1] INFO org.apache.nifi.processors.standard.RouteText - RouteText[id=bf0f7ccb-620f-4544-b652-03cd51d8645e] Routing FlowFile[1600,100418706521038.mockFlowFile,23B] to original
[main] DEBUG org.apache.nifi.processors.standard.RouteText - RouteText[id=bf0f7ccb-620f-4544-b652-03cd51d8645e] Adding new dynamic property: PropertyDescriptor[simple]
[pool-3123-thread-1] INFO org.apache.nifi.processors.standard.RouteText - RouteText[id=bf0f7ccb-620f-4544-b652-03cd51d8645e] Created FlowFile[1603,100418706999628.mockFlowFile,23B] from FlowFile[1602,100418706999628.mockFlowFile,23B]; routing to relationship simple
[pool-3123-thread-1] INFO org.apache.nifi.processors.standard.RouteText - RouteText[id=bf0f7ccb-620f-4544-b652-03cd51d8645e] Routing FlowFile[1602,100418706999628.mockFlowFile,23B] to original
[main] DEBUG org.apache.nifi.processors.standard.RouteText - RouteText[id=bf0f7ccb-620f-4544-b652-03cd51d8645e] Adding new dynamic property: PropertyDescriptor[simple]
[pool-3124-thread-1] INFO org.apache.nifi.processors.standard.RouteText - RouteText[id=bf0f7ccb-620f-4544-b652-03cd51d8645e] Created FlowFile[1605,100418707390520.mockFlowFile,23B] from FlowFile[1604,100418707390520.mockFlowFile,23B]; routing to relationship simple
[pool-3124-thread-1] INFO org.apache.nifi.processors.standard.RouteText - RouteText[id=bf0f7ccb-620f-4544-b652-03cd51d8645e] Routing FlowFile[1604,100418707390520.mockFlowFile,23B] to original
[main] DEBUG org.apache.nifi.processors.standard.RouteText - RouteText[id=bf0f7ccb-620f-4544-b652-03cd51d8645e] Adding new dynamic property: PropertyDescriptor[simple]
[pool-3125-thread-1] INFO org.apache.nifi.processors.standard.RouteText - RouteText[id=bf0f7ccb-620f-4544-b652-03cd51d8645e] Created FlowFile[1607,100418707784726.mockFlowFile,23B] from FlowFile[1606,100418707784726.mockFlowFile,23B]; routing to relationship simple
[pool-3125-thread-1] INFO org.apache.nifi.processors.standard.RouteText - RouteText[id=bf0f7ccb-620f-4544-b652-03cd51d8645e] Routing FlowFile[1606,100418707784726.mockFlowFile,23B] to original
[main] DEBUG org.apache.nifi.processors.standard.RouteText - RouteText[id=bf0f7ccb-620f-4544-b652-03cd51d8645e] Adding new dynamic property: PropertyDescriptor[simple]
[pool-3126-thread-1] INFO org.apache.nifi.processors.standard.RouteText - RouteText[id=bf0f7ccb-620f-4544-b652-03cd51d8645e] Created FlowFile[1609,100418708189440.mockFlowFile,23B] from FlowFile[1608,100418708189440.mockFlowFile,23B]; routing to relationship simple
[pool-3126-thread-1] INFO org.apache.nifi.processors.standard.RouteText - RouteText[id=bf0f7ccb-620f-4544-b652-03cd51d8645e] Routing FlowFile[1608,100418708189440.mockFlowFile,23B] to original
[main] DEBUG org.apache.nifi.processors.standard.RouteText - RouteText[id=bf0f7ccb-620f-4544-b652-03cd51d8645e] Adding new dynamic property: PropertyDescriptor[simple]
[pool-3127-thread-1] INFO org.apache.nifi.processors.standard.RouteText - RouteText[id=bf0f7ccb-620f-4544-b652-03cd51d8645e] Created FlowFile[1611,100418708532789.mockFlowFile,23B] from FlowFile[1610,100418708532789.mockFlowFile,23B]; routing to relationship simple
[pool-3127-thread-1] INFO org.apache.nifi.processors.standard.RouteText - RouteText[id=bf0f7ccb-620f-4544-b652-03cd51d8645e] Routing FlowFile[1610,100418708532789.mockFlowFile,23B] to original
[main] DEBUG org.apache.nifi.processors.standard.RouteText - RouteText[id=bf0f7ccb-620f-4544-b652-03cd51d8645e] Adding new dynamic property: PropertyDescriptor[simple]
[pool-3128-thread-1] INFO org.apache.nifi.processors.standard.RouteText - RouteText[id=bf0f7ccb-620f-4544-b652-03cd51d8645e] Created FlowFile[1613,100418708902993.mockFlowFile,23B] from FlowFile[1612,100418708902993.mockFlowFile,23B]; routing to relationship simple
[pool-3128-thread-1] INFO org.apache.nifi.processors.standard.RouteText - RouteText[id=bf0f7ccb-620f-4544-b652-03cd51d8645e] Routing FlowFile[1612,100418708902993.mockFlowFile,23B] to original
[main] DEBUG org.apache.nifi.processors.standard.RouteText - RouteText[id=bf0f7ccb-620f-4544-b652-03cd51d8645e] Adding new dynamic property: PropertyDescriptor[simple]
[pool-3129-thread-1] INFO org.apache.nifi.processors.standard.RouteText - RouteText[id=bf0f7ccb-620f-4544-b652-03cd51d8645e] Created FlowFile[1615,100418709259138.mockFlowFile,23B] from FlowFile[1614,100418709259138.mockFlowFile,23B]; routing to relationship simple
[pool-3129-thread-1] INFO org.apache.nifi.processors.standard.RouteText - RouteText[id=bf0f7ccb-620f-4544-b652-03cd51d8645e] Routing FlowFile[1614,100418709259138.mockFlowFile,23B] to original
[main] DEBUG org.apache.nifi.processors.standard.RouteText - RouteText[id=bf0f7ccb-620f-4544-b652-03cd51d8645e] Adding new dynamic property: PropertyDescriptor[simple]
[pool-3130-thread-1] INFO org.apache.nifi.processors.standard.RouteText - RouteText[id=bf0f7ccb-620f-4544-b652-03cd51d8645e] Created FlowFile[1617,100418709617692.mockFlowFile,23B] from FlowFile[1616,100418709617692.mockFlowFile,23B]; routing to relationship simple
[pool-3130-thread-1] INFO org.apache.nifi.processors.standard.RouteText - RouteText[id=bf0f7ccb-620f-4544-b652-03cd51d8645e] Routing FlowFile[1616,100418709617692.mockFlowFile,23B] to original
[main] DEBUG org.apache.nifi.processors.standard.RouteText - RouteText[id=bf0f7ccb-620f-4544-b652-03cd51d8645e] Adding new dynamic property: PropertyDescriptor[simple]
[pool-3131-thread-1] INFO org.apache.nifi.processors.standard.RouteText - RouteText[id=bf0f7ccb-620f-4544-b652-03cd51d8645e] Created FlowFile[1619,100418709966988.mockFlowFile,23B] from FlowFile[1618,100418709966988.mockFlowFile,23B]; routing to relationship simple
[pool-3131-thread-1] INFO org.apache.nifi.processors.standard.RouteText - RouteText[id=bf0f7ccb-620f-4544-b652-03cd51d8645e] Routing FlowFile[1618,100418709966988.mockFlowFile,23B] to original
[main] DEBUG org.apache.nifi.processors.standard.RouteText - RouteText[id=bf0f7ccb-620f-4544-b652-03cd51d8645e] Adding new dynamic property: PropertyDescriptor[simple]
[pool-3132-thread-1] INFO org.apache.nifi.processors.standard.RouteText - RouteText[id=bf0f7ccb-620f-4544-b652-03cd51d8645e] Created FlowFile[1621,100418710347854.mockFlowFile,23B] from FlowFile[1620,100418710347854.mockFlowFile,23B]; routing to relationship simple
[pool-3132-thread-1] INFO org.apache.nifi.processors.standard.RouteText - RouteText[id=bf0f7ccb-620f-4544-b652-03cd51d8645e] Routing FlowFile[1620,100418710347854.mockFlowFile,23B] to original
[main] DEBUG org.apache.nifi.processors.standard.RouteText - RouteText[id=bf0f7ccb-620f-4544-b652-03cd51d8645e] Adding new dynamic property: PropertyDescriptor[simple]
[pool-3133-thread-1] INFO org.apache.nifi.processors.standard.RouteText - RouteText[id=bf0f7ccb-620f-4544-b652-03cd51d8645e] Created FlowFile[1623,100418710755265.mockFlowFile,23B] from FlowFile[1622,100418710755265.mockFlowFile,23B]; routing to relationship simple
[pool-3133-thread-1] INFO org.apache.nifi.processors.standard.RouteText - RouteText[id=bf0f7ccb-620f-4544-b652-03cd51d8645e] Routing FlowFile[1622,100418710755265.mockFlowFile,23B] to original
[main] DEBUG org.apache.nifi.processors.standard.RouteText - RouteText[id=bf0f7ccb-620f-4544-b652-03cd51d8645e] Adding new dynamic property: PropertyDescriptor[simple]
[pool-3134-thread-1] INFO org.apache.nifi.processors.standard.RouteText - RouteText[id=bf0f7ccb-620f-4544-b652-03cd51d8645e] Created FlowFile[1625,100418711152325.mockFlowFile,23B] from FlowFile[1624,100418711152325.mockFlowFile,23B]; routing to relationship simple
[pool-3134-thread-1] INFO org.apache.nifi.processors.standard.RouteText - RouteText[id=bf0f7ccb-620f-4544-b652-03cd51d8645e] Routing FlowFile[1624,100418711152325.mockFlowFile,23B] to original
[main] DEBUG org.apache.nifi.processors.standard.RouteText - RouteText[id=bf0f7ccb-620f-4544-b652-03cd51d8645e] Adding new dynamic property: PropertyDescriptor[simple]
[pool-3135-thread-1] INFO org.apache.nifi.processors.standard.RouteText - RouteText[id=bf0f7ccb-620f-4544-b652-03cd51d8645e] Created FlowFile[1627,100418711510044.mockFlowFile,23B] from FlowFile[1626,100418711510044.mockFlowFile,23B]; routing to relationship simple
[pool-3135-thread-1] INFO org.apache.nifi.processors.standard.RouteText - RouteText[id=bf0f7ccb-620f-4544-b652-03cd51d8645e] Routing FlowFile[1626,100418711510044.mockFlowFile,23B] to original
[main] DEBUG org.apache.nifi.processors.standard.RouteText - RouteText[id=bf0f7ccb-620f-4544-b652-03cd51d8645e] Adding new dynamic property: PropertyDescriptor[simple]
[pool-3136-thread-1] INFO org.apache.nifi.processors.standard.RouteText - RouteText[id=bf0f7ccb-620f-4544-b652-03cd51d8645e] Created FlowFile[1629,100418711915671.mockFlowFile,23B] from FlowFile[1628,100418711915671.mockFlowFile,23B]; routing to relationship simple
[pool-3136-thread-1] INFO org.apache.nifi.processors.standard.RouteText - RouteText[id=bf0f7ccb-620f-4544-b652-03cd51d8645e] Routing FlowFile[1628,100418711915671.mockFlowFile,23B] to original
[main] DEBUG org.apache.nifi.processors.standard.RouteText - RouteText[id=bf0f7ccb-620f-4544-b652-03cd51d8645e] Adding new dynamic property: PropertyDescriptor[simple]
[pool-3137-thread-1] INFO org.apache.nifi.processors.standard.RouteText - RouteText[id=bf0f7ccb-620f-4544-b652-03cd51d8645e] Created FlowFile[1631,100418712347881.mockFlowFile,23B] from FlowFile[1630,100418712347881.mockFlowFile,23B]; routing to relationship simple
[pool-3137-thread-1] INFO org.apache.nifi.processors.standard.RouteText - RouteText[id=bf0f7ccb-620f-4544-b652-03cd51d8645e] Routing FlowFile[1630,100418712347881.mockFlowFile,23B] to original
[main] DEBUG org.apache.nifi.processors.standard.RouteText - RouteText[id=bf0f7ccb-620f-4544-b652-03cd51d8645e] Adding new dynamic property: PropertyDescriptor[simple]
[pool-3138-thread-1] INFO org.apache.nifi.processors.standard.RouteText - RouteText[id=bf0f7ccb-620f-4544-b652-03cd51d8645e] Created FlowFile[1633,100418712854177.mockFlowFile,23B] from FlowFile[1632,100418712854177.mockFlowFile,23B]; routing to relationship simple
[pool-3138-thread-1] INFO org.apache.nifi.processors.standard.RouteText - RouteText[id=bf0f7ccb-620f-4544-b652-03cd51d8645e] Routing FlowFile[1632,100418712854177.mockFlowFile,23B] to original
[main] DEBUG org.apache.nifi.processors.standard.RouteText - RouteText[id=bf0f7ccb-620f-4544-b652-03cd51d8645e] Adding new dynamic property: PropertyDescriptor[simple]
[pool-3139-thread-1] INFO org.apache.nifi.processors.standard.RouteText - RouteText[id=bf0f7ccb-620f-4544-b652-03cd51d8645e] Created FlowFile[1635,100418713308660.mockFlowFile,23B] from FlowFile[1634,100418713308660.mockFlowFile,23B]; routing to relationship simple
[pool-3139-thread-1] INFO org.apache.nifi.processors.standard.RouteText - RouteText[id=bf0f7ccb-620f-4544-b652-03cd51d8645e] Routing FlowFile[1634,100418713308660.mockFlowFile,23B] to original
[main] DEBUG org.apache.nifi.processors.standard.RouteText - RouteText[id=bf0f7ccb-620f-4544-b652-03cd51d8645e] Adding new dynamic property: PropertyDescriptor[simple]
[pool-3140-thread-1] INFO org.apache.nifi.processors.standard.RouteText - RouteText[id=bf0f7ccb-620f-4544-b652-03cd51d8645e] Created FlowFile[1637,100418713765356.mockFlowFile,23B] from FlowFile[1636,100418713765356.mockFlowFile,23B]; routing to relationship simple
[pool-3140-thread-1] INFO org.apache.nifi.processors.standard.RouteText - RouteText[id=bf0f7ccb-620f-4544-b652-03cd51d8645e] Routing FlowFile[1636,100418713765356.mockFlowFile,23B] to original
[main] DEBUG org.apache.nifi.processors.standard.RouteText - RouteText[id=bf0f7ccb-620f-4544-b652-03cd51d8645e] Adding new dynamic property: PropertyDescriptor[simple]
[pool-3141-thread-1] INFO org.apache.nifi.processors.standard.RouteText - RouteText[id=bf0f7ccb-620f-4544-b652-03cd51d8645e] Created FlowFile[1639,100418714294587.mockFlowFile,23B] from FlowFile[1638,100418714294587.mockFlowFile,23B]; routing to relationship simple
[pool-3141-thread-1] INFO org.apache.nifi.processors.standard.RouteText - RouteText[id=bf0f7ccb-620f-4544-b652-03cd51d8645e] Routing FlowFile[1638,100418714294587.mockFlowFile,23B] to original
[main] DEBUG org.apache.nifi.processors.standard.RouteText - RouteText[id=bf0f7ccb-620f-4544-b652-03cd51d8645e] Adding new dynamic property: PropertyDescriptor[simple]
[pool-3142-thread-1] INFO org.apache.nifi.processors.standard.RouteText - RouteText[id=bf0f7ccb-620f-4544-b652-03cd51d8645e] Created FlowFile[1641,100418714827004.mockFlowFile,23B] from FlowFile[1640,100418714827004.mockFlowFile,23B]; routing to relationship simple
[pool-3142-thread-1] INFO org.apache.nifi.processors.standard.RouteText - RouteText[id=bf0f7ccb-620f-4544-b652-03cd51d8645e] Routing FlowFile[1640,100418714827004.mockFlowFile,23B] to original
[main] DEBUG org.apache.nifi.processors.standard.RouteText - RouteText[id=bf0f7ccb-620f-4544-b652-03cd51d8645e] Adding new dynamic property: PropertyDescriptor[simple]
[pool-3143-thread-1] INFO org.apache.nifi.processors.standard.RouteText - RouteText[id=bf0f7ccb-620f-4544-b652-03cd51d8645e] Created FlowFile[1643,100418715324316.mockFlowFile,23B] from FlowFile[1642,100418715324316.mockFlowFile,23B]; routing to relationship simple
[pool-3143-thread-1] INFO org.apache.nifi.processors.standard.RouteText - RouteText[id=bf0f7ccb-620f-4544-b652-03cd51d8645e] Routing FlowFile[1642,100418715324316.mockFlowFile,23B] to original
[main] DEBUG org.apache.nifi.processors.standard.RouteText - RouteText[id=bf0f7ccb-620f-4544-b652-03cd51d8645e] Adding new dynamic property: PropertyDescriptor[simple]
[pool-3144-thread-1] INFO org.apache.nifi.processors.standard.RouteText - RouteText[id=bf0f7ccb-620f-4544-b652-03cd51d8645e] Created FlowFile[1645,100418715809457.mockFlowFile,23B] from FlowFile[1644,100418715809457.mockFlowFile,23B]; routing to relationship simple
[pool-3144-thread-1] INFO org.apache.nifi.processors.standard.RouteText - RouteText[id=bf0f7ccb-620f-4544-b652-03cd51d8645e] Routing FlowFile[1644,100418715809457.mockFlowFile,23B] to original
[main] DEBUG org.apache.nifi.processors.standard.RouteText - RouteText[id=bf0f7ccb-620f-4544-b652-03cd51d8645e] Adding new dynamic property: PropertyDescriptor[simple]
[pool-3145-thread-1] INFO org.apache.nifi.processors.standard.RouteText - RouteText[id=bf0f7ccb-620f-4544-b652-03cd51d8645e] Created FlowFile[1647,100418716257054.mockFlowFile,23B] from FlowFile[1646,100418716257054.mockFlowFile,23B]; routing to relationship simple
[pool-3145-thread-1] INFO org.apache.nifi.processors.standard.RouteText - RouteText[id=bf0f7ccb-620f-4544-b652-03cd51d8645e] Routing FlowFile[1646,100418716257054.mockFlowFile,23B] to original
[main] DEBUG org.apache.nifi.processors.standard.RouteText - RouteText[id=bf0f7ccb-620f-4544-b652-03cd51d8645e] Adding new dynamic property: PropertyDescriptor[simple]
[pool-3146-thread-1] INFO org.apache.nifi.processors.standard.RouteText - RouteText[id=bf0f7ccb-620f-4544-b652-03cd51d8645e] Created FlowFile[1649,100418716676343.mockFlowFile,23B] from FlowFile[1648,100418716676343.mockFlowFile,23B]; routing to relationship simple
[pool-3146-thread-1] INFO org.apache.nifi.processors.standard.RouteText - RouteText[id=bf0f7ccb-620f-4544-b652-03cd51d8645e] Routing FlowFile[1648,100418716676343.mockFlowFile,23B] to original
[main] DEBUG org.apache.nifi.processors.standard.RouteText - RouteText[id=bf0f7ccb-620f-4544-b652-03cd51d8645e] Adding new dynamic property: PropertyDescriptor[simple]
[pool-3147-thread-1] INFO org.apache.nifi.processors.standard.RouteText - RouteText[id=bf0f7ccb-620f-4544-b652-03cd51d8645e] Created FlowFile[1651,100418717142740.mockFlowFile,23B] from FlowFile[1650,100418717142740.mockFlowFile,23B]; routing to relationship simple
[pool-3147-thread-1] INFO org.apache.nifi.processors.standard.RouteText - RouteText[id=bf0f7ccb-620f-4544-b652-03cd51d8645e] Routing FlowFile[1650,100418717142740.mockFlowFile,23B] to original
[main] DEBUG org.apache.nifi.processors.standard.RouteText - RouteText[id=bf0f7ccb-620f-4544-b652-03cd51d8645e] Adding new dynamic property: PropertyDescriptor[simple]
[pool-3148-thread-1] INFO org.apache.nifi.processors.standard.RouteText - RouteText[id=bf0f7ccb-620f-4544-b652-03cd51d8645e] Created FlowFile[1653,100418717617803.mockFlowFile,23B] from FlowFile[1652,100418717617803.mockFlowFile,23B]; routing to relationship simple
[pool-3148-thread-1] INFO org.apache.nifi.processors.standard.RouteText - RouteText[id=bf0f7ccb-620f-4544-b652-03cd51d8645e] Routing FlowFile[1652,100418717617803.mockFlowFile,23B] to original
[main] DEBUG org.apache.nifi.processors.standard.RouteText - RouteText[id=bf0f7ccb-620f-4544-b652-03cd51d8645e] Adding new dynamic property: PropertyDescriptor[simple]
[pool-3149-thread-1] INFO org.apache.nifi.processors.standard.RouteText - RouteText[id=bf0f7ccb-620f-4544-b652-03cd51d8645e] Created FlowFile[1655,100418718188322.mockFlowFile,23B] from FlowFile[1654,100418718188322.mockFlowFile,23B]; routing to relationship simple
[pool-3149-thread-1] INFO org.apache.nifi.processors.standard.RouteText - RouteText[id=bf0f7ccb-620f-4544-b652-03cd51d8645e] Routing FlowFile[1654,100418718188322.mockFlowFile,23B] to original
[main] DEBUG org.apache.nifi.processors.standard.RouteText - RouteText[id=bf0f7ccb-620f-4544-b652-03cd51d8645e] Adding new dynamic property: PropertyDescriptor[simple]
[pool-3150-thread-1] INFO org.apache.nifi.processors.standard.RouteText - RouteText[id=bf0f7ccb-620f-4544-b652-03cd51d8645e] Created FlowFile[1657,100418718731897.mockFlowFile,23B] from FlowFile[1656,100418718731897.mockFlowFile,23B]; routing to relationship simple
[pool-3150-thread-1] INFO org.apache.nifi.processors.standard.RouteText - RouteText[id=bf0f7ccb-620f-4544-b652-03cd51d8645e] Routing FlowFile[1656,100418718731897.mockFlowFile,23B] to original
[main] DEBUG org.apache.nifi.processors.standard.RouteText - RouteText[id=bf0f7ccb-620f-4544-b652-03cd51d8645e] Adding new dynamic property: PropertyDescriptor[simple]
[pool-3151-thread-1] INFO org.apache.nifi.processors.standard.RouteText - RouteText[id=bf0f7ccb-620f-4544-b652-03cd51d8645e] Created FlowFile[1659,100418719230784.mockFlowFile,23B] from FlowFile[1658,100418719230784.mockFlowFile,23B]; routing to relationship simple
[pool-3151-thread-1] INFO org.apache.nifi.processors.standard.RouteText - RouteText[id=bf0f7ccb-620f-4544-b652-03cd51d8645e] Routing FlowFile[1658,100418719230784.mockFlowFile,23B] to original
[main] DEBUG org.apache.nifi.processors.standard.RouteText - RouteText[id=bf0f7ccb-620f-4544-b652-03cd51d8645e] Adding new dynamic property: PropertyDescriptor[simple]
[pool-3152-thread-1] INFO org.apache.nifi.processors.standard.RouteText - RouteText[id=bf0f7ccb-620f-4544-b652-03cd51d8645e] Created FlowFile[1661,100418719682567.mockFlowFile,23B] from FlowFile[1660,100418719682567.mockFlowFile,23B]; routing to relationship simple
[pool-3152-thread-1] INFO org.apache.nifi.processors.standard.RouteText - RouteText[id=bf0f7ccb-620f-4544-b652-03cd51d8645e] Routing FlowFile[1660,100418719682567.mockFlowFile,23B] to original
[main] DEBUG org.apache.nifi.processors.standard.RouteText - RouteText[id=bf0f7ccb-620f-4544-b652-03cd51d8645e] Adding new dynamic property: PropertyDescriptor[simple]
[pool-3153-thread-1] INFO org.apache.nifi.processors.standard.RouteText - RouteText[id=bf0f7ccb-620f-4544-b652-03cd51d8645e] Created FlowFile[1663,100418720138434.mockFlowFile,23B] from FlowFile[1662,100418720138434.mockFlowFile,23B]; routing to relationship simple
[pool-3153-thread-1] INFO org.apache.nifi.processors.standard.RouteText - RouteText[id=bf0f7ccb-620f-4544-b652-03cd51d8645e] Routing FlowFile[1662,100418720138434.mockFlowFile,23B] to original
[main] DEBUG org.apache.nifi.processors.standard.RouteText - RouteText[id=bf0f7ccb-620f-4544-b652-03cd51d8645e] Adding new dynamic property: PropertyDescriptor[simple]
[pool-3154-thread-1] INFO org.apache.nifi.processors.standard.RouteText - RouteText[id=bf0f7ccb-620f-4544-b652-03cd51d8645e] Created FlowFile[1665,100418720638972.mockFlowFile,23B] from FlowFile[1664,100418720638972.mockFlowFile,23B]; routing to relationship simple
[pool-3154-thread-1] INFO org.apache.nifi.processors.standard.RouteText - RouteText[id=bf0f7ccb-620f-4544-b652-03cd51d8645e] Routing FlowFile[1664,100418720638972.mockFlowFile,23B] to original
[main] DEBUG org.apache.nifi.processors.standard.RouteText - RouteText[id=bf0f7ccb-620f-4544-b652-03cd51d8645e] Adding new dynamic property: PropertyDescriptor[simple]
[pool-3155-thread-1] INFO org.apache.nifi.processors.standard.RouteText - RouteText[id=bf0f7ccb-620f-4544-b652-03cd51d8645e] Created FlowFile[1667,100418721130872.mockFlowFile,23B] from FlowFile[1666,100418721130872.mockFlowFile,23B]; routing to relationship simple
[pool-3155-thread-1] INFO org.apache.nifi.processors.standard.RouteText - RouteText[id=bf0f7ccb-620f-4544-b652-03cd51d8645e] Routing FlowFile[1666,100418721130872.mockFlowFile,23B] to original
[main] DEBUG org.apache.nifi.processors.standard.RouteText - RouteText[id=bf0f7ccb-620f-4544-b652-03cd51d8645e] Adding new dynamic property: PropertyDescriptor[simple]
[pool-3156-thread-1] INFO org.apache.nifi.processors.standard.RouteText - RouteText[id=bf0f7ccb-620f-4544-b652-03cd51d8645e] Created FlowFile[1669,100418722741121.mockFlowFile,23B] from FlowFile[1668,100418722741121.mockFlowFile,23B]; routing to relationship simple
[pool-3156-thread-1] INFO org.apache.nifi.processors.standard.RouteText - RouteText[id=bf0f7ccb-620f-4544-b652-03cd51d8645e] Routing FlowFile[1668,100418722741121.mockFlowFile,23B] to original
[main] DEBUG org.apache.nifi.processors.standard.RouteText - RouteText[id=bf0f7ccb-620f-4544-b652-03cd51d8645e] Adding new dynamic property: PropertyDescriptor[simple]
[pool-3157-thread-1] INFO org.apache.nifi.processors.standard.RouteText - RouteText[id=bf0f7ccb-620f-4544-b652-03cd51d8645e] Created FlowFile[1671,100418723435831.mockFlowFile,23B] from FlowFile[1670,100418723435831.mockFlowFile,23B]; routing to relationship simple
[pool-3157-thread-1] INFO org.apache.nifi.processors.standard.RouteText - RouteText[id=bf0f7ccb-620f-4544-b652-03cd51d8645e] Routing FlowFile[1670,100418723435831.mockFlowFile,23B] to original
[main] DEBUG org.apache.nifi.processors.standard.RouteText - RouteText[id=bf0f7ccb-620f-4544-b652-03cd51d8645e] Adding new dynamic property: PropertyDescriptor[simple]
[pool-3158-thread-1] INFO org.apache.nifi.processors.standard.RouteText - RouteText[id=bf0f7ccb-620f-4544-b652-03cd51d8645e] Created FlowFile[1673,100418723903588.mockFlowFile,23B] from FlowFile[1672,100418723903588.mockFlowFile,23B]; routing to relationship simple
[pool-3158-thread-1] INFO org.apache.nifi.processors.standard.RouteText - RouteText[id=bf0f7ccb-620f-4544-b652-03cd51d8645e] Routing FlowFile[1672,100418723903588.mockFlowFile,23B] to original
[main] DEBUG org.apache.nifi.processors.standard.RouteText - RouteText[id=bf0f7ccb-620f-4544-b652-03cd51d8645e] Adding new dynamic property: PropertyDescriptor[simple]
[pool-3159-thread-1] INFO org.apache.nifi.processors.standard.RouteText - RouteText[id=bf0f7ccb-620f-4544-b652-03cd51d8645e] Created FlowFile[1675,100418724353054.mockFlowFile,23B] from FlowFile[1674,100418724353054.mockFlowFile,23B]; routing to relationship simple
[pool-3159-thread-1] INFO org.apache.nifi.processors.standard.RouteText - RouteText[id=bf0f7ccb-620f-4544-b652-03cd51d8645e] Routing FlowFile[1674,100418724353054.mockFlowFile,23B] to original
[main] DEBUG org.apache.nifi.processors.standard.RouteText - RouteText[id=bf0f7ccb-620f-4544-b652-03cd51d8645e] Adding new dynamic property: PropertyDescriptor[simple]
[pool-3160-thread-1] INFO org.apache.nifi.processors.standard.RouteText - RouteText[id=bf0f7ccb-620f-4544-b652-03cd51d8645e] Created FlowFile[1677,100418724788629.mockFlowFile,23B] from FlowFile[1676,100418724788629.mockFlowFile,23B]; routing to relationship simple
[pool-3160-thread-1] INFO org.apache.nifi.processors.standard.RouteText - RouteText[id=bf0f7ccb-620f-4544-b652-03cd51d8645e] Routing FlowFile[1676,100418724788629.mockFlowFile,23B] to original
[main] DEBUG org.apache.nifi.processors.standard.RouteText - RouteText[id=bf0f7ccb-620f-4544-b652-03cd51d8645e] Adding new dynamic property: PropertyDescriptor[simple]
[pool-3161-thread-1] INFO org.apache.nifi.processors.standard.RouteText - RouteText[id=bf0f7ccb-620f-4544-b652-03cd51d8645e] Created FlowFile[1679,100418725177522.mockFlowFile,23B] from FlowFile[1678,100418725177522.mockFlowFile,23B]; routing to relationship simple
[pool-3161-thread-1] INFO org.apache.nifi.processors.standard.RouteText - RouteText[id=bf0f7ccb-620f-4544-b652-03cd51d8645e] Routing FlowFile[1678,100418725177522.mockFlowFile,23B] to original
[main] DEBUG org.apache.nifi.processors.standard.RouteText - RouteText[id=bf0f7ccb-620f-4544-b652-03cd51d8645e] Adding new dynamic property: PropertyDescriptor[simple]
[pool-3162-thread-1] INFO org.apache.nifi.processors.standard.RouteText - RouteText[id=bf0f7ccb-620f-4544-b652-03cd51d8645e] Created FlowFile[1681,100418725569576.mockFlowFile,23B] from FlowFile[1680,100418725569576.mockFlowFile,23B]; routing to relationship simple
[pool-3162-thread-1] INFO org.apache.nifi.processors.standard.RouteText - RouteText[id=bf0f7ccb-620f-4544-b652-03cd51d8645e] Routing FlowFile[1680,100418725569576.mockFlowFile,23B] to original
[main] DEBUG org.apache.nifi.processors.standard.RouteText - RouteText[id=bf0f7ccb-620f-4544-b652-03cd51d8645e] Adding new dynamic property: PropertyDescriptor[simple]
[pool-3163-thread-1] INFO org.apache.nifi.processors.standard.RouteText - RouteText[id=bf0f7ccb-620f-4544-b652-03cd51d8645e] Created FlowFile[1683,100418725937291.mockFlowFile,23B] from FlowFile[1682,100418725937291.mockFlowFile,23B]; routing to relationship simple
[pool-3163-thread-1] INFO org.apache.nifi.processors.standard.RouteText - RouteText[id=bf0f7ccb-620f-4544-b652-03cd51d8645e] Routing FlowFile[1682,100418725937291.mockFlowFile,23B] to original
[main] DEBUG org.apache.nifi.processors.standard.RouteText - RouteText[id=bf0f7ccb-620f-4544-b652-03cd51d8645e] Adding new dynamic property: PropertyDescriptor[simple]
[pool-3164-thread-1] INFO org.apache.nifi.processors.standard.RouteText - RouteText[id=bf0f7ccb-620f-4544-b652-03cd51d8645e] Created FlowFile[1685,100418726330290.mockFlowFile,23B] from FlowFile[1684,100418726330290.mockFlowFile,23B]; routing to relationship simple
[pool-3164-thread-1] INFO org.apache.nifi.processors.standard.RouteText - RouteText[id=bf0f7ccb-620f-4544-b652-03cd51d8645e] Routing FlowFile[1684,100418726330290.mockFlowFile,23B] to original
[main] DEBUG org.apache.nifi.processors.standard.RouteText - RouteText[id=bf0f7ccb-620f-4544-b652-03cd51d8645e] Adding new dynamic property: PropertyDescriptor[simple]
[pool-3165-thread-1] INFO org.apache.nifi.processors.standard.RouteText - RouteText[id=bf0f7ccb-620f-4544-b652-03cd51d8645e] Created FlowFile[1687,100418726721080.mockFlowFile,23B] from FlowFile[1686,100418726721080.mockFlowFile,23B]; routing to relationship simple
[pool-3165-thread-1] INFO org.apache.nifi.processors.standard.RouteText - RouteText[id=bf0f7ccb-620f-4544-b652-03cd51d8645e] Routing FlowFile[1686,100418726721080.mockFlowFile,23B] to original
[main] DEBUG org.apache.nifi.processors.standard.RouteText - RouteText[id=bf0f7ccb-620f-4544-b652-03cd51d8645e] Adding new dynamic property: PropertyDescriptor[simple]
[pool-3166-thread-1] INFO org.apache.nifi.processors.standard.RouteText - RouteText[id=bf0f7ccb-620f-4544-b652-03cd51d8645e] Created FlowFile[1689,100418727282465.mockFlowFile,23B] from FlowFile[1688,100418727282465.mockFlowFile,23B]; routing to relationship simple
[pool-3166-thread-1] INFO org.apache.nifi.processors.standard.RouteText - RouteText[id=bf0f7ccb-620f-4544-b652-03cd51d8645e] Routing FlowFile[1688,100418727282465.mockFlowFile,23B] to original
[main] DEBUG org.apache.nifi.processors.standard.RouteText - RouteText[id=bf0f7ccb-620f-4544-b652-03cd51d8645e] Adding new dynamic property: PropertyDescriptor[simple]
[pool-3167-thread-1] INFO org.apache.nifi.processors.standard.RouteText - RouteText[id=bf0f7ccb-620f-4544-b652-03cd51d8645e] Created FlowFile[1691,100418727707869.mockFlowFile,23B] from FlowFile[1690,100418727707869.mockFlowFile,23B]; routing to relationship simple
[pool-3167-thread-1] INFO org.apache.nifi.processors.standard.RouteText - RouteText[id=bf0f7ccb-620f-4544-b652-03cd51d8645e] Routing FlowFile[1690,100418727707869.mockFlowFile,23B] to original
[main] DEBUG org.apache.nifi.processors.standard.RouteText - RouteText[id=bf0f7ccb-620f-4544-b652-03cd51d8645e] Adding new dynamic property: PropertyDescriptor[simple]
[pool-3168-thread-1] INFO org.apache.nifi.processors.standard.RouteText - RouteText[id=bf0f7ccb-620f-4544-b652-03cd51d8645e] Created FlowFile[1693,100418728113560.mockFlowFile,23B] from FlowFile[1692,100418728113560.mockFlowFile,23B]; routing to relationship simple
[pool-3168-thread-1] INFO org.apache.nifi.processors.standard.RouteText - RouteText[id=bf0f7ccb-620f-4544-b652-03cd51d8645e] Routing FlowFile[1692,100418728113560.mockFlowFile,23B] to original
[main] DEBUG org.apache.nifi.processors.standard.RouteText - RouteText[id=bf0f7ccb-620f-4544-b652-03cd51d8645e] Adding new dynamic property: PropertyDescriptor[simple]
[pool-3169-thread-1] INFO org.apache.nifi.processors.standard.RouteText - RouteText[id=bf0f7ccb-620f-4544-b652-03cd51d8645e] Created FlowFile[1695,100418728562669.mockFlowFile,23B] from FlowFile[1694,100418728562669.mockFlowFile,23B]; routing to relationship simple
[pool-3169-thread-1] INFO org.apache.nifi.processors.standard.RouteText - RouteText[id=bf0f7ccb-620f-4544-b652-03cd51d8645e] Routing FlowFile[1694,100418728562669.mockFlowFile,23B] to original
[main] DEBUG org.apache.nifi.processors.standard.RouteText - RouteText[id=bf0f7ccb-620f-4544-b652-03cd51d8645e] Adding new dynamic property: PropertyDescriptor[simple]
[pool-3170-thread-1] INFO org.apache.nifi.processors.standard.RouteText - RouteText[id=bf0f7ccb-620f-4544-b652-03cd51d8645e] Created FlowFile[1697,100418729012323.mockFlowFile,23B] from FlowFile[1696,100418729012323.mockFlowFile,23B]; routing to relationship simple
[pool-3170-thread-1] INFO org.apache.nifi.processors.standard.RouteText - RouteText[id=bf0f7ccb-620f-4544-b652-03cd51d8645e] Routing FlowFile[1696,100418729012323.mockFlowFile,23B] to original
[main] DEBUG org.apache.nifi.processors.standard.RouteText - RouteText[id=bf0f7ccb-620f-4544-b652-03cd51d8645e] Adding new dynamic property: PropertyDescriptor[simple]
[pool-3171-thread-1] INFO org.apache.nifi.processors.standard.RouteText - RouteText[id=bf0f7ccb-620f-4544-b652-03cd51d8645e] Created FlowFile[1699,100418729476058.mockFlowFile,23B] from FlowFile[1698,100418729476058.mockFlowFile,23B]; routing to relationship simple
[pool-3171-thread-1] INFO org.apache.nifi.processors.standard.RouteText - RouteText[id=bf0f7ccb-620f-4544-b652-03cd51d8645e] Routing FlowFile[1698,100418729476058.mockFlowFile,23B] to original
[main] DEBUG org.apache.nifi.processors.standard.RouteText - RouteText[id=bf0f7ccb-620f-4544-b652-03cd51d8645e] Adding new dynamic property: PropertyDescriptor[simple]
[pool-3172-thread-1] INFO org.apache.nifi.processors.standard.RouteText - RouteText[id=bf0f7ccb-620f-4544-b652-03cd51d8645e] Created FlowFile[1701,100418729940664.mockFlowFile,23B] from FlowFile[1700,100418729940664.mockFlowFile,23B]; routing to relationship simple
[pool-3172-thread-1] INFO org.apache.nifi.processors.standard.RouteText - RouteText[id=bf0f7ccb-620f-4544-b652-03cd51d8645e] Routing FlowFile[1700,100418729940664.mockFlowFile,23B] to original
[main] DEBUG org.apache.nifi.processors.standard.RouteText - RouteText[id=bf0f7ccb-620f-4544-b652-03cd51d8645e] Adding new dynamic property: PropertyDescriptor[simple]
[pool-3173-thread-1] INFO org.apache.nifi.processors.standard.RouteText - RouteText[id=bf0f7ccb-620f-4544-b652-03cd51d8645e] Created FlowFile[1703,100418730373056.mockFlowFile,23B] from FlowFile[1702,100418730373056.mockFlowFile,23B]; routing to relationship simple
[pool-3173-thread-1] INFO org.apache.nifi.processors.standard.RouteText - RouteText[id=bf0f7ccb-620f-4544-b652-03cd51d8645e] Routing FlowFile[1702,100418730373056.mockFlowFile,23B] to original
[main] DEBUG org.apache.nifi.processors.standard.RouteText - RouteText[id=bf0f7ccb-620f-4544-b652-03cd51d8645e] Adding new dynamic property: PropertyDescriptor[simple]
[pool-3174-thread-1] INFO org.apache.nifi.processors.standard.RouteText - RouteText[id=bf0f7ccb-620f-4544-b652-03cd51d8645e] Created FlowFile[1705,100418730786116.mockFlowFile,23B] from FlowFile[1704,100418730786116.mockFlowFile,23B]; routing to relationship simple
[pool-3174-thread-1] INFO org.apache.nifi.processors.standard.RouteText - RouteText[id=bf0f7ccb-620f-4544-b652-03cd51d8645e] Routing FlowFile[1704,100418730786116.mockFlowFile,23B] to original
[main] DEBUG org.apache.nifi.processors.standard.RouteText - RouteText[id=bf0f7ccb-620f-4544-b652-03cd51d8645e] Adding new dynamic property: PropertyDescriptor[simple]
[pool-3175-thread-1] INFO org.apache.nifi.processors.standard.RouteText - RouteText[id=bf0f7ccb-620f-4544-b652-03cd51d8645e] Created FlowFile[1707,100418731211509.mockFlowFile,23B] from FlowFile[1706,100418731211509.mockFlowFile,23B]; routing to relationship simple
[pool-3175-thread-1] INFO org.apache.nifi.processors.standard.RouteText - RouteText[id=bf0f7ccb-620f-4544-b652-03cd51d8645e] Routing FlowFile[1706,100418731211509.mockFlowFile,23B] to original
[main] DEBUG org.apache.nifi.processors.standard.RouteText - RouteText[id=bf0f7ccb-620f-4544-b652-03cd51d8645e] Adding new dynamic property: PropertyDescriptor[simple]
[pool-3176-thread-1] INFO org.apache.nifi.processors.standard.RouteText - RouteText[id=bf0f7ccb-620f-4544-b652-03cd51d8645e] Created FlowFile[1709,100418731635988.mockFlowFile,23B] from FlowFile[1708,100418731635988.mockFlowFile,23B]; routing to relationship simple
[pool-3176-thread-1] INFO org.apache.nifi.processors.standard.RouteText - RouteText[id=bf0f7ccb-620f-4544-b652-03cd51d8645e] Routing FlowFile[1708,100418731635988.mockFlowFile,23B] to original
[main] DEBUG org.apache.nifi.processors.standard.RouteText - RouteText[id=bf0f7ccb-620f-4544-b652-03cd51d8645e] Adding new dynamic property: PropertyDescriptor[simple]
[pool-3177-thread-1] INFO org.apache.nifi.processors.standard.RouteText - RouteText[id=bf0f7ccb-620f-4544-b652-03cd51d8645e] Created FlowFile[1711,100418732167018.mockFlowFile,23B] from FlowFile[1710,100418732167018.mockFlowFile,23B]; routing to relationship simple
[pool-3177-thread-1] INFO org.apache.nifi.processors.standard.RouteText - RouteText[id=bf0f7ccb-620f-4544-b652-03cd51d8645e] Routing FlowFile[1710,100418732167018.mockFlowFile,23B] to original
[main] DEBUG org.apache.nifi.processors.standard.RouteText - RouteText[id=bf0f7ccb-620f-4544-b652-03cd51d8645e] Adding new dynamic property: PropertyDescriptor[simple]
[pool-3178-thread-1] INFO org.apache.nifi.processors.standard.RouteText - RouteText[id=bf0f7ccb-620f-4544-b652-03cd51d8645e] Created FlowFile[1713,100418732662621.mockFlowFile,23B] from FlowFile[1712,100418732662621.mockFlowFile,23B]; routing to relationship simple
[pool-3178-thread-1] INFO org.apache.nifi.processors.standard.RouteText - RouteText[id=bf0f7ccb-620f-4544-b652-03cd51d8645e] Routing FlowFile[1712,100418732662621.mockFlowFile,23B] to original
[main] DEBUG org.apache.nifi.processors.standard.RouteText - RouteText[id=bf0f7ccb-620f-4544-b652-03cd51d8645e] Adding new dynamic property: PropertyDescriptor[simple]
[pool-3179-thread-1] INFO org.apache.nifi.processors.standard.RouteText - RouteText[id=bf0f7ccb-620f-4544-b652-03cd51d8645e] Created FlowFile[1715,100418733083152.mockFlowFile,23B] from FlowFile[1714,100418733083152.mockFlowFile,23B]; routing to relationship simple
[pool-3179-thread-1] INFO org.apache.nifi.processors.standard.RouteText - RouteText[id=bf0f7ccb-620f-4544-b652-03cd51d8645e] Routing FlowFile[1714,100418733083152.mockFlowFile,23B] to original
[main] DEBUG org.apache.nifi.processors.standard.RouteText - RouteText[id=bf0f7ccb-620f-4544-b652-03cd51d8645e] Adding new dynamic property: PropertyDescriptor[simple]
[pool-3180-thread-1] INFO org.apache.nifi.processors.standard.RouteText - RouteText[id=bf0f7ccb-620f-4544-b652-03cd51d8645e] Created FlowFile[1717,100418733507128.mockFlowFile,23B] from FlowFile[1716,100418733507128.mockFlowFile,23B]; routing to relationship simple
[pool-3180-thread-1] INFO org.apache.nifi.processors.standard.RouteText - RouteText[id=bf0f7ccb-620f-4544-b652-03cd51d8645e] Routing FlowFile[1716,100418733507128.mockFlowFile,23B] to original
[main] DEBUG org.apache.nifi.processors.standard.RouteText - RouteText[id=bf0f7ccb-620f-4544-b652-03cd51d8645e] Adding new dynamic property: PropertyDescriptor[simple]
[pool-3181-thread-1] INFO org.apache.nifi.processors.standard.RouteText - RouteText[id=bf0f7ccb-620f-4544-b652-03cd51d8645e] Created FlowFile[1719,100418733934171.mockFlowFile,23B] from FlowFile[1718,100418733934171.mockFlowFile,23B]; routing to relationship simple
[pool-3181-thread-1] INFO org.apache.nifi.processors.standard.RouteText - RouteText[id=bf0f7ccb-620f-4544-b652-03cd51d8645e] Routing FlowFile[1718,100418733934171.mockFlowFile,23B] to original
[main] DEBUG org.apache.nifi.processors.standard.RouteText - RouteText[id=bf0f7ccb-620f-4544-b652-03cd51d8645e] Adding new dynamic property: PropertyDescriptor[simple]
[pool-3182-thread-1] INFO org.apache.nifi.processors.standard.RouteText - RouteText[id=bf0f7ccb-620f-4544-b652-03cd51d8645e] Created FlowFile[1721,100418734364105.mockFlowFile,23B] from FlowFile[1720,100418734364105.mockFlowFile,23B]; routing to relationship simple
[pool-3182-thread-1] INFO org.apache.nifi.processors.standard.RouteText - RouteText[id=bf0f7ccb-620f-4544-b652-03cd51d8645e] Routing FlowFile[1720,100418734364105.mockFlowFile,23B] to original
[main] DEBUG org.apache.nifi.processors.standard.RouteText - RouteText[id=bf0f7ccb-620f-4544-b652-03cd51d8645e] Adding new dynamic property: PropertyDescriptor[simple]
[pool-3183-thread-1] INFO org.apache.nifi.processors.standard.RouteText - RouteText[id=bf0f7ccb-620f-4544-b652-03cd51d8645e] Created FlowFile[1723,100418734836089.mockFlowFile,23B] from FlowFile[1722,100418734836089.mockFlowFile,23B]; routing to relationship simple
[pool-3183-thread-1] INFO org.apache.nifi.processors.standard.RouteText - RouteText[id=bf0f7ccb-620f-4544-b652-03cd51d8645e] Routing FlowFile[1722,100418734836089.mockFlowFile,23B] to original
[main] DEBUG org.apache.nifi.processors.standard.RouteText - RouteText[id=bf0f7ccb-620f-4544-b652-03cd51d8645e] Adding new dynamic property: PropertyDescriptor[simple]
[pool-3184-thread-1] INFO org.apache.nifi.processors.standard.RouteText - RouteText[id=bf0f7ccb-620f-4544-b652-03cd51d8645e] Created FlowFile[1725,100418735305312.mockFlowFile,23B] from FlowFile[1724,100418735305312.mockFlowFile,23B]; routing to relationship simple
[pool-3184-thread-1] INFO org.apache.nifi.processors.standard.RouteText - RouteText[id=bf0f7ccb-620f-4544-b652-03cd51d8645e] Routing FlowFile[1724,100418735305312.mockFlowFile,23B] to original
[main] DEBUG org.apache.nifi.processors.standard.RouteText - RouteText[id=bf0f7ccb-620f-4544-b652-03cd51d8645e] Adding new dynamic property: PropertyDescriptor[simple]
[pool-3185-thread-1] INFO org.apache.nifi.processors.standard.RouteText - RouteText[id=bf0f7ccb-620f-4544-b652-03cd51d8645e] Created FlowFile[1727,100418735754684.mockFlowFile,23B] from FlowFile[1726,100418735754684.mockFlowFile,23B]; routing to relationship simple
[pool-3185-thread-1] INFO org.apache.nifi.processors.standard.RouteText - RouteText[id=bf0f7ccb-620f-4544-b652-03cd51d8645e] Routing FlowFile[1726,100418735754684.mockFlowFile,23B] to original
[main] DEBUG org.apache.nifi.processors.standard.RouteText - RouteText[id=bf0f7ccb-620f-4544-b652-03cd51d8645e] Adding new dynamic property: PropertyDescriptor[simple]
[pool-3186-thread-1] INFO org.apache.nifi.processors.standard.RouteText - RouteText[id=bf0f7ccb-620f-4544-b652-03cd51d8645e] Created FlowFile[1729,100418736221442.mockFlowFile,23B] from FlowFile[1728,100418736221442.mockFlowFile,23B]; routing to relationship simple
[pool-3186-thread-1] INFO org.apache.nifi.processors.standard.RouteText - RouteText[id=bf0f7ccb-620f-4544-b652-03cd51d8645e] Routing FlowFile[1728,100418736221442.mockFlowFile,23B] to original
[main] DEBUG org.apache.nifi.processors.standard.RouteText - RouteText[id=bf0f7ccb-620f-4544-b652-03cd51d8645e] Adding new dynamic property: PropertyDescriptor[simple]
[pool-3187-thread-1] INFO org.apache.nifi.processors.standard.RouteText - RouteText[id=bf0f7ccb-620f-4544-b652-03cd51d8645e] Created FlowFile[1731,100418736716994.mockFlowFile,23B] from FlowFile[1730,100418736716994.mockFlowFile,23B]; routing to relationship simple
[pool-3187-thread-1] INFO org.apache.nifi.processors.standard.RouteText - RouteText[id=bf0f7ccb-620f-4544-b652-03cd51d8645e] Routing FlowFile[1730,100418736716994.mockFlowFile,23B] to original
[main] DEBUG org.apache.nifi.processors.standard.RouteText - RouteText[id=bf0f7ccb-620f-4544-b652-03cd51d8645e] Adding new dynamic property: PropertyDescriptor[simple]
[pool-3188-thread-1] INFO org.apache.nifi.processors.standard.RouteText - RouteText[id=bf0f7ccb-620f-4544-b652-03cd51d8645e] Created FlowFile[1733,100418737181402.mockFlowFile,23B] from FlowFile[1732,100418737181402.mockFlowFile,23B]; routing to relationship simple
[pool-3188-thread-1] INFO org.apache.nifi.processors.standard.RouteText - RouteText[id=bf0f7ccb-620f-4544-b652-03cd51d8645e] Routing FlowFile[1732,100418737181402.mockFlowFile,23B] to original
[main] DEBUG org.apache.nifi.processors.standard.RouteText - RouteText[id=bf0f7ccb-620f-4544-b652-03cd51d8645e] Adding new dynamic property: PropertyDescriptor[simple]
[pool-3189-thread-1] INFO org.apache.nifi.processors.standard.RouteText - RouteText[id=bf0f7ccb-620f-4544-b652-03cd51d8645e] Created FlowFile[1735,100418737622790.mockFlowFile,23B] from FlowFile[1734,100418737622790.mockFlowFile,23B]; routing to relationship simple
[pool-3189-thread-1] INFO org.apache.nifi.processors.standard.RouteText - RouteText[id=bf0f7ccb-620f-4544-b652-03cd51d8645e] Routing FlowFile[1734,100418737622790.mockFlowFile,23B] to original
[main] DEBUG org.apache.nifi.processors.standard.RouteText - RouteText[id=bf0f7ccb-620f-4544-b652-03cd51d8645e] Adding new dynamic property: PropertyDescriptor[simple]
[pool-3190-thread-1] INFO org.apache.nifi.processors.standard.RouteText - RouteText[id=bf0f7ccb-620f-4544-b652-03cd51d8645e] Created FlowFile[1737,100418738050620.mockFlowFile,23B] from FlowFile[1736,100418738050620.mockFlowFile,23B]; routing to relationship simple
[pool-3190-thread-1] INFO org.apache.nifi.processors.standard.RouteText - RouteText[id=bf0f7ccb-620f-4544-b652-03cd51d8645e] Routing FlowFile[1736,100418738050620.mockFlowFile,23B] to original
[main] DEBUG org.apache.nifi.processors.standard.RouteText - RouteText[id=bf0f7ccb-620f-4544-b652-03cd51d8645e] Adding new dynamic property: PropertyDescriptor[simple]
[pool-3191-thread-1] INFO org.apache.nifi.processors.standard.RouteText - RouteText[id=bf0f7ccb-620f-4544-b652-03cd51d8645e] Created FlowFile[1739,100418738464920.mockFlowFile,23B] from FlowFile[1738,100418738464920.mockFlowFile,23B]; routing to relationship simple
[pool-3191-thread-1] INFO org.apache.nifi.processors.standard.RouteText - RouteText[id=bf0f7ccb-620f-4544-b652-03cd51d8645e] Routing FlowFile[1738,100418738464920.mockFlowFile,23B] to original
[main] DEBUG org.apache.nifi.processors.standard.RouteText - RouteText[id=bf0f7ccb-620f-4544-b652-03cd51d8645e] Adding new dynamic property: PropertyDescriptor[simple]
[pool-3192-thread-1] INFO org.apache.nifi.processors.standard.RouteText - RouteText[id=bf0f7ccb-620f-4544-b652-03cd51d8645e] Created FlowFile[1741,100418738873020.mockFlowFile,23B] from FlowFile[1740,100418738873020.mockFlowFile,23B]; routing to relationship simple
[pool-3192-thread-1] INFO org.apache.nifi.processors.standard.RouteText - RouteText[id=bf0f7ccb-620f-4544-b652-03cd51d8645e] Routing FlowFile[1740,100418738873020.mockFlowFile,23B] to original
[main] DEBUG org.apache.nifi.processors.standard.RouteText - RouteText[id=bf0f7ccb-620f-4544-b652-03cd51d8645e] Adding new dynamic property: PropertyDescriptor[simple]
[pool-3193-thread-1] INFO org.apache.nifi.processors.standard.RouteText - RouteText[id=bf0f7ccb-620f-4544-b652-03cd51d8645e] Created FlowFile[1743,100418739289934.mockFlowFile,23B] from FlowFile[1742,100418739289934.mockFlowFile,23B]; routing to relationship simple
[pool-3193-thread-1] INFO org.apache.nifi.processors.standard.RouteText - RouteText[id=bf0f7ccb-620f-4544-b652-03cd51d8645e] Routing FlowFile[1742,100418739289934.mockFlowFile,23B] to original
[main] DEBUG org.apache.nifi.processors.standard.RouteText - RouteText[id=bf0f7ccb-620f-4544-b652-03cd51d8645e] Adding new dynamic property: PropertyDescriptor[simple]
[pool-3194-thread-1] INFO org.apache.nifi.processors.standard.RouteText - RouteText[id=bf0f7ccb-620f-4544-b652-03cd51d8645e] Created FlowFile[1745,100418739728589.mockFlowFile,23B] from FlowFile[1744,100418739728589.mockFlowFile,23B]; routing to relationship simple
[pool-3194-thread-1] INFO org.apache.nifi.processors.standard.RouteText - RouteText[id=bf0f7ccb-620f-4544-b652-03cd51d8645e] Routing FlowFile[1744,100418739728589.mockFlowFile,23B] to original
[main] DEBUG org.apache.nifi.processors.standard.RouteText - RouteText[id=bf0f7ccb-620f-4544-b652-03cd51d8645e] Adding new dynamic property: PropertyDescriptor[simple]
[pool-3195-thread-1] INFO org.apache.nifi.processors.standard.RouteText - RouteText[id=bf0f7ccb-620f-4544-b652-03cd51d8645e] Created FlowFile[1747,100418740158670.mockFlowFile,23B] from FlowFile[1746,100418740158670.mockFlowFile,23B]; routing to relationship simple
[pool-3195-thread-1] INFO org.apache.nifi.processors.standard.RouteText - RouteText[id=bf0f7ccb-620f-4544-b652-03cd51d8645e] Routing FlowFile[1746,100418740158670.mockFlowFile,23B] to original
[main] DEBUG org.apache.nifi.processors.standard.RouteText - RouteText[id=bf0f7ccb-620f-4544-b652-03cd51d8645e] Adding new dynamic property: PropertyDescriptor[simple]
[pool-3196-thread-1] INFO org.apache.nifi.processors.standard.RouteText - RouteText[id=bf0f7ccb-620f-4544-b652-03cd51d8645e] Created FlowFile[1749,100418740641063.mockFlowFile,23B] from FlowFile[1748,100418740641063.mockFlowFile,23B]; routing to relationship simple
[pool-3196-thread-1] INFO org.apache.nifi.processors.standard.RouteText - RouteText[id=bf0f7ccb-620f-4544-b652-03cd51d8645e] Routing FlowFile[1748,100418740641063.mockFlowFile,23B] to original
[main] DEBUG org.apache.nifi.processors.standard.RouteText - RouteText[id=bf0f7ccb-620f-4544-b652-03cd51d8645e] Adding new dynamic property: PropertyDescriptor[simple]
[pool-3197-thread-1] INFO org.apache.nifi.processors.standard.RouteText - RouteText[id=bf0f7ccb-620f-4544-b652-03cd51d8645e] Created FlowFile[1751,100418741095743.mockFlowFile,23B] from FlowFile[1750,100418741095743.mockFlowFile,23B]; routing to relationship simple
[pool-3197-thread-1] INFO org.apache.nifi.processors.standard.RouteText - RouteText[id=bf0f7ccb-620f-4544-b652-03cd51d8645e] Routing FlowFile[1750,100418741095743.mockFlowFile,23B] to original
[main] DEBUG org.apache.nifi.processors.standard.RouteText - RouteText[id=bf0f7ccb-620f-4544-b652-03cd51d8645e] Adding new dynamic property: PropertyDescriptor[simple]
[pool-3198-thread-1] INFO org.apache.nifi.processors.standard.RouteText - RouteText[id=bf0f7ccb-620f-4544-b652-03cd51d8645e] Created FlowFile[1753,100418741529483.mockFlowFile,23B] from FlowFile[1752,100418741529483.mockFlowFile,23B]; routing to relationship simple
[pool-3198-thread-1] INFO org.apache.nifi.processors.standard.RouteText - RouteText[id=bf0f7ccb-620f-4544-b652-03cd51d8645e] Routing FlowFile[1752,100418741529483.mockFlowFile,23B] to original
[main] DEBUG org.apache.nifi.processors.standard.RouteText - RouteText[id=bf0f7ccb-620f-4544-b652-03cd51d8645e] Adding new dynamic property: PropertyDescriptor[simple]
[pool-3199-thread-1] INFO org.apache.nifi.processors.standard.RouteText - RouteText[id=bf0f7ccb-620f-4544-b652-03cd51d8645e] Created FlowFile[1755,100418741984703.mockFlowFile,23B] from FlowFile[1754,100418741984703.mockFlowFile,23B]; routing to relationship simple
[pool-3199-thread-1] INFO org.apache.nifi.processors.standard.RouteText - RouteText[id=bf0f7ccb-620f-4544-b652-03cd51d8645e] Routing FlowFile[1754,100418741984703.mockFlowFile,23B] to original
[main] DEBUG org.apache.nifi.processors.standard.RouteText - RouteText[id=bf0f7ccb-620f-4544-b652-03cd51d8645e] Adding new dynamic property: PropertyDescriptor[simple]
[pool-3200-thread-1] INFO org.apache.nifi.processors.standard.RouteText - RouteText[id=bf0f7ccb-620f-4544-b652-03cd51d8645e] Created FlowFile[1757,100418742423694.mockFlowFile,23B] from FlowFile[1756,100418742423694.mockFlowFile,23B]; routing to relationship simple
[pool-3200-thread-1] INFO org.apache.nifi.processors.standard.RouteText - RouteText[id=bf0f7ccb-620f-4544-b652-03cd51d8645e] Routing FlowFile[1756,100418742423694.mockFlowFile,23B] to original
[main] DEBUG org.apache.nifi.processors.standard.RouteText - RouteText[id=bf0f7ccb-620f-4544-b652-03cd51d8645e] Adding new dynamic property: PropertyDescriptor[simple]
[pool-3201-thread-1] INFO org.apache.nifi.processors.standard.RouteText - RouteText[id=bf0f7ccb-620f-4544-b652-03cd51d8645e] Created FlowFile[1759,100418742868503.mockFlowFile,23B] from FlowFile[1758,100418742868503.mockFlowFile,23B]; routing to relationship simple
[pool-3201-thread-1] INFO org.apache.nifi.processors.standard.RouteText - RouteText[id=bf0f7ccb-620f-4544-b652-03cd51d8645e] Routing FlowFile[1758,100418742868503.mockFlowFile,23B] to original
[main] DEBUG org.apache.nifi.processors.standard.RouteText - RouteText[id=bf0f7ccb-620f-4544-b652-03cd51d8645e] Adding new dynamic property: PropertyDescriptor[simple]
[pool-3202-thread-1] INFO org.apache.nifi.processors.standard.RouteText - RouteText[id=bf0f7ccb-620f-4544-b652-03cd51d8645e] Created FlowFile[1761,100418743320734.mockFlowFile,23B] from FlowFile[1760,100418743320734.mockFlowFile,23B]; routing to relationship simple
[pool-3202-thread-1] INFO org.apache.nifi.processors.standard.RouteText - RouteText[id=bf0f7ccb-620f-4544-b652-03cd51d8645e] Routing FlowFile[1760,100418743320734.mockFlowFile,23B] to original
[main] DEBUG org.apache.nifi.processors.standard.RouteText - RouteText[id=bf0f7ccb-620f-4544-b652-03cd51d8645e] Adding new dynamic property: PropertyDescriptor[simple]
[pool-3203-thread-1] INFO org.apache.nifi.processors.standard.RouteText - RouteText[id=bf0f7ccb-620f-4544-b652-03cd51d8645e] Created FlowFile[1763,100418743755767.mockFlowFile,23B] from FlowFile[1762,100418743755767.mockFlowFile,23B]; routing to relationship simple
[pool-3203-thread-1] INFO org.apache.nifi.processors.standard.RouteText - RouteText[id=bf0f7ccb-620f-4544-b652-03cd51d8645e] Routing FlowFile[1762,100418743755767.mockFlowFile,23B] to original
[main] DEBUG org.apache.nifi.processors.standard.RouteText - RouteText[id=bf0f7ccb-620f-4544-b652-03cd51d8645e] Adding new dynamic property: PropertyDescriptor[simple]
[pool-3204-thread-1] INFO org.apache.nifi.processors.standard.RouteText - RouteText[id=bf0f7ccb-620f-4544-b652-03cd51d8645e] Created FlowFile[1765,100418744185807.mockFlowFile,23B] from FlowFile[1764,100418744185807.mockFlowFile,23B]; routing to relationship simple
[pool-3204-thread-1] INFO org.apache.nifi.processors.standard.RouteText - RouteText[id=bf0f7ccb-620f-4544-b652-03cd51d8645e] Routing FlowFile[1764,100418744185807.mockFlowFile,23B] to original
[main] DEBUG org.apache.nifi.processors.standard.RouteText - RouteText[id=bf0f7ccb-620f-4544-b652-03cd51d8645e] Adding new dynamic property: PropertyDescriptor[simple]
[pool-3205-thread-1] INFO org.apache.nifi.processors.standard.RouteText - RouteText[id=bf0f7ccb-620f-4544-b652-03cd51d8645e] Created FlowFile[1767,100418744657776.mockFlowFile,23B] from FlowFile[1766,100418744657776.mockFlowFile,23B]; routing to relationship simple
[pool-3205-thread-1] INFO org.apache.nifi.processors.standard.RouteText - RouteText[id=bf0f7ccb-620f-4544-b652-03cd51d8645e] Routing FlowFile[1766,100418744657776.mockFlowFile,23B] to original
[main] DEBUG org.apache.nifi.processors.standard.RouteText - RouteText[id=bf0f7ccb-620f-4544-b652-03cd51d8645e] Adding new dynamic property: PropertyDescriptor[simple]
[pool-3206-thread-1] INFO org.apache.nifi.processors.standard.RouteText - RouteText[id=bf0f7ccb-620f-4544-b652-03cd51d8645e] Created FlowFile[1769,100418745095768.mockFlowFile,23B] from FlowFile[1768,100418745095768.mockFlowFile,23B]; routing to relationship simple
[pool-3206-thread-1] INFO org.apache.nifi.processors.standard.RouteText - RouteText[id=bf0f7ccb-620f-4544-b652-03cd51d8645e] Routing FlowFile[1768,100418745095768.mockFlowFile,23B] to original
[main] DEBUG org.apache.nifi.processors.standard.RouteText - RouteText[id=bf0f7ccb-620f-4544-b652-03cd51d8645e] Adding new dynamic property: PropertyDescriptor[simple]
[pool-3207-thread-1] INFO org.apache.nifi.processors.standard.RouteText - RouteText[id=bf0f7ccb-620f-4544-b652-03cd51d8645e] Created FlowFile[1771,100418745507384.mockFlowFile,23B] from FlowFile[1770,100418745507384.mockFlowFile,23B]; routing to relationship simple
[pool-3207-thread-1] INFO org.apache.nifi.processors.standard.RouteText - RouteText[id=bf0f7ccb-620f-4544-b652-03cd51d8645e] Routing FlowFile[1770,100418745507384.mockFlowFile,23B] to original
[main] DEBUG org.apache.nifi.processors.standard.RouteText - RouteText[id=bf0f7ccb-620f-4544-b652-03cd51d8645e] Adding new dynamic property: PropertyDescriptor[simple]
[pool-3208-thread-1] INFO org.apache.nifi.processors.standard.RouteText - RouteText[id=bf0f7ccb-620f-4544-b652-03cd51d8645e] Created FlowFile[1773,100418745922762.mockFlowFile,23B] from FlowFile[1772,100418745922762.mockFlowFile,23B]; routing to relationship simple
[pool-3208-thread-1] INFO org.apache.nifi.processors.standard.RouteText - RouteText[id=bf0f7ccb-620f-4544-b652-03cd51d8645e] Routing FlowFile[1772,100418745922762.mockFlowFile,23B] to original
[main] DEBUG org.apache.nifi.processors.standard.RouteText - RouteText[id=bf0f7ccb-620f-4544-b652-03cd51d8645e] Adding new dynamic property: PropertyDescriptor[simple]
[pool-3209-thread-1] INFO org.apache.nifi.processors.standard.RouteText - RouteText[id=bf0f7ccb-620f-4544-b652-03cd51d8645e] Created FlowFile[1775,100418746335389.mockFlowFile,23B] from FlowFile[1774,100418746335389.mockFlowFile,23B]; routing to relationship simple
[pool-3209-thread-1] INFO org.apache.nifi.processors.standard.RouteText - RouteText[id=bf0f7ccb-620f-4544-b652-03cd51d8645e] Routing FlowFile[1774,100418746335389.mockFlowFile,23B] to original
[main] DEBUG org.apache.nifi.processors.standard.RouteText - RouteText[id=bf0f7ccb-620f-4544-b652-03cd51d8645e] Adding new dynamic property: PropertyDescriptor[simple]
[pool-3210-thread-1] INFO org.apache.nifi.processors.standard.RouteText - RouteText[id=bf0f7ccb-620f-4544-b652-03cd51d8645e] Created FlowFile[1777,100418746750909.mockFlowFile,23B] from FlowFile[1776,100418746750909.mockFlowFile,23B]; routing to relationship simple
[pool-3210-thread-1] INFO org.apache.nifi.processors.standard.RouteText - RouteText[id=bf0f7ccb-620f-4544-b652-03cd51d8645e] Routing FlowFile[1776,100418746750909.mockFlowFile,23B] to original
[main] DEBUG org.apache.nifi.processors.standard.RouteText - RouteText[id=bf0f7ccb-620f-4544-b652-03cd51d8645e] Adding new dynamic property: PropertyDescriptor[simple]
[pool-3211-thread-1] INFO org.apache.nifi.processors.standard.RouteText - RouteText[id=bf0f7ccb-620f-4544-b652-03cd51d8645e] Created FlowFile[1779,100418747256854.mockFlowFile,23B] from FlowFile[1778,100418747256854.mockFlowFile,23B]; routing to relationship simple
[pool-3211-thread-1] INFO org.apache.nifi.processors.standard.RouteText - RouteText[id=bf0f7ccb-620f-4544-b652-03cd51d8645e] Routing FlowFile[1778,100418747256854.mockFlowFile,23B] to original
[main] DEBUG org.apache.nifi.processors.standard.RouteText - RouteText[id=bf0f7ccb-620f-4544-b652-03cd51d8645e] Adding new dynamic property: PropertyDescriptor[simple]
[pool-3212-thread-1] INFO org.apache.nifi.processors.standard.RouteText - RouteText[id=bf0f7ccb-620f-4544-b652-03cd51d8645e] Created FlowFile[1781,100418747699862.mockFlowFile,23B] from FlowFile[1780,100418747699862.mockFlowFile,23B]; routing to relationship simple
[pool-3212-thread-1] INFO org.apache.nifi.processors.standard.RouteText - RouteText[id=bf0f7ccb-620f-4544-b652-03cd51d8645e] Routing FlowFile[1780,100418747699862.mockFlowFile,23B] to original
[main] DEBUG org.apache.nifi.processors.standard.RouteText - RouteText[id=bf0f7ccb-620f-4544-b652-03cd51d8645e] Adding new dynamic property: PropertyDescriptor[simple]
[pool-3213-thread-1] INFO org.apache.nifi.processors.standard.RouteText - RouteText[id=bf0f7ccb-620f-4544-b652-03cd51d8645e] Created FlowFile[1783,100418748220801.mockFlowFile,23B] from FlowFile[1782,100418748220801.mockFlowFile,23B]; routing to relationship simple
[pool-3213-thread-1] INFO org.apache.nifi.processors.standard.RouteText - RouteText[id=bf0f7ccb-620f-4544-b652-03cd51d8645e] Routing FlowFile[1782,100418748220801.mockFlowFile,23B] to original
[main] DEBUG org.apache.nifi.processors.standard.RouteText - RouteText[id=bf0f7ccb-620f-4544-b652-03cd51d8645e] Adding new dynamic property: PropertyDescriptor[simple]
[pool-3214-thread-1] INFO org.apache.nifi.processors.standard.RouteText - RouteText[id=bf0f7ccb-620f-4544-b652-03cd51d8645e] Created FlowFile[1785,100418748680773.mockFlowFile,23B] from FlowFile[1784,100418748680773.mockFlowFile,23B]; routing to relationship simple
[pool-3214-thread-1] INFO org.apache.nifi.processors.standard.RouteText - RouteText[id=bf0f7ccb-620f-4544-b652-03cd51d8645e] Routing FlowFile[1784,100418748680773.mockFlowFile,23B] to original
[main] DEBUG org.apache.nifi.processors.standard.RouteText - RouteText[id=bf0f7ccb-620f-4544-b652-03cd51d8645e] Adding new dynamic property: PropertyDescriptor[simple]
[pool-3215-thread-1] INFO org.apache.nifi.processors.standard.RouteText - RouteText[id=bf0f7ccb-620f-4544-b652-03cd51d8645e] Created FlowFile[1787,100418749142244.mockFlowFile,23B] from FlowFile[1786,100418749142244.mockFlowFile,23B]; routing to relationship simple
[pool-3215-thread-1] INFO org.apache.nifi.processors.standard.RouteText - RouteText[id=bf0f7ccb-620f-4544-b652-03cd51d8645e] Routing FlowFile[1786,100418749142244.mockFlowFile,23B] to original
[main] DEBUG org.apache.nifi.processors.standard.RouteText - RouteText[id=bf0f7ccb-620f-4544-b652-03cd51d8645e] Adding new dynamic property: PropertyDescriptor[simple]
[pool-3216-thread-1] INFO org.apache.nifi.processors.standard.RouteText - RouteText[id=bf0f7ccb-620f-4544-b652-03cd51d8645e] Created FlowFile[1789,100418749593310.mockFlowFile,23B] from FlowFile[1788,100418749593310.mockFlowFile,23B]; routing to relationship simple
[pool-3216-thread-1] INFO org.apache.nifi.processors.standard.RouteText - RouteText[id=bf0f7ccb-620f-4544-b652-03cd51d8645e] Routing FlowFile[1788,100418749593310.mockFlowFile,23B] to original
[main] DEBUG org.apache.nifi.processors.standard.RouteText - RouteText[id=bf0f7ccb-620f-4544-b652-03cd51d8645e] Adding new dynamic property: PropertyDescriptor[simple]
[pool-3217-thread-1] INFO org.apache.nifi.processors.standard.RouteText - RouteText[id=bf0f7ccb-620f-4544-b652-03cd51d8645e] Created FlowFile[1791,100418750055750.mockFlowFile,23B] from FlowFile[1790,100418750055750.mockFlowFile,23B]; routing to relationship simple
[pool-3217-thread-1] INFO org.apache.nifi.processors.standard.RouteText - RouteText[id=bf0f7ccb-620f-4544-b652-03cd51d8645e] Routing FlowFile[1790,100418750055750.mockFlowFile,23B] to original
[main] DEBUG org.apache.nifi.processors.standard.RouteText - RouteText[id=bf0f7ccb-620f-4544-b652-03cd51d8645e] Adding new dynamic property: PropertyDescriptor[simple]
[pool-3218-thread-1] INFO org.apache.nifi.processors.standard.RouteText - RouteText[id=bf0f7ccb-620f-4544-b652-03cd51d8645e] Created FlowFile[1793,100418750535026.mockFlowFile,23B] from FlowFile[1792,100418750535026.mockFlowFile,23B]; routing to relationship simple
[pool-3218-thread-1] INFO org.apache.nifi.processors.standard.RouteText - RouteText[id=bf0f7ccb-620f-4544-b652-03cd51d8645e] Routing FlowFile[1792,100418750535026.mockFlowFile,23B] to original
[main] DEBUG org.apache.nifi.processors.standard.RouteText - RouteText[id=bf0f7ccb-620f-4544-b652-03cd51d8645e] Adding new dynamic property: PropertyDescriptor[simple]
[pool-3219-thread-1] INFO org.apache.nifi.processors.standard.RouteText - RouteText[id=bf0f7ccb-620f-4544-b652-03cd51d8645e] Created FlowFile[1795,100418750977682.mockFlowFile,23B] from FlowFile[1794,100418750977682.mockFlowFile,23B]; routing to relationship simple
[pool-3219-thread-1] INFO org.apache.nifi.processors.standard.RouteText - RouteText[id=bf0f7ccb-620f-4544-b652-03cd51d8645e] Routing FlowFile[1794,100418750977682.mockFlowFile,23B] to original
[main] DEBUG org.apache.nifi.processors.standard.RouteText - RouteText[id=bf0f7ccb-620f-4544-b652-03cd51d8645e] Adding new dynamic property: PropertyDescriptor[simple]
[pool-3220-thread-1] INFO org.apache.nifi.processors.standard.RouteText - RouteText[id=bf0f7ccb-620f-4544-b652-03cd51d8645e] Created FlowFile[1797,100418751387019.mockFlowFile,23B] from FlowFile[1796,100418751387019.mockFlowFile,23B]; routing to relationship simple
[pool-3220-thread-1] INFO org.apache.nifi.processors.standard.RouteText - RouteText[id=bf0f7ccb-620f-4544-b652-03cd51d8645e] Routing FlowFile[1796,100418751387019.mockFlowFile,23B] to original
[main] DEBUG org.apache.nifi.processors.standard.RouteText - RouteText[id=bf0f7ccb-620f-4544-b652-03cd51d8645e] Adding new dynamic property: PropertyDescriptor[simple]
[pool-3221-thread-1] INFO org.apache.nifi.processors.standard.RouteText - RouteText[id=bf0f7ccb-620f-4544-b652-03cd51d8645e] Created FlowFile[1799,100418751906718.mockFlowFile,23B] from FlowFile[1798,100418751906718.mockFlowFile,23B]; routing to relationship simple
[pool-3221-thread-1] INFO org.apache.nifi.processors.standard.RouteText - RouteText[id=bf0f7ccb-620f-4544-b652-03cd51d8645e] Routing FlowFile[1798,100418751906718.mockFlowFile,23B] to original
[main] DEBUG org.apache.nifi.processors.standard.RouteText - RouteText[id=bf0f7ccb-620f-4544-b652-03cd51d8645e] Adding new dynamic property: PropertyDescriptor[simple]
[pool-3222-thread-1] INFO org.apache.nifi.processors.standard.RouteText - RouteText[id=bf0f7ccb-620f-4544-b652-03cd51d8645e] Created FlowFile[1801,100418752327812.mockFlowFile,23B] from FlowFile[1800,100418752327812.mockFlowFile,23B]; routing to relationship simple
[pool-3222-thread-1] INFO org.apache.nifi.processors.standard.RouteText - RouteText[id=bf0f7ccb-620f-4544-b652-03cd51d8645e] Routing FlowFile[1800,100418752327812.mockFlowFile,23B] to original
[main] DEBUG org.apache.nifi.processors.standard.RouteText - RouteText[id=bf0f7ccb-620f-4544-b652-03cd51d8645e] Adding new dynamic property: PropertyDescriptor[simple]
[pool-3223-thread-1] INFO org.apache.nifi.processors.standard.RouteText - RouteText[id=bf0f7ccb-620f-4544-b652-03cd51d8645e] Created FlowFile[1803,100418752777227.mockFlowFile,23B] from FlowFile[1802,100418752777227.mockFlowFile,23B]; routing to relationship simple
[pool-3223-thread-1] INFO org.apache.nifi.processors.standard.RouteText - RouteText[id=bf0f7ccb-620f-4544-b652-03cd51d8645e] Routing FlowFile[1802,100418752777227.mockFlowFile,23B] to original
[main] DEBUG org.apache.nifi.processors.standard.RouteText - RouteText[id=bf0f7ccb-620f-4544-b652-03cd51d8645e] Adding new dynamic property: PropertyDescriptor[simple]
[pool-3224-thread-1] INFO org.apache.nifi.processors.standard.RouteText - RouteText[id=bf0f7ccb-620f-4544-b652-03cd51d8645e] Created FlowFile[1805,100418753196485.mockFlowFile,23B] from FlowFile[1804,100418753196485.mockFlowFile,23B]; routing to relationship simple
[pool-3224-thread-1] INFO org.apache.nifi.processors.standard.RouteText - RouteText[id=bf0f7ccb-620f-4544-b652-03cd51d8645e] Routing FlowFile[1804,100418753196485.mockFlowFile,23B] to original
[main] DEBUG org.apache.nifi.processors.standard.RouteText - RouteText[id=bf0f7ccb-620f-4544-b652-03cd51d8645e] Adding new dynamic property: PropertyDescriptor[simple]
[pool-3225-thread-1] INFO org.apache.nifi.processors.standard.RouteText - RouteText[id=bf0f7ccb-620f-4544-b652-03cd51d8645e] Created FlowFile[1807,100418753673003.mockFlowFile,23B] from FlowFile[1806,100418753673003.mockFlowFile,23B]; routing to relationship simple
[pool-3225-thread-1] INFO org.apache.nifi.processors.standard.RouteText - RouteText[id=bf0f7ccb-620f-4544-b652-03cd51d8645e] Routing FlowFile[1806,100418753673003.mockFlowFile,23B] to original
[main] DEBUG org.apache.nifi.processors.standard.RouteText - RouteText[id=bf0f7ccb-620f-4544-b652-03cd51d8645e] Adding new dynamic property: PropertyDescriptor[simple]
[pool-3226-thread-1] INFO org.apache.nifi.processors.standard.RouteText - RouteText[id=bf0f7ccb-620f-4544-b652-03cd51d8645e] Created FlowFile[1809,100418754134832.mockFlowFile,23B] from FlowFile[1808,100418754134832.mockFlowFile,23B]; routing to relationship simple
[pool-3226-thread-1] INFO org.apache.nifi.processors.standard.RouteText - RouteText[id=bf0f7ccb-620f-4544-b652-03cd51d8645e] Routing FlowFile[1808,100418754134832.mockFlowFile,23B] to original
[main] DEBUG org.apache.nifi.processors.standard.RouteText - RouteText[id=bf0f7ccb-620f-4544-b652-03cd51d8645e] Adding new dynamic property: PropertyDescriptor[simple]
[pool-3227-thread-1] INFO org.apache.nifi.processors.standard.RouteText - RouteText[id=bf0f7ccb-620f-4544-b652-03cd51d8645e] Created FlowFile[1811,100418754598997.mockFlowFile,23B] from FlowFile[1810,100418754598997.mockFlowFile,23B]; routing to relationship simple
[pool-3227-thread-1] INFO org.apache.nifi.processors.standard.RouteText - RouteText[id=bf0f7ccb-620f-4544-b652-03cd51d8645e] Routing FlowFile[1810,100418754598997.mockFlowFile,23B] to original
[main] DEBUG org.apache.nifi.processors.standard.RouteText - RouteText[id=bf0f7ccb-620f-4544-b652-03cd51d8645e] Adding new dynamic property: PropertyDescriptor[simple]
[pool-3228-thread-1] INFO org.apache.nifi.processors.standard.RouteText - RouteText[id=bf0f7ccb-620f-4544-b652-03cd51d8645e] Created FlowFile[1813,100418755034925.mockFlowFile,23B] from FlowFile[1812,100418755034925.mockFlowFile,23B]; routing to relationship simple
[pool-3228-thread-1] INFO org.apache.nifi.processors.standard.RouteText - RouteText[id=bf0f7ccb-620f-4544-b652-03cd51d8645e] Routing FlowFile[1812,100418755034925.mockFlowFile,23B] to original
[main] DEBUG org.apache.nifi.processors.standard.RouteText - RouteText[id=bf0f7ccb-620f-4544-b652-03cd51d8645e] Adding new dynamic property: PropertyDescriptor[simple]
[pool-3229-thread-1] INFO org.apache.nifi.processors.standard.RouteText - RouteText[id=bf0f7ccb-620f-4544-b652-03cd51d8645e] Created FlowFile[1815,100418755702389.mockFlowFile,23B] from FlowFile[1814,100418755702389.mockFlowFile,23B]; routing to relationship simple
[pool-3229-thread-1] INFO org.apache.nifi.processors.standard.RouteText - RouteText[id=bf0f7ccb-620f-4544-b652-03cd51d8645e] Routing FlowFile[1814,100418755702389.mockFlowFile,23B] to original
[main] DEBUG org.apache.nifi.processors.standard.RouteText - RouteText[id=bf0f7ccb-620f-4544-b652-03cd51d8645e] Adding new dynamic property: PropertyDescriptor[simple]
[pool-3230-thread-1] INFO org.apache.nifi.processors.standard.RouteText - RouteText[id=bf0f7ccb-620f-4544-b652-03cd51d8645e] Created FlowFile[1817,100418756114396.mockFlowFile,23B] from FlowFile[1816,100418756114396.mockFlowFile,23B]; routing to relationship simple
[pool-3230-thread-1] INFO org.apache.nifi.processors.standard.RouteText - RouteText[id=bf0f7ccb-620f-4544-b652-03cd51d8645e] Routing FlowFile[1816,100418756114396.mockFlowFile,23B] to original
[main] DEBUG org.apache.nifi.processors.standard.RouteText - RouteText[id=bf0f7ccb-620f-4544-b652-03cd51d8645e] Adding new dynamic property: PropertyDescriptor[simple]
[pool-3231-thread-1] INFO org.apache.nifi.processors.standard.RouteText - RouteText[id=bf0f7ccb-620f-4544-b652-03cd51d8645e] Created FlowFile[1819,100418756573621.mockFlowFile,23B] from FlowFile[1818,100418756573621.mockFlowFile,23B]; routing to relationship simple
[pool-3231-thread-1] INFO org.apache.nifi.processors.standard.RouteText - RouteText[id=bf0f7ccb-620f-4544-b652-03cd51d8645e] Routing FlowFile[1818,100418756573621.mockFlowFile,23B] to original
[main] DEBUG org.apache.nifi.processors.standard.RouteText - RouteText[id=bf0f7ccb-620f-4544-b652-03cd51d8645e] Adding new dynamic property: PropertyDescriptor[simple]
[pool-3232-thread-1] INFO org.apache.nifi.processors.standard.RouteText - RouteText[id=bf0f7ccb-620f-4544-b652-03cd51d8645e] Created FlowFile[1821,100418757015232.mockFlowFile,23B] from FlowFile[1820,100418757015232.mockFlowFile,23B]; routing to relationship simple
[pool-3232-thread-1] INFO org.apache.nifi.processors.standard.RouteText - RouteText[id=bf0f7ccb-620f-4544-b652-03cd51d8645e] Routing FlowFile[1820,100418757015232.mockFlowFile,23B] to original
[main] DEBUG org.apache.nifi.processors.standard.RouteText - RouteText[id=bf0f7ccb-620f-4544-b652-03cd51d8645e] Adding new dynamic property: PropertyDescriptor[simple]
[pool-3233-thread-1] INFO org.apache.nifi.processors.standard.RouteText - RouteText[id=bf0f7ccb-620f-4544-b652-03cd51d8645e] Created FlowFile[1823,100418757449766.mockFlowFile,23B] from FlowFile[1822,100418757449766.mockFlowFile,23B]; routing to relationship simple
[pool-3233-thread-1] INFO org.apache.nifi.processors.standard.RouteText - RouteText[id=bf0f7ccb-620f-4544-b652-03cd51d8645e] Routing FlowFile[1822,100418757449766.mockFlowFile,23B] to original
[main] DEBUG org.apache.nifi.processors.standard.RouteText - RouteText[id=bf0f7ccb-620f-4544-b652-03cd51d8645e] Adding new dynamic property: PropertyDescriptor[simple]
[pool-3234-thread-1] INFO org.apache.nifi.processors.standard.RouteText - RouteText[id=bf0f7ccb-620f-4544-b652-03cd51d8645e] Created FlowFile[1825,100418757804263.mockFlowFile,23B] from FlowFile[1824,100418757804263.mockFlowFile,23B]; routing to relationship simple
[pool-3234-thread-1] INFO org.apache.nifi.processors.standard.RouteText - RouteText[id=bf0f7ccb-620f-4544-b652-03cd51d8645e] Routing FlowFile[1824,100418757804263.mockFlowFile,23B] to original
[main] DEBUG org.apache.nifi.processors.standard.RouteText - RouteText[id=bf0f7ccb-620f-4544-b652-03cd51d8645e] Adding new dynamic property: PropertyDescriptor[simple]
[pool-3235-thread-1] INFO org.apache.nifi.processors.standard.RouteText - RouteText[id=bf0f7ccb-620f-4544-b652-03cd51d8645e] Created FlowFile[1827,100418758218680.mockFlowFile,23B] from FlowFile[1826,100418758218680.mockFlowFile,23B]; routing to relationship simple
[pool-3235-thread-1] INFO org.apache.nifi.processors.standard.RouteText - RouteText[id=bf0f7ccb-620f-4544-b652-03cd51d8645e] Routing FlowFile[1826,100418758218680.mockFlowFile,23B] to original
[main] DEBUG org.apache.nifi.processors.standard.RouteText - RouteText[id=bf0f7ccb-620f-4544-b652-03cd51d8645e] Adding new dynamic property: PropertyDescriptor[simple]
[pool-3236-thread-1] INFO org.apache.nifi.processors.standard.RouteText - RouteText[id=bf0f7ccb-620f-4544-b652-03cd51d8645e] Created FlowFile[1829,100418758631848.mockFlowFile,23B] from FlowFile[1828,100418758631848.mockFlowFile,23B]; routing to relationship simple
[pool-3236-thread-1] INFO org.apache.nifi.processors.standard.RouteText - RouteText[id=bf0f7ccb-620f-4544-b652-03cd51d8645e] Routing FlowFile[1828,100418758631848.mockFlowFile,23B] to original
[main] DEBUG org.apache.nifi.processors.standard.RouteText - RouteText[id=bf0f7ccb-620f-4544-b652-03cd51d8645e] Adding new dynamic property: PropertyDescriptor[simple]
[pool-3237-thread-1] INFO org.apache.nifi.processors.standard.RouteText - RouteText[id=bf0f7ccb-620f-4544-b652-03cd51d8645e] Created FlowFile[1831,100418759004696.mockFlowFile,23B] from FlowFile[1830,100418759004696.mockFlowFile,23B]; routing to relationship simple
[pool-3237-thread-1] INFO org.apache.nifi.processors.standard.RouteText - RouteText[id=bf0f7ccb-620f-4544-b652-03cd51d8645e] Routing FlowFile[1830,100418759004696.mockFlowFile,23B] to original
[main] DEBUG org.apache.nifi.processors.standard.RouteText - RouteText[id=bf0f7ccb-620f-4544-b652-03cd51d8645e] Adding new dynamic property: PropertyDescriptor[simple]
[pool-3238-thread-1] INFO org.apache.nifi.processors.standard.RouteText - RouteText[id=bf0f7ccb-620f-4544-b652-03cd51d8645e] Created FlowFile[1833,100418759509426.mockFlowFile,23B] from FlowFile[1832,100418759509426.mockFlowFile,23B]; routing to relationship simple
[pool-3238-thread-1] INFO org.apache.nifi.processors.standard.RouteText - RouteText[id=bf0f7ccb-620f-4544-b652-03cd51d8645e] Routing FlowFile[1832,100418759509426.mockFlowFile,23B] to original
[main] DEBUG org.apache.nifi.processors.standard.RouteText - RouteText[id=bf0f7ccb-620f-4544-b652-03cd51d8645e] Adding new dynamic property: PropertyDescriptor[simple]
[pool-3239-thread-1] INFO org.apache.nifi.processors.standard.RouteText - RouteText[id=bf0f7ccb-620f-4544-b652-03cd51d8645e] Created FlowFile[1835,100418788452190.mockFlowFile,23B] from FlowFile[1834,100418788452190.mockFlowFile,23B]; routing to relationship simple
[pool-3239-thread-1] INFO org.apache.nifi.processors.standard.RouteText - RouteText[id=bf0f7ccb-620f-4544-b652-03cd51d8645e] Routing FlowFile[1834,100418788452190.mockFlowFile,23B] to original
[main] DEBUG org.apache.nifi.processors.standard.RouteText - RouteText[id=bf0f7ccb-620f-4544-b652-03cd51d8645e] Adding new dynamic property: PropertyDescriptor[simple]
[pool-3240-thread-1] INFO org.apache.nifi.processors.standard.RouteText - RouteText[id=bf0f7ccb-620f-4544-b652-03cd51d8645e] Created FlowFile[1837,100418789114746.mockFlowFile,23B] from FlowFile[1836,100418789114746.mockFlowFile,23B]; routing to relationship simple
[pool-3240-thread-1] INFO org.apache.nifi.processors.standard.RouteText - RouteText[id=bf0f7ccb-620f-4544-b652-03cd51d8645e] Routing FlowFile[1836,100418789114746.mockFlowFile,23B] to original
[main] DEBUG org.apache.nifi.processors.standard.RouteText - RouteText[id=bf0f7ccb-620f-4544-b652-03cd51d8645e] Adding new dynamic property: PropertyDescriptor[simple]
[pool-3241-thread-1] INFO org.apache.nifi.processors.standard.RouteText - RouteText[id=bf0f7ccb-620f-4544-b652-03cd51d8645e] Created FlowFile[1839,100418789643337.mockFlowFile,23B] from FlowFile[1838,100418789643337.mockFlowFile,23B]; routing to relationship simple
[pool-3241-thread-1] INFO org.apache.nifi.processors.standard.RouteText - RouteText[id=bf0f7ccb-620f-4544-b652-03cd51d8645e] Routing FlowFile[1838,100418789643337.mockFlowFile,23B] to original
[main] DEBUG org.apache.nifi.processors.standard.RouteText - RouteText[id=bf0f7ccb-620f-4544-b652-03cd51d8645e] Adding new dynamic property: PropertyDescriptor[simple]
[pool-3242-thread-1] INFO org.apache.nifi.processors.standard.RouteText - RouteText[id=bf0f7ccb-620f-4544-b652-03cd51d8645e] Created FlowFile[1841,100418790153178.mockFlowFile,23B] from FlowFile[1840,100418790153178.mockFlowFile,23B]; routing to relationship simple
[pool-3242-thread-1] INFO org.apache.nifi.processors.standard.RouteText - RouteText[id=bf0f7ccb-620f-4544-b652-03cd51d8645e] Routing FlowFile[1840,100418790153178.mockFlowFile,23B] to original
[main] DEBUG org.apache.nifi.processors.standard.RouteText - RouteText[id=bf0f7ccb-620f-4544-b652-03cd51d8645e] Adding new dynamic property: PropertyDescriptor[simple]
[pool-3243-thread-1] INFO org.apache.nifi.processors.standard.RouteText - RouteText[id=bf0f7ccb-620f-4544-b652-03cd51d8645e] Created FlowFile[1843,100418790654898.mockFlowFile,23B] from FlowFile[1842,100418790654898.mockFlowFile,23B]; routing to relationship simple
[pool-3243-thread-1] INFO org.apache.nifi.processors.standard.RouteText - RouteText[id=bf0f7ccb-620f-4544-b652-03cd51d8645e] Routing FlowFile[1842,100418790654898.mockFlowFile,23B] to original
[main] DEBUG org.apache.nifi.processors.standard.RouteText - RouteText[id=bf0f7ccb-620f-4544-b652-03cd51d8645e] Adding new dynamic property: PropertyDescriptor[simple]
[pool-3244-thread-1] INFO org.apache.nifi.processors.standard.RouteText - RouteText[id=bf0f7ccb-620f-4544-b652-03cd51d8645e] Created FlowFile[1845,100418791135670.mockFlowFile,23B] from FlowFile[1844,100418791135670.mockFlowFile,23B]; routing to relationship simple
[pool-3244-thread-1] INFO org.apache.nifi.processors.standard.RouteText - RouteText[id=bf0f7ccb-620f-4544-b652-03cd51d8645e] Routing FlowFile[1844,100418791135670.mockFlowFile,23B] to original
[main] DEBUG org.apache.nifi.processors.standard.RouteText - RouteText[id=bf0f7ccb-620f-4544-b652-03cd51d8645e] Adding new dynamic property: PropertyDescriptor[simple]
[pool-3245-thread-1] INFO org.apache.nifi.processors.standard.RouteText - RouteText[id=bf0f7ccb-620f-4544-b652-03cd51d8645e] Created FlowFile[1847,100418791603585.mockFlowFile,23B] from FlowFile[1846,100418791603585.mockFlowFile,23B]; routing to relationship simple
[pool-3245-thread-1] INFO org.apache.nifi.processors.standard.RouteText - RouteText[id=bf0f7ccb-620f-4544-b652-03cd51d8645e] Routing FlowFile[1846,100418791603585.mockFlowFile,23B] to original
[main] DEBUG org.apache.nifi.processors.standard.RouteText - RouteText[id=bf0f7ccb-620f-4544-b652-03cd51d8645e] Adding new dynamic property: PropertyDescriptor[simple]
[pool-3246-thread-1] INFO org.apache.nifi.processors.standard.RouteText - RouteText[id=bf0f7ccb-620f-4544-b652-03cd51d8645e] Created FlowFile[1849,100418792082956.mockFlowFile,23B] from FlowFile[1848,100418792082956.mockFlowFile,23B]; routing to relationship simple
[pool-3246-thread-1] INFO org.apache.nifi.processors.standard.RouteText - RouteText[id=bf0f7ccb-620f-4544-b652-03cd51d8645e] Routing FlowFile[1848,100418792082956.mockFlowFile,23B] to original
[main] DEBUG org.apache.nifi.processors.standard.RouteText - RouteText[id=bf0f7ccb-620f-4544-b652-03cd51d8645e] Adding new dynamic property: PropertyDescriptor[simple]
[pool-3247-thread-1] INFO org.apache.nifi.processors.standard.RouteText - RouteText[id=bf0f7ccb-620f-4544-b652-03cd51d8645e] Created FlowFile[1851,100418792595519.mockFlowFile,23B] from FlowFile[1850,100418792595519.mockFlowFile,23B]; routing to relationship simple
[pool-3247-thread-1] INFO org.apache.nifi.processors.standard.RouteText - RouteText[id=bf0f7ccb-620f-4544-b652-03cd51d8645e] Routing FlowFile[1850,100418792595519.mockFlowFile,23B] to original
[main] DEBUG org.apache.nifi.processors.standard.RouteText - RouteText[id=bf0f7ccb-620f-4544-b652-03cd51d8645e] Adding new dynamic property: PropertyDescriptor[simple]
[pool-3248-thread-1] INFO org.apache.nifi.processors.standard.RouteText - RouteText[id=bf0f7ccb-620f-4544-b652-03cd51d8645e] Created FlowFile[1853,100418793094607.mockFlowFile,23B] from FlowFile[1852,100418793094607.mockFlowFile,23B]; routing to relationship simple
[pool-3248-thread-1] INFO org.apache.nifi.processors.standard.RouteText - RouteText[id=bf0f7ccb-620f-4544-b652-03cd51d8645e] Routing FlowFile[1852,100418793094607.mockFlowFile,23B] to original
[main] DEBUG org.apache.nifi.processors.standard.RouteText - RouteText[id=bf0f7ccb-620f-4544-b652-03cd51d8645e] Adding new dynamic property: PropertyDescriptor[simple]
[pool-3249-thread-1] INFO org.apache.nifi.processors.standard.RouteText - RouteText[id=bf0f7ccb-620f-4544-b652-03cd51d8645e] Created FlowFile[1855,100418793594171.mockFlowFile,23B] from FlowFile[1854,100418793594171.mockFlowFile,23B]; routing to relationship simple
[pool-3249-thread-1] INFO org.apache.nifi.processors.standard.RouteText - RouteText[id=bf0f7ccb-620f-4544-b652-03cd51d8645e] Routing FlowFile[1854,100418793594171.mockFlowFile,23B] to original
[main] DEBUG org.apache.nifi.processors.standard.RouteText - RouteText[id=bf0f7ccb-620f-4544-b652-03cd51d8645e] Adding new dynamic property: PropertyDescriptor[simple]
[pool-3250-thread-1] INFO org.apache.nifi.processors.standard.RouteText - RouteText[id=bf0f7ccb-620f-4544-b652-03cd51d8645e] Created FlowFile[1857,100418794091801.mockFlowFile,23B] from FlowFile[1856,100418794091801.mockFlowFile,23B]; routing to relationship simple
[pool-3250-thread-1] INFO org.apache.nifi.processors.standard.RouteText - RouteText[id=bf0f7ccb-620f-4544-b652-03cd51d8645e] Routing FlowFile[1856,100418794091801.mockFlowFile,23B] to original
[main] DEBUG org.apache.nifi.processors.standard.RouteText - RouteText[id=bf0f7ccb-620f-4544-b652-03cd51d8645e] Adding new dynamic property: PropertyDescriptor[simple]
[pool-3251-thread-1] INFO org.apache.nifi.processors.standard.RouteText - RouteText[id=bf0f7ccb-620f-4544-b652-03cd51d8645e] Created FlowFile[1859,100418794571103.mockFlowFile,23B] from FlowFile[1858,100418794571103.mockFlowFile,23B]; routing to relationship simple
[pool-3251-thread-1] INFO org.apache.nifi.processors.standard.RouteText - RouteText[id=bf0f7ccb-620f-4544-b652-03cd51d8645e] Routing FlowFile[1858,100418794571103.mockFlowFile,23B] to original
[main] DEBUG org.apache.nifi.processors.standard.RouteText - RouteText[id=bf0f7ccb-620f-4544-b652-03cd51d8645e] Adding new dynamic property: PropertyDescriptor[simple]
[pool-3252-thread-1] INFO org.apache.nifi.processors.standard.RouteText - RouteText[id=bf0f7ccb-620f-4544-b652-03cd51d8645e] Created FlowFile[1861,100418795037941.mockFlowFile,23B] from FlowFile[1860,100418795037941.mockFlowFile,23B]; routing to relationship simple
[pool-3252-thread-1] INFO org.apache.nifi.processors.standard.RouteText - RouteText[id=bf0f7ccb-620f-4544-b652-03cd51d8645e] Routing FlowFile[1860,100418795037941.mockFlowFile,23B] to original
[main] DEBUG org.apache.nifi.processors.standard.RouteText - RouteText[id=bf0f7ccb-620f-4544-b652-03cd51d8645e] Adding new dynamic property: PropertyDescriptor[simple]
[pool-3253-thread-1] INFO org.apache.nifi.processors.standard.RouteText - RouteText[id=bf0f7ccb-620f-4544-b652-03cd51d8645e] Created FlowFile[1863,100418795513797.mockFlowFile,23B] from FlowFile[1862,100418795513797.mockFlowFile,23B]; routing to relationship simple
[pool-3253-thread-1] INFO org.apache.nifi.processors.standard.RouteText - RouteText[id=bf0f7ccb-620f-4544-b652-03cd51d8645e] Routing FlowFile[1862,100418795513797.mockFlowFile,23B] to original
[main] DEBUG org.apache.nifi.processors.standard.RouteText - RouteText[id=bf0f7ccb-620f-4544-b652-03cd51d8645e] Adding new dynamic property: PropertyDescriptor[simple]
[pool-3254-thread-1] INFO org.apache.nifi.processors.standard.RouteText - RouteText[id=bf0f7ccb-620f-4544-b652-03cd51d8645e] Created FlowFile[1865,100418795979980.mockFlowFile,23B] from FlowFile[1864,100418795979980.mockFlowFile,23B]; routing to relationship simple
[pool-3254-thread-1] INFO org.apache.nifi.processors.standard.RouteText - RouteText[id=bf0f7ccb-620f-4544-b652-03cd51d8645e] Routing FlowFile[1864,100418795979980.mockFlowFile,23B] to original
[main] DEBUG org.apache.nifi.processors.standard.RouteText - RouteText[id=bf0f7ccb-620f-4544-b652-03cd51d8645e] Adding new dynamic property: PropertyDescriptor[simple]
[pool-3255-thread-1] INFO org.apache.nifi.processors.standard.RouteText - RouteText[id=bf0f7ccb-620f-4544-b652-03cd51d8645e] Created FlowFile[1867,100418796476782.mockFlowFile,23B] from FlowFile[1866,100418796476782.mockFlowFile,23B]; routing to relationship simple
[pool-3255-thread-1] INFO org.apache.nifi.processors.standard.RouteText - RouteText[id=bf0f7ccb-620f-4544-b652-03cd51d8645e] Routing FlowFile[1866,100418796476782.mockFlowFile,23B] to original
[main] DEBUG org.apache.nifi.processors.standard.RouteText - RouteText[id=bf0f7ccb-620f-4544-b652-03cd51d8645e] Adding new dynamic property: PropertyDescriptor[simple]
[pool-3256-thread-1] INFO org.apache.nifi.processors.standard.RouteText - RouteText[id=bf0f7ccb-620f-4544-b652-03cd51d8645e] Created FlowFile[1869,100418796963049.mockFlowFile,23B] from FlowFile[1868,100418796963049.mockFlowFile,23B]; routing to relationship simple
[pool-3256-thread-1] INFO org.apache.nifi.processors.standard.RouteText - RouteText[id=bf0f7ccb-620f-4544-b652-03cd51d8645e] Routing FlowFile[1868,100418796963049.mockFlowFile,23B] to original
[main] DEBUG org.apache.nifi.processors.standard.RouteText - RouteText[id=bf0f7ccb-620f-4544-b652-03cd51d8645e] Adding new dynamic property: PropertyDescriptor[simple]
[pool-3257-thread-1] INFO org.apache.nifi.processors.standard.RouteText - RouteText[id=bf0f7ccb-620f-4544-b652-03cd51d8645e] Created FlowFile[1871,100418797468344.mockFlowFile,23B] from FlowFile[1870,100418797468344.mockFlowFile,23B]; routing to relationship simple
[pool-3257-thread-1] INFO org.apache.nifi.processors.standard.RouteText - RouteText[id=bf0f7ccb-620f-4544-b652-03cd51d8645e] Routing FlowFile[1870,100418797468344.mockFlowFile,23B] to original
[main] DEBUG org.apache.nifi.processors.standard.RouteText - RouteText[id=bf0f7ccb-620f-4544-b652-03cd51d8645e] Adding new dynamic property: PropertyDescriptor[simple]
[pool-3258-thread-1] INFO org.apache.nifi.processors.standard.RouteText - RouteText[id=bf0f7ccb-620f-4544-b652-03cd51d8645e] Created FlowFile[1873,100418798041656.mockFlowFile,23B] from FlowFile[1872,100418798041656.mockFlowFile,23B]; routing to relationship simple
[pool-3258-thread-1] INFO org.apache.nifi.processors.standard.RouteText - RouteText[id=bf0f7ccb-620f-4544-b652-03cd51d8645e] Routing FlowFile[1872,100418798041656.mockFlowFile,23B] to original
[main] DEBUG org.apache.nifi.processors.standard.RouteText - RouteText[id=bf0f7ccb-620f-4544-b652-03cd51d8645e] Adding new dynamic property: PropertyDescriptor[simple]
[pool-3259-thread-1] INFO org.apache.nifi.processors.standard.RouteText - RouteText[id=bf0f7ccb-620f-4544-b652-03cd51d8645e] Created FlowFile[1875,100418798574699.mockFlowFile,23B] from FlowFile[1874,100418798574699.mockFlowFile,23B]; routing to relationship simple
[pool-3259-thread-1] INFO org.apache.nifi.processors.standard.RouteText - RouteText[id=bf0f7ccb-620f-4544-b652-03cd51d8645e] Routing FlowFile[1874,100418798574699.mockFlowFile,23B] to original
[main] DEBUG org.apache.nifi.processors.standard.RouteText - RouteText[id=bf0f7ccb-620f-4544-b652-03cd51d8645e] Adding new dynamic property: PropertyDescriptor[simple]
[pool-3260-thread-1] INFO org.apache.nifi.processors.standard.RouteText - RouteText[id=bf0f7ccb-620f-4544-b652-03cd51d8645e] Created FlowFile[1877,100418799065617.mockFlowFile,23B] from FlowFile[1876,100418799065617.mockFlowFile,23B]; routing to relationship simple
[pool-3260-thread-1] INFO org.apache.nifi.processors.standard.RouteText - RouteText[id=bf0f7ccb-620f-4544-b652-03cd51d8645e] Routing FlowFile[1876,100418799065617.mockFlowFile,23B] to original
[main] DEBUG org.apache.nifi.processors.standard.RouteText - RouteText[id=bf0f7ccb-620f-4544-b652-03cd51d8645e] Adding new dynamic property: PropertyDescriptor[simple]
[pool-3261-thread-1] INFO org.apache.nifi.processors.standard.RouteText - RouteText[id=bf0f7ccb-620f-4544-b652-03cd51d8645e] Created FlowFile[1879,100418799544249.mockFlowFile,23B] from FlowFile[1878,100418799544249.mockFlowFile,23B]; routing to relationship simple
[pool-3261-thread-1] INFO org.apache.nifi.processors.standard.RouteText - RouteText[id=bf0f7ccb-620f-4544-b652-03cd51d8645e] Routing FlowFile[1878,100418799544249.mockFlowFile,23B] to original
[main] DEBUG org.apache.nifi.processors.standard.RouteText - RouteText[id=bf0f7ccb-620f-4544-b652-03cd51d8645e] Adding new dynamic property: PropertyDescriptor[simple]
[pool-3262-thread-1] INFO org.apache.nifi.processors.standard.RouteText - RouteText[id=bf0f7ccb-620f-4544-b652-03cd51d8645e] Created FlowFile[1881,100418800019449.mockFlowFile,23B] from FlowFile[1880,100418800019449.mockFlowFile,23B]; routing to relationship simple
[pool-3262-thread-1] INFO org.apache.nifi.processors.standard.RouteText - RouteText[id=bf0f7ccb-620f-4544-b652-03cd51d8645e] Routing FlowFile[1880,100418800019449.mockFlowFile,23B] to original
[main] DEBUG org.apache.nifi.processors.standard.RouteText - RouteText[id=bf0f7ccb-620f-4544-b652-03cd51d8645e] Adding new dynamic property: PropertyDescriptor[simple]
[pool-3263-thread-1] INFO org.apache.nifi.processors.standard.RouteText - RouteText[id=bf0f7ccb-620f-4544-b652-03cd51d8645e] Created FlowFile[1883,100418800504528.mockFlowFile,23B] from FlowFile[1882,100418800504528.mockFlowFile,23B]; routing to relationship simple
[pool-3263-thread-1] INFO org.apache.nifi.processors.standard.RouteText - RouteText[id=bf0f7ccb-620f-4544-b652-03cd51d8645e] Routing FlowFile[1882,100418800504528.mockFlowFile,23B] to original
[main] DEBUG org.apache.nifi.processors.standard.RouteText - RouteText[id=bf0f7ccb-620f-4544-b652-03cd51d8645e] Adding new dynamic property: PropertyDescriptor[simple]
[pool-3264-thread-1] INFO org.apache.nifi.processors.standard.RouteText - RouteText[id=bf0f7ccb-620f-4544-b652-03cd51d8645e] Created FlowFile[1885,100418801018685.mockFlowFile,23B] from FlowFile[1884,100418801018685.mockFlowFile,23B]; routing to relationship simple
[pool-3264-thread-1] INFO org.apache.nifi.processors.standard.RouteText - RouteText[id=bf0f7ccb-620f-4544-b652-03cd51d8645e] Routing FlowFile[1884,100418801018685.mockFlowFile,23B] to original
[main] DEBUG org.apache.nifi.processors.standard.RouteText - RouteText[id=bf0f7ccb-620f-4544-b652-03cd51d8645e] Adding new dynamic property: PropertyDescriptor[simple]
[pool-3265-thread-1] INFO org.apache.nifi.processors.standard.RouteText - RouteText[id=bf0f7ccb-620f-4544-b652-03cd51d8645e] Created FlowFile[1887,100418801546042.mockFlowFile,23B] from FlowFile[1886,100418801546042.mockFlowFile,23B]; routing to relationship simple
[pool-3265-thread-1] INFO org.apache.nifi.processors.standard.RouteText - RouteText[id=bf0f7ccb-620f-4544-b652-03cd51d8645e] Routing FlowFile[1886,100418801546042.mockFlowFile,23B] to original
[main] DEBUG org.apache.nifi.processors.standard.RouteText - RouteText[id=bf0f7ccb-620f-4544-b652-03cd51d8645e] Adding new dynamic property: PropertyDescriptor[simple]
[pool-3266-thread-1] INFO org.apache.nifi.processors.standard.RouteText - RouteText[id=bf0f7ccb-620f-4544-b652-03cd51d8645e] Created FlowFile[1889,100418802050783.mockFlowFile,23B] from FlowFile[1888,100418802050783.mockFlowFile,23B]; routing to relationship simple
[pool-3266-thread-1] INFO org.apache.nifi.processors.standard.RouteText - RouteText[id=bf0f7ccb-620f-4544-b652-03cd51d8645e] Routing FlowFile[1888,100418802050783.mockFlowFile,23B] to original
[main] DEBUG org.apache.nifi.processors.standard.RouteText - RouteText[id=bf0f7ccb-620f-4544-b652-03cd51d8645e] Adding new dynamic property: PropertyDescriptor[simple]
[pool-3267-thread-1] INFO org.apache.nifi.processors.standard.RouteText - RouteText[id=bf0f7ccb-620f-4544-b652-03cd51d8645e] Created FlowFile[1891,100418802498607.mockFlowFile,23B] from FlowFile[1890,100418802498607.mockFlowFile,23B]; routing to relationship simple
[pool-3267-thread-1] INFO org.apache.nifi.processors.standard.RouteText - RouteText[id=bf0f7ccb-620f-4544-b652-03cd51d8645e] Routing FlowFile[1890,100418802498607.mockFlowFile,23B] to original
[main] DEBUG org.apache.nifi.processors.standard.RouteText - RouteText[id=bf0f7ccb-620f-4544-b652-03cd51d8645e] Adding new dynamic property: PropertyDescriptor[simple]
[pool-3268-thread-1] INFO org.apache.nifi.processors.standard.RouteText - RouteText[id=bf0f7ccb-620f-4544-b652-03cd51d8645e] Created FlowFile[1893,100418802943172.mockFlowFile,23B] from FlowFile[1892,100418802943172.mockFlowFile,23B]; routing to relationship simple
[pool-3268-thread-1] INFO org.apache.nifi.processors.standard.RouteText - RouteText[id=bf0f7ccb-620f-4544-b652-03cd51d8645e] Routing FlowFile[1892,100418802943172.mockFlowFile,23B] to original
[main] DEBUG org.apache.nifi.processors.standard.RouteText - RouteText[id=bf0f7ccb-620f-4544-b652-03cd51d8645e] Adding new dynamic property: PropertyDescriptor[simple]
[pool-3269-thread-1] INFO org.apache.nifi.processors.standard.RouteText - RouteText[id=bf0f7ccb-620f-4544-b652-03cd51d8645e] Created FlowFile[1895,100418803399608.mockFlowFile,23B] from FlowFile[1894,100418803399608.mockFlowFile,23B]; routing to relationship simple
[pool-3269-thread-1] INFO org.apache.nifi.processors.standard.RouteText - RouteText[id=bf0f7ccb-620f-4544-b652-03cd51d8645e] Routing FlowFile[1894,100418803399608.mockFlowFile,23B] to original
[main] DEBUG org.apache.nifi.processors.standard.RouteText - RouteText[id=bf0f7ccb-620f-4544-b652-03cd51d8645e] Adding new dynamic property: PropertyDescriptor[simple]
[pool-3270-thread-1] INFO org.apache.nifi.processors.standard.RouteText - RouteText[id=bf0f7ccb-620f-4544-b652-03cd51d8645e] Created FlowFile[1897,100418803845066.mockFlowFile,23B] from FlowFile[1896,100418803845066.mockFlowFile,23B]; routing to relationship simple
[pool-3270-thread-1] INFO org.apache.nifi.processors.standard.RouteText - RouteText[id=bf0f7ccb-620f-4544-b652-03cd51d8645e] Routing FlowFile[1896,100418803845066.mockFlowFile,23B] to original
[main] DEBUG org.apache.nifi.processors.standard.RouteText - RouteText[id=bf0f7ccb-620f-4544-b652-03cd51d8645e] Adding new dynamic property: PropertyDescriptor[simple]
[pool-3271-thread-1] INFO org.apache.nifi.processors.standard.RouteText - RouteText[id=bf0f7ccb-620f-4544-b652-03cd51d8645e] Created FlowFile[1899,100418804328658.mockFlowFile,23B] from FlowFile[1898,100418804328658.mockFlowFile,23B]; routing to relationship simple
[pool-3271-thread-1] INFO org.apache.nifi.processors.standard.RouteText - RouteText[id=bf0f7ccb-620f-4544-b652-03cd51d8645e] Routing FlowFile[1898,100418804328658.mockFlowFile,23B] to original
[main] DEBUG org.apache.nifi.processors.standard.RouteText - RouteText[id=bf0f7ccb-620f-4544-b652-03cd51d8645e] Adding new dynamic property: PropertyDescriptor[simple]
[pool-3272-thread-1] INFO org.apache.nifi.processors.standard.RouteText - RouteText[id=bf0f7ccb-620f-4544-b652-03cd51d8645e] Created FlowFile[1901,100418804801553.mockFlowFile,23B] from FlowFile[1900,100418804801553.mockFlowFile,23B]; routing to relationship simple
[pool-3272-thread-1] INFO org.apache.nifi.processors.standard.RouteText - RouteText[id=bf0f7ccb-620f-4544-b652-03cd51d8645e] Routing FlowFile[1900,100418804801553.mockFlowFile,23B] to original
[main] DEBUG org.apache.nifi.processors.standard.RouteText - RouteText[id=bf0f7ccb-620f-4544-b652-03cd51d8645e] Adding new dynamic property: PropertyDescriptor[simple]
[pool-3273-thread-1] INFO org.apache.nifi.processors.standard.RouteText - RouteText[id=bf0f7ccb-620f-4544-b652-03cd51d8645e] Created FlowFile[1903,100418805272505.mockFlowFile,23B] from FlowFile[1902,100418805272505.mockFlowFile,23B]; routing to relationship simple
[pool-3273-thread-1] INFO org.apache.nifi.processors.standard.RouteText - RouteText[id=bf0f7ccb-620f-4544-b652-03cd51d8645e] Routing FlowFile[1902,100418805272505.mockFlowFile,23B] to original
[main] DEBUG org.apache.nifi.processors.standard.RouteText - RouteText[id=bf0f7ccb-620f-4544-b652-03cd51d8645e] Adding new dynamic property: PropertyDescriptor[simple]
[pool-3274-thread-1] INFO org.apache.nifi.processors.standard.RouteText - RouteText[id=bf0f7ccb-620f-4544-b652-03cd51d8645e] Created FlowFile[1905,100418805755119.mockFlowFile,23B] from FlowFile[1904,100418805755119.mockFlowFile,23B]; routing to relationship simple
[pool-3274-thread-1] INFO org.apache.nifi.processors.standard.RouteText - RouteText[id=bf0f7ccb-620f-4544-b652-03cd51d8645e] Routing FlowFile[1904,100418805755119.mockFlowFile,23B] to original
[main] DEBUG org.apache.nifi.processors.standard.RouteText - RouteText[id=bf0f7ccb-620f-4544-b652-03cd51d8645e] Adding new dynamic property: PropertyDescriptor[simple]
[pool-3275-thread-1] INFO org.apache.nifi.processors.standard.RouteText - RouteText[id=bf0f7ccb-620f-4544-b652-03cd51d8645e] Created FlowFile[1907,100418806251408.mockFlowFile,23B] from FlowFile[1906,100418806251408.mockFlowFile,23B]; routing to relationship simple
[pool-3275-thread-1] INFO org.apache.nifi.processors.standard.RouteText - RouteText[id=bf0f7ccb-620f-4544-b652-03cd51d8645e] Routing FlowFile[1906,100418806251408.mockFlowFile,23B] to original
[main] DEBUG org.apache.nifi.processors.standard.RouteText - RouteText[id=bf0f7ccb-620f-4544-b652-03cd51d8645e] Adding new dynamic property: PropertyDescriptor[simple]
[pool-3276-thread-1] INFO org.apache.nifi.processors.standard.RouteText - RouteText[id=bf0f7ccb-620f-4544-b652-03cd51d8645e] Created FlowFile[1909,100418806912400.mockFlowFile,23B] from FlowFile[1908,100418806912400.mockFlowFile,23B]; routing to relationship simple
[pool-3276-thread-1] INFO org.apache.nifi.processors.standard.RouteText - RouteText[id=bf0f7ccb-620f-4544-b652-03cd51d8645e] Routing FlowFile[1908,100418806912400.mockFlowFile,23B] to original
[main] DEBUG org.apache.nifi.processors.standard.RouteText - RouteText[id=bf0f7ccb-620f-4544-b652-03cd51d8645e] Adding new dynamic property: PropertyDescriptor[simple]
[pool-3277-thread-1] INFO org.apache.nifi.processors.standard.RouteText - RouteText[id=bf0f7ccb-620f-4544-b652-03cd51d8645e] Created FlowFile[1911,100418807612310.mockFlowFile,23B] from FlowFile[1910,100418807612310.mockFlowFile,23B]; routing to relationship simple
[pool-3277-thread-1] INFO org.apache.nifi.processors.standard.RouteText - RouteText[id=bf0f7ccb-620f-4544-b652-03cd51d8645e] Routing FlowFile[1910,100418807612310.mockFlowFile,23B] to original
[main] DEBUG org.apache.nifi.processors.standard.RouteText - RouteText[id=bf0f7ccb-620f-4544-b652-03cd51d8645e] Adding new dynamic property: PropertyDescriptor[simple]
[pool-3278-thread-1] INFO org.apache.nifi.processors.standard.RouteText - RouteText[id=bf0f7ccb-620f-4544-b652-03cd51d8645e] Created FlowFile[1913,100418808179758.mockFlowFile,23B] from FlowFile[1912,100418808179758.mockFlowFile,23B]; routing to relationship simple
[pool-3278-thread-1] INFO org.apache.nifi.processors.standard.RouteText - RouteText[id=bf0f7ccb-620f-4544-b652-03cd51d8645e] Routing FlowFile[1912,100418808179758.mockFlowFile,23B] to original
[main] DEBUG org.apache.nifi.processors.standard.RouteText - RouteText[id=bf0f7ccb-620f-4544-b652-03cd51d8645e] Adding new dynamic property: PropertyDescriptor[simple]
[pool-3279-thread-1] INFO org.apache.nifi.processors.standard.RouteText - RouteText[id=bf0f7ccb-620f-4544-b652-03cd51d8645e] Created FlowFile[1915,100418808737937.mockFlowFile,23B] from FlowFile[1914,100418808737937.mockFlowFile,23B]; routing to relationship simple
[pool-3279-thread-1] INFO org.apache.nifi.processors.standard.RouteText - RouteText[id=bf0f7ccb-620f-4544-b652-03cd51d8645e] Routing FlowFile[1914,100418808737937.mockFlowFile,23B] to original
[main] DEBUG org.apache.nifi.processors.standard.RouteText - RouteText[id=bf0f7ccb-620f-4544-b652-03cd51d8645e] Adding new dynamic property: PropertyDescriptor[simple]
[pool-3280-thread-1] INFO org.apache.nifi.processors.standard.RouteText - RouteText[id=bf0f7ccb-620f-4544-b652-03cd51d8645e] Created FlowFile[1917,100418809230377.mockFlowFile,23B] from FlowFile[1916,100418809230377.mockFlowFile,23B]; routing to relationship simple
[pool-3280-thread-1] INFO org.apache.nifi.processors.standard.RouteText - RouteText[id=bf0f7ccb-620f-4544-b652-03cd51d8645e] Routing FlowFile[1916,100418809230377.mockFlowFile,23B] to original
[main] DEBUG org.apache.nifi.processors.standard.RouteText - RouteText[id=bf0f7ccb-620f-4544-b652-03cd51d8645e] Adding new dynamic property: PropertyDescriptor[simple]
[pool-3281-thread-1] INFO org.apache.nifi.processors.standard.RouteText - RouteText[id=bf0f7ccb-620f-4544-b652-03cd51d8645e] Created FlowFile[1919,100418809706924.mockFlowFile,23B] from FlowFile[1918,100418809706924.mockFlowFile,23B]; routing to relationship simple
[pool-3281-thread-1] INFO org.apache.nifi.processors.standard.RouteText - RouteText[id=bf0f7ccb-620f-4544-b652-03cd51d8645e] Routing FlowFile[1918,100418809706924.mockFlowFile,23B] to original
[main] DEBUG org.apache.nifi.processors.standard.RouteText - RouteText[id=bf0f7ccb-620f-4544-b652-03cd51d8645e] Adding new dynamic property: PropertyDescriptor[simple]
[pool-3282-thread-1] INFO org.apache.nifi.processors.standard.RouteText - RouteText[id=bf0f7ccb-620f-4544-b652-03cd51d8645e] Created FlowFile[1921,100418810178081.mockFlowFile,23B] from FlowFile[1920,100418810178081.mockFlowFile,23B]; routing to relationship simple
[pool-3282-thread-1] INFO org.apache.nifi.processors.standard.RouteText - RouteText[id=bf0f7ccb-620f-4544-b652-03cd51d8645e] Routing FlowFile[1920,100418810178081.mockFlowFile,23B] to original
[main] DEBUG org.apache.nifi.processors.standard.RouteText - RouteText[id=bf0f7ccb-620f-4544-b652-03cd51d8645e] Adding new dynamic property: PropertyDescriptor[simple]
[pool-3283-thread-1] INFO org.apache.nifi.processors.standard.RouteText - RouteText[id=bf0f7ccb-620f-4544-b652-03cd51d8645e] Created FlowFile[1923,100418810635177.mockFlowFile,23B] from FlowFile[1922,100418810635177.mockFlowFile,23B]; routing to relationship simple
[pool-3283-thread-1] INFO org.apache.nifi.processors.standard.RouteText - RouteText[id=bf0f7ccb-620f-4544-b652-03cd51d8645e] Routing FlowFile[1922,100418810635177.mockFlowFile,23B] to original
[main] DEBUG org.apache.nifi.processors.standard.RouteText - RouteText[id=bf0f7ccb-620f-4544-b652-03cd51d8645e] Adding new dynamic property: PropertyDescriptor[simple]
[pool-3284-thread-1] INFO org.apache.nifi.processors.standard.RouteText - RouteText[id=bf0f7ccb-620f-4544-b652-03cd51d8645e] Created FlowFile[1925,100418811093415.mockFlowFile,23B] from FlowFile[1924,100418811093415.mockFlowFile,23B]; routing to relationship simple
[pool-3284-thread-1] INFO org.apache.nifi.processors.standard.RouteText - RouteText[id=bf0f7ccb-620f-4544-b652-03cd51d8645e] Routing FlowFile[1924,100418811093415.mockFlowFile,23B] to original
[main] DEBUG org.apache.nifi.processors.standard.RouteText - RouteText[id=bf0f7ccb-620f-4544-b652-03cd51d8645e] Adding new dynamic property: PropertyDescriptor[simple]
[pool-3285-thread-1] INFO org.apache.nifi.processors.standard.RouteText - RouteText[id=bf0f7ccb-620f-4544-b652-03cd51d8645e] Created FlowFile[1927,100418811534243.mockFlowFile,23B] from FlowFile[1926,100418811534243.mockFlowFile,23B]; routing to relationship simple
[pool-3285-thread-1] INFO org.apache.nifi.processors.standard.RouteText - RouteText[id=bf0f7ccb-620f-4544-b652-03cd51d8645e] Routing FlowFile[1926,100418811534243.mockFlowFile,23B] to original
[main] DEBUG org.apache.nifi.processors.standard.RouteText - RouteText[id=bf0f7ccb-620f-4544-b652-03cd51d8645e] Adding new dynamic property: PropertyDescriptor[simple]
[pool-3286-thread-1] INFO org.apache.nifi.processors.standard.RouteText - RouteText[id=bf0f7ccb-620f-4544-b652-03cd51d8645e] Created FlowFile[1929,100418811988256.mockFlowFile,23B] from FlowFile[1928,100418811988256.mockFlowFile,23B]; routing to relationship simple
[pool-3286-thread-1] INFO org.apache.nifi.processors.standard.RouteText - RouteText[id=bf0f7ccb-620f-4544-b652-03cd51d8645e] Routing FlowFile[1928,100418811988256.mockFlowFile,23B] to original
[main] DEBUG org.apache.nifi.processors.standard.RouteText - RouteText[id=bf0f7ccb-620f-4544-b652-03cd51d8645e] Adding new dynamic property: PropertyDescriptor[simple]
[pool-3287-thread-1] INFO org.apache.nifi.processors.standard.RouteText - RouteText[id=bf0f7ccb-620f-4544-b652-03cd51d8645e] Created FlowFile[1931,100418812497595.mockFlowFile,23B] from FlowFile[1930,100418812497595.mockFlowFile,23B]; routing to relationship simple
[pool-3287-thread-1] INFO org.apache.nifi.processors.standard.RouteText - RouteText[id=bf0f7ccb-620f-4544-b652-03cd51d8645e] Routing FlowFile[1930,100418812497595.mockFlowFile,23B] to original
[main] DEBUG org.apache.nifi.processors.standard.RouteText - RouteText[id=bf0f7ccb-620f-4544-b652-03cd51d8645e] Adding new dynamic property: PropertyDescriptor[simple]
[pool-3288-thread-1] INFO org.apache.nifi.processors.standard.RouteText - RouteText[id=bf0f7ccb-620f-4544-b652-03cd51d8645e] Created FlowFile[1933,100418813041905.mockFlowFile,23B] from FlowFile[1932,100418813041905.mockFlowFile,23B]; routing to relationship simple
[pool-3288-thread-1] INFO org.apache.nifi.processors.standard.RouteText - RouteText[id=bf0f7ccb-620f-4544-b652-03cd51d8645e] Routing FlowFile[1932,100418813041905.mockFlowFile,23B] to original
[main] DEBUG org.apache.nifi.processors.standard.RouteText - RouteText[id=bf0f7ccb-620f-4544-b652-03cd51d8645e] Adding new dynamic property: PropertyDescriptor[simple]
[pool-3289-thread-1] INFO org.apache.nifi.processors.standard.RouteText - RouteText[id=bf0f7ccb-620f-4544-b652-03cd51d8645e] Created FlowFile[1935,100418813540840.mockFlowFile,23B] from FlowFile[1934,100418813540840.mockFlowFile,23B]; routing to relationship simple
[pool-3289-thread-1] INFO org.apache.nifi.processors.standard.RouteText - RouteText[id=bf0f7ccb-620f-4544-b652-03cd51d8645e] Routing FlowFile[1934,100418813540840.mockFlowFile,23B] to original
[main] DEBUG org.apache.nifi.processors.standard.RouteText - RouteText[id=bf0f7ccb-620f-4544-b652-03cd51d8645e] Adding new dynamic property: PropertyDescriptor[simple]
[pool-3290-thread-1] INFO org.apache.nifi.processors.standard.RouteText - RouteText[id=bf0f7ccb-620f-4544-b652-03cd51d8645e] Created FlowFile[1937,100418814019894.mockFlowFile,23B] from FlowFile[1936,100418814019894.mockFlowFile,23B]; routing to relationship simple
[pool-3290-thread-1] INFO org.apache.nifi.processors.standard.RouteText - RouteText[id=bf0f7ccb-620f-4544-b652-03cd51d8645e] Routing FlowFile[1936,100418814019894.mockFlowFile,23B] to original
[main] DEBUG org.apache.nifi.processors.standard.RouteText - RouteText[id=bf0f7ccb-620f-4544-b652-03cd51d8645e] Adding new dynamic property: PropertyDescriptor[simple]
[pool-3291-thread-1] INFO org.apache.nifi.processors.standard.RouteText - RouteText[id=bf0f7ccb-620f-4544-b652-03cd51d8645e] Created FlowFile[1939,100418814476881.mockFlowFile,23B] from FlowFile[1938,100418814476881.mockFlowFile,23B]; routing to relationship simple
[pool-3291-thread-1] INFO org.apache.nifi.processors.standard.RouteText - RouteText[id=bf0f7ccb-620f-4544-b652-03cd51d8645e] Routing FlowFile[1938,100418814476881.mockFlowFile,23B] to original
[main] DEBUG org.apache.nifi.processors.standard.RouteText - RouteText[id=bf0f7ccb-620f-4544-b652-03cd51d8645e] Adding new dynamic property: PropertyDescriptor[simple]
[pool-3292-thread-1] INFO org.apache.nifi.processors.standard.RouteText - RouteText[id=bf0f7ccb-620f-4544-b652-03cd51d8645e] Created FlowFile[1941,100418814930299.mockFlowFile,23B] from FlowFile[1940,100418814930299.mockFlowFile,23B]; routing to relationship simple
[pool-3292-thread-1] INFO org.apache.nifi.processors.standard.RouteText - RouteText[id=bf0f7ccb-620f-4544-b652-03cd51d8645e] Routing FlowFile[1940,100418814930299.mockFlowFile,23B] to original
[main] DEBUG org.apache.nifi.processors.standard.RouteText - RouteText[id=bf0f7ccb-620f-4544-b652-03cd51d8645e] Adding new dynamic property: PropertyDescriptor[simple]
[pool-3293-thread-1] INFO org.apache.nifi.processors.standard.RouteText - RouteText[id=bf0f7ccb-620f-4544-b652-03cd51d8645e] Created FlowFile[1943,100418815439617.mockFlowFile,23B] from FlowFile[1942,100418815439617.mockFlowFile,23B]; routing to relationship simple
[pool-3293-thread-1] INFO org.apache.nifi.processors.standard.RouteText - RouteText[id=bf0f7ccb-620f-4544-b652-03cd51d8645e] Routing FlowFile[1942,100418815439617.mockFlowFile,23B] to original
[main] DEBUG org.apache.nifi.processors.standard.RouteText - RouteText[id=bf0f7ccb-620f-4544-b652-03cd51d8645e] Adding new dynamic property: PropertyDescriptor[simple]
[pool-3294-thread-1] INFO org.apache.nifi.processors.standard.RouteText - RouteText[id=bf0f7ccb-620f-4544-b652-03cd51d8645e] Created FlowFile[1945,100418815882719.mockFlowFile,23B] from FlowFile[1944,100418815882719.mockFlowFile,23B]; routing to relationship simple
[pool-3294-thread-1] INFO org.apache.nifi.processors.standard.RouteText - RouteText[id=bf0f7ccb-620f-4544-b652-03cd51d8645e] Routing FlowFile[1944,100418815882719.mockFlowFile,23B] to original
[main] DEBUG org.apache.nifi.processors.standard.RouteText - RouteText[id=bf0f7ccb-620f-4544-b652-03cd51d8645e] Adding new dynamic property: PropertyDescriptor[simple]
[pool-3295-thread-1] INFO org.apache.nifi.processors.standard.RouteText - RouteText[id=bf0f7ccb-620f-4544-b652-03cd51d8645e] Created FlowFile[1947,100418816341646.mockFlowFile,23B] from FlowFile[1946,100418816341646.mockFlowFile,23B]; routing to relationship simple
[pool-3295-thread-1] INFO org.apache.nifi.processors.standard.RouteText - RouteText[id=bf0f7ccb-620f-4544-b652-03cd51d8645e] Routing FlowFile[1946,100418816341646.mockFlowFile,23B] to original
[main] DEBUG org.apache.nifi.processors.standard.RouteText - RouteText[id=bf0f7ccb-620f-4544-b652-03cd51d8645e] Adding new dynamic property: PropertyDescriptor[simple]
[pool-3296-thread-1] INFO org.apache.nifi.processors.standard.RouteText - RouteText[id=bf0f7ccb-620f-4544-b652-03cd51d8645e] Created FlowFile[1949,100418816812232.mockFlowFile,23B] from FlowFile[1948,100418816812232.mockFlowFile,23B]; routing to relationship simple
[pool-3296-thread-1] INFO org.apache.nifi.processors.standard.RouteText - RouteText[id=bf0f7ccb-620f-4544-b652-03cd51d8645e] Routing FlowFile[1948,100418816812232.mockFlowFile,23B] to original
[main] DEBUG org.apache.nifi.processors.standard.RouteText - RouteText[id=bf0f7ccb-620f-4544-b652-03cd51d8645e] Adding new dynamic property: PropertyDescriptor[simple]
[pool-3297-thread-1] INFO org.apache.nifi.processors.standard.RouteText - RouteText[id=bf0f7ccb-620f-4544-b652-03cd51d8645e] Created FlowFile[1951,100418817286723.mockFlowFile,23B] from FlowFile[1950,100418817286723.mockFlowFile,23B]; routing to relationship simple
[pool-3297-thread-1] INFO org.apache.nifi.processors.standard.RouteText - RouteText[id=bf0f7ccb-620f-4544-b652-03cd51d8645e] Routing FlowFile[1950,100418817286723.mockFlowFile,23B] to original
[main] DEBUG org.apache.nifi.processors.standard.RouteText - RouteText[id=bf0f7ccb-620f-4544-b652-03cd51d8645e] Adding new dynamic property: PropertyDescriptor[simple]
[pool-3298-thread-1] INFO org.apache.nifi.processors.standard.RouteText - RouteText[id=bf0f7ccb-620f-4544-b652-03cd51d8645e] Created FlowFile[1953,100418817749331.mockFlowFile,23B] from FlowFile[1952,100418817749331.mockFlowFile,23B]; routing to relationship simple
[pool-3298-thread-1] INFO org.apache.nifi.processors.standard.RouteText - RouteText[id=bf0f7ccb-620f-4544-b652-03cd51d8645e] Routing FlowFile[1952,100418817749331.mockFlowFile,23B] to original
[main] DEBUG org.apache.nifi.processors.standard.RouteText - RouteText[id=bf0f7ccb-620f-4544-b652-03cd51d8645e] Adding new dynamic property: PropertyDescriptor[simple]
[pool-3299-thread-1] INFO org.apache.nifi.processors.standard.RouteText - RouteText[id=bf0f7ccb-620f-4544-b652-03cd51d8645e] Created FlowFile[1955,100418818217493.mockFlowFile,23B] from FlowFile[1954,100418818217493.mockFlowFile,23B]; routing to relationship simple
[pool-3299-thread-1] INFO org.apache.nifi.processors.standard.RouteText - RouteText[id=bf0f7ccb-620f-4544-b652-03cd51d8645e] Routing FlowFile[1954,100418818217493.mockFlowFile,23B] to original
[main] DEBUG org.apache.nifi.processors.standard.RouteText - RouteText[id=bf0f7ccb-620f-4544-b652-03cd51d8645e] Adding new dynamic property: PropertyDescriptor[simple]
[pool-3300-thread-1] INFO org.apache.nifi.processors.standard.RouteText - RouteText[id=bf0f7ccb-620f-4544-b652-03cd51d8645e] Created FlowFile[1957,100418818659777.mockFlowFile,23B] from FlowFile[1956,100418818659777.mockFlowFile,23B]; routing to relationship simple
[pool-3300-thread-1] INFO org.apache.nifi.processors.standard.RouteText - RouteText[id=bf0f7ccb-620f-4544-b652-03cd51d8645e] Routing FlowFile[1956,100418818659777.mockFlowFile,23B] to original
[main] DEBUG org.apache.nifi.processors.standard.RouteText - RouteText[id=bf0f7ccb-620f-4544-b652-03cd51d8645e] Adding new dynamic property: PropertyDescriptor[simple]
[pool-3301-thread-1] INFO org.apache.nifi.processors.standard.RouteText - RouteText[id=bf0f7ccb-620f-4544-b652-03cd51d8645e] Created FlowFile[1959,100418819110519.mockFlowFile,23B] from FlowFile[1958,100418819110519.mockFlowFile,23B]; routing to relationship simple
[pool-3301-thread-1] INFO org.apache.nifi.processors.standard.RouteText - RouteText[id=bf0f7ccb-620f-4544-b652-03cd51d8645e] Routing FlowFile[1958,100418819110519.mockFlowFile,23B] to original
[main] DEBUG org.apache.nifi.processors.standard.RouteText - RouteText[id=bf0f7ccb-620f-4544-b652-03cd51d8645e] Adding new dynamic property: PropertyDescriptor[simple]
[pool-3302-thread-1] INFO org.apache.nifi.processors.standard.RouteText - RouteText[id=bf0f7ccb-620f-4544-b652-03cd51d8645e] Created FlowFile[1961,100418819583042.mockFlowFile,23B] from FlowFile[1960,100418819583042.mockFlowFile,23B]; routing to relationship simple
[pool-3302-thread-1] INFO org.apache.nifi.processors.standard.RouteText - RouteText[id=bf0f7ccb-620f-4544-b652-03cd51d8645e] Routing FlowFile[1960,100418819583042.mockFlowFile,23B] to original
[main] DEBUG org.apache.nifi.processors.standard.RouteText - RouteText[id=bf0f7ccb-620f-4544-b652-03cd51d8645e] Adding new dynamic property: PropertyDescriptor[simple]
[pool-3303-thread-1] INFO org.apache.nifi.processors.standard.RouteText - RouteText[id=bf0f7ccb-620f-4544-b652-03cd51d8645e] Created FlowFile[1963,100418820046929.mockFlowFile,23B] from FlowFile[1962,100418820046929.mockFlowFile,23B]; routing to relationship simple
[pool-3303-thread-1] INFO org.apache.nifi.processors.standard.RouteText - RouteText[id=bf0f7ccb-620f-4544-b652-03cd51d8645e] Routing FlowFile[1962,100418820046929.mockFlowFile,23B] to original
[main] DEBUG org.apache.nifi.processors.standard.RouteText - RouteText[id=bf0f7ccb-620f-4544-b652-03cd51d8645e] Adding new dynamic property: PropertyDescriptor[simple]
[pool-3304-thread-1] INFO org.apache.nifi.processors.standard.RouteText - RouteText[id=bf0f7ccb-620f-4544-b652-03cd51d8645e] Created FlowFile[1965,100418820524294.mockFlowFile,23B] from FlowFile[1964,100418820524294.mockFlowFile,23B]; routing to relationship simple
[pool-3304-thread-1] INFO org.apache.nifi.processors.standard.RouteText - RouteText[id=bf0f7ccb-620f-4544-b652-03cd51d8645e] Routing FlowFile[1964,100418820524294.mockFlowFile,23B] to original
[main] DEBUG org.apache.nifi.processors.standard.RouteText - RouteText[id=bf0f7ccb-620f-4544-b652-03cd51d8645e] Adding new dynamic property: PropertyDescriptor[simple]
[pool-3305-thread-1] INFO org.apache.nifi.processors.standard.RouteText - RouteText[id=bf0f7ccb-620f-4544-b652-03cd51d8645e] Created FlowFile[1967,100418820983906.mockFlowFile,23B] from FlowFile[1966,100418820983906.mockFlowFile,23B]; routing to relationship simple
[pool-3305-thread-1] INFO org.apache.nifi.processors.standard.RouteText - RouteText[id=bf0f7ccb-620f-4544-b652-03cd51d8645e] Routing FlowFile[1966,100418820983906.mockFlowFile,23B] to original
[main] DEBUG org.apache.nifi.processors.standard.RouteText - RouteText[id=bf0f7ccb-620f-4544-b652-03cd51d8645e] Adding new dynamic property: PropertyDescriptor[simple]
[pool-3306-thread-1] INFO org.apache.nifi.processors.standard.RouteText - RouteText[id=bf0f7ccb-620f-4544-b652-03cd51d8645e] Created FlowFile[1969,100418821448236.mockFlowFile,23B] from FlowFile[1968,100418821448236.mockFlowFile,23B]; routing to relationship simple
[pool-3306-thread-1] INFO org.apache.nifi.processors.standard.RouteText - RouteText[id=bf0f7ccb-620f-4544-b652-03cd51d8645e] Routing FlowFile[1968,100418821448236.mockFlowFile,23B] to original
[main] DEBUG org.apache.nifi.processors.standard.RouteText - RouteText[id=bf0f7ccb-620f-4544-b652-03cd51d8645e] Adding new dynamic property: PropertyDescriptor[simple]
[pool-3307-thread-1] INFO org.apache.nifi.processors.standard.RouteText - RouteText[id=bf0f7ccb-620f-4544-b652-03cd51d8645e] Created FlowFile[1971,100418821912281.mockFlowFile,23B] from FlowFile[1970,100418821912281.mockFlowFile,23B]; routing to relationship simple
[pool-3307-thread-1] INFO org.apache.nifi.processors.standard.RouteText - RouteText[id=bf0f7ccb-620f-4544-b652-03cd51d8645e] Routing FlowFile[1970,100418821912281.mockFlowFile,23B] to original
[main] DEBUG org.apache.nifi.processors.standard.RouteText - RouteText[id=bf0f7ccb-620f-4544-b652-03cd51d8645e] Adding new dynamic property: PropertyDescriptor[simple]
[pool-3308-thread-1] INFO org.apache.nifi.processors.standard.RouteText - RouteText[id=bf0f7ccb-620f-4544-b652-03cd51d8645e] Created FlowFile[1973,100418822398339.mockFlowFile,23B] from FlowFile[1972,100418822398339.mockFlowFile,23B]; routing to relationship simple
[pool-3308-thread-1] INFO org.apache.nifi.processors.standard.RouteText - RouteText[id=bf0f7ccb-620f-4544-b652-03cd51d8645e] Routing FlowFile[1972,100418822398339.mockFlowFile,23B] to original
[main] DEBUG org.apache.nifi.processors.standard.RouteText - RouteText[id=bf0f7ccb-620f-4544-b652-03cd51d8645e] Adding new dynamic property: PropertyDescriptor[simple]
[pool-3309-thread-1] INFO org.apache.nifi.processors.standard.RouteText - RouteText[id=bf0f7ccb-620f-4544-b652-03cd51d8645e] Created FlowFile[1975,100418822844343.mockFlowFile,23B] from FlowFile[1974,100418822844343.mockFlowFile,23B]; routing to relationship simple
[pool-3309-thread-1] INFO org.apache.nifi.processors.standard.RouteText - RouteText[id=bf0f7ccb-620f-4544-b652-03cd51d8645e] Routing FlowFile[1974,100418822844343.mockFlowFile,23B] to original
[main] DEBUG org.apache.nifi.processors.standard.RouteText - RouteText[id=bf0f7ccb-620f-4544-b652-03cd51d8645e] Adding new dynamic property: PropertyDescriptor[simple]
[pool-3310-thread-1] INFO org.apache.nifi.processors.standard.RouteText - RouteText[id=bf0f7ccb-620f-4544-b652-03cd51d8645e] Created FlowFile[1977,100418823266718.mockFlowFile,23B] from FlowFile[1976,100418823266718.mockFlowFile,23B]; routing to relationship simple
[pool-3310-thread-1] INFO org.apache.nifi.processors.standard.RouteText - RouteText[id=bf0f7ccb-620f-4544-b652-03cd51d8645e] Routing FlowFile[1976,100418823266718.mockFlowFile,23B] to original
[main] DEBUG org.apache.nifi.processors.standard.RouteText - RouteText[id=bf0f7ccb-620f-4544-b652-03cd51d8645e] Adding new dynamic property: PropertyDescriptor[simple]
[pool-3311-thread-1] INFO org.apache.nifi.processors.standard.RouteText - RouteText[id=bf0f7ccb-620f-4544-b652-03cd51d8645e] Created FlowFile[1979,100418823694704.mockFlowFile,23B] from FlowFile[1978,100418823694704.mockFlowFile,23B]; routing to relationship simple
[pool-3311-thread-1] INFO org.apache.nifi.processors.standard.RouteText - RouteText[id=bf0f7ccb-620f-4544-b652-03cd51d8645e] Routing FlowFile[1978,100418823694704.mockFlowFile,23B] to original
[main] DEBUG org.apache.nifi.processors.standard.RouteText - RouteText[id=bf0f7ccb-620f-4544-b652-03cd51d8645e] Adding new dynamic property: PropertyDescriptor[simple]
[pool-3312-thread-1] INFO org.apache.nifi.processors.standard.RouteText - RouteText[id=bf0f7ccb-620f-4544-b652-03cd51d8645e] Created FlowFile[1981,100418824107515.mockFlowFile,23B] from FlowFile[1980,100418824107515.mockFlowFile,23B]; routing to relationship simple
[pool-3312-thread-1] INFO org.apache.nifi.processors.standard.RouteText - RouteText[id=bf0f7ccb-620f-4544-b652-03cd51d8645e] Routing FlowFile[1980,100418824107515.mockFlowFile,23B] to original
[main] DEBUG org.apache.nifi.processors.standard.RouteText - RouteText[id=bf0f7ccb-620f-4544-b652-03cd51d8645e] Adding new dynamic property: PropertyDescriptor[simple]
[pool-3313-thread-1] INFO org.apache.nifi.processors.standard.RouteText - RouteText[id=bf0f7ccb-620f-4544-b652-03cd51d8645e] Created FlowFile[1983,100418824562469.mockFlowFile,23B] from FlowFile[1982,100418824562469.mockFlowFile,23B]; routing to relationship simple
[pool-3313-thread-1] INFO org.apache.nifi.processors.standard.RouteText - RouteText[id=bf0f7ccb-620f-4544-b652-03cd51d8645e] Routing FlowFile[1982,100418824562469.mockFlowFile,23B] to original
[main] DEBUG org.apache.nifi.processors.standard.RouteText - RouteText[id=bf0f7ccb-620f-4544-b652-03cd51d8645e] Adding new dynamic property: PropertyDescriptor[simple]
[pool-3314-thread-1] INFO org.apache.nifi.processors.standard.RouteText - RouteText[id=bf0f7ccb-620f-4544-b652-03cd51d8645e] Created FlowFile[1985,100418825009554.mockFlowFile,23B] from FlowFile[1984,100418825009554.mockFlowFile,23B]; routing to relationship simple
[pool-3314-thread-1] INFO org.apache.nifi.processors.standard.RouteText - RouteText[id=bf0f7ccb-620f-4544-b652-03cd51d8645e] Routing FlowFile[1984,100418825009554.mockFlowFile,23B] to original
[main] DEBUG org.apache.nifi.processors.standard.RouteText - RouteText[id=bf0f7ccb-620f-4544-b652-03cd51d8645e] Adding new dynamic property: PropertyDescriptor[simple]
[pool-3315-thread-1] INFO org.apache.nifi.processors.standard.RouteText - RouteText[id=bf0f7ccb-620f-4544-b652-03cd51d8645e] Created FlowFile[1987,100418825431637.mockFlowFile,23B] from FlowFile[1986,100418825431637.mockFlowFile,23B]; routing to relationship simple
[pool-3315-thread-1] INFO org.apache.nifi.processors.standard.RouteText - RouteText[id=bf0f7ccb-620f-4544-b652-03cd51d8645e] Routing FlowFile[1986,100418825431637.mockFlowFile,23B] to original
[main] DEBUG org.apache.nifi.processors.standard.RouteText - RouteText[id=bf0f7ccb-620f-4544-b652-03cd51d8645e] Adding new dynamic property: PropertyDescriptor[simple]
[pool-3316-thread-1] INFO org.apache.nifi.processors.standard.RouteText - RouteText[id=bf0f7ccb-620f-4544-b652-03cd51d8645e] Created FlowFile[1989,100418827640241.mockFlowFile,23B] from FlowFile[1988,100418827640241.mockFlowFile,23B]; routing to relationship simple
[pool-3316-thread-1] INFO org.apache.nifi.processors.standard.RouteText - RouteText[id=bf0f7ccb-620f-4544-b652-03cd51d8645e] Routing FlowFile[1988,100418827640241.mockFlowFile,23B] to original
[main] DEBUG org.apache.nifi.processors.standard.RouteText - RouteText[id=bf0f7ccb-620f-4544-b652-03cd51d8645e] Adding new dynamic property: PropertyDescriptor[simple]
[pool-3317-thread-1] INFO org.apache.nifi.processors.standard.RouteText - RouteText[id=bf0f7ccb-620f-4544-b652-03cd51d8645e] Created FlowFile[1991,100418828256764.mockFlowFile,23B] from FlowFile[1990,100418828256764.mockFlowFile,23B]; routing to relationship simple
[pool-3317-thread-1] INFO org.apache.nifi.processors.standard.RouteText - RouteText[id=bf0f7ccb-620f-4544-b652-03cd51d8645e] Routing FlowFile[1990,100418828256764.mockFlowFile,23B] to original
[main] DEBUG org.apache.nifi.processors.standard.RouteText - RouteText[id=bf0f7ccb-620f-4544-b652-03cd51d8645e] Adding new dynamic property: PropertyDescriptor[simple]
[pool-3318-thread-1] INFO org.apache.nifi.processors.standard.RouteText - RouteText[id=bf0f7ccb-620f-4544-b652-03cd51d8645e] Created FlowFile[1993,100418828726581.mockFlowFile,23B] from FlowFile[1992,100418828726581.mockFlowFile,23B]; routing to relationship simple
[pool-3318-thread-1] INFO org.apache.nifi.processors.standard.RouteText - RouteText[id=bf0f7ccb-620f-4544-b652-03cd51d8645e] Routing FlowFile[1992,100418828726581.mockFlowFile,23B] to original
[main] DEBUG org.apache.nifi.processors.standard.RouteText - RouteText[id=bf0f7ccb-620f-4544-b652-03cd51d8645e] Adding new dynamic property: PropertyDescriptor[simple]
[pool-3319-thread-1] INFO org.apache.nifi.processors.standard.RouteText - RouteText[id=bf0f7ccb-620f-4544-b652-03cd51d8645e] Created FlowFile[1995,100418829204652.mockFlowFile,23B] from FlowFile[1994,100418829204652.mockFlowFile,23B]; routing to relationship simple
[pool-3319-thread-1] INFO org.apache.nifi.processors.standard.RouteText - RouteText[id=bf0f7ccb-620f-4544-b652-03cd51d8645e] Routing FlowFile[1994,100418829204652.mockFlowFile,23B] to original
[main] DEBUG org.apache.nifi.processors.standard.RouteText - RouteText[id=bf0f7ccb-620f-4544-b652-03cd51d8645e] Adding new dynamic property: PropertyDescriptor[simple]
[pool-3320-thread-1] INFO org.apache.nifi.processors.standard.RouteText - RouteText[id=bf0f7ccb-620f-4544-b652-03cd51d8645e] Created FlowFile[1997,100418829643193.mockFlowFile,23B] from FlowFile[1996,100418829643193.mockFlowFile,23B]; routing to relationship simple
[pool-3320-thread-1] INFO org.apache.nifi.processors.standard.RouteText - RouteText[id=bf0f7ccb-620f-4544-b652-03cd51d8645e] Routing FlowFile[1996,100418829643193.mockFlowFile,23B] to original
[main] DEBUG org.apache.nifi.processors.standard.RouteText - RouteText[id=bf0f7ccb-620f-4544-b652-03cd51d8645e] Adding new dynamic property: PropertyDescriptor[simple]
[pool-3321-thread-1] INFO org.apache.nifi.processors.standard.RouteText - RouteText[id=bf0f7ccb-620f-4544-b652-03cd51d8645e] Created FlowFile[1999,100418830131210.mockFlowFile,23B] from FlowFile[1998,100418830131210.mockFlowFile,23B]; routing to relationship simple
[pool-3321-thread-1] INFO org.apache.nifi.processors.standard.RouteText - RouteText[id=bf0f7ccb-620f-4544-b652-03cd51d8645e] Routing FlowFile[1998,100418830131210.mockFlowFile,23B] to original
[main] DEBUG org.apache.nifi.processors.standard.RouteText - RouteText[id=bf0f7ccb-620f-4544-b652-03cd51d8645e] Adding new dynamic property: PropertyDescriptor[simple]
[pool-3322-thread-1] INFO org.apache.nifi.processors.standard.RouteText - RouteText[id=bf0f7ccb-620f-4544-b652-03cd51d8645e] Created FlowFile[2001,100418830628625.mockFlowFile,23B] from FlowFile[2000,100418830628625.mockFlowFile,23B]; routing to relationship simple
[pool-3322-thread-1] INFO org.apache.nifi.processors.standard.RouteText - RouteText[id=bf0f7ccb-620f-4544-b652-03cd51d8645e] Routing FlowFile[2000,100418830628625.mockFlowFile,23B] to original
[main] DEBUG org.apache.nifi.processors.standard.RouteText - RouteText[id=bf0f7ccb-620f-4544-b652-03cd51d8645e] Adding new dynamic property: PropertyDescriptor[simple]
[pool-3323-thread-1] INFO org.apache.nifi.processors.standard.RouteText - RouteText[id=bf0f7ccb-620f-4544-b652-03cd51d8645e] Created FlowFile[2003,100418831045207.mockFlowFile,23B] from FlowFile[2002,100418831045207.mockFlowFile,23B]; routing to relationship simple
[pool-3323-thread-1] INFO org.apache.nifi.processors.standard.RouteText - RouteText[id=bf0f7ccb-620f-4544-b652-03cd51d8645e] Routing FlowFile[2002,100418831045207.mockFlowFile,23B] to original
[main] DEBUG org.apache.nifi.processors.standard.RouteText - RouteText[id=bf0f7ccb-620f-4544-b652-03cd51d8645e] Adding new dynamic property: PropertyDescriptor[simple]
[pool-3324-thread-1] INFO org.apache.nifi.processors.standard.RouteText - RouteText[id=bf0f7ccb-620f-4544-b652-03cd51d8645e] Created FlowFile[2005,100418831461309.mockFlowFile,24B] from FlowFile[2004,100418831461309.mockFlowFile,24B]; routing to relationship simple
[pool-3324-thread-1] INFO org.apache.nifi.processors.standard.RouteText - RouteText[id=bf0f7ccb-620f-4544-b652-03cd51d8645e] Routing FlowFile[2004,100418831461309.mockFlowFile,24B] to original
[main] DEBUG org.apache.nifi.processors.standard.RouteText - RouteText[id=bf0f7ccb-620f-4544-b652-03cd51d8645e] Adding new dynamic property: PropertyDescriptor[simple]
[pool-3325-thread-1] INFO org.apache.nifi.processors.standard.RouteText - RouteText[id=bf0f7ccb-620f-4544-b652-03cd51d8645e] Created FlowFile[2007,100418831862541.mockFlowFile,24B] from FlowFile[2006,100418831862541.mockFlowFile,24B]; routing to relationship simple
[pool-3325-thread-1] INFO org.apache.nifi.processors.standard.RouteText - RouteText[id=bf0f7ccb-620f-4544-b652-03cd51d8645e] Routing FlowFile[2006,100418831862541.mockFlowFile,24B] to original
[main] DEBUG org.apache.nifi.processors.standard.RouteText - RouteText[id=bf0f7ccb-620f-4544-b652-03cd51d8645e] Adding new dynamic property: PropertyDescriptor[simple]
[pool-3326-thread-1] INFO org.apache.nifi.processors.standard.RouteText - RouteText[id=bf0f7ccb-620f-4544-b652-03cd51d8645e] Created FlowFile[2009,100418832304475.mockFlowFile,24B] from FlowFile[2008,100418832304475.mockFlowFile,24B]; routing to relationship simple
[pool-3326-thread-1] INFO org.apache.nifi.processors.standard.RouteText - RouteText[id=bf0f7ccb-620f-4544-b652-03cd51d8645e] Routing FlowFile[2008,100418832304475.mockFlowFile,24B] to original
[main] DEBUG org.apache.nifi.processors.standard.RouteText - RouteText[id=bf0f7ccb-620f-4544-b652-03cd51d8645e] Adding new dynamic property: PropertyDescriptor[simple]
[pool-3327-thread-1] INFO org.apache.nifi.processors.standard.RouteText - RouteText[id=bf0f7ccb-620f-4544-b652-03cd51d8645e] Created FlowFile[2011,100418832787898.mockFlowFile,24B] from FlowFile[2010,100418832787898.mockFlowFile,24B]; routing to relationship simple
[pool-3327-thread-1] INFO org.apache.nifi.processors.standard.RouteText - RouteText[id=bf0f7ccb-620f-4544-b652-03cd51d8645e] Routing FlowFile[2010,100418832787898.mockFlowFile,24B] to original
[main] DEBUG org.apache.nifi.processors.standard.RouteText - RouteText[id=bf0f7ccb-620f-4544-b652-03cd51d8645e] Adding new dynamic property: PropertyDescriptor[simple]
[pool-3328-thread-1] INFO org.apache.nifi.processors.standard.RouteText - RouteText[id=bf0f7ccb-620f-4544-b652-03cd51d8645e] Created FlowFile[2013,100418833214886.mockFlowFile,24B] from FlowFile[2012,100418833214886.mockFlowFile,24B]; routing to relationship simple
[pool-3328-thread-1] INFO org.apache.nifi.processors.standard.RouteText - RouteText[id=bf0f7ccb-620f-4544-b652-03cd51d8645e] Routing FlowFile[2012,100418833214886.mockFlowFile,24B] to original
[main] DEBUG org.apache.nifi.processors.standard.RouteText - RouteText[id=bf0f7ccb-620f-4544-b652-03cd51d8645e] Adding new dynamic property: PropertyDescriptor[simple]
[pool-3329-thread-1] INFO org.apache.nifi.processors.standard.RouteText - RouteText[id=bf0f7ccb-620f-4544-b652-03cd51d8645e] Created FlowFile[2015,100418833655280.mockFlowFile,24B] from FlowFile[2014,100418833655280.mockFlowFile,24B]; routing to relationship simple
[pool-3329-thread-1] INFO org.apache.nifi.processors.standard.RouteText - RouteText[id=bf0f7ccb-620f-4544-b652-03cd51d8645e] Routing FlowFile[2014,100418833655280.mockFlowFile,24B] to original
[main] DEBUG org.apache.nifi.processors.standard.RouteText - RouteText[id=bf0f7ccb-620f-4544-b652-03cd51d8645e] Adding new dynamic property: PropertyDescriptor[simple]
[pool-3330-thread-1] INFO org.apache.nifi.processors.standard.RouteText - RouteText[id=bf0f7ccb-620f-4544-b652-03cd51d8645e] Created FlowFile[2017,100418834114095.mockFlowFile,24B] from FlowFile[2016,100418834114095.mockFlowFile,24B]; routing to relationship simple
[pool-3330-thread-1] INFO org.apache.nifi.processors.standard.RouteText - RouteText[id=bf0f7ccb-620f-4544-b652-03cd51d8645e] Routing FlowFile[2016,100418834114095.mockFlowFile,24B] to original
[main] DEBUG org.apache.nifi.processors.standard.RouteText - RouteText[id=bf0f7ccb-620f-4544-b652-03cd51d8645e] Adding new dynamic property: PropertyDescriptor[simple]
[pool-3331-thread-1] INFO org.apache.nifi.processors.standard.RouteText - RouteText[id=bf0f7ccb-620f-4544-b652-03cd51d8645e] Created FlowFile[2019,100418834574678.mockFlowFile,24B] from FlowFile[2018,100418834574678.mockFlowFile,24B]; routing to relationship simple
[pool-3331-thread-1] INFO org.apache.nifi.processors.standard.RouteText - RouteText[id=bf0f7ccb-620f-4544-b652-03cd51d8645e] Routing FlowFile[2018,100418834574678.mockFlowFile,24B] to original
[main] DEBUG org.apache.nifi.processors.standard.RouteText - RouteText[id=bf0f7ccb-620f-4544-b652-03cd51d8645e] Adding new dynamic property: PropertyDescriptor[simple]
[pool-3332-thread-1] INFO org.apache.nifi.processors.standard.RouteText - RouteText[id=bf0f7ccb-620f-4544-b652-03cd51d8645e] Created FlowFile[2021,100418835364933.mockFlowFile,24B] from FlowFile[2020,100418835364933.mockFlowFile,24B]; routing to relationship simple
[pool-3332-thread-1] INFO org.apache.nifi.processors.standard.RouteText - RouteText[id=bf0f7ccb-620f-4544-b652-03cd51d8645e] Routing FlowFile[2020,100418835364933.mockFlowFile,24B] to original
[main] DEBUG org.apache.nifi.processors.standard.RouteText - RouteText[id=bf0f7ccb-620f-4544-b652-03cd51d8645e] Adding new dynamic property: PropertyDescriptor[simple]
[pool-3333-thread-1] INFO org.apache.nifi.processors.standard.RouteText - RouteText[id=bf0f7ccb-620f-4544-b652-03cd51d8645e] Created FlowFile[2023,100418835902295.mockFlowFile,24B] from FlowFile[2022,100418835902295.mockFlowFile,24B]; routing to relationship simple
[pool-3333-thread-1] INFO org.apache.nifi.processors.standard.RouteText - RouteText[id=bf0f7ccb-620f-4544-b652-03cd51d8645e] Routing FlowFile[2022,100418835902295.mockFlowFile,24B] to original
[main] DEBUG org.apache.nifi.processors.standard.RouteText - RouteText[id=bf0f7ccb-620f-4544-b652-03cd51d8645e] Adding new dynamic property: PropertyDescriptor[simple]
[pool-3334-thread-1] INFO org.apache.nifi.processors.standard.RouteText - RouteText[id=bf0f7ccb-620f-4544-b652-03cd51d8645e] Created FlowFile[2025,100418836396741.mockFlowFile,24B] from FlowFile[2024,100418836396741.mockFlowFile,24B]; routing to relationship simple
[pool-3334-thread-1] INFO org.apache.nifi.processors.standard.RouteText - RouteText[id=bf0f7ccb-620f-4544-b652-03cd51d8645e] Routing FlowFile[2024,100418836396741.mockFlowFile,24B] to original
[main] DEBUG org.apache.nifi.processors.standard.RouteText - RouteText[id=bf0f7ccb-620f-4544-b652-03cd51d8645e] Adding new dynamic property: PropertyDescriptor[simple]
[pool-3335-thread-1] INFO org.apache.nifi.processors.standard.RouteText - RouteText[id=bf0f7ccb-620f-4544-b652-03cd51d8645e] Created FlowFile[2027,100418837029410.mockFlowFile,24B] from FlowFile[2026,100418837029410.mockFlowFile,24B]; routing to relationship simple
[pool-3335-thread-1] INFO org.apache.nifi.processors.standard.RouteText - RouteText[id=bf0f7ccb-620f-4544-b652-03cd51d8645e] Routing FlowFile[2026,100418837029410.mockFlowFile,24B] to original
[main] DEBUG org.apache.nifi.processors.standard.RouteText - RouteText[id=bf0f7ccb-620f-4544-b652-03cd51d8645e] Adding new dynamic property: PropertyDescriptor[simple]
[pool-3336-thread-1] INFO org.apache.nifi.processors.standard.RouteText - RouteText[id=bf0f7ccb-620f-4544-b652-03cd51d8645e] Created FlowFile[2029,100418837532428.mockFlowFile,24B] from FlowFile[2028,100418837532428.mockFlowFile,24B]; routing to relationship simple
[pool-3336-thread-1] INFO org.apache.nifi.processors.standard.RouteText - RouteText[id=bf0f7ccb-620f-4544-b652-03cd51d8645e] Routing FlowFile[2028,100418837532428.mockFlowFile,24B] to original
[main] DEBUG org.apache.nifi.processors.standard.RouteText - RouteText[id=bf0f7ccb-620f-4544-b652-03cd51d8645e] Adding new dynamic property: PropertyDescriptor[simple]
[pool-3337-thread-1] INFO org.apache.nifi.processors.standard.RouteText - RouteText[id=bf0f7ccb-620f-4544-b652-03cd51d8645e] Created FlowFile[2031,100418838144190.mockFlowFile,24B] from FlowFile[2030,100418838144190.mockFlowFile,24B]; routing to relationship simple
[pool-3337-thread-1] INFO org.apache.nifi.processors.standard.RouteText - RouteText[id=bf0f7ccb-620f-4544-b652-03cd51d8645e] Routing FlowFile[2030,100418838144190.mockFlowFile,24B] to original
[main] DEBUG org.apache.nifi.processors.standard.RouteText - RouteText[id=bf0f7ccb-620f-4544-b652-03cd51d8645e] Adding new dynamic property: PropertyDescriptor[simple]
[pool-3338-thread-1] INFO org.apache.nifi.processors.standard.RouteText - RouteText[id=bf0f7ccb-620f-4544-b652-03cd51d8645e] Created FlowFile[2033,100418838652017.mockFlowFile,24B] from FlowFile[2032,100418838652017.mockFlowFile,24B]; routing to relationship simple
[pool-3338-thread-1] INFO org.apache.nifi.processors.standard.RouteText - RouteText[id=bf0f7ccb-620f-4544-b652-03cd51d8645e] Routing FlowFile[2032,100418838652017.mockFlowFile,24B] to original
[main] DEBUG org.apache.nifi.processors.standard.RouteText - RouteText[id=bf0f7ccb-620f-4544-b652-03cd51d8645e] Adding new dynamic property: PropertyDescriptor[simple]
[pool-3339-thread-1] INFO org.apache.nifi.processors.standard.RouteText - RouteText[id=bf0f7ccb-620f-4544-b652-03cd51d8645e] Created FlowFile[2035,100418839409414.mockFlowFile,24B] from FlowFile[2034,100418839409414.mockFlowFile,24B]; routing to relationship simple
[pool-3339-thread-1] INFO org.apache.nifi.processors.standard.RouteText - RouteText[id=bf0f7ccb-620f-4544-b652-03cd51d8645e] Routing FlowFile[2034,100418839409414.mockFlowFile,24B] to original
[main] DEBUG org.apache.nifi.processors.standard.RouteText - RouteText[id=bf0f7ccb-620f-4544-b652-03cd51d8645e] Adding new dynamic property: PropertyDescriptor[simple]
[pool-3340-thread-1] INFO org.apache.nifi.processors.standard.RouteText - RouteText[id=bf0f7ccb-620f-4544-b652-03cd51d8645e] Created FlowFile[2037,100418839868253.mockFlowFile,24B] from FlowFile[2036,100418839868253.mockFlowFile,24B]; routing to relationship simple
[pool-3340-thread-1] INFO org.apache.nifi.processors.standard.RouteText - RouteText[id=bf0f7ccb-620f-4544-b652-03cd51d8645e] Routing FlowFile[2036,100418839868253.mockFlowFile,24B] to original
[main] DEBUG org.apache.nifi.processors.standard.RouteText - RouteText[id=bf0f7ccb-620f-4544-b652-03cd51d8645e] Adding new dynamic property: PropertyDescriptor[simple]
[pool-3341-thread-1] INFO org.apache.nifi.processors.standard.RouteText - RouteText[id=bf0f7ccb-620f-4544-b652-03cd51d8645e] Created FlowFile[2039,100418840426784.mockFlowFile,24B] from FlowFile[2038,100418840426784.mockFlowFile,24B]; routing to relationship simple
[pool-3341-thread-1] INFO org.apache.nifi.processors.standard.RouteText - RouteText[id=bf0f7ccb-620f-4544-b652-03cd51d8645e] Routing FlowFile[2038,100418840426784.mockFlowFile,24B] to original
[main] DEBUG org.apache.nifi.processors.standard.RouteText - RouteText[id=bf0f7ccb-620f-4544-b652-03cd51d8645e] Adding new dynamic property: PropertyDescriptor[simple]
[pool-3342-thread-1] INFO org.apache.nifi.processors.standard.RouteText - RouteText[id=bf0f7ccb-620f-4544-b652-03cd51d8645e] Created FlowFile[2041,100418840915994.mockFlowFile,24B] from FlowFile[2040,100418840915994.mockFlowFile,24B]; routing to relationship simple
[pool-3342-thread-1] INFO org.apache.nifi.processors.standard.RouteText - RouteText[id=bf0f7ccb-620f-4544-b652-03cd51d8645e] Routing FlowFile[2040,100418840915994.mockFlowFile,24B] to original
[main] DEBUG org.apache.nifi.processors.standard.RouteText - RouteText[id=bf0f7ccb-620f-4544-b652-03cd51d8645e] Adding new dynamic property: PropertyDescriptor[simple]
[pool-3343-thread-1] INFO org.apache.nifi.processors.standard.RouteText - RouteText[id=bf0f7ccb-620f-4544-b652-03cd51d8645e] Created FlowFile[2043,100418841396405.mockFlowFile,24B] from FlowFile[2042,100418841396405.mockFlowFile,24B]; routing to relationship simple
[pool-3343-thread-1] INFO org.apache.nifi.processors.standard.RouteText - RouteText[id=bf0f7ccb-620f-4544-b652-03cd51d8645e] Routing FlowFile[2042,100418841396405.mockFlowFile,24B] to original
[main] DEBUG org.apache.nifi.processors.standard.RouteText - RouteText[id=bf0f7ccb-620f-4544-b652-03cd51d8645e] Adding new dynamic property: PropertyDescriptor[simple]
[pool-3344-thread-1] INFO org.apache.nifi.processors.standard.RouteText - RouteText[id=bf0f7ccb-620f-4544-b652-03cd51d8645e] Created FlowFile[2045,100418841914821.mockFlowFile,24B] from FlowFile[2044,100418841914821.mockFlowFile,24B]; routing to relationship simple
[pool-3344-thread-1] INFO org.apache.nifi.processors.standard.RouteText - RouteText[id=bf0f7ccb-620f-4544-b652-03cd51d8645e] Routing FlowFile[2044,100418841914821.mockFlowFile,24B] to original
[main] DEBUG org.apache.nifi.processors.standard.RouteText - RouteText[id=bf0f7ccb-620f-4544-b652-03cd51d8645e] Adding new dynamic property: PropertyDescriptor[simple]
[pool-3345-thread-1] INFO org.apache.nifi.processors.standard.RouteText - RouteText[id=bf0f7ccb-620f-4544-b652-03cd51d8645e] Created FlowFile[2047,100418842394728.mockFlowFile,24B] from FlowFile[2046,100418842394728.mockFlowFile,24B]; routing to relationship simple
[pool-3345-thread-1] INFO org.apache.nifi.processors.standard.RouteText - RouteText[id=bf0f7ccb-620f-4544-b652-03cd51d8645e] Routing FlowFile[2046,100418842394728.mockFlowFile,24B] to original
[main] DEBUG org.apache.nifi.processors.standard.RouteText - RouteText[id=bf0f7ccb-620f-4544-b652-03cd51d8645e] Adding new dynamic property: PropertyDescriptor[simple]
[pool-3346-thread-1] INFO org.apache.nifi.processors.standard.RouteText - RouteText[id=bf0f7ccb-620f-4544-b652-03cd51d8645e] Created FlowFile[2049,100418842760192.mockFlowFile,24B] from FlowFile[2048,100418842760192.mockFlowFile,24B]; routing to relationship simple
[pool-3346-thread-1] INFO org.apache.nifi.processors.standard.RouteText - RouteText[id=bf0f7ccb-620f-4544-b652-03cd51d8645e] Routing FlowFile[2048,100418842760192.mockFlowFile,24B] to original
[main] DEBUG org.apache.nifi.processors.standard.RouteText - RouteText[id=bf0f7ccb-620f-4544-b652-03cd51d8645e] Adding new dynamic property: PropertyDescriptor[simple]
[pool-3347-thread-1] INFO org.apache.nifi.processors.standard.RouteText - RouteText[id=bf0f7ccb-620f-4544-b652-03cd51d8645e] Created FlowFile[2051,100418843114800.mockFlowFile,24B] from FlowFile[2050,100418843114800.mockFlowFile,24B]; routing to relationship simple
[pool-3347-thread-1] INFO org.apache.nifi.processors.standard.RouteText - RouteText[id=bf0f7ccb-620f-4544-b652-03cd51d8645e] Routing FlowFile[2050,100418843114800.mockFlowFile,24B] to original
[main] DEBUG org.apache.nifi.processors.standard.RouteText - RouteText[id=bf0f7ccb-620f-4544-b652-03cd51d8645e] Adding new dynamic property: PropertyDescriptor[simple]
[pool-3348-thread-1] INFO org.apache.nifi.processors.standard.RouteText - RouteText[id=bf0f7ccb-620f-4544-b652-03cd51d8645e] Created FlowFile[2053,100418843615249.mockFlowFile,24B] from FlowFile[2052,100418843615249.mockFlowFile,24B]; routing to relationship simple
[pool-3348-thread-1] INFO org.apache.nifi.processors.standard.RouteText - RouteText[id=bf0f7ccb-620f-4544-b652-03cd51d8645e] Routing FlowFile[2052,100418843615249.mockFlowFile,24B] to original
[main] DEBUG org.apache.nifi.processors.standard.RouteText - RouteText[id=bf0f7ccb-620f-4544-b652-03cd51d8645e] Adding new dynamic property: PropertyDescriptor[simple]
[pool-3349-thread-1] INFO org.apache.nifi.processors.standard.RouteText - RouteText[id=bf0f7ccb-620f-4544-b652-03cd51d8645e] Created FlowFile[2055,100418844028099.mockFlowFile,24B] from FlowFile[2054,100418844028099.mockFlowFile,24B]; routing to relationship simple
[pool-3349-thread-1] INFO org.apache.nifi.processors.standard.RouteText - RouteText[id=bf0f7ccb-620f-4544-b652-03cd51d8645e] Routing FlowFile[2054,100418844028099.mockFlowFile,24B] to original
[main] DEBUG org.apache.nifi.processors.standard.RouteText - RouteText[id=bf0f7ccb-620f-4544-b652-03cd51d8645e] Adding new dynamic property: PropertyDescriptor[simple]
[pool-3350-thread-1] INFO org.apache.nifi.processors.standard.RouteText - RouteText[id=bf0f7ccb-620f-4544-b652-03cd51d8645e] Created FlowFile[2057,100418844490541.mockFlowFile,24B] from FlowFile[2056,100418844490541.mockFlowFile,24B]; routing to relationship simple
[pool-3350-thread-1] INFO org.apache.nifi.processors.standard.RouteText - RouteText[id=bf0f7ccb-620f-4544-b652-03cd51d8645e] Routing FlowFile[2056,100418844490541.mockFlowFile,24B] to original
[main] DEBUG org.apache.nifi.processors.standard.RouteText - RouteText[id=bf0f7ccb-620f-4544-b652-03cd51d8645e] Adding new dynamic property: PropertyDescriptor[simple]
[pool-3351-thread-1] INFO org.apache.nifi.processors.standard.RouteText - RouteText[id=bf0f7ccb-620f-4544-b652-03cd51d8645e] Created FlowFile[2059,100418844910326.mockFlowFile,24B] from FlowFile[2058,100418844910326.mockFlowFile,24B]; routing to relationship simple
[pool-3351-thread-1] INFO org.apache.nifi.processors.standard.RouteText - RouteText[id=bf0f7ccb-620f-4544-b652-03cd51d8645e] Routing FlowFile[2058,100418844910326.mockFlowFile,24B] to original
[main] DEBUG org.apache.nifi.processors.standard.RouteText - RouteText[id=bf0f7ccb-620f-4544-b652-03cd51d8645e] Adding new dynamic property: PropertyDescriptor[simple]
[pool-3352-thread-1] INFO org.apache.nifi.processors.standard.RouteText - RouteText[id=bf0f7ccb-620f-4544-b652-03cd51d8645e] Created FlowFile[2061,100418845276353.mockFlowFile,24B] from FlowFile[2060,100418845276353.mockFlowFile,24B]; routing to relationship simple
[pool-3352-thread-1] INFO org.apache.nifi.processors.standard.RouteText - RouteText[id=bf0f7ccb-620f-4544-b652-03cd51d8645e] Routing FlowFile[2060,100418845276353.mockFlowFile,24B] to original
[main] DEBUG org.apache.nifi.processors.standard.RouteText - RouteText[id=bf0f7ccb-620f-4544-b652-03cd51d8645e] Adding new dynamic property: PropertyDescriptor[simple]
[pool-3353-thread-1] INFO org.apache.nifi.processors.standard.RouteText - RouteText[id=bf0f7ccb-620f-4544-b652-03cd51d8645e] Created FlowFile[2063,100418845654424.mockFlowFile,24B] from FlowFile[2062,100418845654424.mockFlowFile,24B]; routing to relationship simple
[pool-3353-thread-1] INFO org.apache.nifi.processors.standard.RouteText - RouteText[id=bf0f7ccb-620f-4544-b652-03cd51d8645e] Routing FlowFile[2062,100418845654424.mockFlowFile,24B] to original
[main] DEBUG org.apache.nifi.processors.standard.RouteText - RouteText[id=bf0f7ccb-620f-4544-b652-03cd51d8645e] Adding new dynamic property: PropertyDescriptor[simple]
[pool-3354-thread-1] INFO org.apache.nifi.processors.standard.RouteText - RouteText[id=bf0f7ccb-620f-4544-b652-03cd51d8645e] Created FlowFile[2065,100418846044085.mockFlowFile,24B] from FlowFile[2064,100418846044085.mockFlowFile,24B]; routing to relationship simple
[pool-3354-thread-1] INFO org.apache.nifi.processors.standard.RouteText - RouteText[id=bf0f7ccb-620f-4544-b652-03cd51d8645e] Routing FlowFile[2064,100418846044085.mockFlowFile,24B] to original
[main] DEBUG org.apache.nifi.processors.standard.RouteText - RouteText[id=bf0f7ccb-620f-4544-b652-03cd51d8645e] Adding new dynamic property: PropertyDescriptor[simple]
[pool-3355-thread-1] INFO org.apache.nifi.processors.standard.RouteText - RouteText[id=bf0f7ccb-620f-4544-b652-03cd51d8645e] Created FlowFile[2067,100418846506117.mockFlowFile,24B] from FlowFile[2066,100418846506117.mockFlowFile,24B]; routing to relationship simple
[pool-3355-thread-1] INFO org.apache.nifi.processors.standard.RouteText - RouteText[id=bf0f7ccb-620f-4544-b652-03cd51d8645e] Routing FlowFile[2066,100418846506117.mockFlowFile,24B] to original
[main] DEBUG org.apache.nifi.processors.standard.RouteText - RouteText[id=bf0f7ccb-620f-4544-b652-03cd51d8645e] Adding new dynamic property: PropertyDescriptor[simple]
[pool-3356-thread-1] INFO org.apache.nifi.processors.standard.RouteText - RouteText[id=bf0f7ccb-620f-4544-b652-03cd51d8645e] Created FlowFile[2069,100418846912389.mockFlowFile,24B] from FlowFile[2068,100418846912389.mockFlowFile,24B]; routing to relationship simple
[pool-3356-thread-1] INFO org.apache.nifi.processors.standard.RouteText - RouteText[id=bf0f7ccb-620f-4544-b652-03cd51d8645e] Routing FlowFile[2068,100418846912389.mockFlowFile,24B] to original
[main] DEBUG org.apache.nifi.processors.standard.RouteText - RouteText[id=bf0f7ccb-620f-4544-b652-03cd51d8645e] Adding new dynamic property: PropertyDescriptor[simple]
[pool-3357-thread-1] INFO org.apache.nifi.processors.standard.RouteText - RouteText[id=bf0f7ccb-620f-4544-b652-03cd51d8645e] Created FlowFile[2071,100418847342471.mockFlowFile,24B] from FlowFile[2070,100418847342471.mockFlowFile,24B]; routing to relationship simple
[pool-3357-thread-1] INFO org.apache.nifi.processors.standard.RouteText - RouteText[id=bf0f7ccb-620f-4544-b652-03cd51d8645e] Routing FlowFile[2070,100418847342471.mockFlowFile,24B] to original
[main] DEBUG org.apache.nifi.processors.standard.RouteText - RouteText[id=bf0f7ccb-620f-4544-b652-03cd51d8645e] Adding new dynamic property: PropertyDescriptor[simple]
[pool-3358-thread-1] INFO org.apache.nifi.processors.standard.RouteText - RouteText[id=bf0f7ccb-620f-4544-b652-03cd51d8645e] Created FlowFile[2073,100418847720409.mockFlowFile,24B] from FlowFile[2072,100418847720409.mockFlowFile,24B]; routing to relationship simple
[pool-3358-thread-1] INFO org.apache.nifi.processors.standard.RouteText - RouteText[id=bf0f7ccb-620f-4544-b652-03cd51d8645e] Routing FlowFile[2072,100418847720409.mockFlowFile,24B] to original
[main] DEBUG org.apache.nifi.processors.standard.RouteText - RouteText[id=bf0f7ccb-620f-4544-b652-03cd51d8645e] Adding new dynamic property: PropertyDescriptor[simple]
[pool-3359-thread-1] INFO org.apache.nifi.processors.standard.RouteText - RouteText[id=bf0f7ccb-620f-4544-b652-03cd51d8645e] Created FlowFile[2075,100418848207247.mockFlowFile,24B] from FlowFile[2074,100418848207247.mockFlowFile,24B]; routing to relationship simple
[pool-3359-thread-1] INFO org.apache.nifi.processors.standard.RouteText - RouteText[id=bf0f7ccb-620f-4544-b652-03cd51d8645e] Routing FlowFile[2074,100418848207247.mockFlowFile,24B] to original
[main] DEBUG org.apache.nifi.processors.standard.RouteText - RouteText[id=bf0f7ccb-620f-4544-b652-03cd51d8645e] Adding new dynamic property: PropertyDescriptor[simple]
[pool-3360-thread-1] INFO org.apache.nifi.processors.standard.RouteText - RouteText[id=bf0f7ccb-620f-4544-b652-03cd51d8645e] Created FlowFile[2077,100418848740000.mockFlowFile,24B] from FlowFile[2076,100418848740000.mockFlowFile,24B]; routing to relationship simple
[pool-3360-thread-1] INFO org.apache.nifi.processors.standard.RouteText - RouteText[id=bf0f7ccb-620f-4544-b652-03cd51d8645e] Routing FlowFile[2076,100418848740000.mockFlowFile,24B] to original
[main] DEBUG org.apache.nifi.processors.standard.RouteText - RouteText[id=bf0f7ccb-620f-4544-b652-03cd51d8645e] Adding new dynamic property: PropertyDescriptor[simple]
[pool-3361-thread-1] INFO org.apache.nifi.processors.standard.RouteText - RouteText[id=bf0f7ccb-620f-4544-b652-03cd51d8645e] Created FlowFile[2079,100418849190201.mockFlowFile,24B] from FlowFile[2078,100418849190201.mockFlowFile,24B]; routing to relationship simple
[pool-3361-thread-1] INFO org.apache.nifi.processors.standard.RouteText - RouteText[id=bf0f7ccb-620f-4544-b652-03cd51d8645e] Routing FlowFile[2078,100418849190201.mockFlowFile,24B] to original
[main] DEBUG org.apache.nifi.processors.standard.RouteText - RouteText[id=bf0f7ccb-620f-4544-b652-03cd51d8645e] Adding new dynamic property: PropertyDescriptor[simple]
[pool-3362-thread-1] INFO org.apache.nifi.processors.standard.RouteText - RouteText[id=bf0f7ccb-620f-4544-b652-03cd51d8645e] Created FlowFile[2081,100418849609459.mockFlowFile,24B] from FlowFile[2080,100418849609459.mockFlowFile,24B]; routing to relationship simple
[pool-3362-thread-1] INFO org.apache.nifi.processors.standard.RouteText - RouteText[id=bf0f7ccb-620f-4544-b652-03cd51d8645e] Routing FlowFile[2080,100418849609459.mockFlowFile,24B] to original
[main] DEBUG org.apache.nifi.processors.standard.RouteText - RouteText[id=bf0f7ccb-620f-4544-b652-03cd51d8645e] Adding new dynamic property: PropertyDescriptor[simple]
[pool-3363-thread-1] INFO org.apache.nifi.processors.standard.RouteText - RouteText[id=bf0f7ccb-620f-4544-b652-03cd51d8645e] Created FlowFile[2083,100418850077996.mockFlowFile,24B] from FlowFile[2082,100418850077996.mockFlowFile,24B]; routing to relationship simple
[pool-3363-thread-1] INFO org.apache.nifi.processors.standard.RouteText - RouteText[id=bf0f7ccb-620f-4544-b652-03cd51d8645e] Routing FlowFile[2082,100418850077996.mockFlowFile,24B] to original
[main] DEBUG org.apache.nifi.processors.standard.RouteText - RouteText[id=bf0f7ccb-620f-4544-b652-03cd51d8645e] Adding new dynamic property: PropertyDescriptor[simple]
[pool-3364-thread-1] INFO org.apache.nifi.processors.standard.RouteText - RouteText[id=bf0f7ccb-620f-4544-b652-03cd51d8645e] Created FlowFile[2085,100418850563406.mockFlowFile,24B] from FlowFile[2084,100418850563406.mockFlowFile,24B]; routing to relationship simple
[pool-3364-thread-1] INFO org.apache.nifi.processors.standard.RouteText - RouteText[id=bf0f7ccb-620f-4544-b652-03cd51d8645e] Routing FlowFile[2084,100418850563406.mockFlowFile,24B] to original
[main] DEBUG org.apache.nifi.processors.standard.RouteText - RouteText[id=bf0f7ccb-620f-4544-b652-03cd51d8645e] Adding new dynamic property: PropertyDescriptor[simple]
[pool-3365-thread-1] INFO org.apache.nifi.processors.standard.RouteText - RouteText[id=bf0f7ccb-620f-4544-b652-03cd51d8645e] Created FlowFile[2087,100418851128446.mockFlowFile,24B] from FlowFile[2086,100418851128446.mockFlowFile,24B]; routing to relationship simple
[pool-3365-thread-1] INFO org.apache.nifi.processors.standard.RouteText - RouteText[id=bf0f7ccb-620f-4544-b652-03cd51d8645e] Routing FlowFile[2086,100418851128446.mockFlowFile,24B] to original
[main] DEBUG org.apache.nifi.processors.standard.RouteText - RouteText[id=bf0f7ccb-620f-4544-b652-03cd51d8645e] Adding new dynamic property: PropertyDescriptor[simple]
[pool-3366-thread-1] INFO org.apache.nifi.processors.standard.RouteText - RouteText[id=bf0f7ccb-620f-4544-b652-03cd51d8645e] Created FlowFile[2089,100418851780161.mockFlowFile,24B] from FlowFile[2088,100418851780161.mockFlowFile,24B]; routing to relationship simple
[pool-3366-thread-1] INFO org.apache.nifi.processors.standard.RouteText - RouteText[id=bf0f7ccb-620f-4544-b652-03cd51d8645e] Routing FlowFile[2088,100418851780161.mockFlowFile,24B] to original
[main] DEBUG org.apache.nifi.processors.standard.RouteText - RouteText[id=bf0f7ccb-620f-4544-b652-03cd51d8645e] Adding new dynamic property: PropertyDescriptor[simple]
[pool-3367-thread-1] INFO org.apache.nifi.processors.standard.RouteText - RouteText[id=bf0f7ccb-620f-4544-b652-03cd51d8645e] Created FlowFile[2091,100418852389825.mockFlowFile,24B] from FlowFile[2090,100418852389825.mockFlowFile,24B]; routing to relationship simple
[pool-3367-thread-1] INFO org.apache.nifi.processors.standard.RouteText - RouteText[id=bf0f7ccb-620f-4544-b652-03cd51d8645e] Routing FlowFile[2090,100418852389825.mockFlowFile,24B] to original
[main] DEBUG org.apache.nifi.processors.standard.RouteText - RouteText[id=bf0f7ccb-620f-4544-b652-03cd51d8645e] Adding new dynamic property: PropertyDescriptor[simple]
[pool-3368-thread-1] INFO org.apache.nifi.processors.standard.RouteText - RouteText[id=bf0f7ccb-620f-4544-b652-03cd51d8645e] Created FlowFile[2093,100418853026461.mockFlowFile,24B] from FlowFile[2092,100418853026461.mockFlowFile,24B]; routing to relationship simple
[pool-3368-thread-1] INFO org.apache.nifi.processors.standard.RouteText - RouteText[id=bf0f7ccb-620f-4544-b652-03cd51d8645e] Routing FlowFile[2092,100418853026461.mockFlowFile,24B] to original
[main] DEBUG org.apache.nifi.processors.standard.RouteText - RouteText[id=bf0f7ccb-620f-4544-b652-03cd51d8645e] Adding new dynamic property: PropertyDescriptor[simple]
[pool-3369-thread-1] INFO org.apache.nifi.processors.standard.RouteText - RouteText[id=bf0f7ccb-620f-4544-b652-03cd51d8645e] Created FlowFile[2095,100418853461885.mockFlowFile,24B] from FlowFile[2094,100418853461885.mockFlowFile,24B]; routing to relationship simple
[pool-3369-thread-1] INFO org.apache.nifi.processors.standard.RouteText - RouteText[id=bf0f7ccb-620f-4544-b652-03cd51d8645e] Routing FlowFile[2094,100418853461885.mockFlowFile,24B] to original
[main] DEBUG org.apache.nifi.processors.standard.RouteText - RouteText[id=bf0f7ccb-620f-4544-b652-03cd51d8645e] Adding new dynamic property: PropertyDescriptor[simple]
[pool-3370-thread-1] INFO org.apache.nifi.processors.standard.RouteText - RouteText[id=bf0f7ccb-620f-4544-b652-03cd51d8645e] Created FlowFile[2097,100418853833330.mockFlowFile,24B] from FlowFile[2096,100418853833330.mockFlowFile,24B]; routing to relationship simple
[pool-3370-thread-1] INFO org.apache.nifi.processors.standard.RouteText - RouteText[id=bf0f7ccb-620f-4544-b652-03cd51d8645e] Routing FlowFile[2096,100418853833330.mockFlowFile,24B] to original
[main] DEBUG org.apache.nifi.processors.standard.RouteText - RouteText[id=bf0f7ccb-620f-4544-b652-03cd51d8645e] Adding new dynamic property: PropertyDescriptor[simple]
[pool-3371-thread-1] INFO org.apache.nifi.processors.standard.RouteText - RouteText[id=bf0f7ccb-620f-4544-b652-03cd51d8645e] Created FlowFile[2099,100418854282380.mockFlowFile,24B] from FlowFile[2098,100418854282380.mockFlowFile,24B]; routing to relationship simple
[pool-3371-thread-1] INFO org.apache.nifi.processors.standard.RouteText - RouteText[id=bf0f7ccb-620f-4544-b652-03cd51d8645e] Routing FlowFile[2098,100418854282380.mockFlowFile,24B] to original
[main] DEBUG org.apache.nifi.processors.standard.RouteText - RouteText[id=bf0f7ccb-620f-4544-b652-03cd51d8645e] Adding new dynamic property: PropertyDescriptor[simple]
[pool-3372-thread-1] INFO org.apache.nifi.processors.standard.RouteText - RouteText[id=bf0f7ccb-620f-4544-b652-03cd51d8645e] Created FlowFile[2101,100418854738475.mockFlowFile,24B] from FlowFile[2100,100418854738475.mockFlowFile,24B]; routing to relationship simple
[pool-3372-thread-1] INFO org.apache.nifi.processors.standard.RouteText - RouteText[id=bf0f7ccb-620f-4544-b652-03cd51d8645e] Routing FlowFile[2100,100418854738475.mockFlowFile,24B] to original
[main] DEBUG org.apache.nifi.processors.standard.RouteText - RouteText[id=bf0f7ccb-620f-4544-b652-03cd51d8645e] Adding new dynamic property: PropertyDescriptor[simple]
[pool-3373-thread-1] INFO org.apache.nifi.processors.standard.RouteText - RouteText[id=bf0f7ccb-620f-4544-b652-03cd51d8645e] Created FlowFile[2103,100418855174915.mockFlowFile,24B] from FlowFile[2102,100418855174915.mockFlowFile,24B]; routing to relationship simple
[pool-3373-thread-1] INFO org.apache.nifi.processors.standard.RouteText - RouteText[id=bf0f7ccb-620f-4544-b652-03cd51d8645e] Routing FlowFile[2102,100418855174915.mockFlowFile,24B] to original
[main] DEBUG org.apache.nifi.processors.standard.RouteText - RouteText[id=bf0f7ccb-620f-4544-b652-03cd51d8645e] Adding new dynamic property: PropertyDescriptor[simple]
[pool-3374-thread-1] INFO org.apache.nifi.processors.standard.RouteText - RouteText[id=bf0f7ccb-620f-4544-b652-03cd51d8645e] Created FlowFile[2105,100418855639188.mockFlowFile,24B] from FlowFile[2104,100418855639188.mockFlowFile,24B]; routing to relationship simple
[pool-3374-thread-1] INFO org.apache.nifi.processors.standard.RouteText - RouteText[id=bf0f7ccb-620f-4544-b652-03cd51d8645e] Routing FlowFile[2104,100418855639188.mockFlowFile,24B] to original
[main] DEBUG org.apache.nifi.processors.standard.RouteText - RouteText[id=bf0f7ccb-620f-4544-b652-03cd51d8645e] Adding new dynamic property: PropertyDescriptor[simple]
[pool-3375-thread-1] INFO org.apache.nifi.processors.standard.RouteText - RouteText[id=bf0f7ccb-620f-4544-b652-03cd51d8645e] Created FlowFile[2107,100418856035311.mockFlowFile,24B] from FlowFile[2106,100418856035311.mockFlowFile,24B]; routing to relationship simple
[pool-3375-thread-1] INFO org.apache.nifi.processors.standard.RouteText - RouteText[id=bf0f7ccb-620f-4544-b652-03cd51d8645e] Routing FlowFile[2106,100418856035311.mockFlowFile,24B] to original
[main] DEBUG org.apache.nifi.processors.standard.RouteText - RouteText[id=bf0f7ccb-620f-4544-b652-03cd51d8645e] Adding new dynamic property: PropertyDescriptor[simple]
[pool-3376-thread-1] INFO org.apache.nifi.processors.standard.RouteText - RouteText[id=bf0f7ccb-620f-4544-b652-03cd51d8645e] Created FlowFile[2109,100418856639811.mockFlowFile,24B] from FlowFile[2108,100418856639811.mockFlowFile,24B]; routing to relationship simple
[pool-3376-thread-1] INFO org.apache.nifi.processors.standard.RouteText - RouteText[id=bf0f7ccb-620f-4544-b652-03cd51d8645e] Routing FlowFile[2108,100418856639811.mockFlowFile,24B] to original
[main] DEBUG org.apache.nifi.processors.standard.RouteText - RouteText[id=bf0f7ccb-620f-4544-b652-03cd51d8645e] Adding new dynamic property: PropertyDescriptor[simple]
[pool-3377-thread-1] INFO org.apache.nifi.processors.standard.RouteText - RouteText[id=bf0f7ccb-620f-4544-b652-03cd51d8645e] Created FlowFile[2111,100418857232947.mockFlowFile,24B] from FlowFile[2110,100418857232947.mockFlowFile,24B]; routing to relationship simple
[pool-3377-thread-1] INFO org.apache.nifi.processors.standard.RouteText - RouteText[id=bf0f7ccb-620f-4544-b652-03cd51d8645e] Routing FlowFile[2110,100418857232947.mockFlowFile,24B] to original
[main] DEBUG org.apache.nifi.processors.standard.RouteText - RouteText[id=bf0f7ccb-620f-4544-b652-03cd51d8645e] Adding new dynamic property: PropertyDescriptor[simple]
[pool-3378-thread-1] INFO org.apache.nifi.processors.standard.RouteText - RouteText[id=bf0f7ccb-620f-4544-b652-03cd51d8645e] Created FlowFile[2113,100418857882730.mockFlowFile,24B] from FlowFile[2112,100418857882730.mockFlowFile,24B]; routing to relationship simple
[pool-3378-thread-1] INFO org.apache.nifi.processors.standard.RouteText - RouteText[id=bf0f7ccb-620f-4544-b652-03cd51d8645e] Routing FlowFile[2112,100418857882730.mockFlowFile,24B] to original
[main] DEBUG org.apache.nifi.processors.standard.RouteText - RouteText[id=bf0f7ccb-620f-4544-b652-03cd51d8645e] Adding new dynamic property: PropertyDescriptor[simple]
[pool-3379-thread-1] INFO org.apache.nifi.processors.standard.RouteText - RouteText[id=bf0f7ccb-620f-4544-b652-03cd51d8645e] Created FlowFile[2115,100418858441992.mockFlowFile,24B] from FlowFile[2114,100418858441992.mockFlowFile,24B]; routing to relationship simple
[pool-3379-thread-1] INFO org.apache.nifi.processors.standard.RouteText - RouteText[id=bf0f7ccb-620f-4544-b652-03cd51d8645e] Routing FlowFile[2114,100418858441992.mockFlowFile,24B] to original
[main] DEBUG org.apache.nifi.processors.standard.RouteText - RouteText[id=bf0f7ccb-620f-4544-b652-03cd51d8645e] Adding new dynamic property: PropertyDescriptor[simple]
[pool-3380-thread-1] INFO org.apache.nifi.processors.standard.RouteText - RouteText[id=bf0f7ccb-620f-4544-b652-03cd51d8645e] Created FlowFile[2117,100418859067295.mockFlowFile,24B] from FlowFile[2116,100418859067295.mockFlowFile,24B]; routing to relationship simple
[pool-3380-thread-1] INFO org.apache.nifi.processors.standard.RouteText - RouteText[id=bf0f7ccb-620f-4544-b652-03cd51d8645e] Routing FlowFile[2116,100418859067295.mockFlowFile,24B] to original
[main] DEBUG org.apache.nifi.processors.standard.RouteText - RouteText[id=bf0f7ccb-620f-4544-b652-03cd51d8645e] Adding new dynamic property: PropertyDescriptor[simple]
[pool-3381-thread-1] INFO org.apache.nifi.processors.standard.RouteText - RouteText[id=bf0f7ccb-620f-4544-b652-03cd51d8645e] Created FlowFile[2119,100418859656449.mockFlowFile,24B] from FlowFile[2118,100418859656449.mockFlowFile,24B]; routing to relationship simple
[pool-3381-thread-1] INFO org.apache.nifi.processors.standard.RouteText - RouteText[id=bf0f7ccb-620f-4544-b652-03cd51d8645e] Routing FlowFile[2118,100418859656449.mockFlowFile,24B] to original
[main] DEBUG org.apache.nifi.processors.standard.RouteText - RouteText[id=bf0f7ccb-620f-4544-b652-03cd51d8645e] Adding new dynamic property: PropertyDescriptor[simple]
[pool-3382-thread-1] INFO org.apache.nifi.processors.standard.RouteText - RouteText[id=bf0f7ccb-620f-4544-b652-03cd51d8645e] Created FlowFile[2121,100418860273620.mockFlowFile,24B] from FlowFile[2120,100418860273620.mockFlowFile,24B]; routing to relationship simple
[pool-3382-thread-1] INFO org.apache.nifi.processors.standard.RouteText - RouteText[id=bf0f7ccb-620f-4544-b652-03cd51d8645e] Routing FlowFile[2120,100418860273620.mockFlowFile,24B] to original
[main] DEBUG org.apache.nifi.processors.standard.RouteText - RouteText[id=bf0f7ccb-620f-4544-b652-03cd51d8645e] Adding new dynamic property: PropertyDescriptor[simple]
[pool-3383-thread-1] INFO org.apache.nifi.processors.standard.RouteText - RouteText[id=bf0f7ccb-620f-4544-b652-03cd51d8645e] Created FlowFile[2123,100418860874009.mockFlowFile,24B] from FlowFile[2122,100418860874009.mockFlowFile,24B]; routing to relationship simple
[pool-3383-thread-1] INFO org.apache.nifi.processors.standard.RouteText - RouteText[id=bf0f7ccb-620f-4544-b652-03cd51d8645e] Routing FlowFile[2122,100418860874009.mockFlowFile,24B] to original
[main] DEBUG org.apache.nifi.processors.standard.RouteText - RouteText[id=bf0f7ccb-620f-4544-b652-03cd51d8645e] Adding new dynamic property: PropertyDescriptor[simple]
[pool-3384-thread-1] INFO org.apache.nifi.processors.standard.RouteText - RouteText[id=bf0f7ccb-620f-4544-b652-03cd51d8645e] Created FlowFile[2125,100418861495625.mockFlowFile,24B] from FlowFile[2124,100418861495625.mockFlowFile,24B]; routing to relationship simple
[pool-3384-thread-1] INFO org.apache.nifi.processors.standard.RouteText - RouteText[id=bf0f7ccb-620f-4544-b652-03cd51d8645e] Routing FlowFile[2124,100418861495625.mockFlowFile,24B] to original
[main] DEBUG org.apache.nifi.processors.standard.RouteText - RouteText[id=bf0f7ccb-620f-4544-b652-03cd51d8645e] Adding new dynamic property: PropertyDescriptor[simple]
[pool-3385-thread-1] INFO org.apache.nifi.processors.standard.RouteText - RouteText[id=bf0f7ccb-620f-4544-b652-03cd51d8645e] Created FlowFile[2127,100418862102952.mockFlowFile,24B] from FlowFile[2126,100418862102952.mockFlowFile,24B]; routing to relationship simple
[pool-3385-thread-1] INFO org.apache.nifi.processors.standard.RouteText - RouteText[id=bf0f7ccb-620f-4544-b652-03cd51d8645e] Routing FlowFile[2126,100418862102952.mockFlowFile,24B] to original
[main] DEBUG org.apache.nifi.processors.standard.RouteText - RouteText[id=bf0f7ccb-620f-4544-b652-03cd51d8645e] Adding new dynamic property: PropertyDescriptor[simple]
[pool-3386-thread-1] INFO org.apache.nifi.processors.standard.RouteText - RouteText[id=bf0f7ccb-620f-4544-b652-03cd51d8645e] Created FlowFile[2129,100418862727952.mockFlowFile,24B] from FlowFile[2128,100418862727952.mockFlowFile,24B]; routing to relationship simple
[pool-3386-thread-1] INFO org.apache.nifi.processors.standard.RouteText - RouteText[id=bf0f7ccb-620f-4544-b652-03cd51d8645e] Routing FlowFile[2128,100418862727952.mockFlowFile,24B] to original
[main] DEBUG org.apache.nifi.processors.standard.RouteText - RouteText[id=bf0f7ccb-620f-4544-b652-03cd51d8645e] Adding new dynamic property: PropertyDescriptor[simple]
[pool-3387-thread-1] INFO org.apache.nifi.processors.standard.RouteText - RouteText[id=bf0f7ccb-620f-4544-b652-03cd51d8645e] Created FlowFile[2131,100418863351970.mockFlowFile,24B] from FlowFile[2130,100418863351970.mockFlowFile,24B]; routing to relationship simple
[pool-3387-thread-1] INFO org.apache.nifi.processors.standard.RouteText - RouteText[id=bf0f7ccb-620f-4544-b652-03cd51d8645e] Routing FlowFile[2130,100418863351970.mockFlowFile,24B] to original
[main] DEBUG org.apache.nifi.processors.standard.RouteText - RouteText[id=bf0f7ccb-620f-4544-b652-03cd51d8645e] Adding new dynamic property: PropertyDescriptor[simple]
[pool-3388-thread-1] INFO org.apache.nifi.processors.standard.RouteText - RouteText[id=bf0f7ccb-620f-4544-b652-03cd51d8645e] Created FlowFile[2133,100418863950430.mockFlowFile,24B] from FlowFile[2132,100418863950430.mockFlowFile,24B]; routing to relationship simple
[pool-3388-thread-1] INFO org.apache.nifi.processors.standard.RouteText - RouteText[id=bf0f7ccb-620f-4544-b652-03cd51d8645e] Routing FlowFile[2132,100418863950430.mockFlowFile,24B] to original
[main] DEBUG org.apache.nifi.processors.standard.RouteText - RouteText[id=bf0f7ccb-620f-4544-b652-03cd51d8645e] Adding new dynamic property: PropertyDescriptor[simple]
[pool-3389-thread-1] INFO org.apache.nifi.processors.standard.RouteText - RouteText[id=bf0f7ccb-620f-4544-b652-03cd51d8645e] Created FlowFile[2135,100418864580957.mockFlowFile,24B] from FlowFile[2134,100418864580957.mockFlowFile,24B]; routing to relationship simple
[pool-3389-thread-1] INFO org.apache.nifi.processors.standard.RouteText - RouteText[id=bf0f7ccb-620f-4544-b652-03cd51d8645e] Routing FlowFile[2134,100418864580957.mockFlowFile,24B] to original
[main] DEBUG org.apache.nifi.processors.standard.RouteText - RouteText[id=bf0f7ccb-620f-4544-b652-03cd51d8645e] Adding new dynamic property: PropertyDescriptor[simple]
[pool-3390-thread-1] INFO org.apache.nifi.processors.standard.RouteText - RouteText[id=bf0f7ccb-620f-4544-b652-03cd51d8645e] Created FlowFile[2137,100418865182870.mockFlowFile,24B] from FlowFile[2136,100418865182870.mockFlowFile,24B]; routing to relationship simple
[pool-3390-thread-1] INFO org.apache.nifi.processors.standard.RouteText - RouteText[id=bf0f7ccb-620f-4544-b652-03cd51d8645e] Routing FlowFile[2136,100418865182870.mockFlowFile,24B] to original
[main] DEBUG org.apache.nifi.processors.standard.RouteText - RouteText[id=bf0f7ccb-620f-4544-b652-03cd51d8645e] Adding new dynamic property: PropertyDescriptor[simple]
[pool-3391-thread-1] INFO org.apache.nifi.processors.standard.RouteText - RouteText[id=bf0f7ccb-620f-4544-b652-03cd51d8645e] Created FlowFile[2139,100418865756980.mockFlowFile,24B] from FlowFile[2138,100418865756980.mockFlowFile,24B]; routing to relationship simple
[pool-3391-thread-1] INFO org.apache.nifi.processors.standard.RouteText - RouteText[id=bf0f7ccb-620f-4544-b652-03cd51d8645e] Routing FlowFile[2138,100418865756980.mockFlowFile,24B] to original
[main] DEBUG org.apache.nifi.processors.standard.RouteText - RouteText[id=bf0f7ccb-620f-4544-b652-03cd51d8645e] Adding new dynamic property: PropertyDescriptor[simple]
[pool-3392-thread-1] INFO org.apache.nifi.processors.standard.RouteText - RouteText[id=bf0f7ccb-620f-4544-b652-03cd51d8645e] Created FlowFile[2141,100418866341520.mockFlowFile,24B] from FlowFile[2140,100418866341520.mockFlowFile,24B]; routing to relationship simple
[pool-3392-thread-1] INFO org.apache.nifi.processors.standard.RouteText - RouteText[id=bf0f7ccb-620f-4544-b652-03cd51d8645e] Routing FlowFile[2140,100418866341520.mockFlowFile,24B] to original
[main] DEBUG org.apache.nifi.processors.standard.RouteText - RouteText[id=bf0f7ccb-620f-4544-b652-03cd51d8645e] Adding new dynamic property: PropertyDescriptor[simple]
[pool-3393-thread-1] INFO org.apache.nifi.processors.standard.RouteText - RouteText[id=bf0f7ccb-620f-4544-b652-03cd51d8645e] Created FlowFile[2143,100418866904351.mockFlowFile,24B] from FlowFile[2142,100418866904351.mockFlowFile,24B]; routing to relationship simple
[pool-3393-thread-1] INFO org.apache.nifi.processors.standard.RouteText - RouteText[id=bf0f7ccb-620f-4544-b652-03cd51d8645e] Routing FlowFile[2142,100418866904351.mockFlowFile,24B] to original
[main] DEBUG org.apache.nifi.processors.standard.RouteText - RouteText[id=bf0f7ccb-620f-4544-b652-03cd51d8645e] Adding new dynamic property: PropertyDescriptor[simple]
[pool-3394-thread-1] INFO org.apache.nifi.processors.standard.RouteText - RouteText[id=bf0f7ccb-620f-4544-b652-03cd51d8645e] Created FlowFile[2145,100418867528374.mockFlowFile,24B] from FlowFile[2144,100418867528374.mockFlowFile,24B]; routing to relationship simple
[pool-3394-thread-1] INFO org.apache.nifi.processors.standard.RouteText - RouteText[id=bf0f7ccb-620f-4544-b652-03cd51d8645e] Routing FlowFile[2144,100418867528374.mockFlowFile,24B] to original
[main] DEBUG org.apache.nifi.processors.standard.RouteText - RouteText[id=bf0f7ccb-620f-4544-b652-03cd51d8645e] Adding new dynamic property: PropertyDescriptor[simple]
[pool-3395-thread-1] INFO org.apache.nifi.processors.standard.RouteText - RouteText[id=bf0f7ccb-620f-4544-b652-03cd51d8645e] Created FlowFile[2147,100418868155368.mockFlowFile,24B] from FlowFile[2146,100418868155368.mockFlowFile,24B]; routing to relationship simple
[pool-3395-thread-1] INFO org.apache.nifi.processors.standard.RouteText - RouteText[id=bf0f7ccb-620f-4544-b652-03cd51d8645e] Routing FlowFile[2146,100418868155368.mockFlowFile,24B] to original
[main] DEBUG org.apache.nifi.processors.standard.RouteText - RouteText[id=bf0f7ccb-620f-4544-b652-03cd51d8645e] Adding new dynamic property: PropertyDescriptor[simple]
[pool-3396-thread-1] INFO org.apache.nifi.processors.standard.RouteText - RouteText[id=bf0f7ccb-620f-4544-b652-03cd51d8645e] Created FlowFile[2149,100418868600798.mockFlowFile,24B] from FlowFile[2148,100418868600798.mockFlowFile,24B]; routing to relationship simple
[pool-3396-thread-1] INFO org.apache.nifi.processors.standard.RouteText - RouteText[id=bf0f7ccb-620f-4544-b652-03cd51d8645e] Routing FlowFile[2148,100418868600798.mockFlowFile,24B] to original
[main] DEBUG org.apache.nifi.processors.standard.RouteText - RouteText[id=bf0f7ccb-620f-4544-b652-03cd51d8645e] Adding new dynamic property: PropertyDescriptor[simple]
[pool-3397-thread-1] INFO org.apache.nifi.processors.standard.RouteText - RouteText[id=bf0f7ccb-620f-4544-b652-03cd51d8645e] Created FlowFile[2151,100418869025239.mockFlowFile,24B] from FlowFile[2150,100418869025239.mockFlowFile,24B]; routing to relationship simple
[pool-3397-thread-1] INFO org.apache.nifi.processors.standard.RouteText - RouteText[id=bf0f7ccb-620f-4544-b652-03cd51d8645e] Routing FlowFile[2150,100418869025239.mockFlowFile,24B] to original
[main] DEBUG org.apache.nifi.processors.standard.RouteText - RouteText[id=bf0f7ccb-620f-4544-b652-03cd51d8645e] Adding new dynamic property: PropertyDescriptor[simple]
[pool-3398-thread-1] INFO org.apache.nifi.processors.standard.RouteText - RouteText[id=bf0f7ccb-620f-4544-b652-03cd51d8645e] Created FlowFile[2153,100418869463812.mockFlowFile,24B] from FlowFile[2152,100418869463812.mockFlowFile,24B]; routing to relationship simple
[pool-3398-thread-1] INFO org.apache.nifi.processors.standard.RouteText - RouteText[id=bf0f7ccb-620f-4544-b652-03cd51d8645e] Routing FlowFile[2152,100418869463812.mockFlowFile,24B] to original
[main] DEBUG org.apache.nifi.processors.standard.RouteText - RouteText[id=bf0f7ccb-620f-4544-b652-03cd51d8645e] Adding new dynamic property: PropertyDescriptor[simple]
[pool-3399-thread-1] INFO org.apache.nifi.processors.standard.RouteText - RouteText[id=bf0f7ccb-620f-4544-b652-03cd51d8645e] Created FlowFile[2155,100418869899964.mockFlowFile,24B] from FlowFile[2154,100418869899964.mockFlowFile,24B]; routing to relationship simple
[pool-3399-thread-1] INFO org.apache.nifi.processors.standard.RouteText - RouteText[id=bf0f7ccb-620f-4544-b652-03cd51d8645e] Routing FlowFile[2154,100418869899964.mockFlowFile,24B] to original
[main] DEBUG org.apache.nifi.processors.standard.RouteText - RouteText[id=bf0f7ccb-620f-4544-b652-03cd51d8645e] Adding new dynamic property: PropertyDescriptor[simple]
[pool-3400-thread-1] INFO org.apache.nifi.processors.standard.RouteText - RouteText[id=bf0f7ccb-620f-4544-b652-03cd51d8645e] Created FlowFile[2157,100418870333887.mockFlowFile,24B] from FlowFile[2156,100418870333887.mockFlowFile,24B]; routing to relationship simple
[pool-3400-thread-1] INFO org.apache.nifi.processors.standard.RouteText - RouteText[id=bf0f7ccb-620f-4544-b652-03cd51d8645e] Routing FlowFile[2156,100418870333887.mockFlowFile,24B] to original
[main] DEBUG org.apache.nifi.processors.standard.RouteText - RouteText[id=bf0f7ccb-620f-4544-b652-03cd51d8645e] Adding new dynamic property: PropertyDescriptor[simple]
[pool-3401-thread-1] INFO org.apache.nifi.processors.standard.RouteText - RouteText[id=bf0f7ccb-620f-4544-b652-03cd51d8645e] Created FlowFile[2159,100418870808572.mockFlowFile,24B] from FlowFile[2158,100418870808572.mockFlowFile,24B]; routing to relationship simple
[pool-3401-thread-1] INFO org.apache.nifi.processors.standard.RouteText - RouteText[id=bf0f7ccb-620f-4544-b652-03cd51d8645e] Routing FlowFile[2158,100418870808572.mockFlowFile,24B] to original
[main] DEBUG org.apache.nifi.processors.standard.RouteText - RouteText[id=bf0f7ccb-620f-4544-b652-03cd51d8645e] Adding new dynamic property: PropertyDescriptor[simple]
[pool-3402-thread-1] INFO org.apache.nifi.processors.standard.RouteText - RouteText[id=bf0f7ccb-620f-4544-b652-03cd51d8645e] Created FlowFile[2161,100418871347917.mockFlowFile,24B] from FlowFile[2160,100418871347917.mockFlowFile,24B]; routing to relationship simple
[pool-3402-thread-1] INFO org.apache.nifi.processors.standard.RouteText - RouteText[id=bf0f7ccb-620f-4544-b652-03cd51d8645e] Routing FlowFile[2160,100418871347917.mockFlowFile,24B] to original
[main] DEBUG org.apache.nifi.processors.standard.RouteText - RouteText[id=bf0f7ccb-620f-4544-b652-03cd51d8645e] Adding new dynamic property: PropertyDescriptor[simple]
[pool-3403-thread-1] INFO org.apache.nifi.processors.standard.RouteText - RouteText[id=bf0f7ccb-620f-4544-b652-03cd51d8645e] Created FlowFile[2163,100418871972274.mockFlowFile,24B] from FlowFile[2162,100418871972274.mockFlowFile,24B]; routing to relationship simple
[pool-3403-thread-1] INFO org.apache.nifi.processors.standard.RouteText - RouteText[id=bf0f7ccb-620f-4544-b652-03cd51d8645e] Routing FlowFile[2162,100418871972274.mockFlowFile,24B] to original
[main] DEBUG org.apache.nifi.processors.standard.RouteText - RouteText[id=bf0f7ccb-620f-4544-b652-03cd51d8645e] Adding new dynamic property: PropertyDescriptor[simple]
[pool-3404-thread-1] INFO org.apache.nifi.processors.standard.RouteText - RouteText[id=bf0f7ccb-620f-4544-b652-03cd51d8645e] Created FlowFile[2165,100418872562053.mockFlowFile,24B] from FlowFile[2164,100418872562053.mockFlowFile,24B]; routing to relationship simple
[pool-3404-thread-1] INFO org.apache.nifi.processors.standard.RouteText - RouteText[id=bf0f7ccb-620f-4544-b652-03cd51d8645e] Routing FlowFile[2164,100418872562053.mockFlowFile,24B] to original
[main] DEBUG org.apache.nifi.processors.standard.RouteText - RouteText[id=bf0f7ccb-620f-4544-b652-03cd51d8645e] Adding new dynamic property: PropertyDescriptor[simple]
[pool-3405-thread-1] INFO org.apache.nifi.processors.standard.RouteText - RouteText[id=bf0f7ccb-620f-4544-b652-03cd51d8645e] Created FlowFile[2167,100418873130727.mockFlowFile,24B] from FlowFile[2166,100418873130727.mockFlowFile,24B]; routing to relationship simple
[pool-3405-thread-1] INFO org.apache.nifi.processors.standard.RouteText - RouteText[id=bf0f7ccb-620f-4544-b652-03cd51d8645e] Routing FlowFile[2166,100418873130727.mockFlowFile,24B] to original
[main] DEBUG org.apache.nifi.processors.standard.RouteText - RouteText[id=bf0f7ccb-620f-4544-b652-03cd51d8645e] Adding new dynamic property: PropertyDescriptor[simple]
[pool-3406-thread-1] INFO org.apache.nifi.processors.standard.RouteText - RouteText[id=bf0f7ccb-620f-4544-b652-03cd51d8645e] Created FlowFile[2169,100418873692114.mockFlowFile,24B] from FlowFile[2168,100418873692114.mockFlowFile,24B]; routing to relationship simple
[pool-3406-thread-1] INFO org.apache.nifi.processors.standard.RouteText - RouteText[id=bf0f7ccb-620f-4544-b652-03cd51d8645e] Routing FlowFile[2168,100418873692114.mockFlowFile,24B] to original
[main] DEBUG org.apache.nifi.processors.standard.RouteText - RouteText[id=bf0f7ccb-620f-4544-b652-03cd51d8645e] Adding new dynamic property: PropertyDescriptor[simple]
[pool-3407-thread-1] INFO org.apache.nifi.processors.standard.RouteText - RouteText[id=bf0f7ccb-620f-4544-b652-03cd51d8645e] Created FlowFile[2171,100418874253774.mockFlowFile,24B] from FlowFile[2170,100418874253774.mockFlowFile,24B]; routing to relationship simple
[pool-3407-thread-1] INFO org.apache.nifi.processors.standard.RouteText - RouteText[id=bf0f7ccb-620f-4544-b652-03cd51d8645e] Routing FlowFile[2170,100418874253774.mockFlowFile,24B] to original
[main] DEBUG org.apache.nifi.processors.standard.RouteText - RouteText[id=bf0f7ccb-620f-4544-b652-03cd51d8645e] Adding new dynamic property: PropertyDescriptor[simple]
[pool-3408-thread-1] INFO org.apache.nifi.processors.standard.RouteText - RouteText[id=bf0f7ccb-620f-4544-b652-03cd51d8645e] Created FlowFile[2173,100418874771530.mockFlowFile,24B] from FlowFile[2172,100418874771530.mockFlowFile,24B]; routing to relationship simple
[pool-3408-thread-1] INFO org.apache.nifi.processors.standard.RouteText - RouteText[id=bf0f7ccb-620f-4544-b652-03cd51d8645e] Routing FlowFile[2172,100418874771530.mockFlowFile,24B] to original
[main] DEBUG org.apache.nifi.processors.standard.RouteText - RouteText[id=bf0f7ccb-620f-4544-b652-03cd51d8645e] Adding new dynamic property: PropertyDescriptor[simple]
[pool-3409-thread-1] INFO org.apache.nifi.processors.standard.RouteText - RouteText[id=bf0f7ccb-620f-4544-b652-03cd51d8645e] Created FlowFile[2175,100418875328632.mockFlowFile,24B] from FlowFile[2174,100418875328632.mockFlowFile,24B]; routing to relationship simple
[pool-3409-thread-1] INFO org.apache.nifi.processors.standard.RouteText - RouteText[id=bf0f7ccb-620f-4544-b652-03cd51d8645e] Routing FlowFile[2174,100418875328632.mockFlowFile,24B] to original
[main] DEBUG org.apache.nifi.processors.standard.RouteText - RouteText[id=bf0f7ccb-620f-4544-b652-03cd51d8645e] Adding new dynamic property: PropertyDescriptor[simple]
[pool-3410-thread-1] INFO org.apache.nifi.processors.standard.RouteText - RouteText[id=bf0f7ccb-620f-4544-b652-03cd51d8645e] Created FlowFile[2177,100418875904629.mockFlowFile,24B] from FlowFile[2176,100418875904629.mockFlowFile,24B]; routing to relationship simple
[pool-3410-thread-1] INFO org.apache.nifi.processors.standard.RouteText - RouteText[id=bf0f7ccb-620f-4544-b652-03cd51d8645e] Routing FlowFile[2176,100418875904629.mockFlowFile,24B] to original
[main] DEBUG org.apache.nifi.processors.standard.RouteText - RouteText[id=bf0f7ccb-620f-4544-b652-03cd51d8645e] Adding new dynamic property: PropertyDescriptor[simple]
[pool-3411-thread-1] INFO org.apache.nifi.processors.standard.RouteText - RouteText[id=bf0f7ccb-620f-4544-b652-03cd51d8645e] Created FlowFile[2179,100418876510437.mockFlowFile,24B] from FlowFile[2178,100418876510437.mockFlowFile,24B]; routing to relationship simple
[pool-3411-thread-1] INFO org.apache.nifi.processors.standard.RouteText - RouteText[id=bf0f7ccb-620f-4544-b652-03cd51d8645e] Routing FlowFile[2178,100418876510437.mockFlowFile,24B] to original
[main] DEBUG org.apache.nifi.processors.standard.RouteText - RouteText[id=bf0f7ccb-620f-4544-b652-03cd51d8645e] Adding new dynamic property: PropertyDescriptor[simple]
[pool-3412-thread-1] INFO org.apache.nifi.processors.standard.RouteText - RouteText[id=bf0f7ccb-620f-4544-b652-03cd51d8645e] Created FlowFile[2181,100418877192872.mockFlowFile,24B] from FlowFile[2180,100418877192872.mockFlowFile,24B]; routing to relationship simple
[pool-3412-thread-1] INFO org.apache.nifi.processors.standard.RouteText - RouteText[id=bf0f7ccb-620f-4544-b652-03cd51d8645e] Routing FlowFile[2180,100418877192872.mockFlowFile,24B] to original
[main] DEBUG org.apache.nifi.processors.standard.RouteText - RouteText[id=bf0f7ccb-620f-4544-b652-03cd51d8645e] Adding new dynamic property: PropertyDescriptor[simple]
[pool-3413-thread-1] INFO org.apache.nifi.processors.standard.RouteText - RouteText[id=bf0f7ccb-620f-4544-b652-03cd51d8645e] Created FlowFile[2183,100418877645189.mockFlowFile,24B] from FlowFile[2182,100418877645189.mockFlowFile,24B]; routing to relationship simple
[pool-3413-thread-1] INFO org.apache.nifi.processors.standard.RouteText - RouteText[id=bf0f7ccb-620f-4544-b652-03cd51d8645e] Routing FlowFile[2182,100418877645189.mockFlowFile,24B] to original
[main] DEBUG org.apache.nifi.processors.standard.RouteText - RouteText[id=bf0f7ccb-620f-4544-b652-03cd51d8645e] Adding new dynamic property: PropertyDescriptor[simple]
[pool-3414-thread-1] INFO org.apache.nifi.processors.standard.RouteText - RouteText[id=bf0f7ccb-620f-4544-b652-03cd51d8645e] Created FlowFile[2185,100418878071431.mockFlowFile,24B] from FlowFile[2184,100418878071431.mockFlowFile,24B]; routing to relationship simple
[pool-3414-thread-1] INFO org.apache.nifi.processors.standard.RouteText - RouteText[id=bf0f7ccb-620f-4544-b652-03cd51d8645e] Routing FlowFile[2184,100418878071431.mockFlowFile,24B] to original
[main] DEBUG org.apache.nifi.processors.standard.RouteText - RouteText[id=bf0f7ccb-620f-4544-b652-03cd51d8645e] Adding new dynamic property: PropertyDescriptor[simple]
[pool-3415-thread-1] INFO org.apache.nifi.processors.standard.RouteText - RouteText[id=bf0f7ccb-620f-4544-b652-03cd51d8645e] Created FlowFile[2187,100418878516505.mockFlowFile,24B] from FlowFile[2186,100418878516505.mockFlowFile,24B]; routing to relationship simple
[pool-3415-thread-1] INFO org.apache.nifi.processors.standard.RouteText - RouteText[id=bf0f7ccb-620f-4544-b652-03cd51d8645e] Routing FlowFile[2186,100418878516505.mockFlowFile,24B] to original
[main] DEBUG org.apache.nifi.processors.standard.RouteText - RouteText[id=bf0f7ccb-620f-4544-b652-03cd51d8645e] Adding new dynamic property: PropertyDescriptor[simple]
[pool-3416-thread-1] INFO org.apache.nifi.processors.standard.RouteText - RouteText[id=bf0f7ccb-620f-4544-b652-03cd51d8645e] Created FlowFile[2189,100418878941740.mockFlowFile,24B] from FlowFile[2188,100418878941740.mockFlowFile,24B]; routing to relationship simple
[pool-3416-thread-1] INFO org.apache.nifi.processors.standard.RouteText - RouteText[id=bf0f7ccb-620f-4544-b652-03cd51d8645e] Routing FlowFile[2188,100418878941740.mockFlowFile,24B] to original
[main] DEBUG org.apache.nifi.processors.standard.RouteText - RouteText[id=bf0f7ccb-620f-4544-b652-03cd51d8645e] Adding new dynamic property: PropertyDescriptor[simple]
[pool-3417-thread-1] INFO org.apache.nifi.processors.standard.RouteText - RouteText[id=bf0f7ccb-620f-4544-b652-03cd51d8645e] Created FlowFile[2191,100418879363880.mockFlowFile,24B] from FlowFile[2190,100418879363880.mockFlowFile,24B]; routing to relationship simple
[pool-3417-thread-1] INFO org.apache.nifi.processors.standard.RouteText - RouteText[id=bf0f7ccb-620f-4544-b652-03cd51d8645e] Routing FlowFile[2190,100418879363880.mockFlowFile,24B] to original
[main] DEBUG org.apache.nifi.processors.standard.RouteText - RouteText[id=bf0f7ccb-620f-4544-b652-03cd51d8645e] Adding new dynamic property: PropertyDescriptor[simple]
[pool-3418-thread-1] INFO org.apache.nifi.processors.standard.RouteText - RouteText[id=bf0f7ccb-620f-4544-b652-03cd51d8645e] Created FlowFile[2193,100418879804012.mockFlowFile,24B] from FlowFile[2192,100418879804012.mockFlowFile,24B]; routing to relationship simple
[pool-3418-thread-1] INFO org.apache.nifi.processors.standard.RouteText - RouteText[id=bf0f7ccb-620f-4544-b652-03cd51d8645e] Routing FlowFile[2192,100418879804012.mockFlowFile,24B] to original
[main] DEBUG org.apache.nifi.processors.standard.RouteText - RouteText[id=bf0f7ccb-620f-4544-b652-03cd51d8645e] Adding new dynamic property: PropertyDescriptor[simple]
[pool-3419-thread-1] INFO org.apache.nifi.processors.standard.RouteText - RouteText[id=bf0f7ccb-620f-4544-b652-03cd51d8645e] Created FlowFile[2195,100418880345962.mockFlowFile,24B] from FlowFile[2194,100418880345962.mockFlowFile,24B]; routing to relationship simple
[pool-3419-thread-1] INFO org.apache.nifi.processors.standard.RouteText - RouteText[id=bf0f7ccb-620f-4544-b652-03cd51d8645e] Routing FlowFile[2194,100418880345962.mockFlowFile,24B] to original
[main] DEBUG org.apache.nifi.processors.standard.RouteText - RouteText[id=bf0f7ccb-620f-4544-b652-03cd51d8645e] Adding new dynamic property: PropertyDescriptor[simple]
[pool-3420-thread-1] INFO org.apache.nifi.processors.standard.RouteText - RouteText[id=bf0f7ccb-620f-4544-b652-03cd51d8645e] Created FlowFile[2197,100418880760420.mockFlowFile,24B] from FlowFile[2196,100418880760420.mockFlowFile,24B]; routing to relationship simple
[pool-3420-thread-1] INFO org.apache.nifi.processors.standard.RouteText - RouteText[id=bf0f7ccb-620f-4544-b652-03cd51d8645e] Routing FlowFile[2196,100418880760420.mockFlowFile,24B] to original
[main] DEBUG org.apache.nifi.processors.standard.RouteText - RouteText[id=bf0f7ccb-620f-4544-b652-03cd51d8645e] Adding new dynamic property: PropertyDescriptor[simple]
[pool-3421-thread-1] INFO org.apache.nifi.processors.standard.RouteText - RouteText[id=bf0f7ccb-620f-4544-b652-03cd51d8645e] Created FlowFile[2199,100418881198616.mockFlowFile,24B] from FlowFile[2198,100418881198616.mockFlowFile,24B]; routing to relationship simple
[pool-3421-thread-1] INFO org.apache.nifi.processors.standard.RouteText - RouteText[id=bf0f7ccb-620f-4544-b652-03cd51d8645e] Routing FlowFile[2198,100418881198616.mockFlowFile,24B] to original
[main] DEBUG org.apache.nifi.processors.standard.RouteText - RouteText[id=bf0f7ccb-620f-4544-b652-03cd51d8645e] Adding new dynamic property: PropertyDescriptor[simple]
[pool-3422-thread-1] INFO org.apache.nifi.processors.standard.RouteText - RouteText[id=bf0f7ccb-620f-4544-b652-03cd51d8645e] Created FlowFile[2201,100418881628090.mockFlowFile,24B] from FlowFile[2200,100418881628090.mockFlowFile,24B]; routing to relationship simple
[pool-3422-thread-1] INFO org.apache.nifi.processors.standard.RouteText - RouteText[id=bf0f7ccb-620f-4544-b652-03cd51d8645e] Routing FlowFile[2200,100418881628090.mockFlowFile,24B] to original
[main] DEBUG org.apache.nifi.processors.standard.RouteText - RouteText[id=bf0f7ccb-620f-4544-b652-03cd51d8645e] Adding new dynamic property: PropertyDescriptor[simple]
[pool-3423-thread-1] INFO org.apache.nifi.processors.standard.RouteText - RouteText[id=bf0f7ccb-620f-4544-b652-03cd51d8645e] Created FlowFile[2203,100418882057169.mockFlowFile,24B] from FlowFile[2202,100418882057169.mockFlowFile,24B]; routing to relationship simple
[pool-3423-thread-1] INFO org.apache.nifi.processors.standard.RouteText - RouteText[id=bf0f7ccb-620f-4544-b652-03cd51d8645e] Routing FlowFile[2202,100418882057169.mockFlowFile,24B] to original
[main] DEBUG org.apache.nifi.processors.standard.RouteText - RouteText[id=bf0f7ccb-620f-4544-b652-03cd51d8645e] Adding new dynamic property: PropertyDescriptor[simple]
[pool-3424-thread-1] INFO org.apache.nifi.processors.standard.RouteText - RouteText[id=bf0f7ccb-620f-4544-b652-03cd51d8645e] Created FlowFile[2205,100418882495896.mockFlowFile,24B] from FlowFile[2204,100418882495896.mockFlowFile,24B]; routing to relationship simple
[pool-3424-thread-1] INFO org.apache.nifi.processors.standard.RouteText - RouteText[id=bf0f7ccb-620f-4544-b652-03cd51d8645e] Routing FlowFile[2204,100418882495896.mockFlowFile,24B] to original
[main] DEBUG org.apache.nifi.processors.standard.RouteText - RouteText[id=bf0f7ccb-620f-4544-b652-03cd51d8645e] Adding new dynamic property: PropertyDescriptor[simple]
[pool-3425-thread-1] INFO org.apache.nifi.processors.standard.RouteText - RouteText[id=bf0f7ccb-620f-4544-b652-03cd51d8645e] Created FlowFile[2207,100418882934382.mockFlowFile,24B] from FlowFile[2206,100418882934382.mockFlowFile,24B]; routing to relationship simple
[pool-3425-thread-1] INFO org.apache.nifi.processors.standard.RouteText - RouteText[id=bf0f7ccb-620f-4544-b652-03cd51d8645e] Routing FlowFile[2206,100418882934382.mockFlowFile,24B] to original
[main] DEBUG org.apache.nifi.processors.standard.RouteText - RouteText[id=bf0f7ccb-620f-4544-b652-03cd51d8645e] Adding new dynamic property: PropertyDescriptor[simple]
[pool-3426-thread-1] INFO org.apache.nifi.processors.standard.RouteText - RouteText[id=bf0f7ccb-620f-4544-b652-03cd51d8645e] Created FlowFile[2209,100418883381081.mockFlowFile,24B] from FlowFile[2208,100418883381081.mockFlowFile,24B]; routing to relationship simple
[pool-3426-thread-1] INFO org.apache.nifi.processors.standard.RouteText - RouteText[id=bf0f7ccb-620f-4544-b652-03cd51d8645e] Routing FlowFile[2208,100418883381081.mockFlowFile,24B] to original
[main] DEBUG org.apache.nifi.processors.standard.RouteText - RouteText[id=bf0f7ccb-620f-4544-b652-03cd51d8645e] Adding new dynamic property: PropertyDescriptor[simple]
[pool-3427-thread-1] INFO org.apache.nifi.processors.standard.RouteText - RouteText[id=bf0f7ccb-620f-4544-b652-03cd51d8645e] Created FlowFile[2211,100418883827382.mockFlowFile,24B] from FlowFile[2210,100418883827382.mockFlowFile,24B]; routing to relationship simple
[pool-3427-thread-1] INFO org.apache.nifi.processors.standard.RouteText - RouteText[id=bf0f7ccb-620f-4544-b652-03cd51d8645e] Routing FlowFile[2210,100418883827382.mockFlowFile,24B] to original
[main] DEBUG org.apache.nifi.processors.standard.RouteText - RouteText[id=bf0f7ccb-620f-4544-b652-03cd51d8645e] Adding new dynamic property: PropertyDescriptor[simple]
[pool-3428-thread-1] INFO org.apache.nifi.processors.standard.RouteText - RouteText[id=bf0f7ccb-620f-4544-b652-03cd51d8645e] Created FlowFile[2213,100418884287542.mockFlowFile,24B] from FlowFile[2212,100418884287542.mockFlowFile,24B]; routing to relationship simple
[pool-3428-thread-1] INFO org.apache.nifi.processors.standard.RouteText - RouteText[id=bf0f7ccb-620f-4544-b652-03cd51d8645e] Routing FlowFile[2212,100418884287542.mockFlowFile,24B] to original
[main] DEBUG org.apache.nifi.processors.standard.RouteText - RouteText[id=bf0f7ccb-620f-4544-b652-03cd51d8645e] Adding new dynamic property: PropertyDescriptor[simple]
[pool-3429-thread-1] INFO org.apache.nifi.processors.standard.RouteText - RouteText[id=bf0f7ccb-620f-4544-b652-03cd51d8645e] Created FlowFile[2215,100418884737321.mockFlowFile,24B] from FlowFile[2214,100418884737321.mockFlowFile,24B]; routing to relationship simple
[pool-3429-thread-1] INFO org.apache.nifi.processors.standard.RouteText - RouteText[id=bf0f7ccb-620f-4544-b652-03cd51d8645e] Routing FlowFile[2214,100418884737321.mockFlowFile,24B] to original
[main] DEBUG org.apache.nifi.processors.standard.RouteText - RouteText[id=bf0f7ccb-620f-4544-b652-03cd51d8645e] Adding new dynamic property: PropertyDescriptor[simple]
[pool-3430-thread-1] INFO org.apache.nifi.processors.standard.RouteText - RouteText[id=bf0f7ccb-620f-4544-b652-03cd51d8645e] Created FlowFile[2217,100418885176004.mockFlowFile,24B] from FlowFile[2216,100418885176004.mockFlowFile,24B]; routing to relationship simple
[pool-3430-thread-1] INFO org.apache.nifi.processors.standard.RouteText - RouteText[id=bf0f7ccb-620f-4544-b652-03cd51d8645e] Routing FlowFile[2216,100418885176004.mockFlowFile,24B] to original
[main] DEBUG org.apache.nifi.processors.standard.RouteText - RouteText[id=bf0f7ccb-620f-4544-b652-03cd51d8645e] Adding new dynamic property: PropertyDescriptor[simple]
[pool-3431-thread-1] INFO org.apache.nifi.processors.standard.RouteText - RouteText[id=bf0f7ccb-620f-4544-b652-03cd51d8645e] Created FlowFile[2219,100418885621080.mockFlowFile,24B] from FlowFile[2218,100418885621080.mockFlowFile,24B]; routing to relationship simple
[pool-3431-thread-1] INFO org.apache.nifi.processors.standard.RouteText - RouteText[id=bf0f7ccb-620f-4544-b652-03cd51d8645e] Routing FlowFile[2218,100418885621080.mockFlowFile,24B] to original
[main] DEBUG org.apache.nifi.processors.standard.RouteText - RouteText[id=bf0f7ccb-620f-4544-b652-03cd51d8645e] Adding new dynamic property: PropertyDescriptor[simple]
[pool-3432-thread-1] INFO org.apache.nifi.processors.standard.RouteText - RouteText[id=bf0f7ccb-620f-4544-b652-03cd51d8645e] Created FlowFile[2221,100418886052216.mockFlowFile,24B] from FlowFile[2220,100418886052216.mockFlowFile,24B]; routing to relationship simple
[pool-3432-thread-1] INFO org.apache.nifi.processors.standard.RouteText - RouteText[id=bf0f7ccb-620f-4544-b652-03cd51d8645e] Routing FlowFile[2220,100418886052216.mockFlowFile,24B] to original
[main] DEBUG org.apache.nifi.processors.standard.RouteText - RouteText[id=bf0f7ccb-620f-4544-b652-03cd51d8645e] Adding new dynamic property: PropertyDescriptor[simple]
[pool-3433-thread-1] INFO org.apache.nifi.processors.standard.RouteText - RouteText[id=bf0f7ccb-620f-4544-b652-03cd51d8645e] Created FlowFile[2223,100418886558849.mockFlowFile,24B] from FlowFile[2222,100418886558849.mockFlowFile,24B]; routing to relationship simple
[pool-3433-thread-1] INFO org.apache.nifi.processors.standard.RouteText - RouteText[id=bf0f7ccb-620f-4544-b652-03cd51d8645e] Routing FlowFile[2222,100418886558849.mockFlowFile,24B] to original
[main] DEBUG org.apache.nifi.processors.standard.RouteText - RouteText[id=bf0f7ccb-620f-4544-b652-03cd51d8645e] Adding new dynamic property: PropertyDescriptor[simple]
[pool-3434-thread-1] INFO org.apache.nifi.processors.standard.RouteText - RouteText[id=bf0f7ccb-620f-4544-b652-03cd51d8645e] Created FlowFile[2225,100418887128482.mockFlowFile,24B] from FlowFile[2224,100418887128482.mockFlowFile,24B]; routing to relationship simple
[pool-3434-thread-1] INFO org.apache.nifi.processors.standard.RouteText - RouteText[id=bf0f7ccb-620f-4544-b652-03cd51d8645e] Routing FlowFile[2224,100418887128482.mockFlowFile,24B] to original
[main] DEBUG org.apache.nifi.processors.standard.RouteText - RouteText[id=bf0f7ccb-620f-4544-b652-03cd51d8645e] Adding new dynamic property: PropertyDescriptor[simple]
[pool-3435-thread-1] INFO org.apache.nifi.processors.standard.RouteText - RouteText[id=bf0f7ccb-620f-4544-b652-03cd51d8645e] Created FlowFile[2227,100418887745051.mockFlowFile,24B] from FlowFile[2226,100418887745051.mockFlowFile,24B]; routing to relationship simple
[pool-3435-thread-1] INFO org.apache.nifi.processors.standard.RouteText - RouteText[id=bf0f7ccb-620f-4544-b652-03cd51d8645e] Routing FlowFile[2226,100418887745051.mockFlowFile,24B] to original
[main] DEBUG org.apache.nifi.processors.standard.RouteText - RouteText[id=bf0f7ccb-620f-4544-b652-03cd51d8645e] Adding new dynamic property: PropertyDescriptor[simple]
[pool-3436-thread-1] INFO org.apache.nifi.processors.standard.RouteText - RouteText[id=bf0f7ccb-620f-4544-b652-03cd51d8645e] Created FlowFile[2229,100418888300035.mockFlowFile,24B] from FlowFile[2228,100418888300035.mockFlowFile,24B]; routing to relationship simple
[pool-3436-thread-1] INFO org.apache.nifi.processors.standard.RouteText - RouteText[id=bf0f7ccb-620f-4544-b652-03cd51d8645e] Routing FlowFile[2228,100418888300035.mockFlowFile,24B] to original
[main] DEBUG org.apache.nifi.processors.standard.RouteText - RouteText[id=bf0f7ccb-620f-4544-b652-03cd51d8645e] Adding new dynamic property: PropertyDescriptor[simple]
[pool-3437-thread-1] INFO org.apache.nifi.processors.standard.RouteText - RouteText[id=bf0f7ccb-620f-4544-b652-03cd51d8645e] Created FlowFile[2231,100418888815155.mockFlowFile,24B] from FlowFile[2230,100418888815155.mockFlowFile,24B]; routing to relationship simple
[pool-3437-thread-1] INFO org.apache.nifi.processors.standard.RouteText - RouteText[id=bf0f7ccb-620f-4544-b652-03cd51d8645e] Routing FlowFile[2230,100418888815155.mockFlowFile,24B] to original
[main] DEBUG org.apache.nifi.processors.standard.RouteText - RouteText[id=bf0f7ccb-620f-4544-b652-03cd51d8645e] Adding new dynamic property: PropertyDescriptor[simple]
[pool-3438-thread-1] INFO org.apache.nifi.processors.standard.RouteText - RouteText[id=bf0f7ccb-620f-4544-b652-03cd51d8645e] Created FlowFile[2233,100418889372989.mockFlowFile,24B] from FlowFile[2232,100418889372989.mockFlowFile,24B]; routing to relationship simple
[pool-3438-thread-1] INFO org.apache.nifi.processors.standard.RouteText - RouteText[id=bf0f7ccb-620f-4544-b652-03cd51d8645e] Routing FlowFile[2232,100418889372989.mockFlowFile,24B] to original
[main] DEBUG org.apache.nifi.processors.standard.RouteText - RouteText[id=bf0f7ccb-620f-4544-b652-03cd51d8645e] Adding new dynamic property: PropertyDescriptor[simple]
[pool-3439-thread-1] INFO org.apache.nifi.processors.standard.RouteText - RouteText[id=bf0f7ccb-620f-4544-b652-03cd51d8645e] Created FlowFile[2235,100418889921691.mockFlowFile,24B] from FlowFile[2234,100418889921691.mockFlowFile,24B]; routing to relationship simple
[pool-3439-thread-1] INFO org.apache.nifi.processors.standard.RouteText - RouteText[id=bf0f7ccb-620f-4544-b652-03cd51d8645e] Routing FlowFile[2234,100418889921691.mockFlowFile,24B] to original
[main] DEBUG org.apache.nifi.processors.standard.RouteText - RouteText[id=bf0f7ccb-620f-4544-b652-03cd51d8645e] Adding new dynamic property: PropertyDescriptor[simple]
[pool-3440-thread-1] INFO org.apache.nifi.processors.standard.RouteText - RouteText[id=bf0f7ccb-620f-4544-b652-03cd51d8645e] Created FlowFile[2237,100418890431478.mockFlowFile,24B] from FlowFile[2236,100418890431478.mockFlowFile,24B]; routing to relationship simple
[pool-3440-thread-1] INFO org.apache.nifi.processors.standard.RouteText - RouteText[id=bf0f7ccb-620f-4544-b652-03cd51d8645e] Routing FlowFile[2236,100418890431478.mockFlowFile,24B] to original
[main] DEBUG org.apache.nifi.processors.standard.RouteText - RouteText[id=bf0f7ccb-620f-4544-b652-03cd51d8645e] Adding new dynamic property: PropertyDescriptor[simple]
[pool-3441-thread-1] INFO org.apache.nifi.processors.standard.RouteText - RouteText[id=bf0f7ccb-620f-4544-b652-03cd51d8645e] Created FlowFile[2239,100418890956916.mockFlowFile,24B] from FlowFile[2238,100418890956916.mockFlowFile,24B]; routing to relationship simple
[pool-3441-thread-1] INFO org.apache.nifi.processors.standard.RouteText - RouteText[id=bf0f7ccb-620f-4544-b652-03cd51d8645e] Routing FlowFile[2238,100418890956916.mockFlowFile,24B] to original
[main] DEBUG org.apache.nifi.processors.standard.RouteText - RouteText[id=bf0f7ccb-620f-4544-b652-03cd51d8645e] Adding new dynamic property: PropertyDescriptor[simple]
[pool-3442-thread-1] INFO org.apache.nifi.processors.standard.RouteText - RouteText[id=bf0f7ccb-620f-4544-b652-03cd51d8645e] Created FlowFile[2241,100418891469938.mockFlowFile,24B] from FlowFile[2240,100418891469938.mockFlowFile,24B]; routing to relationship simple
[pool-3442-thread-1] INFO org.apache.nifi.processors.standard.RouteText - RouteText[id=bf0f7ccb-620f-4544-b652-03cd51d8645e] Routing FlowFile[2240,100418891469938.mockFlowFile,24B] to original
[main] DEBUG org.apache.nifi.processors.standard.RouteText - RouteText[id=bf0f7ccb-620f-4544-b652-03cd51d8645e] Adding new dynamic property: PropertyDescriptor[simple]
[pool-3443-thread-1] INFO org.apache.nifi.processors.standard.RouteText - RouteText[id=bf0f7ccb-620f-4544-b652-03cd51d8645e] Created FlowFile[2243,100418891983943.mockFlowFile,24B] from FlowFile[2242,100418891983943.mockFlowFile,24B]; routing to relationship simple
[pool-3443-thread-1] INFO org.apache.nifi.processors.standard.RouteText - RouteText[id=bf0f7ccb-620f-4544-b652-03cd51d8645e] Routing FlowFile[2242,100418891983943.mockFlowFile,24B] to original
[main] DEBUG org.apache.nifi.processors.standard.RouteText - RouteText[id=bf0f7ccb-620f-4544-b652-03cd51d8645e] Adding new dynamic property: PropertyDescriptor[simple]
[pool-3444-thread-1] INFO org.apache.nifi.processors.standard.RouteText - RouteText[id=bf0f7ccb-620f-4544-b652-03cd51d8645e] Created FlowFile[2245,100418892527751.mockFlowFile,24B] from FlowFile[2244,100418892527751.mockFlowFile,24B]; routing to relationship simple
[pool-3444-thread-1] INFO org.apache.nifi.processors.standard.RouteText - RouteText[id=bf0f7ccb-620f-4544-b652-03cd51d8645e] Routing FlowFile[2244,100418892527751.mockFlowFile,24B] to original
[main] DEBUG org.apache.nifi.processors.standard.RouteText - RouteText[id=bf0f7ccb-620f-4544-b652-03cd51d8645e] Adding new dynamic property: PropertyDescriptor[simple]
[pool-3445-thread-1] INFO org.apache.nifi.processors.standard.RouteText - RouteText[id=bf0f7ccb-620f-4544-b652-03cd51d8645e] Created FlowFile[2247,100418893041668.mockFlowFile,24B] from FlowFile[2246,100418893041668.mockFlowFile,24B]; routing to relationship simple
[pool-3445-thread-1] INFO org.apache.nifi.processors.standard.RouteText - RouteText[id=bf0f7ccb-620f-4544-b652-03cd51d8645e] Routing FlowFile[2246,100418893041668.mockFlowFile,24B] to original
[main] DEBUG org.apache.nifi.processors.standard.RouteText - RouteText[id=bf0f7ccb-620f-4544-b652-03cd51d8645e] Adding new dynamic property: PropertyDescriptor[simple]
[pool-3446-thread-1] INFO org.apache.nifi.processors.standard.RouteText - RouteText[id=bf0f7ccb-620f-4544-b652-03cd51d8645e] Created FlowFile[2249,100418893616947.mockFlowFile,24B] from FlowFile[2248,100418893616947.mockFlowFile,24B]; routing to relationship simple
[pool-3446-thread-1] INFO org.apache.nifi.processors.standard.RouteText - RouteText[id=bf0f7ccb-620f-4544-b652-03cd51d8645e] Routing FlowFile[2248,100418893616947.mockFlowFile,24B] to original
[main] DEBUG org.apache.nifi.processors.standard.RouteText - RouteText[id=bf0f7ccb-620f-4544-b652-03cd51d8645e] Adding new dynamic property: PropertyDescriptor[simple]
[pool-3447-thread-1] INFO org.apache.nifi.processors.standard.RouteText - RouteText[id=bf0f7ccb-620f-4544-b652-03cd51d8645e] Created FlowFile[2251,100418894176503.mockFlowFile,24B] from FlowFile[2250,100418894176503.mockFlowFile,24B]; routing to relationship simple
[pool-3447-thread-1] INFO org.apache.nifi.processors.standard.RouteText - RouteText[id=bf0f7ccb-620f-4544-b652-03cd51d8645e] Routing FlowFile[2250,100418894176503.mockFlowFile,24B] to original
[main] DEBUG org.apache.nifi.processors.standard.RouteText - RouteText[id=bf0f7ccb-620f-4544-b652-03cd51d8645e] Adding new dynamic property: PropertyDescriptor[simple]
[pool-3448-thread-1] INFO org.apache.nifi.processors.standard.RouteText - RouteText[id=bf0f7ccb-620f-4544-b652-03cd51d8645e] Created FlowFile[2253,100418894714736.mockFlowFile,24B] from FlowFile[2252,100418894714736.mockFlowFile,24B]; routing to relationship simple
[pool-3448-thread-1] INFO org.apache.nifi.processors.standard.RouteText - RouteText[id=bf0f7ccb-620f-4544-b652-03cd51d8645e] Routing FlowFile[2252,100418894714736.mockFlowFile,24B] to original
[main] DEBUG org.apache.nifi.processors.standard.RouteText - RouteText[id=bf0f7ccb-620f-4544-b652-03cd51d8645e] Adding new dynamic property: PropertyDescriptor[simple]
[pool-3449-thread-1] INFO org.apache.nifi.processors.standard.RouteText - RouteText[id=bf0f7ccb-620f-4544-b652-03cd51d8645e] Created FlowFile[2255,100418895133774.mockFlowFile,24B] from FlowFile[2254,100418895133774.mockFlowFile,24B]; routing to relationship simple
[pool-3449-thread-1] INFO org.apache.nifi.processors.standard.RouteText - RouteText[id=bf0f7ccb-620f-4544-b652-03cd51d8645e] Routing FlowFile[2254,100418895133774.mockFlowFile,24B] to original
[main] DEBUG org.apache.nifi.processors.standard.RouteText - RouteText[id=bf0f7ccb-620f-4544-b652-03cd51d8645e] Adding new dynamic property: PropertyDescriptor[simple]
[pool-3450-thread-1] INFO org.apache.nifi.processors.standard.RouteText - RouteText[id=bf0f7ccb-620f-4544-b652-03cd51d8645e] Created FlowFile[2257,100418895631472.mockFlowFile,24B] from FlowFile[2256,100418895631472.mockFlowFile,24B]; routing to relationship simple
[pool-3450-thread-1] INFO org.apache.nifi.processors.standard.RouteText - RouteText[id=bf0f7ccb-620f-4544-b652-03cd51d8645e] Routing FlowFile[2256,100418895631472.mockFlowFile,24B] to original
[main] DEBUG org.apache.nifi.processors.standard.RouteText - RouteText[id=bf0f7ccb-620f-4544-b652-03cd51d8645e] Adding new dynamic property: PropertyDescriptor[simple]
[pool-3451-thread-1] INFO org.apache.nifi.processors.standard.RouteText - RouteText[id=bf0f7ccb-620f-4544-b652-03cd51d8645e] Created FlowFile[2259,100418896025997.mockFlowFile,24B] from FlowFile[2258,100418896025997.mockFlowFile,24B]; routing to relationship simple
[pool-3451-thread-1] INFO org.apache.nifi.processors.standard.RouteText - RouteText[id=bf0f7ccb-620f-4544-b652-03cd51d8645e] Routing FlowFile[2258,100418896025997.mockFlowFile,24B] to original
[main] DEBUG org.apache.nifi.processors.standard.RouteText - RouteText[id=bf0f7ccb-620f-4544-b652-03cd51d8645e] Adding new dynamic property: PropertyDescriptor[simple]
[pool-3452-thread-1] INFO org.apache.nifi.processors.standard.RouteText - RouteText[id=bf0f7ccb-620f-4544-b652-03cd51d8645e] Created FlowFile[2261,100418896545911.mockFlowFile,24B] from FlowFile[2260,100418896545911.mockFlowFile,24B]; routing to relationship simple
[pool-3452-thread-1] INFO org.apache.nifi.processors.standard.RouteText - RouteText[id=bf0f7ccb-620f-4544-b652-03cd51d8645e] Routing FlowFile[2260,100418896545911.mockFlowFile,24B] to original
[main] DEBUG org.apache.nifi.processors.standard.RouteText - RouteText[id=bf0f7ccb-620f-4544-b652-03cd51d8645e] Adding new dynamic property: PropertyDescriptor[simple]
[pool-3453-thread-1] INFO org.apache.nifi.processors.standard.RouteText - RouteText[id=bf0f7ccb-620f-4544-b652-03cd51d8645e] Created FlowFile[2263,100418897063055.mockFlowFile,24B] from FlowFile[2262,100418897063055.mockFlowFile,24B]; routing to relationship simple
[pool-3453-thread-1] INFO org.apache.nifi.processors.standard.RouteText - RouteText[id=bf0f7ccb-620f-4544-b652-03cd51d8645e] Routing FlowFile[2262,100418897063055.mockFlowFile,24B] to original
[main] DEBUG org.apache.nifi.processors.standard.RouteText - RouteText[id=bf0f7ccb-620f-4544-b652-03cd51d8645e] Adding new dynamic property: PropertyDescriptor[simple]
[pool-3454-thread-1] INFO org.apache.nifi.processors.standard.RouteText - RouteText[id=bf0f7ccb-620f-4544-b652-03cd51d8645e] Created FlowFile[2265,100418897560312.mockFlowFile,24B] from FlowFile[2264,100418897560312.mockFlowFile,24B]; routing to relationship simple
[pool-3454-thread-1] INFO org.apache.nifi.processors.standard.RouteText - RouteText[id=bf0f7ccb-620f-4544-b652-03cd51d8645e] Routing FlowFile[2264,100418897560312.mockFlowFile,24B] to original
[main] DEBUG org.apache.nifi.processors.standard.RouteText - RouteText[id=bf0f7ccb-620f-4544-b652-03cd51d8645e] Adding new dynamic property: PropertyDescriptor[simple]
[pool-3455-thread-1] INFO org.apache.nifi.processors.standard.RouteText - RouteText[id=bf0f7ccb-620f-4544-b652-03cd51d8645e] Created FlowFile[2267,100418898008207.mockFlowFile,24B] from FlowFile[2266,100418898008207.mockFlowFile,24B]; routing to relationship simple
[pool-3455-thread-1] INFO org.apache.nifi.processors.standard.RouteText - RouteText[id=bf0f7ccb-620f-4544-b652-03cd51d8645e] Routing FlowFile[2266,100418898008207.mockFlowFile,24B] to original
[main] DEBUG org.apache.nifi.processors.standard.RouteText - RouteText[id=bf0f7ccb-620f-4544-b652-03cd51d8645e] Adding new dynamic property: PropertyDescriptor[simple]
[pool-3456-thread-1] INFO org.apache.nifi.processors.standard.RouteText - RouteText[id=bf0f7ccb-620f-4544-b652-03cd51d8645e] Created FlowFile[2269,100418898381629.mockFlowFile,24B] from FlowFile[2268,100418898381629.mockFlowFile,24B]; routing to relationship simple
[pool-3456-thread-1] INFO org.apache.nifi.processors.standard.RouteText - RouteText[id=bf0f7ccb-620f-4544-b652-03cd51d8645e] Routing FlowFile[2268,100418898381629.mockFlowFile,24B] to original
[main] DEBUG org.apache.nifi.processors.standard.RouteText - RouteText[id=bf0f7ccb-620f-4544-b652-03cd51d8645e] Adding new dynamic property: PropertyDescriptor[simple]
[pool-3457-thread-1] INFO org.apache.nifi.processors.standard.RouteText - RouteText[id=bf0f7ccb-620f-4544-b652-03cd51d8645e] Created FlowFile[2271,100418898743105.mockFlowFile,24B] from FlowFile[2270,100418898743105.mockFlowFile,24B]; routing to relationship simple
[pool-3457-thread-1] INFO org.apache.nifi.processors.standard.RouteText - RouteText[id=bf0f7ccb-620f-4544-b652-03cd51d8645e] Routing FlowFile[2270,100418898743105.mockFlowFile,24B] to original
[main] DEBUG org.apache.nifi.processors.standard.RouteText - RouteText[id=bf0f7ccb-620f-4544-b652-03cd51d8645e] Adding new dynamic property: PropertyDescriptor[simple]
[pool-3458-thread-1] INFO org.apache.nifi.processors.standard.RouteText - RouteText[id=bf0f7ccb-620f-4544-b652-03cd51d8645e] Created FlowFile[2273,100418899113008.mockFlowFile,24B] from FlowFile[2272,100418899113008.mockFlowFile,24B]; routing to relationship simple
[pool-3458-thread-1] INFO org.apache.nifi.processors.standard.RouteText - RouteText[id=bf0f7ccb-620f-4544-b652-03cd51d8645e] Routing FlowFile[2272,100418899113008.mockFlowFile,24B] to original
[main] DEBUG org.apache.nifi.processors.standard.RouteText - RouteText[id=bf0f7ccb-620f-4544-b652-03cd51d8645e] Adding new dynamic property: PropertyDescriptor[simple]
[pool-3459-thread-1] INFO org.apache.nifi.processors.standard.RouteText - RouteText[id=bf0f7ccb-620f-4544-b652-03cd51d8645e] Created FlowFile[2275,100418899563434.mockFlowFile,24B] from FlowFile[2274,100418899563434.mockFlowFile,24B]; routing to relationship simple
[pool-3459-thread-1] INFO org.apache.nifi.processors.standard.RouteText - RouteText[id=bf0f7ccb-620f-4544-b652-03cd51d8645e] Routing FlowFile[2274,100418899563434.mockFlowFile,24B] to original
[main] DEBUG org.apache.nifi.processors.standard.RouteText - RouteText[id=bf0f7ccb-620f-4544-b652-03cd51d8645e] Adding new dynamic property: PropertyDescriptor[simple]
[pool-3460-thread-1] INFO org.apache.nifi.processors.standard.RouteText - RouteText[id=bf0f7ccb-620f-4544-b652-03cd51d8645e] Created FlowFile[2277,100418899929133.mockFlowFile,24B] from FlowFile[2276,100418899929133.mockFlowFile,24B]; routing to relationship simple
[pool-3460-thread-1] INFO org.apache.nifi.processors.standard.RouteText - RouteText[id=bf0f7ccb-620f-4544-b652-03cd51d8645e] Routing FlowFile[2276,100418899929133.mockFlowFile,24B] to original
[main] DEBUG org.apache.nifi.processors.standard.RouteText - RouteText[id=bf0f7ccb-620f-4544-b652-03cd51d8645e] Adding new dynamic property: PropertyDescriptor[simple]
[pool-3461-thread-1] INFO org.apache.nifi.processors.standard.RouteText - RouteText[id=bf0f7ccb-620f-4544-b652-03cd51d8645e] Created FlowFile[2279,100418900424447.mockFlowFile,24B] from FlowFile[2278,100418900424447.mockFlowFile,24B]; routing to relationship simple
[pool-3461-thread-1] INFO org.apache.nifi.processors.standard.RouteText - RouteText[id=bf0f7ccb-620f-4544-b652-03cd51d8645e] Routing FlowFile[2278,100418900424447.mockFlowFile,24B] to original
[main] DEBUG org.apache.nifi.processors.standard.RouteText - RouteText[id=bf0f7ccb-620f-4544-b652-03cd51d8645e] Adding new dynamic property: PropertyDescriptor[simple]
[pool-3462-thread-1] INFO org.apache.nifi.processors.standard.RouteText - RouteText[id=bf0f7ccb-620f-4544-b652-03cd51d8645e] Created FlowFile[2281,100418900876582.mockFlowFile,24B] from FlowFile[2280,100418900876582.mockFlowFile,24B]; routing to relationship simple
[pool-3462-thread-1] INFO org.apache.nifi.processors.standard.RouteText - RouteText[id=bf0f7ccb-620f-4544-b652-03cd51d8645e] Routing FlowFile[2280,100418900876582.mockFlowFile,24B] to original
[main] DEBUG org.apache.nifi.processors.standard.RouteText - RouteText[id=bf0f7ccb-620f-4544-b652-03cd51d8645e] Adding new dynamic property: PropertyDescriptor[simple]
[pool-3463-thread-1] INFO org.apache.nifi.processors.standard.RouteText - RouteText[id=bf0f7ccb-620f-4544-b652-03cd51d8645e] Created FlowFile[2283,100418901343536.mockFlowFile,24B] from FlowFile[2282,100418901343536.mockFlowFile,24B]; routing to relationship simple
[pool-3463-thread-1] INFO org.apache.nifi.processors.standard.RouteText - RouteText[id=bf0f7ccb-620f-4544-b652-03cd51d8645e] Routing FlowFile[2282,100418901343536.mockFlowFile,24B] to original
[main] DEBUG org.apache.nifi.processors.standard.RouteText - RouteText[id=bf0f7ccb-620f-4544-b652-03cd51d8645e] Adding new dynamic property: PropertyDescriptor[simple]
[pool-3464-thread-1] INFO org.apache.nifi.processors.standard.RouteText - RouteText[id=bf0f7ccb-620f-4544-b652-03cd51d8645e] Created FlowFile[2285,100418902660308.mockFlowFile,24B] from FlowFile[2284,100418902660308.mockFlowFile,24B]; routing to relationship simple
[pool-3464-thread-1] INFO org.apache.nifi.processors.standard.RouteText - RouteText[id=bf0f7ccb-620f-4544-b652-03cd51d8645e] Routing FlowFile[2284,100418902660308.mockFlowFile,24B] to original
[main] DEBUG org.apache.nifi.processors.standard.RouteText - RouteText[id=bf0f7ccb-620f-4544-b652-03cd51d8645e] Adding new dynamic property: PropertyDescriptor[simple]
[pool-3465-thread-1] INFO org.apache.nifi.processors.standard.RouteText - RouteText[id=bf0f7ccb-620f-4544-b652-03cd51d8645e] Created FlowFile[2287,100418903210407.mockFlowFile,24B] from FlowFile[2286,100418903210407.mockFlowFile,24B]; routing to relationship simple
[pool-3465-thread-1] INFO org.apache.nifi.processors.standard.RouteText - RouteText[id=bf0f7ccb-620f-4544-b652-03cd51d8645e] Routing FlowFile[2286,100418903210407.mockFlowFile,24B] to original
[main] DEBUG org.apache.nifi.processors.standard.RouteText - RouteText[id=bf0f7ccb-620f-4544-b652-03cd51d8645e] Adding new dynamic property: PropertyDescriptor[simple]
[pool-3466-thread-1] INFO org.apache.nifi.processors.standard.RouteText - RouteText[id=bf0f7ccb-620f-4544-b652-03cd51d8645e] Created FlowFile[2289,100418903788293.mockFlowFile,24B] from FlowFile[2288,100418903788293.mockFlowFile,24B]; routing to relationship simple
[pool-3466-thread-1] INFO org.apache.nifi.processors.standard.RouteText - RouteText[id=bf0f7ccb-620f-4544-b652-03cd51d8645e] Routing FlowFile[2288,100418903788293.mockFlowFile,24B] to original
[main] DEBUG org.apache.nifi.processors.standard.RouteText - RouteText[id=bf0f7ccb-620f-4544-b652-03cd51d8645e] Adding new dynamic property: PropertyDescriptor[simple]
[pool-3467-thread-1] INFO org.apache.nifi.processors.standard.RouteText - RouteText[id=bf0f7ccb-620f-4544-b652-03cd51d8645e] Created FlowFile[2291,100418904442005.mockFlowFile,24B] from FlowFile[2290,100418904442005.mockFlowFile,24B]; routing to relationship simple
[pool-3467-thread-1] INFO org.apache.nifi.processors.standard.RouteText - RouteText[id=bf0f7ccb-620f-4544-b652-03cd51d8645e] Routing FlowFile[2290,100418904442005.mockFlowFile,24B] to original
[main] DEBUG org.apache.nifi.processors.standard.RouteText - RouteText[id=bf0f7ccb-620f-4544-b652-03cd51d8645e] Adding new dynamic property: PropertyDescriptor[simple]
[pool-3468-thread-1] INFO org.apache.nifi.processors.standard.RouteText - RouteText[id=bf0f7ccb-620f-4544-b652-03cd51d8645e] Created FlowFile[2293,100418905102089.mockFlowFile,24B] from FlowFile[2292,100418905102089.mockFlowFile,24B]; routing to relationship simple
[pool-3468-thread-1] INFO org.apache.nifi.processors.standard.RouteText - RouteText[id=bf0f7ccb-620f-4544-b652-03cd51d8645e] Routing FlowFile[2292,100418905102089.mockFlowFile,24B] to original
[main] DEBUG org.apache.nifi.processors.standard.RouteText - RouteText[id=bf0f7ccb-620f-4544-b652-03cd51d8645e] Adding new dynamic property: PropertyDescriptor[simple]
[pool-3469-thread-1] INFO org.apache.nifi.processors.standard.RouteText - RouteText[id=bf0f7ccb-620f-4544-b652-03cd51d8645e] Created FlowFile[2295,100418905788464.mockFlowFile,24B] from FlowFile[2294,100418905788464.mockFlowFile,24B]; routing to relationship simple
[pool-3469-thread-1] INFO org.apache.nifi.processors.standard.RouteText - RouteText[id=bf0f7ccb-620f-4544-b652-03cd51d8645e] Routing FlowFile[2294,100418905788464.mockFlowFile,24B] to original
[main] DEBUG org.apache.nifi.processors.standard.RouteText - RouteText[id=bf0f7ccb-620f-4544-b652-03cd51d8645e] Adding new dynamic property: PropertyDescriptor[simple]
[pool-3470-thread-1] INFO org.apache.nifi.processors.standard.RouteText - RouteText[id=bf0f7ccb-620f-4544-b652-03cd51d8645e] Created FlowFile[2297,100418906322823.mockFlowFile,24B] from FlowFile[2296,100418906322823.mockFlowFile,24B]; routing to relationship simple
[pool-3470-thread-1] INFO org.apache.nifi.processors.standard.RouteText - RouteText[id=bf0f7ccb-620f-4544-b652-03cd51d8645e] Routing FlowFile[2296,100418906322823.mockFlowFile,24B] to original
[main] DEBUG org.apache.nifi.processors.standard.RouteText - RouteText[id=bf0f7ccb-620f-4544-b652-03cd51d8645e] Adding new dynamic property: PropertyDescriptor[simple]
[pool-3471-thread-1] INFO org.apache.nifi.processors.standard.RouteText - RouteText[id=bf0f7ccb-620f-4544-b652-03cd51d8645e] Created FlowFile[2299,100418906795375.mockFlowFile,24B] from FlowFile[2298,100418906795375.mockFlowFile,24B]; routing to relationship simple
[pool-3471-thread-1] INFO org.apache.nifi.processors.standard.RouteText - RouteText[id=bf0f7ccb-620f-4544-b652-03cd51d8645e] Routing FlowFile[2298,100418906795375.mockFlowFile,24B] to original
[main] DEBUG org.apache.nifi.processors.standard.RouteText - RouteText[id=bf0f7ccb-620f-4544-b652-03cd51d8645e] Adding new dynamic property: PropertyDescriptor[simple]
[pool-3472-thread-1] INFO org.apache.nifi.processors.standard.RouteText - RouteText[id=bf0f7ccb-620f-4544-b652-03cd51d8645e] Created FlowFile[2301,100418907247226.mockFlowFile,24B] from FlowFile[2300,100418907247226.mockFlowFile,24B]; routing to relationship simple
[pool-3472-thread-1] INFO org.apache.nifi.processors.standard.RouteText - RouteText[id=bf0f7ccb-620f-4544-b652-03cd51d8645e] Routing FlowFile[2300,100418907247226.mockFlowFile,24B] to original
[main] DEBUG org.apache.nifi.processors.standard.RouteText - RouteText[id=bf0f7ccb-620f-4544-b652-03cd51d8645e] Adding new dynamic property: PropertyDescriptor[simple]
[pool-3473-thread-1] INFO org.apache.nifi.processors.standard.RouteText - RouteText[id=bf0f7ccb-620f-4544-b652-03cd51d8645e] Created FlowFile[2303,100418907687073.mockFlowFile,24B] from FlowFile[2302,100418907687073.mockFlowFile,24B]; routing to relationship simple
[pool-3473-thread-1] INFO org.apache.nifi.processors.standard.RouteText - RouteText[id=bf0f7ccb-620f-4544-b652-03cd51d8645e] Routing FlowFile[2302,100418907687073.mockFlowFile,24B] to original
[main] DEBUG org.apache.nifi.processors.standard.RouteText - RouteText[id=bf0f7ccb-620f-4544-b652-03cd51d8645e] Adding new dynamic property: PropertyDescriptor[simple]
[pool-3474-thread-1] INFO org.apache.nifi.processors.standard.RouteText - RouteText[id=bf0f7ccb-620f-4544-b652-03cd51d8645e] Created FlowFile[2305,100418908132129.mockFlowFile,24B] from FlowFile[2304,100418908132129.mockFlowFile,24B]; routing to relationship simple
[pool-3474-thread-1] INFO org.apache.nifi.processors.standard.RouteText - RouteText[id=bf0f7ccb-620f-4544-b652-03cd51d8645e] Routing FlowFile[2304,100418908132129.mockFlowFile,24B] to original
[main] DEBUG org.apache.nifi.processors.standard.RouteText - RouteText[id=bf0f7ccb-620f-4544-b652-03cd51d8645e] Adding new dynamic property: PropertyDescriptor[simple]
[pool-3475-thread-1] INFO org.apache.nifi.processors.standard.RouteText - RouteText[id=bf0f7ccb-620f-4544-b652-03cd51d8645e] Created FlowFile[2307,100418908624311.mockFlowFile,24B] from FlowFile[2306,100418908624311.mockFlowFile,24B]; routing to relationship simple
[pool-3475-thread-1] INFO org.apache.nifi.processors.standard.RouteText - RouteText[id=bf0f7ccb-620f-4544-b652-03cd51d8645e] Routing FlowFile[2306,100418908624311.mockFlowFile,24B] to original
[main] DEBUG org.apache.nifi.processors.standard.RouteText - RouteText[id=bf0f7ccb-620f-4544-b652-03cd51d8645e] Adding new dynamic property: PropertyDescriptor[simple]
[pool-3476-thread-1] INFO org.apache.nifi.processors.standard.RouteText - RouteText[id=bf0f7ccb-620f-4544-b652-03cd51d8645e] Created FlowFile[2309,100418909056942.mockFlowFile,24B] from FlowFile[2308,100418909056942.mockFlowFile,24B]; routing to relationship simple
[pool-3476-thread-1] INFO org.apache.nifi.processors.standard.RouteText - RouteText[id=bf0f7ccb-620f-4544-b652-03cd51d8645e] Routing FlowFile[2308,100418909056942.mockFlowFile,24B] to original
[main] DEBUG org.apache.nifi.processors.standard.RouteText - RouteText[id=bf0f7ccb-620f-4544-b652-03cd51d8645e] Adding new dynamic property: PropertyDescriptor[simple]
[pool-3477-thread-1] INFO org.apache.nifi.processors.standard.RouteText - RouteText[id=bf0f7ccb-620f-4544-b652-03cd51d8645e] Created FlowFile[2311,100418909494450.mockFlowFile,24B] from FlowFile[2310,100418909494450.mockFlowFile,24B]; routing to relationship simple
[pool-3477-thread-1] INFO org.apache.nifi.processors.standard.RouteText - RouteText[id=bf0f7ccb-620f-4544-b652-03cd51d8645e] Routing FlowFile[2310,100418909494450.mockFlowFile,24B] to original
[main] DEBUG org.apache.nifi.processors.standard.RouteText - RouteText[id=bf0f7ccb-620f-4544-b652-03cd51d8645e] Adding new dynamic property: PropertyDescriptor[simple]
[pool-3478-thread-1] INFO org.apache.nifi.processors.standard.RouteText - RouteText[id=bf0f7ccb-620f-4544-b652-03cd51d8645e] Created FlowFile[2313,100418909939387.mockFlowFile,24B] from FlowFile[2312,100418909939387.mockFlowFile,24B]; routing to relationship simple
[pool-3478-thread-1] INFO org.apache.nifi.processors.standard.RouteText - RouteText[id=bf0f7ccb-620f-4544-b652-03cd51d8645e] Routing FlowFile[2312,100418909939387.mockFlowFile,24B] to original
[main] DEBUG org.apache.nifi.processors.standard.RouteText - RouteText[id=bf0f7ccb-620f-4544-b652-03cd51d8645e] Adding new dynamic property: PropertyDescriptor[simple]
[pool-3479-thread-1] INFO org.apache.nifi.processors.standard.RouteText - RouteText[id=bf0f7ccb-620f-4544-b652-03cd51d8645e] Created FlowFile[2315,100418910371764.mockFlowFile,24B] from FlowFile[2314,100418910371764.mockFlowFile,24B]; routing to relationship simple
[pool-3479-thread-1] INFO org.apache.nifi.processors.standard.RouteText - RouteText[id=bf0f7ccb-620f-4544-b652-03cd51d8645e] Routing FlowFile[2314,100418910371764.mockFlowFile,24B] to original
[main] DEBUG org.apache.nifi.processors.standard.RouteText - RouteText[id=bf0f7ccb-620f-4544-b652-03cd51d8645e] Adding new dynamic property: PropertyDescriptor[simple]
[pool-3480-thread-1] INFO org.apache.nifi.processors.standard.RouteText - RouteText[id=bf0f7ccb-620f-4544-b652-03cd51d8645e] Created FlowFile[2317,100418910804450.mockFlowFile,24B] from FlowFile[2316,100418910804450.mockFlowFile,24B]; routing to relationship simple
[pool-3480-thread-1] INFO org.apache.nifi.processors.standard.RouteText - RouteText[id=bf0f7ccb-620f-4544-b652-03cd51d8645e] Routing FlowFile[2316,100418910804450.mockFlowFile,24B] to original
[main] DEBUG org.apache.nifi.processors.standard.RouteText - RouteText[id=bf0f7ccb-620f-4544-b652-03cd51d8645e] Adding new dynamic property: PropertyDescriptor[simple]
[pool-3481-thread-1] INFO org.apache.nifi.processors.standard.RouteText - RouteText[id=bf0f7ccb-620f-4544-b652-03cd51d8645e] Created FlowFile[2319,100418911325302.mockFlowFile,24B] from FlowFile[2318,100418911325302.mockFlowFile,24B]; routing to relationship simple
[pool-3481-thread-1] INFO org.apache.nifi.processors.standard.RouteText - RouteText[id=bf0f7ccb-620f-4544-b652-03cd51d8645e] Routing FlowFile[2318,100418911325302.mockFlowFile,24B] to original
[main] DEBUG org.apache.nifi.processors.standard.RouteText - RouteText[id=bf0f7ccb-620f-4544-b652-03cd51d8645e] Adding new dynamic property: PropertyDescriptor[simple]
[pool-3482-thread-1] INFO org.apache.nifi.processors.standard.RouteText - RouteText[id=bf0f7ccb-620f-4544-b652-03cd51d8645e] Created FlowFile[2321,100418911885855.mockFlowFile,24B] from FlowFile[2320,100418911885855.mockFlowFile,24B]; routing to relationship simple
[pool-3482-thread-1] INFO org.apache.nifi.processors.standard.RouteText - RouteText[id=bf0f7ccb-620f-4544-b652-03cd51d8645e] Routing FlowFile[2320,100418911885855.mockFlowFile,24B] to original
[main] DEBUG org.apache.nifi.processors.standard.RouteText - RouteText[id=bf0f7ccb-620f-4544-b652-03cd51d8645e] Adding new dynamic property: PropertyDescriptor[simple]
[pool-3483-thread-1] INFO org.apache.nifi.processors.standard.RouteText - RouteText[id=bf0f7ccb-620f-4544-b652-03cd51d8645e] Created FlowFile[2323,100418912454649.mockFlowFile,24B] from FlowFile[2322,100418912454649.mockFlowFile,24B]; routing to relationship simple
[pool-3483-thread-1] INFO org.apache.nifi.processors.standard.RouteText - RouteText[id=bf0f7ccb-620f-4544-b652-03cd51d8645e] Routing FlowFile[2322,100418912454649.mockFlowFile,24B] to original
[main] DEBUG org.apache.nifi.processors.standard.RouteText - RouteText[id=bf0f7ccb-620f-4544-b652-03cd51d8645e] Adding new dynamic property: PropertyDescriptor[simple]
[pool-3484-thread-1] INFO org.apache.nifi.processors.standard.RouteText - RouteText[id=bf0f7ccb-620f-4544-b652-03cd51d8645e] Created FlowFile[2325,100418912916509.mockFlowFile,24B] from FlowFile[2324,100418912916509.mockFlowFile,24B]; routing to relationship simple
[pool-3484-thread-1] INFO org.apache.nifi.processors.standard.RouteText - RouteText[id=bf0f7ccb-620f-4544-b652-03cd51d8645e] Routing FlowFile[2324,100418912916509.mockFlowFile,24B] to original
[main] DEBUG org.apache.nifi.processors.standard.RouteText - RouteText[id=bf0f7ccb-620f-4544-b652-03cd51d8645e] Adding new dynamic property: PropertyDescriptor[simple]
[pool-3485-thread-1] INFO org.apache.nifi.processors.standard.RouteText - RouteText[id=bf0f7ccb-620f-4544-b652-03cd51d8645e] Created FlowFile[2327,100418913371306.mockFlowFile,24B] from FlowFile[2326,100418913371306.mockFlowFile,24B]; routing to relationship simple
[pool-3485-thread-1] INFO org.apache.nifi.processors.standard.RouteText - RouteText[id=bf0f7ccb-620f-4544-b652-03cd51d8645e] Routing FlowFile[2326,100418913371306.mockFlowFile,24B] to original
[main] DEBUG org.apache.nifi.processors.standard.RouteText - RouteText[id=bf0f7ccb-620f-4544-b652-03cd51d8645e] Adding new dynamic property: PropertyDescriptor[simple]
[pool-3486-thread-1] INFO org.apache.nifi.processors.standard.RouteText - RouteText[id=bf0f7ccb-620f-4544-b652-03cd51d8645e] Created FlowFile[2329,100418913836684.mockFlowFile,24B] from FlowFile[2328,100418913836684.mockFlowFile,24B]; routing to relationship simple
[pool-3486-thread-1] INFO org.apache.nifi.processors.standard.RouteText - RouteText[id=bf0f7ccb-620f-4544-b652-03cd51d8645e] Routing FlowFile[2328,100418913836684.mockFlowFile,24B] to original
[main] DEBUG org.apache.nifi.processors.standard.RouteText - RouteText[id=bf0f7ccb-620f-4544-b652-03cd51d8645e] Adding new dynamic property: PropertyDescriptor[simple]
[pool-3487-thread-1] INFO org.apache.nifi.processors.standard.RouteText - RouteText[id=bf0f7ccb-620f-4544-b652-03cd51d8645e] Created FlowFile[2331,100418914305123.mockFlowFile,24B] from FlowFile[2330,100418914305123.mockFlowFile,24B]; routing to relationship simple
[pool-3487-thread-1] INFO org.apache.nifi.processors.standard.RouteText - RouteText[id=bf0f7ccb-620f-4544-b652-03cd51d8645e] Routing FlowFile[2330,100418914305123.mockFlowFile,24B] to original
[main] DEBUG org.apache.nifi.processors.standard.RouteText - RouteText[id=bf0f7ccb-620f-4544-b652-03cd51d8645e] Adding new dynamic property: PropertyDescriptor[simple]
[pool-3488-thread-1] INFO org.apache.nifi.processors.standard.RouteText - RouteText[id=bf0f7ccb-620f-4544-b652-03cd51d8645e] Created FlowFile[2333,100418914768345.mockFlowFile,24B] from FlowFile[2332,100418914768345.mockFlowFile,24B]; routing to relationship simple
[pool-3488-thread-1] INFO org.apache.nifi.processors.standard.RouteText - RouteText[id=bf0f7ccb-620f-4544-b652-03cd51d8645e] Routing FlowFile[2332,100418914768345.mockFlowFile,24B] to original
[main] DEBUG org.apache.nifi.processors.standard.RouteText - RouteText[id=bf0f7ccb-620f-4544-b652-03cd51d8645e] Adding new dynamic property: PropertyDescriptor[simple]
[pool-3489-thread-1] INFO org.apache.nifi.processors.standard.RouteText - RouteText[id=bf0f7ccb-620f-4544-b652-03cd51d8645e] Created FlowFile[2335,100418915209497.mockFlowFile,24B] from FlowFile[2334,100418915209497.mockFlowFile,24B]; routing to relationship simple
[pool-3489-thread-1] INFO org.apache.nifi.processors.standard.RouteText - RouteText[id=bf0f7ccb-620f-4544-b652-03cd51d8645e] Routing FlowFile[2334,100418915209497.mockFlowFile,24B] to original
[main] DEBUG org.apache.nifi.processors.standard.RouteText - RouteText[id=bf0f7ccb-620f-4544-b652-03cd51d8645e] Adding new dynamic property: PropertyDescriptor[simple]
[pool-3490-thread-1] INFO org.apache.nifi.processors.standard.RouteText - RouteText[id=bf0f7ccb-620f-4544-b652-03cd51d8645e] Created FlowFile[2337,100418915695325.mockFlowFile,24B] from FlowFile[2336,100418915695325.mockFlowFile,24B]; routing to relationship simple
[pool-3490-thread-1] INFO org.apache.nifi.processors.standard.RouteText - RouteText[id=bf0f7ccb-620f-4544-b652-03cd51d8645e] Routing FlowFile[2336,100418915695325.mockFlowFile,24B] to original
[main] DEBUG org.apache.nifi.processors.standard.RouteText - RouteText[id=bf0f7ccb-620f-4544-b652-03cd51d8645e] Adding new dynamic property: PropertyDescriptor[simple]
[pool-3491-thread-1] INFO org.apache.nifi.processors.standard.RouteText - RouteText[id=bf0f7ccb-620f-4544-b652-03cd51d8645e] Created FlowFile[2339,100418916193119.mockFlowFile,24B] from FlowFile[2338,100418916193119.mockFlowFile,24B]; routing to relationship simple
[pool-3491-thread-1] INFO org.apache.nifi.processors.standard.RouteText - RouteText[id=bf0f7ccb-620f-4544-b652-03cd51d8645e] Routing FlowFile[2338,100418916193119.mockFlowFile,24B] to original
[main] DEBUG org.apache.nifi.processors.standard.RouteText - RouteText[id=bf0f7ccb-620f-4544-b652-03cd51d8645e] Adding new dynamic property: PropertyDescriptor[simple]
[pool-3492-thread-1] INFO org.apache.nifi.processors.standard.RouteText - RouteText[id=bf0f7ccb-620f-4544-b652-03cd51d8645e] Created FlowFile[2341,100418916706123.mockFlowFile,24B] from FlowFile[2340,100418916706123.mockFlowFile,24B]; routing to relationship simple
[pool-3492-thread-1] INFO org.apache.nifi.processors.standard.RouteText - RouteText[id=bf0f7ccb-620f-4544-b652-03cd51d8645e] Routing FlowFile[2340,100418916706123.mockFlowFile,24B] to original
[main] DEBUG org.apache.nifi.processors.standard.RouteText - RouteText[id=bf0f7ccb-620f-4544-b652-03cd51d8645e] Adding new dynamic property: PropertyDescriptor[simple]
[pool-3493-thread-1] INFO org.apache.nifi.processors.standard.RouteText - RouteText[id=bf0f7ccb-620f-4544-b652-03cd51d8645e] Created FlowFile[2343,100418917200468.mockFlowFile,24B] from FlowFile[2342,100418917200468.mockFlowFile,24B]; routing to relationship simple
[pool-3493-thread-1] INFO org.apache.nifi.processors.standard.RouteText - RouteText[id=bf0f7ccb-620f-4544-b652-03cd51d8645e] Routing FlowFile[2342,100418917200468.mockFlowFile,24B] to original
[main] DEBUG org.apache.nifi.processors.standard.RouteText - RouteText[id=bf0f7ccb-620f-4544-b652-03cd51d8645e] Adding new dynamic property: PropertyDescriptor[simple]
[pool-3494-thread-1] INFO org.apache.nifi.processors.standard.RouteText - RouteText[id=bf0f7ccb-620f-4544-b652-03cd51d8645e] Created FlowFile[2345,100418917732629.mockFlowFile,24B] from FlowFile[2344,100418917732629.mockFlowFile,24B]; routing to relationship simple
[pool-3494-thread-1] INFO org.apache.nifi.processors.standard.RouteText - RouteText[id=bf0f7ccb-620f-4544-b652-03cd51d8645e] Routing FlowFile[2344,100418917732629.mockFlowFile,24B] to original
[main] DEBUG org.apache.nifi.processors.standard.RouteText - RouteText[id=bf0f7ccb-620f-4544-b652-03cd51d8645e] Adding new dynamic property: PropertyDescriptor[simple]
[pool-3495-thread-1] INFO org.apache.nifi.processors.standard.RouteText - RouteText[id=bf0f7ccb-620f-4544-b652-03cd51d8645e] Created FlowFile[2347,100418918219851.mockFlowFile,24B] from FlowFile[2346,100418918219851.mockFlowFile,24B]; routing to relationship simple
[pool-3495-thread-1] INFO org.apache.nifi.processors.standard.RouteText - RouteText[id=bf0f7ccb-620f-4544-b652-03cd51d8645e] Routing FlowFile[2346,100418918219851.mockFlowFile,24B] to original
[main] DEBUG org.apache.nifi.processors.standard.RouteText - RouteText[id=bf0f7ccb-620f-4544-b652-03cd51d8645e] Adding new dynamic property: PropertyDescriptor[simple]
[pool-3496-thread-1] INFO org.apache.nifi.processors.standard.RouteText - RouteText[id=bf0f7ccb-620f-4544-b652-03cd51d8645e] Created FlowFile[2349,100418918713613.mockFlowFile,24B] from FlowFile[2348,100418918713613.mockFlowFile,24B]; routing to relationship simple
[pool-3496-thread-1] INFO org.apache.nifi.processors.standard.RouteText - RouteText[id=bf0f7ccb-620f-4544-b652-03cd51d8645e] Routing FlowFile[2348,100418918713613.mockFlowFile,24B] to original
[main] DEBUG org.apache.nifi.processors.standard.RouteText - RouteText[id=bf0f7ccb-620f-4544-b652-03cd51d8645e] Adding new dynamic property: PropertyDescriptor[simple]
[pool-3497-thread-1] INFO org.apache.nifi.processors.standard.RouteText - RouteText[id=bf0f7ccb-620f-4544-b652-03cd51d8645e] Created FlowFile[2351,100418919218277.mockFlowFile,24B] from FlowFile[2350,100418919218277.mockFlowFile,24B]; routing to relationship simple
[pool-3497-thread-1] INFO org.apache.nifi.processors.standard.RouteText - RouteText[id=bf0f7ccb-620f-4544-b652-03cd51d8645e] Routing FlowFile[2350,100418919218277.mockFlowFile,24B] to original
[main] DEBUG org.apache.nifi.processors.standard.RouteText - RouteText[id=bf0f7ccb-620f-4544-b652-03cd51d8645e] Adding new dynamic property: PropertyDescriptor[simple]
[pool-3498-thread-1] INFO org.apache.nifi.processors.standard.RouteText - RouteText[id=bf0f7ccb-620f-4544-b652-03cd51d8645e] Created FlowFile[2353,100418919714759.mockFlowFile,24B] from FlowFile[2352,100418919714759.mockFlowFile,24B]; routing to relationship simple
[pool-3498-thread-1] INFO org.apache.nifi.processors.standard.RouteText - RouteText[id=bf0f7ccb-620f-4544-b652-03cd51d8645e] Routing FlowFile[2352,100418919714759.mockFlowFile,24B] to original
[main] DEBUG org.apache.nifi.processors.standard.RouteText - RouteText[id=bf0f7ccb-620f-4544-b652-03cd51d8645e] Adding new dynamic property: PropertyDescriptor[simple]
[pool-3499-thread-1] INFO org.apache.nifi.processors.standard.RouteText - RouteText[id=bf0f7ccb-620f-4544-b652-03cd51d8645e] Created FlowFile[2355,100418920239481.mockFlowFile,24B] from FlowFile[2354,100418920239481.mockFlowFile,24B]; routing to relationship simple
[pool-3499-thread-1] INFO org.apache.nifi.processors.standard.RouteText - RouteText[id=bf0f7ccb-620f-4544-b652-03cd51d8645e] Routing FlowFile[2354,100418920239481.mockFlowFile,24B] to original
[main] DEBUG org.apache.nifi.processors.standard.RouteText - RouteText[id=bf0f7ccb-620f-4544-b652-03cd51d8645e] Adding new dynamic property: PropertyDescriptor[simple]
[pool-3500-thread-1] INFO org.apache.nifi.processors.standard.RouteText - RouteText[id=bf0f7ccb-620f-4544-b652-03cd51d8645e] Created FlowFile[2357,100418920766179.mockFlowFile,24B] from FlowFile[2356,100418920766179.mockFlowFile,24B]; routing to relationship simple
[pool-3500-thread-1] INFO org.apache.nifi.processors.standard.RouteText - RouteText[id=bf0f7ccb-620f-4544-b652-03cd51d8645e] Routing FlowFile[2356,100418920766179.mockFlowFile,24B] to original
[main] DEBUG org.apache.nifi.processors.standard.RouteText - RouteText[id=bf0f7ccb-620f-4544-b652-03cd51d8645e] Adding new dynamic property: PropertyDescriptor[simple]
[pool-3501-thread-1] INFO org.apache.nifi.processors.standard.RouteText - RouteText[id=bf0f7ccb-620f-4544-b652-03cd51d8645e] Created FlowFile[2359,100418921282379.mockFlowFile,24B] from FlowFile[2358,100418921282379.mockFlowFile,24B]; routing to relationship simple
[pool-3501-thread-1] INFO org.apache.nifi.processors.standard.RouteText - RouteText[id=bf0f7ccb-620f-4544-b652-03cd51d8645e] Routing FlowFile[2358,100418921282379.mockFlowFile,24B] to original
[main] DEBUG org.apache.nifi.processors.standard.RouteText - RouteText[id=bf0f7ccb-620f-4544-b652-03cd51d8645e] Adding new dynamic property: PropertyDescriptor[simple]
[pool-3502-thread-1] INFO org.apache.nifi.processors.standard.RouteText - RouteText[id=bf0f7ccb-620f-4544-b652-03cd51d8645e] Created FlowFile[2361,100418921776568.mockFlowFile,24B] from FlowFile[2360,100418921776568.mockFlowFile,24B]; routing to relationship simple
[pool-3502-thread-1] INFO org.apache.nifi.processors.standard.RouteText - RouteText[id=bf0f7ccb-620f-4544-b652-03cd51d8645e] Routing FlowFile[2360,100418921776568.mockFlowFile,24B] to original
[main] DEBUG org.apache.nifi.processors.standard.RouteText - RouteText[id=bf0f7ccb-620f-4544-b652-03cd51d8645e] Adding new dynamic property: PropertyDescriptor[simple]
[pool-3503-thread-1] INFO org.apache.nifi.processors.standard.RouteText - RouteText[id=bf0f7ccb-620f-4544-b652-03cd51d8645e] Created FlowFile[2363,100418922277565.mockFlowFile,24B] from FlowFile[2362,100418922277565.mockFlowFile,24B]; routing to relationship simple
[pool-3503-thread-1] INFO org.apache.nifi.processors.standard.RouteText - RouteText[id=bf0f7ccb-620f-4544-b652-03cd51d8645e] Routing FlowFile[2362,100418922277565.mockFlowFile,24B] to original
[main] DEBUG org.apache.nifi.processors.standard.RouteText - RouteText[id=bf0f7ccb-620f-4544-b652-03cd51d8645e] Adding new dynamic property: PropertyDescriptor[simple]
[pool-3504-thread-1] INFO org.apache.nifi.processors.standard.RouteText - RouteText[id=bf0f7ccb-620f-4544-b652-03cd51d8645e] Created FlowFile[2365,100418922745324.mockFlowFile,24B] from FlowFile[2364,100418922745324.mockFlowFile,24B]; routing to relationship simple
[pool-3504-thread-1] INFO org.apache.nifi.processors.standard.RouteText - RouteText[id=bf0f7ccb-620f-4544-b652-03cd51d8645e] Routing FlowFile[2364,100418922745324.mockFlowFile,24B] to original
[main] DEBUG org.apache.nifi.processors.standard.RouteText - RouteText[id=bf0f7ccb-620f-4544-b652-03cd51d8645e] Adding new dynamic property: PropertyDescriptor[simple]
[pool-3505-thread-1] INFO org.apache.nifi.processors.standard.RouteText - RouteText[id=bf0f7ccb-620f-4544-b652-03cd51d8645e] Created FlowFile[2367,100418923220832.mockFlowFile,24B] from FlowFile[2366,100418923220832.mockFlowFile,24B]; routing to relationship simple
[pool-3505-thread-1] INFO org.apache.nifi.processors.standard.RouteText - RouteText[id=bf0f7ccb-620f-4544-b652-03cd51d8645e] Routing FlowFile[2366,100418923220832.mockFlowFile,24B] to original
[main] DEBUG org.apache.nifi.processors.standard.RouteText - RouteText[id=bf0f7ccb-620f-4544-b652-03cd51d8645e] Adding new dynamic property: PropertyDescriptor[simple]
[pool-3506-thread-1] INFO org.apache.nifi.processors.standard.RouteText - RouteText[id=bf0f7ccb-620f-4544-b652-03cd51d8645e] Created FlowFile[2369,100418923713893.mockFlowFile,24B] from FlowFile[2368,100418923713893.mockFlowFile,24B]; routing to relationship simple
[pool-3506-thread-1] INFO org.apache.nifi.processors.standard.RouteText - RouteText[id=bf0f7ccb-620f-4544-b652-03cd51d8645e] Routing FlowFile[2368,100418923713893.mockFlowFile,24B] to original
[main] DEBUG org.apache.nifi.processors.standard.RouteText - RouteText[id=bf0f7ccb-620f-4544-b652-03cd51d8645e] Adding new dynamic property: PropertyDescriptor[simple]
[pool-3507-thread-1] INFO org.apache.nifi.processors.standard.RouteText - RouteText[id=bf0f7ccb-620f-4544-b652-03cd51d8645e] Created FlowFile[2371,100418924227024.mockFlowFile,24B] from FlowFile[2370,100418924227024.mockFlowFile,24B]; routing to relationship simple
[pool-3507-thread-1] INFO org.apache.nifi.processors.standard.RouteText - RouteText[id=bf0f7ccb-620f-4544-b652-03cd51d8645e] Routing FlowFile[2370,100418924227024.mockFlowFile,24B] to original
[main] DEBUG org.apache.nifi.processors.standard.RouteText - RouteText[id=bf0f7ccb-620f-4544-b652-03cd51d8645e] Adding new dynamic property: PropertyDescriptor[simple]
[pool-3508-thread-1] INFO org.apache.nifi.processors.standard.RouteText - RouteText[id=bf0f7ccb-620f-4544-b652-03cd51d8645e] Created FlowFile[2373,100418924729145.mockFlowFile,24B] from FlowFile[2372,100418924729145.mockFlowFile,24B]; routing to relationship simple
[pool-3508-thread-1] INFO org.apache.nifi.processors.standard.RouteText - RouteText[id=bf0f7ccb-620f-4544-b652-03cd51d8645e] Routing FlowFile[2372,100418924729145.mockFlowFile,24B] to original
[main] DEBUG org.apache.nifi.processors.standard.RouteText - RouteText[id=bf0f7ccb-620f-4544-b652-03cd51d8645e] Adding new dynamic property: PropertyDescriptor[simple]
[pool-3509-thread-1] INFO org.apache.nifi.processors.standard.RouteText - RouteText[id=bf0f7ccb-620f-4544-b652-03cd51d8645e] Created FlowFile[2375,100418925215000.mockFlowFile,24B] from FlowFile[2374,100418925215000.mockFlowFile,24B]; routing to relationship simple
[pool-3509-thread-1] INFO org.apache.nifi.processors.standard.RouteText - RouteText[id=bf0f7ccb-620f-4544-b652-03cd51d8645e] Routing FlowFile[2374,100418925215000.mockFlowFile,24B] to original
[main] DEBUG org.apache.nifi.processors.standard.RouteText - RouteText[id=bf0f7ccb-620f-4544-b652-03cd51d8645e] Adding new dynamic property: PropertyDescriptor[simple]
[pool-3510-thread-1] INFO org.apache.nifi.processors.standard.RouteText - RouteText[id=bf0f7ccb-620f-4544-b652-03cd51d8645e] Created FlowFile[2377,100418925713824.mockFlowFile,24B] from FlowFile[2376,100418925713824.mockFlowFile,24B]; routing to relationship simple
[pool-3510-thread-1] INFO org.apache.nifi.processors.standard.RouteText - RouteText[id=bf0f7ccb-620f-4544-b652-03cd51d8645e] Routing FlowFile[2376,100418925713824.mockFlowFile,24B] to original
[main] DEBUG org.apache.nifi.processors.standard.RouteText - RouteText[id=bf0f7ccb-620f-4544-b652-03cd51d8645e] Adding new dynamic property: PropertyDescriptor[simple]
[pool-3511-thread-1] INFO org.apache.nifi.processors.standard.RouteText - RouteText[id=bf0f7ccb-620f-4544-b652-03cd51d8645e] Created FlowFile[2379,100418926244542.mockFlowFile,24B] from FlowFile[2378,100418926244542.mockFlowFile,24B]; routing to relationship simple
[pool-3511-thread-1] INFO org.apache.nifi.processors.standard.RouteText - RouteText[id=bf0f7ccb-620f-4544-b652-03cd51d8645e] Routing FlowFile[2378,100418926244542.mockFlowFile,24B] to original
[main] DEBUG org.apache.nifi.processors.standard.RouteText - RouteText[id=bf0f7ccb-620f-4544-b652-03cd51d8645e] Adding new dynamic property: PropertyDescriptor[simple]
[pool-3512-thread-1] INFO org.apache.nifi.processors.standard.RouteText - RouteText[id=bf0f7ccb-620f-4544-b652-03cd51d8645e] Created FlowFile[2381,100418926769615.mockFlowFile,24B] from FlowFile[2380,100418926769615.mockFlowFile,24B]; routing to relationship simple
[pool-3512-thread-1] INFO org.apache.nifi.processors.standard.RouteText - RouteText[id=bf0f7ccb-620f-4544-b652-03cd51d8645e] Routing FlowFile[2380,100418926769615.mockFlowFile,24B] to original
[main] DEBUG org.apache.nifi.processors.standard.RouteText - RouteText[id=bf0f7ccb-620f-4544-b652-03cd51d8645e] Adding new dynamic property: PropertyDescriptor[simple]
[pool-3513-thread-1] INFO org.apache.nifi.processors.standard.RouteText - RouteText[id=bf0f7ccb-620f-4544-b652-03cd51d8645e] Created FlowFile[2383,100418927271495.mockFlowFile,24B] from FlowFile[2382,100418927271495.mockFlowFile,24B]; routing to relationship simple
[pool-3513-thread-1] INFO org.apache.nifi.processors.standard.RouteText - RouteText[id=bf0f7ccb-620f-4544-b652-03cd51d8645e] Routing FlowFile[2382,100418927271495.mockFlowFile,24B] to original
[main] DEBUG org.apache.nifi.processors.standard.RouteText - RouteText[id=bf0f7ccb-620f-4544-b652-03cd51d8645e] Adding new dynamic property: PropertyDescriptor[simple]
[pool-3514-thread-1] INFO org.apache.nifi.processors.standard.RouteText - RouteText[id=bf0f7ccb-620f-4544-b652-03cd51d8645e] Created FlowFile[2385,100418927766403.mockFlowFile,24B] from FlowFile[2384,100418927766403.mockFlowFile,24B]; routing to relationship simple
[pool-3514-thread-1] INFO org.apache.nifi.processors.standard.RouteText - RouteText[id=bf0f7ccb-620f-4544-b652-03cd51d8645e] Routing FlowFile[2384,100418927766403.mockFlowFile,24B] to original
[main] DEBUG org.apache.nifi.processors.standard.RouteText - RouteText[id=bf0f7ccb-620f-4544-b652-03cd51d8645e] Adding new dynamic property: PropertyDescriptor[simple]
[pool-3515-thread-1] INFO org.apache.nifi.processors.standard.RouteText - RouteText[id=bf0f7ccb-620f-4544-b652-03cd51d8645e] Created FlowFile[2387,100418928307035.mockFlowFile,24B] from FlowFile[2386,100418928307035.mockFlowFile,24B]; routing to relationship simple
[pool-3515-thread-1] INFO org.apache.nifi.processors.standard.RouteText - RouteText[id=bf0f7ccb-620f-4544-b652-03cd51d8645e] Routing FlowFile[2386,100418928307035.mockFlowFile,24B] to original
[main] DEBUG org.apache.nifi.processors.standard.RouteText - RouteText[id=bf0f7ccb-620f-4544-b652-03cd51d8645e] Adding new dynamic property: PropertyDescriptor[simple]
[pool-3516-thread-1] INFO org.apache.nifi.processors.standard.RouteText - RouteText[id=bf0f7ccb-620f-4544-b652-03cd51d8645e] Created FlowFile[2389,100418928819722.mockFlowFile,24B] from FlowFile[2388,100418928819722.mockFlowFile,24B]; routing to relationship simple
[pool-3516-thread-1] INFO org.apache.nifi.processors.standard.RouteText - RouteText[id=bf0f7ccb-620f-4544-b652-03cd51d8645e] Routing FlowFile[2388,100418928819722.mockFlowFile,24B] to original
[main] DEBUG org.apache.nifi.processors.standard.RouteText - RouteText[id=bf0f7ccb-620f-4544-b652-03cd51d8645e] Adding new dynamic property: PropertyDescriptor[simple]
[pool-3517-thread-1] INFO org.apache.nifi.processors.standard.RouteText - RouteText[id=bf0f7ccb-620f-4544-b652-03cd51d8645e] Created FlowFile[2391,100418929281063.mockFlowFile,24B] from FlowFile[2390,100418929281063.mockFlowFile,24B]; routing to relationship simple
[pool-3517-thread-1] INFO org.apache.nifi.processors.standard.RouteText - RouteText[id=bf0f7ccb-620f-4544-b652-03cd51d8645e] Routing FlowFile[2390,100418929281063.mockFlowFile,24B] to original
[main] DEBUG org.apache.nifi.processors.standard.RouteText - RouteText[id=bf0f7ccb-620f-4544-b652-03cd51d8645e] Adding new dynamic property: PropertyDescriptor[simple]
[pool-3518-thread-1] INFO org.apache.nifi.processors.standard.RouteText - RouteText[id=bf0f7ccb-620f-4544-b652-03cd51d8645e] Created FlowFile[2393,100418929741412.mockFlowFile,24B] from FlowFile[2392,100418929741412.mockFlowFile,24B]; routing to relationship simple
[pool-3518-thread-1] INFO org.apache.nifi.processors.standard.RouteText - RouteText[id=bf0f7ccb-620f-4544-b652-03cd51d8645e] Routing FlowFile[2392,100418929741412.mockFlowFile,24B] to original
[main] DEBUG org.apache.nifi.processors.standard.RouteText - RouteText[id=bf0f7ccb-620f-4544-b652-03cd51d8645e] Adding new dynamic property: PropertyDescriptor[simple]
[pool-3519-thread-1] INFO org.apache.nifi.processors.standard.RouteText - RouteText[id=bf0f7ccb-620f-4544-b652-03cd51d8645e] Created FlowFile[2395,100418930204249.mockFlowFile,24B] from FlowFile[2394,100418930204249.mockFlowFile,24B]; routing to relationship simple
[pool-3519-thread-1] INFO org.apache.nifi.processors.standard.RouteText - RouteText[id=bf0f7ccb-620f-4544-b652-03cd51d8645e] Routing FlowFile[2394,100418930204249.mockFlowFile,24B] to original
[main] DEBUG org.apache.nifi.processors.standard.RouteText - RouteText[id=bf0f7ccb-620f-4544-b652-03cd51d8645e] Adding new dynamic property: PropertyDescriptor[simple]
[pool-3520-thread-1] INFO org.apache.nifi.processors.standard.RouteText - RouteText[id=bf0f7ccb-620f-4544-b652-03cd51d8645e] Created FlowFile[2397,100418930673244.mockFlowFile,24B] from FlowFile[2396,100418930673244.mockFlowFile,24B]; routing to relationship simple
[pool-3520-thread-1] INFO org.apache.nifi.processors.standard.RouteText - RouteText[id=bf0f7ccb-620f-4544-b652-03cd51d8645e] Routing FlowFile[2396,100418930673244.mockFlowFile,24B] to original
[main] DEBUG org.apache.nifi.processors.standard.RouteText - RouteText[id=bf0f7ccb-620f-4544-b652-03cd51d8645e] Adding new dynamic property: PropertyDescriptor[simple]
[pool-3521-thread-1] INFO org.apache.nifi.processors.standard.RouteText - RouteText[id=bf0f7ccb-620f-4544-b652-03cd51d8645e] Created FlowFile[2399,100418931136884.mockFlowFile,24B] from FlowFile[2398,100418931136884.mockFlowFile,24B]; routing to relationship simple
[pool-3521-thread-1] INFO org.apache.nifi.processors.standard.RouteText - RouteText[id=bf0f7ccb-620f-4544-b652-03cd51d8645e] Routing FlowFile[2398,100418931136884.mockFlowFile,24B] to original
[main] DEBUG org.apache.nifi.processors.standard.RouteText - RouteText[id=bf0f7ccb-620f-4544-b652-03cd51d8645e] Adding new dynamic property: PropertyDescriptor[simple]
[pool-3522-thread-1] INFO org.apache.nifi.processors.standard.RouteText - RouteText[id=bf0f7ccb-620f-4544-b652-03cd51d8645e] Created FlowFile[2401,100418931603349.mockFlowFile,24B] from FlowFile[2400,100418931603349.mockFlowFile,24B]; routing to relationship simple
[pool-3522-thread-1] INFO org.apache.nifi.processors.standard.RouteText - RouteText[id=bf0f7ccb-620f-4544-b652-03cd51d8645e] Routing FlowFile[2400,100418931603349.mockFlowFile,24B] to original
[main] DEBUG org.apache.nifi.processors.standard.RouteText - RouteText[id=bf0f7ccb-620f-4544-b652-03cd51d8645e] Adding new dynamic property: PropertyDescriptor[simple]
[pool-3523-thread-1] INFO org.apache.nifi.processors.standard.RouteText - RouteText[id=bf0f7ccb-620f-4544-b652-03cd51d8645e] Created FlowFile[2403,100418932071086.mockFlowFile,24B] from FlowFile[2402,100418932071086.mockFlowFile,24B]; routing to relationship simple
[pool-3523-thread-1] INFO org.apache.nifi.processors.standard.RouteText - RouteText[id=bf0f7ccb-620f-4544-b652-03cd51d8645e] Routing FlowFile[2402,100418932071086.mockFlowFile,24B] to original
[main] DEBUG org.apache.nifi.processors.standard.RouteText - RouteText[id=bf0f7ccb-620f-4544-b652-03cd51d8645e] Adding new dynamic property: PropertyDescriptor[simple]
[pool-3524-thread-1] INFO org.apache.nifi.processors.standard.RouteText - RouteText[id=bf0f7ccb-620f-4544-b652-03cd51d8645e] Created FlowFile[2405,100418932529073.mockFlowFile,24B] from FlowFile[2404,100418932529073.mockFlowFile,24B]; routing to relationship simple
[pool-3524-thread-1] INFO org.apache.nifi.processors.standard.RouteText - RouteText[id=bf0f7ccb-620f-4544-b652-03cd51d8645e] Routing FlowFile[2404,100418932529073.mockFlowFile,24B] to original
[main] DEBUG org.apache.nifi.processors.standard.RouteText - RouteText[id=bf0f7ccb-620f-4544-b652-03cd51d8645e] Adding new dynamic property: PropertyDescriptor[simple]
[pool-3525-thread-1] INFO org.apache.nifi.processors.standard.RouteText - RouteText[id=bf0f7ccb-620f-4544-b652-03cd51d8645e] Created FlowFile[2407,100418933025794.mockFlowFile,24B] from FlowFile[2406,100418933025794.mockFlowFile,24B]; routing to relationship simple
[pool-3525-thread-1] INFO org.apache.nifi.processors.standard.RouteText - RouteText[id=bf0f7ccb-620f-4544-b652-03cd51d8645e] Routing FlowFile[2406,100418933025794.mockFlowFile,24B] to original
[main] DEBUG org.apache.nifi.processors.standard.RouteText - RouteText[id=bf0f7ccb-620f-4544-b652-03cd51d8645e] Adding new dynamic property: PropertyDescriptor[simple]
[pool-3526-thread-1] INFO org.apache.nifi.processors.standard.RouteText - RouteText[id=bf0f7ccb-620f-4544-b652-03cd51d8645e] Created FlowFile[2409,100418933527873.mockFlowFile,24B] from FlowFile[2408,100418933527873.mockFlowFile,24B]; routing to relationship simple
[pool-3526-thread-1] INFO org.apache.nifi.processors.standard.RouteText - RouteText[id=bf0f7ccb-620f-4544-b652-03cd51d8645e] Routing FlowFile[2408,100418933527873.mockFlowFile,24B] to original
[main] DEBUG org.apache.nifi.processors.standard.RouteText - RouteText[id=bf0f7ccb-620f-4544-b652-03cd51d8645e] Adding new dynamic property: PropertyDescriptor[simple]
[pool-3527-thread-1] INFO org.apache.nifi.processors.standard.RouteText - RouteText[id=bf0f7ccb-620f-4544-b652-03cd51d8645e] Created FlowFile[2411,100418934049879.mockFlowFile,24B] from FlowFile[2410,100418934049879.mockFlowFile,24B]; routing to relationship simple
[pool-3527-thread-1] INFO org.apache.nifi.processors.standard.RouteText - RouteText[id=bf0f7ccb-620f-4544-b652-03cd51d8645e] Routing FlowFile[2410,100418934049879.mockFlowFile,24B] to original
[main] DEBUG org.apache.nifi.processors.standard.RouteText - RouteText[id=bf0f7ccb-620f-4544-b652-03cd51d8645e] Adding new dynamic property: PropertyDescriptor[simple]
[pool-3528-thread-1] INFO org.apache.nifi.processors.standard.RouteText - RouteText[id=bf0f7ccb-620f-4544-b652-03cd51d8645e] Created FlowFile[2413,100418934528556.mockFlowFile,24B] from FlowFile[2412,100418934528556.mockFlowFile,24B]; routing to relationship simple
[pool-3528-thread-1] INFO org.apache.nifi.processors.standard.RouteText - RouteText[id=bf0f7ccb-620f-4544-b652-03cd51d8645e] Routing FlowFile[2412,100418934528556.mockFlowFile,24B] to original
[main] DEBUG org.apache.nifi.processors.standard.RouteText - RouteText[id=bf0f7ccb-620f-4544-b652-03cd51d8645e] Adding new dynamic property: PropertyDescriptor[simple]
[pool-3529-thread-1] INFO org.apache.nifi.processors.standard.RouteText - RouteText[id=bf0f7ccb-620f-4544-b652-03cd51d8645e] Created FlowFile[2415,100418935115213.mockFlowFile,24B] from FlowFile[2414,100418935115213.mockFlowFile,24B]; routing to relationship simple
[pool-3529-thread-1] INFO org.apache.nifi.processors.standard.RouteText - RouteText[id=bf0f7ccb-620f-4544-b652-03cd51d8645e] Routing FlowFile[2414,100418935115213.mockFlowFile,24B] to original
[main] DEBUG org.apache.nifi.processors.standard.RouteText - RouteText[id=bf0f7ccb-620f-4544-b652-03cd51d8645e] Adding new dynamic property: PropertyDescriptor[simple]
[pool-3530-thread-1] INFO org.apache.nifi.processors.standard.RouteText - RouteText[id=bf0f7ccb-620f-4544-b652-03cd51d8645e] Created FlowFile[2417,100418935755798.mockFlowFile,24B] from FlowFile[2416,100418935755798.mockFlowFile,24B]; routing to relationship simple
[pool-3530-thread-1] INFO org.apache.nifi.processors.standard.RouteText - RouteText[id=bf0f7ccb-620f-4544-b652-03cd51d8645e] Routing FlowFile[2416,100418935755798.mockFlowFile,24B] to original
[main] DEBUG org.apache.nifi.processors.standard.RouteText - RouteText[id=bf0f7ccb-620f-4544-b652-03cd51d8645e] Adding new dynamic property: PropertyDescriptor[simple]
[pool-3531-thread-1] INFO org.apache.nifi.processors.standard.RouteText - RouteText[id=bf0f7ccb-620f-4544-b652-03cd51d8645e] Created FlowFile[2419,100418936394133.mockFlowFile,24B] from FlowFile[2418,100418936394133.mockFlowFile,24B]; routing to relationship simple
[pool-3531-thread-1] INFO org.apache.nifi.processors.standard.RouteText - RouteText[id=bf0f7ccb-620f-4544-b652-03cd51d8645e] Routing FlowFile[2418,100418936394133.mockFlowFile,24B] to original
[main] DEBUG org.apache.nifi.processors.standard.RouteText - RouteText[id=bf0f7ccb-620f-4544-b652-03cd51d8645e] Adding new dynamic property: PropertyDescriptor[simple]
[pool-3532-thread-1] INFO org.apache.nifi.processors.standard.RouteText - RouteText[id=bf0f7ccb-620f-4544-b652-03cd51d8645e] Created FlowFile[2421,100418936954345.mockFlowFile,24B] from FlowFile[2420,100418936954345.mockFlowFile,24B]; routing to relationship simple
[pool-3532-thread-1] INFO org.apache.nifi.processors.standard.RouteText - RouteText[id=bf0f7ccb-620f-4544-b652-03cd51d8645e] Routing FlowFile[2420,100418936954345.mockFlowFile,24B] to original
[main] DEBUG org.apache.nifi.processors.standard.RouteText - RouteText[id=bf0f7ccb-620f-4544-b652-03cd51d8645e] Adding new dynamic property: PropertyDescriptor[simple]
[pool-3533-thread-1] INFO org.apache.nifi.processors.standard.RouteText - RouteText[id=bf0f7ccb-620f-4544-b652-03cd51d8645e] Created FlowFile[2423,100418937410890.mockFlowFile,24B] from FlowFile[2422,100418937410890.mockFlowFile,24B]; routing to relationship simple
[pool-3533-thread-1] INFO org.apache.nifi.processors.standard.RouteText - RouteText[id=bf0f7ccb-620f-4544-b652-03cd51d8645e] Routing FlowFile[2422,100418937410890.mockFlowFile,24B] to original
[main] DEBUG org.apache.nifi.processors.standard.RouteText - RouteText[id=bf0f7ccb-620f-4544-b652-03cd51d8645e] Adding new dynamic property: PropertyDescriptor[simple]
[pool-3534-thread-1] INFO org.apache.nifi.processors.standard.RouteText - RouteText[id=bf0f7ccb-620f-4544-b652-03cd51d8645e] Created FlowFile[2425,100418937848393.mockFlowFile,24B] from FlowFile[2424,100418937848393.mockFlowFile,24B]; routing to relationship simple
[pool-3534-thread-1] INFO org.apache.nifi.processors.standard.RouteText - RouteText[id=bf0f7ccb-620f-4544-b652-03cd51d8645e] Routing FlowFile[2424,100418937848393.mockFlowFile,24B] to original
[main] DEBUG org.apache.nifi.processors.standard.RouteText - RouteText[id=bf0f7ccb-620f-4544-b652-03cd51d8645e] Adding new dynamic property: PropertyDescriptor[simple]
[pool-3535-thread-1] INFO org.apache.nifi.processors.standard.RouteText - RouteText[id=bf0f7ccb-620f-4544-b652-03cd51d8645e] Created FlowFile[2427,100418938267994.mockFlowFile,24B] from FlowFile[2426,100418938267994.mockFlowFile,24B]; routing to relationship simple
[pool-3535-thread-1] INFO org.apache.nifi.processors.standard.RouteText - RouteText[id=bf0f7ccb-620f-4544-b652-03cd51d8645e] Routing FlowFile[2426,100418938267994.mockFlowFile,24B] to original
[main] DEBUG org.apache.nifi.processors.standard.RouteText - RouteText[id=bf0f7ccb-620f-4544-b652-03cd51d8645e] Adding new dynamic property: PropertyDescriptor[simple]
[pool-3536-thread-1] INFO org.apache.nifi.processors.standard.RouteText - RouteText[id=bf0f7ccb-620f-4544-b652-03cd51d8645e] Created FlowFile[2429,100418938679224.mockFlowFile,24B] from FlowFile[2428,100418938679224.mockFlowFile,24B]; routing to relationship simple
[pool-3536-thread-1] INFO org.apache.nifi.processors.standard.RouteText - RouteText[id=bf0f7ccb-620f-4544-b652-03cd51d8645e] Routing FlowFile[2428,100418938679224.mockFlowFile,24B] to original
[main] DEBUG org.apache.nifi.processors.standard.RouteText - RouteText[id=bf0f7ccb-620f-4544-b652-03cd51d8645e] Adding new dynamic property: PropertyDescriptor[simple]
[pool-3537-thread-1] INFO org.apache.nifi.processors.standard.RouteText - RouteText[id=bf0f7ccb-620f-4544-b652-03cd51d8645e] Created FlowFile[2431,100418939073001.mockFlowFile,24B] from FlowFile[2430,100418939073001.mockFlowFile,24B]; routing to relationship simple
[pool-3537-thread-1] INFO org.apache.nifi.processors.standard.RouteText - RouteText[id=bf0f7ccb-620f-4544-b652-03cd51d8645e] Routing FlowFile[2430,100418939073001.mockFlowFile,24B] to original
[main] DEBUG org.apache.nifi.processors.standard.RouteText - RouteText[id=bf0f7ccb-620f-4544-b652-03cd51d8645e] Adding new dynamic property: PropertyDescriptor[simple]
[pool-3538-thread-1] INFO org.apache.nifi.processors.standard.RouteText - RouteText[id=bf0f7ccb-620f-4544-b652-03cd51d8645e] Created FlowFile[2433,100418939597053.mockFlowFile,24B] from FlowFile[2432,100418939597053.mockFlowFile,24B]; routing to relationship simple
[pool-3538-thread-1] INFO org.apache.nifi.processors.standard.RouteText - RouteText[id=bf0f7ccb-620f-4544-b652-03cd51d8645e] Routing FlowFile[2432,100418939597053.mockFlowFile,24B] to original
[main] DEBUG org.apache.nifi.processors.standard.RouteText - RouteText[id=bf0f7ccb-620f-4544-b652-03cd51d8645e] Adding new dynamic property: PropertyDescriptor[simple]
[pool-3539-thread-1] INFO org.apache.nifi.processors.standard.RouteText - RouteText[id=bf0f7ccb-620f-4544-b652-03cd51d8645e] Created FlowFile[2435,100418940039619.mockFlowFile,24B] from FlowFile[2434,100418940039619.mockFlowFile,24B]; routing to relationship simple
[pool-3539-thread-1] INFO org.apache.nifi.processors.standard.RouteText - RouteText[id=bf0f7ccb-620f-4544-b652-03cd51d8645e] Routing FlowFile[2434,100418940039619.mockFlowFile,24B] to original
[main] DEBUG org.apache.nifi.processors.standard.RouteText - RouteText[id=bf0f7ccb-620f-4544-b652-03cd51d8645e] Adding new dynamic property: PropertyDescriptor[simple]
[pool-3540-thread-1] INFO org.apache.nifi.processors.standard.RouteText - RouteText[id=bf0f7ccb-620f-4544-b652-03cd51d8645e] Created FlowFile[2437,100418940573738.mockFlowFile,24B] from FlowFile[2436,100418940573738.mockFlowFile,24B]; routing to relationship simple
[pool-3540-thread-1] INFO org.apache.nifi.processors.standard.RouteText - RouteText[id=bf0f7ccb-620f-4544-b652-03cd51d8645e] Routing FlowFile[2436,100418940573738.mockFlowFile,24B] to original
[main] DEBUG org.apache.nifi.processors.standard.RouteText - RouteText[id=bf0f7ccb-620f-4544-b652-03cd51d8645e] Adding new dynamic property: PropertyDescriptor[simple]
[pool-3541-thread-1] INFO org.apache.nifi.processors.standard.RouteText - RouteText[id=bf0f7ccb-620f-4544-b652-03cd51d8645e] Created FlowFile[2439,100418941081672.mockFlowFile,24B] from FlowFile[2438,100418941081672.mockFlowFile,24B]; routing to relationship simple
[pool-3541-thread-1] INFO org.apache.nifi.processors.standard.RouteText - RouteText[id=bf0f7ccb-620f-4544-b652-03cd51d8645e] Routing FlowFile[2438,100418941081672.mockFlowFile,24B] to original
[main] DEBUG org.apache.nifi.processors.standard.RouteText - RouteText[id=bf0f7ccb-620f-4544-b652-03cd51d8645e] Adding new dynamic property: PropertyDescriptor[simple]
[pool-3542-thread-1] INFO org.apache.nifi.processors.standard.RouteText - RouteText[id=bf0f7ccb-620f-4544-b652-03cd51d8645e] Created FlowFile[2441,100418941476850.mockFlowFile,24B] from FlowFile[2440,100418941476850.mockFlowFile,24B]; routing to relationship simple
[pool-3542-thread-1] INFO org.apache.nifi.processors.standard.RouteText - RouteText[id=bf0f7ccb-620f-4544-b652-03cd51d8645e] Routing FlowFile[2440,100418941476850.mockFlowFile,24B] to original
[main] DEBUG org.apache.nifi.processors.standard.RouteText - RouteText[id=bf0f7ccb-620f-4544-b652-03cd51d8645e] Adding new dynamic property: PropertyDescriptor[simple]
[pool-3543-thread-1] INFO org.apache.nifi.processors.standard.RouteText - RouteText[id=bf0f7ccb-620f-4544-b652-03cd51d8645e] Created FlowFile[2443,100418941881127.mockFlowFile,24B] from FlowFile[2442,100418941881127.mockFlowFile,24B]; routing to relationship simple
[pool-3543-thread-1] INFO org.apache.nifi.processors.standard.RouteText - RouteText[id=bf0f7ccb-620f-4544-b652-03cd51d8645e] Routing FlowFile[2442,100418941881127.mockFlowFile,24B] to original
[main] DEBUG org.apache.nifi.processors.standard.RouteText - RouteText[id=bf0f7ccb-620f-4544-b652-03cd51d8645e] Adding new dynamic property: PropertyDescriptor[simple]
[pool-3544-thread-1] INFO org.apache.nifi.processors.standard.RouteText - RouteText[id=bf0f7ccb-620f-4544-b652-03cd51d8645e] Created FlowFile[2445,100418942271823.mockFlowFile,24B] from FlowFile[2444,100418942271823.mockFlowFile,24B]; routing to relationship simple
[pool-3544-thread-1] INFO org.apache.nifi.processors.standard.RouteText - RouteText[id=bf0f7ccb-620f-4544-b652-03cd51d8645e] Routing FlowFile[2444,100418942271823.mockFlowFile,24B] to original
[main] DEBUG org.apache.nifi.processors.standard.RouteText - RouteText[id=bf0f7ccb-620f-4544-b652-03cd51d8645e] Adding new dynamic property: PropertyDescriptor[simple]
[pool-3545-thread-1] INFO org.apache.nifi.processors.standard.RouteText - RouteText[id=bf0f7ccb-620f-4544-b652-03cd51d8645e] Created FlowFile[2447,100418942653892.mockFlowFile,24B] from FlowFile[2446,100418942653892.mockFlowFile,24B]; routing to relationship simple
[pool-3545-thread-1] INFO org.apache.nifi.processors.standard.RouteText - RouteText[id=bf0f7ccb-620f-4544-b652-03cd51d8645e] Routing FlowFile[2446,100418942653892.mockFlowFile,24B] to original
[main] DEBUG org.apache.nifi.processors.standard.RouteText - RouteText[id=bf0f7ccb-620f-4544-b652-03cd51d8645e] Adding new dynamic property: PropertyDescriptor[simple]
[pool-3546-thread-1] INFO org.apache.nifi.processors.standard.RouteText - RouteText[id=bf0f7ccb-620f-4544-b652-03cd51d8645e] Created FlowFile[2449,100418943102104.mockFlowFile,24B] from FlowFile[2448,100418943102104.mockFlowFile,24B]; routing to relationship simple
[pool-3546-thread-1] INFO org.apache.nifi.processors.standard.RouteText - RouteText[id=bf0f7ccb-620f-4544-b652-03cd51d8645e] Routing FlowFile[2448,100418943102104.mockFlowFile,24B] to original
[main] DEBUG org.apache.nifi.processors.standard.RouteText - RouteText[id=bf0f7ccb-620f-4544-b652-03cd51d8645e] Adding new dynamic property: PropertyDescriptor[simple]
[pool-3547-thread-1] INFO org.apache.nifi.processors.standard.RouteText - RouteText[id=bf0f7ccb-620f-4544-b652-03cd51d8645e] Created FlowFile[2451,100418943624605.mockFlowFile,24B] from FlowFile[2450,100418943624605.mockFlowFile,24B]; routing to relationship simple
[pool-3547-thread-1] INFO org.apache.nifi.processors.standard.RouteText - RouteText[id=bf0f7ccb-620f-4544-b652-03cd51d8645e] Routing FlowFile[2450,100418943624605.mockFlowFile,24B] to original
[main] DEBUG org.apache.nifi.processors.standard.RouteText - RouteText[id=bf0f7ccb-620f-4544-b652-03cd51d8645e] Adding new dynamic property: PropertyDescriptor[simple]
[pool-3548-thread-1] INFO org.apache.nifi.processors.standard.RouteText - RouteText[id=bf0f7ccb-620f-4544-b652-03cd51d8645e] Created FlowFile[2453,100418944062827.mockFlowFile,24B] from FlowFile[2452,100418944062827.mockFlowFile,24B]; routing to relationship simple
[pool-3548-thread-1] INFO org.apache.nifi.processors.standard.RouteText - RouteText[id=bf0f7ccb-620f-4544-b652-03cd51d8645e] Routing FlowFile[2452,100418944062827.mockFlowFile,24B] to original
[main] DEBUG org.apache.nifi.processors.standard.RouteText - RouteText[id=bf0f7ccb-620f-4544-b652-03cd51d8645e] Adding new dynamic property: PropertyDescriptor[simple]
[pool-3549-thread-1] INFO org.apache.nifi.processors.standard.RouteText - RouteText[id=bf0f7ccb-620f-4544-b652-03cd51d8645e] Created FlowFile[2455,100418944555491.mockFlowFile,24B] from FlowFile[2454,100418944555491.mockFlowFile,24B]; routing to relationship simple
[pool-3549-thread-1] INFO org.apache.nifi.processors.standard.RouteText - RouteText[id=bf0f7ccb-620f-4544-b652-03cd51d8645e] Routing FlowFile[2454,100418944555491.mockFlowFile,24B] to original
[main] DEBUG org.apache.nifi.processors.standard.RouteText - RouteText[id=bf0f7ccb-620f-4544-b652-03cd51d8645e] Adding new dynamic property: PropertyDescriptor[simple]
[pool-3550-thread-1] INFO org.apache.nifi.processors.standard.RouteText - RouteText[id=bf0f7ccb-620f-4544-b652-03cd51d8645e] Created FlowFile[2457,100418945017744.mockFlowFile,24B] from FlowFile[2456,100418945017744.mockFlowFile,24B]; routing to relationship simple
[pool-3550-thread-1] INFO org.apache.nifi.processors.standard.RouteText - RouteText[id=bf0f7ccb-620f-4544-b652-03cd51d8645e] Routing FlowFile[2456,100418945017744.mockFlowFile,24B] to original
[main] DEBUG org.apache.nifi.processors.standard.RouteText - RouteText[id=bf0f7ccb-620f-4544-b652-03cd51d8645e] Adding new dynamic property: PropertyDescriptor[simple]
[pool-3551-thread-1] INFO org.apache.nifi.processors.standard.RouteText - RouteText[id=bf0f7ccb-620f-4544-b652-03cd51d8645e] Created FlowFile[2459,100418945479427.mockFlowFile,24B] from FlowFile[2458,100418945479427.mockFlowFile,24B]; routing to relationship simple
[pool-3551-thread-1] INFO org.apache.nifi.processors.standard.RouteText - RouteText[id=bf0f7ccb-620f-4544-b652-03cd51d8645e] Routing FlowFile[2458,100418945479427.mockFlowFile,24B] to original
[main] DEBUG org.apache.nifi.processors.standard.RouteText - RouteText[id=bf0f7ccb-620f-4544-b652-03cd51d8645e] Adding new dynamic property: PropertyDescriptor[simple]
[pool-3552-thread-1] INFO org.apache.nifi.processors.standard.RouteText - RouteText[id=bf0f7ccb-620f-4544-b652-03cd51d8645e] Created FlowFile[2461,100418945951095.mockFlowFile,24B] from FlowFile[2460,100418945951095.mockFlowFile,24B]; routing to relationship simple
[pool-3552-thread-1] INFO org.apache.nifi.processors.standard.RouteText - RouteText[id=bf0f7ccb-620f-4544-b652-03cd51d8645e] Routing FlowFile[2460,100418945951095.mockFlowFile,24B] to original
[main] DEBUG org.apache.nifi.processors.standard.RouteText - RouteText[id=bf0f7ccb-620f-4544-b652-03cd51d8645e] Adding new dynamic property: PropertyDescriptor[simple]
[pool-3553-thread-1] INFO org.apache.nifi.processors.standard.RouteText - RouteText[id=bf0f7ccb-620f-4544-b652-03cd51d8645e] Created FlowFile[2463,100418946436479.mockFlowFile,24B] from FlowFile[2462,100418946436479.mockFlowFile,24B]; routing to relationship simple
[pool-3553-thread-1] INFO org.apache.nifi.processors.standard.RouteText - RouteText[id=bf0f7ccb-620f-4544-b652-03cd51d8645e] Routing FlowFile[2462,100418946436479.mockFlowFile,24B] to original
[main] DEBUG org.apache.nifi.processors.standard.RouteText - RouteText[id=bf0f7ccb-620f-4544-b652-03cd51d8645e] Adding new dynamic property: PropertyDescriptor[simple]
[pool-3554-thread-1] INFO org.apache.nifi.processors.standard.RouteText - RouteText[id=bf0f7ccb-620f-4544-b652-03cd51d8645e] Created FlowFile[2465,100418946918787.mockFlowFile,24B] from FlowFile[2464,100418946918787.mockFlowFile,24B]; routing to relationship simple
[pool-3554-thread-1] INFO org.apache.nifi.processors.standard.RouteText - RouteText[id=bf0f7ccb-620f-4544-b652-03cd51d8645e] Routing FlowFile[2464,100418946918787.mockFlowFile,24B] to original
[main] DEBUG org.apache.nifi.processors.standard.RouteText - RouteText[id=bf0f7ccb-620f-4544-b652-03cd51d8645e] Adding new dynamic property: PropertyDescriptor[simple]
[pool-3555-thread-1] INFO org.apache.nifi.processors.standard.RouteText - RouteText[id=bf0f7ccb-620f-4544-b652-03cd51d8645e] Created FlowFile[2467,100418947410894.mockFlowFile,24B] from FlowFile[2466,100418947410894.mockFlowFile,24B]; routing to relationship simple
[pool-3555-thread-1] INFO org.apache.nifi.processors.standard.RouteText - RouteText[id=bf0f7ccb-620f-4544-b652-03cd51d8645e] Routing FlowFile[2466,100418947410894.mockFlowFile,24B] to original
[main] DEBUG org.apache.nifi.processors.standard.RouteText - RouteText[id=bf0f7ccb-620f-4544-b652-03cd51d8645e] Adding new dynamic property: PropertyDescriptor[simple]
[pool-3556-thread-1] INFO org.apache.nifi.processors.standard.RouteText - RouteText[id=bf0f7ccb-620f-4544-b652-03cd51d8645e] Created FlowFile[2469,100418947911696.mockFlowFile,24B] from FlowFile[2468,100418947911696.mockFlowFile,24B]; routing to relationship simple
[pool-3556-thread-1] INFO org.apache.nifi.processors.standard.RouteText - RouteText[id=bf0f7ccb-620f-4544-b652-03cd51d8645e] Routing FlowFile[2468,100418947911696.mockFlowFile,24B] to original
[main] DEBUG org.apache.nifi.processors.standard.RouteText - RouteText[id=bf0f7ccb-620f-4544-b652-03cd51d8645e] Adding new dynamic property: PropertyDescriptor[simple]
[pool-3557-thread-1] INFO org.apache.nifi.processors.standard.RouteText - RouteText[id=bf0f7ccb-620f-4544-b652-03cd51d8645e] Created FlowFile[2471,100418948447099.mockFlowFile,24B] from FlowFile[2470,100418948447099.mockFlowFile,24B]; routing to relationship simple
[pool-3557-thread-1] INFO org.apache.nifi.processors.standard.RouteText - RouteText[id=bf0f7ccb-620f-4544-b652-03cd51d8645e] Routing FlowFile[2470,100418948447099.mockFlowFile,24B] to original
[main] DEBUG org.apache.nifi.processors.standard.RouteText - RouteText[id=bf0f7ccb-620f-4544-b652-03cd51d8645e] Adding new dynamic property: PropertyDescriptor[simple]
[pool-3558-thread-1] INFO org.apache.nifi.processors.standard.RouteText - RouteText[id=bf0f7ccb-620f-4544-b652-03cd51d8645e] Created FlowFile[2473,100418948954554.mockFlowFile,24B] from FlowFile[2472,100418948954554.mockFlowFile,24B]; routing to relationship simple
[pool-3558-thread-1] INFO org.apache.nifi.processors.standard.RouteText - RouteText[id=bf0f7ccb-620f-4544-b652-03cd51d8645e] Routing FlowFile[2472,100418948954554.mockFlowFile,24B] to original
[main] DEBUG org.apache.nifi.processors.standard.RouteText - RouteText[id=bf0f7ccb-620f-4544-b652-03cd51d8645e] Adding new dynamic property: PropertyDescriptor[simple]
[pool-3559-thread-1] INFO org.apache.nifi.processors.standard.RouteText - RouteText[id=bf0f7ccb-620f-4544-b652-03cd51d8645e] Created FlowFile[2475,100418949475274.mockFlowFile,24B] from FlowFile[2474,100418949475274.mockFlowFile,24B]; routing to relationship simple
[pool-3559-thread-1] INFO org.apache.nifi.processors.standard.RouteText - RouteText[id=bf0f7ccb-620f-4544-b652-03cd51d8645e] Routing FlowFile[2474,100418949475274.mockFlowFile,24B] to original
[main] DEBUG org.apache.nifi.processors.standard.RouteText - RouteText[id=bf0f7ccb-620f-4544-b652-03cd51d8645e] Adding new dynamic property: PropertyDescriptor[simple]
[pool-3560-thread-1] INFO org.apache.nifi.processors.standard.RouteText - RouteText[id=bf0f7ccb-620f-4544-b652-03cd51d8645e] Created FlowFile[2477,100418950008007.mockFlowFile,24B] from FlowFile[2476,100418950008007.mockFlowFile,24B]; routing to relationship simple
[pool-3560-thread-1] INFO org.apache.nifi.processors.standard.RouteText - RouteText[id=bf0f7ccb-620f-4544-b652-03cd51d8645e] Routing FlowFile[2476,100418950008007.mockFlowFile,24B] to original
[main] DEBUG org.apache.nifi.processors.standard.RouteText - RouteText[id=bf0f7ccb-620f-4544-b652-03cd51d8645e] Adding new dynamic property: PropertyDescriptor[simple]
[pool-3561-thread-1] INFO org.apache.nifi.processors.standard.RouteText - RouteText[id=bf0f7ccb-620f-4544-b652-03cd51d8645e] Created FlowFile[2479,100418950531759.mockFlowFile,24B] from FlowFile[2478,100418950531759.mockFlowFile,24B]; routing to relationship simple
[pool-3561-thread-1] INFO org.apache.nifi.processors.standard.RouteText - RouteText[id=bf0f7ccb-620f-4544-b652-03cd51d8645e] Routing FlowFile[2478,100418950531759.mockFlowFile,24B] to original
[main] DEBUG org.apache.nifi.processors.standard.RouteText - RouteText[id=bf0f7ccb-620f-4544-b652-03cd51d8645e] Adding new dynamic property: PropertyDescriptor[simple]
[pool-3562-thread-1] INFO org.apache.nifi.processors.standard.RouteText - RouteText[id=bf0f7ccb-620f-4544-b652-03cd51d8645e] Created FlowFile[2481,100418951032195.mockFlowFile,24B] from FlowFile[2480,100418951032195.mockFlowFile,24B]; routing to relationship simple
[pool-3562-thread-1] INFO org.apache.nifi.processors.standard.RouteText - RouteText[id=bf0f7ccb-620f-4544-b652-03cd51d8645e] Routing FlowFile[2480,100418951032195.mockFlowFile,24B] to original
[main] DEBUG org.apache.nifi.processors.standard.RouteText - RouteText[id=bf0f7ccb-620f-4544-b652-03cd51d8645e] Adding new dynamic property: PropertyDescriptor[simple]
[pool-3563-thread-1] INFO org.apache.nifi.processors.standard.RouteText - RouteText[id=bf0f7ccb-620f-4544-b652-03cd51d8645e] Created FlowFile[2483,100418951492710.mockFlowFile,24B] from FlowFile[2482,100418951492710.mockFlowFile,24B]; routing to relationship simple
[pool-3563-thread-1] INFO org.apache.nifi.processors.standard.RouteText - RouteText[id=bf0f7ccb-620f-4544-b652-03cd51d8645e] Routing FlowFile[2482,100418951492710.mockFlowFile,24B] to original
[main] DEBUG org.apache.nifi.processors.standard.RouteText - RouteText[id=bf0f7ccb-620f-4544-b652-03cd51d8645e] Adding new dynamic property: PropertyDescriptor[simple]
[pool-3564-thread-1] INFO org.apache.nifi.processors.standard.RouteText - RouteText[id=bf0f7ccb-620f-4544-b652-03cd51d8645e] Created FlowFile[2485,100418951974157.mockFlowFile,24B] from FlowFile[2484,100418951974157.mockFlowFile,24B]; routing to relationship simple
[pool-3564-thread-1] INFO org.apache.nifi.processors.standard.RouteText - RouteText[id=bf0f7ccb-620f-4544-b652-03cd51d8645e] Routing FlowFile[2484,100418951974157.mockFlowFile,24B] to original
[main] DEBUG org.apache.nifi.processors.standard.RouteText - RouteText[id=bf0f7ccb-620f-4544-b652-03cd51d8645e] Adding new dynamic property: PropertyDescriptor[simple]
[pool-3565-thread-1] INFO org.apache.nifi.processors.standard.RouteText - RouteText[id=bf0f7ccb-620f-4544-b652-03cd51d8645e] Created FlowFile[2487,100418952536472.mockFlowFile,24B] from FlowFile[2486,100418952536472.mockFlowFile,24B]; routing to relationship simple
[pool-3565-thread-1] INFO org.apache.nifi.processors.standard.RouteText - RouteText[id=bf0f7ccb-620f-4544-b652-03cd51d8645e] Routing FlowFile[2486,100418952536472.mockFlowFile,24B] to original
[main] DEBUG org.apache.nifi.processors.standard.RouteText - RouteText[id=bf0f7ccb-620f-4544-b652-03cd51d8645e] Adding new dynamic property: PropertyDescriptor[simple]
[pool-3566-thread-1] INFO org.apache.nifi.processors.standard.RouteText - RouteText[id=bf0f7ccb-620f-4544-b652-03cd51d8645e] Created FlowFile[2489,100418953058384.mockFlowFile,24B] from FlowFile[2488,100418953058384.mockFlowFile,24B]; routing to relationship simple
[pool-3566-thread-1] INFO org.apache.nifi.processors.standard.RouteText - RouteText[id=bf0f7ccb-620f-4544-b652-03cd51d8645e] Routing FlowFile[2488,100418953058384.mockFlowFile,24B] to original
[main] DEBUG org.apache.nifi.processors.standard.RouteText - RouteText[id=bf0f7ccb-620f-4544-b652-03cd51d8645e] Adding new dynamic property: PropertyDescriptor[simple]
[pool-3567-thread-1] INFO org.apache.nifi.processors.standard.RouteText - RouteText[id=bf0f7ccb-620f-4544-b652-03cd51d8645e] Created FlowFile[2491,100418953600378.mockFlowFile,24B] from FlowFile[2490,100418953600378.mockFlowFile,24B]; routing to relationship simple
[pool-3567-thread-1] INFO org.apache.nifi.processors.standard.RouteText - RouteText[id=bf0f7ccb-620f-4544-b652-03cd51d8645e] Routing FlowFile[2490,100418953600378.mockFlowFile,24B] to original
[main] DEBUG org.apache.nifi.processors.standard.RouteText - RouteText[id=bf0f7ccb-620f-4544-b652-03cd51d8645e] Adding new dynamic property: PropertyDescriptor[simple]
[pool-3568-thread-1] INFO org.apache.nifi.processors.standard.RouteText - RouteText[id=bf0f7ccb-620f-4544-b652-03cd51d8645e] Created FlowFile[2493,100418954116689.mockFlowFile,24B] from FlowFile[2492,100418954116689.mockFlowFile,24B]; routing to relationship simple
[pool-3568-thread-1] INFO org.apache.nifi.processors.standard.RouteText - RouteText[id=bf0f7ccb-620f-4544-b652-03cd51d8645e] Routing FlowFile[2492,100418954116689.mockFlowFile,24B] to original
[main] DEBUG org.apache.nifi.processors.standard.RouteText - RouteText[id=bf0f7ccb-620f-4544-b652-03cd51d8645e] Adding new dynamic property: PropertyDescriptor[simple]
[pool-3569-thread-1] INFO org.apache.nifi.processors.standard.RouteText - RouteText[id=bf0f7ccb-620f-4544-b652-03cd51d8645e] Created FlowFile[2495,100418954604188.mockFlowFile,24B] from FlowFile[2494,100418954604188.mockFlowFile,24B]; routing to relationship simple
[pool-3569-thread-1] INFO org.apache.nifi.processors.standard.RouteText - RouteText[id=bf0f7ccb-620f-4544-b652-03cd51d8645e] Routing FlowFile[2494,100418954604188.mockFlowFile,24B] to original
[main] DEBUG org.apache.nifi.processors.standard.RouteText - RouteText[id=bf0f7ccb-620f-4544-b652-03cd51d8645e] Adding new dynamic property: PropertyDescriptor[simple]
[pool-3570-thread-1] INFO org.apache.nifi.processors.standard.RouteText - RouteText[id=bf0f7ccb-620f-4544-b652-03cd51d8645e] Created FlowFile[2497,100418955089899.mockFlowFile,24B] from FlowFile[2496,100418955089899.mockFlowFile,24B]; routing to relationship simple
[pool-3570-thread-1] INFO org.apache.nifi.processors.standard.RouteText - RouteText[id=bf0f7ccb-620f-4544-b652-03cd51d8645e] Routing FlowFile[2496,100418955089899.mockFlowFile,24B] to original
[main] DEBUG org.apache.nifi.processors.standard.RouteText - RouteText[id=bf0f7ccb-620f-4544-b652-03cd51d8645e] Adding new dynamic property: PropertyDescriptor[simple]
[pool-3571-thread-1] INFO org.apache.nifi.processors.standard.RouteText - RouteText[id=bf0f7ccb-620f-4544-b652-03cd51d8645e] Created FlowFile[2499,100418955565201.mockFlowFile,24B] from FlowFile[2498,100418955565201.mockFlowFile,24B]; routing to relationship simple
[pool-3571-thread-1] INFO org.apache.nifi.processors.standard.RouteText - RouteText[id=bf0f7ccb-620f-4544-b652-03cd51d8645e] Routing FlowFile[2498,100418955565201.mockFlowFile,24B] to original
[main] DEBUG org.apache.nifi.processors.standard.RouteText - RouteText[id=bf0f7ccb-620f-4544-b652-03cd51d8645e] Adding new dynamic property: PropertyDescriptor[simple]
[pool-3572-thread-1] INFO org.apache.nifi.processors.standard.RouteText - RouteText[id=bf0f7ccb-620f-4544-b652-03cd51d8645e] Created FlowFile[2501,100418956058935.mockFlowFile,24B] from FlowFile[2500,100418956058935.mockFlowFile,24B]; routing to relationship simple
[pool-3572-thread-1] INFO org.apache.nifi.processors.standard.RouteText - RouteText[id=bf0f7ccb-620f-4544-b652-03cd51d8645e] Routing FlowFile[2500,100418956058935.mockFlowFile,24B] to original
[main] DEBUG org.apache.nifi.processors.standard.RouteText - RouteText[id=bf0f7ccb-620f-4544-b652-03cd51d8645e] Adding new dynamic property: PropertyDescriptor[simple]
[pool-3573-thread-1] INFO org.apache.nifi.processors.standard.RouteText - RouteText[id=bf0f7ccb-620f-4544-b652-03cd51d8645e] Created FlowFile[2503,100418956592242.mockFlowFile,24B] from FlowFile[2502,100418956592242.mockFlowFile,24B]; routing to relationship simple
[pool-3573-thread-1] INFO org.apache.nifi.processors.standard.RouteText - RouteText[id=bf0f7ccb-620f-4544-b652-03cd51d8645e] Routing FlowFile[2502,100418956592242.mockFlowFile,24B] to original
[main] DEBUG org.apache.nifi.processors.standard.RouteText - RouteText[id=bf0f7ccb-620f-4544-b652-03cd51d8645e] Adding new dynamic property: PropertyDescriptor[simple]
[pool-3574-thread-1] INFO org.apache.nifi.processors.standard.RouteText - RouteText[id=bf0f7ccb-620f-4544-b652-03cd51d8645e] Created FlowFile[2505,100418957092105.mockFlowFile,24B] from FlowFile[2504,100418957092105.mockFlowFile,24B]; routing to relationship simple
[pool-3574-thread-1] INFO org.apache.nifi.processors.standard.RouteText - RouteText[id=bf0f7ccb-620f-4544-b652-03cd51d8645e] Routing FlowFile[2504,100418957092105.mockFlowFile,24B] to original
[main] DEBUG org.apache.nifi.processors.standard.RouteText - RouteText[id=bf0f7ccb-620f-4544-b652-03cd51d8645e] Adding new dynamic property: PropertyDescriptor[simple]
[pool-3575-thread-1] INFO org.apache.nifi.processors.standard.RouteText - RouteText[id=bf0f7ccb-620f-4544-b652-03cd51d8645e] Created FlowFile[2507,100418957587711.mockFlowFile,24B] from FlowFile[2506,100418957587711.mockFlowFile,24B]; routing to relationship simple
[pool-3575-thread-1] INFO org.apache.nifi.processors.standard.RouteText - RouteText[id=bf0f7ccb-620f-4544-b652-03cd51d8645e] Routing FlowFile[2506,100418957587711.mockFlowFile,24B] to original
[main] DEBUG org.apache.nifi.processors.standard.RouteText - RouteText[id=bf0f7ccb-620f-4544-b652-03cd51d8645e] Adding new dynamic property: PropertyDescriptor[simple]
[pool-3576-thread-1] INFO org.apache.nifi.processors.standard.RouteText - RouteText[id=bf0f7ccb-620f-4544-b652-03cd51d8645e] Created FlowFile[2509,100418957986946.mockFlowFile,24B] from FlowFile[2508,100418957986946.mockFlowFile,24B]; routing to relationship simple
[pool-3576-thread-1] INFO org.apache.nifi.processors.standard.RouteText - RouteText[id=bf0f7ccb-620f-4544-b652-03cd51d8645e] Routing FlowFile[2508,100418957986946.mockFlowFile,24B] to original
[main] DEBUG org.apache.nifi.processors.standard.RouteText - RouteText[id=bf0f7ccb-620f-4544-b652-03cd51d8645e] Adding new dynamic property: PropertyDescriptor[simple]
[pool-3577-thread-1] INFO org.apache.nifi.processors.standard.RouteText - RouteText[id=bf0f7ccb-620f-4544-b652-03cd51d8645e] Created FlowFile[2511,100418958389114.mockFlowFile,24B] from FlowFile[2510,100418958389114.mockFlowFile,24B]; routing to relationship simple
[pool-3577-thread-1] INFO org.apache.nifi.processors.standard.RouteText - RouteText[id=bf0f7ccb-620f-4544-b652-03cd51d8645e] Routing FlowFile[2510,100418958389114.mockFlowFile,24B] to original
[main] DEBUG org.apache.nifi.processors.standard.RouteText - RouteText[id=bf0f7ccb-620f-4544-b652-03cd51d8645e] Adding new dynamic property: PropertyDescriptor[simple]
[pool-3578-thread-1] INFO org.apache.nifi.processors.standard.RouteText - RouteText[id=bf0f7ccb-620f-4544-b652-03cd51d8645e] Created FlowFile[2513,100418958814171.mockFlowFile,24B] from FlowFile[2512,100418958814171.mockFlowFile,24B]; routing to relationship simple
[pool-3578-thread-1] INFO org.apache.nifi.processors.standard.RouteText - RouteText[id=bf0f7ccb-620f-4544-b652-03cd51d8645e] Routing FlowFile[2512,100418958814171.mockFlowFile,24B] to original
[main] DEBUG org.apache.nifi.processors.standard.RouteText - RouteText[id=bf0f7ccb-620f-4544-b652-03cd51d8645e] Adding new dynamic property: PropertyDescriptor[simple]
[pool-3579-thread-1] INFO org.apache.nifi.processors.standard.RouteText - RouteText[id=bf0f7ccb-620f-4544-b652-03cd51d8645e] Created FlowFile[2515,100418959286360.mockFlowFile,24B] from FlowFile[2514,100418959286360.mockFlowFile,24B]; routing to relationship simple
[pool-3579-thread-1] INFO org.apache.nifi.processors.standard.RouteText - RouteText[id=bf0f7ccb-620f-4544-b652-03cd51d8645e] Routing FlowFile[2514,100418959286360.mockFlowFile,24B] to original
[main] DEBUG org.apache.nifi.processors.standard.RouteText - RouteText[id=bf0f7ccb-620f-4544-b652-03cd51d8645e] Adding new dynamic property: PropertyDescriptor[simple]
[pool-3580-thread-1] INFO org.apache.nifi.processors.standard.RouteText - RouteText[id=bf0f7ccb-620f-4544-b652-03cd51d8645e] Created FlowFile[2517,100418959784825.mockFlowFile,24B] from FlowFile[2516,100418959784825.mockFlowFile,24B]; routing to relationship simple
[pool-3580-thread-1] INFO org.apache.nifi.processors.standard.RouteText - RouteText[id=bf0f7ccb-620f-4544-b652-03cd51d8645e] Routing FlowFile[2516,100418959784825.mockFlowFile,24B] to original
[main] DEBUG org.apache.nifi.processors.standard.RouteText - RouteText[id=bf0f7ccb-620f-4544-b652-03cd51d8645e] Adding new dynamic property: PropertyDescriptor[simple]
[pool-3581-thread-1] INFO org.apache.nifi.processors.standard.RouteText - RouteText[id=bf0f7ccb-620f-4544-b652-03cd51d8645e] Created FlowFile[2519,100418960282532.mockFlowFile,24B] from FlowFile[2518,100418960282532.mockFlowFile,24B]; routing to relationship simple
[pool-3581-thread-1] INFO org.apache.nifi.processors.standard.RouteText - RouteText[id=bf0f7ccb-620f-4544-b652-03cd51d8645e] Routing FlowFile[2518,100418960282532.mockFlowFile,24B] to original
[main] DEBUG org.apache.nifi.processors.standard.RouteText - RouteText[id=bf0f7ccb-620f-4544-b652-03cd51d8645e] Adding new dynamic property: PropertyDescriptor[simple]
[pool-3582-thread-1] INFO org.apache.nifi.processors.standard.RouteText - RouteText[id=bf0f7ccb-620f-4544-b652-03cd51d8645e] Created FlowFile[2521,100418960743585.mockFlowFile,24B] from FlowFile[2520,100418960743585.mockFlowFile,24B]; routing to relationship simple
[pool-3582-thread-1] INFO org.apache.nifi.processors.standard.RouteText - RouteText[id=bf0f7ccb-620f-4544-b652-03cd51d8645e] Routing FlowFile[2520,100418960743585.mockFlowFile,24B] to original
[main] DEBUG org.apache.nifi.processors.standard.RouteText - RouteText[id=bf0f7ccb-620f-4544-b652-03cd51d8645e] Adding new dynamic property: PropertyDescriptor[simple]
[pool-3583-thread-1] INFO org.apache.nifi.processors.standard.RouteText - RouteText[id=bf0f7ccb-620f-4544-b652-03cd51d8645e] Created FlowFile[2523,100418961236095.mockFlowFile,24B] from FlowFile[2522,100418961236095.mockFlowFile,24B]; routing to relationship simple
[pool-3583-thread-1] INFO org.apache.nifi.processors.standard.RouteText - RouteText[id=bf0f7ccb-620f-4544-b652-03cd51d8645e] Routing FlowFile[2522,100418961236095.mockFlowFile,24B] to original
[main] DEBUG org.apache.nifi.processors.standard.RouteText - RouteText[id=bf0f7ccb-620f-4544-b652-03cd51d8645e] Adding new dynamic property: PropertyDescriptor[simple]
[pool-3584-thread-1] INFO org.apache.nifi.processors.standard.RouteText - RouteText[id=bf0f7ccb-620f-4544-b652-03cd51d8645e] Created FlowFile[2525,100418961788422.mockFlowFile,24B] from FlowFile[2524,100418961788422.mockFlowFile,24B]; routing to relationship simple
[pool-3584-thread-1] INFO org.apache.nifi.processors.standard.RouteText - RouteText[id=bf0f7ccb-620f-4544-b652-03cd51d8645e] Routing FlowFile[2524,100418961788422.mockFlowFile,24B] to original
[main] DEBUG org.apache.nifi.processors.standard.RouteText - RouteText[id=bf0f7ccb-620f-4544-b652-03cd51d8645e] Adding new dynamic property: PropertyDescriptor[simple]
[pool-3585-thread-1] INFO org.apache.nifi.processors.standard.RouteText - RouteText[id=bf0f7ccb-620f-4544-b652-03cd51d8645e] Created FlowFile[2527,100418962324137.mockFlowFile,24B] from FlowFile[2526,100418962324137.mockFlowFile,24B]; routing to relationship simple
[pool-3585-thread-1] INFO org.apache.nifi.processors.standard.RouteText - RouteText[id=bf0f7ccb-620f-4544-b652-03cd51d8645e] Routing FlowFile[2526,100418962324137.mockFlowFile,24B] to original
[main] DEBUG org.apache.nifi.processors.standard.RouteText - RouteText[id=bf0f7ccb-620f-4544-b652-03cd51d8645e] Adding new dynamic property: PropertyDescriptor[simple]
[pool-3586-thread-1] INFO org.apache.nifi.processors.standard.RouteText - RouteText[id=bf0f7ccb-620f-4544-b652-03cd51d8645e] Created FlowFile[2529,100418962851101.mockFlowFile,24B] from FlowFile[2528,100418962851101.mockFlowFile,24B]; routing to relationship simple
[pool-3586-thread-1] INFO org.apache.nifi.processors.standard.RouteText - RouteText[id=bf0f7ccb-620f-4544-b652-03cd51d8645e] Routing FlowFile[2528,100418962851101.mockFlowFile,24B] to original
[main] DEBUG org.apache.nifi.processors.standard.RouteText - RouteText[id=bf0f7ccb-620f-4544-b652-03cd51d8645e] Adding new dynamic property: PropertyDescriptor[simple]
[pool-3587-thread-1] INFO org.apache.nifi.processors.standard.RouteText - RouteText[id=bf0f7ccb-620f-4544-b652-03cd51d8645e] Created FlowFile[2531,100418963358748.mockFlowFile,24B] from FlowFile[2530,100418963358748.mockFlowFile,24B]; routing to relationship simple
[pool-3587-thread-1] INFO org.apache.nifi.processors.standard.RouteText - RouteText[id=bf0f7ccb-620f-4544-b652-03cd51d8645e] Routing FlowFile[2530,100418963358748.mockFlowFile,24B] to original
[main] DEBUG org.apache.nifi.processors.standard.RouteText - RouteText[id=bf0f7ccb-620f-4544-b652-03cd51d8645e] Adding new dynamic property: PropertyDescriptor[simple]
[pool-3588-thread-1] INFO org.apache.nifi.processors.standard.RouteText - RouteText[id=bf0f7ccb-620f-4544-b652-03cd51d8645e] Created FlowFile[2533,100418963872384.mockFlowFile,24B] from FlowFile[2532,100418963872384.mockFlowFile,24B]; routing to relationship simple
[pool-3588-thread-1] INFO org.apache.nifi.processors.standard.RouteText - RouteText[id=bf0f7ccb-620f-4544-b652-03cd51d8645e] Routing FlowFile[2532,100418963872384.mockFlowFile,24B] to original
[main] DEBUG org.apache.nifi.processors.standard.RouteText - RouteText[id=bf0f7ccb-620f-4544-b652-03cd51d8645e] Adding new dynamic property: PropertyDescriptor[simple]
[pool-3589-thread-1] INFO org.apache.nifi.processors.standard.RouteText - RouteText[id=bf0f7ccb-620f-4544-b652-03cd51d8645e] Created FlowFile[2535,100418964597114.mockFlowFile,24B] from FlowFile[2534,100418964597114.mockFlowFile,24B]; routing to relationship simple
[pool-3589-thread-1] INFO org.apache.nifi.processors.standard.RouteText - RouteText[id=bf0f7ccb-620f-4544-b652-03cd51d8645e] Routing FlowFile[2534,100418964597114.mockFlowFile,24B] to original
[main] DEBUG org.apache.nifi.processors.standard.RouteText - RouteText[id=bf0f7ccb-620f-4544-b652-03cd51d8645e] Adding new dynamic property: PropertyDescriptor[simple]
[pool-3590-thread-1] INFO org.apache.nifi.processors.standard.RouteText - RouteText[id=bf0f7ccb-620f-4544-b652-03cd51d8645e] Created FlowFile[2537,100418965128443.mockFlowFile,24B] from FlowFile[2536,100418965128443.mockFlowFile,24B]; routing to relationship simple
[pool-3590-thread-1] INFO org.apache.nifi.processors.standard.RouteText - RouteText[id=bf0f7ccb-620f-4544-b652-03cd51d8645e] Routing FlowFile[2536,100418965128443.mockFlowFile,24B] to original
[main] DEBUG org.apache.nifi.processors.standard.RouteText - RouteText[id=bf0f7ccb-620f-4544-b652-03cd51d8645e] Adding new dynamic property: PropertyDescriptor[simple]
[pool-3591-thread-1] INFO org.apache.nifi.processors.standard.RouteText - RouteText[id=bf0f7ccb-620f-4544-b652-03cd51d8645e] Created FlowFile[2539,100418965761841.mockFlowFile,24B] from FlowFile[2538,100418965761841.mockFlowFile,24B]; routing to relationship simple
[pool-3591-thread-1] INFO org.apache.nifi.processors.standard.RouteText - RouteText[id=bf0f7ccb-620f-4544-b652-03cd51d8645e] Routing FlowFile[2538,100418965761841.mockFlowFile,24B] to original
[main] DEBUG org.apache.nifi.processors.standard.RouteText - RouteText[id=bf0f7ccb-620f-4544-b652-03cd51d8645e] Adding new dynamic property: PropertyDescriptor[simple]
[pool-3592-thread-1] INFO org.apache.nifi.processors.standard.RouteText - RouteText[id=bf0f7ccb-620f-4544-b652-03cd51d8645e] Created FlowFile[2541,100418966557698.mockFlowFile,24B] from FlowFile[2540,100418966557698.mockFlowFile,24B]; routing to relationship simple
[pool-3592-thread-1] INFO org.apache.nifi.processors.standard.RouteText - RouteText[id=bf0f7ccb-620f-4544-b652-03cd51d8645e] Routing FlowFile[2540,100418966557698.mockFlowFile,24B] to original
[main] DEBUG org.apache.nifi.processors.standard.RouteText - RouteText[id=bf0f7ccb-620f-4544-b652-03cd51d8645e] Adding new dynamic property: PropertyDescriptor[simple]
[pool-3593-thread-1] INFO org.apache.nifi.processors.standard.RouteText - RouteText[id=bf0f7ccb-620f-4544-b652-03cd51d8645e] Created FlowFile[2543,100418967314215.mockFlowFile,24B] from FlowFile[2542,100418967314215.mockFlowFile,24B]; routing to relationship simple
[pool-3593-thread-1] INFO org.apache.nifi.processors.standard.RouteText - RouteText[id=bf0f7ccb-620f-4544-b652-03cd51d8645e] Routing FlowFile[2542,100418967314215.mockFlowFile,24B] to original
[main] DEBUG org.apache.nifi.processors.standard.RouteText - RouteText[id=bf0f7ccb-620f-4544-b652-03cd51d8645e] Adding new dynamic property: PropertyDescriptor[simple]
[pool-3594-thread-1] INFO org.apache.nifi.processors.standard.RouteText - RouteText[id=bf0f7ccb-620f-4544-b652-03cd51d8645e] Created FlowFile[2545,100418967954572.mockFlowFile,24B] from FlowFile[2544,100418967954572.mockFlowFile,24B]; routing to relationship simple
[pool-3594-thread-1] INFO org.apache.nifi.processors.standard.RouteText - RouteText[id=bf0f7ccb-620f-4544-b652-03cd51d8645e] Routing FlowFile[2544,100418967954572.mockFlowFile,24B] to original
[main] DEBUG org.apache.nifi.processors.standard.RouteText - RouteText[id=bf0f7ccb-620f-4544-b652-03cd51d8645e] Adding new dynamic property: PropertyDescriptor[simple]
[pool-3595-thread-1] INFO org.apache.nifi.processors.standard.RouteText - RouteText[id=bf0f7ccb-620f-4544-b652-03cd51d8645e] Created FlowFile[2547,100418968617599.mockFlowFile,24B] from FlowFile[2546,100418968617599.mockFlowFile,24B]; routing to relationship simple
[pool-3595-thread-1] INFO org.apache.nifi.processors.standard.RouteText - RouteText[id=bf0f7ccb-620f-4544-b652-03cd51d8645e] Routing FlowFile[2546,100418968617599.mockFlowFile,24B] to original
[main] DEBUG org.apache.nifi.processors.standard.RouteText - RouteText[id=bf0f7ccb-620f-4544-b652-03cd51d8645e] Adding new dynamic property: PropertyDescriptor[simple]
[pool-3596-thread-1] INFO org.apache.nifi.processors.standard.RouteText - RouteText[id=bf0f7ccb-620f-4544-b652-03cd51d8645e] Created FlowFile[2549,100418969174045.mockFlowFile,24B] from FlowFile[2548,100418969174045.mockFlowFile,24B]; routing to relationship simple
[pool-3596-thread-1] INFO org.apache.nifi.processors.standard.RouteText - RouteText[id=bf0f7ccb-620f-4544-b652-03cd51d8645e] Routing FlowFile[2548,100418969174045.mockFlowFile,24B] to original
[main] DEBUG org.apache.nifi.processors.standard.RouteText - RouteText[id=bf0f7ccb-620f-4544-b652-03cd51d8645e] Adding new dynamic property: PropertyDescriptor[simple]
[pool-3597-thread-1] INFO org.apache.nifi.processors.standard.RouteText - RouteText[id=bf0f7ccb-620f-4544-b652-03cd51d8645e] Created FlowFile[2551,100418969674176.mockFlowFile,24B] from FlowFile[2550,100418969674176.mockFlowFile,24B]; routing to relationship simple
[pool-3597-thread-1] INFO org.apache.nifi.processors.standard.RouteText - RouteText[id=bf0f7ccb-620f-4544-b652-03cd51d8645e] Routing FlowFile[2550,100418969674176.mockFlowFile,24B] to original
[main] DEBUG org.apache.nifi.processors.standard.RouteText - RouteText[id=bf0f7ccb-620f-4544-b652-03cd51d8645e] Adding new dynamic property: PropertyDescriptor[simple]
[pool-3598-thread-1] INFO org.apache.nifi.processors.standard.RouteText - RouteText[id=bf0f7ccb-620f-4544-b652-03cd51d8645e] Created FlowFile[2553,100418970163521.mockFlowFile,24B] from FlowFile[2552,100418970163521.mockFlowFile,24B]; routing to relationship simple
[pool-3598-thread-1] INFO org.apache.nifi.processors.standard.RouteText - RouteText[id=bf0f7ccb-620f-4544-b652-03cd51d8645e] Routing FlowFile[2552,100418970163521.mockFlowFile,24B] to original
[main] DEBUG org.apache.nifi.processors.standard.RouteText - RouteText[id=bf0f7ccb-620f-4544-b652-03cd51d8645e] Adding new dynamic property: PropertyDescriptor[simple]
[pool-3599-thread-1] INFO org.apache.nifi.processors.standard.RouteText - RouteText[id=bf0f7ccb-620f-4544-b652-03cd51d8645e] Created FlowFile[2555,100418970646570.mockFlowFile,24B] from FlowFile[2554,100418970646570.mockFlowFile,24B]; routing to relationship simple
[pool-3599-thread-1] INFO org.apache.nifi.processors.standard.RouteText - RouteText[id=bf0f7ccb-620f-4544-b652-03cd51d8645e] Routing FlowFile[2554,100418970646570.mockFlowFile,24B] to original
[main] DEBUG org.apache.nifi.processors.standard.RouteText - RouteText[id=bf0f7ccb-620f-4544-b652-03cd51d8645e] Adding new dynamic property: PropertyDescriptor[simple]
[pool-3600-thread-1] INFO org.apache.nifi.processors.standard.RouteText - RouteText[id=bf0f7ccb-620f-4544-b652-03cd51d8645e] Created FlowFile[2557,100418971073489.mockFlowFile,24B] from FlowFile[2556,100418971073489.mockFlowFile,24B]; routing to relationship simple
[pool-3600-thread-1] INFO org.apache.nifi.processors.standard.RouteText - RouteText[id=bf0f7ccb-620f-4544-b652-03cd51d8645e] Routing FlowFile[2556,100418971073489.mockFlowFile,24B] to original
[main] DEBUG org.apache.nifi.processors.standard.RouteText - RouteText[id=bf0f7ccb-620f-4544-b652-03cd51d8645e] Adding new dynamic property: PropertyDescriptor[simple]
[pool-3601-thread-1] INFO org.apache.nifi.processors.standard.RouteText - RouteText[id=bf0f7ccb-620f-4544-b652-03cd51d8645e] Created FlowFile[2559,100418971531859.mockFlowFile,24B] from FlowFile[2558,100418971531859.mockFlowFile,24B]; routing to relationship simple
[pool-3601-thread-1] INFO org.apache.nifi.processors.standard.RouteText - RouteText[id=bf0f7ccb-620f-4544-b652-03cd51d8645e] Routing FlowFile[2558,100418971531859.mockFlowFile,24B] to original
[main] DEBUG org.apache.nifi.processors.standard.RouteText - RouteText[id=bf0f7ccb-620f-4544-b652-03cd51d8645e] Adding new dynamic property: PropertyDescriptor[simple]
[pool-3602-thread-1] INFO org.apache.nifi.processors.standard.RouteText - RouteText[id=bf0f7ccb-620f-4544-b652-03cd51d8645e] Created FlowFile[2561,100418971996584.mockFlowFile,24B] from FlowFile[2560,100418971996584.mockFlowFile,24B]; routing to relationship simple
[pool-3602-thread-1] INFO org.apache.nifi.processors.standard.RouteText - RouteText[id=bf0f7ccb-620f-4544-b652-03cd51d8645e] Routing FlowFile[2560,100418971996584.mockFlowFile,24B] to original
[main] DEBUG org.apache.nifi.processors.standard.RouteText - RouteText[id=bf0f7ccb-620f-4544-b652-03cd51d8645e] Adding new dynamic property: PropertyDescriptor[simple]
[pool-3603-thread-1] INFO org.apache.nifi.processors.standard.RouteText - RouteText[id=bf0f7ccb-620f-4544-b652-03cd51d8645e] Created FlowFile[2563,100418972698263.mockFlowFile,24B] from FlowFile[2562,100418972698263.mockFlowFile,24B]; routing to relationship simple
[pool-3603-thread-1] INFO org.apache.nifi.processors.standard.RouteText - RouteText[id=bf0f7ccb-620f-4544-b652-03cd51d8645e] Routing FlowFile[2562,100418972698263.mockFlowFile,24B] to original
[main] DEBUG org.apache.nifi.processors.standard.RouteText - RouteText[id=bf0f7ccb-620f-4544-b652-03cd51d8645e] Adding new dynamic property: PropertyDescriptor[simple]
[pool-3604-thread-1] INFO org.apache.nifi.processors.standard.RouteText - RouteText[id=bf0f7ccb-620f-4544-b652-03cd51d8645e] Created FlowFile[2565,100418973166318.mockFlowFile,24B] from FlowFile[2564,100418973166318.mockFlowFile,24B]; routing to relationship simple
[pool-3604-thread-1] INFO org.apache.nifi.processors.standard.RouteText - RouteText[id=bf0f7ccb-620f-4544-b652-03cd51d8645e] Routing FlowFile[2564,100418973166318.mockFlowFile,24B] to original
[main] DEBUG org.apache.nifi.processors.standard.RouteText - RouteText[id=bf0f7ccb-620f-4544-b652-03cd51d8645e] Adding new dynamic property: PropertyDescriptor[simple]
[pool-3605-thread-1] INFO org.apache.nifi.processors.standard.RouteText - RouteText[id=bf0f7ccb-620f-4544-b652-03cd51d8645e] Created FlowFile[2567,100418973682363.mockFlowFile,24B] from FlowFile[2566,100418973682363.mockFlowFile,24B]; routing to relationship simple
[pool-3605-thread-1] INFO org.apache.nifi.processors.standard.RouteText - RouteText[id=bf0f7ccb-620f-4544-b652-03cd51d8645e] Routing FlowFile[2566,100418973682363.mockFlowFile,24B] to original
[main] DEBUG org.apache.nifi.processors.standard.RouteText - RouteText[id=bf0f7ccb-620f-4544-b652-03cd51d8645e] Adding new dynamic property: PropertyDescriptor[simple]
[pool-3606-thread-1] INFO org.apache.nifi.processors.standard.RouteText - RouteText[id=bf0f7ccb-620f-4544-b652-03cd51d8645e] Created FlowFile[2569,100418974192033.mockFlowFile,24B] from FlowFile[2568,100418974192033.mockFlowFile,24B]; routing to relationship simple
[pool-3606-thread-1] INFO org.apache.nifi.processors.standard.RouteText - RouteText[id=bf0f7ccb-620f-4544-b652-03cd51d8645e] Routing FlowFile[2568,100418974192033.mockFlowFile,24B] to original
[main] DEBUG org.apache.nifi.processors.standard.RouteText - RouteText[id=bf0f7ccb-620f-4544-b652-03cd51d8645e] Adding new dynamic property: PropertyDescriptor[simple]
[pool-3607-thread-1] INFO org.apache.nifi.processors.standard.RouteText - RouteText[id=bf0f7ccb-620f-4544-b652-03cd51d8645e] Created FlowFile[2571,100418974675485.mockFlowFile,24B] from FlowFile[2570,100418974675485.mockFlowFile,24B]; routing to relationship simple
[pool-3607-thread-1] INFO org.apache.nifi.processors.standard.RouteText - RouteText[id=bf0f7ccb-620f-4544-b652-03cd51d8645e] Routing FlowFile[2570,100418974675485.mockFlowFile,24B] to original
[main] DEBUG org.apache.nifi.processors.standard.RouteText - RouteText[id=bf0f7ccb-620f-4544-b652-03cd51d8645e] Adding new dynamic property: PropertyDescriptor[simple]
[pool-3608-thread-1] INFO org.apache.nifi.processors.standard.RouteText - RouteText[id=bf0f7ccb-620f-4544-b652-03cd51d8645e] Created FlowFile[2573,100418975111110.mockFlowFile,24B] from FlowFile[2572,100418975111110.mockFlowFile,24B]; routing to relationship simple
[pool-3608-thread-1] INFO org.apache.nifi.processors.standard.RouteText - RouteText[id=bf0f7ccb-620f-4544-b652-03cd51d8645e] Routing FlowFile[2572,100418975111110.mockFlowFile,24B] to original
[main] DEBUG org.apache.nifi.processors.standard.RouteText - RouteText[id=bf0f7ccb-620f-4544-b652-03cd51d8645e] Adding new dynamic property: PropertyDescriptor[simple]
[pool-3609-thread-1] INFO org.apache.nifi.processors.standard.RouteText - RouteText[id=bf0f7ccb-620f-4544-b652-03cd51d8645e] Created FlowFile[2575,100418975541559.mockFlowFile,24B] from FlowFile[2574,100418975541559.mockFlowFile,24B]; routing to relationship simple
[pool-3609-thread-1] INFO org.apache.nifi.processors.standard.RouteText - RouteText[id=bf0f7ccb-620f-4544-b652-03cd51d8645e] Routing FlowFile[2574,100418975541559.mockFlowFile,24B] to original
[main] DEBUG org.apache.nifi.processors.standard.RouteText - RouteText[id=bf0f7ccb-620f-4544-b652-03cd51d8645e] Adding new dynamic property: PropertyDescriptor[simple]
[pool-3610-thread-1] INFO org.apache.nifi.processors.standard.RouteText - RouteText[id=bf0f7ccb-620f-4544-b652-03cd51d8645e] Created FlowFile[2577,100418975977342.mockFlowFile,24B] from FlowFile[2576,100418975977342.mockFlowFile,24B]; routing to relationship simple
[pool-3610-thread-1] INFO org.apache.nifi.processors.standard.RouteText - RouteText[id=bf0f7ccb-620f-4544-b652-03cd51d8645e] Routing FlowFile[2576,100418975977342.mockFlowFile,24B] to original
[main] DEBUG org.apache.nifi.processors.standard.RouteText - RouteText[id=bf0f7ccb-620f-4544-b652-03cd51d8645e] Adding new dynamic property: PropertyDescriptor[simple]
[pool-3611-thread-1] INFO org.apache.nifi.processors.standard.RouteText - RouteText[id=bf0f7ccb-620f-4544-b652-03cd51d8645e] Created FlowFile[2579,100418976366925.mockFlowFile,24B] from FlowFile[2578,100418976366925.mockFlowFile,24B]; routing to relationship simple
[pool-3611-thread-1] INFO org.apache.nifi.processors.standard.RouteText - RouteText[id=bf0f7ccb-620f-4544-b652-03cd51d8645e] Routing FlowFile[2578,100418976366925.mockFlowFile,24B] to original
[main] DEBUG org.apache.nifi.processors.standard.RouteText - RouteText[id=bf0f7ccb-620f-4544-b652-03cd51d8645e] Adding new dynamic property: PropertyDescriptor[simple]
[pool-3612-thread-1] INFO org.apache.nifi.processors.standard.RouteText - RouteText[id=bf0f7ccb-620f-4544-b652-03cd51d8645e] Created FlowFile[2581,100418976788612.mockFlowFile,24B] from FlowFile[2580,100418976788612.mockFlowFile,24B]; routing to relationship simple
[pool-3612-thread-1] INFO org.apache.nifi.processors.standard.RouteText - RouteText[id=bf0f7ccb-620f-4544-b652-03cd51d8645e] Routing FlowFile[2580,100418976788612.mockFlowFile,24B] to original
[main] DEBUG org.apache.nifi.processors.standard.RouteText - RouteText[id=bf0f7ccb-620f-4544-b652-03cd51d8645e] Adding new dynamic property: PropertyDescriptor[simple]
[pool-3613-thread-1] INFO org.apache.nifi.processors.standard.RouteText - RouteText[id=bf0f7ccb-620f-4544-b652-03cd51d8645e] Created FlowFile[2583,100418977214055.mockFlowFile,24B] from FlowFile[2582,100418977214055.mockFlowFile,24B]; routing to relationship simple
[pool-3613-thread-1] INFO org.apache.nifi.processors.standard.RouteText - RouteText[id=bf0f7ccb-620f-4544-b652-03cd51d8645e] Routing FlowFile[2582,100418977214055.mockFlowFile,24B] to original
[main] DEBUG org.apache.nifi.processors.standard.RouteText - RouteText[id=bf0f7ccb-620f-4544-b652-03cd51d8645e] Adding new dynamic property: PropertyDescriptor[simple]
[pool-3614-thread-1] INFO org.apache.nifi.processors.standard.RouteText - RouteText[id=bf0f7ccb-620f-4544-b652-03cd51d8645e] Created FlowFile[2585,100418977633953.mockFlowFile,24B] from FlowFile[2584,100418977633953.mockFlowFile,24B]; routing to relationship simple
[pool-3614-thread-1] INFO org.apache.nifi.processors.standard.RouteText - RouteText[id=bf0f7ccb-620f-4544-b652-03cd51d8645e] Routing FlowFile[2584,100418977633953.mockFlowFile,24B] to original
[main] DEBUG org.apache.nifi.processors.standard.RouteText - RouteText[id=bf0f7ccb-620f-4544-b652-03cd51d8645e] Adding new dynamic property: PropertyDescriptor[simple]
[pool-3615-thread-1] INFO org.apache.nifi.processors.standard.RouteText - RouteText[id=bf0f7ccb-620f-4544-b652-03cd51d8645e] Created FlowFile[2587,100418978053833.mockFlowFile,24B] from FlowFile[2586,100418978053833.mockFlowFile,24B]; routing to relationship simple
[pool-3615-thread-1] INFO org.apache.nifi.processors.standard.RouteText - RouteText[id=bf0f7ccb-620f-4544-b652-03cd51d8645e] Routing FlowFile[2586,100418978053833.mockFlowFile,24B] to original
[main] DEBUG org.apache.nifi.processors.standard.RouteText - RouteText[id=bf0f7ccb-620f-4544-b652-03cd51d8645e] Adding new dynamic property: PropertyDescriptor[simple]
[pool-3616-thread-1] INFO org.apache.nifi.processors.standard.RouteText - RouteText[id=bf0f7ccb-620f-4544-b652-03cd51d8645e] Created FlowFile[2589,100418978472582.mockFlowFile,24B] from FlowFile[2588,100418978472582.mockFlowFile,24B]; routing to relationship simple
[pool-3616-thread-1] INFO org.apache.nifi.processors.standard.RouteText - RouteText[id=bf0f7ccb-620f-4544-b652-03cd51d8645e] Routing FlowFile[2588,100418978472582.mockFlowFile,24B] to original
[main] DEBUG org.apache.nifi.processors.standard.RouteText - RouteText[id=bf0f7ccb-620f-4544-b652-03cd51d8645e] Adding new dynamic property: PropertyDescriptor[simple]
[pool-3617-thread-1] INFO org.apache.nifi.processors.standard.RouteText - RouteText[id=bf0f7ccb-620f-4544-b652-03cd51d8645e] Created FlowFile[2591,100418978895702.mockFlowFile,24B] from FlowFile[2590,100418978895702.mockFlowFile,24B]; routing to relationship simple
[pool-3617-thread-1] INFO org.apache.nifi.processors.standard.RouteText - RouteText[id=bf0f7ccb-620f-4544-b652-03cd51d8645e] Routing FlowFile[2590,100418978895702.mockFlowFile,24B] to original
[main] DEBUG org.apache.nifi.processors.standard.RouteText - RouteText[id=bf0f7ccb-620f-4544-b652-03cd51d8645e] Adding new dynamic property: PropertyDescriptor[simple]
[pool-3618-thread-1] INFO org.apache.nifi.processors.standard.RouteText - RouteText[id=bf0f7ccb-620f-4544-b652-03cd51d8645e] Created FlowFile[2593,100418979312651.mockFlowFile,24B] from FlowFile[2592,100418979312651.mockFlowFile,24B]; routing to relationship simple
[pool-3618-thread-1] INFO org.apache.nifi.processors.standard.RouteText - RouteText[id=bf0f7ccb-620f-4544-b652-03cd51d8645e] Routing FlowFile[2592,100418979312651.mockFlowFile,24B] to original
[main] DEBUG org.apache.nifi.processors.standard.RouteText - RouteText[id=bf0f7ccb-620f-4544-b652-03cd51d8645e] Adding new dynamic property: PropertyDescriptor[simple]
[pool-3619-thread-1] INFO org.apache.nifi.processors.standard.RouteText - RouteText[id=bf0f7ccb-620f-4544-b652-03cd51d8645e] Created FlowFile[2595,100418979749422.mockFlowFile,24B] from FlowFile[2594,100418979749422.mockFlowFile,24B]; routing to relationship simple
[pool-3619-thread-1] INFO org.apache.nifi.processors.standard.RouteText - RouteText[id=bf0f7ccb-620f-4544-b652-03cd51d8645e] Routing FlowFile[2594,100418979749422.mockFlowFile,24B] to original
[main] DEBUG org.apache.nifi.processors.standard.RouteText - RouteText[id=bf0f7ccb-620f-4544-b652-03cd51d8645e] Adding new dynamic property: PropertyDescriptor[simple]
[pool-3620-thread-1] INFO org.apache.nifi.processors.standard.RouteText - RouteText[id=bf0f7ccb-620f-4544-b652-03cd51d8645e] Created FlowFile[2597,100418980403765.mockFlowFile,24B] from FlowFile[2596,100418980403765.mockFlowFile,24B]; routing to relationship simple
[pool-3620-thread-1] INFO org.apache.nifi.processors.standard.RouteText - RouteText[id=bf0f7ccb-620f-4544-b652-03cd51d8645e] Routing FlowFile[2596,100418980403765.mockFlowFile,24B] to original
[main] DEBUG org.apache.nifi.processors.standard.RouteText - RouteText[id=bf0f7ccb-620f-4544-b652-03cd51d8645e] Adding new dynamic property: PropertyDescriptor[simple]
[pool-3621-thread-1] INFO org.apache.nifi.processors.standard.RouteText - RouteText[id=bf0f7ccb-620f-4544-b652-03cd51d8645e] Created FlowFile[2599,100418980899245.mockFlowFile,24B] from FlowFile[2598,100418980899245.mockFlowFile,24B]; routing to relationship simple
[pool-3621-thread-1] INFO org.apache.nifi.processors.standard.RouteText - RouteText[id=bf0f7ccb-620f-4544-b652-03cd51d8645e] Routing FlowFile[2598,100418980899245.mockFlowFile,24B] to original
[main] DEBUG org.apache.nifi.processors.standard.RouteText - RouteText[id=bf0f7ccb-620f-4544-b652-03cd51d8645e] Adding new dynamic property: PropertyDescriptor[simple]
[pool-3622-thread-1] INFO org.apache.nifi.processors.standard.RouteText - RouteText[id=bf0f7ccb-620f-4544-b652-03cd51d8645e] Created FlowFile[2601,100418981350308.mockFlowFile,24B] from FlowFile[2600,100418981350308.mockFlowFile,24B]; routing to relationship simple
[pool-3622-thread-1] INFO org.apache.nifi.processors.standard.RouteText - RouteText[id=bf0f7ccb-620f-4544-b652-03cd51d8645e] Routing FlowFile[2600,100418981350308.mockFlowFile,24B] to original
[main] DEBUG org.apache.nifi.processors.standard.RouteText - RouteText[id=bf0f7ccb-620f-4544-b652-03cd51d8645e] Adding new dynamic property: PropertyDescriptor[simple]
[pool-3623-thread-1] INFO org.apache.nifi.processors.standard.RouteText - RouteText[id=bf0f7ccb-620f-4544-b652-03cd51d8645e] Created FlowFile[2603,100418981798424.mockFlowFile,24B] from FlowFile[2602,100418981798424.mockFlowFile,24B]; routing to relationship simple
[pool-3623-thread-1] INFO org.apache.nifi.processors.standard.RouteText - RouteText[id=bf0f7ccb-620f-4544-b652-03cd51d8645e] Routing FlowFile[2602,100418981798424.mockFlowFile,24B] to original
[main] DEBUG org.apache.nifi.processors.standard.RouteText - RouteText[id=bf0f7ccb-620f-4544-b652-03cd51d8645e] Adding new dynamic property: PropertyDescriptor[simple]
[pool-3624-thread-1] INFO org.apache.nifi.processors.standard.RouteText - RouteText[id=bf0f7ccb-620f-4544-b652-03cd51d8645e] Created FlowFile[2605,100418982308092.mockFlowFile,24B] from FlowFile[2604,100418982308092.mockFlowFile,24B]; routing to relationship simple
[pool-3624-thread-1] INFO org.apache.nifi.processors.standard.RouteText - RouteText[id=bf0f7ccb-620f-4544-b652-03cd51d8645e] Routing FlowFile[2604,100418982308092.mockFlowFile,24B] to original
[main] DEBUG org.apache.nifi.processors.standard.RouteText - RouteText[id=bf0f7ccb-620f-4544-b652-03cd51d8645e] Adding new dynamic property: PropertyDescriptor[simple]
[pool-3625-thread-1] INFO org.apache.nifi.processors.standard.RouteText - RouteText[id=bf0f7ccb-620f-4544-b652-03cd51d8645e] Created FlowFile[2607,100418982772436.mockFlowFile,24B] from FlowFile[2606,100418982772436.mockFlowFile,24B]; routing to relationship simple
[pool-3625-thread-1] INFO org.apache.nifi.processors.standard.RouteText - RouteText[id=bf0f7ccb-620f-4544-b652-03cd51d8645e] Routing FlowFile[2606,100418982772436.mockFlowFile,24B] to original
[main] DEBUG org.apache.nifi.processors.standard.RouteText - RouteText[id=bf0f7ccb-620f-4544-b652-03cd51d8645e] Adding new dynamic property: PropertyDescriptor[simple]
[pool-3626-thread-1] INFO org.apache.nifi.processors.standard.RouteText - RouteText[id=bf0f7ccb-620f-4544-b652-03cd51d8645e] Created FlowFile[2609,100418983246690.mockFlowFile,24B] from FlowFile[2608,100418983246690.mockFlowFile,24B]; routing to relationship simple
[pool-3626-thread-1] INFO org.apache.nifi.processors.standard.RouteText - RouteText[id=bf0f7ccb-620f-4544-b652-03cd51d8645e] Routing FlowFile[2608,100418983246690.mockFlowFile,24B] to original
[main] DEBUG org.apache.nifi.processors.standard.RouteText - RouteText[id=bf0f7ccb-620f-4544-b652-03cd51d8645e] Adding new dynamic property: PropertyDescriptor[simple]
[pool-3627-thread-1] INFO org.apache.nifi.processors.standard.RouteText - RouteText[id=bf0f7ccb-620f-4544-b652-03cd51d8645e] Created FlowFile[2611,100418983689545.mockFlowFile,24B] from FlowFile[2610,100418983689545.mockFlowFile,24B]; routing to relationship simple
[pool-3627-thread-1] INFO org.apache.nifi.processors.standard.RouteText - RouteText[id=bf0f7ccb-620f-4544-b652-03cd51d8645e] Routing FlowFile[2610,100418983689545.mockFlowFile,24B] to original
[main] DEBUG org.apache.nifi.processors.standard.RouteText - RouteText[id=bf0f7ccb-620f-4544-b652-03cd51d8645e] Adding new dynamic property: PropertyDescriptor[simple]
[pool-3628-thread-1] INFO org.apache.nifi.processors.standard.RouteText - RouteText[id=bf0f7ccb-620f-4544-b652-03cd51d8645e] Created FlowFile[2613,100418984143819.mockFlowFile,24B] from FlowFile[2612,100418984143819.mockFlowFile,24B]; routing to relationship simple
[pool-3628-thread-1] INFO org.apache.nifi.processors.standard.RouteText - RouteText[id=bf0f7ccb-620f-4544-b652-03cd51d8645e] Routing FlowFile[2612,100418984143819.mockFlowFile,24B] to original
[main] DEBUG org.apache.nifi.processors.standard.RouteText - RouteText[id=bf0f7ccb-620f-4544-b652-03cd51d8645e] Adding new dynamic property: PropertyDescriptor[simple]
[pool-3629-thread-1] INFO org.apache.nifi.processors.standard.RouteText - RouteText[id=bf0f7ccb-620f-4544-b652-03cd51d8645e] Created FlowFile[2615,100418984562821.mockFlowFile,24B] from FlowFile[2614,100418984562821.mockFlowFile,24B]; routing to relationship simple
[pool-3629-thread-1] INFO org.apache.nifi.processors.standard.RouteText - RouteText[id=bf0f7ccb-620f-4544-b652-03cd51d8645e] Routing FlowFile[2614,100418984562821.mockFlowFile,24B] to original
[main] DEBUG org.apache.nifi.processors.standard.RouteText - RouteText[id=bf0f7ccb-620f-4544-b652-03cd51d8645e] Adding new dynamic property: PropertyDescriptor[simple]
[pool-3630-thread-1] INFO org.apache.nifi.processors.standard.RouteText - RouteText[id=bf0f7ccb-620f-4544-b652-03cd51d8645e] Created FlowFile[2617,100418985022225.mockFlowFile,24B] from FlowFile[2616,100418985022225.mockFlowFile,24B]; routing to relationship simple
[pool-3630-thread-1] INFO org.apache.nifi.processors.standard.RouteText - RouteText[id=bf0f7ccb-620f-4544-b652-03cd51d8645e] Routing FlowFile[2616,100418985022225.mockFlowFile,24B] to original
[main] DEBUG org.apache.nifi.processors.standard.RouteText - RouteText[id=bf0f7ccb-620f-4544-b652-03cd51d8645e] Adding new dynamic property: PropertyDescriptor[simple]
[pool-3631-thread-1] INFO org.apache.nifi.processors.standard.RouteText - RouteText[id=bf0f7ccb-620f-4544-b652-03cd51d8645e] Created FlowFile[2619,100418985480756.mockFlowFile,24B] from FlowFile[2618,100418985480756.mockFlowFile,24B]; routing to relationship simple
[pool-3631-thread-1] INFO org.apache.nifi.processors.standard.RouteText - RouteText[id=bf0f7ccb-620f-4544-b652-03cd51d8645e] Routing FlowFile[2618,100418985480756.mockFlowFile,24B] to original
[main] DEBUG org.apache.nifi.processors.standard.RouteText - RouteText[id=bf0f7ccb-620f-4544-b652-03cd51d8645e] Adding new dynamic property: PropertyDescriptor[simple]
[pool-3632-thread-1] INFO org.apache.nifi.processors.standard.RouteText - RouteText[id=bf0f7ccb-620f-4544-b652-03cd51d8645e] Created FlowFile[2621,100418985910707.mockFlowFile,24B] from FlowFile[2620,100418985910707.mockFlowFile,24B]; routing to relationship simple
[pool-3632-thread-1] INFO org.apache.nifi.processors.standard.RouteText - RouteText[id=bf0f7ccb-620f-4544-b652-03cd51d8645e] Routing FlowFile[2620,100418985910707.mockFlowFile,24B] to original
[main] DEBUG org.apache.nifi.processors.standard.RouteText - RouteText[id=bf0f7ccb-620f-4544-b652-03cd51d8645e] Adding new dynamic property: PropertyDescriptor[simple]
[pool-3633-thread-1] INFO org.apache.nifi.processors.standard.RouteText - RouteText[id=bf0f7ccb-620f-4544-b652-03cd51d8645e] Created FlowFile[2623,100418986337454.mockFlowFile,24B] from FlowFile[2622,100418986337454.mockFlowFile,24B]; routing to relationship simple
[pool-3633-thread-1] INFO org.apache.nifi.processors.standard.RouteText - RouteText[id=bf0f7ccb-620f-4544-b652-03cd51d8645e] Routing FlowFile[2622,100418986337454.mockFlowFile,24B] to original
[main] DEBUG org.apache.nifi.processors.standard.RouteText - RouteText[id=bf0f7ccb-620f-4544-b652-03cd51d8645e] Adding new dynamic property: PropertyDescriptor[simple]
[pool-3634-thread-1] INFO org.apache.nifi.processors.standard.RouteText - RouteText[id=bf0f7ccb-620f-4544-b652-03cd51d8645e] Created FlowFile[2625,100418986766415.mockFlowFile,24B] from FlowFile[2624,100418986766415.mockFlowFile,24B]; routing to relationship simple
[pool-3634-thread-1] INFO org.apache.nifi.processors.standard.RouteText - RouteText[id=bf0f7ccb-620f-4544-b652-03cd51d8645e] Routing FlowFile[2624,100418986766415.mockFlowFile,24B] to original
[main] DEBUG org.apache.nifi.processors.standard.RouteText - RouteText[id=bf0f7ccb-620f-4544-b652-03cd51d8645e] Adding new dynamic property: PropertyDescriptor[simple]
[pool-3635-thread-1] INFO org.apache.nifi.processors.standard.RouteText - RouteText[id=bf0f7ccb-620f-4544-b652-03cd51d8645e] Created FlowFile[2627,100418987186205.mockFlowFile,24B] from FlowFile[2626,100418987186205.mockFlowFile,24B]; routing to relationship simple
[pool-3635-thread-1] INFO org.apache.nifi.processors.standard.RouteText - RouteText[id=bf0f7ccb-620f-4544-b652-03cd51d8645e] Routing FlowFile[2626,100418987186205.mockFlowFile,24B] to original
[main] DEBUG org.apache.nifi.processors.standard.RouteText - RouteText[id=bf0f7ccb-620f-4544-b652-03cd51d8645e] Adding new dynamic property: PropertyDescriptor[simple]
[pool-3636-thread-1] INFO org.apache.nifi.processors.standard.RouteText - RouteText[id=bf0f7ccb-620f-4544-b652-03cd51d8645e] Created FlowFile[2629,100418987614974.mockFlowFile,24B] from FlowFile[2628,100418987614974.mockFlowFile,24B]; routing to relationship simple
[pool-3636-thread-1] INFO org.apache.nifi.processors.standard.RouteText - RouteText[id=bf0f7ccb-620f-4544-b652-03cd51d8645e] Routing FlowFile[2628,100418987614974.mockFlowFile,24B] to original
[main] DEBUG org.apache.nifi.processors.standard.RouteText - RouteText[id=bf0f7ccb-620f-4544-b652-03cd51d8645e] Adding new dynamic property: PropertyDescriptor[simple]
[pool-3637-thread-1] INFO org.apache.nifi.processors.standard.RouteText - RouteText[id=bf0f7ccb-620f-4544-b652-03cd51d8645e] Created FlowFile[2631,100418988047300.mockFlowFile,24B] from FlowFile[2630,100418988047300.mockFlowFile,24B]; routing to relationship simple
[pool-3637-thread-1] INFO org.apache.nifi.processors.standard.RouteText - RouteText[id=bf0f7ccb-620f-4544-b652-03cd51d8645e] Routing FlowFile[2630,100418988047300.mockFlowFile,24B] to original
[main] DEBUG org.apache.nifi.processors.standard.RouteText - RouteText[id=bf0f7ccb-620f-4544-b652-03cd51d8645e] Adding new dynamic property: PropertyDescriptor[simple]
[pool-3638-thread-1] INFO org.apache.nifi.processors.standard.RouteText - RouteText[id=bf0f7ccb-620f-4544-b652-03cd51d8645e] Created FlowFile[2633,100418988487935.mockFlowFile,24B] from FlowFile[2632,100418988487935.mockFlowFile,24B]; routing to relationship simple
[pool-3638-thread-1] INFO org.apache.nifi.processors.standard.RouteText - RouteText[id=bf0f7ccb-620f-4544-b652-03cd51d8645e] Routing FlowFile[2632,100418988487935.mockFlowFile,24B] to original
[main] DEBUG org.apache.nifi.processors.standard.RouteText - RouteText[id=bf0f7ccb-620f-4544-b652-03cd51d8645e] Adding new dynamic property: PropertyDescriptor[simple]
[pool-3639-thread-1] INFO org.apache.nifi.processors.standard.RouteText - RouteText[id=bf0f7ccb-620f-4544-b652-03cd51d8645e] Created FlowFile[2635,100418988923734.mockFlowFile,24B] from FlowFile[2634,100418988923734.mockFlowFile,24B]; routing to relationship simple
[pool-3639-thread-1] INFO org.apache.nifi.processors.standard.RouteText - RouteText[id=bf0f7ccb-620f-4544-b652-03cd51d8645e] Routing FlowFile[2634,100418988923734.mockFlowFile,24B] to original
[main] DEBUG org.apache.nifi.processors.standard.RouteText - RouteText[id=bf0f7ccb-620f-4544-b652-03cd51d8645e] Adding new dynamic property: PropertyDescriptor[simple]
[pool-3640-thread-1] INFO org.apache.nifi.processors.standard.RouteText - RouteText[id=bf0f7ccb-620f-4544-b652-03cd51d8645e] Created FlowFile[2637,100418989387885.mockFlowFile,24B] from FlowFile[2636,100418989387885.mockFlowFile,24B]; routing to relationship simple
[pool-3640-thread-1] INFO org.apache.nifi.processors.standard.RouteText - RouteText[id=bf0f7ccb-620f-4544-b652-03cd51d8645e] Routing FlowFile[2636,100418989387885.mockFlowFile,24B] to original
[main] DEBUG org.apache.nifi.processors.standard.RouteText - RouteText[id=bf0f7ccb-620f-4544-b652-03cd51d8645e] Adding new dynamic property: PropertyDescriptor[simple]
[pool-3641-thread-1] INFO org.apache.nifi.processors.standard.RouteText - RouteText[id=bf0f7ccb-620f-4544-b652-03cd51d8645e] Created FlowFile[2639,100418989826867.mockFlowFile,24B] from FlowFile[2638,100418989826867.mockFlowFile,24B]; routing to relationship simple
[pool-3641-thread-1] INFO org.apache.nifi.processors.standard.RouteText - RouteText[id=bf0f7ccb-620f-4544-b652-03cd51d8645e] Routing FlowFile[2638,100418989826867.mockFlowFile,24B] to original
[main] DEBUG org.apache.nifi.processors.standard.RouteText - RouteText[id=bf0f7ccb-620f-4544-b652-03cd51d8645e] Adding new dynamic property: PropertyDescriptor[simple]
[pool-3642-thread-1] INFO org.apache.nifi.processors.standard.RouteText - RouteText[id=bf0f7ccb-620f-4544-b652-03cd51d8645e] Created FlowFile[2641,100418990276938.mockFlowFile,24B] from FlowFile[2640,100418990276938.mockFlowFile,24B]; routing to relationship simple
[pool-3642-thread-1] INFO org.apache.nifi.processors.standard.RouteText - RouteText[id=bf0f7ccb-620f-4544-b652-03cd51d8645e] Routing FlowFile[2640,100418990276938.mockFlowFile,24B] to original
[main] DEBUG org.apache.nifi.processors.standard.RouteText - RouteText[id=bf0f7ccb-620f-4544-b652-03cd51d8645e] Adding new dynamic property: PropertyDescriptor[simple]
[pool-3643-thread-1] INFO org.apache.nifi.processors.standard.RouteText - RouteText[id=bf0f7ccb-620f-4544-b652-03cd51d8645e] Created FlowFile[2643,100418990714001.mockFlowFile,24B] from FlowFile[2642,100418990714001.mockFlowFile,24B]; routing to relationship simple
[pool-3643-thread-1] INFO org.apache.nifi.processors.standard.RouteText - RouteText[id=bf0f7ccb-620f-4544-b652-03cd51d8645e] Routing FlowFile[2642,100418990714001.mockFlowFile,24B] to original
[main] DEBUG org.apache.nifi.processors.standard.RouteText - RouteText[id=bf0f7ccb-620f-4544-b652-03cd51d8645e] Adding new dynamic property: PropertyDescriptor[simple]
[pool-3644-thread-1] INFO org.apache.nifi.processors.standard.RouteText - RouteText[id=bf0f7ccb-620f-4544-b652-03cd51d8645e] Created FlowFile[2645,100418991148167.mockFlowFile,24B] from FlowFile[2644,100418991148167.mockFlowFile,24B]; routing to relationship simple
[pool-3644-thread-1] INFO org.apache.nifi.processors.standard.RouteText - RouteText[id=bf0f7ccb-620f-4544-b652-03cd51d8645e] Routing FlowFile[2644,100418991148167.mockFlowFile,24B] to original
[main] DEBUG org.apache.nifi.processors.standard.RouteText - RouteText[id=bf0f7ccb-620f-4544-b652-03cd51d8645e] Adding new dynamic property: PropertyDescriptor[simple]
[pool-3645-thread-1] INFO org.apache.nifi.processors.standard.RouteText - RouteText[id=bf0f7ccb-620f-4544-b652-03cd51d8645e] Created FlowFile[2647,100418991579665.mockFlowFile,24B] from FlowFile[2646,100418991579665.mockFlowFile,24B]; routing to relationship simple
[pool-3645-thread-1] INFO org.apache.nifi.processors.standard.RouteText - RouteText[id=bf0f7ccb-620f-4544-b652-03cd51d8645e] Routing FlowFile[2646,100418991579665.mockFlowFile,24B] to original
[main] DEBUG org.apache.nifi.processors.standard.RouteText - RouteText[id=bf0f7ccb-620f-4544-b652-03cd51d8645e] Adding new dynamic property: PropertyDescriptor[simple]
[pool-3646-thread-1] INFO org.apache.nifi.processors.standard.RouteText - RouteText[id=bf0f7ccb-620f-4544-b652-03cd51d8645e] Created FlowFile[2649,100418992171168.mockFlowFile,24B] from FlowFile[2648,100418992171168.mockFlowFile,24B]; routing to relationship simple
[pool-3646-thread-1] INFO org.apache.nifi.processors.standard.RouteText - RouteText[id=bf0f7ccb-620f-4544-b652-03cd51d8645e] Routing FlowFile[2648,100418992171168.mockFlowFile,24B] to original
[main] DEBUG org.apache.nifi.processors.standard.RouteText - RouteText[id=bf0f7ccb-620f-4544-b652-03cd51d8645e] Adding new dynamic property: PropertyDescriptor[simple]
[pool-3647-thread-1] INFO org.apache.nifi.processors.standard.RouteText - RouteText[id=bf0f7ccb-620f-4544-b652-03cd51d8645e] Created FlowFile[2651,100418992652497.mockFlowFile,24B] from FlowFile[2650,100418992652497.mockFlowFile,24B]; routing to relationship simple
[pool-3647-thread-1] INFO org.apache.nifi.processors.standard.RouteText - RouteText[id=bf0f7ccb-620f-4544-b652-03cd51d8645e] Routing FlowFile[2650,100418992652497.mockFlowFile,24B] to original
[main] DEBUG org.apache.nifi.processors.standard.RouteText - RouteText[id=bf0f7ccb-620f-4544-b652-03cd51d8645e] Adding new dynamic property: PropertyDescriptor[simple]
[pool-3648-thread-1] INFO org.apache.nifi.processors.standard.RouteText - RouteText[id=bf0f7ccb-620f-4544-b652-03cd51d8645e] Created FlowFile[2653,100418993106680.mockFlowFile,24B] from FlowFile[2652,100418993106680.mockFlowFile,24B]; routing to relationship simple
[pool-3648-thread-1] INFO org.apache.nifi.processors.standard.RouteText - RouteText[id=bf0f7ccb-620f-4544-b652-03cd51d8645e] Routing FlowFile[2652,100418993106680.mockFlowFile,24B] to original
[main] DEBUG org.apache.nifi.processors.standard.RouteText - RouteText[id=bf0f7ccb-620f-4544-b652-03cd51d8645e] Adding new dynamic property: PropertyDescriptor[simple]
[pool-3649-thread-1] INFO org.apache.nifi.processors.standard.RouteText - RouteText[id=bf0f7ccb-620f-4544-b652-03cd51d8645e] Created FlowFile[2655,100418993547851.mockFlowFile,24B] from FlowFile[2654,100418993547851.mockFlowFile,24B]; routing to relationship simple
[pool-3649-thread-1] INFO org.apache.nifi.processors.standard.RouteText - RouteText[id=bf0f7ccb-620f-4544-b652-03cd51d8645e] Routing FlowFile[2654,100418993547851.mockFlowFile,24B] to original
[main] DEBUG org.apache.nifi.processors.standard.RouteText - RouteText[id=bf0f7ccb-620f-4544-b652-03cd51d8645e] Adding new dynamic property: PropertyDescriptor[simple]
[pool-3650-thread-1] INFO org.apache.nifi.processors.standard.RouteText - RouteText[id=bf0f7ccb-620f-4544-b652-03cd51d8645e] Created FlowFile[2657,100418993995248.mockFlowFile,24B] from FlowFile[2656,100418993995248.mockFlowFile,24B]; routing to relationship simple
[pool-3650-thread-1] INFO org.apache.nifi.processors.standard.RouteText - RouteText[id=bf0f7ccb-620f-4544-b652-03cd51d8645e] Routing FlowFile[2656,100418993995248.mockFlowFile,24B] to original
[main] DEBUG org.apache.nifi.processors.standard.RouteText - RouteText[id=bf0f7ccb-620f-4544-b652-03cd51d8645e] Adding new dynamic property: PropertyDescriptor[simple]
[pool-3651-thread-1] INFO org.apache.nifi.processors.standard.RouteText - RouteText[id=bf0f7ccb-620f-4544-b652-03cd51d8645e] Created FlowFile[2659,100418994409878.mockFlowFile,24B] from FlowFile[2658,100418994409878.mockFlowFile,24B]; routing to relationship simple
[pool-3651-thread-1] INFO org.apache.nifi.processors.standard.RouteText - RouteText[id=bf0f7ccb-620f-4544-b652-03cd51d8645e] Routing FlowFile[2658,100418994409878.mockFlowFile,24B] to original
[main] DEBUG org.apache.nifi.processors.standard.RouteText - RouteText[id=bf0f7ccb-620f-4544-b652-03cd51d8645e] Adding new dynamic property: PropertyDescriptor[simple]
[pool-3652-thread-1] INFO org.apache.nifi.processors.standard.RouteText - RouteText[id=bf0f7ccb-620f-4544-b652-03cd51d8645e] Created FlowFile[2661,100418994844149.mockFlowFile,24B] from FlowFile[2660,100418994844149.mockFlowFile,24B]; routing to relationship simple
[pool-3652-thread-1] INFO org.apache.nifi.processors.standard.RouteText - RouteText[id=bf0f7ccb-620f-4544-b652-03cd51d8645e] Routing FlowFile[2660,100418994844149.mockFlowFile,24B] to original
[main] DEBUG org.apache.nifi.processors.standard.RouteText - RouteText[id=bf0f7ccb-620f-4544-b652-03cd51d8645e] Adding new dynamic property: PropertyDescriptor[simple]
[pool-3653-thread-1] INFO org.apache.nifi.processors.standard.RouteText - RouteText[id=bf0f7ccb-620f-4544-b652-03cd51d8645e] Created FlowFile[2663,100418995454726.mockFlowFile,24B] from FlowFile[2662,100418995454726.mockFlowFile,24B]; routing to relationship simple
[pool-3653-thread-1] INFO org.apache.nifi.processors.standard.RouteText - RouteText[id=bf0f7ccb-620f-4544-b652-03cd51d8645e] Routing FlowFile[2662,100418995454726.mockFlowFile,24B] to original
[main] DEBUG org.apache.nifi.processors.standard.RouteText - RouteText[id=bf0f7ccb-620f-4544-b652-03cd51d8645e] Adding new dynamic property: PropertyDescriptor[simple]
[pool-3654-thread-1] INFO org.apache.nifi.processors.standard.RouteText - RouteText[id=bf0f7ccb-620f-4544-b652-03cd51d8645e] Created FlowFile[2665,100418995928035.mockFlowFile,24B] from FlowFile[2664,100418995928035.mockFlowFile,24B]; routing to relationship simple
[pool-3654-thread-1] INFO org.apache.nifi.processors.standard.RouteText - RouteText[id=bf0f7ccb-620f-4544-b652-03cd51d8645e] Routing FlowFile[2664,100418995928035.mockFlowFile,24B] to original
[main] DEBUG org.apache.nifi.processors.standard.RouteText - RouteText[id=bf0f7ccb-620f-4544-b652-03cd51d8645e] Adding new dynamic property: PropertyDescriptor[simple]
[pool-3655-thread-1] INFO org.apache.nifi.processors.standard.RouteText - RouteText[id=bf0f7ccb-620f-4544-b652-03cd51d8645e] Created FlowFile[2667,100418996404908.mockFlowFile,24B] from FlowFile[2666,100418996404908.mockFlowFile,24B]; routing to relationship simple
[pool-3655-thread-1] INFO org.apache.nifi.processors.standard.RouteText - RouteText[id=bf0f7ccb-620f-4544-b652-03cd51d8645e] Routing FlowFile[2666,100418996404908.mockFlowFile,24B] to original
[main] DEBUG org.apache.nifi.processors.standard.RouteText - RouteText[id=bf0f7ccb-620f-4544-b652-03cd51d8645e] Adding new dynamic property: PropertyDescriptor[simple]
[pool-3656-thread-1] INFO org.apache.nifi.processors.standard.RouteText - RouteText[id=bf0f7ccb-620f-4544-b652-03cd51d8645e] Created FlowFile[2669,100418996974018.mockFlowFile,24B] from FlowFile[2668,100418996974018.mockFlowFile,24B]; routing to relationship simple
[pool-3656-thread-1] INFO org.apache.nifi.processors.standard.RouteText - RouteText[id=bf0f7ccb-620f-4544-b652-03cd51d8645e] Routing FlowFile[2668,100418996974018.mockFlowFile,24B] to original
[main] DEBUG org.apache.nifi.processors.standard.RouteText - RouteText[id=bf0f7ccb-620f-4544-b652-03cd51d8645e] Adding new dynamic property: PropertyDescriptor[simple]
[pool-3657-thread-1] INFO org.apache.nifi.processors.standard.RouteText - RouteText[id=bf0f7ccb-620f-4544-b652-03cd51d8645e] Created FlowFile[2671,100418997473509.mockFlowFile,24B] from FlowFile[2670,100418997473509.mockFlowFile,24B]; routing to relationship simple
[pool-3657-thread-1] INFO org.apache.nifi.processors.standard.RouteText - RouteText[id=bf0f7ccb-620f-4544-b652-03cd51d8645e] Routing FlowFile[2670,100418997473509.mockFlowFile,24B] to original
[main] DEBUG org.apache.nifi.processors.standard.RouteText - RouteText[id=bf0f7ccb-620f-4544-b652-03cd51d8645e] Adding new dynamic property: PropertyDescriptor[simple]
[pool-3658-thread-1] INFO org.apache.nifi.processors.standard.RouteText - RouteText[id=bf0f7ccb-620f-4544-b652-03cd51d8645e] Created FlowFile[2673,100418997951847.mockFlowFile,24B] from FlowFile[2672,100418997951847.mockFlowFile,24B]; routing to relationship simple
[pool-3658-thread-1] INFO org.apache.nifi.processors.standard.RouteText - RouteText[id=bf0f7ccb-620f-4544-b652-03cd51d8645e] Routing FlowFile[2672,100418997951847.mockFlowFile,24B] to original
[main] DEBUG org.apache.nifi.processors.standard.RouteText - RouteText[id=bf0f7ccb-620f-4544-b652-03cd51d8645e] Adding new dynamic property: PropertyDescriptor[simple]
[pool-3659-thread-1] INFO org.apache.nifi.processors.standard.RouteText - RouteText[id=bf0f7ccb-620f-4544-b652-03cd51d8645e] Created FlowFile[2675,100418998413809.mockFlowFile,24B] from FlowFile[2674,100418998413809.mockFlowFile,24B]; routing to relationship simple
[pool-3659-thread-1] INFO org.apache.nifi.processors.standard.RouteText - RouteText[id=bf0f7ccb-620f-4544-b652-03cd51d8645e] Routing FlowFile[2674,100418998413809.mockFlowFile,24B] to original
[main] DEBUG org.apache.nifi.processors.standard.RouteText - RouteText[id=bf0f7ccb-620f-4544-b652-03cd51d8645e] Adding new dynamic property: PropertyDescriptor[simple]
[pool-3660-thread-1] INFO org.apache.nifi.processors.standard.RouteText - RouteText[id=bf0f7ccb-620f-4544-b652-03cd51d8645e] Created FlowFile[2677,100418998881662.mockFlowFile,24B] from FlowFile[2676,100418998881662.mockFlowFile,24B]; routing to relationship simple
[pool-3660-thread-1] INFO org.apache.nifi.processors.standard.RouteText - RouteText[id=bf0f7ccb-620f-4544-b652-03cd51d8645e] Routing FlowFile[2676,100418998881662.mockFlowFile,24B] to original
[main] DEBUG org.apache.nifi.processors.standard.RouteText - RouteText[id=bf0f7ccb-620f-4544-b652-03cd51d8645e] Adding new dynamic property: PropertyDescriptor[simple]
[pool-3661-thread-1] INFO org.apache.nifi.processors.standard.RouteText - RouteText[id=bf0f7ccb-620f-4544-b652-03cd51d8645e] Created FlowFile[2679,100418999353687.mockFlowFile,24B] from FlowFile[2678,100418999353687.mockFlowFile,24B]; routing to relationship simple
[pool-3661-thread-1] INFO org.apache.nifi.processors.standard.RouteText - RouteText[id=bf0f7ccb-620f-4544-b652-03cd51d8645e] Routing FlowFile[2678,100418999353687.mockFlowFile,24B] to original
[main] DEBUG org.apache.nifi.processors.standard.RouteText - RouteText[id=bf0f7ccb-620f-4544-b652-03cd51d8645e] Adding new dynamic property: PropertyDescriptor[simple]
[pool-3662-thread-1] INFO org.apache.nifi.processors.standard.RouteText - RouteText[id=bf0f7ccb-620f-4544-b652-03cd51d8645e] Created FlowFile[2681,100418999807953.mockFlowFile,24B] from FlowFile[2680,100418999807953.mockFlowFile,24B]; routing to relationship simple
[pool-3662-thread-1] INFO org.apache.nifi.processors.standard.RouteText - RouteText[id=bf0f7ccb-620f-4544-b652-03cd51d8645e] Routing FlowFile[2680,100418999807953.mockFlowFile,24B] to original
[main] DEBUG org.apache.nifi.processors.standard.RouteText - RouteText[id=bf0f7ccb-620f-4544-b652-03cd51d8645e] Adding new dynamic property: PropertyDescriptor[simple]
[pool-3663-thread-1] INFO org.apache.nifi.processors.standard.RouteText - RouteText[id=bf0f7ccb-620f-4544-b652-03cd51d8645e] Created FlowFile[2683,100419000295872.mockFlowFile,24B] from FlowFile[2682,100419000295872.mockFlowFile,24B]; routing to relationship simple
[pool-3663-thread-1] INFO org.apache.nifi.processors.standard.RouteText - RouteText[id=bf0f7ccb-620f-4544-b652-03cd51d8645e] Routing FlowFile[2682,100419000295872.mockFlowFile,24B] to original
[main] DEBUG org.apache.nifi.processors.standard.RouteText - RouteText[id=bf0f7ccb-620f-4544-b652-03cd51d8645e] Adding new dynamic property: PropertyDescriptor[simple]
[pool-3664-thread-1] INFO org.apache.nifi.processors.standard.RouteText - RouteText[id=bf0f7ccb-620f-4544-b652-03cd51d8645e] Created FlowFile[2685,100419000754648.mockFlowFile,24B] from FlowFile[2684,100419000754648.mockFlowFile,24B]; routing to relationship simple
[pool-3664-thread-1] INFO org.apache.nifi.processors.standard.RouteText - RouteText[id=bf0f7ccb-620f-4544-b652-03cd51d8645e] Routing FlowFile[2684,100419000754648.mockFlowFile,24B] to original
[main] DEBUG org.apache.nifi.processors.standard.RouteText - RouteText[id=bf0f7ccb-620f-4544-b652-03cd51d8645e] Adding new dynamic property: PropertyDescriptor[simple]
[pool-3665-thread-1] INFO org.apache.nifi.processors.standard.RouteText - RouteText[id=bf0f7ccb-620f-4544-b652-03cd51d8645e] Created FlowFile[2687,100419001211894.mockFlowFile,24B] from FlowFile[2686,100419001211894.mockFlowFile,24B]; routing to relationship simple
[pool-3665-thread-1] INFO org.apache.nifi.processors.standard.RouteText - RouteText[id=bf0f7ccb-620f-4544-b652-03cd51d8645e] Routing FlowFile[2686,100419001211894.mockFlowFile,24B] to original
[main] DEBUG org.apache.nifi.processors.standard.RouteText - RouteText[id=bf0f7ccb-620f-4544-b652-03cd51d8645e] Adding new dynamic property: PropertyDescriptor[simple]
[pool-3666-thread-1] INFO org.apache.nifi.processors.standard.RouteText - RouteText[id=bf0f7ccb-620f-4544-b652-03cd51d8645e] Created FlowFile[2689,100419001671224.mockFlowFile,24B] from FlowFile[2688,100419001671224.mockFlowFile,24B]; routing to relationship simple
[pool-3666-thread-1] INFO org.apache.nifi.processors.standard.RouteText - RouteText[id=bf0f7ccb-620f-4544-b652-03cd51d8645e] Routing FlowFile[2688,100419001671224.mockFlowFile,24B] to original
[main] DEBUG org.apache.nifi.processors.standard.RouteText - RouteText[id=bf0f7ccb-620f-4544-b652-03cd51d8645e] Adding new dynamic property: PropertyDescriptor[simple]
[pool-3667-thread-1] INFO org.apache.nifi.processors.standard.RouteText - RouteText[id=bf0f7ccb-620f-4544-b652-03cd51d8645e] Created FlowFile[2691,100419002128412.mockFlowFile,24B] from FlowFile[2690,100419002128412.mockFlowFile,24B]; routing to relationship simple
[pool-3667-thread-1] INFO org.apache.nifi.processors.standard.RouteText - RouteText[id=bf0f7ccb-620f-4544-b652-03cd51d8645e] Routing FlowFile[2690,100419002128412.mockFlowFile,24B] to original
[main] DEBUG org.apache.nifi.processors.standard.RouteText - RouteText[id=bf0f7ccb-620f-4544-b652-03cd51d8645e] Adding new dynamic property: PropertyDescriptor[simple]
[pool-3668-thread-1] INFO org.apache.nifi.processors.standard.RouteText - RouteText[id=bf0f7ccb-620f-4544-b652-03cd51d8645e] Created FlowFile[2693,100419002585658.mockFlowFile,24B] from FlowFile[2692,100419002585658.mockFlowFile,24B]; routing to relationship simple
[pool-3668-thread-1] INFO org.apache.nifi.processors.standard.RouteText - RouteText[id=bf0f7ccb-620f-4544-b652-03cd51d8645e] Routing FlowFile[2692,100419002585658.mockFlowFile,24B] to original
[main] DEBUG org.apache.nifi.processors.standard.RouteText - RouteText[id=bf0f7ccb-620f-4544-b652-03cd51d8645e] Adding new dynamic property: PropertyDescriptor[simple]
[pool-3669-thread-1] INFO org.apache.nifi.processors.standard.RouteText - RouteText[id=bf0f7ccb-620f-4544-b652-03cd51d8645e] Created FlowFile[2695,100419003029941.mockFlowFile,24B] from FlowFile[2694,100419003029941.mockFlowFile,24B]; routing to relationship simple
[pool-3669-thread-1] INFO org.apache.nifi.processors.standard.RouteText - RouteText[id=bf0f7ccb-620f-4544-b652-03cd51d8645e] Routing FlowFile[2694,100419003029941.mockFlowFile,24B] to original
[main] DEBUG org.apache.nifi.processors.standard.RouteText - RouteText[id=bf0f7ccb-620f-4544-b652-03cd51d8645e] Adding new dynamic property: PropertyDescriptor[simple]
[pool-3670-thread-1] INFO org.apache.nifi.processors.standard.RouteText - RouteText[id=bf0f7ccb-620f-4544-b652-03cd51d8645e] Created FlowFile[2697,100419003455479.mockFlowFile,24B] from FlowFile[2696,100419003455479.mockFlowFile,24B]; routing to relationship simple
[pool-3670-thread-1] INFO org.apache.nifi.processors.standard.RouteText - RouteText[id=bf0f7ccb-620f-4544-b652-03cd51d8645e] Routing FlowFile[2696,100419003455479.mockFlowFile,24B] to original
[main] DEBUG org.apache.nifi.processors.standard.RouteText - RouteText[id=bf0f7ccb-620f-4544-b652-03cd51d8645e] Adding new dynamic property: PropertyDescriptor[simple]
[pool-3671-thread-1] INFO org.apache.nifi.processors.standard.RouteText - RouteText[id=bf0f7ccb-620f-4544-b652-03cd51d8645e] Created FlowFile[2699,100419003918613.mockFlowFile,24B] from FlowFile[2698,100419003918613.mockFlowFile,24B]; routing to relationship simple
[pool-3671-thread-1] INFO org.apache.nifi.processors.standard.RouteText - RouteText[id=bf0f7ccb-620f-4544-b652-03cd51d8645e] Routing FlowFile[2698,100419003918613.mockFlowFile,24B] to original
[main] DEBUG org.apache.nifi.processors.standard.RouteText - RouteText[id=bf0f7ccb-620f-4544-b652-03cd51d8645e] Adding new dynamic property: PropertyDescriptor[simple]
[pool-3672-thread-1] INFO org.apache.nifi.processors.standard.RouteText - RouteText[id=bf0f7ccb-620f-4544-b652-03cd51d8645e] Created FlowFile[2701,100419004509425.mockFlowFile,24B] from FlowFile[2700,100419004509425.mockFlowFile,24B]; routing to relationship simple
[pool-3672-thread-1] INFO org.apache.nifi.processors.standard.RouteText - RouteText[id=bf0f7ccb-620f-4544-b652-03cd51d8645e] Routing FlowFile[2700,100419004509425.mockFlowFile,24B] to original
[main] DEBUG org.apache.nifi.processors.standard.RouteText - RouteText[id=bf0f7ccb-620f-4544-b652-03cd51d8645e] Adding new dynamic property: PropertyDescriptor[simple]
[pool-3673-thread-1] INFO org.apache.nifi.processors.standard.RouteText - RouteText[id=bf0f7ccb-620f-4544-b652-03cd51d8645e] Created FlowFile[2703,100419004965662.mockFlowFile,24B] from FlowFile[2702,100419004965662.mockFlowFile,24B]; routing to relationship simple
[pool-3673-thread-1] INFO org.apache.nifi.processors.standard.RouteText - RouteText[id=bf0f7ccb-620f-4544-b652-03cd51d8645e] Routing FlowFile[2702,100419004965662.mockFlowFile,24B] to original
[main] DEBUG org.apache.nifi.processors.standard.RouteText - RouteText[id=bf0f7ccb-620f-4544-b652-03cd51d8645e] Adding new dynamic property: PropertyDescriptor[simple]
[pool-3674-thread-1] INFO org.apache.nifi.processors.standard.RouteText - RouteText[id=bf0f7ccb-620f-4544-b652-03cd51d8645e] Created FlowFile[2705,100419005424095.mockFlowFile,24B] from FlowFile[2704,100419005424095.mockFlowFile,24B]; routing to relationship simple
[pool-3674-thread-1] INFO org.apache.nifi.processors.standard.RouteText - RouteText[id=bf0f7ccb-620f-4544-b652-03cd51d8645e] Routing FlowFile[2704,100419005424095.mockFlowFile,24B] to original
[main] DEBUG org.apache.nifi.processors.standard.RouteText - RouteText[id=bf0f7ccb-620f-4544-b652-03cd51d8645e] Adding new dynamic property: PropertyDescriptor[simple]
[pool-3675-thread-1] INFO org.apache.nifi.processors.standard.RouteText - RouteText[id=bf0f7ccb-620f-4544-b652-03cd51d8645e] Created FlowFile[2707,100419005884240.mockFlowFile,24B] from FlowFile[2706,100419005884240.mockFlowFile,24B]; routing to relationship simple
[pool-3675-thread-1] INFO org.apache.nifi.processors.standard.RouteText - RouteText[id=bf0f7ccb-620f-4544-b652-03cd51d8645e] Routing FlowFile[2706,100419005884240.mockFlowFile,24B] to original
[main] DEBUG org.apache.nifi.processors.standard.RouteText - RouteText[id=bf0f7ccb-620f-4544-b652-03cd51d8645e] Adding new dynamic property: PropertyDescriptor[simple]
[pool-3676-thread-1] INFO org.apache.nifi.processors.standard.RouteText - RouteText[id=bf0f7ccb-620f-4544-b652-03cd51d8645e] Created FlowFile[2709,100419006349867.mockFlowFile,24B] from FlowFile[2708,100419006349867.mockFlowFile,24B]; routing to relationship simple
[pool-3676-thread-1] INFO org.apache.nifi.processors.standard.RouteText - RouteText[id=bf0f7ccb-620f-4544-b652-03cd51d8645e] Routing FlowFile[2708,100419006349867.mockFlowFile,24B] to original
[main] DEBUG org.apache.nifi.processors.standard.RouteText - RouteText[id=bf0f7ccb-620f-4544-b652-03cd51d8645e] Adding new dynamic property: PropertyDescriptor[simple]
[pool-3677-thread-1] INFO org.apache.nifi.processors.standard.RouteText - RouteText[id=bf0f7ccb-620f-4544-b652-03cd51d8645e] Created FlowFile[2711,100419006768507.mockFlowFile,24B] from FlowFile[2710,100419006768507.mockFlowFile,24B]; routing to relationship simple
[pool-3677-thread-1] INFO org.apache.nifi.processors.standard.RouteText - RouteText[id=bf0f7ccb-620f-4544-b652-03cd51d8645e] Routing FlowFile[2710,100419006768507.mockFlowFile,24B] to original
[main] DEBUG org.apache.nifi.processors.standard.RouteText - RouteText[id=bf0f7ccb-620f-4544-b652-03cd51d8645e] Adding new dynamic property: PropertyDescriptor[simple]
[pool-3678-thread-1] INFO org.apache.nifi.processors.standard.RouteText - RouteText[id=bf0f7ccb-620f-4544-b652-03cd51d8645e] Created FlowFile[2713,100419007198007.mockFlowFile,24B] from FlowFile[2712,100419007198007.mockFlowFile,24B]; routing to relationship simple
[pool-3678-thread-1] INFO org.apache.nifi.processors.standard.RouteText - RouteText[id=bf0f7ccb-620f-4544-b652-03cd51d8645e] Routing FlowFile[2712,100419007198007.mockFlowFile,24B] to original
[main] DEBUG org.apache.nifi.processors.standard.RouteText - RouteText[id=bf0f7ccb-620f-4544-b652-03cd51d8645e] Adding new dynamic property: PropertyDescriptor[simple]
[pool-3679-thread-1] INFO org.apache.nifi.processors.standard.RouteText - RouteText[id=bf0f7ccb-620f-4544-b652-03cd51d8645e] Created FlowFile[2715,100419007663000.mockFlowFile,24B] from FlowFile[2714,100419007663000.mockFlowFile,24B]; routing to relationship simple
[pool-3679-thread-1] INFO org.apache.nifi.processors.standard.RouteText - RouteText[id=bf0f7ccb-620f-4544-b652-03cd51d8645e] Routing FlowFile[2714,100419007663000.mockFlowFile,24B] to original
[main] DEBUG org.apache.nifi.processors.standard.RouteText - RouteText[id=bf0f7ccb-620f-4544-b652-03cd51d8645e] Adding new dynamic property: PropertyDescriptor[simple]
[pool-3680-thread-1] INFO org.apache.nifi.processors.standard.RouteText - RouteText[id=bf0f7ccb-620f-4544-b652-03cd51d8645e] Created FlowFile[2717,100419008126746.mockFlowFile,24B] from FlowFile[2716,100419008126746.mockFlowFile,24B]; routing to relationship simple
[pool-3680-thread-1] INFO org.apache.nifi.processors.standard.RouteText - RouteText[id=bf0f7ccb-620f-4544-b652-03cd51d8645e] Routing FlowFile[2716,100419008126746.mockFlowFile,24B] to original
[main] DEBUG org.apache.nifi.processors.standard.RouteText - RouteText[id=bf0f7ccb-620f-4544-b652-03cd51d8645e] Adding new dynamic property: PropertyDescriptor[simple]
[pool-3681-thread-1] INFO org.apache.nifi.processors.standard.RouteText - RouteText[id=bf0f7ccb-620f-4544-b652-03cd51d8645e] Created FlowFile[2719,100419008629938.mockFlowFile,24B] from FlowFile[2718,100419008629938.mockFlowFile,24B]; routing to relationship simple
[pool-3681-thread-1] INFO org.apache.nifi.processors.standard.RouteText - RouteText[id=bf0f7ccb-620f-4544-b652-03cd51d8645e] Routing FlowFile[2718,100419008629938.mockFlowFile,24B] to original
[main] DEBUG org.apache.nifi.processors.standard.RouteText - RouteText[id=bf0f7ccb-620f-4544-b652-03cd51d8645e] Adding new dynamic property: PropertyDescriptor[simple]
[pool-3682-thread-1] INFO org.apache.nifi.processors.standard.RouteText - RouteText[id=bf0f7ccb-620f-4544-b652-03cd51d8645e] Created FlowFile[2721,100419009195356.mockFlowFile,24B] from FlowFile[2720,100419009195356.mockFlowFile,24B]; routing to relationship simple
[pool-3682-thread-1] INFO org.apache.nifi.processors.standard.RouteText - RouteText[id=bf0f7ccb-620f-4544-b652-03cd51d8645e] Routing FlowFile[2720,100419009195356.mockFlowFile,24B] to original
[main] DEBUG org.apache.nifi.processors.standard.RouteText - RouteText[id=bf0f7ccb-620f-4544-b652-03cd51d8645e] Adding new dynamic property: PropertyDescriptor[simple]
[pool-3683-thread-1] INFO org.apache.nifi.processors.standard.RouteText - RouteText[id=bf0f7ccb-620f-4544-b652-03cd51d8645e] Created FlowFile[2723,100419009651809.mockFlowFile,24B] from FlowFile[2722,100419009651809.mockFlowFile,24B]; routing to relationship simple
[pool-3683-thread-1] INFO org.apache.nifi.processors.standard.RouteText - RouteText[id=bf0f7ccb-620f-4544-b652-03cd51d8645e] Routing FlowFile[2722,100419009651809.mockFlowFile,24B] to original
[main] DEBUG org.apache.nifi.processors.standard.RouteText - RouteText[id=bf0f7ccb-620f-4544-b652-03cd51d8645e] Adding new dynamic property: PropertyDescriptor[simple]
[pool-3684-thread-1] INFO org.apache.nifi.processors.standard.RouteText - RouteText[id=bf0f7ccb-620f-4544-b652-03cd51d8645e] Created FlowFile[2725,100419010097779.mockFlowFile,24B] from FlowFile[2724,100419010097779.mockFlowFile,24B]; routing to relationship simple
[pool-3684-thread-1] INFO org.apache.nifi.processors.standard.RouteText - RouteText[id=bf0f7ccb-620f-4544-b652-03cd51d8645e] Routing FlowFile[2724,100419010097779.mockFlowFile,24B] to original
[main] DEBUG org.apache.nifi.processors.standard.RouteText - RouteText[id=bf0f7ccb-620f-4544-b652-03cd51d8645e] Adding new dynamic property: PropertyDescriptor[simple]
[pool-3685-thread-1] INFO org.apache.nifi.processors.standard.RouteText - RouteText[id=bf0f7ccb-620f-4544-b652-03cd51d8645e] Created FlowFile[2727,100419010543894.mockFlowFile,24B] from FlowFile[2726,100419010543894.mockFlowFile,24B]; routing to relationship simple
[pool-3685-thread-1] INFO org.apache.nifi.processors.standard.RouteText - RouteText[id=bf0f7ccb-620f-4544-b652-03cd51d8645e] Routing FlowFile[2726,100419010543894.mockFlowFile,24B] to original
[main] DEBUG org.apache.nifi.processors.standard.RouteText - RouteText[id=bf0f7ccb-620f-4544-b652-03cd51d8645e] Adding new dynamic property: PropertyDescriptor[simple]
[pool-3686-thread-1] INFO org.apache.nifi.processors.standard.RouteText - RouteText[id=bf0f7ccb-620f-4544-b652-03cd51d8645e] Created FlowFile[2729,100419011005082.mockFlowFile,24B] from FlowFile[2728,100419011005082.mockFlowFile,24B]; routing to relationship simple
[pool-3686-thread-1] INFO org.apache.nifi.processors.standard.RouteText - RouteText[id=bf0f7ccb-620f-4544-b652-03cd51d8645e] Routing FlowFile[2728,100419011005082.mockFlowFile,24B] to original
[main] DEBUG org.apache.nifi.processors.standard.RouteText - RouteText[id=bf0f7ccb-620f-4544-b652-03cd51d8645e] Adding new dynamic property: PropertyDescriptor[simple]
[pool-3687-thread-1] INFO org.apache.nifi.processors.standard.RouteText - RouteText[id=bf0f7ccb-620f-4544-b652-03cd51d8645e] Created FlowFile[2731,100419011473392.mockFlowFile,24B] from FlowFile[2730,100419011473392.mockFlowFile,24B]; routing to relationship simple
[pool-3687-thread-1] INFO org.apache.nifi.processors.standard.RouteText - RouteText[id=bf0f7ccb-620f-4544-b652-03cd51d8645e] Routing FlowFile[2730,100419011473392.mockFlowFile,24B] to original
[main] DEBUG org.apache.nifi.processors.standard.RouteText - RouteText[id=bf0f7ccb-620f-4544-b652-03cd51d8645e] Adding new dynamic property: PropertyDescriptor[simple]
[pool-3688-thread-1] INFO org.apache.nifi.processors.standard.RouteText - RouteText[id=bf0f7ccb-620f-4544-b652-03cd51d8645e] Created FlowFile[2733,100419011943917.mockFlowFile,24B] from FlowFile[2732,100419011943917.mockFlowFile,24B]; routing to relationship simple
[pool-3688-thread-1] INFO org.apache.nifi.processors.standard.RouteText - RouteText[id=bf0f7ccb-620f-4544-b652-03cd51d8645e] Routing FlowFile[2732,100419011943917.mockFlowFile,24B] to original
[main] DEBUG org.apache.nifi.processors.standard.RouteText - RouteText[id=bf0f7ccb-620f-4544-b652-03cd51d8645e] Adding new dynamic property: PropertyDescriptor[simple]
[pool-3689-thread-1] INFO org.apache.nifi.processors.standard.RouteText - RouteText[id=bf0f7ccb-620f-4544-b652-03cd51d8645e] Created FlowFile[2735,100419012453693.mockFlowFile,24B] from FlowFile[2734,100419012453693.mockFlowFile,24B]; routing to relationship simple
[pool-3689-thread-1] INFO org.apache.nifi.processors.standard.RouteText - RouteText[id=bf0f7ccb-620f-4544-b652-03cd51d8645e] Routing FlowFile[2734,100419012453693.mockFlowFile,24B] to original
[main] DEBUG org.apache.nifi.processors.standard.RouteText - RouteText[id=bf0f7ccb-620f-4544-b652-03cd51d8645e] Adding new dynamic property: PropertyDescriptor[simple]
[pool-3690-thread-1] INFO org.apache.nifi.processors.standard.RouteText - RouteText[id=bf0f7ccb-620f-4544-b652-03cd51d8645e] Created FlowFile[2737,100419012959900.mockFlowFile,24B] from FlowFile[2736,100419012959900.mockFlowFile,24B]; routing to relationship simple
[pool-3690-thread-1] INFO org.apache.nifi.processors.standard.RouteText - RouteText[id=bf0f7ccb-620f-4544-b652-03cd51d8645e] Routing FlowFile[2736,100419012959900.mockFlowFile,24B] to original
[main] DEBUG org.apache.nifi.processors.standard.RouteText - RouteText[id=bf0f7ccb-620f-4544-b652-03cd51d8645e] Adding new dynamic property: PropertyDescriptor[simple]
[pool-3691-thread-1] INFO org.apache.nifi.processors.standard.RouteText - RouteText[id=bf0f7ccb-620f-4544-b652-03cd51d8645e] Created FlowFile[2739,100419013430065.mockFlowFile,24B] from FlowFile[2738,100419013430065.mockFlowFile,24B]; routing to relationship simple
[pool-3691-thread-1] INFO org.apache.nifi.processors.standard.RouteText - RouteText[id=bf0f7ccb-620f-4544-b652-03cd51d8645e] Routing FlowFile[2738,100419013430065.mockFlowFile,24B] to original
[main] DEBUG org.apache.nifi.processors.standard.RouteText - RouteText[id=bf0f7ccb-620f-4544-b652-03cd51d8645e] Adding new dynamic property: PropertyDescriptor[simple]
[pool-3692-thread-1] INFO org.apache.nifi.processors.standard.RouteText - RouteText[id=bf0f7ccb-620f-4544-b652-03cd51d8645e] Created FlowFile[2741,100419013886906.mockFlowFile,24B] from FlowFile[2740,100419013886906.mockFlowFile,24B]; routing to relationship simple
[pool-3692-thread-1] INFO org.apache.nifi.processors.standard.RouteText - RouteText[id=bf0f7ccb-620f-4544-b652-03cd51d8645e] Routing FlowFile[2740,100419013886906.mockFlowFile,24B] to original
[main] DEBUG org.apache.nifi.processors.standard.RouteText - RouteText[id=bf0f7ccb-620f-4544-b652-03cd51d8645e] Adding new dynamic property: PropertyDescriptor[simple]
[pool-3693-thread-1] INFO org.apache.nifi.processors.standard.RouteText - RouteText[id=bf0f7ccb-620f-4544-b652-03cd51d8645e] Created FlowFile[2743,100419014348473.mockFlowFile,24B] from FlowFile[2742,100419014348473.mockFlowFile,24B]; routing to relationship simple
[pool-3693-thread-1] INFO org.apache.nifi.processors.standard.RouteText - RouteText[id=bf0f7ccb-620f-4544-b652-03cd51d8645e] Routing FlowFile[2742,100419014348473.mockFlowFile,24B] to original
[main] DEBUG org.apache.nifi.processors.standard.RouteText - RouteText[id=bf0f7ccb-620f-4544-b652-03cd51d8645e] Adding new dynamic property: PropertyDescriptor[simple]
[pool-3694-thread-1] INFO org.apache.nifi.processors.standard.RouteText - RouteText[id=bf0f7ccb-620f-4544-b652-03cd51d8645e] Created FlowFile[2745,100419014855719.mockFlowFile,24B] from FlowFile[2744,100419014855719.mockFlowFile,24B]; routing to relationship simple
[pool-3694-thread-1] INFO org.apache.nifi.processors.standard.RouteText - RouteText[id=bf0f7ccb-620f-4544-b652-03cd51d8645e] Routing FlowFile[2744,100419014855719.mockFlowFile,24B] to original
[main] DEBUG org.apache.nifi.processors.standard.RouteText - RouteText[id=bf0f7ccb-620f-4544-b652-03cd51d8645e] Adding new dynamic property: PropertyDescriptor[simple]
[pool-3695-thread-1] INFO org.apache.nifi.processors.standard.RouteText - RouteText[id=bf0f7ccb-620f-4544-b652-03cd51d8645e] Created FlowFile[2747,100419015369511.mockFlowFile,24B] from FlowFile[2746,100419015369511.mockFlowFile,24B]; routing to relationship simple
[pool-3695-thread-1] INFO org.apache.nifi.processors.standard.RouteText - RouteText[id=bf0f7ccb-620f-4544-b652-03cd51d8645e] Routing FlowFile[2746,100419015369511.mockFlowFile,24B] to original
[main] DEBUG org.apache.nifi.processors.standard.RouteText - RouteText[id=bf0f7ccb-620f-4544-b652-03cd51d8645e] Adding new dynamic property: PropertyDescriptor[simple]
[pool-3696-thread-1] INFO org.apache.nifi.processors.standard.RouteText - RouteText[id=bf0f7ccb-620f-4544-b652-03cd51d8645e] Created FlowFile[2749,100419015836201.mockFlowFile,24B] from FlowFile[2748,100419015836201.mockFlowFile,24B]; routing to relationship simple
[pool-3696-thread-1] INFO org.apache.nifi.processors.standard.RouteText - RouteText[id=bf0f7ccb-620f-4544-b652-03cd51d8645e] Routing FlowFile[2748,100419015836201.mockFlowFile,24B] to original
[main] DEBUG org.apache.nifi.processors.standard.RouteText - RouteText[id=bf0f7ccb-620f-4544-b652-03cd51d8645e] Adding new dynamic property: PropertyDescriptor[simple]
[pool-3697-thread-1] INFO org.apache.nifi.processors.standard.RouteText - RouteText[id=bf0f7ccb-620f-4544-b652-03cd51d8645e] Created FlowFile[2751,100419016306678.mockFlowFile,24B] from FlowFile[2750,100419016306678.mockFlowFile,24B]; routing to relationship simple
[pool-3697-thread-1] INFO org.apache.nifi.processors.standard.RouteText - RouteText[id=bf0f7ccb-620f-4544-b652-03cd51d8645e] Routing FlowFile[2750,100419016306678.mockFlowFile,24B] to original
[main] DEBUG org.apache.nifi.processors.standard.RouteText - RouteText[id=bf0f7ccb-620f-4544-b652-03cd51d8645e] Adding new dynamic property: PropertyDescriptor[simple]
[pool-3698-thread-1] INFO org.apache.nifi.processors.standard.RouteText - RouteText[id=bf0f7ccb-620f-4544-b652-03cd51d8645e] Created FlowFile[2753,100419016764259.mockFlowFile,24B] from FlowFile[2752,100419016764259.mockFlowFile,24B]; routing to relationship simple
[pool-3698-thread-1] INFO org.apache.nifi.processors.standard.RouteText - RouteText[id=bf0f7ccb-620f-4544-b652-03cd51d8645e] Routing FlowFile[2752,100419016764259.mockFlowFile,24B] to original
[main] DEBUG org.apache.nifi.processors.standard.RouteText - RouteText[id=bf0f7ccb-620f-4544-b652-03cd51d8645e] Adding new dynamic property: PropertyDescriptor[simple]
[pool-3699-thread-1] INFO org.apache.nifi.processors.standard.RouteText - RouteText[id=bf0f7ccb-620f-4544-b652-03cd51d8645e] Created FlowFile[2755,100419017209218.mockFlowFile,24B] from FlowFile[2754,100419017209218.mockFlowFile,24B]; routing to relationship simple
[pool-3699-thread-1] INFO org.apache.nifi.processors.standard.RouteText - RouteText[id=bf0f7ccb-620f-4544-b652-03cd51d8645e] Routing FlowFile[2754,100419017209218.mockFlowFile,24B] to original
[main] DEBUG org.apache.nifi.processors.standard.RouteText - RouteText[id=bf0f7ccb-620f-4544-b652-03cd51d8645e] Adding new dynamic property: PropertyDescriptor[simple]
[pool-3700-thread-1] INFO org.apache.nifi.processors.standard.RouteText - RouteText[id=bf0f7ccb-620f-4544-b652-03cd51d8645e] Created FlowFile[2757,100419017644377.mockFlowFile,24B] from FlowFile[2756,100419017644377.mockFlowFile,24B]; routing to relationship simple
[pool-3700-thread-1] INFO org.apache.nifi.processors.standard.RouteText - RouteText[id=bf0f7ccb-620f-4544-b652-03cd51d8645e] Routing FlowFile[2756,100419017644377.mockFlowFile,24B] to original
[main] DEBUG org.apache.nifi.processors.standard.RouteText - RouteText[id=bf0f7ccb-620f-4544-b652-03cd51d8645e] Adding new dynamic property: PropertyDescriptor[simple]
[pool-3701-thread-1] INFO org.apache.nifi.processors.standard.RouteText - RouteText[id=bf0f7ccb-620f-4544-b652-03cd51d8645e] Created FlowFile[2759,100419018091796.mockFlowFile,24B] from FlowFile[2758,100419018091796.mockFlowFile,24B]; routing to relationship simple
[pool-3701-thread-1] INFO org.apache.nifi.processors.standard.RouteText - RouteText[id=bf0f7ccb-620f-4544-b652-03cd51d8645e] Routing FlowFile[2758,100419018091796.mockFlowFile,24B] to original
[main] DEBUG org.apache.nifi.processors.standard.RouteText - RouteText[id=bf0f7ccb-620f-4544-b652-03cd51d8645e] Adding new dynamic property: PropertyDescriptor[simple]
[pool-3702-thread-1] INFO org.apache.nifi.processors.standard.RouteText - RouteText[id=bf0f7ccb-620f-4544-b652-03cd51d8645e] Created FlowFile[2761,100419018532114.mockFlowFile,24B] from FlowFile[2760,100419018532114.mockFlowFile,24B]; routing to relationship simple
[pool-3702-thread-1] INFO org.apache.nifi.processors.standard.RouteText - RouteText[id=bf0f7ccb-620f-4544-b652-03cd51d8645e] Routing FlowFile[2760,100419018532114.mockFlowFile,24B] to original
[main] DEBUG org.apache.nifi.processors.standard.RouteText - RouteText[id=bf0f7ccb-620f-4544-b652-03cd51d8645e] Adding new dynamic property: PropertyDescriptor[simple]
[pool-3703-thread-1] INFO org.apache.nifi.processors.standard.RouteText - RouteText[id=bf0f7ccb-620f-4544-b652-03cd51d8645e] Created FlowFile[2763,100419019001872.mockFlowFile,24B] from FlowFile[2762,100419019001872.mockFlowFile,24B]; routing to relationship simple
[pool-3703-thread-1] INFO org.apache.nifi.processors.standard.RouteText - RouteText[id=bf0f7ccb-620f-4544-b652-03cd51d8645e] Routing FlowFile[2762,100419019001872.mockFlowFile,24B] to original
[main] DEBUG org.apache.nifi.processors.standard.RouteText - RouteText[id=bf0f7ccb-620f-4544-b652-03cd51d8645e] Adding new dynamic property: PropertyDescriptor[simple]
[pool-3704-thread-1] INFO org.apache.nifi.processors.standard.RouteText - RouteText[id=bf0f7ccb-620f-4544-b652-03cd51d8645e] Created FlowFile[2765,100419019438980.mockFlowFile,24B] from FlowFile[2764,100419019438980.mockFlowFile,24B]; routing to relationship simple
[pool-3704-thread-1] INFO org.apache.nifi.processors.standard.RouteText - RouteText[id=bf0f7ccb-620f-4544-b652-03cd51d8645e] Routing FlowFile[2764,100419019438980.mockFlowFile,24B] to original
[main] DEBUG org.apache.nifi.processors.standard.RouteText - RouteText[id=bf0f7ccb-620f-4544-b652-03cd51d8645e] Adding new dynamic property: PropertyDescriptor[simple]
[pool-3705-thread-1] INFO org.apache.nifi.processors.standard.RouteText - RouteText[id=bf0f7ccb-620f-4544-b652-03cd51d8645e] Created FlowFile[2767,100419019898560.mockFlowFile,24B] from FlowFile[2766,100419019898560.mockFlowFile,24B]; routing to relationship simple
[pool-3705-thread-1] INFO org.apache.nifi.processors.standard.RouteText - RouteText[id=bf0f7ccb-620f-4544-b652-03cd51d8645e] Routing FlowFile[2766,100419019898560.mockFlowFile,24B] to original
[main] DEBUG org.apache.nifi.processors.standard.RouteText - RouteText[id=bf0f7ccb-620f-4544-b652-03cd51d8645e] Adding new dynamic property: PropertyDescriptor[simple]
[pool-3706-thread-1] INFO org.apache.nifi.processors.standard.RouteText - RouteText[id=bf0f7ccb-620f-4544-b652-03cd51d8645e] Created FlowFile[2769,100419020588186.mockFlowFile,24B] from FlowFile[2768,100419020588186.mockFlowFile,24B]; routing to relationship simple
[pool-3706-thread-1] INFO org.apache.nifi.processors.standard.RouteText - RouteText[id=bf0f7ccb-620f-4544-b652-03cd51d8645e] Routing FlowFile[2768,100419020588186.mockFlowFile,24B] to original
[main] DEBUG org.apache.nifi.processors.standard.RouteText - RouteText[id=bf0f7ccb-620f-4544-b652-03cd51d8645e] Adding new dynamic property: PropertyDescriptor[simple]
[pool-3707-thread-1] INFO org.apache.nifi.processors.standard.RouteText - RouteText[id=bf0f7ccb-620f-4544-b652-03cd51d8645e] Created FlowFile[2771,100419021052547.mockFlowFile,24B] from FlowFile[2770,100419021052547.mockFlowFile,24B]; routing to relationship simple
[pool-3707-thread-1] INFO org.apache.nifi.processors.standard.RouteText - RouteText[id=bf0f7ccb-620f-4544-b652-03cd51d8645e] Routing FlowFile[2770,100419021052547.mockFlowFile,24B] to original
[main] DEBUG org.apache.nifi.processors.standard.RouteText - RouteText[id=bf0f7ccb-620f-4544-b652-03cd51d8645e] Adding new dynamic property: PropertyDescriptor[simple]
[pool-3708-thread-1] INFO org.apache.nifi.processors.standard.RouteText - RouteText[id=bf0f7ccb-620f-4544-b652-03cd51d8645e] Created FlowFile[2773,100419021498218.mockFlowFile,24B] from FlowFile[2772,100419021498218.mockFlowFile,24B]; routing to relationship simple
[pool-3708-thread-1] INFO org.apache.nifi.processors.standard.RouteText - RouteText[id=bf0f7ccb-620f-4544-b652-03cd51d8645e] Routing FlowFile[2772,100419021498218.mockFlowFile,24B] to original
[main] DEBUG org.apache.nifi.processors.standard.RouteText - RouteText[id=bf0f7ccb-620f-4544-b652-03cd51d8645e] Adding new dynamic property: PropertyDescriptor[simple]
[pool-3709-thread-1] INFO org.apache.nifi.processors.standard.RouteText - RouteText[id=bf0f7ccb-620f-4544-b652-03cd51d8645e] Created FlowFile[2775,100419052905862.mockFlowFile,24B] from FlowFile[2774,100419052905862.mockFlowFile,24B]; routing to relationship simple
[pool-3709-thread-1] INFO org.apache.nifi.processors.standard.RouteText - RouteText[id=bf0f7ccb-620f-4544-b652-03cd51d8645e] Routing FlowFile[2774,100419052905862.mockFlowFile,24B] to original
[main] DEBUG org.apache.nifi.processors.standard.RouteText - RouteText[id=bf0f7ccb-620f-4544-b652-03cd51d8645e] Adding new dynamic property: PropertyDescriptor[simple]
[pool-3710-thread-1] INFO org.apache.nifi.processors.standard.RouteText - RouteText[id=bf0f7ccb-620f-4544-b652-03cd51d8645e] Created FlowFile[2777,100419053457789.mockFlowFile,24B] from FlowFile[2776,100419053457789.mockFlowFile,24B]; routing to relationship simple
[pool-3710-thread-1] INFO org.apache.nifi.processors.standard.RouteText - RouteText[id=bf0f7ccb-620f-4544-b652-03cd51d8645e] Routing FlowFile[2776,100419053457789.mockFlowFile,24B] to original
[main] DEBUG org.apache.nifi.processors.standard.RouteText - RouteText[id=bf0f7ccb-620f-4544-b652-03cd51d8645e] Adding new dynamic property: PropertyDescriptor[simple]
[pool-3711-thread-1] INFO org.apache.nifi.processors.standard.RouteText - RouteText[id=bf0f7ccb-620f-4544-b652-03cd51d8645e] Created FlowFile[2779,100419053918182.mockFlowFile,24B] from FlowFile[2778,100419053918182.mockFlowFile,24B]; routing to relationship simple
[pool-3711-thread-1] INFO org.apache.nifi.processors.standard.RouteText - RouteText[id=bf0f7ccb-620f-4544-b652-03cd51d8645e] Routing FlowFile[2778,100419053918182.mockFlowFile,24B] to original
[main] DEBUG org.apache.nifi.processors.standard.RouteText - RouteText[id=bf0f7ccb-620f-4544-b652-03cd51d8645e] Adding new dynamic property: PropertyDescriptor[simple]
[pool-3712-thread-1] INFO org.apache.nifi.processors.standard.RouteText - RouteText[id=bf0f7ccb-620f-4544-b652-03cd51d8645e] Created FlowFile[2781,100419054399698.mockFlowFile,24B] from FlowFile[2780,100419054399698.mockFlowFile,24B]; routing to relationship simple
[pool-3712-thread-1] INFO org.apache.nifi.processors.standard.RouteText - RouteText[id=bf0f7ccb-620f-4544-b652-03cd51d8645e] Routing FlowFile[2780,100419054399698.mockFlowFile,24B] to original
[main] DEBUG org.apache.nifi.processors.standard.RouteText - RouteText[id=bf0f7ccb-620f-4544-b652-03cd51d8645e] Adding new dynamic property: PropertyDescriptor[simple]
[pool-3713-thread-1] INFO org.apache.nifi.processors.standard.RouteText - RouteText[id=bf0f7ccb-620f-4544-b652-03cd51d8645e] Created FlowFile[2783,100419054878009.mockFlowFile,24B] from FlowFile[2782,100419054878009.mockFlowFile,24B]; routing to relationship simple
[pool-3713-thread-1] INFO org.apache.nifi.processors.standard.RouteText - RouteText[id=bf0f7ccb-620f-4544-b652-03cd51d8645e] Routing FlowFile[2782,100419054878009.mockFlowFile,24B] to original
[main] DEBUG org.apache.nifi.processors.standard.RouteText - RouteText[id=bf0f7ccb-620f-4544-b652-03cd51d8645e] Adding new dynamic property: PropertyDescriptor[simple]
[pool-3714-thread-1] INFO org.apache.nifi.processors.standard.RouteText - RouteText[id=bf0f7ccb-620f-4544-b652-03cd51d8645e] Created FlowFile[2785,100419055416512.mockFlowFile,24B] from FlowFile[2784,100419055416512.mockFlowFile,24B]; routing to relationship simple
[pool-3714-thread-1] INFO org.apache.nifi.processors.standard.RouteText - RouteText[id=bf0f7ccb-620f-4544-b652-03cd51d8645e] Routing FlowFile[2784,100419055416512.mockFlowFile,24B] to original
[main] DEBUG org.apache.nifi.processors.standard.RouteText - RouteText[id=bf0f7ccb-620f-4544-b652-03cd51d8645e] Adding new dynamic property: PropertyDescriptor[simple]
[pool-3715-thread-1] INFO org.apache.nifi.processors.standard.RouteText - RouteText[id=bf0f7ccb-620f-4544-b652-03cd51d8645e] Created FlowFile[2787,100419055974575.mockFlowFile,24B] from FlowFile[2786,100419055974575.mockFlowFile,24B]; routing to relationship simple
[pool-3715-thread-1] INFO org.apache.nifi.processors.standard.RouteText - RouteText[id=bf0f7ccb-620f-4544-b652-03cd51d8645e] Routing FlowFile[2786,100419055974575.mockFlowFile,24B] to original
[main] DEBUG org.apache.nifi.processors.standard.RouteText - RouteText[id=bf0f7ccb-620f-4544-b652-03cd51d8645e] Adding new dynamic property: PropertyDescriptor[simple]
[pool-3716-thread-1] INFO org.apache.nifi.processors.standard.RouteText - RouteText[id=bf0f7ccb-620f-4544-b652-03cd51d8645e] Created FlowFile[2789,100419056480759.mockFlowFile,24B] from FlowFile[2788,100419056480759.mockFlowFile,24B]; routing to relationship simple
[pool-3716-thread-1] INFO org.apache.nifi.processors.standard.RouteText - RouteText[id=bf0f7ccb-620f-4544-b652-03cd51d8645e] Routing FlowFile[2788,100419056480759.mockFlowFile,24B] to original
[main] DEBUG org.apache.nifi.processors.standard.RouteText - RouteText[id=bf0f7ccb-620f-4544-b652-03cd51d8645e] Adding new dynamic property: PropertyDescriptor[simple]
[pool-3717-thread-1] INFO org.apache.nifi.processors.standard.RouteText - RouteText[id=bf0f7ccb-620f-4544-b652-03cd51d8645e] Created FlowFile[2791,100419056988959.mockFlowFile,24B] from FlowFile[2790,100419056988959.mockFlowFile,24B]; routing to relationship simple
[pool-3717-thread-1] INFO org.apache.nifi.processors.standard.RouteText - RouteText[id=bf0f7ccb-620f-4544-b652-03cd51d8645e] Routing FlowFile[2790,100419056988959.mockFlowFile,24B] to original
[main] DEBUG org.apache.nifi.processors.standard.RouteText - RouteText[id=bf0f7ccb-620f-4544-b652-03cd51d8645e] Adding new dynamic property: PropertyDescriptor[simple]
[pool-3718-thread-1] INFO org.apache.nifi.processors.standard.RouteText - RouteText[id=bf0f7ccb-620f-4544-b652-03cd51d8645e] Created FlowFile[2793,100419057500258.mockFlowFile,24B] from FlowFile[2792,100419057500258.mockFlowFile,24B]; routing to relationship simple
[pool-3718-thread-1] INFO org.apache.nifi.processors.standard.RouteText - RouteText[id=bf0f7ccb-620f-4544-b652-03cd51d8645e] Routing FlowFile[2792,100419057500258.mockFlowFile,24B] to original
[main] DEBUG org.apache.nifi.processors.standard.RouteText - RouteText[id=bf0f7ccb-620f-4544-b652-03cd51d8645e] Adding new dynamic property: PropertyDescriptor[simple]
[pool-3719-thread-1] INFO org.apache.nifi.processors.standard.RouteText - RouteText[id=bf0f7ccb-620f-4544-b652-03cd51d8645e] Created FlowFile[2795,100419058128340.mockFlowFile,24B] from FlowFile[2794,100419058128340.mockFlowFile,24B]; routing to relationship simple
[pool-3719-thread-1] INFO org.apache.nifi.processors.standard.RouteText - RouteText[id=bf0f7ccb-620f-4544-b652-03cd51d8645e] Routing FlowFile[2794,100419058128340.mockFlowFile,24B] to original
[main] DEBUG org.apache.nifi.processors.standard.RouteText - RouteText[id=bf0f7ccb-620f-4544-b652-03cd51d8645e] Adding new dynamic property: PropertyDescriptor[simple]
[pool-3720-thread-1] INFO org.apache.nifi.processors.standard.RouteText - RouteText[id=bf0f7ccb-620f-4544-b652-03cd51d8645e] Created FlowFile[2797,100419058704510.mockFlowFile,24B] from FlowFile[2796,100419058704510.mockFlowFile,24B]; routing to relationship simple
[pool-3720-thread-1] INFO org.apache.nifi.processors.standard.RouteText - RouteText[id=bf0f7ccb-620f-4544-b652-03cd51d8645e] Routing FlowFile[2796,100419058704510.mockFlowFile,24B] to original
[main] DEBUG org.apache.nifi.processors.standard.RouteText - RouteText[id=bf0f7ccb-620f-4544-b652-03cd51d8645e] Adding new dynamic property: PropertyDescriptor[simple]
[pool-3721-thread-1] INFO org.apache.nifi.processors.standard.RouteText - RouteText[id=bf0f7ccb-620f-4544-b652-03cd51d8645e] Created FlowFile[2799,100419059171376.mockFlowFile,24B] from FlowFile[2798,100419059171376.mockFlowFile,24B]; routing to relationship simple
[pool-3721-thread-1] INFO org.apache.nifi.processors.standard.RouteText - RouteText[id=bf0f7ccb-620f-4544-b652-03cd51d8645e] Routing FlowFile[2798,100419059171376.mockFlowFile,24B] to original
[main] DEBUG org.apache.nifi.processors.standard.RouteText - RouteText[id=bf0f7ccb-620f-4544-b652-03cd51d8645e] Adding new dynamic property: PropertyDescriptor[simple]
[pool-3722-thread-1] INFO org.apache.nifi.processors.standard.RouteText - RouteText[id=bf0f7ccb-620f-4544-b652-03cd51d8645e] Created FlowFile[2801,100419059731958.mockFlowFile,24B] from FlowFile[2800,100419059731958.mockFlowFile,24B]; routing to relationship simple
[pool-3722-thread-1] INFO org.apache.nifi.processors.standard.RouteText - RouteText[id=bf0f7ccb-620f-4544-b652-03cd51d8645e] Routing FlowFile[2800,100419059731958.mockFlowFile,24B] to original
[main] DEBUG org.apache.nifi.processors.standard.RouteText - RouteText[id=bf0f7ccb-620f-4544-b652-03cd51d8645e] Adding new dynamic property: PropertyDescriptor[simple]
[pool-3723-thread-1] INFO org.apache.nifi.processors.standard.RouteText - RouteText[id=bf0f7ccb-620f-4544-b652-03cd51d8645e] Created FlowFile[2803,100419060279098.mockFlowFile,24B] from FlowFile[2802,100419060279098.mockFlowFile,24B]; routing to relationship simple
[pool-3723-thread-1] INFO org.apache.nifi.processors.standard.RouteText - RouteText[id=bf0f7ccb-620f-4544-b652-03cd51d8645e] Routing FlowFile[2802,100419060279098.mockFlowFile,24B] to original
[main] DEBUG org.apache.nifi.processors.standard.RouteText - RouteText[id=bf0f7ccb-620f-4544-b652-03cd51d8645e] Adding new dynamic property: PropertyDescriptor[simple]
[pool-3724-thread-1] INFO org.apache.nifi.processors.standard.RouteText - RouteText[id=bf0f7ccb-620f-4544-b652-03cd51d8645e] Created FlowFile[2805,100419060832973.mockFlowFile,24B] from FlowFile[2804,100419060832973.mockFlowFile,24B]; routing to relationship simple
[pool-3724-thread-1] INFO org.apache.nifi.processors.standard.RouteText - RouteText[id=bf0f7ccb-620f-4544-b652-03cd51d8645e] Routing FlowFile[2804,100419060832973.mockFlowFile,24B] to original
[main] DEBUG org.apache.nifi.processors.standard.RouteText - RouteText[id=bf0f7ccb-620f-4544-b652-03cd51d8645e] Adding new dynamic property: PropertyDescriptor[simple]
[pool-3725-thread-1] INFO org.apache.nifi.processors.standard.RouteText - RouteText[id=bf0f7ccb-620f-4544-b652-03cd51d8645e] Created FlowFile[2807,100419061374624.mockFlowFile,24B] from FlowFile[2806,100419061374624.mockFlowFile,24B]; routing to relationship simple
[pool-3725-thread-1] INFO org.apache.nifi.processors.standard.RouteText - RouteText[id=bf0f7ccb-620f-4544-b652-03cd51d8645e] Routing FlowFile[2806,100419061374624.mockFlowFile,24B] to original
[main] DEBUG org.apache.nifi.processors.standard.RouteText - RouteText[id=bf0f7ccb-620f-4544-b652-03cd51d8645e] Adding new dynamic property: PropertyDescriptor[simple]
[pool-3726-thread-1] INFO org.apache.nifi.processors.standard.RouteText - RouteText[id=bf0f7ccb-620f-4544-b652-03cd51d8645e] Created FlowFile[2809,100419061906078.mockFlowFile,24B] from FlowFile[2808,100419061906078.mockFlowFile,24B]; routing to relationship simple
[pool-3726-thread-1] INFO org.apache.nifi.processors.standard.RouteText - RouteText[id=bf0f7ccb-620f-4544-b652-03cd51d8645e] Routing FlowFile[2808,100419061906078.mockFlowFile,24B] to original
[main] DEBUG org.apache.nifi.processors.standard.RouteText - RouteText[id=bf0f7ccb-620f-4544-b652-03cd51d8645e] Adding new dynamic property: PropertyDescriptor[simple]
[pool-3727-thread-1] INFO org.apache.nifi.processors.standard.RouteText - RouteText[id=bf0f7ccb-620f-4544-b652-03cd51d8645e] Created FlowFile[2811,100419062331970.mockFlowFile,24B] from FlowFile[2810,100419062331970.mockFlowFile,24B]; routing to relationship simple
[pool-3727-thread-1] INFO org.apache.nifi.processors.standard.RouteText - RouteText[id=bf0f7ccb-620f-4544-b652-03cd51d8645e] Routing FlowFile[2810,100419062331970.mockFlowFile,24B] to original
[main] DEBUG org.apache.nifi.processors.standard.RouteText - RouteText[id=bf0f7ccb-620f-4544-b652-03cd51d8645e] Adding new dynamic property: PropertyDescriptor[simple]
[pool-3728-thread-1] INFO org.apache.nifi.processors.standard.RouteText - RouteText[id=bf0f7ccb-620f-4544-b652-03cd51d8645e] Created FlowFile[2813,100419062729681.mockFlowFile,24B] from FlowFile[2812,100419062729681.mockFlowFile,24B]; routing to relationship simple
[pool-3728-thread-1] INFO org.apache.nifi.processors.standard.RouteText - RouteText[id=bf0f7ccb-620f-4544-b652-03cd51d8645e] Routing FlowFile[2812,100419062729681.mockFlowFile,24B] to original
[main] DEBUG org.apache.nifi.processors.standard.RouteText - RouteText[id=bf0f7ccb-620f-4544-b652-03cd51d8645e] Adding new dynamic property: PropertyDescriptor[simple]
[pool-3729-thread-1] INFO org.apache.nifi.processors.standard.RouteText - RouteText[id=bf0f7ccb-620f-4544-b652-03cd51d8645e] Created FlowFile[2815,100419063118136.mockFlowFile,24B] from FlowFile[2814,100419063118136.mockFlowFile,24B]; routing to relationship simple
[pool-3729-thread-1] INFO org.apache.nifi.processors.standard.RouteText - RouteText[id=bf0f7ccb-620f-4544-b652-03cd51d8645e] Routing FlowFile[2814,100419063118136.mockFlowFile,24B] to original
[main] DEBUG org.apache.nifi.processors.standard.RouteText - RouteText[id=bf0f7ccb-620f-4544-b652-03cd51d8645e] Adding new dynamic property: PropertyDescriptor[simple]
[pool-3730-thread-1] INFO org.apache.nifi.processors.standard.RouteText - RouteText[id=bf0f7ccb-620f-4544-b652-03cd51d8645e] Created FlowFile[2817,100419063629914.mockFlowFile,24B] from FlowFile[2816,100419063629914.mockFlowFile,24B]; routing to relationship simple
[pool-3730-thread-1] INFO org.apache.nifi.processors.standard.RouteText - RouteText[id=bf0f7ccb-620f-4544-b652-03cd51d8645e] Routing FlowFile[2816,100419063629914.mockFlowFile,24B] to original
[main] DEBUG org.apache.nifi.processors.standard.RouteText - RouteText[id=bf0f7ccb-620f-4544-b652-03cd51d8645e] Adding new dynamic property: PropertyDescriptor[simple]
[pool-3731-thread-1] INFO org.apache.nifi.processors.standard.RouteText - RouteText[id=bf0f7ccb-620f-4544-b652-03cd51d8645e] Created FlowFile[2819,100419064072710.mockFlowFile,24B] from FlowFile[2818,100419064072710.mockFlowFile,24B]; routing to relationship simple
[pool-3731-thread-1] INFO org.apache.nifi.processors.standard.RouteText - RouteText[id=bf0f7ccb-620f-4544-b652-03cd51d8645e] Routing FlowFile[2818,100419064072710.mockFlowFile,24B] to original
[main] DEBUG org.apache.nifi.processors.standard.RouteText - RouteText[id=bf0f7ccb-620f-4544-b652-03cd51d8645e] Adding new dynamic property: PropertyDescriptor[simple]
[pool-3732-thread-1] INFO org.apache.nifi.processors.standard.RouteText - RouteText[id=bf0f7ccb-620f-4544-b652-03cd51d8645e] Created FlowFile[2821,100419064564181.mockFlowFile,24B] from FlowFile[2820,100419064564181.mockFlowFile,24B]; routing to relationship simple
[pool-3732-thread-1] INFO org.apache.nifi.processors.standard.RouteText - RouteText[id=bf0f7ccb-620f-4544-b652-03cd51d8645e] Routing FlowFile[2820,100419064564181.mockFlowFile,24B] to original
[main] DEBUG org.apache.nifi.processors.standard.RouteText - RouteText[id=bf0f7ccb-620f-4544-b652-03cd51d8645e] Adding new dynamic property: PropertyDescriptor[simple]
[pool-3733-thread-1] INFO org.apache.nifi.processors.standard.RouteText - RouteText[id=bf0f7ccb-620f-4544-b652-03cd51d8645e] Created FlowFile[2823,100419065064443.mockFlowFile,24B] from FlowFile[2822,100419065064443.mockFlowFile,24B]; routing to relationship simple
[pool-3733-thread-1] INFO org.apache.nifi.processors.standard.RouteText - RouteText[id=bf0f7ccb-620f-4544-b652-03cd51d8645e] Routing FlowFile[2822,100419065064443.mockFlowFile,24B] to original
[main] DEBUG org.apache.nifi.processors.standard.RouteText - RouteText[id=bf0f7ccb-620f-4544-b652-03cd51d8645e] Adding new dynamic property: PropertyDescriptor[simple]
[pool-3734-thread-1] INFO org.apache.nifi.processors.standard.RouteText - RouteText[id=bf0f7ccb-620f-4544-b652-03cd51d8645e] Created FlowFile[2825,100419065558465.mockFlowFile,24B] from FlowFile[2824,100419065558465.mockFlowFile,24B]; routing to relationship simple
[pool-3734-thread-1] INFO org.apache.nifi.processors.standard.RouteText - RouteText[id=bf0f7ccb-620f-4544-b652-03cd51d8645e] Routing FlowFile[2824,100419065558465.mockFlowFile,24B] to original
[main] DEBUG org.apache.nifi.processors.standard.RouteText - RouteText[id=bf0f7ccb-620f-4544-b652-03cd51d8645e] Adding new dynamic property: PropertyDescriptor[simple]
[pool-3735-thread-1] INFO org.apache.nifi.processors.standard.RouteText - RouteText[id=bf0f7ccb-620f-4544-b652-03cd51d8645e] Created FlowFile[2827,100419066109718.mockFlowFile,24B] from FlowFile[2826,100419066109718.mockFlowFile,24B]; routing to relationship simple
[pool-3735-thread-1] INFO org.apache.nifi.processors.standard.RouteText - RouteText[id=bf0f7ccb-620f-4544-b652-03cd51d8645e] Routing FlowFile[2826,100419066109718.mockFlowFile,24B] to original
[main] DEBUG org.apache.nifi.processors.standard.RouteText - RouteText[id=bf0f7ccb-620f-4544-b652-03cd51d8645e] Adding new dynamic property: PropertyDescriptor[simple]
[pool-3736-thread-1] INFO org.apache.nifi.processors.standard.RouteText - RouteText[id=bf0f7ccb-620f-4544-b652-03cd51d8645e] Created FlowFile[2829,100419066609792.mockFlowFile,24B] from FlowFile[2828,100419066609792.mockFlowFile,24B]; routing to relationship simple
[pool-3736-thread-1] INFO org.apache.nifi.processors.standard.RouteText - RouteText[id=bf0f7ccb-620f-4544-b652-03cd51d8645e] Routing FlowFile[2828,100419066609792.mockFlowFile,24B] to original
[main] DEBUG org.apache.nifi.processors.standard.RouteText - RouteText[id=bf0f7ccb-620f-4544-b652-03cd51d8645e] Adding new dynamic property: PropertyDescriptor[simple]
[pool-3737-thread-1] INFO org.apache.nifi.processors.standard.RouteText - RouteText[id=bf0f7ccb-620f-4544-b652-03cd51d8645e] Created FlowFile[2831,100419067081195.mockFlowFile,24B] from FlowFile[2830,100419067081195.mockFlowFile,24B]; routing to relationship simple
[pool-3737-thread-1] INFO org.apache.nifi.processors.standard.RouteText - RouteText[id=bf0f7ccb-620f-4544-b652-03cd51d8645e] Routing FlowFile[2830,100419067081195.mockFlowFile,24B] to original
[main] DEBUG org.apache.nifi.processors.standard.RouteText - RouteText[id=bf0f7ccb-620f-4544-b652-03cd51d8645e] Adding new dynamic property: PropertyDescriptor[simple]
[pool-3738-thread-1] INFO org.apache.nifi.processors.standard.RouteText - RouteText[id=bf0f7ccb-620f-4544-b652-03cd51d8645e] Created FlowFile[2833,100419067561467.mockFlowFile,24B] from FlowFile[2832,100419067561467.mockFlowFile,24B]; routing to relationship simple
[pool-3738-thread-1] INFO org.apache.nifi.processors.standard.RouteText - RouteText[id=bf0f7ccb-620f-4544-b652-03cd51d8645e] Routing FlowFile[2832,100419067561467.mockFlowFile,24B] to original
[main] DEBUG org.apache.nifi.processors.standard.RouteText - RouteText[id=bf0f7ccb-620f-4544-b652-03cd51d8645e] Adding new dynamic property: PropertyDescriptor[simple]
[pool-3739-thread-1] INFO org.apache.nifi.processors.standard.RouteText - RouteText[id=bf0f7ccb-620f-4544-b652-03cd51d8645e] Created FlowFile[2835,100419067992368.mockFlowFile,24B] from FlowFile[2834,100419067992368.mockFlowFile,24B]; routing to relationship simple
[pool-3739-thread-1] INFO org.apache.nifi.processors.standard.RouteText - RouteText[id=bf0f7ccb-620f-4544-b652-03cd51d8645e] Routing FlowFile[2834,100419067992368.mockFlowFile,24B] to original
[main] DEBUG org.apache.nifi.processors.standard.RouteText - RouteText[id=bf0f7ccb-620f-4544-b652-03cd51d8645e] Adding new dynamic property: PropertyDescriptor[simple]
[pool-3740-thread-1] INFO org.apache.nifi.processors.standard.RouteText - RouteText[id=bf0f7ccb-620f-4544-b652-03cd51d8645e] Created FlowFile[2837,100419068425256.mockFlowFile,24B] from FlowFile[2836,100419068425256.mockFlowFile,24B]; routing to relationship simple
[pool-3740-thread-1] INFO org.apache.nifi.processors.standard.RouteText - RouteText[id=bf0f7ccb-620f-4544-b652-03cd51d8645e] Routing FlowFile[2836,100419068425256.mockFlowFile,24B] to original
[main] DEBUG org.apache.nifi.processors.standard.RouteText - RouteText[id=bf0f7ccb-620f-4544-b652-03cd51d8645e] Adding new dynamic property: PropertyDescriptor[simple]
[pool-3741-thread-1] INFO org.apache.nifi.processors.standard.RouteText - RouteText[id=bf0f7ccb-620f-4544-b652-03cd51d8645e] Created FlowFile[2839,100419068867827.mockFlowFile,24B] from FlowFile[2838,100419068867827.mockFlowFile,24B]; routing to relationship simple
[pool-3741-thread-1] INFO org.apache.nifi.processors.standard.RouteText - RouteText[id=bf0f7ccb-620f-4544-b652-03cd51d8645e] Routing FlowFile[2838,100419068867827.mockFlowFile,24B] to original
[main] DEBUG org.apache.nifi.processors.standard.RouteText - RouteText[id=bf0f7ccb-620f-4544-b652-03cd51d8645e] Adding new dynamic property: PropertyDescriptor[simple]
[pool-3742-thread-1] INFO org.apache.nifi.processors.standard.RouteText - RouteText[id=bf0f7ccb-620f-4544-b652-03cd51d8645e] Created FlowFile[2841,100419069309754.mockFlowFile,24B] from FlowFile[2840,100419069309754.mockFlowFile,24B]; routing to relationship simple
[pool-3742-thread-1] INFO org.apache.nifi.processors.standard.RouteText - RouteText[id=bf0f7ccb-620f-4544-b652-03cd51d8645e] Routing FlowFile[2840,100419069309754.mockFlowFile,24B] to original
[main] DEBUG org.apache.nifi.processors.standard.RouteText - RouteText[id=bf0f7ccb-620f-4544-b652-03cd51d8645e] Adding new dynamic property: PropertyDescriptor[simple]
[pool-3743-thread-1] INFO org.apache.nifi.processors.standard.RouteText - RouteText[id=bf0f7ccb-620f-4544-b652-03cd51d8645e] Created FlowFile[2843,100419069734962.mockFlowFile,24B] from FlowFile[2842,100419069734962.mockFlowFile,24B]; routing to relationship simple
[pool-3743-thread-1] INFO org.apache.nifi.processors.standard.RouteText - RouteText[id=bf0f7ccb-620f-4544-b652-03cd51d8645e] Routing FlowFile[2842,100419069734962.mockFlowFile,24B] to original
[main] DEBUG org.apache.nifi.processors.standard.RouteText - RouteText[id=bf0f7ccb-620f-4544-b652-03cd51d8645e] Adding new dynamic property: PropertyDescriptor[simple]
[pool-3744-thread-1] INFO org.apache.nifi.processors.standard.RouteText - RouteText[id=bf0f7ccb-620f-4544-b652-03cd51d8645e] Created FlowFile[2845,100419070167800.mockFlowFile,24B] from FlowFile[2844,100419070167800.mockFlowFile,24B]; routing to relationship simple
[pool-3744-thread-1] INFO org.apache.nifi.processors.standard.RouteText - RouteText[id=bf0f7ccb-620f-4544-b652-03cd51d8645e] Routing FlowFile[2844,100419070167800.mockFlowFile,24B] to original
[main] DEBUG org.apache.nifi.processors.standard.RouteText - RouteText[id=bf0f7ccb-620f-4544-b652-03cd51d8645e] Adding new dynamic property: PropertyDescriptor[simple]
[pool-3745-thread-1] INFO org.apache.nifi.processors.standard.RouteText - RouteText[id=bf0f7ccb-620f-4544-b652-03cd51d8645e] Created FlowFile[2847,100419070605313.mockFlowFile,24B] from FlowFile[2846,100419070605313.mockFlowFile,24B]; routing to relationship simple
[pool-3745-thread-1] INFO org.apache.nifi.processors.standard.RouteText - RouteText[id=bf0f7ccb-620f-4544-b652-03cd51d8645e] Routing FlowFile[2846,100419070605313.mockFlowFile,24B] to original
[main] DEBUG org.apache.nifi.processors.standard.RouteText - RouteText[id=bf0f7ccb-620f-4544-b652-03cd51d8645e] Adding new dynamic property: PropertyDescriptor[simple]
[pool-3746-thread-1] INFO org.apache.nifi.processors.standard.RouteText - RouteText[id=bf0f7ccb-620f-4544-b652-03cd51d8645e] Created FlowFile[2849,100419071060613.mockFlowFile,24B] from FlowFile[2848,100419071060613.mockFlowFile,24B]; routing to relationship simple
[pool-3746-thread-1] INFO org.apache.nifi.processors.standard.RouteText - RouteText[id=bf0f7ccb-620f-4544-b652-03cd51d8645e] Routing FlowFile[2848,100419071060613.mockFlowFile,24B] to original
[main] DEBUG org.apache.nifi.processors.standard.RouteText - RouteText[id=bf0f7ccb-620f-4544-b652-03cd51d8645e] Adding new dynamic property: PropertyDescriptor[simple]
[pool-3747-thread-1] INFO org.apache.nifi.processors.standard.RouteText - RouteText[id=bf0f7ccb-620f-4544-b652-03cd51d8645e] Created FlowFile[2851,100419071530921.mockFlowFile,24B] from FlowFile[2850,100419071530921.mockFlowFile,24B]; routing to relationship simple
[pool-3747-thread-1] INFO org.apache.nifi.processors.standard.RouteText - RouteText[id=bf0f7ccb-620f-4544-b652-03cd51d8645e] Routing FlowFile[2850,100419071530921.mockFlowFile,24B] to original
[main] DEBUG org.apache.nifi.processors.standard.RouteText - RouteText[id=bf0f7ccb-620f-4544-b652-03cd51d8645e] Adding new dynamic property: PropertyDescriptor[simple]
[pool-3748-thread-1] INFO org.apache.nifi.processors.standard.RouteText - RouteText[id=bf0f7ccb-620f-4544-b652-03cd51d8645e] Created FlowFile[2853,100419072011155.mockFlowFile,24B] from FlowFile[2852,100419072011155.mockFlowFile,24B]; routing to relationship simple
[pool-3748-thread-1] INFO org.apache.nifi.processors.standard.RouteText - RouteText[id=bf0f7ccb-620f-4544-b652-03cd51d8645e] Routing FlowFile[2852,100419072011155.mockFlowFile,24B] to original
[main] DEBUG org.apache.nifi.processors.standard.RouteText - RouteText[id=bf0f7ccb-620f-4544-b652-03cd51d8645e] Adding new dynamic property: PropertyDescriptor[simple]
[pool-3749-thread-1] INFO org.apache.nifi.processors.standard.RouteText - RouteText[id=bf0f7ccb-620f-4544-b652-03cd51d8645e] Created FlowFile[2855,100419072495000.mockFlowFile,24B] from FlowFile[2854,100419072495000.mockFlowFile,24B]; routing to relationship simple
[pool-3749-thread-1] INFO org.apache.nifi.processors.standard.RouteText - RouteText[id=bf0f7ccb-620f-4544-b652-03cd51d8645e] Routing FlowFile[2854,100419072495000.mockFlowFile,24B] to original
[main] DEBUG org.apache.nifi.processors.standard.RouteText - RouteText[id=bf0f7ccb-620f-4544-b652-03cd51d8645e] Adding new dynamic property: PropertyDescriptor[simple]
[pool-3750-thread-1] INFO org.apache.nifi.processors.standard.RouteText - RouteText[id=bf0f7ccb-620f-4544-b652-03cd51d8645e] Created FlowFile[2857,100419072968519.mockFlowFile,24B] from FlowFile[2856,100419072968519.mockFlowFile,24B]; routing to relationship simple
[pool-3750-thread-1] INFO org.apache.nifi.processors.standard.RouteText - RouteText[id=bf0f7ccb-620f-4544-b652-03cd51d8645e] Routing FlowFile[2856,100419072968519.mockFlowFile,24B] to original
[main] DEBUG org.apache.nifi.processors.standard.RouteText - RouteText[id=bf0f7ccb-620f-4544-b652-03cd51d8645e] Adding new dynamic property: PropertyDescriptor[simple]
[pool-3751-thread-1] INFO org.apache.nifi.processors.standard.RouteText - RouteText[id=bf0f7ccb-620f-4544-b652-03cd51d8645e] Created FlowFile[2859,100419073433856.mockFlowFile,24B] from FlowFile[2858,100419073433856.mockFlowFile,24B]; routing to relationship simple
[pool-3751-thread-1] INFO org.apache.nifi.processors.standard.RouteText - RouteText[id=bf0f7ccb-620f-4544-b652-03cd51d8645e] Routing FlowFile[2858,100419073433856.mockFlowFile,24B] to original
[main] DEBUG org.apache.nifi.processors.standard.RouteText - RouteText[id=bf0f7ccb-620f-4544-b652-03cd51d8645e] Adding new dynamic property: PropertyDescriptor[simple]
[pool-3752-thread-1] INFO org.apache.nifi.processors.standard.RouteText - RouteText[id=bf0f7ccb-620f-4544-b652-03cd51d8645e] Created FlowFile[2861,100419073885278.mockFlowFile,24B] from FlowFile[2860,100419073885278.mockFlowFile,24B]; routing to relationship simple
[pool-3752-thread-1] INFO org.apache.nifi.processors.standard.RouteText - RouteText[id=bf0f7ccb-620f-4544-b652-03cd51d8645e] Routing FlowFile[2860,100419073885278.mockFlowFile,24B] to original
[main] DEBUG org.apache.nifi.processors.standard.RouteText - RouteText[id=bf0f7ccb-620f-4544-b652-03cd51d8645e] Adding new dynamic property: PropertyDescriptor[simple]
[pool-3753-thread-1] INFO org.apache.nifi.processors.standard.RouteText - RouteText[id=bf0f7ccb-620f-4544-b652-03cd51d8645e] Created FlowFile[2863,100419074322952.mockFlowFile,24B] from FlowFile[2862,100419074322952.mockFlowFile,24B]; routing to relationship simple
[pool-3753-thread-1] INFO org.apache.nifi.processors.standard.RouteText - RouteText[id=bf0f7ccb-620f-4544-b652-03cd51d8645e] Routing FlowFile[2862,100419074322952.mockFlowFile,24B] to original
[main] DEBUG org.apache.nifi.processors.standard.RouteText - RouteText[id=bf0f7ccb-620f-4544-b652-03cd51d8645e] Adding new dynamic property: PropertyDescriptor[simple]
[pool-3754-thread-1] INFO org.apache.nifi.processors.standard.RouteText - RouteText[id=bf0f7ccb-620f-4544-b652-03cd51d8645e] Created FlowFile[2865,100419074763005.mockFlowFile,24B] from FlowFile[2864,100419074763005.mockFlowFile,24B]; routing to relationship simple
[pool-3754-thread-1] INFO org.apache.nifi.processors.standard.RouteText - RouteText[id=bf0f7ccb-620f-4544-b652-03cd51d8645e] Routing FlowFile[2864,100419074763005.mockFlowFile,24B] to original
[main] DEBUG org.apache.nifi.processors.standard.RouteText - RouteText[id=bf0f7ccb-620f-4544-b652-03cd51d8645e] Adding new dynamic property: PropertyDescriptor[simple]
[pool-3755-thread-1] INFO org.apache.nifi.processors.standard.RouteText - RouteText[id=bf0f7ccb-620f-4544-b652-03cd51d8645e] Created FlowFile[2867,100419075194794.mockFlowFile,24B] from FlowFile[2866,100419075194794.mockFlowFile,24B]; routing to relationship simple
[pool-3755-thread-1] INFO org.apache.nifi.processors.standard.RouteText - RouteText[id=bf0f7ccb-620f-4544-b652-03cd51d8645e] Routing FlowFile[2866,100419075194794.mockFlowFile,24B] to original
[main] DEBUG org.apache.nifi.processors.standard.RouteText - RouteText[id=bf0f7ccb-620f-4544-b652-03cd51d8645e] Adding new dynamic property: PropertyDescriptor[simple]
[pool-3756-thread-1] INFO org.apache.nifi.processors.standard.RouteText - RouteText[id=bf0f7ccb-620f-4544-b652-03cd51d8645e] Created FlowFile[2869,100419075643252.mockFlowFile,24B] from FlowFile[2868,100419075643252.mockFlowFile,24B]; routing to relationship simple
[pool-3756-thread-1] INFO org.apache.nifi.processors.standard.RouteText - RouteText[id=bf0f7ccb-620f-4544-b652-03cd51d8645e] Routing FlowFile[2868,100419075643252.mockFlowFile,24B] to original
[main] DEBUG org.apache.nifi.processors.standard.RouteText - RouteText[id=bf0f7ccb-620f-4544-b652-03cd51d8645e] Adding new dynamic property: PropertyDescriptor[simple]
[pool-3757-thread-1] INFO org.apache.nifi.processors.standard.RouteText - RouteText[id=bf0f7ccb-620f-4544-b652-03cd51d8645e] Created FlowFile[2871,100419076071163.mockFlowFile,24B] from FlowFile[2870,100419076071163.mockFlowFile,24B]; routing to relationship simple
[pool-3757-thread-1] INFO org.apache.nifi.processors.standard.RouteText - RouteText[id=bf0f7ccb-620f-4544-b652-03cd51d8645e] Routing FlowFile[2870,100419076071163.mockFlowFile,24B] to original
[main] DEBUG org.apache.nifi.processors.standard.RouteText - RouteText[id=bf0f7ccb-620f-4544-b652-03cd51d8645e] Adding new dynamic property: PropertyDescriptor[simple]
[pool-3758-thread-1] INFO org.apache.nifi.processors.standard.RouteText - RouteText[id=bf0f7ccb-620f-4544-b652-03cd51d8645e] Created FlowFile[2873,100419076496398.mockFlowFile,24B] from FlowFile[2872,100419076496398.mockFlowFile,24B]; routing to relationship simple
[pool-3758-thread-1] INFO org.apache.nifi.processors.standard.RouteText - RouteText[id=bf0f7ccb-620f-4544-b652-03cd51d8645e] Routing FlowFile[2872,100419076496398.mockFlowFile,24B] to original
[main] DEBUG org.apache.nifi.processors.standard.RouteText - RouteText[id=bf0f7ccb-620f-4544-b652-03cd51d8645e] Adding new dynamic property: PropertyDescriptor[simple]
[pool-3759-thread-1] INFO org.apache.nifi.processors.standard.RouteText - RouteText[id=bf0f7ccb-620f-4544-b652-03cd51d8645e] Created FlowFile[2875,100419076953936.mockFlowFile,24B] from FlowFile[2874,100419076953936.mockFlowFile,24B]; routing to relationship simple
[pool-3759-thread-1] INFO org.apache.nifi.processors.standard.RouteText - RouteText[id=bf0f7ccb-620f-4544-b652-03cd51d8645e] Routing FlowFile[2874,100419076953936.mockFlowFile,24B] to original
[main] DEBUG org.apache.nifi.processors.standard.RouteText - RouteText[id=bf0f7ccb-620f-4544-b652-03cd51d8645e] Adding new dynamic property: PropertyDescriptor[simple]
[pool-3760-thread-1] INFO org.apache.nifi.processors.standard.RouteText - RouteText[id=bf0f7ccb-620f-4544-b652-03cd51d8645e] Created FlowFile[2877,100419077367597.mockFlowFile,24B] from FlowFile[2876,100419077367597.mockFlowFile,24B]; routing to relationship simple
[pool-3760-thread-1] INFO org.apache.nifi.processors.standard.RouteText - RouteText[id=bf0f7ccb-620f-4544-b652-03cd51d8645e] Routing FlowFile[2876,100419077367597.mockFlowFile,24B] to original
[main] DEBUG org.apache.nifi.processors.standard.RouteText - RouteText[id=bf0f7ccb-620f-4544-b652-03cd51d8645e] Adding new dynamic property: PropertyDescriptor[simple]
[pool-3761-thread-1] INFO org.apache.nifi.processors.standard.RouteText - RouteText[id=bf0f7ccb-620f-4544-b652-03cd51d8645e] Created FlowFile[2879,100419077766848.mockFlowFile,24B] from FlowFile[2878,100419077766848.mockFlowFile,24B]; routing to relationship simple
[pool-3761-thread-1] INFO org.apache.nifi.processors.standard.RouteText - RouteText[id=bf0f7ccb-620f-4544-b652-03cd51d8645e] Routing FlowFile[2878,100419077766848.mockFlowFile,24B] to original
[main] DEBUG org.apache.nifi.processors.standard.RouteText - RouteText[id=bf0f7ccb-620f-4544-b652-03cd51d8645e] Adding new dynamic property: PropertyDescriptor[simple]
[pool-3762-thread-1] INFO org.apache.nifi.processors.standard.RouteText - RouteText[id=bf0f7ccb-620f-4544-b652-03cd51d8645e] Created FlowFile[2881,100419078159716.mockFlowFile,24B] from FlowFile[2880,100419078159716.mockFlowFile,24B]; routing to relationship simple
[pool-3762-thread-1] INFO org.apache.nifi.processors.standard.RouteText - RouteText[id=bf0f7ccb-620f-4544-b652-03cd51d8645e] Routing FlowFile[2880,100419078159716.mockFlowFile,24B] to original
[main] DEBUG org.apache.nifi.processors.standard.RouteText - RouteText[id=bf0f7ccb-620f-4544-b652-03cd51d8645e] Adding new dynamic property: PropertyDescriptor[simple]
[pool-3763-thread-1] INFO org.apache.nifi.processors.standard.RouteText - RouteText[id=bf0f7ccb-620f-4544-b652-03cd51d8645e] Created FlowFile[2883,100419078547243.mockFlowFile,24B] from FlowFile[2882,100419078547243.mockFlowFile,24B]; routing to relationship simple
[pool-3763-thread-1] INFO org.apache.nifi.processors.standard.RouteText - RouteText[id=bf0f7ccb-620f-4544-b652-03cd51d8645e] Routing FlowFile[2882,100419078547243.mockFlowFile,24B] to original
[main] DEBUG org.apache.nifi.processors.standard.RouteText - RouteText[id=bf0f7ccb-620f-4544-b652-03cd51d8645e] Adding new dynamic property: PropertyDescriptor[simple]
[pool-3764-thread-1] INFO org.apache.nifi.processors.standard.RouteText - RouteText[id=bf0f7ccb-620f-4544-b652-03cd51d8645e] Created FlowFile[2885,100419078948104.mockFlowFile,24B] from FlowFile[2884,100419078948104.mockFlowFile,24B]; routing to relationship simple
[pool-3764-thread-1] INFO org.apache.nifi.processors.standard.RouteText - RouteText[id=bf0f7ccb-620f-4544-b652-03cd51d8645e] Routing FlowFile[2884,100419078948104.mockFlowFile,24B] to original
[main] DEBUG org.apache.nifi.processors.standard.RouteText - RouteText[id=bf0f7ccb-620f-4544-b652-03cd51d8645e] Adding new dynamic property: PropertyDescriptor[simple]
[pool-3765-thread-1] INFO org.apache.nifi.processors.standard.RouteText - RouteText[id=bf0f7ccb-620f-4544-b652-03cd51d8645e] Created FlowFile[2887,100419079347694.mockFlowFile,24B] from FlowFile[2886,100419079347694.mockFlowFile,24B]; routing to relationship simple
[pool-3765-thread-1] INFO org.apache.nifi.processors.standard.RouteText - RouteText[id=bf0f7ccb-620f-4544-b652-03cd51d8645e] Routing FlowFile[2886,100419079347694.mockFlowFile,24B] to original
[main] DEBUG org.apache.nifi.processors.standard.RouteText - RouteText[id=bf0f7ccb-620f-4544-b652-03cd51d8645e] Adding new dynamic property: PropertyDescriptor[simple]
[pool-3766-thread-1] INFO org.apache.nifi.processors.standard.RouteText - RouteText[id=bf0f7ccb-620f-4544-b652-03cd51d8645e] Created FlowFile[2889,100419079746191.mockFlowFile,24B] from FlowFile[2888,100419079746191.mockFlowFile,24B]; routing to relationship simple
[pool-3766-thread-1] INFO org.apache.nifi.processors.standard.RouteText - RouteText[id=bf0f7ccb-620f-4544-b652-03cd51d8645e] Routing FlowFile[2888,100419079746191.mockFlowFile,24B] to original
[main] DEBUG org.apache.nifi.processors.standard.RouteText - RouteText[id=bf0f7ccb-620f-4544-b652-03cd51d8645e] Adding new dynamic property: PropertyDescriptor[simple]
[pool-3767-thread-1] INFO org.apache.nifi.processors.standard.RouteText - RouteText[id=bf0f7ccb-620f-4544-b652-03cd51d8645e] Created FlowFile[2891,100419080155518.mockFlowFile,24B] from FlowFile[2890,100419080155518.mockFlowFile,24B]; routing to relationship simple
[pool-3767-thread-1] INFO org.apache.nifi.processors.standard.RouteText - RouteText[id=bf0f7ccb-620f-4544-b652-03cd51d8645e] Routing FlowFile[2890,100419080155518.mockFlowFile,24B] to original
[main] DEBUG org.apache.nifi.processors.standard.RouteText - RouteText[id=bf0f7ccb-620f-4544-b652-03cd51d8645e] Adding new dynamic property: PropertyDescriptor[simple]
[pool-3768-thread-1] INFO org.apache.nifi.processors.standard.RouteText - RouteText[id=bf0f7ccb-620f-4544-b652-03cd51d8645e] Created FlowFile[2893,100419080519046.mockFlowFile,24B] from FlowFile[2892,100419080519046.mockFlowFile,24B]; routing to relationship simple
[pool-3768-thread-1] INFO org.apache.nifi.processors.standard.RouteText - RouteText[id=bf0f7ccb-620f-4544-b652-03cd51d8645e] Routing FlowFile[2892,100419080519046.mockFlowFile,24B] to original
[main] DEBUG org.apache.nifi.processors.standard.RouteText - RouteText[id=bf0f7ccb-620f-4544-b652-03cd51d8645e] Adding new dynamic property: PropertyDescriptor[simple]
[pool-3769-thread-1] INFO org.apache.nifi.processors.standard.RouteText - RouteText[id=bf0f7ccb-620f-4544-b652-03cd51d8645e] Created FlowFile[2895,100419080924273.mockFlowFile,24B] from FlowFile[2894,100419080924273.mockFlowFile,24B]; routing to relationship simple
[pool-3769-thread-1] INFO org.apache.nifi.processors.standard.RouteText - RouteText[id=bf0f7ccb-620f-4544-b652-03cd51d8645e] Routing FlowFile[2894,100419080924273.mockFlowFile,24B] to original
[main] DEBUG org.apache.nifi.processors.standard.RouteText - RouteText[id=bf0f7ccb-620f-4544-b652-03cd51d8645e] Adding new dynamic property: PropertyDescriptor[simple]
[pool-3770-thread-1] INFO org.apache.nifi.processors.standard.RouteText - RouteText[id=bf0f7ccb-620f-4544-b652-03cd51d8645e] Created FlowFile[2897,100419081353256.mockFlowFile,24B] from FlowFile[2896,100419081353256.mockFlowFile,24B]; routing to relationship simple
[pool-3770-thread-1] INFO org.apache.nifi.processors.standard.RouteText - RouteText[id=bf0f7ccb-620f-4544-b652-03cd51d8645e] Routing FlowFile[2896,100419081353256.mockFlowFile,24B] to original
[main] DEBUG org.apache.nifi.processors.standard.RouteText - RouteText[id=bf0f7ccb-620f-4544-b652-03cd51d8645e] Adding new dynamic property: PropertyDescriptor[simple]
[pool-3771-thread-1] INFO org.apache.nifi.processors.standard.RouteText - RouteText[id=bf0f7ccb-620f-4544-b652-03cd51d8645e] Created FlowFile[2899,100419081754382.mockFlowFile,24B] from FlowFile[2898,100419081754382.mockFlowFile,24B]; routing to relationship simple
[pool-3771-thread-1] INFO org.apache.nifi.processors.standard.RouteText - RouteText[id=bf0f7ccb-620f-4544-b652-03cd51d8645e] Routing FlowFile[2898,100419081754382.mockFlowFile,24B] to original
[main] DEBUG org.apache.nifi.processors.standard.RouteText - RouteText[id=bf0f7ccb-620f-4544-b652-03cd51d8645e] Adding new dynamic property: PropertyDescriptor[simple]
[pool-3772-thread-1] INFO org.apache.nifi.processors.standard.RouteText - RouteText[id=bf0f7ccb-620f-4544-b652-03cd51d8645e] Created FlowFile[2901,100419082148718.mockFlowFile,24B] from FlowFile[2900,100419082148718.mockFlowFile,24B]; routing to relationship simple
[pool-3772-thread-1] INFO org.apache.nifi.processors.standard.RouteText - RouteText[id=bf0f7ccb-620f-4544-b652-03cd51d8645e] Routing FlowFile[2900,100419082148718.mockFlowFile,24B] to original
[main] DEBUG org.apache.nifi.processors.standard.RouteText - RouteText[id=bf0f7ccb-620f-4544-b652-03cd51d8645e] Adding new dynamic property: PropertyDescriptor[simple]
[pool-3773-thread-1] INFO org.apache.nifi.processors.standard.RouteText - RouteText[id=bf0f7ccb-620f-4544-b652-03cd51d8645e] Created FlowFile[2903,100419082526357.mockFlowFile,24B] from FlowFile[2902,100419082526357.mockFlowFile,24B]; routing to relationship simple
[pool-3773-thread-1] INFO org.apache.nifi.processors.standard.RouteText - RouteText[id=bf0f7ccb-620f-4544-b652-03cd51d8645e] Routing FlowFile[2902,100419082526357.mockFlowFile,24B] to original
[main] DEBUG org.apache.nifi.processors.standard.RouteText - RouteText[id=bf0f7ccb-620f-4544-b652-03cd51d8645e] Adding new dynamic property: PropertyDescriptor[simple]
[pool-3774-thread-1] INFO org.apache.nifi.processors.standard.RouteText - RouteText[id=bf0f7ccb-620f-4544-b652-03cd51d8645e] Created FlowFile[2905,100419082908205.mockFlowFile,24B] from FlowFile[2904,100419082908205.mockFlowFile,24B]; routing to relationship simple
[pool-3774-thread-1] INFO org.apache.nifi.processors.standard.RouteText - RouteText[id=bf0f7ccb-620f-4544-b652-03cd51d8645e] Routing FlowFile[2904,100419082908205.mockFlowFile,24B] to original
[main] DEBUG org.apache.nifi.processors.standard.RouteText - RouteText[id=bf0f7ccb-620f-4544-b652-03cd51d8645e] Adding new dynamic property: PropertyDescriptor[simple]
[pool-3775-thread-1] INFO org.apache.nifi.processors.standard.RouteText - RouteText[id=bf0f7ccb-620f-4544-b652-03cd51d8645e] Created FlowFile[2907,100419083285818.mockFlowFile,24B] from FlowFile[2906,100419083285818.mockFlowFile,24B]; routing to relationship simple
[pool-3775-thread-1] INFO org.apache.nifi.processors.standard.RouteText - RouteText[id=bf0f7ccb-620f-4544-b652-03cd51d8645e] Routing FlowFile[2906,100419083285818.mockFlowFile,24B] to original
[main] DEBUG org.apache.nifi.processors.standard.RouteText - RouteText[id=bf0f7ccb-620f-4544-b652-03cd51d8645e] Adding new dynamic property: PropertyDescriptor[simple]
[pool-3776-thread-1] INFO org.apache.nifi.processors.standard.RouteText - RouteText[id=bf0f7ccb-620f-4544-b652-03cd51d8645e] Created FlowFile[2909,100419083668516.mockFlowFile,24B] from FlowFile[2908,100419083668516.mockFlowFile,24B]; routing to relationship simple
[pool-3776-thread-1] INFO org.apache.nifi.processors.standard.RouteText - RouteText[id=bf0f7ccb-620f-4544-b652-03cd51d8645e] Routing FlowFile[2908,100419083668516.mockFlowFile,24B] to original
[main] DEBUG org.apache.nifi.processors.standard.RouteText - RouteText[id=bf0f7ccb-620f-4544-b652-03cd51d8645e] Adding new dynamic property: PropertyDescriptor[simple]
[pool-3777-thread-1] INFO org.apache.nifi.processors.standard.RouteText - RouteText[id=bf0f7ccb-620f-4544-b652-03cd51d8645e] Created FlowFile[2911,100419084056794.mockFlowFile,24B] from FlowFile[2910,100419084056794.mockFlowFile,24B]; routing to relationship simple
[pool-3777-thread-1] INFO org.apache.nifi.processors.standard.RouteText - RouteText[id=bf0f7ccb-620f-4544-b652-03cd51d8645e] Routing FlowFile[2910,100419084056794.mockFlowFile,24B] to original
[main] DEBUG org.apache.nifi.processors.standard.RouteText - RouteText[id=bf0f7ccb-620f-4544-b652-03cd51d8645e] Adding new dynamic property: PropertyDescriptor[simple]
[pool-3778-thread-1] INFO org.apache.nifi.processors.standard.RouteText - RouteText[id=bf0f7ccb-620f-4544-b652-03cd51d8645e] Created FlowFile[2913,100419084444268.mockFlowFile,24B] from FlowFile[2912,100419084444268.mockFlowFile,24B]; routing to relationship simple
[pool-3778-thread-1] INFO org.apache.nifi.processors.standard.RouteText - RouteText[id=bf0f7ccb-620f-4544-b652-03cd51d8645e] Routing FlowFile[2912,100419084444268.mockFlowFile,24B] to original
[main] DEBUG org.apache.nifi.processors.standard.RouteText - RouteText[id=bf0f7ccb-620f-4544-b652-03cd51d8645e] Adding new dynamic property: PropertyDescriptor[simple]
[pool-3779-thread-1] INFO org.apache.nifi.processors.standard.RouteText - RouteText[id=bf0f7ccb-620f-4544-b652-03cd51d8645e] Created FlowFile[2915,100419084828601.mockFlowFile,24B] from FlowFile[2914,100419084828601.mockFlowFile,24B]; routing to relationship simple
[pool-3779-thread-1] INFO org.apache.nifi.processors.standard.RouteText - RouteText[id=bf0f7ccb-620f-4544-b652-03cd51d8645e] Routing FlowFile[2914,100419084828601.mockFlowFile,24B] to original
[main] DEBUG org.apache.nifi.processors.standard.RouteText - RouteText[id=bf0f7ccb-620f-4544-b652-03cd51d8645e] Adding new dynamic property: PropertyDescriptor[simple]
[pool-3780-thread-1] INFO org.apache.nifi.processors.standard.RouteText - RouteText[id=bf0f7ccb-620f-4544-b652-03cd51d8645e] Created FlowFile[2917,100419085207534.mockFlowFile,24B] from FlowFile[2916,100419085207534.mockFlowFile,24B]; routing to relationship simple
[pool-3780-thread-1] INFO org.apache.nifi.processors.standard.RouteText - RouteText[id=bf0f7ccb-620f-4544-b652-03cd51d8645e] Routing FlowFile[2916,100419085207534.mockFlowFile,24B] to original
[main] DEBUG org.apache.nifi.processors.standard.RouteText - RouteText[id=bf0f7ccb-620f-4544-b652-03cd51d8645e] Adding new dynamic property: PropertyDescriptor[simple]
[pool-3781-thread-1] INFO org.apache.nifi.processors.standard.RouteText - RouteText[id=bf0f7ccb-620f-4544-b652-03cd51d8645e] Created FlowFile[2919,100419085603458.mockFlowFile,24B] from FlowFile[2918,100419085603458.mockFlowFile,24B]; routing to relationship simple
[pool-3781-thread-1] INFO org.apache.nifi.processors.standard.RouteText - RouteText[id=bf0f7ccb-620f-4544-b652-03cd51d8645e] Routing FlowFile[2918,100419085603458.mockFlowFile,24B] to original
[main] DEBUG org.apache.nifi.processors.standard.RouteText - RouteText[id=bf0f7ccb-620f-4544-b652-03cd51d8645e] Adding new dynamic property: PropertyDescriptor[simple]
[pool-3782-thread-1] INFO org.apache.nifi.processors.standard.RouteText - RouteText[id=bf0f7ccb-620f-4544-b652-03cd51d8645e] Created FlowFile[2921,100419085991503.mockFlowFile,24B] from FlowFile[2920,100419085991503.mockFlowFile,24B]; routing to relationship simple
[pool-3782-thread-1] INFO org.apache.nifi.processors.standard.RouteText - RouteText[id=bf0f7ccb-620f-4544-b652-03cd51d8645e] Routing FlowFile[2920,100419085991503.mockFlowFile,24B] to original
[main] DEBUG org.apache.nifi.processors.standard.RouteText - RouteText[id=bf0f7ccb-620f-4544-b652-03cd51d8645e] Adding new dynamic property: PropertyDescriptor[simple]
[pool-3783-thread-1] INFO org.apache.nifi.processors.standard.RouteText - RouteText[id=bf0f7ccb-620f-4544-b652-03cd51d8645e] Created FlowFile[2923,100419086465685.mockFlowFile,24B] from FlowFile[2922,100419086465685.mockFlowFile,24B]; routing to relationship simple
[pool-3783-thread-1] INFO org.apache.nifi.processors.standard.RouteText - RouteText[id=bf0f7ccb-620f-4544-b652-03cd51d8645e] Routing FlowFile[2922,100419086465685.mockFlowFile,24B] to original
[main] DEBUG org.apache.nifi.processors.standard.RouteText - RouteText[id=bf0f7ccb-620f-4544-b652-03cd51d8645e] Adding new dynamic property: PropertyDescriptor[simple]
[pool-3784-thread-1] INFO org.apache.nifi.processors.standard.RouteText - RouteText[id=bf0f7ccb-620f-4544-b652-03cd51d8645e] Created FlowFile[2925,100419086866815.mockFlowFile,24B] from FlowFile[2924,100419086866815.mockFlowFile,24B]; routing to relationship simple
[pool-3784-thread-1] INFO org.apache.nifi.processors.standard.RouteText - RouteText[id=bf0f7ccb-620f-4544-b652-03cd51d8645e] Routing FlowFile[2924,100419086866815.mockFlowFile,24B] to original
[main] DEBUG org.apache.nifi.processors.standard.RouteText - RouteText[id=bf0f7ccb-620f-4544-b652-03cd51d8645e] Adding new dynamic property: PropertyDescriptor[simple]
[pool-3785-thread-1] INFO org.apache.nifi.processors.standard.RouteText - RouteText[id=bf0f7ccb-620f-4544-b652-03cd51d8645e] Created FlowFile[2927,100419087236515.mockFlowFile,24B] from FlowFile[2926,100419087236515.mockFlowFile,24B]; routing to relationship simple
[pool-3785-thread-1] INFO org.apache.nifi.processors.standard.RouteText - RouteText[id=bf0f7ccb-620f-4544-b652-03cd51d8645e] Routing FlowFile[2926,100419087236515.mockFlowFile,24B] to original
[main] DEBUG org.apache.nifi.processors.standard.RouteText - RouteText[id=bf0f7ccb-620f-4544-b652-03cd51d8645e] Adding new dynamic property: PropertyDescriptor[simple]
[pool-3786-thread-1] INFO org.apache.nifi.processors.standard.RouteText - RouteText[id=bf0f7ccb-620f-4544-b652-03cd51d8645e] Created FlowFile[2929,100419087631959.mockFlowFile,24B] from FlowFile[2928,100419087631959.mockFlowFile,24B]; routing to relationship simple
[pool-3786-thread-1] INFO org.apache.nifi.processors.standard.RouteText - RouteText[id=bf0f7ccb-620f-4544-b652-03cd51d8645e] Routing FlowFile[2928,100419087631959.mockFlowFile,24B] to original
[main] DEBUG org.apache.nifi.processors.standard.RouteText - RouteText[id=bf0f7ccb-620f-4544-b652-03cd51d8645e] Adding new dynamic property: PropertyDescriptor[simple]
[pool-3787-thread-1] INFO org.apache.nifi.processors.standard.RouteText - RouteText[id=bf0f7ccb-620f-4544-b652-03cd51d8645e] Created FlowFile[2931,100419088058036.mockFlowFile,24B] from FlowFile[2930,100419088058036.mockFlowFile,24B]; routing to relationship simple
[pool-3787-thread-1] INFO org.apache.nifi.processors.standard.RouteText - RouteText[id=bf0f7ccb-620f-4544-b652-03cd51d8645e] Routing FlowFile[2930,100419088058036.mockFlowFile,24B] to original
[main] DEBUG org.apache.nifi.processors.standard.RouteText - RouteText[id=bf0f7ccb-620f-4544-b652-03cd51d8645e] Adding new dynamic property: PropertyDescriptor[simple]
[pool-3788-thread-1] INFO org.apache.nifi.processors.standard.RouteText - RouteText[id=bf0f7ccb-620f-4544-b652-03cd51d8645e] Created FlowFile[2933,100419088433708.mockFlowFile,24B] from FlowFile[2932,100419088433708.mockFlowFile,24B]; routing to relationship simple
[pool-3788-thread-1] INFO org.apache.nifi.processors.standard.RouteText - RouteText[id=bf0f7ccb-620f-4544-b652-03cd51d8645e] Routing FlowFile[2932,100419088433708.mockFlowFile,24B] to original
[main] DEBUG org.apache.nifi.processors.standard.RouteText - RouteText[id=bf0f7ccb-620f-4544-b652-03cd51d8645e] Adding new dynamic property: PropertyDescriptor[simple]
[pool-3789-thread-1] INFO org.apache.nifi.processors.standard.RouteText - RouteText[id=bf0f7ccb-620f-4544-b652-03cd51d8645e] Created FlowFile[2935,100419088835016.mockFlowFile,24B] from FlowFile[2934,100419088835016.mockFlowFile,24B]; routing to relationship simple
[pool-3789-thread-1] INFO org.apache.nifi.processors.standard.RouteText - RouteText[id=bf0f7ccb-620f-4544-b652-03cd51d8645e] Routing FlowFile[2934,100419088835016.mockFlowFile,24B] to original
[main] DEBUG org.apache.nifi.processors.standard.RouteText - RouteText[id=bf0f7ccb-620f-4544-b652-03cd51d8645e] Adding new dynamic property: PropertyDescriptor[simple]
[pool-3790-thread-1] INFO org.apache.nifi.processors.standard.RouteText - RouteText[id=bf0f7ccb-620f-4544-b652-03cd51d8645e] Created FlowFile[2937,100419089234827.mockFlowFile,24B] from FlowFile[2936,100419089234827.mockFlowFile,24B]; routing to relationship simple
[pool-3790-thread-1] INFO org.apache.nifi.processors.standard.RouteText - RouteText[id=bf0f7ccb-620f-4544-b652-03cd51d8645e] Routing FlowFile[2936,100419089234827.mockFlowFile,24B] to original
[main] DEBUG org.apache.nifi.processors.standard.RouteText - RouteText[id=bf0f7ccb-620f-4544-b652-03cd51d8645e] Adding new dynamic property: PropertyDescriptor[simple]
[pool-3791-thread-1] INFO org.apache.nifi.processors.standard.RouteText - RouteText[id=bf0f7ccb-620f-4544-b652-03cd51d8645e] Created FlowFile[2939,100419089653878.mockFlowFile,24B] from FlowFile[2938,100419089653878.mockFlowFile,24B]; routing to relationship simple
[pool-3791-thread-1] INFO org.apache.nifi.processors.standard.RouteText - RouteText[id=bf0f7ccb-620f-4544-b652-03cd51d8645e] Routing FlowFile[2938,100419089653878.mockFlowFile,24B] to original
[main] DEBUG org.apache.nifi.processors.standard.RouteText - RouteText[id=bf0f7ccb-620f-4544-b652-03cd51d8645e] Adding new dynamic property: PropertyDescriptor[simple]
[pool-3792-thread-1] INFO org.apache.nifi.processors.standard.RouteText - RouteText[id=bf0f7ccb-620f-4544-b652-03cd51d8645e] Created FlowFile[2941,100419090061914.mockFlowFile,24B] from FlowFile[2940,100419090061914.mockFlowFile,24B]; routing to relationship simple
[pool-3792-thread-1] INFO org.apache.nifi.processors.standard.RouteText - RouteText[id=bf0f7ccb-620f-4544-b652-03cd51d8645e] Routing FlowFile[2940,100419090061914.mockFlowFile,24B] to original
[main] DEBUG org.apache.nifi.processors.standard.RouteText - RouteText[id=bf0f7ccb-620f-4544-b652-03cd51d8645e] Adding new dynamic property: PropertyDescriptor[simple]
[pool-3793-thread-1] INFO org.apache.nifi.processors.standard.RouteText - RouteText[id=bf0f7ccb-620f-4544-b652-03cd51d8645e] Created FlowFile[2943,100419090470017.mockFlowFile,24B] from FlowFile[2942,100419090470017.mockFlowFile,24B]; routing to relationship simple
[pool-3793-thread-1] INFO org.apache.nifi.processors.standard.RouteText - RouteText[id=bf0f7ccb-620f-4544-b652-03cd51d8645e] Routing FlowFile[2942,100419090470017.mockFlowFile,24B] to original
[main] DEBUG org.apache.nifi.processors.standard.RouteText - RouteText[id=bf0f7ccb-620f-4544-b652-03cd51d8645e] Adding new dynamic property: PropertyDescriptor[simple]
[pool-3794-thread-1] INFO org.apache.nifi.processors.standard.RouteText - RouteText[id=bf0f7ccb-620f-4544-b652-03cd51d8645e] Created FlowFile[2945,100419090933112.mockFlowFile,24B] from FlowFile[2944,100419090933112.mockFlowFile,24B]; routing to relationship simple
[pool-3794-thread-1] INFO org.apache.nifi.processors.standard.RouteText - RouteText[id=bf0f7ccb-620f-4544-b652-03cd51d8645e] Routing FlowFile[2944,100419090933112.mockFlowFile,24B] to original
[main] DEBUG org.apache.nifi.processors.standard.RouteText - RouteText[id=bf0f7ccb-620f-4544-b652-03cd51d8645e] Adding new dynamic property: PropertyDescriptor[simple]
[pool-3795-thread-1] INFO org.apache.nifi.processors.standard.RouteText - RouteText[id=bf0f7ccb-620f-4544-b652-03cd51d8645e] Created FlowFile[2947,100419091388079.mockFlowFile,24B] from FlowFile[2946,100419091388079.mockFlowFile,24B]; routing to relationship simple
[pool-3795-thread-1] INFO org.apache.nifi.processors.standard.RouteText - RouteText[id=bf0f7ccb-620f-4544-b652-03cd51d8645e] Routing FlowFile[2946,100419091388079.mockFlowFile,24B] to original
[main] DEBUG org.apache.nifi.processors.standard.RouteText - RouteText[id=bf0f7ccb-620f-4544-b652-03cd51d8645e] Adding new dynamic property: PropertyDescriptor[simple]
[pool-3796-thread-1] INFO org.apache.nifi.processors.standard.RouteText - RouteText[id=bf0f7ccb-620f-4544-b652-03cd51d8645e] Created FlowFile[2949,100419091795697.mockFlowFile,24B] from FlowFile[2948,100419091795697.mockFlowFile,24B]; routing to relationship simple
[pool-3796-thread-1] INFO org.apache.nifi.processors.standard.RouteText - RouteText[id=bf0f7ccb-620f-4544-b652-03cd51d8645e] Routing FlowFile[2948,100419091795697.mockFlowFile,24B] to original
[main] DEBUG org.apache.nifi.processors.standard.RouteText - RouteText[id=bf0f7ccb-620f-4544-b652-03cd51d8645e] Adding new dynamic property: PropertyDescriptor[simple]
[pool-3797-thread-1] INFO org.apache.nifi.processors.standard.RouteText - RouteText[id=bf0f7ccb-620f-4544-b652-03cd51d8645e] Created FlowFile[2951,100419092313800.mockFlowFile,24B] from FlowFile[2950,100419092313800.mockFlowFile,24B]; routing to relationship simple
[pool-3797-thread-1] INFO org.apache.nifi.processors.standard.RouteText - RouteText[id=bf0f7ccb-620f-4544-b652-03cd51d8645e] Routing FlowFile[2950,100419092313800.mockFlowFile,24B] to original
[main] DEBUG org.apache.nifi.processors.standard.RouteText - RouteText[id=bf0f7ccb-620f-4544-b652-03cd51d8645e] Adding new dynamic property: PropertyDescriptor[simple]
[pool-3798-thread-1] INFO org.apache.nifi.processors.standard.RouteText - RouteText[id=bf0f7ccb-620f-4544-b652-03cd51d8645e] Created FlowFile[2953,100419092735446.mockFlowFile,24B] from FlowFile[2952,100419092735446.mockFlowFile,24B]; routing to relationship simple
[pool-3798-thread-1] INFO org.apache.nifi.processors.standard.RouteText - RouteText[id=bf0f7ccb-620f-4544-b652-03cd51d8645e] Routing FlowFile[2952,100419092735446.mockFlowFile,24B] to original
[main] DEBUG org.apache.nifi.processors.standard.RouteText - RouteText[id=bf0f7ccb-620f-4544-b652-03cd51d8645e] Adding new dynamic property: PropertyDescriptor[simple]
[pool-3799-thread-1] INFO org.apache.nifi.processors.standard.RouteText - RouteText[id=bf0f7ccb-620f-4544-b652-03cd51d8645e] Created FlowFile[2955,100419093173830.mockFlowFile,24B] from FlowFile[2954,100419093173830.mockFlowFile,24B]; routing to relationship simple
[pool-3799-thread-1] INFO org.apache.nifi.processors.standard.RouteText - RouteText[id=bf0f7ccb-620f-4544-b652-03cd51d8645e] Routing FlowFile[2954,100419093173830.mockFlowFile,24B] to original
[main] DEBUG org.apache.nifi.processors.standard.RouteText - RouteText[id=bf0f7ccb-620f-4544-b652-03cd51d8645e] Adding new dynamic property: PropertyDescriptor[simple]
[pool-3800-thread-1] INFO org.apache.nifi.processors.standard.RouteText - RouteText[id=bf0f7ccb-620f-4544-b652-03cd51d8645e] Created FlowFile[2957,100419093603734.mockFlowFile,24B] from FlowFile[2956,100419093603734.mockFlowFile,24B]; routing to relationship simple
[pool-3800-thread-1] INFO org.apache.nifi.processors.standard.RouteText - RouteText[id=bf0f7ccb-620f-4544-b652-03cd51d8645e] Routing FlowFile[2956,100419093603734.mockFlowFile,24B] to original
[main] DEBUG org.apache.nifi.processors.standard.RouteText - RouteText[id=bf0f7ccb-620f-4544-b652-03cd51d8645e] Adding new dynamic property: PropertyDescriptor[simple]
[pool-3801-thread-1] INFO org.apache.nifi.processors.standard.RouteText - RouteText[id=bf0f7ccb-620f-4544-b652-03cd51d8645e] Created FlowFile[2959,100419094016271.mockFlowFile,24B] from FlowFile[2958,100419094016271.mockFlowFile,24B]; routing to relationship simple
[pool-3801-thread-1] INFO org.apache.nifi.processors.standard.RouteText - RouteText[id=bf0f7ccb-620f-4544-b652-03cd51d8645e] Routing FlowFile[2958,100419094016271.mockFlowFile,24B] to original
[main] DEBUG org.apache.nifi.processors.standard.RouteText - RouteText[id=bf0f7ccb-620f-4544-b652-03cd51d8645e] Adding new dynamic property: PropertyDescriptor[simple]
[pool-3802-thread-1] INFO org.apache.nifi.processors.standard.RouteText - RouteText[id=bf0f7ccb-620f-4544-b652-03cd51d8645e] Created FlowFile[2961,100419094444857.mockFlowFile,24B] from FlowFile[2960,100419094444857.mockFlowFile,24B]; routing to relationship simple
[pool-3802-thread-1] INFO org.apache.nifi.processors.standard.RouteText - RouteText[id=bf0f7ccb-620f-4544-b652-03cd51d8645e] Routing FlowFile[2960,100419094444857.mockFlowFile,24B] to original
[main] DEBUG org.apache.nifi.processors.standard.RouteText - RouteText[id=bf0f7ccb-620f-4544-b652-03cd51d8645e] Adding new dynamic property: PropertyDescriptor[simple]
[pool-3803-thread-1] INFO org.apache.nifi.processors.standard.RouteText - RouteText[id=bf0f7ccb-620f-4544-b652-03cd51d8645e] Created FlowFile[2963,100419094873108.mockFlowFile,24B] from FlowFile[2962,100419094873108.mockFlowFile,24B]; routing to relationship simple
[pool-3803-thread-1] INFO org.apache.nifi.processors.standard.RouteText - RouteText[id=bf0f7ccb-620f-4544-b652-03cd51d8645e] Routing FlowFile[2962,100419094873108.mockFlowFile,24B] to original
[main] DEBUG org.apache.nifi.processors.standard.RouteText - RouteText[id=bf0f7ccb-620f-4544-b652-03cd51d8645e] Adding new dynamic property: PropertyDescriptor[simple]
[pool-3804-thread-1] INFO org.apache.nifi.processors.standard.RouteText - RouteText[id=bf0f7ccb-620f-4544-b652-03cd51d8645e] Created FlowFile[2965,100419095289649.mockFlowFile,24B] from FlowFile[2964,100419095289649.mockFlowFile,24B]; routing to relationship simple
[pool-3804-thread-1] INFO org.apache.nifi.processors.standard.RouteText - RouteText[id=bf0f7ccb-620f-4544-b652-03cd51d8645e] Routing FlowFile[2964,100419095289649.mockFlowFile,24B] to original
[main] DEBUG org.apache.nifi.processors.standard.RouteText - RouteText[id=bf0f7ccb-620f-4544-b652-03cd51d8645e] Adding new dynamic property: PropertyDescriptor[simple]
[pool-3805-thread-1] INFO org.apache.nifi.processors.standard.RouteText - RouteText[id=bf0f7ccb-620f-4544-b652-03cd51d8645e] Created FlowFile[2967,100419095700177.mockFlowFile,24B] from FlowFile[2966,100419095700177.mockFlowFile,24B]; routing to relationship simple
[pool-3805-thread-1] INFO org.apache.nifi.processors.standard.RouteText - RouteText[id=bf0f7ccb-620f-4544-b652-03cd51d8645e] Routing FlowFile[2966,100419095700177.mockFlowFile,24B] to original
[main] DEBUG org.apache.nifi.processors.standard.RouteText - RouteText[id=bf0f7ccb-620f-4544-b652-03cd51d8645e] Adding new dynamic property: PropertyDescriptor[simple]
[pool-3806-thread-1] INFO org.apache.nifi.processors.standard.RouteText - RouteText[id=bf0f7ccb-620f-4544-b652-03cd51d8645e] Created FlowFile[2969,100419096125355.mockFlowFile,24B] from FlowFile[2968,100419096125355.mockFlowFile,24B]; routing to relationship simple
[pool-3806-thread-1] INFO org.apache.nifi.processors.standard.RouteText - RouteText[id=bf0f7ccb-620f-4544-b652-03cd51d8645e] Routing FlowFile[2968,100419096125355.mockFlowFile,24B] to original
[main] DEBUG org.apache.nifi.processors.standard.RouteText - RouteText[id=bf0f7ccb-620f-4544-b652-03cd51d8645e] Adding new dynamic property: PropertyDescriptor[simple]
[pool-3807-thread-1] INFO org.apache.nifi.processors.standard.RouteText - RouteText[id=bf0f7ccb-620f-4544-b652-03cd51d8645e] Created FlowFile[2971,100419096504962.mockFlowFile,24B] from FlowFile[2970,100419096504962.mockFlowFile,24B]; routing to relationship simple
[pool-3807-thread-1] INFO org.apache.nifi.processors.standard.RouteText - RouteText[id=bf0f7ccb-620f-4544-b652-03cd51d8645e] Routing FlowFile[2970,100419096504962.mockFlowFile,24B] to original
[main] DEBUG org.apache.nifi.processors.standard.RouteText - RouteText[id=bf0f7ccb-620f-4544-b652-03cd51d8645e] Adding new dynamic property: PropertyDescriptor[simple]
[pool-3808-thread-1] INFO org.apache.nifi.processors.standard.RouteText - RouteText[id=bf0f7ccb-620f-4544-b652-03cd51d8645e] Created FlowFile[2973,100419096914968.mockFlowFile,24B] from FlowFile[2972,100419096914968.mockFlowFile,24B]; routing to relationship simple
[pool-3808-thread-1] INFO org.apache.nifi.processors.standard.RouteText - RouteText[id=bf0f7ccb-620f-4544-b652-03cd51d8645e] Routing FlowFile[2972,100419096914968.mockFlowFile,24B] to original
[main] DEBUG org.apache.nifi.processors.standard.RouteText - RouteText[id=bf0f7ccb-620f-4544-b652-03cd51d8645e] Adding new dynamic property: PropertyDescriptor[simple]
[pool-3809-thread-1] INFO org.apache.nifi.processors.standard.RouteText - RouteText[id=bf0f7ccb-620f-4544-b652-03cd51d8645e] Created FlowFile[2975,100419097321562.mockFlowFile,24B] from FlowFile[2974,100419097321562.mockFlowFile,24B]; routing to relationship simple
[pool-3809-thread-1] INFO org.apache.nifi.processors.standard.RouteText - RouteText[id=bf0f7ccb-620f-4544-b652-03cd51d8645e] Routing FlowFile[2974,100419097321562.mockFlowFile,24B] to original
[main] DEBUG org.apache.nifi.processors.standard.RouteText - RouteText[id=bf0f7ccb-620f-4544-b652-03cd51d8645e] Adding new dynamic property: PropertyDescriptor[simple]
[pool-3810-thread-1] INFO org.apache.nifi.processors.standard.RouteText - RouteText[id=bf0f7ccb-620f-4544-b652-03cd51d8645e] Created FlowFile[2977,100419097724669.mockFlowFile,24B] from FlowFile[2976,100419097724669.mockFlowFile,24B]; routing to relationship simple
[pool-3810-thread-1] INFO org.apache.nifi.processors.standard.RouteText - RouteText[id=bf0f7ccb-620f-4544-b652-03cd51d8645e] Routing FlowFile[2976,100419097724669.mockFlowFile,24B] to original
[main] DEBUG org.apache.nifi.processors.standard.RouteText - RouteText[id=bf0f7ccb-620f-4544-b652-03cd51d8645e] Adding new dynamic property: PropertyDescriptor[simple]
[pool-3811-thread-1] INFO org.apache.nifi.processors.standard.RouteText - RouteText[id=bf0f7ccb-620f-4544-b652-03cd51d8645e] Created FlowFile[2979,100419098123710.mockFlowFile,24B] from FlowFile[2978,100419098123710.mockFlowFile,24B]; routing to relationship simple
[pool-3811-thread-1] INFO org.apache.nifi.processors.standard.RouteText - RouteText[id=bf0f7ccb-620f-4544-b652-03cd51d8645e] Routing FlowFile[2978,100419098123710.mockFlowFile,24B] to original
[main] DEBUG org.apache.nifi.processors.standard.RouteText - RouteText[id=bf0f7ccb-620f-4544-b652-03cd51d8645e] Adding new dynamic property: PropertyDescriptor[simple]
[pool-3812-thread-1] INFO org.apache.nifi.processors.standard.RouteText - RouteText[id=bf0f7ccb-620f-4544-b652-03cd51d8645e] Created FlowFile[2981,100419098532829.mockFlowFile,24B] from FlowFile[2980,100419098532829.mockFlowFile,24B]; routing to relationship simple
[pool-3812-thread-1] INFO org.apache.nifi.processors.standard.RouteText - RouteText[id=bf0f7ccb-620f-4544-b652-03cd51d8645e] Routing FlowFile[2980,100419098532829.mockFlowFile,24B] to original
[main] DEBUG org.apache.nifi.processors.standard.RouteText - RouteText[id=bf0f7ccb-620f-4544-b652-03cd51d8645e] Adding new dynamic property: PropertyDescriptor[simple]
[pool-3813-thread-1] INFO org.apache.nifi.processors.standard.RouteText - RouteText[id=bf0f7ccb-620f-4544-b652-03cd51d8645e] Created FlowFile[2983,100419098978687.mockFlowFile,24B] from FlowFile[2982,100419098978687.mockFlowFile,24B]; routing to relationship simple
[pool-3813-thread-1] INFO org.apache.nifi.processors.standard.RouteText - RouteText[id=bf0f7ccb-620f-4544-b652-03cd51d8645e] Routing FlowFile[2982,100419098978687.mockFlowFile,24B] to original
[main] DEBUG org.apache.nifi.processors.standard.RouteText - RouteText[id=bf0f7ccb-620f-4544-b652-03cd51d8645e] Adding new dynamic property: PropertyDescriptor[simple]
[pool-3814-thread-1] INFO org.apache.nifi.processors.standard.RouteText - RouteText[id=bf0f7ccb-620f-4544-b652-03cd51d8645e] Created FlowFile[2985,100419099426320.mockFlowFile,24B] from FlowFile[2984,100419099426320.mockFlowFile,24B]; routing to relationship simple
[pool-3814-thread-1] INFO org.apache.nifi.processors.standard.RouteText - RouteText[id=bf0f7ccb-620f-4544-b652-03cd51d8645e] Routing FlowFile[2984,100419099426320.mockFlowFile,24B] to original
[main] DEBUG org.apache.nifi.processors.standard.RouteText - RouteText[id=bf0f7ccb-620f-4544-b652-03cd51d8645e] Adding new dynamic property: PropertyDescriptor[simple]
[pool-3815-thread-1] INFO org.apache.nifi.processors.standard.RouteText - RouteText[id=bf0f7ccb-620f-4544-b652-03cd51d8645e] Created FlowFile[2987,100419099937425.mockFlowFile,24B] from FlowFile[2986,100419099937425.mockFlowFile,24B]; routing to relationship simple
[pool-3815-thread-1] INFO org.apache.nifi.processors.standard.RouteText - RouteText[id=bf0f7ccb-620f-4544-b652-03cd51d8645e] Routing FlowFile[2986,100419099937425.mockFlowFile,24B] to original
[main] DEBUG org.apache.nifi.processors.standard.RouteText - RouteText[id=bf0f7ccb-620f-4544-b652-03cd51d8645e] Adding new dynamic property: PropertyDescriptor[simple]
[pool-3816-thread-1] INFO org.apache.nifi.processors.standard.RouteText - RouteText[id=bf0f7ccb-620f-4544-b652-03cd51d8645e] Created FlowFile[2989,100419100424993.mockFlowFile,24B] from FlowFile[2988,100419100424993.mockFlowFile,24B]; routing to relationship simple
[pool-3816-thread-1] INFO org.apache.nifi.processors.standard.RouteText - RouteText[id=bf0f7ccb-620f-4544-b652-03cd51d8645e] Routing FlowFile[2988,100419100424993.mockFlowFile,24B] to original
[main] DEBUG org.apache.nifi.processors.standard.RouteText - RouteText[id=bf0f7ccb-620f-4544-b652-03cd51d8645e] Adding new dynamic property: PropertyDescriptor[simple]
[pool-3817-thread-1] INFO org.apache.nifi.processors.standard.RouteText - RouteText[id=bf0f7ccb-620f-4544-b652-03cd51d8645e] Created FlowFile[2991,100419100879214.mockFlowFile,24B] from FlowFile[2990,100419100879214.mockFlowFile,24B]; routing to relationship simple
[pool-3817-thread-1] INFO org.apache.nifi.processors.standard.RouteText - RouteText[id=bf0f7ccb-620f-4544-b652-03cd51d8645e] Routing FlowFile[2990,100419100879214.mockFlowFile,24B] to original
[main] DEBUG org.apache.nifi.processors.standard.RouteText - RouteText[id=bf0f7ccb-620f-4544-b652-03cd51d8645e] Adding new dynamic property: PropertyDescriptor[simple]
[pool-3818-thread-1] INFO org.apache.nifi.processors.standard.RouteText - RouteText[id=bf0f7ccb-620f-4544-b652-03cd51d8645e] Created FlowFile[2993,100419101335117.mockFlowFile,24B] from FlowFile[2992,100419101335117.mockFlowFile,24B]; routing to relationship simple
[pool-3818-thread-1] INFO org.apache.nifi.processors.standard.RouteText - RouteText[id=bf0f7ccb-620f-4544-b652-03cd51d8645e] Routing FlowFile[2992,100419101335117.mockFlowFile,24B] to original
[main] DEBUG org.apache.nifi.processors.standard.RouteText - RouteText[id=bf0f7ccb-620f-4544-b652-03cd51d8645e] Adding new dynamic property: PropertyDescriptor[simple]
[pool-3819-thread-1] INFO org.apache.nifi.processors.standard.RouteText - RouteText[id=bf0f7ccb-620f-4544-b652-03cd51d8645e] Created FlowFile[2995,100419101766746.mockFlowFile,24B] from FlowFile[2994,100419101766746.mockFlowFile,24B]; routing to relationship simple
[pool-3819-thread-1] INFO org.apache.nifi.processors.standard.RouteText - RouteText[id=bf0f7ccb-620f-4544-b652-03cd51d8645e] Routing FlowFile[2994,100419101766746.mockFlowFile,24B] to original
[main] DEBUG org.apache.nifi.processors.standard.RouteText - RouteText[id=bf0f7ccb-620f-4544-b652-03cd51d8645e] Adding new dynamic property: PropertyDescriptor[simple]
[pool-3820-thread-1] INFO org.apache.nifi.processors.standard.RouteText - RouteText[id=bf0f7ccb-620f-4544-b652-03cd51d8645e] Created FlowFile[2997,100419102190166.mockFlowFile,24B] from FlowFile[2996,100419102190166.mockFlowFile,24B]; routing to relationship simple
[pool-3820-thread-1] INFO org.apache.nifi.processors.standard.RouteText - RouteText[id=bf0f7ccb-620f-4544-b652-03cd51d8645e] Routing FlowFile[2996,100419102190166.mockFlowFile,24B] to original
[main] DEBUG org.apache.nifi.processors.standard.RouteText - RouteText[id=bf0f7ccb-620f-4544-b652-03cd51d8645e] Adding new dynamic property: PropertyDescriptor[simple]
[pool-3821-thread-1] INFO org.apache.nifi.processors.standard.RouteText - RouteText[id=bf0f7ccb-620f-4544-b652-03cd51d8645e] Created FlowFile[2999,100419102622098.mockFlowFile,24B] from FlowFile[2998,100419102622098.mockFlowFile,24B]; routing to relationship simple
[pool-3821-thread-1] INFO org.apache.nifi.processors.standard.RouteText - RouteText[id=bf0f7ccb-620f-4544-b652-03cd51d8645e] Routing FlowFile[2998,100419102622098.mockFlowFile,24B] to original
[main] DEBUG org.apache.nifi.processors.standard.RouteText - RouteText[id=bf0f7ccb-620f-4544-b652-03cd51d8645e] Adding new dynamic property: PropertyDescriptor[simple]
[pool-3822-thread-1] INFO org.apache.nifi.processors.standard.RouteText - RouteText[id=bf0f7ccb-620f-4544-b652-03cd51d8645e] Created FlowFile[3001,100419103044127.mockFlowFile,24B] from FlowFile[3000,100419103044127.mockFlowFile,24B]; routing to relationship simple
[pool-3822-thread-1] INFO org.apache.nifi.processors.standard.RouteText - RouteText[id=bf0f7ccb-620f-4544-b652-03cd51d8645e] Routing FlowFile[3000,100419103044127.mockFlowFile,24B] to original
[main] DEBUG org.apache.nifi.processors.standard.RouteText - RouteText[id=bf0f7ccb-620f-4544-b652-03cd51d8645e] Adding new dynamic property: PropertyDescriptor[simple]
[pool-3823-thread-1] INFO org.apache.nifi.processors.standard.RouteText - RouteText[id=bf0f7ccb-620f-4544-b652-03cd51d8645e] Created FlowFile[3003,100419103490098.mockFlowFile,24B] from FlowFile[3002,100419103490098.mockFlowFile,24B]; routing to relationship simple
[pool-3823-thread-1] INFO org.apache.nifi.processors.standard.RouteText - RouteText[id=bf0f7ccb-620f-4544-b652-03cd51d8645e] Routing FlowFile[3002,100419103490098.mockFlowFile,24B] to original
[main] DEBUG org.apache.nifi.processors.standard.RouteText - RouteText[id=bf0f7ccb-620f-4544-b652-03cd51d8645e] Adding new dynamic property: PropertyDescriptor[simple]
[pool-3824-thread-1] INFO org.apache.nifi.processors.standard.RouteText - RouteText[id=bf0f7ccb-620f-4544-b652-03cd51d8645e] Created FlowFile[3005,100419103926673.mockFlowFile,24B] from FlowFile[3004,100419103926673.mockFlowFile,24B]; routing to relationship simple
[pool-3824-thread-1] INFO org.apache.nifi.processors.standard.RouteText - RouteText[id=bf0f7ccb-620f-4544-b652-03cd51d8645e] Routing FlowFile[3004,100419103926673.mockFlowFile,24B] to original
[main] DEBUG org.apache.nifi.processors.standard.RouteText - RouteText[id=bf0f7ccb-620f-4544-b652-03cd51d8645e] Adding new dynamic property: PropertyDescriptor[simple]
[pool-3825-thread-1] INFO org.apache.nifi.processors.standard.RouteText - RouteText[id=bf0f7ccb-620f-4544-b652-03cd51d8645e] Created FlowFile[3007,100419104368896.mockFlowFile,24B] from FlowFile[3006,100419104368896.mockFlowFile,24B]; routing to relationship simple
[pool-3825-thread-1] INFO org.apache.nifi.processors.standard.RouteText - RouteText[id=bf0f7ccb-620f-4544-b652-03cd51d8645e] Routing FlowFile[3006,100419104368896.mockFlowFile,24B] to original
[main] DEBUG org.apache.nifi.processors.standard.RouteText - RouteText[id=bf0f7ccb-620f-4544-b652-03cd51d8645e] Adding new dynamic property: PropertyDescriptor[simple]
[pool-3826-thread-1] INFO org.apache.nifi.processors.standard.RouteText - RouteText[id=bf0f7ccb-620f-4544-b652-03cd51d8645e] Created FlowFile[3009,100419104842712.mockFlowFile,24B] from FlowFile[3008,100419104842712.mockFlowFile,24B]; routing to relationship simple
[pool-3826-thread-1] INFO org.apache.nifi.processors.standard.RouteText - RouteText[id=bf0f7ccb-620f-4544-b652-03cd51d8645e] Routing FlowFile[3008,100419104842712.mockFlowFile,24B] to original
[main] DEBUG org.apache.nifi.processors.standard.RouteText - RouteText[id=bf0f7ccb-620f-4544-b652-03cd51d8645e] Adding new dynamic property: PropertyDescriptor[simple]
[pool-3827-thread-1] INFO org.apache.nifi.processors.standard.RouteText - RouteText[id=bf0f7ccb-620f-4544-b652-03cd51d8645e] Created FlowFile[3011,100419105312220.mockFlowFile,24B] from FlowFile[3010,100419105312220.mockFlowFile,24B]; routing to relationship simple
[pool-3827-thread-1] INFO org.apache.nifi.processors.standard.RouteText - RouteText[id=bf0f7ccb-620f-4544-b652-03cd51d8645e] Routing FlowFile[3010,100419105312220.mockFlowFile,24B] to original
[main] DEBUG org.apache.nifi.processors.standard.RouteText - RouteText[id=bf0f7ccb-620f-4544-b652-03cd51d8645e] Adding new dynamic property: PropertyDescriptor[simple]
[pool-3828-thread-1] INFO org.apache.nifi.processors.standard.RouteText - RouteText[id=bf0f7ccb-620f-4544-b652-03cd51d8645e] Created FlowFile[3013,100419105758734.mockFlowFile,24B] from FlowFile[3012,100419105758734.mockFlowFile,24B]; routing to relationship simple
[pool-3828-thread-1] INFO org.apache.nifi.processors.standard.RouteText - RouteText[id=bf0f7ccb-620f-4544-b652-03cd51d8645e] Routing FlowFile[3012,100419105758734.mockFlowFile,24B] to original
[main] DEBUG org.apache.nifi.processors.standard.RouteText - RouteText[id=bf0f7ccb-620f-4544-b652-03cd51d8645e] Adding new dynamic property: PropertyDescriptor[simple]
[pool-3829-thread-1] INFO org.apache.nifi.processors.standard.RouteText - RouteText[id=bf0f7ccb-620f-4544-b652-03cd51d8645e] Created FlowFile[3015,100419106198227.mockFlowFile,24B] from FlowFile[3014,100419106198227.mockFlowFile,24B]; routing to relationship simple
[pool-3829-thread-1] INFO org.apache.nifi.processors.standard.RouteText - RouteText[id=bf0f7ccb-620f-4544-b652-03cd51d8645e] Routing FlowFile[3014,100419106198227.mockFlowFile,24B] to original
[main] DEBUG org.apache.nifi.processors.standard.RouteText - RouteText[id=bf0f7ccb-620f-4544-b652-03cd51d8645e] Adding new dynamic property: PropertyDescriptor[simple]
[pool-3830-thread-1] INFO org.apache.nifi.processors.standard.RouteText - RouteText[id=bf0f7ccb-620f-4544-b652-03cd51d8645e] Created FlowFile[3017,100419106619042.mockFlowFile,24B] from FlowFile[3016,100419106619042.mockFlowFile,24B]; routing to relationship simple
[pool-3830-thread-1] INFO org.apache.nifi.processors.standard.RouteText - RouteText[id=bf0f7ccb-620f-4544-b652-03cd51d8645e] Routing FlowFile[3016,100419106619042.mockFlowFile,24B] to original
[main] DEBUG org.apache.nifi.processors.standard.RouteText - RouteText[id=bf0f7ccb-620f-4544-b652-03cd51d8645e] Adding new dynamic property: PropertyDescriptor[simple]
[pool-3831-thread-1] INFO org.apache.nifi.processors.standard.RouteText - RouteText[id=bf0f7ccb-620f-4544-b652-03cd51d8645e] Created FlowFile[3019,100419107037835.mockFlowFile,24B] from FlowFile[3018,100419107037835.mockFlowFile,24B]; routing to relationship simple
[pool-3831-thread-1] INFO org.apache.nifi.processors.standard.RouteText - RouteText[id=bf0f7ccb-620f-4544-b652-03cd51d8645e] Routing FlowFile[3018,100419107037835.mockFlowFile,24B] to original
[main] DEBUG org.apache.nifi.processors.standard.RouteText - RouteText[id=bf0f7ccb-620f-4544-b652-03cd51d8645e] Adding new dynamic property: PropertyDescriptor[simple]
[pool-3832-thread-1] INFO org.apache.nifi.processors.standard.RouteText - RouteText[id=bf0f7ccb-620f-4544-b652-03cd51d8645e] Created FlowFile[3021,100419107559076.mockFlowFile,24B] from FlowFile[3020,100419107559076.mockFlowFile,24B]; routing to relationship simple
[pool-3832-thread-1] INFO org.apache.nifi.processors.standard.RouteText - RouteText[id=bf0f7ccb-620f-4544-b652-03cd51d8645e] Routing FlowFile[3020,100419107559076.mockFlowFile,24B] to original
[main] DEBUG org.apache.nifi.processors.standard.RouteText - RouteText[id=bf0f7ccb-620f-4544-b652-03cd51d8645e] Adding new dynamic property: PropertyDescriptor[simple]
[pool-3833-thread-1] INFO org.apache.nifi.processors.standard.RouteText - RouteText[id=bf0f7ccb-620f-4544-b652-03cd51d8645e] Created FlowFile[3023,100419107976434.mockFlowFile,24B] from FlowFile[3022,100419107976434.mockFlowFile,24B]; routing to relationship simple
[pool-3833-thread-1] INFO org.apache.nifi.processors.standard.RouteText - RouteText[id=bf0f7ccb-620f-4544-b652-03cd51d8645e] Routing FlowFile[3022,100419107976434.mockFlowFile,24B] to original
[main] DEBUG org.apache.nifi.processors.standard.RouteText - RouteText[id=bf0f7ccb-620f-4544-b652-03cd51d8645e] Adding new dynamic property: PropertyDescriptor[simple]
[pool-3834-thread-1] INFO org.apache.nifi.processors.standard.RouteText - RouteText[id=bf0f7ccb-620f-4544-b652-03cd51d8645e] Created FlowFile[3025,100419108501273.mockFlowFile,24B] from FlowFile[3024,100419108501273.mockFlowFile,24B]; routing to relationship simple
[pool-3834-thread-1] INFO org.apache.nifi.processors.standard.RouteText - RouteText[id=bf0f7ccb-620f-4544-b652-03cd51d8645e] Routing FlowFile[3024,100419108501273.mockFlowFile,24B] to original
[main] DEBUG org.apache.nifi.processors.standard.RouteText - RouteText[id=bf0f7ccb-620f-4544-b652-03cd51d8645e] Adding new dynamic property: PropertyDescriptor[simple]
[pool-3835-thread-1] INFO org.apache.nifi.processors.standard.RouteText - RouteText[id=bf0f7ccb-620f-4544-b652-03cd51d8645e] Created FlowFile[3027,100419108994350.mockFlowFile,24B] from FlowFile[3026,100419108994350.mockFlowFile,24B]; routing to relationship simple
[pool-3835-thread-1] INFO org.apache.nifi.processors.standard.RouteText - RouteText[id=bf0f7ccb-620f-4544-b652-03cd51d8645e] Routing FlowFile[3026,100419108994350.mockFlowFile,24B] to original
[main] DEBUG org.apache.nifi.processors.standard.RouteText - RouteText[id=bf0f7ccb-620f-4544-b652-03cd51d8645e] Adding new dynamic property: PropertyDescriptor[simple]
[pool-3836-thread-1] INFO org.apache.nifi.processors.standard.RouteText - RouteText[id=bf0f7ccb-620f-4544-b652-03cd51d8645e] Created FlowFile[3029,100419109380880.mockFlowFile,24B] from FlowFile[3028,100419109380880.mockFlowFile,24B]; routing to relationship simple
[pool-3836-thread-1] INFO org.apache.nifi.processors.standard.RouteText - RouteText[id=bf0f7ccb-620f-4544-b652-03cd51d8645e] Routing FlowFile[3028,100419109380880.mockFlowFile,24B] to original
[main] DEBUG org.apache.nifi.processors.standard.RouteText - RouteText[id=bf0f7ccb-620f-4544-b652-03cd51d8645e] Adding new dynamic property: PropertyDescriptor[simple]
[pool-3837-thread-1] INFO org.apache.nifi.processors.standard.RouteText - RouteText[id=bf0f7ccb-620f-4544-b652-03cd51d8645e] Created FlowFile[3031,100419109748863.mockFlowFile,24B] from FlowFile[3030,100419109748863.mockFlowFile,24B]; routing to relationship simple
[pool-3837-thread-1] INFO org.apache.nifi.processors.standard.RouteText - RouteText[id=bf0f7ccb-620f-4544-b652-03cd51d8645e] Routing FlowFile[3030,100419109748863.mockFlowFile,24B] to original
[main] DEBUG org.apache.nifi.processors.standard.RouteText - RouteText[id=bf0f7ccb-620f-4544-b652-03cd51d8645e] Adding new dynamic property: PropertyDescriptor[simple]
[pool-3838-thread-1] INFO org.apache.nifi.processors.standard.RouteText - RouteText[id=bf0f7ccb-620f-4544-b652-03cd51d8645e] Created FlowFile[3033,100419110129265.mockFlowFile,24B] from FlowFile[3032,100419110129265.mockFlowFile,24B]; routing to relationship simple
[pool-3838-thread-1] INFO org.apache.nifi.processors.standard.RouteText - RouteText[id=bf0f7ccb-620f-4544-b652-03cd51d8645e] Routing FlowFile[3032,100419110129265.mockFlowFile,24B] to original
[main] DEBUG org.apache.nifi.processors.standard.RouteText - RouteText[id=bf0f7ccb-620f-4544-b652-03cd51d8645e] Adding new dynamic property: PropertyDescriptor[simple]
[pool-3839-thread-1] INFO org.apache.nifi.processors.standard.RouteText - RouteText[id=bf0f7ccb-620f-4544-b652-03cd51d8645e] Created FlowFile[3035,100419110513848.mockFlowFile,24B] from FlowFile[3034,100419110513848.mockFlowFile,24B]; routing to relationship simple
[pool-3839-thread-1] INFO org.apache.nifi.processors.standard.RouteText - RouteText[id=bf0f7ccb-620f-4544-b652-03cd51d8645e] Routing FlowFile[3034,100419110513848.mockFlowFile,24B] to original
[main] DEBUG org.apache.nifi.processors.standard.RouteText - RouteText[id=bf0f7ccb-620f-4544-b652-03cd51d8645e] Adding new dynamic property: PropertyDescriptor[simple]
[pool-3840-thread-1] INFO org.apache.nifi.processors.standard.RouteText - RouteText[id=bf0f7ccb-620f-4544-b652-03cd51d8645e] Created FlowFile[3037,100419110891083.mockFlowFile,24B] from FlowFile[3036,100419110891083.mockFlowFile,24B]; routing to relationship simple
[pool-3840-thread-1] INFO org.apache.nifi.processors.standard.RouteText - RouteText[id=bf0f7ccb-620f-4544-b652-03cd51d8645e] Routing FlowFile[3036,100419110891083.mockFlowFile,24B] to original
[main] DEBUG org.apache.nifi.processors.standard.RouteText - RouteText[id=bf0f7ccb-620f-4544-b652-03cd51d8645e] Adding new dynamic property: PropertyDescriptor[simple]
[pool-3841-thread-1] INFO org.apache.nifi.processors.standard.RouteText - RouteText[id=bf0f7ccb-620f-4544-b652-03cd51d8645e] Created FlowFile[3039,100419111323309.mockFlowFile,24B] from FlowFile[3038,100419111323309.mockFlowFile,24B]; routing to relationship simple
[pool-3841-thread-1] INFO org.apache.nifi.processors.standard.RouteText - RouteText[id=bf0f7ccb-620f-4544-b652-03cd51d8645e] Routing FlowFile[3038,100419111323309.mockFlowFile,24B] to original
[main] DEBUG org.apache.nifi.processors.standard.RouteText - RouteText[id=bf0f7ccb-620f-4544-b652-03cd51d8645e] Adding new dynamic property: PropertyDescriptor[simple]
[pool-3842-thread-1] INFO org.apache.nifi.processors.standard.RouteText - RouteText[id=bf0f7ccb-620f-4544-b652-03cd51d8645e] Created FlowFile[3041,100419111693753.mockFlowFile,24B] from FlowFile[3040,100419111693753.mockFlowFile,24B]; routing to relationship simple
[pool-3842-thread-1] INFO org.apache.nifi.processors.standard.RouteText - RouteText[id=bf0f7ccb-620f-4544-b652-03cd51d8645e] Routing FlowFile[3040,100419111693753.mockFlowFile,24B] to original
[main] DEBUG org.apache.nifi.processors.standard.RouteText - RouteText[id=bf0f7ccb-620f-4544-b652-03cd51d8645e] Adding new dynamic property: PropertyDescriptor[simple]
[pool-3843-thread-1] INFO org.apache.nifi.processors.standard.RouteText - RouteText[id=bf0f7ccb-620f-4544-b652-03cd51d8645e] Created FlowFile[3043,100419112325267.mockFlowFile,24B] from FlowFile[3042,100419112325267.mockFlowFile,24B]; routing to relationship simple
[pool-3843-thread-1] INFO org.apache.nifi.processors.standard.RouteText - RouteText[id=bf0f7ccb-620f-4544-b652-03cd51d8645e] Routing FlowFile[3042,100419112325267.mockFlowFile,24B] to original
[main] DEBUG org.apache.nifi.processors.standard.RouteText - RouteText[id=bf0f7ccb-620f-4544-b652-03cd51d8645e] Adding new dynamic property: PropertyDescriptor[simple]
[pool-3844-thread-1] INFO org.apache.nifi.processors.standard.RouteText - RouteText[id=bf0f7ccb-620f-4544-b652-03cd51d8645e] Created FlowFile[3045,100419112686370.mockFlowFile,24B] from FlowFile[3044,100419112686370.mockFlowFile,24B]; routing to relationship simple
[pool-3844-thread-1] INFO org.apache.nifi.processors.standard.RouteText - RouteText[id=bf0f7ccb-620f-4544-b652-03cd51d8645e] Routing FlowFile[3044,100419112686370.mockFlowFile,24B] to original
[main] DEBUG org.apache.nifi.processors.standard.RouteText - RouteText[id=bf0f7ccb-620f-4544-b652-03cd51d8645e] Adding new dynamic property: PropertyDescriptor[simple]
[pool-3845-thread-1] INFO org.apache.nifi.processors.standard.RouteText - RouteText[id=bf0f7ccb-620f-4544-b652-03cd51d8645e] Created FlowFile[3047,100419113096636.mockFlowFile,24B] from FlowFile[3046,100419113096636.mockFlowFile,24B]; routing to relationship simple
[pool-3845-thread-1] INFO org.apache.nifi.processors.standard.RouteText - RouteText[id=bf0f7ccb-620f-4544-b652-03cd51d8645e] Routing FlowFile[3046,100419113096636.mockFlowFile,24B] to original
[main] DEBUG org.apache.nifi.processors.standard.RouteText - RouteText[id=bf0f7ccb-620f-4544-b652-03cd51d8645e] Adding new dynamic property: PropertyDescriptor[simple]
[pool-3846-thread-1] INFO org.apache.nifi.processors.standard.RouteText - RouteText[id=bf0f7ccb-620f-4544-b652-03cd51d8645e] Created FlowFile[3049,100419113689729.mockFlowFile,24B] from FlowFile[3048,100419113689729.mockFlowFile,24B]; routing to relationship simple
[pool-3846-thread-1] INFO org.apache.nifi.processors.standard.RouteText - RouteText[id=bf0f7ccb-620f-4544-b652-03cd51d8645e] Routing FlowFile[3048,100419113689729.mockFlowFile,24B] to original
[main] DEBUG org.apache.nifi.processors.standard.RouteText - RouteText[id=bf0f7ccb-620f-4544-b652-03cd51d8645e] Adding new dynamic property: PropertyDescriptor[simple]
[pool-3847-thread-1] INFO org.apache.nifi.processors.standard.RouteText - RouteText[id=bf0f7ccb-620f-4544-b652-03cd51d8645e] Created FlowFile[3051,100419114175185.mockFlowFile,24B] from FlowFile[3050,100419114175185.mockFlowFile,24B]; routing to relationship simple
[pool-3847-thread-1] INFO org.apache.nifi.processors.standard.RouteText - RouteText[id=bf0f7ccb-620f-4544-b652-03cd51d8645e] Routing FlowFile[3050,100419114175185.mockFlowFile,24B] to original
[main] DEBUG org.apache.nifi.processors.standard.RouteText - RouteText[id=bf0f7ccb-620f-4544-b652-03cd51d8645e] Adding new dynamic property: PropertyDescriptor[simple]
[pool-3848-thread-1] INFO org.apache.nifi.processors.standard.RouteText - RouteText[id=bf0f7ccb-620f-4544-b652-03cd51d8645e] Created FlowFile[3053,100419114626760.mockFlowFile,24B] from FlowFile[3052,100419114626760.mockFlowFile,24B]; routing to relationship simple
[pool-3848-thread-1] INFO org.apache.nifi.processors.standard.RouteText - RouteText[id=bf0f7ccb-620f-4544-b652-03cd51d8645e] Routing FlowFile[3052,100419114626760.mockFlowFile,24B] to original
[main] DEBUG org.apache.nifi.processors.standard.RouteText - RouteText[id=bf0f7ccb-620f-4544-b652-03cd51d8645e] Adding new dynamic property: PropertyDescriptor[simple]
[pool-3849-thread-1] INFO org.apache.nifi.processors.standard.RouteText - RouteText[id=bf0f7ccb-620f-4544-b652-03cd51d8645e] Created FlowFile[3055,100419115059509.mockFlowFile,24B] from FlowFile[3054,100419115059509.mockFlowFile,24B]; routing to relationship simple
[pool-3849-thread-1] INFO org.apache.nifi.processors.standard.RouteText - RouteText[id=bf0f7ccb-620f-4544-b652-03cd51d8645e] Routing FlowFile[3054,100419115059509.mockFlowFile,24B] to original
[main] DEBUG org.apache.nifi.processors.standard.RouteText - RouteText[id=bf0f7ccb-620f-4544-b652-03cd51d8645e] Adding new dynamic property: PropertyDescriptor[simple]
[pool-3850-thread-1] INFO org.apache.nifi.processors.standard.RouteText - RouteText[id=bf0f7ccb-620f-4544-b652-03cd51d8645e] Created FlowFile[3057,100419115438552.mockFlowFile,24B] from FlowFile[3056,100419115438552.mockFlowFile,24B]; routing to relationship simple
[pool-3850-thread-1] INFO org.apache.nifi.processors.standard.RouteText - RouteText[id=bf0f7ccb-620f-4544-b652-03cd51d8645e] Routing FlowFile[3056,100419115438552.mockFlowFile,24B] to original
[main] DEBUG org.apache.nifi.processors.standard.RouteText - RouteText[id=bf0f7ccb-620f-4544-b652-03cd51d8645e] Adding new dynamic property: PropertyDescriptor[simple]
[pool-3851-thread-1] INFO org.apache.nifi.processors.standard.RouteText - RouteText[id=bf0f7ccb-620f-4544-b652-03cd51d8645e] Created FlowFile[3059,100419115862022.mockFlowFile,24B] from FlowFile[3058,100419115862022.mockFlowFile,24B]; routing to relationship simple
[pool-3851-thread-1] INFO org.apache.nifi.processors.standard.RouteText - RouteText[id=bf0f7ccb-620f-4544-b652-03cd51d8645e] Routing FlowFile[3058,100419115862022.mockFlowFile,24B] to original
[main] DEBUG org.apache.nifi.processors.standard.RouteText - RouteText[id=bf0f7ccb-620f-4544-b652-03cd51d8645e] Adding new dynamic property: PropertyDescriptor[simple]
[pool-3852-thread-1] INFO org.apache.nifi.processors.standard.RouteText - RouteText[id=bf0f7ccb-620f-4544-b652-03cd51d8645e] Created FlowFile[3061,100419116262732.mockFlowFile,24B] from FlowFile[3060,100419116262732.mockFlowFile,24B]; routing to relationship simple
[pool-3852-thread-1] INFO org.apache.nifi.processors.standard.RouteText - RouteText[id=bf0f7ccb-620f-4544-b652-03cd51d8645e] Routing FlowFile[3060,100419116262732.mockFlowFile,24B] to original
[main] DEBUG org.apache.nifi.processors.standard.RouteText - RouteText[id=bf0f7ccb-620f-4544-b652-03cd51d8645e] Adding new dynamic property: PropertyDescriptor[simple]
[pool-3853-thread-1] INFO org.apache.nifi.processors.standard.RouteText - RouteText[id=bf0f7ccb-620f-4544-b652-03cd51d8645e] Created FlowFile[3063,100419116665967.mockFlowFile,24B] from FlowFile[3062,100419116665967.mockFlowFile,24B]; routing to relationship simple
[pool-3853-thread-1] INFO org.apache.nifi.processors.standard.RouteText - RouteText[id=bf0f7ccb-620f-4544-b652-03cd51d8645e] Routing FlowFile[3062,100419116665967.mockFlowFile,24B] to original
[main] DEBUG org.apache.nifi.processors.standard.RouteText - RouteText[id=bf0f7ccb-620f-4544-b652-03cd51d8645e] Adding new dynamic property: PropertyDescriptor[simple]
[pool-3854-thread-1] INFO org.apache.nifi.processors.standard.RouteText - RouteText[id=bf0f7ccb-620f-4544-b652-03cd51d8645e] Created FlowFile[3065,100419117088411.mockFlowFile,24B] from FlowFile[3064,100419117088411.mockFlowFile,24B]; routing to relationship simple
[pool-3854-thread-1] INFO org.apache.nifi.processors.standard.RouteText - RouteText[id=bf0f7ccb-620f-4544-b652-03cd51d8645e] Routing FlowFile[3064,100419117088411.mockFlowFile,24B] to original
[main] DEBUG org.apache.nifi.processors.standard.RouteText - RouteText[id=bf0f7ccb-620f-4544-b652-03cd51d8645e] Adding new dynamic property: PropertyDescriptor[simple]
[pool-3855-thread-1] INFO org.apache.nifi.processors.standard.RouteText - RouteText[id=bf0f7ccb-620f-4544-b652-03cd51d8645e] Created FlowFile[3067,100419117522250.mockFlowFile,24B] from FlowFile[3066,100419117522250.mockFlowFile,24B]; routing to relationship simple
[pool-3855-thread-1] INFO org.apache.nifi.processors.standard.RouteText - RouteText[id=bf0f7ccb-620f-4544-b652-03cd51d8645e] Routing FlowFile[3066,100419117522250.mockFlowFile,24B] to original
[main] DEBUG org.apache.nifi.processors.standard.RouteText - RouteText[id=bf0f7ccb-620f-4544-b652-03cd51d8645e] Adding new dynamic property: PropertyDescriptor[simple]
[pool-3856-thread-1] INFO org.apache.nifi.processors.standard.RouteText - RouteText[id=bf0f7ccb-620f-4544-b652-03cd51d8645e] Created FlowFile[3069,100419117951761.mockFlowFile,24B] from FlowFile[3068,100419117951761.mockFlowFile,24B]; routing to relationship simple
[pool-3856-thread-1] INFO org.apache.nifi.processors.standard.RouteText - RouteText[id=bf0f7ccb-620f-4544-b652-03cd51d8645e] Routing FlowFile[3068,100419117951761.mockFlowFile,24B] to original
[main] DEBUG org.apache.nifi.processors.standard.RouteText - RouteText[id=bf0f7ccb-620f-4544-b652-03cd51d8645e] Adding new dynamic property: PropertyDescriptor[simple]
[pool-3857-thread-1] INFO org.apache.nifi.processors.standard.RouteText - RouteText[id=bf0f7ccb-620f-4544-b652-03cd51d8645e] Created FlowFile[3071,100419118389102.mockFlowFile,24B] from FlowFile[3070,100419118389102.mockFlowFile,24B]; routing to relationship simple
[pool-3857-thread-1] INFO org.apache.nifi.processors.standard.RouteText - RouteText[id=bf0f7ccb-620f-4544-b652-03cd51d8645e] Routing FlowFile[3070,100419118389102.mockFlowFile,24B] to original
[main] DEBUG org.apache.nifi.processors.standard.RouteText - RouteText[id=bf0f7ccb-620f-4544-b652-03cd51d8645e] Adding new dynamic property: PropertyDescriptor[simple]
[pool-3858-thread-1] INFO org.apache.nifi.processors.standard.RouteText - RouteText[id=bf0f7ccb-620f-4544-b652-03cd51d8645e] Created FlowFile[3073,100419118850758.mockFlowFile,24B] from FlowFile[3072,100419118850758.mockFlowFile,24B]; routing to relationship simple
[pool-3858-thread-1] INFO org.apache.nifi.processors.standard.RouteText - RouteText[id=bf0f7ccb-620f-4544-b652-03cd51d8645e] Routing FlowFile[3072,100419118850758.mockFlowFile,24B] to original
[main] DEBUG org.apache.nifi.processors.standard.RouteText - RouteText[id=bf0f7ccb-620f-4544-b652-03cd51d8645e] Adding new dynamic property: PropertyDescriptor[simple]
[pool-3859-thread-1] INFO org.apache.nifi.processors.standard.RouteText - RouteText[id=bf0f7ccb-620f-4544-b652-03cd51d8645e] Created FlowFile[3075,100419119305553.mockFlowFile,24B] from FlowFile[3074,100419119305553.mockFlowFile,24B]; routing to relationship simple
[pool-3859-thread-1] INFO org.apache.nifi.processors.standard.RouteText - RouteText[id=bf0f7ccb-620f-4544-b652-03cd51d8645e] Routing FlowFile[3074,100419119305553.mockFlowFile,24B] to original
[main] DEBUG org.apache.nifi.processors.standard.RouteText - RouteText[id=bf0f7ccb-620f-4544-b652-03cd51d8645e] Adding new dynamic property: PropertyDescriptor[simple]
[pool-3860-thread-1] INFO org.apache.nifi.processors.standard.RouteText - RouteText[id=bf0f7ccb-620f-4544-b652-03cd51d8645e] Created FlowFile[3077,100419119724639.mockFlowFile,24B] from FlowFile[3076,100419119724639.mockFlowFile,24B]; routing to relationship simple
[pool-3860-thread-1] INFO org.apache.nifi.processors.standard.RouteText - RouteText[id=bf0f7ccb-620f-4544-b652-03cd51d8645e] Routing FlowFile[3076,100419119724639.mockFlowFile,24B] to original
[main] DEBUG org.apache.nifi.processors.standard.RouteText - RouteText[id=bf0f7ccb-620f-4544-b652-03cd51d8645e] Adding new dynamic property: PropertyDescriptor[simple]
[pool-3861-thread-1] INFO org.apache.nifi.processors.standard.RouteText - RouteText[id=bf0f7ccb-620f-4544-b652-03cd51d8645e] Created FlowFile[3079,100419120162306.mockFlowFile,24B] from FlowFile[3078,100419120162306.mockFlowFile,24B]; routing to relationship simple
[pool-3861-thread-1] INFO org.apache.nifi.processors.standard.RouteText - RouteText[id=bf0f7ccb-620f-4544-b652-03cd51d8645e] Routing FlowFile[3078,100419120162306.mockFlowFile,24B] to original
[main] DEBUG org.apache.nifi.processors.standard.RouteText - RouteText[id=bf0f7ccb-620f-4544-b652-03cd51d8645e] Adding new dynamic property: PropertyDescriptor[simple]
[pool-3862-thread-1] INFO org.apache.nifi.processors.standard.RouteText - RouteText[id=bf0f7ccb-620f-4544-b652-03cd51d8645e] Created FlowFile[3081,100419120585354.mockFlowFile,24B] from FlowFile[3080,100419120585354.mockFlowFile,24B]; routing to relationship simple
[pool-3862-thread-1] INFO org.apache.nifi.processors.standard.RouteText - RouteText[id=bf0f7ccb-620f-4544-b652-03cd51d8645e] Routing FlowFile[3080,100419120585354.mockFlowFile,24B] to original
[main] DEBUG org.apache.nifi.processors.standard.RouteText - RouteText[id=bf0f7ccb-620f-4544-b652-03cd51d8645e] Adding new dynamic property: PropertyDescriptor[simple]
[pool-3863-thread-1] INFO org.apache.nifi.processors.standard.RouteText - RouteText[id=bf0f7ccb-620f-4544-b652-03cd51d8645e] Created FlowFile[3083,100419121083966.mockFlowFile,24B] from FlowFile[3082,100419121083966.mockFlowFile,24B]; routing to relationship simple
[pool-3863-thread-1] INFO org.apache.nifi.processors.standard.RouteText - RouteText[id=bf0f7ccb-620f-4544-b652-03cd51d8645e] Routing FlowFile[3082,100419121083966.mockFlowFile,24B] to original
[main] DEBUG org.apache.nifi.processors.standard.RouteText - RouteText[id=bf0f7ccb-620f-4544-b652-03cd51d8645e] Adding new dynamic property: PropertyDescriptor[simple]
[pool-3864-thread-1] INFO org.apache.nifi.processors.standard.RouteText - RouteText[id=bf0f7ccb-620f-4544-b652-03cd51d8645e] Created FlowFile[3085,100419121519328.mockFlowFile,24B] from FlowFile[3084,100419121519328.mockFlowFile,24B]; routing to relationship simple
[pool-3864-thread-1] INFO org.apache.nifi.processors.standard.RouteText - RouteText[id=bf0f7ccb-620f-4544-b652-03cd51d8645e] Routing FlowFile[3084,100419121519328.mockFlowFile,24B] to original
[main] DEBUG org.apache.nifi.processors.standard.RouteText - RouteText[id=bf0f7ccb-620f-4544-b652-03cd51d8645e] Adding new dynamic property: PropertyDescriptor[simple]
[pool-3865-thread-1] INFO org.apache.nifi.processors.standard.RouteText - RouteText[id=bf0f7ccb-620f-4544-b652-03cd51d8645e] Created FlowFile[3087,100419121891240.mockFlowFile,24B] from FlowFile[3086,100419121891240.mockFlowFile,24B]; routing to relationship simple
[pool-3865-thread-1] INFO org.apache.nifi.processors.standard.RouteText - RouteText[id=bf0f7ccb-620f-4544-b652-03cd51d8645e] Routing FlowFile[3086,100419121891240.mockFlowFile,24B] to original
[main] DEBUG org.apache.nifi.processors.standard.RouteText - RouteText[id=bf0f7ccb-620f-4544-b652-03cd51d8645e] Adding new dynamic property: PropertyDescriptor[simple]
[pool-3866-thread-1] INFO org.apache.nifi.processors.standard.RouteText - RouteText[id=bf0f7ccb-620f-4544-b652-03cd51d8645e] Created FlowFile[3089,100419122259600.mockFlowFile,24B] from FlowFile[3088,100419122259600.mockFlowFile,24B]; routing to relationship simple
[pool-3866-thread-1] INFO org.apache.nifi.processors.standard.RouteText - RouteText[id=bf0f7ccb-620f-4544-b652-03cd51d8645e] Routing FlowFile[3088,100419122259600.mockFlowFile,24B] to original
[main] DEBUG org.apache.nifi.processors.standard.RouteText - RouteText[id=bf0f7ccb-620f-4544-b652-03cd51d8645e] Adding new dynamic property: PropertyDescriptor[simple]
[pool-3867-thread-1] INFO org.apache.nifi.processors.standard.RouteText - RouteText[id=bf0f7ccb-620f-4544-b652-03cd51d8645e] Created FlowFile[3091,100419122610311.mockFlowFile,24B] from FlowFile[3090,100419122610311.mockFlowFile,24B]; routing to relationship simple
[pool-3867-thread-1] INFO org.apache.nifi.processors.standard.RouteText - RouteText[id=bf0f7ccb-620f-4544-b652-03cd51d8645e] Routing FlowFile[3090,100419122610311.mockFlowFile,24B] to original
[main] DEBUG org.apache.nifi.processors.standard.RouteText - RouteText[id=bf0f7ccb-620f-4544-b652-03cd51d8645e] Adding new dynamic property: PropertyDescriptor[simple]
[pool-3868-thread-1] INFO org.apache.nifi.processors.standard.RouteText - RouteText[id=bf0f7ccb-620f-4544-b652-03cd51d8645e] Created FlowFile[3093,100419122960631.mockFlowFile,24B] from FlowFile[3092,100419122960631.mockFlowFile,24B]; routing to relationship simple
[pool-3868-thread-1] INFO org.apache.nifi.processors.standard.RouteText - RouteText[id=bf0f7ccb-620f-4544-b652-03cd51d8645e] Routing FlowFile[3092,100419122960631.mockFlowFile,24B] to original
[main] DEBUG org.apache.nifi.processors.standard.RouteText - RouteText[id=bf0f7ccb-620f-4544-b652-03cd51d8645e] Adding new dynamic property: PropertyDescriptor[simple]
[pool-3869-thread-1] INFO org.apache.nifi.processors.standard.RouteText - RouteText[id=bf0f7ccb-620f-4544-b652-03cd51d8645e] Created FlowFile[3095,100419123387425.mockFlowFile,24B] from FlowFile[3094,100419123387425.mockFlowFile,24B]; routing to relationship simple
[pool-3869-thread-1] INFO org.apache.nifi.processors.standard.RouteText - RouteText[id=bf0f7ccb-620f-4544-b652-03cd51d8645e] Routing FlowFile[3094,100419123387425.mockFlowFile,24B] to original
[main] DEBUG org.apache.nifi.processors.standard.RouteText - RouteText[id=bf0f7ccb-620f-4544-b652-03cd51d8645e] Adding new dynamic property: PropertyDescriptor[simple]
[pool-3870-thread-1] INFO org.apache.nifi.processors.standard.RouteText - RouteText[id=bf0f7ccb-620f-4544-b652-03cd51d8645e] Created FlowFile[3097,100419123797896.mockFlowFile,24B] from FlowFile[3096,100419123797896.mockFlowFile,24B]; routing to relationship simple
[pool-3870-thread-1] INFO org.apache.nifi.processors.standard.RouteText - RouteText[id=bf0f7ccb-620f-4544-b652-03cd51d8645e] Routing FlowFile[3096,100419123797896.mockFlowFile,24B] to original
[main] DEBUG org.apache.nifi.processors.standard.RouteText - RouteText[id=bf0f7ccb-620f-4544-b652-03cd51d8645e] Adding new dynamic property: PropertyDescriptor[simple]
[pool-3871-thread-1] INFO org.apache.nifi.processors.standard.RouteText - RouteText[id=bf0f7ccb-620f-4544-b652-03cd51d8645e] Created FlowFile[3099,100419124183649.mockFlowFile,24B] from FlowFile[3098,100419124183649.mockFlowFile,24B]; routing to relationship simple
[pool-3871-thread-1] INFO org.apache.nifi.processors.standard.RouteText - RouteText[id=bf0f7ccb-620f-4544-b652-03cd51d8645e] Routing FlowFile[3098,100419124183649.mockFlowFile,24B] to original
[main] DEBUG org.apache.nifi.processors.standard.RouteText - RouteText[id=bf0f7ccb-620f-4544-b652-03cd51d8645e] Adding new dynamic property: PropertyDescriptor[simple]
[pool-3872-thread-1] INFO org.apache.nifi.processors.standard.RouteText - RouteText[id=bf0f7ccb-620f-4544-b652-03cd51d8645e] Created FlowFile[3101,100419124695745.mockFlowFile,24B] from FlowFile[3100,100419124695745.mockFlowFile,24B]; routing to relationship simple
[pool-3872-thread-1] INFO org.apache.nifi.processors.standard.RouteText - RouteText[id=bf0f7ccb-620f-4544-b652-03cd51d8645e] Routing FlowFile[3100,100419124695745.mockFlowFile,24B] to original
[main] DEBUG org.apache.nifi.processors.standard.RouteText - RouteText[id=bf0f7ccb-620f-4544-b652-03cd51d8645e] Adding new dynamic property: PropertyDescriptor[simple]
[pool-3873-thread-1] INFO org.apache.nifi.processors.standard.RouteText - RouteText[id=bf0f7ccb-620f-4544-b652-03cd51d8645e] Created FlowFile[3103,100419125204706.mockFlowFile,24B] from FlowFile[3102,100419125204706.mockFlowFile,24B]; routing to relationship simple
[pool-3873-thread-1] INFO org.apache.nifi.processors.standard.RouteText - RouteText[id=bf0f7ccb-620f-4544-b652-03cd51d8645e] Routing FlowFile[3102,100419125204706.mockFlowFile,24B] to original
[main] DEBUG org.apache.nifi.processors.standard.RouteText - RouteText[id=bf0f7ccb-620f-4544-b652-03cd51d8645e] Adding new dynamic property: PropertyDescriptor[simple]
[pool-3874-thread-1] INFO org.apache.nifi.processors.standard.RouteText - RouteText[id=bf0f7ccb-620f-4544-b652-03cd51d8645e] Created FlowFile[3105,100419125705167.mockFlowFile,24B] from FlowFile[3104,100419125705167.mockFlowFile,24B]; routing to relationship simple
[pool-3874-thread-1] INFO org.apache.nifi.processors.standard.RouteText - RouteText[id=bf0f7ccb-620f-4544-b652-03cd51d8645e] Routing FlowFile[3104,100419125705167.mockFlowFile,24B] to original
[main] DEBUG org.apache.nifi.processors.standard.RouteText - RouteText[id=bf0f7ccb-620f-4544-b652-03cd51d8645e] Adding new dynamic property: PropertyDescriptor[simple]
[pool-3875-thread-1] INFO org.apache.nifi.processors.standard.RouteText - RouteText[id=bf0f7ccb-620f-4544-b652-03cd51d8645e] Created FlowFile[3107,100419126147507.mockFlowFile,24B] from FlowFile[3106,100419126147507.mockFlowFile,24B]; routing to relationship simple
[pool-3875-thread-1] INFO org.apache.nifi.processors.standard.RouteText - RouteText[id=bf0f7ccb-620f-4544-b652-03cd51d8645e] Routing FlowFile[3106,100419126147507.mockFlowFile,24B] to original
[main] DEBUG org.apache.nifi.processors.standard.RouteText - RouteText[id=bf0f7ccb-620f-4544-b652-03cd51d8645e] Adding new dynamic property: PropertyDescriptor[simple]
[pool-3876-thread-1] INFO org.apache.nifi.processors.standard.RouteText - RouteText[id=bf0f7ccb-620f-4544-b652-03cd51d8645e] Created FlowFile[3109,100419126577750.mockFlowFile,24B] from FlowFile[3108,100419126577750.mockFlowFile,24B]; routing to relationship simple
[pool-3876-thread-1] INFO org.apache.nifi.processors.standard.RouteText - RouteText[id=bf0f7ccb-620f-4544-b652-03cd51d8645e] Routing FlowFile[3108,100419126577750.mockFlowFile,24B] to original
[main] DEBUG org.apache.nifi.processors.standard.RouteText - RouteText[id=bf0f7ccb-620f-4544-b652-03cd51d8645e] Adding new dynamic property: PropertyDescriptor[simple]
[pool-3877-thread-1] INFO org.apache.nifi.processors.standard.RouteText - RouteText[id=bf0f7ccb-620f-4544-b652-03cd51d8645e] Created FlowFile[3111,100419126923200.mockFlowFile,24B] from FlowFile[3110,100419126923200.mockFlowFile,24B]; routing to relationship simple
[pool-3877-thread-1] INFO org.apache.nifi.processors.standard.RouteText - RouteText[id=bf0f7ccb-620f-4544-b652-03cd51d8645e] Routing FlowFile[3110,100419126923200.mockFlowFile,24B] to original
[main] DEBUG org.apache.nifi.processors.standard.RouteText - RouteText[id=bf0f7ccb-620f-4544-b652-03cd51d8645e] Adding new dynamic property: PropertyDescriptor[simple]
[pool-3878-thread-1] INFO org.apache.nifi.processors.standard.RouteText - RouteText[id=bf0f7ccb-620f-4544-b652-03cd51d8645e] Created FlowFile[3113,100419127359100.mockFlowFile,24B] from FlowFile[3112,100419127359100.mockFlowFile,24B]; routing to relationship simple
[pool-3878-thread-1] INFO org.apache.nifi.processors.standard.RouteText - RouteText[id=bf0f7ccb-620f-4544-b652-03cd51d8645e] Routing FlowFile[3112,100419127359100.mockFlowFile,24B] to original
[main] DEBUG org.apache.nifi.processors.standard.RouteText - RouteText[id=bf0f7ccb-620f-4544-b652-03cd51d8645e] Adding new dynamic property: PropertyDescriptor[simple]
[pool-3879-thread-1] INFO org.apache.nifi.processors.standard.RouteText - RouteText[id=bf0f7ccb-620f-4544-b652-03cd51d8645e] Created FlowFile[3115,100419127745632.mockFlowFile,24B] from FlowFile[3114,100419127745632.mockFlowFile,24B]; routing to relationship simple
[pool-3879-thread-1] INFO org.apache.nifi.processors.standard.RouteText - RouteText[id=bf0f7ccb-620f-4544-b652-03cd51d8645e] Routing FlowFile[3114,100419127745632.mockFlowFile,24B] to original
[main] DEBUG org.apache.nifi.processors.standard.RouteText - RouteText[id=bf0f7ccb-620f-4544-b652-03cd51d8645e] Adding new dynamic property: PropertyDescriptor[simple]
[pool-3880-thread-1] INFO org.apache.nifi.processors.standard.RouteText - RouteText[id=bf0f7ccb-620f-4544-b652-03cd51d8645e] Created FlowFile[3117,100419128135205.mockFlowFile,24B] from FlowFile[3116,100419128135205.mockFlowFile,24B]; routing to relationship simple
[pool-3880-thread-1] INFO org.apache.nifi.processors.standard.RouteText - RouteText[id=bf0f7ccb-620f-4544-b652-03cd51d8645e] Routing FlowFile[3116,100419128135205.mockFlowFile,24B] to original
[main] DEBUG org.apache.nifi.processors.standard.RouteText - RouteText[id=bf0f7ccb-620f-4544-b652-03cd51d8645e] Adding new dynamic property: PropertyDescriptor[simple]
[pool-3881-thread-1] INFO org.apache.nifi.processors.standard.RouteText - RouteText[id=bf0f7ccb-620f-4544-b652-03cd51d8645e] Created FlowFile[3119,100419128602543.mockFlowFile,24B] from FlowFile[3118,100419128602543.mockFlowFile,24B]; routing to relationship simple
[pool-3881-thread-1] INFO org.apache.nifi.processors.standard.RouteText - RouteText[id=bf0f7ccb-620f-4544-b652-03cd51d8645e] Routing FlowFile[3118,100419128602543.mockFlowFile,24B] to original
[main] DEBUG org.apache.nifi.processors.standard.RouteText - RouteText[id=bf0f7ccb-620f-4544-b652-03cd51d8645e] Adding new dynamic property: PropertyDescriptor[simple]
[pool-3882-thread-1] INFO org.apache.nifi.processors.standard.RouteText - RouteText[id=bf0f7ccb-620f-4544-b652-03cd51d8645e] Created FlowFile[3121,100419129059690.mockFlowFile,24B] from FlowFile[3120,100419129059690.mockFlowFile,24B]; routing to relationship simple
[pool-3882-thread-1] INFO org.apache.nifi.processors.standard.RouteText - RouteText[id=bf0f7ccb-620f-4544-b652-03cd51d8645e] Routing FlowFile[3120,100419129059690.mockFlowFile,24B] to original
[main] DEBUG org.apache.nifi.processors.standard.RouteText - RouteText[id=bf0f7ccb-620f-4544-b652-03cd51d8645e] Adding new dynamic property: PropertyDescriptor[simple]
[pool-3883-thread-1] INFO org.apache.nifi.processors.standard.RouteText - RouteText[id=bf0f7ccb-620f-4544-b652-03cd51d8645e] Created FlowFile[3123,100419129505701.mockFlowFile,24B] from FlowFile[3122,100419129505701.mockFlowFile,24B]; routing to relationship simple
[pool-3883-thread-1] INFO org.apache.nifi.processors.standard.RouteText - RouteText[id=bf0f7ccb-620f-4544-b652-03cd51d8645e] Routing FlowFile[3122,100419129505701.mockFlowFile,24B] to original
[main] DEBUG org.apache.nifi.processors.standard.RouteText - RouteText[id=bf0f7ccb-620f-4544-b652-03cd51d8645e] Adding new dynamic property: PropertyDescriptor[simple]
[pool-3884-thread-1] INFO org.apache.nifi.processors.standard.RouteText - RouteText[id=bf0f7ccb-620f-4544-b652-03cd51d8645e] Created FlowFile[3125,100419129946060.mockFlowFile,24B] from FlowFile[3124,100419129946060.mockFlowFile,24B]; routing to relationship simple
[pool-3884-thread-1] INFO org.apache.nifi.processors.standard.RouteText - RouteText[id=bf0f7ccb-620f-4544-b652-03cd51d8645e] Routing FlowFile[3124,100419129946060.mockFlowFile,24B] to original
[main] DEBUG org.apache.nifi.processors.standard.RouteText - RouteText[id=bf0f7ccb-620f-4544-b652-03cd51d8645e] Adding new dynamic property: PropertyDescriptor[simple]
[pool-3885-thread-1] INFO org.apache.nifi.processors.standard.RouteText - RouteText[id=bf0f7ccb-620f-4544-b652-03cd51d8645e] Created FlowFile[3127,100419130359458.mockFlowFile,24B] from FlowFile[3126,100419130359458.mockFlowFile,24B]; routing to relationship simple
[pool-3885-thread-1] INFO org.apache.nifi.processors.standard.RouteText - RouteText[id=bf0f7ccb-620f-4544-b652-03cd51d8645e] Routing FlowFile[3126,100419130359458.mockFlowFile,24B] to original
[main] DEBUG org.apache.nifi.processors.standard.RouteText - RouteText[id=bf0f7ccb-620f-4544-b652-03cd51d8645e] Adding new dynamic property: PropertyDescriptor[simple]
[pool-3886-thread-1] INFO org.apache.nifi.processors.standard.RouteText - RouteText[id=bf0f7ccb-620f-4544-b652-03cd51d8645e] Created FlowFile[3129,100419130825680.mockFlowFile,24B] from FlowFile[3128,100419130825680.mockFlowFile,24B]; routing to relationship simple
[pool-3886-thread-1] INFO org.apache.nifi.processors.standard.RouteText - RouteText[id=bf0f7ccb-620f-4544-b652-03cd51d8645e] Routing FlowFile[3128,100419130825680.mockFlowFile,24B] to original
[main] DEBUG org.apache.nifi.processors.standard.RouteText - RouteText[id=bf0f7ccb-620f-4544-b652-03cd51d8645e] Adding new dynamic property: PropertyDescriptor[simple]
[pool-3887-thread-1] INFO org.apache.nifi.processors.standard.RouteText - RouteText[id=bf0f7ccb-620f-4544-b652-03cd51d8645e] Created FlowFile[3131,100419131287790.mockFlowFile,24B] from FlowFile[3130,100419131287790.mockFlowFile,24B]; routing to relationship simple
[pool-3887-thread-1] INFO org.apache.nifi.processors.standard.RouteText - RouteText[id=bf0f7ccb-620f-4544-b652-03cd51d8645e] Routing FlowFile[3130,100419131287790.mockFlowFile,24B] to original
[main] DEBUG org.apache.nifi.processors.standard.RouteText - RouteText[id=bf0f7ccb-620f-4544-b652-03cd51d8645e] Adding new dynamic property: PropertyDescriptor[simple]
[pool-3888-thread-1] INFO org.apache.nifi.processors.standard.RouteText - RouteText[id=bf0f7ccb-620f-4544-b652-03cd51d8645e] Created FlowFile[3133,100419131733050.mockFlowFile,24B] from FlowFile[3132,100419131733050.mockFlowFile,24B]; routing to relationship simple
[pool-3888-thread-1] INFO org.apache.nifi.processors.standard.RouteText - RouteText[id=bf0f7ccb-620f-4544-b652-03cd51d8645e] Routing FlowFile[3132,100419131733050.mockFlowFile,24B] to original
[main] DEBUG org.apache.nifi.processors.standard.RouteText - RouteText[id=bf0f7ccb-620f-4544-b652-03cd51d8645e] Adding new dynamic property: PropertyDescriptor[simple]
[pool-3889-thread-1] INFO org.apache.nifi.processors.standard.RouteText - RouteText[id=bf0f7ccb-620f-4544-b652-03cd51d8645e] Created FlowFile[3135,100419132382888.mockFlowFile,24B] from FlowFile[3134,100419132382888.mockFlowFile,24B]; routing to relationship simple
[pool-3889-thread-1] INFO org.apache.nifi.processors.standard.RouteText - RouteText[id=bf0f7ccb-620f-4544-b652-03cd51d8645e] Routing FlowFile[3134,100419132382888.mockFlowFile,24B] to original
[main] DEBUG org.apache.nifi.processors.standard.RouteText - RouteText[id=bf0f7ccb-620f-4544-b652-03cd51d8645e] Adding new dynamic property: PropertyDescriptor[simple]
[pool-3890-thread-1] INFO org.apache.nifi.processors.standard.RouteText - RouteText[id=bf0f7ccb-620f-4544-b652-03cd51d8645e] Created FlowFile[3137,100419132852459.mockFlowFile,24B] from FlowFile[3136,100419132852459.mockFlowFile,24B]; routing to relationship simple
[pool-3890-thread-1] INFO org.apache.nifi.processors.standard.RouteText - RouteText[id=bf0f7ccb-620f-4544-b652-03cd51d8645e] Routing FlowFile[3136,100419132852459.mockFlowFile,24B] to original
[main] DEBUG org.apache.nifi.processors.standard.RouteText - RouteText[id=bf0f7ccb-620f-4544-b652-03cd51d8645e] Adding new dynamic property: PropertyDescriptor[simple]
[pool-3891-thread-1] INFO org.apache.nifi.processors.standard.RouteText - RouteText[id=bf0f7ccb-620f-4544-b652-03cd51d8645e] Created FlowFile[3139,100419133324501.mockFlowFile,24B] from FlowFile[3138,100419133324501.mockFlowFile,24B]; routing to relationship simple
[pool-3891-thread-1] INFO org.apache.nifi.processors.standard.RouteText - RouteText[id=bf0f7ccb-620f-4544-b652-03cd51d8645e] Routing FlowFile[3138,100419133324501.mockFlowFile,24B] to original
[main] DEBUG org.apache.nifi.processors.standard.RouteText - RouteText[id=bf0f7ccb-620f-4544-b652-03cd51d8645e] Adding new dynamic property: PropertyDescriptor[simple]
[pool-3892-thread-1] INFO org.apache.nifi.processors.standard.RouteText - RouteText[id=bf0f7ccb-620f-4544-b652-03cd51d8645e] Created FlowFile[3141,100419133709824.mockFlowFile,24B] from FlowFile[3140,100419133709824.mockFlowFile,24B]; routing to relationship simple
[pool-3892-thread-1] INFO org.apache.nifi.processors.standard.RouteText - RouteText[id=bf0f7ccb-620f-4544-b652-03cd51d8645e] Routing FlowFile[3140,100419133709824.mockFlowFile,24B] to original
[main] DEBUG org.apache.nifi.processors.standard.RouteText - RouteText[id=bf0f7ccb-620f-4544-b652-03cd51d8645e] Adding new dynamic property: PropertyDescriptor[simple]
[pool-3893-thread-1] INFO org.apache.nifi.processors.standard.RouteText - RouteText[id=bf0f7ccb-620f-4544-b652-03cd51d8645e] Created FlowFile[3143,100419134083510.mockFlowFile,24B] from FlowFile[3142,100419134083510.mockFlowFile,24B]; routing to relationship simple
[pool-3893-thread-1] INFO org.apache.nifi.processors.standard.RouteText - RouteText[id=bf0f7ccb-620f-4544-b652-03cd51d8645e] Routing FlowFile[3142,100419134083510.mockFlowFile,24B] to original
[main] DEBUG org.apache.nifi.processors.standard.RouteText - RouteText[id=bf0f7ccb-620f-4544-b652-03cd51d8645e] Adding new dynamic property: PropertyDescriptor[simple]
[pool-3894-thread-1] INFO org.apache.nifi.processors.standard.RouteText - RouteText[id=bf0f7ccb-620f-4544-b652-03cd51d8645e] Created FlowFile[3145,100419134574977.mockFlowFile,24B] from FlowFile[3144,100419134574977.mockFlowFile,24B]; routing to relationship simple
[pool-3894-thread-1] INFO org.apache.nifi.processors.standard.RouteText - RouteText[id=bf0f7ccb-620f-4544-b652-03cd51d8645e] Routing FlowFile[3144,100419134574977.mockFlowFile,24B] to original
[main] DEBUG org.apache.nifi.processors.standard.RouteText - RouteText[id=bf0f7ccb-620f-4544-b652-03cd51d8645e] Adding new dynamic property: PropertyDescriptor[simple]
[pool-3895-thread-1] INFO org.apache.nifi.processors.standard.RouteText - RouteText[id=bf0f7ccb-620f-4544-b652-03cd51d8645e] Created FlowFile[3147,100419134945609.mockFlowFile,24B] from FlowFile[3146,100419134945609.mockFlowFile,24B]; routing to relationship simple
[pool-3895-thread-1] INFO org.apache.nifi.processors.standard.RouteText - RouteText[id=bf0f7ccb-620f-4544-b652-03cd51d8645e] Routing FlowFile[3146,100419134945609.mockFlowFile,24B] to original
[main] DEBUG org.apache.nifi.processors.standard.RouteText - RouteText[id=bf0f7ccb-620f-4544-b652-03cd51d8645e] Adding new dynamic property: PropertyDescriptor[simple]
[pool-3896-thread-1] INFO org.apache.nifi.processors.standard.RouteText - RouteText[id=bf0f7ccb-620f-4544-b652-03cd51d8645e] Created FlowFile[3149,100419135369301.mockFlowFile,24B] from FlowFile[3148,100419135369301.mockFlowFile,24B]; routing to relationship simple
[pool-3896-thread-1] INFO org.apache.nifi.processors.standard.RouteText - RouteText[id=bf0f7ccb-620f-4544-b652-03cd51d8645e] Routing FlowFile[3148,100419135369301.mockFlowFile,24B] to original
[main] DEBUG org.apache.nifi.processors.standard.RouteText - RouteText[id=bf0f7ccb-620f-4544-b652-03cd51d8645e] Adding new dynamic property: PropertyDescriptor[simple]
[pool-3897-thread-1] INFO org.apache.nifi.processors.standard.RouteText - RouteText[id=bf0f7ccb-620f-4544-b652-03cd51d8645e] Created FlowFile[3151,100419135736130.mockFlowFile,24B] from FlowFile[3150,100419135736130.mockFlowFile,24B]; routing to relationship simple
[pool-3897-thread-1] INFO org.apache.nifi.processors.standard.RouteText - RouteText[id=bf0f7ccb-620f-4544-b652-03cd51d8645e] Routing FlowFile[3150,100419135736130.mockFlowFile,24B] to original
[main] DEBUG org.apache.nifi.processors.standard.RouteText - RouteText[id=bf0f7ccb-620f-4544-b652-03cd51d8645e] Adding new dynamic property: PropertyDescriptor[simple]
[pool-3898-thread-1] INFO org.apache.nifi.processors.standard.RouteText - RouteText[id=bf0f7ccb-620f-4544-b652-03cd51d8645e] Created FlowFile[3153,100419136152351.mockFlowFile,24B] from FlowFile[3152,100419136152351.mockFlowFile,24B]; routing to relationship simple
[pool-3898-thread-1] INFO org.apache.nifi.processors.standard.RouteText - RouteText[id=bf0f7ccb-620f-4544-b652-03cd51d8645e] Routing FlowFile[3152,100419136152351.mockFlowFile,24B] to original
[main] DEBUG org.apache.nifi.processors.standard.RouteText - RouteText[id=bf0f7ccb-620f-4544-b652-03cd51d8645e] Adding new dynamic property: PropertyDescriptor[simple]
[pool-3899-thread-1] INFO org.apache.nifi.processors.standard.RouteText - RouteText[id=bf0f7ccb-620f-4544-b652-03cd51d8645e] Created FlowFile[3155,100419136600322.mockFlowFile,24B] from FlowFile[3154,100419136600322.mockFlowFile,24B]; routing to relationship simple
[pool-3899-thread-1] INFO org.apache.nifi.processors.standard.RouteText - RouteText[id=bf0f7ccb-620f-4544-b652-03cd51d8645e] Routing FlowFile[3154,100419136600322.mockFlowFile,24B] to original
[main] DEBUG org.apache.nifi.processors.standard.RouteText - RouteText[id=bf0f7ccb-620f-4544-b652-03cd51d8645e] Adding new dynamic property: PropertyDescriptor[simple]
[pool-3900-thread-1] INFO org.apache.nifi.processors.standard.RouteText - RouteText[id=bf0f7ccb-620f-4544-b652-03cd51d8645e] Created FlowFile[3157,100419137050568.mockFlowFile,24B] from FlowFile[3156,100419137050568.mockFlowFile,24B]; routing to relationship simple
[pool-3900-thread-1] INFO org.apache.nifi.processors.standard.RouteText - RouteText[id=bf0f7ccb-620f-4544-b652-03cd51d8645e] Routing FlowFile[3156,100419137050568.mockFlowFile,24B] to original
[main] DEBUG org.apache.nifi.processors.standard.RouteText - RouteText[id=bf0f7ccb-620f-4544-b652-03cd51d8645e] Adding new dynamic property: PropertyDescriptor[simple]
[pool-3901-thread-1] INFO org.apache.nifi.processors.standard.RouteText - RouteText[id=bf0f7ccb-620f-4544-b652-03cd51d8645e] Created FlowFile[3159,100419137489830.mockFlowFile,24B] from FlowFile[3158,100419137489830.mockFlowFile,24B]; routing to relationship simple
[pool-3901-thread-1] INFO org.apache.nifi.processors.standard.RouteText - RouteText[id=bf0f7ccb-620f-4544-b652-03cd51d8645e] Routing FlowFile[3158,100419137489830.mockFlowFile,24B] to original
[main] DEBUG org.apache.nifi.processors.standard.RouteText - RouteText[id=bf0f7ccb-620f-4544-b652-03cd51d8645e] Adding new dynamic property: PropertyDescriptor[simple]
[pool-3902-thread-1] INFO org.apache.nifi.processors.standard.RouteText - RouteText[id=bf0f7ccb-620f-4544-b652-03cd51d8645e] Created FlowFile[3161,100419137847295.mockFlowFile,24B] from FlowFile[3160,100419137847295.mockFlowFile,24B]; routing to relationship simple
[pool-3902-thread-1] INFO org.apache.nifi.processors.standard.RouteText - RouteText[id=bf0f7ccb-620f-4544-b652-03cd51d8645e] Routing FlowFile[3160,100419137847295.mockFlowFile,24B] to original
[main] DEBUG org.apache.nifi.processors.standard.RouteText - RouteText[id=bf0f7ccb-620f-4544-b652-03cd51d8645e] Adding new dynamic property: PropertyDescriptor[simple]
[pool-3903-thread-1] INFO org.apache.nifi.processors.standard.RouteText - RouteText[id=bf0f7ccb-620f-4544-b652-03cd51d8645e] Created FlowFile[3163,100419138187851.mockFlowFile,24B] from FlowFile[3162,100419138187851.mockFlowFile,24B]; routing to relationship simple
[pool-3903-thread-1] INFO org.apache.nifi.processors.standard.RouteText - RouteText[id=bf0f7ccb-620f-4544-b652-03cd51d8645e] Routing FlowFile[3162,100419138187851.mockFlowFile,24B] to original
[main] DEBUG org.apache.nifi.processors.standard.RouteText - RouteText[id=bf0f7ccb-620f-4544-b652-03cd51d8645e] Adding new dynamic property: PropertyDescriptor[simple]
[pool-3904-thread-1] INFO org.apache.nifi.processors.standard.RouteText - RouteText[id=bf0f7ccb-620f-4544-b652-03cd51d8645e] Created FlowFile[3165,100419138583337.mockFlowFile,24B] from FlowFile[3164,100419138583337.mockFlowFile,24B]; routing to relationship simple
[pool-3904-thread-1] INFO org.apache.nifi.processors.standard.RouteText - RouteText[id=bf0f7ccb-620f-4544-b652-03cd51d8645e] Routing FlowFile[3164,100419138583337.mockFlowFile,24B] to original
[main] DEBUG org.apache.nifi.processors.standard.RouteText - RouteText[id=bf0f7ccb-620f-4544-b652-03cd51d8645e] Adding new dynamic property: PropertyDescriptor[simple]
[pool-3905-thread-1] INFO org.apache.nifi.processors.standard.RouteText - RouteText[id=bf0f7ccb-620f-4544-b652-03cd51d8645e] Created FlowFile[3167,100419138924061.mockFlowFile,24B] from FlowFile[3166,100419138924061.mockFlowFile,24B]; routing to relationship simple
[pool-3905-thread-1] INFO org.apache.nifi.processors.standard.RouteText - RouteText[id=bf0f7ccb-620f-4544-b652-03cd51d8645e] Routing FlowFile[3166,100419138924061.mockFlowFile,24B] to original
[main] DEBUG org.apache.nifi.processors.standard.RouteText - RouteText[id=bf0f7ccb-620f-4544-b652-03cd51d8645e] Adding new dynamic property: PropertyDescriptor[simple]
[pool-3906-thread-1] INFO org.apache.nifi.processors.standard.RouteText - RouteText[id=bf0f7ccb-620f-4544-b652-03cd51d8645e] Created FlowFile[3169,100419139346502.mockFlowFile,24B] from FlowFile[3168,100419139346502.mockFlowFile,24B]; routing to relationship simple
[pool-3906-thread-1] INFO org.apache.nifi.processors.standard.RouteText - RouteText[id=bf0f7ccb-620f-4544-b652-03cd51d8645e] Routing FlowFile[3168,100419139346502.mockFlowFile,24B] to original
[main] DEBUG org.apache.nifi.processors.standard.RouteText - RouteText[id=bf0f7ccb-620f-4544-b652-03cd51d8645e] Adding new dynamic property: PropertyDescriptor[simple]
[pool-3907-thread-1] INFO org.apache.nifi.processors.standard.RouteText - RouteText[id=bf0f7ccb-620f-4544-b652-03cd51d8645e] Created FlowFile[3171,100419139739714.mockFlowFile,24B] from FlowFile[3170,100419139739714.mockFlowFile,24B]; routing to relationship simple
[pool-3907-thread-1] INFO org.apache.nifi.processors.standard.RouteText - RouteText[id=bf0f7ccb-620f-4544-b652-03cd51d8645e] Routing FlowFile[3170,100419139739714.mockFlowFile,24B] to original
[main] DEBUG org.apache.nifi.processors.standard.RouteText - RouteText[id=bf0f7ccb-620f-4544-b652-03cd51d8645e] Adding new dynamic property: PropertyDescriptor[simple]
[pool-3908-thread-1] INFO org.apache.nifi.processors.standard.RouteText - RouteText[id=bf0f7ccb-620f-4544-b652-03cd51d8645e] Created FlowFile[3173,100419140097966.mockFlowFile,24B] from FlowFile[3172,100419140097966.mockFlowFile,24B]; routing to relationship simple
[pool-3908-thread-1] INFO org.apache.nifi.processors.standard.RouteText - RouteText[id=bf0f7ccb-620f-4544-b652-03cd51d8645e] Routing FlowFile[3172,100419140097966.mockFlowFile,24B] to original
[main] DEBUG org.apache.nifi.processors.standard.RouteText - RouteText[id=bf0f7ccb-620f-4544-b652-03cd51d8645e] Adding new dynamic property: PropertyDescriptor[simple]
[pool-3909-thread-1] INFO org.apache.nifi.processors.standard.RouteText - RouteText[id=bf0f7ccb-620f-4544-b652-03cd51d8645e] Created FlowFile[3175,100419140802770.mockFlowFile,24B] from FlowFile[3174,100419140802770.mockFlowFile,24B]; routing to relationship simple
[pool-3909-thread-1] INFO org.apache.nifi.processors.standard.RouteText - RouteText[id=bf0f7ccb-620f-4544-b652-03cd51d8645e] Routing FlowFile[3174,100419140802770.mockFlowFile,24B] to original
[main] DEBUG org.apache.nifi.processors.standard.RouteText - RouteText[id=bf0f7ccb-620f-4544-b652-03cd51d8645e] Adding new dynamic property: PropertyDescriptor[simple]
[pool-3910-thread-1] INFO org.apache.nifi.processors.standard.RouteText - RouteText[id=bf0f7ccb-620f-4544-b652-03cd51d8645e] Created FlowFile[3177,100419141394246.mockFlowFile,24B] from FlowFile[3176,100419141394246.mockFlowFile,24B]; routing to relationship simple
[pool-3910-thread-1] INFO org.apache.nifi.processors.standard.RouteText - RouteText[id=bf0f7ccb-620f-4544-b652-03cd51d8645e] Routing FlowFile[3176,100419141394246.mockFlowFile,24B] to original
[main] DEBUG org.apache.nifi.processors.standard.RouteText - RouteText[id=bf0f7ccb-620f-4544-b652-03cd51d8645e] Adding new dynamic property: PropertyDescriptor[simple]
[pool-3911-thread-1] INFO org.apache.nifi.processors.standard.RouteText - RouteText[id=bf0f7ccb-620f-4544-b652-03cd51d8645e] Created FlowFile[3179,100419141981715.mockFlowFile,24B] from FlowFile[3178,100419141981715.mockFlowFile,24B]; routing to relationship simple
[pool-3911-thread-1] INFO org.apache.nifi.processors.standard.RouteText - RouteText[id=bf0f7ccb-620f-4544-b652-03cd51d8645e] Routing FlowFile[3178,100419141981715.mockFlowFile,24B] to original
[main] DEBUG org.apache.nifi.processors.standard.RouteText - RouteText[id=bf0f7ccb-620f-4544-b652-03cd51d8645e] Adding new dynamic property: PropertyDescriptor[simple]
[pool-3912-thread-1] INFO org.apache.nifi.processors.standard.RouteText - RouteText[id=bf0f7ccb-620f-4544-b652-03cd51d8645e] Created FlowFile[3181,100419142439922.mockFlowFile,24B] from FlowFile[3180,100419142439922.mockFlowFile,24B]; routing to relationship simple
[pool-3912-thread-1] INFO org.apache.nifi.processors.standard.RouteText - RouteText[id=bf0f7ccb-620f-4544-b652-03cd51d8645e] Routing FlowFile[3180,100419142439922.mockFlowFile,24B] to original
[main] DEBUG org.apache.nifi.processors.standard.RouteText - RouteText[id=bf0f7ccb-620f-4544-b652-03cd51d8645e] Adding new dynamic property: PropertyDescriptor[simple]
[pool-3913-thread-1] INFO org.apache.nifi.processors.standard.RouteText - RouteText[id=bf0f7ccb-620f-4544-b652-03cd51d8645e] Created FlowFile[3183,100419142854321.mockFlowFile,24B] from FlowFile[3182,100419142854321.mockFlowFile,24B]; routing to relationship simple
[pool-3913-thread-1] INFO org.apache.nifi.processors.standard.RouteText - RouteText[id=bf0f7ccb-620f-4544-b652-03cd51d8645e] Routing FlowFile[3182,100419142854321.mockFlowFile,24B] to original
[main] DEBUG org.apache.nifi.processors.standard.RouteText - RouteText[id=bf0f7ccb-620f-4544-b652-03cd51d8645e] Adding new dynamic property: PropertyDescriptor[simple]
[pool-3914-thread-1] INFO org.apache.nifi.processors.standard.RouteText - RouteText[id=bf0f7ccb-620f-4544-b652-03cd51d8645e] Created FlowFile[3185,100419143320900.mockFlowFile,24B] from FlowFile[3184,100419143320900.mockFlowFile,24B]; routing to relationship simple
[pool-3914-thread-1] INFO org.apache.nifi.processors.standard.RouteText - RouteText[id=bf0f7ccb-620f-4544-b652-03cd51d8645e] Routing FlowFile[3184,100419143320900.mockFlowFile,24B] to original
[main] DEBUG org.apache.nifi.processors.standard.RouteText - RouteText[id=bf0f7ccb-620f-4544-b652-03cd51d8645e] Adding new dynamic property: PropertyDescriptor[simple]
[pool-3915-thread-1] INFO org.apache.nifi.processors.standard.RouteText - RouteText[id=bf0f7ccb-620f-4544-b652-03cd51d8645e] Created FlowFile[3187,100419143721674.mockFlowFile,24B] from FlowFile[3186,100419143721674.mockFlowFile,24B]; routing to relationship simple
[pool-3915-thread-1] INFO org.apache.nifi.processors.standard.RouteText - RouteText[id=bf0f7ccb-620f-4544-b652-03cd51d8645e] Routing FlowFile[3186,100419143721674.mockFlowFile,24B] to original
[main] DEBUG org.apache.nifi.processors.standard.RouteText - RouteText[id=bf0f7ccb-620f-4544-b652-03cd51d8645e] Adding new dynamic property: PropertyDescriptor[simple]
[pool-3916-thread-1] INFO org.apache.nifi.processors.standard.RouteText - RouteText[id=bf0f7ccb-620f-4544-b652-03cd51d8645e] Created FlowFile[3189,100419144109907.mockFlowFile,24B] from FlowFile[3188,100419144109907.mockFlowFile,24B]; routing to relationship simple
[pool-3916-thread-1] INFO org.apache.nifi.processors.standard.RouteText - RouteText[id=bf0f7ccb-620f-4544-b652-03cd51d8645e] Routing FlowFile[3188,100419144109907.mockFlowFile,24B] to original
[main] DEBUG org.apache.nifi.processors.standard.RouteText - RouteText[id=bf0f7ccb-620f-4544-b652-03cd51d8645e] Adding new dynamic property: PropertyDescriptor[simple]
[pool-3917-thread-1] INFO org.apache.nifi.processors.standard.RouteText - RouteText[id=bf0f7ccb-620f-4544-b652-03cd51d8645e] Created FlowFile[3191,100419144485759.mockFlowFile,24B] from FlowFile[3190,100419144485759.mockFlowFile,24B]; routing to relationship simple
[pool-3917-thread-1] INFO org.apache.nifi.processors.standard.RouteText - RouteText[id=bf0f7ccb-620f-4544-b652-03cd51d8645e] Routing FlowFile[3190,100419144485759.mockFlowFile,24B] to original
[main] DEBUG org.apache.nifi.processors.standard.RouteText - RouteText[id=bf0f7ccb-620f-4544-b652-03cd51d8645e] Adding new dynamic property: PropertyDescriptor[simple]
[pool-3918-thread-1] INFO org.apache.nifi.processors.standard.RouteText - RouteText[id=bf0f7ccb-620f-4544-b652-03cd51d8645e] Created FlowFile[3193,100419144865708.mockFlowFile,24B] from FlowFile[3192,100419144865708.mockFlowFile,24B]; routing to relationship simple
[pool-3918-thread-1] INFO org.apache.nifi.processors.standard.RouteText - RouteText[id=bf0f7ccb-620f-4544-b652-03cd51d8645e] Routing FlowFile[3192,100419144865708.mockFlowFile,24B] to original
[main] DEBUG org.apache.nifi.processors.standard.RouteText - RouteText[id=bf0f7ccb-620f-4544-b652-03cd51d8645e] Adding new dynamic property: PropertyDescriptor[simple]
[pool-3919-thread-1] INFO org.apache.nifi.processors.standard.RouteText - RouteText[id=bf0f7ccb-620f-4544-b652-03cd51d8645e] Created FlowFile[3195,100419145272051.mockFlowFile,24B] from FlowFile[3194,100419145272051.mockFlowFile,24B]; routing to relationship simple
[pool-3919-thread-1] INFO org.apache.nifi.processors.standard.RouteText - RouteText[id=bf0f7ccb-620f-4544-b652-03cd51d8645e] Routing FlowFile[3194,100419145272051.mockFlowFile,24B] to original
[main] DEBUG org.apache.nifi.processors.standard.RouteText - RouteText[id=bf0f7ccb-620f-4544-b652-03cd51d8645e] Adding new dynamic property: PropertyDescriptor[simple]
[pool-3920-thread-1] INFO org.apache.nifi.processors.standard.RouteText - RouteText[id=bf0f7ccb-620f-4544-b652-03cd51d8645e] Created FlowFile[3197,100419145839685.mockFlowFile,24B] from FlowFile[3196,100419145839685.mockFlowFile,24B]; routing to relationship simple
[pool-3920-thread-1] INFO org.apache.nifi.processors.standard.RouteText - RouteText[id=bf0f7ccb-620f-4544-b652-03cd51d8645e] Routing FlowFile[3196,100419145839685.mockFlowFile,24B] to original
[main] DEBUG org.apache.nifi.processors.standard.RouteText - RouteText[id=bf0f7ccb-620f-4544-b652-03cd51d8645e] Adding new dynamic property: PropertyDescriptor[simple]
[pool-3921-thread-1] INFO org.apache.nifi.processors.standard.RouteText - RouteText[id=bf0f7ccb-620f-4544-b652-03cd51d8645e] Created FlowFile[3199,100419146313272.mockFlowFile,24B] from FlowFile[3198,100419146313272.mockFlowFile,24B]; routing to relationship simple
[pool-3921-thread-1] INFO org.apache.nifi.processors.standard.RouteText - RouteText[id=bf0f7ccb-620f-4544-b652-03cd51d8645e] Routing FlowFile[3198,100419146313272.mockFlowFile,24B] to original
[main] DEBUG org.apache.nifi.processors.standard.RouteText - RouteText[id=bf0f7ccb-620f-4544-b652-03cd51d8645e] Adding new dynamic property: PropertyDescriptor[simple]
[pool-3922-thread-1] INFO org.apache.nifi.processors.standard.RouteText - RouteText[id=bf0f7ccb-620f-4544-b652-03cd51d8645e] Created FlowFile[3201,100419146743108.mockFlowFile,24B] from FlowFile[3200,100419146743108.mockFlowFile,24B]; routing to relationship simple
[pool-3922-thread-1] INFO org.apache.nifi.processors.standard.RouteText - RouteText[id=bf0f7ccb-620f-4544-b652-03cd51d8645e] Routing FlowFile[3200,100419146743108.mockFlowFile,24B] to original
[main] DEBUG org.apache.nifi.processors.standard.RouteText - RouteText[id=bf0f7ccb-620f-4544-b652-03cd51d8645e] Adding new dynamic property: PropertyDescriptor[simple]
[pool-3923-thread-1] INFO org.apache.nifi.processors.standard.RouteText - RouteText[id=bf0f7ccb-620f-4544-b652-03cd51d8645e] Created FlowFile[3203,100419147128690.mockFlowFile,24B] from FlowFile[3202,100419147128690.mockFlowFile,24B]; routing to relationship simple
[pool-3923-thread-1] INFO org.apache.nifi.processors.standard.RouteText - RouteText[id=bf0f7ccb-620f-4544-b652-03cd51d8645e] Routing FlowFile[3202,100419147128690.mockFlowFile,24B] to original
[main] DEBUG org.apache.nifi.processors.standard.RouteText - RouteText[id=bf0f7ccb-620f-4544-b652-03cd51d8645e] Adding new dynamic property: PropertyDescriptor[simple]
[pool-3924-thread-1] INFO org.apache.nifi.processors.standard.RouteText - RouteText[id=bf0f7ccb-620f-4544-b652-03cd51d8645e] Created FlowFile[3205,100419147644494.mockFlowFile,24B] from FlowFile[3204,100419147644494.mockFlowFile,24B]; routing to relationship simple
[pool-3924-thread-1] INFO org.apache.nifi.processors.standard.RouteText - RouteText[id=bf0f7ccb-620f-4544-b652-03cd51d8645e] Routing FlowFile[3204,100419147644494.mockFlowFile,24B] to original
[main] DEBUG org.apache.nifi.processors.standard.RouteText - RouteText[id=bf0f7ccb-620f-4544-b652-03cd51d8645e] Adding new dynamic property: PropertyDescriptor[simple]
[pool-3925-thread-1] INFO org.apache.nifi.processors.standard.RouteText - RouteText[id=bf0f7ccb-620f-4544-b652-03cd51d8645e] Created FlowFile[3207,100419148112737.mockFlowFile,24B] from FlowFile[3206,100419148112737.mockFlowFile,24B]; routing to relationship simple
[pool-3925-thread-1] INFO org.apache.nifi.processors.standard.RouteText - RouteText[id=bf0f7ccb-620f-4544-b652-03cd51d8645e] Routing FlowFile[3206,100419148112737.mockFlowFile,24B] to original
[main] DEBUG org.apache.nifi.processors.standard.RouteText - RouteText[id=bf0f7ccb-620f-4544-b652-03cd51d8645e] Adding new dynamic property: PropertyDescriptor[simple]
[pool-3926-thread-1] INFO org.apache.nifi.processors.standard.RouteText - RouteText[id=bf0f7ccb-620f-4544-b652-03cd51d8645e] Created FlowFile[3209,100419148659281.mockFlowFile,24B] from FlowFile[3208,100419148659281.mockFlowFile,24B]; routing to relationship simple
[pool-3926-thread-1] INFO org.apache.nifi.processors.standard.RouteText - RouteText[id=bf0f7ccb-620f-4544-b652-03cd51d8645e] Routing FlowFile[3208,100419148659281.mockFlowFile,24B] to original
[main] DEBUG org.apache.nifi.processors.standard.RouteText - RouteText[id=bf0f7ccb-620f-4544-b652-03cd51d8645e] Adding new dynamic property: PropertyDescriptor[simple]
[pool-3927-thread-1] INFO org.apache.nifi.processors.standard.RouteText - RouteText[id=bf0f7ccb-620f-4544-b652-03cd51d8645e] Created FlowFile[3211,100419149159484.mockFlowFile,24B] from FlowFile[3210,100419149159484.mockFlowFile,24B]; routing to relationship simple
[pool-3927-thread-1] INFO org.apache.nifi.processors.standard.RouteText - RouteText[id=bf0f7ccb-620f-4544-b652-03cd51d8645e] Routing FlowFile[3210,100419149159484.mockFlowFile,24B] to original
[main] DEBUG org.apache.nifi.processors.standard.RouteText - RouteText[id=bf0f7ccb-620f-4544-b652-03cd51d8645e] Adding new dynamic property: PropertyDescriptor[simple]
[pool-3928-thread-1] INFO org.apache.nifi.processors.standard.RouteText - RouteText[id=bf0f7ccb-620f-4544-b652-03cd51d8645e] Created FlowFile[3213,100419149611227.mockFlowFile,24B] from FlowFile[3212,100419149611227.mockFlowFile,24B]; routing to relationship simple
[pool-3928-thread-1] INFO org.apache.nifi.processors.standard.RouteText - RouteText[id=bf0f7ccb-620f-4544-b652-03cd51d8645e] Routing FlowFile[3212,100419149611227.mockFlowFile,24B] to original
[main] DEBUG org.apache.nifi.processors.standard.RouteText - RouteText[id=bf0f7ccb-620f-4544-b652-03cd51d8645e] Adding new dynamic property: PropertyDescriptor[simple]
[pool-3929-thread-1] INFO org.apache.nifi.processors.standard.RouteText - RouteText[id=bf0f7ccb-620f-4544-b652-03cd51d8645e] Created FlowFile[3215,100419149967032.mockFlowFile,24B] from FlowFile[3214,100419149967032.mockFlowFile,24B]; routing to relationship simple
[pool-3929-thread-1] INFO org.apache.nifi.processors.standard.RouteText - RouteText[id=bf0f7ccb-620f-4544-b652-03cd51d8645e] Routing FlowFile[3214,100419149967032.mockFlowFile,24B] to original
[main] DEBUG org.apache.nifi.processors.standard.RouteText - RouteText[id=bf0f7ccb-620f-4544-b652-03cd51d8645e] Adding new dynamic property: PropertyDescriptor[simple]
[pool-3930-thread-1] INFO org.apache.nifi.processors.standard.RouteText - RouteText[id=bf0f7ccb-620f-4544-b652-03cd51d8645e] Created FlowFile[3217,100419150354991.mockFlowFile,24B] from FlowFile[3216,100419150354991.mockFlowFile,24B]; routing to relationship simple
[pool-3930-thread-1] INFO org.apache.nifi.processors.standard.RouteText - RouteText[id=bf0f7ccb-620f-4544-b652-03cd51d8645e] Routing FlowFile[3216,100419150354991.mockFlowFile,24B] to original
[main] DEBUG org.apache.nifi.processors.standard.RouteText - RouteText[id=bf0f7ccb-620f-4544-b652-03cd51d8645e] Adding new dynamic property: PropertyDescriptor[simple]
[pool-3931-thread-1] INFO org.apache.nifi.processors.standard.RouteText - RouteText[id=bf0f7ccb-620f-4544-b652-03cd51d8645e] Created FlowFile[3219,100419150751143.mockFlowFile,24B] from FlowFile[3218,100419150751143.mockFlowFile,24B]; routing to relationship simple
[pool-3931-thread-1] INFO org.apache.nifi.processors.standard.RouteText - RouteText[id=bf0f7ccb-620f-4544-b652-03cd51d8645e] Routing FlowFile[3218,100419150751143.mockFlowFile,24B] to original
[main] DEBUG org.apache.nifi.processors.standard.RouteText - RouteText[id=bf0f7ccb-620f-4544-b652-03cd51d8645e] Adding new dynamic property: PropertyDescriptor[simple]
[pool-3932-thread-1] INFO org.apache.nifi.processors.standard.RouteText - RouteText[id=bf0f7ccb-620f-4544-b652-03cd51d8645e] Created FlowFile[3221,100419151121149.mockFlowFile,24B] from FlowFile[3220,100419151121149.mockFlowFile,24B]; routing to relationship simple
[pool-3932-thread-1] INFO org.apache.nifi.processors.standard.RouteText - RouteText[id=bf0f7ccb-620f-4544-b652-03cd51d8645e] Routing FlowFile[3220,100419151121149.mockFlowFile,24B] to original
[main] DEBUG org.apache.nifi.processors.standard.RouteText - RouteText[id=bf0f7ccb-620f-4544-b652-03cd51d8645e] Adding new dynamic property: PropertyDescriptor[simple]
[pool-3933-thread-1] INFO org.apache.nifi.processors.standard.RouteText - RouteText[id=bf0f7ccb-620f-4544-b652-03cd51d8645e] Created FlowFile[3223,100419151585930.mockFlowFile,24B] from FlowFile[3222,100419151585930.mockFlowFile,24B]; routing to relationship simple
[pool-3933-thread-1] INFO org.apache.nifi.processors.standard.RouteText - RouteText[id=bf0f7ccb-620f-4544-b652-03cd51d8645e] Routing FlowFile[3222,100419151585930.mockFlowFile,24B] to original
[main] DEBUG org.apache.nifi.processors.standard.RouteText - RouteText[id=bf0f7ccb-620f-4544-b652-03cd51d8645e] Adding new dynamic property: PropertyDescriptor[simple]
[pool-3934-thread-1] INFO org.apache.nifi.processors.standard.RouteText - RouteText[id=bf0f7ccb-620f-4544-b652-03cd51d8645e] Created FlowFile[3225,100419151961656.mockFlowFile,24B] from FlowFile[3224,100419151961656.mockFlowFile,24B]; routing to relationship simple
[pool-3934-thread-1] INFO org.apache.nifi.processors.standard.RouteText - RouteText[id=bf0f7ccb-620f-4544-b652-03cd51d8645e] Routing FlowFile[3224,100419151961656.mockFlowFile,24B] to original
[main] DEBUG org.apache.nifi.processors.standard.RouteText - RouteText[id=bf0f7ccb-620f-4544-b652-03cd51d8645e] Adding new dynamic property: PropertyDescriptor[simple]
[pool-3935-thread-1] INFO org.apache.nifi.processors.standard.RouteText - RouteText[id=bf0f7ccb-620f-4544-b652-03cd51d8645e] Created FlowFile[3227,100419152334488.mockFlowFile,24B] from FlowFile[3226,100419152334488.mockFlowFile,24B]; routing to relationship simple
[pool-3935-thread-1] INFO org.apache.nifi.processors.standard.RouteText - RouteText[id=bf0f7ccb-620f-4544-b652-03cd51d8645e] Routing FlowFile[3226,100419152334488.mockFlowFile,24B] to original
[main] DEBUG org.apache.nifi.processors.standard.RouteText - RouteText[id=bf0f7ccb-620f-4544-b652-03cd51d8645e] Adding new dynamic property: PropertyDescriptor[simple]
[pool-3936-thread-1] INFO org.apache.nifi.processors.standard.RouteText - RouteText[id=bf0f7ccb-620f-4544-b652-03cd51d8645e] Created FlowFile[3229,100419152733834.mockFlowFile,24B] from FlowFile[3228,100419152733834.mockFlowFile,24B]; routing to relationship simple
[pool-3936-thread-1] INFO org.apache.nifi.processors.standard.RouteText - RouteText[id=bf0f7ccb-620f-4544-b652-03cd51d8645e] Routing FlowFile[3228,100419152733834.mockFlowFile,24B] to original
[main] DEBUG org.apache.nifi.processors.standard.RouteText - RouteText[id=bf0f7ccb-620f-4544-b652-03cd51d8645e] Adding new dynamic property: PropertyDescriptor[simple]
[pool-3937-thread-1] INFO org.apache.nifi.processors.standard.RouteText - RouteText[id=bf0f7ccb-620f-4544-b652-03cd51d8645e] Created FlowFile[3231,100419153096510.mockFlowFile,24B] from FlowFile[3230,100419153096510.mockFlowFile,24B]; routing to relationship simple
[pool-3937-thread-1] INFO org.apache.nifi.processors.standard.RouteText - RouteText[id=bf0f7ccb-620f-4544-b652-03cd51d8645e] Routing FlowFile[3230,100419153096510.mockFlowFile,24B] to original
[main] DEBUG org.apache.nifi.processors.standard.RouteText - RouteText[id=bf0f7ccb-620f-4544-b652-03cd51d8645e] Adding new dynamic property: PropertyDescriptor[simple]
[pool-3938-thread-1] INFO org.apache.nifi.processors.standard.RouteText - RouteText[id=bf0f7ccb-620f-4544-b652-03cd51d8645e] Created FlowFile[3233,100419153541028.mockFlowFile,24B] from FlowFile[3232,100419153541028.mockFlowFile,24B]; routing to relationship simple
[pool-3938-thread-1] INFO org.apache.nifi.processors.standard.RouteText - RouteText[id=bf0f7ccb-620f-4544-b652-03cd51d8645e] Routing FlowFile[3232,100419153541028.mockFlowFile,24B] to original
[main] DEBUG org.apache.nifi.processors.standard.RouteText - RouteText[id=bf0f7ccb-620f-4544-b652-03cd51d8645e] Adding new dynamic property: PropertyDescriptor[simple]
[pool-3939-thread-1] INFO org.apache.nifi.processors.standard.RouteText - RouteText[id=bf0f7ccb-620f-4544-b652-03cd51d8645e] Created FlowFile[3235,100419153915990.mockFlowFile,24B] from FlowFile[3234,100419153915990.mockFlowFile,24B]; routing to relationship simple
[pool-3939-thread-1] INFO org.apache.nifi.processors.standard.RouteText - RouteText[id=bf0f7ccb-620f-4544-b652-03cd51d8645e] Routing FlowFile[3234,100419153915990.mockFlowFile,24B] to original
[main] DEBUG org.apache.nifi.processors.standard.RouteText - RouteText[id=bf0f7ccb-620f-4544-b652-03cd51d8645e] Adding new dynamic property: PropertyDescriptor[simple]
[pool-3940-thread-1] INFO org.apache.nifi.processors.standard.RouteText - RouteText[id=bf0f7ccb-620f-4544-b652-03cd51d8645e] Created FlowFile[3237,100419154261962.mockFlowFile,24B] from FlowFile[3236,100419154261962.mockFlowFile,24B]; routing to relationship simple
[pool-3940-thread-1] INFO org.apache.nifi.processors.standard.RouteText - RouteText[id=bf0f7ccb-620f-4544-b652-03cd51d8645e] Routing FlowFile[3236,100419154261962.mockFlowFile,24B] to original
[main] DEBUG org.apache.nifi.processors.standard.RouteText - RouteText[id=bf0f7ccb-620f-4544-b652-03cd51d8645e] Adding new dynamic property: PropertyDescriptor[simple]
[pool-3941-thread-1] INFO org.apache.nifi.processors.standard.RouteText - RouteText[id=bf0f7ccb-620f-4544-b652-03cd51d8645e] Created FlowFile[3239,100419154604537.mockFlowFile,24B] from FlowFile[3238,100419154604537.mockFlowFile,24B]; routing to relationship simple
[pool-3941-thread-1] INFO org.apache.nifi.processors.standard.RouteText - RouteText[id=bf0f7ccb-620f-4544-b652-03cd51d8645e] Routing FlowFile[3238,100419154604537.mockFlowFile,24B] to original
[main] DEBUG org.apache.nifi.processors.standard.RouteText - RouteText[id=bf0f7ccb-620f-4544-b652-03cd51d8645e] Adding new dynamic property: PropertyDescriptor[simple]
[pool-3942-thread-1] INFO org.apache.nifi.processors.standard.RouteText - RouteText[id=bf0f7ccb-620f-4544-b652-03cd51d8645e] Created FlowFile[3241,100419154939332.mockFlowFile,24B] from FlowFile[3240,100419154939332.mockFlowFile,24B]; routing to relationship simple
[pool-3942-thread-1] INFO org.apache.nifi.processors.standard.RouteText - RouteText[id=bf0f7ccb-620f-4544-b652-03cd51d8645e] Routing FlowFile[3240,100419154939332.mockFlowFile,24B] to original
[main] DEBUG org.apache.nifi.processors.standard.RouteText - RouteText[id=bf0f7ccb-620f-4544-b652-03cd51d8645e] Adding new dynamic property: PropertyDescriptor[simple]
[pool-3943-thread-1] INFO org.apache.nifi.processors.standard.RouteText - RouteText[id=bf0f7ccb-620f-4544-b652-03cd51d8645e] Created FlowFile[3243,100419155327668.mockFlowFile,24B] from FlowFile[3242,100419155327668.mockFlowFile,24B]; routing to relationship simple
[pool-3943-thread-1] INFO org.apache.nifi.processors.standard.RouteText - RouteText[id=bf0f7ccb-620f-4544-b652-03cd51d8645e] Routing FlowFile[3242,100419155327668.mockFlowFile,24B] to original
[main] DEBUG org.apache.nifi.processors.standard.RouteText - RouteText[id=bf0f7ccb-620f-4544-b652-03cd51d8645e] Adding new dynamic property: PropertyDescriptor[simple]
[pool-3944-thread-1] INFO org.apache.nifi.processors.standard.RouteText - RouteText[id=bf0f7ccb-620f-4544-b652-03cd51d8645e] Created FlowFile[3245,100419155651784.mockFlowFile,24B] from FlowFile[3244,100419155651784.mockFlowFile,24B]; routing to relationship simple
[pool-3944-thread-1] INFO org.apache.nifi.processors.standard.RouteText - RouteText[id=bf0f7ccb-620f-4544-b652-03cd51d8645e] Routing FlowFile[3244,100419155651784.mockFlowFile,24B] to original
[main] DEBUG org.apache.nifi.processors.standard.RouteText - RouteText[id=bf0f7ccb-620f-4544-b652-03cd51d8645e] Adding new dynamic property: PropertyDescriptor[simple]
[pool-3945-thread-1] INFO org.apache.nifi.processors.standard.RouteText - RouteText[id=bf0f7ccb-620f-4544-b652-03cd51d8645e] Created FlowFile[3247,100419155971369.mockFlowFile,24B] from FlowFile[3246,100419155971369.mockFlowFile,24B]; routing to relationship simple
[pool-3945-thread-1] INFO org.apache.nifi.processors.standard.RouteText - RouteText[id=bf0f7ccb-620f-4544-b652-03cd51d8645e] Routing FlowFile[3246,100419155971369.mockFlowFile,24B] to original
[main] DEBUG org.apache.nifi.processors.standard.RouteText - RouteText[id=bf0f7ccb-620f-4544-b652-03cd51d8645e] Adding new dynamic property: PropertyDescriptor[simple]
[pool-3946-thread-1] INFO org.apache.nifi.processors.standard.RouteText - RouteText[id=bf0f7ccb-620f-4544-b652-03cd51d8645e] Created FlowFile[3249,100419156442348.mockFlowFile,24B] from FlowFile[3248,100419156442348.mockFlowFile,24B]; routing to relationship simple
[pool-3946-thread-1] INFO org.apache.nifi.processors.standard.RouteText - RouteText[id=bf0f7ccb-620f-4544-b652-03cd51d8645e] Routing FlowFile[3248,100419156442348.mockFlowFile,24B] to original
[main] DEBUG org.apache.nifi.processors.standard.RouteText - RouteText[id=bf0f7ccb-620f-4544-b652-03cd51d8645e] Adding new dynamic property: PropertyDescriptor[simple]
[pool-3947-thread-1] INFO org.apache.nifi.processors.standard.RouteText - RouteText[id=bf0f7ccb-620f-4544-b652-03cd51d8645e] Created FlowFile[3251,100419156891107.mockFlowFile,24B] from FlowFile[3250,100419156891107.mockFlowFile,24B]; routing to relationship simple
[pool-3947-thread-1] INFO org.apache.nifi.processors.standard.RouteText - RouteText[id=bf0f7ccb-620f-4544-b652-03cd51d8645e] Routing FlowFile[3250,100419156891107.mockFlowFile,24B] to original
[main] DEBUG org.apache.nifi.processors.standard.RouteText - RouteText[id=bf0f7ccb-620f-4544-b652-03cd51d8645e] Adding new dynamic property: PropertyDescriptor[simple]
[pool-3948-thread-1] INFO org.apache.nifi.processors.standard.RouteText - RouteText[id=bf0f7ccb-620f-4544-b652-03cd51d8645e] Created FlowFile[3253,100419157340687.mockFlowFile,24B] from FlowFile[3252,100419157340687.mockFlowFile,24B]; routing to relationship simple
[pool-3948-thread-1] INFO org.apache.nifi.processors.standard.RouteText - RouteText[id=bf0f7ccb-620f-4544-b652-03cd51d8645e] Routing FlowFile[3252,100419157340687.mockFlowFile,24B] to original
[main] DEBUG org.apache.nifi.processors.standard.RouteText - RouteText[id=bf0f7ccb-620f-4544-b652-03cd51d8645e] Adding new dynamic property: PropertyDescriptor[simple]
[pool-3949-thread-1] INFO org.apache.nifi.processors.standard.RouteText - RouteText[id=bf0f7ccb-620f-4544-b652-03cd51d8645e] Created FlowFile[3255,100419157682827.mockFlowFile,24B] from FlowFile[3254,100419157682827.mockFlowFile,24B]; routing to relationship simple
[pool-3949-thread-1] INFO org.apache.nifi.processors.standard.RouteText - RouteText[id=bf0f7ccb-620f-4544-b652-03cd51d8645e] Routing FlowFile[3254,100419157682827.mockFlowFile,24B] to original
[main] DEBUG org.apache.nifi.processors.standard.RouteText - RouteText[id=bf0f7ccb-620f-4544-b652-03cd51d8645e] Adding new dynamic property: PropertyDescriptor[simple]
[pool-3950-thread-1] INFO org.apache.nifi.processors.standard.RouteText - RouteText[id=bf0f7ccb-620f-4544-b652-03cd51d8645e] Created FlowFile[3257,100419158016610.mockFlowFile,24B] from FlowFile[3256,100419158016610.mockFlowFile,24B]; routing to relationship simple
[pool-3950-thread-1] INFO org.apache.nifi.processors.standard.RouteText - RouteText[id=bf0f7ccb-620f-4544-b652-03cd51d8645e] Routing FlowFile[3256,100419158016610.mockFlowFile,24B] to original
[main] DEBUG org.apache.nifi.processors.standard.RouteText - RouteText[id=bf0f7ccb-620f-4544-b652-03cd51d8645e] Adding new dynamic property: PropertyDescriptor[simple]
[pool-3951-thread-1] INFO org.apache.nifi.processors.standard.RouteText - RouteText[id=bf0f7ccb-620f-4544-b652-03cd51d8645e] Created FlowFile[3259,100419158358565.mockFlowFile,24B] from FlowFile[3258,100419158358565.mockFlowFile,24B]; routing to relationship simple
[pool-3951-thread-1] INFO org.apache.nifi.processors.standard.RouteText - RouteText[id=bf0f7ccb-620f-4544-b652-03cd51d8645e] Routing FlowFile[3258,100419158358565.mockFlowFile,24B] to original
[main] DEBUG org.apache.nifi.processors.standard.RouteText - RouteText[id=bf0f7ccb-620f-4544-b652-03cd51d8645e] Adding new dynamic property: PropertyDescriptor[simple]
[pool-3952-thread-1] INFO org.apache.nifi.processors.standard.RouteText - RouteText[id=bf0f7ccb-620f-4544-b652-03cd51d8645e] Created FlowFile[3261,100419158702508.mockFlowFile,24B] from FlowFile[3260,100419158702508.mockFlowFile,24B]; routing to relationship simple
[pool-3952-thread-1] INFO org.apache.nifi.processors.standard.RouteText - RouteText[id=bf0f7ccb-620f-4544-b652-03cd51d8645e] Routing FlowFile[3260,100419158702508.mockFlowFile,24B] to original
[main] DEBUG org.apache.nifi.processors.standard.RouteText - RouteText[id=bf0f7ccb-620f-4544-b652-03cd51d8645e] Adding new dynamic property: PropertyDescriptor[simple]
[pool-3953-thread-1] INFO org.apache.nifi.processors.standard.RouteText - RouteText[id=bf0f7ccb-620f-4544-b652-03cd51d8645e] Created FlowFile[3263,100419159046207.mockFlowFile,24B] from FlowFile[3262,100419159046207.mockFlowFile,24B]; routing to relationship simple
[pool-3953-thread-1] INFO org.apache.nifi.processors.standard.RouteText - RouteText[id=bf0f7ccb-620f-4544-b652-03cd51d8645e] Routing FlowFile[3262,100419159046207.mockFlowFile,24B] to original
[main] DEBUG org.apache.nifi.processors.standard.RouteText - RouteText[id=bf0f7ccb-620f-4544-b652-03cd51d8645e] Adding new dynamic property: PropertyDescriptor[simple]
[pool-3954-thread-1] INFO org.apache.nifi.processors.standard.RouteText - RouteText[id=bf0f7ccb-620f-4544-b652-03cd51d8645e] Created FlowFile[3265,100419159468716.mockFlowFile,24B] from FlowFile[3264,100419159468716.mockFlowFile,24B]; routing to relationship simple
[pool-3954-thread-1] INFO org.apache.nifi.processors.standard.RouteText - RouteText[id=bf0f7ccb-620f-4544-b652-03cd51d8645e] Routing FlowFile[3264,100419159468716.mockFlowFile,24B] to original
[main] DEBUG org.apache.nifi.processors.standard.RouteText - RouteText[id=bf0f7ccb-620f-4544-b652-03cd51d8645e] Adding new dynamic property: PropertyDescriptor[simple]
[pool-3955-thread-1] INFO org.apache.nifi.processors.standard.RouteText - RouteText[id=bf0f7ccb-620f-4544-b652-03cd51d8645e] Created FlowFile[3267,100419159794980.mockFlowFile,24B] from FlowFile[3266,100419159794980.mockFlowFile,24B]; routing to relationship simple
[pool-3955-thread-1] INFO org.apache.nifi.processors.standard.RouteText - RouteText[id=bf0f7ccb-620f-4544-b652-03cd51d8645e] Routing FlowFile[3266,100419159794980.mockFlowFile,24B] to original
[main] DEBUG org.apache.nifi.processors.standard.RouteText - RouteText[id=bf0f7ccb-620f-4544-b652-03cd51d8645e] Adding new dynamic property: PropertyDescriptor[simple]
[pool-3956-thread-1] INFO org.apache.nifi.processors.standard.RouteText - RouteText[id=bf0f7ccb-620f-4544-b652-03cd51d8645e] Created FlowFile[3269,100419160146212.mockFlowFile,24B] from FlowFile[3268,100419160146212.mockFlowFile,24B]; routing to relationship simple
[pool-3956-thread-1] INFO org.apache.nifi.processors.standard.RouteText - RouteText[id=bf0f7ccb-620f-4544-b652-03cd51d8645e] Routing FlowFile[3268,100419160146212.mockFlowFile,24B] to original
[main] DEBUG org.apache.nifi.processors.standard.RouteText - RouteText[id=bf0f7ccb-620f-4544-b652-03cd51d8645e] Adding new dynamic property: PropertyDescriptor[simple]
[pool-3957-thread-1] INFO org.apache.nifi.processors.standard.RouteText - RouteText[id=bf0f7ccb-620f-4544-b652-03cd51d8645e] Created FlowFile[3271,100419160590627.mockFlowFile,24B] from FlowFile[3270,100419160590627.mockFlowFile,24B]; routing to relationship simple
[pool-3957-thread-1] INFO org.apache.nifi.processors.standard.RouteText - RouteText[id=bf0f7ccb-620f-4544-b652-03cd51d8645e] Routing FlowFile[3270,100419160590627.mockFlowFile,24B] to original
[main] DEBUG org.apache.nifi.processors.standard.RouteText - RouteText[id=bf0f7ccb-620f-4544-b652-03cd51d8645e] Adding new dynamic property: PropertyDescriptor[simple]
[pool-3958-thread-1] INFO org.apache.nifi.processors.standard.RouteText - RouteText[id=bf0f7ccb-620f-4544-b652-03cd51d8645e] Created FlowFile[3273,100419161026626.mockFlowFile,24B] from FlowFile[3272,100419161026626.mockFlowFile,24B]; routing to relationship simple
[pool-3958-thread-1] INFO org.apache.nifi.processors.standard.RouteText - RouteText[id=bf0f7ccb-620f-4544-b652-03cd51d8645e] Routing FlowFile[3272,100419161026626.mockFlowFile,24B] to original
[main] DEBUG org.apache.nifi.processors.standard.RouteText - RouteText[id=bf0f7ccb-620f-4544-b652-03cd51d8645e] Adding new dynamic property: PropertyDescriptor[simple]
[pool-3959-thread-1] INFO org.apache.nifi.processors.standard.RouteText - RouteText[id=bf0f7ccb-620f-4544-b652-03cd51d8645e] Created FlowFile[3275,100419161447463.mockFlowFile,24B] from FlowFile[3274,100419161447463.mockFlowFile,24B]; routing to relationship simple
[pool-3959-thread-1] INFO org.apache.nifi.processors.standard.RouteText - RouteText[id=bf0f7ccb-620f-4544-b652-03cd51d8645e] Routing FlowFile[3274,100419161447463.mockFlowFile,24B] to original
[main] DEBUG org.apache.nifi.processors.standard.RouteText - RouteText[id=bf0f7ccb-620f-4544-b652-03cd51d8645e] Adding new dynamic property: PropertyDescriptor[simple]
[pool-3960-thread-1] INFO org.apache.nifi.processors.standard.RouteText - RouteText[id=bf0f7ccb-620f-4544-b652-03cd51d8645e] Created FlowFile[3277,100419161800023.mockFlowFile,24B] from FlowFile[3276,100419161800023.mockFlowFile,24B]; routing to relationship simple
[pool-3960-thread-1] INFO org.apache.nifi.processors.standard.RouteText - RouteText[id=bf0f7ccb-620f-4544-b652-03cd51d8645e] Routing FlowFile[3276,100419161800023.mockFlowFile,24B] to original
[main] DEBUG org.apache.nifi.processors.standard.RouteText - RouteText[id=bf0f7ccb-620f-4544-b652-03cd51d8645e] Adding new dynamic property: PropertyDescriptor[simple]
[pool-3961-thread-1] INFO org.apache.nifi.processors.standard.RouteText - RouteText[id=bf0f7ccb-620f-4544-b652-03cd51d8645e] Created FlowFile[3279,100419162144282.mockFlowFile,24B] from FlowFile[3278,100419162144282.mockFlowFile,24B]; routing to relationship simple
[pool-3961-thread-1] INFO org.apache.nifi.processors.standard.RouteText - RouteText[id=bf0f7ccb-620f-4544-b652-03cd51d8645e] Routing FlowFile[3278,100419162144282.mockFlowFile,24B] to original
[main] DEBUG org.apache.nifi.processors.standard.RouteText - RouteText[id=bf0f7ccb-620f-4544-b652-03cd51d8645e] Adding new dynamic property: PropertyDescriptor[simple]
[pool-3962-thread-1] INFO org.apache.nifi.processors.standard.RouteText - RouteText[id=bf0f7ccb-620f-4544-b652-03cd51d8645e] Created FlowFile[3281,100419162504614.mockFlowFile,24B] from FlowFile[3280,100419162504614.mockFlowFile,24B]; routing to relationship simple
[pool-3962-thread-1] INFO org.apache.nifi.processors.standard.RouteText - RouteText[id=bf0f7ccb-620f-4544-b652-03cd51d8645e] Routing FlowFile[3280,100419162504614.mockFlowFile,24B] to original
[main] DEBUG org.apache.nifi.processors.standard.RouteText - RouteText[id=bf0f7ccb-620f-4544-b652-03cd51d8645e] Adding new dynamic property: PropertyDescriptor[simple]
[pool-3963-thread-1] INFO org.apache.nifi.processors.standard.RouteText - RouteText[id=bf0f7ccb-620f-4544-b652-03cd51d8645e] Created FlowFile[3283,100419162866196.mockFlowFile,24B] from FlowFile[3282,100419162866196.mockFlowFile,24B]; routing to relationship simple
[pool-3963-thread-1] INFO org.apache.nifi.processors.standard.RouteText - RouteText[id=bf0f7ccb-620f-4544-b652-03cd51d8645e] Routing FlowFile[3282,100419162866196.mockFlowFile,24B] to original
[main] DEBUG org.apache.nifi.processors.standard.RouteText - RouteText[id=bf0f7ccb-620f-4544-b652-03cd51d8645e] Adding new dynamic property: PropertyDescriptor[simple]
[pool-3964-thread-1] INFO org.apache.nifi.processors.standard.RouteText - RouteText[id=bf0f7ccb-620f-4544-b652-03cd51d8645e] Created FlowFile[3285,100419163298541.mockFlowFile,24B] from FlowFile[3284,100419163298541.mockFlowFile,24B]; routing to relationship simple
[pool-3964-thread-1] INFO org.apache.nifi.processors.standard.RouteText - RouteText[id=bf0f7ccb-620f-4544-b652-03cd51d8645e] Routing FlowFile[3284,100419163298541.mockFlowFile,24B] to original
[main] DEBUG org.apache.nifi.processors.standard.RouteText - RouteText[id=bf0f7ccb-620f-4544-b652-03cd51d8645e] Adding new dynamic property: PropertyDescriptor[simple]
[pool-3965-thread-1] INFO org.apache.nifi.processors.standard.RouteText - RouteText[id=bf0f7ccb-620f-4544-b652-03cd51d8645e] Created FlowFile[3287,100419163709066.mockFlowFile,24B] from FlowFile[3286,100419163709066.mockFlowFile,24B]; routing to relationship simple
[pool-3965-thread-1] INFO org.apache.nifi.processors.standard.RouteText - RouteText[id=bf0f7ccb-620f-4544-b652-03cd51d8645e] Routing FlowFile[3286,100419163709066.mockFlowFile,24B] to original
[main] DEBUG org.apache.nifi.processors.standard.RouteText - RouteText[id=bf0f7ccb-620f-4544-b652-03cd51d8645e] Adding new dynamic property: PropertyDescriptor[simple]
[pool-3966-thread-1] INFO org.apache.nifi.processors.standard.RouteText - RouteText[id=bf0f7ccb-620f-4544-b652-03cd51d8645e] Created FlowFile[3289,100419164250576.mockFlowFile,24B] from FlowFile[3288,100419164250576.mockFlowFile,24B]; routing to relationship simple
[pool-3966-thread-1] INFO org.apache.nifi.processors.standard.RouteText - RouteText[id=bf0f7ccb-620f-4544-b652-03cd51d8645e] Routing FlowFile[3288,100419164250576.mockFlowFile,24B] to original
[main] DEBUG org.apache.nifi.processors.standard.RouteText - RouteText[id=bf0f7ccb-620f-4544-b652-03cd51d8645e] Adding new dynamic property: PropertyDescriptor[simple]
[pool-3967-thread-1] INFO org.apache.nifi.processors.standard.RouteText - RouteText[id=bf0f7ccb-620f-4544-b652-03cd51d8645e] Created FlowFile[3291,100419164765333.mockFlowFile,24B] from FlowFile[3290,100419164765333.mockFlowFile,24B]; routing to relationship simple
[pool-3967-thread-1] INFO org.apache.nifi.processors.standard.RouteText - RouteText[id=bf0f7ccb-620f-4544-b652-03cd51d8645e] Routing FlowFile[3290,100419164765333.mockFlowFile,24B] to original
[main] DEBUG org.apache.nifi.processors.standard.RouteText - RouteText[id=bf0f7ccb-620f-4544-b652-03cd51d8645e] Adding new dynamic property: PropertyDescriptor[simple]
[pool-3968-thread-1] INFO org.apache.nifi.processors.standard.RouteText - RouteText[id=bf0f7ccb-620f-4544-b652-03cd51d8645e] Created FlowFile[3293,100419165212632.mockFlowFile,24B] from FlowFile[3292,100419165212632.mockFlowFile,24B]; routing to relationship simple
[pool-3968-thread-1] INFO org.apache.nifi.processors.standard.RouteText - RouteText[id=bf0f7ccb-620f-4544-b652-03cd51d8645e] Routing FlowFile[3292,100419165212632.mockFlowFile,24B] to original
[main] DEBUG org.apache.nifi.processors.standard.RouteText - RouteText[id=bf0f7ccb-620f-4544-b652-03cd51d8645e] Adding new dynamic property: PropertyDescriptor[simple]
[pool-3969-thread-1] INFO org.apache.nifi.processors.standard.RouteText - RouteText[id=bf0f7ccb-620f-4544-b652-03cd51d8645e] Created FlowFile[3295,100419165651903.mockFlowFile,24B] from FlowFile[3294,100419165651903.mockFlowFile,24B]; routing to relationship simple
[pool-3969-thread-1] INFO org.apache.nifi.processors.standard.RouteText - RouteText[id=bf0f7ccb-620f-4544-b652-03cd51d8645e] Routing FlowFile[3294,100419165651903.mockFlowFile,24B] to original
[main] DEBUG org.apache.nifi.processors.standard.RouteText - RouteText[id=bf0f7ccb-620f-4544-b652-03cd51d8645e] Adding new dynamic property: PropertyDescriptor[simple]
[pool-3970-thread-1] INFO org.apache.nifi.processors.standard.RouteText - RouteText[id=bf0f7ccb-620f-4544-b652-03cd51d8645e] Created FlowFile[3297,100419166001795.mockFlowFile,24B] from FlowFile[3296,100419166001795.mockFlowFile,24B]; routing to relationship simple
[pool-3970-thread-1] INFO org.apache.nifi.processors.standard.RouteText - RouteText[id=bf0f7ccb-620f-4544-b652-03cd51d8645e] Routing FlowFile[3296,100419166001795.mockFlowFile,24B] to original
[main] DEBUG org.apache.nifi.processors.standard.RouteText - RouteText[id=bf0f7ccb-620f-4544-b652-03cd51d8645e] Adding new dynamic property: PropertyDescriptor[simple]
[pool-3971-thread-1] INFO org.apache.nifi.processors.standard.RouteText - RouteText[id=bf0f7ccb-620f-4544-b652-03cd51d8645e] Created FlowFile[3299,100419166359386.mockFlowFile,24B] from FlowFile[3298,100419166359386.mockFlowFile,24B]; routing to relationship simple
[pool-3971-thread-1] INFO org.apache.nifi.processors.standard.RouteText - RouteText[id=bf0f7ccb-620f-4544-b652-03cd51d8645e] Routing FlowFile[3298,100419166359386.mockFlowFile,24B] to original
[main] DEBUG org.apache.nifi.processors.standard.RouteText - RouteText[id=bf0f7ccb-620f-4544-b652-03cd51d8645e] Adding new dynamic property: PropertyDescriptor[simple]
[pool-3972-thread-1] INFO org.apache.nifi.processors.standard.RouteText - RouteText[id=bf0f7ccb-620f-4544-b652-03cd51d8645e] Created FlowFile[3301,100419166883950.mockFlowFile,24B] from FlowFile[3300,100419166883950.mockFlowFile,24B]; routing to relationship simple
[pool-3972-thread-1] INFO org.apache.nifi.processors.standard.RouteText - RouteText[id=bf0f7ccb-620f-4544-b652-03cd51d8645e] Routing FlowFile[3300,100419166883950.mockFlowFile,24B] to original
[main] DEBUG org.apache.nifi.processors.standard.RouteText - RouteText[id=bf0f7ccb-620f-4544-b652-03cd51d8645e] Adding new dynamic property: PropertyDescriptor[simple]
[pool-3973-thread-1] INFO org.apache.nifi.processors.standard.RouteText - RouteText[id=bf0f7ccb-620f-4544-b652-03cd51d8645e] Created FlowFile[3303,100419167499238.mockFlowFile,24B] from FlowFile[3302,100419167499238.mockFlowFile,24B]; routing to relationship simple
[pool-3973-thread-1] INFO org.apache.nifi.processors.standard.RouteText - RouteText[id=bf0f7ccb-620f-4544-b652-03cd51d8645e] Routing FlowFile[3302,100419167499238.mockFlowFile,24B] to original
[main] DEBUG org.apache.nifi.processors.standard.RouteText - RouteText[id=bf0f7ccb-620f-4544-b652-03cd51d8645e] Adding new dynamic property: PropertyDescriptor[simple]
[pool-3974-thread-1] INFO org.apache.nifi.processors.standard.RouteText - RouteText[id=bf0f7ccb-620f-4544-b652-03cd51d8645e] Created FlowFile[3305,100419168031082.mockFlowFile,24B] from FlowFile[3304,100419168031082.mockFlowFile,24B]; routing to relationship simple
[pool-3974-thread-1] INFO org.apache.nifi.processors.standard.RouteText - RouteText[id=bf0f7ccb-620f-4544-b652-03cd51d8645e] Routing FlowFile[3304,100419168031082.mockFlowFile,24B] to original
[main] DEBUG org.apache.nifi.processors.standard.RouteText - RouteText[id=bf0f7ccb-620f-4544-b652-03cd51d8645e] Adding new dynamic property: PropertyDescriptor[simple]
[pool-3975-thread-1] INFO org.apache.nifi.processors.standard.RouteText - RouteText[id=bf0f7ccb-620f-4544-b652-03cd51d8645e] Created FlowFile[3307,100419168560988.mockFlowFile,24B] from FlowFile[3306,100419168560988.mockFlowFile,24B]; routing to relationship simple
[pool-3975-thread-1] INFO org.apache.nifi.processors.standard.RouteText - RouteText[id=bf0f7ccb-620f-4544-b652-03cd51d8645e] Routing FlowFile[3306,100419168560988.mockFlowFile,24B] to original
[main] DEBUG org.apache.nifi.processors.standard.RouteText - RouteText[id=bf0f7ccb-620f-4544-b652-03cd51d8645e] Adding new dynamic property: PropertyDescriptor[simple]
[pool-3976-thread-1] INFO org.apache.nifi.processors.standard.RouteText - RouteText[id=bf0f7ccb-620f-4544-b652-03cd51d8645e] Created FlowFile[3309,100419169068742.mockFlowFile,24B] from FlowFile[3308,100419169068742.mockFlowFile,24B]; routing to relationship simple
[pool-3976-thread-1] INFO org.apache.nifi.processors.standard.RouteText - RouteText[id=bf0f7ccb-620f-4544-b652-03cd51d8645e] Routing FlowFile[3308,100419169068742.mockFlowFile,24B] to original
[main] DEBUG org.apache.nifi.processors.standard.RouteText - RouteText[id=bf0f7ccb-620f-4544-b652-03cd51d8645e] Adding new dynamic property: PropertyDescriptor[simple]
[pool-3977-thread-1] INFO org.apache.nifi.processors.standard.RouteText - RouteText[id=bf0f7ccb-620f-4544-b652-03cd51d8645e] Created FlowFile[3311,100419169565571.mockFlowFile,24B] from FlowFile[3310,100419169565571.mockFlowFile,24B]; routing to relationship simple
[pool-3977-thread-1] INFO org.apache.nifi.processors.standard.RouteText - RouteText[id=bf0f7ccb-620f-4544-b652-03cd51d8645e] Routing FlowFile[3310,100419169565571.mockFlowFile,24B] to original
[main] DEBUG org.apache.nifi.processors.standard.RouteText - RouteText[id=bf0f7ccb-620f-4544-b652-03cd51d8645e] Adding new dynamic property: PropertyDescriptor[simple]
[pool-3978-thread-1] INFO org.apache.nifi.processors.standard.RouteText - RouteText[id=bf0f7ccb-620f-4544-b652-03cd51d8645e] Created FlowFile[3313,100419170078903.mockFlowFile,24B] from FlowFile[3312,100419170078903.mockFlowFile,24B]; routing to relationship simple
[pool-3978-thread-1] INFO org.apache.nifi.processors.standard.RouteText - RouteText[id=bf0f7ccb-620f-4544-b652-03cd51d8645e] Routing FlowFile[3312,100419170078903.mockFlowFile,24B] to original
[main] DEBUG org.apache.nifi.processors.standard.RouteText - RouteText[id=bf0f7ccb-620f-4544-b652-03cd51d8645e] Adding new dynamic property: PropertyDescriptor[simple]
[pool-3979-thread-1] INFO org.apache.nifi.processors.standard.RouteText - RouteText[id=bf0f7ccb-620f-4544-b652-03cd51d8645e] Created FlowFile[3315,100419170598987.mockFlowFile,24B] from FlowFile[3314,100419170598987.mockFlowFile,24B]; routing to relationship simple
[pool-3979-thread-1] INFO org.apache.nifi.processors.standard.RouteText - RouteText[id=bf0f7ccb-620f-4544-b652-03cd51d8645e] Routing FlowFile[3314,100419170598987.mockFlowFile,24B] to original
[main] DEBUG org.apache.nifi.processors.standard.RouteText - RouteText[id=bf0f7ccb-620f-4544-b652-03cd51d8645e] Adding new dynamic property: PropertyDescriptor[simple]
[pool-3980-thread-1] INFO org.apache.nifi.processors.standard.RouteText - RouteText[id=bf0f7ccb-620f-4544-b652-03cd51d8645e] Created FlowFile[3317,100419171076531.mockFlowFile,24B] from FlowFile[3316,100419171076531.mockFlowFile,24B]; routing to relationship simple
[pool-3980-thread-1] INFO org.apache.nifi.processors.standard.RouteText - RouteText[id=bf0f7ccb-620f-4544-b652-03cd51d8645e] Routing FlowFile[3316,100419171076531.mockFlowFile,24B] to original
[main] DEBUG org.apache.nifi.processors.standard.RouteText - RouteText[id=bf0f7ccb-620f-4544-b652-03cd51d8645e] Adding new dynamic property: PropertyDescriptor[simple]
[pool-3981-thread-1] INFO org.apache.nifi.processors.standard.RouteText - RouteText[id=bf0f7ccb-620f-4544-b652-03cd51d8645e] Created FlowFile[3319,100419171545148.mockFlowFile,24B] from FlowFile[3318,100419171545148.mockFlowFile,24B]; routing to relationship simple
[pool-3981-thread-1] INFO org.apache.nifi.processors.standard.RouteText - RouteText[id=bf0f7ccb-620f-4544-b652-03cd51d8645e] Routing FlowFile[3318,100419171545148.mockFlowFile,24B] to original
[main] DEBUG org.apache.nifi.processors.standard.RouteText - RouteText[id=bf0f7ccb-620f-4544-b652-03cd51d8645e] Adding new dynamic property: PropertyDescriptor[simple]
[pool-3982-thread-1] INFO org.apache.nifi.processors.standard.RouteText - RouteText[id=bf0f7ccb-620f-4544-b652-03cd51d8645e] Created FlowFile[3321,100419172011339.mockFlowFile,24B] from FlowFile[3320,100419172011339.mockFlowFile,24B]; routing to relationship simple
[pool-3982-thread-1] INFO org.apache.nifi.processors.standard.RouteText - RouteText[id=bf0f7ccb-620f-4544-b652-03cd51d8645e] Routing FlowFile[3320,100419172011339.mockFlowFile,24B] to original
[main] DEBUG org.apache.nifi.processors.standard.RouteText - RouteText[id=bf0f7ccb-620f-4544-b652-03cd51d8645e] Adding new dynamic property: PropertyDescriptor[simple]
[pool-3983-thread-1] INFO org.apache.nifi.processors.standard.RouteText - RouteText[id=bf0f7ccb-620f-4544-b652-03cd51d8645e] Created FlowFile[3323,100419172525185.mockFlowFile,24B] from FlowFile[3322,100419172525185.mockFlowFile,24B]; routing to relationship simple
[pool-3983-thread-1] INFO org.apache.nifi.processors.standard.RouteText - RouteText[id=bf0f7ccb-620f-4544-b652-03cd51d8645e] Routing FlowFile[3322,100419172525185.mockFlowFile,24B] to original
[main] DEBUG org.apache.nifi.processors.standard.RouteText - RouteText[id=bf0f7ccb-620f-4544-b652-03cd51d8645e] Adding new dynamic property: PropertyDescriptor[simple]
[pool-3984-thread-1] INFO org.apache.nifi.processors.standard.RouteText - RouteText[id=bf0f7ccb-620f-4544-b652-03cd51d8645e] Created FlowFile[3325,100419173079196.mockFlowFile,24B] from FlowFile[3324,100419173079196.mockFlowFile,24B]; routing to relationship simple
[pool-3984-thread-1] INFO org.apache.nifi.processors.standard.RouteText - RouteText[id=bf0f7ccb-620f-4544-b652-03cd51d8645e] Routing FlowFile[3324,100419173079196.mockFlowFile,24B] to original
[main] DEBUG org.apache.nifi.processors.standard.RouteText - RouteText[id=bf0f7ccb-620f-4544-b652-03cd51d8645e] Adding new dynamic property: PropertyDescriptor[simple]
[pool-3985-thread-1] INFO org.apache.nifi.processors.standard.RouteText - RouteText[id=bf0f7ccb-620f-4544-b652-03cd51d8645e] Created FlowFile[3327,100419173742022.mockFlowFile,24B] from FlowFile[3326,100419173742022.mockFlowFile,24B]; routing to relationship simple
[pool-3985-thread-1] INFO org.apache.nifi.processors.standard.RouteText - RouteText[id=bf0f7ccb-620f-4544-b652-03cd51d8645e] Routing FlowFile[3326,100419173742022.mockFlowFile,24B] to original
[main] DEBUG org.apache.nifi.processors.standard.RouteText - RouteText[id=bf0f7ccb-620f-4544-b652-03cd51d8645e] Adding new dynamic property: PropertyDescriptor[simple]
[pool-3986-thread-1] INFO org.apache.nifi.processors.standard.RouteText - RouteText[id=bf0f7ccb-620f-4544-b652-03cd51d8645e] Created FlowFile[3329,100419174399894.mockFlowFile,24B] from FlowFile[3328,100419174399894.mockFlowFile,24B]; routing to relationship simple
[pool-3986-thread-1] INFO org.apache.nifi.processors.standard.RouteText - RouteText[id=bf0f7ccb-620f-4544-b652-03cd51d8645e] Routing FlowFile[3328,100419174399894.mockFlowFile,24B] to original
[main] DEBUG org.apache.nifi.processors.standard.RouteText - RouteText[id=bf0f7ccb-620f-4544-b652-03cd51d8645e] Adding new dynamic property: PropertyDescriptor[simple]
[pool-3987-thread-1] INFO org.apache.nifi.processors.standard.RouteText - RouteText[id=bf0f7ccb-620f-4544-b652-03cd51d8645e] Created FlowFile[3331,100419174980449.mockFlowFile,24B] from FlowFile[3330,100419174980449.mockFlowFile,24B]; routing to relationship simple
[pool-3987-thread-1] INFO org.apache.nifi.processors.standard.RouteText - RouteText[id=bf0f7ccb-620f-4544-b652-03cd51d8645e] Routing FlowFile[3330,100419174980449.mockFlowFile,24B] to original
[main] DEBUG org.apache.nifi.processors.standard.RouteText - RouteText[id=bf0f7ccb-620f-4544-b652-03cd51d8645e] Adding new dynamic property: PropertyDescriptor[simple]
[pool-3988-thread-1] INFO org.apache.nifi.processors.standard.RouteText - RouteText[id=bf0f7ccb-620f-4544-b652-03cd51d8645e] Created FlowFile[3333,100419175600598.mockFlowFile,24B] from FlowFile[3332,100419175600598.mockFlowFile,24B]; routing to relationship simple
[pool-3988-thread-1] INFO org.apache.nifi.processors.standard.RouteText - RouteText[id=bf0f7ccb-620f-4544-b652-03cd51d8645e] Routing FlowFile[3332,100419175600598.mockFlowFile,24B] to original
[main] DEBUG org.apache.nifi.processors.standard.RouteText - RouteText[id=bf0f7ccb-620f-4544-b652-03cd51d8645e] Adding new dynamic property: PropertyDescriptor[simple]
[pool-3989-thread-1] INFO org.apache.nifi.processors.standard.RouteText - RouteText[id=bf0f7ccb-620f-4544-b652-03cd51d8645e] Created FlowFile[3335,100419176203470.mockFlowFile,24B] from FlowFile[3334,100419176203470.mockFlowFile,24B]; routing to relationship simple
[pool-3989-thread-1] INFO org.apache.nifi.processors.standard.RouteText - RouteText[id=bf0f7ccb-620f-4544-b652-03cd51d8645e] Routing FlowFile[3334,100419176203470.mockFlowFile,24B] to original
[main] DEBUG org.apache.nifi.processors.standard.RouteText - RouteText[id=bf0f7ccb-620f-4544-b652-03cd51d8645e] Adding new dynamic property: PropertyDescriptor[simple]
[pool-3990-thread-1] INFO org.apache.nifi.processors.standard.RouteText - RouteText[id=bf0f7ccb-620f-4544-b652-03cd51d8645e] Created FlowFile[3337,100419176822886.mockFlowFile,24B] from FlowFile[3336,100419176822886.mockFlowFile,24B]; routing to relationship simple
[pool-3990-thread-1] INFO org.apache.nifi.processors.standard.RouteText - RouteText[id=bf0f7ccb-620f-4544-b652-03cd51d8645e] Routing FlowFile[3336,100419176822886.mockFlowFile,24B] to original
[main] DEBUG org.apache.nifi.processors.standard.RouteText - RouteText[id=bf0f7ccb-620f-4544-b652-03cd51d8645e] Adding new dynamic property: PropertyDescriptor[simple]
[pool-3991-thread-1] INFO org.apache.nifi.processors.standard.RouteText - RouteText[id=bf0f7ccb-620f-4544-b652-03cd51d8645e] Created FlowFile[3339,100419177356083.mockFlowFile,24B] from FlowFile[3338,100419177356083.mockFlowFile,24B]; routing to relationship simple
[pool-3991-thread-1] INFO org.apache.nifi.processors.standard.RouteText - RouteText[id=bf0f7ccb-620f-4544-b652-03cd51d8645e] Routing FlowFile[3338,100419177356083.mockFlowFile,24B] to original
[main] DEBUG org.apache.nifi.processors.standard.RouteText - RouteText[id=bf0f7ccb-620f-4544-b652-03cd51d8645e] Adding new dynamic property: PropertyDescriptor[simple]
[pool-3992-thread-1] INFO org.apache.nifi.processors.standard.RouteText - RouteText[id=bf0f7ccb-620f-4544-b652-03cd51d8645e] Created FlowFile[3341,100419177853069.mockFlowFile,24B] from FlowFile[3340,100419177853069.mockFlowFile,24B]; routing to relationship simple
[pool-3992-thread-1] INFO org.apache.nifi.processors.standard.RouteText - RouteText[id=bf0f7ccb-620f-4544-b652-03cd51d8645e] Routing FlowFile[3340,100419177853069.mockFlowFile,24B] to original
[main] DEBUG org.apache.nifi.processors.standard.RouteText - RouteText[id=bf0f7ccb-620f-4544-b652-03cd51d8645e] Adding new dynamic property: PropertyDescriptor[simple]
[pool-3993-thread-1] INFO org.apache.nifi.processors.standard.RouteText - RouteText[id=bf0f7ccb-620f-4544-b652-03cd51d8645e] Created FlowFile[3343,100419178235469.mockFlowFile,24B] from FlowFile[3342,100419178235469.mockFlowFile,24B]; routing to relationship simple
[pool-3993-thread-1] INFO org.apache.nifi.processors.standard.RouteText - RouteText[id=bf0f7ccb-620f-4544-b652-03cd51d8645e] Routing FlowFile[3342,100419178235469.mockFlowFile,24B] to original
[main] DEBUG org.apache.nifi.processors.standard.RouteText - RouteText[id=bf0f7ccb-620f-4544-b652-03cd51d8645e] Adding new dynamic property: PropertyDescriptor[simple]
[pool-3994-thread-1] INFO org.apache.nifi.processors.standard.RouteText - RouteText[id=bf0f7ccb-620f-4544-b652-03cd51d8645e] Created FlowFile[3345,100419178615254.mockFlowFile,24B] from FlowFile[3344,100419178615254.mockFlowFile,24B]; routing to relationship simple
[pool-3994-thread-1] INFO org.apache.nifi.processors.standard.RouteText - RouteText[id=bf0f7ccb-620f-4544-b652-03cd51d8645e] Routing FlowFile[3344,100419178615254.mockFlowFile,24B] to original
[main] DEBUG org.apache.nifi.processors.standard.RouteText - RouteText[id=bf0f7ccb-620f-4544-b652-03cd51d8645e] Adding new dynamic property: PropertyDescriptor[simple]
[pool-3995-thread-1] INFO org.apache.nifi.processors.standard.RouteText - RouteText[id=bf0f7ccb-620f-4544-b652-03cd51d8645e] Created FlowFile[3347,100419178966653.mockFlowFile,24B] from FlowFile[3346,100419178966653.mockFlowFile,24B]; routing to relationship simple
[pool-3995-thread-1] INFO org.apache.nifi.processors.standard.RouteText - RouteText[id=bf0f7ccb-620f-4544-b652-03cd51d8645e] Routing FlowFile[3346,100419178966653.mockFlowFile,24B] to original
[main] DEBUG org.apache.nifi.processors.standard.RouteText - RouteText[id=bf0f7ccb-620f-4544-b652-03cd51d8645e] Adding new dynamic property: PropertyDescriptor[simple]
[pool-3996-thread-1] INFO org.apache.nifi.processors.standard.RouteText - RouteText[id=bf0f7ccb-620f-4544-b652-03cd51d8645e] Created FlowFile[3349,100419179435012.mockFlowFile,24B] from FlowFile[3348,100419179435012.mockFlowFile,24B]; routing to relationship simple
[pool-3996-thread-1] INFO org.apache.nifi.processors.standard.RouteText - RouteText[id=bf0f7ccb-620f-4544-b652-03cd51d8645e] Routing FlowFile[3348,100419179435012.mockFlowFile,24B] to original
[main] DEBUG org.apache.nifi.processors.standard.RouteText - RouteText[id=bf0f7ccb-620f-4544-b652-03cd51d8645e] Adding new dynamic property: PropertyDescriptor[simple]
[pool-3997-thread-1] INFO org.apache.nifi.processors.standard.RouteText - RouteText[id=bf0f7ccb-620f-4544-b652-03cd51d8645e] Created FlowFile[3351,100419179865583.mockFlowFile,24B] from FlowFile[3350,100419179865583.mockFlowFile,24B]; routing to relationship simple
[pool-3997-thread-1] INFO org.apache.nifi.processors.standard.RouteText - RouteText[id=bf0f7ccb-620f-4544-b652-03cd51d8645e] Routing FlowFile[3350,100419179865583.mockFlowFile,24B] to original
[main] DEBUG org.apache.nifi.processors.standard.RouteText - RouteText[id=bf0f7ccb-620f-4544-b652-03cd51d8645e] Adding new dynamic property: PropertyDescriptor[simple]
[pool-3998-thread-1] INFO org.apache.nifi.processors.standard.RouteText - RouteText[id=bf0f7ccb-620f-4544-b652-03cd51d8645e] Created FlowFile[3353,100419180411741.mockFlowFile,24B] from FlowFile[3352,100419180411741.mockFlowFile,24B]; routing to relationship simple
[pool-3998-thread-1] INFO org.apache.nifi.processors.standard.RouteText - RouteText[id=bf0f7ccb-620f-4544-b652-03cd51d8645e] Routing FlowFile[3352,100419180411741.mockFlowFile,24B] to original
[main] DEBUG org.apache.nifi.processors.standard.RouteText - RouteText[id=bf0f7ccb-620f-4544-b652-03cd51d8645e] Adding new dynamic property: PropertyDescriptor[simple]
[pool-3999-thread-1] INFO org.apache.nifi.processors.standard.RouteText - RouteText[id=bf0f7ccb-620f-4544-b652-03cd51d8645e] Created FlowFile[3355,100419180911046.mockFlowFile,24B] from FlowFile[3354,100419180911046.mockFlowFile,24B]; routing to relationship simple
[pool-3999-thread-1] INFO org.apache.nifi.processors.standard.RouteText - RouteText[id=bf0f7ccb-620f-4544-b652-03cd51d8645e] Routing FlowFile[3354,100419180911046.mockFlowFile,24B] to original
[main] DEBUG org.apache.nifi.processors.standard.RouteText - RouteText[id=bf0f7ccb-620f-4544-b652-03cd51d8645e] Adding new dynamic property: PropertyDescriptor[simple]
[pool-4000-thread-1] INFO org.apache.nifi.processors.standard.RouteText - RouteText[id=bf0f7ccb-620f-4544-b652-03cd51d8645e] Created FlowFile[3357,100419181395115.mockFlowFile,24B] from FlowFile[3356,100419181395115.mockFlowFile,24B]; routing to relationship simple
[pool-4000-thread-1] INFO org.apache.nifi.processors.standard.RouteText - RouteText[id=bf0f7ccb-620f-4544-b652-03cd51d8645e] Routing FlowFile[3356,100419181395115.mockFlowFile,24B] to original
[main] DEBUG org.apache.nifi.processors.standard.RouteText - RouteText[id=bf0f7ccb-620f-4544-b652-03cd51d8645e] Adding new dynamic property: PropertyDescriptor[simple]
[pool-4001-thread-1] INFO org.apache.nifi.processors.standard.RouteText - RouteText[id=bf0f7ccb-620f-4544-b652-03cd51d8645e] Created FlowFile[3359,100419181846388.mockFlowFile,24B] from FlowFile[3358,100419181846388.mockFlowFile,24B]; routing to relationship simple
[pool-4001-thread-1] INFO org.apache.nifi.processors.standard.RouteText - RouteText[id=bf0f7ccb-620f-4544-b652-03cd51d8645e] Routing FlowFile[3358,100419181846388.mockFlowFile,24B] to original
[main] DEBUG org.apache.nifi.processors.standard.RouteText - RouteText[id=bf0f7ccb-620f-4544-b652-03cd51d8645e] Adding new dynamic property: PropertyDescriptor[simple]
[pool-4002-thread-1] INFO org.apache.nifi.processors.standard.RouteText - RouteText[id=bf0f7ccb-620f-4544-b652-03cd51d8645e] Created FlowFile[3361,100419182243968.mockFlowFile,24B] from FlowFile[3360,100419182243968.mockFlowFile,24B]; routing to relationship simple
[pool-4002-thread-1] INFO org.apache.nifi.processors.standard.RouteText - RouteText[id=bf0f7ccb-620f-4544-b652-03cd51d8645e] Routing FlowFile[3360,100419182243968.mockFlowFile,24B] to original
[main] DEBUG org.apache.nifi.processors.standard.RouteText - RouteText[id=bf0f7ccb-620f-4544-b652-03cd51d8645e] Adding new dynamic property: PropertyDescriptor[simple]
[pool-4003-thread-1] INFO org.apache.nifi.processors.standard.RouteText - RouteText[id=bf0f7ccb-620f-4544-b652-03cd51d8645e] Created FlowFile[3363,100419182617456.mockFlowFile,24B] from FlowFile[3362,100419182617456.mockFlowFile,24B]; routing to relationship simple
[pool-4003-thread-1] INFO org.apache.nifi.processors.standard.RouteText - RouteText[id=bf0f7ccb-620f-4544-b652-03cd51d8645e] Routing FlowFile[3362,100419182617456.mockFlowFile,24B] to original
[main] DEBUG org.apache.nifi.processors.standard.RouteText - RouteText[id=bf0f7ccb-620f-4544-b652-03cd51d8645e] Adding new dynamic property: PropertyDescriptor[simple]
[pool-4004-thread-1] INFO org.apache.nifi.processors.standard.RouteText - RouteText[id=bf0f7ccb-620f-4544-b652-03cd51d8645e] Created FlowFile[3365,100419182984232.mockFlowFile,24B] from FlowFile[3364,100419182984232.mockFlowFile,24B]; routing to relationship simple
[pool-4004-thread-1] INFO org.apache.nifi.processors.standard.RouteText - RouteText[id=bf0f7ccb-620f-4544-b652-03cd51d8645e] Routing FlowFile[3364,100419182984232.mockFlowFile,24B] to original
[main] DEBUG org.apache.nifi.processors.standard.RouteText - RouteText[id=bf0f7ccb-620f-4544-b652-03cd51d8645e] Adding new dynamic property: PropertyDescriptor[simple]
[pool-4005-thread-1] INFO org.apache.nifi.processors.standard.RouteText - RouteText[id=bf0f7ccb-620f-4544-b652-03cd51d8645e] Created FlowFile[3367,100419183472763.mockFlowFile,24B] from FlowFile[3366,100419183472763.mockFlowFile,24B]; routing to relationship simple
[pool-4005-thread-1] INFO org.apache.nifi.processors.standard.RouteText - RouteText[id=bf0f7ccb-620f-4544-b652-03cd51d8645e] Routing FlowFile[3366,100419183472763.mockFlowFile,24B] to original
[main] DEBUG org.apache.nifi.processors.standard.RouteText - RouteText[id=bf0f7ccb-620f-4544-b652-03cd51d8645e] Adding new dynamic property: PropertyDescriptor[simple]
[pool-4006-thread-1] INFO org.apache.nifi.processors.standard.RouteText - RouteText[id=bf0f7ccb-620f-4544-b652-03cd51d8645e] Created FlowFile[3369,100419183892160.mockFlowFile,24B] from FlowFile[3368,100419183892160.mockFlowFile,24B]; routing to relationship simple
[pool-4006-thread-1] INFO org.apache.nifi.processors.standard.RouteText - RouteText[id=bf0f7ccb-620f-4544-b652-03cd51d8645e] Routing FlowFile[3368,100419183892160.mockFlowFile,24B] to original
[main] DEBUG org.apache.nifi.processors.standard.RouteText - RouteText[id=bf0f7ccb-620f-4544-b652-03cd51d8645e] Adding new dynamic property: PropertyDescriptor[simple]
[pool-4007-thread-1] INFO org.apache.nifi.processors.standard.RouteText - RouteText[id=bf0f7ccb-620f-4544-b652-03cd51d8645e] Created FlowFile[3371,100419184362815.mockFlowFile,24B] from FlowFile[3370,100419184362815.mockFlowFile,24B]; routing to relationship simple
[pool-4007-thread-1] INFO org.apache.nifi.processors.standard.RouteText - RouteText[id=bf0f7ccb-620f-4544-b652-03cd51d8645e] Routing FlowFile[3370,100419184362815.mockFlowFile,24B] to original
[main] DEBUG org.apache.nifi.processors.standard.RouteText - RouteText[id=bf0f7ccb-620f-4544-b652-03cd51d8645e] Adding new dynamic property: PropertyDescriptor[simple]
[pool-4008-thread-1] INFO org.apache.nifi.processors.standard.RouteText - RouteText[id=bf0f7ccb-620f-4544-b652-03cd51d8645e] Created FlowFile[3373,100419184832671.mockFlowFile,24B] from FlowFile[3372,100419184832671.mockFlowFile,24B]; routing to relationship simple
[pool-4008-thread-1] INFO org.apache.nifi.processors.standard.RouteText - RouteText[id=bf0f7ccb-620f-4544-b652-03cd51d8645e] Routing FlowFile[3372,100419184832671.mockFlowFile,24B] to original
[main] DEBUG org.apache.nifi.processors.standard.RouteText - RouteText[id=bf0f7ccb-620f-4544-b652-03cd51d8645e] Adding new dynamic property: PropertyDescriptor[simple]
[pool-4009-thread-1] INFO org.apache.nifi.processors.standard.RouteText - RouteText[id=bf0f7ccb-620f-4544-b652-03cd51d8645e] Created FlowFile[3375,100419185193772.mockFlowFile,24B] from FlowFile[3374,100419185193772.mockFlowFile,24B]; routing to relationship simple
[pool-4009-thread-1] INFO org.apache.nifi.processors.standard.RouteText - RouteText[id=bf0f7ccb-620f-4544-b652-03cd51d8645e] Routing FlowFile[3374,100419185193772.mockFlowFile,24B] to original
[main] DEBUG org.apache.nifi.processors.standard.RouteText - RouteText[id=bf0f7ccb-620f-4544-b652-03cd51d8645e] Adding new dynamic property: PropertyDescriptor[simple]
[pool-4010-thread-1] INFO org.apache.nifi.processors.standard.RouteText - RouteText[id=bf0f7ccb-620f-4544-b652-03cd51d8645e] Created FlowFile[3377,100419185651158.mockFlowFile,24B] from FlowFile[3376,100419185651158.mockFlowFile,24B]; routing to relationship simple
[pool-4010-thread-1] INFO org.apache.nifi.processors.standard.RouteText - RouteText[id=bf0f7ccb-620f-4544-b652-03cd51d8645e] Routing FlowFile[3376,100419185651158.mockFlowFile,24B] to original
[main] DEBUG org.apache.nifi.processors.standard.RouteText - RouteText[id=bf0f7ccb-620f-4544-b652-03cd51d8645e] Adding new dynamic property: PropertyDescriptor[simple]
[pool-4011-thread-1] INFO org.apache.nifi.processors.standard.RouteText - RouteText[id=bf0f7ccb-620f-4544-b652-03cd51d8645e] Created FlowFile[3379,100419186084738.mockFlowFile,24B] from FlowFile[3378,100419186084738.mockFlowFile,24B]; routing to relationship simple
[pool-4011-thread-1] INFO org.apache.nifi.processors.standard.RouteText - RouteText[id=bf0f7ccb-620f-4544-b652-03cd51d8645e] Routing FlowFile[3378,100419186084738.mockFlowFile,24B] to original
[main] DEBUG org.apache.nifi.processors.standard.RouteText - RouteText[id=bf0f7ccb-620f-4544-b652-03cd51d8645e] Adding new dynamic property: PropertyDescriptor[simple]
[pool-4012-thread-1] INFO org.apache.nifi.processors.standard.RouteText - RouteText[id=bf0f7ccb-620f-4544-b652-03cd51d8645e] Created FlowFile[3381,100419186559830.mockFlowFile,24B] from FlowFile[3380,100419186559830.mockFlowFile,24B]; routing to relationship simple
[pool-4012-thread-1] INFO org.apache.nifi.processors.standard.RouteText - RouteText[id=bf0f7ccb-620f-4544-b652-03cd51d8645e] Routing FlowFile[3380,100419186559830.mockFlowFile,24B] to original
[main] DEBUG org.apache.nifi.processors.standard.RouteText - RouteText[id=bf0f7ccb-620f-4544-b652-03cd51d8645e] Adding new dynamic property: PropertyDescriptor[simple]
[pool-4013-thread-1] INFO org.apache.nifi.processors.standard.RouteText - RouteText[id=bf0f7ccb-620f-4544-b652-03cd51d8645e] Created FlowFile[3383,100419186936096.mockFlowFile,24B] from FlowFile[3382,100419186936096.mockFlowFile,24B]; routing to relationship simple
[pool-4013-thread-1] INFO org.apache.nifi.processors.standard.RouteText - RouteText[id=bf0f7ccb-620f-4544-b652-03cd51d8645e] Routing FlowFile[3382,100419186936096.mockFlowFile,24B] to original
[main] DEBUG org.apache.nifi.processors.standard.RouteText - RouteText[id=bf0f7ccb-620f-4544-b652-03cd51d8645e] Adding new dynamic property: PropertyDescriptor[simple]
[pool-4014-thread-1] INFO org.apache.nifi.processors.standard.RouteText - RouteText[id=bf0f7ccb-620f-4544-b652-03cd51d8645e] Created FlowFile[3385,100419187513521.mockFlowFile,24B] from FlowFile[3384,100419187513521.mockFlowFile,24B]; routing to relationship simple
[pool-4014-thread-1] INFO org.apache.nifi.processors.standard.RouteText - RouteText[id=bf0f7ccb-620f-4544-b652-03cd51d8645e] Routing FlowFile[3384,100419187513521.mockFlowFile,24B] to original
[main] DEBUG org.apache.nifi.processors.standard.RouteText - RouteText[id=bf0f7ccb-620f-4544-b652-03cd51d8645e] Adding new dynamic property: PropertyDescriptor[simple]
[pool-4015-thread-1] INFO org.apache.nifi.processors.standard.RouteText - RouteText[id=bf0f7ccb-620f-4544-b652-03cd51d8645e] Created FlowFile[3387,100419187955813.mockFlowFile,24B] from FlowFile[3386,100419187955813.mockFlowFile,24B]; routing to relationship simple
[pool-4015-thread-1] INFO org.apache.nifi.processors.standard.RouteText - RouteText[id=bf0f7ccb-620f-4544-b652-03cd51d8645e] Routing FlowFile[3386,100419187955813.mockFlowFile,24B] to original
[main] DEBUG org.apache.nifi.processors.standard.RouteText - RouteText[id=bf0f7ccb-620f-4544-b652-03cd51d8645e] Adding new dynamic property: PropertyDescriptor[simple]
[pool-4016-thread-1] INFO org.apache.nifi.processors.standard.RouteText - RouteText[id=bf0f7ccb-620f-4544-b652-03cd51d8645e] Created FlowFile[3389,100419188508877.mockFlowFile,24B] from FlowFile[3388,100419188508877.mockFlowFile,24B]; routing to relationship simple
[pool-4016-thread-1] INFO org.apache.nifi.processors.standard.RouteText - RouteText[id=bf0f7ccb-620f-4544-b652-03cd51d8645e] Routing FlowFile[3388,100419188508877.mockFlowFile,24B] to original
[main] DEBUG org.apache.nifi.processors.standard.RouteText - RouteText[id=bf0f7ccb-620f-4544-b652-03cd51d8645e] Adding new dynamic property: PropertyDescriptor[simple]
[pool-4017-thread-1] INFO org.apache.nifi.processors.standard.RouteText - RouteText[id=bf0f7ccb-620f-4544-b652-03cd51d8645e] Created FlowFile[3391,100419189008724.mockFlowFile,24B] from FlowFile[3390,100419189008724.mockFlowFile,24B]; routing to relationship simple
[pool-4017-thread-1] INFO org.apache.nifi.processors.standard.RouteText - RouteText[id=bf0f7ccb-620f-4544-b652-03cd51d8645e] Routing FlowFile[3390,100419189008724.mockFlowFile,24B] to original
[main] DEBUG org.apache.nifi.processors.standard.RouteText - RouteText[id=bf0f7ccb-620f-4544-b652-03cd51d8645e] Adding new dynamic property: PropertyDescriptor[simple]
[pool-4018-thread-1] INFO org.apache.nifi.processors.standard.RouteText - RouteText[id=bf0f7ccb-620f-4544-b652-03cd51d8645e] Created FlowFile[3393,100419189492786.mockFlowFile,24B] from FlowFile[3392,100419189492786.mockFlowFile,24B]; routing to relationship simple
[pool-4018-thread-1] INFO org.apache.nifi.processors.standard.RouteText - RouteText[id=bf0f7ccb-620f-4544-b652-03cd51d8645e] Routing FlowFile[3392,100419189492786.mockFlowFile,24B] to original
[main] DEBUG org.apache.nifi.processors.standard.RouteText - RouteText[id=bf0f7ccb-620f-4544-b652-03cd51d8645e] Adding new dynamic property: PropertyDescriptor[simple]
[pool-4019-thread-1] INFO org.apache.nifi.processors.standard.RouteText - RouteText[id=bf0f7ccb-620f-4544-b652-03cd51d8645e] Created FlowFile[3395,100419189897137.mockFlowFile,24B] from FlowFile[3394,100419189897137.mockFlowFile,24B]; routing to relationship simple
[pool-4019-thread-1] INFO org.apache.nifi.processors.standard.RouteText - RouteText[id=bf0f7ccb-620f-4544-b652-03cd51d8645e] Routing FlowFile[3394,100419189897137.mockFlowFile,24B] to original
[main] DEBUG org.apache.nifi.processors.standard.RouteText - RouteText[id=bf0f7ccb-620f-4544-b652-03cd51d8645e] Adding new dynamic property: PropertyDescriptor[simple]
[pool-4020-thread-1] INFO org.apache.nifi.processors.standard.RouteText - RouteText[id=bf0f7ccb-620f-4544-b652-03cd51d8645e] Created FlowFile[3397,100419190254366.mockFlowFile,24B] from FlowFile[3396,100419190254366.mockFlowFile,24B]; routing to relationship simple
[pool-4020-thread-1] INFO org.apache.nifi.processors.standard.RouteText - RouteText[id=bf0f7ccb-620f-4544-b652-03cd51d8645e] Routing FlowFile[3396,100419190254366.mockFlowFile,24B] to original
[main] DEBUG org.apache.nifi.processors.standard.RouteText - RouteText[id=bf0f7ccb-620f-4544-b652-03cd51d8645e] Adding new dynamic property: PropertyDescriptor[simple]
[pool-4021-thread-1] INFO org.apache.nifi.processors.standard.RouteText - RouteText[id=bf0f7ccb-620f-4544-b652-03cd51d8645e] Created FlowFile[3399,100419190605742.mockFlowFile,24B] from FlowFile[3398,100419190605742.mockFlowFile,24B]; routing to relationship simple
[pool-4021-thread-1] INFO org.apache.nifi.processors.standard.RouteText - RouteText[id=bf0f7ccb-620f-4544-b652-03cd51d8645e] Routing FlowFile[3398,100419190605742.mockFlowFile,24B] to original
[main] DEBUG org.apache.nifi.processors.standard.RouteText - RouteText[id=bf0f7ccb-620f-4544-b652-03cd51d8645e] Adding new dynamic property: PropertyDescriptor[simple]
[pool-4022-thread-1] INFO org.apache.nifi.processors.standard.RouteText - RouteText[id=bf0f7ccb-620f-4544-b652-03cd51d8645e] Created FlowFile[3401,100419190952189.mockFlowFile,24B] from FlowFile[3400,100419190952189.mockFlowFile,24B]; routing to relationship simple
[pool-4022-thread-1] INFO org.apache.nifi.processors.standard.RouteText - RouteText[id=bf0f7ccb-620f-4544-b652-03cd51d8645e] Routing FlowFile[3400,100419190952189.mockFlowFile,24B] to original
[main] DEBUG org.apache.nifi.processors.standard.RouteText - RouteText[id=bf0f7ccb-620f-4544-b652-03cd51d8645e] Adding new dynamic property: PropertyDescriptor[simple]
[pool-4023-thread-1] INFO org.apache.nifi.processors.standard.RouteText - RouteText[id=bf0f7ccb-620f-4544-b652-03cd51d8645e] Created FlowFile[3403,100419191376570.mockFlowFile,24B] from FlowFile[3402,100419191376570.mockFlowFile,24B]; routing to relationship simple
[pool-4023-thread-1] INFO org.apache.nifi.processors.standard.RouteText - RouteText[id=bf0f7ccb-620f-4544-b652-03cd51d8645e] Routing FlowFile[3402,100419191376570.mockFlowFile,24B] to original
[main] DEBUG org.apache.nifi.processors.standard.RouteText - RouteText[id=bf0f7ccb-620f-4544-b652-03cd51d8645e] Adding new dynamic property: PropertyDescriptor[simple]
[pool-4024-thread-1] INFO org.apache.nifi.processors.standard.RouteText - RouteText[id=bf0f7ccb-620f-4544-b652-03cd51d8645e] Created FlowFile[3405,100419191812951.mockFlowFile,24B] from FlowFile[3404,100419191812951.mockFlowFile,24B]; routing to relationship simple
[pool-4024-thread-1] INFO org.apache.nifi.processors.standard.RouteText - RouteText[id=bf0f7ccb-620f-4544-b652-03cd51d8645e] Routing FlowFile[3404,100419191812951.mockFlowFile,24B] to original
[main] DEBUG org.apache.nifi.processors.standard.RouteText - RouteText[id=bf0f7ccb-620f-4544-b652-03cd51d8645e] Adding new dynamic property: PropertyDescriptor[simple]
[pool-4025-thread-1] INFO org.apache.nifi.processors.standard.RouteText - RouteText[id=bf0f7ccb-620f-4544-b652-03cd51d8645e] Created FlowFile[3407,100419192261846.mockFlowFile,24B] from FlowFile[3406,100419192261846.mockFlowFile,24B]; routing to relationship simple
[pool-4025-thread-1] INFO org.apache.nifi.processors.standard.RouteText - RouteText[id=bf0f7ccb-620f-4544-b652-03cd51d8645e] Routing FlowFile[3406,100419192261846.mockFlowFile,24B] to original
[main] DEBUG org.apache.nifi.processors.standard.RouteText - RouteText[id=bf0f7ccb-620f-4544-b652-03cd51d8645e] Adding new dynamic property: PropertyDescriptor[simple]
[pool-4026-thread-1] INFO org.apache.nifi.processors.standard.RouteText - RouteText[id=bf0f7ccb-620f-4544-b652-03cd51d8645e] Created FlowFile[3409,100419192755022.mockFlowFile,24B] from FlowFile[3408,100419192755022.mockFlowFile,24B]; routing to relationship simple
[pool-4026-thread-1] INFO org.apache.nifi.processors.standard.RouteText - RouteText[id=bf0f7ccb-620f-4544-b652-03cd51d8645e] Routing FlowFile[3408,100419192755022.mockFlowFile,24B] to original
[main] DEBUG org.apache.nifi.processors.standard.RouteText - RouteText[id=bf0f7ccb-620f-4544-b652-03cd51d8645e] Adding new dynamic property: PropertyDescriptor[simple]
[pool-4027-thread-1] INFO org.apache.nifi.processors.standard.RouteText - RouteText[id=bf0f7ccb-620f-4544-b652-03cd51d8645e] Created FlowFile[3411,100419193230517.mockFlowFile,24B] from FlowFile[3410,100419193230517.mockFlowFile,24B]; routing to relationship simple
[pool-4027-thread-1] INFO org.apache.nifi.processors.standard.RouteText - RouteText[id=bf0f7ccb-620f-4544-b652-03cd51d8645e] Routing FlowFile[3410,100419193230517.mockFlowFile,24B] to original
[main] DEBUG org.apache.nifi.processors.standard.RouteText - RouteText[id=bf0f7ccb-620f-4544-b652-03cd51d8645e] Adding new dynamic property: PropertyDescriptor[simple]
[pool-4028-thread-1] INFO org.apache.nifi.processors.standard.RouteText - RouteText[id=bf0f7ccb-620f-4544-b652-03cd51d8645e] Created FlowFile[3413,100419193725643.mockFlowFile,24B] from FlowFile[3412,100419193725643.mockFlowFile,24B]; routing to relationship simple
[pool-4028-thread-1] INFO org.apache.nifi.processors.standard.RouteText - RouteText[id=bf0f7ccb-620f-4544-b652-03cd51d8645e] Routing FlowFile[3412,100419193725643.mockFlowFile,24B] to original
[main] DEBUG org.apache.nifi.processors.standard.RouteText - RouteText[id=bf0f7ccb-620f-4544-b652-03cd51d8645e] Adding new dynamic property: PropertyDescriptor[simple]
[pool-4029-thread-1] INFO org.apache.nifi.processors.standard.RouteText - RouteText[id=bf0f7ccb-620f-4544-b652-03cd51d8645e] Created FlowFile[3415,100419194096715.mockFlowFile,24B] from FlowFile[3414,100419194096715.mockFlowFile,24B]; routing to relationship simple
[pool-4029-thread-1] INFO org.apache.nifi.processors.standard.RouteText - RouteText[id=bf0f7ccb-620f-4544-b652-03cd51d8645e] Routing FlowFile[3414,100419194096715.mockFlowFile,24B] to original
[main] DEBUG org.apache.nifi.processors.standard.RouteText - RouteText[id=bf0f7ccb-620f-4544-b652-03cd51d8645e] Adding new dynamic property: PropertyDescriptor[simple]
[pool-4030-thread-1] INFO org.apache.nifi.processors.standard.RouteText - RouteText[id=bf0f7ccb-620f-4544-b652-03cd51d8645e] Created FlowFile[3417,100419194466049.mockFlowFile,24B] from FlowFile[3416,100419194466049.mockFlowFile,24B]; routing to relationship simple
[pool-4030-thread-1] INFO org.apache.nifi.processors.standard.RouteText - RouteText[id=bf0f7ccb-620f-4544-b652-03cd51d8645e] Routing FlowFile[3416,100419194466049.mockFlowFile,24B] to original
[main] DEBUG org.apache.nifi.processors.standard.RouteText - RouteText[id=bf0f7ccb-620f-4544-b652-03cd51d8645e] Adding new dynamic property: PropertyDescriptor[simple]
[pool-4031-thread-1] INFO org.apache.nifi.processors.standard.RouteText - RouteText[id=bf0f7ccb-620f-4544-b652-03cd51d8645e] Created FlowFile[3419,100419194828038.mockFlowFile,24B] from FlowFile[3418,100419194828038.mockFlowFile,24B]; routing to relationship simple
[pool-4031-thread-1] INFO org.apache.nifi.processors.standard.RouteText - RouteText[id=bf0f7ccb-620f-4544-b652-03cd51d8645e] Routing FlowFile[3418,100419194828038.mockFlowFile,24B] to original
[main] DEBUG org.apache.nifi.processors.standard.RouteText - RouteText[id=bf0f7ccb-620f-4544-b652-03cd51d8645e] Adding new dynamic property: PropertyDescriptor[simple]
[pool-4032-thread-1] INFO org.apache.nifi.processors.standard.RouteText - RouteText[id=bf0f7ccb-620f-4544-b652-03cd51d8645e] Created FlowFile[3421,100419195301731.mockFlowFile,24B] from FlowFile[3420,100419195301731.mockFlowFile,24B]; routing to relationship simple
[pool-4032-thread-1] INFO org.apache.nifi.processors.standard.RouteText - RouteText[id=bf0f7ccb-620f-4544-b652-03cd51d8645e] Routing FlowFile[3420,100419195301731.mockFlowFile,24B] to original
[main] DEBUG org.apache.nifi.processors.standard.RouteText - RouteText[id=bf0f7ccb-620f-4544-b652-03cd51d8645e] Adding new dynamic property: PropertyDescriptor[simple]
[pool-4033-thread-1] INFO org.apache.nifi.processors.standard.RouteText - RouteText[id=bf0f7ccb-620f-4544-b652-03cd51d8645e] Created FlowFile[3423,100419195767399.mockFlowFile,24B] from FlowFile[3422,100419195767399.mockFlowFile,24B]; routing to relationship simple
[pool-4033-thread-1] INFO org.apache.nifi.processors.standard.RouteText - RouteText[id=bf0f7ccb-620f-4544-b652-03cd51d8645e] Routing FlowFile[3422,100419195767399.mockFlowFile,24B] to original
[main] DEBUG org.apache.nifi.processors.standard.RouteText - RouteText[id=bf0f7ccb-620f-4544-b652-03cd51d8645e] Adding new dynamic property: PropertyDescriptor[simple]
[pool-4034-thread-1] INFO org.apache.nifi.processors.standard.RouteText - RouteText[id=bf0f7ccb-620f-4544-b652-03cd51d8645e] Created FlowFile[3425,100419196310084.mockFlowFile,24B] from FlowFile[3424,100419196310084.mockFlowFile,24B]; routing to relationship simple
[pool-4034-thread-1] INFO org.apache.nifi.processors.standard.RouteText - RouteText[id=bf0f7ccb-620f-4544-b652-03cd51d8645e] Routing FlowFile[3424,100419196310084.mockFlowFile,24B] to original
[main] DEBUG org.apache.nifi.processors.standard.RouteText - RouteText[id=bf0f7ccb-620f-4544-b652-03cd51d8645e] Adding new dynamic property: PropertyDescriptor[simple]
[pool-4035-thread-1] INFO org.apache.nifi.processors.standard.RouteText - RouteText[id=bf0f7ccb-620f-4544-b652-03cd51d8645e] Created FlowFile[3427,100419196798937.mockFlowFile,24B] from FlowFile[3426,100419196798937.mockFlowFile,24B]; routing to relationship simple
[pool-4035-thread-1] INFO org.apache.nifi.processors.standard.RouteText - RouteText[id=bf0f7ccb-620f-4544-b652-03cd51d8645e] Routing FlowFile[3426,100419196798937.mockFlowFile,24B] to original
[main] DEBUG org.apache.nifi.processors.standard.RouteText - RouteText[id=bf0f7ccb-620f-4544-b652-03cd51d8645e] Adding new dynamic property: PropertyDescriptor[simple]
[pool-4036-thread-1] INFO org.apache.nifi.processors.standard.RouteText - RouteText[id=bf0f7ccb-620f-4544-b652-03cd51d8645e] Created FlowFile[3429,100419197501472.mockFlowFile,24B] from FlowFile[3428,100419197501472.mockFlowFile,24B]; routing to relationship simple
[pool-4036-thread-1] INFO org.apache.nifi.processors.standard.RouteText - RouteText[id=bf0f7ccb-620f-4544-b652-03cd51d8645e] Routing FlowFile[3428,100419197501472.mockFlowFile,24B] to original
[main] DEBUG org.apache.nifi.processors.standard.RouteText - RouteText[id=bf0f7ccb-620f-4544-b652-03cd51d8645e] Adding new dynamic property: PropertyDescriptor[simple]
[pool-4037-thread-1] INFO org.apache.nifi.processors.standard.RouteText - RouteText[id=bf0f7ccb-620f-4544-b652-03cd51d8645e] Created FlowFile[3431,100419198058733.mockFlowFile,24B] from FlowFile[3430,100419198058733.mockFlowFile,24B]; routing to relationship simple
[pool-4037-thread-1] INFO org.apache.nifi.processors.standard.RouteText - RouteText[id=bf0f7ccb-620f-4544-b652-03cd51d8645e] Routing FlowFile[3430,100419198058733.mockFlowFile,24B] to original
[main] DEBUG org.apache.nifi.processors.standard.RouteText - RouteText[id=bf0f7ccb-620f-4544-b652-03cd51d8645e] Adding new dynamic property: PropertyDescriptor[simple]
[pool-4038-thread-1] INFO org.apache.nifi.processors.standard.RouteText - RouteText[id=bf0f7ccb-620f-4544-b652-03cd51d8645e] Created FlowFile[3433,100419198560821.mockFlowFile,24B] from FlowFile[3432,100419198560821.mockFlowFile,24B]; routing to relationship simple
[pool-4038-thread-1] INFO org.apache.nifi.processors.standard.RouteText - RouteText[id=bf0f7ccb-620f-4544-b652-03cd51d8645e] Routing FlowFile[3432,100419198560821.mockFlowFile,24B] to original
[main] DEBUG org.apache.nifi.processors.standard.RouteText - RouteText[id=bf0f7ccb-620f-4544-b652-03cd51d8645e] Adding new dynamic property: PropertyDescriptor[simple]
[pool-4039-thread-1] INFO org.apache.nifi.processors.standard.RouteText - RouteText[id=bf0f7ccb-620f-4544-b652-03cd51d8645e] Created FlowFile[3435,100419199146926.mockFlowFile,24B] from FlowFile[3434,100419199146926.mockFlowFile,24B]; routing to relationship simple
[pool-4039-thread-1] INFO org.apache.nifi.processors.standard.RouteText - RouteText[id=bf0f7ccb-620f-4544-b652-03cd51d8645e] Routing FlowFile[3434,100419199146926.mockFlowFile,24B] to original
[main] DEBUG org.apache.nifi.processors.standard.RouteText - RouteText[id=bf0f7ccb-620f-4544-b652-03cd51d8645e] Adding new dynamic property: PropertyDescriptor[simple]
[pool-4040-thread-1] INFO org.apache.nifi.processors.standard.RouteText - RouteText[id=bf0f7ccb-620f-4544-b652-03cd51d8645e] Created FlowFile[3437,100419199667322.mockFlowFile,24B] from FlowFile[3436,100419199667322.mockFlowFile,24B]; routing to relationship simple
[pool-4040-thread-1] INFO org.apache.nifi.processors.standard.RouteText - RouteText[id=bf0f7ccb-620f-4544-b652-03cd51d8645e] Routing FlowFile[3436,100419199667322.mockFlowFile,24B] to original
[main] DEBUG org.apache.nifi.processors.standard.RouteText - RouteText[id=bf0f7ccb-620f-4544-b652-03cd51d8645e] Adding new dynamic property: PropertyDescriptor[simple]
[pool-4041-thread-1] INFO org.apache.nifi.processors.standard.RouteText - RouteText[id=bf0f7ccb-620f-4544-b652-03cd51d8645e] Created FlowFile[3439,100419200087772.mockFlowFile,24B] from FlowFile[3438,100419200087772.mockFlowFile,24B]; routing to relationship simple
[pool-4041-thread-1] INFO org.apache.nifi.processors.standard.RouteText - RouteText[id=bf0f7ccb-620f-4544-b652-03cd51d8645e] Routing FlowFile[3438,100419200087772.mockFlowFile,24B] to original
[main] DEBUG org.apache.nifi.processors.standard.RouteText - RouteText[id=bf0f7ccb-620f-4544-b652-03cd51d8645e] Adding new dynamic property: PropertyDescriptor[simple]
[pool-4042-thread-1] INFO org.apache.nifi.processors.standard.RouteText - RouteText[id=bf0f7ccb-620f-4544-b652-03cd51d8645e] Created FlowFile[3441,100419200540463.mockFlowFile,24B] from FlowFile[3440,100419200540463.mockFlowFile,24B]; routing to relationship simple
[pool-4042-thread-1] INFO org.apache.nifi.processors.standard.RouteText - RouteText[id=bf0f7ccb-620f-4544-b652-03cd51d8645e] Routing FlowFile[3440,100419200540463.mockFlowFile,24B] to original
[main] DEBUG org.apache.nifi.processors.standard.RouteText - RouteText[id=bf0f7ccb-620f-4544-b652-03cd51d8645e] Adding new dynamic property: PropertyDescriptor[simple]
[pool-4043-thread-1] INFO org.apache.nifi.processors.standard.RouteText - RouteText[id=bf0f7ccb-620f-4544-b652-03cd51d8645e] Created FlowFile[3443,100419200876253.mockFlowFile,24B] from FlowFile[3442,100419200876253.mockFlowFile,24B]; routing to relationship simple
[pool-4043-thread-1] INFO org.apache.nifi.processors.standard.RouteText - RouteText[id=bf0f7ccb-620f-4544-b652-03cd51d8645e] Routing FlowFile[3442,100419200876253.mockFlowFile,24B] to original
[main] DEBUG org.apache.nifi.processors.standard.RouteText - RouteText[id=bf0f7ccb-620f-4544-b652-03cd51d8645e] Adding new dynamic property: PropertyDescriptor[simple]
[pool-4044-thread-1] INFO org.apache.nifi.processors.standard.RouteText - RouteText[id=bf0f7ccb-620f-4544-b652-03cd51d8645e] Created FlowFile[3445,100419201204088.mockFlowFile,24B] from FlowFile[3444,100419201204088.mockFlowFile,24B]; routing to relationship simple
[pool-4044-thread-1] INFO org.apache.nifi.processors.standard.RouteText - RouteText[id=bf0f7ccb-620f-4544-b652-03cd51d8645e] Routing FlowFile[3444,100419201204088.mockFlowFile,24B] to original
[main] DEBUG org.apache.nifi.processors.standard.RouteText - RouteText[id=bf0f7ccb-620f-4544-b652-03cd51d8645e] Adding new dynamic property: PropertyDescriptor[simple]
[pool-4045-thread-1] INFO org.apache.nifi.processors.standard.RouteText - RouteText[id=bf0f7ccb-620f-4544-b652-03cd51d8645e] Created FlowFile[3447,100419201526885.mockFlowFile,24B] from FlowFile[3446,100419201526885.mockFlowFile,24B]; routing to relationship simple
[pool-4045-thread-1] INFO org.apache.nifi.processors.standard.RouteText - RouteText[id=bf0f7ccb-620f-4544-b652-03cd51d8645e] Routing FlowFile[3446,100419201526885.mockFlowFile,24B] to original
[main] DEBUG org.apache.nifi.processors.standard.RouteText - RouteText[id=bf0f7ccb-620f-4544-b652-03cd51d8645e] Adding new dynamic property: PropertyDescriptor[simple]
[pool-4046-thread-1] INFO org.apache.nifi.processors.standard.RouteText - RouteText[id=bf0f7ccb-620f-4544-b652-03cd51d8645e] Created FlowFile[3449,100419201845763.mockFlowFile,24B] from FlowFile[3448,100419201845763.mockFlowFile,24B]; routing to relationship simple
[pool-4046-thread-1] INFO org.apache.nifi.processors.standard.RouteText - RouteText[id=bf0f7ccb-620f-4544-b652-03cd51d8645e] Routing FlowFile[3448,100419201845763.mockFlowFile,24B] to original
[main] DEBUG org.apache.nifi.processors.standard.RouteText - RouteText[id=bf0f7ccb-620f-4544-b652-03cd51d8645e] Adding new dynamic property: PropertyDescriptor[simple]
[pool-4047-thread-1] INFO org.apache.nifi.processors.standard.RouteText - RouteText[id=bf0f7ccb-620f-4544-b652-03cd51d8645e] Created FlowFile[3451,100419202265899.mockFlowFile,24B] from FlowFile[3450,100419202265899.mockFlowFile,24B]; routing to relationship simple
[pool-4047-thread-1] INFO org.apache.nifi.processors.standard.RouteText - RouteText[id=bf0f7ccb-620f-4544-b652-03cd51d8645e] Routing FlowFile[3450,100419202265899.mockFlowFile,24B] to original
[main] DEBUG org.apache.nifi.processors.standard.RouteText - RouteText[id=bf0f7ccb-620f-4544-b652-03cd51d8645e] Adding new dynamic property: PropertyDescriptor[simple]
[pool-4048-thread-1] INFO org.apache.nifi.processors.standard.RouteText - RouteText[id=bf0f7ccb-620f-4544-b652-03cd51d8645e] Created FlowFile[3453,100419202635751.mockFlowFile,24B] from FlowFile[3452,100419202635751.mockFlowFile,24B]; routing to relationship simple
[pool-4048-thread-1] INFO org.apache.nifi.processors.standard.RouteText - RouteText[id=bf0f7ccb-620f-4544-b652-03cd51d8645e] Routing FlowFile[3452,100419202635751.mockFlowFile,24B] to original
[main] DEBUG org.apache.nifi.processors.standard.RouteText - RouteText[id=bf0f7ccb-620f-4544-b652-03cd51d8645e] Adding new dynamic property: PropertyDescriptor[simple]
[pool-4049-thread-1] INFO org.apache.nifi.processors.standard.RouteText - RouteText[id=bf0f7ccb-620f-4544-b652-03cd51d8645e] Created FlowFile[3455,100419203005309.mockFlowFile,24B] from FlowFile[3454,100419203005309.mockFlowFile,24B]; routing to relationship simple
[pool-4049-thread-1] INFO org.apache.nifi.processors.standard.RouteText - RouteText[id=bf0f7ccb-620f-4544-b652-03cd51d8645e] Routing FlowFile[3454,100419203005309.mockFlowFile,24B] to original
[main] DEBUG org.apache.nifi.processors.standard.RouteText - RouteText[id=bf0f7ccb-620f-4544-b652-03cd51d8645e] Adding new dynamic property: PropertyDescriptor[simple]
[pool-4050-thread-1] INFO org.apache.nifi.processors.standard.RouteText - RouteText[id=bf0f7ccb-620f-4544-b652-03cd51d8645e] Created FlowFile[3457,100419203452178.mockFlowFile,24B] from FlowFile[3456,100419203452178.mockFlowFile,24B]; routing to relationship simple
[pool-4050-thread-1] INFO org.apache.nifi.processors.standard.RouteText - RouteText[id=bf0f7ccb-620f-4544-b652-03cd51d8645e] Routing FlowFile[3456,100419203452178.mockFlowFile,24B] to original
[main] DEBUG org.apache.nifi.processors.standard.RouteText - RouteText[id=bf0f7ccb-620f-4544-b652-03cd51d8645e] Adding new dynamic property: PropertyDescriptor[simple]
[pool-4051-thread-1] INFO org.apache.nifi.processors.standard.RouteText - RouteText[id=bf0f7ccb-620f-4544-b652-03cd51d8645e] Created FlowFile[3459,100419203862993.mockFlowFile,24B] from FlowFile[3458,100419203862993.mockFlowFile,24B]; routing to relationship simple
[pool-4051-thread-1] INFO org.apache.nifi.processors.standard.RouteText - RouteText[id=bf0f7ccb-620f-4544-b652-03cd51d8645e] Routing FlowFile[3458,100419203862993.mockFlowFile,24B] to original
[main] DEBUG org.apache.nifi.processors.standard.RouteText - RouteText[id=bf0f7ccb-620f-4544-b652-03cd51d8645e] Adding new dynamic property: PropertyDescriptor[simple]
[pool-4052-thread-1] INFO org.apache.nifi.processors.standard.RouteText - RouteText[id=bf0f7ccb-620f-4544-b652-03cd51d8645e] Created FlowFile[3461,100419204351904.mockFlowFile,24B] from FlowFile[3460,100419204351904.mockFlowFile,24B]; routing to relationship simple
[pool-4052-thread-1] INFO org.apache.nifi.processors.standard.RouteText - RouteText[id=bf0f7ccb-620f-4544-b652-03cd51d8645e] Routing FlowFile[3460,100419204351904.mockFlowFile,24B] to original
[main] DEBUG org.apache.nifi.processors.standard.RouteText - RouteText[id=bf0f7ccb-620f-4544-b652-03cd51d8645e] Adding new dynamic property: PropertyDescriptor[simple]
[pool-4053-thread-1] INFO org.apache.nifi.processors.standard.RouteText - RouteText[id=bf0f7ccb-620f-4544-b652-03cd51d8645e] Created FlowFile[3463,100419204826366.mockFlowFile,24B] from FlowFile[3462,100419204826366.mockFlowFile,24B]; routing to relationship simple
[pool-4053-thread-1] INFO org.apache.nifi.processors.standard.RouteText - RouteText[id=bf0f7ccb-620f-4544-b652-03cd51d8645e] Routing FlowFile[3462,100419204826366.mockFlowFile,24B] to original
[main] DEBUG org.apache.nifi.processors.standard.RouteText - RouteText[id=bf0f7ccb-620f-4544-b652-03cd51d8645e] Adding new dynamic property: PropertyDescriptor[simple]
[pool-4054-thread-1] INFO org.apache.nifi.processors.standard.RouteText - RouteText[id=bf0f7ccb-620f-4544-b652-03cd51d8645e] Created FlowFile[3465,100419205308482.mockFlowFile,24B] from FlowFile[3464,100419205308482.mockFlowFile,24B]; routing to relationship simple
[pool-4054-thread-1] INFO org.apache.nifi.processors.standard.RouteText - RouteText[id=bf0f7ccb-620f-4544-b652-03cd51d8645e] Routing FlowFile[3464,100419205308482.mockFlowFile,24B] to original
[main] DEBUG org.apache.nifi.processors.standard.RouteText - RouteText[id=bf0f7ccb-620f-4544-b652-03cd51d8645e] Adding new dynamic property: PropertyDescriptor[simple]
[pool-4055-thread-1] INFO org.apache.nifi.processors.standard.RouteText - RouteText[id=bf0f7ccb-620f-4544-b652-03cd51d8645e] Created FlowFile[3467,100419205741004.mockFlowFile,24B] from FlowFile[3466,100419205741004.mockFlowFile,24B]; routing to relationship simple
[pool-4055-thread-1] INFO org.apache.nifi.processors.standard.RouteText - RouteText[id=bf0f7ccb-620f-4544-b652-03cd51d8645e] Routing FlowFile[3466,100419205741004.mockFlowFile,24B] to original
[main] DEBUG org.apache.nifi.processors.standard.RouteText - RouteText[id=bf0f7ccb-620f-4544-b652-03cd51d8645e] Adding new dynamic property: PropertyDescriptor[simple]
[pool-4056-thread-1] INFO org.apache.nifi.processors.standard.RouteText - RouteText[id=bf0f7ccb-620f-4544-b652-03cd51d8645e] Created FlowFile[3469,100419206165306.mockFlowFile,24B] from FlowFile[3468,100419206165306.mockFlowFile,24B]; routing to relationship simple
[pool-4056-thread-1] INFO org.apache.nifi.processors.standard.RouteText - RouteText[id=bf0f7ccb-620f-4544-b652-03cd51d8645e] Routing FlowFile[3468,100419206165306.mockFlowFile,24B] to original
[main] DEBUG org.apache.nifi.processors.standard.RouteText - RouteText[id=bf0f7ccb-620f-4544-b652-03cd51d8645e] Adding new dynamic property: PropertyDescriptor[simple]
[pool-4057-thread-1] INFO org.apache.nifi.processors.standard.RouteText - RouteText[id=bf0f7ccb-620f-4544-b652-03cd51d8645e] Created FlowFile[3471,100419206626383.mockFlowFile,24B] from FlowFile[3470,100419206626383.mockFlowFile,24B]; routing to relationship simple
[pool-4057-thread-1] INFO org.apache.nifi.processors.standard.RouteText - RouteText[id=bf0f7ccb-620f-4544-b652-03cd51d8645e] Routing FlowFile[3470,100419206626383.mockFlowFile,24B] to original
[main] DEBUG org.apache.nifi.processors.standard.RouteText - RouteText[id=bf0f7ccb-620f-4544-b652-03cd51d8645e] Adding new dynamic property: PropertyDescriptor[simple]
[pool-4058-thread-1] INFO org.apache.nifi.processors.standard.RouteText - RouteText[id=bf0f7ccb-620f-4544-b652-03cd51d8645e] Created FlowFile[3473,100419207012815.mockFlowFile,24B] from FlowFile[3472,100419207012815.mockFlowFile,24B]; routing to relationship simple
[pool-4058-thread-1] INFO org.apache.nifi.processors.standard.RouteText - RouteText[id=bf0f7ccb-620f-4544-b652-03cd51d8645e] Routing FlowFile[3472,100419207012815.mockFlowFile,24B] to original
[main] DEBUG org.apache.nifi.processors.standard.RouteText - RouteText[id=bf0f7ccb-620f-4544-b652-03cd51d8645e] Adding new dynamic property: PropertyDescriptor[simple]
[pool-4059-thread-1] INFO org.apache.nifi.processors.standard.RouteText - RouteText[id=bf0f7ccb-620f-4544-b652-03cd51d8645e] Created FlowFile[3475,100419207474563.mockFlowFile,24B] from FlowFile[3474,100419207474563.mockFlowFile,24B]; routing to relationship simple
[pool-4059-thread-1] INFO org.apache.nifi.processors.standard.RouteText - RouteText[id=bf0f7ccb-620f-4544-b652-03cd51d8645e] Routing FlowFile[3474,100419207474563.mockFlowFile,24B] to original
[main] DEBUG org.apache.nifi.processors.standard.RouteText - RouteText[id=bf0f7ccb-620f-4544-b652-03cd51d8645e] Adding new dynamic property: PropertyDescriptor[simple]
[pool-4060-thread-1] INFO org.apache.nifi.processors.standard.RouteText - RouteText[id=bf0f7ccb-620f-4544-b652-03cd51d8645e] Created FlowFile[3477,100419207817847.mockFlowFile,24B] from FlowFile[3476,100419207817847.mockFlowFile,24B]; routing to relationship simple
[pool-4060-thread-1] INFO org.apache.nifi.processors.standard.RouteText - RouteText[id=bf0f7ccb-620f-4544-b652-03cd51d8645e] Routing FlowFile[3476,100419207817847.mockFlowFile,24B] to original
[main] DEBUG org.apache.nifi.processors.standard.RouteText - RouteText[id=bf0f7ccb-620f-4544-b652-03cd51d8645e] Adding new dynamic property: PropertyDescriptor[simple]
[pool-4061-thread-1] INFO org.apache.nifi.processors.standard.RouteText - RouteText[id=bf0f7ccb-620f-4544-b652-03cd51d8645e] Created FlowFile[3479,100419208162914.mockFlowFile,24B] from FlowFile[3478,100419208162914.mockFlowFile,24B]; routing to relationship simple
[pool-4061-thread-1] INFO org.apache.nifi.processors.standard.RouteText - RouteText[id=bf0f7ccb-620f-4544-b652-03cd51d8645e] Routing FlowFile[3478,100419208162914.mockFlowFile,24B] to original
[main] DEBUG org.apache.nifi.processors.standard.RouteText - RouteText[id=bf0f7ccb-620f-4544-b652-03cd51d8645e] Adding new dynamic property: PropertyDescriptor[simple]
[pool-4062-thread-1] INFO org.apache.nifi.processors.standard.RouteText - RouteText[id=bf0f7ccb-620f-4544-b652-03cd51d8645e] Created FlowFile[3481,100419208592137.mockFlowFile,24B] from FlowFile[3480,100419208592137.mockFlowFile,24B]; routing to relationship simple
[pool-4062-thread-1] INFO org.apache.nifi.processors.standard.RouteText - RouteText[id=bf0f7ccb-620f-4544-b652-03cd51d8645e] Routing FlowFile[3480,100419208592137.mockFlowFile,24B] to original
[main] DEBUG org.apache.nifi.processors.standard.RouteText - RouteText[id=bf0f7ccb-620f-4544-b652-03cd51d8645e] Adding new dynamic property: PropertyDescriptor[simple]
[pool-4063-thread-1] INFO org.apache.nifi.processors.standard.RouteText - RouteText[id=bf0f7ccb-620f-4544-b652-03cd51d8645e] Created FlowFile[3483,100419209050070.mockFlowFile,24B] from FlowFile[3482,100419209050070.mockFlowFile,24B]; routing to relationship simple
[pool-4063-thread-1] INFO org.apache.nifi.processors.standard.RouteText - RouteText[id=bf0f7ccb-620f-4544-b652-03cd51d8645e] Routing FlowFile[3482,100419209050070.mockFlowFile,24B] to original
[main] DEBUG org.apache.nifi.processors.standard.RouteText - RouteText[id=bf0f7ccb-620f-4544-b652-03cd51d8645e] Adding new dynamic property: PropertyDescriptor[simple]
[pool-4064-thread-1] INFO org.apache.nifi.processors.standard.RouteText - RouteText[id=bf0f7ccb-620f-4544-b652-03cd51d8645e] Created FlowFile[3485,100419209490741.mockFlowFile,24B] from FlowFile[3484,100419209490741.mockFlowFile,24B]; routing to relationship simple
[pool-4064-thread-1] INFO org.apache.nifi.processors.standard.RouteText - RouteText[id=bf0f7ccb-620f-4544-b652-03cd51d8645e] Routing FlowFile[3484,100419209490741.mockFlowFile,24B] to original
[main] DEBUG org.apache.nifi.processors.standard.RouteText - RouteText[id=bf0f7ccb-620f-4544-b652-03cd51d8645e] Adding new dynamic property: PropertyDescriptor[simple]
[pool-4065-thread-1] INFO org.apache.nifi.processors.standard.RouteText - RouteText[id=bf0f7ccb-620f-4544-b652-03cd51d8645e] Created FlowFile[3487,100419209931101.mockFlowFile,24B] from FlowFile[3486,100419209931101.mockFlowFile,24B]; routing to relationship simple
[pool-4065-thread-1] INFO org.apache.nifi.processors.standard.RouteText - RouteText[id=bf0f7ccb-620f-4544-b652-03cd51d8645e] Routing FlowFile[3486,100419209931101.mockFlowFile,24B] to original
[main] DEBUG org.apache.nifi.processors.standard.RouteText - RouteText[id=bf0f7ccb-620f-4544-b652-03cd51d8645e] Adding new dynamic property: PropertyDescriptor[simple]
[pool-4066-thread-1] INFO org.apache.nifi.processors.standard.RouteText - RouteText[id=bf0f7ccb-620f-4544-b652-03cd51d8645e] Created FlowFile[3489,100419210262425.mockFlowFile,24B] from FlowFile[3488,100419210262425.mockFlowFile,24B]; routing to relationship simple
[pool-4066-thread-1] INFO org.apache.nifi.processors.standard.RouteText - RouteText[id=bf0f7ccb-620f-4544-b652-03cd51d8645e] Routing FlowFile[3488,100419210262425.mockFlowFile,24B] to original
[main] DEBUG org.apache.nifi.processors.standard.RouteText - RouteText[id=bf0f7ccb-620f-4544-b652-03cd51d8645e] Adding new dynamic property: PropertyDescriptor[simple]
[pool-4067-thread-1] INFO org.apache.nifi.processors.standard.RouteText - RouteText[id=bf0f7ccb-620f-4544-b652-03cd51d8645e] Created FlowFile[3491,100419210584545.mockFlowFile,24B] from FlowFile[3490,100419210584545.mockFlowFile,24B]; routing to relationship simple
[pool-4067-thread-1] INFO org.apache.nifi.processors.standard.RouteText - RouteText[id=bf0f7ccb-620f-4544-b652-03cd51d8645e] Routing FlowFile[3490,100419210584545.mockFlowFile,24B] to original
[main] DEBUG org.apache.nifi.processors.standard.RouteText - RouteText[id=bf0f7ccb-620f-4544-b652-03cd51d8645e] Adding new dynamic property: PropertyDescriptor[simple]
[pool-4068-thread-1] INFO org.apache.nifi.processors.standard.RouteText - RouteText[id=bf0f7ccb-620f-4544-b652-03cd51d8645e] Created FlowFile[3493,100419210909181.mockFlowFile,24B] from FlowFile[3492,100419210909181.mockFlowFile,24B]; routing to relationship simple
[pool-4068-thread-1] INFO org.apache.nifi.processors.standard.RouteText - RouteText[id=bf0f7ccb-620f-4544-b652-03cd51d8645e] Routing FlowFile[3492,100419210909181.mockFlowFile,24B] to original
[main] DEBUG org.apache.nifi.processors.standard.RouteText - RouteText[id=bf0f7ccb-620f-4544-b652-03cd51d8645e] Adding new dynamic property: PropertyDescriptor[simple]
[pool-4069-thread-1] INFO org.apache.nifi.processors.standard.RouteText - RouteText[id=bf0f7ccb-620f-4544-b652-03cd51d8645e] Created FlowFile[3495,100419211349304.mockFlowFile,24B] from FlowFile[3494,100419211349304.mockFlowFile,24B]; routing to relationship simple
[pool-4069-thread-1] INFO org.apache.nifi.processors.standard.RouteText - RouteText[id=bf0f7ccb-620f-4544-b652-03cd51d8645e] Routing FlowFile[3494,100419211349304.mockFlowFile,24B] to original
[main] DEBUG org.apache.nifi.processors.standard.RouteText - RouteText[id=bf0f7ccb-620f-4544-b652-03cd51d8645e] Adding new dynamic property: PropertyDescriptor[simple]
[pool-4070-thread-1] INFO org.apache.nifi.processors.standard.RouteText - RouteText[id=bf0f7ccb-620f-4544-b652-03cd51d8645e] Created FlowFile[3497,100419211771261.mockFlowFile,24B] from FlowFile[3496,100419211771261.mockFlowFile,24B]; routing to relationship simple
[pool-4070-thread-1] INFO org.apache.nifi.processors.standard.RouteText - RouteText[id=bf0f7ccb-620f-4544-b652-03cd51d8645e] Routing FlowFile[3496,100419211771261.mockFlowFile,24B] to original
[main] DEBUG org.apache.nifi.processors.standard.RouteText - RouteText[id=bf0f7ccb-620f-4544-b652-03cd51d8645e] Adding new dynamic property: PropertyDescriptor[simple]
[pool-4071-thread-1] INFO org.apache.nifi.processors.standard.RouteText - RouteText[id=bf0f7ccb-620f-4544-b652-03cd51d8645e] Created FlowFile[3499,100419212114740.mockFlowFile,24B] from FlowFile[3498,100419212114740.mockFlowFile,24B]; routing to relationship simple
[pool-4071-thread-1] INFO org.apache.nifi.processors.standard.RouteText - RouteText[id=bf0f7ccb-620f-4544-b652-03cd51d8645e] Routing FlowFile[3498,100419212114740.mockFlowFile,24B] to original
[main] DEBUG org.apache.nifi.processors.standard.RouteText - RouteText[id=bf0f7ccb-620f-4544-b652-03cd51d8645e] Adding new dynamic property: PropertyDescriptor[simple]
[pool-4072-thread-1] INFO org.apache.nifi.processors.standard.RouteText - RouteText[id=bf0f7ccb-620f-4544-b652-03cd51d8645e] Created FlowFile[3501,100419212440349.mockFlowFile,24B] from FlowFile[3500,100419212440349.mockFlowFile,24B]; routing to relationship simple
[pool-4072-thread-1] INFO org.apache.nifi.processors.standard.RouteText - RouteText[id=bf0f7ccb-620f-4544-b652-03cd51d8645e] Routing FlowFile[3500,100419212440349.mockFlowFile,24B] to original
[main] DEBUG org.apache.nifi.processors.standard.RouteText - RouteText[id=bf0f7ccb-620f-4544-b652-03cd51d8645e] Adding new dynamic property: PropertyDescriptor[simple]
[pool-4073-thread-1] INFO org.apache.nifi.processors.standard.RouteText - RouteText[id=bf0f7ccb-620f-4544-b652-03cd51d8645e] Created FlowFile[3503,100419212882818.mockFlowFile,24B] from FlowFile[3502,100419212882818.mockFlowFile,24B]; routing to relationship simple
[pool-4073-thread-1] INFO org.apache.nifi.processors.standard.RouteText - RouteText[id=bf0f7ccb-620f-4544-b652-03cd51d8645e] Routing FlowFile[3502,100419212882818.mockFlowFile,24B] to original
[main] DEBUG org.apache.nifi.processors.standard.RouteText - RouteText[id=bf0f7ccb-620f-4544-b652-03cd51d8645e] Adding new dynamic property: PropertyDescriptor[simple]
[pool-4074-thread-1] INFO org.apache.nifi.processors.standard.RouteText - RouteText[id=bf0f7ccb-620f-4544-b652-03cd51d8645e] Created FlowFile[3505,100419213218437.mockFlowFile,24B] from FlowFile[3504,100419213218437.mockFlowFile,24B]; routing to relationship simple
[pool-4074-thread-1] INFO org.apache.nifi.processors.standard.RouteText - RouteText[id=bf0f7ccb-620f-4544-b652-03cd51d8645e] Routing FlowFile[3504,100419213218437.mockFlowFile,24B] to original
[main] DEBUG org.apache.nifi.processors.standard.RouteText - RouteText[id=bf0f7ccb-620f-4544-b652-03cd51d8645e] Adding new dynamic property: PropertyDescriptor[simple]
[pool-4075-thread-1] INFO org.apache.nifi.processors.standard.RouteText - RouteText[id=bf0f7ccb-620f-4544-b652-03cd51d8645e] Created FlowFile[3507,100419213638928.mockFlowFile,24B] from FlowFile[3506,100419213638928.mockFlowFile,24B]; routing to relationship simple
[pool-4075-thread-1] INFO org.apache.nifi.processors.standard.RouteText - RouteText[id=bf0f7ccb-620f-4544-b652-03cd51d8645e] Routing FlowFile[3506,100419213638928.mockFlowFile,24B] to original
[main] DEBUG org.apache.nifi.processors.standard.RouteText - RouteText[id=bf0f7ccb-620f-4544-b652-03cd51d8645e] Adding new dynamic property: PropertyDescriptor[simple]
[pool-4076-thread-1] INFO org.apache.nifi.processors.standard.RouteText - RouteText[id=bf0f7ccb-620f-4544-b652-03cd51d8645e] Created FlowFile[3509,100419214012845.mockFlowFile,24B] from FlowFile[3508,100419214012845.mockFlowFile,24B]; routing to relationship simple
[pool-4076-thread-1] INFO org.apache.nifi.processors.standard.RouteText - RouteText[id=bf0f7ccb-620f-4544-b652-03cd51d8645e] Routing FlowFile[3508,100419214012845.mockFlowFile,24B] to original
[main] DEBUG org.apache.nifi.processors.standard.RouteText - RouteText[id=bf0f7ccb-620f-4544-b652-03cd51d8645e] Adding new dynamic property: PropertyDescriptor[simple]
[pool-4077-thread-1] INFO org.apache.nifi.processors.standard.RouteText - RouteText[id=bf0f7ccb-620f-4544-b652-03cd51d8645e] Created FlowFile[3511,100419214323345.mockFlowFile,24B] from FlowFile[3510,100419214323345.mockFlowFile,24B]; routing to relationship simple
[pool-4077-thread-1] INFO org.apache.nifi.processors.standard.RouteText - RouteText[id=bf0f7ccb-620f-4544-b652-03cd51d8645e] Routing FlowFile[3510,100419214323345.mockFlowFile,24B] to original
[main] DEBUG org.apache.nifi.processors.standard.RouteText - RouteText[id=bf0f7ccb-620f-4544-b652-03cd51d8645e] Adding new dynamic property: PropertyDescriptor[simple]
[pool-4078-thread-1] INFO org.apache.nifi.processors.standard.RouteText - RouteText[id=bf0f7ccb-620f-4544-b652-03cd51d8645e] Created FlowFile[3513,100419214633308.mockFlowFile,24B] from FlowFile[3512,100419214633308.mockFlowFile,24B]; routing to relationship simple
[pool-4078-thread-1] INFO org.apache.nifi.processors.standard.RouteText - RouteText[id=bf0f7ccb-620f-4544-b652-03cd51d8645e] Routing FlowFile[3512,100419214633308.mockFlowFile,24B] to original
[main] DEBUG org.apache.nifi.processors.standard.RouteText - RouteText[id=bf0f7ccb-620f-4544-b652-03cd51d8645e] Adding new dynamic property: PropertyDescriptor[simple]
[pool-4079-thread-1] INFO org.apache.nifi.processors.standard.RouteText - RouteText[id=bf0f7ccb-620f-4544-b652-03cd51d8645e] Created FlowFile[3515,100419214949767.mockFlowFile,24B] from FlowFile[3514,100419214949767.mockFlowFile,24B]; routing to relationship simple
[pool-4079-thread-1] INFO org.apache.nifi.processors.standard.RouteText - RouteText[id=bf0f7ccb-620f-4544-b652-03cd51d8645e] Routing FlowFile[3514,100419214949767.mockFlowFile,24B] to original
[main] DEBUG org.apache.nifi.processors.standard.RouteText - RouteText[id=bf0f7ccb-620f-4544-b652-03cd51d8645e] Adding new dynamic property: PropertyDescriptor[simple]
[pool-4080-thread-1] INFO org.apache.nifi.processors.standard.RouteText - RouteText[id=bf0f7ccb-620f-4544-b652-03cd51d8645e] Created FlowFile[3517,100419215325105.mockFlowFile,24B] from FlowFile[3516,100419215325105.mockFlowFile,24B]; routing to relationship simple
[pool-4080-thread-1] INFO org.apache.nifi.processors.standard.RouteText - RouteText[id=bf0f7ccb-620f-4544-b652-03cd51d8645e] Routing FlowFile[3516,100419215325105.mockFlowFile,24B] to original
[main] DEBUG org.apache.nifi.processors.standard.RouteText - RouteText[id=bf0f7ccb-620f-4544-b652-03cd51d8645e] Adding new dynamic property: PropertyDescriptor[simple]
[pool-4081-thread-1] INFO org.apache.nifi.processors.standard.RouteText - RouteText[id=bf0f7ccb-620f-4544-b652-03cd51d8645e] Created FlowFile[3519,100419215682662.mockFlowFile,24B] from FlowFile[3518,100419215682662.mockFlowFile,24B]; routing to relationship simple
[pool-4081-thread-1] INFO org.apache.nifi.processors.standard.RouteText - RouteText[id=bf0f7ccb-620f-4544-b652-03cd51d8645e] Routing FlowFile[3518,100419215682662.mockFlowFile,24B] to original
[main] DEBUG org.apache.nifi.processors.standard.RouteText - RouteText[id=bf0f7ccb-620f-4544-b652-03cd51d8645e] Adding new dynamic property: PropertyDescriptor[simple]
[pool-4082-thread-1] INFO org.apache.nifi.processors.standard.RouteText - RouteText[id=bf0f7ccb-620f-4544-b652-03cd51d8645e] Created FlowFile[3521,100419216018051.mockFlowFile,24B] from FlowFile[3520,100419216018051.mockFlowFile,24B]; routing to relationship simple
[pool-4082-thread-1] INFO org.apache.nifi.processors.standard.RouteText - RouteText[id=bf0f7ccb-620f-4544-b652-03cd51d8645e] Routing FlowFile[3520,100419216018051.mockFlowFile,24B] to original
[main] DEBUG org.apache.nifi.processors.standard.RouteText - RouteText[id=bf0f7ccb-620f-4544-b652-03cd51d8645e] Adding new dynamic property: PropertyDescriptor[simple]
[pool-4083-thread-1] INFO org.apache.nifi.processors.standard.RouteText - RouteText[id=bf0f7ccb-620f-4544-b652-03cd51d8645e] Created FlowFile[3523,100419216500342.mockFlowFile,24B] from FlowFile[3522,100419216500342.mockFlowFile,24B]; routing to relationship simple
[pool-4083-thread-1] INFO org.apache.nifi.processors.standard.RouteText - RouteText[id=bf0f7ccb-620f-4544-b652-03cd51d8645e] Routing FlowFile[3522,100419216500342.mockFlowFile,24B] to original
[main] DEBUG org.apache.nifi.processors.standard.RouteText - RouteText[id=bf0f7ccb-620f-4544-b652-03cd51d8645e] Adding new dynamic property: PropertyDescriptor[simple]
[pool-4084-thread-1] INFO org.apache.nifi.processors.standard.RouteText - RouteText[id=bf0f7ccb-620f-4544-b652-03cd51d8645e] Created FlowFile[3525,100419216936152.mockFlowFile,24B] from FlowFile[3524,100419216936152.mockFlowFile,24B]; routing to relationship simple
[pool-4084-thread-1] INFO org.apache.nifi.processors.standard.RouteText - RouteText[id=bf0f7ccb-620f-4544-b652-03cd51d8645e] Routing FlowFile[3524,100419216936152.mockFlowFile,24B] to original
[main] DEBUG org.apache.nifi.processors.standard.RouteText - RouteText[id=bf0f7ccb-620f-4544-b652-03cd51d8645e] Adding new dynamic property: PropertyDescriptor[simple]
[pool-4085-thread-1] INFO org.apache.nifi.processors.standard.RouteText - RouteText[id=bf0f7ccb-620f-4544-b652-03cd51d8645e] Created FlowFile[3527,100419217355239.mockFlowFile,24B] from FlowFile[3526,100419217355239.mockFlowFile,24B]; routing to relationship simple
[pool-4085-thread-1] INFO org.apache.nifi.processors.standard.RouteText - RouteText[id=bf0f7ccb-620f-4544-b652-03cd51d8645e] Routing FlowFile[3526,100419217355239.mockFlowFile,24B] to original
[main] DEBUG org.apache.nifi.processors.standard.RouteText - RouteText[id=bf0f7ccb-620f-4544-b652-03cd51d8645e] Adding new dynamic property: PropertyDescriptor[simple]
[pool-4086-thread-1] INFO org.apache.nifi.processors.standard.RouteText - RouteText[id=bf0f7ccb-620f-4544-b652-03cd51d8645e] Created FlowFile[3529,100419217683908.mockFlowFile,24B] from FlowFile[3528,100419217683908.mockFlowFile,24B]; routing to relationship simple
[pool-4086-thread-1] INFO org.apache.nifi.processors.standard.RouteText - RouteText[id=bf0f7ccb-620f-4544-b652-03cd51d8645e] Routing FlowFile[3528,100419217683908.mockFlowFile,24B] to original
[main] DEBUG org.apache.nifi.processors.standard.RouteText - RouteText[id=bf0f7ccb-620f-4544-b652-03cd51d8645e] Adding new dynamic property: PropertyDescriptor[simple]
[pool-4087-thread-1] INFO org.apache.nifi.processors.standard.RouteText - RouteText[id=bf0f7ccb-620f-4544-b652-03cd51d8645e] Created FlowFile[3531,100419218001631.mockFlowFile,24B] from FlowFile[3530,100419218001631.mockFlowFile,24B]; routing to relationship simple
[pool-4087-thread-1] INFO org.apache.nifi.processors.standard.RouteText - RouteText[id=bf0f7ccb-620f-4544-b652-03cd51d8645e] Routing FlowFile[3530,100419218001631.mockFlowFile,24B] to original
[main] DEBUG org.apache.nifi.processors.standard.RouteText - RouteText[id=bf0f7ccb-620f-4544-b652-03cd51d8645e] Adding new dynamic property: PropertyDescriptor[simple]
[pool-4088-thread-1] INFO org.apache.nifi.processors.standard.RouteText - RouteText[id=bf0f7ccb-620f-4544-b652-03cd51d8645e] Created FlowFile[3533,100419218324406.mockFlowFile,24B] from FlowFile[3532,100419218324406.mockFlowFile,24B]; routing to relationship simple
[pool-4088-thread-1] INFO org.apache.nifi.processors.standard.RouteText - RouteText[id=bf0f7ccb-620f-4544-b652-03cd51d8645e] Routing FlowFile[3532,100419218324406.mockFlowFile,24B] to original
[main] DEBUG org.apache.nifi.processors.standard.RouteText - RouteText[id=bf0f7ccb-620f-4544-b652-03cd51d8645e] Adding new dynamic property: PropertyDescriptor[simple]
[pool-4089-thread-1] INFO org.apache.nifi.processors.standard.RouteText - RouteText[id=bf0f7ccb-620f-4544-b652-03cd51d8645e] Created FlowFile[3535,100419218639598.mockFlowFile,24B] from FlowFile[3534,100419218639598.mockFlowFile,24B]; routing to relationship simple
[pool-4089-thread-1] INFO org.apache.nifi.processors.standard.RouteText - RouteText[id=bf0f7ccb-620f-4544-b652-03cd51d8645e] Routing FlowFile[3534,100419218639598.mockFlowFile,24B] to original
[main] DEBUG org.apache.nifi.processors.standard.RouteText - RouteText[id=bf0f7ccb-620f-4544-b652-03cd51d8645e] Adding new dynamic property: PropertyDescriptor[simple]
[pool-4090-thread-1] INFO org.apache.nifi.processors.standard.RouteText - RouteText[id=bf0f7ccb-620f-4544-b652-03cd51d8645e] Created FlowFile[3537,100419218971072.mockFlowFile,24B] from FlowFile[3536,100419218971072.mockFlowFile,24B]; routing to relationship simple
[pool-4090-thread-1] INFO org.apache.nifi.processors.standard.RouteText - RouteText[id=bf0f7ccb-620f-4544-b652-03cd51d8645e] Routing FlowFile[3536,100419218971072.mockFlowFile,24B] to original
[main] DEBUG org.apache.nifi.processors.standard.RouteText - RouteText[id=bf0f7ccb-620f-4544-b652-03cd51d8645e] Adding new dynamic property: PropertyDescriptor[simple]
[pool-4091-thread-1] INFO org.apache.nifi.processors.standard.RouteText - RouteText[id=bf0f7ccb-620f-4544-b652-03cd51d8645e] Created FlowFile[3539,100419219352840.mockFlowFile,24B] from FlowFile[3538,100419219352840.mockFlowFile,24B]; routing to relationship simple
[pool-4091-thread-1] INFO org.apache.nifi.processors.standard.RouteText - RouteText[id=bf0f7ccb-620f-4544-b652-03cd51d8645e] Routing FlowFile[3538,100419219352840.mockFlowFile,24B] to original
[main] DEBUG org.apache.nifi.processors.standard.RouteText - RouteText[id=bf0f7ccb-620f-4544-b652-03cd51d8645e] Adding new dynamic property: PropertyDescriptor[simple]
[pool-4092-thread-1] INFO org.apache.nifi.processors.standard.RouteText - RouteText[id=bf0f7ccb-620f-4544-b652-03cd51d8645e] Created FlowFile[3541,100419219720620.mockFlowFile,24B] from FlowFile[3540,100419219720620.mockFlowFile,24B]; routing to relationship simple
[pool-4092-thread-1] INFO org.apache.nifi.processors.standard.RouteText - RouteText[id=bf0f7ccb-620f-4544-b652-03cd51d8645e] Routing FlowFile[3540,100419219720620.mockFlowFile,24B] to original
[main] DEBUG org.apache.nifi.processors.standard.RouteText - RouteText[id=bf0f7ccb-620f-4544-b652-03cd51d8645e] Adding new dynamic property: PropertyDescriptor[simple]
[pool-4093-thread-1] INFO org.apache.nifi.processors.standard.RouteText - RouteText[id=bf0f7ccb-620f-4544-b652-03cd51d8645e] Created FlowFile[3543,100419220068696.mockFlowFile,24B] from FlowFile[3542,100419220068696.mockFlowFile,24B]; routing to relationship simple
[pool-4093-thread-1] INFO org.apache.nifi.processors.standard.RouteText - RouteText[id=bf0f7ccb-620f-4544-b652-03cd51d8645e] Routing FlowFile[3542,100419220068696.mockFlowFile,24B] to original
[main] DEBUG org.apache.nifi.processors.standard.RouteText - RouteText[id=bf0f7ccb-620f-4544-b652-03cd51d8645e] Adding new dynamic property: PropertyDescriptor[simple]
[pool-4094-thread-1] INFO org.apache.nifi.processors.standard.RouteText - RouteText[id=bf0f7ccb-620f-4544-b652-03cd51d8645e] Created FlowFile[3545,100419220548203.mockFlowFile,24B] from FlowFile[3544,100419220548203.mockFlowFile,24B]; routing to relationship simple
[pool-4094-thread-1] INFO org.apache.nifi.processors.standard.RouteText - RouteText[id=bf0f7ccb-620f-4544-b652-03cd51d8645e] Routing FlowFile[3544,100419220548203.mockFlowFile,24B] to original
[main] DEBUG org.apache.nifi.processors.standard.RouteText - RouteText[id=bf0f7ccb-620f-4544-b652-03cd51d8645e] Adding new dynamic property: PropertyDescriptor[simple]
[pool-4095-thread-1] INFO org.apache.nifi.processors.standard.RouteText - RouteText[id=bf0f7ccb-620f-4544-b652-03cd51d8645e] Created FlowFile[3547,100419220962220.mockFlowFile,24B] from FlowFile[3546,100419220962220.mockFlowFile,24B]; routing to relationship simple
[pool-4095-thread-1] INFO org.apache.nifi.processors.standard.RouteText - RouteText[id=bf0f7ccb-620f-4544-b652-03cd51d8645e] Routing FlowFile[3546,100419220962220.mockFlowFile,24B] to original
[main] DEBUG org.apache.nifi.processors.standard.RouteText - RouteText[id=bf0f7ccb-620f-4544-b652-03cd51d8645e] Adding new dynamic property: PropertyDescriptor[simple]
[pool-4096-thread-1] INFO org.apache.nifi.processors.standard.RouteText - RouteText[id=bf0f7ccb-620f-4544-b652-03cd51d8645e] Created FlowFile[3549,100419221426227.mockFlowFile,24B] from FlowFile[3548,100419221426227.mockFlowFile,24B]; routing to relationship simple
[pool-4096-thread-1] INFO org.apache.nifi.processors.standard.RouteText - RouteText[id=bf0f7ccb-620f-4544-b652-03cd51d8645e] Routing FlowFile[3548,100419221426227.mockFlowFile,24B] to original
[main] DEBUG org.apache.nifi.processors.standard.RouteText - RouteText[id=bf0f7ccb-620f-4544-b652-03cd51d8645e] Adding new dynamic property: PropertyDescriptor[simple]
[pool-4097-thread-1] INFO org.apache.nifi.processors.standard.RouteText - RouteText[id=bf0f7ccb-620f-4544-b652-03cd51d8645e] Created FlowFile[3551,100419221786116.mockFlowFile,24B] from FlowFile[3550,100419221786116.mockFlowFile,24B]; routing to relationship simple
[pool-4097-thread-1] INFO org.apache.nifi.processors.standard.RouteText - RouteText[id=bf0f7ccb-620f-4544-b652-03cd51d8645e] Routing FlowFile[3550,100419221786116.mockFlowFile,24B] to original
[main] DEBUG org.apache.nifi.processors.standard.RouteText - RouteText[id=bf0f7ccb-620f-4544-b652-03cd51d8645e] Adding new dynamic property: PropertyDescriptor[simple]
[pool-4098-thread-1] INFO org.apache.nifi.processors.standard.RouteText - RouteText[id=bf0f7ccb-620f-4544-b652-03cd51d8645e] Created FlowFile[3553,100419222140652.mockFlowFile,24B] from FlowFile[3552,100419222140652.mockFlowFile,24B]; routing to relationship simple
[pool-4098-thread-1] INFO org.apache.nifi.processors.standard.RouteText - RouteText[id=bf0f7ccb-620f-4544-b652-03cd51d8645e] Routing FlowFile[3552,100419222140652.mockFlowFile,24B] to original
[main] DEBUG org.apache.nifi.processors.standard.RouteText - RouteText[id=bf0f7ccb-620f-4544-b652-03cd51d8645e] Adding new dynamic property: PropertyDescriptor[simple]
[pool-4099-thread-1] INFO org.apache.nifi.processors.standard.RouteText - RouteText[id=bf0f7ccb-620f-4544-b652-03cd51d8645e] Created FlowFile[3555,100419222650044.mockFlowFile,24B] from FlowFile[3554,100419222650044.mockFlowFile,24B]; routing to relationship simple
[pool-4099-thread-1] INFO org.apache.nifi.processors.standard.RouteText - RouteText[id=bf0f7ccb-620f-4544-b652-03cd51d8645e] Routing FlowFile[3554,100419222650044.mockFlowFile,24B] to original
[main] DEBUG org.apache.nifi.processors.standard.RouteText - RouteText[id=bf0f7ccb-620f-4544-b652-03cd51d8645e] Adding new dynamic property: PropertyDescriptor[simple]
[pool-4100-thread-1] INFO org.apache.nifi.processors.standard.RouteText - RouteText[id=bf0f7ccb-620f-4544-b652-03cd51d8645e] Created FlowFile[3557,100419223179053.mockFlowFile,24B] from FlowFile[3556,100419223179053.mockFlowFile,24B]; routing to relationship simple
[pool-4100-thread-1] INFO org.apache.nifi.processors.standard.RouteText - RouteText[id=bf0f7ccb-620f-4544-b652-03cd51d8645e] Routing FlowFile[3556,100419223179053.mockFlowFile,24B] to original
[main] DEBUG org.apache.nifi.processors.standard.RouteText - RouteText[id=bf0f7ccb-620f-4544-b652-03cd51d8645e] Adding new dynamic property: PropertyDescriptor[simple]
[pool-4101-thread-1] INFO org.apache.nifi.processors.standard.RouteText - RouteText[id=bf0f7ccb-620f-4544-b652-03cd51d8645e] Created FlowFile[3559,100419223711759.mockFlowFile,24B] from FlowFile[3558,100419223711759.mockFlowFile,24B]; routing to relationship simple
[pool-4101-thread-1] INFO org.apache.nifi.processors.standard.RouteText - RouteText[id=bf0f7ccb-620f-4544-b652-03cd51d8645e] Routing FlowFile[3558,100419223711759.mockFlowFile,24B] to original
[main] DEBUG org.apache.nifi.processors.standard.RouteText - RouteText[id=bf0f7ccb-620f-4544-b652-03cd51d8645e] Adding new dynamic property: PropertyDescriptor[simple]
[pool-4102-thread-1] INFO org.apache.nifi.processors.standard.RouteText - RouteText[id=bf0f7ccb-620f-4544-b652-03cd51d8645e] Created FlowFile[3561,100419224214564.mockFlowFile,24B] from FlowFile[3560,100419224214564.mockFlowFile,24B]; routing to relationship simple
[pool-4102-thread-1] INFO org.apache.nifi.processors.standard.RouteText - RouteText[id=bf0f7ccb-620f-4544-b652-03cd51d8645e] Routing FlowFile[3560,100419224214564.mockFlowFile,24B] to original
[main] DEBUG org.apache.nifi.processors.standard.RouteText - RouteText[id=bf0f7ccb-620f-4544-b652-03cd51d8645e] Adding new dynamic property: PropertyDescriptor[simple]
[pool-4103-thread-1] INFO org.apache.nifi.processors.standard.RouteText - RouteText[id=bf0f7ccb-620f-4544-b652-03cd51d8645e] Created FlowFile[3563,100419224705704.mockFlowFile,24B] from FlowFile[3562,100419224705704.mockFlowFile,24B]; routing to relationship simple
[pool-4103-thread-1] INFO org.apache.nifi.processors.standard.RouteText - RouteText[id=bf0f7ccb-620f-4544-b652-03cd51d8645e] Routing FlowFile[3562,100419224705704.mockFlowFile,24B] to original
[main] DEBUG org.apache.nifi.processors.standard.RouteText - RouteText[id=bf0f7ccb-620f-4544-b652-03cd51d8645e] Adding new dynamic property: PropertyDescriptor[simple]
[pool-4104-thread-1] INFO org.apache.nifi.processors.standard.RouteText - RouteText[id=bf0f7ccb-620f-4544-b652-03cd51d8645e] Created FlowFile[3565,100419225166743.mockFlowFile,24B] from FlowFile[3564,100419225166743.mockFlowFile,24B]; routing to relationship simple
[pool-4104-thread-1] INFO org.apache.nifi.processors.standard.RouteText - RouteText[id=bf0f7ccb-620f-4544-b652-03cd51d8645e] Routing FlowFile[3564,100419225166743.mockFlowFile,24B] to original
[main] DEBUG org.apache.nifi.processors.standard.RouteText - RouteText[id=bf0f7ccb-620f-4544-b652-03cd51d8645e] Adding new dynamic property: PropertyDescriptor[simple]
[pool-4105-thread-1] INFO org.apache.nifi.processors.standard.RouteText - RouteText[id=bf0f7ccb-620f-4544-b652-03cd51d8645e] Created FlowFile[3567,100419225622278.mockFlowFile,24B] from FlowFile[3566,100419225622278.mockFlowFile,24B]; routing to relationship simple
[pool-4105-thread-1] INFO org.apache.nifi.processors.standard.RouteText - RouteText[id=bf0f7ccb-620f-4544-b652-03cd51d8645e] Routing FlowFile[3566,100419225622278.mockFlowFile,24B] to original
[main] DEBUG org.apache.nifi.processors.standard.RouteText - RouteText[id=bf0f7ccb-620f-4544-b652-03cd51d8645e] Adding new dynamic property: PropertyDescriptor[simple]
[pool-4106-thread-1] INFO org.apache.nifi.processors.standard.RouteText - RouteText[id=bf0f7ccb-620f-4544-b652-03cd51d8645e] Created FlowFile[3569,100419226057803.mockFlowFile,24B] from FlowFile[3568,100419226057803.mockFlowFile,24B]; routing to relationship simple
[pool-4106-thread-1] INFO org.apache.nifi.processors.standard.RouteText - RouteText[id=bf0f7ccb-620f-4544-b652-03cd51d8645e] Routing FlowFile[3568,100419226057803.mockFlowFile,24B] to original
[main] DEBUG org.apache.nifi.processors.standard.RouteText - RouteText[id=bf0f7ccb-620f-4544-b652-03cd51d8645e] Adding new dynamic property: PropertyDescriptor[simple]
[pool-4107-thread-1] INFO org.apache.nifi.processors.standard.RouteText - RouteText[id=bf0f7ccb-620f-4544-b652-03cd51d8645e] Created FlowFile[3571,100419226383305.mockFlowFile,24B] from FlowFile[3570,100419226383305.mockFlowFile,24B]; routing to relationship simple
[pool-4107-thread-1] INFO org.apache.nifi.processors.standard.RouteText - RouteText[id=bf0f7ccb-620f-4544-b652-03cd51d8645e] Routing FlowFile[3570,100419226383305.mockFlowFile,24B] to original
[main] DEBUG org.apache.nifi.processors.standard.RouteText - RouteText[id=bf0f7ccb-620f-4544-b652-03cd51d8645e] Adding new dynamic property: PropertyDescriptor[simple]
[pool-4108-thread-1] INFO org.apache.nifi.processors.standard.RouteText - RouteText[id=bf0f7ccb-620f-4544-b652-03cd51d8645e] Created FlowFile[3573,100419226704528.mockFlowFile,24B] from FlowFile[3572,100419226704528.mockFlowFile,24B]; routing to relationship simple
[pool-4108-thread-1] INFO org.apache.nifi.processors.standard.RouteText - RouteText[id=bf0f7ccb-620f-4544-b652-03cd51d8645e] Routing FlowFile[3572,100419226704528.mockFlowFile,24B] to original
[main] DEBUG org.apache.nifi.processors.standard.RouteText - RouteText[id=bf0f7ccb-620f-4544-b652-03cd51d8645e] Adding new dynamic property: PropertyDescriptor[simple]
[pool-4109-thread-1] INFO org.apache.nifi.processors.standard.RouteText - RouteText[id=bf0f7ccb-620f-4544-b652-03cd51d8645e] Created FlowFile[3575,100419227017873.mockFlowFile,24B] from FlowFile[3574,100419227017873.mockFlowFile,24B]; routing to relationship simple
[pool-4109-thread-1] INFO org.apache.nifi.processors.standard.RouteText - RouteText[id=bf0f7ccb-620f-4544-b652-03cd51d8645e] Routing FlowFile[3574,100419227017873.mockFlowFile,24B] to original
[main] DEBUG org.apache.nifi.processors.standard.RouteText - RouteText[id=bf0f7ccb-620f-4544-b652-03cd51d8645e] Adding new dynamic property: PropertyDescriptor[simple]
[pool-4110-thread-1] INFO org.apache.nifi.processors.standard.RouteText - RouteText[id=bf0f7ccb-620f-4544-b652-03cd51d8645e] Created FlowFile[3577,100419227423848.mockFlowFile,24B] from FlowFile[3576,100419227423848.mockFlowFile,24B]; routing to relationship simple
[pool-4110-thread-1] INFO org.apache.nifi.processors.standard.RouteText - RouteText[id=bf0f7ccb-620f-4544-b652-03cd51d8645e] Routing FlowFile[3576,100419227423848.mockFlowFile,24B] to original
[main] DEBUG org.apache.nifi.processors.standard.RouteText - RouteText[id=bf0f7ccb-620f-4544-b652-03cd51d8645e] Adding new dynamic property: PropertyDescriptor[simple]
[pool-4111-thread-1] INFO org.apache.nifi.processors.standard.RouteText - RouteText[id=bf0f7ccb-620f-4544-b652-03cd51d8645e] Created FlowFile[3579,100419227796872.mockFlowFile,24B] from FlowFile[3578,100419227796872.mockFlowFile,24B]; routing to relationship simple
[pool-4111-thread-1] INFO org.apache.nifi.processors.standard.RouteText - RouteText[id=bf0f7ccb-620f-4544-b652-03cd51d8645e] Routing FlowFile[3578,100419227796872.mockFlowFile,24B] to original
[main] DEBUG org.apache.nifi.processors.standard.RouteText - RouteText[id=bf0f7ccb-620f-4544-b652-03cd51d8645e] Adding new dynamic property: PropertyDescriptor[simple]
[pool-4112-thread-1] INFO org.apache.nifi.processors.standard.RouteText - RouteText[id=bf0f7ccb-620f-4544-b652-03cd51d8645e] Created FlowFile[3581,100419228176565.mockFlowFile,24B] from FlowFile[3580,100419228176565.mockFlowFile,24B]; routing to relationship simple
[pool-4112-thread-1] INFO org.apache.nifi.processors.standard.RouteText - RouteText[id=bf0f7ccb-620f-4544-b652-03cd51d8645e] Routing FlowFile[3580,100419228176565.mockFlowFile,24B] to original
[main] DEBUG org.apache.nifi.processors.standard.RouteText - RouteText[id=bf0f7ccb-620f-4544-b652-03cd51d8645e] Adding new dynamic property: PropertyDescriptor[simple]
[pool-4113-thread-1] INFO org.apache.nifi.processors.standard.RouteText - RouteText[id=bf0f7ccb-620f-4544-b652-03cd51d8645e] Created FlowFile[3583,100419228614205.mockFlowFile,24B] from FlowFile[3582,100419228614205.mockFlowFile,24B]; routing to relationship simple
[pool-4113-thread-1] INFO org.apache.nifi.processors.standard.RouteText - RouteText[id=bf0f7ccb-620f-4544-b652-03cd51d8645e] Routing FlowFile[3582,100419228614205.mockFlowFile,24B] to original
[main] DEBUG org.apache.nifi.processors.standard.RouteText - RouteText[id=bf0f7ccb-620f-4544-b652-03cd51d8645e] Adding new dynamic property: PropertyDescriptor[simple]
[pool-4114-thread-1] INFO org.apache.nifi.processors.standard.RouteText - RouteText[id=bf0f7ccb-620f-4544-b652-03cd51d8645e] Created FlowFile[3585,100419229068137.mockFlowFile,24B] from FlowFile[3584,100419229068137.mockFlowFile,24B]; routing to relationship simple
[pool-4114-thread-1] INFO org.apache.nifi.processors.standard.RouteText - RouteText[id=bf0f7ccb-620f-4544-b652-03cd51d8645e] Routing FlowFile[3584,100419229068137.mockFlowFile,24B] to original
[main] DEBUG org.apache.nifi.processors.standard.RouteText - RouteText[id=bf0f7ccb-620f-4544-b652-03cd51d8645e] Adding new dynamic property: PropertyDescriptor[simple]
[pool-4115-thread-1] INFO org.apache.nifi.processors.standard.RouteText - RouteText[id=bf0f7ccb-620f-4544-b652-03cd51d8645e] Created FlowFile[3587,100419229500270.mockFlowFile,24B] from FlowFile[3586,100419229500270.mockFlowFile,24B]; routing to relationship simple
[pool-4115-thread-1] INFO org.apache.nifi.processors.standard.RouteText - RouteText[id=bf0f7ccb-620f-4544-b652-03cd51d8645e] Routing FlowFile[3586,100419229500270.mockFlowFile,24B] to original
[main] DEBUG org.apache.nifi.processors.standard.RouteText - RouteText[id=bf0f7ccb-620f-4544-b652-03cd51d8645e] Adding new dynamic property: PropertyDescriptor[simple]
[pool-4116-thread-1] INFO org.apache.nifi.processors.standard.RouteText - RouteText[id=bf0f7ccb-620f-4544-b652-03cd51d8645e] Created FlowFile[3589,100419229841712.mockFlowFile,24B] from FlowFile[3588,100419229841712.mockFlowFile,24B]; routing to relationship simple
[pool-4116-thread-1] INFO org.apache.nifi.processors.standard.RouteText - RouteText[id=bf0f7ccb-620f-4544-b652-03cd51d8645e] Routing FlowFile[3588,100419229841712.mockFlowFile,24B] to original
[main] DEBUG org.apache.nifi.processors.standard.RouteText - RouteText[id=bf0f7ccb-620f-4544-b652-03cd51d8645e] Adding new dynamic property: PropertyDescriptor[simple]
[pool-4117-thread-1] INFO org.apache.nifi.processors.standard.RouteText - RouteText[id=bf0f7ccb-620f-4544-b652-03cd51d8645e] Created FlowFile[3591,100419230176012.mockFlowFile,24B] from FlowFile[3590,100419230176012.mockFlowFile,24B]; routing to relationship simple
[pool-4117-thread-1] INFO org.apache.nifi.processors.standard.RouteText - RouteText[id=bf0f7ccb-620f-4544-b652-03cd51d8645e] Routing FlowFile[3590,100419230176012.mockFlowFile,24B] to original
[main] DEBUG org.apache.nifi.processors.standard.RouteText - RouteText[id=bf0f7ccb-620f-4544-b652-03cd51d8645e] Adding new dynamic property: PropertyDescriptor[simple]
[pool-4118-thread-1] INFO org.apache.nifi.processors.standard.RouteText - RouteText[id=bf0f7ccb-620f-4544-b652-03cd51d8645e] Created FlowFile[3593,100419230518569.mockFlowFile,24B] from FlowFile[3592,100419230518569.mockFlowFile,24B]; routing to relationship simple
[pool-4118-thread-1] INFO org.apache.nifi.processors.standard.RouteText - RouteText[id=bf0f7ccb-620f-4544-b652-03cd51d8645e] Routing FlowFile[3592,100419230518569.mockFlowFile,24B] to original
[main] DEBUG org.apache.nifi.processors.standard.RouteText - RouteText[id=bf0f7ccb-620f-4544-b652-03cd51d8645e] Adding new dynamic property: PropertyDescriptor[simple]
[pool-4119-thread-1] INFO org.apache.nifi.processors.standard.RouteText - RouteText[id=bf0f7ccb-620f-4544-b652-03cd51d8645e] Created FlowFile[3595,100419230865208.mockFlowFile,24B] from FlowFile[3594,100419230865208.mockFlowFile,24B]; routing to relationship simple
[pool-4119-thread-1] INFO org.apache.nifi.processors.standard.RouteText - RouteText[id=bf0f7ccb-620f-4544-b652-03cd51d8645e] Routing FlowFile[3594,100419230865208.mockFlowFile,24B] to original
[main] DEBUG org.apache.nifi.processors.standard.RouteText - RouteText[id=bf0f7ccb-620f-4544-b652-03cd51d8645e] Adding new dynamic property: PropertyDescriptor[simple]
[pool-4120-thread-1] INFO org.apache.nifi.processors.standard.RouteText - RouteText[id=bf0f7ccb-620f-4544-b652-03cd51d8645e] Created FlowFile[3597,100419231296674.mockFlowFile,24B] from FlowFile[3596,100419231296674.mockFlowFile,24B]; routing to relationship simple
[pool-4120-thread-1] INFO org.apache.nifi.processors.standard.RouteText - RouteText[id=bf0f7ccb-620f-4544-b652-03cd51d8645e] Routing FlowFile[3596,100419231296674.mockFlowFile,24B] to original
[main] DEBUG org.apache.nifi.processors.standard.RouteText - RouteText[id=bf0f7ccb-620f-4544-b652-03cd51d8645e] Adding new dynamic property: PropertyDescriptor[simple]
[pool-4121-thread-1] INFO org.apache.nifi.processors.standard.RouteText - RouteText[id=bf0f7ccb-620f-4544-b652-03cd51d8645e] Created FlowFile[3599,100419231762984.mockFlowFile,24B] from FlowFile[3598,100419231762984.mockFlowFile,24B]; routing to relationship simple
[pool-4121-thread-1] INFO org.apache.nifi.processors.standard.RouteText - RouteText[id=bf0f7ccb-620f-4544-b652-03cd51d8645e] Routing FlowFile[3598,100419231762984.mockFlowFile,24B] to original
[main] DEBUG org.apache.nifi.processors.standard.RouteText - RouteText[id=bf0f7ccb-620f-4544-b652-03cd51d8645e] Adding new dynamic property: PropertyDescriptor[simple]
[pool-4122-thread-1] INFO org.apache.nifi.processors.standard.RouteText - RouteText[id=bf0f7ccb-620f-4544-b652-03cd51d8645e] Created FlowFile[3601,100419232226707.mockFlowFile,24B] from FlowFile[3600,100419232226707.mockFlowFile,24B]; routing to relationship simple
[pool-4122-thread-1] INFO org.apache.nifi.processors.standard.RouteText - RouteText[id=bf0f7ccb-620f-4544-b652-03cd51d8645e] Routing FlowFile[3600,100419232226707.mockFlowFile,24B] to original
[main] DEBUG org.apache.nifi.processors.standard.RouteText - RouteText[id=bf0f7ccb-620f-4544-b652-03cd51d8645e] Adding new dynamic property: PropertyDescriptor[simple]
[pool-4123-thread-1] INFO org.apache.nifi.processors.standard.RouteText - RouteText[id=bf0f7ccb-620f-4544-b652-03cd51d8645e] Created FlowFile[3603,100419232703703.mockFlowFile,24B] from FlowFile[3602,100419232703703.mockFlowFile,24B]; routing to relationship simple
[pool-4123-thread-1] INFO org.apache.nifi.processors.standard.RouteText - RouteText[id=bf0f7ccb-620f-4544-b652-03cd51d8645e] Routing FlowFile[3602,100419232703703.mockFlowFile,24B] to original
[main] DEBUG org.apache.nifi.processors.standard.RouteText - RouteText[id=bf0f7ccb-620f-4544-b652-03cd51d8645e] Adding new dynamic property: PropertyDescriptor[simple]
[pool-4124-thread-1] INFO org.apache.nifi.processors.standard.RouteText - RouteText[id=bf0f7ccb-620f-4544-b652-03cd51d8645e] Created FlowFile[3605,100419233154317.mockFlowFile,24B] from FlowFile[3604,100419233154317.mockFlowFile,24B]; routing to relationship simple
[pool-4124-thread-1] INFO org.apache.nifi.processors.standard.RouteText - RouteText[id=bf0f7ccb-620f-4544-b652-03cd51d8645e] Routing FlowFile[3604,100419233154317.mockFlowFile,24B] to original
[main] DEBUG org.apache.nifi.processors.standard.RouteText - RouteText[id=bf0f7ccb-620f-4544-b652-03cd51d8645e] Adding new dynamic property: PropertyDescriptor[simple]
[pool-4125-thread-1] INFO org.apache.nifi.processors.standard.RouteText - RouteText[id=bf0f7ccb-620f-4544-b652-03cd51d8645e] Created FlowFile[3607,100419233529644.mockFlowFile,24B] from FlowFile[3606,100419233529644.mockFlowFile,24B]; routing to relationship simple
[pool-4125-thread-1] INFO org.apache.nifi.processors.standard.RouteText - RouteText[id=bf0f7ccb-620f-4544-b652-03cd51d8645e] Routing FlowFile[3606,100419233529644.mockFlowFile,24B] to original
[main] DEBUG org.apache.nifi.processors.standard.RouteText - RouteText[id=bf0f7ccb-620f-4544-b652-03cd51d8645e] Adding new dynamic property: PropertyDescriptor[simple]
[pool-4126-thread-1] INFO org.apache.nifi.processors.standard.RouteText - RouteText[id=bf0f7ccb-620f-4544-b652-03cd51d8645e] Created FlowFile[3609,100419233960987.mockFlowFile,24B] from FlowFile[3608,100419233960987.mockFlowFile,24B]; routing to relationship simple
[pool-4126-thread-1] INFO org.apache.nifi.processors.standard.RouteText - RouteText[id=bf0f7ccb-620f-4544-b652-03cd51d8645e] Routing FlowFile[3608,100419233960987.mockFlowFile,24B] to original
[main] DEBUG org.apache.nifi.processors.standard.RouteText - RouteText[id=bf0f7ccb-620f-4544-b652-03cd51d8645e] Adding new dynamic property: PropertyDescriptor[simple]
[pool-4127-thread-1] INFO org.apache.nifi.processors.standard.RouteText - RouteText[id=bf0f7ccb-620f-4544-b652-03cd51d8645e] Created FlowFile[3611,100419234396797.mockFlowFile,24B] from FlowFile[3610,100419234396797.mockFlowFile,24B]; routing to relationship simple
[pool-4127-thread-1] INFO org.apache.nifi.processors.standard.RouteText - RouteText[id=bf0f7ccb-620f-4544-b652-03cd51d8645e] Routing FlowFile[3610,100419234396797.mockFlowFile,24B] to original
[main] DEBUG org.apache.nifi.processors.standard.RouteText - RouteText[id=bf0f7ccb-620f-4544-b652-03cd51d8645e] Adding new dynamic property: PropertyDescriptor[simple]
[pool-4128-thread-1] INFO org.apache.nifi.processors.standard.RouteText - RouteText[id=bf0f7ccb-620f-4544-b652-03cd51d8645e] Created FlowFile[3613,100419234738960.mockFlowFile,24B] from FlowFile[3612,100419234738960.mockFlowFile,24B]; routing to relationship simple
[pool-4128-thread-1] INFO org.apache.nifi.processors.standard.RouteText - RouteText[id=bf0f7ccb-620f-4544-b652-03cd51d8645e] Routing FlowFile[3612,100419234738960.mockFlowFile,24B] to original
[main] DEBUG org.apache.nifi.processors.standard.RouteText - RouteText[id=bf0f7ccb-620f-4544-b652-03cd51d8645e] Adding new dynamic property: PropertyDescriptor[simple]
[pool-4129-thread-1] INFO org.apache.nifi.processors.standard.RouteText - RouteText[id=bf0f7ccb-620f-4544-b652-03cd51d8645e] Created FlowFile[3615,100419235073740.mockFlowFile,24B] from FlowFile[3614,100419235073740.mockFlowFile,24B]; routing to relationship simple
[pool-4129-thread-1] INFO org.apache.nifi.processors.standard.RouteText - RouteText[id=bf0f7ccb-620f-4544-b652-03cd51d8645e] Routing FlowFile[3614,100419235073740.mockFlowFile,24B] to original
[main] DEBUG org.apache.nifi.processors.standard.RouteText - RouteText[id=bf0f7ccb-620f-4544-b652-03cd51d8645e] Adding new dynamic property: PropertyDescriptor[simple]
[pool-4130-thread-1] INFO org.apache.nifi.processors.standard.RouteText - RouteText[id=bf0f7ccb-620f-4544-b652-03cd51d8645e] Created FlowFile[3617,100419235540666.mockFlowFile,24B] from FlowFile[3616,100419235540666.mockFlowFile,24B]; routing to relationship simple
[pool-4130-thread-1] INFO org.apache.nifi.processors.standard.RouteText - RouteText[id=bf0f7ccb-620f-4544-b652-03cd51d8645e] Routing FlowFile[3616,100419235540666.mockFlowFile,24B] to original
[main] DEBUG org.apache.nifi.processors.standard.RouteText - RouteText[id=bf0f7ccb-620f-4544-b652-03cd51d8645e] Adding new dynamic property: PropertyDescriptor[simple]
[pool-4131-thread-1] INFO org.apache.nifi.processors.standard.RouteText - RouteText[id=bf0f7ccb-620f-4544-b652-03cd51d8645e] Created FlowFile[3619,100419235953833.mockFlowFile,24B] from FlowFile[3618,100419235953833.mockFlowFile,24B]; routing to relationship simple
[pool-4131-thread-1] INFO org.apache.nifi.processors.standard.RouteText - RouteText[id=bf0f7ccb-620f-4544-b652-03cd51d8645e] Routing FlowFile[3618,100419235953833.mockFlowFile,24B] to original
[main] DEBUG org.apache.nifi.processors.standard.RouteText - RouteText[id=bf0f7ccb-620f-4544-b652-03cd51d8645e] Adding new dynamic property: PropertyDescriptor[simple]
[pool-4132-thread-1] INFO org.apache.nifi.processors.standard.RouteText - RouteText[id=bf0f7ccb-620f-4544-b652-03cd51d8645e] Created FlowFile[3621,100419236348835.mockFlowFile,24B] from FlowFile[3620,100419236348835.mockFlowFile,24B]; routing to relationship simple
[pool-4132-thread-1] INFO org.apache.nifi.processors.standard.RouteText - RouteText[id=bf0f7ccb-620f-4544-b652-03cd51d8645e] Routing FlowFile[3620,100419236348835.mockFlowFile,24B] to original
[main] DEBUG org.apache.nifi.processors.standard.RouteText - RouteText[id=bf0f7ccb-620f-4544-b652-03cd51d8645e] Adding new dynamic property: PropertyDescriptor[simple]
[pool-4133-thread-1] INFO org.apache.nifi.processors.standard.RouteText - RouteText[id=bf0f7ccb-620f-4544-b652-03cd51d8645e] Created FlowFile[3623,100419236830158.mockFlowFile,24B] from FlowFile[3622,100419236830158.mockFlowFile,24B]; routing to relationship simple
[pool-4133-thread-1] INFO org.apache.nifi.processors.standard.RouteText - RouteText[id=bf0f7ccb-620f-4544-b652-03cd51d8645e] Routing FlowFile[3622,100419236830158.mockFlowFile,24B] to original
[main] DEBUG org.apache.nifi.processors.standard.RouteText - RouteText[id=bf0f7ccb-620f-4544-b652-03cd51d8645e] Adding new dynamic property: PropertyDescriptor[simple]
[pool-4134-thread-1] INFO org.apache.nifi.processors.standard.RouteText - RouteText[id=bf0f7ccb-620f-4544-b652-03cd51d8645e] Created FlowFile[3625,100419237268420.mockFlowFile,24B] from FlowFile[3624,100419237268420.mockFlowFile,24B]; routing to relationship simple
[pool-4134-thread-1] INFO org.apache.nifi.processors.standard.RouteText - RouteText[id=bf0f7ccb-620f-4544-b652-03cd51d8645e] Routing FlowFile[3624,100419237268420.mockFlowFile,24B] to original
[main] DEBUG org.apache.nifi.processors.standard.RouteText - RouteText[id=bf0f7ccb-620f-4544-b652-03cd51d8645e] Adding new dynamic property: PropertyDescriptor[simple]
[pool-4135-thread-1] INFO org.apache.nifi.processors.standard.RouteText - RouteText[id=bf0f7ccb-620f-4544-b652-03cd51d8645e] Created FlowFile[3627,100419237696026.mockFlowFile,24B] from FlowFile[3626,100419237696026.mockFlowFile,24B]; routing to relationship simple
[pool-4135-thread-1] INFO org.apache.nifi.processors.standard.RouteText - RouteText[id=bf0f7ccb-620f-4544-b652-03cd51d8645e] Routing FlowFile[3626,100419237696026.mockFlowFile,24B] to original
[main] DEBUG org.apache.nifi.processors.standard.RouteText - RouteText[id=bf0f7ccb-620f-4544-b652-03cd51d8645e] Adding new dynamic property: PropertyDescriptor[simple]
[pool-4136-thread-1] INFO org.apache.nifi.processors.standard.RouteText - RouteText[id=bf0f7ccb-620f-4544-b652-03cd51d8645e] Created FlowFile[3629,100419238058168.mockFlowFile,24B] from FlowFile[3628,100419238058168.mockFlowFile,24B]; routing to relationship simple
[pool-4136-thread-1] INFO org.apache.nifi.processors.standard.RouteText - RouteText[id=bf0f7ccb-620f-4544-b652-03cd51d8645e] Routing FlowFile[3628,100419238058168.mockFlowFile,24B] to original
[main] DEBUG org.apache.nifi.processors.standard.RouteText - RouteText[id=bf0f7ccb-620f-4544-b652-03cd51d8645e] Adding new dynamic property: PropertyDescriptor[simple]
[pool-4137-thread-1] INFO org.apache.nifi.processors.standard.RouteText - RouteText[id=bf0f7ccb-620f-4544-b652-03cd51d8645e] Created FlowFile[3631,100419238412519.mockFlowFile,24B] from FlowFile[3630,100419238412519.mockFlowFile,24B]; routing to relationship simple
[pool-4137-thread-1] INFO org.apache.nifi.processors.standard.RouteText - RouteText[id=bf0f7ccb-620f-4544-b652-03cd51d8645e] Routing FlowFile[3630,100419238412519.mockFlowFile,24B] to original
[main] DEBUG org.apache.nifi.processors.standard.RouteText - RouteText[id=bf0f7ccb-620f-4544-b652-03cd51d8645e] Adding new dynamic property: PropertyDescriptor[simple]
[pool-4138-thread-1] INFO org.apache.nifi.processors.standard.RouteText - RouteText[id=bf0f7ccb-620f-4544-b652-03cd51d8645e] Created FlowFile[3633,100419238762024.mockFlowFile,24B] from FlowFile[3632,100419238762024.mockFlowFile,24B]; routing to relationship simple
[pool-4138-thread-1] INFO org.apache.nifi.processors.standard.RouteText - RouteText[id=bf0f7ccb-620f-4544-b652-03cd51d8645e] Routing FlowFile[3632,100419238762024.mockFlowFile,24B] to original
[main] DEBUG org.apache.nifi.processors.standard.RouteText - RouteText[id=bf0f7ccb-620f-4544-b652-03cd51d8645e] Adding new dynamic property: PropertyDescriptor[simple]
[pool-4139-thread-1] INFO org.apache.nifi.processors.standard.RouteText - RouteText[id=bf0f7ccb-620f-4544-b652-03cd51d8645e] Created FlowFile[3635,100419239094379.mockFlowFile,24B] from FlowFile[3634,100419239094379.mockFlowFile,24B]; routing to relationship simple
[pool-4139-thread-1] INFO org.apache.nifi.processors.standard.RouteText - RouteText[id=bf0f7ccb-620f-4544-b652-03cd51d8645e] Routing FlowFile[3634,100419239094379.mockFlowFile,24B] to original
[main] DEBUG org.apache.nifi.processors.standard.RouteText - RouteText[id=bf0f7ccb-620f-4544-b652-03cd51d8645e] Adding new dynamic property: PropertyDescriptor[simple]
[pool-4140-thread-1] INFO org.apache.nifi.processors.standard.RouteText - RouteText[id=bf0f7ccb-620f-4544-b652-03cd51d8645e] Created FlowFile[3637,100419239509381.mockFlowFile,24B] from FlowFile[3636,100419239509381.mockFlowFile,24B]; routing to relationship simple
[pool-4140-thread-1] INFO org.apache.nifi.processors.standard.RouteText - RouteText[id=bf0f7ccb-620f-4544-b652-03cd51d8645e] Routing FlowFile[3636,100419239509381.mockFlowFile,24B] to original
[main] DEBUG org.apache.nifi.processors.standard.RouteText - RouteText[id=bf0f7ccb-620f-4544-b652-03cd51d8645e] Adding new dynamic property: PropertyDescriptor[simple]
[pool-4141-thread-1] INFO org.apache.nifi.processors.standard.RouteText - RouteText[id=bf0f7ccb-620f-4544-b652-03cd51d8645e] Created FlowFile[3639,100419239945953.mockFlowFile,24B] from FlowFile[3638,100419239945953.mockFlowFile,24B]; routing to relationship simple
[pool-4141-thread-1] INFO org.apache.nifi.processors.standard.RouteText - RouteText[id=bf0f7ccb-620f-4544-b652-03cd51d8645e] Routing FlowFile[3638,100419239945953.mockFlowFile,24B] to original
[main] DEBUG org.apache.nifi.processors.standard.RouteText - RouteText[id=bf0f7ccb-620f-4544-b652-03cd51d8645e] Adding new dynamic property: PropertyDescriptor[simple]
[pool-4142-thread-1] INFO org.apache.nifi.processors.standard.RouteText - RouteText[id=bf0f7ccb-620f-4544-b652-03cd51d8645e] Created FlowFile[3641,100419240408983.mockFlowFile,24B] from FlowFile[3640,100419240408983.mockFlowFile,24B]; routing to relationship simple
[pool-4142-thread-1] INFO org.apache.nifi.processors.standard.RouteText - RouteText[id=bf0f7ccb-620f-4544-b652-03cd51d8645e] Routing FlowFile[3640,100419240408983.mockFlowFile,24B] to original
[main] DEBUG org.apache.nifi.processors.standard.RouteText - RouteText[id=bf0f7ccb-620f-4544-b652-03cd51d8645e] Adding new dynamic property: PropertyDescriptor[simple]
[pool-4143-thread-1] INFO org.apache.nifi.processors.standard.RouteText - RouteText[id=bf0f7ccb-620f-4544-b652-03cd51d8645e] Created FlowFile[3643,100419240884738.mockFlowFile,24B] from FlowFile[3642,100419240884738.mockFlowFile,24B]; routing to relationship simple
[pool-4143-thread-1] INFO org.apache.nifi.processors.standard.RouteText - RouteText[id=bf0f7ccb-620f-4544-b652-03cd51d8645e] Routing FlowFile[3642,100419240884738.mockFlowFile,24B] to original
[main] DEBUG org.apache.nifi.processors.standard.RouteText - RouteText[id=bf0f7ccb-620f-4544-b652-03cd51d8645e] Adding new dynamic property: PropertyDescriptor[simple]
[pool-4144-thread-1] INFO org.apache.nifi.processors.standard.RouteText - RouteText[id=bf0f7ccb-620f-4544-b652-03cd51d8645e] Created FlowFile[3645,100419241323816.mockFlowFile,24B] from FlowFile[3644,100419241323816.mockFlowFile,24B]; routing to relationship simple
[pool-4144-thread-1] INFO org.apache.nifi.processors.standard.RouteText - RouteText[id=bf0f7ccb-620f-4544-b652-03cd51d8645e] Routing FlowFile[3644,100419241323816.mockFlowFile,24B] to original
[main] DEBUG org.apache.nifi.processors.standard.RouteText - RouteText[id=bf0f7ccb-620f-4544-b652-03cd51d8645e] Adding new dynamic property: PropertyDescriptor[simple]
[pool-4145-thread-1] INFO org.apache.nifi.processors.standard.RouteText - RouteText[id=bf0f7ccb-620f-4544-b652-03cd51d8645e] Created FlowFile[3647,100419241681268.mockFlowFile,24B] from FlowFile[3646,100419241681268.mockFlowFile,24B]; routing to relationship simple
[pool-4145-thread-1] INFO org.apache.nifi.processors.standard.RouteText - RouteText[id=bf0f7ccb-620f-4544-b652-03cd51d8645e] Routing FlowFile[3646,100419241681268.mockFlowFile,24B] to original
[main] DEBUG org.apache.nifi.processors.standard.RouteText - RouteText[id=bf0f7ccb-620f-4544-b652-03cd51d8645e] Adding new dynamic property: PropertyDescriptor[simple]
[pool-4146-thread-1] INFO org.apache.nifi.processors.standard.RouteText - RouteText[id=bf0f7ccb-620f-4544-b652-03cd51d8645e] Created FlowFile[3649,100419242022995.mockFlowFile,24B] from FlowFile[3648,100419242022995.mockFlowFile,24B]; routing to relationship simple
[pool-4146-thread-1] INFO org.apache.nifi.processors.standard.RouteText - RouteText[id=bf0f7ccb-620f-4544-b652-03cd51d8645e] Routing FlowFile[3648,100419242022995.mockFlowFile,24B] to original
[main] DEBUG org.apache.nifi.processors.standard.RouteText - RouteText[id=bf0f7ccb-620f-4544-b652-03cd51d8645e] Adding new dynamic property: PropertyDescriptor[simple]
[pool-4147-thread-1] INFO org.apache.nifi.processors.standard.RouteText - RouteText[id=bf0f7ccb-620f-4544-b652-03cd51d8645e] Created FlowFile[3651,100419242358075.mockFlowFile,24B] from FlowFile[3650,100419242358075.mockFlowFile,24B]; routing to relationship simple
[pool-4147-thread-1] INFO org.apache.nifi.processors.standard.RouteText - RouteText[id=bf0f7ccb-620f-4544-b652-03cd51d8645e] Routing FlowFile[3650,100419242358075.mockFlowFile,24B] to original
[main] DEBUG org.apache.nifi.processors.standard.RouteText - RouteText[id=bf0f7ccb-620f-4544-b652-03cd51d8645e] Adding new dynamic property: PropertyDescriptor[simple]
[pool-4148-thread-1] INFO org.apache.nifi.processors.standard.RouteText - RouteText[id=bf0f7ccb-620f-4544-b652-03cd51d8645e] Created FlowFile[3653,100419242766761.mockFlowFile,24B] from FlowFile[3652,100419242766761.mockFlowFile,24B]; routing to relationship simple
[pool-4148-thread-1] INFO org.apache.nifi.processors.standard.RouteText - RouteText[id=bf0f7ccb-620f-4544-b652-03cd51d8645e] Routing FlowFile[3652,100419242766761.mockFlowFile,24B] to original
[main] DEBUG org.apache.nifi.processors.standard.RouteText - RouteText[id=bf0f7ccb-620f-4544-b652-03cd51d8645e] Adding new dynamic property: PropertyDescriptor[simple]
[pool-4149-thread-1] INFO org.apache.nifi.processors.standard.RouteText - RouteText[id=bf0f7ccb-620f-4544-b652-03cd51d8645e] Created FlowFile[3655,100419243116777.mockFlowFile,24B] from FlowFile[3654,100419243116777.mockFlowFile,24B]; routing to relationship simple
[pool-4149-thread-1] INFO org.apache.nifi.processors.standard.RouteText - RouteText[id=bf0f7ccb-620f-4544-b652-03cd51d8645e] Routing FlowFile[3654,100419243116777.mockFlowFile,24B] to original
[main] DEBUG org.apache.nifi.processors.standard.RouteText - RouteText[id=bf0f7ccb-620f-4544-b652-03cd51d8645e] Adding new dynamic property: PropertyDescriptor[simple]
[pool-4150-thread-1] INFO org.apache.nifi.processors.standard.RouteText - RouteText[id=bf0f7ccb-620f-4544-b652-03cd51d8645e] Created FlowFile[3657,100419243582876.mockFlowFile,24B] from FlowFile[3656,100419243582876.mockFlowFile,24B]; routing to relationship simple
[pool-4150-thread-1] INFO org.apache.nifi.processors.standard.RouteText - RouteText[id=bf0f7ccb-620f-4544-b652-03cd51d8645e] Routing FlowFile[3656,100419243582876.mockFlowFile,24B] to original
[main] DEBUG org.apache.nifi.processors.standard.RouteText - RouteText[id=bf0f7ccb-620f-4544-b652-03cd51d8645e] Adding new dynamic property: PropertyDescriptor[simple]
[pool-4151-thread-1] INFO org.apache.nifi.processors.standard.RouteText - RouteText[id=bf0f7ccb-620f-4544-b652-03cd51d8645e] Created FlowFile[3659,100419243942748.mockFlowFile,24B] from FlowFile[3658,100419243942748.mockFlowFile,24B]; routing to relationship simple
[pool-4151-thread-1] INFO org.apache.nifi.processors.standard.RouteText - RouteText[id=bf0f7ccb-620f-4544-b652-03cd51d8645e] Routing FlowFile[3658,100419243942748.mockFlowFile,24B] to original
[main] DEBUG org.apache.nifi.processors.standard.RouteText - RouteText[id=bf0f7ccb-620f-4544-b652-03cd51d8645e] Adding new dynamic property: PropertyDescriptor[simple]
[pool-4152-thread-1] INFO org.apache.nifi.processors.standard.RouteText - RouteText[id=bf0f7ccb-620f-4544-b652-03cd51d8645e] Created FlowFile[3661,100419244429046.mockFlowFile,24B] from FlowFile[3660,100419244429046.mockFlowFile,24B]; routing to relationship simple
[pool-4152-thread-1] INFO org.apache.nifi.processors.standard.RouteText - RouteText[id=bf0f7ccb-620f-4544-b652-03cd51d8645e] Routing FlowFile[3660,100419244429046.mockFlowFile,24B] to original
[main] DEBUG org.apache.nifi.processors.standard.RouteText - RouteText[id=bf0f7ccb-620f-4544-b652-03cd51d8645e] Adding new dynamic property: PropertyDescriptor[simple]
[pool-4153-thread-1] INFO org.apache.nifi.processors.standard.RouteText - RouteText[id=bf0f7ccb-620f-4544-b652-03cd51d8645e] Created FlowFile[3663,100419244877894.mockFlowFile,24B] from FlowFile[3662,100419244877894.mockFlowFile,24B]; routing to relationship simple
[pool-4153-thread-1] INFO org.apache.nifi.processors.standard.RouteText - RouteText[id=bf0f7ccb-620f-4544-b652-03cd51d8645e] Routing FlowFile[3662,100419244877894.mockFlowFile,24B] to original
[main] DEBUG org.apache.nifi.processors.standard.RouteText - RouteText[id=bf0f7ccb-620f-4544-b652-03cd51d8645e] Adding new dynamic property: PropertyDescriptor[simple]
[pool-4154-thread-1] INFO org.apache.nifi.processors.standard.RouteText - RouteText[id=bf0f7ccb-620f-4544-b652-03cd51d8645e] Created FlowFile[3665,100419245305015.mockFlowFile,24B] from FlowFile[3664,100419245305015.mockFlowFile,24B]; routing to relationship simple
[pool-4154-thread-1] INFO org.apache.nifi.processors.standard.RouteText - RouteText[id=bf0f7ccb-620f-4544-b652-03cd51d8645e] Routing FlowFile[3664,100419245305015.mockFlowFile,24B] to original
[main] DEBUG org.apache.nifi.processors.standard.RouteText - RouteText[id=bf0f7ccb-620f-4544-b652-03cd51d8645e] Adding new dynamic property: PropertyDescriptor[simple]
[pool-4155-thread-1] INFO org.apache.nifi.processors.standard.RouteText - RouteText[id=bf0f7ccb-620f-4544-b652-03cd51d8645e] Created FlowFile[3667,100419266809171.mockFlowFile,24B] from FlowFile[3666,100419266809171.mockFlowFile,24B]; routing to relationship simple
[pool-4155-thread-1] INFO org.apache.nifi.processors.standard.RouteText - RouteText[id=bf0f7ccb-620f-4544-b652-03cd51d8645e] Routing FlowFile[3666,100419266809171.mockFlowFile,24B] to original
[main] DEBUG org.apache.nifi.processors.standard.RouteText - RouteText[id=bf0f7ccb-620f-4544-b652-03cd51d8645e] Adding new dynamic property: PropertyDescriptor[simple]
[pool-4156-thread-1] INFO org.apache.nifi.processors.standard.RouteText - RouteText[id=bf0f7ccb-620f-4544-b652-03cd51d8645e] Created FlowFile[3669,100419267446671.mockFlowFile,24B] from FlowFile[3668,100419267446671.mockFlowFile,24B]; routing to relationship simple
[pool-4156-thread-1] INFO org.apache.nifi.processors.standard.RouteText - RouteText[id=bf0f7ccb-620f-4544-b652-03cd51d8645e] Routing FlowFile[3668,100419267446671.mockFlowFile,24B] to original
[main] DEBUG org.apache.nifi.processors.standard.RouteText - RouteText[id=bf0f7ccb-620f-4544-b652-03cd51d8645e] Adding new dynamic property: PropertyDescriptor[simple]
[pool-4157-thread-1] INFO org.apache.nifi.processors.standard.RouteText - RouteText[id=bf0f7ccb-620f-4544-b652-03cd51d8645e] Created FlowFile[3671,100419267897709.mockFlowFile,24B] from FlowFile[3670,100419267897709.mockFlowFile,24B]; routing to relationship simple
[pool-4157-thread-1] INFO org.apache.nifi.processors.standard.RouteText - RouteText[id=bf0f7ccb-620f-4544-b652-03cd51d8645e] Routing FlowFile[3670,100419267897709.mockFlowFile,24B] to original
[main] DEBUG org.apache.nifi.processors.standard.RouteText - RouteText[id=bf0f7ccb-620f-4544-b652-03cd51d8645e] Adding new dynamic property: PropertyDescriptor[simple]
[pool-4158-thread-1] INFO org.apache.nifi.processors.standard.RouteText - RouteText[id=bf0f7ccb-620f-4544-b652-03cd51d8645e] Created FlowFile[3673,100419268433395.mockFlowFile,24B] from FlowFile[3672,100419268433395.mockFlowFile,24B]; routing to relationship simple
[pool-4158-thread-1] INFO org.apache.nifi.processors.standard.RouteText - RouteText[id=bf0f7ccb-620f-4544-b652-03cd51d8645e] Routing FlowFile[3672,100419268433395.mockFlowFile,24B] to original
[main] DEBUG org.apache.nifi.processors.standard.RouteText - RouteText[id=bf0f7ccb-620f-4544-b652-03cd51d8645e] Adding new dynamic property: PropertyDescriptor[simple]
[pool-4159-thread-1] INFO org.apache.nifi.processors.standard.RouteText - RouteText[id=bf0f7ccb-620f-4544-b652-03cd51d8645e] Created FlowFile[3675,100419268940653.mockFlowFile,24B] from FlowFile[3674,100419268940653.mockFlowFile,24B]; routing to relationship simple
[pool-4159-thread-1] INFO org.apache.nifi.processors.standard.RouteText - RouteText[id=bf0f7ccb-620f-4544-b652-03cd51d8645e] Routing FlowFile[3674,100419268940653.mockFlowFile,24B] to original
[main] DEBUG org.apache.nifi.processors.standard.RouteText - RouteText[id=bf0f7ccb-620f-4544-b652-03cd51d8645e] Adding new dynamic property: PropertyDescriptor[simple]
[pool-4160-thread-1] INFO org.apache.nifi.processors.standard.RouteText - RouteText[id=bf0f7ccb-620f-4544-b652-03cd51d8645e] Created FlowFile[3677,100419269445370.mockFlowFile,24B] from FlowFile[3676,100419269445370.mockFlowFile,24B]; routing to relationship simple
[pool-4160-thread-1] INFO org.apache.nifi.processors.standard.RouteText - RouteText[id=bf0f7ccb-620f-4544-b652-03cd51d8645e] Routing FlowFile[3676,100419269445370.mockFlowFile,24B] to original
[main] DEBUG org.apache.nifi.processors.standard.RouteText - RouteText[id=bf0f7ccb-620f-4544-b652-03cd51d8645e] Adding new dynamic property: PropertyDescriptor[simple]
[pool-4161-thread-1] INFO org.apache.nifi.processors.standard.RouteText - RouteText[id=bf0f7ccb-620f-4544-b652-03cd51d8645e] Created FlowFile[3679,100419269991600.mockFlowFile,24B] from FlowFile[3678,100419269991600.mockFlowFile,24B]; routing to relationship simple
[pool-4161-thread-1] INFO org.apache.nifi.processors.standard.RouteText - RouteText[id=bf0f7ccb-620f-4544-b652-03cd51d8645e] Routing FlowFile[3678,100419269991600.mockFlowFile,24B] to original
[main] DEBUG org.apache.nifi.processors.standard.RouteText - RouteText[id=bf0f7ccb-620f-4544-b652-03cd51d8645e] Adding new dynamic property: PropertyDescriptor[simple]
[pool-4162-thread-1] INFO org.apache.nifi.processors.standard.RouteText - RouteText[id=bf0f7ccb-620f-4544-b652-03cd51d8645e] Created FlowFile[3681,100419270494605.mockFlowFile,24B] from FlowFile[3680,100419270494605.mockFlowFile,24B]; routing to relationship simple
[pool-4162-thread-1] INFO org.apache.nifi.processors.standard.RouteText - RouteText[id=bf0f7ccb-620f-4544-b652-03cd51d8645e] Routing FlowFile[3680,100419270494605.mockFlowFile,24B] to original
[main] DEBUG org.apache.nifi.processors.standard.RouteText - RouteText[id=bf0f7ccb-620f-4544-b652-03cd51d8645e] Adding new dynamic property: PropertyDescriptor[simple]
[pool-4163-thread-1] INFO org.apache.nifi.processors.standard.RouteText - RouteText[id=bf0f7ccb-620f-4544-b652-03cd51d8645e] Created FlowFile[3683,100419271168691.mockFlowFile,24B] from FlowFile[3682,100419271168691.mockFlowFile,24B]; routing to relationship simple
[pool-4163-thread-1] INFO org.apache.nifi.processors.standard.RouteText - RouteText[id=bf0f7ccb-620f-4544-b652-03cd51d8645e] Routing FlowFile[3682,100419271168691.mockFlowFile,24B] to original
[main] DEBUG org.apache.nifi.processors.standard.RouteText - RouteText[id=bf0f7ccb-620f-4544-b652-03cd51d8645e] Adding new dynamic property: PropertyDescriptor[simple]
[pool-4164-thread-1] INFO org.apache.nifi.processors.standard.RouteText - RouteText[id=bf0f7ccb-620f-4544-b652-03cd51d8645e] Created FlowFile[3685,100419271748113.mockFlowFile,24B] from FlowFile[3684,100419271748113.mockFlowFile,24B]; routing to relationship simple
[pool-4164-thread-1] INFO org.apache.nifi.processors.standard.RouteText - RouteText[id=bf0f7ccb-620f-4544-b652-03cd51d8645e] Routing FlowFile[3684,100419271748113.mockFlowFile,24B] to original
[main] DEBUG org.apache.nifi.processors.standard.RouteText - RouteText[id=bf0f7ccb-620f-4544-b652-03cd51d8645e] Adding new dynamic property: PropertyDescriptor[simple]
[pool-4165-thread-1] INFO org.apache.nifi.processors.standard.RouteText - RouteText[id=bf0f7ccb-620f-4544-b652-03cd51d8645e] Created FlowFile[3687,100419272338144.mockFlowFile,24B] from FlowFile[3686,100419272338144.mockFlowFile,24B]; routing to relationship simple
[pool-4165-thread-1] INFO org.apache.nifi.processors.standard.RouteText - RouteText[id=bf0f7ccb-620f-4544-b652-03cd51d8645e] Routing FlowFile[3686,100419272338144.mockFlowFile,24B] to original
[main] DEBUG org.apache.nifi.processors.standard.RouteText - RouteText[id=bf0f7ccb-620f-4544-b652-03cd51d8645e] Adding new dynamic property: PropertyDescriptor[simple]
[pool-4166-thread-1] INFO org.apache.nifi.processors.standard.RouteText - RouteText[id=bf0f7ccb-620f-4544-b652-03cd51d8645e] Created FlowFile[3689,100419272767572.mockFlowFile,24B] from FlowFile[3688,100419272767572.mockFlowFile,24B]; routing to relationship simple
[pool-4166-thread-1] INFO org.apache.nifi.processors.standard.RouteText - RouteText[id=bf0f7ccb-620f-4544-b652-03cd51d8645e] Routing FlowFile[3688,100419272767572.mockFlowFile,24B] to original
[main] DEBUG org.apache.nifi.processors.standard.RouteText - RouteText[id=bf0f7ccb-620f-4544-b652-03cd51d8645e] Adding new dynamic property: PropertyDescriptor[simple]
[pool-4167-thread-1] INFO org.apache.nifi.processors.standard.RouteText - RouteText[id=bf0f7ccb-620f-4544-b652-03cd51d8645e] Created FlowFile[3691,100419273119992.mockFlowFile,24B] from FlowFile[3690,100419273119992.mockFlowFile,24B]; routing to relationship simple
[pool-4167-thread-1] INFO org.apache.nifi.processors.standard.RouteText - RouteText[id=bf0f7ccb-620f-4544-b652-03cd51d8645e] Routing FlowFile[3690,100419273119992.mockFlowFile,24B] to original
[main] DEBUG org.apache.nifi.processors.standard.RouteText - RouteText[id=bf0f7ccb-620f-4544-b652-03cd51d8645e] Adding new dynamic property: PropertyDescriptor[simple]
[pool-4168-thread-1] INFO org.apache.nifi.processors.standard.RouteText - RouteText[id=bf0f7ccb-620f-4544-b652-03cd51d8645e] Created FlowFile[3693,100419273441610.mockFlowFile,24B] from FlowFile[3692,100419273441610.mockFlowFile,24B]; routing to relationship simple
[pool-4168-thread-1] INFO org.apache.nifi.processors.standard.RouteText - RouteText[id=bf0f7ccb-620f-4544-b652-03cd51d8645e] Routing FlowFile[3692,100419273441610.mockFlowFile,24B] to original
[main] DEBUG org.apache.nifi.processors.standard.RouteText - RouteText[id=bf0f7ccb-620f-4544-b652-03cd51d8645e] Adding new dynamic property: PropertyDescriptor[simple]
[pool-4169-thread-1] INFO org.apache.nifi.processors.standard.RouteText - RouteText[id=bf0f7ccb-620f-4544-b652-03cd51d8645e] Created FlowFile[3695,100419273865835.mockFlowFile,24B] from FlowFile[3694,100419273865835.mockFlowFile,24B]; routing to relationship simple
[pool-4169-thread-1] INFO org.apache.nifi.processors.standard.RouteText - RouteText[id=bf0f7ccb-620f-4544-b652-03cd51d8645e] Routing FlowFile[3694,100419273865835.mockFlowFile,24B] to original
[main] DEBUG org.apache.nifi.processors.standard.RouteText - RouteText[id=bf0f7ccb-620f-4544-b652-03cd51d8645e] Adding new dynamic property: PropertyDescriptor[simple]
[pool-4170-thread-1] INFO org.apache.nifi.processors.standard.RouteText - RouteText[id=bf0f7ccb-620f-4544-b652-03cd51d8645e] Created FlowFile[3697,100419274314503.mockFlowFile,24B] from FlowFile[3696,100419274314503.mockFlowFile,24B]; routing to relationship simple
[pool-4170-thread-1] INFO org.apache.nifi.processors.standard.RouteText - RouteText[id=bf0f7ccb-620f-4544-b652-03cd51d8645e] Routing FlowFile[3696,100419274314503.mockFlowFile,24B] to original
[main] DEBUG org.apache.nifi.processors.standard.RouteText - RouteText[id=bf0f7ccb-620f-4544-b652-03cd51d8645e] Adding new dynamic property: PropertyDescriptor[simple]
[pool-4171-thread-1] INFO org.apache.nifi.processors.standard.RouteText - RouteText[id=bf0f7ccb-620f-4544-b652-03cd51d8645e] Created FlowFile[3699,100419274893360.mockFlowFile,24B] from FlowFile[3698,100419274893360.mockFlowFile,24B]; routing to relationship simple
[pool-4171-thread-1] INFO org.apache.nifi.processors.standard.RouteText - RouteText[id=bf0f7ccb-620f-4544-b652-03cd51d8645e] Routing FlowFile[3698,100419274893360.mockFlowFile,24B] to original
[main] DEBUG org.apache.nifi.processors.standard.RouteText - RouteText[id=bf0f7ccb-620f-4544-b652-03cd51d8645e] Adding new dynamic property: PropertyDescriptor[simple]
[pool-4172-thread-1] INFO org.apache.nifi.processors.standard.RouteText - RouteText[id=bf0f7ccb-620f-4544-b652-03cd51d8645e] Created FlowFile[3701,100419275368879.mockFlowFile,24B] from FlowFile[3700,100419275368879.mockFlowFile,24B]; routing to relationship simple
[pool-4172-thread-1] INFO org.apache.nifi.processors.standard.RouteText - RouteText[id=bf0f7ccb-620f-4544-b652-03cd51d8645e] Routing FlowFile[3700,100419275368879.mockFlowFile,24B] to original
[main] DEBUG org.apache.nifi.processors.standard.RouteText - RouteText[id=bf0f7ccb-620f-4544-b652-03cd51d8645e] Adding new dynamic property: PropertyDescriptor[simple]
[pool-4173-thread-1] INFO org.apache.nifi.processors.standard.RouteText - RouteText[id=bf0f7ccb-620f-4544-b652-03cd51d8645e] Created FlowFile[3703,100419275798452.mockFlowFile,24B] from FlowFile[3702,100419275798452.mockFlowFile,24B]; routing to relationship simple
[pool-4173-thread-1] INFO org.apache.nifi.processors.standard.RouteText - RouteText[id=bf0f7ccb-620f-4544-b652-03cd51d8645e] Routing FlowFile[3702,100419275798452.mockFlowFile,24B] to original
[main] DEBUG org.apache.nifi.processors.standard.RouteText - RouteText[id=bf0f7ccb-620f-4544-b652-03cd51d8645e] Adding new dynamic property: PropertyDescriptor[simple]
[pool-4174-thread-1] INFO org.apache.nifi.processors.standard.RouteText - RouteText[id=bf0f7ccb-620f-4544-b652-03cd51d8645e] Created FlowFile[3705,100419276231379.mockFlowFile,24B] from FlowFile[3704,100419276231379.mockFlowFile,24B]; routing to relationship simple
[pool-4174-thread-1] INFO org.apache.nifi.processors.standard.RouteText - RouteText[id=bf0f7ccb-620f-4544-b652-03cd51d8645e] Routing FlowFile[3704,100419276231379.mockFlowFile,24B] to original
[main] DEBUG org.apache.nifi.processors.standard.RouteText - RouteText[id=bf0f7ccb-620f-4544-b652-03cd51d8645e] Adding new dynamic property: PropertyDescriptor[simple]
[pool-4175-thread-1] INFO org.apache.nifi.processors.standard.RouteText - RouteText[id=bf0f7ccb-620f-4544-b652-03cd51d8645e] Created FlowFile[3707,100419276766571.mockFlowFile,24B] from FlowFile[3706,100419276766571.mockFlowFile,24B]; routing to relationship simple
[pool-4175-thread-1] INFO org.apache.nifi.processors.standard.RouteText - RouteText[id=bf0f7ccb-620f-4544-b652-03cd51d8645e] Routing FlowFile[3706,100419276766571.mockFlowFile,24B] to original
[main] DEBUG org.apache.nifi.processors.standard.RouteText - RouteText[id=bf0f7ccb-620f-4544-b652-03cd51d8645e] Adding new dynamic property: PropertyDescriptor[simple]
[pool-4176-thread-1] INFO org.apache.nifi.processors.standard.RouteText - RouteText[id=bf0f7ccb-620f-4544-b652-03cd51d8645e] Created FlowFile[3709,100419277288312.mockFlowFile,24B] from FlowFile[3708,100419277288312.mockFlowFile,24B]; routing to relationship simple
[pool-4176-thread-1] INFO org.apache.nifi.processors.standard.RouteText - RouteText[id=bf0f7ccb-620f-4544-b652-03cd51d8645e] Routing FlowFile[3708,100419277288312.mockFlowFile,24B] to original
[main] DEBUG org.apache.nifi.processors.standard.RouteText - RouteText[id=bf0f7ccb-620f-4544-b652-03cd51d8645e] Adding new dynamic property: PropertyDescriptor[simple]
[pool-4177-thread-1] INFO org.apache.nifi.processors.standard.RouteText - RouteText[id=bf0f7ccb-620f-4544-b652-03cd51d8645e] Created FlowFile[3711,100419277783178.mockFlowFile,24B] from FlowFile[3710,100419277783178.mockFlowFile,24B]; routing to relationship simple
[pool-4177-thread-1] INFO org.apache.nifi.processors.standard.RouteText - RouteText[id=bf0f7ccb-620f-4544-b652-03cd51d8645e] Routing FlowFile[3710,100419277783178.mockFlowFile,24B] to original
[main] DEBUG org.apache.nifi.processors.standard.RouteText - RouteText[id=bf0f7ccb-620f-4544-b652-03cd51d8645e] Adding new dynamic property: PropertyDescriptor[simple]
[pool-4178-thread-1] INFO org.apache.nifi.processors.standard.RouteText - RouteText[id=bf0f7ccb-620f-4544-b652-03cd51d8645e] Created FlowFile[3713,100419278235373.mockFlowFile,24B] from FlowFile[3712,100419278235373.mockFlowFile,24B]; routing to relationship simple
[pool-4178-thread-1] INFO org.apache.nifi.processors.standard.RouteText - RouteText[id=bf0f7ccb-620f-4544-b652-03cd51d8645e] Routing FlowFile[3712,100419278235373.mockFlowFile,24B] to original
[main] DEBUG org.apache.nifi.processors.standard.RouteText - RouteText[id=bf0f7ccb-620f-4544-b652-03cd51d8645e] Adding new dynamic property: PropertyDescriptor[simple]
[pool-4179-thread-1] INFO org.apache.nifi.processors.standard.RouteText - RouteText[id=bf0f7ccb-620f-4544-b652-03cd51d8645e] Created FlowFile[3715,100419278564103.mockFlowFile,24B] from FlowFile[3714,100419278564103.mockFlowFile,24B]; routing to relationship simple
[pool-4179-thread-1] INFO org.apache.nifi.processors.standard.RouteText - RouteText[id=bf0f7ccb-620f-4544-b652-03cd51d8645e] Routing FlowFile[3714,100419278564103.mockFlowFile,24B] to original
[main] DEBUG org.apache.nifi.processors.standard.RouteText - RouteText[id=bf0f7ccb-620f-4544-b652-03cd51d8645e] Adding new dynamic property: PropertyDescriptor[simple]
[pool-4180-thread-1] INFO org.apache.nifi.processors.standard.RouteText - RouteText[id=bf0f7ccb-620f-4544-b652-03cd51d8645e] Created FlowFile[3717,100419278877578.mockFlowFile,24B] from FlowFile[3716,100419278877578.mockFlowFile,24B]; routing to relationship simple
[pool-4180-thread-1] INFO org.apache.nifi.processors.standard.RouteText - RouteText[id=bf0f7ccb-620f-4544-b652-03cd51d8645e] Routing FlowFile[3716,100419278877578.mockFlowFile,24B] to original
[main] DEBUG org.apache.nifi.processors.standard.RouteText - RouteText[id=bf0f7ccb-620f-4544-b652-03cd51d8645e] Adding new dynamic property: PropertyDescriptor[simple]
[pool-4181-thread-1] INFO org.apache.nifi.processors.standard.RouteText - RouteText[id=bf0f7ccb-620f-4544-b652-03cd51d8645e] Created FlowFile[3719,100419279293577.mockFlowFile,24B] from FlowFile[3718,100419279293577.mockFlowFile,24B]; routing to relationship simple
[pool-4181-thread-1] INFO org.apache.nifi.processors.standard.RouteText - RouteText[id=bf0f7ccb-620f-4544-b652-03cd51d8645e] Routing FlowFile[3718,100419279293577.mockFlowFile,24B] to original
[main] DEBUG org.apache.nifi.processors.standard.RouteText - RouteText[id=bf0f7ccb-620f-4544-b652-03cd51d8645e] Adding new dynamic property: PropertyDescriptor[simple]
[pool-4182-thread-1] INFO org.apache.nifi.processors.standard.RouteText - RouteText[id=bf0f7ccb-620f-4544-b652-03cd51d8645e] Created FlowFile[3721,100419279743255.mockFlowFile,24B] from FlowFile[3720,100419279743255.mockFlowFile,24B]; routing to relationship simple
[pool-4182-thread-1] INFO org.apache.nifi.processors.standard.RouteText - RouteText[id=bf0f7ccb-620f-4544-b652-03cd51d8645e] Routing FlowFile[3720,100419279743255.mockFlowFile,24B] to original
[main] DEBUG org.apache.nifi.processors.standard.RouteText - RouteText[id=bf0f7ccb-620f-4544-b652-03cd51d8645e] Adding new dynamic property: PropertyDescriptor[simple]
[pool-4183-thread-1] INFO org.apache.nifi.processors.standard.RouteText - RouteText[id=bf0f7ccb-620f-4544-b652-03cd51d8645e] Created FlowFile[3723,100419280181124.mockFlowFile,24B] from FlowFile[3722,100419280181124.mockFlowFile,24B]; routing to relationship simple
[pool-4183-thread-1] INFO org.apache.nifi.processors.standard.RouteText - RouteText[id=bf0f7ccb-620f-4544-b652-03cd51d8645e] Routing FlowFile[3722,100419280181124.mockFlowFile,24B] to original
[main] DEBUG org.apache.nifi.processors.standard.RouteText - RouteText[id=bf0f7ccb-620f-4544-b652-03cd51d8645e] Adding new dynamic property: PropertyDescriptor[simple]
[pool-4184-thread-1] INFO org.apache.nifi.processors.standard.RouteText - RouteText[id=bf0f7ccb-620f-4544-b652-03cd51d8645e] Created FlowFile[3725,100419280670789.mockFlowFile,24B] from FlowFile[3724,100419280670789.mockFlowFile,24B]; routing to relationship simple
[pool-4184-thread-1] INFO org.apache.nifi.processors.standard.RouteText - RouteText[id=bf0f7ccb-620f-4544-b652-03cd51d8645e] Routing FlowFile[3724,100419280670789.mockFlowFile,24B] to original
[main] DEBUG org.apache.nifi.processors.standard.RouteText - RouteText[id=bf0f7ccb-620f-4544-b652-03cd51d8645e] Adding new dynamic property: PropertyDescriptor[simple]
[pool-4185-thread-1] INFO org.apache.nifi.processors.standard.RouteText - RouteText[id=bf0f7ccb-620f-4544-b652-03cd51d8645e] Created FlowFile[3727,100419281134070.mockFlowFile,24B] from FlowFile[3726,100419281134070.mockFlowFile,24B]; routing to relationship simple
[pool-4185-thread-1] INFO org.apache.nifi.processors.standard.RouteText - RouteText[id=bf0f7ccb-620f-4544-b652-03cd51d8645e] Routing FlowFile[3726,100419281134070.mockFlowFile,24B] to original
[main] DEBUG org.apache.nifi.processors.standard.RouteText - RouteText[id=bf0f7ccb-620f-4544-b652-03cd51d8645e] Adding new dynamic property: PropertyDescriptor[simple]
[pool-4186-thread-1] INFO org.apache.nifi.processors.standard.RouteText - RouteText[id=bf0f7ccb-620f-4544-b652-03cd51d8645e] Created FlowFile[3729,100419281607682.mockFlowFile,24B] from FlowFile[3728,100419281607682.mockFlowFile,24B]; routing to relationship simple
[pool-4186-thread-1] INFO org.apache.nifi.processors.standard.RouteText - RouteText[id=bf0f7ccb-620f-4544-b652-03cd51d8645e] Routing FlowFile[3728,100419281607682.mockFlowFile,24B] to original
[main] DEBUG org.apache.nifi.processors.standard.RouteText - RouteText[id=bf0f7ccb-620f-4544-b652-03cd51d8645e] Adding new dynamic property: PropertyDescriptor[simple]
[pool-4187-thread-1] INFO org.apache.nifi.processors.standard.RouteText - RouteText[id=bf0f7ccb-620f-4544-b652-03cd51d8645e] Created FlowFile[3731,100419281984600.mockFlowFile,24B] from FlowFile[3730,100419281984600.mockFlowFile,24B]; routing to relationship simple
[pool-4187-thread-1] INFO org.apache.nifi.processors.standard.RouteText - RouteText[id=bf0f7ccb-620f-4544-b652-03cd51d8645e] Routing FlowFile[3730,100419281984600.mockFlowFile,24B] to original
[main] DEBUG org.apache.nifi.processors.standard.RouteText - RouteText[id=bf0f7ccb-620f-4544-b652-03cd51d8645e] Adding new dynamic property: PropertyDescriptor[simple]
[pool-4188-thread-1] INFO org.apache.nifi.processors.standard.RouteText - RouteText[id=bf0f7ccb-620f-4544-b652-03cd51d8645e] Created FlowFile[3733,100419282325168.mockFlowFile,24B] from FlowFile[3732,100419282325168.mockFlowFile,24B]; routing to relationship simple
[pool-4188-thread-1] INFO org.apache.nifi.processors.standard.RouteText - RouteText[id=bf0f7ccb-620f-4544-b652-03cd51d8645e] Routing FlowFile[3732,100419282325168.mockFlowFile,24B] to original
[main] DEBUG org.apache.nifi.processors.standard.RouteText - RouteText[id=bf0f7ccb-620f-4544-b652-03cd51d8645e] Adding new dynamic property: PropertyDescriptor[simple]
[pool-4189-thread-1] INFO org.apache.nifi.processors.standard.RouteText - RouteText[id=bf0f7ccb-620f-4544-b652-03cd51d8645e] Created FlowFile[3735,100419282678963.mockFlowFile,24B] from FlowFile[3734,100419282678963.mockFlowFile,24B]; routing to relationship simple
[pool-4189-thread-1] INFO org.apache.nifi.processors.standard.RouteText - RouteText[id=bf0f7ccb-620f-4544-b652-03cd51d8645e] Routing FlowFile[3734,100419282678963.mockFlowFile,24B] to original
[main] DEBUG org.apache.nifi.processors.standard.RouteText - RouteText[id=bf0f7ccb-620f-4544-b652-03cd51d8645e] Adding new dynamic property: PropertyDescriptor[simple]
[pool-4190-thread-1] INFO org.apache.nifi.processors.standard.RouteText - RouteText[id=bf0f7ccb-620f-4544-b652-03cd51d8645e] Created FlowFile[3737,100419283042491.mockFlowFile,24B] from FlowFile[3736,100419283042491.mockFlowFile,24B]; routing to relationship simple
[pool-4190-thread-1] INFO org.apache.nifi.processors.standard.RouteText - RouteText[id=bf0f7ccb-620f-4544-b652-03cd51d8645e] Routing FlowFile[3736,100419283042491.mockFlowFile,24B] to original
[main] DEBUG org.apache.nifi.processors.standard.RouteText - RouteText[id=bf0f7ccb-620f-4544-b652-03cd51d8645e] Adding new dynamic property: PropertyDescriptor[simple]
[pool-4191-thread-1] INFO org.apache.nifi.processors.standard.RouteText - RouteText[id=bf0f7ccb-620f-4544-b652-03cd51d8645e] Created FlowFile[3739,100419283525454.mockFlowFile,24B] from FlowFile[3738,100419283525454.mockFlowFile,24B]; routing to relationship simple
[pool-4191-thread-1] INFO org.apache.nifi.processors.standard.RouteText - RouteText[id=bf0f7ccb-620f-4544-b652-03cd51d8645e] Routing FlowFile[3738,100419283525454.mockFlowFile,24B] to original
[main] DEBUG org.apache.nifi.processors.standard.RouteText - RouteText[id=bf0f7ccb-620f-4544-b652-03cd51d8645e] Adding new dynamic property: PropertyDescriptor[simple]
[pool-4192-thread-1] INFO org.apache.nifi.processors.standard.RouteText - RouteText[id=bf0f7ccb-620f-4544-b652-03cd51d8645e] Created FlowFile[3741,100419283923186.mockFlowFile,24B] from FlowFile[3740,100419283923186.mockFlowFile,24B]; routing to relationship simple
[pool-4192-thread-1] INFO org.apache.nifi.processors.standard.RouteText - RouteText[id=bf0f7ccb-620f-4544-b652-03cd51d8645e] Routing FlowFile[3740,100419283923186.mockFlowFile,24B] to original
[main] DEBUG org.apache.nifi.processors.standard.RouteText - RouteText[id=bf0f7ccb-620f-4544-b652-03cd51d8645e] Adding new dynamic property: PropertyDescriptor[simple]
[pool-4193-thread-1] INFO org.apache.nifi.processors.standard.RouteText - RouteText[id=bf0f7ccb-620f-4544-b652-03cd51d8645e] Created FlowFile[3743,100419284364902.mockFlowFile,24B] from FlowFile[3742,100419284364902.mockFlowFile,24B]; routing to relationship simple
[pool-4193-thread-1] INFO org.apache.nifi.processors.standard.RouteText - RouteText[id=bf0f7ccb-620f-4544-b652-03cd51d8645e] Routing FlowFile[3742,100419284364902.mockFlowFile,24B] to original
[main] DEBUG org.apache.nifi.processors.standard.RouteText - RouteText[id=bf0f7ccb-620f-4544-b652-03cd51d8645e] Adding new dynamic property: PropertyDescriptor[simple]
[pool-4194-thread-1] INFO org.apache.nifi.processors.standard.RouteText - RouteText[id=bf0f7ccb-620f-4544-b652-03cd51d8645e] Created FlowFile[3745,100419284791484.mockFlowFile,24B] from FlowFile[3744,100419284791484.mockFlowFile,24B]; routing to relationship simple
[pool-4194-thread-1] INFO org.apache.nifi.processors.standard.RouteText - RouteText[id=bf0f7ccb-620f-4544-b652-03cd51d8645e] Routing FlowFile[3744,100419284791484.mockFlowFile,24B] to original
[main] DEBUG org.apache.nifi.processors.standard.RouteText - RouteText[id=bf0f7ccb-620f-4544-b652-03cd51d8645e] Adding new dynamic property: PropertyDescriptor[simple]
[pool-4195-thread-1] INFO org.apache.nifi.processors.standard.RouteText - RouteText[id=bf0f7ccb-620f-4544-b652-03cd51d8645e] Created FlowFile[3747,100419285173451.mockFlowFile,24B] from FlowFile[3746,100419285173451.mockFlowFile,24B]; routing to relationship simple
[pool-4195-thread-1] INFO org.apache.nifi.processors.standard.RouteText - RouteText[id=bf0f7ccb-620f-4544-b652-03cd51d8645e] Routing FlowFile[3746,100419285173451.mockFlowFile,24B] to original
[main] DEBUG org.apache.nifi.processors.standard.RouteText - RouteText[id=bf0f7ccb-620f-4544-b652-03cd51d8645e] Adding new dynamic property: PropertyDescriptor[simple]
[pool-4196-thread-1] INFO org.apache.nifi.processors.standard.RouteText - RouteText[id=bf0f7ccb-620f-4544-b652-03cd51d8645e] Created FlowFile[3749,100419285513815.mockFlowFile,24B] from FlowFile[3748,100419285513815.mockFlowFile,24B]; routing to relationship simple
[pool-4196-thread-1] INFO org.apache.nifi.processors.standard.RouteText - RouteText[id=bf0f7ccb-620f-4544-b652-03cd51d8645e] Routing FlowFile[3748,100419285513815.mockFlowFile,24B] to original
[main] DEBUG org.apache.nifi.processors.standard.RouteText - RouteText[id=bf0f7ccb-620f-4544-b652-03cd51d8645e] Adding new dynamic property: PropertyDescriptor[simple]
[pool-4197-thread-1] INFO org.apache.nifi.processors.standard.RouteText - RouteText[id=bf0f7ccb-620f-4544-b652-03cd51d8645e] Created FlowFile[3751,100419285884680.mockFlowFile,24B] from FlowFile[3750,100419285884680.mockFlowFile,24B]; routing to relationship simple
[pool-4197-thread-1] INFO org.apache.nifi.processors.standard.RouteText - RouteText[id=bf0f7ccb-620f-4544-b652-03cd51d8645e] Routing FlowFile[3750,100419285884680.mockFlowFile,24B] to original
[main] DEBUG org.apache.nifi.processors.standard.RouteText - RouteText[id=bf0f7ccb-620f-4544-b652-03cd51d8645e] Adding new dynamic property: PropertyDescriptor[simple]
[pool-4198-thread-1] INFO org.apache.nifi.processors.standard.RouteText - RouteText[id=bf0f7ccb-620f-4544-b652-03cd51d8645e] Created FlowFile[3753,100419286247906.mockFlowFile,24B] from FlowFile[3752,100419286247906.mockFlowFile,24B]; routing to relationship simple
[pool-4198-thread-1] INFO org.apache.nifi.processors.standard.RouteText - RouteText[id=bf0f7ccb-620f-4544-b652-03cd51d8645e] Routing FlowFile[3752,100419286247906.mockFlowFile,24B] to original
[main] DEBUG org.apache.nifi.processors.standard.RouteText - RouteText[id=bf0f7ccb-620f-4544-b652-03cd51d8645e] Adding new dynamic property: PropertyDescriptor[simple]
[pool-4199-thread-1] INFO org.apache.nifi.processors.standard.RouteText - RouteText[id=bf0f7ccb-620f-4544-b652-03cd51d8645e] Created FlowFile[3755,100419286630314.mockFlowFile,24B] from FlowFile[3754,100419286630314.mockFlowFile,24B]; routing to relationship simple
[pool-4199-thread-1] INFO org.apache.nifi.processors.standard.RouteText - RouteText[id=bf0f7ccb-620f-4544-b652-03cd51d8645e] Routing FlowFile[3754,100419286630314.mockFlowFile,24B] to original
[main] DEBUG org.apache.nifi.processors.standard.RouteText - RouteText[id=bf0f7ccb-620f-4544-b652-03cd51d8645e] Adding new dynamic property: PropertyDescriptor[simple]
[pool-4200-thread-1] INFO org.apache.nifi.processors.standard.RouteText - RouteText[id=bf0f7ccb-620f-4544-b652-03cd51d8645e] Created FlowFile[3757,100419286972577.mockFlowFile,24B] from FlowFile[3756,100419286972577.mockFlowFile,24B]; routing to relationship simple
[pool-4200-thread-1] INFO org.apache.nifi.processors.standard.RouteText - RouteText[id=bf0f7ccb-620f-4544-b652-03cd51d8645e] Routing FlowFile[3756,100419286972577.mockFlowFile,24B] to original
[main] DEBUG org.apache.nifi.processors.standard.RouteText - RouteText[id=bf0f7ccb-620f-4544-b652-03cd51d8645e] Adding new dynamic property: PropertyDescriptor[simple]
[pool-4201-thread-1] INFO org.apache.nifi.processors.standard.RouteText - RouteText[id=bf0f7ccb-620f-4544-b652-03cd51d8645e] Created FlowFile[3759,100419287374362.mockFlowFile,24B] from FlowFile[3758,100419287374362.mockFlowFile,24B]; routing to relationship simple
[pool-4201-thread-1] INFO org.apache.nifi.processors.standard.RouteText - RouteText[id=bf0f7ccb-620f-4544-b652-03cd51d8645e] Routing FlowFile[3758,100419287374362.mockFlowFile,24B] to original
[main] DEBUG org.apache.nifi.processors.standard.RouteText - RouteText[id=bf0f7ccb-620f-4544-b652-03cd51d8645e] Adding new dynamic property: PropertyDescriptor[simple]
[pool-4202-thread-1] INFO org.apache.nifi.processors.standard.RouteText - RouteText[id=bf0f7ccb-620f-4544-b652-03cd51d8645e] Created FlowFile[3761,100419287735741.mockFlowFile,24B] from FlowFile[3760,100419287735741.mockFlowFile,24B]; routing to relationship simple
[pool-4202-thread-1] INFO org.apache.nifi.processors.standard.RouteText - RouteText[id=bf0f7ccb-620f-4544-b652-03cd51d8645e] Routing FlowFile[3760,100419287735741.mockFlowFile,24B] to original
[main] DEBUG org.apache.nifi.processors.standard.RouteText - RouteText[id=bf0f7ccb-620f-4544-b652-03cd51d8645e] Adding new dynamic property: PropertyDescriptor[simple]
[pool-4203-thread-1] INFO org.apache.nifi.processors.standard.RouteText - RouteText[id=bf0f7ccb-620f-4544-b652-03cd51d8645e] Created FlowFile[3763,100419288092213.mockFlowFile,24B] from FlowFile[3762,100419288092213.mockFlowFile,24B]; routing to relationship simple
[pool-4203-thread-1] INFO org.apache.nifi.processors.standard.RouteText - RouteText[id=bf0f7ccb-620f-4544-b652-03cd51d8645e] Routing FlowFile[3762,100419288092213.mockFlowFile,24B] to original
[main] DEBUG org.apache.nifi.processors.standard.RouteText - RouteText[id=bf0f7ccb-620f-4544-b652-03cd51d8645e] Adding new dynamic property: PropertyDescriptor[simple]
[pool-4204-thread-1] INFO org.apache.nifi.processors.standard.RouteText - RouteText[id=bf0f7ccb-620f-4544-b652-03cd51d8645e] Created FlowFile[3765,100419288535219.mockFlowFile,24B] from FlowFile[3764,100419288535219.mockFlowFile,24B]; routing to relationship simple
[pool-4204-thread-1] INFO org.apache.nifi.processors.standard.RouteText - RouteText[id=bf0f7ccb-620f-4544-b652-03cd51d8645e] Routing FlowFile[3764,100419288535219.mockFlowFile,24B] to original
[main] DEBUG org.apache.nifi.processors.standard.RouteText - RouteText[id=bf0f7ccb-620f-4544-b652-03cd51d8645e] Adding new dynamic property: PropertyDescriptor[simple]
[pool-4205-thread-1] INFO org.apache.nifi.processors.standard.RouteText - RouteText[id=bf0f7ccb-620f-4544-b652-03cd51d8645e] Created FlowFile[3767,100419288940751.mockFlowFile,24B] from FlowFile[3766,100419288940751.mockFlowFile,24B]; routing to relationship simple
[pool-4205-thread-1] INFO org.apache.nifi.processors.standard.RouteText - RouteText[id=bf0f7ccb-620f-4544-b652-03cd51d8645e] Routing FlowFile[3766,100419288940751.mockFlowFile,24B] to original
[main] DEBUG org.apache.nifi.processors.standard.RouteText - RouteText[id=bf0f7ccb-620f-4544-b652-03cd51d8645e] Adding new dynamic property: PropertyDescriptor[simple]
[pool-4206-thread-1] INFO org.apache.nifi.processors.standard.RouteText - RouteText[id=bf0f7ccb-620f-4544-b652-03cd51d8645e] Created FlowFile[3769,100419289340092.mockFlowFile,24B] from FlowFile[3768,100419289340092.mockFlowFile,24B]; routing to relationship simple
[pool-4206-thread-1] INFO org.apache.nifi.processors.standard.RouteText - RouteText[id=bf0f7ccb-620f-4544-b652-03cd51d8645e] Routing FlowFile[3768,100419289340092.mockFlowFile,24B] to original
[main] DEBUG org.apache.nifi.processors.standard.RouteText - RouteText[id=bf0f7ccb-620f-4544-b652-03cd51d8645e] Adding new dynamic property: PropertyDescriptor[simple]
[pool-4207-thread-1] INFO org.apache.nifi.processors.standard.RouteText - RouteText[id=bf0f7ccb-620f-4544-b652-03cd51d8645e] Created FlowFile[3771,100419289719710.mockFlowFile,24B] from FlowFile[3770,100419289719710.mockFlowFile,24B]; routing to relationship simple
[pool-4207-thread-1] INFO org.apache.nifi.processors.standard.RouteText - RouteText[id=bf0f7ccb-620f-4544-b652-03cd51d8645e] Routing FlowFile[3770,100419289719710.mockFlowFile,24B] to original
[main] DEBUG org.apache.nifi.processors.standard.RouteText - RouteText[id=bf0f7ccb-620f-4544-b652-03cd51d8645e] Adding new dynamic property: PropertyDescriptor[simple]
[pool-4208-thread-1] INFO org.apache.nifi.processors.standard.RouteText - RouteText[id=bf0f7ccb-620f-4544-b652-03cd51d8645e] Created FlowFile[3773,100419290049913.mockFlowFile,24B] from FlowFile[3772,100419290049913.mockFlowFile,24B]; routing to relationship simple
[pool-4208-thread-1] INFO org.apache.nifi.processors.standard.RouteText - RouteText[id=bf0f7ccb-620f-4544-b652-03cd51d8645e] Routing FlowFile[3772,100419290049913.mockFlowFile,24B] to original
[main] DEBUG org.apache.nifi.processors.standard.RouteText - RouteText[id=bf0f7ccb-620f-4544-b652-03cd51d8645e] Adding new dynamic property: PropertyDescriptor[simple]
[pool-4209-thread-1] INFO org.apache.nifi.processors.standard.RouteText - RouteText[id=bf0f7ccb-620f-4544-b652-03cd51d8645e] Created FlowFile[3775,100419290383991.mockFlowFile,24B] from FlowFile[3774,100419290383991.mockFlowFile,24B]; routing to relationship simple
[pool-4209-thread-1] INFO org.apache.nifi.processors.standard.RouteText - RouteText[id=bf0f7ccb-620f-4544-b652-03cd51d8645e] Routing FlowFile[3774,100419290383991.mockFlowFile,24B] to original
[main] DEBUG org.apache.nifi.processors.standard.RouteText - RouteText[id=bf0f7ccb-620f-4544-b652-03cd51d8645e] Adding new dynamic property: PropertyDescriptor[simple]
[pool-4210-thread-1] INFO org.apache.nifi.processors.standard.RouteText - RouteText[id=bf0f7ccb-620f-4544-b652-03cd51d8645e] Created FlowFile[3777,100419290720438.mockFlowFile,24B] from FlowFile[3776,100419290720438.mockFlowFile,24B]; routing to relationship simple
[pool-4210-thread-1] INFO org.apache.nifi.processors.standard.RouteText - RouteText[id=bf0f7ccb-620f-4544-b652-03cd51d8645e] Routing FlowFile[3776,100419290720438.mockFlowFile,24B] to original
[main] DEBUG org.apache.nifi.processors.standard.RouteText - RouteText[id=bf0f7ccb-620f-4544-b652-03cd51d8645e] Adding new dynamic property: PropertyDescriptor[simple]
[pool-4211-thread-1] INFO org.apache.nifi.processors.standard.RouteText - RouteText[id=bf0f7ccb-620f-4544-b652-03cd51d8645e] Created FlowFile[3779,100419291193310.mockFlowFile,24B] from FlowFile[3778,100419291193310.mockFlowFile,24B]; routing to relationship simple
[pool-4211-thread-1] INFO org.apache.nifi.processors.standard.RouteText - RouteText[id=bf0f7ccb-620f-4544-b652-03cd51d8645e] Routing FlowFile[3778,100419291193310.mockFlowFile,24B] to original
[main] DEBUG org.apache.nifi.processors.standard.RouteText - RouteText[id=bf0f7ccb-620f-4544-b652-03cd51d8645e] Adding new dynamic property: PropertyDescriptor[simple]
[pool-4212-thread-1] INFO org.apache.nifi.processors.standard.RouteText - RouteText[id=bf0f7ccb-620f-4544-b652-03cd51d8645e] Created FlowFile[3781,100419291669792.mockFlowFile,24B] from FlowFile[3780,100419291669792.mockFlowFile,24B]; routing to relationship simple
[pool-4212-thread-1] INFO org.apache.nifi.processors.standard.RouteText - RouteText[id=bf0f7ccb-620f-4544-b652-03cd51d8645e] Routing FlowFile[3780,100419291669792.mockFlowFile,24B] to original
[main] DEBUG org.apache.nifi.processors.standard.RouteText - RouteText[id=bf0f7ccb-620f-4544-b652-03cd51d8645e] Adding new dynamic property: PropertyDescriptor[simple]
[pool-4213-thread-1] INFO org.apache.nifi.processors.standard.RouteText - RouteText[id=bf0f7ccb-620f-4544-b652-03cd51d8645e] Created FlowFile[3783,100419292069507.mockFlowFile,24B] from FlowFile[3782,100419292069507.mockFlowFile,24B]; routing to relationship simple
[pool-4213-thread-1] INFO org.apache.nifi.processors.standard.RouteText - RouteText[id=bf0f7ccb-620f-4544-b652-03cd51d8645e] Routing FlowFile[3782,100419292069507.mockFlowFile,24B] to original
[main] DEBUG org.apache.nifi.processors.standard.RouteText - RouteText[id=bf0f7ccb-620f-4544-b652-03cd51d8645e] Adding new dynamic property: PropertyDescriptor[simple]
[pool-4214-thread-1] INFO org.apache.nifi.processors.standard.RouteText - RouteText[id=bf0f7ccb-620f-4544-b652-03cd51d8645e] Created FlowFile[3785,100419292568930.mockFlowFile,24B] from FlowFile[3784,100419292568930.mockFlowFile,24B]; routing to relationship simple
[pool-4214-thread-1] INFO org.apache.nifi.processors.standard.RouteText - RouteText[id=bf0f7ccb-620f-4544-b652-03cd51d8645e] Routing FlowFile[3784,100419292568930.mockFlowFile,24B] to original
[main] DEBUG org.apache.nifi.processors.standard.RouteText - RouteText[id=bf0f7ccb-620f-4544-b652-03cd51d8645e] Adding new dynamic property: PropertyDescriptor[simple]
[pool-4215-thread-1] INFO org.apache.nifi.processors.standard.RouteText - RouteText[id=bf0f7ccb-620f-4544-b652-03cd51d8645e] Created FlowFile[3787,100419293036591.mockFlowFile,24B] from FlowFile[3786,100419293036591.mockFlowFile,24B]; routing to relationship simple
[pool-4215-thread-1] INFO org.apache.nifi.processors.standard.RouteText - RouteText[id=bf0f7ccb-620f-4544-b652-03cd51d8645e] Routing FlowFile[3786,100419293036591.mockFlowFile,24B] to original
[main] DEBUG org.apache.nifi.processors.standard.RouteText - RouteText[id=bf0f7ccb-620f-4544-b652-03cd51d8645e] Adding new dynamic property: PropertyDescriptor[simple]
[pool-4216-thread-1] INFO org.apache.nifi.processors.standard.RouteText - RouteText[id=bf0f7ccb-620f-4544-b652-03cd51d8645e] Created FlowFile[3789,100419293482697.mockFlowFile,24B] from FlowFile[3788,100419293482697.mockFlowFile,24B]; routing to relationship simple
[pool-4216-thread-1] INFO org.apache.nifi.processors.standard.RouteText - RouteText[id=bf0f7ccb-620f-4544-b652-03cd51d8645e] Routing FlowFile[3788,100419293482697.mockFlowFile,24B] to original
[main] DEBUG org.apache.nifi.processors.standard.RouteText - RouteText[id=bf0f7ccb-620f-4544-b652-03cd51d8645e] Adding new dynamic property: PropertyDescriptor[simple]
[pool-4217-thread-1] INFO org.apache.nifi.processors.standard.RouteText - RouteText[id=bf0f7ccb-620f-4544-b652-03cd51d8645e] Created FlowFile[3791,100419293831499.mockFlowFile,24B] from FlowFile[3790,100419293831499.mockFlowFile,24B]; routing to relationship simple
[pool-4217-thread-1] INFO org.apache.nifi.processors.standard.RouteText - RouteText[id=bf0f7ccb-620f-4544-b652-03cd51d8645e] Routing FlowFile[3790,100419293831499.mockFlowFile,24B] to original
[main] DEBUG org.apache.nifi.processors.standard.RouteText - RouteText[id=bf0f7ccb-620f-4544-b652-03cd51d8645e] Adding new dynamic property: PropertyDescriptor[simple]
[pool-4218-thread-1] INFO org.apache.nifi.processors.standard.RouteText - RouteText[id=bf0f7ccb-620f-4544-b652-03cd51d8645e] Created FlowFile[3793,100419294200753.mockFlowFile,24B] from FlowFile[3792,100419294200753.mockFlowFile,24B]; routing to relationship simple
[pool-4218-thread-1] INFO org.apache.nifi.processors.standard.RouteText - RouteText[id=bf0f7ccb-620f-4544-b652-03cd51d8645e] Routing FlowFile[3792,100419294200753.mockFlowFile,24B] to original
[main] DEBUG org.apache.nifi.processors.standard.RouteText - RouteText[id=bf0f7ccb-620f-4544-b652-03cd51d8645e] Adding new dynamic property: PropertyDescriptor[simple]
[pool-4219-thread-1] INFO org.apache.nifi.processors.standard.RouteText - RouteText[id=bf0f7ccb-620f-4544-b652-03cd51d8645e] Created FlowFile[3795,100419294557523.mockFlowFile,24B] from FlowFile[3794,100419294557523.mockFlowFile,24B]; routing to relationship simple
[pool-4219-thread-1] INFO org.apache.nifi.processors.standard.RouteText - RouteText[id=bf0f7ccb-620f-4544-b652-03cd51d8645e] Routing FlowFile[3794,100419294557523.mockFlowFile,24B] to original
[main] DEBUG org.apache.nifi.processors.standard.RouteText - RouteText[id=bf0f7ccb-620f-4544-b652-03cd51d8645e] Adding new dynamic property: PropertyDescriptor[simple]
[pool-4220-thread-1] INFO org.apache.nifi.processors.standard.RouteText - RouteText[id=bf0f7ccb-620f-4544-b652-03cd51d8645e] Created FlowFile[3797,100419294988142.mockFlowFile,24B] from FlowFile[3796,100419294988142.mockFlowFile,24B]; routing to relationship simple
[pool-4220-thread-1] INFO org.apache.nifi.processors.standard.RouteText - RouteText[id=bf0f7ccb-620f-4544-b652-03cd51d8645e] Routing FlowFile[3796,100419294988142.mockFlowFile,24B] to original
[main] DEBUG org.apache.nifi.processors.standard.RouteText - RouteText[id=bf0f7ccb-620f-4544-b652-03cd51d8645e] Adding new dynamic property: PropertyDescriptor[simple]
[pool-4221-thread-1] INFO org.apache.nifi.processors.standard.RouteText - RouteText[id=bf0f7ccb-620f-4544-b652-03cd51d8645e] Created FlowFile[3799,100419295443670.mockFlowFile,24B] from FlowFile[3798,100419295443670.mockFlowFile,24B]; routing to relationship simple
[pool-4221-thread-1] INFO org.apache.nifi.processors.standard.RouteText - RouteText[id=bf0f7ccb-620f-4544-b652-03cd51d8645e] Routing FlowFile[3798,100419295443670.mockFlowFile,24B] to original
[main] DEBUG org.apache.nifi.processors.standard.RouteText - RouteText[id=bf0f7ccb-620f-4544-b652-03cd51d8645e] Adding new dynamic property: PropertyDescriptor[simple]
[pool-4222-thread-1] INFO org.apache.nifi.processors.standard.RouteText - RouteText[id=bf0f7ccb-620f-4544-b652-03cd51d8645e] Created FlowFile[3801,100419295865415.mockFlowFile,24B] from FlowFile[3800,100419295865415.mockFlowFile,24B]; routing to relationship simple
[pool-4222-thread-1] INFO org.apache.nifi.processors.standard.RouteText - RouteText[id=bf0f7ccb-620f-4544-b652-03cd51d8645e] Routing FlowFile[3800,100419295865415.mockFlowFile,24B] to original
[main] DEBUG org.apache.nifi.processors.standard.RouteText - RouteText[id=bf0f7ccb-620f-4544-b652-03cd51d8645e] Adding new dynamic property: PropertyDescriptor[simple]
[pool-4223-thread-1] INFO org.apache.nifi.processors.standard.RouteText - RouteText[id=bf0f7ccb-620f-4544-b652-03cd51d8645e] Created FlowFile[3803,100419296366459.mockFlowFile,24B] from FlowFile[3802,100419296366459.mockFlowFile,24B]; routing to relationship simple
[pool-4223-thread-1] INFO org.apache.nifi.processors.standard.RouteText - RouteText[id=bf0f7ccb-620f-4544-b652-03cd51d8645e] Routing FlowFile[3802,100419296366459.mockFlowFile,24B] to original
[main] DEBUG org.apache.nifi.processors.standard.RouteText - RouteText[id=bf0f7ccb-620f-4544-b652-03cd51d8645e] Adding new dynamic property: PropertyDescriptor[simple]
[pool-4224-thread-1] INFO org.apache.nifi.processors.standard.RouteText - RouteText[id=bf0f7ccb-620f-4544-b652-03cd51d8645e] Created FlowFile[3805,100419296813985.mockFlowFile,24B] from FlowFile[3804,100419296813985.mockFlowFile,24B]; routing to relationship simple
[pool-4224-thread-1] INFO org.apache.nifi.processors.standard.RouteText - RouteText[id=bf0f7ccb-620f-4544-b652-03cd51d8645e] Routing FlowFile[3804,100419296813985.mockFlowFile,24B] to original
[main] DEBUG org.apache.nifi.processors.standard.RouteText - RouteText[id=bf0f7ccb-620f-4544-b652-03cd51d8645e] Adding new dynamic property: PropertyDescriptor[simple]
[pool-4225-thread-1] INFO org.apache.nifi.processors.standard.RouteText - RouteText[id=bf0f7ccb-620f-4544-b652-03cd51d8645e] Created FlowFile[3807,100419297251765.mockFlowFile,24B] from FlowFile[3806,100419297251765.mockFlowFile,24B]; routing to relationship simple
[pool-4225-thread-1] INFO org.apache.nifi.processors.standard.RouteText - RouteText[id=bf0f7ccb-620f-4544-b652-03cd51d8645e] Routing FlowFile[3806,100419297251765.mockFlowFile,24B] to original
[main] DEBUG org.apache.nifi.processors.standard.RouteText - RouteText[id=bf0f7ccb-620f-4544-b652-03cd51d8645e] Adding new dynamic property: PropertyDescriptor[simple]
[pool-4226-thread-1] INFO org.apache.nifi.processors.standard.RouteText - RouteText[id=bf0f7ccb-620f-4544-b652-03cd51d8645e] Created FlowFile[3809,100419297790561.mockFlowFile,24B] from FlowFile[3808,100419297790561.mockFlowFile,24B]; routing to relationship simple
[pool-4226-thread-1] INFO org.apache.nifi.processors.standard.RouteText - RouteText[id=bf0f7ccb-620f-4544-b652-03cd51d8645e] Routing FlowFile[3808,100419297790561.mockFlowFile,24B] to original
[main] DEBUG org.apache.nifi.processors.standard.RouteText - RouteText[id=bf0f7ccb-620f-4544-b652-03cd51d8645e] Adding new dynamic property: PropertyDescriptor[simple]
[pool-4227-thread-1] INFO org.apache.nifi.processors.standard.RouteText - RouteText[id=bf0f7ccb-620f-4544-b652-03cd51d8645e] Created FlowFile[3811,100419298284428.mockFlowFile,24B] from FlowFile[3810,100419298284428.mockFlowFile,24B]; routing to relationship simple
[pool-4227-thread-1] INFO org.apache.nifi.processors.standard.RouteText - RouteText[id=bf0f7ccb-620f-4544-b652-03cd51d8645e] Routing FlowFile[3810,100419298284428.mockFlowFile,24B] to original
[main] DEBUG org.apache.nifi.processors.standard.RouteText - RouteText[id=bf0f7ccb-620f-4544-b652-03cd51d8645e] Adding new dynamic property: PropertyDescriptor[simple]
[pool-4228-thread-1] INFO org.apache.nifi.processors.standard.RouteText - RouteText[id=bf0f7ccb-620f-4544-b652-03cd51d8645e] Created FlowFile[3813,100419299594227.mockFlowFile,24B] from FlowFile[3812,100419299594227.mockFlowFile,24B]; routing to relationship simple
[pool-4228-thread-1] INFO org.apache.nifi.processors.standard.RouteText - RouteText[id=bf0f7ccb-620f-4544-b652-03cd51d8645e] Routing FlowFile[3812,100419299594227.mockFlowFile,24B] to original
[main] DEBUG org.apache.nifi.processors.standard.RouteText - RouteText[id=bf0f7ccb-620f-4544-b652-03cd51d8645e] Adding new dynamic property: PropertyDescriptor[simple]
[pool-4229-thread-1] INFO org.apache.nifi.processors.standard.RouteText - RouteText[id=bf0f7ccb-620f-4544-b652-03cd51d8645e] Created FlowFile[3815,100419300101525.mockFlowFile,24B] from FlowFile[3814,100419300101525.mockFlowFile,24B]; routing to relationship simple
[pool-4229-thread-1] INFO org.apache.nifi.processors.standard.RouteText - RouteText[id=bf0f7ccb-620f-4544-b652-03cd51d8645e] Routing FlowFile[3814,100419300101525.mockFlowFile,24B] to original
[main] DEBUG org.apache.nifi.processors.standard.RouteText - RouteText[id=bf0f7ccb-620f-4544-b652-03cd51d8645e] Adding new dynamic property: PropertyDescriptor[simple]
[pool-4230-thread-1] INFO org.apache.nifi.processors.standard.RouteText - RouteText[id=bf0f7ccb-620f-4544-b652-03cd51d8645e] Created FlowFile[3817,100419300487108.mockFlowFile,24B] from FlowFile[3816,100419300487108.mockFlowFile,24B]; routing to relationship simple
[pool-4230-thread-1] INFO org.apache.nifi.processors.standard.RouteText - RouteText[id=bf0f7ccb-620f-4544-b652-03cd51d8645e] Routing FlowFile[3816,100419300487108.mockFlowFile,24B] to original
[main] DEBUG org.apache.nifi.processors.standard.RouteText - RouteText[id=bf0f7ccb-620f-4544-b652-03cd51d8645e] Adding new dynamic property: PropertyDescriptor[simple]
[pool-4231-thread-1] INFO org.apache.nifi.processors.standard.RouteText - RouteText[id=bf0f7ccb-620f-4544-b652-03cd51d8645e] Created FlowFile[3819,100419300879961.mockFlowFile,24B] from FlowFile[3818,100419300879961.mockFlowFile,24B]; routing to relationship simple
[pool-4231-thread-1] INFO org.apache.nifi.processors.standard.RouteText - RouteText[id=bf0f7ccb-620f-4544-b652-03cd51d8645e] Routing FlowFile[3818,100419300879961.mockFlowFile,24B] to original
[main] DEBUG org.apache.nifi.processors.standard.RouteText - RouteText[id=bf0f7ccb-620f-4544-b652-03cd51d8645e] Adding new dynamic property: PropertyDescriptor[simple]
[pool-4232-thread-1] INFO org.apache.nifi.processors.standard.RouteText - RouteText[id=bf0f7ccb-620f-4544-b652-03cd51d8645e] Created FlowFile[3821,100419301432195.mockFlowFile,24B] from FlowFile[3820,100419301432195.mockFlowFile,24B]; routing to relationship simple
[pool-4232-thread-1] INFO org.apache.nifi.processors.standard.RouteText - RouteText[id=bf0f7ccb-620f-4544-b652-03cd51d8645e] Routing FlowFile[3820,100419301432195.mockFlowFile,24B] to original
[main] DEBUG org.apache.nifi.processors.standard.RouteText - RouteText[id=bf0f7ccb-620f-4544-b652-03cd51d8645e] Adding new dynamic property: PropertyDescriptor[simple]
[pool-4233-thread-1] INFO org.apache.nifi.processors.standard.RouteText - RouteText[id=bf0f7ccb-620f-4544-b652-03cd51d8645e] Created FlowFile[3823,100419301827187.mockFlowFile,24B] from FlowFile[3822,100419301827187.mockFlowFile,24B]; routing to relationship simple
[pool-4233-thread-1] INFO org.apache.nifi.processors.standard.RouteText - RouteText[id=bf0f7ccb-620f-4544-b652-03cd51d8645e] Routing FlowFile[3822,100419301827187.mockFlowFile,24B] to original
[main] DEBUG org.apache.nifi.processors.standard.RouteText - RouteText[id=bf0f7ccb-620f-4544-b652-03cd51d8645e] Adding new dynamic property: PropertyDescriptor[simple]
[pool-4234-thread-1] INFO org.apache.nifi.processors.standard.RouteText - RouteText[id=bf0f7ccb-620f-4544-b652-03cd51d8645e] Created FlowFile[3825,100419302218148.mockFlowFile,24B] from FlowFile[3824,100419302218148.mockFlowFile,24B]; routing to relationship simple
[pool-4234-thread-1] INFO org.apache.nifi.processors.standard.RouteText - RouteText[id=bf0f7ccb-620f-4544-b652-03cd51d8645e] Routing FlowFile[3824,100419302218148.mockFlowFile,24B] to original
[main] DEBUG org.apache.nifi.processors.standard.RouteText - RouteText[id=bf0f7ccb-620f-4544-b652-03cd51d8645e] Adding new dynamic property: PropertyDescriptor[simple]
[pool-4235-thread-1] INFO org.apache.nifi.processors.standard.RouteText - RouteText[id=bf0f7ccb-620f-4544-b652-03cd51d8645e] Created FlowFile[3827,100419302606469.mockFlowFile,24B] from FlowFile[3826,100419302606469.mockFlowFile,24B]; routing to relationship simple
[pool-4235-thread-1] INFO org.apache.nifi.processors.standard.RouteText - RouteText[id=bf0f7ccb-620f-4544-b652-03cd51d8645e] Routing FlowFile[3826,100419302606469.mockFlowFile,24B] to original
[main] DEBUG org.apache.nifi.processors.standard.RouteText - RouteText[id=bf0f7ccb-620f-4544-b652-03cd51d8645e] Adding new dynamic property: PropertyDescriptor[simple]
[pool-4236-thread-1] INFO org.apache.nifi.processors.standard.RouteText - RouteText[id=bf0f7ccb-620f-4544-b652-03cd51d8645e] Created FlowFile[3829,100419303047015.mockFlowFile,24B] from FlowFile[3828,100419303047015.mockFlowFile,24B]; routing to relationship simple
[pool-4236-thread-1] INFO org.apache.nifi.processors.standard.RouteText - RouteText[id=bf0f7ccb-620f-4544-b652-03cd51d8645e] Routing FlowFile[3828,100419303047015.mockFlowFile,24B] to original
[main] DEBUG org.apache.nifi.processors.standard.RouteText - RouteText[id=bf0f7ccb-620f-4544-b652-03cd51d8645e] Adding new dynamic property: PropertyDescriptor[simple]
[pool-4237-thread-1] INFO org.apache.nifi.processors.standard.RouteText - RouteText[id=bf0f7ccb-620f-4544-b652-03cd51d8645e] Created FlowFile[3831,100419303476075.mockFlowFile,24B] from FlowFile[3830,100419303476075.mockFlowFile,24B]; routing to relationship simple
[pool-4237-thread-1] INFO org.apache.nifi.processors.standard.RouteText - RouteText[id=bf0f7ccb-620f-4544-b652-03cd51d8645e] Routing FlowFile[3830,100419303476075.mockFlowFile,24B] to original
[main] DEBUG org.apache.nifi.processors.standard.RouteText - RouteText[id=bf0f7ccb-620f-4544-b652-03cd51d8645e] Adding new dynamic property: PropertyDescriptor[simple]
[pool-4238-thread-1] INFO org.apache.nifi.processors.standard.RouteText - RouteText[id=bf0f7ccb-620f-4544-b652-03cd51d8645e] Created FlowFile[3833,100419303899667.mockFlowFile,24B] from FlowFile[3832,100419303899667.mockFlowFile,24B]; routing to relationship simple
[pool-4238-thread-1] INFO org.apache.nifi.processors.standard.RouteText - RouteText[id=bf0f7ccb-620f-4544-b652-03cd51d8645e] Routing FlowFile[3832,100419303899667.mockFlowFile,24B] to original
[main] DEBUG org.apache.nifi.processors.standard.RouteText - RouteText[id=bf0f7ccb-620f-4544-b652-03cd51d8645e] Adding new dynamic property: PropertyDescriptor[simple]
[pool-4239-thread-1] INFO org.apache.nifi.processors.standard.RouteText - RouteText[id=bf0f7ccb-620f-4544-b652-03cd51d8645e] Created FlowFile[3835,100419304438783.mockFlowFile,24B] from FlowFile[3834,100419304438783.mockFlowFile,24B]; routing to relationship simple
[pool-4239-thread-1] INFO org.apache.nifi.processors.standard.RouteText - RouteText[id=bf0f7ccb-620f-4544-b652-03cd51d8645e] Routing FlowFile[3834,100419304438783.mockFlowFile,24B] to original
[main] DEBUG org.apache.nifi.processors.standard.RouteText - RouteText[id=bf0f7ccb-620f-4544-b652-03cd51d8645e] Adding new dynamic property: PropertyDescriptor[simple]
[pool-4240-thread-1] INFO org.apache.nifi.processors.standard.RouteText - RouteText[id=bf0f7ccb-620f-4544-b652-03cd51d8645e] Created FlowFile[3837,100419304826840.mockFlowFile,24B] from FlowFile[3836,100419304826840.mockFlowFile,24B]; routing to relationship simple
[pool-4240-thread-1] INFO org.apache.nifi.processors.standard.RouteText - RouteText[id=bf0f7ccb-620f-4544-b652-03cd51d8645e] Routing FlowFile[3836,100419304826840.mockFlowFile,24B] to original
[main] DEBUG org.apache.nifi.processors.standard.RouteText - RouteText[id=bf0f7ccb-620f-4544-b652-03cd51d8645e] Adding new dynamic property: PropertyDescriptor[simple]
[pool-4241-thread-1] INFO org.apache.nifi.processors.standard.RouteText - RouteText[id=bf0f7ccb-620f-4544-b652-03cd51d8645e] Created FlowFile[3839,100419305240503.mockFlowFile,24B] from FlowFile[3838,100419305240503.mockFlowFile,24B]; routing to relationship simple
[pool-4241-thread-1] INFO org.apache.nifi.processors.standard.RouteText - RouteText[id=bf0f7ccb-620f-4544-b652-03cd51d8645e] Routing FlowFile[3838,100419305240503.mockFlowFile,24B] to original
[main] DEBUG org.apache.nifi.processors.standard.RouteText - RouteText[id=bf0f7ccb-620f-4544-b652-03cd51d8645e] Adding new dynamic property: PropertyDescriptor[simple]
[pool-4242-thread-1] INFO org.apache.nifi.processors.standard.RouteText - RouteText[id=bf0f7ccb-620f-4544-b652-03cd51d8645e] Created FlowFile[3841,100419305681431.mockFlowFile,24B] from FlowFile[3840,100419305681431.mockFlowFile,24B]; routing to relationship simple
[pool-4242-thread-1] INFO org.apache.nifi.processors.standard.RouteText - RouteText[id=bf0f7ccb-620f-4544-b652-03cd51d8645e] Routing FlowFile[3840,100419305681431.mockFlowFile,24B] to original
[main] DEBUG org.apache.nifi.processors.standard.RouteText - RouteText[id=bf0f7ccb-620f-4544-b652-03cd51d8645e] Adding new dynamic property: PropertyDescriptor[simple]
[pool-4243-thread-1] INFO org.apache.nifi.processors.standard.RouteText - RouteText[id=bf0f7ccb-620f-4544-b652-03cd51d8645e] Created FlowFile[3843,100419306099360.mockFlowFile,24B] from FlowFile[3842,100419306099360.mockFlowFile,24B]; routing to relationship simple
[pool-4243-thread-1] INFO org.apache.nifi.processors.standard.RouteText - RouteText[id=bf0f7ccb-620f-4544-b652-03cd51d8645e] Routing FlowFile[3842,100419306099360.mockFlowFile,24B] to original
[main] DEBUG org.apache.nifi.processors.standard.RouteText - RouteText[id=bf0f7ccb-620f-4544-b652-03cd51d8645e] Adding new dynamic property: PropertyDescriptor[simple]
[pool-4244-thread-1] INFO org.apache.nifi.processors.standard.RouteText - RouteText[id=bf0f7ccb-620f-4544-b652-03cd51d8645e] Created FlowFile[3845,100419306516117.mockFlowFile,24B] from FlowFile[3844,100419306516117.mockFlowFile,24B]; routing to relationship simple
[pool-4244-thread-1] INFO org.apache.nifi.processors.standard.RouteText - RouteText[id=bf0f7ccb-620f-4544-b652-03cd51d8645e] Routing FlowFile[3844,100419306516117.mockFlowFile,24B] to original
[main] DEBUG org.apache.nifi.processors.standard.RouteText - RouteText[id=bf0f7ccb-620f-4544-b652-03cd51d8645e] Adding new dynamic property: PropertyDescriptor[simple]
[pool-4245-thread-1] INFO org.apache.nifi.processors.standard.RouteText - RouteText[id=bf0f7ccb-620f-4544-b652-03cd51d8645e] Created FlowFile[3847,100419306950962.mockFlowFile,24B] from FlowFile[3846,100419306950962.mockFlowFile,24B]; routing to relationship simple
[pool-4245-thread-1] INFO org.apache.nifi.processors.standard.RouteText - RouteText[id=bf0f7ccb-620f-4544-b652-03cd51d8645e] Routing FlowFile[3846,100419306950962.mockFlowFile,24B] to original
[main] DEBUG org.apache.nifi.processors.standard.RouteText - RouteText[id=bf0f7ccb-620f-4544-b652-03cd51d8645e] Adding new dynamic property: PropertyDescriptor[simple]
[pool-4246-thread-1] INFO org.apache.nifi.processors.standard.RouteText - RouteText[id=bf0f7ccb-620f-4544-b652-03cd51d8645e] Created FlowFile[3849,100419307459744.mockFlowFile,24B] from FlowFile[3848,100419307459744.mockFlowFile,24B]; routing to relationship simple
[pool-4246-thread-1] INFO org.apache.nifi.processors.standard.RouteText - RouteText[id=bf0f7ccb-620f-4544-b652-03cd51d8645e] Routing FlowFile[3848,100419307459744.mockFlowFile,24B] to original
[main] DEBUG org.apache.nifi.processors.standard.RouteText - RouteText[id=bf0f7ccb-620f-4544-b652-03cd51d8645e] Adding new dynamic property: PropertyDescriptor[simple]
[pool-4247-thread-1] INFO org.apache.nifi.processors.standard.RouteText - RouteText[id=bf0f7ccb-620f-4544-b652-03cd51d8645e] Created FlowFile[3851,100419307891581.mockFlowFile,24B] from FlowFile[3850,100419307891581.mockFlowFile,24B]; routing to relationship simple
[pool-4247-thread-1] INFO org.apache.nifi.processors.standard.RouteText - RouteText[id=bf0f7ccb-620f-4544-b652-03cd51d8645e] Routing FlowFile[3850,100419307891581.mockFlowFile,24B] to original
[main] DEBUG org.apache.nifi.processors.standard.RouteText - RouteText[id=bf0f7ccb-620f-4544-b652-03cd51d8645e] Adding new dynamic property: PropertyDescriptor[simple]
[pool-4248-thread-1] INFO org.apache.nifi.processors.standard.RouteText - RouteText[id=bf0f7ccb-620f-4544-b652-03cd51d8645e] Created FlowFile[3853,100419308340635.mockFlowFile,24B] from FlowFile[3852,100419308340635.mockFlowFile,24B]; routing to relationship simple
[pool-4248-thread-1] INFO org.apache.nifi.processors.standard.RouteText - RouteText[id=bf0f7ccb-620f-4544-b652-03cd51d8645e] Routing FlowFile[3852,100419308340635.mockFlowFile,24B] to original
[main] DEBUG org.apache.nifi.processors.standard.RouteText - RouteText[id=bf0f7ccb-620f-4544-b652-03cd51d8645e] Adding new dynamic property: PropertyDescriptor[simple]
[pool-4249-thread-1] INFO org.apache.nifi.processors.standard.RouteText - RouteText[id=bf0f7ccb-620f-4544-b652-03cd51d8645e] Created FlowFile[3855,100419308768267.mockFlowFile,24B] from FlowFile[3854,100419308768267.mockFlowFile,24B]; routing to relationship simple
[pool-4249-thread-1] INFO org.apache.nifi.processors.standard.RouteText - RouteText[id=bf0f7ccb-620f-4544-b652-03cd51d8645e] Routing FlowFile[3854,100419308768267.mockFlowFile,24B] to original
[main] DEBUG org.apache.nifi.processors.standard.RouteText - RouteText[id=bf0f7ccb-620f-4544-b652-03cd51d8645e] Adding new dynamic property: PropertyDescriptor[simple]
[pool-4250-thread-1] INFO org.apache.nifi.processors.standard.RouteText - RouteText[id=bf0f7ccb-620f-4544-b652-03cd51d8645e] Created FlowFile[3857,100419309236253.mockFlowFile,24B] from FlowFile[3856,100419309236253.mockFlowFile,24B]; routing to relationship simple
[pool-4250-thread-1] INFO org.apache.nifi.processors.standard.RouteText - RouteText[id=bf0f7ccb-620f-4544-b652-03cd51d8645e] Routing FlowFile[3856,100419309236253.mockFlowFile,24B] to original
[main] DEBUG org.apache.nifi.processors.standard.RouteText - RouteText[id=bf0f7ccb-620f-4544-b652-03cd51d8645e] Adding new dynamic property: PropertyDescriptor[simple]
[pool-4251-thread-1] INFO org.apache.nifi.processors.standard.RouteText - RouteText[id=bf0f7ccb-620f-4544-b652-03cd51d8645e] Created FlowFile[3859,100419309667638.mockFlowFile,24B] from FlowFile[3858,100419309667638.mockFlowFile,24B]; routing to relationship simple
[pool-4251-thread-1] INFO org.apache.nifi.processors.standard.RouteText - RouteText[id=bf0f7ccb-620f-4544-b652-03cd51d8645e] Routing FlowFile[3858,100419309667638.mockFlowFile,24B] to original
[main] DEBUG org.apache.nifi.processors.standard.RouteText - RouteText[id=bf0f7ccb-620f-4544-b652-03cd51d8645e] Adding new dynamic property: PropertyDescriptor[simple]
[pool-4252-thread-1] INFO org.apache.nifi.processors.standard.RouteText - RouteText[id=bf0f7ccb-620f-4544-b652-03cd51d8645e] Created FlowFile[3861,100419310115708.mockFlowFile,24B] from FlowFile[3860,100419310115708.mockFlowFile,24B]; routing to relationship simple
[pool-4252-thread-1] INFO org.apache.nifi.processors.standard.RouteText - RouteText[id=bf0f7ccb-620f-4544-b652-03cd51d8645e] Routing FlowFile[3860,100419310115708.mockFlowFile,24B] to original
[main] DEBUG org.apache.nifi.processors.standard.RouteText - RouteText[id=bf0f7ccb-620f-4544-b652-03cd51d8645e] Adding new dynamic property: PropertyDescriptor[simple]
[pool-4253-thread-1] INFO org.apache.nifi.processors.standard.RouteText - RouteText[id=bf0f7ccb-620f-4544-b652-03cd51d8645e] Created FlowFile[3863,100419310570070.mockFlowFile,24B] from FlowFile[3862,100419310570070.mockFlowFile,24B]; routing to relationship simple
[pool-4253-thread-1] INFO org.apache.nifi.processors.standard.RouteText - RouteText[id=bf0f7ccb-620f-4544-b652-03cd51d8645e] Routing FlowFile[3862,100419310570070.mockFlowFile,24B] to original
[main] DEBUG org.apache.nifi.processors.standard.RouteText - RouteText[id=bf0f7ccb-620f-4544-b652-03cd51d8645e] Adding new dynamic property: PropertyDescriptor[simple]
[pool-4254-thread-1] INFO org.apache.nifi.processors.standard.RouteText - RouteText[id=bf0f7ccb-620f-4544-b652-03cd51d8645e] Created FlowFile[3865,100419311030140.mockFlowFile,24B] from FlowFile[3864,100419311030140.mockFlowFile,24B]; routing to relationship simple
[pool-4254-thread-1] INFO org.apache.nifi.processors.standard.RouteText - RouteText[id=bf0f7ccb-620f-4544-b652-03cd51d8645e] Routing FlowFile[3864,100419311030140.mockFlowFile,24B] to original
[main] DEBUG org.apache.nifi.processors.standard.RouteText - RouteText[id=bf0f7ccb-620f-4544-b652-03cd51d8645e] Adding new dynamic property: PropertyDescriptor[simple]
[pool-4255-thread-1] INFO org.apache.nifi.processors.standard.RouteText - RouteText[id=bf0f7ccb-620f-4544-b652-03cd51d8645e] Created FlowFile[3867,100419311446140.mockFlowFile,24B] from FlowFile[3866,100419311446140.mockFlowFile,24B]; routing to relationship simple
[pool-4255-thread-1] INFO org.apache.nifi.processors.standard.RouteText - RouteText[id=bf0f7ccb-620f-4544-b652-03cd51d8645e] Routing FlowFile[3866,100419311446140.mockFlowFile,24B] to original
[main] DEBUG org.apache.nifi.processors.standard.RouteText - RouteText[id=bf0f7ccb-620f-4544-b652-03cd51d8645e] Adding new dynamic property: PropertyDescriptor[simple]
[pool-4256-thread-1] INFO org.apache.nifi.processors.standard.RouteText - RouteText[id=bf0f7ccb-620f-4544-b652-03cd51d8645e] Created FlowFile[3869,100419311906360.mockFlowFile,24B] from FlowFile[3868,100419311906360.mockFlowFile,24B]; routing to relationship simple
[pool-4256-thread-1] INFO org.apache.nifi.processors.standard.RouteText - RouteText[id=bf0f7ccb-620f-4544-b652-03cd51d8645e] Routing FlowFile[3868,100419311906360.mockFlowFile,24B] to original
[main] DEBUG org.apache.nifi.processors.standard.RouteText - RouteText[id=bf0f7ccb-620f-4544-b652-03cd51d8645e] Adding new dynamic property: PropertyDescriptor[simple]
[pool-4257-thread-1] INFO org.apache.nifi.processors.standard.RouteText - RouteText[id=bf0f7ccb-620f-4544-b652-03cd51d8645e] Created FlowFile[3871,100419312372549.mockFlowFile,24B] from FlowFile[3870,100419312372549.mockFlowFile,24B]; routing to relationship simple
[pool-4257-thread-1] INFO org.apache.nifi.processors.standard.RouteText - RouteText[id=bf0f7ccb-620f-4544-b652-03cd51d8645e] Routing FlowFile[3870,100419312372549.mockFlowFile,24B] to original
[main] DEBUG org.apache.nifi.processors.standard.RouteText - RouteText[id=bf0f7ccb-620f-4544-b652-03cd51d8645e] Adding new dynamic property: PropertyDescriptor[simple]
[pool-4258-thread-1] INFO org.apache.nifi.processors.standard.RouteText - RouteText[id=bf0f7ccb-620f-4544-b652-03cd51d8645e] Created FlowFile[3873,100419312811366.mockFlowFile,24B] from FlowFile[3872,100419312811366.mockFlowFile,24B]; routing to relationship simple
[pool-4258-thread-1] INFO org.apache.nifi.processors.standard.RouteText - RouteText[id=bf0f7ccb-620f-4544-b652-03cd51d8645e] Routing FlowFile[3872,100419312811366.mockFlowFile,24B] to original
[main] DEBUG org.apache.nifi.processors.standard.RouteText - RouteText[id=bf0f7ccb-620f-4544-b652-03cd51d8645e] Adding new dynamic property: PropertyDescriptor[simple]
[pool-4259-thread-1] INFO org.apache.nifi.processors.standard.RouteText - RouteText[id=bf0f7ccb-620f-4544-b652-03cd51d8645e] Created FlowFile[3875,100419313249875.mockFlowFile,24B] from FlowFile[3874,100419313249875.mockFlowFile,24B]; routing to relationship simple
[pool-4259-thread-1] INFO org.apache.nifi.processors.standard.RouteText - RouteText[id=bf0f7ccb-620f-4544-b652-03cd51d8645e] Routing FlowFile[3874,100419313249875.mockFlowFile,24B] to original
[main] DEBUG org.apache.nifi.processors.standard.RouteText - RouteText[id=bf0f7ccb-620f-4544-b652-03cd51d8645e] Adding new dynamic property: PropertyDescriptor[simple]
[pool-4260-thread-1] INFO org.apache.nifi.processors.standard.RouteText - RouteText[id=bf0f7ccb-620f-4544-b652-03cd51d8645e] Created FlowFile[3877,100419313688050.mockFlowFile,24B] from FlowFile[3876,100419313688050.mockFlowFile,24B]; routing to relationship simple
[pool-4260-thread-1] INFO org.apache.nifi.processors.standard.RouteText - RouteText[id=bf0f7ccb-620f-4544-b652-03cd51d8645e] Routing FlowFile[3876,100419313688050.mockFlowFile,24B] to original
[main] DEBUG org.apache.nifi.processors.standard.RouteText - RouteText[id=bf0f7ccb-620f-4544-b652-03cd51d8645e] Adding new dynamic property: PropertyDescriptor[simple]
[pool-4261-thread-1] INFO org.apache.nifi.processors.standard.RouteText - RouteText[id=bf0f7ccb-620f-4544-b652-03cd51d8645e] Created FlowFile[3879,100419314131108.mockFlowFile,24B] from FlowFile[3878,100419314131108.mockFlowFile,24B]; routing to relationship simple
[pool-4261-thread-1] INFO org.apache.nifi.processors.standard.RouteText - RouteText[id=bf0f7ccb-620f-4544-b652-03cd51d8645e] Routing FlowFile[3878,100419314131108.mockFlowFile,24B] to original
[main] DEBUG org.apache.nifi.processors.standard.RouteText - RouteText[id=bf0f7ccb-620f-4544-b652-03cd51d8645e] Adding new dynamic property: PropertyDescriptor[simple]
[pool-4262-thread-1] INFO org.apache.nifi.processors.standard.RouteText - RouteText[id=bf0f7ccb-620f-4544-b652-03cd51d8645e] Created FlowFile[3881,100419314630395.mockFlowFile,24B] from FlowFile[3880,100419314630395.mockFlowFile,24B]; routing to relationship simple
[pool-4262-thread-1] INFO org.apache.nifi.processors.standard.RouteText - RouteText[id=bf0f7ccb-620f-4544-b652-03cd51d8645e] Routing FlowFile[3880,100419314630395.mockFlowFile,24B] to original
[main] DEBUG org.apache.nifi.processors.standard.RouteText - RouteText[id=bf0f7ccb-620f-4544-b652-03cd51d8645e] Adding new dynamic property: PropertyDescriptor[simple]
[pool-4263-thread-1] INFO org.apache.nifi.processors.standard.RouteText - RouteText[id=bf0f7ccb-620f-4544-b652-03cd51d8645e] Created FlowFile[3883,100419315093216.mockFlowFile,24B] from FlowFile[3882,100419315093216.mockFlowFile,24B]; routing to relationship simple
[pool-4263-thread-1] INFO org.apache.nifi.processors.standard.RouteText - RouteText[id=bf0f7ccb-620f-4544-b652-03cd51d8645e] Routing FlowFile[3882,100419315093216.mockFlowFile,24B] to original
[main] DEBUG org.apache.nifi.processors.standard.RouteText - RouteText[id=bf0f7ccb-620f-4544-b652-03cd51d8645e] Adding new dynamic property: PropertyDescriptor[simple]
[pool-4264-thread-1] INFO org.apache.nifi.processors.standard.RouteText - RouteText[id=bf0f7ccb-620f-4544-b652-03cd51d8645e] Created FlowFile[3885,100419315524103.mockFlowFile,24B] from FlowFile[3884,100419315524103.mockFlowFile,24B]; routing to relationship simple
[pool-4264-thread-1] INFO org.apache.nifi.processors.standard.RouteText - RouteText[id=bf0f7ccb-620f-4544-b652-03cd51d8645e] Routing FlowFile[3884,100419315524103.mockFlowFile,24B] to original
[main] DEBUG org.apache.nifi.processors.standard.RouteText - RouteText[id=bf0f7ccb-620f-4544-b652-03cd51d8645e] Adding new dynamic property: PropertyDescriptor[simple]
[pool-4265-thread-1] INFO org.apache.nifi.processors.standard.RouteText - RouteText[id=bf0f7ccb-620f-4544-b652-03cd51d8645e] Created FlowFile[3887,100419315946052.mockFlowFile,24B] from FlowFile[3886,100419315946052.mockFlowFile,24B]; routing to relationship simple
[pool-4265-thread-1] INFO org.apache.nifi.processors.standard.RouteText - RouteText[id=bf0f7ccb-620f-4544-b652-03cd51d8645e] Routing FlowFile[3886,100419315946052.mockFlowFile,24B] to original
[main] DEBUG org.apache.nifi.processors.standard.RouteText - RouteText[id=bf0f7ccb-620f-4544-b652-03cd51d8645e] Adding new dynamic property: PropertyDescriptor[simple]
[pool-4266-thread-1] INFO org.apache.nifi.processors.standard.RouteText - RouteText[id=bf0f7ccb-620f-4544-b652-03cd51d8645e] Created FlowFile[3889,100419316397999.mockFlowFile,24B] from FlowFile[3888,100419316397999.mockFlowFile,24B]; routing to relationship simple
[pool-4266-thread-1] INFO org.apache.nifi.processors.standard.RouteText - RouteText[id=bf0f7ccb-620f-4544-b652-03cd51d8645e] Routing FlowFile[3888,100419316397999.mockFlowFile,24B] to original
[main] DEBUG org.apache.nifi.processors.standard.RouteText - RouteText[id=bf0f7ccb-620f-4544-b652-03cd51d8645e] Adding new dynamic property: PropertyDescriptor[simple]
[pool-4267-thread-1] INFO org.apache.nifi.processors.standard.RouteText - RouteText[id=bf0f7ccb-620f-4544-b652-03cd51d8645e] Created FlowFile[3891,100419316863729.mockFlowFile,24B] from FlowFile[3890,100419316863729.mockFlowFile,24B]; routing to relationship simple
[pool-4267-thread-1] INFO org.apache.nifi.processors.standard.RouteText - RouteText[id=bf0f7ccb-620f-4544-b652-03cd51d8645e] Routing FlowFile[3890,100419316863729.mockFlowFile,24B] to original
[main] DEBUG org.apache.nifi.processors.standard.RouteText - RouteText[id=bf0f7ccb-620f-4544-b652-03cd51d8645e] Adding new dynamic property: PropertyDescriptor[simple]
[pool-4268-thread-1] INFO org.apache.nifi.processors.standard.RouteText - RouteText[id=bf0f7ccb-620f-4544-b652-03cd51d8645e] Created FlowFile[3893,100419317314620.mockFlowFile,24B] from FlowFile[3892,100419317314620.mockFlowFile,24B]; routing to relationship simple
[pool-4268-thread-1] INFO org.apache.nifi.processors.standard.RouteText - RouteText[id=bf0f7ccb-620f-4544-b652-03cd51d8645e] Routing FlowFile[3892,100419317314620.mockFlowFile,24B] to original
[main] DEBUG org.apache.nifi.processors.standard.RouteText - RouteText[id=bf0f7ccb-620f-4544-b652-03cd51d8645e] Adding new dynamic property: PropertyDescriptor[simple]
[pool-4269-thread-1] INFO org.apache.nifi.processors.standard.RouteText - RouteText[id=bf0f7ccb-620f-4544-b652-03cd51d8645e] Created FlowFile[3895,100419317744467.mockFlowFile,24B] from FlowFile[3894,100419317744467.mockFlowFile,24B]; routing to relationship simple
[pool-4269-thread-1] INFO org.apache.nifi.processors.standard.RouteText - RouteText[id=bf0f7ccb-620f-4544-b652-03cd51d8645e] Routing FlowFile[3894,100419317744467.mockFlowFile,24B] to original
[main] DEBUG org.apache.nifi.processors.standard.RouteText - RouteText[id=bf0f7ccb-620f-4544-b652-03cd51d8645e] Adding new dynamic property: PropertyDescriptor[simple]
[pool-4270-thread-1] INFO org.apache.nifi.processors.standard.RouteText - RouteText[id=bf0f7ccb-620f-4544-b652-03cd51d8645e] Created FlowFile[3897,100419318177148.mockFlowFile,24B] from FlowFile[3896,100419318177148.mockFlowFile,24B]; routing to relationship simple
[pool-4270-thread-1] INFO org.apache.nifi.processors.standard.RouteText - RouteText[id=bf0f7ccb-620f-4544-b652-03cd51d8645e] Routing FlowFile[3896,100419318177148.mockFlowFile,24B] to original
[main] DEBUG org.apache.nifi.processors.standard.RouteText - RouteText[id=bf0f7ccb-620f-4544-b652-03cd51d8645e] Adding new dynamic property: PropertyDescriptor[simple]
[pool-4271-thread-1] INFO org.apache.nifi.processors.standard.RouteText - RouteText[id=bf0f7ccb-620f-4544-b652-03cd51d8645e] Created FlowFile[3899,100419318610263.mockFlowFile,24B] from FlowFile[3898,100419318610263.mockFlowFile,24B]; routing to relationship simple
[pool-4271-thread-1] INFO org.apache.nifi.processors.standard.RouteText - RouteText[id=bf0f7ccb-620f-4544-b652-03cd51d8645e] Routing FlowFile[3898,100419318610263.mockFlowFile,24B] to original
[main] DEBUG org.apache.nifi.processors.standard.RouteText - RouteText[id=bf0f7ccb-620f-4544-b652-03cd51d8645e] Adding new dynamic property: PropertyDescriptor[simple]
[pool-4272-thread-1] INFO org.apache.nifi.processors.standard.RouteText - RouteText[id=bf0f7ccb-620f-4544-b652-03cd51d8645e] Created FlowFile[3901,100419319039474.mockFlowFile,24B] from FlowFile[3900,100419319039474.mockFlowFile,24B]; routing to relationship simple
[pool-4272-thread-1] INFO org.apache.nifi.processors.standard.RouteText - RouteText[id=bf0f7ccb-620f-4544-b652-03cd51d8645e] Routing FlowFile[3900,100419319039474.mockFlowFile,24B] to original
[main] DEBUG org.apache.nifi.processors.standard.RouteText - RouteText[id=bf0f7ccb-620f-4544-b652-03cd51d8645e] Adding new dynamic property: PropertyDescriptor[simple]
[pool-4273-thread-1] INFO org.apache.nifi.processors.standard.RouteText - RouteText[id=bf0f7ccb-620f-4544-b652-03cd51d8645e] Created FlowFile[3903,100419319503097.mockFlowFile,24B] from FlowFile[3902,100419319503097.mockFlowFile,24B]; routing to relationship simple
[pool-4273-thread-1] INFO org.apache.nifi.processors.standard.RouteText - RouteText[id=bf0f7ccb-620f-4544-b652-03cd51d8645e] Routing FlowFile[3902,100419319503097.mockFlowFile,24B] to original
[main] DEBUG org.apache.nifi.processors.standard.RouteText - RouteText[id=bf0f7ccb-620f-4544-b652-03cd51d8645e] Adding new dynamic property: PropertyDescriptor[simple]
[pool-4274-thread-1] INFO org.apache.nifi.processors.standard.RouteText - RouteText[id=bf0f7ccb-620f-4544-b652-03cd51d8645e] Created FlowFile[3905,100419319973909.mockFlowFile,24B] from FlowFile[3904,100419319973909.mockFlowFile,24B]; routing to relationship simple
[pool-4274-thread-1] INFO org.apache.nifi.processors.standard.RouteText - RouteText[id=bf0f7ccb-620f-4544-b652-03cd51d8645e] Routing FlowFile[3904,100419319973909.mockFlowFile,24B] to original
[main] DEBUG org.apache.nifi.processors.standard.RouteText - RouteText[id=bf0f7ccb-620f-4544-b652-03cd51d8645e] Adding new dynamic property: PropertyDescriptor[simple]
[pool-4275-thread-1] INFO org.apache.nifi.processors.standard.RouteText - RouteText[id=bf0f7ccb-620f-4544-b652-03cd51d8645e] Created FlowFile[3907,100419320425561.mockFlowFile,24B] from FlowFile[3906,100419320425561.mockFlowFile,24B]; routing to relationship simple
[pool-4275-thread-1] INFO org.apache.nifi.processors.standard.RouteText - RouteText[id=bf0f7ccb-620f-4544-b652-03cd51d8645e] Routing FlowFile[3906,100419320425561.mockFlowFile,24B] to original
[main] DEBUG org.apache.nifi.processors.standard.RouteText - RouteText[id=bf0f7ccb-620f-4544-b652-03cd51d8645e] Adding new dynamic property: PropertyDescriptor[simple]
[pool-4276-thread-1] INFO org.apache.nifi.processors.standard.RouteText - RouteText[id=bf0f7ccb-620f-4544-b652-03cd51d8645e] Created FlowFile[3909,100419320866991.mockFlowFile,24B] from FlowFile[3908,100419320866991.mockFlowFile,24B]; routing to relationship simple
[pool-4276-thread-1] INFO org.apache.nifi.processors.standard.RouteText - RouteText[id=bf0f7ccb-620f-4544-b652-03cd51d8645e] Routing FlowFile[3908,100419320866991.mockFlowFile,24B] to original
[main] DEBUG org.apache.nifi.processors.standard.RouteText - RouteText[id=bf0f7ccb-620f-4544-b652-03cd51d8645e] Adding new dynamic property: PropertyDescriptor[simple]
[pool-4277-thread-1] INFO org.apache.nifi.processors.standard.RouteText - RouteText[id=bf0f7ccb-620f-4544-b652-03cd51d8645e] Created FlowFile[3911,100419321383089.mockFlowFile,24B] from FlowFile[3910,100419321383089.mockFlowFile,24B]; routing to relationship simple
[pool-4277-thread-1] INFO org.apache.nifi.processors.standard.RouteText - RouteText[id=bf0f7ccb-620f-4544-b652-03cd51d8645e] Routing FlowFile[3910,100419321383089.mockFlowFile,24B] to original
[main] DEBUG org.apache.nifi.processors.standard.RouteText - RouteText[id=bf0f7ccb-620f-4544-b652-03cd51d8645e] Adding new dynamic property: PropertyDescriptor[simple]
[pool-4278-thread-1] INFO org.apache.nifi.processors.standard.RouteText - RouteText[id=bf0f7ccb-620f-4544-b652-03cd51d8645e] Created FlowFile[3913,100419321841625.mockFlowFile,24B] from FlowFile[3912,100419321841625.mockFlowFile,24B]; routing to relationship simple
[pool-4278-thread-1] INFO org.apache.nifi.processors.standard.RouteText - RouteText[id=bf0f7ccb-620f-4544-b652-03cd51d8645e] Routing FlowFile[3912,100419321841625.mockFlowFile,24B] to original
[main] DEBUG org.apache.nifi.processors.standard.RouteText - RouteText[id=bf0f7ccb-620f-4544-b652-03cd51d8645e] Adding new dynamic property: PropertyDescriptor[simple]
[pool-4279-thread-1] INFO org.apache.nifi.processors.standard.RouteText - RouteText[id=bf0f7ccb-620f-4544-b652-03cd51d8645e] Created FlowFile[3915,100419322282452.mockFlowFile,24B] from FlowFile[3914,100419322282452.mockFlowFile,24B]; routing to relationship simple
[pool-4279-thread-1] INFO org.apache.nifi.processors.standard.RouteText - RouteText[id=bf0f7ccb-620f-4544-b652-03cd51d8645e] Routing FlowFile[3914,100419322282452.mockFlowFile,24B] to original
[main] DEBUG org.apache.nifi.processors.standard.RouteText - RouteText[id=bf0f7ccb-620f-4544-b652-03cd51d8645e] Adding new dynamic property: PropertyDescriptor[simple]
[pool-4280-thread-1] INFO org.apache.nifi.processors.standard.RouteText - RouteText[id=bf0f7ccb-620f-4544-b652-03cd51d8645e] Created FlowFile[3917,100419322717446.mockFlowFile,24B] from FlowFile[3916,100419322717446.mockFlowFile,24B]; routing to relationship simple
[pool-4280-thread-1] INFO org.apache.nifi.processors.standard.RouteText - RouteText[id=bf0f7ccb-620f-4544-b652-03cd51d8645e] Routing FlowFile[3916,100419322717446.mockFlowFile,24B] to original
[main] DEBUG org.apache.nifi.processors.standard.RouteText - RouteText[id=bf0f7ccb-620f-4544-b652-03cd51d8645e] Adding new dynamic property: PropertyDescriptor[simple]
[pool-4281-thread-1] INFO org.apache.nifi.processors.standard.RouteText - RouteText[id=bf0f7ccb-620f-4544-b652-03cd51d8645e] Created FlowFile[3919,100419323158997.mockFlowFile,24B] from FlowFile[3918,100419323158997.mockFlowFile,24B]; routing to relationship simple
[pool-4281-thread-1] INFO org.apache.nifi.processors.standard.RouteText - RouteText[id=bf0f7ccb-620f-4544-b652-03cd51d8645e] Routing FlowFile[3918,100419323158997.mockFlowFile,24B] to original
[main] DEBUG org.apache.nifi.processors.standard.RouteText - RouteText[id=bf0f7ccb-620f-4544-b652-03cd51d8645e] Adding new dynamic property: PropertyDescriptor[simple]
[pool-4282-thread-1] INFO org.apache.nifi.processors.standard.RouteText - RouteText[id=bf0f7ccb-620f-4544-b652-03cd51d8645e] Created FlowFile[3921,100419323605854.mockFlowFile,24B] from FlowFile[3920,100419323605854.mockFlowFile,24B]; routing to relationship simple
[pool-4282-thread-1] INFO org.apache.nifi.processors.standard.RouteText - RouteText[id=bf0f7ccb-620f-4544-b652-03cd51d8645e] Routing FlowFile[3920,100419323605854.mockFlowFile,24B] to original
[main] DEBUG org.apache.nifi.processors.standard.RouteText - RouteText[id=bf0f7ccb-620f-4544-b652-03cd51d8645e] Adding new dynamic property: PropertyDescriptor[simple]
[pool-4283-thread-1] INFO org.apache.nifi.processors.standard.RouteText - RouteText[id=bf0f7ccb-620f-4544-b652-03cd51d8645e] Created FlowFile[3923,100419324146427.mockFlowFile,24B] from FlowFile[3922,100419324146427.mockFlowFile,24B]; routing to relationship simple
[pool-4283-thread-1] INFO org.apache.nifi.processors.standard.RouteText - RouteText[id=bf0f7ccb-620f-4544-b652-03cd51d8645e] Routing FlowFile[3922,100419324146427.mockFlowFile,24B] to original
[main] DEBUG org.apache.nifi.processors.standard.RouteText - RouteText[id=bf0f7ccb-620f-4544-b652-03cd51d8645e] Adding new dynamic property: PropertyDescriptor[simple]
[pool-4284-thread-1] INFO org.apache.nifi.processors.standard.RouteText - RouteText[id=bf0f7ccb-620f-4544-b652-03cd51d8645e] Created FlowFile[3925,100419324679914.mockFlowFile,24B] from FlowFile[3924,100419324679914.mockFlowFile,24B]; routing to relationship simple
[pool-4284-thread-1] INFO org.apache.nifi.processors.standard.RouteText - RouteText[id=bf0f7ccb-620f-4544-b652-03cd51d8645e] Routing FlowFile[3924,100419324679914.mockFlowFile,24B] to original
[main] DEBUG org.apache.nifi.processors.standard.RouteText - RouteText[id=bf0f7ccb-620f-4544-b652-03cd51d8645e] Adding new dynamic property: PropertyDescriptor[simple]
[pool-4285-thread-1] INFO org.apache.nifi.processors.standard.RouteText - RouteText[id=bf0f7ccb-620f-4544-b652-03cd51d8645e] Created FlowFile[3927,100419325051970.mockFlowFile,24B] from FlowFile[3926,100419325051970.mockFlowFile,24B]; routing to relationship simple
[pool-4285-thread-1] INFO org.apache.nifi.processors.standard.RouteText - RouteText[id=bf0f7ccb-620f-4544-b652-03cd51d8645e] Routing FlowFile[3926,100419325051970.mockFlowFile,24B] to original
[main] DEBUG org.apache.nifi.processors.standard.RouteText - RouteText[id=bf0f7ccb-620f-4544-b652-03cd51d8645e] Adding new dynamic property: PropertyDescriptor[simple]
[pool-4286-thread-1] INFO org.apache.nifi.processors.standard.RouteText - RouteText[id=bf0f7ccb-620f-4544-b652-03cd51d8645e] Created FlowFile[3929,100419325409386.mockFlowFile,24B] from FlowFile[3928,100419325409386.mockFlowFile,24B]; routing to relationship simple
[pool-4286-thread-1] INFO org.apache.nifi.processors.standard.RouteText - RouteText[id=bf0f7ccb-620f-4544-b652-03cd51d8645e] Routing FlowFile[3928,100419325409386.mockFlowFile,24B] to original
[main] DEBUG org.apache.nifi.processors.standard.RouteText - RouteText[id=bf0f7ccb-620f-4544-b652-03cd51d8645e] Adding new dynamic property: PropertyDescriptor[simple]
[pool-4287-thread-1] INFO org.apache.nifi.processors.standard.RouteText - RouteText[id=bf0f7ccb-620f-4544-b652-03cd51d8645e] Created FlowFile[3931,100419325763774.mockFlowFile,24B] from FlowFile[3930,100419325763774.mockFlowFile,24B]; routing to relationship simple
[pool-4287-thread-1] INFO org.apache.nifi.processors.standard.RouteText - RouteText[id=bf0f7ccb-620f-4544-b652-03cd51d8645e] Routing FlowFile[3930,100419325763774.mockFlowFile,24B] to original
[main] DEBUG org.apache.nifi.processors.standard.RouteText - RouteText[id=bf0f7ccb-620f-4544-b652-03cd51d8645e] Adding new dynamic property: PropertyDescriptor[simple]
[pool-4288-thread-1] INFO org.apache.nifi.processors.standard.RouteText - RouteText[id=bf0f7ccb-620f-4544-b652-03cd51d8645e] Created FlowFile[3933,100419326257693.mockFlowFile,24B] from FlowFile[3932,100419326257693.mockFlowFile,24B]; routing to relationship simple
[pool-4288-thread-1] INFO org.apache.nifi.processors.standard.RouteText - RouteText[id=bf0f7ccb-620f-4544-b652-03cd51d8645e] Routing FlowFile[3932,100419326257693.mockFlowFile,24B] to original
[main] DEBUG org.apache.nifi.processors.standard.RouteText - RouteText[id=bf0f7ccb-620f-4544-b652-03cd51d8645e] Adding new dynamic property: PropertyDescriptor[simple]
[pool-4289-thread-1] INFO org.apache.nifi.processors.standard.RouteText - RouteText[id=bf0f7ccb-620f-4544-b652-03cd51d8645e] Created FlowFile[3935,100419327980334.mockFlowFile,24B] from FlowFile[3934,100419327980334.mockFlowFile,24B]; routing to relationship simple
[pool-4289-thread-1] INFO org.apache.nifi.processors.standard.RouteText - RouteText[id=bf0f7ccb-620f-4544-b652-03cd51d8645e] Routing FlowFile[3934,100419327980334.mockFlowFile,24B] to original
[main] DEBUG org.apache.nifi.processors.standard.RouteText - RouteText[id=bf0f7ccb-620f-4544-b652-03cd51d8645e] Adding new dynamic property: PropertyDescriptor[simple]
[pool-4290-thread-1] INFO org.apache.nifi.processors.standard.RouteText - RouteText[id=bf0f7ccb-620f-4544-b652-03cd51d8645e] Created FlowFile[3937,100419328521289.mockFlowFile,24B] from FlowFile[3936,100419328521289.mockFlowFile,24B]; routing to relationship simple
[pool-4290-thread-1] INFO org.apache.nifi.processors.standard.RouteText - RouteText[id=bf0f7ccb-620f-4544-b652-03cd51d8645e] Routing FlowFile[3936,100419328521289.mockFlowFile,24B] to original
[main] DEBUG org.apache.nifi.processors.standard.RouteText - RouteText[id=bf0f7ccb-620f-4544-b652-03cd51d8645e] Adding new dynamic property: PropertyDescriptor[simple]
[pool-4291-thread-1] INFO org.apache.nifi.processors.standard.RouteText - RouteText[id=bf0f7ccb-620f-4544-b652-03cd51d8645e] Created FlowFile[3939,100419328896869.mockFlowFile,24B] from FlowFile[3938,100419328896869.mockFlowFile,24B]; routing to relationship simple
[pool-4291-thread-1] INFO org.apache.nifi.processors.standard.RouteText - RouteText[id=bf0f7ccb-620f-4544-b652-03cd51d8645e] Routing FlowFile[3938,100419328896869.mockFlowFile,24B] to original
[main] DEBUG org.apache.nifi.processors.standard.RouteText - RouteText[id=bf0f7ccb-620f-4544-b652-03cd51d8645e] Adding new dynamic property: PropertyDescriptor[simple]
[pool-4292-thread-1] INFO org.apache.nifi.processors.standard.RouteText - RouteText[id=bf0f7ccb-620f-4544-b652-03cd51d8645e] Created FlowFile[3941,100419329262431.mockFlowFile,24B] from FlowFile[3940,100419329262431.mockFlowFile,24B]; routing to relationship simple
[pool-4292-thread-1] INFO org.apache.nifi.processors.standard.RouteText - RouteText[id=bf0f7ccb-620f-4544-b652-03cd51d8645e] Routing FlowFile[3940,100419329262431.mockFlowFile,24B] to original
[main] DEBUG org.apache.nifi.processors.standard.RouteText - RouteText[id=bf0f7ccb-620f-4544-b652-03cd51d8645e] Adding new dynamic property: PropertyDescriptor[simple]
[pool-4293-thread-1] INFO org.apache.nifi.processors.standard.RouteText - RouteText[id=bf0f7ccb-620f-4544-b652-03cd51d8645e] Created FlowFile[3943,100419329645496.mockFlowFile,24B] from FlowFile[3942,100419329645496.mockFlowFile,24B]; routing to relationship simple
[pool-4293-thread-1] INFO org.apache.nifi.processors.standard.RouteText - RouteText[id=bf0f7ccb-620f-4544-b652-03cd51d8645e] Routing FlowFile[3942,100419329645496.mockFlowFile,24B] to original
[main] DEBUG org.apache.nifi.processors.standard.RouteText - RouteText[id=bf0f7ccb-620f-4544-b652-03cd51d8645e] Adding new dynamic property: PropertyDescriptor[simple]
[pool-4294-thread-1] INFO org.apache.nifi.processors.standard.RouteText - RouteText[id=bf0f7ccb-620f-4544-b652-03cd51d8645e] Created FlowFile[3945,100419330072102.mockFlowFile,24B] from FlowFile[3944,100419330072102.mockFlowFile,24B]; routing to relationship simple
[pool-4294-thread-1] INFO org.apache.nifi.processors.standard.RouteText - RouteText[id=bf0f7ccb-620f-4544-b652-03cd51d8645e] Routing FlowFile[3944,100419330072102.mockFlowFile,24B] to original
[main] DEBUG org.apache.nifi.processors.standard.RouteText - RouteText[id=bf0f7ccb-620f-4544-b652-03cd51d8645e] Adding new dynamic property: PropertyDescriptor[simple]
[pool-4295-thread-1] INFO org.apache.nifi.processors.standard.RouteText - RouteText[id=bf0f7ccb-620f-4544-b652-03cd51d8645e] Created FlowFile[3947,100419330488820.mockFlowFile,24B] from FlowFile[3946,100419330488820.mockFlowFile,24B]; routing to relationship simple
[pool-4295-thread-1] INFO org.apache.nifi.processors.standard.RouteText - RouteText[id=bf0f7ccb-620f-4544-b652-03cd51d8645e] Routing FlowFile[3946,100419330488820.mockFlowFile,24B] to original
[main] DEBUG org.apache.nifi.processors.standard.RouteText - RouteText[id=bf0f7ccb-620f-4544-b652-03cd51d8645e] Adding new dynamic property: PropertyDescriptor[simple]
[pool-4296-thread-1] INFO org.apache.nifi.processors.standard.RouteText - RouteText[id=bf0f7ccb-620f-4544-b652-03cd51d8645e] Created FlowFile[3949,100419330923678.mockFlowFile,24B] from FlowFile[3948,100419330923678.mockFlowFile,24B]; routing to relationship simple
[pool-4296-thread-1] INFO org.apache.nifi.processors.standard.RouteText - RouteText[id=bf0f7ccb-620f-4544-b652-03cd51d8645e] Routing FlowFile[3948,100419330923678.mockFlowFile,24B] to original
[main] DEBUG org.apache.nifi.processors.standard.RouteText - RouteText[id=bf0f7ccb-620f-4544-b652-03cd51d8645e] Adding new dynamic property: PropertyDescriptor[simple]
[pool-4297-thread-1] INFO org.apache.nifi.processors.standard.RouteText - RouteText[id=bf0f7ccb-620f-4544-b652-03cd51d8645e] Created FlowFile[3951,100419331392384.mockFlowFile,24B] from FlowFile[3950,100419331392384.mockFlowFile,24B]; routing to relationship simple
[pool-4297-thread-1] INFO org.apache.nifi.processors.standard.RouteText - RouteText[id=bf0f7ccb-620f-4544-b652-03cd51d8645e] Routing FlowFile[3950,100419331392384.mockFlowFile,24B] to original
[main] DEBUG org.apache.nifi.processors.standard.RouteText - RouteText[id=bf0f7ccb-620f-4544-b652-03cd51d8645e] Adding new dynamic property: PropertyDescriptor[simple]
[pool-4298-thread-1] INFO org.apache.nifi.processors.standard.RouteText - RouteText[id=bf0f7ccb-620f-4544-b652-03cd51d8645e] Created FlowFile[3953,100419331798631.mockFlowFile,24B] from FlowFile[3952,100419331798631.mockFlowFile,24B]; routing to relationship simple
[pool-4298-thread-1] INFO org.apache.nifi.processors.standard.RouteText - RouteText[id=bf0f7ccb-620f-4544-b652-03cd51d8645e] Routing FlowFile[3952,100419331798631.mockFlowFile,24B] to original
[main] DEBUG org.apache.nifi.processors.standard.RouteText - RouteText[id=bf0f7ccb-620f-4544-b652-03cd51d8645e] Adding new dynamic property: PropertyDescriptor[simple]
[pool-4299-thread-1] INFO org.apache.nifi.processors.standard.RouteText - RouteText[id=bf0f7ccb-620f-4544-b652-03cd51d8645e] Created FlowFile[3955,100419332217726.mockFlowFile,24B] from FlowFile[3954,100419332217726.mockFlowFile,24B]; routing to relationship simple
[pool-4299-thread-1] INFO org.apache.nifi.processors.standard.RouteText - RouteText[id=bf0f7ccb-620f-4544-b652-03cd51d8645e] Routing FlowFile[3954,100419332217726.mockFlowFile,24B] to original
[main] DEBUG org.apache.nifi.processors.standard.RouteText - RouteText[id=bf0f7ccb-620f-4544-b652-03cd51d8645e] Adding new dynamic property: PropertyDescriptor[simple]
[pool-4300-thread-1] INFO org.apache.nifi.processors.standard.RouteText - RouteText[id=bf0f7ccb-620f-4544-b652-03cd51d8645e] Created FlowFile[3957,100419332725792.mockFlowFile,24B] from FlowFile[3956,100419332725792.mockFlowFile,24B]; routing to relationship simple
[pool-4300-thread-1] INFO org.apache.nifi.processors.standard.RouteText - RouteText[id=bf0f7ccb-620f-4544-b652-03cd51d8645e] Routing FlowFile[3956,100419332725792.mockFlowFile,24B] to original
[main] DEBUG org.apache.nifi.processors.standard.RouteText - RouteText[id=bf0f7ccb-620f-4544-b652-03cd51d8645e] Adding new dynamic property: PropertyDescriptor[simple]
[pool-4301-thread-1] INFO org.apache.nifi.processors.standard.RouteText - RouteText[id=bf0f7ccb-620f-4544-b652-03cd51d8645e] Created FlowFile[3959,100419333183016.mockFlowFile,24B] from FlowFile[3958,100419333183016.mockFlowFile,24B]; routing to relationship simple
[pool-4301-thread-1] INFO org.apache.nifi.processors.standard.RouteText - RouteText[id=bf0f7ccb-620f-4544-b652-03cd51d8645e] Routing FlowFile[3958,100419333183016.mockFlowFile,24B] to original
[main] DEBUG org.apache.nifi.processors.standard.RouteText - RouteText[id=bf0f7ccb-620f-4544-b652-03cd51d8645e] Adding new dynamic property: PropertyDescriptor[simple]
[pool-4302-thread-1] INFO org.apache.nifi.processors.standard.RouteText - RouteText[id=bf0f7ccb-620f-4544-b652-03cd51d8645e] Created FlowFile[3961,100419333627155.mockFlowFile,24B] from FlowFile[3960,100419333627155.mockFlowFile,24B]; routing to relationship simple
[pool-4302-thread-1] INFO org.apache.nifi.processors.standard.RouteText - RouteText[id=bf0f7ccb-620f-4544-b652-03cd51d8645e] Routing FlowFile[3960,100419333627155.mockFlowFile,24B] to original
[main] DEBUG org.apache.nifi.processors.standard.RouteText - RouteText[id=bf0f7ccb-620f-4544-b652-03cd51d8645e] Adding new dynamic property: PropertyDescriptor[simple]
[pool-4303-thread-1] INFO org.apache.nifi.processors.standard.RouteText - RouteText[id=bf0f7ccb-620f-4544-b652-03cd51d8645e] Created FlowFile[3963,100419333992082.mockFlowFile,24B] from FlowFile[3962,100419333992082.mockFlowFile,24B]; routing to relationship simple
[pool-4303-thread-1] INFO org.apache.nifi.processors.standard.RouteText - RouteText[id=bf0f7ccb-620f-4544-b652-03cd51d8645e] Routing FlowFile[3962,100419333992082.mockFlowFile,24B] to original
[main] DEBUG org.apache.nifi.processors.standard.RouteText - RouteText[id=bf0f7ccb-620f-4544-b652-03cd51d8645e] Adding new dynamic property: PropertyDescriptor[simple]
[pool-4304-thread-1] INFO org.apache.nifi.processors.standard.RouteText - RouteText[id=bf0f7ccb-620f-4544-b652-03cd51d8645e] Created FlowFile[3965,100419334336821.mockFlowFile,24B] from FlowFile[3964,100419334336821.mockFlowFile,24B]; routing to relationship simple
[pool-4304-thread-1] INFO org.apache.nifi.processors.standard.RouteText - RouteText[id=bf0f7ccb-620f-4544-b652-03cd51d8645e] Routing FlowFile[3964,100419334336821.mockFlowFile,24B] to original
[main] DEBUG org.apache.nifi.processors.standard.RouteText - RouteText[id=bf0f7ccb-620f-4544-b652-03cd51d8645e] Adding new dynamic property: PropertyDescriptor[simple]
[pool-4305-thread-1] INFO org.apache.nifi.processors.standard.RouteText - RouteText[id=bf0f7ccb-620f-4544-b652-03cd51d8645e] Created FlowFile[3967,100419334667825.mockFlowFile,24B] from FlowFile[3966,100419334667825.mockFlowFile,24B]; routing to relationship simple
[pool-4305-thread-1] INFO org.apache.nifi.processors.standard.RouteText - RouteText[id=bf0f7ccb-620f-4544-b652-03cd51d8645e] Routing FlowFile[3966,100419334667825.mockFlowFile,24B] to original
[main] DEBUG org.apache.nifi.processors.standard.RouteText - RouteText[id=bf0f7ccb-620f-4544-b652-03cd51d8645e] Adding new dynamic property: PropertyDescriptor[simple]
[pool-4306-thread-1] INFO org.apache.nifi.processors.standard.RouteText - RouteText[id=bf0f7ccb-620f-4544-b652-03cd51d8645e] Created FlowFile[3969,100419335005370.mockFlowFile,24B] from FlowFile[3968,100419335005370.mockFlowFile,24B]; routing to relationship simple
[pool-4306-thread-1] INFO org.apache.nifi.processors.standard.RouteText - RouteText[id=bf0f7ccb-620f-4544-b652-03cd51d8645e] Routing FlowFile[3968,100419335005370.mockFlowFile,24B] to original
[main] DEBUG org.apache.nifi.processors.standard.RouteText - RouteText[id=bf0f7ccb-620f-4544-b652-03cd51d8645e] Adding new dynamic property: PropertyDescriptor[simple]
[pool-4307-thread-1] INFO org.apache.nifi.processors.standard.RouteText - RouteText[id=bf0f7ccb-620f-4544-b652-03cd51d8645e] Created FlowFile[3971,100419335510269.mockFlowFile,24B] from FlowFile[3970,100419335510269.mockFlowFile,24B]; routing to relationship simple
[pool-4307-thread-1] INFO org.apache.nifi.processors.standard.RouteText - RouteText[id=bf0f7ccb-620f-4544-b652-03cd51d8645e] Routing FlowFile[3970,100419335510269.mockFlowFile,24B] to original
[main] DEBUG org.apache.nifi.processors.standard.RouteText - RouteText[id=bf0f7ccb-620f-4544-b652-03cd51d8645e] Adding new dynamic property: PropertyDescriptor[simple]
[pool-4308-thread-1] INFO org.apache.nifi.processors.standard.RouteText - RouteText[id=bf0f7ccb-620f-4544-b652-03cd51d8645e] Created FlowFile[3973,100419335869959.mockFlowFile,24B] from FlowFile[3972,100419335869959.mockFlowFile,24B]; routing to relationship simple
[pool-4308-thread-1] INFO org.apache.nifi.processors.standard.RouteText - RouteText[id=bf0f7ccb-620f-4544-b652-03cd51d8645e] Routing FlowFile[3972,100419335869959.mockFlowFile,24B] to original
[main] DEBUG org.apache.nifi.processors.standard.RouteText - RouteText[id=bf0f7ccb-620f-4544-b652-03cd51d8645e] Adding new dynamic property: PropertyDescriptor[simple]
[pool-4309-thread-1] INFO org.apache.nifi.processors.standard.RouteText - RouteText[id=bf0f7ccb-620f-4544-b652-03cd51d8645e] Created FlowFile[3975,100419336348859.mockFlowFile,24B] from FlowFile[3974,100419336348859.mockFlowFile,24B]; routing to relationship simple
[pool-4309-thread-1] INFO org.apache.nifi.processors.standard.RouteText - RouteText[id=bf0f7ccb-620f-4544-b652-03cd51d8645e] Routing FlowFile[3974,100419336348859.mockFlowFile,24B] to original
[main] DEBUG org.apache.nifi.processors.standard.RouteText - RouteText[id=bf0f7ccb-620f-4544-b652-03cd51d8645e] Adding new dynamic property: PropertyDescriptor[simple]
[pool-4310-thread-1] INFO org.apache.nifi.processors.standard.RouteText - RouteText[id=bf0f7ccb-620f-4544-b652-03cd51d8645e] Created FlowFile[3977,100419336793151.mockFlowFile,24B] from FlowFile[3976,100419336793151.mockFlowFile,24B]; routing to relationship simple
[pool-4310-thread-1] INFO org.apache.nifi.processors.standard.RouteText - RouteText[id=bf0f7ccb-620f-4544-b652-03cd51d8645e] Routing FlowFile[3976,100419336793151.mockFlowFile,24B] to original
[main] DEBUG org.apache.nifi.processors.standard.RouteText - RouteText[id=bf0f7ccb-620f-4544-b652-03cd51d8645e] Adding new dynamic property: PropertyDescriptor[simple]
[pool-4311-thread-1] INFO org.apache.nifi.processors.standard.RouteText - RouteText[id=bf0f7ccb-620f-4544-b652-03cd51d8645e] Created FlowFile[3979,100419337130170.mockFlowFile,24B] from FlowFile[3978,100419337130170.mockFlowFile,24B]; routing to relationship simple
[pool-4311-thread-1] INFO org.apache.nifi.processors.standard.RouteText - RouteText[id=bf0f7ccb-620f-4544-b652-03cd51d8645e] Routing FlowFile[3978,100419337130170.mockFlowFile,24B] to original
[main] DEBUG org.apache.nifi.processors.standard.RouteText - RouteText[id=bf0f7ccb-620f-4544-b652-03cd51d8645e] Adding new dynamic property: PropertyDescriptor[simple]
[pool-4312-thread-1] INFO org.apache.nifi.processors.standard.RouteText - RouteText[id=bf0f7ccb-620f-4544-b652-03cd51d8645e] Created FlowFile[3981,100419337462476.mockFlowFile,24B] from FlowFile[3980,100419337462476.mockFlowFile,24B]; routing to relationship simple
[pool-4312-thread-1] INFO org.apache.nifi.processors.standard.RouteText - RouteText[id=bf0f7ccb-620f-4544-b652-03cd51d8645e] Routing FlowFile[3980,100419337462476.mockFlowFile,24B] to original
[main] DEBUG org.apache.nifi.processors.standard.RouteText - RouteText[id=bf0f7ccb-620f-4544-b652-03cd51d8645e] Adding new dynamic property: PropertyDescriptor[simple]
[pool-4313-thread-1] INFO org.apache.nifi.processors.standard.RouteText - RouteText[id=bf0f7ccb-620f-4544-b652-03cd51d8645e] Created FlowFile[3983,100419337802259.mockFlowFile,24B] from FlowFile[3982,100419337802259.mockFlowFile,24B]; routing to relationship simple
[pool-4313-thread-1] INFO org.apache.nifi.processors.standard.RouteText - RouteText[id=bf0f7ccb-620f-4544-b652-03cd51d8645e] Routing FlowFile[3982,100419337802259.mockFlowFile,24B] to original
[main] DEBUG org.apache.nifi.processors.standard.RouteText - RouteText[id=bf0f7ccb-620f-4544-b652-03cd51d8645e] Adding new dynamic property: PropertyDescriptor[simple]
[pool-4314-thread-1] INFO org.apache.nifi.processors.standard.RouteText - RouteText[id=bf0f7ccb-620f-4544-b652-03cd51d8645e] Created FlowFile[3985,100419338143212.mockFlowFile,24B] from FlowFile[3984,100419338143212.mockFlowFile,24B]; routing to relationship simple
[pool-4314-thread-1] INFO org.apache.nifi.processors.standard.RouteText - RouteText[id=bf0f7ccb-620f-4544-b652-03cd51d8645e] Routing FlowFile[3984,100419338143212.mockFlowFile,24B] to original
[main] DEBUG org.apache.nifi.processors.standard.RouteText - RouteText[id=bf0f7ccb-620f-4544-b652-03cd51d8645e] Adding new dynamic property: PropertyDescriptor[simple]
[pool-4315-thread-1] INFO org.apache.nifi.processors.standard.RouteText - RouteText[id=bf0f7ccb-620f-4544-b652-03cd51d8645e] Created FlowFile[3987,100419338463335.mockFlowFile,24B] from FlowFile[3986,100419338463335.mockFlowFile,24B]; routing to relationship simple
[pool-4315-thread-1] INFO org.apache.nifi.processors.standard.RouteText - RouteText[id=bf0f7ccb-620f-4544-b652-03cd51d8645e] Routing FlowFile[3986,100419338463335.mockFlowFile,24B] to original
[main] DEBUG org.apache.nifi.processors.standard.RouteText - RouteText[id=bf0f7ccb-620f-4544-b652-03cd51d8645e] Adding new dynamic property: PropertyDescriptor[simple]
[pool-4316-thread-1] INFO org.apache.nifi.processors.standard.RouteText - RouteText[id=bf0f7ccb-620f-4544-b652-03cd51d8645e] Created FlowFile[3989,100419338794733.mockFlowFile,24B] from FlowFile[3988,100419338794733.mockFlowFile,24B]; routing to relationship simple
[pool-4316-thread-1] INFO org.apache.nifi.processors.standard.RouteText - RouteText[id=bf0f7ccb-620f-4544-b652-03cd51d8645e] Routing FlowFile[3988,100419338794733.mockFlowFile,24B] to original
[main] DEBUG org.apache.nifi.processors.standard.RouteText - RouteText[id=bf0f7ccb-620f-4544-b652-03cd51d8645e] Adding new dynamic property: PropertyDescriptor[simple]
[pool-4317-thread-1] INFO org.apache.nifi.processors.standard.RouteText - RouteText[id=bf0f7ccb-620f-4544-b652-03cd51d8645e] Created FlowFile[3991,100419339130771.mockFlowFile,24B] from FlowFile[3990,100419339130771.mockFlowFile,24B]; routing to relationship simple
[pool-4317-thread-1] INFO org.apache.nifi.processors.standard.RouteText - RouteText[id=bf0f7ccb-620f-4544-b652-03cd51d8645e] Routing FlowFile[3990,100419339130771.mockFlowFile,24B] to original
[main] DEBUG org.apache.nifi.processors.standard.RouteText - RouteText[id=bf0f7ccb-620f-4544-b652-03cd51d8645e] Adding new dynamic property: PropertyDescriptor[simple]
[pool-4318-thread-1] INFO org.apache.nifi.processors.standard.RouteText - RouteText[id=bf0f7ccb-620f-4544-b652-03cd51d8645e] Created FlowFile[3993,100419339616918.mockFlowFile,24B] from FlowFile[3992,100419339616918.mockFlowFile,24B]; routing to relationship simple
[pool-4318-thread-1] INFO org.apache.nifi.processors.standard.RouteText - RouteText[id=bf0f7ccb-620f-4544-b652-03cd51d8645e] Routing FlowFile[3992,100419339616918.mockFlowFile,24B] to original
[main] DEBUG org.apache.nifi.processors.standard.RouteText - RouteText[id=bf0f7ccb-620f-4544-b652-03cd51d8645e] Adding new dynamic property: PropertyDescriptor[simple]
[pool-4319-thread-1] INFO org.apache.nifi.processors.standard.RouteText - RouteText[id=bf0f7ccb-620f-4544-b652-03cd51d8645e] Created FlowFile[3995,100419340013944.mockFlowFile,24B] from FlowFile[3994,100419340013944.mockFlowFile,24B]; routing to relationship simple
[pool-4319-thread-1] INFO org.apache.nifi.processors.standard.RouteText - RouteText[id=bf0f7ccb-620f-4544-b652-03cd51d8645e] Routing FlowFile[3994,100419340013944.mockFlowFile,24B] to original
[main] DEBUG org.apache.nifi.processors.standard.RouteText - RouteText[id=bf0f7ccb-620f-4544-b652-03cd51d8645e] Adding new dynamic property: PropertyDescriptor[simple]
[pool-4320-thread-1] INFO org.apache.nifi.processors.standard.RouteText - RouteText[id=bf0f7ccb-620f-4544-b652-03cd51d8645e] Created FlowFile[3997,100419340487562.mockFlowFile,24B] from FlowFile[3996,100419340487562.mockFlowFile,24B]; routing to relationship simple
[pool-4320-thread-1] INFO org.apache.nifi.processors.standard.RouteText - RouteText[id=bf0f7ccb-620f-4544-b652-03cd51d8645e] Routing FlowFile[3996,100419340487562.mockFlowFile,24B] to original
[main] DEBUG org.apache.nifi.processors.standard.RouteText - RouteText[id=bf0f7ccb-620f-4544-b652-03cd51d8645e] Adding new dynamic property: PropertyDescriptor[simple]
[pool-4321-thread-1] INFO org.apache.nifi.processors.standard.RouteText - RouteText[id=bf0f7ccb-620f-4544-b652-03cd51d8645e] Created FlowFile[3999,100419340937952.mockFlowFile,24B] from FlowFile[3998,100419340937952.mockFlowFile,24B]; routing to relationship simple
[pool-4321-thread-1] INFO org.apache.nifi.processors.standard.RouteText - RouteText[id=bf0f7ccb-620f-4544-b652-03cd51d8645e] Routing FlowFile[3998,100419340937952.mockFlowFile,24B] to original
[main] DEBUG org.apache.nifi.processors.standard.RouteText - RouteText[id=bf0f7ccb-620f-4544-b652-03cd51d8645e] Adding new dynamic property: PropertyDescriptor[simple]
[pool-4322-thread-1] INFO org.apache.nifi.processors.standard.RouteText - RouteText[id=bf0f7ccb-620f-4544-b652-03cd51d8645e] Created FlowFile[4001,100419341337478.mockFlowFile,24B] from FlowFile[4000,100419341337478.mockFlowFile,24B]; routing to relationship simple
[pool-4322-thread-1] INFO org.apache.nifi.processors.standard.RouteText - RouteText[id=bf0f7ccb-620f-4544-b652-03cd51d8645e] Routing FlowFile[4000,100419341337478.mockFlowFile,24B] to original
[main] DEBUG org.apache.nifi.processors.standard.RouteText - RouteText[id=bf0f7ccb-620f-4544-b652-03cd51d8645e] Adding new dynamic property: PropertyDescriptor[simple]
[pool-4323-thread-1] INFO org.apache.nifi.processors.standard.RouteText - RouteText[id=bf0f7ccb-620f-4544-b652-03cd51d8645e] Created FlowFile[4003,100419341674366.mockFlowFile,24B] from FlowFile[4002,100419341674366.mockFlowFile,24B]; routing to relationship simple
[pool-4323-thread-1] INFO org.apache.nifi.processors.standard.RouteText - RouteText[id=bf0f7ccb-620f-4544-b652-03cd51d8645e] Routing FlowFile[4002,100419341674366.mockFlowFile,24B] to original
[main] DEBUG org.apache.nifi.processors.standard.RouteText - RouteText[id=bf0f7ccb-620f-4544-b652-03cd51d8645e] Adding new dynamic property: PropertyDescriptor[simple]
[pool-4324-thread-1] INFO org.apache.nifi.processors.standard.RouteText - RouteText[id=bf0f7ccb-620f-4544-b652-03cd51d8645e] Created FlowFile[4005,100419342007089.mockFlowFile,24B] from FlowFile[4004,100419342007089.mockFlowFile,24B]; routing to relationship simple
[pool-4324-thread-1] INFO org.apache.nifi.processors.standard.RouteText - RouteText[id=bf0f7ccb-620f-4544-b652-03cd51d8645e] Routing FlowFile[4004,100419342007089.mockFlowFile,24B] to original
[main] DEBUG org.apache.nifi.processors.standard.RouteText - RouteText[id=bf0f7ccb-620f-4544-b652-03cd51d8645e] Adding new dynamic property: PropertyDescriptor[simple]
[pool-4325-thread-1] INFO org.apache.nifi.processors.standard.RouteText - RouteText[id=bf0f7ccb-620f-4544-b652-03cd51d8645e] Created FlowFile[4007,100419342352615.mockFlowFile,24B] from FlowFile[4006,100419342352615.mockFlowFile,24B]; routing to relationship simple
[pool-4325-thread-1] INFO org.apache.nifi.processors.standard.RouteText - RouteText[id=bf0f7ccb-620f-4544-b652-03cd51d8645e] Routing FlowFile[4006,100419342352615.mockFlowFile,24B] to original
[main] DEBUG org.apache.nifi.processors.standard.RouteText - RouteText[id=bf0f7ccb-620f-4544-b652-03cd51d8645e] Adding new dynamic property: PropertyDescriptor[simple]
[pool-4326-thread-1] INFO org.apache.nifi.processors.standard.RouteText - RouteText[id=bf0f7ccb-620f-4544-b652-03cd51d8645e] Created FlowFile[4009,100419342694074.mockFlowFile,24B] from FlowFile[4008,100419342694074.mockFlowFile,24B]; routing to relationship simple
[pool-4326-thread-1] INFO org.apache.nifi.processors.standard.RouteText - RouteText[id=bf0f7ccb-620f-4544-b652-03cd51d8645e] Routing FlowFile[4008,100419342694074.mockFlowFile,24B] to original
[main] DEBUG org.apache.nifi.processors.standard.RouteText - RouteText[id=bf0f7ccb-620f-4544-b652-03cd51d8645e] Adding new dynamic property: PropertyDescriptor[simple]
[pool-4327-thread-1] INFO org.apache.nifi.processors.standard.RouteText - RouteText[id=bf0f7ccb-620f-4544-b652-03cd51d8645e] Created FlowFile[4011,100419343030584.mockFlowFile,24B] from FlowFile[4010,100419343030584.mockFlowFile,24B]; routing to relationship simple
[pool-4327-thread-1] INFO org.apache.nifi.processors.standard.RouteText - RouteText[id=bf0f7ccb-620f-4544-b652-03cd51d8645e] Routing FlowFile[4010,100419343030584.mockFlowFile,24B] to original
[main] DEBUG org.apache.nifi.processors.standard.RouteText - RouteText[id=bf0f7ccb-620f-4544-b652-03cd51d8645e] Adding new dynamic property: PropertyDescriptor[simple]
[pool-4328-thread-1] INFO org.apache.nifi.processors.standard.RouteText - RouteText[id=bf0f7ccb-620f-4544-b652-03cd51d8645e] Created FlowFile[4013,100419343503385.mockFlowFile,24B] from FlowFile[4012,100419343503385.mockFlowFile,24B]; routing to relationship simple
[pool-4328-thread-1] INFO org.apache.nifi.processors.standard.RouteText - RouteText[id=bf0f7ccb-620f-4544-b652-03cd51d8645e] Routing FlowFile[4012,100419343503385.mockFlowFile,24B] to original
[main] DEBUG org.apache.nifi.processors.standard.RouteText - RouteText[id=bf0f7ccb-620f-4544-b652-03cd51d8645e] Adding new dynamic property: PropertyDescriptor[simple]
[pool-4329-thread-1] INFO org.apache.nifi.processors.standard.RouteText - RouteText[id=bf0f7ccb-620f-4544-b652-03cd51d8645e] Created FlowFile[4015,100419343854840.mockFlowFile,24B] from FlowFile[4014,100419343854840.mockFlowFile,24B]; routing to relationship simple
[pool-4329-thread-1] INFO org.apache.nifi.processors.standard.RouteText - RouteText[id=bf0f7ccb-620f-4544-b652-03cd51d8645e] Routing FlowFile[4014,100419343854840.mockFlowFile,24B] to original
[main] DEBUG org.apache.nifi.processors.standard.RouteText - RouteText[id=bf0f7ccb-620f-4544-b652-03cd51d8645e] Adding new dynamic property: PropertyDescriptor[simple]
[pool-4330-thread-1] INFO org.apache.nifi.processors.standard.RouteText - RouteText[id=bf0f7ccb-620f-4544-b652-03cd51d8645e] Created FlowFile[4017,100419344291301.mockFlowFile,24B] from FlowFile[4016,100419344291301.mockFlowFile,24B]; routing to relationship simple
[pool-4330-thread-1] INFO org.apache.nifi.processors.standard.RouteText - RouteText[id=bf0f7ccb-620f-4544-b652-03cd51d8645e] Routing FlowFile[4016,100419344291301.mockFlowFile,24B] to original
[main] DEBUG org.apache.nifi.processors.standard.RouteText - RouteText[id=bf0f7ccb-620f-4544-b652-03cd51d8645e] Adding new dynamic property: PropertyDescriptor[simple]
[pool-4331-thread-1] INFO org.apache.nifi.processors.standard.RouteText - RouteText[id=bf0f7ccb-620f-4544-b652-03cd51d8645e] Created FlowFile[4019,100419344683680.mockFlowFile,24B] from FlowFile[4018,100419344683680.mockFlowFile,24B]; routing to relationship simple
[pool-4331-thread-1] INFO org.apache.nifi.processors.standard.RouteText - RouteText[id=bf0f7ccb-620f-4544-b652-03cd51d8645e] Routing FlowFile[4018,100419344683680.mockFlowFile,24B] to original
[main] DEBUG org.apache.nifi.processors.standard.RouteText - RouteText[id=bf0f7ccb-620f-4544-b652-03cd51d8645e] Adding new dynamic property: PropertyDescriptor[simple]
[pool-4332-thread-1] INFO org.apache.nifi.processors.standard.RouteText - RouteText[id=bf0f7ccb-620f-4544-b652-03cd51d8645e] Created FlowFile[4021,100419345032377.mockFlowFile,24B] from FlowFile[4020,100419345032377.mockFlowFile,24B]; routing to relationship simple
[pool-4332-thread-1] INFO org.apache.nifi.processors.standard.RouteText - RouteText[id=bf0f7ccb-620f-4544-b652-03cd51d8645e] Routing FlowFile[4020,100419345032377.mockFlowFile,24B] to original
[main] DEBUG org.apache.nifi.processors.standard.RouteText - RouteText[id=bf0f7ccb-620f-4544-b652-03cd51d8645e] Adding new dynamic property: PropertyDescriptor[simple]
[pool-4333-thread-1] INFO org.apache.nifi.processors.standard.RouteText - RouteText[id=bf0f7ccb-620f-4544-b652-03cd51d8645e] Created FlowFile[4023,100419345363144.mockFlowFile,24B] from FlowFile[4022,100419345363144.mockFlowFile,24B]; routing to relationship simple
[pool-4333-thread-1] INFO org.apache.nifi.processors.standard.RouteText - RouteText[id=bf0f7ccb-620f-4544-b652-03cd51d8645e] Routing FlowFile[4022,100419345363144.mockFlowFile,24B] to original
[main] DEBUG org.apache.nifi.processors.standard.RouteText - RouteText[id=bf0f7ccb-620f-4544-b652-03cd51d8645e] Adding new dynamic property: PropertyDescriptor[simple]
[pool-4334-thread-1] INFO org.apache.nifi.processors.standard.RouteText - RouteText[id=bf0f7ccb-620f-4544-b652-03cd51d8645e] Created FlowFile[4025,100419345688368.mockFlowFile,24B] from FlowFile[4024,100419345688368.mockFlowFile,24B]; routing to relationship simple
[pool-4334-thread-1] INFO org.apache.nifi.processors.standard.RouteText - RouteText[id=bf0f7ccb-620f-4544-b652-03cd51d8645e] Routing FlowFile[4024,100419345688368.mockFlowFile,24B] to original
[main] DEBUG org.apache.nifi.processors.standard.RouteText - RouteText[id=bf0f7ccb-620f-4544-b652-03cd51d8645e] Adding new dynamic property: PropertyDescriptor[simple]
[pool-4335-thread-1] INFO org.apache.nifi.processors.standard.RouteText - RouteText[id=bf0f7ccb-620f-4544-b652-03cd51d8645e] Created FlowFile[4027,100419346127623.mockFlowFile,24B] from FlowFile[4026,100419346127623.mockFlowFile,24B]; routing to relationship simple
[pool-4335-thread-1] INFO org.apache.nifi.processors.standard.RouteText - RouteText[id=bf0f7ccb-620f-4544-b652-03cd51d8645e] Routing FlowFile[4026,100419346127623.mockFlowFile,24B] to original
[main] DEBUG org.apache.nifi.processors.standard.RouteText - RouteText[id=bf0f7ccb-620f-4544-b652-03cd51d8645e] Adding new dynamic property: PropertyDescriptor[simple]
[pool-4336-thread-1] INFO org.apache.nifi.processors.standard.RouteText - RouteText[id=bf0f7ccb-620f-4544-b652-03cd51d8645e] Created FlowFile[4029,100419346589230.mockFlowFile,24B] from FlowFile[4028,100419346589230.mockFlowFile,24B]; routing to relationship simple
[pool-4336-thread-1] INFO org.apache.nifi.processors.standard.RouteText - RouteText[id=bf0f7ccb-620f-4544-b652-03cd51d8645e] Routing FlowFile[4028,100419346589230.mockFlowFile,24B] to original
[main] DEBUG org.apache.nifi.processors.standard.RouteText - RouteText[id=bf0f7ccb-620f-4544-b652-03cd51d8645e] Adding new dynamic property: PropertyDescriptor[simple]
[pool-4337-thread-1] INFO org.apache.nifi.processors.standard.RouteText - RouteText[id=bf0f7ccb-620f-4544-b652-03cd51d8645e] Created FlowFile[4031,100419346954928.mockFlowFile,24B] from FlowFile[4030,100419346954928.mockFlowFile,24B]; routing to relationship simple
[pool-4337-thread-1] INFO org.apache.nifi.processors.standard.RouteText - RouteText[id=bf0f7ccb-620f-4544-b652-03cd51d8645e] Routing FlowFile[4030,100419346954928.mockFlowFile,24B] to original
[main] DEBUG org.apache.nifi.processors.standard.RouteText - RouteText[id=bf0f7ccb-620f-4544-b652-03cd51d8645e] Adding new dynamic property: PropertyDescriptor[simple]
[pool-4338-thread-1] INFO org.apache.nifi.processors.standard.RouteText - RouteText[id=bf0f7ccb-620f-4544-b652-03cd51d8645e] Created FlowFile[4033,100419347390007.mockFlowFile,24B] from FlowFile[4032,100419347390007.mockFlowFile,24B]; routing to relationship simple
[pool-4338-thread-1] INFO org.apache.nifi.processors.standard.RouteText - RouteText[id=bf0f7ccb-620f-4544-b652-03cd51d8645e] Routing FlowFile[4032,100419347390007.mockFlowFile,24B] to original
[main] DEBUG org.apache.nifi.processors.standard.RouteText - RouteText[id=bf0f7ccb-620f-4544-b652-03cd51d8645e] Adding new dynamic property: PropertyDescriptor[simple]
[pool-4339-thread-1] INFO org.apache.nifi.processors.standard.RouteText - RouteText[id=bf0f7ccb-620f-4544-b652-03cd51d8645e] Created FlowFile[4035,100419347818036.mockFlowFile,24B] from FlowFile[4034,100419347818036.mockFlowFile,24B]; routing to relationship simple
[pool-4339-thread-1] INFO org.apache.nifi.processors.standard.RouteText - RouteText[id=bf0f7ccb-620f-4544-b652-03cd51d8645e] Routing FlowFile[4034,100419347818036.mockFlowFile,24B] to original
[main] DEBUG org.apache.nifi.processors.standard.RouteText - RouteText[id=bf0f7ccb-620f-4544-b652-03cd51d8645e] Adding new dynamic property: PropertyDescriptor[simple]
[pool-4340-thread-1] INFO org.apache.nifi.processors.standard.RouteText - RouteText[id=bf0f7ccb-620f-4544-b652-03cd51d8645e] Created FlowFile[4037,100419348159690.mockFlowFile,24B] from FlowFile[4036,100419348159690.mockFlowFile,24B]; routing to relationship simple
[pool-4340-thread-1] INFO org.apache.nifi.processors.standard.RouteText - RouteText[id=bf0f7ccb-620f-4544-b652-03cd51d8645e] Routing FlowFile[4036,100419348159690.mockFlowFile,24B] to original
[main] DEBUG org.apache.nifi.processors.standard.RouteText - RouteText[id=bf0f7ccb-620f-4544-b652-03cd51d8645e] Adding new dynamic property: PropertyDescriptor[simple]
[pool-4341-thread-1] INFO org.apache.nifi.processors.standard.RouteText - RouteText[id=bf0f7ccb-620f-4544-b652-03cd51d8645e] Created FlowFile[4039,100419348621062.mockFlowFile,24B] from FlowFile[4038,100419348621062.mockFlowFile,24B]; routing to relationship simple
[pool-4341-thread-1] INFO org.apache.nifi.processors.standard.RouteText - RouteText[id=bf0f7ccb-620f-4544-b652-03cd51d8645e] Routing FlowFile[4038,100419348621062.mockFlowFile,24B] to original
[main] DEBUG org.apache.nifi.processors.standard.RouteText - RouteText[id=bf0f7ccb-620f-4544-b652-03cd51d8645e] Adding new dynamic property: PropertyDescriptor[simple]
[pool-4342-thread-1] INFO org.apache.nifi.processors.standard.RouteText - RouteText[id=bf0f7ccb-620f-4544-b652-03cd51d8645e] Created FlowFile[4041,100419349076207.mockFlowFile,24B] from FlowFile[4040,100419349076207.mockFlowFile,24B]; routing to relationship simple
[pool-4342-thread-1] INFO org.apache.nifi.processors.standard.RouteText - RouteText[id=bf0f7ccb-620f-4544-b652-03cd51d8645e] Routing FlowFile[4040,100419349076207.mockFlowFile,24B] to original
[main] DEBUG org.apache.nifi.processors.standard.RouteText - RouteText[id=bf0f7ccb-620f-4544-b652-03cd51d8645e] Adding new dynamic property: PropertyDescriptor[simple]
[pool-4343-thread-1] INFO org.apache.nifi.processors.standard.RouteText - RouteText[id=bf0f7ccb-620f-4544-b652-03cd51d8645e] Created FlowFile[4043,100419349591560.mockFlowFile,24B] from FlowFile[4042,100419349591560.mockFlowFile,24B]; routing to relationship simple
[pool-4343-thread-1] INFO org.apache.nifi.processors.standard.RouteText - RouteText[id=bf0f7ccb-620f-4544-b652-03cd51d8645e] Routing FlowFile[4042,100419349591560.mockFlowFile,24B] to original
[main] DEBUG org.apache.nifi.processors.standard.RouteText - RouteText[id=bf0f7ccb-620f-4544-b652-03cd51d8645e] Adding new dynamic property: PropertyDescriptor[simple]
[pool-4344-thread-1] INFO org.apache.nifi.processors.standard.RouteText - RouteText[id=bf0f7ccb-620f-4544-b652-03cd51d8645e] Created FlowFile[4045,100419349966695.mockFlowFile,24B] from FlowFile[4044,100419349966695.mockFlowFile,24B]; routing to relationship simple
[pool-4344-thread-1] INFO org.apache.nifi.processors.standard.RouteText - RouteText[id=bf0f7ccb-620f-4544-b652-03cd51d8645e] Routing FlowFile[4044,100419349966695.mockFlowFile,24B] to original
[main] DEBUG org.apache.nifi.processors.standard.RouteText - RouteText[id=bf0f7ccb-620f-4544-b652-03cd51d8645e] Adding new dynamic property: PropertyDescriptor[simple]
[pool-4345-thread-1] INFO org.apache.nifi.processors.standard.RouteText - RouteText[id=bf0f7ccb-620f-4544-b652-03cd51d8645e] Created FlowFile[4047,100419350337801.mockFlowFile,24B] from FlowFile[4046,100419350337801.mockFlowFile,24B]; routing to relationship simple
[pool-4345-thread-1] INFO org.apache.nifi.processors.standard.RouteText - RouteText[id=bf0f7ccb-620f-4544-b652-03cd51d8645e] Routing FlowFile[4046,100419350337801.mockFlowFile,24B] to original
[main] DEBUG org.apache.nifi.processors.standard.RouteText - RouteText[id=bf0f7ccb-620f-4544-b652-03cd51d8645e] Adding new dynamic property: PropertyDescriptor[simple]
[pool-4346-thread-1] INFO org.apache.nifi.processors.standard.RouteText - RouteText[id=bf0f7ccb-620f-4544-b652-03cd51d8645e] Created FlowFile[4049,100419350703284.mockFlowFile,24B] from FlowFile[4048,100419350703284.mockFlowFile,24B]; routing to relationship simple
[pool-4346-thread-1] INFO org.apache.nifi.processors.standard.RouteText - RouteText[id=bf0f7ccb-620f-4544-b652-03cd51d8645e] Routing FlowFile[4048,100419350703284.mockFlowFile,24B] to original
[main] DEBUG org.apache.nifi.processors.standard.RouteText - RouteText[id=bf0f7ccb-620f-4544-b652-03cd51d8645e] Adding new dynamic property: PropertyDescriptor[simple]
[pool-4347-thread-1] INFO org.apache.nifi.processors.standard.RouteText - RouteText[id=bf0f7ccb-620f-4544-b652-03cd51d8645e] Created FlowFile[4051,100419351075565.mockFlowFile,24B] from FlowFile[4050,100419351075565.mockFlowFile,24B]; routing to relationship simple
[pool-4347-thread-1] INFO org.apache.nifi.processors.standard.RouteText - RouteText[id=bf0f7ccb-620f-4544-b652-03cd51d8645e] Routing FlowFile[4050,100419351075565.mockFlowFile,24B] to original
[main] DEBUG org.apache.nifi.processors.standard.RouteText - RouteText[id=bf0f7ccb-620f-4544-b652-03cd51d8645e] Adding new dynamic property: PropertyDescriptor[simple]
[pool-4348-thread-1] INFO org.apache.nifi.processors.standard.RouteText - RouteText[id=bf0f7ccb-620f-4544-b652-03cd51d8645e] Created FlowFile[4053,100419351568086.mockFlowFile,24B] from FlowFile[4052,100419351568086.mockFlowFile,24B]; routing to relationship simple
[pool-4348-thread-1] INFO org.apache.nifi.processors.standard.RouteText - RouteText[id=bf0f7ccb-620f-4544-b652-03cd51d8645e] Routing FlowFile[4052,100419351568086.mockFlowFile,24B] to original
[main] DEBUG org.apache.nifi.processors.standard.RouteText - RouteText[id=bf0f7ccb-620f-4544-b652-03cd51d8645e] Adding new dynamic property: PropertyDescriptor[simple]
[pool-4349-thread-1] INFO org.apache.nifi.processors.standard.RouteText - RouteText[id=bf0f7ccb-620f-4544-b652-03cd51d8645e] Created FlowFile[4055,100419351980127.mockFlowFile,24B] from FlowFile[4054,100419351980127.mockFlowFile,24B]; routing to relationship simple
[pool-4349-thread-1] INFO org.apache.nifi.processors.standard.RouteText - RouteText[id=bf0f7ccb-620f-4544-b652-03cd51d8645e] Routing FlowFile[4054,100419351980127.mockFlowFile,24B] to original
[main] DEBUG org.apache.nifi.processors.standard.RouteText - RouteText[id=bf0f7ccb-620f-4544-b652-03cd51d8645e] Adding new dynamic property: PropertyDescriptor[simple]
[pool-4350-thread-1] INFO org.apache.nifi.processors.standard.RouteText - RouteText[id=bf0f7ccb-620f-4544-b652-03cd51d8645e] Created FlowFile[4057,100419352499138.mockFlowFile,24B] from FlowFile[4056,100419352499138.mockFlowFile,24B]; routing to relationship simple
[pool-4350-thread-1] INFO org.apache.nifi.processors.standard.RouteText - RouteText[id=bf0f7ccb-620f-4544-b652-03cd51d8645e] Routing FlowFile[4056,100419352499138.mockFlowFile,24B] to original
[main] DEBUG org.apache.nifi.processors.standard.RouteText - RouteText[id=bf0f7ccb-620f-4544-b652-03cd51d8645e] Adding new dynamic property: PropertyDescriptor[simple]
[pool-4351-thread-1] INFO org.apache.nifi.processors.standard.RouteText - RouteText[id=bf0f7ccb-620f-4544-b652-03cd51d8645e] Created FlowFile[4059,100419352956048.mockFlowFile,24B] from FlowFile[4058,100419352956048.mockFlowFile,24B]; routing to relationship simple
[pool-4351-thread-1] INFO org.apache.nifi.processors.standard.RouteText - RouteText[id=bf0f7ccb-620f-4544-b652-03cd51d8645e] Routing FlowFile[4058,100419352956048.mockFlowFile,24B] to original
[main] DEBUG org.apache.nifi.processors.standard.RouteText - RouteText[id=bf0f7ccb-620f-4544-b652-03cd51d8645e] Adding new dynamic property: PropertyDescriptor[simple]
[pool-4352-thread-1] INFO org.apache.nifi.processors.standard.RouteText - RouteText[id=bf0f7ccb-620f-4544-b652-03cd51d8645e] Created FlowFile[4061,100419353286086.mockFlowFile,24B] from FlowFile[4060,100419353286086.mockFlowFile,24B]; routing to relationship simple
[pool-4352-thread-1] INFO org.apache.nifi.processors.standard.RouteText - RouteText[id=bf0f7ccb-620f-4544-b652-03cd51d8645e] Routing FlowFile[4060,100419353286086.mockFlowFile,24B] to original
[main] DEBUG org.apache.nifi.processors.standard.RouteText - RouteText[id=bf0f7ccb-620f-4544-b652-03cd51d8645e] Adding new dynamic property: PropertyDescriptor[simple]
[pool-4353-thread-1] INFO org.apache.nifi.processors.standard.RouteText - RouteText[id=bf0f7ccb-620f-4544-b652-03cd51d8645e] Created FlowFile[4063,100419353791891.mockFlowFile,24B] from FlowFile[4062,100419353791891.mockFlowFile,24B]; routing to relationship simple
[pool-4353-thread-1] INFO org.apache.nifi.processors.standard.RouteText - RouteText[id=bf0f7ccb-620f-4544-b652-03cd51d8645e] Routing FlowFile[4062,100419353791891.mockFlowFile,24B] to original
[main] DEBUG org.apache.nifi.processors.standard.RouteText - RouteText[id=bf0f7ccb-620f-4544-b652-03cd51d8645e] Adding new dynamic property: PropertyDescriptor[simple]
[pool-4354-thread-1] INFO org.apache.nifi.processors.standard.RouteText - RouteText[id=bf0f7ccb-620f-4544-b652-03cd51d8645e] Created FlowFile[4065,100419354253066.mockFlowFile,24B] from FlowFile[4064,100419354253066.mockFlowFile,24B]; routing to relationship simple
[pool-4354-thread-1] INFO org.apache.nifi.processors.standard.RouteText - RouteText[id=bf0f7ccb-620f-4544-b652-03cd51d8645e] Routing FlowFile[4064,100419354253066.mockFlowFile,24B] to original
[main] DEBUG org.apache.nifi.processors.standard.RouteText - RouteText[id=bf0f7ccb-620f-4544-b652-03cd51d8645e] Adding new dynamic property: PropertyDescriptor[simple]
[pool-4355-thread-1] INFO org.apache.nifi.processors.standard.RouteText - RouteText[id=bf0f7ccb-620f-4544-b652-03cd51d8645e] Created FlowFile[4067,100419354701549.mockFlowFile,24B] from FlowFile[4066,100419354701549.mockFlowFile,24B]; routing to relationship simple
[pool-4355-thread-1] INFO org.apache.nifi.processors.standard.RouteText - RouteText[id=bf0f7ccb-620f-4544-b652-03cd51d8645e] Routing FlowFile[4066,100419354701549.mockFlowFile,24B] to original
[main] DEBUG org.apache.nifi.processors.standard.RouteText - RouteText[id=bf0f7ccb-620f-4544-b652-03cd51d8645e] Adding new dynamic property: PropertyDescriptor[simple]
[pool-4356-thread-1] INFO org.apache.nifi.processors.standard.RouteText - RouteText[id=bf0f7ccb-620f-4544-b652-03cd51d8645e] Created FlowFile[4069,100419355109522.mockFlowFile,24B] from FlowFile[4068,100419355109522.mockFlowFile,24B]; routing to relationship simple
[pool-4356-thread-1] INFO org.apache.nifi.processors.standard.RouteText - RouteText[id=bf0f7ccb-620f-4544-b652-03cd51d8645e] Routing FlowFile[4068,100419355109522.mockFlowFile,24B] to original
[main] DEBUG org.apache.nifi.processors.standard.RouteText - RouteText[id=bf0f7ccb-620f-4544-b652-03cd51d8645e] Adding new dynamic property: PropertyDescriptor[simple]
[pool-4357-thread-1] INFO org.apache.nifi.processors.standard.RouteText - RouteText[id=bf0f7ccb-620f-4544-b652-03cd51d8645e] Created FlowFile[4071,100419355467939.mockFlowFile,24B] from FlowFile[4070,100419355467939.mockFlowFile,24B]; routing to relationship simple
[pool-4357-thread-1] INFO org.apache.nifi.processors.standard.RouteText - RouteText[id=bf0f7ccb-620f-4544-b652-03cd51d8645e] Routing FlowFile[4070,100419355467939.mockFlowFile,24B] to original
[main] DEBUG org.apache.nifi.processors.standard.RouteText - RouteText[id=bf0f7ccb-620f-4544-b652-03cd51d8645e] Adding new dynamic property: PropertyDescriptor[simple]
[pool-4358-thread-1] INFO org.apache.nifi.processors.standard.RouteText - RouteText[id=bf0f7ccb-620f-4544-b652-03cd51d8645e] Created FlowFile[4073,100419355863469.mockFlowFile,24B] from FlowFile[4072,100419355863469.mockFlowFile,24B]; routing to relationship simple
[pool-4358-thread-1] INFO org.apache.nifi.processors.standard.RouteText - RouteText[id=bf0f7ccb-620f-4544-b652-03cd51d8645e] Routing FlowFile[4072,100419355863469.mockFlowFile,24B] to original
[main] DEBUG org.apache.nifi.processors.standard.RouteText - RouteText[id=bf0f7ccb-620f-4544-b652-03cd51d8645e] Adding new dynamic property: PropertyDescriptor[simple]
[pool-4359-thread-1] INFO org.apache.nifi.processors.standard.RouteText - RouteText[id=bf0f7ccb-620f-4544-b652-03cd51d8645e] Created FlowFile[4075,100419356312541.mockFlowFile,24B] from FlowFile[4074,100419356312541.mockFlowFile,24B]; routing to relationship simple
[pool-4359-thread-1] INFO org.apache.nifi.processors.standard.RouteText - RouteText[id=bf0f7ccb-620f-4544-b652-03cd51d8645e] Routing FlowFile[4074,100419356312541.mockFlowFile,24B] to original
[main] DEBUG org.apache.nifi.processors.standard.RouteText - RouteText[id=bf0f7ccb-620f-4544-b652-03cd51d8645e] Adding new dynamic property: PropertyDescriptor[simple]
[pool-4360-thread-1] INFO org.apache.nifi.processors.standard.RouteText - RouteText[id=bf0f7ccb-620f-4544-b652-03cd51d8645e] Created FlowFile[4077,100419356742872.mockFlowFile,24B] from FlowFile[4076,100419356742872.mockFlowFile,24B]; routing to relationship simple
[pool-4360-thread-1] INFO org.apache.nifi.processors.standard.RouteText - RouteText[id=bf0f7ccb-620f-4544-b652-03cd51d8645e] Routing FlowFile[4076,100419356742872.mockFlowFile,24B] to original
[main] DEBUG org.apache.nifi.processors.standard.RouteText - RouteText[id=bf0f7ccb-620f-4544-b652-03cd51d8645e] Adding new dynamic property: PropertyDescriptor[simple]
[pool-4361-thread-1] INFO org.apache.nifi.processors.standard.RouteText - RouteText[id=bf0f7ccb-620f-4544-b652-03cd51d8645e] Created FlowFile[4079,100419357074035.mockFlowFile,24B] from FlowFile[4078,100419357074035.mockFlowFile,24B]; routing to relationship simple
[pool-4361-thread-1] INFO org.apache.nifi.processors.standard.RouteText - RouteText[id=bf0f7ccb-620f-4544-b652-03cd51d8645e] Routing FlowFile[4078,100419357074035.mockFlowFile,24B] to original
[main] DEBUG org.apache.nifi.processors.standard.RouteText - RouteText[id=bf0f7ccb-620f-4544-b652-03cd51d8645e] Adding new dynamic property: PropertyDescriptor[simple]
[pool-4362-thread-1] INFO org.apache.nifi.processors.standard.RouteText - RouteText[id=bf0f7ccb-620f-4544-b652-03cd51d8645e] Created FlowFile[4081,100419357409281.mockFlowFile,24B] from FlowFile[4080,100419357409281.mockFlowFile,24B]; routing to relationship simple
[pool-4362-thread-1] INFO org.apache.nifi.processors.standard.RouteText - RouteText[id=bf0f7ccb-620f-4544-b652-03cd51d8645e] Routing FlowFile[4080,100419357409281.mockFlowFile,24B] to original
[main] DEBUG org.apache.nifi.processors.standard.RouteText - RouteText[id=bf0f7ccb-620f-4544-b652-03cd51d8645e] Adding new dynamic property: PropertyDescriptor[simple]
[pool-4363-thread-1] INFO org.apache.nifi.processors.standard.RouteText - RouteText[id=bf0f7ccb-620f-4544-b652-03cd51d8645e] Created FlowFile[4083,100419357747513.mockFlowFile,24B] from FlowFile[4082,100419357747513.mockFlowFile,24B]; routing to relationship simple
[pool-4363-thread-1] INFO org.apache.nifi.processors.standard.RouteText - RouteText[id=bf0f7ccb-620f-4544-b652-03cd51d8645e] Routing FlowFile[4082,100419357747513.mockFlowFile,24B] to original
[main] DEBUG org.apache.nifi.processors.standard.RouteText - RouteText[id=bf0f7ccb-620f-4544-b652-03cd51d8645e] Adding new dynamic property: PropertyDescriptor[simple]
[pool-4364-thread-1] INFO org.apache.nifi.processors.standard.RouteText - RouteText[id=bf0f7ccb-620f-4544-b652-03cd51d8645e] Created FlowFile[4085,100419358087173.mockFlowFile,24B] from FlowFile[4084,100419358087173.mockFlowFile,24B]; routing to relationship simple
[pool-4364-thread-1] INFO org.apache.nifi.processors.standard.RouteText - RouteText[id=bf0f7ccb-620f-4544-b652-03cd51d8645e] Routing FlowFile[4084,100419358087173.mockFlowFile,24B] to original
[main] DEBUG org.apache.nifi.processors.standard.RouteText - RouteText[id=bf0f7ccb-620f-4544-b652-03cd51d8645e] Adding new dynamic property: PropertyDescriptor[simple]
[pool-4365-thread-1] INFO org.apache.nifi.processors.standard.RouteText - RouteText[id=bf0f7ccb-620f-4544-b652-03cd51d8645e] Created FlowFile[4087,100419358419125.mockFlowFile,24B] from FlowFile[4086,100419358419125.mockFlowFile,24B]; routing to relationship simple
[pool-4365-thread-1] INFO org.apache.nifi.processors.standard.RouteText - RouteText[id=bf0f7ccb-620f-4544-b652-03cd51d8645e] Routing FlowFile[4086,100419358419125.mockFlowFile,24B] to original
[main] DEBUG org.apache.nifi.processors.standard.RouteText - RouteText[id=bf0f7ccb-620f-4544-b652-03cd51d8645e] Adding new dynamic property: PropertyDescriptor[simple]
[pool-4366-thread-1] INFO org.apache.nifi.processors.standard.RouteText - RouteText[id=bf0f7ccb-620f-4544-b652-03cd51d8645e] Created FlowFile[4089,100419358759964.mockFlowFile,24B] from FlowFile[4088,100419358759964.mockFlowFile,24B]; routing to relationship simple
[pool-4366-thread-1] INFO org.apache.nifi.processors.standard.RouteText - RouteText[id=bf0f7ccb-620f-4544-b652-03cd51d8645e] Routing FlowFile[4088,100419358759964.mockFlowFile,24B] to original
[main] DEBUG org.apache.nifi.processors.standard.RouteText - RouteText[id=bf0f7ccb-620f-4544-b652-03cd51d8645e] Adding new dynamic property: PropertyDescriptor[simple]
[pool-4367-thread-1] INFO org.apache.nifi.processors.standard.RouteText - RouteText[id=bf0f7ccb-620f-4544-b652-03cd51d8645e] Created FlowFile[4091,100419359088347.mockFlowFile,24B] from FlowFile[4090,100419359088347.mockFlowFile,24B]; routing to relationship simple
[pool-4367-thread-1] INFO org.apache.nifi.processors.standard.RouteText - RouteText[id=bf0f7ccb-620f-4544-b652-03cd51d8645e] Routing FlowFile[4090,100419359088347.mockFlowFile,24B] to original
[main] DEBUG org.apache.nifi.processors.standard.RouteText - RouteText[id=bf0f7ccb-620f-4544-b652-03cd51d8645e] Adding new dynamic property: PropertyDescriptor[simple]
[pool-4368-thread-1] INFO org.apache.nifi.processors.standard.RouteText - RouteText[id=bf0f7ccb-620f-4544-b652-03cd51d8645e] Created FlowFile[4093,100419359549603.mockFlowFile,24B] from FlowFile[4092,100419359549603.mockFlowFile,24B]; routing to relationship simple
[pool-4368-thread-1] INFO org.apache.nifi.processors.standard.RouteText - RouteText[id=bf0f7ccb-620f-4544-b652-03cd51d8645e] Routing FlowFile[4092,100419359549603.mockFlowFile,24B] to original
[main] DEBUG org.apache.nifi.processors.standard.RouteText - RouteText[id=bf0f7ccb-620f-4544-b652-03cd51d8645e] Adding new dynamic property: PropertyDescriptor[simple]
[pool-4369-thread-1] INFO org.apache.nifi.processors.standard.RouteText - RouteText[id=bf0f7ccb-620f-4544-b652-03cd51d8645e] Created FlowFile[4095,100419359897233.mockFlowFile,24B] from FlowFile[4094,100419359897233.mockFlowFile,24B]; routing to relationship simple
[pool-4369-thread-1] INFO org.apache.nifi.processors.standard.RouteText - RouteText[id=bf0f7ccb-620f-4544-b652-03cd51d8645e] Routing FlowFile[4094,100419359897233.mockFlowFile,24B] to original
[main] DEBUG org.apache.nifi.processors.standard.RouteText - RouteText[id=bf0f7ccb-620f-4544-b652-03cd51d8645e] Adding new dynamic property: PropertyDescriptor[simple]
[pool-4370-thread-1] INFO org.apache.nifi.processors.standard.RouteText - RouteText[id=bf0f7ccb-620f-4544-b652-03cd51d8645e] Created FlowFile[4097,100419360414606.mockFlowFile,24B] from FlowFile[4096,100419360414606.mockFlowFile,24B]; routing to relationship simple
[pool-4370-thread-1] INFO org.apache.nifi.processors.standard.RouteText - RouteText[id=bf0f7ccb-620f-4544-b652-03cd51d8645e] Routing FlowFile[4096,100419360414606.mockFlowFile,24B] to original
[main] DEBUG org.apache.nifi.processors.standard.RouteText - RouteText[id=bf0f7ccb-620f-4544-b652-03cd51d8645e] Adding new dynamic property: PropertyDescriptor[simple]
[pool-4371-thread-1] INFO org.apache.nifi.processors.standard.RouteText - RouteText[id=bf0f7ccb-620f-4544-b652-03cd51d8645e] Created FlowFile[4099,100419360832710.mockFlowFile,24B] from FlowFile[4098,100419360832710.mockFlowFile,24B]; routing to relationship simple
[pool-4371-thread-1] INFO org.apache.nifi.processors.standard.RouteText - RouteText[id=bf0f7ccb-620f-4544-b652-03cd51d8645e] Routing FlowFile[4098,100419360832710.mockFlowFile,24B] to original
]]></system-err>
  </testcase>
  <testcase name="testSimpleDefaultMatchRegularExpression" classname="org.apache.nifi.processors.standard.TestRouteText" time="0.001">
    <system-err><![CDATA[[main] DEBUG org.apache.nifi.processors.standard.RouteText - RouteText[id=be10b455-e89a-4243-a275-2d389d8b7ab8] Adding new dynamic property: PropertyDescriptor[simple]
[pool-4372-thread-1] INFO org.apache.nifi.processors.standard.RouteText - RouteText[id=be10b455-e89a-4243-a275-2d389d8b7ab8] Created FlowFile[1,100419363715382.mockFlowFile,17B] from FlowFile[0,100419363715382.mockFlowFile,26B]; routing to relationship simple
[pool-4372-thread-1] INFO org.apache.nifi.processors.standard.RouteText - RouteText[id=be10b455-e89a-4243-a275-2d389d8b7ab8] Created FlowFile[2,100419363715382.mockFlowFile,9B] from FlowFile[0,100419363715382.mockFlowFile,26B]; routing to relationship unmatched
[pool-4372-thread-1] INFO org.apache.nifi.processors.standard.RouteText - RouteText[id=be10b455-e89a-4243-a275-2d389d8b7ab8] Routing FlowFile[0,100419363715382.mockFlowFile,26B] to original
]]></system-err>
  </testcase>
  <testcase name="testRouteOnPropertiesStartsWindowsNewLine" classname="org.apache.nifi.processors.standard.TestRouteText" time="0.001">
    <system-err><![CDATA[[main] DEBUG org.apache.nifi.processors.standard.RouteText - RouteText[id=6ad4c58e-8e91-49a1-a8de-b00347f82493] Adding new dynamic property: PropertyDescriptor[simple]
[pool-4373-thread-1] INFO org.apache.nifi.processors.standard.RouteText - RouteText[id=6ad4c58e-8e91-49a1-a8de-b00347f82493] Created FlowFile[1,100419364695721.mockFlowFile,18B] from FlowFile[0,100419364695721.mockFlowFile,27B]; routing to relationship simple
[pool-4373-thread-1] INFO org.apache.nifi.processors.standard.RouteText - RouteText[id=6ad4c58e-8e91-49a1-a8de-b00347f82493] Created FlowFile[2,100419364695721.mockFlowFile,9B] from FlowFile[0,100419364695721.mockFlowFile,27B]; routing to relationship unmatched
[pool-4373-thread-1] INFO org.apache.nifi.processors.standard.RouteText - RouteText[id=6ad4c58e-8e91-49a1-a8de-b00347f82493] Routing FlowFile[0,100419364695721.mockFlowFile,27B] to original
]]></system-err>
  </testcase>
  <testcase name="testSimpleAllEquals" classname="org.apache.nifi.processors.standard.TestRouteText" time="0">
    <system-err><![CDATA[[main] DEBUG org.apache.nifi.processors.standard.RouteText - RouteText[id=33202f0c-1db2-4a69-bc32-daa9f67f80af] Adding new dynamic property: PropertyDescriptor[second]
[main] DEBUG org.apache.nifi.processors.standard.RouteText - RouteText[id=33202f0c-1db2-4a69-bc32-daa9f67f80af] Adding new dynamic property: PropertyDescriptor[simple]
[pool-4374-thread-1] INFO org.apache.nifi.processors.standard.RouteText - RouteText[id=33202f0c-1db2-4a69-bc32-daa9f67f80af] Created FlowFile[2,100419365368285.mockFlowFile,9B] from FlowFile[0,100419365368285.mockFlowFile,26B]; routing to relationship unmatched
[pool-4374-thread-1] INFO org.apache.nifi.processors.standard.RouteText - RouteText[id=33202f0c-1db2-4a69-bc32-daa9f67f80af] Created FlowFile[1,100419365368285.mockFlowFile,17B] from FlowFile[0,100419365368285.mockFlowFile,26B]; routing to relationship matched
[pool-4374-thread-1] INFO org.apache.nifi.processors.standard.RouteText - RouteText[id=33202f0c-1db2-4a69-bc32-daa9f67f80af] Routing FlowFile[0,100419365368285.mockFlowFile,26B] to original
]]></system-err>
  </testcase>
  <testcase name="testInvalidRegex" classname="org.apache.nifi.processors.standard.TestRouteText" time="0.001"/>
  <testcase name="testSimpleAllContainRegularExpression" classname="org.apache.nifi.processors.standard.TestRouteText" time="0">
    <system-err><![CDATA[[main] DEBUG org.apache.nifi.processors.standard.RouteText - RouteText[id=d90f68d0-bb22-4331-9d2c-b4fd4ef9dfa6] Adding new dynamic property: PropertyDescriptor[second]
[main] DEBUG org.apache.nifi.processors.standard.RouteText - RouteText[id=d90f68d0-bb22-4331-9d2c-b4fd4ef9dfa6] Adding new dynamic property: PropertyDescriptor[simple]
[pool-4375-thread-1] INFO org.apache.nifi.processors.standard.RouteText - RouteText[id=d90f68d0-bb22-4331-9d2c-b4fd4ef9dfa6] Created FlowFile[2,100419366522767.mockFlowFile,9B] from FlowFile[0,100419366522767.mockFlowFile,26B]; routing to relationship unmatched
[pool-4375-thread-1] INFO org.apache.nifi.processors.standard.RouteText - RouteText[id=d90f68d0-bb22-4331-9d2c-b4fd4ef9dfa6] Created FlowFile[1,100419366522767.mockFlowFile,17B] from FlowFile[0,100419366522767.mockFlowFile,26B]; routing to relationship matched
[pool-4375-thread-1] INFO org.apache.nifi.processors.standard.RouteText - RouteText[id=d90f68d0-bb22-4331-9d2c-b4fd4ef9dfa6] Routing FlowFile[0,100419366522767.mockFlowFile,26B] to original
]]></system-err>
  </testcase>
  <testcase name="testSimpleDefaultContains" classname="org.apache.nifi.processors.standard.TestRouteText" time="0">
    <system-err><![CDATA[[main] DEBUG org.apache.nifi.processors.standard.RouteText - RouteText[id=b2a8988c-c9aa-455c-9f42-37021c2a407d] Adding new dynamic property: PropertyDescriptor[simple]
[pool-4376-thread-1] INFO org.apache.nifi.processors.standard.RouteText - RouteText[id=b2a8988c-c9aa-455c-9f42-37021c2a407d] Created FlowFile[1,100419367141325.mockFlowFile,17B] from FlowFile[0,100419367141325.mockFlowFile,26B]; routing to relationship simple
[pool-4376-thread-1] INFO org.apache.nifi.processors.standard.RouteText - RouteText[id=b2a8988c-c9aa-455c-9f42-37021c2a407d] Created FlowFile[2,100419367141325.mockFlowFile,9B] from FlowFile[0,100419367141325.mockFlowFile,26B]; routing to relationship unmatched
[pool-4376-thread-1] INFO org.apache.nifi.processors.standard.RouteText - RouteText[id=b2a8988c-c9aa-455c-9f42-37021c2a407d] Routing FlowFile[0,100419367141325.mockFlowFile,26B] to original
]]></system-err>
  </testcase>
  <testcase name="testNotText" classname="org.apache.nifi.processors.standard.TestRouteText" time="0.014">
    <system-err><![CDATA[[main] DEBUG org.apache.nifi.processors.standard.RouteText - RouteText[id=1533fdc1-1b71-4f93-a5f1-6bb451e5e726] Adding new dynamic property: PropertyDescriptor[simple]
[pool-4377-thread-1] INFO org.apache.nifi.processors.standard.RouteText - RouteText[id=1533fdc1-1b71-4f93-a5f1-6bb451e5e726] Created FlowFile[1,simple.jpg,42919B] from FlowFile[0,simple.jpg,25248B]; routing to relationship unmatched
[pool-4377-thread-1] INFO org.apache.nifi.processors.standard.RouteText - RouteText[id=1533fdc1-1b71-4f93-a5f1-6bb451e5e726] Routing FlowFile[0,simple.jpg,25248B] to original
]]></system-err>
  </testcase>
  <testcase name="testSimpleAllStarts" classname="org.apache.nifi.processors.standard.TestRouteText" time="0.001">
    <system-err><![CDATA[[main] DEBUG org.apache.nifi.processors.standard.RouteText - RouteText[id=5eb482f9-0f4b-44d1-9682-1b2e6b3cc917] Adding new dynamic property: PropertyDescriptor[second]
[main] DEBUG org.apache.nifi.processors.standard.RouteText - RouteText[id=5eb482f9-0f4b-44d1-9682-1b2e6b3cc917] Adding new dynamic property: PropertyDescriptor[simple]
[pool-4378-thread-1] INFO org.apache.nifi.processors.standard.RouteText - RouteText[id=5eb482f9-0f4b-44d1-9682-1b2e6b3cc917] Created FlowFile[2,100419381578723.mockFlowFile,9B] from FlowFile[0,100419381578723.mockFlowFile,26B]; routing to relationship unmatched
[pool-4378-thread-1] INFO org.apache.nifi.processors.standard.RouteText - RouteText[id=5eb482f9-0f4b-44d1-9682-1b2e6b3cc917] Created FlowFile[1,100419381578723.mockFlowFile,17B] from FlowFile[0,100419381578723.mockFlowFile,26B]; routing to relationship matched
[pool-4378-thread-1] INFO org.apache.nifi.processors.standard.RouteText - RouteText[id=5eb482f9-0f4b-44d1-9682-1b2e6b3cc917] Routing FlowFile[0,100419381578723.mockFlowFile,26B] to original
]]></system-err>
  </testcase>
  <testcase name="testRouteOnPropertiesStartsJustCarriageReturn" classname="org.apache.nifi.processors.standard.TestRouteText" time="0">
    <system-err><![CDATA[[main] DEBUG org.apache.nifi.processors.standard.RouteText - RouteText[id=e91a9aa4-4fff-4390-9228-c8716175ab69] Adding new dynamic property: PropertyDescriptor[simple]
[pool-4379-thread-1] INFO org.apache.nifi.processors.standard.RouteText - RouteText[id=e91a9aa4-4fff-4390-9228-c8716175ab69] Created FlowFile[1,100419382284679.mockFlowFile,17B] from FlowFile[0,100419382284679.mockFlowFile,26B]; routing to relationship simple
[pool-4379-thread-1] INFO org.apache.nifi.processors.standard.RouteText - RouteText[id=e91a9aa4-4fff-4390-9228-c8716175ab69] Created FlowFile[2,100419382284679.mockFlowFile,9B] from FlowFile[0,100419382284679.mockFlowFile,26B]; routing to relationship unmatched
[pool-4379-thread-1] INFO org.apache.nifi.processors.standard.RouteText - RouteText[id=e91a9aa4-4fff-4390-9228-c8716175ab69] Routing FlowFile[0,100419382284679.mockFlowFile,26B] to original
]]></system-err>
  </testcase>
  <testcase name="testSimpleAnyMatchRegularExpression" classname="org.apache.nifi.processors.standard.TestRouteText" time="0.001">
    <system-err><![CDATA[[main] DEBUG org.apache.nifi.processors.standard.RouteText - RouteText[id=f3787309-b8e9-4b4f-bd14-363bbedadd0f] Adding new dynamic property: PropertyDescriptor[simple]
[main] DEBUG org.apache.nifi.processors.standard.RouteText - RouteText[id=f3787309-b8e9-4b4f-bd14-363bbedadd0f] Adding new dynamic property: PropertyDescriptor[no]
[pool-4380-thread-1] INFO org.apache.nifi.processors.standard.RouteText - RouteText[id=f3787309-b8e9-4b4f-bd14-363bbedadd0f] Created FlowFile[2,100419382971181.mockFlowFile,9B] from FlowFile[0,100419382971181.mockFlowFile,26B]; routing to relationship unmatched
[pool-4380-thread-1] INFO org.apache.nifi.processors.standard.RouteText - RouteText[id=f3787309-b8e9-4b4f-bd14-363bbedadd0f] Created FlowFile[1,100419382971181.mockFlowFile,17B] from FlowFile[0,100419382971181.mockFlowFile,26B]; routing to relationship matched
[pool-4380-thread-1] INFO org.apache.nifi.processors.standard.RouteText - RouteText[id=f3787309-b8e9-4b4f-bd14-363bbedadd0f] Routing FlowFile[0,100419382971181.mockFlowFile,26B] to original
]]></system-err>
  </testcase>
</testsuite>