<?xml version="1.0" encoding="UTF-8"?>
<testsuite xmlns:xsi="http://www.w3.org/2001/XMLSchema-instance" xsi:noNamespaceSchemaLocation="https://maven.apache.org/surefire/maven-surefire-plugin/xsd/surefire-test-report-3.0.xsd" version="3.0" name="org.apache.nifi.minifi.bootstrap.configuration.ingestors.PullHttpChangeIngestorSSLTest" time="1.536" tests="7" errors="0" skipped="0" failures="0">
  <properties>
    <property name="sun.desktop" value="gnome"/>
    <property name="awt.toolkit" value="sun.awt.X11.XToolkit"/>
    <property name="file.encoding.pkg" value="sun.io"/>
    <property name="java.specification.version" value="1.8"/>
    <property name="sun.cpu.isalist" value=""/>
    <property name="sun.jnu.encoding" value="UTF-8"/>
    <property name="java.class.path" value="/home/alex/Repositories/nifi/minifi/minifi-bootstrap/target/test-classes:/home/alex/Repositories/nifi/minifi/minifi-bootstrap/target/classes:/home/alex/.m2/repository/org/slf4j/slf4j-api/1.7.32/slf4j-api-1.7.32.jar:/home/alex/.m2/repository/ch/qos/logback/logback-classic/1.2.6/logback-classic-1.2.6.jar:/home/alex/.m2/repository/ch/qos/logback/logback-core/1.2.6/logback-core-1.2.6.jar:/home/alex/Repositories/nifi/nifi-api/target/classes:/home/alex/Repositories/nifi/nifi-commons/nifi-bootstrap-utils/target/classes:/home/alex/.m2/repository/net/java/dev/jna/jna-platform/4.4.0/jna-platform-4.4.0.jar:/home/alex/.m2/repository/net/java/dev/jna/jna/4.4.0/jna-4.4.0.jar:/home/alex/Repositories/nifi/nifi-nar-bundles/nifi-extension-utils/nifi-processor-utils/target/classes:/home/alex/Repositories/nifi/nifi-commons/nifi-security-socket-ssl/target/classes:/home/alex/.m2/repository/org/apache/commons/commons-lang3/3.9/commons-lang3-3.9.jar:/home/alex/.m2/repository/com/fasterxml/jackson/core/jackson-databind/2.12.3/jackson-databind-2.12.3.jar:/home/alex/.m2/repository/com/fasterxml/jackson/core/jackson-annotations/2.12.3/jackson-annotations-2.12.3.jar:/home/alex/.m2/repository/com/fasterxml/jackson/core/jackson-core/2.12.3/jackson-core-2.12.3.jar:/home/alex/Repositories/nifi/nifi-nar-bundles/nifi-standard-services/nifi-record-serialization-service-api/target/classes:/home/alex/Repositories/nifi/nifi-commons/nifi-record/target/classes:/home/alex/Repositories/nifi/nifi-nar-bundles/nifi-extension-utils/nifi-event-transport/target/classes:/home/alex/.m2/repository/io/netty/netty-handler/4.1.69.Final/netty-handler-4.1.69.Final.jar:/home/alex/.m2/repository/io/netty/netty-common/4.1.69.Final/netty-common-4.1.69.Final.jar:/home/alex/.m2/repository/io/netty/netty-resolver/4.1.69.Final/netty-resolver-4.1.69.Final.jar:/home/alex/.m2/repository/io/netty/netty-buffer/4.1.69.Final/netty-buffer-4.1.69.Final.jar:/home/alex/.m2/repository/io/netty/netty-transport/4.1.69.Final/netty-transport-4.1.69.Final.jar:/home/alex/.m2/repository/io/netty/netty-codec/4.1.69.Final/netty-codec-4.1.69.Final.jar:/home/alex/Repositories/nifi/nifi-commons/nifi-expression-language/target/classes:/home/alex/.m2/repository/org/antlr/antlr-runtime/3.5.2/antlr-runtime-3.5.2.jar:/home/alex/Repositories/nifi/nifi-commons/nifi-parameter/target/classes:/home/alex/Repositories/nifi/nifi-commons/nifi-uuid5/target/classes:/home/alex/.m2/repository/com/jayway/jsonpath/json-path/2.6.0/json-path-2.6.0.jar:/home/alex/.m2/repository/net/minidev/json-smart/2.4.7/json-smart-2.4.7.jar:/home/alex/.m2/repository/net/minidev/accessors-smart/2.4.7/accessors-smart-2.4.7.jar:/home/alex/.m2/repository/org/ow2/asm/asm/9.1/asm-9.1.jar:/home/alex/.m2/repository/org/apache/commons/commons-text/1.8/commons-text-1.8.jar:/home/alex/.m2/repository/commons-codec/commons-codec/1.10/commons-codec-1.10.jar:/home/alex/Repositories/nifi/minifi/minifi-commons/minifi-utils/target/classes:/home/alex/Repositories/nifi/nifi-commons/nifi-utils/target/classes:/home/alex/Repositories/nifi/nifi-commons/nifi-properties/target/classes:/home/alex/Repositories/nifi/nifi-commons/nifi-property-utils/target/classes:/home/alex/.m2/repository/org/yaml/snakeyaml/1.29/snakeyaml-1.29.jar:/home/alex/Repositories/nifi/minifi/minifi-commons/minifi-commons-schema/target/classes:/home/alex/.m2/repository/org/eclipse/jetty/jetty-server/9.4.44.v20210927/jetty-server-9.4.44.v20210927.jar:/home/alex/.m2/repository/javax/servlet/javax.servlet-api/3.1.0/javax.servlet-api-3.1.0.jar:/home/alex/.m2/repository/org/eclipse/jetty/jetty-http/9.4.44.v20210927/jetty-http-9.4.44.v20210927.jar:/home/alex/.m2/repository/org/eclipse/jetty/jetty-util/9.4.44.v20210927/jetty-util-9.4.44.v20210927.jar:/home/alex/.m2/repository/org/eclipse/jetty/jetty-io/9.4.44.v20210927/jetty-io-9.4.44.v20210927.jar:/home/alex/.m2/repository/org/eclipse/jetty/jetty-servlet/9.4.44.v20210927/jetty-servlet-9.4.44.v20210927.jar:/home/alex/.m2/repository/org/eclipse/jetty/jetty-security/9.4.44.v20210927/jetty-security-9.4.44.v20210927.jar:/home/alex/.m2/repository/org/eclipse/jetty/jetty-util-ajax/9.4.44.v20210927/jetty-util-ajax-9.4.44.v20210927.jar:/home/alex/.m2/repository/com/squareup/okhttp3/okhttp/3.12.3/okhttp-3.12.3.jar:/home/alex/.m2/repository/com/squareup/okio/okio/1.15.0/okio-1.15.0.jar:/home/alex/.m2/repository/commons-io/commons-io/2.10.0/commons-io-2.10.0.jar:/home/alex/.m2/repository/junit/junit/4.13.2/junit-4.13.2.jar:/home/alex/.m2/repository/org/hamcrest/hamcrest-core/1.3/hamcrest-core-1.3.jar:/home/alex/.m2/repository/org/mockito/mockito-all/1.10.19/mockito-all-1.10.19.jar:/home/alex/.m2/repository/org/slf4j/slf4j-simple/1.7.32/slf4j-simple-1.7.32.jar:/home/alex/.m2/repository/org/junit/jupiter/junit-jupiter-api/5.7.2/junit-jupiter-api-5.7.2.jar:/home/alex/.m2/repository/org/apiguardian/apiguardian-api/1.1.0/apiguardian-api-1.1.0.jar:/home/alex/.m2/repository/org/opentest4j/opentest4j/1.2.0/opentest4j-1.2.0.jar:/home/alex/.m2/repository/org/junit/platform/junit-platform-commons/1.7.2/junit-platform-commons-1.7.2.jar:/home/alex/.m2/repository/org/junit/jupiter/junit-jupiter-engine/5.7.2/junit-jupiter-engine-5.7.2.jar:/home/alex/.m2/repository/org/junit/platform/junit-platform-engine/1.7.2/junit-platform-engine-1.7.2.jar:/home/alex/.m2/repository/org/junit/vintage/junit-vintage-engine/5.7.2/junit-vintage-engine-5.7.2.jar:/home/alex/.m2/repository/org/junit/jupiter/junit-jupiter-params/5.7.2/junit-jupiter-params-5.7.2.jar:/home/alex/.m2/repository/org/mockito/mockito-core/3.11.2/mockito-core-3.11.2.jar:/home/alex/.m2/repository/net/bytebuddy/byte-buddy/1.11.3/byte-buddy-1.11.3.jar:/home/alex/.m2/repository/net/bytebuddy/byte-buddy-agent/1.11.3/byte-buddy-agent-1.11.3.jar:/home/alex/.m2/repository/org/objenesis/objenesis/3.2/objenesis-3.2.jar:/home/alex/.m2/repository/org/mockito/mockito-junit-jupiter/3.11.2/mockito-junit-jupiter-3.11.2.jar:/home/alex/.m2/repository/org/codehaus/groovy/groovy-test/2.5.14/groovy-test-2.5.14.jar:/home/alex/.m2/repository/org/codehaus/groovy/groovy/2.5.14/groovy-2.5.14.jar:"/>
    <property name="java.vm.vendor" value="Private Build"/>
    <property name="sun.arch.data.model" value="64"/>
    <property name="java.vendor.url" value="http://java.oracle.com/"/>
    <property name="user.timezone" value="Europe/Lisbon"/>
    <property name="java.vm.specification.version" value="1.8"/>
    <property name="os.name" value="Linux"/>
    <property name="user.country" value="US"/>
    <property name="sun.java.launcher" value="SUN_STANDARD"/>
    <property name="sun.boot.library.path" value="/usr/lib/jvm/java-8-openjdk-amd64/jre/lib/amd64"/>
    <property name="sun.java.command" value="/home/alex/Repositories/nifi/minifi/minifi-bootstrap/target/surefire/surefirebooter1399131410026549556.jar /home/alex/Repositories/nifi/minifi/minifi-bootstrap/target/surefire 2024-05-02T04-10-31_566-jvmRun1 surefire1508603942029864494tmp surefire_1828834002876923613034tmp"/>
    <property name="surefire.test.class.path" value="/home/alex/Repositories/nifi/minifi/minifi-bootstrap/target/test-classes:/home/alex/Repositories/nifi/minifi/minifi-bootstrap/target/classes:/home/alex/.m2/repository/org/slf4j/slf4j-api/1.7.32/slf4j-api-1.7.32.jar:/home/alex/.m2/repository/ch/qos/logback/logback-classic/1.2.6/logback-classic-1.2.6.jar:/home/alex/.m2/repository/ch/qos/logback/logback-core/1.2.6/logback-core-1.2.6.jar:/home/alex/Repositories/nifi/nifi-api/target/classes:/home/alex/Repositories/nifi/nifi-commons/nifi-bootstrap-utils/target/classes:/home/alex/.m2/repository/net/java/dev/jna/jna-platform/4.4.0/jna-platform-4.4.0.jar:/home/alex/.m2/repository/net/java/dev/jna/jna/4.4.0/jna-4.4.0.jar:/home/alex/Repositories/nifi/nifi-nar-bundles/nifi-extension-utils/nifi-processor-utils/target/classes:/home/alex/Repositories/nifi/nifi-commons/nifi-security-socket-ssl/target/classes:/home/alex/.m2/repository/org/apache/commons/commons-lang3/3.9/commons-lang3-3.9.jar:/home/alex/.m2/repository/com/fasterxml/jackson/core/jackson-databind/2.12.3/jackson-databind-2.12.3.jar:/home/alex/.m2/repository/com/fasterxml/jackson/core/jackson-annotations/2.12.3/jackson-annotations-2.12.3.jar:/home/alex/.m2/repository/com/fasterxml/jackson/core/jackson-core/2.12.3/jackson-core-2.12.3.jar:/home/alex/Repositories/nifi/nifi-nar-bundles/nifi-standard-services/nifi-record-serialization-service-api/target/classes:/home/alex/Repositories/nifi/nifi-commons/nifi-record/target/classes:/home/alex/Repositories/nifi/nifi-nar-bundles/nifi-extension-utils/nifi-event-transport/target/classes:/home/alex/.m2/repository/io/netty/netty-handler/4.1.69.Final/netty-handler-4.1.69.Final.jar:/home/alex/.m2/repository/io/netty/netty-common/4.1.69.Final/netty-common-4.1.69.Final.jar:/home/alex/.m2/repository/io/netty/netty-resolver/4.1.69.Final/netty-resolver-4.1.69.Final.jar:/home/alex/.m2/repository/io/netty/netty-buffer/4.1.69.Final/netty-buffer-4.1.69.Final.jar:/home/alex/.m2/repository/io/netty/netty-transport/4.1.69.Final/netty-transport-4.1.69.Final.jar:/home/alex/.m2/repository/io/netty/netty-codec/4.1.69.Final/netty-codec-4.1.69.Final.jar:/home/alex/Repositories/nifi/nifi-commons/nifi-expression-language/target/classes:/home/alex/.m2/repository/org/antlr/antlr-runtime/3.5.2/antlr-runtime-3.5.2.jar:/home/alex/Repositories/nifi/nifi-commons/nifi-parameter/target/classes:/home/alex/Repositories/nifi/nifi-commons/nifi-uuid5/target/classes:/home/alex/.m2/repository/com/jayway/jsonpath/json-path/2.6.0/json-path-2.6.0.jar:/home/alex/.m2/repository/net/minidev/json-smart/2.4.7/json-smart-2.4.7.jar:/home/alex/.m2/repository/net/minidev/accessors-smart/2.4.7/accessors-smart-2.4.7.jar:/home/alex/.m2/repository/org/ow2/asm/asm/9.1/asm-9.1.jar:/home/alex/.m2/repository/org/apache/commons/commons-text/1.8/commons-text-1.8.jar:/home/alex/.m2/repository/commons-codec/commons-codec/1.10/commons-codec-1.10.jar:/home/alex/Repositories/nifi/minifi/minifi-commons/minifi-utils/target/classes:/home/alex/Repositories/nifi/nifi-commons/nifi-utils/target/classes:/home/alex/Repositories/nifi/nifi-commons/nifi-properties/target/classes:/home/alex/Repositories/nifi/nifi-commons/nifi-property-utils/target/classes:/home/alex/.m2/repository/org/yaml/snakeyaml/1.29/snakeyaml-1.29.jar:/home/alex/Repositories/nifi/minifi/minifi-commons/minifi-commons-schema/target/classes:/home/alex/.m2/repository/org/eclipse/jetty/jetty-server/9.4.44.v20210927/jetty-server-9.4.44.v20210927.jar:/home/alex/.m2/repository/javax/servlet/javax.servlet-api/3.1.0/javax.servlet-api-3.1.0.jar:/home/alex/.m2/repository/org/eclipse/jetty/jetty-http/9.4.44.v20210927/jetty-http-9.4.44.v20210927.jar:/home/alex/.m2/repository/org/eclipse/jetty/jetty-util/9.4.44.v20210927/jetty-util-9.4.44.v20210927.jar:/home/alex/.m2/repository/org/eclipse/jetty/jetty-io/9.4.44.v20210927/jetty-io-9.4.44.v20210927.jar:/home/alex/.m2/repository/org/eclipse/jetty/jetty-servlet/9.4.44.v20210927/jetty-servlet-9.4.44.v20210927.jar:/home/alex/.m2/repository/org/eclipse/jetty/jetty-security/9.4.44.v20210927/jetty-security-9.4.44.v20210927.jar:/home/alex/.m2/repository/org/eclipse/jetty/jetty-util-ajax/9.4.44.v20210927/jetty-util-ajax-9.4.44.v20210927.jar:/home/alex/.m2/repository/com/squareup/okhttp3/okhttp/3.12.3/okhttp-3.12.3.jar:/home/alex/.m2/repository/com/squareup/okio/okio/1.15.0/okio-1.15.0.jar:/home/alex/.m2/repository/commons-io/commons-io/2.10.0/commons-io-2.10.0.jar:/home/alex/.m2/repository/junit/junit/4.13.2/junit-4.13.2.jar:/home/alex/.m2/repository/org/hamcrest/hamcrest-core/1.3/hamcrest-core-1.3.jar:/home/alex/.m2/repository/org/mockito/mockito-all/1.10.19/mockito-all-1.10.19.jar:/home/alex/.m2/repository/org/slf4j/slf4j-simple/1.7.32/slf4j-simple-1.7.32.jar:/home/alex/.m2/repository/org/junit/jupiter/junit-jupiter-api/5.7.2/junit-jupiter-api-5.7.2.jar:/home/alex/.m2/repository/org/apiguardian/apiguardian-api/1.1.0/apiguardian-api-1.1.0.jar:/home/alex/.m2/repository/org/opentest4j/opentest4j/1.2.0/opentest4j-1.2.0.jar:/home/alex/.m2/repository/org/junit/platform/junit-platform-commons/1.7.2/junit-platform-commons-1.7.2.jar:/home/alex/.m2/repository/org/junit/jupiter/junit-jupiter-engine/5.7.2/junit-jupiter-engine-5.7.2.jar:/home/alex/.m2/repository/org/junit/platform/junit-platform-engine/1.7.2/junit-platform-engine-1.7.2.jar:/home/alex/.m2/repository/org/junit/vintage/junit-vintage-engine/5.7.2/junit-vintage-engine-5.7.2.jar:/home/alex/.m2/repository/org/junit/jupiter/junit-jupiter-params/5.7.2/junit-jupiter-params-5.7.2.jar:/home/alex/.m2/repository/org/mockito/mockito-core/3.11.2/mockito-core-3.11.2.jar:/home/alex/.m2/repository/net/bytebuddy/byte-buddy/1.11.3/byte-buddy-1.11.3.jar:/home/alex/.m2/repository/net/bytebuddy/byte-buddy-agent/1.11.3/byte-buddy-agent-1.11.3.jar:/home/alex/.m2/repository/org/objenesis/objenesis/3.2/objenesis-3.2.jar:/home/alex/.m2/repository/org/mockito/mockito-junit-jupiter/3.11.2/mockito-junit-jupiter-3.11.2.jar:/home/alex/.m2/repository/org/codehaus/groovy/groovy-test/2.5.14/groovy-test-2.5.14.jar:/home/alex/.m2/repository/org/codehaus/groovy/groovy/2.5.14/groovy-2.5.14.jar:"/>
    <property name="sun.cpu.endian" value="little"/>
    <property name="user.home" value="/home/alex"/>
    <property name="user.language" value="en"/>
    <property name="java.specification.vendor" value="Oracle Corporation"/>
    <property name="java.home" value="/usr/lib/jvm/java-8-openjdk-amd64/jre"/>
    <property name="basedir" value="/home/alex/Repositories/nifi/minifi/minifi-bootstrap"/>
    <property name="file.separator" value="/"/>
    <property name="line.separator" value="&#10;"/>
    <property name="java.vm.specification.vendor" value="Oracle Corporation"/>
    <property name="java.specification.name" value="Java Platform API Specification"/>
    <property name="java.awt.graphicsenv" value="sun.awt.X11GraphicsEnvironment"/>
    <property name="java.awt.headless" value="true"/>
    <property name="surefire.real.class.path" value="/home/alex/Repositories/nifi/minifi/minifi-bootstrap/target/surefire/surefirebooter1399131410026549556.jar"/>
    <property name="sun.boot.class.path" value="/usr/lib/jvm/java-8-openjdk-amd64/jre/lib/resources.jar:/usr/lib/jvm/java-8-openjdk-amd64/jre/lib/rt.jar:/usr/lib/jvm/java-8-openjdk-amd64/jre/lib/sunrsasign.jar:/usr/lib/jvm/java-8-openjdk-amd64/jre/lib/jsse.jar:/usr/lib/jvm/java-8-openjdk-amd64/jre/lib/jce.jar:/usr/lib/jvm/java-8-openjdk-amd64/jre/lib/charsets.jar:/usr/lib/jvm/java-8-openjdk-amd64/jre/lib/jfr.jar:/usr/lib/jvm/java-8-openjdk-amd64/jre/classes"/>
    <property name="sun.management.compiler" value="HotSpot 64-Bit Tiered Compilers"/>
    <property name="java.runtime.version" value="1.8.0_402-8u402-ga-2ubuntu1~22.04-b06"/>
    <property name="java.net.preferIPv4Stack" value="true"/>
    <property name="user.name" value="alex"/>
    <property name="path.separator" value=":"/>
    <property name="os.version" value="6.5.0-28-generic"/>
    <property name="java.endorsed.dirs" value="/usr/lib/jvm/java-8-openjdk-amd64/jre/lib/endorsed"/>
    <property name="java.runtime.name" value="OpenJDK Runtime Environment"/>
    <property name="file.encoding" value="UTF-8"/>
    <property name="java.vm.name" value="OpenJDK 64-Bit Server VM"/>
    <property name="localRepository" value="/home/alex/.m2/repository"/>
    <property name="java.vendor.url.bug" value="http://bugreport.sun.com/bugreport/"/>
    <property name="jetty.git.hash" value="8da83308eeca865e495e53ef315a249d63ba9332"/>
    <property name="java.io.tmpdir" value="/tmp"/>
    <property name="java.version" value="1.8.0_402"/>
    <property name="user.dir" value="/home/alex/Repositories/nifi/minifi/minifi-bootstrap"/>
    <property name="os.arch" value="amd64"/>
    <property name="java.vm.specification.name" value="Java Virtual Machine Specification"/>
    <property name="java.awt.printerjob" value="sun.print.PSPrinterJob"/>
    <property name="sun.os.patch.level" value="unknown"/>
    <property name="java.library.path" value="/usr/java/packages/lib/amd64:/usr/lib/x86_64-linux-gnu/jni:/lib/x86_64-linux-gnu:/usr/lib/x86_64-linux-gnu:/usr/lib/jni:/lib:/usr/lib"/>
    <property name="java.vm.info" value="mixed mode"/>
    <property name="java.vendor" value="Private Build"/>
    <property name="java.vm.version" value="25.402-b06"/>
    <property name="java.specification.maintenance.version" value="5"/>
    <property name="java.ext.dirs" value="/usr/lib/jvm/java-8-openjdk-amd64/jre/lib/ext:/usr/java/packages/lib/ext"/>
    <property name="sun.io.unicode.encoding" value="UnicodeLittle"/>
    <property name="java.class.version" value="52.0"/>
  </properties>
  <testcase name="testNewUpdateWithPath" classname="org.apache.nifi.minifi.bootstrap.configuration.ingestors.PullHttpChangeIngestorSSLTest" time="0.092">
    <system-out><![CDATA[04:29:52.835 [main] DEBUG org.eclipse.jetty.util.component.ContainerLifeCycle - QueuedThreadPool[qtp399373008]@17cdf2d0{STOPPED,8<=0<=200,i=0,r=-1,q=0}[NO_TRY] added {org.eclipse.jetty.util.thread.ThreadPoolBudget@1755e85b,POJO}
04:29:52.835 [main] DEBUG org.eclipse.jetty.util.component.ContainerLifeCycle - Server@736d6a5c{STOPPED}[9.4.44.v20210927] added {QueuedThreadPool[qtp399373008]@17cdf2d0{STOPPED,8<=0<=200,i=0,r=-1,q=0}[NO_TRY],AUTO}
04:29:52.835 [main] DEBUG org.eclipse.jetty.util.component.ContainerLifeCycle - HandlerCollection@2371aaca{STOPPED} added {JettyHandler@5b529706{STOPPED},AUTO}
04:29:52.835 [main] DEBUG org.eclipse.jetty.util.component.ContainerLifeCycle - Server@736d6a5c{STOPPED}[9.4.44.v20210927] added {HandlerCollection@2371aaca{STOPPED},MANAGED}
04:29:52.838 [main] DEBUG org.eclipse.jetty.util.component.ContainerLifeCycle - HttpConnectionFactory@5553d0f5[HTTP/1.1] added {HttpConfiguration@1af687fe{32768/8192,8192/8192,https://:0,[]},POJO}
04:29:52.839 [main] DEBUG org.eclipse.jetty.util.component.ContainerLifeCycle - SslConnectionFactory@14dda234{SSL->HTTP/1.1} added {Server@5a411614[provider=null,keyStore=file:///home/alex/Repositories/nifi/minifi/minifi-bootstrap/src/test/resources/localhost-ks.jks,trustStore=file:///home/alex/Repositories/nifi/minifi/minifi-bootstrap/src/test/resources/localhost-ts.jks],AUTO}
04:29:52.839 [main] DEBUG org.eclipse.jetty.util.component.ContainerLifeCycle - ServerConnector@2374d36a{null, ()}{0.0.0.0:0} added {Server@736d6a5c{STOPPED}[9.4.44.v20210927],UNMANAGED}
04:29:52.839 [main] DEBUG org.eclipse.jetty.util.component.ContainerLifeCycle - ServerConnector@2374d36a{null, ()}{0.0.0.0:0} added {QueuedThreadPool[qtp399373008]@17cdf2d0{STOPPED,8<=0<=200,i=0,r=-1,q=0}[NO_TRY],AUTO}
04:29:52.839 [main] DEBUG org.eclipse.jetty.util.component.ContainerLifeCycle - ServerConnector@2374d36a{null, ()}{0.0.0.0:0} added {ScheduledExecutorScheduler@54d18072{STOPPED},AUTO}
04:29:52.839 [main] DEBUG org.eclipse.jetty.util.component.ContainerLifeCycle - ServerConnector@2374d36a{null, ()}{0.0.0.0:0} added {org.eclipse.jetty.io.ArrayByteBufferPool@1506f20f,POJO}
04:29:52.839 [main] DEBUG org.eclipse.jetty.util.component.ContainerLifeCycle - ServerConnector@2374d36a{null, (ssl)}{0.0.0.0:0} added {SslConnectionFactory@14dda234{SSL->HTTP/1.1},AUTO}
04:29:52.839 [main] DEBUG org.eclipse.jetty.server.AbstractConnector - ServerConnector@2374d36a{SSL, (ssl)}{0.0.0.0:0} added SslConnectionFactory@14dda234{SSL->HTTP/1.1}
04:29:52.839 [main] DEBUG org.eclipse.jetty.util.component.ContainerLifeCycle - ServerConnector@2374d36a{SSL, (ssl, http/1.1)}{0.0.0.0:0} added {HttpConnectionFactory@5553d0f5[HTTP/1.1],AUTO}
04:29:52.839 [main] DEBUG org.eclipse.jetty.server.AbstractConnector - ServerConnector@2374d36a{SSL, (ssl, http/1.1)}{0.0.0.0:0} added HttpConnectionFactory@5553d0f5[HTTP/1.1]
04:29:52.839 [main] DEBUG org.eclipse.jetty.util.component.ContainerLifeCycle - ServerConnector@2374d36a{SSL, (ssl, http/1.1)}{0.0.0.0:0} added {SelectorManager@ServerConnector@2374d36a{SSL, (ssl, http/1.1)}{0.0.0.0:0},MANAGED}
04:29:52.839 [main] DEBUG org.eclipse.jetty.util.component.ContainerLifeCycle - Server@736d6a5c{STOPPED}[9.4.44.v20210927] added {ServerConnector@2374d36a{SSL, (ssl, http/1.1)}{localhost:0},AUTO}
04:29:52.839 [main] DEBUG org.eclipse.jetty.util.component.AbstractLifeCycle - starting Server@736d6a5c{STOPPED}[9.4.44.v20210927]
04:29:52.840 [main] DEBUG org.eclipse.jetty.util.component.ContainerLifeCycle - Server@736d6a5c{STARTING}[9.4.44.v20210927] added {ErrorHandler@47a5b70d{STOPPED},AUTO}
04:29:52.840 [main] INFO org.eclipse.jetty.server.Server - jetty-9.4.44.v20210927; built: 2021-09-27T23:02:44.612Z; git: 8da83308eeca865e495e53ef315a249d63ba9332; jvm 1.8.0_402-8u402-ga-2ubuntu1~22.04-b06
04:29:52.840 [main] DEBUG org.eclipse.jetty.server.handler.AbstractHandler - starting Server@736d6a5c{STARTING}[9.4.44.v20210927]
04:29:52.840 [main] DEBUG org.eclipse.jetty.util.component.AbstractLifeCycle - starting QueuedThreadPool[qtp399373008]@17cdf2d0{STOPPED,8<=0<=200,i=0,r=-1,q=0}[NO_TRY]
04:29:52.840 [main] DEBUG org.eclipse.jetty.util.thread.ReservedThreadExecutor - ReservedThreadExecutor@424fd310{reserved=0/8,pending=0}
04:29:52.840 [main] DEBUG org.eclipse.jetty.util.component.ContainerLifeCycle - QueuedThreadPool[qtp399373008]@17cdf2d0{STARTING,8<=0<=200,i=0,r=-1,q=0}[ReservedThreadExecutor@424fd310{reserved=0/8,pending=0}] added {ReservedThreadExecutor@424fd310{reserved=0/8,pending=0},AUTO}
04:29:52.840 [main] DEBUG org.eclipse.jetty.util.component.AbstractLifeCycle - starting ReservedThreadExecutor@424fd310{reserved=0/8,pending=0}
04:29:52.840 [main] DEBUG org.eclipse.jetty.util.component.AbstractLifeCycle - STARTED @4841ms ReservedThreadExecutor@424fd310{reserved=0/8,pending=0}
04:29:52.840 [main] DEBUG org.eclipse.jetty.util.thread.QueuedThreadPool - Starting Thread[qtp399373008-55,5,main]
04:29:52.840 [main] DEBUG org.eclipse.jetty.util.thread.QueuedThreadPool - Starting Thread[qtp399373008-56,5,main]
04:29:52.840 [main] DEBUG org.eclipse.jetty.util.thread.QueuedThreadPool - Starting Thread[qtp399373008-57,5,main]
04:29:52.840 [qtp399373008-55] DEBUG org.eclipse.jetty.util.thread.QueuedThreadPool - Runner started for QueuedThreadPool[qtp399373008]@17cdf2d0{STARTING,8<=2<=200,i=2,r=-1,q=0}[ReservedThreadExecutor@424fd310{reserved=0/8,pending=0}]
04:29:52.840 [main] DEBUG org.eclipse.jetty.util.thread.QueuedThreadPool - Starting Thread[qtp399373008-58,5,main]
04:29:52.840 [qtp399373008-57] DEBUG org.eclipse.jetty.util.thread.QueuedThreadPool - Runner started for QueuedThreadPool[qtp399373008]@17cdf2d0{STARTING,8<=4<=200,i=4,r=-1,q=0}[ReservedThreadExecutor@424fd310{reserved=0/8,pending=0}]
04:29:52.840 [main] DEBUG org.eclipse.jetty.util.thread.QueuedThreadPool - Starting Thread[qtp399373008-59,5,main]
04:29:52.841 [main] DEBUG org.eclipse.jetty.util.thread.QueuedThreadPool - Starting Thread[qtp399373008-60,5,main]
04:29:52.841 [qtp399373008-58] DEBUG org.eclipse.jetty.util.thread.QueuedThreadPool - Runner started for QueuedThreadPool[qtp399373008]@17cdf2d0{STARTING,8<=5<=200,i=5,r=-1,q=0}[ReservedThreadExecutor@424fd310{reserved=0/8,pending=0}]
04:29:52.841 [qtp399373008-59] DEBUG org.eclipse.jetty.util.thread.QueuedThreadPool - Runner started for QueuedThreadPool[qtp399373008]@17cdf2d0{STARTING,8<=6<=200,i=6,r=-1,q=0}[ReservedThreadExecutor@424fd310{reserved=0/8,pending=0}]
04:29:52.841 [qtp399373008-56] DEBUG org.eclipse.jetty.util.thread.QueuedThreadPool - Runner started for QueuedThreadPool[qtp399373008]@17cdf2d0{STARTING,8<=6<=200,i=6,r=-1,q=0}[ReservedThreadExecutor@424fd310{reserved=0/8,pending=0}]
04:29:52.841 [main] DEBUG org.eclipse.jetty.util.thread.QueuedThreadPool - Starting Thread[qtp399373008-61,5,main]
04:29:52.841 [qtp399373008-60] DEBUG org.eclipse.jetty.util.thread.QueuedThreadPool - Runner started for QueuedThreadPool[qtp399373008]@17cdf2d0{STARTING,8<=7<=200,i=7,r=-1,q=0}[ReservedThreadExecutor@424fd310{reserved=0/8,pending=0}]
04:29:52.841 [main] DEBUG org.eclipse.jetty.util.thread.QueuedThreadPool - Starting Thread[qtp399373008-62,5,main]
04:29:52.841 [qtp399373008-61] DEBUG org.eclipse.jetty.util.thread.QueuedThreadPool - Runner started for QueuedThreadPool[qtp399373008]@17cdf2d0{STARTING,8<=8<=200,i=8,r=-1,q=0}[ReservedThreadExecutor@424fd310{reserved=0/8,pending=0}]
04:29:52.841 [main] DEBUG org.eclipse.jetty.util.component.AbstractLifeCycle - STARTED @4842ms QueuedThreadPool[qtp399373008]@17cdf2d0{STARTED,8<=8<=200,i=8,r=-1,q=0}[ReservedThreadExecutor@424fd310{reserved=0/8,pending=0}]
04:29:52.841 [main] DEBUG org.eclipse.jetty.util.component.AbstractLifeCycle - starting HandlerCollection@2371aaca{STOPPED}
04:29:52.841 [main] DEBUG org.eclipse.jetty.server.handler.AbstractHandler - starting HandlerCollection@2371aaca{STARTING}
04:29:52.841 [main] DEBUG org.eclipse.jetty.util.component.AbstractLifeCycle - starting JettyHandler@5b529706{STOPPED}
04:29:52.841 [main] DEBUG org.eclipse.jetty.server.handler.AbstractHandler - starting JettyHandler@5b529706{STARTING}
04:29:52.841 [main] DEBUG org.eclipse.jetty.util.component.AbstractLifeCycle - STARTED @4842ms JettyHandler@5b529706{STARTED}
04:29:52.841 [main] DEBUG org.eclipse.jetty.util.component.AbstractLifeCycle - STARTED @4843ms HandlerCollection@2371aaca{STARTED}
04:29:52.841 [main] DEBUG org.eclipse.jetty.util.component.AbstractLifeCycle - starting ErrorHandler@47a5b70d{STOPPED}
04:29:52.841 [main] DEBUG org.eclipse.jetty.server.handler.AbstractHandler - starting ErrorHandler@47a5b70d{STARTING}
04:29:52.841 [main] DEBUG org.eclipse.jetty.util.component.AbstractLifeCycle - STARTED @4843ms ErrorHandler@47a5b70d{STARTED}
04:29:52.842 [main] DEBUG org.eclipse.jetty.util.component.AbstractLifeCycle - starting ServerConnector@2374d36a{SSL, (ssl, http/1.1)}{localhost:0}
04:29:52.842 [main] DEBUG org.eclipse.jetty.util.component.ContainerLifeCycle - ServerConnector@2374d36a{SSL, (ssl, http/1.1)}{localhost:33437} added {sun.nio.ch.ServerSocketChannelImpl[/127.0.0.1:33437],POJO}
04:29:52.842 [main] DEBUG org.eclipse.jetty.util.component.AbstractLifeCycle - starting ScheduledExecutorScheduler@54d18072{STOPPED}
04:29:52.842 [main] DEBUG org.eclipse.jetty.util.component.AbstractLifeCycle - STARTED @4843ms ScheduledExecutorScheduler@54d18072{STARTED}
04:29:52.842 [main] DEBUG org.eclipse.jetty.util.component.AbstractLifeCycle - starting SslConnectionFactory@14dda234{SSL->HTTP/1.1}
04:29:52.842 [main] DEBUG org.eclipse.jetty.util.component.AbstractLifeCycle - starting Server@5a411614[provider=null,keyStore=file:///home/alex/Repositories/nifi/minifi/minifi-bootstrap/src/test/resources/localhost-ks.jks,trustStore=file:///home/alex/Repositories/nifi/minifi/minifi-bootstrap/src/test/resources/localhost-ts.jks]
04:29:52.845 [qtp399373008-62] DEBUG org.eclipse.jetty.util.thread.QueuedThreadPool - Runner started for QueuedThreadPool[qtp399373008]@17cdf2d0{STARTED,8<=8<=200,i=8,r=-1,q=0}[ReservedThreadExecutor@424fd310{reserved=0/8,pending=0}]
04:29:52.845 [main] DEBUG org.eclipse.jetty.util.ssl.SslContextFactory - Skipping [
[
  Version: V3
  Subject: CN=localhost, OU=Apache NiFi, O=Apache, L=Santa Monica, ST=CA, C=US
  Signature Algorithm: SHA256withRSA, OID = 1.2.840.113549.1.1.11

  Key:  Sun RSA public key, 2048 bits
  params: null
  modulus: 30814356967964143889979985530055364514699394643854733747998343669441470253519148017443938086010371890735549349346219651337818702185332874291515054870079563226954918193849616960862684868242286307978102369612841123949572244550174312189783512432514374223942259755501453758648376374577329063158223919569981746956302768359932779930568567551025861141698242321770321797245641831546024352966190839853333380405862111836548816513307103278129669977363291361980989435025931448076674220589578916708474451915467598527744638059964817414583177679616410437042552549854073395960578135618251112100328624274333297476918645698689757444387
  public exponent: 65537
  Validity: [From: Wed Sep 11 16:38:57 WEST 2019,
               To: Thu Sep 10 16:38:57 WEST 2020]
  Issuer: CN=localhost, OU=Apache NiFi, O=Apache, L=Santa Monica, ST=CA, C=US
  SerialNumber: [    5d791511]

Certificate Extensions: 2
[1]: ObjectId: 2.5.29.15 Criticality=false
KeyUsage [
  DigitalSignature
  Non_repudiation
  Key_Encipherment
  Data_Encipherment
  Key_Agreement
  Key_CertSign
]

[2]: ObjectId: 2.5.29.17 Criticality=false
SubjectAlternativeName [
  DNSName: localhost
]

]
  Algorithm: [SHA256withRSA]
  Signature:
0000: BD 60 51 3B 2B 7F 6A 1F   07 27 5B 95 90 71 12 AA  .`Q;+.j..'[..q..
0010: E2 51 88 19 F1 3D BF D9   70 36 DE BE 2E D0 E6 CB  .Q...=..p6......
0020: F9 37 23 D4 B2 67 1D FA   F6 06 D0 05 A4 C4 D8 BF  .7#..g..........
0030: 25 30 00 BC 98 A7 DC 41   D4 42 76 94 DB AD 9B DD  %0.....A.Bv.....
0040: E8 4A DA 97 40 4D 22 7F   8A B2 D2 F8 08 28 76 9F  .J..@M"......(v.
0050: AF 21 73 EC 37 D2 F2 3B   96 20 AE 8B E0 F8 F7 E9  .!s.7..;. ......
0060: E8 22 85 21 82 19 0F D1   C5 8A BE 7C CC FE D7 6F  .".!...........o
0070: A9 4E 62 69 45 A5 2D 50   33 31 06 6A 0F 61 1E F7  .NbiE.-P31.j.a..
0080: 8D 9F 60 68 D7 61 D6 32   25 64 43 76 B1 1B 7A 21  ..`h.a.2%dCv..z!
0090: 59 6F A3 FA BC D5 A9 28   6C A8 EF 30 F2 67 5E 1D  Yo.....(l..0.g^.
00A0: B9 AD A0 03 53 6E 83 6D   C4 CE CE 0C 66 10 73 39  ....Sn.m....f.s9
00B0: CE 73 1D BD 4D 8C 13 18   84 E7 E5 41 97 68 C1 53  .s..M......A.h.S
00C0: 81 CD B5 40 25 73 EC 05   E4 23 01 BA 4D 20 78 6B  ...@%s...#..M xk
00D0: 84 14 EB FF F2 82 AD 99   1F B9 34 99 3B BD 1D 3E  ..........4.;..>
00E0: 1B 14 48 1E E6 ED F9 7B   82 EE 15 33 57 CE B3 44  ..H........3W..D
00F0: 86 C7 F4 99 89 34 CE F3   88 BB AC F6 35 F2 80 59  .....4......5..Y

]
04:29:52.846 [main] DEBUG org.eclipse.jetty.util.ssl.X509 - Certificate CN alias=mykey CN=localhost in X509@48a12036(mykey,h=[],a=[],w=[])
04:29:52.846 [main] INFO org.eclipse.jetty.util.ssl.SslContextFactory - x509=X509@48a12036(mykey,h=[localhost],a=[],w=[]) for Server@5a411614[provider=null,keyStore=file:///home/alex/Repositories/nifi/minifi/minifi-bootstrap/src/test/resources/localhost-ks.jks,trustStore=file:///home/alex/Repositories/nifi/minifi/minifi-bootstrap/src/test/resources/localhost-ts.jks]
04:29:52.847 [main] DEBUG org.eclipse.jetty.util.ssl.SslContextFactory - managers=[sun.security.ssl.SunX509KeyManagerImpl@70efb718] for Server@5a411614[provider=null,keyStore=file:///home/alex/Repositories/nifi/minifi/minifi-bootstrap/src/test/resources/localhost-ks.jks,trustStore=file:///home/alex/Repositories/nifi/minifi/minifi-bootstrap/src/test/resources/localhost-ts.jks]
04:29:52.847 [main] DEBUG org.eclipse.jetty.util.ssl.SslContextFactory - Selected Protocols [TLSv1.3, TLSv1.2] of [TLSv1.3, TLSv1.2, TLSv1.1, TLSv1, SSLv3, SSLv2Hello]
04:29:52.847 [main] DEBUG org.eclipse.jetty.util.ssl.SslContextFactory - Selected Ciphers   [TLS_AES_256_GCM_SHA384, TLS_AES_128_GCM_SHA256, TLS_ECDHE_ECDSA_WITH_AES_256_GCM_SHA384, TLS_ECDHE_ECDSA_WITH_AES_128_GCM_SHA256, TLS_ECDHE_RSA_WITH_AES_256_GCM_SHA384, TLS_ECDHE_RSA_WITH_AES_128_GCM_SHA256, TLS_DHE_RSA_WITH_AES_256_GCM_SHA384, TLS_DHE_DSS_WITH_AES_256_GCM_SHA384, TLS_DHE_RSA_WITH_AES_128_GCM_SHA256, TLS_DHE_DSS_WITH_AES_128_GCM_SHA256, TLS_ECDHE_ECDSA_WITH_AES_256_CBC_SHA384, TLS_ECDHE_RSA_WITH_AES_256_CBC_SHA384, TLS_ECDHE_ECDSA_WITH_AES_128_CBC_SHA256, TLS_ECDHE_RSA_WITH_AES_128_CBC_SHA256, TLS_DHE_RSA_WITH_AES_256_CBC_SHA256, TLS_DHE_DSS_WITH_AES_256_CBC_SHA256, TLS_DHE_RSA_WITH_AES_128_CBC_SHA256, TLS_DHE_DSS_WITH_AES_128_CBC_SHA256, TLS_ECDH_ECDSA_WITH_AES_256_GCM_SHA384, TLS_ECDH_RSA_WITH_AES_256_GCM_SHA384, TLS_ECDH_ECDSA_WITH_AES_128_GCM_SHA256, TLS_ECDH_RSA_WITH_AES_128_GCM_SHA256, TLS_ECDH_ECDSA_WITH_AES_256_CBC_SHA384, TLS_ECDH_RSA_WITH_AES_256_CBC_SHA384, TLS_ECDH_ECDSA_WITH_AES_128_CBC_SHA256, TLS_ECDH_RSA_WITH_AES_128_CBC_SHA256, TLS_EMPTY_RENEGOTIATION_INFO_SCSV] of [TLS_AES_256_GCM_SHA384, TLS_AES_128_GCM_SHA256, TLS_ECDHE_ECDSA_WITH_AES_256_GCM_SHA384, TLS_ECDHE_ECDSA_WITH_AES_128_GCM_SHA256, TLS_ECDHE_RSA_WITH_AES_256_GCM_SHA384, TLS_ECDHE_RSA_WITH_AES_128_GCM_SHA256, TLS_DHE_RSA_WITH_AES_256_GCM_SHA384, TLS_DHE_DSS_WITH_AES_256_GCM_SHA384, TLS_DHE_RSA_WITH_AES_128_GCM_SHA256, TLS_DHE_DSS_WITH_AES_128_GCM_SHA256, TLS_ECDHE_ECDSA_WITH_AES_256_CBC_SHA384, TLS_ECDHE_RSA_WITH_AES_256_CBC_SHA384, TLS_ECDHE_ECDSA_WITH_AES_128_CBC_SHA256, TLS_ECDHE_RSA_WITH_AES_128_CBC_SHA256, TLS_DHE_RSA_WITH_AES_256_CBC_SHA256, TLS_DHE_DSS_WITH_AES_256_CBC_SHA256, TLS_DHE_RSA_WITH_AES_128_CBC_SHA256, TLS_DHE_DSS_WITH_AES_128_CBC_SHA256, TLS_ECDH_ECDSA_WITH_AES_256_GCM_SHA384, TLS_ECDH_RSA_WITH_AES_256_GCM_SHA384, TLS_ECDH_ECDSA_WITH_AES_128_GCM_SHA256, TLS_ECDH_RSA_WITH_AES_128_GCM_SHA256, TLS_ECDH_ECDSA_WITH_AES_256_CBC_SHA384, TLS_ECDH_RSA_WITH_AES_256_CBC_SHA384, TLS_ECDH_ECDSA_WITH_AES_128_CBC_SHA256, TLS_ECDH_RSA_WITH_AES_128_CBC_SHA256, TLS_ECDHE_ECDSA_WITH_AES_256_CBC_SHA, TLS_ECDHE_RSA_WITH_AES_256_CBC_SHA, TLS_ECDHE_ECDSA_WITH_AES_128_CBC_SHA, TLS_ECDHE_RSA_WITH_AES_128_CBC_SHA, TLS_DHE_RSA_WITH_AES_256_CBC_SHA, TLS_DHE_DSS_WITH_AES_256_CBC_SHA, TLS_DHE_RSA_WITH_AES_128_CBC_SHA, TLS_DHE_DSS_WITH_AES_128_CBC_SHA, TLS_ECDH_ECDSA_WITH_AES_256_CBC_SHA, TLS_ECDH_RSA_WITH_AES_256_CBC_SHA, TLS_ECDH_ECDSA_WITH_AES_128_CBC_SHA, TLS_ECDH_RSA_WITH_AES_128_CBC_SHA, TLS_RSA_WITH_AES_256_GCM_SHA384, TLS_RSA_WITH_AES_128_GCM_SHA256, TLS_RSA_WITH_AES_256_CBC_SHA256, TLS_RSA_WITH_AES_128_CBC_SHA256, TLS_RSA_WITH_AES_256_CBC_SHA, TLS_RSA_WITH_AES_128_CBC_SHA, TLS_EMPTY_RENEGOTIATION_INFO_SCSV]
04:29:52.848 [main] DEBUG org.eclipse.jetty.util.ssl.SslContextFactory - Customize sun.security.ssl.SSLEngineImpl@b70da4c
04:29:52.848 [main] DEBUG org.eclipse.jetty.util.component.AbstractLifeCycle - STARTED @4850ms Server@5a411614[provider=null,keyStore=file:///home/alex/Repositories/nifi/minifi/minifi-bootstrap/src/test/resources/localhost-ks.jks,trustStore=file:///home/alex/Repositories/nifi/minifi/minifi-bootstrap/src/test/resources/localhost-ts.jks]
04:29:52.849 [main] DEBUG org.eclipse.jetty.util.ssl.SslContextFactory - Customize sun.security.ssl.SSLEngineImpl@4a11eb84
04:29:52.849 [main] DEBUG org.eclipse.jetty.util.component.AbstractLifeCycle - STARTED @4850ms SslConnectionFactory@14dda234{SSL->HTTP/1.1}
04:29:52.849 [main] DEBUG org.eclipse.jetty.util.component.AbstractLifeCycle - starting HttpConnectionFactory@5553d0f5[HTTP/1.1]
04:29:52.849 [main] DEBUG org.eclipse.jetty.util.component.AbstractLifeCycle - STARTED @4850ms HttpConnectionFactory@5553d0f5[HTTP/1.1]
04:29:52.849 [main] DEBUG org.eclipse.jetty.util.component.AbstractLifeCycle - starting SelectorManager@ServerConnector@2374d36a{SSL, (ssl, http/1.1)}{localhost:33437}
04:29:52.849 [main] DEBUG org.eclipse.jetty.util.component.ContainerLifeCycle - EatWhatYouKill@4e858e0a/SelectorProducer@435fb7b5/IDLE/p=false/QueuedThreadPool[qtp399373008]@17cdf2d0{STARTED,8<=8<=200,i=8,r=-1,q=0}[ReservedThreadExecutor@424fd310{reserved=0/8,pending=0}][pc=0,pic=0,pec=0,epc=0]@2024-05-02T04:29:52.849+01:00 added {SelectorProducer@435fb7b5,POJO}
04:29:52.849 [main] DEBUG org.eclipse.jetty.util.component.ContainerLifeCycle - EatWhatYouKill@4e858e0a/SelectorProducer@435fb7b5/IDLE/p=false/QueuedThreadPool[qtp399373008]@17cdf2d0{STARTED,8<=8<=200,i=8,r=-1,q=0}[ReservedThreadExecutor@424fd310{reserved=0/8,pending=0}][pc=0,pic=0,pec=0,epc=0]@2024-05-02T04:29:52.849+01:00 added {QueuedThreadPool[qtp399373008]@17cdf2d0{STARTED,8<=8<=200,i=8,r=-1,q=0}[ReservedThreadExecutor@424fd310{reserved=0/8,pending=0}],UNMANAGED}
04:29:52.849 [main] DEBUG org.eclipse.jetty.util.thread.strategy.EatWhatYouKill - EatWhatYouKill@4e858e0a/SelectorProducer@435fb7b5/IDLE/p=false/QueuedThreadPool[qtp399373008]@17cdf2d0{STARTED,8<=8<=200,i=8,r=-1,q=0}[ReservedThreadExecutor@424fd310{reserved=0/8,pending=0}][pc=0,pic=0,pec=0,epc=0]@2024-05-02T04:29:52.849+01:00 created
04:29:52.850 [main] DEBUG org.eclipse.jetty.util.component.ContainerLifeCycle - ManagedSelector@4e70a728{STOPPED} id=0 keys=-1 selected=-1 updates=0 added {EatWhatYouKill@4e858e0a/SelectorProducer@435fb7b5/IDLE/p=false/QueuedThreadPool[qtp399373008]@17cdf2d0{STARTED,8<=8<=200,i=8,r=-1,q=0}[ReservedThreadExecutor@424fd310{reserved=0/8,pending=0}][pc=0,pic=0,pec=0,epc=0]@2024-05-02T04:29:52.85+01:00,MANAGED}
04:29:52.850 [main] DEBUG org.eclipse.jetty.util.component.ContainerLifeCycle - SelectorManager@ServerConnector@2374d36a{SSL, (ssl, http/1.1)}{localhost:33437} added {ManagedSelector@4e70a728{STOPPED} id=0 keys=-1 selected=-1 updates=0,AUTO}
04:29:52.850 [main] DEBUG org.eclipse.jetty.util.component.ContainerLifeCycle - EatWhatYouKill@b7838a9/SelectorProducer@696f0212/IDLE/p=false/QueuedThreadPool[qtp399373008]@17cdf2d0{STARTED,8<=8<=200,i=8,r=-1,q=0}[ReservedThreadExecutor@424fd310{reserved=0/8,pending=0}][pc=0,pic=0,pec=0,epc=0]@2024-05-02T04:29:52.85+01:00 added {SelectorProducer@696f0212,POJO}
04:29:52.850 [main] DEBUG org.eclipse.jetty.util.component.ContainerLifeCycle - EatWhatYouKill@b7838a9/SelectorProducer@696f0212/IDLE/p=false/QueuedThreadPool[qtp399373008]@17cdf2d0{STARTED,8<=8<=200,i=8,r=-1,q=0}[ReservedThreadExecutor@424fd310{reserved=0/8,pending=0}][pc=0,pic=0,pec=0,epc=0]@2024-05-02T04:29:52.85+01:00 added {QueuedThreadPool[qtp399373008]@17cdf2d0{STARTED,8<=8<=200,i=8,r=-1,q=0}[ReservedThreadExecutor@424fd310{reserved=0/8,pending=0}],UNMANAGED}
04:29:52.850 [main] DEBUG org.eclipse.jetty.util.thread.strategy.EatWhatYouKill - EatWhatYouKill@b7838a9/SelectorProducer@696f0212/IDLE/p=false/QueuedThreadPool[qtp399373008]@17cdf2d0{STARTED,8<=8<=200,i=8,r=-1,q=0}[ReservedThreadExecutor@424fd310{reserved=0/8,pending=0}][pc=0,pic=0,pec=0,epc=0]@2024-05-02T04:29:52.85+01:00 created
04:29:52.850 [main] DEBUG org.eclipse.jetty.util.component.ContainerLifeCycle - ManagedSelector@5733f295{STOPPED} id=1 keys=-1 selected=-1 updates=0 added {EatWhatYouKill@b7838a9/SelectorProducer@696f0212/IDLE/p=false/QueuedThreadPool[qtp399373008]@17cdf2d0{STARTED,8<=8<=200,i=8,r=-1,q=0}[ReservedThreadExecutor@424fd310{reserved=0/8,pending=0}][pc=0,pic=0,pec=0,epc=0]@2024-05-02T04:29:52.85+01:00,MANAGED}
04:29:52.851 [main] DEBUG org.eclipse.jetty.util.component.ContainerLifeCycle - SelectorManager@ServerConnector@2374d36a{SSL, (ssl, http/1.1)}{localhost:33437} added {ManagedSelector@5733f295{STOPPED} id=1 keys=-1 selected=-1 updates=0,AUTO}
04:29:52.851 [main] DEBUG org.eclipse.jetty.util.component.ContainerLifeCycle - EatWhatYouKill@1c3146bc/SelectorProducer@56c698e3/IDLE/p=false/QueuedThreadPool[qtp399373008]@17cdf2d0{STARTED,8<=8<=200,i=8,r=-1,q=0}[ReservedThreadExecutor@424fd310{reserved=0/8,pending=0}][pc=0,pic=0,pec=0,epc=0]@2024-05-02T04:29:52.851+01:00 added {SelectorProducer@56c698e3,POJO}
04:29:52.851 [main] DEBUG org.eclipse.jetty.util.component.ContainerLifeCycle - EatWhatYouKill@1c3146bc/SelectorProducer@56c698e3/IDLE/p=false/QueuedThreadPool[qtp399373008]@17cdf2d0{STARTED,8<=8<=200,i=8,r=-1,q=0}[ReservedThreadExecutor@424fd310{reserved=0/8,pending=0}][pc=0,pic=0,pec=0,epc=0]@2024-05-02T04:29:52.851+01:00 added {QueuedThreadPool[qtp399373008]@17cdf2d0{STARTED,8<=8<=200,i=8,r=-1,q=0}[ReservedThreadExecutor@424fd310{reserved=0/8,pending=0}],UNMANAGED}
04:29:52.851 [main] DEBUG org.eclipse.jetty.util.thread.strategy.EatWhatYouKill - EatWhatYouKill@1c3146bc/SelectorProducer@56c698e3/IDLE/p=false/QueuedThreadPool[qtp399373008]@17cdf2d0{STARTED,8<=8<=200,i=8,r=-1,q=0}[ReservedThreadExecutor@424fd310{reserved=0/8,pending=0}][pc=0,pic=0,pec=0,epc=0]@2024-05-02T04:29:52.851+01:00 created
04:29:52.851 [main] DEBUG org.eclipse.jetty.util.component.ContainerLifeCycle - ManagedSelector@47a86fbb{STOPPED} id=2 keys=-1 selected=-1 updates=0 added {EatWhatYouKill@1c3146bc/SelectorProducer@56c698e3/IDLE/p=false/QueuedThreadPool[qtp399373008]@17cdf2d0{STARTED,8<=8<=200,i=8,r=-1,q=0}[ReservedThreadExecutor@424fd310{reserved=0/8,pending=0}][pc=0,pic=0,pec=0,epc=0]@2024-05-02T04:29:52.851+01:00,MANAGED}
04:29:52.851 [main] DEBUG org.eclipse.jetty.util.component.ContainerLifeCycle - SelectorManager@ServerConnector@2374d36a{SSL, (ssl, http/1.1)}{localhost:33437} added {ManagedSelector@47a86fbb{STOPPED} id=2 keys=-1 selected=-1 updates=0,AUTO}
04:29:52.852 [main] DEBUG org.eclipse.jetty.util.component.ContainerLifeCycle - EatWhatYouKill@f478a81/SelectorProducer@19553973/IDLE/p=false/QueuedThreadPool[qtp399373008]@17cdf2d0{STARTED,8<=8<=200,i=8,r=-1,q=0}[ReservedThreadExecutor@424fd310{reserved=0/8,pending=0}][pc=0,pic=0,pec=0,epc=0]@2024-05-02T04:29:52.851+01:00 added {SelectorProducer@19553973,POJO}
04:29:52.852 [main] DEBUG org.eclipse.jetty.util.component.ContainerLifeCycle - EatWhatYouKill@f478a81/SelectorProducer@19553973/IDLE/p=false/QueuedThreadPool[qtp399373008]@17cdf2d0{STARTED,8<=8<=200,i=8,r=-1,q=0}[ReservedThreadExecutor@424fd310{reserved=0/8,pending=0}][pc=0,pic=0,pec=0,epc=0]@2024-05-02T04:29:52.852+01:00 added {QueuedThreadPool[qtp399373008]@17cdf2d0{STARTED,8<=8<=200,i=8,r=-1,q=0}[ReservedThreadExecutor@424fd310{reserved=0/8,pending=0}],UNMANAGED}
04:29:52.852 [main] DEBUG org.eclipse.jetty.util.thread.strategy.EatWhatYouKill - EatWhatYouKill@f478a81/SelectorProducer@19553973/IDLE/p=false/QueuedThreadPool[qtp399373008]@17cdf2d0{STARTED,8<=8<=200,i=8,r=-1,q=0}[ReservedThreadExecutor@424fd310{reserved=0/8,pending=0}][pc=0,pic=0,pec=0,epc=0]@2024-05-02T04:29:52.852+01:00 created
04:29:52.852 [main] DEBUG org.eclipse.jetty.util.component.ContainerLifeCycle - ManagedSelector@7bb6ab3a{STOPPED} id=3 keys=-1 selected=-1 updates=0 added {EatWhatYouKill@f478a81/SelectorProducer@19553973/IDLE/p=false/QueuedThreadPool[qtp399373008]@17cdf2d0{STARTED,8<=8<=200,i=8,r=-1,q=0}[ReservedThreadExecutor@424fd310{reserved=0/8,pending=0}][pc=0,pic=0,pec=0,epc=0]@2024-05-02T04:29:52.852+01:00,MANAGED}
04:29:52.852 [main] DEBUG org.eclipse.jetty.util.component.ContainerLifeCycle - SelectorManager@ServerConnector@2374d36a{SSL, (ssl, http/1.1)}{localhost:33437} added {ManagedSelector@7bb6ab3a{STOPPED} id=3 keys=-1 selected=-1 updates=0,AUTO}
04:29:52.852 [main] DEBUG org.eclipse.jetty.util.component.AbstractLifeCycle - starting ManagedSelector@4e70a728{STOPPED} id=0 keys=-1 selected=-1 updates=0
04:29:52.852 [main] DEBUG org.eclipse.jetty.util.component.AbstractLifeCycle - starting EatWhatYouKill@4e858e0a/SelectorProducer@435fb7b5/IDLE/p=false/QueuedThreadPool[qtp399373008]@17cdf2d0{STARTED,8<=8<=200,i=8,r=-1,q=0}[ReservedThreadExecutor@424fd310{reserved=0/8,pending=0}][pc=0,pic=0,pec=0,epc=0]@2024-05-02T04:29:52.852+01:00
04:29:52.853 [main] DEBUG org.eclipse.jetty.util.component.AbstractLifeCycle - STARTED @4854ms EatWhatYouKill@4e858e0a/SelectorProducer@435fb7b5/IDLE/p=false/QueuedThreadPool[qtp399373008]@17cdf2d0{STARTED,8<=8<=200,i=8,r=-1,q=0}[ReservedThreadExecutor@424fd310{reserved=0/8,pending=0}][pc=0,pic=0,pec=0,epc=0]@2024-05-02T04:29:52.853+01:00
04:29:52.853 [main] DEBUG org.eclipse.jetty.util.thread.QueuedThreadPool - queue org.eclipse.jetty.io.ManagedSelector$$Lambda$253/838473569@7fe7c640 startThread=0
04:29:52.853 [qtp399373008-55] DEBUG org.eclipse.jetty.util.thread.QueuedThreadPool - run org.eclipse.jetty.io.ManagedSelector$$Lambda$253/838473569@7fe7c640 in QueuedThreadPool[qtp399373008]@17cdf2d0{STARTED,8<=8<=200,i=7,r=-1,q=0}[ReservedThreadExecutor@424fd310{reserved=0/8,pending=0}]
04:29:52.853 [main] DEBUG org.eclipse.jetty.io.ManagedSelector - Queued change lazy=false org.eclipse.jetty.io.ManagedSelector$Start@4c4748bf on ManagedSelector@4e70a728{STARTING} id=0 keys=0 selected=0 updates=0
04:29:52.853 [qtp399373008-55] DEBUG org.eclipse.jetty.util.thread.strategy.EatWhatYouKill - EatWhatYouKill@4e858e0a/SelectorProducer@435fb7b5/IDLE/p=false/QueuedThreadPool[qtp399373008]@17cdf2d0{STARTED,8<=8<=200,i=7,r=-1,q=0}[ReservedThreadExecutor@424fd310{reserved=0/8,pending=0}][pc=0,pic=0,pec=0,epc=0]@2024-05-02T04:29:52.853+01:00 tryProduce false
04:29:52.853 [qtp399373008-55] DEBUG org.eclipse.jetty.io.ManagedSelector - updateable 1
04:29:52.853 [qtp399373008-55] DEBUG org.eclipse.jetty.io.ManagedSelector - update org.eclipse.jetty.io.ManagedSelector$Start@4c4748bf
04:29:52.853 [qtp399373008-55] DEBUG org.eclipse.jetty.io.ManagedSelector - updates 0
04:29:52.853 [qtp399373008-55] DEBUG org.eclipse.jetty.io.ManagedSelector - Selector sun.nio.ch.EPollSelectorImpl@5760edca waiting with 0 keys
04:29:52.853 [main] DEBUG org.eclipse.jetty.util.component.AbstractLifeCycle - STARTED @4854ms ManagedSelector@4e70a728{STARTED} id=0 keys=0 selected=0 updates=0
04:29:52.853 [main] DEBUG org.eclipse.jetty.util.component.AbstractLifeCycle - starting ManagedSelector@5733f295{STOPPED} id=1 keys=-1 selected=-1 updates=0
04:29:52.853 [main] DEBUG org.eclipse.jetty.util.component.AbstractLifeCycle - starting EatWhatYouKill@b7838a9/SelectorProducer@696f0212/IDLE/p=false/QueuedThreadPool[qtp399373008]@17cdf2d0{STARTED,8<=8<=200,i=7,r=-1,q=0}[ReservedThreadExecutor@424fd310{reserved=0/8,pending=0}][pc=0,pic=0,pec=0,epc=0]@2024-05-02T04:29:52.853+01:00
04:29:52.853 [main] DEBUG org.eclipse.jetty.util.component.AbstractLifeCycle - STARTED @4855ms EatWhatYouKill@b7838a9/SelectorProducer@696f0212/IDLE/p=false/QueuedThreadPool[qtp399373008]@17cdf2d0{STARTED,8<=8<=200,i=7,r=-1,q=0}[ReservedThreadExecutor@424fd310{reserved=0/8,pending=0}][pc=0,pic=0,pec=0,epc=0]@2024-05-02T04:29:52.853+01:00
04:29:52.854 [main] DEBUG org.eclipse.jetty.util.thread.QueuedThreadPool - queue org.eclipse.jetty.io.ManagedSelector$$Lambda$253/838473569@7ce97ee5 startThread=0
04:29:52.854 [qtp399373008-57] DEBUG org.eclipse.jetty.util.thread.QueuedThreadPool - run org.eclipse.jetty.io.ManagedSelector$$Lambda$253/838473569@7ce97ee5 in QueuedThreadPool[qtp399373008]@17cdf2d0{STARTED,8<=8<=200,i=6,r=-1,q=0}[ReservedThreadExecutor@424fd310{reserved=0/8,pending=0}]
04:29:52.854 [main] DEBUG org.eclipse.jetty.io.ManagedSelector - Queued change lazy=false org.eclipse.jetty.io.ManagedSelector$Start@32c8e539 on ManagedSelector@5733f295{STARTING} id=1 keys=0 selected=0 updates=0
04:29:52.854 [qtp399373008-57] DEBUG org.eclipse.jetty.util.thread.strategy.EatWhatYouKill - EatWhatYouKill@b7838a9/SelectorProducer@696f0212/IDLE/p=false/QueuedThreadPool[qtp399373008]@17cdf2d0{STARTED,8<=8<=200,i=6,r=-1,q=0}[ReservedThreadExecutor@424fd310{reserved=0/8,pending=0}][pc=0,pic=0,pec=0,epc=0]@2024-05-02T04:29:52.854+01:00 tryProduce false
04:29:52.854 [qtp399373008-57] DEBUG org.eclipse.jetty.io.ManagedSelector - updateable 1
04:29:52.854 [qtp399373008-57] DEBUG org.eclipse.jetty.io.ManagedSelector - update org.eclipse.jetty.io.ManagedSelector$Start@32c8e539
04:29:52.854 [qtp399373008-57] DEBUG org.eclipse.jetty.io.ManagedSelector - updates 0
04:29:52.854 [qtp399373008-57] DEBUG org.eclipse.jetty.io.ManagedSelector - Selector sun.nio.ch.EPollSelectorImpl@383171f8 waiting with 0 keys
04:29:52.854 [main] DEBUG org.eclipse.jetty.util.component.AbstractLifeCycle - STARTED @4855ms ManagedSelector@5733f295{STARTED} id=1 keys=0 selected=0 updates=0
04:29:52.854 [main] DEBUG org.eclipse.jetty.util.component.AbstractLifeCycle - starting ManagedSelector@47a86fbb{STOPPED} id=2 keys=-1 selected=-1 updates=0
04:29:52.854 [main] DEBUG org.eclipse.jetty.util.component.AbstractLifeCycle - starting EatWhatYouKill@1c3146bc/SelectorProducer@56c698e3/IDLE/p=false/QueuedThreadPool[qtp399373008]@17cdf2d0{STARTED,8<=8<=200,i=6,r=-1,q=0}[ReservedThreadExecutor@424fd310{reserved=0/8,pending=0}][pc=0,pic=0,pec=0,epc=0]@2024-05-02T04:29:52.854+01:00
04:29:52.854 [main] DEBUG org.eclipse.jetty.util.component.AbstractLifeCycle - STARTED @4855ms EatWhatYouKill@1c3146bc/SelectorProducer@56c698e3/IDLE/p=false/QueuedThreadPool[qtp399373008]@17cdf2d0{STARTED,8<=8<=200,i=6,r=-1,q=0}[ReservedThreadExecutor@424fd310{reserved=0/8,pending=0}][pc=0,pic=0,pec=0,epc=0]@2024-05-02T04:29:52.854+01:00
04:29:52.854 [main] DEBUG org.eclipse.jetty.util.thread.QueuedThreadPool - queue org.eclipse.jetty.io.ManagedSelector$$Lambda$253/838473569@73dce0e6 startThread=0
04:29:52.855 [qtp399373008-58] DEBUG org.eclipse.jetty.util.thread.QueuedThreadPool - run org.eclipse.jetty.io.ManagedSelector$$Lambda$253/838473569@73dce0e6 in QueuedThreadPool[qtp399373008]@17cdf2d0{STARTED,8<=8<=200,i=5,r=-1,q=0}[ReservedThreadExecutor@424fd310{reserved=0/8,pending=0}]
04:29:52.855 [main] DEBUG org.eclipse.jetty.io.ManagedSelector - Queued change lazy=false org.eclipse.jetty.io.ManagedSelector$Start@5a85c92 on ManagedSelector@47a86fbb{STARTING} id=2 keys=0 selected=0 updates=0
04:29:52.855 [qtp399373008-58] DEBUG org.eclipse.jetty.util.thread.strategy.EatWhatYouKill - EatWhatYouKill@1c3146bc/SelectorProducer@56c698e3/IDLE/p=false/QueuedThreadPool[qtp399373008]@17cdf2d0{STARTED,8<=8<=200,i=5,r=-1,q=0}[ReservedThreadExecutor@424fd310{reserved=0/8,pending=0}][pc=0,pic=0,pec=0,epc=0]@2024-05-02T04:29:52.855+01:00 tryProduce false
04:29:52.855 [qtp399373008-58] DEBUG org.eclipse.jetty.io.ManagedSelector - updateable 1
04:29:52.855 [qtp399373008-58] DEBUG org.eclipse.jetty.io.ManagedSelector - update org.eclipse.jetty.io.ManagedSelector$Start@5a85c92
04:29:52.855 [qtp399373008-58] DEBUG org.eclipse.jetty.io.ManagedSelector - updates 0
04:29:52.855 [qtp399373008-58] DEBUG org.eclipse.jetty.io.ManagedSelector - Selector sun.nio.ch.EPollSelectorImpl@79e51817 waiting with 0 keys
04:29:52.855 [main] DEBUG org.eclipse.jetty.util.component.AbstractLifeCycle - STARTED @4856ms ManagedSelector@47a86fbb{STARTED} id=2 keys=0 selected=0 updates=0
04:29:52.855 [main] DEBUG org.eclipse.jetty.util.component.AbstractLifeCycle - starting ManagedSelector@7bb6ab3a{STOPPED} id=3 keys=-1 selected=-1 updates=0
04:29:52.855 [main] DEBUG org.eclipse.jetty.util.component.AbstractLifeCycle - starting EatWhatYouKill@f478a81/SelectorProducer@19553973/IDLE/p=false/QueuedThreadPool[qtp399373008]@17cdf2d0{STARTED,8<=8<=200,i=5,r=-1,q=0}[ReservedThreadExecutor@424fd310{reserved=0/8,pending=0}][pc=0,pic=0,pec=0,epc=0]@2024-05-02T04:29:52.855+01:00
04:29:52.855 [main] DEBUG org.eclipse.jetty.util.component.AbstractLifeCycle - STARTED @4856ms EatWhatYouKill@f478a81/SelectorProducer@19553973/IDLE/p=false/QueuedThreadPool[qtp399373008]@17cdf2d0{STARTED,8<=8<=200,i=5,r=-1,q=0}[ReservedThreadExecutor@424fd310{reserved=0/8,pending=0}][pc=0,pic=0,pec=0,epc=0]@2024-05-02T04:29:52.855+01:00
04:29:52.855 [main] DEBUG org.eclipse.jetty.util.thread.QueuedThreadPool - queue org.eclipse.jetty.io.ManagedSelector$$Lambda$253/838473569@32811494 startThread=0
04:29:52.855 [qtp399373008-59] DEBUG org.eclipse.jetty.util.thread.QueuedThreadPool - run org.eclipse.jetty.io.ManagedSelector$$Lambda$253/838473569@32811494 in QueuedThreadPool[qtp399373008]@17cdf2d0{STARTED,8<=8<=200,i=4,r=-1,q=0}[ReservedThreadExecutor@424fd310{reserved=0/8,pending=0}]
04:29:52.855 [main] DEBUG org.eclipse.jetty.io.ManagedSelector - Queued change lazy=false org.eclipse.jetty.io.ManagedSelector$Start@4795ded0 on ManagedSelector@7bb6ab3a{STARTING} id=3 keys=0 selected=0 updates=0
04:29:52.855 [qtp399373008-59] DEBUG org.eclipse.jetty.util.thread.strategy.EatWhatYouKill - EatWhatYouKill@f478a81/SelectorProducer@19553973/IDLE/p=false/QueuedThreadPool[qtp399373008]@17cdf2d0{STARTED,8<=8<=200,i=4,r=-1,q=0}[ReservedThreadExecutor@424fd310{reserved=0/8,pending=0}][pc=0,pic=0,pec=0,epc=0]@2024-05-02T04:29:52.855+01:00 tryProduce false
04:29:52.856 [qtp399373008-59] DEBUG org.eclipse.jetty.io.ManagedSelector - updateable 1
04:29:52.856 [qtp399373008-59] DEBUG org.eclipse.jetty.io.ManagedSelector - update org.eclipse.jetty.io.ManagedSelector$Start@4795ded0
04:29:52.856 [qtp399373008-59] DEBUG org.eclipse.jetty.io.ManagedSelector - updates 0
04:29:52.856 [qtp399373008-59] DEBUG org.eclipse.jetty.io.ManagedSelector - Selector sun.nio.ch.EPollSelectorImpl@5b063887 waiting with 0 keys
04:29:52.856 [main] DEBUG org.eclipse.jetty.util.component.AbstractLifeCycle - STARTED @4857ms ManagedSelector@7bb6ab3a{STARTED} id=3 keys=0 selected=0 updates=0
04:29:52.856 [main] DEBUG org.eclipse.jetty.util.component.AbstractLifeCycle - STARTED @4857ms SelectorManager@ServerConnector@2374d36a{SSL, (ssl, http/1.1)}{localhost:33437}
04:29:52.856 [main] DEBUG org.eclipse.jetty.util.component.ContainerLifeCycle - ServerConnector@2374d36a{SSL, (ssl, http/1.1)}{localhost:33437} added {acceptor-0@53dacd14,POJO}
04:29:52.856 [main] DEBUG org.eclipse.jetty.util.thread.QueuedThreadPool - queue acceptor-0@53dacd14 startThread=0
04:29:52.856 [main] INFO org.eclipse.jetty.server.AbstractConnector - Started ServerConnector@2374d36a{SSL, (ssl, http/1.1)}{localhost:33437}
04:29:52.856 [qtp399373008-60] DEBUG org.eclipse.jetty.util.thread.QueuedThreadPool - run acceptor-0@53dacd14 in QueuedThreadPool[qtp399373008]@17cdf2d0{STARTED,8<=8<=200,i=3,r=-1,q=0}[ReservedThreadExecutor@424fd310{reserved=0/8,pending=0}]
04:29:52.856 [main] DEBUG org.eclipse.jetty.util.component.AbstractLifeCycle - STARTED @4857ms ServerConnector@2374d36a{SSL, (ssl, http/1.1)}{localhost:33437}
04:29:52.856 [main] INFO org.eclipse.jetty.server.Server - Started @4857ms
04:29:52.856 [main] DEBUG org.eclipse.jetty.util.component.AbstractLifeCycle - STARTED @4857ms Server@736d6a5c{STARTED}[9.4.44.v20210927]
04:29:53.860 [main] DEBUG org.apache.nifi.minifi.bootstrap.configuration.ingestors.PullHttpChangeIngestor - Attempting to pull new config
04:29:53.861 [qtp399373008-60-acceptor-0@53dacd14-ServerConnector@2374d36a{SSL, (ssl, http/1.1)}{localhost:33437}] DEBUG org.eclipse.jetty.io.ManagedSelector - Queued change lazy=false Accept@9718d65[java.nio.channels.SocketChannel[connected local=/127.0.0.1:33437 remote=/127.0.0.1:57182]] on ManagedSelector@5733f295{STARTED} id=1 keys=0 selected=0 updates=0
04:29:53.861 [qtp399373008-60-acceptor-0@53dacd14-ServerConnector@2374d36a{SSL, (ssl, http/1.1)}{localhost:33437}] DEBUG org.eclipse.jetty.io.ManagedSelector - Wakeup on submit ManagedSelector@5733f295{STARTED} id=1 keys=0 selected=0 updates=1
04:29:53.861 [qtp399373008-57] DEBUG org.eclipse.jetty.io.ManagedSelector - Selector sun.nio.ch.EPollSelectorImpl@383171f8 woken with none selected
04:29:53.861 [qtp399373008-57] DEBUG org.eclipse.jetty.io.ManagedSelector - Selector sun.nio.ch.EPollSelectorImpl@383171f8 woken up from select, 0/0/0 selected
04:29:53.861 [qtp399373008-57] DEBUG org.eclipse.jetty.io.ManagedSelector - Selector sun.nio.ch.EPollSelectorImpl@383171f8 processing 0 keys, 1 updates
04:29:53.861 [qtp399373008-57] DEBUG org.eclipse.jetty.io.ManagedSelector - updateable 1
04:29:53.861 [qtp399373008-57] DEBUG org.eclipse.jetty.io.ManagedSelector - update Accept@9718d65[java.nio.channels.SocketChannel[connected local=/127.0.0.1:33437 remote=/127.0.0.1:57182]]
04:29:53.862 [qtp399373008-57] DEBUG org.eclipse.jetty.util.thread.QueuedThreadPool - queue Accept@9718d65[java.nio.channels.SocketChannel[connected local=/127.0.0.1:33437 remote=/127.0.0.1:57182]] startThread=0
04:29:53.862 [qtp399373008-57] DEBUG org.eclipse.jetty.io.ManagedSelector - updates 0
04:29:53.862 [qtp399373008-61] DEBUG org.eclipse.jetty.util.thread.QueuedThreadPool - run Accept@9718d65[java.nio.channels.SocketChannel[connected local=/127.0.0.1:33437 remote=/127.0.0.1:57182]] in QueuedThreadPool[qtp399373008]@17cdf2d0{STARTED,8<=8<=200,i=2,r=-1,q=0}[ReservedThreadExecutor@424fd310{reserved=0/8,pending=0}]
04:29:53.862 [qtp399373008-57] DEBUG org.eclipse.jetty.io.ManagedSelector - Selector sun.nio.ch.EPollSelectorImpl@383171f8 waiting with 1 keys
04:29:53.862 [qtp399373008-61] DEBUG org.eclipse.jetty.io.IdleTimeout - SocketChannelEndPoint@4985b9d4{l=/127.0.0.1:33437,r=/127.0.0.1:57182,OPEN,fill=-,flush=-,to=0/30000}{io=0/0,kio=0,kro=0}-><null> idle timeout check, elapsed: 0 ms, remaining: 30000 ms
04:29:53.862 [qtp399373008-61] DEBUG org.eclipse.jetty.util.ssl.SslContextFactory - Customize sun.security.ssl.SSLEngineImpl@437dd2a4
04:29:53.862 [qtp399373008-61] DEBUG org.eclipse.jetty.server.HttpChannel - new HttpChannelOverHttp@67f54af{s=HttpChannelState@62d006ad{s=IDLE rs=BLOCKING os=OPEN is=IDLE awp=false se=false i=true al=0},r=0,c=false/false,a=IDLE,uri=null,age=0} -> DecryptedEndPoint@3733529d{l=/127.0.0.1:33437,r=/127.0.0.1:57182,OPEN,fill=-,flush=-,to=0/30000},null,HttpChannelState@62d006ad{s=IDLE rs=BLOCKING os=OPEN is=IDLE awp=false se=false i=true al=0}
04:29:53.862 [qtp399373008-61] DEBUG org.eclipse.jetty.server.HttpConnection - New HTTP Connection HttpConnection@1a765e2d::DecryptedEndPoint@3733529d{l=/127.0.0.1:33437,r=/127.0.0.1:57182,OPEN,fill=-,flush=-,to=0/30000}
04:29:53.862 [qtp399373008-61] DEBUG org.eclipse.jetty.io.ManagedSelector - Queued change lazy=true org.eclipse.jetty.io.ManagedSelector$$Lambda$258/854397033@6650abe0 on ManagedSelector@5733f295{STARTED} id=1 keys=1 selected=0 updates=0
04:29:53.863 [qtp399373008-61] DEBUG org.eclipse.jetty.io.AbstractEndPoint - onOpen SocketChannelEndPoint@4985b9d4{l=/127.0.0.1:33437,r=/127.0.0.1:57182,OPEN,fill=-,flush=-,to=0/30000}{io=0/0,kio=0,kro=0}->SslConnection@4d73ce9{NOT_HANDSHAKING,eio=-1/-1,di=-1,fill=IDLE,flush=IDLE}~>DecryptedEndPoint@3733529d{l=/127.0.0.1:33437,r=/127.0.0.1:57182,OPEN,fill=-,flush=-,to=0/30000}=>HttpConnection@1a765e2d[p=HttpParser{s=START,0 of -1},g=HttpGenerator@295d3154{s=START}]=>HttpChannelOverHttp@67f54af{s=HttpChannelState@62d006ad{s=IDLE rs=BLOCKING os=OPEN is=IDLE awp=false se=false i=true al=0},r=0,c=false/false,a=IDLE,uri=null,age=0}
04:29:53.863 [qtp399373008-61] DEBUG org.eclipse.jetty.io.AbstractConnection - onOpen SslConnection@4d73ce9::SocketChannelEndPoint@4985b9d4{l=/127.0.0.1:33437,r=/127.0.0.1:57182,OPEN,fill=-,flush=-,to=0/30000}{io=0/0,kio=0,kro=0}->SslConnection@4d73ce9{NOT_HANDSHAKING,eio=-1/-1,di=-1,fill=IDLE,flush=IDLE}~>DecryptedEndPoint@3733529d{l=/127.0.0.1:33437,r=/127.0.0.1:57182,OPEN,fill=-,flush=-,to=0/30000}=>HttpConnection@1a765e2d[p=HttpParser{s=START,0 of -1},g=HttpGenerator@295d3154{s=START}]=>HttpChannelOverHttp@67f54af{s=HttpChannelState@62d006ad{s=IDLE rs=BLOCKING os=OPEN is=IDLE awp=false se=false i=true al=0},r=0,c=false/false,a=IDLE,uri=null,age=0}
04:29:53.863 [qtp399373008-61] DEBUG org.eclipse.jetty.io.AbstractConnection - onOpen HttpConnection@1a765e2d::DecryptedEndPoint@3733529d{l=/127.0.0.1:33437,r=/127.0.0.1:57182,OPEN,fill=-,flush=-,to=0/30000}
04:29:53.863 [qtp399373008-61] DEBUG org.eclipse.jetty.io.AbstractConnection - fillInterested HttpConnection@1a765e2d::DecryptedEndPoint@3733529d{l=/127.0.0.1:33437,r=/127.0.0.1:57182,OPEN,fill=-,flush=-,to=0/30000}
04:29:53.863 [qtp399373008-61] DEBUG org.eclipse.jetty.io.FillInterest - interested FillInterest@1729564{AC.ReadCB@1a765e2d{HttpConnection@1a765e2d::DecryptedEndPoint@3733529d{l=/127.0.0.1:33437,r=/127.0.0.1:57182,OPEN,fill=FI,flush=-,to=0/30000}}}
04:29:53.863 [qtp399373008-61] DEBUG org.eclipse.jetty.io.ssl.SslConnection - >needFillInterest s=IDLE/IDLE uf=false ei=null di=null SslConnection@4d73ce9::SocketChannelEndPoint@4985b9d4{l=/127.0.0.1:33437,r=/127.0.0.1:57182,OPEN,fill=-,flush=-,to=1/30000}{io=0/0,kio=0,kro=0}->SslConnection@4d73ce9{NOT_HANDSHAKING,eio=-1/-1,di=-1,fill=IDLE,flush=IDLE}~>DecryptedEndPoint@3733529d{l=/127.0.0.1:33437,r=/127.0.0.1:57182,OPEN,fill=FI,flush=-,to=0/30000}=>HttpConnection@1a765e2d[p=HttpParser{s=START,0 of -1},g=HttpGenerator@295d3154{s=START}]=>HttpChannelOverHttp@67f54af{s=HttpChannelState@62d006ad{s=IDLE rs=BLOCKING os=OPEN is=IDLE awp=false se=false i=true al=0},r=0,c=false/false,a=IDLE,uri=null,age=0}
04:29:53.863 [qtp399373008-61] DEBUG org.eclipse.jetty.io.ssl.SslConnection - <needFillInterest s=IDLE/INTERESTED f=false i=true w=null
04:29:53.863 [qtp399373008-61] DEBUG org.eclipse.jetty.io.ssl.SslConnection - ensureFillInterested SslConnection@4d73ce9::SocketChannelEndPoint@4985b9d4{l=/127.0.0.1:33437,r=/127.0.0.1:57182,OPEN,fill=-,flush=-,to=1/30000}{io=0/0,kio=0,kro=0}->SslConnection@4d73ce9{NOT_HANDSHAKING,eio=-1/-1,di=-1,fill=INTERESTED,flush=IDLE}~>DecryptedEndPoint@3733529d{l=/127.0.0.1:33437,r=/127.0.0.1:57182,OPEN,fill=FI,flush=-,to=0/30000}=>HttpConnection@1a765e2d[p=HttpParser{s=START,0 of -1},g=HttpGenerator@295d3154{s=START}]=>HttpChannelOverHttp@67f54af{s=HttpChannelState@62d006ad{s=IDLE rs=BLOCKING os=OPEN is=IDLE awp=false se=false i=true al=0},r=0,c=false/false,a=IDLE,uri=null,age=0}
04:29:53.863 [qtp399373008-61] DEBUG org.eclipse.jetty.io.FillInterest - interested FillInterest@621e3101{SSLC.NBReadCB@4d73ce9{SslConnection@4d73ce9::SocketChannelEndPoint@4985b9d4{l=/127.0.0.1:33437,r=/127.0.0.1:57182,OPEN,fill=FI,flush=-,to=0/30000}{io=0/0,kio=0,kro=0}->SslConnection@4d73ce9{NOT_HANDSHAKING,eio=-1/-1,di=-1,fill=INTERESTED,flush=IDLE}~>DecryptedEndPoint@3733529d{l=/127.0.0.1:33437,r=/127.0.0.1:57182,OPEN,fill=FI,flush=-,to=0/30000}=>HttpConnection@1a765e2d[p=HttpParser{s=START,0 of -1},g=HttpGenerator@295d3154{s=START}]=>HttpChannelOverHttp@67f54af{s=HttpChannelState@62d006ad{s=IDLE rs=BLOCKING os=OPEN is=IDLE awp=false se=false i=true al=0},r=0,c=false/false,a=IDLE,uri=null,age=0}}}
04:29:53.863 [qtp399373008-61] DEBUG org.eclipse.jetty.io.ChannelEndPoint - changeInterests p=false 0->1 for SocketChannelEndPoint@4985b9d4{l=/127.0.0.1:33437,r=/127.0.0.1:57182,OPEN,fill=FI,flush=-,to=0/30000}{io=0/1,kio=0,kro=0}->SslConnection@4d73ce9{NOT_HANDSHAKING,eio=-1/-1,di=-1,fill=INTERESTED,flush=IDLE}~>DecryptedEndPoint@3733529d{l=/127.0.0.1:33437,r=/127.0.0.1:57182,OPEN,fill=FI,flush=-,to=0/30000}=>HttpConnection@1a765e2d[p=HttpParser{s=START,0 of -1},g=HttpGenerator@295d3154{s=START}]=>HttpChannelOverHttp@67f54af{s=HttpChannelState@62d006ad{s=IDLE rs=BLOCKING os=OPEN is=IDLE awp=false se=false i=true al=0},r=0,c=false/false,a=IDLE,uri=null,age=0}
04:29:53.864 [qtp399373008-61] DEBUG org.eclipse.jetty.io.ManagedSelector - Queued change lazy=false org.eclipse.jetty.io.ChannelEndPoint$$Lambda$255/1126011505@5f1379df on ManagedSelector@5733f295{STARTED} id=1 keys=1 selected=0 updates=1
04:29:53.864 [qtp399373008-61] DEBUG org.eclipse.jetty.io.ManagedSelector - Wakeup on submit ManagedSelector@5733f295{STARTED} id=1 keys=1 selected=0 updates=2
04:29:53.864 [qtp399373008-57] DEBUG org.eclipse.jetty.io.ManagedSelector - Selector sun.nio.ch.EPollSelectorImpl@383171f8 woken with none selected
04:29:53.864 [qtp399373008-57] DEBUG org.eclipse.jetty.io.ManagedSelector - Selector sun.nio.ch.EPollSelectorImpl@383171f8 woken up from select, 0/0/1 selected
04:29:53.864 [qtp399373008-57] DEBUG org.eclipse.jetty.io.ManagedSelector - Selector sun.nio.ch.EPollSelectorImpl@383171f8 processing 0 keys, 2 updates
04:29:53.864 [qtp399373008-57] DEBUG org.eclipse.jetty.io.ManagedSelector - updateable 2
04:29:53.864 [qtp399373008-61] DEBUG org.eclipse.jetty.io.ManagedSelector - Created SocketChannelEndPoint@4985b9d4{l=/127.0.0.1:33437,r=/127.0.0.1:57182,OPEN,fill=FI,flush=-,to=0/30000}{io=0/1,kio=0,kro=0}->SslConnection@4d73ce9{NOT_HANDSHAKING,eio=-1/-1,di=-1,fill=INTERESTED,flush=IDLE}~>DecryptedEndPoint@3733529d{l=/127.0.0.1:33437,r=/127.0.0.1:57182,OPEN,fill=FI,flush=-,to=0/30000}=>HttpConnection@1a765e2d[p=HttpParser{s=START,0 of -1},g=HttpGenerator@295d3154{s=START}]=>HttpChannelOverHttp@67f54af{s=HttpChannelState@62d006ad{s=IDLE rs=BLOCKING os=OPEN is=IDLE awp=false se=false i=true al=0},r=0,c=false/false,a=IDLE,uri=null,age=0}
04:29:53.864 [qtp399373008-57] DEBUG org.eclipse.jetty.io.ManagedSelector - update org.eclipse.jetty.io.ManagedSelector$$Lambda$258/854397033@6650abe0
04:29:53.864 [qtp399373008-57] DEBUG org.eclipse.jetty.io.ManagedSelector - update org.eclipse.jetty.io.ChannelEndPoint$$Lambda$255/1126011505@5f1379df
04:29:53.864 [qtp399373008-61] DEBUG org.eclipse.jetty.util.thread.QueuedThreadPool - ran Accept@9718d65[java.nio.channels.SocketChannel[connected local=/127.0.0.1:33437 remote=/127.0.0.1:57182]] in QueuedThreadPool[qtp399373008]@17cdf2d0{STARTED,8<=8<=200,i=2,r=-1,q=0}[ReservedThreadExecutor@424fd310{reserved=0/8,pending=0}]
04:29:53.864 [qtp399373008-57] DEBUG org.eclipse.jetty.io.ChannelEndPoint - Key interests updated 0 -> 1 on SocketChannelEndPoint@4985b9d4{l=/127.0.0.1:33437,r=/127.0.0.1:57182,OPEN,fill=FI,flush=-,to=0/30000}{io=1/1,kio=1,kro=0}->SslConnection@4d73ce9{NOT_HANDSHAKING,eio=-1/-1,di=-1,fill=INTERESTED,flush=IDLE}~>DecryptedEndPoint@3733529d{l=/127.0.0.1:33437,r=/127.0.0.1:57182,OPEN,fill=FI,flush=-,to=1/30000}=>HttpConnection@1a765e2d[p=HttpParser{s=START,0 of -1},g=HttpGenerator@295d3154{s=START}]=>HttpChannelOverHttp@67f54af{s=HttpChannelState@62d006ad{s=IDLE rs=BLOCKING os=OPEN is=IDLE awp=false se=false i=true al=0},r=0,c=false/false,a=IDLE,uri=null,age=0}
04:29:53.864 [qtp399373008-57] DEBUG org.eclipse.jetty.io.ManagedSelector - updates 0
04:29:53.864 [qtp399373008-57] DEBUG org.eclipse.jetty.io.ManagedSelector - Selector sun.nio.ch.EPollSelectorImpl@383171f8 waiting with 1 keys
04:29:53.864 [qtp399373008-57] DEBUG org.eclipse.jetty.io.ManagedSelector - Selector sun.nio.ch.EPollSelectorImpl@383171f8 woken up from select, 1/1/1 selected
04:29:53.864 [qtp399373008-57] DEBUG org.eclipse.jetty.io.ManagedSelector - Selector sun.nio.ch.EPollSelectorImpl@383171f8 processing 1 keys, 0 updates
04:29:53.864 [qtp399373008-57] DEBUG org.eclipse.jetty.io.ManagedSelector - selected 1 sun.nio.ch.SelectionKeyImpl@36f6988e SocketChannelEndPoint@4985b9d4{l=/127.0.0.1:33437,r=/127.0.0.1:57182,OPEN,fill=FI,flush=-,to=0/30000}{io=1/1,kio=1,kro=1}->SslConnection@4d73ce9{NOT_HANDSHAKING,eio=-1/-1,di=-1,fill=INTERESTED,flush=IDLE}~>DecryptedEndPoint@3733529d{l=/127.0.0.1:33437,r=/127.0.0.1:57182,OPEN,fill=FI,flush=-,to=1/30000}=>HttpConnection@1a765e2d[p=HttpParser{s=START,0 of -1},g=HttpGenerator@295d3154{s=START}]=>HttpChannelOverHttp@67f54af{s=HttpChannelState@62d006ad{s=IDLE rs=BLOCKING os=OPEN is=IDLE awp=false se=false i=true al=0},r=0,c=false/false,a=IDLE,uri=null,age=0} 
04:29:53.864 [qtp399373008-57] DEBUG org.eclipse.jetty.io.ChannelEndPoint - onSelected 1->0 r=true w=false for SocketChannelEndPoint@4985b9d4{l=/127.0.0.1:33437,r=/127.0.0.1:57182,OPEN,fill=FI,flush=-,to=1/30000}{io=1/0,kio=1,kro=1}->SslConnection@4d73ce9{NOT_HANDSHAKING,eio=-1/-1,di=-1,fill=INTERESTED,flush=IDLE}~>DecryptedEndPoint@3733529d{l=/127.0.0.1:33437,r=/127.0.0.1:57182,OPEN,fill=FI,flush=-,to=1/30000}=>HttpConnection@1a765e2d[p=HttpParser{s=START,0 of -1},g=HttpGenerator@295d3154{s=START}]=>HttpChannelOverHttp@67f54af{s=HttpChannelState@62d006ad{s=IDLE rs=BLOCKING os=OPEN is=IDLE awp=false se=false i=true al=0},r=0,c=false/false,a=IDLE,uri=null,age=0}
04:29:53.864 [qtp399373008-57] DEBUG org.eclipse.jetty.io.ChannelEndPoint - task CEP:SocketChannelEndPoint@4985b9d4{l=/127.0.0.1:33437,r=/127.0.0.1:57182,OPEN,fill=FI,flush=-,to=1/30000}{io=1/0,kio=1,kro=1}->SslConnection@4d73ce9{NOT_HANDSHAKING,eio=-1/-1,di=-1,fill=INTERESTED,flush=IDLE}~>DecryptedEndPoint@3733529d{l=/127.0.0.1:33437,r=/127.0.0.1:57182,OPEN,fill=FI,flush=-,to=1/30000}=>HttpConnection@1a765e2d[p=HttpParser{s=START,0 of -1},g=HttpGenerator@295d3154{s=START}]=>HttpChannelOverHttp@67f54af{s=HttpChannelState@62d006ad{s=IDLE rs=BLOCKING os=OPEN is=IDLE awp=false se=false i=true al=0},r=0,c=false/false,a=IDLE,uri=null,age=0}:runFillable:BLOCKING
04:29:53.865 [qtp399373008-57] DEBUG org.eclipse.jetty.util.thread.ReservedThreadExecutor - ReservedThreadExecutor@424fd310{reserved=0/8,pending=0} tryExecute EatWhatYouKill@b7838a9/SelectorProducer@696f0212/PRODUCING/p=false/QueuedThreadPool[qtp399373008]@17cdf2d0{STARTED,8<=8<=200,i=3,r=-1,q=0}[ReservedThreadExecutor@424fd310{reserved=0/8,pending=0}][pc=0,pic=0,pec=0,epc=0]@2024-05-02T04:29:53.865+01:00
04:29:53.865 [qtp399373008-57] DEBUG org.eclipse.jetty.util.thread.ReservedThreadExecutor - ReservedThreadExecutor@424fd310{reserved=0/8,pending=1} startReservedThread p=1
04:29:53.865 [qtp399373008-57] DEBUG org.eclipse.jetty.util.thread.QueuedThreadPool - queue ReservedThread@32c91a88{PENDING,thread=null} startThread=0
04:29:53.865 [qtp399373008-56] DEBUG org.eclipse.jetty.util.thread.QueuedThreadPool - run ReservedThread@32c91a88{PENDING,thread=null} in QueuedThreadPool[qtp399373008]@17cdf2d0{STARTED,8<=8<=200,i=2,r=-1,q=0}[ReservedThreadExecutor@424fd310{reserved=0/8,pending=1}]
04:29:53.865 [qtp399373008-56] DEBUG org.eclipse.jetty.util.thread.ReservedThreadExecutor - ReservedThread@32c91a88{PENDING,thread=Thread[qtp399373008-56,5,main]} was=PENDING next=RESERVED size=0+1 capacity=8
04:29:53.865 [qtp399373008-56] DEBUG org.eclipse.jetty.util.thread.ReservedThreadExecutor - ReservedThread@32c91a88{RESERVED,thread=Thread[qtp399373008-56,5,main]} waiting ReservedThreadExecutor@424fd310{reserved=1/8,pending=0}
04:29:53.865 [qtp399373008-57] DEBUG org.eclipse.jetty.util.thread.strategy.EatWhatYouKill - EatWhatYouKill@b7838a9/SelectorProducer@696f0212/PRODUCING/p=false/QueuedThreadPool[qtp399373008]@17cdf2d0{STARTED,8<=8<=200,i=2,r=-1,q=0}[ReservedThreadExecutor@424fd310{reserved=0/8,pending=1}][pc=0,pic=0,pec=0,epc=0]@2024-05-02T04:29:53.865+01:00 m=PRODUCE_EXECUTE_CONSUME t=CEP:SocketChannelEndPoint@4985b9d4{l=/127.0.0.1:33437,r=/127.0.0.1:57182,OPEN,fill=FI,flush=-,to=1/30000}{io=1/0,kio=1,kro=1}->SslConnection@4d73ce9{NOT_HANDSHAKING,eio=-1/-1,di=-1,fill=INTERESTED,flush=IDLE}~>DecryptedEndPoint@3733529d{l=/127.0.0.1:33437,r=/127.0.0.1:57182,OPEN,fill=FI,flush=-,to=2/30000}=>HttpConnection@1a765e2d[p=HttpParser{s=START,0 of -1},g=HttpGenerator@295d3154{s=START}]=>HttpChannelOverHttp@67f54af{s=HttpChannelState@62d006ad{s=IDLE rs=BLOCKING os=OPEN is=IDLE awp=false se=false i=true al=0},r=0,c=false/false,a=IDLE,uri=null,age=0}:runFillable:BLOCKING/BLOCKING
04:29:53.865 [qtp399373008-57] DEBUG org.eclipse.jetty.util.thread.QueuedThreadPool - queue CEP:SocketChannelEndPoint@4985b9d4{l=/127.0.0.1:33437,r=/127.0.0.1:57182,OPEN,fill=FI,flush=-,to=1/30000}{io=1/0,kio=1,kro=1}->SslConnection@4d73ce9{NOT_HANDSHAKING,eio=-1/-1,di=-1,fill=INTERESTED,flush=IDLE}~>DecryptedEndPoint@3733529d{l=/127.0.0.1:33437,r=/127.0.0.1:57182,OPEN,fill=FI,flush=-,to=2/30000}=>HttpConnection@1a765e2d[p=HttpParser{s=START,0 of -1},g=HttpGenerator@295d3154{s=START}]=>HttpChannelOverHttp@67f54af{s=HttpChannelState@62d006ad{s=IDLE rs=BLOCKING os=OPEN is=IDLE awp=false se=false i=true al=0},r=0,c=false/false,a=IDLE,uri=null,age=0}:runFillable:BLOCKING startThread=0
04:29:53.865 [qtp399373008-57] DEBUG org.eclipse.jetty.io.ManagedSelector - updateable 0
04:29:53.865 [qtp399373008-57] DEBUG org.eclipse.jetty.io.ManagedSelector - updates 0
04:29:53.865 [qtp399373008-62] DEBUG org.eclipse.jetty.util.thread.QueuedThreadPool - run CEP:SocketChannelEndPoint@4985b9d4{l=/127.0.0.1:33437,r=/127.0.0.1:57182,OPEN,fill=FI,flush=-,to=1/30000}{io=1/0,kio=1,kro=1}->SslConnection@4d73ce9{NOT_HANDSHAKING,eio=-1/-1,di=-1,fill=INTERESTED,flush=IDLE}~>DecryptedEndPoint@3733529d{l=/127.0.0.1:33437,r=/127.0.0.1:57182,OPEN,fill=FI,flush=-,to=2/30000}=>HttpConnection@1a765e2d[p=HttpParser{s=START,0 of -1},g=HttpGenerator@295d3154{s=START}]=>HttpChannelOverHttp@67f54af{s=HttpChannelState@62d006ad{s=IDLE rs=BLOCKING os=OPEN is=IDLE awp=false se=false i=true al=0},r=0,c=false/false,a=IDLE,uri=null,age=0}:runFillable:BLOCKING in QueuedThreadPool[qtp399373008]@17cdf2d0{STARTED,8<=8<=200,i=1,r=-1,q=0}[ReservedThreadExecutor@424fd310{reserved=1/8,pending=0}]
04:29:53.865 [qtp399373008-57] DEBUG org.eclipse.jetty.io.ChannelEndPoint - Key interests updated 1 -> 0 on SocketChannelEndPoint@4985b9d4{l=/127.0.0.1:33437,r=/127.0.0.1:57182,OPEN,fill=FI,flush=-,to=2/30000}{io=0/0,kio=0,kro=1}->SslConnection@4d73ce9{NOT_HANDSHAKING,eio=-1/-1,di=-1,fill=INTERESTED,flush=IDLE}~>DecryptedEndPoint@3733529d{l=/127.0.0.1:33437,r=/127.0.0.1:57182,OPEN,fill=FI,flush=-,to=2/30000}=>HttpConnection@1a765e2d[p=HttpParser{s=START,0 of -1},g=HttpGenerator@295d3154{s=START}]=>HttpChannelOverHttp@67f54af{s=HttpChannelState@62d006ad{s=IDLE rs=BLOCKING os=OPEN is=IDLE awp=false se=false i=true al=0},r=0,c=false/false,a=IDLE,uri=null,age=0}
04:29:53.865 [qtp399373008-57] DEBUG org.eclipse.jetty.io.ManagedSelector - Selector sun.nio.ch.EPollSelectorImpl@383171f8 waiting with 1 keys
04:29:53.865 [qtp399373008-62] DEBUG org.eclipse.jetty.io.FillInterest - fillable FillInterest@621e3101{SSLC.NBReadCB@4d73ce9{SslConnection@4d73ce9::SocketChannelEndPoint@4985b9d4{l=/127.0.0.1:33437,r=/127.0.0.1:57182,OPEN,fill=FI,flush=-,to=2/30000}{io=0/0,kio=0,kro=1}->SslConnection@4d73ce9{NOT_HANDSHAKING,eio=-1/-1,di=-1,fill=INTERESTED,flush=IDLE}~>DecryptedEndPoint@3733529d{l=/127.0.0.1:33437,r=/127.0.0.1:57182,OPEN,fill=FI,flush=-,to=2/30000}=>HttpConnection@1a765e2d[p=HttpParser{s=START,0 of -1},g=HttpGenerator@295d3154{s=START}]=>HttpChannelOverHttp@67f54af{s=HttpChannelState@62d006ad{s=IDLE rs=BLOCKING os=OPEN is=IDLE awp=false se=false i=true al=0},r=0,c=false/false,a=IDLE,uri=null,age=0}}}
04:29:53.866 [qtp399373008-62] DEBUG org.eclipse.jetty.io.ssl.SslConnection - >c.onFillable SslConnection@4d73ce9::SocketChannelEndPoint@4985b9d4{l=/127.0.0.1:33437,r=/127.0.0.1:57182,OPEN,fill=-,flush=-,to=2/30000}{io=0/0,kio=0,kro=1}->SslConnection@4d73ce9{NOT_HANDSHAKING,eio=-1/-1,di=-1,fill=INTERESTED,flush=IDLE}~>DecryptedEndPoint@3733529d{l=/127.0.0.1:33437,r=/127.0.0.1:57182,OPEN,fill=FI,flush=-,to=2/30000}=>HttpConnection@1a765e2d[p=HttpParser{s=START,0 of -1},g=HttpGenerator@295d3154{s=START}]=>HttpChannelOverHttp@67f54af{s=HttpChannelState@62d006ad{s=IDLE rs=BLOCKING os=OPEN is=IDLE awp=false se=false i=true al=0},r=0,c=false/false,a=IDLE,uri=null,age=0}
04:29:53.866 [qtp399373008-62] DEBUG org.eclipse.jetty.io.ssl.SslConnection - onFillable SslConnection@4d73ce9::SocketChannelEndPoint@4985b9d4{l=/127.0.0.1:33437,r=/127.0.0.1:57182,OPEN,fill=-,flush=-,to=2/30000}{io=0/0,kio=0,kro=1}->SslConnection@4d73ce9{NOT_HANDSHAKING,eio=-1/-1,di=-1,fill=INTERESTED,flush=IDLE}~>DecryptedEndPoint@3733529d{l=/127.0.0.1:33437,r=/127.0.0.1:57182,OPEN,fill=FI,flush=-,to=2/30000}=>HttpConnection@1a765e2d[p=HttpParser{s=START,0 of -1},g=HttpGenerator@295d3154{s=START}]=>HttpChannelOverHttp@67f54af{s=HttpChannelState@62d006ad{s=IDLE rs=BLOCKING os=OPEN is=IDLE awp=false se=false i=true al=0},r=0,c=false/false,a=IDLE,uri=null,age=0}
04:29:53.866 [qtp399373008-62] DEBUG org.eclipse.jetty.io.FillInterest - fillable FillInterest@1729564{AC.ReadCB@1a765e2d{HttpConnection@1a765e2d::DecryptedEndPoint@3733529d{l=/127.0.0.1:33437,r=/127.0.0.1:57182,OPEN,fill=FI,flush=-,to=2/30000}}}
04:29:53.866 [qtp399373008-62] DEBUG org.eclipse.jetty.server.HttpConnection - HttpConnection@1a765e2d::DecryptedEndPoint@3733529d{l=/127.0.0.1:33437,r=/127.0.0.1:57182,OPEN,fill=-,flush=-,to=2/30000} onFillable enter HttpChannelState@62d006ad{s=IDLE rs=BLOCKING os=OPEN is=IDLE awp=false se=false i=true al=0} null
04:29:53.866 [qtp399373008-62] DEBUG org.eclipse.jetty.io.ssl.SslConnection - >fill SslConnection@4d73ce9::SocketChannelEndPoint@4985b9d4{l=/127.0.0.1:33437,r=/127.0.0.1:57182,OPEN,fill=-,flush=-,to=2/30000}{io=0/0,kio=0,kro=1}->SslConnection@4d73ce9{NOT_HANDSHAKING,eio=-1/-1,di=-1,fill=IDLE,flush=IDLE}~>DecryptedEndPoint@3733529d{l=/127.0.0.1:33437,r=/127.0.0.1:57182,OPEN,fill=-,flush=-,to=3/30000}=>HttpConnection@1a765e2d[p=HttpParser{s=START,0 of -1},g=HttpGenerator@295d3154{s=START}]=>HttpChannelOverHttp@67f54af{s=HttpChannelState@62d006ad{s=IDLE rs=BLOCKING os=OPEN is=IDLE awp=false se=false i=true al=0},r=0,c=false/false,a=IDLE,uri=null,age=0}
04:29:53.866 [qtp399373008-62] DEBUG org.eclipse.jetty.io.ssl.SslConnection - fill NOT_HANDSHAKING
04:29:53.866 [qtp399373008-62] DEBUG org.eclipse.jetty.io.ChannelEndPoint - filled 339 HeapByteBuffer@60af7bcf[p=0,l=339,c=17408,r=339]={<<<\x16\x03\x03\x01N\x01\x00\x01J\x03\x03\xF1\x85M\x1e\xC1\xDd\xC2"a\r\xC20\x1d\xEb...<0%\xCc[HNpM\xB2\x98H\xA4jb\x08!B\xFf\x01\x00\x01\x00>>>\x00\x00\x00\x00\x00\x00\x00\x00\x00...\x00\x00\x00\x00\x00\x00\x00}
04:29:53.866 [qtp399373008-62] DEBUG org.eclipse.jetty.io.ssl.SslConnection - net filled=339
04:29:53.866 [qtp399373008-62] DEBUG org.eclipse.jetty.io.ssl.SslConnection - fill starting handshake SslConnection@4d73ce9::SocketChannelEndPoint@4985b9d4{l=/127.0.0.1:33437,r=/127.0.0.1:57182,OPEN,fill=-,flush=-,to=0/30000}{io=0/0,kio=0,kro=1}->SslConnection@4d73ce9{NOT_HANDSHAKING,eio=339/-1,di=-1,fill=IDLE,flush=IDLE}~>DecryptedEndPoint@3733529d{l=/127.0.0.1:33437,r=/127.0.0.1:57182,OPEN,fill=-,flush=-,to=3/30000}=>HttpConnection@1a765e2d[p=HttpParser{s=START,0 of -1},g=HttpGenerator@295d3154{s=START}]=>HttpChannelOverHttp@67f54af{s=HttpChannelState@62d006ad{s=IDLE rs=BLOCKING os=OPEN is=IDLE awp=false se=false i=true al=0},r=0,c=false/false,a=IDLE,uri=null,age=0}
04:29:53.867 [qtp399373008-62] DEBUG org.eclipse.jetty.io.ssl.SslConnection - unwrap net_filled=339 Status = OK HandshakeStatus = NEED_TASK bytesConsumed = 339 bytesProduced = 0 encryptedBuffer=[p=339,l=339,c=17408,r=0] unwrapBuffer=HeapByteBuffer@6e6899aa[p=0,l=0,c=17408,r=0]={<<<>>>\x00\x00\x00\x00\x00\x00\x00\x00\x00...\x00\x00\x00\x00\x00\x00\x00} appBuffer=HeapByteBuffer@6e6899aa[p=0,l=0,c=17408,r=0]={<<<>>>\x00\x00\x00\x00\x00\x00\x00\x00\x00...\x00\x00\x00\x00\x00\x00\x00}
04:29:53.867 [qtp399373008-62] DEBUG org.eclipse.jetty.io.ssl.SslConnection - fill NEED_TASK
04:29:53.885 [qtp399373008-62] DEBUG org.eclipse.jetty.io.ssl.SslConnection - fill NEED_WRAP
04:29:53.885 [qtp399373008-62] DEBUG org.eclipse.jetty.io.ssl.SslConnection - >flush SslConnection@4d73ce9::SocketChannelEndPoint@4985b9d4{l=/127.0.0.1:33437,r=/127.0.0.1:57182,OPEN,fill=-,flush=-,to=18/30000}{io=0/0,kio=0,kro=1}->SslConnection@4d73ce9{NEED_WRAP,eio=0/-1,di=-1,fill=IDLE,flush=IDLE}~>DecryptedEndPoint@3733529d{l=/127.0.0.1:33437,r=/127.0.0.1:57182,OPEN,fill=-,flush=-,to=22/30000}=>HttpConnection@1a765e2d[p=HttpParser{s=START,0 of -1},g=HttpGenerator@295d3154{s=START}]=>HttpChannelOverHttp@67f54af{s=HttpChannelState@62d006ad{s=IDLE rs=BLOCKING os=OPEN is=IDLE awp=false se=false i=true al=0},r=0,c=false/false,a=IDLE,uri=null,age=0}
04:29:53.885 [qtp399373008-62] DEBUG org.eclipse.jetty.io.ssl.SslConnection - flush b[0]=HeapByteBuffer@29624c55[p=0,l=0,c=0,r=0]={<<<>>>}
04:29:53.885 [qtp399373008-62] DEBUG org.eclipse.jetty.io.ssl.SslConnection - flush NEED_WRAP
04:29:53.885 [qtp399373008-62] DEBUG org.eclipse.jetty.io.ssl.SslConnection - wrap Status = OK HandshakeStatus = NEED_WRAP bytesConsumed = 0 bytesProduced = 160 [p=0,l=160,c=17408,r=160] ioDone=false/false
04:29:53.886 [qtp399373008-62] DEBUG org.eclipse.jetty.io.ChannelEndPoint - flushed 160 SocketChannelEndPoint@4985b9d4{l=/127.0.0.1:33437,r=/127.0.0.1:57182,OPEN,fill=-,flush=-,to=19/30000}{io=0/0,kio=0,kro=1}->SslConnection@4d73ce9{NEED_WRAP,eio=0/0,di=-1,fill=IDLE,flush=IDLE}~>DecryptedEndPoint@3733529d{l=/127.0.0.1:33437,r=/127.0.0.1:57182,OPEN,fill=-,flush=-,to=22/30000}=>HttpConnection@1a765e2d[p=HttpParser{s=START,0 of -1},g=HttpGenerator@295d3154{s=START}]=>HttpChannelOverHttp@67f54af{s=HttpChannelState@62d006ad{s=IDLE rs=BLOCKING os=OPEN is=IDLE awp=false se=false i=true al=0},r=0,c=false/false,a=IDLE,uri=null,age=0}
04:29:53.886 [qtp399373008-62] DEBUG org.eclipse.jetty.io.ssl.SslConnection - net flushed=true, ac=true
04:29:53.886 [qtp399373008-62] DEBUG org.eclipse.jetty.io.ssl.SslConnection - flush NEED_WRAP
04:29:53.886 [qtp399373008-62] DEBUG org.eclipse.jetty.io.ssl.SslConnection - wrap Status = OK HandshakeStatus = NEED_WRAP bytesConsumed = 0 bytesProduced = 6 [p=0,l=6,c=17408,r=6] ioDone=false/false
04:29:53.886 [qtp399373008-62] DEBUG org.eclipse.jetty.io.ChannelEndPoint - flushed 6 SocketChannelEndPoint@4985b9d4{l=/127.0.0.1:33437,r=/127.0.0.1:57182,OPEN,fill=-,flush=-,to=0/30000}{io=0/0,kio=0,kro=1}->SslConnection@4d73ce9{NEED_WRAP,eio=0/0,di=-1,fill=IDLE,flush=IDLE}~>DecryptedEndPoint@3733529d{l=/127.0.0.1:33437,r=/127.0.0.1:57182,OPEN,fill=-,flush=-,to=23/30000}=>HttpConnection@1a765e2d[p=HttpParser{s=START,0 of -1},g=HttpGenerator@295d3154{s=START}]=>HttpChannelOverHttp@67f54af{s=HttpChannelState@62d006ad{s=IDLE rs=BLOCKING os=OPEN is=IDLE awp=false se=false i=true al=0},r=0,c=false/false,a=IDLE,uri=null,age=0}
04:29:53.886 [qtp399373008-62] DEBUG org.eclipse.jetty.io.ssl.SslConnection - net flushed=true, ac=true
04:29:53.886 [qtp399373008-62] DEBUG org.eclipse.jetty.io.ssl.SslConnection - flush NEED_WRAP
04:29:53.886 [qtp399373008-62] DEBUG org.eclipse.jetty.io.ssl.SslConnection - wrap Status = OK HandshakeStatus = NEED_UNWRAP bytesConsumed = 0 bytesProduced = 1597 [p=0,l=1597,c=17408,r=1597] ioDone=false/false
04:29:53.887 [qtp399373008-62] DEBUG org.eclipse.jetty.io.ChannelEndPoint - flushed 1597 SocketChannelEndPoint@4985b9d4{l=/127.0.0.1:33437,r=/127.0.0.1:57182,OPEN,fill=-,flush=-,to=0/30000}{io=0/0,kio=0,kro=1}->SslConnection@4d73ce9{NEED_UNWRAP,eio=0/0,di=-1,fill=IDLE,flush=IDLE}~>DecryptedEndPoint@3733529d{l=/127.0.0.1:33437,r=/127.0.0.1:57182,OPEN,fill=-,flush=-,to=23/30000}=>HttpConnection@1a765e2d[p=HttpParser{s=START,0 of -1},g=HttpGenerator@295d3154{s=START}]=>HttpChannelOverHttp@67f54af{s=HttpChannelState@62d006ad{s=IDLE rs=BLOCKING os=OPEN is=IDLE awp=false se=false i=true al=0},r=0,c=false/false,a=IDLE,uri=null,age=0}
04:29:53.887 [qtp399373008-62] DEBUG org.eclipse.jetty.io.ssl.SslConnection - net flushed=true, ac=true
04:29:53.887 [qtp399373008-62] DEBUG org.eclipse.jetty.io.ssl.SslConnection - <flush true SslConnection@4d73ce9::SocketChannelEndPoint@4985b9d4{l=/127.0.0.1:33437,r=/127.0.0.1:57182,OPEN,fill=-,flush=-,to=0/30000}{io=0/0,kio=0,kro=1}->SslConnection@4d73ce9{NEED_UNWRAP,eio=0/-1,di=-1,fill=IDLE,flush=IDLE}~>DecryptedEndPoint@3733529d{l=/127.0.0.1:33437,r=/127.0.0.1:57182,OPEN,fill=-,flush=-,to=24/30000}=>HttpConnection@1a765e2d[p=HttpParser{s=START,0 of -1},g=HttpGenerator@295d3154{s=START}]=>HttpChannelOverHttp@67f54af{s=HttpChannelState@62d006ad{s=IDLE rs=BLOCKING os=OPEN is=IDLE awp=false se=false i=true al=0},r=0,c=false/false,a=IDLE,uri=null,age=0}
04:29:53.887 [qtp399373008-62] DEBUG org.eclipse.jetty.io.ssl.SslConnection - fill NEED_UNWRAP
04:29:53.887 [qtp399373008-62] DEBUG org.eclipse.jetty.io.ChannelEndPoint - filled 0 HeapByteBuffer@60af7bcf[p=0,l=0,c=17408,r=0]={<<<>>>\x16\x03\x03\x01N\x01\x00\x01J...\x00\x00\x00\x00\x00\x00\x00}
04:29:53.887 [qtp399373008-62] DEBUG org.eclipse.jetty.io.ssl.SslConnection - net filled=0
04:29:53.887 [qtp399373008-62] DEBUG org.eclipse.jetty.io.ssl.SslConnection - unwrap net_filled=0 Status = BUFFER_UNDERFLOW HandshakeStatus = NEED_UNWRAP bytesConsumed = 0 bytesProduced = 0 encryptedBuffer=[p=0,l=0,c=17408,r=0] unwrapBuffer=HeapByteBuffer@6e6899aa[p=0,l=0,c=17408,r=0]={<<<>>>\x00\x00\x00\x00\x00\x00\x00\x00\x00...\x00\x00\x00\x00\x00\x00\x00} appBuffer=HeapByteBuffer@6e6899aa[p=0,l=0,c=17408,r=0]={<<<>>>\x00\x00\x00\x00\x00\x00\x00\x00\x00...\x00\x00\x00\x00\x00\x00\x00}
04:29:53.887 [qtp399373008-62] DEBUG org.eclipse.jetty.io.ssl.SslConnection - <fill f=0 uf=true SslConnection@4d73ce9::SocketChannelEndPoint@4985b9d4{l=/127.0.0.1:33437,r=/127.0.0.1:57182,OPEN,fill=-,flush=-,to=0/30000}{io=0/0,kio=0,kro=1}->SslConnection@4d73ce9{NEED_UNWRAP,eio=-1/-1,di=-1,fill=IDLE,flush=IDLE}~>DecryptedEndPoint@3733529d{l=/127.0.0.1:33437,r=/127.0.0.1:57182,OPEN,fill=-,flush=-,to=24/30000}=>HttpConnection@1a765e2d[p=HttpParser{s=START,0 of -1},g=HttpGenerator@295d3154{s=START}]=>HttpChannelOverHttp@67f54af{s=HttpChannelState@62d006ad{s=IDLE rs=BLOCKING os=OPEN is=IDLE awp=false se=false i=true al=0},r=0,c=false/false,a=IDLE,uri=null,age=0}
04:29:53.887 [qtp399373008-62] DEBUG org.eclipse.jetty.io.ssl.SslConnection - >fill SslConnection@4d73ce9::SocketChannelEndPoint@4985b9d4{l=/127.0.0.1:33437,r=/127.0.0.1:57182,OPEN,fill=-,flush=-,to=0/30000}{io=0/0,kio=0,kro=1}->SslConnection@4d73ce9{NEED_UNWRAP,eio=-1/-1,di=-1,fill=IDLE,flush=IDLE}~>DecryptedEndPoint@3733529d{l=/127.0.0.1:33437,r=/127.0.0.1:57182,OPEN,fill=-,flush=-,to=24/30000}=>HttpConnection@1a765e2d[p=HttpParser{s=START,0 of -1},g=HttpGenerator@295d3154{s=START}]=>HttpChannelOverHttp@67f54af{s=HttpChannelState@62d006ad{s=IDLE rs=BLOCKING os=OPEN is=IDLE awp=false se=false i=true al=0},r=0,c=false/false,a=IDLE,uri=null,age=0}
04:29:53.887 [qtp399373008-62] DEBUG org.eclipse.jetty.io.ssl.SslConnection - fill NEED_UNWRAP
04:29:53.888 [qtp399373008-62] DEBUG org.eclipse.jetty.io.ChannelEndPoint - filled 0 HeapByteBuffer@6a5710bf[p=0,l=0,c=17408,r=0]={<<<>>>\x17\x03\x03\x068o2[\xE3...\x00\x00\x00\x00\x00\x00\x00}
04:29:53.888 [qtp399373008-62] DEBUG org.eclipse.jetty.io.ssl.SslConnection - net filled=0
04:29:53.888 [qtp399373008-62] DEBUG org.eclipse.jetty.io.ssl.SslConnection - unwrap net_filled=0 Status = BUFFER_UNDERFLOW HandshakeStatus = NEED_UNWRAP bytesConsumed = 0 bytesProduced = 0 encryptedBuffer=[p=0,l=0,c=17408,r=0] unwrapBuffer=HeapByteBuffer@6e6899aa[p=0,l=0,c=17408,r=0]={<<<>>>\x00\x00\x00\x00\x00\x00\x00\x00\x00...\x00\x00\x00\x00\x00\x00\x00} appBuffer=HeapByteBuffer@6e6899aa[p=0,l=0,c=17408,r=0]={<<<>>>\x00\x00\x00\x00\x00\x00\x00\x00\x00...\x00\x00\x00\x00\x00\x00\x00}
04:29:53.888 [qtp399373008-62] DEBUG org.eclipse.jetty.io.ssl.SslConnection - <fill f=0 uf=true SslConnection@4d73ce9::SocketChannelEndPoint@4985b9d4{l=/127.0.0.1:33437,r=/127.0.0.1:57182,OPEN,fill=-,flush=-,to=0/30000}{io=0/0,kio=0,kro=1}->SslConnection@4d73ce9{NEED_UNWRAP,eio=-1/-1,di=-1,fill=IDLE,flush=IDLE}~>DecryptedEndPoint@3733529d{l=/127.0.0.1:33437,r=/127.0.0.1:57182,OPEN,fill=-,flush=-,to=24/30000}=>HttpConnection@1a765e2d[p=HttpParser{s=START,0 of -1},g=HttpGenerator@295d3154{s=START}]=>HttpChannelOverHttp@67f54af{s=HttpChannelState@62d006ad{s=IDLE rs=BLOCKING os=OPEN is=IDLE awp=false se=false i=true al=0},r=0,c=false/false,a=IDLE,uri=null,age=0}
04:29:53.888 [qtp399373008-62] DEBUG org.eclipse.jetty.server.HttpConnection - HttpConnection@1a765e2d::DecryptedEndPoint@3733529d{l=/127.0.0.1:33437,r=/127.0.0.1:57182,OPEN,fill=-,flush=-,to=25/30000} filled 0 HeapByteBuffer@6e6899aa[p=0,l=0,c=17408,r=0]={<<<>>>\x00\x00\x00\x00\x00\x00\x00\x00\x00...\x00\x00\x00\x00\x00\x00\x00}
04:29:53.888 [qtp399373008-62] DEBUG org.eclipse.jetty.server.HttpConnection - HttpConnection@1a765e2d::DecryptedEndPoint@3733529d{l=/127.0.0.1:33437,r=/127.0.0.1:57182,OPEN,fill=-,flush=-,to=25/30000} parse HeapByteBuffer@6e6899aa[p=0,l=0,c=17408,r=0]={<<<>>>\x00\x00\x00\x00\x00\x00\x00\x00\x00...\x00\x00\x00\x00\x00\x00\x00} {}
04:29:53.888 [qtp399373008-62] DEBUG org.eclipse.jetty.http.HttpParser - parseNext s=START HeapByteBuffer@6e6899aa[p=0,l=0,c=17408,r=0]={<<<>>>\x00\x00\x00\x00\x00\x00\x00\x00\x00...\x00\x00\x00\x00\x00\x00\x00}
04:29:53.888 [qtp399373008-62] DEBUG org.eclipse.jetty.server.HttpConnection - HttpConnection@1a765e2d::DecryptedEndPoint@3733529d{l=/127.0.0.1:33437,r=/127.0.0.1:57182,OPEN,fill=-,flush=-,to=25/30000} parsed false HttpParser{s=START,0 of -1}
04:29:53.888 [qtp399373008-62] DEBUG org.eclipse.jetty.server.HttpConnection - releaseRequestBuffer HttpConnection@1a765e2d::DecryptedEndPoint@3733529d{l=/127.0.0.1:33437,r=/127.0.0.1:57182,OPEN,fill=-,flush=-,to=25/30000}
04:29:53.888 [qtp399373008-62] DEBUG org.eclipse.jetty.io.AbstractConnection - fillInterested HttpConnection@1a765e2d::DecryptedEndPoint@3733529d{l=/127.0.0.1:33437,r=/127.0.0.1:57182,OPEN,fill=-,flush=-,to=25/30000}
04:29:53.888 [qtp399373008-62] DEBUG org.eclipse.jetty.io.FillInterest - interested FillInterest@1729564{AC.ReadCB@1a765e2d{HttpConnection@1a765e2d::DecryptedEndPoint@3733529d{l=/127.0.0.1:33437,r=/127.0.0.1:57182,OPEN,fill=FI,flush=-,to=0/30000}}}
04:29:53.888 [qtp399373008-62] DEBUG org.eclipse.jetty.io.ssl.SslConnection - >needFillInterest s=IDLE/IDLE uf=true ei=null di=null SslConnection@4d73ce9::SocketChannelEndPoint@4985b9d4{l=/127.0.0.1:33437,r=/127.0.0.1:57182,OPEN,fill=-,flush=-,to=1/30000}{io=0/0,kio=0,kro=1}->SslConnection@4d73ce9{NEED_UNWRAP,eio=-1/-1,di=-1,fill=IDLE,flush=IDLE}~>DecryptedEndPoint@3733529d{l=/127.0.0.1:33437,r=/127.0.0.1:57182,OPEN,fill=FI,flush=-,to=0/30000}=>HttpConnection@1a765e2d[p=HttpParser{s=START,0 of -1},g=HttpGenerator@295d3154{s=START}]=>HttpChannelOverHttp@67f54af{s=HttpChannelState@62d006ad{s=IDLE rs=BLOCKING os=OPEN is=IDLE awp=false se=false i=true al=0},r=0,c=false/false,a=IDLE,uri=null,age=0}
04:29:53.888 [qtp399373008-62] DEBUG org.eclipse.jetty.io.ssl.SslConnection - <needFillInterest s=IDLE/INTERESTED f=false i=true w=null
04:29:53.889 [qtp399373008-62] DEBUG org.eclipse.jetty.io.ssl.SslConnection - ensureFillInterested SslConnection@4d73ce9::SocketChannelEndPoint@4985b9d4{l=/127.0.0.1:33437,r=/127.0.0.1:57182,OPEN,fill=-,flush=-,to=1/30000}{io=0/0,kio=0,kro=1}->SslConnection@4d73ce9{NEED_UNWRAP,eio=-1/-1,di=-1,fill=INTERESTED,flush=IDLE}~>DecryptedEndPoint@3733529d{l=/127.0.0.1:33437,r=/127.0.0.1:57182,OPEN,fill=FI,flush=-,to=0/30000}=>HttpConnection@1a765e2d[p=HttpParser{s=START,0 of -1},g=HttpGenerator@295d3154{s=START}]=>HttpChannelOverHttp@67f54af{s=HttpChannelState@62d006ad{s=IDLE rs=BLOCKING os=OPEN is=IDLE awp=false se=false i=true al=0},r=0,c=false/false,a=IDLE,uri=null,age=0}
04:29:53.889 [qtp399373008-62] DEBUG org.eclipse.jetty.io.FillInterest - interested FillInterest@621e3101{SSLC.NBReadCB@4d73ce9{SslConnection@4d73ce9::SocketChannelEndPoint@4985b9d4{l=/127.0.0.1:33437,r=/127.0.0.1:57182,OPEN,fill=FI,flush=-,to=0/30000}{io=0/0,kio=0,kro=1}->SslConnection@4d73ce9{NEED_UNWRAP,eio=-1/-1,di=-1,fill=INTERESTED,flush=IDLE}~>DecryptedEndPoint@3733529d{l=/127.0.0.1:33437,r=/127.0.0.1:57182,OPEN,fill=FI,flush=-,to=0/30000}=>HttpConnection@1a765e2d[p=HttpParser{s=START,0 of -1},g=HttpGenerator@295d3154{s=START}]=>HttpChannelOverHttp@67f54af{s=HttpChannelState@62d006ad{s=IDLE rs=BLOCKING os=OPEN is=IDLE awp=false se=false i=true al=0},r=0,c=false/false,a=IDLE,uri=null,age=0}}}
04:29:53.889 [qtp399373008-62] DEBUG org.eclipse.jetty.io.ChannelEndPoint - changeInterests p=false 0->1 for SocketChannelEndPoint@4985b9d4{l=/127.0.0.1:33437,r=/127.0.0.1:57182,OPEN,fill=FI,flush=-,to=0/30000}{io=0/1,kio=0,kro=1}->SslConnection@4d73ce9{NEED_UNWRAP,eio=-1/-1,di=-1,fill=INTERESTED,flush=IDLE}~>DecryptedEndPoint@3733529d{l=/127.0.0.1:33437,r=/127.0.0.1:57182,OPEN,fill=FI,flush=-,to=0/30000}=>HttpConnection@1a765e2d[p=HttpParser{s=START,0 of -1},g=HttpGenerator@295d3154{s=START}]=>HttpChannelOverHttp@67f54af{s=HttpChannelState@62d006ad{s=IDLE rs=BLOCKING os=OPEN is=IDLE awp=false se=false i=true al=0},r=0,c=false/false,a=IDLE,uri=null,age=0}
04:29:53.889 [qtp399373008-62] DEBUG org.eclipse.jetty.io.ManagedSelector - Queued change lazy=false org.eclipse.jetty.io.ChannelEndPoint$$Lambda$255/1126011505@5f1379df on ManagedSelector@5733f295{STARTED} id=1 keys=1 selected=0 updates=0
04:29:53.889 [qtp399373008-62] DEBUG org.eclipse.jetty.io.ManagedSelector - Wakeup on submit ManagedSelector@5733f295{STARTED} id=1 keys=1 selected=0 updates=1
04:29:53.889 [qtp399373008-57] DEBUG org.eclipse.jetty.io.ManagedSelector - Selector sun.nio.ch.EPollSelectorImpl@383171f8 woken with none selected
04:29:53.889 [qtp399373008-62] DEBUG org.eclipse.jetty.server.HttpConnection - HttpConnection@1a765e2d::DecryptedEndPoint@3733529d{l=/127.0.0.1:33437,r=/127.0.0.1:57182,OPEN,fill=FI,flush=-,to=0/30000} onFillable exit HttpChannelState@62d006ad{s=IDLE rs=BLOCKING os=OPEN is=IDLE awp=false se=false i=true al=0} null
04:29:53.889 [qtp399373008-57] DEBUG org.eclipse.jetty.io.ManagedSelector - Selector sun.nio.ch.EPollSelectorImpl@383171f8 woken up from select, 0/0/1 selected
04:29:53.889 [qtp399373008-57] DEBUG org.eclipse.jetty.io.ManagedSelector - Selector sun.nio.ch.EPollSelectorImpl@383171f8 processing 0 keys, 1 updates
04:29:53.889 [qtp399373008-57] DEBUG org.eclipse.jetty.io.ManagedSelector - updateable 1
04:29:53.889 [qtp399373008-57] DEBUG org.eclipse.jetty.io.ManagedSelector - update org.eclipse.jetty.io.ChannelEndPoint$$Lambda$255/1126011505@5f1379df
04:29:53.889 [qtp399373008-62] DEBUG org.eclipse.jetty.io.ssl.SslConnection - <c.onFillable SslConnection@4d73ce9::SocketChannelEndPoint@4985b9d4{l=/127.0.0.1:33437,r=/127.0.0.1:57182,OPEN,fill=FI,flush=-,to=0/30000}{io=0/1,kio=0,kro=1}->SslConnection@4d73ce9{NEED_UNWRAP,eio=-1/-1,di=-1,fill=INTERESTED,flush=IDLE}~>DecryptedEndPoint@3733529d{l=/127.0.0.1:33437,r=/127.0.0.1:57182,OPEN,fill=FI,flush=-,to=0/30000}=>HttpConnection@1a765e2d[p=HttpParser{s=START,0 of -1},g=HttpGenerator@295d3154{s=START}]=>HttpChannelOverHttp@67f54af{s=HttpChannelState@62d006ad{s=IDLE rs=BLOCKING os=OPEN is=IDLE awp=false se=false i=true al=0},r=0,c=false/false,a=IDLE,uri=null,age=0}
04:29:53.889 [qtp399373008-57] DEBUG org.eclipse.jetty.io.ChannelEndPoint - Key interests updated 0 -> 1 on SocketChannelEndPoint@4985b9d4{l=/127.0.0.1:33437,r=/127.0.0.1:57182,OPEN,fill=FI,flush=-,to=0/30000}{io=1/1,kio=1,kro=1}->SslConnection@4d73ce9{NEED_UNWRAP,eio=-1/-1,di=-1,fill=INTERESTED,flush=IDLE}~>DecryptedEndPoint@3733529d{l=/127.0.0.1:33437,r=/127.0.0.1:57182,OPEN,fill=FI,flush=-,to=1/30000}=>HttpConnection@1a765e2d[p=HttpParser{s=START,0 of -1},g=HttpGenerator@295d3154{s=START}]=>HttpChannelOverHttp@67f54af{s=HttpChannelState@62d006ad{s=IDLE rs=BLOCKING os=OPEN is=IDLE awp=false se=false i=true al=0},r=0,c=false/false,a=IDLE,uri=null,age=0}
04:29:53.890 [qtp399373008-57] DEBUG org.eclipse.jetty.io.ManagedSelector - updates 0
04:29:53.890 [qtp399373008-57] DEBUG org.eclipse.jetty.io.ManagedSelector - Selector sun.nio.ch.EPollSelectorImpl@383171f8 waiting with 1 keys
04:29:53.890 [qtp399373008-57] DEBUG org.eclipse.jetty.io.ManagedSelector - Selector sun.nio.ch.EPollSelectorImpl@383171f8 woken up from select, 1/1/1 selected
04:29:53.890 [qtp399373008-57] DEBUG org.eclipse.jetty.io.ManagedSelector - Selector sun.nio.ch.EPollSelectorImpl@383171f8 processing 1 keys, 0 updates
04:29:53.890 [qtp399373008-57] DEBUG org.eclipse.jetty.io.ManagedSelector - selected 1 sun.nio.ch.SelectionKeyImpl@36f6988e SocketChannelEndPoint@4985b9d4{l=/127.0.0.1:33437,r=/127.0.0.1:57182,OPEN,fill=FI,flush=-,to=1/30000}{io=1/1,kio=1,kro=1}->SslConnection@4d73ce9{NEED_UNWRAP,eio=-1/-1,di=-1,fill=INTERESTED,flush=IDLE}~>DecryptedEndPoint@3733529d{l=/127.0.0.1:33437,r=/127.0.0.1:57182,OPEN,fill=FI,flush=-,to=1/30000}=>HttpConnection@1a765e2d[p=HttpParser{s=START,0 of -1},g=HttpGenerator@295d3154{s=START}]=>HttpChannelOverHttp@67f54af{s=HttpChannelState@62d006ad{s=IDLE rs=BLOCKING os=OPEN is=IDLE awp=false se=false i=true al=0},r=0,c=false/false,a=IDLE,uri=null,age=0} 
04:29:53.890 [qtp399373008-57] DEBUG org.eclipse.jetty.io.ChannelEndPoint - onSelected 1->0 r=true w=false for SocketChannelEndPoint@4985b9d4{l=/127.0.0.1:33437,r=/127.0.0.1:57182,OPEN,fill=FI,flush=-,to=1/30000}{io=1/0,kio=1,kro=1}->SslConnection@4d73ce9{NEED_UNWRAP,eio=-1/-1,di=-1,fill=INTERESTED,flush=IDLE}~>DecryptedEndPoint@3733529d{l=/127.0.0.1:33437,r=/127.0.0.1:57182,OPEN,fill=FI,flush=-,to=1/30000}=>HttpConnection@1a765e2d[p=HttpParser{s=START,0 of -1},g=HttpGenerator@295d3154{s=START}]=>HttpChannelOverHttp@67f54af{s=HttpChannelState@62d006ad{s=IDLE rs=BLOCKING os=OPEN is=IDLE awp=false se=false i=true al=0},r=0,c=false/false,a=IDLE,uri=null,age=0}
04:29:53.890 [qtp399373008-57] DEBUG org.eclipse.jetty.io.ChannelEndPoint - task CEP:SocketChannelEndPoint@4985b9d4{l=/127.0.0.1:33437,r=/127.0.0.1:57182,OPEN,fill=FI,flush=-,to=1/30000}{io=1/0,kio=1,kro=1}->SslConnection@4d73ce9{NEED_UNWRAP,eio=-1/-1,di=-1,fill=INTERESTED,flush=IDLE}~>DecryptedEndPoint@3733529d{l=/127.0.0.1:33437,r=/127.0.0.1:57182,OPEN,fill=FI,flush=-,to=1/30000}=>HttpConnection@1a765e2d[p=HttpParser{s=START,0 of -1},g=HttpGenerator@295d3154{s=START}]=>HttpChannelOverHttp@67f54af{s=HttpChannelState@62d006ad{s=IDLE rs=BLOCKING os=OPEN is=IDLE awp=false se=false i=true al=0},r=0,c=false/false,a=IDLE,uri=null,age=0}:runFillable:BLOCKING
04:29:53.890 [qtp399373008-62] DEBUG org.eclipse.jetty.util.thread.QueuedThreadPool - ran CEP:SocketChannelEndPoint@4985b9d4{l=/127.0.0.1:33437,r=/127.0.0.1:57182,OPEN,fill=FI,flush=-,to=1/30000}{io=1/0,kio=1,kro=1}->SslConnection@4d73ce9{NEED_UNWRAP,eio=-1/-1,di=-1,fill=INTERESTED,flush=IDLE}~>DecryptedEndPoint@3733529d{l=/127.0.0.1:33437,r=/127.0.0.1:57182,OPEN,fill=FI,flush=-,to=1/30000}=>HttpConnection@1a765e2d[p=HttpParser{s=START,0 of -1},g=HttpGenerator@295d3154{s=START}]=>HttpChannelOverHttp@67f54af{s=HttpChannelState@62d006ad{s=IDLE rs=BLOCKING os=OPEN is=IDLE awp=false se=false i=true al=0},r=0,c=false/false,a=IDLE,uri=null,age=0}:runFillable:BLOCKING in QueuedThreadPool[qtp399373008]@17cdf2d0{STARTED,8<=8<=200,i=1,r=-1,q=0}[ReservedThreadExecutor@424fd310{reserved=1/8,pending=0}]
04:29:53.890 [qtp399373008-57] DEBUG org.eclipse.jetty.util.thread.ReservedThreadExecutor - ReservedThreadExecutor@424fd310{reserved=1/8,pending=0} tryExecute EatWhatYouKill@b7838a9/SelectorProducer@696f0212/PRODUCING/p=false/QueuedThreadPool[qtp399373008]@17cdf2d0{STARTED,8<=8<=200,i=1,r=-1,q=0}[ReservedThreadExecutor@424fd310{reserved=1/8,pending=0}][pc=0,pic=0,pec=1,epc=0]@2024-05-02T04:29:53.89+01:00
04:29:53.890 [qtp399373008-57] DEBUG org.eclipse.jetty.util.thread.ReservedThreadExecutor - ReservedThreadExecutor@424fd310{reserved=0/8,pending=1} startReservedThread p=1
04:29:53.891 [qtp399373008-57] DEBUG org.eclipse.jetty.util.thread.QueuedThreadPool - queue ReservedThread@77cb92b5{PENDING,thread=null} startThread=0
04:29:53.891 [qtp399373008-61] DEBUG org.eclipse.jetty.util.thread.QueuedThreadPool - run ReservedThread@77cb92b5{PENDING,thread=null} in QueuedThreadPool[qtp399373008]@17cdf2d0{STARTED,8<=8<=200,i=1,r=-1,q=0}[ReservedThreadExecutor@424fd310{reserved=0/8,pending=1}]
04:29:53.891 [qtp399373008-61] DEBUG org.eclipse.jetty.util.thread.ReservedThreadExecutor - ReservedThread@77cb92b5{PENDING,thread=Thread[qtp399373008-61,5,main]} was=PENDING next=RESERVED size=0+1 capacity=8
04:29:53.891 [qtp399373008-56] DEBUG org.eclipse.jetty.util.thread.ReservedThreadExecutor - ReservedThread@32c91a88{RESERVED,thread=Thread[qtp399373008-56,5,main]} task=EatWhatYouKill@b7838a9/SelectorProducer@696f0212/IDLE/p=true/QueuedThreadPool[qtp399373008]@17cdf2d0{STARTED,8<=8<=200,i=1,r=-1,q=0}[ReservedThreadExecutor@424fd310{reserved=0/8,pending=1}][pc=0,pic=0,pec=1,epc=0]@2024-05-02T04:29:53.891+01:00 ReservedThreadExecutor@424fd310{reserved=1/8,pending=0}
04:29:53.891 [qtp399373008-61] DEBUG org.eclipse.jetty.util.thread.ReservedThreadExecutor - ReservedThread@77cb92b5{RESERVED,thread=Thread[qtp399373008-61,5,main]} waiting ReservedThreadExecutor@424fd310{reserved=1/8,pending=0}
04:29:53.891 [qtp399373008-56] DEBUG org.eclipse.jetty.util.thread.strategy.EatWhatYouKill - EatWhatYouKill@b7838a9/SelectorProducer@696f0212/IDLE/p=true/QueuedThreadPool[qtp399373008]@17cdf2d0{STARTED,8<=8<=200,i=1,r=-1,q=0}[ReservedThreadExecutor@424fd310{reserved=1/8,pending=0}][pc=0,pic=0,pec=1,epc=0]@2024-05-02T04:29:53.891+01:00 tryProduce true
04:29:53.891 [qtp399373008-56] DEBUG org.eclipse.jetty.io.ManagedSelector - updateable 0
04:29:53.891 [qtp399373008-56] DEBUG org.eclipse.jetty.io.ManagedSelector - updates 0
04:29:53.891 [qtp399373008-56] DEBUG org.eclipse.jetty.io.ChannelEndPoint - Key interests updated 1 -> 0 on SocketChannelEndPoint@4985b9d4{l=/127.0.0.1:33437,r=/127.0.0.1:57182,OPEN,fill=FI,flush=-,to=2/30000}{io=0/0,kio=0,kro=1}->SslConnection@4d73ce9{NEED_UNWRAP,eio=-1/-1,di=-1,fill=INTERESTED,flush=IDLE}~>DecryptedEndPoint@3733529d{l=/127.0.0.1:33437,r=/127.0.0.1:57182,OPEN,fill=FI,flush=-,to=3/30000}=>HttpConnection@1a765e2d[p=HttpParser{s=START,0 of -1},g=HttpGenerator@295d3154{s=START}]=>HttpChannelOverHttp@67f54af{s=HttpChannelState@62d006ad{s=IDLE rs=BLOCKING os=OPEN is=IDLE awp=false se=false i=true al=0},r=0,c=false/false,a=IDLE,uri=null,age=0}
04:29:53.891 [qtp399373008-56] DEBUG org.eclipse.jetty.io.ManagedSelector - Selector sun.nio.ch.EPollSelectorImpl@383171f8 waiting with 1 keys
04:29:53.892 [qtp399373008-57] DEBUG org.eclipse.jetty.util.thread.strategy.EatWhatYouKill - EatWhatYouKill@b7838a9/SelectorProducer@696f0212/PRODUCING/p=false/QueuedThreadPool[qtp399373008]@17cdf2d0{STARTED,8<=8<=200,i=1,r=-1,q=0}[ReservedThreadExecutor@424fd310{reserved=1/8,pending=0}][pc=0,pic=0,pec=1,epc=0]@2024-05-02T04:29:53.891+01:00 m=EXECUTE_PRODUCE_CONSUME t=CEP:SocketChannelEndPoint@4985b9d4{l=/127.0.0.1:33437,r=/127.0.0.1:57182,OPEN,fill=FI,flush=-,to=2/30000}{io=0/0,kio=0,kro=1}->SslConnection@4d73ce9{NEED_UNWRAP,eio=-1/-1,di=-1,fill=INTERESTED,flush=IDLE}~>DecryptedEndPoint@3733529d{l=/127.0.0.1:33437,r=/127.0.0.1:57182,OPEN,fill=FI,flush=-,to=3/30000}=>HttpConnection@1a765e2d[p=HttpParser{s=START,0 of -1},g=HttpGenerator@295d3154{s=START}]=>HttpChannelOverHttp@67f54af{s=HttpChannelState@62d006ad{s=IDLE rs=BLOCKING os=OPEN is=IDLE awp=false se=false i=true al=0},r=0,c=false/false,a=IDLE,uri=null,age=0}:runFillable:BLOCKING/BLOCKING
04:29:53.892 [qtp399373008-57] DEBUG org.eclipse.jetty.io.FillInterest - fillable FillInterest@621e3101{SSLC.NBReadCB@4d73ce9{SslConnection@4d73ce9::SocketChannelEndPoint@4985b9d4{l=/127.0.0.1:33437,r=/127.0.0.1:57182,OPEN,fill=FI,flush=-,to=3/30000}{io=0/0,kio=0,kro=1}->SslConnection@4d73ce9{NEED_UNWRAP,eio=-1/-1,di=-1,fill=INTERESTED,flush=IDLE}~>DecryptedEndPoint@3733529d{l=/127.0.0.1:33437,r=/127.0.0.1:57182,OPEN,fill=FI,flush=-,to=3/30000}=>HttpConnection@1a765e2d[p=HttpParser{s=START,0 of -1},g=HttpGenerator@295d3154{s=START}]=>HttpChannelOverHttp@67f54af{s=HttpChannelState@62d006ad{s=IDLE rs=BLOCKING os=OPEN is=IDLE awp=false se=false i=true al=0},r=0,c=false/false,a=IDLE,uri=null,age=0}}}
04:29:53.892 [qtp399373008-57] DEBUG org.eclipse.jetty.io.ssl.SslConnection - >c.onFillable SslConnection@4d73ce9::SocketChannelEndPoint@4985b9d4{l=/127.0.0.1:33437,r=/127.0.0.1:57182,OPEN,fill=-,flush=-,to=3/30000}{io=0/0,kio=0,kro=1}->SslConnection@4d73ce9{NEED_UNWRAP,eio=-1/-1,di=-1,fill=INTERESTED,flush=IDLE}~>DecryptedEndPoint@3733529d{l=/127.0.0.1:33437,r=/127.0.0.1:57182,OPEN,fill=FI,flush=-,to=4/30000}=>HttpConnection@1a765e2d[p=HttpParser{s=START,0 of -1},g=HttpGenerator@295d3154{s=START}]=>HttpChannelOverHttp@67f54af{s=HttpChannelState@62d006ad{s=IDLE rs=BLOCKING os=OPEN is=IDLE awp=false se=false i=true al=0},r=0,c=false/false,a=IDLE,uri=null,age=0}
04:29:53.893 [qtp399373008-57] DEBUG org.eclipse.jetty.io.ssl.SslConnection - onFillable SslConnection@4d73ce9::SocketChannelEndPoint@4985b9d4{l=/127.0.0.1:33437,r=/127.0.0.1:57182,OPEN,fill=-,flush=-,to=3/30000}{io=0/0,kio=0,kro=1}->SslConnection@4d73ce9{NEED_UNWRAP,eio=-1/-1,di=-1,fill=INTERESTED,flush=IDLE}~>DecryptedEndPoint@3733529d{l=/127.0.0.1:33437,r=/127.0.0.1:57182,OPEN,fill=FI,flush=-,to=4/30000}=>HttpConnection@1a765e2d[p=HttpParser{s=START,0 of -1},g=HttpGenerator@295d3154{s=START}]=>HttpChannelOverHttp@67f54af{s=HttpChannelState@62d006ad{s=IDLE rs=BLOCKING os=OPEN is=IDLE awp=false se=false i=true al=0},r=0,c=false/false,a=IDLE,uri=null,age=0}
04:29:53.893 [qtp399373008-57] DEBUG org.eclipse.jetty.io.FillInterest - fillable FillInterest@1729564{AC.ReadCB@1a765e2d{HttpConnection@1a765e2d::DecryptedEndPoint@3733529d{l=/127.0.0.1:33437,r=/127.0.0.1:57182,OPEN,fill=FI,flush=-,to=4/30000}}}
04:29:53.893 [qtp399373008-57] DEBUG org.eclipse.jetty.server.HttpConnection - HttpConnection@1a765e2d::DecryptedEndPoint@3733529d{l=/127.0.0.1:33437,r=/127.0.0.1:57182,OPEN,fill=-,flush=-,to=4/30000} onFillable enter HttpChannelState@62d006ad{s=IDLE rs=BLOCKING os=OPEN is=IDLE awp=false se=false i=true al=0} null
04:29:53.893 [qtp399373008-57] DEBUG org.eclipse.jetty.io.ssl.SslConnection - >fill SslConnection@4d73ce9::SocketChannelEndPoint@4985b9d4{l=/127.0.0.1:33437,r=/127.0.0.1:57182,OPEN,fill=-,flush=-,to=4/30000}{io=0/0,kio=0,kro=1}->SslConnection@4d73ce9{NEED_UNWRAP,eio=-1/-1,di=-1,fill=IDLE,flush=IDLE}~>DecryptedEndPoint@3733529d{l=/127.0.0.1:33437,r=/127.0.0.1:57182,OPEN,fill=-,flush=-,to=4/30000}=>HttpConnection@1a765e2d[p=HttpParser{s=START,0 of -1},g=HttpGenerator@295d3154{s=START}]=>HttpChannelOverHttp@67f54af{s=HttpChannelState@62d006ad{s=IDLE rs=BLOCKING os=OPEN is=IDLE awp=false se=false i=true al=0},r=0,c=false/false,a=IDLE,uri=null,age=0}
04:29:53.893 [qtp399373008-57] DEBUG org.eclipse.jetty.io.ssl.SslConnection - fill NEED_UNWRAP
04:29:53.893 [qtp399373008-57] DEBUG org.eclipse.jetty.io.ChannelEndPoint - filled 6 HeapByteBuffer@6a5710bf[p=0,l=6,c=17408,r=6]={<<<\x14\x03\x03\x00\x01\x01>>>2[\xE3}\xA5\x16\xFc\xCb\x8a...\x00\x00\x00\x00\x00\x00\x00}
04:29:53.893 [qtp399373008-57] DEBUG org.eclipse.jetty.io.ssl.SslConnection - net filled=6
04:29:53.893 [qtp399373008-57] DEBUG org.eclipse.jetty.io.ssl.SslConnection - unwrap net_filled=6 Status = OK HandshakeStatus = NEED_UNWRAP bytesConsumed = 6 bytesProduced = 0 encryptedBuffer=[p=6,l=6,c=17408,r=0] unwrapBuffer=HeapByteBuffer@60af7bcf[p=0,l=0,c=17408,r=0]={<<<>>>\x16\x03\x03\x01N\x01\x00\x01J...\x00\x00\x00\x00\x00\x00\x00} appBuffer=HeapByteBuffer@60af7bcf[p=0,l=0,c=17408,r=0]={<<<>>>\x16\x03\x03\x01N\x01\x00\x01J...\x00\x00\x00\x00\x00\x00\x00}
04:29:53.893 [qtp399373008-57] DEBUG org.eclipse.jetty.io.ssl.SslConnection - fill NEED_UNWRAP
04:29:53.893 [qtp399373008-57] DEBUG org.eclipse.jetty.io.ChannelEndPoint - filled 0 HeapByteBuffer@6a5710bf[p=0,l=0,c=17408,r=0]={<<<>>>\x14\x03\x03\x00\x01\x012[\xE3...\x00\x00\x00\x00\x00\x00\x00}
04:29:53.893 [qtp399373008-57] DEBUG org.eclipse.jetty.io.ssl.SslConnection - net filled=0
04:29:53.894 [qtp399373008-57] DEBUG org.eclipse.jetty.io.ssl.SslConnection - unwrap net_filled=0 Status = BUFFER_UNDERFLOW HandshakeStatus = NEED_UNWRAP bytesConsumed = 0 bytesProduced = 0 encryptedBuffer=[p=0,l=0,c=17408,r=0] unwrapBuffer=HeapByteBuffer@60af7bcf[p=0,l=0,c=17408,r=0]={<<<>>>\x16\x03\x03\x01N\x01\x00\x01J...\x00\x00\x00\x00\x00\x00\x00} appBuffer=HeapByteBuffer@60af7bcf[p=0,l=0,c=17408,r=0]={<<<>>>\x16\x03\x03\x01N\x01\x00\x01J...\x00\x00\x00\x00\x00\x00\x00}
04:29:53.894 [qtp399373008-57] DEBUG org.eclipse.jetty.io.ssl.SslConnection - <fill f=0 uf=true SslConnection@4d73ce9::SocketChannelEndPoint@4985b9d4{l=/127.0.0.1:33437,r=/127.0.0.1:57182,OPEN,fill=-,flush=-,to=0/30000}{io=0/0,kio=0,kro=1}->SslConnection@4d73ce9{NEED_UNWRAP,eio=-1/-1,di=-1,fill=IDLE,flush=IDLE}~>DecryptedEndPoint@3733529d{l=/127.0.0.1:33437,r=/127.0.0.1:57182,OPEN,fill=-,flush=-,to=5/30000}=>HttpConnection@1a765e2d[p=HttpParser{s=START,0 of -1},g=HttpGenerator@295d3154{s=START}]=>HttpChannelOverHttp@67f54af{s=HttpChannelState@62d006ad{s=IDLE rs=BLOCKING os=OPEN is=IDLE awp=false se=false i=true al=0},r=0,c=false/false,a=IDLE,uri=null,age=0}
04:29:53.894 [qtp399373008-57] DEBUG org.eclipse.jetty.io.ssl.SslConnection - >fill SslConnection@4d73ce9::SocketChannelEndPoint@4985b9d4{l=/127.0.0.1:33437,r=/127.0.0.1:57182,OPEN,fill=-,flush=-,to=0/30000}{io=0/0,kio=0,kro=1}->SslConnection@4d73ce9{NEED_UNWRAP,eio=-1/-1,di=-1,fill=IDLE,flush=IDLE}~>DecryptedEndPoint@3733529d{l=/127.0.0.1:33437,r=/127.0.0.1:57182,OPEN,fill=-,flush=-,to=5/30000}=>HttpConnection@1a765e2d[p=HttpParser{s=START,0 of -1},g=HttpGenerator@295d3154{s=START}]=>HttpChannelOverHttp@67f54af{s=HttpChannelState@62d006ad{s=IDLE rs=BLOCKING os=OPEN is=IDLE awp=false se=false i=true al=0},r=0,c=false/false,a=IDLE,uri=null,age=0}
04:29:53.894 [qtp399373008-57] DEBUG org.eclipse.jetty.io.ssl.SslConnection - fill NEED_UNWRAP
04:29:53.894 [qtp399373008-57] DEBUG org.eclipse.jetty.io.ChannelEndPoint - filled 0 HeapByteBuffer@6e6899aa[p=0,l=0,c=17408,r=0]={<<<>>>\x00\x00\x00\x00\x00\x00\x00\x00\x00...\x00\x00\x00\x00\x00\x00\x00}
04:29:53.894 [qtp399373008-57] DEBUG org.eclipse.jetty.io.ssl.SslConnection - net filled=0
04:29:53.894 [qtp399373008-57] DEBUG org.eclipse.jetty.io.ssl.SslConnection - unwrap net_filled=0 Status = BUFFER_UNDERFLOW HandshakeStatus = NEED_UNWRAP bytesConsumed = 0 bytesProduced = 0 encryptedBuffer=[p=0,l=0,c=17408,r=0] unwrapBuffer=HeapByteBuffer@60af7bcf[p=0,l=0,c=17408,r=0]={<<<>>>\x16\x03\x03\x01N\x01\x00\x01J...\x00\x00\x00\x00\x00\x00\x00} appBuffer=HeapByteBuffer@60af7bcf[p=0,l=0,c=17408,r=0]={<<<>>>\x16\x03\x03\x01N\x01\x00\x01J...\x00\x00\x00\x00\x00\x00\x00}
04:29:53.894 [qtp399373008-57] DEBUG org.eclipse.jetty.io.ssl.SslConnection - <fill f=0 uf=true SslConnection@4d73ce9::SocketChannelEndPoint@4985b9d4{l=/127.0.0.1:33437,r=/127.0.0.1:57182,OPEN,fill=-,flush=-,to=0/30000}{io=0/0,kio=0,kro=1}->SslConnection@4d73ce9{NEED_UNWRAP,eio=-1/-1,di=-1,fill=IDLE,flush=IDLE}~>DecryptedEndPoint@3733529d{l=/127.0.0.1:33437,r=/127.0.0.1:57182,OPEN,fill=-,flush=-,to=5/30000}=>HttpConnection@1a765e2d[p=HttpParser{s=START,0 of -1},g=HttpGenerator@295d3154{s=START}]=>HttpChannelOverHttp@67f54af{s=HttpChannelState@62d006ad{s=IDLE rs=BLOCKING os=OPEN is=IDLE awp=false se=false i=true al=0},r=0,c=false/false,a=IDLE,uri=null,age=0}
04:29:53.894 [qtp399373008-57] DEBUG org.eclipse.jetty.server.HttpConnection - HttpConnection@1a765e2d::DecryptedEndPoint@3733529d{l=/127.0.0.1:33437,r=/127.0.0.1:57182,OPEN,fill=-,flush=-,to=6/30000} filled 0 HeapByteBuffer@60af7bcf[p=0,l=0,c=17408,r=0]={<<<>>>\x16\x03\x03\x01N\x01\x00\x01J...\x00\x00\x00\x00\x00\x00\x00}
04:29:53.894 [qtp399373008-57] DEBUG org.eclipse.jetty.server.HttpConnection - HttpConnection@1a765e2d::DecryptedEndPoint@3733529d{l=/127.0.0.1:33437,r=/127.0.0.1:57182,OPEN,fill=-,flush=-,to=6/30000} parse HeapByteBuffer@60af7bcf[p=0,l=0,c=17408,r=0]={<<<>>>\x16\x03\x03\x01N\x01\x00\x01J...\x00\x00\x00\x00\x00\x00\x00} {}
04:29:53.894 [qtp399373008-57] DEBUG org.eclipse.jetty.http.HttpParser - parseNext s=START HeapByteBuffer@60af7bcf[p=0,l=0,c=17408,r=0]={<<<>>>\x16\x03\x03\x01N\x01\x00\x01J...\x00\x00\x00\x00\x00\x00\x00}
04:29:53.894 [qtp399373008-57] DEBUG org.eclipse.jetty.server.HttpConnection - HttpConnection@1a765e2d::DecryptedEndPoint@3733529d{l=/127.0.0.1:33437,r=/127.0.0.1:57182,OPEN,fill=-,flush=-,to=6/30000} parsed false HttpParser{s=START,0 of -1}
04:29:53.894 [qtp399373008-57] DEBUG org.eclipse.jetty.server.HttpConnection - releaseRequestBuffer HttpConnection@1a765e2d::DecryptedEndPoint@3733529d{l=/127.0.0.1:33437,r=/127.0.0.1:57182,OPEN,fill=-,flush=-,to=6/30000}
04:29:53.894 [qtp399373008-57] DEBUG org.eclipse.jetty.io.AbstractConnection - fillInterested HttpConnection@1a765e2d::DecryptedEndPoint@3733529d{l=/127.0.0.1:33437,r=/127.0.0.1:57182,OPEN,fill=-,flush=-,to=6/30000}
04:29:53.894 [qtp399373008-57] DEBUG org.eclipse.jetty.io.FillInterest - interested FillInterest@1729564{AC.ReadCB@1a765e2d{HttpConnection@1a765e2d::DecryptedEndPoint@3733529d{l=/127.0.0.1:33437,r=/127.0.0.1:57182,OPEN,fill=FI,flush=-,to=0/30000}}}
04:29:53.895 [qtp399373008-57] DEBUG org.eclipse.jetty.io.ssl.SslConnection - >needFillInterest s=IDLE/IDLE uf=true ei=null di=null SslConnection@4d73ce9::SocketChannelEndPoint@4985b9d4{l=/127.0.0.1:33437,r=/127.0.0.1:57182,OPEN,fill=-,flush=-,to=1/30000}{io=0/0,kio=0,kro=1}->SslConnection@4d73ce9{NEED_UNWRAP,eio=-1/-1,di=-1,fill=IDLE,flush=IDLE}~>DecryptedEndPoint@3733529d{l=/127.0.0.1:33437,r=/127.0.0.1:57182,OPEN,fill=FI,flush=-,to=0/30000}=>HttpConnection@1a765e2d[p=HttpParser{s=START,0 of -1},g=HttpGenerator@295d3154{s=START}]=>HttpChannelOverHttp@67f54af{s=HttpChannelState@62d006ad{s=IDLE rs=BLOCKING os=OPEN is=IDLE awp=false se=false i=true al=0},r=0,c=false/false,a=IDLE,uri=null,age=0}
04:29:53.895 [qtp399373008-57] DEBUG org.eclipse.jetty.io.ssl.SslConnection - <needFillInterest s=IDLE/INTERESTED f=false i=true w=null
04:29:53.895 [qtp399373008-57] DEBUG org.eclipse.jetty.io.ssl.SslConnection - ensureFillInterested SslConnection@4d73ce9::SocketChannelEndPoint@4985b9d4{l=/127.0.0.1:33437,r=/127.0.0.1:57182,OPEN,fill=-,flush=-,to=1/30000}{io=0/0,kio=0,kro=1}->SslConnection@4d73ce9{NEED_UNWRAP,eio=-1/-1,di=-1,fill=INTERESTED,flush=IDLE}~>DecryptedEndPoint@3733529d{l=/127.0.0.1:33437,r=/127.0.0.1:57182,OPEN,fill=FI,flush=-,to=0/30000}=>HttpConnection@1a765e2d[p=HttpParser{s=START,0 of -1},g=HttpGenerator@295d3154{s=START}]=>HttpChannelOverHttp@67f54af{s=HttpChannelState@62d006ad{s=IDLE rs=BLOCKING os=OPEN is=IDLE awp=false se=false i=true al=0},r=0,c=false/false,a=IDLE,uri=null,age=0}
04:29:53.895 [qtp399373008-57] DEBUG org.eclipse.jetty.io.FillInterest - interested FillInterest@621e3101{SSLC.NBReadCB@4d73ce9{SslConnection@4d73ce9::SocketChannelEndPoint@4985b9d4{l=/127.0.0.1:33437,r=/127.0.0.1:57182,OPEN,fill=FI,flush=-,to=0/30000}{io=0/0,kio=0,kro=1}->SslConnection@4d73ce9{NEED_UNWRAP,eio=-1/-1,di=-1,fill=INTERESTED,flush=IDLE}~>DecryptedEndPoint@3733529d{l=/127.0.0.1:33437,r=/127.0.0.1:57182,OPEN,fill=FI,flush=-,to=0/30000}=>HttpConnection@1a765e2d[p=HttpParser{s=START,0 of -1},g=HttpGenerator@295d3154{s=START}]=>HttpChannelOverHttp@67f54af{s=HttpChannelState@62d006ad{s=IDLE rs=BLOCKING os=OPEN is=IDLE awp=false se=false i=true al=0},r=0,c=false/false,a=IDLE,uri=null,age=0}}}
04:29:53.895 [qtp399373008-57] DEBUG org.eclipse.jetty.io.ChannelEndPoint - changeInterests p=false 0->1 for SocketChannelEndPoint@4985b9d4{l=/127.0.0.1:33437,r=/127.0.0.1:57182,OPEN,fill=FI,flush=-,to=0/30000}{io=0/1,kio=0,kro=1}->SslConnection@4d73ce9{NEED_UNWRAP,eio=-1/-1,di=-1,fill=INTERESTED,flush=IDLE}~>DecryptedEndPoint@3733529d{l=/127.0.0.1:33437,r=/127.0.0.1:57182,OPEN,fill=FI,flush=-,to=0/30000}=>HttpConnection@1a765e2d[p=HttpParser{s=START,0 of -1},g=HttpGenerator@295d3154{s=START}]=>HttpChannelOverHttp@67f54af{s=HttpChannelState@62d006ad{s=IDLE rs=BLOCKING os=OPEN is=IDLE awp=false se=false i=true al=0},r=0,c=false/false,a=IDLE,uri=null,age=0}
04:29:53.895 [qtp399373008-57] DEBUG org.eclipse.jetty.io.ManagedSelector - Queued change lazy=false org.eclipse.jetty.io.ChannelEndPoint$$Lambda$255/1126011505@5f1379df on ManagedSelector@5733f295{STARTED} id=1 keys=1 selected=0 updates=0
04:29:53.895 [qtp399373008-57] DEBUG org.eclipse.jetty.io.ManagedSelector - Wakeup on submit ManagedSelector@5733f295{STARTED} id=1 keys=1 selected=0 updates=1
04:29:53.895 [qtp399373008-56] DEBUG org.eclipse.jetty.io.ManagedSelector - Selector sun.nio.ch.EPollSelectorImpl@383171f8 woken with none selected
04:29:53.895 [qtp399373008-56] DEBUG org.eclipse.jetty.io.ManagedSelector - Selector sun.nio.ch.EPollSelectorImpl@383171f8 woken up from select, 0/0/1 selected
04:29:53.895 [qtp399373008-57] DEBUG org.eclipse.jetty.server.HttpConnection - HttpConnection@1a765e2d::DecryptedEndPoint@3733529d{l=/127.0.0.1:33437,r=/127.0.0.1:57182,OPEN,fill=FI,flush=-,to=0/30000} onFillable exit HttpChannelState@62d006ad{s=IDLE rs=BLOCKING os=OPEN is=IDLE awp=false se=false i=true al=0} null
04:29:53.895 [qtp399373008-56] DEBUG org.eclipse.jetty.io.ManagedSelector - Selector sun.nio.ch.EPollSelectorImpl@383171f8 processing 0 keys, 1 updates
04:29:53.895 [qtp399373008-56] DEBUG org.eclipse.jetty.io.ManagedSelector - updateable 1
04:29:53.895 [qtp399373008-56] DEBUG org.eclipse.jetty.io.ManagedSelector - update org.eclipse.jetty.io.ChannelEndPoint$$Lambda$255/1126011505@5f1379df
04:29:53.895 [qtp399373008-57] DEBUG org.eclipse.jetty.io.ssl.SslConnection - <c.onFillable SslConnection@4d73ce9::SocketChannelEndPoint@4985b9d4{l=/127.0.0.1:33437,r=/127.0.0.1:57182,OPEN,fill=FI,flush=-,to=0/30000}{io=0/1,kio=0,kro=1}->SslConnection@4d73ce9{NEED_UNWRAP,eio=-1/-1,di=-1,fill=INTERESTED,flush=IDLE}~>DecryptedEndPoint@3733529d{l=/127.0.0.1:33437,r=/127.0.0.1:57182,OPEN,fill=FI,flush=-,to=0/30000}=>HttpConnection@1a765e2d[p=HttpParser{s=START,0 of -1},g=HttpGenerator@295d3154{s=START}]=>HttpChannelOverHttp@67f54af{s=HttpChannelState@62d006ad{s=IDLE rs=BLOCKING os=OPEN is=IDLE awp=false se=false i=true al=0},r=0,c=false/false,a=IDLE,uri=null,age=0}
04:29:53.895 [qtp399373008-57] DEBUG org.eclipse.jetty.util.thread.QueuedThreadPool - ran org.eclipse.jetty.io.ManagedSelector$$Lambda$253/838473569@7ce97ee5 in QueuedThreadPool[qtp399373008]@17cdf2d0{STARTED,8<=8<=200,i=1,r=-1,q=0}[ReservedThreadExecutor@424fd310{reserved=1/8,pending=0}]
04:29:53.895 [qtp399373008-56] DEBUG org.eclipse.jetty.io.ChannelEndPoint - Key interests updated 0 -> 1 on SocketChannelEndPoint@4985b9d4{l=/127.0.0.1:33437,r=/127.0.0.1:57182,OPEN,fill=FI,flush=-,to=0/30000}{io=1/1,kio=1,kro=1}->SslConnection@4d73ce9{NEED_UNWRAP,eio=-1/-1,di=-1,fill=INTERESTED,flush=IDLE}~>DecryptedEndPoint@3733529d{l=/127.0.0.1:33437,r=/127.0.0.1:57182,OPEN,fill=FI,flush=-,to=0/30000}=>HttpConnection@1a765e2d[p=HttpParser{s=START,0 of -1},g=HttpGenerator@295d3154{s=START}]=>HttpChannelOverHttp@67f54af{s=HttpChannelState@62d006ad{s=IDLE rs=BLOCKING os=OPEN is=IDLE awp=false se=false i=true al=0},r=0,c=false/false,a=IDLE,uri=null,age=0}
04:29:53.896 [qtp399373008-56] DEBUG org.eclipse.jetty.io.ManagedSelector - updates 0
04:29:53.896 [qtp399373008-56] DEBUG org.eclipse.jetty.io.ManagedSelector - Selector sun.nio.ch.EPollSelectorImpl@383171f8 waiting with 1 keys
04:29:53.933 [qtp399373008-56] DEBUG org.eclipse.jetty.io.ManagedSelector - Selector sun.nio.ch.EPollSelectorImpl@383171f8 woken up from select, 1/1/1 selected
04:29:53.933 [qtp399373008-56] DEBUG org.eclipse.jetty.io.ManagedSelector - Selector sun.nio.ch.EPollSelectorImpl@383171f8 processing 1 keys, 0 updates
04:29:53.933 [qtp399373008-56] DEBUG org.eclipse.jetty.io.ManagedSelector - selected 1 sun.nio.ch.SelectionKeyImpl@36f6988e SocketChannelEndPoint@4985b9d4{l=/127.0.0.1:33437,r=/127.0.0.1:57182,OPEN,fill=FI,flush=-,to=38/30000}{io=1/1,kio=1,kro=1}->SslConnection@4d73ce9{NEED_UNWRAP,eio=-1/-1,di=-1,fill=INTERESTED,flush=IDLE}~>DecryptedEndPoint@3733529d{l=/127.0.0.1:33437,r=/127.0.0.1:57182,OPEN,fill=FI,flush=-,to=38/30000}=>HttpConnection@1a765e2d[p=HttpParser{s=START,0 of -1},g=HttpGenerator@295d3154{s=START}]=>HttpChannelOverHttp@67f54af{s=HttpChannelState@62d006ad{s=IDLE rs=BLOCKING os=OPEN is=IDLE awp=false se=false i=true al=0},r=0,c=false/false,a=IDLE,uri=null,age=0} 
04:29:53.933 [qtp399373008-56] DEBUG org.eclipse.jetty.io.ChannelEndPoint - onSelected 1->0 r=true w=false for SocketChannelEndPoint@4985b9d4{l=/127.0.0.1:33437,r=/127.0.0.1:57182,OPEN,fill=FI,flush=-,to=38/30000}{io=1/0,kio=1,kro=1}->SslConnection@4d73ce9{NEED_UNWRAP,eio=-1/-1,di=-1,fill=INTERESTED,flush=IDLE}~>DecryptedEndPoint@3733529d{l=/127.0.0.1:33437,r=/127.0.0.1:57182,OPEN,fill=FI,flush=-,to=38/30000}=>HttpConnection@1a765e2d[p=HttpParser{s=START,0 of -1},g=HttpGenerator@295d3154{s=START}]=>HttpChannelOverHttp@67f54af{s=HttpChannelState@62d006ad{s=IDLE rs=BLOCKING os=OPEN is=IDLE awp=false se=false i=true al=0},r=0,c=false/false,a=IDLE,uri=null,age=0}
04:29:53.933 [qtp399373008-56] DEBUG org.eclipse.jetty.io.ChannelEndPoint - task CEP:SocketChannelEndPoint@4985b9d4{l=/127.0.0.1:33437,r=/127.0.0.1:57182,OPEN,fill=FI,flush=-,to=38/30000}{io=1/0,kio=1,kro=1}->SslConnection@4d73ce9{NEED_UNWRAP,eio=-1/-1,di=-1,fill=INTERESTED,flush=IDLE}~>DecryptedEndPoint@3733529d{l=/127.0.0.1:33437,r=/127.0.0.1:57182,OPEN,fill=FI,flush=-,to=38/30000}=>HttpConnection@1a765e2d[p=HttpParser{s=START,0 of -1},g=HttpGenerator@295d3154{s=START}]=>HttpChannelOverHttp@67f54af{s=HttpChannelState@62d006ad{s=IDLE rs=BLOCKING os=OPEN is=IDLE awp=false se=false i=true al=0},r=0,c=false/false,a=IDLE,uri=null,age=0}:runFillable:BLOCKING
04:29:53.933 [qtp399373008-56] DEBUG org.eclipse.jetty.util.thread.ReservedThreadExecutor - ReservedThreadExecutor@424fd310{reserved=1/8,pending=0} tryExecute EatWhatYouKill@b7838a9/SelectorProducer@696f0212/PRODUCING/p=false/QueuedThreadPool[qtp399373008]@17cdf2d0{STARTED,8<=8<=200,i=2,r=-1,q=0}[ReservedThreadExecutor@424fd310{reserved=1/8,pending=0}][pc=0,pic=0,pec=1,epc=1]@2024-05-02T04:29:53.933+01:00
04:29:53.933 [qtp399373008-56] DEBUG org.eclipse.jetty.util.thread.ReservedThreadExecutor - ReservedThreadExecutor@424fd310{reserved=0/8,pending=1} startReservedThread p=1
04:29:53.933 [qtp399373008-56] DEBUG org.eclipse.jetty.util.thread.QueuedThreadPool - queue ReservedThread@724c02dc{PENDING,thread=null} startThread=0
04:29:53.934 [qtp399373008-62] DEBUG org.eclipse.jetty.util.thread.QueuedThreadPool - run ReservedThread@724c02dc{PENDING,thread=null} in QueuedThreadPool[qtp399373008]@17cdf2d0{STARTED,8<=8<=200,i=1,r=-1,q=0}[ReservedThreadExecutor@424fd310{reserved=0/8,pending=1}]
04:29:53.934 [qtp399373008-61] DEBUG org.eclipse.jetty.util.thread.ReservedThreadExecutor - ReservedThread@77cb92b5{RESERVED,thread=Thread[qtp399373008-61,5,main]} task=EatWhatYouKill@b7838a9/SelectorProducer@696f0212/IDLE/p=true/QueuedThreadPool[qtp399373008]@17cdf2d0{STARTED,8<=8<=200,i=1,r=-1,q=0}[ReservedThreadExecutor@424fd310{reserved=0/8,pending=1}][pc=0,pic=0,pec=1,epc=1]@2024-05-02T04:29:53.934+01:00 ReservedThreadExecutor@424fd310{reserved=1/8,pending=0}
04:29:53.934 [qtp399373008-62] DEBUG org.eclipse.jetty.util.thread.ReservedThreadExecutor - ReservedThread@724c02dc{PENDING,thread=Thread[qtp399373008-62,5,main]} was=PENDING next=RESERVED size=0+1 capacity=8
04:29:53.934 [qtp399373008-62] DEBUG org.eclipse.jetty.util.thread.ReservedThreadExecutor - ReservedThread@724c02dc{RESERVED,thread=Thread[qtp399373008-62,5,main]} waiting ReservedThreadExecutor@424fd310{reserved=1/8,pending=0}
04:29:53.934 [qtp399373008-61] DEBUG org.eclipse.jetty.util.thread.strategy.EatWhatYouKill - EatWhatYouKill@b7838a9/SelectorProducer@696f0212/IDLE/p=true/QueuedThreadPool[qtp399373008]@17cdf2d0{STARTED,8<=8<=200,i=1,r=-1,q=0}[ReservedThreadExecutor@424fd310{reserved=1/8,pending=0}][pc=0,pic=0,pec=1,epc=1]@2024-05-02T04:29:53.934+01:00 tryProduce true
04:29:53.934 [qtp399373008-61] DEBUG org.eclipse.jetty.io.ManagedSelector - updateable 0
04:29:53.934 [qtp399373008-61] DEBUG org.eclipse.jetty.io.ManagedSelector - updates 0
04:29:53.934 [qtp399373008-56] DEBUG org.eclipse.jetty.util.thread.strategy.EatWhatYouKill - EatWhatYouKill@b7838a9/SelectorProducer@696f0212/IDLE/p=true/QueuedThreadPool[qtp399373008]@17cdf2d0{STARTED,8<=8<=200,i=1,r=-1,q=0}[ReservedThreadExecutor@424fd310{reserved=1/8,pending=0}][pc=0,pic=0,pec=1,epc=1]@2024-05-02T04:29:53.934+01:00 m=EXECUTE_PRODUCE_CONSUME t=CEP:SocketChannelEndPoint@4985b9d4{l=/127.0.0.1:33437,r=/127.0.0.1:57182,OPEN,fill=FI,flush=-,to=38/30000}{io=1/0,kio=1,kro=1}->SslConnection@4d73ce9{NEED_UNWRAP,eio=-1/-1,di=-1,fill=INTERESTED,flush=IDLE}~>DecryptedEndPoint@3733529d{l=/127.0.0.1:33437,r=/127.0.0.1:57182,OPEN,fill=FI,flush=-,to=39/30000}=>HttpConnection@1a765e2d[p=HttpParser{s=START,0 of -1},g=HttpGenerator@295d3154{s=START}]=>HttpChannelOverHttp@67f54af{s=HttpChannelState@62d006ad{s=IDLE rs=BLOCKING os=OPEN is=IDLE awp=false se=false i=true al=0},r=0,c=false/false,a=IDLE,uri=null,age=0}:runFillable:BLOCKING/BLOCKING
04:29:53.934 [qtp399373008-61] DEBUG org.eclipse.jetty.io.ChannelEndPoint - Key interests updated 1 -> 0 on SocketChannelEndPoint@4985b9d4{l=/127.0.0.1:33437,r=/127.0.0.1:57182,OPEN,fill=FI,flush=-,to=39/30000}{io=0/0,kio=0,kro=1}->SslConnection@4d73ce9{NEED_UNWRAP,eio=-1/-1,di=-1,fill=INTERESTED,flush=IDLE}~>DecryptedEndPoint@3733529d{l=/127.0.0.1:33437,r=/127.0.0.1:57182,OPEN,fill=FI,flush=-,to=39/30000}=>HttpConnection@1a765e2d[p=HttpParser{s=START,0 of -1},g=HttpGenerator@295d3154{s=START}]=>HttpChannelOverHttp@67f54af{s=HttpChannelState@62d006ad{s=IDLE rs=BLOCKING os=OPEN is=IDLE awp=false se=false i=true al=0},r=0,c=false/false,a=IDLE,uri=null,age=0}
04:29:53.934 [qtp399373008-61] DEBUG org.eclipse.jetty.io.ManagedSelector - Selector sun.nio.ch.EPollSelectorImpl@383171f8 waiting with 1 keys
04:29:53.934 [qtp399373008-56] DEBUG org.eclipse.jetty.io.FillInterest - fillable FillInterest@621e3101{SSLC.NBReadCB@4d73ce9{SslConnection@4d73ce9::SocketChannelEndPoint@4985b9d4{l=/127.0.0.1:33437,r=/127.0.0.1:57182,OPEN,fill=FI,flush=-,to=39/30000}{io=0/0,kio=0,kro=1}->SslConnection@4d73ce9{NEED_UNWRAP,eio=-1/-1,di=-1,fill=INTERESTED,flush=IDLE}~>DecryptedEndPoint@3733529d{l=/127.0.0.1:33437,r=/127.0.0.1:57182,OPEN,fill=FI,flush=-,to=39/30000}=>HttpConnection@1a765e2d[p=HttpParser{s=START,0 of -1},g=HttpGenerator@295d3154{s=START}]=>HttpChannelOverHttp@67f54af{s=HttpChannelState@62d006ad{s=IDLE rs=BLOCKING os=OPEN is=IDLE awp=false se=false i=true al=0},r=0,c=false/false,a=IDLE,uri=null,age=0}}}
04:29:53.934 [qtp399373008-56] DEBUG org.eclipse.jetty.io.ssl.SslConnection - >c.onFillable SslConnection@4d73ce9::SocketChannelEndPoint@4985b9d4{l=/127.0.0.1:33437,r=/127.0.0.1:57182,OPEN,fill=-,flush=-,to=39/30000}{io=0/0,kio=0,kro=1}->SslConnection@4d73ce9{NEED_UNWRAP,eio=-1/-1,di=-1,fill=INTERESTED,flush=IDLE}~>DecryptedEndPoint@3733529d{l=/127.0.0.1:33437,r=/127.0.0.1:57182,OPEN,fill=FI,flush=-,to=39/30000}=>HttpConnection@1a765e2d[p=HttpParser{s=START,0 of -1},g=HttpGenerator@295d3154{s=START}]=>HttpChannelOverHttp@67f54af{s=HttpChannelState@62d006ad{s=IDLE rs=BLOCKING os=OPEN is=IDLE awp=false se=false i=true al=0},r=0,c=false/false,a=IDLE,uri=null,age=0}
04:29:53.938 [qtp399373008-56] DEBUG org.eclipse.jetty.io.ssl.SslConnection - onFillable SslConnection@4d73ce9::SocketChannelEndPoint@4985b9d4{l=/127.0.0.1:33437,r=/127.0.0.1:57182,OPEN,fill=-,flush=-,to=39/30000}{io=0/0,kio=0,kro=1}->SslConnection@4d73ce9{NEED_UNWRAP,eio=-1/-1,di=-1,fill=INTERESTED,flush=IDLE}~>DecryptedEndPoint@3733529d{l=/127.0.0.1:33437,r=/127.0.0.1:57182,OPEN,fill=FI,flush=-,to=43/30000}=>HttpConnection@1a765e2d[p=HttpParser{s=START,0 of -1},g=HttpGenerator@295d3154{s=START}]=>HttpChannelOverHttp@67f54af{s=HttpChannelState@62d006ad{s=IDLE rs=BLOCKING os=OPEN is=IDLE awp=false se=false i=true al=0},r=0,c=false/false,a=IDLE,uri=null,age=0}
04:29:53.939 [qtp399373008-56] DEBUG org.eclipse.jetty.io.FillInterest - fillable FillInterest@1729564{AC.ReadCB@1a765e2d{HttpConnection@1a765e2d::DecryptedEndPoint@3733529d{l=/127.0.0.1:33437,r=/127.0.0.1:57182,OPEN,fill=FI,flush=-,to=44/30000}}}
04:29:53.939 [qtp399373008-56] DEBUG org.eclipse.jetty.server.HttpConnection - HttpConnection@1a765e2d::DecryptedEndPoint@3733529d{l=/127.0.0.1:33437,r=/127.0.0.1:57182,OPEN,fill=-,flush=-,to=44/30000} onFillable enter HttpChannelState@62d006ad{s=IDLE rs=BLOCKING os=OPEN is=IDLE awp=false se=false i=true al=0} null
04:29:53.939 [qtp399373008-56] DEBUG org.eclipse.jetty.io.ssl.SslConnection - >fill SslConnection@4d73ce9::SocketChannelEndPoint@4985b9d4{l=/127.0.0.1:33437,r=/127.0.0.1:57182,OPEN,fill=-,flush=-,to=43/30000}{io=0/0,kio=0,kro=1}->SslConnection@4d73ce9{NEED_UNWRAP,eio=-1/-1,di=-1,fill=IDLE,flush=IDLE}~>DecryptedEndPoint@3733529d{l=/127.0.0.1:33437,r=/127.0.0.1:57182,OPEN,fill=-,flush=-,to=44/30000}=>HttpConnection@1a765e2d[p=HttpParser{s=START,0 of -1},g=HttpGenerator@295d3154{s=START}]=>HttpChannelOverHttp@67f54af{s=HttpChannelState@62d006ad{s=IDLE rs=BLOCKING os=OPEN is=IDLE awp=false se=false i=true al=0},r=0,c=false/false,a=IDLE,uri=null,age=0}
04:29:53.939 [qtp399373008-56] DEBUG org.eclipse.jetty.io.ssl.SslConnection - fill NEED_UNWRAP
04:29:53.939 [qtp399373008-56] DEBUG org.eclipse.jetty.io.ChannelEndPoint - filled 1501 HeapByteBuffer@6e6899aa[p=0,l=1501,c=17408,r=1501]={<<<\x17\x03\x03\x03\xAdc\x87\xEe\xE5\x9f\xB0`\x1e\x9a\x08\xBf\xA7\x9f\x16\x13\xCcC"\xA1\x1e...v\x11z\xC4PN\xE2\x90\x01\x88\xDf\x86(\xD1\xFc\xB3\xEdSx`\x1a\xD54>>>\x00\x00\x00\x00\x00\x00\x00\x00\x00...\x00\x00\x00\x00\x00\x00\x00}
04:29:53.939 [qtp399373008-56] DEBUG org.eclipse.jetty.io.ssl.SslConnection - net filled=1501
04:29:53.939 [qtp399373008-56] DEBUG org.eclipse.jetty.io.ssl.SslConnection - unwrap net_filled=1501 Status = OK HandshakeStatus = NEED_TASK bytesConsumed = 946 bytesProduced = 0 encryptedBuffer=[p=946,l=1501,c=17408,r=555] unwrapBuffer=HeapByteBuffer@6a5710bf[p=0,l=0,c=17408,r=0]={<<<>>>\x14\x03\x03\x00\x01\x012[\xE3...\x00\x00\x00\x00\x00\x00\x00} appBuffer=HeapByteBuffer@6a5710bf[p=0,l=0,c=17408,r=0]={<<<>>>\x14\x03\x03\x00\x01\x012[\xE3...\x00\x00\x00\x00\x00\x00\x00}
04:29:53.939 [qtp399373008-56] DEBUG org.eclipse.jetty.io.ssl.SslConnection - fill NEED_TASK
04:29:53.939 [qtp399373008-56] DEBUG org.eclipse.jetty.io.ssl.SslConnection - fill NEED_UNWRAP
04:29:53.940 [qtp399373008-56] DEBUG org.eclipse.jetty.io.ChannelEndPoint - filled 0 HeapByteBuffer@6e6899aa[p=946,l=1501,c=17408,r=555]={\x17\x03\x03\x03\xAd\x0b\x00\x03\x88...\xE0D\xEf\xF4\x9c>\xD0<<<\x17\x03\x03\x01)27;j\xC7\x08\xFc\xE2\x12\xEf\xD4\x84\x0b \xD48R@\x97\xF9...v\x11z\xC4PN\xE2\x90\x01\x88\xDf\x86(\xD1\xFc\xB3\xEdSx`\x1a\xD54>>>\x00\x00\x00\x00\x00\x00\x00\x00\x00...\x00\x00\x00\x00\x00\x00\x00}
04:29:53.940 [qtp399373008-56] DEBUG org.eclipse.jetty.io.ssl.SslConnection - net filled=0
04:29:53.940 [qtp399373008-56] DEBUG org.eclipse.jetty.io.ssl.SslConnection - unwrap net_filled=0 Status = OK HandshakeStatus = NEED_TASK bytesConsumed = 302 bytesProduced = 0 encryptedBuffer=[p=1248,l=1501,c=17408,r=253] unwrapBuffer=HeapByteBuffer@6a5710bf[p=0,l=0,c=17408,r=0]={<<<>>>\x14\x03\x03\x00\x01\x012[\xE3...\x00\x00\x00\x00\x00\x00\x00} appBuffer=HeapByteBuffer@6a5710bf[p=0,l=0,c=17408,r=0]={<<<>>>\x14\x03\x03\x00\x01\x012[\xE3...\x00\x00\x00\x00\x00\x00\x00}
04:29:53.940 [qtp399373008-56] DEBUG org.eclipse.jetty.io.ssl.SslConnection - fill NEED_TASK
04:29:53.940 [qtp399373008-56] DEBUG org.eclipse.jetty.io.ssl.SslConnection - fill NEED_UNWRAP
04:29:53.940 [qtp399373008-56] DEBUG org.eclipse.jetty.io.ChannelEndPoint - filled 0 HeapByteBuffer@6e6899aa[p=1248,l=1501,c=17408,r=253]={\x17\x03\x03\x03\xAd\x0b\x00\x03\x88...[\x88\x13 \xF4v#<<<\x17\x03\x03\x00U\x90\xDc">\xE7\xF7\xAf\xD0.b/\xB7\xF8cN:u\x96\x9d\xC8...v\x11z\xC4PN\xE2\x90\x01\x88\xDf\x86(\xD1\xFc\xB3\xEdSx`\x1a\xD54>>>\x00\x00\x00\x00\x00\x00\x00\x00\x00...\x00\x00\x00\x00\x00\x00\x00}
04:29:53.940 [qtp399373008-56] DEBUG org.eclipse.jetty.io.ssl.SslConnection - net filled=0
04:29:53.941 [qtp399373008-56] DEBUG org.eclipse.jetty.io.ssl.SslConnection - unwrap net_filled=0 Status = OK HandshakeStatus = NEED_WRAP bytesConsumed = 90 bytesProduced = 0 encryptedBuffer=[p=1338,l=1501,c=17408,r=163] unwrapBuffer=HeapByteBuffer@6a5710bf[p=0,l=0,c=17408,r=0]={<<<>>>\x14\x03\x03\x00\x01\x012[\xE3...\x00\x00\x00\x00\x00\x00\x00} appBuffer=HeapByteBuffer@6a5710bf[p=0,l=0,c=17408,r=0]={<<<>>>\x14\x03\x03\x00\x01\x012[\xE3...\x00\x00\x00\x00\x00\x00\x00}
04:29:53.942 [qtp399373008-56] DEBUG org.eclipse.jetty.io.ssl.SslConnection - fill NEED_WRAP
04:29:53.942 [qtp399373008-56] DEBUG org.eclipse.jetty.io.ssl.SslConnection - >flush SslConnection@4d73ce9::SocketChannelEndPoint@4985b9d4{l=/127.0.0.1:33437,r=/127.0.0.1:57182,OPEN,fill=-,flush=-,to=2/30000}{io=0/0,kio=0,kro=1}->SslConnection@4d73ce9{NEED_WRAP,eio=163/-1,di=-1,fill=IDLE,flush=IDLE}~>DecryptedEndPoint@3733529d{l=/127.0.0.1:33437,r=/127.0.0.1:57182,OPEN,fill=-,flush=-,to=47/30000}=>HttpConnection@1a765e2d[p=HttpParser{s=START,0 of -1},g=HttpGenerator@295d3154{s=START}]=>HttpChannelOverHttp@67f54af{s=HttpChannelState@62d006ad{s=IDLE rs=BLOCKING os=OPEN is=IDLE awp=false se=false i=true al=0},r=0,c=false/false,a=IDLE,uri=null,age=0}
04:29:53.942 [qtp399373008-56] DEBUG org.eclipse.jetty.io.ssl.SslConnection - flush b[0]=HeapByteBuffer@29624c55[p=0,l=0,c=0,r=0]={<<<>>>}
04:29:53.942 [qtp399373008-56] DEBUG org.eclipse.jetty.io.ssl.SslConnection - flush NEED_WRAP
04:29:53.942 [qtp399373008-56] DEBUG org.eclipse.jetty.io.ssl.SslConnection - wrap Status = OK HandshakeStatus = FINISHED bytesConsumed = 0 bytesProduced = 88 [p=0,l=88,c=17408,r=88] ioDone=false/false
04:29:53.942 [qtp399373008-56] DEBUG org.eclipse.jetty.io.ChannelEndPoint - flushed 88 SocketChannelEndPoint@4985b9d4{l=/127.0.0.1:33437,r=/127.0.0.1:57182,OPEN,fill=-,flush=-,to=3/30000}{io=0/0,kio=0,kro=1}->SslConnection@4d73ce9{NOT_HANDSHAKING,eio=163/0,di=-1,fill=IDLE,flush=IDLE}~>DecryptedEndPoint@3733529d{l=/127.0.0.1:33437,r=/127.0.0.1:57182,OPEN,fill=-,flush=-,to=47/30000}=>HttpConnection@1a765e2d[p=HttpParser{s=START,0 of -1},g=HttpGenerator@295d3154{s=START}]=>HttpChannelOverHttp@67f54af{s=HttpChannelState@62d006ad{s=IDLE rs=BLOCKING os=OPEN is=IDLE awp=false se=false i=true al=0},r=0,c=false/false,a=IDLE,uri=null,age=0}
04:29:53.945 [qtp399373008-56] DEBUG org.eclipse.jetty.io.ssl.SslConnection - net flushed=true, ac=true
04:29:53.946 [qtp399373008-56] DEBUG org.eclipse.jetty.io.ssl.SslConnection - handshake succeeded SslConnection@4d73ce9::SocketChannelEndPoint@4985b9d4{l=/127.0.0.1:33437,r=/127.0.0.1:57182,OPEN,fill=-,flush=-,to=0/30000}{io=0/0,kio=0,kro=1}->SslConnection@4d73ce9{NOT_HANDSHAKING,eio=163/0,di=-1,fill=IDLE,flush=IDLE}~>DecryptedEndPoint@3733529d{l=/127.0.0.1:33437,r=/127.0.0.1:57182,OPEN,fill=-,flush=-,to=51/30000}=>HttpConnection@1a765e2d[p=HttpParser{s=START,0 of -1},g=HttpGenerator@295d3154{s=START}]=>HttpChannelOverHttp@67f54af{s=HttpChannelState@62d006ad{s=IDLE rs=BLOCKING os=OPEN is=IDLE awp=false se=false i=true al=0},r=0,c=false/false,a=IDLE,uri=null,age=0} resumed server TLSv1.3/TLS_AES_256_GCM_SHA384
04:29:53.946 [qtp399373008-56] DEBUG org.eclipse.jetty.io.ssl.SslConnection - <flush true SslConnection@4d73ce9::SocketChannelEndPoint@4985b9d4{l=/127.0.0.1:33437,r=/127.0.0.1:57182,OPEN,fill=-,flush=-,to=0/30000}{io=0/0,kio=0,kro=1}->SslConnection@4d73ce9{NOT_HANDSHAKING,eio=163/-1,di=-1,fill=IDLE,flush=IDLE}~>DecryptedEndPoint@3733529d{l=/127.0.0.1:33437,r=/127.0.0.1:57182,OPEN,fill=-,flush=-,to=51/30000}=>HttpConnection@1a765e2d[p=HttpParser{s=START,0 of -1},g=HttpGenerator@295d3154{s=START}]=>HttpChannelOverHttp@67f54af{s=HttpChannelState@62d006ad{s=IDLE rs=BLOCKING os=OPEN is=IDLE awp=false se=false i=true al=0},r=0,c=false/false,a=IDLE,uri=null,age=0}
04:29:53.946 [qtp399373008-56] DEBUG org.eclipse.jetty.io.ssl.SslConnection - fill NOT_HANDSHAKING
04:29:53.946 [qtp399373008-56] DEBUG org.eclipse.jetty.io.ChannelEndPoint - filled 0 HeapByteBuffer@6e6899aa[p=1338,l=1501,c=17408,r=163]={\x17\x03\x03\x03\xAd\x0b\x00\x03\x88...p\xE4\x8bX\xC5\x97\xB3<<<\x17\x03\x03\x00\x9ex\xEdt\xA5He\x1f\xC5Nu9,\xA0r\xCa\xAcaHH8...v\x11z\xC4PN\xE2\x90\x01\x88\xDf\x86(\xD1\xFc\xB3\xEdSx`\x1a\xD54>>>\x00\x00\x00\x00\x00\x00\x00\x00\x00...\x00\x00\x00\x00\x00\x00\x00}
04:29:53.946 [qtp399373008-56] DEBUG org.eclipse.jetty.io.ssl.SslConnection - net filled=0
04:29:53.946 [qtp399373008-56] DEBUG org.eclipse.jetty.io.ssl.SslConnection - unwrap net_filled=0 Status = OK HandshakeStatus = NOT_HANDSHAKING bytesConsumed = 163 bytesProduced = 125 encryptedBuffer=[p=1501,l=1501,c=17408,r=0] unwrapBuffer=HeapByteBuffer@6a5710bf[p=0,l=125,c=17408,r=125]={<<<GET /config.yml HTTP/1.1\r...gent: okhttp/3.12.3\r\n\r\n>>>\x8f\x90\xB2\xD4!\xE2M]\xB9...\x00\x00\x00\x00\x00\x00\x00} appBuffer=HeapByteBuffer@6a5710bf[p=0,l=125,c=17408,r=125]={<<<GET /config.yml HTTP/1.1\r...gent: okhttp/3.12.3\r\n\r\n>>>\x8f\x90\xB2\xD4!\xE2M]\xB9...\x00\x00\x00\x00\x00\x00\x00}
04:29:53.946 [qtp399373008-56] DEBUG org.eclipse.jetty.io.ssl.SslConnection - <fill f=125 uf=false SslConnection@4d73ce9::SocketChannelEndPoint@4985b9d4{l=/127.0.0.1:33437,r=/127.0.0.1:57182,OPEN,fill=-,flush=-,to=1/30000}{io=0/0,kio=0,kro=1}->SslConnection@4d73ce9{NOT_HANDSHAKING,eio=-1/-1,di=-1,fill=IDLE,flush=IDLE}~>DecryptedEndPoint@3733529d{l=/127.0.0.1:33437,r=/127.0.0.1:57182,OPEN,fill=-,flush=-,to=51/30000}=>HttpConnection@1a765e2d[p=HttpParser{s=START,0 of -1},g=HttpGenerator@295d3154{s=START}]=>HttpChannelOverHttp@67f54af{s=HttpChannelState@62d006ad{s=IDLE rs=BLOCKING os=OPEN is=IDLE awp=false se=false i=true al=0},r=0,c=false/false,a=IDLE,uri=null,age=0}
04:29:53.946 [qtp399373008-56] DEBUG org.eclipse.jetty.server.HttpConnection - HttpConnection@1a765e2d::DecryptedEndPoint@3733529d{l=/127.0.0.1:33437,r=/127.0.0.1:57182,OPEN,fill=-,flush=-,to=51/30000} filled 125 HeapByteBuffer@6a5710bf[p=0,l=125,c=17408,r=125]={<<<GET /config.yml HTTP/1.1\r...gent: okhttp/3.12.3\r\n\r\n>>>\x8f\x90\xB2\xD4!\xE2M]\xB9...\x00\x00\x00\x00\x00\x00\x00}
04:29:53.946 [qtp399373008-56] DEBUG org.eclipse.jetty.server.HttpConnection - HttpConnection@1a765e2d::DecryptedEndPoint@3733529d{l=/127.0.0.1:33437,r=/127.0.0.1:57182,OPEN,fill=-,flush=-,to=51/30000} parse HeapByteBuffer@6a5710bf[p=0,l=125,c=17408,r=125]={<<<GET /config.yml HTTP/1.1\r...gent: okhttp/3.12.3\r\n\r\n>>>\x8f\x90\xB2\xD4!\xE2M]\xB9...\x00\x00\x00\x00\x00\x00\x00} {}
04:29:53.946 [qtp399373008-56] DEBUG org.eclipse.jetty.http.HttpParser - parseNext s=START HeapByteBuffer@6a5710bf[p=0,l=125,c=17408,r=125]={<<<GET /config.yml HTTP/1.1\r...gent: okhttp/3.12.3\r\n\r\n>>>\x8f\x90\xB2\xD4!\xE2M]\xB9...\x00\x00\x00\x00\x00\x00\x00}
04:29:53.946 [qtp399373008-56] DEBUG org.eclipse.jetty.http.HttpParser - START --> SPACE1
04:29:53.946 [qtp399373008-56] DEBUG org.eclipse.jetty.http.HttpParser - SPACE1 --> URI
04:29:53.946 [qtp399373008-56] DEBUG org.eclipse.jetty.http.HttpParser - URI --> SPACE2
04:29:53.946 [qtp399373008-56] DEBUG org.eclipse.jetty.http.HttpParser - SPACE2 --> REQUEST_VERSION
04:29:53.946 [qtp399373008-56] DEBUG org.eclipse.jetty.http.HttpParser - REQUEST_VERSION --> HEADER
04:29:53.946 [qtp399373008-56] DEBUG org.eclipse.jetty.http.HttpParser - HEADER:Host --> VALUE
04:29:53.946 [qtp399373008-56] DEBUG org.eclipse.jetty.http.HttpParser - HEADER:Host --> IN_VALUE
04:29:53.946 [qtp399373008-56] DEBUG org.eclipse.jetty.http.HttpParser - HEADER:Host --> FIELD
04:29:53.947 [qtp399373008-56] DEBUG org.eclipse.jetty.http.HttpParser - HEADER:Connection: keep-alive --> IN_VALUE
04:29:53.947 [qtp399373008-56] DEBUG org.eclipse.jetty.http.HttpParser - HEADER:Connection: keep-alive --> FIELD
04:29:53.947 [qtp399373008-56] DEBUG org.eclipse.jetty.http.HttpParser - HEADER:Accept-Encoding: gzip --> IN_VALUE
04:29:53.947 [qtp399373008-56] DEBUG org.eclipse.jetty.http.HttpParser - HEADER:Accept-Encoding: gzip --> FIELD
04:29:53.947 [qtp399373008-56] DEBUG org.eclipse.jetty.http.HttpParser - HEADER:User-Agent --> VALUE
04:29:53.947 [qtp399373008-56] DEBUG org.eclipse.jetty.http.HttpParser - HEADER:User-Agent --> IN_VALUE
04:29:53.947 [qtp399373008-56] DEBUG org.eclipse.jetty.http.HttpParser - HEADER:User-Agent --> FIELD
04:29:53.947 [qtp399373008-56] DEBUG org.eclipse.jetty.http.HttpParser - HEADER --> CONTENT
04:29:53.947 [qtp399373008-56] DEBUG org.eclipse.jetty.server.HttpChannel - REQUEST for //localhost:33437/config.yml on HttpChannelOverHttp@67f54af{s=HttpChannelState@62d006ad{s=IDLE rs=BLOCKING os=OPEN is=IDLE awp=false se=false i=true al=0},r=1,c=false/false,a=IDLE,uri=//localhost:33437/config.yml,age=0}
GET //localhost:33437/config.yml HTTP/1.1
Host: localhost:33437
Connection: keep-alive
Accept-Encoding: gzip
User-Agent: okhttp/3.12.3


04:29:53.947 [qtp399373008-56] DEBUG org.eclipse.jetty.server.HttpConnection - HttpConnection@1a765e2d::DecryptedEndPoint@3733529d{l=/127.0.0.1:33437,r=/127.0.0.1:57182,OPEN,fill=-,flush=-,to=52/30000} parsed true HttpParser{s=CONTENT,0 of -1}
04:29:53.947 [qtp399373008-56] DEBUG org.eclipse.jetty.server.HttpConnection - releaseRequestBuffer HttpConnection@1a765e2d::DecryptedEndPoint@3733529d{l=/127.0.0.1:33437,r=/127.0.0.1:57182,OPEN,fill=-,flush=-,to=52/30000}
04:29:53.947 [qtp399373008-56] DEBUG org.eclipse.jetty.server.HttpChannel - handle //localhost:33437/config.yml HttpChannelOverHttp@67f54af{s=HttpChannelState@62d006ad{s=IDLE rs=BLOCKING os=OPEN is=IDLE awp=false se=false i=true al=0},r=1,c=false/false,a=IDLE,uri=//localhost:33437/config.yml,age=0} 
04:29:53.947 [qtp399373008-56] DEBUG org.eclipse.jetty.server.HttpChannelState - handling HttpChannelState@62d006ad{s=IDLE rs=BLOCKING os=OPEN is=IDLE awp=false se=false i=true al=0}
04:29:53.947 [qtp399373008-56] DEBUG org.eclipse.jetty.server.HttpChannel - action DISPATCH HttpChannelOverHttp@67f54af{s=HttpChannelState@62d006ad{s=HANDLING rs=BLOCKING os=OPEN is=IDLE awp=false se=false i=true al=0},r=1,c=false/false,a=HANDLING,uri=//localhost:33437/config.yml,age=0}
04:29:53.947 [qtp399373008-56] DEBUG org.eclipse.jetty.server.SecureRequestCustomizer - Host localhost with SNI null
04:29:53.947 [qtp399373008-56] DEBUG org.eclipse.jetty.server.Server - REQUEST GET /config.yml on HttpChannelOverHttp@67f54af{s=HttpChannelState@62d006ad{s=HANDLING rs=BLOCKING os=OPEN is=IDLE awp=false se=false i=true al=0},r=1,c=false/false,a=HANDLING,uri=https://localhost:33437/config.yml,age=0}
04:29:53.947 [qtp399373008-56] DEBUG org.eclipse.jetty.server.HttpOutput - write(array HeapByteBuffer@c418496[p=0,l=4,c=512,r=4]={<<<path>>>\x00\x00\x00\x00\x00\x00\x00\x00\x00...\x00\x00\x00\x00\x00\x00\x00})
04:29:53.947 [qtp399373008-56] DEBUG org.eclipse.jetty.server.HttpOutput - write(array) s=CLOSING,api=BLOCKED,sc=false,e=null last=true agg=false flush=true async=false, len=4 null
04:29:53.947 [qtp399373008-56] DEBUG org.eclipse.jetty.server.HttpChannel - sendResponse info=null content=HeapByteBuffer@57e375bb[p=0,l=4,c=512,r=4]={<<<path>>>\x00\x00\x00\x00\x00\x00\x00\x00\x00...\x00\x00\x00\x00\x00\x00\x00} complete=true committing=true callback=Blocker@5d990791{null}
04:29:53.947 [qtp399373008-56] DEBUG org.eclipse.jetty.server.HttpChannel - COMMIT for /config.yml on HttpChannelOverHttp@67f54af{s=HttpChannelState@62d006ad{s=HANDLING rs=BLOCKING os=COMMITTED is=IDLE awp=false se=false i=true al=0},r=1,c=false/false,a=HANDLING,uri=https://localhost:33437/config.yml,age=0}
200 null HTTP/1.1
Date: Thu, 02 May 2024 03:29:53 GMT
ETag: testEtag
Content-Type: text/plain;charset=utf-8
Content-Length: 4


04:29:53.948 [qtp399373008-56] DEBUG org.eclipse.jetty.server.HttpConnection - generate: NEED_HEADER for SendCallback@80af93[PROCESSING][i=HTTP/1.1{s=200,h=4,cl=4},cb=org.eclipse.jetty.server.HttpChannel$SendCallback@e5fe21] (null,[p=0,l=4,c=512,r=4],true)@START
04:29:53.948 [qtp399373008-56] DEBUG org.eclipse.jetty.http.HttpGenerator - generateHeaders HTTP/1.1{s=200,h=4,cl=4} last=true content=HeapByteBuffer@57e375bb[p=0,l=4,c=512,r=4]={<<<path>>>\x00\x00\x00\x00\x00\x00\x00\x00\x00...\x00\x00\x00\x00\x00\x00\x00}
04:29:53.948 [qtp399373008-56] DEBUG org.eclipse.jetty.http.HttpGenerator - Date: Thu, 02 May 2024 03:29:53 GMT
ETag: testEtag
Content-Type: text/plain;charset=utf-8
Content-Length: 4


04:29:53.948 [qtp399373008-56] DEBUG org.eclipse.jetty.http.HttpGenerator - CONTENT_LENGTH
04:29:53.948 [qtp399373008-56] DEBUG org.eclipse.jetty.server.HttpConnection - generate: FLUSH for SendCallback@80af93[PROCESSING][i=HTTP/1.1{s=200,h=4,cl=4},cb=org.eclipse.jetty.server.HttpChannel$SendCallback@e5fe21] ([p=0,l=164,c=8192,r=164],[p=0,l=4,c=512,r=4],true)@COMPLETING
04:29:53.948 [qtp399373008-56] DEBUG org.eclipse.jetty.io.WriteFlusher - write: WriteFlusher@59d73ea9{IDLE}->null [HeapByteBuffer@4ce71d2b[p=0,l=164,c=8192,r=164]={<<<HTTP/1.1 200 OK\r\nDate: Th...y(9.4.44.v20210927)\r\n\r\n>>>\x00\x00\x00\x00\x00\x00\x00\x00\x00...\x00\x00\x00\x00\x00\x00\x00},HeapByteBuffer@57e375bb[p=0,l=4,c=512,r=4]={<<<path>>>\x00\x00\x00\x00\x00\x00\x00\x00\x00...\x00\x00\x00\x00\x00\x00\x00}]
04:29:53.948 [qtp399373008-56] DEBUG org.eclipse.jetty.io.WriteFlusher - update WriteFlusher@59d73ea9{WRITING}->null:IDLE-->WRITING
04:29:53.948 [qtp399373008-56] DEBUG org.eclipse.jetty.io.ssl.SslConnection - >flush SslConnection@4d73ce9::SocketChannelEndPoint@4985b9d4{l=/127.0.0.1:33437,r=/127.0.0.1:57182,OPEN,fill=-,flush=-,to=2/30000}{io=0/0,kio=0,kro=1}->SslConnection@4d73ce9{NOT_HANDSHAKING,eio=-1/-1,di=-1,fill=IDLE,flush=IDLE}~>DecryptedEndPoint@3733529d{l=/127.0.0.1:33437,r=/127.0.0.1:57182,OPEN,fill=-,flush=W,to=53/30000}=>HttpConnection@1a765e2d[p=HttpParser{s=CONTENT,0 of -1},g=HttpGenerator@295d3154{s=COMPLETING}]=>HttpChannelOverHttp@67f54af{s=HttpChannelState@62d006ad{s=HANDLING rs=BLOCKING os=COMMITTED is=IDLE awp=false se=false i=true al=0},r=1,c=false/false,a=HANDLING,uri=https://localhost:33437/config.yml,age=1}
04:29:53.948 [qtp399373008-56] DEBUG org.eclipse.jetty.io.ssl.SslConnection - flush b[0]=HeapByteBuffer@4ce71d2b[p=0,l=164,c=8192,r=164]={<<<HTTP/1.1 200 OK\r\nDate: Th...y(9.4.44.v20210927)\r\n\r\n>>>\x00\x00\x00\x00\x00\x00\x00\x00\x00...\x00\x00\x00\x00\x00\x00\x00}
04:29:53.948 [qtp399373008-56] DEBUG org.eclipse.jetty.io.ssl.SslConnection - flush b[1]=HeapByteBuffer@57e375bb[p=0,l=4,c=512,r=4]={<<<path>>>\x00\x00\x00\x00\x00\x00\x00\x00\x00...\x00\x00\x00\x00\x00\x00\x00}
04:29:53.948 [qtp399373008-56] DEBUG org.eclipse.jetty.io.ssl.SslConnection - flush NOT_HANDSHAKING
04:29:53.948 [qtp399373008-56] DEBUG org.eclipse.jetty.io.ssl.SslConnection - wrap Status = OK HandshakeStatus = NOT_HANDSHAKING bytesConsumed = 168 bytesProduced = 206 [p=0,l=206,c=17408,r=206] ioDone=false/false
04:29:53.948 [qtp399373008-56] DEBUG org.eclipse.jetty.io.ChannelEndPoint - flushed 206 SocketChannelEndPoint@4985b9d4{l=/127.0.0.1:33437,r=/127.0.0.1:57182,OPEN,fill=-,flush=-,to=2/30000}{io=0/0,kio=0,kro=1}->SslConnection@4d73ce9{NOT_HANDSHAKING,eio=-1/0,di=-1,fill=IDLE,flush=IDLE}~>DecryptedEndPoint@3733529d{l=/127.0.0.1:33437,r=/127.0.0.1:57182,OPEN,fill=-,flush=W,to=53/30000}=>HttpConnection@1a765e2d[p=HttpParser{s=CONTENT,0 of -1},g=HttpGenerator@295d3154{s=COMPLETING}]=>HttpChannelOverHttp@67f54af{s=HttpChannelState@62d006ad{s=HANDLING rs=BLOCKING os=COMMITTED is=IDLE awp=false se=false i=true al=0},r=1,c=false/false,a=HANDLING,uri=https://localhost:33437/config.yml,age=1}
04:29:53.948 [qtp399373008-56] DEBUG org.eclipse.jetty.io.ssl.SslConnection - net flushed=true, ac=true
04:29:53.948 [qtp399373008-56] DEBUG org.eclipse.jetty.io.ssl.SslConnection - <flush true SslConnection@4d73ce9::SocketChannelEndPoint@4985b9d4{l=/127.0.0.1:33437,r=/127.0.0.1:57182,OPEN,fill=-,flush=-,to=0/30000}{io=0/0,kio=0,kro=1}->SslConnection@4d73ce9{NOT_HANDSHAKING,eio=-1/-1,di=-1,fill=IDLE,flush=IDLE}~>DecryptedEndPoint@3733529d{l=/127.0.0.1:33437,r=/127.0.0.1:57182,OPEN,fill=-,flush=W,to=53/30000}=>HttpConnection@1a765e2d[p=HttpParser{s=CONTENT,0 of -1},g=HttpGenerator@295d3154{s=COMPLETING}]=>HttpChannelOverHttp@67f54af{s=HttpChannelState@62d006ad{s=HANDLING rs=BLOCKING os=COMMITTED is=IDLE awp=false se=false i=true al=0},r=1,c=false/false,a=HANDLING,uri=https://localhost:33437/config.yml,age=1}
04:29:53.948 [qtp399373008-56] DEBUG org.eclipse.jetty.io.WriteFlusher - Flushed=true written=168 remaining=0 WriteFlusher@59d73ea9{WRITING}->null
04:29:53.948 [qtp399373008-56] DEBUG org.eclipse.jetty.io.WriteFlusher - update WriteFlusher@59d73ea9{IDLE}->null:WRITING-->IDLE
04:29:53.948 [qtp399373008-56] DEBUG org.eclipse.jetty.server.HttpConnection - generate: DONE for SendCallback@80af93[PROCESSING][i=HTTP/1.1{s=200,h=4,cl=4},cb=org.eclipse.jetty.server.HttpChannel$SendCallback@e5fe21] ([p=164,l=164,c=8192,r=0],[p=4,l=4,c=512,r=0],true)@END
04:29:53.948 [qtp399373008-56] DEBUG org.eclipse.jetty.server.HttpOutput - onWriteComplete(true,null) s=CLOSING,api=BLOCKED,sc=false,e=null->s=CLOSED,api=BLOCKING,sc=false,e=null c=null cb=null w=false
04:29:53.948 [qtp399373008-56] DEBUG org.eclipse.jetty.server.HttpOutput - close() s=CLOSED,api=BLOCKING,sc=false,e=null c=null b=null
04:29:53.948 [qtp399373008-56] DEBUG org.eclipse.jetty.server.Server - handled=true async=false committed=true on HttpChannelOverHttp@67f54af{s=HttpChannelState@62d006ad{s=HANDLING rs=BLOCKING os=COMPLETED is=IDLE awp=false se=false i=true al=0},r=1,c=false/true,a=HANDLING,uri=https://localhost:33437/config.yml,age=1}
04:29:53.948 [qtp399373008-56] DEBUG org.eclipse.jetty.server.HttpChannelState - unhandle HttpChannelState@62d006ad{s=HANDLING rs=BLOCKING os=COMPLETED is=IDLE awp=false se=false i=true al=0}
04:29:53.948 [qtp399373008-56] DEBUG org.eclipse.jetty.server.HttpChannelState - nextAction(false) COMPLETE HttpChannelState@62d006ad{s=HANDLING rs=COMPLETING os=COMPLETED is=IDLE awp=false se=false i=false al=0}
04:29:53.948 [qtp399373008-56] DEBUG org.eclipse.jetty.server.HttpChannel - action COMPLETE HttpChannelOverHttp@67f54af{s=HttpChannelState@62d006ad{s=HANDLING rs=COMPLETING os=COMPLETED is=IDLE awp=false se=false i=false al=0},r=1,c=false/true,a=HANDLING,uri=https://localhost:33437/config.yml,age=1}
04:29:53.948 [qtp399373008-56] DEBUG org.eclipse.jetty.server.HttpOutput - complete(org.eclipse.jetty.util.Callback$3@5c2eee37) s=CLOSED,api=BLOCKING,sc=false,e=null s=true e=null, c=null
04:29:53.948 [qtp399373008-56] DEBUG org.eclipse.jetty.server.HttpChannelState - completed HttpChannelState@62d006ad{s=HANDLING rs=COMPLETING os=COMPLETED is=IDLE awp=false se=false i=false al=0}
04:29:53.948 [main] DEBUG org.apache.nifi.minifi.bootstrap.configuration.ingestors.PullHttpChangeIngestor - Response received: Response{protocol=http/1.1, code=200, message=OK, url=https://localhost:33437/config.yml}
04:29:53.948 [qtp399373008-56] DEBUG org.eclipse.jetty.server.HttpChannelState - unhandle HttpChannelState@62d006ad{s=HANDLING rs=COMPLETED os=COMPLETED is=IDLE awp=false se=false i=false al=0}
04:29:53.948 [qtp399373008-56] DEBUG org.eclipse.jetty.server.HttpChannelState - nextAction(false) TERMINATED HttpChannelState@62d006ad{s=IDLE rs=COMPLETED os=COMPLETED is=IDLE awp=false se=false i=false al=0}
04:29:53.948 [qtp399373008-56] DEBUG org.eclipse.jetty.server.HttpChannel - action TERMINATED HttpChannelOverHttp@67f54af{s=HttpChannelState@62d006ad{s=IDLE rs=COMPLETED os=COMPLETED is=IDLE awp=false se=false i=false al=0},r=1,c=true/true,a=IDLE,uri=https://localhost:33437/config.yml,age=1}
04:29:53.948 [qtp399373008-56] DEBUG org.eclipse.jetty.server.HttpChannel - onCompleted for /config.yml written=4
04:29:53.949 [main] DEBUG org.apache.nifi.minifi.bootstrap.configuration.ingestors.PullHttpChangeIngestor - New change received, notifying listener
04:29:53.949 [qtp399373008-56] DEBUG org.eclipse.jetty.io.ssl.SslConnection - >fill SslConnection@4d73ce9::SocketChannelEndPoint@4985b9d4{l=/127.0.0.1:33437,r=/127.0.0.1:57182,OPEN,fill=-,flush=-,to=0/30000}{io=0/0,kio=0,kro=1}->SslConnection@4d73ce9{NOT_HANDSHAKING,eio=-1/-1,di=-1,fill=IDLE,flush=IDLE}~>DecryptedEndPoint@3733529d{l=/127.0.0.1:33437,r=/127.0.0.1:57182,OPEN,fill=-,flush=-,to=54/30000}=>HttpConnection@1a765e2d[p=HttpParser{s=CONTENT,0 of -1},g=HttpGenerator@295d3154{s=END}]=>HttpChannelOverHttp@67f54af{s=HttpChannelState@62d006ad{s=IDLE rs=COMPLETED os=COMPLETED is=IDLE awp=false se=false i=false al=0},r=1,c=true/true,a=IDLE,uri=https://localhost:33437/config.yml,age=2}
04:29:53.949 [qtp399373008-56] DEBUG org.eclipse.jetty.io.ssl.SslConnection - fill NOT_HANDSHAKING
04:29:53.949 [main] DEBUG org.apache.nifi.minifi.bootstrap.configuration.ingestors.PullHttpChangeIngestor - Listeners notified
04:29:53.949 [qtp399373008-56] DEBUG org.eclipse.jetty.io.ChannelEndPoint - filled 0 HeapByteBuffer@6a5710bf[p=0,l=0,c=17408,r=0]={<<<>>>GET /conf...\x00\x00\x00\x00\x00\x00\x00}
04:29:53.949 [qtp399373008-56] DEBUG org.eclipse.jetty.io.ssl.SslConnection - net filled=0
04:29:53.949 [qtp399373008-56] DEBUG org.eclipse.jetty.io.ssl.SslConnection - unwrap net_filled=0 Status = BUFFER_UNDERFLOW HandshakeStatus = NOT_HANDSHAKING bytesConsumed = 0 bytesProduced = 0 encryptedBuffer=[p=0,l=0,c=17408,r=0] unwrapBuffer=HeapByteBuffer@6e6899aa[p=0,l=0,c=17408,r=0]={<<<>>>\x17\x03\x03\x03\xAd\x0b\x00\x03\x88...\x00\x00\x00\x00\x00\x00\x00} appBuffer=HeapByteBuffer@6e6899aa[p=0,l=0,c=17408,r=0]={<<<>>>\x17\x03\x03\x03\xAd\x0b\x00\x03\x88...\x00\x00\x00\x00\x00\x00\x00}
04:29:53.949 [qtp399373008-56] DEBUG org.eclipse.jetty.io.ssl.SslConnection - <fill f=0 uf=true SslConnection@4d73ce9::SocketChannelEndPoint@4985b9d4{l=/127.0.0.1:33437,r=/127.0.0.1:57182,OPEN,fill=-,flush=-,to=0/30000}{io=0/0,kio=0,kro=1}->SslConnection@4d73ce9{NOT_HANDSHAKING,eio=-1/-1,di=-1,fill=IDLE,flush=IDLE}~>DecryptedEndPoint@3733529d{l=/127.0.0.1:33437,r=/127.0.0.1:57182,OPEN,fill=-,flush=-,to=54/30000}=>HttpConnection@1a765e2d[p=HttpParser{s=CONTENT,0 of -1},g=HttpGenerator@295d3154{s=END}]=>HttpChannelOverHttp@67f54af{s=HttpChannelState@62d006ad{s=IDLE rs=COMPLETED os=COMPLETED is=IDLE awp=false se=false i=false al=0},r=1,c=true/true,a=IDLE,uri=https://localhost:33437/config.yml,age=2}
04:29:53.949 [qtp399373008-56] DEBUG org.eclipse.jetty.io.ssl.SslConnection - >fill SslConnection@4d73ce9::SocketChannelEndPoint@4985b9d4{l=/127.0.0.1:33437,r=/127.0.0.1:57182,OPEN,fill=-,flush=-,to=0/30000}{io=0/0,kio=0,kro=1}->SslConnection@4d73ce9{NOT_HANDSHAKING,eio=-1/-1,di=-1,fill=IDLE,flush=IDLE}~>DecryptedEndPoint@3733529d{l=/127.0.0.1:33437,r=/127.0.0.1:57182,OPEN,fill=-,flush=-,to=54/30000}=>HttpConnection@1a765e2d[p=HttpParser{s=CONTENT,0 of -1},g=HttpGenerator@295d3154{s=END}]=>HttpChannelOverHttp@67f54af{s=HttpChannelState@62d006ad{s=IDLE rs=COMPLETED os=COMPLETED is=IDLE awp=false se=false i=false al=0},r=1,c=true/true,a=IDLE,uri=https://localhost:33437/config.yml,age=2}
04:29:53.949 [qtp399373008-56] DEBUG org.eclipse.jetty.io.ssl.SslConnection - fill NOT_HANDSHAKING
04:29:53.949 [qtp399373008-56] DEBUG org.eclipse.jetty.io.ChannelEndPoint - filled 0 HeapByteBuffer@60af7bcf[p=0,l=0,c=17408,r=0]={<<<>>>\x17\x03\x03\x00\xC9P\xEbpd...\x00\x00\x00\x00\x00\x00\x00}
04:29:53.949 [qtp399373008-56] DEBUG org.eclipse.jetty.io.ssl.SslConnection - net filled=0
]]></system-out>
  </testcase>
  <testcase name="testUseEtag" classname="org.apache.nifi.minifi.bootstrap.configuration.ingestors.PullHttpChangeIngestorSSLTest" time="0.069">
    <system-out><![CDATA[04:29:53.949 [qtp399373008-56] DEBUG org.eclipse.jetty.io.ssl.SslConnection - unwrap net_filled=0 Status = BUFFER_UNDERFLOW HandshakeStatus = NOT_HANDSHAKING bytesConsumed = 0 bytesProduced = 0 encryptedBuffer=[p=0,l=0,c=17408,r=0] unwrapBuffer=HeapByteBuffer@6e6899aa[p=0,l=0,c=17408,r=0]={<<<>>>\x17\x03\x03\x03\xAd\x0b\x00\x03\x88...\x00\x00\x00\x00\x00\x00\x00} appBuffer=HeapByteBuffer@6e6899aa[p=0,l=0,c=17408,r=0]={<<<>>>\x17\x03\x03\x03\xAd\x0b\x00\x03\x88...\x00\x00\x00\x00\x00\x00\x00}
04:29:53.949 [qtp399373008-56] DEBUG org.eclipse.jetty.io.ssl.SslConnection - <fill f=0 uf=true SslConnection@4d73ce9::SocketChannelEndPoint@4985b9d4{l=/127.0.0.1:33437,r=/127.0.0.1:57182,OPEN,fill=-,flush=-,to=0/30000}{io=0/0,kio=0,kro=1}->SslConnection@4d73ce9{NOT_HANDSHAKING,eio=-1/-1,di=-1,fill=IDLE,flush=IDLE}~>DecryptedEndPoint@3733529d{l=/127.0.0.1:33437,r=/127.0.0.1:57182,OPEN,fill=-,flush=-,to=54/30000}=>HttpConnection@1a765e2d[p=HttpParser{s=CONTENT,0 of -1},g=HttpGenerator@295d3154{s=END}]=>HttpChannelOverHttp@67f54af{s=HttpChannelState@62d006ad{s=IDLE rs=COMPLETED os=COMPLETED is=IDLE awp=false se=false i=false al=0},r=1,c=true/true,a=IDLE,uri=https://localhost:33437/config.yml,age=2}
04:29:53.949 [qtp399373008-56] DEBUG org.eclipse.jetty.server.HttpConnection - HttpConnection@1a765e2d::DecryptedEndPoint@3733529d{l=/127.0.0.1:33437,r=/127.0.0.1:57182,OPEN,fill=-,flush=-,to=54/30000} filled 0 HeapByteBuffer@6e6899aa[p=0,l=0,c=17408,r=0]={<<<>>>\x17\x03\x03\x03\xAd\x0b\x00\x03\x88...\x00\x00\x00\x00\x00\x00\x00}
04:29:53.949 [qtp399373008-56] DEBUG org.eclipse.jetty.server.HttpConnection - HttpConnection@1a765e2d::DecryptedEndPoint@3733529d{l=/127.0.0.1:33437,r=/127.0.0.1:57182,OPEN,fill=-,flush=-,to=54/30000} parse HeapByteBuffer@6e6899aa[p=0,l=0,c=17408,r=0]={<<<>>>\x17\x03\x03\x03\xAd\x0b\x00\x03\x88...\x00\x00\x00\x00\x00\x00\x00} {}
04:29:53.949 [qtp399373008-56] DEBUG org.eclipse.jetty.http.HttpParser - parseNext s=CONTENT HeapByteBuffer@6e6899aa[p=0,l=0,c=17408,r=0]={<<<>>>\x17\x03\x03\x03\xAd\x0b\x00\x03\x88...\x00\x00\x00\x00\x00\x00\x00}
04:29:53.949 [qtp399373008-56] DEBUG org.eclipse.jetty.http.HttpParser - CONTENT --> CONTENT_END
04:29:53.949 [qtp399373008-56] DEBUG org.eclipse.jetty.server.HttpChannel - onContentComplete HttpChannelOverHttp@67f54af{s=HttpChannelState@62d006ad{s=IDLE rs=COMPLETED os=COMPLETED is=IDLE awp=false se=false i=false al=0},r=1,c=true/true,a=IDLE,uri=https://localhost:33437/config.yml,age=2}
04:29:53.949 [qtp399373008-56] DEBUG org.eclipse.jetty.http.HttpParser - CONTENT_END --> END
04:29:53.949 [qtp399373008-56] DEBUG org.eclipse.jetty.server.HttpChannel - onRequestComplete HttpChannelOverHttp@67f54af{s=HttpChannelState@62d006ad{s=IDLE rs=COMPLETED os=COMPLETED is=IDLE awp=false se=false i=false al=0},r=1,c=true/true,a=IDLE,uri=https://localhost:33437/config.yml,age=2}
04:29:53.949 [qtp399373008-56] DEBUG org.eclipse.jetty.server.HttpInput - HttpInputOverHTTP@73151765[c=0,q=0,[0]=null,s=STREAM] addContent EOF
04:29:53.949 [qtp399373008-56] DEBUG org.eclipse.jetty.server.HttpConnection - HttpConnection@1a765e2d::DecryptedEndPoint@3733529d{l=/127.0.0.1:33437,r=/127.0.0.1:57182,OPEN,fill=-,flush=-,to=54/30000} parsed false HttpParser{s=END,0 of -1}
04:29:53.949 [qtp399373008-56] DEBUG org.eclipse.jetty.server.HttpConnection - releaseRequestBuffer HttpConnection@1a765e2d::DecryptedEndPoint@3733529d{l=/127.0.0.1:33437,r=/127.0.0.1:57182,OPEN,fill=-,flush=-,to=55/30000}
04:29:53.950 [qtp399373008-56] DEBUG org.eclipse.jetty.server.HttpChannelState - recycle HttpChannelState@62d006ad{s=IDLE rs=COMPLETED os=COMPLETED is=IDLE awp=false se=false i=false al=0}
04:29:53.950 [qtp399373008-56] DEBUG org.eclipse.jetty.http.HttpParser - reset HttpParser{s=END,0 of -1}
04:29:53.950 [qtp399373008-56] DEBUG org.eclipse.jetty.http.HttpParser - END --> START
04:29:53.950 [qtp399373008-56] DEBUG org.eclipse.jetty.server.HttpChannel - !handle TERMINATED HttpChannelOverHttp@67f54af{s=HttpChannelState@62d006ad{s=IDLE rs=BLOCKING os=OPEN is=IDLE awp=false se=false i=true al=0},r=1,c=false/false,a=IDLE,uri=null,age=0}
04:29:53.950 [qtp399373008-56] DEBUG org.eclipse.jetty.io.ssl.SslConnection - >fill SslConnection@4d73ce9::SocketChannelEndPoint@4985b9d4{l=/127.0.0.1:33437,r=/127.0.0.1:57182,OPEN,fill=-,flush=-,to=1/30000}{io=0/0,kio=0,kro=1}->SslConnection@4d73ce9{NOT_HANDSHAKING,eio=-1/-1,di=-1,fill=IDLE,flush=IDLE}~>DecryptedEndPoint@3733529d{l=/127.0.0.1:33437,r=/127.0.0.1:57182,OPEN,fill=-,flush=-,to=55/30000}=>HttpConnection@1a765e2d[p=HttpParser{s=START,0 of -1},g=HttpGenerator@295d3154{s=START}]=>HttpChannelOverHttp@67f54af{s=HttpChannelState@62d006ad{s=IDLE rs=BLOCKING os=OPEN is=IDLE awp=false se=false i=true al=0},r=1,c=false/false,a=IDLE,uri=null,age=0}
04:29:53.950 [qtp399373008-56] DEBUG org.eclipse.jetty.io.ssl.SslConnection - fill NOT_HANDSHAKING
04:29:53.950 [qtp399373008-56] DEBUG org.eclipse.jetty.io.ChannelEndPoint - filled 0 HeapByteBuffer@60af7bcf[p=0,l=0,c=17408,r=0]={<<<>>>\x17\x03\x03\x00\xC9P\xEbpd...\x00\x00\x00\x00\x00\x00\x00}
04:29:53.950 [qtp399373008-56] DEBUG org.eclipse.jetty.io.ssl.SslConnection - net filled=0
04:29:53.950 [qtp399373008-56] DEBUG org.eclipse.jetty.io.ssl.SslConnection - unwrap net_filled=0 Status = BUFFER_UNDERFLOW HandshakeStatus = NOT_HANDSHAKING bytesConsumed = 0 bytesProduced = 0 encryptedBuffer=[p=0,l=0,c=17408,r=0] unwrapBuffer=HeapByteBuffer@6a5710bf[p=0,l=0,c=17408,r=0]={<<<>>>GET /conf...\x00\x00\x00\x00\x00\x00\x00} appBuffer=HeapByteBuffer@6a5710bf[p=0,l=0,c=17408,r=0]={<<<>>>GET /conf...\x00\x00\x00\x00\x00\x00\x00}
04:29:53.950 [qtp399373008-56] DEBUG org.eclipse.jetty.io.ssl.SslConnection - <fill f=0 uf=true SslConnection@4d73ce9::SocketChannelEndPoint@4985b9d4{l=/127.0.0.1:33437,r=/127.0.0.1:57182,OPEN,fill=-,flush=-,to=1/30000}{io=0/0,kio=0,kro=1}->SslConnection@4d73ce9{NOT_HANDSHAKING,eio=-1/-1,di=-1,fill=IDLE,flush=IDLE}~>DecryptedEndPoint@3733529d{l=/127.0.0.1:33437,r=/127.0.0.1:57182,OPEN,fill=-,flush=-,to=55/30000}=>HttpConnection@1a765e2d[p=HttpParser{s=START,0 of -1},g=HttpGenerator@295d3154{s=START}]=>HttpChannelOverHttp@67f54af{s=HttpChannelState@62d006ad{s=IDLE rs=BLOCKING os=OPEN is=IDLE awp=false se=false i=true al=0},r=1,c=false/false,a=IDLE,uri=null,age=0}
04:29:53.950 [qtp399373008-56] DEBUG org.eclipse.jetty.io.ssl.SslConnection - >fill SslConnection@4d73ce9::SocketChannelEndPoint@4985b9d4{l=/127.0.0.1:33437,r=/127.0.0.1:57182,OPEN,fill=-,flush=-,to=1/30000}{io=0/0,kio=0,kro=1}->SslConnection@4d73ce9{NOT_HANDSHAKING,eio=-1/-1,di=-1,fill=IDLE,flush=IDLE}~>DecryptedEndPoint@3733529d{l=/127.0.0.1:33437,r=/127.0.0.1:57182,OPEN,fill=-,flush=-,to=55/30000}=>HttpConnection@1a765e2d[p=HttpParser{s=START,0 of -1},g=HttpGenerator@295d3154{s=START}]=>HttpChannelOverHttp@67f54af{s=HttpChannelState@62d006ad{s=IDLE rs=BLOCKING os=OPEN is=IDLE awp=false se=false i=true al=0},r=1,c=false/false,a=IDLE,uri=null,age=0}
04:29:53.950 [qtp399373008-56] DEBUG org.eclipse.jetty.io.ssl.SslConnection - fill NOT_HANDSHAKING
04:29:53.950 [qtp399373008-56] DEBUG org.eclipse.jetty.io.ChannelEndPoint - filled 0 HeapByteBuffer@6e6899aa[p=0,l=0,c=17408,r=0]={<<<>>>\x17\x03\x03\x03\xAd\x0b\x00\x03\x88...\x00\x00\x00\x00\x00\x00\x00}
04:29:53.950 [qtp399373008-56] DEBUG org.eclipse.jetty.io.ssl.SslConnection - net filled=0
04:29:53.950 [qtp399373008-56] DEBUG org.eclipse.jetty.io.ssl.SslConnection - unwrap net_filled=0 Status = BUFFER_UNDERFLOW HandshakeStatus = NOT_HANDSHAKING bytesConsumed = 0 bytesProduced = 0 encryptedBuffer=[p=0,l=0,c=17408,r=0] unwrapBuffer=HeapByteBuffer@6a5710bf[p=0,l=0,c=17408,r=0]={<<<>>>GET /conf...\x00\x00\x00\x00\x00\x00\x00} appBuffer=HeapByteBuffer@6a5710bf[p=0,l=0,c=17408,r=0]={<<<>>>GET /conf...\x00\x00\x00\x00\x00\x00\x00}
04:29:53.950 [qtp399373008-56] DEBUG org.eclipse.jetty.io.ssl.SslConnection - <fill f=0 uf=true SslConnection@4d73ce9::SocketChannelEndPoint@4985b9d4{l=/127.0.0.1:33437,r=/127.0.0.1:57182,OPEN,fill=-,flush=-,to=2/30000}{io=0/0,kio=0,kro=1}->SslConnection@4d73ce9{NOT_HANDSHAKING,eio=-1/-1,di=-1,fill=IDLE,flush=IDLE}~>DecryptedEndPoint@3733529d{l=/127.0.0.1:33437,r=/127.0.0.1:57182,OPEN,fill=-,flush=-,to=55/30000}=>HttpConnection@1a765e2d[p=HttpParser{s=START,0 of -1},g=HttpGenerator@295d3154{s=START}]=>HttpChannelOverHttp@67f54af{s=HttpChannelState@62d006ad{s=IDLE rs=BLOCKING os=OPEN is=IDLE awp=false se=false i=true al=0},r=1,c=false/false,a=IDLE,uri=null,age=0}
04:29:53.950 [qtp399373008-56] DEBUG org.eclipse.jetty.server.HttpConnection - HttpConnection@1a765e2d::DecryptedEndPoint@3733529d{l=/127.0.0.1:33437,r=/127.0.0.1:57182,OPEN,fill=-,flush=-,to=55/30000} filled 0 HeapByteBuffer@6a5710bf[p=0,l=0,c=17408,r=0]={<<<>>>GET /conf...\x00\x00\x00\x00\x00\x00\x00}
04:29:53.950 [qtp399373008-56] DEBUG org.eclipse.jetty.server.HttpConnection - HttpConnection@1a765e2d::DecryptedEndPoint@3733529d{l=/127.0.0.1:33437,r=/127.0.0.1:57182,OPEN,fill=-,flush=-,to=55/30000} parse HeapByteBuffer@6a5710bf[p=0,l=0,c=17408,r=0]={<<<>>>GET /conf...\x00\x00\x00\x00\x00\x00\x00} {}
04:29:53.950 [qtp399373008-56] DEBUG org.eclipse.jetty.http.HttpParser - parseNext s=START HeapByteBuffer@6a5710bf[p=0,l=0,c=17408,r=0]={<<<>>>GET /conf...\x00\x00\x00\x00\x00\x00\x00}
04:29:53.950 [main] DEBUG org.apache.nifi.minifi.bootstrap.configuration.ingestors.PullHttpChangeIngestor - Attempting to pull new config
04:29:53.950 [qtp399373008-56] DEBUG org.eclipse.jetty.server.HttpConnection - HttpConnection@1a765e2d::DecryptedEndPoint@3733529d{l=/127.0.0.1:33437,r=/127.0.0.1:57182,OPEN,fill=-,flush=-,to=55/30000} parsed false HttpParser{s=START,0 of -1}
04:29:53.950 [qtp399373008-56] DEBUG org.eclipse.jetty.server.HttpConnection - releaseRequestBuffer HttpConnection@1a765e2d::DecryptedEndPoint@3733529d{l=/127.0.0.1:33437,r=/127.0.0.1:57182,OPEN,fill=-,flush=-,to=56/30000}
04:29:53.950 [qtp399373008-56] DEBUG org.eclipse.jetty.io.AbstractConnection - fillInterested HttpConnection@1a765e2d::DecryptedEndPoint@3733529d{l=/127.0.0.1:33437,r=/127.0.0.1:57182,OPEN,fill=-,flush=-,to=56/30000}
04:29:53.951 [qtp399373008-56] DEBUG org.eclipse.jetty.io.FillInterest - interested FillInterest@1729564{AC.ReadCB@1a765e2d{HttpConnection@1a765e2d::DecryptedEndPoint@3733529d{l=/127.0.0.1:33437,r=/127.0.0.1:57182,OPEN,fill=FI,flush=-,to=0/30000}}}
04:29:53.951 [qtp399373008-56] DEBUG org.eclipse.jetty.io.ssl.SslConnection - >needFillInterest s=IDLE/IDLE uf=true ei=null di=null SslConnection@4d73ce9::SocketChannelEndPoint@4985b9d4{l=/127.0.0.1:33437,r=/127.0.0.1:57182,OPEN,fill=-,flush=-,to=2/30000}{io=0/0,kio=0,kro=1}->SslConnection@4d73ce9{NOT_HANDSHAKING,eio=-1/-1,di=-1,fill=IDLE,flush=IDLE}~>DecryptedEndPoint@3733529d{l=/127.0.0.1:33437,r=/127.0.0.1:57182,OPEN,fill=FI,flush=-,to=0/30000}=>HttpConnection@1a765e2d[p=HttpParser{s=START,0 of -1},g=HttpGenerator@295d3154{s=START}]=>HttpChannelOverHttp@67f54af{s=HttpChannelState@62d006ad{s=IDLE rs=BLOCKING os=OPEN is=IDLE awp=false se=false i=true al=0},r=1,c=false/false,a=IDLE,uri=null,age=0}
04:29:53.951 [qtp399373008-56] DEBUG org.eclipse.jetty.io.ssl.SslConnection - <needFillInterest s=IDLE/INTERESTED f=false i=true w=null
04:29:53.951 [qtp399373008-56] DEBUG org.eclipse.jetty.io.ssl.SslConnection - ensureFillInterested SslConnection@4d73ce9::SocketChannelEndPoint@4985b9d4{l=/127.0.0.1:33437,r=/127.0.0.1:57182,OPEN,fill=-,flush=-,to=2/30000}{io=0/0,kio=0,kro=1}->SslConnection@4d73ce9{NOT_HANDSHAKING,eio=-1/-1,di=-1,fill=INTERESTED,flush=IDLE}~>DecryptedEndPoint@3733529d{l=/127.0.0.1:33437,r=/127.0.0.1:57182,OPEN,fill=FI,flush=-,to=0/30000}=>HttpConnection@1a765e2d[p=HttpParser{s=START,0 of -1},g=HttpGenerator@295d3154{s=START}]=>HttpChannelOverHttp@67f54af{s=HttpChannelState@62d006ad{s=IDLE rs=BLOCKING os=OPEN is=IDLE awp=false se=false i=true al=0},r=1,c=false/false,a=IDLE,uri=null,age=0}
04:29:53.951 [qtp399373008-56] DEBUG org.eclipse.jetty.io.FillInterest - interested FillInterest@621e3101{SSLC.NBReadCB@4d73ce9{SslConnection@4d73ce9::SocketChannelEndPoint@4985b9d4{l=/127.0.0.1:33437,r=/127.0.0.1:57182,OPEN,fill=FI,flush=-,to=0/30000}{io=0/0,kio=0,kro=1}->SslConnection@4d73ce9{NOT_HANDSHAKING,eio=-1/-1,di=-1,fill=INTERESTED,flush=IDLE}~>DecryptedEndPoint@3733529d{l=/127.0.0.1:33437,r=/127.0.0.1:57182,OPEN,fill=FI,flush=-,to=0/30000}=>HttpConnection@1a765e2d[p=HttpParser{s=START,0 of -1},g=HttpGenerator@295d3154{s=START}]=>HttpChannelOverHttp@67f54af{s=HttpChannelState@62d006ad{s=IDLE rs=BLOCKING os=OPEN is=IDLE awp=false se=false i=true al=0},r=1,c=false/false,a=IDLE,uri=null,age=0}}}
04:29:53.951 [qtp399373008-60-acceptor-0@53dacd14-ServerConnector@2374d36a{SSL, (ssl, http/1.1)}{localhost:33437}] DEBUG org.eclipse.jetty.io.ManagedSelector - Queued change lazy=false Accept@7b6723b[java.nio.channels.SocketChannel[connected local=/127.0.0.1:33437 remote=/127.0.0.1:57192]] on ManagedSelector@47a86fbb{STARTED} id=2 keys=0 selected=0 updates=0
04:29:53.951 [qtp399373008-60-acceptor-0@53dacd14-ServerConnector@2374d36a{SSL, (ssl, http/1.1)}{localhost:33437}] DEBUG org.eclipse.jetty.io.ManagedSelector - Wakeup on submit ManagedSelector@47a86fbb{STARTED} id=2 keys=0 selected=0 updates=1
04:29:53.951 [qtp399373008-56] DEBUG org.eclipse.jetty.io.ChannelEndPoint - changeInterests p=false 0->1 for SocketChannelEndPoint@4985b9d4{l=/127.0.0.1:33437,r=/127.0.0.1:57182,OPEN,fill=FI,flush=-,to=0/30000}{io=0/1,kio=0,kro=1}->SslConnection@4d73ce9{NOT_HANDSHAKING,eio=-1/-1,di=-1,fill=INTERESTED,flush=IDLE}~>DecryptedEndPoint@3733529d{l=/127.0.0.1:33437,r=/127.0.0.1:57182,OPEN,fill=FI,flush=-,to=0/30000}=>HttpConnection@1a765e2d[p=HttpParser{s=START,0 of -1},g=HttpGenerator@295d3154{s=START}]=>HttpChannelOverHttp@67f54af{s=HttpChannelState@62d006ad{s=IDLE rs=BLOCKING os=OPEN is=IDLE awp=false se=false i=true al=0},r=1,c=false/false,a=IDLE,uri=null,age=0}
04:29:53.951 [qtp399373008-56] DEBUG org.eclipse.jetty.io.ManagedSelector - Queued change lazy=false org.eclipse.jetty.io.ChannelEndPoint$$Lambda$255/1126011505@5f1379df on ManagedSelector@5733f295{STARTED} id=1 keys=1 selected=0 updates=0
04:29:53.951 [qtp399373008-58] DEBUG org.eclipse.jetty.io.ManagedSelector - Selector sun.nio.ch.EPollSelectorImpl@79e51817 woken with none selected
04:29:53.951 [qtp399373008-58] DEBUG org.eclipse.jetty.io.ManagedSelector - Selector sun.nio.ch.EPollSelectorImpl@79e51817 woken up from select, 0/0/0 selected
04:29:53.951 [qtp399373008-56] DEBUG org.eclipse.jetty.io.ManagedSelector - Wakeup on submit ManagedSelector@5733f295{STARTED} id=1 keys=1 selected=0 updates=1
04:29:53.951 [qtp399373008-58] DEBUG org.eclipse.jetty.io.ManagedSelector - Selector sun.nio.ch.EPollSelectorImpl@79e51817 processing 0 keys, 1 updates
04:29:53.951 [qtp399373008-58] DEBUG org.eclipse.jetty.io.ManagedSelector - updateable 1
04:29:53.951 [qtp399373008-61] DEBUG org.eclipse.jetty.io.ManagedSelector - Selector sun.nio.ch.EPollSelectorImpl@383171f8 woken with none selected
04:29:53.951 [qtp399373008-56] DEBUG org.eclipse.jetty.server.HttpConnection - HttpConnection@1a765e2d::DecryptedEndPoint@3733529d{l=/127.0.0.1:33437,r=/127.0.0.1:57182,OPEN,fill=FI,flush=-,to=0/30000} onFillable exit HttpChannelState@62d006ad{s=IDLE rs=BLOCKING os=OPEN is=IDLE awp=false se=false i=true al=0} null
04:29:53.951 [qtp399373008-61] DEBUG org.eclipse.jetty.io.ManagedSelector - Selector sun.nio.ch.EPollSelectorImpl@383171f8 woken up from select, 0/0/1 selected
04:29:53.952 [qtp399373008-58] DEBUG org.eclipse.jetty.io.ManagedSelector - update Accept@7b6723b[java.nio.channels.SocketChannel[connected local=/127.0.0.1:33437 remote=/127.0.0.1:57192]]
04:29:53.952 [qtp399373008-61] DEBUG org.eclipse.jetty.io.ManagedSelector - Selector sun.nio.ch.EPollSelectorImpl@383171f8 processing 0 keys, 1 updates
04:29:53.952 [qtp399373008-61] DEBUG org.eclipse.jetty.io.ManagedSelector - updateable 1
04:29:53.952 [qtp399373008-56] DEBUG org.eclipse.jetty.io.ssl.SslConnection - <c.onFillable SslConnection@4d73ce9::SocketChannelEndPoint@4985b9d4{l=/127.0.0.1:33437,r=/127.0.0.1:57182,OPEN,fill=FI,flush=-,to=0/30000}{io=0/1,kio=0,kro=1}->SslConnection@4d73ce9{NOT_HANDSHAKING,eio=-1/-1,di=-1,fill=INTERESTED,flush=IDLE}~>DecryptedEndPoint@3733529d{l=/127.0.0.1:33437,r=/127.0.0.1:57182,OPEN,fill=FI,flush=-,to=1/30000}=>HttpConnection@1a765e2d[p=HttpParser{s=START,0 of -1},g=HttpGenerator@295d3154{s=START}]=>HttpChannelOverHttp@67f54af{s=HttpChannelState@62d006ad{s=IDLE rs=BLOCKING os=OPEN is=IDLE awp=false se=false i=true al=0},r=1,c=false/false,a=IDLE,uri=null,age=0}
04:29:53.952 [qtp399373008-61] DEBUG org.eclipse.jetty.io.ManagedSelector - update org.eclipse.jetty.io.ChannelEndPoint$$Lambda$255/1126011505@5f1379df
04:29:53.952 [qtp399373008-56] DEBUG org.eclipse.jetty.util.thread.ReservedThreadExecutor - ReservedThread@32c91a88{RUNNING,thread=Thread[qtp399373008-56,5,main]} was=RUNNING next=RESERVED size=0+2 capacity=8
04:29:53.952 [qtp399373008-58] DEBUG org.eclipse.jetty.util.thread.QueuedThreadPool - queue Accept@7b6723b[java.nio.channels.SocketChannel[connected local=/127.0.0.1:33437 remote=/127.0.0.1:57192]] startThread=0
04:29:53.952 [qtp399373008-56] DEBUG org.eclipse.jetty.util.thread.ReservedThreadExecutor - ReservedThread@32c91a88{RESERVED,thread=Thread[qtp399373008-56,5,main]} waiting ReservedThreadExecutor@424fd310{reserved=2/8,pending=0}
04:29:53.952 [qtp399373008-58] DEBUG org.eclipse.jetty.io.ManagedSelector - updates 0
04:29:53.952 [qtp399373008-58] DEBUG org.eclipse.jetty.io.ManagedSelector - Selector sun.nio.ch.EPollSelectorImpl@79e51817 waiting with 1 keys
04:29:53.952 [qtp399373008-57] DEBUG org.eclipse.jetty.util.thread.QueuedThreadPool - run Accept@7b6723b[java.nio.channels.SocketChannel[connected local=/127.0.0.1:33437 remote=/127.0.0.1:57192]] in QueuedThreadPool[qtp399373008]@17cdf2d0{STARTED,8<=8<=200,i=0,r=-1,q=0}[ReservedThreadExecutor@424fd310{reserved=2/8,pending=0}]
04:29:53.952 [qtp399373008-61] DEBUG org.eclipse.jetty.io.ChannelEndPoint - Key interests updated 0 -> 1 on SocketChannelEndPoint@4985b9d4{l=/127.0.0.1:33437,r=/127.0.0.1:57182,OPEN,fill=FI,flush=-,to=0/30000}{io=1/1,kio=1,kro=1}->SslConnection@4d73ce9{NOT_HANDSHAKING,eio=-1/-1,di=-1,fill=INTERESTED,flush=IDLE}~>DecryptedEndPoint@3733529d{l=/127.0.0.1:33437,r=/127.0.0.1:57182,OPEN,fill=FI,flush=-,to=1/30000}=>HttpConnection@1a765e2d[p=HttpParser{s=START,0 of -1},g=HttpGenerator@295d3154{s=START}]=>HttpChannelOverHttp@67f54af{s=HttpChannelState@62d006ad{s=IDLE rs=BLOCKING os=OPEN is=IDLE awp=false se=false i=true al=0},r=1,c=false/false,a=IDLE,uri=null,age=0}
04:29:53.952 [qtp399373008-61] DEBUG org.eclipse.jetty.io.ManagedSelector - updates 0
04:29:53.952 [qtp399373008-61] DEBUG org.eclipse.jetty.io.ManagedSelector - Selector sun.nio.ch.EPollSelectorImpl@383171f8 waiting with 1 keys
04:29:53.952 [qtp399373008-57] DEBUG org.eclipse.jetty.io.IdleTimeout - SocketChannelEndPoint@44469305{l=/127.0.0.1:33437,r=/127.0.0.1:57192,OPEN,fill=-,flush=-,to=0/30000}{io=0/0,kio=0,kro=0}-><null> idle timeout check, elapsed: 0 ms, remaining: 30000 ms
04:29:53.952 [qtp399373008-57] DEBUG org.eclipse.jetty.util.ssl.SslContextFactory - Customize sun.security.ssl.SSLEngineImpl@46f641eb
04:29:53.952 [qtp399373008-57] DEBUG org.eclipse.jetty.server.HttpChannel - new HttpChannelOverHttp@3c911ee7{s=HttpChannelState@17e46dfa{s=IDLE rs=BLOCKING os=OPEN is=IDLE awp=false se=false i=true al=0},r=0,c=false/false,a=IDLE,uri=null,age=0} -> DecryptedEndPoint@674a1ab8{l=/127.0.0.1:33437,r=/127.0.0.1:57192,OPEN,fill=-,flush=-,to=0/30000},null,HttpChannelState@17e46dfa{s=IDLE rs=BLOCKING os=OPEN is=IDLE awp=false se=false i=true al=0}
04:29:53.952 [qtp399373008-57] DEBUG org.eclipse.jetty.server.HttpConnection - New HTTP Connection HttpConnection@13c7e6a3::DecryptedEndPoint@674a1ab8{l=/127.0.0.1:33437,r=/127.0.0.1:57192,OPEN,fill=-,flush=-,to=0/30000}
04:29:53.952 [qtp399373008-57] DEBUG org.eclipse.jetty.io.ManagedSelector - Queued change lazy=true org.eclipse.jetty.io.ManagedSelector$$Lambda$258/854397033@2795b41a on ManagedSelector@47a86fbb{STARTED} id=2 keys=1 selected=0 updates=0
04:29:53.952 [qtp399373008-57] DEBUG org.eclipse.jetty.io.AbstractEndPoint - onOpen SocketChannelEndPoint@44469305{l=/127.0.0.1:33437,r=/127.0.0.1:57192,OPEN,fill=-,flush=-,to=0/30000}{io=0/0,kio=0,kro=0}->SslConnection@13aa96af{NOT_HANDSHAKING,eio=-1/-1,di=-1,fill=IDLE,flush=IDLE}~>DecryptedEndPoint@674a1ab8{l=/127.0.0.1:33437,r=/127.0.0.1:57192,OPEN,fill=-,flush=-,to=0/30000}=>HttpConnection@13c7e6a3[p=HttpParser{s=START,0 of -1},g=HttpGenerator@2482d1b8{s=START}]=>HttpChannelOverHttp@3c911ee7{s=HttpChannelState@17e46dfa{s=IDLE rs=BLOCKING os=OPEN is=IDLE awp=false se=false i=true al=0},r=0,c=false/false,a=IDLE,uri=null,age=0}
04:29:53.952 [qtp399373008-57] DEBUG org.eclipse.jetty.io.AbstractConnection - onOpen SslConnection@13aa96af::SocketChannelEndPoint@44469305{l=/127.0.0.1:33437,r=/127.0.0.1:57192,OPEN,fill=-,flush=-,to=0/30000}{io=0/0,kio=0,kro=0}->SslConnection@13aa96af{NOT_HANDSHAKING,eio=-1/-1,di=-1,fill=IDLE,flush=IDLE}~>DecryptedEndPoint@674a1ab8{l=/127.0.0.1:33437,r=/127.0.0.1:57192,OPEN,fill=-,flush=-,to=0/30000}=>HttpConnection@13c7e6a3[p=HttpParser{s=START,0 of -1},g=HttpGenerator@2482d1b8{s=START}]=>HttpChannelOverHttp@3c911ee7{s=HttpChannelState@17e46dfa{s=IDLE rs=BLOCKING os=OPEN is=IDLE awp=false se=false i=true al=0},r=0,c=false/false,a=IDLE,uri=null,age=0}
04:29:53.952 [qtp399373008-57] DEBUG org.eclipse.jetty.io.AbstractConnection - onOpen HttpConnection@13c7e6a3::DecryptedEndPoint@674a1ab8{l=/127.0.0.1:33437,r=/127.0.0.1:57192,OPEN,fill=-,flush=-,to=0/30000}
04:29:53.952 [qtp399373008-57] DEBUG org.eclipse.jetty.io.AbstractConnection - fillInterested HttpConnection@13c7e6a3::DecryptedEndPoint@674a1ab8{l=/127.0.0.1:33437,r=/127.0.0.1:57192,OPEN,fill=-,flush=-,to=0/30000}
04:29:53.952 [qtp399373008-57] DEBUG org.eclipse.jetty.io.FillInterest - interested FillInterest@8dcc975{AC.ReadCB@13c7e6a3{HttpConnection@13c7e6a3::DecryptedEndPoint@674a1ab8{l=/127.0.0.1:33437,r=/127.0.0.1:57192,OPEN,fill=FI,flush=-,to=0/30000}}}
04:29:53.953 [qtp399373008-57] DEBUG org.eclipse.jetty.io.ssl.SslConnection - >needFillInterest s=IDLE/IDLE uf=false ei=null di=null SslConnection@13aa96af::SocketChannelEndPoint@44469305{l=/127.0.0.1:33437,r=/127.0.0.1:57192,OPEN,fill=-,flush=-,to=0/30000}{io=0/0,kio=0,kro=0}->SslConnection@13aa96af{NOT_HANDSHAKING,eio=-1/-1,di=-1,fill=IDLE,flush=IDLE}~>DecryptedEndPoint@674a1ab8{l=/127.0.0.1:33437,r=/127.0.0.1:57192,OPEN,fill=FI,flush=-,to=0/30000}=>HttpConnection@13c7e6a3[p=HttpParser{s=START,0 of -1},g=HttpGenerator@2482d1b8{s=START}]=>HttpChannelOverHttp@3c911ee7{s=HttpChannelState@17e46dfa{s=IDLE rs=BLOCKING os=OPEN is=IDLE awp=false se=false i=true al=0},r=0,c=false/false,a=IDLE,uri=null,age=0}
04:29:53.953 [qtp399373008-57] DEBUG org.eclipse.jetty.io.ssl.SslConnection - <needFillInterest s=IDLE/INTERESTED f=false i=true w=null
04:29:53.953 [qtp399373008-57] DEBUG org.eclipse.jetty.io.ssl.SslConnection - ensureFillInterested SslConnection@13aa96af::SocketChannelEndPoint@44469305{l=/127.0.0.1:33437,r=/127.0.0.1:57192,OPEN,fill=-,flush=-,to=0/30000}{io=0/0,kio=0,kro=0}->SslConnection@13aa96af{NOT_HANDSHAKING,eio=-1/-1,di=-1,fill=INTERESTED,flush=IDLE}~>DecryptedEndPoint@674a1ab8{l=/127.0.0.1:33437,r=/127.0.0.1:57192,OPEN,fill=FI,flush=-,to=0/30000}=>HttpConnection@13c7e6a3[p=HttpParser{s=START,0 of -1},g=HttpGenerator@2482d1b8{s=START}]=>HttpChannelOverHttp@3c911ee7{s=HttpChannelState@17e46dfa{s=IDLE rs=BLOCKING os=OPEN is=IDLE awp=false se=false i=true al=0},r=0,c=false/false,a=IDLE,uri=null,age=0}
04:29:53.953 [qtp399373008-57] DEBUG org.eclipse.jetty.io.FillInterest - interested FillInterest@2e39910{SSLC.NBReadCB@13aa96af{SslConnection@13aa96af::SocketChannelEndPoint@44469305{l=/127.0.0.1:33437,r=/127.0.0.1:57192,OPEN,fill=FI,flush=-,to=0/30000}{io=0/0,kio=0,kro=0}->SslConnection@13aa96af{NOT_HANDSHAKING,eio=-1/-1,di=-1,fill=INTERESTED,flush=IDLE}~>DecryptedEndPoint@674a1ab8{l=/127.0.0.1:33437,r=/127.0.0.1:57192,OPEN,fill=FI,flush=-,to=0/30000}=>HttpConnection@13c7e6a3[p=HttpParser{s=START,0 of -1},g=HttpGenerator@2482d1b8{s=START}]=>HttpChannelOverHttp@3c911ee7{s=HttpChannelState@17e46dfa{s=IDLE rs=BLOCKING os=OPEN is=IDLE awp=false se=false i=true al=0},r=0,c=false/false,a=IDLE,uri=null,age=0}}}
04:29:53.953 [qtp399373008-57] DEBUG org.eclipse.jetty.io.ChannelEndPoint - changeInterests p=false 0->1 for SocketChannelEndPoint@44469305{l=/127.0.0.1:33437,r=/127.0.0.1:57192,OPEN,fill=FI,flush=-,to=0/30000}{io=0/1,kio=0,kro=0}->SslConnection@13aa96af{NOT_HANDSHAKING,eio=-1/-1,di=-1,fill=INTERESTED,flush=IDLE}~>DecryptedEndPoint@674a1ab8{l=/127.0.0.1:33437,r=/127.0.0.1:57192,OPEN,fill=FI,flush=-,to=0/30000}=>HttpConnection@13c7e6a3[p=HttpParser{s=START,0 of -1},g=HttpGenerator@2482d1b8{s=START}]=>HttpChannelOverHttp@3c911ee7{s=HttpChannelState@17e46dfa{s=IDLE rs=BLOCKING os=OPEN is=IDLE awp=false se=false i=true al=0},r=0,c=false/false,a=IDLE,uri=null,age=0}
04:29:53.953 [qtp399373008-57] DEBUG org.eclipse.jetty.io.ManagedSelector - Queued change lazy=false org.eclipse.jetty.io.ChannelEndPoint$$Lambda$255/1126011505@45bb680d on ManagedSelector@47a86fbb{STARTED} id=2 keys=1 selected=0 updates=1
04:29:53.953 [qtp399373008-57] DEBUG org.eclipse.jetty.io.ManagedSelector - Wakeup on submit ManagedSelector@47a86fbb{STARTED} id=2 keys=1 selected=0 updates=2
04:29:53.953 [qtp399373008-58] DEBUG org.eclipse.jetty.io.ManagedSelector - Selector sun.nio.ch.EPollSelectorImpl@79e51817 woken with none selected
04:29:53.953 [qtp399373008-58] DEBUG org.eclipse.jetty.io.ManagedSelector - Selector sun.nio.ch.EPollSelectorImpl@79e51817 woken up from select, 0/0/1 selected
04:29:53.953 [qtp399373008-57] DEBUG org.eclipse.jetty.io.ManagedSelector - Created SocketChannelEndPoint@44469305{l=/127.0.0.1:33437,r=/127.0.0.1:57192,OPEN,fill=FI,flush=-,to=0/30000}{io=0/1,kio=0,kro=0}->SslConnection@13aa96af{NOT_HANDSHAKING,eio=-1/-1,di=-1,fill=INTERESTED,flush=IDLE}~>DecryptedEndPoint@674a1ab8{l=/127.0.0.1:33437,r=/127.0.0.1:57192,OPEN,fill=FI,flush=-,to=0/30000}=>HttpConnection@13c7e6a3[p=HttpParser{s=START,0 of -1},g=HttpGenerator@2482d1b8{s=START}]=>HttpChannelOverHttp@3c911ee7{s=HttpChannelState@17e46dfa{s=IDLE rs=BLOCKING os=OPEN is=IDLE awp=false se=false i=true al=0},r=0,c=false/false,a=IDLE,uri=null,age=0}
04:29:53.953 [qtp399373008-58] DEBUG org.eclipse.jetty.io.ManagedSelector - Selector sun.nio.ch.EPollSelectorImpl@79e51817 processing 0 keys, 2 updates
04:29:53.953 [qtp399373008-58] DEBUG org.eclipse.jetty.io.ManagedSelector - updateable 2
04:29:53.953 [qtp399373008-57] DEBUG org.eclipse.jetty.util.thread.QueuedThreadPool - ran Accept@7b6723b[java.nio.channels.SocketChannel[connected local=/127.0.0.1:33437 remote=/127.0.0.1:57192]] in QueuedThreadPool[qtp399373008]@17cdf2d0{STARTED,8<=8<=200,i=0,r=-1,q=0}[ReservedThreadExecutor@424fd310{reserved=2/8,pending=0}]
04:29:53.953 [qtp399373008-58] DEBUG org.eclipse.jetty.io.ManagedSelector - update org.eclipse.jetty.io.ManagedSelector$$Lambda$258/854397033@2795b41a
04:29:53.953 [qtp399373008-58] DEBUG org.eclipse.jetty.io.ManagedSelector - update org.eclipse.jetty.io.ChannelEndPoint$$Lambda$255/1126011505@45bb680d
04:29:53.953 [qtp399373008-58] DEBUG org.eclipse.jetty.io.ChannelEndPoint - Key interests updated 0 -> 1 on SocketChannelEndPoint@44469305{l=/127.0.0.1:33437,r=/127.0.0.1:57192,OPEN,fill=FI,flush=-,to=0/30000}{io=1/1,kio=1,kro=0}->SslConnection@13aa96af{NOT_HANDSHAKING,eio=-1/-1,di=-1,fill=INTERESTED,flush=IDLE}~>DecryptedEndPoint@674a1ab8{l=/127.0.0.1:33437,r=/127.0.0.1:57192,OPEN,fill=FI,flush=-,to=0/30000}=>HttpConnection@13c7e6a3[p=HttpParser{s=START,0 of -1},g=HttpGenerator@2482d1b8{s=START}]=>HttpChannelOverHttp@3c911ee7{s=HttpChannelState@17e46dfa{s=IDLE rs=BLOCKING os=OPEN is=IDLE awp=false se=false i=true al=0},r=0,c=false/false,a=IDLE,uri=null,age=0}
04:29:53.953 [qtp399373008-58] DEBUG org.eclipse.jetty.io.ManagedSelector - updates 0
04:29:53.953 [qtp399373008-58] DEBUG org.eclipse.jetty.io.ManagedSelector - Selector sun.nio.ch.EPollSelectorImpl@79e51817 waiting with 1 keys
04:29:53.954 [qtp399373008-58] DEBUG org.eclipse.jetty.io.ManagedSelector - Selector sun.nio.ch.EPollSelectorImpl@79e51817 woken up from select, 1/1/1 selected
04:29:53.954 [qtp399373008-58] DEBUG org.eclipse.jetty.io.ManagedSelector - Selector sun.nio.ch.EPollSelectorImpl@79e51817 processing 1 keys, 0 updates
04:29:53.954 [qtp399373008-58] DEBUG org.eclipse.jetty.io.ManagedSelector - selected 1 sun.nio.ch.SelectionKeyImpl@7722e95b SocketChannelEndPoint@44469305{l=/127.0.0.1:33437,r=/127.0.0.1:57192,OPEN,fill=FI,flush=-,to=1/30000}{io=1/1,kio=1,kro=1}->SslConnection@13aa96af{NOT_HANDSHAKING,eio=-1/-1,di=-1,fill=INTERESTED,flush=IDLE}~>DecryptedEndPoint@674a1ab8{l=/127.0.0.1:33437,r=/127.0.0.1:57192,OPEN,fill=FI,flush=-,to=1/30000}=>HttpConnection@13c7e6a3[p=HttpParser{s=START,0 of -1},g=HttpGenerator@2482d1b8{s=START}]=>HttpChannelOverHttp@3c911ee7{s=HttpChannelState@17e46dfa{s=IDLE rs=BLOCKING os=OPEN is=IDLE awp=false se=false i=true al=0},r=0,c=false/false,a=IDLE,uri=null,age=0} 
04:29:53.954 [qtp399373008-58] DEBUG org.eclipse.jetty.io.ChannelEndPoint - onSelected 1->0 r=true w=false for SocketChannelEndPoint@44469305{l=/127.0.0.1:33437,r=/127.0.0.1:57192,OPEN,fill=FI,flush=-,to=1/30000}{io=1/0,kio=1,kro=1}->SslConnection@13aa96af{NOT_HANDSHAKING,eio=-1/-1,di=-1,fill=INTERESTED,flush=IDLE}~>DecryptedEndPoint@674a1ab8{l=/127.0.0.1:33437,r=/127.0.0.1:57192,OPEN,fill=FI,flush=-,to=1/30000}=>HttpConnection@13c7e6a3[p=HttpParser{s=START,0 of -1},g=HttpGenerator@2482d1b8{s=START}]=>HttpChannelOverHttp@3c911ee7{s=HttpChannelState@17e46dfa{s=IDLE rs=BLOCKING os=OPEN is=IDLE awp=false se=false i=true al=0},r=0,c=false/false,a=IDLE,uri=null,age=0}
04:29:53.954 [qtp399373008-58] DEBUG org.eclipse.jetty.io.ChannelEndPoint - task CEP:SocketChannelEndPoint@44469305{l=/127.0.0.1:33437,r=/127.0.0.1:57192,OPEN,fill=FI,flush=-,to=1/30000}{io=1/0,kio=1,kro=1}->SslConnection@13aa96af{NOT_HANDSHAKING,eio=-1/-1,di=-1,fill=INTERESTED,flush=IDLE}~>DecryptedEndPoint@674a1ab8{l=/127.0.0.1:33437,r=/127.0.0.1:57192,OPEN,fill=FI,flush=-,to=1/30000}=>HttpConnection@13c7e6a3[p=HttpParser{s=START,0 of -1},g=HttpGenerator@2482d1b8{s=START}]=>HttpChannelOverHttp@3c911ee7{s=HttpChannelState@17e46dfa{s=IDLE rs=BLOCKING os=OPEN is=IDLE awp=false se=false i=true al=0},r=0,c=false/false,a=IDLE,uri=null,age=0}:runFillable:BLOCKING
04:29:53.954 [qtp399373008-58] DEBUG org.eclipse.jetty.util.thread.ReservedThreadExecutor - ReservedThreadExecutor@424fd310{reserved=2/8,pending=0} tryExecute EatWhatYouKill@1c3146bc/SelectorProducer@56c698e3/PRODUCING/p=false/QueuedThreadPool[qtp399373008]@17cdf2d0{STARTED,8<=8<=200,i=1,r=-1,q=0}[ReservedThreadExecutor@424fd310{reserved=2/8,pending=0}][pc=0,pic=0,pec=0,epc=0]@2024-05-02T04:29:53.954+01:00
04:29:53.954 [qtp399373008-58] DEBUG org.eclipse.jetty.util.thread.strategy.EatWhatYouKill - EatWhatYouKill@1c3146bc/SelectorProducer@56c698e3/IDLE/p=true/QueuedThreadPool[qtp399373008]@17cdf2d0{STARTED,8<=8<=200,i=1,r=-1,q=0}[ReservedThreadExecutor@424fd310{reserved=1/8,pending=0}][pc=0,pic=0,pec=0,epc=0]@2024-05-02T04:29:53.954+01:00 m=EXECUTE_PRODUCE_CONSUME t=CEP:SocketChannelEndPoint@44469305{l=/127.0.0.1:33437,r=/127.0.0.1:57192,OPEN,fill=FI,flush=-,to=1/30000}{io=1/0,kio=1,kro=1}->SslConnection@13aa96af{NOT_HANDSHAKING,eio=-1/-1,di=-1,fill=INTERESTED,flush=IDLE}~>DecryptedEndPoint@674a1ab8{l=/127.0.0.1:33437,r=/127.0.0.1:57192,OPEN,fill=FI,flush=-,to=1/30000}=>HttpConnection@13c7e6a3[p=HttpParser{s=START,0 of -1},g=HttpGenerator@2482d1b8{s=START}]=>HttpChannelOverHttp@3c911ee7{s=HttpChannelState@17e46dfa{s=IDLE rs=BLOCKING os=OPEN is=IDLE awp=false se=false i=true al=0},r=0,c=false/false,a=IDLE,uri=null,age=0}:runFillable:BLOCKING/BLOCKING
04:29:53.954 [qtp399373008-56] DEBUG org.eclipse.jetty.util.thread.ReservedThreadExecutor - ReservedThread@32c91a88{RESERVED,thread=Thread[qtp399373008-56,5,main]} task=EatWhatYouKill@1c3146bc/SelectorProducer@56c698e3/IDLE/p=true/QueuedThreadPool[qtp399373008]@17cdf2d0{STARTED,8<=8<=200,i=1,r=-1,q=0}[ReservedThreadExecutor@424fd310{reserved=1/8,pending=0}][pc=0,pic=0,pec=0,epc=0]@2024-05-02T04:29:53.954+01:00 ReservedThreadExecutor@424fd310{reserved=1/8,pending=0}
04:29:53.954 [qtp399373008-56] DEBUG org.eclipse.jetty.util.thread.strategy.EatWhatYouKill - EatWhatYouKill@1c3146bc/SelectorProducer@56c698e3/IDLE/p=true/QueuedThreadPool[qtp399373008]@17cdf2d0{STARTED,8<=8<=200,i=1,r=-1,q=0}[ReservedThreadExecutor@424fd310{reserved=1/8,pending=0}][pc=0,pic=0,pec=0,epc=1]@2024-05-02T04:29:53.954+01:00 tryProduce true
04:29:53.954 [qtp399373008-58] DEBUG org.eclipse.jetty.io.FillInterest - fillable FillInterest@2e39910{SSLC.NBReadCB@13aa96af{SslConnection@13aa96af::SocketChannelEndPoint@44469305{l=/127.0.0.1:33437,r=/127.0.0.1:57192,OPEN,fill=FI,flush=-,to=1/30000}{io=1/0,kio=1,kro=1}->SslConnection@13aa96af{NOT_HANDSHAKING,eio=-1/-1,di=-1,fill=INTERESTED,flush=IDLE}~>DecryptedEndPoint@674a1ab8{l=/127.0.0.1:33437,r=/127.0.0.1:57192,OPEN,fill=FI,flush=-,to=1/30000}=>HttpConnection@13c7e6a3[p=HttpParser{s=START,0 of -1},g=HttpGenerator@2482d1b8{s=START}]=>HttpChannelOverHttp@3c911ee7{s=HttpChannelState@17e46dfa{s=IDLE rs=BLOCKING os=OPEN is=IDLE awp=false se=false i=true al=0},r=0,c=false/false,a=IDLE,uri=null,age=0}}}
04:29:53.954 [qtp399373008-56] DEBUG org.eclipse.jetty.io.ManagedSelector - updateable 0
04:29:53.955 [qtp399373008-56] DEBUG org.eclipse.jetty.io.ManagedSelector - updates 0
04:29:53.955 [qtp399373008-58] DEBUG org.eclipse.jetty.io.ssl.SslConnection - >c.onFillable SslConnection@13aa96af::SocketChannelEndPoint@44469305{l=/127.0.0.1:33437,r=/127.0.0.1:57192,OPEN,fill=-,flush=-,to=1/30000}{io=1/0,kio=1,kro=1}->SslConnection@13aa96af{NOT_HANDSHAKING,eio=-1/-1,di=-1,fill=INTERESTED,flush=IDLE}~>DecryptedEndPoint@674a1ab8{l=/127.0.0.1:33437,r=/127.0.0.1:57192,OPEN,fill=FI,flush=-,to=2/30000}=>HttpConnection@13c7e6a3[p=HttpParser{s=START,0 of -1},g=HttpGenerator@2482d1b8{s=START}]=>HttpChannelOverHttp@3c911ee7{s=HttpChannelState@17e46dfa{s=IDLE rs=BLOCKING os=OPEN is=IDLE awp=false se=false i=true al=0},r=0,c=false/false,a=IDLE,uri=null,age=0}
04:29:53.955 [qtp399373008-56] DEBUG org.eclipse.jetty.io.ChannelEndPoint - Key interests updated 1 -> 0 on SocketChannelEndPoint@44469305{l=/127.0.0.1:33437,r=/127.0.0.1:57192,OPEN,fill=-,flush=-,to=2/30000}{io=0/0,kio=0,kro=1}->SslConnection@13aa96af{NOT_HANDSHAKING,eio=-1/-1,di=-1,fill=INTERESTED,flush=IDLE}~>DecryptedEndPoint@674a1ab8{l=/127.0.0.1:33437,r=/127.0.0.1:57192,OPEN,fill=FI,flush=-,to=2/30000}=>HttpConnection@13c7e6a3[p=HttpParser{s=START,0 of -1},g=HttpGenerator@2482d1b8{s=START}]=>HttpChannelOverHttp@3c911ee7{s=HttpChannelState@17e46dfa{s=IDLE rs=BLOCKING os=OPEN is=IDLE awp=false se=false i=true al=0},r=0,c=false/false,a=IDLE,uri=null,age=0}
04:29:53.955 [qtp399373008-58] DEBUG org.eclipse.jetty.io.ssl.SslConnection - onFillable SslConnection@13aa96af::SocketChannelEndPoint@44469305{l=/127.0.0.1:33437,r=/127.0.0.1:57192,OPEN,fill=-,flush=-,to=2/30000}{io=0/0,kio=0,kro=1}->SslConnection@13aa96af{NOT_HANDSHAKING,eio=-1/-1,di=-1,fill=INTERESTED,flush=IDLE}~>DecryptedEndPoint@674a1ab8{l=/127.0.0.1:33437,r=/127.0.0.1:57192,OPEN,fill=FI,flush=-,to=2/30000}=>HttpConnection@13c7e6a3[p=HttpParser{s=START,0 of -1},g=HttpGenerator@2482d1b8{s=START}]=>HttpChannelOverHttp@3c911ee7{s=HttpChannelState@17e46dfa{s=IDLE rs=BLOCKING os=OPEN is=IDLE awp=false se=false i=true al=0},r=0,c=false/false,a=IDLE,uri=null,age=0}
04:29:53.955 [qtp399373008-56] DEBUG org.eclipse.jetty.io.ManagedSelector - Selector sun.nio.ch.EPollSelectorImpl@79e51817 waiting with 1 keys
04:29:53.955 [qtp399373008-58] DEBUG org.eclipse.jetty.io.FillInterest - fillable FillInterest@8dcc975{AC.ReadCB@13c7e6a3{HttpConnection@13c7e6a3::DecryptedEndPoint@674a1ab8{l=/127.0.0.1:33437,r=/127.0.0.1:57192,OPEN,fill=FI,flush=-,to=2/30000}}}
04:29:53.955 [qtp399373008-58] DEBUG org.eclipse.jetty.server.HttpConnection - HttpConnection@13c7e6a3::DecryptedEndPoint@674a1ab8{l=/127.0.0.1:33437,r=/127.0.0.1:57192,OPEN,fill=-,flush=-,to=2/30000} onFillable enter HttpChannelState@17e46dfa{s=IDLE rs=BLOCKING os=OPEN is=IDLE awp=false se=false i=true al=0} null
04:29:53.955 [qtp399373008-58] DEBUG org.eclipse.jetty.io.ssl.SslConnection - >fill SslConnection@13aa96af::SocketChannelEndPoint@44469305{l=/127.0.0.1:33437,r=/127.0.0.1:57192,OPEN,fill=-,flush=-,to=2/30000}{io=0/0,kio=0,kro=1}->SslConnection@13aa96af{NOT_HANDSHAKING,eio=-1/-1,di=-1,fill=IDLE,flush=IDLE}~>DecryptedEndPoint@674a1ab8{l=/127.0.0.1:33437,r=/127.0.0.1:57192,OPEN,fill=-,flush=-,to=2/30000}=>HttpConnection@13c7e6a3[p=HttpParser{s=START,0 of -1},g=HttpGenerator@2482d1b8{s=START}]=>HttpChannelOverHttp@3c911ee7{s=HttpChannelState@17e46dfa{s=IDLE rs=BLOCKING os=OPEN is=IDLE awp=false se=false i=true al=0},r=0,c=false/false,a=IDLE,uri=null,age=0}
04:29:53.955 [qtp399373008-58] DEBUG org.eclipse.jetty.io.ssl.SslConnection - fill NOT_HANDSHAKING
04:29:53.956 [qtp399373008-58] DEBUG org.eclipse.jetty.io.ChannelEndPoint - filled 339 HeapByteBuffer@6e6899aa[p=0,l=339,c=17408,r=339]={<<<\x16\x03\x03\x01N\x01\x00\x01J\x03\x03\x8c\xA6\xC1I\xC9\x15\xE7\xA7\x99\x85\xC7\xA6 T...\x99\xFf> \xE5&\x84\xE2`\xC0\xCe\xC4\xE7\xC3\\c\xF0e\xFf\x01\x00\x01\x00>>>\xF9\xFb}{\xC0\xFag\xC6G...\x00\x00\x00\x00\x00\x00\x00}
04:29:53.956 [qtp399373008-58] DEBUG org.eclipse.jetty.io.ssl.SslConnection - net filled=339
04:29:53.956 [qtp399373008-58] DEBUG org.eclipse.jetty.io.ssl.SslConnection - fill starting handshake SslConnection@13aa96af::SocketChannelEndPoint@44469305{l=/127.0.0.1:33437,r=/127.0.0.1:57192,OPEN,fill=-,flush=-,to=0/30000}{io=0/0,kio=0,kro=1}->SslConnection@13aa96af{NOT_HANDSHAKING,eio=339/-1,di=-1,fill=IDLE,flush=IDLE}~>DecryptedEndPoint@674a1ab8{l=/127.0.0.1:33437,r=/127.0.0.1:57192,OPEN,fill=-,flush=-,to=3/30000}=>HttpConnection@13c7e6a3[p=HttpParser{s=START,0 of -1},g=HttpGenerator@2482d1b8{s=START}]=>HttpChannelOverHttp@3c911ee7{s=HttpChannelState@17e46dfa{s=IDLE rs=BLOCKING os=OPEN is=IDLE awp=false se=false i=true al=0},r=0,c=false/false,a=IDLE,uri=null,age=0}
04:29:53.956 [qtp399373008-58] DEBUG org.eclipse.jetty.io.ssl.SslConnection - unwrap net_filled=339 Status = OK HandshakeStatus = NEED_TASK bytesConsumed = 339 bytesProduced = 0 encryptedBuffer=[p=339,l=339,c=17408,r=0] unwrapBuffer=HeapByteBuffer@60af7bcf[p=0,l=0,c=17408,r=0]={<<<>>>\x17\x03\x03\x00\xC9P\xEbpd...\x00\x00\x00\x00\x00\x00\x00} appBuffer=HeapByteBuffer@60af7bcf[p=0,l=0,c=17408,r=0]={<<<>>>\x17\x03\x03\x00\xC9P\xEbpd...\x00\x00\x00\x00\x00\x00\x00}
04:29:53.956 [qtp399373008-58] DEBUG org.eclipse.jetty.io.ssl.SslConnection - fill NEED_TASK
04:29:53.963 [qtp399373008-58] DEBUG org.eclipse.jetty.io.ssl.SslConnection - fill NEED_WRAP
04:29:53.964 [qtp399373008-58] DEBUG org.eclipse.jetty.io.ssl.SslConnection - >flush SslConnection@13aa96af::SocketChannelEndPoint@44469305{l=/127.0.0.1:33437,r=/127.0.0.1:57192,OPEN,fill=-,flush=-,to=8/30000}{io=0/0,kio=0,kro=1}->SslConnection@13aa96af{NEED_WRAP,eio=0/-1,di=-1,fill=IDLE,flush=IDLE}~>DecryptedEndPoint@674a1ab8{l=/127.0.0.1:33437,r=/127.0.0.1:57192,OPEN,fill=-,flush=-,to=11/30000}=>HttpConnection@13c7e6a3[p=HttpParser{s=START,0 of -1},g=HttpGenerator@2482d1b8{s=START}]=>HttpChannelOverHttp@3c911ee7{s=HttpChannelState@17e46dfa{s=IDLE rs=BLOCKING os=OPEN is=IDLE awp=false se=false i=true al=0},r=0,c=false/false,a=IDLE,uri=null,age=0}
04:29:53.964 [qtp399373008-58] DEBUG org.eclipse.jetty.io.ssl.SslConnection - flush b[0]=HeapByteBuffer@29624c55[p=0,l=0,c=0,r=0]={<<<>>>}
04:29:53.964 [qtp399373008-58] DEBUG org.eclipse.jetty.io.ssl.SslConnection - flush NEED_WRAP
04:29:53.964 [qtp399373008-58] DEBUG org.eclipse.jetty.io.ssl.SslConnection - wrap Status = OK HandshakeStatus = NEED_WRAP bytesConsumed = 0 bytesProduced = 160 [p=0,l=160,c=17408,r=160] ioDone=false/false
04:29:53.964 [qtp399373008-58] DEBUG org.eclipse.jetty.io.ChannelEndPoint - flushed 160 SocketChannelEndPoint@44469305{l=/127.0.0.1:33437,r=/127.0.0.1:57192,OPEN,fill=-,flush=-,to=8/30000}{io=0/0,kio=0,kro=1}->SslConnection@13aa96af{NEED_WRAP,eio=0/0,di=-1,fill=IDLE,flush=IDLE}~>DecryptedEndPoint@674a1ab8{l=/127.0.0.1:33437,r=/127.0.0.1:57192,OPEN,fill=-,flush=-,to=11/30000}=>HttpConnection@13c7e6a3[p=HttpParser{s=START,0 of -1},g=HttpGenerator@2482d1b8{s=START}]=>HttpChannelOverHttp@3c911ee7{s=HttpChannelState@17e46dfa{s=IDLE rs=BLOCKING os=OPEN is=IDLE awp=false se=false i=true al=0},r=0,c=false/false,a=IDLE,uri=null,age=0}
04:29:53.964 [qtp399373008-58] DEBUG org.eclipse.jetty.io.ssl.SslConnection - net flushed=true, ac=true
04:29:53.964 [qtp399373008-58] DEBUG org.eclipse.jetty.io.ssl.SslConnection - flush NEED_WRAP
04:29:53.964 [qtp399373008-58] DEBUG org.eclipse.jetty.io.ssl.SslConnection - wrap Status = OK HandshakeStatus = NEED_WRAP bytesConsumed = 0 bytesProduced = 6 [p=0,l=6,c=17408,r=6] ioDone=false/false
04:29:53.964 [qtp399373008-58] DEBUG org.eclipse.jetty.io.ChannelEndPoint - flushed 6 SocketChannelEndPoint@44469305{l=/127.0.0.1:33437,r=/127.0.0.1:57192,OPEN,fill=-,flush=-,to=0/30000}{io=0/0,kio=0,kro=1}->SslConnection@13aa96af{NEED_WRAP,eio=0/0,di=-1,fill=IDLE,flush=IDLE}~>DecryptedEndPoint@674a1ab8{l=/127.0.0.1:33437,r=/127.0.0.1:57192,OPEN,fill=-,flush=-,to=11/30000}=>HttpConnection@13c7e6a3[p=HttpParser{s=START,0 of -1},g=HttpGenerator@2482d1b8{s=START}]=>HttpChannelOverHttp@3c911ee7{s=HttpChannelState@17e46dfa{s=IDLE rs=BLOCKING os=OPEN is=IDLE awp=false se=false i=true al=0},r=0,c=false/false,a=IDLE,uri=null,age=0}
04:29:53.964 [qtp399373008-58] DEBUG org.eclipse.jetty.io.ssl.SslConnection - net flushed=true, ac=true
04:29:53.964 [qtp399373008-58] DEBUG org.eclipse.jetty.io.ssl.SslConnection - flush NEED_WRAP
04:29:53.964 [qtp399373008-58] DEBUG org.eclipse.jetty.io.ssl.SslConnection - wrap Status = OK HandshakeStatus = NEED_UNWRAP bytesConsumed = 0 bytesProduced = 1597 [p=0,l=1597,c=17408,r=1597] ioDone=false/false
04:29:53.964 [qtp399373008-58] DEBUG org.eclipse.jetty.io.ChannelEndPoint - flushed 1597 SocketChannelEndPoint@44469305{l=/127.0.0.1:33437,r=/127.0.0.1:57192,OPEN,fill=-,flush=-,to=0/30000}{io=0/0,kio=0,kro=1}->SslConnection@13aa96af{NEED_UNWRAP,eio=0/0,di=-1,fill=IDLE,flush=IDLE}~>DecryptedEndPoint@674a1ab8{l=/127.0.0.1:33437,r=/127.0.0.1:57192,OPEN,fill=-,flush=-,to=11/30000}=>HttpConnection@13c7e6a3[p=HttpParser{s=START,0 of -1},g=HttpGenerator@2482d1b8{s=START}]=>HttpChannelOverHttp@3c911ee7{s=HttpChannelState@17e46dfa{s=IDLE rs=BLOCKING os=OPEN is=IDLE awp=false se=false i=true al=0},r=0,c=false/false,a=IDLE,uri=null,age=0}
04:29:53.964 [qtp399373008-58] DEBUG org.eclipse.jetty.io.ssl.SslConnection - net flushed=true, ac=true
04:29:53.965 [qtp399373008-58] DEBUG org.eclipse.jetty.io.ssl.SslConnection - <flush true SslConnection@13aa96af::SocketChannelEndPoint@44469305{l=/127.0.0.1:33437,r=/127.0.0.1:57192,OPEN,fill=-,flush=-,to=0/30000}{io=0/0,kio=0,kro=1}->SslConnection@13aa96af{NEED_UNWRAP,eio=0/-1,di=-1,fill=IDLE,flush=IDLE}~>DecryptedEndPoint@674a1ab8{l=/127.0.0.1:33437,r=/127.0.0.1:57192,OPEN,fill=-,flush=-,to=12/30000}=>HttpConnection@13c7e6a3[p=HttpParser{s=START,0 of -1},g=HttpGenerator@2482d1b8{s=START}]=>HttpChannelOverHttp@3c911ee7{s=HttpChannelState@17e46dfa{s=IDLE rs=BLOCKING os=OPEN is=IDLE awp=false se=false i=true al=0},r=0,c=false/false,a=IDLE,uri=null,age=0}
04:29:53.965 [qtp399373008-58] DEBUG org.eclipse.jetty.io.ssl.SslConnection - fill NEED_UNWRAP
04:29:53.965 [qtp399373008-58] DEBUG org.eclipse.jetty.io.ChannelEndPoint - filled 0 HeapByteBuffer@6e6899aa[p=0,l=0,c=17408,r=0]={<<<>>>\x16\x03\x03\x01N\x01\x00\x01J...\x00\x00\x00\x00\x00\x00\x00}
04:29:53.965 [qtp399373008-58] DEBUG org.eclipse.jetty.io.ssl.SslConnection - net filled=0
04:29:53.965 [qtp399373008-58] DEBUG org.eclipse.jetty.io.ssl.SslConnection - unwrap net_filled=0 Status = BUFFER_UNDERFLOW HandshakeStatus = NEED_UNWRAP bytesConsumed = 0 bytesProduced = 0 encryptedBuffer=[p=0,l=0,c=17408,r=0] unwrapBuffer=HeapByteBuffer@60af7bcf[p=0,l=0,c=17408,r=0]={<<<>>>\x17\x03\x03\x00\xC9P\xEbpd...\x00\x00\x00\x00\x00\x00\x00} appBuffer=HeapByteBuffer@60af7bcf[p=0,l=0,c=17408,r=0]={<<<>>>\x17\x03\x03\x00\xC9P\xEbpd...\x00\x00\x00\x00\x00\x00\x00}
04:29:53.965 [qtp399373008-58] DEBUG org.eclipse.jetty.io.ssl.SslConnection - <fill f=0 uf=true SslConnection@13aa96af::SocketChannelEndPoint@44469305{l=/127.0.0.1:33437,r=/127.0.0.1:57192,OPEN,fill=-,flush=-,to=0/30000}{io=0/0,kio=0,kro=1}->SslConnection@13aa96af{NEED_UNWRAP,eio=-1/-1,di=-1,fill=IDLE,flush=IDLE}~>DecryptedEndPoint@674a1ab8{l=/127.0.0.1:33437,r=/127.0.0.1:57192,OPEN,fill=-,flush=-,to=12/30000}=>HttpConnection@13c7e6a3[p=HttpParser{s=START,0 of -1},g=HttpGenerator@2482d1b8{s=START}]=>HttpChannelOverHttp@3c911ee7{s=HttpChannelState@17e46dfa{s=IDLE rs=BLOCKING os=OPEN is=IDLE awp=false se=false i=true al=0},r=0,c=false/false,a=IDLE,uri=null,age=0}
04:29:53.965 [qtp399373008-58] DEBUG org.eclipse.jetty.io.ssl.SslConnection - >fill SslConnection@13aa96af::SocketChannelEndPoint@44469305{l=/127.0.0.1:33437,r=/127.0.0.1:57192,OPEN,fill=-,flush=-,to=0/30000}{io=0/0,kio=0,kro=1}->SslConnection@13aa96af{NEED_UNWRAP,eio=-1/-1,di=-1,fill=IDLE,flush=IDLE}~>DecryptedEndPoint@674a1ab8{l=/127.0.0.1:33437,r=/127.0.0.1:57192,OPEN,fill=-,flush=-,to=12/30000}=>HttpConnection@13c7e6a3[p=HttpParser{s=START,0 of -1},g=HttpGenerator@2482d1b8{s=START}]=>HttpChannelOverHttp@3c911ee7{s=HttpChannelState@17e46dfa{s=IDLE rs=BLOCKING os=OPEN is=IDLE awp=false se=false i=true al=0},r=0,c=false/false,a=IDLE,uri=null,age=0}
04:29:53.965 [qtp399373008-58] DEBUG org.eclipse.jetty.io.ssl.SslConnection - fill NEED_UNWRAP
04:29:53.965 [qtp399373008-58] DEBUG org.eclipse.jetty.io.ChannelEndPoint - filled 0 HeapByteBuffer@6a5710bf[p=0,l=0,c=17408,r=0]={<<<>>>\x17\x03\x03\x068\x94W\xEd\x84...\x00\x00\x00\x00\x00\x00\x00}
04:29:53.965 [qtp399373008-58] DEBUG org.eclipse.jetty.io.ssl.SslConnection - net filled=0
04:29:53.965 [qtp399373008-58] DEBUG org.eclipse.jetty.io.ssl.SslConnection - unwrap net_filled=0 Status = BUFFER_UNDERFLOW HandshakeStatus = NEED_UNWRAP bytesConsumed = 0 bytesProduced = 0 encryptedBuffer=[p=0,l=0,c=17408,r=0] unwrapBuffer=HeapByteBuffer@60af7bcf[p=0,l=0,c=17408,r=0]={<<<>>>\x17\x03\x03\x00\xC9P\xEbpd...\x00\x00\x00\x00\x00\x00\x00} appBuffer=HeapByteBuffer@60af7bcf[p=0,l=0,c=17408,r=0]={<<<>>>\x17\x03\x03\x00\xC9P\xEbpd...\x00\x00\x00\x00\x00\x00\x00}
04:29:53.965 [qtp399373008-58] DEBUG org.eclipse.jetty.io.ssl.SslConnection - <fill f=0 uf=true SslConnection@13aa96af::SocketChannelEndPoint@44469305{l=/127.0.0.1:33437,r=/127.0.0.1:57192,OPEN,fill=-,flush=-,to=0/30000}{io=0/0,kio=0,kro=1}->SslConnection@13aa96af{NEED_UNWRAP,eio=-1/-1,di=-1,fill=IDLE,flush=IDLE}~>DecryptedEndPoint@674a1ab8{l=/127.0.0.1:33437,r=/127.0.0.1:57192,OPEN,fill=-,flush=-,to=12/30000}=>HttpConnection@13c7e6a3[p=HttpParser{s=START,0 of -1},g=HttpGenerator@2482d1b8{s=START}]=>HttpChannelOverHttp@3c911ee7{s=HttpChannelState@17e46dfa{s=IDLE rs=BLOCKING os=OPEN is=IDLE awp=false se=false i=true al=0},r=0,c=false/false,a=IDLE,uri=null,age=0}
04:29:53.965 [qtp399373008-58] DEBUG org.eclipse.jetty.server.HttpConnection - HttpConnection@13c7e6a3::DecryptedEndPoint@674a1ab8{l=/127.0.0.1:33437,r=/127.0.0.1:57192,OPEN,fill=-,flush=-,to=12/30000} filled 0 HeapByteBuffer@60af7bcf[p=0,l=0,c=17408,r=0]={<<<>>>\x17\x03\x03\x00\xC9P\xEbpd...\x00\x00\x00\x00\x00\x00\x00}
04:29:53.965 [qtp399373008-58] DEBUG org.eclipse.jetty.server.HttpConnection - HttpConnection@13c7e6a3::DecryptedEndPoint@674a1ab8{l=/127.0.0.1:33437,r=/127.0.0.1:57192,OPEN,fill=-,flush=-,to=12/30000} parse HeapByteBuffer@60af7bcf[p=0,l=0,c=17408,r=0]={<<<>>>\x17\x03\x03\x00\xC9P\xEbpd...\x00\x00\x00\x00\x00\x00\x00} {}
04:29:53.965 [qtp399373008-58] DEBUG org.eclipse.jetty.http.HttpParser - parseNext s=START HeapByteBuffer@60af7bcf[p=0,l=0,c=17408,r=0]={<<<>>>\x17\x03\x03\x00\xC9P\xEbpd...\x00\x00\x00\x00\x00\x00\x00}
04:29:53.965 [qtp399373008-58] DEBUG org.eclipse.jetty.server.HttpConnection - HttpConnection@13c7e6a3::DecryptedEndPoint@674a1ab8{l=/127.0.0.1:33437,r=/127.0.0.1:57192,OPEN,fill=-,flush=-,to=12/30000} parsed false HttpParser{s=START,0 of -1}
04:29:53.965 [qtp399373008-58] DEBUG org.eclipse.jetty.server.HttpConnection - releaseRequestBuffer HttpConnection@13c7e6a3::DecryptedEndPoint@674a1ab8{l=/127.0.0.1:33437,r=/127.0.0.1:57192,OPEN,fill=-,flush=-,to=12/30000}
04:29:53.965 [qtp399373008-58] DEBUG org.eclipse.jetty.io.AbstractConnection - fillInterested HttpConnection@13c7e6a3::DecryptedEndPoint@674a1ab8{l=/127.0.0.1:33437,r=/127.0.0.1:57192,OPEN,fill=-,flush=-,to=12/30000}
04:29:53.965 [qtp399373008-58] DEBUG org.eclipse.jetty.io.FillInterest - interested FillInterest@8dcc975{AC.ReadCB@13c7e6a3{HttpConnection@13c7e6a3::DecryptedEndPoint@674a1ab8{l=/127.0.0.1:33437,r=/127.0.0.1:57192,OPEN,fill=FI,flush=-,to=0/30000}}}
04:29:53.965 [qtp399373008-58] DEBUG org.eclipse.jetty.io.ssl.SslConnection - >needFillInterest s=IDLE/IDLE uf=true ei=null di=null SslConnection@13aa96af::SocketChannelEndPoint@44469305{l=/127.0.0.1:33437,r=/127.0.0.1:57192,OPEN,fill=-,flush=-,to=0/30000}{io=0/0,kio=0,kro=1}->SslConnection@13aa96af{NEED_UNWRAP,eio=-1/-1,di=-1,fill=IDLE,flush=IDLE}~>DecryptedEndPoint@674a1ab8{l=/127.0.0.1:33437,r=/127.0.0.1:57192,OPEN,fill=FI,flush=-,to=0/30000}=>HttpConnection@13c7e6a3[p=HttpParser{s=START,0 of -1},g=HttpGenerator@2482d1b8{s=START}]=>HttpChannelOverHttp@3c911ee7{s=HttpChannelState@17e46dfa{s=IDLE rs=BLOCKING os=OPEN is=IDLE awp=false se=false i=true al=0},r=0,c=false/false,a=IDLE,uri=null,age=0}
04:29:53.965 [qtp399373008-58] DEBUG org.eclipse.jetty.io.ssl.SslConnection - <needFillInterest s=IDLE/INTERESTED f=false i=true w=null
04:29:53.966 [qtp399373008-58] DEBUG org.eclipse.jetty.io.ssl.SslConnection - ensureFillInterested SslConnection@13aa96af::SocketChannelEndPoint@44469305{l=/127.0.0.1:33437,r=/127.0.0.1:57192,OPEN,fill=-,flush=-,to=1/30000}{io=0/0,kio=0,kro=1}->SslConnection@13aa96af{NEED_UNWRAP,eio=-1/-1,di=-1,fill=INTERESTED,flush=IDLE}~>DecryptedEndPoint@674a1ab8{l=/127.0.0.1:33437,r=/127.0.0.1:57192,OPEN,fill=FI,flush=-,to=0/30000}=>HttpConnection@13c7e6a3[p=HttpParser{s=START,0 of -1},g=HttpGenerator@2482d1b8{s=START}]=>HttpChannelOverHttp@3c911ee7{s=HttpChannelState@17e46dfa{s=IDLE rs=BLOCKING os=OPEN is=IDLE awp=false se=false i=true al=0},r=0,c=false/false,a=IDLE,uri=null,age=0}
04:29:53.966 [qtp399373008-58] DEBUG org.eclipse.jetty.io.FillInterest - interested FillInterest@2e39910{SSLC.NBReadCB@13aa96af{SslConnection@13aa96af::SocketChannelEndPoint@44469305{l=/127.0.0.1:33437,r=/127.0.0.1:57192,OPEN,fill=FI,flush=-,to=0/30000}{io=0/0,kio=0,kro=1}->SslConnection@13aa96af{NEED_UNWRAP,eio=-1/-1,di=-1,fill=INTERESTED,flush=IDLE}~>DecryptedEndPoint@674a1ab8{l=/127.0.0.1:33437,r=/127.0.0.1:57192,OPEN,fill=FI,flush=-,to=0/30000}=>HttpConnection@13c7e6a3[p=HttpParser{s=START,0 of -1},g=HttpGenerator@2482d1b8{s=START}]=>HttpChannelOverHttp@3c911ee7{s=HttpChannelState@17e46dfa{s=IDLE rs=BLOCKING os=OPEN is=IDLE awp=false se=false i=true al=0},r=0,c=false/false,a=IDLE,uri=null,age=0}}}
04:29:53.966 [qtp399373008-58] DEBUG org.eclipse.jetty.io.ChannelEndPoint - changeInterests p=false 0->1 for SocketChannelEndPoint@44469305{l=/127.0.0.1:33437,r=/127.0.0.1:57192,OPEN,fill=FI,flush=-,to=0/30000}{io=0/1,kio=0,kro=1}->SslConnection@13aa96af{NEED_UNWRAP,eio=-1/-1,di=-1,fill=INTERESTED,flush=IDLE}~>DecryptedEndPoint@674a1ab8{l=/127.0.0.1:33437,r=/127.0.0.1:57192,OPEN,fill=FI,flush=-,to=0/30000}=>HttpConnection@13c7e6a3[p=HttpParser{s=START,0 of -1},g=HttpGenerator@2482d1b8{s=START}]=>HttpChannelOverHttp@3c911ee7{s=HttpChannelState@17e46dfa{s=IDLE rs=BLOCKING os=OPEN is=IDLE awp=false se=false i=true al=0},r=0,c=false/false,a=IDLE,uri=null,age=0}
04:29:53.966 [qtp399373008-58] DEBUG org.eclipse.jetty.io.ManagedSelector - Queued change lazy=false org.eclipse.jetty.io.ChannelEndPoint$$Lambda$255/1126011505@45bb680d on ManagedSelector@47a86fbb{STARTED} id=2 keys=1 selected=0 updates=0
04:29:53.966 [qtp399373008-58] DEBUG org.eclipse.jetty.io.ManagedSelector - Wakeup on submit ManagedSelector@47a86fbb{STARTED} id=2 keys=1 selected=0 updates=1
04:29:53.966 [qtp399373008-56] DEBUG org.eclipse.jetty.io.ManagedSelector - Selector sun.nio.ch.EPollSelectorImpl@79e51817 woken with none selected
04:29:53.966 [qtp399373008-58] DEBUG org.eclipse.jetty.server.HttpConnection - HttpConnection@13c7e6a3::DecryptedEndPoint@674a1ab8{l=/127.0.0.1:33437,r=/127.0.0.1:57192,OPEN,fill=FI,flush=-,to=0/30000} onFillable exit HttpChannelState@17e46dfa{s=IDLE rs=BLOCKING os=OPEN is=IDLE awp=false se=false i=true al=0} null
04:29:53.966 [qtp399373008-56] DEBUG org.eclipse.jetty.io.ManagedSelector - Selector sun.nio.ch.EPollSelectorImpl@79e51817 woken up from select, 0/0/1 selected
04:29:53.966 [qtp399373008-56] DEBUG org.eclipse.jetty.io.ManagedSelector - Selector sun.nio.ch.EPollSelectorImpl@79e51817 processing 0 keys, 1 updates
04:29:53.966 [qtp399373008-56] DEBUG org.eclipse.jetty.io.ManagedSelector - updateable 1
04:29:53.966 [qtp399373008-56] DEBUG org.eclipse.jetty.io.ManagedSelector - update org.eclipse.jetty.io.ChannelEndPoint$$Lambda$255/1126011505@45bb680d
04:29:53.966 [qtp399373008-58] DEBUG org.eclipse.jetty.io.ssl.SslConnection - <c.onFillable SslConnection@13aa96af::SocketChannelEndPoint@44469305{l=/127.0.0.1:33437,r=/127.0.0.1:57192,OPEN,fill=FI,flush=-,to=0/30000}{io=0/1,kio=0,kro=1}->SslConnection@13aa96af{NEED_UNWRAP,eio=-1/-1,di=-1,fill=INTERESTED,flush=IDLE}~>DecryptedEndPoint@674a1ab8{l=/127.0.0.1:33437,r=/127.0.0.1:57192,OPEN,fill=FI,flush=-,to=0/30000}=>HttpConnection@13c7e6a3[p=HttpParser{s=START,0 of -1},g=HttpGenerator@2482d1b8{s=START}]=>HttpChannelOverHttp@3c911ee7{s=HttpChannelState@17e46dfa{s=IDLE rs=BLOCKING os=OPEN is=IDLE awp=false se=false i=true al=0},r=0,c=false/false,a=IDLE,uri=null,age=0}
04:29:53.966 [qtp399373008-58] DEBUG org.eclipse.jetty.util.thread.QueuedThreadPool - ran org.eclipse.jetty.io.ManagedSelector$$Lambda$253/838473569@73dce0e6 in QueuedThreadPool[qtp399373008]@17cdf2d0{STARTED,8<=8<=200,i=1,r=-1,q=0}[ReservedThreadExecutor@424fd310{reserved=1/8,pending=0}]
04:29:53.966 [qtp399373008-56] DEBUG org.eclipse.jetty.io.ChannelEndPoint - Key interests updated 0 -> 1 on SocketChannelEndPoint@44469305{l=/127.0.0.1:33437,r=/127.0.0.1:57192,OPEN,fill=FI,flush=-,to=0/30000}{io=1/1,kio=1,kro=1}->SslConnection@13aa96af{NEED_UNWRAP,eio=-1/-1,di=-1,fill=INTERESTED,flush=IDLE}~>DecryptedEndPoint@674a1ab8{l=/127.0.0.1:33437,r=/127.0.0.1:57192,OPEN,fill=FI,flush=-,to=0/30000}=>HttpConnection@13c7e6a3[p=HttpParser{s=START,0 of -1},g=HttpGenerator@2482d1b8{s=START}]=>HttpChannelOverHttp@3c911ee7{s=HttpChannelState@17e46dfa{s=IDLE rs=BLOCKING os=OPEN is=IDLE awp=false se=false i=true al=0},r=0,c=false/false,a=IDLE,uri=null,age=0}
04:29:53.966 [qtp399373008-56] DEBUG org.eclipse.jetty.io.ManagedSelector - updates 0
04:29:53.966 [qtp399373008-56] DEBUG org.eclipse.jetty.io.ManagedSelector - Selector sun.nio.ch.EPollSelectorImpl@79e51817 waiting with 1 keys
04:29:53.967 [qtp399373008-56] DEBUG org.eclipse.jetty.io.ManagedSelector - Selector sun.nio.ch.EPollSelectorImpl@79e51817 woken up from select, 1/1/1 selected
04:29:53.967 [qtp399373008-56] DEBUG org.eclipse.jetty.io.ManagedSelector - Selector sun.nio.ch.EPollSelectorImpl@79e51817 processing 1 keys, 0 updates
04:29:53.968 [qtp399373008-56] DEBUG org.eclipse.jetty.io.ManagedSelector - selected 1 sun.nio.ch.SelectionKeyImpl@7722e95b SocketChannelEndPoint@44469305{l=/127.0.0.1:33437,r=/127.0.0.1:57192,OPEN,fill=FI,flush=-,to=1/30000}{io=1/1,kio=1,kro=1}->SslConnection@13aa96af{NEED_UNWRAP,eio=-1/-1,di=-1,fill=INTERESTED,flush=IDLE}~>DecryptedEndPoint@674a1ab8{l=/127.0.0.1:33437,r=/127.0.0.1:57192,OPEN,fill=FI,flush=-,to=2/30000}=>HttpConnection@13c7e6a3[p=HttpParser{s=START,0 of -1},g=HttpGenerator@2482d1b8{s=START}]=>HttpChannelOverHttp@3c911ee7{s=HttpChannelState@17e46dfa{s=IDLE rs=BLOCKING os=OPEN is=IDLE awp=false se=false i=true al=0},r=0,c=false/false,a=IDLE,uri=null,age=0} 
04:29:53.968 [qtp399373008-56] DEBUG org.eclipse.jetty.io.ChannelEndPoint - onSelected 1->0 r=true w=false for SocketChannelEndPoint@44469305{l=/127.0.0.1:33437,r=/127.0.0.1:57192,OPEN,fill=FI,flush=-,to=1/30000}{io=1/0,kio=1,kro=1}->SslConnection@13aa96af{NEED_UNWRAP,eio=-1/-1,di=-1,fill=INTERESTED,flush=IDLE}~>DecryptedEndPoint@674a1ab8{l=/127.0.0.1:33437,r=/127.0.0.1:57192,OPEN,fill=FI,flush=-,to=2/30000}=>HttpConnection@13c7e6a3[p=HttpParser{s=START,0 of -1},g=HttpGenerator@2482d1b8{s=START}]=>HttpChannelOverHttp@3c911ee7{s=HttpChannelState@17e46dfa{s=IDLE rs=BLOCKING os=OPEN is=IDLE awp=false se=false i=true al=0},r=0,c=false/false,a=IDLE,uri=null,age=0}
04:29:53.968 [qtp399373008-56] DEBUG org.eclipse.jetty.io.ChannelEndPoint - task CEP:SocketChannelEndPoint@44469305{l=/127.0.0.1:33437,r=/127.0.0.1:57192,OPEN,fill=FI,flush=-,to=2/30000}{io=1/0,kio=1,kro=1}->SslConnection@13aa96af{NEED_UNWRAP,eio=-1/-1,di=-1,fill=INTERESTED,flush=IDLE}~>DecryptedEndPoint@674a1ab8{l=/127.0.0.1:33437,r=/127.0.0.1:57192,OPEN,fill=FI,flush=-,to=2/30000}=>HttpConnection@13c7e6a3[p=HttpParser{s=START,0 of -1},g=HttpGenerator@2482d1b8{s=START}]=>HttpChannelOverHttp@3c911ee7{s=HttpChannelState@17e46dfa{s=IDLE rs=BLOCKING os=OPEN is=IDLE awp=false se=false i=true al=0},r=0,c=false/false,a=IDLE,uri=null,age=0}:runFillable:BLOCKING
04:29:53.968 [qtp399373008-56] DEBUG org.eclipse.jetty.util.thread.ReservedThreadExecutor - ReservedThreadExecutor@424fd310{reserved=1/8,pending=0} tryExecute EatWhatYouKill@1c3146bc/SelectorProducer@56c698e3/PRODUCING/p=false/QueuedThreadPool[qtp399373008]@17cdf2d0{STARTED,8<=8<=200,i=2,r=-1,q=0}[ReservedThreadExecutor@424fd310{reserved=1/8,pending=0}][pc=0,pic=0,pec=0,epc=1]@2024-05-02T04:29:53.968+01:00
04:29:53.968 [qtp399373008-56] DEBUG org.eclipse.jetty.util.thread.ReservedThreadExecutor - ReservedThreadExecutor@424fd310{reserved=0/8,pending=1} startReservedThread p=1
04:29:53.968 [qtp399373008-56] DEBUG org.eclipse.jetty.util.thread.QueuedThreadPool - queue ReservedThread@76f4269{PENDING,thread=null} startThread=0
04:29:53.968 [qtp399373008-57] DEBUG org.eclipse.jetty.util.thread.QueuedThreadPool - run ReservedThread@76f4269{PENDING,thread=null} in QueuedThreadPool[qtp399373008]@17cdf2d0{STARTED,8<=8<=200,i=1,r=-1,q=0}[ReservedThreadExecutor@424fd310{reserved=0/8,pending=1}]
04:29:53.968 [qtp399373008-57] DEBUG org.eclipse.jetty.util.thread.ReservedThreadExecutor - ReservedThread@76f4269{PENDING,thread=Thread[qtp399373008-57,5,main]} was=PENDING next=RESERVED size=0+1 capacity=8
04:29:53.968 [qtp399373008-57] DEBUG org.eclipse.jetty.util.thread.ReservedThreadExecutor - ReservedThread@76f4269{RESERVED,thread=Thread[qtp399373008-57,5,main]} waiting ReservedThreadExecutor@424fd310{reserved=1/8,pending=0}
04:29:53.968 [qtp399373008-62] DEBUG org.eclipse.jetty.util.thread.ReservedThreadExecutor - ReservedThread@724c02dc{RESERVED,thread=Thread[qtp399373008-62,5,main]} task=EatWhatYouKill@1c3146bc/SelectorProducer@56c698e3/IDLE/p=true/QueuedThreadPool[qtp399373008]@17cdf2d0{STARTED,8<=8<=200,i=1,r=-1,q=0}[ReservedThreadExecutor@424fd310{reserved=0/8,pending=1}][pc=0,pic=0,pec=0,epc=1]@2024-05-02T04:29:53.968+01:00 ReservedThreadExecutor@424fd310{reserved=1/8,pending=0}
04:29:53.968 [qtp399373008-62] DEBUG org.eclipse.jetty.util.thread.strategy.EatWhatYouKill - EatWhatYouKill@1c3146bc/SelectorProducer@56c698e3/IDLE/p=true/QueuedThreadPool[qtp399373008]@17cdf2d0{STARTED,8<=8<=200,i=1,r=-1,q=0}[ReservedThreadExecutor@424fd310{reserved=1/8,pending=0}][pc=0,pic=0,pec=0,epc=1]@2024-05-02T04:29:53.968+01:00 tryProduce true
04:29:53.968 [qtp399373008-56] DEBUG org.eclipse.jetty.util.thread.strategy.EatWhatYouKill - EatWhatYouKill@1c3146bc/SelectorProducer@56c698e3/IDLE/p=true/QueuedThreadPool[qtp399373008]@17cdf2d0{STARTED,8<=8<=200,i=1,r=-1,q=0}[ReservedThreadExecutor@424fd310{reserved=1/8,pending=0}][pc=0,pic=0,pec=0,epc=1]@2024-05-02T04:29:53.968+01:00 m=EXECUTE_PRODUCE_CONSUME t=CEP:SocketChannelEndPoint@44469305{l=/127.0.0.1:33437,r=/127.0.0.1:57192,OPEN,fill=FI,flush=-,to=2/30000}{io=1/0,kio=1,kro=1}->SslConnection@13aa96af{NEED_UNWRAP,eio=-1/-1,di=-1,fill=INTERESTED,flush=IDLE}~>DecryptedEndPoint@674a1ab8{l=/127.0.0.1:33437,r=/127.0.0.1:57192,OPEN,fill=FI,flush=-,to=2/30000}=>HttpConnection@13c7e6a3[p=HttpParser{s=START,0 of -1},g=HttpGenerator@2482d1b8{s=START}]=>HttpChannelOverHttp@3c911ee7{s=HttpChannelState@17e46dfa{s=IDLE rs=BLOCKING os=OPEN is=IDLE awp=false se=false i=true al=0},r=0,c=false/false,a=IDLE,uri=null,age=0}:runFillable:BLOCKING/BLOCKING
04:29:53.968 [qtp399373008-62] DEBUG org.eclipse.jetty.io.ManagedSelector - updateable 0
04:29:53.968 [qtp399373008-62] DEBUG org.eclipse.jetty.io.ManagedSelector - updates 0
04:29:53.968 [qtp399373008-56] DEBUG org.eclipse.jetty.io.FillInterest - fillable FillInterest@2e39910{SSLC.NBReadCB@13aa96af{SslConnection@13aa96af::SocketChannelEndPoint@44469305{l=/127.0.0.1:33437,r=/127.0.0.1:57192,OPEN,fill=FI,flush=-,to=2/30000}{io=1/0,kio=1,kro=1}->SslConnection@13aa96af{NEED_UNWRAP,eio=-1/-1,di=-1,fill=INTERESTED,flush=IDLE}~>DecryptedEndPoint@674a1ab8{l=/127.0.0.1:33437,r=/127.0.0.1:57192,OPEN,fill=FI,flush=-,to=3/30000}=>HttpConnection@13c7e6a3[p=HttpParser{s=START,0 of -1},g=HttpGenerator@2482d1b8{s=START}]=>HttpChannelOverHttp@3c911ee7{s=HttpChannelState@17e46dfa{s=IDLE rs=BLOCKING os=OPEN is=IDLE awp=false se=false i=true al=0},r=0,c=false/false,a=IDLE,uri=null,age=0}}}
04:29:53.968 [qtp399373008-62] DEBUG org.eclipse.jetty.io.ChannelEndPoint - Key interests updated 1 -> 0 on SocketChannelEndPoint@44469305{l=/127.0.0.1:33437,r=/127.0.0.1:57192,OPEN,fill=FI,flush=-,to=2/30000}{io=0/0,kio=0,kro=1}->SslConnection@13aa96af{NEED_UNWRAP,eio=-1/-1,di=-1,fill=INTERESTED,flush=IDLE}~>DecryptedEndPoint@674a1ab8{l=/127.0.0.1:33437,r=/127.0.0.1:57192,OPEN,fill=FI,flush=-,to=3/30000}=>HttpConnection@13c7e6a3[p=HttpParser{s=START,0 of -1},g=HttpGenerator@2482d1b8{s=START}]=>HttpChannelOverHttp@3c911ee7{s=HttpChannelState@17e46dfa{s=IDLE rs=BLOCKING os=OPEN is=IDLE awp=false se=false i=true al=0},r=0,c=false/false,a=IDLE,uri=null,age=0}
04:29:53.968 [qtp399373008-62] DEBUG org.eclipse.jetty.io.ManagedSelector - Selector sun.nio.ch.EPollSelectorImpl@79e51817 waiting with 1 keys
04:29:53.968 [qtp399373008-56] DEBUG org.eclipse.jetty.io.ssl.SslConnection - >c.onFillable SslConnection@13aa96af::SocketChannelEndPoint@44469305{l=/127.0.0.1:33437,r=/127.0.0.1:57192,OPEN,fill=-,flush=-,to=2/30000}{io=0/0,kio=0,kro=1}->SslConnection@13aa96af{NEED_UNWRAP,eio=-1/-1,di=-1,fill=INTERESTED,flush=IDLE}~>DecryptedEndPoint@674a1ab8{l=/127.0.0.1:33437,r=/127.0.0.1:57192,OPEN,fill=FI,flush=-,to=3/30000}=>HttpConnection@13c7e6a3[p=HttpParser{s=START,0 of -1},g=HttpGenerator@2482d1b8{s=START}]=>HttpChannelOverHttp@3c911ee7{s=HttpChannelState@17e46dfa{s=IDLE rs=BLOCKING os=OPEN is=IDLE awp=false se=false i=true al=0},r=0,c=false/false,a=IDLE,uri=null,age=0}
04:29:53.969 [qtp399373008-56] DEBUG org.eclipse.jetty.io.ssl.SslConnection - onFillable SslConnection@13aa96af::SocketChannelEndPoint@44469305{l=/127.0.0.1:33437,r=/127.0.0.1:57192,OPEN,fill=-,flush=-,to=2/30000}{io=0/0,kio=0,kro=1}->SslConnection@13aa96af{NEED_UNWRAP,eio=-1/-1,di=-1,fill=INTERESTED,flush=IDLE}~>DecryptedEndPoint@674a1ab8{l=/127.0.0.1:33437,r=/127.0.0.1:57192,OPEN,fill=FI,flush=-,to=3/30000}=>HttpConnection@13c7e6a3[p=HttpParser{s=START,0 of -1},g=HttpGenerator@2482d1b8{s=START}]=>HttpChannelOverHttp@3c911ee7{s=HttpChannelState@17e46dfa{s=IDLE rs=BLOCKING os=OPEN is=IDLE awp=false se=false i=true al=0},r=0,c=false/false,a=IDLE,uri=null,age=0}
04:29:53.969 [qtp399373008-56] DEBUG org.eclipse.jetty.io.FillInterest - fillable FillInterest@8dcc975{AC.ReadCB@13c7e6a3{HttpConnection@13c7e6a3::DecryptedEndPoint@674a1ab8{l=/127.0.0.1:33437,r=/127.0.0.1:57192,OPEN,fill=FI,flush=-,to=3/30000}}}
04:29:53.969 [qtp399373008-56] DEBUG org.eclipse.jetty.server.HttpConnection - HttpConnection@13c7e6a3::DecryptedEndPoint@674a1ab8{l=/127.0.0.1:33437,r=/127.0.0.1:57192,OPEN,fill=-,flush=-,to=3/30000} onFillable enter HttpChannelState@17e46dfa{s=IDLE rs=BLOCKING os=OPEN is=IDLE awp=false se=false i=true al=0} null
04:29:53.969 [qtp399373008-56] DEBUG org.eclipse.jetty.io.ssl.SslConnection - >fill SslConnection@13aa96af::SocketChannelEndPoint@44469305{l=/127.0.0.1:33437,r=/127.0.0.1:57192,OPEN,fill=-,flush=-,to=3/30000}{io=0/0,kio=0,kro=1}->SslConnection@13aa96af{NEED_UNWRAP,eio=-1/-1,di=-1,fill=IDLE,flush=IDLE}~>DecryptedEndPoint@674a1ab8{l=/127.0.0.1:33437,r=/127.0.0.1:57192,OPEN,fill=-,flush=-,to=3/30000}=>HttpConnection@13c7e6a3[p=HttpParser{s=START,0 of -1},g=HttpGenerator@2482d1b8{s=START}]=>HttpChannelOverHttp@3c911ee7{s=HttpChannelState@17e46dfa{s=IDLE rs=BLOCKING os=OPEN is=IDLE awp=false se=false i=true al=0},r=0,c=false/false,a=IDLE,uri=null,age=0}
04:29:53.969 [qtp399373008-56] DEBUG org.eclipse.jetty.io.ssl.SslConnection - fill NEED_UNWRAP
04:29:53.969 [qtp399373008-56] DEBUG org.eclipse.jetty.io.ChannelEndPoint - filled 6 HeapByteBuffer@6a5710bf[p=0,l=6,c=17408,r=6]={<<<\x14\x03\x03\x00\x01\x01>>>W\xEd\x84\xA8\xBd\x02\xD0\xFe~...\x00\x00\x00\x00\x00\x00\x00}
04:29:53.969 [qtp399373008-56] DEBUG org.eclipse.jetty.io.ssl.SslConnection - net filled=6
04:29:53.969 [qtp399373008-56] DEBUG org.eclipse.jetty.io.ssl.SslConnection - unwrap net_filled=6 Status = OK HandshakeStatus = NEED_UNWRAP bytesConsumed = 6 bytesProduced = 0 encryptedBuffer=[p=6,l=6,c=17408,r=0] unwrapBuffer=HeapByteBuffer@6e6899aa[p=0,l=0,c=17408,r=0]={<<<>>>\x16\x03\x03\x01N\x01\x00\x01J...\x00\x00\x00\x00\x00\x00\x00} appBuffer=HeapByteBuffer@6e6899aa[p=0,l=0,c=17408,r=0]={<<<>>>\x16\x03\x03\x01N\x01\x00\x01J...\x00\x00\x00\x00\x00\x00\x00}
04:29:53.969 [qtp399373008-56] DEBUG org.eclipse.jetty.io.ssl.SslConnection - fill NEED_UNWRAP
04:29:53.969 [qtp399373008-56] DEBUG org.eclipse.jetty.io.ChannelEndPoint - filled 0 HeapByteBuffer@6a5710bf[p=0,l=0,c=17408,r=0]={<<<>>>\x14\x03\x03\x00\x01\x01W\xEd\x84...\x00\x00\x00\x00\x00\x00\x00}
04:29:53.969 [qtp399373008-56] DEBUG org.eclipse.jetty.io.ssl.SslConnection - net filled=0
04:29:53.969 [qtp399373008-56] DEBUG org.eclipse.jetty.io.ssl.SslConnection - unwrap net_filled=0 Status = BUFFER_UNDERFLOW HandshakeStatus = NEED_UNWRAP bytesConsumed = 0 bytesProduced = 0 encryptedBuffer=[p=0,l=0,c=17408,r=0] unwrapBuffer=HeapByteBuffer@6e6899aa[p=0,l=0,c=17408,r=0]={<<<>>>\x16\x03\x03\x01N\x01\x00\x01J...\x00\x00\x00\x00\x00\x00\x00} appBuffer=HeapByteBuffer@6e6899aa[p=0,l=0,c=17408,r=0]={<<<>>>\x16\x03\x03\x01N\x01\x00\x01J...\x00\x00\x00\x00\x00\x00\x00}
04:29:53.970 [qtp399373008-56] DEBUG org.eclipse.jetty.io.ssl.SslConnection - <fill f=0 uf=true SslConnection@13aa96af::SocketChannelEndPoint@44469305{l=/127.0.0.1:33437,r=/127.0.0.1:57192,OPEN,fill=-,flush=-,to=0/30000}{io=0/0,kio=0,kro=1}->SslConnection@13aa96af{NEED_UNWRAP,eio=-1/-1,di=-1,fill=IDLE,flush=IDLE}~>DecryptedEndPoint@674a1ab8{l=/127.0.0.1:33437,r=/127.0.0.1:57192,OPEN,fill=-,flush=-,to=4/30000}=>HttpConnection@13c7e6a3[p=HttpParser{s=START,0 of -1},g=HttpGenerator@2482d1b8{s=START}]=>HttpChannelOverHttp@3c911ee7{s=HttpChannelState@17e46dfa{s=IDLE rs=BLOCKING os=OPEN is=IDLE awp=false se=false i=true al=0},r=0,c=false/false,a=IDLE,uri=null,age=0}
04:29:53.970 [qtp399373008-56] DEBUG org.eclipse.jetty.io.ssl.SslConnection - >fill SslConnection@13aa96af::SocketChannelEndPoint@44469305{l=/127.0.0.1:33437,r=/127.0.0.1:57192,OPEN,fill=-,flush=-,to=0/30000}{io=0/0,kio=0,kro=1}->SslConnection@13aa96af{NEED_UNWRAP,eio=-1/-1,di=-1,fill=IDLE,flush=IDLE}~>DecryptedEndPoint@674a1ab8{l=/127.0.0.1:33437,r=/127.0.0.1:57192,OPEN,fill=-,flush=-,to=4/30000}=>HttpConnection@13c7e6a3[p=HttpParser{s=START,0 of -1},g=HttpGenerator@2482d1b8{s=START}]=>HttpChannelOverHttp@3c911ee7{s=HttpChannelState@17e46dfa{s=IDLE rs=BLOCKING os=OPEN is=IDLE awp=false se=false i=true al=0},r=0,c=false/false,a=IDLE,uri=null,age=0}
04:29:53.970 [qtp399373008-56] DEBUG org.eclipse.jetty.io.ssl.SslConnection - fill NEED_UNWRAP
04:29:53.970 [qtp399373008-56] DEBUG org.eclipse.jetty.io.ChannelEndPoint - filled 0 HeapByteBuffer@60af7bcf[p=0,l=0,c=17408,r=0]={<<<>>>\x17\x03\x03\x00\xC9P\xEbpd...\x00\x00\x00\x00\x00\x00\x00}
04:29:53.970 [qtp399373008-56] DEBUG org.eclipse.jetty.io.ssl.SslConnection - net filled=0
04:29:53.970 [qtp399373008-56] DEBUG org.eclipse.jetty.io.ssl.SslConnection - unwrap net_filled=0 Status = BUFFER_UNDERFLOW HandshakeStatus = NEED_UNWRAP bytesConsumed = 0 bytesProduced = 0 encryptedBuffer=[p=0,l=0,c=17408,r=0] unwrapBuffer=HeapByteBuffer@6e6899aa[p=0,l=0,c=17408,r=0]={<<<>>>\x16\x03\x03\x01N\x01\x00\x01J...\x00\x00\x00\x00\x00\x00\x00} appBuffer=HeapByteBuffer@6e6899aa[p=0,l=0,c=17408,r=0]={<<<>>>\x16\x03\x03\x01N\x01\x00\x01J...\x00\x00\x00\x00\x00\x00\x00}
04:29:53.970 [qtp399373008-56] DEBUG org.eclipse.jetty.io.ssl.SslConnection - <fill f=0 uf=true SslConnection@13aa96af::SocketChannelEndPoint@44469305{l=/127.0.0.1:33437,r=/127.0.0.1:57192,OPEN,fill=-,flush=-,to=0/30000}{io=0/0,kio=0,kro=1}->SslConnection@13aa96af{NEED_UNWRAP,eio=-1/-1,di=-1,fill=IDLE,flush=IDLE}~>DecryptedEndPoint@674a1ab8{l=/127.0.0.1:33437,r=/127.0.0.1:57192,OPEN,fill=-,flush=-,to=4/30000}=>HttpConnection@13c7e6a3[p=HttpParser{s=START,0 of -1},g=HttpGenerator@2482d1b8{s=START}]=>HttpChannelOverHttp@3c911ee7{s=HttpChannelState@17e46dfa{s=IDLE rs=BLOCKING os=OPEN is=IDLE awp=false se=false i=true al=0},r=0,c=false/false,a=IDLE,uri=null,age=0}
04:29:53.970 [qtp399373008-56] DEBUG org.eclipse.jetty.server.HttpConnection - HttpConnection@13c7e6a3::DecryptedEndPoint@674a1ab8{l=/127.0.0.1:33437,r=/127.0.0.1:57192,OPEN,fill=-,flush=-,to=4/30000} filled 0 HeapByteBuffer@6e6899aa[p=0,l=0,c=17408,r=0]={<<<>>>\x16\x03\x03\x01N\x01\x00\x01J...\x00\x00\x00\x00\x00\x00\x00}
04:29:53.970 [qtp399373008-56] DEBUG org.eclipse.jetty.server.HttpConnection - HttpConnection@13c7e6a3::DecryptedEndPoint@674a1ab8{l=/127.0.0.1:33437,r=/127.0.0.1:57192,OPEN,fill=-,flush=-,to=4/30000} parse HeapByteBuffer@6e6899aa[p=0,l=0,c=17408,r=0]={<<<>>>\x16\x03\x03\x01N\x01\x00\x01J...\x00\x00\x00\x00\x00\x00\x00} {}
04:29:53.970 [qtp399373008-56] DEBUG org.eclipse.jetty.http.HttpParser - parseNext s=START HeapByteBuffer@6e6899aa[p=0,l=0,c=17408,r=0]={<<<>>>\x16\x03\x03\x01N\x01\x00\x01J...\x00\x00\x00\x00\x00\x00\x00}
04:29:53.970 [qtp399373008-56] DEBUG org.eclipse.jetty.server.HttpConnection - HttpConnection@13c7e6a3::DecryptedEndPoint@674a1ab8{l=/127.0.0.1:33437,r=/127.0.0.1:57192,OPEN,fill=-,flush=-,to=4/30000} parsed false HttpParser{s=START,0 of -1}
04:29:53.970 [qtp399373008-56] DEBUG org.eclipse.jetty.server.HttpConnection - releaseRequestBuffer HttpConnection@13c7e6a3::DecryptedEndPoint@674a1ab8{l=/127.0.0.1:33437,r=/127.0.0.1:57192,OPEN,fill=-,flush=-,to=4/30000}
04:29:53.970 [qtp399373008-56] DEBUG org.eclipse.jetty.io.AbstractConnection - fillInterested HttpConnection@13c7e6a3::DecryptedEndPoint@674a1ab8{l=/127.0.0.1:33437,r=/127.0.0.1:57192,OPEN,fill=-,flush=-,to=4/30000}
04:29:53.970 [qtp399373008-56] DEBUG org.eclipse.jetty.io.FillInterest - interested FillInterest@8dcc975{AC.ReadCB@13c7e6a3{HttpConnection@13c7e6a3::DecryptedEndPoint@674a1ab8{l=/127.0.0.1:33437,r=/127.0.0.1:57192,OPEN,fill=FI,flush=-,to=0/30000}}}
04:29:53.970 [qtp399373008-56] DEBUG org.eclipse.jetty.io.ssl.SslConnection - >needFillInterest s=IDLE/IDLE uf=true ei=null di=null SslConnection@13aa96af::SocketChannelEndPoint@44469305{l=/127.0.0.1:33437,r=/127.0.0.1:57192,OPEN,fill=-,flush=-,to=0/30000}{io=0/0,kio=0,kro=1}->SslConnection@13aa96af{NEED_UNWRAP,eio=-1/-1,di=-1,fill=IDLE,flush=IDLE}~>DecryptedEndPoint@674a1ab8{l=/127.0.0.1:33437,r=/127.0.0.1:57192,OPEN,fill=FI,flush=-,to=0/30000}=>HttpConnection@13c7e6a3[p=HttpParser{s=START,0 of -1},g=HttpGenerator@2482d1b8{s=START}]=>HttpChannelOverHttp@3c911ee7{s=HttpChannelState@17e46dfa{s=IDLE rs=BLOCKING os=OPEN is=IDLE awp=false se=false i=true al=0},r=0,c=false/false,a=IDLE,uri=null,age=0}
04:29:53.970 [qtp399373008-56] DEBUG org.eclipse.jetty.io.ssl.SslConnection - <needFillInterest s=IDLE/INTERESTED f=false i=true w=null
04:29:53.970 [qtp399373008-56] DEBUG org.eclipse.jetty.io.ssl.SslConnection - ensureFillInterested SslConnection@13aa96af::SocketChannelEndPoint@44469305{l=/127.0.0.1:33437,r=/127.0.0.1:57192,OPEN,fill=-,flush=-,to=1/30000}{io=0/0,kio=0,kro=1}->SslConnection@13aa96af{NEED_UNWRAP,eio=-1/-1,di=-1,fill=INTERESTED,flush=IDLE}~>DecryptedEndPoint@674a1ab8{l=/127.0.0.1:33437,r=/127.0.0.1:57192,OPEN,fill=FI,flush=-,to=0/30000}=>HttpConnection@13c7e6a3[p=HttpParser{s=START,0 of -1},g=HttpGenerator@2482d1b8{s=START}]=>HttpChannelOverHttp@3c911ee7{s=HttpChannelState@17e46dfa{s=IDLE rs=BLOCKING os=OPEN is=IDLE awp=false se=false i=true al=0},r=0,c=false/false,a=IDLE,uri=null,age=0}
04:29:53.970 [qtp399373008-56] DEBUG org.eclipse.jetty.io.FillInterest - interested FillInterest@2e39910{SSLC.NBReadCB@13aa96af{SslConnection@13aa96af::SocketChannelEndPoint@44469305{l=/127.0.0.1:33437,r=/127.0.0.1:57192,OPEN,fill=FI,flush=-,to=0/30000}{io=0/0,kio=0,kro=1}->SslConnection@13aa96af{NEED_UNWRAP,eio=-1/-1,di=-1,fill=INTERESTED,flush=IDLE}~>DecryptedEndPoint@674a1ab8{l=/127.0.0.1:33437,r=/127.0.0.1:57192,OPEN,fill=FI,flush=-,to=0/30000}=>HttpConnection@13c7e6a3[p=HttpParser{s=START,0 of -1},g=HttpGenerator@2482d1b8{s=START}]=>HttpChannelOverHttp@3c911ee7{s=HttpChannelState@17e46dfa{s=IDLE rs=BLOCKING os=OPEN is=IDLE awp=false se=false i=true al=0},r=0,c=false/false,a=IDLE,uri=null,age=0}}}
04:29:53.970 [qtp399373008-56] DEBUG org.eclipse.jetty.io.ChannelEndPoint - changeInterests p=false 0->1 for SocketChannelEndPoint@44469305{l=/127.0.0.1:33437,r=/127.0.0.1:57192,OPEN,fill=FI,flush=-,to=0/30000}{io=0/1,kio=0,kro=1}->SslConnection@13aa96af{NEED_UNWRAP,eio=-1/-1,di=-1,fill=INTERESTED,flush=IDLE}~>DecryptedEndPoint@674a1ab8{l=/127.0.0.1:33437,r=/127.0.0.1:57192,OPEN,fill=FI,flush=-,to=0/30000}=>HttpConnection@13c7e6a3[p=HttpParser{s=START,0 of -1},g=HttpGenerator@2482d1b8{s=START}]=>HttpChannelOverHttp@3c911ee7{s=HttpChannelState@17e46dfa{s=IDLE rs=BLOCKING os=OPEN is=IDLE awp=false se=false i=true al=0},r=0,c=false/false,a=IDLE,uri=null,age=0}
04:29:53.971 [qtp399373008-56] DEBUG org.eclipse.jetty.io.ManagedSelector - Queued change lazy=false org.eclipse.jetty.io.ChannelEndPoint$$Lambda$255/1126011505@45bb680d on ManagedSelector@47a86fbb{STARTED} id=2 keys=1 selected=0 updates=0
04:29:53.971 [qtp399373008-56] DEBUG org.eclipse.jetty.io.ManagedSelector - Wakeup on submit ManagedSelector@47a86fbb{STARTED} id=2 keys=1 selected=0 updates=1
04:29:53.971 [qtp399373008-62] DEBUG org.eclipse.jetty.io.ManagedSelector - Selector sun.nio.ch.EPollSelectorImpl@79e51817 woken with none selected
04:29:53.971 [qtp399373008-56] DEBUG org.eclipse.jetty.server.HttpConnection - HttpConnection@13c7e6a3::DecryptedEndPoint@674a1ab8{l=/127.0.0.1:33437,r=/127.0.0.1:57192,OPEN,fill=FI,flush=-,to=0/30000} onFillable exit HttpChannelState@17e46dfa{s=IDLE rs=BLOCKING os=OPEN is=IDLE awp=false se=false i=true al=0} null
04:29:53.971 [qtp399373008-62] DEBUG org.eclipse.jetty.io.ManagedSelector - Selector sun.nio.ch.EPollSelectorImpl@79e51817 woken up from select, 0/0/1 selected
04:29:53.971 [qtp399373008-62] DEBUG org.eclipse.jetty.io.ManagedSelector - Selector sun.nio.ch.EPollSelectorImpl@79e51817 processing 0 keys, 1 updates
04:29:53.971 [qtp399373008-62] DEBUG org.eclipse.jetty.io.ManagedSelector - updateable 1
04:29:53.971 [qtp399373008-62] DEBUG org.eclipse.jetty.io.ManagedSelector - update org.eclipse.jetty.io.ChannelEndPoint$$Lambda$255/1126011505@45bb680d
04:29:53.971 [qtp399373008-56] DEBUG org.eclipse.jetty.io.ssl.SslConnection - <c.onFillable SslConnection@13aa96af::SocketChannelEndPoint@44469305{l=/127.0.0.1:33437,r=/127.0.0.1:57192,OPEN,fill=FI,flush=-,to=0/30000}{io=0/1,kio=0,kro=1}->SslConnection@13aa96af{NEED_UNWRAP,eio=-1/-1,di=-1,fill=INTERESTED,flush=IDLE}~>DecryptedEndPoint@674a1ab8{l=/127.0.0.1:33437,r=/127.0.0.1:57192,OPEN,fill=FI,flush=-,to=0/30000}=>HttpConnection@13c7e6a3[p=HttpParser{s=START,0 of -1},g=HttpGenerator@2482d1b8{s=START}]=>HttpChannelOverHttp@3c911ee7{s=HttpChannelState@17e46dfa{s=IDLE rs=BLOCKING os=OPEN is=IDLE awp=false se=false i=true al=0},r=0,c=false/false,a=IDLE,uri=null,age=0}
04:29:53.971 [qtp399373008-56] DEBUG org.eclipse.jetty.util.thread.ReservedThreadExecutor - ReservedThread@32c91a88{RUNNING,thread=Thread[qtp399373008-56,5,main]} was=RUNNING next=RESERVED size=0+2 capacity=8
04:29:53.971 [qtp399373008-62] DEBUG org.eclipse.jetty.io.ChannelEndPoint - Key interests updated 0 -> 1 on SocketChannelEndPoint@44469305{l=/127.0.0.1:33437,r=/127.0.0.1:57192,OPEN,fill=FI,flush=-,to=0/30000}{io=1/1,kio=1,kro=1}->SslConnection@13aa96af{NEED_UNWRAP,eio=-1/-1,di=-1,fill=INTERESTED,flush=IDLE}~>DecryptedEndPoint@674a1ab8{l=/127.0.0.1:33437,r=/127.0.0.1:57192,OPEN,fill=FI,flush=-,to=0/30000}=>HttpConnection@13c7e6a3[p=HttpParser{s=START,0 of -1},g=HttpGenerator@2482d1b8{s=START}]=>HttpChannelOverHttp@3c911ee7{s=HttpChannelState@17e46dfa{s=IDLE rs=BLOCKING os=OPEN is=IDLE awp=false se=false i=true al=0},r=0,c=false/false,a=IDLE,uri=null,age=0}
04:29:53.971 [qtp399373008-56] DEBUG org.eclipse.jetty.util.thread.ReservedThreadExecutor - ReservedThread@32c91a88{RESERVED,thread=Thread[qtp399373008-56,5,main]} waiting ReservedThreadExecutor@424fd310{reserved=2/8,pending=0}
04:29:53.971 [qtp399373008-62] DEBUG org.eclipse.jetty.io.ManagedSelector - updates 0
04:29:53.971 [qtp399373008-62] DEBUG org.eclipse.jetty.io.ManagedSelector - Selector sun.nio.ch.EPollSelectorImpl@79e51817 waiting with 1 keys
04:29:54.009 [qtp399373008-62] DEBUG org.eclipse.jetty.io.ManagedSelector - Selector sun.nio.ch.EPollSelectorImpl@79e51817 woken up from select, 1/1/1 selected
04:29:54.009 [qtp399373008-62] DEBUG org.eclipse.jetty.io.ManagedSelector - Selector sun.nio.ch.EPollSelectorImpl@79e51817 processing 1 keys, 0 updates
04:29:54.009 [qtp399373008-62] DEBUG org.eclipse.jetty.io.ManagedSelector - selected 1 sun.nio.ch.SelectionKeyImpl@7722e95b SocketChannelEndPoint@44469305{l=/127.0.0.1:33437,r=/127.0.0.1:57192,OPEN,fill=FI,flush=-,to=38/30000}{io=1/1,kio=1,kro=1}->SslConnection@13aa96af{NEED_UNWRAP,eio=-1/-1,di=-1,fill=INTERESTED,flush=IDLE}~>DecryptedEndPoint@674a1ab8{l=/127.0.0.1:33437,r=/127.0.0.1:57192,OPEN,fill=FI,flush=-,to=38/30000}=>HttpConnection@13c7e6a3[p=HttpParser{s=START,0 of -1},g=HttpGenerator@2482d1b8{s=START}]=>HttpChannelOverHttp@3c911ee7{s=HttpChannelState@17e46dfa{s=IDLE rs=BLOCKING os=OPEN is=IDLE awp=false se=false i=true al=0},r=0,c=false/false,a=IDLE,uri=null,age=0} 
04:29:54.009 [qtp399373008-62] DEBUG org.eclipse.jetty.io.ChannelEndPoint - onSelected 1->0 r=true w=false for SocketChannelEndPoint@44469305{l=/127.0.0.1:33437,r=/127.0.0.1:57192,OPEN,fill=FI,flush=-,to=38/30000}{io=1/0,kio=1,kro=1}->SslConnection@13aa96af{NEED_UNWRAP,eio=-1/-1,di=-1,fill=INTERESTED,flush=IDLE}~>DecryptedEndPoint@674a1ab8{l=/127.0.0.1:33437,r=/127.0.0.1:57192,OPEN,fill=FI,flush=-,to=38/30000}=>HttpConnection@13c7e6a3[p=HttpParser{s=START,0 of -1},g=HttpGenerator@2482d1b8{s=START}]=>HttpChannelOverHttp@3c911ee7{s=HttpChannelState@17e46dfa{s=IDLE rs=BLOCKING os=OPEN is=IDLE awp=false se=false i=true al=0},r=0,c=false/false,a=IDLE,uri=null,age=0}
04:29:54.009 [qtp399373008-62] DEBUG org.eclipse.jetty.io.ChannelEndPoint - task CEP:SocketChannelEndPoint@44469305{l=/127.0.0.1:33437,r=/127.0.0.1:57192,OPEN,fill=FI,flush=-,to=38/30000}{io=1/0,kio=1,kro=1}->SslConnection@13aa96af{NEED_UNWRAP,eio=-1/-1,di=-1,fill=INTERESTED,flush=IDLE}~>DecryptedEndPoint@674a1ab8{l=/127.0.0.1:33437,r=/127.0.0.1:57192,OPEN,fill=FI,flush=-,to=38/30000}=>HttpConnection@13c7e6a3[p=HttpParser{s=START,0 of -1},g=HttpGenerator@2482d1b8{s=START}]=>HttpChannelOverHttp@3c911ee7{s=HttpChannelState@17e46dfa{s=IDLE rs=BLOCKING os=OPEN is=IDLE awp=false se=false i=true al=0},r=0,c=false/false,a=IDLE,uri=null,age=0}:runFillable:BLOCKING
04:29:54.009 [qtp399373008-62] DEBUG org.eclipse.jetty.util.thread.ReservedThreadExecutor - ReservedThreadExecutor@424fd310{reserved=2/8,pending=0} tryExecute EatWhatYouKill@1c3146bc/SelectorProducer@56c698e3/PRODUCING/p=false/QueuedThreadPool[qtp399373008]@17cdf2d0{STARTED,8<=8<=200,i=1,r=-1,q=0}[ReservedThreadExecutor@424fd310{reserved=2/8,pending=0}][pc=0,pic=0,pec=0,epc=2]@2024-05-02T04:29:54.009+01:00
04:29:54.009 [qtp399373008-62] DEBUG org.eclipse.jetty.util.thread.strategy.EatWhatYouKill - EatWhatYouKill@1c3146bc/SelectorProducer@56c698e3/IDLE/p=true/QueuedThreadPool[qtp399373008]@17cdf2d0{STARTED,8<=8<=200,i=1,r=-1,q=0}[ReservedThreadExecutor@424fd310{reserved=1/8,pending=0}][pc=0,pic=0,pec=0,epc=2]@2024-05-02T04:29:54.009+01:00 m=EXECUTE_PRODUCE_CONSUME t=CEP:SocketChannelEndPoint@44469305{l=/127.0.0.1:33437,r=/127.0.0.1:57192,OPEN,fill=FI,flush=-,to=38/30000}{io=1/0,kio=1,kro=1}->SslConnection@13aa96af{NEED_UNWRAP,eio=-1/-1,di=-1,fill=INTERESTED,flush=IDLE}~>DecryptedEndPoint@674a1ab8{l=/127.0.0.1:33437,r=/127.0.0.1:57192,OPEN,fill=FI,flush=-,to=39/30000}=>HttpConnection@13c7e6a3[p=HttpParser{s=START,0 of -1},g=HttpGenerator@2482d1b8{s=START}]=>HttpChannelOverHttp@3c911ee7{s=HttpChannelState@17e46dfa{s=IDLE rs=BLOCKING os=OPEN is=IDLE awp=false se=false i=true al=0},r=0,c=false/false,a=IDLE,uri=null,age=0}:runFillable:BLOCKING/BLOCKING
04:29:54.009 [qtp399373008-56] DEBUG org.eclipse.jetty.util.thread.ReservedThreadExecutor - ReservedThread@32c91a88{RESERVED,thread=Thread[qtp399373008-56,5,main]} task=EatWhatYouKill@1c3146bc/SelectorProducer@56c698e3/IDLE/p=true/QueuedThreadPool[qtp399373008]@17cdf2d0{STARTED,8<=8<=200,i=1,r=-1,q=0}[ReservedThreadExecutor@424fd310{reserved=1/8,pending=0}][pc=0,pic=0,pec=0,epc=2]@2024-05-02T04:29:54.009+01:00 ReservedThreadExecutor@424fd310{reserved=1/8,pending=0}
04:29:54.009 [qtp399373008-62] DEBUG org.eclipse.jetty.io.FillInterest - fillable FillInterest@2e39910{SSLC.NBReadCB@13aa96af{SslConnection@13aa96af::SocketChannelEndPoint@44469305{l=/127.0.0.1:33437,r=/127.0.0.1:57192,OPEN,fill=FI,flush=-,to=38/30000}{io=1/0,kio=1,kro=1}->SslConnection@13aa96af{NEED_UNWRAP,eio=-1/-1,di=-1,fill=INTERESTED,flush=IDLE}~>DecryptedEndPoint@674a1ab8{l=/127.0.0.1:33437,r=/127.0.0.1:57192,OPEN,fill=FI,flush=-,to=39/30000}=>HttpConnection@13c7e6a3[p=HttpParser{s=START,0 of -1},g=HttpGenerator@2482d1b8{s=START}]=>HttpChannelOverHttp@3c911ee7{s=HttpChannelState@17e46dfa{s=IDLE rs=BLOCKING os=OPEN is=IDLE awp=false se=false i=true al=0},r=0,c=false/false,a=IDLE,uri=null,age=0}}}
04:29:54.009 [qtp399373008-56] DEBUG org.eclipse.jetty.util.thread.strategy.EatWhatYouKill - EatWhatYouKill@1c3146bc/SelectorProducer@56c698e3/IDLE/p=true/QueuedThreadPool[qtp399373008]@17cdf2d0{STARTED,8<=8<=200,i=1,r=-1,q=0}[ReservedThreadExecutor@424fd310{reserved=1/8,pending=0}][pc=0,pic=0,pec=0,epc=3]@2024-05-02T04:29:54.009+01:00 tryProduce true
04:29:54.009 [qtp399373008-56] DEBUG org.eclipse.jetty.io.ManagedSelector - updateable 0
04:29:54.009 [qtp399373008-56] DEBUG org.eclipse.jetty.io.ManagedSelector - updates 0
04:29:54.009 [qtp399373008-62] DEBUG org.eclipse.jetty.io.ssl.SslConnection - >c.onFillable SslConnection@13aa96af::SocketChannelEndPoint@44469305{l=/127.0.0.1:33437,r=/127.0.0.1:57192,OPEN,fill=-,flush=-,to=39/30000}{io=1/0,kio=1,kro=1}->SslConnection@13aa96af{NEED_UNWRAP,eio=-1/-1,di=-1,fill=INTERESTED,flush=IDLE}~>DecryptedEndPoint@674a1ab8{l=/127.0.0.1:33437,r=/127.0.0.1:57192,OPEN,fill=FI,flush=-,to=39/30000}=>HttpConnection@13c7e6a3[p=HttpParser{s=START,0 of -1},g=HttpGenerator@2482d1b8{s=START}]=>HttpChannelOverHttp@3c911ee7{s=HttpChannelState@17e46dfa{s=IDLE rs=BLOCKING os=OPEN is=IDLE awp=false se=false i=true al=0},r=0,c=false/false,a=IDLE,uri=null,age=0}
04:29:54.009 [qtp399373008-56] DEBUG org.eclipse.jetty.io.ChannelEndPoint - Key interests updated 1 -> 0 on SocketChannelEndPoint@44469305{l=/127.0.0.1:33437,r=/127.0.0.1:57192,OPEN,fill=-,flush=-,to=39/30000}{io=0/0,kio=0,kro=1}->SslConnection@13aa96af{NEED_UNWRAP,eio=-1/-1,di=-1,fill=INTERESTED,flush=IDLE}~>DecryptedEndPoint@674a1ab8{l=/127.0.0.1:33437,r=/127.0.0.1:57192,OPEN,fill=FI,flush=-,to=39/30000}=>HttpConnection@13c7e6a3[p=HttpParser{s=START,0 of -1},g=HttpGenerator@2482d1b8{s=START}]=>HttpChannelOverHttp@3c911ee7{s=HttpChannelState@17e46dfa{s=IDLE rs=BLOCKING os=OPEN is=IDLE awp=false se=false i=true al=0},r=0,c=false/false,a=IDLE,uri=null,age=0}
04:29:54.009 [qtp399373008-62] DEBUG org.eclipse.jetty.io.ssl.SslConnection - onFillable SslConnection@13aa96af::SocketChannelEndPoint@44469305{l=/127.0.0.1:33437,r=/127.0.0.1:57192,OPEN,fill=-,flush=-,to=39/30000}{io=0/0,kio=0,kro=1}->SslConnection@13aa96af{NEED_UNWRAP,eio=-1/-1,di=-1,fill=INTERESTED,flush=IDLE}~>DecryptedEndPoint@674a1ab8{l=/127.0.0.1:33437,r=/127.0.0.1:57192,OPEN,fill=FI,flush=-,to=39/30000}=>HttpConnection@13c7e6a3[p=HttpParser{s=START,0 of -1},g=HttpGenerator@2482d1b8{s=START}]=>HttpChannelOverHttp@3c911ee7{s=HttpChannelState@17e46dfa{s=IDLE rs=BLOCKING os=OPEN is=IDLE awp=false se=false i=true al=0},r=0,c=false/false,a=IDLE,uri=null,age=0}
04:29:54.009 [qtp399373008-56] DEBUG org.eclipse.jetty.io.ManagedSelector - Selector sun.nio.ch.EPollSelectorImpl@79e51817 waiting with 1 keys
04:29:54.009 [qtp399373008-62] DEBUG org.eclipse.jetty.io.FillInterest - fillable FillInterest@8dcc975{AC.ReadCB@13c7e6a3{HttpConnection@13c7e6a3::DecryptedEndPoint@674a1ab8{l=/127.0.0.1:33437,r=/127.0.0.1:57192,OPEN,fill=FI,flush=-,to=39/30000}}}
04:29:54.010 [qtp399373008-62] DEBUG org.eclipse.jetty.server.HttpConnection - HttpConnection@13c7e6a3::DecryptedEndPoint@674a1ab8{l=/127.0.0.1:33437,r=/127.0.0.1:57192,OPEN,fill=-,flush=-,to=39/30000} onFillable enter HttpChannelState@17e46dfa{s=IDLE rs=BLOCKING os=OPEN is=IDLE awp=false se=false i=true al=0} null
04:29:54.010 [qtp399373008-62] DEBUG org.eclipse.jetty.io.ssl.SslConnection - >fill SslConnection@13aa96af::SocketChannelEndPoint@44469305{l=/127.0.0.1:33437,r=/127.0.0.1:57192,OPEN,fill=-,flush=-,to=39/30000}{io=0/0,kio=0,kro=1}->SslConnection@13aa96af{NEED_UNWRAP,eio=-1/-1,di=-1,fill=IDLE,flush=IDLE}~>DecryptedEndPoint@674a1ab8{l=/127.0.0.1:33437,r=/127.0.0.1:57192,OPEN,fill=-,flush=-,to=39/30000}=>HttpConnection@13c7e6a3[p=HttpParser{s=START,0 of -1},g=HttpGenerator@2482d1b8{s=START}]=>HttpChannelOverHttp@3c911ee7{s=HttpChannelState@17e46dfa{s=IDLE rs=BLOCKING os=OPEN is=IDLE awp=false se=false i=true al=0},r=0,c=false/false,a=IDLE,uri=null,age=0}
04:29:54.010 [qtp399373008-62] DEBUG org.eclipse.jetty.io.ssl.SslConnection - fill NEED_UNWRAP
04:29:54.010 [qtp399373008-62] DEBUG org.eclipse.jetty.io.ChannelEndPoint - filled 1508 HeapByteBuffer@60af7bcf[p=0,l=1508,c=17408,r=1508]={<<<\x17\x03\x03\x03\xAd\x14\xF5\x1c&\xBb\xB6\x19\xE4&\xDa6\xC8\x8fl\x10\xE8\x9e\xA4n\xA6...#i\x0e\x81\x94\x9ac\xEe\x80_2\x86\xF1\x11\xA3\xA7\xB9-\x14"\xC8;l>>>\x00\x00\x00\x00\x00\x00\x00\x00\x00...\x00\x00\x00\x00\x00\x00\x00}
04:29:54.010 [qtp399373008-62] DEBUG org.eclipse.jetty.io.ssl.SslConnection - net filled=1508
04:29:54.010 [qtp399373008-62] DEBUG org.eclipse.jetty.io.ssl.SslConnection - unwrap net_filled=1508 Status = OK HandshakeStatus = NEED_TASK bytesConsumed = 946 bytesProduced = 0 encryptedBuffer=[p=946,l=1508,c=17408,r=562] unwrapBuffer=HeapByteBuffer@6a5710bf[p=0,l=0,c=17408,r=0]={<<<>>>\x14\x03\x03\x00\x01\x01W\xEd\x84...\x00\x00\x00\x00\x00\x00\x00} appBuffer=HeapByteBuffer@6a5710bf[p=0,l=0,c=17408,r=0]={<<<>>>\x14\x03\x03\x00\x01\x01W\xEd\x84...\x00\x00\x00\x00\x00\x00\x00}
04:29:54.010 [qtp399373008-62] DEBUG org.eclipse.jetty.io.ssl.SslConnection - fill NEED_TASK
04:29:54.010 [qtp399373008-62] DEBUG org.eclipse.jetty.io.ssl.SslConnection - fill NEED_UNWRAP
04:29:54.010 [qtp399373008-62] DEBUG org.eclipse.jetty.io.ChannelEndPoint - filled 0 HeapByteBuffer@60af7bcf[p=946,l=1508,c=17408,r=562]={\x17\x03\x03\x03\xAd\x0b\x00\x03\x88...R\xF4\x9c#s\xD1P<<<\x17\x03\x03\x01)7v\x95\xF9o\xCc\xEf\xB6L4\x9dq\n\xEf\x9a\xB6\x05\xA6j\xA0...#i\x0e\x81\x94\x9ac\xEe\x80_2\x86\xF1\x11\xA3\xA7\xB9-\x14"\xC8;l>>>\x00\x00\x00\x00\x00\x00\x00\x00\x00...\x00\x00\x00\x00\x00\x00\x00}
04:29:54.010 [qtp399373008-62] DEBUG org.eclipse.jetty.io.ssl.SslConnection - net filled=0
04:29:54.010 [qtp399373008-62] DEBUG org.eclipse.jetty.io.ssl.SslConnection - unwrap net_filled=0 Status = OK HandshakeStatus = NEED_TASK bytesConsumed = 302 bytesProduced = 0 encryptedBuffer=[p=1248,l=1508,c=17408,r=260] unwrapBuffer=HeapByteBuffer@6a5710bf[p=0,l=0,c=17408,r=0]={<<<>>>\x14\x03\x03\x00\x01\x01W\xEd\x84...\x00\x00\x00\x00\x00\x00\x00} appBuffer=HeapByteBuffer@6a5710bf[p=0,l=0,c=17408,r=0]={<<<>>>\x14\x03\x03\x00\x01\x01W\xEd\x84...\x00\x00\x00\x00\x00\x00\x00}
04:29:54.010 [qtp399373008-62] DEBUG org.eclipse.jetty.io.ssl.SslConnection - fill NEED_TASK
04:29:54.011 [qtp399373008-62] DEBUG org.eclipse.jetty.io.ssl.SslConnection - fill NEED_UNWRAP
04:29:54.011 [qtp399373008-62] DEBUG org.eclipse.jetty.io.ChannelEndPoint - filled 0 HeapByteBuffer@60af7bcf[p=1248,l=1508,c=17408,r=260]={\x17\x03\x03\x03\xAd\x0b\x00\x03\x88...C\xD1\xD6\xAbw\x00><<<\x17\x03\x03\x00U\xEfc\x8aP}\xFa\x01\x08\x82I\xDd|#K\xC1\xD6!\xE2\xEb\x9d...#i\x0e\x81\x94\x9ac\xEe\x80_2\x86\xF1\x11\xA3\xA7\xB9-\x14"\xC8;l>>>\x00\x00\x00\x00\x00\x00\x00\x00\x00...\x00\x00\x00\x00\x00\x00\x00}
04:29:54.011 [qtp399373008-62] DEBUG org.eclipse.jetty.io.ssl.SslConnection - net filled=0
04:29:54.012 [qtp399373008-62] DEBUG org.eclipse.jetty.io.ssl.SslConnection - unwrap net_filled=0 Status = OK HandshakeStatus = NEED_WRAP bytesConsumed = 90 bytesProduced = 0 encryptedBuffer=[p=1338,l=1508,c=17408,r=170] unwrapBuffer=HeapByteBuffer@6a5710bf[p=0,l=0,c=17408,r=0]={<<<>>>\x14\x03\x03\x00\x01\x01W\xEd\x84...\x00\x00\x00\x00\x00\x00\x00} appBuffer=HeapByteBuffer@6a5710bf[p=0,l=0,c=17408,r=0]={<<<>>>\x14\x03\x03\x00\x01\x01W\xEd\x84...\x00\x00\x00\x00\x00\x00\x00}
04:29:54.012 [qtp399373008-62] DEBUG org.eclipse.jetty.io.ssl.SslConnection - fill NEED_WRAP
04:29:54.012 [qtp399373008-62] DEBUG org.eclipse.jetty.io.ssl.SslConnection - >flush SslConnection@13aa96af::SocketChannelEndPoint@44469305{l=/127.0.0.1:33437,r=/127.0.0.1:57192,OPEN,fill=-,flush=-,to=2/30000}{io=0/0,kio=0,kro=1}->SslConnection@13aa96af{NEED_WRAP,eio=170/-1,di=-1,fill=IDLE,flush=IDLE}~>DecryptedEndPoint@674a1ab8{l=/127.0.0.1:33437,r=/127.0.0.1:57192,OPEN,fill=-,flush=-,to=42/30000}=>HttpConnection@13c7e6a3[p=HttpParser{s=START,0 of -1},g=HttpGenerator@2482d1b8{s=START}]=>HttpChannelOverHttp@3c911ee7{s=HttpChannelState@17e46dfa{s=IDLE rs=BLOCKING os=OPEN is=IDLE awp=false se=false i=true al=0},r=0,c=false/false,a=IDLE,uri=null,age=0}
04:29:54.012 [qtp399373008-62] DEBUG org.eclipse.jetty.io.ssl.SslConnection - flush b[0]=HeapByteBuffer@29624c55[p=0,l=0,c=0,r=0]={<<<>>>}
04:29:54.012 [qtp399373008-62] DEBUG org.eclipse.jetty.io.ssl.SslConnection - flush NEED_WRAP
04:29:54.012 [qtp399373008-62] DEBUG org.eclipse.jetty.io.ssl.SslConnection - wrap Status = OK HandshakeStatus = FINISHED bytesConsumed = 0 bytesProduced = 88 [p=0,l=88,c=17408,r=88] ioDone=false/false
04:29:54.013 [qtp399373008-62] DEBUG org.eclipse.jetty.io.ChannelEndPoint - flushed 88 SocketChannelEndPoint@44469305{l=/127.0.0.1:33437,r=/127.0.0.1:57192,OPEN,fill=-,flush=-,to=3/30000}{io=0/0,kio=0,kro=1}->SslConnection@13aa96af{NOT_HANDSHAKING,eio=170/0,di=-1,fill=IDLE,flush=IDLE}~>DecryptedEndPoint@674a1ab8{l=/127.0.0.1:33437,r=/127.0.0.1:57192,OPEN,fill=-,flush=-,to=42/30000}=>HttpConnection@13c7e6a3[p=HttpParser{s=START,0 of -1},g=HttpGenerator@2482d1b8{s=START}]=>HttpChannelOverHttp@3c911ee7{s=HttpChannelState@17e46dfa{s=IDLE rs=BLOCKING os=OPEN is=IDLE awp=false se=false i=true al=0},r=0,c=false/false,a=IDLE,uri=null,age=0}
04:29:54.013 [qtp399373008-62] DEBUG org.eclipse.jetty.io.ssl.SslConnection - net flushed=true, ac=true
04:29:54.013 [qtp399373008-62] DEBUG org.eclipse.jetty.io.ssl.SslConnection - handshake succeeded SslConnection@13aa96af::SocketChannelEndPoint@44469305{l=/127.0.0.1:33437,r=/127.0.0.1:57192,OPEN,fill=-,flush=-,to=0/30000}{io=0/0,kio=0,kro=1}->SslConnection@13aa96af{NOT_HANDSHAKING,eio=170/0,di=-1,fill=IDLE,flush=IDLE}~>DecryptedEndPoint@674a1ab8{l=/127.0.0.1:33437,r=/127.0.0.1:57192,OPEN,fill=-,flush=-,to=42/30000}=>HttpConnection@13c7e6a3[p=HttpParser{s=START,0 of -1},g=HttpGenerator@2482d1b8{s=START}]=>HttpChannelOverHttp@3c911ee7{s=HttpChannelState@17e46dfa{s=IDLE rs=BLOCKING os=OPEN is=IDLE awp=false se=false i=true al=0},r=0,c=false/false,a=IDLE,uri=null,age=0} resumed server TLSv1.3/TLS_AES_256_GCM_SHA384
04:29:54.013 [qtp399373008-62] DEBUG org.eclipse.jetty.io.ssl.SslConnection - <flush true SslConnection@13aa96af::SocketChannelEndPoint@44469305{l=/127.0.0.1:33437,r=/127.0.0.1:57192,OPEN,fill=-,flush=-,to=0/30000}{io=0/0,kio=0,kro=1}->SslConnection@13aa96af{NOT_HANDSHAKING,eio=170/-1,di=-1,fill=IDLE,flush=IDLE}~>DecryptedEndPoint@674a1ab8{l=/127.0.0.1:33437,r=/127.0.0.1:57192,OPEN,fill=-,flush=-,to=42/30000}=>HttpConnection@13c7e6a3[p=HttpParser{s=START,0 of -1},g=HttpGenerator@2482d1b8{s=START}]=>HttpChannelOverHttp@3c911ee7{s=HttpChannelState@17e46dfa{s=IDLE rs=BLOCKING os=OPEN is=IDLE awp=false se=false i=true al=0},r=0,c=false/false,a=IDLE,uri=null,age=0}
04:29:54.013 [qtp399373008-62] DEBUG org.eclipse.jetty.io.ssl.SslConnection - fill NOT_HANDSHAKING
04:29:54.013 [qtp399373008-62] DEBUG org.eclipse.jetty.io.ChannelEndPoint - filled 0 HeapByteBuffer@60af7bcf[p=1338,l=1508,c=17408,r=170]={\x17\x03\x03\x03\xAd\x0b\x00\x03\x88...l\x83\xFd\x81X\xE7\x1d<<<\x17\x03\x03\x00\xA5\xD2\xD0`\xAe\xA7\x14\xC6\x87m_\x9c{\xAc)\x02\x94\x82\xB0Hm...#i\x0e\x81\x94\x9ac\xEe\x80_2\x86\xF1\x11\xA3\xA7\xB9-\x14"\xC8;l>>>\x00\x00\x00\x00\x00\x00\x00\x00\x00...\x00\x00\x00\x00\x00\x00\x00}
04:29:54.013 [qtp399373008-62] DEBUG org.eclipse.jetty.io.ssl.SslConnection - net filled=0
04:29:54.013 [qtp399373008-62] DEBUG org.eclipse.jetty.io.ssl.SslConnection - unwrap net_filled=0 Status = OK HandshakeStatus = NOT_HANDSHAKING bytesConsumed = 170 bytesProduced = 132 encryptedBuffer=[p=1508,l=1508,c=17408,r=0] unwrapBuffer=HeapByteBuffer@6a5710bf[p=0,l=132,c=17408,r=132]={<<<GET / HTTP/1.1\r\nIf-None-M...gent: okhttp/3.12.3\r\n\r\n>>>\xF7nH3\x8b\x7f\xBb\xF1\xF3...\x00\x00\x00\x00\x00\x00\x00} appBuffer=HeapByteBuffer@6a5710bf[p=0,l=132,c=17408,r=132]={<<<GET / HTTP/1.1\r\nIf-None-M...gent: okhttp/3.12.3\r\n\r\n>>>\xF7nH3\x8b\x7f\xBb\xF1\xF3...\x00\x00\x00\x00\x00\x00\x00}
04:29:54.013 [qtp399373008-62] DEBUG org.eclipse.jetty.io.ssl.SslConnection - <fill f=132 uf=false SslConnection@13aa96af::SocketChannelEndPoint@44469305{l=/127.0.0.1:33437,r=/127.0.0.1:57192,OPEN,fill=-,flush=-,to=0/30000}{io=0/0,kio=0,kro=1}->SslConnection@13aa96af{NOT_HANDSHAKING,eio=-1/-1,di=-1,fill=IDLE,flush=IDLE}~>DecryptedEndPoint@674a1ab8{l=/127.0.0.1:33437,r=/127.0.0.1:57192,OPEN,fill=-,flush=-,to=43/30000}=>HttpConnection@13c7e6a3[p=HttpParser{s=START,0 of -1},g=HttpGenerator@2482d1b8{s=START}]=>HttpChannelOverHttp@3c911ee7{s=HttpChannelState@17e46dfa{s=IDLE rs=BLOCKING os=OPEN is=IDLE awp=false se=false i=true al=0},r=0,c=false/false,a=IDLE,uri=null,age=0}
04:29:54.013 [qtp399373008-62] DEBUG org.eclipse.jetty.server.HttpConnection - HttpConnection@13c7e6a3::DecryptedEndPoint@674a1ab8{l=/127.0.0.1:33437,r=/127.0.0.1:57192,OPEN,fill=-,flush=-,to=43/30000} filled 132 HeapByteBuffer@6a5710bf[p=0,l=132,c=17408,r=132]={<<<GET / HTTP/1.1\r\nIf-None-M...gent: okhttp/3.12.3\r\n\r\n>>>\xF7nH3\x8b\x7f\xBb\xF1\xF3...\x00\x00\x00\x00\x00\x00\x00}
04:29:54.013 [qtp399373008-62] DEBUG org.eclipse.jetty.server.HttpConnection - HttpConnection@13c7e6a3::DecryptedEndPoint@674a1ab8{l=/127.0.0.1:33437,r=/127.0.0.1:57192,OPEN,fill=-,flush=-,to=43/30000} parse HeapByteBuffer@6a5710bf[p=0,l=132,c=17408,r=132]={<<<GET / HTTP/1.1\r\nIf-None-M...gent: okhttp/3.12.3\r\n\r\n>>>\xF7nH3\x8b\x7f\xBb\xF1\xF3...\x00\x00\x00\x00\x00\x00\x00} {}
04:29:54.013 [qtp399373008-62] DEBUG org.eclipse.jetty.http.HttpParser - parseNext s=START HeapByteBuffer@6a5710bf[p=0,l=132,c=17408,r=132]={<<<GET / HTTP/1.1\r\nIf-None-M...gent: okhttp/3.12.3\r\n\r\n>>>\xF7nH3\x8b\x7f\xBb\xF1\xF3...\x00\x00\x00\x00\x00\x00\x00}
04:29:54.013 [qtp399373008-62] DEBUG org.eclipse.jetty.http.HttpParser - START --> SPACE1
04:29:54.013 [qtp399373008-62] DEBUG org.eclipse.jetty.http.HttpParser - SPACE1 --> URI
04:29:54.013 [qtp399373008-62] DEBUG org.eclipse.jetty.http.HttpParser - URI --> SPACE2
04:29:54.013 [qtp399373008-62] DEBUG org.eclipse.jetty.http.HttpParser - SPACE2 --> REQUEST_VERSION
04:29:54.013 [qtp399373008-62] DEBUG org.eclipse.jetty.http.HttpParser - REQUEST_VERSION --> HEADER
04:29:54.013 [qtp399373008-62] DEBUG org.eclipse.jetty.http.HttpParser - HEADER:If-None-Match --> VALUE
04:29:54.013 [qtp399373008-62] DEBUG org.eclipse.jetty.http.HttpParser - HEADER:If-None-Match --> FIELD
04:29:54.013 [qtp399373008-62] DEBUG org.eclipse.jetty.http.HttpParser - HEADER:Host --> VALUE
04:29:54.013 [qtp399373008-62] DEBUG org.eclipse.jetty.http.HttpParser - HEADER:Host --> IN_VALUE
04:29:54.014 [qtp399373008-62] DEBUG org.eclipse.jetty.http.HttpParser - HEADER:Host --> FIELD
04:29:54.014 [qtp399373008-62] DEBUG org.eclipse.jetty.http.HttpParser - HEADER:Connection: keep-alive --> IN_VALUE
04:29:54.014 [qtp399373008-62] DEBUG org.eclipse.jetty.http.HttpParser - HEADER:Connection: keep-alive --> FIELD
04:29:54.014 [qtp399373008-62] DEBUG org.eclipse.jetty.http.HttpParser - HEADER:Accept-Encoding: gzip --> IN_VALUE
04:29:54.014 [qtp399373008-62] DEBUG org.eclipse.jetty.http.HttpParser - HEADER:Accept-Encoding: gzip --> FIELD
04:29:54.014 [qtp399373008-62] DEBUG org.eclipse.jetty.http.HttpParser - HEADER:User-Agent --> VALUE
04:29:54.014 [qtp399373008-62] DEBUG org.eclipse.jetty.http.HttpParser - HEADER:User-Agent --> IN_VALUE
04:29:54.014 [qtp399373008-62] DEBUG org.eclipse.jetty.http.HttpParser - HEADER:User-Agent --> FIELD
04:29:54.014 [qtp399373008-62] DEBUG org.eclipse.jetty.http.HttpParser - HEADER --> CONTENT
04:29:54.014 [qtp399373008-62] DEBUG org.eclipse.jetty.server.HttpChannel - REQUEST for //localhost:33437/ on HttpChannelOverHttp@3c911ee7{s=HttpChannelState@17e46dfa{s=IDLE rs=BLOCKING os=OPEN is=IDLE awp=false se=false i=true al=0},r=1,c=false/false,a=IDLE,uri=//localhost:33437/,age=0}
GET //localhost:33437/ HTTP/1.1
If-None-Match: 
Host: localhost:33437
Connection: keep-alive
Accept-Encoding: gzip
User-Agent: okhttp/3.12.3


04:29:54.014 [qtp399373008-62] DEBUG org.eclipse.jetty.server.HttpConnection - HttpConnection@13c7e6a3::DecryptedEndPoint@674a1ab8{l=/127.0.0.1:33437,r=/127.0.0.1:57192,OPEN,fill=-,flush=-,to=43/30000} parsed true HttpParser{s=CONTENT,0 of -1}
04:29:54.014 [qtp399373008-62] DEBUG org.eclipse.jetty.server.HttpConnection - releaseRequestBuffer HttpConnection@13c7e6a3::DecryptedEndPoint@674a1ab8{l=/127.0.0.1:33437,r=/127.0.0.1:57192,OPEN,fill=-,flush=-,to=43/30000}
04:29:54.014 [qtp399373008-62] DEBUG org.eclipse.jetty.server.HttpChannel - handle //localhost:33437/ HttpChannelOverHttp@3c911ee7{s=HttpChannelState@17e46dfa{s=IDLE rs=BLOCKING os=OPEN is=IDLE awp=false se=false i=true al=0},r=1,c=false/false,a=IDLE,uri=//localhost:33437/,age=0} 
04:29:54.014 [qtp399373008-62] DEBUG org.eclipse.jetty.server.HttpChannelState - handling HttpChannelState@17e46dfa{s=IDLE rs=BLOCKING os=OPEN is=IDLE awp=false se=false i=true al=0}
04:29:54.014 [qtp399373008-62] DEBUG org.eclipse.jetty.server.HttpChannel - action DISPATCH HttpChannelOverHttp@3c911ee7{s=HttpChannelState@17e46dfa{s=HANDLING rs=BLOCKING os=OPEN is=IDLE awp=false se=false i=true al=0},r=1,c=false/false,a=HANDLING,uri=//localhost:33437/,age=0}
04:29:54.014 [qtp399373008-62] DEBUG org.eclipse.jetty.server.SecureRequestCustomizer - Host localhost with SNI null
04:29:54.014 [qtp399373008-62] DEBUG org.eclipse.jetty.server.Server - REQUEST GET / on HttpChannelOverHttp@3c911ee7{s=HttpChannelState@17e46dfa{s=HANDLING rs=BLOCKING os=OPEN is=IDLE awp=false se=false i=true al=0},r=1,c=false/false,a=HANDLING,uri=https://localhost:33437/,age=0}
04:29:54.014 [qtp399373008-62] DEBUG org.eclipse.jetty.server.HttpOutput - write(array HeapByteBuffer@2f559391[p=0,l=4,c=512,r=4]={<<<test>>>\x00\x00\x00\x00\x00\x00\x00\x00\x00...\x00\x00\x00\x00\x00\x00\x00})
04:29:54.014 [qtp399373008-62] DEBUG org.eclipse.jetty.server.HttpOutput - write(array) s=CLOSING,api=BLOCKED,sc=false,e=null last=true agg=false flush=true async=false, len=4 null
04:29:54.014 [qtp399373008-62] DEBUG org.eclipse.jetty.server.HttpChannel - sendResponse info=null content=HeapByteBuffer@34bfe4b7[p=0,l=4,c=512,r=4]={<<<test>>>\x00\x00\x00\x00\x00\x00\x00\x00\x00...\x00\x00\x00\x00\x00\x00\x00} complete=true committing=true callback=Blocker@1e309e43{null}
04:29:54.014 [qtp399373008-62] DEBUG org.eclipse.jetty.server.HttpChannel - COMMIT for / on HttpChannelOverHttp@3c911ee7{s=HttpChannelState@17e46dfa{s=HANDLING rs=BLOCKING os=COMMITTED is=IDLE awp=false se=false i=true al=0},r=1,c=false/false,a=HANDLING,uri=https://localhost:33437/,age=0}
200 null HTTP/1.1
Date: Thu, 02 May 2024 03:29:54 GMT
ETag: testEtag
Content-Type: text/plain;charset=utf-8
Content-Length: 4


04:29:54.014 [qtp399373008-62] DEBUG org.eclipse.jetty.server.HttpConnection - generate: NEED_HEADER for SendCallback@4c30b7d2[PROCESSING][i=HTTP/1.1{s=200,h=4,cl=4},cb=org.eclipse.jetty.server.HttpChannel$SendCallback@4f7a6cde] (null,[p=0,l=4,c=512,r=4],true)@START
04:29:54.014 [qtp399373008-62] DEBUG org.eclipse.jetty.http.HttpGenerator - generateHeaders HTTP/1.1{s=200,h=4,cl=4} last=true content=HeapByteBuffer@34bfe4b7[p=0,l=4,c=512,r=4]={<<<test>>>\x00\x00\x00\x00\x00\x00\x00\x00\x00...\x00\x00\x00\x00\x00\x00\x00}
04:29:54.014 [qtp399373008-62] DEBUG org.eclipse.jetty.http.HttpGenerator - Date: Thu, 02 May 2024 03:29:54 GMT
ETag: testEtag
Content-Type: text/plain;charset=utf-8
Content-Length: 4


04:29:54.014 [qtp399373008-62] DEBUG org.eclipse.jetty.http.HttpGenerator - CONTENT_LENGTH
04:29:54.014 [qtp399373008-62] DEBUG org.eclipse.jetty.server.HttpConnection - generate: FLUSH for SendCallback@4c30b7d2[PROCESSING][i=HTTP/1.1{s=200,h=4,cl=4},cb=org.eclipse.jetty.server.HttpChannel$SendCallback@4f7a6cde] ([p=0,l=164,c=8192,r=164],[p=0,l=4,c=512,r=4],true)@COMPLETING
04:29:54.014 [qtp399373008-62] DEBUG org.eclipse.jetty.io.WriteFlusher - write: WriteFlusher@4abb3da{IDLE}->null [HeapByteBuffer@4ce71d2b[p=0,l=164,c=8192,r=164]={<<<HTTP/1.1 200 OK\r\nDate: Th...y(9.4.44.v20210927)\r\n\r\n>>>\x00\x00\x00\x00\x00\x00\x00\x00\x00...\x00\x00\x00\x00\x00\x00\x00},HeapByteBuffer@34bfe4b7[p=0,l=4,c=512,r=4]={<<<test>>>\x00\x00\x00\x00\x00\x00\x00\x00\x00...\x00\x00\x00\x00\x00\x00\x00}]
04:29:54.014 [qtp399373008-62] DEBUG org.eclipse.jetty.io.WriteFlusher - update WriteFlusher@4abb3da{WRITING}->null:IDLE-->WRITING
04:29:54.014 [qtp399373008-62] DEBUG org.eclipse.jetty.io.ssl.SslConnection - >flush SslConnection@13aa96af::SocketChannelEndPoint@44469305{l=/127.0.0.1:33437,r=/127.0.0.1:57192,OPEN,fill=-,flush=-,to=1/30000}{io=0/0,kio=0,kro=1}->SslConnection@13aa96af{NOT_HANDSHAKING,eio=-1/-1,di=-1,fill=IDLE,flush=IDLE}~>DecryptedEndPoint@674a1ab8{l=/127.0.0.1:33437,r=/127.0.0.1:57192,OPEN,fill=-,flush=W,to=44/30000}=>HttpConnection@13c7e6a3[p=HttpParser{s=CONTENT,0 of -1},g=HttpGenerator@2482d1b8{s=COMPLETING}]=>HttpChannelOverHttp@3c911ee7{s=HttpChannelState@17e46dfa{s=HANDLING rs=BLOCKING os=COMMITTED is=IDLE awp=false se=false i=true al=0},r=1,c=false/false,a=HANDLING,uri=https://localhost:33437/,age=0}
04:29:54.014 [qtp399373008-62] DEBUG org.eclipse.jetty.io.ssl.SslConnection - flush b[0]=HeapByteBuffer@4ce71d2b[p=0,l=164,c=8192,r=164]={<<<HTTP/1.1 200 OK\r\nDate: Th...y(9.4.44.v20210927)\r\n\r\n>>>\x00\x00\x00\x00\x00\x00\x00\x00\x00...\x00\x00\x00\x00\x00\x00\x00}
04:29:54.014 [qtp399373008-62] DEBUG org.eclipse.jetty.io.ssl.SslConnection - flush b[1]=HeapByteBuffer@34bfe4b7[p=0,l=4,c=512,r=4]={<<<test>>>\x00\x00\x00\x00\x00\x00\x00\x00\x00...\x00\x00\x00\x00\x00\x00\x00}
04:29:54.014 [qtp399373008-62] DEBUG org.eclipse.jetty.io.ssl.SslConnection - flush NOT_HANDSHAKING
04:29:54.014 [qtp399373008-62] DEBUG org.eclipse.jetty.io.ssl.SslConnection - wrap Status = OK HandshakeStatus = NOT_HANDSHAKING bytesConsumed = 168 bytesProduced = 206 [p=0,l=206,c=17408,r=206] ioDone=false/false
04:29:54.015 [qtp399373008-62] DEBUG org.eclipse.jetty.io.ChannelEndPoint - flushed 206 SocketChannelEndPoint@44469305{l=/127.0.0.1:33437,r=/127.0.0.1:57192,OPEN,fill=-,flush=-,to=1/30000}{io=0/0,kio=0,kro=1}->SslConnection@13aa96af{NOT_HANDSHAKING,eio=-1/0,di=-1,fill=IDLE,flush=IDLE}~>DecryptedEndPoint@674a1ab8{l=/127.0.0.1:33437,r=/127.0.0.1:57192,OPEN,fill=-,flush=W,to=44/30000}=>HttpConnection@13c7e6a3[p=HttpParser{s=CONTENT,0 of -1},g=HttpGenerator@2482d1b8{s=COMPLETING}]=>HttpChannelOverHttp@3c911ee7{s=HttpChannelState@17e46dfa{s=HANDLING rs=BLOCKING os=COMMITTED is=IDLE awp=false se=false i=true al=0},r=1,c=false/false,a=HANDLING,uri=https://localhost:33437/,age=1}
04:29:54.015 [qtp399373008-62] DEBUG org.eclipse.jetty.io.ssl.SslConnection - net flushed=true, ac=true
04:29:54.015 [qtp399373008-62] DEBUG org.eclipse.jetty.io.ssl.SslConnection - <flush true SslConnection@13aa96af::SocketChannelEndPoint@44469305{l=/127.0.0.1:33437,r=/127.0.0.1:57192,OPEN,fill=-,flush=-,to=0/30000}{io=0/0,kio=0,kro=1}->SslConnection@13aa96af{NOT_HANDSHAKING,eio=-1/-1,di=-1,fill=IDLE,flush=IDLE}~>DecryptedEndPoint@674a1ab8{l=/127.0.0.1:33437,r=/127.0.0.1:57192,OPEN,fill=-,flush=W,to=44/30000}=>HttpConnection@13c7e6a3[p=HttpParser{s=CONTENT,0 of -1},g=HttpGenerator@2482d1b8{s=COMPLETING}]=>HttpChannelOverHttp@3c911ee7{s=HttpChannelState@17e46dfa{s=HANDLING rs=BLOCKING os=COMMITTED is=IDLE awp=false se=false i=true al=0},r=1,c=false/false,a=HANDLING,uri=https://localhost:33437/,age=1}
04:29:54.015 [qtp399373008-62] DEBUG org.eclipse.jetty.io.WriteFlusher - Flushed=true written=168 remaining=0 WriteFlusher@4abb3da{WRITING}->null
04:29:54.015 [main] DEBUG org.apache.nifi.minifi.bootstrap.configuration.ingestors.PullHttpChangeIngestor - Response received: Response{protocol=http/1.1, code=200, message=OK, url=https://localhost:33437/}
04:29:54.015 [qtp399373008-62] DEBUG org.eclipse.jetty.io.WriteFlusher - update WriteFlusher@4abb3da{IDLE}->null:WRITING-->IDLE
04:29:54.015 [qtp399373008-62] DEBUG org.eclipse.jetty.server.HttpConnection - generate: DONE for SendCallback@4c30b7d2[PROCESSING][i=HTTP/1.1{s=200,h=4,cl=4},cb=org.eclipse.jetty.server.HttpChannel$SendCallback@4f7a6cde] ([p=164,l=164,c=8192,r=0],[p=4,l=4,c=512,r=0],true)@END
04:29:54.015 [qtp399373008-62] DEBUG org.eclipse.jetty.server.HttpOutput - onWriteComplete(true,null) s=CLOSING,api=BLOCKED,sc=false,e=null->s=CLOSED,api=BLOCKING,sc=false,e=null c=null cb=null w=false
04:29:54.015 [qtp399373008-62] DEBUG org.eclipse.jetty.server.HttpOutput - close() s=CLOSED,api=BLOCKING,sc=false,e=null c=null b=null
04:29:54.015 [main] DEBUG org.apache.nifi.minifi.bootstrap.configuration.ingestors.PullHttpChangeIngestor - New change received, notifying listener
04:29:54.015 [qtp399373008-62] DEBUG org.eclipse.jetty.server.Server - handled=true async=false committed=true on HttpChannelOverHttp@3c911ee7{s=HttpChannelState@17e46dfa{s=HANDLING rs=BLOCKING os=COMPLETED is=IDLE awp=false se=false i=true al=0},r=1,c=false/true,a=HANDLING,uri=https://localhost:33437/,age=1}
04:29:54.015 [qtp399373008-62] DEBUG org.eclipse.jetty.server.HttpChannelState - unhandle HttpChannelState@17e46dfa{s=HANDLING rs=BLOCKING os=COMPLETED is=IDLE awp=false se=false i=true al=0}
04:29:54.015 [qtp399373008-62] DEBUG org.eclipse.jetty.server.HttpChannelState - nextAction(false) COMPLETE HttpChannelState@17e46dfa{s=HANDLING rs=COMPLETING os=COMPLETED is=IDLE awp=false se=false i=false al=0}
04:29:54.015 [main] DEBUG org.apache.nifi.minifi.bootstrap.configuration.ingestors.PullHttpChangeIngestor - Listeners notified
04:29:54.015 [qtp399373008-62] DEBUG org.eclipse.jetty.server.HttpChannel - action COMPLETE HttpChannelOverHttp@3c911ee7{s=HttpChannelState@17e46dfa{s=HANDLING rs=COMPLETING os=COMPLETED is=IDLE awp=false se=false i=false al=0},r=1,c=false/true,a=HANDLING,uri=https://localhost:33437/,age=1}
04:29:54.015 [qtp399373008-62] DEBUG org.eclipse.jetty.server.HttpOutput - complete(org.eclipse.jetty.util.Callback$3@1e73e78a) s=CLOSED,api=BLOCKING,sc=false,e=null s=true e=null, c=null
04:29:54.015 [qtp399373008-62] DEBUG org.eclipse.jetty.server.HttpChannelState - completed HttpChannelState@17e46dfa{s=HANDLING rs=COMPLETING os=COMPLETED is=IDLE awp=false se=false i=false al=0}
04:29:54.015 [qtp399373008-62] DEBUG org.eclipse.jetty.server.HttpChannelState - unhandle HttpChannelState@17e46dfa{s=HANDLING rs=COMPLETED os=COMPLETED is=IDLE awp=false se=false i=false al=0}
04:29:54.015 [qtp399373008-62] DEBUG org.eclipse.jetty.server.HttpChannelState - nextAction(false) TERMINATED HttpChannelState@17e46dfa{s=IDLE rs=COMPLETED os=COMPLETED is=IDLE awp=false se=false i=false al=0}
04:29:54.015 [main] DEBUG org.apache.nifi.minifi.bootstrap.configuration.ingestors.PullHttpChangeIngestor - Attempting to pull new config
04:29:54.015 [qtp399373008-62] DEBUG org.eclipse.jetty.server.HttpChannel - action TERMINATED HttpChannelOverHttp@3c911ee7{s=HttpChannelState@17e46dfa{s=IDLE rs=COMPLETED os=COMPLETED is=IDLE awp=false se=false i=false al=0},r=1,c=true/true,a=IDLE,uri=https://localhost:33437/,age=1}
04:29:54.015 [qtp399373008-62] DEBUG org.eclipse.jetty.server.HttpChannel - onCompleted for / written=4
04:29:54.015 [qtp399373008-62] DEBUG org.eclipse.jetty.io.ssl.SslConnection - >fill SslConnection@13aa96af::SocketChannelEndPoint@44469305{l=/127.0.0.1:33437,r=/127.0.0.1:57192,OPEN,fill=-,flush=-,to=0/30000}{io=0/0,kio=0,kro=1}->SslConnection@13aa96af{NOT_HANDSHAKING,eio=-1/-1,di=-1,fill=IDLE,flush=IDLE}~>DecryptedEndPoint@674a1ab8{l=/127.0.0.1:33437,r=/127.0.0.1:57192,OPEN,fill=-,flush=-,to=45/30000}=>HttpConnection@13c7e6a3[p=HttpParser{s=CONTENT,0 of -1},g=HttpGenerator@2482d1b8{s=END}]=>HttpChannelOverHttp@3c911ee7{s=HttpChannelState@17e46dfa{s=IDLE rs=COMPLETED os=COMPLETED is=IDLE awp=false se=false i=false al=0},r=1,c=true/true,a=IDLE,uri=https://localhost:33437/,age=1}
04:29:54.015 [qtp399373008-62] DEBUG org.eclipse.jetty.io.ssl.SslConnection - fill NOT_HANDSHAKING
04:29:54.015 [qtp399373008-62] DEBUG org.eclipse.jetty.io.ChannelEndPoint - filled 0 HeapByteBuffer@6a5710bf[p=0,l=0,c=17408,r=0]={<<<>>>GET / HTT...\x00\x00\x00\x00\x00\x00\x00}
04:29:54.015 [qtp399373008-62] DEBUG org.eclipse.jetty.io.ssl.SslConnection - net filled=0
04:29:54.015 [qtp399373008-62] DEBUG org.eclipse.jetty.io.ssl.SslConnection - unwrap net_filled=0 Status = BUFFER_UNDERFLOW HandshakeStatus = NOT_HANDSHAKING bytesConsumed = 0 bytesProduced = 0 encryptedBuffer=[p=0,l=0,c=17408,r=0] unwrapBuffer=HeapByteBuffer@60af7bcf[p=0,l=0,c=17408,r=0]={<<<>>>\x17\x03\x03\x03\xAd\x0b\x00\x03\x88...\x00\x00\x00\x00\x00\x00\x00} appBuffer=HeapByteBuffer@60af7bcf[p=0,l=0,c=17408,r=0]={<<<>>>\x17\x03\x03\x03\xAd\x0b\x00\x03\x88...\x00\x00\x00\x00\x00\x00\x00}
04:29:54.015 [qtp399373008-62] DEBUG org.eclipse.jetty.io.ssl.SslConnection - <fill f=0 uf=true SslConnection@13aa96af::SocketChannelEndPoint@44469305{l=/127.0.0.1:33437,r=/127.0.0.1:57192,OPEN,fill=-,flush=-,to=0/30000}{io=0/0,kio=0,kro=1}->SslConnection@13aa96af{NOT_HANDSHAKING,eio=-1/-1,di=-1,fill=IDLE,flush=IDLE}~>DecryptedEndPoint@674a1ab8{l=/127.0.0.1:33437,r=/127.0.0.1:57192,OPEN,fill=-,flush=-,to=45/30000}=>HttpConnection@13c7e6a3[p=HttpParser{s=CONTENT,0 of -1},g=HttpGenerator@2482d1b8{s=END}]=>HttpChannelOverHttp@3c911ee7{s=HttpChannelState@17e46dfa{s=IDLE rs=COMPLETED os=COMPLETED is=IDLE awp=false se=false i=false al=0},r=1,c=true/true,a=IDLE,uri=https://localhost:33437/,age=1}
04:29:54.016 [qtp399373008-62] DEBUG org.eclipse.jetty.io.ssl.SslConnection - >fill SslConnection@13aa96af::SocketChannelEndPoint@44469305{l=/127.0.0.1:33437,r=/127.0.0.1:57192,OPEN,fill=-,flush=-,to=0/30000}{io=0/0,kio=0,kro=1}->SslConnection@13aa96af{NOT_HANDSHAKING,eio=-1/-1,di=-1,fill=IDLE,flush=IDLE}~>DecryptedEndPoint@674a1ab8{l=/127.0.0.1:33437,r=/127.0.0.1:57192,OPEN,fill=-,flush=-,to=45/30000}=>HttpConnection@13c7e6a3[p=HttpParser{s=CONTENT,0 of -1},g=HttpGenerator@2482d1b8{s=END}]=>HttpChannelOverHttp@3c911ee7{s=HttpChannelState@17e46dfa{s=IDLE rs=COMPLETED os=COMPLETED is=IDLE awp=false se=false i=false al=0},r=1,c=true/true,a=IDLE,uri=https://localhost:33437/,age=1}
04:29:54.016 [qtp399373008-62] DEBUG org.eclipse.jetty.io.ssl.SslConnection - fill NOT_HANDSHAKING
04:29:54.016 [qtp399373008-62] DEBUG org.eclipse.jetty.io.ChannelEndPoint - filled 180 HeapByteBuffer@6e6899aa[p=0,l=180,c=17408,r=180]={<<<\x17\x03\x03\x00\xAf\xBeR\xEazj\xEeS\xB0]\x94\x83\xC7U\xD0\xFf\x9a\x0c\xE4\x10\x8d...pk\n\x85\xF4\xCf\xA6\x95\xEd\xE6\xFaD\x93'\x91P\xD81f\xFdQHc>>>\xD9\xBdp\xCf\xA0a\xC7`x...\x00\x00\x00\x00\x00\x00\x00}
04:29:54.016 [qtp399373008-62] DEBUG org.eclipse.jetty.io.ssl.SslConnection - net filled=180
04:29:54.016 [qtp399373008-62] DEBUG org.eclipse.jetty.io.ssl.SslConnection - unwrap net_filled=180 Status = OK HandshakeStatus = NOT_HANDSHAKING bytesConsumed = 180 bytesProduced = 142 encryptedBuffer=[p=180,l=180,c=17408,r=0] unwrapBuffer=HeapByteBuffer@60af7bcf[p=0,l=142,c=17408,r=142]={<<<GET / HTTP/1.1\r\nIf-None-M...gent: okhttp/3.12.3\r\n\r\n>>>0\x10\x06\x03U\x04\x03\x0c\t...\x00\x00\x00\x00\x00\x00\x00} appBuffer=HeapByteBuffer@60af7bcf[p=0,l=142,c=17408,r=142]={<<<GET / HTTP/1.1\r\nIf-None-M...gent: okhttp/3.12.3\r\n\r\n>>>0\x10\x06\x03U\x04\x03\x0c\t...\x00\x00\x00\x00\x00\x00\x00}
04:29:54.016 [qtp399373008-62] DEBUG org.eclipse.jetty.io.ssl.SslConnection - <fill f=142 uf=false SslConnection@13aa96af::SocketChannelEndPoint@44469305{l=/127.0.0.1:33437,r=/127.0.0.1:57192,OPEN,fill=-,flush=-,to=0/30000}{io=0/0,kio=0,kro=1}->SslConnection@13aa96af{NOT_HANDSHAKING,eio=-1/-1,di=-1,fill=IDLE,flush=IDLE}~>DecryptedEndPoint@674a1ab8{l=/127.0.0.1:33437,r=/127.0.0.1:57192,OPEN,fill=-,flush=-,to=45/30000}=>HttpConnection@13c7e6a3[p=HttpParser{s=CONTENT,0 of -1},g=HttpGenerator@2482d1b8{s=END}]=>HttpChannelOverHttp@3c911ee7{s=HttpChannelState@17e46dfa{s=IDLE rs=COMPLETED os=COMPLETED is=IDLE awp=false se=false i=false al=0},r=1,c=true/true,a=IDLE,uri=https://localhost:33437/,age=2}
04:29:54.016 [qtp399373008-62] DEBUG org.eclipse.jetty.server.HttpConnection - HttpConnection@13c7e6a3::DecryptedEndPoint@674a1ab8{l=/127.0.0.1:33437,r=/127.0.0.1:57192,OPEN,fill=-,flush=-,to=45/30000} filled 142 HeapByteBuffer@60af7bcf[p=0,l=142,c=17408,r=142]={<<<GET / HTTP/1.1\r\nIf-None-M...gent: okhttp/3.12.3\r\n\r\n>>>0\x10\x06\x03U\x04\x03\x0c\t...\x00\x00\x00\x00\x00\x00\x00}
04:29:54.016 [qtp399373008-62] DEBUG org.eclipse.jetty.server.HttpConnection - HttpConnection@13c7e6a3::DecryptedEndPoint@674a1ab8{l=/127.0.0.1:33437,r=/127.0.0.1:57192,OPEN,fill=-,flush=-,to=45/30000} parse HeapByteBuffer@60af7bcf[p=0,l=142,c=17408,r=142]={<<<GET / HTTP/1.1\r\nIf-None-M...gent: okhttp/3.12.3\r\n\r\n>>>0\x10\x06\x03U\x04\x03\x0c\t...\x00\x00\x00\x00\x00\x00\x00} {}
04:29:54.016 [qtp399373008-62] DEBUG org.eclipse.jetty.http.HttpParser - parseNext s=CONTENT HeapByteBuffer@60af7bcf[p=0,l=142,c=17408,r=142]={<<<GET / HTTP/1.1\r\nIf-None-M...gent: okhttp/3.12.3\r\n\r\n>>>0\x10\x06\x03U\x04\x03\x0c\t...\x00\x00\x00\x00\x00\x00\x00}
04:29:54.016 [qtp399373008-62] DEBUG org.eclipse.jetty.http.HttpParser - CONTENT --> CONTENT_END
04:29:54.016 [qtp399373008-62] DEBUG org.eclipse.jetty.server.HttpChannel - onContentComplete HttpChannelOverHttp@3c911ee7{s=HttpChannelState@17e46dfa{s=IDLE rs=COMPLETED os=COMPLETED is=IDLE awp=false se=false i=false al=0},r=1,c=true/true,a=IDLE,uri=https://localhost:33437/,age=2}
04:29:54.016 [qtp399373008-62] DEBUG org.eclipse.jetty.http.HttpParser - CONTENT_END --> END
04:29:54.016 [qtp399373008-62] DEBUG org.eclipse.jetty.server.HttpChannel - onRequestComplete HttpChannelOverHttp@3c911ee7{s=HttpChannelState@17e46dfa{s=IDLE rs=COMPLETED os=COMPLETED is=IDLE awp=false se=false i=false al=0},r=1,c=true/true,a=IDLE,uri=https://localhost:33437/,age=2}
04:29:54.016 [qtp399373008-62] DEBUG org.eclipse.jetty.server.HttpInput - HttpInputOverHTTP@57345db1[c=0,q=0,[0]=null,s=STREAM] addContent EOF
04:29:54.016 [qtp399373008-62] DEBUG org.eclipse.jetty.server.HttpConnection - HttpConnection@13c7e6a3::DecryptedEndPoint@674a1ab8{l=/127.0.0.1:33437,r=/127.0.0.1:57192,OPEN,fill=-,flush=-,to=45/30000} parsed false HttpParser{s=END,0 of -1}
04:29:54.016 [qtp399373008-62] DEBUG org.eclipse.jetty.server.HttpChannelState - recycle HttpChannelState@17e46dfa{s=IDLE rs=COMPLETED os=COMPLETED is=IDLE awp=false se=false i=false al=0}
04:29:54.016 [qtp399373008-62] DEBUG org.eclipse.jetty.http.HttpParser - reset HttpParser{s=END,0 of -1}
04:29:54.016 [qtp399373008-62] DEBUG org.eclipse.jetty.http.HttpParser - END --> START
04:29:54.016 [qtp399373008-62] DEBUG org.eclipse.jetty.server.HttpChannel - !handle TERMINATED HttpChannelOverHttp@3c911ee7{s=HttpChannelState@17e46dfa{s=IDLE rs=BLOCKING os=OPEN is=IDLE awp=false se=false i=true al=0},r=1,c=false/false,a=IDLE,uri=null,age=0}
04:29:54.016 [qtp399373008-62] DEBUG org.eclipse.jetty.server.HttpConnection - HttpConnection@13c7e6a3::DecryptedEndPoint@674a1ab8{l=/127.0.0.1:33437,r=/127.0.0.1:57192,OPEN,fill=-,flush=-,to=46/30000} parse HeapByteBuffer@60af7bcf[p=0,l=142,c=17408,r=142]={<<<GET / HTTP/1.1\r\nIf-None-M...gent: okhttp/3.12.3\r\n\r\n>>>0\x10\x06\x03U\x04\x03\x0c\t...\x00\x00\x00\x00\x00\x00\x00} {}
04:29:54.016 [qtp399373008-62] DEBUG org.eclipse.jetty.http.HttpParser - parseNext s=START HeapByteBuffer@60af7bcf[p=0,l=142,c=17408,r=142]={<<<GET / HTTP/1.1\r\nIf-None-M...gent: okhttp/3.12.3\r\n\r\n>>>0\x10\x06\x03U\x04\x03\x0c\t...\x00\x00\x00\x00\x00\x00\x00}
04:29:54.016 [qtp399373008-62] DEBUG org.eclipse.jetty.http.HttpParser - START --> SPACE1
04:29:54.016 [qtp399373008-62] DEBUG org.eclipse.jetty.http.HttpParser - SPACE1 --> URI
04:29:54.016 [qtp399373008-62] DEBUG org.eclipse.jetty.http.HttpParser - URI --> SPACE2
04:29:54.016 [qtp399373008-62] DEBUG org.eclipse.jetty.http.HttpParser - SPACE2 --> REQUEST_VERSION
04:29:54.016 [qtp399373008-62] DEBUG org.eclipse.jetty.http.HttpParser - REQUEST_VERSION --> HEADER
04:29:54.016 [qtp399373008-62] DEBUG org.eclipse.jetty.http.HttpParser - HEADER:If-None-Match --> VALUE
04:29:54.016 [qtp399373008-62] DEBUG org.eclipse.jetty.http.HttpParser - HEADER:If-None-Match --> IN_VALUE
04:29:54.016 [qtp399373008-62] DEBUG org.eclipse.jetty.http.HttpParser - HEADER:If-None-Match --> FIELD
04:29:54.016 [qtp399373008-62] DEBUG org.eclipse.jetty.http.HttpParser - HEADER:Host: localhost:33437 --> IN_VALUE
04:29:54.016 [qtp399373008-62] DEBUG org.eclipse.jetty.http.HttpParser - HEADER:Host: localhost:33437 --> FIELD
04:29:54.016 [qtp399373008-62] DEBUG org.eclipse.jetty.http.HttpParser - HEADER:Connection: keep-alive --> IN_VALUE
04:29:54.016 [qtp399373008-62] DEBUG org.eclipse.jetty.http.HttpParser - HEADER:Connection: keep-alive --> FIELD
04:29:54.016 [qtp399373008-62] DEBUG org.eclipse.jetty.http.HttpParser - HEADER:Accept-Encoding: gzip --> IN_VALUE
04:29:54.016 [qtp399373008-62] DEBUG org.eclipse.jetty.http.HttpParser - HEADER:Accept-Encoding: gzip --> FIELD
04:29:54.016 [qtp399373008-62] DEBUG org.eclipse.jetty.http.HttpParser - HEADER:User-Agent: okhttp/3.12.3 --> IN_VALUE
04:29:54.016 [qtp399373008-62] DEBUG org.eclipse.jetty.http.HttpParser - HEADER:User-Agent: okhttp/3.12.3 --> FIELD
04:29:54.016 [qtp399373008-62] DEBUG org.eclipse.jetty.http.HttpParser - HEADER --> CONTENT
04:29:54.016 [qtp399373008-62] DEBUG org.eclipse.jetty.server.HttpChannel - REQUEST for //localhost:33437/ on HttpChannelOverHttp@3c911ee7{s=HttpChannelState@17e46dfa{s=IDLE rs=BLOCKING os=OPEN is=IDLE awp=false se=false i=true al=0},r=2,c=false/false,a=IDLE,uri=//localhost:33437/,age=0}
GET //localhost:33437/ HTTP/1.1
If-None-Match: "testEtag"
Host: localhost:33437
Connection: keep-alive
Accept-Encoding: gzip
User-Agent: okhttp/3.12.3


04:29:54.016 [qtp399373008-62] DEBUG org.eclipse.jetty.server.HttpConnection - HttpConnection@13c7e6a3::DecryptedEndPoint@674a1ab8{l=/127.0.0.1:33437,r=/127.0.0.1:57192,OPEN,fill=-,flush=-,to=46/30000} parsed true HttpParser{s=CONTENT,0 of -1}
04:29:54.016 [qtp399373008-62] DEBUG org.eclipse.jetty.server.HttpConnection - releaseRequestBuffer HttpConnection@13c7e6a3::DecryptedEndPoint@674a1ab8{l=/127.0.0.1:33437,r=/127.0.0.1:57192,OPEN,fill=-,flush=-,to=46/30000}
04:29:54.016 [qtp399373008-62] DEBUG org.eclipse.jetty.server.HttpChannel - handle //localhost:33437/ HttpChannelOverHttp@3c911ee7{s=HttpChannelState@17e46dfa{s=IDLE rs=BLOCKING os=OPEN is=IDLE awp=false se=false i=true al=0},r=2,c=false/false,a=IDLE,uri=//localhost:33437/,age=0} 
04:29:54.016 [qtp399373008-62] DEBUG org.eclipse.jetty.server.HttpChannelState - handling HttpChannelState@17e46dfa{s=IDLE rs=BLOCKING os=OPEN is=IDLE awp=false se=false i=true al=0}
04:29:54.016 [qtp399373008-62] DEBUG org.eclipse.jetty.server.HttpChannel - action DISPATCH HttpChannelOverHttp@3c911ee7{s=HttpChannelState@17e46dfa{s=HANDLING rs=BLOCKING os=OPEN is=IDLE awp=false se=false i=true al=0},r=2,c=false/false,a=HANDLING,uri=//localhost:33437/,age=0}
04:29:54.016 [qtp399373008-62] DEBUG org.eclipse.jetty.server.SecureRequestCustomizer - Host localhost with SNI null
04:29:54.016 [qtp399373008-62] DEBUG org.eclipse.jetty.server.Server - REQUEST GET / on HttpChannelOverHttp@3c911ee7{s=HttpChannelState@17e46dfa{s=HANDLING rs=BLOCKING os=OPEN is=IDLE awp=false se=false i=true al=0},r=2,c=false/false,a=HANDLING,uri=https://localhost:33437/,age=0}
04:29:54.017 [qtp399373008-62] DEBUG org.eclipse.jetty.server.Server - handled=true async=false committed=false on HttpChannelOverHttp@3c911ee7{s=HttpChannelState@17e46dfa{s=HANDLING rs=BLOCKING os=OPEN is=IDLE awp=false se=false i=true al=0},r=2,c=false/false,a=HANDLING,uri=https://localhost:33437/,age=1}
04:29:54.017 [qtp399373008-62] DEBUG org.eclipse.jetty.server.HttpChannelState - unhandle HttpChannelState@17e46dfa{s=HANDLING rs=BLOCKING os=OPEN is=IDLE awp=false se=false i=true al=0}
04:29:54.017 [qtp399373008-62] DEBUG org.eclipse.jetty.server.HttpChannelState - nextAction(false) COMPLETE HttpChannelState@17e46dfa{s=HANDLING rs=COMPLETING os=OPEN is=IDLE awp=false se=false i=false al=0}
04:29:54.017 [qtp399373008-62] DEBUG org.eclipse.jetty.server.HttpChannel - action COMPLETE HttpChannelOverHttp@3c911ee7{s=HttpChannelState@17e46dfa{s=HANDLING rs=COMPLETING os=OPEN is=IDLE awp=false se=false i=false al=0},r=2,c=false/false,a=HANDLING,uri=https://localhost:33437/,age=1}
04:29:54.017 [qtp399373008-62] DEBUG org.eclipse.jetty.io.ssl.SslConnection - >fill SslConnection@13aa96af::SocketChannelEndPoint@44469305{l=/127.0.0.1:33437,r=/127.0.0.1:57192,OPEN,fill=-,flush=-,to=1/30000}{io=0/0,kio=0,kro=1}->SslConnection@13aa96af{NOT_HANDSHAKING,eio=-1/-1,di=-1,fill=IDLE,flush=IDLE}~>DecryptedEndPoint@674a1ab8{l=/127.0.0.1:33437,r=/127.0.0.1:57192,OPEN,fill=-,flush=-,to=46/30000}=>HttpConnection@13c7e6a3[p=HttpParser{s=CONTENT,0 of -1},g=HttpGenerator@2482d1b8{s=START}]=>HttpChannelOverHttp@3c911ee7{s=HttpChannelState@17e46dfa{s=HANDLING rs=COMPLETING os=OPEN is=IDLE awp=false se=false i=false al=0},r=2,c=false/false,a=HANDLING,uri=https://localhost:33437/,age=1}
04:29:54.017 [qtp399373008-62] DEBUG org.eclipse.jetty.io.ssl.SslConnection - fill NOT_HANDSHAKING
04:29:54.017 [qtp399373008-62] DEBUG org.eclipse.jetty.io.ChannelEndPoint - filled 0 HeapByteBuffer@6e6899aa[p=0,l=0,c=17408,r=0]={<<<>>>\x17\x03\x03\x00\xAfGET ...\x00\x00\x00\x00\x00\x00\x00}
04:29:54.017 [qtp399373008-62] DEBUG org.eclipse.jetty.io.ssl.SslConnection - net filled=0
04:29:54.017 [qtp399373008-62] DEBUG org.eclipse.jetty.io.ssl.SslConnection - unwrap net_filled=0 Status = BUFFER_UNDERFLOW HandshakeStatus = NOT_HANDSHAKING bytesConsumed = 0 bytesProduced = 0 encryptedBuffer=[p=0,l=0,c=17408,r=0] unwrapBuffer=HeapByteBuffer@6a5710bf[p=0,l=0,c=17408,r=0]={<<<>>>GET / HTT...\x00\x00\x00\x00\x00\x00\x00} appBuffer=HeapByteBuffer@6a5710bf[p=0,l=0,c=17408,r=0]={<<<>>>GET / HTT...\x00\x00\x00\x00\x00\x00\x00}
04:29:54.017 [qtp399373008-62] DEBUG org.eclipse.jetty.io.ssl.SslConnection - <fill f=0 uf=true SslConnection@13aa96af::SocketChannelEndPoint@44469305{l=/127.0.0.1:33437,r=/127.0.0.1:57192,OPEN,fill=-,flush=-,to=1/30000}{io=0/0,kio=0,kro=1}->SslConnection@13aa96af{NOT_HANDSHAKING,eio=-1/-1,di=-1,fill=IDLE,flush=IDLE}~>DecryptedEndPoint@674a1ab8{l=/127.0.0.1:33437,r=/127.0.0.1:57192,OPEN,fill=-,flush=-,to=46/30000}=>HttpConnection@13c7e6a3[p=HttpParser{s=CONTENT,0 of -1},g=HttpGenerator@2482d1b8{s=START}]=>HttpChannelOverHttp@3c911ee7{s=HttpChannelState@17e46dfa{s=HANDLING rs=COMPLETING os=OPEN is=IDLE awp=false se=false i=false al=0},r=2,c=false/false,a=HANDLING,uri=https://localhost:33437/,age=1}
04:29:54.017 [qtp399373008-62] DEBUG org.eclipse.jetty.io.ssl.SslConnection - >fill SslConnection@13aa96af::SocketChannelEndPoint@44469305{l=/127.0.0.1:33437,r=/127.0.0.1:57192,OPEN,fill=-,flush=-,to=1/30000}{io=0/0,kio=0,kro=1}->SslConnection@13aa96af{NOT_HANDSHAKING,eio=-1/-1,di=-1,fill=IDLE,flush=IDLE}~>DecryptedEndPoint@674a1ab8{l=/127.0.0.1:33437,r=/127.0.0.1:57192,OPEN,fill=-,flush=-,to=46/30000}=>HttpConnection@13c7e6a3[p=HttpParser{s=CONTENT,0 of -1},g=HttpGenerator@2482d1b8{s=START}]=>HttpChannelOverHttp@3c911ee7{s=HttpChannelState@17e46dfa{s=HANDLING rs=COMPLETING os=OPEN is=IDLE awp=false se=false i=false al=0},r=2,c=false/false,a=HANDLING,uri=https://localhost:33437/,age=1}
04:29:54.017 [qtp399373008-62] DEBUG org.eclipse.jetty.io.ssl.SslConnection - fill NOT_HANDSHAKING
04:29:54.017 [qtp399373008-62] DEBUG org.eclipse.jetty.io.ChannelEndPoint - filled 0 HeapByteBuffer@60af7bcf[p=0,l=0,c=17408,r=0]={<<<>>>GET / HTT...\x00\x00\x00\x00\x00\x00\x00}
04:29:54.017 [qtp399373008-62] DEBUG org.eclipse.jetty.io.ssl.SslConnection - net filled=0
04:29:54.017 [qtp399373008-62] DEBUG org.eclipse.jetty.io.ssl.SslConnection - unwrap net_filled=0 Status = BUFFER_UNDERFLOW HandshakeStatus = NOT_HANDSHAKING bytesConsumed = 0 bytesProduced = 0 encryptedBuffer=[p=0,l=0,c=17408,r=0] unwrapBuffer=HeapByteBuffer@6a5710bf[p=0,l=0,c=17408,r=0]={<<<>>>GET / HTT...\x00\x00\x00\x00\x00\x00\x00} appBuffer=HeapByteBuffer@6a5710bf[p=0,l=0,c=17408,r=0]={<<<>>>GET / HTT...\x00\x00\x00\x00\x00\x00\x00}
04:29:54.017 [qtp399373008-62] DEBUG org.eclipse.jetty.io.ssl.SslConnection - <fill f=0 uf=true SslConnection@13aa96af::SocketChannelEndPoint@44469305{l=/127.0.0.1:33437,r=/127.0.0.1:57192,OPEN,fill=-,flush=-,to=1/30000}{io=0/0,kio=0,kro=1}->SslConnection@13aa96af{NOT_HANDSHAKING,eio=-1/-1,di=-1,fill=IDLE,flush=IDLE}~>DecryptedEndPoint@674a1ab8{l=/127.0.0.1:33437,r=/127.0.0.1:57192,OPEN,fill=-,flush=-,to=46/30000}=>HttpConnection@13c7e6a3[p=HttpParser{s=CONTENT,0 of -1},g=HttpGenerator@2482d1b8{s=START}]=>HttpChannelOverHttp@3c911ee7{s=HttpChannelState@17e46dfa{s=HANDLING rs=COMPLETING os=OPEN is=IDLE awp=false se=false i=false al=0},r=2,c=false/false,a=HANDLING,uri=https://localhost:33437/,age=1}
04:29:54.017 [qtp399373008-62] DEBUG org.eclipse.jetty.server.HttpConnection - HttpConnection@13c7e6a3::DecryptedEndPoint@674a1ab8{l=/127.0.0.1:33437,r=/127.0.0.1:57192,OPEN,fill=-,flush=-,to=46/30000} filled 0 HeapByteBuffer@6a5710bf[p=0,l=0,c=17408,r=0]={<<<>>>GET / HTT...\x00\x00\x00\x00\x00\x00\x00}
04:29:54.017 [qtp399373008-62] DEBUG org.eclipse.jetty.server.HttpConnection - HttpConnection@13c7e6a3::DecryptedEndPoint@674a1ab8{l=/127.0.0.1:33437,r=/127.0.0.1:57192,OPEN,fill=-,flush=-,to=46/30000} parse HeapByteBuffer@6a5710bf[p=0,l=0,c=17408,r=0]={<<<>>>GET / HTT...\x00\x00\x00\x00\x00\x00\x00} {}
04:29:54.017 [qtp399373008-62] DEBUG org.eclipse.jetty.http.HttpParser - parseNext s=CONTENT HeapByteBuffer@6a5710bf[p=0,l=0,c=17408,r=0]={<<<>>>GET / HTT...\x00\x00\x00\x00\x00\x00\x00}
04:29:54.017 [qtp399373008-62] DEBUG org.eclipse.jetty.http.HttpParser - CONTENT --> CONTENT_END
04:29:54.017 [qtp399373008-62] DEBUG org.eclipse.jetty.server.HttpChannel - onContentComplete HttpChannelOverHttp@3c911ee7{s=HttpChannelState@17e46dfa{s=HANDLING rs=COMPLETING os=OPEN is=IDLE awp=false se=false i=false al=0},r=2,c=false/false,a=HANDLING,uri=https://localhost:33437/,age=1}
04:29:54.017 [qtp399373008-62] DEBUG org.eclipse.jetty.http.HttpParser - CONTENT_END --> END
04:29:54.017 [qtp399373008-62] DEBUG org.eclipse.jetty.server.HttpChannel - onRequestComplete HttpChannelOverHttp@3c911ee7{s=HttpChannelState@17e46dfa{s=HANDLING rs=COMPLETING os=OPEN is=IDLE awp=false se=false i=false al=0},r=2,c=false/false,a=HANDLING,uri=https://localhost:33437/,age=1}
04:29:54.017 [qtp399373008-62] DEBUG org.eclipse.jetty.server.HttpInput - HttpInputOverHTTP@57345db1[c=0,q=0,[0]=null,s=STREAM] addContent EOF
04:29:54.017 [qtp399373008-62] DEBUG org.eclipse.jetty.server.HttpConnection - HttpConnection@13c7e6a3::DecryptedEndPoint@674a1ab8{l=/127.0.0.1:33437,r=/127.0.0.1:57192,OPEN,fill=-,flush=-,to=47/30000} parsed false HttpParser{s=END,0 of -1}
04:29:54.017 [qtp399373008-62] DEBUG org.eclipse.jetty.server.HttpConnection - releaseRequestBuffer HttpConnection@13c7e6a3::DecryptedEndPoint@674a1ab8{l=/127.0.0.1:33437,r=/127.0.0.1:57192,OPEN,fill=-,flush=-,to=47/30000}
04:29:54.017 [qtp399373008-62] DEBUG org.eclipse.jetty.server.HttpOutput - complete(org.eclipse.jetty.util.Callback$3@4b34d715) s=CLOSING,api=BLOCKED,sc=false,e=null s=false e=null, c=HeapByteBuffer@29624c55[p=0,l=0,c=0,r=0]={<<<>>>}
04:29:54.017 [qtp399373008-62] DEBUG org.eclipse.jetty.server.HttpChannel - sendResponse info=null content=HeapByteBuffer@29624c55[p=0,l=0,c=0,r=0]={<<<>>>} complete=true committing=true callback=org.eclipse.jetty.server.HttpOutput$WriteCompleteCB@12d888ca
04:29:54.017 [qtp399373008-62] DEBUG org.eclipse.jetty.server.HttpChannel - COMMIT for / on HttpChannelOverHttp@3c911ee7{s=HttpChannelState@17e46dfa{s=HANDLING rs=COMPLETING os=COMMITTED is=IDLE awp=false se=false i=false al=0},r=2,c=false/false,a=HANDLING,uri=https://localhost:33437/,age=1}
304 null HTTP/1.1
Date: Thu, 02 May 2024 03:29:54 GMT
ETag: testEtag


04:29:54.017 [qtp399373008-62] DEBUG org.eclipse.jetty.server.HttpConnection - generate: NEED_HEADER for SendCallback@4c30b7d2[PROCESSING][i=HTTP/1.1{s=304,h=2,cl=-1},cb=org.eclipse.jetty.server.HttpChannel$SendCallback@139662ac] (null,[p=0,l=0,c=0,r=0],true)@START
04:29:54.017 [qtp399373008-62] DEBUG org.eclipse.jetty.http.HttpGenerator - generateHeaders HTTP/1.1{s=304,h=2,cl=-1} last=true content=HeapByteBuffer@29624c55[p=0,l=0,c=0,r=0]={<<<>>>}
04:29:54.017 [qtp399373008-62] DEBUG org.eclipse.jetty.http.HttpGenerator - Date: Thu, 02 May 2024 03:29:54 GMT
ETag: testEtag


04:29:54.017 [qtp399373008-62] DEBUG org.eclipse.jetty.http.HttpGenerator - NO_CONTENT
04:29:54.017 [qtp399373008-62] DEBUG org.eclipse.jetty.server.HttpConnection - generate: FLUSH for SendCallback@4c30b7d2[PROCESSING][i=HTTP/1.1{s=304,h=2,cl=-1},cb=org.eclipse.jetty.server.HttpChannel$SendCallback@139662ac] ([p=0,l=115,c=8192,r=115],[p=0,l=0,c=0,r=0],true)@COMPLETING
04:29:54.017 [qtp399373008-62] DEBUG org.eclipse.jetty.io.WriteFlusher - write: WriteFlusher@4abb3da{IDLE}->null [HeapByteBuffer@4ce71d2b[p=0,l=115,c=8192,r=115]={<<<HTTP/1.1 304 Not Modified...y(9.4.44.v20210927)\r\n\r\n>>>nt-Length...\x00\x00\x00\x00\x00\x00\x00}]
04:29:54.017 [qtp399373008-62] DEBUG org.eclipse.jetty.io.WriteFlusher - update WriteFlusher@4abb3da{WRITING}->null:IDLE-->WRITING
04:29:54.018 [qtp399373008-62] DEBUG org.eclipse.jetty.io.ssl.SslConnection - >flush SslConnection@13aa96af::SocketChannelEndPoint@44469305{l=/127.0.0.1:33437,r=/127.0.0.1:57192,OPEN,fill=-,flush=-,to=1/30000}{io=0/0,kio=0,kro=1}->SslConnection@13aa96af{NOT_HANDSHAKING,eio=-1/-1,di=-1,fill=IDLE,flush=IDLE}~>DecryptedEndPoint@674a1ab8{l=/127.0.0.1:33437,r=/127.0.0.1:57192,OPEN,fill=-,flush=W,to=47/30000}=>HttpConnection@13c7e6a3[p=HttpParser{s=END,0 of -1},g=HttpGenerator@2482d1b8{s=COMPLETING}]=>HttpChannelOverHttp@3c911ee7{s=HttpChannelState@17e46dfa{s=HANDLING rs=COMPLETING os=COMMITTED is=IDLE awp=false se=false i=false al=0},r=2,c=false/false,a=HANDLING,uri=https://localhost:33437/,age=2}
04:29:54.018 [qtp399373008-62] DEBUG org.eclipse.jetty.io.ssl.SslConnection - flush b[0]=HeapByteBuffer@4ce71d2b[p=0,l=115,c=8192,r=115]={<<<HTTP/1.1 304 Not Modified...y(9.4.44.v20210927)\r\n\r\n>>>nt-Length...\x00\x00\x00\x00\x00\x00\x00}
04:29:54.018 [qtp399373008-62] DEBUG org.eclipse.jetty.io.ssl.SslConnection - flush NOT_HANDSHAKING
04:29:54.018 [qtp399373008-62] DEBUG org.eclipse.jetty.io.ssl.SslConnection - wrap Status = OK HandshakeStatus = NOT_HANDSHAKING bytesConsumed = 115 bytesProduced = 153 [p=0,l=153,c=17408,r=153] ioDone=false/false
04:29:54.018 [qtp399373008-62] DEBUG org.eclipse.jetty.io.ChannelEndPoint - flushed 153 SocketChannelEndPoint@44469305{l=/127.0.0.1:33437,r=/127.0.0.1:57192,OPEN,fill=-,flush=-,to=2/30000}{io=0/0,kio=0,kro=1}->SslConnection@13aa96af{NOT_HANDSHAKING,eio=-1/0,di=-1,fill=IDLE,flush=IDLE}~>DecryptedEndPoint@674a1ab8{l=/127.0.0.1:33437,r=/127.0.0.1:57192,OPEN,fill=-,flush=W,to=47/30000}=>HttpConnection@13c7e6a3[p=HttpParser{s=END,0 of -1},g=HttpGenerator@2482d1b8{s=COMPLETING}]=>HttpChannelOverHttp@3c911ee7{s=HttpChannelState@17e46dfa{s=HANDLING rs=COMPLETING os=COMMITTED is=IDLE awp=false se=false i=false al=0},r=2,c=false/false,a=HANDLING,uri=https://localhost:33437/,age=2}
04:29:54.018 [qtp399373008-62] DEBUG org.eclipse.jetty.io.ssl.SslConnection - net flushed=true, ac=true
04:29:54.018 [qtp399373008-62] DEBUG org.eclipse.jetty.io.ssl.SslConnection - <flush true SslConnection@13aa96af::SocketChannelEndPoint@44469305{l=/127.0.0.1:33437,r=/127.0.0.1:57192,OPEN,fill=-,flush=-,to=0/30000}{io=0/0,kio=0,kro=1}->SslConnection@13aa96af{NOT_HANDSHAKING,eio=-1/-1,di=-1,fill=IDLE,flush=IDLE}~>DecryptedEndPoint@674a1ab8{l=/127.0.0.1:33437,r=/127.0.0.1:57192,OPEN,fill=-,flush=W,to=47/30000}=>HttpConnection@13c7e6a3[p=HttpParser{s=END,0 of -1},g=HttpGenerator@2482d1b8{s=COMPLETING}]=>HttpChannelOverHttp@3c911ee7{s=HttpChannelState@17e46dfa{s=HANDLING rs=COMPLETING os=COMMITTED is=IDLE awp=false se=false i=false al=0},r=2,c=false/false,a=HANDLING,uri=https://localhost:33437/,age=2}
04:29:54.018 [qtp399373008-62] DEBUG org.eclipse.jetty.io.WriteFlusher - Flushed=true written=115 remaining=0 WriteFlusher@4abb3da{WRITING}->null
04:29:54.018 [qtp399373008-62] DEBUG org.eclipse.jetty.io.WriteFlusher - update WriteFlusher@4abb3da{IDLE}->null:WRITING-->IDLE
04:29:54.018 [main] DEBUG org.apache.nifi.minifi.bootstrap.configuration.ingestors.PullHttpChangeIngestor - Response received: Response{protocol=http/1.1, code=304, message=Not Modified, url=https://localhost:33437/}
04:29:54.018 [qtp399373008-62] DEBUG org.eclipse.jetty.server.HttpConnection - generate: DONE for SendCallback@4c30b7d2[PROCESSING][i=HTTP/1.1{s=304,h=2,cl=-1},cb=org.eclipse.jetty.server.HttpChannel$SendCallback@139662ac] ([p=115,l=115,c=8192,r=0],[p=0,l=0,c=0,r=0],true)@END
04:29:54.018 [qtp399373008-62] DEBUG org.eclipse.jetty.server.HttpOutput - onWriteComplete(true,null) s=CLOSING,api=BLOCKED,sc=false,e=null->s=CLOSED,api=BLOCKING,sc=false,e=null c=null cb=org.eclipse.jetty.util.Callback$3@4b34d715 w=false
04:29:54.018 [qtp399373008-62] DEBUG org.eclipse.jetty.server.HttpChannelState - completed HttpChannelState@17e46dfa{s=HANDLING rs=COMPLETING os=COMPLETED is=IDLE awp=false se=false i=false al=0}
04:29:54.018 [qtp399373008-62] DEBUG org.eclipse.jetty.server.HttpChannelState - unhandle HttpChannelState@17e46dfa{s=HANDLING rs=COMPLETED os=COMPLETED is=IDLE awp=false se=false i=false al=0}
04:29:54.018 [qtp399373008-62] DEBUG org.eclipse.jetty.server.HttpChannelState - nextAction(false) TERMINATED HttpChannelState@17e46dfa{s=IDLE rs=COMPLETED os=COMPLETED is=IDLE awp=false se=false i=false al=0}
04:29:54.018 [qtp399373008-62] DEBUG org.eclipse.jetty.server.HttpChannel - action TERMINATED HttpChannelOverHttp@3c911ee7{s=HttpChannelState@17e46dfa{s=IDLE rs=COMPLETED os=COMPLETED is=IDLE awp=false se=false i=false al=0},r=2,c=true/true,a=IDLE,uri=https://localhost:33437/,age=2}
04:29:54.018 [qtp399373008-62] DEBUG org.eclipse.jetty.server.HttpChannel - onCompleted for / written=0
04:29:54.018 [qtp399373008-62] DEBUG org.eclipse.jetty.server.HttpChannelState - recycle HttpChannelState@17e46dfa{s=IDLE rs=COMPLETED os=COMPLETED is=IDLE awp=false se=false i=false al=0}
04:29:54.018 [qtp399373008-62] DEBUG org.eclipse.jetty.http.HttpParser - reset HttpParser{s=END,0 of -1}
04:29:54.018 [qtp399373008-62] DEBUG org.eclipse.jetty.http.HttpParser - END --> START
04:29:54.018 [qtp399373008-62] DEBUG org.eclipse.jetty.server.HttpChannel - !handle TERMINATED HttpChannelOverHttp@3c911ee7{s=HttpChannelState@17e46dfa{s=IDLE rs=BLOCKING os=OPEN is=IDLE awp=false se=false i=true al=0},r=2,c=false/false,a=IDLE,uri=null,age=0}
]]></system-out>
  </testcase>
  <testcase name="testNewUpdate" classname="org.apache.nifi.minifi.bootstrap.configuration.ingestors.PullHttpChangeIngestorSSLTest" time="0.065">
    <system-out><![CDATA[04:29:54.018 [qtp399373008-62] DEBUG org.eclipse.jetty.io.ssl.SslConnection - >fill SslConnection@13aa96af::SocketChannelEndPoint@44469305{l=/127.0.0.1:33437,r=/127.0.0.1:57192,OPEN,fill=-,flush=-,to=0/30000}{io=0/0,kio=0,kro=1}->SslConnection@13aa96af{NOT_HANDSHAKING,eio=-1/-1,di=-1,fill=IDLE,flush=IDLE}~>DecryptedEndPoint@674a1ab8{l=/127.0.0.1:33437,r=/127.0.0.1:57192,OPEN,fill=-,flush=-,to=48/30000}=>HttpConnection@13c7e6a3[p=HttpParser{s=START,0 of -1},g=HttpGenerator@2482d1b8{s=START}]=>HttpChannelOverHttp@3c911ee7{s=HttpChannelState@17e46dfa{s=IDLE rs=BLOCKING os=OPEN is=IDLE awp=false se=false i=true al=0},r=2,c=false/false,a=IDLE,uri=null,age=0}
04:29:54.018 [qtp399373008-62] DEBUG org.eclipse.jetty.io.ssl.SslConnection - fill NOT_HANDSHAKING
04:29:54.018 [qtp399373008-62] DEBUG org.eclipse.jetty.io.ChannelEndPoint - filled 0 HeapByteBuffer@6a5710bf[p=0,l=0,c=17408,r=0]={<<<>>>GET / HTT...\x00\x00\x00\x00\x00\x00\x00}
04:29:54.018 [qtp399373008-62] DEBUG org.eclipse.jetty.io.ssl.SslConnection - net filled=0
04:29:54.019 [qtp399373008-62] DEBUG org.eclipse.jetty.io.ssl.SslConnection - unwrap net_filled=0 Status = BUFFER_UNDERFLOW HandshakeStatus = NOT_HANDSHAKING bytesConsumed = 0 bytesProduced = 0 encryptedBuffer=[p=0,l=0,c=17408,r=0] unwrapBuffer=HeapByteBuffer@60af7bcf[p=0,l=0,c=17408,r=0]={<<<>>>GET / HTT...\x00\x00\x00\x00\x00\x00\x00} appBuffer=HeapByteBuffer@60af7bcf[p=0,l=0,c=17408,r=0]={<<<>>>GET / HTT...\x00\x00\x00\x00\x00\x00\x00}
04:29:54.019 [qtp399373008-62] DEBUG org.eclipse.jetty.io.ssl.SslConnection - <fill f=0 uf=true SslConnection@13aa96af::SocketChannelEndPoint@44469305{l=/127.0.0.1:33437,r=/127.0.0.1:57192,OPEN,fill=-,flush=-,to=0/30000}{io=0/0,kio=0,kro=1}->SslConnection@13aa96af{NOT_HANDSHAKING,eio=-1/-1,di=-1,fill=IDLE,flush=IDLE}~>DecryptedEndPoint@674a1ab8{l=/127.0.0.1:33437,r=/127.0.0.1:57192,OPEN,fill=-,flush=-,to=48/30000}=>HttpConnection@13c7e6a3[p=HttpParser{s=START,0 of -1},g=HttpGenerator@2482d1b8{s=START}]=>HttpChannelOverHttp@3c911ee7{s=HttpChannelState@17e46dfa{s=IDLE rs=BLOCKING os=OPEN is=IDLE awp=false se=false i=true al=0},r=2,c=false/false,a=IDLE,uri=null,age=0}
04:29:54.019 [qtp399373008-62] DEBUG org.eclipse.jetty.io.ssl.SslConnection - >fill SslConnection@13aa96af::SocketChannelEndPoint@44469305{l=/127.0.0.1:33437,r=/127.0.0.1:57192,OPEN,fill=-,flush=-,to=0/30000}{io=0/0,kio=0,kro=1}->SslConnection@13aa96af{NOT_HANDSHAKING,eio=-1/-1,di=-1,fill=IDLE,flush=IDLE}~>DecryptedEndPoint@674a1ab8{l=/127.0.0.1:33437,r=/127.0.0.1:57192,OPEN,fill=-,flush=-,to=48/30000}=>HttpConnection@13c7e6a3[p=HttpParser{s=START,0 of -1},g=HttpGenerator@2482d1b8{s=START}]=>HttpChannelOverHttp@3c911ee7{s=HttpChannelState@17e46dfa{s=IDLE rs=BLOCKING os=OPEN is=IDLE awp=false se=false i=true al=0},r=2,c=false/false,a=IDLE,uri=null,age=0}
04:29:54.019 [qtp399373008-62] DEBUG org.eclipse.jetty.io.ssl.SslConnection - fill NOT_HANDSHAKING
04:29:54.019 [qtp399373008-62] DEBUG org.eclipse.jetty.io.ChannelEndPoint - filled 0 HeapByteBuffer@6e6899aa[p=0,l=0,c=17408,r=0]={<<<>>>\x17\x03\x03\x00\x94\xF4A({...\x00\x00\x00\x00\x00\x00\x00}
04:29:54.019 [qtp399373008-62] DEBUG org.eclipse.jetty.io.ssl.SslConnection - net filled=0
04:29:54.019 [qtp399373008-62] DEBUG org.eclipse.jetty.io.ssl.SslConnection - unwrap net_filled=0 Status = BUFFER_UNDERFLOW HandshakeStatus = NOT_HANDSHAKING bytesConsumed = 0 bytesProduced = 0 encryptedBuffer=[p=0,l=0,c=17408,r=0] unwrapBuffer=HeapByteBuffer@60af7bcf[p=0,l=0,c=17408,r=0]={<<<>>>GET / HTT...\x00\x00\x00\x00\x00\x00\x00} appBuffer=HeapByteBuffer@60af7bcf[p=0,l=0,c=17408,r=0]={<<<>>>GET / HTT...\x00\x00\x00\x00\x00\x00\x00}
04:29:54.019 [qtp399373008-62] DEBUG org.eclipse.jetty.io.ssl.SslConnection - <fill f=0 uf=true SslConnection@13aa96af::SocketChannelEndPoint@44469305{l=/127.0.0.1:33437,r=/127.0.0.1:57192,OPEN,fill=-,flush=-,to=1/30000}{io=0/0,kio=0,kro=1}->SslConnection@13aa96af{NOT_HANDSHAKING,eio=-1/-1,di=-1,fill=IDLE,flush=IDLE}~>DecryptedEndPoint@674a1ab8{l=/127.0.0.1:33437,r=/127.0.0.1:57192,OPEN,fill=-,flush=-,to=48/30000}=>HttpConnection@13c7e6a3[p=HttpParser{s=START,0 of -1},g=HttpGenerator@2482d1b8{s=START}]=>HttpChannelOverHttp@3c911ee7{s=HttpChannelState@17e46dfa{s=IDLE rs=BLOCKING os=OPEN is=IDLE awp=false se=false i=true al=0},r=2,c=false/false,a=IDLE,uri=null,age=0}
04:29:54.019 [qtp399373008-62] DEBUG org.eclipse.jetty.server.HttpConnection - HttpConnection@13c7e6a3::DecryptedEndPoint@674a1ab8{l=/127.0.0.1:33437,r=/127.0.0.1:57192,OPEN,fill=-,flush=-,to=48/30000} filled 0 HeapByteBuffer@60af7bcf[p=0,l=0,c=17408,r=0]={<<<>>>GET / HTT...\x00\x00\x00\x00\x00\x00\x00}
04:29:54.019 [qtp399373008-62] DEBUG org.eclipse.jetty.server.HttpConnection - HttpConnection@13c7e6a3::DecryptedEndPoint@674a1ab8{l=/127.0.0.1:33437,r=/127.0.0.1:57192,OPEN,fill=-,flush=-,to=48/30000} parse HeapByteBuffer@60af7bcf[p=0,l=0,c=17408,r=0]={<<<>>>GET / HTT...\x00\x00\x00\x00\x00\x00\x00} {}
04:29:54.019 [qtp399373008-62] DEBUG org.eclipse.jetty.http.HttpParser - parseNext s=START HeapByteBuffer@60af7bcf[p=0,l=0,c=17408,r=0]={<<<>>>GET / HTT...\x00\x00\x00\x00\x00\x00\x00}
04:29:54.019 [qtp399373008-62] DEBUG org.eclipse.jetty.server.HttpConnection - HttpConnection@13c7e6a3::DecryptedEndPoint@674a1ab8{l=/127.0.0.1:33437,r=/127.0.0.1:57192,OPEN,fill=-,flush=-,to=48/30000} parsed false HttpParser{s=START,0 of -1}
04:29:54.019 [qtp399373008-62] DEBUG org.eclipse.jetty.server.HttpConnection - releaseRequestBuffer HttpConnection@13c7e6a3::DecryptedEndPoint@674a1ab8{l=/127.0.0.1:33437,r=/127.0.0.1:57192,OPEN,fill=-,flush=-,to=48/30000}
04:29:54.019 [qtp399373008-62] DEBUG org.eclipse.jetty.io.AbstractConnection - fillInterested HttpConnection@13c7e6a3::DecryptedEndPoint@674a1ab8{l=/127.0.0.1:33437,r=/127.0.0.1:57192,OPEN,fill=-,flush=-,to=49/30000}
04:29:54.019 [qtp399373008-62] DEBUG org.eclipse.jetty.io.FillInterest - interested FillInterest@8dcc975{AC.ReadCB@13c7e6a3{HttpConnection@13c7e6a3::DecryptedEndPoint@674a1ab8{l=/127.0.0.1:33437,r=/127.0.0.1:57192,OPEN,fill=FI,flush=-,to=0/30000}}}
04:29:54.019 [qtp399373008-62] DEBUG org.eclipse.jetty.io.ssl.SslConnection - >needFillInterest s=IDLE/IDLE uf=true ei=null di=null SslConnection@13aa96af::SocketChannelEndPoint@44469305{l=/127.0.0.1:33437,r=/127.0.0.1:57192,OPEN,fill=-,flush=-,to=1/30000}{io=0/0,kio=0,kro=1}->SslConnection@13aa96af{NOT_HANDSHAKING,eio=-1/-1,di=-1,fill=IDLE,flush=IDLE}~>DecryptedEndPoint@674a1ab8{l=/127.0.0.1:33437,r=/127.0.0.1:57192,OPEN,fill=FI,flush=-,to=0/30000}=>HttpConnection@13c7e6a3[p=HttpParser{s=START,0 of -1},g=HttpGenerator@2482d1b8{s=START}]=>HttpChannelOverHttp@3c911ee7{s=HttpChannelState@17e46dfa{s=IDLE rs=BLOCKING os=OPEN is=IDLE awp=false se=false i=true al=0},r=2,c=false/false,a=IDLE,uri=null,age=0}
04:29:54.019 [qtp399373008-62] DEBUG org.eclipse.jetty.io.ssl.SslConnection - <needFillInterest s=IDLE/INTERESTED f=false i=true w=null
04:29:54.019 [qtp399373008-62] DEBUG org.eclipse.jetty.io.ssl.SslConnection - ensureFillInterested SslConnection@13aa96af::SocketChannelEndPoint@44469305{l=/127.0.0.1:33437,r=/127.0.0.1:57192,OPEN,fill=-,flush=-,to=1/30000}{io=0/0,kio=0,kro=1}->SslConnection@13aa96af{NOT_HANDSHAKING,eio=-1/-1,di=-1,fill=INTERESTED,flush=IDLE}~>DecryptedEndPoint@674a1ab8{l=/127.0.0.1:33437,r=/127.0.0.1:57192,OPEN,fill=FI,flush=-,to=0/30000}=>HttpConnection@13c7e6a3[p=HttpParser{s=START,0 of -1},g=HttpGenerator@2482d1b8{s=START}]=>HttpChannelOverHttp@3c911ee7{s=HttpChannelState@17e46dfa{s=IDLE rs=BLOCKING os=OPEN is=IDLE awp=false se=false i=true al=0},r=2,c=false/false,a=IDLE,uri=null,age=0}
04:29:54.019 [qtp399373008-62] DEBUG org.eclipse.jetty.io.FillInterest - interested FillInterest@2e39910{SSLC.NBReadCB@13aa96af{SslConnection@13aa96af::SocketChannelEndPoint@44469305{l=/127.0.0.1:33437,r=/127.0.0.1:57192,OPEN,fill=FI,flush=-,to=0/30000}{io=0/0,kio=0,kro=1}->SslConnection@13aa96af{NOT_HANDSHAKING,eio=-1/-1,di=-1,fill=INTERESTED,flush=IDLE}~>DecryptedEndPoint@674a1ab8{l=/127.0.0.1:33437,r=/127.0.0.1:57192,OPEN,fill=FI,flush=-,to=0/30000}=>HttpConnection@13c7e6a3[p=HttpParser{s=START,0 of -1},g=HttpGenerator@2482d1b8{s=START}]=>HttpChannelOverHttp@3c911ee7{s=HttpChannelState@17e46dfa{s=IDLE rs=BLOCKING os=OPEN is=IDLE awp=false se=false i=true al=0},r=2,c=false/false,a=IDLE,uri=null,age=0}}}
04:29:54.020 [qtp399373008-62] DEBUG org.eclipse.jetty.io.ChannelEndPoint - changeInterests p=false 0->1 for SocketChannelEndPoint@44469305{l=/127.0.0.1:33437,r=/127.0.0.1:57192,OPEN,fill=FI,flush=-,to=0/30000}{io=0/1,kio=0,kro=1}->SslConnection@13aa96af{NOT_HANDSHAKING,eio=-1/-1,di=-1,fill=INTERESTED,flush=IDLE}~>DecryptedEndPoint@674a1ab8{l=/127.0.0.1:33437,r=/127.0.0.1:57192,OPEN,fill=FI,flush=-,to=0/30000}=>HttpConnection@13c7e6a3[p=HttpParser{s=START,0 of -1},g=HttpGenerator@2482d1b8{s=START}]=>HttpChannelOverHttp@3c911ee7{s=HttpChannelState@17e46dfa{s=IDLE rs=BLOCKING os=OPEN is=IDLE awp=false se=false i=true al=0},r=2,c=false/false,a=IDLE,uri=null,age=0}
04:29:54.020 [qtp399373008-62] DEBUG org.eclipse.jetty.io.ManagedSelector - Queued change lazy=false org.eclipse.jetty.io.ChannelEndPoint$$Lambda$255/1126011505@45bb680d on ManagedSelector@47a86fbb{STARTED} id=2 keys=1 selected=0 updates=0
04:29:54.020 [qtp399373008-62] DEBUG org.eclipse.jetty.io.ManagedSelector - Wakeup on submit ManagedSelector@47a86fbb{STARTED} id=2 keys=1 selected=0 updates=1
04:29:54.020 [qtp399373008-62] DEBUG org.eclipse.jetty.server.HttpConnection - HttpConnection@13c7e6a3::DecryptedEndPoint@674a1ab8{l=/127.0.0.1:33437,r=/127.0.0.1:57192,OPEN,fill=FI,flush=-,to=0/30000} onFillable exit HttpChannelState@17e46dfa{s=IDLE rs=BLOCKING os=OPEN is=IDLE awp=false se=false i=true al=0} null
04:29:54.020 [qtp399373008-62] DEBUG org.eclipse.jetty.io.ssl.SslConnection - <c.onFillable SslConnection@13aa96af::SocketChannelEndPoint@44469305{l=/127.0.0.1:33437,r=/127.0.0.1:57192,OPEN,fill=FI,flush=-,to=0/30000}{io=0/1,kio=0,kro=1}->SslConnection@13aa96af{NOT_HANDSHAKING,eio=-1/-1,di=-1,fill=INTERESTED,flush=IDLE}~>DecryptedEndPoint@674a1ab8{l=/127.0.0.1:33437,r=/127.0.0.1:57192,OPEN,fill=FI,flush=-,to=0/30000}=>HttpConnection@13c7e6a3[p=HttpParser{s=START,0 of -1},g=HttpGenerator@2482d1b8{s=START}]=>HttpChannelOverHttp@3c911ee7{s=HttpChannelState@17e46dfa{s=IDLE rs=BLOCKING os=OPEN is=IDLE awp=false se=false i=true al=0},r=2,c=false/false,a=IDLE,uri=null,age=0}
04:29:54.020 [qtp399373008-62] DEBUG org.eclipse.jetty.util.thread.ReservedThreadExecutor - ReservedThread@724c02dc{RUNNING,thread=Thread[qtp399373008-62,5,main]} was=RUNNING next=RESERVED size=0+2 capacity=8
04:29:54.020 [qtp399373008-62] DEBUG org.eclipse.jetty.util.thread.ReservedThreadExecutor - ReservedThread@724c02dc{RESERVED,thread=Thread[qtp399373008-62,5,main]} waiting ReservedThreadExecutor@424fd310{reserved=2/8,pending=0}
04:29:54.020 [qtp399373008-56] DEBUG org.eclipse.jetty.io.ManagedSelector - Selector sun.nio.ch.EPollSelectorImpl@79e51817 woken with none selected
04:29:54.020 [qtp399373008-56] DEBUG org.eclipse.jetty.io.ManagedSelector - Selector sun.nio.ch.EPollSelectorImpl@79e51817 woken up from select, 0/0/1 selected
04:29:54.020 [qtp399373008-56] DEBUG org.eclipse.jetty.io.ManagedSelector - Selector sun.nio.ch.EPollSelectorImpl@79e51817 processing 0 keys, 1 updates
04:29:54.020 [qtp399373008-56] DEBUG org.eclipse.jetty.io.ManagedSelector - updateable 1
04:29:54.020 [qtp399373008-56] DEBUG org.eclipse.jetty.io.ManagedSelector - update org.eclipse.jetty.io.ChannelEndPoint$$Lambda$255/1126011505@45bb680d
04:29:54.020 [qtp399373008-56] DEBUG org.eclipse.jetty.io.ChannelEndPoint - Key interests updated 0 -> 1 on SocketChannelEndPoint@44469305{l=/127.0.0.1:33437,r=/127.0.0.1:57192,OPEN,fill=FI,flush=-,to=0/30000}{io=1/1,kio=1,kro=1}->SslConnection@13aa96af{NOT_HANDSHAKING,eio=-1/-1,di=-1,fill=INTERESTED,flush=IDLE}~>DecryptedEndPoint@674a1ab8{l=/127.0.0.1:33437,r=/127.0.0.1:57192,OPEN,fill=FI,flush=-,to=0/30000}=>HttpConnection@13c7e6a3[p=HttpParser{s=START,0 of -1},g=HttpGenerator@2482d1b8{s=START}]=>HttpChannelOverHttp@3c911ee7{s=HttpChannelState@17e46dfa{s=IDLE rs=BLOCKING os=OPEN is=IDLE awp=false se=false i=true al=0},r=2,c=false/false,a=IDLE,uri=null,age=0}
04:29:54.020 [qtp399373008-56] DEBUG org.eclipse.jetty.io.ManagedSelector - updates 0
04:29:54.020 [qtp399373008-56] DEBUG org.eclipse.jetty.io.ManagedSelector - Selector sun.nio.ch.EPollSelectorImpl@79e51817 waiting with 1 keys
04:29:54.020 [main] DEBUG org.apache.nifi.minifi.bootstrap.configuration.ingestors.PullHttpChangeIngestor - Attempting to pull new config
04:29:54.021 [qtp399373008-60-acceptor-0@53dacd14-ServerConnector@2374d36a{SSL, (ssl, http/1.1)}{localhost:33437}] DEBUG org.eclipse.jetty.io.ManagedSelector - Queued change lazy=false Accept@389e615[java.nio.channels.SocketChannel[connected local=/127.0.0.1:33437 remote=/127.0.0.1:57196]] on ManagedSelector@7bb6ab3a{STARTED} id=3 keys=0 selected=0 updates=0
04:29:54.021 [qtp399373008-60-acceptor-0@53dacd14-ServerConnector@2374d36a{SSL, (ssl, http/1.1)}{localhost:33437}] DEBUG org.eclipse.jetty.io.ManagedSelector - Wakeup on submit ManagedSelector@7bb6ab3a{STARTED} id=3 keys=0 selected=0 updates=1
04:29:54.021 [qtp399373008-59] DEBUG org.eclipse.jetty.io.ManagedSelector - Selector sun.nio.ch.EPollSelectorImpl@5b063887 woken with none selected
04:29:54.021 [qtp399373008-59] DEBUG org.eclipse.jetty.io.ManagedSelector - Selector sun.nio.ch.EPollSelectorImpl@5b063887 woken up from select, 0/0/0 selected
04:29:54.021 [qtp399373008-59] DEBUG org.eclipse.jetty.io.ManagedSelector - Selector sun.nio.ch.EPollSelectorImpl@5b063887 processing 0 keys, 1 updates
04:29:54.021 [qtp399373008-59] DEBUG org.eclipse.jetty.io.ManagedSelector - updateable 1
04:29:54.022 [qtp399373008-59] DEBUG org.eclipse.jetty.io.ManagedSelector - update Accept@389e615[java.nio.channels.SocketChannel[connected local=/127.0.0.1:33437 remote=/127.0.0.1:57196]]
04:29:54.022 [qtp399373008-59] DEBUG org.eclipse.jetty.util.thread.QueuedThreadPool - queue Accept@389e615[java.nio.channels.SocketChannel[connected local=/127.0.0.1:33437 remote=/127.0.0.1:57196]] startThread=0
04:29:54.022 [qtp399373008-59] DEBUG org.eclipse.jetty.io.ManagedSelector - updates 0
04:29:54.022 [qtp399373008-59] DEBUG org.eclipse.jetty.io.ManagedSelector - Selector sun.nio.ch.EPollSelectorImpl@5b063887 waiting with 1 keys
04:29:54.022 [qtp399373008-58] DEBUG org.eclipse.jetty.util.thread.QueuedThreadPool - run Accept@389e615[java.nio.channels.SocketChannel[connected local=/127.0.0.1:33437 remote=/127.0.0.1:57196]] in QueuedThreadPool[qtp399373008]@17cdf2d0{STARTED,8<=8<=200,i=0,r=-1,q=0}[ReservedThreadExecutor@424fd310{reserved=2/8,pending=0}]
04:29:54.022 [qtp399373008-58] DEBUG org.eclipse.jetty.io.IdleTimeout - SocketChannelEndPoint@361fe360{l=/127.0.0.1:33437,r=/127.0.0.1:57196,OPEN,fill=-,flush=-,to=0/30000}{io=0/0,kio=0,kro=0}-><null> idle timeout check, elapsed: 0 ms, remaining: 30000 ms
04:29:54.022 [qtp399373008-58] DEBUG org.eclipse.jetty.util.ssl.SslContextFactory - Customize sun.security.ssl.SSLEngineImpl@676b7014
04:29:54.022 [qtp399373008-58] DEBUG org.eclipse.jetty.server.HttpChannel - new HttpChannelOverHttp@7e33593{s=HttpChannelState@1f7df843{s=IDLE rs=BLOCKING os=OPEN is=IDLE awp=false se=false i=true al=0},r=0,c=false/false,a=IDLE,uri=null,age=0} -> DecryptedEndPoint@56301c2f{l=/127.0.0.1:33437,r=/127.0.0.1:57196,OPEN,fill=-,flush=-,to=0/30000},null,HttpChannelState@1f7df843{s=IDLE rs=BLOCKING os=OPEN is=IDLE awp=false se=false i=true al=0}
04:29:54.022 [qtp399373008-58] DEBUG org.eclipse.jetty.server.HttpConnection - New HTTP Connection HttpConnection@6a672d2d::DecryptedEndPoint@56301c2f{l=/127.0.0.1:33437,r=/127.0.0.1:57196,OPEN,fill=-,flush=-,to=0/30000}
04:29:54.022 [qtp399373008-58] DEBUG org.eclipse.jetty.io.ManagedSelector - Queued change lazy=true org.eclipse.jetty.io.ManagedSelector$$Lambda$258/854397033@7436d25f on ManagedSelector@7bb6ab3a{STARTED} id=3 keys=1 selected=0 updates=0
04:29:54.022 [qtp399373008-58] DEBUG org.eclipse.jetty.io.AbstractEndPoint - onOpen SocketChannelEndPoint@361fe360{l=/127.0.0.1:33437,r=/127.0.0.1:57196,OPEN,fill=-,flush=-,to=0/30000}{io=0/0,kio=0,kro=0}->SslConnection@479937a{NOT_HANDSHAKING,eio=-1/-1,di=-1,fill=IDLE,flush=IDLE}~>DecryptedEndPoint@56301c2f{l=/127.0.0.1:33437,r=/127.0.0.1:57196,OPEN,fill=-,flush=-,to=0/30000}=>HttpConnection@6a672d2d[p=HttpParser{s=START,0 of -1},g=HttpGenerator@527e26be{s=START}]=>HttpChannelOverHttp@7e33593{s=HttpChannelState@1f7df843{s=IDLE rs=BLOCKING os=OPEN is=IDLE awp=false se=false i=true al=0},r=0,c=false/false,a=IDLE,uri=null,age=0}
04:29:54.023 [qtp399373008-58] DEBUG org.eclipse.jetty.io.AbstractConnection - onOpen SslConnection@479937a::SocketChannelEndPoint@361fe360{l=/127.0.0.1:33437,r=/127.0.0.1:57196,OPEN,fill=-,flush=-,to=0/30000}{io=0/0,kio=0,kro=0}->SslConnection@479937a{NOT_HANDSHAKING,eio=-1/-1,di=-1,fill=IDLE,flush=IDLE}~>DecryptedEndPoint@56301c2f{l=/127.0.0.1:33437,r=/127.0.0.1:57196,OPEN,fill=-,flush=-,to=0/30000}=>HttpConnection@6a672d2d[p=HttpParser{s=START,0 of -1},g=HttpGenerator@527e26be{s=START}]=>HttpChannelOverHttp@7e33593{s=HttpChannelState@1f7df843{s=IDLE rs=BLOCKING os=OPEN is=IDLE awp=false se=false i=true al=0},r=0,c=false/false,a=IDLE,uri=null,age=0}
04:29:54.023 [qtp399373008-58] DEBUG org.eclipse.jetty.io.AbstractConnection - onOpen HttpConnection@6a672d2d::DecryptedEndPoint@56301c2f{l=/127.0.0.1:33437,r=/127.0.0.1:57196,OPEN,fill=-,flush=-,to=0/30000}
04:29:54.023 [qtp399373008-58] DEBUG org.eclipse.jetty.io.AbstractConnection - fillInterested HttpConnection@6a672d2d::DecryptedEndPoint@56301c2f{l=/127.0.0.1:33437,r=/127.0.0.1:57196,OPEN,fill=-,flush=-,to=0/30000}
04:29:54.023 [qtp399373008-58] DEBUG org.eclipse.jetty.io.FillInterest - interested FillInterest@1a37799{AC.ReadCB@6a672d2d{HttpConnection@6a672d2d::DecryptedEndPoint@56301c2f{l=/127.0.0.1:33437,r=/127.0.0.1:57196,OPEN,fill=FI,flush=-,to=0/30000}}}
04:29:54.023 [qtp399373008-58] DEBUG org.eclipse.jetty.io.ssl.SslConnection - >needFillInterest s=IDLE/IDLE uf=false ei=null di=null SslConnection@479937a::SocketChannelEndPoint@361fe360{l=/127.0.0.1:33437,r=/127.0.0.1:57196,OPEN,fill=-,flush=-,to=0/30000}{io=0/0,kio=0,kro=0}->SslConnection@479937a{NOT_HANDSHAKING,eio=-1/-1,di=-1,fill=IDLE,flush=IDLE}~>DecryptedEndPoint@56301c2f{l=/127.0.0.1:33437,r=/127.0.0.1:57196,OPEN,fill=FI,flush=-,to=0/30000}=>HttpConnection@6a672d2d[p=HttpParser{s=START,0 of -1},g=HttpGenerator@527e26be{s=START}]=>HttpChannelOverHttp@7e33593{s=HttpChannelState@1f7df843{s=IDLE rs=BLOCKING os=OPEN is=IDLE awp=false se=false i=true al=0},r=0,c=false/false,a=IDLE,uri=null,age=0}
04:29:54.023 [qtp399373008-58] DEBUG org.eclipse.jetty.io.ssl.SslConnection - <needFillInterest s=IDLE/INTERESTED f=false i=true w=null
04:29:54.023 [qtp399373008-58] DEBUG org.eclipse.jetty.io.ssl.SslConnection - ensureFillInterested SslConnection@479937a::SocketChannelEndPoint@361fe360{l=/127.0.0.1:33437,r=/127.0.0.1:57196,OPEN,fill=-,flush=-,to=0/30000}{io=0/0,kio=0,kro=0}->SslConnection@479937a{NOT_HANDSHAKING,eio=-1/-1,di=-1,fill=INTERESTED,flush=IDLE}~>DecryptedEndPoint@56301c2f{l=/127.0.0.1:33437,r=/127.0.0.1:57196,OPEN,fill=FI,flush=-,to=0/30000}=>HttpConnection@6a672d2d[p=HttpParser{s=START,0 of -1},g=HttpGenerator@527e26be{s=START}]=>HttpChannelOverHttp@7e33593{s=HttpChannelState@1f7df843{s=IDLE rs=BLOCKING os=OPEN is=IDLE awp=false se=false i=true al=0},r=0,c=false/false,a=IDLE,uri=null,age=0}
04:29:54.023 [qtp399373008-58] DEBUG org.eclipse.jetty.io.FillInterest - interested FillInterest@4345f9d8{SSLC.NBReadCB@479937a{SslConnection@479937a::SocketChannelEndPoint@361fe360{l=/127.0.0.1:33437,r=/127.0.0.1:57196,OPEN,fill=FI,flush=-,to=0/30000}{io=0/0,kio=0,kro=0}->SslConnection@479937a{NOT_HANDSHAKING,eio=-1/-1,di=-1,fill=INTERESTED,flush=IDLE}~>DecryptedEndPoint@56301c2f{l=/127.0.0.1:33437,r=/127.0.0.1:57196,OPEN,fill=FI,flush=-,to=0/30000}=>HttpConnection@6a672d2d[p=HttpParser{s=START,0 of -1},g=HttpGenerator@527e26be{s=START}]=>HttpChannelOverHttp@7e33593{s=HttpChannelState@1f7df843{s=IDLE rs=BLOCKING os=OPEN is=IDLE awp=false se=false i=true al=0},r=0,c=false/false,a=IDLE,uri=null,age=0}}}
04:29:54.023 [qtp399373008-58] DEBUG org.eclipse.jetty.io.ChannelEndPoint - changeInterests p=false 0->1 for SocketChannelEndPoint@361fe360{l=/127.0.0.1:33437,r=/127.0.0.1:57196,OPEN,fill=FI,flush=-,to=0/30000}{io=0/1,kio=0,kro=0}->SslConnection@479937a{NOT_HANDSHAKING,eio=-1/-1,di=-1,fill=INTERESTED,flush=IDLE}~>DecryptedEndPoint@56301c2f{l=/127.0.0.1:33437,r=/127.0.0.1:57196,OPEN,fill=FI,flush=-,to=0/30000}=>HttpConnection@6a672d2d[p=HttpParser{s=START,0 of -1},g=HttpGenerator@527e26be{s=START}]=>HttpChannelOverHttp@7e33593{s=HttpChannelState@1f7df843{s=IDLE rs=BLOCKING os=OPEN is=IDLE awp=false se=false i=true al=0},r=0,c=false/false,a=IDLE,uri=null,age=0}
04:29:54.023 [qtp399373008-58] DEBUG org.eclipse.jetty.io.ManagedSelector - Queued change lazy=false org.eclipse.jetty.io.ChannelEndPoint$$Lambda$255/1126011505@b6f5089 on ManagedSelector@7bb6ab3a{STARTED} id=3 keys=1 selected=0 updates=1
04:29:54.023 [qtp399373008-58] DEBUG org.eclipse.jetty.io.ManagedSelector - Wakeup on submit ManagedSelector@7bb6ab3a{STARTED} id=3 keys=1 selected=0 updates=2
04:29:54.023 [qtp399373008-59] DEBUG org.eclipse.jetty.io.ManagedSelector - Selector sun.nio.ch.EPollSelectorImpl@5b063887 woken with none selected
04:29:54.023 [qtp399373008-59] DEBUG org.eclipse.jetty.io.ManagedSelector - Selector sun.nio.ch.EPollSelectorImpl@5b063887 woken up from select, 0/0/1 selected
04:29:54.023 [qtp399373008-59] DEBUG org.eclipse.jetty.io.ManagedSelector - Selector sun.nio.ch.EPollSelectorImpl@5b063887 processing 0 keys, 2 updates
04:29:54.023 [qtp399373008-59] DEBUG org.eclipse.jetty.io.ManagedSelector - updateable 2
04:29:54.023 [qtp399373008-59] DEBUG org.eclipse.jetty.io.ManagedSelector - update org.eclipse.jetty.io.ManagedSelector$$Lambda$258/854397033@7436d25f
04:29:54.023 [qtp399373008-58] DEBUG org.eclipse.jetty.io.ManagedSelector - Created SocketChannelEndPoint@361fe360{l=/127.0.0.1:33437,r=/127.0.0.1:57196,OPEN,fill=FI,flush=-,to=0/30000}{io=0/1,kio=0,kro=0}->SslConnection@479937a{NOT_HANDSHAKING,eio=-1/-1,di=-1,fill=INTERESTED,flush=IDLE}~>DecryptedEndPoint@56301c2f{l=/127.0.0.1:33437,r=/127.0.0.1:57196,OPEN,fill=FI,flush=-,to=0/30000}=>HttpConnection@6a672d2d[p=HttpParser{s=START,0 of -1},g=HttpGenerator@527e26be{s=START}]=>HttpChannelOverHttp@7e33593{s=HttpChannelState@1f7df843{s=IDLE rs=BLOCKING os=OPEN is=IDLE awp=false se=false i=true al=0},r=0,c=false/false,a=IDLE,uri=null,age=0}
04:29:54.023 [qtp399373008-59] DEBUG org.eclipse.jetty.io.ManagedSelector - update org.eclipse.jetty.io.ChannelEndPoint$$Lambda$255/1126011505@b6f5089
04:29:54.023 [qtp399373008-58] DEBUG org.eclipse.jetty.util.thread.QueuedThreadPool - ran Accept@389e615[java.nio.channels.SocketChannel[connected local=/127.0.0.1:33437 remote=/127.0.0.1:57196]] in QueuedThreadPool[qtp399373008]@17cdf2d0{STARTED,8<=8<=200,i=0,r=-1,q=0}[ReservedThreadExecutor@424fd310{reserved=2/8,pending=0}]
04:29:54.023 [qtp399373008-59] DEBUG org.eclipse.jetty.io.ChannelEndPoint - Key interests updated 0 -> 1 on SocketChannelEndPoint@361fe360{l=/127.0.0.1:33437,r=/127.0.0.1:57196,OPEN,fill=FI,flush=-,to=0/30000}{io=1/1,kio=1,kro=0}->SslConnection@479937a{NOT_HANDSHAKING,eio=-1/-1,di=-1,fill=INTERESTED,flush=IDLE}~>DecryptedEndPoint@56301c2f{l=/127.0.0.1:33437,r=/127.0.0.1:57196,OPEN,fill=FI,flush=-,to=0/30000}=>HttpConnection@6a672d2d[p=HttpParser{s=START,0 of -1},g=HttpGenerator@527e26be{s=START}]=>HttpChannelOverHttp@7e33593{s=HttpChannelState@1f7df843{s=IDLE rs=BLOCKING os=OPEN is=IDLE awp=false se=false i=true al=0},r=0,c=false/false,a=IDLE,uri=null,age=0}
04:29:54.023 [qtp399373008-59] DEBUG org.eclipse.jetty.io.ManagedSelector - updates 0
04:29:54.023 [qtp399373008-59] DEBUG org.eclipse.jetty.io.ManagedSelector - Selector sun.nio.ch.EPollSelectorImpl@5b063887 waiting with 1 keys
04:29:54.023 [qtp399373008-59] DEBUG org.eclipse.jetty.io.ManagedSelector - Selector sun.nio.ch.EPollSelectorImpl@5b063887 woken up from select, 1/1/1 selected
04:29:54.023 [qtp399373008-59] DEBUG org.eclipse.jetty.io.ManagedSelector - Selector sun.nio.ch.EPollSelectorImpl@5b063887 processing 1 keys, 0 updates
04:29:54.023 [qtp399373008-59] DEBUG org.eclipse.jetty.io.ManagedSelector - selected 1 sun.nio.ch.SelectionKeyImpl@55c1cd97 SocketChannelEndPoint@361fe360{l=/127.0.0.1:33437,r=/127.0.0.1:57196,OPEN,fill=FI,flush=-,to=0/30000}{io=1/1,kio=1,kro=1}->SslConnection@479937a{NOT_HANDSHAKING,eio=-1/-1,di=-1,fill=INTERESTED,flush=IDLE}~>DecryptedEndPoint@56301c2f{l=/127.0.0.1:33437,r=/127.0.0.1:57196,OPEN,fill=FI,flush=-,to=0/30000}=>HttpConnection@6a672d2d[p=HttpParser{s=START,0 of -1},g=HttpGenerator@527e26be{s=START}]=>HttpChannelOverHttp@7e33593{s=HttpChannelState@1f7df843{s=IDLE rs=BLOCKING os=OPEN is=IDLE awp=false se=false i=true al=0},r=0,c=false/false,a=IDLE,uri=null,age=0} 
04:29:54.024 [qtp399373008-59] DEBUG org.eclipse.jetty.io.ChannelEndPoint - onSelected 1->0 r=true w=false for SocketChannelEndPoint@361fe360{l=/127.0.0.1:33437,r=/127.0.0.1:57196,OPEN,fill=FI,flush=-,to=0/30000}{io=1/0,kio=1,kro=1}->SslConnection@479937a{NOT_HANDSHAKING,eio=-1/-1,di=-1,fill=INTERESTED,flush=IDLE}~>DecryptedEndPoint@56301c2f{l=/127.0.0.1:33437,r=/127.0.0.1:57196,OPEN,fill=FI,flush=-,to=0/30000}=>HttpConnection@6a672d2d[p=HttpParser{s=START,0 of -1},g=HttpGenerator@527e26be{s=START}]=>HttpChannelOverHttp@7e33593{s=HttpChannelState@1f7df843{s=IDLE rs=BLOCKING os=OPEN is=IDLE awp=false se=false i=true al=0},r=0,c=false/false,a=IDLE,uri=null,age=0}
04:29:54.024 [qtp399373008-59] DEBUG org.eclipse.jetty.io.ChannelEndPoint - task CEP:SocketChannelEndPoint@361fe360{l=/127.0.0.1:33437,r=/127.0.0.1:57196,OPEN,fill=FI,flush=-,to=0/30000}{io=1/0,kio=1,kro=1}->SslConnection@479937a{NOT_HANDSHAKING,eio=-1/-1,di=-1,fill=INTERESTED,flush=IDLE}~>DecryptedEndPoint@56301c2f{l=/127.0.0.1:33437,r=/127.0.0.1:57196,OPEN,fill=FI,flush=-,to=1/30000}=>HttpConnection@6a672d2d[p=HttpParser{s=START,0 of -1},g=HttpGenerator@527e26be{s=START}]=>HttpChannelOverHttp@7e33593{s=HttpChannelState@1f7df843{s=IDLE rs=BLOCKING os=OPEN is=IDLE awp=false se=false i=true al=0},r=0,c=false/false,a=IDLE,uri=null,age=0}:runFillable:BLOCKING
04:29:54.024 [qtp399373008-59] DEBUG org.eclipse.jetty.util.thread.ReservedThreadExecutor - ReservedThreadExecutor@424fd310{reserved=2/8,pending=0} tryExecute EatWhatYouKill@f478a81/SelectorProducer@19553973/PRODUCING/p=false/QueuedThreadPool[qtp399373008]@17cdf2d0{STARTED,8<=8<=200,i=1,r=-1,q=0}[ReservedThreadExecutor@424fd310{reserved=2/8,pending=0}][pc=0,pic=0,pec=0,epc=0]@2024-05-02T04:29:54.024+01:00
04:29:54.024 [qtp399373008-62] DEBUG org.eclipse.jetty.util.thread.ReservedThreadExecutor - ReservedThread@724c02dc{RESERVED,thread=Thread[qtp399373008-62,5,main]} task=EatWhatYouKill@f478a81/SelectorProducer@19553973/IDLE/p=true/QueuedThreadPool[qtp399373008]@17cdf2d0{STARTED,8<=8<=200,i=1,r=-1,q=0}[ReservedThreadExecutor@424fd310{reserved=1/8,pending=0}][pc=0,pic=0,pec=0,epc=0]@2024-05-02T04:29:54.024+01:00 ReservedThreadExecutor@424fd310{reserved=1/8,pending=0}
04:29:54.024 [qtp399373008-59] DEBUG org.eclipse.jetty.util.thread.strategy.EatWhatYouKill - EatWhatYouKill@f478a81/SelectorProducer@19553973/IDLE/p=true/QueuedThreadPool[qtp399373008]@17cdf2d0{STARTED,8<=8<=200,i=1,r=-1,q=0}[ReservedThreadExecutor@424fd310{reserved=1/8,pending=0}][pc=0,pic=0,pec=0,epc=0]@2024-05-02T04:29:54.024+01:00 m=EXECUTE_PRODUCE_CONSUME t=CEP:SocketChannelEndPoint@361fe360{l=/127.0.0.1:33437,r=/127.0.0.1:57196,OPEN,fill=FI,flush=-,to=1/30000}{io=1/0,kio=1,kro=1}->SslConnection@479937a{NOT_HANDSHAKING,eio=-1/-1,di=-1,fill=INTERESTED,flush=IDLE}~>DecryptedEndPoint@56301c2f{l=/127.0.0.1:33437,r=/127.0.0.1:57196,OPEN,fill=FI,flush=-,to=1/30000}=>HttpConnection@6a672d2d[p=HttpParser{s=START,0 of -1},g=HttpGenerator@527e26be{s=START}]=>HttpChannelOverHttp@7e33593{s=HttpChannelState@1f7df843{s=IDLE rs=BLOCKING os=OPEN is=IDLE awp=false se=false i=true al=0},r=0,c=false/false,a=IDLE,uri=null,age=0}:runFillable:BLOCKING/BLOCKING
04:29:54.024 [qtp399373008-62] DEBUG org.eclipse.jetty.util.thread.strategy.EatWhatYouKill - EatWhatYouKill@f478a81/SelectorProducer@19553973/IDLE/p=true/QueuedThreadPool[qtp399373008]@17cdf2d0{STARTED,8<=8<=200,i=1,r=-1,q=0}[ReservedThreadExecutor@424fd310{reserved=1/8,pending=0}][pc=0,pic=0,pec=0,epc=0]@2024-05-02T04:29:54.024+01:00 tryProduce true
04:29:54.024 [qtp399373008-62] DEBUG org.eclipse.jetty.io.ManagedSelector - updateable 0
04:29:54.024 [qtp399373008-62] DEBUG org.eclipse.jetty.io.ManagedSelector - updates 0
04:29:54.024 [qtp399373008-59] DEBUG org.eclipse.jetty.io.FillInterest - fillable FillInterest@4345f9d8{SSLC.NBReadCB@479937a{SslConnection@479937a::SocketChannelEndPoint@361fe360{l=/127.0.0.1:33437,r=/127.0.0.1:57196,OPEN,fill=FI,flush=-,to=1/30000}{io=1/0,kio=1,kro=1}->SslConnection@479937a{NOT_HANDSHAKING,eio=-1/-1,di=-1,fill=INTERESTED,flush=IDLE}~>DecryptedEndPoint@56301c2f{l=/127.0.0.1:33437,r=/127.0.0.1:57196,OPEN,fill=FI,flush=-,to=1/30000}=>HttpConnection@6a672d2d[p=HttpParser{s=START,0 of -1},g=HttpGenerator@527e26be{s=START}]=>HttpChannelOverHttp@7e33593{s=HttpChannelState@1f7df843{s=IDLE rs=BLOCKING os=OPEN is=IDLE awp=false se=false i=true al=0},r=0,c=false/false,a=IDLE,uri=null,age=0}}}
04:29:54.024 [qtp399373008-59] DEBUG org.eclipse.jetty.io.ssl.SslConnection - >c.onFillable SslConnection@479937a::SocketChannelEndPoint@361fe360{l=/127.0.0.1:33437,r=/127.0.0.1:57196,OPEN,fill=-,flush=-,to=1/30000}{io=0/0,kio=0,kro=1}->SslConnection@479937a{NOT_HANDSHAKING,eio=-1/-1,di=-1,fill=INTERESTED,flush=IDLE}~>DecryptedEndPoint@56301c2f{l=/127.0.0.1:33437,r=/127.0.0.1:57196,OPEN,fill=FI,flush=-,to=1/30000}=>HttpConnection@6a672d2d[p=HttpParser{s=START,0 of -1},g=HttpGenerator@527e26be{s=START}]=>HttpChannelOverHttp@7e33593{s=HttpChannelState@1f7df843{s=IDLE rs=BLOCKING os=OPEN is=IDLE awp=false se=false i=true al=0},r=0,c=false/false,a=IDLE,uri=null,age=0}
04:29:54.024 [qtp399373008-62] DEBUG org.eclipse.jetty.io.ChannelEndPoint - Key interests updated 1 -> 0 on SocketChannelEndPoint@361fe360{l=/127.0.0.1:33437,r=/127.0.0.1:57196,OPEN,fill=-,flush=-,to=1/30000}{io=0/0,kio=0,kro=1}->SslConnection@479937a{NOT_HANDSHAKING,eio=-1/-1,di=-1,fill=INTERESTED,flush=IDLE}~>DecryptedEndPoint@56301c2f{l=/127.0.0.1:33437,r=/127.0.0.1:57196,OPEN,fill=FI,flush=-,to=1/30000}=>HttpConnection@6a672d2d[p=HttpParser{s=START,0 of -1},g=HttpGenerator@527e26be{s=START}]=>HttpChannelOverHttp@7e33593{s=HttpChannelState@1f7df843{s=IDLE rs=BLOCKING os=OPEN is=IDLE awp=false se=false i=true al=0},r=0,c=false/false,a=IDLE,uri=null,age=0}
04:29:54.024 [qtp399373008-62] DEBUG org.eclipse.jetty.io.ManagedSelector - Selector sun.nio.ch.EPollSelectorImpl@5b063887 waiting with 1 keys
04:29:54.025 [qtp399373008-59] DEBUG org.eclipse.jetty.io.ssl.SslConnection - onFillable SslConnection@479937a::SocketChannelEndPoint@361fe360{l=/127.0.0.1:33437,r=/127.0.0.1:57196,OPEN,fill=-,flush=-,to=1/30000}{io=0/0,kio=0,kro=1}->SslConnection@479937a{NOT_HANDSHAKING,eio=-1/-1,di=-1,fill=INTERESTED,flush=IDLE}~>DecryptedEndPoint@56301c2f{l=/127.0.0.1:33437,r=/127.0.0.1:57196,OPEN,fill=FI,flush=-,to=1/30000}=>HttpConnection@6a672d2d[p=HttpParser{s=START,0 of -1},g=HttpGenerator@527e26be{s=START}]=>HttpChannelOverHttp@7e33593{s=HttpChannelState@1f7df843{s=IDLE rs=BLOCKING os=OPEN is=IDLE awp=false se=false i=true al=0},r=0,c=false/false,a=IDLE,uri=null,age=0}
04:29:54.025 [qtp399373008-59] DEBUG org.eclipse.jetty.io.FillInterest - fillable FillInterest@1a37799{AC.ReadCB@6a672d2d{HttpConnection@6a672d2d::DecryptedEndPoint@56301c2f{l=/127.0.0.1:33437,r=/127.0.0.1:57196,OPEN,fill=FI,flush=-,to=2/30000}}}
04:29:54.025 [qtp399373008-59] DEBUG org.eclipse.jetty.server.HttpConnection - HttpConnection@6a672d2d::DecryptedEndPoint@56301c2f{l=/127.0.0.1:33437,r=/127.0.0.1:57196,OPEN,fill=-,flush=-,to=2/30000} onFillable enter HttpChannelState@1f7df843{s=IDLE rs=BLOCKING os=OPEN is=IDLE awp=false se=false i=true al=0} null
04:29:54.025 [qtp399373008-59] DEBUG org.eclipse.jetty.io.ssl.SslConnection - >fill SslConnection@479937a::SocketChannelEndPoint@361fe360{l=/127.0.0.1:33437,r=/127.0.0.1:57196,OPEN,fill=-,flush=-,to=2/30000}{io=0/0,kio=0,kro=1}->SslConnection@479937a{NOT_HANDSHAKING,eio=-1/-1,di=-1,fill=IDLE,flush=IDLE}~>DecryptedEndPoint@56301c2f{l=/127.0.0.1:33437,r=/127.0.0.1:57196,OPEN,fill=-,flush=-,to=2/30000}=>HttpConnection@6a672d2d[p=HttpParser{s=START,0 of -1},g=HttpGenerator@527e26be{s=START}]=>HttpChannelOverHttp@7e33593{s=HttpChannelState@1f7df843{s=IDLE rs=BLOCKING os=OPEN is=IDLE awp=false se=false i=true al=0},r=0,c=false/false,a=IDLE,uri=null,age=0}
04:29:54.025 [qtp399373008-59] DEBUG org.eclipse.jetty.io.ssl.SslConnection - fill NOT_HANDSHAKING
04:29:54.025 [qtp399373008-59] DEBUG org.eclipse.jetty.io.ChannelEndPoint - filled 339 HeapByteBuffer@6e6899aa[p=0,l=339,c=17408,r=339]={<<<\x16\x03\x03\x01N\x01\x00\x01J\x03\x03B\xB7Y\xAfs,4D\xE2\x99k\xFc/"...\xEf\x19\xCb\xD5\xF8\x92\x0c\xCed;\xAb-\x8b\x8b!\x0b\xE5\\\xFf\x01\x00\x01\x00>>>\xF9\xFb}{\xC0\xFag\xC6G...\x00\x00\x00\x00\x00\x00\x00}
04:29:54.025 [qtp399373008-59] DEBUG org.eclipse.jetty.io.ssl.SslConnection - net filled=339
04:29:54.025 [qtp399373008-59] DEBUG org.eclipse.jetty.io.ssl.SslConnection - fill starting handshake SslConnection@479937a::SocketChannelEndPoint@361fe360{l=/127.0.0.1:33437,r=/127.0.0.1:57196,OPEN,fill=-,flush=-,to=0/30000}{io=0/0,kio=0,kro=1}->SslConnection@479937a{NOT_HANDSHAKING,eio=339/-1,di=-1,fill=IDLE,flush=IDLE}~>DecryptedEndPoint@56301c2f{l=/127.0.0.1:33437,r=/127.0.0.1:57196,OPEN,fill=-,flush=-,to=2/30000}=>HttpConnection@6a672d2d[p=HttpParser{s=START,0 of -1},g=HttpGenerator@527e26be{s=START}]=>HttpChannelOverHttp@7e33593{s=HttpChannelState@1f7df843{s=IDLE rs=BLOCKING os=OPEN is=IDLE awp=false se=false i=true al=0},r=0,c=false/false,a=IDLE,uri=null,age=0}
04:29:54.026 [qtp399373008-59] DEBUG org.eclipse.jetty.io.ssl.SslConnection - unwrap net_filled=339 Status = OK HandshakeStatus = NEED_TASK bytesConsumed = 339 bytesProduced = 0 encryptedBuffer=[p=339,l=339,c=17408,r=0] unwrapBuffer=HeapByteBuffer@6a5710bf[p=0,l=0,c=17408,r=0]={<<<>>>GET / HTT...\x00\x00\x00\x00\x00\x00\x00} appBuffer=HeapByteBuffer@6a5710bf[p=0,l=0,c=17408,r=0]={<<<>>>GET / HTT...\x00\x00\x00\x00\x00\x00\x00}
04:29:54.026 [qtp399373008-59] DEBUG org.eclipse.jetty.io.ssl.SslConnection - fill NEED_TASK
04:29:54.032 [qtp399373008-59] DEBUG org.eclipse.jetty.io.ssl.SslConnection - fill NEED_WRAP
04:29:54.032 [qtp399373008-59] DEBUG org.eclipse.jetty.io.ssl.SslConnection - >flush SslConnection@479937a::SocketChannelEndPoint@361fe360{l=/127.0.0.1:33437,r=/127.0.0.1:57196,OPEN,fill=-,flush=-,to=7/30000}{io=0/0,kio=0,kro=1}->SslConnection@479937a{NEED_WRAP,eio=0/-1,di=-1,fill=IDLE,flush=IDLE}~>DecryptedEndPoint@56301c2f{l=/127.0.0.1:33437,r=/127.0.0.1:57196,OPEN,fill=-,flush=-,to=9/30000}=>HttpConnection@6a672d2d[p=HttpParser{s=START,0 of -1},g=HttpGenerator@527e26be{s=START}]=>HttpChannelOverHttp@7e33593{s=HttpChannelState@1f7df843{s=IDLE rs=BLOCKING os=OPEN is=IDLE awp=false se=false i=true al=0},r=0,c=false/false,a=IDLE,uri=null,age=0}
04:29:54.032 [qtp399373008-59] DEBUG org.eclipse.jetty.io.ssl.SslConnection - flush b[0]=HeapByteBuffer@29624c55[p=0,l=0,c=0,r=0]={<<<>>>}
04:29:54.032 [qtp399373008-59] DEBUG org.eclipse.jetty.io.ssl.SslConnection - flush NEED_WRAP
04:29:54.032 [qtp399373008-59] DEBUG org.eclipse.jetty.io.ssl.SslConnection - wrap Status = OK HandshakeStatus = NEED_WRAP bytesConsumed = 0 bytesProduced = 160 [p=0,l=160,c=17408,r=160] ioDone=false/false
04:29:54.033 [qtp399373008-59] DEBUG org.eclipse.jetty.io.ChannelEndPoint - flushed 160 SocketChannelEndPoint@361fe360{l=/127.0.0.1:33437,r=/127.0.0.1:57196,OPEN,fill=-,flush=-,to=7/30000}{io=0/0,kio=0,kro=1}->SslConnection@479937a{NEED_WRAP,eio=0/0,di=-1,fill=IDLE,flush=IDLE}~>DecryptedEndPoint@56301c2f{l=/127.0.0.1:33437,r=/127.0.0.1:57196,OPEN,fill=-,flush=-,to=9/30000}=>HttpConnection@6a672d2d[p=HttpParser{s=START,0 of -1},g=HttpGenerator@527e26be{s=START}]=>HttpChannelOverHttp@7e33593{s=HttpChannelState@1f7df843{s=IDLE rs=BLOCKING os=OPEN is=IDLE awp=false se=false i=true al=0},r=0,c=false/false,a=IDLE,uri=null,age=0}
04:29:54.033 [qtp399373008-59] DEBUG org.eclipse.jetty.io.ssl.SslConnection - net flushed=true, ac=true
04:29:54.033 [qtp399373008-59] DEBUG org.eclipse.jetty.io.ssl.SslConnection - flush NEED_WRAP
04:29:54.033 [qtp399373008-59] DEBUG org.eclipse.jetty.io.ssl.SslConnection - wrap Status = OK HandshakeStatus = NEED_WRAP bytesConsumed = 0 bytesProduced = 6 [p=0,l=6,c=17408,r=6] ioDone=false/false
04:29:54.033 [qtp399373008-59] DEBUG org.eclipse.jetty.io.ChannelEndPoint - flushed 6 SocketChannelEndPoint@361fe360{l=/127.0.0.1:33437,r=/127.0.0.1:57196,OPEN,fill=-,flush=-,to=0/30000}{io=0/0,kio=0,kro=1}->SslConnection@479937a{NEED_WRAP,eio=0/0,di=-1,fill=IDLE,flush=IDLE}~>DecryptedEndPoint@56301c2f{l=/127.0.0.1:33437,r=/127.0.0.1:57196,OPEN,fill=-,flush=-,to=10/30000}=>HttpConnection@6a672d2d[p=HttpParser{s=START,0 of -1},g=HttpGenerator@527e26be{s=START}]=>HttpChannelOverHttp@7e33593{s=HttpChannelState@1f7df843{s=IDLE rs=BLOCKING os=OPEN is=IDLE awp=false se=false i=true al=0},r=0,c=false/false,a=IDLE,uri=null,age=0}
04:29:54.033 [qtp399373008-59] DEBUG org.eclipse.jetty.io.ssl.SslConnection - net flushed=true, ac=true
04:29:54.033 [qtp399373008-59] DEBUG org.eclipse.jetty.io.ssl.SslConnection - flush NEED_WRAP
04:29:54.033 [qtp399373008-59] DEBUG org.eclipse.jetty.io.ssl.SslConnection - wrap Status = OK HandshakeStatus = NEED_UNWRAP bytesConsumed = 0 bytesProduced = 1597 [p=0,l=1597,c=17408,r=1597] ioDone=false/false
04:29:54.033 [qtp399373008-59] DEBUG org.eclipse.jetty.io.ChannelEndPoint - flushed 1597 SocketChannelEndPoint@361fe360{l=/127.0.0.1:33437,r=/127.0.0.1:57196,OPEN,fill=-,flush=-,to=0/30000}{io=0/0,kio=0,kro=1}->SslConnection@479937a{NEED_UNWRAP,eio=0/0,di=-1,fill=IDLE,flush=IDLE}~>DecryptedEndPoint@56301c2f{l=/127.0.0.1:33437,r=/127.0.0.1:57196,OPEN,fill=-,flush=-,to=10/30000}=>HttpConnection@6a672d2d[p=HttpParser{s=START,0 of -1},g=HttpGenerator@527e26be{s=START}]=>HttpChannelOverHttp@7e33593{s=HttpChannelState@1f7df843{s=IDLE rs=BLOCKING os=OPEN is=IDLE awp=false se=false i=true al=0},r=0,c=false/false,a=IDLE,uri=null,age=0}
04:29:54.033 [qtp399373008-59] DEBUG org.eclipse.jetty.io.ssl.SslConnection - net flushed=true, ac=true
04:29:54.034 [qtp399373008-59] DEBUG org.eclipse.jetty.io.ssl.SslConnection - <flush true SslConnection@479937a::SocketChannelEndPoint@361fe360{l=/127.0.0.1:33437,r=/127.0.0.1:57196,OPEN,fill=-,flush=-,to=0/30000}{io=0/0,kio=0,kro=1}->SslConnection@479937a{NEED_UNWRAP,eio=0/-1,di=-1,fill=IDLE,flush=IDLE}~>DecryptedEndPoint@56301c2f{l=/127.0.0.1:33437,r=/127.0.0.1:57196,OPEN,fill=-,flush=-,to=10/30000}=>HttpConnection@6a672d2d[p=HttpParser{s=START,0 of -1},g=HttpGenerator@527e26be{s=START}]=>HttpChannelOverHttp@7e33593{s=HttpChannelState@1f7df843{s=IDLE rs=BLOCKING os=OPEN is=IDLE awp=false se=false i=true al=0},r=0,c=false/false,a=IDLE,uri=null,age=0}
04:29:54.034 [qtp399373008-59] DEBUG org.eclipse.jetty.io.ssl.SslConnection - fill NEED_UNWRAP
04:29:54.034 [qtp399373008-59] DEBUG org.eclipse.jetty.io.ChannelEndPoint - filled 0 HeapByteBuffer@6e6899aa[p=0,l=0,c=17408,r=0]={<<<>>>\x16\x03\x03\x01N\x01\x00\x01J...\x00\x00\x00\x00\x00\x00\x00}
04:29:54.034 [qtp399373008-59] DEBUG org.eclipse.jetty.io.ssl.SslConnection - net filled=0
04:29:54.034 [qtp399373008-59] DEBUG org.eclipse.jetty.io.ssl.SslConnection - unwrap net_filled=0 Status = BUFFER_UNDERFLOW HandshakeStatus = NEED_UNWRAP bytesConsumed = 0 bytesProduced = 0 encryptedBuffer=[p=0,l=0,c=17408,r=0] unwrapBuffer=HeapByteBuffer@6a5710bf[p=0,l=0,c=17408,r=0]={<<<>>>GET / HTT...\x00\x00\x00\x00\x00\x00\x00} appBuffer=HeapByteBuffer@6a5710bf[p=0,l=0,c=17408,r=0]={<<<>>>GET / HTT...\x00\x00\x00\x00\x00\x00\x00}
04:29:54.034 [qtp399373008-59] DEBUG org.eclipse.jetty.io.ssl.SslConnection - <fill f=0 uf=true SslConnection@479937a::SocketChannelEndPoint@361fe360{l=/127.0.0.1:33437,r=/127.0.0.1:57196,OPEN,fill=-,flush=-,to=0/30000}{io=0/0,kio=0,kro=1}->SslConnection@479937a{NEED_UNWRAP,eio=-1/-1,di=-1,fill=IDLE,flush=IDLE}~>DecryptedEndPoint@56301c2f{l=/127.0.0.1:33437,r=/127.0.0.1:57196,OPEN,fill=-,flush=-,to=11/30000}=>HttpConnection@6a672d2d[p=HttpParser{s=START,0 of -1},g=HttpGenerator@527e26be{s=START}]=>HttpChannelOverHttp@7e33593{s=HttpChannelState@1f7df843{s=IDLE rs=BLOCKING os=OPEN is=IDLE awp=false se=false i=true al=0},r=0,c=false/false,a=IDLE,uri=null,age=0}
04:29:54.034 [qtp399373008-59] DEBUG org.eclipse.jetty.io.ssl.SslConnection - >fill SslConnection@479937a::SocketChannelEndPoint@361fe360{l=/127.0.0.1:33437,r=/127.0.0.1:57196,OPEN,fill=-,flush=-,to=0/30000}{io=0/0,kio=0,kro=1}->SslConnection@479937a{NEED_UNWRAP,eio=-1/-1,di=-1,fill=IDLE,flush=IDLE}~>DecryptedEndPoint@56301c2f{l=/127.0.0.1:33437,r=/127.0.0.1:57196,OPEN,fill=-,flush=-,to=11/30000}=>HttpConnection@6a672d2d[p=HttpParser{s=START,0 of -1},g=HttpGenerator@527e26be{s=START}]=>HttpChannelOverHttp@7e33593{s=HttpChannelState@1f7df843{s=IDLE rs=BLOCKING os=OPEN is=IDLE awp=false se=false i=true al=0},r=0,c=false/false,a=IDLE,uri=null,age=0}
04:29:54.034 [qtp399373008-59] DEBUG org.eclipse.jetty.io.ssl.SslConnection - fill NEED_UNWRAP
04:29:54.034 [qtp399373008-59] DEBUG org.eclipse.jetty.io.ChannelEndPoint - filled 0 HeapByteBuffer@60af7bcf[p=0,l=0,c=17408,r=0]={<<<>>>\x17\x03\x03\x06850:\x1e...\x00\x00\x00\x00\x00\x00\x00}
04:29:54.034 [qtp399373008-59] DEBUG org.eclipse.jetty.io.ssl.SslConnection - net filled=0
04:29:54.034 [qtp399373008-59] DEBUG org.eclipse.jetty.io.ssl.SslConnection - unwrap net_filled=0 Status = BUFFER_UNDERFLOW HandshakeStatus = NEED_UNWRAP bytesConsumed = 0 bytesProduced = 0 encryptedBuffer=[p=0,l=0,c=17408,r=0] unwrapBuffer=HeapByteBuffer@6a5710bf[p=0,l=0,c=17408,r=0]={<<<>>>GET / HTT...\x00\x00\x00\x00\x00\x00\x00} appBuffer=HeapByteBuffer@6a5710bf[p=0,l=0,c=17408,r=0]={<<<>>>GET / HTT...\x00\x00\x00\x00\x00\x00\x00}
04:29:54.034 [qtp399373008-59] DEBUG org.eclipse.jetty.io.ssl.SslConnection - <fill f=0 uf=true SslConnection@479937a::SocketChannelEndPoint@361fe360{l=/127.0.0.1:33437,r=/127.0.0.1:57196,OPEN,fill=-,flush=-,to=0/30000}{io=0/0,kio=0,kro=1}->SslConnection@479937a{NEED_UNWRAP,eio=-1/-1,di=-1,fill=IDLE,flush=IDLE}~>DecryptedEndPoint@56301c2f{l=/127.0.0.1:33437,r=/127.0.0.1:57196,OPEN,fill=-,flush=-,to=11/30000}=>HttpConnection@6a672d2d[p=HttpParser{s=START,0 of -1},g=HttpGenerator@527e26be{s=START}]=>HttpChannelOverHttp@7e33593{s=HttpChannelState@1f7df843{s=IDLE rs=BLOCKING os=OPEN is=IDLE awp=false se=false i=true al=0},r=0,c=false/false,a=IDLE,uri=null,age=0}
04:29:54.034 [qtp399373008-59] DEBUG org.eclipse.jetty.server.HttpConnection - HttpConnection@6a672d2d::DecryptedEndPoint@56301c2f{l=/127.0.0.1:33437,r=/127.0.0.1:57196,OPEN,fill=-,flush=-,to=11/30000} filled 0 HeapByteBuffer@6a5710bf[p=0,l=0,c=17408,r=0]={<<<>>>GET / HTT...\x00\x00\x00\x00\x00\x00\x00}
04:29:54.034 [qtp399373008-59] DEBUG org.eclipse.jetty.server.HttpConnection - HttpConnection@6a672d2d::DecryptedEndPoint@56301c2f{l=/127.0.0.1:33437,r=/127.0.0.1:57196,OPEN,fill=-,flush=-,to=11/30000} parse HeapByteBuffer@6a5710bf[p=0,l=0,c=17408,r=0]={<<<>>>GET / HTT...\x00\x00\x00\x00\x00\x00\x00} {}
04:29:54.034 [qtp399373008-59] DEBUG org.eclipse.jetty.http.HttpParser - parseNext s=START HeapByteBuffer@6a5710bf[p=0,l=0,c=17408,r=0]={<<<>>>GET / HTT...\x00\x00\x00\x00\x00\x00\x00}
04:29:54.034 [qtp399373008-59] DEBUG org.eclipse.jetty.server.HttpConnection - HttpConnection@6a672d2d::DecryptedEndPoint@56301c2f{l=/127.0.0.1:33437,r=/127.0.0.1:57196,OPEN,fill=-,flush=-,to=11/30000} parsed false HttpParser{s=START,0 of -1}
04:29:54.034 [qtp399373008-59] DEBUG org.eclipse.jetty.server.HttpConnection - releaseRequestBuffer HttpConnection@6a672d2d::DecryptedEndPoint@56301c2f{l=/127.0.0.1:33437,r=/127.0.0.1:57196,OPEN,fill=-,flush=-,to=11/30000}
04:29:54.034 [qtp399373008-59] DEBUG org.eclipse.jetty.io.AbstractConnection - fillInterested HttpConnection@6a672d2d::DecryptedEndPoint@56301c2f{l=/127.0.0.1:33437,r=/127.0.0.1:57196,OPEN,fill=-,flush=-,to=11/30000}
04:29:54.034 [qtp399373008-59] DEBUG org.eclipse.jetty.io.FillInterest - interested FillInterest@1a37799{AC.ReadCB@6a672d2d{HttpConnection@6a672d2d::DecryptedEndPoint@56301c2f{l=/127.0.0.1:33437,r=/127.0.0.1:57196,OPEN,fill=FI,flush=-,to=0/30000}}}
04:29:54.035 [qtp399373008-59] DEBUG org.eclipse.jetty.io.ssl.SslConnection - >needFillInterest s=IDLE/IDLE uf=true ei=null di=null SslConnection@479937a::SocketChannelEndPoint@361fe360{l=/127.0.0.1:33437,r=/127.0.0.1:57196,OPEN,fill=-,flush=-,to=0/30000}{io=0/0,kio=0,kro=1}->SslConnection@479937a{NEED_UNWRAP,eio=-1/-1,di=-1,fill=IDLE,flush=IDLE}~>DecryptedEndPoint@56301c2f{l=/127.0.0.1:33437,r=/127.0.0.1:57196,OPEN,fill=FI,flush=-,to=0/30000}=>HttpConnection@6a672d2d[p=HttpParser{s=START,0 of -1},g=HttpGenerator@527e26be{s=START}]=>HttpChannelOverHttp@7e33593{s=HttpChannelState@1f7df843{s=IDLE rs=BLOCKING os=OPEN is=IDLE awp=false se=false i=true al=0},r=0,c=false/false,a=IDLE,uri=null,age=0}
04:29:54.035 [qtp399373008-59] DEBUG org.eclipse.jetty.io.ssl.SslConnection - <needFillInterest s=IDLE/INTERESTED f=false i=true w=null
04:29:54.035 [qtp399373008-59] DEBUG org.eclipse.jetty.io.ssl.SslConnection - ensureFillInterested SslConnection@479937a::SocketChannelEndPoint@361fe360{l=/127.0.0.1:33437,r=/127.0.0.1:57196,OPEN,fill=-,flush=-,to=1/30000}{io=0/0,kio=0,kro=1}->SslConnection@479937a{NEED_UNWRAP,eio=-1/-1,di=-1,fill=INTERESTED,flush=IDLE}~>DecryptedEndPoint@56301c2f{l=/127.0.0.1:33437,r=/127.0.0.1:57196,OPEN,fill=FI,flush=-,to=0/30000}=>HttpConnection@6a672d2d[p=HttpParser{s=START,0 of -1},g=HttpGenerator@527e26be{s=START}]=>HttpChannelOverHttp@7e33593{s=HttpChannelState@1f7df843{s=IDLE rs=BLOCKING os=OPEN is=IDLE awp=false se=false i=true al=0},r=0,c=false/false,a=IDLE,uri=null,age=0}
04:29:54.035 [qtp399373008-59] DEBUG org.eclipse.jetty.io.FillInterest - interested FillInterest@4345f9d8{SSLC.NBReadCB@479937a{SslConnection@479937a::SocketChannelEndPoint@361fe360{l=/127.0.0.1:33437,r=/127.0.0.1:57196,OPEN,fill=FI,flush=-,to=0/30000}{io=0/0,kio=0,kro=1}->SslConnection@479937a{NEED_UNWRAP,eio=-1/-1,di=-1,fill=INTERESTED,flush=IDLE}~>DecryptedEndPoint@56301c2f{l=/127.0.0.1:33437,r=/127.0.0.1:57196,OPEN,fill=FI,flush=-,to=0/30000}=>HttpConnection@6a672d2d[p=HttpParser{s=START,0 of -1},g=HttpGenerator@527e26be{s=START}]=>HttpChannelOverHttp@7e33593{s=HttpChannelState@1f7df843{s=IDLE rs=BLOCKING os=OPEN is=IDLE awp=false se=false i=true al=0},r=0,c=false/false,a=IDLE,uri=null,age=0}}}
04:29:54.035 [qtp399373008-59] DEBUG org.eclipse.jetty.io.ChannelEndPoint - changeInterests p=false 0->1 for SocketChannelEndPoint@361fe360{l=/127.0.0.1:33437,r=/127.0.0.1:57196,OPEN,fill=FI,flush=-,to=0/30000}{io=0/1,kio=0,kro=1}->SslConnection@479937a{NEED_UNWRAP,eio=-1/-1,di=-1,fill=INTERESTED,flush=IDLE}~>DecryptedEndPoint@56301c2f{l=/127.0.0.1:33437,r=/127.0.0.1:57196,OPEN,fill=FI,flush=-,to=0/30000}=>HttpConnection@6a672d2d[p=HttpParser{s=START,0 of -1},g=HttpGenerator@527e26be{s=START}]=>HttpChannelOverHttp@7e33593{s=HttpChannelState@1f7df843{s=IDLE rs=BLOCKING os=OPEN is=IDLE awp=false se=false i=true al=0},r=0,c=false/false,a=IDLE,uri=null,age=0}
04:29:54.035 [qtp399373008-59] DEBUG org.eclipse.jetty.io.ManagedSelector - Queued change lazy=false org.eclipse.jetty.io.ChannelEndPoint$$Lambda$255/1126011505@b6f5089 on ManagedSelector@7bb6ab3a{STARTED} id=3 keys=1 selected=0 updates=0
04:29:54.035 [qtp399373008-59] DEBUG org.eclipse.jetty.io.ManagedSelector - Wakeup on submit ManagedSelector@7bb6ab3a{STARTED} id=3 keys=1 selected=0 updates=1
04:29:54.035 [qtp399373008-59] DEBUG org.eclipse.jetty.server.HttpConnection - HttpConnection@6a672d2d::DecryptedEndPoint@56301c2f{l=/127.0.0.1:33437,r=/127.0.0.1:57196,OPEN,fill=FI,flush=-,to=0/30000} onFillable exit HttpChannelState@1f7df843{s=IDLE rs=BLOCKING os=OPEN is=IDLE awp=false se=false i=true al=0} null
04:29:54.035 [qtp399373008-59] DEBUG org.eclipse.jetty.io.ssl.SslConnection - <c.onFillable SslConnection@479937a::SocketChannelEndPoint@361fe360{l=/127.0.0.1:33437,r=/127.0.0.1:57196,OPEN,fill=FI,flush=-,to=0/30000}{io=0/1,kio=0,kro=1}->SslConnection@479937a{NEED_UNWRAP,eio=-1/-1,di=-1,fill=INTERESTED,flush=IDLE}~>DecryptedEndPoint@56301c2f{l=/127.0.0.1:33437,r=/127.0.0.1:57196,OPEN,fill=FI,flush=-,to=0/30000}=>HttpConnection@6a672d2d[p=HttpParser{s=START,0 of -1},g=HttpGenerator@527e26be{s=START}]=>HttpChannelOverHttp@7e33593{s=HttpChannelState@1f7df843{s=IDLE rs=BLOCKING os=OPEN is=IDLE awp=false se=false i=true al=0},r=0,c=false/false,a=IDLE,uri=null,age=0}
04:29:54.035 [qtp399373008-59] DEBUG org.eclipse.jetty.util.thread.QueuedThreadPool - ran org.eclipse.jetty.io.ManagedSelector$$Lambda$253/838473569@32811494 in QueuedThreadPool[qtp399373008]@17cdf2d0{STARTED,8<=8<=200,i=1,r=-1,q=0}[ReservedThreadExecutor@424fd310{reserved=1/8,pending=0}]
04:29:54.035 [qtp399373008-62] DEBUG org.eclipse.jetty.io.ManagedSelector - Selector sun.nio.ch.EPollSelectorImpl@5b063887 woken with none selected
04:29:54.035 [qtp399373008-62] DEBUG org.eclipse.jetty.io.ManagedSelector - Selector sun.nio.ch.EPollSelectorImpl@5b063887 woken up from select, 0/0/1 selected
04:29:54.035 [qtp399373008-62] DEBUG org.eclipse.jetty.io.ManagedSelector - Selector sun.nio.ch.EPollSelectorImpl@5b063887 processing 0 keys, 1 updates
04:29:54.035 [qtp399373008-62] DEBUG org.eclipse.jetty.io.ManagedSelector - updateable 1
04:29:54.035 [qtp399373008-62] DEBUG org.eclipse.jetty.io.ManagedSelector - update org.eclipse.jetty.io.ChannelEndPoint$$Lambda$255/1126011505@b6f5089
04:29:54.035 [qtp399373008-62] DEBUG org.eclipse.jetty.io.ChannelEndPoint - Key interests updated 0 -> 1 on SocketChannelEndPoint@361fe360{l=/127.0.0.1:33437,r=/127.0.0.1:57196,OPEN,fill=FI,flush=-,to=0/30000}{io=1/1,kio=1,kro=1}->SslConnection@479937a{NEED_UNWRAP,eio=-1/-1,di=-1,fill=INTERESTED,flush=IDLE}~>DecryptedEndPoint@56301c2f{l=/127.0.0.1:33437,r=/127.0.0.1:57196,OPEN,fill=FI,flush=-,to=1/30000}=>HttpConnection@6a672d2d[p=HttpParser{s=START,0 of -1},g=HttpGenerator@527e26be{s=START}]=>HttpChannelOverHttp@7e33593{s=HttpChannelState@1f7df843{s=IDLE rs=BLOCKING os=OPEN is=IDLE awp=false se=false i=true al=0},r=0,c=false/false,a=IDLE,uri=null,age=0}
04:29:54.036 [qtp399373008-62] DEBUG org.eclipse.jetty.io.ManagedSelector - updates 0
04:29:54.036 [qtp399373008-62] DEBUG org.eclipse.jetty.io.ManagedSelector - Selector sun.nio.ch.EPollSelectorImpl@5b063887 waiting with 1 keys
04:29:54.037 [qtp399373008-62] DEBUG org.eclipse.jetty.io.ManagedSelector - Selector sun.nio.ch.EPollSelectorImpl@5b063887 woken up from select, 1/1/1 selected
04:29:54.037 [qtp399373008-62] DEBUG org.eclipse.jetty.io.ManagedSelector - Selector sun.nio.ch.EPollSelectorImpl@5b063887 processing 1 keys, 0 updates
04:29:54.037 [qtp399373008-62] DEBUG org.eclipse.jetty.io.ManagedSelector - selected 1 sun.nio.ch.SelectionKeyImpl@55c1cd97 SocketChannelEndPoint@361fe360{l=/127.0.0.1:33437,r=/127.0.0.1:57196,OPEN,fill=FI,flush=-,to=1/30000}{io=1/1,kio=1,kro=1}->SslConnection@479937a{NEED_UNWRAP,eio=-1/-1,di=-1,fill=INTERESTED,flush=IDLE}~>DecryptedEndPoint@56301c2f{l=/127.0.0.1:33437,r=/127.0.0.1:57196,OPEN,fill=FI,flush=-,to=2/30000}=>HttpConnection@6a672d2d[p=HttpParser{s=START,0 of -1},g=HttpGenerator@527e26be{s=START}]=>HttpChannelOverHttp@7e33593{s=HttpChannelState@1f7df843{s=IDLE rs=BLOCKING os=OPEN is=IDLE awp=false se=false i=true al=0},r=0,c=false/false,a=IDLE,uri=null,age=0} 
04:29:54.037 [qtp399373008-62] DEBUG org.eclipse.jetty.io.ChannelEndPoint - onSelected 1->0 r=true w=false for SocketChannelEndPoint@361fe360{l=/127.0.0.1:33437,r=/127.0.0.1:57196,OPEN,fill=FI,flush=-,to=2/30000}{io=1/0,kio=1,kro=1}->SslConnection@479937a{NEED_UNWRAP,eio=-1/-1,di=-1,fill=INTERESTED,flush=IDLE}~>DecryptedEndPoint@56301c2f{l=/127.0.0.1:33437,r=/127.0.0.1:57196,OPEN,fill=FI,flush=-,to=2/30000}=>HttpConnection@6a672d2d[p=HttpParser{s=START,0 of -1},g=HttpGenerator@527e26be{s=START}]=>HttpChannelOverHttp@7e33593{s=HttpChannelState@1f7df843{s=IDLE rs=BLOCKING os=OPEN is=IDLE awp=false se=false i=true al=0},r=0,c=false/false,a=IDLE,uri=null,age=0}
04:29:54.037 [qtp399373008-62] DEBUG org.eclipse.jetty.io.ChannelEndPoint - task CEP:SocketChannelEndPoint@361fe360{l=/127.0.0.1:33437,r=/127.0.0.1:57196,OPEN,fill=FI,flush=-,to=2/30000}{io=1/0,kio=1,kro=1}->SslConnection@479937a{NEED_UNWRAP,eio=-1/-1,di=-1,fill=INTERESTED,flush=IDLE}~>DecryptedEndPoint@56301c2f{l=/127.0.0.1:33437,r=/127.0.0.1:57196,OPEN,fill=FI,flush=-,to=2/30000}=>HttpConnection@6a672d2d[p=HttpParser{s=START,0 of -1},g=HttpGenerator@527e26be{s=START}]=>HttpChannelOverHttp@7e33593{s=HttpChannelState@1f7df843{s=IDLE rs=BLOCKING os=OPEN is=IDLE awp=false se=false i=true al=0},r=0,c=false/false,a=IDLE,uri=null,age=0}:runFillable:BLOCKING
04:29:54.037 [qtp399373008-62] DEBUG org.eclipse.jetty.util.thread.ReservedThreadExecutor - ReservedThreadExecutor@424fd310{reserved=1/8,pending=0} tryExecute EatWhatYouKill@f478a81/SelectorProducer@19553973/PRODUCING/p=false/QueuedThreadPool[qtp399373008]@17cdf2d0{STARTED,8<=8<=200,i=2,r=-1,q=0}[ReservedThreadExecutor@424fd310{reserved=1/8,pending=0}][pc=0,pic=0,pec=0,epc=1]@2024-05-02T04:29:54.037+01:00
04:29:54.037 [qtp399373008-62] DEBUG org.eclipse.jetty.util.thread.ReservedThreadExecutor - ReservedThreadExecutor@424fd310{reserved=0/8,pending=1} startReservedThread p=1
04:29:54.037 [qtp399373008-62] DEBUG org.eclipse.jetty.util.thread.QueuedThreadPool - queue ReservedThread@66ba7cba{PENDING,thread=null} startThread=0
04:29:54.037 [qtp399373008-62] DEBUG org.eclipse.jetty.util.thread.strategy.EatWhatYouKill - EatWhatYouKill@f478a81/SelectorProducer@19553973/IDLE/p=true/QueuedThreadPool[qtp399373008]@17cdf2d0{STARTED,8<=8<=200,i=1,r=-1,q=0}[ReservedThreadExecutor@424fd310{reserved=0/8,pending=1}][pc=0,pic=0,pec=0,epc=1]@2024-05-02T04:29:54.037+01:00 m=EXECUTE_PRODUCE_CONSUME t=CEP:SocketChannelEndPoint@361fe360{l=/127.0.0.1:33437,r=/127.0.0.1:57196,OPEN,fill=FI,flush=-,to=2/30000}{io=1/0,kio=1,kro=1}->SslConnection@479937a{NEED_UNWRAP,eio=-1/-1,di=-1,fill=INTERESTED,flush=IDLE}~>DecryptedEndPoint@56301c2f{l=/127.0.0.1:33437,r=/127.0.0.1:57196,OPEN,fill=FI,flush=-,to=2/30000}=>HttpConnection@6a672d2d[p=HttpParser{s=START,0 of -1},g=HttpGenerator@527e26be{s=START}]=>HttpChannelOverHttp@7e33593{s=HttpChannelState@1f7df843{s=IDLE rs=BLOCKING os=OPEN is=IDLE awp=false se=false i=true al=0},r=0,c=false/false,a=IDLE,uri=null,age=0}:runFillable:BLOCKING/BLOCKING
04:29:54.037 [qtp399373008-62] DEBUG org.eclipse.jetty.io.FillInterest - fillable FillInterest@4345f9d8{SSLC.NBReadCB@479937a{SslConnection@479937a::SocketChannelEndPoint@361fe360{l=/127.0.0.1:33437,r=/127.0.0.1:57196,OPEN,fill=FI,flush=-,to=2/30000}{io=1/0,kio=1,kro=1}->SslConnection@479937a{NEED_UNWRAP,eio=-1/-1,di=-1,fill=INTERESTED,flush=IDLE}~>DecryptedEndPoint@56301c2f{l=/127.0.0.1:33437,r=/127.0.0.1:57196,OPEN,fill=FI,flush=-,to=3/30000}=>HttpConnection@6a672d2d[p=HttpParser{s=START,0 of -1},g=HttpGenerator@527e26be{s=START}]=>HttpChannelOverHttp@7e33593{s=HttpChannelState@1f7df843{s=IDLE rs=BLOCKING os=OPEN is=IDLE awp=false se=false i=true al=0},r=0,c=false/false,a=IDLE,uri=null,age=0}}}
04:29:54.037 [qtp399373008-62] DEBUG org.eclipse.jetty.io.ssl.SslConnection - >c.onFillable SslConnection@479937a::SocketChannelEndPoint@361fe360{l=/127.0.0.1:33437,r=/127.0.0.1:57196,OPEN,fill=-,flush=-,to=2/30000}{io=1/0,kio=1,kro=1}->SslConnection@479937a{NEED_UNWRAP,eio=-1/-1,di=-1,fill=INTERESTED,flush=IDLE}~>DecryptedEndPoint@56301c2f{l=/127.0.0.1:33437,r=/127.0.0.1:57196,OPEN,fill=FI,flush=-,to=3/30000}=>HttpConnection@6a672d2d[p=HttpParser{s=START,0 of -1},g=HttpGenerator@527e26be{s=START}]=>HttpChannelOverHttp@7e33593{s=HttpChannelState@1f7df843{s=IDLE rs=BLOCKING os=OPEN is=IDLE awp=false se=false i=true al=0},r=0,c=false/false,a=IDLE,uri=null,age=0}
04:29:54.038 [qtp399373008-62] DEBUG org.eclipse.jetty.io.ssl.SslConnection - onFillable SslConnection@479937a::SocketChannelEndPoint@361fe360{l=/127.0.0.1:33437,r=/127.0.0.1:57196,OPEN,fill=-,flush=-,to=2/30000}{io=1/0,kio=1,kro=1}->SslConnection@479937a{NEED_UNWRAP,eio=-1/-1,di=-1,fill=INTERESTED,flush=IDLE}~>DecryptedEndPoint@56301c2f{l=/127.0.0.1:33437,r=/127.0.0.1:57196,OPEN,fill=FI,flush=-,to=3/30000}=>HttpConnection@6a672d2d[p=HttpParser{s=START,0 of -1},g=HttpGenerator@527e26be{s=START}]=>HttpChannelOverHttp@7e33593{s=HttpChannelState@1f7df843{s=IDLE rs=BLOCKING os=OPEN is=IDLE awp=false se=false i=true al=0},r=0,c=false/false,a=IDLE,uri=null,age=0}
04:29:54.038 [qtp399373008-62] DEBUG org.eclipse.jetty.io.FillInterest - fillable FillInterest@1a37799{AC.ReadCB@6a672d2d{HttpConnection@6a672d2d::DecryptedEndPoint@56301c2f{l=/127.0.0.1:33437,r=/127.0.0.1:57196,OPEN,fill=FI,flush=-,to=3/30000}}}
04:29:54.038 [qtp399373008-57] DEBUG org.eclipse.jetty.util.thread.ReservedThreadExecutor - ReservedThread@76f4269{RESERVED,thread=Thread[qtp399373008-57,5,main]} task=EatWhatYouKill@f478a81/SelectorProducer@19553973/IDLE/p=true/QueuedThreadPool[qtp399373008]@17cdf2d0{STARTED,8<=8<=200,i=1,r=-1,q=0}[ReservedThreadExecutor@424fd310{reserved=0/8,pending=1}][pc=0,pic=0,pec=0,epc=2]@2024-05-02T04:29:54.038+01:00 ReservedThreadExecutor@424fd310{reserved=0/8,pending=1}
04:29:54.038 [qtp399373008-62] DEBUG org.eclipse.jetty.server.HttpConnection - HttpConnection@6a672d2d::DecryptedEndPoint@56301c2f{l=/127.0.0.1:33437,r=/127.0.0.1:57196,OPEN,fill=-,flush=-,to=3/30000} onFillable enter HttpChannelState@1f7df843{s=IDLE rs=BLOCKING os=OPEN is=IDLE awp=false se=false i=true al=0} null
04:29:54.038 [qtp399373008-57] DEBUG org.eclipse.jetty.util.thread.strategy.EatWhatYouKill - EatWhatYouKill@f478a81/SelectorProducer@19553973/IDLE/p=true/QueuedThreadPool[qtp399373008]@17cdf2d0{STARTED,8<=8<=200,i=1,r=-1,q=0}[ReservedThreadExecutor@424fd310{reserved=0/8,pending=1}][pc=0,pic=0,pec=0,epc=2]@2024-05-02T04:29:54.038+01:00 tryProduce true
04:29:54.038 [qtp399373008-57] DEBUG org.eclipse.jetty.io.ManagedSelector - updateable 0
04:29:54.038 [qtp399373008-62] DEBUG org.eclipse.jetty.io.ssl.SslConnection - >fill SslConnection@479937a::SocketChannelEndPoint@361fe360{l=/127.0.0.1:33437,r=/127.0.0.1:57196,OPEN,fill=-,flush=-,to=3/30000}{io=1/0,kio=1,kro=1}->SslConnection@479937a{NEED_UNWRAP,eio=-1/-1,di=-1,fill=IDLE,flush=IDLE}~>DecryptedEndPoint@56301c2f{l=/127.0.0.1:33437,r=/127.0.0.1:57196,OPEN,fill=-,flush=-,to=3/30000}=>HttpConnection@6a672d2d[p=HttpParser{s=START,0 of -1},g=HttpGenerator@527e26be{s=START}]=>HttpChannelOverHttp@7e33593{s=HttpChannelState@1f7df843{s=IDLE rs=BLOCKING os=OPEN is=IDLE awp=false se=false i=true al=0},r=0,c=false/false,a=IDLE,uri=null,age=0}
04:29:54.038 [qtp399373008-62] DEBUG org.eclipse.jetty.io.ssl.SslConnection - fill NEED_UNWRAP
04:29:54.038 [qtp399373008-57] DEBUG org.eclipse.jetty.io.ManagedSelector - updates 0
04:29:54.038 [qtp399373008-57] DEBUG org.eclipse.jetty.io.ChannelEndPoint - Key interests updated 1 -> 0 on SocketChannelEndPoint@361fe360{l=/127.0.0.1:33437,r=/127.0.0.1:57196,OPEN,fill=-,flush=-,to=3/30000}{io=0/0,kio=0,kro=1}->SslConnection@479937a{NEED_UNWRAP,eio=-1/-1,di=-1,fill=IDLE,flush=IDLE}~>DecryptedEndPoint@56301c2f{l=/127.0.0.1:33437,r=/127.0.0.1:57196,OPEN,fill=-,flush=-,to=3/30000}=>HttpConnection@6a672d2d[p=HttpParser{s=START,0 of -1},g=HttpGenerator@527e26be{s=START}]=>HttpChannelOverHttp@7e33593{s=HttpChannelState@1f7df843{s=IDLE rs=BLOCKING os=OPEN is=IDLE awp=false se=false i=true al=0},r=0,c=false/false,a=IDLE,uri=null,age=0}
04:29:54.038 [qtp399373008-58] DEBUG org.eclipse.jetty.util.thread.QueuedThreadPool - run ReservedThread@66ba7cba{PENDING,thread=null} in QueuedThreadPool[qtp399373008]@17cdf2d0{STARTED,8<=8<=200,i=1,r=-1,q=0}[ReservedThreadExecutor@424fd310{reserved=0/8,pending=1}]
04:29:54.038 [qtp399373008-57] DEBUG org.eclipse.jetty.io.ManagedSelector - Selector sun.nio.ch.EPollSelectorImpl@5b063887 waiting with 1 keys
04:29:54.038 [qtp399373008-62] DEBUG org.eclipse.jetty.io.ChannelEndPoint - filled 6 HeapByteBuffer@60af7bcf[p=0,l=6,c=17408,r=6]={<<<\x14\x03\x03\x00\x01\x01>>>0:\x1e\xEc\x14\xF6j\x9c\xD1...\x00\x00\x00\x00\x00\x00\x00}
04:29:54.038 [qtp399373008-58] DEBUG org.eclipse.jetty.util.thread.ReservedThreadExecutor - ReservedThread@66ba7cba{PENDING,thread=Thread[qtp399373008-58,5,main]} was=PENDING next=RESERVED size=0+1 capacity=8
04:29:54.038 [qtp399373008-62] DEBUG org.eclipse.jetty.io.ssl.SslConnection - net filled=6
04:29:54.038 [qtp399373008-58] DEBUG org.eclipse.jetty.util.thread.ReservedThreadExecutor - ReservedThread@66ba7cba{RESERVED,thread=Thread[qtp399373008-58,5,main]} waiting ReservedThreadExecutor@424fd310{reserved=1/8,pending=0}
04:29:54.038 [qtp399373008-62] DEBUG org.eclipse.jetty.io.ssl.SslConnection - unwrap net_filled=6 Status = OK HandshakeStatus = NEED_UNWRAP bytesConsumed = 6 bytesProduced = 0 encryptedBuffer=[p=6,l=6,c=17408,r=0] unwrapBuffer=HeapByteBuffer@6e6899aa[p=0,l=0,c=17408,r=0]={<<<>>>\x16\x03\x03\x01N\x01\x00\x01J...\x00\x00\x00\x00\x00\x00\x00} appBuffer=HeapByteBuffer@6e6899aa[p=0,l=0,c=17408,r=0]={<<<>>>\x16\x03\x03\x01N\x01\x00\x01J...\x00\x00\x00\x00\x00\x00\x00}
04:29:54.038 [qtp399373008-62] DEBUG org.eclipse.jetty.io.ssl.SslConnection - fill NEED_UNWRAP
04:29:54.038 [qtp399373008-62] DEBUG org.eclipse.jetty.io.ChannelEndPoint - filled 0 HeapByteBuffer@60af7bcf[p=0,l=0,c=17408,r=0]={<<<>>>\x14\x03\x03\x00\x01\x010:\x1e...\x00\x00\x00\x00\x00\x00\x00}
04:29:54.038 [qtp399373008-62] DEBUG org.eclipse.jetty.io.ssl.SslConnection - net filled=0
04:29:54.038 [qtp399373008-62] DEBUG org.eclipse.jetty.io.ssl.SslConnection - unwrap net_filled=0 Status = BUFFER_UNDERFLOW HandshakeStatus = NEED_UNWRAP bytesConsumed = 0 bytesProduced = 0 encryptedBuffer=[p=0,l=0,c=17408,r=0] unwrapBuffer=HeapByteBuffer@6e6899aa[p=0,l=0,c=17408,r=0]={<<<>>>\x16\x03\x03\x01N\x01\x00\x01J...\x00\x00\x00\x00\x00\x00\x00} appBuffer=HeapByteBuffer@6e6899aa[p=0,l=0,c=17408,r=0]={<<<>>>\x16\x03\x03\x01N\x01\x00\x01J...\x00\x00\x00\x00\x00\x00\x00}
04:29:54.039 [qtp399373008-62] DEBUG org.eclipse.jetty.io.ssl.SslConnection - <fill f=0 uf=true SslConnection@479937a::SocketChannelEndPoint@361fe360{l=/127.0.0.1:33437,r=/127.0.0.1:57196,OPEN,fill=-,flush=-,to=0/30000}{io=0/0,kio=0,kro=1}->SslConnection@479937a{NEED_UNWRAP,eio=-1/-1,di=-1,fill=IDLE,flush=IDLE}~>DecryptedEndPoint@56301c2f{l=/127.0.0.1:33437,r=/127.0.0.1:57196,OPEN,fill=-,flush=-,to=4/30000}=>HttpConnection@6a672d2d[p=HttpParser{s=START,0 of -1},g=HttpGenerator@527e26be{s=START}]=>HttpChannelOverHttp@7e33593{s=HttpChannelState@1f7df843{s=IDLE rs=BLOCKING os=OPEN is=IDLE awp=false se=false i=true al=0},r=0,c=false/false,a=IDLE,uri=null,age=0}
04:29:54.039 [qtp399373008-62] DEBUG org.eclipse.jetty.io.ssl.SslConnection - >fill SslConnection@479937a::SocketChannelEndPoint@361fe360{l=/127.0.0.1:33437,r=/127.0.0.1:57196,OPEN,fill=-,flush=-,to=0/30000}{io=0/0,kio=0,kro=1}->SslConnection@479937a{NEED_UNWRAP,eio=-1/-1,di=-1,fill=IDLE,flush=IDLE}~>DecryptedEndPoint@56301c2f{l=/127.0.0.1:33437,r=/127.0.0.1:57196,OPEN,fill=-,flush=-,to=4/30000}=>HttpConnection@6a672d2d[p=HttpParser{s=START,0 of -1},g=HttpGenerator@527e26be{s=START}]=>HttpChannelOverHttp@7e33593{s=HttpChannelState@1f7df843{s=IDLE rs=BLOCKING os=OPEN is=IDLE awp=false se=false i=true al=0},r=0,c=false/false,a=IDLE,uri=null,age=0}
04:29:54.039 [qtp399373008-62] DEBUG org.eclipse.jetty.io.ssl.SslConnection - fill NEED_UNWRAP
04:29:54.039 [qtp399373008-62] DEBUG org.eclipse.jetty.io.ChannelEndPoint - filled 0 HeapByteBuffer@6a5710bf[p=0,l=0,c=17408,r=0]={<<<>>>GET / HTT...\x00\x00\x00\x00\x00\x00\x00}
04:29:54.039 [qtp399373008-62] DEBUG org.eclipse.jetty.io.ssl.SslConnection - net filled=0
04:29:54.039 [qtp399373008-62] DEBUG org.eclipse.jetty.io.ssl.SslConnection - unwrap net_filled=0 Status = BUFFER_UNDERFLOW HandshakeStatus = NEED_UNWRAP bytesConsumed = 0 bytesProduced = 0 encryptedBuffer=[p=0,l=0,c=17408,r=0] unwrapBuffer=HeapByteBuffer@6e6899aa[p=0,l=0,c=17408,r=0]={<<<>>>\x16\x03\x03\x01N\x01\x00\x01J...\x00\x00\x00\x00\x00\x00\x00} appBuffer=HeapByteBuffer@6e6899aa[p=0,l=0,c=17408,r=0]={<<<>>>\x16\x03\x03\x01N\x01\x00\x01J...\x00\x00\x00\x00\x00\x00\x00}
04:29:54.039 [qtp399373008-62] DEBUG org.eclipse.jetty.io.ssl.SslConnection - <fill f=0 uf=true SslConnection@479937a::SocketChannelEndPoint@361fe360{l=/127.0.0.1:33437,r=/127.0.0.1:57196,OPEN,fill=-,flush=-,to=0/30000}{io=0/0,kio=0,kro=1}->SslConnection@479937a{NEED_UNWRAP,eio=-1/-1,di=-1,fill=IDLE,flush=IDLE}~>DecryptedEndPoint@56301c2f{l=/127.0.0.1:33437,r=/127.0.0.1:57196,OPEN,fill=-,flush=-,to=4/30000}=>HttpConnection@6a672d2d[p=HttpParser{s=START,0 of -1},g=HttpGenerator@527e26be{s=START}]=>HttpChannelOverHttp@7e33593{s=HttpChannelState@1f7df843{s=IDLE rs=BLOCKING os=OPEN is=IDLE awp=false se=false i=true al=0},r=0,c=false/false,a=IDLE,uri=null,age=0}
04:29:54.039 [qtp399373008-62] DEBUG org.eclipse.jetty.server.HttpConnection - HttpConnection@6a672d2d::DecryptedEndPoint@56301c2f{l=/127.0.0.1:33437,r=/127.0.0.1:57196,OPEN,fill=-,flush=-,to=4/30000} filled 0 HeapByteBuffer@6e6899aa[p=0,l=0,c=17408,r=0]={<<<>>>\x16\x03\x03\x01N\x01\x00\x01J...\x00\x00\x00\x00\x00\x00\x00}
04:29:54.039 [qtp399373008-62] DEBUG org.eclipse.jetty.server.HttpConnection - HttpConnection@6a672d2d::DecryptedEndPoint@56301c2f{l=/127.0.0.1:33437,r=/127.0.0.1:57196,OPEN,fill=-,flush=-,to=4/30000} parse HeapByteBuffer@6e6899aa[p=0,l=0,c=17408,r=0]={<<<>>>\x16\x03\x03\x01N\x01\x00\x01J...\x00\x00\x00\x00\x00\x00\x00} {}
04:29:54.039 [qtp399373008-62] DEBUG org.eclipse.jetty.http.HttpParser - parseNext s=START HeapByteBuffer@6e6899aa[p=0,l=0,c=17408,r=0]={<<<>>>\x16\x03\x03\x01N\x01\x00\x01J...\x00\x00\x00\x00\x00\x00\x00}
04:29:54.039 [qtp399373008-62] DEBUG org.eclipse.jetty.server.HttpConnection - HttpConnection@6a672d2d::DecryptedEndPoint@56301c2f{l=/127.0.0.1:33437,r=/127.0.0.1:57196,OPEN,fill=-,flush=-,to=4/30000} parsed false HttpParser{s=START,0 of -1}
04:29:54.039 [qtp399373008-62] DEBUG org.eclipse.jetty.server.HttpConnection - releaseRequestBuffer HttpConnection@6a672d2d::DecryptedEndPoint@56301c2f{l=/127.0.0.1:33437,r=/127.0.0.1:57196,OPEN,fill=-,flush=-,to=4/30000}
04:29:54.039 [qtp399373008-62] DEBUG org.eclipse.jetty.io.AbstractConnection - fillInterested HttpConnection@6a672d2d::DecryptedEndPoint@56301c2f{l=/127.0.0.1:33437,r=/127.0.0.1:57196,OPEN,fill=-,flush=-,to=4/30000}
04:29:54.039 [qtp399373008-62] DEBUG org.eclipse.jetty.io.FillInterest - interested FillInterest@1a37799{AC.ReadCB@6a672d2d{HttpConnection@6a672d2d::DecryptedEndPoint@56301c2f{l=/127.0.0.1:33437,r=/127.0.0.1:57196,OPEN,fill=FI,flush=-,to=0/30000}}}
04:29:54.039 [qtp399373008-62] DEBUG org.eclipse.jetty.io.ssl.SslConnection - >needFillInterest s=IDLE/IDLE uf=true ei=null di=null SslConnection@479937a::SocketChannelEndPoint@361fe360{l=/127.0.0.1:33437,r=/127.0.0.1:57196,OPEN,fill=-,flush=-,to=0/30000}{io=0/0,kio=0,kro=1}->SslConnection@479937a{NEED_UNWRAP,eio=-1/-1,di=-1,fill=IDLE,flush=IDLE}~>DecryptedEndPoint@56301c2f{l=/127.0.0.1:33437,r=/127.0.0.1:57196,OPEN,fill=FI,flush=-,to=0/30000}=>HttpConnection@6a672d2d[p=HttpParser{s=START,0 of -1},g=HttpGenerator@527e26be{s=START}]=>HttpChannelOverHttp@7e33593{s=HttpChannelState@1f7df843{s=IDLE rs=BLOCKING os=OPEN is=IDLE awp=false se=false i=true al=0},r=0,c=false/false,a=IDLE,uri=null,age=0}
04:29:54.039 [qtp399373008-62] DEBUG org.eclipse.jetty.io.ssl.SslConnection - <needFillInterest s=IDLE/INTERESTED f=false i=true w=null
04:29:54.039 [qtp399373008-62] DEBUG org.eclipse.jetty.io.ssl.SslConnection - ensureFillInterested SslConnection@479937a::SocketChannelEndPoint@361fe360{l=/127.0.0.1:33437,r=/127.0.0.1:57196,OPEN,fill=-,flush=-,to=0/30000}{io=0/0,kio=0,kro=1}->SslConnection@479937a{NEED_UNWRAP,eio=-1/-1,di=-1,fill=INTERESTED,flush=IDLE}~>DecryptedEndPoint@56301c2f{l=/127.0.0.1:33437,r=/127.0.0.1:57196,OPEN,fill=FI,flush=-,to=0/30000}=>HttpConnection@6a672d2d[p=HttpParser{s=START,0 of -1},g=HttpGenerator@527e26be{s=START}]=>HttpChannelOverHttp@7e33593{s=HttpChannelState@1f7df843{s=IDLE rs=BLOCKING os=OPEN is=IDLE awp=false se=false i=true al=0},r=0,c=false/false,a=IDLE,uri=null,age=0}
04:29:54.039 [qtp399373008-62] DEBUG org.eclipse.jetty.io.FillInterest - interested FillInterest@4345f9d8{SSLC.NBReadCB@479937a{SslConnection@479937a::SocketChannelEndPoint@361fe360{l=/127.0.0.1:33437,r=/127.0.0.1:57196,OPEN,fill=FI,flush=-,to=0/30000}{io=0/0,kio=0,kro=1}->SslConnection@479937a{NEED_UNWRAP,eio=-1/-1,di=-1,fill=INTERESTED,flush=IDLE}~>DecryptedEndPoint@56301c2f{l=/127.0.0.1:33437,r=/127.0.0.1:57196,OPEN,fill=FI,flush=-,to=0/30000}=>HttpConnection@6a672d2d[p=HttpParser{s=START,0 of -1},g=HttpGenerator@527e26be{s=START}]=>HttpChannelOverHttp@7e33593{s=HttpChannelState@1f7df843{s=IDLE rs=BLOCKING os=OPEN is=IDLE awp=false se=false i=true al=0},r=0,c=false/false,a=IDLE,uri=null,age=0}}}
04:29:54.039 [qtp399373008-62] DEBUG org.eclipse.jetty.io.ChannelEndPoint - changeInterests p=false 0->1 for SocketChannelEndPoint@361fe360{l=/127.0.0.1:33437,r=/127.0.0.1:57196,OPEN,fill=FI,flush=-,to=0/30000}{io=0/1,kio=0,kro=1}->SslConnection@479937a{NEED_UNWRAP,eio=-1/-1,di=-1,fill=INTERESTED,flush=IDLE}~>DecryptedEndPoint@56301c2f{l=/127.0.0.1:33437,r=/127.0.0.1:57196,OPEN,fill=FI,flush=-,to=0/30000}=>HttpConnection@6a672d2d[p=HttpParser{s=START,0 of -1},g=HttpGenerator@527e26be{s=START}]=>HttpChannelOverHttp@7e33593{s=HttpChannelState@1f7df843{s=IDLE rs=BLOCKING os=OPEN is=IDLE awp=false se=false i=true al=0},r=0,c=false/false,a=IDLE,uri=null,age=0}
04:29:54.039 [qtp399373008-62] DEBUG org.eclipse.jetty.io.ManagedSelector - Queued change lazy=false org.eclipse.jetty.io.ChannelEndPoint$$Lambda$255/1126011505@b6f5089 on ManagedSelector@7bb6ab3a{STARTED} id=3 keys=1 selected=0 updates=0
04:29:54.039 [qtp399373008-62] DEBUG org.eclipse.jetty.io.ManagedSelector - Wakeup on submit ManagedSelector@7bb6ab3a{STARTED} id=3 keys=1 selected=0 updates=1
04:29:54.040 [qtp399373008-62] DEBUG org.eclipse.jetty.server.HttpConnection - HttpConnection@6a672d2d::DecryptedEndPoint@56301c2f{l=/127.0.0.1:33437,r=/127.0.0.1:57196,OPEN,fill=FI,flush=-,to=0/30000} onFillable exit HttpChannelState@1f7df843{s=IDLE rs=BLOCKING os=OPEN is=IDLE awp=false se=false i=true al=0} null
04:29:54.040 [qtp399373008-57] DEBUG org.eclipse.jetty.io.ManagedSelector - Selector sun.nio.ch.EPollSelectorImpl@5b063887 woken with none selected
04:29:54.040 [qtp399373008-57] DEBUG org.eclipse.jetty.io.ManagedSelector - Selector sun.nio.ch.EPollSelectorImpl@5b063887 woken up from select, 0/0/1 selected
04:29:54.040 [qtp399373008-57] DEBUG org.eclipse.jetty.io.ManagedSelector - Selector sun.nio.ch.EPollSelectorImpl@5b063887 processing 0 keys, 1 updates
04:29:54.040 [qtp399373008-57] DEBUG org.eclipse.jetty.io.ManagedSelector - updateable 1
04:29:54.040 [qtp399373008-57] DEBUG org.eclipse.jetty.io.ManagedSelector - update org.eclipse.jetty.io.ChannelEndPoint$$Lambda$255/1126011505@b6f5089
04:29:54.040 [qtp399373008-62] DEBUG org.eclipse.jetty.io.ssl.SslConnection - <c.onFillable SslConnection@479937a::SocketChannelEndPoint@361fe360{l=/127.0.0.1:33437,r=/127.0.0.1:57196,OPEN,fill=FI,flush=-,to=0/30000}{io=0/1,kio=0,kro=1}->SslConnection@479937a{NEED_UNWRAP,eio=-1/-1,di=-1,fill=INTERESTED,flush=IDLE}~>DecryptedEndPoint@56301c2f{l=/127.0.0.1:33437,r=/127.0.0.1:57196,OPEN,fill=FI,flush=-,to=0/30000}=>HttpConnection@6a672d2d[p=HttpParser{s=START,0 of -1},g=HttpGenerator@527e26be{s=START}]=>HttpChannelOverHttp@7e33593{s=HttpChannelState@1f7df843{s=IDLE rs=BLOCKING os=OPEN is=IDLE awp=false se=false i=true al=0},r=0,c=false/false,a=IDLE,uri=null,age=0}
04:29:54.040 [qtp399373008-62] DEBUG org.eclipse.jetty.util.thread.ReservedThreadExecutor - ReservedThread@724c02dc{RUNNING,thread=Thread[qtp399373008-62,5,main]} was=RUNNING next=RESERVED size=0+2 capacity=8
04:29:54.040 [qtp399373008-62] DEBUG org.eclipse.jetty.util.thread.ReservedThreadExecutor - ReservedThread@724c02dc{RESERVED,thread=Thread[qtp399373008-62,5,main]} waiting ReservedThreadExecutor@424fd310{reserved=2/8,pending=0}
04:29:54.040 [qtp399373008-57] DEBUG org.eclipse.jetty.io.ChannelEndPoint - Key interests updated 0 -> 1 on SocketChannelEndPoint@361fe360{l=/127.0.0.1:33437,r=/127.0.0.1:57196,OPEN,fill=FI,flush=-,to=0/30000}{io=1/1,kio=1,kro=1}->SslConnection@479937a{NEED_UNWRAP,eio=-1/-1,di=-1,fill=INTERESTED,flush=IDLE}~>DecryptedEndPoint@56301c2f{l=/127.0.0.1:33437,r=/127.0.0.1:57196,OPEN,fill=FI,flush=-,to=0/30000}=>HttpConnection@6a672d2d[p=HttpParser{s=START,0 of -1},g=HttpGenerator@527e26be{s=START}]=>HttpChannelOverHttp@7e33593{s=HttpChannelState@1f7df843{s=IDLE rs=BLOCKING os=OPEN is=IDLE awp=false se=false i=true al=0},r=0,c=false/false,a=IDLE,uri=null,age=0}
04:29:54.040 [qtp399373008-57] DEBUG org.eclipse.jetty.io.ManagedSelector - updates 0
04:29:54.040 [qtp399373008-57] DEBUG org.eclipse.jetty.io.ManagedSelector - Selector sun.nio.ch.EPollSelectorImpl@5b063887 waiting with 1 keys
04:29:54.077 [qtp399373008-57] DEBUG org.eclipse.jetty.io.ManagedSelector - Selector sun.nio.ch.EPollSelectorImpl@5b063887 woken up from select, 1/1/1 selected
04:29:54.077 [qtp399373008-57] DEBUG org.eclipse.jetty.io.ManagedSelector - Selector sun.nio.ch.EPollSelectorImpl@5b063887 processing 1 keys, 0 updates
04:29:54.077 [qtp399373008-57] DEBUG org.eclipse.jetty.io.ManagedSelector - selected 1 sun.nio.ch.SelectionKeyImpl@55c1cd97 SocketChannelEndPoint@361fe360{l=/127.0.0.1:33437,r=/127.0.0.1:57196,OPEN,fill=FI,flush=-,to=37/30000}{io=1/1,kio=1,kro=1}->SslConnection@479937a{NEED_UNWRAP,eio=-1/-1,di=-1,fill=INTERESTED,flush=IDLE}~>DecryptedEndPoint@56301c2f{l=/127.0.0.1:33437,r=/127.0.0.1:57196,OPEN,fill=FI,flush=-,to=37/30000}=>HttpConnection@6a672d2d[p=HttpParser{s=START,0 of -1},g=HttpGenerator@527e26be{s=START}]=>HttpChannelOverHttp@7e33593{s=HttpChannelState@1f7df843{s=IDLE rs=BLOCKING os=OPEN is=IDLE awp=false se=false i=true al=0},r=0,c=false/false,a=IDLE,uri=null,age=0} 
04:29:54.077 [qtp399373008-57] DEBUG org.eclipse.jetty.io.ChannelEndPoint - onSelected 1->0 r=true w=false for SocketChannelEndPoint@361fe360{l=/127.0.0.1:33437,r=/127.0.0.1:57196,OPEN,fill=FI,flush=-,to=37/30000}{io=1/0,kio=1,kro=1}->SslConnection@479937a{NEED_UNWRAP,eio=-1/-1,di=-1,fill=INTERESTED,flush=IDLE}~>DecryptedEndPoint@56301c2f{l=/127.0.0.1:33437,r=/127.0.0.1:57196,OPEN,fill=FI,flush=-,to=37/30000}=>HttpConnection@6a672d2d[p=HttpParser{s=START,0 of -1},g=HttpGenerator@527e26be{s=START}]=>HttpChannelOverHttp@7e33593{s=HttpChannelState@1f7df843{s=IDLE rs=BLOCKING os=OPEN is=IDLE awp=false se=false i=true al=0},r=0,c=false/false,a=IDLE,uri=null,age=0}
04:29:54.077 [qtp399373008-57] DEBUG org.eclipse.jetty.io.ChannelEndPoint - task CEP:SocketChannelEndPoint@361fe360{l=/127.0.0.1:33437,r=/127.0.0.1:57196,OPEN,fill=FI,flush=-,to=37/30000}{io=1/0,kio=1,kro=1}->SslConnection@479937a{NEED_UNWRAP,eio=-1/-1,di=-1,fill=INTERESTED,flush=IDLE}~>DecryptedEndPoint@56301c2f{l=/127.0.0.1:33437,r=/127.0.0.1:57196,OPEN,fill=FI,flush=-,to=38/30000}=>HttpConnection@6a672d2d[p=HttpParser{s=START,0 of -1},g=HttpGenerator@527e26be{s=START}]=>HttpChannelOverHttp@7e33593{s=HttpChannelState@1f7df843{s=IDLE rs=BLOCKING os=OPEN is=IDLE awp=false se=false i=true al=0},r=0,c=false/false,a=IDLE,uri=null,age=0}:runFillable:BLOCKING
04:29:54.077 [qtp399373008-57] DEBUG org.eclipse.jetty.util.thread.ReservedThreadExecutor - ReservedThreadExecutor@424fd310{reserved=2/8,pending=0} tryExecute EatWhatYouKill@f478a81/SelectorProducer@19553973/PRODUCING/p=false/QueuedThreadPool[qtp399373008]@17cdf2d0{STARTED,8<=8<=200,i=1,r=-1,q=0}[ReservedThreadExecutor@424fd310{reserved=2/8,pending=0}][pc=0,pic=0,pec=0,epc=2]@2024-05-02T04:29:54.077+01:00
04:29:54.077 [qtp399373008-57] DEBUG org.eclipse.jetty.util.thread.strategy.EatWhatYouKill - EatWhatYouKill@f478a81/SelectorProducer@19553973/IDLE/p=true/QueuedThreadPool[qtp399373008]@17cdf2d0{STARTED,8<=8<=200,i=1,r=-1,q=0}[ReservedThreadExecutor@424fd310{reserved=1/8,pending=0}][pc=0,pic=0,pec=0,epc=2]@2024-05-02T04:29:54.077+01:00 m=EXECUTE_PRODUCE_CONSUME t=CEP:SocketChannelEndPoint@361fe360{l=/127.0.0.1:33437,r=/127.0.0.1:57196,OPEN,fill=FI,flush=-,to=38/30000}{io=1/0,kio=1,kro=1}->SslConnection@479937a{NEED_UNWRAP,eio=-1/-1,di=-1,fill=INTERESTED,flush=IDLE}~>DecryptedEndPoint@56301c2f{l=/127.0.0.1:33437,r=/127.0.0.1:57196,OPEN,fill=FI,flush=-,to=38/30000}=>HttpConnection@6a672d2d[p=HttpParser{s=START,0 of -1},g=HttpGenerator@527e26be{s=START}]=>HttpChannelOverHttp@7e33593{s=HttpChannelState@1f7df843{s=IDLE rs=BLOCKING os=OPEN is=IDLE awp=false se=false i=true al=0},r=0,c=false/false,a=IDLE,uri=null,age=0}:runFillable:BLOCKING/BLOCKING
04:29:54.077 [qtp399373008-62] DEBUG org.eclipse.jetty.util.thread.ReservedThreadExecutor - ReservedThread@724c02dc{RESERVED,thread=Thread[qtp399373008-62,5,main]} task=EatWhatYouKill@f478a81/SelectorProducer@19553973/IDLE/p=true/QueuedThreadPool[qtp399373008]@17cdf2d0{STARTED,8<=8<=200,i=1,r=-1,q=0}[ReservedThreadExecutor@424fd310{reserved=1/8,pending=0}][pc=0,pic=0,pec=0,epc=2]@2024-05-02T04:29:54.077+01:00 ReservedThreadExecutor@424fd310{reserved=1/8,pending=0}
04:29:54.077 [qtp399373008-57] DEBUG org.eclipse.jetty.io.FillInterest - fillable FillInterest@4345f9d8{SSLC.NBReadCB@479937a{SslConnection@479937a::SocketChannelEndPoint@361fe360{l=/127.0.0.1:33437,r=/127.0.0.1:57196,OPEN,fill=FI,flush=-,to=38/30000}{io=1/0,kio=1,kro=1}->SslConnection@479937a{NEED_UNWRAP,eio=-1/-1,di=-1,fill=INTERESTED,flush=IDLE}~>DecryptedEndPoint@56301c2f{l=/127.0.0.1:33437,r=/127.0.0.1:57196,OPEN,fill=FI,flush=-,to=38/30000}=>HttpConnection@6a672d2d[p=HttpParser{s=START,0 of -1},g=HttpGenerator@527e26be{s=START}]=>HttpChannelOverHttp@7e33593{s=HttpChannelState@1f7df843{s=IDLE rs=BLOCKING os=OPEN is=IDLE awp=false se=false i=true al=0},r=0,c=false/false,a=IDLE,uri=null,age=0}}}
04:29:54.078 [qtp399373008-62] DEBUG org.eclipse.jetty.util.thread.strategy.EatWhatYouKill - EatWhatYouKill@f478a81/SelectorProducer@19553973/IDLE/p=true/QueuedThreadPool[qtp399373008]@17cdf2d0{STARTED,8<=8<=200,i=1,r=-1,q=0}[ReservedThreadExecutor@424fd310{reserved=1/8,pending=0}][pc=0,pic=0,pec=0,epc=3]@2024-05-02T04:29:54.077+01:00 tryProduce true
04:29:54.078 [qtp399373008-57] DEBUG org.eclipse.jetty.io.ssl.SslConnection - >c.onFillable SslConnection@479937a::SocketChannelEndPoint@361fe360{l=/127.0.0.1:33437,r=/127.0.0.1:57196,OPEN,fill=-,flush=-,to=38/30000}{io=1/0,kio=1,kro=1}->SslConnection@479937a{NEED_UNWRAP,eio=-1/-1,di=-1,fill=INTERESTED,flush=IDLE}~>DecryptedEndPoint@56301c2f{l=/127.0.0.1:33437,r=/127.0.0.1:57196,OPEN,fill=FI,flush=-,to=38/30000}=>HttpConnection@6a672d2d[p=HttpParser{s=START,0 of -1},g=HttpGenerator@527e26be{s=START}]=>HttpChannelOverHttp@7e33593{s=HttpChannelState@1f7df843{s=IDLE rs=BLOCKING os=OPEN is=IDLE awp=false se=false i=true al=0},r=0,c=false/false,a=IDLE,uri=null,age=0}
04:29:54.078 [qtp399373008-62] DEBUG org.eclipse.jetty.io.ManagedSelector - updateable 0
04:29:54.078 [qtp399373008-62] DEBUG org.eclipse.jetty.io.ManagedSelector - updates 0
04:29:54.078 [qtp399373008-57] DEBUG org.eclipse.jetty.io.ssl.SslConnection - onFillable SslConnection@479937a::SocketChannelEndPoint@361fe360{l=/127.0.0.1:33437,r=/127.0.0.1:57196,OPEN,fill=-,flush=-,to=38/30000}{io=1/0,kio=1,kro=1}->SslConnection@479937a{NEED_UNWRAP,eio=-1/-1,di=-1,fill=INTERESTED,flush=IDLE}~>DecryptedEndPoint@56301c2f{l=/127.0.0.1:33437,r=/127.0.0.1:57196,OPEN,fill=FI,flush=-,to=38/30000}=>HttpConnection@6a672d2d[p=HttpParser{s=START,0 of -1},g=HttpGenerator@527e26be{s=START}]=>HttpChannelOverHttp@7e33593{s=HttpChannelState@1f7df843{s=IDLE rs=BLOCKING os=OPEN is=IDLE awp=false se=false i=true al=0},r=0,c=false/false,a=IDLE,uri=null,age=0}
04:29:54.078 [qtp399373008-62] DEBUG org.eclipse.jetty.io.ChannelEndPoint - Key interests updated 1 -> 0 on SocketChannelEndPoint@361fe360{l=/127.0.0.1:33437,r=/127.0.0.1:57196,OPEN,fill=-,flush=-,to=38/30000}{io=0/0,kio=0,kro=1}->SslConnection@479937a{NEED_UNWRAP,eio=-1/-1,di=-1,fill=INTERESTED,flush=IDLE}~>DecryptedEndPoint@56301c2f{l=/127.0.0.1:33437,r=/127.0.0.1:57196,OPEN,fill=FI,flush=-,to=38/30000}=>HttpConnection@6a672d2d[p=HttpParser{s=START,0 of -1},g=HttpGenerator@527e26be{s=START}]=>HttpChannelOverHttp@7e33593{s=HttpChannelState@1f7df843{s=IDLE rs=BLOCKING os=OPEN is=IDLE awp=false se=false i=true al=0},r=0,c=false/false,a=IDLE,uri=null,age=0}
04:29:54.078 [qtp399373008-57] DEBUG org.eclipse.jetty.io.FillInterest - fillable FillInterest@1a37799{AC.ReadCB@6a672d2d{HttpConnection@6a672d2d::DecryptedEndPoint@56301c2f{l=/127.0.0.1:33437,r=/127.0.0.1:57196,OPEN,fill=FI,flush=-,to=38/30000}}}
04:29:54.078 [qtp399373008-62] DEBUG org.eclipse.jetty.io.ManagedSelector - Selector sun.nio.ch.EPollSelectorImpl@5b063887 waiting with 1 keys
04:29:54.078 [qtp399373008-57] DEBUG org.eclipse.jetty.server.HttpConnection - HttpConnection@6a672d2d::DecryptedEndPoint@56301c2f{l=/127.0.0.1:33437,r=/127.0.0.1:57196,OPEN,fill=-,flush=-,to=38/30000} onFillable enter HttpChannelState@1f7df843{s=IDLE rs=BLOCKING os=OPEN is=IDLE awp=false se=false i=true al=0} null
04:29:54.078 [qtp399373008-57] DEBUG org.eclipse.jetty.io.ssl.SslConnection - >fill SslConnection@479937a::SocketChannelEndPoint@361fe360{l=/127.0.0.1:33437,r=/127.0.0.1:57196,OPEN,fill=-,flush=-,to=38/30000}{io=0/0,kio=0,kro=1}->SslConnection@479937a{NEED_UNWRAP,eio=-1/-1,di=-1,fill=IDLE,flush=IDLE}~>DecryptedEndPoint@56301c2f{l=/127.0.0.1:33437,r=/127.0.0.1:57196,OPEN,fill=-,flush=-,to=38/30000}=>HttpConnection@6a672d2d[p=HttpParser{s=START,0 of -1},g=HttpGenerator@527e26be{s=START}]=>HttpChannelOverHttp@7e33593{s=HttpChannelState@1f7df843{s=IDLE rs=BLOCKING os=OPEN is=IDLE awp=false se=false i=true al=0},r=0,c=false/false,a=IDLE,uri=null,age=0}
04:29:54.078 [qtp399373008-57] DEBUG org.eclipse.jetty.io.ssl.SslConnection - fill NEED_UNWRAP
04:29:54.078 [qtp399373008-57] DEBUG org.eclipse.jetty.io.ChannelEndPoint - filled 1491 HeapByteBuffer@6a5710bf[p=0,l=1491,c=17408,r=1491]={<<<\x17\x03\x03\x03\xAd\xE4]\x03L\x88\x9b\x0f\x140\x0c\xA5\x04v\xBf1q\x8cz`\xE0...\xE2\x1e\xA3e\xB3\xA8\xD6=cS\xBb\xFf\xAb\x17\xB7f\xD7\xD9\xDf\xF6\xE1\xDe\xAa>>>\xC81: \xC8r\xE3\x9al...\x00\x00\x00\x00\x00\x00\x00}
04:29:54.078 [qtp399373008-57] DEBUG org.eclipse.jetty.io.ssl.SslConnection - net filled=1491
04:29:54.078 [qtp399373008-57] DEBUG org.eclipse.jetty.io.ssl.SslConnection - unwrap net_filled=1491 Status = OK HandshakeStatus = NEED_TASK bytesConsumed = 946 bytesProduced = 0 encryptedBuffer=[p=946,l=1491,c=17408,r=545] unwrapBuffer=HeapByteBuffer@60af7bcf[p=0,l=0,c=17408,r=0]={<<<>>>\x14\x03\x03\x00\x01\x010:\x1e...\x00\x00\x00\x00\x00\x00\x00} appBuffer=HeapByteBuffer@60af7bcf[p=0,l=0,c=17408,r=0]={<<<>>>\x14\x03\x03\x00\x01\x010:\x1e...\x00\x00\x00\x00\x00\x00\x00}
04:29:54.078 [qtp399373008-57] DEBUG org.eclipse.jetty.io.ssl.SslConnection - fill NEED_TASK
04:29:54.079 [qtp399373008-57] DEBUG org.eclipse.jetty.io.ssl.SslConnection - fill NEED_UNWRAP
04:29:54.079 [qtp399373008-57] DEBUG org.eclipse.jetty.io.ChannelEndPoint - filled 0 HeapByteBuffer@6a5710bf[p=946,l=1491,c=17408,r=545]={\x17\x03\x03\x03\xAd\x0b\x00\x03\x88...B\x189\xD6M4\xF9<<<\x17\x03\x03\x01)\xD4N@\x81\xE6\x94\xDe\x15`\x06n\x1d\x8f\x81\xFc\xA3\xEd6\x9b....\xE2\x1e\xA3e\xB3\xA8\xD6=cS\xBb\xFf\xAb\x17\xB7f\xD7\xD9\xDf\xF6\xE1\xDe\xAa>>>\xC81: \xC8r\xE3\x9al...\x00\x00\x00\x00\x00\x00\x00}
04:29:54.079 [qtp399373008-57] DEBUG org.eclipse.jetty.io.ssl.SslConnection - net filled=0
04:29:54.079 [qtp399373008-57] DEBUG org.eclipse.jetty.io.ssl.SslConnection - unwrap net_filled=0 Status = OK HandshakeStatus = NEED_TASK bytesConsumed = 302 bytesProduced = 0 encryptedBuffer=[p=1248,l=1491,c=17408,r=243] unwrapBuffer=HeapByteBuffer@60af7bcf[p=0,l=0,c=17408,r=0]={<<<>>>\x14\x03\x03\x00\x01\x010:\x1e...\x00\x00\x00\x00\x00\x00\x00} appBuffer=HeapByteBuffer@60af7bcf[p=0,l=0,c=17408,r=0]={<<<>>>\x14\x03\x03\x00\x01\x010:\x1e...\x00\x00\x00\x00\x00\x00\x00}
04:29:54.079 [qtp399373008-57] DEBUG org.eclipse.jetty.io.ssl.SslConnection - fill NEED_TASK
04:29:54.079 [qtp399373008-57] DEBUG org.eclipse.jetty.io.ssl.SslConnection - fill NEED_UNWRAP
04:29:54.079 [qtp399373008-57] DEBUG org.eclipse.jetty.io.ChannelEndPoint - filled 0 HeapByteBuffer@6a5710bf[p=1248,l=1491,c=17408,r=243]={\x17\x03\x03\x03\xAd\x0b\x00\x03\x88...\xD3\xF3)\xD3{h\xFb<<<\x17\x03\x03\x00U2\xAdn\xCc\xE4\x9e\x04\xAdv[G'\x7f0u\x92\xA2\x88*\xE6...\xE2\x1e\xA3e\xB3\xA8\xD6=cS\xBb\xFf\xAb\x17\xB7f\xD7\xD9\xDf\xF6\xE1\xDe\xAa>>>\xC81: \xC8r\xE3\x9al...\x00\x00\x00\x00\x00\x00\x00}
04:29:54.079 [qtp399373008-57] DEBUG org.eclipse.jetty.io.ssl.SslConnection - net filled=0
04:29:54.080 [qtp399373008-57] DEBUG org.eclipse.jetty.io.ssl.SslConnection - unwrap net_filled=0 Status = OK HandshakeStatus = NEED_WRAP bytesConsumed = 90 bytesProduced = 0 encryptedBuffer=[p=1338,l=1491,c=17408,r=153] unwrapBuffer=HeapByteBuffer@60af7bcf[p=0,l=0,c=17408,r=0]={<<<>>>\x14\x03\x03\x00\x01\x010:\x1e...\x00\x00\x00\x00\x00\x00\x00} appBuffer=HeapByteBuffer@60af7bcf[p=0,l=0,c=17408,r=0]={<<<>>>\x14\x03\x03\x00\x01\x010:\x1e...\x00\x00\x00\x00\x00\x00\x00}
04:29:54.080 [qtp399373008-57] DEBUG org.eclipse.jetty.io.ssl.SslConnection - fill NEED_WRAP
04:29:54.080 [qtp399373008-57] DEBUG org.eclipse.jetty.io.ssl.SslConnection - >flush SslConnection@479937a::SocketChannelEndPoint@361fe360{l=/127.0.0.1:33437,r=/127.0.0.1:57196,OPEN,fill=-,flush=-,to=1/30000}{io=0/0,kio=0,kro=1}->SslConnection@479937a{NEED_WRAP,eio=153/-1,di=-1,fill=IDLE,flush=IDLE}~>DecryptedEndPoint@56301c2f{l=/127.0.0.1:33437,r=/127.0.0.1:57196,OPEN,fill=-,flush=-,to=40/30000}=>HttpConnection@6a672d2d[p=HttpParser{s=START,0 of -1},g=HttpGenerator@527e26be{s=START}]=>HttpChannelOverHttp@7e33593{s=HttpChannelState@1f7df843{s=IDLE rs=BLOCKING os=OPEN is=IDLE awp=false se=false i=true al=0},r=0,c=false/false,a=IDLE,uri=null,age=0}
04:29:54.080 [qtp399373008-57] DEBUG org.eclipse.jetty.io.ssl.SslConnection - flush b[0]=HeapByteBuffer@29624c55[p=0,l=0,c=0,r=0]={<<<>>>}
04:29:54.080 [qtp399373008-57] DEBUG org.eclipse.jetty.io.ssl.SslConnection - flush NEED_WRAP
04:29:54.080 [qtp399373008-57] DEBUG org.eclipse.jetty.io.ssl.SslConnection - wrap Status = OK HandshakeStatus = FINISHED bytesConsumed = 0 bytesProduced = 88 [p=0,l=88,c=17408,r=88] ioDone=false/false
04:29:54.080 [qtp399373008-57] DEBUG org.eclipse.jetty.io.ChannelEndPoint - flushed 88 SocketChannelEndPoint@361fe360{l=/127.0.0.1:33437,r=/127.0.0.1:57196,OPEN,fill=-,flush=-,to=2/30000}{io=0/0,kio=0,kro=1}->SslConnection@479937a{NOT_HANDSHAKING,eio=153/0,di=-1,fill=IDLE,flush=IDLE}~>DecryptedEndPoint@56301c2f{l=/127.0.0.1:33437,r=/127.0.0.1:57196,OPEN,fill=-,flush=-,to=41/30000}=>HttpConnection@6a672d2d[p=HttpParser{s=START,0 of -1},g=HttpGenerator@527e26be{s=START}]=>HttpChannelOverHttp@7e33593{s=HttpChannelState@1f7df843{s=IDLE rs=BLOCKING os=OPEN is=IDLE awp=false se=false i=true al=0},r=0,c=false/false,a=IDLE,uri=null,age=0}
04:29:54.081 [qtp399373008-57] DEBUG org.eclipse.jetty.io.ssl.SslConnection - net flushed=true, ac=true
04:29:54.081 [qtp399373008-57] DEBUG org.eclipse.jetty.io.ssl.SslConnection - handshake succeeded SslConnection@479937a::SocketChannelEndPoint@361fe360{l=/127.0.0.1:33437,r=/127.0.0.1:57196,OPEN,fill=-,flush=-,to=0/30000}{io=0/0,kio=0,kro=1}->SslConnection@479937a{NOT_HANDSHAKING,eio=153/0,di=-1,fill=IDLE,flush=IDLE}~>DecryptedEndPoint@56301c2f{l=/127.0.0.1:33437,r=/127.0.0.1:57196,OPEN,fill=-,flush=-,to=41/30000}=>HttpConnection@6a672d2d[p=HttpParser{s=START,0 of -1},g=HttpGenerator@527e26be{s=START}]=>HttpChannelOverHttp@7e33593{s=HttpChannelState@1f7df843{s=IDLE rs=BLOCKING os=OPEN is=IDLE awp=false se=false i=true al=0},r=0,c=false/false,a=IDLE,uri=null,age=0} resumed server TLSv1.3/TLS_AES_256_GCM_SHA384
04:29:54.081 [qtp399373008-57] DEBUG org.eclipse.jetty.io.ssl.SslConnection - <flush true SslConnection@479937a::SocketChannelEndPoint@361fe360{l=/127.0.0.1:33437,r=/127.0.0.1:57196,OPEN,fill=-,flush=-,to=0/30000}{io=0/0,kio=0,kro=1}->SslConnection@479937a{NOT_HANDSHAKING,eio=153/-1,di=-1,fill=IDLE,flush=IDLE}~>DecryptedEndPoint@56301c2f{l=/127.0.0.1:33437,r=/127.0.0.1:57196,OPEN,fill=-,flush=-,to=41/30000}=>HttpConnection@6a672d2d[p=HttpParser{s=START,0 of -1},g=HttpGenerator@527e26be{s=START}]=>HttpChannelOverHttp@7e33593{s=HttpChannelState@1f7df843{s=IDLE rs=BLOCKING os=OPEN is=IDLE awp=false se=false i=true al=0},r=0,c=false/false,a=IDLE,uri=null,age=0}
04:29:54.081 [qtp399373008-57] DEBUG org.eclipse.jetty.io.ssl.SslConnection - fill NOT_HANDSHAKING
04:29:54.081 [qtp399373008-57] DEBUG org.eclipse.jetty.io.ChannelEndPoint - filled 0 HeapByteBuffer@6a5710bf[p=1338,l=1491,c=17408,r=153]={\x17\x03\x03\x03\xAd\x0b\x00\x03\x88...\xA7\x16\xE9-n\xE6S<<<\x17\x03\x03\x00\x94\x1c\xAb\x02\xF4\xAf\xC2\xA7\xE5x\xA0*\x8d\x85\xA1\x1e!\xA7.\x84\xAd...\xE2\x1e\xA3e\xB3\xA8\xD6=cS\xBb\xFf\xAb\x17\xB7f\xD7\xD9\xDf\xF6\xE1\xDe\xAa>>>\xC81: \xC8r\xE3\x9al...\x00\x00\x00\x00\x00\x00\x00}
04:29:54.081 [qtp399373008-57] DEBUG org.eclipse.jetty.io.ssl.SslConnection - net filled=0
04:29:54.081 [qtp399373008-57] DEBUG org.eclipse.jetty.io.ssl.SslConnection - unwrap net_filled=0 Status = OK HandshakeStatus = NOT_HANDSHAKING bytesConsumed = 153 bytesProduced = 115 encryptedBuffer=[p=1491,l=1491,c=17408,r=0] unwrapBuffer=HeapByteBuffer@60af7bcf[p=0,l=115,c=17408,r=115]={<<<GET / HTTP/1.1\r\nHost: loc...gent: okhttp/3.12.3\r\n\r\n>>>\xA8wT\x902\x1fPz\xE6...\x00\x00\x00\x00\x00\x00\x00} appBuffer=HeapByteBuffer@60af7bcf[p=0,l=115,c=17408,r=115]={<<<GET / HTTP/1.1\r\nHost: loc...gent: okhttp/3.12.3\r\n\r\n>>>\xA8wT\x902\x1fPz\xE6...\x00\x00\x00\x00\x00\x00\x00}
04:29:54.081 [qtp399373008-57] DEBUG org.eclipse.jetty.io.ssl.SslConnection - <fill f=115 uf=false SslConnection@479937a::SocketChannelEndPoint@361fe360{l=/127.0.0.1:33437,r=/127.0.0.1:57196,OPEN,fill=-,flush=-,to=0/30000}{io=0/0,kio=0,kro=1}->SslConnection@479937a{NOT_HANDSHAKING,eio=-1/-1,di=-1,fill=IDLE,flush=IDLE}~>DecryptedEndPoint@56301c2f{l=/127.0.0.1:33437,r=/127.0.0.1:57196,OPEN,fill=-,flush=-,to=42/30000}=>HttpConnection@6a672d2d[p=HttpParser{s=START,0 of -1},g=HttpGenerator@527e26be{s=START}]=>HttpChannelOverHttp@7e33593{s=HttpChannelState@1f7df843{s=IDLE rs=BLOCKING os=OPEN is=IDLE awp=false se=false i=true al=0},r=0,c=false/false,a=IDLE,uri=null,age=0}
04:29:54.081 [qtp399373008-57] DEBUG org.eclipse.jetty.server.HttpConnection - HttpConnection@6a672d2d::DecryptedEndPoint@56301c2f{l=/127.0.0.1:33437,r=/127.0.0.1:57196,OPEN,fill=-,flush=-,to=42/30000} filled 115 HeapByteBuffer@60af7bcf[p=0,l=115,c=17408,r=115]={<<<GET / HTTP/1.1\r\nHost: loc...gent: okhttp/3.12.3\r\n\r\n>>>\xA8wT\x902\x1fPz\xE6...\x00\x00\x00\x00\x00\x00\x00}
04:29:54.081 [qtp399373008-57] DEBUG org.eclipse.jetty.server.HttpConnection - HttpConnection@6a672d2d::DecryptedEndPoint@56301c2f{l=/127.0.0.1:33437,r=/127.0.0.1:57196,OPEN,fill=-,flush=-,to=42/30000} parse HeapByteBuffer@60af7bcf[p=0,l=115,c=17408,r=115]={<<<GET / HTTP/1.1\r\nHost: loc...gent: okhttp/3.12.3\r\n\r\n>>>\xA8wT\x902\x1fPz\xE6...\x00\x00\x00\x00\x00\x00\x00} {}
04:29:54.081 [qtp399373008-57] DEBUG org.eclipse.jetty.http.HttpParser - parseNext s=START HeapByteBuffer@60af7bcf[p=0,l=115,c=17408,r=115]={<<<GET / HTTP/1.1\r\nHost: loc...gent: okhttp/3.12.3\r\n\r\n>>>\xA8wT\x902\x1fPz\xE6...\x00\x00\x00\x00\x00\x00\x00}
04:29:54.081 [qtp399373008-57] DEBUG org.eclipse.jetty.http.HttpParser - START --> SPACE1
04:29:54.081 [qtp399373008-57] DEBUG org.eclipse.jetty.http.HttpParser - SPACE1 --> URI
04:29:54.081 [qtp399373008-57] DEBUG org.eclipse.jetty.http.HttpParser - URI --> SPACE2
04:29:54.081 [qtp399373008-57] DEBUG org.eclipse.jetty.http.HttpParser - SPACE2 --> REQUEST_VERSION
04:29:54.081 [qtp399373008-57] DEBUG org.eclipse.jetty.http.HttpParser - REQUEST_VERSION --> HEADER
04:29:54.081 [qtp399373008-57] DEBUG org.eclipse.jetty.http.HttpParser - HEADER:Host --> VALUE
04:29:54.081 [qtp399373008-57] DEBUG org.eclipse.jetty.http.HttpParser - HEADER:Host --> IN_VALUE
04:29:54.081 [qtp399373008-57] DEBUG org.eclipse.jetty.http.HttpParser - HEADER:Host --> FIELD
04:29:54.082 [qtp399373008-57] DEBUG org.eclipse.jetty.http.HttpParser - HEADER:Connection: keep-alive --> IN_VALUE
04:29:54.082 [qtp399373008-57] DEBUG org.eclipse.jetty.http.HttpParser - HEADER:Connection: keep-alive --> FIELD
04:29:54.082 [qtp399373008-57] DEBUG org.eclipse.jetty.http.HttpParser - HEADER:Accept-Encoding: gzip --> IN_VALUE
04:29:54.082 [qtp399373008-57] DEBUG org.eclipse.jetty.http.HttpParser - HEADER:Accept-Encoding: gzip --> FIELD
04:29:54.082 [qtp399373008-57] DEBUG org.eclipse.jetty.http.HttpParser - HEADER:User-Agent --> VALUE
04:29:54.082 [qtp399373008-57] DEBUG org.eclipse.jetty.http.HttpParser - HEADER:User-Agent --> IN_VALUE
04:29:54.082 [qtp399373008-57] DEBUG org.eclipse.jetty.http.HttpParser - HEADER:User-Agent --> FIELD
04:29:54.082 [qtp399373008-57] DEBUG org.eclipse.jetty.http.HttpParser - HEADER --> CONTENT
04:29:54.082 [qtp399373008-57] DEBUG org.eclipse.jetty.server.HttpChannel - REQUEST for //localhost:33437/ on HttpChannelOverHttp@7e33593{s=HttpChannelState@1f7df843{s=IDLE rs=BLOCKING os=OPEN is=IDLE awp=false se=false i=true al=0},r=1,c=false/false,a=IDLE,uri=//localhost:33437/,age=0}
GET //localhost:33437/ HTTP/1.1
Host: localhost:33437
Connection: keep-alive
Accept-Encoding: gzip
User-Agent: okhttp/3.12.3


04:29:54.082 [qtp399373008-57] DEBUG org.eclipse.jetty.server.HttpConnection - HttpConnection@6a672d2d::DecryptedEndPoint@56301c2f{l=/127.0.0.1:33437,r=/127.0.0.1:57196,OPEN,fill=-,flush=-,to=42/30000} parsed true HttpParser{s=CONTENT,0 of -1}
04:29:54.082 [qtp399373008-57] DEBUG org.eclipse.jetty.server.HttpConnection - releaseRequestBuffer HttpConnection@6a672d2d::DecryptedEndPoint@56301c2f{l=/127.0.0.1:33437,r=/127.0.0.1:57196,OPEN,fill=-,flush=-,to=42/30000}
04:29:54.082 [qtp399373008-57] DEBUG org.eclipse.jetty.server.HttpChannel - handle //localhost:33437/ HttpChannelOverHttp@7e33593{s=HttpChannelState@1f7df843{s=IDLE rs=BLOCKING os=OPEN is=IDLE awp=false se=false i=true al=0},r=1,c=false/false,a=IDLE,uri=//localhost:33437/,age=0} 
04:29:54.082 [qtp399373008-57] DEBUG org.eclipse.jetty.server.HttpChannelState - handling HttpChannelState@1f7df843{s=IDLE rs=BLOCKING os=OPEN is=IDLE awp=false se=false i=true al=0}
04:29:54.082 [qtp399373008-57] DEBUG org.eclipse.jetty.server.HttpChannel - action DISPATCH HttpChannelOverHttp@7e33593{s=HttpChannelState@1f7df843{s=HANDLING rs=BLOCKING os=OPEN is=IDLE awp=false se=false i=true al=0},r=1,c=false/false,a=HANDLING,uri=//localhost:33437/,age=0}
04:29:54.082 [qtp399373008-57] DEBUG org.eclipse.jetty.server.SecureRequestCustomizer - Host localhost with SNI null
04:29:54.082 [qtp399373008-57] DEBUG org.eclipse.jetty.server.Server - REQUEST GET / on HttpChannelOverHttp@7e33593{s=HttpChannelState@1f7df843{s=HANDLING rs=BLOCKING os=OPEN is=IDLE awp=false se=false i=true al=0},r=1,c=false/false,a=HANDLING,uri=https://localhost:33437/,age=0}
04:29:54.082 [qtp399373008-57] DEBUG org.eclipse.jetty.server.HttpOutput - write(array HeapByteBuffer@77067e13[p=0,l=4,c=512,r=4]={<<<test>>>\x00\x00\x00\x00\x00\x00\x00\x00\x00...\x00\x00\x00\x00\x00\x00\x00})
04:29:54.082 [qtp399373008-57] DEBUG org.eclipse.jetty.server.HttpOutput - write(array) s=CLOSING,api=BLOCKED,sc=false,e=null last=true agg=false flush=true async=false, len=4 null
04:29:54.082 [qtp399373008-57] DEBUG org.eclipse.jetty.server.HttpChannel - sendResponse info=null content=HeapByteBuffer@197f96e7[p=0,l=4,c=512,r=4]={<<<test>>>\x00\x00\x00\x00\x00\x00\x00\x00\x00...\x00\x00\x00\x00\x00\x00\x00} complete=true committing=true callback=Blocker@74aa7c1{null}
04:29:54.082 [qtp399373008-57] DEBUG org.eclipse.jetty.server.HttpChannel - COMMIT for / on HttpChannelOverHttp@7e33593{s=HttpChannelState@1f7df843{s=HANDLING rs=BLOCKING os=COMMITTED is=IDLE awp=false se=false i=true al=0},r=1,c=false/false,a=HANDLING,uri=https://localhost:33437/,age=0}
200 null HTTP/1.1
Date: Thu, 02 May 2024 03:29:54 GMT
ETag: testEtag
Content-Type: text/plain;charset=utf-8
Content-Length: 4


04:29:54.082 [qtp399373008-57] DEBUG org.eclipse.jetty.server.HttpConnection - generate: NEED_HEADER for SendCallback@192f5c25[PROCESSING][i=HTTP/1.1{s=200,h=4,cl=4},cb=org.eclipse.jetty.server.HttpChannel$SendCallback@5d1d5ff5] (null,[p=0,l=4,c=512,r=4],true)@START
04:29:54.082 [qtp399373008-57] DEBUG org.eclipse.jetty.http.HttpGenerator - generateHeaders HTTP/1.1{s=200,h=4,cl=4} last=true content=HeapByteBuffer@197f96e7[p=0,l=4,c=512,r=4]={<<<test>>>\x00\x00\x00\x00\x00\x00\x00\x00\x00...\x00\x00\x00\x00\x00\x00\x00}
04:29:54.082 [qtp399373008-57] DEBUG org.eclipse.jetty.http.HttpGenerator - Date: Thu, 02 May 2024 03:29:54 GMT
ETag: testEtag
Content-Type: text/plain;charset=utf-8
Content-Length: 4


04:29:54.082 [qtp399373008-57] DEBUG org.eclipse.jetty.http.HttpGenerator - CONTENT_LENGTH
04:29:54.082 [qtp399373008-57] DEBUG org.eclipse.jetty.server.HttpConnection - generate: FLUSH for SendCallback@192f5c25[PROCESSING][i=HTTP/1.1{s=200,h=4,cl=4},cb=org.eclipse.jetty.server.HttpChannel$SendCallback@5d1d5ff5] ([p=0,l=164,c=8192,r=164],[p=0,l=4,c=512,r=4],true)@COMPLETING
04:29:54.082 [qtp399373008-57] DEBUG org.eclipse.jetty.io.WriteFlusher - write: WriteFlusher@3830321f{IDLE}->null [HeapByteBuffer@4ce71d2b[p=0,l=164,c=8192,r=164]={<<<HTTP/1.1 200 OK\r\nDate: Th...y(9.4.44.v20210927)\r\n\r\n>>>\x00\x00\x00\x00\x00\x00\x00\x00\x00...\x00\x00\x00\x00\x00\x00\x00},HeapByteBuffer@197f96e7[p=0,l=4,c=512,r=4]={<<<test>>>\x00\x00\x00\x00\x00\x00\x00\x00\x00...\x00\x00\x00\x00\x00\x00\x00}]
04:29:54.082 [qtp399373008-57] DEBUG org.eclipse.jetty.io.WriteFlusher - update WriteFlusher@3830321f{WRITING}->null:IDLE-->WRITING
04:29:54.082 [qtp399373008-57] DEBUG org.eclipse.jetty.io.ssl.SslConnection - >flush SslConnection@479937a::SocketChannelEndPoint@361fe360{l=/127.0.0.1:33437,r=/127.0.0.1:57196,OPEN,fill=-,flush=-,to=1/30000}{io=0/0,kio=0,kro=1}->SslConnection@479937a{NOT_HANDSHAKING,eio=-1/-1,di=-1,fill=IDLE,flush=IDLE}~>DecryptedEndPoint@56301c2f{l=/127.0.0.1:33437,r=/127.0.0.1:57196,OPEN,fill=-,flush=W,to=43/30000}=>HttpConnection@6a672d2d[p=HttpParser{s=CONTENT,0 of -1},g=HttpGenerator@527e26be{s=COMPLETING}]=>HttpChannelOverHttp@7e33593{s=HttpChannelState@1f7df843{s=HANDLING rs=BLOCKING os=COMMITTED is=IDLE awp=false se=false i=true al=0},r=1,c=false/false,a=HANDLING,uri=https://localhost:33437/,age=0}
04:29:54.082 [qtp399373008-57] DEBUG org.eclipse.jetty.io.ssl.SslConnection - flush b[0]=HeapByteBuffer@4ce71d2b[p=0,l=164,c=8192,r=164]={<<<HTTP/1.1 200 OK\r\nDate: Th...y(9.4.44.v20210927)\r\n\r\n>>>\x00\x00\x00\x00\x00\x00\x00\x00\x00...\x00\x00\x00\x00\x00\x00\x00}
04:29:54.082 [qtp399373008-57] DEBUG org.eclipse.jetty.io.ssl.SslConnection - flush b[1]=HeapByteBuffer@197f96e7[p=0,l=4,c=512,r=4]={<<<test>>>\x00\x00\x00\x00\x00\x00\x00\x00\x00...\x00\x00\x00\x00\x00\x00\x00}
04:29:54.082 [qtp399373008-57] DEBUG org.eclipse.jetty.io.ssl.SslConnection - flush NOT_HANDSHAKING
04:29:54.083 [qtp399373008-57] DEBUG org.eclipse.jetty.io.ssl.SslConnection - wrap Status = OK HandshakeStatus = NOT_HANDSHAKING bytesConsumed = 168 bytesProduced = 206 [p=0,l=206,c=17408,r=206] ioDone=false/false
04:29:54.083 [qtp399373008-57] DEBUG org.eclipse.jetty.io.ChannelEndPoint - flushed 206 SocketChannelEndPoint@361fe360{l=/127.0.0.1:33437,r=/127.0.0.1:57196,OPEN,fill=-,flush=-,to=2/30000}{io=0/0,kio=0,kro=1}->SslConnection@479937a{NOT_HANDSHAKING,eio=-1/0,di=-1,fill=IDLE,flush=IDLE}~>DecryptedEndPoint@56301c2f{l=/127.0.0.1:33437,r=/127.0.0.1:57196,OPEN,fill=-,flush=W,to=43/30000}=>HttpConnection@6a672d2d[p=HttpParser{s=CONTENT,0 of -1},g=HttpGenerator@527e26be{s=COMPLETING}]=>HttpChannelOverHttp@7e33593{s=HttpChannelState@1f7df843{s=HANDLING rs=BLOCKING os=COMMITTED is=IDLE awp=false se=false i=true al=0},r=1,c=false/false,a=HANDLING,uri=https://localhost:33437/,age=1}
04:29:54.083 [qtp399373008-57] DEBUG org.eclipse.jetty.io.ssl.SslConnection - net flushed=true, ac=true
04:29:54.083 [qtp399373008-57] DEBUG org.eclipse.jetty.io.ssl.SslConnection - <flush true SslConnection@479937a::SocketChannelEndPoint@361fe360{l=/127.0.0.1:33437,r=/127.0.0.1:57196,OPEN,fill=-,flush=-,to=0/30000}{io=0/0,kio=0,kro=1}->SslConnection@479937a{NOT_HANDSHAKING,eio=-1/-1,di=-1,fill=IDLE,flush=IDLE}~>DecryptedEndPoint@56301c2f{l=/127.0.0.1:33437,r=/127.0.0.1:57196,OPEN,fill=-,flush=W,to=43/30000}=>HttpConnection@6a672d2d[p=HttpParser{s=CONTENT,0 of -1},g=HttpGenerator@527e26be{s=COMPLETING}]=>HttpChannelOverHttp@7e33593{s=HttpChannelState@1f7df843{s=HANDLING rs=BLOCKING os=COMMITTED is=IDLE awp=false se=false i=true al=0},r=1,c=false/false,a=HANDLING,uri=https://localhost:33437/,age=1}
04:29:54.083 [qtp399373008-57] DEBUG org.eclipse.jetty.io.WriteFlusher - Flushed=true written=168 remaining=0 WriteFlusher@3830321f{WRITING}->null
04:29:54.083 [qtp399373008-57] DEBUG org.eclipse.jetty.io.WriteFlusher - update WriteFlusher@3830321f{IDLE}->null:WRITING-->IDLE
04:29:54.083 [qtp399373008-57] DEBUG org.eclipse.jetty.server.HttpConnection - generate: DONE for SendCallback@192f5c25[PROCESSING][i=HTTP/1.1{s=200,h=4,cl=4},cb=org.eclipse.jetty.server.HttpChannel$SendCallback@5d1d5ff5] ([p=164,l=164,c=8192,r=0],[p=4,l=4,c=512,r=0],true)@END
04:29:54.083 [main] DEBUG org.apache.nifi.minifi.bootstrap.configuration.ingestors.PullHttpChangeIngestor - Response received: Response{protocol=http/1.1, code=200, message=OK, url=https://localhost:33437/}
04:29:54.083 [qtp399373008-57] DEBUG org.eclipse.jetty.server.HttpOutput - onWriteComplete(true,null) s=CLOSING,api=BLOCKED,sc=false,e=null->s=CLOSED,api=BLOCKING,sc=false,e=null c=null cb=null w=false
04:29:54.083 [qtp399373008-57] DEBUG org.eclipse.jetty.server.HttpOutput - close() s=CLOSED,api=BLOCKING,sc=false,e=null c=null b=null
04:29:54.083 [qtp399373008-57] DEBUG org.eclipse.jetty.server.Server - handled=true async=false committed=true on HttpChannelOverHttp@7e33593{s=HttpChannelState@1f7df843{s=HANDLING rs=BLOCKING os=COMPLETED is=IDLE awp=false se=false i=true al=0},r=1,c=false/true,a=HANDLING,uri=https://localhost:33437/,age=1}
04:29:54.083 [qtp399373008-57] DEBUG org.eclipse.jetty.server.HttpChannelState - unhandle HttpChannelState@1f7df843{s=HANDLING rs=BLOCKING os=COMPLETED is=IDLE awp=false se=false i=true al=0}
04:29:54.083 [qtp399373008-57] DEBUG org.eclipse.jetty.server.HttpChannelState - nextAction(false) COMPLETE HttpChannelState@1f7df843{s=HANDLING rs=COMPLETING os=COMPLETED is=IDLE awp=false se=false i=false al=0}
04:29:54.083 [main] DEBUG org.apache.nifi.minifi.bootstrap.configuration.ingestors.PullHttpChangeIngestor - New change received, notifying listener
04:29:54.083 [qtp399373008-57] DEBUG org.eclipse.jetty.server.HttpChannel - action COMPLETE HttpChannelOverHttp@7e33593{s=HttpChannelState@1f7df843{s=HANDLING rs=COMPLETING os=COMPLETED is=IDLE awp=false se=false i=false al=0},r=1,c=false/true,a=HANDLING,uri=https://localhost:33437/,age=1}
04:29:54.083 [main] DEBUG org.apache.nifi.minifi.bootstrap.configuration.ingestors.PullHttpChangeIngestor - Listeners notified
04:29:54.083 [qtp399373008-57] DEBUG org.eclipse.jetty.server.HttpOutput - complete(org.eclipse.jetty.util.Callback$3@6a16fe77) s=CLOSED,api=BLOCKING,sc=false,e=null s=true e=null, c=null
04:29:54.083 [qtp399373008-57] DEBUG org.eclipse.jetty.server.HttpChannelState - completed HttpChannelState@1f7df843{s=HANDLING rs=COMPLETING os=COMPLETED is=IDLE awp=false se=false i=false al=0}
04:29:54.083 [qtp399373008-57] DEBUG org.eclipse.jetty.server.HttpChannelState - unhandle HttpChannelState@1f7df843{s=HANDLING rs=COMPLETED os=COMPLETED is=IDLE awp=false se=false i=false al=0}
04:29:54.083 [qtp399373008-57] DEBUG org.eclipse.jetty.server.HttpChannelState - nextAction(false) TERMINATED HttpChannelState@1f7df843{s=IDLE rs=COMPLETED os=COMPLETED is=IDLE awp=false se=false i=false al=0}
04:29:54.083 [qtp399373008-57] DEBUG org.eclipse.jetty.server.HttpChannel - action TERMINATED HttpChannelOverHttp@7e33593{s=HttpChannelState@1f7df843{s=IDLE rs=COMPLETED os=COMPLETED is=IDLE awp=false se=false i=false al=0},r=1,c=true/true,a=IDLE,uri=https://localhost:33437/,age=1}
04:29:54.083 [qtp399373008-57] DEBUG org.eclipse.jetty.server.HttpChannel - onCompleted for / written=4
04:29:54.083 [qtp399373008-57] DEBUG org.eclipse.jetty.io.ssl.SslConnection - >fill SslConnection@479937a::SocketChannelEndPoint@361fe360{l=/127.0.0.1:33437,r=/127.0.0.1:57196,OPEN,fill=-,flush=-,to=0/30000}{io=0/0,kio=0,kro=1}->SslConnection@479937a{NOT_HANDSHAKING,eio=-1/-1,di=-1,fill=IDLE,flush=IDLE}~>DecryptedEndPoint@56301c2f{l=/127.0.0.1:33437,r=/127.0.0.1:57196,OPEN,fill=-,flush=-,to=44/30000}=>HttpConnection@6a672d2d[p=HttpParser{s=CONTENT,0 of -1},g=HttpGenerator@527e26be{s=END}]=>HttpChannelOverHttp@7e33593{s=HttpChannelState@1f7df843{s=IDLE rs=COMPLETED os=COMPLETED is=IDLE awp=false se=false i=false al=0},r=1,c=true/true,a=IDLE,uri=https://localhost:33437/,age=1}
]]></system-out>
  </testcase>
  <testcase name="testUseEtagWithPath" classname="org.apache.nifi.minifi.bootstrap.configuration.ingestors.PullHttpChangeIngestorSSLTest" time="0.072">
    <system-out><![CDATA[04:29:54.083 [qtp399373008-57] DEBUG org.eclipse.jetty.io.ssl.SslConnection - fill NOT_HANDSHAKING
04:29:54.083 [qtp399373008-57] DEBUG org.eclipse.jetty.io.ChannelEndPoint - filled 0 HeapByteBuffer@60af7bcf[p=0,l=0,c=17408,r=0]={<<<>>>GET / HTT...\x00\x00\x00\x00\x00\x00\x00}
04:29:54.083 [qtp399373008-57] DEBUG org.eclipse.jetty.io.ssl.SslConnection - net filled=0
04:29:54.083 [qtp399373008-57] DEBUG org.eclipse.jetty.io.ssl.SslConnection - unwrap net_filled=0 Status = BUFFER_UNDERFLOW HandshakeStatus = NOT_HANDSHAKING bytesConsumed = 0 bytesProduced = 0 encryptedBuffer=[p=0,l=0,c=17408,r=0] unwrapBuffer=HeapByteBuffer@6a5710bf[p=0,l=0,c=17408,r=0]={<<<>>>\x17\x03\x03\x03\xAd\x0b\x00\x03\x88...\x00\x00\x00\x00\x00\x00\x00} appBuffer=HeapByteBuffer@6a5710bf[p=0,l=0,c=17408,r=0]={<<<>>>\x17\x03\x03\x03\xAd\x0b\x00\x03\x88...\x00\x00\x00\x00\x00\x00\x00}
04:29:54.083 [qtp399373008-57] DEBUG org.eclipse.jetty.io.ssl.SslConnection - <fill f=0 uf=true SslConnection@479937a::SocketChannelEndPoint@361fe360{l=/127.0.0.1:33437,r=/127.0.0.1:57196,OPEN,fill=-,flush=-,to=0/30000}{io=0/0,kio=0,kro=1}->SslConnection@479937a{NOT_HANDSHAKING,eio=-1/-1,di=-1,fill=IDLE,flush=IDLE}~>DecryptedEndPoint@56301c2f{l=/127.0.0.1:33437,r=/127.0.0.1:57196,OPEN,fill=-,flush=-,to=44/30000}=>HttpConnection@6a672d2d[p=HttpParser{s=CONTENT,0 of -1},g=HttpGenerator@527e26be{s=END}]=>HttpChannelOverHttp@7e33593{s=HttpChannelState@1f7df843{s=IDLE rs=COMPLETED os=COMPLETED is=IDLE awp=false se=false i=false al=0},r=1,c=true/true,a=IDLE,uri=https://localhost:33437/,age=1}
04:29:54.084 [qtp399373008-57] DEBUG org.eclipse.jetty.io.ssl.SslConnection - >fill SslConnection@479937a::SocketChannelEndPoint@361fe360{l=/127.0.0.1:33437,r=/127.0.0.1:57196,OPEN,fill=-,flush=-,to=0/30000}{io=0/0,kio=0,kro=1}->SslConnection@479937a{NOT_HANDSHAKING,eio=-1/-1,di=-1,fill=IDLE,flush=IDLE}~>DecryptedEndPoint@56301c2f{l=/127.0.0.1:33437,r=/127.0.0.1:57196,OPEN,fill=-,flush=-,to=44/30000}=>HttpConnection@6a672d2d[p=HttpParser{s=CONTENT,0 of -1},g=HttpGenerator@527e26be{s=END}]=>HttpChannelOverHttp@7e33593{s=HttpChannelState@1f7df843{s=IDLE rs=COMPLETED os=COMPLETED is=IDLE awp=false se=false i=false al=0},r=1,c=true/true,a=IDLE,uri=https://localhost:33437/,age=2}
04:29:54.084 [qtp399373008-57] DEBUG org.eclipse.jetty.io.ssl.SslConnection - fill NOT_HANDSHAKING
04:29:54.084 [qtp399373008-57] DEBUG org.eclipse.jetty.io.ChannelEndPoint - filled 0 HeapByteBuffer@6e6899aa[p=0,l=0,c=17408,r=0]={<<<>>>\x17\x03\x03\x00\xC9\xC7\xE1\xA8\xD9...\x00\x00\x00\x00\x00\x00\x00}
04:29:54.084 [qtp399373008-57] DEBUG org.eclipse.jetty.io.ssl.SslConnection - net filled=0
04:29:54.084 [qtp399373008-57] DEBUG org.eclipse.jetty.io.ssl.SslConnection - unwrap net_filled=0 Status = BUFFER_UNDERFLOW HandshakeStatus = NOT_HANDSHAKING bytesConsumed = 0 bytesProduced = 0 encryptedBuffer=[p=0,l=0,c=17408,r=0] unwrapBuffer=HeapByteBuffer@6a5710bf[p=0,l=0,c=17408,r=0]={<<<>>>\x17\x03\x03\x03\xAd\x0b\x00\x03\x88...\x00\x00\x00\x00\x00\x00\x00} appBuffer=HeapByteBuffer@6a5710bf[p=0,l=0,c=17408,r=0]={<<<>>>\x17\x03\x03\x03\xAd\x0b\x00\x03\x88...\x00\x00\x00\x00\x00\x00\x00}
04:29:54.084 [qtp399373008-57] DEBUG org.eclipse.jetty.io.ssl.SslConnection - <fill f=0 uf=true SslConnection@479937a::SocketChannelEndPoint@361fe360{l=/127.0.0.1:33437,r=/127.0.0.1:57196,OPEN,fill=-,flush=-,to=0/30000}{io=0/0,kio=0,kro=1}->SslConnection@479937a{NOT_HANDSHAKING,eio=-1/-1,di=-1,fill=IDLE,flush=IDLE}~>DecryptedEndPoint@56301c2f{l=/127.0.0.1:33437,r=/127.0.0.1:57196,OPEN,fill=-,flush=-,to=44/30000}=>HttpConnection@6a672d2d[p=HttpParser{s=CONTENT,0 of -1},g=HttpGenerator@527e26be{s=END}]=>HttpChannelOverHttp@7e33593{s=HttpChannelState@1f7df843{s=IDLE rs=COMPLETED os=COMPLETED is=IDLE awp=false se=false i=false al=0},r=1,c=true/true,a=IDLE,uri=https://localhost:33437/,age=2}
04:29:54.084 [qtp399373008-57] DEBUG org.eclipse.jetty.server.HttpConnection - HttpConnection@6a672d2d::DecryptedEndPoint@56301c2f{l=/127.0.0.1:33437,r=/127.0.0.1:57196,OPEN,fill=-,flush=-,to=44/30000} filled 0 HeapByteBuffer@6a5710bf[p=0,l=0,c=17408,r=0]={<<<>>>\x17\x03\x03\x03\xAd\x0b\x00\x03\x88...\x00\x00\x00\x00\x00\x00\x00}
04:29:54.084 [qtp399373008-57] DEBUG org.eclipse.jetty.server.HttpConnection - HttpConnection@6a672d2d::DecryptedEndPoint@56301c2f{l=/127.0.0.1:33437,r=/127.0.0.1:57196,OPEN,fill=-,flush=-,to=44/30000} parse HeapByteBuffer@6a5710bf[p=0,l=0,c=17408,r=0]={<<<>>>\x17\x03\x03\x03\xAd\x0b\x00\x03\x88...\x00\x00\x00\x00\x00\x00\x00} {}
04:29:54.084 [qtp399373008-57] DEBUG org.eclipse.jetty.http.HttpParser - parseNext s=CONTENT HeapByteBuffer@6a5710bf[p=0,l=0,c=17408,r=0]={<<<>>>\x17\x03\x03\x03\xAd\x0b\x00\x03\x88...\x00\x00\x00\x00\x00\x00\x00}
04:29:54.084 [qtp399373008-57] DEBUG org.eclipse.jetty.http.HttpParser - CONTENT --> CONTENT_END
04:29:54.084 [qtp399373008-57] DEBUG org.eclipse.jetty.server.HttpChannel - onContentComplete HttpChannelOverHttp@7e33593{s=HttpChannelState@1f7df843{s=IDLE rs=COMPLETED os=COMPLETED is=IDLE awp=false se=false i=false al=0},r=1,c=true/true,a=IDLE,uri=https://localhost:33437/,age=2}
04:29:54.084 [qtp399373008-57] DEBUG org.eclipse.jetty.http.HttpParser - CONTENT_END --> END
04:29:54.084 [qtp399373008-57] DEBUG org.eclipse.jetty.server.HttpChannel - onRequestComplete HttpChannelOverHttp@7e33593{s=HttpChannelState@1f7df843{s=IDLE rs=COMPLETED os=COMPLETED is=IDLE awp=false se=false i=false al=0},r=1,c=true/true,a=IDLE,uri=https://localhost:33437/,age=2}
04:29:54.084 [qtp399373008-57] DEBUG org.eclipse.jetty.server.HttpInput - HttpInputOverHTTP@93b5964[c=0,q=0,[0]=null,s=STREAM] addContent EOF
04:29:54.084 [qtp399373008-57] DEBUG org.eclipse.jetty.server.HttpConnection - HttpConnection@6a672d2d::DecryptedEndPoint@56301c2f{l=/127.0.0.1:33437,r=/127.0.0.1:57196,OPEN,fill=-,flush=-,to=44/30000} parsed false HttpParser{s=END,0 of -1}
04:29:54.084 [qtp399373008-57] DEBUG org.eclipse.jetty.server.HttpConnection - releaseRequestBuffer HttpConnection@6a672d2d::DecryptedEndPoint@56301c2f{l=/127.0.0.1:33437,r=/127.0.0.1:57196,OPEN,fill=-,flush=-,to=44/30000}
04:29:54.084 [qtp399373008-57] DEBUG org.eclipse.jetty.server.HttpChannelState - recycle HttpChannelState@1f7df843{s=IDLE rs=COMPLETED os=COMPLETED is=IDLE awp=false se=false i=false al=0}
04:29:54.084 [qtp399373008-57] DEBUG org.eclipse.jetty.http.HttpParser - reset HttpParser{s=END,0 of -1}
04:29:54.084 [qtp399373008-57] DEBUG org.eclipse.jetty.http.HttpParser - END --> START
04:29:54.084 [qtp399373008-57] DEBUG org.eclipse.jetty.server.HttpChannel - !handle TERMINATED HttpChannelOverHttp@7e33593{s=HttpChannelState@1f7df843{s=IDLE rs=BLOCKING os=OPEN is=IDLE awp=false se=false i=true al=0},r=1,c=false/false,a=IDLE,uri=null,age=0}
04:29:54.084 [qtp399373008-57] DEBUG org.eclipse.jetty.io.ssl.SslConnection - >fill SslConnection@479937a::SocketChannelEndPoint@361fe360{l=/127.0.0.1:33437,r=/127.0.0.1:57196,OPEN,fill=-,flush=-,to=1/30000}{io=0/0,kio=0,kro=1}->SslConnection@479937a{NOT_HANDSHAKING,eio=-1/-1,di=-1,fill=IDLE,flush=IDLE}~>DecryptedEndPoint@56301c2f{l=/127.0.0.1:33437,r=/127.0.0.1:57196,OPEN,fill=-,flush=-,to=45/30000}=>HttpConnection@6a672d2d[p=HttpParser{s=START,0 of -1},g=HttpGenerator@527e26be{s=START}]=>HttpChannelOverHttp@7e33593{s=HttpChannelState@1f7df843{s=IDLE rs=BLOCKING os=OPEN is=IDLE awp=false se=false i=true al=0},r=1,c=false/false,a=IDLE,uri=null,age=0}
04:29:54.084 [qtp399373008-57] DEBUG org.eclipse.jetty.io.ssl.SslConnection - fill NOT_HANDSHAKING
04:29:54.084 [qtp399373008-57] DEBUG org.eclipse.jetty.io.ChannelEndPoint - filled 0 HeapByteBuffer@6e6899aa[p=0,l=0,c=17408,r=0]={<<<>>>\x17\x03\x03\x00\xC9\xC7\xE1\xA8\xD9...\x00\x00\x00\x00\x00\x00\x00}
04:29:54.084 [qtp399373008-57] DEBUG org.eclipse.jetty.io.ssl.SslConnection - net filled=0
04:29:54.084 [qtp399373008-57] DEBUG org.eclipse.jetty.io.ssl.SslConnection - unwrap net_filled=0 Status = BUFFER_UNDERFLOW HandshakeStatus = NOT_HANDSHAKING bytesConsumed = 0 bytesProduced = 0 encryptedBuffer=[p=0,l=0,c=17408,r=0] unwrapBuffer=HeapByteBuffer@60af7bcf[p=0,l=0,c=17408,r=0]={<<<>>>GET / HTT...\x00\x00\x00\x00\x00\x00\x00} appBuffer=HeapByteBuffer@60af7bcf[p=0,l=0,c=17408,r=0]={<<<>>>GET / HTT...\x00\x00\x00\x00\x00\x00\x00}
04:29:54.084 [qtp399373008-57] DEBUG org.eclipse.jetty.io.ssl.SslConnection - <fill f=0 uf=true SslConnection@479937a::SocketChannelEndPoint@361fe360{l=/127.0.0.1:33437,r=/127.0.0.1:57196,OPEN,fill=-,flush=-,to=1/30000}{io=0/0,kio=0,kro=1}->SslConnection@479937a{NOT_HANDSHAKING,eio=-1/-1,di=-1,fill=IDLE,flush=IDLE}~>DecryptedEndPoint@56301c2f{l=/127.0.0.1:33437,r=/127.0.0.1:57196,OPEN,fill=-,flush=-,to=45/30000}=>HttpConnection@6a672d2d[p=HttpParser{s=START,0 of -1},g=HttpGenerator@527e26be{s=START}]=>HttpChannelOverHttp@7e33593{s=HttpChannelState@1f7df843{s=IDLE rs=BLOCKING os=OPEN is=IDLE awp=false se=false i=true al=0},r=1,c=false/false,a=IDLE,uri=null,age=0}
04:29:54.084 [qtp399373008-57] DEBUG org.eclipse.jetty.io.ssl.SslConnection - >fill SslConnection@479937a::SocketChannelEndPoint@361fe360{l=/127.0.0.1:33437,r=/127.0.0.1:57196,OPEN,fill=-,flush=-,to=1/30000}{io=0/0,kio=0,kro=1}->SslConnection@479937a{NOT_HANDSHAKING,eio=-1/-1,di=-1,fill=IDLE,flush=IDLE}~>DecryptedEndPoint@56301c2f{l=/127.0.0.1:33437,r=/127.0.0.1:57196,OPEN,fill=-,flush=-,to=45/30000}=>HttpConnection@6a672d2d[p=HttpParser{s=START,0 of -1},g=HttpGenerator@527e26be{s=START}]=>HttpChannelOverHttp@7e33593{s=HttpChannelState@1f7df843{s=IDLE rs=BLOCKING os=OPEN is=IDLE awp=false se=false i=true al=0},r=1,c=false/false,a=IDLE,uri=null,age=0}
04:29:54.084 [qtp399373008-57] DEBUG org.eclipse.jetty.io.ssl.SslConnection - fill NOT_HANDSHAKING
04:29:54.084 [qtp399373008-57] DEBUG org.eclipse.jetty.io.ChannelEndPoint - filled 0 HeapByteBuffer@6a5710bf[p=0,l=0,c=17408,r=0]={<<<>>>\x17\x03\x03\x03\xAd\x0b\x00\x03\x88...\x00\x00\x00\x00\x00\x00\x00}
04:29:54.084 [qtp399373008-57] DEBUG org.eclipse.jetty.io.ssl.SslConnection - net filled=0
04:29:54.084 [qtp399373008-57] DEBUG org.eclipse.jetty.io.ssl.SslConnection - unwrap net_filled=0 Status = BUFFER_UNDERFLOW HandshakeStatus = NOT_HANDSHAKING bytesConsumed = 0 bytesProduced = 0 encryptedBuffer=[p=0,l=0,c=17408,r=0] unwrapBuffer=HeapByteBuffer@60af7bcf[p=0,l=0,c=17408,r=0]={<<<>>>GET / HTT...\x00\x00\x00\x00\x00\x00\x00} appBuffer=HeapByteBuffer@60af7bcf[p=0,l=0,c=17408,r=0]={<<<>>>GET / HTT...\x00\x00\x00\x00\x00\x00\x00}
04:29:54.085 [qtp399373008-57] DEBUG org.eclipse.jetty.io.ssl.SslConnection - <fill f=0 uf=true SslConnection@479937a::SocketChannelEndPoint@361fe360{l=/127.0.0.1:33437,r=/127.0.0.1:57196,OPEN,fill=-,flush=-,to=1/30000}{io=0/0,kio=0,kro=1}->SslConnection@479937a{NOT_HANDSHAKING,eio=-1/-1,di=-1,fill=IDLE,flush=IDLE}~>DecryptedEndPoint@56301c2f{l=/127.0.0.1:33437,r=/127.0.0.1:57196,OPEN,fill=-,flush=-,to=45/30000}=>HttpConnection@6a672d2d[p=HttpParser{s=START,0 of -1},g=HttpGenerator@527e26be{s=START}]=>HttpChannelOverHttp@7e33593{s=HttpChannelState@1f7df843{s=IDLE rs=BLOCKING os=OPEN is=IDLE awp=false se=false i=true al=0},r=1,c=false/false,a=IDLE,uri=null,age=0}
04:29:54.085 [qtp399373008-57] DEBUG org.eclipse.jetty.server.HttpConnection - HttpConnection@6a672d2d::DecryptedEndPoint@56301c2f{l=/127.0.0.1:33437,r=/127.0.0.1:57196,OPEN,fill=-,flush=-,to=45/30000} filled 0 HeapByteBuffer@60af7bcf[p=0,l=0,c=17408,r=0]={<<<>>>GET / HTT...\x00\x00\x00\x00\x00\x00\x00}
04:29:54.085 [qtp399373008-57] DEBUG org.eclipse.jetty.server.HttpConnection - HttpConnection@6a672d2d::DecryptedEndPoint@56301c2f{l=/127.0.0.1:33437,r=/127.0.0.1:57196,OPEN,fill=-,flush=-,to=45/30000} parse HeapByteBuffer@60af7bcf[p=0,l=0,c=17408,r=0]={<<<>>>GET / HTT...\x00\x00\x00\x00\x00\x00\x00} {}
04:29:54.085 [qtp399373008-57] DEBUG org.eclipse.jetty.http.HttpParser - parseNext s=START HeapByteBuffer@60af7bcf[p=0,l=0,c=17408,r=0]={<<<>>>GET / HTT...\x00\x00\x00\x00\x00\x00\x00}
04:29:54.085 [qtp399373008-57] DEBUG org.eclipse.jetty.server.HttpConnection - HttpConnection@6a672d2d::DecryptedEndPoint@56301c2f{l=/127.0.0.1:33437,r=/127.0.0.1:57196,OPEN,fill=-,flush=-,to=45/30000} parsed false HttpParser{s=START,0 of -1}
04:29:54.085 [qtp399373008-57] DEBUG org.eclipse.jetty.server.HttpConnection - releaseRequestBuffer HttpConnection@6a672d2d::DecryptedEndPoint@56301c2f{l=/127.0.0.1:33437,r=/127.0.0.1:57196,OPEN,fill=-,flush=-,to=45/30000}
04:29:54.085 [qtp399373008-57] DEBUG org.eclipse.jetty.io.AbstractConnection - fillInterested HttpConnection@6a672d2d::DecryptedEndPoint@56301c2f{l=/127.0.0.1:33437,r=/127.0.0.1:57196,OPEN,fill=-,flush=-,to=45/30000}
04:29:54.085 [qtp399373008-57] DEBUG org.eclipse.jetty.io.FillInterest - interested FillInterest@1a37799{AC.ReadCB@6a672d2d{HttpConnection@6a672d2d::DecryptedEndPoint@56301c2f{l=/127.0.0.1:33437,r=/127.0.0.1:57196,OPEN,fill=FI,flush=-,to=0/30000}}}
04:29:54.085 [qtp399373008-57] DEBUG org.eclipse.jetty.io.ssl.SslConnection - >needFillInterest s=IDLE/IDLE uf=true ei=null di=null SslConnection@479937a::SocketChannelEndPoint@361fe360{l=/127.0.0.1:33437,r=/127.0.0.1:57196,OPEN,fill=-,flush=-,to=2/30000}{io=0/0,kio=0,kro=1}->SslConnection@479937a{NOT_HANDSHAKING,eio=-1/-1,di=-1,fill=IDLE,flush=IDLE}~>DecryptedEndPoint@56301c2f{l=/127.0.0.1:33437,r=/127.0.0.1:57196,OPEN,fill=FI,flush=-,to=0/30000}=>HttpConnection@6a672d2d[p=HttpParser{s=START,0 of -1},g=HttpGenerator@527e26be{s=START}]=>HttpChannelOverHttp@7e33593{s=HttpChannelState@1f7df843{s=IDLE rs=BLOCKING os=OPEN is=IDLE awp=false se=false i=true al=0},r=1,c=false/false,a=IDLE,uri=null,age=0}
04:29:54.085 [qtp399373008-57] DEBUG org.eclipse.jetty.io.ssl.SslConnection - <needFillInterest s=IDLE/INTERESTED f=false i=true w=null
04:29:54.085 [qtp399373008-57] DEBUG org.eclipse.jetty.io.ssl.SslConnection - ensureFillInterested SslConnection@479937a::SocketChannelEndPoint@361fe360{l=/127.0.0.1:33437,r=/127.0.0.1:57196,OPEN,fill=-,flush=-,to=2/30000}{io=0/0,kio=0,kro=1}->SslConnection@479937a{NOT_HANDSHAKING,eio=-1/-1,di=-1,fill=INTERESTED,flush=IDLE}~>DecryptedEndPoint@56301c2f{l=/127.0.0.1:33437,r=/127.0.0.1:57196,OPEN,fill=FI,flush=-,to=0/30000}=>HttpConnection@6a672d2d[p=HttpParser{s=START,0 of -1},g=HttpGenerator@527e26be{s=START}]=>HttpChannelOverHttp@7e33593{s=HttpChannelState@1f7df843{s=IDLE rs=BLOCKING os=OPEN is=IDLE awp=false se=false i=true al=0},r=1,c=false/false,a=IDLE,uri=null,age=0}
04:29:54.085 [qtp399373008-57] DEBUG org.eclipse.jetty.io.FillInterest - interested FillInterest@4345f9d8{SSLC.NBReadCB@479937a{SslConnection@479937a::SocketChannelEndPoint@361fe360{l=/127.0.0.1:33437,r=/127.0.0.1:57196,OPEN,fill=FI,flush=-,to=0/30000}{io=0/0,kio=0,kro=1}->SslConnection@479937a{NOT_HANDSHAKING,eio=-1/-1,di=-1,fill=INTERESTED,flush=IDLE}~>DecryptedEndPoint@56301c2f{l=/127.0.0.1:33437,r=/127.0.0.1:57196,OPEN,fill=FI,flush=-,to=0/30000}=>HttpConnection@6a672d2d[p=HttpParser{s=START,0 of -1},g=HttpGenerator@527e26be{s=START}]=>HttpChannelOverHttp@7e33593{s=HttpChannelState@1f7df843{s=IDLE rs=BLOCKING os=OPEN is=IDLE awp=false se=false i=true al=0},r=1,c=false/false,a=IDLE,uri=null,age=0}}}
04:29:54.085 [qtp399373008-57] DEBUG org.eclipse.jetty.io.ChannelEndPoint - changeInterests p=false 0->1 for SocketChannelEndPoint@361fe360{l=/127.0.0.1:33437,r=/127.0.0.1:57196,OPEN,fill=FI,flush=-,to=0/30000}{io=0/1,kio=0,kro=1}->SslConnection@479937a{NOT_HANDSHAKING,eio=-1/-1,di=-1,fill=INTERESTED,flush=IDLE}~>DecryptedEndPoint@56301c2f{l=/127.0.0.1:33437,r=/127.0.0.1:57196,OPEN,fill=FI,flush=-,to=0/30000}=>HttpConnection@6a672d2d[p=HttpParser{s=START,0 of -1},g=HttpGenerator@527e26be{s=START}]=>HttpChannelOverHttp@7e33593{s=HttpChannelState@1f7df843{s=IDLE rs=BLOCKING os=OPEN is=IDLE awp=false se=false i=true al=0},r=1,c=false/false,a=IDLE,uri=null,age=0}
04:29:54.085 [main] DEBUG org.apache.nifi.minifi.bootstrap.configuration.ingestors.PullHttpChangeIngestor - Attempting to pull new config
04:29:54.085 [qtp399373008-57] DEBUG org.eclipse.jetty.io.ManagedSelector - Queued change lazy=false org.eclipse.jetty.io.ChannelEndPoint$$Lambda$255/1126011505@b6f5089 on ManagedSelector@7bb6ab3a{STARTED} id=3 keys=1 selected=0 updates=0
04:29:54.085 [qtp399373008-57] DEBUG org.eclipse.jetty.io.ManagedSelector - Wakeup on submit ManagedSelector@7bb6ab3a{STARTED} id=3 keys=1 selected=0 updates=1
04:29:54.085 [qtp399373008-57] DEBUG org.eclipse.jetty.server.HttpConnection - HttpConnection@6a672d2d::DecryptedEndPoint@56301c2f{l=/127.0.0.1:33437,r=/127.0.0.1:57196,OPEN,fill=FI,flush=-,to=0/30000} onFillable exit HttpChannelState@1f7df843{s=IDLE rs=BLOCKING os=OPEN is=IDLE awp=false se=false i=true al=0} null
04:29:54.085 [qtp399373008-62] DEBUG org.eclipse.jetty.io.ManagedSelector - Selector sun.nio.ch.EPollSelectorImpl@5b063887 woken with none selected
04:29:54.085 [qtp399373008-62] DEBUG org.eclipse.jetty.io.ManagedSelector - Selector sun.nio.ch.EPollSelectorImpl@5b063887 woken up from select, 0/0/1 selected
04:29:54.085 [qtp399373008-62] DEBUG org.eclipse.jetty.io.ManagedSelector - Selector sun.nio.ch.EPollSelectorImpl@5b063887 processing 0 keys, 1 updates
04:29:54.085 [qtp399373008-62] DEBUG org.eclipse.jetty.io.ManagedSelector - updateable 1
04:29:54.085 [qtp399373008-62] DEBUG org.eclipse.jetty.io.ManagedSelector - update org.eclipse.jetty.io.ChannelEndPoint$$Lambda$255/1126011505@b6f5089
04:29:54.085 [qtp399373008-57] DEBUG org.eclipse.jetty.io.ssl.SslConnection - <c.onFillable SslConnection@479937a::SocketChannelEndPoint@361fe360{l=/127.0.0.1:33437,r=/127.0.0.1:57196,OPEN,fill=FI,flush=-,to=0/30000}{io=0/1,kio=0,kro=1}->SslConnection@479937a{NOT_HANDSHAKING,eio=-1/-1,di=-1,fill=INTERESTED,flush=IDLE}~>DecryptedEndPoint@56301c2f{l=/127.0.0.1:33437,r=/127.0.0.1:57196,OPEN,fill=FI,flush=-,to=0/30000}=>HttpConnection@6a672d2d[p=HttpParser{s=START,0 of -1},g=HttpGenerator@527e26be{s=START}]=>HttpChannelOverHttp@7e33593{s=HttpChannelState@1f7df843{s=IDLE rs=BLOCKING os=OPEN is=IDLE awp=false se=false i=true al=0},r=1,c=false/false,a=IDLE,uri=null,age=0}
04:29:54.085 [qtp399373008-57] DEBUG org.eclipse.jetty.util.thread.ReservedThreadExecutor - ReservedThread@76f4269{RUNNING,thread=Thread[qtp399373008-57,5,main]} was=RUNNING next=RESERVED size=0+2 capacity=8
04:29:54.085 [qtp399373008-57] DEBUG org.eclipse.jetty.util.thread.ReservedThreadExecutor - ReservedThread@76f4269{RESERVED,thread=Thread[qtp399373008-57,5,main]} waiting ReservedThreadExecutor@424fd310{reserved=2/8,pending=0}
04:29:54.085 [qtp399373008-62] DEBUG org.eclipse.jetty.io.ChannelEndPoint - Key interests updated 0 -> 1 on SocketChannelEndPoint@361fe360{l=/127.0.0.1:33437,r=/127.0.0.1:57196,OPEN,fill=FI,flush=-,to=0/30000}{io=1/1,kio=1,kro=1}->SslConnection@479937a{NOT_HANDSHAKING,eio=-1/-1,di=-1,fill=INTERESTED,flush=IDLE}~>DecryptedEndPoint@56301c2f{l=/127.0.0.1:33437,r=/127.0.0.1:57196,OPEN,fill=FI,flush=-,to=0/30000}=>HttpConnection@6a672d2d[p=HttpParser{s=START,0 of -1},g=HttpGenerator@527e26be{s=START}]=>HttpChannelOverHttp@7e33593{s=HttpChannelState@1f7df843{s=IDLE rs=BLOCKING os=OPEN is=IDLE awp=false se=false i=true al=0},r=1,c=false/false,a=IDLE,uri=null,age=0}
04:29:54.085 [qtp399373008-62] DEBUG org.eclipse.jetty.io.ManagedSelector - updates 0
04:29:54.085 [qtp399373008-62] DEBUG org.eclipse.jetty.io.ManagedSelector - Selector sun.nio.ch.EPollSelectorImpl@5b063887 waiting with 1 keys
04:29:54.086 [qtp399373008-60-acceptor-0@53dacd14-ServerConnector@2374d36a{SSL, (ssl, http/1.1)}{localhost:33437}] DEBUG org.eclipse.jetty.io.ManagedSelector - Queued change lazy=false Accept@468b7800[java.nio.channels.SocketChannel[connected local=/127.0.0.1:33437 remote=/127.0.0.1:57202]] on ManagedSelector@4e70a728{STARTED} id=0 keys=0 selected=0 updates=0
04:29:54.086 [qtp399373008-60-acceptor-0@53dacd14-ServerConnector@2374d36a{SSL, (ssl, http/1.1)}{localhost:33437}] DEBUG org.eclipse.jetty.io.ManagedSelector - Wakeup on submit ManagedSelector@4e70a728{STARTED} id=0 keys=0 selected=0 updates=1
04:29:54.086 [qtp399373008-55] DEBUG org.eclipse.jetty.io.ManagedSelector - Selector sun.nio.ch.EPollSelectorImpl@5760edca woken with none selected
04:29:54.086 [qtp399373008-55] DEBUG org.eclipse.jetty.io.ManagedSelector - Selector sun.nio.ch.EPollSelectorImpl@5760edca woken up from select, 0/0/0 selected
04:29:54.086 [qtp399373008-55] DEBUG org.eclipse.jetty.io.ManagedSelector - Selector sun.nio.ch.EPollSelectorImpl@5760edca processing 0 keys, 1 updates
04:29:54.086 [qtp399373008-55] DEBUG org.eclipse.jetty.io.ManagedSelector - updateable 1
04:29:54.086 [qtp399373008-55] DEBUG org.eclipse.jetty.io.ManagedSelector - update Accept@468b7800[java.nio.channels.SocketChannel[connected local=/127.0.0.1:33437 remote=/127.0.0.1:57202]]
04:29:54.086 [qtp399373008-55] DEBUG org.eclipse.jetty.util.thread.QueuedThreadPool - queue Accept@468b7800[java.nio.channels.SocketChannel[connected local=/127.0.0.1:33437 remote=/127.0.0.1:57202]] startThread=0
04:29:54.086 [qtp399373008-55] DEBUG org.eclipse.jetty.io.ManagedSelector - updates 0
04:29:54.086 [qtp399373008-55] DEBUG org.eclipse.jetty.io.ManagedSelector - Selector sun.nio.ch.EPollSelectorImpl@5760edca waiting with 1 keys
04:29:54.086 [qtp399373008-59] DEBUG org.eclipse.jetty.util.thread.QueuedThreadPool - run Accept@468b7800[java.nio.channels.SocketChannel[connected local=/127.0.0.1:33437 remote=/127.0.0.1:57202]] in QueuedThreadPool[qtp399373008]@17cdf2d0{STARTED,8<=8<=200,i=0,r=-1,q=0}[ReservedThreadExecutor@424fd310{reserved=2/8,pending=0}]
04:29:54.086 [qtp399373008-59] DEBUG org.eclipse.jetty.io.IdleTimeout - SocketChannelEndPoint@51fe53f7{l=/127.0.0.1:33437,r=/127.0.0.1:57202,OPEN,fill=-,flush=-,to=0/30000}{io=0/0,kio=0,kro=0}-><null> idle timeout check, elapsed: 0 ms, remaining: 30000 ms
04:29:54.086 [qtp399373008-59] DEBUG org.eclipse.jetty.util.ssl.SslContextFactory - Customize sun.security.ssl.SSLEngineImpl@14fcc7ac
04:29:54.087 [qtp399373008-59] DEBUG org.eclipse.jetty.server.HttpChannel - new HttpChannelOverHttp@7e5417b4{s=HttpChannelState@2522d09c{s=IDLE rs=BLOCKING os=OPEN is=IDLE awp=false se=false i=true al=0},r=0,c=false/false,a=IDLE,uri=null,age=0} -> DecryptedEndPoint@6605e24{l=/127.0.0.1:33437,r=/127.0.0.1:57202,OPEN,fill=-,flush=-,to=0/30000},null,HttpChannelState@2522d09c{s=IDLE rs=BLOCKING os=OPEN is=IDLE awp=false se=false i=true al=0}
04:29:54.087 [qtp399373008-59] DEBUG org.eclipse.jetty.server.HttpConnection - New HTTP Connection HttpConnection@74d338e3::DecryptedEndPoint@6605e24{l=/127.0.0.1:33437,r=/127.0.0.1:57202,OPEN,fill=-,flush=-,to=0/30000}
04:29:54.087 [qtp399373008-59] DEBUG org.eclipse.jetty.io.ManagedSelector - Queued change lazy=true org.eclipse.jetty.io.ManagedSelector$$Lambda$258/854397033@2a64687a on ManagedSelector@4e70a728{STARTED} id=0 keys=1 selected=0 updates=0
04:29:54.087 [qtp399373008-59] DEBUG org.eclipse.jetty.io.AbstractEndPoint - onOpen SocketChannelEndPoint@51fe53f7{l=/127.0.0.1:33437,r=/127.0.0.1:57202,OPEN,fill=-,flush=-,to=0/30000}{io=0/0,kio=0,kro=0}->SslConnection@19f1fb9a{NOT_HANDSHAKING,eio=-1/-1,di=-1,fill=IDLE,flush=IDLE}~>DecryptedEndPoint@6605e24{l=/127.0.0.1:33437,r=/127.0.0.1:57202,OPEN,fill=-,flush=-,to=0/30000}=>HttpConnection@74d338e3[p=HttpParser{s=START,0 of -1},g=HttpGenerator@1d6417fe{s=START}]=>HttpChannelOverHttp@7e5417b4{s=HttpChannelState@2522d09c{s=IDLE rs=BLOCKING os=OPEN is=IDLE awp=false se=false i=true al=0},r=0,c=false/false,a=IDLE,uri=null,age=0}
04:29:54.087 [qtp399373008-59] DEBUG org.eclipse.jetty.io.AbstractConnection - onOpen SslConnection@19f1fb9a::SocketChannelEndPoint@51fe53f7{l=/127.0.0.1:33437,r=/127.0.0.1:57202,OPEN,fill=-,flush=-,to=0/30000}{io=0/0,kio=0,kro=0}->SslConnection@19f1fb9a{NOT_HANDSHAKING,eio=-1/-1,di=-1,fill=IDLE,flush=IDLE}~>DecryptedEndPoint@6605e24{l=/127.0.0.1:33437,r=/127.0.0.1:57202,OPEN,fill=-,flush=-,to=0/30000}=>HttpConnection@74d338e3[p=HttpParser{s=START,0 of -1},g=HttpGenerator@1d6417fe{s=START}]=>HttpChannelOverHttp@7e5417b4{s=HttpChannelState@2522d09c{s=IDLE rs=BLOCKING os=OPEN is=IDLE awp=false se=false i=true al=0},r=0,c=false/false,a=IDLE,uri=null,age=0}
04:29:54.087 [qtp399373008-59] DEBUG org.eclipse.jetty.io.AbstractConnection - onOpen HttpConnection@74d338e3::DecryptedEndPoint@6605e24{l=/127.0.0.1:33437,r=/127.0.0.1:57202,OPEN,fill=-,flush=-,to=0/30000}
04:29:54.087 [qtp399373008-59] DEBUG org.eclipse.jetty.io.AbstractConnection - fillInterested HttpConnection@74d338e3::DecryptedEndPoint@6605e24{l=/127.0.0.1:33437,r=/127.0.0.1:57202,OPEN,fill=-,flush=-,to=0/30000}
04:29:54.087 [qtp399373008-59] DEBUG org.eclipse.jetty.io.FillInterest - interested FillInterest@709d2091{AC.ReadCB@74d338e3{HttpConnection@74d338e3::DecryptedEndPoint@6605e24{l=/127.0.0.1:33437,r=/127.0.0.1:57202,OPEN,fill=FI,flush=-,to=0/30000}}}
04:29:54.087 [qtp399373008-59] DEBUG org.eclipse.jetty.io.ssl.SslConnection - >needFillInterest s=IDLE/IDLE uf=false ei=null di=null SslConnection@19f1fb9a::SocketChannelEndPoint@51fe53f7{l=/127.0.0.1:33437,r=/127.0.0.1:57202,OPEN,fill=-,flush=-,to=0/30000}{io=0/0,kio=0,kro=0}->SslConnection@19f1fb9a{NOT_HANDSHAKING,eio=-1/-1,di=-1,fill=IDLE,flush=IDLE}~>DecryptedEndPoint@6605e24{l=/127.0.0.1:33437,r=/127.0.0.1:57202,OPEN,fill=FI,flush=-,to=0/30000}=>HttpConnection@74d338e3[p=HttpParser{s=START,0 of -1},g=HttpGenerator@1d6417fe{s=START}]=>HttpChannelOverHttp@7e5417b4{s=HttpChannelState@2522d09c{s=IDLE rs=BLOCKING os=OPEN is=IDLE awp=false se=false i=true al=0},r=0,c=false/false,a=IDLE,uri=null,age=0}
04:29:54.087 [qtp399373008-59] DEBUG org.eclipse.jetty.io.ssl.SslConnection - <needFillInterest s=IDLE/INTERESTED f=false i=true w=null
04:29:54.087 [qtp399373008-59] DEBUG org.eclipse.jetty.io.ssl.SslConnection - ensureFillInterested SslConnection@19f1fb9a::SocketChannelEndPoint@51fe53f7{l=/127.0.0.1:33437,r=/127.0.0.1:57202,OPEN,fill=-,flush=-,to=0/30000}{io=0/0,kio=0,kro=0}->SslConnection@19f1fb9a{NOT_HANDSHAKING,eio=-1/-1,di=-1,fill=INTERESTED,flush=IDLE}~>DecryptedEndPoint@6605e24{l=/127.0.0.1:33437,r=/127.0.0.1:57202,OPEN,fill=FI,flush=-,to=0/30000}=>HttpConnection@74d338e3[p=HttpParser{s=START,0 of -1},g=HttpGenerator@1d6417fe{s=START}]=>HttpChannelOverHttp@7e5417b4{s=HttpChannelState@2522d09c{s=IDLE rs=BLOCKING os=OPEN is=IDLE awp=false se=false i=true al=0},r=0,c=false/false,a=IDLE,uri=null,age=0}
04:29:54.087 [qtp399373008-59] DEBUG org.eclipse.jetty.io.FillInterest - interested FillInterest@79b3a140{SSLC.NBReadCB@19f1fb9a{SslConnection@19f1fb9a::SocketChannelEndPoint@51fe53f7{l=/127.0.0.1:33437,r=/127.0.0.1:57202,OPEN,fill=FI,flush=-,to=0/30000}{io=0/0,kio=0,kro=0}->SslConnection@19f1fb9a{NOT_HANDSHAKING,eio=-1/-1,di=-1,fill=INTERESTED,flush=IDLE}~>DecryptedEndPoint@6605e24{l=/127.0.0.1:33437,r=/127.0.0.1:57202,OPEN,fill=FI,flush=-,to=0/30000}=>HttpConnection@74d338e3[p=HttpParser{s=START,0 of -1},g=HttpGenerator@1d6417fe{s=START}]=>HttpChannelOverHttp@7e5417b4{s=HttpChannelState@2522d09c{s=IDLE rs=BLOCKING os=OPEN is=IDLE awp=false se=false i=true al=0},r=0,c=false/false,a=IDLE,uri=null,age=0}}}
04:29:54.087 [qtp399373008-59] DEBUG org.eclipse.jetty.io.ChannelEndPoint - changeInterests p=false 0->1 for SocketChannelEndPoint@51fe53f7{l=/127.0.0.1:33437,r=/127.0.0.1:57202,OPEN,fill=FI,flush=-,to=0/30000}{io=0/1,kio=0,kro=0}->SslConnection@19f1fb9a{NOT_HANDSHAKING,eio=-1/-1,di=-1,fill=INTERESTED,flush=IDLE}~>DecryptedEndPoint@6605e24{l=/127.0.0.1:33437,r=/127.0.0.1:57202,OPEN,fill=FI,flush=-,to=0/30000}=>HttpConnection@74d338e3[p=HttpParser{s=START,0 of -1},g=HttpGenerator@1d6417fe{s=START}]=>HttpChannelOverHttp@7e5417b4{s=HttpChannelState@2522d09c{s=IDLE rs=BLOCKING os=OPEN is=IDLE awp=false se=false i=true al=0},r=0,c=false/false,a=IDLE,uri=null,age=0}
04:29:54.087 [qtp399373008-59] DEBUG org.eclipse.jetty.io.ManagedSelector - Queued change lazy=false org.eclipse.jetty.io.ChannelEndPoint$$Lambda$255/1126011505@6f08b8c7 on ManagedSelector@4e70a728{STARTED} id=0 keys=1 selected=0 updates=1
04:29:54.087 [qtp399373008-59] DEBUG org.eclipse.jetty.io.ManagedSelector - Wakeup on submit ManagedSelector@4e70a728{STARTED} id=0 keys=1 selected=0 updates=2
04:29:54.087 [qtp399373008-55] DEBUG org.eclipse.jetty.io.ManagedSelector - Selector sun.nio.ch.EPollSelectorImpl@5760edca woken with none selected
04:29:54.088 [qtp399373008-55] DEBUG org.eclipse.jetty.io.ManagedSelector - Selector sun.nio.ch.EPollSelectorImpl@5760edca woken up from select, 0/0/1 selected
04:29:54.088 [qtp399373008-55] DEBUG org.eclipse.jetty.io.ManagedSelector - Selector sun.nio.ch.EPollSelectorImpl@5760edca processing 0 keys, 2 updates
04:29:54.088 [qtp399373008-55] DEBUG org.eclipse.jetty.io.ManagedSelector - updateable 2
04:29:54.088 [qtp399373008-59] DEBUG org.eclipse.jetty.io.ManagedSelector - Created SocketChannelEndPoint@51fe53f7{l=/127.0.0.1:33437,r=/127.0.0.1:57202,OPEN,fill=FI,flush=-,to=0/30000}{io=0/1,kio=0,kro=0}->SslConnection@19f1fb9a{NOT_HANDSHAKING,eio=-1/-1,di=-1,fill=INTERESTED,flush=IDLE}~>DecryptedEndPoint@6605e24{l=/127.0.0.1:33437,r=/127.0.0.1:57202,OPEN,fill=FI,flush=-,to=0/30000}=>HttpConnection@74d338e3[p=HttpParser{s=START,0 of -1},g=HttpGenerator@1d6417fe{s=START}]=>HttpChannelOverHttp@7e5417b4{s=HttpChannelState@2522d09c{s=IDLE rs=BLOCKING os=OPEN is=IDLE awp=false se=false i=true al=0},r=0,c=false/false,a=IDLE,uri=null,age=0}
04:29:54.088 [qtp399373008-55] DEBUG org.eclipse.jetty.io.ManagedSelector - update org.eclipse.jetty.io.ManagedSelector$$Lambda$258/854397033@2a64687a
04:29:54.088 [qtp399373008-55] DEBUG org.eclipse.jetty.io.ManagedSelector - update org.eclipse.jetty.io.ChannelEndPoint$$Lambda$255/1126011505@6f08b8c7
04:29:54.088 [qtp399373008-59] DEBUG org.eclipse.jetty.util.thread.QueuedThreadPool - ran Accept@468b7800[java.nio.channels.SocketChannel[connected local=/127.0.0.1:33437 remote=/127.0.0.1:57202]] in QueuedThreadPool[qtp399373008]@17cdf2d0{STARTED,8<=8<=200,i=0,r=-1,q=0}[ReservedThreadExecutor@424fd310{reserved=2/8,pending=0}]
04:29:54.088 [qtp399373008-55] DEBUG org.eclipse.jetty.io.ChannelEndPoint - Key interests updated 0 -> 1 on SocketChannelEndPoint@51fe53f7{l=/127.0.0.1:33437,r=/127.0.0.1:57202,OPEN,fill=FI,flush=-,to=0/30000}{io=1/1,kio=1,kro=0}->SslConnection@19f1fb9a{NOT_HANDSHAKING,eio=-1/-1,di=-1,fill=INTERESTED,flush=IDLE}~>DecryptedEndPoint@6605e24{l=/127.0.0.1:33437,r=/127.0.0.1:57202,OPEN,fill=FI,flush=-,to=0/30000}=>HttpConnection@74d338e3[p=HttpParser{s=START,0 of -1},g=HttpGenerator@1d6417fe{s=START}]=>HttpChannelOverHttp@7e5417b4{s=HttpChannelState@2522d09c{s=IDLE rs=BLOCKING os=OPEN is=IDLE awp=false se=false i=true al=0},r=0,c=false/false,a=IDLE,uri=null,age=0}
04:29:54.088 [qtp399373008-55] DEBUG org.eclipse.jetty.io.ManagedSelector - updates 0
04:29:54.088 [qtp399373008-55] DEBUG org.eclipse.jetty.io.ManagedSelector - Selector sun.nio.ch.EPollSelectorImpl@5760edca waiting with 1 keys
04:29:54.088 [qtp399373008-55] DEBUG org.eclipse.jetty.io.ManagedSelector - Selector sun.nio.ch.EPollSelectorImpl@5760edca woken up from select, 1/1/1 selected
04:29:54.088 [qtp399373008-55] DEBUG org.eclipse.jetty.io.ManagedSelector - Selector sun.nio.ch.EPollSelectorImpl@5760edca processing 1 keys, 0 updates
04:29:54.088 [qtp399373008-55] DEBUG org.eclipse.jetty.io.ManagedSelector - selected 1 sun.nio.ch.SelectionKeyImpl@59a70956 SocketChannelEndPoint@51fe53f7{l=/127.0.0.1:33437,r=/127.0.0.1:57202,OPEN,fill=FI,flush=-,to=0/30000}{io=1/1,kio=1,kro=1}->SslConnection@19f1fb9a{NOT_HANDSHAKING,eio=-1/-1,di=-1,fill=INTERESTED,flush=IDLE}~>DecryptedEndPoint@6605e24{l=/127.0.0.1:33437,r=/127.0.0.1:57202,OPEN,fill=FI,flush=-,to=1/30000}=>HttpConnection@74d338e3[p=HttpParser{s=START,0 of -1},g=HttpGenerator@1d6417fe{s=START}]=>HttpChannelOverHttp@7e5417b4{s=HttpChannelState@2522d09c{s=IDLE rs=BLOCKING os=OPEN is=IDLE awp=false se=false i=true al=0},r=0,c=false/false,a=IDLE,uri=null,age=0} 
04:29:54.088 [qtp399373008-55] DEBUG org.eclipse.jetty.io.ChannelEndPoint - onSelected 1->0 r=true w=false for SocketChannelEndPoint@51fe53f7{l=/127.0.0.1:33437,r=/127.0.0.1:57202,OPEN,fill=FI,flush=-,to=1/30000}{io=1/0,kio=1,kro=1}->SslConnection@19f1fb9a{NOT_HANDSHAKING,eio=-1/-1,di=-1,fill=INTERESTED,flush=IDLE}~>DecryptedEndPoint@6605e24{l=/127.0.0.1:33437,r=/127.0.0.1:57202,OPEN,fill=FI,flush=-,to=1/30000}=>HttpConnection@74d338e3[p=HttpParser{s=START,0 of -1},g=HttpGenerator@1d6417fe{s=START}]=>HttpChannelOverHttp@7e5417b4{s=HttpChannelState@2522d09c{s=IDLE rs=BLOCKING os=OPEN is=IDLE awp=false se=false i=true al=0},r=0,c=false/false,a=IDLE,uri=null,age=0}
04:29:54.088 [qtp399373008-55] DEBUG org.eclipse.jetty.io.ChannelEndPoint - task CEP:SocketChannelEndPoint@51fe53f7{l=/127.0.0.1:33437,r=/127.0.0.1:57202,OPEN,fill=FI,flush=-,to=1/30000}{io=1/0,kio=1,kro=1}->SslConnection@19f1fb9a{NOT_HANDSHAKING,eio=-1/-1,di=-1,fill=INTERESTED,flush=IDLE}~>DecryptedEndPoint@6605e24{l=/127.0.0.1:33437,r=/127.0.0.1:57202,OPEN,fill=FI,flush=-,to=1/30000}=>HttpConnection@74d338e3[p=HttpParser{s=START,0 of -1},g=HttpGenerator@1d6417fe{s=START}]=>HttpChannelOverHttp@7e5417b4{s=HttpChannelState@2522d09c{s=IDLE rs=BLOCKING os=OPEN is=IDLE awp=false se=false i=true al=0},r=0,c=false/false,a=IDLE,uri=null,age=0}:runFillable:BLOCKING
04:29:54.089 [qtp399373008-55] DEBUG org.eclipse.jetty.util.thread.ReservedThreadExecutor - ReservedThreadExecutor@424fd310{reserved=2/8,pending=0} tryExecute EatWhatYouKill@4e858e0a/SelectorProducer@435fb7b5/PRODUCING/p=false/QueuedThreadPool[qtp399373008]@17cdf2d0{STARTED,8<=8<=200,i=1,r=-1,q=0}[ReservedThreadExecutor@424fd310{reserved=2/8,pending=0}][pc=0,pic=0,pec=0,epc=0]@2024-05-02T04:29:54.088+01:00
04:29:54.089 [qtp399373008-55] DEBUG org.eclipse.jetty.util.thread.strategy.EatWhatYouKill - EatWhatYouKill@4e858e0a/SelectorProducer@435fb7b5/IDLE/p=true/QueuedThreadPool[qtp399373008]@17cdf2d0{STARTED,8<=8<=200,i=1,r=-1,q=0}[ReservedThreadExecutor@424fd310{reserved=1/8,pending=0}][pc=0,pic=0,pec=0,epc=0]@2024-05-02T04:29:54.089+01:00 m=EXECUTE_PRODUCE_CONSUME t=CEP:SocketChannelEndPoint@51fe53f7{l=/127.0.0.1:33437,r=/127.0.0.1:57202,OPEN,fill=FI,flush=-,to=1/30000}{io=1/0,kio=1,kro=1}->SslConnection@19f1fb9a{NOT_HANDSHAKING,eio=-1/-1,di=-1,fill=INTERESTED,flush=IDLE}~>DecryptedEndPoint@6605e24{l=/127.0.0.1:33437,r=/127.0.0.1:57202,OPEN,fill=FI,flush=-,to=1/30000}=>HttpConnection@74d338e3[p=HttpParser{s=START,0 of -1},g=HttpGenerator@1d6417fe{s=START}]=>HttpChannelOverHttp@7e5417b4{s=HttpChannelState@2522d09c{s=IDLE rs=BLOCKING os=OPEN is=IDLE awp=false se=false i=true al=0},r=0,c=false/false,a=IDLE,uri=null,age=0}:runFillable:BLOCKING/BLOCKING
04:29:54.089 [qtp399373008-57] DEBUG org.eclipse.jetty.util.thread.ReservedThreadExecutor - ReservedThread@76f4269{RESERVED,thread=Thread[qtp399373008-57,5,main]} task=EatWhatYouKill@4e858e0a/SelectorProducer@435fb7b5/IDLE/p=true/QueuedThreadPool[qtp399373008]@17cdf2d0{STARTED,8<=8<=200,i=1,r=-1,q=0}[ReservedThreadExecutor@424fd310{reserved=1/8,pending=0}][pc=0,pic=0,pec=0,epc=0]@2024-05-02T04:29:54.089+01:00 ReservedThreadExecutor@424fd310{reserved=1/8,pending=0}
04:29:54.089 [qtp399373008-55] DEBUG org.eclipse.jetty.io.FillInterest - fillable FillInterest@79b3a140{SSLC.NBReadCB@19f1fb9a{SslConnection@19f1fb9a::SocketChannelEndPoint@51fe53f7{l=/127.0.0.1:33437,r=/127.0.0.1:57202,OPEN,fill=FI,flush=-,to=1/30000}{io=1/0,kio=1,kro=1}->SslConnection@19f1fb9a{NOT_HANDSHAKING,eio=-1/-1,di=-1,fill=INTERESTED,flush=IDLE}~>DecryptedEndPoint@6605e24{l=/127.0.0.1:33437,r=/127.0.0.1:57202,OPEN,fill=FI,flush=-,to=1/30000}=>HttpConnection@74d338e3[p=HttpParser{s=START,0 of -1},g=HttpGenerator@1d6417fe{s=START}]=>HttpChannelOverHttp@7e5417b4{s=HttpChannelState@2522d09c{s=IDLE rs=BLOCKING os=OPEN is=IDLE awp=false se=false i=true al=0},r=0,c=false/false,a=IDLE,uri=null,age=0}}}
04:29:54.089 [qtp399373008-57] DEBUG org.eclipse.jetty.util.thread.strategy.EatWhatYouKill - EatWhatYouKill@4e858e0a/SelectorProducer@435fb7b5/IDLE/p=true/QueuedThreadPool[qtp399373008]@17cdf2d0{STARTED,8<=8<=200,i=1,r=-1,q=0}[ReservedThreadExecutor@424fd310{reserved=1/8,pending=0}][pc=0,pic=0,pec=0,epc=1]@2024-05-02T04:29:54.089+01:00 tryProduce true
04:29:54.089 [qtp399373008-57] DEBUG org.eclipse.jetty.io.ManagedSelector - updateable 0
04:29:54.089 [qtp399373008-57] DEBUG org.eclipse.jetty.io.ManagedSelector - updates 0
04:29:54.089 [qtp399373008-55] DEBUG org.eclipse.jetty.io.ssl.SslConnection - >c.onFillable SslConnection@19f1fb9a::SocketChannelEndPoint@51fe53f7{l=/127.0.0.1:33437,r=/127.0.0.1:57202,OPEN,fill=-,flush=-,to=1/30000}{io=1/0,kio=1,kro=1}->SslConnection@19f1fb9a{NOT_HANDSHAKING,eio=-1/-1,di=-1,fill=INTERESTED,flush=IDLE}~>DecryptedEndPoint@6605e24{l=/127.0.0.1:33437,r=/127.0.0.1:57202,OPEN,fill=FI,flush=-,to=1/30000}=>HttpConnection@74d338e3[p=HttpParser{s=START,0 of -1},g=HttpGenerator@1d6417fe{s=START}]=>HttpChannelOverHttp@7e5417b4{s=HttpChannelState@2522d09c{s=IDLE rs=BLOCKING os=OPEN is=IDLE awp=false se=false i=true al=0},r=0,c=false/false,a=IDLE,uri=null,age=0}
04:29:54.089 [qtp399373008-57] DEBUG org.eclipse.jetty.io.ChannelEndPoint - Key interests updated 1 -> 0 on SocketChannelEndPoint@51fe53f7{l=/127.0.0.1:33437,r=/127.0.0.1:57202,OPEN,fill=-,flush=-,to=1/30000}{io=0/0,kio=0,kro=1}->SslConnection@19f1fb9a{NOT_HANDSHAKING,eio=-1/-1,di=-1,fill=INTERESTED,flush=IDLE}~>DecryptedEndPoint@6605e24{l=/127.0.0.1:33437,r=/127.0.0.1:57202,OPEN,fill=FI,flush=-,to=2/30000}=>HttpConnection@74d338e3[p=HttpParser{s=START,0 of -1},g=HttpGenerator@1d6417fe{s=START}]=>HttpChannelOverHttp@7e5417b4{s=HttpChannelState@2522d09c{s=IDLE rs=BLOCKING os=OPEN is=IDLE awp=false se=false i=true al=0},r=0,c=false/false,a=IDLE,uri=null,age=0}
04:29:54.089 [qtp399373008-55] DEBUG org.eclipse.jetty.io.ssl.SslConnection - onFillable SslConnection@19f1fb9a::SocketChannelEndPoint@51fe53f7{l=/127.0.0.1:33437,r=/127.0.0.1:57202,OPEN,fill=-,flush=-,to=1/30000}{io=0/0,kio=0,kro=1}->SslConnection@19f1fb9a{NOT_HANDSHAKING,eio=-1/-1,di=-1,fill=INTERESTED,flush=IDLE}~>DecryptedEndPoint@6605e24{l=/127.0.0.1:33437,r=/127.0.0.1:57202,OPEN,fill=FI,flush=-,to=2/30000}=>HttpConnection@74d338e3[p=HttpParser{s=START,0 of -1},g=HttpGenerator@1d6417fe{s=START}]=>HttpChannelOverHttp@7e5417b4{s=HttpChannelState@2522d09c{s=IDLE rs=BLOCKING os=OPEN is=IDLE awp=false se=false i=true al=0},r=0,c=false/false,a=IDLE,uri=null,age=0}
04:29:54.089 [qtp399373008-57] DEBUG org.eclipse.jetty.io.ManagedSelector - Selector sun.nio.ch.EPollSelectorImpl@5760edca waiting with 1 keys
04:29:54.089 [qtp399373008-55] DEBUG org.eclipse.jetty.io.FillInterest - fillable FillInterest@709d2091{AC.ReadCB@74d338e3{HttpConnection@74d338e3::DecryptedEndPoint@6605e24{l=/127.0.0.1:33437,r=/127.0.0.1:57202,OPEN,fill=FI,flush=-,to=2/30000}}}
04:29:54.090 [qtp399373008-55] DEBUG org.eclipse.jetty.server.HttpConnection - HttpConnection@74d338e3::DecryptedEndPoint@6605e24{l=/127.0.0.1:33437,r=/127.0.0.1:57202,OPEN,fill=-,flush=-,to=2/30000} onFillable enter HttpChannelState@2522d09c{s=IDLE rs=BLOCKING os=OPEN is=IDLE awp=false se=false i=true al=0} null
04:29:54.090 [qtp399373008-55] DEBUG org.eclipse.jetty.io.ssl.SslConnection - >fill SslConnection@19f1fb9a::SocketChannelEndPoint@51fe53f7{l=/127.0.0.1:33437,r=/127.0.0.1:57202,OPEN,fill=-,flush=-,to=2/30000}{io=0/0,kio=0,kro=1}->SslConnection@19f1fb9a{NOT_HANDSHAKING,eio=-1/-1,di=-1,fill=IDLE,flush=IDLE}~>DecryptedEndPoint@6605e24{l=/127.0.0.1:33437,r=/127.0.0.1:57202,OPEN,fill=-,flush=-,to=2/30000}=>HttpConnection@74d338e3[p=HttpParser{s=START,0 of -1},g=HttpGenerator@1d6417fe{s=START}]=>HttpChannelOverHttp@7e5417b4{s=HttpChannelState@2522d09c{s=IDLE rs=BLOCKING os=OPEN is=IDLE awp=false se=false i=true al=0},r=0,c=false/false,a=IDLE,uri=null,age=0}
04:29:54.090 [qtp399373008-55] DEBUG org.eclipse.jetty.io.ssl.SslConnection - fill NOT_HANDSHAKING
04:29:54.090 [qtp399373008-55] DEBUG org.eclipse.jetty.io.ChannelEndPoint - filled 339 HeapByteBuffer@6a5710bf[p=0,l=339,c=17408,r=339]={<<<\x16\x03\x03\x01N\x01\x00\x01J\x03\x03u\xC4\xB5^\xE6\xBf\xEd\xD00)\xBbb\t\xD8...\x1f(\xA3\x84Xl\x88\xE5\xD2\xE8\xEd\xB8YXRO\xF9\\\xFf\x01\x00\x01\x00>>>\xF9\xFb}{\xC0\xFag\xC6G...\x00\x00\x00\x00\x00\x00\x00}
04:29:54.090 [qtp399373008-55] DEBUG org.eclipse.jetty.io.ssl.SslConnection - net filled=339
04:29:54.090 [qtp399373008-55] DEBUG org.eclipse.jetty.io.ssl.SslConnection - fill starting handshake SslConnection@19f1fb9a::SocketChannelEndPoint@51fe53f7{l=/127.0.0.1:33437,r=/127.0.0.1:57202,OPEN,fill=-,flush=-,to=0/30000}{io=0/0,kio=0,kro=1}->SslConnection@19f1fb9a{NOT_HANDSHAKING,eio=339/-1,di=-1,fill=IDLE,flush=IDLE}~>DecryptedEndPoint@6605e24{l=/127.0.0.1:33437,r=/127.0.0.1:57202,OPEN,fill=-,flush=-,to=3/30000}=>HttpConnection@74d338e3[p=HttpParser{s=START,0 of -1},g=HttpGenerator@1d6417fe{s=START}]=>HttpChannelOverHttp@7e5417b4{s=HttpChannelState@2522d09c{s=IDLE rs=BLOCKING os=OPEN is=IDLE awp=false se=false i=true al=0},r=0,c=false/false,a=IDLE,uri=null,age=0}
04:29:54.090 [qtp399373008-55] DEBUG org.eclipse.jetty.io.ssl.SslConnection - unwrap net_filled=339 Status = OK HandshakeStatus = NEED_TASK bytesConsumed = 339 bytesProduced = 0 encryptedBuffer=[p=339,l=339,c=17408,r=0] unwrapBuffer=HeapByteBuffer@6e6899aa[p=0,l=0,c=17408,r=0]={<<<>>>\x17\x03\x03\x00\xC9\xC7\xE1\xA8\xD9...\x00\x00\x00\x00\x00\x00\x00} appBuffer=HeapByteBuffer@6e6899aa[p=0,l=0,c=17408,r=0]={<<<>>>\x17\x03\x03\x00\xC9\xC7\xE1\xA8\xD9...\x00\x00\x00\x00\x00\x00\x00}
04:29:54.091 [qtp399373008-55] DEBUG org.eclipse.jetty.io.ssl.SslConnection - fill NEED_TASK
04:29:54.099 [qtp399373008-55] DEBUG org.eclipse.jetty.io.ssl.SslConnection - fill NEED_WRAP
04:29:54.099 [qtp399373008-55] DEBUG org.eclipse.jetty.io.ssl.SslConnection - >flush SslConnection@19f1fb9a::SocketChannelEndPoint@51fe53f7{l=/127.0.0.1:33437,r=/127.0.0.1:57202,OPEN,fill=-,flush=-,to=8/30000}{io=0/0,kio=0,kro=1}->SslConnection@19f1fb9a{NEED_WRAP,eio=0/-1,di=-1,fill=IDLE,flush=IDLE}~>DecryptedEndPoint@6605e24{l=/127.0.0.1:33437,r=/127.0.0.1:57202,OPEN,fill=-,flush=-,to=11/30000}=>HttpConnection@74d338e3[p=HttpParser{s=START,0 of -1},g=HttpGenerator@1d6417fe{s=START}]=>HttpChannelOverHttp@7e5417b4{s=HttpChannelState@2522d09c{s=IDLE rs=BLOCKING os=OPEN is=IDLE awp=false se=false i=true al=0},r=0,c=false/false,a=IDLE,uri=null,age=0}
04:29:54.099 [qtp399373008-55] DEBUG org.eclipse.jetty.io.ssl.SslConnection - flush b[0]=HeapByteBuffer@29624c55[p=0,l=0,c=0,r=0]={<<<>>>}
04:29:54.099 [qtp399373008-55] DEBUG org.eclipse.jetty.io.ssl.SslConnection - flush NEED_WRAP
04:29:54.099 [qtp399373008-55] DEBUG org.eclipse.jetty.io.ssl.SslConnection - wrap Status = OK HandshakeStatus = NEED_WRAP bytesConsumed = 0 bytesProduced = 160 [p=0,l=160,c=17408,r=160] ioDone=false/false
04:29:54.099 [qtp399373008-55] DEBUG org.eclipse.jetty.io.ChannelEndPoint - flushed 160 SocketChannelEndPoint@51fe53f7{l=/127.0.0.1:33437,r=/127.0.0.1:57202,OPEN,fill=-,flush=-,to=9/30000}{io=0/0,kio=0,kro=1}->SslConnection@19f1fb9a{NEED_WRAP,eio=0/0,di=-1,fill=IDLE,flush=IDLE}~>DecryptedEndPoint@6605e24{l=/127.0.0.1:33437,r=/127.0.0.1:57202,OPEN,fill=-,flush=-,to=12/30000}=>HttpConnection@74d338e3[p=HttpParser{s=START,0 of -1},g=HttpGenerator@1d6417fe{s=START}]=>HttpChannelOverHttp@7e5417b4{s=HttpChannelState@2522d09c{s=IDLE rs=BLOCKING os=OPEN is=IDLE awp=false se=false i=true al=0},r=0,c=false/false,a=IDLE,uri=null,age=0}
04:29:54.099 [qtp399373008-55] DEBUG org.eclipse.jetty.io.ssl.SslConnection - net flushed=true, ac=true
04:29:54.099 [qtp399373008-55] DEBUG org.eclipse.jetty.io.ssl.SslConnection - flush NEED_WRAP
04:29:54.099 [qtp399373008-55] DEBUG org.eclipse.jetty.io.ssl.SslConnection - wrap Status = OK HandshakeStatus = NEED_WRAP bytesConsumed = 0 bytesProduced = 6 [p=0,l=6,c=17408,r=6] ioDone=false/false
04:29:54.099 [qtp399373008-55] DEBUG org.eclipse.jetty.io.ChannelEndPoint - flushed 6 SocketChannelEndPoint@51fe53f7{l=/127.0.0.1:33437,r=/127.0.0.1:57202,OPEN,fill=-,flush=-,to=0/30000}{io=0/0,kio=0,kro=1}->SslConnection@19f1fb9a{NEED_WRAP,eio=0/0,di=-1,fill=IDLE,flush=IDLE}~>DecryptedEndPoint@6605e24{l=/127.0.0.1:33437,r=/127.0.0.1:57202,OPEN,fill=-,flush=-,to=12/30000}=>HttpConnection@74d338e3[p=HttpParser{s=START,0 of -1},g=HttpGenerator@1d6417fe{s=START}]=>HttpChannelOverHttp@7e5417b4{s=HttpChannelState@2522d09c{s=IDLE rs=BLOCKING os=OPEN is=IDLE awp=false se=false i=true al=0},r=0,c=false/false,a=IDLE,uri=null,age=0}
04:29:54.099 [qtp399373008-55] DEBUG org.eclipse.jetty.io.ssl.SslConnection - net flushed=true, ac=true
04:29:54.099 [qtp399373008-55] DEBUG org.eclipse.jetty.io.ssl.SslConnection - flush NEED_WRAP
04:29:54.100 [qtp399373008-55] DEBUG org.eclipse.jetty.io.ssl.SslConnection - wrap Status = OK HandshakeStatus = NEED_UNWRAP bytesConsumed = 0 bytesProduced = 1597 [p=0,l=1597,c=17408,r=1597] ioDone=false/false
04:29:54.100 [qtp399373008-55] DEBUG org.eclipse.jetty.io.ChannelEndPoint - flushed 1597 SocketChannelEndPoint@51fe53f7{l=/127.0.0.1:33437,r=/127.0.0.1:57202,OPEN,fill=-,flush=-,to=0/30000}{io=0/0,kio=0,kro=1}->SslConnection@19f1fb9a{NEED_UNWRAP,eio=0/0,di=-1,fill=IDLE,flush=IDLE}~>DecryptedEndPoint@6605e24{l=/127.0.0.1:33437,r=/127.0.0.1:57202,OPEN,fill=-,flush=-,to=13/30000}=>HttpConnection@74d338e3[p=HttpParser{s=START,0 of -1},g=HttpGenerator@1d6417fe{s=START}]=>HttpChannelOverHttp@7e5417b4{s=HttpChannelState@2522d09c{s=IDLE rs=BLOCKING os=OPEN is=IDLE awp=false se=false i=true al=0},r=0,c=false/false,a=IDLE,uri=null,age=0}
04:29:54.100 [qtp399373008-55] DEBUG org.eclipse.jetty.io.ssl.SslConnection - net flushed=true, ac=true
04:29:54.100 [qtp399373008-55] DEBUG org.eclipse.jetty.io.ssl.SslConnection - <flush true SslConnection@19f1fb9a::SocketChannelEndPoint@51fe53f7{l=/127.0.0.1:33437,r=/127.0.0.1:57202,OPEN,fill=-,flush=-,to=0/30000}{io=0/0,kio=0,kro=1}->SslConnection@19f1fb9a{NEED_UNWRAP,eio=0/-1,di=-1,fill=IDLE,flush=IDLE}~>DecryptedEndPoint@6605e24{l=/127.0.0.1:33437,r=/127.0.0.1:57202,OPEN,fill=-,flush=-,to=13/30000}=>HttpConnection@74d338e3[p=HttpParser{s=START,0 of -1},g=HttpGenerator@1d6417fe{s=START}]=>HttpChannelOverHttp@7e5417b4{s=HttpChannelState@2522d09c{s=IDLE rs=BLOCKING os=OPEN is=IDLE awp=false se=false i=true al=0},r=0,c=false/false,a=IDLE,uri=null,age=0}
04:29:54.100 [qtp399373008-55] DEBUG org.eclipse.jetty.io.ssl.SslConnection - fill NEED_UNWRAP
04:29:54.100 [qtp399373008-55] DEBUG org.eclipse.jetty.io.ChannelEndPoint - filled 0 HeapByteBuffer@6a5710bf[p=0,l=0,c=17408,r=0]={<<<>>>\x16\x03\x03\x01N\x01\x00\x01J...\x00\x00\x00\x00\x00\x00\x00}
04:29:54.100 [qtp399373008-55] DEBUG org.eclipse.jetty.io.ssl.SslConnection - net filled=0
04:29:54.100 [qtp399373008-55] DEBUG org.eclipse.jetty.io.ssl.SslConnection - unwrap net_filled=0 Status = BUFFER_UNDERFLOW HandshakeStatus = NEED_UNWRAP bytesConsumed = 0 bytesProduced = 0 encryptedBuffer=[p=0,l=0,c=17408,r=0] unwrapBuffer=HeapByteBuffer@6e6899aa[p=0,l=0,c=17408,r=0]={<<<>>>\x17\x03\x03\x00\xC9\xC7\xE1\xA8\xD9...\x00\x00\x00\x00\x00\x00\x00} appBuffer=HeapByteBuffer@6e6899aa[p=0,l=0,c=17408,r=0]={<<<>>>\x17\x03\x03\x00\xC9\xC7\xE1\xA8\xD9...\x00\x00\x00\x00\x00\x00\x00}
04:29:54.100 [qtp399373008-55] DEBUG org.eclipse.jetty.io.ssl.SslConnection - <fill f=0 uf=true SslConnection@19f1fb9a::SocketChannelEndPoint@51fe53f7{l=/127.0.0.1:33437,r=/127.0.0.1:57202,OPEN,fill=-,flush=-,to=0/30000}{io=0/0,kio=0,kro=1}->SslConnection@19f1fb9a{NEED_UNWRAP,eio=-1/-1,di=-1,fill=IDLE,flush=IDLE}~>DecryptedEndPoint@6605e24{l=/127.0.0.1:33437,r=/127.0.0.1:57202,OPEN,fill=-,flush=-,to=13/30000}=>HttpConnection@74d338e3[p=HttpParser{s=START,0 of -1},g=HttpGenerator@1d6417fe{s=START}]=>HttpChannelOverHttp@7e5417b4{s=HttpChannelState@2522d09c{s=IDLE rs=BLOCKING os=OPEN is=IDLE awp=false se=false i=true al=0},r=0,c=false/false,a=IDLE,uri=null,age=0}
04:29:54.100 [qtp399373008-55] DEBUG org.eclipse.jetty.io.ssl.SslConnection - >fill SslConnection@19f1fb9a::SocketChannelEndPoint@51fe53f7{l=/127.0.0.1:33437,r=/127.0.0.1:57202,OPEN,fill=-,flush=-,to=0/30000}{io=0/0,kio=0,kro=1}->SslConnection@19f1fb9a{NEED_UNWRAP,eio=-1/-1,di=-1,fill=IDLE,flush=IDLE}~>DecryptedEndPoint@6605e24{l=/127.0.0.1:33437,r=/127.0.0.1:57202,OPEN,fill=-,flush=-,to=13/30000}=>HttpConnection@74d338e3[p=HttpParser{s=START,0 of -1},g=HttpGenerator@1d6417fe{s=START}]=>HttpChannelOverHttp@7e5417b4{s=HttpChannelState@2522d09c{s=IDLE rs=BLOCKING os=OPEN is=IDLE awp=false se=false i=true al=0},r=0,c=false/false,a=IDLE,uri=null,age=0}
04:29:54.100 [qtp399373008-55] DEBUG org.eclipse.jetty.io.ssl.SslConnection - fill NEED_UNWRAP
04:29:54.100 [qtp399373008-55] DEBUG org.eclipse.jetty.io.ChannelEndPoint - filled 0 HeapByteBuffer@60af7bcf[p=0,l=0,c=17408,r=0]={<<<>>>\x17\x03\x03\x068\x08\xF1\n\xB9...\x00\x00\x00\x00\x00\x00\x00}
04:29:54.101 [qtp399373008-55] DEBUG org.eclipse.jetty.io.ssl.SslConnection - net filled=0
04:29:54.101 [qtp399373008-55] DEBUG org.eclipse.jetty.io.ssl.SslConnection - unwrap net_filled=0 Status = BUFFER_UNDERFLOW HandshakeStatus = NEED_UNWRAP bytesConsumed = 0 bytesProduced = 0 encryptedBuffer=[p=0,l=0,c=17408,r=0] unwrapBuffer=HeapByteBuffer@6e6899aa[p=0,l=0,c=17408,r=0]={<<<>>>\x17\x03\x03\x00\xC9\xC7\xE1\xA8\xD9...\x00\x00\x00\x00\x00\x00\x00} appBuffer=HeapByteBuffer@6e6899aa[p=0,l=0,c=17408,r=0]={<<<>>>\x17\x03\x03\x00\xC9\xC7\xE1\xA8\xD9...\x00\x00\x00\x00\x00\x00\x00}
04:29:54.101 [qtp399373008-55] DEBUG org.eclipse.jetty.io.ssl.SslConnection - <fill f=0 uf=true SslConnection@19f1fb9a::SocketChannelEndPoint@51fe53f7{l=/127.0.0.1:33437,r=/127.0.0.1:57202,OPEN,fill=-,flush=-,to=0/30000}{io=0/0,kio=0,kro=1}->SslConnection@19f1fb9a{NEED_UNWRAP,eio=-1/-1,di=-1,fill=IDLE,flush=IDLE}~>DecryptedEndPoint@6605e24{l=/127.0.0.1:33437,r=/127.0.0.1:57202,OPEN,fill=-,flush=-,to=13/30000}=>HttpConnection@74d338e3[p=HttpParser{s=START,0 of -1},g=HttpGenerator@1d6417fe{s=START}]=>HttpChannelOverHttp@7e5417b4{s=HttpChannelState@2522d09c{s=IDLE rs=BLOCKING os=OPEN is=IDLE awp=false se=false i=true al=0},r=0,c=false/false,a=IDLE,uri=null,age=0}
04:29:54.101 [qtp399373008-55] DEBUG org.eclipse.jetty.server.HttpConnection - HttpConnection@74d338e3::DecryptedEndPoint@6605e24{l=/127.0.0.1:33437,r=/127.0.0.1:57202,OPEN,fill=-,flush=-,to=13/30000} filled 0 HeapByteBuffer@6e6899aa[p=0,l=0,c=17408,r=0]={<<<>>>\x17\x03\x03\x00\xC9\xC7\xE1\xA8\xD9...\x00\x00\x00\x00\x00\x00\x00}
04:29:54.101 [qtp399373008-55] DEBUG org.eclipse.jetty.server.HttpConnection - HttpConnection@74d338e3::DecryptedEndPoint@6605e24{l=/127.0.0.1:33437,r=/127.0.0.1:57202,OPEN,fill=-,flush=-,to=13/30000} parse HeapByteBuffer@6e6899aa[p=0,l=0,c=17408,r=0]={<<<>>>\x17\x03\x03\x00\xC9\xC7\xE1\xA8\xD9...\x00\x00\x00\x00\x00\x00\x00} {}
04:29:54.101 [qtp399373008-55] DEBUG org.eclipse.jetty.http.HttpParser - parseNext s=START HeapByteBuffer@6e6899aa[p=0,l=0,c=17408,r=0]={<<<>>>\x17\x03\x03\x00\xC9\xC7\xE1\xA8\xD9...\x00\x00\x00\x00\x00\x00\x00}
04:29:54.101 [qtp399373008-55] DEBUG org.eclipse.jetty.server.HttpConnection - HttpConnection@74d338e3::DecryptedEndPoint@6605e24{l=/127.0.0.1:33437,r=/127.0.0.1:57202,OPEN,fill=-,flush=-,to=13/30000} parsed false HttpParser{s=START,0 of -1}
04:29:54.101 [qtp399373008-55] DEBUG org.eclipse.jetty.server.HttpConnection - releaseRequestBuffer HttpConnection@74d338e3::DecryptedEndPoint@6605e24{l=/127.0.0.1:33437,r=/127.0.0.1:57202,OPEN,fill=-,flush=-,to=13/30000}
04:29:54.101 [qtp399373008-55] DEBUG org.eclipse.jetty.io.AbstractConnection - fillInterested HttpConnection@74d338e3::DecryptedEndPoint@6605e24{l=/127.0.0.1:33437,r=/127.0.0.1:57202,OPEN,fill=-,flush=-,to=13/30000}
04:29:54.101 [qtp399373008-55] DEBUG org.eclipse.jetty.io.FillInterest - interested FillInterest@709d2091{AC.ReadCB@74d338e3{HttpConnection@74d338e3::DecryptedEndPoint@6605e24{l=/127.0.0.1:33437,r=/127.0.0.1:57202,OPEN,fill=FI,flush=-,to=0/30000}}}
04:29:54.101 [qtp399373008-55] DEBUG org.eclipse.jetty.io.ssl.SslConnection - >needFillInterest s=IDLE/IDLE uf=true ei=null di=null SslConnection@19f1fb9a::SocketChannelEndPoint@51fe53f7{l=/127.0.0.1:33437,r=/127.0.0.1:57202,OPEN,fill=-,flush=-,to=0/30000}{io=0/0,kio=0,kro=1}->SslConnection@19f1fb9a{NEED_UNWRAP,eio=-1/-1,di=-1,fill=IDLE,flush=IDLE}~>DecryptedEndPoint@6605e24{l=/127.0.0.1:33437,r=/127.0.0.1:57202,OPEN,fill=FI,flush=-,to=0/30000}=>HttpConnection@74d338e3[p=HttpParser{s=START,0 of -1},g=HttpGenerator@1d6417fe{s=START}]=>HttpChannelOverHttp@7e5417b4{s=HttpChannelState@2522d09c{s=IDLE rs=BLOCKING os=OPEN is=IDLE awp=false se=false i=true al=0},r=0,c=false/false,a=IDLE,uri=null,age=0}
04:29:54.101 [qtp399373008-55] DEBUG org.eclipse.jetty.io.ssl.SslConnection - <needFillInterest s=IDLE/INTERESTED f=false i=true w=null
04:29:54.101 [qtp399373008-55] DEBUG org.eclipse.jetty.io.ssl.SslConnection - ensureFillInterested SslConnection@19f1fb9a::SocketChannelEndPoint@51fe53f7{l=/127.0.0.1:33437,r=/127.0.0.1:57202,OPEN,fill=-,flush=-,to=0/30000}{io=0/0,kio=0,kro=1}->SslConnection@19f1fb9a{NEED_UNWRAP,eio=-1/-1,di=-1,fill=INTERESTED,flush=IDLE}~>DecryptedEndPoint@6605e24{l=/127.0.0.1:33437,r=/127.0.0.1:57202,OPEN,fill=FI,flush=-,to=0/30000}=>HttpConnection@74d338e3[p=HttpParser{s=START,0 of -1},g=HttpGenerator@1d6417fe{s=START}]=>HttpChannelOverHttp@7e5417b4{s=HttpChannelState@2522d09c{s=IDLE rs=BLOCKING os=OPEN is=IDLE awp=false se=false i=true al=0},r=0,c=false/false,a=IDLE,uri=null,age=0}
04:29:54.101 [qtp399373008-55] DEBUG org.eclipse.jetty.io.FillInterest - interested FillInterest@79b3a140{SSLC.NBReadCB@19f1fb9a{SslConnection@19f1fb9a::SocketChannelEndPoint@51fe53f7{l=/127.0.0.1:33437,r=/127.0.0.1:57202,OPEN,fill=FI,flush=-,to=0/30000}{io=0/0,kio=0,kro=1}->SslConnection@19f1fb9a{NEED_UNWRAP,eio=-1/-1,di=-1,fill=INTERESTED,flush=IDLE}~>DecryptedEndPoint@6605e24{l=/127.0.0.1:33437,r=/127.0.0.1:57202,OPEN,fill=FI,flush=-,to=0/30000}=>HttpConnection@74d338e3[p=HttpParser{s=START,0 of -1},g=HttpGenerator@1d6417fe{s=START}]=>HttpChannelOverHttp@7e5417b4{s=HttpChannelState@2522d09c{s=IDLE rs=BLOCKING os=OPEN is=IDLE awp=false se=false i=true al=0},r=0,c=false/false,a=IDLE,uri=null,age=0}}}
04:29:54.101 [qtp399373008-55] DEBUG org.eclipse.jetty.io.ChannelEndPoint - changeInterests p=false 0->1 for SocketChannelEndPoint@51fe53f7{l=/127.0.0.1:33437,r=/127.0.0.1:57202,OPEN,fill=FI,flush=-,to=0/30000}{io=0/1,kio=0,kro=1}->SslConnection@19f1fb9a{NEED_UNWRAP,eio=-1/-1,di=-1,fill=INTERESTED,flush=IDLE}~>DecryptedEndPoint@6605e24{l=/127.0.0.1:33437,r=/127.0.0.1:57202,OPEN,fill=FI,flush=-,to=0/30000}=>HttpConnection@74d338e3[p=HttpParser{s=START,0 of -1},g=HttpGenerator@1d6417fe{s=START}]=>HttpChannelOverHttp@7e5417b4{s=HttpChannelState@2522d09c{s=IDLE rs=BLOCKING os=OPEN is=IDLE awp=false se=false i=true al=0},r=0,c=false/false,a=IDLE,uri=null,age=0}
04:29:54.101 [qtp399373008-55] DEBUG org.eclipse.jetty.io.ManagedSelector - Queued change lazy=false org.eclipse.jetty.io.ChannelEndPoint$$Lambda$255/1126011505@6f08b8c7 on ManagedSelector@4e70a728{STARTED} id=0 keys=1 selected=0 updates=0
04:29:54.101 [qtp399373008-55] DEBUG org.eclipse.jetty.io.ManagedSelector - Wakeup on submit ManagedSelector@4e70a728{STARTED} id=0 keys=1 selected=0 updates=1
04:29:54.101 [qtp399373008-55] DEBUG org.eclipse.jetty.server.HttpConnection - HttpConnection@74d338e3::DecryptedEndPoint@6605e24{l=/127.0.0.1:33437,r=/127.0.0.1:57202,OPEN,fill=FI,flush=-,to=0/30000} onFillable exit HttpChannelState@2522d09c{s=IDLE rs=BLOCKING os=OPEN is=IDLE awp=false se=false i=true al=0} null
04:29:54.101 [qtp399373008-57] DEBUG org.eclipse.jetty.io.ManagedSelector - Selector sun.nio.ch.EPollSelectorImpl@5760edca woken with none selected
04:29:54.101 [qtp399373008-57] DEBUG org.eclipse.jetty.io.ManagedSelector - Selector sun.nio.ch.EPollSelectorImpl@5760edca woken up from select, 0/0/1 selected
04:29:54.101 [qtp399373008-57] DEBUG org.eclipse.jetty.io.ManagedSelector - Selector sun.nio.ch.EPollSelectorImpl@5760edca processing 0 keys, 1 updates
04:29:54.101 [qtp399373008-57] DEBUG org.eclipse.jetty.io.ManagedSelector - updateable 1
04:29:54.101 [qtp399373008-57] DEBUG org.eclipse.jetty.io.ManagedSelector - update org.eclipse.jetty.io.ChannelEndPoint$$Lambda$255/1126011505@6f08b8c7
04:29:54.101 [qtp399373008-55] DEBUG org.eclipse.jetty.io.ssl.SslConnection - <c.onFillable SslConnection@19f1fb9a::SocketChannelEndPoint@51fe53f7{l=/127.0.0.1:33437,r=/127.0.0.1:57202,OPEN,fill=FI,flush=-,to=0/30000}{io=0/1,kio=0,kro=1}->SslConnection@19f1fb9a{NEED_UNWRAP,eio=-1/-1,di=-1,fill=INTERESTED,flush=IDLE}~>DecryptedEndPoint@6605e24{l=/127.0.0.1:33437,r=/127.0.0.1:57202,OPEN,fill=FI,flush=-,to=0/30000}=>HttpConnection@74d338e3[p=HttpParser{s=START,0 of -1},g=HttpGenerator@1d6417fe{s=START}]=>HttpChannelOverHttp@7e5417b4{s=HttpChannelState@2522d09c{s=IDLE rs=BLOCKING os=OPEN is=IDLE awp=false se=false i=true al=0},r=0,c=false/false,a=IDLE,uri=null,age=0}
04:29:54.101 [qtp399373008-55] DEBUG org.eclipse.jetty.util.thread.QueuedThreadPool - ran org.eclipse.jetty.io.ManagedSelector$$Lambda$253/838473569@7fe7c640 in QueuedThreadPool[qtp399373008]@17cdf2d0{STARTED,8<=8<=200,i=1,r=-1,q=0}[ReservedThreadExecutor@424fd310{reserved=1/8,pending=0}]
04:29:54.102 [qtp399373008-57] DEBUG org.eclipse.jetty.io.ChannelEndPoint - Key interests updated 0 -> 1 on SocketChannelEndPoint@51fe53f7{l=/127.0.0.1:33437,r=/127.0.0.1:57202,OPEN,fill=FI,flush=-,to=0/30000}{io=1/1,kio=1,kro=1}->SslConnection@19f1fb9a{NEED_UNWRAP,eio=-1/-1,di=-1,fill=INTERESTED,flush=IDLE}~>DecryptedEndPoint@6605e24{l=/127.0.0.1:33437,r=/127.0.0.1:57202,OPEN,fill=FI,flush=-,to=1/30000}=>HttpConnection@74d338e3[p=HttpParser{s=START,0 of -1},g=HttpGenerator@1d6417fe{s=START}]=>HttpChannelOverHttp@7e5417b4{s=HttpChannelState@2522d09c{s=IDLE rs=BLOCKING os=OPEN is=IDLE awp=false se=false i=true al=0},r=0,c=false/false,a=IDLE,uri=null,age=0}
04:29:54.102 [qtp399373008-57] DEBUG org.eclipse.jetty.io.ManagedSelector - updates 0
04:29:54.102 [qtp399373008-57] DEBUG org.eclipse.jetty.io.ManagedSelector - Selector sun.nio.ch.EPollSelectorImpl@5760edca waiting with 1 keys
04:29:54.103 [qtp399373008-57] DEBUG org.eclipse.jetty.io.ManagedSelector - Selector sun.nio.ch.EPollSelectorImpl@5760edca woken up from select, 1/1/1 selected
04:29:54.103 [qtp399373008-57] DEBUG org.eclipse.jetty.io.ManagedSelector - Selector sun.nio.ch.EPollSelectorImpl@5760edca processing 1 keys, 0 updates
04:29:54.103 [qtp399373008-57] DEBUG org.eclipse.jetty.io.ManagedSelector - selected 1 sun.nio.ch.SelectionKeyImpl@59a70956 SocketChannelEndPoint@51fe53f7{l=/127.0.0.1:33437,r=/127.0.0.1:57202,OPEN,fill=FI,flush=-,to=2/30000}{io=1/1,kio=1,kro=1}->SslConnection@19f1fb9a{NEED_UNWRAP,eio=-1/-1,di=-1,fill=INTERESTED,flush=IDLE}~>DecryptedEndPoint@6605e24{l=/127.0.0.1:33437,r=/127.0.0.1:57202,OPEN,fill=FI,flush=-,to=2/30000}=>HttpConnection@74d338e3[p=HttpParser{s=START,0 of -1},g=HttpGenerator@1d6417fe{s=START}]=>HttpChannelOverHttp@7e5417b4{s=HttpChannelState@2522d09c{s=IDLE rs=BLOCKING os=OPEN is=IDLE awp=false se=false i=true al=0},r=0,c=false/false,a=IDLE,uri=null,age=0} 
04:29:54.104 [qtp399373008-57] DEBUG org.eclipse.jetty.io.ChannelEndPoint - onSelected 1->0 r=true w=false for SocketChannelEndPoint@51fe53f7{l=/127.0.0.1:33437,r=/127.0.0.1:57202,OPEN,fill=FI,flush=-,to=2/30000}{io=1/0,kio=1,kro=1}->SslConnection@19f1fb9a{NEED_UNWRAP,eio=-1/-1,di=-1,fill=INTERESTED,flush=IDLE}~>DecryptedEndPoint@6605e24{l=/127.0.0.1:33437,r=/127.0.0.1:57202,OPEN,fill=FI,flush=-,to=2/30000}=>HttpConnection@74d338e3[p=HttpParser{s=START,0 of -1},g=HttpGenerator@1d6417fe{s=START}]=>HttpChannelOverHttp@7e5417b4{s=HttpChannelState@2522d09c{s=IDLE rs=BLOCKING os=OPEN is=IDLE awp=false se=false i=true al=0},r=0,c=false/false,a=IDLE,uri=null,age=0}
04:29:54.104 [qtp399373008-57] DEBUG org.eclipse.jetty.io.ChannelEndPoint - task CEP:SocketChannelEndPoint@51fe53f7{l=/127.0.0.1:33437,r=/127.0.0.1:57202,OPEN,fill=FI,flush=-,to=2/30000}{io=1/0,kio=1,kro=1}->SslConnection@19f1fb9a{NEED_UNWRAP,eio=-1/-1,di=-1,fill=INTERESTED,flush=IDLE}~>DecryptedEndPoint@6605e24{l=/127.0.0.1:33437,r=/127.0.0.1:57202,OPEN,fill=FI,flush=-,to=2/30000}=>HttpConnection@74d338e3[p=HttpParser{s=START,0 of -1},g=HttpGenerator@1d6417fe{s=START}]=>HttpChannelOverHttp@7e5417b4{s=HttpChannelState@2522d09c{s=IDLE rs=BLOCKING os=OPEN is=IDLE awp=false se=false i=true al=0},r=0,c=false/false,a=IDLE,uri=null,age=0}:runFillable:BLOCKING
04:29:54.104 [qtp399373008-57] DEBUG org.eclipse.jetty.util.thread.ReservedThreadExecutor - ReservedThreadExecutor@424fd310{reserved=1/8,pending=0} tryExecute EatWhatYouKill@4e858e0a/SelectorProducer@435fb7b5/PRODUCING/p=false/QueuedThreadPool[qtp399373008]@17cdf2d0{STARTED,8<=8<=200,i=2,r=-1,q=0}[ReservedThreadExecutor@424fd310{reserved=1/8,pending=0}][pc=0,pic=0,pec=0,epc=1]@2024-05-02T04:29:54.104+01:00
04:29:54.104 [qtp399373008-57] DEBUG org.eclipse.jetty.util.thread.ReservedThreadExecutor - ReservedThreadExecutor@424fd310{reserved=0/8,pending=1} startReservedThread p=1
04:29:54.104 [qtp399373008-57] DEBUG org.eclipse.jetty.util.thread.QueuedThreadPool - queue ReservedThread@3e6e4d41{PENDING,thread=null} startThread=0
04:29:54.104 [qtp399373008-59] DEBUG org.eclipse.jetty.util.thread.QueuedThreadPool - run ReservedThread@3e6e4d41{PENDING,thread=null} in QueuedThreadPool[qtp399373008]@17cdf2d0{STARTED,8<=8<=200,i=1,r=-1,q=0}[ReservedThreadExecutor@424fd310{reserved=0/8,pending=1}]
04:29:54.104 [qtp399373008-59] DEBUG org.eclipse.jetty.util.thread.ReservedThreadExecutor - ReservedThread@3e6e4d41{PENDING,thread=Thread[qtp399373008-59,5,main]} was=PENDING next=RESERVED size=0+1 capacity=8
04:29:54.104 [qtp399373008-59] DEBUG org.eclipse.jetty.util.thread.ReservedThreadExecutor - ReservedThread@3e6e4d41{RESERVED,thread=Thread[qtp399373008-59,5,main]} waiting ReservedThreadExecutor@424fd310{reserved=1/8,pending=0}
04:29:54.104 [qtp399373008-58] DEBUG org.eclipse.jetty.util.thread.ReservedThreadExecutor - ReservedThread@66ba7cba{RESERVED,thread=Thread[qtp399373008-58,5,main]} task=EatWhatYouKill@4e858e0a/SelectorProducer@435fb7b5/IDLE/p=true/QueuedThreadPool[qtp399373008]@17cdf2d0{STARTED,8<=8<=200,i=1,r=-1,q=0}[ReservedThreadExecutor@424fd310{reserved=0/8,pending=1}][pc=0,pic=0,pec=0,epc=1]@2024-05-02T04:29:54.104+01:00 ReservedThreadExecutor@424fd310{reserved=1/8,pending=0}
04:29:54.104 [qtp399373008-58] DEBUG org.eclipse.jetty.util.thread.strategy.EatWhatYouKill - EatWhatYouKill@4e858e0a/SelectorProducer@435fb7b5/IDLE/p=true/QueuedThreadPool[qtp399373008]@17cdf2d0{STARTED,8<=8<=200,i=1,r=-1,q=0}[ReservedThreadExecutor@424fd310{reserved=1/8,pending=0}][pc=0,pic=0,pec=0,epc=1]@2024-05-02T04:29:54.104+01:00 tryProduce true
04:29:54.104 [qtp399373008-57] DEBUG org.eclipse.jetty.util.thread.strategy.EatWhatYouKill - EatWhatYouKill@4e858e0a/SelectorProducer@435fb7b5/IDLE/p=true/QueuedThreadPool[qtp399373008]@17cdf2d0{STARTED,8<=8<=200,i=1,r=-1,q=0}[ReservedThreadExecutor@424fd310{reserved=1/8,pending=0}][pc=0,pic=0,pec=0,epc=1]@2024-05-02T04:29:54.104+01:00 m=EXECUTE_PRODUCE_CONSUME t=CEP:SocketChannelEndPoint@51fe53f7{l=/127.0.0.1:33437,r=/127.0.0.1:57202,OPEN,fill=FI,flush=-,to=3/30000}{io=1/0,kio=1,kro=1}->SslConnection@19f1fb9a{NEED_UNWRAP,eio=-1/-1,di=-1,fill=INTERESTED,flush=IDLE}~>DecryptedEndPoint@6605e24{l=/127.0.0.1:33437,r=/127.0.0.1:57202,OPEN,fill=FI,flush=-,to=3/30000}=>HttpConnection@74d338e3[p=HttpParser{s=START,0 of -1},g=HttpGenerator@1d6417fe{s=START}]=>HttpChannelOverHttp@7e5417b4{s=HttpChannelState@2522d09c{s=IDLE rs=BLOCKING os=OPEN is=IDLE awp=false se=false i=true al=0},r=0,c=false/false,a=IDLE,uri=null,age=0}:runFillable:BLOCKING/BLOCKING
04:29:54.104 [qtp399373008-58] DEBUG org.eclipse.jetty.io.ManagedSelector - updateable 0
04:29:54.104 [qtp399373008-58] DEBUG org.eclipse.jetty.io.ManagedSelector - updates 0
04:29:54.104 [qtp399373008-57] DEBUG org.eclipse.jetty.io.FillInterest - fillable FillInterest@79b3a140{SSLC.NBReadCB@19f1fb9a{SslConnection@19f1fb9a::SocketChannelEndPoint@51fe53f7{l=/127.0.0.1:33437,r=/127.0.0.1:57202,OPEN,fill=FI,flush=-,to=3/30000}{io=1/0,kio=1,kro=1}->SslConnection@19f1fb9a{NEED_UNWRAP,eio=-1/-1,di=-1,fill=INTERESTED,flush=IDLE}~>DecryptedEndPoint@6605e24{l=/127.0.0.1:33437,r=/127.0.0.1:57202,OPEN,fill=FI,flush=-,to=3/30000}=>HttpConnection@74d338e3[p=HttpParser{s=START,0 of -1},g=HttpGenerator@1d6417fe{s=START}]=>HttpChannelOverHttp@7e5417b4{s=HttpChannelState@2522d09c{s=IDLE rs=BLOCKING os=OPEN is=IDLE awp=false se=false i=true al=0},r=0,c=false/false,a=IDLE,uri=null,age=0}}}
04:29:54.104 [qtp399373008-58] DEBUG org.eclipse.jetty.io.ChannelEndPoint - Key interests updated 1 -> 0 on SocketChannelEndPoint@51fe53f7{l=/127.0.0.1:33437,r=/127.0.0.1:57202,OPEN,fill=FI,flush=-,to=3/30000}{io=0/0,kio=0,kro=1}->SslConnection@19f1fb9a{NEED_UNWRAP,eio=-1/-1,di=-1,fill=INTERESTED,flush=IDLE}~>DecryptedEndPoint@6605e24{l=/127.0.0.1:33437,r=/127.0.0.1:57202,OPEN,fill=FI,flush=-,to=3/30000}=>HttpConnection@74d338e3[p=HttpParser{s=START,0 of -1},g=HttpGenerator@1d6417fe{s=START}]=>HttpChannelOverHttp@7e5417b4{s=HttpChannelState@2522d09c{s=IDLE rs=BLOCKING os=OPEN is=IDLE awp=false se=false i=true al=0},r=0,c=false/false,a=IDLE,uri=null,age=0}
04:29:54.104 [qtp399373008-58] DEBUG org.eclipse.jetty.io.ManagedSelector - Selector sun.nio.ch.EPollSelectorImpl@5760edca waiting with 1 keys
04:29:54.104 [qtp399373008-57] DEBUG org.eclipse.jetty.io.ssl.SslConnection - >c.onFillable SslConnection@19f1fb9a::SocketChannelEndPoint@51fe53f7{l=/127.0.0.1:33437,r=/127.0.0.1:57202,OPEN,fill=-,flush=-,to=3/30000}{io=0/0,kio=0,kro=1}->SslConnection@19f1fb9a{NEED_UNWRAP,eio=-1/-1,di=-1,fill=INTERESTED,flush=IDLE}~>DecryptedEndPoint@6605e24{l=/127.0.0.1:33437,r=/127.0.0.1:57202,OPEN,fill=FI,flush=-,to=3/30000}=>HttpConnection@74d338e3[p=HttpParser{s=START,0 of -1},g=HttpGenerator@1d6417fe{s=START}]=>HttpChannelOverHttp@7e5417b4{s=HttpChannelState@2522d09c{s=IDLE rs=BLOCKING os=OPEN is=IDLE awp=false se=false i=true al=0},r=0,c=false/false,a=IDLE,uri=null,age=0}
04:29:54.104 [qtp399373008-57] DEBUG org.eclipse.jetty.io.ssl.SslConnection - onFillable SslConnection@19f1fb9a::SocketChannelEndPoint@51fe53f7{l=/127.0.0.1:33437,r=/127.0.0.1:57202,OPEN,fill=-,flush=-,to=3/30000}{io=0/0,kio=0,kro=1}->SslConnection@19f1fb9a{NEED_UNWRAP,eio=-1/-1,di=-1,fill=INTERESTED,flush=IDLE}~>DecryptedEndPoint@6605e24{l=/127.0.0.1:33437,r=/127.0.0.1:57202,OPEN,fill=FI,flush=-,to=3/30000}=>HttpConnection@74d338e3[p=HttpParser{s=START,0 of -1},g=HttpGenerator@1d6417fe{s=START}]=>HttpChannelOverHttp@7e5417b4{s=HttpChannelState@2522d09c{s=IDLE rs=BLOCKING os=OPEN is=IDLE awp=false se=false i=true al=0},r=0,c=false/false,a=IDLE,uri=null,age=0}
04:29:54.105 [qtp399373008-57] DEBUG org.eclipse.jetty.io.FillInterest - fillable FillInterest@709d2091{AC.ReadCB@74d338e3{HttpConnection@74d338e3::DecryptedEndPoint@6605e24{l=/127.0.0.1:33437,r=/127.0.0.1:57202,OPEN,fill=FI,flush=-,to=3/30000}}}
04:29:54.105 [qtp399373008-57] DEBUG org.eclipse.jetty.server.HttpConnection - HttpConnection@74d338e3::DecryptedEndPoint@6605e24{l=/127.0.0.1:33437,r=/127.0.0.1:57202,OPEN,fill=-,flush=-,to=3/30000} onFillable enter HttpChannelState@2522d09c{s=IDLE rs=BLOCKING os=OPEN is=IDLE awp=false se=false i=true al=0} null
04:29:54.105 [qtp399373008-57] DEBUG org.eclipse.jetty.io.ssl.SslConnection - >fill SslConnection@19f1fb9a::SocketChannelEndPoint@51fe53f7{l=/127.0.0.1:33437,r=/127.0.0.1:57202,OPEN,fill=-,flush=-,to=3/30000}{io=0/0,kio=0,kro=1}->SslConnection@19f1fb9a{NEED_UNWRAP,eio=-1/-1,di=-1,fill=IDLE,flush=IDLE}~>DecryptedEndPoint@6605e24{l=/127.0.0.1:33437,r=/127.0.0.1:57202,OPEN,fill=-,flush=-,to=3/30000}=>HttpConnection@74d338e3[p=HttpParser{s=START,0 of -1},g=HttpGenerator@1d6417fe{s=START}]=>HttpChannelOverHttp@7e5417b4{s=HttpChannelState@2522d09c{s=IDLE rs=BLOCKING os=OPEN is=IDLE awp=false se=false i=true al=0},r=0,c=false/false,a=IDLE,uri=null,age=0}
04:29:54.105 [qtp399373008-57] DEBUG org.eclipse.jetty.io.ssl.SslConnection - fill NEED_UNWRAP
04:29:54.105 [qtp399373008-57] DEBUG org.eclipse.jetty.io.ChannelEndPoint - filled 6 HeapByteBuffer@60af7bcf[p=0,l=6,c=17408,r=6]={<<<\x14\x03\x03\x00\x01\x01>>>\xF1\n\xB9a\x19\x0f\xE3>k...\x00\x00\x00\x00\x00\x00\x00}
04:29:54.105 [qtp399373008-57] DEBUG org.eclipse.jetty.io.ssl.SslConnection - net filled=6
04:29:54.105 [qtp399373008-57] DEBUG org.eclipse.jetty.io.ssl.SslConnection - unwrap net_filled=6 Status = OK HandshakeStatus = NEED_UNWRAP bytesConsumed = 6 bytesProduced = 0 encryptedBuffer=[p=6,l=6,c=17408,r=0] unwrapBuffer=HeapByteBuffer@6a5710bf[p=0,l=0,c=17408,r=0]={<<<>>>\x16\x03\x03\x01N\x01\x00\x01J...\x00\x00\x00\x00\x00\x00\x00} appBuffer=HeapByteBuffer@6a5710bf[p=0,l=0,c=17408,r=0]={<<<>>>\x16\x03\x03\x01N\x01\x00\x01J...\x00\x00\x00\x00\x00\x00\x00}
04:29:54.105 [qtp399373008-57] DEBUG org.eclipse.jetty.io.ssl.SslConnection - fill NEED_UNWRAP
04:29:54.105 [qtp399373008-57] DEBUG org.eclipse.jetty.io.ChannelEndPoint - filled 0 HeapByteBuffer@60af7bcf[p=0,l=0,c=17408,r=0]={<<<>>>\x14\x03\x03\x00\x01\x01\xF1\n\xB9...\x00\x00\x00\x00\x00\x00\x00}
04:29:54.105 [qtp399373008-57] DEBUG org.eclipse.jetty.io.ssl.SslConnection - net filled=0
04:29:54.105 [qtp399373008-57] DEBUG org.eclipse.jetty.io.ssl.SslConnection - unwrap net_filled=0 Status = BUFFER_UNDERFLOW HandshakeStatus = NEED_UNWRAP bytesConsumed = 0 bytesProduced = 0 encryptedBuffer=[p=0,l=0,c=17408,r=0] unwrapBuffer=HeapByteBuffer@6a5710bf[p=0,l=0,c=17408,r=0]={<<<>>>\x16\x03\x03\x01N\x01\x00\x01J...\x00\x00\x00\x00\x00\x00\x00} appBuffer=HeapByteBuffer@6a5710bf[p=0,l=0,c=17408,r=0]={<<<>>>\x16\x03\x03\x01N\x01\x00\x01J...\x00\x00\x00\x00\x00\x00\x00}
04:29:54.106 [qtp399373008-57] DEBUG org.eclipse.jetty.io.ssl.SslConnection - <fill f=0 uf=true SslConnection@19f1fb9a::SocketChannelEndPoint@51fe53f7{l=/127.0.0.1:33437,r=/127.0.0.1:57202,OPEN,fill=-,flush=-,to=0/30000}{io=0/0,kio=0,kro=1}->SslConnection@19f1fb9a{NEED_UNWRAP,eio=-1/-1,di=-1,fill=IDLE,flush=IDLE}~>DecryptedEndPoint@6605e24{l=/127.0.0.1:33437,r=/127.0.0.1:57202,OPEN,fill=-,flush=-,to=4/30000}=>HttpConnection@74d338e3[p=HttpParser{s=START,0 of -1},g=HttpGenerator@1d6417fe{s=START}]=>HttpChannelOverHttp@7e5417b4{s=HttpChannelState@2522d09c{s=IDLE rs=BLOCKING os=OPEN is=IDLE awp=false se=false i=true al=0},r=0,c=false/false,a=IDLE,uri=null,age=0}
04:29:54.106 [qtp399373008-57] DEBUG org.eclipse.jetty.io.ssl.SslConnection - >fill SslConnection@19f1fb9a::SocketChannelEndPoint@51fe53f7{l=/127.0.0.1:33437,r=/127.0.0.1:57202,OPEN,fill=-,flush=-,to=0/30000}{io=0/0,kio=0,kro=1}->SslConnection@19f1fb9a{NEED_UNWRAP,eio=-1/-1,di=-1,fill=IDLE,flush=IDLE}~>DecryptedEndPoint@6605e24{l=/127.0.0.1:33437,r=/127.0.0.1:57202,OPEN,fill=-,flush=-,to=4/30000}=>HttpConnection@74d338e3[p=HttpParser{s=START,0 of -1},g=HttpGenerator@1d6417fe{s=START}]=>HttpChannelOverHttp@7e5417b4{s=HttpChannelState@2522d09c{s=IDLE rs=BLOCKING os=OPEN is=IDLE awp=false se=false i=true al=0},r=0,c=false/false,a=IDLE,uri=null,age=0}
04:29:54.106 [qtp399373008-57] DEBUG org.eclipse.jetty.io.ssl.SslConnection - fill NEED_UNWRAP
04:29:54.106 [qtp399373008-57] DEBUG org.eclipse.jetty.io.ChannelEndPoint - filled 0 HeapByteBuffer@6e6899aa[p=0,l=0,c=17408,r=0]={<<<>>>\x17\x03\x03\x00\xC9\xC7\xE1\xA8\xD9...\x00\x00\x00\x00\x00\x00\x00}
04:29:54.106 [qtp399373008-57] DEBUG org.eclipse.jetty.io.ssl.SslConnection - net filled=0
04:29:54.106 [qtp399373008-57] DEBUG org.eclipse.jetty.io.ssl.SslConnection - unwrap net_filled=0 Status = BUFFER_UNDERFLOW HandshakeStatus = NEED_UNWRAP bytesConsumed = 0 bytesProduced = 0 encryptedBuffer=[p=0,l=0,c=17408,r=0] unwrapBuffer=HeapByteBuffer@6a5710bf[p=0,l=0,c=17408,r=0]={<<<>>>\x16\x03\x03\x01N\x01\x00\x01J...\x00\x00\x00\x00\x00\x00\x00} appBuffer=HeapByteBuffer@6a5710bf[p=0,l=0,c=17408,r=0]={<<<>>>\x16\x03\x03\x01N\x01\x00\x01J...\x00\x00\x00\x00\x00\x00\x00}
04:29:54.106 [qtp399373008-57] DEBUG org.eclipse.jetty.io.ssl.SslConnection - <fill f=0 uf=true SslConnection@19f1fb9a::SocketChannelEndPoint@51fe53f7{l=/127.0.0.1:33437,r=/127.0.0.1:57202,OPEN,fill=-,flush=-,to=0/30000}{io=0/0,kio=0,kro=1}->SslConnection@19f1fb9a{NEED_UNWRAP,eio=-1/-1,di=-1,fill=IDLE,flush=IDLE}~>DecryptedEndPoint@6605e24{l=/127.0.0.1:33437,r=/127.0.0.1:57202,OPEN,fill=-,flush=-,to=5/30000}=>HttpConnection@74d338e3[p=HttpParser{s=START,0 of -1},g=HttpGenerator@1d6417fe{s=START}]=>HttpChannelOverHttp@7e5417b4{s=HttpChannelState@2522d09c{s=IDLE rs=BLOCKING os=OPEN is=IDLE awp=false se=false i=true al=0},r=0,c=false/false,a=IDLE,uri=null,age=0}
04:29:54.106 [qtp399373008-57] DEBUG org.eclipse.jetty.server.HttpConnection - HttpConnection@74d338e3::DecryptedEndPoint@6605e24{l=/127.0.0.1:33437,r=/127.0.0.1:57202,OPEN,fill=-,flush=-,to=5/30000} filled 0 HeapByteBuffer@6a5710bf[p=0,l=0,c=17408,r=0]={<<<>>>\x16\x03\x03\x01N\x01\x00\x01J...\x00\x00\x00\x00\x00\x00\x00}
04:29:54.106 [qtp399373008-57] DEBUG org.eclipse.jetty.server.HttpConnection - HttpConnection@74d338e3::DecryptedEndPoint@6605e24{l=/127.0.0.1:33437,r=/127.0.0.1:57202,OPEN,fill=-,flush=-,to=5/30000} parse HeapByteBuffer@6a5710bf[p=0,l=0,c=17408,r=0]={<<<>>>\x16\x03\x03\x01N\x01\x00\x01J...\x00\x00\x00\x00\x00\x00\x00} {}
04:29:54.106 [qtp399373008-57] DEBUG org.eclipse.jetty.http.HttpParser - parseNext s=START HeapByteBuffer@6a5710bf[p=0,l=0,c=17408,r=0]={<<<>>>\x16\x03\x03\x01N\x01\x00\x01J...\x00\x00\x00\x00\x00\x00\x00}
04:29:54.106 [qtp399373008-57] DEBUG org.eclipse.jetty.server.HttpConnection - HttpConnection@74d338e3::DecryptedEndPoint@6605e24{l=/127.0.0.1:33437,r=/127.0.0.1:57202,OPEN,fill=-,flush=-,to=5/30000} parsed false HttpParser{s=START,0 of -1}
04:29:54.106 [qtp399373008-57] DEBUG org.eclipse.jetty.server.HttpConnection - releaseRequestBuffer HttpConnection@74d338e3::DecryptedEndPoint@6605e24{l=/127.0.0.1:33437,r=/127.0.0.1:57202,OPEN,fill=-,flush=-,to=5/30000}
04:29:54.106 [qtp399373008-57] DEBUG org.eclipse.jetty.io.AbstractConnection - fillInterested HttpConnection@74d338e3::DecryptedEndPoint@6605e24{l=/127.0.0.1:33437,r=/127.0.0.1:57202,OPEN,fill=-,flush=-,to=5/30000}
04:29:54.106 [qtp399373008-57] DEBUG org.eclipse.jetty.io.FillInterest - interested FillInterest@709d2091{AC.ReadCB@74d338e3{HttpConnection@74d338e3::DecryptedEndPoint@6605e24{l=/127.0.0.1:33437,r=/127.0.0.1:57202,OPEN,fill=FI,flush=-,to=0/30000}}}
04:29:54.106 [qtp399373008-57] DEBUG org.eclipse.jetty.io.ssl.SslConnection - >needFillInterest s=IDLE/IDLE uf=true ei=null di=null SslConnection@19f1fb9a::SocketChannelEndPoint@51fe53f7{l=/127.0.0.1:33437,r=/127.0.0.1:57202,OPEN,fill=-,flush=-,to=0/30000}{io=0/0,kio=0,kro=1}->SslConnection@19f1fb9a{NEED_UNWRAP,eio=-1/-1,di=-1,fill=IDLE,flush=IDLE}~>DecryptedEndPoint@6605e24{l=/127.0.0.1:33437,r=/127.0.0.1:57202,OPEN,fill=FI,flush=-,to=0/30000}=>HttpConnection@74d338e3[p=HttpParser{s=START,0 of -1},g=HttpGenerator@1d6417fe{s=START}]=>HttpChannelOverHttp@7e5417b4{s=HttpChannelState@2522d09c{s=IDLE rs=BLOCKING os=OPEN is=IDLE awp=false se=false i=true al=0},r=0,c=false/false,a=IDLE,uri=null,age=0}
04:29:54.106 [qtp399373008-57] DEBUG org.eclipse.jetty.io.ssl.SslConnection - <needFillInterest s=IDLE/INTERESTED f=false i=true w=null
04:29:54.106 [qtp399373008-57] DEBUG org.eclipse.jetty.io.ssl.SslConnection - ensureFillInterested SslConnection@19f1fb9a::SocketChannelEndPoint@51fe53f7{l=/127.0.0.1:33437,r=/127.0.0.1:57202,OPEN,fill=-,flush=-,to=0/30000}{io=0/0,kio=0,kro=1}->SslConnection@19f1fb9a{NEED_UNWRAP,eio=-1/-1,di=-1,fill=INTERESTED,flush=IDLE}~>DecryptedEndPoint@6605e24{l=/127.0.0.1:33437,r=/127.0.0.1:57202,OPEN,fill=FI,flush=-,to=0/30000}=>HttpConnection@74d338e3[p=HttpParser{s=START,0 of -1},g=HttpGenerator@1d6417fe{s=START}]=>HttpChannelOverHttp@7e5417b4{s=HttpChannelState@2522d09c{s=IDLE rs=BLOCKING os=OPEN is=IDLE awp=false se=false i=true al=0},r=0,c=false/false,a=IDLE,uri=null,age=0}
04:29:54.106 [qtp399373008-57] DEBUG org.eclipse.jetty.io.FillInterest - interested FillInterest@79b3a140{SSLC.NBReadCB@19f1fb9a{SslConnection@19f1fb9a::SocketChannelEndPoint@51fe53f7{l=/127.0.0.1:33437,r=/127.0.0.1:57202,OPEN,fill=FI,flush=-,to=0/30000}{io=0/0,kio=0,kro=1}->SslConnection@19f1fb9a{NEED_UNWRAP,eio=-1/-1,di=-1,fill=INTERESTED,flush=IDLE}~>DecryptedEndPoint@6605e24{l=/127.0.0.1:33437,r=/127.0.0.1:57202,OPEN,fill=FI,flush=-,to=0/30000}=>HttpConnection@74d338e3[p=HttpParser{s=START,0 of -1},g=HttpGenerator@1d6417fe{s=START}]=>HttpChannelOverHttp@7e5417b4{s=HttpChannelState@2522d09c{s=IDLE rs=BLOCKING os=OPEN is=IDLE awp=false se=false i=true al=0},r=0,c=false/false,a=IDLE,uri=null,age=0}}}
04:29:54.106 [qtp399373008-57] DEBUG org.eclipse.jetty.io.ChannelEndPoint - changeInterests p=false 0->1 for SocketChannelEndPoint@51fe53f7{l=/127.0.0.1:33437,r=/127.0.0.1:57202,OPEN,fill=FI,flush=-,to=0/30000}{io=0/1,kio=0,kro=1}->SslConnection@19f1fb9a{NEED_UNWRAP,eio=-1/-1,di=-1,fill=INTERESTED,flush=IDLE}~>DecryptedEndPoint@6605e24{l=/127.0.0.1:33437,r=/127.0.0.1:57202,OPEN,fill=FI,flush=-,to=0/30000}=>HttpConnection@74d338e3[p=HttpParser{s=START,0 of -1},g=HttpGenerator@1d6417fe{s=START}]=>HttpChannelOverHttp@7e5417b4{s=HttpChannelState@2522d09c{s=IDLE rs=BLOCKING os=OPEN is=IDLE awp=false se=false i=true al=0},r=0,c=false/false,a=IDLE,uri=null,age=0}
04:29:54.106 [qtp399373008-57] DEBUG org.eclipse.jetty.io.ManagedSelector - Queued change lazy=false org.eclipse.jetty.io.ChannelEndPoint$$Lambda$255/1126011505@6f08b8c7 on ManagedSelector@4e70a728{STARTED} id=0 keys=1 selected=0 updates=0
04:29:54.106 [qtp399373008-57] DEBUG org.eclipse.jetty.io.ManagedSelector - Wakeup on submit ManagedSelector@4e70a728{STARTED} id=0 keys=1 selected=0 updates=1
04:29:54.106 [qtp399373008-57] DEBUG org.eclipse.jetty.server.HttpConnection - HttpConnection@74d338e3::DecryptedEndPoint@6605e24{l=/127.0.0.1:33437,r=/127.0.0.1:57202,OPEN,fill=FI,flush=-,to=0/30000} onFillable exit HttpChannelState@2522d09c{s=IDLE rs=BLOCKING os=OPEN is=IDLE awp=false se=false i=true al=0} null
04:29:54.106 [qtp399373008-58] DEBUG org.eclipse.jetty.io.ManagedSelector - Selector sun.nio.ch.EPollSelectorImpl@5760edca woken with none selected
04:29:54.106 [qtp399373008-58] DEBUG org.eclipse.jetty.io.ManagedSelector - Selector sun.nio.ch.EPollSelectorImpl@5760edca woken up from select, 0/0/1 selected
04:29:54.106 [qtp399373008-57] DEBUG org.eclipse.jetty.io.ssl.SslConnection - <c.onFillable SslConnection@19f1fb9a::SocketChannelEndPoint@51fe53f7{l=/127.0.0.1:33437,r=/127.0.0.1:57202,OPEN,fill=FI,flush=-,to=0/30000}{io=0/1,kio=0,kro=1}->SslConnection@19f1fb9a{NEED_UNWRAP,eio=-1/-1,di=-1,fill=INTERESTED,flush=IDLE}~>DecryptedEndPoint@6605e24{l=/127.0.0.1:33437,r=/127.0.0.1:57202,OPEN,fill=FI,flush=-,to=0/30000}=>HttpConnection@74d338e3[p=HttpParser{s=START,0 of -1},g=HttpGenerator@1d6417fe{s=START}]=>HttpChannelOverHttp@7e5417b4{s=HttpChannelState@2522d09c{s=IDLE rs=BLOCKING os=OPEN is=IDLE awp=false se=false i=true al=0},r=0,c=false/false,a=IDLE,uri=null,age=0}
04:29:54.106 [qtp399373008-58] DEBUG org.eclipse.jetty.io.ManagedSelector - Selector sun.nio.ch.EPollSelectorImpl@5760edca processing 0 keys, 1 updates
04:29:54.106 [qtp399373008-58] DEBUG org.eclipse.jetty.io.ManagedSelector - updateable 1
04:29:54.106 [qtp399373008-57] DEBUG org.eclipse.jetty.util.thread.ReservedThreadExecutor - ReservedThread@76f4269{RUNNING,thread=Thread[qtp399373008-57,5,main]} was=RUNNING next=RESERVED size=0+2 capacity=8
04:29:54.106 [qtp399373008-58] DEBUG org.eclipse.jetty.io.ManagedSelector - update org.eclipse.jetty.io.ChannelEndPoint$$Lambda$255/1126011505@6f08b8c7
04:29:54.106 [qtp399373008-57] DEBUG org.eclipse.jetty.util.thread.ReservedThreadExecutor - ReservedThread@76f4269{RESERVED,thread=Thread[qtp399373008-57,5,main]} waiting ReservedThreadExecutor@424fd310{reserved=2/8,pending=0}
04:29:54.107 [qtp399373008-58] DEBUG org.eclipse.jetty.io.ChannelEndPoint - Key interests updated 0 -> 1 on SocketChannelEndPoint@51fe53f7{l=/127.0.0.1:33437,r=/127.0.0.1:57202,OPEN,fill=FI,flush=-,to=0/30000}{io=1/1,kio=1,kro=1}->SslConnection@19f1fb9a{NEED_UNWRAP,eio=-1/-1,di=-1,fill=INTERESTED,flush=IDLE}~>DecryptedEndPoint@6605e24{l=/127.0.0.1:33437,r=/127.0.0.1:57202,OPEN,fill=FI,flush=-,to=0/30000}=>HttpConnection@74d338e3[p=HttpParser{s=START,0 of -1},g=HttpGenerator@1d6417fe{s=START}]=>HttpChannelOverHttp@7e5417b4{s=HttpChannelState@2522d09c{s=IDLE rs=BLOCKING os=OPEN is=IDLE awp=false se=false i=true al=0},r=0,c=false/false,a=IDLE,uri=null,age=0}
04:29:54.107 [qtp399373008-58] DEBUG org.eclipse.jetty.io.ManagedSelector - updates 0
04:29:54.107 [qtp399373008-58] DEBUG org.eclipse.jetty.io.ManagedSelector - Selector sun.nio.ch.EPollSelectorImpl@5760edca waiting with 1 keys
04:29:54.145 [qtp399373008-58] DEBUG org.eclipse.jetty.io.ManagedSelector - Selector sun.nio.ch.EPollSelectorImpl@5760edca woken up from select, 1/1/1 selected
04:29:54.145 [qtp399373008-58] DEBUG org.eclipse.jetty.io.ManagedSelector - Selector sun.nio.ch.EPollSelectorImpl@5760edca processing 1 keys, 0 updates
04:29:54.145 [qtp399373008-58] DEBUG org.eclipse.jetty.io.ManagedSelector - selected 1 sun.nio.ch.SelectionKeyImpl@59a70956 SocketChannelEndPoint@51fe53f7{l=/127.0.0.1:33437,r=/127.0.0.1:57202,OPEN,fill=FI,flush=-,to=38/30000}{io=1/1,kio=1,kro=1}->SslConnection@19f1fb9a{NEED_UNWRAP,eio=-1/-1,di=-1,fill=INTERESTED,flush=IDLE}~>DecryptedEndPoint@6605e24{l=/127.0.0.1:33437,r=/127.0.0.1:57202,OPEN,fill=FI,flush=-,to=38/30000}=>HttpConnection@74d338e3[p=HttpParser{s=START,0 of -1},g=HttpGenerator@1d6417fe{s=START}]=>HttpChannelOverHttp@7e5417b4{s=HttpChannelState@2522d09c{s=IDLE rs=BLOCKING os=OPEN is=IDLE awp=false se=false i=true al=0},r=0,c=false/false,a=IDLE,uri=null,age=0} 
04:29:54.145 [qtp399373008-58] DEBUG org.eclipse.jetty.io.ChannelEndPoint - onSelected 1->0 r=true w=false for SocketChannelEndPoint@51fe53f7{l=/127.0.0.1:33437,r=/127.0.0.1:57202,OPEN,fill=FI,flush=-,to=38/30000}{io=1/0,kio=1,kro=1}->SslConnection@19f1fb9a{NEED_UNWRAP,eio=-1/-1,di=-1,fill=INTERESTED,flush=IDLE}~>DecryptedEndPoint@6605e24{l=/127.0.0.1:33437,r=/127.0.0.1:57202,OPEN,fill=FI,flush=-,to=38/30000}=>HttpConnection@74d338e3[p=HttpParser{s=START,0 of -1},g=HttpGenerator@1d6417fe{s=START}]=>HttpChannelOverHttp@7e5417b4{s=HttpChannelState@2522d09c{s=IDLE rs=BLOCKING os=OPEN is=IDLE awp=false se=false i=true al=0},r=0,c=false/false,a=IDLE,uri=null,age=0}
04:29:54.145 [qtp399373008-58] DEBUG org.eclipse.jetty.io.ChannelEndPoint - task CEP:SocketChannelEndPoint@51fe53f7{l=/127.0.0.1:33437,r=/127.0.0.1:57202,OPEN,fill=FI,flush=-,to=38/30000}{io=1/0,kio=1,kro=1}->SslConnection@19f1fb9a{NEED_UNWRAP,eio=-1/-1,di=-1,fill=INTERESTED,flush=IDLE}~>DecryptedEndPoint@6605e24{l=/127.0.0.1:33437,r=/127.0.0.1:57202,OPEN,fill=FI,flush=-,to=39/30000}=>HttpConnection@74d338e3[p=HttpParser{s=START,0 of -1},g=HttpGenerator@1d6417fe{s=START}]=>HttpChannelOverHttp@7e5417b4{s=HttpChannelState@2522d09c{s=IDLE rs=BLOCKING os=OPEN is=IDLE awp=false se=false i=true al=0},r=0,c=false/false,a=IDLE,uri=null,age=0}:runFillable:BLOCKING
04:29:54.145 [qtp399373008-58] DEBUG org.eclipse.jetty.util.thread.ReservedThreadExecutor - ReservedThreadExecutor@424fd310{reserved=2/8,pending=0} tryExecute EatWhatYouKill@4e858e0a/SelectorProducer@435fb7b5/PRODUCING/p=false/QueuedThreadPool[qtp399373008]@17cdf2d0{STARTED,8<=8<=200,i=1,r=-1,q=0}[ReservedThreadExecutor@424fd310{reserved=2/8,pending=0}][pc=0,pic=0,pec=0,epc=2]@2024-05-02T04:29:54.145+01:00
04:29:54.145 [qtp399373008-57] DEBUG org.eclipse.jetty.util.thread.ReservedThreadExecutor - ReservedThread@76f4269{RESERVED,thread=Thread[qtp399373008-57,5,main]} task=EatWhatYouKill@4e858e0a/SelectorProducer@435fb7b5/IDLE/p=true/QueuedThreadPool[qtp399373008]@17cdf2d0{STARTED,8<=8<=200,i=1,r=-1,q=0}[ReservedThreadExecutor@424fd310{reserved=1/8,pending=0}][pc=0,pic=0,pec=0,epc=2]@2024-05-02T04:29:54.145+01:00 ReservedThreadExecutor@424fd310{reserved=1/8,pending=0}
04:29:54.145 [qtp399373008-58] DEBUG org.eclipse.jetty.util.thread.strategy.EatWhatYouKill - EatWhatYouKill@4e858e0a/SelectorProducer@435fb7b5/IDLE/p=true/QueuedThreadPool[qtp399373008]@17cdf2d0{STARTED,8<=8<=200,i=1,r=-1,q=0}[ReservedThreadExecutor@424fd310{reserved=1/8,pending=0}][pc=0,pic=0,pec=0,epc=2]@2024-05-02T04:29:54.145+01:00 m=EXECUTE_PRODUCE_CONSUME t=CEP:SocketChannelEndPoint@51fe53f7{l=/127.0.0.1:33437,r=/127.0.0.1:57202,OPEN,fill=FI,flush=-,to=39/30000}{io=1/0,kio=1,kro=1}->SslConnection@19f1fb9a{NEED_UNWRAP,eio=-1/-1,di=-1,fill=INTERESTED,flush=IDLE}~>DecryptedEndPoint@6605e24{l=/127.0.0.1:33437,r=/127.0.0.1:57202,OPEN,fill=FI,flush=-,to=39/30000}=>HttpConnection@74d338e3[p=HttpParser{s=START,0 of -1},g=HttpGenerator@1d6417fe{s=START}]=>HttpChannelOverHttp@7e5417b4{s=HttpChannelState@2522d09c{s=IDLE rs=BLOCKING os=OPEN is=IDLE awp=false se=false i=true al=0},r=0,c=false/false,a=IDLE,uri=null,age=0}:runFillable:BLOCKING/BLOCKING
04:29:54.145 [qtp399373008-57] DEBUG org.eclipse.jetty.util.thread.strategy.EatWhatYouKill - EatWhatYouKill@4e858e0a/SelectorProducer@435fb7b5/IDLE/p=true/QueuedThreadPool[qtp399373008]@17cdf2d0{STARTED,8<=8<=200,i=1,r=-1,q=0}[ReservedThreadExecutor@424fd310{reserved=1/8,pending=0}][pc=0,pic=0,pec=0,epc=2]@2024-05-02T04:29:54.145+01:00 tryProduce true
04:29:54.145 [qtp399373008-57] DEBUG org.eclipse.jetty.io.ManagedSelector - updateable 0
04:29:54.145 [qtp399373008-57] DEBUG org.eclipse.jetty.io.ManagedSelector - updates 0
04:29:54.145 [qtp399373008-58] DEBUG org.eclipse.jetty.io.FillInterest - fillable FillInterest@79b3a140{SSLC.NBReadCB@19f1fb9a{SslConnection@19f1fb9a::SocketChannelEndPoint@51fe53f7{l=/127.0.0.1:33437,r=/127.0.0.1:57202,OPEN,fill=FI,flush=-,to=39/30000}{io=1/0,kio=1,kro=1}->SslConnection@19f1fb9a{NEED_UNWRAP,eio=-1/-1,di=-1,fill=INTERESTED,flush=IDLE}~>DecryptedEndPoint@6605e24{l=/127.0.0.1:33437,r=/127.0.0.1:57202,OPEN,fill=FI,flush=-,to=39/30000}=>HttpConnection@74d338e3[p=HttpParser{s=START,0 of -1},g=HttpGenerator@1d6417fe{s=START}]=>HttpChannelOverHttp@7e5417b4{s=HttpChannelState@2522d09c{s=IDLE rs=BLOCKING os=OPEN is=IDLE awp=false se=false i=true al=0},r=0,c=false/false,a=IDLE,uri=null,age=0}}}
04:29:54.146 [qtp399373008-57] DEBUG org.eclipse.jetty.io.ChannelEndPoint - Key interests updated 1 -> 0 on SocketChannelEndPoint@51fe53f7{l=/127.0.0.1:33437,r=/127.0.0.1:57202,OPEN,fill=FI,flush=-,to=39/30000}{io=0/0,kio=0,kro=1}->SslConnection@19f1fb9a{NEED_UNWRAP,eio=-1/-1,di=-1,fill=INTERESTED,flush=IDLE}~>DecryptedEndPoint@6605e24{l=/127.0.0.1:33437,r=/127.0.0.1:57202,OPEN,fill=FI,flush=-,to=39/30000}=>HttpConnection@74d338e3[p=HttpParser{s=START,0 of -1},g=HttpGenerator@1d6417fe{s=START}]=>HttpChannelOverHttp@7e5417b4{s=HttpChannelState@2522d09c{s=IDLE rs=BLOCKING os=OPEN is=IDLE awp=false se=false i=true al=0},r=0,c=false/false,a=IDLE,uri=null,age=0}
04:29:54.146 [qtp399373008-57] DEBUG org.eclipse.jetty.io.ManagedSelector - Selector sun.nio.ch.EPollSelectorImpl@5760edca waiting with 1 keys
04:29:54.146 [qtp399373008-58] DEBUG org.eclipse.jetty.io.ssl.SslConnection - >c.onFillable SslConnection@19f1fb9a::SocketChannelEndPoint@51fe53f7{l=/127.0.0.1:33437,r=/127.0.0.1:57202,OPEN,fill=-,flush=-,to=39/30000}{io=0/0,kio=0,kro=1}->SslConnection@19f1fb9a{NEED_UNWRAP,eio=-1/-1,di=-1,fill=INTERESTED,flush=IDLE}~>DecryptedEndPoint@6605e24{l=/127.0.0.1:33437,r=/127.0.0.1:57202,OPEN,fill=FI,flush=-,to=39/30000}=>HttpConnection@74d338e3[p=HttpParser{s=START,0 of -1},g=HttpGenerator@1d6417fe{s=START}]=>HttpChannelOverHttp@7e5417b4{s=HttpChannelState@2522d09c{s=IDLE rs=BLOCKING os=OPEN is=IDLE awp=false se=false i=true al=0},r=0,c=false/false,a=IDLE,uri=null,age=0}
04:29:54.146 [qtp399373008-58] DEBUG org.eclipse.jetty.io.ssl.SslConnection - onFillable SslConnection@19f1fb9a::SocketChannelEndPoint@51fe53f7{l=/127.0.0.1:33437,r=/127.0.0.1:57202,OPEN,fill=-,flush=-,to=39/30000}{io=0/0,kio=0,kro=1}->SslConnection@19f1fb9a{NEED_UNWRAP,eio=-1/-1,di=-1,fill=INTERESTED,flush=IDLE}~>DecryptedEndPoint@6605e24{l=/127.0.0.1:33437,r=/127.0.0.1:57202,OPEN,fill=FI,flush=-,to=39/30000}=>HttpConnection@74d338e3[p=HttpParser{s=START,0 of -1},g=HttpGenerator@1d6417fe{s=START}]=>HttpChannelOverHttp@7e5417b4{s=HttpChannelState@2522d09c{s=IDLE rs=BLOCKING os=OPEN is=IDLE awp=false se=false i=true al=0},r=0,c=false/false,a=IDLE,uri=null,age=0}
04:29:54.146 [qtp399373008-58] DEBUG org.eclipse.jetty.io.FillInterest - fillable FillInterest@709d2091{AC.ReadCB@74d338e3{HttpConnection@74d338e3::DecryptedEndPoint@6605e24{l=/127.0.0.1:33437,r=/127.0.0.1:57202,OPEN,fill=FI,flush=-,to=39/30000}}}
04:29:54.146 [qtp399373008-58] DEBUG org.eclipse.jetty.server.HttpConnection - HttpConnection@74d338e3::DecryptedEndPoint@6605e24{l=/127.0.0.1:33437,r=/127.0.0.1:57202,OPEN,fill=-,flush=-,to=39/30000} onFillable enter HttpChannelState@2522d09c{s=IDLE rs=BLOCKING os=OPEN is=IDLE awp=false se=false i=true al=0} null
04:29:54.146 [qtp399373008-58] DEBUG org.eclipse.jetty.io.ssl.SslConnection - >fill SslConnection@19f1fb9a::SocketChannelEndPoint@51fe53f7{l=/127.0.0.1:33437,r=/127.0.0.1:57202,OPEN,fill=-,flush=-,to=39/30000}{io=0/0,kio=0,kro=1}->SslConnection@19f1fb9a{NEED_UNWRAP,eio=-1/-1,di=-1,fill=IDLE,flush=IDLE}~>DecryptedEndPoint@6605e24{l=/127.0.0.1:33437,r=/127.0.0.1:57202,OPEN,fill=-,flush=-,to=39/30000}=>HttpConnection@74d338e3[p=HttpParser{s=START,0 of -1},g=HttpGenerator@1d6417fe{s=START}]=>HttpChannelOverHttp@7e5417b4{s=HttpChannelState@2522d09c{s=IDLE rs=BLOCKING os=OPEN is=IDLE awp=false se=false i=true al=0},r=0,c=false/false,a=IDLE,uri=null,age=0}
04:29:54.146 [qtp399373008-58] DEBUG org.eclipse.jetty.io.ssl.SslConnection - fill NEED_UNWRAP
04:29:54.146 [qtp399373008-58] DEBUG org.eclipse.jetty.io.ChannelEndPoint - filled 1518 HeapByteBuffer@6e6899aa[p=0,l=1518,c=17408,r=1518]={<<<\x17\x03\x03\x03\xAdKGh\x8a $\xDbj\xD9\xC0\xAa\xBc\xB5\xC6\xEdm\xF0\xDe\x04\xA3...[\xE5C\xFb~\xFb\xB59\xBd\xDf\xE2\x10\xC2$\xEc0F\x0c\xD9\x13\xF7\x87\xC2>>>\x00\x00\x00\x00\x00\x00\x00\x00\x00...\x00\x00\x00\x00\x00\x00\x00}
04:29:54.146 [qtp399373008-58] DEBUG org.eclipse.jetty.io.ssl.SslConnection - net filled=1518
04:29:54.146 [qtp399373008-58] DEBUG org.eclipse.jetty.io.ssl.SslConnection - unwrap net_filled=1518 Status = OK HandshakeStatus = NEED_TASK bytesConsumed = 946 bytesProduced = 0 encryptedBuffer=[p=946,l=1518,c=17408,r=572] unwrapBuffer=HeapByteBuffer@60af7bcf[p=0,l=0,c=17408,r=0]={<<<>>>\x14\x03\x03\x00\x01\x01\xF1\n\xB9...\x00\x00\x00\x00\x00\x00\x00} appBuffer=HeapByteBuffer@60af7bcf[p=0,l=0,c=17408,r=0]={<<<>>>\x14\x03\x03\x00\x01\x01\xF1\n\xB9...\x00\x00\x00\x00\x00\x00\x00}
04:29:54.146 [qtp399373008-58] DEBUG org.eclipse.jetty.io.ssl.SslConnection - fill NEED_TASK
04:29:54.147 [qtp399373008-58] DEBUG org.eclipse.jetty.io.ssl.SslConnection - fill NEED_UNWRAP
04:29:54.147 [qtp399373008-58] DEBUG org.eclipse.jetty.io.ChannelEndPoint - filled 0 HeapByteBuffer@6e6899aa[p=946,l=1518,c=17408,r=572]={\x17\x03\x03\x03\xAd\x0b\x00\x03\x88...\xE5\x91"j\x12\xE5\xBf<<<\x17\x03\x03\x01)\xE9\x95\xB28C\x9f\xF7H\xBf4\xDe\x0fVI\x0cs\x05Tc\xDb...[\xE5C\xFb~\xFb\xB59\xBd\xDf\xE2\x10\xC2$\xEc0F\x0c\xD9\x13\xF7\x87\xC2>>>\x00\x00\x00\x00\x00\x00\x00\x00\x00...\x00\x00\x00\x00\x00\x00\x00}
04:29:54.147 [qtp399373008-58] DEBUG org.eclipse.jetty.io.ssl.SslConnection - net filled=0
04:29:54.147 [qtp399373008-58] DEBUG org.eclipse.jetty.io.ssl.SslConnection - unwrap net_filled=0 Status = OK HandshakeStatus = NEED_TASK bytesConsumed = 302 bytesProduced = 0 encryptedBuffer=[p=1248,l=1518,c=17408,r=270] unwrapBuffer=HeapByteBuffer@60af7bcf[p=0,l=0,c=17408,r=0]={<<<>>>\x14\x03\x03\x00\x01\x01\xF1\n\xB9...\x00\x00\x00\x00\x00\x00\x00} appBuffer=HeapByteBuffer@60af7bcf[p=0,l=0,c=17408,r=0]={<<<>>>\x14\x03\x03\x00\x01\x01\xF1\n\xB9...\x00\x00\x00\x00\x00\x00\x00}
04:29:54.147 [qtp399373008-58] DEBUG org.eclipse.jetty.io.ssl.SslConnection - fill NEED_TASK
04:29:54.147 [qtp399373008-58] DEBUG org.eclipse.jetty.io.ssl.SslConnection - fill NEED_UNWRAP
04:29:54.147 [qtp399373008-58] DEBUG org.eclipse.jetty.io.ChannelEndPoint - filled 0 HeapByteBuffer@6e6899aa[p=1248,l=1518,c=17408,r=270]={\x17\x03\x03\x03\xAd\x0b\x00\x03\x88...\x1e\xD3\xD2Z\xB2t\xE9<<<\x17\x03\x03\x00U\xC1O\xAa\x0c\xF0`\xAa\xB7\x9a\x0cn\xD2\xB6\xCf!c\x04\xD0\xDc\x89...[\xE5C\xFb~\xFb\xB59\xBd\xDf\xE2\x10\xC2$\xEc0F\x0c\xD9\x13\xF7\x87\xC2>>>\x00\x00\x00\x00\x00\x00\x00\x00\x00...\x00\x00\x00\x00\x00\x00\x00}
04:29:54.147 [qtp399373008-58] DEBUG org.eclipse.jetty.io.ssl.SslConnection - net filled=0
04:29:54.148 [qtp399373008-58] DEBUG org.eclipse.jetty.io.ssl.SslConnection - unwrap net_filled=0 Status = OK HandshakeStatus = NEED_WRAP bytesConsumed = 90 bytesProduced = 0 encryptedBuffer=[p=1338,l=1518,c=17408,r=180] unwrapBuffer=HeapByteBuffer@60af7bcf[p=0,l=0,c=17408,r=0]={<<<>>>\x14\x03\x03\x00\x01\x01\xF1\n\xB9...\x00\x00\x00\x00\x00\x00\x00} appBuffer=HeapByteBuffer@60af7bcf[p=0,l=0,c=17408,r=0]={<<<>>>\x14\x03\x03\x00\x01\x01\xF1\n\xB9...\x00\x00\x00\x00\x00\x00\x00}
04:29:54.148 [qtp399373008-58] DEBUG org.eclipse.jetty.io.ssl.SslConnection - fill NEED_WRAP
04:29:54.148 [qtp399373008-58] DEBUG org.eclipse.jetty.io.ssl.SslConnection - >flush SslConnection@19f1fb9a::SocketChannelEndPoint@51fe53f7{l=/127.0.0.1:33437,r=/127.0.0.1:57202,OPEN,fill=-,flush=-,to=2/30000}{io=0/0,kio=0,kro=1}->SslConnection@19f1fb9a{NEED_WRAP,eio=180/-1,di=-1,fill=IDLE,flush=IDLE}~>DecryptedEndPoint@6605e24{l=/127.0.0.1:33437,r=/127.0.0.1:57202,OPEN,fill=-,flush=-,to=42/30000}=>HttpConnection@74d338e3[p=HttpParser{s=START,0 of -1},g=HttpGenerator@1d6417fe{s=START}]=>HttpChannelOverHttp@7e5417b4{s=HttpChannelState@2522d09c{s=IDLE rs=BLOCKING os=OPEN is=IDLE awp=false se=false i=true al=0},r=0,c=false/false,a=IDLE,uri=null,age=0}
04:29:54.148 [qtp399373008-58] DEBUG org.eclipse.jetty.io.ssl.SslConnection - flush b[0]=HeapByteBuffer@29624c55[p=0,l=0,c=0,r=0]={<<<>>>}
04:29:54.148 [qtp399373008-58] DEBUG org.eclipse.jetty.io.ssl.SslConnection - flush NEED_WRAP
04:29:54.148 [qtp399373008-58] DEBUG org.eclipse.jetty.io.ssl.SslConnection - wrap Status = OK HandshakeStatus = FINISHED bytesConsumed = 0 bytesProduced = 88 [p=0,l=88,c=17408,r=88] ioDone=false/false
04:29:54.149 [qtp399373008-58] DEBUG org.eclipse.jetty.io.ChannelEndPoint - flushed 88 SocketChannelEndPoint@51fe53f7{l=/127.0.0.1:33437,r=/127.0.0.1:57202,OPEN,fill=-,flush=-,to=2/30000}{io=0/0,kio=0,kro=1}->SslConnection@19f1fb9a{NOT_HANDSHAKING,eio=180/0,di=-1,fill=IDLE,flush=IDLE}~>DecryptedEndPoint@6605e24{l=/127.0.0.1:33437,r=/127.0.0.1:57202,OPEN,fill=-,flush=-,to=42/30000}=>HttpConnection@74d338e3[p=HttpParser{s=START,0 of -1},g=HttpGenerator@1d6417fe{s=START}]=>HttpChannelOverHttp@7e5417b4{s=HttpChannelState@2522d09c{s=IDLE rs=BLOCKING os=OPEN is=IDLE awp=false se=false i=true al=0},r=0,c=false/false,a=IDLE,uri=null,age=0}
04:29:54.149 [qtp399373008-58] DEBUG org.eclipse.jetty.io.ssl.SslConnection - net flushed=true, ac=true
04:29:54.149 [qtp399373008-58] DEBUG org.eclipse.jetty.io.ssl.SslConnection - handshake succeeded SslConnection@19f1fb9a::SocketChannelEndPoint@51fe53f7{l=/127.0.0.1:33437,r=/127.0.0.1:57202,OPEN,fill=-,flush=-,to=0/30000}{io=0/0,kio=0,kro=1}->SslConnection@19f1fb9a{NOT_HANDSHAKING,eio=180/0,di=-1,fill=IDLE,flush=IDLE}~>DecryptedEndPoint@6605e24{l=/127.0.0.1:33437,r=/127.0.0.1:57202,OPEN,fill=-,flush=-,to=42/30000}=>HttpConnection@74d338e3[p=HttpParser{s=START,0 of -1},g=HttpGenerator@1d6417fe{s=START}]=>HttpChannelOverHttp@7e5417b4{s=HttpChannelState@2522d09c{s=IDLE rs=BLOCKING os=OPEN is=IDLE awp=false se=false i=true al=0},r=0,c=false/false,a=IDLE,uri=null,age=0} resumed server TLSv1.3/TLS_AES_256_GCM_SHA384
04:29:54.149 [qtp399373008-58] DEBUG org.eclipse.jetty.io.ssl.SslConnection - <flush true SslConnection@19f1fb9a::SocketChannelEndPoint@51fe53f7{l=/127.0.0.1:33437,r=/127.0.0.1:57202,OPEN,fill=-,flush=-,to=0/30000}{io=0/0,kio=0,kro=1}->SslConnection@19f1fb9a{NOT_HANDSHAKING,eio=180/-1,di=-1,fill=IDLE,flush=IDLE}~>DecryptedEndPoint@6605e24{l=/127.0.0.1:33437,r=/127.0.0.1:57202,OPEN,fill=-,flush=-,to=42/30000}=>HttpConnection@74d338e3[p=HttpParser{s=START,0 of -1},g=HttpGenerator@1d6417fe{s=START}]=>HttpChannelOverHttp@7e5417b4{s=HttpChannelState@2522d09c{s=IDLE rs=BLOCKING os=OPEN is=IDLE awp=false se=false i=true al=0},r=0,c=false/false,a=IDLE,uri=null,age=0}
04:29:54.149 [qtp399373008-58] DEBUG org.eclipse.jetty.io.ssl.SslConnection - fill NOT_HANDSHAKING
04:29:54.149 [qtp399373008-58] DEBUG org.eclipse.jetty.io.ChannelEndPoint - filled 0 HeapByteBuffer@6e6899aa[p=1338,l=1518,c=17408,r=180]={\x17\x03\x03\x03\xAd\x0b\x00\x03\x88...}}\x9f\x96\xA7z\xF1<<<\x17\x03\x03\x00\xAfg\xFf\xF7\x08\x99\xA1q@\xC4\xFbJ3q\xD9\xA5\x96\x91\xFb\xC4T...[\xE5C\xFb~\xFb\xB59\xBd\xDf\xE2\x10\xC2$\xEc0F\x0c\xD9\x13\xF7\x87\xC2>>>\x00\x00\x00\x00\x00\x00\x00\x00\x00...\x00\x00\x00\x00\x00\x00\x00}
04:29:54.149 [qtp399373008-58] DEBUG org.eclipse.jetty.io.ssl.SslConnection - net filled=0
04:29:54.149 [qtp399373008-58] DEBUG org.eclipse.jetty.io.ssl.SslConnection - unwrap net_filled=0 Status = OK HandshakeStatus = NOT_HANDSHAKING bytesConsumed = 180 bytesProduced = 142 encryptedBuffer=[p=1518,l=1518,c=17408,r=0] unwrapBuffer=HeapByteBuffer@60af7bcf[p=0,l=142,c=17408,r=142]={<<<GET /config.yml HTTP/1.1\r...gent: okhttp/3.12.3\r\n\r\n>>>\x97Q\xB3<@c\xE9\xFa\xF0...\x00\x00\x00\x00\x00\x00\x00} appBuffer=HeapByteBuffer@60af7bcf[p=0,l=142,c=17408,r=142]={<<<GET /config.yml HTTP/1.1\r...gent: okhttp/3.12.3\r\n\r\n>>>\x97Q\xB3<@c\xE9\xFa\xF0...\x00\x00\x00\x00\x00\x00\x00}
04:29:54.149 [qtp399373008-58] DEBUG org.eclipse.jetty.io.ssl.SslConnection - <fill f=142 uf=false SslConnection@19f1fb9a::SocketChannelEndPoint@51fe53f7{l=/127.0.0.1:33437,r=/127.0.0.1:57202,OPEN,fill=-,flush=-,to=0/30000}{io=0/0,kio=0,kro=1}->SslConnection@19f1fb9a{NOT_HANDSHAKING,eio=-1/-1,di=-1,fill=IDLE,flush=IDLE}~>DecryptedEndPoint@6605e24{l=/127.0.0.1:33437,r=/127.0.0.1:57202,OPEN,fill=-,flush=-,to=43/30000}=>HttpConnection@74d338e3[p=HttpParser{s=START,0 of -1},g=HttpGenerator@1d6417fe{s=START}]=>HttpChannelOverHttp@7e5417b4{s=HttpChannelState@2522d09c{s=IDLE rs=BLOCKING os=OPEN is=IDLE awp=false se=false i=true al=0},r=0,c=false/false,a=IDLE,uri=null,age=0}
04:29:54.149 [qtp399373008-58] DEBUG org.eclipse.jetty.server.HttpConnection - HttpConnection@74d338e3::DecryptedEndPoint@6605e24{l=/127.0.0.1:33437,r=/127.0.0.1:57202,OPEN,fill=-,flush=-,to=43/30000} filled 142 HeapByteBuffer@60af7bcf[p=0,l=142,c=17408,r=142]={<<<GET /config.yml HTTP/1.1\r...gent: okhttp/3.12.3\r\n\r\n>>>\x97Q\xB3<@c\xE9\xFa\xF0...\x00\x00\x00\x00\x00\x00\x00}
04:29:54.149 [qtp399373008-58] DEBUG org.eclipse.jetty.server.HttpConnection - HttpConnection@74d338e3::DecryptedEndPoint@6605e24{l=/127.0.0.1:33437,r=/127.0.0.1:57202,OPEN,fill=-,flush=-,to=43/30000} parse HeapByteBuffer@60af7bcf[p=0,l=142,c=17408,r=142]={<<<GET /config.yml HTTP/1.1\r...gent: okhttp/3.12.3\r\n\r\n>>>\x97Q\xB3<@c\xE9\xFa\xF0...\x00\x00\x00\x00\x00\x00\x00} {}
04:29:54.149 [qtp399373008-58] DEBUG org.eclipse.jetty.http.HttpParser - parseNext s=START HeapByteBuffer@60af7bcf[p=0,l=142,c=17408,r=142]={<<<GET /config.yml HTTP/1.1\r...gent: okhttp/3.12.3\r\n\r\n>>>\x97Q\xB3<@c\xE9\xFa\xF0...\x00\x00\x00\x00\x00\x00\x00}
04:29:54.149 [qtp399373008-58] DEBUG org.eclipse.jetty.http.HttpParser - START --> SPACE1
04:29:54.149 [qtp399373008-58] DEBUG org.eclipse.jetty.http.HttpParser - SPACE1 --> URI
04:29:54.149 [qtp399373008-58] DEBUG org.eclipse.jetty.http.HttpParser - URI --> SPACE2
04:29:54.149 [qtp399373008-58] DEBUG org.eclipse.jetty.http.HttpParser - SPACE2 --> REQUEST_VERSION
04:29:54.149 [qtp399373008-58] DEBUG org.eclipse.jetty.http.HttpParser - REQUEST_VERSION --> HEADER
04:29:54.149 [qtp399373008-58] DEBUG org.eclipse.jetty.http.HttpParser - HEADER:If-None-Match --> VALUE
04:29:54.149 [qtp399373008-58] DEBUG org.eclipse.jetty.http.HttpParser - HEADER:If-None-Match --> FIELD
04:29:54.150 [qtp399373008-58] DEBUG org.eclipse.jetty.http.HttpParser - HEADER:Host --> VALUE
04:29:54.150 [qtp399373008-58] DEBUG org.eclipse.jetty.http.HttpParser - HEADER:Host --> IN_VALUE
04:29:54.150 [qtp399373008-58] DEBUG org.eclipse.jetty.http.HttpParser - HEADER:Host --> FIELD
04:29:54.150 [qtp399373008-58] DEBUG org.eclipse.jetty.http.HttpParser - HEADER:Connection: keep-alive --> IN_VALUE
04:29:54.150 [qtp399373008-58] DEBUG org.eclipse.jetty.http.HttpParser - HEADER:Connection: keep-alive --> FIELD
04:29:54.150 [qtp399373008-58] DEBUG org.eclipse.jetty.http.HttpParser - HEADER:Accept-Encoding: gzip --> IN_VALUE
04:29:54.150 [qtp399373008-58] DEBUG org.eclipse.jetty.http.HttpParser - HEADER:Accept-Encoding: gzip --> FIELD
04:29:54.150 [qtp399373008-58] DEBUG org.eclipse.jetty.http.HttpParser - HEADER:User-Agent --> VALUE
04:29:54.150 [qtp399373008-58] DEBUG org.eclipse.jetty.http.HttpParser - HEADER:User-Agent --> IN_VALUE
04:29:54.150 [qtp399373008-58] DEBUG org.eclipse.jetty.http.HttpParser - HEADER:User-Agent --> FIELD
04:29:54.150 [qtp399373008-58] DEBUG org.eclipse.jetty.http.HttpParser - HEADER --> CONTENT
04:29:54.150 [qtp399373008-58] DEBUG org.eclipse.jetty.server.HttpChannel - REQUEST for //localhost:33437/config.yml on HttpChannelOverHttp@7e5417b4{s=HttpChannelState@2522d09c{s=IDLE rs=BLOCKING os=OPEN is=IDLE awp=false se=false i=true al=0},r=1,c=false/false,a=IDLE,uri=//localhost:33437/config.yml,age=0}
GET //localhost:33437/config.yml HTTP/1.1
If-None-Match: 
Host: localhost:33437
Connection: keep-alive
Accept-Encoding: gzip
User-Agent: okhttp/3.12.3


04:29:54.150 [qtp399373008-58] DEBUG org.eclipse.jetty.server.HttpConnection - HttpConnection@74d338e3::DecryptedEndPoint@6605e24{l=/127.0.0.1:33437,r=/127.0.0.1:57202,OPEN,fill=-,flush=-,to=43/30000} parsed true HttpParser{s=CONTENT,0 of -1}
04:29:54.150 [qtp399373008-58] DEBUG org.eclipse.jetty.server.HttpConnection - releaseRequestBuffer HttpConnection@74d338e3::DecryptedEndPoint@6605e24{l=/127.0.0.1:33437,r=/127.0.0.1:57202,OPEN,fill=-,flush=-,to=43/30000}
04:29:54.150 [qtp399373008-58] DEBUG org.eclipse.jetty.server.HttpChannel - handle //localhost:33437/config.yml HttpChannelOverHttp@7e5417b4{s=HttpChannelState@2522d09c{s=IDLE rs=BLOCKING os=OPEN is=IDLE awp=false se=false i=true al=0},r=1,c=false/false,a=IDLE,uri=//localhost:33437/config.yml,age=0} 
04:29:54.150 [qtp399373008-58] DEBUG org.eclipse.jetty.server.HttpChannelState - handling HttpChannelState@2522d09c{s=IDLE rs=BLOCKING os=OPEN is=IDLE awp=false se=false i=true al=0}
04:29:54.150 [qtp399373008-58] DEBUG org.eclipse.jetty.server.HttpChannel - action DISPATCH HttpChannelOverHttp@7e5417b4{s=HttpChannelState@2522d09c{s=HANDLING rs=BLOCKING os=OPEN is=IDLE awp=false se=false i=true al=0},r=1,c=false/false,a=HANDLING,uri=//localhost:33437/config.yml,age=0}
04:29:54.150 [qtp399373008-58] DEBUG org.eclipse.jetty.server.SecureRequestCustomizer - Host localhost with SNI null
04:29:54.150 [qtp399373008-58] DEBUG org.eclipse.jetty.server.Server - REQUEST GET /config.yml on HttpChannelOverHttp@7e5417b4{s=HttpChannelState@2522d09c{s=HANDLING rs=BLOCKING os=OPEN is=IDLE awp=false se=false i=true al=0},r=1,c=false/false,a=HANDLING,uri=https://localhost:33437/config.yml,age=0}
04:29:54.150 [qtp399373008-58] DEBUG org.eclipse.jetty.server.HttpOutput - write(array HeapByteBuffer@2807dc8c[p=0,l=4,c=512,r=4]={<<<path>>>\x00\x00\x00\x00\x00\x00\x00\x00\x00...\x00\x00\x00\x00\x00\x00\x00})
04:29:54.150 [qtp399373008-58] DEBUG org.eclipse.jetty.server.HttpOutput - write(array) s=CLOSING,api=BLOCKED,sc=false,e=null last=true agg=false flush=true async=false, len=4 null
04:29:54.150 [qtp399373008-58] DEBUG org.eclipse.jetty.server.HttpChannel - sendResponse info=null content=HeapByteBuffer@320269aa[p=0,l=4,c=512,r=4]={<<<path>>>\x00\x00\x00\x00\x00\x00\x00\x00\x00...\x00\x00\x00\x00\x00\x00\x00} complete=true committing=true callback=Blocker@5ee5cd0b{null}
04:29:54.150 [qtp399373008-58] DEBUG org.eclipse.jetty.server.HttpChannel - COMMIT for /config.yml on HttpChannelOverHttp@7e5417b4{s=HttpChannelState@2522d09c{s=HANDLING rs=BLOCKING os=COMMITTED is=IDLE awp=false se=false i=true al=0},r=1,c=false/false,a=HANDLING,uri=https://localhost:33437/config.yml,age=0}
200 null HTTP/1.1
Date: Thu, 02 May 2024 03:29:54 GMT
ETag: testEtag
Content-Type: text/plain;charset=utf-8
Content-Length: 4


04:29:54.150 [qtp399373008-58] DEBUG org.eclipse.jetty.server.HttpConnection - generate: NEED_HEADER for SendCallback@2fff2546[PROCESSING][i=HTTP/1.1{s=200,h=4,cl=4},cb=org.eclipse.jetty.server.HttpChannel$SendCallback@398a7f89] (null,[p=0,l=4,c=512,r=4],true)@START
04:29:54.150 [qtp399373008-58] DEBUG org.eclipse.jetty.http.HttpGenerator - generateHeaders HTTP/1.1{s=200,h=4,cl=4} last=true content=HeapByteBuffer@320269aa[p=0,l=4,c=512,r=4]={<<<path>>>\x00\x00\x00\x00\x00\x00\x00\x00\x00...\x00\x00\x00\x00\x00\x00\x00}
04:29:54.150 [qtp399373008-58] DEBUG org.eclipse.jetty.http.HttpGenerator - Date: Thu, 02 May 2024 03:29:54 GMT
ETag: testEtag
Content-Type: text/plain;charset=utf-8
Content-Length: 4


04:29:54.150 [qtp399373008-58] DEBUG org.eclipse.jetty.http.HttpGenerator - CONTENT_LENGTH
04:29:54.150 [qtp399373008-58] DEBUG org.eclipse.jetty.server.HttpConnection - generate: FLUSH for SendCallback@2fff2546[PROCESSING][i=HTTP/1.1{s=200,h=4,cl=4},cb=org.eclipse.jetty.server.HttpChannel$SendCallback@398a7f89] ([p=0,l=164,c=8192,r=164],[p=0,l=4,c=512,r=4],true)@COMPLETING
04:29:54.150 [qtp399373008-58] DEBUG org.eclipse.jetty.io.WriteFlusher - write: WriteFlusher@18641e2b{IDLE}->null [HeapByteBuffer@4ce71d2b[p=0,l=164,c=8192,r=164]={<<<HTTP/1.1 200 OK\r\nDate: Th...y(9.4.44.v20210927)\r\n\r\n>>>\x00\x00\x00\x00\x00\x00\x00\x00\x00...\x00\x00\x00\x00\x00\x00\x00},HeapByteBuffer@320269aa[p=0,l=4,c=512,r=4]={<<<path>>>\x00\x00\x00\x00\x00\x00\x00\x00\x00...\x00\x00\x00\x00\x00\x00\x00}]
04:29:54.150 [qtp399373008-58] DEBUG org.eclipse.jetty.io.WriteFlusher - update WriteFlusher@18641e2b{WRITING}->null:IDLE-->WRITING
04:29:54.150 [qtp399373008-58] DEBUG org.eclipse.jetty.io.ssl.SslConnection - >flush SslConnection@19f1fb9a::SocketChannelEndPoint@51fe53f7{l=/127.0.0.1:33437,r=/127.0.0.1:57202,OPEN,fill=-,flush=-,to=1/30000}{io=0/0,kio=0,kro=1}->SslConnection@19f1fb9a{NOT_HANDSHAKING,eio=-1/-1,di=-1,fill=IDLE,flush=IDLE}~>DecryptedEndPoint@6605e24{l=/127.0.0.1:33437,r=/127.0.0.1:57202,OPEN,fill=-,flush=W,to=44/30000}=>HttpConnection@74d338e3[p=HttpParser{s=CONTENT,0 of -1},g=HttpGenerator@1d6417fe{s=COMPLETING}]=>HttpChannelOverHttp@7e5417b4{s=HttpChannelState@2522d09c{s=HANDLING rs=BLOCKING os=COMMITTED is=IDLE awp=false se=false i=true al=0},r=1,c=false/false,a=HANDLING,uri=https://localhost:33437/config.yml,age=0}
04:29:54.150 [qtp399373008-58] DEBUG org.eclipse.jetty.io.ssl.SslConnection - flush b[0]=HeapByteBuffer@4ce71d2b[p=0,l=164,c=8192,r=164]={<<<HTTP/1.1 200 OK\r\nDate: Th...y(9.4.44.v20210927)\r\n\r\n>>>\x00\x00\x00\x00\x00\x00\x00\x00\x00...\x00\x00\x00\x00\x00\x00\x00}
04:29:54.150 [qtp399373008-58] DEBUG org.eclipse.jetty.io.ssl.SslConnection - flush b[1]=HeapByteBuffer@320269aa[p=0,l=4,c=512,r=4]={<<<path>>>\x00\x00\x00\x00\x00\x00\x00\x00\x00...\x00\x00\x00\x00\x00\x00\x00}
04:29:54.150 [qtp399373008-58] DEBUG org.eclipse.jetty.io.ssl.SslConnection - flush NOT_HANDSHAKING
04:29:54.151 [qtp399373008-58] DEBUG org.eclipse.jetty.io.ssl.SslConnection - wrap Status = OK HandshakeStatus = NOT_HANDSHAKING bytesConsumed = 168 bytesProduced = 206 [p=0,l=206,c=17408,r=206] ioDone=false/false
04:29:54.151 [qtp399373008-58] DEBUG org.eclipse.jetty.io.ChannelEndPoint - flushed 206 SocketChannelEndPoint@51fe53f7{l=/127.0.0.1:33437,r=/127.0.0.1:57202,OPEN,fill=-,flush=-,to=1/30000}{io=0/0,kio=0,kro=1}->SslConnection@19f1fb9a{NOT_HANDSHAKING,eio=-1/0,di=-1,fill=IDLE,flush=IDLE}~>DecryptedEndPoint@6605e24{l=/127.0.0.1:33437,r=/127.0.0.1:57202,OPEN,fill=-,flush=W,to=44/30000}=>HttpConnection@74d338e3[p=HttpParser{s=CONTENT,0 of -1},g=HttpGenerator@1d6417fe{s=COMPLETING}]=>HttpChannelOverHttp@7e5417b4{s=HttpChannelState@2522d09c{s=HANDLING rs=BLOCKING os=COMMITTED is=IDLE awp=false se=false i=true al=0},r=1,c=false/false,a=HANDLING,uri=https://localhost:33437/config.yml,age=1}
04:29:54.151 [qtp399373008-58] DEBUG org.eclipse.jetty.io.ssl.SslConnection - net flushed=true, ac=true
04:29:54.151 [qtp399373008-58] DEBUG org.eclipse.jetty.io.ssl.SslConnection - <flush true SslConnection@19f1fb9a::SocketChannelEndPoint@51fe53f7{l=/127.0.0.1:33437,r=/127.0.0.1:57202,OPEN,fill=-,flush=-,to=0/30000}{io=0/0,kio=0,kro=1}->SslConnection@19f1fb9a{NOT_HANDSHAKING,eio=-1/-1,di=-1,fill=IDLE,flush=IDLE}~>DecryptedEndPoint@6605e24{l=/127.0.0.1:33437,r=/127.0.0.1:57202,OPEN,fill=-,flush=W,to=44/30000}=>HttpConnection@74d338e3[p=HttpParser{s=CONTENT,0 of -1},g=HttpGenerator@1d6417fe{s=COMPLETING}]=>HttpChannelOverHttp@7e5417b4{s=HttpChannelState@2522d09c{s=HANDLING rs=BLOCKING os=COMMITTED is=IDLE awp=false se=false i=true al=0},r=1,c=false/false,a=HANDLING,uri=https://localhost:33437/config.yml,age=1}
04:29:54.151 [qtp399373008-58] DEBUG org.eclipse.jetty.io.WriteFlusher - Flushed=true written=168 remaining=0 WriteFlusher@18641e2b{WRITING}->null
04:29:54.151 [main] DEBUG org.apache.nifi.minifi.bootstrap.configuration.ingestors.PullHttpChangeIngestor - Response received: Response{protocol=http/1.1, code=200, message=OK, url=https://localhost:33437/config.yml}
04:29:54.151 [qtp399373008-58] DEBUG org.eclipse.jetty.io.WriteFlusher - update WriteFlusher@18641e2b{IDLE}->null:WRITING-->IDLE
04:29:54.151 [qtp399373008-58] DEBUG org.eclipse.jetty.server.HttpConnection - generate: DONE for SendCallback@2fff2546[PROCESSING][i=HTTP/1.1{s=200,h=4,cl=4},cb=org.eclipse.jetty.server.HttpChannel$SendCallback@398a7f89] ([p=164,l=164,c=8192,r=0],[p=4,l=4,c=512,r=0],true)@END
04:29:54.151 [qtp399373008-58] DEBUG org.eclipse.jetty.server.HttpOutput - onWriteComplete(true,null) s=CLOSING,api=BLOCKED,sc=false,e=null->s=CLOSED,api=BLOCKING,sc=false,e=null c=null cb=null w=false
04:29:54.151 [qtp399373008-58] DEBUG org.eclipse.jetty.server.HttpOutput - close() s=CLOSED,api=BLOCKING,sc=false,e=null c=null b=null
04:29:54.151 [main] DEBUG org.apache.nifi.minifi.bootstrap.configuration.ingestors.PullHttpChangeIngestor - New change received, notifying listener
04:29:54.151 [qtp399373008-58] DEBUG org.eclipse.jetty.server.Server - handled=true async=false committed=true on HttpChannelOverHttp@7e5417b4{s=HttpChannelState@2522d09c{s=HANDLING rs=BLOCKING os=COMPLETED is=IDLE awp=false se=false i=true al=0},r=1,c=false/true,a=HANDLING,uri=https://localhost:33437/config.yml,age=1}
04:29:54.151 [qtp399373008-58] DEBUG org.eclipse.jetty.server.HttpChannelState - unhandle HttpChannelState@2522d09c{s=HANDLING rs=BLOCKING os=COMPLETED is=IDLE awp=false se=false i=true al=0}
04:29:54.151 [main] DEBUG org.apache.nifi.minifi.bootstrap.configuration.ingestors.PullHttpChangeIngestor - Listeners notified
04:29:54.151 [qtp399373008-58] DEBUG org.eclipse.jetty.server.HttpChannelState - nextAction(false) COMPLETE HttpChannelState@2522d09c{s=HANDLING rs=COMPLETING os=COMPLETED is=IDLE awp=false se=false i=false al=0}
04:29:54.151 [qtp399373008-58] DEBUG org.eclipse.jetty.server.HttpChannel - action COMPLETE HttpChannelOverHttp@7e5417b4{s=HttpChannelState@2522d09c{s=HANDLING rs=COMPLETING os=COMPLETED is=IDLE awp=false se=false i=false al=0},r=1,c=false/true,a=HANDLING,uri=https://localhost:33437/config.yml,age=1}
04:29:54.151 [qtp399373008-58] DEBUG org.eclipse.jetty.server.HttpOutput - complete(org.eclipse.jetty.util.Callback$3@681905b9) s=CLOSED,api=BLOCKING,sc=false,e=null s=true e=null, c=null
04:29:54.151 [main] DEBUG org.apache.nifi.minifi.bootstrap.configuration.ingestors.PullHttpChangeIngestor - Attempting to pull new config
04:29:54.151 [qtp399373008-58] DEBUG org.eclipse.jetty.server.HttpChannelState - completed HttpChannelState@2522d09c{s=HANDLING rs=COMPLETING os=COMPLETED is=IDLE awp=false se=false i=false al=0}
04:29:54.151 [qtp399373008-58] DEBUG org.eclipse.jetty.server.HttpChannelState - unhandle HttpChannelState@2522d09c{s=HANDLING rs=COMPLETED os=COMPLETED is=IDLE awp=false se=false i=false al=0}
04:29:54.151 [qtp399373008-58] DEBUG org.eclipse.jetty.server.HttpChannelState - nextAction(false) TERMINATED HttpChannelState@2522d09c{s=IDLE rs=COMPLETED os=COMPLETED is=IDLE awp=false se=false i=false al=0}
04:29:54.151 [qtp399373008-58] DEBUG org.eclipse.jetty.server.HttpChannel - action TERMINATED HttpChannelOverHttp@7e5417b4{s=HttpChannelState@2522d09c{s=IDLE rs=COMPLETED os=COMPLETED is=IDLE awp=false se=false i=false al=0},r=1,c=true/true,a=IDLE,uri=https://localhost:33437/config.yml,age=1}
04:29:54.151 [qtp399373008-58] DEBUG org.eclipse.jetty.server.HttpChannel - onCompleted for /config.yml written=4
04:29:54.151 [qtp399373008-58] DEBUG org.eclipse.jetty.io.ssl.SslConnection - >fill SslConnection@19f1fb9a::SocketChannelEndPoint@51fe53f7{l=/127.0.0.1:33437,r=/127.0.0.1:57202,OPEN,fill=-,flush=-,to=0/30000}{io=0/0,kio=0,kro=1}->SslConnection@19f1fb9a{NOT_HANDSHAKING,eio=-1/-1,di=-1,fill=IDLE,flush=IDLE}~>DecryptedEndPoint@6605e24{l=/127.0.0.1:33437,r=/127.0.0.1:57202,OPEN,fill=-,flush=-,to=45/30000}=>HttpConnection@74d338e3[p=HttpParser{s=CONTENT,0 of -1},g=HttpGenerator@1d6417fe{s=END}]=>HttpChannelOverHttp@7e5417b4{s=HttpChannelState@2522d09c{s=IDLE rs=COMPLETED os=COMPLETED is=IDLE awp=false se=false i=false al=0},r=1,c=true/true,a=IDLE,uri=https://localhost:33437/config.yml,age=1}
04:29:54.151 [qtp399373008-58] DEBUG org.eclipse.jetty.io.ssl.SslConnection - fill NOT_HANDSHAKING
04:29:54.151 [qtp399373008-58] DEBUG org.eclipse.jetty.io.ChannelEndPoint - filled 0 HeapByteBuffer@60af7bcf[p=0,l=0,c=17408,r=0]={<<<>>>GET /conf...\x00\x00\x00\x00\x00\x00\x00}
04:29:54.151 [qtp399373008-58] DEBUG org.eclipse.jetty.io.ssl.SslConnection - net filled=0
04:29:54.151 [qtp399373008-58] DEBUG org.eclipse.jetty.io.ssl.SslConnection - unwrap net_filled=0 Status = BUFFER_UNDERFLOW HandshakeStatus = NOT_HANDSHAKING bytesConsumed = 0 bytesProduced = 0 encryptedBuffer=[p=0,l=0,c=17408,r=0] unwrapBuffer=HeapByteBuffer@6e6899aa[p=0,l=0,c=17408,r=0]={<<<>>>\x17\x03\x03\x03\xAd\x0b\x00\x03\x88...\x00\x00\x00\x00\x00\x00\x00} appBuffer=HeapByteBuffer@6e6899aa[p=0,l=0,c=17408,r=0]={<<<>>>\x17\x03\x03\x03\xAd\x0b\x00\x03\x88...\x00\x00\x00\x00\x00\x00\x00}
04:29:54.152 [qtp399373008-58] DEBUG org.eclipse.jetty.io.ssl.SslConnection - <fill f=0 uf=true SslConnection@19f1fb9a::SocketChannelEndPoint@51fe53f7{l=/127.0.0.1:33437,r=/127.0.0.1:57202,OPEN,fill=-,flush=-,to=0/30000}{io=0/0,kio=0,kro=1}->SslConnection@19f1fb9a{NOT_HANDSHAKING,eio=-1/-1,di=-1,fill=IDLE,flush=IDLE}~>DecryptedEndPoint@6605e24{l=/127.0.0.1:33437,r=/127.0.0.1:57202,OPEN,fill=-,flush=-,to=45/30000}=>HttpConnection@74d338e3[p=HttpParser{s=CONTENT,0 of -1},g=HttpGenerator@1d6417fe{s=END}]=>HttpChannelOverHttp@7e5417b4{s=HttpChannelState@2522d09c{s=IDLE rs=COMPLETED os=COMPLETED is=IDLE awp=false se=false i=false al=0},r=1,c=true/true,a=IDLE,uri=https://localhost:33437/config.yml,age=2}
04:29:54.152 [qtp399373008-58] DEBUG org.eclipse.jetty.io.ssl.SslConnection - >fill SslConnection@19f1fb9a::SocketChannelEndPoint@51fe53f7{l=/127.0.0.1:33437,r=/127.0.0.1:57202,OPEN,fill=-,flush=-,to=0/30000}{io=0/0,kio=0,kro=1}->SslConnection@19f1fb9a{NOT_HANDSHAKING,eio=-1/-1,di=-1,fill=IDLE,flush=IDLE}~>DecryptedEndPoint@6605e24{l=/127.0.0.1:33437,r=/127.0.0.1:57202,OPEN,fill=-,flush=-,to=45/30000}=>HttpConnection@74d338e3[p=HttpParser{s=CONTENT,0 of -1},g=HttpGenerator@1d6417fe{s=END}]=>HttpChannelOverHttp@7e5417b4{s=HttpChannelState@2522d09c{s=IDLE rs=COMPLETED os=COMPLETED is=IDLE awp=false se=false i=false al=0},r=1,c=true/true,a=IDLE,uri=https://localhost:33437/config.yml,age=2}
04:29:54.152 [qtp399373008-58] DEBUG org.eclipse.jetty.io.ssl.SslConnection - fill NOT_HANDSHAKING
04:29:54.152 [qtp399373008-58] DEBUG org.eclipse.jetty.io.ChannelEndPoint - filled 190 HeapByteBuffer@6a5710bf[p=0,l=190,c=17408,r=190]={<<<\x17\x03\x03\x00\xB9\xCd/He\xE07\xE7Y\xD7\x0e\xC9\x904U9IT\xAe\xAaR...\x80\xAe\xDc\xB3}\x9f\x93\x0fi\xA2p#\xB5\x11\xF8\xC1YE\xEe\x19\x12a.>>>\x1b\xA3\xBe\xCaV\xAd7\xFc\xEd...\x00\x00\x00\x00\x00\x00\x00}
04:29:54.152 [qtp399373008-58] DEBUG org.eclipse.jetty.io.ssl.SslConnection - net filled=190
04:29:54.152 [qtp399373008-58] DEBUG org.eclipse.jetty.io.ssl.SslConnection - unwrap net_filled=190 Status = OK HandshakeStatus = NOT_HANDSHAKING bytesConsumed = 190 bytesProduced = 152 encryptedBuffer=[p=190,l=190,c=17408,r=0] unwrapBuffer=HeapByteBuffer@6e6899aa[p=0,l=152,c=17408,r=152]={<<<GET /config.yml HTTP/1.1\r...gent: okhttp/3.12.3\r\n\r\n>>>ocalhost0...\x00\x00\x00\x00\x00\x00\x00} appBuffer=HeapByteBuffer@6e6899aa[p=0,l=152,c=17408,r=152]={<<<GET /config.yml HTTP/1.1\r...gent: okhttp/3.12.3\r\n\r\n>>>ocalhost0...\x00\x00\x00\x00\x00\x00\x00}
04:29:54.152 [qtp399373008-58] DEBUG org.eclipse.jetty.io.ssl.SslConnection - <fill f=152 uf=false SslConnection@19f1fb9a::SocketChannelEndPoint@51fe53f7{l=/127.0.0.1:33437,r=/127.0.0.1:57202,OPEN,fill=-,flush=-,to=0/30000}{io=0/0,kio=0,kro=1}->SslConnection@19f1fb9a{NOT_HANDSHAKING,eio=-1/-1,di=-1,fill=IDLE,flush=IDLE}~>DecryptedEndPoint@6605e24{l=/127.0.0.1:33437,r=/127.0.0.1:57202,OPEN,fill=-,flush=-,to=45/30000}=>HttpConnection@74d338e3[p=HttpParser{s=CONTENT,0 of -1},g=HttpGenerator@1d6417fe{s=END}]=>HttpChannelOverHttp@7e5417b4{s=HttpChannelState@2522d09c{s=IDLE rs=COMPLETED os=COMPLETED is=IDLE awp=false se=false i=false al=0},r=1,c=true/true,a=IDLE,uri=https://localhost:33437/config.yml,age=2}
04:29:54.152 [qtp399373008-58] DEBUG org.eclipse.jetty.server.HttpConnection - HttpConnection@74d338e3::DecryptedEndPoint@6605e24{l=/127.0.0.1:33437,r=/127.0.0.1:57202,OPEN,fill=-,flush=-,to=45/30000} filled 152 HeapByteBuffer@6e6899aa[p=0,l=152,c=17408,r=152]={<<<GET /config.yml HTTP/1.1\r...gent: okhttp/3.12.3\r\n\r\n>>>ocalhost0...\x00\x00\x00\x00\x00\x00\x00}
04:29:54.152 [qtp399373008-58] DEBUG org.eclipse.jetty.server.HttpConnection - HttpConnection@74d338e3::DecryptedEndPoint@6605e24{l=/127.0.0.1:33437,r=/127.0.0.1:57202,OPEN,fill=-,flush=-,to=46/30000} parse HeapByteBuffer@6e6899aa[p=0,l=152,c=17408,r=152]={<<<GET /config.yml HTTP/1.1\r...gent: okhttp/3.12.3\r\n\r\n>>>ocalhost0...\x00\x00\x00\x00\x00\x00\x00} {}
04:29:54.152 [qtp399373008-58] DEBUG org.eclipse.jetty.http.HttpParser - parseNext s=CONTENT HeapByteBuffer@6e6899aa[p=0,l=152,c=17408,r=152]={<<<GET /config.yml HTTP/1.1\r...gent: okhttp/3.12.3\r\n\r\n>>>ocalhost0...\x00\x00\x00\x00\x00\x00\x00}
04:29:54.152 [qtp399373008-58] DEBUG org.eclipse.jetty.http.HttpParser - CONTENT --> CONTENT_END
04:29:54.152 [qtp399373008-58] DEBUG org.eclipse.jetty.server.HttpChannel - onContentComplete HttpChannelOverHttp@7e5417b4{s=HttpChannelState@2522d09c{s=IDLE rs=COMPLETED os=COMPLETED is=IDLE awp=false se=false i=false al=0},r=1,c=true/true,a=IDLE,uri=https://localhost:33437/config.yml,age=2}
04:29:54.152 [qtp399373008-58] DEBUG org.eclipse.jetty.http.HttpParser - CONTENT_END --> END
04:29:54.152 [qtp399373008-58] DEBUG org.eclipse.jetty.server.HttpChannel - onRequestComplete HttpChannelOverHttp@7e5417b4{s=HttpChannelState@2522d09c{s=IDLE rs=COMPLETED os=COMPLETED is=IDLE awp=false se=false i=false al=0},r=1,c=true/true,a=IDLE,uri=https://localhost:33437/config.yml,age=2}
04:29:54.152 [qtp399373008-58] DEBUG org.eclipse.jetty.server.HttpInput - HttpInputOverHTTP@3e1ad8e9[c=0,q=0,[0]=null,s=STREAM] addContent EOF
04:29:54.152 [qtp399373008-58] DEBUG org.eclipse.jetty.server.HttpConnection - HttpConnection@74d338e3::DecryptedEndPoint@6605e24{l=/127.0.0.1:33437,r=/127.0.0.1:57202,OPEN,fill=-,flush=-,to=46/30000} parsed false HttpParser{s=END,0 of -1}
04:29:54.152 [qtp399373008-58] DEBUG org.eclipse.jetty.server.HttpChannelState - recycle HttpChannelState@2522d09c{s=IDLE rs=COMPLETED os=COMPLETED is=IDLE awp=false se=false i=false al=0}
04:29:54.152 [qtp399373008-58] DEBUG org.eclipse.jetty.http.HttpParser - reset HttpParser{s=END,0 of -1}
04:29:54.152 [qtp399373008-58] DEBUG org.eclipse.jetty.http.HttpParser - END --> START
04:29:54.152 [qtp399373008-58] DEBUG org.eclipse.jetty.server.HttpChannel - !handle TERMINATED HttpChannelOverHttp@7e5417b4{s=HttpChannelState@2522d09c{s=IDLE rs=BLOCKING os=OPEN is=IDLE awp=false se=false i=true al=0},r=1,c=false/false,a=IDLE,uri=null,age=0}
04:29:54.152 [qtp399373008-58] DEBUG org.eclipse.jetty.server.HttpConnection - HttpConnection@74d338e3::DecryptedEndPoint@6605e24{l=/127.0.0.1:33437,r=/127.0.0.1:57202,OPEN,fill=-,flush=-,to=46/30000} parse HeapByteBuffer@6e6899aa[p=0,l=152,c=17408,r=152]={<<<GET /config.yml HTTP/1.1\r...gent: okhttp/3.12.3\r\n\r\n>>>ocalhost0...\x00\x00\x00\x00\x00\x00\x00} {}
04:29:54.152 [qtp399373008-58] DEBUG org.eclipse.jetty.http.HttpParser - parseNext s=START HeapByteBuffer@6e6899aa[p=0,l=152,c=17408,r=152]={<<<GET /config.yml HTTP/1.1\r...gent: okhttp/3.12.3\r\n\r\n>>>ocalhost0...\x00\x00\x00\x00\x00\x00\x00}
04:29:54.152 [qtp399373008-58] DEBUG org.eclipse.jetty.http.HttpParser - START --> SPACE1
04:29:54.152 [qtp399373008-58] DEBUG org.eclipse.jetty.http.HttpParser - SPACE1 --> URI
04:29:54.152 [qtp399373008-58] DEBUG org.eclipse.jetty.http.HttpParser - URI --> SPACE2
04:29:54.152 [qtp399373008-58] DEBUG org.eclipse.jetty.http.HttpParser - SPACE2 --> REQUEST_VERSION
04:29:54.152 [qtp399373008-58] DEBUG org.eclipse.jetty.http.HttpParser - REQUEST_VERSION --> HEADER
04:29:54.152 [qtp399373008-58] DEBUG org.eclipse.jetty.http.HttpParser - HEADER:If-None-Match --> VALUE
04:29:54.152 [qtp399373008-58] DEBUG org.eclipse.jetty.http.HttpParser - HEADER:If-None-Match --> IN_VALUE
04:29:54.152 [qtp399373008-58] DEBUG org.eclipse.jetty.http.HttpParser - HEADER:If-None-Match --> FIELD
04:29:54.152 [qtp399373008-58] DEBUG org.eclipse.jetty.http.HttpParser - HEADER:Host: localhost:33437 --> IN_VALUE
04:29:54.152 [qtp399373008-58] DEBUG org.eclipse.jetty.http.HttpParser - HEADER:Host: localhost:33437 --> FIELD
04:29:54.152 [qtp399373008-58] DEBUG org.eclipse.jetty.http.HttpParser - HEADER:Connection: keep-alive --> IN_VALUE
04:29:54.152 [qtp399373008-58] DEBUG org.eclipse.jetty.http.HttpParser - HEADER:Connection: keep-alive --> FIELD
04:29:54.152 [qtp399373008-58] DEBUG org.eclipse.jetty.http.HttpParser - HEADER:Accept-Encoding: gzip --> IN_VALUE
04:29:54.152 [qtp399373008-58] DEBUG org.eclipse.jetty.http.HttpParser - HEADER:Accept-Encoding: gzip --> FIELD
04:29:54.153 [qtp399373008-58] DEBUG org.eclipse.jetty.http.HttpParser - HEADER:User-Agent: okhttp/3.12.3 --> IN_VALUE
04:29:54.153 [qtp399373008-58] DEBUG org.eclipse.jetty.http.HttpParser - HEADER:User-Agent: okhttp/3.12.3 --> FIELD
04:29:54.153 [qtp399373008-58] DEBUG org.eclipse.jetty.http.HttpParser - HEADER --> CONTENT
04:29:54.153 [qtp399373008-58] DEBUG org.eclipse.jetty.server.HttpChannel - REQUEST for //localhost:33437/config.yml on HttpChannelOverHttp@7e5417b4{s=HttpChannelState@2522d09c{s=IDLE rs=BLOCKING os=OPEN is=IDLE awp=false se=false i=true al=0},r=2,c=false/false,a=IDLE,uri=//localhost:33437/config.yml,age=0}
GET //localhost:33437/config.yml HTTP/1.1
If-None-Match: "testEtag"
Host: localhost:33437
Connection: keep-alive
Accept-Encoding: gzip
User-Agent: okhttp/3.12.3


04:29:54.153 [qtp399373008-58] DEBUG org.eclipse.jetty.server.HttpConnection - HttpConnection@74d338e3::DecryptedEndPoint@6605e24{l=/127.0.0.1:33437,r=/127.0.0.1:57202,OPEN,fill=-,flush=-,to=46/30000} parsed true HttpParser{s=CONTENT,0 of -1}
04:29:54.153 [qtp399373008-58] DEBUG org.eclipse.jetty.server.HttpConnection - releaseRequestBuffer HttpConnection@74d338e3::DecryptedEndPoint@6605e24{l=/127.0.0.1:33437,r=/127.0.0.1:57202,OPEN,fill=-,flush=-,to=46/30000}
04:29:54.153 [qtp399373008-58] DEBUG org.eclipse.jetty.server.HttpChannel - handle //localhost:33437/config.yml HttpChannelOverHttp@7e5417b4{s=HttpChannelState@2522d09c{s=IDLE rs=BLOCKING os=OPEN is=IDLE awp=false se=false i=true al=0},r=2,c=false/false,a=IDLE,uri=//localhost:33437/config.yml,age=0} 
04:29:54.153 [qtp399373008-58] DEBUG org.eclipse.jetty.server.HttpChannelState - handling HttpChannelState@2522d09c{s=IDLE rs=BLOCKING os=OPEN is=IDLE awp=false se=false i=true al=0}
04:29:54.153 [qtp399373008-58] DEBUG org.eclipse.jetty.server.HttpChannel - action DISPATCH HttpChannelOverHttp@7e5417b4{s=HttpChannelState@2522d09c{s=HANDLING rs=BLOCKING os=OPEN is=IDLE awp=false se=false i=true al=0},r=2,c=false/false,a=HANDLING,uri=//localhost:33437/config.yml,age=0}
04:29:54.153 [qtp399373008-58] DEBUG org.eclipse.jetty.server.SecureRequestCustomizer - Host localhost with SNI null
04:29:54.153 [qtp399373008-58] DEBUG org.eclipse.jetty.server.Server - REQUEST GET /config.yml on HttpChannelOverHttp@7e5417b4{s=HttpChannelState@2522d09c{s=HANDLING rs=BLOCKING os=OPEN is=IDLE awp=false se=false i=true al=0},r=2,c=false/false,a=HANDLING,uri=https://localhost:33437/config.yml,age=0}
04:29:54.153 [qtp399373008-58] DEBUG org.eclipse.jetty.server.Server - handled=true async=false committed=false on HttpChannelOverHttp@7e5417b4{s=HttpChannelState@2522d09c{s=HANDLING rs=BLOCKING os=OPEN is=IDLE awp=false se=false i=true al=0},r=2,c=false/false,a=HANDLING,uri=https://localhost:33437/config.yml,age=0}
04:29:54.153 [qtp399373008-58] DEBUG org.eclipse.jetty.server.HttpChannelState - unhandle HttpChannelState@2522d09c{s=HANDLING rs=BLOCKING os=OPEN is=IDLE awp=false se=false i=true al=0}
04:29:54.153 [qtp399373008-58] DEBUG org.eclipse.jetty.server.HttpChannelState - nextAction(false) COMPLETE HttpChannelState@2522d09c{s=HANDLING rs=COMPLETING os=OPEN is=IDLE awp=false se=false i=false al=0}
04:29:54.153 [qtp399373008-58] DEBUG org.eclipse.jetty.server.HttpChannel - action COMPLETE HttpChannelOverHttp@7e5417b4{s=HttpChannelState@2522d09c{s=HANDLING rs=COMPLETING os=OPEN is=IDLE awp=false se=false i=false al=0},r=2,c=false/false,a=HANDLING,uri=https://localhost:33437/config.yml,age=0}
04:29:54.153 [qtp399373008-58] DEBUG org.eclipse.jetty.io.ssl.SslConnection - >fill SslConnection@19f1fb9a::SocketChannelEndPoint@51fe53f7{l=/127.0.0.1:33437,r=/127.0.0.1:57202,OPEN,fill=-,flush=-,to=1/30000}{io=0/0,kio=0,kro=1}->SslConnection@19f1fb9a{NOT_HANDSHAKING,eio=-1/-1,di=-1,fill=IDLE,flush=IDLE}~>DecryptedEndPoint@6605e24{l=/127.0.0.1:33437,r=/127.0.0.1:57202,OPEN,fill=-,flush=-,to=47/30000}=>HttpConnection@74d338e3[p=HttpParser{s=CONTENT,0 of -1},g=HttpGenerator@1d6417fe{s=START}]=>HttpChannelOverHttp@7e5417b4{s=HttpChannelState@2522d09c{s=HANDLING rs=COMPLETING os=OPEN is=IDLE awp=false se=false i=false al=0},r=2,c=false/false,a=HANDLING,uri=https://localhost:33437/config.yml,age=0}
04:29:54.153 [qtp399373008-58] DEBUG org.eclipse.jetty.io.ssl.SslConnection - fill NOT_HANDSHAKING
04:29:54.153 [qtp399373008-58] DEBUG org.eclipse.jetty.io.ChannelEndPoint - filled 0 HeapByteBuffer@6a5710bf[p=0,l=0,c=17408,r=0]={<<<>>>\x17\x03\x03\x00\xB9GET ...\x00\x00\x00\x00\x00\x00\x00}
04:29:54.153 [qtp399373008-58] DEBUG org.eclipse.jetty.io.ssl.SslConnection - net filled=0
04:29:54.153 [qtp399373008-58] DEBUG org.eclipse.jetty.io.ssl.SslConnection - unwrap net_filled=0 Status = BUFFER_UNDERFLOW HandshakeStatus = NOT_HANDSHAKING bytesConsumed = 0 bytesProduced = 0 encryptedBuffer=[p=0,l=0,c=17408,r=0] unwrapBuffer=HeapByteBuffer@60af7bcf[p=0,l=0,c=17408,r=0]={<<<>>>GET /conf...\x00\x00\x00\x00\x00\x00\x00} appBuffer=HeapByteBuffer@60af7bcf[p=0,l=0,c=17408,r=0]={<<<>>>GET /conf...\x00\x00\x00\x00\x00\x00\x00}
04:29:54.153 [qtp399373008-58] DEBUG org.eclipse.jetty.io.ssl.SslConnection - <fill f=0 uf=true SslConnection@19f1fb9a::SocketChannelEndPoint@51fe53f7{l=/127.0.0.1:33437,r=/127.0.0.1:57202,OPEN,fill=-,flush=-,to=1/30000}{io=0/0,kio=0,kro=1}->SslConnection@19f1fb9a{NOT_HANDSHAKING,eio=-1/-1,di=-1,fill=IDLE,flush=IDLE}~>DecryptedEndPoint@6605e24{l=/127.0.0.1:33437,r=/127.0.0.1:57202,OPEN,fill=-,flush=-,to=47/30000}=>HttpConnection@74d338e3[p=HttpParser{s=CONTENT,0 of -1},g=HttpGenerator@1d6417fe{s=START}]=>HttpChannelOverHttp@7e5417b4{s=HttpChannelState@2522d09c{s=HANDLING rs=COMPLETING os=OPEN is=IDLE awp=false se=false i=false al=0},r=2,c=false/false,a=HANDLING,uri=https://localhost:33437/config.yml,age=0}
04:29:54.153 [qtp399373008-58] DEBUG org.eclipse.jetty.io.ssl.SslConnection - >fill SslConnection@19f1fb9a::SocketChannelEndPoint@51fe53f7{l=/127.0.0.1:33437,r=/127.0.0.1:57202,OPEN,fill=-,flush=-,to=1/30000}{io=0/0,kio=0,kro=1}->SslConnection@19f1fb9a{NOT_HANDSHAKING,eio=-1/-1,di=-1,fill=IDLE,flush=IDLE}~>DecryptedEndPoint@6605e24{l=/127.0.0.1:33437,r=/127.0.0.1:57202,OPEN,fill=-,flush=-,to=47/30000}=>HttpConnection@74d338e3[p=HttpParser{s=CONTENT,0 of -1},g=HttpGenerator@1d6417fe{s=START}]=>HttpChannelOverHttp@7e5417b4{s=HttpChannelState@2522d09c{s=HANDLING rs=COMPLETING os=OPEN is=IDLE awp=false se=false i=false al=0},r=2,c=false/false,a=HANDLING,uri=https://localhost:33437/config.yml,age=0}
04:29:54.153 [qtp399373008-58] DEBUG org.eclipse.jetty.io.ssl.SslConnection - fill NOT_HANDSHAKING
04:29:54.153 [qtp399373008-58] DEBUG org.eclipse.jetty.io.ChannelEndPoint - filled 0 HeapByteBuffer@6e6899aa[p=0,l=0,c=17408,r=0]={<<<>>>GET /conf...\x00\x00\x00\x00\x00\x00\x00}
04:29:54.153 [qtp399373008-58] DEBUG org.eclipse.jetty.io.ssl.SslConnection - net filled=0
04:29:54.153 [qtp399373008-58] DEBUG org.eclipse.jetty.io.ssl.SslConnection - unwrap net_filled=0 Status = BUFFER_UNDERFLOW HandshakeStatus = NOT_HANDSHAKING bytesConsumed = 0 bytesProduced = 0 encryptedBuffer=[p=0,l=0,c=17408,r=0] unwrapBuffer=HeapByteBuffer@60af7bcf[p=0,l=0,c=17408,r=0]={<<<>>>GET /conf...\x00\x00\x00\x00\x00\x00\x00} appBuffer=HeapByteBuffer@60af7bcf[p=0,l=0,c=17408,r=0]={<<<>>>GET /conf...\x00\x00\x00\x00\x00\x00\x00}
04:29:54.154 [qtp399373008-58] DEBUG org.eclipse.jetty.io.ssl.SslConnection - <fill f=0 uf=true SslConnection@19f1fb9a::SocketChannelEndPoint@51fe53f7{l=/127.0.0.1:33437,r=/127.0.0.1:57202,OPEN,fill=-,flush=-,to=1/30000}{io=0/0,kio=0,kro=1}->SslConnection@19f1fb9a{NOT_HANDSHAKING,eio=-1/-1,di=-1,fill=IDLE,flush=IDLE}~>DecryptedEndPoint@6605e24{l=/127.0.0.1:33437,r=/127.0.0.1:57202,OPEN,fill=-,flush=-,to=47/30000}=>HttpConnection@74d338e3[p=HttpParser{s=CONTENT,0 of -1},g=HttpGenerator@1d6417fe{s=START}]=>HttpChannelOverHttp@7e5417b4{s=HttpChannelState@2522d09c{s=HANDLING rs=COMPLETING os=OPEN is=IDLE awp=false se=false i=false al=0},r=2,c=false/false,a=HANDLING,uri=https://localhost:33437/config.yml,age=1}
04:29:54.154 [qtp399373008-58] DEBUG org.eclipse.jetty.server.HttpConnection - HttpConnection@74d338e3::DecryptedEndPoint@6605e24{l=/127.0.0.1:33437,r=/127.0.0.1:57202,OPEN,fill=-,flush=-,to=47/30000} filled 0 HeapByteBuffer@60af7bcf[p=0,l=0,c=17408,r=0]={<<<>>>GET /conf...\x00\x00\x00\x00\x00\x00\x00}
04:29:54.154 [qtp399373008-58] DEBUG org.eclipse.jetty.server.HttpConnection - HttpConnection@74d338e3::DecryptedEndPoint@6605e24{l=/127.0.0.1:33437,r=/127.0.0.1:57202,OPEN,fill=-,flush=-,to=47/30000} parse HeapByteBuffer@60af7bcf[p=0,l=0,c=17408,r=0]={<<<>>>GET /conf...\x00\x00\x00\x00\x00\x00\x00} {}
04:29:54.154 [qtp399373008-58] DEBUG org.eclipse.jetty.http.HttpParser - parseNext s=CONTENT HeapByteBuffer@60af7bcf[p=0,l=0,c=17408,r=0]={<<<>>>GET /conf...\x00\x00\x00\x00\x00\x00\x00}
04:29:54.154 [qtp399373008-58] DEBUG org.eclipse.jetty.http.HttpParser - CONTENT --> CONTENT_END
04:29:54.154 [qtp399373008-58] DEBUG org.eclipse.jetty.server.HttpChannel - onContentComplete HttpChannelOverHttp@7e5417b4{s=HttpChannelState@2522d09c{s=HANDLING rs=COMPLETING os=OPEN is=IDLE awp=false se=false i=false al=0},r=2,c=false/false,a=HANDLING,uri=https://localhost:33437/config.yml,age=1}
04:29:54.154 [qtp399373008-58] DEBUG org.eclipse.jetty.http.HttpParser - CONTENT_END --> END
04:29:54.154 [qtp399373008-58] DEBUG org.eclipse.jetty.server.HttpChannel - onRequestComplete HttpChannelOverHttp@7e5417b4{s=HttpChannelState@2522d09c{s=HANDLING rs=COMPLETING os=OPEN is=IDLE awp=false se=false i=false al=0},r=2,c=false/false,a=HANDLING,uri=https://localhost:33437/config.yml,age=1}
04:29:54.154 [qtp399373008-58] DEBUG org.eclipse.jetty.server.HttpInput - HttpInputOverHTTP@3e1ad8e9[c=0,q=0,[0]=null,s=STREAM] addContent EOF
04:29:54.154 [qtp399373008-58] DEBUG org.eclipse.jetty.server.HttpConnection - HttpConnection@74d338e3::DecryptedEndPoint@6605e24{l=/127.0.0.1:33437,r=/127.0.0.1:57202,OPEN,fill=-,flush=-,to=47/30000} parsed false HttpParser{s=END,0 of -1}
04:29:54.154 [qtp399373008-58] DEBUG org.eclipse.jetty.server.HttpConnection - releaseRequestBuffer HttpConnection@74d338e3::DecryptedEndPoint@6605e24{l=/127.0.0.1:33437,r=/127.0.0.1:57202,OPEN,fill=-,flush=-,to=47/30000}
04:29:54.154 [qtp399373008-58] DEBUG org.eclipse.jetty.server.HttpOutput - complete(org.eclipse.jetty.util.Callback$3@54869e94) s=CLOSING,api=BLOCKED,sc=false,e=null s=false e=null, c=HeapByteBuffer@29624c55[p=0,l=0,c=0,r=0]={<<<>>>}
04:29:54.154 [qtp399373008-58] DEBUG org.eclipse.jetty.server.HttpChannel - sendResponse info=null content=HeapByteBuffer@29624c55[p=0,l=0,c=0,r=0]={<<<>>>} complete=true committing=true callback=org.eclipse.jetty.server.HttpOutput$WriteCompleteCB@6c2b5769
04:29:54.154 [qtp399373008-58] DEBUG org.eclipse.jetty.server.HttpChannel - COMMIT for /config.yml on HttpChannelOverHttp@7e5417b4{s=HttpChannelState@2522d09c{s=HANDLING rs=COMPLETING os=COMMITTED is=IDLE awp=false se=false i=false al=0},r=2,c=false/false,a=HANDLING,uri=https://localhost:33437/config.yml,age=1}
304 null HTTP/1.1
Date: Thu, 02 May 2024 03:29:54 GMT
ETag: testEtag


04:29:54.154 [qtp399373008-58] DEBUG org.eclipse.jetty.server.HttpConnection - generate: NEED_HEADER for SendCallback@2fff2546[PROCESSING][i=HTTP/1.1{s=304,h=2,cl=-1},cb=org.eclipse.jetty.server.HttpChannel$SendCallback@4c3fb398] (null,[p=0,l=0,c=0,r=0],true)@START
04:29:54.154 [qtp399373008-58] DEBUG org.eclipse.jetty.http.HttpGenerator - generateHeaders HTTP/1.1{s=304,h=2,cl=-1} last=true content=HeapByteBuffer@29624c55[p=0,l=0,c=0,r=0]={<<<>>>}
04:29:54.154 [qtp399373008-58] DEBUG org.eclipse.jetty.http.HttpGenerator - Date: Thu, 02 May 2024 03:29:54 GMT
ETag: testEtag


04:29:54.154 [qtp399373008-58] DEBUG org.eclipse.jetty.http.HttpGenerator - NO_CONTENT
04:29:54.154 [qtp399373008-58] DEBUG org.eclipse.jetty.server.HttpConnection - generate: FLUSH for SendCallback@2fff2546[PROCESSING][i=HTTP/1.1{s=304,h=2,cl=-1},cb=org.eclipse.jetty.server.HttpChannel$SendCallback@4c3fb398] ([p=0,l=115,c=8192,r=115],[p=0,l=0,c=0,r=0],true)@COMPLETING
04:29:54.154 [qtp399373008-58] DEBUG org.eclipse.jetty.io.WriteFlusher - write: WriteFlusher@18641e2b{IDLE}->null [HeapByteBuffer@4ce71d2b[p=0,l=115,c=8192,r=115]={<<<HTTP/1.1 304 Not Modified...y(9.4.44.v20210927)\r\n\r\n>>>nt-Length...\x00\x00\x00\x00\x00\x00\x00}]
04:29:54.154 [qtp399373008-58] DEBUG org.eclipse.jetty.io.WriteFlusher - update WriteFlusher@18641e2b{WRITING}->null:IDLE-->WRITING
04:29:54.154 [qtp399373008-58] DEBUG org.eclipse.jetty.io.ssl.SslConnection - >flush SslConnection@19f1fb9a::SocketChannelEndPoint@51fe53f7{l=/127.0.0.1:33437,r=/127.0.0.1:57202,OPEN,fill=-,flush=-,to=2/30000}{io=0/0,kio=0,kro=1}->SslConnection@19f1fb9a{NOT_HANDSHAKING,eio=-1/-1,di=-1,fill=IDLE,flush=IDLE}~>DecryptedEndPoint@6605e24{l=/127.0.0.1:33437,r=/127.0.0.1:57202,OPEN,fill=-,flush=W,to=48/30000}=>HttpConnection@74d338e3[p=HttpParser{s=END,0 of -1},g=HttpGenerator@1d6417fe{s=COMPLETING}]=>HttpChannelOverHttp@7e5417b4{s=HttpChannelState@2522d09c{s=HANDLING rs=COMPLETING os=COMMITTED is=IDLE awp=false se=false i=false al=0},r=2,c=false/false,a=HANDLING,uri=https://localhost:33437/config.yml,age=1}
04:29:54.154 [qtp399373008-58] DEBUG org.eclipse.jetty.io.ssl.SslConnection - flush b[0]=HeapByteBuffer@4ce71d2b[p=0,l=115,c=8192,r=115]={<<<HTTP/1.1 304 Not Modified...y(9.4.44.v20210927)\r\n\r\n>>>nt-Length...\x00\x00\x00\x00\x00\x00\x00}
04:29:54.154 [qtp399373008-58] DEBUG org.eclipse.jetty.io.ssl.SslConnection - flush NOT_HANDSHAKING
04:29:54.154 [qtp399373008-58] DEBUG org.eclipse.jetty.io.ssl.SslConnection - wrap Status = OK HandshakeStatus = NOT_HANDSHAKING bytesConsumed = 115 bytesProduced = 153 [p=0,l=153,c=17408,r=153] ioDone=false/false
04:29:54.155 [qtp399373008-58] DEBUG org.eclipse.jetty.io.ChannelEndPoint - flushed 153 SocketChannelEndPoint@51fe53f7{l=/127.0.0.1:33437,r=/127.0.0.1:57202,OPEN,fill=-,flush=-,to=2/30000}{io=0/0,kio=0,kro=1}->SslConnection@19f1fb9a{NOT_HANDSHAKING,eio=-1/0,di=-1,fill=IDLE,flush=IDLE}~>DecryptedEndPoint@6605e24{l=/127.0.0.1:33437,r=/127.0.0.1:57202,OPEN,fill=-,flush=W,to=48/30000}=>HttpConnection@74d338e3[p=HttpParser{s=END,0 of -1},g=HttpGenerator@1d6417fe{s=COMPLETING}]=>HttpChannelOverHttp@7e5417b4{s=HttpChannelState@2522d09c{s=HANDLING rs=COMPLETING os=COMMITTED is=IDLE awp=false se=false i=false al=0},r=2,c=false/false,a=HANDLING,uri=https://localhost:33437/config.yml,age=2}
04:29:54.155 [qtp399373008-58] DEBUG org.eclipse.jetty.io.ssl.SslConnection - net flushed=true, ac=true
04:29:54.155 [qtp399373008-58] DEBUG org.eclipse.jetty.io.ssl.SslConnection - <flush true SslConnection@19f1fb9a::SocketChannelEndPoint@51fe53f7{l=/127.0.0.1:33437,r=/127.0.0.1:57202,OPEN,fill=-,flush=-,to=0/30000}{io=0/0,kio=0,kro=1}->SslConnection@19f1fb9a{NOT_HANDSHAKING,eio=-1/-1,di=-1,fill=IDLE,flush=IDLE}~>DecryptedEndPoint@6605e24{l=/127.0.0.1:33437,r=/127.0.0.1:57202,OPEN,fill=-,flush=W,to=48/30000}=>HttpConnection@74d338e3[p=HttpParser{s=END,0 of -1},g=HttpGenerator@1d6417fe{s=COMPLETING}]=>HttpChannelOverHttp@7e5417b4{s=HttpChannelState@2522d09c{s=HANDLING rs=COMPLETING os=COMMITTED is=IDLE awp=false se=false i=false al=0},r=2,c=false/false,a=HANDLING,uri=https://localhost:33437/config.yml,age=2}
04:29:54.155 [qtp399373008-58] DEBUG org.eclipse.jetty.io.WriteFlusher - Flushed=true written=115 remaining=0 WriteFlusher@18641e2b{WRITING}->null
04:29:54.155 [main] DEBUG org.apache.nifi.minifi.bootstrap.configuration.ingestors.PullHttpChangeIngestor - Response received: Response{protocol=http/1.1, code=304, message=Not Modified, url=https://localhost:33437/config.yml}
04:29:54.155 [qtp399373008-58] DEBUG org.eclipse.jetty.io.WriteFlusher - update WriteFlusher@18641e2b{IDLE}->null:WRITING-->IDLE
04:29:54.155 [qtp399373008-58] DEBUG org.eclipse.jetty.server.HttpConnection - generate: DONE for SendCallback@2fff2546[PROCESSING][i=HTTP/1.1{s=304,h=2,cl=-1},cb=org.eclipse.jetty.server.HttpChannel$SendCallback@4c3fb398] ([p=115,l=115,c=8192,r=0],[p=0,l=0,c=0,r=0],true)@END
04:29:54.155 [qtp399373008-58] DEBUG org.eclipse.jetty.server.HttpOutput - onWriteComplete(true,null) s=CLOSING,api=BLOCKED,sc=false,e=null->s=CLOSED,api=BLOCKING,sc=false,e=null c=null cb=org.eclipse.jetty.util.Callback$3@54869e94 w=false
04:29:54.155 [qtp399373008-58] DEBUG org.eclipse.jetty.server.HttpChannelState - completed HttpChannelState@2522d09c{s=HANDLING rs=COMPLETING os=COMPLETED is=IDLE awp=false se=false i=false al=0}
04:29:54.155 [qtp399373008-58] DEBUG org.eclipse.jetty.server.HttpChannelState - unhandle HttpChannelState@2522d09c{s=HANDLING rs=COMPLETED os=COMPLETED is=IDLE awp=false se=false i=false al=0}
04:29:54.155 [qtp399373008-58] DEBUG org.eclipse.jetty.server.HttpChannelState - nextAction(false) TERMINATED HttpChannelState@2522d09c{s=IDLE rs=COMPLETED os=COMPLETED is=IDLE awp=false se=false i=false al=0}
04:29:54.155 [qtp399373008-58] DEBUG org.eclipse.jetty.server.HttpChannel - action TERMINATED HttpChannelOverHttp@7e5417b4{s=HttpChannelState@2522d09c{s=IDLE rs=COMPLETED os=COMPLETED is=IDLE awp=false se=false i=false al=0},r=2,c=true/true,a=IDLE,uri=https://localhost:33437/config.yml,age=2}
04:29:54.155 [qtp399373008-58] DEBUG org.eclipse.jetty.server.HttpChannel - onCompleted for /config.yml written=0
04:29:54.155 [qtp399373008-58] DEBUG org.eclipse.jetty.server.HttpChannelState - recycle HttpChannelState@2522d09c{s=IDLE rs=COMPLETED os=COMPLETED is=IDLE awp=false se=false i=false al=0}
04:29:54.155 [qtp399373008-58] DEBUG org.eclipse.jetty.http.HttpParser - reset HttpParser{s=END,0 of -1}
04:29:54.155 [qtp399373008-58] DEBUG org.eclipse.jetty.http.HttpParser - END --> START
04:29:54.155 [qtp399373008-58] DEBUG org.eclipse.jetty.server.HttpChannel - !handle TERMINATED HttpChannelOverHttp@7e5417b4{s=HttpChannelState@2522d09c{s=IDLE rs=BLOCKING os=OPEN is=IDLE awp=false se=false i=true al=0},r=2,c=false/false,a=IDLE,uri=null,age=0}
]]></system-out>
  </testcase>
  <testcase name="testSecurityOverride" classname="org.apache.nifi.minifi.bootstrap.configuration.ingestors.PullHttpChangeIngestorSSLTest" time="0.071">
    <system-out><![CDATA[04:29:54.155 [qtp399373008-58] DEBUG org.eclipse.jetty.io.ssl.SslConnection - >fill SslConnection@19f1fb9a::SocketChannelEndPoint@51fe53f7{l=/127.0.0.1:33437,r=/127.0.0.1:57202,OPEN,fill=-,flush=-,to=0/30000}{io=0/0,kio=0,kro=1}->SslConnection@19f1fb9a{NOT_HANDSHAKING,eio=-1/-1,di=-1,fill=IDLE,flush=IDLE}~>DecryptedEndPoint@6605e24{l=/127.0.0.1:33437,r=/127.0.0.1:57202,OPEN,fill=-,flush=-,to=49/30000}=>HttpConnection@74d338e3[p=HttpParser{s=START,0 of -1},g=HttpGenerator@1d6417fe{s=START}]=>HttpChannelOverHttp@7e5417b4{s=HttpChannelState@2522d09c{s=IDLE rs=BLOCKING os=OPEN is=IDLE awp=false se=false i=true al=0},r=2,c=false/false,a=IDLE,uri=null,age=0}
04:29:54.155 [qtp399373008-58] DEBUG org.eclipse.jetty.io.ssl.SslConnection - fill NOT_HANDSHAKING
04:29:54.155 [qtp399373008-58] DEBUG org.eclipse.jetty.io.ChannelEndPoint - filled 0 HeapByteBuffer@60af7bcf[p=0,l=0,c=17408,r=0]={<<<>>>GET /conf...\x00\x00\x00\x00\x00\x00\x00}
04:29:54.155 [qtp399373008-58] DEBUG org.eclipse.jetty.io.ssl.SslConnection - net filled=0
04:29:54.155 [qtp399373008-58] DEBUG org.eclipse.jetty.io.ssl.SslConnection - unwrap net_filled=0 Status = BUFFER_UNDERFLOW HandshakeStatus = NOT_HANDSHAKING bytesConsumed = 0 bytesProduced = 0 encryptedBuffer=[p=0,l=0,c=17408,r=0] unwrapBuffer=HeapByteBuffer@6e6899aa[p=0,l=0,c=17408,r=0]={<<<>>>GET /conf...\x00\x00\x00\x00\x00\x00\x00} appBuffer=HeapByteBuffer@6e6899aa[p=0,l=0,c=17408,r=0]={<<<>>>GET /conf...\x00\x00\x00\x00\x00\x00\x00}
04:29:54.155 [qtp399373008-58] DEBUG org.eclipse.jetty.io.ssl.SslConnection - <fill f=0 uf=true SslConnection@19f1fb9a::SocketChannelEndPoint@51fe53f7{l=/127.0.0.1:33437,r=/127.0.0.1:57202,OPEN,fill=-,flush=-,to=0/30000}{io=0/0,kio=0,kro=1}->SslConnection@19f1fb9a{NOT_HANDSHAKING,eio=-1/-1,di=-1,fill=IDLE,flush=IDLE}~>DecryptedEndPoint@6605e24{l=/127.0.0.1:33437,r=/127.0.0.1:57202,OPEN,fill=-,flush=-,to=49/30000}=>HttpConnection@74d338e3[p=HttpParser{s=START,0 of -1},g=HttpGenerator@1d6417fe{s=START}]=>HttpChannelOverHttp@7e5417b4{s=HttpChannelState@2522d09c{s=IDLE rs=BLOCKING os=OPEN is=IDLE awp=false se=false i=true al=0},r=2,c=false/false,a=IDLE,uri=null,age=0}
04:29:54.156 [qtp399373008-58] DEBUG org.eclipse.jetty.io.ssl.SslConnection - >fill SslConnection@19f1fb9a::SocketChannelEndPoint@51fe53f7{l=/127.0.0.1:33437,r=/127.0.0.1:57202,OPEN,fill=-,flush=-,to=0/30000}{io=0/0,kio=0,kro=1}->SslConnection@19f1fb9a{NOT_HANDSHAKING,eio=-1/-1,di=-1,fill=IDLE,flush=IDLE}~>DecryptedEndPoint@6605e24{l=/127.0.0.1:33437,r=/127.0.0.1:57202,OPEN,fill=-,flush=-,to=49/30000}=>HttpConnection@74d338e3[p=HttpParser{s=START,0 of -1},g=HttpGenerator@1d6417fe{s=START}]=>HttpChannelOverHttp@7e5417b4{s=HttpChannelState@2522d09c{s=IDLE rs=BLOCKING os=OPEN is=IDLE awp=false se=false i=true al=0},r=2,c=false/false,a=IDLE,uri=null,age=0}
04:29:54.156 [qtp399373008-58] DEBUG org.eclipse.jetty.io.ssl.SslConnection - fill NOT_HANDSHAKING
04:29:54.156 [qtp399373008-58] DEBUG org.eclipse.jetty.io.ChannelEndPoint - filled 0 HeapByteBuffer@6a5710bf[p=0,l=0,c=17408,r=0]={<<<>>>\x17\x03\x03\x00\x94\x90\xD3;\x1c...\x00\x00\x00\x00\x00\x00\x00}
04:29:54.156 [qtp399373008-58] DEBUG org.eclipse.jetty.io.ssl.SslConnection - net filled=0
04:29:54.156 [qtp399373008-58] DEBUG org.eclipse.jetty.io.ssl.SslConnection - unwrap net_filled=0 Status = BUFFER_UNDERFLOW HandshakeStatus = NOT_HANDSHAKING bytesConsumed = 0 bytesProduced = 0 encryptedBuffer=[p=0,l=0,c=17408,r=0] unwrapBuffer=HeapByteBuffer@6e6899aa[p=0,l=0,c=17408,r=0]={<<<>>>GET /conf...\x00\x00\x00\x00\x00\x00\x00} appBuffer=HeapByteBuffer@6e6899aa[p=0,l=0,c=17408,r=0]={<<<>>>GET /conf...\x00\x00\x00\x00\x00\x00\x00}
04:29:54.156 [qtp399373008-58] DEBUG org.eclipse.jetty.io.ssl.SslConnection - <fill f=0 uf=true SslConnection@19f1fb9a::SocketChannelEndPoint@51fe53f7{l=/127.0.0.1:33437,r=/127.0.0.1:57202,OPEN,fill=-,flush=-,to=0/30000}{io=0/0,kio=0,kro=1}->SslConnection@19f1fb9a{NOT_HANDSHAKING,eio=-1/-1,di=-1,fill=IDLE,flush=IDLE}~>DecryptedEndPoint@6605e24{l=/127.0.0.1:33437,r=/127.0.0.1:57202,OPEN,fill=-,flush=-,to=49/30000}=>HttpConnection@74d338e3[p=HttpParser{s=START,0 of -1},g=HttpGenerator@1d6417fe{s=START}]=>HttpChannelOverHttp@7e5417b4{s=HttpChannelState@2522d09c{s=IDLE rs=BLOCKING os=OPEN is=IDLE awp=false se=false i=true al=0},r=2,c=false/false,a=IDLE,uri=null,age=0}
04:29:54.156 [qtp399373008-58] DEBUG org.eclipse.jetty.server.HttpConnection - HttpConnection@74d338e3::DecryptedEndPoint@6605e24{l=/127.0.0.1:33437,r=/127.0.0.1:57202,OPEN,fill=-,flush=-,to=49/30000} filled 0 HeapByteBuffer@6e6899aa[p=0,l=0,c=17408,r=0]={<<<>>>GET /conf...\x00\x00\x00\x00\x00\x00\x00}
04:29:54.156 [qtp399373008-58] DEBUG org.eclipse.jetty.server.HttpConnection - HttpConnection@74d338e3::DecryptedEndPoint@6605e24{l=/127.0.0.1:33437,r=/127.0.0.1:57202,OPEN,fill=-,flush=-,to=49/30000} parse HeapByteBuffer@6e6899aa[p=0,l=0,c=17408,r=0]={<<<>>>GET /conf...\x00\x00\x00\x00\x00\x00\x00} {}
04:29:54.156 [qtp399373008-58] DEBUG org.eclipse.jetty.http.HttpParser - parseNext s=START HeapByteBuffer@6e6899aa[p=0,l=0,c=17408,r=0]={<<<>>>GET /conf...\x00\x00\x00\x00\x00\x00\x00}
04:29:54.156 [qtp399373008-58] DEBUG org.eclipse.jetty.server.HttpConnection - HttpConnection@74d338e3::DecryptedEndPoint@6605e24{l=/127.0.0.1:33437,r=/127.0.0.1:57202,OPEN,fill=-,flush=-,to=49/30000} parsed false HttpParser{s=START,0 of -1}
04:29:54.156 [qtp399373008-58] DEBUG org.eclipse.jetty.server.HttpConnection - releaseRequestBuffer HttpConnection@74d338e3::DecryptedEndPoint@6605e24{l=/127.0.0.1:33437,r=/127.0.0.1:57202,OPEN,fill=-,flush=-,to=49/30000}
04:29:54.156 [qtp399373008-58] DEBUG org.eclipse.jetty.io.AbstractConnection - fillInterested HttpConnection@74d338e3::DecryptedEndPoint@6605e24{l=/127.0.0.1:33437,r=/127.0.0.1:57202,OPEN,fill=-,flush=-,to=49/30000}
04:29:54.156 [qtp399373008-58] DEBUG org.eclipse.jetty.io.FillInterest - interested FillInterest@709d2091{AC.ReadCB@74d338e3{HttpConnection@74d338e3::DecryptedEndPoint@6605e24{l=/127.0.0.1:33437,r=/127.0.0.1:57202,OPEN,fill=FI,flush=-,to=0/30000}}}
04:29:54.156 [qtp399373008-58] DEBUG org.eclipse.jetty.io.ssl.SslConnection - >needFillInterest s=IDLE/IDLE uf=true ei=null di=null SslConnection@19f1fb9a::SocketChannelEndPoint@51fe53f7{l=/127.0.0.1:33437,r=/127.0.0.1:57202,OPEN,fill=-,flush=-,to=1/30000}{io=0/0,kio=0,kro=1}->SslConnection@19f1fb9a{NOT_HANDSHAKING,eio=-1/-1,di=-1,fill=IDLE,flush=IDLE}~>DecryptedEndPoint@6605e24{l=/127.0.0.1:33437,r=/127.0.0.1:57202,OPEN,fill=FI,flush=-,to=0/30000}=>HttpConnection@74d338e3[p=HttpParser{s=START,0 of -1},g=HttpGenerator@1d6417fe{s=START}]=>HttpChannelOverHttp@7e5417b4{s=HttpChannelState@2522d09c{s=IDLE rs=BLOCKING os=OPEN is=IDLE awp=false se=false i=true al=0},r=2,c=false/false,a=IDLE,uri=null,age=0}
04:29:54.156 [qtp399373008-58] DEBUG org.eclipse.jetty.io.ssl.SslConnection - <needFillInterest s=IDLE/INTERESTED f=false i=true w=null
04:29:54.156 [qtp399373008-58] DEBUG org.eclipse.jetty.io.ssl.SslConnection - ensureFillInterested SslConnection@19f1fb9a::SocketChannelEndPoint@51fe53f7{l=/127.0.0.1:33437,r=/127.0.0.1:57202,OPEN,fill=-,flush=-,to=1/30000}{io=0/0,kio=0,kro=1}->SslConnection@19f1fb9a{NOT_HANDSHAKING,eio=-1/-1,di=-1,fill=INTERESTED,flush=IDLE}~>DecryptedEndPoint@6605e24{l=/127.0.0.1:33437,r=/127.0.0.1:57202,OPEN,fill=FI,flush=-,to=0/30000}=>HttpConnection@74d338e3[p=HttpParser{s=START,0 of -1},g=HttpGenerator@1d6417fe{s=START}]=>HttpChannelOverHttp@7e5417b4{s=HttpChannelState@2522d09c{s=IDLE rs=BLOCKING os=OPEN is=IDLE awp=false se=false i=true al=0},r=2,c=false/false,a=IDLE,uri=null,age=0}
04:29:54.156 [qtp399373008-58] DEBUG org.eclipse.jetty.io.FillInterest - interested FillInterest@79b3a140{SSLC.NBReadCB@19f1fb9a{SslConnection@19f1fb9a::SocketChannelEndPoint@51fe53f7{l=/127.0.0.1:33437,r=/127.0.0.1:57202,OPEN,fill=FI,flush=-,to=0/30000}{io=0/0,kio=0,kro=1}->SslConnection@19f1fb9a{NOT_HANDSHAKING,eio=-1/-1,di=-1,fill=INTERESTED,flush=IDLE}~>DecryptedEndPoint@6605e24{l=/127.0.0.1:33437,r=/127.0.0.1:57202,OPEN,fill=FI,flush=-,to=0/30000}=>HttpConnection@74d338e3[p=HttpParser{s=START,0 of -1},g=HttpGenerator@1d6417fe{s=START}]=>HttpChannelOverHttp@7e5417b4{s=HttpChannelState@2522d09c{s=IDLE rs=BLOCKING os=OPEN is=IDLE awp=false se=false i=true al=0},r=2,c=false/false,a=IDLE,uri=null,age=0}}}
04:29:54.156 [qtp399373008-58] DEBUG org.eclipse.jetty.io.ChannelEndPoint - changeInterests p=false 0->1 for SocketChannelEndPoint@51fe53f7{l=/127.0.0.1:33437,r=/127.0.0.1:57202,OPEN,fill=FI,flush=-,to=0/30000}{io=0/1,kio=0,kro=1}->SslConnection@19f1fb9a{NOT_HANDSHAKING,eio=-1/-1,di=-1,fill=INTERESTED,flush=IDLE}~>DecryptedEndPoint@6605e24{l=/127.0.0.1:33437,r=/127.0.0.1:57202,OPEN,fill=FI,flush=-,to=0/30000}=>HttpConnection@74d338e3[p=HttpParser{s=START,0 of -1},g=HttpGenerator@1d6417fe{s=START}]=>HttpChannelOverHttp@7e5417b4{s=HttpChannelState@2522d09c{s=IDLE rs=BLOCKING os=OPEN is=IDLE awp=false se=false i=true al=0},r=2,c=false/false,a=IDLE,uri=null,age=0}
04:29:54.156 [qtp399373008-58] DEBUG org.eclipse.jetty.io.ManagedSelector - Queued change lazy=false org.eclipse.jetty.io.ChannelEndPoint$$Lambda$255/1126011505@6f08b8c7 on ManagedSelector@4e70a728{STARTED} id=0 keys=1 selected=0 updates=0
04:29:54.156 [qtp399373008-58] DEBUG org.eclipse.jetty.io.ManagedSelector - Wakeup on submit ManagedSelector@4e70a728{STARTED} id=0 keys=1 selected=0 updates=1
04:29:54.156 [qtp399373008-58] DEBUG org.eclipse.jetty.server.HttpConnection - HttpConnection@74d338e3::DecryptedEndPoint@6605e24{l=/127.0.0.1:33437,r=/127.0.0.1:57202,OPEN,fill=FI,flush=-,to=0/30000} onFillable exit HttpChannelState@2522d09c{s=IDLE rs=BLOCKING os=OPEN is=IDLE awp=false se=false i=true al=0} null
04:29:54.156 [qtp399373008-57] DEBUG org.eclipse.jetty.io.ManagedSelector - Selector sun.nio.ch.EPollSelectorImpl@5760edca woken with none selected
04:29:54.156 [qtp399373008-57] DEBUG org.eclipse.jetty.io.ManagedSelector - Selector sun.nio.ch.EPollSelectorImpl@5760edca woken up from select, 0/0/1 selected
04:29:54.156 [qtp399373008-57] DEBUG org.eclipse.jetty.io.ManagedSelector - Selector sun.nio.ch.EPollSelectorImpl@5760edca processing 0 keys, 1 updates
04:29:54.156 [qtp399373008-57] DEBUG org.eclipse.jetty.io.ManagedSelector - updateable 1
04:29:54.156 [qtp399373008-58] DEBUG org.eclipse.jetty.io.ssl.SslConnection - <c.onFillable SslConnection@19f1fb9a::SocketChannelEndPoint@51fe53f7{l=/127.0.0.1:33437,r=/127.0.0.1:57202,OPEN,fill=FI,flush=-,to=0/30000}{io=0/1,kio=0,kro=1}->SslConnection@19f1fb9a{NOT_HANDSHAKING,eio=-1/-1,di=-1,fill=INTERESTED,flush=IDLE}~>DecryptedEndPoint@6605e24{l=/127.0.0.1:33437,r=/127.0.0.1:57202,OPEN,fill=FI,flush=-,to=0/30000}=>HttpConnection@74d338e3[p=HttpParser{s=START,0 of -1},g=HttpGenerator@1d6417fe{s=START}]=>HttpChannelOverHttp@7e5417b4{s=HttpChannelState@2522d09c{s=IDLE rs=BLOCKING os=OPEN is=IDLE awp=false se=false i=true al=0},r=2,c=false/false,a=IDLE,uri=null,age=0}
04:29:54.156 [qtp399373008-57] DEBUG org.eclipse.jetty.io.ManagedSelector - update org.eclipse.jetty.io.ChannelEndPoint$$Lambda$255/1126011505@6f08b8c7
04:29:54.157 [qtp399373008-58] DEBUG org.eclipse.jetty.util.thread.ReservedThreadExecutor - ReservedThread@66ba7cba{RUNNING,thread=Thread[qtp399373008-58,5,main]} was=RUNNING next=RESERVED size=0+2 capacity=8
04:29:54.157 [qtp399373008-58] DEBUG org.eclipse.jetty.util.thread.ReservedThreadExecutor - ReservedThread@66ba7cba{RESERVED,thread=Thread[qtp399373008-58,5,main]} waiting ReservedThreadExecutor@424fd310{reserved=2/8,pending=0}
04:29:54.157 [qtp399373008-57] DEBUG org.eclipse.jetty.io.ChannelEndPoint - Key interests updated 0 -> 1 on SocketChannelEndPoint@51fe53f7{l=/127.0.0.1:33437,r=/127.0.0.1:57202,OPEN,fill=FI,flush=-,to=0/30000}{io=1/1,kio=1,kro=1}->SslConnection@19f1fb9a{NOT_HANDSHAKING,eio=-1/-1,di=-1,fill=INTERESTED,flush=IDLE}~>DecryptedEndPoint@6605e24{l=/127.0.0.1:33437,r=/127.0.0.1:57202,OPEN,fill=FI,flush=-,to=0/30000}=>HttpConnection@74d338e3[p=HttpParser{s=START,0 of -1},g=HttpGenerator@1d6417fe{s=START}]=>HttpChannelOverHttp@7e5417b4{s=HttpChannelState@2522d09c{s=IDLE rs=BLOCKING os=OPEN is=IDLE awp=false se=false i=true al=0},r=2,c=false/false,a=IDLE,uri=null,age=0}
04:29:54.157 [qtp399373008-57] DEBUG org.eclipse.jetty.io.ManagedSelector - updates 0
04:29:54.157 [qtp399373008-57] DEBUG org.eclipse.jetty.io.ManagedSelector - Selector sun.nio.ch.EPollSelectorImpl@5760edca waiting with 1 keys
04:29:54.158 [main] DEBUG org.apache.nifi.minifi.bootstrap.configuration.ingestors.PullHttpChangeIngestor - Attempting to pull new config
04:29:54.158 [qtp399373008-60-acceptor-0@53dacd14-ServerConnector@2374d36a{SSL, (ssl, http/1.1)}{localhost:33437}] DEBUG org.eclipse.jetty.io.ManagedSelector - Queued change lazy=false Accept@4314df11[java.nio.channels.SocketChannel[connected local=/127.0.0.1:33437 remote=/127.0.0.1:57218]] on ManagedSelector@5733f295{STARTED} id=1 keys=1 selected=0 updates=0
04:29:54.158 [qtp399373008-60-acceptor-0@53dacd14-ServerConnector@2374d36a{SSL, (ssl, http/1.1)}{localhost:33437}] DEBUG org.eclipse.jetty.io.ManagedSelector - Wakeup on submit ManagedSelector@5733f295{STARTED} id=1 keys=1 selected=0 updates=1
04:29:54.158 [qtp399373008-61] DEBUG org.eclipse.jetty.io.ManagedSelector - Selector sun.nio.ch.EPollSelectorImpl@383171f8 woken with none selected
04:29:54.158 [qtp399373008-61] DEBUG org.eclipse.jetty.io.ManagedSelector - Selector sun.nio.ch.EPollSelectorImpl@383171f8 woken up from select, 0/0/1 selected
04:29:54.158 [qtp399373008-61] DEBUG org.eclipse.jetty.io.ManagedSelector - Selector sun.nio.ch.EPollSelectorImpl@383171f8 processing 0 keys, 1 updates
04:29:54.158 [qtp399373008-61] DEBUG org.eclipse.jetty.io.ManagedSelector - updateable 1
04:29:54.158 [qtp399373008-61] DEBUG org.eclipse.jetty.io.ManagedSelector - update Accept@4314df11[java.nio.channels.SocketChannel[connected local=/127.0.0.1:33437 remote=/127.0.0.1:57218]]
04:29:54.159 [qtp399373008-61] DEBUG org.eclipse.jetty.util.thread.QueuedThreadPool - queue Accept@4314df11[java.nio.channels.SocketChannel[connected local=/127.0.0.1:33437 remote=/127.0.0.1:57218]] startThread=0
04:29:54.159 [qtp399373008-55] DEBUG org.eclipse.jetty.util.thread.QueuedThreadPool - run Accept@4314df11[java.nio.channels.SocketChannel[connected local=/127.0.0.1:33437 remote=/127.0.0.1:57218]] in QueuedThreadPool[qtp399373008]@17cdf2d0{STARTED,8<=8<=200,i=0,r=-1,q=0}[ReservedThreadExecutor@424fd310{reserved=2/8,pending=0}]
04:29:54.159 [qtp399373008-61] DEBUG org.eclipse.jetty.io.ManagedSelector - updates 0
04:29:54.159 [qtp399373008-61] DEBUG org.eclipse.jetty.io.ManagedSelector - Selector sun.nio.ch.EPollSelectorImpl@383171f8 waiting with 2 keys
04:29:54.159 [qtp399373008-55] DEBUG org.eclipse.jetty.io.IdleTimeout - SocketChannelEndPoint@5d9886ba{l=/127.0.0.1:33437,r=/127.0.0.1:57218,OPEN,fill=-,flush=-,to=0/30000}{io=0/0,kio=0,kro=0}-><null> idle timeout check, elapsed: 0 ms, remaining: 30000 ms
04:29:54.159 [qtp399373008-55] DEBUG org.eclipse.jetty.util.ssl.SslContextFactory - Customize sun.security.ssl.SSLEngineImpl@189a036d
04:29:54.159 [qtp399373008-55] DEBUG org.eclipse.jetty.server.HttpChannel - new HttpChannelOverHttp@4844b309{s=HttpChannelState@29c8feee{s=IDLE rs=BLOCKING os=OPEN is=IDLE awp=false se=false i=true al=0},r=0,c=false/false,a=IDLE,uri=null,age=0} -> DecryptedEndPoint@30fc103b{l=/127.0.0.1:33437,r=/127.0.0.1:57218,OPEN,fill=-,flush=-,to=0/30000},null,HttpChannelState@29c8feee{s=IDLE rs=BLOCKING os=OPEN is=IDLE awp=false se=false i=true al=0}
04:29:54.159 [qtp399373008-55] DEBUG org.eclipse.jetty.server.HttpConnection - New HTTP Connection HttpConnection@78b5fc22::DecryptedEndPoint@30fc103b{l=/127.0.0.1:33437,r=/127.0.0.1:57218,OPEN,fill=-,flush=-,to=0/30000}
04:29:54.159 [qtp399373008-55] DEBUG org.eclipse.jetty.io.ManagedSelector - Queued change lazy=true org.eclipse.jetty.io.ManagedSelector$$Lambda$258/854397033@1584c4c6 on ManagedSelector@5733f295{STARTED} id=1 keys=2 selected=0 updates=0
04:29:54.159 [qtp399373008-55] DEBUG org.eclipse.jetty.io.AbstractEndPoint - onOpen SocketChannelEndPoint@5d9886ba{l=/127.0.0.1:33437,r=/127.0.0.1:57218,OPEN,fill=-,flush=-,to=0/30000}{io=0/0,kio=0,kro=0}->SslConnection@7b557716{NOT_HANDSHAKING,eio=-1/-1,di=-1,fill=IDLE,flush=IDLE}~>DecryptedEndPoint@30fc103b{l=/127.0.0.1:33437,r=/127.0.0.1:57218,OPEN,fill=-,flush=-,to=0/30000}=>HttpConnection@78b5fc22[p=HttpParser{s=START,0 of -1},g=HttpGenerator@2bf8dd8f{s=START}]=>HttpChannelOverHttp@4844b309{s=HttpChannelState@29c8feee{s=IDLE rs=BLOCKING os=OPEN is=IDLE awp=false se=false i=true al=0},r=0,c=false/false,a=IDLE,uri=null,age=0}
04:29:54.159 [qtp399373008-55] DEBUG org.eclipse.jetty.io.AbstractConnection - onOpen SslConnection@7b557716::SocketChannelEndPoint@5d9886ba{l=/127.0.0.1:33437,r=/127.0.0.1:57218,OPEN,fill=-,flush=-,to=0/30000}{io=0/0,kio=0,kro=0}->SslConnection@7b557716{NOT_HANDSHAKING,eio=-1/-1,di=-1,fill=IDLE,flush=IDLE}~>DecryptedEndPoint@30fc103b{l=/127.0.0.1:33437,r=/127.0.0.1:57218,OPEN,fill=-,flush=-,to=0/30000}=>HttpConnection@78b5fc22[p=HttpParser{s=START,0 of -1},g=HttpGenerator@2bf8dd8f{s=START}]=>HttpChannelOverHttp@4844b309{s=HttpChannelState@29c8feee{s=IDLE rs=BLOCKING os=OPEN is=IDLE awp=false se=false i=true al=0},r=0,c=false/false,a=IDLE,uri=null,age=0}
04:29:54.159 [qtp399373008-55] DEBUG org.eclipse.jetty.io.AbstractConnection - onOpen HttpConnection@78b5fc22::DecryptedEndPoint@30fc103b{l=/127.0.0.1:33437,r=/127.0.0.1:57218,OPEN,fill=-,flush=-,to=0/30000}
04:29:54.159 [qtp399373008-55] DEBUG org.eclipse.jetty.io.AbstractConnection - fillInterested HttpConnection@78b5fc22::DecryptedEndPoint@30fc103b{l=/127.0.0.1:33437,r=/127.0.0.1:57218,OPEN,fill=-,flush=-,to=0/30000}
04:29:54.159 [qtp399373008-55] DEBUG org.eclipse.jetty.io.FillInterest - interested FillInterest@7cfb603e{AC.ReadCB@78b5fc22{HttpConnection@78b5fc22::DecryptedEndPoint@30fc103b{l=/127.0.0.1:33437,r=/127.0.0.1:57218,OPEN,fill=FI,flush=-,to=0/30000}}}
04:29:54.159 [qtp399373008-55] DEBUG org.eclipse.jetty.io.ssl.SslConnection - >needFillInterest s=IDLE/IDLE uf=false ei=null di=null SslConnection@7b557716::SocketChannelEndPoint@5d9886ba{l=/127.0.0.1:33437,r=/127.0.0.1:57218,OPEN,fill=-,flush=-,to=0/30000}{io=0/0,kio=0,kro=0}->SslConnection@7b557716{NOT_HANDSHAKING,eio=-1/-1,di=-1,fill=IDLE,flush=IDLE}~>DecryptedEndPoint@30fc103b{l=/127.0.0.1:33437,r=/127.0.0.1:57218,OPEN,fill=FI,flush=-,to=0/30000}=>HttpConnection@78b5fc22[p=HttpParser{s=START,0 of -1},g=HttpGenerator@2bf8dd8f{s=START}]=>HttpChannelOverHttp@4844b309{s=HttpChannelState@29c8feee{s=IDLE rs=BLOCKING os=OPEN is=IDLE awp=false se=false i=true al=0},r=0,c=false/false,a=IDLE,uri=null,age=0}
04:29:54.159 [qtp399373008-55] DEBUG org.eclipse.jetty.io.ssl.SslConnection - <needFillInterest s=IDLE/INTERESTED f=false i=true w=null
04:29:54.160 [qtp399373008-55] DEBUG org.eclipse.jetty.io.ssl.SslConnection - ensureFillInterested SslConnection@7b557716::SocketChannelEndPoint@5d9886ba{l=/127.0.0.1:33437,r=/127.0.0.1:57218,OPEN,fill=-,flush=-,to=0/30000}{io=0/0,kio=0,kro=0}->SslConnection@7b557716{NOT_HANDSHAKING,eio=-1/-1,di=-1,fill=INTERESTED,flush=IDLE}~>DecryptedEndPoint@30fc103b{l=/127.0.0.1:33437,r=/127.0.0.1:57218,OPEN,fill=FI,flush=-,to=0/30000}=>HttpConnection@78b5fc22[p=HttpParser{s=START,0 of -1},g=HttpGenerator@2bf8dd8f{s=START}]=>HttpChannelOverHttp@4844b309{s=HttpChannelState@29c8feee{s=IDLE rs=BLOCKING os=OPEN is=IDLE awp=false se=false i=true al=0},r=0,c=false/false,a=IDLE,uri=null,age=0}
04:29:54.160 [qtp399373008-55] DEBUG org.eclipse.jetty.io.FillInterest - interested FillInterest@4f6a3993{SSLC.NBReadCB@7b557716{SslConnection@7b557716::SocketChannelEndPoint@5d9886ba{l=/127.0.0.1:33437,r=/127.0.0.1:57218,OPEN,fill=FI,flush=-,to=0/30000}{io=0/0,kio=0,kro=0}->SslConnection@7b557716{NOT_HANDSHAKING,eio=-1/-1,di=-1,fill=INTERESTED,flush=IDLE}~>DecryptedEndPoint@30fc103b{l=/127.0.0.1:33437,r=/127.0.0.1:57218,OPEN,fill=FI,flush=-,to=0/30000}=>HttpConnection@78b5fc22[p=HttpParser{s=START,0 of -1},g=HttpGenerator@2bf8dd8f{s=START}]=>HttpChannelOverHttp@4844b309{s=HttpChannelState@29c8feee{s=IDLE rs=BLOCKING os=OPEN is=IDLE awp=false se=false i=true al=0},r=0,c=false/false,a=IDLE,uri=null,age=0}}}
04:29:54.160 [qtp399373008-55] DEBUG org.eclipse.jetty.io.ChannelEndPoint - changeInterests p=false 0->1 for SocketChannelEndPoint@5d9886ba{l=/127.0.0.1:33437,r=/127.0.0.1:57218,OPEN,fill=FI,flush=-,to=0/30000}{io=0/1,kio=0,kro=0}->SslConnection@7b557716{NOT_HANDSHAKING,eio=-1/-1,di=-1,fill=INTERESTED,flush=IDLE}~>DecryptedEndPoint@30fc103b{l=/127.0.0.1:33437,r=/127.0.0.1:57218,OPEN,fill=FI,flush=-,to=0/30000}=>HttpConnection@78b5fc22[p=HttpParser{s=START,0 of -1},g=HttpGenerator@2bf8dd8f{s=START}]=>HttpChannelOverHttp@4844b309{s=HttpChannelState@29c8feee{s=IDLE rs=BLOCKING os=OPEN is=IDLE awp=false se=false i=true al=0},r=0,c=false/false,a=IDLE,uri=null,age=0}
04:29:54.160 [qtp399373008-55] DEBUG org.eclipse.jetty.io.ManagedSelector - Queued change lazy=false org.eclipse.jetty.io.ChannelEndPoint$$Lambda$255/1126011505@1fd71aaf on ManagedSelector@5733f295{STARTED} id=1 keys=2 selected=0 updates=1
04:29:54.160 [qtp399373008-55] DEBUG org.eclipse.jetty.io.ManagedSelector - Wakeup on submit ManagedSelector@5733f295{STARTED} id=1 keys=2 selected=0 updates=2
04:29:54.160 [qtp399373008-61] DEBUG org.eclipse.jetty.io.ManagedSelector - Selector sun.nio.ch.EPollSelectorImpl@383171f8 woken with none selected
04:29:54.160 [qtp399373008-61] DEBUG org.eclipse.jetty.io.ManagedSelector - Selector sun.nio.ch.EPollSelectorImpl@383171f8 woken up from select, 0/0/2 selected
04:29:54.160 [qtp399373008-61] DEBUG org.eclipse.jetty.io.ManagedSelector - Selector sun.nio.ch.EPollSelectorImpl@383171f8 processing 0 keys, 2 updates
04:29:54.160 [qtp399373008-61] DEBUG org.eclipse.jetty.io.ManagedSelector - updateable 2
04:29:54.160 [qtp399373008-55] DEBUG org.eclipse.jetty.io.ManagedSelector - Created SocketChannelEndPoint@5d9886ba{l=/127.0.0.1:33437,r=/127.0.0.1:57218,OPEN,fill=FI,flush=-,to=0/30000}{io=0/1,kio=0,kro=0}->SslConnection@7b557716{NOT_HANDSHAKING,eio=-1/-1,di=-1,fill=INTERESTED,flush=IDLE}~>DecryptedEndPoint@30fc103b{l=/127.0.0.1:33437,r=/127.0.0.1:57218,OPEN,fill=FI,flush=-,to=0/30000}=>HttpConnection@78b5fc22[p=HttpParser{s=START,0 of -1},g=HttpGenerator@2bf8dd8f{s=START}]=>HttpChannelOverHttp@4844b309{s=HttpChannelState@29c8feee{s=IDLE rs=BLOCKING os=OPEN is=IDLE awp=false se=false i=true al=0},r=0,c=false/false,a=IDLE,uri=null,age=0}
04:29:54.160 [qtp399373008-61] DEBUG org.eclipse.jetty.io.ManagedSelector - update org.eclipse.jetty.io.ManagedSelector$$Lambda$258/854397033@1584c4c6
04:29:54.160 [qtp399373008-61] DEBUG org.eclipse.jetty.io.ManagedSelector - update org.eclipse.jetty.io.ChannelEndPoint$$Lambda$255/1126011505@1fd71aaf
04:29:54.160 [qtp399373008-55] DEBUG org.eclipse.jetty.util.thread.QueuedThreadPool - ran Accept@4314df11[java.nio.channels.SocketChannel[connected local=/127.0.0.1:33437 remote=/127.0.0.1:57218]] in QueuedThreadPool[qtp399373008]@17cdf2d0{STARTED,8<=8<=200,i=0,r=-1,q=0}[ReservedThreadExecutor@424fd310{reserved=2/8,pending=0}]
04:29:54.160 [qtp399373008-61] DEBUG org.eclipse.jetty.io.ChannelEndPoint - Key interests updated 0 -> 1 on SocketChannelEndPoint@5d9886ba{l=/127.0.0.1:33437,r=/127.0.0.1:57218,OPEN,fill=FI,flush=-,to=0/30000}{io=1/1,kio=1,kro=0}->SslConnection@7b557716{NOT_HANDSHAKING,eio=-1/-1,di=-1,fill=INTERESTED,flush=IDLE}~>DecryptedEndPoint@30fc103b{l=/127.0.0.1:33437,r=/127.0.0.1:57218,OPEN,fill=FI,flush=-,to=0/30000}=>HttpConnection@78b5fc22[p=HttpParser{s=START,0 of -1},g=HttpGenerator@2bf8dd8f{s=START}]=>HttpChannelOverHttp@4844b309{s=HttpChannelState@29c8feee{s=IDLE rs=BLOCKING os=OPEN is=IDLE awp=false se=false i=true al=0},r=0,c=false/false,a=IDLE,uri=null,age=0}
04:29:54.160 [qtp399373008-61] DEBUG org.eclipse.jetty.io.ManagedSelector - updates 0
04:29:54.160 [qtp399373008-61] DEBUG org.eclipse.jetty.io.ManagedSelector - Selector sun.nio.ch.EPollSelectorImpl@383171f8 waiting with 2 keys
04:29:54.160 [qtp399373008-61] DEBUG org.eclipse.jetty.io.ManagedSelector - Selector sun.nio.ch.EPollSelectorImpl@383171f8 woken up from select, 1/1/2 selected
04:29:54.160 [qtp399373008-61] DEBUG org.eclipse.jetty.io.ManagedSelector - Selector sun.nio.ch.EPollSelectorImpl@383171f8 processing 1 keys, 0 updates
04:29:54.160 [qtp399373008-61] DEBUG org.eclipse.jetty.io.ManagedSelector - selected 1 sun.nio.ch.SelectionKeyImpl@1f8434f8 SocketChannelEndPoint@5d9886ba{l=/127.0.0.1:33437,r=/127.0.0.1:57218,OPEN,fill=FI,flush=-,to=0/30000}{io=1/1,kio=1,kro=1}->SslConnection@7b557716{NOT_HANDSHAKING,eio=-1/-1,di=-1,fill=INTERESTED,flush=IDLE}~>DecryptedEndPoint@30fc103b{l=/127.0.0.1:33437,r=/127.0.0.1:57218,OPEN,fill=FI,flush=-,to=0/30000}=>HttpConnection@78b5fc22[p=HttpParser{s=START,0 of -1},g=HttpGenerator@2bf8dd8f{s=START}]=>HttpChannelOverHttp@4844b309{s=HttpChannelState@29c8feee{s=IDLE rs=BLOCKING os=OPEN is=IDLE awp=false se=false i=true al=0},r=0,c=false/false,a=IDLE,uri=null,age=0} 
04:29:54.160 [qtp399373008-61] DEBUG org.eclipse.jetty.io.ChannelEndPoint - onSelected 1->0 r=true w=false for SocketChannelEndPoint@5d9886ba{l=/127.0.0.1:33437,r=/127.0.0.1:57218,OPEN,fill=FI,flush=-,to=0/30000}{io=1/0,kio=1,kro=1}->SslConnection@7b557716{NOT_HANDSHAKING,eio=-1/-1,di=-1,fill=INTERESTED,flush=IDLE}~>DecryptedEndPoint@30fc103b{l=/127.0.0.1:33437,r=/127.0.0.1:57218,OPEN,fill=FI,flush=-,to=0/30000}=>HttpConnection@78b5fc22[p=HttpParser{s=START,0 of -1},g=HttpGenerator@2bf8dd8f{s=START}]=>HttpChannelOverHttp@4844b309{s=HttpChannelState@29c8feee{s=IDLE rs=BLOCKING os=OPEN is=IDLE awp=false se=false i=true al=0},r=0,c=false/false,a=IDLE,uri=null,age=0}
04:29:54.160 [qtp399373008-61] DEBUG org.eclipse.jetty.io.ChannelEndPoint - task CEP:SocketChannelEndPoint@5d9886ba{l=/127.0.0.1:33437,r=/127.0.0.1:57218,OPEN,fill=FI,flush=-,to=0/30000}{io=1/0,kio=1,kro=1}->SslConnection@7b557716{NOT_HANDSHAKING,eio=-1/-1,di=-1,fill=INTERESTED,flush=IDLE}~>DecryptedEndPoint@30fc103b{l=/127.0.0.1:33437,r=/127.0.0.1:57218,OPEN,fill=FI,flush=-,to=1/30000}=>HttpConnection@78b5fc22[p=HttpParser{s=START,0 of -1},g=HttpGenerator@2bf8dd8f{s=START}]=>HttpChannelOverHttp@4844b309{s=HttpChannelState@29c8feee{s=IDLE rs=BLOCKING os=OPEN is=IDLE awp=false se=false i=true al=0},r=0,c=false/false,a=IDLE,uri=null,age=0}:runFillable:BLOCKING
04:29:54.161 [qtp399373008-61] DEBUG org.eclipse.jetty.util.thread.ReservedThreadExecutor - ReservedThreadExecutor@424fd310{reserved=2/8,pending=0} tryExecute EatWhatYouKill@b7838a9/SelectorProducer@696f0212/PRODUCING/p=false/QueuedThreadPool[qtp399373008]@17cdf2d0{STARTED,8<=8<=200,i=1,r=-1,q=0}[ReservedThreadExecutor@424fd310{reserved=2/8,pending=0}][pc=0,pic=0,pec=1,epc=2]@2024-05-02T04:29:54.16+01:00
04:29:54.161 [qtp399373008-61] DEBUG org.eclipse.jetty.util.thread.strategy.EatWhatYouKill - EatWhatYouKill@b7838a9/SelectorProducer@696f0212/IDLE/p=true/QueuedThreadPool[qtp399373008]@17cdf2d0{STARTED,8<=8<=200,i=1,r=-1,q=0}[ReservedThreadExecutor@424fd310{reserved=1/8,pending=0}][pc=0,pic=0,pec=1,epc=2]@2024-05-02T04:29:54.161+01:00 m=EXECUTE_PRODUCE_CONSUME t=CEP:SocketChannelEndPoint@5d9886ba{l=/127.0.0.1:33437,r=/127.0.0.1:57218,OPEN,fill=FI,flush=-,to=1/30000}{io=1/0,kio=1,kro=1}->SslConnection@7b557716{NOT_HANDSHAKING,eio=-1/-1,di=-1,fill=INTERESTED,flush=IDLE}~>DecryptedEndPoint@30fc103b{l=/127.0.0.1:33437,r=/127.0.0.1:57218,OPEN,fill=FI,flush=-,to=1/30000}=>HttpConnection@78b5fc22[p=HttpParser{s=START,0 of -1},g=HttpGenerator@2bf8dd8f{s=START}]=>HttpChannelOverHttp@4844b309{s=HttpChannelState@29c8feee{s=IDLE rs=BLOCKING os=OPEN is=IDLE awp=false se=false i=true al=0},r=0,c=false/false,a=IDLE,uri=null,age=0}:runFillable:BLOCKING/BLOCKING
04:29:54.161 [qtp399373008-58] DEBUG org.eclipse.jetty.util.thread.ReservedThreadExecutor - ReservedThread@66ba7cba{RESERVED,thread=Thread[qtp399373008-58,5,main]} task=EatWhatYouKill@b7838a9/SelectorProducer@696f0212/IDLE/p=true/QueuedThreadPool[qtp399373008]@17cdf2d0{STARTED,8<=8<=200,i=1,r=-1,q=0}[ReservedThreadExecutor@424fd310{reserved=1/8,pending=0}][pc=0,pic=0,pec=1,epc=2]@2024-05-02T04:29:54.161+01:00 ReservedThreadExecutor@424fd310{reserved=1/8,pending=0}
04:29:54.161 [qtp399373008-58] DEBUG org.eclipse.jetty.util.thread.strategy.EatWhatYouKill - EatWhatYouKill@b7838a9/SelectorProducer@696f0212/IDLE/p=true/QueuedThreadPool[qtp399373008]@17cdf2d0{STARTED,8<=8<=200,i=1,r=-1,q=0}[ReservedThreadExecutor@424fd310{reserved=1/8,pending=0}][pc=0,pic=0,pec=1,epc=3]@2024-05-02T04:29:54.161+01:00 tryProduce true
04:29:54.161 [qtp399373008-61] DEBUG org.eclipse.jetty.io.FillInterest - fillable FillInterest@4f6a3993{SSLC.NBReadCB@7b557716{SslConnection@7b557716::SocketChannelEndPoint@5d9886ba{l=/127.0.0.1:33437,r=/127.0.0.1:57218,OPEN,fill=FI,flush=-,to=1/30000}{io=1/0,kio=1,kro=1}->SslConnection@7b557716{NOT_HANDSHAKING,eio=-1/-1,di=-1,fill=INTERESTED,flush=IDLE}~>DecryptedEndPoint@30fc103b{l=/127.0.0.1:33437,r=/127.0.0.1:57218,OPEN,fill=FI,flush=-,to=1/30000}=>HttpConnection@78b5fc22[p=HttpParser{s=START,0 of -1},g=HttpGenerator@2bf8dd8f{s=START}]=>HttpChannelOverHttp@4844b309{s=HttpChannelState@29c8feee{s=IDLE rs=BLOCKING os=OPEN is=IDLE awp=false se=false i=true al=0},r=0,c=false/false,a=IDLE,uri=null,age=0}}}
04:29:54.161 [qtp399373008-58] DEBUG org.eclipse.jetty.io.ManagedSelector - updateable 0
04:29:54.161 [qtp399373008-58] DEBUG org.eclipse.jetty.io.ManagedSelector - updates 0
04:29:54.161 [qtp399373008-61] DEBUG org.eclipse.jetty.io.ssl.SslConnection - >c.onFillable SslConnection@7b557716::SocketChannelEndPoint@5d9886ba{l=/127.0.0.1:33437,r=/127.0.0.1:57218,OPEN,fill=-,flush=-,to=1/30000}{io=1/0,kio=1,kro=1}->SslConnection@7b557716{NOT_HANDSHAKING,eio=-1/-1,di=-1,fill=INTERESTED,flush=IDLE}~>DecryptedEndPoint@30fc103b{l=/127.0.0.1:33437,r=/127.0.0.1:57218,OPEN,fill=FI,flush=-,to=1/30000}=>HttpConnection@78b5fc22[p=HttpParser{s=START,0 of -1},g=HttpGenerator@2bf8dd8f{s=START}]=>HttpChannelOverHttp@4844b309{s=HttpChannelState@29c8feee{s=IDLE rs=BLOCKING os=OPEN is=IDLE awp=false se=false i=true al=0},r=0,c=false/false,a=IDLE,uri=null,age=0}
04:29:54.161 [qtp399373008-58] DEBUG org.eclipse.jetty.io.ChannelEndPoint - Key interests updated 1 -> 0 on SocketChannelEndPoint@5d9886ba{l=/127.0.0.1:33437,r=/127.0.0.1:57218,OPEN,fill=-,flush=-,to=1/30000}{io=0/0,kio=0,kro=1}->SslConnection@7b557716{NOT_HANDSHAKING,eio=-1/-1,di=-1,fill=INTERESTED,flush=IDLE}~>DecryptedEndPoint@30fc103b{l=/127.0.0.1:33437,r=/127.0.0.1:57218,OPEN,fill=FI,flush=-,to=1/30000}=>HttpConnection@78b5fc22[p=HttpParser{s=START,0 of -1},g=HttpGenerator@2bf8dd8f{s=START}]=>HttpChannelOverHttp@4844b309{s=HttpChannelState@29c8feee{s=IDLE rs=BLOCKING os=OPEN is=IDLE awp=false se=false i=true al=0},r=0,c=false/false,a=IDLE,uri=null,age=0}
04:29:54.161 [qtp399373008-58] DEBUG org.eclipse.jetty.io.ManagedSelector - Selector sun.nio.ch.EPollSelectorImpl@383171f8 waiting with 2 keys
04:29:54.161 [qtp399373008-61] DEBUG org.eclipse.jetty.io.ssl.SslConnection - onFillable SslConnection@7b557716::SocketChannelEndPoint@5d9886ba{l=/127.0.0.1:33437,r=/127.0.0.1:57218,OPEN,fill=-,flush=-,to=1/30000}{io=0/0,kio=0,kro=1}->SslConnection@7b557716{NOT_HANDSHAKING,eio=-1/-1,di=-1,fill=INTERESTED,flush=IDLE}~>DecryptedEndPoint@30fc103b{l=/127.0.0.1:33437,r=/127.0.0.1:57218,OPEN,fill=FI,flush=-,to=1/30000}=>HttpConnection@78b5fc22[p=HttpParser{s=START,0 of -1},g=HttpGenerator@2bf8dd8f{s=START}]=>HttpChannelOverHttp@4844b309{s=HttpChannelState@29c8feee{s=IDLE rs=BLOCKING os=OPEN is=IDLE awp=false se=false i=true al=0},r=0,c=false/false,a=IDLE,uri=null,age=0}
04:29:54.161 [qtp399373008-61] DEBUG org.eclipse.jetty.io.FillInterest - fillable FillInterest@7cfb603e{AC.ReadCB@78b5fc22{HttpConnection@78b5fc22::DecryptedEndPoint@30fc103b{l=/127.0.0.1:33437,r=/127.0.0.1:57218,OPEN,fill=FI,flush=-,to=1/30000}}}
04:29:54.161 [qtp399373008-61] DEBUG org.eclipse.jetty.server.HttpConnection - HttpConnection@78b5fc22::DecryptedEndPoint@30fc103b{l=/127.0.0.1:33437,r=/127.0.0.1:57218,OPEN,fill=-,flush=-,to=1/30000} onFillable enter HttpChannelState@29c8feee{s=IDLE rs=BLOCKING os=OPEN is=IDLE awp=false se=false i=true al=0} null
04:29:54.161 [qtp399373008-61] DEBUG org.eclipse.jetty.io.ssl.SslConnection - >fill SslConnection@7b557716::SocketChannelEndPoint@5d9886ba{l=/127.0.0.1:33437,r=/127.0.0.1:57218,OPEN,fill=-,flush=-,to=1/30000}{io=0/0,kio=0,kro=1}->SslConnection@7b557716{NOT_HANDSHAKING,eio=-1/-1,di=-1,fill=IDLE,flush=IDLE}~>DecryptedEndPoint@30fc103b{l=/127.0.0.1:33437,r=/127.0.0.1:57218,OPEN,fill=-,flush=-,to=1/30000}=>HttpConnection@78b5fc22[p=HttpParser{s=START,0 of -1},g=HttpGenerator@2bf8dd8f{s=START}]=>HttpChannelOverHttp@4844b309{s=HttpChannelState@29c8feee{s=IDLE rs=BLOCKING os=OPEN is=IDLE awp=false se=false i=true al=0},r=0,c=false/false,a=IDLE,uri=null,age=0}
04:29:54.161 [qtp399373008-61] DEBUG org.eclipse.jetty.io.ssl.SslConnection - fill NOT_HANDSHAKING
04:29:54.162 [qtp399373008-61] DEBUG org.eclipse.jetty.io.ChannelEndPoint - filled 339 HeapByteBuffer@6a5710bf[p=0,l=339,c=17408,r=339]={<<<\x16\x03\x03\x01N\x01\x00\x01J\x03\x03\xBa\xA5?Z\x98\x81'\xA2(\xB5\x0e\xDfjk...\xA0B\xEd:\xC3"L\x1b\x89\x9c_\x8f2+H\xD8 \xC6\xFf\x01\x00\x01\x00>>>\xF9\xFb}{\xC0\xFag\xC6G...\x00\x00\x00\x00\x00\x00\x00}
04:29:54.162 [qtp399373008-61] DEBUG org.eclipse.jetty.io.ssl.SslConnection - net filled=339
04:29:54.162 [qtp399373008-61] DEBUG org.eclipse.jetty.io.ssl.SslConnection - fill starting handshake SslConnection@7b557716::SocketChannelEndPoint@5d9886ba{l=/127.0.0.1:33437,r=/127.0.0.1:57218,OPEN,fill=-,flush=-,to=0/30000}{io=0/0,kio=0,kro=1}->SslConnection@7b557716{NOT_HANDSHAKING,eio=339/-1,di=-1,fill=IDLE,flush=IDLE}~>DecryptedEndPoint@30fc103b{l=/127.0.0.1:33437,r=/127.0.0.1:57218,OPEN,fill=-,flush=-,to=2/30000}=>HttpConnection@78b5fc22[p=HttpParser{s=START,0 of -1},g=HttpGenerator@2bf8dd8f{s=START}]=>HttpChannelOverHttp@4844b309{s=HttpChannelState@29c8feee{s=IDLE rs=BLOCKING os=OPEN is=IDLE awp=false se=false i=true al=0},r=0,c=false/false,a=IDLE,uri=null,age=0}
04:29:54.162 [qtp399373008-61] DEBUG org.eclipse.jetty.io.ssl.SslConnection - unwrap net_filled=339 Status = OK HandshakeStatus = NEED_TASK bytesConsumed = 339 bytesProduced = 0 encryptedBuffer=[p=339,l=339,c=17408,r=0] unwrapBuffer=HeapByteBuffer@60af7bcf[p=0,l=0,c=17408,r=0]={<<<>>>GET /conf...\x00\x00\x00\x00\x00\x00\x00} appBuffer=HeapByteBuffer@60af7bcf[p=0,l=0,c=17408,r=0]={<<<>>>GET /conf...\x00\x00\x00\x00\x00\x00\x00}
04:29:54.162 [qtp399373008-61] DEBUG org.eclipse.jetty.io.ssl.SslConnection - fill NEED_TASK
04:29:54.171 [qtp399373008-61] DEBUG org.eclipse.jetty.io.ssl.SslConnection - fill NEED_WRAP
04:29:54.171 [qtp399373008-61] DEBUG org.eclipse.jetty.io.ssl.SslConnection - >flush SslConnection@7b557716::SocketChannelEndPoint@5d9886ba{l=/127.0.0.1:33437,r=/127.0.0.1:57218,OPEN,fill=-,flush=-,to=9/30000}{io=0/0,kio=0,kro=1}->SslConnection@7b557716{NEED_WRAP,eio=0/-1,di=-1,fill=IDLE,flush=IDLE}~>DecryptedEndPoint@30fc103b{l=/127.0.0.1:33437,r=/127.0.0.1:57218,OPEN,fill=-,flush=-,to=11/30000}=>HttpConnection@78b5fc22[p=HttpParser{s=START,0 of -1},g=HttpGenerator@2bf8dd8f{s=START}]=>HttpChannelOverHttp@4844b309{s=HttpChannelState@29c8feee{s=IDLE rs=BLOCKING os=OPEN is=IDLE awp=false se=false i=true al=0},r=0,c=false/false,a=IDLE,uri=null,age=0}
04:29:54.171 [qtp399373008-61] DEBUG org.eclipse.jetty.io.ssl.SslConnection - flush b[0]=HeapByteBuffer@29624c55[p=0,l=0,c=0,r=0]={<<<>>>}
04:29:54.171 [qtp399373008-61] DEBUG org.eclipse.jetty.io.ssl.SslConnection - flush NEED_WRAP
04:29:54.171 [qtp399373008-61] DEBUG org.eclipse.jetty.io.ssl.SslConnection - wrap Status = OK HandshakeStatus = NEED_WRAP bytesConsumed = 0 bytesProduced = 160 [p=0,l=160,c=17408,r=160] ioDone=false/false
04:29:54.171 [qtp399373008-61] DEBUG org.eclipse.jetty.io.ChannelEndPoint - flushed 160 SocketChannelEndPoint@5d9886ba{l=/127.0.0.1:33437,r=/127.0.0.1:57218,OPEN,fill=-,flush=-,to=9/30000}{io=0/0,kio=0,kro=1}->SslConnection@7b557716{NEED_WRAP,eio=0/0,di=-1,fill=IDLE,flush=IDLE}~>DecryptedEndPoint@30fc103b{l=/127.0.0.1:33437,r=/127.0.0.1:57218,OPEN,fill=-,flush=-,to=11/30000}=>HttpConnection@78b5fc22[p=HttpParser{s=START,0 of -1},g=HttpGenerator@2bf8dd8f{s=START}]=>HttpChannelOverHttp@4844b309{s=HttpChannelState@29c8feee{s=IDLE rs=BLOCKING os=OPEN is=IDLE awp=false se=false i=true al=0},r=0,c=false/false,a=IDLE,uri=null,age=0}
04:29:54.171 [qtp399373008-61] DEBUG org.eclipse.jetty.io.ssl.SslConnection - net flushed=true, ac=true
04:29:54.171 [qtp399373008-61] DEBUG org.eclipse.jetty.io.ssl.SslConnection - flush NEED_WRAP
04:29:54.171 [qtp399373008-61] DEBUG org.eclipse.jetty.io.ssl.SslConnection - wrap Status = OK HandshakeStatus = NEED_WRAP bytesConsumed = 0 bytesProduced = 6 [p=0,l=6,c=17408,r=6] ioDone=false/false
04:29:54.171 [qtp399373008-61] DEBUG org.eclipse.jetty.io.ChannelEndPoint - flushed 6 SocketChannelEndPoint@5d9886ba{l=/127.0.0.1:33437,r=/127.0.0.1:57218,OPEN,fill=-,flush=-,to=0/30000}{io=0/0,kio=0,kro=1}->SslConnection@7b557716{NEED_WRAP,eio=0/0,di=-1,fill=IDLE,flush=IDLE}~>DecryptedEndPoint@30fc103b{l=/127.0.0.1:33437,r=/127.0.0.1:57218,OPEN,fill=-,flush=-,to=11/30000}=>HttpConnection@78b5fc22[p=HttpParser{s=START,0 of -1},g=HttpGenerator@2bf8dd8f{s=START}]=>HttpChannelOverHttp@4844b309{s=HttpChannelState@29c8feee{s=IDLE rs=BLOCKING os=OPEN is=IDLE awp=false se=false i=true al=0},r=0,c=false/false,a=IDLE,uri=null,age=0}
04:29:54.171 [qtp399373008-61] DEBUG org.eclipse.jetty.io.ssl.SslConnection - net flushed=true, ac=true
04:29:54.171 [qtp399373008-61] DEBUG org.eclipse.jetty.io.ssl.SslConnection - flush NEED_WRAP
04:29:54.171 [qtp399373008-61] DEBUG org.eclipse.jetty.io.ssl.SslConnection - wrap Status = OK HandshakeStatus = NEED_UNWRAP bytesConsumed = 0 bytesProduced = 1597 [p=0,l=1597,c=17408,r=1597] ioDone=false/false
04:29:54.172 [qtp399373008-61] DEBUG org.eclipse.jetty.io.ChannelEndPoint - flushed 1597 SocketChannelEndPoint@5d9886ba{l=/127.0.0.1:33437,r=/127.0.0.1:57218,OPEN,fill=-,flush=-,to=0/30000}{io=0/0,kio=0,kro=1}->SslConnection@7b557716{NEED_UNWRAP,eio=0/0,di=-1,fill=IDLE,flush=IDLE}~>DecryptedEndPoint@30fc103b{l=/127.0.0.1:33437,r=/127.0.0.1:57218,OPEN,fill=-,flush=-,to=12/30000}=>HttpConnection@78b5fc22[p=HttpParser{s=START,0 of -1},g=HttpGenerator@2bf8dd8f{s=START}]=>HttpChannelOverHttp@4844b309{s=HttpChannelState@29c8feee{s=IDLE rs=BLOCKING os=OPEN is=IDLE awp=false se=false i=true al=0},r=0,c=false/false,a=IDLE,uri=null,age=0}
04:29:54.172 [qtp399373008-61] DEBUG org.eclipse.jetty.io.ssl.SslConnection - net flushed=true, ac=true
04:29:54.172 [qtp399373008-61] DEBUG org.eclipse.jetty.io.ssl.SslConnection - <flush true SslConnection@7b557716::SocketChannelEndPoint@5d9886ba{l=/127.0.0.1:33437,r=/127.0.0.1:57218,OPEN,fill=-,flush=-,to=0/30000}{io=0/0,kio=0,kro=1}->SslConnection@7b557716{NEED_UNWRAP,eio=0/-1,di=-1,fill=IDLE,flush=IDLE}~>DecryptedEndPoint@30fc103b{l=/127.0.0.1:33437,r=/127.0.0.1:57218,OPEN,fill=-,flush=-,to=12/30000}=>HttpConnection@78b5fc22[p=HttpParser{s=START,0 of -1},g=HttpGenerator@2bf8dd8f{s=START}]=>HttpChannelOverHttp@4844b309{s=HttpChannelState@29c8feee{s=IDLE rs=BLOCKING os=OPEN is=IDLE awp=false se=false i=true al=0},r=0,c=false/false,a=IDLE,uri=null,age=0}
04:29:54.172 [qtp399373008-61] DEBUG org.eclipse.jetty.io.ssl.SslConnection - fill NEED_UNWRAP
04:29:54.172 [qtp399373008-61] DEBUG org.eclipse.jetty.io.ChannelEndPoint - filled 0 HeapByteBuffer@6a5710bf[p=0,l=0,c=17408,r=0]={<<<>>>\x16\x03\x03\x01N\x01\x00\x01J...\x00\x00\x00\x00\x00\x00\x00}
04:29:54.172 [qtp399373008-61] DEBUG org.eclipse.jetty.io.ssl.SslConnection - net filled=0
04:29:54.172 [qtp399373008-61] DEBUG org.eclipse.jetty.io.ssl.SslConnection - unwrap net_filled=0 Status = BUFFER_UNDERFLOW HandshakeStatus = NEED_UNWRAP bytesConsumed = 0 bytesProduced = 0 encryptedBuffer=[p=0,l=0,c=17408,r=0] unwrapBuffer=HeapByteBuffer@60af7bcf[p=0,l=0,c=17408,r=0]={<<<>>>GET /conf...\x00\x00\x00\x00\x00\x00\x00} appBuffer=HeapByteBuffer@60af7bcf[p=0,l=0,c=17408,r=0]={<<<>>>GET /conf...\x00\x00\x00\x00\x00\x00\x00}
04:29:54.172 [qtp399373008-61] DEBUG org.eclipse.jetty.io.ssl.SslConnection - <fill f=0 uf=true SslConnection@7b557716::SocketChannelEndPoint@5d9886ba{l=/127.0.0.1:33437,r=/127.0.0.1:57218,OPEN,fill=-,flush=-,to=0/30000}{io=0/0,kio=0,kro=1}->SslConnection@7b557716{NEED_UNWRAP,eio=-1/-1,di=-1,fill=IDLE,flush=IDLE}~>DecryptedEndPoint@30fc103b{l=/127.0.0.1:33437,r=/127.0.0.1:57218,OPEN,fill=-,flush=-,to=12/30000}=>HttpConnection@78b5fc22[p=HttpParser{s=START,0 of -1},g=HttpGenerator@2bf8dd8f{s=START}]=>HttpChannelOverHttp@4844b309{s=HttpChannelState@29c8feee{s=IDLE rs=BLOCKING os=OPEN is=IDLE awp=false se=false i=true al=0},r=0,c=false/false,a=IDLE,uri=null,age=0}
04:29:54.172 [qtp399373008-61] DEBUG org.eclipse.jetty.io.ssl.SslConnection - >fill SslConnection@7b557716::SocketChannelEndPoint@5d9886ba{l=/127.0.0.1:33437,r=/127.0.0.1:57218,OPEN,fill=-,flush=-,to=0/30000}{io=0/0,kio=0,kro=1}->SslConnection@7b557716{NEED_UNWRAP,eio=-1/-1,di=-1,fill=IDLE,flush=IDLE}~>DecryptedEndPoint@30fc103b{l=/127.0.0.1:33437,r=/127.0.0.1:57218,OPEN,fill=-,flush=-,to=12/30000}=>HttpConnection@78b5fc22[p=HttpParser{s=START,0 of -1},g=HttpGenerator@2bf8dd8f{s=START}]=>HttpChannelOverHttp@4844b309{s=HttpChannelState@29c8feee{s=IDLE rs=BLOCKING os=OPEN is=IDLE awp=false se=false i=true al=0},r=0,c=false/false,a=IDLE,uri=null,age=0}
04:29:54.172 [qtp399373008-61] DEBUG org.eclipse.jetty.io.ssl.SslConnection - fill NEED_UNWRAP
04:29:54.172 [qtp399373008-61] DEBUG org.eclipse.jetty.io.ChannelEndPoint - filled 0 HeapByteBuffer@6e6899aa[p=0,l=0,c=17408,r=0]={<<<>>>\x17\x03\x03\x068`\xCcsW...\x00\x00\x00\x00\x00\x00\x00}
04:29:54.172 [qtp399373008-61] DEBUG org.eclipse.jetty.io.ssl.SslConnection - net filled=0
04:29:54.172 [qtp399373008-61] DEBUG org.eclipse.jetty.io.ssl.SslConnection - unwrap net_filled=0 Status = BUFFER_UNDERFLOW HandshakeStatus = NEED_UNWRAP bytesConsumed = 0 bytesProduced = 0 encryptedBuffer=[p=0,l=0,c=17408,r=0] unwrapBuffer=HeapByteBuffer@60af7bcf[p=0,l=0,c=17408,r=0]={<<<>>>GET /conf...\x00\x00\x00\x00\x00\x00\x00} appBuffer=HeapByteBuffer@60af7bcf[p=0,l=0,c=17408,r=0]={<<<>>>GET /conf...\x00\x00\x00\x00\x00\x00\x00}
04:29:54.172 [qtp399373008-61] DEBUG org.eclipse.jetty.io.ssl.SslConnection - <fill f=0 uf=true SslConnection@7b557716::SocketChannelEndPoint@5d9886ba{l=/127.0.0.1:33437,r=/127.0.0.1:57218,OPEN,fill=-,flush=-,to=0/30000}{io=0/0,kio=0,kro=1}->SslConnection@7b557716{NEED_UNWRAP,eio=-1/-1,di=-1,fill=IDLE,flush=IDLE}~>DecryptedEndPoint@30fc103b{l=/127.0.0.1:33437,r=/127.0.0.1:57218,OPEN,fill=-,flush=-,to=12/30000}=>HttpConnection@78b5fc22[p=HttpParser{s=START,0 of -1},g=HttpGenerator@2bf8dd8f{s=START}]=>HttpChannelOverHttp@4844b309{s=HttpChannelState@29c8feee{s=IDLE rs=BLOCKING os=OPEN is=IDLE awp=false se=false i=true al=0},r=0,c=false/false,a=IDLE,uri=null,age=0}
04:29:54.172 [qtp399373008-61] DEBUG org.eclipse.jetty.server.HttpConnection - HttpConnection@78b5fc22::DecryptedEndPoint@30fc103b{l=/127.0.0.1:33437,r=/127.0.0.1:57218,OPEN,fill=-,flush=-,to=12/30000} filled 0 HeapByteBuffer@60af7bcf[p=0,l=0,c=17408,r=0]={<<<>>>GET /conf...\x00\x00\x00\x00\x00\x00\x00}
04:29:54.172 [qtp399373008-61] DEBUG org.eclipse.jetty.server.HttpConnection - HttpConnection@78b5fc22::DecryptedEndPoint@30fc103b{l=/127.0.0.1:33437,r=/127.0.0.1:57218,OPEN,fill=-,flush=-,to=12/30000} parse HeapByteBuffer@60af7bcf[p=0,l=0,c=17408,r=0]={<<<>>>GET /conf...\x00\x00\x00\x00\x00\x00\x00} {}
04:29:54.172 [qtp399373008-61] DEBUG org.eclipse.jetty.http.HttpParser - parseNext s=START HeapByteBuffer@60af7bcf[p=0,l=0,c=17408,r=0]={<<<>>>GET /conf...\x00\x00\x00\x00\x00\x00\x00}
04:29:54.172 [qtp399373008-61] DEBUG org.eclipse.jetty.server.HttpConnection - HttpConnection@78b5fc22::DecryptedEndPoint@30fc103b{l=/127.0.0.1:33437,r=/127.0.0.1:57218,OPEN,fill=-,flush=-,to=12/30000} parsed false HttpParser{s=START,0 of -1}
04:29:54.172 [qtp399373008-61] DEBUG org.eclipse.jetty.server.HttpConnection - releaseRequestBuffer HttpConnection@78b5fc22::DecryptedEndPoint@30fc103b{l=/127.0.0.1:33437,r=/127.0.0.1:57218,OPEN,fill=-,flush=-,to=12/30000}
04:29:54.172 [qtp399373008-61] DEBUG org.eclipse.jetty.io.AbstractConnection - fillInterested HttpConnection@78b5fc22::DecryptedEndPoint@30fc103b{l=/127.0.0.1:33437,r=/127.0.0.1:57218,OPEN,fill=-,flush=-,to=12/30000}
04:29:54.172 [qtp399373008-61] DEBUG org.eclipse.jetty.io.FillInterest - interested FillInterest@7cfb603e{AC.ReadCB@78b5fc22{HttpConnection@78b5fc22::DecryptedEndPoint@30fc103b{l=/127.0.0.1:33437,r=/127.0.0.1:57218,OPEN,fill=FI,flush=-,to=0/30000}}}
04:29:54.172 [qtp399373008-61] DEBUG org.eclipse.jetty.io.ssl.SslConnection - >needFillInterest s=IDLE/IDLE uf=true ei=null di=null SslConnection@7b557716::SocketChannelEndPoint@5d9886ba{l=/127.0.0.1:33437,r=/127.0.0.1:57218,OPEN,fill=-,flush=-,to=0/30000}{io=0/0,kio=0,kro=1}->SslConnection@7b557716{NEED_UNWRAP,eio=-1/-1,di=-1,fill=IDLE,flush=IDLE}~>DecryptedEndPoint@30fc103b{l=/127.0.0.1:33437,r=/127.0.0.1:57218,OPEN,fill=FI,flush=-,to=0/30000}=>HttpConnection@78b5fc22[p=HttpParser{s=START,0 of -1},g=HttpGenerator@2bf8dd8f{s=START}]=>HttpChannelOverHttp@4844b309{s=HttpChannelState@29c8feee{s=IDLE rs=BLOCKING os=OPEN is=IDLE awp=false se=false i=true al=0},r=0,c=false/false,a=IDLE,uri=null,age=0}
04:29:54.172 [qtp399373008-61] DEBUG org.eclipse.jetty.io.ssl.SslConnection - <needFillInterest s=IDLE/INTERESTED f=false i=true w=null
04:29:54.172 [qtp399373008-61] DEBUG org.eclipse.jetty.io.ssl.SslConnection - ensureFillInterested SslConnection@7b557716::SocketChannelEndPoint@5d9886ba{l=/127.0.0.1:33437,r=/127.0.0.1:57218,OPEN,fill=-,flush=-,to=0/30000}{io=0/0,kio=0,kro=1}->SslConnection@7b557716{NEED_UNWRAP,eio=-1/-1,di=-1,fill=INTERESTED,flush=IDLE}~>DecryptedEndPoint@30fc103b{l=/127.0.0.1:33437,r=/127.0.0.1:57218,OPEN,fill=FI,flush=-,to=0/30000}=>HttpConnection@78b5fc22[p=HttpParser{s=START,0 of -1},g=HttpGenerator@2bf8dd8f{s=START}]=>HttpChannelOverHttp@4844b309{s=HttpChannelState@29c8feee{s=IDLE rs=BLOCKING os=OPEN is=IDLE awp=false se=false i=true al=0},r=0,c=false/false,a=IDLE,uri=null,age=0}
04:29:54.172 [qtp399373008-61] DEBUG org.eclipse.jetty.io.FillInterest - interested FillInterest@4f6a3993{SSLC.NBReadCB@7b557716{SslConnection@7b557716::SocketChannelEndPoint@5d9886ba{l=/127.0.0.1:33437,r=/127.0.0.1:57218,OPEN,fill=FI,flush=-,to=0/30000}{io=0/0,kio=0,kro=1}->SslConnection@7b557716{NEED_UNWRAP,eio=-1/-1,di=-1,fill=INTERESTED,flush=IDLE}~>DecryptedEndPoint@30fc103b{l=/127.0.0.1:33437,r=/127.0.0.1:57218,OPEN,fill=FI,flush=-,to=0/30000}=>HttpConnection@78b5fc22[p=HttpParser{s=START,0 of -1},g=HttpGenerator@2bf8dd8f{s=START}]=>HttpChannelOverHttp@4844b309{s=HttpChannelState@29c8feee{s=IDLE rs=BLOCKING os=OPEN is=IDLE awp=false se=false i=true al=0},r=0,c=false/false,a=IDLE,uri=null,age=0}}}
04:29:54.173 [qtp399373008-61] DEBUG org.eclipse.jetty.io.ChannelEndPoint - changeInterests p=false 0->1 for SocketChannelEndPoint@5d9886ba{l=/127.0.0.1:33437,r=/127.0.0.1:57218,OPEN,fill=FI,flush=-,to=0/30000}{io=0/1,kio=0,kro=1}->SslConnection@7b557716{NEED_UNWRAP,eio=-1/-1,di=-1,fill=INTERESTED,flush=IDLE}~>DecryptedEndPoint@30fc103b{l=/127.0.0.1:33437,r=/127.0.0.1:57218,OPEN,fill=FI,flush=-,to=0/30000}=>HttpConnection@78b5fc22[p=HttpParser{s=START,0 of -1},g=HttpGenerator@2bf8dd8f{s=START}]=>HttpChannelOverHttp@4844b309{s=HttpChannelState@29c8feee{s=IDLE rs=BLOCKING os=OPEN is=IDLE awp=false se=false i=true al=0},r=0,c=false/false,a=IDLE,uri=null,age=0}
04:29:54.173 [qtp399373008-61] DEBUG org.eclipse.jetty.io.ManagedSelector - Queued change lazy=false org.eclipse.jetty.io.ChannelEndPoint$$Lambda$255/1126011505@1fd71aaf on ManagedSelector@5733f295{STARTED} id=1 keys=2 selected=0 updates=0
04:29:54.173 [qtp399373008-61] DEBUG org.eclipse.jetty.io.ManagedSelector - Wakeup on submit ManagedSelector@5733f295{STARTED} id=1 keys=2 selected=0 updates=1
04:29:54.173 [qtp399373008-61] DEBUG org.eclipse.jetty.server.HttpConnection - HttpConnection@78b5fc22::DecryptedEndPoint@30fc103b{l=/127.0.0.1:33437,r=/127.0.0.1:57218,OPEN,fill=FI,flush=-,to=0/30000} onFillable exit HttpChannelState@29c8feee{s=IDLE rs=BLOCKING os=OPEN is=IDLE awp=false se=false i=true al=0} null
04:29:54.173 [qtp399373008-58] DEBUG org.eclipse.jetty.io.ManagedSelector - Selector sun.nio.ch.EPollSelectorImpl@383171f8 woken with none selected
04:29:54.173 [qtp399373008-58] DEBUG org.eclipse.jetty.io.ManagedSelector - Selector sun.nio.ch.EPollSelectorImpl@383171f8 woken up from select, 0/0/2 selected
04:29:54.173 [qtp399373008-58] DEBUG org.eclipse.jetty.io.ManagedSelector - Selector sun.nio.ch.EPollSelectorImpl@383171f8 processing 0 keys, 1 updates
04:29:54.173 [qtp399373008-58] DEBUG org.eclipse.jetty.io.ManagedSelector - updateable 1
04:29:54.173 [qtp399373008-61] DEBUG org.eclipse.jetty.io.ssl.SslConnection - <c.onFillable SslConnection@7b557716::SocketChannelEndPoint@5d9886ba{l=/127.0.0.1:33437,r=/127.0.0.1:57218,OPEN,fill=FI,flush=-,to=0/30000}{io=0/1,kio=0,kro=1}->SslConnection@7b557716{NEED_UNWRAP,eio=-1/-1,di=-1,fill=INTERESTED,flush=IDLE}~>DecryptedEndPoint@30fc103b{l=/127.0.0.1:33437,r=/127.0.0.1:57218,OPEN,fill=FI,flush=-,to=0/30000}=>HttpConnection@78b5fc22[p=HttpParser{s=START,0 of -1},g=HttpGenerator@2bf8dd8f{s=START}]=>HttpChannelOverHttp@4844b309{s=HttpChannelState@29c8feee{s=IDLE rs=BLOCKING os=OPEN is=IDLE awp=false se=false i=true al=0},r=0,c=false/false,a=IDLE,uri=null,age=0}
04:29:54.173 [qtp399373008-58] DEBUG org.eclipse.jetty.io.ManagedSelector - update org.eclipse.jetty.io.ChannelEndPoint$$Lambda$255/1126011505@1fd71aaf
04:29:54.173 [qtp399373008-61] DEBUG org.eclipse.jetty.util.thread.ReservedThreadExecutor - ReservedThread@77cb92b5{RUNNING,thread=Thread[qtp399373008-61,5,main]} was=RUNNING next=RESERVED size=0+2 capacity=8
04:29:54.173 [qtp399373008-61] DEBUG org.eclipse.jetty.util.thread.ReservedThreadExecutor - ReservedThread@77cb92b5{RESERVED,thread=Thread[qtp399373008-61,5,main]} waiting ReservedThreadExecutor@424fd310{reserved=2/8,pending=0}
04:29:54.173 [qtp399373008-58] DEBUG org.eclipse.jetty.io.ChannelEndPoint - Key interests updated 0 -> 1 on SocketChannelEndPoint@5d9886ba{l=/127.0.0.1:33437,r=/127.0.0.1:57218,OPEN,fill=FI,flush=-,to=0/30000}{io=1/1,kio=1,kro=1}->SslConnection@7b557716{NEED_UNWRAP,eio=-1/-1,di=-1,fill=INTERESTED,flush=IDLE}~>DecryptedEndPoint@30fc103b{l=/127.0.0.1:33437,r=/127.0.0.1:57218,OPEN,fill=FI,flush=-,to=1/30000}=>HttpConnection@78b5fc22[p=HttpParser{s=START,0 of -1},g=HttpGenerator@2bf8dd8f{s=START}]=>HttpChannelOverHttp@4844b309{s=HttpChannelState@29c8feee{s=IDLE rs=BLOCKING os=OPEN is=IDLE awp=false se=false i=true al=0},r=0,c=false/false,a=IDLE,uri=null,age=0}
04:29:54.173 [qtp399373008-58] DEBUG org.eclipse.jetty.io.ManagedSelector - updates 0
04:29:54.173 [qtp399373008-58] DEBUG org.eclipse.jetty.io.ManagedSelector - Selector sun.nio.ch.EPollSelectorImpl@383171f8 waiting with 2 keys
04:29:54.175 [qtp399373008-58] DEBUG org.eclipse.jetty.io.ManagedSelector - Selector sun.nio.ch.EPollSelectorImpl@383171f8 woken up from select, 1/1/2 selected
04:29:54.175 [qtp399373008-58] DEBUG org.eclipse.jetty.io.ManagedSelector - Selector sun.nio.ch.EPollSelectorImpl@383171f8 processing 1 keys, 0 updates
04:29:54.175 [qtp399373008-58] DEBUG org.eclipse.jetty.io.ManagedSelector - selected 1 sun.nio.ch.SelectionKeyImpl@1f8434f8 SocketChannelEndPoint@5d9886ba{l=/127.0.0.1:33437,r=/127.0.0.1:57218,OPEN,fill=FI,flush=-,to=2/30000}{io=1/1,kio=1,kro=1}->SslConnection@7b557716{NEED_UNWRAP,eio=-1/-1,di=-1,fill=INTERESTED,flush=IDLE}~>DecryptedEndPoint@30fc103b{l=/127.0.0.1:33437,r=/127.0.0.1:57218,OPEN,fill=FI,flush=-,to=2/30000}=>HttpConnection@78b5fc22[p=HttpParser{s=START,0 of -1},g=HttpGenerator@2bf8dd8f{s=START}]=>HttpChannelOverHttp@4844b309{s=HttpChannelState@29c8feee{s=IDLE rs=BLOCKING os=OPEN is=IDLE awp=false se=false i=true al=0},r=0,c=false/false,a=IDLE,uri=null,age=0} 
04:29:54.175 [qtp399373008-58] DEBUG org.eclipse.jetty.io.ChannelEndPoint - onSelected 1->0 r=true w=false for SocketChannelEndPoint@5d9886ba{l=/127.0.0.1:33437,r=/127.0.0.1:57218,OPEN,fill=FI,flush=-,to=2/30000}{io=1/0,kio=1,kro=1}->SslConnection@7b557716{NEED_UNWRAP,eio=-1/-1,di=-1,fill=INTERESTED,flush=IDLE}~>DecryptedEndPoint@30fc103b{l=/127.0.0.1:33437,r=/127.0.0.1:57218,OPEN,fill=FI,flush=-,to=2/30000}=>HttpConnection@78b5fc22[p=HttpParser{s=START,0 of -1},g=HttpGenerator@2bf8dd8f{s=START}]=>HttpChannelOverHttp@4844b309{s=HttpChannelState@29c8feee{s=IDLE rs=BLOCKING os=OPEN is=IDLE awp=false se=false i=true al=0},r=0,c=false/false,a=IDLE,uri=null,age=0}
04:29:54.175 [qtp399373008-58] DEBUG org.eclipse.jetty.io.ChannelEndPoint - task CEP:SocketChannelEndPoint@5d9886ba{l=/127.0.0.1:33437,r=/127.0.0.1:57218,OPEN,fill=FI,flush=-,to=2/30000}{io=1/0,kio=1,kro=1}->SslConnection@7b557716{NEED_UNWRAP,eio=-1/-1,di=-1,fill=INTERESTED,flush=IDLE}~>DecryptedEndPoint@30fc103b{l=/127.0.0.1:33437,r=/127.0.0.1:57218,OPEN,fill=FI,flush=-,to=2/30000}=>HttpConnection@78b5fc22[p=HttpParser{s=START,0 of -1},g=HttpGenerator@2bf8dd8f{s=START}]=>HttpChannelOverHttp@4844b309{s=HttpChannelState@29c8feee{s=IDLE rs=BLOCKING os=OPEN is=IDLE awp=false se=false i=true al=0},r=0,c=false/false,a=IDLE,uri=null,age=0}:runFillable:BLOCKING
04:29:54.175 [qtp399373008-58] DEBUG org.eclipse.jetty.util.thread.ReservedThreadExecutor - ReservedThreadExecutor@424fd310{reserved=2/8,pending=0} tryExecute EatWhatYouKill@b7838a9/SelectorProducer@696f0212/PRODUCING/p=false/QueuedThreadPool[qtp399373008]@17cdf2d0{STARTED,8<=8<=200,i=1,r=-1,q=0}[ReservedThreadExecutor@424fd310{reserved=2/8,pending=0}][pc=0,pic=0,pec=1,epc=3]@2024-05-02T04:29:54.175+01:00
04:29:54.175 [qtp399373008-58] DEBUG org.eclipse.jetty.util.thread.strategy.EatWhatYouKill - EatWhatYouKill@b7838a9/SelectorProducer@696f0212/IDLE/p=true/QueuedThreadPool[qtp399373008]@17cdf2d0{STARTED,8<=8<=200,i=1,r=-1,q=0}[ReservedThreadExecutor@424fd310{reserved=1/8,pending=0}][pc=0,pic=0,pec=1,epc=3]@2024-05-02T04:29:54.175+01:00 m=EXECUTE_PRODUCE_CONSUME t=CEP:SocketChannelEndPoint@5d9886ba{l=/127.0.0.1:33437,r=/127.0.0.1:57218,OPEN,fill=FI,flush=-,to=2/30000}{io=1/0,kio=1,kro=1}->SslConnection@7b557716{NEED_UNWRAP,eio=-1/-1,di=-1,fill=INTERESTED,flush=IDLE}~>DecryptedEndPoint@30fc103b{l=/127.0.0.1:33437,r=/127.0.0.1:57218,OPEN,fill=FI,flush=-,to=3/30000}=>HttpConnection@78b5fc22[p=HttpParser{s=START,0 of -1},g=HttpGenerator@2bf8dd8f{s=START}]=>HttpChannelOverHttp@4844b309{s=HttpChannelState@29c8feee{s=IDLE rs=BLOCKING os=OPEN is=IDLE awp=false se=false i=true al=0},r=0,c=false/false,a=IDLE,uri=null,age=0}:runFillable:BLOCKING/BLOCKING
04:29:54.175 [qtp399373008-61] DEBUG org.eclipse.jetty.util.thread.ReservedThreadExecutor - ReservedThread@77cb92b5{RESERVED,thread=Thread[qtp399373008-61,5,main]} task=EatWhatYouKill@b7838a9/SelectorProducer@696f0212/IDLE/p=true/QueuedThreadPool[qtp399373008]@17cdf2d0{STARTED,8<=8<=200,i=1,r=-1,q=0}[ReservedThreadExecutor@424fd310{reserved=1/8,pending=0}][pc=0,pic=0,pec=1,epc=3]@2024-05-02T04:29:54.175+01:00 ReservedThreadExecutor@424fd310{reserved=1/8,pending=0}
04:29:54.175 [qtp399373008-58] DEBUG org.eclipse.jetty.io.FillInterest - fillable FillInterest@4f6a3993{SSLC.NBReadCB@7b557716{SslConnection@7b557716::SocketChannelEndPoint@5d9886ba{l=/127.0.0.1:33437,r=/127.0.0.1:57218,OPEN,fill=FI,flush=-,to=2/30000}{io=1/0,kio=1,kro=1}->SslConnection@7b557716{NEED_UNWRAP,eio=-1/-1,di=-1,fill=INTERESTED,flush=IDLE}~>DecryptedEndPoint@30fc103b{l=/127.0.0.1:33437,r=/127.0.0.1:57218,OPEN,fill=FI,flush=-,to=3/30000}=>HttpConnection@78b5fc22[p=HttpParser{s=START,0 of -1},g=HttpGenerator@2bf8dd8f{s=START}]=>HttpChannelOverHttp@4844b309{s=HttpChannelState@29c8feee{s=IDLE rs=BLOCKING os=OPEN is=IDLE awp=false se=false i=true al=0},r=0,c=false/false,a=IDLE,uri=null,age=0}}}
04:29:54.175 [qtp399373008-61] DEBUG org.eclipse.jetty.util.thread.strategy.EatWhatYouKill - EatWhatYouKill@b7838a9/SelectorProducer@696f0212/IDLE/p=true/QueuedThreadPool[qtp399373008]@17cdf2d0{STARTED,8<=8<=200,i=1,r=-1,q=0}[ReservedThreadExecutor@424fd310{reserved=1/8,pending=0}][pc=0,pic=0,pec=1,epc=4]@2024-05-02T04:29:54.175+01:00 tryProduce true
04:29:54.175 [qtp399373008-61] DEBUG org.eclipse.jetty.io.ManagedSelector - updateable 0
04:29:54.175 [qtp399373008-61] DEBUG org.eclipse.jetty.io.ManagedSelector - updates 0
04:29:54.175 [qtp399373008-58] DEBUG org.eclipse.jetty.io.ssl.SslConnection - >c.onFillable SslConnection@7b557716::SocketChannelEndPoint@5d9886ba{l=/127.0.0.1:33437,r=/127.0.0.1:57218,OPEN,fill=-,flush=-,to=2/30000}{io=1/0,kio=1,kro=1}->SslConnection@7b557716{NEED_UNWRAP,eio=-1/-1,di=-1,fill=INTERESTED,flush=IDLE}~>DecryptedEndPoint@30fc103b{l=/127.0.0.1:33437,r=/127.0.0.1:57218,OPEN,fill=FI,flush=-,to=3/30000}=>HttpConnection@78b5fc22[p=HttpParser{s=START,0 of -1},g=HttpGenerator@2bf8dd8f{s=START}]=>HttpChannelOverHttp@4844b309{s=HttpChannelState@29c8feee{s=IDLE rs=BLOCKING os=OPEN is=IDLE awp=false se=false i=true al=0},r=0,c=false/false,a=IDLE,uri=null,age=0}
04:29:54.175 [qtp399373008-61] DEBUG org.eclipse.jetty.io.ChannelEndPoint - Key interests updated 1 -> 0 on SocketChannelEndPoint@5d9886ba{l=/127.0.0.1:33437,r=/127.0.0.1:57218,OPEN,fill=-,flush=-,to=3/30000}{io=0/0,kio=0,kro=1}->SslConnection@7b557716{NEED_UNWRAP,eio=-1/-1,di=-1,fill=INTERESTED,flush=IDLE}~>DecryptedEndPoint@30fc103b{l=/127.0.0.1:33437,r=/127.0.0.1:57218,OPEN,fill=FI,flush=-,to=3/30000}=>HttpConnection@78b5fc22[p=HttpParser{s=START,0 of -1},g=HttpGenerator@2bf8dd8f{s=START}]=>HttpChannelOverHttp@4844b309{s=HttpChannelState@29c8feee{s=IDLE rs=BLOCKING os=OPEN is=IDLE awp=false se=false i=true al=0},r=0,c=false/false,a=IDLE,uri=null,age=0}
04:29:54.175 [qtp399373008-58] DEBUG org.eclipse.jetty.io.ssl.SslConnection - onFillable SslConnection@7b557716::SocketChannelEndPoint@5d9886ba{l=/127.0.0.1:33437,r=/127.0.0.1:57218,OPEN,fill=-,flush=-,to=3/30000}{io=0/0,kio=0,kro=1}->SslConnection@7b557716{NEED_UNWRAP,eio=-1/-1,di=-1,fill=INTERESTED,flush=IDLE}~>DecryptedEndPoint@30fc103b{l=/127.0.0.1:33437,r=/127.0.0.1:57218,OPEN,fill=FI,flush=-,to=3/30000}=>HttpConnection@78b5fc22[p=HttpParser{s=START,0 of -1},g=HttpGenerator@2bf8dd8f{s=START}]=>HttpChannelOverHttp@4844b309{s=HttpChannelState@29c8feee{s=IDLE rs=BLOCKING os=OPEN is=IDLE awp=false se=false i=true al=0},r=0,c=false/false,a=IDLE,uri=null,age=0}
04:29:54.176 [qtp399373008-61] DEBUG org.eclipse.jetty.io.ManagedSelector - Selector sun.nio.ch.EPollSelectorImpl@383171f8 waiting with 2 keys
04:29:54.176 [qtp399373008-58] DEBUG org.eclipse.jetty.io.FillInterest - fillable FillInterest@7cfb603e{AC.ReadCB@78b5fc22{HttpConnection@78b5fc22::DecryptedEndPoint@30fc103b{l=/127.0.0.1:33437,r=/127.0.0.1:57218,OPEN,fill=FI,flush=-,to=3/30000}}}
04:29:54.176 [qtp399373008-58] DEBUG org.eclipse.jetty.server.HttpConnection - HttpConnection@78b5fc22::DecryptedEndPoint@30fc103b{l=/127.0.0.1:33437,r=/127.0.0.1:57218,OPEN,fill=-,flush=-,to=3/30000} onFillable enter HttpChannelState@29c8feee{s=IDLE rs=BLOCKING os=OPEN is=IDLE awp=false se=false i=true al=0} null
04:29:54.176 [qtp399373008-58] DEBUG org.eclipse.jetty.io.ssl.SslConnection - >fill SslConnection@7b557716::SocketChannelEndPoint@5d9886ba{l=/127.0.0.1:33437,r=/127.0.0.1:57218,OPEN,fill=-,flush=-,to=3/30000}{io=0/0,kio=0,kro=1}->SslConnection@7b557716{NEED_UNWRAP,eio=-1/-1,di=-1,fill=IDLE,flush=IDLE}~>DecryptedEndPoint@30fc103b{l=/127.0.0.1:33437,r=/127.0.0.1:57218,OPEN,fill=-,flush=-,to=3/30000}=>HttpConnection@78b5fc22[p=HttpParser{s=START,0 of -1},g=HttpGenerator@2bf8dd8f{s=START}]=>HttpChannelOverHttp@4844b309{s=HttpChannelState@29c8feee{s=IDLE rs=BLOCKING os=OPEN is=IDLE awp=false se=false i=true al=0},r=0,c=false/false,a=IDLE,uri=null,age=0}
04:29:54.176 [qtp399373008-58] DEBUG org.eclipse.jetty.io.ssl.SslConnection - fill NEED_UNWRAP
04:29:54.176 [qtp399373008-58] DEBUG org.eclipse.jetty.io.ChannelEndPoint - filled 6 HeapByteBuffer@6e6899aa[p=0,l=6,c=17408,r=6]={<<<\x14\x03\x03\x00\x01\x01>>>\xCcsWc\x19\xEbd(U...\x00\x00\x00\x00\x00\x00\x00}
04:29:54.176 [qtp399373008-58] DEBUG org.eclipse.jetty.io.ssl.SslConnection - net filled=6
04:29:54.176 [qtp399373008-58] DEBUG org.eclipse.jetty.io.ssl.SslConnection - unwrap net_filled=6 Status = OK HandshakeStatus = NEED_UNWRAP bytesConsumed = 6 bytesProduced = 0 encryptedBuffer=[p=6,l=6,c=17408,r=0] unwrapBuffer=HeapByteBuffer@6a5710bf[p=0,l=0,c=17408,r=0]={<<<>>>\x16\x03\x03\x01N\x01\x00\x01J...\x00\x00\x00\x00\x00\x00\x00} appBuffer=HeapByteBuffer@6a5710bf[p=0,l=0,c=17408,r=0]={<<<>>>\x16\x03\x03\x01N\x01\x00\x01J...\x00\x00\x00\x00\x00\x00\x00}
04:29:54.176 [qtp399373008-58] DEBUG org.eclipse.jetty.io.ssl.SslConnection - fill NEED_UNWRAP
04:29:54.176 [qtp399373008-58] DEBUG org.eclipse.jetty.io.ChannelEndPoint - filled 0 HeapByteBuffer@6e6899aa[p=0,l=0,c=17408,r=0]={<<<>>>\x14\x03\x03\x00\x01\x01\xCcsW...\x00\x00\x00\x00\x00\x00\x00}
04:29:54.176 [qtp399373008-58] DEBUG org.eclipse.jetty.io.ssl.SslConnection - net filled=0
04:29:54.176 [qtp399373008-58] DEBUG org.eclipse.jetty.io.ssl.SslConnection - unwrap net_filled=0 Status = BUFFER_UNDERFLOW HandshakeStatus = NEED_UNWRAP bytesConsumed = 0 bytesProduced = 0 encryptedBuffer=[p=0,l=0,c=17408,r=0] unwrapBuffer=HeapByteBuffer@6a5710bf[p=0,l=0,c=17408,r=0]={<<<>>>\x16\x03\x03\x01N\x01\x00\x01J...\x00\x00\x00\x00\x00\x00\x00} appBuffer=HeapByteBuffer@6a5710bf[p=0,l=0,c=17408,r=0]={<<<>>>\x16\x03\x03\x01N\x01\x00\x01J...\x00\x00\x00\x00\x00\x00\x00}
04:29:54.176 [qtp399373008-58] DEBUG org.eclipse.jetty.io.ssl.SslConnection - <fill f=0 uf=true SslConnection@7b557716::SocketChannelEndPoint@5d9886ba{l=/127.0.0.1:33437,r=/127.0.0.1:57218,OPEN,fill=-,flush=-,to=0/30000}{io=0/0,kio=0,kro=1}->SslConnection@7b557716{NEED_UNWRAP,eio=-1/-1,di=-1,fill=IDLE,flush=IDLE}~>DecryptedEndPoint@30fc103b{l=/127.0.0.1:33437,r=/127.0.0.1:57218,OPEN,fill=-,flush=-,to=4/30000}=>HttpConnection@78b5fc22[p=HttpParser{s=START,0 of -1},g=HttpGenerator@2bf8dd8f{s=START}]=>HttpChannelOverHttp@4844b309{s=HttpChannelState@29c8feee{s=IDLE rs=BLOCKING os=OPEN is=IDLE awp=false se=false i=true al=0},r=0,c=false/false,a=IDLE,uri=null,age=0}
04:29:54.176 [qtp399373008-58] DEBUG org.eclipse.jetty.io.ssl.SslConnection - >fill SslConnection@7b557716::SocketChannelEndPoint@5d9886ba{l=/127.0.0.1:33437,r=/127.0.0.1:57218,OPEN,fill=-,flush=-,to=0/30000}{io=0/0,kio=0,kro=1}->SslConnection@7b557716{NEED_UNWRAP,eio=-1/-1,di=-1,fill=IDLE,flush=IDLE}~>DecryptedEndPoint@30fc103b{l=/127.0.0.1:33437,r=/127.0.0.1:57218,OPEN,fill=-,flush=-,to=4/30000}=>HttpConnection@78b5fc22[p=HttpParser{s=START,0 of -1},g=HttpGenerator@2bf8dd8f{s=START}]=>HttpChannelOverHttp@4844b309{s=HttpChannelState@29c8feee{s=IDLE rs=BLOCKING os=OPEN is=IDLE awp=false se=false i=true al=0},r=0,c=false/false,a=IDLE,uri=null,age=0}
04:29:54.176 [qtp399373008-58] DEBUG org.eclipse.jetty.io.ssl.SslConnection - fill NEED_UNWRAP
04:29:54.177 [qtp399373008-58] DEBUG org.eclipse.jetty.io.ChannelEndPoint - filled 0 HeapByteBuffer@60af7bcf[p=0,l=0,c=17408,r=0]={<<<>>>GET /conf...\x00\x00\x00\x00\x00\x00\x00}
04:29:54.177 [qtp399373008-58] DEBUG org.eclipse.jetty.io.ssl.SslConnection - net filled=0
04:29:54.177 [qtp399373008-58] DEBUG org.eclipse.jetty.io.ssl.SslConnection - unwrap net_filled=0 Status = BUFFER_UNDERFLOW HandshakeStatus = NEED_UNWRAP bytesConsumed = 0 bytesProduced = 0 encryptedBuffer=[p=0,l=0,c=17408,r=0] unwrapBuffer=HeapByteBuffer@6a5710bf[p=0,l=0,c=17408,r=0]={<<<>>>\x16\x03\x03\x01N\x01\x00\x01J...\x00\x00\x00\x00\x00\x00\x00} appBuffer=HeapByteBuffer@6a5710bf[p=0,l=0,c=17408,r=0]={<<<>>>\x16\x03\x03\x01N\x01\x00\x01J...\x00\x00\x00\x00\x00\x00\x00}
04:29:54.177 [qtp399373008-58] DEBUG org.eclipse.jetty.io.ssl.SslConnection - <fill f=0 uf=true SslConnection@7b557716::SocketChannelEndPoint@5d9886ba{l=/127.0.0.1:33437,r=/127.0.0.1:57218,OPEN,fill=-,flush=-,to=0/30000}{io=0/0,kio=0,kro=1}->SslConnection@7b557716{NEED_UNWRAP,eio=-1/-1,di=-1,fill=IDLE,flush=IDLE}~>DecryptedEndPoint@30fc103b{l=/127.0.0.1:33437,r=/127.0.0.1:57218,OPEN,fill=-,flush=-,to=4/30000}=>HttpConnection@78b5fc22[p=HttpParser{s=START,0 of -1},g=HttpGenerator@2bf8dd8f{s=START}]=>HttpChannelOverHttp@4844b309{s=HttpChannelState@29c8feee{s=IDLE rs=BLOCKING os=OPEN is=IDLE awp=false se=false i=true al=0},r=0,c=false/false,a=IDLE,uri=null,age=0}
04:29:54.177 [qtp399373008-58] DEBUG org.eclipse.jetty.server.HttpConnection - HttpConnection@78b5fc22::DecryptedEndPoint@30fc103b{l=/127.0.0.1:33437,r=/127.0.0.1:57218,OPEN,fill=-,flush=-,to=4/30000} filled 0 HeapByteBuffer@6a5710bf[p=0,l=0,c=17408,r=0]={<<<>>>\x16\x03\x03\x01N\x01\x00\x01J...\x00\x00\x00\x00\x00\x00\x00}
04:29:54.177 [qtp399373008-58] DEBUG org.eclipse.jetty.server.HttpConnection - HttpConnection@78b5fc22::DecryptedEndPoint@30fc103b{l=/127.0.0.1:33437,r=/127.0.0.1:57218,OPEN,fill=-,flush=-,to=4/30000} parse HeapByteBuffer@6a5710bf[p=0,l=0,c=17408,r=0]={<<<>>>\x16\x03\x03\x01N\x01\x00\x01J...\x00\x00\x00\x00\x00\x00\x00} {}
04:29:54.177 [qtp399373008-58] DEBUG org.eclipse.jetty.http.HttpParser - parseNext s=START HeapByteBuffer@6a5710bf[p=0,l=0,c=17408,r=0]={<<<>>>\x16\x03\x03\x01N\x01\x00\x01J...\x00\x00\x00\x00\x00\x00\x00}
04:29:54.177 [qtp399373008-58] DEBUG org.eclipse.jetty.server.HttpConnection - HttpConnection@78b5fc22::DecryptedEndPoint@30fc103b{l=/127.0.0.1:33437,r=/127.0.0.1:57218,OPEN,fill=-,flush=-,to=4/30000} parsed false HttpParser{s=START,0 of -1}
04:29:54.177 [qtp399373008-58] DEBUG org.eclipse.jetty.server.HttpConnection - releaseRequestBuffer HttpConnection@78b5fc22::DecryptedEndPoint@30fc103b{l=/127.0.0.1:33437,r=/127.0.0.1:57218,OPEN,fill=-,flush=-,to=4/30000}
04:29:54.177 [qtp399373008-58] DEBUG org.eclipse.jetty.io.AbstractConnection - fillInterested HttpConnection@78b5fc22::DecryptedEndPoint@30fc103b{l=/127.0.0.1:33437,r=/127.0.0.1:57218,OPEN,fill=-,flush=-,to=4/30000}
04:29:54.177 [qtp399373008-58] DEBUG org.eclipse.jetty.io.FillInterest - interested FillInterest@7cfb603e{AC.ReadCB@78b5fc22{HttpConnection@78b5fc22::DecryptedEndPoint@30fc103b{l=/127.0.0.1:33437,r=/127.0.0.1:57218,OPEN,fill=FI,flush=-,to=0/30000}}}
04:29:54.177 [qtp399373008-58] DEBUG org.eclipse.jetty.io.ssl.SslConnection - >needFillInterest s=IDLE/IDLE uf=true ei=null di=null SslConnection@7b557716::SocketChannelEndPoint@5d9886ba{l=/127.0.0.1:33437,r=/127.0.0.1:57218,OPEN,fill=-,flush=-,to=0/30000}{io=0/0,kio=0,kro=1}->SslConnection@7b557716{NEED_UNWRAP,eio=-1/-1,di=-1,fill=IDLE,flush=IDLE}~>DecryptedEndPoint@30fc103b{l=/127.0.0.1:33437,r=/127.0.0.1:57218,OPEN,fill=FI,flush=-,to=0/30000}=>HttpConnection@78b5fc22[p=HttpParser{s=START,0 of -1},g=HttpGenerator@2bf8dd8f{s=START}]=>HttpChannelOverHttp@4844b309{s=HttpChannelState@29c8feee{s=IDLE rs=BLOCKING os=OPEN is=IDLE awp=false se=false i=true al=0},r=0,c=false/false,a=IDLE,uri=null,age=0}
04:29:54.177 [qtp399373008-58] DEBUG org.eclipse.jetty.io.ssl.SslConnection - <needFillInterest s=IDLE/INTERESTED f=false i=true w=null
04:29:54.177 [qtp399373008-58] DEBUG org.eclipse.jetty.io.ssl.SslConnection - ensureFillInterested SslConnection@7b557716::SocketChannelEndPoint@5d9886ba{l=/127.0.0.1:33437,r=/127.0.0.1:57218,OPEN,fill=-,flush=-,to=0/30000}{io=0/0,kio=0,kro=1}->SslConnection@7b557716{NEED_UNWRAP,eio=-1/-1,di=-1,fill=INTERESTED,flush=IDLE}~>DecryptedEndPoint@30fc103b{l=/127.0.0.1:33437,r=/127.0.0.1:57218,OPEN,fill=FI,flush=-,to=0/30000}=>HttpConnection@78b5fc22[p=HttpParser{s=START,0 of -1},g=HttpGenerator@2bf8dd8f{s=START}]=>HttpChannelOverHttp@4844b309{s=HttpChannelState@29c8feee{s=IDLE rs=BLOCKING os=OPEN is=IDLE awp=false se=false i=true al=0},r=0,c=false/false,a=IDLE,uri=null,age=0}
04:29:54.177 [qtp399373008-58] DEBUG org.eclipse.jetty.io.FillInterest - interested FillInterest@4f6a3993{SSLC.NBReadCB@7b557716{SslConnection@7b557716::SocketChannelEndPoint@5d9886ba{l=/127.0.0.1:33437,r=/127.0.0.1:57218,OPEN,fill=FI,flush=-,to=0/30000}{io=0/0,kio=0,kro=1}->SslConnection@7b557716{NEED_UNWRAP,eio=-1/-1,di=-1,fill=INTERESTED,flush=IDLE}~>DecryptedEndPoint@30fc103b{l=/127.0.0.1:33437,r=/127.0.0.1:57218,OPEN,fill=FI,flush=-,to=0/30000}=>HttpConnection@78b5fc22[p=HttpParser{s=START,0 of -1},g=HttpGenerator@2bf8dd8f{s=START}]=>HttpChannelOverHttp@4844b309{s=HttpChannelState@29c8feee{s=IDLE rs=BLOCKING os=OPEN is=IDLE awp=false se=false i=true al=0},r=0,c=false/false,a=IDLE,uri=null,age=0}}}
04:29:54.177 [qtp399373008-58] DEBUG org.eclipse.jetty.io.ChannelEndPoint - changeInterests p=false 0->1 for SocketChannelEndPoint@5d9886ba{l=/127.0.0.1:33437,r=/127.0.0.1:57218,OPEN,fill=FI,flush=-,to=0/30000}{io=0/1,kio=0,kro=1}->SslConnection@7b557716{NEED_UNWRAP,eio=-1/-1,di=-1,fill=INTERESTED,flush=IDLE}~>DecryptedEndPoint@30fc103b{l=/127.0.0.1:33437,r=/127.0.0.1:57218,OPEN,fill=FI,flush=-,to=0/30000}=>HttpConnection@78b5fc22[p=HttpParser{s=START,0 of -1},g=HttpGenerator@2bf8dd8f{s=START}]=>HttpChannelOverHttp@4844b309{s=HttpChannelState@29c8feee{s=IDLE rs=BLOCKING os=OPEN is=IDLE awp=false se=false i=true al=0},r=0,c=false/false,a=IDLE,uri=null,age=0}
04:29:54.177 [qtp399373008-58] DEBUG org.eclipse.jetty.io.ManagedSelector - Queued change lazy=false org.eclipse.jetty.io.ChannelEndPoint$$Lambda$255/1126011505@1fd71aaf on ManagedSelector@5733f295{STARTED} id=1 keys=2 selected=0 updates=0
04:29:54.177 [qtp399373008-58] DEBUG org.eclipse.jetty.io.ManagedSelector - Wakeup on submit ManagedSelector@5733f295{STARTED} id=1 keys=2 selected=0 updates=1
04:29:54.177 [qtp399373008-61] DEBUG org.eclipse.jetty.io.ManagedSelector - Selector sun.nio.ch.EPollSelectorImpl@383171f8 woken with none selected
04:29:54.177 [qtp399373008-58] DEBUG org.eclipse.jetty.server.HttpConnection - HttpConnection@78b5fc22::DecryptedEndPoint@30fc103b{l=/127.0.0.1:33437,r=/127.0.0.1:57218,OPEN,fill=FI,flush=-,to=0/30000} onFillable exit HttpChannelState@29c8feee{s=IDLE rs=BLOCKING os=OPEN is=IDLE awp=false se=false i=true al=0} null
04:29:54.177 [qtp399373008-61] DEBUG org.eclipse.jetty.io.ManagedSelector - Selector sun.nio.ch.EPollSelectorImpl@383171f8 woken up from select, 0/0/2 selected
04:29:54.177 [qtp399373008-61] DEBUG org.eclipse.jetty.io.ManagedSelector - Selector sun.nio.ch.EPollSelectorImpl@383171f8 processing 0 keys, 1 updates
04:29:54.177 [qtp399373008-61] DEBUG org.eclipse.jetty.io.ManagedSelector - updateable 1
04:29:54.177 [qtp399373008-61] DEBUG org.eclipse.jetty.io.ManagedSelector - update org.eclipse.jetty.io.ChannelEndPoint$$Lambda$255/1126011505@1fd71aaf
04:29:54.177 [qtp399373008-58] DEBUG org.eclipse.jetty.io.ssl.SslConnection - <c.onFillable SslConnection@7b557716::SocketChannelEndPoint@5d9886ba{l=/127.0.0.1:33437,r=/127.0.0.1:57218,OPEN,fill=FI,flush=-,to=0/30000}{io=0/1,kio=0,kro=1}->SslConnection@7b557716{NEED_UNWRAP,eio=-1/-1,di=-1,fill=INTERESTED,flush=IDLE}~>DecryptedEndPoint@30fc103b{l=/127.0.0.1:33437,r=/127.0.0.1:57218,OPEN,fill=FI,flush=-,to=0/30000}=>HttpConnection@78b5fc22[p=HttpParser{s=START,0 of -1},g=HttpGenerator@2bf8dd8f{s=START}]=>HttpChannelOverHttp@4844b309{s=HttpChannelState@29c8feee{s=IDLE rs=BLOCKING os=OPEN is=IDLE awp=false se=false i=true al=0},r=0,c=false/false,a=IDLE,uri=null,age=0}
04:29:54.177 [qtp399373008-61] DEBUG org.eclipse.jetty.io.ChannelEndPoint - Key interests updated 0 -> 1 on SocketChannelEndPoint@5d9886ba{l=/127.0.0.1:33437,r=/127.0.0.1:57218,OPEN,fill=FI,flush=-,to=0/30000}{io=1/1,kio=1,kro=1}->SslConnection@7b557716{NEED_UNWRAP,eio=-1/-1,di=-1,fill=INTERESTED,flush=IDLE}~>DecryptedEndPoint@30fc103b{l=/127.0.0.1:33437,r=/127.0.0.1:57218,OPEN,fill=FI,flush=-,to=0/30000}=>HttpConnection@78b5fc22[p=HttpParser{s=START,0 of -1},g=HttpGenerator@2bf8dd8f{s=START}]=>HttpChannelOverHttp@4844b309{s=HttpChannelState@29c8feee{s=IDLE rs=BLOCKING os=OPEN is=IDLE awp=false se=false i=true al=0},r=0,c=false/false,a=IDLE,uri=null,age=0}
04:29:54.177 [qtp399373008-61] DEBUG org.eclipse.jetty.io.ManagedSelector - updates 0
04:29:54.177 [qtp399373008-58] DEBUG org.eclipse.jetty.util.thread.ReservedThreadExecutor - ReservedThread@66ba7cba{RUNNING,thread=Thread[qtp399373008-58,5,main]} was=RUNNING next=RESERVED size=0+2 capacity=8
04:29:54.177 [qtp399373008-61] DEBUG org.eclipse.jetty.io.ManagedSelector - Selector sun.nio.ch.EPollSelectorImpl@383171f8 waiting with 2 keys
04:29:54.177 [qtp399373008-58] DEBUG org.eclipse.jetty.util.thread.ReservedThreadExecutor - ReservedThread@66ba7cba{RESERVED,thread=Thread[qtp399373008-58,5,main]} waiting ReservedThreadExecutor@424fd310{reserved=2/8,pending=0}
04:29:54.217 [qtp399373008-61] DEBUG org.eclipse.jetty.io.ManagedSelector - Selector sun.nio.ch.EPollSelectorImpl@383171f8 woken up from select, 1/1/2 selected
04:29:54.217 [qtp399373008-61] DEBUG org.eclipse.jetty.io.ManagedSelector - Selector sun.nio.ch.EPollSelectorImpl@383171f8 processing 1 keys, 0 updates
04:29:54.217 [qtp399373008-61] DEBUG org.eclipse.jetty.io.ManagedSelector - selected 1 sun.nio.ch.SelectionKeyImpl@1f8434f8 SocketChannelEndPoint@5d9886ba{l=/127.0.0.1:33437,r=/127.0.0.1:57218,OPEN,fill=FI,flush=-,to=39/30000}{io=1/1,kio=1,kro=1}->SslConnection@7b557716{NEED_UNWRAP,eio=-1/-1,di=-1,fill=INTERESTED,flush=IDLE}~>DecryptedEndPoint@30fc103b{l=/127.0.0.1:33437,r=/127.0.0.1:57218,OPEN,fill=FI,flush=-,to=39/30000}=>HttpConnection@78b5fc22[p=HttpParser{s=START,0 of -1},g=HttpGenerator@2bf8dd8f{s=START}]=>HttpChannelOverHttp@4844b309{s=HttpChannelState@29c8feee{s=IDLE rs=BLOCKING os=OPEN is=IDLE awp=false se=false i=true al=0},r=0,c=false/false,a=IDLE,uri=null,age=0} 
04:29:54.217 [qtp399373008-61] DEBUG org.eclipse.jetty.io.ChannelEndPoint - onSelected 1->0 r=true w=false for SocketChannelEndPoint@5d9886ba{l=/127.0.0.1:33437,r=/127.0.0.1:57218,OPEN,fill=FI,flush=-,to=39/30000}{io=1/0,kio=1,kro=1}->SslConnection@7b557716{NEED_UNWRAP,eio=-1/-1,di=-1,fill=INTERESTED,flush=IDLE}~>DecryptedEndPoint@30fc103b{l=/127.0.0.1:33437,r=/127.0.0.1:57218,OPEN,fill=FI,flush=-,to=40/30000}=>HttpConnection@78b5fc22[p=HttpParser{s=START,0 of -1},g=HttpGenerator@2bf8dd8f{s=START}]=>HttpChannelOverHttp@4844b309{s=HttpChannelState@29c8feee{s=IDLE rs=BLOCKING os=OPEN is=IDLE awp=false se=false i=true al=0},r=0,c=false/false,a=IDLE,uri=null,age=0}
04:29:54.217 [qtp399373008-61] DEBUG org.eclipse.jetty.io.ChannelEndPoint - task CEP:SocketChannelEndPoint@5d9886ba{l=/127.0.0.1:33437,r=/127.0.0.1:57218,OPEN,fill=FI,flush=-,to=39/30000}{io=1/0,kio=1,kro=1}->SslConnection@7b557716{NEED_UNWRAP,eio=-1/-1,di=-1,fill=INTERESTED,flush=IDLE}~>DecryptedEndPoint@30fc103b{l=/127.0.0.1:33437,r=/127.0.0.1:57218,OPEN,fill=FI,flush=-,to=40/30000}=>HttpConnection@78b5fc22[p=HttpParser{s=START,0 of -1},g=HttpGenerator@2bf8dd8f{s=START}]=>HttpChannelOverHttp@4844b309{s=HttpChannelState@29c8feee{s=IDLE rs=BLOCKING os=OPEN is=IDLE awp=false se=false i=true al=0},r=0,c=false/false,a=IDLE,uri=null,age=0}:runFillable:BLOCKING
04:29:54.217 [qtp399373008-61] DEBUG org.eclipse.jetty.util.thread.ReservedThreadExecutor - ReservedThreadExecutor@424fd310{reserved=2/8,pending=0} tryExecute EatWhatYouKill@b7838a9/SelectorProducer@696f0212/PRODUCING/p=false/QueuedThreadPool[qtp399373008]@17cdf2d0{STARTED,8<=8<=200,i=1,r=-1,q=0}[ReservedThreadExecutor@424fd310{reserved=2/8,pending=0}][pc=0,pic=0,pec=1,epc=4]@2024-05-02T04:29:54.217+01:00
04:29:54.217 [qtp399373008-61] DEBUG org.eclipse.jetty.util.thread.strategy.EatWhatYouKill - EatWhatYouKill@b7838a9/SelectorProducer@696f0212/IDLE/p=true/QueuedThreadPool[qtp399373008]@17cdf2d0{STARTED,8<=8<=200,i=1,r=-1,q=0}[ReservedThreadExecutor@424fd310{reserved=1/8,pending=0}][pc=0,pic=0,pec=1,epc=4]@2024-05-02T04:29:54.217+01:00 m=EXECUTE_PRODUCE_CONSUME t=CEP:SocketChannelEndPoint@5d9886ba{l=/127.0.0.1:33437,r=/127.0.0.1:57218,OPEN,fill=FI,flush=-,to=40/30000}{io=1/0,kio=1,kro=1}->SslConnection@7b557716{NEED_UNWRAP,eio=-1/-1,di=-1,fill=INTERESTED,flush=IDLE}~>DecryptedEndPoint@30fc103b{l=/127.0.0.1:33437,r=/127.0.0.1:57218,OPEN,fill=FI,flush=-,to=40/30000}=>HttpConnection@78b5fc22[p=HttpParser{s=START,0 of -1},g=HttpGenerator@2bf8dd8f{s=START}]=>HttpChannelOverHttp@4844b309{s=HttpChannelState@29c8feee{s=IDLE rs=BLOCKING os=OPEN is=IDLE awp=false se=false i=true al=0},r=0,c=false/false,a=IDLE,uri=null,age=0}:runFillable:BLOCKING/BLOCKING
04:29:54.217 [qtp399373008-58] DEBUG org.eclipse.jetty.util.thread.ReservedThreadExecutor - ReservedThread@66ba7cba{RESERVED,thread=Thread[qtp399373008-58,5,main]} task=EatWhatYouKill@b7838a9/SelectorProducer@696f0212/IDLE/p=true/QueuedThreadPool[qtp399373008]@17cdf2d0{STARTED,8<=8<=200,i=1,r=-1,q=0}[ReservedThreadExecutor@424fd310{reserved=1/8,pending=0}][pc=0,pic=0,pec=1,epc=4]@2024-05-02T04:29:54.217+01:00 ReservedThreadExecutor@424fd310{reserved=1/8,pending=0}
04:29:54.217 [qtp399373008-58] DEBUG org.eclipse.jetty.util.thread.strategy.EatWhatYouKill - EatWhatYouKill@b7838a9/SelectorProducer@696f0212/IDLE/p=true/QueuedThreadPool[qtp399373008]@17cdf2d0{STARTED,8<=8<=200,i=1,r=-1,q=0}[ReservedThreadExecutor@424fd310{reserved=1/8,pending=0}][pc=0,pic=0,pec=1,epc=5]@2024-05-02T04:29:54.217+01:00 tryProduce true
04:29:54.217 [qtp399373008-61] DEBUG org.eclipse.jetty.io.FillInterest - fillable FillInterest@4f6a3993{SSLC.NBReadCB@7b557716{SslConnection@7b557716::SocketChannelEndPoint@5d9886ba{l=/127.0.0.1:33437,r=/127.0.0.1:57218,OPEN,fill=FI,flush=-,to=40/30000}{io=1/0,kio=1,kro=1}->SslConnection@7b557716{NEED_UNWRAP,eio=-1/-1,di=-1,fill=INTERESTED,flush=IDLE}~>DecryptedEndPoint@30fc103b{l=/127.0.0.1:33437,r=/127.0.0.1:57218,OPEN,fill=FI,flush=-,to=40/30000}=>HttpConnection@78b5fc22[p=HttpParser{s=START,0 of -1},g=HttpGenerator@2bf8dd8f{s=START}]=>HttpChannelOverHttp@4844b309{s=HttpChannelState@29c8feee{s=IDLE rs=BLOCKING os=OPEN is=IDLE awp=false se=false i=true al=0},r=0,c=false/false,a=IDLE,uri=null,age=0}}}
04:29:54.217 [qtp399373008-58] DEBUG org.eclipse.jetty.io.ManagedSelector - updateable 0
04:29:54.217 [qtp399373008-58] DEBUG org.eclipse.jetty.io.ManagedSelector - updates 0
04:29:54.218 [qtp399373008-61] DEBUG org.eclipse.jetty.io.ssl.SslConnection - >c.onFillable SslConnection@7b557716::SocketChannelEndPoint@5d9886ba{l=/127.0.0.1:33437,r=/127.0.0.1:57218,OPEN,fill=-,flush=-,to=40/30000}{io=1/0,kio=1,kro=1}->SslConnection@7b557716{NEED_UNWRAP,eio=-1/-1,di=-1,fill=INTERESTED,flush=IDLE}~>DecryptedEndPoint@30fc103b{l=/127.0.0.1:33437,r=/127.0.0.1:57218,OPEN,fill=FI,flush=-,to=40/30000}=>HttpConnection@78b5fc22[p=HttpParser{s=START,0 of -1},g=HttpGenerator@2bf8dd8f{s=START}]=>HttpChannelOverHttp@4844b309{s=HttpChannelState@29c8feee{s=IDLE rs=BLOCKING os=OPEN is=IDLE awp=false se=false i=true al=0},r=0,c=false/false,a=IDLE,uri=null,age=0}
04:29:54.218 [qtp399373008-58] DEBUG org.eclipse.jetty.io.ChannelEndPoint - Key interests updated 1 -> 0 on SocketChannelEndPoint@5d9886ba{l=/127.0.0.1:33437,r=/127.0.0.1:57218,OPEN,fill=-,flush=-,to=40/30000}{io=0/0,kio=0,kro=1}->SslConnection@7b557716{NEED_UNWRAP,eio=-1/-1,di=-1,fill=INTERESTED,flush=IDLE}~>DecryptedEndPoint@30fc103b{l=/127.0.0.1:33437,r=/127.0.0.1:57218,OPEN,fill=FI,flush=-,to=40/30000}=>HttpConnection@78b5fc22[p=HttpParser{s=START,0 of -1},g=HttpGenerator@2bf8dd8f{s=START}]=>HttpChannelOverHttp@4844b309{s=HttpChannelState@29c8feee{s=IDLE rs=BLOCKING os=OPEN is=IDLE awp=false se=false i=true al=0},r=0,c=false/false,a=IDLE,uri=null,age=0}
04:29:54.218 [qtp399373008-58] DEBUG org.eclipse.jetty.io.ManagedSelector - Selector sun.nio.ch.EPollSelectorImpl@383171f8 waiting with 2 keys
04:29:54.218 [qtp399373008-61] DEBUG org.eclipse.jetty.io.ssl.SslConnection - onFillable SslConnection@7b557716::SocketChannelEndPoint@5d9886ba{l=/127.0.0.1:33437,r=/127.0.0.1:57218,OPEN,fill=-,flush=-,to=40/30000}{io=0/0,kio=0,kro=1}->SslConnection@7b557716{NEED_UNWRAP,eio=-1/-1,di=-1,fill=INTERESTED,flush=IDLE}~>DecryptedEndPoint@30fc103b{l=/127.0.0.1:33437,r=/127.0.0.1:57218,OPEN,fill=FI,flush=-,to=40/30000}=>HttpConnection@78b5fc22[p=HttpParser{s=START,0 of -1},g=HttpGenerator@2bf8dd8f{s=START}]=>HttpChannelOverHttp@4844b309{s=HttpChannelState@29c8feee{s=IDLE rs=BLOCKING os=OPEN is=IDLE awp=false se=false i=true al=0},r=0,c=false/false,a=IDLE,uri=null,age=0}
04:29:54.218 [qtp399373008-61] DEBUG org.eclipse.jetty.io.FillInterest - fillable FillInterest@7cfb603e{AC.ReadCB@78b5fc22{HttpConnection@78b5fc22::DecryptedEndPoint@30fc103b{l=/127.0.0.1:33437,r=/127.0.0.1:57218,OPEN,fill=FI,flush=-,to=40/30000}}}
04:29:54.218 [qtp399373008-61] DEBUG org.eclipse.jetty.server.HttpConnection - HttpConnection@78b5fc22::DecryptedEndPoint@30fc103b{l=/127.0.0.1:33437,r=/127.0.0.1:57218,OPEN,fill=-,flush=-,to=40/30000} onFillable enter HttpChannelState@29c8feee{s=IDLE rs=BLOCKING os=OPEN is=IDLE awp=false se=false i=true al=0} null
04:29:54.218 [qtp399373008-61] DEBUG org.eclipse.jetty.io.ssl.SslConnection - >fill SslConnection@7b557716::SocketChannelEndPoint@5d9886ba{l=/127.0.0.1:33437,r=/127.0.0.1:57218,OPEN,fill=-,flush=-,to=40/30000}{io=0/0,kio=0,kro=1}->SslConnection@7b557716{NEED_UNWRAP,eio=-1/-1,di=-1,fill=IDLE,flush=IDLE}~>DecryptedEndPoint@30fc103b{l=/127.0.0.1:33437,r=/127.0.0.1:57218,OPEN,fill=-,flush=-,to=40/30000}=>HttpConnection@78b5fc22[p=HttpParser{s=START,0 of -1},g=HttpGenerator@2bf8dd8f{s=START}]=>HttpChannelOverHttp@4844b309{s=HttpChannelState@29c8feee{s=IDLE rs=BLOCKING os=OPEN is=IDLE awp=false se=false i=true al=0},r=0,c=false/false,a=IDLE,uri=null,age=0}
04:29:54.218 [qtp399373008-61] DEBUG org.eclipse.jetty.io.ssl.SslConnection - fill NEED_UNWRAP
04:29:54.218 [qtp399373008-61] DEBUG org.eclipse.jetty.io.ChannelEndPoint - filled 1509 HeapByteBuffer@60af7bcf[p=0,l=1509,c=17408,r=1509]={<<<\x17\x03\x03\x03\xAd"\xDcz\xAc\xA1\r\x1c\x8a\x18>1Z\x8f:5VD\x04x\xA2...\xFcU\xB9\xAbG\x90\x19n\xF6\xF5\xB4\xF8lLx\xA8\xCb\xD6\xFe\x94\x0f\xE6\xC2>>>\xD83\x0e\x1b'*\xEe\xA6$...\x00\x00\x00\x00\x00\x00\x00}
04:29:54.218 [qtp399373008-61] DEBUG org.eclipse.jetty.io.ssl.SslConnection - net filled=1509
04:29:54.218 [qtp399373008-61] DEBUG org.eclipse.jetty.io.ssl.SslConnection - unwrap net_filled=1509 Status = OK HandshakeStatus = NEED_TASK bytesConsumed = 946 bytesProduced = 0 encryptedBuffer=[p=946,l=1509,c=17408,r=563] unwrapBuffer=HeapByteBuffer@6e6899aa[p=0,l=0,c=17408,r=0]={<<<>>>\x14\x03\x03\x00\x01\x01\xCcsW...\x00\x00\x00\x00\x00\x00\x00} appBuffer=HeapByteBuffer@6e6899aa[p=0,l=0,c=17408,r=0]={<<<>>>\x14\x03\x03\x00\x01\x01\xCcsW...\x00\x00\x00\x00\x00\x00\x00}
04:29:54.218 [qtp399373008-61] DEBUG org.eclipse.jetty.io.ssl.SslConnection - fill NEED_TASK
04:29:54.218 [qtp399373008-61] DEBUG org.eclipse.jetty.io.ssl.SslConnection - fill NEED_UNWRAP
04:29:54.218 [qtp399373008-61] DEBUG org.eclipse.jetty.io.ChannelEndPoint - filled 0 HeapByteBuffer@60af7bcf[p=946,l=1509,c=17408,r=563]={\x17\x03\x03\x03\xAd\x0b\x00\x03\x88...\xC0\xA9P\xFd-Z\xB6<<<\x17\x03\x03\x01)\xF4\xFd\xFc\xC0\x8e\x9b\x89\x11\x86\xB4S\x81\xE4|\x8e\xAc\x0e\xBdN\xBf...\xFcU\xB9\xAbG\x90\x19n\xF6\xF5\xB4\xF8lLx\xA8\xCb\xD6\xFe\x94\x0f\xE6\xC2>>>\xD83\x0e\x1b'*\xEe\xA6$...\x00\x00\x00\x00\x00\x00\x00}
04:29:54.218 [qtp399373008-61] DEBUG org.eclipse.jetty.io.ssl.SslConnection - net filled=0
04:29:54.219 [qtp399373008-61] DEBUG org.eclipse.jetty.io.ssl.SslConnection - unwrap net_filled=0 Status = OK HandshakeStatus = NEED_TASK bytesConsumed = 302 bytesProduced = 0 encryptedBuffer=[p=1248,l=1509,c=17408,r=261] unwrapBuffer=HeapByteBuffer@6e6899aa[p=0,l=0,c=17408,r=0]={<<<>>>\x14\x03\x03\x00\x01\x01\xCcsW...\x00\x00\x00\x00\x00\x00\x00} appBuffer=HeapByteBuffer@6e6899aa[p=0,l=0,c=17408,r=0]={<<<>>>\x14\x03\x03\x00\x01\x01\xCcsW...\x00\x00\x00\x00\x00\x00\x00}
04:29:54.219 [qtp399373008-61] DEBUG org.eclipse.jetty.io.ssl.SslConnection - fill NEED_TASK
04:29:54.219 [qtp399373008-61] DEBUG org.eclipse.jetty.io.ssl.SslConnection - fill NEED_UNWRAP
04:29:54.219 [qtp399373008-61] DEBUG org.eclipse.jetty.io.ChannelEndPoint - filled 0 HeapByteBuffer@60af7bcf[p=1248,l=1509,c=17408,r=261]={\x17\x03\x03\x03\xAd\x0b\x00\x03\x88...\xCc7\x8a\x7f\x0c\x8e\x14<<<\x17\x03\x03\x00U\x7fl\x88m\xAb\xD1oec\xFav\x1c\xA4$8`\xBd5\x8a\xAe...\xFcU\xB9\xAbG\x90\x19n\xF6\xF5\xB4\xF8lLx\xA8\xCb\xD6\xFe\x94\x0f\xE6\xC2>>>\xD83\x0e\x1b'*\xEe\xA6$...\x00\x00\x00\x00\x00\x00\x00}
04:29:54.219 [qtp399373008-61] DEBUG org.eclipse.jetty.io.ssl.SslConnection - net filled=0
04:29:54.220 [qtp399373008-61] DEBUG org.eclipse.jetty.io.ssl.SslConnection - unwrap net_filled=0 Status = OK HandshakeStatus = NEED_WRAP bytesConsumed = 90 bytesProduced = 0 encryptedBuffer=[p=1338,l=1509,c=17408,r=171] unwrapBuffer=HeapByteBuffer@6e6899aa[p=0,l=0,c=17408,r=0]={<<<>>>\x14\x03\x03\x00\x01\x01\xCcsW...\x00\x00\x00\x00\x00\x00\x00} appBuffer=HeapByteBuffer@6e6899aa[p=0,l=0,c=17408,r=0]={<<<>>>\x14\x03\x03\x00\x01\x01\xCcsW...\x00\x00\x00\x00\x00\x00\x00}
04:29:54.220 [qtp399373008-61] DEBUG org.eclipse.jetty.io.ssl.SslConnection - fill NEED_WRAP
04:29:54.220 [qtp399373008-61] DEBUG org.eclipse.jetty.io.ssl.SslConnection - >flush SslConnection@7b557716::SocketChannelEndPoint@5d9886ba{l=/127.0.0.1:33437,r=/127.0.0.1:57218,OPEN,fill=-,flush=-,to=1/30000}{io=0/0,kio=0,kro=1}->SslConnection@7b557716{NEED_WRAP,eio=171/-1,di=-1,fill=IDLE,flush=IDLE}~>DecryptedEndPoint@30fc103b{l=/127.0.0.1:33437,r=/127.0.0.1:57218,OPEN,fill=-,flush=-,to=42/30000}=>HttpConnection@78b5fc22[p=HttpParser{s=START,0 of -1},g=HttpGenerator@2bf8dd8f{s=START}]=>HttpChannelOverHttp@4844b309{s=HttpChannelState@29c8feee{s=IDLE rs=BLOCKING os=OPEN is=IDLE awp=false se=false i=true al=0},r=0,c=false/false,a=IDLE,uri=null,age=0}
04:29:54.220 [qtp399373008-61] DEBUG org.eclipse.jetty.io.ssl.SslConnection - flush b[0]=HeapByteBuffer@29624c55[p=0,l=0,c=0,r=0]={<<<>>>}
04:29:54.220 [qtp399373008-61] DEBUG org.eclipse.jetty.io.ssl.SslConnection - flush NEED_WRAP
04:29:54.220 [qtp399373008-61] DEBUG org.eclipse.jetty.io.ssl.SslConnection - wrap Status = OK HandshakeStatus = FINISHED bytesConsumed = 0 bytesProduced = 88 [p=0,l=88,c=17408,r=88] ioDone=false/false
04:29:54.220 [qtp399373008-61] DEBUG org.eclipse.jetty.io.ChannelEndPoint - flushed 88 SocketChannelEndPoint@5d9886ba{l=/127.0.0.1:33437,r=/127.0.0.1:57218,OPEN,fill=-,flush=-,to=2/30000}{io=0/0,kio=0,kro=1}->SslConnection@7b557716{NOT_HANDSHAKING,eio=171/0,di=-1,fill=IDLE,flush=IDLE}~>DecryptedEndPoint@30fc103b{l=/127.0.0.1:33437,r=/127.0.0.1:57218,OPEN,fill=-,flush=-,to=43/30000}=>HttpConnection@78b5fc22[p=HttpParser{s=START,0 of -1},g=HttpGenerator@2bf8dd8f{s=START}]=>HttpChannelOverHttp@4844b309{s=HttpChannelState@29c8feee{s=IDLE rs=BLOCKING os=OPEN is=IDLE awp=false se=false i=true al=0},r=0,c=false/false,a=IDLE,uri=null,age=0}
04:29:54.220 [qtp399373008-61] DEBUG org.eclipse.jetty.io.ssl.SslConnection - net flushed=true, ac=true
04:29:54.220 [qtp399373008-61] DEBUG org.eclipse.jetty.io.ssl.SslConnection - handshake succeeded SslConnection@7b557716::SocketChannelEndPoint@5d9886ba{l=/127.0.0.1:33437,r=/127.0.0.1:57218,OPEN,fill=-,flush=-,to=0/30000}{io=0/0,kio=0,kro=1}->SslConnection@7b557716{NOT_HANDSHAKING,eio=171/0,di=-1,fill=IDLE,flush=IDLE}~>DecryptedEndPoint@30fc103b{l=/127.0.0.1:33437,r=/127.0.0.1:57218,OPEN,fill=-,flush=-,to=43/30000}=>HttpConnection@78b5fc22[p=HttpParser{s=START,0 of -1},g=HttpGenerator@2bf8dd8f{s=START}]=>HttpChannelOverHttp@4844b309{s=HttpChannelState@29c8feee{s=IDLE rs=BLOCKING os=OPEN is=IDLE awp=false se=false i=true al=0},r=0,c=false/false,a=IDLE,uri=null,age=0} resumed server TLSv1.3/TLS_AES_256_GCM_SHA384
04:29:54.220 [qtp399373008-61] DEBUG org.eclipse.jetty.io.ssl.SslConnection - <flush true SslConnection@7b557716::SocketChannelEndPoint@5d9886ba{l=/127.0.0.1:33437,r=/127.0.0.1:57218,OPEN,fill=-,flush=-,to=0/30000}{io=0/0,kio=0,kro=1}->SslConnection@7b557716{NOT_HANDSHAKING,eio=171/-1,di=-1,fill=IDLE,flush=IDLE}~>DecryptedEndPoint@30fc103b{l=/127.0.0.1:33437,r=/127.0.0.1:57218,OPEN,fill=-,flush=-,to=43/30000}=>HttpConnection@78b5fc22[p=HttpParser{s=START,0 of -1},g=HttpGenerator@2bf8dd8f{s=START}]=>HttpChannelOverHttp@4844b309{s=HttpChannelState@29c8feee{s=IDLE rs=BLOCKING os=OPEN is=IDLE awp=false se=false i=true al=0},r=0,c=false/false,a=IDLE,uri=null,age=0}
04:29:54.220 [qtp399373008-61] DEBUG org.eclipse.jetty.io.ssl.SslConnection - fill NOT_HANDSHAKING
04:29:54.220 [qtp399373008-61] DEBUG org.eclipse.jetty.io.ChannelEndPoint - filled 0 HeapByteBuffer@60af7bcf[p=1338,l=1509,c=17408,r=171]={\x17\x03\x03\x03\xAd\x0b\x00\x03\x88...\xDcaz\x9f%0\xC7<<<\x17\x03\x03\x00\xA6U4{\x9a\xC7\xF4\xDb\xCd\x19\xC2\xCd\xC5\xFf\x82\xCd\xBcI\xAa\xC9\xB4...\xFcU\xB9\xAbG\x90\x19n\xF6\xF5\xB4\xF8lLx\xA8\xCb\xD6\xFe\x94\x0f\xE6\xC2>>>\xD83\x0e\x1b'*\xEe\xA6$...\x00\x00\x00\x00\x00\x00\x00}
04:29:54.220 [qtp399373008-61] DEBUG org.eclipse.jetty.io.ssl.SslConnection - net filled=0
04:29:54.221 [qtp399373008-61] DEBUG org.eclipse.jetty.io.ssl.SslConnection - unwrap net_filled=0 Status = OK HandshakeStatus = NOT_HANDSHAKING bytesConsumed = 171 bytesProduced = 133 encryptedBuffer=[p=1509,l=1509,c=17408,r=0] unwrapBuffer=HeapByteBuffer@6e6899aa[p=0,l=133,c=17408,r=133]={<<<GET /config-minimal.yml H...gent: okhttp/3.12.3\r\n\r\n>>>P1\xC1\xD69\xCb`\xEc\x8f...\x00\x00\x00\x00\x00\x00\x00} appBuffer=HeapByteBuffer@6e6899aa[p=0,l=133,c=17408,r=133]={<<<GET /config-minimal.yml H...gent: okhttp/3.12.3\r\n\r\n>>>P1\xC1\xD69\xCb`\xEc\x8f...\x00\x00\x00\x00\x00\x00\x00}
04:29:54.221 [qtp399373008-61] DEBUG org.eclipse.jetty.io.ssl.SslConnection - <fill f=133 uf=false SslConnection@7b557716::SocketChannelEndPoint@5d9886ba{l=/127.0.0.1:33437,r=/127.0.0.1:57218,OPEN,fill=-,flush=-,to=0/30000}{io=0/0,kio=0,kro=1}->SslConnection@7b557716{NOT_HANDSHAKING,eio=-1/-1,di=-1,fill=IDLE,flush=IDLE}~>DecryptedEndPoint@30fc103b{l=/127.0.0.1:33437,r=/127.0.0.1:57218,OPEN,fill=-,flush=-,to=43/30000}=>HttpConnection@78b5fc22[p=HttpParser{s=START,0 of -1},g=HttpGenerator@2bf8dd8f{s=START}]=>HttpChannelOverHttp@4844b309{s=HttpChannelState@29c8feee{s=IDLE rs=BLOCKING os=OPEN is=IDLE awp=false se=false i=true al=0},r=0,c=false/false,a=IDLE,uri=null,age=0}
04:29:54.221 [qtp399373008-61] DEBUG org.eclipse.jetty.server.HttpConnection - HttpConnection@78b5fc22::DecryptedEndPoint@30fc103b{l=/127.0.0.1:33437,r=/127.0.0.1:57218,OPEN,fill=-,flush=-,to=43/30000} filled 133 HeapByteBuffer@6e6899aa[p=0,l=133,c=17408,r=133]={<<<GET /config-minimal.yml H...gent: okhttp/3.12.3\r\n\r\n>>>P1\xC1\xD69\xCb`\xEc\x8f...\x00\x00\x00\x00\x00\x00\x00}
04:29:54.221 [qtp399373008-61] DEBUG org.eclipse.jetty.server.HttpConnection - HttpConnection@78b5fc22::DecryptedEndPoint@30fc103b{l=/127.0.0.1:33437,r=/127.0.0.1:57218,OPEN,fill=-,flush=-,to=43/30000} parse HeapByteBuffer@6e6899aa[p=0,l=133,c=17408,r=133]={<<<GET /config-minimal.yml H...gent: okhttp/3.12.3\r\n\r\n>>>P1\xC1\xD69\xCb`\xEc\x8f...\x00\x00\x00\x00\x00\x00\x00} {}
04:29:54.221 [qtp399373008-61] DEBUG org.eclipse.jetty.http.HttpParser - parseNext s=START HeapByteBuffer@6e6899aa[p=0,l=133,c=17408,r=133]={<<<GET /config-minimal.yml H...gent: okhttp/3.12.3\r\n\r\n>>>P1\xC1\xD69\xCb`\xEc\x8f...\x00\x00\x00\x00\x00\x00\x00}
04:29:54.221 [qtp399373008-61] DEBUG org.eclipse.jetty.http.HttpParser - START --> SPACE1
04:29:54.221 [qtp399373008-61] DEBUG org.eclipse.jetty.http.HttpParser - SPACE1 --> URI
04:29:54.221 [qtp399373008-61] DEBUG org.eclipse.jetty.http.HttpParser - URI --> SPACE2
04:29:54.221 [qtp399373008-61] DEBUG org.eclipse.jetty.http.HttpParser - SPACE2 --> REQUEST_VERSION
04:29:54.221 [qtp399373008-61] DEBUG org.eclipse.jetty.http.HttpParser - REQUEST_VERSION --> HEADER
04:29:54.221 [qtp399373008-61] DEBUG org.eclipse.jetty.http.HttpParser - HEADER:Host --> VALUE
04:29:54.221 [qtp399373008-61] DEBUG org.eclipse.jetty.http.HttpParser - HEADER:Host --> IN_VALUE
04:29:54.221 [qtp399373008-61] DEBUG org.eclipse.jetty.http.HttpParser - HEADER:Host --> FIELD
04:29:54.221 [qtp399373008-61] DEBUG org.eclipse.jetty.http.HttpParser - HEADER:Connection: keep-alive --> IN_VALUE
04:29:54.221 [qtp399373008-61] DEBUG org.eclipse.jetty.http.HttpParser - HEADER:Connection: keep-alive --> FIELD
04:29:54.221 [qtp399373008-61] DEBUG org.eclipse.jetty.http.HttpParser - HEADER:Accept-Encoding: gzip --> IN_VALUE
04:29:54.221 [qtp399373008-61] DEBUG org.eclipse.jetty.http.HttpParser - HEADER:Accept-Encoding: gzip --> FIELD
04:29:54.221 [qtp399373008-61] DEBUG org.eclipse.jetty.http.HttpParser - HEADER:User-Agent --> VALUE
04:29:54.221 [qtp399373008-61] DEBUG org.eclipse.jetty.http.HttpParser - HEADER:User-Agent --> IN_VALUE
04:29:54.221 [qtp399373008-61] DEBUG org.eclipse.jetty.http.HttpParser - HEADER:User-Agent --> FIELD
04:29:54.221 [qtp399373008-61] DEBUG org.eclipse.jetty.http.HttpParser - HEADER --> CONTENT
04:29:54.221 [qtp399373008-61] DEBUG org.eclipse.jetty.server.HttpChannel - REQUEST for //localhost:33437/config-minimal.yml on HttpChannelOverHttp@4844b309{s=HttpChannelState@29c8feee{s=IDLE rs=BLOCKING os=OPEN is=IDLE awp=false se=false i=true al=0},r=1,c=false/false,a=IDLE,uri=//localhost:33437/config-minimal.yml,age=0}
GET //localhost:33437/config-minimal.yml HTTP/1.1
Host: localhost:33437
Connection: keep-alive
Accept-Encoding: gzip
User-Agent: okhttp/3.12.3


04:29:54.221 [qtp399373008-61] DEBUG org.eclipse.jetty.server.HttpConnection - HttpConnection@78b5fc22::DecryptedEndPoint@30fc103b{l=/127.0.0.1:33437,r=/127.0.0.1:57218,OPEN,fill=-,flush=-,to=44/30000} parsed true HttpParser{s=CONTENT,0 of -1}
04:29:54.221 [qtp399373008-61] DEBUG org.eclipse.jetty.server.HttpConnection - releaseRequestBuffer HttpConnection@78b5fc22::DecryptedEndPoint@30fc103b{l=/127.0.0.1:33437,r=/127.0.0.1:57218,OPEN,fill=-,flush=-,to=44/30000}
04:29:54.221 [qtp399373008-61] DEBUG org.eclipse.jetty.server.HttpChannel - handle //localhost:33437/config-minimal.yml HttpChannelOverHttp@4844b309{s=HttpChannelState@29c8feee{s=IDLE rs=BLOCKING os=OPEN is=IDLE awp=false se=false i=true al=0},r=1,c=false/false,a=IDLE,uri=//localhost:33437/config-minimal.yml,age=0} 
04:29:54.221 [qtp399373008-61] DEBUG org.eclipse.jetty.server.HttpChannelState - handling HttpChannelState@29c8feee{s=IDLE rs=BLOCKING os=OPEN is=IDLE awp=false se=false i=true al=0}
04:29:54.221 [qtp399373008-61] DEBUG org.eclipse.jetty.server.HttpChannel - action DISPATCH HttpChannelOverHttp@4844b309{s=HttpChannelState@29c8feee{s=HANDLING rs=BLOCKING os=OPEN is=IDLE awp=false se=false i=true al=0},r=1,c=false/false,a=HANDLING,uri=//localhost:33437/config-minimal.yml,age=0}
04:29:54.221 [qtp399373008-61] DEBUG org.eclipse.jetty.server.SecureRequestCustomizer - Host localhost with SNI null
04:29:54.221 [qtp399373008-61] DEBUG org.eclipse.jetty.server.Server - REQUEST GET /config-minimal.yml on HttpChannelOverHttp@4844b309{s=HttpChannelState@29c8feee{s=HANDLING rs=BLOCKING os=OPEN is=IDLE awp=false se=false i=true al=0},r=1,c=false/false,a=HANDLING,uri=https://localhost:33437/config-minimal.yml,age=0}
04:29:54.222 [qtp399373008-61] DEBUG org.eclipse.jetty.server.HttpOutput - write(array HeapByteBuffer@ac85bd9[p=0,l=1469,c=262144,r=1469]={<<<# Licensed to the Apache ...tination name: PutFile\n>>>\x00\x00\x00\x00\x00\x00\x00\x00\x00...\x00\x00\x00\x00\x00\x00\x00})
04:29:54.222 [qtp399373008-61] DEBUG org.eclipse.jetty.server.HttpOutput - write(array) s=CLOSING,api=BLOCKED,sc=false,e=null last=true agg=false flush=true async=false, len=1469 null
04:29:54.222 [qtp399373008-61] DEBUG org.eclipse.jetty.server.HttpChannel - sendResponse info=null content=HeapByteBuffer@19cde5b8[p=0,l=1469,c=262144,r=1469]={<<<# Licensed to the Apache ...tination name: PutFile\n>>>\x00\x00\x00\x00\x00\x00\x00\x00\x00...\x00\x00\x00\x00\x00\x00\x00} complete=true committing=true callback=Blocker@5dd4badf{null}
04:29:54.222 [qtp399373008-61] DEBUG org.eclipse.jetty.server.HttpChannel - COMMIT for /config-minimal.yml on HttpChannelOverHttp@4844b309{s=HttpChannelState@29c8feee{s=HANDLING rs=BLOCKING os=COMMITTED is=IDLE awp=false se=false i=true al=0},r=1,c=false/false,a=HANDLING,uri=https://localhost:33437/config-minimal.yml,age=1}
200 null HTTP/1.1
Date: Thu, 02 May 2024 03:29:54 GMT
ETag: testEtag
Content-Type: text/plain;charset=utf-8
Content-Length: 1469


04:29:54.222 [qtp399373008-61] DEBUG org.eclipse.jetty.server.HttpConnection - generate: NEED_HEADER for SendCallback@63c97669[PROCESSING][i=HTTP/1.1{s=200,h=4,cl=1469},cb=org.eclipse.jetty.server.HttpChannel$SendCallback@2b17ef5a] (null,[p=0,l=1469,c=262144,r=1469],true)@START
04:29:54.222 [qtp399373008-61] DEBUG org.eclipse.jetty.http.HttpGenerator - generateHeaders HTTP/1.1{s=200,h=4,cl=1469} last=true content=HeapByteBuffer@19cde5b8[p=0,l=1469,c=262144,r=1469]={<<<# Licensed to the Apache ...tination name: PutFile\n>>>\x00\x00\x00\x00\x00\x00\x00\x00\x00...\x00\x00\x00\x00\x00\x00\x00}
04:29:54.222 [qtp399373008-61] DEBUG org.eclipse.jetty.http.HttpGenerator - Date: Thu, 02 May 2024 03:29:54 GMT
ETag: testEtag
Content-Type: text/plain;charset=utf-8
Content-Length: 1469


04:29:54.222 [qtp399373008-61] DEBUG org.eclipse.jetty.http.HttpGenerator - CONTENT_LENGTH
04:29:54.222 [qtp399373008-61] DEBUG org.eclipse.jetty.server.HttpConnection - generate: FLUSH for SendCallback@63c97669[PROCESSING][i=HTTP/1.1{s=200,h=4,cl=1469},cb=org.eclipse.jetty.server.HttpChannel$SendCallback@2b17ef5a] ([p=0,l=167,c=8192,r=167],[p=0,l=1469,c=262144,r=1469],true)@COMPLETING
04:29:54.222 [qtp399373008-61] DEBUG org.eclipse.jetty.io.WriteFlusher - write: WriteFlusher@5d812fa5{IDLE}->null [HeapByteBuffer@4ce71d2b[p=0,l=167,c=8192,r=167]={<<<HTTP/1.1 200 OK\r\nDate: Th...y(9.4.44.v20210927)\r\n\r\n>>>\x00\x00\x00\x00\x00\x00\x00\x00\x00...\x00\x00\x00\x00\x00\x00\x00},HeapByteBuffer@19cde5b8[p=0,l=1469,c=262144,r=1469]={<<<# Licensed to the Apache ...tination name: PutFile\n>>>\x00\x00\x00\x00\x00\x00\x00\x00\x00...\x00\x00\x00\x00\x00\x00\x00}]
04:29:54.222 [qtp399373008-61] DEBUG org.eclipse.jetty.io.WriteFlusher - update WriteFlusher@5d812fa5{WRITING}->null:IDLE-->WRITING
04:29:54.222 [qtp399373008-61] DEBUG org.eclipse.jetty.io.ssl.SslConnection - >flush SslConnection@7b557716::SocketChannelEndPoint@5d9886ba{l=/127.0.0.1:33437,r=/127.0.0.1:57218,OPEN,fill=-,flush=-,to=1/30000}{io=0/0,kio=0,kro=1}->SslConnection@7b557716{NOT_HANDSHAKING,eio=-1/-1,di=-1,fill=IDLE,flush=IDLE}~>DecryptedEndPoint@30fc103b{l=/127.0.0.1:33437,r=/127.0.0.1:57218,OPEN,fill=-,flush=W,to=45/30000}=>HttpConnection@78b5fc22[p=HttpParser{s=CONTENT,0 of -1},g=HttpGenerator@2bf8dd8f{s=COMPLETING}]=>HttpChannelOverHttp@4844b309{s=HttpChannelState@29c8feee{s=HANDLING rs=BLOCKING os=COMMITTED is=IDLE awp=false se=false i=true al=0},r=1,c=false/false,a=HANDLING,uri=https://localhost:33437/config-minimal.yml,age=1}
04:29:54.222 [qtp399373008-61] DEBUG org.eclipse.jetty.io.ssl.SslConnection - flush b[0]=HeapByteBuffer@4ce71d2b[p=0,l=167,c=8192,r=167]={<<<HTTP/1.1 200 OK\r\nDate: Th...y(9.4.44.v20210927)\r\n\r\n>>>\x00\x00\x00\x00\x00\x00\x00\x00\x00...\x00\x00\x00\x00\x00\x00\x00}
04:29:54.222 [qtp399373008-61] DEBUG org.eclipse.jetty.io.ssl.SslConnection - flush b[1]=HeapByteBuffer@19cde5b8[p=0,l=1469,c=262144,r=1469]={<<<# Licensed to the Apache ...tination name: PutFile\n>>>\x00\x00\x00\x00\x00\x00\x00\x00\x00...\x00\x00\x00\x00\x00\x00\x00}
04:29:54.222 [qtp399373008-61] DEBUG org.eclipse.jetty.io.ssl.SslConnection - flush NOT_HANDSHAKING
04:29:54.222 [qtp399373008-61] DEBUG org.eclipse.jetty.io.ssl.SslConnection - wrap Status = OK HandshakeStatus = NOT_HANDSHAKING bytesConsumed = 1636 bytesProduced = 1674 [p=0,l=1674,c=17408,r=1674] ioDone=false/false
04:29:54.222 [qtp399373008-61] DEBUG org.eclipse.jetty.io.ChannelEndPoint - flushed 1674 SocketChannelEndPoint@5d9886ba{l=/127.0.0.1:33437,r=/127.0.0.1:57218,OPEN,fill=-,flush=-,to=2/30000}{io=0/0,kio=0,kro=1}->SslConnection@7b557716{NOT_HANDSHAKING,eio=-1/0,di=-1,fill=IDLE,flush=IDLE}~>DecryptedEndPoint@30fc103b{l=/127.0.0.1:33437,r=/127.0.0.1:57218,OPEN,fill=-,flush=W,to=45/30000}=>HttpConnection@78b5fc22[p=HttpParser{s=CONTENT,0 of -1},g=HttpGenerator@2bf8dd8f{s=COMPLETING}]=>HttpChannelOverHttp@4844b309{s=HttpChannelState@29c8feee{s=HANDLING rs=BLOCKING os=COMMITTED is=IDLE awp=false se=false i=true al=0},r=1,c=false/false,a=HANDLING,uri=https://localhost:33437/config-minimal.yml,age=1}
04:29:54.222 [qtp399373008-61] DEBUG org.eclipse.jetty.io.ssl.SslConnection - net flushed=true, ac=true
04:29:54.222 [qtp399373008-61] DEBUG org.eclipse.jetty.io.ssl.SslConnection - <flush true SslConnection@7b557716::SocketChannelEndPoint@5d9886ba{l=/127.0.0.1:33437,r=/127.0.0.1:57218,OPEN,fill=-,flush=-,to=0/30000}{io=0/0,kio=0,kro=1}->SslConnection@7b557716{NOT_HANDSHAKING,eio=-1/-1,di=-1,fill=IDLE,flush=IDLE}~>DecryptedEndPoint@30fc103b{l=/127.0.0.1:33437,r=/127.0.0.1:57218,OPEN,fill=-,flush=W,to=45/30000}=>HttpConnection@78b5fc22[p=HttpParser{s=CONTENT,0 of -1},g=HttpGenerator@2bf8dd8f{s=COMPLETING}]=>HttpChannelOverHttp@4844b309{s=HttpChannelState@29c8feee{s=HANDLING rs=BLOCKING os=COMMITTED is=IDLE awp=false se=false i=true al=0},r=1,c=false/false,a=HANDLING,uri=https://localhost:33437/config-minimal.yml,age=1}
04:29:54.223 [qtp399373008-61] DEBUG org.eclipse.jetty.io.WriteFlusher - Flushed=true written=1636 remaining=0 WriteFlusher@5d812fa5{WRITING}->null
04:29:54.223 [qtp399373008-61] DEBUG org.eclipse.jetty.io.WriteFlusher - update WriteFlusher@5d812fa5{IDLE}->null:WRITING-->IDLE
04:29:54.223 [qtp399373008-61] DEBUG org.eclipse.jetty.server.HttpConnection - generate: DONE for SendCallback@63c97669[PROCESSING][i=HTTP/1.1{s=200,h=4,cl=1469},cb=org.eclipse.jetty.server.HttpChannel$SendCallback@2b17ef5a] ([p=167,l=167,c=8192,r=0],[p=1469,l=1469,c=262144,r=0],true)@END
04:29:54.223 [main] DEBUG org.apache.nifi.minifi.bootstrap.configuration.ingestors.PullHttpChangeIngestor - Response received: Response{protocol=http/1.1, code=200, message=OK, url=https://localhost:33437/config-minimal.yml}
04:29:54.223 [qtp399373008-61] DEBUG org.eclipse.jetty.server.HttpOutput - onWriteComplete(true,null) s=CLOSING,api=BLOCKED,sc=false,e=null->s=CLOSED,api=BLOCKING,sc=false,e=null c=null cb=null w=false
04:29:54.223 [main] DEBUG org.apache.nifi.minifi.bootstrap.configuration.ingestors.PullHttpChangeIngestor - New change received, notifying listener
04:29:54.223 [main] DEBUG org.apache.nifi.minifi.bootstrap.configuration.ingestors.PullHttpChangeIngestor - Listeners notified
04:29:54.223 [qtp399373008-61] DEBUG org.eclipse.jetty.server.HttpOutput - close() s=CLOSED,api=BLOCKING,sc=false,e=null c=null b=null
04:29:54.223 [qtp399373008-61] DEBUG org.eclipse.jetty.server.Server - handled=true async=false committed=true on HttpChannelOverHttp@4844b309{s=HttpChannelState@29c8feee{s=HANDLING rs=BLOCKING os=COMPLETED is=IDLE awp=false se=false i=true al=0},r=1,c=false/true,a=HANDLING,uri=https://localhost:33437/config-minimal.yml,age=2}
04:29:54.223 [qtp399373008-61] DEBUG org.eclipse.jetty.server.HttpChannelState - unhandle HttpChannelState@29c8feee{s=HANDLING rs=BLOCKING os=COMPLETED is=IDLE awp=false se=false i=true al=0}
04:29:54.223 [qtp399373008-61] DEBUG org.eclipse.jetty.server.HttpChannelState - nextAction(false) COMPLETE HttpChannelState@29c8feee{s=HANDLING rs=COMPLETING os=COMPLETED is=IDLE awp=false se=false i=false al=0}
04:29:54.223 [qtp399373008-61] DEBUG org.eclipse.jetty.server.HttpChannel - action COMPLETE HttpChannelOverHttp@4844b309{s=HttpChannelState@29c8feee{s=HANDLING rs=COMPLETING os=COMPLETED is=IDLE awp=false se=false i=false al=0},r=1,c=false/true,a=HANDLING,uri=https://localhost:33437/config-minimal.yml,age=2}
04:29:54.223 [qtp399373008-61] DEBUG org.eclipse.jetty.server.HttpOutput - complete(org.eclipse.jetty.util.Callback$3@25fb6488) s=CLOSED,api=BLOCKING,sc=false,e=null s=true e=null, c=null
04:29:54.223 [qtp399373008-61] DEBUG org.eclipse.jetty.server.HttpChannelState - completed HttpChannelState@29c8feee{s=HANDLING rs=COMPLETING os=COMPLETED is=IDLE awp=false se=false i=false al=0}
04:29:54.223 [qtp399373008-61] DEBUG org.eclipse.jetty.server.HttpChannelState - unhandle HttpChannelState@29c8feee{s=HANDLING rs=COMPLETED os=COMPLETED is=IDLE awp=false se=false i=false al=0}
04:29:54.223 [qtp399373008-61] DEBUG org.eclipse.jetty.server.HttpChannelState - nextAction(false) TERMINATED HttpChannelState@29c8feee{s=IDLE rs=COMPLETED os=COMPLETED is=IDLE awp=false se=false i=false al=0}
04:29:54.223 [qtp399373008-61] DEBUG org.eclipse.jetty.server.HttpChannel - action TERMINATED HttpChannelOverHttp@4844b309{s=HttpChannelState@29c8feee{s=IDLE rs=COMPLETED os=COMPLETED is=IDLE awp=false se=false i=false al=0},r=1,c=true/true,a=IDLE,uri=https://localhost:33437/config-minimal.yml,age=2}
04:29:54.223 [qtp399373008-61] DEBUG org.eclipse.jetty.server.HttpChannel - onCompleted for /config-minimal.yml written=1469
04:29:54.223 [qtp399373008-61] DEBUG org.eclipse.jetty.io.ssl.SslConnection - >fill SslConnection@7b557716::SocketChannelEndPoint@5d9886ba{l=/127.0.0.1:33437,r=/127.0.0.1:57218,OPEN,fill=-,flush=-,to=0/30000}{io=0/0,kio=0,kro=1}->SslConnection@7b557716{NOT_HANDSHAKING,eio=-1/-1,di=-1,fill=IDLE,flush=IDLE}~>DecryptedEndPoint@30fc103b{l=/127.0.0.1:33437,r=/127.0.0.1:57218,OPEN,fill=-,flush=-,to=46/30000}=>HttpConnection@78b5fc22[p=HttpParser{s=CONTENT,0 of -1},g=HttpGenerator@2bf8dd8f{s=END}]=>HttpChannelOverHttp@4844b309{s=HttpChannelState@29c8feee{s=IDLE rs=COMPLETED os=COMPLETED is=IDLE awp=false se=false i=false al=0},r=1,c=true/true,a=IDLE,uri=https://localhost:33437/config-minimal.yml,age=2}
04:29:54.223 [qtp399373008-61] DEBUG org.eclipse.jetty.io.ssl.SslConnection - fill NOT_HANDSHAKING
04:29:54.224 [qtp399373008-61] DEBUG org.eclipse.jetty.io.ChannelEndPoint - filled 0 HeapByteBuffer@6e6899aa[p=0,l=0,c=17408,r=0]={<<<>>>GET /conf...\x00\x00\x00\x00\x00\x00\x00}
04:29:54.224 [qtp399373008-61] DEBUG org.eclipse.jetty.io.ssl.SslConnection - net filled=0
04:29:54.224 [qtp399373008-61] DEBUG org.eclipse.jetty.io.ssl.SslConnection - unwrap net_filled=0 Status = BUFFER_UNDERFLOW HandshakeStatus = NOT_HANDSHAKING bytesConsumed = 0 bytesProduced = 0 encryptedBuffer=[p=0,l=0,c=17408,r=0] unwrapBuffer=HeapByteBuffer@60af7bcf[p=0,l=0,c=17408,r=0]={<<<>>>\x17\x03\x03\x03\xAd\x0b\x00\x03\x88...\x00\x00\x00\x00\x00\x00\x00} appBuffer=HeapByteBuffer@60af7bcf[p=0,l=0,c=17408,r=0]={<<<>>>\x17\x03\x03\x03\xAd\x0b\x00\x03\x88...\x00\x00\x00\x00\x00\x00\x00}
04:29:54.224 [qtp399373008-61] DEBUG org.eclipse.jetty.io.ssl.SslConnection - <fill f=0 uf=true SslConnection@7b557716::SocketChannelEndPoint@5d9886ba{l=/127.0.0.1:33437,r=/127.0.0.1:57218,OPEN,fill=-,flush=-,to=1/30000}{io=0/0,kio=0,kro=1}->SslConnection@7b557716{NOT_HANDSHAKING,eio=-1/-1,di=-1,fill=IDLE,flush=IDLE}~>DecryptedEndPoint@30fc103b{l=/127.0.0.1:33437,r=/127.0.0.1:57218,OPEN,fill=-,flush=-,to=46/30000}=>HttpConnection@78b5fc22[p=HttpParser{s=CONTENT,0 of -1},g=HttpGenerator@2bf8dd8f{s=END}]=>HttpChannelOverHttp@4844b309{s=HttpChannelState@29c8feee{s=IDLE rs=COMPLETED os=COMPLETED is=IDLE awp=false se=false i=false al=0},r=1,c=true/true,a=IDLE,uri=https://localhost:33437/config-minimal.yml,age=3}
04:29:54.224 [qtp399373008-61] DEBUG org.eclipse.jetty.io.ssl.SslConnection - >fill SslConnection@7b557716::SocketChannelEndPoint@5d9886ba{l=/127.0.0.1:33437,r=/127.0.0.1:57218,OPEN,fill=-,flush=-,to=1/30000}{io=0/0,kio=0,kro=1}->SslConnection@7b557716{NOT_HANDSHAKING,eio=-1/-1,di=-1,fill=IDLE,flush=IDLE}~>DecryptedEndPoint@30fc103b{l=/127.0.0.1:33437,r=/127.0.0.1:57218,OPEN,fill=-,flush=-,to=46/30000}=>HttpConnection@78b5fc22[p=HttpParser{s=CONTENT,0 of -1},g=HttpGenerator@2bf8dd8f{s=END}]=>HttpChannelOverHttp@4844b309{s=HttpChannelState@29c8feee{s=IDLE rs=COMPLETED os=COMPLETED is=IDLE awp=false se=false i=false al=0},r=1,c=true/true,a=IDLE,uri=https://localhost:33437/config-minimal.yml,age=3}
04:29:54.224 [qtp399373008-61] DEBUG org.eclipse.jetty.io.ssl.SslConnection - fill NOT_HANDSHAKING
04:29:54.224 [qtp399373008-61] DEBUG org.eclipse.jetty.io.ChannelEndPoint - filled 0 HeapByteBuffer@6a5710bf[p=0,l=0,c=17408,r=0]={<<<>>>\x17\x03\x03\x06\x85l\xDa\xFb\xEb...\x00\x00\x00\x00\x00\x00\x00}
04:29:54.224 [qtp399373008-61] DEBUG org.eclipse.jetty.io.ssl.SslConnection - net filled=0
04:29:54.224 [qtp399373008-61] DEBUG org.eclipse.jetty.io.ssl.SslConnection - unwrap net_filled=0 Status = BUFFER_UNDERFLOW HandshakeStatus = NOT_HANDSHAKING bytesConsumed = 0 bytesProduced = 0 encryptedBuffer=[p=0,l=0,c=17408,r=0] unwrapBuffer=HeapByteBuffer@60af7bcf[p=0,l=0,c=17408,r=0]={<<<>>>\x17\x03\x03\x03\xAd\x0b\x00\x03\x88...\x00\x00\x00\x00\x00\x00\x00} appBuffer=HeapByteBuffer@60af7bcf[p=0,l=0,c=17408,r=0]={<<<>>>\x17\x03\x03\x03\xAd\x0b\x00\x03\x88...\x00\x00\x00\x00\x00\x00\x00}
04:29:54.224 [qtp399373008-61] DEBUG org.eclipse.jetty.io.ssl.SslConnection - <fill f=0 uf=true SslConnection@7b557716::SocketChannelEndPoint@5d9886ba{l=/127.0.0.1:33437,r=/127.0.0.1:57218,OPEN,fill=-,flush=-,to=1/30000}{io=0/0,kio=0,kro=1}->SslConnection@7b557716{NOT_HANDSHAKING,eio=-1/-1,di=-1,fill=IDLE,flush=IDLE}~>DecryptedEndPoint@30fc103b{l=/127.0.0.1:33437,r=/127.0.0.1:57218,OPEN,fill=-,flush=-,to=46/30000}=>HttpConnection@78b5fc22[p=HttpParser{s=CONTENT,0 of -1},g=HttpGenerator@2bf8dd8f{s=END}]=>HttpChannelOverHttp@4844b309{s=HttpChannelState@29c8feee{s=IDLE rs=COMPLETED os=COMPLETED is=IDLE awp=false se=false i=false al=0},r=1,c=true/true,a=IDLE,uri=https://localhost:33437/config-minimal.yml,age=3}
04:29:54.224 [qtp399373008-61] DEBUG org.eclipse.jetty.server.HttpConnection - HttpConnection@78b5fc22::DecryptedEndPoint@30fc103b{l=/127.0.0.1:33437,r=/127.0.0.1:57218,OPEN,fill=-,flush=-,to=47/30000} filled 0 HeapByteBuffer@60af7bcf[p=0,l=0,c=17408,r=0]={<<<>>>\x17\x03\x03\x03\xAd\x0b\x00\x03\x88...\x00\x00\x00\x00\x00\x00\x00}
04:29:54.224 [qtp399373008-61] DEBUG org.eclipse.jetty.server.HttpConnection - HttpConnection@78b5fc22::DecryptedEndPoint@30fc103b{l=/127.0.0.1:33437,r=/127.0.0.1:57218,OPEN,fill=-,flush=-,to=47/30000} parse HeapByteBuffer@60af7bcf[p=0,l=0,c=17408,r=0]={<<<>>>\x17\x03\x03\x03\xAd\x0b\x00\x03\x88...\x00\x00\x00\x00\x00\x00\x00} {}
04:29:54.224 [qtp399373008-61] DEBUG org.eclipse.jetty.http.HttpParser - parseNext s=CONTENT HeapByteBuffer@60af7bcf[p=0,l=0,c=17408,r=0]={<<<>>>\x17\x03\x03\x03\xAd\x0b\x00\x03\x88...\x00\x00\x00\x00\x00\x00\x00}
04:29:54.224 [qtp399373008-61] DEBUG org.eclipse.jetty.http.HttpParser - CONTENT --> CONTENT_END
04:29:54.224 [qtp399373008-61] DEBUG org.eclipse.jetty.server.HttpChannel - onContentComplete HttpChannelOverHttp@4844b309{s=HttpChannelState@29c8feee{s=IDLE rs=COMPLETED os=COMPLETED is=IDLE awp=false se=false i=false al=0},r=1,c=true/true,a=IDLE,uri=https://localhost:33437/config-minimal.yml,age=3}
04:29:54.224 [qtp399373008-61] DEBUG org.eclipse.jetty.http.HttpParser - CONTENT_END --> END
04:29:54.224 [qtp399373008-61] DEBUG org.eclipse.jetty.server.HttpChannel - onRequestComplete HttpChannelOverHttp@4844b309{s=HttpChannelState@29c8feee{s=IDLE rs=COMPLETED os=COMPLETED is=IDLE awp=false se=false i=false al=0},r=1,c=true/true,a=IDLE,uri=https://localhost:33437/config-minimal.yml,age=3}
04:29:54.224 [qtp399373008-61] DEBUG org.eclipse.jetty.server.HttpInput - HttpInputOverHTTP@d292460[c=0,q=0,[0]=null,s=STREAM] addContent EOF
04:29:54.224 [qtp399373008-61] DEBUG org.eclipse.jetty.server.HttpConnection - HttpConnection@78b5fc22::DecryptedEndPoint@30fc103b{l=/127.0.0.1:33437,r=/127.0.0.1:57218,OPEN,fill=-,flush=-,to=47/30000} parsed false HttpParser{s=END,0 of -1}
04:29:54.224 [qtp399373008-61] DEBUG org.eclipse.jetty.server.HttpConnection - releaseRequestBuffer HttpConnection@78b5fc22::DecryptedEndPoint@30fc103b{l=/127.0.0.1:33437,r=/127.0.0.1:57218,OPEN,fill=-,flush=-,to=47/30000}
04:29:54.224 [qtp399373008-61] DEBUG org.eclipse.jetty.server.HttpChannelState - recycle HttpChannelState@29c8feee{s=IDLE rs=COMPLETED os=COMPLETED is=IDLE awp=false se=false i=false al=0}
04:29:54.224 [qtp399373008-61] DEBUG org.eclipse.jetty.http.HttpParser - reset HttpParser{s=END,0 of -1}
04:29:54.224 [qtp399373008-61] DEBUG org.eclipse.jetty.http.HttpParser - END --> START
04:29:54.224 [qtp399373008-61] DEBUG org.eclipse.jetty.server.HttpChannel - !handle TERMINATED HttpChannelOverHttp@4844b309{s=HttpChannelState@29c8feee{s=IDLE rs=BLOCKING os=OPEN is=IDLE awp=false se=false i=true al=0},r=1,c=false/false,a=IDLE,uri=null,age=0}
04:29:54.224 [qtp399373008-61] DEBUG org.eclipse.jetty.io.ssl.SslConnection - >fill SslConnection@7b557716::SocketChannelEndPoint@5d9886ba{l=/127.0.0.1:33437,r=/127.0.0.1:57218,OPEN,fill=-,flush=-,to=1/30000}{io=0/0,kio=0,kro=1}->SslConnection@7b557716{NOT_HANDSHAKING,eio=-1/-1,di=-1,fill=IDLE,flush=IDLE}~>DecryptedEndPoint@30fc103b{l=/127.0.0.1:33437,r=/127.0.0.1:57218,OPEN,fill=-,flush=-,to=47/30000}=>HttpConnection@78b5fc22[p=HttpParser{s=START,0 of -1},g=HttpGenerator@2bf8dd8f{s=START}]=>HttpChannelOverHttp@4844b309{s=HttpChannelState@29c8feee{s=IDLE rs=BLOCKING os=OPEN is=IDLE awp=false se=false i=true al=0},r=1,c=false/false,a=IDLE,uri=null,age=0}
04:29:54.224 [qtp399373008-61] DEBUG org.eclipse.jetty.io.ssl.SslConnection - fill NOT_HANDSHAKING
04:29:54.224 [qtp399373008-61] DEBUG org.eclipse.jetty.io.ChannelEndPoint - filled 0 HeapByteBuffer@6a5710bf[p=0,l=0,c=17408,r=0]={<<<>>>\x17\x03\x03\x06\x85l\xDa\xFb\xEb...\x00\x00\x00\x00\x00\x00\x00}
04:29:54.224 [qtp399373008-61] DEBUG org.eclipse.jetty.io.ssl.SslConnection - net filled=0
04:29:54.224 [qtp399373008-61] DEBUG org.eclipse.jetty.io.ssl.SslConnection - unwrap net_filled=0 Status = BUFFER_UNDERFLOW HandshakeStatus = NOT_HANDSHAKING bytesConsumed = 0 bytesProduced = 0 encryptedBuffer=[p=0,l=0,c=17408,r=0] unwrapBuffer=HeapByteBuffer@6e6899aa[p=0,l=0,c=17408,r=0]={<<<>>>GET /conf...\x00\x00\x00\x00\x00\x00\x00} appBuffer=HeapByteBuffer@6e6899aa[p=0,l=0,c=17408,r=0]={<<<>>>GET /conf...\x00\x00\x00\x00\x00\x00\x00}
04:29:54.224 [qtp399373008-61] DEBUG org.eclipse.jetty.io.ssl.SslConnection - <fill f=0 uf=true SslConnection@7b557716::SocketChannelEndPoint@5d9886ba{l=/127.0.0.1:33437,r=/127.0.0.1:57218,OPEN,fill=-,flush=-,to=2/30000}{io=0/0,kio=0,kro=1}->SslConnection@7b557716{NOT_HANDSHAKING,eio=-1/-1,di=-1,fill=IDLE,flush=IDLE}~>DecryptedEndPoint@30fc103b{l=/127.0.0.1:33437,r=/127.0.0.1:57218,OPEN,fill=-,flush=-,to=47/30000}=>HttpConnection@78b5fc22[p=HttpParser{s=START,0 of -1},g=HttpGenerator@2bf8dd8f{s=START}]=>HttpChannelOverHttp@4844b309{s=HttpChannelState@29c8feee{s=IDLE rs=BLOCKING os=OPEN is=IDLE awp=false se=false i=true al=0},r=1,c=false/false,a=IDLE,uri=null,age=0}
04:29:54.225 [qtp399373008-61] DEBUG org.eclipse.jetty.io.ssl.SslConnection - >fill SslConnection@7b557716::SocketChannelEndPoint@5d9886ba{l=/127.0.0.1:33437,r=/127.0.0.1:57218,OPEN,fill=-,flush=-,to=2/30000}{io=0/0,kio=0,kro=1}->SslConnection@7b557716{NOT_HANDSHAKING,eio=-1/-1,di=-1,fill=IDLE,flush=IDLE}~>DecryptedEndPoint@30fc103b{l=/127.0.0.1:33437,r=/127.0.0.1:57218,OPEN,fill=-,flush=-,to=47/30000}=>HttpConnection@78b5fc22[p=HttpParser{s=START,0 of -1},g=HttpGenerator@2bf8dd8f{s=START}]=>HttpChannelOverHttp@4844b309{s=HttpChannelState@29c8feee{s=IDLE rs=BLOCKING os=OPEN is=IDLE awp=false se=false i=true al=0},r=1,c=false/false,a=IDLE,uri=null,age=0}
04:29:54.225 [qtp399373008-61] DEBUG org.eclipse.jetty.io.ssl.SslConnection - fill NOT_HANDSHAKING
04:29:54.225 [qtp399373008-61] DEBUG org.eclipse.jetty.io.ChannelEndPoint - filled 0 HeapByteBuffer@60af7bcf[p=0,l=0,c=17408,r=0]={<<<>>>\x17\x03\x03\x03\xAd\x0b\x00\x03\x88...\x00\x00\x00\x00\x00\x00\x00}
04:29:54.225 [qtp399373008-61] DEBUG org.eclipse.jetty.io.ssl.SslConnection - net filled=0
04:29:54.225 [qtp399373008-61] DEBUG org.eclipse.jetty.io.ssl.SslConnection - unwrap net_filled=0 Status = BUFFER_UNDERFLOW HandshakeStatus = NOT_HANDSHAKING bytesConsumed = 0 bytesProduced = 0 encryptedBuffer=[p=0,l=0,c=17408,r=0] unwrapBuffer=HeapByteBuffer@6e6899aa[p=0,l=0,c=17408,r=0]={<<<>>>GET /conf...\x00\x00\x00\x00\x00\x00\x00} appBuffer=HeapByteBuffer@6e6899aa[p=0,l=0,c=17408,r=0]={<<<>>>GET /conf...\x00\x00\x00\x00\x00\x00\x00}
04:29:54.225 [qtp399373008-61] DEBUG org.eclipse.jetty.io.ssl.SslConnection - <fill f=0 uf=true SslConnection@7b557716::SocketChannelEndPoint@5d9886ba{l=/127.0.0.1:33437,r=/127.0.0.1:57218,OPEN,fill=-,flush=-,to=2/30000}{io=0/0,kio=0,kro=1}->SslConnection@7b557716{NOT_HANDSHAKING,eio=-1/-1,di=-1,fill=IDLE,flush=IDLE}~>DecryptedEndPoint@30fc103b{l=/127.0.0.1:33437,r=/127.0.0.1:57218,OPEN,fill=-,flush=-,to=47/30000}=>HttpConnection@78b5fc22[p=HttpParser{s=START,0 of -1},g=HttpGenerator@2bf8dd8f{s=START}]=>HttpChannelOverHttp@4844b309{s=HttpChannelState@29c8feee{s=IDLE rs=BLOCKING os=OPEN is=IDLE awp=false se=false i=true al=0},r=1,c=false/false,a=IDLE,uri=null,age=0}
04:29:54.225 [qtp399373008-61] DEBUG org.eclipse.jetty.server.HttpConnection - HttpConnection@78b5fc22::DecryptedEndPoint@30fc103b{l=/127.0.0.1:33437,r=/127.0.0.1:57218,OPEN,fill=-,flush=-,to=47/30000} filled 0 HeapByteBuffer@6e6899aa[p=0,l=0,c=17408,r=0]={<<<>>>GET /conf...\x00\x00\x00\x00\x00\x00\x00}
04:29:54.225 [qtp399373008-61] DEBUG org.eclipse.jetty.server.HttpConnection - HttpConnection@78b5fc22::DecryptedEndPoint@30fc103b{l=/127.0.0.1:33437,r=/127.0.0.1:57218,OPEN,fill=-,flush=-,to=47/30000} parse HeapByteBuffer@6e6899aa[p=0,l=0,c=17408,r=0]={<<<>>>GET /conf...\x00\x00\x00\x00\x00\x00\x00} {}
04:29:54.225 [qtp399373008-61] DEBUG org.eclipse.jetty.http.HttpParser - parseNext s=START HeapByteBuffer@6e6899aa[p=0,l=0,c=17408,r=0]={<<<>>>GET /conf...\x00\x00\x00\x00\x00\x00\x00}
04:29:54.225 [qtp399373008-61] DEBUG org.eclipse.jetty.server.HttpConnection - HttpConnection@78b5fc22::DecryptedEndPoint@30fc103b{l=/127.0.0.1:33437,r=/127.0.0.1:57218,OPEN,fill=-,flush=-,to=47/30000} parsed false HttpParser{s=START,0 of -1}
04:29:54.225 [qtp399373008-61] DEBUG org.eclipse.jetty.server.HttpConnection - releaseRequestBuffer HttpConnection@78b5fc22::DecryptedEndPoint@30fc103b{l=/127.0.0.1:33437,r=/127.0.0.1:57218,OPEN,fill=-,flush=-,to=48/30000}
04:29:54.225 [qtp399373008-61] DEBUG org.eclipse.jetty.io.AbstractConnection - fillInterested HttpConnection@78b5fc22::DecryptedEndPoint@30fc103b{l=/127.0.0.1:33437,r=/127.0.0.1:57218,OPEN,fill=-,flush=-,to=48/30000}
04:29:54.225 [qtp399373008-61] DEBUG org.eclipse.jetty.io.FillInterest - interested FillInterest@7cfb603e{AC.ReadCB@78b5fc22{HttpConnection@78b5fc22::DecryptedEndPoint@30fc103b{l=/127.0.0.1:33437,r=/127.0.0.1:57218,OPEN,fill=FI,flush=-,to=0/30000}}}
04:29:54.225 [qtp399373008-61] DEBUG org.eclipse.jetty.io.ssl.SslConnection - >needFillInterest s=IDLE/IDLE uf=true ei=null di=null SslConnection@7b557716::SocketChannelEndPoint@5d9886ba{l=/127.0.0.1:33437,r=/127.0.0.1:57218,OPEN,fill=-,flush=-,to=2/30000}{io=0/0,kio=0,kro=1}->SslConnection@7b557716{NOT_HANDSHAKING,eio=-1/-1,di=-1,fill=IDLE,flush=IDLE}~>DecryptedEndPoint@30fc103b{l=/127.0.0.1:33437,r=/127.0.0.1:57218,OPEN,fill=FI,flush=-,to=0/30000}=>HttpConnection@78b5fc22[p=HttpParser{s=START,0 of -1},g=HttpGenerator@2bf8dd8f{s=START}]=>HttpChannelOverHttp@4844b309{s=HttpChannelState@29c8feee{s=IDLE rs=BLOCKING os=OPEN is=IDLE awp=false se=false i=true al=0},r=1,c=false/false,a=IDLE,uri=null,age=0}
04:29:54.225 [qtp399373008-61] DEBUG org.eclipse.jetty.io.ssl.SslConnection - <needFillInterest s=IDLE/INTERESTED f=false i=true w=null
04:29:54.225 [qtp399373008-61] DEBUG org.eclipse.jetty.io.ssl.SslConnection - ensureFillInterested SslConnection@7b557716::SocketChannelEndPoint@5d9886ba{l=/127.0.0.1:33437,r=/127.0.0.1:57218,OPEN,fill=-,flush=-,to=2/30000}{io=0/0,kio=0,kro=1}->SslConnection@7b557716{NOT_HANDSHAKING,eio=-1/-1,di=-1,fill=INTERESTED,flush=IDLE}~>DecryptedEndPoint@30fc103b{l=/127.0.0.1:33437,r=/127.0.0.1:57218,OPEN,fill=FI,flush=-,to=0/30000}=>HttpConnection@78b5fc22[p=HttpParser{s=START,0 of -1},g=HttpGenerator@2bf8dd8f{s=START}]=>HttpChannelOverHttp@4844b309{s=HttpChannelState@29c8feee{s=IDLE rs=BLOCKING os=OPEN is=IDLE awp=false se=false i=true al=0},r=1,c=false/false,a=IDLE,uri=null,age=0}
04:29:54.225 [qtp399373008-61] DEBUG org.eclipse.jetty.io.FillInterest - interested FillInterest@4f6a3993{SSLC.NBReadCB@7b557716{SslConnection@7b557716::SocketChannelEndPoint@5d9886ba{l=/127.0.0.1:33437,r=/127.0.0.1:57218,OPEN,fill=FI,flush=-,to=0/30000}{io=0/0,kio=0,kro=1}->SslConnection@7b557716{NOT_HANDSHAKING,eio=-1/-1,di=-1,fill=INTERESTED,flush=IDLE}~>DecryptedEndPoint@30fc103b{l=/127.0.0.1:33437,r=/127.0.0.1:57218,OPEN,fill=FI,flush=-,to=0/30000}=>HttpConnection@78b5fc22[p=HttpParser{s=START,0 of -1},g=HttpGenerator@2bf8dd8f{s=START}]=>HttpChannelOverHttp@4844b309{s=HttpChannelState@29c8feee{s=IDLE rs=BLOCKING os=OPEN is=IDLE awp=false se=false i=true al=0},r=1,c=false/false,a=IDLE,uri=null,age=0}}}
04:29:54.225 [qtp399373008-61] DEBUG org.eclipse.jetty.io.ChannelEndPoint - changeInterests p=false 0->1 for SocketChannelEndPoint@5d9886ba{l=/127.0.0.1:33437,r=/127.0.0.1:57218,OPEN,fill=FI,flush=-,to=0/30000}{io=0/1,kio=0,kro=1}->SslConnection@7b557716{NOT_HANDSHAKING,eio=-1/-1,di=-1,fill=INTERESTED,flush=IDLE}~>DecryptedEndPoint@30fc103b{l=/127.0.0.1:33437,r=/127.0.0.1:57218,OPEN,fill=FI,flush=-,to=0/30000}=>HttpConnection@78b5fc22[p=HttpParser{s=START,0 of -1},g=HttpGenerator@2bf8dd8f{s=START}]=>HttpChannelOverHttp@4844b309{s=HttpChannelState@29c8feee{s=IDLE rs=BLOCKING os=OPEN is=IDLE awp=false se=false i=true al=0},r=1,c=false/false,a=IDLE,uri=null,age=0}
04:29:54.225 [qtp399373008-61] DEBUG org.eclipse.jetty.io.ManagedSelector - Queued change lazy=false org.eclipse.jetty.io.ChannelEndPoint$$Lambda$255/1126011505@1fd71aaf on ManagedSelector@5733f295{STARTED} id=1 keys=2 selected=0 updates=0
04:29:54.225 [qtp399373008-61] DEBUG org.eclipse.jetty.io.ManagedSelector - Wakeup on submit ManagedSelector@5733f295{STARTED} id=1 keys=2 selected=0 updates=1
04:29:54.225 [qtp399373008-61] DEBUG org.eclipse.jetty.server.HttpConnection - HttpConnection@78b5fc22::DecryptedEndPoint@30fc103b{l=/127.0.0.1:33437,r=/127.0.0.1:57218,OPEN,fill=FI,flush=-,to=0/30000} onFillable exit HttpChannelState@29c8feee{s=IDLE rs=BLOCKING os=OPEN is=IDLE awp=false se=false i=true al=0} null
04:29:54.225 [qtp399373008-58] DEBUG org.eclipse.jetty.io.ManagedSelector - Selector sun.nio.ch.EPollSelectorImpl@383171f8 woken with none selected
04:29:54.225 [qtp399373008-58] DEBUG org.eclipse.jetty.io.ManagedSelector - Selector sun.nio.ch.EPollSelectorImpl@383171f8 woken up from select, 0/0/2 selected
04:29:54.225 [qtp399373008-58] DEBUG org.eclipse.jetty.io.ManagedSelector - Selector sun.nio.ch.EPollSelectorImpl@383171f8 processing 0 keys, 1 updates
04:29:54.225 [qtp399373008-58] DEBUG org.eclipse.jetty.io.ManagedSelector - updateable 1
04:29:54.225 [qtp399373008-58] DEBUG org.eclipse.jetty.io.ManagedSelector - update org.eclipse.jetty.io.ChannelEndPoint$$Lambda$255/1126011505@1fd71aaf
04:29:54.225 [qtp399373008-61] DEBUG org.eclipse.jetty.io.ssl.SslConnection - <c.onFillable SslConnection@7b557716::SocketChannelEndPoint@5d9886ba{l=/127.0.0.1:33437,r=/127.0.0.1:57218,OPEN,fill=FI,flush=-,to=0/30000}{io=0/1,kio=0,kro=1}->SslConnection@7b557716{NOT_HANDSHAKING,eio=-1/-1,di=-1,fill=INTERESTED,flush=IDLE}~>DecryptedEndPoint@30fc103b{l=/127.0.0.1:33437,r=/127.0.0.1:57218,OPEN,fill=FI,flush=-,to=0/30000}=>HttpConnection@78b5fc22[p=HttpParser{s=START,0 of -1},g=HttpGenerator@2bf8dd8f{s=START}]=>HttpChannelOverHttp@4844b309{s=HttpChannelState@29c8feee{s=IDLE rs=BLOCKING os=OPEN is=IDLE awp=false se=false i=true al=0},r=1,c=false/false,a=IDLE,uri=null,age=0}
04:29:54.225 [qtp399373008-61] DEBUG org.eclipse.jetty.util.thread.ReservedThreadExecutor - ReservedThread@77cb92b5{RUNNING,thread=Thread[qtp399373008-61,5,main]} was=RUNNING next=RESERVED size=0+2 capacity=8
04:29:54.225 [qtp399373008-58] DEBUG org.eclipse.jetty.io.ChannelEndPoint - Key interests updated 0 -> 1 on SocketChannelEndPoint@5d9886ba{l=/127.0.0.1:33437,r=/127.0.0.1:57218,OPEN,fill=FI,flush=-,to=0/30000}{io=1/1,kio=1,kro=1}->SslConnection@7b557716{NOT_HANDSHAKING,eio=-1/-1,di=-1,fill=INTERESTED,flush=IDLE}~>DecryptedEndPoint@30fc103b{l=/127.0.0.1:33437,r=/127.0.0.1:57218,OPEN,fill=FI,flush=-,to=0/30000}=>HttpConnection@78b5fc22[p=HttpParser{s=START,0 of -1},g=HttpGenerator@2bf8dd8f{s=START}]=>HttpChannelOverHttp@4844b309{s=HttpChannelState@29c8feee{s=IDLE rs=BLOCKING os=OPEN is=IDLE awp=false se=false i=true al=0},r=1,c=false/false,a=IDLE,uri=null,age=0}
04:29:54.225 [qtp399373008-58] DEBUG org.eclipse.jetty.io.ManagedSelector - updates 0
04:29:54.225 [qtp399373008-61] DEBUG org.eclipse.jetty.util.thread.ReservedThreadExecutor - ReservedThread@77cb92b5{RESERVED,thread=Thread[qtp399373008-61,5,main]} waiting ReservedThreadExecutor@424fd310{reserved=2/8,pending=0}
04:29:54.225 [qtp399373008-58] DEBUG org.eclipse.jetty.io.ManagedSelector - Selector sun.nio.ch.EPollSelectorImpl@383171f8 waiting with 2 keys
]]></system-out>
  </testcase>
  <testcase name="testNoUpdate" classname="org.apache.nifi.minifi.bootstrap.configuration.ingestors.PullHttpChangeIngestorSSLTest" time="0.065">
    <system-out><![CDATA[04:29:54.227 [main] DEBUG org.apache.nifi.minifi.bootstrap.configuration.ingestors.PullHttpChangeIngestor - Attempting to pull new config
04:29:54.228 [qtp399373008-60-acceptor-0@53dacd14-ServerConnector@2374d36a{SSL, (ssl, http/1.1)}{localhost:33437}] DEBUG org.eclipse.jetty.io.ManagedSelector - Queued change lazy=false Accept@77075ae2[java.nio.channels.SocketChannel[connected local=/127.0.0.1:33437 remote=/127.0.0.1:57226]] on ManagedSelector@47a86fbb{STARTED} id=2 keys=1 selected=0 updates=0
04:29:54.228 [qtp399373008-60-acceptor-0@53dacd14-ServerConnector@2374d36a{SSL, (ssl, http/1.1)}{localhost:33437}] DEBUG org.eclipse.jetty.io.ManagedSelector - Wakeup on submit ManagedSelector@47a86fbb{STARTED} id=2 keys=1 selected=0 updates=1
04:29:54.228 [qtp399373008-56] DEBUG org.eclipse.jetty.io.ManagedSelector - Selector sun.nio.ch.EPollSelectorImpl@79e51817 woken with none selected
04:29:54.228 [qtp399373008-56] DEBUG org.eclipse.jetty.io.ManagedSelector - Selector sun.nio.ch.EPollSelectorImpl@79e51817 woken up from select, 0/0/1 selected
04:29:54.228 [qtp399373008-56] DEBUG org.eclipse.jetty.io.ManagedSelector - Selector sun.nio.ch.EPollSelectorImpl@79e51817 processing 0 keys, 1 updates
04:29:54.228 [qtp399373008-56] DEBUG org.eclipse.jetty.io.ManagedSelector - updateable 1
04:29:54.228 [qtp399373008-56] DEBUG org.eclipse.jetty.io.ManagedSelector - update Accept@77075ae2[java.nio.channels.SocketChannel[connected local=/127.0.0.1:33437 remote=/127.0.0.1:57226]]
04:29:54.228 [qtp399373008-56] DEBUG org.eclipse.jetty.util.thread.QueuedThreadPool - queue Accept@77075ae2[java.nio.channels.SocketChannel[connected local=/127.0.0.1:33437 remote=/127.0.0.1:57226]] startThread=0
04:29:54.228 [qtp399373008-56] DEBUG org.eclipse.jetty.io.ManagedSelector - updates 0
04:29:54.228 [qtp399373008-56] DEBUG org.eclipse.jetty.io.ManagedSelector - Selector sun.nio.ch.EPollSelectorImpl@79e51817 waiting with 2 keys
04:29:54.228 [qtp399373008-55] DEBUG org.eclipse.jetty.util.thread.QueuedThreadPool - run Accept@77075ae2[java.nio.channels.SocketChannel[connected local=/127.0.0.1:33437 remote=/127.0.0.1:57226]] in QueuedThreadPool[qtp399373008]@17cdf2d0{STARTED,8<=8<=200,i=0,r=-1,q=0}[ReservedThreadExecutor@424fd310{reserved=2/8,pending=0}]
04:29:54.229 [qtp399373008-55] DEBUG org.eclipse.jetty.io.IdleTimeout - SocketChannelEndPoint@722ea87f{l=/127.0.0.1:33437,r=/127.0.0.1:57226,OPEN,fill=-,flush=-,to=0/30000}{io=0/0,kio=0,kro=0}-><null> idle timeout check, elapsed: 0 ms, remaining: 30000 ms
04:29:54.229 [qtp399373008-55] DEBUG org.eclipse.jetty.util.ssl.SslContextFactory - Customize sun.security.ssl.SSLEngineImpl@5573dc94
04:29:54.229 [qtp399373008-55] DEBUG org.eclipse.jetty.server.HttpChannel - new HttpChannelOverHttp@4bcbd108{s=HttpChannelState@6c6eb8bc{s=IDLE rs=BLOCKING os=OPEN is=IDLE awp=false se=false i=true al=0},r=0,c=false/false,a=IDLE,uri=null,age=0} -> DecryptedEndPoint@6b84981e{l=/127.0.0.1:33437,r=/127.0.0.1:57226,OPEN,fill=-,flush=-,to=0/30000},null,HttpChannelState@6c6eb8bc{s=IDLE rs=BLOCKING os=OPEN is=IDLE awp=false se=false i=true al=0}
04:29:54.229 [qtp399373008-55] DEBUG org.eclipse.jetty.server.HttpConnection - New HTTP Connection HttpConnection@20d87e86::DecryptedEndPoint@6b84981e{l=/127.0.0.1:33437,r=/127.0.0.1:57226,OPEN,fill=-,flush=-,to=0/30000}
04:29:54.229 [qtp399373008-55] DEBUG org.eclipse.jetty.io.ManagedSelector - Queued change lazy=true org.eclipse.jetty.io.ManagedSelector$$Lambda$258/854397033@358eb804 on ManagedSelector@47a86fbb{STARTED} id=2 keys=2 selected=0 updates=0
04:29:54.229 [qtp399373008-55] DEBUG org.eclipse.jetty.io.AbstractEndPoint - onOpen SocketChannelEndPoint@722ea87f{l=/127.0.0.1:33437,r=/127.0.0.1:57226,OPEN,fill=-,flush=-,to=0/30000}{io=0/0,kio=0,kro=0}->SslConnection@2cbc5d51{NOT_HANDSHAKING,eio=-1/-1,di=-1,fill=IDLE,flush=IDLE}~>DecryptedEndPoint@6b84981e{l=/127.0.0.1:33437,r=/127.0.0.1:57226,OPEN,fill=-,flush=-,to=0/30000}=>HttpConnection@20d87e86[p=HttpParser{s=START,0 of -1},g=HttpGenerator@63b774b0{s=START}]=>HttpChannelOverHttp@4bcbd108{s=HttpChannelState@6c6eb8bc{s=IDLE rs=BLOCKING os=OPEN is=IDLE awp=false se=false i=true al=0},r=0,c=false/false,a=IDLE,uri=null,age=0}
04:29:54.229 [qtp399373008-55] DEBUG org.eclipse.jetty.io.AbstractConnection - onOpen SslConnection@2cbc5d51::SocketChannelEndPoint@722ea87f{l=/127.0.0.1:33437,r=/127.0.0.1:57226,OPEN,fill=-,flush=-,to=0/30000}{io=0/0,kio=0,kro=0}->SslConnection@2cbc5d51{NOT_HANDSHAKING,eio=-1/-1,di=-1,fill=IDLE,flush=IDLE}~>DecryptedEndPoint@6b84981e{l=/127.0.0.1:33437,r=/127.0.0.1:57226,OPEN,fill=-,flush=-,to=0/30000}=>HttpConnection@20d87e86[p=HttpParser{s=START,0 of -1},g=HttpGenerator@63b774b0{s=START}]=>HttpChannelOverHttp@4bcbd108{s=HttpChannelState@6c6eb8bc{s=IDLE rs=BLOCKING os=OPEN is=IDLE awp=false se=false i=true al=0},r=0,c=false/false,a=IDLE,uri=null,age=0}
04:29:54.229 [qtp399373008-55] DEBUG org.eclipse.jetty.io.AbstractConnection - onOpen HttpConnection@20d87e86::DecryptedEndPoint@6b84981e{l=/127.0.0.1:33437,r=/127.0.0.1:57226,OPEN,fill=-,flush=-,to=0/30000}
04:29:54.229 [qtp399373008-55] DEBUG org.eclipse.jetty.io.AbstractConnection - fillInterested HttpConnection@20d87e86::DecryptedEndPoint@6b84981e{l=/127.0.0.1:33437,r=/127.0.0.1:57226,OPEN,fill=-,flush=-,to=0/30000}
04:29:54.229 [qtp399373008-55] DEBUG org.eclipse.jetty.io.FillInterest - interested FillInterest@f81a0e{AC.ReadCB@20d87e86{HttpConnection@20d87e86::DecryptedEndPoint@6b84981e{l=/127.0.0.1:33437,r=/127.0.0.1:57226,OPEN,fill=FI,flush=-,to=0/30000}}}
04:29:54.229 [qtp399373008-55] DEBUG org.eclipse.jetty.io.ssl.SslConnection - >needFillInterest s=IDLE/IDLE uf=false ei=null di=null SslConnection@2cbc5d51::SocketChannelEndPoint@722ea87f{l=/127.0.0.1:33437,r=/127.0.0.1:57226,OPEN,fill=-,flush=-,to=0/30000}{io=0/0,kio=0,kro=0}->SslConnection@2cbc5d51{NOT_HANDSHAKING,eio=-1/-1,di=-1,fill=IDLE,flush=IDLE}~>DecryptedEndPoint@6b84981e{l=/127.0.0.1:33437,r=/127.0.0.1:57226,OPEN,fill=FI,flush=-,to=0/30000}=>HttpConnection@20d87e86[p=HttpParser{s=START,0 of -1},g=HttpGenerator@63b774b0{s=START}]=>HttpChannelOverHttp@4bcbd108{s=HttpChannelState@6c6eb8bc{s=IDLE rs=BLOCKING os=OPEN is=IDLE awp=false se=false i=true al=0},r=0,c=false/false,a=IDLE,uri=null,age=0}
04:29:54.229 [qtp399373008-55] DEBUG org.eclipse.jetty.io.ssl.SslConnection - <needFillInterest s=IDLE/INTERESTED f=false i=true w=null
04:29:54.229 [qtp399373008-55] DEBUG org.eclipse.jetty.io.ssl.SslConnection - ensureFillInterested SslConnection@2cbc5d51::SocketChannelEndPoint@722ea87f{l=/127.0.0.1:33437,r=/127.0.0.1:57226,OPEN,fill=-,flush=-,to=0/30000}{io=0/0,kio=0,kro=0}->SslConnection@2cbc5d51{NOT_HANDSHAKING,eio=-1/-1,di=-1,fill=INTERESTED,flush=IDLE}~>DecryptedEndPoint@6b84981e{l=/127.0.0.1:33437,r=/127.0.0.1:57226,OPEN,fill=FI,flush=-,to=0/30000}=>HttpConnection@20d87e86[p=HttpParser{s=START,0 of -1},g=HttpGenerator@63b774b0{s=START}]=>HttpChannelOverHttp@4bcbd108{s=HttpChannelState@6c6eb8bc{s=IDLE rs=BLOCKING os=OPEN is=IDLE awp=false se=false i=true al=0},r=0,c=false/false,a=IDLE,uri=null,age=0}
04:29:54.229 [qtp399373008-55] DEBUG org.eclipse.jetty.io.FillInterest - interested FillInterest@4076cc8d{SSLC.NBReadCB@2cbc5d51{SslConnection@2cbc5d51::SocketChannelEndPoint@722ea87f{l=/127.0.0.1:33437,r=/127.0.0.1:57226,OPEN,fill=FI,flush=-,to=0/30000}{io=0/0,kio=0,kro=0}->SslConnection@2cbc5d51{NOT_HANDSHAKING,eio=-1/-1,di=-1,fill=INTERESTED,flush=IDLE}~>DecryptedEndPoint@6b84981e{l=/127.0.0.1:33437,r=/127.0.0.1:57226,OPEN,fill=FI,flush=-,to=0/30000}=>HttpConnection@20d87e86[p=HttpParser{s=START,0 of -1},g=HttpGenerator@63b774b0{s=START}]=>HttpChannelOverHttp@4bcbd108{s=HttpChannelState@6c6eb8bc{s=IDLE rs=BLOCKING os=OPEN is=IDLE awp=false se=false i=true al=0},r=0,c=false/false,a=IDLE,uri=null,age=0}}}
04:29:54.229 [qtp399373008-55] DEBUG org.eclipse.jetty.io.ChannelEndPoint - changeInterests p=false 0->1 for SocketChannelEndPoint@722ea87f{l=/127.0.0.1:33437,r=/127.0.0.1:57226,OPEN,fill=FI,flush=-,to=0/30000}{io=0/1,kio=0,kro=0}->SslConnection@2cbc5d51{NOT_HANDSHAKING,eio=-1/-1,di=-1,fill=INTERESTED,flush=IDLE}~>DecryptedEndPoint@6b84981e{l=/127.0.0.1:33437,r=/127.0.0.1:57226,OPEN,fill=FI,flush=-,to=0/30000}=>HttpConnection@20d87e86[p=HttpParser{s=START,0 of -1},g=HttpGenerator@63b774b0{s=START}]=>HttpChannelOverHttp@4bcbd108{s=HttpChannelState@6c6eb8bc{s=IDLE rs=BLOCKING os=OPEN is=IDLE awp=false se=false i=true al=0},r=0,c=false/false,a=IDLE,uri=null,age=0}
04:29:54.229 [qtp399373008-55] DEBUG org.eclipse.jetty.io.ManagedSelector - Queued change lazy=false org.eclipse.jetty.io.ChannelEndPoint$$Lambda$255/1126011505@eee5707 on ManagedSelector@47a86fbb{STARTED} id=2 keys=2 selected=0 updates=1
04:29:54.229 [qtp399373008-55] DEBUG org.eclipse.jetty.io.ManagedSelector - Wakeup on submit ManagedSelector@47a86fbb{STARTED} id=2 keys=2 selected=0 updates=2
04:29:54.229 [qtp399373008-56] DEBUG org.eclipse.jetty.io.ManagedSelector - Selector sun.nio.ch.EPollSelectorImpl@79e51817 woken with none selected
04:29:54.229 [qtp399373008-56] DEBUG org.eclipse.jetty.io.ManagedSelector - Selector sun.nio.ch.EPollSelectorImpl@79e51817 woken up from select, 0/0/2 selected
04:29:54.229 [qtp399373008-56] DEBUG org.eclipse.jetty.io.ManagedSelector - Selector sun.nio.ch.EPollSelectorImpl@79e51817 processing 0 keys, 2 updates
04:29:54.229 [qtp399373008-56] DEBUG org.eclipse.jetty.io.ManagedSelector - updateable 2
04:29:54.229 [qtp399373008-55] DEBUG org.eclipse.jetty.io.ManagedSelector - Created SocketChannelEndPoint@722ea87f{l=/127.0.0.1:33437,r=/127.0.0.1:57226,OPEN,fill=FI,flush=-,to=0/30000}{io=0/1,kio=0,kro=0}->SslConnection@2cbc5d51{NOT_HANDSHAKING,eio=-1/-1,di=-1,fill=INTERESTED,flush=IDLE}~>DecryptedEndPoint@6b84981e{l=/127.0.0.1:33437,r=/127.0.0.1:57226,OPEN,fill=FI,flush=-,to=0/30000}=>HttpConnection@20d87e86[p=HttpParser{s=START,0 of -1},g=HttpGenerator@63b774b0{s=START}]=>HttpChannelOverHttp@4bcbd108{s=HttpChannelState@6c6eb8bc{s=IDLE rs=BLOCKING os=OPEN is=IDLE awp=false se=false i=true al=0},r=0,c=false/false,a=IDLE,uri=null,age=0}
04:29:54.229 [qtp399373008-56] DEBUG org.eclipse.jetty.io.ManagedSelector - update org.eclipse.jetty.io.ManagedSelector$$Lambda$258/854397033@358eb804
04:29:54.229 [qtp399373008-56] DEBUG org.eclipse.jetty.io.ManagedSelector - update org.eclipse.jetty.io.ChannelEndPoint$$Lambda$255/1126011505@eee5707
04:29:54.229 [qtp399373008-55] DEBUG org.eclipse.jetty.util.thread.QueuedThreadPool - ran Accept@77075ae2[java.nio.channels.SocketChannel[connected local=/127.0.0.1:33437 remote=/127.0.0.1:57226]] in QueuedThreadPool[qtp399373008]@17cdf2d0{STARTED,8<=8<=200,i=0,r=-1,q=0}[ReservedThreadExecutor@424fd310{reserved=2/8,pending=0}]
04:29:54.229 [qtp399373008-56] DEBUG org.eclipse.jetty.io.ChannelEndPoint - Key interests updated 0 -> 1 on SocketChannelEndPoint@722ea87f{l=/127.0.0.1:33437,r=/127.0.0.1:57226,OPEN,fill=FI,flush=-,to=0/30000}{io=1/1,kio=1,kro=0}->SslConnection@2cbc5d51{NOT_HANDSHAKING,eio=-1/-1,di=-1,fill=INTERESTED,flush=IDLE}~>DecryptedEndPoint@6b84981e{l=/127.0.0.1:33437,r=/127.0.0.1:57226,OPEN,fill=FI,flush=-,to=0/30000}=>HttpConnection@20d87e86[p=HttpParser{s=START,0 of -1},g=HttpGenerator@63b774b0{s=START}]=>HttpChannelOverHttp@4bcbd108{s=HttpChannelState@6c6eb8bc{s=IDLE rs=BLOCKING os=OPEN is=IDLE awp=false se=false i=true al=0},r=0,c=false/false,a=IDLE,uri=null,age=0}
04:29:54.229 [qtp399373008-56] DEBUG org.eclipse.jetty.io.ManagedSelector - updates 0
04:29:54.229 [qtp399373008-56] DEBUG org.eclipse.jetty.io.ManagedSelector - Selector sun.nio.ch.EPollSelectorImpl@79e51817 waiting with 2 keys
04:29:54.230 [qtp399373008-56] DEBUG org.eclipse.jetty.io.ManagedSelector - Selector sun.nio.ch.EPollSelectorImpl@79e51817 woken up from select, 1/1/2 selected
04:29:54.230 [qtp399373008-56] DEBUG org.eclipse.jetty.io.ManagedSelector - Selector sun.nio.ch.EPollSelectorImpl@79e51817 processing 1 keys, 0 updates
04:29:54.230 [qtp399373008-56] DEBUG org.eclipse.jetty.io.ManagedSelector - selected 1 sun.nio.ch.SelectionKeyImpl@672d065b SocketChannelEndPoint@722ea87f{l=/127.0.0.1:33437,r=/127.0.0.1:57226,OPEN,fill=FI,flush=-,to=0/30000}{io=1/1,kio=1,kro=1}->SslConnection@2cbc5d51{NOT_HANDSHAKING,eio=-1/-1,di=-1,fill=INTERESTED,flush=IDLE}~>DecryptedEndPoint@6b84981e{l=/127.0.0.1:33437,r=/127.0.0.1:57226,OPEN,fill=FI,flush=-,to=1/30000}=>HttpConnection@20d87e86[p=HttpParser{s=START,0 of -1},g=HttpGenerator@63b774b0{s=START}]=>HttpChannelOverHttp@4bcbd108{s=HttpChannelState@6c6eb8bc{s=IDLE rs=BLOCKING os=OPEN is=IDLE awp=false se=false i=true al=0},r=0,c=false/false,a=IDLE,uri=null,age=0} 
04:29:54.230 [qtp399373008-56] DEBUG org.eclipse.jetty.io.ChannelEndPoint - onSelected 1->0 r=true w=false for SocketChannelEndPoint@722ea87f{l=/127.0.0.1:33437,r=/127.0.0.1:57226,OPEN,fill=FI,flush=-,to=1/30000}{io=1/0,kio=1,kro=1}->SslConnection@2cbc5d51{NOT_HANDSHAKING,eio=-1/-1,di=-1,fill=INTERESTED,flush=IDLE}~>DecryptedEndPoint@6b84981e{l=/127.0.0.1:33437,r=/127.0.0.1:57226,OPEN,fill=FI,flush=-,to=1/30000}=>HttpConnection@20d87e86[p=HttpParser{s=START,0 of -1},g=HttpGenerator@63b774b0{s=START}]=>HttpChannelOverHttp@4bcbd108{s=HttpChannelState@6c6eb8bc{s=IDLE rs=BLOCKING os=OPEN is=IDLE awp=false se=false i=true al=0},r=0,c=false/false,a=IDLE,uri=null,age=0}
04:29:54.230 [qtp399373008-56] DEBUG org.eclipse.jetty.io.ChannelEndPoint - task CEP:SocketChannelEndPoint@722ea87f{l=/127.0.0.1:33437,r=/127.0.0.1:57226,OPEN,fill=FI,flush=-,to=1/30000}{io=1/0,kio=1,kro=1}->SslConnection@2cbc5d51{NOT_HANDSHAKING,eio=-1/-1,di=-1,fill=INTERESTED,flush=IDLE}~>DecryptedEndPoint@6b84981e{l=/127.0.0.1:33437,r=/127.0.0.1:57226,OPEN,fill=FI,flush=-,to=1/30000}=>HttpConnection@20d87e86[p=HttpParser{s=START,0 of -1},g=HttpGenerator@63b774b0{s=START}]=>HttpChannelOverHttp@4bcbd108{s=HttpChannelState@6c6eb8bc{s=IDLE rs=BLOCKING os=OPEN is=IDLE awp=false se=false i=true al=0},r=0,c=false/false,a=IDLE,uri=null,age=0}:runFillable:BLOCKING
04:29:54.231 [qtp399373008-56] DEBUG org.eclipse.jetty.util.thread.ReservedThreadExecutor - ReservedThreadExecutor@424fd310{reserved=2/8,pending=0} tryExecute EatWhatYouKill@1c3146bc/SelectorProducer@56c698e3/PRODUCING/p=false/QueuedThreadPool[qtp399373008]@17cdf2d0{STARTED,8<=8<=200,i=1,r=-1,q=0}[ReservedThreadExecutor@424fd310{reserved=2/8,pending=0}][pc=0,pic=0,pec=0,epc=3]@2024-05-02T04:29:54.231+01:00
04:29:54.231 [qtp399373008-61] DEBUG org.eclipse.jetty.util.thread.ReservedThreadExecutor - ReservedThread@77cb92b5{RESERVED,thread=Thread[qtp399373008-61,5,main]} task=EatWhatYouKill@1c3146bc/SelectorProducer@56c698e3/IDLE/p=true/QueuedThreadPool[qtp399373008]@17cdf2d0{STARTED,8<=8<=200,i=1,r=-1,q=0}[ReservedThreadExecutor@424fd310{reserved=1/8,pending=0}][pc=0,pic=0,pec=0,epc=3]@2024-05-02T04:29:54.231+01:00 ReservedThreadExecutor@424fd310{reserved=1/8,pending=0}
04:29:54.231 [qtp399373008-56] DEBUG org.eclipse.jetty.util.thread.strategy.EatWhatYouKill - EatWhatYouKill@1c3146bc/SelectorProducer@56c698e3/IDLE/p=true/QueuedThreadPool[qtp399373008]@17cdf2d0{STARTED,8<=8<=200,i=1,r=-1,q=0}[ReservedThreadExecutor@424fd310{reserved=1/8,pending=0}][pc=0,pic=0,pec=0,epc=3]@2024-05-02T04:29:54.231+01:00 m=EXECUTE_PRODUCE_CONSUME t=CEP:SocketChannelEndPoint@722ea87f{l=/127.0.0.1:33437,r=/127.0.0.1:57226,OPEN,fill=FI,flush=-,to=1/30000}{io=1/0,kio=1,kro=1}->SslConnection@2cbc5d51{NOT_HANDSHAKING,eio=-1/-1,di=-1,fill=INTERESTED,flush=IDLE}~>DecryptedEndPoint@6b84981e{l=/127.0.0.1:33437,r=/127.0.0.1:57226,OPEN,fill=FI,flush=-,to=1/30000}=>HttpConnection@20d87e86[p=HttpParser{s=START,0 of -1},g=HttpGenerator@63b774b0{s=START}]=>HttpChannelOverHttp@4bcbd108{s=HttpChannelState@6c6eb8bc{s=IDLE rs=BLOCKING os=OPEN is=IDLE awp=false se=false i=true al=0},r=0,c=false/false,a=IDLE,uri=null,age=0}:runFillable:BLOCKING/BLOCKING
04:29:54.231 [qtp399373008-61] DEBUG org.eclipse.jetty.util.thread.strategy.EatWhatYouKill - EatWhatYouKill@1c3146bc/SelectorProducer@56c698e3/IDLE/p=true/QueuedThreadPool[qtp399373008]@17cdf2d0{STARTED,8<=8<=200,i=1,r=-1,q=0}[ReservedThreadExecutor@424fd310{reserved=1/8,pending=0}][pc=0,pic=0,pec=0,epc=3]@2024-05-02T04:29:54.231+01:00 tryProduce true
04:29:54.231 [qtp399373008-61] DEBUG org.eclipse.jetty.io.ManagedSelector - updateable 0
04:29:54.231 [qtp399373008-61] DEBUG org.eclipse.jetty.io.ManagedSelector - updates 0
04:29:54.231 [qtp399373008-56] DEBUG org.eclipse.jetty.io.FillInterest - fillable FillInterest@4076cc8d{SSLC.NBReadCB@2cbc5d51{SslConnection@2cbc5d51::SocketChannelEndPoint@722ea87f{l=/127.0.0.1:33437,r=/127.0.0.1:57226,OPEN,fill=FI,flush=-,to=1/30000}{io=1/0,kio=1,kro=1}->SslConnection@2cbc5d51{NOT_HANDSHAKING,eio=-1/-1,di=-1,fill=INTERESTED,flush=IDLE}~>DecryptedEndPoint@6b84981e{l=/127.0.0.1:33437,r=/127.0.0.1:57226,OPEN,fill=FI,flush=-,to=1/30000}=>HttpConnection@20d87e86[p=HttpParser{s=START,0 of -1},g=HttpGenerator@63b774b0{s=START}]=>HttpChannelOverHttp@4bcbd108{s=HttpChannelState@6c6eb8bc{s=IDLE rs=BLOCKING os=OPEN is=IDLE awp=false se=false i=true al=0},r=0,c=false/false,a=IDLE,uri=null,age=0}}}
04:29:54.231 [qtp399373008-61] DEBUG org.eclipse.jetty.io.ChannelEndPoint - Key interests updated 1 -> 0 on SocketChannelEndPoint@722ea87f{l=/127.0.0.1:33437,r=/127.0.0.1:57226,OPEN,fill=FI,flush=-,to=1/30000}{io=0/0,kio=0,kro=1}->SslConnection@2cbc5d51{NOT_HANDSHAKING,eio=-1/-1,di=-1,fill=INTERESTED,flush=IDLE}~>DecryptedEndPoint@6b84981e{l=/127.0.0.1:33437,r=/127.0.0.1:57226,OPEN,fill=FI,flush=-,to=1/30000}=>HttpConnection@20d87e86[p=HttpParser{s=START,0 of -1},g=HttpGenerator@63b774b0{s=START}]=>HttpChannelOverHttp@4bcbd108{s=HttpChannelState@6c6eb8bc{s=IDLE rs=BLOCKING os=OPEN is=IDLE awp=false se=false i=true al=0},r=0,c=false/false,a=IDLE,uri=null,age=0}
04:29:54.231 [qtp399373008-61] DEBUG org.eclipse.jetty.io.ManagedSelector - Selector sun.nio.ch.EPollSelectorImpl@79e51817 waiting with 2 keys
04:29:54.231 [qtp399373008-56] DEBUG org.eclipse.jetty.io.ssl.SslConnection - >c.onFillable SslConnection@2cbc5d51::SocketChannelEndPoint@722ea87f{l=/127.0.0.1:33437,r=/127.0.0.1:57226,OPEN,fill=-,flush=-,to=1/30000}{io=0/0,kio=0,kro=1}->SslConnection@2cbc5d51{NOT_HANDSHAKING,eio=-1/-1,di=-1,fill=INTERESTED,flush=IDLE}~>DecryptedEndPoint@6b84981e{l=/127.0.0.1:33437,r=/127.0.0.1:57226,OPEN,fill=FI,flush=-,to=1/30000}=>HttpConnection@20d87e86[p=HttpParser{s=START,0 of -1},g=HttpGenerator@63b774b0{s=START}]=>HttpChannelOverHttp@4bcbd108{s=HttpChannelState@6c6eb8bc{s=IDLE rs=BLOCKING os=OPEN is=IDLE awp=false se=false i=true al=0},r=0,c=false/false,a=IDLE,uri=null,age=0}
04:29:54.231 [qtp399373008-56] DEBUG org.eclipse.jetty.io.ssl.SslConnection - onFillable SslConnection@2cbc5d51::SocketChannelEndPoint@722ea87f{l=/127.0.0.1:33437,r=/127.0.0.1:57226,OPEN,fill=-,flush=-,to=1/30000}{io=0/0,kio=0,kro=1}->SslConnection@2cbc5d51{NOT_HANDSHAKING,eio=-1/-1,di=-1,fill=INTERESTED,flush=IDLE}~>DecryptedEndPoint@6b84981e{l=/127.0.0.1:33437,r=/127.0.0.1:57226,OPEN,fill=FI,flush=-,to=2/30000}=>HttpConnection@20d87e86[p=HttpParser{s=START,0 of -1},g=HttpGenerator@63b774b0{s=START}]=>HttpChannelOverHttp@4bcbd108{s=HttpChannelState@6c6eb8bc{s=IDLE rs=BLOCKING os=OPEN is=IDLE awp=false se=false i=true al=0},r=0,c=false/false,a=IDLE,uri=null,age=0}
04:29:54.231 [qtp399373008-56] DEBUG org.eclipse.jetty.io.FillInterest - fillable FillInterest@f81a0e{AC.ReadCB@20d87e86{HttpConnection@20d87e86::DecryptedEndPoint@6b84981e{l=/127.0.0.1:33437,r=/127.0.0.1:57226,OPEN,fill=FI,flush=-,to=2/30000}}}
04:29:54.231 [qtp399373008-56] DEBUG org.eclipse.jetty.server.HttpConnection - HttpConnection@20d87e86::DecryptedEndPoint@6b84981e{l=/127.0.0.1:33437,r=/127.0.0.1:57226,OPEN,fill=-,flush=-,to=2/30000} onFillable enter HttpChannelState@6c6eb8bc{s=IDLE rs=BLOCKING os=OPEN is=IDLE awp=false se=false i=true al=0} null
04:29:54.231 [qtp399373008-56] DEBUG org.eclipse.jetty.io.ssl.SslConnection - >fill SslConnection@2cbc5d51::SocketChannelEndPoint@722ea87f{l=/127.0.0.1:33437,r=/127.0.0.1:57226,OPEN,fill=-,flush=-,to=2/30000}{io=0/0,kio=0,kro=1}->SslConnection@2cbc5d51{NOT_HANDSHAKING,eio=-1/-1,di=-1,fill=IDLE,flush=IDLE}~>DecryptedEndPoint@6b84981e{l=/127.0.0.1:33437,r=/127.0.0.1:57226,OPEN,fill=-,flush=-,to=2/30000}=>HttpConnection@20d87e86[p=HttpParser{s=START,0 of -1},g=HttpGenerator@63b774b0{s=START}]=>HttpChannelOverHttp@4bcbd108{s=HttpChannelState@6c6eb8bc{s=IDLE rs=BLOCKING os=OPEN is=IDLE awp=false se=false i=true al=0},r=0,c=false/false,a=IDLE,uri=null,age=0}
04:29:54.231 [qtp399373008-56] DEBUG org.eclipse.jetty.io.ssl.SslConnection - fill NOT_HANDSHAKING
04:29:54.231 [qtp399373008-56] DEBUG org.eclipse.jetty.io.ChannelEndPoint - filled 339 HeapByteBuffer@60af7bcf[p=0,l=339,c=17408,r=339]={<<<\x16\x03\x03\x01N\x01\x00\x01J\x03\x03$\xB0\x9e:\x1a\xC7\xA8\xEe\xB5P\x95\xA0~\xB6...{~m\xF4\xB1-\x90\x82\xC2\xD0\xEa\xB2\xC1\x9f\x85+\x03\x0b\xFf\x01\x00\x01\x00>>>\xF9\xFb}{\xC0\xFag\xC6G...\x00\x00\x00\x00\x00\x00\x00}
04:29:54.231 [qtp399373008-56] DEBUG org.eclipse.jetty.io.ssl.SslConnection - net filled=339
04:29:54.232 [qtp399373008-56] DEBUG org.eclipse.jetty.io.ssl.SslConnection - fill starting handshake SslConnection@2cbc5d51::SocketChannelEndPoint@722ea87f{l=/127.0.0.1:33437,r=/127.0.0.1:57226,OPEN,fill=-,flush=-,to=0/30000}{io=0/0,kio=0,kro=1}->SslConnection@2cbc5d51{NOT_HANDSHAKING,eio=339/-1,di=-1,fill=IDLE,flush=IDLE}~>DecryptedEndPoint@6b84981e{l=/127.0.0.1:33437,r=/127.0.0.1:57226,OPEN,fill=-,flush=-,to=2/30000}=>HttpConnection@20d87e86[p=HttpParser{s=START,0 of -1},g=HttpGenerator@63b774b0{s=START}]=>HttpChannelOverHttp@4bcbd108{s=HttpChannelState@6c6eb8bc{s=IDLE rs=BLOCKING os=OPEN is=IDLE awp=false se=false i=true al=0},r=0,c=false/false,a=IDLE,uri=null,age=0}
04:29:54.232 [qtp399373008-56] DEBUG org.eclipse.jetty.io.ssl.SslConnection - unwrap net_filled=339 Status = OK HandshakeStatus = NEED_TASK bytesConsumed = 339 bytesProduced = 0 encryptedBuffer=[p=339,l=339,c=17408,r=0] unwrapBuffer=HeapByteBuffer@6a5710bf[p=0,l=0,c=17408,r=0]={<<<>>>\x17\x03\x03\x06\x85l\xDa\xFb\xEb...\x00\x00\x00\x00\x00\x00\x00} appBuffer=HeapByteBuffer@6a5710bf[p=0,l=0,c=17408,r=0]={<<<>>>\x17\x03\x03\x06\x85l\xDa\xFb\xEb...\x00\x00\x00\x00\x00\x00\x00}
04:29:54.232 [qtp399373008-56] DEBUG org.eclipse.jetty.io.ssl.SslConnection - fill NEED_TASK
04:29:54.238 [qtp399373008-56] DEBUG org.eclipse.jetty.io.ssl.SslConnection - fill NEED_WRAP
04:29:54.238 [qtp399373008-56] DEBUG org.eclipse.jetty.io.ssl.SslConnection - >flush SslConnection@2cbc5d51::SocketChannelEndPoint@722ea87f{l=/127.0.0.1:33437,r=/127.0.0.1:57226,OPEN,fill=-,flush=-,to=6/30000}{io=0/0,kio=0,kro=1}->SslConnection@2cbc5d51{NEED_WRAP,eio=0/-1,di=-1,fill=IDLE,flush=IDLE}~>DecryptedEndPoint@6b84981e{l=/127.0.0.1:33437,r=/127.0.0.1:57226,OPEN,fill=-,flush=-,to=9/30000}=>HttpConnection@20d87e86[p=HttpParser{s=START,0 of -1},g=HttpGenerator@63b774b0{s=START}]=>HttpChannelOverHttp@4bcbd108{s=HttpChannelState@6c6eb8bc{s=IDLE rs=BLOCKING os=OPEN is=IDLE awp=false se=false i=true al=0},r=0,c=false/false,a=IDLE,uri=null,age=0}
04:29:54.238 [qtp399373008-56] DEBUG org.eclipse.jetty.io.ssl.SslConnection - flush b[0]=HeapByteBuffer@29624c55[p=0,l=0,c=0,r=0]={<<<>>>}
04:29:54.238 [qtp399373008-56] DEBUG org.eclipse.jetty.io.ssl.SslConnection - flush NEED_WRAP
04:29:54.238 [qtp399373008-56] DEBUG org.eclipse.jetty.io.ssl.SslConnection - wrap Status = OK HandshakeStatus = NEED_WRAP bytesConsumed = 0 bytesProduced = 160 [p=0,l=160,c=17408,r=160] ioDone=false/false
04:29:54.239 [qtp399373008-56] DEBUG org.eclipse.jetty.io.ChannelEndPoint - flushed 160 SocketChannelEndPoint@722ea87f{l=/127.0.0.1:33437,r=/127.0.0.1:57226,OPEN,fill=-,flush=-,to=6/30000}{io=0/0,kio=0,kro=1}->SslConnection@2cbc5d51{NEED_WRAP,eio=0/0,di=-1,fill=IDLE,flush=IDLE}~>DecryptedEndPoint@6b84981e{l=/127.0.0.1:33437,r=/127.0.0.1:57226,OPEN,fill=-,flush=-,to=9/30000}=>HttpConnection@20d87e86[p=HttpParser{s=START,0 of -1},g=HttpGenerator@63b774b0{s=START}]=>HttpChannelOverHttp@4bcbd108{s=HttpChannelState@6c6eb8bc{s=IDLE rs=BLOCKING os=OPEN is=IDLE awp=false se=false i=true al=0},r=0,c=false/false,a=IDLE,uri=null,age=0}
04:29:54.239 [qtp399373008-56] DEBUG org.eclipse.jetty.io.ssl.SslConnection - net flushed=true, ac=true
04:29:54.239 [qtp399373008-56] DEBUG org.eclipse.jetty.io.ssl.SslConnection - flush NEED_WRAP
04:29:54.239 [qtp399373008-56] DEBUG org.eclipse.jetty.io.ssl.SslConnection - wrap Status = OK HandshakeStatus = NEED_WRAP bytesConsumed = 0 bytesProduced = 6 [p=0,l=6,c=17408,r=6] ioDone=false/false
04:29:54.239 [qtp399373008-56] DEBUG org.eclipse.jetty.io.ChannelEndPoint - flushed 6 SocketChannelEndPoint@722ea87f{l=/127.0.0.1:33437,r=/127.0.0.1:57226,OPEN,fill=-,flush=-,to=0/30000}{io=0/0,kio=0,kro=1}->SslConnection@2cbc5d51{NEED_WRAP,eio=0/0,di=-1,fill=IDLE,flush=IDLE}~>DecryptedEndPoint@6b84981e{l=/127.0.0.1:33437,r=/127.0.0.1:57226,OPEN,fill=-,flush=-,to=9/30000}=>HttpConnection@20d87e86[p=HttpParser{s=START,0 of -1},g=HttpGenerator@63b774b0{s=START}]=>HttpChannelOverHttp@4bcbd108{s=HttpChannelState@6c6eb8bc{s=IDLE rs=BLOCKING os=OPEN is=IDLE awp=false se=false i=true al=0},r=0,c=false/false,a=IDLE,uri=null,age=0}
04:29:54.239 [qtp399373008-56] DEBUG org.eclipse.jetty.io.ssl.SslConnection - net flushed=true, ac=true
04:29:54.239 [qtp399373008-56] DEBUG org.eclipse.jetty.io.ssl.SslConnection - flush NEED_WRAP
04:29:54.239 [qtp399373008-56] DEBUG org.eclipse.jetty.io.ssl.SslConnection - wrap Status = OK HandshakeStatus = NEED_UNWRAP bytesConsumed = 0 bytesProduced = 1597 [p=0,l=1597,c=17408,r=1597] ioDone=false/false
04:29:54.239 [qtp399373008-56] DEBUG org.eclipse.jetty.io.ChannelEndPoint - flushed 1597 SocketChannelEndPoint@722ea87f{l=/127.0.0.1:33437,r=/127.0.0.1:57226,OPEN,fill=-,flush=-,to=0/30000}{io=0/0,kio=0,kro=1}->SslConnection@2cbc5d51{NEED_UNWRAP,eio=0/0,di=-1,fill=IDLE,flush=IDLE}~>DecryptedEndPoint@6b84981e{l=/127.0.0.1:33437,r=/127.0.0.1:57226,OPEN,fill=-,flush=-,to=10/30000}=>HttpConnection@20d87e86[p=HttpParser{s=START,0 of -1},g=HttpGenerator@63b774b0{s=START}]=>HttpChannelOverHttp@4bcbd108{s=HttpChannelState@6c6eb8bc{s=IDLE rs=BLOCKING os=OPEN is=IDLE awp=false se=false i=true al=0},r=0,c=false/false,a=IDLE,uri=null,age=0}
04:29:54.239 [qtp399373008-56] DEBUG org.eclipse.jetty.io.ssl.SslConnection - net flushed=true, ac=true
04:29:54.239 [qtp399373008-56] DEBUG org.eclipse.jetty.io.ssl.SslConnection - <flush true SslConnection@2cbc5d51::SocketChannelEndPoint@722ea87f{l=/127.0.0.1:33437,r=/127.0.0.1:57226,OPEN,fill=-,flush=-,to=0/30000}{io=0/0,kio=0,kro=1}->SslConnection@2cbc5d51{NEED_UNWRAP,eio=0/-1,di=-1,fill=IDLE,flush=IDLE}~>DecryptedEndPoint@6b84981e{l=/127.0.0.1:33437,r=/127.0.0.1:57226,OPEN,fill=-,flush=-,to=10/30000}=>HttpConnection@20d87e86[p=HttpParser{s=START,0 of -1},g=HttpGenerator@63b774b0{s=START}]=>HttpChannelOverHttp@4bcbd108{s=HttpChannelState@6c6eb8bc{s=IDLE rs=BLOCKING os=OPEN is=IDLE awp=false se=false i=true al=0},r=0,c=false/false,a=IDLE,uri=null,age=0}
04:29:54.239 [qtp399373008-56] DEBUG org.eclipse.jetty.io.ssl.SslConnection - fill NEED_UNWRAP
04:29:54.239 [qtp399373008-56] DEBUG org.eclipse.jetty.io.ChannelEndPoint - filled 0 HeapByteBuffer@60af7bcf[p=0,l=0,c=17408,r=0]={<<<>>>\x16\x03\x03\x01N\x01\x00\x01J...\x00\x00\x00\x00\x00\x00\x00}
04:29:54.239 [qtp399373008-56] DEBUG org.eclipse.jetty.io.ssl.SslConnection - net filled=0
04:29:54.239 [qtp399373008-56] DEBUG org.eclipse.jetty.io.ssl.SslConnection - unwrap net_filled=0 Status = BUFFER_UNDERFLOW HandshakeStatus = NEED_UNWRAP bytesConsumed = 0 bytesProduced = 0 encryptedBuffer=[p=0,l=0,c=17408,r=0] unwrapBuffer=HeapByteBuffer@6a5710bf[p=0,l=0,c=17408,r=0]={<<<>>>\x17\x03\x03\x06\x85l\xDa\xFb\xEb...\x00\x00\x00\x00\x00\x00\x00} appBuffer=HeapByteBuffer@6a5710bf[p=0,l=0,c=17408,r=0]={<<<>>>\x17\x03\x03\x06\x85l\xDa\xFb\xEb...\x00\x00\x00\x00\x00\x00\x00}
04:29:54.239 [qtp399373008-56] DEBUG org.eclipse.jetty.io.ssl.SslConnection - <fill f=0 uf=true SslConnection@2cbc5d51::SocketChannelEndPoint@722ea87f{l=/127.0.0.1:33437,r=/127.0.0.1:57226,OPEN,fill=-,flush=-,to=0/30000}{io=0/0,kio=0,kro=1}->SslConnection@2cbc5d51{NEED_UNWRAP,eio=-1/-1,di=-1,fill=IDLE,flush=IDLE}~>DecryptedEndPoint@6b84981e{l=/127.0.0.1:33437,r=/127.0.0.1:57226,OPEN,fill=-,flush=-,to=10/30000}=>HttpConnection@20d87e86[p=HttpParser{s=START,0 of -1},g=HttpGenerator@63b774b0{s=START}]=>HttpChannelOverHttp@4bcbd108{s=HttpChannelState@6c6eb8bc{s=IDLE rs=BLOCKING os=OPEN is=IDLE awp=false se=false i=true al=0},r=0,c=false/false,a=IDLE,uri=null,age=0}
04:29:54.240 [qtp399373008-56] DEBUG org.eclipse.jetty.io.ssl.SslConnection - >fill SslConnection@2cbc5d51::SocketChannelEndPoint@722ea87f{l=/127.0.0.1:33437,r=/127.0.0.1:57226,OPEN,fill=-,flush=-,to=0/30000}{io=0/0,kio=0,kro=1}->SslConnection@2cbc5d51{NEED_UNWRAP,eio=-1/-1,di=-1,fill=IDLE,flush=IDLE}~>DecryptedEndPoint@6b84981e{l=/127.0.0.1:33437,r=/127.0.0.1:57226,OPEN,fill=-,flush=-,to=10/30000}=>HttpConnection@20d87e86[p=HttpParser{s=START,0 of -1},g=HttpGenerator@63b774b0{s=START}]=>HttpChannelOverHttp@4bcbd108{s=HttpChannelState@6c6eb8bc{s=IDLE rs=BLOCKING os=OPEN is=IDLE awp=false se=false i=true al=0},r=0,c=false/false,a=IDLE,uri=null,age=0}
04:29:54.240 [qtp399373008-56] DEBUG org.eclipse.jetty.io.ssl.SslConnection - fill NEED_UNWRAP
04:29:54.240 [qtp399373008-56] DEBUG org.eclipse.jetty.io.ChannelEndPoint - filled 0 HeapByteBuffer@6e6899aa[p=0,l=0,c=17408,r=0]={<<<>>>\x17\x03\x03\x068y\xD1\xA86...\x00\x00\x00\x00\x00\x00\x00}
04:29:54.240 [qtp399373008-56] DEBUG org.eclipse.jetty.io.ssl.SslConnection - net filled=0
04:29:54.240 [qtp399373008-56] DEBUG org.eclipse.jetty.io.ssl.SslConnection - unwrap net_filled=0 Status = BUFFER_UNDERFLOW HandshakeStatus = NEED_UNWRAP bytesConsumed = 0 bytesProduced = 0 encryptedBuffer=[p=0,l=0,c=17408,r=0] unwrapBuffer=HeapByteBuffer@6a5710bf[p=0,l=0,c=17408,r=0]={<<<>>>\x17\x03\x03\x06\x85l\xDa\xFb\xEb...\x00\x00\x00\x00\x00\x00\x00} appBuffer=HeapByteBuffer@6a5710bf[p=0,l=0,c=17408,r=0]={<<<>>>\x17\x03\x03\x06\x85l\xDa\xFb\xEb...\x00\x00\x00\x00\x00\x00\x00}
04:29:54.240 [qtp399373008-56] DEBUG org.eclipse.jetty.io.ssl.SslConnection - <fill f=0 uf=true SslConnection@2cbc5d51::SocketChannelEndPoint@722ea87f{l=/127.0.0.1:33437,r=/127.0.0.1:57226,OPEN,fill=-,flush=-,to=0/30000}{io=0/0,kio=0,kro=1}->SslConnection@2cbc5d51{NEED_UNWRAP,eio=-1/-1,di=-1,fill=IDLE,flush=IDLE}~>DecryptedEndPoint@6b84981e{l=/127.0.0.1:33437,r=/127.0.0.1:57226,OPEN,fill=-,flush=-,to=10/30000}=>HttpConnection@20d87e86[p=HttpParser{s=START,0 of -1},g=HttpGenerator@63b774b0{s=START}]=>HttpChannelOverHttp@4bcbd108{s=HttpChannelState@6c6eb8bc{s=IDLE rs=BLOCKING os=OPEN is=IDLE awp=false se=false i=true al=0},r=0,c=false/false,a=IDLE,uri=null,age=0}
04:29:54.240 [qtp399373008-56] DEBUG org.eclipse.jetty.server.HttpConnection - HttpConnection@20d87e86::DecryptedEndPoint@6b84981e{l=/127.0.0.1:33437,r=/127.0.0.1:57226,OPEN,fill=-,flush=-,to=10/30000} filled 0 HeapByteBuffer@6a5710bf[p=0,l=0,c=17408,r=0]={<<<>>>\x17\x03\x03\x06\x85l\xDa\xFb\xEb...\x00\x00\x00\x00\x00\x00\x00}
04:29:54.240 [qtp399373008-56] DEBUG org.eclipse.jetty.server.HttpConnection - HttpConnection@20d87e86::DecryptedEndPoint@6b84981e{l=/127.0.0.1:33437,r=/127.0.0.1:57226,OPEN,fill=-,flush=-,to=10/30000} parse HeapByteBuffer@6a5710bf[p=0,l=0,c=17408,r=0]={<<<>>>\x17\x03\x03\x06\x85l\xDa\xFb\xEb...\x00\x00\x00\x00\x00\x00\x00} {}
04:29:54.240 [qtp399373008-56] DEBUG org.eclipse.jetty.http.HttpParser - parseNext s=START HeapByteBuffer@6a5710bf[p=0,l=0,c=17408,r=0]={<<<>>>\x17\x03\x03\x06\x85l\xDa\xFb\xEb...\x00\x00\x00\x00\x00\x00\x00}
04:29:54.240 [qtp399373008-56] DEBUG org.eclipse.jetty.server.HttpConnection - HttpConnection@20d87e86::DecryptedEndPoint@6b84981e{l=/127.0.0.1:33437,r=/127.0.0.1:57226,OPEN,fill=-,flush=-,to=10/30000} parsed false HttpParser{s=START,0 of -1}
04:29:54.240 [qtp399373008-56] DEBUG org.eclipse.jetty.server.HttpConnection - releaseRequestBuffer HttpConnection@20d87e86::DecryptedEndPoint@6b84981e{l=/127.0.0.1:33437,r=/127.0.0.1:57226,OPEN,fill=-,flush=-,to=10/30000}
04:29:54.240 [qtp399373008-56] DEBUG org.eclipse.jetty.io.AbstractConnection - fillInterested HttpConnection@20d87e86::DecryptedEndPoint@6b84981e{l=/127.0.0.1:33437,r=/127.0.0.1:57226,OPEN,fill=-,flush=-,to=11/30000}
04:29:54.240 [qtp399373008-56] DEBUG org.eclipse.jetty.io.FillInterest - interested FillInterest@f81a0e{AC.ReadCB@20d87e86{HttpConnection@20d87e86::DecryptedEndPoint@6b84981e{l=/127.0.0.1:33437,r=/127.0.0.1:57226,OPEN,fill=FI,flush=-,to=0/30000}}}
04:29:54.240 [qtp399373008-56] DEBUG org.eclipse.jetty.io.ssl.SslConnection - >needFillInterest s=IDLE/IDLE uf=true ei=null di=null SslConnection@2cbc5d51::SocketChannelEndPoint@722ea87f{l=/127.0.0.1:33437,r=/127.0.0.1:57226,OPEN,fill=-,flush=-,to=0/30000}{io=0/0,kio=0,kro=1}->SslConnection@2cbc5d51{NEED_UNWRAP,eio=-1/-1,di=-1,fill=IDLE,flush=IDLE}~>DecryptedEndPoint@6b84981e{l=/127.0.0.1:33437,r=/127.0.0.1:57226,OPEN,fill=FI,flush=-,to=0/30000}=>HttpConnection@20d87e86[p=HttpParser{s=START,0 of -1},g=HttpGenerator@63b774b0{s=START}]=>HttpChannelOverHttp@4bcbd108{s=HttpChannelState@6c6eb8bc{s=IDLE rs=BLOCKING os=OPEN is=IDLE awp=false se=false i=true al=0},r=0,c=false/false,a=IDLE,uri=null,age=0}
04:29:54.240 [qtp399373008-56] DEBUG org.eclipse.jetty.io.ssl.SslConnection - <needFillInterest s=IDLE/INTERESTED f=false i=true w=null
04:29:54.240 [qtp399373008-56] DEBUG org.eclipse.jetty.io.ssl.SslConnection - ensureFillInterested SslConnection@2cbc5d51::SocketChannelEndPoint@722ea87f{l=/127.0.0.1:33437,r=/127.0.0.1:57226,OPEN,fill=-,flush=-,to=0/30000}{io=0/0,kio=0,kro=1}->SslConnection@2cbc5d51{NEED_UNWRAP,eio=-1/-1,di=-1,fill=INTERESTED,flush=IDLE}~>DecryptedEndPoint@6b84981e{l=/127.0.0.1:33437,r=/127.0.0.1:57226,OPEN,fill=FI,flush=-,to=0/30000}=>HttpConnection@20d87e86[p=HttpParser{s=START,0 of -1},g=HttpGenerator@63b774b0{s=START}]=>HttpChannelOverHttp@4bcbd108{s=HttpChannelState@6c6eb8bc{s=IDLE rs=BLOCKING os=OPEN is=IDLE awp=false se=false i=true al=0},r=0,c=false/false,a=IDLE,uri=null,age=0}
04:29:54.240 [qtp399373008-56] DEBUG org.eclipse.jetty.io.FillInterest - interested FillInterest@4076cc8d{SSLC.NBReadCB@2cbc5d51{SslConnection@2cbc5d51::SocketChannelEndPoint@722ea87f{l=/127.0.0.1:33437,r=/127.0.0.1:57226,OPEN,fill=FI,flush=-,to=0/30000}{io=0/0,kio=0,kro=1}->SslConnection@2cbc5d51{NEED_UNWRAP,eio=-1/-1,di=-1,fill=INTERESTED,flush=IDLE}~>DecryptedEndPoint@6b84981e{l=/127.0.0.1:33437,r=/127.0.0.1:57226,OPEN,fill=FI,flush=-,to=0/30000}=>HttpConnection@20d87e86[p=HttpParser{s=START,0 of -1},g=HttpGenerator@63b774b0{s=START}]=>HttpChannelOverHttp@4bcbd108{s=HttpChannelState@6c6eb8bc{s=IDLE rs=BLOCKING os=OPEN is=IDLE awp=false se=false i=true al=0},r=0,c=false/false,a=IDLE,uri=null,age=0}}}
04:29:54.240 [qtp399373008-56] DEBUG org.eclipse.jetty.io.ChannelEndPoint - changeInterests p=false 0->1 for SocketChannelEndPoint@722ea87f{l=/127.0.0.1:33437,r=/127.0.0.1:57226,OPEN,fill=FI,flush=-,to=0/30000}{io=0/1,kio=0,kro=1}->SslConnection@2cbc5d51{NEED_UNWRAP,eio=-1/-1,di=-1,fill=INTERESTED,flush=IDLE}~>DecryptedEndPoint@6b84981e{l=/127.0.0.1:33437,r=/127.0.0.1:57226,OPEN,fill=FI,flush=-,to=0/30000}=>HttpConnection@20d87e86[p=HttpParser{s=START,0 of -1},g=HttpGenerator@63b774b0{s=START}]=>HttpChannelOverHttp@4bcbd108{s=HttpChannelState@6c6eb8bc{s=IDLE rs=BLOCKING os=OPEN is=IDLE awp=false se=false i=true al=0},r=0,c=false/false,a=IDLE,uri=null,age=0}
04:29:54.240 [qtp399373008-56] DEBUG org.eclipse.jetty.io.ManagedSelector - Queued change lazy=false org.eclipse.jetty.io.ChannelEndPoint$$Lambda$255/1126011505@eee5707 on ManagedSelector@47a86fbb{STARTED} id=2 keys=2 selected=0 updates=0
04:29:54.240 [qtp399373008-56] DEBUG org.eclipse.jetty.io.ManagedSelector - Wakeup on submit ManagedSelector@47a86fbb{STARTED} id=2 keys=2 selected=0 updates=1
04:29:54.241 [qtp399373008-61] DEBUG org.eclipse.jetty.io.ManagedSelector - Selector sun.nio.ch.EPollSelectorImpl@79e51817 woken with none selected
04:29:54.241 [qtp399373008-61] DEBUG org.eclipse.jetty.io.ManagedSelector - Selector sun.nio.ch.EPollSelectorImpl@79e51817 woken up from select, 0/0/2 selected
04:29:54.241 [qtp399373008-61] DEBUG org.eclipse.jetty.io.ManagedSelector - Selector sun.nio.ch.EPollSelectorImpl@79e51817 processing 0 keys, 1 updates
04:29:54.241 [qtp399373008-61] DEBUG org.eclipse.jetty.io.ManagedSelector - updateable 1
04:29:54.241 [qtp399373008-61] DEBUG org.eclipse.jetty.io.ManagedSelector - update org.eclipse.jetty.io.ChannelEndPoint$$Lambda$255/1126011505@eee5707
04:29:54.241 [qtp399373008-56] DEBUG org.eclipse.jetty.server.HttpConnection - HttpConnection@20d87e86::DecryptedEndPoint@6b84981e{l=/127.0.0.1:33437,r=/127.0.0.1:57226,OPEN,fill=FI,flush=-,to=0/30000} onFillable exit HttpChannelState@6c6eb8bc{s=IDLE rs=BLOCKING os=OPEN is=IDLE awp=false se=false i=true al=0} null
04:29:54.241 [qtp399373008-61] DEBUG org.eclipse.jetty.io.ChannelEndPoint - Key interests updated 0 -> 1 on SocketChannelEndPoint@722ea87f{l=/127.0.0.1:33437,r=/127.0.0.1:57226,OPEN,fill=FI,flush=-,to=0/30000}{io=1/1,kio=1,kro=1}->SslConnection@2cbc5d51{NEED_UNWRAP,eio=-1/-1,di=-1,fill=INTERESTED,flush=IDLE}~>DecryptedEndPoint@6b84981e{l=/127.0.0.1:33437,r=/127.0.0.1:57226,OPEN,fill=FI,flush=-,to=0/30000}=>HttpConnection@20d87e86[p=HttpParser{s=START,0 of -1},g=HttpGenerator@63b774b0{s=START}]=>HttpChannelOverHttp@4bcbd108{s=HttpChannelState@6c6eb8bc{s=IDLE rs=BLOCKING os=OPEN is=IDLE awp=false se=false i=true al=0},r=0,c=false/false,a=IDLE,uri=null,age=0}
04:29:54.241 [qtp399373008-61] DEBUG org.eclipse.jetty.io.ManagedSelector - updates 0
04:29:54.241 [qtp399373008-61] DEBUG org.eclipse.jetty.io.ManagedSelector - Selector sun.nio.ch.EPollSelectorImpl@79e51817 waiting with 2 keys
04:29:54.241 [qtp399373008-56] DEBUG org.eclipse.jetty.io.ssl.SslConnection - <c.onFillable SslConnection@2cbc5d51::SocketChannelEndPoint@722ea87f{l=/127.0.0.1:33437,r=/127.0.0.1:57226,OPEN,fill=FI,flush=-,to=0/30000}{io=1/1,kio=1,kro=1}->SslConnection@2cbc5d51{NEED_UNWRAP,eio=-1/-1,di=-1,fill=INTERESTED,flush=IDLE}~>DecryptedEndPoint@6b84981e{l=/127.0.0.1:33437,r=/127.0.0.1:57226,OPEN,fill=FI,flush=-,to=0/30000}=>HttpConnection@20d87e86[p=HttpParser{s=START,0 of -1},g=HttpGenerator@63b774b0{s=START}]=>HttpChannelOverHttp@4bcbd108{s=HttpChannelState@6c6eb8bc{s=IDLE rs=BLOCKING os=OPEN is=IDLE awp=false se=false i=true al=0},r=0,c=false/false,a=IDLE,uri=null,age=0}
04:29:54.241 [qtp399373008-56] DEBUG org.eclipse.jetty.util.thread.ReservedThreadExecutor - ReservedThread@32c91a88{RUNNING,thread=Thread[qtp399373008-56,5,main]} was=RUNNING next=RESERVED size=0+2 capacity=8
04:29:54.241 [qtp399373008-56] DEBUG org.eclipse.jetty.util.thread.ReservedThreadExecutor - ReservedThread@32c91a88{RESERVED,thread=Thread[qtp399373008-56,5,main]} waiting ReservedThreadExecutor@424fd310{reserved=2/8,pending=0}
04:29:54.242 [qtp399373008-61] DEBUG org.eclipse.jetty.io.ManagedSelector - Selector sun.nio.ch.EPollSelectorImpl@79e51817 woken up from select, 1/1/2 selected
04:29:54.242 [qtp399373008-61] DEBUG org.eclipse.jetty.io.ManagedSelector - Selector sun.nio.ch.EPollSelectorImpl@79e51817 processing 1 keys, 0 updates
04:29:54.242 [qtp399373008-61] DEBUG org.eclipse.jetty.io.ManagedSelector - selected 1 sun.nio.ch.SelectionKeyImpl@672d065b SocketChannelEndPoint@722ea87f{l=/127.0.0.1:33437,r=/127.0.0.1:57226,OPEN,fill=FI,flush=-,to=1/30000}{io=1/1,kio=1,kro=1}->SslConnection@2cbc5d51{NEED_UNWRAP,eio=-1/-1,di=-1,fill=INTERESTED,flush=IDLE}~>DecryptedEndPoint@6b84981e{l=/127.0.0.1:33437,r=/127.0.0.1:57226,OPEN,fill=FI,flush=-,to=1/30000}=>HttpConnection@20d87e86[p=HttpParser{s=START,0 of -1},g=HttpGenerator@63b774b0{s=START}]=>HttpChannelOverHttp@4bcbd108{s=HttpChannelState@6c6eb8bc{s=IDLE rs=BLOCKING os=OPEN is=IDLE awp=false se=false i=true al=0},r=0,c=false/false,a=IDLE,uri=null,age=0} 
04:29:54.242 [qtp399373008-61] DEBUG org.eclipse.jetty.io.ChannelEndPoint - onSelected 1->0 r=true w=false for SocketChannelEndPoint@722ea87f{l=/127.0.0.1:33437,r=/127.0.0.1:57226,OPEN,fill=FI,flush=-,to=1/30000}{io=1/0,kio=1,kro=1}->SslConnection@2cbc5d51{NEED_UNWRAP,eio=-1/-1,di=-1,fill=INTERESTED,flush=IDLE}~>DecryptedEndPoint@6b84981e{l=/127.0.0.1:33437,r=/127.0.0.1:57226,OPEN,fill=FI,flush=-,to=2/30000}=>HttpConnection@20d87e86[p=HttpParser{s=START,0 of -1},g=HttpGenerator@63b774b0{s=START}]=>HttpChannelOverHttp@4bcbd108{s=HttpChannelState@6c6eb8bc{s=IDLE rs=BLOCKING os=OPEN is=IDLE awp=false se=false i=true al=0},r=0,c=false/false,a=IDLE,uri=null,age=0}
04:29:54.242 [qtp399373008-61] DEBUG org.eclipse.jetty.io.ChannelEndPoint - task CEP:SocketChannelEndPoint@722ea87f{l=/127.0.0.1:33437,r=/127.0.0.1:57226,OPEN,fill=FI,flush=-,to=1/30000}{io=1/0,kio=1,kro=1}->SslConnection@2cbc5d51{NEED_UNWRAP,eio=-1/-1,di=-1,fill=INTERESTED,flush=IDLE}~>DecryptedEndPoint@6b84981e{l=/127.0.0.1:33437,r=/127.0.0.1:57226,OPEN,fill=FI,flush=-,to=2/30000}=>HttpConnection@20d87e86[p=HttpParser{s=START,0 of -1},g=HttpGenerator@63b774b0{s=START}]=>HttpChannelOverHttp@4bcbd108{s=HttpChannelState@6c6eb8bc{s=IDLE rs=BLOCKING os=OPEN is=IDLE awp=false se=false i=true al=0},r=0,c=false/false,a=IDLE,uri=null,age=0}:runFillable:BLOCKING
04:29:54.242 [qtp399373008-61] DEBUG org.eclipse.jetty.util.thread.ReservedThreadExecutor - ReservedThreadExecutor@424fd310{reserved=2/8,pending=0} tryExecute EatWhatYouKill@1c3146bc/SelectorProducer@56c698e3/PRODUCING/p=false/QueuedThreadPool[qtp399373008]@17cdf2d0{STARTED,8<=8<=200,i=1,r=-1,q=0}[ReservedThreadExecutor@424fd310{reserved=2/8,pending=0}][pc=0,pic=0,pec=0,epc=4]@2024-05-02T04:29:54.242+01:00
04:29:54.243 [qtp399373008-61] DEBUG org.eclipse.jetty.util.thread.strategy.EatWhatYouKill - EatWhatYouKill@1c3146bc/SelectorProducer@56c698e3/IDLE/p=true/QueuedThreadPool[qtp399373008]@17cdf2d0{STARTED,8<=8<=200,i=1,r=-1,q=0}[ReservedThreadExecutor@424fd310{reserved=1/8,pending=0}][pc=0,pic=0,pec=0,epc=4]@2024-05-02T04:29:54.242+01:00 m=EXECUTE_PRODUCE_CONSUME t=CEP:SocketChannelEndPoint@722ea87f{l=/127.0.0.1:33437,r=/127.0.0.1:57226,OPEN,fill=FI,flush=-,to=2/30000}{io=1/0,kio=1,kro=1}->SslConnection@2cbc5d51{NEED_UNWRAP,eio=-1/-1,di=-1,fill=INTERESTED,flush=IDLE}~>DecryptedEndPoint@6b84981e{l=/127.0.0.1:33437,r=/127.0.0.1:57226,OPEN,fill=FI,flush=-,to=2/30000}=>HttpConnection@20d87e86[p=HttpParser{s=START,0 of -1},g=HttpGenerator@63b774b0{s=START}]=>HttpChannelOverHttp@4bcbd108{s=HttpChannelState@6c6eb8bc{s=IDLE rs=BLOCKING os=OPEN is=IDLE awp=false se=false i=true al=0},r=0,c=false/false,a=IDLE,uri=null,age=0}:runFillable:BLOCKING/BLOCKING
04:29:54.243 [qtp399373008-61] DEBUG org.eclipse.jetty.io.FillInterest - fillable FillInterest@4076cc8d{SSLC.NBReadCB@2cbc5d51{SslConnection@2cbc5d51::SocketChannelEndPoint@722ea87f{l=/127.0.0.1:33437,r=/127.0.0.1:57226,OPEN,fill=FI,flush=-,to=2/30000}{io=1/0,kio=1,kro=1}->SslConnection@2cbc5d51{NEED_UNWRAP,eio=-1/-1,di=-1,fill=INTERESTED,flush=IDLE}~>DecryptedEndPoint@6b84981e{l=/127.0.0.1:33437,r=/127.0.0.1:57226,OPEN,fill=FI,flush=-,to=2/30000}=>HttpConnection@20d87e86[p=HttpParser{s=START,0 of -1},g=HttpGenerator@63b774b0{s=START}]=>HttpChannelOverHttp@4bcbd108{s=HttpChannelState@6c6eb8bc{s=IDLE rs=BLOCKING os=OPEN is=IDLE awp=false se=false i=true al=0},r=0,c=false/false,a=IDLE,uri=null,age=0}}}
04:29:54.243 [qtp399373008-61] DEBUG org.eclipse.jetty.io.ssl.SslConnection - >c.onFillable SslConnection@2cbc5d51::SocketChannelEndPoint@722ea87f{l=/127.0.0.1:33437,r=/127.0.0.1:57226,OPEN,fill=-,flush=-,to=2/30000}{io=1/0,kio=1,kro=1}->SslConnection@2cbc5d51{NEED_UNWRAP,eio=-1/-1,di=-1,fill=INTERESTED,flush=IDLE}~>DecryptedEndPoint@6b84981e{l=/127.0.0.1:33437,r=/127.0.0.1:57226,OPEN,fill=FI,flush=-,to=2/30000}=>HttpConnection@20d87e86[p=HttpParser{s=START,0 of -1},g=HttpGenerator@63b774b0{s=START}]=>HttpChannelOverHttp@4bcbd108{s=HttpChannelState@6c6eb8bc{s=IDLE rs=BLOCKING os=OPEN is=IDLE awp=false se=false i=true al=0},r=0,c=false/false,a=IDLE,uri=null,age=0}
04:29:54.243 [qtp399373008-61] DEBUG org.eclipse.jetty.io.ssl.SslConnection - onFillable SslConnection@2cbc5d51::SocketChannelEndPoint@722ea87f{l=/127.0.0.1:33437,r=/127.0.0.1:57226,OPEN,fill=-,flush=-,to=2/30000}{io=1/0,kio=1,kro=1}->SslConnection@2cbc5d51{NEED_UNWRAP,eio=-1/-1,di=-1,fill=INTERESTED,flush=IDLE}~>DecryptedEndPoint@6b84981e{l=/127.0.0.1:33437,r=/127.0.0.1:57226,OPEN,fill=FI,flush=-,to=3/30000}=>HttpConnection@20d87e86[p=HttpParser{s=START,0 of -1},g=HttpGenerator@63b774b0{s=START}]=>HttpChannelOverHttp@4bcbd108{s=HttpChannelState@6c6eb8bc{s=IDLE rs=BLOCKING os=OPEN is=IDLE awp=false se=false i=true al=0},r=0,c=false/false,a=IDLE,uri=null,age=0}
04:29:54.243 [qtp399373008-61] DEBUG org.eclipse.jetty.io.FillInterest - fillable FillInterest@f81a0e{AC.ReadCB@20d87e86{HttpConnection@20d87e86::DecryptedEndPoint@6b84981e{l=/127.0.0.1:33437,r=/127.0.0.1:57226,OPEN,fill=FI,flush=-,to=3/30000}}}
04:29:54.243 [qtp399373008-61] DEBUG org.eclipse.jetty.server.HttpConnection - HttpConnection@20d87e86::DecryptedEndPoint@6b84981e{l=/127.0.0.1:33437,r=/127.0.0.1:57226,OPEN,fill=-,flush=-,to=3/30000} onFillable enter HttpChannelState@6c6eb8bc{s=IDLE rs=BLOCKING os=OPEN is=IDLE awp=false se=false i=true al=0} null
04:29:54.243 [qtp399373008-61] DEBUG org.eclipse.jetty.io.ssl.SslConnection - >fill SslConnection@2cbc5d51::SocketChannelEndPoint@722ea87f{l=/127.0.0.1:33437,r=/127.0.0.1:57226,OPEN,fill=-,flush=-,to=2/30000}{io=1/0,kio=1,kro=1}->SslConnection@2cbc5d51{NEED_UNWRAP,eio=-1/-1,di=-1,fill=IDLE,flush=IDLE}~>DecryptedEndPoint@6b84981e{l=/127.0.0.1:33437,r=/127.0.0.1:57226,OPEN,fill=-,flush=-,to=3/30000}=>HttpConnection@20d87e86[p=HttpParser{s=START,0 of -1},g=HttpGenerator@63b774b0{s=START}]=>HttpChannelOverHttp@4bcbd108{s=HttpChannelState@6c6eb8bc{s=IDLE rs=BLOCKING os=OPEN is=IDLE awp=false se=false i=true al=0},r=0,c=false/false,a=IDLE,uri=null,age=0}
04:29:54.243 [qtp399373008-61] DEBUG org.eclipse.jetty.io.ssl.SslConnection - fill NEED_UNWRAP
04:29:54.244 [qtp399373008-61] DEBUG org.eclipse.jetty.io.ChannelEndPoint - filled 6 HeapByteBuffer@6e6899aa[p=0,l=6,c=17408,r=6]={<<<\x14\x03\x03\x00\x01\x01>>>\xD1\xA86\x07,\x12\x80\xE9\xD3...\x00\x00\x00\x00\x00\x00\x00}
04:29:54.244 [qtp399373008-61] DEBUG org.eclipse.jetty.io.ssl.SslConnection - net filled=6
04:29:54.244 [qtp399373008-56] DEBUG org.eclipse.jetty.util.thread.ReservedThreadExecutor - ReservedThread@32c91a88{RESERVED,thread=Thread[qtp399373008-56,5,main]} task=EatWhatYouKill@1c3146bc/SelectorProducer@56c698e3/IDLE/p=true/QueuedThreadPool[qtp399373008]@17cdf2d0{STARTED,8<=8<=200,i=1,r=-1,q=0}[ReservedThreadExecutor@424fd310{reserved=1/8,pending=0}][pc=0,pic=0,pec=0,epc=5]@2024-05-02T04:29:54.244+01:00 ReservedThreadExecutor@424fd310{reserved=1/8,pending=0}
04:29:54.244 [qtp399373008-61] DEBUG org.eclipse.jetty.io.ssl.SslConnection - unwrap net_filled=6 Status = OK HandshakeStatus = NEED_UNWRAP bytesConsumed = 6 bytesProduced = 0 encryptedBuffer=[p=6,l=6,c=17408,r=0] unwrapBuffer=HeapByteBuffer@60af7bcf[p=0,l=0,c=17408,r=0]={<<<>>>\x16\x03\x03\x01N\x01\x00\x01J...\x00\x00\x00\x00\x00\x00\x00} appBuffer=HeapByteBuffer@60af7bcf[p=0,l=0,c=17408,r=0]={<<<>>>\x16\x03\x03\x01N\x01\x00\x01J...\x00\x00\x00\x00\x00\x00\x00}
04:29:54.244 [qtp399373008-61] DEBUG org.eclipse.jetty.io.ssl.SslConnection - fill NEED_UNWRAP
04:29:54.244 [qtp399373008-61] DEBUG org.eclipse.jetty.io.ChannelEndPoint - filled 0 HeapByteBuffer@6e6899aa[p=0,l=0,c=17408,r=0]={<<<>>>\x14\x03\x03\x00\x01\x01\xD1\xA86...\x00\x00\x00\x00\x00\x00\x00}
04:29:54.244 [qtp399373008-61] DEBUG org.eclipse.jetty.io.ssl.SslConnection - net filled=0
04:29:54.244 [qtp399373008-56] DEBUG org.eclipse.jetty.util.thread.strategy.EatWhatYouKill - EatWhatYouKill@1c3146bc/SelectorProducer@56c698e3/IDLE/p=true/QueuedThreadPool[qtp399373008]@17cdf2d0{STARTED,8<=8<=200,i=1,r=-1,q=0}[ReservedThreadExecutor@424fd310{reserved=1/8,pending=0}][pc=0,pic=0,pec=0,epc=5]@2024-05-02T04:29:54.244+01:00 tryProduce true
04:29:54.244 [qtp399373008-61] DEBUG org.eclipse.jetty.io.ssl.SslConnection - unwrap net_filled=0 Status = BUFFER_UNDERFLOW HandshakeStatus = NEED_UNWRAP bytesConsumed = 0 bytesProduced = 0 encryptedBuffer=[p=0,l=0,c=17408,r=0] unwrapBuffer=HeapByteBuffer@60af7bcf[p=0,l=0,c=17408,r=0]={<<<>>>\x16\x03\x03\x01N\x01\x00\x01J...\x00\x00\x00\x00\x00\x00\x00} appBuffer=HeapByteBuffer@60af7bcf[p=0,l=0,c=17408,r=0]={<<<>>>\x16\x03\x03\x01N\x01\x00\x01J...\x00\x00\x00\x00\x00\x00\x00}
04:29:54.244 [qtp399373008-56] DEBUG org.eclipse.jetty.io.ManagedSelector - updateable 0
04:29:54.244 [qtp399373008-56] DEBUG org.eclipse.jetty.io.ManagedSelector - updates 0
04:29:54.244 [qtp399373008-61] DEBUG org.eclipse.jetty.io.ssl.SslConnection - <fill f=0 uf=true SslConnection@2cbc5d51::SocketChannelEndPoint@722ea87f{l=/127.0.0.1:33437,r=/127.0.0.1:57226,OPEN,fill=-,flush=-,to=0/30000}{io=0/0,kio=0,kro=1}->SslConnection@2cbc5d51{NEED_UNWRAP,eio=-1/-1,di=-1,fill=IDLE,flush=IDLE}~>DecryptedEndPoint@6b84981e{l=/127.0.0.1:33437,r=/127.0.0.1:57226,OPEN,fill=-,flush=-,to=3/30000}=>HttpConnection@20d87e86[p=HttpParser{s=START,0 of -1},g=HttpGenerator@63b774b0{s=START}]=>HttpChannelOverHttp@4bcbd108{s=HttpChannelState@6c6eb8bc{s=IDLE rs=BLOCKING os=OPEN is=IDLE awp=false se=false i=true al=0},r=0,c=false/false,a=IDLE,uri=null,age=0}
04:29:54.244 [qtp399373008-56] DEBUG org.eclipse.jetty.io.ChannelEndPoint - Key interests updated 1 -> 0 on SocketChannelEndPoint@722ea87f{l=/127.0.0.1:33437,r=/127.0.0.1:57226,OPEN,fill=-,flush=-,to=0/30000}{io=0/0,kio=0,kro=1}->SslConnection@2cbc5d51{NEED_UNWRAP,eio=-1/-1,di=-1,fill=IDLE,flush=IDLE}~>DecryptedEndPoint@6b84981e{l=/127.0.0.1:33437,r=/127.0.0.1:57226,OPEN,fill=-,flush=-,to=3/30000}=>HttpConnection@20d87e86[p=HttpParser{s=START,0 of -1},g=HttpGenerator@63b774b0{s=START}]=>HttpChannelOverHttp@4bcbd108{s=HttpChannelState@6c6eb8bc{s=IDLE rs=BLOCKING os=OPEN is=IDLE awp=false se=false i=true al=0},r=0,c=false/false,a=IDLE,uri=null,age=0}
04:29:54.244 [qtp399373008-56] DEBUG org.eclipse.jetty.io.ManagedSelector - Selector sun.nio.ch.EPollSelectorImpl@79e51817 waiting with 2 keys
04:29:54.244 [qtp399373008-61] DEBUG org.eclipse.jetty.io.ssl.SslConnection - >fill SslConnection@2cbc5d51::SocketChannelEndPoint@722ea87f{l=/127.0.0.1:33437,r=/127.0.0.1:57226,OPEN,fill=-,flush=-,to=0/30000}{io=0/0,kio=0,kro=1}->SslConnection@2cbc5d51{NEED_UNWRAP,eio=-1/-1,di=-1,fill=IDLE,flush=IDLE}~>DecryptedEndPoint@6b84981e{l=/127.0.0.1:33437,r=/127.0.0.1:57226,OPEN,fill=-,flush=-,to=4/30000}=>HttpConnection@20d87e86[p=HttpParser{s=START,0 of -1},g=HttpGenerator@63b774b0{s=START}]=>HttpChannelOverHttp@4bcbd108{s=HttpChannelState@6c6eb8bc{s=IDLE rs=BLOCKING os=OPEN is=IDLE awp=false se=false i=true al=0},r=0,c=false/false,a=IDLE,uri=null,age=0}
04:29:54.244 [qtp399373008-61] DEBUG org.eclipse.jetty.io.ssl.SslConnection - fill NEED_UNWRAP
04:29:54.244 [qtp399373008-61] DEBUG org.eclipse.jetty.io.ChannelEndPoint - filled 0 HeapByteBuffer@6a5710bf[p=0,l=0,c=17408,r=0]={<<<>>>\x17\x03\x03\x06\x85l\xDa\xFb\xEb...\x00\x00\x00\x00\x00\x00\x00}
04:29:54.244 [qtp399373008-61] DEBUG org.eclipse.jetty.io.ssl.SslConnection - net filled=0
04:29:54.244 [qtp399373008-61] DEBUG org.eclipse.jetty.io.ssl.SslConnection - unwrap net_filled=0 Status = BUFFER_UNDERFLOW HandshakeStatus = NEED_UNWRAP bytesConsumed = 0 bytesProduced = 0 encryptedBuffer=[p=0,l=0,c=17408,r=0] unwrapBuffer=HeapByteBuffer@60af7bcf[p=0,l=0,c=17408,r=0]={<<<>>>\x16\x03\x03\x01N\x01\x00\x01J...\x00\x00\x00\x00\x00\x00\x00} appBuffer=HeapByteBuffer@60af7bcf[p=0,l=0,c=17408,r=0]={<<<>>>\x16\x03\x03\x01N\x01\x00\x01J...\x00\x00\x00\x00\x00\x00\x00}
04:29:54.244 [qtp399373008-61] DEBUG org.eclipse.jetty.io.ssl.SslConnection - <fill f=0 uf=true SslConnection@2cbc5d51::SocketChannelEndPoint@722ea87f{l=/127.0.0.1:33437,r=/127.0.0.1:57226,OPEN,fill=-,flush=-,to=0/30000}{io=0/0,kio=0,kro=1}->SslConnection@2cbc5d51{NEED_UNWRAP,eio=-1/-1,di=-1,fill=IDLE,flush=IDLE}~>DecryptedEndPoint@6b84981e{l=/127.0.0.1:33437,r=/127.0.0.1:57226,OPEN,fill=-,flush=-,to=4/30000}=>HttpConnection@20d87e86[p=HttpParser{s=START,0 of -1},g=HttpGenerator@63b774b0{s=START}]=>HttpChannelOverHttp@4bcbd108{s=HttpChannelState@6c6eb8bc{s=IDLE rs=BLOCKING os=OPEN is=IDLE awp=false se=false i=true al=0},r=0,c=false/false,a=IDLE,uri=null,age=0}
04:29:54.244 [qtp399373008-61] DEBUG org.eclipse.jetty.server.HttpConnection - HttpConnection@20d87e86::DecryptedEndPoint@6b84981e{l=/127.0.0.1:33437,r=/127.0.0.1:57226,OPEN,fill=-,flush=-,to=4/30000} filled 0 HeapByteBuffer@60af7bcf[p=0,l=0,c=17408,r=0]={<<<>>>\x16\x03\x03\x01N\x01\x00\x01J...\x00\x00\x00\x00\x00\x00\x00}
04:29:54.244 [qtp399373008-61] DEBUG org.eclipse.jetty.server.HttpConnection - HttpConnection@20d87e86::DecryptedEndPoint@6b84981e{l=/127.0.0.1:33437,r=/127.0.0.1:57226,OPEN,fill=-,flush=-,to=4/30000} parse HeapByteBuffer@60af7bcf[p=0,l=0,c=17408,r=0]={<<<>>>\x16\x03\x03\x01N\x01\x00\x01J...\x00\x00\x00\x00\x00\x00\x00} {}
04:29:54.244 [qtp399373008-61] DEBUG org.eclipse.jetty.http.HttpParser - parseNext s=START HeapByteBuffer@60af7bcf[p=0,l=0,c=17408,r=0]={<<<>>>\x16\x03\x03\x01N\x01\x00\x01J...\x00\x00\x00\x00\x00\x00\x00}
04:29:54.244 [qtp399373008-61] DEBUG org.eclipse.jetty.server.HttpConnection - HttpConnection@20d87e86::DecryptedEndPoint@6b84981e{l=/127.0.0.1:33437,r=/127.0.0.1:57226,OPEN,fill=-,flush=-,to=4/30000} parsed false HttpParser{s=START,0 of -1}
04:29:54.244 [qtp399373008-61] DEBUG org.eclipse.jetty.server.HttpConnection - releaseRequestBuffer HttpConnection@20d87e86::DecryptedEndPoint@6b84981e{l=/127.0.0.1:33437,r=/127.0.0.1:57226,OPEN,fill=-,flush=-,to=4/30000}
04:29:54.244 [qtp399373008-61] DEBUG org.eclipse.jetty.io.AbstractConnection - fillInterested HttpConnection@20d87e86::DecryptedEndPoint@6b84981e{l=/127.0.0.1:33437,r=/127.0.0.1:57226,OPEN,fill=-,flush=-,to=4/30000}
04:29:54.244 [qtp399373008-61] DEBUG org.eclipse.jetty.io.FillInterest - interested FillInterest@f81a0e{AC.ReadCB@20d87e86{HttpConnection@20d87e86::DecryptedEndPoint@6b84981e{l=/127.0.0.1:33437,r=/127.0.0.1:57226,OPEN,fill=FI,flush=-,to=0/30000}}}
04:29:54.244 [qtp399373008-61] DEBUG org.eclipse.jetty.io.ssl.SslConnection - >needFillInterest s=IDLE/IDLE uf=true ei=null di=null SslConnection@2cbc5d51::SocketChannelEndPoint@722ea87f{l=/127.0.0.1:33437,r=/127.0.0.1:57226,OPEN,fill=-,flush=-,to=0/30000}{io=0/0,kio=0,kro=1}->SslConnection@2cbc5d51{NEED_UNWRAP,eio=-1/-1,di=-1,fill=IDLE,flush=IDLE}~>DecryptedEndPoint@6b84981e{l=/127.0.0.1:33437,r=/127.0.0.1:57226,OPEN,fill=FI,flush=-,to=0/30000}=>HttpConnection@20d87e86[p=HttpParser{s=START,0 of -1},g=HttpGenerator@63b774b0{s=START}]=>HttpChannelOverHttp@4bcbd108{s=HttpChannelState@6c6eb8bc{s=IDLE rs=BLOCKING os=OPEN is=IDLE awp=false se=false i=true al=0},r=0,c=false/false,a=IDLE,uri=null,age=0}
04:29:54.245 [qtp399373008-61] DEBUG org.eclipse.jetty.io.ssl.SslConnection - <needFillInterest s=IDLE/INTERESTED f=false i=true w=null
04:29:54.245 [qtp399373008-61] DEBUG org.eclipse.jetty.io.ssl.SslConnection - ensureFillInterested SslConnection@2cbc5d51::SocketChannelEndPoint@722ea87f{l=/127.0.0.1:33437,r=/127.0.0.1:57226,OPEN,fill=-,flush=-,to=0/30000}{io=0/0,kio=0,kro=1}->SslConnection@2cbc5d51{NEED_UNWRAP,eio=-1/-1,di=-1,fill=INTERESTED,flush=IDLE}~>DecryptedEndPoint@6b84981e{l=/127.0.0.1:33437,r=/127.0.0.1:57226,OPEN,fill=FI,flush=-,to=0/30000}=>HttpConnection@20d87e86[p=HttpParser{s=START,0 of -1},g=HttpGenerator@63b774b0{s=START}]=>HttpChannelOverHttp@4bcbd108{s=HttpChannelState@6c6eb8bc{s=IDLE rs=BLOCKING os=OPEN is=IDLE awp=false se=false i=true al=0},r=0,c=false/false,a=IDLE,uri=null,age=0}
04:29:54.245 [qtp399373008-61] DEBUG org.eclipse.jetty.io.FillInterest - interested FillInterest@4076cc8d{SSLC.NBReadCB@2cbc5d51{SslConnection@2cbc5d51::SocketChannelEndPoint@722ea87f{l=/127.0.0.1:33437,r=/127.0.0.1:57226,OPEN,fill=FI,flush=-,to=0/30000}{io=0/0,kio=0,kro=1}->SslConnection@2cbc5d51{NEED_UNWRAP,eio=-1/-1,di=-1,fill=INTERESTED,flush=IDLE}~>DecryptedEndPoint@6b84981e{l=/127.0.0.1:33437,r=/127.0.0.1:57226,OPEN,fill=FI,flush=-,to=0/30000}=>HttpConnection@20d87e86[p=HttpParser{s=START,0 of -1},g=HttpGenerator@63b774b0{s=START}]=>HttpChannelOverHttp@4bcbd108{s=HttpChannelState@6c6eb8bc{s=IDLE rs=BLOCKING os=OPEN is=IDLE awp=false se=false i=true al=0},r=0,c=false/false,a=IDLE,uri=null,age=0}}}
04:29:54.245 [qtp399373008-61] DEBUG org.eclipse.jetty.io.ChannelEndPoint - changeInterests p=false 0->1 for SocketChannelEndPoint@722ea87f{l=/127.0.0.1:33437,r=/127.0.0.1:57226,OPEN,fill=FI,flush=-,to=0/30000}{io=0/1,kio=0,kro=1}->SslConnection@2cbc5d51{NEED_UNWRAP,eio=-1/-1,di=-1,fill=INTERESTED,flush=IDLE}~>DecryptedEndPoint@6b84981e{l=/127.0.0.1:33437,r=/127.0.0.1:57226,OPEN,fill=FI,flush=-,to=0/30000}=>HttpConnection@20d87e86[p=HttpParser{s=START,0 of -1},g=HttpGenerator@63b774b0{s=START}]=>HttpChannelOverHttp@4bcbd108{s=HttpChannelState@6c6eb8bc{s=IDLE rs=BLOCKING os=OPEN is=IDLE awp=false se=false i=true al=0},r=0,c=false/false,a=IDLE,uri=null,age=0}
04:29:54.245 [qtp399373008-61] DEBUG org.eclipse.jetty.io.ManagedSelector - Queued change lazy=false org.eclipse.jetty.io.ChannelEndPoint$$Lambda$255/1126011505@eee5707 on ManagedSelector@47a86fbb{STARTED} id=2 keys=2 selected=0 updates=0
04:29:54.245 [qtp399373008-61] DEBUG org.eclipse.jetty.io.ManagedSelector - Wakeup on submit ManagedSelector@47a86fbb{STARTED} id=2 keys=2 selected=0 updates=1
04:29:54.245 [qtp399373008-61] DEBUG org.eclipse.jetty.server.HttpConnection - HttpConnection@20d87e86::DecryptedEndPoint@6b84981e{l=/127.0.0.1:33437,r=/127.0.0.1:57226,OPEN,fill=FI,flush=-,to=0/30000} onFillable exit HttpChannelState@6c6eb8bc{s=IDLE rs=BLOCKING os=OPEN is=IDLE awp=false se=false i=true al=0} null
04:29:54.245 [qtp399373008-61] DEBUG org.eclipse.jetty.io.ssl.SslConnection - <c.onFillable SslConnection@2cbc5d51::SocketChannelEndPoint@722ea87f{l=/127.0.0.1:33437,r=/127.0.0.1:57226,OPEN,fill=FI,flush=-,to=0/30000}{io=0/1,kio=0,kro=1}->SslConnection@2cbc5d51{NEED_UNWRAP,eio=-1/-1,di=-1,fill=INTERESTED,flush=IDLE}~>DecryptedEndPoint@6b84981e{l=/127.0.0.1:33437,r=/127.0.0.1:57226,OPEN,fill=FI,flush=-,to=0/30000}=>HttpConnection@20d87e86[p=HttpParser{s=START,0 of -1},g=HttpGenerator@63b774b0{s=START}]=>HttpChannelOverHttp@4bcbd108{s=HttpChannelState@6c6eb8bc{s=IDLE rs=BLOCKING os=OPEN is=IDLE awp=false se=false i=true al=0},r=0,c=false/false,a=IDLE,uri=null,age=0}
04:29:54.245 [qtp399373008-61] DEBUG org.eclipse.jetty.util.thread.ReservedThreadExecutor - ReservedThread@77cb92b5{RUNNING,thread=Thread[qtp399373008-61,5,main]} was=RUNNING next=RESERVED size=0+2 capacity=8
04:29:54.245 [qtp399373008-61] DEBUG org.eclipse.jetty.util.thread.ReservedThreadExecutor - ReservedThread@77cb92b5{RESERVED,thread=Thread[qtp399373008-61,5,main]} waiting ReservedThreadExecutor@424fd310{reserved=2/8,pending=0}
04:29:54.245 [qtp399373008-56] DEBUG org.eclipse.jetty.io.ManagedSelector - Selector sun.nio.ch.EPollSelectorImpl@79e51817 woken with none selected
04:29:54.245 [qtp399373008-56] DEBUG org.eclipse.jetty.io.ManagedSelector - Selector sun.nio.ch.EPollSelectorImpl@79e51817 woken up from select, 0/0/2 selected
04:29:54.245 [qtp399373008-56] DEBUG org.eclipse.jetty.io.ManagedSelector - Selector sun.nio.ch.EPollSelectorImpl@79e51817 processing 0 keys, 1 updates
04:29:54.245 [qtp399373008-56] DEBUG org.eclipse.jetty.io.ManagedSelector - updateable 1
04:29:54.245 [qtp399373008-56] DEBUG org.eclipse.jetty.io.ManagedSelector - update org.eclipse.jetty.io.ChannelEndPoint$$Lambda$255/1126011505@eee5707
04:29:54.245 [qtp399373008-56] DEBUG org.eclipse.jetty.io.ChannelEndPoint - Key interests updated 0 -> 1 on SocketChannelEndPoint@722ea87f{l=/127.0.0.1:33437,r=/127.0.0.1:57226,OPEN,fill=FI,flush=-,to=0/30000}{io=1/1,kio=1,kro=1}->SslConnection@2cbc5d51{NEED_UNWRAP,eio=-1/-1,di=-1,fill=INTERESTED,flush=IDLE}~>DecryptedEndPoint@6b84981e{l=/127.0.0.1:33437,r=/127.0.0.1:57226,OPEN,fill=FI,flush=-,to=0/30000}=>HttpConnection@20d87e86[p=HttpParser{s=START,0 of -1},g=HttpGenerator@63b774b0{s=START}]=>HttpChannelOverHttp@4bcbd108{s=HttpChannelState@6c6eb8bc{s=IDLE rs=BLOCKING os=OPEN is=IDLE awp=false se=false i=true al=0},r=0,c=false/false,a=IDLE,uri=null,age=0}
04:29:54.245 [qtp399373008-56] DEBUG org.eclipse.jetty.io.ManagedSelector - updates 0
04:29:54.245 [qtp399373008-56] DEBUG org.eclipse.jetty.io.ManagedSelector - Selector sun.nio.ch.EPollSelectorImpl@79e51817 waiting with 2 keys
04:29:54.285 [qtp399373008-56] DEBUG org.eclipse.jetty.io.ManagedSelector - Selector sun.nio.ch.EPollSelectorImpl@79e51817 woken up from select, 1/1/2 selected
04:29:54.285 [qtp399373008-56] DEBUG org.eclipse.jetty.io.ManagedSelector - Selector sun.nio.ch.EPollSelectorImpl@79e51817 processing 1 keys, 0 updates
04:29:54.285 [qtp399373008-56] DEBUG org.eclipse.jetty.io.ManagedSelector - selected 1 sun.nio.ch.SelectionKeyImpl@672d065b SocketChannelEndPoint@722ea87f{l=/127.0.0.1:33437,r=/127.0.0.1:57226,OPEN,fill=FI,flush=-,to=40/30000}{io=1/1,kio=1,kro=1}->SslConnection@2cbc5d51{NEED_UNWRAP,eio=-1/-1,di=-1,fill=INTERESTED,flush=IDLE}~>DecryptedEndPoint@6b84981e{l=/127.0.0.1:33437,r=/127.0.0.1:57226,OPEN,fill=FI,flush=-,to=40/30000}=>HttpConnection@20d87e86[p=HttpParser{s=START,0 of -1},g=HttpGenerator@63b774b0{s=START}]=>HttpChannelOverHttp@4bcbd108{s=HttpChannelState@6c6eb8bc{s=IDLE rs=BLOCKING os=OPEN is=IDLE awp=false se=false i=true al=0},r=0,c=false/false,a=IDLE,uri=null,age=0} 
04:29:54.285 [qtp399373008-56] DEBUG org.eclipse.jetty.io.ChannelEndPoint - onSelected 1->0 r=true w=false for SocketChannelEndPoint@722ea87f{l=/127.0.0.1:33437,r=/127.0.0.1:57226,OPEN,fill=FI,flush=-,to=40/30000}{io=1/0,kio=1,kro=1}->SslConnection@2cbc5d51{NEED_UNWRAP,eio=-1/-1,di=-1,fill=INTERESTED,flush=IDLE}~>DecryptedEndPoint@6b84981e{l=/127.0.0.1:33437,r=/127.0.0.1:57226,OPEN,fill=FI,flush=-,to=40/30000}=>HttpConnection@20d87e86[p=HttpParser{s=START,0 of -1},g=HttpGenerator@63b774b0{s=START}]=>HttpChannelOverHttp@4bcbd108{s=HttpChannelState@6c6eb8bc{s=IDLE rs=BLOCKING os=OPEN is=IDLE awp=false se=false i=true al=0},r=0,c=false/false,a=IDLE,uri=null,age=0}
04:29:54.285 [qtp399373008-56] DEBUG org.eclipse.jetty.io.ChannelEndPoint - task CEP:SocketChannelEndPoint@722ea87f{l=/127.0.0.1:33437,r=/127.0.0.1:57226,OPEN,fill=FI,flush=-,to=40/30000}{io=1/0,kio=1,kro=1}->SslConnection@2cbc5d51{NEED_UNWRAP,eio=-1/-1,di=-1,fill=INTERESTED,flush=IDLE}~>DecryptedEndPoint@6b84981e{l=/127.0.0.1:33437,r=/127.0.0.1:57226,OPEN,fill=FI,flush=-,to=40/30000}=>HttpConnection@20d87e86[p=HttpParser{s=START,0 of -1},g=HttpGenerator@63b774b0{s=START}]=>HttpChannelOverHttp@4bcbd108{s=HttpChannelState@6c6eb8bc{s=IDLE rs=BLOCKING os=OPEN is=IDLE awp=false se=false i=true al=0},r=0,c=false/false,a=IDLE,uri=null,age=0}:runFillable:BLOCKING
04:29:54.285 [qtp399373008-56] DEBUG org.eclipse.jetty.util.thread.ReservedThreadExecutor - ReservedThreadExecutor@424fd310{reserved=2/8,pending=0} tryExecute EatWhatYouKill@1c3146bc/SelectorProducer@56c698e3/PRODUCING/p=false/QueuedThreadPool[qtp399373008]@17cdf2d0{STARTED,8<=8<=200,i=1,r=-1,q=0}[ReservedThreadExecutor@424fd310{reserved=2/8,pending=0}][pc=0,pic=0,pec=0,epc=5]@2024-05-02T04:29:54.285+01:00
04:29:54.286 [qtp399373008-61] DEBUG org.eclipse.jetty.util.thread.ReservedThreadExecutor - ReservedThread@77cb92b5{RESERVED,thread=Thread[qtp399373008-61,5,main]} task=EatWhatYouKill@1c3146bc/SelectorProducer@56c698e3/IDLE/p=true/QueuedThreadPool[qtp399373008]@17cdf2d0{STARTED,8<=8<=200,i=1,r=-1,q=0}[ReservedThreadExecutor@424fd310{reserved=1/8,pending=0}][pc=0,pic=0,pec=0,epc=5]@2024-05-02T04:29:54.285+01:00 ReservedThreadExecutor@424fd310{reserved=1/8,pending=0}
04:29:54.286 [qtp399373008-56] DEBUG org.eclipse.jetty.util.thread.strategy.EatWhatYouKill - EatWhatYouKill@1c3146bc/SelectorProducer@56c698e3/IDLE/p=true/QueuedThreadPool[qtp399373008]@17cdf2d0{STARTED,8<=8<=200,i=1,r=-1,q=0}[ReservedThreadExecutor@424fd310{reserved=1/8,pending=0}][pc=0,pic=0,pec=0,epc=5]@2024-05-02T04:29:54.285+01:00 m=EXECUTE_PRODUCE_CONSUME t=CEP:SocketChannelEndPoint@722ea87f{l=/127.0.0.1:33437,r=/127.0.0.1:57226,OPEN,fill=FI,flush=-,to=40/30000}{io=1/0,kio=1,kro=1}->SslConnection@2cbc5d51{NEED_UNWRAP,eio=-1/-1,di=-1,fill=INTERESTED,flush=IDLE}~>DecryptedEndPoint@6b84981e{l=/127.0.0.1:33437,r=/127.0.0.1:57226,OPEN,fill=FI,flush=-,to=41/30000}=>HttpConnection@20d87e86[p=HttpParser{s=START,0 of -1},g=HttpGenerator@63b774b0{s=START}]=>HttpChannelOverHttp@4bcbd108{s=HttpChannelState@6c6eb8bc{s=IDLE rs=BLOCKING os=OPEN is=IDLE awp=false se=false i=true al=0},r=0,c=false/false,a=IDLE,uri=null,age=0}:runFillable:BLOCKING/BLOCKING
04:29:54.286 [qtp399373008-61] DEBUG org.eclipse.jetty.util.thread.strategy.EatWhatYouKill - EatWhatYouKill@1c3146bc/SelectorProducer@56c698e3/IDLE/p=true/QueuedThreadPool[qtp399373008]@17cdf2d0{STARTED,8<=8<=200,i=1,r=-1,q=0}[ReservedThreadExecutor@424fd310{reserved=1/8,pending=0}][pc=0,pic=0,pec=0,epc=5]@2024-05-02T04:29:54.286+01:00 tryProduce true
04:29:54.286 [qtp399373008-61] DEBUG org.eclipse.jetty.io.ManagedSelector - updateable 0
04:29:54.286 [qtp399373008-61] DEBUG org.eclipse.jetty.io.ManagedSelector - updates 0
04:29:54.286 [qtp399373008-56] DEBUG org.eclipse.jetty.io.FillInterest - fillable FillInterest@4076cc8d{SSLC.NBReadCB@2cbc5d51{SslConnection@2cbc5d51::SocketChannelEndPoint@722ea87f{l=/127.0.0.1:33437,r=/127.0.0.1:57226,OPEN,fill=FI,flush=-,to=41/30000}{io=1/0,kio=1,kro=1}->SslConnection@2cbc5d51{NEED_UNWRAP,eio=-1/-1,di=-1,fill=INTERESTED,flush=IDLE}~>DecryptedEndPoint@6b84981e{l=/127.0.0.1:33437,r=/127.0.0.1:57226,OPEN,fill=FI,flush=-,to=41/30000}=>HttpConnection@20d87e86[p=HttpParser{s=START,0 of -1},g=HttpGenerator@63b774b0{s=START}]=>HttpChannelOverHttp@4bcbd108{s=HttpChannelState@6c6eb8bc{s=IDLE rs=BLOCKING os=OPEN is=IDLE awp=false se=false i=true al=0},r=0,c=false/false,a=IDLE,uri=null,age=0}}}
04:29:54.286 [qtp399373008-61] DEBUG org.eclipse.jetty.io.ChannelEndPoint - Key interests updated 1 -> 0 on SocketChannelEndPoint@722ea87f{l=/127.0.0.1:33437,r=/127.0.0.1:57226,OPEN,fill=FI,flush=-,to=41/30000}{io=0/0,kio=0,kro=1}->SslConnection@2cbc5d51{NEED_UNWRAP,eio=-1/-1,di=-1,fill=INTERESTED,flush=IDLE}~>DecryptedEndPoint@6b84981e{l=/127.0.0.1:33437,r=/127.0.0.1:57226,OPEN,fill=FI,flush=-,to=41/30000}=>HttpConnection@20d87e86[p=HttpParser{s=START,0 of -1},g=HttpGenerator@63b774b0{s=START}]=>HttpChannelOverHttp@4bcbd108{s=HttpChannelState@6c6eb8bc{s=IDLE rs=BLOCKING os=OPEN is=IDLE awp=false se=false i=true al=0},r=0,c=false/false,a=IDLE,uri=null,age=0}
04:29:54.286 [qtp399373008-61] DEBUG org.eclipse.jetty.io.ManagedSelector - Selector sun.nio.ch.EPollSelectorImpl@79e51817 waiting with 2 keys
04:29:54.286 [qtp399373008-56] DEBUG org.eclipse.jetty.io.ssl.SslConnection - >c.onFillable SslConnection@2cbc5d51::SocketChannelEndPoint@722ea87f{l=/127.0.0.1:33437,r=/127.0.0.1:57226,OPEN,fill=-,flush=-,to=41/30000}{io=0/0,kio=0,kro=1}->SslConnection@2cbc5d51{NEED_UNWRAP,eio=-1/-1,di=-1,fill=INTERESTED,flush=IDLE}~>DecryptedEndPoint@6b84981e{l=/127.0.0.1:33437,r=/127.0.0.1:57226,OPEN,fill=FI,flush=-,to=41/30000}=>HttpConnection@20d87e86[p=HttpParser{s=START,0 of -1},g=HttpGenerator@63b774b0{s=START}]=>HttpChannelOverHttp@4bcbd108{s=HttpChannelState@6c6eb8bc{s=IDLE rs=BLOCKING os=OPEN is=IDLE awp=false se=false i=true al=0},r=0,c=false/false,a=IDLE,uri=null,age=0}
04:29:54.286 [qtp399373008-56] DEBUG org.eclipse.jetty.io.ssl.SslConnection - onFillable SslConnection@2cbc5d51::SocketChannelEndPoint@722ea87f{l=/127.0.0.1:33437,r=/127.0.0.1:57226,OPEN,fill=-,flush=-,to=41/30000}{io=0/0,kio=0,kro=1}->SslConnection@2cbc5d51{NEED_UNWRAP,eio=-1/-1,di=-1,fill=INTERESTED,flush=IDLE}~>DecryptedEndPoint@6b84981e{l=/127.0.0.1:33437,r=/127.0.0.1:57226,OPEN,fill=FI,flush=-,to=41/30000}=>HttpConnection@20d87e86[p=HttpParser{s=START,0 of -1},g=HttpGenerator@63b774b0{s=START}]=>HttpChannelOverHttp@4bcbd108{s=HttpChannelState@6c6eb8bc{s=IDLE rs=BLOCKING os=OPEN is=IDLE awp=false se=false i=true al=0},r=0,c=false/false,a=IDLE,uri=null,age=0}
04:29:54.286 [qtp399373008-56] DEBUG org.eclipse.jetty.io.FillInterest - fillable FillInterest@f81a0e{AC.ReadCB@20d87e86{HttpConnection@20d87e86::DecryptedEndPoint@6b84981e{l=/127.0.0.1:33437,r=/127.0.0.1:57226,OPEN,fill=FI,flush=-,to=41/30000}}}
04:29:54.286 [qtp399373008-56] DEBUG org.eclipse.jetty.server.HttpConnection - HttpConnection@20d87e86::DecryptedEndPoint@6b84981e{l=/127.0.0.1:33437,r=/127.0.0.1:57226,OPEN,fill=-,flush=-,to=41/30000} onFillable enter HttpChannelState@6c6eb8bc{s=IDLE rs=BLOCKING os=OPEN is=IDLE awp=false se=false i=true al=0} null
04:29:54.286 [qtp399373008-56] DEBUG org.eclipse.jetty.io.ssl.SslConnection - >fill SslConnection@2cbc5d51::SocketChannelEndPoint@722ea87f{l=/127.0.0.1:33437,r=/127.0.0.1:57226,OPEN,fill=-,flush=-,to=41/30000}{io=0/0,kio=0,kro=1}->SslConnection@2cbc5d51{NEED_UNWRAP,eio=-1/-1,di=-1,fill=IDLE,flush=IDLE}~>DecryptedEndPoint@6b84981e{l=/127.0.0.1:33437,r=/127.0.0.1:57226,OPEN,fill=-,flush=-,to=41/30000}=>HttpConnection@20d87e86[p=HttpParser{s=START,0 of -1},g=HttpGenerator@63b774b0{s=START}]=>HttpChannelOverHttp@4bcbd108{s=HttpChannelState@6c6eb8bc{s=IDLE rs=BLOCKING os=OPEN is=IDLE awp=false se=false i=true al=0},r=0,c=false/false,a=IDLE,uri=null,age=0}
04:29:54.286 [qtp399373008-56] DEBUG org.eclipse.jetty.io.ssl.SslConnection - fill NEED_UNWRAP
04:29:54.286 [qtp399373008-56] DEBUG org.eclipse.jetty.io.ChannelEndPoint - filled 1491 HeapByteBuffer@6a5710bf[p=0,l=1491,c=17408,r=1491]={<<<\x17\x03\x03\x03\xAd\x8c\xCe#\xD3\x0f\x85>\x14\x9c\x85\x8a\x8f\x14\xA8\xCf\xA1\xD7\x13&"...\x9f!8\xC1\xEb\xD17\x01\xB8\xC6/\xD2\xC1\xE7\x12\x0617\xDd\x8fi\x94\xCd>>>j\x80\xB0\\\x01c\xD2\x9dp...\x00\x00\x00\x00\x00\x00\x00}
04:29:54.286 [qtp399373008-56] DEBUG org.eclipse.jetty.io.ssl.SslConnection - net filled=1491
04:29:54.286 [qtp399373008-56] DEBUG org.eclipse.jetty.io.ssl.SslConnection - unwrap net_filled=1491 Status = OK HandshakeStatus = NEED_TASK bytesConsumed = 946 bytesProduced = 0 encryptedBuffer=[p=946,l=1491,c=17408,r=545] unwrapBuffer=HeapByteBuffer@6e6899aa[p=0,l=0,c=17408,r=0]={<<<>>>\x14\x03\x03\x00\x01\x01\xD1\xA86...\x00\x00\x00\x00\x00\x00\x00} appBuffer=HeapByteBuffer@6e6899aa[p=0,l=0,c=17408,r=0]={<<<>>>\x14\x03\x03\x00\x01\x01\xD1\xA86...\x00\x00\x00\x00\x00\x00\x00}
04:29:54.287 [qtp399373008-56] DEBUG org.eclipse.jetty.io.ssl.SslConnection - fill NEED_TASK
04:29:54.287 [qtp399373008-56] DEBUG org.eclipse.jetty.io.ssl.SslConnection - fill NEED_UNWRAP
04:29:54.287 [qtp399373008-56] DEBUG org.eclipse.jetty.io.ChannelEndPoint - filled 0 HeapByteBuffer@6a5710bf[p=946,l=1491,c=17408,r=545]={\x17\x03\x03\x03\xAd\x0b\x00\x03\x88...\x8bw\xD3\xE5\x14\xE8\xF0<<<\x17\x03\x03\x01)\xD7\x0cE\xB0\xA5N\x8f\xD1h\xCf\xA7\xFe\xDd\xBc\x86\x06\xFcDR~...\x9f!8\xC1\xEb\xD17\x01\xB8\xC6/\xD2\xC1\xE7\x12\x0617\xDd\x8fi\x94\xCd>>>j\x80\xB0\\\x01c\xD2\x9dp...\x00\x00\x00\x00\x00\x00\x00}
04:29:54.287 [qtp399373008-56] DEBUG org.eclipse.jetty.io.ssl.SslConnection - net filled=0
04:29:54.287 [qtp399373008-56] DEBUG org.eclipse.jetty.io.ssl.SslConnection - unwrap net_filled=0 Status = OK HandshakeStatus = NEED_TASK bytesConsumed = 302 bytesProduced = 0 encryptedBuffer=[p=1248,l=1491,c=17408,r=243] unwrapBuffer=HeapByteBuffer@6e6899aa[p=0,l=0,c=17408,r=0]={<<<>>>\x14\x03\x03\x00\x01\x01\xD1\xA86...\x00\x00\x00\x00\x00\x00\x00} appBuffer=HeapByteBuffer@6e6899aa[p=0,l=0,c=17408,r=0]={<<<>>>\x14\x03\x03\x00\x01\x01\xD1\xA86...\x00\x00\x00\x00\x00\x00\x00}
04:29:54.287 [qtp399373008-56] DEBUG org.eclipse.jetty.io.ssl.SslConnection - fill NEED_TASK
04:29:54.287 [qtp399373008-56] DEBUG org.eclipse.jetty.io.ssl.SslConnection - fill NEED_UNWRAP
04:29:54.287 [qtp399373008-56] DEBUG org.eclipse.jetty.io.ChannelEndPoint - filled 0 HeapByteBuffer@6a5710bf[p=1248,l=1491,c=17408,r=243]={\x17\x03\x03\x03\xAd\x0b\x00\x03\x88...\x81^H\xAe.q\xF1<<<\x17\x03\x03\x00U\x8c/#\x85P\xB2\xF0\xFf5\xB3:\x99\xFd>1_a\xFc\xA6\x05...\x9f!8\xC1\xEb\xD17\x01\xB8\xC6/\xD2\xC1\xE7\x12\x0617\xDd\x8fi\x94\xCd>>>j\x80\xB0\\\x01c\xD2\x9dp...\x00\x00\x00\x00\x00\x00\x00}
04:29:54.287 [qtp399373008-56] DEBUG org.eclipse.jetty.io.ssl.SslConnection - net filled=0
04:29:54.288 [qtp399373008-56] DEBUG org.eclipse.jetty.io.ssl.SslConnection - unwrap net_filled=0 Status = OK HandshakeStatus = NEED_WRAP bytesConsumed = 90 bytesProduced = 0 encryptedBuffer=[p=1338,l=1491,c=17408,r=153] unwrapBuffer=HeapByteBuffer@6e6899aa[p=0,l=0,c=17408,r=0]={<<<>>>\x14\x03\x03\x00\x01\x01\xD1\xA86...\x00\x00\x00\x00\x00\x00\x00} appBuffer=HeapByteBuffer@6e6899aa[p=0,l=0,c=17408,r=0]={<<<>>>\x14\x03\x03\x00\x01\x01\xD1\xA86...\x00\x00\x00\x00\x00\x00\x00}
04:29:54.288 [qtp399373008-56] DEBUG org.eclipse.jetty.io.ssl.SslConnection - fill NEED_WRAP
04:29:54.288 [qtp399373008-56] DEBUG org.eclipse.jetty.io.ssl.SslConnection - >flush SslConnection@2cbc5d51::SocketChannelEndPoint@722ea87f{l=/127.0.0.1:33437,r=/127.0.0.1:57226,OPEN,fill=-,flush=-,to=1/30000}{io=0/0,kio=0,kro=1}->SslConnection@2cbc5d51{NEED_WRAP,eio=153/-1,di=-1,fill=IDLE,flush=IDLE}~>DecryptedEndPoint@6b84981e{l=/127.0.0.1:33437,r=/127.0.0.1:57226,OPEN,fill=-,flush=-,to=43/30000}=>HttpConnection@20d87e86[p=HttpParser{s=START,0 of -1},g=HttpGenerator@63b774b0{s=START}]=>HttpChannelOverHttp@4bcbd108{s=HttpChannelState@6c6eb8bc{s=IDLE rs=BLOCKING os=OPEN is=IDLE awp=false se=false i=true al=0},r=0,c=false/false,a=IDLE,uri=null,age=0}
04:29:54.288 [qtp399373008-56] DEBUG org.eclipse.jetty.io.ssl.SslConnection - flush b[0]=HeapByteBuffer@29624c55[p=0,l=0,c=0,r=0]={<<<>>>}
04:29:54.288 [qtp399373008-56] DEBUG org.eclipse.jetty.io.ssl.SslConnection - flush NEED_WRAP
04:29:54.288 [qtp399373008-56] DEBUG org.eclipse.jetty.io.ssl.SslConnection - wrap Status = OK HandshakeStatus = FINISHED bytesConsumed = 0 bytesProduced = 88 [p=0,l=88,c=17408,r=88] ioDone=false/false
04:29:54.288 [qtp399373008-56] DEBUG org.eclipse.jetty.io.ChannelEndPoint - flushed 88 SocketChannelEndPoint@722ea87f{l=/127.0.0.1:33437,r=/127.0.0.1:57226,OPEN,fill=-,flush=-,to=1/30000}{io=0/0,kio=0,kro=1}->SslConnection@2cbc5d51{NOT_HANDSHAKING,eio=153/0,di=-1,fill=IDLE,flush=IDLE}~>DecryptedEndPoint@6b84981e{l=/127.0.0.1:33437,r=/127.0.0.1:57226,OPEN,fill=-,flush=-,to=43/30000}=>HttpConnection@20d87e86[p=HttpParser{s=START,0 of -1},g=HttpGenerator@63b774b0{s=START}]=>HttpChannelOverHttp@4bcbd108{s=HttpChannelState@6c6eb8bc{s=IDLE rs=BLOCKING os=OPEN is=IDLE awp=false se=false i=true al=0},r=0,c=false/false,a=IDLE,uri=null,age=0}
04:29:54.288 [qtp399373008-56] DEBUG org.eclipse.jetty.io.ssl.SslConnection - net flushed=true, ac=true
04:29:54.288 [qtp399373008-56] DEBUG org.eclipse.jetty.io.ssl.SslConnection - handshake succeeded SslConnection@2cbc5d51::SocketChannelEndPoint@722ea87f{l=/127.0.0.1:33437,r=/127.0.0.1:57226,OPEN,fill=-,flush=-,to=0/30000}{io=0/0,kio=0,kro=1}->SslConnection@2cbc5d51{NOT_HANDSHAKING,eio=153/0,di=-1,fill=IDLE,flush=IDLE}~>DecryptedEndPoint@6b84981e{l=/127.0.0.1:33437,r=/127.0.0.1:57226,OPEN,fill=-,flush=-,to=43/30000}=>HttpConnection@20d87e86[p=HttpParser{s=START,0 of -1},g=HttpGenerator@63b774b0{s=START}]=>HttpChannelOverHttp@4bcbd108{s=HttpChannelState@6c6eb8bc{s=IDLE rs=BLOCKING os=OPEN is=IDLE awp=false se=false i=true al=0},r=0,c=false/false,a=IDLE,uri=null,age=0} resumed server TLSv1.3/TLS_AES_256_GCM_SHA384
04:29:54.288 [qtp399373008-56] DEBUG org.eclipse.jetty.io.ssl.SslConnection - <flush true SslConnection@2cbc5d51::SocketChannelEndPoint@722ea87f{l=/127.0.0.1:33437,r=/127.0.0.1:57226,OPEN,fill=-,flush=-,to=0/30000}{io=0/0,kio=0,kro=1}->SslConnection@2cbc5d51{NOT_HANDSHAKING,eio=153/-1,di=-1,fill=IDLE,flush=IDLE}~>DecryptedEndPoint@6b84981e{l=/127.0.0.1:33437,r=/127.0.0.1:57226,OPEN,fill=-,flush=-,to=43/30000}=>HttpConnection@20d87e86[p=HttpParser{s=START,0 of -1},g=HttpGenerator@63b774b0{s=START}]=>HttpChannelOverHttp@4bcbd108{s=HttpChannelState@6c6eb8bc{s=IDLE rs=BLOCKING os=OPEN is=IDLE awp=false se=false i=true al=0},r=0,c=false/false,a=IDLE,uri=null,age=0}
04:29:54.288 [qtp399373008-56] DEBUG org.eclipse.jetty.io.ssl.SslConnection - fill NOT_HANDSHAKING
04:29:54.288 [qtp399373008-56] DEBUG org.eclipse.jetty.io.ChannelEndPoint - filled 0 HeapByteBuffer@6a5710bf[p=1338,l=1491,c=17408,r=153]={\x17\x03\x03\x03\xAd\x0b\x00\x03\x88...\xCd\xF53\xBc,;\x89<<<\x17\x03\x03\x00\x94\xD3<\x0b>\xB6\x90\xDd7\x88\x1a6H\x15\n0tR\x1f\xA4|...\x9f!8\xC1\xEb\xD17\x01\xB8\xC6/\xD2\xC1\xE7\x12\x0617\xDd\x8fi\x94\xCd>>>j\x80\xB0\\\x01c\xD2\x9dp...\x00\x00\x00\x00\x00\x00\x00}
04:29:54.288 [qtp399373008-56] DEBUG org.eclipse.jetty.io.ssl.SslConnection - net filled=0
04:29:54.289 [qtp399373008-56] DEBUG org.eclipse.jetty.io.ssl.SslConnection - unwrap net_filled=0 Status = OK HandshakeStatus = NOT_HANDSHAKING bytesConsumed = 153 bytesProduced = 115 encryptedBuffer=[p=1491,l=1491,c=17408,r=0] unwrapBuffer=HeapByteBuffer@6e6899aa[p=0,l=115,c=17408,r=115]={<<<GET / HTTP/1.1\r\nHost: loc...gent: okhttp/3.12.3\r\n\r\n>>>\xC8\xCe\x02\x1e\xC9'\xE3l;...\x00\x00\x00\x00\x00\x00\x00} appBuffer=HeapByteBuffer@6e6899aa[p=0,l=115,c=17408,r=115]={<<<GET / HTTP/1.1\r\nHost: loc...gent: okhttp/3.12.3\r\n\r\n>>>\xC8\xCe\x02\x1e\xC9'\xE3l;...\x00\x00\x00\x00\x00\x00\x00}
04:29:54.289 [qtp399373008-56] DEBUG org.eclipse.jetty.io.ssl.SslConnection - <fill f=115 uf=false SslConnection@2cbc5d51::SocketChannelEndPoint@722ea87f{l=/127.0.0.1:33437,r=/127.0.0.1:57226,OPEN,fill=-,flush=-,to=0/30000}{io=0/0,kio=0,kro=1}->SslConnection@2cbc5d51{NOT_HANDSHAKING,eio=-1/-1,di=-1,fill=IDLE,flush=IDLE}~>DecryptedEndPoint@6b84981e{l=/127.0.0.1:33437,r=/127.0.0.1:57226,OPEN,fill=-,flush=-,to=44/30000}=>HttpConnection@20d87e86[p=HttpParser{s=START,0 of -1},g=HttpGenerator@63b774b0{s=START}]=>HttpChannelOverHttp@4bcbd108{s=HttpChannelState@6c6eb8bc{s=IDLE rs=BLOCKING os=OPEN is=IDLE awp=false se=false i=true al=0},r=0,c=false/false,a=IDLE,uri=null,age=0}
04:29:54.289 [qtp399373008-56] DEBUG org.eclipse.jetty.server.HttpConnection - HttpConnection@20d87e86::DecryptedEndPoint@6b84981e{l=/127.0.0.1:33437,r=/127.0.0.1:57226,OPEN,fill=-,flush=-,to=44/30000} filled 115 HeapByteBuffer@6e6899aa[p=0,l=115,c=17408,r=115]={<<<GET / HTTP/1.1\r\nHost: loc...gent: okhttp/3.12.3\r\n\r\n>>>\xC8\xCe\x02\x1e\xC9'\xE3l;...\x00\x00\x00\x00\x00\x00\x00}
04:29:54.289 [qtp399373008-56] DEBUG org.eclipse.jetty.server.HttpConnection - HttpConnection@20d87e86::DecryptedEndPoint@6b84981e{l=/127.0.0.1:33437,r=/127.0.0.1:57226,OPEN,fill=-,flush=-,to=44/30000} parse HeapByteBuffer@6e6899aa[p=0,l=115,c=17408,r=115]={<<<GET / HTTP/1.1\r\nHost: loc...gent: okhttp/3.12.3\r\n\r\n>>>\xC8\xCe\x02\x1e\xC9'\xE3l;...\x00\x00\x00\x00\x00\x00\x00} {}
04:29:54.289 [qtp399373008-56] DEBUG org.eclipse.jetty.http.HttpParser - parseNext s=START HeapByteBuffer@6e6899aa[p=0,l=115,c=17408,r=115]={<<<GET / HTTP/1.1\r\nHost: loc...gent: okhttp/3.12.3\r\n\r\n>>>\xC8\xCe\x02\x1e\xC9'\xE3l;...\x00\x00\x00\x00\x00\x00\x00}
04:29:54.289 [qtp399373008-56] DEBUG org.eclipse.jetty.http.HttpParser - START --> SPACE1
04:29:54.289 [qtp399373008-56] DEBUG org.eclipse.jetty.http.HttpParser - SPACE1 --> URI
04:29:54.289 [qtp399373008-56] DEBUG org.eclipse.jetty.http.HttpParser - URI --> SPACE2
04:29:54.289 [qtp399373008-56] DEBUG org.eclipse.jetty.http.HttpParser - SPACE2 --> REQUEST_VERSION
04:29:54.289 [qtp399373008-56] DEBUG org.eclipse.jetty.http.HttpParser - REQUEST_VERSION --> HEADER
04:29:54.289 [qtp399373008-56] DEBUG org.eclipse.jetty.http.HttpParser - HEADER:Host --> VALUE
04:29:54.289 [qtp399373008-56] DEBUG org.eclipse.jetty.http.HttpParser - HEADER:Host --> IN_VALUE
04:29:54.289 [qtp399373008-56] DEBUG org.eclipse.jetty.http.HttpParser - HEADER:Host --> FIELD
04:29:54.289 [qtp399373008-56] DEBUG org.eclipse.jetty.http.HttpParser - HEADER:Connection: keep-alive --> IN_VALUE
04:29:54.289 [qtp399373008-56] DEBUG org.eclipse.jetty.http.HttpParser - HEADER:Connection: keep-alive --> FIELD
04:29:54.289 [qtp399373008-56] DEBUG org.eclipse.jetty.http.HttpParser - HEADER:Accept-Encoding: gzip --> IN_VALUE
04:29:54.289 [qtp399373008-56] DEBUG org.eclipse.jetty.http.HttpParser - HEADER:Accept-Encoding: gzip --> FIELD
04:29:54.289 [qtp399373008-56] DEBUG org.eclipse.jetty.http.HttpParser - HEADER:User-Agent --> VALUE
04:29:54.289 [qtp399373008-56] DEBUG org.eclipse.jetty.http.HttpParser - HEADER:User-Agent --> IN_VALUE
04:29:54.289 [qtp399373008-56] DEBUG org.eclipse.jetty.http.HttpParser - HEADER:User-Agent --> FIELD
04:29:54.289 [qtp399373008-56] DEBUG org.eclipse.jetty.http.HttpParser - HEADER --> CONTENT
04:29:54.289 [qtp399373008-56] DEBUG org.eclipse.jetty.server.HttpChannel - REQUEST for //localhost:33437/ on HttpChannelOverHttp@4bcbd108{s=HttpChannelState@6c6eb8bc{s=IDLE rs=BLOCKING os=OPEN is=IDLE awp=false se=false i=true al=0},r=1,c=false/false,a=IDLE,uri=//localhost:33437/,age=0}
GET //localhost:33437/ HTTP/1.1
Host: localhost:33437
Connection: keep-alive
Accept-Encoding: gzip
User-Agent: okhttp/3.12.3


04:29:54.289 [qtp399373008-56] DEBUG org.eclipse.jetty.server.HttpConnection - HttpConnection@20d87e86::DecryptedEndPoint@6b84981e{l=/127.0.0.1:33437,r=/127.0.0.1:57226,OPEN,fill=-,flush=-,to=44/30000} parsed true HttpParser{s=CONTENT,0 of -1}
04:29:54.289 [qtp399373008-56] DEBUG org.eclipse.jetty.server.HttpConnection - releaseRequestBuffer HttpConnection@20d87e86::DecryptedEndPoint@6b84981e{l=/127.0.0.1:33437,r=/127.0.0.1:57226,OPEN,fill=-,flush=-,to=44/30000}
04:29:54.289 [qtp399373008-56] DEBUG org.eclipse.jetty.server.HttpChannel - handle //localhost:33437/ HttpChannelOverHttp@4bcbd108{s=HttpChannelState@6c6eb8bc{s=IDLE rs=BLOCKING os=OPEN is=IDLE awp=false se=false i=true al=0},r=1,c=false/false,a=IDLE,uri=//localhost:33437/,age=0} 
04:29:54.289 [qtp399373008-56] DEBUG org.eclipse.jetty.server.HttpChannelState - handling HttpChannelState@6c6eb8bc{s=IDLE rs=BLOCKING os=OPEN is=IDLE awp=false se=false i=true al=0}
04:29:54.289 [qtp399373008-56] DEBUG org.eclipse.jetty.server.HttpChannel - action DISPATCH HttpChannelOverHttp@4bcbd108{s=HttpChannelState@6c6eb8bc{s=HANDLING rs=BLOCKING os=OPEN is=IDLE awp=false se=false i=true al=0},r=1,c=false/false,a=HANDLING,uri=//localhost:33437/,age=0}
04:29:54.289 [qtp399373008-56] DEBUG org.eclipse.jetty.server.SecureRequestCustomizer - Host localhost with SNI null
04:29:54.289 [qtp399373008-56] DEBUG org.eclipse.jetty.server.Server - REQUEST GET / on HttpChannelOverHttp@4bcbd108{s=HttpChannelState@6c6eb8bc{s=HANDLING rs=BLOCKING os=OPEN is=IDLE awp=false se=false i=true al=0},r=1,c=false/false,a=HANDLING,uri=https://localhost:33437/,age=0}
04:29:54.289 [qtp399373008-56] DEBUG org.eclipse.jetty.server.HttpOutput - write(array HeapByteBuffer@4cd913df[p=0,l=4,c=512,r=4]={<<<test>>>\x00\x00\x00\x00\x00\x00\x00\x00\x00...\x00\x00\x00\x00\x00\x00\x00})
04:29:54.289 [qtp399373008-56] DEBUG org.eclipse.jetty.server.HttpOutput - write(array) s=CLOSING,api=BLOCKED,sc=false,e=null last=true agg=false flush=true async=false, len=4 null
04:29:54.289 [qtp399373008-56] DEBUG org.eclipse.jetty.server.HttpChannel - sendResponse info=null content=HeapByteBuffer@172c8b1e[p=0,l=4,c=512,r=4]={<<<test>>>\x00\x00\x00\x00\x00\x00\x00\x00\x00...\x00\x00\x00\x00\x00\x00\x00} complete=true committing=true callback=Blocker@6aadff98{null}
04:29:54.289 [qtp399373008-56] DEBUG org.eclipse.jetty.server.HttpChannel - COMMIT for / on HttpChannelOverHttp@4bcbd108{s=HttpChannelState@6c6eb8bc{s=HANDLING rs=BLOCKING os=COMMITTED is=IDLE awp=false se=false i=true al=0},r=1,c=false/false,a=HANDLING,uri=https://localhost:33437/,age=0}
200 null HTTP/1.1
Date: Thu, 02 May 2024 03:29:54 GMT
ETag: testEtag
Content-Type: text/plain;charset=utf-8
Content-Length: 4


04:29:54.290 [qtp399373008-56] DEBUG org.eclipse.jetty.server.HttpConnection - generate: NEED_HEADER for SendCallback@653d2348[PROCESSING][i=HTTP/1.1{s=200,h=4,cl=4},cb=org.eclipse.jetty.server.HttpChannel$SendCallback@61fe83db] (null,[p=0,l=4,c=512,r=4],true)@START
04:29:54.290 [qtp399373008-56] DEBUG org.eclipse.jetty.http.HttpGenerator - generateHeaders HTTP/1.1{s=200,h=4,cl=4} last=true content=HeapByteBuffer@172c8b1e[p=0,l=4,c=512,r=4]={<<<test>>>\x00\x00\x00\x00\x00\x00\x00\x00\x00...\x00\x00\x00\x00\x00\x00\x00}
04:29:54.290 [qtp399373008-56] DEBUG org.eclipse.jetty.http.HttpGenerator - Date: Thu, 02 May 2024 03:29:54 GMT
ETag: testEtag
Content-Type: text/plain;charset=utf-8
Content-Length: 4


04:29:54.290 [qtp399373008-56] DEBUG org.eclipse.jetty.http.HttpGenerator - CONTENT_LENGTH
04:29:54.290 [qtp399373008-56] DEBUG org.eclipse.jetty.server.HttpConnection - generate: FLUSH for SendCallback@653d2348[PROCESSING][i=HTTP/1.1{s=200,h=4,cl=4},cb=org.eclipse.jetty.server.HttpChannel$SendCallback@61fe83db] ([p=0,l=164,c=8192,r=164],[p=0,l=4,c=512,r=4],true)@COMPLETING
04:29:54.290 [qtp399373008-56] DEBUG org.eclipse.jetty.io.WriteFlusher - write: WriteFlusher@12f99081{IDLE}->null [HeapByteBuffer@4ce71d2b[p=0,l=164,c=8192,r=164]={<<<HTTP/1.1 200 OK\r\nDate: Th...y(9.4.44.v20210927)\r\n\r\n>>>\n\r\n\x00\x00\x00\x00\x00\x00...\x00\x00\x00\x00\x00\x00\x00},HeapByteBuffer@172c8b1e[p=0,l=4,c=512,r=4]={<<<test>>>\x00\x00\x00\x00\x00\x00\x00\x00\x00...\x00\x00\x00\x00\x00\x00\x00}]
04:29:54.290 [qtp399373008-56] DEBUG org.eclipse.jetty.io.WriteFlusher - update WriteFlusher@12f99081{WRITING}->null:IDLE-->WRITING
04:29:54.290 [qtp399373008-56] DEBUG org.eclipse.jetty.io.ssl.SslConnection - >flush SslConnection@2cbc5d51::SocketChannelEndPoint@722ea87f{l=/127.0.0.1:33437,r=/127.0.0.1:57226,OPEN,fill=-,flush=-,to=1/30000}{io=0/0,kio=0,kro=1}->SslConnection@2cbc5d51{NOT_HANDSHAKING,eio=-1/-1,di=-1,fill=IDLE,flush=IDLE}~>DecryptedEndPoint@6b84981e{l=/127.0.0.1:33437,r=/127.0.0.1:57226,OPEN,fill=-,flush=W,to=45/30000}=>HttpConnection@20d87e86[p=HttpParser{s=CONTENT,0 of -1},g=HttpGenerator@63b774b0{s=COMPLETING}]=>HttpChannelOverHttp@4bcbd108{s=HttpChannelState@6c6eb8bc{s=HANDLING rs=BLOCKING os=COMMITTED is=IDLE awp=false se=false i=true al=0},r=1,c=false/false,a=HANDLING,uri=https://localhost:33437/,age=1}
04:29:54.290 [qtp399373008-56] DEBUG org.eclipse.jetty.io.ssl.SslConnection - flush b[0]=HeapByteBuffer@4ce71d2b[p=0,l=164,c=8192,r=164]={<<<HTTP/1.1 200 OK\r\nDate: Th...y(9.4.44.v20210927)\r\n\r\n>>>\n\r\n\x00\x00\x00\x00\x00\x00...\x00\x00\x00\x00\x00\x00\x00}
04:29:54.290 [qtp399373008-56] DEBUG org.eclipse.jetty.io.ssl.SslConnection - flush b[1]=HeapByteBuffer@172c8b1e[p=0,l=4,c=512,r=4]={<<<test>>>\x00\x00\x00\x00\x00\x00\x00\x00\x00...\x00\x00\x00\x00\x00\x00\x00}
04:29:54.290 [qtp399373008-56] DEBUG org.eclipse.jetty.io.ssl.SslConnection - flush NOT_HANDSHAKING
04:29:54.290 [qtp399373008-56] DEBUG org.eclipse.jetty.io.ssl.SslConnection - wrap Status = OK HandshakeStatus = NOT_HANDSHAKING bytesConsumed = 168 bytesProduced = 206 [p=0,l=206,c=17408,r=206] ioDone=false/false
04:29:54.290 [qtp399373008-56] DEBUG org.eclipse.jetty.io.ChannelEndPoint - flushed 206 SocketChannelEndPoint@722ea87f{l=/127.0.0.1:33437,r=/127.0.0.1:57226,OPEN,fill=-,flush=-,to=1/30000}{io=0/0,kio=0,kro=1}->SslConnection@2cbc5d51{NOT_HANDSHAKING,eio=-1/0,di=-1,fill=IDLE,flush=IDLE}~>DecryptedEndPoint@6b84981e{l=/127.0.0.1:33437,r=/127.0.0.1:57226,OPEN,fill=-,flush=W,to=45/30000}=>HttpConnection@20d87e86[p=HttpParser{s=CONTENT,0 of -1},g=HttpGenerator@63b774b0{s=COMPLETING}]=>HttpChannelOverHttp@4bcbd108{s=HttpChannelState@6c6eb8bc{s=HANDLING rs=BLOCKING os=COMMITTED is=IDLE awp=false se=false i=true al=0},r=1,c=false/false,a=HANDLING,uri=https://localhost:33437/,age=1}
04:29:54.290 [qtp399373008-56] DEBUG org.eclipse.jetty.io.ssl.SslConnection - net flushed=true, ac=true
04:29:54.290 [qtp399373008-56] DEBUG org.eclipse.jetty.io.ssl.SslConnection - <flush true SslConnection@2cbc5d51::SocketChannelEndPoint@722ea87f{l=/127.0.0.1:33437,r=/127.0.0.1:57226,OPEN,fill=-,flush=-,to=0/30000}{io=0/0,kio=0,kro=1}->SslConnection@2cbc5d51{NOT_HANDSHAKING,eio=-1/-1,di=-1,fill=IDLE,flush=IDLE}~>DecryptedEndPoint@6b84981e{l=/127.0.0.1:33437,r=/127.0.0.1:57226,OPEN,fill=-,flush=W,to=45/30000}=>HttpConnection@20d87e86[p=HttpParser{s=CONTENT,0 of -1},g=HttpGenerator@63b774b0{s=COMPLETING}]=>HttpChannelOverHttp@4bcbd108{s=HttpChannelState@6c6eb8bc{s=HANDLING rs=BLOCKING os=COMMITTED is=IDLE awp=false se=false i=true al=0},r=1,c=false/false,a=HANDLING,uri=https://localhost:33437/,age=1}
04:29:54.290 [qtp399373008-56] DEBUG org.eclipse.jetty.io.WriteFlusher - Flushed=true written=168 remaining=0 WriteFlusher@12f99081{WRITING}->null
04:29:54.290 [qtp399373008-56] DEBUG org.eclipse.jetty.io.WriteFlusher - update WriteFlusher@12f99081{IDLE}->null:WRITING-->IDLE
04:29:54.290 [qtp399373008-56] DEBUG org.eclipse.jetty.server.HttpConnection - generate: DONE for SendCallback@653d2348[PROCESSING][i=HTTP/1.1{s=200,h=4,cl=4},cb=org.eclipse.jetty.server.HttpChannel$SendCallback@61fe83db] ([p=164,l=164,c=8192,r=0],[p=4,l=4,c=512,r=0],true)@END
04:29:54.290 [main] DEBUG org.apache.nifi.minifi.bootstrap.configuration.ingestors.PullHttpChangeIngestor - Response received: Response{protocol=http/1.1, code=200, message=OK, url=https://localhost:33437/}
04:29:54.290 [qtp399373008-56] DEBUG org.eclipse.jetty.server.HttpOutput - onWriteComplete(true,null) s=CLOSING,api=BLOCKED,sc=false,e=null->s=CLOSED,api=BLOCKING,sc=false,e=null c=null cb=null w=false
04:29:54.290 [qtp399373008-56] DEBUG org.eclipse.jetty.server.HttpOutput - close() s=CLOSED,api=BLOCKING,sc=false,e=null c=null b=null
04:29:54.290 [qtp399373008-56] DEBUG org.eclipse.jetty.server.Server - handled=true async=false committed=true on HttpChannelOverHttp@4bcbd108{s=HttpChannelState@6c6eb8bc{s=HANDLING rs=BLOCKING os=COMPLETED is=IDLE awp=false se=false i=true al=0},r=1,c=false/true,a=HANDLING,uri=https://localhost:33437/,age=1}
04:29:54.290 [qtp399373008-56] DEBUG org.eclipse.jetty.server.HttpChannelState - unhandle HttpChannelState@6c6eb8bc{s=HANDLING rs=BLOCKING os=COMPLETED is=IDLE awp=false se=false i=true al=0}
04:29:54.290 [qtp399373008-56] DEBUG org.eclipse.jetty.server.HttpChannelState - nextAction(false) COMPLETE HttpChannelState@6c6eb8bc{s=HANDLING rs=COMPLETING os=COMPLETED is=IDLE awp=false se=false i=false al=0}
04:29:54.290 [qtp399373008-56] DEBUG org.eclipse.jetty.server.HttpChannel - action COMPLETE HttpChannelOverHttp@4bcbd108{s=HttpChannelState@6c6eb8bc{s=HANDLING rs=COMPLETING os=COMPLETED is=IDLE awp=false se=false i=false al=0},r=1,c=false/true,a=HANDLING,uri=https://localhost:33437/,age=1}
04:29:54.290 [main] DEBUG org.apache.nifi.minifi.bootstrap.configuration.ingestors.PullHttpChangeIngestor - Pulled config same as currently running.
04:29:54.290 [qtp399373008-56] DEBUG org.eclipse.jetty.server.HttpOutput - complete(org.eclipse.jetty.util.Callback$3@172dec79) s=CLOSED,api=BLOCKING,sc=false,e=null s=true e=null, c=null
04:29:54.291 [qtp399373008-56] DEBUG org.eclipse.jetty.server.HttpChannelState - completed HttpChannelState@6c6eb8bc{s=HANDLING rs=COMPLETING os=COMPLETED is=IDLE awp=false se=false i=false al=0}
04:29:54.291 [qtp399373008-56] DEBUG org.eclipse.jetty.server.HttpChannelState - unhandle HttpChannelState@6c6eb8bc{s=HANDLING rs=COMPLETED os=COMPLETED is=IDLE awp=false se=false i=false al=0}
04:29:54.291 [qtp399373008-56] DEBUG org.eclipse.jetty.server.HttpChannelState - nextAction(false) TERMINATED HttpChannelState@6c6eb8bc{s=IDLE rs=COMPLETED os=COMPLETED is=IDLE awp=false se=false i=false al=0}
04:29:54.291 [qtp399373008-56] DEBUG org.eclipse.jetty.server.HttpChannel - action TERMINATED HttpChannelOverHttp@4bcbd108{s=HttpChannelState@6c6eb8bc{s=IDLE rs=COMPLETED os=COMPLETED is=IDLE awp=false se=false i=false al=0},r=1,c=true/true,a=IDLE,uri=https://localhost:33437/,age=2}
04:29:54.291 [qtp399373008-56] DEBUG org.eclipse.jetty.server.HttpChannel - onCompleted for / written=4
]]></system-out>
  </testcase>
  <testcase name="testNoUpdateWithPath" classname="org.apache.nifi.minifi.bootstrap.configuration.ingestors.PullHttpChangeIngestorSSLTest" time="0.063">
    <system-out><![CDATA[04:29:54.291 [qtp399373008-56] DEBUG org.eclipse.jetty.io.ssl.SslConnection - >fill SslConnection@2cbc5d51::SocketChannelEndPoint@722ea87f{l=/127.0.0.1:33437,r=/127.0.0.1:57226,OPEN,fill=-,flush=-,to=0/30000}{io=0/0,kio=0,kro=1}->SslConnection@2cbc5d51{NOT_HANDSHAKING,eio=-1/-1,di=-1,fill=IDLE,flush=IDLE}~>DecryptedEndPoint@6b84981e{l=/127.0.0.1:33437,r=/127.0.0.1:57226,OPEN,fill=-,flush=-,to=46/30000}=>HttpConnection@20d87e86[p=HttpParser{s=CONTENT,0 of -1},g=HttpGenerator@63b774b0{s=END}]=>HttpChannelOverHttp@4bcbd108{s=HttpChannelState@6c6eb8bc{s=IDLE rs=COMPLETED os=COMPLETED is=IDLE awp=false se=false i=false al=0},r=1,c=true/true,a=IDLE,uri=https://localhost:33437/,age=2}
04:29:54.291 [qtp399373008-56] DEBUG org.eclipse.jetty.io.ssl.SslConnection - fill NOT_HANDSHAKING
04:29:54.291 [qtp399373008-56] DEBUG org.eclipse.jetty.io.ChannelEndPoint - filled 0 HeapByteBuffer@6e6899aa[p=0,l=0,c=17408,r=0]={<<<>>>GET / HTT...\x00\x00\x00\x00\x00\x00\x00}
04:29:54.291 [qtp399373008-56] DEBUG org.eclipse.jetty.io.ssl.SslConnection - net filled=0
04:29:54.291 [qtp399373008-56] DEBUG org.eclipse.jetty.io.ssl.SslConnection - unwrap net_filled=0 Status = BUFFER_UNDERFLOW HandshakeStatus = NOT_HANDSHAKING bytesConsumed = 0 bytesProduced = 0 encryptedBuffer=[p=0,l=0,c=17408,r=0] unwrapBuffer=HeapByteBuffer@6a5710bf[p=0,l=0,c=17408,r=0]={<<<>>>\x17\x03\x03\x03\xAd\x0b\x00\x03\x88...\x00\x00\x00\x00\x00\x00\x00} appBuffer=HeapByteBuffer@6a5710bf[p=0,l=0,c=17408,r=0]={<<<>>>\x17\x03\x03\x03\xAd\x0b\x00\x03\x88...\x00\x00\x00\x00\x00\x00\x00}
04:29:54.291 [qtp399373008-56] DEBUG org.eclipse.jetty.io.ssl.SslConnection - <fill f=0 uf=true SslConnection@2cbc5d51::SocketChannelEndPoint@722ea87f{l=/127.0.0.1:33437,r=/127.0.0.1:57226,OPEN,fill=-,flush=-,to=0/30000}{io=0/0,kio=0,kro=1}->SslConnection@2cbc5d51{NOT_HANDSHAKING,eio=-1/-1,di=-1,fill=IDLE,flush=IDLE}~>DecryptedEndPoint@6b84981e{l=/127.0.0.1:33437,r=/127.0.0.1:57226,OPEN,fill=-,flush=-,to=46/30000}=>HttpConnection@20d87e86[p=HttpParser{s=CONTENT,0 of -1},g=HttpGenerator@63b774b0{s=END}]=>HttpChannelOverHttp@4bcbd108{s=HttpChannelState@6c6eb8bc{s=IDLE rs=COMPLETED os=COMPLETED is=IDLE awp=false se=false i=false al=0},r=1,c=true/true,a=IDLE,uri=https://localhost:33437/,age=2}
04:29:54.291 [qtp399373008-56] DEBUG org.eclipse.jetty.io.ssl.SslConnection - >fill SslConnection@2cbc5d51::SocketChannelEndPoint@722ea87f{l=/127.0.0.1:33437,r=/127.0.0.1:57226,OPEN,fill=-,flush=-,to=0/30000}{io=0/0,kio=0,kro=1}->SslConnection@2cbc5d51{NOT_HANDSHAKING,eio=-1/-1,di=-1,fill=IDLE,flush=IDLE}~>DecryptedEndPoint@6b84981e{l=/127.0.0.1:33437,r=/127.0.0.1:57226,OPEN,fill=-,flush=-,to=46/30000}=>HttpConnection@20d87e86[p=HttpParser{s=CONTENT,0 of -1},g=HttpGenerator@63b774b0{s=END}]=>HttpChannelOverHttp@4bcbd108{s=HttpChannelState@6c6eb8bc{s=IDLE rs=COMPLETED os=COMPLETED is=IDLE awp=false se=false i=false al=0},r=1,c=true/true,a=IDLE,uri=https://localhost:33437/,age=2}
04:29:54.291 [qtp399373008-56] DEBUG org.eclipse.jetty.io.ssl.SslConnection - fill NOT_HANDSHAKING
04:29:54.291 [qtp399373008-56] DEBUG org.eclipse.jetty.io.ChannelEndPoint - filled 0 HeapByteBuffer@60af7bcf[p=0,l=0,c=17408,r=0]={<<<>>>\x17\x03\x03\x00\xC9i\x14\xD1\x8e...\x00\x00\x00\x00\x00\x00\x00}
04:29:54.291 [qtp399373008-56] DEBUG org.eclipse.jetty.io.ssl.SslConnection - net filled=0
04:29:54.291 [qtp399373008-56] DEBUG org.eclipse.jetty.io.ssl.SslConnection - unwrap net_filled=0 Status = BUFFER_UNDERFLOW HandshakeStatus = NOT_HANDSHAKING bytesConsumed = 0 bytesProduced = 0 encryptedBuffer=[p=0,l=0,c=17408,r=0] unwrapBuffer=HeapByteBuffer@6a5710bf[p=0,l=0,c=17408,r=0]={<<<>>>\x17\x03\x03\x03\xAd\x0b\x00\x03\x88...\x00\x00\x00\x00\x00\x00\x00} appBuffer=HeapByteBuffer@6a5710bf[p=0,l=0,c=17408,r=0]={<<<>>>\x17\x03\x03\x03\xAd\x0b\x00\x03\x88...\x00\x00\x00\x00\x00\x00\x00}
04:29:54.291 [qtp399373008-56] DEBUG org.eclipse.jetty.io.ssl.SslConnection - <fill f=0 uf=true SslConnection@2cbc5d51::SocketChannelEndPoint@722ea87f{l=/127.0.0.1:33437,r=/127.0.0.1:57226,OPEN,fill=-,flush=-,to=1/30000}{io=0/0,kio=0,kro=1}->SslConnection@2cbc5d51{NOT_HANDSHAKING,eio=-1/-1,di=-1,fill=IDLE,flush=IDLE}~>DecryptedEndPoint@6b84981e{l=/127.0.0.1:33437,r=/127.0.0.1:57226,OPEN,fill=-,flush=-,to=46/30000}=>HttpConnection@20d87e86[p=HttpParser{s=CONTENT,0 of -1},g=HttpGenerator@63b774b0{s=END}]=>HttpChannelOverHttp@4bcbd108{s=HttpChannelState@6c6eb8bc{s=IDLE rs=COMPLETED os=COMPLETED is=IDLE awp=false se=false i=false al=0},r=1,c=true/true,a=IDLE,uri=https://localhost:33437/,age=2}
04:29:54.291 [qtp399373008-56] DEBUG org.eclipse.jetty.server.HttpConnection - HttpConnection@20d87e86::DecryptedEndPoint@6b84981e{l=/127.0.0.1:33437,r=/127.0.0.1:57226,OPEN,fill=-,flush=-,to=46/30000} filled 0 HeapByteBuffer@6a5710bf[p=0,l=0,c=17408,r=0]={<<<>>>\x17\x03\x03\x03\xAd\x0b\x00\x03\x88...\x00\x00\x00\x00\x00\x00\x00}
04:29:54.291 [qtp399373008-56] DEBUG org.eclipse.jetty.server.HttpConnection - HttpConnection@20d87e86::DecryptedEndPoint@6b84981e{l=/127.0.0.1:33437,r=/127.0.0.1:57226,OPEN,fill=-,flush=-,to=46/30000} parse HeapByteBuffer@6a5710bf[p=0,l=0,c=17408,r=0]={<<<>>>\x17\x03\x03\x03\xAd\x0b\x00\x03\x88...\x00\x00\x00\x00\x00\x00\x00} {}
04:29:54.291 [qtp399373008-56] DEBUG org.eclipse.jetty.http.HttpParser - parseNext s=CONTENT HeapByteBuffer@6a5710bf[p=0,l=0,c=17408,r=0]={<<<>>>\x17\x03\x03\x03\xAd\x0b\x00\x03\x88...\x00\x00\x00\x00\x00\x00\x00}
04:29:54.291 [qtp399373008-56] DEBUG org.eclipse.jetty.http.HttpParser - CONTENT --> CONTENT_END
04:29:54.291 [qtp399373008-56] DEBUG org.eclipse.jetty.server.HttpChannel - onContentComplete HttpChannelOverHttp@4bcbd108{s=HttpChannelState@6c6eb8bc{s=IDLE rs=COMPLETED os=COMPLETED is=IDLE awp=false se=false i=false al=0},r=1,c=true/true,a=IDLE,uri=https://localhost:33437/,age=2}
04:29:54.291 [qtp399373008-56] DEBUG org.eclipse.jetty.http.HttpParser - CONTENT_END --> END
04:29:54.292 [qtp399373008-56] DEBUG org.eclipse.jetty.server.HttpChannel - onRequestComplete HttpChannelOverHttp@4bcbd108{s=HttpChannelState@6c6eb8bc{s=IDLE rs=COMPLETED os=COMPLETED is=IDLE awp=false se=false i=false al=0},r=1,c=true/true,a=IDLE,uri=https://localhost:33437/,age=2}
04:29:54.292 [qtp399373008-56] DEBUG org.eclipse.jetty.server.HttpInput - HttpInputOverHTTP@1b86aab7[c=0,q=0,[0]=null,s=STREAM] addContent EOF
04:29:54.292 [qtp399373008-56] DEBUG org.eclipse.jetty.server.HttpConnection - HttpConnection@20d87e86::DecryptedEndPoint@6b84981e{l=/127.0.0.1:33437,r=/127.0.0.1:57226,OPEN,fill=-,flush=-,to=47/30000} parsed false HttpParser{s=END,0 of -1}
04:29:54.292 [qtp399373008-56] DEBUG org.eclipse.jetty.server.HttpConnection - releaseRequestBuffer HttpConnection@20d87e86::DecryptedEndPoint@6b84981e{l=/127.0.0.1:33437,r=/127.0.0.1:57226,OPEN,fill=-,flush=-,to=47/30000}
04:29:54.292 [qtp399373008-56] DEBUG org.eclipse.jetty.server.HttpChannelState - recycle HttpChannelState@6c6eb8bc{s=IDLE rs=COMPLETED os=COMPLETED is=IDLE awp=false se=false i=false al=0}
04:29:54.292 [qtp399373008-56] DEBUG org.eclipse.jetty.http.HttpParser - reset HttpParser{s=END,0 of -1}
04:29:54.292 [qtp399373008-56] DEBUG org.eclipse.jetty.http.HttpParser - END --> START
04:29:54.292 [qtp399373008-56] DEBUG org.eclipse.jetty.server.HttpChannel - !handle TERMINATED HttpChannelOverHttp@4bcbd108{s=HttpChannelState@6c6eb8bc{s=IDLE rs=BLOCKING os=OPEN is=IDLE awp=false se=false i=true al=0},r=1,c=false/false,a=IDLE,uri=null,age=0}
04:29:54.292 [qtp399373008-56] DEBUG org.eclipse.jetty.io.ssl.SslConnection - >fill SslConnection@2cbc5d51::SocketChannelEndPoint@722ea87f{l=/127.0.0.1:33437,r=/127.0.0.1:57226,OPEN,fill=-,flush=-,to=1/30000}{io=0/0,kio=0,kro=1}->SslConnection@2cbc5d51{NOT_HANDSHAKING,eio=-1/-1,di=-1,fill=IDLE,flush=IDLE}~>DecryptedEndPoint@6b84981e{l=/127.0.0.1:33437,r=/127.0.0.1:57226,OPEN,fill=-,flush=-,to=47/30000}=>HttpConnection@20d87e86[p=HttpParser{s=START,0 of -1},g=HttpGenerator@63b774b0{s=START}]=>HttpChannelOverHttp@4bcbd108{s=HttpChannelState@6c6eb8bc{s=IDLE rs=BLOCKING os=OPEN is=IDLE awp=false se=false i=true al=0},r=1,c=false/false,a=IDLE,uri=null,age=0}
04:29:54.292 [qtp399373008-56] DEBUG org.eclipse.jetty.io.ssl.SslConnection - fill NOT_HANDSHAKING
04:29:54.292 [qtp399373008-56] DEBUG org.eclipse.jetty.io.ChannelEndPoint - filled 0 HeapByteBuffer@60af7bcf[p=0,l=0,c=17408,r=0]={<<<>>>\x17\x03\x03\x00\xC9i\x14\xD1\x8e...\x00\x00\x00\x00\x00\x00\x00}
04:29:54.292 [qtp399373008-56] DEBUG org.eclipse.jetty.io.ssl.SslConnection - net filled=0
04:29:54.292 [qtp399373008-56] DEBUG org.eclipse.jetty.io.ssl.SslConnection - unwrap net_filled=0 Status = BUFFER_UNDERFLOW HandshakeStatus = NOT_HANDSHAKING bytesConsumed = 0 bytesProduced = 0 encryptedBuffer=[p=0,l=0,c=17408,r=0] unwrapBuffer=HeapByteBuffer@6e6899aa[p=0,l=0,c=17408,r=0]={<<<>>>GET / HTT...\x00\x00\x00\x00\x00\x00\x00} appBuffer=HeapByteBuffer@6e6899aa[p=0,l=0,c=17408,r=0]={<<<>>>GET / HTT...\x00\x00\x00\x00\x00\x00\x00}
04:29:54.292 [qtp399373008-56] DEBUG org.eclipse.jetty.io.ssl.SslConnection - <fill f=0 uf=true SslConnection@2cbc5d51::SocketChannelEndPoint@722ea87f{l=/127.0.0.1:33437,r=/127.0.0.1:57226,OPEN,fill=-,flush=-,to=1/30000}{io=0/0,kio=0,kro=1}->SslConnection@2cbc5d51{NOT_HANDSHAKING,eio=-1/-1,di=-1,fill=IDLE,flush=IDLE}~>DecryptedEndPoint@6b84981e{l=/127.0.0.1:33437,r=/127.0.0.1:57226,OPEN,fill=-,flush=-,to=47/30000}=>HttpConnection@20d87e86[p=HttpParser{s=START,0 of -1},g=HttpGenerator@63b774b0{s=START}]=>HttpChannelOverHttp@4bcbd108{s=HttpChannelState@6c6eb8bc{s=IDLE rs=BLOCKING os=OPEN is=IDLE awp=false se=false i=true al=0},r=1,c=false/false,a=IDLE,uri=null,age=0}
04:29:54.292 [qtp399373008-56] DEBUG org.eclipse.jetty.io.ssl.SslConnection - >fill SslConnection@2cbc5d51::SocketChannelEndPoint@722ea87f{l=/127.0.0.1:33437,r=/127.0.0.1:57226,OPEN,fill=-,flush=-,to=1/30000}{io=0/0,kio=0,kro=1}->SslConnection@2cbc5d51{NOT_HANDSHAKING,eio=-1/-1,di=-1,fill=IDLE,flush=IDLE}~>DecryptedEndPoint@6b84981e{l=/127.0.0.1:33437,r=/127.0.0.1:57226,OPEN,fill=-,flush=-,to=47/30000}=>HttpConnection@20d87e86[p=HttpParser{s=START,0 of -1},g=HttpGenerator@63b774b0{s=START}]=>HttpChannelOverHttp@4bcbd108{s=HttpChannelState@6c6eb8bc{s=IDLE rs=BLOCKING os=OPEN is=IDLE awp=false se=false i=true al=0},r=1,c=false/false,a=IDLE,uri=null,age=0}
04:29:54.292 [qtp399373008-56] DEBUG org.eclipse.jetty.io.ssl.SslConnection - fill NOT_HANDSHAKING
04:29:54.292 [qtp399373008-56] DEBUG org.eclipse.jetty.io.ChannelEndPoint - filled 0 HeapByteBuffer@6a5710bf[p=0,l=0,c=17408,r=0]={<<<>>>\x17\x03\x03\x03\xAd\x0b\x00\x03\x88...\x00\x00\x00\x00\x00\x00\x00}
04:29:54.292 [qtp399373008-56] DEBUG org.eclipse.jetty.io.ssl.SslConnection - net filled=0
04:29:54.292 [qtp399373008-56] DEBUG org.eclipse.jetty.io.ssl.SslConnection - unwrap net_filled=0 Status = BUFFER_UNDERFLOW HandshakeStatus = NOT_HANDSHAKING bytesConsumed = 0 bytesProduced = 0 encryptedBuffer=[p=0,l=0,c=17408,r=0] unwrapBuffer=HeapByteBuffer@6e6899aa[p=0,l=0,c=17408,r=0]={<<<>>>GET / HTT...\x00\x00\x00\x00\x00\x00\x00} appBuffer=HeapByteBuffer@6e6899aa[p=0,l=0,c=17408,r=0]={<<<>>>GET / HTT...\x00\x00\x00\x00\x00\x00\x00}
04:29:54.292 [main] DEBUG org.apache.nifi.minifi.bootstrap.configuration.ingestors.PullHttpChangeIngestor - Attempting to pull new config
04:29:54.292 [qtp399373008-56] DEBUG org.eclipse.jetty.io.ssl.SslConnection - <fill f=0 uf=true SslConnection@2cbc5d51::SocketChannelEndPoint@722ea87f{l=/127.0.0.1:33437,r=/127.0.0.1:57226,OPEN,fill=-,flush=-,to=2/30000}{io=0/0,kio=0,kro=1}->SslConnection@2cbc5d51{NOT_HANDSHAKING,eio=-1/-1,di=-1,fill=IDLE,flush=IDLE}~>DecryptedEndPoint@6b84981e{l=/127.0.0.1:33437,r=/127.0.0.1:57226,OPEN,fill=-,flush=-,to=47/30000}=>HttpConnection@20d87e86[p=HttpParser{s=START,0 of -1},g=HttpGenerator@63b774b0{s=START}]=>HttpChannelOverHttp@4bcbd108{s=HttpChannelState@6c6eb8bc{s=IDLE rs=BLOCKING os=OPEN is=IDLE awp=false se=false i=true al=0},r=1,c=false/false,a=IDLE,uri=null,age=0}
04:29:54.292 [qtp399373008-56] DEBUG org.eclipse.jetty.server.HttpConnection - HttpConnection@20d87e86::DecryptedEndPoint@6b84981e{l=/127.0.0.1:33437,r=/127.0.0.1:57226,OPEN,fill=-,flush=-,to=47/30000} filled 0 HeapByteBuffer@6e6899aa[p=0,l=0,c=17408,r=0]={<<<>>>GET / HTT...\x00\x00\x00\x00\x00\x00\x00}
04:29:54.292 [qtp399373008-56] DEBUG org.eclipse.jetty.server.HttpConnection - HttpConnection@20d87e86::DecryptedEndPoint@6b84981e{l=/127.0.0.1:33437,r=/127.0.0.1:57226,OPEN,fill=-,flush=-,to=47/30000} parse HeapByteBuffer@6e6899aa[p=0,l=0,c=17408,r=0]={<<<>>>GET / HTT...\x00\x00\x00\x00\x00\x00\x00} {}
04:29:54.292 [qtp399373008-56] DEBUG org.eclipse.jetty.http.HttpParser - parseNext s=START HeapByteBuffer@6e6899aa[p=0,l=0,c=17408,r=0]={<<<>>>GET / HTT...\x00\x00\x00\x00\x00\x00\x00}
04:29:54.292 [qtp399373008-56] DEBUG org.eclipse.jetty.server.HttpConnection - HttpConnection@20d87e86::DecryptedEndPoint@6b84981e{l=/127.0.0.1:33437,r=/127.0.0.1:57226,OPEN,fill=-,flush=-,to=48/30000} parsed false HttpParser{s=START,0 of -1}
04:29:54.292 [qtp399373008-56] DEBUG org.eclipse.jetty.server.HttpConnection - releaseRequestBuffer HttpConnection@20d87e86::DecryptedEndPoint@6b84981e{l=/127.0.0.1:33437,r=/127.0.0.1:57226,OPEN,fill=-,flush=-,to=48/30000}
04:29:54.292 [qtp399373008-56] DEBUG org.eclipse.jetty.io.AbstractConnection - fillInterested HttpConnection@20d87e86::DecryptedEndPoint@6b84981e{l=/127.0.0.1:33437,r=/127.0.0.1:57226,OPEN,fill=-,flush=-,to=48/30000}
04:29:54.293 [qtp399373008-56] DEBUG org.eclipse.jetty.io.FillInterest - interested FillInterest@f81a0e{AC.ReadCB@20d87e86{HttpConnection@20d87e86::DecryptedEndPoint@6b84981e{l=/127.0.0.1:33437,r=/127.0.0.1:57226,OPEN,fill=FI,flush=-,to=0/30000}}}
04:29:54.293 [qtp399373008-56] DEBUG org.eclipse.jetty.io.ssl.SslConnection - >needFillInterest s=IDLE/IDLE uf=true ei=null di=null SslConnection@2cbc5d51::SocketChannelEndPoint@722ea87f{l=/127.0.0.1:33437,r=/127.0.0.1:57226,OPEN,fill=-,flush=-,to=2/30000}{io=0/0,kio=0,kro=1}->SslConnection@2cbc5d51{NOT_HANDSHAKING,eio=-1/-1,di=-1,fill=IDLE,flush=IDLE}~>DecryptedEndPoint@6b84981e{l=/127.0.0.1:33437,r=/127.0.0.1:57226,OPEN,fill=FI,flush=-,to=0/30000}=>HttpConnection@20d87e86[p=HttpParser{s=START,0 of -1},g=HttpGenerator@63b774b0{s=START}]=>HttpChannelOverHttp@4bcbd108{s=HttpChannelState@6c6eb8bc{s=IDLE rs=BLOCKING os=OPEN is=IDLE awp=false se=false i=true al=0},r=1,c=false/false,a=IDLE,uri=null,age=0}
04:29:54.293 [qtp399373008-56] DEBUG org.eclipse.jetty.io.ssl.SslConnection - <needFillInterest s=IDLE/INTERESTED f=false i=true w=null
04:29:54.293 [qtp399373008-56] DEBUG org.eclipse.jetty.io.ssl.SslConnection - ensureFillInterested SslConnection@2cbc5d51::SocketChannelEndPoint@722ea87f{l=/127.0.0.1:33437,r=/127.0.0.1:57226,OPEN,fill=-,flush=-,to=2/30000}{io=0/0,kio=0,kro=1}->SslConnection@2cbc5d51{NOT_HANDSHAKING,eio=-1/-1,di=-1,fill=INTERESTED,flush=IDLE}~>DecryptedEndPoint@6b84981e{l=/127.0.0.1:33437,r=/127.0.0.1:57226,OPEN,fill=FI,flush=-,to=0/30000}=>HttpConnection@20d87e86[p=HttpParser{s=START,0 of -1},g=HttpGenerator@63b774b0{s=START}]=>HttpChannelOverHttp@4bcbd108{s=HttpChannelState@6c6eb8bc{s=IDLE rs=BLOCKING os=OPEN is=IDLE awp=false se=false i=true al=0},r=1,c=false/false,a=IDLE,uri=null,age=0}
04:29:54.293 [qtp399373008-60-acceptor-0@53dacd14-ServerConnector@2374d36a{SSL, (ssl, http/1.1)}{localhost:33437}] DEBUG org.eclipse.jetty.io.ManagedSelector - Queued change lazy=false Accept@3b72a359[java.nio.channels.SocketChannel[connected local=/127.0.0.1:33437 remote=/127.0.0.1:57240]] on ManagedSelector@7bb6ab3a{STARTED} id=3 keys=1 selected=0 updates=0
04:29:54.293 [qtp399373008-60-acceptor-0@53dacd14-ServerConnector@2374d36a{SSL, (ssl, http/1.1)}{localhost:33437}] DEBUG org.eclipse.jetty.io.ManagedSelector - Wakeup on submit ManagedSelector@7bb6ab3a{STARTED} id=3 keys=1 selected=0 updates=1
04:29:54.293 [qtp399373008-56] DEBUG org.eclipse.jetty.io.FillInterest - interested FillInterest@4076cc8d{SSLC.NBReadCB@2cbc5d51{SslConnection@2cbc5d51::SocketChannelEndPoint@722ea87f{l=/127.0.0.1:33437,r=/127.0.0.1:57226,OPEN,fill=FI,flush=-,to=0/30000}{io=0/0,kio=0,kro=1}->SslConnection@2cbc5d51{NOT_HANDSHAKING,eio=-1/-1,di=-1,fill=INTERESTED,flush=IDLE}~>DecryptedEndPoint@6b84981e{l=/127.0.0.1:33437,r=/127.0.0.1:57226,OPEN,fill=FI,flush=-,to=0/30000}=>HttpConnection@20d87e86[p=HttpParser{s=START,0 of -1},g=HttpGenerator@63b774b0{s=START}]=>HttpChannelOverHttp@4bcbd108{s=HttpChannelState@6c6eb8bc{s=IDLE rs=BLOCKING os=OPEN is=IDLE awp=false se=false i=true al=0},r=1,c=false/false,a=IDLE,uri=null,age=0}}}
04:29:54.293 [qtp399373008-62] DEBUG org.eclipse.jetty.io.ManagedSelector - Selector sun.nio.ch.EPollSelectorImpl@5b063887 woken with none selected
04:29:54.293 [qtp399373008-62] DEBUG org.eclipse.jetty.io.ManagedSelector - Selector sun.nio.ch.EPollSelectorImpl@5b063887 woken up from select, 0/0/1 selected
04:29:54.293 [qtp399373008-62] DEBUG org.eclipse.jetty.io.ManagedSelector - Selector sun.nio.ch.EPollSelectorImpl@5b063887 processing 0 keys, 1 updates
04:29:54.293 [qtp399373008-62] DEBUG org.eclipse.jetty.io.ManagedSelector - updateable 1
04:29:54.293 [qtp399373008-56] DEBUG org.eclipse.jetty.io.ChannelEndPoint - changeInterests p=false 0->1 for SocketChannelEndPoint@722ea87f{l=/127.0.0.1:33437,r=/127.0.0.1:57226,OPEN,fill=FI,flush=-,to=0/30000}{io=0/1,kio=0,kro=1}->SslConnection@2cbc5d51{NOT_HANDSHAKING,eio=-1/-1,di=-1,fill=INTERESTED,flush=IDLE}~>DecryptedEndPoint@6b84981e{l=/127.0.0.1:33437,r=/127.0.0.1:57226,OPEN,fill=FI,flush=-,to=0/30000}=>HttpConnection@20d87e86[p=HttpParser{s=START,0 of -1},g=HttpGenerator@63b774b0{s=START}]=>HttpChannelOverHttp@4bcbd108{s=HttpChannelState@6c6eb8bc{s=IDLE rs=BLOCKING os=OPEN is=IDLE awp=false se=false i=true al=0},r=1,c=false/false,a=IDLE,uri=null,age=0}
04:29:54.293 [qtp399373008-62] DEBUG org.eclipse.jetty.io.ManagedSelector - update Accept@3b72a359[java.nio.channels.SocketChannel[connected local=/127.0.0.1:33437 remote=/127.0.0.1:57240]]
04:29:54.293 [qtp399373008-56] DEBUG org.eclipse.jetty.io.ManagedSelector - Queued change lazy=false org.eclipse.jetty.io.ChannelEndPoint$$Lambda$255/1126011505@eee5707 on ManagedSelector@47a86fbb{STARTED} id=2 keys=2 selected=0 updates=0
04:29:54.293 [qtp399373008-56] DEBUG org.eclipse.jetty.io.ManagedSelector - Wakeup on submit ManagedSelector@47a86fbb{STARTED} id=2 keys=2 selected=0 updates=1
04:29:54.293 [qtp399373008-61] DEBUG org.eclipse.jetty.io.ManagedSelector - Selector sun.nio.ch.EPollSelectorImpl@79e51817 woken with none selected
04:29:54.293 [qtp399373008-62] DEBUG org.eclipse.jetty.util.thread.QueuedThreadPool - queue Accept@3b72a359[java.nio.channels.SocketChannel[connected local=/127.0.0.1:33437 remote=/127.0.0.1:57240]] startThread=0
04:29:54.293 [qtp399373008-56] DEBUG org.eclipse.jetty.server.HttpConnection - HttpConnection@20d87e86::DecryptedEndPoint@6b84981e{l=/127.0.0.1:33437,r=/127.0.0.1:57226,OPEN,fill=FI,flush=-,to=0/30000} onFillable exit HttpChannelState@6c6eb8bc{s=IDLE rs=BLOCKING os=OPEN is=IDLE awp=false se=false i=true al=0} null
04:29:54.293 [qtp399373008-62] DEBUG org.eclipse.jetty.io.ManagedSelector - updates 0
04:29:54.293 [qtp399373008-61] DEBUG org.eclipse.jetty.io.ManagedSelector - Selector sun.nio.ch.EPollSelectorImpl@79e51817 woken up from select, 0/0/2 selected
04:29:54.293 [qtp399373008-62] DEBUG org.eclipse.jetty.io.ManagedSelector - Selector sun.nio.ch.EPollSelectorImpl@5b063887 waiting with 2 keys
04:29:54.294 [qtp399373008-61] DEBUG org.eclipse.jetty.io.ManagedSelector - Selector sun.nio.ch.EPollSelectorImpl@79e51817 processing 0 keys, 1 updates
04:29:54.294 [qtp399373008-56] DEBUG org.eclipse.jetty.io.ssl.SslConnection - <c.onFillable SslConnection@2cbc5d51::SocketChannelEndPoint@722ea87f{l=/127.0.0.1:33437,r=/127.0.0.1:57226,OPEN,fill=FI,flush=-,to=0/30000}{io=0/1,kio=0,kro=1}->SslConnection@2cbc5d51{NOT_HANDSHAKING,eio=-1/-1,di=-1,fill=INTERESTED,flush=IDLE}~>DecryptedEndPoint@6b84981e{l=/127.0.0.1:33437,r=/127.0.0.1:57226,OPEN,fill=FI,flush=-,to=1/30000}=>HttpConnection@20d87e86[p=HttpParser{s=START,0 of -1},g=HttpGenerator@63b774b0{s=START}]=>HttpChannelOverHttp@4bcbd108{s=HttpChannelState@6c6eb8bc{s=IDLE rs=BLOCKING os=OPEN is=IDLE awp=false se=false i=true al=0},r=1,c=false/false,a=IDLE,uri=null,age=0}
04:29:54.294 [qtp399373008-55] DEBUG org.eclipse.jetty.util.thread.QueuedThreadPool - run Accept@3b72a359[java.nio.channels.SocketChannel[connected local=/127.0.0.1:33437 remote=/127.0.0.1:57240]] in QueuedThreadPool[qtp399373008]@17cdf2d0{STARTED,8<=8<=200,i=0,r=-1,q=0}[ReservedThreadExecutor@424fd310{reserved=1/8,pending=0}]
04:29:54.294 [qtp399373008-56] DEBUG org.eclipse.jetty.util.thread.ReservedThreadExecutor - ReservedThread@32c91a88{RUNNING,thread=Thread[qtp399373008-56,5,main]} was=RUNNING next=RESERVED size=0+2 capacity=8
04:29:54.294 [qtp399373008-56] DEBUG org.eclipse.jetty.util.thread.ReservedThreadExecutor - ReservedThread@32c91a88{RESERVED,thread=Thread[qtp399373008-56,5,main]} waiting ReservedThreadExecutor@424fd310{reserved=2/8,pending=0}
04:29:54.294 [qtp399373008-55] DEBUG org.eclipse.jetty.io.IdleTimeout - SocketChannelEndPoint@5624b09e{l=/127.0.0.1:33437,r=/127.0.0.1:57240,OPEN,fill=-,flush=-,to=0/30000}{io=0/0,kio=0,kro=0}-><null> idle timeout check, elapsed: 0 ms, remaining: 30000 ms
04:29:54.294 [qtp399373008-61] DEBUG org.eclipse.jetty.io.ManagedSelector - updateable 1
04:29:54.294 [qtp399373008-61] DEBUG org.eclipse.jetty.io.ManagedSelector - update org.eclipse.jetty.io.ChannelEndPoint$$Lambda$255/1126011505@eee5707
04:29:54.294 [qtp399373008-55] DEBUG org.eclipse.jetty.util.ssl.SslContextFactory - Customize sun.security.ssl.SSLEngineImpl@16cce83e
04:29:54.294 [qtp399373008-61] DEBUG org.eclipse.jetty.io.ChannelEndPoint - Key interests updated 0 -> 1 on SocketChannelEndPoint@722ea87f{l=/127.0.0.1:33437,r=/127.0.0.1:57226,OPEN,fill=FI,flush=-,to=0/30000}{io=1/1,kio=1,kro=1}->SslConnection@2cbc5d51{NOT_HANDSHAKING,eio=-1/-1,di=-1,fill=INTERESTED,flush=IDLE}~>DecryptedEndPoint@6b84981e{l=/127.0.0.1:33437,r=/127.0.0.1:57226,OPEN,fill=FI,flush=-,to=1/30000}=>HttpConnection@20d87e86[p=HttpParser{s=START,0 of -1},g=HttpGenerator@63b774b0{s=START}]=>HttpChannelOverHttp@4bcbd108{s=HttpChannelState@6c6eb8bc{s=IDLE rs=BLOCKING os=OPEN is=IDLE awp=false se=false i=true al=0},r=1,c=false/false,a=IDLE,uri=null,age=0}
04:29:54.294 [qtp399373008-61] DEBUG org.eclipse.jetty.io.ManagedSelector - updates 0
04:29:54.294 [qtp399373008-61] DEBUG org.eclipse.jetty.io.ManagedSelector - Selector sun.nio.ch.EPollSelectorImpl@79e51817 waiting with 2 keys
04:29:54.294 [qtp399373008-55] DEBUG org.eclipse.jetty.server.HttpChannel - new HttpChannelOverHttp@60a85cce{s=HttpChannelState@1c8269b3{s=IDLE rs=BLOCKING os=OPEN is=IDLE awp=false se=false i=true al=0},r=0,c=false/false,a=IDLE,uri=null,age=0} -> DecryptedEndPoint@6fd18afd{l=/127.0.0.1:33437,r=/127.0.0.1:57240,OPEN,fill=-,flush=-,to=0/30000},null,HttpChannelState@1c8269b3{s=IDLE rs=BLOCKING os=OPEN is=IDLE awp=false se=false i=true al=0}
04:29:54.294 [qtp399373008-55] DEBUG org.eclipse.jetty.server.HttpConnection - New HTTP Connection HttpConnection@1e2d0221::DecryptedEndPoint@6fd18afd{l=/127.0.0.1:33437,r=/127.0.0.1:57240,OPEN,fill=-,flush=-,to=0/30000}
04:29:54.294 [qtp399373008-55] DEBUG org.eclipse.jetty.io.ManagedSelector - Queued change lazy=true org.eclipse.jetty.io.ManagedSelector$$Lambda$258/854397033@3c417306 on ManagedSelector@7bb6ab3a{STARTED} id=3 keys=2 selected=0 updates=0
04:29:54.294 [qtp399373008-55] DEBUG org.eclipse.jetty.io.AbstractEndPoint - onOpen SocketChannelEndPoint@5624b09e{l=/127.0.0.1:33437,r=/127.0.0.1:57240,OPEN,fill=-,flush=-,to=0/30000}{io=0/0,kio=0,kro=0}->SslConnection@33815acc{NOT_HANDSHAKING,eio=-1/-1,di=-1,fill=IDLE,flush=IDLE}~>DecryptedEndPoint@6fd18afd{l=/127.0.0.1:33437,r=/127.0.0.1:57240,OPEN,fill=-,flush=-,to=0/30000}=>HttpConnection@1e2d0221[p=HttpParser{s=START,0 of -1},g=HttpGenerator@5064a823{s=START}]=>HttpChannelOverHttp@60a85cce{s=HttpChannelState@1c8269b3{s=IDLE rs=BLOCKING os=OPEN is=IDLE awp=false se=false i=true al=0},r=0,c=false/false,a=IDLE,uri=null,age=0}
04:29:54.294 [qtp399373008-55] DEBUG org.eclipse.jetty.io.AbstractConnection - onOpen SslConnection@33815acc::SocketChannelEndPoint@5624b09e{l=/127.0.0.1:33437,r=/127.0.0.1:57240,OPEN,fill=-,flush=-,to=0/30000}{io=0/0,kio=0,kro=0}->SslConnection@33815acc{NOT_HANDSHAKING,eio=-1/-1,di=-1,fill=IDLE,flush=IDLE}~>DecryptedEndPoint@6fd18afd{l=/127.0.0.1:33437,r=/127.0.0.1:57240,OPEN,fill=-,flush=-,to=0/30000}=>HttpConnection@1e2d0221[p=HttpParser{s=START,0 of -1},g=HttpGenerator@5064a823{s=START}]=>HttpChannelOverHttp@60a85cce{s=HttpChannelState@1c8269b3{s=IDLE rs=BLOCKING os=OPEN is=IDLE awp=false se=false i=true al=0},r=0,c=false/false,a=IDLE,uri=null,age=0}
04:29:54.294 [qtp399373008-55] DEBUG org.eclipse.jetty.io.AbstractConnection - onOpen HttpConnection@1e2d0221::DecryptedEndPoint@6fd18afd{l=/127.0.0.1:33437,r=/127.0.0.1:57240,OPEN,fill=-,flush=-,to=0/30000}
04:29:54.294 [qtp399373008-55] DEBUG org.eclipse.jetty.io.AbstractConnection - fillInterested HttpConnection@1e2d0221::DecryptedEndPoint@6fd18afd{l=/127.0.0.1:33437,r=/127.0.0.1:57240,OPEN,fill=-,flush=-,to=0/30000}
04:29:54.294 [qtp399373008-55] DEBUG org.eclipse.jetty.io.FillInterest - interested FillInterest@26ae8404{AC.ReadCB@1e2d0221{HttpConnection@1e2d0221::DecryptedEndPoint@6fd18afd{l=/127.0.0.1:33437,r=/127.0.0.1:57240,OPEN,fill=FI,flush=-,to=0/30000}}}
04:29:54.294 [qtp399373008-55] DEBUG org.eclipse.jetty.io.ssl.SslConnection - >needFillInterest s=IDLE/IDLE uf=false ei=null di=null SslConnection@33815acc::SocketChannelEndPoint@5624b09e{l=/127.0.0.1:33437,r=/127.0.0.1:57240,OPEN,fill=-,flush=-,to=0/30000}{io=0/0,kio=0,kro=0}->SslConnection@33815acc{NOT_HANDSHAKING,eio=-1/-1,di=-1,fill=IDLE,flush=IDLE}~>DecryptedEndPoint@6fd18afd{l=/127.0.0.1:33437,r=/127.0.0.1:57240,OPEN,fill=FI,flush=-,to=0/30000}=>HttpConnection@1e2d0221[p=HttpParser{s=START,0 of -1},g=HttpGenerator@5064a823{s=START}]=>HttpChannelOverHttp@60a85cce{s=HttpChannelState@1c8269b3{s=IDLE rs=BLOCKING os=OPEN is=IDLE awp=false se=false i=true al=0},r=0,c=false/false,a=IDLE,uri=null,age=0}
04:29:54.294 [qtp399373008-55] DEBUG org.eclipse.jetty.io.ssl.SslConnection - <needFillInterest s=IDLE/INTERESTED f=false i=true w=null
04:29:54.294 [qtp399373008-55] DEBUG org.eclipse.jetty.io.ssl.SslConnection - ensureFillInterested SslConnection@33815acc::SocketChannelEndPoint@5624b09e{l=/127.0.0.1:33437,r=/127.0.0.1:57240,OPEN,fill=-,flush=-,to=0/30000}{io=0/0,kio=0,kro=0}->SslConnection@33815acc{NOT_HANDSHAKING,eio=-1/-1,di=-1,fill=INTERESTED,flush=IDLE}~>DecryptedEndPoint@6fd18afd{l=/127.0.0.1:33437,r=/127.0.0.1:57240,OPEN,fill=FI,flush=-,to=0/30000}=>HttpConnection@1e2d0221[p=HttpParser{s=START,0 of -1},g=HttpGenerator@5064a823{s=START}]=>HttpChannelOverHttp@60a85cce{s=HttpChannelState@1c8269b3{s=IDLE rs=BLOCKING os=OPEN is=IDLE awp=false se=false i=true al=0},r=0,c=false/false,a=IDLE,uri=null,age=0}
04:29:54.294 [qtp399373008-55] DEBUG org.eclipse.jetty.io.FillInterest - interested FillInterest@11c01a94{SSLC.NBReadCB@33815acc{SslConnection@33815acc::SocketChannelEndPoint@5624b09e{l=/127.0.0.1:33437,r=/127.0.0.1:57240,OPEN,fill=FI,flush=-,to=0/30000}{io=0/0,kio=0,kro=0}->SslConnection@33815acc{NOT_HANDSHAKING,eio=-1/-1,di=-1,fill=INTERESTED,flush=IDLE}~>DecryptedEndPoint@6fd18afd{l=/127.0.0.1:33437,r=/127.0.0.1:57240,OPEN,fill=FI,flush=-,to=0/30000}=>HttpConnection@1e2d0221[p=HttpParser{s=START,0 of -1},g=HttpGenerator@5064a823{s=START}]=>HttpChannelOverHttp@60a85cce{s=HttpChannelState@1c8269b3{s=IDLE rs=BLOCKING os=OPEN is=IDLE awp=false se=false i=true al=0},r=0,c=false/false,a=IDLE,uri=null,age=0}}}
04:29:54.295 [qtp399373008-55] DEBUG org.eclipse.jetty.io.ChannelEndPoint - changeInterests p=false 0->1 for SocketChannelEndPoint@5624b09e{l=/127.0.0.1:33437,r=/127.0.0.1:57240,OPEN,fill=FI,flush=-,to=0/30000}{io=0/1,kio=0,kro=0}->SslConnection@33815acc{NOT_HANDSHAKING,eio=-1/-1,di=-1,fill=INTERESTED,flush=IDLE}~>DecryptedEndPoint@6fd18afd{l=/127.0.0.1:33437,r=/127.0.0.1:57240,OPEN,fill=FI,flush=-,to=0/30000}=>HttpConnection@1e2d0221[p=HttpParser{s=START,0 of -1},g=HttpGenerator@5064a823{s=START}]=>HttpChannelOverHttp@60a85cce{s=HttpChannelState@1c8269b3{s=IDLE rs=BLOCKING os=OPEN is=IDLE awp=false se=false i=true al=0},r=0,c=false/false,a=IDLE,uri=null,age=0}
04:29:54.295 [qtp399373008-55] DEBUG org.eclipse.jetty.io.ManagedSelector - Queued change lazy=false org.eclipse.jetty.io.ChannelEndPoint$$Lambda$255/1126011505@282e655a on ManagedSelector@7bb6ab3a{STARTED} id=3 keys=2 selected=0 updates=1
04:29:54.295 [qtp399373008-55] DEBUG org.eclipse.jetty.io.ManagedSelector - Wakeup on submit ManagedSelector@7bb6ab3a{STARTED} id=3 keys=2 selected=0 updates=2
04:29:54.295 [qtp399373008-55] DEBUG org.eclipse.jetty.io.ManagedSelector - Created SocketChannelEndPoint@5624b09e{l=/127.0.0.1:33437,r=/127.0.0.1:57240,OPEN,fill=FI,flush=-,to=0/30000}{io=0/1,kio=0,kro=0}->SslConnection@33815acc{NOT_HANDSHAKING,eio=-1/-1,di=-1,fill=INTERESTED,flush=IDLE}~>DecryptedEndPoint@6fd18afd{l=/127.0.0.1:33437,r=/127.0.0.1:57240,OPEN,fill=FI,flush=-,to=0/30000}=>HttpConnection@1e2d0221[p=HttpParser{s=START,0 of -1},g=HttpGenerator@5064a823{s=START}]=>HttpChannelOverHttp@60a85cce{s=HttpChannelState@1c8269b3{s=IDLE rs=BLOCKING os=OPEN is=IDLE awp=false se=false i=true al=0},r=0,c=false/false,a=IDLE,uri=null,age=0}
04:29:54.295 [qtp399373008-55] DEBUG org.eclipse.jetty.util.thread.QueuedThreadPool - ran Accept@3b72a359[java.nio.channels.SocketChannel[connected local=/127.0.0.1:33437 remote=/127.0.0.1:57240]] in QueuedThreadPool[qtp399373008]@17cdf2d0{STARTED,8<=8<=200,i=0,r=-1,q=0}[ReservedThreadExecutor@424fd310{reserved=2/8,pending=0}]
04:29:54.295 [qtp399373008-62] DEBUG org.eclipse.jetty.io.ManagedSelector - Selector sun.nio.ch.EPollSelectorImpl@5b063887 woken with none selected
04:29:54.295 [qtp399373008-62] DEBUG org.eclipse.jetty.io.ManagedSelector - Selector sun.nio.ch.EPollSelectorImpl@5b063887 woken up from select, 0/0/2 selected
04:29:54.295 [qtp399373008-62] DEBUG org.eclipse.jetty.io.ManagedSelector - Selector sun.nio.ch.EPollSelectorImpl@5b063887 processing 0 keys, 2 updates
04:29:54.295 [qtp399373008-62] DEBUG org.eclipse.jetty.io.ManagedSelector - updateable 2
04:29:54.295 [qtp399373008-62] DEBUG org.eclipse.jetty.io.ManagedSelector - update org.eclipse.jetty.io.ManagedSelector$$Lambda$258/854397033@3c417306
04:29:54.295 [qtp399373008-62] DEBUG org.eclipse.jetty.io.ManagedSelector - update org.eclipse.jetty.io.ChannelEndPoint$$Lambda$255/1126011505@282e655a
04:29:54.295 [qtp399373008-62] DEBUG org.eclipse.jetty.io.ChannelEndPoint - Key interests updated 0 -> 1 on SocketChannelEndPoint@5624b09e{l=/127.0.0.1:33437,r=/127.0.0.1:57240,OPEN,fill=FI,flush=-,to=0/30000}{io=1/1,kio=1,kro=0}->SslConnection@33815acc{NOT_HANDSHAKING,eio=-1/-1,di=-1,fill=INTERESTED,flush=IDLE}~>DecryptedEndPoint@6fd18afd{l=/127.0.0.1:33437,r=/127.0.0.1:57240,OPEN,fill=FI,flush=-,to=0/30000}=>HttpConnection@1e2d0221[p=HttpParser{s=START,0 of -1},g=HttpGenerator@5064a823{s=START}]=>HttpChannelOverHttp@60a85cce{s=HttpChannelState@1c8269b3{s=IDLE rs=BLOCKING os=OPEN is=IDLE awp=false se=false i=true al=0},r=0,c=false/false,a=IDLE,uri=null,age=0}
04:29:54.295 [qtp399373008-62] DEBUG org.eclipse.jetty.io.ManagedSelector - updates 0
04:29:54.295 [qtp399373008-62] DEBUG org.eclipse.jetty.io.ManagedSelector - Selector sun.nio.ch.EPollSelectorImpl@5b063887 waiting with 2 keys
04:29:54.295 [qtp399373008-62] DEBUG org.eclipse.jetty.io.ManagedSelector - Selector sun.nio.ch.EPollSelectorImpl@5b063887 woken up from select, 1/1/2 selected
04:29:54.295 [qtp399373008-62] DEBUG org.eclipse.jetty.io.ManagedSelector - Selector sun.nio.ch.EPollSelectorImpl@5b063887 processing 1 keys, 0 updates
04:29:54.295 [qtp399373008-62] DEBUG org.eclipse.jetty.io.ManagedSelector - selected 1 sun.nio.ch.SelectionKeyImpl@bdb8307 SocketChannelEndPoint@5624b09e{l=/127.0.0.1:33437,r=/127.0.0.1:57240,OPEN,fill=FI,flush=-,to=0/30000}{io=1/1,kio=1,kro=1}->SslConnection@33815acc{NOT_HANDSHAKING,eio=-1/-1,di=-1,fill=INTERESTED,flush=IDLE}~>DecryptedEndPoint@6fd18afd{l=/127.0.0.1:33437,r=/127.0.0.1:57240,OPEN,fill=FI,flush=-,to=0/30000}=>HttpConnection@1e2d0221[p=HttpParser{s=START,0 of -1},g=HttpGenerator@5064a823{s=START}]=>HttpChannelOverHttp@60a85cce{s=HttpChannelState@1c8269b3{s=IDLE rs=BLOCKING os=OPEN is=IDLE awp=false se=false i=true al=0},r=0,c=false/false,a=IDLE,uri=null,age=0} 
04:29:54.295 [qtp399373008-62] DEBUG org.eclipse.jetty.io.ChannelEndPoint - onSelected 1->0 r=true w=false for SocketChannelEndPoint@5624b09e{l=/127.0.0.1:33437,r=/127.0.0.1:57240,OPEN,fill=FI,flush=-,to=0/30000}{io=1/0,kio=1,kro=1}->SslConnection@33815acc{NOT_HANDSHAKING,eio=-1/-1,di=-1,fill=INTERESTED,flush=IDLE}~>DecryptedEndPoint@6fd18afd{l=/127.0.0.1:33437,r=/127.0.0.1:57240,OPEN,fill=FI,flush=-,to=0/30000}=>HttpConnection@1e2d0221[p=HttpParser{s=START,0 of -1},g=HttpGenerator@5064a823{s=START}]=>HttpChannelOverHttp@60a85cce{s=HttpChannelState@1c8269b3{s=IDLE rs=BLOCKING os=OPEN is=IDLE awp=false se=false i=true al=0},r=0,c=false/false,a=IDLE,uri=null,age=0}
04:29:54.295 [qtp399373008-62] DEBUG org.eclipse.jetty.io.ChannelEndPoint - task CEP:SocketChannelEndPoint@5624b09e{l=/127.0.0.1:33437,r=/127.0.0.1:57240,OPEN,fill=FI,flush=-,to=0/30000}{io=1/0,kio=1,kro=1}->SslConnection@33815acc{NOT_HANDSHAKING,eio=-1/-1,di=-1,fill=INTERESTED,flush=IDLE}~>DecryptedEndPoint@6fd18afd{l=/127.0.0.1:33437,r=/127.0.0.1:57240,OPEN,fill=FI,flush=-,to=1/30000}=>HttpConnection@1e2d0221[p=HttpParser{s=START,0 of -1},g=HttpGenerator@5064a823{s=START}]=>HttpChannelOverHttp@60a85cce{s=HttpChannelState@1c8269b3{s=IDLE rs=BLOCKING os=OPEN is=IDLE awp=false se=false i=true al=0},r=0,c=false/false,a=IDLE,uri=null,age=0}:runFillable:BLOCKING
04:29:54.295 [qtp399373008-62] DEBUG org.eclipse.jetty.util.thread.ReservedThreadExecutor - ReservedThreadExecutor@424fd310{reserved=2/8,pending=0} tryExecute EatWhatYouKill@f478a81/SelectorProducer@19553973/PRODUCING/p=false/QueuedThreadPool[qtp399373008]@17cdf2d0{STARTED,8<=8<=200,i=1,r=-1,q=0}[ReservedThreadExecutor@424fd310{reserved=2/8,pending=0}][pc=0,pic=0,pec=0,epc=3]@2024-05-02T04:29:54.295+01:00
04:29:54.296 [qtp399373008-62] DEBUG org.eclipse.jetty.util.thread.strategy.EatWhatYouKill - EatWhatYouKill@f478a81/SelectorProducer@19553973/IDLE/p=true/QueuedThreadPool[qtp399373008]@17cdf2d0{STARTED,8<=8<=200,i=1,r=-1,q=0}[ReservedThreadExecutor@424fd310{reserved=1/8,pending=0}][pc=0,pic=0,pec=0,epc=3]@2024-05-02T04:29:54.295+01:00 m=EXECUTE_PRODUCE_CONSUME t=CEP:SocketChannelEndPoint@5624b09e{l=/127.0.0.1:33437,r=/127.0.0.1:57240,OPEN,fill=FI,flush=-,to=1/30000}{io=1/0,kio=1,kro=1}->SslConnection@33815acc{NOT_HANDSHAKING,eio=-1/-1,di=-1,fill=INTERESTED,flush=IDLE}~>DecryptedEndPoint@6fd18afd{l=/127.0.0.1:33437,r=/127.0.0.1:57240,OPEN,fill=FI,flush=-,to=1/30000}=>HttpConnection@1e2d0221[p=HttpParser{s=START,0 of -1},g=HttpGenerator@5064a823{s=START}]=>HttpChannelOverHttp@60a85cce{s=HttpChannelState@1c8269b3{s=IDLE rs=BLOCKING os=OPEN is=IDLE awp=false se=false i=true al=0},r=0,c=false/false,a=IDLE,uri=null,age=0}:runFillable:BLOCKING/BLOCKING
04:29:54.296 [qtp399373008-56] DEBUG org.eclipse.jetty.util.thread.ReservedThreadExecutor - ReservedThread@32c91a88{RESERVED,thread=Thread[qtp399373008-56,5,main]} task=EatWhatYouKill@f478a81/SelectorProducer@19553973/IDLE/p=true/QueuedThreadPool[qtp399373008]@17cdf2d0{STARTED,8<=8<=200,i=1,r=-1,q=0}[ReservedThreadExecutor@424fd310{reserved=1/8,pending=0}][pc=0,pic=0,pec=0,epc=3]@2024-05-02T04:29:54.296+01:00 ReservedThreadExecutor@424fd310{reserved=1/8,pending=0}
04:29:54.296 [qtp399373008-62] DEBUG org.eclipse.jetty.io.FillInterest - fillable FillInterest@11c01a94{SSLC.NBReadCB@33815acc{SslConnection@33815acc::SocketChannelEndPoint@5624b09e{l=/127.0.0.1:33437,r=/127.0.0.1:57240,OPEN,fill=FI,flush=-,to=1/30000}{io=1/0,kio=1,kro=1}->SslConnection@33815acc{NOT_HANDSHAKING,eio=-1/-1,di=-1,fill=INTERESTED,flush=IDLE}~>DecryptedEndPoint@6fd18afd{l=/127.0.0.1:33437,r=/127.0.0.1:57240,OPEN,fill=FI,flush=-,to=1/30000}=>HttpConnection@1e2d0221[p=HttpParser{s=START,0 of -1},g=HttpGenerator@5064a823{s=START}]=>HttpChannelOverHttp@60a85cce{s=HttpChannelState@1c8269b3{s=IDLE rs=BLOCKING os=OPEN is=IDLE awp=false se=false i=true al=0},r=0,c=false/false,a=IDLE,uri=null,age=0}}}
04:29:54.296 [qtp399373008-62] DEBUG org.eclipse.jetty.io.ssl.SslConnection - >c.onFillable SslConnection@33815acc::SocketChannelEndPoint@5624b09e{l=/127.0.0.1:33437,r=/127.0.0.1:57240,OPEN,fill=-,flush=-,to=1/30000}{io=1/0,kio=1,kro=1}->SslConnection@33815acc{NOT_HANDSHAKING,eio=-1/-1,di=-1,fill=INTERESTED,flush=IDLE}~>DecryptedEndPoint@6fd18afd{l=/127.0.0.1:33437,r=/127.0.0.1:57240,OPEN,fill=FI,flush=-,to=1/30000}=>HttpConnection@1e2d0221[p=HttpParser{s=START,0 of -1},g=HttpGenerator@5064a823{s=START}]=>HttpChannelOverHttp@60a85cce{s=HttpChannelState@1c8269b3{s=IDLE rs=BLOCKING os=OPEN is=IDLE awp=false se=false i=true al=0},r=0,c=false/false,a=IDLE,uri=null,age=0}
04:29:54.296 [qtp399373008-56] DEBUG org.eclipse.jetty.util.thread.strategy.EatWhatYouKill - EatWhatYouKill@f478a81/SelectorProducer@19553973/IDLE/p=true/QueuedThreadPool[qtp399373008]@17cdf2d0{STARTED,8<=8<=200,i=1,r=-1,q=0}[ReservedThreadExecutor@424fd310{reserved=1/8,pending=0}][pc=0,pic=0,pec=0,epc=4]@2024-05-02T04:29:54.296+01:00 tryProduce true
04:29:54.296 [qtp399373008-56] DEBUG org.eclipse.jetty.io.ManagedSelector - updateable 0
04:29:54.296 [qtp399373008-56] DEBUG org.eclipse.jetty.io.ManagedSelector - updates 0
04:29:54.296 [qtp399373008-62] DEBUG org.eclipse.jetty.io.ssl.SslConnection - onFillable SslConnection@33815acc::SocketChannelEndPoint@5624b09e{l=/127.0.0.1:33437,r=/127.0.0.1:57240,OPEN,fill=-,flush=-,to=1/30000}{io=1/0,kio=1,kro=1}->SslConnection@33815acc{NOT_HANDSHAKING,eio=-1/-1,di=-1,fill=INTERESTED,flush=IDLE}~>DecryptedEndPoint@6fd18afd{l=/127.0.0.1:33437,r=/127.0.0.1:57240,OPEN,fill=FI,flush=-,to=1/30000}=>HttpConnection@1e2d0221[p=HttpParser{s=START,0 of -1},g=HttpGenerator@5064a823{s=START}]=>HttpChannelOverHttp@60a85cce{s=HttpChannelState@1c8269b3{s=IDLE rs=BLOCKING os=OPEN is=IDLE awp=false se=false i=true al=0},r=0,c=false/false,a=IDLE,uri=null,age=0}
04:29:54.296 [qtp399373008-62] DEBUG org.eclipse.jetty.io.FillInterest - fillable FillInterest@26ae8404{AC.ReadCB@1e2d0221{HttpConnection@1e2d0221::DecryptedEndPoint@6fd18afd{l=/127.0.0.1:33437,r=/127.0.0.1:57240,OPEN,fill=FI,flush=-,to=1/30000}}}
04:29:54.296 [qtp399373008-62] DEBUG org.eclipse.jetty.server.HttpConnection - HttpConnection@1e2d0221::DecryptedEndPoint@6fd18afd{l=/127.0.0.1:33437,r=/127.0.0.1:57240,OPEN,fill=-,flush=-,to=1/30000} onFillable enter HttpChannelState@1c8269b3{s=IDLE rs=BLOCKING os=OPEN is=IDLE awp=false se=false i=true al=0} null
04:29:54.296 [qtp399373008-56] DEBUG org.eclipse.jetty.io.ChannelEndPoint - Key interests updated 1 -> 0 on SocketChannelEndPoint@5624b09e{l=/127.0.0.1:33437,r=/127.0.0.1:57240,OPEN,fill=-,flush=-,to=1/30000}{io=0/0,kio=0,kro=1}->SslConnection@33815acc{NOT_HANDSHAKING,eio=-1/-1,di=-1,fill=INTERESTED,flush=IDLE}~>DecryptedEndPoint@6fd18afd{l=/127.0.0.1:33437,r=/127.0.0.1:57240,OPEN,fill=FI,flush=-,to=1/30000}=>HttpConnection@1e2d0221[p=HttpParser{s=START,0 of -1},g=HttpGenerator@5064a823{s=START}]=>HttpChannelOverHttp@60a85cce{s=HttpChannelState@1c8269b3{s=IDLE rs=BLOCKING os=OPEN is=IDLE awp=false se=false i=true al=0},r=0,c=false/false,a=IDLE,uri=null,age=0}
04:29:54.296 [qtp399373008-56] DEBUG org.eclipse.jetty.io.ManagedSelector - Selector sun.nio.ch.EPollSelectorImpl@5b063887 waiting with 2 keys
04:29:54.296 [qtp399373008-62] DEBUG org.eclipse.jetty.io.ssl.SslConnection - >fill SslConnection@33815acc::SocketChannelEndPoint@5624b09e{l=/127.0.0.1:33437,r=/127.0.0.1:57240,OPEN,fill=-,flush=-,to=1/30000}{io=0/0,kio=0,kro=1}->SslConnection@33815acc{NOT_HANDSHAKING,eio=-1/-1,di=-1,fill=IDLE,flush=IDLE}~>DecryptedEndPoint@6fd18afd{l=/127.0.0.1:33437,r=/127.0.0.1:57240,OPEN,fill=-,flush=-,to=1/30000}=>HttpConnection@1e2d0221[p=HttpParser{s=START,0 of -1},g=HttpGenerator@5064a823{s=START}]=>HttpChannelOverHttp@60a85cce{s=HttpChannelState@1c8269b3{s=IDLE rs=BLOCKING os=OPEN is=IDLE awp=false se=false i=true al=0},r=0,c=false/false,a=IDLE,uri=null,age=0}
04:29:54.296 [qtp399373008-62] DEBUG org.eclipse.jetty.io.ssl.SslConnection - fill NOT_HANDSHAKING
04:29:54.296 [qtp399373008-62] DEBUG org.eclipse.jetty.io.ChannelEndPoint - filled 339 HeapByteBuffer@6a5710bf[p=0,l=339,c=17408,r=339]={<<<\x16\x03\x03\x01N\x01\x00\x01J\x03\x03_\xA8\xB6\x06\xF2\x1e\xA1f,NU\x82\x04\x98...\xA5\x01{\xA9s6\x92}\x97\xAa\xD1\xF9\xF0\x9d\xB0\xDd\xB3\x94\xFf\x01\x00\x01\x00>>>\xF9\xFb}{\xC0\xFag\xC6G...\x00\x00\x00\x00\x00\x00\x00}
04:29:54.296 [qtp399373008-62] DEBUG org.eclipse.jetty.io.ssl.SslConnection - net filled=339
04:29:54.296 [qtp399373008-62] DEBUG org.eclipse.jetty.io.ssl.SslConnection - fill starting handshake SslConnection@33815acc::SocketChannelEndPoint@5624b09e{l=/127.0.0.1:33437,r=/127.0.0.1:57240,OPEN,fill=-,flush=-,to=0/30000}{io=0/0,kio=0,kro=1}->SslConnection@33815acc{NOT_HANDSHAKING,eio=339/-1,di=-1,fill=IDLE,flush=IDLE}~>DecryptedEndPoint@6fd18afd{l=/127.0.0.1:33437,r=/127.0.0.1:57240,OPEN,fill=-,flush=-,to=2/30000}=>HttpConnection@1e2d0221[p=HttpParser{s=START,0 of -1},g=HttpGenerator@5064a823{s=START}]=>HttpChannelOverHttp@60a85cce{s=HttpChannelState@1c8269b3{s=IDLE rs=BLOCKING os=OPEN is=IDLE awp=false se=false i=true al=0},r=0,c=false/false,a=IDLE,uri=null,age=0}
04:29:54.297 [qtp399373008-62] DEBUG org.eclipse.jetty.io.ssl.SslConnection - unwrap net_filled=339 Status = OK HandshakeStatus = NEED_TASK bytesConsumed = 339 bytesProduced = 0 encryptedBuffer=[p=339,l=339,c=17408,r=0] unwrapBuffer=HeapByteBuffer@60af7bcf[p=0,l=0,c=17408,r=0]={<<<>>>\x17\x03\x03\x00\xC9i\x14\xD1\x8e...\x00\x00\x00\x00\x00\x00\x00} appBuffer=HeapByteBuffer@60af7bcf[p=0,l=0,c=17408,r=0]={<<<>>>\x17\x03\x03\x00\xC9i\x14\xD1\x8e...\x00\x00\x00\x00\x00\x00\x00}
04:29:54.297 [qtp399373008-62] DEBUG org.eclipse.jetty.io.ssl.SslConnection - fill NEED_TASK
04:29:54.304 [qtp399373008-62] DEBUG org.eclipse.jetty.io.ssl.SslConnection - fill NEED_WRAP
04:29:54.304 [qtp399373008-62] DEBUG org.eclipse.jetty.io.ssl.SslConnection - >flush SslConnection@33815acc::SocketChannelEndPoint@5624b09e{l=/127.0.0.1:33437,r=/127.0.0.1:57240,OPEN,fill=-,flush=-,to=8/30000}{io=0/0,kio=0,kro=1}->SslConnection@33815acc{NEED_WRAP,eio=0/-1,di=-1,fill=IDLE,flush=IDLE}~>DecryptedEndPoint@6fd18afd{l=/127.0.0.1:33437,r=/127.0.0.1:57240,OPEN,fill=-,flush=-,to=10/30000}=>HttpConnection@1e2d0221[p=HttpParser{s=START,0 of -1},g=HttpGenerator@5064a823{s=START}]=>HttpChannelOverHttp@60a85cce{s=HttpChannelState@1c8269b3{s=IDLE rs=BLOCKING os=OPEN is=IDLE awp=false se=false i=true al=0},r=0,c=false/false,a=IDLE,uri=null,age=0}
04:29:54.304 [qtp399373008-62] DEBUG org.eclipse.jetty.io.ssl.SslConnection - flush b[0]=HeapByteBuffer@29624c55[p=0,l=0,c=0,r=0]={<<<>>>}
04:29:54.304 [qtp399373008-62] DEBUG org.eclipse.jetty.io.ssl.SslConnection - flush NEED_WRAP
04:29:54.305 [qtp399373008-62] DEBUG org.eclipse.jetty.io.ssl.SslConnection - wrap Status = OK HandshakeStatus = NEED_WRAP bytesConsumed = 0 bytesProduced = 160 [p=0,l=160,c=17408,r=160] ioDone=false/false
04:29:54.305 [qtp399373008-62] DEBUG org.eclipse.jetty.io.ChannelEndPoint - flushed 160 SocketChannelEndPoint@5624b09e{l=/127.0.0.1:33437,r=/127.0.0.1:57240,OPEN,fill=-,flush=-,to=8/30000}{io=0/0,kio=0,kro=1}->SslConnection@33815acc{NEED_WRAP,eio=0/0,di=-1,fill=IDLE,flush=IDLE}~>DecryptedEndPoint@6fd18afd{l=/127.0.0.1:33437,r=/127.0.0.1:57240,OPEN,fill=-,flush=-,to=10/30000}=>HttpConnection@1e2d0221[p=HttpParser{s=START,0 of -1},g=HttpGenerator@5064a823{s=START}]=>HttpChannelOverHttp@60a85cce{s=HttpChannelState@1c8269b3{s=IDLE rs=BLOCKING os=OPEN is=IDLE awp=false se=false i=true al=0},r=0,c=false/false,a=IDLE,uri=null,age=0}
04:29:54.305 [qtp399373008-62] DEBUG org.eclipse.jetty.io.ssl.SslConnection - net flushed=true, ac=true
04:29:54.305 [qtp399373008-62] DEBUG org.eclipse.jetty.io.ssl.SslConnection - flush NEED_WRAP
04:29:54.305 [qtp399373008-62] DEBUG org.eclipse.jetty.io.ssl.SslConnection - wrap Status = OK HandshakeStatus = NEED_WRAP bytesConsumed = 0 bytesProduced = 6 [p=0,l=6,c=17408,r=6] ioDone=false/false
04:29:54.305 [qtp399373008-62] DEBUG org.eclipse.jetty.io.ChannelEndPoint - flushed 6 SocketChannelEndPoint@5624b09e{l=/127.0.0.1:33437,r=/127.0.0.1:57240,OPEN,fill=-,flush=-,to=0/30000}{io=0/0,kio=0,kro=1}->SslConnection@33815acc{NEED_WRAP,eio=0/0,di=-1,fill=IDLE,flush=IDLE}~>DecryptedEndPoint@6fd18afd{l=/127.0.0.1:33437,r=/127.0.0.1:57240,OPEN,fill=-,flush=-,to=10/30000}=>HttpConnection@1e2d0221[p=HttpParser{s=START,0 of -1},g=HttpGenerator@5064a823{s=START}]=>HttpChannelOverHttp@60a85cce{s=HttpChannelState@1c8269b3{s=IDLE rs=BLOCKING os=OPEN is=IDLE awp=false se=false i=true al=0},r=0,c=false/false,a=IDLE,uri=null,age=0}
04:29:54.305 [qtp399373008-62] DEBUG org.eclipse.jetty.io.ssl.SslConnection - net flushed=true, ac=true
04:29:54.305 [qtp399373008-62] DEBUG org.eclipse.jetty.io.ssl.SslConnection - flush NEED_WRAP
04:29:54.305 [qtp399373008-62] DEBUG org.eclipse.jetty.io.ssl.SslConnection - wrap Status = OK HandshakeStatus = NEED_UNWRAP bytesConsumed = 0 bytesProduced = 1597 [p=0,l=1597,c=17408,r=1597] ioDone=false/false
04:29:54.305 [qtp399373008-62] DEBUG org.eclipse.jetty.io.ChannelEndPoint - flushed 1597 SocketChannelEndPoint@5624b09e{l=/127.0.0.1:33437,r=/127.0.0.1:57240,OPEN,fill=-,flush=-,to=0/30000}{io=0/0,kio=0,kro=1}->SslConnection@33815acc{NEED_UNWRAP,eio=0/0,di=-1,fill=IDLE,flush=IDLE}~>DecryptedEndPoint@6fd18afd{l=/127.0.0.1:33437,r=/127.0.0.1:57240,OPEN,fill=-,flush=-,to=11/30000}=>HttpConnection@1e2d0221[p=HttpParser{s=START,0 of -1},g=HttpGenerator@5064a823{s=START}]=>HttpChannelOverHttp@60a85cce{s=HttpChannelState@1c8269b3{s=IDLE rs=BLOCKING os=OPEN is=IDLE awp=false se=false i=true al=0},r=0,c=false/false,a=IDLE,uri=null,age=0}
04:29:54.305 [qtp399373008-62] DEBUG org.eclipse.jetty.io.ssl.SslConnection - net flushed=true, ac=true
04:29:54.306 [qtp399373008-62] DEBUG org.eclipse.jetty.io.ssl.SslConnection - <flush true SslConnection@33815acc::SocketChannelEndPoint@5624b09e{l=/127.0.0.1:33437,r=/127.0.0.1:57240,OPEN,fill=-,flush=-,to=0/30000}{io=0/0,kio=0,kro=1}->SslConnection@33815acc{NEED_UNWRAP,eio=0/-1,di=-1,fill=IDLE,flush=IDLE}~>DecryptedEndPoint@6fd18afd{l=/127.0.0.1:33437,r=/127.0.0.1:57240,OPEN,fill=-,flush=-,to=11/30000}=>HttpConnection@1e2d0221[p=HttpParser{s=START,0 of -1},g=HttpGenerator@5064a823{s=START}]=>HttpChannelOverHttp@60a85cce{s=HttpChannelState@1c8269b3{s=IDLE rs=BLOCKING os=OPEN is=IDLE awp=false se=false i=true al=0},r=0,c=false/false,a=IDLE,uri=null,age=0}
04:29:54.306 [qtp399373008-62] DEBUG org.eclipse.jetty.io.ssl.SslConnection - fill NEED_UNWRAP
04:29:54.306 [qtp399373008-62] DEBUG org.eclipse.jetty.io.ChannelEndPoint - filled 0 HeapByteBuffer@6a5710bf[p=0,l=0,c=17408,r=0]={<<<>>>\x16\x03\x03\x01N\x01\x00\x01J...\x00\x00\x00\x00\x00\x00\x00}
04:29:54.306 [qtp399373008-62] DEBUG org.eclipse.jetty.io.ssl.SslConnection - net filled=0
04:29:54.306 [qtp399373008-62] DEBUG org.eclipse.jetty.io.ssl.SslConnection - unwrap net_filled=0 Status = BUFFER_UNDERFLOW HandshakeStatus = NEED_UNWRAP bytesConsumed = 0 bytesProduced = 0 encryptedBuffer=[p=0,l=0,c=17408,r=0] unwrapBuffer=HeapByteBuffer@60af7bcf[p=0,l=0,c=17408,r=0]={<<<>>>\x17\x03\x03\x00\xC9i\x14\xD1\x8e...\x00\x00\x00\x00\x00\x00\x00} appBuffer=HeapByteBuffer@60af7bcf[p=0,l=0,c=17408,r=0]={<<<>>>\x17\x03\x03\x00\xC9i\x14\xD1\x8e...\x00\x00\x00\x00\x00\x00\x00}
04:29:54.306 [qtp399373008-62] DEBUG org.eclipse.jetty.io.ssl.SslConnection - <fill f=0 uf=true SslConnection@33815acc::SocketChannelEndPoint@5624b09e{l=/127.0.0.1:33437,r=/127.0.0.1:57240,OPEN,fill=-,flush=-,to=0/30000}{io=0/0,kio=0,kro=1}->SslConnection@33815acc{NEED_UNWRAP,eio=-1/-1,di=-1,fill=IDLE,flush=IDLE}~>DecryptedEndPoint@6fd18afd{l=/127.0.0.1:33437,r=/127.0.0.1:57240,OPEN,fill=-,flush=-,to=11/30000}=>HttpConnection@1e2d0221[p=HttpParser{s=START,0 of -1},g=HttpGenerator@5064a823{s=START}]=>HttpChannelOverHttp@60a85cce{s=HttpChannelState@1c8269b3{s=IDLE rs=BLOCKING os=OPEN is=IDLE awp=false se=false i=true al=0},r=0,c=false/false,a=IDLE,uri=null,age=0}
04:29:54.306 [qtp399373008-62] DEBUG org.eclipse.jetty.io.ssl.SslConnection - >fill SslConnection@33815acc::SocketChannelEndPoint@5624b09e{l=/127.0.0.1:33437,r=/127.0.0.1:57240,OPEN,fill=-,flush=-,to=0/30000}{io=0/0,kio=0,kro=1}->SslConnection@33815acc{NEED_UNWRAP,eio=-1/-1,di=-1,fill=IDLE,flush=IDLE}~>DecryptedEndPoint@6fd18afd{l=/127.0.0.1:33437,r=/127.0.0.1:57240,OPEN,fill=-,flush=-,to=11/30000}=>HttpConnection@1e2d0221[p=HttpParser{s=START,0 of -1},g=HttpGenerator@5064a823{s=START}]=>HttpChannelOverHttp@60a85cce{s=HttpChannelState@1c8269b3{s=IDLE rs=BLOCKING os=OPEN is=IDLE awp=false se=false i=true al=0},r=0,c=false/false,a=IDLE,uri=null,age=0}
04:29:54.306 [qtp399373008-62] DEBUG org.eclipse.jetty.io.ssl.SslConnection - fill NEED_UNWRAP
04:29:54.306 [qtp399373008-62] DEBUG org.eclipse.jetty.io.ChannelEndPoint - filled 0 HeapByteBuffer@6e6899aa[p=0,l=0,c=17408,r=0]={<<<>>>\x17\x03\x03\x068\x94\xE4\xFcN...\x00\x00\x00\x00\x00\x00\x00}
04:29:54.306 [qtp399373008-62] DEBUG org.eclipse.jetty.io.ssl.SslConnection - net filled=0
04:29:54.306 [qtp399373008-62] DEBUG org.eclipse.jetty.io.ssl.SslConnection - unwrap net_filled=0 Status = BUFFER_UNDERFLOW HandshakeStatus = NEED_UNWRAP bytesConsumed = 0 bytesProduced = 0 encryptedBuffer=[p=0,l=0,c=17408,r=0] unwrapBuffer=HeapByteBuffer@60af7bcf[p=0,l=0,c=17408,r=0]={<<<>>>\x17\x03\x03\x00\xC9i\x14\xD1\x8e...\x00\x00\x00\x00\x00\x00\x00} appBuffer=HeapByteBuffer@60af7bcf[p=0,l=0,c=17408,r=0]={<<<>>>\x17\x03\x03\x00\xC9i\x14\xD1\x8e...\x00\x00\x00\x00\x00\x00\x00}
04:29:54.306 [qtp399373008-62] DEBUG org.eclipse.jetty.io.ssl.SslConnection - <fill f=0 uf=true SslConnection@33815acc::SocketChannelEndPoint@5624b09e{l=/127.0.0.1:33437,r=/127.0.0.1:57240,OPEN,fill=-,flush=-,to=0/30000}{io=0/0,kio=0,kro=1}->SslConnection@33815acc{NEED_UNWRAP,eio=-1/-1,di=-1,fill=IDLE,flush=IDLE}~>DecryptedEndPoint@6fd18afd{l=/127.0.0.1:33437,r=/127.0.0.1:57240,OPEN,fill=-,flush=-,to=11/30000}=>HttpConnection@1e2d0221[p=HttpParser{s=START,0 of -1},g=HttpGenerator@5064a823{s=START}]=>HttpChannelOverHttp@60a85cce{s=HttpChannelState@1c8269b3{s=IDLE rs=BLOCKING os=OPEN is=IDLE awp=false se=false i=true al=0},r=0,c=false/false,a=IDLE,uri=null,age=0}
04:29:54.306 [qtp399373008-62] DEBUG org.eclipse.jetty.server.HttpConnection - HttpConnection@1e2d0221::DecryptedEndPoint@6fd18afd{l=/127.0.0.1:33437,r=/127.0.0.1:57240,OPEN,fill=-,flush=-,to=11/30000} filled 0 HeapByteBuffer@60af7bcf[p=0,l=0,c=17408,r=0]={<<<>>>\x17\x03\x03\x00\xC9i\x14\xD1\x8e...\x00\x00\x00\x00\x00\x00\x00}
04:29:54.306 [qtp399373008-62] DEBUG org.eclipse.jetty.server.HttpConnection - HttpConnection@1e2d0221::DecryptedEndPoint@6fd18afd{l=/127.0.0.1:33437,r=/127.0.0.1:57240,OPEN,fill=-,flush=-,to=11/30000} parse HeapByteBuffer@60af7bcf[p=0,l=0,c=17408,r=0]={<<<>>>\x17\x03\x03\x00\xC9i\x14\xD1\x8e...\x00\x00\x00\x00\x00\x00\x00} {}
04:29:54.306 [qtp399373008-62] DEBUG org.eclipse.jetty.http.HttpParser - parseNext s=START HeapByteBuffer@60af7bcf[p=0,l=0,c=17408,r=0]={<<<>>>\x17\x03\x03\x00\xC9i\x14\xD1\x8e...\x00\x00\x00\x00\x00\x00\x00}
04:29:54.306 [qtp399373008-62] DEBUG org.eclipse.jetty.server.HttpConnection - HttpConnection@1e2d0221::DecryptedEndPoint@6fd18afd{l=/127.0.0.1:33437,r=/127.0.0.1:57240,OPEN,fill=-,flush=-,to=11/30000} parsed false HttpParser{s=START,0 of -1}
04:29:54.306 [qtp399373008-62] DEBUG org.eclipse.jetty.server.HttpConnection - releaseRequestBuffer HttpConnection@1e2d0221::DecryptedEndPoint@6fd18afd{l=/127.0.0.1:33437,r=/127.0.0.1:57240,OPEN,fill=-,flush=-,to=11/30000}
04:29:54.306 [qtp399373008-62] DEBUG org.eclipse.jetty.io.AbstractConnection - fillInterested HttpConnection@1e2d0221::DecryptedEndPoint@6fd18afd{l=/127.0.0.1:33437,r=/127.0.0.1:57240,OPEN,fill=-,flush=-,to=11/30000}
04:29:54.306 [qtp399373008-62] DEBUG org.eclipse.jetty.io.FillInterest - interested FillInterest@26ae8404{AC.ReadCB@1e2d0221{HttpConnection@1e2d0221::DecryptedEndPoint@6fd18afd{l=/127.0.0.1:33437,r=/127.0.0.1:57240,OPEN,fill=FI,flush=-,to=0/30000}}}
04:29:54.306 [qtp399373008-62] DEBUG org.eclipse.jetty.io.ssl.SslConnection - >needFillInterest s=IDLE/IDLE uf=true ei=null di=null SslConnection@33815acc::SocketChannelEndPoint@5624b09e{l=/127.0.0.1:33437,r=/127.0.0.1:57240,OPEN,fill=-,flush=-,to=0/30000}{io=0/0,kio=0,kro=1}->SslConnection@33815acc{NEED_UNWRAP,eio=-1/-1,di=-1,fill=IDLE,flush=IDLE}~>DecryptedEndPoint@6fd18afd{l=/127.0.0.1:33437,r=/127.0.0.1:57240,OPEN,fill=FI,flush=-,to=0/30000}=>HttpConnection@1e2d0221[p=HttpParser{s=START,0 of -1},g=HttpGenerator@5064a823{s=START}]=>HttpChannelOverHttp@60a85cce{s=HttpChannelState@1c8269b3{s=IDLE rs=BLOCKING os=OPEN is=IDLE awp=false se=false i=true al=0},r=0,c=false/false,a=IDLE,uri=null,age=0}
04:29:54.306 [qtp399373008-62] DEBUG org.eclipse.jetty.io.ssl.SslConnection - <needFillInterest s=IDLE/INTERESTED f=false i=true w=null
04:29:54.306 [qtp399373008-62] DEBUG org.eclipse.jetty.io.ssl.SslConnection - ensureFillInterested SslConnection@33815acc::SocketChannelEndPoint@5624b09e{l=/127.0.0.1:33437,r=/127.0.0.1:57240,OPEN,fill=-,flush=-,to=0/30000}{io=0/0,kio=0,kro=1}->SslConnection@33815acc{NEED_UNWRAP,eio=-1/-1,di=-1,fill=INTERESTED,flush=IDLE}~>DecryptedEndPoint@6fd18afd{l=/127.0.0.1:33437,r=/127.0.0.1:57240,OPEN,fill=FI,flush=-,to=0/30000}=>HttpConnection@1e2d0221[p=HttpParser{s=START,0 of -1},g=HttpGenerator@5064a823{s=START}]=>HttpChannelOverHttp@60a85cce{s=HttpChannelState@1c8269b3{s=IDLE rs=BLOCKING os=OPEN is=IDLE awp=false se=false i=true al=0},r=0,c=false/false,a=IDLE,uri=null,age=0}
04:29:54.306 [qtp399373008-62] DEBUG org.eclipse.jetty.io.FillInterest - interested FillInterest@11c01a94{SSLC.NBReadCB@33815acc{SslConnection@33815acc::SocketChannelEndPoint@5624b09e{l=/127.0.0.1:33437,r=/127.0.0.1:57240,OPEN,fill=FI,flush=-,to=0/30000}{io=0/0,kio=0,kro=1}->SslConnection@33815acc{NEED_UNWRAP,eio=-1/-1,di=-1,fill=INTERESTED,flush=IDLE}~>DecryptedEndPoint@6fd18afd{l=/127.0.0.1:33437,r=/127.0.0.1:57240,OPEN,fill=FI,flush=-,to=0/30000}=>HttpConnection@1e2d0221[p=HttpParser{s=START,0 of -1},g=HttpGenerator@5064a823{s=START}]=>HttpChannelOverHttp@60a85cce{s=HttpChannelState@1c8269b3{s=IDLE rs=BLOCKING os=OPEN is=IDLE awp=false se=false i=true al=0},r=0,c=false/false,a=IDLE,uri=null,age=0}}}
04:29:54.306 [qtp399373008-62] DEBUG org.eclipse.jetty.io.ChannelEndPoint - changeInterests p=false 0->1 for SocketChannelEndPoint@5624b09e{l=/127.0.0.1:33437,r=/127.0.0.1:57240,OPEN,fill=FI,flush=-,to=0/30000}{io=0/1,kio=0,kro=1}->SslConnection@33815acc{NEED_UNWRAP,eio=-1/-1,di=-1,fill=INTERESTED,flush=IDLE}~>DecryptedEndPoint@6fd18afd{l=/127.0.0.1:33437,r=/127.0.0.1:57240,OPEN,fill=FI,flush=-,to=0/30000}=>HttpConnection@1e2d0221[p=HttpParser{s=START,0 of -1},g=HttpGenerator@5064a823{s=START}]=>HttpChannelOverHttp@60a85cce{s=HttpChannelState@1c8269b3{s=IDLE rs=BLOCKING os=OPEN is=IDLE awp=false se=false i=true al=0},r=0,c=false/false,a=IDLE,uri=null,age=0}
04:29:54.306 [qtp399373008-62] DEBUG org.eclipse.jetty.io.ManagedSelector - Queued change lazy=false org.eclipse.jetty.io.ChannelEndPoint$$Lambda$255/1126011505@282e655a on ManagedSelector@7bb6ab3a{STARTED} id=3 keys=2 selected=0 updates=0
04:29:54.306 [qtp399373008-62] DEBUG org.eclipse.jetty.io.ManagedSelector - Wakeup on submit ManagedSelector@7bb6ab3a{STARTED} id=3 keys=2 selected=0 updates=1
04:29:54.307 [qtp399373008-62] DEBUG org.eclipse.jetty.server.HttpConnection - HttpConnection@1e2d0221::DecryptedEndPoint@6fd18afd{l=/127.0.0.1:33437,r=/127.0.0.1:57240,OPEN,fill=FI,flush=-,to=0/30000} onFillable exit HttpChannelState@1c8269b3{s=IDLE rs=BLOCKING os=OPEN is=IDLE awp=false se=false i=true al=0} null
04:29:54.307 [qtp399373008-62] DEBUG org.eclipse.jetty.io.ssl.SslConnection - <c.onFillable SslConnection@33815acc::SocketChannelEndPoint@5624b09e{l=/127.0.0.1:33437,r=/127.0.0.1:57240,OPEN,fill=FI,flush=-,to=0/30000}{io=0/1,kio=0,kro=1}->SslConnection@33815acc{NEED_UNWRAP,eio=-1/-1,di=-1,fill=INTERESTED,flush=IDLE}~>DecryptedEndPoint@6fd18afd{l=/127.0.0.1:33437,r=/127.0.0.1:57240,OPEN,fill=FI,flush=-,to=0/30000}=>HttpConnection@1e2d0221[p=HttpParser{s=START,0 of -1},g=HttpGenerator@5064a823{s=START}]=>HttpChannelOverHttp@60a85cce{s=HttpChannelState@1c8269b3{s=IDLE rs=BLOCKING os=OPEN is=IDLE awp=false se=false i=true al=0},r=0,c=false/false,a=IDLE,uri=null,age=0}
04:29:54.307 [qtp399373008-62] DEBUG org.eclipse.jetty.util.thread.ReservedThreadExecutor - ReservedThread@724c02dc{RUNNING,thread=Thread[qtp399373008-62,5,main]} was=RUNNING next=RESERVED size=0+2 capacity=8
04:29:54.307 [qtp399373008-62] DEBUG org.eclipse.jetty.util.thread.ReservedThreadExecutor - ReservedThread@724c02dc{RESERVED,thread=Thread[qtp399373008-62,5,main]} waiting ReservedThreadExecutor@424fd310{reserved=2/8,pending=0}
04:29:54.307 [qtp399373008-56] DEBUG org.eclipse.jetty.io.ManagedSelector - Selector sun.nio.ch.EPollSelectorImpl@5b063887 woken with none selected
04:29:54.307 [qtp399373008-56] DEBUG org.eclipse.jetty.io.ManagedSelector - Selector sun.nio.ch.EPollSelectorImpl@5b063887 woken up from select, 0/0/2 selected
04:29:54.307 [qtp399373008-56] DEBUG org.eclipse.jetty.io.ManagedSelector - Selector sun.nio.ch.EPollSelectorImpl@5b063887 processing 0 keys, 1 updates
04:29:54.307 [qtp399373008-56] DEBUG org.eclipse.jetty.io.ManagedSelector - updateable 1
04:29:54.307 [qtp399373008-56] DEBUG org.eclipse.jetty.io.ManagedSelector - update org.eclipse.jetty.io.ChannelEndPoint$$Lambda$255/1126011505@282e655a
04:29:54.307 [qtp399373008-56] DEBUG org.eclipse.jetty.io.ChannelEndPoint - Key interests updated 0 -> 1 on SocketChannelEndPoint@5624b09e{l=/127.0.0.1:33437,r=/127.0.0.1:57240,OPEN,fill=FI,flush=-,to=0/30000}{io=1/1,kio=1,kro=1}->SslConnection@33815acc{NEED_UNWRAP,eio=-1/-1,di=-1,fill=INTERESTED,flush=IDLE}~>DecryptedEndPoint@6fd18afd{l=/127.0.0.1:33437,r=/127.0.0.1:57240,OPEN,fill=FI,flush=-,to=0/30000}=>HttpConnection@1e2d0221[p=HttpParser{s=START,0 of -1},g=HttpGenerator@5064a823{s=START}]=>HttpChannelOverHttp@60a85cce{s=HttpChannelState@1c8269b3{s=IDLE rs=BLOCKING os=OPEN is=IDLE awp=false se=false i=true al=0},r=0,c=false/false,a=IDLE,uri=null,age=0}
04:29:54.307 [qtp399373008-56] DEBUG org.eclipse.jetty.io.ManagedSelector - updates 0
04:29:54.307 [qtp399373008-56] DEBUG org.eclipse.jetty.io.ManagedSelector - Selector sun.nio.ch.EPollSelectorImpl@5b063887 waiting with 2 keys
04:29:54.308 [qtp399373008-56] DEBUG org.eclipse.jetty.io.ManagedSelector - Selector sun.nio.ch.EPollSelectorImpl@5b063887 woken up from select, 1/1/2 selected
04:29:54.308 [qtp399373008-56] DEBUG org.eclipse.jetty.io.ManagedSelector - Selector sun.nio.ch.EPollSelectorImpl@5b063887 processing 1 keys, 0 updates
04:29:54.308 [qtp399373008-56] DEBUG org.eclipse.jetty.io.ManagedSelector - selected 1 sun.nio.ch.SelectionKeyImpl@bdb8307 SocketChannelEndPoint@5624b09e{l=/127.0.0.1:33437,r=/127.0.0.1:57240,OPEN,fill=FI,flush=-,to=1/30000}{io=1/1,kio=1,kro=1}->SslConnection@33815acc{NEED_UNWRAP,eio=-1/-1,di=-1,fill=INTERESTED,flush=IDLE}~>DecryptedEndPoint@6fd18afd{l=/127.0.0.1:33437,r=/127.0.0.1:57240,OPEN,fill=FI,flush=-,to=1/30000}=>HttpConnection@1e2d0221[p=HttpParser{s=START,0 of -1},g=HttpGenerator@5064a823{s=START}]=>HttpChannelOverHttp@60a85cce{s=HttpChannelState@1c8269b3{s=IDLE rs=BLOCKING os=OPEN is=IDLE awp=false se=false i=true al=0},r=0,c=false/false,a=IDLE,uri=null,age=0} 
04:29:54.308 [qtp399373008-56] DEBUG org.eclipse.jetty.io.ChannelEndPoint - onSelected 1->0 r=true w=false for SocketChannelEndPoint@5624b09e{l=/127.0.0.1:33437,r=/127.0.0.1:57240,OPEN,fill=FI,flush=-,to=1/30000}{io=1/0,kio=1,kro=1}->SslConnection@33815acc{NEED_UNWRAP,eio=-1/-1,di=-1,fill=INTERESTED,flush=IDLE}~>DecryptedEndPoint@6fd18afd{l=/127.0.0.1:33437,r=/127.0.0.1:57240,OPEN,fill=FI,flush=-,to=2/30000}=>HttpConnection@1e2d0221[p=HttpParser{s=START,0 of -1},g=HttpGenerator@5064a823{s=START}]=>HttpChannelOverHttp@60a85cce{s=HttpChannelState@1c8269b3{s=IDLE rs=BLOCKING os=OPEN is=IDLE awp=false se=false i=true al=0},r=0,c=false/false,a=IDLE,uri=null,age=0}
04:29:54.308 [qtp399373008-56] DEBUG org.eclipse.jetty.io.ChannelEndPoint - task CEP:SocketChannelEndPoint@5624b09e{l=/127.0.0.1:33437,r=/127.0.0.1:57240,OPEN,fill=FI,flush=-,to=1/30000}{io=1/0,kio=1,kro=1}->SslConnection@33815acc{NEED_UNWRAP,eio=-1/-1,di=-1,fill=INTERESTED,flush=IDLE}~>DecryptedEndPoint@6fd18afd{l=/127.0.0.1:33437,r=/127.0.0.1:57240,OPEN,fill=FI,flush=-,to=2/30000}=>HttpConnection@1e2d0221[p=HttpParser{s=START,0 of -1},g=HttpGenerator@5064a823{s=START}]=>HttpChannelOverHttp@60a85cce{s=HttpChannelState@1c8269b3{s=IDLE rs=BLOCKING os=OPEN is=IDLE awp=false se=false i=true al=0},r=0,c=false/false,a=IDLE,uri=null,age=0}:runFillable:BLOCKING
04:29:54.309 [qtp399373008-56] DEBUG org.eclipse.jetty.util.thread.ReservedThreadExecutor - ReservedThreadExecutor@424fd310{reserved=2/8,pending=0} tryExecute EatWhatYouKill@f478a81/SelectorProducer@19553973/PRODUCING/p=false/QueuedThreadPool[qtp399373008]@17cdf2d0{STARTED,8<=8<=200,i=1,r=-1,q=0}[ReservedThreadExecutor@424fd310{reserved=2/8,pending=0}][pc=0,pic=0,pec=0,epc=4]@2024-05-02T04:29:54.309+01:00
04:29:54.309 [qtp399373008-62] DEBUG org.eclipse.jetty.util.thread.ReservedThreadExecutor - ReservedThread@724c02dc{RESERVED,thread=Thread[qtp399373008-62,5,main]} task=EatWhatYouKill@f478a81/SelectorProducer@19553973/IDLE/p=true/QueuedThreadPool[qtp399373008]@17cdf2d0{STARTED,8<=8<=200,i=1,r=-1,q=0}[ReservedThreadExecutor@424fd310{reserved=1/8,pending=0}][pc=0,pic=0,pec=0,epc=4]@2024-05-02T04:29:54.309+01:00 ReservedThreadExecutor@424fd310{reserved=1/8,pending=0}
04:29:54.309 [qtp399373008-56] DEBUG org.eclipse.jetty.util.thread.strategy.EatWhatYouKill - EatWhatYouKill@f478a81/SelectorProducer@19553973/IDLE/p=true/QueuedThreadPool[qtp399373008]@17cdf2d0{STARTED,8<=8<=200,i=1,r=-1,q=0}[ReservedThreadExecutor@424fd310{reserved=1/8,pending=0}][pc=0,pic=0,pec=0,epc=4]@2024-05-02T04:29:54.309+01:00 m=EXECUTE_PRODUCE_CONSUME t=CEP:SocketChannelEndPoint@5624b09e{l=/127.0.0.1:33437,r=/127.0.0.1:57240,OPEN,fill=FI,flush=-,to=2/30000}{io=1/0,kio=1,kro=1}->SslConnection@33815acc{NEED_UNWRAP,eio=-1/-1,di=-1,fill=INTERESTED,flush=IDLE}~>DecryptedEndPoint@6fd18afd{l=/127.0.0.1:33437,r=/127.0.0.1:57240,OPEN,fill=FI,flush=-,to=2/30000}=>HttpConnection@1e2d0221[p=HttpParser{s=START,0 of -1},g=HttpGenerator@5064a823{s=START}]=>HttpChannelOverHttp@60a85cce{s=HttpChannelState@1c8269b3{s=IDLE rs=BLOCKING os=OPEN is=IDLE awp=false se=false i=true al=0},r=0,c=false/false,a=IDLE,uri=null,age=0}:runFillable:BLOCKING/BLOCKING
04:29:54.309 [qtp399373008-62] DEBUG org.eclipse.jetty.util.thread.strategy.EatWhatYouKill - EatWhatYouKill@f478a81/SelectorProducer@19553973/IDLE/p=true/QueuedThreadPool[qtp399373008]@17cdf2d0{STARTED,8<=8<=200,i=1,r=-1,q=0}[ReservedThreadExecutor@424fd310{reserved=1/8,pending=0}][pc=0,pic=0,pec=0,epc=4]@2024-05-02T04:29:54.309+01:00 tryProduce true
04:29:54.309 [qtp399373008-62] DEBUG org.eclipse.jetty.io.ManagedSelector - updateable 0
04:29:54.309 [qtp399373008-62] DEBUG org.eclipse.jetty.io.ManagedSelector - updates 0
04:29:54.309 [qtp399373008-56] DEBUG org.eclipse.jetty.io.FillInterest - fillable FillInterest@11c01a94{SSLC.NBReadCB@33815acc{SslConnection@33815acc::SocketChannelEndPoint@5624b09e{l=/127.0.0.1:33437,r=/127.0.0.1:57240,OPEN,fill=FI,flush=-,to=2/30000}{io=1/0,kio=1,kro=1}->SslConnection@33815acc{NEED_UNWRAP,eio=-1/-1,di=-1,fill=INTERESTED,flush=IDLE}~>DecryptedEndPoint@6fd18afd{l=/127.0.0.1:33437,r=/127.0.0.1:57240,OPEN,fill=FI,flush=-,to=2/30000}=>HttpConnection@1e2d0221[p=HttpParser{s=START,0 of -1},g=HttpGenerator@5064a823{s=START}]=>HttpChannelOverHttp@60a85cce{s=HttpChannelState@1c8269b3{s=IDLE rs=BLOCKING os=OPEN is=IDLE awp=false se=false i=true al=0},r=0,c=false/false,a=IDLE,uri=null,age=0}}}
04:29:54.309 [qtp399373008-62] DEBUG org.eclipse.jetty.io.ChannelEndPoint - Key interests updated 1 -> 0 on SocketChannelEndPoint@5624b09e{l=/127.0.0.1:33437,r=/127.0.0.1:57240,OPEN,fill=FI,flush=-,to=2/30000}{io=0/0,kio=0,kro=1}->SslConnection@33815acc{NEED_UNWRAP,eio=-1/-1,di=-1,fill=INTERESTED,flush=IDLE}~>DecryptedEndPoint@6fd18afd{l=/127.0.0.1:33437,r=/127.0.0.1:57240,OPEN,fill=FI,flush=-,to=2/30000}=>HttpConnection@1e2d0221[p=HttpParser{s=START,0 of -1},g=HttpGenerator@5064a823{s=START}]=>HttpChannelOverHttp@60a85cce{s=HttpChannelState@1c8269b3{s=IDLE rs=BLOCKING os=OPEN is=IDLE awp=false se=false i=true al=0},r=0,c=false/false,a=IDLE,uri=null,age=0}
04:29:54.309 [qtp399373008-62] DEBUG org.eclipse.jetty.io.ManagedSelector - Selector sun.nio.ch.EPollSelectorImpl@5b063887 waiting with 2 keys
04:29:54.309 [qtp399373008-56] DEBUG org.eclipse.jetty.io.ssl.SslConnection - >c.onFillable SslConnection@33815acc::SocketChannelEndPoint@5624b09e{l=/127.0.0.1:33437,r=/127.0.0.1:57240,OPEN,fill=-,flush=-,to=2/30000}{io=0/0,kio=0,kro=1}->SslConnection@33815acc{NEED_UNWRAP,eio=-1/-1,di=-1,fill=INTERESTED,flush=IDLE}~>DecryptedEndPoint@6fd18afd{l=/127.0.0.1:33437,r=/127.0.0.1:57240,OPEN,fill=FI,flush=-,to=3/30000}=>HttpConnection@1e2d0221[p=HttpParser{s=START,0 of -1},g=HttpGenerator@5064a823{s=START}]=>HttpChannelOverHttp@60a85cce{s=HttpChannelState@1c8269b3{s=IDLE rs=BLOCKING os=OPEN is=IDLE awp=false se=false i=true al=0},r=0,c=false/false,a=IDLE,uri=null,age=0}
04:29:54.309 [qtp399373008-56] DEBUG org.eclipse.jetty.io.ssl.SslConnection - onFillable SslConnection@33815acc::SocketChannelEndPoint@5624b09e{l=/127.0.0.1:33437,r=/127.0.0.1:57240,OPEN,fill=-,flush=-,to=2/30000}{io=0/0,kio=0,kro=1}->SslConnection@33815acc{NEED_UNWRAP,eio=-1/-1,di=-1,fill=INTERESTED,flush=IDLE}~>DecryptedEndPoint@6fd18afd{l=/127.0.0.1:33437,r=/127.0.0.1:57240,OPEN,fill=FI,flush=-,to=3/30000}=>HttpConnection@1e2d0221[p=HttpParser{s=START,0 of -1},g=HttpGenerator@5064a823{s=START}]=>HttpChannelOverHttp@60a85cce{s=HttpChannelState@1c8269b3{s=IDLE rs=BLOCKING os=OPEN is=IDLE awp=false se=false i=true al=0},r=0,c=false/false,a=IDLE,uri=null,age=0}
04:29:54.309 [qtp399373008-56] DEBUG org.eclipse.jetty.io.FillInterest - fillable FillInterest@26ae8404{AC.ReadCB@1e2d0221{HttpConnection@1e2d0221::DecryptedEndPoint@6fd18afd{l=/127.0.0.1:33437,r=/127.0.0.1:57240,OPEN,fill=FI,flush=-,to=3/30000}}}
04:29:54.309 [qtp399373008-56] DEBUG org.eclipse.jetty.server.HttpConnection - HttpConnection@1e2d0221::DecryptedEndPoint@6fd18afd{l=/127.0.0.1:33437,r=/127.0.0.1:57240,OPEN,fill=-,flush=-,to=3/30000} onFillable enter HttpChannelState@1c8269b3{s=IDLE rs=BLOCKING os=OPEN is=IDLE awp=false se=false i=true al=0} null
04:29:54.310 [qtp399373008-56] DEBUG org.eclipse.jetty.io.ssl.SslConnection - >fill SslConnection@33815acc::SocketChannelEndPoint@5624b09e{l=/127.0.0.1:33437,r=/127.0.0.1:57240,OPEN,fill=-,flush=-,to=3/30000}{io=0/0,kio=0,kro=1}->SslConnection@33815acc{NEED_UNWRAP,eio=-1/-1,di=-1,fill=IDLE,flush=IDLE}~>DecryptedEndPoint@6fd18afd{l=/127.0.0.1:33437,r=/127.0.0.1:57240,OPEN,fill=-,flush=-,to=3/30000}=>HttpConnection@1e2d0221[p=HttpParser{s=START,0 of -1},g=HttpGenerator@5064a823{s=START}]=>HttpChannelOverHttp@60a85cce{s=HttpChannelState@1c8269b3{s=IDLE rs=BLOCKING os=OPEN is=IDLE awp=false se=false i=true al=0},r=0,c=false/false,a=IDLE,uri=null,age=0}
04:29:54.310 [qtp399373008-56] DEBUG org.eclipse.jetty.io.ssl.SslConnection - fill NEED_UNWRAP
04:29:54.310 [qtp399373008-56] DEBUG org.eclipse.jetty.io.ChannelEndPoint - filled 6 HeapByteBuffer@6e6899aa[p=0,l=6,c=17408,r=6]={<<<\x14\x03\x03\x00\x01\x01>>>\xE4\xFcN|\xDaP\x1fu\xBb...\x00\x00\x00\x00\x00\x00\x00}
04:29:54.310 [qtp399373008-56] DEBUG org.eclipse.jetty.io.ssl.SslConnection - net filled=6
04:29:54.310 [qtp399373008-56] DEBUG org.eclipse.jetty.io.ssl.SslConnection - unwrap net_filled=6 Status = OK HandshakeStatus = NEED_UNWRAP bytesConsumed = 6 bytesProduced = 0 encryptedBuffer=[p=6,l=6,c=17408,r=0] unwrapBuffer=HeapByteBuffer@6a5710bf[p=0,l=0,c=17408,r=0]={<<<>>>\x16\x03\x03\x01N\x01\x00\x01J...\x00\x00\x00\x00\x00\x00\x00} appBuffer=HeapByteBuffer@6a5710bf[p=0,l=0,c=17408,r=0]={<<<>>>\x16\x03\x03\x01N\x01\x00\x01J...\x00\x00\x00\x00\x00\x00\x00}
04:29:54.310 [qtp399373008-56] DEBUG org.eclipse.jetty.io.ssl.SslConnection - fill NEED_UNWRAP
04:29:54.310 [qtp399373008-56] DEBUG org.eclipse.jetty.io.ChannelEndPoint - filled 0 HeapByteBuffer@6e6899aa[p=0,l=0,c=17408,r=0]={<<<>>>\x14\x03\x03\x00\x01\x01\xE4\xFcN...\x00\x00\x00\x00\x00\x00\x00}
04:29:54.310 [qtp399373008-56] DEBUG org.eclipse.jetty.io.ssl.SslConnection - net filled=0
04:29:54.310 [qtp399373008-56] DEBUG org.eclipse.jetty.io.ssl.SslConnection - unwrap net_filled=0 Status = BUFFER_UNDERFLOW HandshakeStatus = NEED_UNWRAP bytesConsumed = 0 bytesProduced = 0 encryptedBuffer=[p=0,l=0,c=17408,r=0] unwrapBuffer=HeapByteBuffer@6a5710bf[p=0,l=0,c=17408,r=0]={<<<>>>\x16\x03\x03\x01N\x01\x00\x01J...\x00\x00\x00\x00\x00\x00\x00} appBuffer=HeapByteBuffer@6a5710bf[p=0,l=0,c=17408,r=0]={<<<>>>\x16\x03\x03\x01N\x01\x00\x01J...\x00\x00\x00\x00\x00\x00\x00}
04:29:54.310 [qtp399373008-56] DEBUG org.eclipse.jetty.io.ssl.SslConnection - <fill f=0 uf=true SslConnection@33815acc::SocketChannelEndPoint@5624b09e{l=/127.0.0.1:33437,r=/127.0.0.1:57240,OPEN,fill=-,flush=-,to=0/30000}{io=0/0,kio=0,kro=1}->SslConnection@33815acc{NEED_UNWRAP,eio=-1/-1,di=-1,fill=IDLE,flush=IDLE}~>DecryptedEndPoint@6fd18afd{l=/127.0.0.1:33437,r=/127.0.0.1:57240,OPEN,fill=-,flush=-,to=4/30000}=>HttpConnection@1e2d0221[p=HttpParser{s=START,0 of -1},g=HttpGenerator@5064a823{s=START}]=>HttpChannelOverHttp@60a85cce{s=HttpChannelState@1c8269b3{s=IDLE rs=BLOCKING os=OPEN is=IDLE awp=false se=false i=true al=0},r=0,c=false/false,a=IDLE,uri=null,age=0}
04:29:54.311 [qtp399373008-56] DEBUG org.eclipse.jetty.io.ssl.SslConnection - >fill SslConnection@33815acc::SocketChannelEndPoint@5624b09e{l=/127.0.0.1:33437,r=/127.0.0.1:57240,OPEN,fill=-,flush=-,to=0/30000}{io=0/0,kio=0,kro=1}->SslConnection@33815acc{NEED_UNWRAP,eio=-1/-1,di=-1,fill=IDLE,flush=IDLE}~>DecryptedEndPoint@6fd18afd{l=/127.0.0.1:33437,r=/127.0.0.1:57240,OPEN,fill=-,flush=-,to=4/30000}=>HttpConnection@1e2d0221[p=HttpParser{s=START,0 of -1},g=HttpGenerator@5064a823{s=START}]=>HttpChannelOverHttp@60a85cce{s=HttpChannelState@1c8269b3{s=IDLE rs=BLOCKING os=OPEN is=IDLE awp=false se=false i=true al=0},r=0,c=false/false,a=IDLE,uri=null,age=0}
04:29:54.311 [qtp399373008-56] DEBUG org.eclipse.jetty.io.ssl.SslConnection - fill NEED_UNWRAP
04:29:54.311 [qtp399373008-56] DEBUG org.eclipse.jetty.io.ChannelEndPoint - filled 0 HeapByteBuffer@60af7bcf[p=0,l=0,c=17408,r=0]={<<<>>>\x17\x03\x03\x00\xC9i\x14\xD1\x8e...\x00\x00\x00\x00\x00\x00\x00}
04:29:54.311 [qtp399373008-56] DEBUG org.eclipse.jetty.io.ssl.SslConnection - net filled=0
04:29:54.311 [qtp399373008-56] DEBUG org.eclipse.jetty.io.ssl.SslConnection - unwrap net_filled=0 Status = BUFFER_UNDERFLOW HandshakeStatus = NEED_UNWRAP bytesConsumed = 0 bytesProduced = 0 encryptedBuffer=[p=0,l=0,c=17408,r=0] unwrapBuffer=HeapByteBuffer@6a5710bf[p=0,l=0,c=17408,r=0]={<<<>>>\x16\x03\x03\x01N\x01\x00\x01J...\x00\x00\x00\x00\x00\x00\x00} appBuffer=HeapByteBuffer@6a5710bf[p=0,l=0,c=17408,r=0]={<<<>>>\x16\x03\x03\x01N\x01\x00\x01J...\x00\x00\x00\x00\x00\x00\x00}
04:29:54.311 [qtp399373008-56] DEBUG org.eclipse.jetty.io.ssl.SslConnection - <fill f=0 uf=true SslConnection@33815acc::SocketChannelEndPoint@5624b09e{l=/127.0.0.1:33437,r=/127.0.0.1:57240,OPEN,fill=-,flush=-,to=0/30000}{io=0/0,kio=0,kro=1}->SslConnection@33815acc{NEED_UNWRAP,eio=-1/-1,di=-1,fill=IDLE,flush=IDLE}~>DecryptedEndPoint@6fd18afd{l=/127.0.0.1:33437,r=/127.0.0.1:57240,OPEN,fill=-,flush=-,to=4/30000}=>HttpConnection@1e2d0221[p=HttpParser{s=START,0 of -1},g=HttpGenerator@5064a823{s=START}]=>HttpChannelOverHttp@60a85cce{s=HttpChannelState@1c8269b3{s=IDLE rs=BLOCKING os=OPEN is=IDLE awp=false se=false i=true al=0},r=0,c=false/false,a=IDLE,uri=null,age=0}
04:29:54.311 [qtp399373008-56] DEBUG org.eclipse.jetty.server.HttpConnection - HttpConnection@1e2d0221::DecryptedEndPoint@6fd18afd{l=/127.0.0.1:33437,r=/127.0.0.1:57240,OPEN,fill=-,flush=-,to=4/30000} filled 0 HeapByteBuffer@6a5710bf[p=0,l=0,c=17408,r=0]={<<<>>>\x16\x03\x03\x01N\x01\x00\x01J...\x00\x00\x00\x00\x00\x00\x00}
04:29:54.311 [qtp399373008-56] DEBUG org.eclipse.jetty.server.HttpConnection - HttpConnection@1e2d0221::DecryptedEndPoint@6fd18afd{l=/127.0.0.1:33437,r=/127.0.0.1:57240,OPEN,fill=-,flush=-,to=4/30000} parse HeapByteBuffer@6a5710bf[p=0,l=0,c=17408,r=0]={<<<>>>\x16\x03\x03\x01N\x01\x00\x01J...\x00\x00\x00\x00\x00\x00\x00} {}
04:29:54.311 [qtp399373008-56] DEBUG org.eclipse.jetty.http.HttpParser - parseNext s=START HeapByteBuffer@6a5710bf[p=0,l=0,c=17408,r=0]={<<<>>>\x16\x03\x03\x01N\x01\x00\x01J...\x00\x00\x00\x00\x00\x00\x00}
04:29:54.311 [qtp399373008-56] DEBUG org.eclipse.jetty.server.HttpConnection - HttpConnection@1e2d0221::DecryptedEndPoint@6fd18afd{l=/127.0.0.1:33437,r=/127.0.0.1:57240,OPEN,fill=-,flush=-,to=4/30000} parsed false HttpParser{s=START,0 of -1}
04:29:54.311 [qtp399373008-56] DEBUG org.eclipse.jetty.server.HttpConnection - releaseRequestBuffer HttpConnection@1e2d0221::DecryptedEndPoint@6fd18afd{l=/127.0.0.1:33437,r=/127.0.0.1:57240,OPEN,fill=-,flush=-,to=5/30000}
04:29:54.311 [qtp399373008-56] DEBUG org.eclipse.jetty.io.AbstractConnection - fillInterested HttpConnection@1e2d0221::DecryptedEndPoint@6fd18afd{l=/127.0.0.1:33437,r=/127.0.0.1:57240,OPEN,fill=-,flush=-,to=5/30000}
04:29:54.311 [qtp399373008-56] DEBUG org.eclipse.jetty.io.FillInterest - interested FillInterest@26ae8404{AC.ReadCB@1e2d0221{HttpConnection@1e2d0221::DecryptedEndPoint@6fd18afd{l=/127.0.0.1:33437,r=/127.0.0.1:57240,OPEN,fill=FI,flush=-,to=0/30000}}}
04:29:54.311 [qtp399373008-56] DEBUG org.eclipse.jetty.io.ssl.SslConnection - >needFillInterest s=IDLE/IDLE uf=true ei=null di=null SslConnection@33815acc::SocketChannelEndPoint@5624b09e{l=/127.0.0.1:33437,r=/127.0.0.1:57240,OPEN,fill=-,flush=-,to=1/30000}{io=0/0,kio=0,kro=1}->SslConnection@33815acc{NEED_UNWRAP,eio=-1/-1,di=-1,fill=IDLE,flush=IDLE}~>DecryptedEndPoint@6fd18afd{l=/127.0.0.1:33437,r=/127.0.0.1:57240,OPEN,fill=FI,flush=-,to=0/30000}=>HttpConnection@1e2d0221[p=HttpParser{s=START,0 of -1},g=HttpGenerator@5064a823{s=START}]=>HttpChannelOverHttp@60a85cce{s=HttpChannelState@1c8269b3{s=IDLE rs=BLOCKING os=OPEN is=IDLE awp=false se=false i=true al=0},r=0,c=false/false,a=IDLE,uri=null,age=0}
04:29:54.311 [qtp399373008-56] DEBUG org.eclipse.jetty.io.ssl.SslConnection - <needFillInterest s=IDLE/INTERESTED f=false i=true w=null
04:29:54.312 [qtp399373008-56] DEBUG org.eclipse.jetty.io.ssl.SslConnection - ensureFillInterested SslConnection@33815acc::SocketChannelEndPoint@5624b09e{l=/127.0.0.1:33437,r=/127.0.0.1:57240,OPEN,fill=-,flush=-,to=1/30000}{io=0/0,kio=0,kro=1}->SslConnection@33815acc{NEED_UNWRAP,eio=-1/-1,di=-1,fill=INTERESTED,flush=IDLE}~>DecryptedEndPoint@6fd18afd{l=/127.0.0.1:33437,r=/127.0.0.1:57240,OPEN,fill=FI,flush=-,to=0/30000}=>HttpConnection@1e2d0221[p=HttpParser{s=START,0 of -1},g=HttpGenerator@5064a823{s=START}]=>HttpChannelOverHttp@60a85cce{s=HttpChannelState@1c8269b3{s=IDLE rs=BLOCKING os=OPEN is=IDLE awp=false se=false i=true al=0},r=0,c=false/false,a=IDLE,uri=null,age=0}
04:29:54.312 [qtp399373008-56] DEBUG org.eclipse.jetty.io.FillInterest - interested FillInterest@11c01a94{SSLC.NBReadCB@33815acc{SslConnection@33815acc::SocketChannelEndPoint@5624b09e{l=/127.0.0.1:33437,r=/127.0.0.1:57240,OPEN,fill=FI,flush=-,to=0/30000}{io=0/0,kio=0,kro=1}->SslConnection@33815acc{NEED_UNWRAP,eio=-1/-1,di=-1,fill=INTERESTED,flush=IDLE}~>DecryptedEndPoint@6fd18afd{l=/127.0.0.1:33437,r=/127.0.0.1:57240,OPEN,fill=FI,flush=-,to=0/30000}=>HttpConnection@1e2d0221[p=HttpParser{s=START,0 of -1},g=HttpGenerator@5064a823{s=START}]=>HttpChannelOverHttp@60a85cce{s=HttpChannelState@1c8269b3{s=IDLE rs=BLOCKING os=OPEN is=IDLE awp=false se=false i=true al=0},r=0,c=false/false,a=IDLE,uri=null,age=0}}}
04:29:54.312 [qtp399373008-56] DEBUG org.eclipse.jetty.io.ChannelEndPoint - changeInterests p=false 0->1 for SocketChannelEndPoint@5624b09e{l=/127.0.0.1:33437,r=/127.0.0.1:57240,OPEN,fill=FI,flush=-,to=0/30000}{io=0/1,kio=0,kro=1}->SslConnection@33815acc{NEED_UNWRAP,eio=-1/-1,di=-1,fill=INTERESTED,flush=IDLE}~>DecryptedEndPoint@6fd18afd{l=/127.0.0.1:33437,r=/127.0.0.1:57240,OPEN,fill=FI,flush=-,to=0/30000}=>HttpConnection@1e2d0221[p=HttpParser{s=START,0 of -1},g=HttpGenerator@5064a823{s=START}]=>HttpChannelOverHttp@60a85cce{s=HttpChannelState@1c8269b3{s=IDLE rs=BLOCKING os=OPEN is=IDLE awp=false se=false i=true al=0},r=0,c=false/false,a=IDLE,uri=null,age=0}
04:29:54.312 [qtp399373008-56] DEBUG org.eclipse.jetty.io.ManagedSelector - Queued change lazy=false org.eclipse.jetty.io.ChannelEndPoint$$Lambda$255/1126011505@282e655a on ManagedSelector@7bb6ab3a{STARTED} id=3 keys=2 selected=0 updates=0
04:29:54.312 [qtp399373008-56] DEBUG org.eclipse.jetty.io.ManagedSelector - Wakeup on submit ManagedSelector@7bb6ab3a{STARTED} id=3 keys=2 selected=0 updates=1
04:29:54.312 [qtp399373008-62] DEBUG org.eclipse.jetty.io.ManagedSelector - Selector sun.nio.ch.EPollSelectorImpl@5b063887 woken with none selected
04:29:54.312 [qtp399373008-56] DEBUG org.eclipse.jetty.server.HttpConnection - HttpConnection@1e2d0221::DecryptedEndPoint@6fd18afd{l=/127.0.0.1:33437,r=/127.0.0.1:57240,OPEN,fill=FI,flush=-,to=0/30000} onFillable exit HttpChannelState@1c8269b3{s=IDLE rs=BLOCKING os=OPEN is=IDLE awp=false se=false i=true al=0} null
04:29:54.312 [qtp399373008-62] DEBUG org.eclipse.jetty.io.ManagedSelector - Selector sun.nio.ch.EPollSelectorImpl@5b063887 woken up from select, 0/0/2 selected
04:29:54.312 [qtp399373008-62] DEBUG org.eclipse.jetty.io.ManagedSelector - Selector sun.nio.ch.EPollSelectorImpl@5b063887 processing 0 keys, 1 updates
04:29:54.312 [qtp399373008-62] DEBUG org.eclipse.jetty.io.ManagedSelector - updateable 1
04:29:54.312 [qtp399373008-62] DEBUG org.eclipse.jetty.io.ManagedSelector - update org.eclipse.jetty.io.ChannelEndPoint$$Lambda$255/1126011505@282e655a
04:29:54.312 [qtp399373008-56] DEBUG org.eclipse.jetty.io.ssl.SslConnection - <c.onFillable SslConnection@33815acc::SocketChannelEndPoint@5624b09e{l=/127.0.0.1:33437,r=/127.0.0.1:57240,OPEN,fill=FI,flush=-,to=0/30000}{io=0/1,kio=0,kro=1}->SslConnection@33815acc{NEED_UNWRAP,eio=-1/-1,di=-1,fill=INTERESTED,flush=IDLE}~>DecryptedEndPoint@6fd18afd{l=/127.0.0.1:33437,r=/127.0.0.1:57240,OPEN,fill=FI,flush=-,to=0/30000}=>HttpConnection@1e2d0221[p=HttpParser{s=START,0 of -1},g=HttpGenerator@5064a823{s=START}]=>HttpChannelOverHttp@60a85cce{s=HttpChannelState@1c8269b3{s=IDLE rs=BLOCKING os=OPEN is=IDLE awp=false se=false i=true al=0},r=0,c=false/false,a=IDLE,uri=null,age=0}
04:29:54.312 [qtp399373008-56] DEBUG org.eclipse.jetty.util.thread.ReservedThreadExecutor - ReservedThread@32c91a88{RUNNING,thread=Thread[qtp399373008-56,5,main]} was=RUNNING next=RESERVED size=0+2 capacity=8
04:29:54.312 [qtp399373008-56] DEBUG org.eclipse.jetty.util.thread.ReservedThreadExecutor - ReservedThread@32c91a88{RESERVED,thread=Thread[qtp399373008-56,5,main]} waiting ReservedThreadExecutor@424fd310{reserved=2/8,pending=0}
04:29:54.312 [qtp399373008-62] DEBUG org.eclipse.jetty.io.ChannelEndPoint - Key interests updated 0 -> 1 on SocketChannelEndPoint@5624b09e{l=/127.0.0.1:33437,r=/127.0.0.1:57240,OPEN,fill=FI,flush=-,to=0/30000}{io=1/1,kio=1,kro=1}->SslConnection@33815acc{NEED_UNWRAP,eio=-1/-1,di=-1,fill=INTERESTED,flush=IDLE}~>DecryptedEndPoint@6fd18afd{l=/127.0.0.1:33437,r=/127.0.0.1:57240,OPEN,fill=FI,flush=-,to=0/30000}=>HttpConnection@1e2d0221[p=HttpParser{s=START,0 of -1},g=HttpGenerator@5064a823{s=START}]=>HttpChannelOverHttp@60a85cce{s=HttpChannelState@1c8269b3{s=IDLE rs=BLOCKING os=OPEN is=IDLE awp=false se=false i=true al=0},r=0,c=false/false,a=IDLE,uri=null,age=0}
04:29:54.312 [qtp399373008-62] DEBUG org.eclipse.jetty.io.ManagedSelector - updates 0
04:29:54.312 [qtp399373008-62] DEBUG org.eclipse.jetty.io.ManagedSelector - Selector sun.nio.ch.EPollSelectorImpl@5b063887 waiting with 2 keys
04:29:54.349 [qtp399373008-62] DEBUG org.eclipse.jetty.io.ManagedSelector - Selector sun.nio.ch.EPollSelectorImpl@5b063887 woken up from select, 1/1/2 selected
04:29:54.349 [qtp399373008-62] DEBUG org.eclipse.jetty.io.ManagedSelector - Selector sun.nio.ch.EPollSelectorImpl@5b063887 processing 1 keys, 0 updates
04:29:54.349 [qtp399373008-62] DEBUG org.eclipse.jetty.io.ManagedSelector - selected 1 sun.nio.ch.SelectionKeyImpl@bdb8307 SocketChannelEndPoint@5624b09e{l=/127.0.0.1:33437,r=/127.0.0.1:57240,OPEN,fill=FI,flush=-,to=37/30000}{io=1/1,kio=1,kro=1}->SslConnection@33815acc{NEED_UNWRAP,eio=-1/-1,di=-1,fill=INTERESTED,flush=IDLE}~>DecryptedEndPoint@6fd18afd{l=/127.0.0.1:33437,r=/127.0.0.1:57240,OPEN,fill=FI,flush=-,to=37/30000}=>HttpConnection@1e2d0221[p=HttpParser{s=START,0 of -1},g=HttpGenerator@5064a823{s=START}]=>HttpChannelOverHttp@60a85cce{s=HttpChannelState@1c8269b3{s=IDLE rs=BLOCKING os=OPEN is=IDLE awp=false se=false i=true al=0},r=0,c=false/false,a=IDLE,uri=null,age=0} 
04:29:54.349 [qtp399373008-62] DEBUG org.eclipse.jetty.io.ChannelEndPoint - onSelected 1->0 r=true w=false for SocketChannelEndPoint@5624b09e{l=/127.0.0.1:33437,r=/127.0.0.1:57240,OPEN,fill=FI,flush=-,to=37/30000}{io=1/0,kio=1,kro=1}->SslConnection@33815acc{NEED_UNWRAP,eio=-1/-1,di=-1,fill=INTERESTED,flush=IDLE}~>DecryptedEndPoint@6fd18afd{l=/127.0.0.1:33437,r=/127.0.0.1:57240,OPEN,fill=FI,flush=-,to=37/30000}=>HttpConnection@1e2d0221[p=HttpParser{s=START,0 of -1},g=HttpGenerator@5064a823{s=START}]=>HttpChannelOverHttp@60a85cce{s=HttpChannelState@1c8269b3{s=IDLE rs=BLOCKING os=OPEN is=IDLE awp=false se=false i=true al=0},r=0,c=false/false,a=IDLE,uri=null,age=0}
04:29:54.349 [qtp399373008-62] DEBUG org.eclipse.jetty.io.ChannelEndPoint - task CEP:SocketChannelEndPoint@5624b09e{l=/127.0.0.1:33437,r=/127.0.0.1:57240,OPEN,fill=FI,flush=-,to=37/30000}{io=1/0,kio=1,kro=1}->SslConnection@33815acc{NEED_UNWRAP,eio=-1/-1,di=-1,fill=INTERESTED,flush=IDLE}~>DecryptedEndPoint@6fd18afd{l=/127.0.0.1:33437,r=/127.0.0.1:57240,OPEN,fill=FI,flush=-,to=37/30000}=>HttpConnection@1e2d0221[p=HttpParser{s=START,0 of -1},g=HttpGenerator@5064a823{s=START}]=>HttpChannelOverHttp@60a85cce{s=HttpChannelState@1c8269b3{s=IDLE rs=BLOCKING os=OPEN is=IDLE awp=false se=false i=true al=0},r=0,c=false/false,a=IDLE,uri=null,age=0}:runFillable:BLOCKING
04:29:54.349 [qtp399373008-62] DEBUG org.eclipse.jetty.util.thread.ReservedThreadExecutor - ReservedThreadExecutor@424fd310{reserved=2/8,pending=0} tryExecute EatWhatYouKill@f478a81/SelectorProducer@19553973/PRODUCING/p=false/QueuedThreadPool[qtp399373008]@17cdf2d0{STARTED,8<=8<=200,i=1,r=-1,q=0}[ReservedThreadExecutor@424fd310{reserved=2/8,pending=0}][pc=0,pic=0,pec=0,epc=5]@2024-05-02T04:29:54.349+01:00
04:29:54.349 [qtp399373008-62] DEBUG org.eclipse.jetty.util.thread.strategy.EatWhatYouKill - EatWhatYouKill@f478a81/SelectorProducer@19553973/IDLE/p=true/QueuedThreadPool[qtp399373008]@17cdf2d0{STARTED,8<=8<=200,i=1,r=-1,q=0}[ReservedThreadExecutor@424fd310{reserved=1/8,pending=0}][pc=0,pic=0,pec=0,epc=5]@2024-05-02T04:29:54.349+01:00 m=EXECUTE_PRODUCE_CONSUME t=CEP:SocketChannelEndPoint@5624b09e{l=/127.0.0.1:33437,r=/127.0.0.1:57240,OPEN,fill=FI,flush=-,to=37/30000}{io=1/0,kio=1,kro=1}->SslConnection@33815acc{NEED_UNWRAP,eio=-1/-1,di=-1,fill=INTERESTED,flush=IDLE}~>DecryptedEndPoint@6fd18afd{l=/127.0.0.1:33437,r=/127.0.0.1:57240,OPEN,fill=FI,flush=-,to=38/30000}=>HttpConnection@1e2d0221[p=HttpParser{s=START,0 of -1},g=HttpGenerator@5064a823{s=START}]=>HttpChannelOverHttp@60a85cce{s=HttpChannelState@1c8269b3{s=IDLE rs=BLOCKING os=OPEN is=IDLE awp=false se=false i=true al=0},r=0,c=false/false,a=IDLE,uri=null,age=0}:runFillable:BLOCKING/BLOCKING
04:29:54.349 [qtp399373008-56] DEBUG org.eclipse.jetty.util.thread.ReservedThreadExecutor - ReservedThread@32c91a88{RESERVED,thread=Thread[qtp399373008-56,5,main]} task=EatWhatYouKill@f478a81/SelectorProducer@19553973/IDLE/p=true/QueuedThreadPool[qtp399373008]@17cdf2d0{STARTED,8<=8<=200,i=1,r=-1,q=0}[ReservedThreadExecutor@424fd310{reserved=1/8,pending=0}][pc=0,pic=0,pec=0,epc=5]@2024-05-02T04:29:54.349+01:00 ReservedThreadExecutor@424fd310{reserved=1/8,pending=0}
04:29:54.349 [qtp399373008-62] DEBUG org.eclipse.jetty.io.FillInterest - fillable FillInterest@11c01a94{SSLC.NBReadCB@33815acc{SslConnection@33815acc::SocketChannelEndPoint@5624b09e{l=/127.0.0.1:33437,r=/127.0.0.1:57240,OPEN,fill=FI,flush=-,to=37/30000}{io=1/0,kio=1,kro=1}->SslConnection@33815acc{NEED_UNWRAP,eio=-1/-1,di=-1,fill=INTERESTED,flush=IDLE}~>DecryptedEndPoint@6fd18afd{l=/127.0.0.1:33437,r=/127.0.0.1:57240,OPEN,fill=FI,flush=-,to=38/30000}=>HttpConnection@1e2d0221[p=HttpParser{s=START,0 of -1},g=HttpGenerator@5064a823{s=START}]=>HttpChannelOverHttp@60a85cce{s=HttpChannelState@1c8269b3{s=IDLE rs=BLOCKING os=OPEN is=IDLE awp=false se=false i=true al=0},r=0,c=false/false,a=IDLE,uri=null,age=0}}}
04:29:54.350 [qtp399373008-62] DEBUG org.eclipse.jetty.io.ssl.SslConnection - >c.onFillable SslConnection@33815acc::SocketChannelEndPoint@5624b09e{l=/127.0.0.1:33437,r=/127.0.0.1:57240,OPEN,fill=-,flush=-,to=37/30000}{io=1/0,kio=1,kro=1}->SslConnection@33815acc{NEED_UNWRAP,eio=-1/-1,di=-1,fill=INTERESTED,flush=IDLE}~>DecryptedEndPoint@6fd18afd{l=/127.0.0.1:33437,r=/127.0.0.1:57240,OPEN,fill=FI,flush=-,to=38/30000}=>HttpConnection@1e2d0221[p=HttpParser{s=START,0 of -1},g=HttpGenerator@5064a823{s=START}]=>HttpChannelOverHttp@60a85cce{s=HttpChannelState@1c8269b3{s=IDLE rs=BLOCKING os=OPEN is=IDLE awp=false se=false i=true al=0},r=0,c=false/false,a=IDLE,uri=null,age=0}
04:29:54.350 [qtp399373008-56] DEBUG org.eclipse.jetty.util.thread.strategy.EatWhatYouKill - EatWhatYouKill@f478a81/SelectorProducer@19553973/IDLE/p=true/QueuedThreadPool[qtp399373008]@17cdf2d0{STARTED,8<=8<=200,i=1,r=-1,q=0}[ReservedThreadExecutor@424fd310{reserved=1/8,pending=0}][pc=0,pic=0,pec=0,epc=6]@2024-05-02T04:29:54.35+01:00 tryProduce true
04:29:54.350 [qtp399373008-56] DEBUG org.eclipse.jetty.io.ManagedSelector - updateable 0
04:29:54.350 [qtp399373008-62] DEBUG org.eclipse.jetty.io.ssl.SslConnection - onFillable SslConnection@33815acc::SocketChannelEndPoint@5624b09e{l=/127.0.0.1:33437,r=/127.0.0.1:57240,OPEN,fill=-,flush=-,to=37/30000}{io=1/0,kio=1,kro=1}->SslConnection@33815acc{NEED_UNWRAP,eio=-1/-1,di=-1,fill=INTERESTED,flush=IDLE}~>DecryptedEndPoint@6fd18afd{l=/127.0.0.1:33437,r=/127.0.0.1:57240,OPEN,fill=FI,flush=-,to=38/30000}=>HttpConnection@1e2d0221[p=HttpParser{s=START,0 of -1},g=HttpGenerator@5064a823{s=START}]=>HttpChannelOverHttp@60a85cce{s=HttpChannelState@1c8269b3{s=IDLE rs=BLOCKING os=OPEN is=IDLE awp=false se=false i=true al=0},r=0,c=false/false,a=IDLE,uri=null,age=0}
04:29:54.350 [qtp399373008-56] DEBUG org.eclipse.jetty.io.ManagedSelector - updates 0
04:29:54.350 [qtp399373008-62] DEBUG org.eclipse.jetty.io.FillInterest - fillable FillInterest@26ae8404{AC.ReadCB@1e2d0221{HttpConnection@1e2d0221::DecryptedEndPoint@6fd18afd{l=/127.0.0.1:33437,r=/127.0.0.1:57240,OPEN,fill=FI,flush=-,to=38/30000}}}
04:29:54.350 [qtp399373008-62] DEBUG org.eclipse.jetty.server.HttpConnection - HttpConnection@1e2d0221::DecryptedEndPoint@6fd18afd{l=/127.0.0.1:33437,r=/127.0.0.1:57240,OPEN,fill=-,flush=-,to=38/30000} onFillable enter HttpChannelState@1c8269b3{s=IDLE rs=BLOCKING os=OPEN is=IDLE awp=false se=false i=true al=0} null
04:29:54.350 [qtp399373008-56] DEBUG org.eclipse.jetty.io.ChannelEndPoint - Key interests updated 1 -> 0 on SocketChannelEndPoint@5624b09e{l=/127.0.0.1:33437,r=/127.0.0.1:57240,OPEN,fill=-,flush=-,to=38/30000}{io=0/0,kio=0,kro=1}->SslConnection@33815acc{NEED_UNWRAP,eio=-1/-1,di=-1,fill=IDLE,flush=IDLE}~>DecryptedEndPoint@6fd18afd{l=/127.0.0.1:33437,r=/127.0.0.1:57240,OPEN,fill=-,flush=-,to=38/30000}=>HttpConnection@1e2d0221[p=HttpParser{s=START,0 of -1},g=HttpGenerator@5064a823{s=START}]=>HttpChannelOverHttp@60a85cce{s=HttpChannelState@1c8269b3{s=IDLE rs=BLOCKING os=OPEN is=IDLE awp=false se=false i=true al=0},r=0,c=false/false,a=IDLE,uri=null,age=0}
04:29:54.350 [qtp399373008-56] DEBUG org.eclipse.jetty.io.ManagedSelector - Selector sun.nio.ch.EPollSelectorImpl@5b063887 waiting with 2 keys
04:29:54.350 [qtp399373008-62] DEBUG org.eclipse.jetty.io.ssl.SslConnection - >fill SslConnection@33815acc::SocketChannelEndPoint@5624b09e{l=/127.0.0.1:33437,r=/127.0.0.1:57240,OPEN,fill=-,flush=-,to=38/30000}{io=0/0,kio=0,kro=1}->SslConnection@33815acc{NEED_UNWRAP,eio=-1/-1,di=-1,fill=IDLE,flush=IDLE}~>DecryptedEndPoint@6fd18afd{l=/127.0.0.1:33437,r=/127.0.0.1:57240,OPEN,fill=-,flush=-,to=38/30000}=>HttpConnection@1e2d0221[p=HttpParser{s=START,0 of -1},g=HttpGenerator@5064a823{s=START}]=>HttpChannelOverHttp@60a85cce{s=HttpChannelState@1c8269b3{s=IDLE rs=BLOCKING os=OPEN is=IDLE awp=false se=false i=true al=0},r=0,c=false/false,a=IDLE,uri=null,age=0}
04:29:54.350 [qtp399373008-62] DEBUG org.eclipse.jetty.io.ssl.SslConnection - fill NEED_UNWRAP
04:29:54.350 [qtp399373008-62] DEBUG org.eclipse.jetty.io.ChannelEndPoint - filled 1501 HeapByteBuffer@60af7bcf[p=0,l=1501,c=17408,r=1501]={<<<\x17\x03\x03\x03\xAd\xDd\xEf\xC1\xE7\xDf\xB8<e\xF9O\xB46u \xB7\x08\x08\xAc\xA3\xBd...Q\xE4\x8c5\x9fa\x04h\xB1\xBc\xB6\xF2!\xF5\xF1\x1e\x1b\xCf\xDc\xC3\xA9M\xCd>>>\xA8\xCb\xD6\xFe\x94\x0f\xE6\xC2\xD8...\x00\x00\x00\x00\x00\x00\x00}
04:29:54.350 [qtp399373008-62] DEBUG org.eclipse.jetty.io.ssl.SslConnection - net filled=1501
04:29:54.350 [qtp399373008-62] DEBUG org.eclipse.jetty.io.ssl.SslConnection - unwrap net_filled=1501 Status = OK HandshakeStatus = NEED_TASK bytesConsumed = 946 bytesProduced = 0 encryptedBuffer=[p=946,l=1501,c=17408,r=555] unwrapBuffer=HeapByteBuffer@6e6899aa[p=0,l=0,c=17408,r=0]={<<<>>>\x14\x03\x03\x00\x01\x01\xE4\xFcN...\x00\x00\x00\x00\x00\x00\x00} appBuffer=HeapByteBuffer@6e6899aa[p=0,l=0,c=17408,r=0]={<<<>>>\x14\x03\x03\x00\x01\x01\xE4\xFcN...\x00\x00\x00\x00\x00\x00\x00}
04:29:54.350 [qtp399373008-62] DEBUG org.eclipse.jetty.io.ssl.SslConnection - fill NEED_TASK
04:29:54.350 [qtp399373008-62] DEBUG org.eclipse.jetty.io.ssl.SslConnection - fill NEED_UNWRAP
04:29:54.350 [qtp399373008-62] DEBUG org.eclipse.jetty.io.ChannelEndPoint - filled 0 HeapByteBuffer@60af7bcf[p=946,l=1501,c=17408,r=555]={\x17\x03\x03\x03\xAd\x0b\x00\x03\x88...\x9e\x13\x1fG\xC7e\xDe<<<\x17\x03\x03\x01)t\n\x93\t\xDc\x8bI\xBd\xB0\x16{ \xEd\xD4x9\x9fE\x1f\x93...Q\xE4\x8c5\x9fa\x04h\xB1\xBc\xB6\xF2!\xF5\xF1\x1e\x1b\xCf\xDc\xC3\xA9M\xCd>>>\xA8\xCb\xD6\xFe\x94\x0f\xE6\xC2\xD8...\x00\x00\x00\x00\x00\x00\x00}
04:29:54.350 [qtp399373008-62] DEBUG org.eclipse.jetty.io.ssl.SslConnection - net filled=0
04:29:54.350 [qtp399373008-62] DEBUG org.eclipse.jetty.io.ssl.SslConnection - unwrap net_filled=0 Status = OK HandshakeStatus = NEED_TASK bytesConsumed = 302 bytesProduced = 0 encryptedBuffer=[p=1248,l=1501,c=17408,r=253] unwrapBuffer=HeapByteBuffer@6e6899aa[p=0,l=0,c=17408,r=0]={<<<>>>\x14\x03\x03\x00\x01\x01\xE4\xFcN...\x00\x00\x00\x00\x00\x00\x00} appBuffer=HeapByteBuffer@6e6899aa[p=0,l=0,c=17408,r=0]={<<<>>>\x14\x03\x03\x00\x01\x01\xE4\xFcN...\x00\x00\x00\x00\x00\x00\x00}
04:29:54.350 [qtp399373008-62] DEBUG org.eclipse.jetty.io.ssl.SslConnection - fill NEED_TASK
04:29:54.351 [qtp399373008-62] DEBUG org.eclipse.jetty.io.ssl.SslConnection - fill NEED_UNWRAP
04:29:54.351 [qtp399373008-62] DEBUG org.eclipse.jetty.io.ChannelEndPoint - filled 0 HeapByteBuffer@60af7bcf[p=1248,l=1501,c=17408,r=253]={\x17\x03\x03\x03\xAd\x0b\x00\x03\x88...\xD1\x1c\xD2\xB2H\xFd\xC7<<<\x17\x03\x03\x00Uc\xF6\x06\xA0\xEb\xD7\xDc\xD2E\xF1Grv\x8b\x8a\xD5\xC2`/2...Q\xE4\x8c5\x9fa\x04h\xB1\xBc\xB6\xF2!\xF5\xF1\x1e\x1b\xCf\xDc\xC3\xA9M\xCd>>>\xA8\xCb\xD6\xFe\x94\x0f\xE6\xC2\xD8...\x00\x00\x00\x00\x00\x00\x00}
04:29:54.351 [qtp399373008-62] DEBUG org.eclipse.jetty.io.ssl.SslConnection - net filled=0
04:29:54.351 [qtp399373008-62] DEBUG org.eclipse.jetty.io.ssl.SslConnection - unwrap net_filled=0 Status = OK HandshakeStatus = NEED_WRAP bytesConsumed = 90 bytesProduced = 0 encryptedBuffer=[p=1338,l=1501,c=17408,r=163] unwrapBuffer=HeapByteBuffer@6e6899aa[p=0,l=0,c=17408,r=0]={<<<>>>\x14\x03\x03\x00\x01\x01\xE4\xFcN...\x00\x00\x00\x00\x00\x00\x00} appBuffer=HeapByteBuffer@6e6899aa[p=0,l=0,c=17408,r=0]={<<<>>>\x14\x03\x03\x00\x01\x01\xE4\xFcN...\x00\x00\x00\x00\x00\x00\x00}
04:29:54.351 [qtp399373008-62] DEBUG org.eclipse.jetty.io.ssl.SslConnection - fill NEED_WRAP
04:29:54.351 [qtp399373008-62] DEBUG org.eclipse.jetty.io.ssl.SslConnection - >flush SslConnection@33815acc::SocketChannelEndPoint@5624b09e{l=/127.0.0.1:33437,r=/127.0.0.1:57240,OPEN,fill=-,flush=-,to=1/30000}{io=0/0,kio=0,kro=1}->SslConnection@33815acc{NEED_WRAP,eio=163/-1,di=-1,fill=IDLE,flush=IDLE}~>DecryptedEndPoint@6fd18afd{l=/127.0.0.1:33437,r=/127.0.0.1:57240,OPEN,fill=-,flush=-,to=39/30000}=>HttpConnection@1e2d0221[p=HttpParser{s=START,0 of -1},g=HttpGenerator@5064a823{s=START}]=>HttpChannelOverHttp@60a85cce{s=HttpChannelState@1c8269b3{s=IDLE rs=BLOCKING os=OPEN is=IDLE awp=false se=false i=true al=0},r=0,c=false/false,a=IDLE,uri=null,age=0}
04:29:54.351 [qtp399373008-62] DEBUG org.eclipse.jetty.io.ssl.SslConnection - flush b[0]=HeapByteBuffer@29624c55[p=0,l=0,c=0,r=0]={<<<>>>}
04:29:54.351 [qtp399373008-62] DEBUG org.eclipse.jetty.io.ssl.SslConnection - flush NEED_WRAP
04:29:54.351 [qtp399373008-62] DEBUG org.eclipse.jetty.io.ssl.SslConnection - wrap Status = OK HandshakeStatus = FINISHED bytesConsumed = 0 bytesProduced = 88 [p=0,l=88,c=17408,r=88] ioDone=false/false
04:29:54.352 [qtp399373008-62] DEBUG org.eclipse.jetty.io.ChannelEndPoint - flushed 88 SocketChannelEndPoint@5624b09e{l=/127.0.0.1:33437,r=/127.0.0.1:57240,OPEN,fill=-,flush=-,to=1/30000}{io=0/0,kio=0,kro=1}->SslConnection@33815acc{NOT_HANDSHAKING,eio=163/0,di=-1,fill=IDLE,flush=IDLE}~>DecryptedEndPoint@6fd18afd{l=/127.0.0.1:33437,r=/127.0.0.1:57240,OPEN,fill=-,flush=-,to=40/30000}=>HttpConnection@1e2d0221[p=HttpParser{s=START,0 of -1},g=HttpGenerator@5064a823{s=START}]=>HttpChannelOverHttp@60a85cce{s=HttpChannelState@1c8269b3{s=IDLE rs=BLOCKING os=OPEN is=IDLE awp=false se=false i=true al=0},r=0,c=false/false,a=IDLE,uri=null,age=0}
04:29:54.352 [qtp399373008-62] DEBUG org.eclipse.jetty.io.ssl.SslConnection - net flushed=true, ac=true
04:29:54.352 [qtp399373008-62] DEBUG org.eclipse.jetty.io.ssl.SslConnection - handshake succeeded SslConnection@33815acc::SocketChannelEndPoint@5624b09e{l=/127.0.0.1:33437,r=/127.0.0.1:57240,OPEN,fill=-,flush=-,to=0/30000}{io=0/0,kio=0,kro=1}->SslConnection@33815acc{NOT_HANDSHAKING,eio=163/0,di=-1,fill=IDLE,flush=IDLE}~>DecryptedEndPoint@6fd18afd{l=/127.0.0.1:33437,r=/127.0.0.1:57240,OPEN,fill=-,flush=-,to=40/30000}=>HttpConnection@1e2d0221[p=HttpParser{s=START,0 of -1},g=HttpGenerator@5064a823{s=START}]=>HttpChannelOverHttp@60a85cce{s=HttpChannelState@1c8269b3{s=IDLE rs=BLOCKING os=OPEN is=IDLE awp=false se=false i=true al=0},r=0,c=false/false,a=IDLE,uri=null,age=0} resumed server TLSv1.3/TLS_AES_256_GCM_SHA384
04:29:54.352 [qtp399373008-62] DEBUG org.eclipse.jetty.io.ssl.SslConnection - <flush true SslConnection@33815acc::SocketChannelEndPoint@5624b09e{l=/127.0.0.1:33437,r=/127.0.0.1:57240,OPEN,fill=-,flush=-,to=0/30000}{io=0/0,kio=0,kro=1}->SslConnection@33815acc{NOT_HANDSHAKING,eio=163/-1,di=-1,fill=IDLE,flush=IDLE}~>DecryptedEndPoint@6fd18afd{l=/127.0.0.1:33437,r=/127.0.0.1:57240,OPEN,fill=-,flush=-,to=40/30000}=>HttpConnection@1e2d0221[p=HttpParser{s=START,0 of -1},g=HttpGenerator@5064a823{s=START}]=>HttpChannelOverHttp@60a85cce{s=HttpChannelState@1c8269b3{s=IDLE rs=BLOCKING os=OPEN is=IDLE awp=false se=false i=true al=0},r=0,c=false/false,a=IDLE,uri=null,age=0}
04:29:54.352 [qtp399373008-62] DEBUG org.eclipse.jetty.io.ssl.SslConnection - fill NOT_HANDSHAKING
04:29:54.352 [qtp399373008-62] DEBUG org.eclipse.jetty.io.ChannelEndPoint - filled 0 HeapByteBuffer@60af7bcf[p=1338,l=1501,c=17408,r=163]={\x17\x03\x03\x03\xAd\x0b\x00\x03\x88...\xD4\x8fJ\xCe.\xEd\xB6<<<\x17\x03\x03\x00\x9eb\xBbjC\xD3\xA1J\x8b\xFbD?\xC4<\x07\x02@\xB4\x9d\x90\xB5...Q\xE4\x8c5\x9fa\x04h\xB1\xBc\xB6\xF2!\xF5\xF1\x1e\x1b\xCf\xDc\xC3\xA9M\xCd>>>\xA8\xCb\xD6\xFe\x94\x0f\xE6\xC2\xD8...\x00\x00\x00\x00\x00\x00\x00}
04:29:54.352 [qtp399373008-62] DEBUG org.eclipse.jetty.io.ssl.SslConnection - net filled=0
04:29:54.352 [qtp399373008-62] DEBUG org.eclipse.jetty.io.ssl.SslConnection - unwrap net_filled=0 Status = OK HandshakeStatus = NOT_HANDSHAKING bytesConsumed = 163 bytesProduced = 125 encryptedBuffer=[p=1501,l=1501,c=17408,r=0] unwrapBuffer=HeapByteBuffer@6e6899aa[p=0,l=125,c=17408,r=125]={<<<GET /config.yml HTTP/1.1\r...gent: okhttp/3.12.3\r\n\r\n>>>YH\xCa*\x19\x85\xE1;\xD9...\x00\x00\x00\x00\x00\x00\x00} appBuffer=HeapByteBuffer@6e6899aa[p=0,l=125,c=17408,r=125]={<<<GET /config.yml HTTP/1.1\r...gent: okhttp/3.12.3\r\n\r\n>>>YH\xCa*\x19\x85\xE1;\xD9...\x00\x00\x00\x00\x00\x00\x00}
04:29:54.352 [qtp399373008-62] DEBUG org.eclipse.jetty.io.ssl.SslConnection - <fill f=125 uf=false SslConnection@33815acc::SocketChannelEndPoint@5624b09e{l=/127.0.0.1:33437,r=/127.0.0.1:57240,OPEN,fill=-,flush=-,to=0/30000}{io=0/0,kio=0,kro=1}->SslConnection@33815acc{NOT_HANDSHAKING,eio=-1/-1,di=-1,fill=IDLE,flush=IDLE}~>DecryptedEndPoint@6fd18afd{l=/127.0.0.1:33437,r=/127.0.0.1:57240,OPEN,fill=-,flush=-,to=40/30000}=>HttpConnection@1e2d0221[p=HttpParser{s=START,0 of -1},g=HttpGenerator@5064a823{s=START}]=>HttpChannelOverHttp@60a85cce{s=HttpChannelState@1c8269b3{s=IDLE rs=BLOCKING os=OPEN is=IDLE awp=false se=false i=true al=0},r=0,c=false/false,a=IDLE,uri=null,age=0}
04:29:54.352 [qtp399373008-62] DEBUG org.eclipse.jetty.server.HttpConnection - HttpConnection@1e2d0221::DecryptedEndPoint@6fd18afd{l=/127.0.0.1:33437,r=/127.0.0.1:57240,OPEN,fill=-,flush=-,to=41/30000} filled 125 HeapByteBuffer@6e6899aa[p=0,l=125,c=17408,r=125]={<<<GET /config.yml HTTP/1.1\r...gent: okhttp/3.12.3\r\n\r\n>>>YH\xCa*\x19\x85\xE1;\xD9...\x00\x00\x00\x00\x00\x00\x00}
04:29:54.352 [qtp399373008-62] DEBUG org.eclipse.jetty.server.HttpConnection - HttpConnection@1e2d0221::DecryptedEndPoint@6fd18afd{l=/127.0.0.1:33437,r=/127.0.0.1:57240,OPEN,fill=-,flush=-,to=41/30000} parse HeapByteBuffer@6e6899aa[p=0,l=125,c=17408,r=125]={<<<GET /config.yml HTTP/1.1\r...gent: okhttp/3.12.3\r\n\r\n>>>YH\xCa*\x19\x85\xE1;\xD9...\x00\x00\x00\x00\x00\x00\x00} {}
04:29:54.352 [qtp399373008-62] DEBUG org.eclipse.jetty.http.HttpParser - parseNext s=START HeapByteBuffer@6e6899aa[p=0,l=125,c=17408,r=125]={<<<GET /config.yml HTTP/1.1\r...gent: okhttp/3.12.3\r\n\r\n>>>YH\xCa*\x19\x85\xE1;\xD9...\x00\x00\x00\x00\x00\x00\x00}
04:29:54.352 [qtp399373008-62] DEBUG org.eclipse.jetty.http.HttpParser - START --> SPACE1
04:29:54.352 [qtp399373008-62] DEBUG org.eclipse.jetty.http.HttpParser - SPACE1 --> URI
04:29:54.352 [qtp399373008-62] DEBUG org.eclipse.jetty.http.HttpParser - URI --> SPACE2
04:29:54.352 [qtp399373008-62] DEBUG org.eclipse.jetty.http.HttpParser - SPACE2 --> REQUEST_VERSION
04:29:54.352 [qtp399373008-62] DEBUG org.eclipse.jetty.http.HttpParser - REQUEST_VERSION --> HEADER
04:29:54.352 [qtp399373008-62] DEBUG org.eclipse.jetty.http.HttpParser - HEADER:Host --> VALUE
04:29:54.352 [qtp399373008-62] DEBUG org.eclipse.jetty.http.HttpParser - HEADER:Host --> IN_VALUE
04:29:54.352 [qtp399373008-62] DEBUG org.eclipse.jetty.http.HttpParser - HEADER:Host --> FIELD
04:29:54.352 [qtp399373008-62] DEBUG org.eclipse.jetty.http.HttpParser - HEADER:Connection: keep-alive --> IN_VALUE
04:29:54.352 [qtp399373008-62] DEBUG org.eclipse.jetty.http.HttpParser - HEADER:Connection: keep-alive --> FIELD
04:29:54.352 [qtp399373008-62] DEBUG org.eclipse.jetty.http.HttpParser - HEADER:Accept-Encoding: gzip --> IN_VALUE
04:29:54.352 [qtp399373008-62] DEBUG org.eclipse.jetty.http.HttpParser - HEADER:Accept-Encoding: gzip --> FIELD
04:29:54.352 [qtp399373008-62] DEBUG org.eclipse.jetty.http.HttpParser - HEADER:User-Agent --> VALUE
04:29:54.352 [qtp399373008-62] DEBUG org.eclipse.jetty.http.HttpParser - HEADER:User-Agent --> IN_VALUE
04:29:54.353 [qtp399373008-62] DEBUG org.eclipse.jetty.http.HttpParser - HEADER:User-Agent --> FIELD
04:29:54.353 [qtp399373008-62] DEBUG org.eclipse.jetty.http.HttpParser - HEADER --> CONTENT
04:29:54.353 [qtp399373008-62] DEBUG org.eclipse.jetty.server.HttpChannel - REQUEST for //localhost:33437/config.yml on HttpChannelOverHttp@60a85cce{s=HttpChannelState@1c8269b3{s=IDLE rs=BLOCKING os=OPEN is=IDLE awp=false se=false i=true al=0},r=1,c=false/false,a=IDLE,uri=//localhost:33437/config.yml,age=0}
GET //localhost:33437/config.yml HTTP/1.1
Host: localhost:33437
Connection: keep-alive
Accept-Encoding: gzip
User-Agent: okhttp/3.12.3


04:29:54.353 [qtp399373008-62] DEBUG org.eclipse.jetty.server.HttpConnection - HttpConnection@1e2d0221::DecryptedEndPoint@6fd18afd{l=/127.0.0.1:33437,r=/127.0.0.1:57240,OPEN,fill=-,flush=-,to=41/30000} parsed true HttpParser{s=CONTENT,0 of -1}
04:29:54.353 [qtp399373008-62] DEBUG org.eclipse.jetty.server.HttpConnection - releaseRequestBuffer HttpConnection@1e2d0221::DecryptedEndPoint@6fd18afd{l=/127.0.0.1:33437,r=/127.0.0.1:57240,OPEN,fill=-,flush=-,to=41/30000}
04:29:54.353 [qtp399373008-62] DEBUG org.eclipse.jetty.server.HttpChannel - handle //localhost:33437/config.yml HttpChannelOverHttp@60a85cce{s=HttpChannelState@1c8269b3{s=IDLE rs=BLOCKING os=OPEN is=IDLE awp=false se=false i=true al=0},r=1,c=false/false,a=IDLE,uri=//localhost:33437/config.yml,age=0} 
04:29:54.353 [qtp399373008-62] DEBUG org.eclipse.jetty.server.HttpChannelState - handling HttpChannelState@1c8269b3{s=IDLE rs=BLOCKING os=OPEN is=IDLE awp=false se=false i=true al=0}
04:29:54.353 [qtp399373008-62] DEBUG org.eclipse.jetty.server.HttpChannel - action DISPATCH HttpChannelOverHttp@60a85cce{s=HttpChannelState@1c8269b3{s=HANDLING rs=BLOCKING os=OPEN is=IDLE awp=false se=false i=true al=0},r=1,c=false/false,a=HANDLING,uri=//localhost:33437/config.yml,age=0}
04:29:54.353 [qtp399373008-62] DEBUG org.eclipse.jetty.server.SecureRequestCustomizer - Host localhost with SNI null
04:29:54.353 [qtp399373008-62] DEBUG org.eclipse.jetty.server.Server - REQUEST GET /config.yml on HttpChannelOverHttp@60a85cce{s=HttpChannelState@1c8269b3{s=HANDLING rs=BLOCKING os=OPEN is=IDLE awp=false se=false i=true al=0},r=1,c=false/false,a=HANDLING,uri=https://localhost:33437/config.yml,age=0}
04:29:54.353 [qtp399373008-62] DEBUG org.eclipse.jetty.server.HttpOutput - write(array HeapByteBuffer@5d13d46e[p=0,l=4,c=512,r=4]={<<<path>>>\x00\x00\x00\x00\x00\x00\x00\x00\x00...\x00\x00\x00\x00\x00\x00\x00})
04:29:54.353 [qtp399373008-62] DEBUG org.eclipse.jetty.server.HttpOutput - write(array) s=CLOSING,api=BLOCKED,sc=false,e=null last=true agg=false flush=true async=false, len=4 null
04:29:54.353 [qtp399373008-62] DEBUG org.eclipse.jetty.server.HttpChannel - sendResponse info=null content=HeapByteBuffer@7db04e62[p=0,l=4,c=512,r=4]={<<<path>>>\x00\x00\x00\x00\x00\x00\x00\x00\x00...\x00\x00\x00\x00\x00\x00\x00} complete=true committing=true callback=Blocker@485aa2c2{null}
04:29:54.353 [qtp399373008-62] DEBUG org.eclipse.jetty.server.HttpChannel - COMMIT for /config.yml on HttpChannelOverHttp@60a85cce{s=HttpChannelState@1c8269b3{s=HANDLING rs=BLOCKING os=COMMITTED is=IDLE awp=false se=false i=true al=0},r=1,c=false/false,a=HANDLING,uri=https://localhost:33437/config.yml,age=0}
200 null HTTP/1.1
Date: Thu, 02 May 2024 03:29:54 GMT
ETag: testEtag
Content-Type: text/plain;charset=utf-8
Content-Length: 4


04:29:54.353 [qtp399373008-62] DEBUG org.eclipse.jetty.server.HttpConnection - generate: NEED_HEADER for SendCallback@1fced375[PROCESSING][i=HTTP/1.1{s=200,h=4,cl=4},cb=org.eclipse.jetty.server.HttpChannel$SendCallback@5c3dc446] (null,[p=0,l=4,c=512,r=4],true)@START
04:29:54.353 [qtp399373008-62] DEBUG org.eclipse.jetty.http.HttpGenerator - generateHeaders HTTP/1.1{s=200,h=4,cl=4} last=true content=HeapByteBuffer@7db04e62[p=0,l=4,c=512,r=4]={<<<path>>>\x00\x00\x00\x00\x00\x00\x00\x00\x00...\x00\x00\x00\x00\x00\x00\x00}
04:29:54.353 [qtp399373008-62] DEBUG org.eclipse.jetty.http.HttpGenerator - Date: Thu, 02 May 2024 03:29:54 GMT
ETag: testEtag
Content-Type: text/plain;charset=utf-8
Content-Length: 4


04:29:54.353 [qtp399373008-62] DEBUG org.eclipse.jetty.http.HttpGenerator - CONTENT_LENGTH
04:29:54.353 [qtp399373008-62] DEBUG org.eclipse.jetty.server.HttpConnection - generate: FLUSH for SendCallback@1fced375[PROCESSING][i=HTTP/1.1{s=200,h=4,cl=4},cb=org.eclipse.jetty.server.HttpChannel$SendCallback@5c3dc446] ([p=0,l=164,c=8192,r=164],[p=0,l=4,c=512,r=4],true)@COMPLETING
04:29:54.353 [qtp399373008-62] DEBUG org.eclipse.jetty.io.WriteFlusher - write: WriteFlusher@238152fd{IDLE}->null [HeapByteBuffer@4ce71d2b[p=0,l=164,c=8192,r=164]={<<<HTTP/1.1 200 OK\r\nDate: Th...y(9.4.44.v20210927)\r\n\r\n>>>\n\r\n\x00\x00\x00\x00\x00\x00...\x00\x00\x00\x00\x00\x00\x00},HeapByteBuffer@7db04e62[p=0,l=4,c=512,r=4]={<<<path>>>\x00\x00\x00\x00\x00\x00\x00\x00\x00...\x00\x00\x00\x00\x00\x00\x00}]
04:29:54.353 [qtp399373008-62] DEBUG org.eclipse.jetty.io.WriteFlusher - update WriteFlusher@238152fd{WRITING}->null:IDLE-->WRITING
04:29:54.353 [qtp399373008-62] DEBUG org.eclipse.jetty.io.ssl.SslConnection - >flush SslConnection@33815acc::SocketChannelEndPoint@5624b09e{l=/127.0.0.1:33437,r=/127.0.0.1:57240,OPEN,fill=-,flush=-,to=1/30000}{io=0/0,kio=0,kro=1}->SslConnection@33815acc{NOT_HANDSHAKING,eio=-1/-1,di=-1,fill=IDLE,flush=IDLE}~>DecryptedEndPoint@6fd18afd{l=/127.0.0.1:33437,r=/127.0.0.1:57240,OPEN,fill=-,flush=W,to=42/30000}=>HttpConnection@1e2d0221[p=HttpParser{s=CONTENT,0 of -1},g=HttpGenerator@5064a823{s=COMPLETING}]=>HttpChannelOverHttp@60a85cce{s=HttpChannelState@1c8269b3{s=HANDLING rs=BLOCKING os=COMMITTED is=IDLE awp=false se=false i=true al=0},r=1,c=false/false,a=HANDLING,uri=https://localhost:33437/config.yml,age=0}
04:29:54.353 [qtp399373008-62] DEBUG org.eclipse.jetty.io.ssl.SslConnection - flush b[0]=HeapByteBuffer@4ce71d2b[p=0,l=164,c=8192,r=164]={<<<HTTP/1.1 200 OK\r\nDate: Th...y(9.4.44.v20210927)\r\n\r\n>>>\n\r\n\x00\x00\x00\x00\x00\x00...\x00\x00\x00\x00\x00\x00\x00}
04:29:54.353 [qtp399373008-62] DEBUG org.eclipse.jetty.io.ssl.SslConnection - flush b[1]=HeapByteBuffer@7db04e62[p=0,l=4,c=512,r=4]={<<<path>>>\x00\x00\x00\x00\x00\x00\x00\x00\x00...\x00\x00\x00\x00\x00\x00\x00}
04:29:54.353 [qtp399373008-62] DEBUG org.eclipse.jetty.io.ssl.SslConnection - flush NOT_HANDSHAKING
04:29:54.354 [qtp399373008-62] DEBUG org.eclipse.jetty.io.ssl.SslConnection - wrap Status = OK HandshakeStatus = NOT_HANDSHAKING bytesConsumed = 168 bytesProduced = 206 [p=0,l=206,c=17408,r=206] ioDone=false/false
04:29:54.354 [qtp399373008-62] DEBUG org.eclipse.jetty.io.ChannelEndPoint - flushed 206 SocketChannelEndPoint@5624b09e{l=/127.0.0.1:33437,r=/127.0.0.1:57240,OPEN,fill=-,flush=-,to=2/30000}{io=0/0,kio=0,kro=1}->SslConnection@33815acc{NOT_HANDSHAKING,eio=-1/0,di=-1,fill=IDLE,flush=IDLE}~>DecryptedEndPoint@6fd18afd{l=/127.0.0.1:33437,r=/127.0.0.1:57240,OPEN,fill=-,flush=W,to=42/30000}=>HttpConnection@1e2d0221[p=HttpParser{s=CONTENT,0 of -1},g=HttpGenerator@5064a823{s=COMPLETING}]=>HttpChannelOverHttp@60a85cce{s=HttpChannelState@1c8269b3{s=HANDLING rs=BLOCKING os=COMMITTED is=IDLE awp=false se=false i=true al=0},r=1,c=false/false,a=HANDLING,uri=https://localhost:33437/config.yml,age=1}
04:29:54.354 [qtp399373008-62] DEBUG org.eclipse.jetty.io.ssl.SslConnection - net flushed=true, ac=true
04:29:54.354 [qtp399373008-62] DEBUG org.eclipse.jetty.io.ssl.SslConnection - <flush true SslConnection@33815acc::SocketChannelEndPoint@5624b09e{l=/127.0.0.1:33437,r=/127.0.0.1:57240,OPEN,fill=-,flush=-,to=0/30000}{io=0/0,kio=0,kro=1}->SslConnection@33815acc{NOT_HANDSHAKING,eio=-1/-1,di=-1,fill=IDLE,flush=IDLE}~>DecryptedEndPoint@6fd18afd{l=/127.0.0.1:33437,r=/127.0.0.1:57240,OPEN,fill=-,flush=W,to=42/30000}=>HttpConnection@1e2d0221[p=HttpParser{s=CONTENT,0 of -1},g=HttpGenerator@5064a823{s=COMPLETING}]=>HttpChannelOverHttp@60a85cce{s=HttpChannelState@1c8269b3{s=HANDLING rs=BLOCKING os=COMMITTED is=IDLE awp=false se=false i=true al=0},r=1,c=false/false,a=HANDLING,uri=https://localhost:33437/config.yml,age=1}
04:29:54.354 [qtp399373008-62] DEBUG org.eclipse.jetty.io.WriteFlusher - Flushed=true written=168 remaining=0 WriteFlusher@238152fd{WRITING}->null
04:29:54.354 [main] DEBUG org.apache.nifi.minifi.bootstrap.configuration.ingestors.PullHttpChangeIngestor - Response received: Response{protocol=http/1.1, code=200, message=OK, url=https://localhost:33437/config.yml}
04:29:54.354 [qtp399373008-62] DEBUG org.eclipse.jetty.io.WriteFlusher - update WriteFlusher@238152fd{IDLE}->null:WRITING-->IDLE
04:29:54.354 [qtp399373008-62] DEBUG org.eclipse.jetty.server.HttpConnection - generate: DONE for SendCallback@1fced375[PROCESSING][i=HTTP/1.1{s=200,h=4,cl=4},cb=org.eclipse.jetty.server.HttpChannel$SendCallback@5c3dc446] ([p=164,l=164,c=8192,r=0],[p=4,l=4,c=512,r=0],true)@END
04:29:54.354 [qtp399373008-62] DEBUG org.eclipse.jetty.server.HttpOutput - onWriteComplete(true,null) s=CLOSING,api=BLOCKED,sc=false,e=null->s=CLOSED,api=BLOCKING,sc=false,e=null c=null cb=null w=false
04:29:54.354 [qtp399373008-62] DEBUG org.eclipse.jetty.server.HttpOutput - close() s=CLOSED,api=BLOCKING,sc=false,e=null c=null b=null
04:29:54.354 [main] DEBUG org.apache.nifi.minifi.bootstrap.configuration.ingestors.PullHttpChangeIngestor - Pulled config same as currently running.
04:29:54.354 [qtp399373008-62] DEBUG org.eclipse.jetty.server.Server - handled=true async=false committed=true on HttpChannelOverHttp@60a85cce{s=HttpChannelState@1c8269b3{s=HANDLING rs=BLOCKING os=COMPLETED is=IDLE awp=false se=false i=true al=0},r=1,c=false/true,a=HANDLING,uri=https://localhost:33437/config.yml,age=1}
04:29:54.354 [qtp399373008-62] DEBUG org.eclipse.jetty.server.HttpChannelState - unhandle HttpChannelState@1c8269b3{s=HANDLING rs=BLOCKING os=COMPLETED is=IDLE awp=false se=false i=true al=0}
04:29:54.354 [qtp399373008-62] DEBUG org.eclipse.jetty.server.HttpChannelState - nextAction(false) COMPLETE HttpChannelState@1c8269b3{s=HANDLING rs=COMPLETING os=COMPLETED is=IDLE awp=false se=false i=false al=0}
04:29:54.354 [qtp399373008-62] DEBUG org.eclipse.jetty.server.HttpChannel - action COMPLETE HttpChannelOverHttp@60a85cce{s=HttpChannelState@1c8269b3{s=HANDLING rs=COMPLETING os=COMPLETED is=IDLE awp=false se=false i=false al=0},r=1,c=false/true,a=HANDLING,uri=https://localhost:33437/config.yml,age=1}
04:29:54.354 [qtp399373008-62] DEBUG org.eclipse.jetty.server.HttpOutput - complete(org.eclipse.jetty.util.Callback$3@3e50a8fd) s=CLOSED,api=BLOCKING,sc=false,e=null s=true e=null, c=null
04:29:54.354 [qtp399373008-62] DEBUG org.eclipse.jetty.server.HttpChannelState - completed HttpChannelState@1c8269b3{s=HANDLING rs=COMPLETING os=COMPLETED is=IDLE awp=false se=false i=false al=0}
]]></system-out>
  </testcase>
</testsuite>