<?xml version="1.0" encoding="UTF-8"?>
<testsuite xmlns:xsi="http://www.w3.org/2001/XMLSchema-instance" xsi:noNamespaceSchemaLocation="https://maven.apache.org/surefire/maven-surefire-plugin/xsd/surefire-test-report-3.0.xsd" version="3.0" name="org.apache.nifi.toolkit.tls.service.TlsCertificateAuthorityTest" time="1.609" tests="4" errors="0" skipped="0" failures="0">
  <properties>
    <property name="sun.desktop" value="gnome"/>
    <property name="awt.toolkit" value="sun.awt.X11.XToolkit"/>
    <property name="file.encoding.pkg" value="sun.io"/>
    <property name="java.specification.version" value="1.8"/>
    <property name="sun.cpu.isalist" value=""/>
    <property name="sun.jnu.encoding" value="UTF-8"/>
    <property name="java.class.path" value="/home/alex/Repositories/nifi/nifi-toolkit/nifi-toolkit-tls/target/test-classes:/home/alex/Repositories/nifi/nifi-toolkit/nifi-toolkit-tls/target/classes:/home/alex/Repositories/nifi/nifi-commons/nifi-properties/target/classes:/home/alex/Repositories/nifi/nifi-commons/nifi-property-utils/target/classes:/home/alex/Repositories/nifi/nifi-commons/nifi-security-utils/target/classes:/home/alex/Repositories/nifi/nifi-api/target/classes:/home/alex/Repositories/nifi/nifi-commons/nifi-utils/target/classes:/home/alex/Repositories/nifi/nifi-commons/nifi-security-utils-api/target/classes:/home/alex/Repositories/nifi/nifi-commons/nifi-security-kms/target/classes:/home/alex/.m2/repository/org/apache/commons/commons-lang3/3.12.0/commons-lang3-3.12.0.jar:/home/alex/.m2/repository/commons-codec/commons-codec/1.14/commons-codec-1.14.jar:/home/alex/.m2/repository/at/favre/lib/bcrypt/0.9.0/bcrypt-0.9.0.jar:/home/alex/.m2/repository/at/favre/lib/bytes/1.3.0/bytes-1.3.0.jar:/home/alex/.m2/repository/org/apache/commons/commons-configuration2/2.7/commons-configuration2-2.7.jar:/home/alex/.m2/repository/org/apache/commons/commons-text/1.8/commons-text-1.8.jar:/home/alex/.m2/repository/org/slf4j/slf4j-api/1.7.32/slf4j-api-1.7.32.jar:/home/alex/.m2/repository/org/bouncycastle/bcpkix-jdk15on/1.69/bcpkix-jdk15on-1.69.jar:/home/alex/.m2/repository/org/bouncycastle/bcutil-jdk15on/1.69/bcutil-jdk15on-1.69.jar:/home/alex/.m2/repository/org/bouncycastle/bcprov-jdk15on/1.69/bcprov-jdk15on-1.69.jar:/home/alex/.m2/repository/commons-cli/commons-cli/1.4/commons-cli-1.4.jar:/home/alex/.m2/repository/commons-io/commons-io/2.10.0/commons-io-2.10.0.jar:/home/alex/.m2/repository/org/eclipse/jetty/jetty-server/9.4.44.v20210927/jetty-server-9.4.44.v20210927.jar:/home/alex/.m2/repository/javax/servlet/javax.servlet-api/3.1.0/javax.servlet-api-3.1.0.jar:/home/alex/.m2/repository/org/eclipse/jetty/jetty-http/9.4.44.v20210927/jetty-http-9.4.44.v20210927.jar:/home/alex/.m2/repository/org/eclipse/jetty/jetty-util/9.4.44.v20210927/jetty-util-9.4.44.v20210927.jar:/home/alex/.m2/repository/org/eclipse/jetty/jetty-io/9.4.44.v20210927/jetty-io-9.4.44.v20210927.jar:/home/alex/.m2/repository/org/glassfish/jersey/core/jersey-client/2.33/jersey-client-2.33.jar:/home/alex/.m2/repository/jakarta/ws/rs/jakarta.ws.rs-api/2.1.6/jakarta.ws.rs-api-2.1.6.jar:/home/alex/.m2/repository/org/glassfish/jersey/core/jersey-common/2.33/jersey-common-2.33.jar:/home/alex/.m2/repository/jakarta/annotation/jakarta.annotation-api/1.3.5/jakarta.annotation-api-1.3.5.jar:/home/alex/.m2/repository/org/glassfish/hk2/osgi-resource-locator/1.0.3/osgi-resource-locator-1.0.3.jar:/home/alex/.m2/repository/org/glassfish/hk2/external/jakarta.inject/2.6.1/jakarta.inject-2.6.1.jar:/home/alex/.m2/repository/org/glassfish/jersey/inject/jersey-hk2/2.33/jersey-hk2-2.33.jar:/home/alex/.m2/repository/org/glassfish/hk2/hk2-locator/2.6.1/hk2-locator-2.6.1.jar:/home/alex/.m2/repository/org/glassfish/hk2/external/aopalliance-repackaged/2.6.1/aopalliance-repackaged-2.6.1.jar:/home/alex/.m2/repository/org/glassfish/hk2/hk2-api/2.6.1/hk2-api-2.6.1.jar:/home/alex/.m2/repository/org/glassfish/hk2/hk2-utils/2.6.1/hk2-utils-2.6.1.jar:/home/alex/.m2/repository/org/javassist/javassist/3.25.0-GA/javassist-3.25.0-GA.jar:/home/alex/.m2/repository/com/fasterxml/jackson/core/jackson-databind/2.12.3/jackson-databind-2.12.3.jar:/home/alex/.m2/repository/com/fasterxml/jackson/core/jackson-annotations/2.12.3/jackson-annotations-2.12.3.jar:/home/alex/.m2/repository/com/fasterxml/jackson/core/jackson-core/2.12.3/jackson-core-2.12.3.jar:/home/alex/.m2/repository/org/apache/httpcomponents/httpclient/4.5.5/httpclient-4.5.5.jar:/home/alex/.m2/repository/org/apache/httpcomponents/httpcore/4.4.9/httpcore-4.4.9.jar:/home/alex/.m2/repository/commons-logging/commons-logging/1.2/commons-logging-1.2.jar:/home/alex/.m2/repository/org/slf4j/slf4j-simple/1.7.32/slf4j-simple-1.7.32.jar:/home/alex/.m2/repository/org/junit/jupiter/junit-jupiter-api/5.7.2/junit-jupiter-api-5.7.2.jar:/home/alex/.m2/repository/org/apiguardian/apiguardian-api/1.1.0/apiguardian-api-1.1.0.jar:/home/alex/.m2/repository/org/opentest4j/opentest4j/1.2.0/opentest4j-1.2.0.jar:/home/alex/.m2/repository/org/junit/platform/junit-platform-commons/1.7.2/junit-platform-commons-1.7.2.jar:/home/alex/.m2/repository/org/junit/jupiter/junit-jupiter-engine/5.7.2/junit-jupiter-engine-5.7.2.jar:/home/alex/.m2/repository/org/junit/platform/junit-platform-engine/1.7.2/junit-platform-engine-1.7.2.jar:/home/alex/.m2/repository/org/junit/vintage/junit-vintage-engine/5.7.2/junit-vintage-engine-5.7.2.jar:/home/alex/.m2/repository/junit/junit/4.13.2/junit-4.13.2.jar:/home/alex/.m2/repository/org/hamcrest/hamcrest-core/1.3/hamcrest-core-1.3.jar:/home/alex/.m2/repository/org/junit/jupiter/junit-jupiter-params/5.7.2/junit-jupiter-params-5.7.2.jar:/home/alex/.m2/repository/org/mockito/mockito-core/3.11.2/mockito-core-3.11.2.jar:/home/alex/.m2/repository/net/bytebuddy/byte-buddy/1.11.3/byte-buddy-1.11.3.jar:/home/alex/.m2/repository/net/bytebuddy/byte-buddy-agent/1.11.3/byte-buddy-agent-1.11.3.jar:/home/alex/.m2/repository/org/objenesis/objenesis/3.2/objenesis-3.2.jar:/home/alex/.m2/repository/org/mockito/mockito-junit-jupiter/3.11.2/mockito-junit-jupiter-3.11.2.jar:/home/alex/.m2/repository/org/codehaus/groovy/groovy-test/2.5.14/groovy-test-2.5.14.jar:/home/alex/.m2/repository/org/codehaus/groovy/groovy/2.5.14/groovy-2.5.14.jar:"/>
    <property name="java.vm.vendor" value="Private Build"/>
    <property name="sun.arch.data.model" value="64"/>
    <property name="java.vendor.url" value="http://java.oracle.com/"/>
    <property name="user.timezone" value="Europe/Lisbon"/>
    <property name="java.vm.specification.version" value="1.8"/>
    <property name="os.name" value="Linux"/>
    <property name="user.country" value="US"/>
    <property name="sun.java.launcher" value="SUN_STANDARD"/>
    <property name="sun.boot.library.path" value="/usr/lib/jvm/java-8-openjdk-amd64/jre/lib/amd64"/>
    <property name="sun.java.command" value="/home/alex/Repositories/nifi/nifi-toolkit/nifi-toolkit-tls/target/surefire/surefirebooter1068633619835587316.jar /home/alex/Repositories/nifi/nifi-toolkit/nifi-toolkit-tls/target/surefire 2024-05-02T04-10-31_566-jvmRun1 surefire4515228278087964549tmp surefire_1895874335678458859750tmp"/>
    <property name="surefire.test.class.path" value="/home/alex/Repositories/nifi/nifi-toolkit/nifi-toolkit-tls/target/test-classes:/home/alex/Repositories/nifi/nifi-toolkit/nifi-toolkit-tls/target/classes:/home/alex/Repositories/nifi/nifi-commons/nifi-properties/target/classes:/home/alex/Repositories/nifi/nifi-commons/nifi-property-utils/target/classes:/home/alex/Repositories/nifi/nifi-commons/nifi-security-utils/target/classes:/home/alex/Repositories/nifi/nifi-api/target/classes:/home/alex/Repositories/nifi/nifi-commons/nifi-utils/target/classes:/home/alex/Repositories/nifi/nifi-commons/nifi-security-utils-api/target/classes:/home/alex/Repositories/nifi/nifi-commons/nifi-security-kms/target/classes:/home/alex/.m2/repository/org/apache/commons/commons-lang3/3.12.0/commons-lang3-3.12.0.jar:/home/alex/.m2/repository/commons-codec/commons-codec/1.14/commons-codec-1.14.jar:/home/alex/.m2/repository/at/favre/lib/bcrypt/0.9.0/bcrypt-0.9.0.jar:/home/alex/.m2/repository/at/favre/lib/bytes/1.3.0/bytes-1.3.0.jar:/home/alex/.m2/repository/org/apache/commons/commons-configuration2/2.7/commons-configuration2-2.7.jar:/home/alex/.m2/repository/org/apache/commons/commons-text/1.8/commons-text-1.8.jar:/home/alex/.m2/repository/org/slf4j/slf4j-api/1.7.32/slf4j-api-1.7.32.jar:/home/alex/.m2/repository/org/bouncycastle/bcpkix-jdk15on/1.69/bcpkix-jdk15on-1.69.jar:/home/alex/.m2/repository/org/bouncycastle/bcutil-jdk15on/1.69/bcutil-jdk15on-1.69.jar:/home/alex/.m2/repository/org/bouncycastle/bcprov-jdk15on/1.69/bcprov-jdk15on-1.69.jar:/home/alex/.m2/repository/commons-cli/commons-cli/1.4/commons-cli-1.4.jar:/home/alex/.m2/repository/commons-io/commons-io/2.10.0/commons-io-2.10.0.jar:/home/alex/.m2/repository/org/eclipse/jetty/jetty-server/9.4.44.v20210927/jetty-server-9.4.44.v20210927.jar:/home/alex/.m2/repository/javax/servlet/javax.servlet-api/3.1.0/javax.servlet-api-3.1.0.jar:/home/alex/.m2/repository/org/eclipse/jetty/jetty-http/9.4.44.v20210927/jetty-http-9.4.44.v20210927.jar:/home/alex/.m2/repository/org/eclipse/jetty/jetty-util/9.4.44.v20210927/jetty-util-9.4.44.v20210927.jar:/home/alex/.m2/repository/org/eclipse/jetty/jetty-io/9.4.44.v20210927/jetty-io-9.4.44.v20210927.jar:/home/alex/.m2/repository/org/glassfish/jersey/core/jersey-client/2.33/jersey-client-2.33.jar:/home/alex/.m2/repository/jakarta/ws/rs/jakarta.ws.rs-api/2.1.6/jakarta.ws.rs-api-2.1.6.jar:/home/alex/.m2/repository/org/glassfish/jersey/core/jersey-common/2.33/jersey-common-2.33.jar:/home/alex/.m2/repository/jakarta/annotation/jakarta.annotation-api/1.3.5/jakarta.annotation-api-1.3.5.jar:/home/alex/.m2/repository/org/glassfish/hk2/osgi-resource-locator/1.0.3/osgi-resource-locator-1.0.3.jar:/home/alex/.m2/repository/org/glassfish/hk2/external/jakarta.inject/2.6.1/jakarta.inject-2.6.1.jar:/home/alex/.m2/repository/org/glassfish/jersey/inject/jersey-hk2/2.33/jersey-hk2-2.33.jar:/home/alex/.m2/repository/org/glassfish/hk2/hk2-locator/2.6.1/hk2-locator-2.6.1.jar:/home/alex/.m2/repository/org/glassfish/hk2/external/aopalliance-repackaged/2.6.1/aopalliance-repackaged-2.6.1.jar:/home/alex/.m2/repository/org/glassfish/hk2/hk2-api/2.6.1/hk2-api-2.6.1.jar:/home/alex/.m2/repository/org/glassfish/hk2/hk2-utils/2.6.1/hk2-utils-2.6.1.jar:/home/alex/.m2/repository/org/javassist/javassist/3.25.0-GA/javassist-3.25.0-GA.jar:/home/alex/.m2/repository/com/fasterxml/jackson/core/jackson-databind/2.12.3/jackson-databind-2.12.3.jar:/home/alex/.m2/repository/com/fasterxml/jackson/core/jackson-annotations/2.12.3/jackson-annotations-2.12.3.jar:/home/alex/.m2/repository/com/fasterxml/jackson/core/jackson-core/2.12.3/jackson-core-2.12.3.jar:/home/alex/.m2/repository/org/apache/httpcomponents/httpclient/4.5.5/httpclient-4.5.5.jar:/home/alex/.m2/repository/org/apache/httpcomponents/httpcore/4.4.9/httpcore-4.4.9.jar:/home/alex/.m2/repository/commons-logging/commons-logging/1.2/commons-logging-1.2.jar:/home/alex/.m2/repository/org/slf4j/slf4j-simple/1.7.32/slf4j-simple-1.7.32.jar:/home/alex/.m2/repository/org/junit/jupiter/junit-jupiter-api/5.7.2/junit-jupiter-api-5.7.2.jar:/home/alex/.m2/repository/org/apiguardian/apiguardian-api/1.1.0/apiguardian-api-1.1.0.jar:/home/alex/.m2/repository/org/opentest4j/opentest4j/1.2.0/opentest4j-1.2.0.jar:/home/alex/.m2/repository/org/junit/platform/junit-platform-commons/1.7.2/junit-platform-commons-1.7.2.jar:/home/alex/.m2/repository/org/junit/jupiter/junit-jupiter-engine/5.7.2/junit-jupiter-engine-5.7.2.jar:/home/alex/.m2/repository/org/junit/platform/junit-platform-engine/1.7.2/junit-platform-engine-1.7.2.jar:/home/alex/.m2/repository/org/junit/vintage/junit-vintage-engine/5.7.2/junit-vintage-engine-5.7.2.jar:/home/alex/.m2/repository/junit/junit/4.13.2/junit-4.13.2.jar:/home/alex/.m2/repository/org/hamcrest/hamcrest-core/1.3/hamcrest-core-1.3.jar:/home/alex/.m2/repository/org/junit/jupiter/junit-jupiter-params/5.7.2/junit-jupiter-params-5.7.2.jar:/home/alex/.m2/repository/org/mockito/mockito-core/3.11.2/mockito-core-3.11.2.jar:/home/alex/.m2/repository/net/bytebuddy/byte-buddy/1.11.3/byte-buddy-1.11.3.jar:/home/alex/.m2/repository/net/bytebuddy/byte-buddy-agent/1.11.3/byte-buddy-agent-1.11.3.jar:/home/alex/.m2/repository/org/objenesis/objenesis/3.2/objenesis-3.2.jar:/home/alex/.m2/repository/org/mockito/mockito-junit-jupiter/3.11.2/mockito-junit-jupiter-3.11.2.jar:/home/alex/.m2/repository/org/codehaus/groovy/groovy-test/2.5.14/groovy-test-2.5.14.jar:/home/alex/.m2/repository/org/codehaus/groovy/groovy/2.5.14/groovy-2.5.14.jar:"/>
    <property name="sun.cpu.endian" value="little"/>
    <property name="user.home" value="/home/alex"/>
    <property name="user.language" value="en"/>
    <property name="java.specification.vendor" value="Oracle Corporation"/>
    <property name="java.home" value="/usr/lib/jvm/java-8-openjdk-amd64/jre"/>
    <property name="basedir" value="/home/alex/Repositories/nifi/nifi-toolkit/nifi-toolkit-tls"/>
    <property name="file.separator" value="/"/>
    <property name="line.separator" value="&#10;"/>
    <property name="java.vm.specification.vendor" value="Oracle Corporation"/>
    <property name="java.specification.name" value="Java Platform API Specification"/>
    <property name="java.awt.graphicsenv" value="sun.awt.X11GraphicsEnvironment"/>
    <property name="java.awt.headless" value="true"/>
    <property name="surefire.real.class.path" value="/home/alex/Repositories/nifi/nifi-toolkit/nifi-toolkit-tls/target/surefire/surefirebooter1068633619835587316.jar"/>
    <property name="sun.boot.class.path" value="/usr/lib/jvm/java-8-openjdk-amd64/jre/lib/resources.jar:/usr/lib/jvm/java-8-openjdk-amd64/jre/lib/rt.jar:/usr/lib/jvm/java-8-openjdk-amd64/jre/lib/sunrsasign.jar:/usr/lib/jvm/java-8-openjdk-amd64/jre/lib/jsse.jar:/usr/lib/jvm/java-8-openjdk-amd64/jre/lib/jce.jar:/usr/lib/jvm/java-8-openjdk-amd64/jre/lib/charsets.jar:/usr/lib/jvm/java-8-openjdk-amd64/jre/lib/jfr.jar:/usr/lib/jvm/java-8-openjdk-amd64/jre/classes"/>
    <property name="sun.management.compiler" value="HotSpot 64-Bit Tiered Compilers"/>
    <property name="java.runtime.version" value="1.8.0_402-8u402-ga-2ubuntu1~22.04-b06"/>
    <property name="java.net.preferIPv4Stack" value="true"/>
    <property name="user.name" value="alex"/>
    <property name="path.separator" value=":"/>
    <property name="os.version" value="6.5.0-28-generic"/>
    <property name="java.endorsed.dirs" value="/usr/lib/jvm/java-8-openjdk-amd64/jre/lib/endorsed"/>
    <property name="java.runtime.name" value="OpenJDK Runtime Environment"/>
    <property name="file.encoding" value="UTF-8"/>
    <property name="java.vm.name" value="OpenJDK 64-Bit Server VM"/>
    <property name="localRepository" value="/home/alex/.m2/repository"/>
    <property name="java.vendor.url.bug" value="http://bugreport.sun.com/bugreport/"/>
    <property name="jetty.git.hash" value="8da83308eeca865e495e53ef315a249d63ba9332"/>
    <property name="java.io.tmpdir" value="/tmp"/>
    <property name="java.version" value="1.8.0_402"/>
    <property name="user.dir" value="/home/alex/Repositories/nifi/nifi-toolkit/nifi-toolkit-tls"/>
    <property name="os.arch" value="amd64"/>
    <property name="java.vm.specification.name" value="Java Virtual Machine Specification"/>
    <property name="java.awt.printerjob" value="sun.print.PSPrinterJob"/>
    <property name="sun.os.patch.level" value="unknown"/>
    <property name="java.library.path" value="/usr/java/packages/lib/amd64:/usr/lib/x86_64-linux-gnu/jni:/lib/x86_64-linux-gnu:/usr/lib/x86_64-linux-gnu:/usr/lib/jni:/lib:/usr/lib"/>
    <property name="java.vm.info" value="mixed mode"/>
    <property name="java.vendor" value="Private Build"/>
    <property name="java.vm.version" value="25.402-b06"/>
    <property name="java.specification.maintenance.version" value="5"/>
    <property name="java.ext.dirs" value="/usr/lib/jvm/java-8-openjdk-amd64/jre/lib/ext:/usr/java/packages/lib/ext"/>
    <property name="sun.io.unicode.encoding" value="UnicodeLittle"/>
    <property name="java.class.version" value="52.0"/>
  </properties>
  <testcase name="testClientPkcs12" classname="org.apache.nifi.toolkit.tls.service.TlsCertificateAuthorityTest" time="0.916">
    <system-err><![CDATA[[main] INFO org.eclipse.jetty.util.log - Logging initialized @11776ms to org.eclipse.jetty.util.log.Slf4jLog
[main] INFO org.eclipse.jetty.server.Server - jetty-9.4.44.v20210927; built: 2021-09-27T23:02:44.612Z; git: 8da83308eeca865e495e53ef315a249d63ba9332; jvm 1.8.0_402-8u402-ga-2ubuntu1~22.04-b06
[main] INFO org.eclipse.jetty.server.AbstractConnector - Started ServerConnector@561953e3{SSL, (ssl, http/1.1)}{0.0.0.0:36397}
[main] INFO org.eclipse.jetty.server.Server - Started @11858ms
[main] INFO org.apache.nifi.toolkit.tls.service.client.TlsCertificateAuthorityClient - Requesting new certificate from localhost:36397
[main] INFO org.apache.nifi.toolkit.tls.service.client.TlsCertificateSigningRequestPerformer - Requesting certificate with dn CN=otherHostname,OU=NIFI from localhost:36397
[qtp398088176-21] INFO org.apache.nifi.toolkit.tls.service.server.TlsCertificateAuthorityServiceHandler - Received CSR with DN CN=otherHostname,OU=NIFI
[qtp398088176-21] INFO org.apache.nifi.toolkit.tls.service.server.TlsCertificateAuthorityServiceHandler - Returning code:200 payload {"hmac":"eav+wvy92DeEZ6cCCAl9LZzV9FC5lNvgWm/IYqZXiPU=","pemEncodedCertificate":"-----BEGIN CERTIFICATE-----\nMIIDdzCCAl+gAwIBAgIKAY83WnLyAAAAADANBgkqhkiG9w0BAQsFADAjMQ0wCwYD\nVQQLDAROSUZJMRIwEAYDVQQDDAlsb2NhbGhvc3QwHhcNMjQwNTAyMDMzMDI1WhcN\nMjQwNTA3MDMzMDI1WjAnMQ0wCwYDVQQLDAROSUZJMRYwFAYDVQQDDA1vdGhlckhv\nc3RuYW1lMIIBIjANBgkqhkiG9w0BAQEFAAOCAQ8AMIIBCgKCAQEAqiAW1niE+NZd\nFll+7HiuJ+AnsNr7kJaVZOBxY0uYLYpvleQ4BbhEkZTwXEGEF6neMQju++YsF1/2\nsQm5XwdzKoHM1w4CqSkvCVqtKfUo90RCvYht3hCiUlfcanBVuOsi3Z/ucvU4++Cl\n12J86wKQQt7+XV0c2D4D84qZTbUArcHwIpWyqbNHdYTbyT9w6mxrOw82auyeek3V\nMRwnBVfxPBvnbQGuV9erd6bmQcfV7Ua8nlRdQNomn1CNin9gfaLIPmc6jjYogolu\nE5RdINUsHULwy+BRdgHsmOr7GlPQu6X07DbZ5e6B6dhR2xh4p+myn6MvIbvVcobI\nn/7ZfPViJwIDAQABo4GoMIGlMB0GA1UdDgQWBBSFToMw5ntyIRtFGdvN6c1q6xeI\nCDAfBgNVHSMEGDAWgBSqz3amMBkyZ4K23XYAG+YsOWQ9pzAOBgNVHQ8BAf8EBAMC\nA/gwCQYDVR0TBAIwADAdBgNVHSUEFjAUBggrBgEFBQcDAgYIKwYBBQUHAwEwKQYD\nVR0RBCIwIIINb3RoZXJIb3N0bmFtZYIPbmlmaS5hcGFjaGUub3JnMA0GCSqGSIb3\nDQEBCwUAA4IBAQBMYxwad2YwXd8Et16Yb53Nm1yGZTcvFX9szveJxUMJKDgI7P5S\nZXRTXu6+DRcPYhZtsBV9cMSbiPLaO2mb5JWR4CVJCtdseNXtbOyKOGcDHi+9ppBy\nTtssqy1b/qVIqMww0Yp4xoyrRjsqUWcPwfBeSNww1CKE9SIYPI8eHBdtwm8mbBXN\nE72DPnpdip76xASSq9jbstAuJRiYxv7xdobC1Tb4Jmc75XGEl1AMoxqxf6G8NjkQ\n53xYAvEWgbBN0VjEsDVQHKFZm084kQuwLP1CDDOfrLVX4KtFboefG3JGzJvKVoOR\nSFkcrkrcxrqCVKR156U358CAl5ubTEy2bd93\n-----END CERTIFICATE-----\n","error":null} to 127.0.0.1
[main] INFO org.apache.nifi.toolkit.tls.service.client.TlsCertificateSigningRequestPerformer - Got certificate with dn CN=otherHostname, OU=NIFI
[main] INFO org.eclipse.jetty.server.AbstractConnector - Stopped ServerConnector@561953e3{SSL, (ssl, http/1.1)}{0.0.0.0:36397}
]]></system-err>
  </testcase>
  <testcase name="testTokenMismatch" classname="org.apache.nifi.toolkit.tls.service.TlsCertificateAuthorityTest" time="0.241">
    <system-err><![CDATA[[main] INFO org.eclipse.jetty.server.Server - jetty-9.4.44.v20210927; built: 2021-09-27T23:02:44.612Z; git: 8da83308eeca865e495e53ef315a249d63ba9332; jvm 1.8.0_402-8u402-ga-2ubuntu1~22.04-b06
[main] INFO org.eclipse.jetty.server.AbstractConnector - Started ServerConnector@467233e4{SSL, (ssl, http/1.1)}{0.0.0.0:33721}
[main] INFO org.eclipse.jetty.server.Server - Started @12584ms
[main] INFO org.apache.nifi.toolkit.tls.service.client.TlsCertificateAuthorityClient - Requesting new certificate from localhost:33721
[main] INFO org.apache.nifi.toolkit.tls.service.client.TlsCertificateSigningRequestPerformer - Requesting certificate with dn CN=otherHostname,OU=NIFI from localhost:33721
[qtp1519890812-29] INFO org.apache.nifi.toolkit.tls.service.server.TlsCertificateAuthorityServiceHandler - Returning code:403 payload {"hmac":null,"pemEncodedCertificate":null,"error":"forbidden"} to 127.0.0.1
[main] INFO org.eclipse.jetty.server.AbstractConnector - Stopped ServerConnector@467233e4{SSL, (ssl, http/1.1)}{0.0.0.0:33721}
]]></system-err>
  </testcase>
  <testcase name="testClientGetCertSamePasswordsForKeyAndKeyStore" classname="org.apache.nifi.toolkit.tls.service.TlsCertificateAuthorityTest" time="0.165">
    <system-err><![CDATA[[main] INFO org.eclipse.jetty.server.Server - jetty-9.4.44.v20210927; built: 2021-09-27T23:02:44.612Z; git: 8da83308eeca865e495e53ef315a249d63ba9332; jvm 1.8.0_402-8u402-ga-2ubuntu1~22.04-b06
[main] INFO org.eclipse.jetty.server.AbstractConnector - Started ServerConnector@6361b799{SSL, (ssl, http/1.1)}{0.0.0.0:34281}
[main] INFO org.eclipse.jetty.server.Server - Started @12835ms
[main] INFO org.apache.nifi.toolkit.tls.service.client.TlsCertificateAuthorityClient - Requesting new certificate from localhost:34281
[main] INFO org.apache.nifi.toolkit.tls.service.client.TlsCertificateSigningRequestPerformer - Requesting certificate with dn CN=otherHostname,OU=NIFI from localhost:34281
[qtp631766751-39] INFO org.apache.nifi.toolkit.tls.service.server.TlsCertificateAuthorityServiceHandler - Received CSR with DN CN=otherHostname,OU=NIFI
[qtp631766751-39] INFO org.apache.nifi.toolkit.tls.service.server.TlsCertificateAuthorityServiceHandler - Returning code:200 payload {"hmac":"UPiSRRMEUh38M78G9II/NjV1KJDJX0qOtgk4yWubaIY=","pemEncodedCertificate":"-----BEGIN CERTIFICATE-----\nMIIDdzCCAl+gAwIBAgIKAY83WnX2AAAAADANBgkqhkiG9w0BAQsFADAjMQ0wCwYD\nVQQLDAROSUZJMRIwEAYDVQQDDAlsb2NhbGhvc3QwHhcNMjQwNTAyMDMzMDI2WhcN\nMjQwNTA3MDMzMDI2WjAnMQ0wCwYDVQQLDAROSUZJMRYwFAYDVQQDDA1vdGhlckhv\nc3RuYW1lMIIBIjANBgkqhkiG9w0BAQEFAAOCAQ8AMIIBCgKCAQEAqGhjL9f9GuWy\nBYtqYXkCGWuFO8xtuXQG+XdXR3CIfGRCSF/VXTn9x7ga5CiMSmWnd6/LfkAo1IUf\nSFmJDjq+shOH/j63SRVoN/trD4uktQ6A41KqEn7OvfrlRzBPFyeR9cx1lI8j+NUw\n3aUUo++EHaeBSSsp7HvMDzAFUYGzoiEsUWsgOCuJvjt53RnJ8e/bOav2pwG4UvaL\n3d3/02w65U+pvHYjc6v4ACAfZIVu8+z2OlWpfZT9pvAUCCwghElP/LW5SCK1has+\nAAk6dZMFTmm/Db1YFdGKfI+HtqmIGhQ5MCWH+8Nv1X9Xd5eV+1z4Q4H3y4LY2qeb\nw6V3EuOhqQIDAQABo4GoMIGlMB0GA1UdDgQWBBRCfK0TFCdClwMnnEsEHj0vg8W1\nUzAfBgNVHSMEGDAWgBRxaMukyPBlADXpjTz/j1N8ra/hADAOBgNVHQ8BAf8EBAMC\nA/gwCQYDVR0TBAIwADAdBgNVHSUEFjAUBggrBgEFBQcDAgYIKwYBBQUHAwEwKQYD\nVR0RBCIwIIINb3RoZXJIb3N0bmFtZYIPbmlmaS5hcGFjaGUub3JnMA0GCSqGSIb3\nDQEBCwUAA4IBAQAIsdfMqdYtZu5Qi5Rac+Q+MjtEslZlSIe2eruuO77OTxYRRYHW\nu8OBwfdU48JnJCfmej4ga6iZADmHiqG2cD2bZi7KFdbXnmXDR1pdHXarovms63sl\ndkfbGFd2PbvHkzDNC8f7yQyRMFzPYwWSRZ+5e33YKF7eX+6dW0TCp9UmR8Jo3JNS\nlVe1QgTKfVKxz+lGkXmJnZViblg+idRlDmXpB8xM4ohwG+BQnzp+0u+l8S/xdDMm\nNWQHr1hVxcxl+rbw5MjxvSWF4rAaAH2Dr6VvgHKm0K98gq2UyI1kLtl0X+U85dzJ\nRhsGGY6i0uZ5eopluIWRNi5kBE3tTgoPujvm\n-----END CERTIFICATE-----\n","error":null} to 127.0.0.1
[main] INFO org.apache.nifi.toolkit.tls.service.client.TlsCertificateSigningRequestPerformer - Got certificate with dn CN=otherHostname, OU=NIFI
[main] INFO org.eclipse.jetty.server.AbstractConnector - Stopped ServerConnector@6361b799{SSL, (ssl, http/1.1)}{0.0.0.0:34281}
]]></system-err>
  </testcase>
  <testcase name="testClientGetCertDifferentPasswordsForKeyAndKeyStore" classname="org.apache.nifi.toolkit.tls.service.TlsCertificateAuthorityTest" time="0.285">
    <system-err><![CDATA[[main] INFO org.eclipse.jetty.server.Server - jetty-9.4.44.v20210927; built: 2021-09-27T23:02:44.612Z; git: 8da83308eeca865e495e53ef315a249d63ba9332; jvm 1.8.0_402-8u402-ga-2ubuntu1~22.04-b06
[main] INFO org.eclipse.jetty.server.AbstractConnector - Started ServerConnector@2703d91{SSL, (ssl, http/1.1)}{0.0.0.0:36101}
[main] INFO org.eclipse.jetty.server.Server - Started @13020ms
[main] INFO org.apache.nifi.toolkit.tls.service.client.TlsCertificateAuthorityClient - Requesting new certificate from localhost:36101
[main] INFO org.apache.nifi.toolkit.tls.service.client.TlsCertificateSigningRequestPerformer - Requesting certificate with dn CN=otherHostname,OU=NIFI from localhost:36101
[qtp1214032527-48] INFO org.apache.nifi.toolkit.tls.service.server.TlsCertificateAuthorityServiceHandler - Received CSR with DN CN=otherHostname,OU=NIFI
[qtp1214032527-48] INFO org.apache.nifi.toolkit.tls.service.server.TlsCertificateAuthorityServiceHandler - Returning code:200 payload {"hmac":"bRshP3ZuMaUE6/WM51ghaSbeodNbzuNu66a+te2DJKw=","pemEncodedCertificate":"-----BEGIN CERTIFICATE-----\nMIIDdzCCAl+gAwIBAgIKAY83WncRAAAAADANBgkqhkiG9w0BAQsFADAjMQ0wCwYD\nVQQLDAROSUZJMRIwEAYDVQQDDAlsb2NhbGhvc3QwHhcNMjQwNTAyMDMzMDI2WhcN\nMjQwNTA3MDMzMDI2WjAnMQ0wCwYDVQQLDAROSUZJMRYwFAYDVQQDDA1vdGhlckhv\nc3RuYW1lMIIBIjANBgkqhkiG9w0BAQEFAAOCAQ8AMIIBCgKCAQEAkUByIoLPXQbs\n4Ycx5bhjSVhBrKZrLMckb+IvbH0IKlLUNKRImz/b2acowaRQ5UFtzhVCx/js02yG\nCPtUQSa5TJaVZqRrwt95LffrXpMYYPsyu0cP4xqmwf0eKQq9ar54KZgahORpBVuB\nPgmLB7Mp9YzvRoecirVTOXV/DJYyaSYiABsBJQgidLLi9TN9/NEWtNPV1X0DhCyK\npVKM3804vxsKSLh+Ia+phvuyZif/9vQLRI+RPnc4czXifYMk9PuBPL9dYg9IMW/t\ntDpd33OjQSOzzQe3pxGH5bRuS4tpu73dM1BdRl8tr9jJBsgNLIjt2G7Ml8wPJaiy\nL3PMu3XkjQIDAQABo4GoMIGlMB0GA1UdDgQWBBRyKoFWdF1nRLjXb2gudAy0JtLP\njDAfBgNVHSMEGDAWgBSfNDBHDi2k75sgq6qpSo+rR/DN9DAOBgNVHQ8BAf8EBAMC\nA/gwCQYDVR0TBAIwADAdBgNVHSUEFjAUBggrBgEFBQcDAgYIKwYBBQUHAwEwKQYD\nVR0RBCIwIIINb3RoZXJIb3N0bmFtZYIPbmlmaS5hcGFjaGUub3JnMA0GCSqGSIb3\nDQEBCwUAA4IBAQBvoDrh6KPv5popJiBLRIJJ+fMGPVA2kx2Tx+UbJPSrLqi1FHWv\nxasSCBZNHqMidfUSF6woaQR/3OI0dgz3/lVNmi85BQ3AR0CE+ONTGCdhRzLm6qBI\nq/WxII1Y0tW0LoxBcYsUSaG2UuUwxvwQY1Fe+eECsj2ovGOmsRa3TKSYo/H8i1FG\njJoZmXwTkYKjw8mAwvPWSBi7lZuH9lo+71m8pvK/jRUAzTkcQmAJAx4Za59sTfQR\nkz3cJfe3IOBIAdqUh2HS8vG8+tbxcfqXHk9dDdbyuMIs5qc6EkflpRPxA2jJR/Ii\nq/zB9nzNTbY11lyLdWoQKOqM2yjTJ4SiPF8v\n-----END CERTIFICATE-----\n","error":null} to 127.0.0.1
[main] INFO org.apache.nifi.toolkit.tls.service.client.TlsCertificateSigningRequestPerformer - Got certificate with dn CN=otherHostname, OU=NIFI
[main] INFO org.eclipse.jetty.server.AbstractConnector - Stopped ServerConnector@2703d91{SSL, (ssl, http/1.1)}{0.0.0.0:36101}
]]></system-err>
  </testcase>
</testsuite>