<?xml version="1.0" encoding="UTF-8"?>
<testsuite xmlns:xsi="http://www.w3.org/2001/XMLSchema-instance" xsi:noNamespaceSchemaLocation="https://maven.apache.org/surefire/maven-surefire-plugin/xsd/surefire-test-report-3.0.xsd" version="3.0" name="org.apache.nifi.minifi.bootstrap.configuration.ingestors.PullHttpChangeIngestorTest" time="1.669" tests="7" errors="0" skipped="0" failures="0">
  <properties>
    <property name="sun.desktop" value="gnome"/>
    <property name="awt.toolkit" value="sun.awt.X11.XToolkit"/>
    <property name="file.encoding.pkg" value="sun.io"/>
    <property name="java.specification.version" value="1.8"/>
    <property name="sun.cpu.isalist" value=""/>
    <property name="sun.jnu.encoding" value="UTF-8"/>
    <property name="java.class.path" value="/home/alex/Repositories/nifi/minifi/minifi-bootstrap/target/test-classes:/home/alex/Repositories/nifi/minifi/minifi-bootstrap/target/classes:/home/alex/.m2/repository/org/slf4j/slf4j-api/1.7.32/slf4j-api-1.7.32.jar:/home/alex/.m2/repository/ch/qos/logback/logback-classic/1.2.6/logback-classic-1.2.6.jar:/home/alex/.m2/repository/ch/qos/logback/logback-core/1.2.6/logback-core-1.2.6.jar:/home/alex/Repositories/nifi/nifi-api/target/classes:/home/alex/Repositories/nifi/nifi-commons/nifi-bootstrap-utils/target/classes:/home/alex/.m2/repository/net/java/dev/jna/jna-platform/4.4.0/jna-platform-4.4.0.jar:/home/alex/.m2/repository/net/java/dev/jna/jna/4.4.0/jna-4.4.0.jar:/home/alex/Repositories/nifi/nifi-nar-bundles/nifi-extension-utils/nifi-processor-utils/target/classes:/home/alex/Repositories/nifi/nifi-commons/nifi-security-socket-ssl/target/classes:/home/alex/.m2/repository/org/apache/commons/commons-lang3/3.9/commons-lang3-3.9.jar:/home/alex/.m2/repository/com/fasterxml/jackson/core/jackson-databind/2.12.3/jackson-databind-2.12.3.jar:/home/alex/.m2/repository/com/fasterxml/jackson/core/jackson-annotations/2.12.3/jackson-annotations-2.12.3.jar:/home/alex/.m2/repository/com/fasterxml/jackson/core/jackson-core/2.12.3/jackson-core-2.12.3.jar:/home/alex/Repositories/nifi/nifi-nar-bundles/nifi-standard-services/nifi-record-serialization-service-api/target/classes:/home/alex/Repositories/nifi/nifi-commons/nifi-record/target/classes:/home/alex/Repositories/nifi/nifi-nar-bundles/nifi-extension-utils/nifi-event-transport/target/classes:/home/alex/.m2/repository/io/netty/netty-handler/4.1.69.Final/netty-handler-4.1.69.Final.jar:/home/alex/.m2/repository/io/netty/netty-common/4.1.69.Final/netty-common-4.1.69.Final.jar:/home/alex/.m2/repository/io/netty/netty-resolver/4.1.69.Final/netty-resolver-4.1.69.Final.jar:/home/alex/.m2/repository/io/netty/netty-buffer/4.1.69.Final/netty-buffer-4.1.69.Final.jar:/home/alex/.m2/repository/io/netty/netty-transport/4.1.69.Final/netty-transport-4.1.69.Final.jar:/home/alex/.m2/repository/io/netty/netty-codec/4.1.69.Final/netty-codec-4.1.69.Final.jar:/home/alex/Repositories/nifi/nifi-commons/nifi-expression-language/target/classes:/home/alex/.m2/repository/org/antlr/antlr-runtime/3.5.2/antlr-runtime-3.5.2.jar:/home/alex/Repositories/nifi/nifi-commons/nifi-parameter/target/classes:/home/alex/Repositories/nifi/nifi-commons/nifi-uuid5/target/classes:/home/alex/.m2/repository/com/jayway/jsonpath/json-path/2.6.0/json-path-2.6.0.jar:/home/alex/.m2/repository/net/minidev/json-smart/2.4.7/json-smart-2.4.7.jar:/home/alex/.m2/repository/net/minidev/accessors-smart/2.4.7/accessors-smart-2.4.7.jar:/home/alex/.m2/repository/org/ow2/asm/asm/9.1/asm-9.1.jar:/home/alex/.m2/repository/org/apache/commons/commons-text/1.8/commons-text-1.8.jar:/home/alex/.m2/repository/commons-codec/commons-codec/1.10/commons-codec-1.10.jar:/home/alex/Repositories/nifi/minifi/minifi-commons/minifi-utils/target/classes:/home/alex/Repositories/nifi/nifi-commons/nifi-utils/target/classes:/home/alex/Repositories/nifi/nifi-commons/nifi-properties/target/classes:/home/alex/Repositories/nifi/nifi-commons/nifi-property-utils/target/classes:/home/alex/.m2/repository/org/yaml/snakeyaml/1.29/snakeyaml-1.29.jar:/home/alex/Repositories/nifi/minifi/minifi-commons/minifi-commons-schema/target/classes:/home/alex/.m2/repository/org/eclipse/jetty/jetty-server/9.4.44.v20210927/jetty-server-9.4.44.v20210927.jar:/home/alex/.m2/repository/javax/servlet/javax.servlet-api/3.1.0/javax.servlet-api-3.1.0.jar:/home/alex/.m2/repository/org/eclipse/jetty/jetty-http/9.4.44.v20210927/jetty-http-9.4.44.v20210927.jar:/home/alex/.m2/repository/org/eclipse/jetty/jetty-util/9.4.44.v20210927/jetty-util-9.4.44.v20210927.jar:/home/alex/.m2/repository/org/eclipse/jetty/jetty-io/9.4.44.v20210927/jetty-io-9.4.44.v20210927.jar:/home/alex/.m2/repository/org/eclipse/jetty/jetty-servlet/9.4.44.v20210927/jetty-servlet-9.4.44.v20210927.jar:/home/alex/.m2/repository/org/eclipse/jetty/jetty-security/9.4.44.v20210927/jetty-security-9.4.44.v20210927.jar:/home/alex/.m2/repository/org/eclipse/jetty/jetty-util-ajax/9.4.44.v20210927/jetty-util-ajax-9.4.44.v20210927.jar:/home/alex/.m2/repository/com/squareup/okhttp3/okhttp/3.12.3/okhttp-3.12.3.jar:/home/alex/.m2/repository/com/squareup/okio/okio/1.15.0/okio-1.15.0.jar:/home/alex/.m2/repository/commons-io/commons-io/2.10.0/commons-io-2.10.0.jar:/home/alex/.m2/repository/junit/junit/4.13.2/junit-4.13.2.jar:/home/alex/.m2/repository/org/hamcrest/hamcrest-core/1.3/hamcrest-core-1.3.jar:/home/alex/.m2/repository/org/mockito/mockito-all/1.10.19/mockito-all-1.10.19.jar:/home/alex/.m2/repository/org/slf4j/slf4j-simple/1.7.32/slf4j-simple-1.7.32.jar:/home/alex/.m2/repository/org/junit/jupiter/junit-jupiter-api/5.7.2/junit-jupiter-api-5.7.2.jar:/home/alex/.m2/repository/org/apiguardian/apiguardian-api/1.1.0/apiguardian-api-1.1.0.jar:/home/alex/.m2/repository/org/opentest4j/opentest4j/1.2.0/opentest4j-1.2.0.jar:/home/alex/.m2/repository/org/junit/platform/junit-platform-commons/1.7.2/junit-platform-commons-1.7.2.jar:/home/alex/.m2/repository/org/junit/jupiter/junit-jupiter-engine/5.7.2/junit-jupiter-engine-5.7.2.jar:/home/alex/.m2/repository/org/junit/platform/junit-platform-engine/1.7.2/junit-platform-engine-1.7.2.jar:/home/alex/.m2/repository/org/junit/vintage/junit-vintage-engine/5.7.2/junit-vintage-engine-5.7.2.jar:/home/alex/.m2/repository/org/junit/jupiter/junit-jupiter-params/5.7.2/junit-jupiter-params-5.7.2.jar:/home/alex/.m2/repository/org/mockito/mockito-core/3.11.2/mockito-core-3.11.2.jar:/home/alex/.m2/repository/net/bytebuddy/byte-buddy/1.11.3/byte-buddy-1.11.3.jar:/home/alex/.m2/repository/net/bytebuddy/byte-buddy-agent/1.11.3/byte-buddy-agent-1.11.3.jar:/home/alex/.m2/repository/org/objenesis/objenesis/3.2/objenesis-3.2.jar:/home/alex/.m2/repository/org/mockito/mockito-junit-jupiter/3.11.2/mockito-junit-jupiter-3.11.2.jar:/home/alex/.m2/repository/org/codehaus/groovy/groovy-test/2.5.14/groovy-test-2.5.14.jar:/home/alex/.m2/repository/org/codehaus/groovy/groovy/2.5.14/groovy-2.5.14.jar:"/>
    <property name="java.vm.vendor" value="Private Build"/>
    <property name="sun.arch.data.model" value="64"/>
    <property name="java.vendor.url" value="http://java.oracle.com/"/>
    <property name="user.timezone" value="Europe/Lisbon"/>
    <property name="java.vm.specification.version" value="1.8"/>
    <property name="os.name" value="Linux"/>
    <property name="user.country" value="US"/>
    <property name="sun.java.launcher" value="SUN_STANDARD"/>
    <property name="sun.boot.library.path" value="/usr/lib/jvm/java-8-openjdk-amd64/jre/lib/amd64"/>
    <property name="sun.java.command" value="/home/alex/Repositories/nifi/minifi/minifi-bootstrap/target/surefire/surefirebooter1399131410026549556.jar /home/alex/Repositories/nifi/minifi/minifi-bootstrap/target/surefire 2024-05-02T04-10-31_566-jvmRun1 surefire1508603942029864494tmp surefire_1828834002876923613034tmp"/>
    <property name="surefire.test.class.path" value="/home/alex/Repositories/nifi/minifi/minifi-bootstrap/target/test-classes:/home/alex/Repositories/nifi/minifi/minifi-bootstrap/target/classes:/home/alex/.m2/repository/org/slf4j/slf4j-api/1.7.32/slf4j-api-1.7.32.jar:/home/alex/.m2/repository/ch/qos/logback/logback-classic/1.2.6/logback-classic-1.2.6.jar:/home/alex/.m2/repository/ch/qos/logback/logback-core/1.2.6/logback-core-1.2.6.jar:/home/alex/Repositories/nifi/nifi-api/target/classes:/home/alex/Repositories/nifi/nifi-commons/nifi-bootstrap-utils/target/classes:/home/alex/.m2/repository/net/java/dev/jna/jna-platform/4.4.0/jna-platform-4.4.0.jar:/home/alex/.m2/repository/net/java/dev/jna/jna/4.4.0/jna-4.4.0.jar:/home/alex/Repositories/nifi/nifi-nar-bundles/nifi-extension-utils/nifi-processor-utils/target/classes:/home/alex/Repositories/nifi/nifi-commons/nifi-security-socket-ssl/target/classes:/home/alex/.m2/repository/org/apache/commons/commons-lang3/3.9/commons-lang3-3.9.jar:/home/alex/.m2/repository/com/fasterxml/jackson/core/jackson-databind/2.12.3/jackson-databind-2.12.3.jar:/home/alex/.m2/repository/com/fasterxml/jackson/core/jackson-annotations/2.12.3/jackson-annotations-2.12.3.jar:/home/alex/.m2/repository/com/fasterxml/jackson/core/jackson-core/2.12.3/jackson-core-2.12.3.jar:/home/alex/Repositories/nifi/nifi-nar-bundles/nifi-standard-services/nifi-record-serialization-service-api/target/classes:/home/alex/Repositories/nifi/nifi-commons/nifi-record/target/classes:/home/alex/Repositories/nifi/nifi-nar-bundles/nifi-extension-utils/nifi-event-transport/target/classes:/home/alex/.m2/repository/io/netty/netty-handler/4.1.69.Final/netty-handler-4.1.69.Final.jar:/home/alex/.m2/repository/io/netty/netty-common/4.1.69.Final/netty-common-4.1.69.Final.jar:/home/alex/.m2/repository/io/netty/netty-resolver/4.1.69.Final/netty-resolver-4.1.69.Final.jar:/home/alex/.m2/repository/io/netty/netty-buffer/4.1.69.Final/netty-buffer-4.1.69.Final.jar:/home/alex/.m2/repository/io/netty/netty-transport/4.1.69.Final/netty-transport-4.1.69.Final.jar:/home/alex/.m2/repository/io/netty/netty-codec/4.1.69.Final/netty-codec-4.1.69.Final.jar:/home/alex/Repositories/nifi/nifi-commons/nifi-expression-language/target/classes:/home/alex/.m2/repository/org/antlr/antlr-runtime/3.5.2/antlr-runtime-3.5.2.jar:/home/alex/Repositories/nifi/nifi-commons/nifi-parameter/target/classes:/home/alex/Repositories/nifi/nifi-commons/nifi-uuid5/target/classes:/home/alex/.m2/repository/com/jayway/jsonpath/json-path/2.6.0/json-path-2.6.0.jar:/home/alex/.m2/repository/net/minidev/json-smart/2.4.7/json-smart-2.4.7.jar:/home/alex/.m2/repository/net/minidev/accessors-smart/2.4.7/accessors-smart-2.4.7.jar:/home/alex/.m2/repository/org/ow2/asm/asm/9.1/asm-9.1.jar:/home/alex/.m2/repository/org/apache/commons/commons-text/1.8/commons-text-1.8.jar:/home/alex/.m2/repository/commons-codec/commons-codec/1.10/commons-codec-1.10.jar:/home/alex/Repositories/nifi/minifi/minifi-commons/minifi-utils/target/classes:/home/alex/Repositories/nifi/nifi-commons/nifi-utils/target/classes:/home/alex/Repositories/nifi/nifi-commons/nifi-properties/target/classes:/home/alex/Repositories/nifi/nifi-commons/nifi-property-utils/target/classes:/home/alex/.m2/repository/org/yaml/snakeyaml/1.29/snakeyaml-1.29.jar:/home/alex/Repositories/nifi/minifi/minifi-commons/minifi-commons-schema/target/classes:/home/alex/.m2/repository/org/eclipse/jetty/jetty-server/9.4.44.v20210927/jetty-server-9.4.44.v20210927.jar:/home/alex/.m2/repository/javax/servlet/javax.servlet-api/3.1.0/javax.servlet-api-3.1.0.jar:/home/alex/.m2/repository/org/eclipse/jetty/jetty-http/9.4.44.v20210927/jetty-http-9.4.44.v20210927.jar:/home/alex/.m2/repository/org/eclipse/jetty/jetty-util/9.4.44.v20210927/jetty-util-9.4.44.v20210927.jar:/home/alex/.m2/repository/org/eclipse/jetty/jetty-io/9.4.44.v20210927/jetty-io-9.4.44.v20210927.jar:/home/alex/.m2/repository/org/eclipse/jetty/jetty-servlet/9.4.44.v20210927/jetty-servlet-9.4.44.v20210927.jar:/home/alex/.m2/repository/org/eclipse/jetty/jetty-security/9.4.44.v20210927/jetty-security-9.4.44.v20210927.jar:/home/alex/.m2/repository/org/eclipse/jetty/jetty-util-ajax/9.4.44.v20210927/jetty-util-ajax-9.4.44.v20210927.jar:/home/alex/.m2/repository/com/squareup/okhttp3/okhttp/3.12.3/okhttp-3.12.3.jar:/home/alex/.m2/repository/com/squareup/okio/okio/1.15.0/okio-1.15.0.jar:/home/alex/.m2/repository/commons-io/commons-io/2.10.0/commons-io-2.10.0.jar:/home/alex/.m2/repository/junit/junit/4.13.2/junit-4.13.2.jar:/home/alex/.m2/repository/org/hamcrest/hamcrest-core/1.3/hamcrest-core-1.3.jar:/home/alex/.m2/repository/org/mockito/mockito-all/1.10.19/mockito-all-1.10.19.jar:/home/alex/.m2/repository/org/slf4j/slf4j-simple/1.7.32/slf4j-simple-1.7.32.jar:/home/alex/.m2/repository/org/junit/jupiter/junit-jupiter-api/5.7.2/junit-jupiter-api-5.7.2.jar:/home/alex/.m2/repository/org/apiguardian/apiguardian-api/1.1.0/apiguardian-api-1.1.0.jar:/home/alex/.m2/repository/org/opentest4j/opentest4j/1.2.0/opentest4j-1.2.0.jar:/home/alex/.m2/repository/org/junit/platform/junit-platform-commons/1.7.2/junit-platform-commons-1.7.2.jar:/home/alex/.m2/repository/org/junit/jupiter/junit-jupiter-engine/5.7.2/junit-jupiter-engine-5.7.2.jar:/home/alex/.m2/repository/org/junit/platform/junit-platform-engine/1.7.2/junit-platform-engine-1.7.2.jar:/home/alex/.m2/repository/org/junit/vintage/junit-vintage-engine/5.7.2/junit-vintage-engine-5.7.2.jar:/home/alex/.m2/repository/org/junit/jupiter/junit-jupiter-params/5.7.2/junit-jupiter-params-5.7.2.jar:/home/alex/.m2/repository/org/mockito/mockito-core/3.11.2/mockito-core-3.11.2.jar:/home/alex/.m2/repository/net/bytebuddy/byte-buddy/1.11.3/byte-buddy-1.11.3.jar:/home/alex/.m2/repository/net/bytebuddy/byte-buddy-agent/1.11.3/byte-buddy-agent-1.11.3.jar:/home/alex/.m2/repository/org/objenesis/objenesis/3.2/objenesis-3.2.jar:/home/alex/.m2/repository/org/mockito/mockito-junit-jupiter/3.11.2/mockito-junit-jupiter-3.11.2.jar:/home/alex/.m2/repository/org/codehaus/groovy/groovy-test/2.5.14/groovy-test-2.5.14.jar:/home/alex/.m2/repository/org/codehaus/groovy/groovy/2.5.14/groovy-2.5.14.jar:"/>
    <property name="sun.cpu.endian" value="little"/>
    <property name="user.home" value="/home/alex"/>
    <property name="user.language" value="en"/>
    <property name="java.specification.vendor" value="Oracle Corporation"/>
    <property name="java.home" value="/usr/lib/jvm/java-8-openjdk-amd64/jre"/>
    <property name="basedir" value="/home/alex/Repositories/nifi/minifi/minifi-bootstrap"/>
    <property name="file.separator" value="/"/>
    <property name="line.separator" value="&#10;"/>
    <property name="java.vm.specification.vendor" value="Oracle Corporation"/>
    <property name="java.specification.name" value="Java Platform API Specification"/>
    <property name="java.awt.graphicsenv" value="sun.awt.X11GraphicsEnvironment"/>
    <property name="java.awt.headless" value="true"/>
    <property name="surefire.real.class.path" value="/home/alex/Repositories/nifi/minifi/minifi-bootstrap/target/surefire/surefirebooter1399131410026549556.jar"/>
    <property name="sun.boot.class.path" value="/usr/lib/jvm/java-8-openjdk-amd64/jre/lib/resources.jar:/usr/lib/jvm/java-8-openjdk-amd64/jre/lib/rt.jar:/usr/lib/jvm/java-8-openjdk-amd64/jre/lib/sunrsasign.jar:/usr/lib/jvm/java-8-openjdk-amd64/jre/lib/jsse.jar:/usr/lib/jvm/java-8-openjdk-amd64/jre/lib/jce.jar:/usr/lib/jvm/java-8-openjdk-amd64/jre/lib/charsets.jar:/usr/lib/jvm/java-8-openjdk-amd64/jre/lib/jfr.jar:/usr/lib/jvm/java-8-openjdk-amd64/jre/classes"/>
    <property name="sun.management.compiler" value="HotSpot 64-Bit Tiered Compilers"/>
    <property name="java.runtime.version" value="1.8.0_402-8u402-ga-2ubuntu1~22.04-b06"/>
    <property name="java.net.preferIPv4Stack" value="true"/>
    <property name="user.name" value="alex"/>
    <property name="path.separator" value=":"/>
    <property name="os.version" value="6.5.0-28-generic"/>
    <property name="java.endorsed.dirs" value="/usr/lib/jvm/java-8-openjdk-amd64/jre/lib/endorsed"/>
    <property name="java.runtime.name" value="OpenJDK Runtime Environment"/>
    <property name="file.encoding" value="UTF-8"/>
    <property name="java.vm.name" value="OpenJDK 64-Bit Server VM"/>
    <property name="localRepository" value="/home/alex/.m2/repository"/>
    <property name="java.vendor.url.bug" value="http://bugreport.sun.com/bugreport/"/>
    <property name="jetty.git.hash" value="8da83308eeca865e495e53ef315a249d63ba9332"/>
    <property name="java.io.tmpdir" value="/tmp"/>
    <property name="java.version" value="1.8.0_402"/>
    <property name="user.dir" value="/home/alex/Repositories/nifi/minifi/minifi-bootstrap"/>
    <property name="os.arch" value="amd64"/>
    <property name="java.vm.specification.name" value="Java Virtual Machine Specification"/>
    <property name="java.awt.printerjob" value="sun.print.PSPrinterJob"/>
    <property name="sun.os.patch.level" value="unknown"/>
    <property name="java.library.path" value="/usr/java/packages/lib/amd64:/usr/lib/x86_64-linux-gnu/jni:/lib/x86_64-linux-gnu:/usr/lib/x86_64-linux-gnu:/usr/lib/jni:/lib:/usr/lib"/>
    <property name="java.vm.info" value="mixed mode"/>
    <property name="java.vendor" value="Private Build"/>
    <property name="java.vm.version" value="25.402-b06"/>
    <property name="java.specification.maintenance.version" value="5"/>
    <property name="java.ext.dirs" value="/usr/lib/jvm/java-8-openjdk-amd64/jre/lib/ext:/usr/java/packages/lib/ext"/>
    <property name="sun.io.unicode.encoding" value="UnicodeLittle"/>
    <property name="java.class.version" value="52.0"/>
  </properties>
  <testcase name="testNewUpdateWithPath" classname="org.apache.nifi.minifi.bootstrap.configuration.ingestors.PullHttpChangeIngestorTest" time="0.27">
    <system-out><![CDATA[04:29:48.814 [main] DEBUG org.eclipse.jetty.util.log - Logging to Logger[org.eclipse.jetty.util.log] via org.eclipse.jetty.util.log.Slf4jLog
04:29:48.815 [main] INFO org.eclipse.jetty.util.log - Logging initialized @816ms to org.eclipse.jetty.util.log.Slf4jLog
04:29:48.821 [main] DEBUG org.eclipse.jetty.util.component.ContainerLifeCycle - QueuedThreadPool[qtp961160488]@394a2528{STOPPED,8<=0<=200,i=0,r=-1,q=0}[NO_TRY] added {org.eclipse.jetty.util.thread.ThreadPoolBudget@2a266d09,POJO}
04:29:48.835 [main] DEBUG org.eclipse.jetty.util.component.ContainerLifeCycle - Server@53aad5d5{STOPPED}[9.4.44.v20210927] added {QueuedThreadPool[qtp961160488]@394a2528{STOPPED,8<=0<=200,i=0,r=-1,q=0}[NO_TRY],AUTO}
04:29:48.837 [main] DEBUG org.eclipse.jetty.util.component.ContainerLifeCycle - HandlerCollection@2892dae4{STOPPED} added {JettyHandler@355ce81c{STOPPED},AUTO}
04:29:48.837 [main] DEBUG org.eclipse.jetty.util.component.ContainerLifeCycle - Server@53aad5d5{STOPPED}[9.4.44.v20210927] added {HandlerCollection@2892dae4{STOPPED},MANAGED}
04:29:48.853 [main] DEBUG org.eclipse.jetty.util.component.ContainerLifeCycle - HttpConnectionFactory@22e357dc[HTTP/1.1] added {HttpConfiguration@49912c99{32768/8192,8192/8192,https://:0,[]},POJO}
04:29:48.861 [main] DEBUG org.eclipse.jetty.util.component.ContainerLifeCycle - ServerConnector@446293d{null, ()}{0.0.0.0:0} added {Server@53aad5d5{STOPPED}[9.4.44.v20210927],UNMANAGED}
04:29:48.861 [main] DEBUG org.eclipse.jetty.util.component.ContainerLifeCycle - ServerConnector@446293d{null, ()}{0.0.0.0:0} added {QueuedThreadPool[qtp961160488]@394a2528{STOPPED,8<=0<=200,i=0,r=-1,q=0}[NO_TRY],AUTO}
04:29:48.862 [main] DEBUG org.eclipse.jetty.util.component.ContainerLifeCycle - ServerConnector@446293d{null, ()}{0.0.0.0:0} added {ScheduledExecutorScheduler@3059cbc{STOPPED},AUTO}
04:29:48.862 [main] DEBUG org.eclipse.jetty.util.component.ContainerLifeCycle - ServerConnector@446293d{null, ()}{0.0.0.0:0} added {org.eclipse.jetty.io.ArrayByteBufferPool@7ea9e1e2,POJO}
04:29:48.862 [main] DEBUG org.eclipse.jetty.util.component.ContainerLifeCycle - ServerConnector@446293d{null, (http/1.1)}{0.0.0.0:0} added {HttpConnectionFactory@22e357dc[HTTP/1.1],AUTO}
04:29:48.862 [main] DEBUG org.eclipse.jetty.server.AbstractConnector - ServerConnector@446293d{HTTP/1.1, (http/1.1)}{0.0.0.0:0} added HttpConnectionFactory@22e357dc[HTTP/1.1]
04:29:48.866 [main] DEBUG org.eclipse.jetty.util.component.ContainerLifeCycle - ServerConnector@446293d{HTTP/1.1, (http/1.1)}{0.0.0.0:0} added {SelectorManager@ServerConnector@446293d{HTTP/1.1, (http/1.1)}{0.0.0.0:0},MANAGED}
04:29:48.866 [main] DEBUG org.eclipse.jetty.util.component.ContainerLifeCycle - Server@53aad5d5{STOPPED}[9.4.44.v20210927] added {ServerConnector@446293d{HTTP/1.1, (http/1.1)}{localhost:0},AUTO}
04:29:48.866 [main] DEBUG org.eclipse.jetty.util.component.AbstractLifeCycle - starting Server@53aad5d5{STOPPED}[9.4.44.v20210927]
04:29:48.868 [main] DEBUG org.eclipse.jetty.util.component.ContainerLifeCycle - Server@53aad5d5{STARTING}[9.4.44.v20210927] added {ErrorHandler@4d5b6aac{STOPPED},AUTO}
04:29:48.868 [main] INFO org.eclipse.jetty.server.Server - jetty-9.4.44.v20210927; built: 2021-09-27T23:02:44.612Z; git: 8da83308eeca865e495e53ef315a249d63ba9332; jvm 1.8.0_402-8u402-ga-2ubuntu1~22.04-b06
04:29:48.878 [main] DEBUG org.eclipse.jetty.server.handler.AbstractHandler - starting Server@53aad5d5{STARTING}[9.4.44.v20210927]
04:29:48.878 [main] DEBUG org.eclipse.jetty.util.component.AbstractLifeCycle - starting QueuedThreadPool[qtp961160488]@394a2528{STOPPED,8<=0<=200,i=0,r=-1,q=0}[NO_TRY]
04:29:48.879 [main] DEBUG org.eclipse.jetty.util.thread.ReservedThreadExecutor - ReservedThreadExecutor@383bfa16{reserved=0/8,pending=0}
04:29:48.879 [main] DEBUG org.eclipse.jetty.util.component.ContainerLifeCycle - QueuedThreadPool[qtp961160488]@394a2528{STARTING,8<=0<=200,i=0,r=-1,q=0}[ReservedThreadExecutor@383bfa16{reserved=0/8,pending=0}] added {ReservedThreadExecutor@383bfa16{reserved=0/8,pending=0},AUTO}
04:29:48.879 [main] DEBUG org.eclipse.jetty.util.component.AbstractLifeCycle - starting ReservedThreadExecutor@383bfa16{reserved=0/8,pending=0}
04:29:48.881 [main] DEBUG org.eclipse.jetty.util.component.AbstractLifeCycle - STARTED @882ms ReservedThreadExecutor@383bfa16{reserved=0/8,pending=0}
04:29:48.882 [main] DEBUG org.eclipse.jetty.util.thread.QueuedThreadPool - Starting Thread[qtp961160488-15,5,main]
04:29:48.883 [main] DEBUG org.eclipse.jetty.util.thread.QueuedThreadPool - Starting Thread[qtp961160488-16,5,main]
04:29:48.883 [main] DEBUG org.eclipse.jetty.util.thread.QueuedThreadPool - Starting Thread[qtp961160488-17,5,main]
04:29:48.883 [main] DEBUG org.eclipse.jetty.util.thread.QueuedThreadPool - Starting Thread[qtp961160488-18,5,main]
04:29:48.883 [qtp961160488-15] DEBUG org.eclipse.jetty.util.thread.QueuedThreadPool - Runner started for QueuedThreadPool[qtp961160488]@394a2528{STARTING,8<=2<=200,i=2,r=-1,q=0}[ReservedThreadExecutor@383bfa16{reserved=0/8,pending=0}]
04:29:48.883 [main] DEBUG org.eclipse.jetty.util.thread.QueuedThreadPool - Starting Thread[qtp961160488-19,5,main]
04:29:48.883 [qtp961160488-16] DEBUG org.eclipse.jetty.util.thread.QueuedThreadPool - Runner started for QueuedThreadPool[qtp961160488]@394a2528{STARTING,8<=3<=200,i=3,r=-1,q=0}[ReservedThreadExecutor@383bfa16{reserved=0/8,pending=0}]
04:29:48.889 [main] DEBUG org.eclipse.jetty.util.thread.QueuedThreadPool - Starting Thread[qtp961160488-20,5,main]
04:29:48.889 [qtp961160488-18] DEBUG org.eclipse.jetty.util.thread.QueuedThreadPool - Runner started for QueuedThreadPool[qtp961160488]@394a2528{STARTING,8<=6<=200,i=6,r=-1,q=0}[ReservedThreadExecutor@383bfa16{reserved=0/8,pending=0}]
04:29:48.889 [qtp961160488-19] DEBUG org.eclipse.jetty.util.thread.QueuedThreadPool - Runner started for QueuedThreadPool[qtp961160488]@394a2528{STARTING,8<=6<=200,i=6,r=-1,q=0}[ReservedThreadExecutor@383bfa16{reserved=0/8,pending=0}]
04:29:48.889 [main] DEBUG org.eclipse.jetty.util.thread.QueuedThreadPool - Starting Thread[qtp961160488-21,5,main]
04:29:48.883 [qtp961160488-17] DEBUG org.eclipse.jetty.util.thread.QueuedThreadPool - Runner started for QueuedThreadPool[qtp961160488]@394a2528{STARTING,8<=4<=200,i=4,r=-1,q=0}[ReservedThreadExecutor@383bfa16{reserved=0/8,pending=0}]
04:29:48.889 [main] DEBUG org.eclipse.jetty.util.thread.QueuedThreadPool - Starting Thread[qtp961160488-22,5,main]
04:29:48.890 [qtp961160488-20] DEBUG org.eclipse.jetty.util.thread.QueuedThreadPool - Runner started for QueuedThreadPool[qtp961160488]@394a2528{STARTING,8<=7<=200,i=7,r=-1,q=0}[ReservedThreadExecutor@383bfa16{reserved=0/8,pending=0}]
04:29:48.890 [qtp961160488-21] DEBUG org.eclipse.jetty.util.thread.QueuedThreadPool - Runner started for QueuedThreadPool[qtp961160488]@394a2528{STARTING,8<=8<=200,i=8,r=-1,q=0}[ReservedThreadExecutor@383bfa16{reserved=0/8,pending=0}]
04:29:48.890 [main] DEBUG org.eclipse.jetty.util.component.AbstractLifeCycle - STARTED @891ms QueuedThreadPool[qtp961160488]@394a2528{STARTED,8<=8<=200,i=8,r=-1,q=0}[ReservedThreadExecutor@383bfa16{reserved=0/8,pending=0}]
04:29:48.890 [qtp961160488-22] DEBUG org.eclipse.jetty.util.thread.QueuedThreadPool - Runner started for QueuedThreadPool[qtp961160488]@394a2528{STARTED,8<=8<=200,i=8,r=-1,q=0}[ReservedThreadExecutor@383bfa16{reserved=0/8,pending=0}]
04:29:48.890 [main] DEBUG org.eclipse.jetty.util.component.AbstractLifeCycle - starting HandlerCollection@2892dae4{STOPPED}
04:29:48.890 [main] DEBUG org.eclipse.jetty.server.handler.AbstractHandler - starting HandlerCollection@2892dae4{STARTING}
04:29:48.890 [main] DEBUG org.eclipse.jetty.util.component.AbstractLifeCycle - starting JettyHandler@355ce81c{STOPPED}
04:29:48.891 [main] DEBUG org.eclipse.jetty.server.handler.AbstractHandler - starting JettyHandler@355ce81c{STARTING}
04:29:48.891 [main] DEBUG org.eclipse.jetty.util.component.AbstractLifeCycle - STARTED @892ms JettyHandler@355ce81c{STARTED}
04:29:48.891 [main] DEBUG org.eclipse.jetty.util.component.AbstractLifeCycle - STARTED @892ms HandlerCollection@2892dae4{STARTED}
04:29:48.891 [main] DEBUG org.eclipse.jetty.util.component.AbstractLifeCycle - starting ErrorHandler@4d5b6aac{STOPPED}
04:29:48.891 [main] DEBUG org.eclipse.jetty.server.handler.AbstractHandler - starting ErrorHandler@4d5b6aac{STARTING}
04:29:48.891 [main] DEBUG org.eclipse.jetty.util.component.AbstractLifeCycle - STARTED @892ms ErrorHandler@4d5b6aac{STARTED}
04:29:48.891 [main] DEBUG org.eclipse.jetty.util.component.AbstractLifeCycle - starting ServerConnector@446293d{HTTP/1.1, (http/1.1)}{localhost:0}
04:29:48.895 [main] DEBUG org.eclipse.jetty.util.component.ContainerLifeCycle - ServerConnector@446293d{HTTP/1.1, (http/1.1)}{localhost:44247} added {sun.nio.ch.ServerSocketChannelImpl[/127.0.0.1:44247],POJO}
04:29:48.896 [main] DEBUG org.eclipse.jetty.util.component.AbstractLifeCycle - starting ScheduledExecutorScheduler@3059cbc{STOPPED}
04:29:48.896 [main] DEBUG org.eclipse.jetty.util.component.AbstractLifeCycle - STARTED @898ms ScheduledExecutorScheduler@3059cbc{STARTED}
04:29:48.897 [main] DEBUG org.eclipse.jetty.util.component.AbstractLifeCycle - starting HttpConnectionFactory@22e357dc[HTTP/1.1]
04:29:48.897 [main] DEBUG org.eclipse.jetty.util.component.AbstractLifeCycle - STARTED @898ms HttpConnectionFactory@22e357dc[HTTP/1.1]
04:29:48.897 [main] DEBUG org.eclipse.jetty.util.component.AbstractLifeCycle - starting SelectorManager@ServerConnector@446293d{HTTP/1.1, (http/1.1)}{localhost:44247}
04:29:48.912 [main] DEBUG org.eclipse.jetty.util.component.ContainerLifeCycle - EatWhatYouKill@25fb8912/SelectorProducer@d5b810e/IDLE/p=false/QueuedThreadPool[qtp961160488]@394a2528{STARTED,8<=8<=200,i=8,r=-1,q=0}[ReservedThreadExecutor@383bfa16{reserved=0/8,pending=0}][pc=0,pic=0,pec=0,epc=0]@2024-05-02T04:29:48.909+01:00 added {SelectorProducer@d5b810e,POJO}
04:29:48.912 [main] DEBUG org.eclipse.jetty.util.component.ContainerLifeCycle - EatWhatYouKill@25fb8912/SelectorProducer@d5b810e/IDLE/p=false/QueuedThreadPool[qtp961160488]@394a2528{STARTED,8<=8<=200,i=8,r=-1,q=0}[ReservedThreadExecutor@383bfa16{reserved=0/8,pending=0}][pc=0,pic=0,pec=0,epc=0]@2024-05-02T04:29:48.912+01:00 added {QueuedThreadPool[qtp961160488]@394a2528{STARTED,8<=8<=200,i=8,r=-1,q=0}[ReservedThreadExecutor@383bfa16{reserved=0/8,pending=0}],UNMANAGED}
04:29:48.912 [main] DEBUG org.eclipse.jetty.util.thread.strategy.EatWhatYouKill - EatWhatYouKill@25fb8912/SelectorProducer@d5b810e/IDLE/p=false/QueuedThreadPool[qtp961160488]@394a2528{STARTED,8<=8<=200,i=8,r=-1,q=0}[ReservedThreadExecutor@383bfa16{reserved=0/8,pending=0}][pc=0,pic=0,pec=0,epc=0]@2024-05-02T04:29:48.912+01:00 created
04:29:48.913 [main] DEBUG org.eclipse.jetty.util.component.ContainerLifeCycle - ManagedSelector@194bcebf{STOPPED} id=0 keys=-1 selected=-1 updates=0 added {EatWhatYouKill@25fb8912/SelectorProducer@d5b810e/IDLE/p=false/QueuedThreadPool[qtp961160488]@394a2528{STARTED,8<=8<=200,i=8,r=-1,q=0}[ReservedThreadExecutor@383bfa16{reserved=0/8,pending=0}][pc=0,pic=0,pec=0,epc=0]@2024-05-02T04:29:48.913+01:00,MANAGED}
04:29:48.913 [main] DEBUG org.eclipse.jetty.util.component.ContainerLifeCycle - SelectorManager@ServerConnector@446293d{HTTP/1.1, (http/1.1)}{localhost:44247} added {ManagedSelector@194bcebf{STOPPED} id=0 keys=-1 selected=-1 updates=0,AUTO}
04:29:48.913 [main] DEBUG org.eclipse.jetty.util.component.ContainerLifeCycle - EatWhatYouKill@17497425/SelectorProducer@f0da945/IDLE/p=false/QueuedThreadPool[qtp961160488]@394a2528{STARTED,8<=8<=200,i=8,r=-1,q=0}[ReservedThreadExecutor@383bfa16{reserved=0/8,pending=0}][pc=0,pic=0,pec=0,epc=0]@2024-05-02T04:29:48.913+01:00 added {SelectorProducer@f0da945,POJO}
04:29:48.914 [main] DEBUG org.eclipse.jetty.util.component.ContainerLifeCycle - EatWhatYouKill@17497425/SelectorProducer@f0da945/IDLE/p=false/QueuedThreadPool[qtp961160488]@394a2528{STARTED,8<=8<=200,i=8,r=-1,q=0}[ReservedThreadExecutor@383bfa16{reserved=0/8,pending=0}][pc=0,pic=0,pec=0,epc=0]@2024-05-02T04:29:48.914+01:00 added {QueuedThreadPool[qtp961160488]@394a2528{STARTED,8<=8<=200,i=8,r=-1,q=0}[ReservedThreadExecutor@383bfa16{reserved=0/8,pending=0}],UNMANAGED}
04:29:48.914 [main] DEBUG org.eclipse.jetty.util.thread.strategy.EatWhatYouKill - EatWhatYouKill@17497425/SelectorProducer@f0da945/IDLE/p=false/QueuedThreadPool[qtp961160488]@394a2528{STARTED,8<=8<=200,i=8,r=-1,q=0}[ReservedThreadExecutor@383bfa16{reserved=0/8,pending=0}][pc=0,pic=0,pec=0,epc=0]@2024-05-02T04:29:48.914+01:00 created
04:29:48.914 [main] DEBUG org.eclipse.jetty.util.component.ContainerLifeCycle - ManagedSelector@4803b726{STOPPED} id=1 keys=-1 selected=-1 updates=0 added {EatWhatYouKill@17497425/SelectorProducer@f0da945/IDLE/p=false/QueuedThreadPool[qtp961160488]@394a2528{STARTED,8<=8<=200,i=8,r=-1,q=0}[ReservedThreadExecutor@383bfa16{reserved=0/8,pending=0}][pc=0,pic=0,pec=0,epc=0]@2024-05-02T04:29:48.914+01:00,MANAGED}
04:29:48.914 [main] DEBUG org.eclipse.jetty.util.component.ContainerLifeCycle - SelectorManager@ServerConnector@446293d{HTTP/1.1, (http/1.1)}{localhost:44247} added {ManagedSelector@4803b726{STOPPED} id=1 keys=-1 selected=-1 updates=0,AUTO}
04:29:48.915 [main] DEBUG org.eclipse.jetty.util.component.ContainerLifeCycle - EatWhatYouKill@ffaa6af/SelectorProducer@53ce1329/IDLE/p=false/QueuedThreadPool[qtp961160488]@394a2528{STARTED,8<=8<=200,i=8,r=-1,q=0}[ReservedThreadExecutor@383bfa16{reserved=0/8,pending=0}][pc=0,pic=0,pec=0,epc=0]@2024-05-02T04:29:48.915+01:00 added {SelectorProducer@53ce1329,POJO}
04:29:48.915 [main] DEBUG org.eclipse.jetty.util.component.ContainerLifeCycle - EatWhatYouKill@ffaa6af/SelectorProducer@53ce1329/IDLE/p=false/QueuedThreadPool[qtp961160488]@394a2528{STARTED,8<=8<=200,i=8,r=-1,q=0}[ReservedThreadExecutor@383bfa16{reserved=0/8,pending=0}][pc=0,pic=0,pec=0,epc=0]@2024-05-02T04:29:48.915+01:00 added {QueuedThreadPool[qtp961160488]@394a2528{STARTED,8<=8<=200,i=8,r=-1,q=0}[ReservedThreadExecutor@383bfa16{reserved=0/8,pending=0}],UNMANAGED}
04:29:48.916 [main] DEBUG org.eclipse.jetty.util.thread.strategy.EatWhatYouKill - EatWhatYouKill@ffaa6af/SelectorProducer@53ce1329/IDLE/p=false/QueuedThreadPool[qtp961160488]@394a2528{STARTED,8<=8<=200,i=8,r=-1,q=0}[ReservedThreadExecutor@383bfa16{reserved=0/8,pending=0}][pc=0,pic=0,pec=0,epc=0]@2024-05-02T04:29:48.916+01:00 created
04:29:48.916 [main] DEBUG org.eclipse.jetty.util.component.ContainerLifeCycle - ManagedSelector@316bcf94{STOPPED} id=2 keys=-1 selected=-1 updates=0 added {EatWhatYouKill@ffaa6af/SelectorProducer@53ce1329/IDLE/p=false/QueuedThreadPool[qtp961160488]@394a2528{STARTED,8<=8<=200,i=8,r=-1,q=0}[ReservedThreadExecutor@383bfa16{reserved=0/8,pending=0}][pc=0,pic=0,pec=0,epc=0]@2024-05-02T04:29:48.916+01:00,MANAGED}
04:29:48.916 [main] DEBUG org.eclipse.jetty.util.component.ContainerLifeCycle - SelectorManager@ServerConnector@446293d{HTTP/1.1, (http/1.1)}{localhost:44247} added {ManagedSelector@316bcf94{STOPPED} id=2 keys=-1 selected=-1 updates=0,AUTO}
04:29:48.917 [main] DEBUG org.eclipse.jetty.util.component.ContainerLifeCycle - EatWhatYouKill@6404f418/SelectorProducer@3e11f9e9/IDLE/p=false/QueuedThreadPool[qtp961160488]@394a2528{STARTED,8<=8<=200,i=8,r=-1,q=0}[ReservedThreadExecutor@383bfa16{reserved=0/8,pending=0}][pc=0,pic=0,pec=0,epc=0]@2024-05-02T04:29:48.917+01:00 added {SelectorProducer@3e11f9e9,POJO}
04:29:48.917 [main] DEBUG org.eclipse.jetty.util.component.ContainerLifeCycle - EatWhatYouKill@6404f418/SelectorProducer@3e11f9e9/IDLE/p=false/QueuedThreadPool[qtp961160488]@394a2528{STARTED,8<=8<=200,i=8,r=-1,q=0}[ReservedThreadExecutor@383bfa16{reserved=0/8,pending=0}][pc=0,pic=0,pec=0,epc=0]@2024-05-02T04:29:48.917+01:00 added {QueuedThreadPool[qtp961160488]@394a2528{STARTED,8<=8<=200,i=8,r=-1,q=0}[ReservedThreadExecutor@383bfa16{reserved=0/8,pending=0}],UNMANAGED}
04:29:48.917 [main] DEBUG org.eclipse.jetty.util.thread.strategy.EatWhatYouKill - EatWhatYouKill@6404f418/SelectorProducer@3e11f9e9/IDLE/p=false/QueuedThreadPool[qtp961160488]@394a2528{STARTED,8<=8<=200,i=8,r=-1,q=0}[ReservedThreadExecutor@383bfa16{reserved=0/8,pending=0}][pc=0,pic=0,pec=0,epc=0]@2024-05-02T04:29:48.917+01:00 created
04:29:48.918 [main] DEBUG org.eclipse.jetty.util.component.ContainerLifeCycle - ManagedSelector@1de5f259{STOPPED} id=3 keys=-1 selected=-1 updates=0 added {EatWhatYouKill@6404f418/SelectorProducer@3e11f9e9/IDLE/p=false/QueuedThreadPool[qtp961160488]@394a2528{STARTED,8<=8<=200,i=8,r=-1,q=0}[ReservedThreadExecutor@383bfa16{reserved=0/8,pending=0}][pc=0,pic=0,pec=0,epc=0]@2024-05-02T04:29:48.918+01:00,MANAGED}
04:29:48.918 [main] DEBUG org.eclipse.jetty.util.component.ContainerLifeCycle - SelectorManager@ServerConnector@446293d{HTTP/1.1, (http/1.1)}{localhost:44247} added {ManagedSelector@1de5f259{STOPPED} id=3 keys=-1 selected=-1 updates=0,AUTO}
04:29:48.918 [main] DEBUG org.eclipse.jetty.util.component.AbstractLifeCycle - starting ManagedSelector@194bcebf{STOPPED} id=0 keys=-1 selected=-1 updates=0
04:29:48.918 [main] DEBUG org.eclipse.jetty.util.component.AbstractLifeCycle - starting EatWhatYouKill@25fb8912/SelectorProducer@d5b810e/IDLE/p=false/QueuedThreadPool[qtp961160488]@394a2528{STARTED,8<=8<=200,i=8,r=-1,q=0}[ReservedThreadExecutor@383bfa16{reserved=0/8,pending=0}][pc=0,pic=0,pec=0,epc=0]@2024-05-02T04:29:48.918+01:00
04:29:48.919 [main] DEBUG org.eclipse.jetty.util.component.AbstractLifeCycle - STARTED @920ms EatWhatYouKill@25fb8912/SelectorProducer@d5b810e/IDLE/p=false/QueuedThreadPool[qtp961160488]@394a2528{STARTED,8<=8<=200,i=8,r=-1,q=0}[ReservedThreadExecutor@383bfa16{reserved=0/8,pending=0}][pc=0,pic=0,pec=0,epc=0]@2024-05-02T04:29:48.919+01:00
04:29:48.920 [main] DEBUG org.eclipse.jetty.util.thread.QueuedThreadPool - queue org.eclipse.jetty.io.ManagedSelector$$Lambda$253/838473569@957e06 startThread=0
04:29:48.921 [qtp961160488-15] DEBUG org.eclipse.jetty.util.thread.QueuedThreadPool - run org.eclipse.jetty.io.ManagedSelector$$Lambda$253/838473569@957e06 in QueuedThreadPool[qtp961160488]@394a2528{STARTED,8<=8<=200,i=7,r=-1,q=0}[ReservedThreadExecutor@383bfa16{reserved=0/8,pending=0}]
04:29:48.921 [main] DEBUG org.eclipse.jetty.io.ManagedSelector - Queued change lazy=false org.eclipse.jetty.io.ManagedSelector$Start@32502377 on ManagedSelector@194bcebf{STARTING} id=0 keys=0 selected=0 updates=0
04:29:48.921 [qtp961160488-15] DEBUG org.eclipse.jetty.util.thread.strategy.EatWhatYouKill - EatWhatYouKill@25fb8912/SelectorProducer@d5b810e/IDLE/p=false/QueuedThreadPool[qtp961160488]@394a2528{STARTED,8<=8<=200,i=7,r=-1,q=0}[ReservedThreadExecutor@383bfa16{reserved=0/8,pending=0}][pc=0,pic=0,pec=0,epc=0]@2024-05-02T04:29:48.921+01:00 tryProduce false
04:29:48.923 [qtp961160488-15] DEBUG org.eclipse.jetty.io.ManagedSelector - updateable 1
04:29:48.923 [qtp961160488-15] DEBUG org.eclipse.jetty.io.ManagedSelector - update org.eclipse.jetty.io.ManagedSelector$Start@32502377
04:29:48.923 [qtp961160488-15] DEBUG org.eclipse.jetty.io.ManagedSelector - updates 0
04:29:48.923 [qtp961160488-15] DEBUG org.eclipse.jetty.io.ManagedSelector - Selector sun.nio.ch.EPollSelectorImpl@37060169 waiting with 0 keys
04:29:48.923 [main] DEBUG org.eclipse.jetty.util.component.AbstractLifeCycle - STARTED @924ms ManagedSelector@194bcebf{STARTED} id=0 keys=0 selected=0 updates=0
04:29:48.923 [main] DEBUG org.eclipse.jetty.util.component.AbstractLifeCycle - starting ManagedSelector@4803b726{STOPPED} id=1 keys=-1 selected=-1 updates=0
04:29:48.923 [main] DEBUG org.eclipse.jetty.util.component.AbstractLifeCycle - starting EatWhatYouKill@17497425/SelectorProducer@f0da945/IDLE/p=false/QueuedThreadPool[qtp961160488]@394a2528{STARTED,8<=8<=200,i=7,r=-1,q=0}[ReservedThreadExecutor@383bfa16{reserved=0/8,pending=0}][pc=0,pic=0,pec=0,epc=0]@2024-05-02T04:29:48.923+01:00
04:29:48.924 [main] DEBUG org.eclipse.jetty.util.component.AbstractLifeCycle - STARTED @925ms EatWhatYouKill@17497425/SelectorProducer@f0da945/IDLE/p=false/QueuedThreadPool[qtp961160488]@394a2528{STARTED,8<=8<=200,i=7,r=-1,q=0}[ReservedThreadExecutor@383bfa16{reserved=0/8,pending=0}][pc=0,pic=0,pec=0,epc=0]@2024-05-02T04:29:48.924+01:00
04:29:48.924 [main] DEBUG org.eclipse.jetty.util.thread.QueuedThreadPool - queue org.eclipse.jetty.io.ManagedSelector$$Lambda$253/838473569@2c1b194a startThread=0
04:29:48.924 [qtp961160488-16] DEBUG org.eclipse.jetty.util.thread.QueuedThreadPool - run org.eclipse.jetty.io.ManagedSelector$$Lambda$253/838473569@2c1b194a in QueuedThreadPool[qtp961160488]@394a2528{STARTED,8<=8<=200,i=6,r=-1,q=0}[ReservedThreadExecutor@383bfa16{reserved=0/8,pending=0}]
04:29:48.924 [main] DEBUG org.eclipse.jetty.io.ManagedSelector - Queued change lazy=false org.eclipse.jetty.io.ManagedSelector$Start@4dbb42b7 on ManagedSelector@4803b726{STARTING} id=1 keys=0 selected=0 updates=0
04:29:48.924 [qtp961160488-16] DEBUG org.eclipse.jetty.util.thread.strategy.EatWhatYouKill - EatWhatYouKill@17497425/SelectorProducer@f0da945/IDLE/p=false/QueuedThreadPool[qtp961160488]@394a2528{STARTED,8<=8<=200,i=6,r=-1,q=0}[ReservedThreadExecutor@383bfa16{reserved=0/8,pending=0}][pc=0,pic=0,pec=0,epc=0]@2024-05-02T04:29:48.924+01:00 tryProduce false
04:29:48.925 [qtp961160488-16] DEBUG org.eclipse.jetty.io.ManagedSelector - updateable 1
04:29:48.925 [qtp961160488-16] DEBUG org.eclipse.jetty.io.ManagedSelector - update org.eclipse.jetty.io.ManagedSelector$Start@4dbb42b7
04:29:48.925 [qtp961160488-16] DEBUG org.eclipse.jetty.io.ManagedSelector - updates 0
04:29:48.925 [qtp961160488-16] DEBUG org.eclipse.jetty.io.ManagedSelector - Selector sun.nio.ch.EPollSelectorImpl@50485bb2 waiting with 0 keys
04:29:48.925 [main] DEBUG org.eclipse.jetty.util.component.AbstractLifeCycle - STARTED @926ms ManagedSelector@4803b726{STARTED} id=1 keys=0 selected=0 updates=0
04:29:48.925 [main] DEBUG org.eclipse.jetty.util.component.AbstractLifeCycle - starting ManagedSelector@316bcf94{STOPPED} id=2 keys=-1 selected=-1 updates=0
04:29:48.925 [main] DEBUG org.eclipse.jetty.util.component.AbstractLifeCycle - starting EatWhatYouKill@ffaa6af/SelectorProducer@53ce1329/IDLE/p=false/QueuedThreadPool[qtp961160488]@394a2528{STARTED,8<=8<=200,i=6,r=-1,q=0}[ReservedThreadExecutor@383bfa16{reserved=0/8,pending=0}][pc=0,pic=0,pec=0,epc=0]@2024-05-02T04:29:48.925+01:00
04:29:48.925 [main] DEBUG org.eclipse.jetty.util.component.AbstractLifeCycle - STARTED @926ms EatWhatYouKill@ffaa6af/SelectorProducer@53ce1329/IDLE/p=false/QueuedThreadPool[qtp961160488]@394a2528{STARTED,8<=8<=200,i=6,r=-1,q=0}[ReservedThreadExecutor@383bfa16{reserved=0/8,pending=0}][pc=0,pic=0,pec=0,epc=0]@2024-05-02T04:29:48.925+01:00
04:29:48.926 [main] DEBUG org.eclipse.jetty.util.thread.QueuedThreadPool - queue org.eclipse.jetty.io.ManagedSelector$$Lambda$253/838473569@66f57048 startThread=0
04:29:48.926 [qtp961160488-18] DEBUG org.eclipse.jetty.util.thread.QueuedThreadPool - run org.eclipse.jetty.io.ManagedSelector$$Lambda$253/838473569@66f57048 in QueuedThreadPool[qtp961160488]@394a2528{STARTED,8<=8<=200,i=5,r=-1,q=0}[ReservedThreadExecutor@383bfa16{reserved=0/8,pending=0}]
04:29:48.926 [main] DEBUG org.eclipse.jetty.io.ManagedSelector - Queued change lazy=false org.eclipse.jetty.io.ManagedSelector$Start@550dbc7a on ManagedSelector@316bcf94{STARTING} id=2 keys=0 selected=0 updates=0
04:29:48.926 [qtp961160488-18] DEBUG org.eclipse.jetty.util.thread.strategy.EatWhatYouKill - EatWhatYouKill@ffaa6af/SelectorProducer@53ce1329/IDLE/p=false/QueuedThreadPool[qtp961160488]@394a2528{STARTED,8<=8<=200,i=5,r=-1,q=0}[ReservedThreadExecutor@383bfa16{reserved=0/8,pending=0}][pc=0,pic=0,pec=0,epc=0]@2024-05-02T04:29:48.926+01:00 tryProduce false
04:29:48.926 [qtp961160488-18] DEBUG org.eclipse.jetty.io.ManagedSelector - updateable 1
04:29:48.926 [qtp961160488-18] DEBUG org.eclipse.jetty.io.ManagedSelector - update org.eclipse.jetty.io.ManagedSelector$Start@550dbc7a
04:29:48.926 [qtp961160488-18] DEBUG org.eclipse.jetty.io.ManagedSelector - updates 0
04:29:48.926 [qtp961160488-18] DEBUG org.eclipse.jetty.io.ManagedSelector - Selector sun.nio.ch.EPollSelectorImpl@2f91e83 waiting with 0 keys
04:29:48.926 [main] DEBUG org.eclipse.jetty.util.component.AbstractLifeCycle - STARTED @927ms ManagedSelector@316bcf94{STARTED} id=2 keys=0 selected=0 updates=0
04:29:48.926 [main] DEBUG org.eclipse.jetty.util.component.AbstractLifeCycle - starting ManagedSelector@1de5f259{STOPPED} id=3 keys=-1 selected=-1 updates=0
04:29:48.926 [main] DEBUG org.eclipse.jetty.util.component.AbstractLifeCycle - starting EatWhatYouKill@6404f418/SelectorProducer@3e11f9e9/IDLE/p=false/QueuedThreadPool[qtp961160488]@394a2528{STARTED,8<=8<=200,i=5,r=-1,q=0}[ReservedThreadExecutor@383bfa16{reserved=0/8,pending=0}][pc=0,pic=0,pec=0,epc=0]@2024-05-02T04:29:48.926+01:00
04:29:48.927 [main] DEBUG org.eclipse.jetty.util.component.AbstractLifeCycle - STARTED @928ms EatWhatYouKill@6404f418/SelectorProducer@3e11f9e9/IDLE/p=false/QueuedThreadPool[qtp961160488]@394a2528{STARTED,8<=8<=200,i=5,r=-1,q=0}[ReservedThreadExecutor@383bfa16{reserved=0/8,pending=0}][pc=0,pic=0,pec=0,epc=0]@2024-05-02T04:29:48.927+01:00
04:29:48.927 [main] DEBUG org.eclipse.jetty.util.thread.QueuedThreadPool - queue org.eclipse.jetty.io.ManagedSelector$$Lambda$253/838473569@21282ed8 startThread=0
04:29:48.927 [main] DEBUG org.eclipse.jetty.io.ManagedSelector - Queued change lazy=false org.eclipse.jetty.io.ManagedSelector$Start@36916eb0 on ManagedSelector@1de5f259{STARTING} id=3 keys=0 selected=0 updates=0
04:29:48.927 [qtp961160488-19] DEBUG org.eclipse.jetty.util.thread.QueuedThreadPool - run org.eclipse.jetty.io.ManagedSelector$$Lambda$253/838473569@21282ed8 in QueuedThreadPool[qtp961160488]@394a2528{STARTED,8<=8<=200,i=4,r=-1,q=0}[ReservedThreadExecutor@383bfa16{reserved=0/8,pending=0}]
04:29:48.927 [qtp961160488-19] DEBUG org.eclipse.jetty.util.thread.strategy.EatWhatYouKill - EatWhatYouKill@6404f418/SelectorProducer@3e11f9e9/IDLE/p=false/QueuedThreadPool[qtp961160488]@394a2528{STARTED,8<=8<=200,i=4,r=-1,q=0}[ReservedThreadExecutor@383bfa16{reserved=0/8,pending=0}][pc=0,pic=0,pec=0,epc=0]@2024-05-02T04:29:48.927+01:00 tryProduce false
04:29:48.927 [qtp961160488-19] DEBUG org.eclipse.jetty.io.ManagedSelector - updateable 1
04:29:48.928 [qtp961160488-19] DEBUG org.eclipse.jetty.io.ManagedSelector - update org.eclipse.jetty.io.ManagedSelector$Start@36916eb0
04:29:48.928 [qtp961160488-19] DEBUG org.eclipse.jetty.io.ManagedSelector - updates 0
04:29:48.928 [qtp961160488-19] DEBUG org.eclipse.jetty.io.ManagedSelector - Selector sun.nio.ch.EPollSelectorImpl@195030a5 waiting with 0 keys
04:29:48.928 [main] DEBUG org.eclipse.jetty.util.component.AbstractLifeCycle - STARTED @929ms ManagedSelector@1de5f259{STARTED} id=3 keys=0 selected=0 updates=0
04:29:48.928 [main] DEBUG org.eclipse.jetty.util.component.AbstractLifeCycle - STARTED @929ms SelectorManager@ServerConnector@446293d{HTTP/1.1, (http/1.1)}{localhost:44247}
04:29:48.929 [main] DEBUG org.eclipse.jetty.util.component.ContainerLifeCycle - ServerConnector@446293d{HTTP/1.1, (http/1.1)}{localhost:44247} added {acceptor-0@1e1a0406,POJO}
04:29:48.929 [main] DEBUG org.eclipse.jetty.util.thread.QueuedThreadPool - queue acceptor-0@1e1a0406 startThread=0
04:29:48.930 [qtp961160488-17] DEBUG org.eclipse.jetty.util.thread.QueuedThreadPool - run acceptor-0@1e1a0406 in QueuedThreadPool[qtp961160488]@394a2528{STARTED,8<=8<=200,i=3,r=-1,q=0}[ReservedThreadExecutor@383bfa16{reserved=0/8,pending=0}]
04:29:48.930 [main] INFO org.eclipse.jetty.server.AbstractConnector - Started ServerConnector@446293d{HTTP/1.1, (http/1.1)}{localhost:44247}
04:29:48.930 [main] DEBUG org.eclipse.jetty.util.component.AbstractLifeCycle - STARTED @931ms ServerConnector@446293d{HTTP/1.1, (http/1.1)}{localhost:44247}
04:29:48.930 [main] INFO org.eclipse.jetty.server.Server - Started @931ms
04:29:48.930 [main] DEBUG org.eclipse.jetty.util.component.AbstractLifeCycle - STARTED @931ms Server@53aad5d5{STARTED}[9.4.44.v20210927]
04:29:50.081 [main] DEBUG org.apache.nifi.minifi.bootstrap.configuration.ingestors.PullHttpChangeIngestor - Attempting to pull new config
04:29:50.095 [qtp961160488-17-acceptor-0@1e1a0406-ServerConnector@446293d{HTTP/1.1, (http/1.1)}{localhost:44247}] DEBUG org.eclipse.jetty.io.ManagedSelector - Queued change lazy=false Accept@15ad5557[java.nio.channels.SocketChannel[connected local=/127.0.0.1:44247 remote=/127.0.0.1:42466]] on ManagedSelector@4803b726{STARTED} id=1 keys=0 selected=0 updates=0
04:29:50.095 [qtp961160488-17-acceptor-0@1e1a0406-ServerConnector@446293d{HTTP/1.1, (http/1.1)}{localhost:44247}] DEBUG org.eclipse.jetty.io.ManagedSelector - Wakeup on submit ManagedSelector@4803b726{STARTED} id=1 keys=0 selected=0 updates=1
04:29:50.096 [qtp961160488-16] DEBUG org.eclipse.jetty.io.ManagedSelector - Selector sun.nio.ch.EPollSelectorImpl@50485bb2 woken with none selected
04:29:50.096 [qtp961160488-16] DEBUG org.eclipse.jetty.io.ManagedSelector - Selector sun.nio.ch.EPollSelectorImpl@50485bb2 woken up from select, 0/0/0 selected
04:29:50.096 [qtp961160488-16] DEBUG org.eclipse.jetty.io.ManagedSelector - Selector sun.nio.ch.EPollSelectorImpl@50485bb2 processing 0 keys, 1 updates
04:29:50.096 [qtp961160488-16] DEBUG org.eclipse.jetty.io.ManagedSelector - updateable 1
04:29:50.096 [qtp961160488-16] DEBUG org.eclipse.jetty.io.ManagedSelector - update Accept@15ad5557[java.nio.channels.SocketChannel[connected local=/127.0.0.1:44247 remote=/127.0.0.1:42466]]
04:29:50.096 [qtp961160488-16] DEBUG org.eclipse.jetty.util.thread.QueuedThreadPool - queue Accept@15ad5557[java.nio.channels.SocketChannel[connected local=/127.0.0.1:44247 remote=/127.0.0.1:42466]] startThread=0
04:29:50.096 [qtp961160488-16] DEBUG org.eclipse.jetty.io.ManagedSelector - updates 0
04:29:50.096 [qtp961160488-20] DEBUG org.eclipse.jetty.util.thread.QueuedThreadPool - run Accept@15ad5557[java.nio.channels.SocketChannel[connected local=/127.0.0.1:44247 remote=/127.0.0.1:42466]] in QueuedThreadPool[qtp961160488]@394a2528{STARTED,8<=8<=200,i=2,r=-1,q=0}[ReservedThreadExecutor@383bfa16{reserved=0/8,pending=0}]
04:29:50.096 [qtp961160488-16] DEBUG org.eclipse.jetty.io.ManagedSelector - Selector sun.nio.ch.EPollSelectorImpl@50485bb2 waiting with 1 keys
04:29:50.104 [qtp961160488-20] DEBUG org.eclipse.jetty.io.IdleTimeout - SocketChannelEndPoint@2106d7ad{l=/127.0.0.1:44247,r=/127.0.0.1:42466,OPEN,fill=-,flush=-,to=4/3000}{io=0/0,kio=0,kro=0}-><null> idle timeout check, elapsed: 4 ms, remaining: 2996 ms
04:29:50.109 [qtp961160488-20] DEBUG org.eclipse.jetty.http.PreEncodedHttpField - HttpField encoders loaded: [org.eclipse.jetty.http.Http1FieldPreEncoder@5b0184cb]
04:29:50.141 [qtp961160488-20] DEBUG org.eclipse.jetty.server.HttpChannel - new HttpChannelOverHttp@613d3dd4{s=HttpChannelState@7ba77832{s=IDLE rs=BLOCKING os=OPEN is=IDLE awp=false se=false i=true al=0},r=0,c=false/false,a=IDLE,uri=null,age=0} -> SocketChannelEndPoint@2106d7ad{l=/127.0.0.1:44247,r=/127.0.0.1:42466,OPEN,fill=-,flush=-,to=41/3000}{io=0/0,kio=0,kro=0}-><null>,null,HttpChannelState@7ba77832{s=IDLE rs=BLOCKING os=OPEN is=IDLE awp=false se=false i=true al=0}
04:29:50.147 [qtp961160488-20] DEBUG org.eclipse.jetty.server.HttpConnection - New HTTP Connection HttpConnection@7827836a::SocketChannelEndPoint@2106d7ad{l=/127.0.0.1:44247,r=/127.0.0.1:42466,OPEN,fill=-,flush=-,to=47/3000}{io=0/0,kio=0,kro=0}-><null>
04:29:50.148 [qtp961160488-20] DEBUG org.eclipse.jetty.io.ManagedSelector - Queued change lazy=true org.eclipse.jetty.io.ManagedSelector$$Lambda$258/854397033@49da056a on ManagedSelector@4803b726{STARTED} id=1 keys=1 selected=0 updates=0
04:29:50.148 [qtp961160488-20] DEBUG org.eclipse.jetty.io.AbstractEndPoint - onOpen SocketChannelEndPoint@2106d7ad{l=/127.0.0.1:44247,r=/127.0.0.1:42466,OPEN,fill=-,flush=-,to=48/3000}{io=0/0,kio=0,kro=0}->HttpConnection@7827836a[p=HttpParser{s=START,0 of -1},g=HttpGenerator@1f7ca3fb{s=START}]=>HttpChannelOverHttp@613d3dd4{s=HttpChannelState@7ba77832{s=IDLE rs=BLOCKING os=OPEN is=IDLE awp=false se=false i=true al=0},r=0,c=false/false,a=IDLE,uri=null,age=0}
04:29:50.148 [qtp961160488-20] DEBUG org.eclipse.jetty.io.AbstractConnection - onOpen HttpConnection@7827836a::SocketChannelEndPoint@2106d7ad{l=/127.0.0.1:44247,r=/127.0.0.1:42466,OPEN,fill=-,flush=-,to=48/3000}{io=0/0,kio=0,kro=0}->HttpConnection@7827836a[p=HttpParser{s=START,0 of -1},g=HttpGenerator@1f7ca3fb{s=START}]=>HttpChannelOverHttp@613d3dd4{s=HttpChannelState@7ba77832{s=IDLE rs=BLOCKING os=OPEN is=IDLE awp=false se=false i=true al=0},r=0,c=false/false,a=IDLE,uri=null,age=0}
04:29:50.148 [qtp961160488-20] DEBUG org.eclipse.jetty.io.AbstractConnection - fillInterested HttpConnection@7827836a::SocketChannelEndPoint@2106d7ad{l=/127.0.0.1:44247,r=/127.0.0.1:42466,OPEN,fill=-,flush=-,to=48/3000}{io=0/0,kio=0,kro=0}->HttpConnection@7827836a[p=HttpParser{s=START,0 of -1},g=HttpGenerator@1f7ca3fb{s=START}]=>HttpChannelOverHttp@613d3dd4{s=HttpChannelState@7ba77832{s=IDLE rs=BLOCKING os=OPEN is=IDLE awp=false se=false i=true al=0},r=0,c=false/false,a=IDLE,uri=null,age=0}
04:29:50.149 [qtp961160488-20] DEBUG org.eclipse.jetty.io.FillInterest - interested FillInterest@5888e5b9{AC.ReadCB@7827836a{HttpConnection@7827836a::SocketChannelEndPoint@2106d7ad{l=/127.0.0.1:44247,r=/127.0.0.1:42466,OPEN,fill=FI,flush=-,to=0/3000}{io=0/0,kio=0,kro=0}->HttpConnection@7827836a[p=HttpParser{s=START,0 of -1},g=HttpGenerator@1f7ca3fb{s=START}]=>HttpChannelOverHttp@613d3dd4{s=HttpChannelState@7ba77832{s=IDLE rs=BLOCKING os=OPEN is=IDLE awp=false se=false i=true al=0},r=0,c=false/false,a=IDLE,uri=null,age=0}}}
04:29:50.149 [qtp961160488-20] DEBUG org.eclipse.jetty.io.ChannelEndPoint - changeInterests p=false 0->1 for SocketChannelEndPoint@2106d7ad{l=/127.0.0.1:44247,r=/127.0.0.1:42466,OPEN,fill=FI,flush=-,to=0/3000}{io=0/1,kio=0,kro=0}->HttpConnection@7827836a[p=HttpParser{s=START,0 of -1},g=HttpGenerator@1f7ca3fb{s=START}]=>HttpChannelOverHttp@613d3dd4{s=HttpChannelState@7ba77832{s=IDLE rs=BLOCKING os=OPEN is=IDLE awp=false se=false i=true al=0},r=0,c=false/false,a=IDLE,uri=null,age=0}
04:29:50.149 [qtp961160488-20] DEBUG org.eclipse.jetty.io.ManagedSelector - Queued change lazy=false org.eclipse.jetty.io.ChannelEndPoint$$Lambda$255/1126011505@2bcc899 on ManagedSelector@4803b726{STARTED} id=1 keys=1 selected=0 updates=1
04:29:50.149 [qtp961160488-20] DEBUG org.eclipse.jetty.io.ManagedSelector - Wakeup on submit ManagedSelector@4803b726{STARTED} id=1 keys=1 selected=0 updates=2
04:29:50.149 [qtp961160488-16] DEBUG org.eclipse.jetty.io.ManagedSelector - Selector sun.nio.ch.EPollSelectorImpl@50485bb2 woken with none selected
04:29:50.149 [qtp961160488-20] DEBUG org.eclipse.jetty.io.ManagedSelector - Created SocketChannelEndPoint@2106d7ad{l=/127.0.0.1:44247,r=/127.0.0.1:42466,OPEN,fill=FI,flush=-,to=0/3000}{io=0/1,kio=0,kro=0}->HttpConnection@7827836a[p=HttpParser{s=START,0 of -1},g=HttpGenerator@1f7ca3fb{s=START}]=>HttpChannelOverHttp@613d3dd4{s=HttpChannelState@7ba77832{s=IDLE rs=BLOCKING os=OPEN is=IDLE awp=false se=false i=true al=0},r=0,c=false/false,a=IDLE,uri=null,age=0}
04:29:50.149 [qtp961160488-16] DEBUG org.eclipse.jetty.io.ManagedSelector - Selector sun.nio.ch.EPollSelectorImpl@50485bb2 woken up from select, 0/0/1 selected
04:29:50.149 [qtp961160488-16] DEBUG org.eclipse.jetty.io.ManagedSelector - Selector sun.nio.ch.EPollSelectorImpl@50485bb2 processing 0 keys, 2 updates
04:29:50.149 [qtp961160488-20] DEBUG org.eclipse.jetty.util.thread.QueuedThreadPool - ran Accept@15ad5557[java.nio.channels.SocketChannel[connected local=/127.0.0.1:44247 remote=/127.0.0.1:42466]] in QueuedThreadPool[qtp961160488]@394a2528{STARTED,8<=8<=200,i=2,r=-1,q=0}[ReservedThreadExecutor@383bfa16{reserved=0/8,pending=0}]
04:29:50.149 [qtp961160488-16] DEBUG org.eclipse.jetty.io.ManagedSelector - updateable 2
04:29:50.149 [qtp961160488-16] DEBUG org.eclipse.jetty.io.ManagedSelector - update org.eclipse.jetty.io.ManagedSelector$$Lambda$258/854397033@49da056a
04:29:50.150 [qtp961160488-16] DEBUG org.eclipse.jetty.io.ManagedSelector - update org.eclipse.jetty.io.ChannelEndPoint$$Lambda$255/1126011505@2bcc899
04:29:50.150 [qtp961160488-16] DEBUG org.eclipse.jetty.io.ChannelEndPoint - Key interests updated 0 -> 1 on SocketChannelEndPoint@2106d7ad{l=/127.0.0.1:44247,r=/127.0.0.1:42466,OPEN,fill=FI,flush=-,to=1/3000}{io=1/1,kio=1,kro=0}->HttpConnection@7827836a[p=HttpParser{s=START,0 of -1},g=HttpGenerator@1f7ca3fb{s=START}]=>HttpChannelOverHttp@613d3dd4{s=HttpChannelState@7ba77832{s=IDLE rs=BLOCKING os=OPEN is=IDLE awp=false se=false i=true al=0},r=0,c=false/false,a=IDLE,uri=null,age=0}
04:29:50.150 [qtp961160488-16] DEBUG org.eclipse.jetty.io.ManagedSelector - updates 0
04:29:50.150 [qtp961160488-16] DEBUG org.eclipse.jetty.io.ManagedSelector - Selector sun.nio.ch.EPollSelectorImpl@50485bb2 waiting with 1 keys
04:29:50.150 [qtp961160488-16] DEBUG org.eclipse.jetty.io.ManagedSelector - Selector sun.nio.ch.EPollSelectorImpl@50485bb2 woken up from select, 1/1/1 selected
04:29:50.150 [qtp961160488-16] DEBUG org.eclipse.jetty.io.ManagedSelector - Selector sun.nio.ch.EPollSelectorImpl@50485bb2 processing 1 keys, 0 updates
04:29:50.150 [qtp961160488-16] DEBUG org.eclipse.jetty.io.ManagedSelector - selected 1 sun.nio.ch.SelectionKeyImpl@5ab030c2 SocketChannelEndPoint@2106d7ad{l=/127.0.0.1:44247,r=/127.0.0.1:42466,OPEN,fill=FI,flush=-,to=1/3000}{io=1/1,kio=1,kro=1}->HttpConnection@7827836a[p=HttpParser{s=START,0 of -1},g=HttpGenerator@1f7ca3fb{s=START}]=>HttpChannelOverHttp@613d3dd4{s=HttpChannelState@7ba77832{s=IDLE rs=BLOCKING os=OPEN is=IDLE awp=false se=false i=true al=0},r=0,c=false/false,a=IDLE,uri=null,age=0} 
04:29:50.151 [qtp961160488-16] DEBUG org.eclipse.jetty.io.ChannelEndPoint - onSelected 1->0 r=true w=false for SocketChannelEndPoint@2106d7ad{l=/127.0.0.1:44247,r=/127.0.0.1:42466,OPEN,fill=FI,flush=-,to=2/3000}{io=1/0,kio=1,kro=1}->HttpConnection@7827836a[p=HttpParser{s=START,0 of -1},g=HttpGenerator@1f7ca3fb{s=START}]=>HttpChannelOverHttp@613d3dd4{s=HttpChannelState@7ba77832{s=IDLE rs=BLOCKING os=OPEN is=IDLE awp=false se=false i=true al=0},r=0,c=false/false,a=IDLE,uri=null,age=0}
04:29:50.151 [qtp961160488-16] DEBUG org.eclipse.jetty.io.ChannelEndPoint - task CEP:SocketChannelEndPoint@2106d7ad{l=/127.0.0.1:44247,r=/127.0.0.1:42466,OPEN,fill=FI,flush=-,to=2/3000}{io=1/0,kio=1,kro=1}->HttpConnection@7827836a[p=HttpParser{s=START,0 of -1},g=HttpGenerator@1f7ca3fb{s=START}]=>HttpChannelOverHttp@613d3dd4{s=HttpChannelState@7ba77832{s=IDLE rs=BLOCKING os=OPEN is=IDLE awp=false se=false i=true al=0},r=0,c=false/false,a=IDLE,uri=null,age=0}:runFillable:BLOCKING
04:29:50.151 [qtp961160488-16] DEBUG org.eclipse.jetty.util.thread.ReservedThreadExecutor - ReservedThreadExecutor@383bfa16{reserved=0/8,pending=0} tryExecute EatWhatYouKill@17497425/SelectorProducer@f0da945/PRODUCING/p=false/QueuedThreadPool[qtp961160488]@394a2528{STARTED,8<=8<=200,i=3,r=-1,q=0}[ReservedThreadExecutor@383bfa16{reserved=0/8,pending=0}][pc=0,pic=0,pec=0,epc=0]@2024-05-02T04:29:50.151+01:00
04:29:50.151 [qtp961160488-16] DEBUG org.eclipse.jetty.util.thread.ReservedThreadExecutor - ReservedThreadExecutor@383bfa16{reserved=0/8,pending=1} startReservedThread p=1
04:29:50.152 [qtp961160488-16] DEBUG org.eclipse.jetty.util.thread.QueuedThreadPool - queue ReservedThread@7f9d4abf{PENDING,thread=null} startThread=0
04:29:50.152 [qtp961160488-21] DEBUG org.eclipse.jetty.util.thread.QueuedThreadPool - run ReservedThread@7f9d4abf{PENDING,thread=null} in QueuedThreadPool[qtp961160488]@394a2528{STARTED,8<=8<=200,i=2,r=-1,q=0}[ReservedThreadExecutor@383bfa16{reserved=0/8,pending=1}]
04:29:50.153 [qtp961160488-21] DEBUG org.eclipse.jetty.util.thread.ReservedThreadExecutor - ReservedThread@7f9d4abf{PENDING,thread=Thread[qtp961160488-21,5,main]} was=PENDING next=RESERVED size=0+1 capacity=8
04:29:50.153 [qtp961160488-16] DEBUG org.eclipse.jetty.util.thread.strategy.EatWhatYouKill - EatWhatYouKill@17497425/SelectorProducer@f0da945/PRODUCING/p=false/QueuedThreadPool[qtp961160488]@394a2528{STARTED,8<=8<=200,i=2,r=-1,q=0}[ReservedThreadExecutor@383bfa16{reserved=0/8,pending=1}][pc=0,pic=0,pec=0,epc=0]@2024-05-02T04:29:50.153+01:00 m=PRODUCE_EXECUTE_CONSUME t=CEP:SocketChannelEndPoint@2106d7ad{l=/127.0.0.1:44247,r=/127.0.0.1:42466,OPEN,fill=FI,flush=-,to=4/3000}{io=1/0,kio=1,kro=1}->HttpConnection@7827836a[p=HttpParser{s=START,0 of -1},g=HttpGenerator@1f7ca3fb{s=START}]=>HttpChannelOverHttp@613d3dd4{s=HttpChannelState@7ba77832{s=IDLE rs=BLOCKING os=OPEN is=IDLE awp=false se=false i=true al=0},r=0,c=false/false,a=IDLE,uri=null,age=0}:runFillable:BLOCKING/BLOCKING
04:29:50.153 [qtp961160488-21] DEBUG org.eclipse.jetty.util.thread.ReservedThreadExecutor - ReservedThread@7f9d4abf{RESERVED,thread=Thread[qtp961160488-21,5,main]} waiting ReservedThreadExecutor@383bfa16{reserved=1/8,pending=0}
04:29:50.153 [qtp961160488-16] DEBUG org.eclipse.jetty.util.thread.QueuedThreadPool - queue CEP:SocketChannelEndPoint@2106d7ad{l=/127.0.0.1:44247,r=/127.0.0.1:42466,OPEN,fill=FI,flush=-,to=4/3000}{io=1/0,kio=1,kro=1}->HttpConnection@7827836a[p=HttpParser{s=START,0 of -1},g=HttpGenerator@1f7ca3fb{s=START}]=>HttpChannelOverHttp@613d3dd4{s=HttpChannelState@7ba77832{s=IDLE rs=BLOCKING os=OPEN is=IDLE awp=false se=false i=true al=0},r=0,c=false/false,a=IDLE,uri=null,age=0}:runFillable:BLOCKING startThread=0
04:29:50.153 [qtp961160488-16] DEBUG org.eclipse.jetty.io.ManagedSelector - updateable 0
04:29:50.153 [qtp961160488-22] DEBUG org.eclipse.jetty.util.thread.QueuedThreadPool - run CEP:SocketChannelEndPoint@2106d7ad{l=/127.0.0.1:44247,r=/127.0.0.1:42466,OPEN,fill=FI,flush=-,to=4/3000}{io=1/0,kio=1,kro=1}->HttpConnection@7827836a[p=HttpParser{s=START,0 of -1},g=HttpGenerator@1f7ca3fb{s=START}]=>HttpChannelOverHttp@613d3dd4{s=HttpChannelState@7ba77832{s=IDLE rs=BLOCKING os=OPEN is=IDLE awp=false se=false i=true al=0},r=0,c=false/false,a=IDLE,uri=null,age=0}:runFillable:BLOCKING in QueuedThreadPool[qtp961160488]@394a2528{STARTED,8<=8<=200,i=1,r=-1,q=0}[ReservedThreadExecutor@383bfa16{reserved=1/8,pending=0}]
04:29:50.153 [qtp961160488-16] DEBUG org.eclipse.jetty.io.ManagedSelector - updates 0
04:29:50.154 [qtp961160488-16] DEBUG org.eclipse.jetty.io.ChannelEndPoint - Key interests updated 1 -> 0 on SocketChannelEndPoint@2106d7ad{l=/127.0.0.1:44247,r=/127.0.0.1:42466,OPEN,fill=FI,flush=-,to=4/3000}{io=0/0,kio=0,kro=1}->HttpConnection@7827836a[p=HttpParser{s=START,0 of -1},g=HttpGenerator@1f7ca3fb{s=START}]=>HttpChannelOverHttp@613d3dd4{s=HttpChannelState@7ba77832{s=IDLE rs=BLOCKING os=OPEN is=IDLE awp=false se=false i=true al=0},r=0,c=false/false,a=IDLE,uri=null,age=0}
04:29:50.154 [qtp961160488-22] DEBUG org.eclipse.jetty.io.FillInterest - fillable FillInterest@5888e5b9{AC.ReadCB@7827836a{HttpConnection@7827836a::SocketChannelEndPoint@2106d7ad{l=/127.0.0.1:44247,r=/127.0.0.1:42466,OPEN,fill=FI,flush=-,to=4/3000}{io=0/0,kio=0,kro=1}->HttpConnection@7827836a[p=HttpParser{s=START,0 of -1},g=HttpGenerator@1f7ca3fb{s=START}]=>HttpChannelOverHttp@613d3dd4{s=HttpChannelState@7ba77832{s=IDLE rs=BLOCKING os=OPEN is=IDLE awp=false se=false i=true al=0},r=0,c=false/false,a=IDLE,uri=null,age=0}}}
04:29:50.154 [qtp961160488-16] DEBUG org.eclipse.jetty.io.ManagedSelector - Selector sun.nio.ch.EPollSelectorImpl@50485bb2 waiting with 1 keys
04:29:50.154 [qtp961160488-22] DEBUG org.eclipse.jetty.server.HttpConnection - HttpConnection@7827836a::SocketChannelEndPoint@2106d7ad{l=/127.0.0.1:44247,r=/127.0.0.1:42466,OPEN,fill=-,flush=-,to=5/3000}{io=0/0,kio=0,kro=1}->HttpConnection@7827836a[p=HttpParser{s=START,0 of -1},g=HttpGenerator@1f7ca3fb{s=START}]=>HttpChannelOverHttp@613d3dd4{s=HttpChannelState@7ba77832{s=IDLE rs=BLOCKING os=OPEN is=IDLE awp=false se=false i=true al=0},r=0,c=false/false,a=IDLE,uri=null,age=0} onFillable enter HttpChannelState@7ba77832{s=IDLE rs=BLOCKING os=OPEN is=IDLE awp=false se=false i=true al=0} null
04:29:50.158 [qtp961160488-22] DEBUG org.eclipse.jetty.util.TypeUtil - This JVM Runtime does not support Modules, disabling Jetty internal support
04:29:50.159 [qtp961160488-22] DEBUG org.eclipse.jetty.io.ChannelEndPoint - filled 125 HeapByteBuffer@c9025a9[p=0,l=125,c=8192,r=125]={<<<GET /config.yml HTTP/1.1\r...gent: okhttp/3.12.3\r\n\r\n>>>\x00\x00\x00\x00\x00\x00\x00\x00\x00...\x00\x00\x00\x00\x00\x00\x00}
04:29:50.159 [qtp961160488-22] DEBUG org.eclipse.jetty.server.HttpConnection - HttpConnection@7827836a::SocketChannelEndPoint@2106d7ad{l=/127.0.0.1:44247,r=/127.0.0.1:42466,OPEN,fill=-,flush=-,to=4/3000}{io=0/0,kio=0,kro=1}->HttpConnection@7827836a[p=HttpParser{s=START,0 of -1},g=HttpGenerator@1f7ca3fb{s=START}]=>HttpChannelOverHttp@613d3dd4{s=HttpChannelState@7ba77832{s=IDLE rs=BLOCKING os=OPEN is=IDLE awp=false se=false i=true al=0},r=0,c=false/false,a=IDLE,uri=null,age=0} filled 125 HeapByteBuffer@c9025a9[p=0,l=125,c=8192,r=125]={<<<GET /config.yml HTTP/1.1\r...gent: okhttp/3.12.3\r\n\r\n>>>\x00\x00\x00\x00\x00\x00\x00\x00\x00...\x00\x00\x00\x00\x00\x00\x00}
04:29:50.160 [qtp961160488-22] DEBUG org.eclipse.jetty.server.HttpConnection - HttpConnection@7827836a::SocketChannelEndPoint@2106d7ad{l=/127.0.0.1:44247,r=/127.0.0.1:42466,OPEN,fill=-,flush=-,to=4/3000}{io=0/0,kio=0,kro=1}->HttpConnection@7827836a[p=HttpParser{s=START,0 of -1},g=HttpGenerator@1f7ca3fb{s=START}]=>HttpChannelOverHttp@613d3dd4{s=HttpChannelState@7ba77832{s=IDLE rs=BLOCKING os=OPEN is=IDLE awp=false se=false i=true al=0},r=0,c=false/false,a=IDLE,uri=null,age=0} parse HeapByteBuffer@c9025a9[p=0,l=125,c=8192,r=125]={<<<GET /config.yml HTTP/1.1\r...gent: okhttp/3.12.3\r\n\r\n>>>\x00\x00\x00\x00\x00\x00\x00\x00\x00...\x00\x00\x00\x00\x00\x00\x00} {}
04:29:50.160 [qtp961160488-22] DEBUG org.eclipse.jetty.http.HttpParser - parseNext s=START HeapByteBuffer@c9025a9[p=0,l=125,c=8192,r=125]={<<<GET /config.yml HTTP/1.1\r...gent: okhttp/3.12.3\r\n\r\n>>>\x00\x00\x00\x00\x00\x00\x00\x00\x00...\x00\x00\x00\x00\x00\x00\x00}
04:29:50.160 [qtp961160488-22] DEBUG org.eclipse.jetty.http.HttpParser - START --> SPACE1
04:29:50.163 [qtp961160488-22] DEBUG org.eclipse.jetty.http.HttpParser - SPACE1 --> URI
04:29:50.163 [qtp961160488-22] DEBUG org.eclipse.jetty.http.HttpParser - URI --> SPACE2
04:29:50.163 [qtp961160488-22] DEBUG org.eclipse.jetty.http.HttpParser - SPACE2 --> REQUEST_VERSION
04:29:50.163 [qtp961160488-22] DEBUG org.eclipse.jetty.http.HttpParser - REQUEST_VERSION --> HEADER
04:29:50.165 [qtp961160488-22] DEBUG org.eclipse.jetty.http.HttpParser - HEADER:Host --> VALUE
04:29:50.165 [qtp961160488-22] DEBUG org.eclipse.jetty.http.HttpParser - HEADER:Host --> IN_VALUE
04:29:50.165 [qtp961160488-22] DEBUG org.eclipse.jetty.http.HttpParser - HEADER:Host --> FIELD
04:29:50.166 [qtp961160488-22] DEBUG org.eclipse.jetty.http.HttpParser - HEADER:Connection: keep-alive --> IN_VALUE
04:29:50.166 [qtp961160488-22] DEBUG org.eclipse.jetty.http.HttpParser - HEADER:Connection: keep-alive --> FIELD
04:29:50.166 [qtp961160488-22] DEBUG org.eclipse.jetty.http.HttpParser - HEADER:Accept-Encoding: gzip --> IN_VALUE
04:29:50.166 [qtp961160488-22] DEBUG org.eclipse.jetty.http.HttpParser - HEADER:Accept-Encoding: gzip --> FIELD
04:29:50.166 [qtp961160488-22] DEBUG org.eclipse.jetty.http.HttpParser - HEADER:User-Agent --> VALUE
04:29:50.167 [qtp961160488-22] DEBUG org.eclipse.jetty.http.HttpParser - HEADER:User-Agent --> IN_VALUE
04:29:50.167 [qtp961160488-22] DEBUG org.eclipse.jetty.http.HttpParser - HEADER:User-Agent --> FIELD
04:29:50.167 [qtp961160488-22] DEBUG org.eclipse.jetty.http.HttpParser - HEADER --> CONTENT
04:29:50.168 [qtp961160488-22] DEBUG org.eclipse.jetty.server.HttpChannel - REQUEST for //localhost:44247/config.yml on HttpChannelOverHttp@613d3dd4{s=HttpChannelState@7ba77832{s=IDLE rs=BLOCKING os=OPEN is=IDLE awp=false se=false i=true al=0},r=1,c=false/false,a=IDLE,uri=//localhost:44247/config.yml,age=0}
GET //localhost:44247/config.yml HTTP/1.1
Host: localhost:44247
Connection: keep-alive
Accept-Encoding: gzip
User-Agent: okhttp/3.12.3


04:29:50.168 [qtp961160488-22] DEBUG org.eclipse.jetty.server.HttpConnection - HttpConnection@7827836a::SocketChannelEndPoint@2106d7ad{l=/127.0.0.1:44247,r=/127.0.0.1:42466,OPEN,fill=-,flush=-,to=13/3000}{io=0/0,kio=0,kro=1}->HttpConnection@7827836a[p=HttpParser{s=CONTENT,0 of -1},g=HttpGenerator@1f7ca3fb{s=START}]=>HttpChannelOverHttp@613d3dd4{s=HttpChannelState@7ba77832{s=IDLE rs=BLOCKING os=OPEN is=IDLE awp=false se=false i=true al=0},r=1,c=false/false,a=IDLE,uri=//localhost:44247/config.yml,age=1} parsed true HttpParser{s=CONTENT,0 of -1}
04:29:50.168 [qtp961160488-22] DEBUG org.eclipse.jetty.server.HttpConnection - releaseRequestBuffer HttpConnection@7827836a::SocketChannelEndPoint@2106d7ad{l=/127.0.0.1:44247,r=/127.0.0.1:42466,OPEN,fill=-,flush=-,to=13/3000}{io=0/0,kio=0,kro=1}->HttpConnection@7827836a[p=HttpParser{s=CONTENT,0 of -1},g=HttpGenerator@1f7ca3fb{s=START}]=>HttpChannelOverHttp@613d3dd4{s=HttpChannelState@7ba77832{s=IDLE rs=BLOCKING os=OPEN is=IDLE awp=false se=false i=true al=0},r=1,c=false/false,a=IDLE,uri=//localhost:44247/config.yml,age=1}
04:29:50.169 [qtp961160488-22] DEBUG org.eclipse.jetty.server.HttpChannel - handle //localhost:44247/config.yml HttpChannelOverHttp@613d3dd4{s=HttpChannelState@7ba77832{s=IDLE rs=BLOCKING os=OPEN is=IDLE awp=false se=false i=true al=0},r=1,c=false/false,a=IDLE,uri=//localhost:44247/config.yml,age=2} 
04:29:50.169 [qtp961160488-22] DEBUG org.eclipse.jetty.server.HttpChannelState - handling HttpChannelState@7ba77832{s=IDLE rs=BLOCKING os=OPEN is=IDLE awp=false se=false i=true al=0}
04:29:50.171 [qtp961160488-22] DEBUG org.eclipse.jetty.server.HttpChannel - action DISPATCH HttpChannelOverHttp@613d3dd4{s=HttpChannelState@7ba77832{s=HANDLING rs=BLOCKING os=OPEN is=IDLE awp=false se=false i=true al=0},r=1,c=false/false,a=HANDLING,uri=//localhost:44247/config.yml,age=4}
04:29:50.173 [qtp961160488-22] DEBUG org.eclipse.jetty.server.Server - REQUEST GET /config.yml on HttpChannelOverHttp@613d3dd4{s=HttpChannelState@7ba77832{s=HANDLING rs=BLOCKING os=OPEN is=IDLE awp=false se=false i=true al=0},r=1,c=false/false,a=HANDLING,uri=//localhost:44247/config.yml,age=5}
04:29:50.183 [qtp961160488-22] DEBUG org.eclipse.jetty.server.HttpOutput - write(array HeapByteBuffer@5b366a74[p=0,l=4,c=512,r=4]={<<<path>>>\x00\x00\x00\x00\x00\x00\x00\x00\x00...\x00\x00\x00\x00\x00\x00\x00})
04:29:50.184 [qtp961160488-22] DEBUG org.eclipse.jetty.server.HttpOutput - write(array) s=CLOSING,api=BLOCKED,sc=false,e=null last=true agg=false flush=true async=false, len=4 null
04:29:50.184 [qtp961160488-22] DEBUG org.eclipse.jetty.server.HttpChannel - sendResponse info=null content=HeapByteBuffer@6aa879d4[p=0,l=4,c=512,r=4]={<<<path>>>\x00\x00\x00\x00\x00\x00\x00\x00\x00...\x00\x00\x00\x00\x00\x00\x00} complete=true committing=true callback=Blocker@2a5db3f{null}
04:29:50.184 [qtp961160488-22] DEBUG org.eclipse.jetty.server.HttpChannel - COMMIT for /config.yml on HttpChannelOverHttp@613d3dd4{s=HttpChannelState@7ba77832{s=HANDLING rs=BLOCKING os=COMMITTED is=IDLE awp=false se=false i=true al=0},r=1,c=false/false,a=HANDLING,uri=//localhost:44247/config.yml,age=17}
200 null HTTP/1.1
Date: Thu, 02 May 2024 03:29:50 GMT
ETag: testEtag
Content-Type: text/plain;charset=utf-8
Content-Length: 4


04:29:50.188 [qtp961160488-22] DEBUG org.eclipse.jetty.server.HttpConnection - generate: NEED_HEADER for SendCallback@bc33dc8[PROCESSING][i=HTTP/1.1{s=200,h=4,cl=4},cb=org.eclipse.jetty.server.HttpChannel$SendCallback@4f9e6ee4] (null,[p=0,l=4,c=512,r=4],true)@START
04:29:50.188 [qtp961160488-22] DEBUG org.eclipse.jetty.http.HttpGenerator - generateHeaders HTTP/1.1{s=200,h=4,cl=4} last=true content=HeapByteBuffer@6aa879d4[p=0,l=4,c=512,r=4]={<<<path>>>\x00\x00\x00\x00\x00\x00\x00\x00\x00...\x00\x00\x00\x00\x00\x00\x00}
04:29:50.188 [qtp961160488-22] DEBUG org.eclipse.jetty.http.HttpGenerator - Date: Thu, 02 May 2024 03:29:50 GMT
ETag: testEtag
Content-Type: text/plain;charset=utf-8
Content-Length: 4


04:29:50.189 [qtp961160488-22] DEBUG org.eclipse.jetty.http.HttpGenerator - CONTENT_LENGTH
04:29:50.189 [qtp961160488-22] DEBUG org.eclipse.jetty.server.HttpConnection - generate: FLUSH for SendCallback@bc33dc8[PROCESSING][i=HTTP/1.1{s=200,h=4,cl=4},cb=org.eclipse.jetty.server.HttpChannel$SendCallback@4f9e6ee4] ([p=0,l=164,c=8192,r=164],[p=0,l=4,c=512,r=4],true)@COMPLETING
04:29:50.189 [qtp961160488-22] DEBUG org.eclipse.jetty.io.WriteFlusher - write: WriteFlusher@7cb9fb2d{IDLE}->null [HeapByteBuffer@c9025a9[p=0,l=164,c=8192,r=164]={<<<HTTP/1.1 200 OK\r\nDate: Th...y(9.4.44.v20210927)\r\n\r\n>>>\x00\x00\x00\x00\x00\x00\x00\x00\x00...\x00\x00\x00\x00\x00\x00\x00},HeapByteBuffer@6aa879d4[p=0,l=4,c=512,r=4]={<<<path>>>\x00\x00\x00\x00\x00\x00\x00\x00\x00...\x00\x00\x00\x00\x00\x00\x00}]
04:29:50.189 [qtp961160488-22] DEBUG org.eclipse.jetty.io.WriteFlusher - update WriteFlusher@7cb9fb2d{WRITING}->null:IDLE-->WRITING
04:29:50.189 [qtp961160488-22] DEBUG org.eclipse.jetty.io.ChannelEndPoint - flushed 168 SocketChannelEndPoint@2106d7ad{l=/127.0.0.1:44247,r=/127.0.0.1:42466,OPEN,fill=-,flush=W,to=34/3000}{io=0/0,kio=0,kro=1}->HttpConnection@7827836a[p=HttpParser{s=CONTENT,0 of -1},g=HttpGenerator@1f7ca3fb{s=COMPLETING}]=>HttpChannelOverHttp@613d3dd4{s=HttpChannelState@7ba77832{s=HANDLING rs=BLOCKING os=COMMITTED is=IDLE awp=false se=false i=true al=0},r=1,c=false/false,a=HANDLING,uri=//localhost:44247/config.yml,age=22}
04:29:50.189 [qtp961160488-22] DEBUG org.eclipse.jetty.io.WriteFlusher - Flushed=true written=168 remaining=0 WriteFlusher@7cb9fb2d{WRITING}->null
04:29:50.190 [qtp961160488-22] DEBUG org.eclipse.jetty.io.WriteFlusher - update WriteFlusher@7cb9fb2d{IDLE}->null:WRITING-->IDLE
04:29:50.190 [qtp961160488-22] DEBUG org.eclipse.jetty.server.HttpConnection - generate: DONE for SendCallback@bc33dc8[PROCESSING][i=HTTP/1.1{s=200,h=4,cl=4},cb=org.eclipse.jetty.server.HttpChannel$SendCallback@4f9e6ee4] ([p=164,l=164,c=8192,r=0],[p=4,l=4,c=512,r=0],true)@END
04:29:50.190 [qtp961160488-22] DEBUG org.eclipse.jetty.server.HttpOutput - onWriteComplete(true,null) s=CLOSING,api=BLOCKED,sc=false,e=null->s=CLOSED,api=BLOCKING,sc=false,e=null c=null cb=null w=false
04:29:50.190 [qtp961160488-22] DEBUG org.eclipse.jetty.server.HttpOutput - close() s=CLOSED,api=BLOCKING,sc=false,e=null c=null b=null
04:29:50.190 [qtp961160488-22] DEBUG org.eclipse.jetty.server.Server - handled=true async=false committed=true on HttpChannelOverHttp@613d3dd4{s=HttpChannelState@7ba77832{s=HANDLING rs=BLOCKING os=COMPLETED is=IDLE awp=false se=false i=true al=0},r=1,c=false/true,a=HANDLING,uri=//localhost:44247/config.yml,age=23}
04:29:50.190 [qtp961160488-22] DEBUG org.eclipse.jetty.server.HttpChannelState - unhandle HttpChannelState@7ba77832{s=HANDLING rs=BLOCKING os=COMPLETED is=IDLE awp=false se=false i=true al=0}
04:29:50.190 [qtp961160488-22] DEBUG org.eclipse.jetty.server.HttpChannelState - nextAction(false) COMPLETE HttpChannelState@7ba77832{s=HANDLING rs=COMPLETING os=COMPLETED is=IDLE awp=false se=false i=false al=0}
04:29:50.190 [qtp961160488-22] DEBUG org.eclipse.jetty.server.HttpChannel - action COMPLETE HttpChannelOverHttp@613d3dd4{s=HttpChannelState@7ba77832{s=HANDLING rs=COMPLETING os=COMPLETED is=IDLE awp=false se=false i=false al=0},r=1,c=false/true,a=HANDLING,uri=//localhost:44247/config.yml,age=23}
04:29:50.191 [qtp961160488-22] DEBUG org.eclipse.jetty.server.HttpOutput - complete(org.eclipse.jetty.util.Callback$3@2301a7e9) s=CLOSED,api=BLOCKING,sc=false,e=null s=true e=null, c=null
04:29:50.191 [qtp961160488-22] DEBUG org.eclipse.jetty.server.HttpChannelState - completed HttpChannelState@7ba77832{s=HANDLING rs=COMPLETING os=COMPLETED is=IDLE awp=false se=false i=false al=0}
04:29:50.191 [qtp961160488-22] DEBUG org.eclipse.jetty.server.HttpChannelState - unhandle HttpChannelState@7ba77832{s=HANDLING rs=COMPLETED os=COMPLETED is=IDLE awp=false se=false i=false al=0}
04:29:50.192 [qtp961160488-22] DEBUG org.eclipse.jetty.server.HttpChannelState - nextAction(false) TERMINATED HttpChannelState@7ba77832{s=IDLE rs=COMPLETED os=COMPLETED is=IDLE awp=false se=false i=false al=0}
04:29:50.192 [qtp961160488-22] DEBUG org.eclipse.jetty.server.HttpChannel - action TERMINATED HttpChannelOverHttp@613d3dd4{s=HttpChannelState@7ba77832{s=IDLE rs=COMPLETED os=COMPLETED is=IDLE awp=false se=false i=false al=0},r=1,c=true/true,a=IDLE,uri=//localhost:44247/config.yml,age=25}
04:29:50.192 [qtp961160488-22] DEBUG org.eclipse.jetty.server.HttpChannel - onCompleted for /config.yml written=4
04:29:50.192 [qtp961160488-22] DEBUG org.eclipse.jetty.io.ChannelEndPoint - filled 0 HeapByteBuffer@c9025a9[p=0,l=0,c=8192,r=0]={<<<>>>HTTP/1.1 ...\x00\x00\x00\x00\x00\x00\x00}
04:29:50.192 [qtp961160488-22] DEBUG org.eclipse.jetty.io.ChannelEndPoint - filled 0 HeapByteBuffer@c9025a9[p=0,l=0,c=8192,r=0]={<<<>>>HTTP/1.1 ...\x00\x00\x00\x00\x00\x00\x00}
04:29:50.192 [qtp961160488-22] DEBUG org.eclipse.jetty.server.HttpConnection - HttpConnection@7827836a::SocketChannelEndPoint@2106d7ad{l=/127.0.0.1:44247,r=/127.0.0.1:42466,OPEN,fill=-,flush=-,to=2/3000}{io=0/0,kio=0,kro=1}->HttpConnection@7827836a[p=HttpParser{s=CONTENT,0 of -1},g=HttpGenerator@1f7ca3fb{s=END}]=>HttpChannelOverHttp@613d3dd4{s=HttpChannelState@7ba77832{s=IDLE rs=COMPLETED os=COMPLETED is=IDLE awp=false se=false i=false al=0},r=1,c=true/true,a=IDLE,uri=//localhost:44247/config.yml,age=25} filled 0 HeapByteBuffer@c9025a9[p=0,l=0,c=8192,r=0]={<<<>>>HTTP/1.1 ...\x00\x00\x00\x00\x00\x00\x00}
04:29:50.192 [qtp961160488-22] DEBUG org.eclipse.jetty.server.HttpConnection - HttpConnection@7827836a::SocketChannelEndPoint@2106d7ad{l=/127.0.0.1:44247,r=/127.0.0.1:42466,OPEN,fill=-,flush=-,to=2/3000}{io=0/0,kio=0,kro=1}->HttpConnection@7827836a[p=HttpParser{s=CONTENT,0 of -1},g=HttpGenerator@1f7ca3fb{s=END}]=>HttpChannelOverHttp@613d3dd4{s=HttpChannelState@7ba77832{s=IDLE rs=COMPLETED os=COMPLETED is=IDLE awp=false se=false i=false al=0},r=1,c=true/true,a=IDLE,uri=//localhost:44247/config.yml,age=25} parse HeapByteBuffer@c9025a9[p=0,l=0,c=8192,r=0]={<<<>>>HTTP/1.1 ...\x00\x00\x00\x00\x00\x00\x00} {}
04:29:50.193 [qtp961160488-22] DEBUG org.eclipse.jetty.http.HttpParser - parseNext s=CONTENT HeapByteBuffer@c9025a9[p=0,l=0,c=8192,r=0]={<<<>>>HTTP/1.1 ...\x00\x00\x00\x00\x00\x00\x00}
04:29:50.193 [main] DEBUG org.apache.nifi.minifi.bootstrap.configuration.ingestors.PullHttpChangeIngestor - Response received: Response{protocol=http/1.1, code=200, message=OK, url=http://localhost:44247/config.yml}
04:29:50.193 [qtp961160488-22] DEBUG org.eclipse.jetty.http.HttpParser - CONTENT --> CONTENT_END
04:29:50.193 [qtp961160488-22] DEBUG org.eclipse.jetty.server.HttpChannel - onContentComplete HttpChannelOverHttp@613d3dd4{s=HttpChannelState@7ba77832{s=IDLE rs=COMPLETED os=COMPLETED is=IDLE awp=false se=false i=false al=0},r=1,c=true/true,a=IDLE,uri=//localhost:44247/config.yml,age=26}
04:29:50.193 [qtp961160488-22] DEBUG org.eclipse.jetty.http.HttpParser - CONTENT_END --> END
04:29:50.193 [qtp961160488-22] DEBUG org.eclipse.jetty.server.HttpChannel - onRequestComplete HttpChannelOverHttp@613d3dd4{s=HttpChannelState@7ba77832{s=IDLE rs=COMPLETED os=COMPLETED is=IDLE awp=false se=false i=false al=0},r=1,c=true/true,a=IDLE,uri=//localhost:44247/config.yml,age=26}
04:29:50.193 [qtp961160488-22] DEBUG org.eclipse.jetty.server.HttpInput - HttpInputOverHTTP@4231f0e7[c=0,q=0,[0]=null,s=STREAM] addContent EOF
04:29:50.193 [qtp961160488-22] DEBUG org.eclipse.jetty.server.HttpConnection - HttpConnection@7827836a::SocketChannelEndPoint@2106d7ad{l=/127.0.0.1:44247,r=/127.0.0.1:42466,OPEN,fill=-,flush=-,to=3/3000}{io=0/0,kio=0,kro=1}->HttpConnection@7827836a[p=HttpParser{s=END,0 of -1},g=HttpGenerator@1f7ca3fb{s=END}]=>HttpChannelOverHttp@613d3dd4{s=HttpChannelState@7ba77832{s=IDLE rs=COMPLETED os=COMPLETED is=IDLE awp=false se=false i=false al=0},r=1,c=true/true,a=IDLE,uri=//localhost:44247/config.yml,age=26} parsed false HttpParser{s=END,0 of -1}
04:29:50.194 [qtp961160488-22] DEBUG org.eclipse.jetty.server.HttpConnection - releaseRequestBuffer HttpConnection@7827836a::SocketChannelEndPoint@2106d7ad{l=/127.0.0.1:44247,r=/127.0.0.1:42466,OPEN,fill=-,flush=-,to=3/3000}{io=0/0,kio=0,kro=1}->HttpConnection@7827836a[p=HttpParser{s=END,0 of -1},g=HttpGenerator@1f7ca3fb{s=END}]=>HttpChannelOverHttp@613d3dd4{s=HttpChannelState@7ba77832{s=IDLE rs=COMPLETED os=COMPLETED is=IDLE awp=false se=false i=false al=0},r=1,c=true/true,a=IDLE,uri=//localhost:44247/config.yml,age=26}
04:29:50.194 [main] DEBUG org.apache.nifi.minifi.bootstrap.configuration.ingestors.PullHttpChangeIngestor - New change received, notifying listener
04:29:50.194 [qtp961160488-22] DEBUG org.eclipse.jetty.server.HttpChannelState - recycle HttpChannelState@7ba77832{s=IDLE rs=COMPLETED os=COMPLETED is=IDLE awp=false se=false i=false al=0}
04:29:50.194 [main] DEBUG org.apache.nifi.minifi.bootstrap.configuration.ingestors.PullHttpChangeIngestor - Listeners notified
04:29:50.196 [qtp961160488-22] DEBUG org.eclipse.jetty.http.HttpParser - reset HttpParser{s=END,0 of -1}
04:29:50.196 [qtp961160488-22] DEBUG org.eclipse.jetty.http.HttpParser - END --> START
04:29:50.197 [qtp961160488-22] DEBUG org.eclipse.jetty.server.HttpChannel - !handle TERMINATED HttpChannelOverHttp@613d3dd4{s=HttpChannelState@7ba77832{s=IDLE rs=BLOCKING os=OPEN is=IDLE awp=false se=false i=true al=0},r=1,c=false/false,a=IDLE,uri=null,age=0}
04:29:50.197 [qtp961160488-22] DEBUG org.eclipse.jetty.io.ChannelEndPoint - filled 0 HeapByteBuffer@c9025a9[p=0,l=0,c=8192,r=0]={<<<>>>HTTP/1.1 ...\x00\x00\x00\x00\x00\x00\x00}
04:29:50.197 [qtp961160488-22] DEBUG org.eclipse.jetty.io.ChannelEndPoint - filled 0 HeapByteBuffer@c9025a9[p=0,l=0,c=8192,r=0]={<<<>>>HTTP/1.1 ...\x00\x00\x00\x00\x00\x00\x00}
04:29:50.197 [qtp961160488-22] DEBUG org.eclipse.jetty.server.HttpConnection - HttpConnection@7827836a::SocketChannelEndPoint@2106d7ad{l=/127.0.0.1:44247,r=/127.0.0.1:42466,OPEN,fill=-,flush=-,to=7/3000}{io=0/0,kio=0,kro=1}->HttpConnection@7827836a[p=HttpParser{s=START,0 of -1},g=HttpGenerator@1f7ca3fb{s=START}]=>HttpChannelOverHttp@613d3dd4{s=HttpChannelState@7ba77832{s=IDLE rs=BLOCKING os=OPEN is=IDLE awp=false se=false i=true al=0},r=1,c=false/false,a=IDLE,uri=null,age=0} filled 0 HeapByteBuffer@c9025a9[p=0,l=0,c=8192,r=0]={<<<>>>HTTP/1.1 ...\x00\x00\x00\x00\x00\x00\x00}
04:29:50.197 [qtp961160488-22] DEBUG org.eclipse.jetty.server.HttpConnection - HttpConnection@7827836a::SocketChannelEndPoint@2106d7ad{l=/127.0.0.1:44247,r=/127.0.0.1:42466,OPEN,fill=-,flush=-,to=7/3000}{io=0/0,kio=0,kro=1}->HttpConnection@7827836a[p=HttpParser{s=START,0 of -1},g=HttpGenerator@1f7ca3fb{s=START}]=>HttpChannelOverHttp@613d3dd4{s=HttpChannelState@7ba77832{s=IDLE rs=BLOCKING os=OPEN is=IDLE awp=false se=false i=true al=0},r=1,c=false/false,a=IDLE,uri=null,age=0} parse HeapByteBuffer@c9025a9[p=0,l=0,c=8192,r=0]={<<<>>>HTTP/1.1 ...\x00\x00\x00\x00\x00\x00\x00} {}
04:29:50.197 [qtp961160488-22] DEBUG org.eclipse.jetty.http.HttpParser - parseNext s=START HeapByteBuffer@c9025a9[p=0,l=0,c=8192,r=0]={<<<>>>HTTP/1.1 ...\x00\x00\x00\x00\x00\x00\x00}
04:29:50.198 [qtp961160488-22] DEBUG org.eclipse.jetty.server.HttpConnection - HttpConnection@7827836a::SocketChannelEndPoint@2106d7ad{l=/127.0.0.1:44247,r=/127.0.0.1:42466,OPEN,fill=-,flush=-,to=7/3000}{io=0/0,kio=0,kro=1}->HttpConnection@7827836a[p=HttpParser{s=START,0 of -1},g=HttpGenerator@1f7ca3fb{s=START}]=>HttpChannelOverHttp@613d3dd4{s=HttpChannelState@7ba77832{s=IDLE rs=BLOCKING os=OPEN is=IDLE awp=false se=false i=true al=0},r=1,c=false/false,a=IDLE,uri=null,age=0} parsed false HttpParser{s=START,0 of -1}
04:29:50.198 [qtp961160488-22] DEBUG org.eclipse.jetty.server.HttpConnection - releaseRequestBuffer HttpConnection@7827836a::SocketChannelEndPoint@2106d7ad{l=/127.0.0.1:44247,r=/127.0.0.1:42466,OPEN,fill=-,flush=-,to=8/3000}{io=0/0,kio=0,kro=1}->HttpConnection@7827836a[p=HttpParser{s=START,0 of -1},g=HttpGenerator@1f7ca3fb{s=START}]=>HttpChannelOverHttp@613d3dd4{s=HttpChannelState@7ba77832{s=IDLE rs=BLOCKING os=OPEN is=IDLE awp=false se=false i=true al=0},r=1,c=false/false,a=IDLE,uri=null,age=0}
04:29:50.198 [qtp961160488-22] DEBUG org.eclipse.jetty.io.AbstractConnection - fillInterested HttpConnection@7827836a::SocketChannelEndPoint@2106d7ad{l=/127.0.0.1:44247,r=/127.0.0.1:42466,OPEN,fill=-,flush=-,to=8/3000}{io=0/0,kio=0,kro=1}->HttpConnection@7827836a[p=HttpParser{s=START,0 of -1},g=HttpGenerator@1f7ca3fb{s=START}]=>HttpChannelOverHttp@613d3dd4{s=HttpChannelState@7ba77832{s=IDLE rs=BLOCKING os=OPEN is=IDLE awp=false se=false i=true al=0},r=1,c=false/false,a=IDLE,uri=null,age=0}
04:29:50.198 [qtp961160488-22] DEBUG org.eclipse.jetty.io.FillInterest - interested FillInterest@5888e5b9{AC.ReadCB@7827836a{HttpConnection@7827836a::SocketChannelEndPoint@2106d7ad{l=/127.0.0.1:44247,r=/127.0.0.1:42466,OPEN,fill=FI,flush=-,to=0/3000}{io=0/0,kio=0,kro=1}->HttpConnection@7827836a[p=HttpParser{s=START,0 of -1},g=HttpGenerator@1f7ca3fb{s=START}]=>HttpChannelOverHttp@613d3dd4{s=HttpChannelState@7ba77832{s=IDLE rs=BLOCKING os=OPEN is=IDLE awp=false se=false i=true al=0},r=1,c=false/false,a=IDLE,uri=null,age=0}}}
04:29:50.198 [qtp961160488-22] DEBUG org.eclipse.jetty.io.ChannelEndPoint - changeInterests p=false 0->1 for SocketChannelEndPoint@2106d7ad{l=/127.0.0.1:44247,r=/127.0.0.1:42466,OPEN,fill=FI,flush=-,to=0/3000}{io=0/1,kio=0,kro=1}->HttpConnection@7827836a[p=HttpParser{s=START,0 of -1},g=HttpGenerator@1f7ca3fb{s=START}]=>HttpChannelOverHttp@613d3dd4{s=HttpChannelState@7ba77832{s=IDLE rs=BLOCKING os=OPEN is=IDLE awp=false se=false i=true al=0},r=1,c=false/false,a=IDLE,uri=null,age=0}
04:29:50.199 [qtp961160488-22] DEBUG org.eclipse.jetty.io.ManagedSelector - Queued change lazy=false org.eclipse.jetty.io.ChannelEndPoint$$Lambda$255/1126011505@2bcc899 on ManagedSelector@4803b726{STARTED} id=1 keys=1 selected=0 updates=0
04:29:50.199 [qtp961160488-22] DEBUG org.eclipse.jetty.io.ManagedSelector - Wakeup on submit ManagedSelector@4803b726{STARTED} id=1 keys=1 selected=0 updates=1
04:29:50.199 [qtp961160488-16] DEBUG org.eclipse.jetty.io.ManagedSelector - Selector sun.nio.ch.EPollSelectorImpl@50485bb2 woken with none selected
04:29:50.199 [qtp961160488-16] DEBUG org.eclipse.jetty.io.ManagedSelector - Selector sun.nio.ch.EPollSelectorImpl@50485bb2 woken up from select, 0/0/1 selected
04:29:50.199 [qtp961160488-16] DEBUG org.eclipse.jetty.io.ManagedSelector - Selector sun.nio.ch.EPollSelectorImpl@50485bb2 processing 0 keys, 1 updates
04:29:50.199 [qtp961160488-22] DEBUG org.eclipse.jetty.server.HttpConnection - HttpConnection@7827836a::SocketChannelEndPoint@2106d7ad{l=/127.0.0.1:44247,r=/127.0.0.1:42466,OPEN,fill=FI,flush=-,to=0/3000}{io=0/1,kio=0,kro=1}->HttpConnection@7827836a[p=HttpParser{s=START,0 of -1},g=HttpGenerator@1f7ca3fb{s=START}]=>HttpChannelOverHttp@613d3dd4{s=HttpChannelState@7ba77832{s=IDLE rs=BLOCKING os=OPEN is=IDLE awp=false se=false i=true al=0},r=1,c=false/false,a=IDLE,uri=null,age=0} onFillable exit HttpChannelState@7ba77832{s=IDLE rs=BLOCKING os=OPEN is=IDLE awp=false se=false i=true al=0} null
04:29:50.199 [qtp961160488-16] DEBUG org.eclipse.jetty.io.ManagedSelector - updateable 1
04:29:50.199 [qtp961160488-16] DEBUG org.eclipse.jetty.io.ManagedSelector - update org.eclipse.jetty.io.ChannelEndPoint$$Lambda$255/1126011505@2bcc899
04:29:50.199 [qtp961160488-22] DEBUG org.eclipse.jetty.util.thread.QueuedThreadPool - ran CEP:SocketChannelEndPoint@2106d7ad{l=/127.0.0.1:44247,r=/127.0.0.1:42466,OPEN,fill=FI,flush=-,to=0/3000}{io=1/1,kio=0,kro=1}->HttpConnection@7827836a[p=HttpParser{s=START,0 of -1},g=HttpGenerator@1f7ca3fb{s=START}]=>HttpChannelOverHttp@613d3dd4{s=HttpChannelState@7ba77832{s=IDLE rs=BLOCKING os=OPEN is=IDLE awp=false se=false i=true al=0},r=1,c=false/false,a=IDLE,uri=null,age=0}:runFillable:BLOCKING in QueuedThreadPool[qtp961160488]@394a2528{STARTED,8<=8<=200,i=1,r=-1,q=0}[ReservedThreadExecutor@383bfa16{reserved=1/8,pending=0}]
04:29:50.199 [qtp961160488-16] DEBUG org.eclipse.jetty.io.ChannelEndPoint - Key interests updated 0 -> 1 on SocketChannelEndPoint@2106d7ad{l=/127.0.0.1:44247,r=/127.0.0.1:42466,OPEN,fill=FI,flush=-,to=0/3000}{io=1/1,kio=1,kro=1}->HttpConnection@7827836a[p=HttpParser{s=START,0 of -1},g=HttpGenerator@1f7ca3fb{s=START}]=>HttpChannelOverHttp@613d3dd4{s=HttpChannelState@7ba77832{s=IDLE rs=BLOCKING os=OPEN is=IDLE awp=false se=false i=true al=0},r=1,c=false/false,a=IDLE,uri=null,age=0}
04:29:50.199 [qtp961160488-16] DEBUG org.eclipse.jetty.io.ManagedSelector - updates 0
04:29:50.199 [qtp961160488-16] DEBUG org.eclipse.jetty.io.ManagedSelector - Selector sun.nio.ch.EPollSelectorImpl@50485bb2 waiting with 1 keys
]]></system-out>
  </testcase>
  <testcase name="testUseEtag" classname="org.apache.nifi.minifi.bootstrap.configuration.ingestors.PullHttpChangeIngestorTest" time="0.016">
    <system-out><![CDATA[04:29:50.203 [main] DEBUG org.apache.nifi.minifi.bootstrap.configuration.ingestors.PullHttpChangeIngestor - Attempting to pull new config
04:29:50.203 [qtp961160488-17-acceptor-0@1e1a0406-ServerConnector@446293d{HTTP/1.1, (http/1.1)}{localhost:44247}] DEBUG org.eclipse.jetty.io.ManagedSelector - Queued change lazy=false Accept@1b6aa992[java.nio.channels.SocketChannel[connected local=/127.0.0.1:44247 remote=/127.0.0.1:42480]] on ManagedSelector@316bcf94{STARTED} id=2 keys=0 selected=0 updates=0
04:29:50.203 [qtp961160488-17-acceptor-0@1e1a0406-ServerConnector@446293d{HTTP/1.1, (http/1.1)}{localhost:44247}] DEBUG org.eclipse.jetty.io.ManagedSelector - Wakeup on submit ManagedSelector@316bcf94{STARTED} id=2 keys=0 selected=0 updates=1
04:29:50.203 [qtp961160488-18] DEBUG org.eclipse.jetty.io.ManagedSelector - Selector sun.nio.ch.EPollSelectorImpl@2f91e83 woken with none selected
04:29:50.203 [qtp961160488-18] DEBUG org.eclipse.jetty.io.ManagedSelector - Selector sun.nio.ch.EPollSelectorImpl@2f91e83 woken up from select, 0/0/0 selected
04:29:50.203 [qtp961160488-18] DEBUG org.eclipse.jetty.io.ManagedSelector - Selector sun.nio.ch.EPollSelectorImpl@2f91e83 processing 0 keys, 1 updates
04:29:50.204 [qtp961160488-18] DEBUG org.eclipse.jetty.io.ManagedSelector - updateable 1
04:29:50.204 [qtp961160488-18] DEBUG org.eclipse.jetty.io.ManagedSelector - update Accept@1b6aa992[java.nio.channels.SocketChannel[connected local=/127.0.0.1:44247 remote=/127.0.0.1:42480]]
04:29:50.204 [qtp961160488-18] DEBUG org.eclipse.jetty.util.thread.QueuedThreadPool - queue Accept@1b6aa992[java.nio.channels.SocketChannel[connected local=/127.0.0.1:44247 remote=/127.0.0.1:42480]] startThread=0
04:29:50.204 [qtp961160488-18] DEBUG org.eclipse.jetty.io.ManagedSelector - updates 0
04:29:50.204 [qtp961160488-20] DEBUG org.eclipse.jetty.util.thread.QueuedThreadPool - run Accept@1b6aa992[java.nio.channels.SocketChannel[connected local=/127.0.0.1:44247 remote=/127.0.0.1:42480]] in QueuedThreadPool[qtp961160488]@394a2528{STARTED,8<=8<=200,i=1,r=-1,q=0}[ReservedThreadExecutor@383bfa16{reserved=1/8,pending=0}]
04:29:50.204 [qtp961160488-18] DEBUG org.eclipse.jetty.io.ManagedSelector - Selector sun.nio.ch.EPollSelectorImpl@2f91e83 waiting with 1 keys
04:29:50.204 [qtp961160488-20] DEBUG org.eclipse.jetty.io.IdleTimeout - SocketChannelEndPoint@1bd47cf1{l=/127.0.0.1:44247,r=/127.0.0.1:42480,OPEN,fill=-,flush=-,to=0/3000}{io=0/0,kio=0,kro=0}-><null> idle timeout check, elapsed: 0 ms, remaining: 3000 ms
04:29:50.204 [qtp961160488-20] DEBUG org.eclipse.jetty.server.HttpChannel - new HttpChannelOverHttp@61cd670b{s=HttpChannelState@7ef7e3a6{s=IDLE rs=BLOCKING os=OPEN is=IDLE awp=false se=false i=true al=0},r=0,c=false/false,a=IDLE,uri=null,age=0} -> SocketChannelEndPoint@1bd47cf1{l=/127.0.0.1:44247,r=/127.0.0.1:42480,OPEN,fill=-,flush=-,to=0/3000}{io=0/0,kio=0,kro=0}-><null>,null,HttpChannelState@7ef7e3a6{s=IDLE rs=BLOCKING os=OPEN is=IDLE awp=false se=false i=true al=0}
04:29:50.204 [qtp961160488-20] DEBUG org.eclipse.jetty.server.HttpConnection - New HTTP Connection HttpConnection@1a6b04e1::SocketChannelEndPoint@1bd47cf1{l=/127.0.0.1:44247,r=/127.0.0.1:42480,OPEN,fill=-,flush=-,to=0/3000}{io=0/0,kio=0,kro=0}-><null>
04:29:50.204 [qtp961160488-20] DEBUG org.eclipse.jetty.io.ManagedSelector - Queued change lazy=true org.eclipse.jetty.io.ManagedSelector$$Lambda$258/854397033@22e0d0a9 on ManagedSelector@316bcf94{STARTED} id=2 keys=1 selected=0 updates=0
04:29:50.205 [qtp961160488-20] DEBUG org.eclipse.jetty.io.AbstractEndPoint - onOpen SocketChannelEndPoint@1bd47cf1{l=/127.0.0.1:44247,r=/127.0.0.1:42480,OPEN,fill=-,flush=-,to=0/3000}{io=0/0,kio=0,kro=0}->HttpConnection@1a6b04e1[p=HttpParser{s=START,0 of -1},g=HttpGenerator@281f1ec1{s=START}]=>HttpChannelOverHttp@61cd670b{s=HttpChannelState@7ef7e3a6{s=IDLE rs=BLOCKING os=OPEN is=IDLE awp=false se=false i=true al=0},r=0,c=false/false,a=IDLE,uri=null,age=0}
04:29:50.205 [qtp961160488-20] DEBUG org.eclipse.jetty.io.AbstractConnection - onOpen HttpConnection@1a6b04e1::SocketChannelEndPoint@1bd47cf1{l=/127.0.0.1:44247,r=/127.0.0.1:42480,OPEN,fill=-,flush=-,to=0/3000}{io=0/0,kio=0,kro=0}->HttpConnection@1a6b04e1[p=HttpParser{s=START,0 of -1},g=HttpGenerator@281f1ec1{s=START}]=>HttpChannelOverHttp@61cd670b{s=HttpChannelState@7ef7e3a6{s=IDLE rs=BLOCKING os=OPEN is=IDLE awp=false se=false i=true al=0},r=0,c=false/false,a=IDLE,uri=null,age=0}
04:29:50.205 [qtp961160488-20] DEBUG org.eclipse.jetty.io.AbstractConnection - fillInterested HttpConnection@1a6b04e1::SocketChannelEndPoint@1bd47cf1{l=/127.0.0.1:44247,r=/127.0.0.1:42480,OPEN,fill=-,flush=-,to=1/3000}{io=0/0,kio=0,kro=0}->HttpConnection@1a6b04e1[p=HttpParser{s=START,0 of -1},g=HttpGenerator@281f1ec1{s=START}]=>HttpChannelOverHttp@61cd670b{s=HttpChannelState@7ef7e3a6{s=IDLE rs=BLOCKING os=OPEN is=IDLE awp=false se=false i=true al=0},r=0,c=false/false,a=IDLE,uri=null,age=0}
04:29:50.205 [qtp961160488-20] DEBUG org.eclipse.jetty.io.FillInterest - interested FillInterest@69b422b7{AC.ReadCB@1a6b04e1{HttpConnection@1a6b04e1::SocketChannelEndPoint@1bd47cf1{l=/127.0.0.1:44247,r=/127.0.0.1:42480,OPEN,fill=FI,flush=-,to=0/3000}{io=0/0,kio=0,kro=0}->HttpConnection@1a6b04e1[p=HttpParser{s=START,0 of -1},g=HttpGenerator@281f1ec1{s=START}]=>HttpChannelOverHttp@61cd670b{s=HttpChannelState@7ef7e3a6{s=IDLE rs=BLOCKING os=OPEN is=IDLE awp=false se=false i=true al=0},r=0,c=false/false,a=IDLE,uri=null,age=0}}}
04:29:50.205 [qtp961160488-20] DEBUG org.eclipse.jetty.io.ChannelEndPoint - changeInterests p=false 0->1 for SocketChannelEndPoint@1bd47cf1{l=/127.0.0.1:44247,r=/127.0.0.1:42480,OPEN,fill=FI,flush=-,to=0/3000}{io=0/1,kio=0,kro=0}->HttpConnection@1a6b04e1[p=HttpParser{s=START,0 of -1},g=HttpGenerator@281f1ec1{s=START}]=>HttpChannelOverHttp@61cd670b{s=HttpChannelState@7ef7e3a6{s=IDLE rs=BLOCKING os=OPEN is=IDLE awp=false se=false i=true al=0},r=0,c=false/false,a=IDLE,uri=null,age=0}
04:29:50.205 [qtp961160488-20] DEBUG org.eclipse.jetty.io.ManagedSelector - Queued change lazy=false org.eclipse.jetty.io.ChannelEndPoint$$Lambda$255/1126011505@2b3a6f6c on ManagedSelector@316bcf94{STARTED} id=2 keys=1 selected=0 updates=1
04:29:50.206 [qtp961160488-20] DEBUG org.eclipse.jetty.io.ManagedSelector - Wakeup on submit ManagedSelector@316bcf94{STARTED} id=2 keys=1 selected=0 updates=2
04:29:50.206 [qtp961160488-18] DEBUG org.eclipse.jetty.io.ManagedSelector - Selector sun.nio.ch.EPollSelectorImpl@2f91e83 woken with none selected
04:29:50.206 [qtp961160488-18] DEBUG org.eclipse.jetty.io.ManagedSelector - Selector sun.nio.ch.EPollSelectorImpl@2f91e83 woken up from select, 0/0/1 selected
04:29:50.206 [qtp961160488-18] DEBUG org.eclipse.jetty.io.ManagedSelector - Selector sun.nio.ch.EPollSelectorImpl@2f91e83 processing 0 keys, 2 updates
04:29:50.206 [qtp961160488-20] DEBUG org.eclipse.jetty.io.ManagedSelector - Created SocketChannelEndPoint@1bd47cf1{l=/127.0.0.1:44247,r=/127.0.0.1:42480,OPEN,fill=FI,flush=-,to=0/3000}{io=0/1,kio=0,kro=0}->HttpConnection@1a6b04e1[p=HttpParser{s=START,0 of -1},g=HttpGenerator@281f1ec1{s=START}]=>HttpChannelOverHttp@61cd670b{s=HttpChannelState@7ef7e3a6{s=IDLE rs=BLOCKING os=OPEN is=IDLE awp=false se=false i=true al=0},r=0,c=false/false,a=IDLE,uri=null,age=0}
04:29:50.206 [qtp961160488-18] DEBUG org.eclipse.jetty.io.ManagedSelector - updateable 2
04:29:50.206 [qtp961160488-18] DEBUG org.eclipse.jetty.io.ManagedSelector - update org.eclipse.jetty.io.ManagedSelector$$Lambda$258/854397033@22e0d0a9
04:29:50.206 [qtp961160488-18] DEBUG org.eclipse.jetty.io.ManagedSelector - update org.eclipse.jetty.io.ChannelEndPoint$$Lambda$255/1126011505@2b3a6f6c
04:29:50.206 [qtp961160488-20] DEBUG org.eclipse.jetty.util.thread.QueuedThreadPool - ran Accept@1b6aa992[java.nio.channels.SocketChannel[connected local=/127.0.0.1:44247 remote=/127.0.0.1:42480]] in QueuedThreadPool[qtp961160488]@394a2528{STARTED,8<=8<=200,i=1,r=-1,q=0}[ReservedThreadExecutor@383bfa16{reserved=1/8,pending=0}]
04:29:50.206 [qtp961160488-18] DEBUG org.eclipse.jetty.io.ChannelEndPoint - Key interests updated 0 -> 1 on SocketChannelEndPoint@1bd47cf1{l=/127.0.0.1:44247,r=/127.0.0.1:42480,OPEN,fill=FI,flush=-,to=0/3000}{io=1/1,kio=1,kro=0}->HttpConnection@1a6b04e1[p=HttpParser{s=START,0 of -1},g=HttpGenerator@281f1ec1{s=START}]=>HttpChannelOverHttp@61cd670b{s=HttpChannelState@7ef7e3a6{s=IDLE rs=BLOCKING os=OPEN is=IDLE awp=false se=false i=true al=0},r=0,c=false/false,a=IDLE,uri=null,age=0}
04:29:50.206 [qtp961160488-18] DEBUG org.eclipse.jetty.io.ManagedSelector - updates 0
04:29:50.206 [qtp961160488-18] DEBUG org.eclipse.jetty.io.ManagedSelector - Selector sun.nio.ch.EPollSelectorImpl@2f91e83 waiting with 1 keys
04:29:50.206 [qtp961160488-18] DEBUG org.eclipse.jetty.io.ManagedSelector - Selector sun.nio.ch.EPollSelectorImpl@2f91e83 woken up from select, 1/1/1 selected
04:29:50.206 [qtp961160488-18] DEBUG org.eclipse.jetty.io.ManagedSelector - Selector sun.nio.ch.EPollSelectorImpl@2f91e83 processing 1 keys, 0 updates
04:29:50.206 [qtp961160488-18] DEBUG org.eclipse.jetty.io.ManagedSelector - selected 1 sun.nio.ch.SelectionKeyImpl@c3ee0ac SocketChannelEndPoint@1bd47cf1{l=/127.0.0.1:44247,r=/127.0.0.1:42480,OPEN,fill=FI,flush=-,to=1/3000}{io=1/1,kio=1,kro=1}->HttpConnection@1a6b04e1[p=HttpParser{s=START,0 of -1},g=HttpGenerator@281f1ec1{s=START}]=>HttpChannelOverHttp@61cd670b{s=HttpChannelState@7ef7e3a6{s=IDLE rs=BLOCKING os=OPEN is=IDLE awp=false se=false i=true al=0},r=0,c=false/false,a=IDLE,uri=null,age=0} 
04:29:50.207 [qtp961160488-18] DEBUG org.eclipse.jetty.io.ChannelEndPoint - onSelected 1->0 r=true w=false for SocketChannelEndPoint@1bd47cf1{l=/127.0.0.1:44247,r=/127.0.0.1:42480,OPEN,fill=FI,flush=-,to=1/3000}{io=1/0,kio=1,kro=1}->HttpConnection@1a6b04e1[p=HttpParser{s=START,0 of -1},g=HttpGenerator@281f1ec1{s=START}]=>HttpChannelOverHttp@61cd670b{s=HttpChannelState@7ef7e3a6{s=IDLE rs=BLOCKING os=OPEN is=IDLE awp=false se=false i=true al=0},r=0,c=false/false,a=IDLE,uri=null,age=0}
04:29:50.207 [qtp961160488-18] DEBUG org.eclipse.jetty.io.ChannelEndPoint - task CEP:SocketChannelEndPoint@1bd47cf1{l=/127.0.0.1:44247,r=/127.0.0.1:42480,OPEN,fill=FI,flush=-,to=1/3000}{io=1/0,kio=1,kro=1}->HttpConnection@1a6b04e1[p=HttpParser{s=START,0 of -1},g=HttpGenerator@281f1ec1{s=START}]=>HttpChannelOverHttp@61cd670b{s=HttpChannelState@7ef7e3a6{s=IDLE rs=BLOCKING os=OPEN is=IDLE awp=false se=false i=true al=0},r=0,c=false/false,a=IDLE,uri=null,age=0}:runFillable:BLOCKING
04:29:50.207 [qtp961160488-18] DEBUG org.eclipse.jetty.util.thread.ReservedThreadExecutor - ReservedThreadExecutor@383bfa16{reserved=1/8,pending=0} tryExecute EatWhatYouKill@ffaa6af/SelectorProducer@53ce1329/PRODUCING/p=false/QueuedThreadPool[qtp961160488]@394a2528{STARTED,8<=8<=200,i=2,r=-1,q=0}[ReservedThreadExecutor@383bfa16{reserved=1/8,pending=0}][pc=0,pic=0,pec=0,epc=0]@2024-05-02T04:29:50.207+01:00
04:29:50.207 [qtp961160488-18] DEBUG org.eclipse.jetty.util.thread.ReservedThreadExecutor - ReservedThreadExecutor@383bfa16{reserved=0/8,pending=1} startReservedThread p=1
04:29:50.207 [qtp961160488-18] DEBUG org.eclipse.jetty.util.thread.QueuedThreadPool - queue ReservedThread@80175f3{PENDING,thread=null} startThread=0
04:29:50.208 [qtp961160488-18] DEBUG org.eclipse.jetty.util.thread.strategy.EatWhatYouKill - EatWhatYouKill@ffaa6af/SelectorProducer@53ce1329/IDLE/p=true/QueuedThreadPool[qtp961160488]@394a2528{STARTED,8<=8<=200,i=1,r=-1,q=0}[ReservedThreadExecutor@383bfa16{reserved=0/8,pending=1}][pc=0,pic=0,pec=0,epc=0]@2024-05-02T04:29:50.207+01:00 m=EXECUTE_PRODUCE_CONSUME t=CEP:SocketChannelEndPoint@1bd47cf1{l=/127.0.0.1:44247,r=/127.0.0.1:42480,OPEN,fill=FI,flush=-,to=2/3000}{io=1/0,kio=1,kro=1}->HttpConnection@1a6b04e1[p=HttpParser{s=START,0 of -1},g=HttpGenerator@281f1ec1{s=START}]=>HttpChannelOverHttp@61cd670b{s=HttpChannelState@7ef7e3a6{s=IDLE rs=BLOCKING os=OPEN is=IDLE awp=false se=false i=true al=0},r=0,c=false/false,a=IDLE,uri=null,age=0}:runFillable:BLOCKING/BLOCKING
04:29:50.208 [qtp961160488-21] DEBUG org.eclipse.jetty.util.thread.ReservedThreadExecutor - ReservedThread@7f9d4abf{RESERVED,thread=Thread[qtp961160488-21,5,main]} task=EatWhatYouKill@ffaa6af/SelectorProducer@53ce1329/IDLE/p=true/QueuedThreadPool[qtp961160488]@394a2528{STARTED,8<=8<=200,i=1,r=-1,q=0}[ReservedThreadExecutor@383bfa16{reserved=0/8,pending=1}][pc=0,pic=0,pec=0,epc=0]@2024-05-02T04:29:50.208+01:00 ReservedThreadExecutor@383bfa16{reserved=0/8,pending=1}
04:29:50.208 [qtp961160488-18] DEBUG org.eclipse.jetty.io.FillInterest - fillable FillInterest@69b422b7{AC.ReadCB@1a6b04e1{HttpConnection@1a6b04e1::SocketChannelEndPoint@1bd47cf1{l=/127.0.0.1:44247,r=/127.0.0.1:42480,OPEN,fill=FI,flush=-,to=2/3000}{io=1/0,kio=1,kro=1}->HttpConnection@1a6b04e1[p=HttpParser{s=START,0 of -1},g=HttpGenerator@281f1ec1{s=START}]=>HttpChannelOverHttp@61cd670b{s=HttpChannelState@7ef7e3a6{s=IDLE rs=BLOCKING os=OPEN is=IDLE awp=false se=false i=true al=0},r=0,c=false/false,a=IDLE,uri=null,age=0}}}
04:29:50.208 [qtp961160488-21] DEBUG org.eclipse.jetty.util.thread.strategy.EatWhatYouKill - EatWhatYouKill@ffaa6af/SelectorProducer@53ce1329/IDLE/p=true/QueuedThreadPool[qtp961160488]@394a2528{STARTED,8<=8<=200,i=1,r=-1,q=0}[ReservedThreadExecutor@383bfa16{reserved=0/8,pending=1}][pc=0,pic=0,pec=0,epc=1]@2024-05-02T04:29:50.208+01:00 tryProduce true
04:29:50.208 [qtp961160488-21] DEBUG org.eclipse.jetty.io.ManagedSelector - updateable 0
04:29:50.208 [qtp961160488-21] DEBUG org.eclipse.jetty.io.ManagedSelector - updates 0
04:29:50.208 [qtp961160488-18] DEBUG org.eclipse.jetty.server.HttpConnection - HttpConnection@1a6b04e1::SocketChannelEndPoint@1bd47cf1{l=/127.0.0.1:44247,r=/127.0.0.1:42480,OPEN,fill=-,flush=-,to=3/3000}{io=1/0,kio=1,kro=1}->HttpConnection@1a6b04e1[p=HttpParser{s=START,0 of -1},g=HttpGenerator@281f1ec1{s=START}]=>HttpChannelOverHttp@61cd670b{s=HttpChannelState@7ef7e3a6{s=IDLE rs=BLOCKING os=OPEN is=IDLE awp=false se=false i=true al=0},r=0,c=false/false,a=IDLE,uri=null,age=0} onFillable enter HttpChannelState@7ef7e3a6{s=IDLE rs=BLOCKING os=OPEN is=IDLE awp=false se=false i=true al=0} null
04:29:50.208 [qtp961160488-21] DEBUG org.eclipse.jetty.io.ChannelEndPoint - Key interests updated 1 -> 0 on SocketChannelEndPoint@1bd47cf1{l=/127.0.0.1:44247,r=/127.0.0.1:42480,OPEN,fill=-,flush=-,to=3/3000}{io=0/0,kio=0,kro=1}->HttpConnection@1a6b04e1[p=HttpParser{s=START,0 of -1},g=HttpGenerator@281f1ec1{s=START}]=>HttpChannelOverHttp@61cd670b{s=HttpChannelState@7ef7e3a6{s=IDLE rs=BLOCKING os=OPEN is=IDLE awp=false se=false i=true al=0},r=0,c=false/false,a=IDLE,uri=null,age=0}
04:29:50.208 [qtp961160488-21] DEBUG org.eclipse.jetty.io.ManagedSelector - Selector sun.nio.ch.EPollSelectorImpl@2f91e83 waiting with 1 keys
04:29:50.208 [qtp961160488-18] DEBUG org.eclipse.jetty.io.ChannelEndPoint - filled 132 HeapByteBuffer@c9025a9[p=0,l=132,c=8192,r=132]={<<<GET / HTTP/1.1\r\nIf-None-M...gent: okhttp/3.12.3\r\n\r\n>>>ver: Jett...\x00\x00\x00\x00\x00\x00\x00}
04:29:50.209 [qtp961160488-18] DEBUG org.eclipse.jetty.server.HttpConnection - HttpConnection@1a6b04e1::SocketChannelEndPoint@1bd47cf1{l=/127.0.0.1:44247,r=/127.0.0.1:42480,OPEN,fill=-,flush=-,to=0/3000}{io=0/0,kio=0,kro=1}->HttpConnection@1a6b04e1[p=HttpParser{s=START,0 of -1},g=HttpGenerator@281f1ec1{s=START}]=>HttpChannelOverHttp@61cd670b{s=HttpChannelState@7ef7e3a6{s=IDLE rs=BLOCKING os=OPEN is=IDLE awp=false se=false i=true al=0},r=0,c=false/false,a=IDLE,uri=null,age=0} filled 132 HeapByteBuffer@c9025a9[p=0,l=132,c=8192,r=132]={<<<GET / HTTP/1.1\r\nIf-None-M...gent: okhttp/3.12.3\r\n\r\n>>>ver: Jett...\x00\x00\x00\x00\x00\x00\x00}
04:29:50.209 [qtp961160488-18] DEBUG org.eclipse.jetty.server.HttpConnection - HttpConnection@1a6b04e1::SocketChannelEndPoint@1bd47cf1{l=/127.0.0.1:44247,r=/127.0.0.1:42480,OPEN,fill=-,flush=-,to=0/3000}{io=0/0,kio=0,kro=1}->HttpConnection@1a6b04e1[p=HttpParser{s=START,0 of -1},g=HttpGenerator@281f1ec1{s=START}]=>HttpChannelOverHttp@61cd670b{s=HttpChannelState@7ef7e3a6{s=IDLE rs=BLOCKING os=OPEN is=IDLE awp=false se=false i=true al=0},r=0,c=false/false,a=IDLE,uri=null,age=0} parse HeapByteBuffer@c9025a9[p=0,l=132,c=8192,r=132]={<<<GET / HTTP/1.1\r\nIf-None-M...gent: okhttp/3.12.3\r\n\r\n>>>ver: Jett...\x00\x00\x00\x00\x00\x00\x00} {}
04:29:50.209 [qtp961160488-18] DEBUG org.eclipse.jetty.http.HttpParser - parseNext s=START HeapByteBuffer@c9025a9[p=0,l=132,c=8192,r=132]={<<<GET / HTTP/1.1\r\nIf-None-M...gent: okhttp/3.12.3\r\n\r\n>>>ver: Jett...\x00\x00\x00\x00\x00\x00\x00}
04:29:50.209 [qtp961160488-18] DEBUG org.eclipse.jetty.http.HttpParser - START --> SPACE1
04:29:50.209 [qtp961160488-18] DEBUG org.eclipse.jetty.http.HttpParser - SPACE1 --> URI
04:29:50.209 [qtp961160488-18] DEBUG org.eclipse.jetty.http.HttpParser - URI --> SPACE2
04:29:50.209 [qtp961160488-18] DEBUG org.eclipse.jetty.http.HttpParser - SPACE2 --> REQUEST_VERSION
04:29:50.209 [qtp961160488-18] DEBUG org.eclipse.jetty.http.HttpParser - REQUEST_VERSION --> HEADER
04:29:50.209 [qtp961160488-18] DEBUG org.eclipse.jetty.http.HttpParser - HEADER:If-None-Match --> VALUE
04:29:50.209 [qtp961160488-18] DEBUG org.eclipse.jetty.http.HttpParser - HEADER:If-None-Match --> FIELD
04:29:50.209 [qtp961160488-18] DEBUG org.eclipse.jetty.http.HttpParser - HEADER:Host --> VALUE
04:29:50.209 [qtp961160488-18] DEBUG org.eclipse.jetty.http.HttpParser - HEADER:Host --> IN_VALUE
04:29:50.209 [qtp961160488-18] DEBUG org.eclipse.jetty.http.HttpParser - HEADER:Host --> FIELD
04:29:50.209 [qtp961160488-18] DEBUG org.eclipse.jetty.http.HttpParser - HEADER:Connection: keep-alive --> IN_VALUE
04:29:50.209 [qtp961160488-18] DEBUG org.eclipse.jetty.http.HttpParser - HEADER:Connection: keep-alive --> FIELD
04:29:50.209 [qtp961160488-22] DEBUG org.eclipse.jetty.util.thread.QueuedThreadPool - run ReservedThread@80175f3{PENDING,thread=null} in QueuedThreadPool[qtp961160488]@394a2528{STARTED,8<=8<=200,i=1,r=-1,q=0}[ReservedThreadExecutor@383bfa16{reserved=0/8,pending=1}]
04:29:50.209 [qtp961160488-18] DEBUG org.eclipse.jetty.http.HttpParser - HEADER:Accept-Encoding: gzip --> IN_VALUE
04:29:50.210 [qtp961160488-18] DEBUG org.eclipse.jetty.http.HttpParser - HEADER:Accept-Encoding: gzip --> FIELD
04:29:50.210 [qtp961160488-22] DEBUG org.eclipse.jetty.util.thread.ReservedThreadExecutor - ReservedThread@80175f3{PENDING,thread=Thread[qtp961160488-22,5,main]} was=PENDING next=RESERVED size=0+1 capacity=8
04:29:50.210 [qtp961160488-18] DEBUG org.eclipse.jetty.http.HttpParser - HEADER:User-Agent --> VALUE
04:29:50.210 [qtp961160488-18] DEBUG org.eclipse.jetty.http.HttpParser - HEADER:User-Agent --> IN_VALUE
04:29:50.210 [qtp961160488-22] DEBUG org.eclipse.jetty.util.thread.ReservedThreadExecutor - ReservedThread@80175f3{RESERVED,thread=Thread[qtp961160488-22,5,main]} waiting ReservedThreadExecutor@383bfa16{reserved=1/8,pending=0}
04:29:50.210 [qtp961160488-18] DEBUG org.eclipse.jetty.http.HttpParser - HEADER:User-Agent --> FIELD
04:29:50.210 [qtp961160488-18] DEBUG org.eclipse.jetty.http.HttpParser - HEADER --> CONTENT
04:29:50.210 [qtp961160488-18] DEBUG org.eclipse.jetty.server.HttpChannel - REQUEST for //localhost:44247/ on HttpChannelOverHttp@61cd670b{s=HttpChannelState@7ef7e3a6{s=IDLE rs=BLOCKING os=OPEN is=IDLE awp=false se=false i=true al=0},r=1,c=false/false,a=IDLE,uri=//localhost:44247/,age=0}
GET //localhost:44247/ HTTP/1.1
If-None-Match: 
Host: localhost:44247
Connection: keep-alive
Accept-Encoding: gzip
User-Agent: okhttp/3.12.3


04:29:50.210 [qtp961160488-18] DEBUG org.eclipse.jetty.server.HttpConnection - HttpConnection@1a6b04e1::SocketChannelEndPoint@1bd47cf1{l=/127.0.0.1:44247,r=/127.0.0.1:42480,OPEN,fill=-,flush=-,to=1/3000}{io=0/0,kio=0,kro=1}->HttpConnection@1a6b04e1[p=HttpParser{s=CONTENT,0 of -1},g=HttpGenerator@281f1ec1{s=START}]=>HttpChannelOverHttp@61cd670b{s=HttpChannelState@7ef7e3a6{s=IDLE rs=BLOCKING os=OPEN is=IDLE awp=false se=false i=true al=0},r=1,c=false/false,a=IDLE,uri=//localhost:44247/,age=0} parsed true HttpParser{s=CONTENT,0 of -1}
04:29:50.210 [qtp961160488-18] DEBUG org.eclipse.jetty.server.HttpConnection - releaseRequestBuffer HttpConnection@1a6b04e1::SocketChannelEndPoint@1bd47cf1{l=/127.0.0.1:44247,r=/127.0.0.1:42480,OPEN,fill=-,flush=-,to=1/3000}{io=0/0,kio=0,kro=1}->HttpConnection@1a6b04e1[p=HttpParser{s=CONTENT,0 of -1},g=HttpGenerator@281f1ec1{s=START}]=>HttpChannelOverHttp@61cd670b{s=HttpChannelState@7ef7e3a6{s=IDLE rs=BLOCKING os=OPEN is=IDLE awp=false se=false i=true al=0},r=1,c=false/false,a=IDLE,uri=//localhost:44247/,age=0}
04:29:50.210 [qtp961160488-18] DEBUG org.eclipse.jetty.server.HttpChannel - handle //localhost:44247/ HttpChannelOverHttp@61cd670b{s=HttpChannelState@7ef7e3a6{s=IDLE rs=BLOCKING os=OPEN is=IDLE awp=false se=false i=true al=0},r=1,c=false/false,a=IDLE,uri=//localhost:44247/,age=0} 
04:29:50.210 [qtp961160488-18] DEBUG org.eclipse.jetty.server.HttpChannelState - handling HttpChannelState@7ef7e3a6{s=IDLE rs=BLOCKING os=OPEN is=IDLE awp=false se=false i=true al=0}
04:29:50.210 [qtp961160488-18] DEBUG org.eclipse.jetty.server.HttpChannel - action DISPATCH HttpChannelOverHttp@61cd670b{s=HttpChannelState@7ef7e3a6{s=HANDLING rs=BLOCKING os=OPEN is=IDLE awp=false se=false i=true al=0},r=1,c=false/false,a=HANDLING,uri=//localhost:44247/,age=0}
04:29:50.210 [qtp961160488-18] DEBUG org.eclipse.jetty.server.Server - REQUEST GET / on HttpChannelOverHttp@61cd670b{s=HttpChannelState@7ef7e3a6{s=HANDLING rs=BLOCKING os=OPEN is=IDLE awp=false se=false i=true al=0},r=1,c=false/false,a=HANDLING,uri=//localhost:44247/,age=0}
04:29:50.210 [qtp961160488-18] DEBUG org.eclipse.jetty.server.HttpOutput - write(array HeapByteBuffer@4d03ea97[p=0,l=4,c=512,r=4]={<<<test>>>\x00\x00\x00\x00\x00\x00\x00\x00\x00...\x00\x00\x00\x00\x00\x00\x00})
04:29:50.210 [qtp961160488-18] DEBUG org.eclipse.jetty.server.HttpOutput - write(array) s=CLOSING,api=BLOCKED,sc=false,e=null last=true agg=false flush=true async=false, len=4 null
04:29:50.211 [qtp961160488-18] DEBUG org.eclipse.jetty.server.HttpChannel - sendResponse info=null content=HeapByteBuffer@7c4f8b2[p=0,l=4,c=512,r=4]={<<<test>>>\x00\x00\x00\x00\x00\x00\x00\x00\x00...\x00\x00\x00\x00\x00\x00\x00} complete=true committing=true callback=Blocker@7c844366{null}
04:29:50.211 [qtp961160488-18] DEBUG org.eclipse.jetty.server.HttpChannel - COMMIT for / on HttpChannelOverHttp@61cd670b{s=HttpChannelState@7ef7e3a6{s=HANDLING rs=BLOCKING os=COMMITTED is=IDLE awp=false se=false i=true al=0},r=1,c=false/false,a=HANDLING,uri=//localhost:44247/,age=1}
200 null HTTP/1.1
Date: Thu, 02 May 2024 03:29:50 GMT
ETag: testEtag
Content-Type: text/plain;charset=utf-8
Content-Length: 4


04:29:50.211 [qtp961160488-18] DEBUG org.eclipse.jetty.server.HttpConnection - generate: NEED_HEADER for SendCallback@7fa90fe8[PROCESSING][i=HTTP/1.1{s=200,h=4,cl=4},cb=org.eclipse.jetty.server.HttpChannel$SendCallback@2d2c15d8] (null,[p=0,l=4,c=512,r=4],true)@START
04:29:50.211 [qtp961160488-18] DEBUG org.eclipse.jetty.http.HttpGenerator - generateHeaders HTTP/1.1{s=200,h=4,cl=4} last=true content=HeapByteBuffer@7c4f8b2[p=0,l=4,c=512,r=4]={<<<test>>>\x00\x00\x00\x00\x00\x00\x00\x00\x00...\x00\x00\x00\x00\x00\x00\x00}
04:29:50.211 [qtp961160488-18] DEBUG org.eclipse.jetty.http.HttpGenerator - Date: Thu, 02 May 2024 03:29:50 GMT
ETag: testEtag
Content-Type: text/plain;charset=utf-8
Content-Length: 4


04:29:50.211 [qtp961160488-18] DEBUG org.eclipse.jetty.http.HttpGenerator - CONTENT_LENGTH
04:29:50.211 [qtp961160488-18] DEBUG org.eclipse.jetty.server.HttpConnection - generate: FLUSH for SendCallback@7fa90fe8[PROCESSING][i=HTTP/1.1{s=200,h=4,cl=4},cb=org.eclipse.jetty.server.HttpChannel$SendCallback@2d2c15d8] ([p=0,l=164,c=8192,r=164],[p=0,l=4,c=512,r=4],true)@COMPLETING
04:29:50.211 [qtp961160488-18] DEBUG org.eclipse.jetty.io.WriteFlusher - write: WriteFlusher@d0d79a7{IDLE}->null [HeapByteBuffer@c9025a9[p=0,l=164,c=8192,r=164]={<<<HTTP/1.1 200 OK\r\nDate: Th...y(9.4.44.v20210927)\r\n\r\n>>>\x00\x00\x00\x00\x00\x00\x00\x00\x00...\x00\x00\x00\x00\x00\x00\x00},HeapByteBuffer@7c4f8b2[p=0,l=4,c=512,r=4]={<<<test>>>\x00\x00\x00\x00\x00\x00\x00\x00\x00...\x00\x00\x00\x00\x00\x00\x00}]
04:29:50.211 [qtp961160488-18] DEBUG org.eclipse.jetty.io.WriteFlusher - update WriteFlusher@d0d79a7{WRITING}->null:IDLE-->WRITING
04:29:50.211 [main] DEBUG org.apache.nifi.minifi.bootstrap.configuration.ingestors.PullHttpChangeIngestor - Response received: Response{protocol=http/1.1, code=200, message=OK, url=http://localhost:44247/}
04:29:50.211 [main] DEBUG org.apache.nifi.minifi.bootstrap.configuration.ingestors.PullHttpChangeIngestor - New change received, notifying listener
04:29:50.211 [main] DEBUG org.apache.nifi.minifi.bootstrap.configuration.ingestors.PullHttpChangeIngestor - Listeners notified
04:29:50.211 [main] DEBUG org.apache.nifi.minifi.bootstrap.configuration.ingestors.PullHttpChangeIngestor - Attempting to pull new config
04:29:50.212 [qtp961160488-18] DEBUG org.eclipse.jetty.io.ChannelEndPoint - flushed 168 SocketChannelEndPoint@1bd47cf1{l=/127.0.0.1:44247,r=/127.0.0.1:42480,OPEN,fill=-,flush=W,to=3/3000}{io=0/0,kio=0,kro=1}->HttpConnection@1a6b04e1[p=HttpParser{s=CONTENT,0 of -1},g=HttpGenerator@281f1ec1{s=COMPLETING}]=>HttpChannelOverHttp@61cd670b{s=HttpChannelState@7ef7e3a6{s=HANDLING rs=BLOCKING os=COMMITTED is=IDLE awp=false se=false i=true al=0},r=1,c=false/false,a=HANDLING,uri=//localhost:44247/,age=2}
04:29:50.212 [qtp961160488-18] DEBUG org.eclipse.jetty.io.WriteFlusher - Flushed=true written=168 remaining=0 WriteFlusher@d0d79a7{WRITING}->null
04:29:50.213 [qtp961160488-18] DEBUG org.eclipse.jetty.io.WriteFlusher - update WriteFlusher@d0d79a7{IDLE}->null:WRITING-->IDLE
04:29:50.213 [qtp961160488-18] DEBUG org.eclipse.jetty.server.HttpConnection - generate: DONE for SendCallback@7fa90fe8[PROCESSING][i=HTTP/1.1{s=200,h=4,cl=4},cb=org.eclipse.jetty.server.HttpChannel$SendCallback@2d2c15d8] ([p=164,l=164,c=8192,r=0],[p=4,l=4,c=512,r=0],true)@END
04:29:50.213 [qtp961160488-18] DEBUG org.eclipse.jetty.server.HttpOutput - onWriteComplete(true,null) s=CLOSING,api=BLOCKED,sc=false,e=null->s=CLOSED,api=BLOCKING,sc=false,e=null c=null cb=null w=false
04:29:50.213 [qtp961160488-18] DEBUG org.eclipse.jetty.server.HttpOutput - close() s=CLOSED,api=BLOCKING,sc=false,e=null c=null b=null
04:29:50.213 [qtp961160488-18] DEBUG org.eclipse.jetty.server.Server - handled=true async=false committed=true on HttpChannelOverHttp@61cd670b{s=HttpChannelState@7ef7e3a6{s=HANDLING rs=BLOCKING os=COMPLETED is=IDLE awp=false se=false i=true al=0},r=1,c=false/true,a=HANDLING,uri=//localhost:44247/,age=3}
04:29:50.213 [qtp961160488-18] DEBUG org.eclipse.jetty.server.HttpChannelState - unhandle HttpChannelState@7ef7e3a6{s=HANDLING rs=BLOCKING os=COMPLETED is=IDLE awp=false se=false i=true al=0}
04:29:50.213 [qtp961160488-18] DEBUG org.eclipse.jetty.server.HttpChannelState - nextAction(false) COMPLETE HttpChannelState@7ef7e3a6{s=HANDLING rs=COMPLETING os=COMPLETED is=IDLE awp=false se=false i=false al=0}
04:29:50.213 [qtp961160488-18] DEBUG org.eclipse.jetty.server.HttpChannel - action COMPLETE HttpChannelOverHttp@61cd670b{s=HttpChannelState@7ef7e3a6{s=HANDLING rs=COMPLETING os=COMPLETED is=IDLE awp=false se=false i=false al=0},r=1,c=false/true,a=HANDLING,uri=//localhost:44247/,age=3}
04:29:50.213 [qtp961160488-18] DEBUG org.eclipse.jetty.server.HttpOutput - complete(org.eclipse.jetty.util.Callback$3@53cc9413) s=CLOSED,api=BLOCKING,sc=false,e=null s=true e=null, c=null
04:29:50.213 [qtp961160488-18] DEBUG org.eclipse.jetty.server.HttpChannelState - completed HttpChannelState@7ef7e3a6{s=HANDLING rs=COMPLETING os=COMPLETED is=IDLE awp=false se=false i=false al=0}
04:29:50.213 [qtp961160488-18] DEBUG org.eclipse.jetty.server.HttpChannelState - unhandle HttpChannelState@7ef7e3a6{s=HANDLING rs=COMPLETED os=COMPLETED is=IDLE awp=false se=false i=false al=0}
04:29:50.213 [qtp961160488-18] DEBUG org.eclipse.jetty.server.HttpChannelState - nextAction(false) TERMINATED HttpChannelState@7ef7e3a6{s=IDLE rs=COMPLETED os=COMPLETED is=IDLE awp=false se=false i=false al=0}
04:29:50.213 [qtp961160488-18] DEBUG org.eclipse.jetty.server.HttpChannel - action TERMINATED HttpChannelOverHttp@61cd670b{s=HttpChannelState@7ef7e3a6{s=IDLE rs=COMPLETED os=COMPLETED is=IDLE awp=false se=false i=false al=0},r=1,c=true/true,a=IDLE,uri=//localhost:44247/,age=3}
04:29:50.213 [qtp961160488-18] DEBUG org.eclipse.jetty.server.HttpChannel - onCompleted for / written=4
04:29:50.213 [qtp961160488-18] DEBUG org.eclipse.jetty.io.ChannelEndPoint - filled 142 HeapByteBuffer@c9025a9[p=0,l=142,c=8192,r=142]={<<<GET / HTTP/1.1\r\nIf-None-M...gent: okhttp/3.12.3\r\n\r\n>>>(9.4.44.v...\x00\x00\x00\x00\x00\x00\x00}
04:29:50.213 [qtp961160488-18] DEBUG org.eclipse.jetty.server.HttpConnection - HttpConnection@1a6b04e1::SocketChannelEndPoint@1bd47cf1{l=/127.0.0.1:44247,r=/127.0.0.1:42480,OPEN,fill=-,flush=-,to=0/3000}{io=0/0,kio=0,kro=1}->HttpConnection@1a6b04e1[p=HttpParser{s=CONTENT,0 of -1},g=HttpGenerator@281f1ec1{s=END}]=>HttpChannelOverHttp@61cd670b{s=HttpChannelState@7ef7e3a6{s=IDLE rs=COMPLETED os=COMPLETED is=IDLE awp=false se=false i=false al=0},r=1,c=true/true,a=IDLE,uri=//localhost:44247/,age=3} filled 142 HeapByteBuffer@c9025a9[p=0,l=142,c=8192,r=142]={<<<GET / HTTP/1.1\r\nIf-None-M...gent: okhttp/3.12.3\r\n\r\n>>>(9.4.44.v...\x00\x00\x00\x00\x00\x00\x00}
04:29:50.214 [qtp961160488-18] DEBUG org.eclipse.jetty.server.HttpConnection - HttpConnection@1a6b04e1::SocketChannelEndPoint@1bd47cf1{l=/127.0.0.1:44247,r=/127.0.0.1:42480,OPEN,fill=-,flush=-,to=0/3000}{io=0/0,kio=0,kro=1}->HttpConnection@1a6b04e1[p=HttpParser{s=CONTENT,0 of -1},g=HttpGenerator@281f1ec1{s=END}]=>HttpChannelOverHttp@61cd670b{s=HttpChannelState@7ef7e3a6{s=IDLE rs=COMPLETED os=COMPLETED is=IDLE awp=false se=false i=false al=0},r=1,c=true/true,a=IDLE,uri=//localhost:44247/,age=4} parse HeapByteBuffer@c9025a9[p=0,l=142,c=8192,r=142]={<<<GET / HTTP/1.1\r\nIf-None-M...gent: okhttp/3.12.3\r\n\r\n>>>(9.4.44.v...\x00\x00\x00\x00\x00\x00\x00} {}
04:29:50.214 [qtp961160488-18] DEBUG org.eclipse.jetty.http.HttpParser - parseNext s=CONTENT HeapByteBuffer@c9025a9[p=0,l=142,c=8192,r=142]={<<<GET / HTTP/1.1\r\nIf-None-M...gent: okhttp/3.12.3\r\n\r\n>>>(9.4.44.v...\x00\x00\x00\x00\x00\x00\x00}
04:29:50.214 [qtp961160488-18] DEBUG org.eclipse.jetty.http.HttpParser - CONTENT --> CONTENT_END
04:29:50.214 [qtp961160488-18] DEBUG org.eclipse.jetty.server.HttpChannel - onContentComplete HttpChannelOverHttp@61cd670b{s=HttpChannelState@7ef7e3a6{s=IDLE rs=COMPLETED os=COMPLETED is=IDLE awp=false se=false i=false al=0},r=1,c=true/true,a=IDLE,uri=//localhost:44247/,age=4}
04:29:50.214 [qtp961160488-18] DEBUG org.eclipse.jetty.http.HttpParser - CONTENT_END --> END
04:29:50.214 [qtp961160488-18] DEBUG org.eclipse.jetty.server.HttpChannel - onRequestComplete HttpChannelOverHttp@61cd670b{s=HttpChannelState@7ef7e3a6{s=IDLE rs=COMPLETED os=COMPLETED is=IDLE awp=false se=false i=false al=0},r=1,c=true/true,a=IDLE,uri=//localhost:44247/,age=4}
04:29:50.214 [qtp961160488-18] DEBUG org.eclipse.jetty.server.HttpInput - HttpInputOverHTTP@64ad07cd[c=0,q=0,[0]=null,s=STREAM] addContent EOF
04:29:50.214 [qtp961160488-18] DEBUG org.eclipse.jetty.server.HttpConnection - HttpConnection@1a6b04e1::SocketChannelEndPoint@1bd47cf1{l=/127.0.0.1:44247,r=/127.0.0.1:42480,OPEN,fill=-,flush=-,to=0/3000}{io=0/0,kio=0,kro=1}->HttpConnection@1a6b04e1[p=HttpParser{s=END,0 of -1},g=HttpGenerator@281f1ec1{s=END}]=>HttpChannelOverHttp@61cd670b{s=HttpChannelState@7ef7e3a6{s=IDLE rs=COMPLETED os=COMPLETED is=IDLE awp=false se=false i=false al=0},r=1,c=true/true,a=IDLE,uri=//localhost:44247/,age=4} parsed false HttpParser{s=END,0 of -1}
04:29:50.214 [qtp961160488-18] DEBUG org.eclipse.jetty.server.HttpChannelState - recycle HttpChannelState@7ef7e3a6{s=IDLE rs=COMPLETED os=COMPLETED is=IDLE awp=false se=false i=false al=0}
04:29:50.214 [qtp961160488-18] DEBUG org.eclipse.jetty.http.HttpParser - reset HttpParser{s=END,0 of -1}
04:29:50.214 [qtp961160488-18] DEBUG org.eclipse.jetty.http.HttpParser - END --> START
04:29:50.214 [qtp961160488-18] DEBUG org.eclipse.jetty.server.HttpChannel - !handle TERMINATED HttpChannelOverHttp@61cd670b{s=HttpChannelState@7ef7e3a6{s=IDLE rs=BLOCKING os=OPEN is=IDLE awp=false se=false i=true al=0},r=1,c=false/false,a=IDLE,uri=null,age=0}
04:29:50.214 [qtp961160488-18] DEBUG org.eclipse.jetty.server.HttpConnection - HttpConnection@1a6b04e1::SocketChannelEndPoint@1bd47cf1{l=/127.0.0.1:44247,r=/127.0.0.1:42480,OPEN,fill=-,flush=-,to=0/3000}{io=0/0,kio=0,kro=1}->HttpConnection@1a6b04e1[p=HttpParser{s=START,0 of -1},g=HttpGenerator@281f1ec1{s=START}]=>HttpChannelOverHttp@61cd670b{s=HttpChannelState@7ef7e3a6{s=IDLE rs=BLOCKING os=OPEN is=IDLE awp=false se=false i=true al=0},r=1,c=false/false,a=IDLE,uri=null,age=0} parse HeapByteBuffer@c9025a9[p=0,l=142,c=8192,r=142]={<<<GET / HTTP/1.1\r\nIf-None-M...gent: okhttp/3.12.3\r\n\r\n>>>(9.4.44.v...\x00\x00\x00\x00\x00\x00\x00} {}
04:29:50.214 [qtp961160488-18] DEBUG org.eclipse.jetty.http.HttpParser - parseNext s=START HeapByteBuffer@c9025a9[p=0,l=142,c=8192,r=142]={<<<GET / HTTP/1.1\r\nIf-None-M...gent: okhttp/3.12.3\r\n\r\n>>>(9.4.44.v...\x00\x00\x00\x00\x00\x00\x00}
04:29:50.214 [qtp961160488-18] DEBUG org.eclipse.jetty.http.HttpParser - START --> SPACE1
04:29:50.214 [qtp961160488-18] DEBUG org.eclipse.jetty.http.HttpParser - SPACE1 --> URI
04:29:50.214 [qtp961160488-18] DEBUG org.eclipse.jetty.http.HttpParser - URI --> SPACE2
04:29:50.214 [qtp961160488-18] DEBUG org.eclipse.jetty.http.HttpParser - SPACE2 --> REQUEST_VERSION
04:29:50.214 [qtp961160488-18] DEBUG org.eclipse.jetty.http.HttpParser - REQUEST_VERSION --> HEADER
04:29:50.214 [qtp961160488-18] DEBUG org.eclipse.jetty.http.HttpParser - HEADER:If-None-Match --> VALUE
04:29:50.214 [qtp961160488-18] DEBUG org.eclipse.jetty.http.HttpParser - HEADER:If-None-Match --> IN_VALUE
04:29:50.214 [qtp961160488-18] DEBUG org.eclipse.jetty.http.HttpParser - HEADER:If-None-Match --> FIELD
04:29:50.214 [qtp961160488-18] DEBUG org.eclipse.jetty.http.HttpParser - HEADER:Host: localhost:44247 --> IN_VALUE
04:29:50.214 [qtp961160488-18] DEBUG org.eclipse.jetty.http.HttpParser - HEADER:Host: localhost:44247 --> FIELD
04:29:50.214 [qtp961160488-18] DEBUG org.eclipse.jetty.http.HttpParser - HEADER:Connection: keep-alive --> IN_VALUE
04:29:50.214 [qtp961160488-18] DEBUG org.eclipse.jetty.http.HttpParser - HEADER:Connection: keep-alive --> FIELD
04:29:50.214 [qtp961160488-18] DEBUG org.eclipse.jetty.http.HttpParser - HEADER:Accept-Encoding: gzip --> IN_VALUE
04:29:50.214 [qtp961160488-18] DEBUG org.eclipse.jetty.http.HttpParser - HEADER:Accept-Encoding: gzip --> FIELD
04:29:50.214 [qtp961160488-18] DEBUG org.eclipse.jetty.http.HttpParser - HEADER:User-Agent: okhttp/3.12.3 --> IN_VALUE
04:29:50.214 [qtp961160488-18] DEBUG org.eclipse.jetty.http.HttpParser - HEADER:User-Agent: okhttp/3.12.3 --> FIELD
04:29:50.214 [qtp961160488-18] DEBUG org.eclipse.jetty.http.HttpParser - HEADER --> CONTENT
04:29:50.214 [qtp961160488-18] DEBUG org.eclipse.jetty.server.HttpChannel - REQUEST for //localhost:44247/ on HttpChannelOverHttp@61cd670b{s=HttpChannelState@7ef7e3a6{s=IDLE rs=BLOCKING os=OPEN is=IDLE awp=false se=false i=true al=0},r=2,c=false/false,a=IDLE,uri=//localhost:44247/,age=0}
GET //localhost:44247/ HTTP/1.1
If-None-Match: "testEtag"
Host: localhost:44247
Connection: keep-alive
Accept-Encoding: gzip
User-Agent: okhttp/3.12.3


04:29:50.215 [qtp961160488-18] DEBUG org.eclipse.jetty.server.HttpConnection - HttpConnection@1a6b04e1::SocketChannelEndPoint@1bd47cf1{l=/127.0.0.1:44247,r=/127.0.0.1:42480,OPEN,fill=-,flush=-,to=1/3000}{io=0/0,kio=0,kro=1}->HttpConnection@1a6b04e1[p=HttpParser{s=CONTENT,0 of -1},g=HttpGenerator@281f1ec1{s=START}]=>HttpChannelOverHttp@61cd670b{s=HttpChannelState@7ef7e3a6{s=IDLE rs=BLOCKING os=OPEN is=IDLE awp=false se=false i=true al=0},r=2,c=false/false,a=IDLE,uri=//localhost:44247/,age=1} parsed true HttpParser{s=CONTENT,0 of -1}
04:29:50.215 [qtp961160488-18] DEBUG org.eclipse.jetty.server.HttpConnection - releaseRequestBuffer HttpConnection@1a6b04e1::SocketChannelEndPoint@1bd47cf1{l=/127.0.0.1:44247,r=/127.0.0.1:42480,OPEN,fill=-,flush=-,to=1/3000}{io=0/0,kio=0,kro=1}->HttpConnection@1a6b04e1[p=HttpParser{s=CONTENT,0 of -1},g=HttpGenerator@281f1ec1{s=START}]=>HttpChannelOverHttp@61cd670b{s=HttpChannelState@7ef7e3a6{s=IDLE rs=BLOCKING os=OPEN is=IDLE awp=false se=false i=true al=0},r=2,c=false/false,a=IDLE,uri=//localhost:44247/,age=1}
04:29:50.215 [qtp961160488-18] DEBUG org.eclipse.jetty.server.HttpChannel - handle //localhost:44247/ HttpChannelOverHttp@61cd670b{s=HttpChannelState@7ef7e3a6{s=IDLE rs=BLOCKING os=OPEN is=IDLE awp=false se=false i=true al=0},r=2,c=false/false,a=IDLE,uri=//localhost:44247/,age=1} 
04:29:50.215 [qtp961160488-18] DEBUG org.eclipse.jetty.server.HttpChannelState - handling HttpChannelState@7ef7e3a6{s=IDLE rs=BLOCKING os=OPEN is=IDLE awp=false se=false i=true al=0}
04:29:50.215 [qtp961160488-18] DEBUG org.eclipse.jetty.server.HttpChannel - action DISPATCH HttpChannelOverHttp@61cd670b{s=HttpChannelState@7ef7e3a6{s=HANDLING rs=BLOCKING os=OPEN is=IDLE awp=false se=false i=true al=0},r=2,c=false/false,a=HANDLING,uri=//localhost:44247/,age=1}
04:29:50.215 [qtp961160488-18] DEBUG org.eclipse.jetty.server.Server - REQUEST GET / on HttpChannelOverHttp@61cd670b{s=HttpChannelState@7ef7e3a6{s=HANDLING rs=BLOCKING os=OPEN is=IDLE awp=false se=false i=true al=0},r=2,c=false/false,a=HANDLING,uri=//localhost:44247/,age=1}
04:29:50.215 [qtp961160488-18] DEBUG org.eclipse.jetty.server.Server - handled=true async=false committed=false on HttpChannelOverHttp@61cd670b{s=HttpChannelState@7ef7e3a6{s=HANDLING rs=BLOCKING os=OPEN is=IDLE awp=false se=false i=true al=0},r=2,c=false/false,a=HANDLING,uri=//localhost:44247/,age=1}
04:29:50.215 [qtp961160488-18] DEBUG org.eclipse.jetty.server.HttpChannelState - unhandle HttpChannelState@7ef7e3a6{s=HANDLING rs=BLOCKING os=OPEN is=IDLE awp=false se=false i=true al=0}
04:29:50.215 [qtp961160488-18] DEBUG org.eclipse.jetty.server.HttpChannelState - nextAction(false) COMPLETE HttpChannelState@7ef7e3a6{s=HANDLING rs=COMPLETING os=OPEN is=IDLE awp=false se=false i=false al=0}
04:29:50.215 [qtp961160488-18] DEBUG org.eclipse.jetty.server.HttpChannel - action COMPLETE HttpChannelOverHttp@61cd670b{s=HttpChannelState@7ef7e3a6{s=HANDLING rs=COMPLETING os=OPEN is=IDLE awp=false se=false i=false al=0},r=2,c=false/false,a=HANDLING,uri=//localhost:44247/,age=1}
04:29:50.215 [qtp961160488-18] DEBUG org.eclipse.jetty.io.ChannelEndPoint - filled 0 HeapByteBuffer@c9025a9[p=0,l=0,c=8192,r=0]={<<<>>>GET / HTT...\x00\x00\x00\x00\x00\x00\x00}
04:29:50.215 [qtp961160488-18] DEBUG org.eclipse.jetty.io.ChannelEndPoint - filled 0 HeapByteBuffer@c9025a9[p=0,l=0,c=8192,r=0]={<<<>>>GET / HTT...\x00\x00\x00\x00\x00\x00\x00}
04:29:50.215 [qtp961160488-18] DEBUG org.eclipse.jetty.server.HttpConnection - HttpConnection@1a6b04e1::SocketChannelEndPoint@1bd47cf1{l=/127.0.0.1:44247,r=/127.0.0.1:42480,OPEN,fill=-,flush=-,to=2/3000}{io=0/0,kio=0,kro=1}->HttpConnection@1a6b04e1[p=HttpParser{s=CONTENT,0 of -1},g=HttpGenerator@281f1ec1{s=START}]=>HttpChannelOverHttp@61cd670b{s=HttpChannelState@7ef7e3a6{s=HANDLING rs=COMPLETING os=OPEN is=IDLE awp=false se=false i=false al=0},r=2,c=false/false,a=HANDLING,uri=//localhost:44247/,age=1} filled 0 HeapByteBuffer@c9025a9[p=0,l=0,c=8192,r=0]={<<<>>>GET / HTT...\x00\x00\x00\x00\x00\x00\x00}
04:29:50.215 [qtp961160488-18] DEBUG org.eclipse.jetty.server.HttpConnection - HttpConnection@1a6b04e1::SocketChannelEndPoint@1bd47cf1{l=/127.0.0.1:44247,r=/127.0.0.1:42480,OPEN,fill=-,flush=-,to=2/3000}{io=0/0,kio=0,kro=1}->HttpConnection@1a6b04e1[p=HttpParser{s=CONTENT,0 of -1},g=HttpGenerator@281f1ec1{s=START}]=>HttpChannelOverHttp@61cd670b{s=HttpChannelState@7ef7e3a6{s=HANDLING rs=COMPLETING os=OPEN is=IDLE awp=false se=false i=false al=0},r=2,c=false/false,a=HANDLING,uri=//localhost:44247/,age=1} parse HeapByteBuffer@c9025a9[p=0,l=0,c=8192,r=0]={<<<>>>GET / HTT...\x00\x00\x00\x00\x00\x00\x00} {}
04:29:50.215 [qtp961160488-18] DEBUG org.eclipse.jetty.http.HttpParser - parseNext s=CONTENT HeapByteBuffer@c9025a9[p=0,l=0,c=8192,r=0]={<<<>>>GET / HTT...\x00\x00\x00\x00\x00\x00\x00}
04:29:50.215 [qtp961160488-18] DEBUG org.eclipse.jetty.http.HttpParser - CONTENT --> CONTENT_END
04:29:50.216 [qtp961160488-18] DEBUG org.eclipse.jetty.server.HttpChannel - onContentComplete HttpChannelOverHttp@61cd670b{s=HttpChannelState@7ef7e3a6{s=HANDLING rs=COMPLETING os=OPEN is=IDLE awp=false se=false i=false al=0},r=2,c=false/false,a=HANDLING,uri=//localhost:44247/,age=1}
04:29:50.216 [qtp961160488-18] DEBUG org.eclipse.jetty.http.HttpParser - CONTENT_END --> END
04:29:50.216 [qtp961160488-18] DEBUG org.eclipse.jetty.server.HttpChannel - onRequestComplete HttpChannelOverHttp@61cd670b{s=HttpChannelState@7ef7e3a6{s=HANDLING rs=COMPLETING os=OPEN is=IDLE awp=false se=false i=false al=0},r=2,c=false/false,a=HANDLING,uri=//localhost:44247/,age=2}
04:29:50.216 [qtp961160488-18] DEBUG org.eclipse.jetty.server.HttpInput - HttpInputOverHTTP@64ad07cd[c=0,q=0,[0]=null,s=STREAM] addContent EOF
04:29:50.216 [qtp961160488-18] DEBUG org.eclipse.jetty.server.HttpConnection - HttpConnection@1a6b04e1::SocketChannelEndPoint@1bd47cf1{l=/127.0.0.1:44247,r=/127.0.0.1:42480,OPEN,fill=-,flush=-,to=2/3000}{io=0/0,kio=0,kro=1}->HttpConnection@1a6b04e1[p=HttpParser{s=END,0 of -1},g=HttpGenerator@281f1ec1{s=START}]=>HttpChannelOverHttp@61cd670b{s=HttpChannelState@7ef7e3a6{s=HANDLING rs=COMPLETING os=OPEN is=IDLE awp=false se=false i=false al=0},r=2,c=false/false,a=HANDLING,uri=//localhost:44247/,age=2} parsed false HttpParser{s=END,0 of -1}
04:29:50.216 [qtp961160488-18] DEBUG org.eclipse.jetty.server.HttpConnection - releaseRequestBuffer HttpConnection@1a6b04e1::SocketChannelEndPoint@1bd47cf1{l=/127.0.0.1:44247,r=/127.0.0.1:42480,OPEN,fill=-,flush=-,to=2/3000}{io=0/0,kio=0,kro=1}->HttpConnection@1a6b04e1[p=HttpParser{s=END,0 of -1},g=HttpGenerator@281f1ec1{s=START}]=>HttpChannelOverHttp@61cd670b{s=HttpChannelState@7ef7e3a6{s=HANDLING rs=COMPLETING os=OPEN is=IDLE awp=false se=false i=false al=0},r=2,c=false/false,a=HANDLING,uri=//localhost:44247/,age=2}
04:29:50.216 [qtp961160488-18] DEBUG org.eclipse.jetty.server.HttpOutput - complete(org.eclipse.jetty.util.Callback$3@4fc4d89f) s=CLOSING,api=BLOCKED,sc=false,e=null s=false e=null, c=HeapByteBuffer@29624c55[p=0,l=0,c=0,r=0]={<<<>>>}
04:29:50.216 [qtp961160488-18] DEBUG org.eclipse.jetty.server.HttpChannel - sendResponse info=null content=HeapByteBuffer@29624c55[p=0,l=0,c=0,r=0]={<<<>>>} complete=true committing=true callback=org.eclipse.jetty.server.HttpOutput$WriteCompleteCB@4f3ba8e8
04:29:50.217 [qtp961160488-18] DEBUG org.eclipse.jetty.server.HttpChannel - COMMIT for / on HttpChannelOverHttp@61cd670b{s=HttpChannelState@7ef7e3a6{s=HANDLING rs=COMPLETING os=COMMITTED is=IDLE awp=false se=false i=false al=0},r=2,c=false/false,a=HANDLING,uri=//localhost:44247/,age=3}
304 null HTTP/1.1
Date: Thu, 02 May 2024 03:29:50 GMT
ETag: testEtag


04:29:50.217 [qtp961160488-18] DEBUG org.eclipse.jetty.server.HttpConnection - generate: NEED_HEADER for SendCallback@7fa90fe8[PROCESSING][i=HTTP/1.1{s=304,h=2,cl=-1},cb=org.eclipse.jetty.server.HttpChannel$SendCallback@26d291b0] (null,[p=0,l=0,c=0,r=0],true)@START
04:29:50.217 [qtp961160488-18] DEBUG org.eclipse.jetty.http.HttpGenerator - generateHeaders HTTP/1.1{s=304,h=2,cl=-1} last=true content=HeapByteBuffer@29624c55[p=0,l=0,c=0,r=0]={<<<>>>}
04:29:50.217 [qtp961160488-18] DEBUG org.eclipse.jetty.http.HttpGenerator - Date: Thu, 02 May 2024 03:29:50 GMT
ETag: testEtag


04:29:50.217 [qtp961160488-18] DEBUG org.eclipse.jetty.http.HttpGenerator - NO_CONTENT
04:29:50.217 [qtp961160488-18] DEBUG org.eclipse.jetty.server.HttpConnection - generate: FLUSH for SendCallback@7fa90fe8[PROCESSING][i=HTTP/1.1{s=304,h=2,cl=-1},cb=org.eclipse.jetty.server.HttpChannel$SendCallback@26d291b0] ([p=0,l=115,c=8192,r=115],[p=0,l=0,c=0,r=0],true)@COMPLETING
04:29:50.217 [qtp961160488-18] DEBUG org.eclipse.jetty.io.WriteFlusher - write: WriteFlusher@d0d79a7{IDLE}->null [HeapByteBuffer@c9025a9[p=0,l=115,c=8192,r=115]={<<<HTTP/1.1 304 Not Modified...y(9.4.44.v20210927)\r\n\r\n>>>er-Agent:...\x00\x00\x00\x00\x00\x00\x00}]
04:29:50.217 [qtp961160488-18] DEBUG org.eclipse.jetty.io.WriteFlusher - update WriteFlusher@d0d79a7{WRITING}->null:IDLE-->WRITING
04:29:50.217 [qtp961160488-18] DEBUG org.eclipse.jetty.io.ChannelEndPoint - flushed 115 SocketChannelEndPoint@1bd47cf1{l=/127.0.0.1:44247,r=/127.0.0.1:42480,OPEN,fill=-,flush=W,to=3/3000}{io=0/0,kio=0,kro=1}->HttpConnection@1a6b04e1[p=HttpParser{s=END,0 of -1},g=HttpGenerator@281f1ec1{s=COMPLETING}]=>HttpChannelOverHttp@61cd670b{s=HttpChannelState@7ef7e3a6{s=HANDLING rs=COMPLETING os=COMMITTED is=IDLE awp=false se=false i=false al=0},r=2,c=false/false,a=HANDLING,uri=//localhost:44247/,age=3}
04:29:50.217 [main] DEBUG org.apache.nifi.minifi.bootstrap.configuration.ingestors.PullHttpChangeIngestor - Response received: Response{protocol=http/1.1, code=304, message=Not Modified, url=http://localhost:44247/}
04:29:50.217 [qtp961160488-18] DEBUG org.eclipse.jetty.io.WriteFlusher - Flushed=true written=115 remaining=0 WriteFlusher@d0d79a7{WRITING}->null
04:29:50.217 [qtp961160488-18] DEBUG org.eclipse.jetty.io.WriteFlusher - update WriteFlusher@d0d79a7{IDLE}->null:WRITING-->IDLE
04:29:50.217 [qtp961160488-18] DEBUG org.eclipse.jetty.server.HttpConnection - generate: DONE for SendCallback@7fa90fe8[PROCESSING][i=HTTP/1.1{s=304,h=2,cl=-1},cb=org.eclipse.jetty.server.HttpChannel$SendCallback@26d291b0] ([p=115,l=115,c=8192,r=0],[p=0,l=0,c=0,r=0],true)@END
04:29:50.217 [qtp961160488-18] DEBUG org.eclipse.jetty.server.HttpOutput - onWriteComplete(true,null) s=CLOSING,api=BLOCKED,sc=false,e=null->s=CLOSED,api=BLOCKING,sc=false,e=null c=null cb=org.eclipse.jetty.util.Callback$3@4fc4d89f w=false
04:29:50.217 [qtp961160488-18] DEBUG org.eclipse.jetty.server.HttpChannelState - completed HttpChannelState@7ef7e3a6{s=HANDLING rs=COMPLETING os=COMPLETED is=IDLE awp=false se=false i=false al=0}
04:29:50.217 [qtp961160488-18] DEBUG org.eclipse.jetty.server.HttpChannelState - unhandle HttpChannelState@7ef7e3a6{s=HANDLING rs=COMPLETED os=COMPLETED is=IDLE awp=false se=false i=false al=0}
]]></system-out>
  </testcase>
  <testcase name="testNewUpdate" classname="org.apache.nifi.minifi.bootstrap.configuration.ingestors.PullHttpChangeIngestorTest" time="0.01">
    <system-out><![CDATA[04:29:50.217 [qtp961160488-18] DEBUG org.eclipse.jetty.server.HttpChannelState - nextAction(false) TERMINATED HttpChannelState@7ef7e3a6{s=IDLE rs=COMPLETED os=COMPLETED is=IDLE awp=false se=false i=false al=0}
04:29:50.218 [qtp961160488-18] DEBUG org.eclipse.jetty.server.HttpChannel - action TERMINATED HttpChannelOverHttp@61cd670b{s=HttpChannelState@7ef7e3a6{s=IDLE rs=COMPLETED os=COMPLETED is=IDLE awp=false se=false i=false al=0},r=2,c=true/true,a=IDLE,uri=//localhost:44247/,age=3}
04:29:50.218 [qtp961160488-18] DEBUG org.eclipse.jetty.server.HttpChannel - onCompleted for / written=0
04:29:50.218 [qtp961160488-18] DEBUG org.eclipse.jetty.server.HttpChannelState - recycle HttpChannelState@7ef7e3a6{s=IDLE rs=COMPLETED os=COMPLETED is=IDLE awp=false se=false i=false al=0}
04:29:50.218 [qtp961160488-18] DEBUG org.eclipse.jetty.http.HttpParser - reset HttpParser{s=END,0 of -1}
04:29:50.218 [qtp961160488-18] DEBUG org.eclipse.jetty.http.HttpParser - END --> START
04:29:50.218 [qtp961160488-18] DEBUG org.eclipse.jetty.server.HttpChannel - !handle TERMINATED HttpChannelOverHttp@61cd670b{s=HttpChannelState@7ef7e3a6{s=IDLE rs=BLOCKING os=OPEN is=IDLE awp=false se=false i=true al=0},r=2,c=false/false,a=IDLE,uri=null,age=0}
04:29:50.218 [qtp961160488-18] DEBUG org.eclipse.jetty.io.ChannelEndPoint - filled 0 HeapByteBuffer@c9025a9[p=0,l=0,c=8192,r=0]={<<<>>>HTTP/1.1 ...\x00\x00\x00\x00\x00\x00\x00}
04:29:50.218 [qtp961160488-18] DEBUG org.eclipse.jetty.io.ChannelEndPoint - filled 0 HeapByteBuffer@c9025a9[p=0,l=0,c=8192,r=0]={<<<>>>HTTP/1.1 ...\x00\x00\x00\x00\x00\x00\x00}
04:29:50.218 [qtp961160488-18] DEBUG org.eclipse.jetty.server.HttpConnection - HttpConnection@1a6b04e1::SocketChannelEndPoint@1bd47cf1{l=/127.0.0.1:44247,r=/127.0.0.1:42480,OPEN,fill=-,flush=-,to=0/3000}{io=0/0,kio=0,kro=1}->HttpConnection@1a6b04e1[p=HttpParser{s=START,0 of -1},g=HttpGenerator@281f1ec1{s=START}]=>HttpChannelOverHttp@61cd670b{s=HttpChannelState@7ef7e3a6{s=IDLE rs=BLOCKING os=OPEN is=IDLE awp=false se=false i=true al=0},r=2,c=false/false,a=IDLE,uri=null,age=0} filled 0 HeapByteBuffer@c9025a9[p=0,l=0,c=8192,r=0]={<<<>>>HTTP/1.1 ...\x00\x00\x00\x00\x00\x00\x00}
04:29:50.218 [qtp961160488-18] DEBUG org.eclipse.jetty.server.HttpConnection - HttpConnection@1a6b04e1::SocketChannelEndPoint@1bd47cf1{l=/127.0.0.1:44247,r=/127.0.0.1:42480,OPEN,fill=-,flush=-,to=0/3000}{io=0/0,kio=0,kro=1}->HttpConnection@1a6b04e1[p=HttpParser{s=START,0 of -1},g=HttpGenerator@281f1ec1{s=START}]=>HttpChannelOverHttp@61cd670b{s=HttpChannelState@7ef7e3a6{s=IDLE rs=BLOCKING os=OPEN is=IDLE awp=false se=false i=true al=0},r=2,c=false/false,a=IDLE,uri=null,age=0} parse HeapByteBuffer@c9025a9[p=0,l=0,c=8192,r=0]={<<<>>>HTTP/1.1 ...\x00\x00\x00\x00\x00\x00\x00} {}
04:29:50.218 [qtp961160488-18] DEBUG org.eclipse.jetty.http.HttpParser - parseNext s=START HeapByteBuffer@c9025a9[p=0,l=0,c=8192,r=0]={<<<>>>HTTP/1.1 ...\x00\x00\x00\x00\x00\x00\x00}
04:29:50.218 [qtp961160488-18] DEBUG org.eclipse.jetty.server.HttpConnection - HttpConnection@1a6b04e1::SocketChannelEndPoint@1bd47cf1{l=/127.0.0.1:44247,r=/127.0.0.1:42480,OPEN,fill=-,flush=-,to=1/3000}{io=0/0,kio=0,kro=1}->HttpConnection@1a6b04e1[p=HttpParser{s=START,0 of -1},g=HttpGenerator@281f1ec1{s=START}]=>HttpChannelOverHttp@61cd670b{s=HttpChannelState@7ef7e3a6{s=IDLE rs=BLOCKING os=OPEN is=IDLE awp=false se=false i=true al=0},r=2,c=false/false,a=IDLE,uri=null,age=0} parsed false HttpParser{s=START,0 of -1}
04:29:50.219 [qtp961160488-18] DEBUG org.eclipse.jetty.server.HttpConnection - releaseRequestBuffer HttpConnection@1a6b04e1::SocketChannelEndPoint@1bd47cf1{l=/127.0.0.1:44247,r=/127.0.0.1:42480,OPEN,fill=-,flush=-,to=1/3000}{io=0/0,kio=0,kro=1}->HttpConnection@1a6b04e1[p=HttpParser{s=START,0 of -1},g=HttpGenerator@281f1ec1{s=START}]=>HttpChannelOverHttp@61cd670b{s=HttpChannelState@7ef7e3a6{s=IDLE rs=BLOCKING os=OPEN is=IDLE awp=false se=false i=true al=0},r=2,c=false/false,a=IDLE,uri=null,age=0}
04:29:50.219 [qtp961160488-18] DEBUG org.eclipse.jetty.io.AbstractConnection - fillInterested HttpConnection@1a6b04e1::SocketChannelEndPoint@1bd47cf1{l=/127.0.0.1:44247,r=/127.0.0.1:42480,OPEN,fill=-,flush=-,to=1/3000}{io=0/0,kio=0,kro=1}->HttpConnection@1a6b04e1[p=HttpParser{s=START,0 of -1},g=HttpGenerator@281f1ec1{s=START}]=>HttpChannelOverHttp@61cd670b{s=HttpChannelState@7ef7e3a6{s=IDLE rs=BLOCKING os=OPEN is=IDLE awp=false se=false i=true al=0},r=2,c=false/false,a=IDLE,uri=null,age=0}
04:29:50.219 [main] DEBUG org.apache.nifi.minifi.bootstrap.configuration.ingestors.PullHttpChangeIngestor - Attempting to pull new config
04:29:50.219 [qtp961160488-18] DEBUG org.eclipse.jetty.io.FillInterest - interested FillInterest@69b422b7{AC.ReadCB@1a6b04e1{HttpConnection@1a6b04e1::SocketChannelEndPoint@1bd47cf1{l=/127.0.0.1:44247,r=/127.0.0.1:42480,OPEN,fill=FI,flush=-,to=0/3000}{io=0/0,kio=0,kro=1}->HttpConnection@1a6b04e1[p=HttpParser{s=START,0 of -1},g=HttpGenerator@281f1ec1{s=START}]=>HttpChannelOverHttp@61cd670b{s=HttpChannelState@7ef7e3a6{s=IDLE rs=BLOCKING os=OPEN is=IDLE awp=false se=false i=true al=0},r=2,c=false/false,a=IDLE,uri=null,age=0}}}
04:29:50.219 [qtp961160488-18] DEBUG org.eclipse.jetty.io.ChannelEndPoint - changeInterests p=false 0->1 for SocketChannelEndPoint@1bd47cf1{l=/127.0.0.1:44247,r=/127.0.0.1:42480,OPEN,fill=FI,flush=-,to=0/3000}{io=0/1,kio=0,kro=1}->HttpConnection@1a6b04e1[p=HttpParser{s=START,0 of -1},g=HttpGenerator@281f1ec1{s=START}]=>HttpChannelOverHttp@61cd670b{s=HttpChannelState@7ef7e3a6{s=IDLE rs=BLOCKING os=OPEN is=IDLE awp=false se=false i=true al=0},r=2,c=false/false,a=IDLE,uri=null,age=0}
04:29:50.219 [qtp961160488-18] DEBUG org.eclipse.jetty.io.ManagedSelector - Queued change lazy=false org.eclipse.jetty.io.ChannelEndPoint$$Lambda$255/1126011505@2b3a6f6c on ManagedSelector@316bcf94{STARTED} id=2 keys=1 selected=0 updates=0
04:29:50.219 [qtp961160488-18] DEBUG org.eclipse.jetty.io.ManagedSelector - Wakeup on submit ManagedSelector@316bcf94{STARTED} id=2 keys=1 selected=0 updates=1
04:29:50.219 [qtp961160488-21] DEBUG org.eclipse.jetty.io.ManagedSelector - Selector sun.nio.ch.EPollSelectorImpl@2f91e83 woken with none selected
04:29:50.219 [qtp961160488-21] DEBUG org.eclipse.jetty.io.ManagedSelector - Selector sun.nio.ch.EPollSelectorImpl@2f91e83 woken up from select, 0/0/1 selected
04:29:50.219 [qtp961160488-21] DEBUG org.eclipse.jetty.io.ManagedSelector - Selector sun.nio.ch.EPollSelectorImpl@2f91e83 processing 0 keys, 1 updates
04:29:50.219 [qtp961160488-21] DEBUG org.eclipse.jetty.io.ManagedSelector - updateable 1
04:29:50.219 [qtp961160488-18] DEBUG org.eclipse.jetty.server.HttpConnection - HttpConnection@1a6b04e1::SocketChannelEndPoint@1bd47cf1{l=/127.0.0.1:44247,r=/127.0.0.1:42480,OPEN,fill=FI,flush=-,to=0/3000}{io=0/1,kio=0,kro=1}->HttpConnection@1a6b04e1[p=HttpParser{s=START,0 of -1},g=HttpGenerator@281f1ec1{s=START}]=>HttpChannelOverHttp@61cd670b{s=HttpChannelState@7ef7e3a6{s=IDLE rs=BLOCKING os=OPEN is=IDLE awp=false se=false i=true al=0},r=2,c=false/false,a=IDLE,uri=null,age=0} onFillable exit HttpChannelState@7ef7e3a6{s=IDLE rs=BLOCKING os=OPEN is=IDLE awp=false se=false i=true al=0} null
04:29:50.219 [qtp961160488-21] DEBUG org.eclipse.jetty.io.ManagedSelector - update org.eclipse.jetty.io.ChannelEndPoint$$Lambda$255/1126011505@2b3a6f6c
04:29:50.219 [qtp961160488-18] DEBUG org.eclipse.jetty.util.thread.QueuedThreadPool - ran org.eclipse.jetty.io.ManagedSelector$$Lambda$253/838473569@66f57048 in QueuedThreadPool[qtp961160488]@394a2528{STARTED,8<=8<=200,i=1,r=-1,q=0}[ReservedThreadExecutor@383bfa16{reserved=1/8,pending=0}]
04:29:50.220 [qtp961160488-17-acceptor-0@1e1a0406-ServerConnector@446293d{HTTP/1.1, (http/1.1)}{localhost:44247}] DEBUG org.eclipse.jetty.io.ManagedSelector - Queued change lazy=false Accept@1f553e27[java.nio.channels.SocketChannel[connected local=/127.0.0.1:44247 remote=/127.0.0.1:42492]] on ManagedSelector@1de5f259{STARTED} id=3 keys=0 selected=0 updates=0
04:29:50.220 [qtp961160488-17-acceptor-0@1e1a0406-ServerConnector@446293d{HTTP/1.1, (http/1.1)}{localhost:44247}] DEBUG org.eclipse.jetty.io.ManagedSelector - Wakeup on submit ManagedSelector@1de5f259{STARTED} id=3 keys=0 selected=0 updates=1
04:29:50.220 [qtp961160488-21] DEBUG org.eclipse.jetty.io.ChannelEndPoint - Key interests updated 0 -> 1 on SocketChannelEndPoint@1bd47cf1{l=/127.0.0.1:44247,r=/127.0.0.1:42480,OPEN,fill=FI,flush=-,to=0/3000}{io=1/1,kio=1,kro=1}->HttpConnection@1a6b04e1[p=HttpParser{s=START,0 of -1},g=HttpGenerator@281f1ec1{s=START}]=>HttpChannelOverHttp@61cd670b{s=HttpChannelState@7ef7e3a6{s=IDLE rs=BLOCKING os=OPEN is=IDLE awp=false se=false i=true al=0},r=2,c=false/false,a=IDLE,uri=null,age=0}
04:29:50.220 [qtp961160488-19] DEBUG org.eclipse.jetty.io.ManagedSelector - Selector sun.nio.ch.EPollSelectorImpl@195030a5 woken with none selected
04:29:50.220 [qtp961160488-21] DEBUG org.eclipse.jetty.io.ManagedSelector - updates 0
04:29:50.220 [qtp961160488-19] DEBUG org.eclipse.jetty.io.ManagedSelector - Selector sun.nio.ch.EPollSelectorImpl@195030a5 woken up from select, 0/0/0 selected
04:29:50.220 [qtp961160488-19] DEBUG org.eclipse.jetty.io.ManagedSelector - Selector sun.nio.ch.EPollSelectorImpl@195030a5 processing 0 keys, 1 updates
04:29:50.220 [qtp961160488-21] DEBUG org.eclipse.jetty.io.ManagedSelector - Selector sun.nio.ch.EPollSelectorImpl@2f91e83 waiting with 1 keys
04:29:50.220 [qtp961160488-19] DEBUG org.eclipse.jetty.io.ManagedSelector - updateable 1
04:29:50.220 [qtp961160488-19] DEBUG org.eclipse.jetty.io.ManagedSelector - update Accept@1f553e27[java.nio.channels.SocketChannel[connected local=/127.0.0.1:44247 remote=/127.0.0.1:42492]]
04:29:50.220 [qtp961160488-19] DEBUG org.eclipse.jetty.util.thread.QueuedThreadPool - queue Accept@1f553e27[java.nio.channels.SocketChannel[connected local=/127.0.0.1:44247 remote=/127.0.0.1:42492]] startThread=0
04:29:50.220 [qtp961160488-19] DEBUG org.eclipse.jetty.io.ManagedSelector - updates 0
04:29:50.220 [qtp961160488-20] DEBUG org.eclipse.jetty.util.thread.QueuedThreadPool - run Accept@1f553e27[java.nio.channels.SocketChannel[connected local=/127.0.0.1:44247 remote=/127.0.0.1:42492]] in QueuedThreadPool[qtp961160488]@394a2528{STARTED,8<=8<=200,i=1,r=-1,q=0}[ReservedThreadExecutor@383bfa16{reserved=1/8,pending=0}]
04:29:50.220 [qtp961160488-19] DEBUG org.eclipse.jetty.io.ManagedSelector - Selector sun.nio.ch.EPollSelectorImpl@195030a5 waiting with 1 keys
04:29:50.220 [qtp961160488-20] DEBUG org.eclipse.jetty.io.IdleTimeout - SocketChannelEndPoint@f7b873a{l=/127.0.0.1:44247,r=/127.0.0.1:42492,OPEN,fill=-,flush=-,to=0/3000}{io=0/0,kio=0,kro=0}-><null> idle timeout check, elapsed: 0 ms, remaining: 3000 ms
04:29:50.220 [qtp961160488-20] DEBUG org.eclipse.jetty.server.HttpChannel - new HttpChannelOverHttp@5f426902{s=HttpChannelState@172b59c7{s=IDLE rs=BLOCKING os=OPEN is=IDLE awp=false se=false i=true al=0},r=0,c=false/false,a=IDLE,uri=null,age=0} -> SocketChannelEndPoint@f7b873a{l=/127.0.0.1:44247,r=/127.0.0.1:42492,OPEN,fill=-,flush=-,to=0/3000}{io=0/0,kio=0,kro=0}-><null>,null,HttpChannelState@172b59c7{s=IDLE rs=BLOCKING os=OPEN is=IDLE awp=false se=false i=true al=0}
04:29:50.220 [qtp961160488-20] DEBUG org.eclipse.jetty.server.HttpConnection - New HTTP Connection HttpConnection@6f120541::SocketChannelEndPoint@f7b873a{l=/127.0.0.1:44247,r=/127.0.0.1:42492,OPEN,fill=-,flush=-,to=0/3000}{io=0/0,kio=0,kro=0}-><null>
04:29:50.220 [qtp961160488-20] DEBUG org.eclipse.jetty.io.ManagedSelector - Queued change lazy=true org.eclipse.jetty.io.ManagedSelector$$Lambda$258/854397033@3c030dce on ManagedSelector@1de5f259{STARTED} id=3 keys=1 selected=0 updates=0
04:29:50.220 [qtp961160488-20] DEBUG org.eclipse.jetty.io.AbstractEndPoint - onOpen SocketChannelEndPoint@f7b873a{l=/127.0.0.1:44247,r=/127.0.0.1:42492,OPEN,fill=-,flush=-,to=0/3000}{io=0/0,kio=0,kro=0}->HttpConnection@6f120541[p=HttpParser{s=START,0 of -1},g=HttpGenerator@70456935{s=START}]=>HttpChannelOverHttp@5f426902{s=HttpChannelState@172b59c7{s=IDLE rs=BLOCKING os=OPEN is=IDLE awp=false se=false i=true al=0},r=0,c=false/false,a=IDLE,uri=null,age=0}
04:29:50.221 [qtp961160488-20] DEBUG org.eclipse.jetty.io.AbstractConnection - onOpen HttpConnection@6f120541::SocketChannelEndPoint@f7b873a{l=/127.0.0.1:44247,r=/127.0.0.1:42492,OPEN,fill=-,flush=-,to=0/3000}{io=0/0,kio=0,kro=0}->HttpConnection@6f120541[p=HttpParser{s=START,0 of -1},g=HttpGenerator@70456935{s=START}]=>HttpChannelOverHttp@5f426902{s=HttpChannelState@172b59c7{s=IDLE rs=BLOCKING os=OPEN is=IDLE awp=false se=false i=true al=0},r=0,c=false/false,a=IDLE,uri=null,age=0}
04:29:50.221 [qtp961160488-20] DEBUG org.eclipse.jetty.io.AbstractConnection - fillInterested HttpConnection@6f120541::SocketChannelEndPoint@f7b873a{l=/127.0.0.1:44247,r=/127.0.0.1:42492,OPEN,fill=-,flush=-,to=0/3000}{io=0/0,kio=0,kro=0}->HttpConnection@6f120541[p=HttpParser{s=START,0 of -1},g=HttpGenerator@70456935{s=START}]=>HttpChannelOverHttp@5f426902{s=HttpChannelState@172b59c7{s=IDLE rs=BLOCKING os=OPEN is=IDLE awp=false se=false i=true al=0},r=0,c=false/false,a=IDLE,uri=null,age=0}
04:29:50.221 [qtp961160488-20] DEBUG org.eclipse.jetty.io.FillInterest - interested FillInterest@3d6df39b{AC.ReadCB@6f120541{HttpConnection@6f120541::SocketChannelEndPoint@f7b873a{l=/127.0.0.1:44247,r=/127.0.0.1:42492,OPEN,fill=FI,flush=-,to=0/3000}{io=0/0,kio=0,kro=0}->HttpConnection@6f120541[p=HttpParser{s=START,0 of -1},g=HttpGenerator@70456935{s=START}]=>HttpChannelOverHttp@5f426902{s=HttpChannelState@172b59c7{s=IDLE rs=BLOCKING os=OPEN is=IDLE awp=false se=false i=true al=0},r=0,c=false/false,a=IDLE,uri=null,age=0}}}
04:29:50.221 [qtp961160488-20] DEBUG org.eclipse.jetty.io.ChannelEndPoint - changeInterests p=false 0->1 for SocketChannelEndPoint@f7b873a{l=/127.0.0.1:44247,r=/127.0.0.1:42492,OPEN,fill=FI,flush=-,to=0/3000}{io=0/1,kio=0,kro=0}->HttpConnection@6f120541[p=HttpParser{s=START,0 of -1},g=HttpGenerator@70456935{s=START}]=>HttpChannelOverHttp@5f426902{s=HttpChannelState@172b59c7{s=IDLE rs=BLOCKING os=OPEN is=IDLE awp=false se=false i=true al=0},r=0,c=false/false,a=IDLE,uri=null,age=0}
04:29:50.221 [qtp961160488-20] DEBUG org.eclipse.jetty.io.ManagedSelector - Queued change lazy=false org.eclipse.jetty.io.ChannelEndPoint$$Lambda$255/1126011505@422ac17a on ManagedSelector@1de5f259{STARTED} id=3 keys=1 selected=0 updates=1
04:29:50.221 [qtp961160488-20] DEBUG org.eclipse.jetty.io.ManagedSelector - Wakeup on submit ManagedSelector@1de5f259{STARTED} id=3 keys=1 selected=0 updates=2
04:29:50.221 [qtp961160488-19] DEBUG org.eclipse.jetty.io.ManagedSelector - Selector sun.nio.ch.EPollSelectorImpl@195030a5 woken with none selected
04:29:50.221 [qtp961160488-19] DEBUG org.eclipse.jetty.io.ManagedSelector - Selector sun.nio.ch.EPollSelectorImpl@195030a5 woken up from select, 0/0/1 selected
04:29:50.221 [qtp961160488-19] DEBUG org.eclipse.jetty.io.ManagedSelector - Selector sun.nio.ch.EPollSelectorImpl@195030a5 processing 0 keys, 2 updates
04:29:50.221 [qtp961160488-20] DEBUG org.eclipse.jetty.io.ManagedSelector - Created SocketChannelEndPoint@f7b873a{l=/127.0.0.1:44247,r=/127.0.0.1:42492,OPEN,fill=FI,flush=-,to=0/3000}{io=0/1,kio=0,kro=0}->HttpConnection@6f120541[p=HttpParser{s=START,0 of -1},g=HttpGenerator@70456935{s=START}]=>HttpChannelOverHttp@5f426902{s=HttpChannelState@172b59c7{s=IDLE rs=BLOCKING os=OPEN is=IDLE awp=false se=false i=true al=0},r=0,c=false/false,a=IDLE,uri=null,age=0}
04:29:50.221 [qtp961160488-19] DEBUG org.eclipse.jetty.io.ManagedSelector - updateable 2
04:29:50.221 [qtp961160488-19] DEBUG org.eclipse.jetty.io.ManagedSelector - update org.eclipse.jetty.io.ManagedSelector$$Lambda$258/854397033@3c030dce
04:29:50.221 [qtp961160488-19] DEBUG org.eclipse.jetty.io.ManagedSelector - update org.eclipse.jetty.io.ChannelEndPoint$$Lambda$255/1126011505@422ac17a
04:29:50.221 [qtp961160488-20] DEBUG org.eclipse.jetty.util.thread.QueuedThreadPool - ran Accept@1f553e27[java.nio.channels.SocketChannel[connected local=/127.0.0.1:44247 remote=/127.0.0.1:42492]] in QueuedThreadPool[qtp961160488]@394a2528{STARTED,8<=8<=200,i=1,r=-1,q=0}[ReservedThreadExecutor@383bfa16{reserved=1/8,pending=0}]
04:29:50.221 [qtp961160488-19] DEBUG org.eclipse.jetty.io.ChannelEndPoint - Key interests updated 0 -> 1 on SocketChannelEndPoint@f7b873a{l=/127.0.0.1:44247,r=/127.0.0.1:42492,OPEN,fill=FI,flush=-,to=0/3000}{io=1/1,kio=1,kro=0}->HttpConnection@6f120541[p=HttpParser{s=START,0 of -1},g=HttpGenerator@70456935{s=START}]=>HttpChannelOverHttp@5f426902{s=HttpChannelState@172b59c7{s=IDLE rs=BLOCKING os=OPEN is=IDLE awp=false se=false i=true al=0},r=0,c=false/false,a=IDLE,uri=null,age=0}
04:29:50.221 [qtp961160488-19] DEBUG org.eclipse.jetty.io.ManagedSelector - updates 0
04:29:50.221 [qtp961160488-19] DEBUG org.eclipse.jetty.io.ManagedSelector - Selector sun.nio.ch.EPollSelectorImpl@195030a5 waiting with 1 keys
04:29:50.224 [qtp961160488-19] DEBUG org.eclipse.jetty.io.ManagedSelector - Selector sun.nio.ch.EPollSelectorImpl@195030a5 woken up from select, 1/1/1 selected
04:29:50.224 [qtp961160488-19] DEBUG org.eclipse.jetty.io.ManagedSelector - Selector sun.nio.ch.EPollSelectorImpl@195030a5 processing 1 keys, 0 updates
04:29:50.224 [qtp961160488-19] DEBUG org.eclipse.jetty.io.ManagedSelector - selected 1 sun.nio.ch.SelectionKeyImpl@1797ddff SocketChannelEndPoint@f7b873a{l=/127.0.0.1:44247,r=/127.0.0.1:42492,OPEN,fill=FI,flush=-,to=2/3000}{io=1/1,kio=1,kro=1}->HttpConnection@6f120541[p=HttpParser{s=START,0 of -1},g=HttpGenerator@70456935{s=START}]=>HttpChannelOverHttp@5f426902{s=HttpChannelState@172b59c7{s=IDLE rs=BLOCKING os=OPEN is=IDLE awp=false se=false i=true al=0},r=0,c=false/false,a=IDLE,uri=null,age=0} 
04:29:50.224 [qtp961160488-19] DEBUG org.eclipse.jetty.io.ChannelEndPoint - onSelected 1->0 r=true w=false for SocketChannelEndPoint@f7b873a{l=/127.0.0.1:44247,r=/127.0.0.1:42492,OPEN,fill=FI,flush=-,to=3/3000}{io=1/0,kio=1,kro=1}->HttpConnection@6f120541[p=HttpParser{s=START,0 of -1},g=HttpGenerator@70456935{s=START}]=>HttpChannelOverHttp@5f426902{s=HttpChannelState@172b59c7{s=IDLE rs=BLOCKING os=OPEN is=IDLE awp=false se=false i=true al=0},r=0,c=false/false,a=IDLE,uri=null,age=0}
04:29:50.224 [qtp961160488-19] DEBUG org.eclipse.jetty.io.ChannelEndPoint - task CEP:SocketChannelEndPoint@f7b873a{l=/127.0.0.1:44247,r=/127.0.0.1:42492,OPEN,fill=FI,flush=-,to=3/3000}{io=1/0,kio=1,kro=1}->HttpConnection@6f120541[p=HttpParser{s=START,0 of -1},g=HttpGenerator@70456935{s=START}]=>HttpChannelOverHttp@5f426902{s=HttpChannelState@172b59c7{s=IDLE rs=BLOCKING os=OPEN is=IDLE awp=false se=false i=true al=0},r=0,c=false/false,a=IDLE,uri=null,age=0}:runFillable:BLOCKING
04:29:50.224 [qtp961160488-19] DEBUG org.eclipse.jetty.util.thread.ReservedThreadExecutor - ReservedThreadExecutor@383bfa16{reserved=1/8,pending=0} tryExecute EatWhatYouKill@6404f418/SelectorProducer@3e11f9e9/PRODUCING/p=false/QueuedThreadPool[qtp961160488]@394a2528{STARTED,8<=8<=200,i=2,r=-1,q=0}[ReservedThreadExecutor@383bfa16{reserved=1/8,pending=0}][pc=0,pic=0,pec=0,epc=0]@2024-05-02T04:29:50.224+01:00
04:29:50.224 [qtp961160488-19] DEBUG org.eclipse.jetty.util.thread.ReservedThreadExecutor - ReservedThreadExecutor@383bfa16{reserved=0/8,pending=1} startReservedThread p=1
04:29:50.224 [qtp961160488-19] DEBUG org.eclipse.jetty.util.thread.QueuedThreadPool - queue ReservedThread@13a85bd5{PENDING,thread=null} startThread=0
04:29:50.225 [qtp961160488-18] DEBUG org.eclipse.jetty.util.thread.QueuedThreadPool - run ReservedThread@13a85bd5{PENDING,thread=null} in QueuedThreadPool[qtp961160488]@394a2528{STARTED,8<=8<=200,i=1,r=-1,q=0}[ReservedThreadExecutor@383bfa16{reserved=0/8,pending=1}]
04:29:50.225 [qtp961160488-18] DEBUG org.eclipse.jetty.util.thread.ReservedThreadExecutor - ReservedThread@13a85bd5{PENDING,thread=Thread[qtp961160488-18,5,main]} was=PENDING next=RESERVED size=0+1 capacity=8
04:29:50.225 [qtp961160488-18] DEBUG org.eclipse.jetty.util.thread.ReservedThreadExecutor - ReservedThread@13a85bd5{RESERVED,thread=Thread[qtp961160488-18,5,main]} waiting ReservedThreadExecutor@383bfa16{reserved=1/8,pending=0}
04:29:50.225 [qtp961160488-19] DEBUG org.eclipse.jetty.util.thread.strategy.EatWhatYouKill - EatWhatYouKill@6404f418/SelectorProducer@3e11f9e9/IDLE/p=true/QueuedThreadPool[qtp961160488]@394a2528{STARTED,8<=8<=200,i=1,r=-1,q=0}[ReservedThreadExecutor@383bfa16{reserved=1/8,pending=0}][pc=0,pic=0,pec=0,epc=0]@2024-05-02T04:29:50.225+01:00 m=EXECUTE_PRODUCE_CONSUME t=CEP:SocketChannelEndPoint@f7b873a{l=/127.0.0.1:44247,r=/127.0.0.1:42492,OPEN,fill=FI,flush=-,to=4/3000}{io=1/0,kio=1,kro=1}->HttpConnection@6f120541[p=HttpParser{s=START,0 of -1},g=HttpGenerator@70456935{s=START}]=>HttpChannelOverHttp@5f426902{s=HttpChannelState@172b59c7{s=IDLE rs=BLOCKING os=OPEN is=IDLE awp=false se=false i=true al=0},r=0,c=false/false,a=IDLE,uri=null,age=0}:runFillable:BLOCKING/BLOCKING
04:29:50.225 [qtp961160488-19] DEBUG org.eclipse.jetty.io.FillInterest - fillable FillInterest@3d6df39b{AC.ReadCB@6f120541{HttpConnection@6f120541::SocketChannelEndPoint@f7b873a{l=/127.0.0.1:44247,r=/127.0.0.1:42492,OPEN,fill=FI,flush=-,to=4/3000}{io=1/0,kio=1,kro=1}->HttpConnection@6f120541[p=HttpParser{s=START,0 of -1},g=HttpGenerator@70456935{s=START}]=>HttpChannelOverHttp@5f426902{s=HttpChannelState@172b59c7{s=IDLE rs=BLOCKING os=OPEN is=IDLE awp=false se=false i=true al=0},r=0,c=false/false,a=IDLE,uri=null,age=0}}}
04:29:50.225 [qtp961160488-19] DEBUG org.eclipse.jetty.server.HttpConnection - HttpConnection@6f120541::SocketChannelEndPoint@f7b873a{l=/127.0.0.1:44247,r=/127.0.0.1:42492,OPEN,fill=-,flush=-,to=4/3000}{io=1/0,kio=1,kro=1}->HttpConnection@6f120541[p=HttpParser{s=START,0 of -1},g=HttpGenerator@70456935{s=START}]=>HttpChannelOverHttp@5f426902{s=HttpChannelState@172b59c7{s=IDLE rs=BLOCKING os=OPEN is=IDLE awp=false se=false i=true al=0},r=0,c=false/false,a=IDLE,uri=null,age=0} onFillable enter HttpChannelState@172b59c7{s=IDLE rs=BLOCKING os=OPEN is=IDLE awp=false se=false i=true al=0} null
04:29:50.225 [qtp961160488-19] DEBUG org.eclipse.jetty.io.ChannelEndPoint - filled 115 HeapByteBuffer@c9025a9[p=0,l=115,c=8192,r=115]={<<<GET / HTTP/1.1\r\nHost: loc...gent: okhttp/3.12.3\r\n\r\n>>>er-Agent:...\x00\x00\x00\x00\x00\x00\x00}
04:29:50.226 [qtp961160488-19] DEBUG org.eclipse.jetty.server.HttpConnection - HttpConnection@6f120541::SocketChannelEndPoint@f7b873a{l=/127.0.0.1:44247,r=/127.0.0.1:42492,OPEN,fill=-,flush=-,to=0/3000}{io=1/0,kio=1,kro=1}->HttpConnection@6f120541[p=HttpParser{s=START,0 of -1},g=HttpGenerator@70456935{s=START}]=>HttpChannelOverHttp@5f426902{s=HttpChannelState@172b59c7{s=IDLE rs=BLOCKING os=OPEN is=IDLE awp=false se=false i=true al=0},r=0,c=false/false,a=IDLE,uri=null,age=0} filled 115 HeapByteBuffer@c9025a9[p=0,l=115,c=8192,r=115]={<<<GET / HTTP/1.1\r\nHost: loc...gent: okhttp/3.12.3\r\n\r\n>>>er-Agent:...\x00\x00\x00\x00\x00\x00\x00}
04:29:50.226 [qtp961160488-19] DEBUG org.eclipse.jetty.server.HttpConnection - HttpConnection@6f120541::SocketChannelEndPoint@f7b873a{l=/127.0.0.1:44247,r=/127.0.0.1:42492,OPEN,fill=-,flush=-,to=0/3000}{io=1/0,kio=1,kro=1}->HttpConnection@6f120541[p=HttpParser{s=START,0 of -1},g=HttpGenerator@70456935{s=START}]=>HttpChannelOverHttp@5f426902{s=HttpChannelState@172b59c7{s=IDLE rs=BLOCKING os=OPEN is=IDLE awp=false se=false i=true al=0},r=0,c=false/false,a=IDLE,uri=null,age=0} parse HeapByteBuffer@c9025a9[p=0,l=115,c=8192,r=115]={<<<GET / HTTP/1.1\r\nHost: loc...gent: okhttp/3.12.3\r\n\r\n>>>er-Agent:...\x00\x00\x00\x00\x00\x00\x00} {}
04:29:50.226 [qtp961160488-19] DEBUG org.eclipse.jetty.http.HttpParser - parseNext s=START HeapByteBuffer@c9025a9[p=0,l=115,c=8192,r=115]={<<<GET / HTTP/1.1\r\nHost: loc...gent: okhttp/3.12.3\r\n\r\n>>>er-Agent:...\x00\x00\x00\x00\x00\x00\x00}
04:29:50.226 [qtp961160488-19] DEBUG org.eclipse.jetty.http.HttpParser - START --> SPACE1
04:29:50.226 [qtp961160488-19] DEBUG org.eclipse.jetty.http.HttpParser - SPACE1 --> URI
04:29:50.226 [qtp961160488-19] DEBUG org.eclipse.jetty.http.HttpParser - URI --> SPACE2
04:29:50.226 [qtp961160488-19] DEBUG org.eclipse.jetty.http.HttpParser - SPACE2 --> REQUEST_VERSION
04:29:50.226 [qtp961160488-19] DEBUG org.eclipse.jetty.http.HttpParser - REQUEST_VERSION --> HEADER
04:29:50.226 [qtp961160488-19] DEBUG org.eclipse.jetty.http.HttpParser - HEADER:Host --> VALUE
04:29:50.226 [qtp961160488-19] DEBUG org.eclipse.jetty.http.HttpParser - HEADER:Host --> IN_VALUE
04:29:50.226 [qtp961160488-19] DEBUG org.eclipse.jetty.http.HttpParser - HEADER:Host --> FIELD
04:29:50.226 [qtp961160488-19] DEBUG org.eclipse.jetty.http.HttpParser - HEADER:Connection: keep-alive --> IN_VALUE
04:29:50.226 [qtp961160488-19] DEBUG org.eclipse.jetty.http.HttpParser - HEADER:Connection: keep-alive --> FIELD
04:29:50.226 [qtp961160488-22] DEBUG org.eclipse.jetty.util.thread.ReservedThreadExecutor - ReservedThread@80175f3{RESERVED,thread=Thread[qtp961160488-22,5,main]} task=EatWhatYouKill@6404f418/SelectorProducer@3e11f9e9/IDLE/p=true/QueuedThreadPool[qtp961160488]@394a2528{STARTED,8<=8<=200,i=1,r=-1,q=0}[ReservedThreadExecutor@383bfa16{reserved=0/8,pending=1}][pc=0,pic=0,pec=0,epc=0]@2024-05-02T04:29:50.225+01:00 ReservedThreadExecutor@383bfa16{reserved=1/8,pending=0}
04:29:50.226 [qtp961160488-19] DEBUG org.eclipse.jetty.http.HttpParser - HEADER:Accept-Encoding: gzip --> IN_VALUE
04:29:50.226 [qtp961160488-19] DEBUG org.eclipse.jetty.http.HttpParser - HEADER:Accept-Encoding: gzip --> FIELD
04:29:50.226 [qtp961160488-19] DEBUG org.eclipse.jetty.http.HttpParser - HEADER:User-Agent --> VALUE
04:29:50.226 [qtp961160488-19] DEBUG org.eclipse.jetty.http.HttpParser - HEADER:User-Agent --> IN_VALUE
04:29:50.226 [qtp961160488-19] DEBUG org.eclipse.jetty.http.HttpParser - HEADER:User-Agent --> FIELD
04:29:50.226 [qtp961160488-19] DEBUG org.eclipse.jetty.http.HttpParser - HEADER --> CONTENT
04:29:50.226 [qtp961160488-22] DEBUG org.eclipse.jetty.util.thread.strategy.EatWhatYouKill - EatWhatYouKill@6404f418/SelectorProducer@3e11f9e9/IDLE/p=true/QueuedThreadPool[qtp961160488]@394a2528{STARTED,8<=8<=200,i=1,r=-1,q=0}[ReservedThreadExecutor@383bfa16{reserved=1/8,pending=0}][pc=0,pic=0,pec=0,epc=1]@2024-05-02T04:29:50.226+01:00 tryProduce true
04:29:50.226 [qtp961160488-22] DEBUG org.eclipse.jetty.io.ManagedSelector - updateable 0
04:29:50.226 [qtp961160488-22] DEBUG org.eclipse.jetty.io.ManagedSelector - updates 0
04:29:50.226 [qtp961160488-19] DEBUG org.eclipse.jetty.server.HttpChannel - REQUEST for //localhost:44247/ on HttpChannelOverHttp@5f426902{s=HttpChannelState@172b59c7{s=IDLE rs=BLOCKING os=OPEN is=IDLE awp=false se=false i=true al=0},r=1,c=false/false,a=IDLE,uri=//localhost:44247/,age=0}
GET //localhost:44247/ HTTP/1.1
Host: localhost:44247
Connection: keep-alive
Accept-Encoding: gzip
User-Agent: okhttp/3.12.3


04:29:50.226 [qtp961160488-22] DEBUG org.eclipse.jetty.io.ChannelEndPoint - Key interests updated 1 -> 0 on SocketChannelEndPoint@f7b873a{l=/127.0.0.1:44247,r=/127.0.0.1:42492,OPEN,fill=-,flush=-,to=0/3000}{io=0/0,kio=0,kro=1}->HttpConnection@6f120541[p=HttpParser{s=CONTENT,0 of -1},g=HttpGenerator@70456935{s=START}]=>HttpChannelOverHttp@5f426902{s=HttpChannelState@172b59c7{s=IDLE rs=BLOCKING os=OPEN is=IDLE awp=false se=false i=true al=0},r=1,c=false/false,a=IDLE,uri=//localhost:44247/,age=0}
04:29:50.227 [qtp961160488-22] DEBUG org.eclipse.jetty.io.ManagedSelector - Selector sun.nio.ch.EPollSelectorImpl@195030a5 waiting with 1 keys
04:29:50.227 [qtp961160488-19] DEBUG org.eclipse.jetty.server.HttpConnection - HttpConnection@6f120541::SocketChannelEndPoint@f7b873a{l=/127.0.0.1:44247,r=/127.0.0.1:42492,OPEN,fill=-,flush=-,to=1/3000}{io=0/0,kio=0,kro=1}->HttpConnection@6f120541[p=HttpParser{s=CONTENT,0 of -1},g=HttpGenerator@70456935{s=START}]=>HttpChannelOverHttp@5f426902{s=HttpChannelState@172b59c7{s=IDLE rs=BLOCKING os=OPEN is=IDLE awp=false se=false i=true al=0},r=1,c=false/false,a=IDLE,uri=//localhost:44247/,age=1} parsed true HttpParser{s=CONTENT,0 of -1}
04:29:50.227 [qtp961160488-19] DEBUG org.eclipse.jetty.server.HttpConnection - releaseRequestBuffer HttpConnection@6f120541::SocketChannelEndPoint@f7b873a{l=/127.0.0.1:44247,r=/127.0.0.1:42492,OPEN,fill=-,flush=-,to=1/3000}{io=0/0,kio=0,kro=1}->HttpConnection@6f120541[p=HttpParser{s=CONTENT,0 of -1},g=HttpGenerator@70456935{s=START}]=>HttpChannelOverHttp@5f426902{s=HttpChannelState@172b59c7{s=IDLE rs=BLOCKING os=OPEN is=IDLE awp=false se=false i=true al=0},r=1,c=false/false,a=IDLE,uri=//localhost:44247/,age=1}
04:29:50.227 [qtp961160488-19] DEBUG org.eclipse.jetty.server.HttpChannel - handle //localhost:44247/ HttpChannelOverHttp@5f426902{s=HttpChannelState@172b59c7{s=IDLE rs=BLOCKING os=OPEN is=IDLE awp=false se=false i=true al=0},r=1,c=false/false,a=IDLE,uri=//localhost:44247/,age=1} 
04:29:50.227 [qtp961160488-19] DEBUG org.eclipse.jetty.server.HttpChannelState - handling HttpChannelState@172b59c7{s=IDLE rs=BLOCKING os=OPEN is=IDLE awp=false se=false i=true al=0}
04:29:50.227 [qtp961160488-19] DEBUG org.eclipse.jetty.server.HttpChannel - action DISPATCH HttpChannelOverHttp@5f426902{s=HttpChannelState@172b59c7{s=HANDLING rs=BLOCKING os=OPEN is=IDLE awp=false se=false i=true al=0},r=1,c=false/false,a=HANDLING,uri=//localhost:44247/,age=1}
04:29:50.227 [qtp961160488-19] DEBUG org.eclipse.jetty.server.Server - REQUEST GET / on HttpChannelOverHttp@5f426902{s=HttpChannelState@172b59c7{s=HANDLING rs=BLOCKING os=OPEN is=IDLE awp=false se=false i=true al=0},r=1,c=false/false,a=HANDLING,uri=//localhost:44247/,age=1}
04:29:50.227 [qtp961160488-19] DEBUG org.eclipse.jetty.server.HttpOutput - write(array HeapByteBuffer@56aad7c4[p=0,l=4,c=512,r=4]={<<<test>>>\x00\x00\x00\x00\x00\x00\x00\x00\x00...\x00\x00\x00\x00\x00\x00\x00})
04:29:50.227 [qtp961160488-19] DEBUG org.eclipse.jetty.server.HttpOutput - write(array) s=CLOSING,api=BLOCKED,sc=false,e=null last=true agg=false flush=true async=false, len=4 null
04:29:50.227 [qtp961160488-19] DEBUG org.eclipse.jetty.server.HttpChannel - sendResponse info=null content=HeapByteBuffer@4e6710ac[p=0,l=4,c=512,r=4]={<<<test>>>\x00\x00\x00\x00\x00\x00\x00\x00\x00...\x00\x00\x00\x00\x00\x00\x00} complete=true committing=true callback=Blocker@67b644ba{null}
04:29:50.227 [qtp961160488-19] DEBUG org.eclipse.jetty.server.HttpChannel - COMMIT for / on HttpChannelOverHttp@5f426902{s=HttpChannelState@172b59c7{s=HANDLING rs=BLOCKING os=COMMITTED is=IDLE awp=false se=false i=true al=0},r=1,c=false/false,a=HANDLING,uri=//localhost:44247/,age=1}
200 null HTTP/1.1
Date: Thu, 02 May 2024 03:29:50 GMT
ETag: testEtag
Content-Type: text/plain;charset=utf-8
Content-Length: 4


04:29:50.227 [qtp961160488-19] DEBUG org.eclipse.jetty.server.HttpConnection - generate: NEED_HEADER for SendCallback@3691dd6a[PROCESSING][i=HTTP/1.1{s=200,h=4,cl=4},cb=org.eclipse.jetty.server.HttpChannel$SendCallback@3685288b] (null,[p=0,l=4,c=512,r=4],true)@START
04:29:50.227 [qtp961160488-19] DEBUG org.eclipse.jetty.http.HttpGenerator - generateHeaders HTTP/1.1{s=200,h=4,cl=4} last=true content=HeapByteBuffer@4e6710ac[p=0,l=4,c=512,r=4]={<<<test>>>\x00\x00\x00\x00\x00\x00\x00\x00\x00...\x00\x00\x00\x00\x00\x00\x00}
04:29:50.227 [qtp961160488-19] DEBUG org.eclipse.jetty.http.HttpGenerator - Date: Thu, 02 May 2024 03:29:50 GMT
ETag: testEtag
Content-Type: text/plain;charset=utf-8
Content-Length: 4


04:29:50.228 [qtp961160488-19] DEBUG org.eclipse.jetty.http.HttpGenerator - CONTENT_LENGTH
04:29:50.228 [qtp961160488-19] DEBUG org.eclipse.jetty.server.HttpConnection - generate: FLUSH for SendCallback@3691dd6a[PROCESSING][i=HTTP/1.1{s=200,h=4,cl=4},cb=org.eclipse.jetty.server.HttpChannel$SendCallback@3685288b] ([p=0,l=164,c=8192,r=164],[p=0,l=4,c=512,r=4],true)@COMPLETING
04:29:50.228 [qtp961160488-19] DEBUG org.eclipse.jetty.io.WriteFlusher - write: WriteFlusher@4011ac87{IDLE}->null [HeapByteBuffer@c9025a9[p=0,l=164,c=8192,r=164]={<<<HTTP/1.1 200 OK\r\nDate: Th...y(9.4.44.v20210927)\r\n\r\n>>>\x00\x00\x00\x00\x00\x00\x00\x00\x00...\x00\x00\x00\x00\x00\x00\x00},HeapByteBuffer@4e6710ac[p=0,l=4,c=512,r=4]={<<<test>>>\x00\x00\x00\x00\x00\x00\x00\x00\x00...\x00\x00\x00\x00\x00\x00\x00}]
04:29:50.228 [qtp961160488-19] DEBUG org.eclipse.jetty.io.WriteFlusher - update WriteFlusher@4011ac87{WRITING}->null:IDLE-->WRITING
04:29:50.228 [main] DEBUG org.apache.nifi.minifi.bootstrap.configuration.ingestors.PullHttpChangeIngestor - Response received: Response{protocol=http/1.1, code=200, message=OK, url=http://localhost:44247/}
04:29:50.228 [qtp961160488-19] DEBUG org.eclipse.jetty.io.ChannelEndPoint - flushed 168 SocketChannelEndPoint@f7b873a{l=/127.0.0.1:44247,r=/127.0.0.1:42492,OPEN,fill=-,flush=W,to=2/3000}{io=0/0,kio=0,kro=1}->HttpConnection@6f120541[p=HttpParser{s=CONTENT,0 of -1},g=HttpGenerator@70456935{s=COMPLETING}]=>HttpChannelOverHttp@5f426902{s=HttpChannelState@172b59c7{s=HANDLING rs=BLOCKING os=COMMITTED is=IDLE awp=false se=false i=true al=0},r=1,c=false/false,a=HANDLING,uri=//localhost:44247/,age=2}
04:29:50.228 [qtp961160488-19] DEBUG org.eclipse.jetty.io.WriteFlusher - Flushed=true written=168 remaining=0 WriteFlusher@4011ac87{WRITING}->null
04:29:50.228 [qtp961160488-19] DEBUG org.eclipse.jetty.io.WriteFlusher - update WriteFlusher@4011ac87{IDLE}->null:WRITING-->IDLE
04:29:50.228 [main] DEBUG org.apache.nifi.minifi.bootstrap.configuration.ingestors.PullHttpChangeIngestor - New change received, notifying listener
04:29:50.228 [main] DEBUG org.apache.nifi.minifi.bootstrap.configuration.ingestors.PullHttpChangeIngestor - Listeners notified
04:29:50.228 [qtp961160488-19] DEBUG org.eclipse.jetty.server.HttpConnection - generate: DONE for SendCallback@3691dd6a[PROCESSING][i=HTTP/1.1{s=200,h=4,cl=4},cb=org.eclipse.jetty.server.HttpChannel$SendCallback@3685288b] ([p=164,l=164,c=8192,r=0],[p=4,l=4,c=512,r=0],true)@END
04:29:50.228 [qtp961160488-19] DEBUG org.eclipse.jetty.server.HttpOutput - onWriteComplete(true,null) s=CLOSING,api=BLOCKED,sc=false,e=null->s=CLOSED,api=BLOCKING,sc=false,e=null c=null cb=null w=false
04:29:50.228 [qtp961160488-19] DEBUG org.eclipse.jetty.server.HttpOutput - close() s=CLOSED,api=BLOCKING,sc=false,e=null c=null b=null
]]></system-out>
  </testcase>
  <testcase name="testUseEtagWithPath" classname="org.apache.nifi.minifi.bootstrap.configuration.ingestors.PullHttpChangeIngestorTest" time="0.027">
    <system-out><![CDATA[04:29:50.228 [qtp961160488-19] DEBUG org.eclipse.jetty.server.Server - handled=true async=false committed=true on HttpChannelOverHttp@5f426902{s=HttpChannelState@172b59c7{s=HANDLING rs=BLOCKING os=COMPLETED is=IDLE awp=false se=false i=true al=0},r=1,c=false/true,a=HANDLING,uri=//localhost:44247/,age=2}
04:29:50.228 [qtp961160488-19] DEBUG org.eclipse.jetty.server.HttpChannelState - unhandle HttpChannelState@172b59c7{s=HANDLING rs=BLOCKING os=COMPLETED is=IDLE awp=false se=false i=true al=0}
04:29:50.229 [qtp961160488-19] DEBUG org.eclipse.jetty.server.HttpChannelState - nextAction(false) COMPLETE HttpChannelState@172b59c7{s=HANDLING rs=COMPLETING os=COMPLETED is=IDLE awp=false se=false i=false al=0}
04:29:50.229 [qtp961160488-19] DEBUG org.eclipse.jetty.server.HttpChannel - action COMPLETE HttpChannelOverHttp@5f426902{s=HttpChannelState@172b59c7{s=HANDLING rs=COMPLETING os=COMPLETED is=IDLE awp=false se=false i=false al=0},r=1,c=false/true,a=HANDLING,uri=//localhost:44247/,age=3}
04:29:50.229 [qtp961160488-19] DEBUG org.eclipse.jetty.server.HttpOutput - complete(org.eclipse.jetty.util.Callback$3@15d7b3ab) s=CLOSED,api=BLOCKING,sc=false,e=null s=true e=null, c=null
04:29:50.229 [qtp961160488-19] DEBUG org.eclipse.jetty.server.HttpChannelState - completed HttpChannelState@172b59c7{s=HANDLING rs=COMPLETING os=COMPLETED is=IDLE awp=false se=false i=false al=0}
04:29:50.229 [qtp961160488-19] DEBUG org.eclipse.jetty.server.HttpChannelState - unhandle HttpChannelState@172b59c7{s=HANDLING rs=COMPLETED os=COMPLETED is=IDLE awp=false se=false i=false al=0}
04:29:50.229 [qtp961160488-19] DEBUG org.eclipse.jetty.server.HttpChannelState - nextAction(false) TERMINATED HttpChannelState@172b59c7{s=IDLE rs=COMPLETED os=COMPLETED is=IDLE awp=false se=false i=false al=0}
04:29:50.229 [qtp961160488-19] DEBUG org.eclipse.jetty.server.HttpChannel - action TERMINATED HttpChannelOverHttp@5f426902{s=HttpChannelState@172b59c7{s=IDLE rs=COMPLETED os=COMPLETED is=IDLE awp=false se=false i=false al=0},r=1,c=true/true,a=IDLE,uri=//localhost:44247/,age=3}
04:29:50.229 [qtp961160488-19] DEBUG org.eclipse.jetty.server.HttpChannel - onCompleted for / written=4
04:29:50.229 [qtp961160488-19] DEBUG org.eclipse.jetty.io.ChannelEndPoint - filled 0 HeapByteBuffer@c9025a9[p=0,l=0,c=8192,r=0]={<<<>>>HTTP/1.1 ...\x00\x00\x00\x00\x00\x00\x00}
04:29:50.229 [qtp961160488-19] DEBUG org.eclipse.jetty.io.ChannelEndPoint - filled 0 HeapByteBuffer@c9025a9[p=0,l=0,c=8192,r=0]={<<<>>>HTTP/1.1 ...\x00\x00\x00\x00\x00\x00\x00}
04:29:50.229 [qtp961160488-19] DEBUG org.eclipse.jetty.server.HttpConnection - HttpConnection@6f120541::SocketChannelEndPoint@f7b873a{l=/127.0.0.1:44247,r=/127.0.0.1:42492,OPEN,fill=-,flush=-,to=1/3000}{io=0/0,kio=0,kro=1}->HttpConnection@6f120541[p=HttpParser{s=CONTENT,0 of -1},g=HttpGenerator@70456935{s=END}]=>HttpChannelOverHttp@5f426902{s=HttpChannelState@172b59c7{s=IDLE rs=COMPLETED os=COMPLETED is=IDLE awp=false se=false i=false al=0},r=1,c=true/true,a=IDLE,uri=//localhost:44247/,age=3} filled 0 HeapByteBuffer@c9025a9[p=0,l=0,c=8192,r=0]={<<<>>>HTTP/1.1 ...\x00\x00\x00\x00\x00\x00\x00}
04:29:50.229 [qtp961160488-19] DEBUG org.eclipse.jetty.server.HttpConnection - HttpConnection@6f120541::SocketChannelEndPoint@f7b873a{l=/127.0.0.1:44247,r=/127.0.0.1:42492,OPEN,fill=-,flush=-,to=1/3000}{io=0/0,kio=0,kro=1}->HttpConnection@6f120541[p=HttpParser{s=CONTENT,0 of -1},g=HttpGenerator@70456935{s=END}]=>HttpChannelOverHttp@5f426902{s=HttpChannelState@172b59c7{s=IDLE rs=COMPLETED os=COMPLETED is=IDLE awp=false se=false i=false al=0},r=1,c=true/true,a=IDLE,uri=//localhost:44247/,age=3} parse HeapByteBuffer@c9025a9[p=0,l=0,c=8192,r=0]={<<<>>>HTTP/1.1 ...\x00\x00\x00\x00\x00\x00\x00} {}
04:29:50.229 [qtp961160488-19] DEBUG org.eclipse.jetty.http.HttpParser - parseNext s=CONTENT HeapByteBuffer@c9025a9[p=0,l=0,c=8192,r=0]={<<<>>>HTTP/1.1 ...\x00\x00\x00\x00\x00\x00\x00}
04:29:50.230 [qtp961160488-19] DEBUG org.eclipse.jetty.http.HttpParser - CONTENT --> CONTENT_END
04:29:50.230 [qtp961160488-19] DEBUG org.eclipse.jetty.server.HttpChannel - onContentComplete HttpChannelOverHttp@5f426902{s=HttpChannelState@172b59c7{s=IDLE rs=COMPLETED os=COMPLETED is=IDLE awp=false se=false i=false al=0},r=1,c=true/true,a=IDLE,uri=//localhost:44247/,age=4}
04:29:50.230 [qtp961160488-19] DEBUG org.eclipse.jetty.http.HttpParser - CONTENT_END --> END
04:29:50.230 [main] DEBUG org.apache.nifi.minifi.bootstrap.configuration.ingestors.PullHttpChangeIngestor - Attempting to pull new config
04:29:50.230 [qtp961160488-19] DEBUG org.eclipse.jetty.server.HttpChannel - onRequestComplete HttpChannelOverHttp@5f426902{s=HttpChannelState@172b59c7{s=IDLE rs=COMPLETED os=COMPLETED is=IDLE awp=false se=false i=false al=0},r=1,c=true/true,a=IDLE,uri=//localhost:44247/,age=4}
04:29:50.230 [qtp961160488-19] DEBUG org.eclipse.jetty.server.HttpInput - HttpInputOverHTTP@2d9556f6[c=0,q=0,[0]=null,s=STREAM] addContent EOF
04:29:50.230 [qtp961160488-19] DEBUG org.eclipse.jetty.server.HttpConnection - HttpConnection@6f120541::SocketChannelEndPoint@f7b873a{l=/127.0.0.1:44247,r=/127.0.0.1:42492,OPEN,fill=-,flush=-,to=1/3000}{io=0/0,kio=0,kro=1}->HttpConnection@6f120541[p=HttpParser{s=END,0 of -1},g=HttpGenerator@70456935{s=END}]=>HttpChannelOverHttp@5f426902{s=HttpChannelState@172b59c7{s=IDLE rs=COMPLETED os=COMPLETED is=IDLE awp=false se=false i=false al=0},r=1,c=true/true,a=IDLE,uri=//localhost:44247/,age=4} parsed false HttpParser{s=END,0 of -1}
04:29:50.230 [qtp961160488-19] DEBUG org.eclipse.jetty.server.HttpConnection - releaseRequestBuffer HttpConnection@6f120541::SocketChannelEndPoint@f7b873a{l=/127.0.0.1:44247,r=/127.0.0.1:42492,OPEN,fill=-,flush=-,to=1/3000}{io=0/0,kio=0,kro=1}->HttpConnection@6f120541[p=HttpParser{s=END,0 of -1},g=HttpGenerator@70456935{s=END}]=>HttpChannelOverHttp@5f426902{s=HttpChannelState@172b59c7{s=IDLE rs=COMPLETED os=COMPLETED is=IDLE awp=false se=false i=false al=0},r=1,c=true/true,a=IDLE,uri=//localhost:44247/,age=4}
04:29:50.230 [qtp961160488-19] DEBUG org.eclipse.jetty.server.HttpChannelState - recycle HttpChannelState@172b59c7{s=IDLE rs=COMPLETED os=COMPLETED is=IDLE awp=false se=false i=false al=0}
04:29:50.230 [qtp961160488-19] DEBUG org.eclipse.jetty.http.HttpParser - reset HttpParser{s=END,0 of -1}
04:29:50.230 [qtp961160488-19] DEBUG org.eclipse.jetty.http.HttpParser - END --> START
04:29:50.230 [qtp961160488-19] DEBUG org.eclipse.jetty.server.HttpChannel - !handle TERMINATED HttpChannelOverHttp@5f426902{s=HttpChannelState@172b59c7{s=IDLE rs=BLOCKING os=OPEN is=IDLE awp=false se=false i=true al=0},r=1,c=false/false,a=IDLE,uri=null,age=0}
04:29:50.230 [qtp961160488-17-acceptor-0@1e1a0406-ServerConnector@446293d{HTTP/1.1, (http/1.1)}{localhost:44247}] DEBUG org.eclipse.jetty.io.ManagedSelector - Queued change lazy=false Accept@5a57a3a9[java.nio.channels.SocketChannel[connected local=/127.0.0.1:44247 remote=/127.0.0.1:42494]] on ManagedSelector@194bcebf{STARTED} id=0 keys=0 selected=0 updates=0
04:29:50.230 [qtp961160488-19] DEBUG org.eclipse.jetty.io.ChannelEndPoint - filled 0 HeapByteBuffer@c9025a9[p=0,l=0,c=8192,r=0]={<<<>>>HTTP/1.1 ...\x00\x00\x00\x00\x00\x00\x00}
04:29:50.230 [qtp961160488-17-acceptor-0@1e1a0406-ServerConnector@446293d{HTTP/1.1, (http/1.1)}{localhost:44247}] DEBUG org.eclipse.jetty.io.ManagedSelector - Wakeup on submit ManagedSelector@194bcebf{STARTED} id=0 keys=0 selected=0 updates=1
04:29:50.230 [qtp961160488-19] DEBUG org.eclipse.jetty.io.ChannelEndPoint - filled 0 HeapByteBuffer@c9025a9[p=0,l=0,c=8192,r=0]={<<<>>>HTTP/1.1 ...\x00\x00\x00\x00\x00\x00\x00}
04:29:50.230 [qtp961160488-15] DEBUG org.eclipse.jetty.io.ManagedSelector - Selector sun.nio.ch.EPollSelectorImpl@37060169 woken with none selected
04:29:50.230 [qtp961160488-15] DEBUG org.eclipse.jetty.io.ManagedSelector - Selector sun.nio.ch.EPollSelectorImpl@37060169 woken up from select, 0/0/0 selected
04:29:50.231 [qtp961160488-19] DEBUG org.eclipse.jetty.server.HttpConnection - HttpConnection@6f120541::SocketChannelEndPoint@f7b873a{l=/127.0.0.1:44247,r=/127.0.0.1:42492,OPEN,fill=-,flush=-,to=2/3000}{io=0/0,kio=0,kro=1}->HttpConnection@6f120541[p=HttpParser{s=START,0 of -1},g=HttpGenerator@70456935{s=START}]=>HttpChannelOverHttp@5f426902{s=HttpChannelState@172b59c7{s=IDLE rs=BLOCKING os=OPEN is=IDLE awp=false se=false i=true al=0},r=1,c=false/false,a=IDLE,uri=null,age=0} filled 0 HeapByteBuffer@c9025a9[p=0,l=0,c=8192,r=0]={<<<>>>HTTP/1.1 ...\x00\x00\x00\x00\x00\x00\x00}
04:29:50.231 [qtp961160488-15] DEBUG org.eclipse.jetty.io.ManagedSelector - Selector sun.nio.ch.EPollSelectorImpl@37060169 processing 0 keys, 1 updates
04:29:50.231 [qtp961160488-15] DEBUG org.eclipse.jetty.io.ManagedSelector - updateable 1
04:29:50.231 [qtp961160488-15] DEBUG org.eclipse.jetty.io.ManagedSelector - update Accept@5a57a3a9[java.nio.channels.SocketChannel[connected local=/127.0.0.1:44247 remote=/127.0.0.1:42494]]
04:29:50.231 [qtp961160488-15] DEBUG org.eclipse.jetty.util.thread.QueuedThreadPool - queue Accept@5a57a3a9[java.nio.channels.SocketChannel[connected local=/127.0.0.1:44247 remote=/127.0.0.1:42494]] startThread=0
04:29:50.231 [qtp961160488-15] DEBUG org.eclipse.jetty.io.ManagedSelector - updates 0
04:29:50.231 [qtp961160488-15] DEBUG org.eclipse.jetty.io.ManagedSelector - Selector sun.nio.ch.EPollSelectorImpl@37060169 waiting with 1 keys
04:29:50.231 [qtp961160488-20] DEBUG org.eclipse.jetty.util.thread.QueuedThreadPool - run Accept@5a57a3a9[java.nio.channels.SocketChannel[connected local=/127.0.0.1:44247 remote=/127.0.0.1:42494]] in QueuedThreadPool[qtp961160488]@394a2528{STARTED,8<=8<=200,i=0,r=-1,q=0}[ReservedThreadExecutor@383bfa16{reserved=1/8,pending=0}]
04:29:50.231 [qtp961160488-20] DEBUG org.eclipse.jetty.io.IdleTimeout - SocketChannelEndPoint@66e3d98c{l=/127.0.0.1:44247,r=/127.0.0.1:42494,OPEN,fill=-,flush=-,to=0/3000}{io=0/0,kio=0,kro=0}-><null> idle timeout check, elapsed: 0 ms, remaining: 3000 ms
04:29:50.231 [qtp961160488-19] DEBUG org.eclipse.jetty.server.HttpConnection - HttpConnection@6f120541::SocketChannelEndPoint@f7b873a{l=/127.0.0.1:44247,r=/127.0.0.1:42492,OPEN,fill=-,flush=-,to=2/3000}{io=0/0,kio=0,kro=1}->HttpConnection@6f120541[p=HttpParser{s=START,0 of -1},g=HttpGenerator@70456935{s=START}]=>HttpChannelOverHttp@5f426902{s=HttpChannelState@172b59c7{s=IDLE rs=BLOCKING os=OPEN is=IDLE awp=false se=false i=true al=0},r=1,c=false/false,a=IDLE,uri=null,age=0} parse HeapByteBuffer@c9025a9[p=0,l=0,c=8192,r=0]={<<<>>>HTTP/1.1 ...\x00\x00\x00\x00\x00\x00\x00} {}
04:29:50.231 [qtp961160488-20] DEBUG org.eclipse.jetty.server.HttpChannel - new HttpChannelOverHttp@3d3408a4{s=HttpChannelState@6f97d5b2{s=IDLE rs=BLOCKING os=OPEN is=IDLE awp=false se=false i=true al=0},r=0,c=false/false,a=IDLE,uri=null,age=0} -> SocketChannelEndPoint@66e3d98c{l=/127.0.0.1:44247,r=/127.0.0.1:42494,OPEN,fill=-,flush=-,to=0/3000}{io=0/0,kio=0,kro=0}-><null>,null,HttpChannelState@6f97d5b2{s=IDLE rs=BLOCKING os=OPEN is=IDLE awp=false se=false i=true al=0}
04:29:50.231 [qtp961160488-19] DEBUG org.eclipse.jetty.http.HttpParser - parseNext s=START HeapByteBuffer@c9025a9[p=0,l=0,c=8192,r=0]={<<<>>>HTTP/1.1 ...\x00\x00\x00\x00\x00\x00\x00}
04:29:50.231 [qtp961160488-20] DEBUG org.eclipse.jetty.server.HttpConnection - New HTTP Connection HttpConnection@7ba2e82b::SocketChannelEndPoint@66e3d98c{l=/127.0.0.1:44247,r=/127.0.0.1:42494,OPEN,fill=-,flush=-,to=0/3000}{io=0/0,kio=0,kro=0}-><null>
04:29:50.231 [qtp961160488-20] DEBUG org.eclipse.jetty.io.ManagedSelector - Queued change lazy=true org.eclipse.jetty.io.ManagedSelector$$Lambda$258/854397033@375716a on ManagedSelector@194bcebf{STARTED} id=0 keys=1 selected=0 updates=0
04:29:50.231 [qtp961160488-19] DEBUG org.eclipse.jetty.server.HttpConnection - HttpConnection@6f120541::SocketChannelEndPoint@f7b873a{l=/127.0.0.1:44247,r=/127.0.0.1:42492,OPEN,fill=-,flush=-,to=3/3000}{io=0/0,kio=0,kro=1}->HttpConnection@6f120541[p=HttpParser{s=START,0 of -1},g=HttpGenerator@70456935{s=START}]=>HttpChannelOverHttp@5f426902{s=HttpChannelState@172b59c7{s=IDLE rs=BLOCKING os=OPEN is=IDLE awp=false se=false i=true al=0},r=1,c=false/false,a=IDLE,uri=null,age=0} parsed false HttpParser{s=START,0 of -1}
04:29:50.232 [qtp961160488-20] DEBUG org.eclipse.jetty.io.AbstractEndPoint - onOpen SocketChannelEndPoint@66e3d98c{l=/127.0.0.1:44247,r=/127.0.0.1:42494,OPEN,fill=-,flush=-,to=0/3000}{io=0/0,kio=0,kro=0}->HttpConnection@7ba2e82b[p=HttpParser{s=START,0 of -1},g=HttpGenerator@1e993888{s=START}]=>HttpChannelOverHttp@3d3408a4{s=HttpChannelState@6f97d5b2{s=IDLE rs=BLOCKING os=OPEN is=IDLE awp=false se=false i=true al=0},r=0,c=false/false,a=IDLE,uri=null,age=0}
04:29:50.232 [qtp961160488-19] DEBUG org.eclipse.jetty.server.HttpConnection - releaseRequestBuffer HttpConnection@6f120541::SocketChannelEndPoint@f7b873a{l=/127.0.0.1:44247,r=/127.0.0.1:42492,OPEN,fill=-,flush=-,to=3/3000}{io=0/0,kio=0,kro=1}->HttpConnection@6f120541[p=HttpParser{s=START,0 of -1},g=HttpGenerator@70456935{s=START}]=>HttpChannelOverHttp@5f426902{s=HttpChannelState@172b59c7{s=IDLE rs=BLOCKING os=OPEN is=IDLE awp=false se=false i=true al=0},r=1,c=false/false,a=IDLE,uri=null,age=0}
04:29:50.232 [qtp961160488-20] DEBUG org.eclipse.jetty.io.AbstractConnection - onOpen HttpConnection@7ba2e82b::SocketChannelEndPoint@66e3d98c{l=/127.0.0.1:44247,r=/127.0.0.1:42494,OPEN,fill=-,flush=-,to=0/3000}{io=0/0,kio=0,kro=0}->HttpConnection@7ba2e82b[p=HttpParser{s=START,0 of -1},g=HttpGenerator@1e993888{s=START}]=>HttpChannelOverHttp@3d3408a4{s=HttpChannelState@6f97d5b2{s=IDLE rs=BLOCKING os=OPEN is=IDLE awp=false se=false i=true al=0},r=0,c=false/false,a=IDLE,uri=null,age=0}
04:29:50.232 [qtp961160488-19] DEBUG org.eclipse.jetty.io.AbstractConnection - fillInterested HttpConnection@6f120541::SocketChannelEndPoint@f7b873a{l=/127.0.0.1:44247,r=/127.0.0.1:42492,OPEN,fill=-,flush=-,to=3/3000}{io=0/0,kio=0,kro=1}->HttpConnection@6f120541[p=HttpParser{s=START,0 of -1},g=HttpGenerator@70456935{s=START}]=>HttpChannelOverHttp@5f426902{s=HttpChannelState@172b59c7{s=IDLE rs=BLOCKING os=OPEN is=IDLE awp=false se=false i=true al=0},r=1,c=false/false,a=IDLE,uri=null,age=0}
04:29:50.232 [qtp961160488-20] DEBUG org.eclipse.jetty.io.AbstractConnection - fillInterested HttpConnection@7ba2e82b::SocketChannelEndPoint@66e3d98c{l=/127.0.0.1:44247,r=/127.0.0.1:42494,OPEN,fill=-,flush=-,to=0/3000}{io=0/0,kio=0,kro=0}->HttpConnection@7ba2e82b[p=HttpParser{s=START,0 of -1},g=HttpGenerator@1e993888{s=START}]=>HttpChannelOverHttp@3d3408a4{s=HttpChannelState@6f97d5b2{s=IDLE rs=BLOCKING os=OPEN is=IDLE awp=false se=false i=true al=0},r=0,c=false/false,a=IDLE,uri=null,age=0}
04:29:50.232 [qtp961160488-19] DEBUG org.eclipse.jetty.io.FillInterest - interested FillInterest@3d6df39b{AC.ReadCB@6f120541{HttpConnection@6f120541::SocketChannelEndPoint@f7b873a{l=/127.0.0.1:44247,r=/127.0.0.1:42492,OPEN,fill=FI,flush=-,to=0/3000}{io=0/0,kio=0,kro=1}->HttpConnection@6f120541[p=HttpParser{s=START,0 of -1},g=HttpGenerator@70456935{s=START}]=>HttpChannelOverHttp@5f426902{s=HttpChannelState@172b59c7{s=IDLE rs=BLOCKING os=OPEN is=IDLE awp=false se=false i=true al=0},r=1,c=false/false,a=IDLE,uri=null,age=0}}}
04:29:50.232 [qtp961160488-20] DEBUG org.eclipse.jetty.io.FillInterest - interested FillInterest@4f7244ac{AC.ReadCB@7ba2e82b{HttpConnection@7ba2e82b::SocketChannelEndPoint@66e3d98c{l=/127.0.0.1:44247,r=/127.0.0.1:42494,OPEN,fill=FI,flush=-,to=0/3000}{io=0/0,kio=0,kro=0}->HttpConnection@7ba2e82b[p=HttpParser{s=START,0 of -1},g=HttpGenerator@1e993888{s=START}]=>HttpChannelOverHttp@3d3408a4{s=HttpChannelState@6f97d5b2{s=IDLE rs=BLOCKING os=OPEN is=IDLE awp=false se=false i=true al=0},r=0,c=false/false,a=IDLE,uri=null,age=0}}}
04:29:50.232 [qtp961160488-19] DEBUG org.eclipse.jetty.io.ChannelEndPoint - changeInterests p=false 0->1 for SocketChannelEndPoint@f7b873a{l=/127.0.0.1:44247,r=/127.0.0.1:42492,OPEN,fill=FI,flush=-,to=0/3000}{io=0/1,kio=0,kro=1}->HttpConnection@6f120541[p=HttpParser{s=START,0 of -1},g=HttpGenerator@70456935{s=START}]=>HttpChannelOverHttp@5f426902{s=HttpChannelState@172b59c7{s=IDLE rs=BLOCKING os=OPEN is=IDLE awp=false se=false i=true al=0},r=1,c=false/false,a=IDLE,uri=null,age=0}
04:29:50.232 [qtp961160488-19] DEBUG org.eclipse.jetty.io.ManagedSelector - Queued change lazy=false org.eclipse.jetty.io.ChannelEndPoint$$Lambda$255/1126011505@422ac17a on ManagedSelector@1de5f259{STARTED} id=3 keys=1 selected=0 updates=0
04:29:50.232 [qtp961160488-20] DEBUG org.eclipse.jetty.io.ChannelEndPoint - changeInterests p=false 0->1 for SocketChannelEndPoint@66e3d98c{l=/127.0.0.1:44247,r=/127.0.0.1:42494,OPEN,fill=FI,flush=-,to=0/3000}{io=0/1,kio=0,kro=0}->HttpConnection@7ba2e82b[p=HttpParser{s=START,0 of -1},g=HttpGenerator@1e993888{s=START}]=>HttpChannelOverHttp@3d3408a4{s=HttpChannelState@6f97d5b2{s=IDLE rs=BLOCKING os=OPEN is=IDLE awp=false se=false i=true al=0},r=0,c=false/false,a=IDLE,uri=null,age=0}
04:29:50.232 [qtp961160488-19] DEBUG org.eclipse.jetty.io.ManagedSelector - Wakeup on submit ManagedSelector@1de5f259{STARTED} id=3 keys=1 selected=0 updates=1
04:29:50.232 [qtp961160488-20] DEBUG org.eclipse.jetty.io.ManagedSelector - Queued change lazy=false org.eclipse.jetty.io.ChannelEndPoint$$Lambda$255/1126011505@23fd0ed9 on ManagedSelector@194bcebf{STARTED} id=0 keys=1 selected=0 updates=1
04:29:50.232 [qtp961160488-20] DEBUG org.eclipse.jetty.io.ManagedSelector - Wakeup on submit ManagedSelector@194bcebf{STARTED} id=0 keys=1 selected=0 updates=2
04:29:50.232 [qtp961160488-22] DEBUG org.eclipse.jetty.io.ManagedSelector - Selector sun.nio.ch.EPollSelectorImpl@195030a5 woken with none selected
04:29:50.232 [qtp961160488-15] DEBUG org.eclipse.jetty.io.ManagedSelector - Selector sun.nio.ch.EPollSelectorImpl@37060169 woken with none selected
04:29:50.232 [qtp961160488-22] DEBUG org.eclipse.jetty.io.ManagedSelector - Selector sun.nio.ch.EPollSelectorImpl@195030a5 woken up from select, 0/0/1 selected
04:29:50.232 [qtp961160488-15] DEBUG org.eclipse.jetty.io.ManagedSelector - Selector sun.nio.ch.EPollSelectorImpl@37060169 woken up from select, 0/0/1 selected
04:29:50.232 [qtp961160488-22] DEBUG org.eclipse.jetty.io.ManagedSelector - Selector sun.nio.ch.EPollSelectorImpl@195030a5 processing 0 keys, 1 updates
04:29:50.232 [qtp961160488-15] DEBUG org.eclipse.jetty.io.ManagedSelector - Selector sun.nio.ch.EPollSelectorImpl@37060169 processing 0 keys, 2 updates
04:29:50.232 [qtp961160488-20] DEBUG org.eclipse.jetty.io.ManagedSelector - Created SocketChannelEndPoint@66e3d98c{l=/127.0.0.1:44247,r=/127.0.0.1:42494,OPEN,fill=FI,flush=-,to=0/3000}{io=0/1,kio=0,kro=0}->HttpConnection@7ba2e82b[p=HttpParser{s=START,0 of -1},g=HttpGenerator@1e993888{s=START}]=>HttpChannelOverHttp@3d3408a4{s=HttpChannelState@6f97d5b2{s=IDLE rs=BLOCKING os=OPEN is=IDLE awp=false se=false i=true al=0},r=0,c=false/false,a=IDLE,uri=null,age=0}
04:29:50.232 [qtp961160488-22] DEBUG org.eclipse.jetty.io.ManagedSelector - updateable 1
04:29:50.232 [qtp961160488-15] DEBUG org.eclipse.jetty.io.ManagedSelector - updateable 2
04:29:50.233 [qtp961160488-22] DEBUG org.eclipse.jetty.io.ManagedSelector - update org.eclipse.jetty.io.ChannelEndPoint$$Lambda$255/1126011505@422ac17a
04:29:50.233 [qtp961160488-15] DEBUG org.eclipse.jetty.io.ManagedSelector - update org.eclipse.jetty.io.ManagedSelector$$Lambda$258/854397033@375716a
04:29:50.233 [qtp961160488-20] DEBUG org.eclipse.jetty.util.thread.QueuedThreadPool - ran Accept@5a57a3a9[java.nio.channels.SocketChannel[connected local=/127.0.0.1:44247 remote=/127.0.0.1:42494]] in QueuedThreadPool[qtp961160488]@394a2528{STARTED,8<=8<=200,i=0,r=-1,q=0}[ReservedThreadExecutor@383bfa16{reserved=1/8,pending=0}]
04:29:50.233 [qtp961160488-15] DEBUG org.eclipse.jetty.io.ManagedSelector - update org.eclipse.jetty.io.ChannelEndPoint$$Lambda$255/1126011505@23fd0ed9
04:29:50.233 [qtp961160488-22] DEBUG org.eclipse.jetty.io.ChannelEndPoint - Key interests updated 0 -> 1 on SocketChannelEndPoint@f7b873a{l=/127.0.0.1:44247,r=/127.0.0.1:42492,OPEN,fill=FI,flush=-,to=0/3000}{io=1/1,kio=1,kro=1}->HttpConnection@6f120541[p=HttpParser{s=START,0 of -1},g=HttpGenerator@70456935{s=START}]=>HttpChannelOverHttp@5f426902{s=HttpChannelState@172b59c7{s=IDLE rs=BLOCKING os=OPEN is=IDLE awp=false se=false i=true al=0},r=1,c=false/false,a=IDLE,uri=null,age=0}
04:29:50.233 [qtp961160488-22] DEBUG org.eclipse.jetty.io.ManagedSelector - updates 0
04:29:50.233 [qtp961160488-15] DEBUG org.eclipse.jetty.io.ChannelEndPoint - Key interests updated 0 -> 1 on SocketChannelEndPoint@66e3d98c{l=/127.0.0.1:44247,r=/127.0.0.1:42494,OPEN,fill=FI,flush=-,to=0/3000}{io=1/1,kio=1,kro=0}->HttpConnection@7ba2e82b[p=HttpParser{s=START,0 of -1},g=HttpGenerator@1e993888{s=START}]=>HttpChannelOverHttp@3d3408a4{s=HttpChannelState@6f97d5b2{s=IDLE rs=BLOCKING os=OPEN is=IDLE awp=false se=false i=true al=0},r=0,c=false/false,a=IDLE,uri=null,age=0}
04:29:50.233 [qtp961160488-22] DEBUG org.eclipse.jetty.io.ManagedSelector - Selector sun.nio.ch.EPollSelectorImpl@195030a5 waiting with 1 keys
04:29:50.233 [qtp961160488-15] DEBUG org.eclipse.jetty.io.ManagedSelector - updates 0
04:29:50.233 [qtp961160488-15] DEBUG org.eclipse.jetty.io.ManagedSelector - Selector sun.nio.ch.EPollSelectorImpl@37060169 waiting with 1 keys
04:29:50.233 [qtp961160488-15] DEBUG org.eclipse.jetty.io.ManagedSelector - Selector sun.nio.ch.EPollSelectorImpl@37060169 woken up from select, 1/1/1 selected
04:29:50.233 [qtp961160488-15] DEBUG org.eclipse.jetty.io.ManagedSelector - Selector sun.nio.ch.EPollSelectorImpl@37060169 processing 1 keys, 0 updates
04:29:50.233 [qtp961160488-15] DEBUG org.eclipse.jetty.io.ManagedSelector - selected 1 sun.nio.ch.SelectionKeyImpl@2c550909 SocketChannelEndPoint@66e3d98c{l=/127.0.0.1:44247,r=/127.0.0.1:42494,OPEN,fill=FI,flush=-,to=1/3000}{io=1/1,kio=1,kro=1}->HttpConnection@7ba2e82b[p=HttpParser{s=START,0 of -1},g=HttpGenerator@1e993888{s=START}]=>HttpChannelOverHttp@3d3408a4{s=HttpChannelState@6f97d5b2{s=IDLE rs=BLOCKING os=OPEN is=IDLE awp=false se=false i=true al=0},r=0,c=false/false,a=IDLE,uri=null,age=0} 
04:29:50.233 [qtp961160488-15] DEBUG org.eclipse.jetty.io.ChannelEndPoint - onSelected 1->0 r=true w=false for SocketChannelEndPoint@66e3d98c{l=/127.0.0.1:44247,r=/127.0.0.1:42494,OPEN,fill=FI,flush=-,to=1/3000}{io=1/0,kio=1,kro=1}->HttpConnection@7ba2e82b[p=HttpParser{s=START,0 of -1},g=HttpGenerator@1e993888{s=START}]=>HttpChannelOverHttp@3d3408a4{s=HttpChannelState@6f97d5b2{s=IDLE rs=BLOCKING os=OPEN is=IDLE awp=false se=false i=true al=0},r=0,c=false/false,a=IDLE,uri=null,age=0}
04:29:50.233 [qtp961160488-15] DEBUG org.eclipse.jetty.io.ChannelEndPoint - task CEP:SocketChannelEndPoint@66e3d98c{l=/127.0.0.1:44247,r=/127.0.0.1:42494,OPEN,fill=FI,flush=-,to=1/3000}{io=1/0,kio=1,kro=1}->HttpConnection@7ba2e82b[p=HttpParser{s=START,0 of -1},g=HttpGenerator@1e993888{s=START}]=>HttpChannelOverHttp@3d3408a4{s=HttpChannelState@6f97d5b2{s=IDLE rs=BLOCKING os=OPEN is=IDLE awp=false se=false i=true al=0},r=0,c=false/false,a=IDLE,uri=null,age=0}:runFillable:BLOCKING
04:29:50.234 [qtp961160488-15] DEBUG org.eclipse.jetty.util.thread.ReservedThreadExecutor - ReservedThreadExecutor@383bfa16{reserved=1/8,pending=0} tryExecute EatWhatYouKill@25fb8912/SelectorProducer@d5b810e/PRODUCING/p=false/QueuedThreadPool[qtp961160488]@394a2528{STARTED,8<=8<=200,i=1,r=-1,q=0}[ReservedThreadExecutor@383bfa16{reserved=1/8,pending=0}][pc=0,pic=0,pec=0,epc=0]@2024-05-02T04:29:50.234+01:00
04:29:50.234 [qtp961160488-15] DEBUG org.eclipse.jetty.util.thread.ReservedThreadExecutor - ReservedThreadExecutor@383bfa16{reserved=0/8,pending=1} startReservedThread p=1
04:29:50.234 [qtp961160488-15] DEBUG org.eclipse.jetty.util.thread.QueuedThreadPool - queue ReservedThread@339222ab{PENDING,thread=null} startThread=0
04:29:50.234 [qtp961160488-20] DEBUG org.eclipse.jetty.util.thread.QueuedThreadPool - run ReservedThread@339222ab{PENDING,thread=null} in QueuedThreadPool[qtp961160488]@394a2528{STARTED,8<=8<=200,i=0,r=-1,q=0}[ReservedThreadExecutor@383bfa16{reserved=0/8,pending=1}]
04:29:50.234 [qtp961160488-20] DEBUG org.eclipse.jetty.util.thread.ReservedThreadExecutor - ReservedThread@339222ab{PENDING,thread=Thread[qtp961160488-20,5,main]} was=PENDING next=RESERVED size=0+1 capacity=8
04:29:50.234 [qtp961160488-19] DEBUG org.eclipse.jetty.server.HttpConnection - HttpConnection@6f120541::SocketChannelEndPoint@f7b873a{l=/127.0.0.1:44247,r=/127.0.0.1:42492,OPEN,fill=FI,flush=-,to=0/3000}{io=0/1,kio=0,kro=1}->HttpConnection@6f120541[p=HttpParser{s=START,0 of -1},g=HttpGenerator@70456935{s=START}]=>HttpChannelOverHttp@5f426902{s=HttpChannelState@172b59c7{s=IDLE rs=BLOCKING os=OPEN is=IDLE awp=false se=false i=true al=0},r=1,c=false/false,a=IDLE,uri=null,age=0} onFillable exit HttpChannelState@172b59c7{s=IDLE rs=BLOCKING os=OPEN is=IDLE awp=false se=false i=true al=0} null
04:29:50.234 [qtp961160488-20] DEBUG org.eclipse.jetty.util.thread.ReservedThreadExecutor - ReservedThread@339222ab{RESERVED,thread=Thread[qtp961160488-20,5,main]} waiting ReservedThreadExecutor@383bfa16{reserved=1/8,pending=0}
04:29:50.234 [qtp961160488-18] DEBUG org.eclipse.jetty.util.thread.ReservedThreadExecutor - ReservedThread@13a85bd5{RESERVED,thread=Thread[qtp961160488-18,5,main]} task=EatWhatYouKill@25fb8912/SelectorProducer@d5b810e/IDLE/p=true/QueuedThreadPool[qtp961160488]@394a2528{STARTED,8<=8<=200,i=0,r=-1,q=0}[ReservedThreadExecutor@383bfa16{reserved=0/8,pending=1}][pc=0,pic=0,pec=0,epc=0]@2024-05-02T04:29:50.234+01:00 ReservedThreadExecutor@383bfa16{reserved=1/8,pending=0}
04:29:50.234 [qtp961160488-15] DEBUG org.eclipse.jetty.util.thread.strategy.EatWhatYouKill - EatWhatYouKill@25fb8912/SelectorProducer@d5b810e/IDLE/p=true/QueuedThreadPool[qtp961160488]@394a2528{STARTED,8<=8<=200,i=0,r=-1,q=0}[ReservedThreadExecutor@383bfa16{reserved=1/8,pending=0}][pc=0,pic=0,pec=0,epc=0]@2024-05-02T04:29:50.234+01:00 m=EXECUTE_PRODUCE_CONSUME t=CEP:SocketChannelEndPoint@66e3d98c{l=/127.0.0.1:44247,r=/127.0.0.1:42494,OPEN,fill=FI,flush=-,to=2/3000}{io=1/0,kio=1,kro=1}->HttpConnection@7ba2e82b[p=HttpParser{s=START,0 of -1},g=HttpGenerator@1e993888{s=START}]=>HttpChannelOverHttp@3d3408a4{s=HttpChannelState@6f97d5b2{s=IDLE rs=BLOCKING os=OPEN is=IDLE awp=false se=false i=true al=0},r=0,c=false/false,a=IDLE,uri=null,age=0}:runFillable:BLOCKING/BLOCKING
04:29:50.234 [qtp961160488-18] DEBUG org.eclipse.jetty.util.thread.strategy.EatWhatYouKill - EatWhatYouKill@25fb8912/SelectorProducer@d5b810e/IDLE/p=true/QueuedThreadPool[qtp961160488]@394a2528{STARTED,8<=8<=200,i=0,r=-1,q=0}[ReservedThreadExecutor@383bfa16{reserved=1/8,pending=0}][pc=0,pic=0,pec=0,epc=0]@2024-05-02T04:29:50.234+01:00 tryProduce true
04:29:50.234 [qtp961160488-18] DEBUG org.eclipse.jetty.io.ManagedSelector - updateable 0
04:29:50.234 [qtp961160488-18] DEBUG org.eclipse.jetty.io.ManagedSelector - updates 0
04:29:50.234 [qtp961160488-15] DEBUG org.eclipse.jetty.io.FillInterest - fillable FillInterest@4f7244ac{AC.ReadCB@7ba2e82b{HttpConnection@7ba2e82b::SocketChannelEndPoint@66e3d98c{l=/127.0.0.1:44247,r=/127.0.0.1:42494,OPEN,fill=FI,flush=-,to=2/3000}{io=1/0,kio=1,kro=1}->HttpConnection@7ba2e82b[p=HttpParser{s=START,0 of -1},g=HttpGenerator@1e993888{s=START}]=>HttpChannelOverHttp@3d3408a4{s=HttpChannelState@6f97d5b2{s=IDLE rs=BLOCKING os=OPEN is=IDLE awp=false se=false i=true al=0},r=0,c=false/false,a=IDLE,uri=null,age=0}}}
04:29:50.235 [qtp961160488-18] DEBUG org.eclipse.jetty.io.ChannelEndPoint - Key interests updated 1 -> 0 on SocketChannelEndPoint@66e3d98c{l=/127.0.0.1:44247,r=/127.0.0.1:42494,OPEN,fill=FI,flush=-,to=2/3000}{io=0/0,kio=0,kro=1}->HttpConnection@7ba2e82b[p=HttpParser{s=START,0 of -1},g=HttpGenerator@1e993888{s=START}]=>HttpChannelOverHttp@3d3408a4{s=HttpChannelState@6f97d5b2{s=IDLE rs=BLOCKING os=OPEN is=IDLE awp=false se=false i=true al=0},r=0,c=false/false,a=IDLE,uri=null,age=0}
04:29:50.235 [qtp961160488-18] DEBUG org.eclipse.jetty.io.ManagedSelector - Selector sun.nio.ch.EPollSelectorImpl@37060169 waiting with 1 keys
04:29:50.235 [qtp961160488-15] DEBUG org.eclipse.jetty.server.HttpConnection - HttpConnection@7ba2e82b::SocketChannelEndPoint@66e3d98c{l=/127.0.0.1:44247,r=/127.0.0.1:42494,OPEN,fill=-,flush=-,to=2/3000}{io=0/0,kio=0,kro=1}->HttpConnection@7ba2e82b[p=HttpParser{s=START,0 of -1},g=HttpGenerator@1e993888{s=START}]=>HttpChannelOverHttp@3d3408a4{s=HttpChannelState@6f97d5b2{s=IDLE rs=BLOCKING os=OPEN is=IDLE awp=false se=false i=true al=0},r=0,c=false/false,a=IDLE,uri=null,age=0} onFillable enter HttpChannelState@6f97d5b2{s=IDLE rs=BLOCKING os=OPEN is=IDLE awp=false se=false i=true al=0} null
04:29:50.235 [qtp961160488-15] DEBUG org.eclipse.jetty.io.ChannelEndPoint - filled 142 HeapByteBuffer@c9025a9[p=0,l=142,c=8192,r=142]={<<<GET /config.yml HTTP/1.1\r...gent: okhttp/3.12.3\r\n\r\n>>>(9.4.44.v...\x00\x00\x00\x00\x00\x00\x00}
04:29:50.235 [qtp961160488-15] DEBUG org.eclipse.jetty.server.HttpConnection - HttpConnection@7ba2e82b::SocketChannelEndPoint@66e3d98c{l=/127.0.0.1:44247,r=/127.0.0.1:42494,OPEN,fill=-,flush=-,to=0/3000}{io=0/0,kio=0,kro=1}->HttpConnection@7ba2e82b[p=HttpParser{s=START,0 of -1},g=HttpGenerator@1e993888{s=START}]=>HttpChannelOverHttp@3d3408a4{s=HttpChannelState@6f97d5b2{s=IDLE rs=BLOCKING os=OPEN is=IDLE awp=false se=false i=true al=0},r=0,c=false/false,a=IDLE,uri=null,age=0} filled 142 HeapByteBuffer@c9025a9[p=0,l=142,c=8192,r=142]={<<<GET /config.yml HTTP/1.1\r...gent: okhttp/3.12.3\r\n\r\n>>>(9.4.44.v...\x00\x00\x00\x00\x00\x00\x00}
04:29:50.235 [qtp961160488-15] DEBUG org.eclipse.jetty.server.HttpConnection - HttpConnection@7ba2e82b::SocketChannelEndPoint@66e3d98c{l=/127.0.0.1:44247,r=/127.0.0.1:42494,OPEN,fill=-,flush=-,to=0/3000}{io=0/0,kio=0,kro=1}->HttpConnection@7ba2e82b[p=HttpParser{s=START,0 of -1},g=HttpGenerator@1e993888{s=START}]=>HttpChannelOverHttp@3d3408a4{s=HttpChannelState@6f97d5b2{s=IDLE rs=BLOCKING os=OPEN is=IDLE awp=false se=false i=true al=0},r=0,c=false/false,a=IDLE,uri=null,age=0} parse HeapByteBuffer@c9025a9[p=0,l=142,c=8192,r=142]={<<<GET /config.yml HTTP/1.1\r...gent: okhttp/3.12.3\r\n\r\n>>>(9.4.44.v...\x00\x00\x00\x00\x00\x00\x00} {}
04:29:50.235 [qtp961160488-15] DEBUG org.eclipse.jetty.http.HttpParser - parseNext s=START HeapByteBuffer@c9025a9[p=0,l=142,c=8192,r=142]={<<<GET /config.yml HTTP/1.1\r...gent: okhttp/3.12.3\r\n\r\n>>>(9.4.44.v...\x00\x00\x00\x00\x00\x00\x00}
04:29:50.235 [qtp961160488-15] DEBUG org.eclipse.jetty.http.HttpParser - START --> SPACE1
04:29:50.235 [qtp961160488-15] DEBUG org.eclipse.jetty.http.HttpParser - SPACE1 --> URI
04:29:50.235 [qtp961160488-15] DEBUG org.eclipse.jetty.http.HttpParser - URI --> SPACE2
04:29:50.235 [qtp961160488-15] DEBUG org.eclipse.jetty.http.HttpParser - SPACE2 --> REQUEST_VERSION
04:29:50.235 [qtp961160488-15] DEBUG org.eclipse.jetty.http.HttpParser - REQUEST_VERSION --> HEADER
04:29:50.235 [qtp961160488-15] DEBUG org.eclipse.jetty.http.HttpParser - HEADER:If-None-Match --> VALUE
04:29:50.235 [qtp961160488-15] DEBUG org.eclipse.jetty.http.HttpParser - HEADER:If-None-Match --> FIELD
04:29:50.235 [qtp961160488-15] DEBUG org.eclipse.jetty.http.HttpParser - HEADER:Host --> VALUE
04:29:50.235 [qtp961160488-15] DEBUG org.eclipse.jetty.http.HttpParser - HEADER:Host --> IN_VALUE
04:29:50.235 [qtp961160488-15] DEBUG org.eclipse.jetty.http.HttpParser - HEADER:Host --> FIELD
04:29:50.235 [qtp961160488-15] DEBUG org.eclipse.jetty.http.HttpParser - HEADER:Connection: keep-alive --> IN_VALUE
04:29:50.235 [qtp961160488-15] DEBUG org.eclipse.jetty.http.HttpParser - HEADER:Connection: keep-alive --> FIELD
04:29:50.235 [qtp961160488-15] DEBUG org.eclipse.jetty.http.HttpParser - HEADER:Accept-Encoding: gzip --> IN_VALUE
04:29:50.235 [qtp961160488-15] DEBUG org.eclipse.jetty.http.HttpParser - HEADER:Accept-Encoding: gzip --> FIELD
04:29:50.235 [qtp961160488-15] DEBUG org.eclipse.jetty.http.HttpParser - HEADER:User-Agent --> VALUE
04:29:50.235 [qtp961160488-15] DEBUG org.eclipse.jetty.http.HttpParser - HEADER:User-Agent --> IN_VALUE
04:29:50.235 [qtp961160488-15] DEBUG org.eclipse.jetty.http.HttpParser - HEADER:User-Agent --> FIELD
04:29:50.235 [qtp961160488-15] DEBUG org.eclipse.jetty.http.HttpParser - HEADER --> CONTENT
04:29:50.236 [qtp961160488-15] DEBUG org.eclipse.jetty.server.HttpChannel - REQUEST for //localhost:44247/config.yml on HttpChannelOverHttp@3d3408a4{s=HttpChannelState@6f97d5b2{s=IDLE rs=BLOCKING os=OPEN is=IDLE awp=false se=false i=true al=0},r=1,c=false/false,a=IDLE,uri=//localhost:44247/config.yml,age=0}
GET //localhost:44247/config.yml HTTP/1.1
If-None-Match: 
Host: localhost:44247
Connection: keep-alive
Accept-Encoding: gzip
User-Agent: okhttp/3.12.3


04:29:50.236 [qtp961160488-15] DEBUG org.eclipse.jetty.server.HttpConnection - HttpConnection@7ba2e82b::SocketChannelEndPoint@66e3d98c{l=/127.0.0.1:44247,r=/127.0.0.1:42494,OPEN,fill=-,flush=-,to=0/3000}{io=0/0,kio=0,kro=1}->HttpConnection@7ba2e82b[p=HttpParser{s=CONTENT,0 of -1},g=HttpGenerator@1e993888{s=START}]=>HttpChannelOverHttp@3d3408a4{s=HttpChannelState@6f97d5b2{s=IDLE rs=BLOCKING os=OPEN is=IDLE awp=false se=false i=true al=0},r=1,c=false/false,a=IDLE,uri=//localhost:44247/config.yml,age=0} parsed true HttpParser{s=CONTENT,0 of -1}
04:29:50.236 [qtp961160488-15] DEBUG org.eclipse.jetty.server.HttpConnection - releaseRequestBuffer HttpConnection@7ba2e82b::SocketChannelEndPoint@66e3d98c{l=/127.0.0.1:44247,r=/127.0.0.1:42494,OPEN,fill=-,flush=-,to=1/3000}{io=0/0,kio=0,kro=1}->HttpConnection@7ba2e82b[p=HttpParser{s=CONTENT,0 of -1},g=HttpGenerator@1e993888{s=START}]=>HttpChannelOverHttp@3d3408a4{s=HttpChannelState@6f97d5b2{s=IDLE rs=BLOCKING os=OPEN is=IDLE awp=false se=false i=true al=0},r=1,c=false/false,a=IDLE,uri=//localhost:44247/config.yml,age=0}
04:29:50.236 [qtp961160488-15] DEBUG org.eclipse.jetty.server.HttpChannel - handle //localhost:44247/config.yml HttpChannelOverHttp@3d3408a4{s=HttpChannelState@6f97d5b2{s=IDLE rs=BLOCKING os=OPEN is=IDLE awp=false se=false i=true al=0},r=1,c=false/false,a=IDLE,uri=//localhost:44247/config.yml,age=0} 
04:29:50.236 [qtp961160488-15] DEBUG org.eclipse.jetty.server.HttpChannelState - handling HttpChannelState@6f97d5b2{s=IDLE rs=BLOCKING os=OPEN is=IDLE awp=false se=false i=true al=0}
04:29:50.236 [qtp961160488-15] DEBUG org.eclipse.jetty.server.HttpChannel - action DISPATCH HttpChannelOverHttp@3d3408a4{s=HttpChannelState@6f97d5b2{s=HANDLING rs=BLOCKING os=OPEN is=IDLE awp=false se=false i=true al=0},r=1,c=false/false,a=HANDLING,uri=//localhost:44247/config.yml,age=0}
04:29:50.236 [qtp961160488-15] DEBUG org.eclipse.jetty.server.Server - REQUEST GET /config.yml on HttpChannelOverHttp@3d3408a4{s=HttpChannelState@6f97d5b2{s=HANDLING rs=BLOCKING os=OPEN is=IDLE awp=false se=false i=true al=0},r=1,c=false/false,a=HANDLING,uri=//localhost:44247/config.yml,age=0}
04:29:50.236 [qtp961160488-15] DEBUG org.eclipse.jetty.server.HttpOutput - write(array HeapByteBuffer@2b08c96c[p=0,l=4,c=512,r=4]={<<<path>>>\x00\x00\x00\x00\x00\x00\x00\x00\x00...\x00\x00\x00\x00\x00\x00\x00})
04:29:50.236 [qtp961160488-15] DEBUG org.eclipse.jetty.server.HttpOutput - write(array) s=CLOSING,api=BLOCKED,sc=false,e=null last=true agg=false flush=true async=false, len=4 null
04:29:50.236 [qtp961160488-15] DEBUG org.eclipse.jetty.server.HttpChannel - sendResponse info=null content=HeapByteBuffer@2c02882d[p=0,l=4,c=512,r=4]={<<<path>>>\x00\x00\x00\x00\x00\x00\x00\x00\x00...\x00\x00\x00\x00\x00\x00\x00} complete=true committing=true callback=Blocker@281bd1e5{null}
04:29:50.236 [qtp961160488-15] DEBUG org.eclipse.jetty.server.HttpChannel - COMMIT for /config.yml on HttpChannelOverHttp@3d3408a4{s=HttpChannelState@6f97d5b2{s=HANDLING rs=BLOCKING os=COMMITTED is=IDLE awp=false se=false i=true al=0},r=1,c=false/false,a=HANDLING,uri=//localhost:44247/config.yml,age=0}
200 null HTTP/1.1
Date: Thu, 02 May 2024 03:29:50 GMT
ETag: testEtag
Content-Type: text/plain;charset=utf-8
Content-Length: 4


04:29:50.237 [qtp961160488-15] DEBUG org.eclipse.jetty.server.HttpConnection - generate: NEED_HEADER for SendCallback@a3e2937[PROCESSING][i=HTTP/1.1{s=200,h=4,cl=4},cb=org.eclipse.jetty.server.HttpChannel$SendCallback@6710d2b5] (null,[p=0,l=4,c=512,r=4],true)@START
04:29:50.237 [qtp961160488-15] DEBUG org.eclipse.jetty.http.HttpGenerator - generateHeaders HTTP/1.1{s=200,h=4,cl=4} last=true content=HeapByteBuffer@2c02882d[p=0,l=4,c=512,r=4]={<<<path>>>\x00\x00\x00\x00\x00\x00\x00\x00\x00...\x00\x00\x00\x00\x00\x00\x00}
04:29:50.237 [qtp961160488-15] DEBUG org.eclipse.jetty.http.HttpGenerator - Date: Thu, 02 May 2024 03:29:50 GMT
ETag: testEtag
Content-Type: text/plain;charset=utf-8
Content-Length: 4


04:29:50.237 [qtp961160488-15] DEBUG org.eclipse.jetty.http.HttpGenerator - CONTENT_LENGTH
04:29:50.237 [qtp961160488-15] DEBUG org.eclipse.jetty.server.HttpConnection - generate: FLUSH for SendCallback@a3e2937[PROCESSING][i=HTTP/1.1{s=200,h=4,cl=4},cb=org.eclipse.jetty.server.HttpChannel$SendCallback@6710d2b5] ([p=0,l=164,c=8192,r=164],[p=0,l=4,c=512,r=4],true)@COMPLETING
04:29:50.237 [qtp961160488-15] DEBUG org.eclipse.jetty.io.WriteFlusher - write: WriteFlusher@5f6b6d9a{IDLE}->null [HeapByteBuffer@c9025a9[p=0,l=164,c=8192,r=164]={<<<HTTP/1.1 200 OK\r\nDate: Th...y(9.4.44.v20210927)\r\n\r\n>>>\x00\x00\x00\x00\x00\x00\x00\x00\x00...\x00\x00\x00\x00\x00\x00\x00},HeapByteBuffer@2c02882d[p=0,l=4,c=512,r=4]={<<<path>>>\x00\x00\x00\x00\x00\x00\x00\x00\x00...\x00\x00\x00\x00\x00\x00\x00}]
04:29:50.237 [qtp961160488-15] DEBUG org.eclipse.jetty.io.WriteFlusher - update WriteFlusher@5f6b6d9a{WRITING}->null:IDLE-->WRITING
04:29:50.237 [main] DEBUG org.apache.nifi.minifi.bootstrap.configuration.ingestors.PullHttpChangeIngestor - Response received: Response{protocol=http/1.1, code=200, message=OK, url=http://localhost:44247/config.yml}
04:29:50.237 [qtp961160488-15] DEBUG org.eclipse.jetty.io.ChannelEndPoint - flushed 168 SocketChannelEndPoint@66e3d98c{l=/127.0.0.1:44247,r=/127.0.0.1:42494,OPEN,fill=-,flush=W,to=2/3000}{io=0/0,kio=0,kro=1}->HttpConnection@7ba2e82b[p=HttpParser{s=CONTENT,0 of -1},g=HttpGenerator@1e993888{s=COMPLETING}]=>HttpChannelOverHttp@3d3408a4{s=HttpChannelState@6f97d5b2{s=HANDLING rs=BLOCKING os=COMMITTED is=IDLE awp=false se=false i=true al=0},r=1,c=false/false,a=HANDLING,uri=//localhost:44247/config.yml,age=1}
04:29:50.237 [qtp961160488-15] DEBUG org.eclipse.jetty.io.WriteFlusher - Flushed=true written=168 remaining=0 WriteFlusher@5f6b6d9a{WRITING}->null
04:29:50.237 [qtp961160488-15] DEBUG org.eclipse.jetty.io.WriteFlusher - update WriteFlusher@5f6b6d9a{IDLE}->null:WRITING-->IDLE
04:29:50.237 [main] DEBUG org.apache.nifi.minifi.bootstrap.configuration.ingestors.PullHttpChangeIngestor - New change received, notifying listener
04:29:50.237 [qtp961160488-15] DEBUG org.eclipse.jetty.server.HttpConnection - generate: DONE for SendCallback@a3e2937[PROCESSING][i=HTTP/1.1{s=200,h=4,cl=4},cb=org.eclipse.jetty.server.HttpChannel$SendCallback@6710d2b5] ([p=164,l=164,c=8192,r=0],[p=4,l=4,c=512,r=0],true)@END
04:29:50.237 [main] DEBUG org.apache.nifi.minifi.bootstrap.configuration.ingestors.PullHttpChangeIngestor - Listeners notified
04:29:50.237 [qtp961160488-15] DEBUG org.eclipse.jetty.server.HttpOutput - onWriteComplete(true,null) s=CLOSING,api=BLOCKED,sc=false,e=null->s=CLOSED,api=BLOCKING,sc=false,e=null c=null cb=null w=false
04:29:50.237 [qtp961160488-15] DEBUG org.eclipse.jetty.server.HttpOutput - close() s=CLOSED,api=BLOCKING,sc=false,e=null c=null b=null
04:29:50.238 [qtp961160488-15] DEBUG org.eclipse.jetty.server.Server - handled=true async=false committed=true on HttpChannelOverHttp@3d3408a4{s=HttpChannelState@6f97d5b2{s=HANDLING rs=BLOCKING os=COMPLETED is=IDLE awp=false se=false i=true al=0},r=1,c=false/true,a=HANDLING,uri=//localhost:44247/config.yml,age=2}
04:29:50.238 [main] DEBUG org.apache.nifi.minifi.bootstrap.configuration.ingestors.PullHttpChangeIngestor - Attempting to pull new config
04:29:50.238 [qtp961160488-15] DEBUG org.eclipse.jetty.server.HttpChannelState - unhandle HttpChannelState@6f97d5b2{s=HANDLING rs=BLOCKING os=COMPLETED is=IDLE awp=false se=false i=true al=0}
04:29:50.238 [qtp961160488-15] DEBUG org.eclipse.jetty.server.HttpChannelState - nextAction(false) COMPLETE HttpChannelState@6f97d5b2{s=HANDLING rs=COMPLETING os=COMPLETED is=IDLE awp=false se=false i=false al=0}
04:29:50.238 [qtp961160488-15] DEBUG org.eclipse.jetty.server.HttpChannel - action COMPLETE HttpChannelOverHttp@3d3408a4{s=HttpChannelState@6f97d5b2{s=HANDLING rs=COMPLETING os=COMPLETED is=IDLE awp=false se=false i=false al=0},r=1,c=false/true,a=HANDLING,uri=//localhost:44247/config.yml,age=2}
04:29:50.238 [qtp961160488-15] DEBUG org.eclipse.jetty.server.HttpOutput - complete(org.eclipse.jetty.util.Callback$3@29091b6b) s=CLOSED,api=BLOCKING,sc=false,e=null s=true e=null, c=null
04:29:50.238 [qtp961160488-15] DEBUG org.eclipse.jetty.server.HttpChannelState - completed HttpChannelState@6f97d5b2{s=HANDLING rs=COMPLETING os=COMPLETED is=IDLE awp=false se=false i=false al=0}
04:29:50.238 [qtp961160488-15] DEBUG org.eclipse.jetty.server.HttpChannelState - unhandle HttpChannelState@6f97d5b2{s=HANDLING rs=COMPLETED os=COMPLETED is=IDLE awp=false se=false i=false al=0}
04:29:50.238 [qtp961160488-15] DEBUG org.eclipse.jetty.server.HttpChannelState - nextAction(false) TERMINATED HttpChannelState@6f97d5b2{s=IDLE rs=COMPLETED os=COMPLETED is=IDLE awp=false se=false i=false al=0}
04:29:50.238 [qtp961160488-15] DEBUG org.eclipse.jetty.server.HttpChannel - action TERMINATED HttpChannelOverHttp@3d3408a4{s=HttpChannelState@6f97d5b2{s=IDLE rs=COMPLETED os=COMPLETED is=IDLE awp=false se=false i=false al=0},r=1,c=true/true,a=IDLE,uri=//localhost:44247/config.yml,age=2}
04:29:50.238 [qtp961160488-15] DEBUG org.eclipse.jetty.server.HttpChannel - onCompleted for /config.yml written=4
04:29:50.238 [qtp961160488-15] DEBUG org.eclipse.jetty.io.ChannelEndPoint - filled 152 HeapByteBuffer@c9025a9[p=0,l=152,c=8192,r=152]={<<<GET /config.yml HTTP/1.1\r...gent: okhttp/3.12.3\r\n\r\n>>>0210927)\r...\x00\x00\x00\x00\x00\x00\x00}
04:29:50.238 [qtp961160488-15] DEBUG org.eclipse.jetty.server.HttpConnection - HttpConnection@7ba2e82b::SocketChannelEndPoint@66e3d98c{l=/127.0.0.1:44247,r=/127.0.0.1:42494,OPEN,fill=-,flush=-,to=0/3000}{io=0/0,kio=0,kro=1}->HttpConnection@7ba2e82b[p=HttpParser{s=CONTENT,0 of -1},g=HttpGenerator@1e993888{s=END}]=>HttpChannelOverHttp@3d3408a4{s=HttpChannelState@6f97d5b2{s=IDLE rs=COMPLETED os=COMPLETED is=IDLE awp=false se=false i=false al=0},r=1,c=true/true,a=IDLE,uri=//localhost:44247/config.yml,age=2} filled 152 HeapByteBuffer@c9025a9[p=0,l=152,c=8192,r=152]={<<<GET /config.yml HTTP/1.1\r...gent: okhttp/3.12.3\r\n\r\n>>>0210927)\r...\x00\x00\x00\x00\x00\x00\x00}
04:29:50.238 [qtp961160488-15] DEBUG org.eclipse.jetty.server.HttpConnection - HttpConnection@7ba2e82b::SocketChannelEndPoint@66e3d98c{l=/127.0.0.1:44247,r=/127.0.0.1:42494,OPEN,fill=-,flush=-,to=0/3000}{io=0/0,kio=0,kro=1}->HttpConnection@7ba2e82b[p=HttpParser{s=CONTENT,0 of -1},g=HttpGenerator@1e993888{s=END}]=>HttpChannelOverHttp@3d3408a4{s=HttpChannelState@6f97d5b2{s=IDLE rs=COMPLETED os=COMPLETED is=IDLE awp=false se=false i=false al=0},r=1,c=true/true,a=IDLE,uri=//localhost:44247/config.yml,age=2} parse HeapByteBuffer@c9025a9[p=0,l=152,c=8192,r=152]={<<<GET /config.yml HTTP/1.1\r...gent: okhttp/3.12.3\r\n\r\n>>>0210927)\r...\x00\x00\x00\x00\x00\x00\x00} {}
04:29:50.239 [qtp961160488-15] DEBUG org.eclipse.jetty.http.HttpParser - parseNext s=CONTENT HeapByteBuffer@c9025a9[p=0,l=152,c=8192,r=152]={<<<GET /config.yml HTTP/1.1\r...gent: okhttp/3.12.3\r\n\r\n>>>0210927)\r...\x00\x00\x00\x00\x00\x00\x00}
04:29:50.239 [qtp961160488-15] DEBUG org.eclipse.jetty.http.HttpParser - CONTENT --> CONTENT_END
04:29:50.239 [qtp961160488-15] DEBUG org.eclipse.jetty.server.HttpChannel - onContentComplete HttpChannelOverHttp@3d3408a4{s=HttpChannelState@6f97d5b2{s=IDLE rs=COMPLETED os=COMPLETED is=IDLE awp=false se=false i=false al=0},r=1,c=true/true,a=IDLE,uri=//localhost:44247/config.yml,age=3}
04:29:50.239 [qtp961160488-15] DEBUG org.eclipse.jetty.http.HttpParser - CONTENT_END --> END
04:29:50.239 [qtp961160488-15] DEBUG org.eclipse.jetty.server.HttpChannel - onRequestComplete HttpChannelOverHttp@3d3408a4{s=HttpChannelState@6f97d5b2{s=IDLE rs=COMPLETED os=COMPLETED is=IDLE awp=false se=false i=false al=0},r=1,c=true/true,a=IDLE,uri=//localhost:44247/config.yml,age=3}
04:29:50.239 [qtp961160488-15] DEBUG org.eclipse.jetty.server.HttpInput - HttpInputOverHTTP@5205f8ec[c=0,q=0,[0]=null,s=STREAM] addContent EOF
04:29:50.239 [qtp961160488-15] DEBUG org.eclipse.jetty.server.HttpConnection - HttpConnection@7ba2e82b::SocketChannelEndPoint@66e3d98c{l=/127.0.0.1:44247,r=/127.0.0.1:42494,OPEN,fill=-,flush=-,to=0/3000}{io=0/0,kio=0,kro=1}->HttpConnection@7ba2e82b[p=HttpParser{s=END,0 of -1},g=HttpGenerator@1e993888{s=END}]=>HttpChannelOverHttp@3d3408a4{s=HttpChannelState@6f97d5b2{s=IDLE rs=COMPLETED os=COMPLETED is=IDLE awp=false se=false i=false al=0},r=1,c=true/true,a=IDLE,uri=//localhost:44247/config.yml,age=3} parsed false HttpParser{s=END,0 of -1}
04:29:50.239 [qtp961160488-15] DEBUG org.eclipse.jetty.server.HttpChannelState - recycle HttpChannelState@6f97d5b2{s=IDLE rs=COMPLETED os=COMPLETED is=IDLE awp=false se=false i=false al=0}
04:29:50.239 [qtp961160488-15] DEBUG org.eclipse.jetty.http.HttpParser - reset HttpParser{s=END,0 of -1}
04:29:50.239 [qtp961160488-15] DEBUG org.eclipse.jetty.http.HttpParser - END --> START
04:29:50.239 [qtp961160488-15] DEBUG org.eclipse.jetty.server.HttpChannel - !handle TERMINATED HttpChannelOverHttp@3d3408a4{s=HttpChannelState@6f97d5b2{s=IDLE rs=BLOCKING os=OPEN is=IDLE awp=false se=false i=true al=0},r=1,c=false/false,a=IDLE,uri=null,age=0}
04:29:50.239 [qtp961160488-15] DEBUG org.eclipse.jetty.server.HttpConnection - HttpConnection@7ba2e82b::SocketChannelEndPoint@66e3d98c{l=/127.0.0.1:44247,r=/127.0.0.1:42494,OPEN,fill=-,flush=-,to=1/3000}{io=0/0,kio=0,kro=1}->HttpConnection@7ba2e82b[p=HttpParser{s=START,0 of -1},g=HttpGenerator@1e993888{s=START}]=>HttpChannelOverHttp@3d3408a4{s=HttpChannelState@6f97d5b2{s=IDLE rs=BLOCKING os=OPEN is=IDLE awp=false se=false i=true al=0},r=1,c=false/false,a=IDLE,uri=null,age=0} parse HeapByteBuffer@c9025a9[p=0,l=152,c=8192,r=152]={<<<GET /config.yml HTTP/1.1\r...gent: okhttp/3.12.3\r\n\r\n>>>0210927)\r...\x00\x00\x00\x00\x00\x00\x00} {}
04:29:50.239 [qtp961160488-15] DEBUG org.eclipse.jetty.http.HttpParser - parseNext s=START HeapByteBuffer@c9025a9[p=0,l=152,c=8192,r=152]={<<<GET /config.yml HTTP/1.1\r...gent: okhttp/3.12.3\r\n\r\n>>>0210927)\r...\x00\x00\x00\x00\x00\x00\x00}
04:29:50.239 [qtp961160488-15] DEBUG org.eclipse.jetty.http.HttpParser - START --> SPACE1
04:29:50.239 [qtp961160488-15] DEBUG org.eclipse.jetty.http.HttpParser - SPACE1 --> URI
04:29:50.240 [qtp961160488-15] DEBUG org.eclipse.jetty.http.HttpParser - URI --> SPACE2
04:29:50.240 [qtp961160488-15] DEBUG org.eclipse.jetty.http.HttpParser - SPACE2 --> REQUEST_VERSION
04:29:50.240 [qtp961160488-15] DEBUG org.eclipse.jetty.http.HttpParser - REQUEST_VERSION --> HEADER
04:29:50.240 [qtp961160488-15] DEBUG org.eclipse.jetty.http.HttpParser - HEADER:If-None-Match --> VALUE
04:29:50.240 [qtp961160488-15] DEBUG org.eclipse.jetty.http.HttpParser - HEADER:If-None-Match --> IN_VALUE
04:29:50.240 [qtp961160488-15] DEBUG org.eclipse.jetty.http.HttpParser - HEADER:If-None-Match --> FIELD
04:29:50.240 [qtp961160488-15] DEBUG org.eclipse.jetty.http.HttpParser - HEADER:Host: localhost:44247 --> IN_VALUE
04:29:50.240 [qtp961160488-15] DEBUG org.eclipse.jetty.http.HttpParser - HEADER:Host: localhost:44247 --> FIELD
04:29:50.240 [qtp961160488-15] DEBUG org.eclipse.jetty.http.HttpParser - HEADER:Connection: keep-alive --> IN_VALUE
04:29:50.240 [qtp961160488-15] DEBUG org.eclipse.jetty.http.HttpParser - HEADER:Connection: keep-alive --> FIELD
04:29:50.240 [qtp961160488-15] DEBUG org.eclipse.jetty.http.HttpParser - HEADER:Accept-Encoding: gzip --> IN_VALUE
04:29:50.240 [qtp961160488-15] DEBUG org.eclipse.jetty.http.HttpParser - HEADER:Accept-Encoding: gzip --> FIELD
04:29:50.240 [qtp961160488-15] DEBUG org.eclipse.jetty.http.HttpParser - HEADER:User-Agent: okhttp/3.12.3 --> IN_VALUE
04:29:50.240 [qtp961160488-15] DEBUG org.eclipse.jetty.http.HttpParser - HEADER:User-Agent: okhttp/3.12.3 --> FIELD
04:29:50.240 [qtp961160488-15] DEBUG org.eclipse.jetty.http.HttpParser - HEADER --> CONTENT
04:29:50.240 [qtp961160488-15] DEBUG org.eclipse.jetty.server.HttpChannel - REQUEST for //localhost:44247/config.yml on HttpChannelOverHttp@3d3408a4{s=HttpChannelState@6f97d5b2{s=IDLE rs=BLOCKING os=OPEN is=IDLE awp=false se=false i=true al=0},r=2,c=false/false,a=IDLE,uri=//localhost:44247/config.yml,age=0}
GET //localhost:44247/config.yml HTTP/1.1
If-None-Match: "testEtag"
Host: localhost:44247
Connection: keep-alive
Accept-Encoding: gzip
User-Agent: okhttp/3.12.3


04:29:50.240 [qtp961160488-15] DEBUG org.eclipse.jetty.server.HttpConnection - HttpConnection@7ba2e82b::SocketChannelEndPoint@66e3d98c{l=/127.0.0.1:44247,r=/127.0.0.1:42494,OPEN,fill=-,flush=-,to=1/3000}{io=0/0,kio=0,kro=1}->HttpConnection@7ba2e82b[p=HttpParser{s=CONTENT,0 of -1},g=HttpGenerator@1e993888{s=START}]=>HttpChannelOverHttp@3d3408a4{s=HttpChannelState@6f97d5b2{s=IDLE rs=BLOCKING os=OPEN is=IDLE awp=false se=false i=true al=0},r=2,c=false/false,a=IDLE,uri=//localhost:44247/config.yml,age=0} parsed true HttpParser{s=CONTENT,0 of -1}
04:29:50.240 [qtp961160488-15] DEBUG org.eclipse.jetty.server.HttpConnection - releaseRequestBuffer HttpConnection@7ba2e82b::SocketChannelEndPoint@66e3d98c{l=/127.0.0.1:44247,r=/127.0.0.1:42494,OPEN,fill=-,flush=-,to=2/3000}{io=0/0,kio=0,kro=1}->HttpConnection@7ba2e82b[p=HttpParser{s=CONTENT,0 of -1},g=HttpGenerator@1e993888{s=START}]=>HttpChannelOverHttp@3d3408a4{s=HttpChannelState@6f97d5b2{s=IDLE rs=BLOCKING os=OPEN is=IDLE awp=false se=false i=true al=0},r=2,c=false/false,a=IDLE,uri=//localhost:44247/config.yml,age=0}
04:29:50.240 [qtp961160488-15] DEBUG org.eclipse.jetty.server.HttpChannel - handle //localhost:44247/config.yml HttpChannelOverHttp@3d3408a4{s=HttpChannelState@6f97d5b2{s=IDLE rs=BLOCKING os=OPEN is=IDLE awp=false se=false i=true al=0},r=2,c=false/false,a=IDLE,uri=//localhost:44247/config.yml,age=0} 
04:29:50.240 [qtp961160488-15] DEBUG org.eclipse.jetty.server.HttpChannelState - handling HttpChannelState@6f97d5b2{s=IDLE rs=BLOCKING os=OPEN is=IDLE awp=false se=false i=true al=0}
04:29:50.240 [qtp961160488-15] DEBUG org.eclipse.jetty.server.HttpChannel - action DISPATCH HttpChannelOverHttp@3d3408a4{s=HttpChannelState@6f97d5b2{s=HANDLING rs=BLOCKING os=OPEN is=IDLE awp=false se=false i=true al=0},r=2,c=false/false,a=HANDLING,uri=//localhost:44247/config.yml,age=0}
04:29:50.241 [qtp961160488-15] DEBUG org.eclipse.jetty.server.Server - REQUEST GET /config.yml on HttpChannelOverHttp@3d3408a4{s=HttpChannelState@6f97d5b2{s=HANDLING rs=BLOCKING os=OPEN is=IDLE awp=false se=false i=true al=0},r=2,c=false/false,a=HANDLING,uri=//localhost:44247/config.yml,age=0}
04:29:50.241 [qtp961160488-15] DEBUG org.eclipse.jetty.server.Server - handled=true async=false committed=false on HttpChannelOverHttp@3d3408a4{s=HttpChannelState@6f97d5b2{s=HANDLING rs=BLOCKING os=OPEN is=IDLE awp=false se=false i=true al=0},r=2,c=false/false,a=HANDLING,uri=//localhost:44247/config.yml,age=1}
04:29:50.241 [qtp961160488-15] DEBUG org.eclipse.jetty.server.HttpChannelState - unhandle HttpChannelState@6f97d5b2{s=HANDLING rs=BLOCKING os=OPEN is=IDLE awp=false se=false i=true al=0}
04:29:50.241 [qtp961160488-15] DEBUG org.eclipse.jetty.server.HttpChannelState - nextAction(false) COMPLETE HttpChannelState@6f97d5b2{s=HANDLING rs=COMPLETING os=OPEN is=IDLE awp=false se=false i=false al=0}
04:29:50.241 [qtp961160488-15] DEBUG org.eclipse.jetty.server.HttpChannel - action COMPLETE HttpChannelOverHttp@3d3408a4{s=HttpChannelState@6f97d5b2{s=HANDLING rs=COMPLETING os=OPEN is=IDLE awp=false se=false i=false al=0},r=2,c=false/false,a=HANDLING,uri=//localhost:44247/config.yml,age=1}
04:29:50.241 [qtp961160488-15] DEBUG org.eclipse.jetty.io.ChannelEndPoint - filled 0 HeapByteBuffer@c9025a9[p=0,l=0,c=8192,r=0]={<<<>>>GET /conf...\x00\x00\x00\x00\x00\x00\x00}
04:29:50.241 [qtp961160488-15] DEBUG org.eclipse.jetty.io.ChannelEndPoint - filled 0 HeapByteBuffer@c9025a9[p=0,l=0,c=8192,r=0]={<<<>>>GET /conf...\x00\x00\x00\x00\x00\x00\x00}
04:29:50.241 [qtp961160488-15] DEBUG org.eclipse.jetty.server.HttpConnection - HttpConnection@7ba2e82b::SocketChannelEndPoint@66e3d98c{l=/127.0.0.1:44247,r=/127.0.0.1:42494,OPEN,fill=-,flush=-,to=2/3000}{io=0/0,kio=0,kro=1}->HttpConnection@7ba2e82b[p=HttpParser{s=CONTENT,0 of -1},g=HttpGenerator@1e993888{s=START}]=>HttpChannelOverHttp@3d3408a4{s=HttpChannelState@6f97d5b2{s=HANDLING rs=COMPLETING os=OPEN is=IDLE awp=false se=false i=false al=0},r=2,c=false/false,a=HANDLING,uri=//localhost:44247/config.yml,age=1} filled 0 HeapByteBuffer@c9025a9[p=0,l=0,c=8192,r=0]={<<<>>>GET /conf...\x00\x00\x00\x00\x00\x00\x00}
04:29:50.241 [qtp961160488-15] DEBUG org.eclipse.jetty.server.HttpConnection - HttpConnection@7ba2e82b::SocketChannelEndPoint@66e3d98c{l=/127.0.0.1:44247,r=/127.0.0.1:42494,OPEN,fill=-,flush=-,to=3/3000}{io=0/0,kio=0,kro=1}->HttpConnection@7ba2e82b[p=HttpParser{s=CONTENT,0 of -1},g=HttpGenerator@1e993888{s=START}]=>HttpChannelOverHttp@3d3408a4{s=HttpChannelState@6f97d5b2{s=HANDLING rs=COMPLETING os=OPEN is=IDLE awp=false se=false i=false al=0},r=2,c=false/false,a=HANDLING,uri=//localhost:44247/config.yml,age=1} parse HeapByteBuffer@c9025a9[p=0,l=0,c=8192,r=0]={<<<>>>GET /conf...\x00\x00\x00\x00\x00\x00\x00} {}
04:29:50.241 [qtp961160488-15] DEBUG org.eclipse.jetty.http.HttpParser - parseNext s=CONTENT HeapByteBuffer@c9025a9[p=0,l=0,c=8192,r=0]={<<<>>>GET /conf...\x00\x00\x00\x00\x00\x00\x00}
04:29:50.241 [qtp961160488-15] DEBUG org.eclipse.jetty.http.HttpParser - CONTENT --> CONTENT_END
04:29:50.241 [qtp961160488-15] DEBUG org.eclipse.jetty.server.HttpChannel - onContentComplete HttpChannelOverHttp@3d3408a4{s=HttpChannelState@6f97d5b2{s=HANDLING rs=COMPLETING os=OPEN is=IDLE awp=false se=false i=false al=0},r=2,c=false/false,a=HANDLING,uri=//localhost:44247/config.yml,age=1}
04:29:50.241 [qtp961160488-15] DEBUG org.eclipse.jetty.http.HttpParser - CONTENT_END --> END
04:29:50.241 [qtp961160488-15] DEBUG org.eclipse.jetty.server.HttpChannel - onRequestComplete HttpChannelOverHttp@3d3408a4{s=HttpChannelState@6f97d5b2{s=HANDLING rs=COMPLETING os=OPEN is=IDLE awp=false se=false i=false al=0},r=2,c=false/false,a=HANDLING,uri=//localhost:44247/config.yml,age=1}
04:29:50.241 [qtp961160488-15] DEBUG org.eclipse.jetty.server.HttpInput - HttpInputOverHTTP@5205f8ec[c=0,q=0,[0]=null,s=STREAM] addContent EOF
04:29:50.242 [qtp961160488-15] DEBUG org.eclipse.jetty.server.HttpConnection - HttpConnection@7ba2e82b::SocketChannelEndPoint@66e3d98c{l=/127.0.0.1:44247,r=/127.0.0.1:42494,OPEN,fill=-,flush=-,to=3/3000}{io=0/0,kio=0,kro=1}->HttpConnection@7ba2e82b[p=HttpParser{s=END,0 of -1},g=HttpGenerator@1e993888{s=START}]=>HttpChannelOverHttp@3d3408a4{s=HttpChannelState@6f97d5b2{s=HANDLING rs=COMPLETING os=OPEN is=IDLE awp=false se=false i=false al=0},r=2,c=false/false,a=HANDLING,uri=//localhost:44247/config.yml,age=2} parsed false HttpParser{s=END,0 of -1}
04:29:50.242 [qtp961160488-15] DEBUG org.eclipse.jetty.server.HttpConnection - releaseRequestBuffer HttpConnection@7ba2e82b::SocketChannelEndPoint@66e3d98c{l=/127.0.0.1:44247,r=/127.0.0.1:42494,OPEN,fill=-,flush=-,to=3/3000}{io=0/0,kio=0,kro=1}->HttpConnection@7ba2e82b[p=HttpParser{s=END,0 of -1},g=HttpGenerator@1e993888{s=START}]=>HttpChannelOverHttp@3d3408a4{s=HttpChannelState@6f97d5b2{s=HANDLING rs=COMPLETING os=OPEN is=IDLE awp=false se=false i=false al=0},r=2,c=false/false,a=HANDLING,uri=//localhost:44247/config.yml,age=2}
04:29:50.242 [qtp961160488-15] DEBUG org.eclipse.jetty.server.HttpOutput - complete(org.eclipse.jetty.util.Callback$3@33e10d63) s=CLOSING,api=BLOCKED,sc=false,e=null s=false e=null, c=HeapByteBuffer@29624c55[p=0,l=0,c=0,r=0]={<<<>>>}
04:29:50.242 [qtp961160488-15] DEBUG org.eclipse.jetty.server.HttpChannel - sendResponse info=null content=HeapByteBuffer@29624c55[p=0,l=0,c=0,r=0]={<<<>>>} complete=true committing=true callback=org.eclipse.jetty.server.HttpOutput$WriteCompleteCB@3762b138
04:29:50.242 [qtp961160488-15] DEBUG org.eclipse.jetty.server.HttpChannel - COMMIT for /config.yml on HttpChannelOverHttp@3d3408a4{s=HttpChannelState@6f97d5b2{s=HANDLING rs=COMPLETING os=COMMITTED is=IDLE awp=false se=false i=false al=0},r=2,c=false/false,a=HANDLING,uri=//localhost:44247/config.yml,age=2}
304 null HTTP/1.1
Date: Thu, 02 May 2024 03:29:50 GMT
ETag: testEtag


04:29:50.256 [qtp961160488-15] DEBUG org.eclipse.jetty.server.HttpConnection - generate: NEED_HEADER for SendCallback@a3e2937[PROCESSING][i=HTTP/1.1{s=304,h=2,cl=-1},cb=org.eclipse.jetty.server.HttpChannel$SendCallback@56d136fc] (null,[p=0,l=0,c=0,r=0],true)@START
04:29:50.256 [qtp961160488-15] DEBUG org.eclipse.jetty.http.HttpGenerator - generateHeaders HTTP/1.1{s=304,h=2,cl=-1} last=true content=HeapByteBuffer@29624c55[p=0,l=0,c=0,r=0]={<<<>>>}
04:29:50.256 [qtp961160488-15] DEBUG org.eclipse.jetty.http.HttpGenerator - Date: Thu, 02 May 2024 03:29:50 GMT
ETag: testEtag


04:29:50.256 [qtp961160488-15] DEBUG org.eclipse.jetty.http.HttpGenerator - NO_CONTENT
04:29:50.256 [qtp961160488-15] DEBUG org.eclipse.jetty.server.HttpConnection - generate: FLUSH for SendCallback@a3e2937[PROCESSING][i=HTTP/1.1{s=304,h=2,cl=-1},cb=org.eclipse.jetty.server.HttpChannel$SendCallback@56d136fc] ([p=0,l=115,c=8192,r=115],[p=0,l=0,c=0,r=0],true)@COMPLETING
04:29:50.256 [qtp961160488-15] DEBUG org.eclipse.jetty.io.WriteFlusher - write: WriteFlusher@5f6b6d9a{IDLE}->null [HeapByteBuffer@c9025a9[p=0,l=115,c=8192,r=115]={<<<HTTP/1.1 304 Not Modified...y(9.4.44.v20210927)\r\n\r\n>>>: gzip\r\nU...\x00\x00\x00\x00\x00\x00\x00}]
04:29:50.256 [qtp961160488-15] DEBUG org.eclipse.jetty.io.WriteFlusher - update WriteFlusher@5f6b6d9a{WRITING}->null:IDLE-->WRITING
04:29:50.256 [main] DEBUG org.apache.nifi.minifi.bootstrap.configuration.ingestors.PullHttpChangeIngestor - Response received: Response{protocol=http/1.1, code=304, message=Not Modified, url=http://localhost:44247/config.yml}
04:29:50.255 [qtp961160488-19] DEBUG org.eclipse.jetty.util.thread.QueuedThreadPool - ran org.eclipse.jetty.io.ManagedSelector$$Lambda$253/838473569@21282ed8 in QueuedThreadPool[qtp961160488]@394a2528{STARTED,8<=8<=200,i=0,r=-1,q=0}[ReservedThreadExecutor@383bfa16{reserved=1/8,pending=0}]
04:29:50.256 [qtp961160488-15] DEBUG org.eclipse.jetty.io.ChannelEndPoint - flushed 115 SocketChannelEndPoint@66e3d98c{l=/127.0.0.1:44247,r=/127.0.0.1:42494,OPEN,fill=-,flush=W,to=18/3000}{io=0/0,kio=0,kro=1}->HttpConnection@7ba2e82b[p=HttpParser{s=END,0 of -1},g=HttpGenerator@1e993888{s=COMPLETING}]=>HttpChannelOverHttp@3d3408a4{s=HttpChannelState@6f97d5b2{s=HANDLING rs=COMPLETING os=COMMITTED is=IDLE awp=false se=false i=false al=0},r=2,c=false/false,a=HANDLING,uri=//localhost:44247/config.yml,age=16}
04:29:50.256 [qtp961160488-15] DEBUG org.eclipse.jetty.io.WriteFlusher - Flushed=true written=115 remaining=0 WriteFlusher@5f6b6d9a{WRITING}->null
]]></system-out>
  </testcase>
  <testcase name="testSecurityOverride" classname="org.apache.nifi.minifi.bootstrap.configuration.ingestors.PullHttpChangeIngestorTest" time="0.18">
    <system-out><![CDATA[04:29:50.256 [qtp961160488-15] DEBUG org.eclipse.jetty.io.WriteFlusher - update WriteFlusher@5f6b6d9a{IDLE}->null:WRITING-->IDLE
04:29:50.257 [qtp961160488-15] DEBUG org.eclipse.jetty.server.HttpConnection - generate: DONE for SendCallback@a3e2937[PROCESSING][i=HTTP/1.1{s=304,h=2,cl=-1},cb=org.eclipse.jetty.server.HttpChannel$SendCallback@56d136fc] ([p=115,l=115,c=8192,r=0],[p=0,l=0,c=0,r=0],true)@END
04:29:50.257 [qtp961160488-15] DEBUG org.eclipse.jetty.server.HttpOutput - onWriteComplete(true,null) s=CLOSING,api=BLOCKED,sc=false,e=null->s=CLOSED,api=BLOCKING,sc=false,e=null c=null cb=org.eclipse.jetty.util.Callback$3@33e10d63 w=false
04:29:50.257 [qtp961160488-15] DEBUG org.eclipse.jetty.server.HttpChannelState - completed HttpChannelState@6f97d5b2{s=HANDLING rs=COMPLETING os=COMPLETED is=IDLE awp=false se=false i=false al=0}
04:29:50.257 [qtp961160488-15] DEBUG org.eclipse.jetty.server.HttpChannelState - unhandle HttpChannelState@6f97d5b2{s=HANDLING rs=COMPLETED os=COMPLETED is=IDLE awp=false se=false i=false al=0}
04:29:50.257 [qtp961160488-15] DEBUG org.eclipse.jetty.server.HttpChannelState - nextAction(false) TERMINATED HttpChannelState@6f97d5b2{s=IDLE rs=COMPLETED os=COMPLETED is=IDLE awp=false se=false i=false al=0}
04:29:50.257 [qtp961160488-15] DEBUG org.eclipse.jetty.server.HttpChannel - action TERMINATED HttpChannelOverHttp@3d3408a4{s=HttpChannelState@6f97d5b2{s=IDLE rs=COMPLETED os=COMPLETED is=IDLE awp=false se=false i=false al=0},r=2,c=true/true,a=IDLE,uri=//localhost:44247/config.yml,age=17}
04:29:50.257 [qtp961160488-15] DEBUG org.eclipse.jetty.server.HttpChannel - onCompleted for /config.yml written=0
04:29:50.257 [qtp961160488-15] DEBUG org.eclipse.jetty.server.HttpChannelState - recycle HttpChannelState@6f97d5b2{s=IDLE rs=COMPLETED os=COMPLETED is=IDLE awp=false se=false i=false al=0}
04:29:50.257 [qtp961160488-15] DEBUG org.eclipse.jetty.http.HttpParser - reset HttpParser{s=END,0 of -1}
04:29:50.257 [qtp961160488-15] DEBUG org.eclipse.jetty.http.HttpParser - END --> START
04:29:50.257 [qtp961160488-15] DEBUG org.eclipse.jetty.server.HttpChannel - !handle TERMINATED HttpChannelOverHttp@3d3408a4{s=HttpChannelState@6f97d5b2{s=IDLE rs=BLOCKING os=OPEN is=IDLE awp=false se=false i=true al=0},r=2,c=false/false,a=IDLE,uri=null,age=0}
04:29:50.257 [qtp961160488-15] DEBUG org.eclipse.jetty.io.ChannelEndPoint - filled 0 HeapByteBuffer@c9025a9[p=0,l=0,c=8192,r=0]={<<<>>>HTTP/1.1 ...\x00\x00\x00\x00\x00\x00\x00}
04:29:50.257 [qtp961160488-15] DEBUG org.eclipse.jetty.io.ChannelEndPoint - filled 0 HeapByteBuffer@c9025a9[p=0,l=0,c=8192,r=0]={<<<>>>HTTP/1.1 ...\x00\x00\x00\x00\x00\x00\x00}
04:29:50.258 [qtp961160488-15] DEBUG org.eclipse.jetty.server.HttpConnection - HttpConnection@7ba2e82b::SocketChannelEndPoint@66e3d98c{l=/127.0.0.1:44247,r=/127.0.0.1:42494,OPEN,fill=-,flush=-,to=1/3000}{io=0/0,kio=0,kro=1}->HttpConnection@7ba2e82b[p=HttpParser{s=START,0 of -1},g=HttpGenerator@1e993888{s=START}]=>HttpChannelOverHttp@3d3408a4{s=HttpChannelState@6f97d5b2{s=IDLE rs=BLOCKING os=OPEN is=IDLE awp=false se=false i=true al=0},r=2,c=false/false,a=IDLE,uri=null,age=0} filled 0 HeapByteBuffer@c9025a9[p=0,l=0,c=8192,r=0]={<<<>>>HTTP/1.1 ...\x00\x00\x00\x00\x00\x00\x00}
04:29:50.258 [qtp961160488-15] DEBUG org.eclipse.jetty.server.HttpConnection - HttpConnection@7ba2e82b::SocketChannelEndPoint@66e3d98c{l=/127.0.0.1:44247,r=/127.0.0.1:42494,OPEN,fill=-,flush=-,to=1/3000}{io=0/0,kio=0,kro=1}->HttpConnection@7ba2e82b[p=HttpParser{s=START,0 of -1},g=HttpGenerator@1e993888{s=START}]=>HttpChannelOverHttp@3d3408a4{s=HttpChannelState@6f97d5b2{s=IDLE rs=BLOCKING os=OPEN is=IDLE awp=false se=false i=true al=0},r=2,c=false/false,a=IDLE,uri=null,age=0} parse HeapByteBuffer@c9025a9[p=0,l=0,c=8192,r=0]={<<<>>>HTTP/1.1 ...\x00\x00\x00\x00\x00\x00\x00} {}
04:29:50.258 [qtp961160488-15] DEBUG org.eclipse.jetty.http.HttpParser - parseNext s=START HeapByteBuffer@c9025a9[p=0,l=0,c=8192,r=0]={<<<>>>HTTP/1.1 ...\x00\x00\x00\x00\x00\x00\x00}
04:29:50.258 [main] DEBUG org.apache.nifi.minifi.bootstrap.configuration.ingestors.PullHttpChangeIngestor - Attempting to pull new config
04:29:50.258 [qtp961160488-15] DEBUG org.eclipse.jetty.server.HttpConnection - HttpConnection@7ba2e82b::SocketChannelEndPoint@66e3d98c{l=/127.0.0.1:44247,r=/127.0.0.1:42494,OPEN,fill=-,flush=-,to=1/3000}{io=0/0,kio=0,kro=1}->HttpConnection@7ba2e82b[p=HttpParser{s=START,0 of -1},g=HttpGenerator@1e993888{s=START}]=>HttpChannelOverHttp@3d3408a4{s=HttpChannelState@6f97d5b2{s=IDLE rs=BLOCKING os=OPEN is=IDLE awp=false se=false i=true al=0},r=2,c=false/false,a=IDLE,uri=null,age=0} parsed false HttpParser{s=START,0 of -1}
04:29:50.258 [qtp961160488-15] DEBUG org.eclipse.jetty.server.HttpConnection - releaseRequestBuffer HttpConnection@7ba2e82b::SocketChannelEndPoint@66e3d98c{l=/127.0.0.1:44247,r=/127.0.0.1:42494,OPEN,fill=-,flush=-,to=1/3000}{io=0/0,kio=0,kro=1}->HttpConnection@7ba2e82b[p=HttpParser{s=START,0 of -1},g=HttpGenerator@1e993888{s=START}]=>HttpChannelOverHttp@3d3408a4{s=HttpChannelState@6f97d5b2{s=IDLE rs=BLOCKING os=OPEN is=IDLE awp=false se=false i=true al=0},r=2,c=false/false,a=IDLE,uri=null,age=0}
04:29:50.258 [qtp961160488-15] DEBUG org.eclipse.jetty.io.AbstractConnection - fillInterested HttpConnection@7ba2e82b::SocketChannelEndPoint@66e3d98c{l=/127.0.0.1:44247,r=/127.0.0.1:42494,OPEN,fill=-,flush=-,to=1/3000}{io=0/0,kio=0,kro=1}->HttpConnection@7ba2e82b[p=HttpParser{s=START,0 of -1},g=HttpGenerator@1e993888{s=START}]=>HttpChannelOverHttp@3d3408a4{s=HttpChannelState@6f97d5b2{s=IDLE rs=BLOCKING os=OPEN is=IDLE awp=false se=false i=true al=0},r=2,c=false/false,a=IDLE,uri=null,age=0}
04:29:50.258 [qtp961160488-17-acceptor-0@1e1a0406-ServerConnector@446293d{HTTP/1.1, (http/1.1)}{localhost:44247}] DEBUG org.eclipse.jetty.io.ManagedSelector - Queued change lazy=false Accept@252f5259[java.nio.channels.SocketChannel[connected local=/127.0.0.1:44247 remote=/127.0.0.1:42508]] on ManagedSelector@4803b726{STARTED} id=1 keys=1 selected=0 updates=0
04:29:50.258 [qtp961160488-17-acceptor-0@1e1a0406-ServerConnector@446293d{HTTP/1.1, (http/1.1)}{localhost:44247}] DEBUG org.eclipse.jetty.io.ManagedSelector - Wakeup on submit ManagedSelector@4803b726{STARTED} id=1 keys=1 selected=0 updates=1
04:29:50.258 [qtp961160488-15] DEBUG org.eclipse.jetty.io.FillInterest - interested FillInterest@4f7244ac{AC.ReadCB@7ba2e82b{HttpConnection@7ba2e82b::SocketChannelEndPoint@66e3d98c{l=/127.0.0.1:44247,r=/127.0.0.1:42494,OPEN,fill=FI,flush=-,to=0/3000}{io=0/0,kio=0,kro=1}->HttpConnection@7ba2e82b[p=HttpParser{s=START,0 of -1},g=HttpGenerator@1e993888{s=START}]=>HttpChannelOverHttp@3d3408a4{s=HttpChannelState@6f97d5b2{s=IDLE rs=BLOCKING os=OPEN is=IDLE awp=false se=false i=true al=0},r=2,c=false/false,a=IDLE,uri=null,age=0}}}
04:29:50.258 [qtp961160488-16] DEBUG org.eclipse.jetty.io.ManagedSelector - Selector sun.nio.ch.EPollSelectorImpl@50485bb2 woken with none selected
04:29:50.258 [qtp961160488-16] DEBUG org.eclipse.jetty.io.ManagedSelector - Selector sun.nio.ch.EPollSelectorImpl@50485bb2 woken up from select, 0/0/1 selected
04:29:50.258 [qtp961160488-16] DEBUG org.eclipse.jetty.io.ManagedSelector - Selector sun.nio.ch.EPollSelectorImpl@50485bb2 processing 0 keys, 1 updates
04:29:50.258 [qtp961160488-16] DEBUG org.eclipse.jetty.io.ManagedSelector - updateable 1
04:29:50.258 [qtp961160488-15] DEBUG org.eclipse.jetty.io.ChannelEndPoint - changeInterests p=false 0->1 for SocketChannelEndPoint@66e3d98c{l=/127.0.0.1:44247,r=/127.0.0.1:42494,OPEN,fill=FI,flush=-,to=0/3000}{io=0/1,kio=0,kro=1}->HttpConnection@7ba2e82b[p=HttpParser{s=START,0 of -1},g=HttpGenerator@1e993888{s=START}]=>HttpChannelOverHttp@3d3408a4{s=HttpChannelState@6f97d5b2{s=IDLE rs=BLOCKING os=OPEN is=IDLE awp=false se=false i=true al=0},r=2,c=false/false,a=IDLE,uri=null,age=0}
04:29:50.258 [qtp961160488-16] DEBUG org.eclipse.jetty.io.ManagedSelector - update Accept@252f5259[java.nio.channels.SocketChannel[connected local=/127.0.0.1:44247 remote=/127.0.0.1:42508]]
04:29:50.258 [qtp961160488-15] DEBUG org.eclipse.jetty.io.ManagedSelector - Queued change lazy=false org.eclipse.jetty.io.ChannelEndPoint$$Lambda$255/1126011505@23fd0ed9 on ManagedSelector@194bcebf{STARTED} id=0 keys=1 selected=0 updates=0
04:29:50.259 [qtp961160488-15] DEBUG org.eclipse.jetty.io.ManagedSelector - Wakeup on submit ManagedSelector@194bcebf{STARTED} id=0 keys=1 selected=0 updates=1
04:29:50.259 [qtp961160488-16] DEBUG org.eclipse.jetty.util.thread.QueuedThreadPool - queue Accept@252f5259[java.nio.channels.SocketChannel[connected local=/127.0.0.1:44247 remote=/127.0.0.1:42508]] startThread=0
04:29:50.259 [qtp961160488-16] DEBUG org.eclipse.jetty.io.ManagedSelector - updates 0
04:29:50.259 [qtp961160488-18] DEBUG org.eclipse.jetty.io.ManagedSelector - Selector sun.nio.ch.EPollSelectorImpl@37060169 woken with none selected
04:29:50.259 [qtp961160488-16] DEBUG org.eclipse.jetty.io.ManagedSelector - Selector sun.nio.ch.EPollSelectorImpl@50485bb2 waiting with 2 keys
04:29:50.259 [qtp961160488-19] DEBUG org.eclipse.jetty.util.thread.QueuedThreadPool - run Accept@252f5259[java.nio.channels.SocketChannel[connected local=/127.0.0.1:44247 remote=/127.0.0.1:42508]] in QueuedThreadPool[qtp961160488]@394a2528{STARTED,8<=8<=200,i=0,r=-1,q=0}[ReservedThreadExecutor@383bfa16{reserved=1/8,pending=0}]
04:29:50.259 [qtp961160488-18] DEBUG org.eclipse.jetty.io.ManagedSelector - Selector sun.nio.ch.EPollSelectorImpl@37060169 woken up from select, 0/0/1 selected
04:29:50.259 [qtp961160488-18] DEBUG org.eclipse.jetty.io.ManagedSelector - Selector sun.nio.ch.EPollSelectorImpl@37060169 processing 0 keys, 1 updates
04:29:50.259 [qtp961160488-18] DEBUG org.eclipse.jetty.io.ManagedSelector - updateable 1
04:29:50.259 [qtp961160488-18] DEBUG org.eclipse.jetty.io.ManagedSelector - update org.eclipse.jetty.io.ChannelEndPoint$$Lambda$255/1126011505@23fd0ed9
04:29:50.259 [qtp961160488-19] DEBUG org.eclipse.jetty.io.IdleTimeout - SocketChannelEndPoint@32cbf2bf{l=/127.0.0.1:44247,r=/127.0.0.1:42508,OPEN,fill=-,flush=-,to=0/3000}{io=0/0,kio=0,kro=0}-><null> idle timeout check, elapsed: 0 ms, remaining: 3000 ms
04:29:50.259 [qtp961160488-15] DEBUG org.eclipse.jetty.server.HttpConnection - HttpConnection@7ba2e82b::SocketChannelEndPoint@66e3d98c{l=/127.0.0.1:44247,r=/127.0.0.1:42494,OPEN,fill=FI,flush=-,to=0/3000}{io=0/1,kio=0,kro=1}->HttpConnection@7ba2e82b[p=HttpParser{s=START,0 of -1},g=HttpGenerator@1e993888{s=START}]=>HttpChannelOverHttp@3d3408a4{s=HttpChannelState@6f97d5b2{s=IDLE rs=BLOCKING os=OPEN is=IDLE awp=false se=false i=true al=0},r=2,c=false/false,a=IDLE,uri=null,age=0} onFillable exit HttpChannelState@6f97d5b2{s=IDLE rs=BLOCKING os=OPEN is=IDLE awp=false se=false i=true al=0} null
04:29:50.259 [qtp961160488-18] DEBUG org.eclipse.jetty.io.ChannelEndPoint - Key interests updated 0 -> 1 on SocketChannelEndPoint@66e3d98c{l=/127.0.0.1:44247,r=/127.0.0.1:42494,OPEN,fill=FI,flush=-,to=0/3000}{io=1/1,kio=1,kro=1}->HttpConnection@7ba2e82b[p=HttpParser{s=START,0 of -1},g=HttpGenerator@1e993888{s=START}]=>HttpChannelOverHttp@3d3408a4{s=HttpChannelState@6f97d5b2{s=IDLE rs=BLOCKING os=OPEN is=IDLE awp=false se=false i=true al=0},r=2,c=false/false,a=IDLE,uri=null,age=0}
04:29:50.259 [qtp961160488-18] DEBUG org.eclipse.jetty.io.ManagedSelector - updates 0
04:29:50.259 [qtp961160488-15] DEBUG org.eclipse.jetty.util.thread.QueuedThreadPool - ran org.eclipse.jetty.io.ManagedSelector$$Lambda$253/838473569@957e06 in QueuedThreadPool[qtp961160488]@394a2528{STARTED,8<=8<=200,i=0,r=-1,q=0}[ReservedThreadExecutor@383bfa16{reserved=1/8,pending=0}]
04:29:50.259 [qtp961160488-18] DEBUG org.eclipse.jetty.io.ManagedSelector - Selector sun.nio.ch.EPollSelectorImpl@37060169 waiting with 1 keys
04:29:50.259 [qtp961160488-19] DEBUG org.eclipse.jetty.server.HttpChannel - new HttpChannelOverHttp@7ff315f5{s=HttpChannelState@5791bb4b{s=IDLE rs=BLOCKING os=OPEN is=IDLE awp=false se=false i=true al=0},r=0,c=false/false,a=IDLE,uri=null,age=0} -> SocketChannelEndPoint@32cbf2bf{l=/127.0.0.1:44247,r=/127.0.0.1:42508,OPEN,fill=-,flush=-,to=0/3000}{io=0/0,kio=0,kro=0}-><null>,null,HttpChannelState@5791bb4b{s=IDLE rs=BLOCKING os=OPEN is=IDLE awp=false se=false i=true al=0}
04:29:50.259 [qtp961160488-19] DEBUG org.eclipse.jetty.server.HttpConnection - New HTTP Connection HttpConnection@50b475a9::SocketChannelEndPoint@32cbf2bf{l=/127.0.0.1:44247,r=/127.0.0.1:42508,OPEN,fill=-,flush=-,to=0/3000}{io=0/0,kio=0,kro=0}-><null>
04:29:50.259 [qtp961160488-19] DEBUG org.eclipse.jetty.io.ManagedSelector - Queued change lazy=true org.eclipse.jetty.io.ManagedSelector$$Lambda$258/854397033@3d872b0a on ManagedSelector@4803b726{STARTED} id=1 keys=2 selected=0 updates=0
04:29:50.259 [qtp961160488-19] DEBUG org.eclipse.jetty.io.AbstractEndPoint - onOpen SocketChannelEndPoint@32cbf2bf{l=/127.0.0.1:44247,r=/127.0.0.1:42508,OPEN,fill=-,flush=-,to=0/3000}{io=0/0,kio=0,kro=0}->HttpConnection@50b475a9[p=HttpParser{s=START,0 of -1},g=HttpGenerator@5a3ccdf2{s=START}]=>HttpChannelOverHttp@7ff315f5{s=HttpChannelState@5791bb4b{s=IDLE rs=BLOCKING os=OPEN is=IDLE awp=false se=false i=true al=0},r=0,c=false/false,a=IDLE,uri=null,age=0}
04:29:50.259 [qtp961160488-19] DEBUG org.eclipse.jetty.io.AbstractConnection - onOpen HttpConnection@50b475a9::SocketChannelEndPoint@32cbf2bf{l=/127.0.0.1:44247,r=/127.0.0.1:42508,OPEN,fill=-,flush=-,to=0/3000}{io=0/0,kio=0,kro=0}->HttpConnection@50b475a9[p=HttpParser{s=START,0 of -1},g=HttpGenerator@5a3ccdf2{s=START}]=>HttpChannelOverHttp@7ff315f5{s=HttpChannelState@5791bb4b{s=IDLE rs=BLOCKING os=OPEN is=IDLE awp=false se=false i=true al=0},r=0,c=false/false,a=IDLE,uri=null,age=0}
04:29:50.259 [qtp961160488-19] DEBUG org.eclipse.jetty.io.AbstractConnection - fillInterested HttpConnection@50b475a9::SocketChannelEndPoint@32cbf2bf{l=/127.0.0.1:44247,r=/127.0.0.1:42508,OPEN,fill=-,flush=-,to=0/3000}{io=0/0,kio=0,kro=0}->HttpConnection@50b475a9[p=HttpParser{s=START,0 of -1},g=HttpGenerator@5a3ccdf2{s=START}]=>HttpChannelOverHttp@7ff315f5{s=HttpChannelState@5791bb4b{s=IDLE rs=BLOCKING os=OPEN is=IDLE awp=false se=false i=true al=0},r=0,c=false/false,a=IDLE,uri=null,age=0}
04:29:50.260 [qtp961160488-19] DEBUG org.eclipse.jetty.io.FillInterest - interested FillInterest@ad7e1d{AC.ReadCB@50b475a9{HttpConnection@50b475a9::SocketChannelEndPoint@32cbf2bf{l=/127.0.0.1:44247,r=/127.0.0.1:42508,OPEN,fill=FI,flush=-,to=0/3000}{io=0/0,kio=0,kro=0}->HttpConnection@50b475a9[p=HttpParser{s=START,0 of -1},g=HttpGenerator@5a3ccdf2{s=START}]=>HttpChannelOverHttp@7ff315f5{s=HttpChannelState@5791bb4b{s=IDLE rs=BLOCKING os=OPEN is=IDLE awp=false se=false i=true al=0},r=0,c=false/false,a=IDLE,uri=null,age=0}}}
04:29:50.260 [qtp961160488-19] DEBUG org.eclipse.jetty.io.ChannelEndPoint - changeInterests p=false 0->1 for SocketChannelEndPoint@32cbf2bf{l=/127.0.0.1:44247,r=/127.0.0.1:42508,OPEN,fill=FI,flush=-,to=0/3000}{io=0/1,kio=0,kro=0}->HttpConnection@50b475a9[p=HttpParser{s=START,0 of -1},g=HttpGenerator@5a3ccdf2{s=START}]=>HttpChannelOverHttp@7ff315f5{s=HttpChannelState@5791bb4b{s=IDLE rs=BLOCKING os=OPEN is=IDLE awp=false se=false i=true al=0},r=0,c=false/false,a=IDLE,uri=null,age=0}
04:29:50.260 [qtp961160488-19] DEBUG org.eclipse.jetty.io.ManagedSelector - Queued change lazy=false org.eclipse.jetty.io.ChannelEndPoint$$Lambda$255/1126011505@73475a9c on ManagedSelector@4803b726{STARTED} id=1 keys=2 selected=0 updates=1
04:29:50.260 [qtp961160488-19] DEBUG org.eclipse.jetty.io.ManagedSelector - Wakeup on submit ManagedSelector@4803b726{STARTED} id=1 keys=2 selected=0 updates=2
04:29:50.260 [qtp961160488-16] DEBUG org.eclipse.jetty.io.ManagedSelector - Selector sun.nio.ch.EPollSelectorImpl@50485bb2 woken with none selected
04:29:50.260 [qtp961160488-16] DEBUG org.eclipse.jetty.io.ManagedSelector - Selector sun.nio.ch.EPollSelectorImpl@50485bb2 woken up from select, 0/0/2 selected
04:29:50.260 [qtp961160488-16] DEBUG org.eclipse.jetty.io.ManagedSelector - Selector sun.nio.ch.EPollSelectorImpl@50485bb2 processing 0 keys, 2 updates
04:29:50.260 [qtp961160488-16] DEBUG org.eclipse.jetty.io.ManagedSelector - updateable 2
04:29:50.260 [qtp961160488-16] DEBUG org.eclipse.jetty.io.ManagedSelector - update org.eclipse.jetty.io.ManagedSelector$$Lambda$258/854397033@3d872b0a
04:29:50.260 [qtp961160488-19] DEBUG org.eclipse.jetty.io.ManagedSelector - Created SocketChannelEndPoint@32cbf2bf{l=/127.0.0.1:44247,r=/127.0.0.1:42508,OPEN,fill=FI,flush=-,to=0/3000}{io=0/1,kio=0,kro=0}->HttpConnection@50b475a9[p=HttpParser{s=START,0 of -1},g=HttpGenerator@5a3ccdf2{s=START}]=>HttpChannelOverHttp@7ff315f5{s=HttpChannelState@5791bb4b{s=IDLE rs=BLOCKING os=OPEN is=IDLE awp=false se=false i=true al=0},r=0,c=false/false,a=IDLE,uri=null,age=0}
04:29:50.260 [qtp961160488-16] DEBUG org.eclipse.jetty.io.ManagedSelector - update org.eclipse.jetty.io.ChannelEndPoint$$Lambda$255/1126011505@73475a9c
04:29:50.260 [qtp961160488-19] DEBUG org.eclipse.jetty.util.thread.QueuedThreadPool - ran Accept@252f5259[java.nio.channels.SocketChannel[connected local=/127.0.0.1:44247 remote=/127.0.0.1:42508]] in QueuedThreadPool[qtp961160488]@394a2528{STARTED,8<=8<=200,i=1,r=-1,q=0}[ReservedThreadExecutor@383bfa16{reserved=1/8,pending=0}]
04:29:50.260 [qtp961160488-16] DEBUG org.eclipse.jetty.io.ChannelEndPoint - Key interests updated 0 -> 1 on SocketChannelEndPoint@32cbf2bf{l=/127.0.0.1:44247,r=/127.0.0.1:42508,OPEN,fill=FI,flush=-,to=0/3000}{io=1/1,kio=1,kro=0}->HttpConnection@50b475a9[p=HttpParser{s=START,0 of -1},g=HttpGenerator@5a3ccdf2{s=START}]=>HttpChannelOverHttp@7ff315f5{s=HttpChannelState@5791bb4b{s=IDLE rs=BLOCKING os=OPEN is=IDLE awp=false se=false i=true al=0},r=0,c=false/false,a=IDLE,uri=null,age=0}
04:29:50.260 [qtp961160488-16] DEBUG org.eclipse.jetty.io.ManagedSelector - updates 0
04:29:50.260 [qtp961160488-16] DEBUG org.eclipse.jetty.io.ManagedSelector - Selector sun.nio.ch.EPollSelectorImpl@50485bb2 waiting with 2 keys
04:29:50.260 [qtp961160488-16] DEBUG org.eclipse.jetty.io.ManagedSelector - Selector sun.nio.ch.EPollSelectorImpl@50485bb2 woken up from select, 1/1/2 selected
04:29:50.260 [qtp961160488-16] DEBUG org.eclipse.jetty.io.ManagedSelector - Selector sun.nio.ch.EPollSelectorImpl@50485bb2 processing 1 keys, 0 updates
04:29:50.260 [qtp961160488-16] DEBUG org.eclipse.jetty.io.ManagedSelector - selected 1 sun.nio.ch.SelectionKeyImpl@5d49b323 SocketChannelEndPoint@32cbf2bf{l=/127.0.0.1:44247,r=/127.0.0.1:42508,OPEN,fill=FI,flush=-,to=0/3000}{io=1/1,kio=1,kro=1}->HttpConnection@50b475a9[p=HttpParser{s=START,0 of -1},g=HttpGenerator@5a3ccdf2{s=START}]=>HttpChannelOverHttp@7ff315f5{s=HttpChannelState@5791bb4b{s=IDLE rs=BLOCKING os=OPEN is=IDLE awp=false se=false i=true al=0},r=0,c=false/false,a=IDLE,uri=null,age=0} 
04:29:50.260 [qtp961160488-16] DEBUG org.eclipse.jetty.io.ChannelEndPoint - onSelected 1->0 r=true w=false for SocketChannelEndPoint@32cbf2bf{l=/127.0.0.1:44247,r=/127.0.0.1:42508,OPEN,fill=FI,flush=-,to=0/3000}{io=1/0,kio=1,kro=1}->HttpConnection@50b475a9[p=HttpParser{s=START,0 of -1},g=HttpGenerator@5a3ccdf2{s=START}]=>HttpChannelOverHttp@7ff315f5{s=HttpChannelState@5791bb4b{s=IDLE rs=BLOCKING os=OPEN is=IDLE awp=false se=false i=true al=0},r=0,c=false/false,a=IDLE,uri=null,age=0}
04:29:50.260 [qtp961160488-16] DEBUG org.eclipse.jetty.io.ChannelEndPoint - task CEP:SocketChannelEndPoint@32cbf2bf{l=/127.0.0.1:44247,r=/127.0.0.1:42508,OPEN,fill=FI,flush=-,to=0/3000}{io=1/0,kio=1,kro=1}->HttpConnection@50b475a9[p=HttpParser{s=START,0 of -1},g=HttpGenerator@5a3ccdf2{s=START}]=>HttpChannelOverHttp@7ff315f5{s=HttpChannelState@5791bb4b{s=IDLE rs=BLOCKING os=OPEN is=IDLE awp=false se=false i=true al=0},r=0,c=false/false,a=IDLE,uri=null,age=0}:runFillable:BLOCKING
04:29:50.261 [qtp961160488-16] DEBUG org.eclipse.jetty.util.thread.ReservedThreadExecutor - ReservedThreadExecutor@383bfa16{reserved=1/8,pending=0} tryExecute EatWhatYouKill@17497425/SelectorProducer@f0da945/PRODUCING/p=false/QueuedThreadPool[qtp961160488]@394a2528{STARTED,8<=8<=200,i=2,r=-1,q=0}[ReservedThreadExecutor@383bfa16{reserved=1/8,pending=0}][pc=0,pic=0,pec=1,epc=0]@2024-05-02T04:29:50.261+01:00
04:29:50.261 [qtp961160488-16] DEBUG org.eclipse.jetty.util.thread.ReservedThreadExecutor - ReservedThreadExecutor@383bfa16{reserved=0/8,pending=1} startReservedThread p=1
04:29:50.261 [qtp961160488-16] DEBUG org.eclipse.jetty.util.thread.QueuedThreadPool - queue ReservedThread@48447728{PENDING,thread=null} startThread=0
04:29:50.261 [qtp961160488-20] DEBUG org.eclipse.jetty.util.thread.ReservedThreadExecutor - ReservedThread@339222ab{RESERVED,thread=Thread[qtp961160488-20,5,main]} task=EatWhatYouKill@17497425/SelectorProducer@f0da945/IDLE/p=true/QueuedThreadPool[qtp961160488]@394a2528{STARTED,8<=8<=200,i=1,r=-1,q=0}[ReservedThreadExecutor@383bfa16{reserved=0/8,pending=1}][pc=0,pic=0,pec=1,epc=0]@2024-05-02T04:29:50.261+01:00 ReservedThreadExecutor@383bfa16{reserved=0/8,pending=1}
04:29:50.261 [qtp961160488-16] DEBUG org.eclipse.jetty.util.thread.strategy.EatWhatYouKill - EatWhatYouKill@17497425/SelectorProducer@f0da945/IDLE/p=true/QueuedThreadPool[qtp961160488]@394a2528{STARTED,8<=8<=200,i=1,r=-1,q=0}[ReservedThreadExecutor@383bfa16{reserved=0/8,pending=1}][pc=0,pic=0,pec=1,epc=0]@2024-05-02T04:29:50.261+01:00 m=EXECUTE_PRODUCE_CONSUME t=CEP:SocketChannelEndPoint@32cbf2bf{l=/127.0.0.1:44247,r=/127.0.0.1:42508,OPEN,fill=FI,flush=-,to=1/3000}{io=1/0,kio=1,kro=1}->HttpConnection@50b475a9[p=HttpParser{s=START,0 of -1},g=HttpGenerator@5a3ccdf2{s=START}]=>HttpChannelOverHttp@7ff315f5{s=HttpChannelState@5791bb4b{s=IDLE rs=BLOCKING os=OPEN is=IDLE awp=false se=false i=true al=0},r=0,c=false/false,a=IDLE,uri=null,age=0}:runFillable:BLOCKING/BLOCKING
04:29:50.261 [qtp961160488-20] DEBUG org.eclipse.jetty.util.thread.strategy.EatWhatYouKill - EatWhatYouKill@17497425/SelectorProducer@f0da945/IDLE/p=true/QueuedThreadPool[qtp961160488]@394a2528{STARTED,8<=8<=200,i=1,r=-1,q=0}[ReservedThreadExecutor@383bfa16{reserved=0/8,pending=1}][pc=0,pic=0,pec=1,epc=0]@2024-05-02T04:29:50.261+01:00 tryProduce true
04:29:50.261 [qtp961160488-20] DEBUG org.eclipse.jetty.io.ManagedSelector - updateable 0
04:29:50.261 [qtp961160488-20] DEBUG org.eclipse.jetty.io.ManagedSelector - updates 0
04:29:50.261 [qtp961160488-16] DEBUG org.eclipse.jetty.io.FillInterest - fillable FillInterest@ad7e1d{AC.ReadCB@50b475a9{HttpConnection@50b475a9::SocketChannelEndPoint@32cbf2bf{l=/127.0.0.1:44247,r=/127.0.0.1:42508,OPEN,fill=FI,flush=-,to=1/3000}{io=1/0,kio=1,kro=1}->HttpConnection@50b475a9[p=HttpParser{s=START,0 of -1},g=HttpGenerator@5a3ccdf2{s=START}]=>HttpChannelOverHttp@7ff315f5{s=HttpChannelState@5791bb4b{s=IDLE rs=BLOCKING os=OPEN is=IDLE awp=false se=false i=true al=0},r=0,c=false/false,a=IDLE,uri=null,age=0}}}
04:29:50.261 [qtp961160488-16] DEBUG org.eclipse.jetty.server.HttpConnection - HttpConnection@50b475a9::SocketChannelEndPoint@32cbf2bf{l=/127.0.0.1:44247,r=/127.0.0.1:42508,OPEN,fill=-,flush=-,to=1/3000}{io=0/0,kio=0,kro=1}->HttpConnection@50b475a9[p=HttpParser{s=START,0 of -1},g=HttpGenerator@5a3ccdf2{s=START}]=>HttpChannelOverHttp@7ff315f5{s=HttpChannelState@5791bb4b{s=IDLE rs=BLOCKING os=OPEN is=IDLE awp=false se=false i=true al=0},r=0,c=false/false,a=IDLE,uri=null,age=0} onFillable enter HttpChannelState@5791bb4b{s=IDLE rs=BLOCKING os=OPEN is=IDLE awp=false se=false i=true al=0} null
04:29:50.261 [qtp961160488-20] DEBUG org.eclipse.jetty.io.ChannelEndPoint - Key interests updated 1 -> 0 on SocketChannelEndPoint@32cbf2bf{l=/127.0.0.1:44247,r=/127.0.0.1:42508,OPEN,fill=FI,flush=-,to=1/3000}{io=0/0,kio=0,kro=1}->HttpConnection@50b475a9[p=HttpParser{s=START,0 of -1},g=HttpGenerator@5a3ccdf2{s=START}]=>HttpChannelOverHttp@7ff315f5{s=HttpChannelState@5791bb4b{s=IDLE rs=BLOCKING os=OPEN is=IDLE awp=false se=false i=true al=0},r=0,c=false/false,a=IDLE,uri=null,age=0}
04:29:50.261 [qtp961160488-20] DEBUG org.eclipse.jetty.io.ManagedSelector - Selector sun.nio.ch.EPollSelectorImpl@50485bb2 waiting with 2 keys
04:29:50.261 [qtp961160488-15] DEBUG org.eclipse.jetty.util.thread.QueuedThreadPool - run ReservedThread@48447728{PENDING,thread=null} in QueuedThreadPool[qtp961160488]@394a2528{STARTED,8<=8<=200,i=1,r=-1,q=0}[ReservedThreadExecutor@383bfa16{reserved=0/8,pending=1}]
04:29:50.261 [qtp961160488-16] DEBUG org.eclipse.jetty.io.ChannelEndPoint - filled 133 HeapByteBuffer@c9025a9[p=0,l=133,c=8192,r=133]={<<<GET /config-minimal.yml H...gent: okhttp/3.12.3\r\n\r\n>>>: okhttp/...\x00\x00\x00\x00\x00\x00\x00}
04:29:50.262 [qtp961160488-15] DEBUG org.eclipse.jetty.util.thread.ReservedThreadExecutor - ReservedThread@48447728{PENDING,thread=Thread[qtp961160488-15,5,main]} was=PENDING next=RESERVED size=0+1 capacity=8
04:29:50.262 [qtp961160488-16] DEBUG org.eclipse.jetty.server.HttpConnection - HttpConnection@50b475a9::SocketChannelEndPoint@32cbf2bf{l=/127.0.0.1:44247,r=/127.0.0.1:42508,OPEN,fill=-,flush=-,to=0/3000}{io=0/0,kio=0,kro=1}->HttpConnection@50b475a9[p=HttpParser{s=START,0 of -1},g=HttpGenerator@5a3ccdf2{s=START}]=>HttpChannelOverHttp@7ff315f5{s=HttpChannelState@5791bb4b{s=IDLE rs=BLOCKING os=OPEN is=IDLE awp=false se=false i=true al=0},r=0,c=false/false,a=IDLE,uri=null,age=0} filled 133 HeapByteBuffer@c9025a9[p=0,l=133,c=8192,r=133]={<<<GET /config-minimal.yml H...gent: okhttp/3.12.3\r\n\r\n>>>: okhttp/...\x00\x00\x00\x00\x00\x00\x00}
04:29:50.262 [qtp961160488-15] DEBUG org.eclipse.jetty.util.thread.ReservedThreadExecutor - ReservedThread@48447728{RESERVED,thread=Thread[qtp961160488-15,5,main]} waiting ReservedThreadExecutor@383bfa16{reserved=1/8,pending=0}
04:29:50.262 [qtp961160488-16] DEBUG org.eclipse.jetty.server.HttpConnection - HttpConnection@50b475a9::SocketChannelEndPoint@32cbf2bf{l=/127.0.0.1:44247,r=/127.0.0.1:42508,OPEN,fill=-,flush=-,to=0/3000}{io=0/0,kio=0,kro=1}->HttpConnection@50b475a9[p=HttpParser{s=START,0 of -1},g=HttpGenerator@5a3ccdf2{s=START}]=>HttpChannelOverHttp@7ff315f5{s=HttpChannelState@5791bb4b{s=IDLE rs=BLOCKING os=OPEN is=IDLE awp=false se=false i=true al=0},r=0,c=false/false,a=IDLE,uri=null,age=0} parse HeapByteBuffer@c9025a9[p=0,l=133,c=8192,r=133]={<<<GET /config-minimal.yml H...gent: okhttp/3.12.3\r\n\r\n>>>: okhttp/...\x00\x00\x00\x00\x00\x00\x00} {}
04:29:50.262 [qtp961160488-16] DEBUG org.eclipse.jetty.http.HttpParser - parseNext s=START HeapByteBuffer@c9025a9[p=0,l=133,c=8192,r=133]={<<<GET /config-minimal.yml H...gent: okhttp/3.12.3\r\n\r\n>>>: okhttp/...\x00\x00\x00\x00\x00\x00\x00}
04:29:50.262 [qtp961160488-16] DEBUG org.eclipse.jetty.http.HttpParser - START --> SPACE1
04:29:50.262 [qtp961160488-16] DEBUG org.eclipse.jetty.http.HttpParser - SPACE1 --> URI
04:29:50.262 [qtp961160488-16] DEBUG org.eclipse.jetty.http.HttpParser - URI --> SPACE2
04:29:50.262 [qtp961160488-16] DEBUG org.eclipse.jetty.http.HttpParser - SPACE2 --> REQUEST_VERSION
04:29:50.262 [qtp961160488-16] DEBUG org.eclipse.jetty.http.HttpParser - REQUEST_VERSION --> HEADER
04:29:50.262 [qtp961160488-16] DEBUG org.eclipse.jetty.http.HttpParser - HEADER:Host --> VALUE
04:29:50.262 [qtp961160488-16] DEBUG org.eclipse.jetty.http.HttpParser - HEADER:Host --> IN_VALUE
04:29:50.262 [qtp961160488-16] DEBUG org.eclipse.jetty.http.HttpParser - HEADER:Host --> FIELD
04:29:50.262 [qtp961160488-16] DEBUG org.eclipse.jetty.http.HttpParser - HEADER:Connection: keep-alive --> IN_VALUE
04:29:50.262 [qtp961160488-16] DEBUG org.eclipse.jetty.http.HttpParser - HEADER:Connection: keep-alive --> FIELD
04:29:50.262 [qtp961160488-16] DEBUG org.eclipse.jetty.http.HttpParser - HEADER:Accept-Encoding: gzip --> IN_VALUE
04:29:50.262 [qtp961160488-16] DEBUG org.eclipse.jetty.http.HttpParser - HEADER:Accept-Encoding: gzip --> FIELD
04:29:50.262 [qtp961160488-16] DEBUG org.eclipse.jetty.http.HttpParser - HEADER:User-Agent --> VALUE
04:29:50.262 [qtp961160488-16] DEBUG org.eclipse.jetty.http.HttpParser - HEADER:User-Agent --> IN_VALUE
04:29:50.262 [qtp961160488-16] DEBUG org.eclipse.jetty.http.HttpParser - HEADER:User-Agent --> FIELD
04:29:50.262 [qtp961160488-16] DEBUG org.eclipse.jetty.http.HttpParser - HEADER --> CONTENT
04:29:50.262 [qtp961160488-16] DEBUG org.eclipse.jetty.server.HttpChannel - REQUEST for //localhost:44247/config-minimal.yml on HttpChannelOverHttp@7ff315f5{s=HttpChannelState@5791bb4b{s=IDLE rs=BLOCKING os=OPEN is=IDLE awp=false se=false i=true al=0},r=1,c=false/false,a=IDLE,uri=//localhost:44247/config-minimal.yml,age=0}
GET //localhost:44247/config-minimal.yml HTTP/1.1
Host: localhost:44247
Connection: keep-alive
Accept-Encoding: gzip
User-Agent: okhttp/3.12.3


04:29:50.262 [qtp961160488-16] DEBUG org.eclipse.jetty.server.HttpConnection - HttpConnection@50b475a9::SocketChannelEndPoint@32cbf2bf{l=/127.0.0.1:44247,r=/127.0.0.1:42508,OPEN,fill=-,flush=-,to=0/3000}{io=0/0,kio=0,kro=1}->HttpConnection@50b475a9[p=HttpParser{s=CONTENT,0 of -1},g=HttpGenerator@5a3ccdf2{s=START}]=>HttpChannelOverHttp@7ff315f5{s=HttpChannelState@5791bb4b{s=IDLE rs=BLOCKING os=OPEN is=IDLE awp=false se=false i=true al=0},r=1,c=false/false,a=IDLE,uri=//localhost:44247/config-minimal.yml,age=0} parsed true HttpParser{s=CONTENT,0 of -1}
04:29:50.262 [qtp961160488-16] DEBUG org.eclipse.jetty.server.HttpConnection - releaseRequestBuffer HttpConnection@50b475a9::SocketChannelEndPoint@32cbf2bf{l=/127.0.0.1:44247,r=/127.0.0.1:42508,OPEN,fill=-,flush=-,to=0/3000}{io=0/0,kio=0,kro=1}->HttpConnection@50b475a9[p=HttpParser{s=CONTENT,0 of -1},g=HttpGenerator@5a3ccdf2{s=START}]=>HttpChannelOverHttp@7ff315f5{s=HttpChannelState@5791bb4b{s=IDLE rs=BLOCKING os=OPEN is=IDLE awp=false se=false i=true al=0},r=1,c=false/false,a=IDLE,uri=//localhost:44247/config-minimal.yml,age=0}
04:29:50.262 [qtp961160488-16] DEBUG org.eclipse.jetty.server.HttpChannel - handle //localhost:44247/config-minimal.yml HttpChannelOverHttp@7ff315f5{s=HttpChannelState@5791bb4b{s=IDLE rs=BLOCKING os=OPEN is=IDLE awp=false se=false i=true al=0},r=1,c=false/false,a=IDLE,uri=//localhost:44247/config-minimal.yml,age=0} 
04:29:50.262 [qtp961160488-16] DEBUG org.eclipse.jetty.server.HttpChannelState - handling HttpChannelState@5791bb4b{s=IDLE rs=BLOCKING os=OPEN is=IDLE awp=false se=false i=true al=0}
04:29:50.262 [qtp961160488-16] DEBUG org.eclipse.jetty.server.HttpChannel - action DISPATCH HttpChannelOverHttp@7ff315f5{s=HttpChannelState@5791bb4b{s=HANDLING rs=BLOCKING os=OPEN is=IDLE awp=false se=false i=true al=0},r=1,c=false/false,a=HANDLING,uri=//localhost:44247/config-minimal.yml,age=0}
04:29:50.262 [qtp961160488-16] DEBUG org.eclipse.jetty.server.Server - REQUEST GET /config-minimal.yml on HttpChannelOverHttp@7ff315f5{s=HttpChannelState@5791bb4b{s=HANDLING rs=BLOCKING os=OPEN is=IDLE awp=false se=false i=true al=0},r=1,c=false/false,a=HANDLING,uri=//localhost:44247/config-minimal.yml,age=0}
04:29:50.264 [qtp961160488-16] DEBUG org.eclipse.jetty.server.HttpOutput - write(array HeapByteBuffer@7bd3d183[p=0,l=1469,c=262144,r=1469]={<<<# Licensed to the Apache ...tination name: PutFile\n>>>\x00\x00\x00\x00\x00\x00\x00\x00\x00...\x00\x00\x00\x00\x00\x00\x00})
04:29:50.264 [qtp961160488-16] DEBUG org.eclipse.jetty.server.HttpOutput - write(array) s=CLOSING,api=BLOCKED,sc=false,e=null last=true agg=false flush=true async=false, len=1469 null
04:29:50.265 [qtp961160488-16] DEBUG org.eclipse.jetty.server.HttpChannel - sendResponse info=null content=HeapByteBuffer@6b93a571[p=0,l=1469,c=262144,r=1469]={<<<# Licensed to the Apache ...tination name: PutFile\n>>>\x00\x00\x00\x00\x00\x00\x00\x00\x00...\x00\x00\x00\x00\x00\x00\x00} complete=true committing=true callback=Blocker@5721c{null}
04:29:50.265 [qtp961160488-16] DEBUG org.eclipse.jetty.server.HttpChannel - COMMIT for /config-minimal.yml on HttpChannelOverHttp@7ff315f5{s=HttpChannelState@5791bb4b{s=HANDLING rs=BLOCKING os=COMMITTED is=IDLE awp=false se=false i=true al=0},r=1,c=false/false,a=HANDLING,uri=//localhost:44247/config-minimal.yml,age=3}
200 null HTTP/1.1
Date: Thu, 02 May 2024 03:29:50 GMT
ETag: testEtag
Content-Type: text/plain;charset=utf-8
Content-Length: 1469


04:29:50.265 [qtp961160488-16] DEBUG org.eclipse.jetty.server.HttpConnection - generate: NEED_HEADER for SendCallback@1b22808d[PROCESSING][i=HTTP/1.1{s=200,h=4,cl=1469},cb=org.eclipse.jetty.server.HttpChannel$SendCallback@7e9805a3] (null,[p=0,l=1469,c=262144,r=1469],true)@START
04:29:50.265 [qtp961160488-16] DEBUG org.eclipse.jetty.http.HttpGenerator - generateHeaders HTTP/1.1{s=200,h=4,cl=1469} last=true content=HeapByteBuffer@6b93a571[p=0,l=1469,c=262144,r=1469]={<<<# Licensed to the Apache ...tination name: PutFile\n>>>\x00\x00\x00\x00\x00\x00\x00\x00\x00...\x00\x00\x00\x00\x00\x00\x00}
04:29:50.265 [qtp961160488-16] DEBUG org.eclipse.jetty.http.HttpGenerator - Date: Thu, 02 May 2024 03:29:50 GMT
ETag: testEtag
Content-Type: text/plain;charset=utf-8
Content-Length: 1469


04:29:50.265 [qtp961160488-16] DEBUG org.eclipse.jetty.http.HttpGenerator - CONTENT_LENGTH
04:29:50.265 [qtp961160488-16] DEBUG org.eclipse.jetty.server.HttpConnection - generate: FLUSH for SendCallback@1b22808d[PROCESSING][i=HTTP/1.1{s=200,h=4,cl=1469},cb=org.eclipse.jetty.server.HttpChannel$SendCallback@7e9805a3] ([p=0,l=167,c=8192,r=167],[p=0,l=1469,c=262144,r=1469],true)@COMPLETING
04:29:50.265 [qtp961160488-16] DEBUG org.eclipse.jetty.io.WriteFlusher - write: WriteFlusher@8569f2c{IDLE}->null [HeapByteBuffer@c9025a9[p=0,l=167,c=8192,r=167]={<<<HTTP/1.1 200 OK\r\nDate: Th...y(9.4.44.v20210927)\r\n\r\n>>>\x00\x00\x00\x00\x00\x00\x00\x00\x00...\x00\x00\x00\x00\x00\x00\x00},HeapByteBuffer@6b93a571[p=0,l=1469,c=262144,r=1469]={<<<# Licensed to the Apache ...tination name: PutFile\n>>>\x00\x00\x00\x00\x00\x00\x00\x00\x00...\x00\x00\x00\x00\x00\x00\x00}]
04:29:50.265 [qtp961160488-16] DEBUG org.eclipse.jetty.io.WriteFlusher - update WriteFlusher@8569f2c{WRITING}->null:IDLE-->WRITING
04:29:50.265 [qtp961160488-16] DEBUG org.eclipse.jetty.io.ChannelEndPoint - flushed 1636 SocketChannelEndPoint@32cbf2bf{l=/127.0.0.1:44247,r=/127.0.0.1:42508,OPEN,fill=-,flush=W,to=3/3000}{io=0/0,kio=0,kro=1}->HttpConnection@50b475a9[p=HttpParser{s=CONTENT,0 of -1},g=HttpGenerator@5a3ccdf2{s=COMPLETING}]=>HttpChannelOverHttp@7ff315f5{s=HttpChannelState@5791bb4b{s=HANDLING rs=BLOCKING os=COMMITTED is=IDLE awp=false se=false i=true al=0},r=1,c=false/false,a=HANDLING,uri=//localhost:44247/config-minimal.yml,age=3}
04:29:50.265 [main] DEBUG org.apache.nifi.minifi.bootstrap.configuration.ingestors.PullHttpChangeIngestor - Response received: Response{protocol=http/1.1, code=200, message=OK, url=http://localhost:44247/config-minimal.yml}
04:29:50.265 [qtp961160488-16] DEBUG org.eclipse.jetty.io.WriteFlusher - Flushed=true written=1636 remaining=0 WriteFlusher@8569f2c{WRITING}->null
04:29:50.265 [qtp961160488-16] DEBUG org.eclipse.jetty.io.WriteFlusher - update WriteFlusher@8569f2c{IDLE}->null:WRITING-->IDLE
04:29:50.265 [main] DEBUG org.apache.nifi.minifi.bootstrap.configuration.ingestors.PullHttpChangeIngestor - Preserving previous security properties...
04:29:50.265 [qtp961160488-16] DEBUG org.eclipse.jetty.server.HttpConnection - generate: DONE for SendCallback@1b22808d[PROCESSING][i=HTTP/1.1{s=200,h=4,cl=1469},cb=org.eclipse.jetty.server.HttpChannel$SendCallback@7e9805a3] ([p=167,l=167,c=8192,r=0],[p=1469,l=1469,c=262144,r=0],true)@END
04:29:50.265 [qtp961160488-16] DEBUG org.eclipse.jetty.server.HttpOutput - onWriteComplete(true,null) s=CLOSING,api=BLOCKED,sc=false,e=null->s=CLOSED,api=BLOCKING,sc=false,e=null c=null cb=null w=false
04:29:50.266 [qtp961160488-16] DEBUG org.eclipse.jetty.server.HttpOutput - close() s=CLOSED,api=BLOCKING,sc=false,e=null c=null b=null
04:29:50.266 [qtp961160488-16] DEBUG org.eclipse.jetty.server.Server - handled=true async=false committed=true on HttpChannelOverHttp@7ff315f5{s=HttpChannelState@5791bb4b{s=HANDLING rs=BLOCKING os=COMPLETED is=IDLE awp=false se=false i=true al=0},r=1,c=false/true,a=HANDLING,uri=//localhost:44247/config-minimal.yml,age=4}
04:29:50.266 [qtp961160488-16] DEBUG org.eclipse.jetty.server.HttpChannelState - unhandle HttpChannelState@5791bb4b{s=HANDLING rs=BLOCKING os=COMPLETED is=IDLE awp=false se=false i=true al=0}
04:29:50.266 [qtp961160488-16] DEBUG org.eclipse.jetty.server.HttpChannelState - nextAction(false) COMPLETE HttpChannelState@5791bb4b{s=HANDLING rs=COMPLETING os=COMPLETED is=IDLE awp=false se=false i=false al=0}
04:29:50.266 [qtp961160488-16] DEBUG org.eclipse.jetty.server.HttpChannel - action COMPLETE HttpChannelOverHttp@7ff315f5{s=HttpChannelState@5791bb4b{s=HANDLING rs=COMPLETING os=COMPLETED is=IDLE awp=false se=false i=false al=0},r=1,c=false/true,a=HANDLING,uri=//localhost:44247/config-minimal.yml,age=4}
04:29:50.266 [qtp961160488-16] DEBUG org.eclipse.jetty.server.HttpOutput - complete(org.eclipse.jetty.util.Callback$3@236899a8) s=CLOSED,api=BLOCKING,sc=false,e=null s=true e=null, c=null
04:29:50.266 [qtp961160488-16] DEBUG org.eclipse.jetty.server.HttpChannelState - completed HttpChannelState@5791bb4b{s=HANDLING rs=COMPLETING os=COMPLETED is=IDLE awp=false se=false i=false al=0}
04:29:50.266 [qtp961160488-16] DEBUG org.eclipse.jetty.server.HttpChannelState - unhandle HttpChannelState@5791bb4b{s=HANDLING rs=COMPLETED os=COMPLETED is=IDLE awp=false se=false i=false al=0}
04:29:50.266 [qtp961160488-16] DEBUG org.eclipse.jetty.server.HttpChannelState - nextAction(false) TERMINATED HttpChannelState@5791bb4b{s=IDLE rs=COMPLETED os=COMPLETED is=IDLE awp=false se=false i=false al=0}
04:29:50.266 [qtp961160488-16] DEBUG org.eclipse.jetty.server.HttpChannel - action TERMINATED HttpChannelOverHttp@7ff315f5{s=HttpChannelState@5791bb4b{s=IDLE rs=COMPLETED os=COMPLETED is=IDLE awp=false se=false i=false al=0},r=1,c=true/true,a=IDLE,uri=//localhost:44247/config-minimal.yml,age=4}
04:29:50.267 [qtp961160488-16] DEBUG org.eclipse.jetty.server.HttpChannel - onCompleted for /config-minimal.yml written=1469
04:29:50.267 [qtp961160488-16] DEBUG org.eclipse.jetty.io.ChannelEndPoint - filled 0 HeapByteBuffer@c9025a9[p=0,l=0,c=8192,r=0]={<<<>>>HTTP/1.1 ...\x00\x00\x00\x00\x00\x00\x00}
04:29:50.267 [qtp961160488-16] DEBUG org.eclipse.jetty.io.ChannelEndPoint - filled 0 HeapByteBuffer@c9025a9[p=0,l=0,c=8192,r=0]={<<<>>>HTTP/1.1 ...\x00\x00\x00\x00\x00\x00\x00}
04:29:50.267 [qtp961160488-16] DEBUG org.eclipse.jetty.server.HttpConnection - HttpConnection@50b475a9::SocketChannelEndPoint@32cbf2bf{l=/127.0.0.1:44247,r=/127.0.0.1:42508,OPEN,fill=-,flush=-,to=1/3000}{io=0/0,kio=0,kro=1}->HttpConnection@50b475a9[p=HttpParser{s=CONTENT,0 of -1},g=HttpGenerator@5a3ccdf2{s=END}]=>HttpChannelOverHttp@7ff315f5{s=HttpChannelState@5791bb4b{s=IDLE rs=COMPLETED os=COMPLETED is=IDLE awp=false se=false i=false al=0},r=1,c=true/true,a=IDLE,uri=//localhost:44247/config-minimal.yml,age=5} filled 0 HeapByteBuffer@c9025a9[p=0,l=0,c=8192,r=0]={<<<>>>HTTP/1.1 ...\x00\x00\x00\x00\x00\x00\x00}
04:29:50.267 [qtp961160488-16] DEBUG org.eclipse.jetty.server.HttpConnection - HttpConnection@50b475a9::SocketChannelEndPoint@32cbf2bf{l=/127.0.0.1:44247,r=/127.0.0.1:42508,OPEN,fill=-,flush=-,to=1/3000}{io=0/0,kio=0,kro=1}->HttpConnection@50b475a9[p=HttpParser{s=CONTENT,0 of -1},g=HttpGenerator@5a3ccdf2{s=END}]=>HttpChannelOverHttp@7ff315f5{s=HttpChannelState@5791bb4b{s=IDLE rs=COMPLETED os=COMPLETED is=IDLE awp=false se=false i=false al=0},r=1,c=true/true,a=IDLE,uri=//localhost:44247/config-minimal.yml,age=5} parse HeapByteBuffer@c9025a9[p=0,l=0,c=8192,r=0]={<<<>>>HTTP/1.1 ...\x00\x00\x00\x00\x00\x00\x00} {}
04:29:50.267 [qtp961160488-16] DEBUG org.eclipse.jetty.http.HttpParser - parseNext s=CONTENT HeapByteBuffer@c9025a9[p=0,l=0,c=8192,r=0]={<<<>>>HTTP/1.1 ...\x00\x00\x00\x00\x00\x00\x00}
04:29:50.267 [qtp961160488-16] DEBUG org.eclipse.jetty.http.HttpParser - CONTENT --> CONTENT_END
04:29:50.267 [qtp961160488-16] DEBUG org.eclipse.jetty.server.HttpChannel - onContentComplete HttpChannelOverHttp@7ff315f5{s=HttpChannelState@5791bb4b{s=IDLE rs=COMPLETED os=COMPLETED is=IDLE awp=false se=false i=false al=0},r=1,c=true/true,a=IDLE,uri=//localhost:44247/config-minimal.yml,age=5}
04:29:50.267 [qtp961160488-16] DEBUG org.eclipse.jetty.http.HttpParser - CONTENT_END --> END
04:29:50.267 [qtp961160488-16] DEBUG org.eclipse.jetty.server.HttpChannel - onRequestComplete HttpChannelOverHttp@7ff315f5{s=HttpChannelState@5791bb4b{s=IDLE rs=COMPLETED os=COMPLETED is=IDLE awp=false se=false i=false al=0},r=1,c=true/true,a=IDLE,uri=//localhost:44247/config-minimal.yml,age=5}
04:29:50.267 [qtp961160488-16] DEBUG org.eclipse.jetty.server.HttpInput - HttpInputOverHTTP@2cc143a0[c=0,q=0,[0]=null,s=STREAM] addContent EOF
04:29:50.267 [qtp961160488-16] DEBUG org.eclipse.jetty.server.HttpConnection - HttpConnection@50b475a9::SocketChannelEndPoint@32cbf2bf{l=/127.0.0.1:44247,r=/127.0.0.1:42508,OPEN,fill=-,flush=-,to=2/3000}{io=0/0,kio=0,kro=1}->HttpConnection@50b475a9[p=HttpParser{s=END,0 of -1},g=HttpGenerator@5a3ccdf2{s=END}]=>HttpChannelOverHttp@7ff315f5{s=HttpChannelState@5791bb4b{s=IDLE rs=COMPLETED os=COMPLETED is=IDLE awp=false se=false i=false al=0},r=1,c=true/true,a=IDLE,uri=//localhost:44247/config-minimal.yml,age=5} parsed false HttpParser{s=END,0 of -1}
04:29:50.267 [qtp961160488-16] DEBUG org.eclipse.jetty.server.HttpConnection - releaseRequestBuffer HttpConnection@50b475a9::SocketChannelEndPoint@32cbf2bf{l=/127.0.0.1:44247,r=/127.0.0.1:42508,OPEN,fill=-,flush=-,to=2/3000}{io=0/0,kio=0,kro=1}->HttpConnection@50b475a9[p=HttpParser{s=END,0 of -1},g=HttpGenerator@5a3ccdf2{s=END}]=>HttpChannelOverHttp@7ff315f5{s=HttpChannelState@5791bb4b{s=IDLE rs=COMPLETED os=COMPLETED is=IDLE awp=false se=false i=false al=0},r=1,c=true/true,a=IDLE,uri=//localhost:44247/config-minimal.yml,age=5}
04:29:50.267 [qtp961160488-16] DEBUG org.eclipse.jetty.server.HttpChannelState - recycle HttpChannelState@5791bb4b{s=IDLE rs=COMPLETED os=COMPLETED is=IDLE awp=false se=false i=false al=0}
04:29:50.268 [qtp961160488-16] DEBUG org.eclipse.jetty.http.HttpParser - reset HttpParser{s=END,0 of -1}
04:29:50.268 [qtp961160488-16] DEBUG org.eclipse.jetty.http.HttpParser - END --> START
04:29:50.268 [qtp961160488-16] DEBUG org.eclipse.jetty.server.HttpChannel - !handle TERMINATED HttpChannelOverHttp@7ff315f5{s=HttpChannelState@5791bb4b{s=IDLE rs=BLOCKING os=OPEN is=IDLE awp=false se=false i=true al=0},r=1,c=false/false,a=IDLE,uri=null,age=0}
04:29:50.268 [qtp961160488-16] DEBUG org.eclipse.jetty.io.ChannelEndPoint - filled 0 HeapByteBuffer@c9025a9[p=0,l=0,c=8192,r=0]={<<<>>>HTTP/1.1 ...\x00\x00\x00\x00\x00\x00\x00}
04:29:50.268 [qtp961160488-16] DEBUG org.eclipse.jetty.io.ChannelEndPoint - filled 0 HeapByteBuffer@c9025a9[p=0,l=0,c=8192,r=0]={<<<>>>HTTP/1.1 ...\x00\x00\x00\x00\x00\x00\x00}
04:29:50.270 [qtp961160488-16] DEBUG org.eclipse.jetty.server.HttpConnection - HttpConnection@50b475a9::SocketChannelEndPoint@32cbf2bf{l=/127.0.0.1:44247,r=/127.0.0.1:42508,OPEN,fill=-,flush=-,to=5/3000}{io=0/0,kio=0,kro=1}->HttpConnection@50b475a9[p=HttpParser{s=START,0 of -1},g=HttpGenerator@5a3ccdf2{s=START}]=>HttpChannelOverHttp@7ff315f5{s=HttpChannelState@5791bb4b{s=IDLE rs=BLOCKING os=OPEN is=IDLE awp=false se=false i=true al=0},r=1,c=false/false,a=IDLE,uri=null,age=0} filled 0 HeapByteBuffer@c9025a9[p=0,l=0,c=8192,r=0]={<<<>>>HTTP/1.1 ...\x00\x00\x00\x00\x00\x00\x00}
04:29:50.271 [qtp961160488-16] DEBUG org.eclipse.jetty.server.HttpConnection - HttpConnection@50b475a9::SocketChannelEndPoint@32cbf2bf{l=/127.0.0.1:44247,r=/127.0.0.1:42508,OPEN,fill=-,flush=-,to=5/3000}{io=0/0,kio=0,kro=1}->HttpConnection@50b475a9[p=HttpParser{s=START,0 of -1},g=HttpGenerator@5a3ccdf2{s=START}]=>HttpChannelOverHttp@7ff315f5{s=HttpChannelState@5791bb4b{s=IDLE rs=BLOCKING os=OPEN is=IDLE awp=false se=false i=true al=0},r=1,c=false/false,a=IDLE,uri=null,age=0} parse HeapByteBuffer@c9025a9[p=0,l=0,c=8192,r=0]={<<<>>>HTTP/1.1 ...\x00\x00\x00\x00\x00\x00\x00} {}
04:29:50.271 [qtp961160488-16] DEBUG org.eclipse.jetty.http.HttpParser - parseNext s=START HeapByteBuffer@c9025a9[p=0,l=0,c=8192,r=0]={<<<>>>HTTP/1.1 ...\x00\x00\x00\x00\x00\x00\x00}
04:29:50.271 [qtp961160488-16] DEBUG org.eclipse.jetty.server.HttpConnection - HttpConnection@50b475a9::SocketChannelEndPoint@32cbf2bf{l=/127.0.0.1:44247,r=/127.0.0.1:42508,OPEN,fill=-,flush=-,to=5/3000}{io=0/0,kio=0,kro=1}->HttpConnection@50b475a9[p=HttpParser{s=START,0 of -1},g=HttpGenerator@5a3ccdf2{s=START}]=>HttpChannelOverHttp@7ff315f5{s=HttpChannelState@5791bb4b{s=IDLE rs=BLOCKING os=OPEN is=IDLE awp=false se=false i=true al=0},r=1,c=false/false,a=IDLE,uri=null,age=0} parsed false HttpParser{s=START,0 of -1}
04:29:50.271 [qtp961160488-16] DEBUG org.eclipse.jetty.server.HttpConnection - releaseRequestBuffer HttpConnection@50b475a9::SocketChannelEndPoint@32cbf2bf{l=/127.0.0.1:44247,r=/127.0.0.1:42508,OPEN,fill=-,flush=-,to=5/3000}{io=0/0,kio=0,kro=1}->HttpConnection@50b475a9[p=HttpParser{s=START,0 of -1},g=HttpGenerator@5a3ccdf2{s=START}]=>HttpChannelOverHttp@7ff315f5{s=HttpChannelState@5791bb4b{s=IDLE rs=BLOCKING os=OPEN is=IDLE awp=false se=false i=true al=0},r=1,c=false/false,a=IDLE,uri=null,age=0}
04:29:50.271 [qtp961160488-16] DEBUG org.eclipse.jetty.io.AbstractConnection - fillInterested HttpConnection@50b475a9::SocketChannelEndPoint@32cbf2bf{l=/127.0.0.1:44247,r=/127.0.0.1:42508,OPEN,fill=-,flush=-,to=5/3000}{io=0/0,kio=0,kro=1}->HttpConnection@50b475a9[p=HttpParser{s=START,0 of -1},g=HttpGenerator@5a3ccdf2{s=START}]=>HttpChannelOverHttp@7ff315f5{s=HttpChannelState@5791bb4b{s=IDLE rs=BLOCKING os=OPEN is=IDLE awp=false se=false i=true al=0},r=1,c=false/false,a=IDLE,uri=null,age=0}
04:29:50.271 [qtp961160488-16] DEBUG org.eclipse.jetty.io.FillInterest - interested FillInterest@ad7e1d{AC.ReadCB@50b475a9{HttpConnection@50b475a9::SocketChannelEndPoint@32cbf2bf{l=/127.0.0.1:44247,r=/127.0.0.1:42508,OPEN,fill=FI,flush=-,to=0/3000}{io=0/0,kio=0,kro=1}->HttpConnection@50b475a9[p=HttpParser{s=START,0 of -1},g=HttpGenerator@5a3ccdf2{s=START}]=>HttpChannelOverHttp@7ff315f5{s=HttpChannelState@5791bb4b{s=IDLE rs=BLOCKING os=OPEN is=IDLE awp=false se=false i=true al=0},r=1,c=false/false,a=IDLE,uri=null,age=0}}}
04:29:50.271 [qtp961160488-16] DEBUG org.eclipse.jetty.io.ChannelEndPoint - changeInterests p=false 0->1 for SocketChannelEndPoint@32cbf2bf{l=/127.0.0.1:44247,r=/127.0.0.1:42508,OPEN,fill=FI,flush=-,to=0/3000}{io=0/1,kio=0,kro=1}->HttpConnection@50b475a9[p=HttpParser{s=START,0 of -1},g=HttpGenerator@5a3ccdf2{s=START}]=>HttpChannelOverHttp@7ff315f5{s=HttpChannelState@5791bb4b{s=IDLE rs=BLOCKING os=OPEN is=IDLE awp=false se=false i=true al=0},r=1,c=false/false,a=IDLE,uri=null,age=0}
04:29:50.271 [qtp961160488-16] DEBUG org.eclipse.jetty.io.ManagedSelector - Queued change lazy=false org.eclipse.jetty.io.ChannelEndPoint$$Lambda$255/1126011505@73475a9c on ManagedSelector@4803b726{STARTED} id=1 keys=2 selected=0 updates=0
04:29:50.271 [qtp961160488-16] DEBUG org.eclipse.jetty.io.ManagedSelector - Wakeup on submit ManagedSelector@4803b726{STARTED} id=1 keys=2 selected=0 updates=1
04:29:50.271 [qtp961160488-20] DEBUG org.eclipse.jetty.io.ManagedSelector - Selector sun.nio.ch.EPollSelectorImpl@50485bb2 woken with none selected
04:29:50.272 [qtp961160488-20] DEBUG org.eclipse.jetty.io.ManagedSelector - Selector sun.nio.ch.EPollSelectorImpl@50485bb2 woken up from select, 0/0/2 selected
04:29:50.272 [qtp961160488-16] DEBUG org.eclipse.jetty.server.HttpConnection - HttpConnection@50b475a9::SocketChannelEndPoint@32cbf2bf{l=/127.0.0.1:44247,r=/127.0.0.1:42508,OPEN,fill=FI,flush=-,to=0/3000}{io=0/1,kio=0,kro=1}->HttpConnection@50b475a9[p=HttpParser{s=START,0 of -1},g=HttpGenerator@5a3ccdf2{s=START}]=>HttpChannelOverHttp@7ff315f5{s=HttpChannelState@5791bb4b{s=IDLE rs=BLOCKING os=OPEN is=IDLE awp=false se=false i=true al=0},r=1,c=false/false,a=IDLE,uri=null,age=0} onFillable exit HttpChannelState@5791bb4b{s=IDLE rs=BLOCKING os=OPEN is=IDLE awp=false se=false i=true al=0} null
04:29:50.272 [qtp961160488-20] DEBUG org.eclipse.jetty.io.ManagedSelector - Selector sun.nio.ch.EPollSelectorImpl@50485bb2 processing 0 keys, 1 updates
04:29:50.272 [qtp961160488-20] DEBUG org.eclipse.jetty.io.ManagedSelector - updateable 1
04:29:50.272 [qtp961160488-20] DEBUG org.eclipse.jetty.io.ManagedSelector - update org.eclipse.jetty.io.ChannelEndPoint$$Lambda$255/1126011505@73475a9c
04:29:50.272 [qtp961160488-20] DEBUG org.eclipse.jetty.io.ChannelEndPoint - Key interests updated 0 -> 1 on SocketChannelEndPoint@32cbf2bf{l=/127.0.0.1:44247,r=/127.0.0.1:42508,OPEN,fill=FI,flush=-,to=0/3000}{io=1/1,kio=1,kro=1}->HttpConnection@50b475a9[p=HttpParser{s=START,0 of -1},g=HttpGenerator@5a3ccdf2{s=START}]=>HttpChannelOverHttp@7ff315f5{s=HttpChannelState@5791bb4b{s=IDLE rs=BLOCKING os=OPEN is=IDLE awp=false se=false i=true al=0},r=1,c=false/false,a=IDLE,uri=null,age=0}
04:29:50.272 [qtp961160488-20] DEBUG org.eclipse.jetty.io.ManagedSelector - updates 0
04:29:50.272 [qtp961160488-20] DEBUG org.eclipse.jetty.io.ManagedSelector - Selector sun.nio.ch.EPollSelectorImpl@50485bb2 waiting with 2 keys
04:29:50.272 [qtp961160488-16] DEBUG org.eclipse.jetty.util.thread.QueuedThreadPool - ran org.eclipse.jetty.io.ManagedSelector$$Lambda$253/838473569@2c1b194a in QueuedThreadPool[qtp961160488]@394a2528{STARTED,8<=8<=200,i=1,r=-1,q=0}[ReservedThreadExecutor@383bfa16{reserved=1/8,pending=0}]
04:29:50.430 [main] DEBUG org.apache.nifi.minifi.bootstrap.configuration.ingestors.PullHttpChangeIngestor - New change received, notifying listener
04:29:50.430 [main] DEBUG org.apache.nifi.minifi.bootstrap.configuration.ingestors.PullHttpChangeIngestor - Listeners notified
]]></system-out>
  </testcase>
  <testcase name="testNoUpdate" classname="org.apache.nifi.minifi.bootstrap.configuration.ingestors.PullHttpChangeIngestorTest" time="0.007">
    <system-out><![CDATA[04:29:50.438 [main] DEBUG org.apache.nifi.minifi.bootstrap.configuration.ingestors.PullHttpChangeIngestor - Attempting to pull new config
04:29:50.439 [qtp961160488-17-acceptor-0@1e1a0406-ServerConnector@446293d{HTTP/1.1, (http/1.1)}{localhost:44247}] DEBUG org.eclipse.jetty.io.ManagedSelector - Queued change lazy=false Accept@6bc75957[java.nio.channels.SocketChannel[connected local=/127.0.0.1:44247 remote=/127.0.0.1:42514]] on ManagedSelector@316bcf94{STARTED} id=2 keys=1 selected=0 updates=0
04:29:50.439 [qtp961160488-17-acceptor-0@1e1a0406-ServerConnector@446293d{HTTP/1.1, (http/1.1)}{localhost:44247}] DEBUG org.eclipse.jetty.io.ManagedSelector - Wakeup on submit ManagedSelector@316bcf94{STARTED} id=2 keys=1 selected=0 updates=1
04:29:50.439 [qtp961160488-21] DEBUG org.eclipse.jetty.io.ManagedSelector - Selector sun.nio.ch.EPollSelectorImpl@2f91e83 woken with none selected
04:29:50.439 [qtp961160488-21] DEBUG org.eclipse.jetty.io.ManagedSelector - Selector sun.nio.ch.EPollSelectorImpl@2f91e83 woken up from select, 0/0/1 selected
04:29:50.439 [qtp961160488-21] DEBUG org.eclipse.jetty.io.ManagedSelector - Selector sun.nio.ch.EPollSelectorImpl@2f91e83 processing 0 keys, 1 updates
04:29:50.439 [qtp961160488-21] DEBUG org.eclipse.jetty.io.ManagedSelector - updateable 1
04:29:50.439 [qtp961160488-21] DEBUG org.eclipse.jetty.io.ManagedSelector - update Accept@6bc75957[java.nio.channels.SocketChannel[connected local=/127.0.0.1:44247 remote=/127.0.0.1:42514]]
04:29:50.439 [qtp961160488-21] DEBUG org.eclipse.jetty.util.thread.QueuedThreadPool - queue Accept@6bc75957[java.nio.channels.SocketChannel[connected local=/127.0.0.1:44247 remote=/127.0.0.1:42514]] startThread=0
04:29:50.439 [qtp961160488-21] DEBUG org.eclipse.jetty.io.ManagedSelector - updates 0
04:29:50.439 [qtp961160488-21] DEBUG org.eclipse.jetty.io.ManagedSelector - Selector sun.nio.ch.EPollSelectorImpl@2f91e83 waiting with 2 keys
04:29:50.439 [qtp961160488-19] DEBUG org.eclipse.jetty.util.thread.QueuedThreadPool - run Accept@6bc75957[java.nio.channels.SocketChannel[connected local=/127.0.0.1:44247 remote=/127.0.0.1:42514]] in QueuedThreadPool[qtp961160488]@394a2528{STARTED,8<=8<=200,i=1,r=-1,q=0}[ReservedThreadExecutor@383bfa16{reserved=1/8,pending=0}]
04:29:50.439 [qtp961160488-19] DEBUG org.eclipse.jetty.io.IdleTimeout - SocketChannelEndPoint@779ce085{l=/127.0.0.1:44247,r=/127.0.0.1:42514,OPEN,fill=-,flush=-,to=0/3000}{io=0/0,kio=0,kro=0}-><null> idle timeout check, elapsed: 0 ms, remaining: 3000 ms
04:29:50.440 [qtp961160488-19] DEBUG org.eclipse.jetty.server.HttpChannel - new HttpChannelOverHttp@4bf3f0d9{s=HttpChannelState@20c5222c{s=IDLE rs=BLOCKING os=OPEN is=IDLE awp=false se=false i=true al=0},r=0,c=false/false,a=IDLE,uri=null,age=0} -> SocketChannelEndPoint@779ce085{l=/127.0.0.1:44247,r=/127.0.0.1:42514,OPEN,fill=-,flush=-,to=0/3000}{io=0/0,kio=0,kro=0}-><null>,null,HttpChannelState@20c5222c{s=IDLE rs=BLOCKING os=OPEN is=IDLE awp=false se=false i=true al=0}
04:29:50.440 [qtp961160488-19] DEBUG org.eclipse.jetty.server.HttpConnection - New HTTP Connection HttpConnection@699f1f12::SocketChannelEndPoint@779ce085{l=/127.0.0.1:44247,r=/127.0.0.1:42514,OPEN,fill=-,flush=-,to=0/3000}{io=0/0,kio=0,kro=0}-><null>
04:29:50.440 [qtp961160488-19] DEBUG org.eclipse.jetty.io.ManagedSelector - Queued change lazy=true org.eclipse.jetty.io.ManagedSelector$$Lambda$258/854397033@7917426c on ManagedSelector@316bcf94{STARTED} id=2 keys=2 selected=0 updates=0
04:29:50.440 [qtp961160488-19] DEBUG org.eclipse.jetty.io.AbstractEndPoint - onOpen SocketChannelEndPoint@779ce085{l=/127.0.0.1:44247,r=/127.0.0.1:42514,OPEN,fill=-,flush=-,to=0/3000}{io=0/0,kio=0,kro=0}->HttpConnection@699f1f12[p=HttpParser{s=START,0 of -1},g=HttpGenerator@2d3600af{s=START}]=>HttpChannelOverHttp@4bf3f0d9{s=HttpChannelState@20c5222c{s=IDLE rs=BLOCKING os=OPEN is=IDLE awp=false se=false i=true al=0},r=0,c=false/false,a=IDLE,uri=null,age=0}
04:29:50.440 [qtp961160488-19] DEBUG org.eclipse.jetty.io.AbstractConnection - onOpen HttpConnection@699f1f12::SocketChannelEndPoint@779ce085{l=/127.0.0.1:44247,r=/127.0.0.1:42514,OPEN,fill=-,flush=-,to=0/3000}{io=0/0,kio=0,kro=0}->HttpConnection@699f1f12[p=HttpParser{s=START,0 of -1},g=HttpGenerator@2d3600af{s=START}]=>HttpChannelOverHttp@4bf3f0d9{s=HttpChannelState@20c5222c{s=IDLE rs=BLOCKING os=OPEN is=IDLE awp=false se=false i=true al=0},r=0,c=false/false,a=IDLE,uri=null,age=0}
04:29:50.440 [qtp961160488-19] DEBUG org.eclipse.jetty.io.AbstractConnection - fillInterested HttpConnection@699f1f12::SocketChannelEndPoint@779ce085{l=/127.0.0.1:44247,r=/127.0.0.1:42514,OPEN,fill=-,flush=-,to=0/3000}{io=0/0,kio=0,kro=0}->HttpConnection@699f1f12[p=HttpParser{s=START,0 of -1},g=HttpGenerator@2d3600af{s=START}]=>HttpChannelOverHttp@4bf3f0d9{s=HttpChannelState@20c5222c{s=IDLE rs=BLOCKING os=OPEN is=IDLE awp=false se=false i=true al=0},r=0,c=false/false,a=IDLE,uri=null,age=0}
04:29:50.440 [qtp961160488-19] DEBUG org.eclipse.jetty.io.FillInterest - interested FillInterest@246b9367{AC.ReadCB@699f1f12{HttpConnection@699f1f12::SocketChannelEndPoint@779ce085{l=/127.0.0.1:44247,r=/127.0.0.1:42514,OPEN,fill=FI,flush=-,to=0/3000}{io=0/0,kio=0,kro=0}->HttpConnection@699f1f12[p=HttpParser{s=START,0 of -1},g=HttpGenerator@2d3600af{s=START}]=>HttpChannelOverHttp@4bf3f0d9{s=HttpChannelState@20c5222c{s=IDLE rs=BLOCKING os=OPEN is=IDLE awp=false se=false i=true al=0},r=0,c=false/false,a=IDLE,uri=null,age=0}}}
04:29:50.440 [qtp961160488-19] DEBUG org.eclipse.jetty.io.ChannelEndPoint - changeInterests p=false 0->1 for SocketChannelEndPoint@779ce085{l=/127.0.0.1:44247,r=/127.0.0.1:42514,OPEN,fill=FI,flush=-,to=0/3000}{io=0/1,kio=0,kro=0}->HttpConnection@699f1f12[p=HttpParser{s=START,0 of -1},g=HttpGenerator@2d3600af{s=START}]=>HttpChannelOverHttp@4bf3f0d9{s=HttpChannelState@20c5222c{s=IDLE rs=BLOCKING os=OPEN is=IDLE awp=false se=false i=true al=0},r=0,c=false/false,a=IDLE,uri=null,age=0}
04:29:50.440 [qtp961160488-19] DEBUG org.eclipse.jetty.io.ManagedSelector - Queued change lazy=false org.eclipse.jetty.io.ChannelEndPoint$$Lambda$255/1126011505@359d6f77 on ManagedSelector@316bcf94{STARTED} id=2 keys=2 selected=0 updates=1
04:29:50.440 [qtp961160488-19] DEBUG org.eclipse.jetty.io.ManagedSelector - Wakeup on submit ManagedSelector@316bcf94{STARTED} id=2 keys=2 selected=0 updates=2
04:29:50.440 [qtp961160488-21] DEBUG org.eclipse.jetty.io.ManagedSelector - Selector sun.nio.ch.EPollSelectorImpl@2f91e83 woken with none selected
04:29:50.440 [qtp961160488-21] DEBUG org.eclipse.jetty.io.ManagedSelector - Selector sun.nio.ch.EPollSelectorImpl@2f91e83 woken up from select, 0/0/2 selected
04:29:50.440 [qtp961160488-21] DEBUG org.eclipse.jetty.io.ManagedSelector - Selector sun.nio.ch.EPollSelectorImpl@2f91e83 processing 0 keys, 2 updates
04:29:50.440 [qtp961160488-19] DEBUG org.eclipse.jetty.io.ManagedSelector - Created SocketChannelEndPoint@779ce085{l=/127.0.0.1:44247,r=/127.0.0.1:42514,OPEN,fill=FI,flush=-,to=0/3000}{io=0/1,kio=0,kro=0}->HttpConnection@699f1f12[p=HttpParser{s=START,0 of -1},g=HttpGenerator@2d3600af{s=START}]=>HttpChannelOverHttp@4bf3f0d9{s=HttpChannelState@20c5222c{s=IDLE rs=BLOCKING os=OPEN is=IDLE awp=false se=false i=true al=0},r=0,c=false/false,a=IDLE,uri=null,age=0}
04:29:50.440 [qtp961160488-21] DEBUG org.eclipse.jetty.io.ManagedSelector - updateable 2
04:29:50.440 [qtp961160488-21] DEBUG org.eclipse.jetty.io.ManagedSelector - update org.eclipse.jetty.io.ManagedSelector$$Lambda$258/854397033@7917426c
04:29:50.440 [qtp961160488-21] DEBUG org.eclipse.jetty.io.ManagedSelector - update org.eclipse.jetty.io.ChannelEndPoint$$Lambda$255/1126011505@359d6f77
04:29:50.441 [qtp961160488-19] DEBUG org.eclipse.jetty.util.thread.QueuedThreadPool - ran Accept@6bc75957[java.nio.channels.SocketChannel[connected local=/127.0.0.1:44247 remote=/127.0.0.1:42514]] in QueuedThreadPool[qtp961160488]@394a2528{STARTED,8<=8<=200,i=1,r=-1,q=0}[ReservedThreadExecutor@383bfa16{reserved=1/8,pending=0}]
04:29:50.441 [qtp961160488-21] DEBUG org.eclipse.jetty.io.ChannelEndPoint - Key interests updated 0 -> 1 on SocketChannelEndPoint@779ce085{l=/127.0.0.1:44247,r=/127.0.0.1:42514,OPEN,fill=FI,flush=-,to=0/3000}{io=1/1,kio=1,kro=0}->HttpConnection@699f1f12[p=HttpParser{s=START,0 of -1},g=HttpGenerator@2d3600af{s=START}]=>HttpChannelOverHttp@4bf3f0d9{s=HttpChannelState@20c5222c{s=IDLE rs=BLOCKING os=OPEN is=IDLE awp=false se=false i=true al=0},r=0,c=false/false,a=IDLE,uri=null,age=0}
04:29:50.441 [qtp961160488-21] DEBUG org.eclipse.jetty.io.ManagedSelector - updates 0
04:29:50.441 [qtp961160488-21] DEBUG org.eclipse.jetty.io.ManagedSelector - Selector sun.nio.ch.EPollSelectorImpl@2f91e83 waiting with 2 keys
04:29:50.441 [qtp961160488-21] DEBUG org.eclipse.jetty.io.ManagedSelector - Selector sun.nio.ch.EPollSelectorImpl@2f91e83 woken up from select, 1/1/2 selected
04:29:50.441 [qtp961160488-21] DEBUG org.eclipse.jetty.io.ManagedSelector - Selector sun.nio.ch.EPollSelectorImpl@2f91e83 processing 1 keys, 0 updates
04:29:50.441 [qtp961160488-21] DEBUG org.eclipse.jetty.io.ManagedSelector - selected 1 sun.nio.ch.SelectionKeyImpl@342456bf SocketChannelEndPoint@779ce085{l=/127.0.0.1:44247,r=/127.0.0.1:42514,OPEN,fill=FI,flush=-,to=0/3000}{io=1/1,kio=1,kro=1}->HttpConnection@699f1f12[p=HttpParser{s=START,0 of -1},g=HttpGenerator@2d3600af{s=START}]=>HttpChannelOverHttp@4bf3f0d9{s=HttpChannelState@20c5222c{s=IDLE rs=BLOCKING os=OPEN is=IDLE awp=false se=false i=true al=0},r=0,c=false/false,a=IDLE,uri=null,age=0} 
04:29:50.441 [qtp961160488-21] DEBUG org.eclipse.jetty.io.ChannelEndPoint - onSelected 1->0 r=true w=false for SocketChannelEndPoint@779ce085{l=/127.0.0.1:44247,r=/127.0.0.1:42514,OPEN,fill=FI,flush=-,to=0/3000}{io=1/0,kio=1,kro=1}->HttpConnection@699f1f12[p=HttpParser{s=START,0 of -1},g=HttpGenerator@2d3600af{s=START}]=>HttpChannelOverHttp@4bf3f0d9{s=HttpChannelState@20c5222c{s=IDLE rs=BLOCKING os=OPEN is=IDLE awp=false se=false i=true al=0},r=0,c=false/false,a=IDLE,uri=null,age=0}
04:29:50.441 [qtp961160488-21] DEBUG org.eclipse.jetty.io.ChannelEndPoint - task CEP:SocketChannelEndPoint@779ce085{l=/127.0.0.1:44247,r=/127.0.0.1:42514,OPEN,fill=FI,flush=-,to=0/3000}{io=1/0,kio=1,kro=1}->HttpConnection@699f1f12[p=HttpParser{s=START,0 of -1},g=HttpGenerator@2d3600af{s=START}]=>HttpChannelOverHttp@4bf3f0d9{s=HttpChannelState@20c5222c{s=IDLE rs=BLOCKING os=OPEN is=IDLE awp=false se=false i=true al=0},r=0,c=false/false,a=IDLE,uri=null,age=0}:runFillable:BLOCKING
04:29:50.441 [qtp961160488-21] DEBUG org.eclipse.jetty.util.thread.ReservedThreadExecutor - ReservedThreadExecutor@383bfa16{reserved=1/8,pending=0} tryExecute EatWhatYouKill@ffaa6af/SelectorProducer@53ce1329/PRODUCING/p=false/QueuedThreadPool[qtp961160488]@394a2528{STARTED,8<=8<=200,i=2,r=-1,q=0}[ReservedThreadExecutor@383bfa16{reserved=1/8,pending=0}][pc=0,pic=0,pec=0,epc=1]@2024-05-02T04:29:50.441+01:00
04:29:50.441 [qtp961160488-21] DEBUG org.eclipse.jetty.util.thread.ReservedThreadExecutor - ReservedThreadExecutor@383bfa16{reserved=0/8,pending=1} startReservedThread p=1
04:29:50.441 [qtp961160488-21] DEBUG org.eclipse.jetty.util.thread.QueuedThreadPool - queue ReservedThread@301bd4e3{PENDING,thread=null} startThread=0
04:29:50.441 [qtp961160488-16] DEBUG org.eclipse.jetty.util.thread.QueuedThreadPool - run ReservedThread@301bd4e3{PENDING,thread=null} in QueuedThreadPool[qtp961160488]@394a2528{STARTED,8<=8<=200,i=1,r=-1,q=0}[ReservedThreadExecutor@383bfa16{reserved=0/8,pending=1}]
04:29:50.441 [qtp961160488-16] DEBUG org.eclipse.jetty.util.thread.ReservedThreadExecutor - ReservedThread@301bd4e3{PENDING,thread=Thread[qtp961160488-16,5,main]} was=PENDING next=RESERVED size=0+1 capacity=8
04:29:50.441 [qtp961160488-16] DEBUG org.eclipse.jetty.util.thread.ReservedThreadExecutor - ReservedThread@301bd4e3{RESERVED,thread=Thread[qtp961160488-16,5,main]} waiting ReservedThreadExecutor@383bfa16{reserved=1/8,pending=0}
04:29:50.442 [qtp961160488-15] DEBUG org.eclipse.jetty.util.thread.ReservedThreadExecutor - ReservedThread@48447728{RESERVED,thread=Thread[qtp961160488-15,5,main]} task=EatWhatYouKill@ffaa6af/SelectorProducer@53ce1329/IDLE/p=true/QueuedThreadPool[qtp961160488]@394a2528{STARTED,8<=8<=200,i=1,r=-1,q=0}[ReservedThreadExecutor@383bfa16{reserved=0/8,pending=1}][pc=0,pic=0,pec=0,epc=1]@2024-05-02T04:29:50.441+01:00 ReservedThreadExecutor@383bfa16{reserved=1/8,pending=0}
04:29:50.442 [qtp961160488-21] DEBUG org.eclipse.jetty.util.thread.strategy.EatWhatYouKill - EatWhatYouKill@ffaa6af/SelectorProducer@53ce1329/IDLE/p=true/QueuedThreadPool[qtp961160488]@394a2528{STARTED,8<=8<=200,i=1,r=-1,q=0}[ReservedThreadExecutor@383bfa16{reserved=1/8,pending=0}][pc=0,pic=0,pec=0,epc=1]@2024-05-02T04:29:50.442+01:00 m=EXECUTE_PRODUCE_CONSUME t=CEP:SocketChannelEndPoint@779ce085{l=/127.0.0.1:44247,r=/127.0.0.1:42514,OPEN,fill=FI,flush=-,to=1/3000}{io=1/0,kio=1,kro=1}->HttpConnection@699f1f12[p=HttpParser{s=START,0 of -1},g=HttpGenerator@2d3600af{s=START}]=>HttpChannelOverHttp@4bf3f0d9{s=HttpChannelState@20c5222c{s=IDLE rs=BLOCKING os=OPEN is=IDLE awp=false se=false i=true al=0},r=0,c=false/false,a=IDLE,uri=null,age=0}:runFillable:BLOCKING/BLOCKING
04:29:50.442 [qtp961160488-15] DEBUG org.eclipse.jetty.util.thread.strategy.EatWhatYouKill - EatWhatYouKill@ffaa6af/SelectorProducer@53ce1329/IDLE/p=true/QueuedThreadPool[qtp961160488]@394a2528{STARTED,8<=8<=200,i=1,r=-1,q=0}[ReservedThreadExecutor@383bfa16{reserved=1/8,pending=0}][pc=0,pic=0,pec=0,epc=1]@2024-05-02T04:29:50.442+01:00 tryProduce true
04:29:50.442 [qtp961160488-21] DEBUG org.eclipse.jetty.io.FillInterest - fillable FillInterest@246b9367{AC.ReadCB@699f1f12{HttpConnection@699f1f12::SocketChannelEndPoint@779ce085{l=/127.0.0.1:44247,r=/127.0.0.1:42514,OPEN,fill=FI,flush=-,to=1/3000}{io=1/0,kio=1,kro=1}->HttpConnection@699f1f12[p=HttpParser{s=START,0 of -1},g=HttpGenerator@2d3600af{s=START}]=>HttpChannelOverHttp@4bf3f0d9{s=HttpChannelState@20c5222c{s=IDLE rs=BLOCKING os=OPEN is=IDLE awp=false se=false i=true al=0},r=0,c=false/false,a=IDLE,uri=null,age=0}}}
04:29:50.442 [qtp961160488-15] DEBUG org.eclipse.jetty.io.ManagedSelector - updateable 0
04:29:50.442 [qtp961160488-15] DEBUG org.eclipse.jetty.io.ManagedSelector - updates 0
04:29:50.442 [qtp961160488-21] DEBUG org.eclipse.jetty.server.HttpConnection - HttpConnection@699f1f12::SocketChannelEndPoint@779ce085{l=/127.0.0.1:44247,r=/127.0.0.1:42514,OPEN,fill=-,flush=-,to=1/3000}{io=1/0,kio=1,kro=1}->HttpConnection@699f1f12[p=HttpParser{s=START,0 of -1},g=HttpGenerator@2d3600af{s=START}]=>HttpChannelOverHttp@4bf3f0d9{s=HttpChannelState@20c5222c{s=IDLE rs=BLOCKING os=OPEN is=IDLE awp=false se=false i=true al=0},r=0,c=false/false,a=IDLE,uri=null,age=0} onFillable enter HttpChannelState@20c5222c{s=IDLE rs=BLOCKING os=OPEN is=IDLE awp=false se=false i=true al=0} null
04:29:50.442 [qtp961160488-15] DEBUG org.eclipse.jetty.io.ChannelEndPoint - Key interests updated 1 -> 0 on SocketChannelEndPoint@779ce085{l=/127.0.0.1:44247,r=/127.0.0.1:42514,OPEN,fill=-,flush=-,to=1/3000}{io=0/0,kio=0,kro=1}->HttpConnection@699f1f12[p=HttpParser{s=START,0 of -1},g=HttpGenerator@2d3600af{s=START}]=>HttpChannelOverHttp@4bf3f0d9{s=HttpChannelState@20c5222c{s=IDLE rs=BLOCKING os=OPEN is=IDLE awp=false se=false i=true al=0},r=0,c=false/false,a=IDLE,uri=null,age=0}
04:29:50.442 [qtp961160488-15] DEBUG org.eclipse.jetty.io.ManagedSelector - Selector sun.nio.ch.EPollSelectorImpl@2f91e83 waiting with 2 keys
04:29:50.442 [qtp961160488-21] DEBUG org.eclipse.jetty.io.ChannelEndPoint - filled 115 HeapByteBuffer@c9025a9[p=0,l=115,c=8192,r=115]={<<<GET / HTTP/1.1\r\nHost: loc...gent: okhttp/3.12.3\r\n\r\n>>>nt-Length...\x00\x00\x00\x00\x00\x00\x00}
04:29:50.442 [qtp961160488-21] DEBUG org.eclipse.jetty.server.HttpConnection - HttpConnection@699f1f12::SocketChannelEndPoint@779ce085{l=/127.0.0.1:44247,r=/127.0.0.1:42514,OPEN,fill=-,flush=-,to=0/3000}{io=0/0,kio=0,kro=1}->HttpConnection@699f1f12[p=HttpParser{s=START,0 of -1},g=HttpGenerator@2d3600af{s=START}]=>HttpChannelOverHttp@4bf3f0d9{s=HttpChannelState@20c5222c{s=IDLE rs=BLOCKING os=OPEN is=IDLE awp=false se=false i=true al=0},r=0,c=false/false,a=IDLE,uri=null,age=0} filled 115 HeapByteBuffer@c9025a9[p=0,l=115,c=8192,r=115]={<<<GET / HTTP/1.1\r\nHost: loc...gent: okhttp/3.12.3\r\n\r\n>>>nt-Length...\x00\x00\x00\x00\x00\x00\x00}
04:29:50.442 [qtp961160488-21] DEBUG org.eclipse.jetty.server.HttpConnection - HttpConnection@699f1f12::SocketChannelEndPoint@779ce085{l=/127.0.0.1:44247,r=/127.0.0.1:42514,OPEN,fill=-,flush=-,to=0/3000}{io=0/0,kio=0,kro=1}->HttpConnection@699f1f12[p=HttpParser{s=START,0 of -1},g=HttpGenerator@2d3600af{s=START}]=>HttpChannelOverHttp@4bf3f0d9{s=HttpChannelState@20c5222c{s=IDLE rs=BLOCKING os=OPEN is=IDLE awp=false se=false i=true al=0},r=0,c=false/false,a=IDLE,uri=null,age=0} parse HeapByteBuffer@c9025a9[p=0,l=115,c=8192,r=115]={<<<GET / HTTP/1.1\r\nHost: loc...gent: okhttp/3.12.3\r\n\r\n>>>nt-Length...\x00\x00\x00\x00\x00\x00\x00} {}
04:29:50.442 [qtp961160488-21] DEBUG org.eclipse.jetty.http.HttpParser - parseNext s=START HeapByteBuffer@c9025a9[p=0,l=115,c=8192,r=115]={<<<GET / HTTP/1.1\r\nHost: loc...gent: okhttp/3.12.3\r\n\r\n>>>nt-Length...\x00\x00\x00\x00\x00\x00\x00}
04:29:50.442 [qtp961160488-21] DEBUG org.eclipse.jetty.http.HttpParser - START --> SPACE1
04:29:50.442 [qtp961160488-21] DEBUG org.eclipse.jetty.http.HttpParser - SPACE1 --> URI
04:29:50.442 [qtp961160488-21] DEBUG org.eclipse.jetty.http.HttpParser - URI --> SPACE2
04:29:50.442 [qtp961160488-21] DEBUG org.eclipse.jetty.http.HttpParser - SPACE2 --> REQUEST_VERSION
04:29:50.442 [qtp961160488-21] DEBUG org.eclipse.jetty.http.HttpParser - REQUEST_VERSION --> HEADER
04:29:50.442 [qtp961160488-21] DEBUG org.eclipse.jetty.http.HttpParser - HEADER:Host --> VALUE
04:29:50.442 [qtp961160488-21] DEBUG org.eclipse.jetty.http.HttpParser - HEADER:Host --> IN_VALUE
04:29:50.442 [qtp961160488-21] DEBUG org.eclipse.jetty.http.HttpParser - HEADER:Host --> FIELD
04:29:50.442 [qtp961160488-21] DEBUG org.eclipse.jetty.http.HttpParser - HEADER:Connection: keep-alive --> IN_VALUE
04:29:50.442 [qtp961160488-21] DEBUG org.eclipse.jetty.http.HttpParser - HEADER:Connection: keep-alive --> FIELD
04:29:50.442 [qtp961160488-21] DEBUG org.eclipse.jetty.http.HttpParser - HEADER:Accept-Encoding: gzip --> IN_VALUE
04:29:50.442 [qtp961160488-21] DEBUG org.eclipse.jetty.http.HttpParser - HEADER:Accept-Encoding: gzip --> FIELD
04:29:50.442 [qtp961160488-21] DEBUG org.eclipse.jetty.http.HttpParser - HEADER:User-Agent --> VALUE
04:29:50.443 [qtp961160488-21] DEBUG org.eclipse.jetty.http.HttpParser - HEADER:User-Agent --> IN_VALUE
04:29:50.443 [qtp961160488-21] DEBUG org.eclipse.jetty.http.HttpParser - HEADER:User-Agent --> FIELD
04:29:50.443 [qtp961160488-21] DEBUG org.eclipse.jetty.http.HttpParser - HEADER --> CONTENT
04:29:50.443 [qtp961160488-21] DEBUG org.eclipse.jetty.server.HttpChannel - REQUEST for //localhost:44247/ on HttpChannelOverHttp@4bf3f0d9{s=HttpChannelState@20c5222c{s=IDLE rs=BLOCKING os=OPEN is=IDLE awp=false se=false i=true al=0},r=1,c=false/false,a=IDLE,uri=//localhost:44247/,age=0}
GET //localhost:44247/ HTTP/1.1
Host: localhost:44247
Connection: keep-alive
Accept-Encoding: gzip
User-Agent: okhttp/3.12.3


04:29:50.443 [qtp961160488-21] DEBUG org.eclipse.jetty.server.HttpConnection - HttpConnection@699f1f12::SocketChannelEndPoint@779ce085{l=/127.0.0.1:44247,r=/127.0.0.1:42514,OPEN,fill=-,flush=-,to=0/3000}{io=0/0,kio=0,kro=1}->HttpConnection@699f1f12[p=HttpParser{s=CONTENT,0 of -1},g=HttpGenerator@2d3600af{s=START}]=>HttpChannelOverHttp@4bf3f0d9{s=HttpChannelState@20c5222c{s=IDLE rs=BLOCKING os=OPEN is=IDLE awp=false se=false i=true al=0},r=1,c=false/false,a=IDLE,uri=//localhost:44247/,age=0} parsed true HttpParser{s=CONTENT,0 of -1}
04:29:50.443 [qtp961160488-21] DEBUG org.eclipse.jetty.server.HttpConnection - releaseRequestBuffer HttpConnection@699f1f12::SocketChannelEndPoint@779ce085{l=/127.0.0.1:44247,r=/127.0.0.1:42514,OPEN,fill=-,flush=-,to=0/3000}{io=0/0,kio=0,kro=1}->HttpConnection@699f1f12[p=HttpParser{s=CONTENT,0 of -1},g=HttpGenerator@2d3600af{s=START}]=>HttpChannelOverHttp@4bf3f0d9{s=HttpChannelState@20c5222c{s=IDLE rs=BLOCKING os=OPEN is=IDLE awp=false se=false i=true al=0},r=1,c=false/false,a=IDLE,uri=//localhost:44247/,age=0}
04:29:50.443 [qtp961160488-21] DEBUG org.eclipse.jetty.server.HttpChannel - handle //localhost:44247/ HttpChannelOverHttp@4bf3f0d9{s=HttpChannelState@20c5222c{s=IDLE rs=BLOCKING os=OPEN is=IDLE awp=false se=false i=true al=0},r=1,c=false/false,a=IDLE,uri=//localhost:44247/,age=0} 
04:29:50.443 [qtp961160488-21] DEBUG org.eclipse.jetty.server.HttpChannelState - handling HttpChannelState@20c5222c{s=IDLE rs=BLOCKING os=OPEN is=IDLE awp=false se=false i=true al=0}
04:29:50.443 [qtp961160488-21] DEBUG org.eclipse.jetty.server.HttpChannel - action DISPATCH HttpChannelOverHttp@4bf3f0d9{s=HttpChannelState@20c5222c{s=HANDLING rs=BLOCKING os=OPEN is=IDLE awp=false se=false i=true al=0},r=1,c=false/false,a=HANDLING,uri=//localhost:44247/,age=0}
04:29:50.443 [qtp961160488-21] DEBUG org.eclipse.jetty.server.Server - REQUEST GET / on HttpChannelOverHttp@4bf3f0d9{s=HttpChannelState@20c5222c{s=HANDLING rs=BLOCKING os=OPEN is=IDLE awp=false se=false i=true al=0},r=1,c=false/false,a=HANDLING,uri=//localhost:44247/,age=0}
04:29:50.443 [qtp961160488-21] DEBUG org.eclipse.jetty.server.HttpOutput - write(array HeapByteBuffer@75195c84[p=0,l=4,c=512,r=4]={<<<test>>>\x00\x00\x00\x00\x00\x00\x00\x00\x00...\x00\x00\x00\x00\x00\x00\x00})
04:29:50.443 [qtp961160488-21] DEBUG org.eclipse.jetty.server.HttpOutput - write(array) s=CLOSING,api=BLOCKED,sc=false,e=null last=true agg=false flush=true async=false, len=4 null
04:29:50.443 [qtp961160488-21] DEBUG org.eclipse.jetty.server.HttpChannel - sendResponse info=null content=HeapByteBuffer@52a16a93[p=0,l=4,c=512,r=4]={<<<test>>>\x00\x00\x00\x00\x00\x00\x00\x00\x00...\x00\x00\x00\x00\x00\x00\x00} complete=true committing=true callback=Blocker@44264fd6{null}
04:29:50.443 [qtp961160488-21] DEBUG org.eclipse.jetty.server.HttpChannel - COMMIT for / on HttpChannelOverHttp@4bf3f0d9{s=HttpChannelState@20c5222c{s=HANDLING rs=BLOCKING os=COMMITTED is=IDLE awp=false se=false i=true al=0},r=1,c=false/false,a=HANDLING,uri=//localhost:44247/,age=0}
200 null HTTP/1.1
Date: Thu, 02 May 2024 03:29:50 GMT
ETag: testEtag
Content-Type: text/plain;charset=utf-8
Content-Length: 4


04:29:50.443 [qtp961160488-21] DEBUG org.eclipse.jetty.server.HttpConnection - generate: NEED_HEADER for SendCallback@2a74277d[PROCESSING][i=HTTP/1.1{s=200,h=4,cl=4},cb=org.eclipse.jetty.server.HttpChannel$SendCallback@1536a3cb] (null,[p=0,l=4,c=512,r=4],true)@START
04:29:50.444 [qtp961160488-21] DEBUG org.eclipse.jetty.http.HttpGenerator - generateHeaders HTTP/1.1{s=200,h=4,cl=4} last=true content=HeapByteBuffer@52a16a93[p=0,l=4,c=512,r=4]={<<<test>>>\x00\x00\x00\x00\x00\x00\x00\x00\x00...\x00\x00\x00\x00\x00\x00\x00}
04:29:50.444 [qtp961160488-21] DEBUG org.eclipse.jetty.http.HttpGenerator - Date: Thu, 02 May 2024 03:29:50 GMT
ETag: testEtag
Content-Type: text/plain;charset=utf-8
Content-Length: 4


04:29:50.444 [qtp961160488-21] DEBUG org.eclipse.jetty.http.HttpGenerator - CONTENT_LENGTH
04:29:50.444 [qtp961160488-21] DEBUG org.eclipse.jetty.server.HttpConnection - generate: FLUSH for SendCallback@2a74277d[PROCESSING][i=HTTP/1.1{s=200,h=4,cl=4},cb=org.eclipse.jetty.server.HttpChannel$SendCallback@1536a3cb] ([p=0,l=164,c=8192,r=164],[p=0,l=4,c=512,r=4],true)@COMPLETING
04:29:50.444 [qtp961160488-21] DEBUG org.eclipse.jetty.io.WriteFlusher - write: WriteFlusher@4c1ab60c{IDLE}->null [HeapByteBuffer@c9025a9[p=0,l=164,c=8192,r=164]={<<<HTTP/1.1 200 OK\r\nDate: Th...y(9.4.44.v20210927)\r\n\r\n>>>\n\r\n\x00\x00\x00\x00\x00\x00...\x00\x00\x00\x00\x00\x00\x00},HeapByteBuffer@52a16a93[p=0,l=4,c=512,r=4]={<<<test>>>\x00\x00\x00\x00\x00\x00\x00\x00\x00...\x00\x00\x00\x00\x00\x00\x00}]
04:29:50.444 [qtp961160488-21] DEBUG org.eclipse.jetty.io.WriteFlusher - update WriteFlusher@4c1ab60c{WRITING}->null:IDLE-->WRITING
04:29:50.444 [qtp961160488-21] DEBUG org.eclipse.jetty.io.ChannelEndPoint - flushed 168 SocketChannelEndPoint@779ce085{l=/127.0.0.1:44247,r=/127.0.0.1:42514,OPEN,fill=-,flush=W,to=1/3000}{io=0/0,kio=0,kro=1}->HttpConnection@699f1f12[p=HttpParser{s=CONTENT,0 of -1},g=HttpGenerator@2d3600af{s=COMPLETING}]=>HttpChannelOverHttp@4bf3f0d9{s=HttpChannelState@20c5222c{s=HANDLING rs=BLOCKING os=COMMITTED is=IDLE awp=false se=false i=true al=0},r=1,c=false/false,a=HANDLING,uri=//localhost:44247/,age=1}
04:29:50.444 [main] DEBUG org.apache.nifi.minifi.bootstrap.configuration.ingestors.PullHttpChangeIngestor - Response received: Response{protocol=http/1.1, code=200, message=OK, url=http://localhost:44247/}
04:29:50.444 [qtp961160488-21] DEBUG org.eclipse.jetty.io.WriteFlusher - Flushed=true written=168 remaining=0 WriteFlusher@4c1ab60c{WRITING}->null
04:29:50.444 [qtp961160488-21] DEBUG org.eclipse.jetty.io.WriteFlusher - update WriteFlusher@4c1ab60c{IDLE}->null:WRITING-->IDLE
04:29:50.444 [qtp961160488-21] DEBUG org.eclipse.jetty.server.HttpConnection - generate: DONE for SendCallback@2a74277d[PROCESSING][i=HTTP/1.1{s=200,h=4,cl=4},cb=org.eclipse.jetty.server.HttpChannel$SendCallback@1536a3cb] ([p=164,l=164,c=8192,r=0],[p=4,l=4,c=512,r=0],true)@END
04:29:50.444 [qtp961160488-21] DEBUG org.eclipse.jetty.server.HttpOutput - onWriteComplete(true,null) s=CLOSING,api=BLOCKED,sc=false,e=null->s=CLOSED,api=BLOCKING,sc=false,e=null c=null cb=null w=false
04:29:50.444 [main] DEBUG org.apache.nifi.minifi.bootstrap.configuration.ingestors.PullHttpChangeIngestor - Pulled config same as currently running.
04:29:50.444 [qtp961160488-21] DEBUG org.eclipse.jetty.server.HttpOutput - close() s=CLOSED,api=BLOCKING,sc=false,e=null c=null b=null
04:29:50.444 [qtp961160488-21] DEBUG org.eclipse.jetty.server.Server - handled=true async=false committed=true on HttpChannelOverHttp@4bf3f0d9{s=HttpChannelState@20c5222c{s=HANDLING rs=BLOCKING os=COMPLETED is=IDLE awp=false se=false i=true al=0},r=1,c=false/true,a=HANDLING,uri=//localhost:44247/,age=1}
04:29:50.444 [qtp961160488-21] DEBUG org.eclipse.jetty.server.HttpChannelState - unhandle HttpChannelState@20c5222c{s=HANDLING rs=BLOCKING os=COMPLETED is=IDLE awp=false se=false i=true al=0}
04:29:50.444 [qtp961160488-21] DEBUG org.eclipse.jetty.server.HttpChannelState - nextAction(false) COMPLETE HttpChannelState@20c5222c{s=HANDLING rs=COMPLETING os=COMPLETED is=IDLE awp=false se=false i=false al=0}
04:29:50.444 [qtp961160488-21] DEBUG org.eclipse.jetty.server.HttpChannel - action COMPLETE HttpChannelOverHttp@4bf3f0d9{s=HttpChannelState@20c5222c{s=HANDLING rs=COMPLETING os=COMPLETED is=IDLE awp=false se=false i=false al=0},r=1,c=false/true,a=HANDLING,uri=//localhost:44247/,age=1}
04:29:50.444 [qtp961160488-21] DEBUG org.eclipse.jetty.server.HttpOutput - complete(org.eclipse.jetty.util.Callback$3@3ab418a6) s=CLOSED,api=BLOCKING,sc=false,e=null s=true e=null, c=null
04:29:50.444 [qtp961160488-21] DEBUG org.eclipse.jetty.server.HttpChannelState - completed HttpChannelState@20c5222c{s=HANDLING rs=COMPLETING os=COMPLETED is=IDLE awp=false se=false i=false al=0}
]]></system-out>
  </testcase>
  <testcase name="testNoUpdateWithPath" classname="org.apache.nifi.minifi.bootstrap.configuration.ingestors.PullHttpChangeIngestorTest" time="0.006">
    <system-out><![CDATA[04:29:50.444 [qtp961160488-21] DEBUG org.eclipse.jetty.server.HttpChannelState - unhandle HttpChannelState@20c5222c{s=HANDLING rs=COMPLETED os=COMPLETED is=IDLE awp=false se=false i=false al=0}
04:29:50.445 [qtp961160488-21] DEBUG org.eclipse.jetty.server.HttpChannelState - nextAction(false) TERMINATED HttpChannelState@20c5222c{s=IDLE rs=COMPLETED os=COMPLETED is=IDLE awp=false se=false i=false al=0}
04:29:50.445 [qtp961160488-21] DEBUG org.eclipse.jetty.server.HttpChannel - action TERMINATED HttpChannelOverHttp@4bf3f0d9{s=HttpChannelState@20c5222c{s=IDLE rs=COMPLETED os=COMPLETED is=IDLE awp=false se=false i=false al=0},r=1,c=true/true,a=IDLE,uri=//localhost:44247/,age=2}
04:29:50.445 [qtp961160488-21] DEBUG org.eclipse.jetty.server.HttpChannel - onCompleted for / written=4
04:29:50.445 [qtp961160488-21] DEBUG org.eclipse.jetty.io.ChannelEndPoint - filled 0 HeapByteBuffer@c9025a9[p=0,l=0,c=8192,r=0]={<<<>>>HTTP/1.1 ...\x00\x00\x00\x00\x00\x00\x00}
04:29:50.445 [qtp961160488-21] DEBUG org.eclipse.jetty.io.ChannelEndPoint - filled 0 HeapByteBuffer@c9025a9[p=0,l=0,c=8192,r=0]={<<<>>>HTTP/1.1 ...\x00\x00\x00\x00\x00\x00\x00}
04:29:50.445 [qtp961160488-21] DEBUG org.eclipse.jetty.server.HttpConnection - HttpConnection@699f1f12::SocketChannelEndPoint@779ce085{l=/127.0.0.1:44247,r=/127.0.0.1:42514,OPEN,fill=-,flush=-,to=0/3000}{io=0/0,kio=0,kro=1}->HttpConnection@699f1f12[p=HttpParser{s=CONTENT,0 of -1},g=HttpGenerator@2d3600af{s=END}]=>HttpChannelOverHttp@4bf3f0d9{s=HttpChannelState@20c5222c{s=IDLE rs=COMPLETED os=COMPLETED is=IDLE awp=false se=false i=false al=0},r=1,c=true/true,a=IDLE,uri=//localhost:44247/,age=2} filled 0 HeapByteBuffer@c9025a9[p=0,l=0,c=8192,r=0]={<<<>>>HTTP/1.1 ...\x00\x00\x00\x00\x00\x00\x00}
04:29:50.445 [qtp961160488-21] DEBUG org.eclipse.jetty.server.HttpConnection - HttpConnection@699f1f12::SocketChannelEndPoint@779ce085{l=/127.0.0.1:44247,r=/127.0.0.1:42514,OPEN,fill=-,flush=-,to=0/3000}{io=0/0,kio=0,kro=1}->HttpConnection@699f1f12[p=HttpParser{s=CONTENT,0 of -1},g=HttpGenerator@2d3600af{s=END}]=>HttpChannelOverHttp@4bf3f0d9{s=HttpChannelState@20c5222c{s=IDLE rs=COMPLETED os=COMPLETED is=IDLE awp=false se=false i=false al=0},r=1,c=true/true,a=IDLE,uri=//localhost:44247/,age=2} parse HeapByteBuffer@c9025a9[p=0,l=0,c=8192,r=0]={<<<>>>HTTP/1.1 ...\x00\x00\x00\x00\x00\x00\x00} {}
04:29:50.445 [qtp961160488-21] DEBUG org.eclipse.jetty.http.HttpParser - parseNext s=CONTENT HeapByteBuffer@c9025a9[p=0,l=0,c=8192,r=0]={<<<>>>HTTP/1.1 ...\x00\x00\x00\x00\x00\x00\x00}
04:29:50.445 [qtp961160488-21] DEBUG org.eclipse.jetty.http.HttpParser - CONTENT --> CONTENT_END
04:29:50.445 [qtp961160488-21] DEBUG org.eclipse.jetty.server.HttpChannel - onContentComplete HttpChannelOverHttp@4bf3f0d9{s=HttpChannelState@20c5222c{s=IDLE rs=COMPLETED os=COMPLETED is=IDLE awp=false se=false i=false al=0},r=1,c=true/true,a=IDLE,uri=//localhost:44247/,age=2}
04:29:50.445 [qtp961160488-21] DEBUG org.eclipse.jetty.http.HttpParser - CONTENT_END --> END
04:29:50.445 [qtp961160488-21] DEBUG org.eclipse.jetty.server.HttpChannel - onRequestComplete HttpChannelOverHttp@4bf3f0d9{s=HttpChannelState@20c5222c{s=IDLE rs=COMPLETED os=COMPLETED is=IDLE awp=false se=false i=false al=0},r=1,c=true/true,a=IDLE,uri=//localhost:44247/,age=2}
04:29:50.445 [qtp961160488-21] DEBUG org.eclipse.jetty.server.HttpInput - HttpInputOverHTTP@31708f42[c=0,q=0,[0]=null,s=STREAM] addContent EOF
04:29:50.445 [qtp961160488-21] DEBUG org.eclipse.jetty.server.HttpConnection - HttpConnection@699f1f12::SocketChannelEndPoint@779ce085{l=/127.0.0.1:44247,r=/127.0.0.1:42514,OPEN,fill=-,flush=-,to=1/3000}{io=0/0,kio=0,kro=1}->HttpConnection@699f1f12[p=HttpParser{s=END,0 of -1},g=HttpGenerator@2d3600af{s=END}]=>HttpChannelOverHttp@4bf3f0d9{s=HttpChannelState@20c5222c{s=IDLE rs=COMPLETED os=COMPLETED is=IDLE awp=false se=false i=false al=0},r=1,c=true/true,a=IDLE,uri=//localhost:44247/,age=2} parsed false HttpParser{s=END,0 of -1}
04:29:50.445 [qtp961160488-21] DEBUG org.eclipse.jetty.server.HttpConnection - releaseRequestBuffer HttpConnection@699f1f12::SocketChannelEndPoint@779ce085{l=/127.0.0.1:44247,r=/127.0.0.1:42514,OPEN,fill=-,flush=-,to=1/3000}{io=0/0,kio=0,kro=1}->HttpConnection@699f1f12[p=HttpParser{s=END,0 of -1},g=HttpGenerator@2d3600af{s=END}]=>HttpChannelOverHttp@4bf3f0d9{s=HttpChannelState@20c5222c{s=IDLE rs=COMPLETED os=COMPLETED is=IDLE awp=false se=false i=false al=0},r=1,c=true/true,a=IDLE,uri=//localhost:44247/,age=2}
04:29:50.445 [qtp961160488-21] DEBUG org.eclipse.jetty.server.HttpChannelState - recycle HttpChannelState@20c5222c{s=IDLE rs=COMPLETED os=COMPLETED is=IDLE awp=false se=false i=false al=0}
04:29:50.446 [qtp961160488-21] DEBUG org.eclipse.jetty.http.HttpParser - reset HttpParser{s=END,0 of -1}
04:29:50.446 [qtp961160488-21] DEBUG org.eclipse.jetty.http.HttpParser - END --> START
04:29:50.446 [qtp961160488-21] DEBUG org.eclipse.jetty.server.HttpChannel - !handle TERMINATED HttpChannelOverHttp@4bf3f0d9{s=HttpChannelState@20c5222c{s=IDLE rs=BLOCKING os=OPEN is=IDLE awp=false se=false i=true al=0},r=1,c=false/false,a=IDLE,uri=null,age=0}
04:29:50.446 [qtp961160488-21] DEBUG org.eclipse.jetty.io.ChannelEndPoint - filled 0 HeapByteBuffer@c9025a9[p=0,l=0,c=8192,r=0]={<<<>>>HTTP/1.1 ...\x00\x00\x00\x00\x00\x00\x00}
04:29:50.446 [qtp961160488-21] DEBUG org.eclipse.jetty.io.ChannelEndPoint - filled 0 HeapByteBuffer@c9025a9[p=0,l=0,c=8192,r=0]={<<<>>>HTTP/1.1 ...\x00\x00\x00\x00\x00\x00\x00}
04:29:50.446 [qtp961160488-21] DEBUG org.eclipse.jetty.server.HttpConnection - HttpConnection@699f1f12::SocketChannelEndPoint@779ce085{l=/127.0.0.1:44247,r=/127.0.0.1:42514,OPEN,fill=-,flush=-,to=1/3000}{io=0/0,kio=0,kro=1}->HttpConnection@699f1f12[p=HttpParser{s=START,0 of -1},g=HttpGenerator@2d3600af{s=START}]=>HttpChannelOverHttp@4bf3f0d9{s=HttpChannelState@20c5222c{s=IDLE rs=BLOCKING os=OPEN is=IDLE awp=false se=false i=true al=0},r=1,c=false/false,a=IDLE,uri=null,age=0} filled 0 HeapByteBuffer@c9025a9[p=0,l=0,c=8192,r=0]={<<<>>>HTTP/1.1 ...\x00\x00\x00\x00\x00\x00\x00}
04:29:50.446 [main] DEBUG org.apache.nifi.minifi.bootstrap.configuration.ingestors.PullHttpChangeIngestor - Attempting to pull new config
04:29:50.446 [qtp961160488-21] DEBUG org.eclipse.jetty.server.HttpConnection - HttpConnection@699f1f12::SocketChannelEndPoint@779ce085{l=/127.0.0.1:44247,r=/127.0.0.1:42514,OPEN,fill=-,flush=-,to=1/3000}{io=0/0,kio=0,kro=1}->HttpConnection@699f1f12[p=HttpParser{s=START,0 of -1},g=HttpGenerator@2d3600af{s=START}]=>HttpChannelOverHttp@4bf3f0d9{s=HttpChannelState@20c5222c{s=IDLE rs=BLOCKING os=OPEN is=IDLE awp=false se=false i=true al=0},r=1,c=false/false,a=IDLE,uri=null,age=0} parse HeapByteBuffer@c9025a9[p=0,l=0,c=8192,r=0]={<<<>>>HTTP/1.1 ...\x00\x00\x00\x00\x00\x00\x00} {}
04:29:50.446 [qtp961160488-21] DEBUG org.eclipse.jetty.http.HttpParser - parseNext s=START HeapByteBuffer@c9025a9[p=0,l=0,c=8192,r=0]={<<<>>>HTTP/1.1 ...\x00\x00\x00\x00\x00\x00\x00}
04:29:50.446 [qtp961160488-21] DEBUG org.eclipse.jetty.server.HttpConnection - HttpConnection@699f1f12::SocketChannelEndPoint@779ce085{l=/127.0.0.1:44247,r=/127.0.0.1:42514,OPEN,fill=-,flush=-,to=2/3000}{io=0/0,kio=0,kro=1}->HttpConnection@699f1f12[p=HttpParser{s=START,0 of -1},g=HttpGenerator@2d3600af{s=START}]=>HttpChannelOverHttp@4bf3f0d9{s=HttpChannelState@20c5222c{s=IDLE rs=BLOCKING os=OPEN is=IDLE awp=false se=false i=true al=0},r=1,c=false/false,a=IDLE,uri=null,age=0} parsed false HttpParser{s=START,0 of -1}
04:29:50.446 [qtp961160488-21] DEBUG org.eclipse.jetty.server.HttpConnection - releaseRequestBuffer HttpConnection@699f1f12::SocketChannelEndPoint@779ce085{l=/127.0.0.1:44247,r=/127.0.0.1:42514,OPEN,fill=-,flush=-,to=2/3000}{io=0/0,kio=0,kro=1}->HttpConnection@699f1f12[p=HttpParser{s=START,0 of -1},g=HttpGenerator@2d3600af{s=START}]=>HttpChannelOverHttp@4bf3f0d9{s=HttpChannelState@20c5222c{s=IDLE rs=BLOCKING os=OPEN is=IDLE awp=false se=false i=true al=0},r=1,c=false/false,a=IDLE,uri=null,age=0}
04:29:50.446 [qtp961160488-21] DEBUG org.eclipse.jetty.io.AbstractConnection - fillInterested HttpConnection@699f1f12::SocketChannelEndPoint@779ce085{l=/127.0.0.1:44247,r=/127.0.0.1:42514,OPEN,fill=-,flush=-,to=2/3000}{io=0/0,kio=0,kro=1}->HttpConnection@699f1f12[p=HttpParser{s=START,0 of -1},g=HttpGenerator@2d3600af{s=START}]=>HttpChannelOverHttp@4bf3f0d9{s=HttpChannelState@20c5222c{s=IDLE rs=BLOCKING os=OPEN is=IDLE awp=false se=false i=true al=0},r=1,c=false/false,a=IDLE,uri=null,age=0}
04:29:50.446 [qtp961160488-17-acceptor-0@1e1a0406-ServerConnector@446293d{HTTP/1.1, (http/1.1)}{localhost:44247}] DEBUG org.eclipse.jetty.io.ManagedSelector - Queued change lazy=false Accept@5d55f60e[java.nio.channels.SocketChannel[connected local=/127.0.0.1:44247 remote=/127.0.0.1:42530]] on ManagedSelector@1de5f259{STARTED} id=3 keys=1 selected=0 updates=0
04:29:50.446 [qtp961160488-17-acceptor-0@1e1a0406-ServerConnector@446293d{HTTP/1.1, (http/1.1)}{localhost:44247}] DEBUG org.eclipse.jetty.io.ManagedSelector - Wakeup on submit ManagedSelector@1de5f259{STARTED} id=3 keys=1 selected=0 updates=1
04:29:50.446 [qtp961160488-21] DEBUG org.eclipse.jetty.io.FillInterest - interested FillInterest@246b9367{AC.ReadCB@699f1f12{HttpConnection@699f1f12::SocketChannelEndPoint@779ce085{l=/127.0.0.1:44247,r=/127.0.0.1:42514,OPEN,fill=FI,flush=-,to=0/3000}{io=0/0,kio=0,kro=1}->HttpConnection@699f1f12[p=HttpParser{s=START,0 of -1},g=HttpGenerator@2d3600af{s=START}]=>HttpChannelOverHttp@4bf3f0d9{s=HttpChannelState@20c5222c{s=IDLE rs=BLOCKING os=OPEN is=IDLE awp=false se=false i=true al=0},r=1,c=false/false,a=IDLE,uri=null,age=0}}}
04:29:50.447 [qtp961160488-22] DEBUG org.eclipse.jetty.io.ManagedSelector - Selector sun.nio.ch.EPollSelectorImpl@195030a5 woken with none selected
04:29:50.447 [qtp961160488-21] DEBUG org.eclipse.jetty.io.ChannelEndPoint - changeInterests p=false 0->1 for SocketChannelEndPoint@779ce085{l=/127.0.0.1:44247,r=/127.0.0.1:42514,OPEN,fill=FI,flush=-,to=0/3000}{io=0/1,kio=0,kro=1}->HttpConnection@699f1f12[p=HttpParser{s=START,0 of -1},g=HttpGenerator@2d3600af{s=START}]=>HttpChannelOverHttp@4bf3f0d9{s=HttpChannelState@20c5222c{s=IDLE rs=BLOCKING os=OPEN is=IDLE awp=false se=false i=true al=0},r=1,c=false/false,a=IDLE,uri=null,age=0}
04:29:50.447 [qtp961160488-22] DEBUG org.eclipse.jetty.io.ManagedSelector - Selector sun.nio.ch.EPollSelectorImpl@195030a5 woken up from select, 0/0/1 selected
04:29:50.447 [qtp961160488-22] DEBUG org.eclipse.jetty.io.ManagedSelector - Selector sun.nio.ch.EPollSelectorImpl@195030a5 processing 0 keys, 1 updates
04:29:50.447 [qtp961160488-21] DEBUG org.eclipse.jetty.io.ManagedSelector - Queued change lazy=false org.eclipse.jetty.io.ChannelEndPoint$$Lambda$255/1126011505@359d6f77 on ManagedSelector@316bcf94{STARTED} id=2 keys=2 selected=0 updates=0
04:29:50.447 [qtp961160488-22] DEBUG org.eclipse.jetty.io.ManagedSelector - updateable 1
04:29:50.447 [qtp961160488-21] DEBUG org.eclipse.jetty.io.ManagedSelector - Wakeup on submit ManagedSelector@316bcf94{STARTED} id=2 keys=2 selected=0 updates=1
04:29:50.447 [qtp961160488-22] DEBUG org.eclipse.jetty.io.ManagedSelector - update Accept@5d55f60e[java.nio.channels.SocketChannel[connected local=/127.0.0.1:44247 remote=/127.0.0.1:42530]]
04:29:50.447 [qtp961160488-15] DEBUG org.eclipse.jetty.io.ManagedSelector - Selector sun.nio.ch.EPollSelectorImpl@2f91e83 woken with none selected
04:29:50.447 [qtp961160488-15] DEBUG org.eclipse.jetty.io.ManagedSelector - Selector sun.nio.ch.EPollSelectorImpl@2f91e83 woken up from select, 0/0/2 selected
04:29:50.447 [qtp961160488-15] DEBUG org.eclipse.jetty.io.ManagedSelector - Selector sun.nio.ch.EPollSelectorImpl@2f91e83 processing 0 keys, 1 updates
04:29:50.447 [qtp961160488-15] DEBUG org.eclipse.jetty.io.ManagedSelector - updateable 1
04:29:50.447 [qtp961160488-22] DEBUG org.eclipse.jetty.util.thread.QueuedThreadPool - queue Accept@5d55f60e[java.nio.channels.SocketChannel[connected local=/127.0.0.1:44247 remote=/127.0.0.1:42530]] startThread=0
04:29:50.447 [qtp961160488-15] DEBUG org.eclipse.jetty.io.ManagedSelector - update org.eclipse.jetty.io.ChannelEndPoint$$Lambda$255/1126011505@359d6f77
04:29:50.447 [qtp961160488-22] DEBUG org.eclipse.jetty.io.ManagedSelector - updates 0
04:29:50.447 [qtp961160488-21] DEBUG org.eclipse.jetty.server.HttpConnection - HttpConnection@699f1f12::SocketChannelEndPoint@779ce085{l=/127.0.0.1:44247,r=/127.0.0.1:42514,OPEN,fill=FI,flush=-,to=0/3000}{io=0/1,kio=0,kro=1}->HttpConnection@699f1f12[p=HttpParser{s=START,0 of -1},g=HttpGenerator@2d3600af{s=START}]=>HttpChannelOverHttp@4bf3f0d9{s=HttpChannelState@20c5222c{s=IDLE rs=BLOCKING os=OPEN is=IDLE awp=false se=false i=true al=0},r=1,c=false/false,a=IDLE,uri=null,age=0} onFillable exit HttpChannelState@20c5222c{s=IDLE rs=BLOCKING os=OPEN is=IDLE awp=false se=false i=true al=0} null
04:29:50.447 [qtp961160488-22] DEBUG org.eclipse.jetty.io.ManagedSelector - Selector sun.nio.ch.EPollSelectorImpl@195030a5 waiting with 2 keys
04:29:50.447 [qtp961160488-19] DEBUG org.eclipse.jetty.util.thread.QueuedThreadPool - run Accept@5d55f60e[java.nio.channels.SocketChannel[connected local=/127.0.0.1:44247 remote=/127.0.0.1:42530]] in QueuedThreadPool[qtp961160488]@394a2528{STARTED,8<=8<=200,i=0,r=-1,q=0}[ReservedThreadExecutor@383bfa16{reserved=2/8,pending=0}]
04:29:50.447 [qtp961160488-21] DEBUG org.eclipse.jetty.util.thread.ReservedThreadExecutor - ReservedThread@7f9d4abf{RUNNING,thread=Thread[qtp961160488-21,5,main]} was=RUNNING next=RESERVED size=0+2 capacity=8
04:29:50.447 [qtp961160488-15] DEBUG org.eclipse.jetty.io.ChannelEndPoint - Key interests updated 0 -> 1 on SocketChannelEndPoint@779ce085{l=/127.0.0.1:44247,r=/127.0.0.1:42514,OPEN,fill=FI,flush=-,to=0/3000}{io=1/1,kio=1,kro=1}->HttpConnection@699f1f12[p=HttpParser{s=START,0 of -1},g=HttpGenerator@2d3600af{s=START}]=>HttpChannelOverHttp@4bf3f0d9{s=HttpChannelState@20c5222c{s=IDLE rs=BLOCKING os=OPEN is=IDLE awp=false se=false i=true al=0},r=1,c=false/false,a=IDLE,uri=null,age=0}
04:29:50.447 [qtp961160488-15] DEBUG org.eclipse.jetty.io.ManagedSelector - updates 0
04:29:50.447 [qtp961160488-21] DEBUG org.eclipse.jetty.util.thread.ReservedThreadExecutor - ReservedThread@7f9d4abf{RESERVED,thread=Thread[qtp961160488-21,5,main]} waiting ReservedThreadExecutor@383bfa16{reserved=2/8,pending=0}
04:29:50.447 [qtp961160488-15] DEBUG org.eclipse.jetty.io.ManagedSelector - Selector sun.nio.ch.EPollSelectorImpl@2f91e83 waiting with 2 keys
04:29:50.447 [qtp961160488-19] DEBUG org.eclipse.jetty.io.IdleTimeout - SocketChannelEndPoint@765a4f8a{l=/127.0.0.1:44247,r=/127.0.0.1:42530,OPEN,fill=-,flush=-,to=0/3000}{io=0/0,kio=0,kro=0}-><null> idle timeout check, elapsed: 0 ms, remaining: 3000 ms
04:29:50.447 [qtp961160488-19] DEBUG org.eclipse.jetty.server.HttpChannel - new HttpChannelOverHttp@6bf41a96{s=HttpChannelState@13fc4c24{s=IDLE rs=BLOCKING os=OPEN is=IDLE awp=false se=false i=true al=0},r=0,c=false/false,a=IDLE,uri=null,age=0} -> SocketChannelEndPoint@765a4f8a{l=/127.0.0.1:44247,r=/127.0.0.1:42530,OPEN,fill=-,flush=-,to=0/3000}{io=0/0,kio=0,kro=0}-><null>,null,HttpChannelState@13fc4c24{s=IDLE rs=BLOCKING os=OPEN is=IDLE awp=false se=false i=true al=0}
04:29:50.447 [qtp961160488-19] DEBUG org.eclipse.jetty.server.HttpConnection - New HTTP Connection HttpConnection@4dc46ffb::SocketChannelEndPoint@765a4f8a{l=/127.0.0.1:44247,r=/127.0.0.1:42530,OPEN,fill=-,flush=-,to=0/3000}{io=0/0,kio=0,kro=0}-><null>
04:29:50.447 [qtp961160488-19] DEBUG org.eclipse.jetty.io.ManagedSelector - Queued change lazy=true org.eclipse.jetty.io.ManagedSelector$$Lambda$258/854397033@69c65fd6 on ManagedSelector@1de5f259{STARTED} id=3 keys=2 selected=0 updates=0
04:29:50.447 [qtp961160488-19] DEBUG org.eclipse.jetty.io.AbstractEndPoint - onOpen SocketChannelEndPoint@765a4f8a{l=/127.0.0.1:44247,r=/127.0.0.1:42530,OPEN,fill=-,flush=-,to=0/3000}{io=0/0,kio=0,kro=0}->HttpConnection@4dc46ffb[p=HttpParser{s=START,0 of -1},g=HttpGenerator@222dd8d2{s=START}]=>HttpChannelOverHttp@6bf41a96{s=HttpChannelState@13fc4c24{s=IDLE rs=BLOCKING os=OPEN is=IDLE awp=false se=false i=true al=0},r=0,c=false/false,a=IDLE,uri=null,age=0}
04:29:50.447 [qtp961160488-19] DEBUG org.eclipse.jetty.io.AbstractConnection - onOpen HttpConnection@4dc46ffb::SocketChannelEndPoint@765a4f8a{l=/127.0.0.1:44247,r=/127.0.0.1:42530,OPEN,fill=-,flush=-,to=0/3000}{io=0/0,kio=0,kro=0}->HttpConnection@4dc46ffb[p=HttpParser{s=START,0 of -1},g=HttpGenerator@222dd8d2{s=START}]=>HttpChannelOverHttp@6bf41a96{s=HttpChannelState@13fc4c24{s=IDLE rs=BLOCKING os=OPEN is=IDLE awp=false se=false i=true al=0},r=0,c=false/false,a=IDLE,uri=null,age=0}
04:29:50.447 [qtp961160488-19] DEBUG org.eclipse.jetty.io.AbstractConnection - fillInterested HttpConnection@4dc46ffb::SocketChannelEndPoint@765a4f8a{l=/127.0.0.1:44247,r=/127.0.0.1:42530,OPEN,fill=-,flush=-,to=0/3000}{io=0/0,kio=0,kro=0}->HttpConnection@4dc46ffb[p=HttpParser{s=START,0 of -1},g=HttpGenerator@222dd8d2{s=START}]=>HttpChannelOverHttp@6bf41a96{s=HttpChannelState@13fc4c24{s=IDLE rs=BLOCKING os=OPEN is=IDLE awp=false se=false i=true al=0},r=0,c=false/false,a=IDLE,uri=null,age=0}
04:29:50.447 [qtp961160488-19] DEBUG org.eclipse.jetty.io.FillInterest - interested FillInterest@53c13ddf{AC.ReadCB@4dc46ffb{HttpConnection@4dc46ffb::SocketChannelEndPoint@765a4f8a{l=/127.0.0.1:44247,r=/127.0.0.1:42530,OPEN,fill=FI,flush=-,to=0/3000}{io=0/0,kio=0,kro=0}->HttpConnection@4dc46ffb[p=HttpParser{s=START,0 of -1},g=HttpGenerator@222dd8d2{s=START}]=>HttpChannelOverHttp@6bf41a96{s=HttpChannelState@13fc4c24{s=IDLE rs=BLOCKING os=OPEN is=IDLE awp=false se=false i=true al=0},r=0,c=false/false,a=IDLE,uri=null,age=0}}}
04:29:50.447 [qtp961160488-19] DEBUG org.eclipse.jetty.io.ChannelEndPoint - changeInterests p=false 0->1 for SocketChannelEndPoint@765a4f8a{l=/127.0.0.1:44247,r=/127.0.0.1:42530,OPEN,fill=FI,flush=-,to=0/3000}{io=0/1,kio=0,kro=0}->HttpConnection@4dc46ffb[p=HttpParser{s=START,0 of -1},g=HttpGenerator@222dd8d2{s=START}]=>HttpChannelOverHttp@6bf41a96{s=HttpChannelState@13fc4c24{s=IDLE rs=BLOCKING os=OPEN is=IDLE awp=false se=false i=true al=0},r=0,c=false/false,a=IDLE,uri=null,age=0}
04:29:50.448 [qtp961160488-19] DEBUG org.eclipse.jetty.io.ManagedSelector - Queued change lazy=false org.eclipse.jetty.io.ChannelEndPoint$$Lambda$255/1126011505@3d142beb on ManagedSelector@1de5f259{STARTED} id=3 keys=2 selected=0 updates=1
04:29:50.448 [qtp961160488-19] DEBUG org.eclipse.jetty.io.ManagedSelector - Wakeup on submit ManagedSelector@1de5f259{STARTED} id=3 keys=2 selected=0 updates=2
04:29:50.448 [qtp961160488-22] DEBUG org.eclipse.jetty.io.ManagedSelector - Selector sun.nio.ch.EPollSelectorImpl@195030a5 woken with none selected
04:29:50.448 [qtp961160488-22] DEBUG org.eclipse.jetty.io.ManagedSelector - Selector sun.nio.ch.EPollSelectorImpl@195030a5 woken up from select, 0/0/2 selected
04:29:50.448 [qtp961160488-22] DEBUG org.eclipse.jetty.io.ManagedSelector - Selector sun.nio.ch.EPollSelectorImpl@195030a5 processing 0 keys, 2 updates
04:29:50.448 [qtp961160488-19] DEBUG org.eclipse.jetty.io.ManagedSelector - Created SocketChannelEndPoint@765a4f8a{l=/127.0.0.1:44247,r=/127.0.0.1:42530,OPEN,fill=FI,flush=-,to=0/3000}{io=0/1,kio=0,kro=0}->HttpConnection@4dc46ffb[p=HttpParser{s=START,0 of -1},g=HttpGenerator@222dd8d2{s=START}]=>HttpChannelOverHttp@6bf41a96{s=HttpChannelState@13fc4c24{s=IDLE rs=BLOCKING os=OPEN is=IDLE awp=false se=false i=true al=0},r=0,c=false/false,a=IDLE,uri=null,age=0}
04:29:50.448 [qtp961160488-22] DEBUG org.eclipse.jetty.io.ManagedSelector - updateable 2
04:29:50.448 [qtp961160488-22] DEBUG org.eclipse.jetty.io.ManagedSelector - update org.eclipse.jetty.io.ManagedSelector$$Lambda$258/854397033@69c65fd6
04:29:50.448 [qtp961160488-22] DEBUG org.eclipse.jetty.io.ManagedSelector - update org.eclipse.jetty.io.ChannelEndPoint$$Lambda$255/1126011505@3d142beb
04:29:50.448 [qtp961160488-19] DEBUG org.eclipse.jetty.util.thread.QueuedThreadPool - ran Accept@5d55f60e[java.nio.channels.SocketChannel[connected local=/127.0.0.1:44247 remote=/127.0.0.1:42530]] in QueuedThreadPool[qtp961160488]@394a2528{STARTED,8<=8<=200,i=0,r=-1,q=0}[ReservedThreadExecutor@383bfa16{reserved=2/8,pending=0}]
04:29:50.448 [qtp961160488-22] DEBUG org.eclipse.jetty.io.ChannelEndPoint - Key interests updated 0 -> 1 on SocketChannelEndPoint@765a4f8a{l=/127.0.0.1:44247,r=/127.0.0.1:42530,OPEN,fill=FI,flush=-,to=0/3000}{io=1/1,kio=1,kro=0}->HttpConnection@4dc46ffb[p=HttpParser{s=START,0 of -1},g=HttpGenerator@222dd8d2{s=START}]=>HttpChannelOverHttp@6bf41a96{s=HttpChannelState@13fc4c24{s=IDLE rs=BLOCKING os=OPEN is=IDLE awp=false se=false i=true al=0},r=0,c=false/false,a=IDLE,uri=null,age=0}
04:29:50.448 [qtp961160488-22] DEBUG org.eclipse.jetty.io.ManagedSelector - updates 0
04:29:50.448 [qtp961160488-22] DEBUG org.eclipse.jetty.io.ManagedSelector - Selector sun.nio.ch.EPollSelectorImpl@195030a5 waiting with 2 keys
04:29:50.448 [qtp961160488-22] DEBUG org.eclipse.jetty.io.ManagedSelector - Selector sun.nio.ch.EPollSelectorImpl@195030a5 woken up from select, 1/1/2 selected
04:29:50.448 [qtp961160488-22] DEBUG org.eclipse.jetty.io.ManagedSelector - Selector sun.nio.ch.EPollSelectorImpl@195030a5 processing 1 keys, 0 updates
04:29:50.448 [qtp961160488-22] DEBUG org.eclipse.jetty.io.ManagedSelector - selected 1 sun.nio.ch.SelectionKeyImpl@5089d48 SocketChannelEndPoint@765a4f8a{l=/127.0.0.1:44247,r=/127.0.0.1:42530,OPEN,fill=FI,flush=-,to=0/3000}{io=1/1,kio=1,kro=1}->HttpConnection@4dc46ffb[p=HttpParser{s=START,0 of -1},g=HttpGenerator@222dd8d2{s=START}]=>HttpChannelOverHttp@6bf41a96{s=HttpChannelState@13fc4c24{s=IDLE rs=BLOCKING os=OPEN is=IDLE awp=false se=false i=true al=0},r=0,c=false/false,a=IDLE,uri=null,age=0} 
04:29:50.448 [qtp961160488-22] DEBUG org.eclipse.jetty.io.ChannelEndPoint - onSelected 1->0 r=true w=false for SocketChannelEndPoint@765a4f8a{l=/127.0.0.1:44247,r=/127.0.0.1:42530,OPEN,fill=FI,flush=-,to=0/3000}{io=1/0,kio=1,kro=1}->HttpConnection@4dc46ffb[p=HttpParser{s=START,0 of -1},g=HttpGenerator@222dd8d2{s=START}]=>HttpChannelOverHttp@6bf41a96{s=HttpChannelState@13fc4c24{s=IDLE rs=BLOCKING os=OPEN is=IDLE awp=false se=false i=true al=0},r=0,c=false/false,a=IDLE,uri=null,age=0}
04:29:50.448 [qtp961160488-22] DEBUG org.eclipse.jetty.io.ChannelEndPoint - task CEP:SocketChannelEndPoint@765a4f8a{l=/127.0.0.1:44247,r=/127.0.0.1:42530,OPEN,fill=FI,flush=-,to=0/3000}{io=1/0,kio=1,kro=1}->HttpConnection@4dc46ffb[p=HttpParser{s=START,0 of -1},g=HttpGenerator@222dd8d2{s=START}]=>HttpChannelOverHttp@6bf41a96{s=HttpChannelState@13fc4c24{s=IDLE rs=BLOCKING os=OPEN is=IDLE awp=false se=false i=true al=0},r=0,c=false/false,a=IDLE,uri=null,age=0}:runFillable:BLOCKING
04:29:50.448 [qtp961160488-22] DEBUG org.eclipse.jetty.util.thread.ReservedThreadExecutor - ReservedThreadExecutor@383bfa16{reserved=2/8,pending=0} tryExecute EatWhatYouKill@6404f418/SelectorProducer@3e11f9e9/PRODUCING/p=false/QueuedThreadPool[qtp961160488]@394a2528{STARTED,8<=8<=200,i=1,r=-1,q=0}[ReservedThreadExecutor@383bfa16{reserved=2/8,pending=0}][pc=0,pic=0,pec=0,epc=1]@2024-05-02T04:29:50.448+01:00
04:29:50.449 [qtp961160488-22] DEBUG org.eclipse.jetty.util.thread.strategy.EatWhatYouKill - EatWhatYouKill@6404f418/SelectorProducer@3e11f9e9/IDLE/p=true/QueuedThreadPool[qtp961160488]@394a2528{STARTED,8<=8<=200,i=1,r=-1,q=0}[ReservedThreadExecutor@383bfa16{reserved=1/8,pending=0}][pc=0,pic=0,pec=0,epc=1]@2024-05-02T04:29:50.449+01:00 m=EXECUTE_PRODUCE_CONSUME t=CEP:SocketChannelEndPoint@765a4f8a{l=/127.0.0.1:44247,r=/127.0.0.1:42530,OPEN,fill=FI,flush=-,to=1/3000}{io=1/0,kio=1,kro=1}->HttpConnection@4dc46ffb[p=HttpParser{s=START,0 of -1},g=HttpGenerator@222dd8d2{s=START}]=>HttpChannelOverHttp@6bf41a96{s=HttpChannelState@13fc4c24{s=IDLE rs=BLOCKING os=OPEN is=IDLE awp=false se=false i=true al=0},r=0,c=false/false,a=IDLE,uri=null,age=0}:runFillable:BLOCKING/BLOCKING
04:29:50.449 [qtp961160488-21] DEBUG org.eclipse.jetty.util.thread.ReservedThreadExecutor - ReservedThread@7f9d4abf{RESERVED,thread=Thread[qtp961160488-21,5,main]} task=EatWhatYouKill@6404f418/SelectorProducer@3e11f9e9/IDLE/p=true/QueuedThreadPool[qtp961160488]@394a2528{STARTED,8<=8<=200,i=1,r=-1,q=0}[ReservedThreadExecutor@383bfa16{reserved=1/8,pending=0}][pc=0,pic=0,pec=0,epc=1]@2024-05-02T04:29:50.449+01:00 ReservedThreadExecutor@383bfa16{reserved=1/8,pending=0}
04:29:50.449 [qtp961160488-22] DEBUG org.eclipse.jetty.io.FillInterest - fillable FillInterest@53c13ddf{AC.ReadCB@4dc46ffb{HttpConnection@4dc46ffb::SocketChannelEndPoint@765a4f8a{l=/127.0.0.1:44247,r=/127.0.0.1:42530,OPEN,fill=FI,flush=-,to=1/3000}{io=1/0,kio=1,kro=1}->HttpConnection@4dc46ffb[p=HttpParser{s=START,0 of -1},g=HttpGenerator@222dd8d2{s=START}]=>HttpChannelOverHttp@6bf41a96{s=HttpChannelState@13fc4c24{s=IDLE rs=BLOCKING os=OPEN is=IDLE awp=false se=false i=true al=0},r=0,c=false/false,a=IDLE,uri=null,age=0}}}
04:29:50.449 [qtp961160488-22] DEBUG org.eclipse.jetty.server.HttpConnection - HttpConnection@4dc46ffb::SocketChannelEndPoint@765a4f8a{l=/127.0.0.1:44247,r=/127.0.0.1:42530,OPEN,fill=-,flush=-,to=1/3000}{io=1/0,kio=1,kro=1}->HttpConnection@4dc46ffb[p=HttpParser{s=START,0 of -1},g=HttpGenerator@222dd8d2{s=START}]=>HttpChannelOverHttp@6bf41a96{s=HttpChannelState@13fc4c24{s=IDLE rs=BLOCKING os=OPEN is=IDLE awp=false se=false i=true al=0},r=0,c=false/false,a=IDLE,uri=null,age=0} onFillable enter HttpChannelState@13fc4c24{s=IDLE rs=BLOCKING os=OPEN is=IDLE awp=false se=false i=true al=0} null
04:29:50.449 [qtp961160488-21] DEBUG org.eclipse.jetty.util.thread.strategy.EatWhatYouKill - EatWhatYouKill@6404f418/SelectorProducer@3e11f9e9/IDLE/p=true/QueuedThreadPool[qtp961160488]@394a2528{STARTED,8<=8<=200,i=1,r=-1,q=0}[ReservedThreadExecutor@383bfa16{reserved=1/8,pending=0}][pc=0,pic=0,pec=0,epc=2]@2024-05-02T04:29:50.449+01:00 tryProduce true
04:29:50.449 [qtp961160488-22] DEBUG org.eclipse.jetty.io.ChannelEndPoint - filled 125 HeapByteBuffer@c9025a9[p=0,l=125,c=8192,r=125]={<<<GET /config.yml HTTP/1.1\r...gent: okhttp/3.12.3\r\n\r\n>>> 4\r\nServe...\x00\x00\x00\x00\x00\x00\x00}
04:29:50.449 [qtp961160488-21] DEBUG org.eclipse.jetty.io.ManagedSelector - updateable 0
04:29:50.449 [qtp961160488-21] DEBUG org.eclipse.jetty.io.ManagedSelector - updates 0
04:29:50.449 [qtp961160488-22] DEBUG org.eclipse.jetty.server.HttpConnection - HttpConnection@4dc46ffb::SocketChannelEndPoint@765a4f8a{l=/127.0.0.1:44247,r=/127.0.0.1:42530,OPEN,fill=-,flush=-,to=0/3000}{io=1/0,kio=1,kro=1}->HttpConnection@4dc46ffb[p=HttpParser{s=START,0 of -1},g=HttpGenerator@222dd8d2{s=START}]=>HttpChannelOverHttp@6bf41a96{s=HttpChannelState@13fc4c24{s=IDLE rs=BLOCKING os=OPEN is=IDLE awp=false se=false i=true al=0},r=0,c=false/false,a=IDLE,uri=null,age=0} filled 125 HeapByteBuffer@c9025a9[p=0,l=125,c=8192,r=125]={<<<GET /config.yml HTTP/1.1\r...gent: okhttp/3.12.3\r\n\r\n>>> 4\r\nServe...\x00\x00\x00\x00\x00\x00\x00}
04:29:50.449 [qtp961160488-21] DEBUG org.eclipse.jetty.io.ChannelEndPoint - Key interests updated 1 -> 0 on SocketChannelEndPoint@765a4f8a{l=/127.0.0.1:44247,r=/127.0.0.1:42530,OPEN,fill=-,flush=-,to=0/3000}{io=0/0,kio=0,kro=1}->HttpConnection@4dc46ffb[p=HttpParser{s=START,0 of -1},g=HttpGenerator@222dd8d2{s=START}]=>HttpChannelOverHttp@6bf41a96{s=HttpChannelState@13fc4c24{s=IDLE rs=BLOCKING os=OPEN is=IDLE awp=false se=false i=true al=0},r=0,c=false/false,a=IDLE,uri=null,age=0}
04:29:50.449 [qtp961160488-22] DEBUG org.eclipse.jetty.server.HttpConnection - HttpConnection@4dc46ffb::SocketChannelEndPoint@765a4f8a{l=/127.0.0.1:44247,r=/127.0.0.1:42530,OPEN,fill=-,flush=-,to=0/3000}{io=0/0,kio=0,kro=1}->HttpConnection@4dc46ffb[p=HttpParser{s=START,0 of -1},g=HttpGenerator@222dd8d2{s=START}]=>HttpChannelOverHttp@6bf41a96{s=HttpChannelState@13fc4c24{s=IDLE rs=BLOCKING os=OPEN is=IDLE awp=false se=false i=true al=0},r=0,c=false/false,a=IDLE,uri=null,age=0} parse HeapByteBuffer@c9025a9[p=0,l=125,c=8192,r=125]={<<<GET /config.yml HTTP/1.1\r...gent: okhttp/3.12.3\r\n\r\n>>> 4\r\nServe...\x00\x00\x00\x00\x00\x00\x00} {}
04:29:50.449 [qtp961160488-21] DEBUG org.eclipse.jetty.io.ManagedSelector - Selector sun.nio.ch.EPollSelectorImpl@195030a5 waiting with 2 keys
04:29:50.449 [qtp961160488-22] DEBUG org.eclipse.jetty.http.HttpParser - parseNext s=START HeapByteBuffer@c9025a9[p=0,l=125,c=8192,r=125]={<<<GET /config.yml HTTP/1.1\r...gent: okhttp/3.12.3\r\n\r\n>>> 4\r\nServe...\x00\x00\x00\x00\x00\x00\x00}
04:29:50.449 [qtp961160488-22] DEBUG org.eclipse.jetty.http.HttpParser - START --> SPACE1
04:29:50.449 [qtp961160488-22] DEBUG org.eclipse.jetty.http.HttpParser - SPACE1 --> URI
04:29:50.449 [qtp961160488-22] DEBUG org.eclipse.jetty.http.HttpParser - URI --> SPACE2
04:29:50.449 [qtp961160488-22] DEBUG org.eclipse.jetty.http.HttpParser - SPACE2 --> REQUEST_VERSION
04:29:50.449 [qtp961160488-22] DEBUG org.eclipse.jetty.http.HttpParser - REQUEST_VERSION --> HEADER
04:29:50.449 [qtp961160488-22] DEBUG org.eclipse.jetty.http.HttpParser - HEADER:Host --> VALUE
04:29:50.449 [qtp961160488-22] DEBUG org.eclipse.jetty.http.HttpParser - HEADER:Host --> IN_VALUE
04:29:50.449 [qtp961160488-22] DEBUG org.eclipse.jetty.http.HttpParser - HEADER:Host --> FIELD
04:29:50.449 [qtp961160488-22] DEBUG org.eclipse.jetty.http.HttpParser - HEADER:Connection: keep-alive --> IN_VALUE
04:29:50.449 [qtp961160488-22] DEBUG org.eclipse.jetty.http.HttpParser - HEADER:Connection: keep-alive --> FIELD
04:29:50.449 [qtp961160488-22] DEBUG org.eclipse.jetty.http.HttpParser - HEADER:Accept-Encoding: gzip --> IN_VALUE
04:29:50.449 [qtp961160488-22] DEBUG org.eclipse.jetty.http.HttpParser - HEADER:Accept-Encoding: gzip --> FIELD
04:29:50.449 [qtp961160488-22] DEBUG org.eclipse.jetty.http.HttpParser - HEADER:User-Agent --> VALUE
04:29:50.449 [qtp961160488-22] DEBUG org.eclipse.jetty.http.HttpParser - HEADER:User-Agent --> IN_VALUE
04:29:50.449 [qtp961160488-22] DEBUG org.eclipse.jetty.http.HttpParser - HEADER:User-Agent --> FIELD
04:29:50.449 [qtp961160488-22] DEBUG org.eclipse.jetty.http.HttpParser - HEADER --> CONTENT
04:29:50.449 [qtp961160488-22] DEBUG org.eclipse.jetty.server.HttpChannel - REQUEST for //localhost:44247/config.yml on HttpChannelOverHttp@6bf41a96{s=HttpChannelState@13fc4c24{s=IDLE rs=BLOCKING os=OPEN is=IDLE awp=false se=false i=true al=0},r=1,c=false/false,a=IDLE,uri=//localhost:44247/config.yml,age=0}
GET //localhost:44247/config.yml HTTP/1.1
Host: localhost:44247
Connection: keep-alive
Accept-Encoding: gzip
User-Agent: okhttp/3.12.3


04:29:50.450 [qtp961160488-22] DEBUG org.eclipse.jetty.server.HttpConnection - HttpConnection@4dc46ffb::SocketChannelEndPoint@765a4f8a{l=/127.0.0.1:44247,r=/127.0.0.1:42530,OPEN,fill=-,flush=-,to=0/3000}{io=0/0,kio=0,kro=1}->HttpConnection@4dc46ffb[p=HttpParser{s=CONTENT,0 of -1},g=HttpGenerator@222dd8d2{s=START}]=>HttpChannelOverHttp@6bf41a96{s=HttpChannelState@13fc4c24{s=IDLE rs=BLOCKING os=OPEN is=IDLE awp=false se=false i=true al=0},r=1,c=false/false,a=IDLE,uri=//localhost:44247/config.yml,age=0} parsed true HttpParser{s=CONTENT,0 of -1}
04:29:50.450 [qtp961160488-22] DEBUG org.eclipse.jetty.server.HttpConnection - releaseRequestBuffer HttpConnection@4dc46ffb::SocketChannelEndPoint@765a4f8a{l=/127.0.0.1:44247,r=/127.0.0.1:42530,OPEN,fill=-,flush=-,to=0/3000}{io=0/0,kio=0,kro=1}->HttpConnection@4dc46ffb[p=HttpParser{s=CONTENT,0 of -1},g=HttpGenerator@222dd8d2{s=START}]=>HttpChannelOverHttp@6bf41a96{s=HttpChannelState@13fc4c24{s=IDLE rs=BLOCKING os=OPEN is=IDLE awp=false se=false i=true al=0},r=1,c=false/false,a=IDLE,uri=//localhost:44247/config.yml,age=1}
04:29:50.450 [qtp961160488-22] DEBUG org.eclipse.jetty.server.HttpChannel - handle //localhost:44247/config.yml HttpChannelOverHttp@6bf41a96{s=HttpChannelState@13fc4c24{s=IDLE rs=BLOCKING os=OPEN is=IDLE awp=false se=false i=true al=0},r=1,c=false/false,a=IDLE,uri=//localhost:44247/config.yml,age=1} 
04:29:50.450 [qtp961160488-22] DEBUG org.eclipse.jetty.server.HttpChannelState - handling HttpChannelState@13fc4c24{s=IDLE rs=BLOCKING os=OPEN is=IDLE awp=false se=false i=true al=0}
04:29:50.450 [qtp961160488-22] DEBUG org.eclipse.jetty.server.HttpChannel - action DISPATCH HttpChannelOverHttp@6bf41a96{s=HttpChannelState@13fc4c24{s=HANDLING rs=BLOCKING os=OPEN is=IDLE awp=false se=false i=true al=0},r=1,c=false/false,a=HANDLING,uri=//localhost:44247/config.yml,age=1}
04:29:50.450 [qtp961160488-22] DEBUG org.eclipse.jetty.server.Server - REQUEST GET /config.yml on HttpChannelOverHttp@6bf41a96{s=HttpChannelState@13fc4c24{s=HANDLING rs=BLOCKING os=OPEN is=IDLE awp=false se=false i=true al=0},r=1,c=false/false,a=HANDLING,uri=//localhost:44247/config.yml,age=1}
04:29:50.450 [qtp961160488-22] DEBUG org.eclipse.jetty.server.HttpOutput - write(array HeapByteBuffer@f04ccea[p=0,l=4,c=512,r=4]={<<<path>>>\x00\x00\x00\x00\x00\x00\x00\x00\x00...\x00\x00\x00\x00\x00\x00\x00})
04:29:50.450 [qtp961160488-22] DEBUG org.eclipse.jetty.server.HttpOutput - write(array) s=CLOSING,api=BLOCKED,sc=false,e=null last=true agg=false flush=true async=false, len=4 null
04:29:50.450 [qtp961160488-22] DEBUG org.eclipse.jetty.server.HttpChannel - sendResponse info=null content=HeapByteBuffer@1063970f[p=0,l=4,c=512,r=4]={<<<path>>>\x00\x00\x00\x00\x00\x00\x00\x00\x00...\x00\x00\x00\x00\x00\x00\x00} complete=true committing=true callback=Blocker@47921074{null}
04:29:50.450 [qtp961160488-22] DEBUG org.eclipse.jetty.server.HttpChannel - COMMIT for /config.yml on HttpChannelOverHttp@6bf41a96{s=HttpChannelState@13fc4c24{s=HANDLING rs=BLOCKING os=COMMITTED is=IDLE awp=false se=false i=true al=0},r=1,c=false/false,a=HANDLING,uri=//localhost:44247/config.yml,age=1}
200 null HTTP/1.1
Date: Thu, 02 May 2024 03:29:50 GMT
ETag: testEtag
Content-Type: text/plain;charset=utf-8
Content-Length: 4


04:29:50.450 [qtp961160488-22] DEBUG org.eclipse.jetty.server.HttpConnection - generate: NEED_HEADER for SendCallback@6312713[PROCESSING][i=HTTP/1.1{s=200,h=4,cl=4},cb=org.eclipse.jetty.server.HttpChannel$SendCallback@2ffbd8a3] (null,[p=0,l=4,c=512,r=4],true)@START
04:29:50.450 [qtp961160488-22] DEBUG org.eclipse.jetty.http.HttpGenerator - generateHeaders HTTP/1.1{s=200,h=4,cl=4} last=true content=HeapByteBuffer@1063970f[p=0,l=4,c=512,r=4]={<<<path>>>\x00\x00\x00\x00\x00\x00\x00\x00\x00...\x00\x00\x00\x00\x00\x00\x00}
04:29:50.450 [qtp961160488-22] DEBUG org.eclipse.jetty.http.HttpGenerator - Date: Thu, 02 May 2024 03:29:50 GMT
ETag: testEtag
Content-Type: text/plain;charset=utf-8
Content-Length: 4


04:29:50.450 [qtp961160488-22] DEBUG org.eclipse.jetty.http.HttpGenerator - CONTENT_LENGTH
04:29:50.450 [qtp961160488-22] DEBUG org.eclipse.jetty.server.HttpConnection - generate: FLUSH for SendCallback@6312713[PROCESSING][i=HTTP/1.1{s=200,h=4,cl=4},cb=org.eclipse.jetty.server.HttpChannel$SendCallback@2ffbd8a3] ([p=0,l=164,c=8192,r=164],[p=0,l=4,c=512,r=4],true)@COMPLETING
04:29:50.450 [qtp961160488-22] DEBUG org.eclipse.jetty.io.WriteFlusher - write: WriteFlusher@232cf9bc{IDLE}->null [HeapByteBuffer@c9025a9[p=0,l=164,c=8192,r=164]={<<<HTTP/1.1 200 OK\r\nDate: Th...y(9.4.44.v20210927)\r\n\r\n>>>\n\r\n\x00\x00\x00\x00\x00\x00...\x00\x00\x00\x00\x00\x00\x00},HeapByteBuffer@1063970f[p=0,l=4,c=512,r=4]={<<<path>>>\x00\x00\x00\x00\x00\x00\x00\x00\x00...\x00\x00\x00\x00\x00\x00\x00}]
04:29:50.450 [qtp961160488-22] DEBUG org.eclipse.jetty.io.WriteFlusher - update WriteFlusher@232cf9bc{WRITING}->null:IDLE-->WRITING
04:29:50.450 [qtp961160488-22] DEBUG org.eclipse.jetty.io.ChannelEndPoint - flushed 168 SocketChannelEndPoint@765a4f8a{l=/127.0.0.1:44247,r=/127.0.0.1:42530,OPEN,fill=-,flush=W,to=1/3000}{io=0/0,kio=0,kro=1}->HttpConnection@4dc46ffb[p=HttpParser{s=CONTENT,0 of -1},g=HttpGenerator@222dd8d2{s=COMPLETING}]=>HttpChannelOverHttp@6bf41a96{s=HttpChannelState@13fc4c24{s=HANDLING rs=BLOCKING os=COMMITTED is=IDLE awp=false se=false i=true al=0},r=1,c=false/false,a=HANDLING,uri=//localhost:44247/config.yml,age=1}
04:29:50.450 [main] DEBUG org.apache.nifi.minifi.bootstrap.configuration.ingestors.PullHttpChangeIngestor - Response received: Response{protocol=http/1.1, code=200, message=OK, url=http://localhost:44247/config.yml}
04:29:50.450 [qtp961160488-22] DEBUG org.eclipse.jetty.io.WriteFlusher - Flushed=true written=168 remaining=0 WriteFlusher@232cf9bc{WRITING}->null
04:29:50.450 [qtp961160488-22] DEBUG org.eclipse.jetty.io.WriteFlusher - update WriteFlusher@232cf9bc{IDLE}->null:WRITING-->IDLE
04:29:50.450 [qtp961160488-22] DEBUG org.eclipse.jetty.server.HttpConnection - generate: DONE for SendCallback@6312713[PROCESSING][i=HTTP/1.1{s=200,h=4,cl=4},cb=org.eclipse.jetty.server.HttpChannel$SendCallback@2ffbd8a3] ([p=164,l=164,c=8192,r=0],[p=4,l=4,c=512,r=0],true)@END
04:29:50.450 [qtp961160488-22] DEBUG org.eclipse.jetty.server.HttpOutput - onWriteComplete(true,null) s=CLOSING,api=BLOCKED,sc=false,e=null->s=CLOSED,api=BLOCKING,sc=false,e=null c=null cb=null w=false
04:29:50.450 [main] DEBUG org.apache.nifi.minifi.bootstrap.configuration.ingestors.PullHttpChangeIngestor - Pulled config same as currently running.
04:29:50.450 [qtp961160488-22] DEBUG org.eclipse.jetty.server.HttpOutput - close() s=CLOSED,api=BLOCKING,sc=false,e=null c=null b=null
04:29:50.451 [qtp961160488-22] DEBUG org.eclipse.jetty.server.Server - handled=true async=false committed=true on HttpChannelOverHttp@6bf41a96{s=HttpChannelState@13fc4c24{s=HANDLING rs=BLOCKING os=COMPLETED is=IDLE awp=false se=false i=true al=0},r=1,c=false/true,a=HANDLING,uri=//localhost:44247/config.yml,age=2}
04:29:50.451 [qtp961160488-22] DEBUG org.eclipse.jetty.server.HttpChannelState - unhandle HttpChannelState@13fc4c24{s=HANDLING rs=BLOCKING os=COMPLETED is=IDLE awp=false se=false i=true al=0}
04:29:50.451 [qtp961160488-22] DEBUG org.eclipse.jetty.server.HttpChannelState - nextAction(false) COMPLETE HttpChannelState@13fc4c24{s=HANDLING rs=COMPLETING os=COMPLETED is=IDLE awp=false se=false i=false al=0}
04:29:50.451 [qtp961160488-22] DEBUG org.eclipse.jetty.server.HttpChannel - action COMPLETE HttpChannelOverHttp@6bf41a96{s=HttpChannelState@13fc4c24{s=HANDLING rs=COMPLETING os=COMPLETED is=IDLE awp=false se=false i=false al=0},r=1,c=false/true,a=HANDLING,uri=//localhost:44247/config.yml,age=2}
04:29:50.451 [qtp961160488-22] DEBUG org.eclipse.jetty.server.HttpOutput - complete(org.eclipse.jetty.util.Callback$3@74ea4c1d) s=CLOSED,api=BLOCKING,sc=false,e=null s=true e=null, c=null
04:29:50.451 [qtp961160488-22] DEBUG org.eclipse.jetty.server.HttpChannelState - completed HttpChannelState@13fc4c24{s=HANDLING rs=COMPLETING os=COMPLETED is=IDLE awp=false se=false i=false al=0}
]]></system-out>
  </testcase>
</testsuite>