<?xml version="1.0" encoding="UTF-8"?>
<testsuite xmlns:xsi="http://www.w3.org/2001/XMLSchema-instance" xsi:noNamespaceSchemaLocation="https://maven.apache.org/surefire/maven-surefire-plugin/xsd/surefire-test-report-3.0.xsd" version="3.0" name="org.apache.nifi.processors.hive.TestSelectHiveQL" time="3.568" tests="19" errors="0" skipped="0" failures="0">
  <properties>
    <property name="sun.desktop" value="gnome"/>
    <property name="awt.toolkit" value="sun.awt.X11.XToolkit"/>
    <property name="file.encoding.pkg" value="sun.io"/>
    <property name="java.specification.version" value="1.8"/>
    <property name="sun.cpu.isalist" value=""/>
    <property name="sun.jnu.encoding" value="UTF-8"/>
    <property name="java.class.path" value="/home/alex/Repositories/nifi/nifi-nar-bundles/nifi-hive-bundle/nifi-hive-processors/target/test-classes:/home/alex/Repositories/nifi/nifi-nar-bundles/nifi-hive-bundle/nifi-hive-processors/target/classes:/home/alex/Repositories/nifi/nifi-api/target/classes:/home/alex/Repositories/nifi/nifi-nar-bundles/nifi-extension-utils/nifi-processor-utils/target/classes:/home/alex/Repositories/nifi/nifi-commons/nifi-utils/target/classes:/home/alex/Repositories/nifi/nifi-commons/nifi-security-socket-ssl/target/classes:/home/alex/.m2/repository/commons-io/commons-io/2.10.0/commons-io-2.10.0.jar:/home/alex/.m2/repository/org/apache/commons/commons-lang3/3.11/commons-lang3-3.11.jar:/home/alex/.m2/repository/com/fasterxml/jackson/core/jackson-databind/2.12.3/jackson-databind-2.12.3.jar:/home/alex/.m2/repository/com/fasterxml/jackson/core/jackson-annotations/2.12.3/jackson-annotations-2.12.3.jar:/home/alex/.m2/repository/com/fasterxml/jackson/core/jackson-core/2.12.3/jackson-core-2.12.3.jar:/home/alex/Repositories/nifi/nifi-nar-bundles/nifi-standard-services/nifi-record-serialization-service-api/target/classes:/home/alex/Repositories/nifi/nifi-commons/nifi-record/target/classes:/home/alex/Repositories/nifi/nifi-nar-bundles/nifi-extension-utils/nifi-event-transport/target/classes:/home/alex/.m2/repository/io/netty/netty-handler/4.1.69.Final/netty-handler-4.1.69.Final.jar:/home/alex/.m2/repository/io/netty/netty-common/4.1.69.Final/netty-common-4.1.69.Final.jar:/home/alex/.m2/repository/io/netty/netty-resolver/4.1.69.Final/netty-resolver-4.1.69.Final.jar:/home/alex/.m2/repository/io/netty/netty-buffer/4.1.69.Final/netty-buffer-4.1.69.Final.jar:/home/alex/.m2/repository/io/netty/netty-transport/4.1.69.Final/netty-transport-4.1.69.Final.jar:/home/alex/.m2/repository/io/netty/netty-codec/4.1.69.Final/netty-codec-4.1.69.Final.jar:/home/alex/Repositories/nifi/nifi-commons/nifi-security-kerberos/target/classes:/home/alex/Repositories/nifi/nifi-commons/nifi-security-kerberos-api/target/classes:/home/alex/Repositories/nifi/nifi-nar-bundles/nifi-standard-services/nifi-dbcp-service-api/target/classes:/home/alex/Repositories/nifi/nifi-nar-bundles/nifi-hive-bundle/nifi-hive-services-api/target/classes:/home/alex/Repositories/nifi/nifi-nar-bundles/nifi-standard-services/nifi-kerberos-credentials-service-api/target/classes:/home/alex/.m2/repository/org/apache/hive/hive-jdbc/1.2.1/hive-jdbc-1.2.1.jar:/home/alex/.m2/repository/org/apache/hive/hive-common/1.2.1/hive-common-1.2.1.jar:/home/alex/.m2/repository/commons-cli/commons-cli/1.2/commons-cli-1.2.jar:/home/alex/.m2/repository/commons-lang/commons-lang/2.6/commons-lang-2.6.jar:/home/alex/.m2/repository/joda-time/joda-time/2.5/joda-time-2.5.jar:/home/alex/.m2/repository/org/apache/commons/commons-compress/1.21/commons-compress-1.21.jar:/home/alex/.m2/repository/org/apache/ant/ant/1.9.1/ant-1.9.1.jar:/home/alex/.m2/repository/org/apache/ant/ant-launcher/1.9.1/ant-launcher-1.9.1.jar:/home/alex/.m2/repository/org/apache/hive/hive-service/1.2.1/hive-service-1.2.1.jar:/home/alex/.m2/repository/commons-codec/commons-codec/1.4/commons-codec-1.4.jar:/home/alex/.m2/repository/net/sf/jpam/jpam/1.1/jpam-1.1.jar:/home/alex/.m2/repository/org/eclipse/jetty/aggregate/jetty-all/7.6.0.v20120127/jetty-all-7.6.0.v20120127.jar:/home/alex/.m2/repository/javax/servlet/servlet-api/2.5/servlet-api-2.5.jar:/home/alex/.m2/repository/org/apache/geronimo/specs/geronimo-jta_1.1_spec/1.1.1/geronimo-jta_1.1_spec-1.1.1.jar:/home/alex/.m2/repository/javax/mail/mail/1.4.1/mail-1.4.1.jar:/home/alex/.m2/repository/javax/activation/activation/1.1/activation-1.1.jar:/home/alex/.m2/repository/org/apache/geronimo/specs/geronimo-jaspic_1.0_spec/1.0/geronimo-jaspic_1.0_spec-1.0.jar:/home/alex/.m2/repository/org/apache/geronimo/specs/geronimo-annotation_1.0_spec/1.1.1/geronimo-annotation_1.0_spec-1.1.1.jar:/home/alex/.m2/repository/asm/asm-commons/3.1/asm-commons-3.1.jar:/home/alex/.m2/repository/asm/asm-tree/3.1/asm-tree-3.1.jar:/home/alex/.m2/repository/asm/asm/3.1/asm-3.1.jar:/home/alex/.m2/repository/org/apache/thrift/libfb303/0.9.2/libfb303-0.9.2.jar:/home/alex/.m2/repository/org/apache/curator/curator-recipes/2.6.0/curator-recipes-2.6.0.jar:/home/alex/.m2/repository/org/apache/hive/hive-serde/1.2.1/hive-serde-1.2.1.jar:/home/alex/.m2/repository/com/google/code/findbugs/jsr305/3.0.0/jsr305-3.0.0.jar:/home/alex/.m2/repository/org/apache/avro/avro/1.7.5/avro-1.7.5.jar:/home/alex/.m2/repository/com/thoughtworks/paranamer/paranamer/2.3/paranamer-2.3.jar:/home/alex/.m2/repository/org/xerial/snappy/snappy-java/1.0.5/snappy-java-1.0.5.jar:/home/alex/.m2/repository/net/sf/opencsv/opencsv/2.3/opencsv-2.3.jar:/home/alex/.m2/repository/com/twitter/parquet-hadoop-bundle/1.6.0/parquet-hadoop-bundle-1.6.0.jar:/home/alex/.m2/repository/org/apache/hive/hive-metastore/1.2.1/hive-metastore-1.2.1.jar:/home/alex/.m2/repository/com/jolbox/bonecp/0.8.0.RELEASE/bonecp-0.8.0.RELEASE.jar:/home/alex/.m2/repository/org/apache/derby/derby/10.14.2.0/derby-10.14.2.0.jar:/home/alex/.m2/repository/org/datanucleus/datanucleus-api-jdo/3.2.6/datanucleus-api-jdo-3.2.6.jar:/home/alex/.m2/repository/org/datanucleus/datanucleus-core/3.2.10/datanucleus-core-3.2.10.jar:/home/alex/.m2/repository/org/datanucleus/datanucleus-rdbms/3.2.9/datanucleus-rdbms-3.2.9.jar:/home/alex/.m2/repository/commons-pool/commons-pool/1.5.4/commons-pool-1.5.4.jar:/home/alex/.m2/repository/commons-dbcp/commons-dbcp/1.4/commons-dbcp-1.4.jar:/home/alex/.m2/repository/javax/jdo/jdo-api/3.0.1/jdo-api-3.0.1.jar:/home/alex/.m2/repository/javax/transaction/jta/1.1/jta-1.1.jar:/home/alex/.m2/repository/org/antlr/antlr-runtime/3.4/antlr-runtime-3.4.jar:/home/alex/.m2/repository/org/antlr/stringtemplate/3.2.1/stringtemplate-3.2.1.jar:/home/alex/.m2/repository/antlr/antlr/2.7.7/antlr-2.7.7.jar:/home/alex/.m2/repository/org/apache/hive/hive-shims/1.2.1/hive-shims-1.2.1.jar:/home/alex/.m2/repository/org/apache/hive/shims/hive-shims-common/1.2.1/hive-shims-common-1.2.1.jar:/home/alex/.m2/repository/org/apache/hive/shims/hive-shims-0.20S/1.2.1/hive-shims-0.20S-1.2.1.jar:/home/alex/.m2/repository/org/apache/hive/shims/hive-shims-0.23/1.2.1/hive-shims-0.23-1.2.1.jar:/home/alex/.m2/repository/org/apache/hadoop/hadoop-yarn-server-resourcemanager/2.6.0/hadoop-yarn-server-resourcemanager-2.6.0.jar:/home/alex/.m2/repository/com/google/inject/extensions/guice-servlet/3.0/guice-servlet-3.0.jar:/home/alex/.m2/repository/com/google/inject/guice/3.0/guice-3.0.jar:/home/alex/.m2/repository/javax/inject/javax.inject/1/javax.inject-1.jar:/home/alex/.m2/repository/aopalliance/aopalliance/1.0/aopalliance-1.0.jar:/home/alex/.m2/repository/com/sun/jersey/jersey-json/1.9/jersey-json-1.9.jar:/home/alex/.m2/repository/com/sun/xml/bind/jaxb-impl/2.2.3-1/jaxb-impl-2.2.3-1.jar:/home/alex/.m2/repository/com/sun/jersey/contribs/jersey-guice/1.9/jersey-guice-1.9.jar:/home/alex/.m2/repository/com/sun/jersey/jersey-server/1.9/jersey-server-1.9.jar:/home/alex/.m2/repository/org/codehaus/jettison/jettison/1.1/jettison-1.1.jar:/home/alex/.m2/repository/org/apache/hadoop/hadoop-yarn-server-applicationhistoryservice/2.6.0/hadoop-yarn-server-applicationhistoryservice-2.6.0.jar:/home/alex/.m2/repository/org/apache/hadoop/hadoop-yarn-server-web-proxy/2.6.0/hadoop-yarn-server-web-proxy-2.6.0.jar:/home/alex/.m2/repository/org/mortbay/jetty/jetty/6.1.26/jetty-6.1.26.jar:/home/alex/.m2/repository/org/apache/hive/shims/hive-shims-scheduler/1.2.1/hive-shims-scheduler-1.2.1.jar:/home/alex/.m2/repository/commons-logging/commons-logging/1.1.3/commons-logging-1.1.3.jar:/home/alex/.m2/repository/org/apache/httpcomponents/httpclient/4.4/httpclient-4.4.jar:/home/alex/.m2/repository/org/apache/httpcomponents/httpcore/4.4/httpcore-4.4.jar:/home/alex/.m2/repository/org/apache/thrift/libthrift/0.9.2/libthrift-0.9.2.jar:/home/alex/.m2/repository/org/apache/zookeeper/zookeeper/3.4.14/zookeeper-3.4.14.jar:/home/alex/.m2/repository/com/github/spotbugs/spotbugs-annotations/3.1.9/spotbugs-annotations-3.1.9.jar:/home/alex/.m2/repository/jline/jline/0.9.94/jline-0.9.94.jar:/home/alex/.m2/repository/org/apache/yetus/audience-annotations/0.5.0/audience-annotations-0.5.0.jar:/home/alex/.m2/repository/io/netty/netty/3.10.6.Final/netty-3.10.6.Final.jar:/home/alex/.m2/repository/org/apache/curator/curator-framework/2.6.0/curator-framework-2.6.0.jar:/home/alex/.m2/repository/org/apache/curator/curator-client/2.6.0/curator-client-2.6.0.jar:/home/alex/.m2/repository/org/slf4j/slf4j-api/1.7.32/slf4j-api-1.7.32.jar:/home/alex/.m2/repository/org/apache/hive/hcatalog/hive-hcatalog-streaming/1.2.1/hive-hcatalog-streaming-1.2.1.jar:/home/alex/.m2/repository/org/apache/hive/hive-exec/1.2.1/hive-exec-1.2.1.jar:/home/alex/.m2/repository/org/apache/hive/hive-ant/1.2.1/hive-ant-1.2.1.jar:/home/alex/.m2/repository/org/apache/velocity/velocity/1.5/velocity-1.5.jar:/home/alex/.m2/repository/oro/oro/2.0.8/oro-2.0.8.jar:/home/alex/.m2/repository/commons-httpclient/commons-httpclient/3.0.1/commons-httpclient-3.0.1.jar:/home/alex/.m2/repository/org/antlr/ST4/4.0.4/ST4-4.0.4.jar:/home/alex/.m2/repository/org/apache/ivy/ivy/2.4.0/ivy-2.4.0.jar:/home/alex/.m2/repository/org/apache/calcite/calcite-core/1.27.0/calcite-core-1.27.0.jar:/home/alex/.m2/repository/org/apache/calcite/calcite-linq4j/1.27.0/calcite-linq4j-1.27.0.jar:/home/alex/.m2/repository/com/esri/geometry/esri-geometry-api/2.2.0/esri-geometry-api-2.2.0.jar:/home/alex/.m2/repository/com/google/errorprone/error_prone_annotations/2.5.1/error_prone_annotations-2.5.1.jar:/home/alex/.m2/repository/org/apache/calcite/avatica/avatica-core/1.18.0/avatica-core-1.18.0.jar:/home/alex/.m2/repository/org/apache/calcite/avatica/avatica-metrics/1.18.0/avatica-metrics-1.18.0.jar:/home/alex/.m2/repository/org/checkerframework/checker-qual/3.10.0/checker-qual-3.10.0.jar:/home/alex/.m2/repository/com/fasterxml/jackson/dataformat/jackson-dataformat-yaml/2.10.0/jackson-dataformat-yaml-2.10.0.jar:/home/alex/.m2/repository/org/yaml/snakeyaml/1.29/snakeyaml-1.29.jar:/home/alex/.m2/repository/com/google/uzaygezen/uzaygezen-core/0.2/uzaygezen-core-0.2.jar:/home/alex/.m2/repository/com/yahoo/datasketches/sketches-core/0.9.0/sketches-core-0.9.0.jar:/home/alex/.m2/repository/com/yahoo/datasketches/memory/0.9.0/memory-0.9.0.jar:/home/alex/.m2/repository/net/hydromatic/aggdesigner-algorithm/6.0/aggdesigner-algorithm-6.0.jar:/home/alex/.m2/repository/org/codehaus/janino/commons-compiler/3.0.11/commons-compiler-3.0.11.jar:/home/alex/.m2/repository/org/codehaus/janino/janino/3.0.11/janino-3.0.11.jar:/home/alex/.m2/repository/org/apache/calcite/calcite-avatica/1.6.0/calcite-avatica-1.6.0.jar:/home/alex/.m2/repository/stax/stax-api/1.0.1/stax-api-1.0.1.jar:/home/alex/.m2/repository/org/apache/hive/hive-cli/1.2.1/hive-cli-1.2.1.jar:/home/alex/.m2/repository/org/codehaus/groovy/groovy-all/2.4.21/groovy-all-2.4.21.jar:/home/alex/.m2/repository/org/apache/hive/hcatalog/hive-hcatalog-core/1.2.1/hive-hcatalog-core-1.2.1.jar:/home/alex/.m2/repository/com/google/guava/guava/14.0.1/guava-14.0.1.jar:/home/alex/.m2/repository/org/codehaus/jackson/jackson-mapper-asl/1.9.2/jackson-mapper-asl-1.9.2.jar:/home/alex/.m2/repository/org/codehaus/jackson/jackson-core-asl/1.9.2/jackson-core-asl-1.9.2.jar:/home/alex/.m2/repository/org/apache/hadoop/hadoop-client/2.6.2/hadoop-client-2.6.2.jar:/home/alex/.m2/repository/org/apache/hadoop/hadoop-common/2.6.2/hadoop-common-2.6.2.jar:/home/alex/.m2/repository/org/apache/commons/commons-math3/3.1.1/commons-math3-3.1.1.jar:/home/alex/.m2/repository/xmlenc/xmlenc/0.52/xmlenc-0.52.jar:/home/alex/.m2/repository/commons-net/commons-net/3.1/commons-net-3.1.jar:/home/alex/.m2/repository/commons-collections/commons-collections/3.2.1/commons-collections-3.2.1.jar:/home/alex/.m2/repository/commons-configuration/commons-configuration/1.6/commons-configuration-1.6.jar:/home/alex/.m2/repository/commons-digester/commons-digester/1.8/commons-digester-1.8.jar:/home/alex/.m2/repository/commons-beanutils/commons-beanutils/1.9.4/commons-beanutils-1.9.4.jar:/home/alex/.m2/repository/commons-beanutils/commons-beanutils-core/1.8.0/commons-beanutils-core-1.8.0.jar:/home/alex/.m2/repository/com/google/protobuf/protobuf-java/2.5.0/protobuf-java-2.5.0.jar:/home/alex/.m2/repository/com/google/code/gson/gson/2.2.4/gson-2.2.4.jar:/home/alex/.m2/repository/org/apache/hadoop/hadoop-auth/2.6.2/hadoop-auth-2.6.2.jar:/home/alex/.m2/repository/org/apache/directory/server/apacheds-kerberos-codec/2.0.0-M15/apacheds-kerberos-codec-2.0.0-M15.jar:/home/alex/.m2/repository/org/apache/directory/server/apacheds-i18n/2.0.0-M15/apacheds-i18n-2.0.0-M15.jar:/home/alex/.m2/repository/org/apache/directory/api/api-asn1-api/1.0.0-M20/api-asn1-api-1.0.0-M20.jar:/home/alex/.m2/repository/org/apache/directory/api/api-util/1.0.0-M20/api-util-1.0.0-M20.jar:/home/alex/.m2/repository/org/htrace/htrace-core/3.0.4/htrace-core-3.0.4.jar:/home/alex/.m2/repository/org/apache/hadoop/hadoop-hdfs/2.6.2/hadoop-hdfs-2.6.2.jar:/home/alex/.m2/repository/org/mortbay/jetty/jetty-util/6.1.26/jetty-util-6.1.26.jar:/home/alex/.m2/repository/xerces/xercesImpl/2.9.1/xercesImpl-2.9.1.jar:/home/alex/.m2/repository/xml-apis/xml-apis/1.3.04/xml-apis-1.3.04.jar:/home/alex/.m2/repository/org/apache/hadoop/hadoop-mapreduce-client-app/2.6.2/hadoop-mapreduce-client-app-2.6.2.jar:/home/alex/.m2/repository/org/apache/hadoop/hadoop-mapreduce-client-common/2.6.2/hadoop-mapreduce-client-common-2.6.2.jar:/home/alex/.m2/repository/org/apache/hadoop/hadoop-yarn-client/2.6.2/hadoop-yarn-client-2.6.2.jar:/home/alex/.m2/repository/org/apache/hadoop/hadoop-yarn-server-common/2.6.2/hadoop-yarn-server-common-2.6.2.jar:/home/alex/.m2/repository/org/apache/hadoop/hadoop-mapreduce-client-shuffle/2.6.2/hadoop-mapreduce-client-shuffle-2.6.2.jar:/home/alex/.m2/repository/org/fusesource/leveldbjni/leveldbjni-all/1.8/leveldbjni-all-1.8.jar:/home/alex/.m2/repository/org/apache/hadoop/hadoop-yarn-api/2.6.2/hadoop-yarn-api-2.6.2.jar:/home/alex/.m2/repository/org/apache/hadoop/hadoop-mapreduce-client-core/2.6.2/hadoop-mapreduce-client-core-2.6.2.jar:/home/alex/.m2/repository/org/apache/hadoop/hadoop-yarn-common/2.6.2/hadoop-yarn-common-2.6.2.jar:/home/alex/.m2/repository/javax/xml/bind/jaxb-api/2.2.2/jaxb-api-2.2.2.jar:/home/alex/.m2/repository/javax/xml/stream/stax-api/1.0-2/stax-api-1.0-2.jar:/home/alex/.m2/repository/com/sun/jersey/jersey-core/1.9/jersey-core-1.9.jar:/home/alex/.m2/repository/com/sun/jersey/jersey-client/1.9/jersey-client-1.9.jar:/home/alex/.m2/repository/org/codehaus/jackson/jackson-jaxrs/1.9.13/jackson-jaxrs-1.9.13.jar:/home/alex/.m2/repository/org/codehaus/jackson/jackson-xc/1.9.13/jackson-xc-1.9.13.jar:/home/alex/.m2/repository/org/apache/hadoop/hadoop-mapreduce-client-jobclient/2.6.2/hadoop-mapreduce-client-jobclient-2.6.2.jar:/home/alex/.m2/repository/org/apache/hadoop/hadoop-annotations/2.6.2/hadoop-annotations-2.6.2.jar:/home/alex/Repositories/nifi/nifi-nar-bundles/nifi-extension-utils/nifi-hadoop-utils/target/classes:/home/alex/Repositories/nifi/nifi-nar-bundles/nifi-extension-utils/nifi-record-utils/nifi-hadoop-record-utils/target/classes:/home/alex/Repositories/nifi/nifi-nar-bundles/nifi-extension-utils/nifi-record-utils/nifi-avro-record-utils/target/classes:/home/alex/Repositories/nifi/nifi-nar-bundles/nifi-extension-utils/nifi-record-utils/nifi-standard-record-utils/target/classes:/home/alex/.m2/repository/org/apache/commons/commons-csv/1.8/commons-csv-1.8.jar:/home/alex/.m2/repository/com/github/ben-manes/caffeine/caffeine/2.8.1/caffeine-2.8.1.jar:/home/alex/.m2/repository/com/github/stephenc/findbugs/findbugs-annotations/1.3.9-1/findbugs-annotations-1.3.9-1.jar:/home/alex/.m2/repository/org/apache/commons/commons-text/1.8/commons-text-1.8.jar:/home/alex/.m2/repository/org/apache/commons/commons-dbcp2/2.7.0/commons-dbcp2-2.7.0.jar:/home/alex/.m2/repository/org/apache/commons/commons-pool2/2.7.0/commons-pool2-2.7.0.jar:/home/alex/.m2/repository/org/slf4j/log4j-over-slf4j/1.7.32/log4j-over-slf4j-1.7.32.jar:/home/alex/Repositories/nifi/nifi-mock/target/classes:/home/alex/Repositories/nifi/nifi-framework-api/target/classes:/home/alex/Repositories/nifi/nifi-commons/nifi-parameter/target/classes:/home/alex/Repositories/nifi/nifi-nar-bundles/nifi-framework-bundle/nifi-framework/nifi-framework-core-api/target/classes:/home/alex/Repositories/nifi/nifi-nar-bundles/nifi-framework-bundle/nifi-framework/nifi-framework-nar-utils/target/classes:/home/alex/Repositories/nifi/nifi-nar-bundles/nifi-framework-bundle/nifi-framework/nifi-client-dto/target/classes:/home/alex/.m2/repository/io/swagger/swagger-annotations/1.6.0/swagger-annotations-1.6.0.jar:/home/alex/Repositories/nifi/nifi-commons/nifi-site-to-site-client/target/classes:/home/alex/Repositories/nifi/nifi-commons/nifi-security-utils/target/classes:/home/alex/Repositories/nifi/nifi-commons/nifi-security-utils-api/target/classes:/home/alex/Repositories/nifi/nifi-commons/nifi-security-kms/target/classes:/home/alex/.m2/repository/org/bouncycastle/bcprov-jdk15on/1.69/bcprov-jdk15on-1.69.jar:/home/alex/.m2/repository/org/bouncycastle/bcpkix-jdk15on/1.69/bcpkix-jdk15on-1.69.jar:/home/alex/.m2/repository/org/bouncycastle/bcutil-jdk15on/1.69/bcutil-jdk15on-1.69.jar:/home/alex/Repositories/nifi/nifi-commons/nifi-properties/target/classes:/home/alex/Repositories/nifi/nifi-commons/nifi-property-utils/target/classes:/home/alex/.m2/repository/at/favre/lib/bcrypt/0.9.0/bcrypt-0.9.0.jar:/home/alex/.m2/repository/at/favre/lib/bytes/1.3.0/bytes-1.3.0.jar:/home/alex/.m2/repository/org/apache/commons/commons-configuration2/2.7/commons-configuration2-2.7.jar:/home/alex/.m2/repository/org/apache/httpcomponents/httpasyncclient/4.1.4/httpasyncclient-4.1.4.jar:/home/alex/.m2/repository/org/apache/httpcomponents/httpcore-nio/4.4.10/httpcore-nio-4.4.10.jar:/home/alex/Repositories/nifi/nifi-nar-bundles/nifi-framework-bundle/nifi-framework/nifi-framework-authorization/target/classes:/home/alex/Repositories/nifi/nifi-registry/nifi-registry-core/nifi-registry-data-model/target/classes:/home/alex/.m2/repository/javax/validation/validation-api/2.0.1.Final/validation-api-2.0.1.Final.jar:/home/alex/.m2/repository/javax/ws/rs/javax.ws.rs-api/2.1/javax.ws.rs-api-2.1.jar:/home/alex/Repositories/nifi/nifi-registry/nifi-registry-core/nifi-registry-revision/nifi-registry-revision-entity-model/target/classes:/home/alex/Repositories/nifi/nifi-registry/nifi-registry-core/nifi-registry-client/target/classes:/home/alex/Repositories/nifi/nifi-registry/nifi-registry-core/nifi-registry-security-utils/target/classes:/home/alex/.m2/repository/org/glassfish/jersey/core/jersey-client/2.33/jersey-client-2.33.jar:/home/alex/.m2/repository/jakarta/ws/rs/jakarta.ws.rs-api/2.1.6/jakarta.ws.rs-api-2.1.6.jar:/home/alex/.m2/repository/org/glassfish/hk2/external/jakarta.inject/2.6.1/jakarta.inject-2.6.1.jar:/home/alex/.m2/repository/org/glassfish/jersey/media/jersey-media-json-jackson/2.33/jersey-media-json-jackson-2.33.jar:/home/alex/.m2/repository/org/glassfish/jersey/ext/jersey-entity-filtering/2.33/jersey-entity-filtering-2.33.jar:/home/alex/.m2/repository/com/fasterxml/jackson/module/jackson-module-jaxb-annotations/2.11.3/jackson-module-jaxb-annotations-2.11.3.jar:/home/alex/.m2/repository/jakarta/xml/bind/jakarta.xml.bind-api/2.3.2/jakarta.xml.bind-api-2.3.2.jar:/home/alex/.m2/repository/jakarta/activation/jakarta.activation-api/1.2.1/jakarta.activation-api-1.2.1.jar:/home/alex/.m2/repository/org/glassfish/jersey/inject/jersey-hk2/2.33/jersey-hk2-2.33.jar:/home/alex/.m2/repository/org/glassfish/hk2/hk2-locator/2.6.1/hk2-locator-2.6.1.jar:/home/alex/.m2/repository/org/glassfish/hk2/external/aopalliance-repackaged/2.6.1/aopalliance-repackaged-2.6.1.jar:/home/alex/.m2/repository/org/glassfish/hk2/hk2-api/2.6.1/hk2-api-2.6.1.jar:/home/alex/.m2/repository/org/glassfish/hk2/hk2-utils/2.6.1/hk2-utils-2.6.1.jar:/home/alex/.m2/repository/org/javassist/javassist/3.25.0-GA/javassist-3.25.0-GA.jar:/home/alex/.m2/repository/org/glassfish/jersey/core/jersey-common/2.33/jersey-common-2.33.jar:/home/alex/.m2/repository/jakarta/annotation/jakarta.annotation-api/1.3.5/jakarta.annotation-api-1.3.5.jar:/home/alex/.m2/repository/org/glassfish/hk2/osgi-resource-locator/1.0.3/osgi-resource-locator-1.0.3.jar:/home/alex/.m2/repository/org/glassfish/jersey/media/jersey-media-multipart/2.33/jersey-media-multipart-2.33.jar:/home/alex/.m2/repository/org/jvnet/mimepull/mimepull/1.9.13/mimepull-1.9.13.jar:/home/alex/Repositories/nifi/nifi-commons/nifi-expression-language/target/classes:/home/alex/Repositories/nifi/nifi-commons/nifi-uuid5/target/classes:/home/alex/.m2/repository/com/jayway/jsonpath/json-path/2.6.0/json-path-2.6.0.jar:/home/alex/.m2/repository/net/minidev/json-smart/2.4.7/json-smart-2.4.7.jar:/home/alex/.m2/repository/net/minidev/accessors-smart/2.4.7/accessors-smart-2.4.7.jar:/home/alex/.m2/repository/org/ow2/asm/asm/9.1/asm-9.1.jar:/home/alex/Repositories/nifi/nifi-commons/nifi-data-provenance-utils/target/classes:/home/alex/Repositories/nifi/nifi-nar-bundles/nifi-extension-utils/nifi-record-utils/nifi-mock-record-utils/target/classes:/home/alex/.m2/repository/org/junit/jupiter/junit-jupiter-api/5.7.2/junit-jupiter-api-5.7.2.jar:/home/alex/.m2/repository/org/apiguardian/apiguardian-api/1.1.0/apiguardian-api-1.1.0.jar:/home/alex/.m2/repository/org/opentest4j/opentest4j/1.2.0/opentest4j-1.2.0.jar:/home/alex/.m2/repository/org/junit/platform/junit-platform-commons/1.7.2/junit-platform-commons-1.7.2.jar:/home/alex/.m2/repository/org/junit/jupiter/junit-jupiter-engine/5.7.2/junit-jupiter-engine-5.7.2.jar:/home/alex/.m2/repository/org/junit/platform/junit-platform-engine/1.7.2/junit-platform-engine-1.7.2.jar:/home/alex/.m2/repository/org/junit/vintage/junit-vintage-engine/5.7.2/junit-vintage-engine-5.7.2.jar:/home/alex/.m2/repository/junit/junit/4.13.2/junit-4.13.2.jar:/home/alex/.m2/repository/org/hamcrest/hamcrest-core/1.3/hamcrest-core-1.3.jar:/home/alex/.m2/repository/org/junit/jupiter/junit-jupiter-params/5.7.2/junit-jupiter-params-5.7.2.jar:/home/alex/.m2/repository/org/mockito/mockito-core/3.11.2/mockito-core-3.11.2.jar:/home/alex/.m2/repository/net/bytebuddy/byte-buddy/1.11.3/byte-buddy-1.11.3.jar:/home/alex/.m2/repository/net/bytebuddy/byte-buddy-agent/1.11.3/byte-buddy-agent-1.11.3.jar:/home/alex/.m2/repository/org/objenesis/objenesis/3.2/objenesis-3.2.jar:/home/alex/.m2/repository/org/mockito/mockito-junit-jupiter/3.11.2/mockito-junit-jupiter-3.11.2.jar:/home/alex/.m2/repository/org/slf4j/slf4j-simple/1.7.32/slf4j-simple-1.7.32.jar:/home/alex/.m2/repository/org/codehaus/groovy/groovy-test/2.5.14/groovy-test-2.5.14.jar:/home/alex/.m2/repository/org/codehaus/groovy/groovy/2.5.14/groovy-2.5.14.jar:"/>
    <property name="java.vm.vendor" value="Private Build"/>
    <property name="sun.arch.data.model" value="64"/>
    <property name="java.vendor.url" value="http://java.oracle.com/"/>
    <property name="user.timezone" value="Europe/Lisbon"/>
    <property name="java.vm.specification.version" value="1.8"/>
    <property name="os.name" value="Linux"/>
    <property name="user.country" value="US"/>
    <property name="sun.java.launcher" value="SUN_STANDARD"/>
    <property name="sun.boot.library.path" value="/usr/lib/jvm/java-8-openjdk-amd64/jre/lib/amd64"/>
    <property name="sun.java.command" value="/home/alex/Repositories/nifi/nifi-nar-bundles/nifi-hive-bundle/nifi-hive-processors/target/surefire/surefirebooter4365618913957158731.jar /home/alex/Repositories/nifi/nifi-nar-bundles/nifi-hive-bundle/nifi-hive-processors/target/surefire 2024-05-02T04-10-31_566-jvmRun1 surefire5053934401479468542tmp surefire_1274063952111780566677tmp"/>
    <property name="org.slf4j.simpleLogger.log.nifi.io.nio" value="debug"/>
    <property name="surefire.test.class.path" value="/home/alex/Repositories/nifi/nifi-nar-bundles/nifi-hive-bundle/nifi-hive-processors/target/test-classes:/home/alex/Repositories/nifi/nifi-nar-bundles/nifi-hive-bundle/nifi-hive-processors/target/classes:/home/alex/Repositories/nifi/nifi-api/target/classes:/home/alex/Repositories/nifi/nifi-nar-bundles/nifi-extension-utils/nifi-processor-utils/target/classes:/home/alex/Repositories/nifi/nifi-commons/nifi-utils/target/classes:/home/alex/Repositories/nifi/nifi-commons/nifi-security-socket-ssl/target/classes:/home/alex/.m2/repository/commons-io/commons-io/2.10.0/commons-io-2.10.0.jar:/home/alex/.m2/repository/org/apache/commons/commons-lang3/3.11/commons-lang3-3.11.jar:/home/alex/.m2/repository/com/fasterxml/jackson/core/jackson-databind/2.12.3/jackson-databind-2.12.3.jar:/home/alex/.m2/repository/com/fasterxml/jackson/core/jackson-annotations/2.12.3/jackson-annotations-2.12.3.jar:/home/alex/.m2/repository/com/fasterxml/jackson/core/jackson-core/2.12.3/jackson-core-2.12.3.jar:/home/alex/Repositories/nifi/nifi-nar-bundles/nifi-standard-services/nifi-record-serialization-service-api/target/classes:/home/alex/Repositories/nifi/nifi-commons/nifi-record/target/classes:/home/alex/Repositories/nifi/nifi-nar-bundles/nifi-extension-utils/nifi-event-transport/target/classes:/home/alex/.m2/repository/io/netty/netty-handler/4.1.69.Final/netty-handler-4.1.69.Final.jar:/home/alex/.m2/repository/io/netty/netty-common/4.1.69.Final/netty-common-4.1.69.Final.jar:/home/alex/.m2/repository/io/netty/netty-resolver/4.1.69.Final/netty-resolver-4.1.69.Final.jar:/home/alex/.m2/repository/io/netty/netty-buffer/4.1.69.Final/netty-buffer-4.1.69.Final.jar:/home/alex/.m2/repository/io/netty/netty-transport/4.1.69.Final/netty-transport-4.1.69.Final.jar:/home/alex/.m2/repository/io/netty/netty-codec/4.1.69.Final/netty-codec-4.1.69.Final.jar:/home/alex/Repositories/nifi/nifi-commons/nifi-security-kerberos/target/classes:/home/alex/Repositories/nifi/nifi-commons/nifi-security-kerberos-api/target/classes:/home/alex/Repositories/nifi/nifi-nar-bundles/nifi-standard-services/nifi-dbcp-service-api/target/classes:/home/alex/Repositories/nifi/nifi-nar-bundles/nifi-hive-bundle/nifi-hive-services-api/target/classes:/home/alex/Repositories/nifi/nifi-nar-bundles/nifi-standard-services/nifi-kerberos-credentials-service-api/target/classes:/home/alex/.m2/repository/org/apache/hive/hive-jdbc/1.2.1/hive-jdbc-1.2.1.jar:/home/alex/.m2/repository/org/apache/hive/hive-common/1.2.1/hive-common-1.2.1.jar:/home/alex/.m2/repository/commons-cli/commons-cli/1.2/commons-cli-1.2.jar:/home/alex/.m2/repository/commons-lang/commons-lang/2.6/commons-lang-2.6.jar:/home/alex/.m2/repository/joda-time/joda-time/2.5/joda-time-2.5.jar:/home/alex/.m2/repository/org/apache/commons/commons-compress/1.21/commons-compress-1.21.jar:/home/alex/.m2/repository/org/apache/ant/ant/1.9.1/ant-1.9.1.jar:/home/alex/.m2/repository/org/apache/ant/ant-launcher/1.9.1/ant-launcher-1.9.1.jar:/home/alex/.m2/repository/org/apache/hive/hive-service/1.2.1/hive-service-1.2.1.jar:/home/alex/.m2/repository/commons-codec/commons-codec/1.4/commons-codec-1.4.jar:/home/alex/.m2/repository/net/sf/jpam/jpam/1.1/jpam-1.1.jar:/home/alex/.m2/repository/org/eclipse/jetty/aggregate/jetty-all/7.6.0.v20120127/jetty-all-7.6.0.v20120127.jar:/home/alex/.m2/repository/javax/servlet/servlet-api/2.5/servlet-api-2.5.jar:/home/alex/.m2/repository/org/apache/geronimo/specs/geronimo-jta_1.1_spec/1.1.1/geronimo-jta_1.1_spec-1.1.1.jar:/home/alex/.m2/repository/javax/mail/mail/1.4.1/mail-1.4.1.jar:/home/alex/.m2/repository/javax/activation/activation/1.1/activation-1.1.jar:/home/alex/.m2/repository/org/apache/geronimo/specs/geronimo-jaspic_1.0_spec/1.0/geronimo-jaspic_1.0_spec-1.0.jar:/home/alex/.m2/repository/org/apache/geronimo/specs/geronimo-annotation_1.0_spec/1.1.1/geronimo-annotation_1.0_spec-1.1.1.jar:/home/alex/.m2/repository/asm/asm-commons/3.1/asm-commons-3.1.jar:/home/alex/.m2/repository/asm/asm-tree/3.1/asm-tree-3.1.jar:/home/alex/.m2/repository/asm/asm/3.1/asm-3.1.jar:/home/alex/.m2/repository/org/apache/thrift/libfb303/0.9.2/libfb303-0.9.2.jar:/home/alex/.m2/repository/org/apache/curator/curator-recipes/2.6.0/curator-recipes-2.6.0.jar:/home/alex/.m2/repository/org/apache/hive/hive-serde/1.2.1/hive-serde-1.2.1.jar:/home/alex/.m2/repository/com/google/code/findbugs/jsr305/3.0.0/jsr305-3.0.0.jar:/home/alex/.m2/repository/org/apache/avro/avro/1.7.5/avro-1.7.5.jar:/home/alex/.m2/repository/com/thoughtworks/paranamer/paranamer/2.3/paranamer-2.3.jar:/home/alex/.m2/repository/org/xerial/snappy/snappy-java/1.0.5/snappy-java-1.0.5.jar:/home/alex/.m2/repository/net/sf/opencsv/opencsv/2.3/opencsv-2.3.jar:/home/alex/.m2/repository/com/twitter/parquet-hadoop-bundle/1.6.0/parquet-hadoop-bundle-1.6.0.jar:/home/alex/.m2/repository/org/apache/hive/hive-metastore/1.2.1/hive-metastore-1.2.1.jar:/home/alex/.m2/repository/com/jolbox/bonecp/0.8.0.RELEASE/bonecp-0.8.0.RELEASE.jar:/home/alex/.m2/repository/org/apache/derby/derby/10.14.2.0/derby-10.14.2.0.jar:/home/alex/.m2/repository/org/datanucleus/datanucleus-api-jdo/3.2.6/datanucleus-api-jdo-3.2.6.jar:/home/alex/.m2/repository/org/datanucleus/datanucleus-core/3.2.10/datanucleus-core-3.2.10.jar:/home/alex/.m2/repository/org/datanucleus/datanucleus-rdbms/3.2.9/datanucleus-rdbms-3.2.9.jar:/home/alex/.m2/repository/commons-pool/commons-pool/1.5.4/commons-pool-1.5.4.jar:/home/alex/.m2/repository/commons-dbcp/commons-dbcp/1.4/commons-dbcp-1.4.jar:/home/alex/.m2/repository/javax/jdo/jdo-api/3.0.1/jdo-api-3.0.1.jar:/home/alex/.m2/repository/javax/transaction/jta/1.1/jta-1.1.jar:/home/alex/.m2/repository/org/antlr/antlr-runtime/3.4/antlr-runtime-3.4.jar:/home/alex/.m2/repository/org/antlr/stringtemplate/3.2.1/stringtemplate-3.2.1.jar:/home/alex/.m2/repository/antlr/antlr/2.7.7/antlr-2.7.7.jar:/home/alex/.m2/repository/org/apache/hive/hive-shims/1.2.1/hive-shims-1.2.1.jar:/home/alex/.m2/repository/org/apache/hive/shims/hive-shims-common/1.2.1/hive-shims-common-1.2.1.jar:/home/alex/.m2/repository/org/apache/hive/shims/hive-shims-0.20S/1.2.1/hive-shims-0.20S-1.2.1.jar:/home/alex/.m2/repository/org/apache/hive/shims/hive-shims-0.23/1.2.1/hive-shims-0.23-1.2.1.jar:/home/alex/.m2/repository/org/apache/hadoop/hadoop-yarn-server-resourcemanager/2.6.0/hadoop-yarn-server-resourcemanager-2.6.0.jar:/home/alex/.m2/repository/com/google/inject/extensions/guice-servlet/3.0/guice-servlet-3.0.jar:/home/alex/.m2/repository/com/google/inject/guice/3.0/guice-3.0.jar:/home/alex/.m2/repository/javax/inject/javax.inject/1/javax.inject-1.jar:/home/alex/.m2/repository/aopalliance/aopalliance/1.0/aopalliance-1.0.jar:/home/alex/.m2/repository/com/sun/jersey/jersey-json/1.9/jersey-json-1.9.jar:/home/alex/.m2/repository/com/sun/xml/bind/jaxb-impl/2.2.3-1/jaxb-impl-2.2.3-1.jar:/home/alex/.m2/repository/com/sun/jersey/contribs/jersey-guice/1.9/jersey-guice-1.9.jar:/home/alex/.m2/repository/com/sun/jersey/jersey-server/1.9/jersey-server-1.9.jar:/home/alex/.m2/repository/org/codehaus/jettison/jettison/1.1/jettison-1.1.jar:/home/alex/.m2/repository/org/apache/hadoop/hadoop-yarn-server-applicationhistoryservice/2.6.0/hadoop-yarn-server-applicationhistoryservice-2.6.0.jar:/home/alex/.m2/repository/org/apache/hadoop/hadoop-yarn-server-web-proxy/2.6.0/hadoop-yarn-server-web-proxy-2.6.0.jar:/home/alex/.m2/repository/org/mortbay/jetty/jetty/6.1.26/jetty-6.1.26.jar:/home/alex/.m2/repository/org/apache/hive/shims/hive-shims-scheduler/1.2.1/hive-shims-scheduler-1.2.1.jar:/home/alex/.m2/repository/commons-logging/commons-logging/1.1.3/commons-logging-1.1.3.jar:/home/alex/.m2/repository/org/apache/httpcomponents/httpclient/4.4/httpclient-4.4.jar:/home/alex/.m2/repository/org/apache/httpcomponents/httpcore/4.4/httpcore-4.4.jar:/home/alex/.m2/repository/org/apache/thrift/libthrift/0.9.2/libthrift-0.9.2.jar:/home/alex/.m2/repository/org/apache/zookeeper/zookeeper/3.4.14/zookeeper-3.4.14.jar:/home/alex/.m2/repository/com/github/spotbugs/spotbugs-annotations/3.1.9/spotbugs-annotations-3.1.9.jar:/home/alex/.m2/repository/jline/jline/0.9.94/jline-0.9.94.jar:/home/alex/.m2/repository/org/apache/yetus/audience-annotations/0.5.0/audience-annotations-0.5.0.jar:/home/alex/.m2/repository/io/netty/netty/3.10.6.Final/netty-3.10.6.Final.jar:/home/alex/.m2/repository/org/apache/curator/curator-framework/2.6.0/curator-framework-2.6.0.jar:/home/alex/.m2/repository/org/apache/curator/curator-client/2.6.0/curator-client-2.6.0.jar:/home/alex/.m2/repository/org/slf4j/slf4j-api/1.7.32/slf4j-api-1.7.32.jar:/home/alex/.m2/repository/org/apache/hive/hcatalog/hive-hcatalog-streaming/1.2.1/hive-hcatalog-streaming-1.2.1.jar:/home/alex/.m2/repository/org/apache/hive/hive-exec/1.2.1/hive-exec-1.2.1.jar:/home/alex/.m2/repository/org/apache/hive/hive-ant/1.2.1/hive-ant-1.2.1.jar:/home/alex/.m2/repository/org/apache/velocity/velocity/1.5/velocity-1.5.jar:/home/alex/.m2/repository/oro/oro/2.0.8/oro-2.0.8.jar:/home/alex/.m2/repository/commons-httpclient/commons-httpclient/3.0.1/commons-httpclient-3.0.1.jar:/home/alex/.m2/repository/org/antlr/ST4/4.0.4/ST4-4.0.4.jar:/home/alex/.m2/repository/org/apache/ivy/ivy/2.4.0/ivy-2.4.0.jar:/home/alex/.m2/repository/org/apache/calcite/calcite-core/1.27.0/calcite-core-1.27.0.jar:/home/alex/.m2/repository/org/apache/calcite/calcite-linq4j/1.27.0/calcite-linq4j-1.27.0.jar:/home/alex/.m2/repository/com/esri/geometry/esri-geometry-api/2.2.0/esri-geometry-api-2.2.0.jar:/home/alex/.m2/repository/com/google/errorprone/error_prone_annotations/2.5.1/error_prone_annotations-2.5.1.jar:/home/alex/.m2/repository/org/apache/calcite/avatica/avatica-core/1.18.0/avatica-core-1.18.0.jar:/home/alex/.m2/repository/org/apache/calcite/avatica/avatica-metrics/1.18.0/avatica-metrics-1.18.0.jar:/home/alex/.m2/repository/org/checkerframework/checker-qual/3.10.0/checker-qual-3.10.0.jar:/home/alex/.m2/repository/com/fasterxml/jackson/dataformat/jackson-dataformat-yaml/2.10.0/jackson-dataformat-yaml-2.10.0.jar:/home/alex/.m2/repository/org/yaml/snakeyaml/1.29/snakeyaml-1.29.jar:/home/alex/.m2/repository/com/google/uzaygezen/uzaygezen-core/0.2/uzaygezen-core-0.2.jar:/home/alex/.m2/repository/com/yahoo/datasketches/sketches-core/0.9.0/sketches-core-0.9.0.jar:/home/alex/.m2/repository/com/yahoo/datasketches/memory/0.9.0/memory-0.9.0.jar:/home/alex/.m2/repository/net/hydromatic/aggdesigner-algorithm/6.0/aggdesigner-algorithm-6.0.jar:/home/alex/.m2/repository/org/codehaus/janino/commons-compiler/3.0.11/commons-compiler-3.0.11.jar:/home/alex/.m2/repository/org/codehaus/janino/janino/3.0.11/janino-3.0.11.jar:/home/alex/.m2/repository/org/apache/calcite/calcite-avatica/1.6.0/calcite-avatica-1.6.0.jar:/home/alex/.m2/repository/stax/stax-api/1.0.1/stax-api-1.0.1.jar:/home/alex/.m2/repository/org/apache/hive/hive-cli/1.2.1/hive-cli-1.2.1.jar:/home/alex/.m2/repository/org/codehaus/groovy/groovy-all/2.4.21/groovy-all-2.4.21.jar:/home/alex/.m2/repository/org/apache/hive/hcatalog/hive-hcatalog-core/1.2.1/hive-hcatalog-core-1.2.1.jar:/home/alex/.m2/repository/com/google/guava/guava/14.0.1/guava-14.0.1.jar:/home/alex/.m2/repository/org/codehaus/jackson/jackson-mapper-asl/1.9.2/jackson-mapper-asl-1.9.2.jar:/home/alex/.m2/repository/org/codehaus/jackson/jackson-core-asl/1.9.2/jackson-core-asl-1.9.2.jar:/home/alex/.m2/repository/org/apache/hadoop/hadoop-client/2.6.2/hadoop-client-2.6.2.jar:/home/alex/.m2/repository/org/apache/hadoop/hadoop-common/2.6.2/hadoop-common-2.6.2.jar:/home/alex/.m2/repository/org/apache/commons/commons-math3/3.1.1/commons-math3-3.1.1.jar:/home/alex/.m2/repository/xmlenc/xmlenc/0.52/xmlenc-0.52.jar:/home/alex/.m2/repository/commons-net/commons-net/3.1/commons-net-3.1.jar:/home/alex/.m2/repository/commons-collections/commons-collections/3.2.1/commons-collections-3.2.1.jar:/home/alex/.m2/repository/commons-configuration/commons-configuration/1.6/commons-configuration-1.6.jar:/home/alex/.m2/repository/commons-digester/commons-digester/1.8/commons-digester-1.8.jar:/home/alex/.m2/repository/commons-beanutils/commons-beanutils/1.9.4/commons-beanutils-1.9.4.jar:/home/alex/.m2/repository/commons-beanutils/commons-beanutils-core/1.8.0/commons-beanutils-core-1.8.0.jar:/home/alex/.m2/repository/com/google/protobuf/protobuf-java/2.5.0/protobuf-java-2.5.0.jar:/home/alex/.m2/repository/com/google/code/gson/gson/2.2.4/gson-2.2.4.jar:/home/alex/.m2/repository/org/apache/hadoop/hadoop-auth/2.6.2/hadoop-auth-2.6.2.jar:/home/alex/.m2/repository/org/apache/directory/server/apacheds-kerberos-codec/2.0.0-M15/apacheds-kerberos-codec-2.0.0-M15.jar:/home/alex/.m2/repository/org/apache/directory/server/apacheds-i18n/2.0.0-M15/apacheds-i18n-2.0.0-M15.jar:/home/alex/.m2/repository/org/apache/directory/api/api-asn1-api/1.0.0-M20/api-asn1-api-1.0.0-M20.jar:/home/alex/.m2/repository/org/apache/directory/api/api-util/1.0.0-M20/api-util-1.0.0-M20.jar:/home/alex/.m2/repository/org/htrace/htrace-core/3.0.4/htrace-core-3.0.4.jar:/home/alex/.m2/repository/org/apache/hadoop/hadoop-hdfs/2.6.2/hadoop-hdfs-2.6.2.jar:/home/alex/.m2/repository/org/mortbay/jetty/jetty-util/6.1.26/jetty-util-6.1.26.jar:/home/alex/.m2/repository/xerces/xercesImpl/2.9.1/xercesImpl-2.9.1.jar:/home/alex/.m2/repository/xml-apis/xml-apis/1.3.04/xml-apis-1.3.04.jar:/home/alex/.m2/repository/org/apache/hadoop/hadoop-mapreduce-client-app/2.6.2/hadoop-mapreduce-client-app-2.6.2.jar:/home/alex/.m2/repository/org/apache/hadoop/hadoop-mapreduce-client-common/2.6.2/hadoop-mapreduce-client-common-2.6.2.jar:/home/alex/.m2/repository/org/apache/hadoop/hadoop-yarn-client/2.6.2/hadoop-yarn-client-2.6.2.jar:/home/alex/.m2/repository/org/apache/hadoop/hadoop-yarn-server-common/2.6.2/hadoop-yarn-server-common-2.6.2.jar:/home/alex/.m2/repository/org/apache/hadoop/hadoop-mapreduce-client-shuffle/2.6.2/hadoop-mapreduce-client-shuffle-2.6.2.jar:/home/alex/.m2/repository/org/fusesource/leveldbjni/leveldbjni-all/1.8/leveldbjni-all-1.8.jar:/home/alex/.m2/repository/org/apache/hadoop/hadoop-yarn-api/2.6.2/hadoop-yarn-api-2.6.2.jar:/home/alex/.m2/repository/org/apache/hadoop/hadoop-mapreduce-client-core/2.6.2/hadoop-mapreduce-client-core-2.6.2.jar:/home/alex/.m2/repository/org/apache/hadoop/hadoop-yarn-common/2.6.2/hadoop-yarn-common-2.6.2.jar:/home/alex/.m2/repository/javax/xml/bind/jaxb-api/2.2.2/jaxb-api-2.2.2.jar:/home/alex/.m2/repository/javax/xml/stream/stax-api/1.0-2/stax-api-1.0-2.jar:/home/alex/.m2/repository/com/sun/jersey/jersey-core/1.9/jersey-core-1.9.jar:/home/alex/.m2/repository/com/sun/jersey/jersey-client/1.9/jersey-client-1.9.jar:/home/alex/.m2/repository/org/codehaus/jackson/jackson-jaxrs/1.9.13/jackson-jaxrs-1.9.13.jar:/home/alex/.m2/repository/org/codehaus/jackson/jackson-xc/1.9.13/jackson-xc-1.9.13.jar:/home/alex/.m2/repository/org/apache/hadoop/hadoop-mapreduce-client-jobclient/2.6.2/hadoop-mapreduce-client-jobclient-2.6.2.jar:/home/alex/.m2/repository/org/apache/hadoop/hadoop-annotations/2.6.2/hadoop-annotations-2.6.2.jar:/home/alex/Repositories/nifi/nifi-nar-bundles/nifi-extension-utils/nifi-hadoop-utils/target/classes:/home/alex/Repositories/nifi/nifi-nar-bundles/nifi-extension-utils/nifi-record-utils/nifi-hadoop-record-utils/target/classes:/home/alex/Repositories/nifi/nifi-nar-bundles/nifi-extension-utils/nifi-record-utils/nifi-avro-record-utils/target/classes:/home/alex/Repositories/nifi/nifi-nar-bundles/nifi-extension-utils/nifi-record-utils/nifi-standard-record-utils/target/classes:/home/alex/.m2/repository/org/apache/commons/commons-csv/1.8/commons-csv-1.8.jar:/home/alex/.m2/repository/com/github/ben-manes/caffeine/caffeine/2.8.1/caffeine-2.8.1.jar:/home/alex/.m2/repository/com/github/stephenc/findbugs/findbugs-annotations/1.3.9-1/findbugs-annotations-1.3.9-1.jar:/home/alex/.m2/repository/org/apache/commons/commons-text/1.8/commons-text-1.8.jar:/home/alex/.m2/repository/org/apache/commons/commons-dbcp2/2.7.0/commons-dbcp2-2.7.0.jar:/home/alex/.m2/repository/org/apache/commons/commons-pool2/2.7.0/commons-pool2-2.7.0.jar:/home/alex/.m2/repository/org/slf4j/log4j-over-slf4j/1.7.32/log4j-over-slf4j-1.7.32.jar:/home/alex/Repositories/nifi/nifi-mock/target/classes:/home/alex/Repositories/nifi/nifi-framework-api/target/classes:/home/alex/Repositories/nifi/nifi-commons/nifi-parameter/target/classes:/home/alex/Repositories/nifi/nifi-nar-bundles/nifi-framework-bundle/nifi-framework/nifi-framework-core-api/target/classes:/home/alex/Repositories/nifi/nifi-nar-bundles/nifi-framework-bundle/nifi-framework/nifi-framework-nar-utils/target/classes:/home/alex/Repositories/nifi/nifi-nar-bundles/nifi-framework-bundle/nifi-framework/nifi-client-dto/target/classes:/home/alex/.m2/repository/io/swagger/swagger-annotations/1.6.0/swagger-annotations-1.6.0.jar:/home/alex/Repositories/nifi/nifi-commons/nifi-site-to-site-client/target/classes:/home/alex/Repositories/nifi/nifi-commons/nifi-security-utils/target/classes:/home/alex/Repositories/nifi/nifi-commons/nifi-security-utils-api/target/classes:/home/alex/Repositories/nifi/nifi-commons/nifi-security-kms/target/classes:/home/alex/.m2/repository/org/bouncycastle/bcprov-jdk15on/1.69/bcprov-jdk15on-1.69.jar:/home/alex/.m2/repository/org/bouncycastle/bcpkix-jdk15on/1.69/bcpkix-jdk15on-1.69.jar:/home/alex/.m2/repository/org/bouncycastle/bcutil-jdk15on/1.69/bcutil-jdk15on-1.69.jar:/home/alex/Repositories/nifi/nifi-commons/nifi-properties/target/classes:/home/alex/Repositories/nifi/nifi-commons/nifi-property-utils/target/classes:/home/alex/.m2/repository/at/favre/lib/bcrypt/0.9.0/bcrypt-0.9.0.jar:/home/alex/.m2/repository/at/favre/lib/bytes/1.3.0/bytes-1.3.0.jar:/home/alex/.m2/repository/org/apache/commons/commons-configuration2/2.7/commons-configuration2-2.7.jar:/home/alex/.m2/repository/org/apache/httpcomponents/httpasyncclient/4.1.4/httpasyncclient-4.1.4.jar:/home/alex/.m2/repository/org/apache/httpcomponents/httpcore-nio/4.4.10/httpcore-nio-4.4.10.jar:/home/alex/Repositories/nifi/nifi-nar-bundles/nifi-framework-bundle/nifi-framework/nifi-framework-authorization/target/classes:/home/alex/Repositories/nifi/nifi-registry/nifi-registry-core/nifi-registry-data-model/target/classes:/home/alex/.m2/repository/javax/validation/validation-api/2.0.1.Final/validation-api-2.0.1.Final.jar:/home/alex/.m2/repository/javax/ws/rs/javax.ws.rs-api/2.1/javax.ws.rs-api-2.1.jar:/home/alex/Repositories/nifi/nifi-registry/nifi-registry-core/nifi-registry-revision/nifi-registry-revision-entity-model/target/classes:/home/alex/Repositories/nifi/nifi-registry/nifi-registry-core/nifi-registry-client/target/classes:/home/alex/Repositories/nifi/nifi-registry/nifi-registry-core/nifi-registry-security-utils/target/classes:/home/alex/.m2/repository/org/glassfish/jersey/core/jersey-client/2.33/jersey-client-2.33.jar:/home/alex/.m2/repository/jakarta/ws/rs/jakarta.ws.rs-api/2.1.6/jakarta.ws.rs-api-2.1.6.jar:/home/alex/.m2/repository/org/glassfish/hk2/external/jakarta.inject/2.6.1/jakarta.inject-2.6.1.jar:/home/alex/.m2/repository/org/glassfish/jersey/media/jersey-media-json-jackson/2.33/jersey-media-json-jackson-2.33.jar:/home/alex/.m2/repository/org/glassfish/jersey/ext/jersey-entity-filtering/2.33/jersey-entity-filtering-2.33.jar:/home/alex/.m2/repository/com/fasterxml/jackson/module/jackson-module-jaxb-annotations/2.11.3/jackson-module-jaxb-annotations-2.11.3.jar:/home/alex/.m2/repository/jakarta/xml/bind/jakarta.xml.bind-api/2.3.2/jakarta.xml.bind-api-2.3.2.jar:/home/alex/.m2/repository/jakarta/activation/jakarta.activation-api/1.2.1/jakarta.activation-api-1.2.1.jar:/home/alex/.m2/repository/org/glassfish/jersey/inject/jersey-hk2/2.33/jersey-hk2-2.33.jar:/home/alex/.m2/repository/org/glassfish/hk2/hk2-locator/2.6.1/hk2-locator-2.6.1.jar:/home/alex/.m2/repository/org/glassfish/hk2/external/aopalliance-repackaged/2.6.1/aopalliance-repackaged-2.6.1.jar:/home/alex/.m2/repository/org/glassfish/hk2/hk2-api/2.6.1/hk2-api-2.6.1.jar:/home/alex/.m2/repository/org/glassfish/hk2/hk2-utils/2.6.1/hk2-utils-2.6.1.jar:/home/alex/.m2/repository/org/javassist/javassist/3.25.0-GA/javassist-3.25.0-GA.jar:/home/alex/.m2/repository/org/glassfish/jersey/core/jersey-common/2.33/jersey-common-2.33.jar:/home/alex/.m2/repository/jakarta/annotation/jakarta.annotation-api/1.3.5/jakarta.annotation-api-1.3.5.jar:/home/alex/.m2/repository/org/glassfish/hk2/osgi-resource-locator/1.0.3/osgi-resource-locator-1.0.3.jar:/home/alex/.m2/repository/org/glassfish/jersey/media/jersey-media-multipart/2.33/jersey-media-multipart-2.33.jar:/home/alex/.m2/repository/org/jvnet/mimepull/mimepull/1.9.13/mimepull-1.9.13.jar:/home/alex/Repositories/nifi/nifi-commons/nifi-expression-language/target/classes:/home/alex/Repositories/nifi/nifi-commons/nifi-uuid5/target/classes:/home/alex/.m2/repository/com/jayway/jsonpath/json-path/2.6.0/json-path-2.6.0.jar:/home/alex/.m2/repository/net/minidev/json-smart/2.4.7/json-smart-2.4.7.jar:/home/alex/.m2/repository/net/minidev/accessors-smart/2.4.7/accessors-smart-2.4.7.jar:/home/alex/.m2/repository/org/ow2/asm/asm/9.1/asm-9.1.jar:/home/alex/Repositories/nifi/nifi-commons/nifi-data-provenance-utils/target/classes:/home/alex/Repositories/nifi/nifi-nar-bundles/nifi-extension-utils/nifi-record-utils/nifi-mock-record-utils/target/classes:/home/alex/.m2/repository/org/junit/jupiter/junit-jupiter-api/5.7.2/junit-jupiter-api-5.7.2.jar:/home/alex/.m2/repository/org/apiguardian/apiguardian-api/1.1.0/apiguardian-api-1.1.0.jar:/home/alex/.m2/repository/org/opentest4j/opentest4j/1.2.0/opentest4j-1.2.0.jar:/home/alex/.m2/repository/org/junit/platform/junit-platform-commons/1.7.2/junit-platform-commons-1.7.2.jar:/home/alex/.m2/repository/org/junit/jupiter/junit-jupiter-engine/5.7.2/junit-jupiter-engine-5.7.2.jar:/home/alex/.m2/repository/org/junit/platform/junit-platform-engine/1.7.2/junit-platform-engine-1.7.2.jar:/home/alex/.m2/repository/org/junit/vintage/junit-vintage-engine/5.7.2/junit-vintage-engine-5.7.2.jar:/home/alex/.m2/repository/junit/junit/4.13.2/junit-4.13.2.jar:/home/alex/.m2/repository/org/hamcrest/hamcrest-core/1.3/hamcrest-core-1.3.jar:/home/alex/.m2/repository/org/junit/jupiter/junit-jupiter-params/5.7.2/junit-jupiter-params-5.7.2.jar:/home/alex/.m2/repository/org/mockito/mockito-core/3.11.2/mockito-core-3.11.2.jar:/home/alex/.m2/repository/net/bytebuddy/byte-buddy/1.11.3/byte-buddy-1.11.3.jar:/home/alex/.m2/repository/net/bytebuddy/byte-buddy-agent/1.11.3/byte-buddy-agent-1.11.3.jar:/home/alex/.m2/repository/org/objenesis/objenesis/3.2/objenesis-3.2.jar:/home/alex/.m2/repository/org/mockito/mockito-junit-jupiter/3.11.2/mockito-junit-jupiter-3.11.2.jar:/home/alex/.m2/repository/org/slf4j/slf4j-simple/1.7.32/slf4j-simple-1.7.32.jar:/home/alex/.m2/repository/org/codehaus/groovy/groovy-test/2.5.14/groovy-test-2.5.14.jar:/home/alex/.m2/repository/org/codehaus/groovy/groovy/2.5.14/groovy-2.5.14.jar:"/>
    <property name="sun.cpu.endian" value="little"/>
    <property name="user.home" value="/home/alex"/>
    <property name="user.language" value="en"/>
    <property name="java.specification.vendor" value="Oracle Corporation"/>
    <property name="java.home" value="/usr/lib/jvm/java-8-openjdk-amd64/jre"/>
    <property name="java.security.krb5.conf" value="/home/alex/Repositories/nifi/nifi-nar-bundles/nifi-hive-bundle/nifi-hive-processors/src/test/resources/krb5.conf"/>
    <property name="basedir" value="/home/alex/Repositories/nifi/nifi-nar-bundles/nifi-hive-bundle/nifi-hive-processors"/>
    <property name="file.separator" value="/"/>
    <property name="line.separator" value="&#10;"/>
    <property name="java.vm.specification.vendor" value="Oracle Corporation"/>
    <property name="java.specification.name" value="Java Platform API Specification"/>
    <property name="derby.stream.error.file" value="target/derby.log"/>
    <property name="java.awt.graphicsenv" value="sun.awt.X11GraphicsEnvironment"/>
    <property name="java.awt.headless" value="true"/>
    <property name="org.slf4j.simpleLogger.log.nifi.processors.hive.SelectHiveQL" value="debug"/>
    <property name="org.slf4j.simpleLogger.showDateTime" value="true"/>
    <property name="surefire.real.class.path" value="/home/alex/Repositories/nifi/nifi-nar-bundles/nifi-hive-bundle/nifi-hive-processors/target/surefire/surefirebooter4365618913957158731.jar"/>
    <property name="sun.boot.class.path" value="/usr/lib/jvm/java-8-openjdk-amd64/jre/lib/resources.jar:/usr/lib/jvm/java-8-openjdk-amd64/jre/lib/rt.jar:/usr/lib/jvm/java-8-openjdk-amd64/jre/lib/sunrsasign.jar:/usr/lib/jvm/java-8-openjdk-amd64/jre/lib/jsse.jar:/usr/lib/jvm/java-8-openjdk-amd64/jre/lib/jce.jar:/usr/lib/jvm/java-8-openjdk-amd64/jre/lib/charsets.jar:/usr/lib/jvm/java-8-openjdk-amd64/jre/lib/jfr.jar:/usr/lib/jvm/java-8-openjdk-amd64/jre/classes"/>
    <property name="sun.management.compiler" value="HotSpot 64-Bit Tiered Compilers"/>
    <property name="java.runtime.version" value="1.8.0_402-8u402-ga-2ubuntu1~22.04-b06"/>
    <property name="java.net.preferIPv4Stack" value="true"/>
    <property name="user.name" value="alex"/>
    <property name="path.separator" value=":"/>
    <property name="os.version" value="6.5.0-28-generic"/>
    <property name="java.endorsed.dirs" value="/usr/lib/jvm/java-8-openjdk-amd64/jre/lib/endorsed"/>
    <property name="java.runtime.name" value="OpenJDK Runtime Environment"/>
    <property name="org.slf4j.simpleLogger.log.nifi.processors.hive.TestSelectHiveQL" value="debug"/>
    <property name="file.encoding" value="UTF-8"/>
    <property name="java.security.krb5.realm" value="nifi.com"/>
    <property name="java.vm.name" value="OpenJDK 64-Bit Server VM"/>
    <property name="localRepository" value="/home/alex/.m2/repository"/>
    <property name="java.vendor.url.bug" value="http://bugreport.sun.com/bugreport/"/>
    <property name="java.io.tmpdir" value="/tmp"/>
    <property name="java.version" value="1.8.0_402"/>
    <property name="user.dir" value="/home/alex/Repositories/nifi/nifi-nar-bundles/nifi-hive-bundle/nifi-hive-processors"/>
    <property name="java.security.krb5.kdc" value="nifi.kdc"/>
    <property name="os.arch" value="amd64"/>
    <property name="java.vm.specification.name" value="Java Virtual Machine Specification"/>
    <property name="java.awt.printerjob" value="sun.print.PSPrinterJob"/>
    <property name="sun.os.patch.level" value="unknown"/>
    <property name="org.slf4j.simpleLogger.defaultLogLevel" value="info"/>
    <property name="java.library.path" value="/usr/java/packages/lib/amd64:/usr/lib/x86_64-linux-gnu/jni:/lib/x86_64-linux-gnu:/usr/lib/x86_64-linux-gnu:/usr/lib/jni:/lib:/usr/lib"/>
    <property name="java.vm.info" value="mixed mode"/>
    <property name="java.vendor" value="Private Build"/>
    <property name="java.vm.version" value="25.402-b06"/>
    <property name="java.specification.maintenance.version" value="5"/>
    <property name="java.ext.dirs" value="/usr/lib/jvm/java-8-openjdk-amd64/jre/lib/ext:/usr/java/packages/lib/ext"/>
    <property name="sun.io.unicode.encoding" value="UnicodeLittle"/>
    <property name="java.class.version" value="52.0"/>
  </properties>
  <testcase name="testParametrizedQuery" classname="org.apache.nifi.processors.hive.TestSelectHiveQL" time="0.545">
    <system-err><![CDATA[[pool-37-thread-1] INFO hive.ql.parse.ParseDriver - Parsing command: SELECT * FROM TEST_QUERY_DB_TABLE WHERE id = x
[pool-37-thread-1] INFO hive.ql.parse.ParseDriver - Parse Completed
[pool-37-thread-1] INFO org.apache.nifi.processors.hive.SelectHiveQL - SelectHiveQL[id=763c7060-9436-4aaf-9fee-f8228c69dd48] FlowFile[1,100798703293483.mockFlowFile.0.avro,395B] contains 1 Avro records; transferring to 'success'
]]></system-err>
  </testcase>
  <testcase name="testMaxRowsPerFlowFileAvro" classname="org.apache.nifi.processors.hive.TestSelectHiveQL" time="0.281">
    <system-err><![CDATA[[pool-38-thread-1] INFO hive.ql.parse.ParseDriver - Parsing command: SELECT * FROM TEST_QUERY_DB_TABLE
[pool-38-thread-1] INFO hive.ql.parse.ParseDriver - Parse Completed
[pool-38-thread-1] INFO org.apache.nifi.processors.hive.SelectHiveQL - SelectHiveQL[id=4c5988f2-c7ed-4928-b9f9-615a99304ba5] FlowFile[0,100798984352326.mockFlowFile.0.avro,788B] contains 9 Avro records; transferring to 'success'
[pool-38-thread-1] INFO hive.ql.parse.ParseDriver - Parsing command: SELECT * FROM TEST_QUERY_DB_TABLE
[pool-38-thread-1] INFO hive.ql.parse.ParseDriver - Parse Completed
[pool-38-thread-1] INFO org.apache.nifi.processors.hive.SelectHiveQL - SelectHiveQL[id=4c5988f2-c7ed-4928-b9f9-615a99304ba5] FlowFile[1,100798984352326.mockFlowFile.1.avro,788B] contains 9 Avro records; transferring to 'success'
[pool-38-thread-1] INFO hive.ql.parse.ParseDriver - Parsing command: SELECT * FROM TEST_QUERY_DB_TABLE
[pool-38-thread-1] INFO hive.ql.parse.ParseDriver - Parse Completed
[pool-38-thread-1] INFO org.apache.nifi.processors.hive.SelectHiveQL - SelectHiveQL[id=4c5988f2-c7ed-4928-b9f9-615a99304ba5] FlowFile[2,100798984352326.mockFlowFile.2.avro,788B] contains 9 Avro records; transferring to 'success'
[pool-38-thread-1] INFO hive.ql.parse.ParseDriver - Parsing command: SELECT * FROM TEST_QUERY_DB_TABLE
[pool-38-thread-1] INFO hive.ql.parse.ParseDriver - Parse Completed
[pool-38-thread-1] INFO org.apache.nifi.processors.hive.SelectHiveQL - SelectHiveQL[id=4c5988f2-c7ed-4928-b9f9-615a99304ba5] FlowFile[3,100798984352326.mockFlowFile.3.avro,788B] contains 9 Avro records; transferring to 'success'
[pool-38-thread-1] INFO hive.ql.parse.ParseDriver - Parsing command: SELECT * FROM TEST_QUERY_DB_TABLE
[pool-38-thread-1] INFO hive.ql.parse.ParseDriver - Parse Completed
[pool-38-thread-1] INFO org.apache.nifi.processors.hive.SelectHiveQL - SelectHiveQL[id=4c5988f2-c7ed-4928-b9f9-615a99304ba5] FlowFile[4,100798984352326.mockFlowFile.4.avro,788B] contains 9 Avro records; transferring to 'success'
[pool-38-thread-1] INFO hive.ql.parse.ParseDriver - Parsing command: SELECT * FROM TEST_QUERY_DB_TABLE
[pool-38-thread-1] INFO hive.ql.parse.ParseDriver - Parse Completed
[pool-38-thread-1] INFO org.apache.nifi.processors.hive.SelectHiveQL - SelectHiveQL[id=4c5988f2-c7ed-4928-b9f9-615a99304ba5] FlowFile[5,100798984352326.mockFlowFile.5.avro,788B] contains 9 Avro records; transferring to 'success'
[pool-38-thread-1] INFO hive.ql.parse.ParseDriver - Parsing command: SELECT * FROM TEST_QUERY_DB_TABLE
[pool-38-thread-1] INFO hive.ql.parse.ParseDriver - Parse Completed
[pool-38-thread-1] INFO org.apache.nifi.processors.hive.SelectHiveQL - SelectHiveQL[id=4c5988f2-c7ed-4928-b9f9-615a99304ba5] FlowFile[6,100798984352326.mockFlowFile.6.avro,788B] contains 9 Avro records; transferring to 'success'
[pool-38-thread-1] INFO hive.ql.parse.ParseDriver - Parsing command: SELECT * FROM TEST_QUERY_DB_TABLE
[pool-38-thread-1] INFO hive.ql.parse.ParseDriver - Parse Completed
[pool-38-thread-1] INFO org.apache.nifi.processors.hive.SelectHiveQL - SelectHiveQL[id=4c5988f2-c7ed-4928-b9f9-615a99304ba5] FlowFile[7,100798984352326.mockFlowFile.7.avro,796B] contains 9 Avro records; transferring to 'success'
[pool-38-thread-1] INFO hive.ql.parse.ParseDriver - Parsing command: SELECT * FROM TEST_QUERY_DB_TABLE
[pool-38-thread-1] INFO hive.ql.parse.ParseDriver - Parse Completed
[pool-38-thread-1] INFO org.apache.nifi.processors.hive.SelectHiveQL - SelectHiveQL[id=4c5988f2-c7ed-4928-b9f9-615a99304ba5] FlowFile[8,100798984352326.mockFlowFile.8.avro,797B] contains 9 Avro records; transferring to 'success'
[pool-38-thread-1] INFO hive.ql.parse.ParseDriver - Parsing command: SELECT * FROM TEST_QUERY_DB_TABLE
[pool-38-thread-1] INFO hive.ql.parse.ParseDriver - Parse Completed
[pool-38-thread-1] INFO org.apache.nifi.processors.hive.SelectHiveQL - SelectHiveQL[id=4c5988f2-c7ed-4928-b9f9-615a99304ba5] FlowFile[9,100798984352326.mockFlowFile.9.avro,797B] contains 9 Avro records; transferring to 'success'
[pool-38-thread-1] INFO hive.ql.parse.ParseDriver - Parsing command: SELECT * FROM TEST_QUERY_DB_TABLE
[pool-38-thread-1] INFO hive.ql.parse.ParseDriver - Parse Completed
[pool-38-thread-1] INFO org.apache.nifi.processors.hive.SelectHiveQL - SelectHiveQL[id=4c5988f2-c7ed-4928-b9f9-615a99304ba5] FlowFile[10,100798984352326.mockFlowFile.10.avro,797B] contains 9 Avro records; transferring to 'success'
[pool-38-thread-1] INFO hive.ql.parse.ParseDriver - Parsing command: SELECT * FROM TEST_QUERY_DB_TABLE
[pool-38-thread-1] INFO hive.ql.parse.ParseDriver - Parse Completed
[pool-38-thread-1] INFO org.apache.nifi.processors.hive.SelectHiveQL - SelectHiveQL[id=4c5988f2-c7ed-4928-b9f9-615a99304ba5] FlowFile[11,100798984352326.mockFlowFile.11.avro,396B] contains 1 Avro records; transferring to 'success'
]]></system-err>
  </testcase>
  <testcase name="invokeOnTriggerExceptionInPostQueriesWithIncomingFlows" classname="org.apache.nifi.processors.hive.TestSelectHiveQL" time="0.343">
    <system-err><![CDATA[[main] INFO org.apache.nifi.processors.hive.TestSelectHiveQL - test data loaded
[pool-39-thread-1] INFO hive.ql.parse.ParseDriver - Parsing command: select   PER.ID as PersonId, PER.NAME as PersonName, PER.CODE as PersonCode from persons PER where PER.ID > 10
[pool-39-thread-1] INFO hive.ql.parse.ParseDriver - Parse Completed
[pool-39-thread-1] INFO org.apache.nifi.processors.hive.SelectHiveQL - SelectHiveQL[id=956c0601-2099-4c42-a563-be2dcd022cd2] FlowFile[1,100799320710623.mockFlowFile.0.csv,2253B] contains 90 CSV records; transferring to 'success'
[pool-39-thread-1] ERROR org.apache.nifi.processors.hive.SelectHiveQL - SelectHiveQL[id=956c0601-2099-4c42-a563-be2dcd022cd2] Issue processing SQL select exception from persons due to java.sql.SQLSyntaxErrorException: Syntax error: Encountered "exception" at line 1, column 8..: java.sql.SQLSyntaxErrorException: Syntax error: Encountered "exception" at line 1, column 8.
java.sql.SQLSyntaxErrorException: Syntax error: Encountered "exception" at line 1, column 8.
	at org.apache.derby.impl.jdbc.SQLExceptionFactory.getSQLException(Unknown Source)
	at org.apache.derby.impl.jdbc.Util.generateCsSQLException(Unknown Source)
	at org.apache.derby.impl.jdbc.TransactionResourceImpl.wrapInSQLException(Unknown Source)
	at org.apache.derby.impl.jdbc.TransactionResourceImpl.handleException(Unknown Source)
	at org.apache.derby.impl.jdbc.EmbedConnection.handleException(Unknown Source)
	at org.apache.derby.impl.jdbc.ConnectionChild.handleException(Unknown Source)
	at org.apache.derby.impl.jdbc.EmbedStatement.execute(Unknown Source)
	at org.apache.derby.impl.jdbc.EmbedStatement.execute(Unknown Source)
	at org.apache.nifi.processors.hive.SelectHiveQL.executeConfigStatements(SelectHiveQL.java:550)
	at org.apache.nifi.processors.hive.SelectHiveQL.onTrigger(SelectHiveQL.java:502)
	at org.apache.nifi.processors.hive.SelectHiveQL.lambda$onTrigger$0(SelectHiveQL.java:294)
	at org.apache.nifi.processor.util.pattern.PartialFunctions.onTrigger(PartialFunctions.java:120)
	at org.apache.nifi.processor.util.pattern.PartialFunctions.onTrigger(PartialFunctions.java:112)
	at org.apache.nifi.processors.hive.SelectHiveQL.onTrigger(SelectHiveQL.java:294)
	at org.apache.nifi.util.StandardProcessorTestRunner$RunProcessor.call(StandardProcessorTestRunner.java:284)
	at org.apache.nifi.util.StandardProcessorTestRunner$RunProcessor.call(StandardProcessorTestRunner.java:278)
	at java.util.concurrent.FutureTask.run(FutureTask.java:266)
	at java.util.concurrent.ScheduledThreadPoolExecutor$ScheduledFutureTask.access$201(ScheduledThreadPoolExecutor.java:180)
	at java.util.concurrent.ScheduledThreadPoolExecutor$ScheduledFutureTask.run(ScheduledThreadPoolExecutor.java:293)
	at java.util.concurrent.ThreadPoolExecutor.runWorker(ThreadPoolExecutor.java:1149)
	at java.util.concurrent.ThreadPoolExecutor$Worker.run(ThreadPoolExecutor.java:624)
	at java.lang.Thread.run(Thread.java:750)
Caused by: ERROR 42X01: Syntax error: Encountered "exception" at line 1, column 8.
	at org.apache.derby.iapi.error.StandardException.newException(Unknown Source)
	at org.apache.derby.iapi.error.StandardException.newException(Unknown Source)
	at org.apache.derby.impl.sql.compile.ParserImpl.parseStatementOrSearchCondition(Unknown Source)
	at org.apache.derby.impl.sql.compile.ParserImpl.parseStatement(Unknown Source)
	at org.apache.derby.impl.sql.GenericStatement.prepMinion(Unknown Source)
	at org.apache.derby.impl.sql.GenericStatement.prepare(Unknown Source)
	at org.apache.derby.impl.sql.conn.GenericLanguageConnectionContext.prepareInternalStatement(Unknown Source)
	... 16 more
[pool-39-thread-1] ERROR org.apache.nifi.processors.hive.SelectHiveQL - SelectHiveQL[id=956c0601-2099-4c42-a563-be2dcd022cd2] Unable to execute HiveQL select query select exception from persons for FlowFile[0,100799320710623.mockFlowFile,5B] due to java.sql.SQLSyntaxErrorException: Syntax error: Encountered "exception" at line 1, column 8.; routing to failure: java.sql.SQLSyntaxErrorException: Syntax error: Encountered "exception" at line 1, column 8.
java.sql.SQLSyntaxErrorException: Syntax error: Encountered "exception" at line 1, column 8.
	at org.apache.derby.impl.jdbc.SQLExceptionFactory.getSQLException(Unknown Source)
	at org.apache.derby.impl.jdbc.Util.generateCsSQLException(Unknown Source)
	at org.apache.derby.impl.jdbc.TransactionResourceImpl.wrapInSQLException(Unknown Source)
	at org.apache.derby.impl.jdbc.TransactionResourceImpl.handleException(Unknown Source)
	at org.apache.derby.impl.jdbc.EmbedConnection.handleException(Unknown Source)
	at org.apache.derby.impl.jdbc.ConnectionChild.handleException(Unknown Source)
	at org.apache.derby.impl.jdbc.EmbedStatement.execute(Unknown Source)
	at org.apache.derby.impl.jdbc.EmbedStatement.execute(Unknown Source)
	at org.apache.nifi.processors.hive.SelectHiveQL.executeConfigStatements(SelectHiveQL.java:550)
	at org.apache.nifi.processors.hive.SelectHiveQL.onTrigger(SelectHiveQL.java:502)
	at org.apache.nifi.processors.hive.SelectHiveQL.lambda$onTrigger$0(SelectHiveQL.java:294)
	at org.apache.nifi.processor.util.pattern.PartialFunctions.onTrigger(PartialFunctions.java:120)
	at org.apache.nifi.processor.util.pattern.PartialFunctions.onTrigger(PartialFunctions.java:112)
	at org.apache.nifi.processors.hive.SelectHiveQL.onTrigger(SelectHiveQL.java:294)
	at org.apache.nifi.util.StandardProcessorTestRunner$RunProcessor.call(StandardProcessorTestRunner.java:284)
	at org.apache.nifi.util.StandardProcessorTestRunner$RunProcessor.call(StandardProcessorTestRunner.java:278)
	at java.util.concurrent.FutureTask.run(FutureTask.java:266)
	at java.util.concurrent.ScheduledThreadPoolExecutor$ScheduledFutureTask.access$201(ScheduledThreadPoolExecutor.java:180)
	at java.util.concurrent.ScheduledThreadPoolExecutor$ScheduledFutureTask.run(ScheduledThreadPoolExecutor.java:293)
	at java.util.concurrent.ThreadPoolExecutor.runWorker(ThreadPoolExecutor.java:1149)
	at java.util.concurrent.ThreadPoolExecutor$Worker.run(ThreadPoolExecutor.java:624)
	at java.lang.Thread.run(Thread.java:750)
Caused by: ERROR 42X01: Syntax error: Encountered "exception" at line 1, column 8.
	at org.apache.derby.iapi.error.StandardException.newException(Unknown Source)
	at org.apache.derby.iapi.error.StandardException.newException(Unknown Source)
	at org.apache.derby.impl.sql.compile.ParserImpl.parseStatementOrSearchCondition(Unknown Source)
	at org.apache.derby.impl.sql.compile.ParserImpl.parseStatement(Unknown Source)
	at org.apache.derby.impl.sql.GenericStatement.prepMinion(Unknown Source)
	at org.apache.derby.impl.sql.GenericStatement.prepare(Unknown Source)
	at org.apache.derby.impl.sql.conn.GenericLanguageConnectionContext.prepareInternalStatement(Unknown Source)
	... 16 more
]]></system-err>
  </testcase>
  <testcase name="invokeOnTriggerWithValidPreQieries" classname="org.apache.nifi.processors.hive.TestSelectHiveQL" time="0.213">
    <system-err><![CDATA[[main] INFO org.apache.nifi.processors.hive.TestSelectHiveQL - test data loaded
[pool-40-thread-1] INFO hive.ql.parse.ParseDriver - Parsing command: select   PER.ID as PersonId, PER.NAME as PersonName, PER.CODE as PersonCode from persons PER where PER.ID > 10
[pool-40-thread-1] INFO hive.ql.parse.ParseDriver - Parse Completed
[pool-40-thread-1] INFO org.apache.nifi.processors.hive.SelectHiveQL - SelectHiveQL[id=036dff34-0520-4b65-a5de-752493a348b1] FlowFile[0,100799555875374.mockFlowFile.0.csv,2253B] contains 90 CSV records; transferring to 'success'
]]></system-err>
  </testcase>
  <testcase name="testNoIncomingConnection" classname="org.apache.nifi.processors.hive.TestSelectHiveQL" time="0.217">
    <system-err><![CDATA[[main] INFO org.apache.nifi.processors.hive.TestSelectHiveQL - test data loaded
[pool-41-thread-1] INFO hive.ql.parse.ParseDriver - Parsing command: select   PER.ID as PersonId, PER.NAME as PersonName, PER.CODE as PersonCode from persons PER where PER.ID > 10
[pool-41-thread-1] INFO hive.ql.parse.ParseDriver - Parse Completed
[pool-41-thread-1] INFO org.apache.nifi.processors.hive.SelectHiveQL - SelectHiveQL[id=0653699d-57a4-49fc-a96a-7ec24d05bc58] FlowFile[0,100799772269182.mockFlowFile.0.avro,2104B] contains 90 Avro records; transferring to 'success'
]]></system-err>
  </testcase>
  <testcase name="testWithSqlException" classname="org.apache.nifi.processors.hive.TestSelectHiveQL" time="0.014">
    <system-err><![CDATA[[pool-42-thread-1] ERROR org.apache.nifi.processors.hive.SelectHiveQL - SelectHiveQL[id=1ec07935-3583-4d60-b3b4-04f2f9bb893b] Issue processing SQL SELECT val1 FROM TEST_NO_ROWS due to java.sql.SQLSyntaxErrorException: Column 'VAL1' is either not in any table in the FROM list or appears within a join specification and is outside the scope of the join specification or appears in a HAVING clause and is not in the GROUP BY list. If this is a CREATE or ALTER TABLE  statement then 'VAL1' is not a column in the target table..: java.sql.SQLSyntaxErrorException: Column 'VAL1' is either not in any table in the FROM list or appears within a join specification and is outside the scope of the join specification or appears in a HAVING clause and is not in the GROUP BY list. If this is a CREATE or ALTER TABLE  statement then 'VAL1' is not a column in the target table.
java.sql.SQLSyntaxErrorException: Column 'VAL1' is either not in any table in the FROM list or appears within a join specification and is outside the scope of the join specification or appears in a HAVING clause and is not in the GROUP BY list. If this is a CREATE or ALTER TABLE  statement then 'VAL1' is not a column in the target table.
	at org.apache.derby.impl.jdbc.SQLExceptionFactory.getSQLException(Unknown Source)
	at org.apache.derby.impl.jdbc.Util.generateCsSQLException(Unknown Source)
	at org.apache.derby.impl.jdbc.TransactionResourceImpl.wrapInSQLException(Unknown Source)
	at org.apache.derby.impl.jdbc.TransactionResourceImpl.handleException(Unknown Source)
	at org.apache.derby.impl.jdbc.EmbedConnection.handleException(Unknown Source)
	at org.apache.derby.impl.jdbc.ConnectionChild.handleException(Unknown Source)
	at org.apache.derby.impl.jdbc.EmbedStatement.execute(Unknown Source)
	at org.apache.derby.impl.jdbc.EmbedStatement.executeQuery(Unknown Source)
	at org.apache.nifi.processors.hive.SelectHiveQL.onTrigger(SelectHiveQL.java:388)
	at org.apache.nifi.processors.hive.SelectHiveQL.lambda$onTrigger$0(SelectHiveQL.java:294)
	at org.apache.nifi.processor.util.pattern.PartialFunctions.onTrigger(PartialFunctions.java:120)
	at org.apache.nifi.processor.util.pattern.PartialFunctions.onTrigger(PartialFunctions.java:112)
	at org.apache.nifi.processors.hive.SelectHiveQL.onTrigger(SelectHiveQL.java:294)
	at org.apache.nifi.util.StandardProcessorTestRunner$RunProcessor.call(StandardProcessorTestRunner.java:284)
	at org.apache.nifi.util.StandardProcessorTestRunner$RunProcessor.call(StandardProcessorTestRunner.java:278)
	at java.util.concurrent.FutureTask.run(FutureTask.java:266)
	at java.util.concurrent.ScheduledThreadPoolExecutor$ScheduledFutureTask.access$201(ScheduledThreadPoolExecutor.java:180)
	at java.util.concurrent.ScheduledThreadPoolExecutor$ScheduledFutureTask.run(ScheduledThreadPoolExecutor.java:293)
	at java.util.concurrent.ThreadPoolExecutor.runWorker(ThreadPoolExecutor.java:1149)
	at java.util.concurrent.ThreadPoolExecutor$Worker.run(ThreadPoolExecutor.java:624)
	at java.lang.Thread.run(Thread.java:750)
Caused by: ERROR 42X04: Column 'VAL1' is either not in any table in the FROM list or appears within a join specification and is outside the scope of the join specification or appears in a HAVING clause and is not in the GROUP BY list. If this is a CREATE or ALTER TABLE  statement then 'VAL1' is not a column in the target table.
	at org.apache.derby.iapi.error.StandardException.newException(Unknown Source)
	at org.apache.derby.iapi.error.StandardException.newException(Unknown Source)
	at org.apache.derby.impl.sql.compile.ColumnReference.bindExpression(Unknown Source)
	at org.apache.derby.impl.sql.compile.ColumnReference.bindExpression(Unknown Source)
	at org.apache.derby.impl.sql.compile.ResultColumn.bindExpression(Unknown Source)
	at org.apache.derby.impl.sql.compile.ResultColumnList.bindExpressions(Unknown Source)
	at org.apache.derby.impl.sql.compile.SelectNode.bindExpressions(Unknown Source)
	at org.apache.derby.impl.sql.compile.DMLStatementNode.bindExpressions(Unknown Source)
	at org.apache.derby.impl.sql.compile.DMLStatementNode.bind(Unknown Source)
	at org.apache.derby.impl.sql.compile.CursorNode.bindStatement(Unknown Source)
	at org.apache.derby.impl.sql.GenericStatement.prepMinion(Unknown Source)
	at org.apache.derby.impl.sql.GenericStatement.prepare(Unknown Source)
	at org.apache.derby.impl.sql.conn.GenericLanguageConnectionContext.prepareInternalStatement(Unknown Source)
	... 15 more
[pool-42-thread-1] ERROR org.apache.nifi.processors.hive.SelectHiveQL - SelectHiveQL[id=1ec07935-3583-4d60-b3b4-04f2f9bb893b] Unable to execute HiveQL select query SELECT val1 FROM TEST_NO_ROWS due to java.sql.SQLSyntaxErrorException: Column 'VAL1' is either not in any table in the FROM list or appears within a join specification and is outside the scope of the join specification or appears in a HAVING clause and is not in the GROUP BY list. If this is a CREATE or ALTER TABLE  statement then 'VAL1' is not a column in the target table.; routing to failure: java.sql.SQLSyntaxErrorException: Column 'VAL1' is either not in any table in the FROM list or appears within a join specification and is outside the scope of the join specification or appears in a HAVING clause and is not in the GROUP BY list. If this is a CREATE or ALTER TABLE  statement then 'VAL1' is not a column in the target table.
java.sql.SQLSyntaxErrorException: Column 'VAL1' is either not in any table in the FROM list or appears within a join specification and is outside the scope of the join specification or appears in a HAVING clause and is not in the GROUP BY list. If this is a CREATE or ALTER TABLE  statement then 'VAL1' is not a column in the target table.
	at org.apache.derby.impl.jdbc.SQLExceptionFactory.getSQLException(Unknown Source)
	at org.apache.derby.impl.jdbc.Util.generateCsSQLException(Unknown Source)
	at org.apache.derby.impl.jdbc.TransactionResourceImpl.wrapInSQLException(Unknown Source)
	at org.apache.derby.impl.jdbc.TransactionResourceImpl.handleException(Unknown Source)
	at org.apache.derby.impl.jdbc.EmbedConnection.handleException(Unknown Source)
	at org.apache.derby.impl.jdbc.ConnectionChild.handleException(Unknown Source)
	at org.apache.derby.impl.jdbc.EmbedStatement.execute(Unknown Source)
	at org.apache.derby.impl.jdbc.EmbedStatement.executeQuery(Unknown Source)
	at org.apache.nifi.processors.hive.SelectHiveQL.onTrigger(SelectHiveQL.java:388)
	at org.apache.nifi.processors.hive.SelectHiveQL.lambda$onTrigger$0(SelectHiveQL.java:294)
	at org.apache.nifi.processor.util.pattern.PartialFunctions.onTrigger(PartialFunctions.java:120)
	at org.apache.nifi.processor.util.pattern.PartialFunctions.onTrigger(PartialFunctions.java:112)
	at org.apache.nifi.processors.hive.SelectHiveQL.onTrigger(SelectHiveQL.java:294)
	at org.apache.nifi.util.StandardProcessorTestRunner$RunProcessor.call(StandardProcessorTestRunner.java:284)
	at org.apache.nifi.util.StandardProcessorTestRunner$RunProcessor.call(StandardProcessorTestRunner.java:278)
	at java.util.concurrent.FutureTask.run(FutureTask.java:266)
	at java.util.concurrent.ScheduledThreadPoolExecutor$ScheduledFutureTask.access$201(ScheduledThreadPoolExecutor.java:180)
	at java.util.concurrent.ScheduledThreadPoolExecutor$ScheduledFutureTask.run(ScheduledThreadPoolExecutor.java:293)
	at java.util.concurrent.ThreadPoolExecutor.runWorker(ThreadPoolExecutor.java:1149)
	at java.util.concurrent.ThreadPoolExecutor$Worker.run(ThreadPoolExecutor.java:624)
	at java.lang.Thread.run(Thread.java:750)
Caused by: ERROR 42X04: Column 'VAL1' is either not in any table in the FROM list or appears within a join specification and is outside the scope of the join specification or appears in a HAVING clause and is not in the GROUP BY list. If this is a CREATE or ALTER TABLE  statement then 'VAL1' is not a column in the target table.
	at org.apache.derby.iapi.error.StandardException.newException(Unknown Source)
	at org.apache.derby.iapi.error.StandardException.newException(Unknown Source)
	at org.apache.derby.impl.sql.compile.ColumnReference.bindExpression(Unknown Source)
	at org.apache.derby.impl.sql.compile.ColumnReference.bindExpression(Unknown Source)
	at org.apache.derby.impl.sql.compile.ResultColumn.bindExpression(Unknown Source)
	at org.apache.derby.impl.sql.compile.ResultColumnList.bindExpressions(Unknown Source)
	at org.apache.derby.impl.sql.compile.SelectNode.bindExpressions(Unknown Source)
	at org.apache.derby.impl.sql.compile.DMLStatementNode.bindExpressions(Unknown Source)
	at org.apache.derby.impl.sql.compile.DMLStatementNode.bind(Unknown Source)
	at org.apache.derby.impl.sql.compile.CursorNode.bindStatement(Unknown Source)
	at org.apache.derby.impl.sql.GenericStatement.prepMinion(Unknown Source)
	at org.apache.derby.impl.sql.GenericStatement.prepare(Unknown Source)
	at org.apache.derby.impl.sql.conn.GenericLanguageConnectionContext.prepareInternalStatement(Unknown Source)
	... 15 more
]]></system-err>
  </testcase>
  <testcase name="testMaxRowsPerFlowFileWithMaxFragments" classname="org.apache.nifi.processors.hive.TestSelectHiveQL" time="0.221">
    <system-err><![CDATA[[pool-43-thread-1] INFO hive.ql.parse.ParseDriver - Parsing command: SELECT * FROM TEST_QUERY_DB_TABLE
[pool-43-thread-1] INFO hive.ql.parse.ParseDriver - Parse Completed
[pool-43-thread-1] INFO org.apache.nifi.processors.hive.SelectHiveQL - SelectHiveQL[id=1567651a-ffc5-4c8a-b69b-eff70c75bffb] FlowFile[0,100800005991583.mockFlowFile.0.avro,788B] contains 9 Avro records; transferring to 'success'
[pool-43-thread-1] INFO hive.ql.parse.ParseDriver - Parsing command: SELECT * FROM TEST_QUERY_DB_TABLE
[pool-43-thread-1] INFO hive.ql.parse.ParseDriver - Parse Completed
[pool-43-thread-1] INFO org.apache.nifi.processors.hive.SelectHiveQL - SelectHiveQL[id=1567651a-ffc5-4c8a-b69b-eff70c75bffb] FlowFile[1,100800005991583.mockFlowFile.1.avro,788B] contains 9 Avro records; transferring to 'success'
[pool-43-thread-1] INFO hive.ql.parse.ParseDriver - Parsing command: SELECT * FROM TEST_QUERY_DB_TABLE
[pool-43-thread-1] INFO hive.ql.parse.ParseDriver - Parse Completed
[pool-43-thread-1] INFO org.apache.nifi.processors.hive.SelectHiveQL - SelectHiveQL[id=1567651a-ffc5-4c8a-b69b-eff70c75bffb] FlowFile[2,100800005991583.mockFlowFile.2.avro,788B] contains 9 Avro records; transferring to 'success'
]]></system-err>
  </testcase>
  <testcase name="invokeOnTriggerWithCsv" classname="org.apache.nifi.processors.hive.TestSelectHiveQL" time="0.181">
    <system-err><![CDATA[[main] INFO org.apache.nifi.processors.hive.TestSelectHiveQL - test data loaded
[pool-44-thread-1] INFO hive.ql.parse.ParseDriver - Parsing command: select   PER.ID as PersonId, PER.NAME as PersonName, PER.CODE as PersonCode from persons PER where PER.ID > 10
[pool-44-thread-1] INFO hive.ql.parse.ParseDriver - Parse Completed
[pool-44-thread-1] INFO org.apache.nifi.processors.hive.SelectHiveQL - SelectHiveQL[id=5086c495-e003-466e-87ae-d199eebd6c54] FlowFile[0,100800188846314.mockFlowFile.0.csv,2253B] contains 90 CSV records; transferring to 'success'
]]></system-err>
  </testcase>
  <testcase name="invokeOnTriggerWithAvro" classname="org.apache.nifi.processors.hive.TestSelectHiveQL" time="0.165">
    <system-err><![CDATA[[main] INFO org.apache.nifi.processors.hive.TestSelectHiveQL - test data loaded
[pool-45-thread-1] INFO hive.ql.parse.ParseDriver - Parsing command: select   PER.ID as PersonId, PER.NAME as PersonName, PER.CODE as PersonCode from persons PER where PER.ID > 10
[pool-45-thread-1] INFO hive.ql.parse.ParseDriver - Parse Completed
[pool-45-thread-1] INFO org.apache.nifi.processors.hive.SelectHiveQL - SelectHiveQL[id=165adafb-2f61-4b59-88ee-7dcce37797b9] FlowFile[0,100800353960780.mockFlowFile.0.avro,2104B] contains 90 Avro records; transferring to 'success'
]]></system-err>
  </testcase>
  <testcase name="invokeOnTriggerWithValidPostQieries" classname="org.apache.nifi.processors.hive.TestSelectHiveQL" time="0.176">
    <system-err><![CDATA[[main] INFO org.apache.nifi.processors.hive.TestSelectHiveQL - test data loaded
[pool-46-thread-1] INFO hive.ql.parse.ParseDriver - Parsing command: select   PER.ID as PersonId, PER.NAME as PersonName, PER.CODE as PersonCode from persons PER where PER.ID > 10
[pool-46-thread-1] INFO hive.ql.parse.ParseDriver - Parse Completed
[pool-46-thread-1] INFO org.apache.nifi.processors.hive.SelectHiveQL - SelectHiveQL[id=b755b016-739f-4c73-8adf-4bb1d2b0725f] FlowFile[0,100800527724612.mockFlowFile.0.csv,2253B] contains 90 CSV records; transferring to 'success'
]]></system-err>
  </testcase>
  <testcase name="invokeOnTriggerExceptionInPostQueriesNoIncomingFlows" classname="org.apache.nifi.processors.hive.TestSelectHiveQL" time="0.172">
    <system-err><![CDATA[[main] INFO org.apache.nifi.processors.hive.TestSelectHiveQL - test data loaded
[pool-47-thread-1] INFO hive.ql.parse.ParseDriver - Parsing command: select   PER.ID as PersonId, PER.NAME as PersonName, PER.CODE as PersonCode from persons PER where PER.ID > 10
[pool-47-thread-1] INFO hive.ql.parse.ParseDriver - Parse Completed
[pool-47-thread-1] INFO org.apache.nifi.processors.hive.SelectHiveQL - SelectHiveQL[id=25d0ef72-22c2-4262-acd4-9f2b9da8014f] FlowFile[0,100800701931130.mockFlowFile.0.csv,2253B] contains 90 CSV records; transferring to 'success'
[pool-47-thread-1] ERROR org.apache.nifi.processors.hive.SelectHiveQL - SelectHiveQL[id=25d0ef72-22c2-4262-acd4-9f2b9da8014f] Issue processing SQL select exception from persons due to java.sql.SQLSyntaxErrorException: Syntax error: Encountered "exception" at line 1, column 8..: java.sql.SQLSyntaxErrorException: Syntax error: Encountered "exception" at line 1, column 8.
java.sql.SQLSyntaxErrorException: Syntax error: Encountered "exception" at line 1, column 8.
	at org.apache.derby.impl.jdbc.SQLExceptionFactory.getSQLException(Unknown Source)
	at org.apache.derby.impl.jdbc.Util.generateCsSQLException(Unknown Source)
	at org.apache.derby.impl.jdbc.TransactionResourceImpl.wrapInSQLException(Unknown Source)
	at org.apache.derby.impl.jdbc.TransactionResourceImpl.handleException(Unknown Source)
	at org.apache.derby.impl.jdbc.EmbedConnection.handleException(Unknown Source)
	at org.apache.derby.impl.jdbc.ConnectionChild.handleException(Unknown Source)
	at org.apache.derby.impl.jdbc.EmbedStatement.execute(Unknown Source)
	at org.apache.derby.impl.jdbc.EmbedStatement.execute(Unknown Source)
	at org.apache.nifi.processors.hive.SelectHiveQL.executeConfigStatements(SelectHiveQL.java:550)
	at org.apache.nifi.processors.hive.SelectHiveQL.onTrigger(SelectHiveQL.java:502)
	at org.apache.nifi.processors.hive.SelectHiveQL.lambda$onTrigger$0(SelectHiveQL.java:294)
	at org.apache.nifi.processor.util.pattern.PartialFunctions.onTrigger(PartialFunctions.java:120)
	at org.apache.nifi.processor.util.pattern.PartialFunctions.onTrigger(PartialFunctions.java:112)
	at org.apache.nifi.processors.hive.SelectHiveQL.onTrigger(SelectHiveQL.java:294)
	at org.apache.nifi.util.StandardProcessorTestRunner$RunProcessor.call(StandardProcessorTestRunner.java:284)
	at org.apache.nifi.util.StandardProcessorTestRunner$RunProcessor.call(StandardProcessorTestRunner.java:278)
	at java.util.concurrent.FutureTask.run(FutureTask.java:266)
	at java.util.concurrent.ScheduledThreadPoolExecutor$ScheduledFutureTask.access$201(ScheduledThreadPoolExecutor.java:180)
	at java.util.concurrent.ScheduledThreadPoolExecutor$ScheduledFutureTask.run(ScheduledThreadPoolExecutor.java:293)
	at java.util.concurrent.ThreadPoolExecutor.runWorker(ThreadPoolExecutor.java:1149)
	at java.util.concurrent.ThreadPoolExecutor$Worker.run(ThreadPoolExecutor.java:624)
	at java.lang.Thread.run(Thread.java:750)
Caused by: ERROR 42X01: Syntax error: Encountered "exception" at line 1, column 8.
	at org.apache.derby.iapi.error.StandardException.newException(Unknown Source)
	at org.apache.derby.iapi.error.StandardException.newException(Unknown Source)
	at org.apache.derby.impl.sql.compile.ParserImpl.parseStatementOrSearchCondition(Unknown Source)
	at org.apache.derby.impl.sql.compile.ParserImpl.parseStatement(Unknown Source)
	at org.apache.derby.impl.sql.GenericStatement.prepMinion(Unknown Source)
	at org.apache.derby.impl.sql.GenericStatement.prepare(Unknown Source)
	at org.apache.derby.impl.sql.conn.GenericLanguageConnectionContext.prepareInternalStatement(Unknown Source)
	... 16 more
[pool-47-thread-1] ERROR org.apache.nifi.processors.hive.SelectHiveQL - SelectHiveQL[id=25d0ef72-22c2-4262-acd4-9f2b9da8014f] Unable to execute HiveQL select query select exception from persons due to java.sql.SQLSyntaxErrorException: Syntax error: Encountered "exception" at line 1, column 8.; routing to failure: java.sql.SQLSyntaxErrorException: Syntax error: Encountered "exception" at line 1, column 8.
java.sql.SQLSyntaxErrorException: Syntax error: Encountered "exception" at line 1, column 8.
	at org.apache.derby.impl.jdbc.SQLExceptionFactory.getSQLException(Unknown Source)
	at org.apache.derby.impl.jdbc.Util.generateCsSQLException(Unknown Source)
	at org.apache.derby.impl.jdbc.TransactionResourceImpl.wrapInSQLException(Unknown Source)
	at org.apache.derby.impl.jdbc.TransactionResourceImpl.handleException(Unknown Source)
	at org.apache.derby.impl.jdbc.EmbedConnection.handleException(Unknown Source)
	at org.apache.derby.impl.jdbc.ConnectionChild.handleException(Unknown Source)
	at org.apache.derby.impl.jdbc.EmbedStatement.execute(Unknown Source)
	at org.apache.derby.impl.jdbc.EmbedStatement.execute(Unknown Source)
	at org.apache.nifi.processors.hive.SelectHiveQL.executeConfigStatements(SelectHiveQL.java:550)
	at org.apache.nifi.processors.hive.SelectHiveQL.onTrigger(SelectHiveQL.java:502)
	at org.apache.nifi.processors.hive.SelectHiveQL.lambda$onTrigger$0(SelectHiveQL.java:294)
	at org.apache.nifi.processor.util.pattern.PartialFunctions.onTrigger(PartialFunctions.java:120)
	at org.apache.nifi.processor.util.pattern.PartialFunctions.onTrigger(PartialFunctions.java:112)
	at org.apache.nifi.processors.hive.SelectHiveQL.onTrigger(SelectHiveQL.java:294)
	at org.apache.nifi.util.StandardProcessorTestRunner$RunProcessor.call(StandardProcessorTestRunner.java:284)
	at org.apache.nifi.util.StandardProcessorTestRunner$RunProcessor.call(StandardProcessorTestRunner.java:278)
	at java.util.concurrent.FutureTask.run(FutureTask.java:266)
	at java.util.concurrent.ScheduledThreadPoolExecutor$ScheduledFutureTask.access$201(ScheduledThreadPoolExecutor.java:180)
	at java.util.concurrent.ScheduledThreadPoolExecutor$ScheduledFutureTask.run(ScheduledThreadPoolExecutor.java:293)
	at java.util.concurrent.ThreadPoolExecutor.runWorker(ThreadPoolExecutor.java:1149)
	at java.util.concurrent.ThreadPoolExecutor$Worker.run(ThreadPoolExecutor.java:624)
	at java.lang.Thread.run(Thread.java:750)
Caused by: ERROR 42X01: Syntax error: Encountered "exception" at line 1, column 8.
	at org.apache.derby.iapi.error.StandardException.newException(Unknown Source)
	at org.apache.derby.iapi.error.StandardException.newException(Unknown Source)
	at org.apache.derby.impl.sql.compile.ParserImpl.parseStatementOrSearchCondition(Unknown Source)
	at org.apache.derby.impl.sql.compile.ParserImpl.parseStatement(Unknown Source)
	at org.apache.derby.impl.sql.GenericStatement.prepMinion(Unknown Source)
	at org.apache.derby.impl.sql.GenericStatement.prepare(Unknown Source)
	at org.apache.derby.impl.sql.conn.GenericLanguageConnectionContext.prepareInternalStatement(Unknown Source)
	... 16 more
]]></system-err>
  </testcase>
  <testcase name="invokeOnTriggerWithValidPrePostQieries" classname="org.apache.nifi.processors.hive.TestSelectHiveQL" time="0.169">
    <system-err><![CDATA[[main] INFO org.apache.nifi.processors.hive.TestSelectHiveQL - test data loaded
[pool-48-thread-1] INFO hive.ql.parse.ParseDriver - Parsing command: select   PER.ID as PersonId, PER.NAME as PersonName, PER.CODE as PersonCode from persons PER where PER.ID > 10
[pool-48-thread-1] INFO hive.ql.parse.ParseDriver - Parse Completed
[pool-48-thread-1] INFO org.apache.nifi.processors.hive.SelectHiveQL - SelectHiveQL[id=8811e04e-4a7e-4e3b-bb02-9b2bd4dd1c76] FlowFile[0,100800870839691.mockFlowFile.0.csv,2253B] contains 90 CSV records; transferring to 'success'
]]></system-err>
  </testcase>
  <testcase name="testNoTimeLimit" classname="org.apache.nifi.processors.hive.TestSelectHiveQL" time="0.175">
    <system-err><![CDATA[[main] INFO org.apache.nifi.processors.hive.TestSelectHiveQL - test data loaded
[pool-49-thread-1] INFO hive.ql.parse.ParseDriver - Parsing command: select   PER.ID as PersonId, PER.NAME as PersonName, PER.CODE as PersonCode from persons PER where PER.ID > 10
[pool-49-thread-1] INFO hive.ql.parse.ParseDriver - Parse Completed
[pool-49-thread-1] INFO org.apache.nifi.processors.hive.SelectHiveQL - SelectHiveQL[id=b1d7a29b-7236-4f66-9679-331474852288] FlowFile[1,100801043255143.mockFlowFile.0.avro,2104B] contains 90 Avro records; transferring to 'success'
]]></system-err>
  </testcase>
  <testcase name="testWithBadSQL" classname="org.apache.nifi.processors.hive.TestSelectHiveQL" time="0.023">
    <system-err><![CDATA[[pool-50-thread-1] ERROR org.apache.nifi.processors.hive.SelectHiveQL - SelectHiveQL[id=68e47a87-9382-4538-a939-da36b9e2b074] Issue processing SQL create table TEST_NO_ROWS (id integer) due to java.sql.SQLException: Table/View 'TEST_NO_ROWS' already exists in Schema 'APP'..: java.sql.SQLException: Table/View 'TEST_NO_ROWS' already exists in Schema 'APP'.
java.sql.SQLException: Table/View 'TEST_NO_ROWS' already exists in Schema 'APP'.
	at org.apache.derby.impl.jdbc.SQLExceptionFactory.getSQLException(Unknown Source)
	at org.apache.derby.impl.jdbc.Util.generateCsSQLException(Unknown Source)
	at org.apache.derby.impl.jdbc.TransactionResourceImpl.wrapInSQLException(Unknown Source)
	at org.apache.derby.impl.jdbc.TransactionResourceImpl.handleException(Unknown Source)
	at org.apache.derby.impl.jdbc.EmbedConnection.handleException(Unknown Source)
	at org.apache.derby.impl.jdbc.ConnectionChild.handleException(Unknown Source)
	at org.apache.derby.impl.jdbc.EmbedStatement.executeStatement(Unknown Source)
	at org.apache.derby.impl.jdbc.EmbedPreparedStatement.executeStatement(Unknown Source)
	at org.apache.derby.impl.jdbc.EmbedPreparedStatement.executeQuery(Unknown Source)
	at org.apache.nifi.processors.hive.SelectHiveQL.onTrigger(SelectHiveQL.java:388)
	at org.apache.nifi.processors.hive.SelectHiveQL.lambda$onTrigger$0(SelectHiveQL.java:294)
	at org.apache.nifi.processor.util.pattern.PartialFunctions.onTrigger(PartialFunctions.java:120)
	at org.apache.nifi.processor.util.pattern.PartialFunctions.onTrigger(PartialFunctions.java:112)
	at org.apache.nifi.processors.hive.SelectHiveQL.onTrigger(SelectHiveQL.java:294)
	at org.apache.nifi.util.StandardProcessorTestRunner$RunProcessor.call(StandardProcessorTestRunner.java:284)
	at org.apache.nifi.util.StandardProcessorTestRunner$RunProcessor.call(StandardProcessorTestRunner.java:278)
	at java.util.concurrent.FutureTask.run(FutureTask.java:266)
	at java.util.concurrent.ScheduledThreadPoolExecutor$ScheduledFutureTask.access$201(ScheduledThreadPoolExecutor.java:180)
	at java.util.concurrent.ScheduledThreadPoolExecutor$ScheduledFutureTask.run(ScheduledThreadPoolExecutor.java:293)
	at java.util.concurrent.ThreadPoolExecutor.runWorker(ThreadPoolExecutor.java:1149)
	at java.util.concurrent.ThreadPoolExecutor$Worker.run(ThreadPoolExecutor.java:624)
	at java.lang.Thread.run(Thread.java:750)
Caused by: ERROR X0Y32: Table/View 'TEST_NO_ROWS' already exists in Schema 'APP'.
	at org.apache.derby.iapi.error.StandardException.newException(Unknown Source)
	at org.apache.derby.iapi.error.StandardException.newException(Unknown Source)
	at org.apache.derby.impl.sql.catalog.DataDictionaryImpl.duplicateDescriptorException(Unknown Source)
	at org.apache.derby.impl.sql.catalog.DataDictionaryImpl.addDescriptor(Unknown Source)
	at org.apache.derby.impl.sql.execute.CreateTableConstantAction.executeConstantAction(Unknown Source)
	at org.apache.derby.impl.sql.execute.MiscResultSet.open(Unknown Source)
	at org.apache.derby.impl.sql.GenericPreparedStatement.executeStmt(Unknown Source)
	at org.apache.derby.impl.sql.GenericPreparedStatement.execute(Unknown Source)
	... 16 more
[pool-50-thread-1] ERROR org.apache.nifi.processors.hive.SelectHiveQL - SelectHiveQL[id=68e47a87-9382-4538-a939-da36b9e2b074] Unable to execute HiveQL select query create table TEST_NO_ROWS (id integer) for FlowFile[0,100801052491143.mockFlowFile,38B] due to java.sql.SQLException: Table/View 'TEST_NO_ROWS' already exists in Schema 'APP'.; routing to failure: java.sql.SQLException: Table/View 'TEST_NO_ROWS' already exists in Schema 'APP'.
java.sql.SQLException: Table/View 'TEST_NO_ROWS' already exists in Schema 'APP'.
	at org.apache.derby.impl.jdbc.SQLExceptionFactory.getSQLException(Unknown Source)
	at org.apache.derby.impl.jdbc.Util.generateCsSQLException(Unknown Source)
	at org.apache.derby.impl.jdbc.TransactionResourceImpl.wrapInSQLException(Unknown Source)
	at org.apache.derby.impl.jdbc.TransactionResourceImpl.handleException(Unknown Source)
	at org.apache.derby.impl.jdbc.EmbedConnection.handleException(Unknown Source)
	at org.apache.derby.impl.jdbc.ConnectionChild.handleException(Unknown Source)
	at org.apache.derby.impl.jdbc.EmbedStatement.executeStatement(Unknown Source)
	at org.apache.derby.impl.jdbc.EmbedPreparedStatement.executeStatement(Unknown Source)
	at org.apache.derby.impl.jdbc.EmbedPreparedStatement.executeQuery(Unknown Source)
	at org.apache.nifi.processors.hive.SelectHiveQL.onTrigger(SelectHiveQL.java:388)
	at org.apache.nifi.processors.hive.SelectHiveQL.lambda$onTrigger$0(SelectHiveQL.java:294)
	at org.apache.nifi.processor.util.pattern.PartialFunctions.onTrigger(PartialFunctions.java:120)
	at org.apache.nifi.processor.util.pattern.PartialFunctions.onTrigger(PartialFunctions.java:112)
	at org.apache.nifi.processors.hive.SelectHiveQL.onTrigger(SelectHiveQL.java:294)
	at org.apache.nifi.util.StandardProcessorTestRunner$RunProcessor.call(StandardProcessorTestRunner.java:284)
	at org.apache.nifi.util.StandardProcessorTestRunner$RunProcessor.call(StandardProcessorTestRunner.java:278)
	at java.util.concurrent.FutureTask.run(FutureTask.java:266)
	at java.util.concurrent.ScheduledThreadPoolExecutor$ScheduledFutureTask.access$201(ScheduledThreadPoolExecutor.java:180)
	at java.util.concurrent.ScheduledThreadPoolExecutor$ScheduledFutureTask.run(ScheduledThreadPoolExecutor.java:293)
	at java.util.concurrent.ThreadPoolExecutor.runWorker(ThreadPoolExecutor.java:1149)
	at java.util.concurrent.ThreadPoolExecutor$Worker.run(ThreadPoolExecutor.java:624)
	at java.lang.Thread.run(Thread.java:750)
Caused by: ERROR X0Y32: Table/View 'TEST_NO_ROWS' already exists in Schema 'APP'.
	at org.apache.derby.iapi.error.StandardException.newException(Unknown Source)
	at org.apache.derby.iapi.error.StandardException.newException(Unknown Source)
	at org.apache.derby.impl.sql.catalog.DataDictionaryImpl.duplicateDescriptorException(Unknown Source)
	at org.apache.derby.impl.sql.catalog.DataDictionaryImpl.addDescriptor(Unknown Source)
	at org.apache.derby.impl.sql.execute.CreateTableConstantAction.executeConstantAction(Unknown Source)
	at org.apache.derby.impl.sql.execute.MiscResultSet.open(Unknown Source)
	at org.apache.derby.impl.sql.GenericPreparedStatement.executeStmt(Unknown Source)
	at org.apache.derby.impl.sql.GenericPreparedStatement.execute(Unknown Source)
	... 16 more
[pool-51-thread-1] ERROR org.apache.nifi.processors.hive.SelectHiveQL - SelectHiveQL[id=68e47a87-9382-4538-a939-da36b9e2b074] Issue processing SQL create table TEST_NO_ROWS (id integer) due to java.sql.SQLException: Table/View 'TEST_NO_ROWS' already exists in Schema 'APP'..: java.sql.SQLException: Table/View 'TEST_NO_ROWS' already exists in Schema 'APP'.
java.sql.SQLException: Table/View 'TEST_NO_ROWS' already exists in Schema 'APP'.
	at org.apache.derby.impl.jdbc.SQLExceptionFactory.getSQLException(Unknown Source)
	at org.apache.derby.impl.jdbc.Util.generateCsSQLException(Unknown Source)
	at org.apache.derby.impl.jdbc.TransactionResourceImpl.wrapInSQLException(Unknown Source)
	at org.apache.derby.impl.jdbc.TransactionResourceImpl.handleException(Unknown Source)
	at org.apache.derby.impl.jdbc.EmbedConnection.handleException(Unknown Source)
	at org.apache.derby.impl.jdbc.ConnectionChild.handleException(Unknown Source)
	at org.apache.derby.impl.jdbc.EmbedStatement.executeStatement(Unknown Source)
	at org.apache.derby.impl.jdbc.EmbedStatement.execute(Unknown Source)
	at org.apache.derby.impl.jdbc.EmbedStatement.executeQuery(Unknown Source)
	at org.apache.nifi.processors.hive.SelectHiveQL.onTrigger(SelectHiveQL.java:388)
	at org.apache.nifi.processors.hive.SelectHiveQL.lambda$onTrigger$0(SelectHiveQL.java:294)
	at org.apache.nifi.processor.util.pattern.PartialFunctions.onTrigger(PartialFunctions.java:120)
	at org.apache.nifi.processor.util.pattern.PartialFunctions.onTrigger(PartialFunctions.java:112)
	at org.apache.nifi.processors.hive.SelectHiveQL.onTrigger(SelectHiveQL.java:294)
	at org.apache.nifi.util.StandardProcessorTestRunner$RunProcessor.call(StandardProcessorTestRunner.java:284)
	at org.apache.nifi.util.StandardProcessorTestRunner$RunProcessor.call(StandardProcessorTestRunner.java:278)
	at java.util.concurrent.FutureTask.run(FutureTask.java:266)
	at java.util.concurrent.ScheduledThreadPoolExecutor$ScheduledFutureTask.access$201(ScheduledThreadPoolExecutor.java:180)
	at java.util.concurrent.ScheduledThreadPoolExecutor$ScheduledFutureTask.run(ScheduledThreadPoolExecutor.java:293)
	at java.util.concurrent.ThreadPoolExecutor.runWorker(ThreadPoolExecutor.java:1149)
	at java.util.concurrent.ThreadPoolExecutor$Worker.run(ThreadPoolExecutor.java:624)
	at java.lang.Thread.run(Thread.java:750)
Caused by: ERROR X0Y32: Table/View 'TEST_NO_ROWS' already exists in Schema 'APP'.
	at org.apache.derby.iapi.error.StandardException.newException(Unknown Source)
	at org.apache.derby.iapi.error.StandardException.newException(Unknown Source)
	at org.apache.derby.impl.sql.catalog.DataDictionaryImpl.duplicateDescriptorException(Unknown Source)
	at org.apache.derby.impl.sql.catalog.DataDictionaryImpl.addDescriptor(Unknown Source)
	at org.apache.derby.impl.sql.execute.CreateTableConstantAction.executeConstantAction(Unknown Source)
	at org.apache.derby.impl.sql.execute.MiscResultSet.open(Unknown Source)
	at org.apache.derby.impl.sql.GenericPreparedStatement.executeStmt(Unknown Source)
	at org.apache.derby.impl.sql.GenericPreparedStatement.execute(Unknown Source)
	... 16 more
[pool-51-thread-1] ERROR org.apache.nifi.processors.hive.SelectHiveQL - SelectHiveQL[id=68e47a87-9382-4538-a939-da36b9e2b074] Unable to execute HiveQL select query create table TEST_NO_ROWS (id integer) due to java.sql.SQLException: Table/View 'TEST_NO_ROWS' already exists in Schema 'APP'.; routing to failure: java.sql.SQLException: Table/View 'TEST_NO_ROWS' already exists in Schema 'APP'.
java.sql.SQLException: Table/View 'TEST_NO_ROWS' already exists in Schema 'APP'.
	at org.apache.derby.impl.jdbc.SQLExceptionFactory.getSQLException(Unknown Source)
	at org.apache.derby.impl.jdbc.Util.generateCsSQLException(Unknown Source)
	at org.apache.derby.impl.jdbc.TransactionResourceImpl.wrapInSQLException(Unknown Source)
	at org.apache.derby.impl.jdbc.TransactionResourceImpl.handleException(Unknown Source)
	at org.apache.derby.impl.jdbc.EmbedConnection.handleException(Unknown Source)
	at org.apache.derby.impl.jdbc.ConnectionChild.handleException(Unknown Source)
	at org.apache.derby.impl.jdbc.EmbedStatement.executeStatement(Unknown Source)
	at org.apache.derby.impl.jdbc.EmbedStatement.execute(Unknown Source)
	at org.apache.derby.impl.jdbc.EmbedStatement.executeQuery(Unknown Source)
	at org.apache.nifi.processors.hive.SelectHiveQL.onTrigger(SelectHiveQL.java:388)
	at org.apache.nifi.processors.hive.SelectHiveQL.lambda$onTrigger$0(SelectHiveQL.java:294)
	at org.apache.nifi.processor.util.pattern.PartialFunctions.onTrigger(PartialFunctions.java:120)
	at org.apache.nifi.processor.util.pattern.PartialFunctions.onTrigger(PartialFunctions.java:112)
	at org.apache.nifi.processors.hive.SelectHiveQL.onTrigger(SelectHiveQL.java:294)
	at org.apache.nifi.util.StandardProcessorTestRunner$RunProcessor.call(StandardProcessorTestRunner.java:284)
	at org.apache.nifi.util.StandardProcessorTestRunner$RunProcessor.call(StandardProcessorTestRunner.java:278)
	at java.util.concurrent.FutureTask.run(FutureTask.java:266)
	at java.util.concurrent.ScheduledThreadPoolExecutor$ScheduledFutureTask.access$201(ScheduledThreadPoolExecutor.java:180)
	at java.util.concurrent.ScheduledThreadPoolExecutor$ScheduledFutureTask.run(ScheduledThreadPoolExecutor.java:293)
	at java.util.concurrent.ThreadPoolExecutor.runWorker(ThreadPoolExecutor.java:1149)
	at java.util.concurrent.ThreadPoolExecutor$Worker.run(ThreadPoolExecutor.java:624)
	at java.lang.Thread.run(Thread.java:750)
Caused by: ERROR X0Y32: Table/View 'TEST_NO_ROWS' already exists in Schema 'APP'.
	at org.apache.derby.iapi.error.StandardException.newException(Unknown Source)
	at org.apache.derby.iapi.error.StandardException.newException(Unknown Source)
	at org.apache.derby.impl.sql.catalog.DataDictionaryImpl.duplicateDescriptorException(Unknown Source)
	at org.apache.derby.impl.sql.catalog.DataDictionaryImpl.addDescriptor(Unknown Source)
	at org.apache.derby.impl.sql.execute.CreateTableConstantAction.executeConstantAction(Unknown Source)
	at org.apache.derby.impl.sql.execute.MiscResultSet.open(Unknown Source)
	at org.apache.derby.impl.sql.GenericPreparedStatement.executeStmt(Unknown Source)
	at org.apache.derby.impl.sql.GenericPreparedStatement.execute(Unknown Source)
	... 16 more
]]></system-err>
  </testcase>
  <testcase name="invokeOnTriggerExceptionInPreQueriesNoIncomingFlows" classname="org.apache.nifi.processors.hive.TestSelectHiveQL" time="0.171">
    <system-err><![CDATA[[main] INFO org.apache.nifi.processors.hive.TestSelectHiveQL - test data loaded
[pool-52-thread-1] ERROR org.apache.nifi.processors.hive.SelectHiveQL - SelectHiveQL[id=93c85128-bf99-49d2-892a-cc8859afba4d] Issue processing SQL select exception from persons due to java.sql.SQLSyntaxErrorException: Syntax error: Encountered "exception" at line 1, column 8..: java.sql.SQLSyntaxErrorException: Syntax error: Encountered "exception" at line 1, column 8.
java.sql.SQLSyntaxErrorException: Syntax error: Encountered "exception" at line 1, column 8.
	at org.apache.derby.impl.jdbc.SQLExceptionFactory.getSQLException(Unknown Source)
	at org.apache.derby.impl.jdbc.Util.generateCsSQLException(Unknown Source)
	at org.apache.derby.impl.jdbc.TransactionResourceImpl.wrapInSQLException(Unknown Source)
	at org.apache.derby.impl.jdbc.TransactionResourceImpl.handleException(Unknown Source)
	at org.apache.derby.impl.jdbc.EmbedConnection.handleException(Unknown Source)
	at org.apache.derby.impl.jdbc.ConnectionChild.handleException(Unknown Source)
	at org.apache.derby.impl.jdbc.EmbedStatement.execute(Unknown Source)
	at org.apache.derby.impl.jdbc.EmbedStatement.execute(Unknown Source)
	at org.apache.nifi.processors.hive.SelectHiveQL.executeConfigStatements(SelectHiveQL.java:550)
	at org.apache.nifi.processors.hive.SelectHiveQL.onTrigger(SelectHiveQL.java:351)
	at org.apache.nifi.processors.hive.SelectHiveQL.lambda$onTrigger$0(SelectHiveQL.java:294)
	at org.apache.nifi.processor.util.pattern.PartialFunctions.onTrigger(PartialFunctions.java:120)
	at org.apache.nifi.processor.util.pattern.PartialFunctions.onTrigger(PartialFunctions.java:112)
	at org.apache.nifi.processors.hive.SelectHiveQL.onTrigger(SelectHiveQL.java:294)
	at org.apache.nifi.util.StandardProcessorTestRunner$RunProcessor.call(StandardProcessorTestRunner.java:284)
	at org.apache.nifi.util.StandardProcessorTestRunner$RunProcessor.call(StandardProcessorTestRunner.java:278)
	at java.util.concurrent.FutureTask.run(FutureTask.java:266)
	at java.util.concurrent.ScheduledThreadPoolExecutor$ScheduledFutureTask.access$201(ScheduledThreadPoolExecutor.java:180)
	at java.util.concurrent.ScheduledThreadPoolExecutor$ScheduledFutureTask.run(ScheduledThreadPoolExecutor.java:293)
	at java.util.concurrent.ThreadPoolExecutor.runWorker(ThreadPoolExecutor.java:1149)
	at java.util.concurrent.ThreadPoolExecutor$Worker.run(ThreadPoolExecutor.java:624)
	at java.lang.Thread.run(Thread.java:750)
Caused by: ERROR 42X01: Syntax error: Encountered "exception" at line 1, column 8.
	at org.apache.derby.iapi.error.StandardException.newException(Unknown Source)
	at org.apache.derby.iapi.error.StandardException.newException(Unknown Source)
	at org.apache.derby.impl.sql.compile.ParserImpl.parseStatementOrSearchCondition(Unknown Source)
	at org.apache.derby.impl.sql.compile.ParserImpl.parseStatement(Unknown Source)
	at org.apache.derby.impl.sql.GenericStatement.prepMinion(Unknown Source)
	at org.apache.derby.impl.sql.GenericStatement.prepare(Unknown Source)
	at org.apache.derby.impl.sql.conn.GenericLanguageConnectionContext.prepareInternalStatement(Unknown Source)
	... 16 more
[pool-52-thread-1] ERROR org.apache.nifi.processors.hive.SelectHiveQL - SelectHiveQL[id=93c85128-bf99-49d2-892a-cc8859afba4d] Unable to execute HiveQL select query select exception from persons due to java.sql.SQLSyntaxErrorException: Syntax error: Encountered "exception" at line 1, column 8.; routing to failure: java.sql.SQLSyntaxErrorException: Syntax error: Encountered "exception" at line 1, column 8.
java.sql.SQLSyntaxErrorException: Syntax error: Encountered "exception" at line 1, column 8.
	at org.apache.derby.impl.jdbc.SQLExceptionFactory.getSQLException(Unknown Source)
	at org.apache.derby.impl.jdbc.Util.generateCsSQLException(Unknown Source)
	at org.apache.derby.impl.jdbc.TransactionResourceImpl.wrapInSQLException(Unknown Source)
	at org.apache.derby.impl.jdbc.TransactionResourceImpl.handleException(Unknown Source)
	at org.apache.derby.impl.jdbc.EmbedConnection.handleException(Unknown Source)
	at org.apache.derby.impl.jdbc.ConnectionChild.handleException(Unknown Source)
	at org.apache.derby.impl.jdbc.EmbedStatement.execute(Unknown Source)
	at org.apache.derby.impl.jdbc.EmbedStatement.execute(Unknown Source)
	at org.apache.nifi.processors.hive.SelectHiveQL.executeConfigStatements(SelectHiveQL.java:550)
	at org.apache.nifi.processors.hive.SelectHiveQL.onTrigger(SelectHiveQL.java:351)
	at org.apache.nifi.processors.hive.SelectHiveQL.lambda$onTrigger$0(SelectHiveQL.java:294)
	at org.apache.nifi.processor.util.pattern.PartialFunctions.onTrigger(PartialFunctions.java:120)
	at org.apache.nifi.processor.util.pattern.PartialFunctions.onTrigger(PartialFunctions.java:112)
	at org.apache.nifi.processors.hive.SelectHiveQL.onTrigger(SelectHiveQL.java:294)
	at org.apache.nifi.util.StandardProcessorTestRunner$RunProcessor.call(StandardProcessorTestRunner.java:284)
	at org.apache.nifi.util.StandardProcessorTestRunner$RunProcessor.call(StandardProcessorTestRunner.java:278)
	at java.util.concurrent.FutureTask.run(FutureTask.java:266)
	at java.util.concurrent.ScheduledThreadPoolExecutor$ScheduledFutureTask.access$201(ScheduledThreadPoolExecutor.java:180)
	at java.util.concurrent.ScheduledThreadPoolExecutor$ScheduledFutureTask.run(ScheduledThreadPoolExecutor.java:293)
	at java.util.concurrent.ThreadPoolExecutor.runWorker(ThreadPoolExecutor.java:1149)
	at java.util.concurrent.ThreadPoolExecutor$Worker.run(ThreadPoolExecutor.java:624)
	at java.lang.Thread.run(Thread.java:750)
Caused by: ERROR 42X01: Syntax error: Encountered "exception" at line 1, column 8.
	at org.apache.derby.iapi.error.StandardException.newException(Unknown Source)
	at org.apache.derby.iapi.error.StandardException.newException(Unknown Source)
	at org.apache.derby.impl.sql.compile.ParserImpl.parseStatementOrSearchCondition(Unknown Source)
	at org.apache.derby.impl.sql.compile.ParserImpl.parseStatement(Unknown Source)
	at org.apache.derby.impl.sql.GenericStatement.prepMinion(Unknown Source)
	at org.apache.derby.impl.sql.GenericStatement.prepare(Unknown Source)
	at org.apache.derby.impl.sql.conn.GenericLanguageConnectionContext.prepareInternalStatement(Unknown Source)
	... 16 more
]]></system-err>
  </testcase>
  <testcase name="testIncomingConnectionWithNoFlowFile" classname="org.apache.nifi.processors.hive.TestSelectHiveQL" time="0.001"/>
  <testcase name="invokeOnTriggerExceptionInPreQueriesWithIncomingFlows" classname="org.apache.nifi.processors.hive.TestSelectHiveQL" time="0.243">
    <system-err><![CDATA[[main] INFO org.apache.nifi.processors.hive.TestSelectHiveQL - test data loaded
[pool-54-thread-1] ERROR org.apache.nifi.processors.hive.SelectHiveQL - SelectHiveQL[id=3bc0b2c1-1781-4a6f-bf1d-e3c0cc91aec2] Issue processing SQL select exception from persons due to java.sql.SQLSyntaxErrorException: Syntax error: Encountered "exception" at line 1, column 8..: java.sql.SQLSyntaxErrorException: Syntax error: Encountered "exception" at line 1, column 8.
java.sql.SQLSyntaxErrorException: Syntax error: Encountered "exception" at line 1, column 8.
	at org.apache.derby.impl.jdbc.SQLExceptionFactory.getSQLException(Unknown Source)
	at org.apache.derby.impl.jdbc.Util.generateCsSQLException(Unknown Source)
	at org.apache.derby.impl.jdbc.TransactionResourceImpl.wrapInSQLException(Unknown Source)
	at org.apache.derby.impl.jdbc.TransactionResourceImpl.handleException(Unknown Source)
	at org.apache.derby.impl.jdbc.EmbedConnection.handleException(Unknown Source)
	at org.apache.derby.impl.jdbc.ConnectionChild.handleException(Unknown Source)
	at org.apache.derby.impl.jdbc.EmbedStatement.execute(Unknown Source)
	at org.apache.derby.impl.jdbc.EmbedStatement.execute(Unknown Source)
	at org.apache.nifi.processors.hive.SelectHiveQL.executeConfigStatements(SelectHiveQL.java:550)
	at org.apache.nifi.processors.hive.SelectHiveQL.onTrigger(SelectHiveQL.java:351)
	at org.apache.nifi.processors.hive.SelectHiveQL.lambda$onTrigger$0(SelectHiveQL.java:294)
	at org.apache.nifi.processor.util.pattern.PartialFunctions.onTrigger(PartialFunctions.java:120)
	at org.apache.nifi.processor.util.pattern.PartialFunctions.onTrigger(PartialFunctions.java:112)
	at org.apache.nifi.processors.hive.SelectHiveQL.onTrigger(SelectHiveQL.java:294)
	at org.apache.nifi.util.StandardProcessorTestRunner$RunProcessor.call(StandardProcessorTestRunner.java:284)
	at org.apache.nifi.util.StandardProcessorTestRunner$RunProcessor.call(StandardProcessorTestRunner.java:278)
	at java.util.concurrent.FutureTask.run(FutureTask.java:266)
	at java.util.concurrent.ScheduledThreadPoolExecutor$ScheduledFutureTask.access$201(ScheduledThreadPoolExecutor.java:180)
	at java.util.concurrent.ScheduledThreadPoolExecutor$ScheduledFutureTask.run(ScheduledThreadPoolExecutor.java:293)
	at java.util.concurrent.ThreadPoolExecutor.runWorker(ThreadPoolExecutor.java:1149)
	at java.util.concurrent.ThreadPoolExecutor$Worker.run(ThreadPoolExecutor.java:624)
	at java.lang.Thread.run(Thread.java:750)
Caused by: ERROR 42X01: Syntax error: Encountered "exception" at line 1, column 8.
	at org.apache.derby.iapi.error.StandardException.newException(Unknown Source)
	at org.apache.derby.iapi.error.StandardException.newException(Unknown Source)
	at org.apache.derby.impl.sql.compile.ParserImpl.parseStatementOrSearchCondition(Unknown Source)
	at org.apache.derby.impl.sql.compile.ParserImpl.parseStatement(Unknown Source)
	at org.apache.derby.impl.sql.GenericStatement.prepMinion(Unknown Source)
	at org.apache.derby.impl.sql.GenericStatement.prepare(Unknown Source)
	at org.apache.derby.impl.sql.conn.GenericLanguageConnectionContext.prepareInternalStatement(Unknown Source)
	... 16 more
[pool-54-thread-1] ERROR org.apache.nifi.processors.hive.SelectHiveQL - SelectHiveQL[id=3bc0b2c1-1781-4a6f-bf1d-e3c0cc91aec2] Unable to execute HiveQL select query select exception from persons for FlowFile[0,100801487306196.mockFlowFile,5B] due to java.sql.SQLSyntaxErrorException: Syntax error: Encountered "exception" at line 1, column 8.; routing to failure: java.sql.SQLSyntaxErrorException: Syntax error: Encountered "exception" at line 1, column 8.
java.sql.SQLSyntaxErrorException: Syntax error: Encountered "exception" at line 1, column 8.
	at org.apache.derby.impl.jdbc.SQLExceptionFactory.getSQLException(Unknown Source)
	at org.apache.derby.impl.jdbc.Util.generateCsSQLException(Unknown Source)
	at org.apache.derby.impl.jdbc.TransactionResourceImpl.wrapInSQLException(Unknown Source)
	at org.apache.derby.impl.jdbc.TransactionResourceImpl.handleException(Unknown Source)
	at org.apache.derby.impl.jdbc.EmbedConnection.handleException(Unknown Source)
	at org.apache.derby.impl.jdbc.ConnectionChild.handleException(Unknown Source)
	at org.apache.derby.impl.jdbc.EmbedStatement.execute(Unknown Source)
	at org.apache.derby.impl.jdbc.EmbedStatement.execute(Unknown Source)
	at org.apache.nifi.processors.hive.SelectHiveQL.executeConfigStatements(SelectHiveQL.java:550)
	at org.apache.nifi.processors.hive.SelectHiveQL.onTrigger(SelectHiveQL.java:351)
	at org.apache.nifi.processors.hive.SelectHiveQL.lambda$onTrigger$0(SelectHiveQL.java:294)
	at org.apache.nifi.processor.util.pattern.PartialFunctions.onTrigger(PartialFunctions.java:120)
	at org.apache.nifi.processor.util.pattern.PartialFunctions.onTrigger(PartialFunctions.java:112)
	at org.apache.nifi.processors.hive.SelectHiveQL.onTrigger(SelectHiveQL.java:294)
	at org.apache.nifi.util.StandardProcessorTestRunner$RunProcessor.call(StandardProcessorTestRunner.java:284)
	at org.apache.nifi.util.StandardProcessorTestRunner$RunProcessor.call(StandardProcessorTestRunner.java:278)
	at java.util.concurrent.FutureTask.run(FutureTask.java:266)
	at java.util.concurrent.ScheduledThreadPoolExecutor$ScheduledFutureTask.access$201(ScheduledThreadPoolExecutor.java:180)
	at java.util.concurrent.ScheduledThreadPoolExecutor$ScheduledFutureTask.run(ScheduledThreadPoolExecutor.java:293)
	at java.util.concurrent.ThreadPoolExecutor.runWorker(ThreadPoolExecutor.java:1149)
	at java.util.concurrent.ThreadPoolExecutor$Worker.run(ThreadPoolExecutor.java:624)
	at java.lang.Thread.run(Thread.java:750)
Caused by: ERROR 42X01: Syntax error: Encountered "exception" at line 1, column 8.
	at org.apache.derby.iapi.error.StandardException.newException(Unknown Source)
	at org.apache.derby.iapi.error.StandardException.newException(Unknown Source)
	at org.apache.derby.impl.sql.compile.ParserImpl.parseStatementOrSearchCondition(Unknown Source)
	at org.apache.derby.impl.sql.compile.ParserImpl.parseStatement(Unknown Source)
	at org.apache.derby.impl.sql.GenericStatement.prepMinion(Unknown Source)
	at org.apache.derby.impl.sql.GenericStatement.prepare(Unknown Source)
	at org.apache.derby.impl.sql.conn.GenericLanguageConnectionContext.prepareInternalStatement(Unknown Source)
	... 16 more
]]></system-err>
  </testcase>
  <testcase name="testMaxRowsPerFlowFileCSV" classname="org.apache.nifi.processors.hive.TestSelectHiveQL" time="0.218">
    <system-err><![CDATA[[pool-55-thread-1] INFO hive.ql.parse.ParseDriver - Parsing command: SELECT * FROM TEST_QUERY_DB_TABLE
[pool-55-thread-1] INFO hive.ql.parse.ParseDriver - Parse Completed
[pool-55-thread-1] INFO org.apache.nifi.processors.hive.SelectHiveQL - SelectHiveQL[id=0ec3682a-a1a6-42ac-be68-4f2fa1219f75] FlowFile[1,100801699449970.mockFlowFile.0.csv,428B] contains 9 CSV records; transferring to 'success'
[pool-55-thread-1] INFO hive.ql.parse.ParseDriver - Parsing command: SELECT * FROM TEST_QUERY_DB_TABLE
[pool-55-thread-1] INFO hive.ql.parse.ParseDriver - Parse Completed
[pool-55-thread-1] INFO org.apache.nifi.processors.hive.SelectHiveQL - SelectHiveQL[id=0ec3682a-a1a6-42ac-be68-4f2fa1219f75] FlowFile[2,100801699449970.mockFlowFile.1.csv,436B] contains 9 CSV records; transferring to 'success'
[pool-55-thread-1] INFO hive.ql.parse.ParseDriver - Parsing command: SELECT * FROM TEST_QUERY_DB_TABLE
[pool-55-thread-1] INFO hive.ql.parse.ParseDriver - Parse Completed
[pool-55-thread-1] INFO org.apache.nifi.processors.hive.SelectHiveQL - SelectHiveQL[id=0ec3682a-a1a6-42ac-be68-4f2fa1219f75] FlowFile[3,100801699449970.mockFlowFile.2.csv,437B] contains 9 CSV records; transferring to 'success'
[pool-55-thread-1] INFO hive.ql.parse.ParseDriver - Parsing command: SELECT * FROM TEST_QUERY_DB_TABLE
[pool-55-thread-1] INFO hive.ql.parse.ParseDriver - Parse Completed
[pool-55-thread-1] INFO org.apache.nifi.processors.hive.SelectHiveQL - SelectHiveQL[id=0ec3682a-a1a6-42ac-be68-4f2fa1219f75] FlowFile[4,100801699449970.mockFlowFile.3.csv,437B] contains 9 CSV records; transferring to 'success'
[pool-55-thread-1] INFO hive.ql.parse.ParseDriver - Parsing command: SELECT * FROM TEST_QUERY_DB_TABLE
[pool-55-thread-1] INFO hive.ql.parse.ParseDriver - Parse Completed
[pool-55-thread-1] INFO org.apache.nifi.processors.hive.SelectHiveQL - SelectHiveQL[id=0ec3682a-a1a6-42ac-be68-4f2fa1219f75] FlowFile[5,100801699449970.mockFlowFile.4.csv,437B] contains 9 CSV records; transferring to 'success'
[pool-55-thread-1] INFO hive.ql.parse.ParseDriver - Parsing command: SELECT * FROM TEST_QUERY_DB_TABLE
[pool-55-thread-1] INFO hive.ql.parse.ParseDriver - Parse Completed
[pool-55-thread-1] INFO org.apache.nifi.processors.hive.SelectHiveQL - SelectHiveQL[id=0ec3682a-a1a6-42ac-be68-4f2fa1219f75] FlowFile[6,100801699449970.mockFlowFile.5.csv,437B] contains 9 CSV records; transferring to 'success'
[pool-55-thread-1] INFO hive.ql.parse.ParseDriver - Parsing command: SELECT * FROM TEST_QUERY_DB_TABLE
[pool-55-thread-1] INFO hive.ql.parse.ParseDriver - Parse Completed
[pool-55-thread-1] INFO org.apache.nifi.processors.hive.SelectHiveQL - SelectHiveQL[id=0ec3682a-a1a6-42ac-be68-4f2fa1219f75] FlowFile[7,100801699449970.mockFlowFile.6.csv,437B] contains 9 CSV records; transferring to 'success'
[pool-55-thread-1] INFO hive.ql.parse.ParseDriver - Parsing command: SELECT * FROM TEST_QUERY_DB_TABLE
[pool-55-thread-1] INFO hive.ql.parse.ParseDriver - Parse Completed
[pool-55-thread-1] INFO org.apache.nifi.processors.hive.SelectHiveQL - SelectHiveQL[id=0ec3682a-a1a6-42ac-be68-4f2fa1219f75] FlowFile[8,100801699449970.mockFlowFile.7.csv,437B] contains 9 CSV records; transferring to 'success'
[pool-55-thread-1] INFO hive.ql.parse.ParseDriver - Parsing command: SELECT * FROM TEST_QUERY_DB_TABLE
[pool-55-thread-1] INFO hive.ql.parse.ParseDriver - Parse Completed
[pool-55-thread-1] INFO org.apache.nifi.processors.hive.SelectHiveQL - SelectHiveQL[id=0ec3682a-a1a6-42ac-be68-4f2fa1219f75] FlowFile[9,100801699449970.mockFlowFile.8.csv,437B] contains 9 CSV records; transferring to 'success'
[pool-55-thread-1] INFO hive.ql.parse.ParseDriver - Parsing command: SELECT * FROM TEST_QUERY_DB_TABLE
[pool-55-thread-1] INFO hive.ql.parse.ParseDriver - Parse Completed
[pool-55-thread-1] INFO org.apache.nifi.processors.hive.SelectHiveQL - SelectHiveQL[id=0ec3682a-a1a6-42ac-be68-4f2fa1219f75] FlowFile[10,100801699449970.mockFlowFile.9.csv,437B] contains 9 CSV records; transferring to 'success'
[pool-55-thread-1] INFO hive.ql.parse.ParseDriver - Parsing command: SELECT * FROM TEST_QUERY_DB_TABLE
[pool-55-thread-1] INFO hive.ql.parse.ParseDriver - Parse Completed
[pool-55-thread-1] INFO org.apache.nifi.processors.hive.SelectHiveQL - SelectHiveQL[id=0ec3682a-a1a6-42ac-be68-4f2fa1219f75] FlowFile[11,100801699449970.mockFlowFile.10.csv,437B] contains 9 CSV records; transferring to 'success'
[pool-55-thread-1] INFO hive.ql.parse.ParseDriver - Parsing command: SELECT * FROM TEST_QUERY_DB_TABLE
[pool-55-thread-1] INFO hive.ql.parse.ParseDriver - Parse Completed
[pool-55-thread-1] INFO org.apache.nifi.processors.hive.SelectHiveQL - SelectHiveQL[id=0ec3682a-a1a6-42ac-be68-4f2fa1219f75] FlowFile[12,100801699449970.mockFlowFile.11.csv,77B] contains 1 CSV records; transferring to 'success'
]]></system-err>
  </testcase>
  <testcase name="testWithNullIntColumn" classname="org.apache.nifi.processors.hive.TestSelectHiveQL" time="0.033">
    <system-err><![CDATA[[pool-56-thread-1] INFO hive.ql.parse.ParseDriver - Parsing command: SELECT * FROM TEST_NULL_INT
[pool-56-thread-1] INFO hive.ql.parse.ParseDriver - Parse Completed
[pool-56-thread-1] INFO org.apache.nifi.processors.hive.SelectHiveQL - SelectHiveQL[id=8c827f50-c72c-4d8f-9bd7-75078efcceb4] FlowFile[0,100801742595623.mockFlowFile.0.avro,262B] contains 2 Avro records; transferring to 'success'
]]></system-err>
  </testcase>
</testsuite>