<?xml version="1.0" encoding="UTF-8"?>
<testsuite xmlns:xsi="http://www.w3.org/2001/XMLSchema-instance" xsi:noNamespaceSchemaLocation="https://maven.apache.org/surefire/maven-surefire-plugin/xsd/surefire-test-report-3.0.xsd" version="3.0" name="org.apache.nifi.processors.aws.kinesis.stream.TestConsumeKinesisStream" time="3.388" tests="12" errors="0" skipped="0" failures="0">
  <properties>
    <property name="sun.desktop" value="gnome"/>
    <property name="awt.toolkit" value="sun.awt.X11.XToolkit"/>
    <property name="file.encoding.pkg" value="sun.io"/>
    <property name="java.specification.version" value="1.8"/>
    <property name="sun.cpu.isalist" value=""/>
    <property name="sun.jnu.encoding" value="UTF-8"/>
    <property name="java.class.path" value="/home/alex/Repositories/nifi/nifi-nar-bundles/nifi-aws-bundle/nifi-aws-processors/target/test-classes:/home/alex/Repositories/nifi/nifi-nar-bundles/nifi-aws-bundle/nifi-aws-processors/target/classes:/home/alex/Repositories/nifi/nifi-api/target/classes:/home/alex/Repositories/nifi/nifi-nar-bundles/nifi-extension-utils/nifi-processor-utils/target/classes:/home/alex/Repositories/nifi/nifi-commons/nifi-utils/target/classes:/home/alex/Repositories/nifi/nifi-commons/nifi-security-socket-ssl/target/classes:/home/alex/.m2/repository/commons-io/commons-io/2.10.0/commons-io-2.10.0.jar:/home/alex/.m2/repository/org/apache/commons/commons-lang3/3.11/commons-lang3-3.11.jar:/home/alex/.m2/repository/com/fasterxml/jackson/core/jackson-databind/2.12.3/jackson-databind-2.12.3.jar:/home/alex/.m2/repository/com/fasterxml/jackson/core/jackson-annotations/2.12.3/jackson-annotations-2.12.3.jar:/home/alex/.m2/repository/com/fasterxml/jackson/core/jackson-core/2.12.3/jackson-core-2.12.3.jar:/home/alex/Repositories/nifi/nifi-nar-bundles/nifi-standard-services/nifi-record-serialization-service-api/target/classes:/home/alex/Repositories/nifi/nifi-commons/nifi-record/target/classes:/home/alex/Repositories/nifi/nifi-nar-bundles/nifi-extension-utils/nifi-event-transport/target/classes:/home/alex/.m2/repository/io/netty/netty-handler/4.1.69.Final/netty-handler-4.1.69.Final.jar:/home/alex/.m2/repository/io/netty/netty-common/4.1.69.Final/netty-common-4.1.69.Final.jar:/home/alex/.m2/repository/io/netty/netty-resolver/4.1.69.Final/netty-resolver-4.1.69.Final.jar:/home/alex/.m2/repository/io/netty/netty-buffer/4.1.69.Final/netty-buffer-4.1.69.Final.jar:/home/alex/.m2/repository/io/netty/netty-transport/4.1.69.Final/netty-transport-4.1.69.Final.jar:/home/alex/.m2/repository/io/netty/netty-codec/4.1.69.Final/netty-codec-4.1.69.Final.jar:/home/alex/Repositories/nifi/nifi-nar-bundles/nifi-aws-bundle/nifi-aws-abstract-processors/target/classes:/home/alex/.m2/repository/com/amazonaws/aws-java-sdk-core/1.11.1016/aws-java-sdk-core-1.11.1016.jar:/home/alex/.m2/repository/commons-codec/commons-codec/1.15/commons-codec-1.15.jar:/home/alex/.m2/repository/org/apache/httpcomponents/httpclient/4.5.13/httpclient-4.5.13.jar:/home/alex/.m2/repository/org/apache/httpcomponents/httpcore/4.4.13/httpcore-4.4.13.jar:/home/alex/.m2/repository/software/amazon/ion/ion-java/1.0.2/ion-java-1.0.2.jar:/home/alex/.m2/repository/joda-time/joda-time/2.8.1/joda-time-2.8.1.jar:/home/alex/.m2/repository/com/amazonaws/aws-java-sdk-dynamodb/1.11.1016/aws-java-sdk-dynamodb-1.11.1016.jar:/home/alex/.m2/repository/com/amazonaws/aws-java-sdk-kinesis/1.11.1016/aws-java-sdk-kinesis-1.11.1016.jar:/home/alex/.m2/repository/com/amazonaws/amazon-kinesis-client/1.13.3/amazon-kinesis-client-1.13.3.jar:/home/alex/.m2/repository/com/google/protobuf/protobuf-java/2.6.1/protobuf-java-2.6.1.jar:/home/alex/.m2/repository/com/amazonaws/aws-java-sdk-lambda/1.11.1016/aws-java-sdk-lambda-1.11.1016.jar:/home/alex/.m2/repository/com/amazonaws/aws-java-sdk-s3/1.11.1016/aws-java-sdk-s3-1.11.1016.jar:/home/alex/.m2/repository/com/amazonaws/aws-java-sdk-kms/1.11.1016/aws-java-sdk-kms-1.11.1016.jar:/home/alex/.m2/repository/com/amazonaws/aws-java-sdk-sns/1.11.1016/aws-java-sdk-sns-1.11.1016.jar:/home/alex/.m2/repository/com/amazonaws/aws-java-sdk-sqs/1.11.1016/aws-java-sdk-sqs-1.11.1016.jar:/home/alex/Repositories/nifi/nifi-nar-bundles/nifi-standard-services/nifi-proxy-configuration-api/target/classes:/home/alex/.m2/repository/com/fasterxml/jackson/dataformat/jackson-dataformat-cbor/2.12.3/jackson-dataformat-cbor-2.12.3.jar:/home/alex/Repositories/nifi/nifi-nar-bundles/nifi-aws-bundle/nifi-aws-service-api/target/classes:/home/alex/Repositories/nifi/nifi-nar-bundles/nifi-standard-services/nifi-ssl-context-service-api/target/classes:/home/alex/Repositories/nifi/nifi-commons/nifi-security-utils-api/target/classes:/home/alex/.m2/repository/com/amazonaws/aws-java-sdk-cloudwatchmetrics/1.11.1016/aws-java-sdk-cloudwatchmetrics-1.11.1016.jar:/home/alex/.m2/repository/com/amazonaws/aws-java-sdk-cloudwatch/1.11.1016/aws-java-sdk-cloudwatch-1.11.1016.jar:/home/alex/.m2/repository/com/amazonaws/aws-java-sdk-sts/1.11.1016/aws-java-sdk-sts-1.11.1016.jar:/home/alex/.m2/repository/com/amazonaws/jmespath-java/1.11.1016/jmespath-java-1.11.1016.jar:/home/alex/.m2/repository/commons-beanutils/commons-beanutils/1.9.4/commons-beanutils-1.9.4.jar:/home/alex/.m2/repository/commons-logging/commons-logging/1.2/commons-logging-1.2.jar:/home/alex/.m2/repository/commons-collections/commons-collections/3.2.2/commons-collections-3.2.2.jar:/home/alex/Repositories/nifi/nifi-mock/target/classes:/home/alex/Repositories/nifi/nifi-framework-api/target/classes:/home/alex/Repositories/nifi/nifi-commons/nifi-parameter/target/classes:/home/alex/Repositories/nifi/nifi-nar-bundles/nifi-framework-bundle/nifi-framework/nifi-framework-core-api/target/classes:/home/alex/Repositories/nifi/nifi-nar-bundles/nifi-framework-bundle/nifi-framework/nifi-framework-nar-utils/target/classes:/home/alex/Repositories/nifi/nifi-nar-bundles/nifi-framework-bundle/nifi-framework/nifi-client-dto/target/classes:/home/alex/.m2/repository/io/swagger/swagger-annotations/1.6.0/swagger-annotations-1.6.0.jar:/home/alex/Repositories/nifi/nifi-commons/nifi-site-to-site-client/target/classes:/home/alex/.m2/repository/org/apache/httpcomponents/httpasyncclient/4.1.4/httpasyncclient-4.1.4.jar:/home/alex/.m2/repository/org/apache/httpcomponents/httpcore-nio/4.4.10/httpcore-nio-4.4.10.jar:/home/alex/Repositories/nifi/nifi-nar-bundles/nifi-framework-bundle/nifi-framework/nifi-framework-authorization/target/classes:/home/alex/Repositories/nifi/nifi-registry/nifi-registry-core/nifi-registry-data-model/target/classes:/home/alex/.m2/repository/javax/validation/validation-api/2.0.1.Final/validation-api-2.0.1.Final.jar:/home/alex/.m2/repository/javax/ws/rs/javax.ws.rs-api/2.1/javax.ws.rs-api-2.1.jar:/home/alex/Repositories/nifi/nifi-registry/nifi-registry-core/nifi-registry-revision/nifi-registry-revision-entity-model/target/classes:/home/alex/Repositories/nifi/nifi-registry/nifi-registry-core/nifi-registry-client/target/classes:/home/alex/Repositories/nifi/nifi-registry/nifi-registry-core/nifi-registry-security-utils/target/classes:/home/alex/.m2/repository/org/glassfish/jersey/core/jersey-client/2.33/jersey-client-2.33.jar:/home/alex/.m2/repository/jakarta/ws/rs/jakarta.ws.rs-api/2.1.6/jakarta.ws.rs-api-2.1.6.jar:/home/alex/.m2/repository/org/glassfish/hk2/external/jakarta.inject/2.6.1/jakarta.inject-2.6.1.jar:/home/alex/.m2/repository/org/glassfish/jersey/media/jersey-media-json-jackson/2.33/jersey-media-json-jackson-2.33.jar:/home/alex/.m2/repository/org/glassfish/jersey/ext/jersey-entity-filtering/2.33/jersey-entity-filtering-2.33.jar:/home/alex/.m2/repository/com/fasterxml/jackson/module/jackson-module-jaxb-annotations/2.11.3/jackson-module-jaxb-annotations-2.11.3.jar:/home/alex/.m2/repository/jakarta/xml/bind/jakarta.xml.bind-api/2.3.2/jakarta.xml.bind-api-2.3.2.jar:/home/alex/.m2/repository/jakarta/activation/jakarta.activation-api/1.2.1/jakarta.activation-api-1.2.1.jar:/home/alex/.m2/repository/org/glassfish/jersey/inject/jersey-hk2/2.33/jersey-hk2-2.33.jar:/home/alex/.m2/repository/org/glassfish/hk2/hk2-locator/2.6.1/hk2-locator-2.6.1.jar:/home/alex/.m2/repository/org/glassfish/hk2/external/aopalliance-repackaged/2.6.1/aopalliance-repackaged-2.6.1.jar:/home/alex/.m2/repository/org/glassfish/hk2/hk2-api/2.6.1/hk2-api-2.6.1.jar:/home/alex/.m2/repository/org/glassfish/hk2/hk2-utils/2.6.1/hk2-utils-2.6.1.jar:/home/alex/.m2/repository/org/javassist/javassist/3.25.0-GA/javassist-3.25.0-GA.jar:/home/alex/.m2/repository/org/glassfish/jersey/core/jersey-common/2.33/jersey-common-2.33.jar:/home/alex/.m2/repository/jakarta/annotation/jakarta.annotation-api/1.3.5/jakarta.annotation-api-1.3.5.jar:/home/alex/.m2/repository/org/glassfish/hk2/osgi-resource-locator/1.0.3/osgi-resource-locator-1.0.3.jar:/home/alex/.m2/repository/org/glassfish/jersey/media/jersey-media-multipart/2.33/jersey-media-multipart-2.33.jar:/home/alex/.m2/repository/org/jvnet/mimepull/mimepull/1.9.13/mimepull-1.9.13.jar:/home/alex/Repositories/nifi/nifi-commons/nifi-expression-language/target/classes:/home/alex/.m2/repository/org/antlr/antlr-runtime/3.5.2/antlr-runtime-3.5.2.jar:/home/alex/Repositories/nifi/nifi-commons/nifi-uuid5/target/classes:/home/alex/Repositories/nifi/nifi-commons/nifi-data-provenance-utils/target/classes:/home/alex/Repositories/nifi/nifi-nar-bundles/nifi-standard-bundle/nifi-standard-web-test-utils/target/classes:/home/alex/Repositories/nifi/nifi-nar-bundles/nifi-standard-services/nifi-ssl-context-bundle/nifi-ssl-context-service/target/classes:/home/alex/Repositories/nifi/nifi-commons/nifi-security-utils/target/classes:/home/alex/Repositories/nifi/nifi-commons/nifi-security-kms/target/classes:/home/alex/.m2/repository/org/bouncycastle/bcprov-jdk15on/1.69/bcprov-jdk15on-1.69.jar:/home/alex/.m2/repository/org/bouncycastle/bcpkix-jdk15on/1.69/bcpkix-jdk15on-1.69.jar:/home/alex/.m2/repository/org/bouncycastle/bcutil-jdk15on/1.69/bcutil-jdk15on-1.69.jar:/home/alex/Repositories/nifi/nifi-commons/nifi-properties/target/classes:/home/alex/Repositories/nifi/nifi-commons/nifi-property-utils/target/classes:/home/alex/.m2/repository/at/favre/lib/bcrypt/0.9.0/bcrypt-0.9.0.jar:/home/alex/.m2/repository/at/favre/lib/bytes/1.3.0/bytes-1.3.0.jar:/home/alex/.m2/repository/org/apache/commons/commons-configuration2/2.7/commons-configuration2-2.7.jar:/home/alex/.m2/repository/org/eclipse/jetty/jetty-server/9.4.44.v20210927/jetty-server-9.4.44.v20210927.jar:/home/alex/.m2/repository/javax/servlet/javax.servlet-api/3.1.0/javax.servlet-api-3.1.0.jar:/home/alex/.m2/repository/org/eclipse/jetty/jetty-http/9.4.44.v20210927/jetty-http-9.4.44.v20210927.jar:/home/alex/.m2/repository/org/eclipse/jetty/jetty-util/9.4.44.v20210927/jetty-util-9.4.44.v20210927.jar:/home/alex/.m2/repository/org/eclipse/jetty/jetty-io/9.4.44.v20210927/jetty-io-9.4.44.v20210927.jar:/home/alex/Repositories/nifi/nifi-nar-bundles/nifi-extension-utils/nifi-record-utils/nifi-mock-record-utils/target/classes:/home/alex/Repositories/nifi/nifi-nar-bundles/nifi-standard-services/nifi-record-serialization-services-bundle/nifi-record-serialization-services/target/classes:/home/alex/Repositories/nifi/nifi-nar-bundles/nifi-extension-utils/nifi-record-utils/nifi-avro-record-utils/target/classes:/home/alex/Repositories/nifi/nifi-nar-bundles/nifi-extension-utils/nifi-record-utils/nifi-standard-record-utils/target/classes:/home/alex/Repositories/nifi/nifi-nar-bundles/nifi-extension-utils/nifi-syslog-utils/target/classes:/home/alex/.m2/repository/com/github/palindromicity/simple-syslog-5424/0.0.16/simple-syslog-5424-0.0.16.jar:/home/alex/.m2/repository/org/antlr/antlr4-runtime/4.7.2/antlr4-runtime-4.7.2.jar:/home/alex/.m2/repository/com/jayway/jsonpath/json-path/2.6.0/json-path-2.6.0.jar:/home/alex/.m2/repository/net/minidev/json-smart/2.4.7/json-smart-2.4.7.jar:/home/alex/.m2/repository/net/minidev/accessors-smart/2.4.7/accessors-smart-2.4.7.jar:/home/alex/.m2/repository/org/ow2/asm/asm/9.1/asm-9.1.jar:/home/alex/.m2/repository/org/apache/commons/commons-csv/1.8/commons-csv-1.8.jar:/home/alex/.m2/repository/com/fasterxml/jackson/dataformat/jackson-dataformat-csv/2.12.3/jackson-dataformat-csv-2.12.3.jar:/home/alex/.m2/repository/io/krakens/java-grok/0.1.9/java-grok-0.1.9.jar:/home/alex/.m2/repository/org/apache/avro/avro/1.8.1/avro-1.8.1.jar:/home/alex/.m2/repository/org/codehaus/jackson/jackson-core-asl/1.9.13/jackson-core-asl-1.9.13.jar:/home/alex/.m2/repository/org/codehaus/jackson/jackson-mapper-asl/1.9.13/jackson-mapper-asl-1.9.13.jar:/home/alex/.m2/repository/com/thoughtworks/paranamer/paranamer/2.7/paranamer-2.7.jar:/home/alex/.m2/repository/org/xerial/snappy/snappy-java/1.1.1.3/snappy-java-1.1.1.3.jar:/home/alex/.m2/repository/org/apache/commons/commons-compress/1.8.1/commons-compress-1.8.1.jar:/home/alex/.m2/repository/org/tukaani/xz/1.5/xz-1.5.jar:/home/alex/.m2/repository/net/java/dev/stax-utils/stax-utils/20070216/stax-utils-20070216.jar:/home/alex/.m2/repository/org/apache/commons/commons-text/1.8/commons-text-1.8.jar:/home/alex/.m2/repository/com/github/ben-manes/caffeine/caffeine/2.8.1/caffeine-2.8.1.jar:/home/alex/.m2/repository/org/checkerframework/checker-qual/3.1.0/checker-qual-3.1.0.jar:/home/alex/.m2/repository/com/google/errorprone/error_prone_annotations/2.3.4/error_prone_annotations-2.3.4.jar:/home/alex/.m2/repository/com/google/guava/guava/27.0.1-jre/guava-27.0.1-jre.jar:/home/alex/.m2/repository/com/google/guava/failureaccess/1.0.1/failureaccess-1.0.1.jar:/home/alex/.m2/repository/com/google/guava/listenablefuture/9999.0-empty-to-avoid-conflict-with-guava/listenablefuture-9999.0-empty-to-avoid-conflict-with-guava.jar:/home/alex/.m2/repository/com/google/code/findbugs/jsr305/3.0.2/jsr305-3.0.2.jar:/home/alex/.m2/repository/com/google/j2objc/j2objc-annotations/1.1/j2objc-annotations-1.1.jar:/home/alex/.m2/repository/org/codehaus/mojo/animal-sniffer-annotations/1.17/animal-sniffer-annotations-1.17.jar:/home/alex/Repositories/nifi/nifi-nar-bundles/nifi-standard-services/nifi-schema-registry-service-api/target/classes:/home/alex/.m2/repository/org/junit/jupiter/junit-jupiter-api/5.7.2/junit-jupiter-api-5.7.2.jar:/home/alex/.m2/repository/org/apiguardian/apiguardian-api/1.1.0/apiguardian-api-1.1.0.jar:/home/alex/.m2/repository/org/opentest4j/opentest4j/1.2.0/opentest4j-1.2.0.jar:/home/alex/.m2/repository/org/junit/platform/junit-platform-commons/1.7.2/junit-platform-commons-1.7.2.jar:/home/alex/.m2/repository/org/junit/jupiter/junit-jupiter-engine/5.7.2/junit-jupiter-engine-5.7.2.jar:/home/alex/.m2/repository/org/junit/platform/junit-platform-engine/1.7.2/junit-platform-engine-1.7.2.jar:/home/alex/.m2/repository/org/junit/vintage/junit-vintage-engine/5.7.2/junit-vintage-engine-5.7.2.jar:/home/alex/.m2/repository/junit/junit/4.13.2/junit-4.13.2.jar:/home/alex/.m2/repository/org/hamcrest/hamcrest-core/1.3/hamcrest-core-1.3.jar:/home/alex/.m2/repository/org/junit/jupiter/junit-jupiter-params/5.7.2/junit-jupiter-params-5.7.2.jar:/home/alex/.m2/repository/org/mockito/mockito-core/3.11.2/mockito-core-3.11.2.jar:/home/alex/.m2/repository/net/bytebuddy/byte-buddy/1.11.3/byte-buddy-1.11.3.jar:/home/alex/.m2/repository/net/bytebuddy/byte-buddy-agent/1.11.3/byte-buddy-agent-1.11.3.jar:/home/alex/.m2/repository/org/objenesis/objenesis/3.2/objenesis-3.2.jar:/home/alex/.m2/repository/org/mockito/mockito-junit-jupiter/3.11.2/mockito-junit-jupiter-3.11.2.jar:/home/alex/.m2/repository/org/slf4j/slf4j-simple/1.7.32/slf4j-simple-1.7.32.jar:/home/alex/.m2/repository/org/slf4j/slf4j-api/1.7.32/slf4j-api-1.7.32.jar:/home/alex/.m2/repository/org/codehaus/groovy/groovy-test/2.5.14/groovy-test-2.5.14.jar:/home/alex/.m2/repository/org/codehaus/groovy/groovy/2.5.14/groovy-2.5.14.jar:"/>
    <property name="java.vm.vendor" value="Private Build"/>
    <property name="sun.arch.data.model" value="64"/>
    <property name="java.vendor.url" value="http://java.oracle.com/"/>
    <property name="user.timezone" value="Europe/Lisbon"/>
    <property name="java.vm.specification.version" value="1.8"/>
    <property name="os.name" value="Linux"/>
    <property name="user.country" value="US"/>
    <property name="sun.java.launcher" value="SUN_STANDARD"/>
    <property name="sun.boot.library.path" value="/usr/lib/jvm/java-8-openjdk-amd64/jre/lib/amd64"/>
    <property name="sun.java.command" value="/home/alex/Repositories/nifi/nifi-nar-bundles/nifi-aws-bundle/nifi-aws-processors/target/surefire/surefirebooter7360065867295509961.jar /home/alex/Repositories/nifi/nifi-nar-bundles/nifi-aws-bundle/nifi-aws-processors/target/surefire 2024-05-02T04-10-31_566-jvmRun1 surefire630134954833624058tmp surefire_929055687860228322014tmp"/>
    <property name="surefire.test.class.path" value="/home/alex/Repositories/nifi/nifi-nar-bundles/nifi-aws-bundle/nifi-aws-processors/target/test-classes:/home/alex/Repositories/nifi/nifi-nar-bundles/nifi-aws-bundle/nifi-aws-processors/target/classes:/home/alex/Repositories/nifi/nifi-api/target/classes:/home/alex/Repositories/nifi/nifi-nar-bundles/nifi-extension-utils/nifi-processor-utils/target/classes:/home/alex/Repositories/nifi/nifi-commons/nifi-utils/target/classes:/home/alex/Repositories/nifi/nifi-commons/nifi-security-socket-ssl/target/classes:/home/alex/.m2/repository/commons-io/commons-io/2.10.0/commons-io-2.10.0.jar:/home/alex/.m2/repository/org/apache/commons/commons-lang3/3.11/commons-lang3-3.11.jar:/home/alex/.m2/repository/com/fasterxml/jackson/core/jackson-databind/2.12.3/jackson-databind-2.12.3.jar:/home/alex/.m2/repository/com/fasterxml/jackson/core/jackson-annotations/2.12.3/jackson-annotations-2.12.3.jar:/home/alex/.m2/repository/com/fasterxml/jackson/core/jackson-core/2.12.3/jackson-core-2.12.3.jar:/home/alex/Repositories/nifi/nifi-nar-bundles/nifi-standard-services/nifi-record-serialization-service-api/target/classes:/home/alex/Repositories/nifi/nifi-commons/nifi-record/target/classes:/home/alex/Repositories/nifi/nifi-nar-bundles/nifi-extension-utils/nifi-event-transport/target/classes:/home/alex/.m2/repository/io/netty/netty-handler/4.1.69.Final/netty-handler-4.1.69.Final.jar:/home/alex/.m2/repository/io/netty/netty-common/4.1.69.Final/netty-common-4.1.69.Final.jar:/home/alex/.m2/repository/io/netty/netty-resolver/4.1.69.Final/netty-resolver-4.1.69.Final.jar:/home/alex/.m2/repository/io/netty/netty-buffer/4.1.69.Final/netty-buffer-4.1.69.Final.jar:/home/alex/.m2/repository/io/netty/netty-transport/4.1.69.Final/netty-transport-4.1.69.Final.jar:/home/alex/.m2/repository/io/netty/netty-codec/4.1.69.Final/netty-codec-4.1.69.Final.jar:/home/alex/Repositories/nifi/nifi-nar-bundles/nifi-aws-bundle/nifi-aws-abstract-processors/target/classes:/home/alex/.m2/repository/com/amazonaws/aws-java-sdk-core/1.11.1016/aws-java-sdk-core-1.11.1016.jar:/home/alex/.m2/repository/commons-codec/commons-codec/1.15/commons-codec-1.15.jar:/home/alex/.m2/repository/org/apache/httpcomponents/httpclient/4.5.13/httpclient-4.5.13.jar:/home/alex/.m2/repository/org/apache/httpcomponents/httpcore/4.4.13/httpcore-4.4.13.jar:/home/alex/.m2/repository/software/amazon/ion/ion-java/1.0.2/ion-java-1.0.2.jar:/home/alex/.m2/repository/joda-time/joda-time/2.8.1/joda-time-2.8.1.jar:/home/alex/.m2/repository/com/amazonaws/aws-java-sdk-dynamodb/1.11.1016/aws-java-sdk-dynamodb-1.11.1016.jar:/home/alex/.m2/repository/com/amazonaws/aws-java-sdk-kinesis/1.11.1016/aws-java-sdk-kinesis-1.11.1016.jar:/home/alex/.m2/repository/com/amazonaws/amazon-kinesis-client/1.13.3/amazon-kinesis-client-1.13.3.jar:/home/alex/.m2/repository/com/google/protobuf/protobuf-java/2.6.1/protobuf-java-2.6.1.jar:/home/alex/.m2/repository/com/amazonaws/aws-java-sdk-lambda/1.11.1016/aws-java-sdk-lambda-1.11.1016.jar:/home/alex/.m2/repository/com/amazonaws/aws-java-sdk-s3/1.11.1016/aws-java-sdk-s3-1.11.1016.jar:/home/alex/.m2/repository/com/amazonaws/aws-java-sdk-kms/1.11.1016/aws-java-sdk-kms-1.11.1016.jar:/home/alex/.m2/repository/com/amazonaws/aws-java-sdk-sns/1.11.1016/aws-java-sdk-sns-1.11.1016.jar:/home/alex/.m2/repository/com/amazonaws/aws-java-sdk-sqs/1.11.1016/aws-java-sdk-sqs-1.11.1016.jar:/home/alex/Repositories/nifi/nifi-nar-bundles/nifi-standard-services/nifi-proxy-configuration-api/target/classes:/home/alex/.m2/repository/com/fasterxml/jackson/dataformat/jackson-dataformat-cbor/2.12.3/jackson-dataformat-cbor-2.12.3.jar:/home/alex/Repositories/nifi/nifi-nar-bundles/nifi-aws-bundle/nifi-aws-service-api/target/classes:/home/alex/Repositories/nifi/nifi-nar-bundles/nifi-standard-services/nifi-ssl-context-service-api/target/classes:/home/alex/Repositories/nifi/nifi-commons/nifi-security-utils-api/target/classes:/home/alex/.m2/repository/com/amazonaws/aws-java-sdk-cloudwatchmetrics/1.11.1016/aws-java-sdk-cloudwatchmetrics-1.11.1016.jar:/home/alex/.m2/repository/com/amazonaws/aws-java-sdk-cloudwatch/1.11.1016/aws-java-sdk-cloudwatch-1.11.1016.jar:/home/alex/.m2/repository/com/amazonaws/aws-java-sdk-sts/1.11.1016/aws-java-sdk-sts-1.11.1016.jar:/home/alex/.m2/repository/com/amazonaws/jmespath-java/1.11.1016/jmespath-java-1.11.1016.jar:/home/alex/.m2/repository/commons-beanutils/commons-beanutils/1.9.4/commons-beanutils-1.9.4.jar:/home/alex/.m2/repository/commons-logging/commons-logging/1.2/commons-logging-1.2.jar:/home/alex/.m2/repository/commons-collections/commons-collections/3.2.2/commons-collections-3.2.2.jar:/home/alex/Repositories/nifi/nifi-mock/target/classes:/home/alex/Repositories/nifi/nifi-framework-api/target/classes:/home/alex/Repositories/nifi/nifi-commons/nifi-parameter/target/classes:/home/alex/Repositories/nifi/nifi-nar-bundles/nifi-framework-bundle/nifi-framework/nifi-framework-core-api/target/classes:/home/alex/Repositories/nifi/nifi-nar-bundles/nifi-framework-bundle/nifi-framework/nifi-framework-nar-utils/target/classes:/home/alex/Repositories/nifi/nifi-nar-bundles/nifi-framework-bundle/nifi-framework/nifi-client-dto/target/classes:/home/alex/.m2/repository/io/swagger/swagger-annotations/1.6.0/swagger-annotations-1.6.0.jar:/home/alex/Repositories/nifi/nifi-commons/nifi-site-to-site-client/target/classes:/home/alex/.m2/repository/org/apache/httpcomponents/httpasyncclient/4.1.4/httpasyncclient-4.1.4.jar:/home/alex/.m2/repository/org/apache/httpcomponents/httpcore-nio/4.4.10/httpcore-nio-4.4.10.jar:/home/alex/Repositories/nifi/nifi-nar-bundles/nifi-framework-bundle/nifi-framework/nifi-framework-authorization/target/classes:/home/alex/Repositories/nifi/nifi-registry/nifi-registry-core/nifi-registry-data-model/target/classes:/home/alex/.m2/repository/javax/validation/validation-api/2.0.1.Final/validation-api-2.0.1.Final.jar:/home/alex/.m2/repository/javax/ws/rs/javax.ws.rs-api/2.1/javax.ws.rs-api-2.1.jar:/home/alex/Repositories/nifi/nifi-registry/nifi-registry-core/nifi-registry-revision/nifi-registry-revision-entity-model/target/classes:/home/alex/Repositories/nifi/nifi-registry/nifi-registry-core/nifi-registry-client/target/classes:/home/alex/Repositories/nifi/nifi-registry/nifi-registry-core/nifi-registry-security-utils/target/classes:/home/alex/.m2/repository/org/glassfish/jersey/core/jersey-client/2.33/jersey-client-2.33.jar:/home/alex/.m2/repository/jakarta/ws/rs/jakarta.ws.rs-api/2.1.6/jakarta.ws.rs-api-2.1.6.jar:/home/alex/.m2/repository/org/glassfish/hk2/external/jakarta.inject/2.6.1/jakarta.inject-2.6.1.jar:/home/alex/.m2/repository/org/glassfish/jersey/media/jersey-media-json-jackson/2.33/jersey-media-json-jackson-2.33.jar:/home/alex/.m2/repository/org/glassfish/jersey/ext/jersey-entity-filtering/2.33/jersey-entity-filtering-2.33.jar:/home/alex/.m2/repository/com/fasterxml/jackson/module/jackson-module-jaxb-annotations/2.11.3/jackson-module-jaxb-annotations-2.11.3.jar:/home/alex/.m2/repository/jakarta/xml/bind/jakarta.xml.bind-api/2.3.2/jakarta.xml.bind-api-2.3.2.jar:/home/alex/.m2/repository/jakarta/activation/jakarta.activation-api/1.2.1/jakarta.activation-api-1.2.1.jar:/home/alex/.m2/repository/org/glassfish/jersey/inject/jersey-hk2/2.33/jersey-hk2-2.33.jar:/home/alex/.m2/repository/org/glassfish/hk2/hk2-locator/2.6.1/hk2-locator-2.6.1.jar:/home/alex/.m2/repository/org/glassfish/hk2/external/aopalliance-repackaged/2.6.1/aopalliance-repackaged-2.6.1.jar:/home/alex/.m2/repository/org/glassfish/hk2/hk2-api/2.6.1/hk2-api-2.6.1.jar:/home/alex/.m2/repository/org/glassfish/hk2/hk2-utils/2.6.1/hk2-utils-2.6.1.jar:/home/alex/.m2/repository/org/javassist/javassist/3.25.0-GA/javassist-3.25.0-GA.jar:/home/alex/.m2/repository/org/glassfish/jersey/core/jersey-common/2.33/jersey-common-2.33.jar:/home/alex/.m2/repository/jakarta/annotation/jakarta.annotation-api/1.3.5/jakarta.annotation-api-1.3.5.jar:/home/alex/.m2/repository/org/glassfish/hk2/osgi-resource-locator/1.0.3/osgi-resource-locator-1.0.3.jar:/home/alex/.m2/repository/org/glassfish/jersey/media/jersey-media-multipart/2.33/jersey-media-multipart-2.33.jar:/home/alex/.m2/repository/org/jvnet/mimepull/mimepull/1.9.13/mimepull-1.9.13.jar:/home/alex/Repositories/nifi/nifi-commons/nifi-expression-language/target/classes:/home/alex/.m2/repository/org/antlr/antlr-runtime/3.5.2/antlr-runtime-3.5.2.jar:/home/alex/Repositories/nifi/nifi-commons/nifi-uuid5/target/classes:/home/alex/Repositories/nifi/nifi-commons/nifi-data-provenance-utils/target/classes:/home/alex/Repositories/nifi/nifi-nar-bundles/nifi-standard-bundle/nifi-standard-web-test-utils/target/classes:/home/alex/Repositories/nifi/nifi-nar-bundles/nifi-standard-services/nifi-ssl-context-bundle/nifi-ssl-context-service/target/classes:/home/alex/Repositories/nifi/nifi-commons/nifi-security-utils/target/classes:/home/alex/Repositories/nifi/nifi-commons/nifi-security-kms/target/classes:/home/alex/.m2/repository/org/bouncycastle/bcprov-jdk15on/1.69/bcprov-jdk15on-1.69.jar:/home/alex/.m2/repository/org/bouncycastle/bcpkix-jdk15on/1.69/bcpkix-jdk15on-1.69.jar:/home/alex/.m2/repository/org/bouncycastle/bcutil-jdk15on/1.69/bcutil-jdk15on-1.69.jar:/home/alex/Repositories/nifi/nifi-commons/nifi-properties/target/classes:/home/alex/Repositories/nifi/nifi-commons/nifi-property-utils/target/classes:/home/alex/.m2/repository/at/favre/lib/bcrypt/0.9.0/bcrypt-0.9.0.jar:/home/alex/.m2/repository/at/favre/lib/bytes/1.3.0/bytes-1.3.0.jar:/home/alex/.m2/repository/org/apache/commons/commons-configuration2/2.7/commons-configuration2-2.7.jar:/home/alex/.m2/repository/org/eclipse/jetty/jetty-server/9.4.44.v20210927/jetty-server-9.4.44.v20210927.jar:/home/alex/.m2/repository/javax/servlet/javax.servlet-api/3.1.0/javax.servlet-api-3.1.0.jar:/home/alex/.m2/repository/org/eclipse/jetty/jetty-http/9.4.44.v20210927/jetty-http-9.4.44.v20210927.jar:/home/alex/.m2/repository/org/eclipse/jetty/jetty-util/9.4.44.v20210927/jetty-util-9.4.44.v20210927.jar:/home/alex/.m2/repository/org/eclipse/jetty/jetty-io/9.4.44.v20210927/jetty-io-9.4.44.v20210927.jar:/home/alex/Repositories/nifi/nifi-nar-bundles/nifi-extension-utils/nifi-record-utils/nifi-mock-record-utils/target/classes:/home/alex/Repositories/nifi/nifi-nar-bundles/nifi-standard-services/nifi-record-serialization-services-bundle/nifi-record-serialization-services/target/classes:/home/alex/Repositories/nifi/nifi-nar-bundles/nifi-extension-utils/nifi-record-utils/nifi-avro-record-utils/target/classes:/home/alex/Repositories/nifi/nifi-nar-bundles/nifi-extension-utils/nifi-record-utils/nifi-standard-record-utils/target/classes:/home/alex/Repositories/nifi/nifi-nar-bundles/nifi-extension-utils/nifi-syslog-utils/target/classes:/home/alex/.m2/repository/com/github/palindromicity/simple-syslog-5424/0.0.16/simple-syslog-5424-0.0.16.jar:/home/alex/.m2/repository/org/antlr/antlr4-runtime/4.7.2/antlr4-runtime-4.7.2.jar:/home/alex/.m2/repository/com/jayway/jsonpath/json-path/2.6.0/json-path-2.6.0.jar:/home/alex/.m2/repository/net/minidev/json-smart/2.4.7/json-smart-2.4.7.jar:/home/alex/.m2/repository/net/minidev/accessors-smart/2.4.7/accessors-smart-2.4.7.jar:/home/alex/.m2/repository/org/ow2/asm/asm/9.1/asm-9.1.jar:/home/alex/.m2/repository/org/apache/commons/commons-csv/1.8/commons-csv-1.8.jar:/home/alex/.m2/repository/com/fasterxml/jackson/dataformat/jackson-dataformat-csv/2.12.3/jackson-dataformat-csv-2.12.3.jar:/home/alex/.m2/repository/io/krakens/java-grok/0.1.9/java-grok-0.1.9.jar:/home/alex/.m2/repository/org/apache/avro/avro/1.8.1/avro-1.8.1.jar:/home/alex/.m2/repository/org/codehaus/jackson/jackson-core-asl/1.9.13/jackson-core-asl-1.9.13.jar:/home/alex/.m2/repository/org/codehaus/jackson/jackson-mapper-asl/1.9.13/jackson-mapper-asl-1.9.13.jar:/home/alex/.m2/repository/com/thoughtworks/paranamer/paranamer/2.7/paranamer-2.7.jar:/home/alex/.m2/repository/org/xerial/snappy/snappy-java/1.1.1.3/snappy-java-1.1.1.3.jar:/home/alex/.m2/repository/org/apache/commons/commons-compress/1.8.1/commons-compress-1.8.1.jar:/home/alex/.m2/repository/org/tukaani/xz/1.5/xz-1.5.jar:/home/alex/.m2/repository/net/java/dev/stax-utils/stax-utils/20070216/stax-utils-20070216.jar:/home/alex/.m2/repository/org/apache/commons/commons-text/1.8/commons-text-1.8.jar:/home/alex/.m2/repository/com/github/ben-manes/caffeine/caffeine/2.8.1/caffeine-2.8.1.jar:/home/alex/.m2/repository/org/checkerframework/checker-qual/3.1.0/checker-qual-3.1.0.jar:/home/alex/.m2/repository/com/google/errorprone/error_prone_annotations/2.3.4/error_prone_annotations-2.3.4.jar:/home/alex/.m2/repository/com/google/guava/guava/27.0.1-jre/guava-27.0.1-jre.jar:/home/alex/.m2/repository/com/google/guava/failureaccess/1.0.1/failureaccess-1.0.1.jar:/home/alex/.m2/repository/com/google/guava/listenablefuture/9999.0-empty-to-avoid-conflict-with-guava/listenablefuture-9999.0-empty-to-avoid-conflict-with-guava.jar:/home/alex/.m2/repository/com/google/code/findbugs/jsr305/3.0.2/jsr305-3.0.2.jar:/home/alex/.m2/repository/com/google/j2objc/j2objc-annotations/1.1/j2objc-annotations-1.1.jar:/home/alex/.m2/repository/org/codehaus/mojo/animal-sniffer-annotations/1.17/animal-sniffer-annotations-1.17.jar:/home/alex/Repositories/nifi/nifi-nar-bundles/nifi-standard-services/nifi-schema-registry-service-api/target/classes:/home/alex/.m2/repository/org/junit/jupiter/junit-jupiter-api/5.7.2/junit-jupiter-api-5.7.2.jar:/home/alex/.m2/repository/org/apiguardian/apiguardian-api/1.1.0/apiguardian-api-1.1.0.jar:/home/alex/.m2/repository/org/opentest4j/opentest4j/1.2.0/opentest4j-1.2.0.jar:/home/alex/.m2/repository/org/junit/platform/junit-platform-commons/1.7.2/junit-platform-commons-1.7.2.jar:/home/alex/.m2/repository/org/junit/jupiter/junit-jupiter-engine/5.7.2/junit-jupiter-engine-5.7.2.jar:/home/alex/.m2/repository/org/junit/platform/junit-platform-engine/1.7.2/junit-platform-engine-1.7.2.jar:/home/alex/.m2/repository/org/junit/vintage/junit-vintage-engine/5.7.2/junit-vintage-engine-5.7.2.jar:/home/alex/.m2/repository/junit/junit/4.13.2/junit-4.13.2.jar:/home/alex/.m2/repository/org/hamcrest/hamcrest-core/1.3/hamcrest-core-1.3.jar:/home/alex/.m2/repository/org/junit/jupiter/junit-jupiter-params/5.7.2/junit-jupiter-params-5.7.2.jar:/home/alex/.m2/repository/org/mockito/mockito-core/3.11.2/mockito-core-3.11.2.jar:/home/alex/.m2/repository/net/bytebuddy/byte-buddy/1.11.3/byte-buddy-1.11.3.jar:/home/alex/.m2/repository/net/bytebuddy/byte-buddy-agent/1.11.3/byte-buddy-agent-1.11.3.jar:/home/alex/.m2/repository/org/objenesis/objenesis/3.2/objenesis-3.2.jar:/home/alex/.m2/repository/org/mockito/mockito-junit-jupiter/3.11.2/mockito-junit-jupiter-3.11.2.jar:/home/alex/.m2/repository/org/slf4j/slf4j-simple/1.7.32/slf4j-simple-1.7.32.jar:/home/alex/.m2/repository/org/slf4j/slf4j-api/1.7.32/slf4j-api-1.7.32.jar:/home/alex/.m2/repository/org/codehaus/groovy/groovy-test/2.5.14/groovy-test-2.5.14.jar:/home/alex/.m2/repository/org/codehaus/groovy/groovy/2.5.14/groovy-2.5.14.jar:"/>
    <property name="sun.cpu.endian" value="little"/>
    <property name="user.home" value="/home/alex"/>
    <property name="user.language" value="en"/>
    <property name="java.specification.vendor" value="Oracle Corporation"/>
    <property name="java.home" value="/usr/lib/jvm/java-8-openjdk-amd64/jre"/>
    <property name="basedir" value="/home/alex/Repositories/nifi/nifi-nar-bundles/nifi-aws-bundle/nifi-aws-processors"/>
    <property name="file.separator" value="/"/>
    <property name="line.separator" value="&#10;"/>
    <property name="java.vm.specification.vendor" value="Oracle Corporation"/>
    <property name="java.specification.name" value="Java Platform API Specification"/>
    <property name="java.awt.graphicsenv" value="sun.awt.X11GraphicsEnvironment"/>
    <property name="java.awt.headless" value="true"/>
    <property name="surefire.real.class.path" value="/home/alex/Repositories/nifi/nifi-nar-bundles/nifi-aws-bundle/nifi-aws-processors/target/surefire/surefirebooter7360065867295509961.jar"/>
    <property name="sun.boot.class.path" value="/usr/lib/jvm/java-8-openjdk-amd64/jre/lib/resources.jar:/usr/lib/jvm/java-8-openjdk-amd64/jre/lib/rt.jar:/usr/lib/jvm/java-8-openjdk-amd64/jre/lib/sunrsasign.jar:/usr/lib/jvm/java-8-openjdk-amd64/jre/lib/jsse.jar:/usr/lib/jvm/java-8-openjdk-amd64/jre/lib/jce.jar:/usr/lib/jvm/java-8-openjdk-amd64/jre/lib/charsets.jar:/usr/lib/jvm/java-8-openjdk-amd64/jre/lib/jfr.jar:/usr/lib/jvm/java-8-openjdk-amd64/jre/classes"/>
    <property name="sun.management.compiler" value="HotSpot 64-Bit Tiered Compilers"/>
    <property name="java.runtime.version" value="1.8.0_402-8u402-ga-2ubuntu1~22.04-b06"/>
    <property name="java.net.preferIPv4Stack" value="true"/>
    <property name="user.name" value="alex"/>
    <property name="path.separator" value=":"/>
    <property name="os.version" value="6.5.0-28-generic"/>
    <property name="java.endorsed.dirs" value="/usr/lib/jvm/java-8-openjdk-amd64/jre/lib/endorsed"/>
    <property name="java.runtime.name" value="OpenJDK Runtime Environment"/>
    <property name="file.encoding" value="UTF-8"/>
    <property name="java.vm.name" value="OpenJDK 64-Bit Server VM"/>
    <property name="localRepository" value="/home/alex/.m2/repository"/>
    <property name="java.vendor.url.bug" value="http://bugreport.sun.com/bugreport/"/>
    <property name="java.io.tmpdir" value="/tmp"/>
    <property name="java.version" value="1.8.0_402"/>
    <property name="user.dir" value="/home/alex/Repositories/nifi/nifi-nar-bundles/nifi-aws-bundle/nifi-aws-processors"/>
    <property name="os.arch" value="amd64"/>
    <property name="java.vm.specification.name" value="Java Virtual Machine Specification"/>
    <property name="java.awt.printerjob" value="sun.print.PSPrinterJob"/>
    <property name="sun.os.patch.level" value="unknown"/>
    <property name="java.library.path" value="/usr/java/packages/lib/amd64:/usr/lib/x86_64-linux-gnu/jni:/lib/x86_64-linux-gnu:/usr/lib/x86_64-linux-gnu:/usr/lib/jni:/lib:/usr/lib"/>
    <property name="java.vm.info" value="mixed mode"/>
    <property name="java.vendor" value="Private Build"/>
    <property name="java.vm.version" value="25.402-b06"/>
    <property name="java.specification.maintenance.version" value="5"/>
    <property name="java.ext.dirs" value="/usr/lib/jvm/java-8-openjdk-amd64/jre/lib/ext:/usr/java/packages/lib/ext"/>
    <property name="sun.io.unicode.encoding" value="UnicodeLittle"/>
    <property name="java.class.version" value="52.0"/>
  </properties>
  <testcase name="testInvalidProperties" classname="org.apache.nifi.processors.aws.kinesis.stream.TestConsumeKinesisStream" time="0.046"/>
  <testcase name="testInvalidDynamicKCLProperties" classname="org.apache.nifi.processors.aws.kinesis.stream.TestConsumeKinesisStream" time="0.043">
    <system-err><![CDATA[May 02, 2024 4:22:46 AM org.apache.commons.beanutils.FluentPropertyBeanIntrospector introspect
INFO: Error when creating PropertyDescriptor for public com.amazonaws.services.kinesis.clientlibrary.lib.worker.KinesisClientLibConfiguration com.amazonaws.services.kinesis.clientlibrary.lib.worker.KinesisClientLibConfiguration.withMetricsLevel(java.lang.String)! Ignoring this property.
May 02, 2024 4:22:46 AM org.apache.commons.beanutils.FluentPropertyBeanIntrospector introspect
INFO: Error when creating PropertyDescriptor for public com.amazonaws.services.kinesis.clientlibrary.lib.worker.KinesisClientLibConfiguration com.amazonaws.services.kinesis.clientlibrary.lib.worker.KinesisClientLibConfiguration.withRetryGetRecordsInSeconds(int)! Ignoring this property.
May 02, 2024 4:22:46 AM org.apache.commons.beanutils.FluentPropertyBeanIntrospector introspect
INFO: Error when creating PropertyDescriptor for public com.amazonaws.services.kinesis.clientlibrary.lib.worker.KinesisClientLibConfiguration com.amazonaws.services.kinesis.clientlibrary.lib.worker.KinesisClientLibConfiguration.withMaxGetRecordsThreadPool(int)! Ignoring this property.
May 02, 2024 4:22:46 AM org.apache.commons.beanutils.FluentPropertyBeanIntrospector introspect
INFO: Error when creating PropertyDescriptor for public void com.amazonaws.services.kinesis.clientlibrary.lib.worker.KinesisClientLibConfiguration.withTimeoutInSeconds(int)! Ignoring this property.
May 02, 2024 4:22:46 AM org.apache.commons.beanutils.FluentPropertyBeanIntrospector introspect
INFO: Error when creating PropertyDescriptor for public com.amazonaws.services.kinesis.clientlibrary.lib.worker.KinesisClientLibConfiguration com.amazonaws.services.kinesis.clientlibrary.lib.worker.KinesisClientLibConfiguration.withLogWarningForTaskAfterMillis(long)! Ignoring this property.
]]></system-err>
  </testcase>
  <testcase name="testMissingMandatoryProperties" classname="org.apache.nifi.processors.aws.kinesis.stream.TestConsumeKinesisStream" time="0.002"/>
  <testcase name="testRunWorkerWithoutCredentials" classname="org.apache.nifi.processors.aws.kinesis.stream.TestConsumeKinesisStream" time="0.212">
    <system-err><![CDATA[[main] INFO org.apache.nifi.processors.aws.kinesis.stream.TestConsumeKinesisStream$MockConsumeKinesisStream - MockConsumeKinesisStream[id=3c412b49-6b36-4a2e-ba8b-6288c443ae9d] Creating client using aws credentials provider
[pool-2-thread-1] INFO org.apache.nifi.processors.aws.kinesis.stream.TestConsumeKinesisStream$MockConsumeKinesisStream - MockConsumeKinesisStream[id=3c412b49-6b36-4a2e-ba8b-6288c443ae9d] Starting Kinesis Worker Lenovo-Bot:ca30ece4-5891-4f58-9587-f545584255eb
[pool-2-thread-1] INFO org.apache.nifi.processors.aws.kinesis.stream.TestConsumeKinesisStream$MockConsumeKinesisStream - MockConsumeKinesisStream[id=3c412b49-6b36-4a2e-ba8b-6288c443ae9d] Kinesis Worker prepared for application test-application to process stream test-stream as worker ID Lenovo-Bot:ca30ece4-5891-4f58-9587-f545584255eb...
May 02, 2024 4:22:47 AM com.amazonaws.services.kinesis.clientlibrary.lib.worker.Worker createClient
WARNING: Received configuration for region as eu-west-2.
May 02, 2024 4:22:47 AM com.amazonaws.services.kinesis.clientlibrary.lib.worker.Worker createClient
WARNING: Received configuration for region as eu-west-2.
May 02, 2024 4:22:47 AM com.amazonaws.services.kinesis.leases.impl.LeaseCoordinator <init>
INFO: With failover time 30000 ms and epsilon 25 ms, LeaseCoordinator will renew leases every 9975 ms, takeleases every 60050 ms, process maximum of 2147483647 leases and steal 1 lease(s) at a time.
May 02, 2024 4:22:47 AM com.amazonaws.services.kinesis.clientlibrary.lib.worker.Worker <init>
INFO: Shard sync strategy determined as SHARD_END.
May 02, 2024 4:22:47 AM com.amazonaws.services.kinesis.clientlibrary.lib.worker.Worker initialize
INFO: Initialization attempt 1
May 02, 2024 4:22:47 AM com.amazonaws.services.kinesis.clientlibrary.lib.worker.Worker initialize
INFO: Initializing LeaseCoordinator
May 02, 2024 4:22:47 AM com.amazonaws.services.kinesis.leases.impl.LeaseCoordinator <init>
INFO: With failover time 30000 ms and epsilon 25 ms, LeaseCoordinator will renew leases every 9975 ms, takeleases every 60050 ms, process maximum of 2147483647 leases and steal 1 lease(s) at a time.
May 02, 2024 4:22:47 AM com.amazonaws.services.kinesis.clientlibrary.lib.worker.Worker <init>
INFO: Shard sync strategy determined as SHARD_END.
[main] INFO org.apache.nifi.processors.aws.kinesis.stream.TestConsumeKinesisStream$MockConsumeKinesisStream - MockConsumeKinesisStream[id=3c412b49-6b36-4a2e-ba8b-6288c443ae9d] Requesting Kinesis Worker shutdown
May 02, 2024 4:22:47 AM com.amazonaws.services.kinesis.clientlibrary.lib.worker.GracefulShutdownCoordinator$GracefulShutdownCallable call
WARNING: Caught exception while requesting initial worker shutdown.
java.lang.NullPointerException
	at com.amazonaws.services.kinesis.leases.impl.LeaseCoordinator.stopLeaseTaker(LeaseCoordinator.java:417)
	at com.amazonaws.services.kinesis.clientlibrary.lib.worker.Worker.lambda$createWorkerShutdownCallable$1(Worker.java:889)
	at com.amazonaws.services.kinesis.clientlibrary.lib.worker.GracefulShutdownCoordinator$GracefulShutdownCallable.call(GracefulShutdownCoordinator.java:155)
	at com.amazonaws.services.kinesis.clientlibrary.lib.worker.GracefulShutdownCoordinator$GracefulShutdownCallable.call(GracefulShutdownCoordinator.java:39)
	at java.util.concurrent.FutureTask.run(FutureTask.java:266)
	at java.lang.Thread.run(Thread.java:750)

[main] WARN org.apache.nifi.processors.aws.kinesis.stream.TestConsumeKinesisStream$MockConsumeKinesisStream - MockConsumeKinesisStream[id=3c412b49-6b36-4a2e-ba8b-6288c443ae9d] Problem while shutting down Kinesis Worker: java.lang.NullPointerException: java.util.concurrent.ExecutionException: java.lang.NullPointerException
[main] WARN org.apache.nifi.processors.aws.kinesis.stream.TestConsumeKinesisStream$MockConsumeKinesisStream - MockConsumeKinesisStream[id=3c412b49-6b36-4a2e-ba8b-6288c443ae9d] One or more problems while shutting down Kinesis Worker, see logs for details
]]></system-err>
  </testcase>
  <testcase name="testMissingStreamPositionTimestamp" classname="org.apache.nifi.processors.aws.kinesis.stream.TestConsumeKinesisStream" time="0.002"/>
  <testcase name="testValidDynamicKCLProperties" classname="org.apache.nifi.processors.aws.kinesis.stream.TestConsumeKinesisStream" time="0.005"/>
  <testcase name="testInvalidStreamPositionTimestamp" classname="org.apache.nifi.processors.aws.kinesis.stream.TestConsumeKinesisStream" time="0.003"/>
  <testcase name="testInvalidRecordReaderWithoutRecordWriter" classname="org.apache.nifi.processors.aws.kinesis.stream.TestConsumeKinesisStream" time="0.017"/>
  <testcase name="testRunWorkerUnexpectedShutdown" classname="org.apache.nifi.processors.aws.kinesis.stream.TestConsumeKinesisStream" time="3.018">
    <system-err><![CDATA[[main] INFO org.apache.nifi.processors.aws.kinesis.stream.TestConsumeKinesisStream$MockConsumeKinesisStream - MockConsumeKinesisStream[id=6534d007-8fd8-43df-b6bb-36eb77304585] Creating client using aws credentials provider
[pool-8-thread-1] INFO org.apache.nifi.processors.aws.kinesis.stream.TestConsumeKinesisStream$MockConsumeKinesisStream - MockConsumeKinesisStream[id=6534d007-8fd8-43df-b6bb-36eb77304585] Starting Kinesis Worker Lenovo-Bot:89561902-ee8c-4d4e-9b93-ba91039d3cf4
[pool-8-thread-1] INFO org.apache.nifi.processors.aws.kinesis.stream.TestConsumeKinesisStream$MockConsumeKinesisStream - MockConsumeKinesisStream[id=6534d007-8fd8-43df-b6bb-36eb77304585] Kinesis Worker prepared for application test-application to process stream test-stream as worker ID Lenovo-Bot:89561902-ee8c-4d4e-9b93-ba91039d3cf4...
May 02, 2024 4:22:47 AM com.amazonaws.services.kinesis.clientlibrary.lib.worker.Worker createClient
WARNING: Received configuration for region as eu-west-2.
May 02, 2024 4:22:47 AM com.amazonaws.services.kinesis.clientlibrary.lib.worker.Worker createClient
WARNING: Received configuration for region as eu-west-2.
May 02, 2024 4:22:47 AM com.amazonaws.services.kinesis.leases.impl.LeaseCoordinator <init>
INFO: With failover time 30000 ms and epsilon 25 ms, LeaseCoordinator will renew leases every 9975 ms, takeleases every 60050 ms, process maximum of 2147483647 leases and steal 1 lease(s) at a time.
May 02, 2024 4:22:47 AM com.amazonaws.services.kinesis.clientlibrary.lib.worker.Worker <init>
INFO: Shard sync strategy determined as SHARD_END.
May 02, 2024 4:22:47 AM com.amazonaws.services.kinesis.clientlibrary.lib.worker.Worker initialize
INFO: Initialization attempt 1
May 02, 2024 4:22:47 AM com.amazonaws.services.kinesis.clientlibrary.lib.worker.Worker initialize
INFO: Initializing LeaseCoordinator
May 02, 2024 4:22:47 AM com.amazonaws.services.kinesis.leases.impl.LeaseCoordinator <init>
INFO: With failover time 30000 ms and epsilon 25 ms, LeaseCoordinator will renew leases every 9975 ms, takeleases every 60050 ms, process maximum of 2147483647 leases and steal 1 lease(s) at a time.
May 02, 2024 4:22:47 AM com.amazonaws.services.kinesis.clientlibrary.lib.worker.Worker <init>
INFO: Shard sync strategy determined as SHARD_END.
May 02, 2024 4:22:47 AM com.amazonaws.services.kinesis.leases.impl.LeaseManager createLeaseTableIfNotExists
SEVERE: Failed to get table status for test-application
com.amazonaws.services.kinesis.leases.exceptions.DependencyException: com.amazonaws.services.dynamodbv2.model.AmazonDynamoDBException: Request is missing Authentication Token (Service: AmazonDynamoDBv2; Status Code: 400; Error Code: MissingAuthenticationTokenException; Request ID: D0IHJNIM26T7P25GOAVHLUTALBVV4KQNSO5AEMVJF66Q9ASUAAJG; Proxy: null)
	at com.amazonaws.services.kinesis.leases.impl.LeaseManager.tableStatus(LeaseManager.java:183)
	at com.amazonaws.services.kinesis.leases.impl.LeaseManager.createLeaseTableIfNotExists(LeaseManager.java:126)
	at com.amazonaws.services.kinesis.clientlibrary.lib.worker.KinesisClientLibLeaseCoordinator.initialize(KinesisClientLibLeaseCoordinator.java:329)
	at com.amazonaws.services.kinesis.clientlibrary.lib.worker.Worker.initialize(Worker.java:674)
	at com.amazonaws.services.kinesis.clientlibrary.lib.worker.Worker.run(Worker.java:614)
	at java.lang.Thread.run(Thread.java:750)
Caused by: com.amazonaws.services.dynamodbv2.model.AmazonDynamoDBException: Request is missing Authentication Token (Service: AmazonDynamoDBv2; Status Code: 400; Error Code: MissingAuthenticationTokenException; Request ID: D0IHJNIM26T7P25GOAVHLUTALBVV4KQNSO5AEMVJF66Q9ASUAAJG; Proxy: null)
	at com.amazonaws.http.AmazonHttpClient$RequestExecutor.handleErrorResponse(AmazonHttpClient.java:1819)
	at com.amazonaws.http.AmazonHttpClient$RequestExecutor.handleServiceErrorResponse(AmazonHttpClient.java:1403)
	at com.amazonaws.http.AmazonHttpClient$RequestExecutor.executeOneRequest(AmazonHttpClient.java:1372)
	at com.amazonaws.http.AmazonHttpClient$RequestExecutor.executeHelper(AmazonHttpClient.java:1145)
	at com.amazonaws.http.AmazonHttpClient$RequestExecutor.doExecute(AmazonHttpClient.java:802)
	at com.amazonaws.http.AmazonHttpClient$RequestExecutor.executeWithTimer(AmazonHttpClient.java:770)
	at com.amazonaws.http.AmazonHttpClient$RequestExecutor.execute(AmazonHttpClient.java:744)
	at com.amazonaws.http.AmazonHttpClient$RequestExecutor.access$500(AmazonHttpClient.java:704)
	at com.amazonaws.http.AmazonHttpClient$RequestExecutionBuilderImpl.execute(AmazonHttpClient.java:686)
	at com.amazonaws.http.AmazonHttpClient.execute(AmazonHttpClient.java:550)
	at com.amazonaws.http.AmazonHttpClient.execute(AmazonHttpClient.java:530)
	at com.amazonaws.services.dynamodbv2.AmazonDynamoDBClient.doInvoke(AmazonDynamoDBClient.java:6214)
	at com.amazonaws.services.dynamodbv2.AmazonDynamoDBClient.invoke(AmazonDynamoDBClient.java:6181)
	at com.amazonaws.services.dynamodbv2.AmazonDynamoDBClient.executeDescribeTable(AmazonDynamoDBClient.java:2247)
	at com.amazonaws.services.dynamodbv2.AmazonDynamoDBClient.describeTable(AmazonDynamoDBClient.java:2211)
	at com.amazonaws.services.kinesis.leases.impl.LeaseManager.tableStatus(LeaseManager.java:175)
	... 5 more

May 02, 2024 4:22:47 AM com.amazonaws.services.kinesis.leases.impl.LeaseManager createLeaseTableIfNotExists
SEVERE: Failed to get table status for test-application
com.amazonaws.services.kinesis.leases.exceptions.DependencyException: com.amazonaws.services.dynamodbv2.model.AmazonDynamoDBException: The security token included in the request is invalid. (Service: AmazonDynamoDBv2; Status Code: 400; Error Code: UnrecognizedClientException; Request ID: 32LNFE35J12PCR4Q3LVB8RD99NVV4KQNSO5AEMVJF66Q9ASUAAJG; Proxy: null)
	at com.amazonaws.services.kinesis.leases.impl.LeaseManager.tableStatus(LeaseManager.java:183)
	at com.amazonaws.services.kinesis.leases.impl.LeaseManager.createLeaseTableIfNotExists(LeaseManager.java:126)
	at com.amazonaws.services.kinesis.clientlibrary.lib.worker.KinesisClientLibLeaseCoordinator.initialize(KinesisClientLibLeaseCoordinator.java:329)
	at com.amazonaws.services.kinesis.clientlibrary.lib.worker.Worker.initialize(Worker.java:674)
	at com.amazonaws.services.kinesis.clientlibrary.lib.worker.Worker.run(Worker.java:614)
	at java.lang.Thread.run(Thread.java:750)
Caused by: com.amazonaws.services.dynamodbv2.model.AmazonDynamoDBException: The security token included in the request is invalid. (Service: AmazonDynamoDBv2; Status Code: 400; Error Code: UnrecognizedClientException; Request ID: 32LNFE35J12PCR4Q3LVB8RD99NVV4KQNSO5AEMVJF66Q9ASUAAJG; Proxy: null)
	at com.amazonaws.http.AmazonHttpClient$RequestExecutor.handleErrorResponse(AmazonHttpClient.java:1819)
	at com.amazonaws.http.AmazonHttpClient$RequestExecutor.handleServiceErrorResponse(AmazonHttpClient.java:1403)
	at com.amazonaws.http.AmazonHttpClient$RequestExecutor.executeOneRequest(AmazonHttpClient.java:1372)
	at com.amazonaws.http.AmazonHttpClient$RequestExecutor.executeHelper(AmazonHttpClient.java:1145)
	at com.amazonaws.http.AmazonHttpClient$RequestExecutor.doExecute(AmazonHttpClient.java:802)
	at com.amazonaws.http.AmazonHttpClient$RequestExecutor.executeWithTimer(AmazonHttpClient.java:770)
	at com.amazonaws.http.AmazonHttpClient$RequestExecutor.execute(AmazonHttpClient.java:744)
	at com.amazonaws.http.AmazonHttpClient$RequestExecutor.access$500(AmazonHttpClient.java:704)
	at com.amazonaws.http.AmazonHttpClient$RequestExecutionBuilderImpl.execute(AmazonHttpClient.java:686)
	at com.amazonaws.http.AmazonHttpClient.execute(AmazonHttpClient.java:550)
	at com.amazonaws.http.AmazonHttpClient.execute(AmazonHttpClient.java:530)
	at com.amazonaws.services.dynamodbv2.AmazonDynamoDBClient.doInvoke(AmazonDynamoDBClient.java:6214)
	at com.amazonaws.services.dynamodbv2.AmazonDynamoDBClient.invoke(AmazonDynamoDBClient.java:6181)
	at com.amazonaws.services.dynamodbv2.AmazonDynamoDBClient.executeDescribeTable(AmazonDynamoDBClient.java:2247)
	at com.amazonaws.services.dynamodbv2.AmazonDynamoDBClient.describeTable(AmazonDynamoDBClient.java:2211)
	at com.amazonaws.services.kinesis.leases.impl.LeaseManager.tableStatus(LeaseManager.java:175)
	... 5 more

May 02, 2024 4:22:47 AM com.amazonaws.services.kinesis.clientlibrary.lib.worker.Worker initialize
SEVERE: Caught exception when initializing LeaseCoordinator
com.amazonaws.services.kinesis.leases.exceptions.DependencyException: com.amazonaws.services.dynamodbv2.model.AmazonDynamoDBException: The security token included in the request is invalid. (Service: AmazonDynamoDBv2; Status Code: 400; Error Code: UnrecognizedClientException; Request ID: V4P2FEUTE3L3PAEP1ULTE33O9NVV4KQNSO5AEMVJF66Q9ASUAAJG; Proxy: null)
	at com.amazonaws.services.kinesis.leases.impl.LeaseManager.createLeaseTableIfNotExists(LeaseManager.java:155)
	at com.amazonaws.services.kinesis.clientlibrary.lib.worker.KinesisClientLibLeaseCoordinator.initialize(KinesisClientLibLeaseCoordinator.java:329)
	at com.amazonaws.services.kinesis.clientlibrary.lib.worker.Worker.initialize(Worker.java:674)
	at com.amazonaws.services.kinesis.clientlibrary.lib.worker.Worker.run(Worker.java:614)
	at java.lang.Thread.run(Thread.java:750)
Caused by: com.amazonaws.services.dynamodbv2.model.AmazonDynamoDBException: The security token included in the request is invalid. (Service: AmazonDynamoDBv2; Status Code: 400; Error Code: UnrecognizedClientException; Request ID: V4P2FEUTE3L3PAEP1ULTE33O9NVV4KQNSO5AEMVJF66Q9ASUAAJG; Proxy: null)
	at com.amazonaws.http.AmazonHttpClient$RequestExecutor.handleErrorResponse(AmazonHttpClient.java:1819)
	at com.amazonaws.http.AmazonHttpClient$RequestExecutor.handleServiceErrorResponse(AmazonHttpClient.java:1403)
	at com.amazonaws.http.AmazonHttpClient$RequestExecutor.executeOneRequest(AmazonHttpClient.java:1372)
	at com.amazonaws.http.AmazonHttpClient$RequestExecutor.executeHelper(AmazonHttpClient.java:1145)
	at com.amazonaws.http.AmazonHttpClient$RequestExecutor.doExecute(AmazonHttpClient.java:802)
	at com.amazonaws.http.AmazonHttpClient$RequestExecutor.executeWithTimer(AmazonHttpClient.java:770)
	at com.amazonaws.http.AmazonHttpClient$RequestExecutor.execute(AmazonHttpClient.java:744)
	at com.amazonaws.http.AmazonHttpClient$RequestExecutor.access$500(AmazonHttpClient.java:704)
	at com.amazonaws.http.AmazonHttpClient$RequestExecutionBuilderImpl.execute(AmazonHttpClient.java:686)
	at com.amazonaws.http.AmazonHttpClient.execute(AmazonHttpClient.java:550)
	at com.amazonaws.http.AmazonHttpClient.execute(AmazonHttpClient.java:530)
	at com.amazonaws.services.dynamodbv2.AmazonDynamoDBClient.doInvoke(AmazonDynamoDBClient.java:6214)
	at com.amazonaws.services.dynamodbv2.AmazonDynamoDBClient.invoke(AmazonDynamoDBClient.java:6181)
	at com.amazonaws.services.dynamodbv2.AmazonDynamoDBClient.executeCreateTable(AmazonDynamoDBClient.java:1160)
	at com.amazonaws.services.dynamodbv2.AmazonDynamoDBClient.createTable(AmazonDynamoDBClient.java:1124)
	at com.amazonaws.services.kinesis.leases.impl.LeaseManager.createLeaseTableIfNotExists(LeaseManager.java:148)
	... 4 more

May 02, 2024 4:22:47 AM com.amazonaws.services.kinesis.clientlibrary.lib.worker.Worker initialize
INFO: Initialization attempt 2
May 02, 2024 4:22:47 AM com.amazonaws.services.kinesis.clientlibrary.lib.worker.Worker initialize
INFO: Initializing LeaseCoordinator
May 02, 2024 4:22:47 AM com.amazonaws.services.kinesis.clientlibrary.lib.worker.Worker initialize
SEVERE: Caught exception when initializing LeaseCoordinator
com.amazonaws.services.kinesis.leases.exceptions.DependencyException: com.amazonaws.services.dynamodbv2.model.AmazonDynamoDBException: Request is missing Authentication Token (Service: AmazonDynamoDBv2; Status Code: 400; Error Code: MissingAuthenticationTokenException; Request ID: AO0TLMNUDGM5P3OHQRRGNTN3A3VV4KQNSO5AEMVJF66Q9ASUAAJG; Proxy: null)
	at com.amazonaws.services.kinesis.leases.impl.LeaseManager.createLeaseTableIfNotExists(LeaseManager.java:155)
	at com.amazonaws.services.kinesis.clientlibrary.lib.worker.KinesisClientLibLeaseCoordinator.initialize(KinesisClientLibLeaseCoordinator.java:329)
	at com.amazonaws.services.kinesis.clientlibrary.lib.worker.Worker.initialize(Worker.java:674)
	at com.amazonaws.services.kinesis.clientlibrary.lib.worker.Worker.run(Worker.java:614)
	at java.lang.Thread.run(Thread.java:750)
Caused by: com.amazonaws.services.dynamodbv2.model.AmazonDynamoDBException: Request is missing Authentication Token (Service: AmazonDynamoDBv2; Status Code: 400; Error Code: MissingAuthenticationTokenException; Request ID: AO0TLMNUDGM5P3OHQRRGNTN3A3VV4KQNSO5AEMVJF66Q9ASUAAJG; Proxy: null)
	at com.amazonaws.http.AmazonHttpClient$RequestExecutor.handleErrorResponse(AmazonHttpClient.java:1819)
	at com.amazonaws.http.AmazonHttpClient$RequestExecutor.handleServiceErrorResponse(AmazonHttpClient.java:1403)
	at com.amazonaws.http.AmazonHttpClient$RequestExecutor.executeOneRequest(AmazonHttpClient.java:1372)
	at com.amazonaws.http.AmazonHttpClient$RequestExecutor.executeHelper(AmazonHttpClient.java:1145)
	at com.amazonaws.http.AmazonHttpClient$RequestExecutor.doExecute(AmazonHttpClient.java:802)
	at com.amazonaws.http.AmazonHttpClient$RequestExecutor.executeWithTimer(AmazonHttpClient.java:770)
	at com.amazonaws.http.AmazonHttpClient$RequestExecutor.execute(AmazonHttpClient.java:744)
	at com.amazonaws.http.AmazonHttpClient$RequestExecutor.access$500(AmazonHttpClient.java:704)
	at com.amazonaws.http.AmazonHttpClient$RequestExecutionBuilderImpl.execute(AmazonHttpClient.java:686)
	at com.amazonaws.http.AmazonHttpClient.execute(AmazonHttpClient.java:550)
	at com.amazonaws.http.AmazonHttpClient.execute(AmazonHttpClient.java:530)
	at com.amazonaws.services.dynamodbv2.AmazonDynamoDBClient.doInvoke(AmazonDynamoDBClient.java:6214)
	at com.amazonaws.services.dynamodbv2.AmazonDynamoDBClient.invoke(AmazonDynamoDBClient.java:6181)
	at com.amazonaws.services.dynamodbv2.AmazonDynamoDBClient.executeCreateTable(AmazonDynamoDBClient.java:1160)
	at com.amazonaws.services.dynamodbv2.AmazonDynamoDBClient.createTable(AmazonDynamoDBClient.java:1124)
	at com.amazonaws.services.kinesis.leases.impl.LeaseManager.createLeaseTableIfNotExists(LeaseManager.java:148)
	... 4 more

May 02, 2024 4:22:47 AM com.amazonaws.services.kinesis.clientlibrary.lib.worker.Worker initialize
INFO: Initialization attempt 2
May 02, 2024 4:22:47 AM com.amazonaws.services.kinesis.clientlibrary.lib.worker.Worker initialize
INFO: Initializing LeaseCoordinator
May 02, 2024 4:22:47 AM com.amazonaws.services.kinesis.leases.impl.LeaseManager createLeaseTableIfNotExists
SEVERE: Failed to get table status for test-application
com.amazonaws.services.kinesis.leases.exceptions.DependencyException: com.amazonaws.services.dynamodbv2.model.AmazonDynamoDBException: The security token included in the request is invalid. (Service: AmazonDynamoDBv2; Status Code: 400; Error Code: UnrecognizedClientException; Request ID: BJHB8CN714RK4GGD5DJU55R66FVV4KQNSO5AEMVJF66Q9ASUAAJG; Proxy: null)
	at com.amazonaws.services.kinesis.leases.impl.LeaseManager.tableStatus(LeaseManager.java:183)
	at com.amazonaws.services.kinesis.leases.impl.LeaseManager.createLeaseTableIfNotExists(LeaseManager.java:126)
	at com.amazonaws.services.kinesis.clientlibrary.lib.worker.KinesisClientLibLeaseCoordinator.initialize(KinesisClientLibLeaseCoordinator.java:329)
	at com.amazonaws.services.kinesis.clientlibrary.lib.worker.Worker.initialize(Worker.java:674)
	at com.amazonaws.services.kinesis.clientlibrary.lib.worker.Worker.run(Worker.java:614)
	at java.lang.Thread.run(Thread.java:750)
Caused by: com.amazonaws.services.dynamodbv2.model.AmazonDynamoDBException: The security token included in the request is invalid. (Service: AmazonDynamoDBv2; Status Code: 400; Error Code: UnrecognizedClientException; Request ID: BJHB8CN714RK4GGD5DJU55R66FVV4KQNSO5AEMVJF66Q9ASUAAJG; Proxy: null)
	at com.amazonaws.http.AmazonHttpClient$RequestExecutor.handleErrorResponse(AmazonHttpClient.java:1819)
	at com.amazonaws.http.AmazonHttpClient$RequestExecutor.handleServiceErrorResponse(AmazonHttpClient.java:1403)
	at com.amazonaws.http.AmazonHttpClient$RequestExecutor.executeOneRequest(AmazonHttpClient.java:1372)
	at com.amazonaws.http.AmazonHttpClient$RequestExecutor.executeHelper(AmazonHttpClient.java:1145)
	at com.amazonaws.http.AmazonHttpClient$RequestExecutor.doExecute(AmazonHttpClient.java:802)
	at com.amazonaws.http.AmazonHttpClient$RequestExecutor.executeWithTimer(AmazonHttpClient.java:770)
	at com.amazonaws.http.AmazonHttpClient$RequestExecutor.execute(AmazonHttpClient.java:744)
	at com.amazonaws.http.AmazonHttpClient$RequestExecutor.access$500(AmazonHttpClient.java:704)
	at com.amazonaws.http.AmazonHttpClient$RequestExecutionBuilderImpl.execute(AmazonHttpClient.java:686)
	at com.amazonaws.http.AmazonHttpClient.execute(AmazonHttpClient.java:550)
	at com.amazonaws.http.AmazonHttpClient.execute(AmazonHttpClient.java:530)
	at com.amazonaws.services.dynamodbv2.AmazonDynamoDBClient.doInvoke(AmazonDynamoDBClient.java:6214)
	at com.amazonaws.services.dynamodbv2.AmazonDynamoDBClient.invoke(AmazonDynamoDBClient.java:6181)
	at com.amazonaws.services.dynamodbv2.AmazonDynamoDBClient.executeDescribeTable(AmazonDynamoDBClient.java:2247)
	at com.amazonaws.services.dynamodbv2.AmazonDynamoDBClient.describeTable(AmazonDynamoDBClient.java:2211)
	at com.amazonaws.services.kinesis.leases.impl.LeaseManager.tableStatus(LeaseManager.java:175)
	... 5 more

May 02, 2024 4:22:47 AM com.amazonaws.services.kinesis.leases.impl.LeaseManager createLeaseTableIfNotExists
SEVERE: Failed to get table status for test-application
com.amazonaws.services.kinesis.leases.exceptions.DependencyException: com.amazonaws.services.dynamodbv2.model.AmazonDynamoDBException: Request is missing Authentication Token (Service: AmazonDynamoDBv2; Status Code: 400; Error Code: MissingAuthenticationTokenException; Request ID: 3EDTTM2UEFHQFR6ULB1D5E29HFVV4KQNSO5AEMVJF66Q9ASUAAJG; Proxy: null)
	at com.amazonaws.services.kinesis.leases.impl.LeaseManager.tableStatus(LeaseManager.java:183)
	at com.amazonaws.services.kinesis.leases.impl.LeaseManager.createLeaseTableIfNotExists(LeaseManager.java:126)
	at com.amazonaws.services.kinesis.clientlibrary.lib.worker.KinesisClientLibLeaseCoordinator.initialize(KinesisClientLibLeaseCoordinator.java:329)
	at com.amazonaws.services.kinesis.clientlibrary.lib.worker.Worker.initialize(Worker.java:674)
	at com.amazonaws.services.kinesis.clientlibrary.lib.worker.Worker.run(Worker.java:614)
	at java.lang.Thread.run(Thread.java:750)
Caused by: com.amazonaws.services.dynamodbv2.model.AmazonDynamoDBException: Request is missing Authentication Token (Service: AmazonDynamoDBv2; Status Code: 400; Error Code: MissingAuthenticationTokenException; Request ID: 3EDTTM2UEFHQFR6ULB1D5E29HFVV4KQNSO5AEMVJF66Q9ASUAAJG; Proxy: null)
	at com.amazonaws.http.AmazonHttpClient$RequestExecutor.handleErrorResponse(AmazonHttpClient.java:1819)
	at com.amazonaws.http.AmazonHttpClient$RequestExecutor.handleServiceErrorResponse(AmazonHttpClient.java:1403)
	at com.amazonaws.http.AmazonHttpClient$RequestExecutor.executeOneRequest(AmazonHttpClient.java:1372)
	at com.amazonaws.http.AmazonHttpClient$RequestExecutor.executeHelper(AmazonHttpClient.java:1145)
	at com.amazonaws.http.AmazonHttpClient$RequestExecutor.doExecute(AmazonHttpClient.java:802)
	at com.amazonaws.http.AmazonHttpClient$RequestExecutor.executeWithTimer(AmazonHttpClient.java:770)
	at com.amazonaws.http.AmazonHttpClient$RequestExecutor.execute(AmazonHttpClient.java:744)
	at com.amazonaws.http.AmazonHttpClient$RequestExecutor.access$500(AmazonHttpClient.java:704)
	at com.amazonaws.http.AmazonHttpClient$RequestExecutionBuilderImpl.execute(AmazonHttpClient.java:686)
	at com.amazonaws.http.AmazonHttpClient.execute(AmazonHttpClient.java:550)
	at com.amazonaws.http.AmazonHttpClient.execute(AmazonHttpClient.java:530)
	at com.amazonaws.services.dynamodbv2.AmazonDynamoDBClient.doInvoke(AmazonDynamoDBClient.java:6214)
	at com.amazonaws.services.dynamodbv2.AmazonDynamoDBClient.invoke(AmazonDynamoDBClient.java:6181)
	at com.amazonaws.services.dynamodbv2.AmazonDynamoDBClient.executeDescribeTable(AmazonDynamoDBClient.java:2247)
	at com.amazonaws.services.dynamodbv2.AmazonDynamoDBClient.describeTable(AmazonDynamoDBClient.java:2211)
	at com.amazonaws.services.kinesis.leases.impl.LeaseManager.tableStatus(LeaseManager.java:175)
	... 5 more

May 02, 2024 4:22:47 AM com.amazonaws.services.kinesis.clientlibrary.lib.worker.Worker initialize
SEVERE: Caught exception when initializing LeaseCoordinator
com.amazonaws.services.kinesis.leases.exceptions.DependencyException: com.amazonaws.services.dynamodbv2.model.AmazonDynamoDBException: The security token included in the request is invalid. (Service: AmazonDynamoDBv2; Status Code: 400; Error Code: UnrecognizedClientException; Request ID: 2M6CB48058QDHL91418E0G20PJVV4KQNSO5AEMVJF66Q9ASUAAJG; Proxy: null)
	at com.amazonaws.services.kinesis.leases.impl.LeaseManager.createLeaseTableIfNotExists(LeaseManager.java:155)
	at com.amazonaws.services.kinesis.clientlibrary.lib.worker.KinesisClientLibLeaseCoordinator.initialize(KinesisClientLibLeaseCoordinator.java:329)
	at com.amazonaws.services.kinesis.clientlibrary.lib.worker.Worker.initialize(Worker.java:674)
	at com.amazonaws.services.kinesis.clientlibrary.lib.worker.Worker.run(Worker.java:614)
	at java.lang.Thread.run(Thread.java:750)
Caused by: com.amazonaws.services.dynamodbv2.model.AmazonDynamoDBException: The security token included in the request is invalid. (Service: AmazonDynamoDBv2; Status Code: 400; Error Code: UnrecognizedClientException; Request ID: 2M6CB48058QDHL91418E0G20PJVV4KQNSO5AEMVJF66Q9ASUAAJG; Proxy: null)
	at com.amazonaws.http.AmazonHttpClient$RequestExecutor.handleErrorResponse(AmazonHttpClient.java:1819)
	at com.amazonaws.http.AmazonHttpClient$RequestExecutor.handleServiceErrorResponse(AmazonHttpClient.java:1403)
	at com.amazonaws.http.AmazonHttpClient$RequestExecutor.executeOneRequest(AmazonHttpClient.java:1372)
	at com.amazonaws.http.AmazonHttpClient$RequestExecutor.executeHelper(AmazonHttpClient.java:1145)
	at com.amazonaws.http.AmazonHttpClient$RequestExecutor.doExecute(AmazonHttpClient.java:802)
	at com.amazonaws.http.AmazonHttpClient$RequestExecutor.executeWithTimer(AmazonHttpClient.java:770)
	at com.amazonaws.http.AmazonHttpClient$RequestExecutor.execute(AmazonHttpClient.java:744)
	at com.amazonaws.http.AmazonHttpClient$RequestExecutor.access$500(AmazonHttpClient.java:704)
	at com.amazonaws.http.AmazonHttpClient$RequestExecutionBuilderImpl.execute(AmazonHttpClient.java:686)
	at com.amazonaws.http.AmazonHttpClient.execute(AmazonHttpClient.java:550)
	at com.amazonaws.http.AmazonHttpClient.execute(AmazonHttpClient.java:530)
	at com.amazonaws.services.dynamodbv2.AmazonDynamoDBClient.doInvoke(AmazonDynamoDBClient.java:6214)
	at com.amazonaws.services.dynamodbv2.AmazonDynamoDBClient.invoke(AmazonDynamoDBClient.java:6181)
	at com.amazonaws.services.dynamodbv2.AmazonDynamoDBClient.executeCreateTable(AmazonDynamoDBClient.java:1160)
	at com.amazonaws.services.dynamodbv2.AmazonDynamoDBClient.createTable(AmazonDynamoDBClient.java:1124)
	at com.amazonaws.services.kinesis.leases.impl.LeaseManager.createLeaseTableIfNotExists(LeaseManager.java:148)
	... 4 more

May 02, 2024 4:22:47 AM com.amazonaws.services.kinesis.clientlibrary.lib.worker.Worker initialize
INFO: Initialization attempt 3
May 02, 2024 4:22:47 AM com.amazonaws.services.kinesis.clientlibrary.lib.worker.Worker initialize
INFO: Initializing LeaseCoordinator
May 02, 2024 4:22:47 AM com.amazonaws.services.kinesis.clientlibrary.lib.worker.Worker initialize
SEVERE: Caught exception when initializing LeaseCoordinator
com.amazonaws.services.kinesis.leases.exceptions.DependencyException: com.amazonaws.services.dynamodbv2.model.AmazonDynamoDBException: Request is missing Authentication Token (Service: AmazonDynamoDBv2; Status Code: 400; Error Code: MissingAuthenticationTokenException; Request ID: 8A0MNJ63HEJKTNJNQVUMHQT49JVV4KQNSO5AEMVJF66Q9ASUAAJG; Proxy: null)
	at com.amazonaws.services.kinesis.leases.impl.LeaseManager.createLeaseTableIfNotExists(LeaseManager.java:155)
	at com.amazonaws.services.kinesis.clientlibrary.lib.worker.KinesisClientLibLeaseCoordinator.initialize(KinesisClientLibLeaseCoordinator.java:329)
	at com.amazonaws.services.kinesis.clientlibrary.lib.worker.Worker.initialize(Worker.java:674)
	at com.amazonaws.services.kinesis.clientlibrary.lib.worker.Worker.run(Worker.java:614)
	at java.lang.Thread.run(Thread.java:750)
Caused by: com.amazonaws.services.dynamodbv2.model.AmazonDynamoDBException: Request is missing Authentication Token (Service: AmazonDynamoDBv2; Status Code: 400; Error Code: MissingAuthenticationTokenException; Request ID: 8A0MNJ63HEJKTNJNQVUMHQT49JVV4KQNSO5AEMVJF66Q9ASUAAJG; Proxy: null)
	at com.amazonaws.http.AmazonHttpClient$RequestExecutor.handleErrorResponse(AmazonHttpClient.java:1819)
	at com.amazonaws.http.AmazonHttpClient$RequestExecutor.handleServiceErrorResponse(AmazonHttpClient.java:1403)
	at com.amazonaws.http.AmazonHttpClient$RequestExecutor.executeOneRequest(AmazonHttpClient.java:1372)
	at com.amazonaws.http.AmazonHttpClient$RequestExecutor.executeHelper(AmazonHttpClient.java:1145)
	at com.amazonaws.http.AmazonHttpClient$RequestExecutor.doExecute(AmazonHttpClient.java:802)
	at com.amazonaws.http.AmazonHttpClient$RequestExecutor.executeWithTimer(AmazonHttpClient.java:770)
	at com.amazonaws.http.AmazonHttpClient$RequestExecutor.execute(AmazonHttpClient.java:744)
	at com.amazonaws.http.AmazonHttpClient$RequestExecutor.access$500(AmazonHttpClient.java:704)
	at com.amazonaws.http.AmazonHttpClient$RequestExecutionBuilderImpl.execute(AmazonHttpClient.java:686)
	at com.amazonaws.http.AmazonHttpClient.execute(AmazonHttpClient.java:550)
	at com.amazonaws.http.AmazonHttpClient.execute(AmazonHttpClient.java:530)
	at com.amazonaws.services.dynamodbv2.AmazonDynamoDBClient.doInvoke(AmazonDynamoDBClient.java:6214)
	at com.amazonaws.services.dynamodbv2.AmazonDynamoDBClient.invoke(AmazonDynamoDBClient.java:6181)
	at com.amazonaws.services.dynamodbv2.AmazonDynamoDBClient.executeCreateTable(AmazonDynamoDBClient.java:1160)
	at com.amazonaws.services.dynamodbv2.AmazonDynamoDBClient.createTable(AmazonDynamoDBClient.java:1124)
	at com.amazonaws.services.kinesis.leases.impl.LeaseManager.createLeaseTableIfNotExists(LeaseManager.java:148)
	... 4 more

May 02, 2024 4:22:47 AM com.amazonaws.services.kinesis.clientlibrary.lib.worker.Worker initialize
INFO: Initialization attempt 3
May 02, 2024 4:22:47 AM com.amazonaws.services.kinesis.clientlibrary.lib.worker.Worker initialize
INFO: Initializing LeaseCoordinator
May 02, 2024 4:22:47 AM com.amazonaws.services.kinesis.leases.impl.LeaseManager createLeaseTableIfNotExists
SEVERE: Failed to get table status for test-application
com.amazonaws.services.kinesis.leases.exceptions.DependencyException: com.amazonaws.services.dynamodbv2.model.AmazonDynamoDBException: The security token included in the request is invalid. (Service: AmazonDynamoDBv2; Status Code: 400; Error Code: UnrecognizedClientException; Request ID: J7B05EFKCQF6NCB9VN8QKISJ1NVV4KQNSO5AEMVJF66Q9ASUAAJG; Proxy: null)
	at com.amazonaws.services.kinesis.leases.impl.LeaseManager.tableStatus(LeaseManager.java:183)
	at com.amazonaws.services.kinesis.leases.impl.LeaseManager.createLeaseTableIfNotExists(LeaseManager.java:126)
	at com.amazonaws.services.kinesis.clientlibrary.lib.worker.KinesisClientLibLeaseCoordinator.initialize(KinesisClientLibLeaseCoordinator.java:329)
	at com.amazonaws.services.kinesis.clientlibrary.lib.worker.Worker.initialize(Worker.java:674)
	at com.amazonaws.services.kinesis.clientlibrary.lib.worker.Worker.run(Worker.java:614)
	at java.lang.Thread.run(Thread.java:750)
Caused by: com.amazonaws.services.dynamodbv2.model.AmazonDynamoDBException: The security token included in the request is invalid. (Service: AmazonDynamoDBv2; Status Code: 400; Error Code: UnrecognizedClientException; Request ID: J7B05EFKCQF6NCB9VN8QKISJ1NVV4KQNSO5AEMVJF66Q9ASUAAJG; Proxy: null)
	at com.amazonaws.http.AmazonHttpClient$RequestExecutor.handleErrorResponse(AmazonHttpClient.java:1819)
	at com.amazonaws.http.AmazonHttpClient$RequestExecutor.handleServiceErrorResponse(AmazonHttpClient.java:1403)
	at com.amazonaws.http.AmazonHttpClient$RequestExecutor.executeOneRequest(AmazonHttpClient.java:1372)
	at com.amazonaws.http.AmazonHttpClient$RequestExecutor.executeHelper(AmazonHttpClient.java:1145)
	at com.amazonaws.http.AmazonHttpClient$RequestExecutor.doExecute(AmazonHttpClient.java:802)
	at com.amazonaws.http.AmazonHttpClient$RequestExecutor.executeWithTimer(AmazonHttpClient.java:770)
	at com.amazonaws.http.AmazonHttpClient$RequestExecutor.execute(AmazonHttpClient.java:744)
	at com.amazonaws.http.AmazonHttpClient$RequestExecutor.access$500(AmazonHttpClient.java:704)
	at com.amazonaws.http.AmazonHttpClient$RequestExecutionBuilderImpl.execute(AmazonHttpClient.java:686)
	at com.amazonaws.http.AmazonHttpClient.execute(AmazonHttpClient.java:550)
	at com.amazonaws.http.AmazonHttpClient.execute(AmazonHttpClient.java:530)
	at com.amazonaws.services.dynamodbv2.AmazonDynamoDBClient.doInvoke(AmazonDynamoDBClient.java:6214)
	at com.amazonaws.services.dynamodbv2.AmazonDynamoDBClient.invoke(AmazonDynamoDBClient.java:6181)
	at com.amazonaws.services.dynamodbv2.AmazonDynamoDBClient.executeDescribeTable(AmazonDynamoDBClient.java:2247)
	at com.amazonaws.services.dynamodbv2.AmazonDynamoDBClient.describeTable(AmazonDynamoDBClient.java:2211)
	at com.amazonaws.services.kinesis.leases.impl.LeaseManager.tableStatus(LeaseManager.java:175)
	... 5 more

May 02, 2024 4:22:47 AM com.amazonaws.services.kinesis.leases.impl.LeaseManager createLeaseTableIfNotExists
SEVERE: Failed to get table status for test-application
com.amazonaws.services.kinesis.leases.exceptions.DependencyException: com.amazonaws.services.dynamodbv2.model.AmazonDynamoDBException: Request is missing Authentication Token (Service: AmazonDynamoDBv2; Status Code: 400; Error Code: MissingAuthenticationTokenException; Request ID: E8ROSGMODDJM66ECGSSG5V474VVV4KQNSO5AEMVJF66Q9ASUAAJG; Proxy: null)
	at com.amazonaws.services.kinesis.leases.impl.LeaseManager.tableStatus(LeaseManager.java:183)
	at com.amazonaws.services.kinesis.leases.impl.LeaseManager.createLeaseTableIfNotExists(LeaseManager.java:126)
	at com.amazonaws.services.kinesis.clientlibrary.lib.worker.KinesisClientLibLeaseCoordinator.initialize(KinesisClientLibLeaseCoordinator.java:329)
	at com.amazonaws.services.kinesis.clientlibrary.lib.worker.Worker.initialize(Worker.java:674)
	at com.amazonaws.services.kinesis.clientlibrary.lib.worker.Worker.run(Worker.java:614)
	at java.lang.Thread.run(Thread.java:750)
Caused by: com.amazonaws.services.dynamodbv2.model.AmazonDynamoDBException: Request is missing Authentication Token (Service: AmazonDynamoDBv2; Status Code: 400; Error Code: MissingAuthenticationTokenException; Request ID: E8ROSGMODDJM66ECGSSG5V474VVV4KQNSO5AEMVJF66Q9ASUAAJG; Proxy: null)
	at com.amazonaws.http.AmazonHttpClient$RequestExecutor.handleErrorResponse(AmazonHttpClient.java:1819)
	at com.amazonaws.http.AmazonHttpClient$RequestExecutor.handleServiceErrorResponse(AmazonHttpClient.java:1403)
	at com.amazonaws.http.AmazonHttpClient$RequestExecutor.executeOneRequest(AmazonHttpClient.java:1372)
	at com.amazonaws.http.AmazonHttpClient$RequestExecutor.executeHelper(AmazonHttpClient.java:1145)
	at com.amazonaws.http.AmazonHttpClient$RequestExecutor.doExecute(AmazonHttpClient.java:802)
	at com.amazonaws.http.AmazonHttpClient$RequestExecutor.executeWithTimer(AmazonHttpClient.java:770)
	at com.amazonaws.http.AmazonHttpClient$RequestExecutor.execute(AmazonHttpClient.java:744)
	at com.amazonaws.http.AmazonHttpClient$RequestExecutor.access$500(AmazonHttpClient.java:704)
	at com.amazonaws.http.AmazonHttpClient$RequestExecutionBuilderImpl.execute(AmazonHttpClient.java:686)
	at com.amazonaws.http.AmazonHttpClient.execute(AmazonHttpClient.java:550)
	at com.amazonaws.http.AmazonHttpClient.execute(AmazonHttpClient.java:530)
	at com.amazonaws.services.dynamodbv2.AmazonDynamoDBClient.doInvoke(AmazonDynamoDBClient.java:6214)
	at com.amazonaws.services.dynamodbv2.AmazonDynamoDBClient.invoke(AmazonDynamoDBClient.java:6181)
	at com.amazonaws.services.dynamodbv2.AmazonDynamoDBClient.executeDescribeTable(AmazonDynamoDBClient.java:2247)
	at com.amazonaws.services.dynamodbv2.AmazonDynamoDBClient.describeTable(AmazonDynamoDBClient.java:2211)
	at com.amazonaws.services.kinesis.leases.impl.LeaseManager.tableStatus(LeaseManager.java:175)
	... 5 more

May 02, 2024 4:22:47 AM com.amazonaws.services.kinesis.clientlibrary.lib.worker.Worker initialize
SEVERE: Caught exception when initializing LeaseCoordinator
com.amazonaws.services.kinesis.leases.exceptions.DependencyException: com.amazonaws.services.dynamodbv2.model.AmazonDynamoDBException: The security token included in the request is invalid. (Service: AmazonDynamoDBv2; Status Code: 400; Error Code: UnrecognizedClientException; Request ID: GMMI8JV8SA7OL9Q60U01OAH8BRVV4KQNSO5AEMVJF66Q9ASUAAJG; Proxy: null)
	at com.amazonaws.services.kinesis.leases.impl.LeaseManager.createLeaseTableIfNotExists(LeaseManager.java:155)
	at com.amazonaws.services.kinesis.clientlibrary.lib.worker.KinesisClientLibLeaseCoordinator.initialize(KinesisClientLibLeaseCoordinator.java:329)
	at com.amazonaws.services.kinesis.clientlibrary.lib.worker.Worker.initialize(Worker.java:674)
	at com.amazonaws.services.kinesis.clientlibrary.lib.worker.Worker.run(Worker.java:614)
	at java.lang.Thread.run(Thread.java:750)
Caused by: com.amazonaws.services.dynamodbv2.model.AmazonDynamoDBException: The security token included in the request is invalid. (Service: AmazonDynamoDBv2; Status Code: 400; Error Code: UnrecognizedClientException; Request ID: GMMI8JV8SA7OL9Q60U01OAH8BRVV4KQNSO5AEMVJF66Q9ASUAAJG; Proxy: null)
	at com.amazonaws.http.AmazonHttpClient$RequestExecutor.handleErrorResponse(AmazonHttpClient.java:1819)
	at com.amazonaws.http.AmazonHttpClient$RequestExecutor.handleServiceErrorResponse(AmazonHttpClient.java:1403)
	at com.amazonaws.http.AmazonHttpClient$RequestExecutor.executeOneRequest(AmazonHttpClient.java:1372)
	at com.amazonaws.http.AmazonHttpClient$RequestExecutor.executeHelper(AmazonHttpClient.java:1145)
	at com.amazonaws.http.AmazonHttpClient$RequestExecutor.doExecute(AmazonHttpClient.java:802)
	at com.amazonaws.http.AmazonHttpClient$RequestExecutor.executeWithTimer(AmazonHttpClient.java:770)
	at com.amazonaws.http.AmazonHttpClient$RequestExecutor.execute(AmazonHttpClient.java:744)
	at com.amazonaws.http.AmazonHttpClient$RequestExecutor.access$500(AmazonHttpClient.java:704)
	at com.amazonaws.http.AmazonHttpClient$RequestExecutionBuilderImpl.execute(AmazonHttpClient.java:686)
	at com.amazonaws.http.AmazonHttpClient.execute(AmazonHttpClient.java:550)
	at com.amazonaws.http.AmazonHttpClient.execute(AmazonHttpClient.java:530)
	at com.amazonaws.services.dynamodbv2.AmazonDynamoDBClient.doInvoke(AmazonDynamoDBClient.java:6214)
	at com.amazonaws.services.dynamodbv2.AmazonDynamoDBClient.invoke(AmazonDynamoDBClient.java:6181)
	at com.amazonaws.services.dynamodbv2.AmazonDynamoDBClient.executeCreateTable(AmazonDynamoDBClient.java:1160)
	at com.amazonaws.services.dynamodbv2.AmazonDynamoDBClient.createTable(AmazonDynamoDBClient.java:1124)
	at com.amazonaws.services.kinesis.leases.impl.LeaseManager.createLeaseTableIfNotExists(LeaseManager.java:148)
	... 4 more

May 02, 2024 4:22:47 AM com.amazonaws.services.kinesis.clientlibrary.lib.worker.Worker initialize
INFO: Initialization attempt 4
May 02, 2024 4:22:47 AM com.amazonaws.services.kinesis.clientlibrary.lib.worker.Worker initialize
INFO: Initializing LeaseCoordinator
May 02, 2024 4:22:47 AM com.amazonaws.services.kinesis.clientlibrary.lib.worker.Worker initialize
SEVERE: Caught exception when initializing LeaseCoordinator
com.amazonaws.services.kinesis.leases.exceptions.DependencyException: com.amazonaws.services.dynamodbv2.model.AmazonDynamoDBException: Request is missing Authentication Token (Service: AmazonDynamoDBv2; Status Code: 400; Error Code: MissingAuthenticationTokenException; Request ID: P5I8J812OBKVI245VUVJKFQEBFVV4KQNSO5AEMVJF66Q9ASUAAJG; Proxy: null)
	at com.amazonaws.services.kinesis.leases.impl.LeaseManager.createLeaseTableIfNotExists(LeaseManager.java:155)
	at com.amazonaws.services.kinesis.clientlibrary.lib.worker.KinesisClientLibLeaseCoordinator.initialize(KinesisClientLibLeaseCoordinator.java:329)
	at com.amazonaws.services.kinesis.clientlibrary.lib.worker.Worker.initialize(Worker.java:674)
	at com.amazonaws.services.kinesis.clientlibrary.lib.worker.Worker.run(Worker.java:614)
	at java.lang.Thread.run(Thread.java:750)
Caused by: com.amazonaws.services.dynamodbv2.model.AmazonDynamoDBException: Request is missing Authentication Token (Service: AmazonDynamoDBv2; Status Code: 400; Error Code: MissingAuthenticationTokenException; Request ID: P5I8J812OBKVI245VUVJKFQEBFVV4KQNSO5AEMVJF66Q9ASUAAJG; Proxy: null)
	at com.amazonaws.http.AmazonHttpClient$RequestExecutor.handleErrorResponse(AmazonHttpClient.java:1819)
	at com.amazonaws.http.AmazonHttpClient$RequestExecutor.handleServiceErrorResponse(AmazonHttpClient.java:1403)
	at com.amazonaws.http.AmazonHttpClient$RequestExecutor.executeOneRequest(AmazonHttpClient.java:1372)
	at com.amazonaws.http.AmazonHttpClient$RequestExecutor.executeHelper(AmazonHttpClient.java:1145)
	at com.amazonaws.http.AmazonHttpClient$RequestExecutor.doExecute(AmazonHttpClient.java:802)
	at com.amazonaws.http.AmazonHttpClient$RequestExecutor.executeWithTimer(AmazonHttpClient.java:770)
	at com.amazonaws.http.AmazonHttpClient$RequestExecutor.execute(AmazonHttpClient.java:744)
	at com.amazonaws.http.AmazonHttpClient$RequestExecutor.access$500(AmazonHttpClient.java:704)
	at com.amazonaws.http.AmazonHttpClient$RequestExecutionBuilderImpl.execute(AmazonHttpClient.java:686)
	at com.amazonaws.http.AmazonHttpClient.execute(AmazonHttpClient.java:550)
	at com.amazonaws.http.AmazonHttpClient.execute(AmazonHttpClient.java:530)
	at com.amazonaws.services.dynamodbv2.AmazonDynamoDBClient.doInvoke(AmazonDynamoDBClient.java:6214)
	at com.amazonaws.services.dynamodbv2.AmazonDynamoDBClient.invoke(AmazonDynamoDBClient.java:6181)
	at com.amazonaws.services.dynamodbv2.AmazonDynamoDBClient.executeCreateTable(AmazonDynamoDBClient.java:1160)
	at com.amazonaws.services.dynamodbv2.AmazonDynamoDBClient.createTable(AmazonDynamoDBClient.java:1124)
	at com.amazonaws.services.kinesis.leases.impl.LeaseManager.createLeaseTableIfNotExists(LeaseManager.java:148)
	... 4 more

May 02, 2024 4:22:47 AM com.amazonaws.services.kinesis.clientlibrary.lib.worker.Worker initialize
INFO: Initialization attempt 4
May 02, 2024 4:22:47 AM com.amazonaws.services.kinesis.clientlibrary.lib.worker.Worker initialize
INFO: Initializing LeaseCoordinator
May 02, 2024 4:22:47 AM com.amazonaws.services.kinesis.leases.impl.LeaseManager createLeaseTableIfNotExists
SEVERE: Failed to get table status for test-application
com.amazonaws.services.kinesis.leases.exceptions.DependencyException: com.amazonaws.services.dynamodbv2.model.AmazonDynamoDBException: The security token included in the request is invalid. (Service: AmazonDynamoDBv2; Status Code: 400; Error Code: UnrecognizedClientException; Request ID: 3CIBQF4P29OBSEO5EM7QMQQTA7VV4KQNSO5AEMVJF66Q9ASUAAJG; Proxy: null)
	at com.amazonaws.services.kinesis.leases.impl.LeaseManager.tableStatus(LeaseManager.java:183)
	at com.amazonaws.services.kinesis.leases.impl.LeaseManager.createLeaseTableIfNotExists(LeaseManager.java:126)
	at com.amazonaws.services.kinesis.clientlibrary.lib.worker.KinesisClientLibLeaseCoordinator.initialize(KinesisClientLibLeaseCoordinator.java:329)
	at com.amazonaws.services.kinesis.clientlibrary.lib.worker.Worker.initialize(Worker.java:674)
	at com.amazonaws.services.kinesis.clientlibrary.lib.worker.Worker.run(Worker.java:614)
	at java.lang.Thread.run(Thread.java:750)
Caused by: com.amazonaws.services.dynamodbv2.model.AmazonDynamoDBException: The security token included in the request is invalid. (Service: AmazonDynamoDBv2; Status Code: 400; Error Code: UnrecognizedClientException; Request ID: 3CIBQF4P29OBSEO5EM7QMQQTA7VV4KQNSO5AEMVJF66Q9ASUAAJG; Proxy: null)
	at com.amazonaws.http.AmazonHttpClient$RequestExecutor.handleErrorResponse(AmazonHttpClient.java:1819)
	at com.amazonaws.http.AmazonHttpClient$RequestExecutor.handleServiceErrorResponse(AmazonHttpClient.java:1403)
	at com.amazonaws.http.AmazonHttpClient$RequestExecutor.executeOneRequest(AmazonHttpClient.java:1372)
	at com.amazonaws.http.AmazonHttpClient$RequestExecutor.executeHelper(AmazonHttpClient.java:1145)
	at com.amazonaws.http.AmazonHttpClient$RequestExecutor.doExecute(AmazonHttpClient.java:802)
	at com.amazonaws.http.AmazonHttpClient$RequestExecutor.executeWithTimer(AmazonHttpClient.java:770)
	at com.amazonaws.http.AmazonHttpClient$RequestExecutor.execute(AmazonHttpClient.java:744)
	at com.amazonaws.http.AmazonHttpClient$RequestExecutor.access$500(AmazonHttpClient.java:704)
	at com.amazonaws.http.AmazonHttpClient$RequestExecutionBuilderImpl.execute(AmazonHttpClient.java:686)
	at com.amazonaws.http.AmazonHttpClient.execute(AmazonHttpClient.java:550)
	at com.amazonaws.http.AmazonHttpClient.execute(AmazonHttpClient.java:530)
	at com.amazonaws.services.dynamodbv2.AmazonDynamoDBClient.doInvoke(AmazonDynamoDBClient.java:6214)
	at com.amazonaws.services.dynamodbv2.AmazonDynamoDBClient.invoke(AmazonDynamoDBClient.java:6181)
	at com.amazonaws.services.dynamodbv2.AmazonDynamoDBClient.executeDescribeTable(AmazonDynamoDBClient.java:2247)
	at com.amazonaws.services.dynamodbv2.AmazonDynamoDBClient.describeTable(AmazonDynamoDBClient.java:2211)
	at com.amazonaws.services.kinesis.leases.impl.LeaseManager.tableStatus(LeaseManager.java:175)
	... 5 more

May 02, 2024 4:22:47 AM com.amazonaws.services.kinesis.leases.impl.LeaseManager createLeaseTableIfNotExists
SEVERE: Failed to get table status for test-application
com.amazonaws.services.kinesis.leases.exceptions.DependencyException: com.amazonaws.services.dynamodbv2.model.AmazonDynamoDBException: Request is missing Authentication Token (Service: AmazonDynamoDBv2; Status Code: 400; Error Code: MissingAuthenticationTokenException; Request ID: IQJIOV3KJSCB0A9E9KKG83OKCRVV4KQNSO5AEMVJF66Q9ASUAAJG; Proxy: null)
	at com.amazonaws.services.kinesis.leases.impl.LeaseManager.tableStatus(LeaseManager.java:183)
	at com.amazonaws.services.kinesis.leases.impl.LeaseManager.createLeaseTableIfNotExists(LeaseManager.java:126)
	at com.amazonaws.services.kinesis.clientlibrary.lib.worker.KinesisClientLibLeaseCoordinator.initialize(KinesisClientLibLeaseCoordinator.java:329)
	at com.amazonaws.services.kinesis.clientlibrary.lib.worker.Worker.initialize(Worker.java:674)
	at com.amazonaws.services.kinesis.clientlibrary.lib.worker.Worker.run(Worker.java:614)
	at java.lang.Thread.run(Thread.java:750)
Caused by: com.amazonaws.services.dynamodbv2.model.AmazonDynamoDBException: Request is missing Authentication Token (Service: AmazonDynamoDBv2; Status Code: 400; Error Code: MissingAuthenticationTokenException; Request ID: IQJIOV3KJSCB0A9E9KKG83OKCRVV4KQNSO5AEMVJF66Q9ASUAAJG; Proxy: null)
	at com.amazonaws.http.AmazonHttpClient$RequestExecutor.handleErrorResponse(AmazonHttpClient.java:1819)
	at com.amazonaws.http.AmazonHttpClient$RequestExecutor.handleServiceErrorResponse(AmazonHttpClient.java:1403)
	at com.amazonaws.http.AmazonHttpClient$RequestExecutor.executeOneRequest(AmazonHttpClient.java:1372)
	at com.amazonaws.http.AmazonHttpClient$RequestExecutor.executeHelper(AmazonHttpClient.java:1145)
	at com.amazonaws.http.AmazonHttpClient$RequestExecutor.doExecute(AmazonHttpClient.java:802)
	at com.amazonaws.http.AmazonHttpClient$RequestExecutor.executeWithTimer(AmazonHttpClient.java:770)
	at com.amazonaws.http.AmazonHttpClient$RequestExecutor.execute(AmazonHttpClient.java:744)
	at com.amazonaws.http.AmazonHttpClient$RequestExecutor.access$500(AmazonHttpClient.java:704)
	at com.amazonaws.http.AmazonHttpClient$RequestExecutionBuilderImpl.execute(AmazonHttpClient.java:686)
	at com.amazonaws.http.AmazonHttpClient.execute(AmazonHttpClient.java:550)
	at com.amazonaws.http.AmazonHttpClient.execute(AmazonHttpClient.java:530)
	at com.amazonaws.services.dynamodbv2.AmazonDynamoDBClient.doInvoke(AmazonDynamoDBClient.java:6214)
	at com.amazonaws.services.dynamodbv2.AmazonDynamoDBClient.invoke(AmazonDynamoDBClient.java:6181)
	at com.amazonaws.services.dynamodbv2.AmazonDynamoDBClient.executeDescribeTable(AmazonDynamoDBClient.java:2247)
	at com.amazonaws.services.dynamodbv2.AmazonDynamoDBClient.describeTable(AmazonDynamoDBClient.java:2211)
	at com.amazonaws.services.kinesis.leases.impl.LeaseManager.tableStatus(LeaseManager.java:175)
	... 5 more

May 02, 2024 4:22:47 AM com.amazonaws.services.kinesis.clientlibrary.lib.worker.Worker initialize
SEVERE: Caught exception when initializing LeaseCoordinator
com.amazonaws.services.kinesis.leases.exceptions.DependencyException: com.amazonaws.services.dynamodbv2.model.AmazonDynamoDBException: The security token included in the request is invalid. (Service: AmazonDynamoDBv2; Status Code: 400; Error Code: UnrecognizedClientException; Request ID: 1JS2FC4MMMFKIUA7RLC60CQ51BVV4KQNSO5AEMVJF66Q9ASUAAJG; Proxy: null)
	at com.amazonaws.services.kinesis.leases.impl.LeaseManager.createLeaseTableIfNotExists(LeaseManager.java:155)
	at com.amazonaws.services.kinesis.clientlibrary.lib.worker.KinesisClientLibLeaseCoordinator.initialize(KinesisClientLibLeaseCoordinator.java:329)
	at com.amazonaws.services.kinesis.clientlibrary.lib.worker.Worker.initialize(Worker.java:674)
	at com.amazonaws.services.kinesis.clientlibrary.lib.worker.Worker.run(Worker.java:614)
	at java.lang.Thread.run(Thread.java:750)
Caused by: com.amazonaws.services.dynamodbv2.model.AmazonDynamoDBException: The security token included in the request is invalid. (Service: AmazonDynamoDBv2; Status Code: 400; Error Code: UnrecognizedClientException; Request ID: 1JS2FC4MMMFKIUA7RLC60CQ51BVV4KQNSO5AEMVJF66Q9ASUAAJG; Proxy: null)
	at com.amazonaws.http.AmazonHttpClient$RequestExecutor.handleErrorResponse(AmazonHttpClient.java:1819)
	at com.amazonaws.http.AmazonHttpClient$RequestExecutor.handleServiceErrorResponse(AmazonHttpClient.java:1403)
	at com.amazonaws.http.AmazonHttpClient$RequestExecutor.executeOneRequest(AmazonHttpClient.java:1372)
	at com.amazonaws.http.AmazonHttpClient$RequestExecutor.executeHelper(AmazonHttpClient.java:1145)
	at com.amazonaws.http.AmazonHttpClient$RequestExecutor.doExecute(AmazonHttpClient.java:802)
	at com.amazonaws.http.AmazonHttpClient$RequestExecutor.executeWithTimer(AmazonHttpClient.java:770)
	at com.amazonaws.http.AmazonHttpClient$RequestExecutor.execute(AmazonHttpClient.java:744)
	at com.amazonaws.http.AmazonHttpClient$RequestExecutor.access$500(AmazonHttpClient.java:704)
	at com.amazonaws.http.AmazonHttpClient$RequestExecutionBuilderImpl.execute(AmazonHttpClient.java:686)
	at com.amazonaws.http.AmazonHttpClient.execute(AmazonHttpClient.java:550)
	at com.amazonaws.http.AmazonHttpClient.execute(AmazonHttpClient.java:530)
	at com.amazonaws.services.dynamodbv2.AmazonDynamoDBClient.doInvoke(AmazonDynamoDBClient.java:6214)
	at com.amazonaws.services.dynamodbv2.AmazonDynamoDBClient.invoke(AmazonDynamoDBClient.java:6181)
	at com.amazonaws.services.dynamodbv2.AmazonDynamoDBClient.executeCreateTable(AmazonDynamoDBClient.java:1160)
	at com.amazonaws.services.dynamodbv2.AmazonDynamoDBClient.createTable(AmazonDynamoDBClient.java:1124)
	at com.amazonaws.services.kinesis.leases.impl.LeaseManager.createLeaseTableIfNotExists(LeaseManager.java:148)
	... 4 more

May 02, 2024 4:22:47 AM com.amazonaws.services.kinesis.clientlibrary.lib.worker.Worker initialize
INFO: Initialization attempt 5
May 02, 2024 4:22:47 AM com.amazonaws.services.kinesis.clientlibrary.lib.worker.Worker initialize
INFO: Initializing LeaseCoordinator
May 02, 2024 4:22:48 AM com.amazonaws.services.kinesis.clientlibrary.lib.worker.Worker initialize
SEVERE: Caught exception when initializing LeaseCoordinator
com.amazonaws.services.kinesis.leases.exceptions.DependencyException: com.amazonaws.services.dynamodbv2.model.AmazonDynamoDBException: Request is missing Authentication Token (Service: AmazonDynamoDBv2; Status Code: 400; Error Code: MissingAuthenticationTokenException; Request ID: 1FE7SSM2AHTN66C1GU567GH69NVV4KQNSO5AEMVJF66Q9ASUAAJG; Proxy: null)
	at com.amazonaws.services.kinesis.leases.impl.LeaseManager.createLeaseTableIfNotExists(LeaseManager.java:155)
	at com.amazonaws.services.kinesis.clientlibrary.lib.worker.KinesisClientLibLeaseCoordinator.initialize(KinesisClientLibLeaseCoordinator.java:329)
	at com.amazonaws.services.kinesis.clientlibrary.lib.worker.Worker.initialize(Worker.java:674)
	at com.amazonaws.services.kinesis.clientlibrary.lib.worker.Worker.run(Worker.java:614)
	at java.lang.Thread.run(Thread.java:750)
Caused by: com.amazonaws.services.dynamodbv2.model.AmazonDynamoDBException: Request is missing Authentication Token (Service: AmazonDynamoDBv2; Status Code: 400; Error Code: MissingAuthenticationTokenException; Request ID: 1FE7SSM2AHTN66C1GU567GH69NVV4KQNSO5AEMVJF66Q9ASUAAJG; Proxy: null)
	at com.amazonaws.http.AmazonHttpClient$RequestExecutor.handleErrorResponse(AmazonHttpClient.java:1819)
	at com.amazonaws.http.AmazonHttpClient$RequestExecutor.handleServiceErrorResponse(AmazonHttpClient.java:1403)
	at com.amazonaws.http.AmazonHttpClient$RequestExecutor.executeOneRequest(AmazonHttpClient.java:1372)
	at com.amazonaws.http.AmazonHttpClient$RequestExecutor.executeHelper(AmazonHttpClient.java:1145)
	at com.amazonaws.http.AmazonHttpClient$RequestExecutor.doExecute(AmazonHttpClient.java:802)
	at com.amazonaws.http.AmazonHttpClient$RequestExecutor.executeWithTimer(AmazonHttpClient.java:770)
	at com.amazonaws.http.AmazonHttpClient$RequestExecutor.execute(AmazonHttpClient.java:744)
	at com.amazonaws.http.AmazonHttpClient$RequestExecutor.access$500(AmazonHttpClient.java:704)
	at com.amazonaws.http.AmazonHttpClient$RequestExecutionBuilderImpl.execute(AmazonHttpClient.java:686)
	at com.amazonaws.http.AmazonHttpClient.execute(AmazonHttpClient.java:550)
	at com.amazonaws.http.AmazonHttpClient.execute(AmazonHttpClient.java:530)
	at com.amazonaws.services.dynamodbv2.AmazonDynamoDBClient.doInvoke(AmazonDynamoDBClient.java:6214)
	at com.amazonaws.services.dynamodbv2.AmazonDynamoDBClient.invoke(AmazonDynamoDBClient.java:6181)
	at com.amazonaws.services.dynamodbv2.AmazonDynamoDBClient.executeCreateTable(AmazonDynamoDBClient.java:1160)
	at com.amazonaws.services.dynamodbv2.AmazonDynamoDBClient.createTable(AmazonDynamoDBClient.java:1124)
	at com.amazonaws.services.kinesis.leases.impl.LeaseManager.createLeaseTableIfNotExists(LeaseManager.java:148)
	... 4 more

May 02, 2024 4:22:48 AM com.amazonaws.services.kinesis.clientlibrary.lib.worker.Worker initialize
INFO: Initialization attempt 5
May 02, 2024 4:22:48 AM com.amazonaws.services.kinesis.clientlibrary.lib.worker.Worker initialize
INFO: Initializing LeaseCoordinator
May 02, 2024 4:22:48 AM com.amazonaws.services.kinesis.leases.impl.LeaseManager createLeaseTableIfNotExists
SEVERE: Failed to get table status for test-application
com.amazonaws.services.kinesis.leases.exceptions.DependencyException: com.amazonaws.services.dynamodbv2.model.AmazonDynamoDBException: The security token included in the request is invalid. (Service: AmazonDynamoDBv2; Status Code: 400; Error Code: UnrecognizedClientException; Request ID: DJQQC8A42INSL7TKSF9UOQ1M7BVV4KQNSO5AEMVJF66Q9ASUAAJG; Proxy: null)
	at com.amazonaws.services.kinesis.leases.impl.LeaseManager.tableStatus(LeaseManager.java:183)
	at com.amazonaws.services.kinesis.leases.impl.LeaseManager.createLeaseTableIfNotExists(LeaseManager.java:126)
	at com.amazonaws.services.kinesis.clientlibrary.lib.worker.KinesisClientLibLeaseCoordinator.initialize(KinesisClientLibLeaseCoordinator.java:329)
	at com.amazonaws.services.kinesis.clientlibrary.lib.worker.Worker.initialize(Worker.java:674)
	at com.amazonaws.services.kinesis.clientlibrary.lib.worker.Worker.run(Worker.java:614)
	at java.lang.Thread.run(Thread.java:750)
Caused by: com.amazonaws.services.dynamodbv2.model.AmazonDynamoDBException: The security token included in the request is invalid. (Service: AmazonDynamoDBv2; Status Code: 400; Error Code: UnrecognizedClientException; Request ID: DJQQC8A42INSL7TKSF9UOQ1M7BVV4KQNSO5AEMVJF66Q9ASUAAJG; Proxy: null)
	at com.amazonaws.http.AmazonHttpClient$RequestExecutor.handleErrorResponse(AmazonHttpClient.java:1819)
	at com.amazonaws.http.AmazonHttpClient$RequestExecutor.handleServiceErrorResponse(AmazonHttpClient.java:1403)
	at com.amazonaws.http.AmazonHttpClient$RequestExecutor.executeOneRequest(AmazonHttpClient.java:1372)
	at com.amazonaws.http.AmazonHttpClient$RequestExecutor.executeHelper(AmazonHttpClient.java:1145)
	at com.amazonaws.http.AmazonHttpClient$RequestExecutor.doExecute(AmazonHttpClient.java:802)
	at com.amazonaws.http.AmazonHttpClient$RequestExecutor.executeWithTimer(AmazonHttpClient.java:770)
	at com.amazonaws.http.AmazonHttpClient$RequestExecutor.execute(AmazonHttpClient.java:744)
	at com.amazonaws.http.AmazonHttpClient$RequestExecutor.access$500(AmazonHttpClient.java:704)
	at com.amazonaws.http.AmazonHttpClient$RequestExecutionBuilderImpl.execute(AmazonHttpClient.java:686)
	at com.amazonaws.http.AmazonHttpClient.execute(AmazonHttpClient.java:550)
	at com.amazonaws.http.AmazonHttpClient.execute(AmazonHttpClient.java:530)
	at com.amazonaws.services.dynamodbv2.AmazonDynamoDBClient.doInvoke(AmazonDynamoDBClient.java:6214)
	at com.amazonaws.services.dynamodbv2.AmazonDynamoDBClient.invoke(AmazonDynamoDBClient.java:6181)
	at com.amazonaws.services.dynamodbv2.AmazonDynamoDBClient.executeDescribeTable(AmazonDynamoDBClient.java:2247)
	at com.amazonaws.services.dynamodbv2.AmazonDynamoDBClient.describeTable(AmazonDynamoDBClient.java:2211)
	at com.amazonaws.services.kinesis.leases.impl.LeaseManager.tableStatus(LeaseManager.java:175)
	... 5 more

May 02, 2024 4:22:48 AM com.amazonaws.services.kinesis.leases.impl.LeaseManager createLeaseTableIfNotExists
SEVERE: Failed to get table status for test-application
com.amazonaws.services.kinesis.leases.exceptions.DependencyException: com.amazonaws.services.dynamodbv2.model.AmazonDynamoDBException: Request is missing Authentication Token (Service: AmazonDynamoDBv2; Status Code: 400; Error Code: MissingAuthenticationTokenException; Request ID: 4Q9ID1EGTSLO0OJ7VK6LTOPTCVVV4KQNSO5AEMVJF66Q9ASUAAJG; Proxy: null)
	at com.amazonaws.services.kinesis.leases.impl.LeaseManager.tableStatus(LeaseManager.java:183)
	at com.amazonaws.services.kinesis.leases.impl.LeaseManager.createLeaseTableIfNotExists(LeaseManager.java:126)
	at com.amazonaws.services.kinesis.clientlibrary.lib.worker.KinesisClientLibLeaseCoordinator.initialize(KinesisClientLibLeaseCoordinator.java:329)
	at com.amazonaws.services.kinesis.clientlibrary.lib.worker.Worker.initialize(Worker.java:674)
	at com.amazonaws.services.kinesis.clientlibrary.lib.worker.Worker.run(Worker.java:614)
	at java.lang.Thread.run(Thread.java:750)
Caused by: com.amazonaws.services.dynamodbv2.model.AmazonDynamoDBException: Request is missing Authentication Token (Service: AmazonDynamoDBv2; Status Code: 400; Error Code: MissingAuthenticationTokenException; Request ID: 4Q9ID1EGTSLO0OJ7VK6LTOPTCVVV4KQNSO5AEMVJF66Q9ASUAAJG; Proxy: null)
	at com.amazonaws.http.AmazonHttpClient$RequestExecutor.handleErrorResponse(AmazonHttpClient.java:1819)
	at com.amazonaws.http.AmazonHttpClient$RequestExecutor.handleServiceErrorResponse(AmazonHttpClient.java:1403)
	at com.amazonaws.http.AmazonHttpClient$RequestExecutor.executeOneRequest(AmazonHttpClient.java:1372)
	at com.amazonaws.http.AmazonHttpClient$RequestExecutor.executeHelper(AmazonHttpClient.java:1145)
	at com.amazonaws.http.AmazonHttpClient$RequestExecutor.doExecute(AmazonHttpClient.java:802)
	at com.amazonaws.http.AmazonHttpClient$RequestExecutor.executeWithTimer(AmazonHttpClient.java:770)
	at com.amazonaws.http.AmazonHttpClient$RequestExecutor.execute(AmazonHttpClient.java:744)
	at com.amazonaws.http.AmazonHttpClient$RequestExecutor.access$500(AmazonHttpClient.java:704)
	at com.amazonaws.http.AmazonHttpClient$RequestExecutionBuilderImpl.execute(AmazonHttpClient.java:686)
	at com.amazonaws.http.AmazonHttpClient.execute(AmazonHttpClient.java:550)
	at com.amazonaws.http.AmazonHttpClient.execute(AmazonHttpClient.java:530)
	at com.amazonaws.services.dynamodbv2.AmazonDynamoDBClient.doInvoke(AmazonDynamoDBClient.java:6214)
	at com.amazonaws.services.dynamodbv2.AmazonDynamoDBClient.invoke(AmazonDynamoDBClient.java:6181)
	at com.amazonaws.services.dynamodbv2.AmazonDynamoDBClient.executeDescribeTable(AmazonDynamoDBClient.java:2247)
	at com.amazonaws.services.dynamodbv2.AmazonDynamoDBClient.describeTable(AmazonDynamoDBClient.java:2211)
	at com.amazonaws.services.kinesis.leases.impl.LeaseManager.tableStatus(LeaseManager.java:175)
	... 5 more

May 02, 2024 4:22:48 AM com.amazonaws.services.kinesis.clientlibrary.lib.worker.Worker initialize
SEVERE: Caught exception when initializing LeaseCoordinator
com.amazonaws.services.kinesis.leases.exceptions.DependencyException: com.amazonaws.services.dynamodbv2.model.AmazonDynamoDBException: The security token included in the request is invalid. (Service: AmazonDynamoDBv2; Status Code: 400; Error Code: UnrecognizedClientException; Request ID: K2LDN769A0F957BKM4J19FIDDNVV4KQNSO5AEMVJF66Q9ASUAAJG; Proxy: null)
	at com.amazonaws.services.kinesis.leases.impl.LeaseManager.createLeaseTableIfNotExists(LeaseManager.java:155)
	at com.amazonaws.services.kinesis.clientlibrary.lib.worker.KinesisClientLibLeaseCoordinator.initialize(KinesisClientLibLeaseCoordinator.java:329)
	at com.amazonaws.services.kinesis.clientlibrary.lib.worker.Worker.initialize(Worker.java:674)
	at com.amazonaws.services.kinesis.clientlibrary.lib.worker.Worker.run(Worker.java:614)
	at java.lang.Thread.run(Thread.java:750)
Caused by: com.amazonaws.services.dynamodbv2.model.AmazonDynamoDBException: The security token included in the request is invalid. (Service: AmazonDynamoDBv2; Status Code: 400; Error Code: UnrecognizedClientException; Request ID: K2LDN769A0F957BKM4J19FIDDNVV4KQNSO5AEMVJF66Q9ASUAAJG; Proxy: null)
	at com.amazonaws.http.AmazonHttpClient$RequestExecutor.handleErrorResponse(AmazonHttpClient.java:1819)
	at com.amazonaws.http.AmazonHttpClient$RequestExecutor.handleServiceErrorResponse(AmazonHttpClient.java:1403)
	at com.amazonaws.http.AmazonHttpClient$RequestExecutor.executeOneRequest(AmazonHttpClient.java:1372)
	at com.amazonaws.http.AmazonHttpClient$RequestExecutor.executeHelper(AmazonHttpClient.java:1145)
	at com.amazonaws.http.AmazonHttpClient$RequestExecutor.doExecute(AmazonHttpClient.java:802)
	at com.amazonaws.http.AmazonHttpClient$RequestExecutor.executeWithTimer(AmazonHttpClient.java:770)
	at com.amazonaws.http.AmazonHttpClient$RequestExecutor.execute(AmazonHttpClient.java:744)
	at com.amazonaws.http.AmazonHttpClient$RequestExecutor.access$500(AmazonHttpClient.java:704)
	at com.amazonaws.http.AmazonHttpClient$RequestExecutionBuilderImpl.execute(AmazonHttpClient.java:686)
	at com.amazonaws.http.AmazonHttpClient.execute(AmazonHttpClient.java:550)
	at com.amazonaws.http.AmazonHttpClient.execute(AmazonHttpClient.java:530)
	at com.amazonaws.services.dynamodbv2.AmazonDynamoDBClient.doInvoke(AmazonDynamoDBClient.java:6214)
	at com.amazonaws.services.dynamodbv2.AmazonDynamoDBClient.invoke(AmazonDynamoDBClient.java:6181)
	at com.amazonaws.services.dynamodbv2.AmazonDynamoDBClient.executeCreateTable(AmazonDynamoDBClient.java:1160)
	at com.amazonaws.services.dynamodbv2.AmazonDynamoDBClient.createTable(AmazonDynamoDBClient.java:1124)
	at com.amazonaws.services.kinesis.leases.impl.LeaseManager.createLeaseTableIfNotExists(LeaseManager.java:148)
	... 4 more

May 02, 2024 4:22:48 AM com.amazonaws.services.kinesis.clientlibrary.lib.worker.Worker initialize
INFO: Initialization attempt 6
May 02, 2024 4:22:48 AM com.amazonaws.services.kinesis.clientlibrary.lib.worker.Worker initialize
INFO: Initializing LeaseCoordinator
May 02, 2024 4:22:48 AM com.amazonaws.services.kinesis.clientlibrary.lib.worker.Worker initialize
SEVERE: Caught exception when initializing LeaseCoordinator
com.amazonaws.services.kinesis.leases.exceptions.DependencyException: com.amazonaws.services.dynamodbv2.model.AmazonDynamoDBException: Request is missing Authentication Token (Service: AmazonDynamoDBv2; Status Code: 400; Error Code: MissingAuthenticationTokenException; Request ID: IQT6VN7KHH8LI568OJ6T9R8R6NVV4KQNSO5AEMVJF66Q9ASUAAJG; Proxy: null)
	at com.amazonaws.services.kinesis.leases.impl.LeaseManager.createLeaseTableIfNotExists(LeaseManager.java:155)
	at com.amazonaws.services.kinesis.clientlibrary.lib.worker.KinesisClientLibLeaseCoordinator.initialize(KinesisClientLibLeaseCoordinator.java:329)
	at com.amazonaws.services.kinesis.clientlibrary.lib.worker.Worker.initialize(Worker.java:674)
	at com.amazonaws.services.kinesis.clientlibrary.lib.worker.Worker.run(Worker.java:614)
	at java.lang.Thread.run(Thread.java:750)
Caused by: com.amazonaws.services.dynamodbv2.model.AmazonDynamoDBException: Request is missing Authentication Token (Service: AmazonDynamoDBv2; Status Code: 400; Error Code: MissingAuthenticationTokenException; Request ID: IQT6VN7KHH8LI568OJ6T9R8R6NVV4KQNSO5AEMVJF66Q9ASUAAJG; Proxy: null)
	at com.amazonaws.http.AmazonHttpClient$RequestExecutor.handleErrorResponse(AmazonHttpClient.java:1819)
	at com.amazonaws.http.AmazonHttpClient$RequestExecutor.handleServiceErrorResponse(AmazonHttpClient.java:1403)
	at com.amazonaws.http.AmazonHttpClient$RequestExecutor.executeOneRequest(AmazonHttpClient.java:1372)
	at com.amazonaws.http.AmazonHttpClient$RequestExecutor.executeHelper(AmazonHttpClient.java:1145)
	at com.amazonaws.http.AmazonHttpClient$RequestExecutor.doExecute(AmazonHttpClient.java:802)
	at com.amazonaws.http.AmazonHttpClient$RequestExecutor.executeWithTimer(AmazonHttpClient.java:770)
	at com.amazonaws.http.AmazonHttpClient$RequestExecutor.execute(AmazonHttpClient.java:744)
	at com.amazonaws.http.AmazonHttpClient$RequestExecutor.access$500(AmazonHttpClient.java:704)
	at com.amazonaws.http.AmazonHttpClient$RequestExecutionBuilderImpl.execute(AmazonHttpClient.java:686)
	at com.amazonaws.http.AmazonHttpClient.execute(AmazonHttpClient.java:550)
	at com.amazonaws.http.AmazonHttpClient.execute(AmazonHttpClient.java:530)
	at com.amazonaws.services.dynamodbv2.AmazonDynamoDBClient.doInvoke(AmazonDynamoDBClient.java:6214)
	at com.amazonaws.services.dynamodbv2.AmazonDynamoDBClient.invoke(AmazonDynamoDBClient.java:6181)
	at com.amazonaws.services.dynamodbv2.AmazonDynamoDBClient.executeCreateTable(AmazonDynamoDBClient.java:1160)
	at com.amazonaws.services.dynamodbv2.AmazonDynamoDBClient.createTable(AmazonDynamoDBClient.java:1124)
	at com.amazonaws.services.kinesis.leases.impl.LeaseManager.createLeaseTableIfNotExists(LeaseManager.java:148)
	... 4 more

May 02, 2024 4:22:48 AM com.amazonaws.services.kinesis.clientlibrary.lib.worker.Worker initialize
INFO: Initialization attempt 6
May 02, 2024 4:22:48 AM com.amazonaws.services.kinesis.clientlibrary.lib.worker.Worker initialize
INFO: Initializing LeaseCoordinator
May 02, 2024 4:22:48 AM com.amazonaws.services.kinesis.leases.impl.LeaseManager createLeaseTableIfNotExists
SEVERE: Failed to get table status for test-application
com.amazonaws.services.kinesis.leases.exceptions.DependencyException: com.amazonaws.services.dynamodbv2.model.AmazonDynamoDBException: The security token included in the request is invalid. (Service: AmazonDynamoDBv2; Status Code: 400; Error Code: UnrecognizedClientException; Request ID: BDDHCCK1MO4EO0O3C6NCVD4M9FVV4KQNSO5AEMVJF66Q9ASUAAJG; Proxy: null)
	at com.amazonaws.services.kinesis.leases.impl.LeaseManager.tableStatus(LeaseManager.java:183)
	at com.amazonaws.services.kinesis.leases.impl.LeaseManager.createLeaseTableIfNotExists(LeaseManager.java:126)
	at com.amazonaws.services.kinesis.clientlibrary.lib.worker.KinesisClientLibLeaseCoordinator.initialize(KinesisClientLibLeaseCoordinator.java:329)
	at com.amazonaws.services.kinesis.clientlibrary.lib.worker.Worker.initialize(Worker.java:674)
	at com.amazonaws.services.kinesis.clientlibrary.lib.worker.Worker.run(Worker.java:614)
	at java.lang.Thread.run(Thread.java:750)
Caused by: com.amazonaws.services.dynamodbv2.model.AmazonDynamoDBException: The security token included in the request is invalid. (Service: AmazonDynamoDBv2; Status Code: 400; Error Code: UnrecognizedClientException; Request ID: BDDHCCK1MO4EO0O3C6NCVD4M9FVV4KQNSO5AEMVJF66Q9ASUAAJG; Proxy: null)
	at com.amazonaws.http.AmazonHttpClient$RequestExecutor.handleErrorResponse(AmazonHttpClient.java:1819)
	at com.amazonaws.http.AmazonHttpClient$RequestExecutor.handleServiceErrorResponse(AmazonHttpClient.java:1403)
	at com.amazonaws.http.AmazonHttpClient$RequestExecutor.executeOneRequest(AmazonHttpClient.java:1372)
	at com.amazonaws.http.AmazonHttpClient$RequestExecutor.executeHelper(AmazonHttpClient.java:1145)
	at com.amazonaws.http.AmazonHttpClient$RequestExecutor.doExecute(AmazonHttpClient.java:802)
	at com.amazonaws.http.AmazonHttpClient$RequestExecutor.executeWithTimer(AmazonHttpClient.java:770)
	at com.amazonaws.http.AmazonHttpClient$RequestExecutor.execute(AmazonHttpClient.java:744)
	at com.amazonaws.http.AmazonHttpClient$RequestExecutor.access$500(AmazonHttpClient.java:704)
	at com.amazonaws.http.AmazonHttpClient$RequestExecutionBuilderImpl.execute(AmazonHttpClient.java:686)
	at com.amazonaws.http.AmazonHttpClient.execute(AmazonHttpClient.java:550)
	at com.amazonaws.http.AmazonHttpClient.execute(AmazonHttpClient.java:530)
	at com.amazonaws.services.dynamodbv2.AmazonDynamoDBClient.doInvoke(AmazonDynamoDBClient.java:6214)
	at com.amazonaws.services.dynamodbv2.AmazonDynamoDBClient.invoke(AmazonDynamoDBClient.java:6181)
	at com.amazonaws.services.dynamodbv2.AmazonDynamoDBClient.executeDescribeTable(AmazonDynamoDBClient.java:2247)
	at com.amazonaws.services.dynamodbv2.AmazonDynamoDBClient.describeTable(AmazonDynamoDBClient.java:2211)
	at com.amazonaws.services.kinesis.leases.impl.LeaseManager.tableStatus(LeaseManager.java:175)
	... 5 more

May 02, 2024 4:22:48 AM com.amazonaws.services.kinesis.leases.impl.LeaseManager createLeaseTableIfNotExists
SEVERE: Failed to get table status for test-application
com.amazonaws.services.kinesis.leases.exceptions.DependencyException: com.amazonaws.services.dynamodbv2.model.AmazonDynamoDBException: Request is missing Authentication Token (Service: AmazonDynamoDBv2; Status Code: 400; Error Code: MissingAuthenticationTokenException; Request ID: PC2A7P1GQ1LH2DK0D0B9KFG63RVV4KQNSO5AEMVJF66Q9ASUAAJG; Proxy: null)
	at com.amazonaws.services.kinesis.leases.impl.LeaseManager.tableStatus(LeaseManager.java:183)
	at com.amazonaws.services.kinesis.leases.impl.LeaseManager.createLeaseTableIfNotExists(LeaseManager.java:126)
	at com.amazonaws.services.kinesis.clientlibrary.lib.worker.KinesisClientLibLeaseCoordinator.initialize(KinesisClientLibLeaseCoordinator.java:329)
	at com.amazonaws.services.kinesis.clientlibrary.lib.worker.Worker.initialize(Worker.java:674)
	at com.amazonaws.services.kinesis.clientlibrary.lib.worker.Worker.run(Worker.java:614)
	at java.lang.Thread.run(Thread.java:750)
Caused by: com.amazonaws.services.dynamodbv2.model.AmazonDynamoDBException: Request is missing Authentication Token (Service: AmazonDynamoDBv2; Status Code: 400; Error Code: MissingAuthenticationTokenException; Request ID: PC2A7P1GQ1LH2DK0D0B9KFG63RVV4KQNSO5AEMVJF66Q9ASUAAJG; Proxy: null)
	at com.amazonaws.http.AmazonHttpClient$RequestExecutor.handleErrorResponse(AmazonHttpClient.java:1819)
	at com.amazonaws.http.AmazonHttpClient$RequestExecutor.handleServiceErrorResponse(AmazonHttpClient.java:1403)
	at com.amazonaws.http.AmazonHttpClient$RequestExecutor.executeOneRequest(AmazonHttpClient.java:1372)
	at com.amazonaws.http.AmazonHttpClient$RequestExecutor.executeHelper(AmazonHttpClient.java:1145)
	at com.amazonaws.http.AmazonHttpClient$RequestExecutor.doExecute(AmazonHttpClient.java:802)
	at com.amazonaws.http.AmazonHttpClient$RequestExecutor.executeWithTimer(AmazonHttpClient.java:770)
	at com.amazonaws.http.AmazonHttpClient$RequestExecutor.execute(AmazonHttpClient.java:744)
	at com.amazonaws.http.AmazonHttpClient$RequestExecutor.access$500(AmazonHttpClient.java:704)
	at com.amazonaws.http.AmazonHttpClient$RequestExecutionBuilderImpl.execute(AmazonHttpClient.java:686)
	at com.amazonaws.http.AmazonHttpClient.execute(AmazonHttpClient.java:550)
	at com.amazonaws.http.AmazonHttpClient.execute(AmazonHttpClient.java:530)
	at com.amazonaws.services.dynamodbv2.AmazonDynamoDBClient.doInvoke(AmazonDynamoDBClient.java:6214)
	at com.amazonaws.services.dynamodbv2.AmazonDynamoDBClient.invoke(AmazonDynamoDBClient.java:6181)
	at com.amazonaws.services.dynamodbv2.AmazonDynamoDBClient.executeDescribeTable(AmazonDynamoDBClient.java:2247)
	at com.amazonaws.services.dynamodbv2.AmazonDynamoDBClient.describeTable(AmazonDynamoDBClient.java:2211)
	at com.amazonaws.services.kinesis.leases.impl.LeaseManager.tableStatus(LeaseManager.java:175)
	... 5 more

May 02, 2024 4:22:48 AM com.amazonaws.services.kinesis.clientlibrary.lib.worker.Worker initialize
SEVERE: Caught exception when initializing LeaseCoordinator
com.amazonaws.services.kinesis.leases.exceptions.DependencyException: com.amazonaws.services.dynamodbv2.model.AmazonDynamoDBException: The security token included in the request is invalid. (Service: AmazonDynamoDBv2; Status Code: 400; Error Code: UnrecognizedClientException; Request ID: SI4LDRUMLMO74EPDQLGTJ9HCAJVV4KQNSO5AEMVJF66Q9ASUAAJG; Proxy: null)
	at com.amazonaws.services.kinesis.leases.impl.LeaseManager.createLeaseTableIfNotExists(LeaseManager.java:155)
	at com.amazonaws.services.kinesis.clientlibrary.lib.worker.KinesisClientLibLeaseCoordinator.initialize(KinesisClientLibLeaseCoordinator.java:329)
	at com.amazonaws.services.kinesis.clientlibrary.lib.worker.Worker.initialize(Worker.java:674)
	at com.amazonaws.services.kinesis.clientlibrary.lib.worker.Worker.run(Worker.java:614)
	at java.lang.Thread.run(Thread.java:750)
Caused by: com.amazonaws.services.dynamodbv2.model.AmazonDynamoDBException: The security token included in the request is invalid. (Service: AmazonDynamoDBv2; Status Code: 400; Error Code: UnrecognizedClientException; Request ID: SI4LDRUMLMO74EPDQLGTJ9HCAJVV4KQNSO5AEMVJF66Q9ASUAAJG; Proxy: null)
	at com.amazonaws.http.AmazonHttpClient$RequestExecutor.handleErrorResponse(AmazonHttpClient.java:1819)
	at com.amazonaws.http.AmazonHttpClient$RequestExecutor.handleServiceErrorResponse(AmazonHttpClient.java:1403)
	at com.amazonaws.http.AmazonHttpClient$RequestExecutor.executeOneRequest(AmazonHttpClient.java:1372)
	at com.amazonaws.http.AmazonHttpClient$RequestExecutor.executeHelper(AmazonHttpClient.java:1145)
	at com.amazonaws.http.AmazonHttpClient$RequestExecutor.doExecute(AmazonHttpClient.java:802)
	at com.amazonaws.http.AmazonHttpClient$RequestExecutor.executeWithTimer(AmazonHttpClient.java:770)
	at com.amazonaws.http.AmazonHttpClient$RequestExecutor.execute(AmazonHttpClient.java:744)
	at com.amazonaws.http.AmazonHttpClient$RequestExecutor.access$500(AmazonHttpClient.java:704)
	at com.amazonaws.http.AmazonHttpClient$RequestExecutionBuilderImpl.execute(AmazonHttpClient.java:686)
	at com.amazonaws.http.AmazonHttpClient.execute(AmazonHttpClient.java:550)
	at com.amazonaws.http.AmazonHttpClient.execute(AmazonHttpClient.java:530)
	at com.amazonaws.services.dynamodbv2.AmazonDynamoDBClient.doInvoke(AmazonDynamoDBClient.java:6214)
	at com.amazonaws.services.dynamodbv2.AmazonDynamoDBClient.invoke(AmazonDynamoDBClient.java:6181)
	at com.amazonaws.services.dynamodbv2.AmazonDynamoDBClient.executeCreateTable(AmazonDynamoDBClient.java:1160)
	at com.amazonaws.services.dynamodbv2.AmazonDynamoDBClient.createTable(AmazonDynamoDBClient.java:1124)
	at com.amazonaws.services.kinesis.leases.impl.LeaseManager.createLeaseTableIfNotExists(LeaseManager.java:148)
	... 4 more

May 02, 2024 4:22:48 AM com.amazonaws.services.kinesis.clientlibrary.lib.worker.Worker initialize
INFO: Initialization attempt 7
May 02, 2024 4:22:48 AM com.amazonaws.services.kinesis.clientlibrary.lib.worker.Worker initialize
INFO: Initializing LeaseCoordinator
May 02, 2024 4:22:48 AM com.amazonaws.services.kinesis.leases.impl.LeaseManager createLeaseTableIfNotExists
SEVERE: Failed to get table status for test-application
com.amazonaws.services.kinesis.leases.exceptions.DependencyException: com.amazonaws.services.dynamodbv2.model.AmazonDynamoDBException: The security token included in the request is invalid. (Service: AmazonDynamoDBv2; Status Code: 400; Error Code: UnrecognizedClientException; Request ID: MOD48G2F301A4879R3CESKHT73VV4KQNSO5AEMVJF66Q9ASUAAJG; Proxy: null)
	at com.amazonaws.services.kinesis.leases.impl.LeaseManager.tableStatus(LeaseManager.java:183)
	at com.amazonaws.services.kinesis.leases.impl.LeaseManager.createLeaseTableIfNotExists(LeaseManager.java:126)
	at com.amazonaws.services.kinesis.clientlibrary.lib.worker.KinesisClientLibLeaseCoordinator.initialize(KinesisClientLibLeaseCoordinator.java:329)
	at com.amazonaws.services.kinesis.clientlibrary.lib.worker.Worker.initialize(Worker.java:674)
	at com.amazonaws.services.kinesis.clientlibrary.lib.worker.Worker.run(Worker.java:614)
	at java.lang.Thread.run(Thread.java:750)
Caused by: com.amazonaws.services.dynamodbv2.model.AmazonDynamoDBException: The security token included in the request is invalid. (Service: AmazonDynamoDBv2; Status Code: 400; Error Code: UnrecognizedClientException; Request ID: MOD48G2F301A4879R3CESKHT73VV4KQNSO5AEMVJF66Q9ASUAAJG; Proxy: null)
	at com.amazonaws.http.AmazonHttpClient$RequestExecutor.handleErrorResponse(AmazonHttpClient.java:1819)
	at com.amazonaws.http.AmazonHttpClient$RequestExecutor.handleServiceErrorResponse(AmazonHttpClient.java:1403)
	at com.amazonaws.http.AmazonHttpClient$RequestExecutor.executeOneRequest(AmazonHttpClient.java:1372)
	at com.amazonaws.http.AmazonHttpClient$RequestExecutor.executeHelper(AmazonHttpClient.java:1145)
	at com.amazonaws.http.AmazonHttpClient$RequestExecutor.doExecute(AmazonHttpClient.java:802)
	at com.amazonaws.http.AmazonHttpClient$RequestExecutor.executeWithTimer(AmazonHttpClient.java:770)
	at com.amazonaws.http.AmazonHttpClient$RequestExecutor.execute(AmazonHttpClient.java:744)
	at com.amazonaws.http.AmazonHttpClient$RequestExecutor.access$500(AmazonHttpClient.java:704)
	at com.amazonaws.http.AmazonHttpClient$RequestExecutionBuilderImpl.execute(AmazonHttpClient.java:686)
	at com.amazonaws.http.AmazonHttpClient.execute(AmazonHttpClient.java:550)
	at com.amazonaws.http.AmazonHttpClient.execute(AmazonHttpClient.java:530)
	at com.amazonaws.services.dynamodbv2.AmazonDynamoDBClient.doInvoke(AmazonDynamoDBClient.java:6214)
	at com.amazonaws.services.dynamodbv2.AmazonDynamoDBClient.invoke(AmazonDynamoDBClient.java:6181)
	at com.amazonaws.services.dynamodbv2.AmazonDynamoDBClient.executeDescribeTable(AmazonDynamoDBClient.java:2247)
	at com.amazonaws.services.dynamodbv2.AmazonDynamoDBClient.describeTable(AmazonDynamoDBClient.java:2211)
	at com.amazonaws.services.kinesis.leases.impl.LeaseManager.tableStatus(LeaseManager.java:175)
	... 5 more

May 02, 2024 4:22:48 AM com.amazonaws.services.kinesis.clientlibrary.lib.worker.Worker initialize
SEVERE: Caught exception when initializing LeaseCoordinator
com.amazonaws.services.kinesis.leases.exceptions.DependencyException: com.amazonaws.services.dynamodbv2.model.AmazonDynamoDBException: Request is missing Authentication Token (Service: AmazonDynamoDBv2; Status Code: 400; Error Code: MissingAuthenticationTokenException; Request ID: 0QJ81PAI3M599KSQ0TBDQN2JRFVV4KQNSO5AEMVJF66Q9ASUAAJG; Proxy: null)
	at com.amazonaws.services.kinesis.leases.impl.LeaseManager.createLeaseTableIfNotExists(LeaseManager.java:155)
	at com.amazonaws.services.kinesis.clientlibrary.lib.worker.KinesisClientLibLeaseCoordinator.initialize(KinesisClientLibLeaseCoordinator.java:329)
	at com.amazonaws.services.kinesis.clientlibrary.lib.worker.Worker.initialize(Worker.java:674)
	at com.amazonaws.services.kinesis.clientlibrary.lib.worker.Worker.run(Worker.java:614)
	at java.lang.Thread.run(Thread.java:750)
Caused by: com.amazonaws.services.dynamodbv2.model.AmazonDynamoDBException: Request is missing Authentication Token (Service: AmazonDynamoDBv2; Status Code: 400; Error Code: MissingAuthenticationTokenException; Request ID: 0QJ81PAI3M599KSQ0TBDQN2JRFVV4KQNSO5AEMVJF66Q9ASUAAJG; Proxy: null)
	at com.amazonaws.http.AmazonHttpClient$RequestExecutor.handleErrorResponse(AmazonHttpClient.java:1819)
	at com.amazonaws.http.AmazonHttpClient$RequestExecutor.handleServiceErrorResponse(AmazonHttpClient.java:1403)
	at com.amazonaws.http.AmazonHttpClient$RequestExecutor.executeOneRequest(AmazonHttpClient.java:1372)
	at com.amazonaws.http.AmazonHttpClient$RequestExecutor.executeHelper(AmazonHttpClient.java:1145)
	at com.amazonaws.http.AmazonHttpClient$RequestExecutor.doExecute(AmazonHttpClient.java:802)
	at com.amazonaws.http.AmazonHttpClient$RequestExecutor.executeWithTimer(AmazonHttpClient.java:770)
	at com.amazonaws.http.AmazonHttpClient$RequestExecutor.execute(AmazonHttpClient.java:744)
	at com.amazonaws.http.AmazonHttpClient$RequestExecutor.access$500(AmazonHttpClient.java:704)
	at com.amazonaws.http.AmazonHttpClient$RequestExecutionBuilderImpl.execute(AmazonHttpClient.java:686)
	at com.amazonaws.http.AmazonHttpClient.execute(AmazonHttpClient.java:550)
	at com.amazonaws.http.AmazonHttpClient.execute(AmazonHttpClient.java:530)
	at com.amazonaws.services.dynamodbv2.AmazonDynamoDBClient.doInvoke(AmazonDynamoDBClient.java:6214)
	at com.amazonaws.services.dynamodbv2.AmazonDynamoDBClient.invoke(AmazonDynamoDBClient.java:6181)
	at com.amazonaws.services.dynamodbv2.AmazonDynamoDBClient.executeCreateTable(AmazonDynamoDBClient.java:1160)
	at com.amazonaws.services.dynamodbv2.AmazonDynamoDBClient.createTable(AmazonDynamoDBClient.java:1124)
	at com.amazonaws.services.kinesis.leases.impl.LeaseManager.createLeaseTableIfNotExists(LeaseManager.java:148)
	... 4 more

May 02, 2024 4:22:48 AM com.amazonaws.services.kinesis.clientlibrary.lib.worker.Worker initialize
INFO: Initialization attempt 7
May 02, 2024 4:22:48 AM com.amazonaws.services.kinesis.clientlibrary.lib.worker.Worker initialize
INFO: Initializing LeaseCoordinator
May 02, 2024 4:22:48 AM com.amazonaws.services.kinesis.clientlibrary.lib.worker.Worker initialize
SEVERE: Caught exception when initializing LeaseCoordinator
com.amazonaws.services.kinesis.leases.exceptions.DependencyException: com.amazonaws.services.dynamodbv2.model.AmazonDynamoDBException: The security token included in the request is invalid. (Service: AmazonDynamoDBv2; Status Code: 400; Error Code: UnrecognizedClientException; Request ID: TFLDEPRT72I7ML1H3PPM8JEBPBVV4KQNSO5AEMVJF66Q9ASUAAJG; Proxy: null)
	at com.amazonaws.services.kinesis.leases.impl.LeaseManager.createLeaseTableIfNotExists(LeaseManager.java:155)
	at com.amazonaws.services.kinesis.clientlibrary.lib.worker.KinesisClientLibLeaseCoordinator.initialize(KinesisClientLibLeaseCoordinator.java:329)
	at com.amazonaws.services.kinesis.clientlibrary.lib.worker.Worker.initialize(Worker.java:674)
	at com.amazonaws.services.kinesis.clientlibrary.lib.worker.Worker.run(Worker.java:614)
	at java.lang.Thread.run(Thread.java:750)
Caused by: com.amazonaws.services.dynamodbv2.model.AmazonDynamoDBException: The security token included in the request is invalid. (Service: AmazonDynamoDBv2; Status Code: 400; Error Code: UnrecognizedClientException; Request ID: TFLDEPRT72I7ML1H3PPM8JEBPBVV4KQNSO5AEMVJF66Q9ASUAAJG; Proxy: null)
	at com.amazonaws.http.AmazonHttpClient$RequestExecutor.handleErrorResponse(AmazonHttpClient.java:1819)
	at com.amazonaws.http.AmazonHttpClient$RequestExecutor.handleServiceErrorResponse(AmazonHttpClient.java:1403)
	at com.amazonaws.http.AmazonHttpClient$RequestExecutor.executeOneRequest(AmazonHttpClient.java:1372)
	at com.amazonaws.http.AmazonHttpClient$RequestExecutor.executeHelper(AmazonHttpClient.java:1145)
	at com.amazonaws.http.AmazonHttpClient$RequestExecutor.doExecute(AmazonHttpClient.java:802)
	at com.amazonaws.http.AmazonHttpClient$RequestExecutor.executeWithTimer(AmazonHttpClient.java:770)
	at com.amazonaws.http.AmazonHttpClient$RequestExecutor.execute(AmazonHttpClient.java:744)
	at com.amazonaws.http.AmazonHttpClient$RequestExecutor.access$500(AmazonHttpClient.java:704)
	at com.amazonaws.http.AmazonHttpClient$RequestExecutionBuilderImpl.execute(AmazonHttpClient.java:686)
	at com.amazonaws.http.AmazonHttpClient.execute(AmazonHttpClient.java:550)
	at com.amazonaws.http.AmazonHttpClient.execute(AmazonHttpClient.java:530)
	at com.amazonaws.services.dynamodbv2.AmazonDynamoDBClient.doInvoke(AmazonDynamoDBClient.java:6214)
	at com.amazonaws.services.dynamodbv2.AmazonDynamoDBClient.invoke(AmazonDynamoDBClient.java:6181)
	at com.amazonaws.services.dynamodbv2.AmazonDynamoDBClient.executeCreateTable(AmazonDynamoDBClient.java:1160)
	at com.amazonaws.services.dynamodbv2.AmazonDynamoDBClient.createTable(AmazonDynamoDBClient.java:1124)
	at com.amazonaws.services.kinesis.leases.impl.LeaseManager.createLeaseTableIfNotExists(LeaseManager.java:148)
	... 4 more

May 02, 2024 4:22:48 AM com.amazonaws.services.kinesis.clientlibrary.lib.worker.Worker initialize
INFO: Initialization attempt 8
May 02, 2024 4:22:48 AM com.amazonaws.services.kinesis.clientlibrary.lib.worker.Worker initialize
INFO: Initializing LeaseCoordinator
May 02, 2024 4:22:48 AM com.amazonaws.services.kinesis.leases.impl.LeaseManager createLeaseTableIfNotExists
SEVERE: Failed to get table status for test-application
com.amazonaws.services.kinesis.leases.exceptions.DependencyException: com.amazonaws.services.dynamodbv2.model.AmazonDynamoDBException: Request is missing Authentication Token (Service: AmazonDynamoDBv2; Status Code: 400; Error Code: MissingAuthenticationTokenException; Request ID: 0FAK192JM1GM54LNU324EDQ02BVV4KQNSO5AEMVJF66Q9ASUAAJG; Proxy: null)
	at com.amazonaws.services.kinesis.leases.impl.LeaseManager.tableStatus(LeaseManager.java:183)
	at com.amazonaws.services.kinesis.leases.impl.LeaseManager.createLeaseTableIfNotExists(LeaseManager.java:126)
	at com.amazonaws.services.kinesis.clientlibrary.lib.worker.KinesisClientLibLeaseCoordinator.initialize(KinesisClientLibLeaseCoordinator.java:329)
	at com.amazonaws.services.kinesis.clientlibrary.lib.worker.Worker.initialize(Worker.java:674)
	at com.amazonaws.services.kinesis.clientlibrary.lib.worker.Worker.run(Worker.java:614)
	at java.lang.Thread.run(Thread.java:750)
Caused by: com.amazonaws.services.dynamodbv2.model.AmazonDynamoDBException: Request is missing Authentication Token (Service: AmazonDynamoDBv2; Status Code: 400; Error Code: MissingAuthenticationTokenException; Request ID: 0FAK192JM1GM54LNU324EDQ02BVV4KQNSO5AEMVJF66Q9ASUAAJG; Proxy: null)
	at com.amazonaws.http.AmazonHttpClient$RequestExecutor.handleErrorResponse(AmazonHttpClient.java:1819)
	at com.amazonaws.http.AmazonHttpClient$RequestExecutor.handleServiceErrorResponse(AmazonHttpClient.java:1403)
	at com.amazonaws.http.AmazonHttpClient$RequestExecutor.executeOneRequest(AmazonHttpClient.java:1372)
	at com.amazonaws.http.AmazonHttpClient$RequestExecutor.executeHelper(AmazonHttpClient.java:1145)
	at com.amazonaws.http.AmazonHttpClient$RequestExecutor.doExecute(AmazonHttpClient.java:802)
	at com.amazonaws.http.AmazonHttpClient$RequestExecutor.executeWithTimer(AmazonHttpClient.java:770)
	at com.amazonaws.http.AmazonHttpClient$RequestExecutor.execute(AmazonHttpClient.java:744)
	at com.amazonaws.http.AmazonHttpClient$RequestExecutor.access$500(AmazonHttpClient.java:704)
	at com.amazonaws.http.AmazonHttpClient$RequestExecutionBuilderImpl.execute(AmazonHttpClient.java:686)
	at com.amazonaws.http.AmazonHttpClient.execute(AmazonHttpClient.java:550)
	at com.amazonaws.http.AmazonHttpClient.execute(AmazonHttpClient.java:530)
	at com.amazonaws.services.dynamodbv2.AmazonDynamoDBClient.doInvoke(AmazonDynamoDBClient.java:6214)
	at com.amazonaws.services.dynamodbv2.AmazonDynamoDBClient.invoke(AmazonDynamoDBClient.java:6181)
	at com.amazonaws.services.dynamodbv2.AmazonDynamoDBClient.executeDescribeTable(AmazonDynamoDBClient.java:2247)
	at com.amazonaws.services.dynamodbv2.AmazonDynamoDBClient.describeTable(AmazonDynamoDBClient.java:2211)
	at com.amazonaws.services.kinesis.leases.impl.LeaseManager.tableStatus(LeaseManager.java:175)
	... 5 more

May 02, 2024 4:22:48 AM com.amazonaws.services.kinesis.leases.impl.LeaseManager createLeaseTableIfNotExists
SEVERE: Failed to get table status for test-application
com.amazonaws.services.kinesis.leases.exceptions.DependencyException: com.amazonaws.services.dynamodbv2.model.AmazonDynamoDBException: The security token included in the request is invalid. (Service: AmazonDynamoDBv2; Status Code: 400; Error Code: UnrecognizedClientException; Request ID: K5S89GALV18D756GLRM6OCLL43VV4KQNSO5AEMVJF66Q9ASUAAJG; Proxy: null)
	at com.amazonaws.services.kinesis.leases.impl.LeaseManager.tableStatus(LeaseManager.java:183)
	at com.amazonaws.services.kinesis.leases.impl.LeaseManager.createLeaseTableIfNotExists(LeaseManager.java:126)
	at com.amazonaws.services.kinesis.clientlibrary.lib.worker.KinesisClientLibLeaseCoordinator.initialize(KinesisClientLibLeaseCoordinator.java:329)
	at com.amazonaws.services.kinesis.clientlibrary.lib.worker.Worker.initialize(Worker.java:674)
	at com.amazonaws.services.kinesis.clientlibrary.lib.worker.Worker.run(Worker.java:614)
	at java.lang.Thread.run(Thread.java:750)
Caused by: com.amazonaws.services.dynamodbv2.model.AmazonDynamoDBException: The security token included in the request is invalid. (Service: AmazonDynamoDBv2; Status Code: 400; Error Code: UnrecognizedClientException; Request ID: K5S89GALV18D756GLRM6OCLL43VV4KQNSO5AEMVJF66Q9ASUAAJG; Proxy: null)
	at com.amazonaws.http.AmazonHttpClient$RequestExecutor.handleErrorResponse(AmazonHttpClient.java:1819)
	at com.amazonaws.http.AmazonHttpClient$RequestExecutor.handleServiceErrorResponse(AmazonHttpClient.java:1403)
	at com.amazonaws.http.AmazonHttpClient$RequestExecutor.executeOneRequest(AmazonHttpClient.java:1372)
	at com.amazonaws.http.AmazonHttpClient$RequestExecutor.executeHelper(AmazonHttpClient.java:1145)
	at com.amazonaws.http.AmazonHttpClient$RequestExecutor.doExecute(AmazonHttpClient.java:802)
	at com.amazonaws.http.AmazonHttpClient$RequestExecutor.executeWithTimer(AmazonHttpClient.java:770)
	at com.amazonaws.http.AmazonHttpClient$RequestExecutor.execute(AmazonHttpClient.java:744)
	at com.amazonaws.http.AmazonHttpClient$RequestExecutor.access$500(AmazonHttpClient.java:704)
	at com.amazonaws.http.AmazonHttpClient$RequestExecutionBuilderImpl.execute(AmazonHttpClient.java:686)
	at com.amazonaws.http.AmazonHttpClient.execute(AmazonHttpClient.java:550)
	at com.amazonaws.http.AmazonHttpClient.execute(AmazonHttpClient.java:530)
	at com.amazonaws.services.dynamodbv2.AmazonDynamoDBClient.doInvoke(AmazonDynamoDBClient.java:6214)
	at com.amazonaws.services.dynamodbv2.AmazonDynamoDBClient.invoke(AmazonDynamoDBClient.java:6181)
	at com.amazonaws.services.dynamodbv2.AmazonDynamoDBClient.executeDescribeTable(AmazonDynamoDBClient.java:2247)
	at com.amazonaws.services.dynamodbv2.AmazonDynamoDBClient.describeTable(AmazonDynamoDBClient.java:2211)
	at com.amazonaws.services.kinesis.leases.impl.LeaseManager.tableStatus(LeaseManager.java:175)
	... 5 more

May 02, 2024 4:22:48 AM com.amazonaws.services.kinesis.clientlibrary.lib.worker.Worker initialize
SEVERE: Caught exception when initializing LeaseCoordinator
com.amazonaws.services.kinesis.leases.exceptions.DependencyException: com.amazonaws.services.dynamodbv2.model.AmazonDynamoDBException: Request is missing Authentication Token (Service: AmazonDynamoDBv2; Status Code: 400; Error Code: MissingAuthenticationTokenException; Request ID: 3U88P3V9FGH7VI6MRP08B358KNVV4KQNSO5AEMVJF66Q9ASUAAJG; Proxy: null)
	at com.amazonaws.services.kinesis.leases.impl.LeaseManager.createLeaseTableIfNotExists(LeaseManager.java:155)
	at com.amazonaws.services.kinesis.clientlibrary.lib.worker.KinesisClientLibLeaseCoordinator.initialize(KinesisClientLibLeaseCoordinator.java:329)
	at com.amazonaws.services.kinesis.clientlibrary.lib.worker.Worker.initialize(Worker.java:674)
	at com.amazonaws.services.kinesis.clientlibrary.lib.worker.Worker.run(Worker.java:614)
	at java.lang.Thread.run(Thread.java:750)
Caused by: com.amazonaws.services.dynamodbv2.model.AmazonDynamoDBException: Request is missing Authentication Token (Service: AmazonDynamoDBv2; Status Code: 400; Error Code: MissingAuthenticationTokenException; Request ID: 3U88P3V9FGH7VI6MRP08B358KNVV4KQNSO5AEMVJF66Q9ASUAAJG; Proxy: null)
	at com.amazonaws.http.AmazonHttpClient$RequestExecutor.handleErrorResponse(AmazonHttpClient.java:1819)
	at com.amazonaws.http.AmazonHttpClient$RequestExecutor.handleServiceErrorResponse(AmazonHttpClient.java:1403)
	at com.amazonaws.http.AmazonHttpClient$RequestExecutor.executeOneRequest(AmazonHttpClient.java:1372)
	at com.amazonaws.http.AmazonHttpClient$RequestExecutor.executeHelper(AmazonHttpClient.java:1145)
	at com.amazonaws.http.AmazonHttpClient$RequestExecutor.doExecute(AmazonHttpClient.java:802)
	at com.amazonaws.http.AmazonHttpClient$RequestExecutor.executeWithTimer(AmazonHttpClient.java:770)
	at com.amazonaws.http.AmazonHttpClient$RequestExecutor.execute(AmazonHttpClient.java:744)
	at com.amazonaws.http.AmazonHttpClient$RequestExecutor.access$500(AmazonHttpClient.java:704)
	at com.amazonaws.http.AmazonHttpClient$RequestExecutionBuilderImpl.execute(AmazonHttpClient.java:686)
	at com.amazonaws.http.AmazonHttpClient.execute(AmazonHttpClient.java:550)
	at com.amazonaws.http.AmazonHttpClient.execute(AmazonHttpClient.java:530)
	at com.amazonaws.services.dynamodbv2.AmazonDynamoDBClient.doInvoke(AmazonDynamoDBClient.java:6214)
	at com.amazonaws.services.dynamodbv2.AmazonDynamoDBClient.invoke(AmazonDynamoDBClient.java:6181)
	at com.amazonaws.services.dynamodbv2.AmazonDynamoDBClient.executeCreateTable(AmazonDynamoDBClient.java:1160)
	at com.amazonaws.services.dynamodbv2.AmazonDynamoDBClient.createTable(AmazonDynamoDBClient.java:1124)
	at com.amazonaws.services.kinesis.leases.impl.LeaseManager.createLeaseTableIfNotExists(LeaseManager.java:148)
	... 4 more

May 02, 2024 4:22:48 AM com.amazonaws.services.kinesis.clientlibrary.lib.worker.Worker initialize
INFO: Initialization attempt 8
May 02, 2024 4:22:48 AM com.amazonaws.services.kinesis.clientlibrary.lib.worker.Worker initialize
INFO: Initializing LeaseCoordinator
May 02, 2024 4:22:48 AM com.amazonaws.services.kinesis.clientlibrary.lib.worker.Worker initialize
SEVERE: Caught exception when initializing LeaseCoordinator
com.amazonaws.services.kinesis.leases.exceptions.DependencyException: com.amazonaws.services.dynamodbv2.model.AmazonDynamoDBException: The security token included in the request is invalid. (Service: AmazonDynamoDBv2; Status Code: 400; Error Code: UnrecognizedClientException; Request ID: DEILV5RU6DQ7G0B4U8DUGPPUFVVV4KQNSO5AEMVJF66Q9ASUAAJG; Proxy: null)
	at com.amazonaws.services.kinesis.leases.impl.LeaseManager.createLeaseTableIfNotExists(LeaseManager.java:155)
	at com.amazonaws.services.kinesis.clientlibrary.lib.worker.KinesisClientLibLeaseCoordinator.initialize(KinesisClientLibLeaseCoordinator.java:329)
	at com.amazonaws.services.kinesis.clientlibrary.lib.worker.Worker.initialize(Worker.java:674)
	at com.amazonaws.services.kinesis.clientlibrary.lib.worker.Worker.run(Worker.java:614)
	at java.lang.Thread.run(Thread.java:750)
Caused by: com.amazonaws.services.dynamodbv2.model.AmazonDynamoDBException: The security token included in the request is invalid. (Service: AmazonDynamoDBv2; Status Code: 400; Error Code: UnrecognizedClientException; Request ID: DEILV5RU6DQ7G0B4U8DUGPPUFVVV4KQNSO5AEMVJF66Q9ASUAAJG; Proxy: null)
	at com.amazonaws.http.AmazonHttpClient$RequestExecutor.handleErrorResponse(AmazonHttpClient.java:1819)
	at com.amazonaws.http.AmazonHttpClient$RequestExecutor.handleServiceErrorResponse(AmazonHttpClient.java:1403)
	at com.amazonaws.http.AmazonHttpClient$RequestExecutor.executeOneRequest(AmazonHttpClient.java:1372)
	at com.amazonaws.http.AmazonHttpClient$RequestExecutor.executeHelper(AmazonHttpClient.java:1145)
	at com.amazonaws.http.AmazonHttpClient$RequestExecutor.doExecute(AmazonHttpClient.java:802)
	at com.amazonaws.http.AmazonHttpClient$RequestExecutor.executeWithTimer(AmazonHttpClient.java:770)
	at com.amazonaws.http.AmazonHttpClient$RequestExecutor.execute(AmazonHttpClient.java:744)
	at com.amazonaws.http.AmazonHttpClient$RequestExecutor.access$500(AmazonHttpClient.java:704)
	at com.amazonaws.http.AmazonHttpClient$RequestExecutionBuilderImpl.execute(AmazonHttpClient.java:686)
	at com.amazonaws.http.AmazonHttpClient.execute(AmazonHttpClient.java:550)
	at com.amazonaws.http.AmazonHttpClient.execute(AmazonHttpClient.java:530)
	at com.amazonaws.services.dynamodbv2.AmazonDynamoDBClient.doInvoke(AmazonDynamoDBClient.java:6214)
	at com.amazonaws.services.dynamodbv2.AmazonDynamoDBClient.invoke(AmazonDynamoDBClient.java:6181)
	at com.amazonaws.services.dynamodbv2.AmazonDynamoDBClient.executeCreateTable(AmazonDynamoDBClient.java:1160)
	at com.amazonaws.services.dynamodbv2.AmazonDynamoDBClient.createTable(AmazonDynamoDBClient.java:1124)
	at com.amazonaws.services.kinesis.leases.impl.LeaseManager.createLeaseTableIfNotExists(LeaseManager.java:148)
	... 4 more

May 02, 2024 4:22:48 AM com.amazonaws.services.kinesis.clientlibrary.lib.worker.Worker initialize
INFO: Initialization attempt 9
May 02, 2024 4:22:48 AM com.amazonaws.services.kinesis.clientlibrary.lib.worker.Worker initialize
INFO: Initializing LeaseCoordinator
May 02, 2024 4:22:48 AM com.amazonaws.services.kinesis.leases.impl.LeaseManager createLeaseTableIfNotExists
SEVERE: Failed to get table status for test-application
com.amazonaws.services.kinesis.leases.exceptions.DependencyException: com.amazonaws.services.dynamodbv2.model.AmazonDynamoDBException: Request is missing Authentication Token (Service: AmazonDynamoDBv2; Status Code: 400; Error Code: MissingAuthenticationTokenException; Request ID: 19IU0QKSRIQO4FSQTRCPVJN22RVV4KQNSO5AEMVJF66Q9ASUAAJG; Proxy: null)
	at com.amazonaws.services.kinesis.leases.impl.LeaseManager.tableStatus(LeaseManager.java:183)
	at com.amazonaws.services.kinesis.leases.impl.LeaseManager.createLeaseTableIfNotExists(LeaseManager.java:126)
	at com.amazonaws.services.kinesis.clientlibrary.lib.worker.KinesisClientLibLeaseCoordinator.initialize(KinesisClientLibLeaseCoordinator.java:329)
	at com.amazonaws.services.kinesis.clientlibrary.lib.worker.Worker.initialize(Worker.java:674)
	at com.amazonaws.services.kinesis.clientlibrary.lib.worker.Worker.run(Worker.java:614)
	at java.lang.Thread.run(Thread.java:750)
Caused by: com.amazonaws.services.dynamodbv2.model.AmazonDynamoDBException: Request is missing Authentication Token (Service: AmazonDynamoDBv2; Status Code: 400; Error Code: MissingAuthenticationTokenException; Request ID: 19IU0QKSRIQO4FSQTRCPVJN22RVV4KQNSO5AEMVJF66Q9ASUAAJG; Proxy: null)
	at com.amazonaws.http.AmazonHttpClient$RequestExecutor.handleErrorResponse(AmazonHttpClient.java:1819)
	at com.amazonaws.http.AmazonHttpClient$RequestExecutor.handleServiceErrorResponse(AmazonHttpClient.java:1403)
	at com.amazonaws.http.AmazonHttpClient$RequestExecutor.executeOneRequest(AmazonHttpClient.java:1372)
	at com.amazonaws.http.AmazonHttpClient$RequestExecutor.executeHelper(AmazonHttpClient.java:1145)
	at com.amazonaws.http.AmazonHttpClient$RequestExecutor.doExecute(AmazonHttpClient.java:802)
	at com.amazonaws.http.AmazonHttpClient$RequestExecutor.executeWithTimer(AmazonHttpClient.java:770)
	at com.amazonaws.http.AmazonHttpClient$RequestExecutor.execute(AmazonHttpClient.java:744)
	at com.amazonaws.http.AmazonHttpClient$RequestExecutor.access$500(AmazonHttpClient.java:704)
	at com.amazonaws.http.AmazonHttpClient$RequestExecutionBuilderImpl.execute(AmazonHttpClient.java:686)
	at com.amazonaws.http.AmazonHttpClient.execute(AmazonHttpClient.java:550)
	at com.amazonaws.http.AmazonHttpClient.execute(AmazonHttpClient.java:530)
	at com.amazonaws.services.dynamodbv2.AmazonDynamoDBClient.doInvoke(AmazonDynamoDBClient.java:6214)
	at com.amazonaws.services.dynamodbv2.AmazonDynamoDBClient.invoke(AmazonDynamoDBClient.java:6181)
	at com.amazonaws.services.dynamodbv2.AmazonDynamoDBClient.executeDescribeTable(AmazonDynamoDBClient.java:2247)
	at com.amazonaws.services.dynamodbv2.AmazonDynamoDBClient.describeTable(AmazonDynamoDBClient.java:2211)
	at com.amazonaws.services.kinesis.leases.impl.LeaseManager.tableStatus(LeaseManager.java:175)
	... 5 more

May 02, 2024 4:22:48 AM com.amazonaws.services.kinesis.leases.impl.LeaseManager createLeaseTableIfNotExists
SEVERE: Failed to get table status for test-application
com.amazonaws.services.kinesis.leases.exceptions.DependencyException: com.amazonaws.services.dynamodbv2.model.AmazonDynamoDBException: The security token included in the request is invalid. (Service: AmazonDynamoDBv2; Status Code: 400; Error Code: UnrecognizedClientException; Request ID: HTS1OI38UCA54612V8ROTFFP8VVV4KQNSO5AEMVJF66Q9ASUAAJG; Proxy: null)
	at com.amazonaws.services.kinesis.leases.impl.LeaseManager.tableStatus(LeaseManager.java:183)
	at com.amazonaws.services.kinesis.leases.impl.LeaseManager.createLeaseTableIfNotExists(LeaseManager.java:126)
	at com.amazonaws.services.kinesis.clientlibrary.lib.worker.KinesisClientLibLeaseCoordinator.initialize(KinesisClientLibLeaseCoordinator.java:329)
	at com.amazonaws.services.kinesis.clientlibrary.lib.worker.Worker.initialize(Worker.java:674)
	at com.amazonaws.services.kinesis.clientlibrary.lib.worker.Worker.run(Worker.java:614)
	at java.lang.Thread.run(Thread.java:750)
Caused by: com.amazonaws.services.dynamodbv2.model.AmazonDynamoDBException: The security token included in the request is invalid. (Service: AmazonDynamoDBv2; Status Code: 400; Error Code: UnrecognizedClientException; Request ID: HTS1OI38UCA54612V8ROTFFP8VVV4KQNSO5AEMVJF66Q9ASUAAJG; Proxy: null)
	at com.amazonaws.http.AmazonHttpClient$RequestExecutor.handleErrorResponse(AmazonHttpClient.java:1819)
	at com.amazonaws.http.AmazonHttpClient$RequestExecutor.handleServiceErrorResponse(AmazonHttpClient.java:1403)
	at com.amazonaws.http.AmazonHttpClient$RequestExecutor.executeOneRequest(AmazonHttpClient.java:1372)
	at com.amazonaws.http.AmazonHttpClient$RequestExecutor.executeHelper(AmazonHttpClient.java:1145)
	at com.amazonaws.http.AmazonHttpClient$RequestExecutor.doExecute(AmazonHttpClient.java:802)
	at com.amazonaws.http.AmazonHttpClient$RequestExecutor.executeWithTimer(AmazonHttpClient.java:770)
	at com.amazonaws.http.AmazonHttpClient$RequestExecutor.execute(AmazonHttpClient.java:744)
	at com.amazonaws.http.AmazonHttpClient$RequestExecutor.access$500(AmazonHttpClient.java:704)
	at com.amazonaws.http.AmazonHttpClient$RequestExecutionBuilderImpl.execute(AmazonHttpClient.java:686)
	at com.amazonaws.http.AmazonHttpClient.execute(AmazonHttpClient.java:550)
	at com.amazonaws.http.AmazonHttpClient.execute(AmazonHttpClient.java:530)
	at com.amazonaws.services.dynamodbv2.AmazonDynamoDBClient.doInvoke(AmazonDynamoDBClient.java:6214)
	at com.amazonaws.services.dynamodbv2.AmazonDynamoDBClient.invoke(AmazonDynamoDBClient.java:6181)
	at com.amazonaws.services.dynamodbv2.AmazonDynamoDBClient.executeDescribeTable(AmazonDynamoDBClient.java:2247)
	at com.amazonaws.services.dynamodbv2.AmazonDynamoDBClient.describeTable(AmazonDynamoDBClient.java:2211)
	at com.amazonaws.services.kinesis.leases.impl.LeaseManager.tableStatus(LeaseManager.java:175)
	... 5 more

May 02, 2024 4:22:48 AM com.amazonaws.services.kinesis.clientlibrary.lib.worker.Worker initialize
SEVERE: Caught exception when initializing LeaseCoordinator
com.amazonaws.services.kinesis.leases.exceptions.DependencyException: com.amazonaws.services.dynamodbv2.model.AmazonDynamoDBException: Request is missing Authentication Token (Service: AmazonDynamoDBv2; Status Code: 400; Error Code: MissingAuthenticationTokenException; Request ID: AQLH4CF68KI5U6HA0A4FRHMI1NVV4KQNSO5AEMVJF66Q9ASUAAJG; Proxy: null)
	at com.amazonaws.services.kinesis.leases.impl.LeaseManager.createLeaseTableIfNotExists(LeaseManager.java:155)
	at com.amazonaws.services.kinesis.clientlibrary.lib.worker.KinesisClientLibLeaseCoordinator.initialize(KinesisClientLibLeaseCoordinator.java:329)
	at com.amazonaws.services.kinesis.clientlibrary.lib.worker.Worker.initialize(Worker.java:674)
	at com.amazonaws.services.kinesis.clientlibrary.lib.worker.Worker.run(Worker.java:614)
	at java.lang.Thread.run(Thread.java:750)
Caused by: com.amazonaws.services.dynamodbv2.model.AmazonDynamoDBException: Request is missing Authentication Token (Service: AmazonDynamoDBv2; Status Code: 400; Error Code: MissingAuthenticationTokenException; Request ID: AQLH4CF68KI5U6HA0A4FRHMI1NVV4KQNSO5AEMVJF66Q9ASUAAJG; Proxy: null)
	at com.amazonaws.http.AmazonHttpClient$RequestExecutor.handleErrorResponse(AmazonHttpClient.java:1819)
	at com.amazonaws.http.AmazonHttpClient$RequestExecutor.handleServiceErrorResponse(AmazonHttpClient.java:1403)
	at com.amazonaws.http.AmazonHttpClient$RequestExecutor.executeOneRequest(AmazonHttpClient.java:1372)
	at com.amazonaws.http.AmazonHttpClient$RequestExecutor.executeHelper(AmazonHttpClient.java:1145)
	at com.amazonaws.http.AmazonHttpClient$RequestExecutor.doExecute(AmazonHttpClient.java:802)
	at com.amazonaws.http.AmazonHttpClient$RequestExecutor.executeWithTimer(AmazonHttpClient.java:770)
	at com.amazonaws.http.AmazonHttpClient$RequestExecutor.execute(AmazonHttpClient.java:744)
	at com.amazonaws.http.AmazonHttpClient$RequestExecutor.access$500(AmazonHttpClient.java:704)
	at com.amazonaws.http.AmazonHttpClient$RequestExecutionBuilderImpl.execute(AmazonHttpClient.java:686)
	at com.amazonaws.http.AmazonHttpClient.execute(AmazonHttpClient.java:550)
	at com.amazonaws.http.AmazonHttpClient.execute(AmazonHttpClient.java:530)
	at com.amazonaws.services.dynamodbv2.AmazonDynamoDBClient.doInvoke(AmazonDynamoDBClient.java:6214)
	at com.amazonaws.services.dynamodbv2.AmazonDynamoDBClient.invoke(AmazonDynamoDBClient.java:6181)
	at com.amazonaws.services.dynamodbv2.AmazonDynamoDBClient.executeCreateTable(AmazonDynamoDBClient.java:1160)
	at com.amazonaws.services.dynamodbv2.AmazonDynamoDBClient.createTable(AmazonDynamoDBClient.java:1124)
	at com.amazonaws.services.kinesis.leases.impl.LeaseManager.createLeaseTableIfNotExists(LeaseManager.java:148)
	... 4 more

May 02, 2024 4:22:48 AM com.amazonaws.services.kinesis.clientlibrary.lib.worker.Worker initialize
INFO: Initialization attempt 9
May 02, 2024 4:22:48 AM com.amazonaws.services.kinesis.clientlibrary.lib.worker.Worker initialize
INFO: Initializing LeaseCoordinator
May 02, 2024 4:22:48 AM com.amazonaws.services.kinesis.clientlibrary.lib.worker.Worker initialize
SEVERE: Caught exception when initializing LeaseCoordinator
com.amazonaws.services.kinesis.leases.exceptions.DependencyException: com.amazonaws.services.dynamodbv2.model.AmazonDynamoDBException: The security token included in the request is invalid. (Service: AmazonDynamoDBv2; Status Code: 400; Error Code: UnrecognizedClientException; Request ID: JU140QGC4T8OOM4BEP2N9PO2A3VV4KQNSO5AEMVJF66Q9ASUAAJG; Proxy: null)
	at com.amazonaws.services.kinesis.leases.impl.LeaseManager.createLeaseTableIfNotExists(LeaseManager.java:155)
	at com.amazonaws.services.kinesis.clientlibrary.lib.worker.KinesisClientLibLeaseCoordinator.initialize(KinesisClientLibLeaseCoordinator.java:329)
	at com.amazonaws.services.kinesis.clientlibrary.lib.worker.Worker.initialize(Worker.java:674)
	at com.amazonaws.services.kinesis.clientlibrary.lib.worker.Worker.run(Worker.java:614)
	at java.lang.Thread.run(Thread.java:750)
Caused by: com.amazonaws.services.dynamodbv2.model.AmazonDynamoDBException: The security token included in the request is invalid. (Service: AmazonDynamoDBv2; Status Code: 400; Error Code: UnrecognizedClientException; Request ID: JU140QGC4T8OOM4BEP2N9PO2A3VV4KQNSO5AEMVJF66Q9ASUAAJG; Proxy: null)
	at com.amazonaws.http.AmazonHttpClient$RequestExecutor.handleErrorResponse(AmazonHttpClient.java:1819)
	at com.amazonaws.http.AmazonHttpClient$RequestExecutor.handleServiceErrorResponse(AmazonHttpClient.java:1403)
	at com.amazonaws.http.AmazonHttpClient$RequestExecutor.executeOneRequest(AmazonHttpClient.java:1372)
	at com.amazonaws.http.AmazonHttpClient$RequestExecutor.executeHelper(AmazonHttpClient.java:1145)
	at com.amazonaws.http.AmazonHttpClient$RequestExecutor.doExecute(AmazonHttpClient.java:802)
	at com.amazonaws.http.AmazonHttpClient$RequestExecutor.executeWithTimer(AmazonHttpClient.java:770)
	at com.amazonaws.http.AmazonHttpClient$RequestExecutor.execute(AmazonHttpClient.java:744)
	at com.amazonaws.http.AmazonHttpClient$RequestExecutor.access$500(AmazonHttpClient.java:704)
	at com.amazonaws.http.AmazonHttpClient$RequestExecutionBuilderImpl.execute(AmazonHttpClient.java:686)
	at com.amazonaws.http.AmazonHttpClient.execute(AmazonHttpClient.java:550)
	at com.amazonaws.http.AmazonHttpClient.execute(AmazonHttpClient.java:530)
	at com.amazonaws.services.dynamodbv2.AmazonDynamoDBClient.doInvoke(AmazonDynamoDBClient.java:6214)
	at com.amazonaws.services.dynamodbv2.AmazonDynamoDBClient.invoke(AmazonDynamoDBClient.java:6181)
	at com.amazonaws.services.dynamodbv2.AmazonDynamoDBClient.executeCreateTable(AmazonDynamoDBClient.java:1160)
	at com.amazonaws.services.dynamodbv2.AmazonDynamoDBClient.createTable(AmazonDynamoDBClient.java:1124)
	at com.amazonaws.services.kinesis.leases.impl.LeaseManager.createLeaseTableIfNotExists(LeaseManager.java:148)
	... 4 more

May 02, 2024 4:22:48 AM com.amazonaws.services.kinesis.clientlibrary.lib.worker.Worker initialize
INFO: Initialization attempt 10
May 02, 2024 4:22:48 AM com.amazonaws.services.kinesis.clientlibrary.lib.worker.Worker initialize
INFO: Initializing LeaseCoordinator
May 02, 2024 4:22:48 AM com.amazonaws.services.kinesis.leases.impl.LeaseManager createLeaseTableIfNotExists
SEVERE: Failed to get table status for test-application
com.amazonaws.services.kinesis.leases.exceptions.DependencyException: com.amazonaws.services.dynamodbv2.model.AmazonDynamoDBException: Request is missing Authentication Token (Service: AmazonDynamoDBv2; Status Code: 400; Error Code: MissingAuthenticationTokenException; Request ID: J7KTR71R9H4PJ8DFAV090CJK2RVV4KQNSO5AEMVJF66Q9ASUAAJG; Proxy: null)
	at com.amazonaws.services.kinesis.leases.impl.LeaseManager.tableStatus(LeaseManager.java:183)
	at com.amazonaws.services.kinesis.leases.impl.LeaseManager.createLeaseTableIfNotExists(LeaseManager.java:126)
	at com.amazonaws.services.kinesis.clientlibrary.lib.worker.KinesisClientLibLeaseCoordinator.initialize(KinesisClientLibLeaseCoordinator.java:329)
	at com.amazonaws.services.kinesis.clientlibrary.lib.worker.Worker.initialize(Worker.java:674)
	at com.amazonaws.services.kinesis.clientlibrary.lib.worker.Worker.run(Worker.java:614)
	at java.lang.Thread.run(Thread.java:750)
Caused by: com.amazonaws.services.dynamodbv2.model.AmazonDynamoDBException: Request is missing Authentication Token (Service: AmazonDynamoDBv2; Status Code: 400; Error Code: MissingAuthenticationTokenException; Request ID: J7KTR71R9H4PJ8DFAV090CJK2RVV4KQNSO5AEMVJF66Q9ASUAAJG; Proxy: null)
	at com.amazonaws.http.AmazonHttpClient$RequestExecutor.handleErrorResponse(AmazonHttpClient.java:1819)
	at com.amazonaws.http.AmazonHttpClient$RequestExecutor.handleServiceErrorResponse(AmazonHttpClient.java:1403)
	at com.amazonaws.http.AmazonHttpClient$RequestExecutor.executeOneRequest(AmazonHttpClient.java:1372)
	at com.amazonaws.http.AmazonHttpClient$RequestExecutor.executeHelper(AmazonHttpClient.java:1145)
	at com.amazonaws.http.AmazonHttpClient$RequestExecutor.doExecute(AmazonHttpClient.java:802)
	at com.amazonaws.http.AmazonHttpClient$RequestExecutor.executeWithTimer(AmazonHttpClient.java:770)
	at com.amazonaws.http.AmazonHttpClient$RequestExecutor.execute(AmazonHttpClient.java:744)
	at com.amazonaws.http.AmazonHttpClient$RequestExecutor.access$500(AmazonHttpClient.java:704)
	at com.amazonaws.http.AmazonHttpClient$RequestExecutionBuilderImpl.execute(AmazonHttpClient.java:686)
	at com.amazonaws.http.AmazonHttpClient.execute(AmazonHttpClient.java:550)
	at com.amazonaws.http.AmazonHttpClient.execute(AmazonHttpClient.java:530)
	at com.amazonaws.services.dynamodbv2.AmazonDynamoDBClient.doInvoke(AmazonDynamoDBClient.java:6214)
	at com.amazonaws.services.dynamodbv2.AmazonDynamoDBClient.invoke(AmazonDynamoDBClient.java:6181)
	at com.amazonaws.services.dynamodbv2.AmazonDynamoDBClient.executeDescribeTable(AmazonDynamoDBClient.java:2247)
	at com.amazonaws.services.dynamodbv2.AmazonDynamoDBClient.describeTable(AmazonDynamoDBClient.java:2211)
	at com.amazonaws.services.kinesis.leases.impl.LeaseManager.tableStatus(LeaseManager.java:175)
	... 5 more

May 02, 2024 4:22:48 AM com.amazonaws.services.kinesis.leases.impl.LeaseManager createLeaseTableIfNotExists
SEVERE: Failed to get table status for test-application
com.amazonaws.services.kinesis.leases.exceptions.DependencyException: com.amazonaws.services.dynamodbv2.model.AmazonDynamoDBException: The security token included in the request is invalid. (Service: AmazonDynamoDBv2; Status Code: 400; Error Code: UnrecognizedClientException; Request ID: KO4ATF9BLF4BD52GBBUMIUGK9FVV4KQNSO5AEMVJF66Q9ASUAAJG; Proxy: null)
	at com.amazonaws.services.kinesis.leases.impl.LeaseManager.tableStatus(LeaseManager.java:183)
	at com.amazonaws.services.kinesis.leases.impl.LeaseManager.createLeaseTableIfNotExists(LeaseManager.java:126)
	at com.amazonaws.services.kinesis.clientlibrary.lib.worker.KinesisClientLibLeaseCoordinator.initialize(KinesisClientLibLeaseCoordinator.java:329)
	at com.amazonaws.services.kinesis.clientlibrary.lib.worker.Worker.initialize(Worker.java:674)
	at com.amazonaws.services.kinesis.clientlibrary.lib.worker.Worker.run(Worker.java:614)
	at java.lang.Thread.run(Thread.java:750)
Caused by: com.amazonaws.services.dynamodbv2.model.AmazonDynamoDBException: The security token included in the request is invalid. (Service: AmazonDynamoDBv2; Status Code: 400; Error Code: UnrecognizedClientException; Request ID: KO4ATF9BLF4BD52GBBUMIUGK9FVV4KQNSO5AEMVJF66Q9ASUAAJG; Proxy: null)
	at com.amazonaws.http.AmazonHttpClient$RequestExecutor.handleErrorResponse(AmazonHttpClient.java:1819)
	at com.amazonaws.http.AmazonHttpClient$RequestExecutor.handleServiceErrorResponse(AmazonHttpClient.java:1403)
	at com.amazonaws.http.AmazonHttpClient$RequestExecutor.executeOneRequest(AmazonHttpClient.java:1372)
	at com.amazonaws.http.AmazonHttpClient$RequestExecutor.executeHelper(AmazonHttpClient.java:1145)
	at com.amazonaws.http.AmazonHttpClient$RequestExecutor.doExecute(AmazonHttpClient.java:802)
	at com.amazonaws.http.AmazonHttpClient$RequestExecutor.executeWithTimer(AmazonHttpClient.java:770)
	at com.amazonaws.http.AmazonHttpClient$RequestExecutor.execute(AmazonHttpClient.java:744)
	at com.amazonaws.http.AmazonHttpClient$RequestExecutor.access$500(AmazonHttpClient.java:704)
	at com.amazonaws.http.AmazonHttpClient$RequestExecutionBuilderImpl.execute(AmazonHttpClient.java:686)
	at com.amazonaws.http.AmazonHttpClient.execute(AmazonHttpClient.java:550)
	at com.amazonaws.http.AmazonHttpClient.execute(AmazonHttpClient.java:530)
	at com.amazonaws.services.dynamodbv2.AmazonDynamoDBClient.doInvoke(AmazonDynamoDBClient.java:6214)
	at com.amazonaws.services.dynamodbv2.AmazonDynamoDBClient.invoke(AmazonDynamoDBClient.java:6181)
	at com.amazonaws.services.dynamodbv2.AmazonDynamoDBClient.executeDescribeTable(AmazonDynamoDBClient.java:2247)
	at com.amazonaws.services.dynamodbv2.AmazonDynamoDBClient.describeTable(AmazonDynamoDBClient.java:2211)
	at com.amazonaws.services.kinesis.leases.impl.LeaseManager.tableStatus(LeaseManager.java:175)
	... 5 more

May 02, 2024 4:22:48 AM com.amazonaws.services.kinesis.clientlibrary.lib.worker.Worker initialize
SEVERE: Caught exception when initializing LeaseCoordinator
com.amazonaws.services.kinesis.leases.exceptions.DependencyException: com.amazonaws.services.dynamodbv2.model.AmazonDynamoDBException: Request is missing Authentication Token (Service: AmazonDynamoDBv2; Status Code: 400; Error Code: MissingAuthenticationTokenException; Request ID: 9S6O97K84DGIUR2LLRTTLO2CDVVV4KQNSO5AEMVJF66Q9ASUAAJG; Proxy: null)
	at com.amazonaws.services.kinesis.leases.impl.LeaseManager.createLeaseTableIfNotExists(LeaseManager.java:155)
	at com.amazonaws.services.kinesis.clientlibrary.lib.worker.KinesisClientLibLeaseCoordinator.initialize(KinesisClientLibLeaseCoordinator.java:329)
	at com.amazonaws.services.kinesis.clientlibrary.lib.worker.Worker.initialize(Worker.java:674)
	at com.amazonaws.services.kinesis.clientlibrary.lib.worker.Worker.run(Worker.java:614)
	at java.lang.Thread.run(Thread.java:750)
Caused by: com.amazonaws.services.dynamodbv2.model.AmazonDynamoDBException: Request is missing Authentication Token (Service: AmazonDynamoDBv2; Status Code: 400; Error Code: MissingAuthenticationTokenException; Request ID: 9S6O97K84DGIUR2LLRTTLO2CDVVV4KQNSO5AEMVJF66Q9ASUAAJG; Proxy: null)
	at com.amazonaws.http.AmazonHttpClient$RequestExecutor.handleErrorResponse(AmazonHttpClient.java:1819)
	at com.amazonaws.http.AmazonHttpClient$RequestExecutor.handleServiceErrorResponse(AmazonHttpClient.java:1403)
	at com.amazonaws.http.AmazonHttpClient$RequestExecutor.executeOneRequest(AmazonHttpClient.java:1372)
	at com.amazonaws.http.AmazonHttpClient$RequestExecutor.executeHelper(AmazonHttpClient.java:1145)
	at com.amazonaws.http.AmazonHttpClient$RequestExecutor.doExecute(AmazonHttpClient.java:802)
	at com.amazonaws.http.AmazonHttpClient$RequestExecutor.executeWithTimer(AmazonHttpClient.java:770)
	at com.amazonaws.http.AmazonHttpClient$RequestExecutor.execute(AmazonHttpClient.java:744)
	at com.amazonaws.http.AmazonHttpClient$RequestExecutor.access$500(AmazonHttpClient.java:704)
	at com.amazonaws.http.AmazonHttpClient$RequestExecutionBuilderImpl.execute(AmazonHttpClient.java:686)
	at com.amazonaws.http.AmazonHttpClient.execute(AmazonHttpClient.java:550)
	at com.amazonaws.http.AmazonHttpClient.execute(AmazonHttpClient.java:530)
	at com.amazonaws.services.dynamodbv2.AmazonDynamoDBClient.doInvoke(AmazonDynamoDBClient.java:6214)
	at com.amazonaws.services.dynamodbv2.AmazonDynamoDBClient.invoke(AmazonDynamoDBClient.java:6181)
	at com.amazonaws.services.dynamodbv2.AmazonDynamoDBClient.executeCreateTable(AmazonDynamoDBClient.java:1160)
	at com.amazonaws.services.dynamodbv2.AmazonDynamoDBClient.createTable(AmazonDynamoDBClient.java:1124)
	at com.amazonaws.services.kinesis.leases.impl.LeaseManager.createLeaseTableIfNotExists(LeaseManager.java:148)
	... 4 more

May 02, 2024 4:22:48 AM com.amazonaws.services.kinesis.clientlibrary.lib.worker.Worker initialize
SEVERE: Caught exception when initializing LeaseCoordinator
com.amazonaws.services.kinesis.leases.exceptions.DependencyException: com.amazonaws.services.dynamodbv2.model.AmazonDynamoDBException: The security token included in the request is invalid. (Service: AmazonDynamoDBv2; Status Code: 400; Error Code: UnrecognizedClientException; Request ID: 6UD0BOG7PMIS26OMDJTA0MDURNVV4KQNSO5AEMVJF66Q9ASUAAJG; Proxy: null)
	at com.amazonaws.services.kinesis.leases.impl.LeaseManager.createLeaseTableIfNotExists(LeaseManager.java:155)
	at com.amazonaws.services.kinesis.clientlibrary.lib.worker.KinesisClientLibLeaseCoordinator.initialize(KinesisClientLibLeaseCoordinator.java:329)
	at com.amazonaws.services.kinesis.clientlibrary.lib.worker.Worker.initialize(Worker.java:674)
	at com.amazonaws.services.kinesis.clientlibrary.lib.worker.Worker.run(Worker.java:614)
	at java.lang.Thread.run(Thread.java:750)
Caused by: com.amazonaws.services.dynamodbv2.model.AmazonDynamoDBException: The security token included in the request is invalid. (Service: AmazonDynamoDBv2; Status Code: 400; Error Code: UnrecognizedClientException; Request ID: 6UD0BOG7PMIS26OMDJTA0MDURNVV4KQNSO5AEMVJF66Q9ASUAAJG; Proxy: null)
	at com.amazonaws.http.AmazonHttpClient$RequestExecutor.handleErrorResponse(AmazonHttpClient.java:1819)
	at com.amazonaws.http.AmazonHttpClient$RequestExecutor.handleServiceErrorResponse(AmazonHttpClient.java:1403)
	at com.amazonaws.http.AmazonHttpClient$RequestExecutor.executeOneRequest(AmazonHttpClient.java:1372)
	at com.amazonaws.http.AmazonHttpClient$RequestExecutor.executeHelper(AmazonHttpClient.java:1145)
	at com.amazonaws.http.AmazonHttpClient$RequestExecutor.doExecute(AmazonHttpClient.java:802)
	at com.amazonaws.http.AmazonHttpClient$RequestExecutor.executeWithTimer(AmazonHttpClient.java:770)
	at com.amazonaws.http.AmazonHttpClient$RequestExecutor.execute(AmazonHttpClient.java:744)
	at com.amazonaws.http.AmazonHttpClient$RequestExecutor.access$500(AmazonHttpClient.java:704)
	at com.amazonaws.http.AmazonHttpClient$RequestExecutionBuilderImpl.execute(AmazonHttpClient.java:686)
	at com.amazonaws.http.AmazonHttpClient.execute(AmazonHttpClient.java:550)
	at com.amazonaws.http.AmazonHttpClient.execute(AmazonHttpClient.java:530)
	at com.amazonaws.services.dynamodbv2.AmazonDynamoDBClient.doInvoke(AmazonDynamoDBClient.java:6214)
	at com.amazonaws.services.dynamodbv2.AmazonDynamoDBClient.invoke(AmazonDynamoDBClient.java:6181)
	at com.amazonaws.services.dynamodbv2.AmazonDynamoDBClient.executeCreateTable(AmazonDynamoDBClient.java:1160)
	at com.amazonaws.services.dynamodbv2.AmazonDynamoDBClient.createTable(AmazonDynamoDBClient.java:1124)
	at com.amazonaws.services.kinesis.leases.impl.LeaseManager.createLeaseTableIfNotExists(LeaseManager.java:148)
	... 4 more

May 02, 2024 4:22:48 AM com.amazonaws.services.kinesis.clientlibrary.lib.worker.Worker initialize
INFO: Initialization attempt 10
May 02, 2024 4:22:48 AM com.amazonaws.services.kinesis.clientlibrary.lib.worker.Worker initialize
INFO: Initializing LeaseCoordinator
May 02, 2024 4:22:48 AM com.amazonaws.services.kinesis.clientlibrary.lib.worker.Worker initialize
INFO: Initialization attempt 11
May 02, 2024 4:22:48 AM com.amazonaws.services.kinesis.clientlibrary.lib.worker.Worker initialize
INFO: Initializing LeaseCoordinator
May 02, 2024 4:22:48 AM com.amazonaws.services.kinesis.leases.impl.LeaseManager createLeaseTableIfNotExists
SEVERE: Failed to get table status for test-application
com.amazonaws.services.kinesis.leases.exceptions.DependencyException: com.amazonaws.services.dynamodbv2.model.AmazonDynamoDBException: The security token included in the request is invalid. (Service: AmazonDynamoDBv2; Status Code: 400; Error Code: UnrecognizedClientException; Request ID: ELQNQLKGSVGFUS9BNTLBG00KERVV4KQNSO5AEMVJF66Q9ASUAAJG; Proxy: null)
	at com.amazonaws.services.kinesis.leases.impl.LeaseManager.tableStatus(LeaseManager.java:183)
	at com.amazonaws.services.kinesis.leases.impl.LeaseManager.createLeaseTableIfNotExists(LeaseManager.java:126)
	at com.amazonaws.services.kinesis.clientlibrary.lib.worker.KinesisClientLibLeaseCoordinator.initialize(KinesisClientLibLeaseCoordinator.java:329)
	at com.amazonaws.services.kinesis.clientlibrary.lib.worker.Worker.initialize(Worker.java:674)
	at com.amazonaws.services.kinesis.clientlibrary.lib.worker.Worker.run(Worker.java:614)
	at java.lang.Thread.run(Thread.java:750)
Caused by: com.amazonaws.services.dynamodbv2.model.AmazonDynamoDBException: The security token included in the request is invalid. (Service: AmazonDynamoDBv2; Status Code: 400; Error Code: UnrecognizedClientException; Request ID: ELQNQLKGSVGFUS9BNTLBG00KERVV4KQNSO5AEMVJF66Q9ASUAAJG; Proxy: null)
	at com.amazonaws.http.AmazonHttpClient$RequestExecutor.handleErrorResponse(AmazonHttpClient.java:1819)
	at com.amazonaws.http.AmazonHttpClient$RequestExecutor.handleServiceErrorResponse(AmazonHttpClient.java:1403)
	at com.amazonaws.http.AmazonHttpClient$RequestExecutor.executeOneRequest(AmazonHttpClient.java:1372)
	at com.amazonaws.http.AmazonHttpClient$RequestExecutor.executeHelper(AmazonHttpClient.java:1145)
	at com.amazonaws.http.AmazonHttpClient$RequestExecutor.doExecute(AmazonHttpClient.java:802)
	at com.amazonaws.http.AmazonHttpClient$RequestExecutor.executeWithTimer(AmazonHttpClient.java:770)
	at com.amazonaws.http.AmazonHttpClient$RequestExecutor.execute(AmazonHttpClient.java:744)
	at com.amazonaws.http.AmazonHttpClient$RequestExecutor.access$500(AmazonHttpClient.java:704)
	at com.amazonaws.http.AmazonHttpClient$RequestExecutionBuilderImpl.execute(AmazonHttpClient.java:686)
	at com.amazonaws.http.AmazonHttpClient.execute(AmazonHttpClient.java:550)
	at com.amazonaws.http.AmazonHttpClient.execute(AmazonHttpClient.java:530)
	at com.amazonaws.services.dynamodbv2.AmazonDynamoDBClient.doInvoke(AmazonDynamoDBClient.java:6214)
	at com.amazonaws.services.dynamodbv2.AmazonDynamoDBClient.invoke(AmazonDynamoDBClient.java:6181)
	at com.amazonaws.services.dynamodbv2.AmazonDynamoDBClient.executeDescribeTable(AmazonDynamoDBClient.java:2247)
	at com.amazonaws.services.dynamodbv2.AmazonDynamoDBClient.describeTable(AmazonDynamoDBClient.java:2211)
	at com.amazonaws.services.kinesis.leases.impl.LeaseManager.tableStatus(LeaseManager.java:175)
	... 5 more

May 02, 2024 4:22:48 AM com.amazonaws.services.kinesis.leases.impl.LeaseManager createLeaseTableIfNotExists
SEVERE: Failed to get table status for test-application
com.amazonaws.services.kinesis.leases.exceptions.DependencyException: com.amazonaws.services.dynamodbv2.model.AmazonDynamoDBException: Request is missing Authentication Token (Service: AmazonDynamoDBv2; Status Code: 400; Error Code: MissingAuthenticationTokenException; Request ID: 5H4TV3UHA9F31BK1I6RPQAKOVNVV4KQNSO5AEMVJF66Q9ASUAAJG; Proxy: null)
	at com.amazonaws.services.kinesis.leases.impl.LeaseManager.tableStatus(LeaseManager.java:183)
	at com.amazonaws.services.kinesis.leases.impl.LeaseManager.createLeaseTableIfNotExists(LeaseManager.java:126)
	at com.amazonaws.services.kinesis.clientlibrary.lib.worker.KinesisClientLibLeaseCoordinator.initialize(KinesisClientLibLeaseCoordinator.java:329)
	at com.amazonaws.services.kinesis.clientlibrary.lib.worker.Worker.initialize(Worker.java:674)
	at com.amazonaws.services.kinesis.clientlibrary.lib.worker.Worker.run(Worker.java:614)
	at java.lang.Thread.run(Thread.java:750)
Caused by: com.amazonaws.services.dynamodbv2.model.AmazonDynamoDBException: Request is missing Authentication Token (Service: AmazonDynamoDBv2; Status Code: 400; Error Code: MissingAuthenticationTokenException; Request ID: 5H4TV3UHA9F31BK1I6RPQAKOVNVV4KQNSO5AEMVJF66Q9ASUAAJG; Proxy: null)
	at com.amazonaws.http.AmazonHttpClient$RequestExecutor.handleErrorResponse(AmazonHttpClient.java:1819)
	at com.amazonaws.http.AmazonHttpClient$RequestExecutor.handleServiceErrorResponse(AmazonHttpClient.java:1403)
	at com.amazonaws.http.AmazonHttpClient$RequestExecutor.executeOneRequest(AmazonHttpClient.java:1372)
	at com.amazonaws.http.AmazonHttpClient$RequestExecutor.executeHelper(AmazonHttpClient.java:1145)
	at com.amazonaws.http.AmazonHttpClient$RequestExecutor.doExecute(AmazonHttpClient.java:802)
	at com.amazonaws.http.AmazonHttpClient$RequestExecutor.executeWithTimer(AmazonHttpClient.java:770)
	at com.amazonaws.http.AmazonHttpClient$RequestExecutor.execute(AmazonHttpClient.java:744)
	at com.amazonaws.http.AmazonHttpClient$RequestExecutor.access$500(AmazonHttpClient.java:704)
	at com.amazonaws.http.AmazonHttpClient$RequestExecutionBuilderImpl.execute(AmazonHttpClient.java:686)
	at com.amazonaws.http.AmazonHttpClient.execute(AmazonHttpClient.java:550)
	at com.amazonaws.http.AmazonHttpClient.execute(AmazonHttpClient.java:530)
	at com.amazonaws.services.dynamodbv2.AmazonDynamoDBClient.doInvoke(AmazonDynamoDBClient.java:6214)
	at com.amazonaws.services.dynamodbv2.AmazonDynamoDBClient.invoke(AmazonDynamoDBClient.java:6181)
	at com.amazonaws.services.dynamodbv2.AmazonDynamoDBClient.executeDescribeTable(AmazonDynamoDBClient.java:2247)
	at com.amazonaws.services.dynamodbv2.AmazonDynamoDBClient.describeTable(AmazonDynamoDBClient.java:2211)
	at com.amazonaws.services.kinesis.leases.impl.LeaseManager.tableStatus(LeaseManager.java:175)
	... 5 more

May 02, 2024 4:22:48 AM com.amazonaws.services.kinesis.clientlibrary.lib.worker.Worker initialize
SEVERE: Caught exception when initializing LeaseCoordinator
com.amazonaws.services.kinesis.leases.exceptions.DependencyException: com.amazonaws.services.dynamodbv2.model.AmazonDynamoDBException: The security token included in the request is invalid. (Service: AmazonDynamoDBv2; Status Code: 400; Error Code: UnrecognizedClientException; Request ID: H0VA3NIUP53GTEVSLIQS645LJJVV4KQNSO5AEMVJF66Q9ASUAAJG; Proxy: null)
	at com.amazonaws.services.kinesis.leases.impl.LeaseManager.createLeaseTableIfNotExists(LeaseManager.java:155)
	at com.amazonaws.services.kinesis.clientlibrary.lib.worker.KinesisClientLibLeaseCoordinator.initialize(KinesisClientLibLeaseCoordinator.java:329)
	at com.amazonaws.services.kinesis.clientlibrary.lib.worker.Worker.initialize(Worker.java:674)
	at com.amazonaws.services.kinesis.clientlibrary.lib.worker.Worker.run(Worker.java:614)
	at java.lang.Thread.run(Thread.java:750)
Caused by: com.amazonaws.services.dynamodbv2.model.AmazonDynamoDBException: The security token included in the request is invalid. (Service: AmazonDynamoDBv2; Status Code: 400; Error Code: UnrecognizedClientException; Request ID: H0VA3NIUP53GTEVSLIQS645LJJVV4KQNSO5AEMVJF66Q9ASUAAJG; Proxy: null)
	at com.amazonaws.http.AmazonHttpClient$RequestExecutor.handleErrorResponse(AmazonHttpClient.java:1819)
	at com.amazonaws.http.AmazonHttpClient$RequestExecutor.handleServiceErrorResponse(AmazonHttpClient.java:1403)
	at com.amazonaws.http.AmazonHttpClient$RequestExecutor.executeOneRequest(AmazonHttpClient.java:1372)
	at com.amazonaws.http.AmazonHttpClient$RequestExecutor.executeHelper(AmazonHttpClient.java:1145)
	at com.amazonaws.http.AmazonHttpClient$RequestExecutor.doExecute(AmazonHttpClient.java:802)
	at com.amazonaws.http.AmazonHttpClient$RequestExecutor.executeWithTimer(AmazonHttpClient.java:770)
	at com.amazonaws.http.AmazonHttpClient$RequestExecutor.execute(AmazonHttpClient.java:744)
	at com.amazonaws.http.AmazonHttpClient$RequestExecutor.access$500(AmazonHttpClient.java:704)
	at com.amazonaws.http.AmazonHttpClient$RequestExecutionBuilderImpl.execute(AmazonHttpClient.java:686)
	at com.amazonaws.http.AmazonHttpClient.execute(AmazonHttpClient.java:550)
	at com.amazonaws.http.AmazonHttpClient.execute(AmazonHttpClient.java:530)
	at com.amazonaws.services.dynamodbv2.AmazonDynamoDBClient.doInvoke(AmazonDynamoDBClient.java:6214)
	at com.amazonaws.services.dynamodbv2.AmazonDynamoDBClient.invoke(AmazonDynamoDBClient.java:6181)
	at com.amazonaws.services.dynamodbv2.AmazonDynamoDBClient.executeCreateTable(AmazonDynamoDBClient.java:1160)
	at com.amazonaws.services.dynamodbv2.AmazonDynamoDBClient.createTable(AmazonDynamoDBClient.java:1124)
	at com.amazonaws.services.kinesis.leases.impl.LeaseManager.createLeaseTableIfNotExists(LeaseManager.java:148)
	... 4 more

May 02, 2024 4:22:48 AM com.amazonaws.services.kinesis.clientlibrary.lib.worker.Worker initialize
INFO: Initialization attempt 12
May 02, 2024 4:22:48 AM com.amazonaws.services.kinesis.clientlibrary.lib.worker.Worker initialize
INFO: Initializing LeaseCoordinator
May 02, 2024 4:22:48 AM com.amazonaws.services.kinesis.clientlibrary.lib.worker.Worker initialize
SEVERE: Caught exception when initializing LeaseCoordinator
com.amazonaws.services.kinesis.leases.exceptions.DependencyException: com.amazonaws.services.dynamodbv2.model.AmazonDynamoDBException: Request is missing Authentication Token (Service: AmazonDynamoDBv2; Status Code: 400; Error Code: MissingAuthenticationTokenException; Request ID: E7H2F71JAC6H9QJRKH6UC0NGQJVV4KQNSO5AEMVJF66Q9ASUAAJG; Proxy: null)
	at com.amazonaws.services.kinesis.leases.impl.LeaseManager.createLeaseTableIfNotExists(LeaseManager.java:155)
	at com.amazonaws.services.kinesis.clientlibrary.lib.worker.KinesisClientLibLeaseCoordinator.initialize(KinesisClientLibLeaseCoordinator.java:329)
	at com.amazonaws.services.kinesis.clientlibrary.lib.worker.Worker.initialize(Worker.java:674)
	at com.amazonaws.services.kinesis.clientlibrary.lib.worker.Worker.run(Worker.java:614)
	at java.lang.Thread.run(Thread.java:750)
Caused by: com.amazonaws.services.dynamodbv2.model.AmazonDynamoDBException: Request is missing Authentication Token (Service: AmazonDynamoDBv2; Status Code: 400; Error Code: MissingAuthenticationTokenException; Request ID: E7H2F71JAC6H9QJRKH6UC0NGQJVV4KQNSO5AEMVJF66Q9ASUAAJG; Proxy: null)
	at com.amazonaws.http.AmazonHttpClient$RequestExecutor.handleErrorResponse(AmazonHttpClient.java:1819)
	at com.amazonaws.http.AmazonHttpClient$RequestExecutor.handleServiceErrorResponse(AmazonHttpClient.java:1403)
	at com.amazonaws.http.AmazonHttpClient$RequestExecutor.executeOneRequest(AmazonHttpClient.java:1372)
	at com.amazonaws.http.AmazonHttpClient$RequestExecutor.executeHelper(AmazonHttpClient.java:1145)
	at com.amazonaws.http.AmazonHttpClient$RequestExecutor.doExecute(AmazonHttpClient.java:802)
	at com.amazonaws.http.AmazonHttpClient$RequestExecutor.executeWithTimer(AmazonHttpClient.java:770)
	at com.amazonaws.http.AmazonHttpClient$RequestExecutor.execute(AmazonHttpClient.java:744)
	at com.amazonaws.http.AmazonHttpClient$RequestExecutor.access$500(AmazonHttpClient.java:704)
	at com.amazonaws.http.AmazonHttpClient$RequestExecutionBuilderImpl.execute(AmazonHttpClient.java:686)
	at com.amazonaws.http.AmazonHttpClient.execute(AmazonHttpClient.java:550)
	at com.amazonaws.http.AmazonHttpClient.execute(AmazonHttpClient.java:530)
	at com.amazonaws.services.dynamodbv2.AmazonDynamoDBClient.doInvoke(AmazonDynamoDBClient.java:6214)
	at com.amazonaws.services.dynamodbv2.AmazonDynamoDBClient.invoke(AmazonDynamoDBClient.java:6181)
	at com.amazonaws.services.dynamodbv2.AmazonDynamoDBClient.executeCreateTable(AmazonDynamoDBClient.java:1160)
	at com.amazonaws.services.dynamodbv2.AmazonDynamoDBClient.createTable(AmazonDynamoDBClient.java:1124)
	at com.amazonaws.services.kinesis.leases.impl.LeaseManager.createLeaseTableIfNotExists(LeaseManager.java:148)
	... 4 more

May 02, 2024 4:22:48 AM com.amazonaws.services.kinesis.clientlibrary.lib.worker.Worker initialize
INFO: Initialization attempt 11
May 02, 2024 4:22:48 AM com.amazonaws.services.kinesis.clientlibrary.lib.worker.Worker initialize
INFO: Initializing LeaseCoordinator
May 02, 2024 4:22:48 AM com.amazonaws.services.kinesis.leases.impl.LeaseManager createLeaseTableIfNotExists
SEVERE: Failed to get table status for test-application
com.amazonaws.services.kinesis.leases.exceptions.DependencyException: com.amazonaws.services.dynamodbv2.model.AmazonDynamoDBException: The security token included in the request is invalid. (Service: AmazonDynamoDBv2; Status Code: 400; Error Code: UnrecognizedClientException; Request ID: 9T2B1GV5UBTJL3CCP2JA36U8KVVV4KQNSO5AEMVJF66Q9ASUAAJG; Proxy: null)
	at com.amazonaws.services.kinesis.leases.impl.LeaseManager.tableStatus(LeaseManager.java:183)
	at com.amazonaws.services.kinesis.leases.impl.LeaseManager.createLeaseTableIfNotExists(LeaseManager.java:126)
	at com.amazonaws.services.kinesis.clientlibrary.lib.worker.KinesisClientLibLeaseCoordinator.initialize(KinesisClientLibLeaseCoordinator.java:329)
	at com.amazonaws.services.kinesis.clientlibrary.lib.worker.Worker.initialize(Worker.java:674)
	at com.amazonaws.services.kinesis.clientlibrary.lib.worker.Worker.run(Worker.java:614)
	at java.lang.Thread.run(Thread.java:750)
Caused by: com.amazonaws.services.dynamodbv2.model.AmazonDynamoDBException: The security token included in the request is invalid. (Service: AmazonDynamoDBv2; Status Code: 400; Error Code: UnrecognizedClientException; Request ID: 9T2B1GV5UBTJL3CCP2JA36U8KVVV4KQNSO5AEMVJF66Q9ASUAAJG; Proxy: null)
	at com.amazonaws.http.AmazonHttpClient$RequestExecutor.handleErrorResponse(AmazonHttpClient.java:1819)
	at com.amazonaws.http.AmazonHttpClient$RequestExecutor.handleServiceErrorResponse(AmazonHttpClient.java:1403)
	at com.amazonaws.http.AmazonHttpClient$RequestExecutor.executeOneRequest(AmazonHttpClient.java:1372)
	at com.amazonaws.http.AmazonHttpClient$RequestExecutor.executeHelper(AmazonHttpClient.java:1145)
	at com.amazonaws.http.AmazonHttpClient$RequestExecutor.doExecute(AmazonHttpClient.java:802)
	at com.amazonaws.http.AmazonHttpClient$RequestExecutor.executeWithTimer(AmazonHttpClient.java:770)
	at com.amazonaws.http.AmazonHttpClient$RequestExecutor.execute(AmazonHttpClient.java:744)
	at com.amazonaws.http.AmazonHttpClient$RequestExecutor.access$500(AmazonHttpClient.java:704)
	at com.amazonaws.http.AmazonHttpClient$RequestExecutionBuilderImpl.execute(AmazonHttpClient.java:686)
	at com.amazonaws.http.AmazonHttpClient.execute(AmazonHttpClient.java:550)
	at com.amazonaws.http.AmazonHttpClient.execute(AmazonHttpClient.java:530)
	at com.amazonaws.services.dynamodbv2.AmazonDynamoDBClient.doInvoke(AmazonDynamoDBClient.java:6214)
	at com.amazonaws.services.dynamodbv2.AmazonDynamoDBClient.invoke(AmazonDynamoDBClient.java:6181)
	at com.amazonaws.services.dynamodbv2.AmazonDynamoDBClient.executeDescribeTable(AmazonDynamoDBClient.java:2247)
	at com.amazonaws.services.dynamodbv2.AmazonDynamoDBClient.describeTable(AmazonDynamoDBClient.java:2211)
	at com.amazonaws.services.kinesis.leases.impl.LeaseManager.tableStatus(LeaseManager.java:175)
	... 5 more

May 02, 2024 4:22:48 AM com.amazonaws.services.kinesis.leases.impl.LeaseManager createLeaseTableIfNotExists
SEVERE: Failed to get table status for test-application
com.amazonaws.services.kinesis.leases.exceptions.DependencyException: com.amazonaws.services.dynamodbv2.model.AmazonDynamoDBException: Request is missing Authentication Token (Service: AmazonDynamoDBv2; Status Code: 400; Error Code: MissingAuthenticationTokenException; Request ID: 29KLQUKKAMED0TO2V7OLJ26H2JVV4KQNSO5AEMVJF66Q9ASUAAJG; Proxy: null)
	at com.amazonaws.services.kinesis.leases.impl.LeaseManager.tableStatus(LeaseManager.java:183)
	at com.amazonaws.services.kinesis.leases.impl.LeaseManager.createLeaseTableIfNotExists(LeaseManager.java:126)
	at com.amazonaws.services.kinesis.clientlibrary.lib.worker.KinesisClientLibLeaseCoordinator.initialize(KinesisClientLibLeaseCoordinator.java:329)
	at com.amazonaws.services.kinesis.clientlibrary.lib.worker.Worker.initialize(Worker.java:674)
	at com.amazonaws.services.kinesis.clientlibrary.lib.worker.Worker.run(Worker.java:614)
	at java.lang.Thread.run(Thread.java:750)
Caused by: com.amazonaws.services.dynamodbv2.model.AmazonDynamoDBException: Request is missing Authentication Token (Service: AmazonDynamoDBv2; Status Code: 400; Error Code: MissingAuthenticationTokenException; Request ID: 29KLQUKKAMED0TO2V7OLJ26H2JVV4KQNSO5AEMVJF66Q9ASUAAJG; Proxy: null)
	at com.amazonaws.http.AmazonHttpClient$RequestExecutor.handleErrorResponse(AmazonHttpClient.java:1819)
	at com.amazonaws.http.AmazonHttpClient$RequestExecutor.handleServiceErrorResponse(AmazonHttpClient.java:1403)
	at com.amazonaws.http.AmazonHttpClient$RequestExecutor.executeOneRequest(AmazonHttpClient.java:1372)
	at com.amazonaws.http.AmazonHttpClient$RequestExecutor.executeHelper(AmazonHttpClient.java:1145)
	at com.amazonaws.http.AmazonHttpClient$RequestExecutor.doExecute(AmazonHttpClient.java:802)
	at com.amazonaws.http.AmazonHttpClient$RequestExecutor.executeWithTimer(AmazonHttpClient.java:770)
	at com.amazonaws.http.AmazonHttpClient$RequestExecutor.execute(AmazonHttpClient.java:744)
	at com.amazonaws.http.AmazonHttpClient$RequestExecutor.access$500(AmazonHttpClient.java:704)
	at com.amazonaws.http.AmazonHttpClient$RequestExecutionBuilderImpl.execute(AmazonHttpClient.java:686)
	at com.amazonaws.http.AmazonHttpClient.execute(AmazonHttpClient.java:550)
	at com.amazonaws.http.AmazonHttpClient.execute(AmazonHttpClient.java:530)
	at com.amazonaws.services.dynamodbv2.AmazonDynamoDBClient.doInvoke(AmazonDynamoDBClient.java:6214)
	at com.amazonaws.services.dynamodbv2.AmazonDynamoDBClient.invoke(AmazonDynamoDBClient.java:6181)
	at com.amazonaws.services.dynamodbv2.AmazonDynamoDBClient.executeDescribeTable(AmazonDynamoDBClient.java:2247)
	at com.amazonaws.services.dynamodbv2.AmazonDynamoDBClient.describeTable(AmazonDynamoDBClient.java:2211)
	at com.amazonaws.services.kinesis.leases.impl.LeaseManager.tableStatus(LeaseManager.java:175)
	... 5 more

May 02, 2024 4:22:48 AM com.amazonaws.services.kinesis.clientlibrary.lib.worker.Worker initialize
SEVERE: Caught exception when initializing LeaseCoordinator
com.amazonaws.services.kinesis.leases.exceptions.DependencyException: com.amazonaws.services.dynamodbv2.model.AmazonDynamoDBException: The security token included in the request is invalid. (Service: AmazonDynamoDBv2; Status Code: 400; Error Code: UnrecognizedClientException; Request ID: BFTU5I8C10FCB916E97ELVD4S3VV4KQNSO5AEMVJF66Q9ASUAAJG; Proxy: null)
	at com.amazonaws.services.kinesis.leases.impl.LeaseManager.createLeaseTableIfNotExists(LeaseManager.java:155)
	at com.amazonaws.services.kinesis.clientlibrary.lib.worker.KinesisClientLibLeaseCoordinator.initialize(KinesisClientLibLeaseCoordinator.java:329)
	at com.amazonaws.services.kinesis.clientlibrary.lib.worker.Worker.initialize(Worker.java:674)
	at com.amazonaws.services.kinesis.clientlibrary.lib.worker.Worker.run(Worker.java:614)
	at java.lang.Thread.run(Thread.java:750)
Caused by: com.amazonaws.services.dynamodbv2.model.AmazonDynamoDBException: The security token included in the request is invalid. (Service: AmazonDynamoDBv2; Status Code: 400; Error Code: UnrecognizedClientException; Request ID: BFTU5I8C10FCB916E97ELVD4S3VV4KQNSO5AEMVJF66Q9ASUAAJG; Proxy: null)
	at com.amazonaws.http.AmazonHttpClient$RequestExecutor.handleErrorResponse(AmazonHttpClient.java:1819)
	at com.amazonaws.http.AmazonHttpClient$RequestExecutor.handleServiceErrorResponse(AmazonHttpClient.java:1403)
	at com.amazonaws.http.AmazonHttpClient$RequestExecutor.executeOneRequest(AmazonHttpClient.java:1372)
	at com.amazonaws.http.AmazonHttpClient$RequestExecutor.executeHelper(AmazonHttpClient.java:1145)
	at com.amazonaws.http.AmazonHttpClient$RequestExecutor.doExecute(AmazonHttpClient.java:802)
	at com.amazonaws.http.AmazonHttpClient$RequestExecutor.executeWithTimer(AmazonHttpClient.java:770)
	at com.amazonaws.http.AmazonHttpClient$RequestExecutor.execute(AmazonHttpClient.java:744)
	at com.amazonaws.http.AmazonHttpClient$RequestExecutor.access$500(AmazonHttpClient.java:704)
	at com.amazonaws.http.AmazonHttpClient$RequestExecutionBuilderImpl.execute(AmazonHttpClient.java:686)
	at com.amazonaws.http.AmazonHttpClient.execute(AmazonHttpClient.java:550)
	at com.amazonaws.http.AmazonHttpClient.execute(AmazonHttpClient.java:530)
	at com.amazonaws.services.dynamodbv2.AmazonDynamoDBClient.doInvoke(AmazonDynamoDBClient.java:6214)
	at com.amazonaws.services.dynamodbv2.AmazonDynamoDBClient.invoke(AmazonDynamoDBClient.java:6181)
	at com.amazonaws.services.dynamodbv2.AmazonDynamoDBClient.executeCreateTable(AmazonDynamoDBClient.java:1160)
	at com.amazonaws.services.dynamodbv2.AmazonDynamoDBClient.createTable(AmazonDynamoDBClient.java:1124)
	at com.amazonaws.services.kinesis.leases.impl.LeaseManager.createLeaseTableIfNotExists(LeaseManager.java:148)
	... 4 more

May 02, 2024 4:22:48 AM com.amazonaws.services.kinesis.clientlibrary.lib.worker.Worker initialize
INFO: Initialization attempt 13
May 02, 2024 4:22:48 AM com.amazonaws.services.kinesis.clientlibrary.lib.worker.Worker initialize
INFO: Initializing LeaseCoordinator
May 02, 2024 4:22:48 AM com.amazonaws.services.kinesis.clientlibrary.lib.worker.Worker initialize
SEVERE: Caught exception when initializing LeaseCoordinator
com.amazonaws.services.kinesis.leases.exceptions.DependencyException: com.amazonaws.services.dynamodbv2.model.AmazonDynamoDBException: Request is missing Authentication Token (Service: AmazonDynamoDBv2; Status Code: 400; Error Code: MissingAuthenticationTokenException; Request ID: TQ901M1QTMJL26DJ6T6MSQIOIRVV4KQNSO5AEMVJF66Q9ASUAAJG; Proxy: null)
	at com.amazonaws.services.kinesis.leases.impl.LeaseManager.createLeaseTableIfNotExists(LeaseManager.java:155)
	at com.amazonaws.services.kinesis.clientlibrary.lib.worker.KinesisClientLibLeaseCoordinator.initialize(KinesisClientLibLeaseCoordinator.java:329)
	at com.amazonaws.services.kinesis.clientlibrary.lib.worker.Worker.initialize(Worker.java:674)
	at com.amazonaws.services.kinesis.clientlibrary.lib.worker.Worker.run(Worker.java:614)
	at java.lang.Thread.run(Thread.java:750)
Caused by: com.amazonaws.services.dynamodbv2.model.AmazonDynamoDBException: Request is missing Authentication Token (Service: AmazonDynamoDBv2; Status Code: 400; Error Code: MissingAuthenticationTokenException; Request ID: TQ901M1QTMJL26DJ6T6MSQIOIRVV4KQNSO5AEMVJF66Q9ASUAAJG; Proxy: null)
	at com.amazonaws.http.AmazonHttpClient$RequestExecutor.handleErrorResponse(AmazonHttpClient.java:1819)
	at com.amazonaws.http.AmazonHttpClient$RequestExecutor.handleServiceErrorResponse(AmazonHttpClient.java:1403)
	at com.amazonaws.http.AmazonHttpClient$RequestExecutor.executeOneRequest(AmazonHttpClient.java:1372)
	at com.amazonaws.http.AmazonHttpClient$RequestExecutor.executeHelper(AmazonHttpClient.java:1145)
	at com.amazonaws.http.AmazonHttpClient$RequestExecutor.doExecute(AmazonHttpClient.java:802)
	at com.amazonaws.http.AmazonHttpClient$RequestExecutor.executeWithTimer(AmazonHttpClient.java:770)
	at com.amazonaws.http.AmazonHttpClient$RequestExecutor.execute(AmazonHttpClient.java:744)
	at com.amazonaws.http.AmazonHttpClient$RequestExecutor.access$500(AmazonHttpClient.java:704)
	at com.amazonaws.http.AmazonHttpClient$RequestExecutionBuilderImpl.execute(AmazonHttpClient.java:686)
	at com.amazonaws.http.AmazonHttpClient.execute(AmazonHttpClient.java:550)
	at com.amazonaws.http.AmazonHttpClient.execute(AmazonHttpClient.java:530)
	at com.amazonaws.services.dynamodbv2.AmazonDynamoDBClient.doInvoke(AmazonDynamoDBClient.java:6214)
	at com.amazonaws.services.dynamodbv2.AmazonDynamoDBClient.invoke(AmazonDynamoDBClient.java:6181)
	at com.amazonaws.services.dynamodbv2.AmazonDynamoDBClient.executeCreateTable(AmazonDynamoDBClient.java:1160)
	at com.amazonaws.services.dynamodbv2.AmazonDynamoDBClient.createTable(AmazonDynamoDBClient.java:1124)
	at com.amazonaws.services.kinesis.leases.impl.LeaseManager.createLeaseTableIfNotExists(LeaseManager.java:148)
	... 4 more

May 02, 2024 4:22:48 AM com.amazonaws.services.kinesis.clientlibrary.lib.worker.Worker initialize
INFO: Initialization attempt 12
May 02, 2024 4:22:48 AM com.amazonaws.services.kinesis.clientlibrary.lib.worker.Worker initialize
INFO: Initializing LeaseCoordinator
May 02, 2024 4:22:48 AM com.amazonaws.services.kinesis.leases.impl.LeaseManager createLeaseTableIfNotExists
SEVERE: Failed to get table status for test-application
com.amazonaws.services.kinesis.leases.exceptions.DependencyException: com.amazonaws.services.dynamodbv2.model.AmazonDynamoDBException: The security token included in the request is invalid. (Service: AmazonDynamoDBv2; Status Code: 400; Error Code: UnrecognizedClientException; Request ID: US38JSJM4P01J3FHIGK7JK41P7VV4KQNSO5AEMVJF66Q9ASUAAJG; Proxy: null)
	at com.amazonaws.services.kinesis.leases.impl.LeaseManager.tableStatus(LeaseManager.java:183)
	at com.amazonaws.services.kinesis.leases.impl.LeaseManager.createLeaseTableIfNotExists(LeaseManager.java:126)
	at com.amazonaws.services.kinesis.clientlibrary.lib.worker.KinesisClientLibLeaseCoordinator.initialize(KinesisClientLibLeaseCoordinator.java:329)
	at com.amazonaws.services.kinesis.clientlibrary.lib.worker.Worker.initialize(Worker.java:674)
	at com.amazonaws.services.kinesis.clientlibrary.lib.worker.Worker.run(Worker.java:614)
	at java.lang.Thread.run(Thread.java:750)
Caused by: com.amazonaws.services.dynamodbv2.model.AmazonDynamoDBException: The security token included in the request is invalid. (Service: AmazonDynamoDBv2; Status Code: 400; Error Code: UnrecognizedClientException; Request ID: US38JSJM4P01J3FHIGK7JK41P7VV4KQNSO5AEMVJF66Q9ASUAAJG; Proxy: null)
	at com.amazonaws.http.AmazonHttpClient$RequestExecutor.handleErrorResponse(AmazonHttpClient.java:1819)
	at com.amazonaws.http.AmazonHttpClient$RequestExecutor.handleServiceErrorResponse(AmazonHttpClient.java:1403)
	at com.amazonaws.http.AmazonHttpClient$RequestExecutor.executeOneRequest(AmazonHttpClient.java:1372)
	at com.amazonaws.http.AmazonHttpClient$RequestExecutor.executeHelper(AmazonHttpClient.java:1145)
	at com.amazonaws.http.AmazonHttpClient$RequestExecutor.doExecute(AmazonHttpClient.java:802)
	at com.amazonaws.http.AmazonHttpClient$RequestExecutor.executeWithTimer(AmazonHttpClient.java:770)
	at com.amazonaws.http.AmazonHttpClient$RequestExecutor.execute(AmazonHttpClient.java:744)
	at com.amazonaws.http.AmazonHttpClient$RequestExecutor.access$500(AmazonHttpClient.java:704)
	at com.amazonaws.http.AmazonHttpClient$RequestExecutionBuilderImpl.execute(AmazonHttpClient.java:686)
	at com.amazonaws.http.AmazonHttpClient.execute(AmazonHttpClient.java:550)
	at com.amazonaws.http.AmazonHttpClient.execute(AmazonHttpClient.java:530)
	at com.amazonaws.services.dynamodbv2.AmazonDynamoDBClient.doInvoke(AmazonDynamoDBClient.java:6214)
	at com.amazonaws.services.dynamodbv2.AmazonDynamoDBClient.invoke(AmazonDynamoDBClient.java:6181)
	at com.amazonaws.services.dynamodbv2.AmazonDynamoDBClient.executeDescribeTable(AmazonDynamoDBClient.java:2247)
	at com.amazonaws.services.dynamodbv2.AmazonDynamoDBClient.describeTable(AmazonDynamoDBClient.java:2211)
	at com.amazonaws.services.kinesis.leases.impl.LeaseManager.tableStatus(LeaseManager.java:175)
	... 5 more

May 02, 2024 4:22:48 AM com.amazonaws.services.kinesis.leases.impl.LeaseManager createLeaseTableIfNotExists
SEVERE: Failed to get table status for test-application
com.amazonaws.services.kinesis.leases.exceptions.DependencyException: com.amazonaws.services.dynamodbv2.model.AmazonDynamoDBException: Request is missing Authentication Token (Service: AmazonDynamoDBv2; Status Code: 400; Error Code: MissingAuthenticationTokenException; Request ID: TS5FKM83TRFUSAT2ERQB0APKIRVV4KQNSO5AEMVJF66Q9ASUAAJG; Proxy: null)
	at com.amazonaws.services.kinesis.leases.impl.LeaseManager.tableStatus(LeaseManager.java:183)
	at com.amazonaws.services.kinesis.leases.impl.LeaseManager.createLeaseTableIfNotExists(LeaseManager.java:126)
	at com.amazonaws.services.kinesis.clientlibrary.lib.worker.KinesisClientLibLeaseCoordinator.initialize(KinesisClientLibLeaseCoordinator.java:329)
	at com.amazonaws.services.kinesis.clientlibrary.lib.worker.Worker.initialize(Worker.java:674)
	at com.amazonaws.services.kinesis.clientlibrary.lib.worker.Worker.run(Worker.java:614)
	at java.lang.Thread.run(Thread.java:750)
Caused by: com.amazonaws.services.dynamodbv2.model.AmazonDynamoDBException: Request is missing Authentication Token (Service: AmazonDynamoDBv2; Status Code: 400; Error Code: MissingAuthenticationTokenException; Request ID: TS5FKM83TRFUSAT2ERQB0APKIRVV4KQNSO5AEMVJF66Q9ASUAAJG; Proxy: null)
	at com.amazonaws.http.AmazonHttpClient$RequestExecutor.handleErrorResponse(AmazonHttpClient.java:1819)
	at com.amazonaws.http.AmazonHttpClient$RequestExecutor.handleServiceErrorResponse(AmazonHttpClient.java:1403)
	at com.amazonaws.http.AmazonHttpClient$RequestExecutor.executeOneRequest(AmazonHttpClient.java:1372)
	at com.amazonaws.http.AmazonHttpClient$RequestExecutor.executeHelper(AmazonHttpClient.java:1145)
	at com.amazonaws.http.AmazonHttpClient$RequestExecutor.doExecute(AmazonHttpClient.java:802)
	at com.amazonaws.http.AmazonHttpClient$RequestExecutor.executeWithTimer(AmazonHttpClient.java:770)
	at com.amazonaws.http.AmazonHttpClient$RequestExecutor.execute(AmazonHttpClient.java:744)
	at com.amazonaws.http.AmazonHttpClient$RequestExecutor.access$500(AmazonHttpClient.java:704)
	at com.amazonaws.http.AmazonHttpClient$RequestExecutionBuilderImpl.execute(AmazonHttpClient.java:686)
	at com.amazonaws.http.AmazonHttpClient.execute(AmazonHttpClient.java:550)
	at com.amazonaws.http.AmazonHttpClient.execute(AmazonHttpClient.java:530)
	at com.amazonaws.services.dynamodbv2.AmazonDynamoDBClient.doInvoke(AmazonDynamoDBClient.java:6214)
	at com.amazonaws.services.dynamodbv2.AmazonDynamoDBClient.invoke(AmazonDynamoDBClient.java:6181)
	at com.amazonaws.services.dynamodbv2.AmazonDynamoDBClient.executeDescribeTable(AmazonDynamoDBClient.java:2247)
	at com.amazonaws.services.dynamodbv2.AmazonDynamoDBClient.describeTable(AmazonDynamoDBClient.java:2211)
	at com.amazonaws.services.kinesis.leases.impl.LeaseManager.tableStatus(LeaseManager.java:175)
	... 5 more

May 02, 2024 4:22:48 AM com.amazonaws.services.kinesis.clientlibrary.lib.worker.Worker initialize
SEVERE: Caught exception when initializing LeaseCoordinator
com.amazonaws.services.kinesis.leases.exceptions.DependencyException: com.amazonaws.services.dynamodbv2.model.AmazonDynamoDBException: The security token included in the request is invalid. (Service: AmazonDynamoDBv2; Status Code: 400; Error Code: UnrecognizedClientException; Request ID: 5SIK2COTGBM8CR9R4R0IEDUIA7VV4KQNSO5AEMVJF66Q9ASUAAJG; Proxy: null)
	at com.amazonaws.services.kinesis.leases.impl.LeaseManager.createLeaseTableIfNotExists(LeaseManager.java:155)
	at com.amazonaws.services.kinesis.clientlibrary.lib.worker.KinesisClientLibLeaseCoordinator.initialize(KinesisClientLibLeaseCoordinator.java:329)
	at com.amazonaws.services.kinesis.clientlibrary.lib.worker.Worker.initialize(Worker.java:674)
	at com.amazonaws.services.kinesis.clientlibrary.lib.worker.Worker.run(Worker.java:614)
	at java.lang.Thread.run(Thread.java:750)
Caused by: com.amazonaws.services.dynamodbv2.model.AmazonDynamoDBException: The security token included in the request is invalid. (Service: AmazonDynamoDBv2; Status Code: 400; Error Code: UnrecognizedClientException; Request ID: 5SIK2COTGBM8CR9R4R0IEDUIA7VV4KQNSO5AEMVJF66Q9ASUAAJG; Proxy: null)
	at com.amazonaws.http.AmazonHttpClient$RequestExecutor.handleErrorResponse(AmazonHttpClient.java:1819)
	at com.amazonaws.http.AmazonHttpClient$RequestExecutor.handleServiceErrorResponse(AmazonHttpClient.java:1403)
	at com.amazonaws.http.AmazonHttpClient$RequestExecutor.executeOneRequest(AmazonHttpClient.java:1372)
	at com.amazonaws.http.AmazonHttpClient$RequestExecutor.executeHelper(AmazonHttpClient.java:1145)
	at com.amazonaws.http.AmazonHttpClient$RequestExecutor.doExecute(AmazonHttpClient.java:802)
	at com.amazonaws.http.AmazonHttpClient$RequestExecutor.executeWithTimer(AmazonHttpClient.java:770)
	at com.amazonaws.http.AmazonHttpClient$RequestExecutor.execute(AmazonHttpClient.java:744)
	at com.amazonaws.http.AmazonHttpClient$RequestExecutor.access$500(AmazonHttpClient.java:704)
	at com.amazonaws.http.AmazonHttpClient$RequestExecutionBuilderImpl.execute(AmazonHttpClient.java:686)
	at com.amazonaws.http.AmazonHttpClient.execute(AmazonHttpClient.java:550)
	at com.amazonaws.http.AmazonHttpClient.execute(AmazonHttpClient.java:530)
	at com.amazonaws.services.dynamodbv2.AmazonDynamoDBClient.doInvoke(AmazonDynamoDBClient.java:6214)
	at com.amazonaws.services.dynamodbv2.AmazonDynamoDBClient.invoke(AmazonDynamoDBClient.java:6181)
	at com.amazonaws.services.dynamodbv2.AmazonDynamoDBClient.executeCreateTable(AmazonDynamoDBClient.java:1160)
	at com.amazonaws.services.dynamodbv2.AmazonDynamoDBClient.createTable(AmazonDynamoDBClient.java:1124)
	at com.amazonaws.services.kinesis.leases.impl.LeaseManager.createLeaseTableIfNotExists(LeaseManager.java:148)
	... 4 more

May 02, 2024 4:22:48 AM com.amazonaws.services.kinesis.clientlibrary.lib.worker.Worker initialize
INFO: Initialization attempt 14
May 02, 2024 4:22:48 AM com.amazonaws.services.kinesis.clientlibrary.lib.worker.Worker initialize
INFO: Initializing LeaseCoordinator
May 02, 2024 4:22:48 AM com.amazonaws.services.kinesis.clientlibrary.lib.worker.Worker initialize
SEVERE: Caught exception when initializing LeaseCoordinator
com.amazonaws.services.kinesis.leases.exceptions.DependencyException: com.amazonaws.services.dynamodbv2.model.AmazonDynamoDBException: Request is missing Authentication Token (Service: AmazonDynamoDBv2; Status Code: 400; Error Code: MissingAuthenticationTokenException; Request ID: 7IDN1CSP2JO1NC47H4O262BPFVVV4KQNSO5AEMVJF66Q9ASUAAJG; Proxy: null)
	at com.amazonaws.services.kinesis.leases.impl.LeaseManager.createLeaseTableIfNotExists(LeaseManager.java:155)
	at com.amazonaws.services.kinesis.clientlibrary.lib.worker.KinesisClientLibLeaseCoordinator.initialize(KinesisClientLibLeaseCoordinator.java:329)
	at com.amazonaws.services.kinesis.clientlibrary.lib.worker.Worker.initialize(Worker.java:674)
	at com.amazonaws.services.kinesis.clientlibrary.lib.worker.Worker.run(Worker.java:614)
	at java.lang.Thread.run(Thread.java:750)
Caused by: com.amazonaws.services.dynamodbv2.model.AmazonDynamoDBException: Request is missing Authentication Token (Service: AmazonDynamoDBv2; Status Code: 400; Error Code: MissingAuthenticationTokenException; Request ID: 7IDN1CSP2JO1NC47H4O262BPFVVV4KQNSO5AEMVJF66Q9ASUAAJG; Proxy: null)
	at com.amazonaws.http.AmazonHttpClient$RequestExecutor.handleErrorResponse(AmazonHttpClient.java:1819)
	at com.amazonaws.http.AmazonHttpClient$RequestExecutor.handleServiceErrorResponse(AmazonHttpClient.java:1403)
	at com.amazonaws.http.AmazonHttpClient$RequestExecutor.executeOneRequest(AmazonHttpClient.java:1372)
	at com.amazonaws.http.AmazonHttpClient$RequestExecutor.executeHelper(AmazonHttpClient.java:1145)
	at com.amazonaws.http.AmazonHttpClient$RequestExecutor.doExecute(AmazonHttpClient.java:802)
	at com.amazonaws.http.AmazonHttpClient$RequestExecutor.executeWithTimer(AmazonHttpClient.java:770)
	at com.amazonaws.http.AmazonHttpClient$RequestExecutor.execute(AmazonHttpClient.java:744)
	at com.amazonaws.http.AmazonHttpClient$RequestExecutor.access$500(AmazonHttpClient.java:704)
	at com.amazonaws.http.AmazonHttpClient$RequestExecutionBuilderImpl.execute(AmazonHttpClient.java:686)
	at com.amazonaws.http.AmazonHttpClient.execute(AmazonHttpClient.java:550)
	at com.amazonaws.http.AmazonHttpClient.execute(AmazonHttpClient.java:530)
	at com.amazonaws.services.dynamodbv2.AmazonDynamoDBClient.doInvoke(AmazonDynamoDBClient.java:6214)
	at com.amazonaws.services.dynamodbv2.AmazonDynamoDBClient.invoke(AmazonDynamoDBClient.java:6181)
	at com.amazonaws.services.dynamodbv2.AmazonDynamoDBClient.executeCreateTable(AmazonDynamoDBClient.java:1160)
	at com.amazonaws.services.dynamodbv2.AmazonDynamoDBClient.createTable(AmazonDynamoDBClient.java:1124)
	at com.amazonaws.services.kinesis.leases.impl.LeaseManager.createLeaseTableIfNotExists(LeaseManager.java:148)
	... 4 more

May 02, 2024 4:22:48 AM com.amazonaws.services.kinesis.clientlibrary.lib.worker.Worker initialize
INFO: Initialization attempt 13
May 02, 2024 4:22:48 AM com.amazonaws.services.kinesis.clientlibrary.lib.worker.Worker initialize
INFO: Initializing LeaseCoordinator
May 02, 2024 4:22:48 AM com.amazonaws.services.kinesis.leases.impl.LeaseManager createLeaseTableIfNotExists
SEVERE: Failed to get table status for test-application
com.amazonaws.services.kinesis.leases.exceptions.DependencyException: com.amazonaws.services.dynamodbv2.model.AmazonDynamoDBException: The security token included in the request is invalid. (Service: AmazonDynamoDBv2; Status Code: 400; Error Code: UnrecognizedClientException; Request ID: 81ELJDUJGTND7SLLSA208F2BBJVV4KQNSO5AEMVJF66Q9ASUAAJG; Proxy: null)
	at com.amazonaws.services.kinesis.leases.impl.LeaseManager.tableStatus(LeaseManager.java:183)
	at com.amazonaws.services.kinesis.leases.impl.LeaseManager.createLeaseTableIfNotExists(LeaseManager.java:126)
	at com.amazonaws.services.kinesis.clientlibrary.lib.worker.KinesisClientLibLeaseCoordinator.initialize(KinesisClientLibLeaseCoordinator.java:329)
	at com.amazonaws.services.kinesis.clientlibrary.lib.worker.Worker.initialize(Worker.java:674)
	at com.amazonaws.services.kinesis.clientlibrary.lib.worker.Worker.run(Worker.java:614)
	at java.lang.Thread.run(Thread.java:750)
Caused by: com.amazonaws.services.dynamodbv2.model.AmazonDynamoDBException: The security token included in the request is invalid. (Service: AmazonDynamoDBv2; Status Code: 400; Error Code: UnrecognizedClientException; Request ID: 81ELJDUJGTND7SLLSA208F2BBJVV4KQNSO5AEMVJF66Q9ASUAAJG; Proxy: null)
	at com.amazonaws.http.AmazonHttpClient$RequestExecutor.handleErrorResponse(AmazonHttpClient.java:1819)
	at com.amazonaws.http.AmazonHttpClient$RequestExecutor.handleServiceErrorResponse(AmazonHttpClient.java:1403)
	at com.amazonaws.http.AmazonHttpClient$RequestExecutor.executeOneRequest(AmazonHttpClient.java:1372)
	at com.amazonaws.http.AmazonHttpClient$RequestExecutor.executeHelper(AmazonHttpClient.java:1145)
	at com.amazonaws.http.AmazonHttpClient$RequestExecutor.doExecute(AmazonHttpClient.java:802)
	at com.amazonaws.http.AmazonHttpClient$RequestExecutor.executeWithTimer(AmazonHttpClient.java:770)
	at com.amazonaws.http.AmazonHttpClient$RequestExecutor.execute(AmazonHttpClient.java:744)
	at com.amazonaws.http.AmazonHttpClient$RequestExecutor.access$500(AmazonHttpClient.java:704)
	at com.amazonaws.http.AmazonHttpClient$RequestExecutionBuilderImpl.execute(AmazonHttpClient.java:686)
	at com.amazonaws.http.AmazonHttpClient.execute(AmazonHttpClient.java:550)
	at com.amazonaws.http.AmazonHttpClient.execute(AmazonHttpClient.java:530)
	at com.amazonaws.services.dynamodbv2.AmazonDynamoDBClient.doInvoke(AmazonDynamoDBClient.java:6214)
	at com.amazonaws.services.dynamodbv2.AmazonDynamoDBClient.invoke(AmazonDynamoDBClient.java:6181)
	at com.amazonaws.services.dynamodbv2.AmazonDynamoDBClient.executeDescribeTable(AmazonDynamoDBClient.java:2247)
	at com.amazonaws.services.dynamodbv2.AmazonDynamoDBClient.describeTable(AmazonDynamoDBClient.java:2211)
	at com.amazonaws.services.kinesis.leases.impl.LeaseManager.tableStatus(LeaseManager.java:175)
	... 5 more

May 02, 2024 4:22:48 AM com.amazonaws.services.kinesis.leases.impl.LeaseManager createLeaseTableIfNotExists
SEVERE: Failed to get table status for test-application
com.amazonaws.services.kinesis.leases.exceptions.DependencyException: com.amazonaws.services.dynamodbv2.model.AmazonDynamoDBException: Request is missing Authentication Token (Service: AmazonDynamoDBv2; Status Code: 400; Error Code: MissingAuthenticationTokenException; Request ID: K2JBQ9QPCRKN54A5PAQDBMOTU7VV4KQNSO5AEMVJF66Q9ASUAAJG; Proxy: null)
	at com.amazonaws.services.kinesis.leases.impl.LeaseManager.tableStatus(LeaseManager.java:183)
	at com.amazonaws.services.kinesis.leases.impl.LeaseManager.createLeaseTableIfNotExists(LeaseManager.java:126)
	at com.amazonaws.services.kinesis.clientlibrary.lib.worker.KinesisClientLibLeaseCoordinator.initialize(KinesisClientLibLeaseCoordinator.java:329)
	at com.amazonaws.services.kinesis.clientlibrary.lib.worker.Worker.initialize(Worker.java:674)
	at com.amazonaws.services.kinesis.clientlibrary.lib.worker.Worker.run(Worker.java:614)
	at java.lang.Thread.run(Thread.java:750)
Caused by: com.amazonaws.services.dynamodbv2.model.AmazonDynamoDBException: Request is missing Authentication Token (Service: AmazonDynamoDBv2; Status Code: 400; Error Code: MissingAuthenticationTokenException; Request ID: K2JBQ9QPCRKN54A5PAQDBMOTU7VV4KQNSO5AEMVJF66Q9ASUAAJG; Proxy: null)
	at com.amazonaws.http.AmazonHttpClient$RequestExecutor.handleErrorResponse(AmazonHttpClient.java:1819)
	at com.amazonaws.http.AmazonHttpClient$RequestExecutor.handleServiceErrorResponse(AmazonHttpClient.java:1403)
	at com.amazonaws.http.AmazonHttpClient$RequestExecutor.executeOneRequest(AmazonHttpClient.java:1372)
	at com.amazonaws.http.AmazonHttpClient$RequestExecutor.executeHelper(AmazonHttpClient.java:1145)
	at com.amazonaws.http.AmazonHttpClient$RequestExecutor.doExecute(AmazonHttpClient.java:802)
	at com.amazonaws.http.AmazonHttpClient$RequestExecutor.executeWithTimer(AmazonHttpClient.java:770)
	at com.amazonaws.http.AmazonHttpClient$RequestExecutor.execute(AmazonHttpClient.java:744)
	at com.amazonaws.http.AmazonHttpClient$RequestExecutor.access$500(AmazonHttpClient.java:704)
	at com.amazonaws.http.AmazonHttpClient$RequestExecutionBuilderImpl.execute(AmazonHttpClient.java:686)
	at com.amazonaws.http.AmazonHttpClient.execute(AmazonHttpClient.java:550)
	at com.amazonaws.http.AmazonHttpClient.execute(AmazonHttpClient.java:530)
	at com.amazonaws.services.dynamodbv2.AmazonDynamoDBClient.doInvoke(AmazonDynamoDBClient.java:6214)
	at com.amazonaws.services.dynamodbv2.AmazonDynamoDBClient.invoke(AmazonDynamoDBClient.java:6181)
	at com.amazonaws.services.dynamodbv2.AmazonDynamoDBClient.executeDescribeTable(AmazonDynamoDBClient.java:2247)
	at com.amazonaws.services.dynamodbv2.AmazonDynamoDBClient.describeTable(AmazonDynamoDBClient.java:2211)
	at com.amazonaws.services.kinesis.leases.impl.LeaseManager.tableStatus(LeaseManager.java:175)
	... 5 more

May 02, 2024 4:22:48 AM com.amazonaws.services.kinesis.clientlibrary.lib.worker.Worker initialize
SEVERE: Caught exception when initializing LeaseCoordinator
com.amazonaws.services.kinesis.leases.exceptions.DependencyException: com.amazonaws.services.dynamodbv2.model.AmazonDynamoDBException: The security token included in the request is invalid. (Service: AmazonDynamoDBv2; Status Code: 400; Error Code: UnrecognizedClientException; Request ID: PJDFFUIS1ANVLTDC01QVLAU0VRVV4KQNSO5AEMVJF66Q9ASUAAJG; Proxy: null)
	at com.amazonaws.services.kinesis.leases.impl.LeaseManager.createLeaseTableIfNotExists(LeaseManager.java:155)
	at com.amazonaws.services.kinesis.clientlibrary.lib.worker.KinesisClientLibLeaseCoordinator.initialize(KinesisClientLibLeaseCoordinator.java:329)
	at com.amazonaws.services.kinesis.clientlibrary.lib.worker.Worker.initialize(Worker.java:674)
	at com.amazonaws.services.kinesis.clientlibrary.lib.worker.Worker.run(Worker.java:614)
	at java.lang.Thread.run(Thread.java:750)
Caused by: com.amazonaws.services.dynamodbv2.model.AmazonDynamoDBException: The security token included in the request is invalid. (Service: AmazonDynamoDBv2; Status Code: 400; Error Code: UnrecognizedClientException; Request ID: PJDFFUIS1ANVLTDC01QVLAU0VRVV4KQNSO5AEMVJF66Q9ASUAAJG; Proxy: null)
	at com.amazonaws.http.AmazonHttpClient$RequestExecutor.handleErrorResponse(AmazonHttpClient.java:1819)
	at com.amazonaws.http.AmazonHttpClient$RequestExecutor.handleServiceErrorResponse(AmazonHttpClient.java:1403)
	at com.amazonaws.http.AmazonHttpClient$RequestExecutor.executeOneRequest(AmazonHttpClient.java:1372)
	at com.amazonaws.http.AmazonHttpClient$RequestExecutor.executeHelper(AmazonHttpClient.java:1145)
	at com.amazonaws.http.AmazonHttpClient$RequestExecutor.doExecute(AmazonHttpClient.java:802)
	at com.amazonaws.http.AmazonHttpClient$RequestExecutor.executeWithTimer(AmazonHttpClient.java:770)
	at com.amazonaws.http.AmazonHttpClient$RequestExecutor.execute(AmazonHttpClient.java:744)
	at com.amazonaws.http.AmazonHttpClient$RequestExecutor.access$500(AmazonHttpClient.java:704)
	at com.amazonaws.http.AmazonHttpClient$RequestExecutionBuilderImpl.execute(AmazonHttpClient.java:686)
	at com.amazonaws.http.AmazonHttpClient.execute(AmazonHttpClient.java:550)
	at com.amazonaws.http.AmazonHttpClient.execute(AmazonHttpClient.java:530)
	at com.amazonaws.services.dynamodbv2.AmazonDynamoDBClient.doInvoke(AmazonDynamoDBClient.java:6214)
	at com.amazonaws.services.dynamodbv2.AmazonDynamoDBClient.invoke(AmazonDynamoDBClient.java:6181)
	at com.amazonaws.services.dynamodbv2.AmazonDynamoDBClient.executeCreateTable(AmazonDynamoDBClient.java:1160)
	at com.amazonaws.services.dynamodbv2.AmazonDynamoDBClient.createTable(AmazonDynamoDBClient.java:1124)
	at com.amazonaws.services.kinesis.leases.impl.LeaseManager.createLeaseTableIfNotExists(LeaseManager.java:148)
	... 4 more

May 02, 2024 4:22:48 AM com.amazonaws.services.kinesis.clientlibrary.lib.worker.Worker initialize
INFO: Initialization attempt 15
May 02, 2024 4:22:48 AM com.amazonaws.services.kinesis.clientlibrary.lib.worker.Worker initialize
INFO: Initializing LeaseCoordinator
May 02, 2024 4:22:48 AM com.amazonaws.services.kinesis.clientlibrary.lib.worker.Worker initialize
SEVERE: Caught exception when initializing LeaseCoordinator
com.amazonaws.services.kinesis.leases.exceptions.DependencyException: com.amazonaws.services.dynamodbv2.model.AmazonDynamoDBException: Request is missing Authentication Token (Service: AmazonDynamoDBv2; Status Code: 400; Error Code: MissingAuthenticationTokenException; Request ID: BQ6MVCV97COSP5A3BOPQTL11QRVV4KQNSO5AEMVJF66Q9ASUAAJG; Proxy: null)
	at com.amazonaws.services.kinesis.leases.impl.LeaseManager.createLeaseTableIfNotExists(LeaseManager.java:155)
	at com.amazonaws.services.kinesis.clientlibrary.lib.worker.KinesisClientLibLeaseCoordinator.initialize(KinesisClientLibLeaseCoordinator.java:329)
	at com.amazonaws.services.kinesis.clientlibrary.lib.worker.Worker.initialize(Worker.java:674)
	at com.amazonaws.services.kinesis.clientlibrary.lib.worker.Worker.run(Worker.java:614)
	at java.lang.Thread.run(Thread.java:750)
Caused by: com.amazonaws.services.dynamodbv2.model.AmazonDynamoDBException: Request is missing Authentication Token (Service: AmazonDynamoDBv2; Status Code: 400; Error Code: MissingAuthenticationTokenException; Request ID: BQ6MVCV97COSP5A3BOPQTL11QRVV4KQNSO5AEMVJF66Q9ASUAAJG; Proxy: null)
	at com.amazonaws.http.AmazonHttpClient$RequestExecutor.handleErrorResponse(AmazonHttpClient.java:1819)
	at com.amazonaws.http.AmazonHttpClient$RequestExecutor.handleServiceErrorResponse(AmazonHttpClient.java:1403)
	at com.amazonaws.http.AmazonHttpClient$RequestExecutor.executeOneRequest(AmazonHttpClient.java:1372)
	at com.amazonaws.http.AmazonHttpClient$RequestExecutor.executeHelper(AmazonHttpClient.java:1145)
	at com.amazonaws.http.AmazonHttpClient$RequestExecutor.doExecute(AmazonHttpClient.java:802)
	at com.amazonaws.http.AmazonHttpClient$RequestExecutor.executeWithTimer(AmazonHttpClient.java:770)
	at com.amazonaws.http.AmazonHttpClient$RequestExecutor.execute(AmazonHttpClient.java:744)
	at com.amazonaws.http.AmazonHttpClient$RequestExecutor.access$500(AmazonHttpClient.java:704)
	at com.amazonaws.http.AmazonHttpClient$RequestExecutionBuilderImpl.execute(AmazonHttpClient.java:686)
	at com.amazonaws.http.AmazonHttpClient.execute(AmazonHttpClient.java:550)
	at com.amazonaws.http.AmazonHttpClient.execute(AmazonHttpClient.java:530)
	at com.amazonaws.services.dynamodbv2.AmazonDynamoDBClient.doInvoke(AmazonDynamoDBClient.java:6214)
	at com.amazonaws.services.dynamodbv2.AmazonDynamoDBClient.invoke(AmazonDynamoDBClient.java:6181)
	at com.amazonaws.services.dynamodbv2.AmazonDynamoDBClient.executeCreateTable(AmazonDynamoDBClient.java:1160)
	at com.amazonaws.services.dynamodbv2.AmazonDynamoDBClient.createTable(AmazonDynamoDBClient.java:1124)
	at com.amazonaws.services.kinesis.leases.impl.LeaseManager.createLeaseTableIfNotExists(LeaseManager.java:148)
	... 4 more

May 02, 2024 4:22:48 AM com.amazonaws.services.kinesis.clientlibrary.lib.worker.Worker initialize
INFO: Initialization attempt 14
May 02, 2024 4:22:48 AM com.amazonaws.services.kinesis.clientlibrary.lib.worker.Worker initialize
INFO: Initializing LeaseCoordinator
May 02, 2024 4:22:48 AM com.amazonaws.services.kinesis.leases.impl.LeaseManager createLeaseTableIfNotExists
SEVERE: Failed to get table status for test-application
com.amazonaws.services.kinesis.leases.exceptions.DependencyException: com.amazonaws.services.dynamodbv2.model.AmazonDynamoDBException: The security token included in the request is invalid. (Service: AmazonDynamoDBv2; Status Code: 400; Error Code: UnrecognizedClientException; Request ID: 0NDMSV6UFDEDND5KMS2B24MOPNVV4KQNSO5AEMVJF66Q9ASUAAJG; Proxy: null)
	at com.amazonaws.services.kinesis.leases.impl.LeaseManager.tableStatus(LeaseManager.java:183)
	at com.amazonaws.services.kinesis.leases.impl.LeaseManager.createLeaseTableIfNotExists(LeaseManager.java:126)
	at com.amazonaws.services.kinesis.clientlibrary.lib.worker.KinesisClientLibLeaseCoordinator.initialize(KinesisClientLibLeaseCoordinator.java:329)
	at com.amazonaws.services.kinesis.clientlibrary.lib.worker.Worker.initialize(Worker.java:674)
	at com.amazonaws.services.kinesis.clientlibrary.lib.worker.Worker.run(Worker.java:614)
	at java.lang.Thread.run(Thread.java:750)
Caused by: com.amazonaws.services.dynamodbv2.model.AmazonDynamoDBException: The security token included in the request is invalid. (Service: AmazonDynamoDBv2; Status Code: 400; Error Code: UnrecognizedClientException; Request ID: 0NDMSV6UFDEDND5KMS2B24MOPNVV4KQNSO5AEMVJF66Q9ASUAAJG; Proxy: null)
	at com.amazonaws.http.AmazonHttpClient$RequestExecutor.handleErrorResponse(AmazonHttpClient.java:1819)
	at com.amazonaws.http.AmazonHttpClient$RequestExecutor.handleServiceErrorResponse(AmazonHttpClient.java:1403)
	at com.amazonaws.http.AmazonHttpClient$RequestExecutor.executeOneRequest(AmazonHttpClient.java:1372)
	at com.amazonaws.http.AmazonHttpClient$RequestExecutor.executeHelper(AmazonHttpClient.java:1145)
	at com.amazonaws.http.AmazonHttpClient$RequestExecutor.doExecute(AmazonHttpClient.java:802)
	at com.amazonaws.http.AmazonHttpClient$RequestExecutor.executeWithTimer(AmazonHttpClient.java:770)
	at com.amazonaws.http.AmazonHttpClient$RequestExecutor.execute(AmazonHttpClient.java:744)
	at com.amazonaws.http.AmazonHttpClient$RequestExecutor.access$500(AmazonHttpClient.java:704)
	at com.amazonaws.http.AmazonHttpClient$RequestExecutionBuilderImpl.execute(AmazonHttpClient.java:686)
	at com.amazonaws.http.AmazonHttpClient.execute(AmazonHttpClient.java:550)
	at com.amazonaws.http.AmazonHttpClient.execute(AmazonHttpClient.java:530)
	at com.amazonaws.services.dynamodbv2.AmazonDynamoDBClient.doInvoke(AmazonDynamoDBClient.java:6214)
	at com.amazonaws.services.dynamodbv2.AmazonDynamoDBClient.invoke(AmazonDynamoDBClient.java:6181)
	at com.amazonaws.services.dynamodbv2.AmazonDynamoDBClient.executeDescribeTable(AmazonDynamoDBClient.java:2247)
	at com.amazonaws.services.dynamodbv2.AmazonDynamoDBClient.describeTable(AmazonDynamoDBClient.java:2211)
	at com.amazonaws.services.kinesis.leases.impl.LeaseManager.tableStatus(LeaseManager.java:175)
	... 5 more

May 02, 2024 4:22:48 AM com.amazonaws.services.kinesis.leases.impl.LeaseManager createLeaseTableIfNotExists
SEVERE: Failed to get table status for test-application
com.amazonaws.services.kinesis.leases.exceptions.DependencyException: com.amazonaws.services.dynamodbv2.model.AmazonDynamoDBException: Request is missing Authentication Token (Service: AmazonDynamoDBv2; Status Code: 400; Error Code: MissingAuthenticationTokenException; Request ID: FOSU88JM5EC7A1D2MV66HTVUM7VV4KQNSO5AEMVJF66Q9ASUAAJG; Proxy: null)
	at com.amazonaws.services.kinesis.leases.impl.LeaseManager.tableStatus(LeaseManager.java:183)
	at com.amazonaws.services.kinesis.leases.impl.LeaseManager.createLeaseTableIfNotExists(LeaseManager.java:126)
	at com.amazonaws.services.kinesis.clientlibrary.lib.worker.KinesisClientLibLeaseCoordinator.initialize(KinesisClientLibLeaseCoordinator.java:329)
	at com.amazonaws.services.kinesis.clientlibrary.lib.worker.Worker.initialize(Worker.java:674)
	at com.amazonaws.services.kinesis.clientlibrary.lib.worker.Worker.run(Worker.java:614)
	at java.lang.Thread.run(Thread.java:750)
Caused by: com.amazonaws.services.dynamodbv2.model.AmazonDynamoDBException: Request is missing Authentication Token (Service: AmazonDynamoDBv2; Status Code: 400; Error Code: MissingAuthenticationTokenException; Request ID: FOSU88JM5EC7A1D2MV66HTVUM7VV4KQNSO5AEMVJF66Q9ASUAAJG; Proxy: null)
	at com.amazonaws.http.AmazonHttpClient$RequestExecutor.handleErrorResponse(AmazonHttpClient.java:1819)
	at com.amazonaws.http.AmazonHttpClient$RequestExecutor.handleServiceErrorResponse(AmazonHttpClient.java:1403)
	at com.amazonaws.http.AmazonHttpClient$RequestExecutor.executeOneRequest(AmazonHttpClient.java:1372)
	at com.amazonaws.http.AmazonHttpClient$RequestExecutor.executeHelper(AmazonHttpClient.java:1145)
	at com.amazonaws.http.AmazonHttpClient$RequestExecutor.doExecute(AmazonHttpClient.java:802)
	at com.amazonaws.http.AmazonHttpClient$RequestExecutor.executeWithTimer(AmazonHttpClient.java:770)
	at com.amazonaws.http.AmazonHttpClient$RequestExecutor.execute(AmazonHttpClient.java:744)
	at com.amazonaws.http.AmazonHttpClient$RequestExecutor.access$500(AmazonHttpClient.java:704)
	at com.amazonaws.http.AmazonHttpClient$RequestExecutionBuilderImpl.execute(AmazonHttpClient.java:686)
	at com.amazonaws.http.AmazonHttpClient.execute(AmazonHttpClient.java:550)
	at com.amazonaws.http.AmazonHttpClient.execute(AmazonHttpClient.java:530)
	at com.amazonaws.services.dynamodbv2.AmazonDynamoDBClient.doInvoke(AmazonDynamoDBClient.java:6214)
	at com.amazonaws.services.dynamodbv2.AmazonDynamoDBClient.invoke(AmazonDynamoDBClient.java:6181)
	at com.amazonaws.services.dynamodbv2.AmazonDynamoDBClient.executeDescribeTable(AmazonDynamoDBClient.java:2247)
	at com.amazonaws.services.dynamodbv2.AmazonDynamoDBClient.describeTable(AmazonDynamoDBClient.java:2211)
	at com.amazonaws.services.kinesis.leases.impl.LeaseManager.tableStatus(LeaseManager.java:175)
	... 5 more

May 02, 2024 4:22:48 AM com.amazonaws.services.kinesis.clientlibrary.lib.worker.Worker initialize
SEVERE: Caught exception when initializing LeaseCoordinator
com.amazonaws.services.kinesis.leases.exceptions.DependencyException: com.amazonaws.services.dynamodbv2.model.AmazonDynamoDBException: The security token included in the request is invalid. (Service: AmazonDynamoDBv2; Status Code: 400; Error Code: UnrecognizedClientException; Request ID: J3GLIVHA7GV5LH3HFEE0F17557VV4KQNSO5AEMVJF66Q9ASUAAJG; Proxy: null)
	at com.amazonaws.services.kinesis.leases.impl.LeaseManager.createLeaseTableIfNotExists(LeaseManager.java:155)
	at com.amazonaws.services.kinesis.clientlibrary.lib.worker.KinesisClientLibLeaseCoordinator.initialize(KinesisClientLibLeaseCoordinator.java:329)
	at com.amazonaws.services.kinesis.clientlibrary.lib.worker.Worker.initialize(Worker.java:674)
	at com.amazonaws.services.kinesis.clientlibrary.lib.worker.Worker.run(Worker.java:614)
	at java.lang.Thread.run(Thread.java:750)
Caused by: com.amazonaws.services.dynamodbv2.model.AmazonDynamoDBException: The security token included in the request is invalid. (Service: AmazonDynamoDBv2; Status Code: 400; Error Code: UnrecognizedClientException; Request ID: J3GLIVHA7GV5LH3HFEE0F17557VV4KQNSO5AEMVJF66Q9ASUAAJG; Proxy: null)
	at com.amazonaws.http.AmazonHttpClient$RequestExecutor.handleErrorResponse(AmazonHttpClient.java:1819)
	at com.amazonaws.http.AmazonHttpClient$RequestExecutor.handleServiceErrorResponse(AmazonHttpClient.java:1403)
	at com.amazonaws.http.AmazonHttpClient$RequestExecutor.executeOneRequest(AmazonHttpClient.java:1372)
	at com.amazonaws.http.AmazonHttpClient$RequestExecutor.executeHelper(AmazonHttpClient.java:1145)
	at com.amazonaws.http.AmazonHttpClient$RequestExecutor.doExecute(AmazonHttpClient.java:802)
	at com.amazonaws.http.AmazonHttpClient$RequestExecutor.executeWithTimer(AmazonHttpClient.java:770)
	at com.amazonaws.http.AmazonHttpClient$RequestExecutor.execute(AmazonHttpClient.java:744)
	at com.amazonaws.http.AmazonHttpClient$RequestExecutor.access$500(AmazonHttpClient.java:704)
	at com.amazonaws.http.AmazonHttpClient$RequestExecutionBuilderImpl.execute(AmazonHttpClient.java:686)
	at com.amazonaws.http.AmazonHttpClient.execute(AmazonHttpClient.java:550)
	at com.amazonaws.http.AmazonHttpClient.execute(AmazonHttpClient.java:530)
	at com.amazonaws.services.dynamodbv2.AmazonDynamoDBClient.doInvoke(AmazonDynamoDBClient.java:6214)
	at com.amazonaws.services.dynamodbv2.AmazonDynamoDBClient.invoke(AmazonDynamoDBClient.java:6181)
	at com.amazonaws.services.dynamodbv2.AmazonDynamoDBClient.executeCreateTable(AmazonDynamoDBClient.java:1160)
	at com.amazonaws.services.dynamodbv2.AmazonDynamoDBClient.createTable(AmazonDynamoDBClient.java:1124)
	at com.amazonaws.services.kinesis.leases.impl.LeaseManager.createLeaseTableIfNotExists(LeaseManager.java:148)
	... 4 more

May 02, 2024 4:22:48 AM com.amazonaws.services.kinesis.clientlibrary.lib.worker.Worker initialize
INFO: Initialization attempt 16
May 02, 2024 4:22:48 AM com.amazonaws.services.kinesis.clientlibrary.lib.worker.Worker initialize
INFO: Initializing LeaseCoordinator
May 02, 2024 4:22:49 AM com.amazonaws.services.kinesis.clientlibrary.lib.worker.Worker initialize
SEVERE: Caught exception when initializing LeaseCoordinator
com.amazonaws.services.kinesis.leases.exceptions.DependencyException: com.amazonaws.services.dynamodbv2.model.AmazonDynamoDBException: Request is missing Authentication Token (Service: AmazonDynamoDBv2; Status Code: 400; Error Code: MissingAuthenticationTokenException; Request ID: HEBAUPUDDRRJ4JGM1L4EPG3OE7VV4KQNSO5AEMVJF66Q9ASUAAJG; Proxy: null)
	at com.amazonaws.services.kinesis.leases.impl.LeaseManager.createLeaseTableIfNotExists(LeaseManager.java:155)
	at com.amazonaws.services.kinesis.clientlibrary.lib.worker.KinesisClientLibLeaseCoordinator.initialize(KinesisClientLibLeaseCoordinator.java:329)
	at com.amazonaws.services.kinesis.clientlibrary.lib.worker.Worker.initialize(Worker.java:674)
	at com.amazonaws.services.kinesis.clientlibrary.lib.worker.Worker.run(Worker.java:614)
	at java.lang.Thread.run(Thread.java:750)
Caused by: com.amazonaws.services.dynamodbv2.model.AmazonDynamoDBException: Request is missing Authentication Token (Service: AmazonDynamoDBv2; Status Code: 400; Error Code: MissingAuthenticationTokenException; Request ID: HEBAUPUDDRRJ4JGM1L4EPG3OE7VV4KQNSO5AEMVJF66Q9ASUAAJG; Proxy: null)
	at com.amazonaws.http.AmazonHttpClient$RequestExecutor.handleErrorResponse(AmazonHttpClient.java:1819)
	at com.amazonaws.http.AmazonHttpClient$RequestExecutor.handleServiceErrorResponse(AmazonHttpClient.java:1403)
	at com.amazonaws.http.AmazonHttpClient$RequestExecutor.executeOneRequest(AmazonHttpClient.java:1372)
	at com.amazonaws.http.AmazonHttpClient$RequestExecutor.executeHelper(AmazonHttpClient.java:1145)
	at com.amazonaws.http.AmazonHttpClient$RequestExecutor.doExecute(AmazonHttpClient.java:802)
	at com.amazonaws.http.AmazonHttpClient$RequestExecutor.executeWithTimer(AmazonHttpClient.java:770)
	at com.amazonaws.http.AmazonHttpClient$RequestExecutor.execute(AmazonHttpClient.java:744)
	at com.amazonaws.http.AmazonHttpClient$RequestExecutor.access$500(AmazonHttpClient.java:704)
	at com.amazonaws.http.AmazonHttpClient$RequestExecutionBuilderImpl.execute(AmazonHttpClient.java:686)
	at com.amazonaws.http.AmazonHttpClient.execute(AmazonHttpClient.java:550)
	at com.amazonaws.http.AmazonHttpClient.execute(AmazonHttpClient.java:530)
	at com.amazonaws.services.dynamodbv2.AmazonDynamoDBClient.doInvoke(AmazonDynamoDBClient.java:6214)
	at com.amazonaws.services.dynamodbv2.AmazonDynamoDBClient.invoke(AmazonDynamoDBClient.java:6181)
	at com.amazonaws.services.dynamodbv2.AmazonDynamoDBClient.executeCreateTable(AmazonDynamoDBClient.java:1160)
	at com.amazonaws.services.dynamodbv2.AmazonDynamoDBClient.createTable(AmazonDynamoDBClient.java:1124)
	at com.amazonaws.services.kinesis.leases.impl.LeaseManager.createLeaseTableIfNotExists(LeaseManager.java:148)
	... 4 more

May 02, 2024 4:22:49 AM com.amazonaws.services.kinesis.clientlibrary.lib.worker.Worker initialize
INFO: Initialization attempt 15
May 02, 2024 4:22:49 AM com.amazonaws.services.kinesis.clientlibrary.lib.worker.Worker initialize
INFO: Initializing LeaseCoordinator
May 02, 2024 4:22:49 AM com.amazonaws.services.kinesis.leases.impl.LeaseManager createLeaseTableIfNotExists
SEVERE: Failed to get table status for test-application
com.amazonaws.services.kinesis.leases.exceptions.DependencyException: com.amazonaws.services.dynamodbv2.model.AmazonDynamoDBException: The security token included in the request is invalid. (Service: AmazonDynamoDBv2; Status Code: 400; Error Code: UnrecognizedClientException; Request ID: 120U91Q8B5AFOLCOI463MN6H0FVV4KQNSO5AEMVJF66Q9ASUAAJG; Proxy: null)
	at com.amazonaws.services.kinesis.leases.impl.LeaseManager.tableStatus(LeaseManager.java:183)
	at com.amazonaws.services.kinesis.leases.impl.LeaseManager.createLeaseTableIfNotExists(LeaseManager.java:126)
	at com.amazonaws.services.kinesis.clientlibrary.lib.worker.KinesisClientLibLeaseCoordinator.initialize(KinesisClientLibLeaseCoordinator.java:329)
	at com.amazonaws.services.kinesis.clientlibrary.lib.worker.Worker.initialize(Worker.java:674)
	at com.amazonaws.services.kinesis.clientlibrary.lib.worker.Worker.run(Worker.java:614)
	at java.lang.Thread.run(Thread.java:750)
Caused by: com.amazonaws.services.dynamodbv2.model.AmazonDynamoDBException: The security token included in the request is invalid. (Service: AmazonDynamoDBv2; Status Code: 400; Error Code: UnrecognizedClientException; Request ID: 120U91Q8B5AFOLCOI463MN6H0FVV4KQNSO5AEMVJF66Q9ASUAAJG; Proxy: null)
	at com.amazonaws.http.AmazonHttpClient$RequestExecutor.handleErrorResponse(AmazonHttpClient.java:1819)
	at com.amazonaws.http.AmazonHttpClient$RequestExecutor.handleServiceErrorResponse(AmazonHttpClient.java:1403)
	at com.amazonaws.http.AmazonHttpClient$RequestExecutor.executeOneRequest(AmazonHttpClient.java:1372)
	at com.amazonaws.http.AmazonHttpClient$RequestExecutor.executeHelper(AmazonHttpClient.java:1145)
	at com.amazonaws.http.AmazonHttpClient$RequestExecutor.doExecute(AmazonHttpClient.java:802)
	at com.amazonaws.http.AmazonHttpClient$RequestExecutor.executeWithTimer(AmazonHttpClient.java:770)
	at com.amazonaws.http.AmazonHttpClient$RequestExecutor.execute(AmazonHttpClient.java:744)
	at com.amazonaws.http.AmazonHttpClient$RequestExecutor.access$500(AmazonHttpClient.java:704)
	at com.amazonaws.http.AmazonHttpClient$RequestExecutionBuilderImpl.execute(AmazonHttpClient.java:686)
	at com.amazonaws.http.AmazonHttpClient.execute(AmazonHttpClient.java:550)
	at com.amazonaws.http.AmazonHttpClient.execute(AmazonHttpClient.java:530)
	at com.amazonaws.services.dynamodbv2.AmazonDynamoDBClient.doInvoke(AmazonDynamoDBClient.java:6214)
	at com.amazonaws.services.dynamodbv2.AmazonDynamoDBClient.invoke(AmazonDynamoDBClient.java:6181)
	at com.amazonaws.services.dynamodbv2.AmazonDynamoDBClient.executeDescribeTable(AmazonDynamoDBClient.java:2247)
	at com.amazonaws.services.dynamodbv2.AmazonDynamoDBClient.describeTable(AmazonDynamoDBClient.java:2211)
	at com.amazonaws.services.kinesis.leases.impl.LeaseManager.tableStatus(LeaseManager.java:175)
	... 5 more

May 02, 2024 4:22:49 AM com.amazonaws.services.kinesis.clientlibrary.lib.worker.Worker initialize
SEVERE: Caught exception when initializing LeaseCoordinator
com.amazonaws.services.kinesis.leases.exceptions.DependencyException: com.amazonaws.services.dynamodbv2.model.AmazonDynamoDBException: The security token included in the request is invalid. (Service: AmazonDynamoDBv2; Status Code: 400; Error Code: UnrecognizedClientException; Request ID: QT6SHSP5LA6TJFRF055MEOON1JVV4KQNSO5AEMVJF66Q9ASUAAJG; Proxy: null)
	at com.amazonaws.services.kinesis.leases.impl.LeaseManager.createLeaseTableIfNotExists(LeaseManager.java:155)
	at com.amazonaws.services.kinesis.clientlibrary.lib.worker.KinesisClientLibLeaseCoordinator.initialize(KinesisClientLibLeaseCoordinator.java:329)
	at com.amazonaws.services.kinesis.clientlibrary.lib.worker.Worker.initialize(Worker.java:674)
	at com.amazonaws.services.kinesis.clientlibrary.lib.worker.Worker.run(Worker.java:614)
	at java.lang.Thread.run(Thread.java:750)
Caused by: com.amazonaws.services.dynamodbv2.model.AmazonDynamoDBException: The security token included in the request is invalid. (Service: AmazonDynamoDBv2; Status Code: 400; Error Code: UnrecognizedClientException; Request ID: QT6SHSP5LA6TJFRF055MEOON1JVV4KQNSO5AEMVJF66Q9ASUAAJG; Proxy: null)
	at com.amazonaws.http.AmazonHttpClient$RequestExecutor.handleErrorResponse(AmazonHttpClient.java:1819)
	at com.amazonaws.http.AmazonHttpClient$RequestExecutor.handleServiceErrorResponse(AmazonHttpClient.java:1403)
	at com.amazonaws.http.AmazonHttpClient$RequestExecutor.executeOneRequest(AmazonHttpClient.java:1372)
	at com.amazonaws.http.AmazonHttpClient$RequestExecutor.executeHelper(AmazonHttpClient.java:1145)
	at com.amazonaws.http.AmazonHttpClient$RequestExecutor.doExecute(AmazonHttpClient.java:802)
	at com.amazonaws.http.AmazonHttpClient$RequestExecutor.executeWithTimer(AmazonHttpClient.java:770)
	at com.amazonaws.http.AmazonHttpClient$RequestExecutor.execute(AmazonHttpClient.java:744)
	at com.amazonaws.http.AmazonHttpClient$RequestExecutor.access$500(AmazonHttpClient.java:704)
	at com.amazonaws.http.AmazonHttpClient$RequestExecutionBuilderImpl.execute(AmazonHttpClient.java:686)
	at com.amazonaws.http.AmazonHttpClient.execute(AmazonHttpClient.java:550)
	at com.amazonaws.http.AmazonHttpClient.execute(AmazonHttpClient.java:530)
	at com.amazonaws.services.dynamodbv2.AmazonDynamoDBClient.doInvoke(AmazonDynamoDBClient.java:6214)
	at com.amazonaws.services.dynamodbv2.AmazonDynamoDBClient.invoke(AmazonDynamoDBClient.java:6181)
	at com.amazonaws.services.dynamodbv2.AmazonDynamoDBClient.executeCreateTable(AmazonDynamoDBClient.java:1160)
	at com.amazonaws.services.dynamodbv2.AmazonDynamoDBClient.createTable(AmazonDynamoDBClient.java:1124)
	at com.amazonaws.services.kinesis.leases.impl.LeaseManager.createLeaseTableIfNotExists(LeaseManager.java:148)
	... 4 more

May 02, 2024 4:22:49 AM com.amazonaws.services.kinesis.clientlibrary.lib.worker.Worker initialize
INFO: Initialization attempt 17
May 02, 2024 4:22:49 AM com.amazonaws.services.kinesis.clientlibrary.lib.worker.Worker initialize
INFO: Initializing LeaseCoordinator
May 02, 2024 4:22:49 AM com.amazonaws.services.kinesis.leases.impl.LeaseManager createLeaseTableIfNotExists
SEVERE: Failed to get table status for test-application
com.amazonaws.services.kinesis.leases.exceptions.DependencyException: com.amazonaws.services.dynamodbv2.model.AmazonDynamoDBException: Request is missing Authentication Token (Service: AmazonDynamoDBv2; Status Code: 400; Error Code: MissingAuthenticationTokenException; Request ID: 615JO1B5KKQ4N49VU8UK0RTR3JVV4KQNSO5AEMVJF66Q9ASUAAJG; Proxy: null)
	at com.amazonaws.services.kinesis.leases.impl.LeaseManager.tableStatus(LeaseManager.java:183)
	at com.amazonaws.services.kinesis.leases.impl.LeaseManager.createLeaseTableIfNotExists(LeaseManager.java:126)
	at com.amazonaws.services.kinesis.clientlibrary.lib.worker.KinesisClientLibLeaseCoordinator.initialize(KinesisClientLibLeaseCoordinator.java:329)
	at com.amazonaws.services.kinesis.clientlibrary.lib.worker.Worker.initialize(Worker.java:674)
	at com.amazonaws.services.kinesis.clientlibrary.lib.worker.Worker.run(Worker.java:614)
	at java.lang.Thread.run(Thread.java:750)
Caused by: com.amazonaws.services.dynamodbv2.model.AmazonDynamoDBException: Request is missing Authentication Token (Service: AmazonDynamoDBv2; Status Code: 400; Error Code: MissingAuthenticationTokenException; Request ID: 615JO1B5KKQ4N49VU8UK0RTR3JVV4KQNSO5AEMVJF66Q9ASUAAJG; Proxy: null)
	at com.amazonaws.http.AmazonHttpClient$RequestExecutor.handleErrorResponse(AmazonHttpClient.java:1819)
	at com.amazonaws.http.AmazonHttpClient$RequestExecutor.handleServiceErrorResponse(AmazonHttpClient.java:1403)
	at com.amazonaws.http.AmazonHttpClient$RequestExecutor.executeOneRequest(AmazonHttpClient.java:1372)
	at com.amazonaws.http.AmazonHttpClient$RequestExecutor.executeHelper(AmazonHttpClient.java:1145)
	at com.amazonaws.http.AmazonHttpClient$RequestExecutor.doExecute(AmazonHttpClient.java:802)
	at com.amazonaws.http.AmazonHttpClient$RequestExecutor.executeWithTimer(AmazonHttpClient.java:770)
	at com.amazonaws.http.AmazonHttpClient$RequestExecutor.execute(AmazonHttpClient.java:744)
	at com.amazonaws.http.AmazonHttpClient$RequestExecutor.access$500(AmazonHttpClient.java:704)
	at com.amazonaws.http.AmazonHttpClient$RequestExecutionBuilderImpl.execute(AmazonHttpClient.java:686)
	at com.amazonaws.http.AmazonHttpClient.execute(AmazonHttpClient.java:550)
	at com.amazonaws.http.AmazonHttpClient.execute(AmazonHttpClient.java:530)
	at com.amazonaws.services.dynamodbv2.AmazonDynamoDBClient.doInvoke(AmazonDynamoDBClient.java:6214)
	at com.amazonaws.services.dynamodbv2.AmazonDynamoDBClient.invoke(AmazonDynamoDBClient.java:6181)
	at com.amazonaws.services.dynamodbv2.AmazonDynamoDBClient.executeDescribeTable(AmazonDynamoDBClient.java:2247)
	at com.amazonaws.services.dynamodbv2.AmazonDynamoDBClient.describeTable(AmazonDynamoDBClient.java:2211)
	at com.amazonaws.services.kinesis.leases.impl.LeaseManager.tableStatus(LeaseManager.java:175)
	... 5 more

May 02, 2024 4:22:49 AM com.amazonaws.services.kinesis.leases.impl.LeaseManager createLeaseTableIfNotExists
SEVERE: Failed to get table status for test-application
com.amazonaws.services.kinesis.leases.exceptions.DependencyException: com.amazonaws.services.dynamodbv2.model.AmazonDynamoDBException: The security token included in the request is invalid. (Service: AmazonDynamoDBv2; Status Code: 400; Error Code: UnrecognizedClientException; Request ID: SJGIJUJU5B3U56SUVP21IK863FVV4KQNSO5AEMVJF66Q9ASUAAJG; Proxy: null)
	at com.amazonaws.services.kinesis.leases.impl.LeaseManager.tableStatus(LeaseManager.java:183)
	at com.amazonaws.services.kinesis.leases.impl.LeaseManager.createLeaseTableIfNotExists(LeaseManager.java:126)
	at com.amazonaws.services.kinesis.clientlibrary.lib.worker.KinesisClientLibLeaseCoordinator.initialize(KinesisClientLibLeaseCoordinator.java:329)
	at com.amazonaws.services.kinesis.clientlibrary.lib.worker.Worker.initialize(Worker.java:674)
	at com.amazonaws.services.kinesis.clientlibrary.lib.worker.Worker.run(Worker.java:614)
	at java.lang.Thread.run(Thread.java:750)
Caused by: com.amazonaws.services.dynamodbv2.model.AmazonDynamoDBException: The security token included in the request is invalid. (Service: AmazonDynamoDBv2; Status Code: 400; Error Code: UnrecognizedClientException; Request ID: SJGIJUJU5B3U56SUVP21IK863FVV4KQNSO5AEMVJF66Q9ASUAAJG; Proxy: null)
	at com.amazonaws.http.AmazonHttpClient$RequestExecutor.handleErrorResponse(AmazonHttpClient.java:1819)
	at com.amazonaws.http.AmazonHttpClient$RequestExecutor.handleServiceErrorResponse(AmazonHttpClient.java:1403)
	at com.amazonaws.http.AmazonHttpClient$RequestExecutor.executeOneRequest(AmazonHttpClient.java:1372)
	at com.amazonaws.http.AmazonHttpClient$RequestExecutor.executeHelper(AmazonHttpClient.java:1145)
	at com.amazonaws.http.AmazonHttpClient$RequestExecutor.doExecute(AmazonHttpClient.java:802)
	at com.amazonaws.http.AmazonHttpClient$RequestExecutor.executeWithTimer(AmazonHttpClient.java:770)
	at com.amazonaws.http.AmazonHttpClient$RequestExecutor.execute(AmazonHttpClient.java:744)
	at com.amazonaws.http.AmazonHttpClient$RequestExecutor.access$500(AmazonHttpClient.java:704)
	at com.amazonaws.http.AmazonHttpClient$RequestExecutionBuilderImpl.execute(AmazonHttpClient.java:686)
	at com.amazonaws.http.AmazonHttpClient.execute(AmazonHttpClient.java:550)
	at com.amazonaws.http.AmazonHttpClient.execute(AmazonHttpClient.java:530)
	at com.amazonaws.services.dynamodbv2.AmazonDynamoDBClient.doInvoke(AmazonDynamoDBClient.java:6214)
	at com.amazonaws.services.dynamodbv2.AmazonDynamoDBClient.invoke(AmazonDynamoDBClient.java:6181)
	at com.amazonaws.services.dynamodbv2.AmazonDynamoDBClient.executeDescribeTable(AmazonDynamoDBClient.java:2247)
	at com.amazonaws.services.dynamodbv2.AmazonDynamoDBClient.describeTable(AmazonDynamoDBClient.java:2211)
	at com.amazonaws.services.kinesis.leases.impl.LeaseManager.tableStatus(LeaseManager.java:175)
	... 5 more

May 02, 2024 4:22:49 AM com.amazonaws.services.kinesis.clientlibrary.lib.worker.Worker initialize
SEVERE: Caught exception when initializing LeaseCoordinator
com.amazonaws.services.kinesis.leases.exceptions.DependencyException: com.amazonaws.services.dynamodbv2.model.AmazonDynamoDBException: Request is missing Authentication Token (Service: AmazonDynamoDBv2; Status Code: 400; Error Code: MissingAuthenticationTokenException; Request ID: 4EHB01FOPEVDB07JNTT9Q71BIJVV4KQNSO5AEMVJF66Q9ASUAAJG; Proxy: null)
	at com.amazonaws.services.kinesis.leases.impl.LeaseManager.createLeaseTableIfNotExists(LeaseManager.java:155)
	at com.amazonaws.services.kinesis.clientlibrary.lib.worker.KinesisClientLibLeaseCoordinator.initialize(KinesisClientLibLeaseCoordinator.java:329)
	at com.amazonaws.services.kinesis.clientlibrary.lib.worker.Worker.initialize(Worker.java:674)
	at com.amazonaws.services.kinesis.clientlibrary.lib.worker.Worker.run(Worker.java:614)
	at java.lang.Thread.run(Thread.java:750)
Caused by: com.amazonaws.services.dynamodbv2.model.AmazonDynamoDBException: Request is missing Authentication Token (Service: AmazonDynamoDBv2; Status Code: 400; Error Code: MissingAuthenticationTokenException; Request ID: 4EHB01FOPEVDB07JNTT9Q71BIJVV4KQNSO5AEMVJF66Q9ASUAAJG; Proxy: null)
	at com.amazonaws.http.AmazonHttpClient$RequestExecutor.handleErrorResponse(AmazonHttpClient.java:1819)
	at com.amazonaws.http.AmazonHttpClient$RequestExecutor.handleServiceErrorResponse(AmazonHttpClient.java:1403)
	at com.amazonaws.http.AmazonHttpClient$RequestExecutor.executeOneRequest(AmazonHttpClient.java:1372)
	at com.amazonaws.http.AmazonHttpClient$RequestExecutor.executeHelper(AmazonHttpClient.java:1145)
	at com.amazonaws.http.AmazonHttpClient$RequestExecutor.doExecute(AmazonHttpClient.java:802)
	at com.amazonaws.http.AmazonHttpClient$RequestExecutor.executeWithTimer(AmazonHttpClient.java:770)
	at com.amazonaws.http.AmazonHttpClient$RequestExecutor.execute(AmazonHttpClient.java:744)
	at com.amazonaws.http.AmazonHttpClient$RequestExecutor.access$500(AmazonHttpClient.java:704)
	at com.amazonaws.http.AmazonHttpClient$RequestExecutionBuilderImpl.execute(AmazonHttpClient.java:686)
	at com.amazonaws.http.AmazonHttpClient.execute(AmazonHttpClient.java:550)
	at com.amazonaws.http.AmazonHttpClient.execute(AmazonHttpClient.java:530)
	at com.amazonaws.services.dynamodbv2.AmazonDynamoDBClient.doInvoke(AmazonDynamoDBClient.java:6214)
	at com.amazonaws.services.dynamodbv2.AmazonDynamoDBClient.invoke(AmazonDynamoDBClient.java:6181)
	at com.amazonaws.services.dynamodbv2.AmazonDynamoDBClient.executeCreateTable(AmazonDynamoDBClient.java:1160)
	at com.amazonaws.services.dynamodbv2.AmazonDynamoDBClient.createTable(AmazonDynamoDBClient.java:1124)
	at com.amazonaws.services.kinesis.leases.impl.LeaseManager.createLeaseTableIfNotExists(LeaseManager.java:148)
	... 4 more

May 02, 2024 4:22:49 AM com.amazonaws.services.kinesis.clientlibrary.lib.worker.Worker initialize
INFO: Initialization attempt 16
May 02, 2024 4:22:49 AM com.amazonaws.services.kinesis.clientlibrary.lib.worker.Worker initialize
INFO: Initializing LeaseCoordinator
May 02, 2024 4:22:49 AM com.amazonaws.services.kinesis.clientlibrary.lib.worker.Worker initialize
SEVERE: Caught exception when initializing LeaseCoordinator
com.amazonaws.services.kinesis.leases.exceptions.DependencyException: com.amazonaws.services.dynamodbv2.model.AmazonDynamoDBException: The security token included in the request is invalid. (Service: AmazonDynamoDBv2; Status Code: 400; Error Code: UnrecognizedClientException; Request ID: I2L6T4VNKKUJS5BKT13LB6F4B3VV4KQNSO5AEMVJF66Q9ASUAAJG; Proxy: null)
	at com.amazonaws.services.kinesis.leases.impl.LeaseManager.createLeaseTableIfNotExists(LeaseManager.java:155)
	at com.amazonaws.services.kinesis.clientlibrary.lib.worker.KinesisClientLibLeaseCoordinator.initialize(KinesisClientLibLeaseCoordinator.java:329)
	at com.amazonaws.services.kinesis.clientlibrary.lib.worker.Worker.initialize(Worker.java:674)
	at com.amazonaws.services.kinesis.clientlibrary.lib.worker.Worker.run(Worker.java:614)
	at java.lang.Thread.run(Thread.java:750)
Caused by: com.amazonaws.services.dynamodbv2.model.AmazonDynamoDBException: The security token included in the request is invalid. (Service: AmazonDynamoDBv2; Status Code: 400; Error Code: UnrecognizedClientException; Request ID: I2L6T4VNKKUJS5BKT13LB6F4B3VV4KQNSO5AEMVJF66Q9ASUAAJG; Proxy: null)
	at com.amazonaws.http.AmazonHttpClient$RequestExecutor.handleErrorResponse(AmazonHttpClient.java:1819)
	at com.amazonaws.http.AmazonHttpClient$RequestExecutor.handleServiceErrorResponse(AmazonHttpClient.java:1403)
	at com.amazonaws.http.AmazonHttpClient$RequestExecutor.executeOneRequest(AmazonHttpClient.java:1372)
	at com.amazonaws.http.AmazonHttpClient$RequestExecutor.executeHelper(AmazonHttpClient.java:1145)
	at com.amazonaws.http.AmazonHttpClient$RequestExecutor.doExecute(AmazonHttpClient.java:802)
	at com.amazonaws.http.AmazonHttpClient$RequestExecutor.executeWithTimer(AmazonHttpClient.java:770)
	at com.amazonaws.http.AmazonHttpClient$RequestExecutor.execute(AmazonHttpClient.java:744)
	at com.amazonaws.http.AmazonHttpClient$RequestExecutor.access$500(AmazonHttpClient.java:704)
	at com.amazonaws.http.AmazonHttpClient$RequestExecutionBuilderImpl.execute(AmazonHttpClient.java:686)
	at com.amazonaws.http.AmazonHttpClient.execute(AmazonHttpClient.java:550)
	at com.amazonaws.http.AmazonHttpClient.execute(AmazonHttpClient.java:530)
	at com.amazonaws.services.dynamodbv2.AmazonDynamoDBClient.doInvoke(AmazonDynamoDBClient.java:6214)
	at com.amazonaws.services.dynamodbv2.AmazonDynamoDBClient.invoke(AmazonDynamoDBClient.java:6181)
	at com.amazonaws.services.dynamodbv2.AmazonDynamoDBClient.executeCreateTable(AmazonDynamoDBClient.java:1160)
	at com.amazonaws.services.dynamodbv2.AmazonDynamoDBClient.createTable(AmazonDynamoDBClient.java:1124)
	at com.amazonaws.services.kinesis.leases.impl.LeaseManager.createLeaseTableIfNotExists(LeaseManager.java:148)
	... 4 more

May 02, 2024 4:22:49 AM com.amazonaws.services.kinesis.clientlibrary.lib.worker.Worker initialize
INFO: Initialization attempt 18
May 02, 2024 4:22:49 AM com.amazonaws.services.kinesis.clientlibrary.lib.worker.Worker initialize
INFO: Initializing LeaseCoordinator
May 02, 2024 4:22:49 AM com.amazonaws.services.kinesis.leases.impl.LeaseManager createLeaseTableIfNotExists
SEVERE: Failed to get table status for test-application
com.amazonaws.services.kinesis.leases.exceptions.DependencyException: com.amazonaws.services.dynamodbv2.model.AmazonDynamoDBException: Request is missing Authentication Token (Service: AmazonDynamoDBv2; Status Code: 400; Error Code: MissingAuthenticationTokenException; Request ID: IF6N59F5U563VA3CUSMLRKC73VVV4KQNSO5AEMVJF66Q9ASUAAJG; Proxy: null)
	at com.amazonaws.services.kinesis.leases.impl.LeaseManager.tableStatus(LeaseManager.java:183)
	at com.amazonaws.services.kinesis.leases.impl.LeaseManager.createLeaseTableIfNotExists(LeaseManager.java:126)
	at com.amazonaws.services.kinesis.clientlibrary.lib.worker.KinesisClientLibLeaseCoordinator.initialize(KinesisClientLibLeaseCoordinator.java:329)
	at com.amazonaws.services.kinesis.clientlibrary.lib.worker.Worker.initialize(Worker.java:674)
	at com.amazonaws.services.kinesis.clientlibrary.lib.worker.Worker.run(Worker.java:614)
	at java.lang.Thread.run(Thread.java:750)
Caused by: com.amazonaws.services.dynamodbv2.model.AmazonDynamoDBException: Request is missing Authentication Token (Service: AmazonDynamoDBv2; Status Code: 400; Error Code: MissingAuthenticationTokenException; Request ID: IF6N59F5U563VA3CUSMLRKC73VVV4KQNSO5AEMVJF66Q9ASUAAJG; Proxy: null)
	at com.amazonaws.http.AmazonHttpClient$RequestExecutor.handleErrorResponse(AmazonHttpClient.java:1819)
	at com.amazonaws.http.AmazonHttpClient$RequestExecutor.handleServiceErrorResponse(AmazonHttpClient.java:1403)
	at com.amazonaws.http.AmazonHttpClient$RequestExecutor.executeOneRequest(AmazonHttpClient.java:1372)
	at com.amazonaws.http.AmazonHttpClient$RequestExecutor.executeHelper(AmazonHttpClient.java:1145)
	at com.amazonaws.http.AmazonHttpClient$RequestExecutor.doExecute(AmazonHttpClient.java:802)
	at com.amazonaws.http.AmazonHttpClient$RequestExecutor.executeWithTimer(AmazonHttpClient.java:770)
	at com.amazonaws.http.AmazonHttpClient$RequestExecutor.execute(AmazonHttpClient.java:744)
	at com.amazonaws.http.AmazonHttpClient$RequestExecutor.access$500(AmazonHttpClient.java:704)
	at com.amazonaws.http.AmazonHttpClient$RequestExecutionBuilderImpl.execute(AmazonHttpClient.java:686)
	at com.amazonaws.http.AmazonHttpClient.execute(AmazonHttpClient.java:550)
	at com.amazonaws.http.AmazonHttpClient.execute(AmazonHttpClient.java:530)
	at com.amazonaws.services.dynamodbv2.AmazonDynamoDBClient.doInvoke(AmazonDynamoDBClient.java:6214)
	at com.amazonaws.services.dynamodbv2.AmazonDynamoDBClient.invoke(AmazonDynamoDBClient.java:6181)
	at com.amazonaws.services.dynamodbv2.AmazonDynamoDBClient.executeDescribeTable(AmazonDynamoDBClient.java:2247)
	at com.amazonaws.services.dynamodbv2.AmazonDynamoDBClient.describeTable(AmazonDynamoDBClient.java:2211)
	at com.amazonaws.services.kinesis.leases.impl.LeaseManager.tableStatus(LeaseManager.java:175)
	... 5 more

May 02, 2024 4:22:49 AM com.amazonaws.services.kinesis.leases.impl.LeaseManager createLeaseTableIfNotExists
SEVERE: Failed to get table status for test-application
com.amazonaws.services.kinesis.leases.exceptions.DependencyException: com.amazonaws.services.dynamodbv2.model.AmazonDynamoDBException: The security token included in the request is invalid. (Service: AmazonDynamoDBv2; Status Code: 400; Error Code: UnrecognizedClientException; Request ID: I83CNJRECC1G1S0A57QQOF7IMNVV4KQNSO5AEMVJF66Q9ASUAAJG; Proxy: null)
	at com.amazonaws.services.kinesis.leases.impl.LeaseManager.tableStatus(LeaseManager.java:183)
	at com.amazonaws.services.kinesis.leases.impl.LeaseManager.createLeaseTableIfNotExists(LeaseManager.java:126)
	at com.amazonaws.services.kinesis.clientlibrary.lib.worker.KinesisClientLibLeaseCoordinator.initialize(KinesisClientLibLeaseCoordinator.java:329)
	at com.amazonaws.services.kinesis.clientlibrary.lib.worker.Worker.initialize(Worker.java:674)
	at com.amazonaws.services.kinesis.clientlibrary.lib.worker.Worker.run(Worker.java:614)
	at java.lang.Thread.run(Thread.java:750)
Caused by: com.amazonaws.services.dynamodbv2.model.AmazonDynamoDBException: The security token included in the request is invalid. (Service: AmazonDynamoDBv2; Status Code: 400; Error Code: UnrecognizedClientException; Request ID: I83CNJRECC1G1S0A57QQOF7IMNVV4KQNSO5AEMVJF66Q9ASUAAJG; Proxy: null)
	at com.amazonaws.http.AmazonHttpClient$RequestExecutor.handleErrorResponse(AmazonHttpClient.java:1819)
	at com.amazonaws.http.AmazonHttpClient$RequestExecutor.handleServiceErrorResponse(AmazonHttpClient.java:1403)
	at com.amazonaws.http.AmazonHttpClient$RequestExecutor.executeOneRequest(AmazonHttpClient.java:1372)
	at com.amazonaws.http.AmazonHttpClient$RequestExecutor.executeHelper(AmazonHttpClient.java:1145)
	at com.amazonaws.http.AmazonHttpClient$RequestExecutor.doExecute(AmazonHttpClient.java:802)
	at com.amazonaws.http.AmazonHttpClient$RequestExecutor.executeWithTimer(AmazonHttpClient.java:770)
	at com.amazonaws.http.AmazonHttpClient$RequestExecutor.execute(AmazonHttpClient.java:744)
	at com.amazonaws.http.AmazonHttpClient$RequestExecutor.access$500(AmazonHttpClient.java:704)
	at com.amazonaws.http.AmazonHttpClient$RequestExecutionBuilderImpl.execute(AmazonHttpClient.java:686)
	at com.amazonaws.http.AmazonHttpClient.execute(AmazonHttpClient.java:550)
	at com.amazonaws.http.AmazonHttpClient.execute(AmazonHttpClient.java:530)
	at com.amazonaws.services.dynamodbv2.AmazonDynamoDBClient.doInvoke(AmazonDynamoDBClient.java:6214)
	at com.amazonaws.services.dynamodbv2.AmazonDynamoDBClient.invoke(AmazonDynamoDBClient.java:6181)
	at com.amazonaws.services.dynamodbv2.AmazonDynamoDBClient.executeDescribeTable(AmazonDynamoDBClient.java:2247)
	at com.amazonaws.services.dynamodbv2.AmazonDynamoDBClient.describeTable(AmazonDynamoDBClient.java:2211)
	at com.amazonaws.services.kinesis.leases.impl.LeaseManager.tableStatus(LeaseManager.java:175)
	... 5 more

May 02, 2024 4:22:49 AM com.amazonaws.services.kinesis.clientlibrary.lib.worker.Worker initialize
SEVERE: Caught exception when initializing LeaseCoordinator
com.amazonaws.services.kinesis.leases.exceptions.DependencyException: com.amazonaws.services.dynamodbv2.model.AmazonDynamoDBException: Request is missing Authentication Token (Service: AmazonDynamoDBv2; Status Code: 400; Error Code: MissingAuthenticationTokenException; Request ID: HG6DQPSQI0ONEAFNO9NQS67J3FVV4KQNSO5AEMVJF66Q9ASUAAJG; Proxy: null)
	at com.amazonaws.services.kinesis.leases.impl.LeaseManager.createLeaseTableIfNotExists(LeaseManager.java:155)
	at com.amazonaws.services.kinesis.clientlibrary.lib.worker.KinesisClientLibLeaseCoordinator.initialize(KinesisClientLibLeaseCoordinator.java:329)
	at com.amazonaws.services.kinesis.clientlibrary.lib.worker.Worker.initialize(Worker.java:674)
	at com.amazonaws.services.kinesis.clientlibrary.lib.worker.Worker.run(Worker.java:614)
	at java.lang.Thread.run(Thread.java:750)
Caused by: com.amazonaws.services.dynamodbv2.model.AmazonDynamoDBException: Request is missing Authentication Token (Service: AmazonDynamoDBv2; Status Code: 400; Error Code: MissingAuthenticationTokenException; Request ID: HG6DQPSQI0ONEAFNO9NQS67J3FVV4KQNSO5AEMVJF66Q9ASUAAJG; Proxy: null)
	at com.amazonaws.http.AmazonHttpClient$RequestExecutor.handleErrorResponse(AmazonHttpClient.java:1819)
	at com.amazonaws.http.AmazonHttpClient$RequestExecutor.handleServiceErrorResponse(AmazonHttpClient.java:1403)
	at com.amazonaws.http.AmazonHttpClient$RequestExecutor.executeOneRequest(AmazonHttpClient.java:1372)
	at com.amazonaws.http.AmazonHttpClient$RequestExecutor.executeHelper(AmazonHttpClient.java:1145)
	at com.amazonaws.http.AmazonHttpClient$RequestExecutor.doExecute(AmazonHttpClient.java:802)
	at com.amazonaws.http.AmazonHttpClient$RequestExecutor.executeWithTimer(AmazonHttpClient.java:770)
	at com.amazonaws.http.AmazonHttpClient$RequestExecutor.execute(AmazonHttpClient.java:744)
	at com.amazonaws.http.AmazonHttpClient$RequestExecutor.access$500(AmazonHttpClient.java:704)
	at com.amazonaws.http.AmazonHttpClient$RequestExecutionBuilderImpl.execute(AmazonHttpClient.java:686)
	at com.amazonaws.http.AmazonHttpClient.execute(AmazonHttpClient.java:550)
	at com.amazonaws.http.AmazonHttpClient.execute(AmazonHttpClient.java:530)
	at com.amazonaws.services.dynamodbv2.AmazonDynamoDBClient.doInvoke(AmazonDynamoDBClient.java:6214)
	at com.amazonaws.services.dynamodbv2.AmazonDynamoDBClient.invoke(AmazonDynamoDBClient.java:6181)
	at com.amazonaws.services.dynamodbv2.AmazonDynamoDBClient.executeCreateTable(AmazonDynamoDBClient.java:1160)
	at com.amazonaws.services.dynamodbv2.AmazonDynamoDBClient.createTable(AmazonDynamoDBClient.java:1124)
	at com.amazonaws.services.kinesis.leases.impl.LeaseManager.createLeaseTableIfNotExists(LeaseManager.java:148)
	... 4 more

May 02, 2024 4:22:49 AM com.amazonaws.services.kinesis.clientlibrary.lib.worker.Worker initialize
INFO: Initialization attempt 17
May 02, 2024 4:22:49 AM com.amazonaws.services.kinesis.clientlibrary.lib.worker.Worker initialize
INFO: Initializing LeaseCoordinator
May 02, 2024 4:22:49 AM com.amazonaws.services.kinesis.clientlibrary.lib.worker.Worker initialize
SEVERE: Caught exception when initializing LeaseCoordinator
com.amazonaws.services.kinesis.leases.exceptions.DependencyException: com.amazonaws.services.dynamodbv2.model.AmazonDynamoDBException: The security token included in the request is invalid. (Service: AmazonDynamoDBv2; Status Code: 400; Error Code: UnrecognizedClientException; Request ID: Q7Q2VHUAV6IG9PR5D3U81854C3VV4KQNSO5AEMVJF66Q9ASUAAJG; Proxy: null)
	at com.amazonaws.services.kinesis.leases.impl.LeaseManager.createLeaseTableIfNotExists(LeaseManager.java:155)
	at com.amazonaws.services.kinesis.clientlibrary.lib.worker.KinesisClientLibLeaseCoordinator.initialize(KinesisClientLibLeaseCoordinator.java:329)
	at com.amazonaws.services.kinesis.clientlibrary.lib.worker.Worker.initialize(Worker.java:674)
	at com.amazonaws.services.kinesis.clientlibrary.lib.worker.Worker.run(Worker.java:614)
	at java.lang.Thread.run(Thread.java:750)
Caused by: com.amazonaws.services.dynamodbv2.model.AmazonDynamoDBException: The security token included in the request is invalid. (Service: AmazonDynamoDBv2; Status Code: 400; Error Code: UnrecognizedClientException; Request ID: Q7Q2VHUAV6IG9PR5D3U81854C3VV4KQNSO5AEMVJF66Q9ASUAAJG; Proxy: null)
	at com.amazonaws.http.AmazonHttpClient$RequestExecutor.handleErrorResponse(AmazonHttpClient.java:1819)
	at com.amazonaws.http.AmazonHttpClient$RequestExecutor.handleServiceErrorResponse(AmazonHttpClient.java:1403)
	at com.amazonaws.http.AmazonHttpClient$RequestExecutor.executeOneRequest(AmazonHttpClient.java:1372)
	at com.amazonaws.http.AmazonHttpClient$RequestExecutor.executeHelper(AmazonHttpClient.java:1145)
	at com.amazonaws.http.AmazonHttpClient$RequestExecutor.doExecute(AmazonHttpClient.java:802)
	at com.amazonaws.http.AmazonHttpClient$RequestExecutor.executeWithTimer(AmazonHttpClient.java:770)
	at com.amazonaws.http.AmazonHttpClient$RequestExecutor.execute(AmazonHttpClient.java:744)
	at com.amazonaws.http.AmazonHttpClient$RequestExecutor.access$500(AmazonHttpClient.java:704)
	at com.amazonaws.http.AmazonHttpClient$RequestExecutionBuilderImpl.execute(AmazonHttpClient.java:686)
	at com.amazonaws.http.AmazonHttpClient.execute(AmazonHttpClient.java:550)
	at com.amazonaws.http.AmazonHttpClient.execute(AmazonHttpClient.java:530)
	at com.amazonaws.services.dynamodbv2.AmazonDynamoDBClient.doInvoke(AmazonDynamoDBClient.java:6214)
	at com.amazonaws.services.dynamodbv2.AmazonDynamoDBClient.invoke(AmazonDynamoDBClient.java:6181)
	at com.amazonaws.services.dynamodbv2.AmazonDynamoDBClient.executeCreateTable(AmazonDynamoDBClient.java:1160)
	at com.amazonaws.services.dynamodbv2.AmazonDynamoDBClient.createTable(AmazonDynamoDBClient.java:1124)
	at com.amazonaws.services.kinesis.leases.impl.LeaseManager.createLeaseTableIfNotExists(LeaseManager.java:148)
	... 4 more

May 02, 2024 4:22:49 AM com.amazonaws.services.kinesis.clientlibrary.lib.worker.Worker initialize
INFO: Initialization attempt 19
May 02, 2024 4:22:49 AM com.amazonaws.services.kinesis.clientlibrary.lib.worker.Worker initialize
INFO: Initializing LeaseCoordinator
May 02, 2024 4:22:49 AM com.amazonaws.services.kinesis.leases.impl.LeaseManager createLeaseTableIfNotExists
SEVERE: Failed to get table status for test-application
com.amazonaws.services.kinesis.leases.exceptions.DependencyException: com.amazonaws.services.dynamodbv2.model.AmazonDynamoDBException: Request is missing Authentication Token (Service: AmazonDynamoDBv2; Status Code: 400; Error Code: MissingAuthenticationTokenException; Request ID: EMRMDK5QMV1JSRBLKV07LON1PRVV4KQNSO5AEMVJF66Q9ASUAAJG; Proxy: null)
	at com.amazonaws.services.kinesis.leases.impl.LeaseManager.tableStatus(LeaseManager.java:183)
	at com.amazonaws.services.kinesis.leases.impl.LeaseManager.createLeaseTableIfNotExists(LeaseManager.java:126)
	at com.amazonaws.services.kinesis.clientlibrary.lib.worker.KinesisClientLibLeaseCoordinator.initialize(KinesisClientLibLeaseCoordinator.java:329)
	at com.amazonaws.services.kinesis.clientlibrary.lib.worker.Worker.initialize(Worker.java:674)
	at com.amazonaws.services.kinesis.clientlibrary.lib.worker.Worker.run(Worker.java:614)
	at java.lang.Thread.run(Thread.java:750)
Caused by: com.amazonaws.services.dynamodbv2.model.AmazonDynamoDBException: Request is missing Authentication Token (Service: AmazonDynamoDBv2; Status Code: 400; Error Code: MissingAuthenticationTokenException; Request ID: EMRMDK5QMV1JSRBLKV07LON1PRVV4KQNSO5AEMVJF66Q9ASUAAJG; Proxy: null)
	at com.amazonaws.http.AmazonHttpClient$RequestExecutor.handleErrorResponse(AmazonHttpClient.java:1819)
	at com.amazonaws.http.AmazonHttpClient$RequestExecutor.handleServiceErrorResponse(AmazonHttpClient.java:1403)
	at com.amazonaws.http.AmazonHttpClient$RequestExecutor.executeOneRequest(AmazonHttpClient.java:1372)
	at com.amazonaws.http.AmazonHttpClient$RequestExecutor.executeHelper(AmazonHttpClient.java:1145)
	at com.amazonaws.http.AmazonHttpClient$RequestExecutor.doExecute(AmazonHttpClient.java:802)
	at com.amazonaws.http.AmazonHttpClient$RequestExecutor.executeWithTimer(AmazonHttpClient.java:770)
	at com.amazonaws.http.AmazonHttpClient$RequestExecutor.execute(AmazonHttpClient.java:744)
	at com.amazonaws.http.AmazonHttpClient$RequestExecutor.access$500(AmazonHttpClient.java:704)
	at com.amazonaws.http.AmazonHttpClient$RequestExecutionBuilderImpl.execute(AmazonHttpClient.java:686)
	at com.amazonaws.http.AmazonHttpClient.execute(AmazonHttpClient.java:550)
	at com.amazonaws.http.AmazonHttpClient.execute(AmazonHttpClient.java:530)
	at com.amazonaws.services.dynamodbv2.AmazonDynamoDBClient.doInvoke(AmazonDynamoDBClient.java:6214)
	at com.amazonaws.services.dynamodbv2.AmazonDynamoDBClient.invoke(AmazonDynamoDBClient.java:6181)
	at com.amazonaws.services.dynamodbv2.AmazonDynamoDBClient.executeDescribeTable(AmazonDynamoDBClient.java:2247)
	at com.amazonaws.services.dynamodbv2.AmazonDynamoDBClient.describeTable(AmazonDynamoDBClient.java:2211)
	at com.amazonaws.services.kinesis.leases.impl.LeaseManager.tableStatus(LeaseManager.java:175)
	... 5 more

May 02, 2024 4:22:49 AM com.amazonaws.services.kinesis.leases.impl.LeaseManager createLeaseTableIfNotExists
SEVERE: Failed to get table status for test-application
com.amazonaws.services.kinesis.leases.exceptions.DependencyException: com.amazonaws.services.dynamodbv2.model.AmazonDynamoDBException: The security token included in the request is invalid. (Service: AmazonDynamoDBv2; Status Code: 400; Error Code: UnrecognizedClientException; Request ID: U5SCOASHTVENIKOHHR9B1K4113VV4KQNSO5AEMVJF66Q9ASUAAJG; Proxy: null)
	at com.amazonaws.services.kinesis.leases.impl.LeaseManager.tableStatus(LeaseManager.java:183)
	at com.amazonaws.services.kinesis.leases.impl.LeaseManager.createLeaseTableIfNotExists(LeaseManager.java:126)
	at com.amazonaws.services.kinesis.clientlibrary.lib.worker.KinesisClientLibLeaseCoordinator.initialize(KinesisClientLibLeaseCoordinator.java:329)
	at com.amazonaws.services.kinesis.clientlibrary.lib.worker.Worker.initialize(Worker.java:674)
	at com.amazonaws.services.kinesis.clientlibrary.lib.worker.Worker.run(Worker.java:614)
	at java.lang.Thread.run(Thread.java:750)
Caused by: com.amazonaws.services.dynamodbv2.model.AmazonDynamoDBException: The security token included in the request is invalid. (Service: AmazonDynamoDBv2; Status Code: 400; Error Code: UnrecognizedClientException; Request ID: U5SCOASHTVENIKOHHR9B1K4113VV4KQNSO5AEMVJF66Q9ASUAAJG; Proxy: null)
	at com.amazonaws.http.AmazonHttpClient$RequestExecutor.handleErrorResponse(AmazonHttpClient.java:1819)
	at com.amazonaws.http.AmazonHttpClient$RequestExecutor.handleServiceErrorResponse(AmazonHttpClient.java:1403)
	at com.amazonaws.http.AmazonHttpClient$RequestExecutor.executeOneRequest(AmazonHttpClient.java:1372)
	at com.amazonaws.http.AmazonHttpClient$RequestExecutor.executeHelper(AmazonHttpClient.java:1145)
	at com.amazonaws.http.AmazonHttpClient$RequestExecutor.doExecute(AmazonHttpClient.java:802)
	at com.amazonaws.http.AmazonHttpClient$RequestExecutor.executeWithTimer(AmazonHttpClient.java:770)
	at com.amazonaws.http.AmazonHttpClient$RequestExecutor.execute(AmazonHttpClient.java:744)
	at com.amazonaws.http.AmazonHttpClient$RequestExecutor.access$500(AmazonHttpClient.java:704)
	at com.amazonaws.http.AmazonHttpClient$RequestExecutionBuilderImpl.execute(AmazonHttpClient.java:686)
	at com.amazonaws.http.AmazonHttpClient.execute(AmazonHttpClient.java:550)
	at com.amazonaws.http.AmazonHttpClient.execute(AmazonHttpClient.java:530)
	at com.amazonaws.services.dynamodbv2.AmazonDynamoDBClient.doInvoke(AmazonDynamoDBClient.java:6214)
	at com.amazonaws.services.dynamodbv2.AmazonDynamoDBClient.invoke(AmazonDynamoDBClient.java:6181)
	at com.amazonaws.services.dynamodbv2.AmazonDynamoDBClient.executeDescribeTable(AmazonDynamoDBClient.java:2247)
	at com.amazonaws.services.dynamodbv2.AmazonDynamoDBClient.describeTable(AmazonDynamoDBClient.java:2211)
	at com.amazonaws.services.kinesis.leases.impl.LeaseManager.tableStatus(LeaseManager.java:175)
	... 5 more

May 02, 2024 4:22:49 AM com.amazonaws.services.kinesis.clientlibrary.lib.worker.Worker initialize
SEVERE: Caught exception when initializing LeaseCoordinator
com.amazonaws.services.kinesis.leases.exceptions.DependencyException: com.amazonaws.services.dynamodbv2.model.AmazonDynamoDBException: Request is missing Authentication Token (Service: AmazonDynamoDBv2; Status Code: 400; Error Code: MissingAuthenticationTokenException; Request ID: ISU4VGOE57IPA3SDOE123RKT0NVV4KQNSO5AEMVJF66Q9ASUAAJG; Proxy: null)
	at com.amazonaws.services.kinesis.leases.impl.LeaseManager.createLeaseTableIfNotExists(LeaseManager.java:155)
	at com.amazonaws.services.kinesis.clientlibrary.lib.worker.KinesisClientLibLeaseCoordinator.initialize(KinesisClientLibLeaseCoordinator.java:329)
	at com.amazonaws.services.kinesis.clientlibrary.lib.worker.Worker.initialize(Worker.java:674)
	at com.amazonaws.services.kinesis.clientlibrary.lib.worker.Worker.run(Worker.java:614)
	at java.lang.Thread.run(Thread.java:750)
Caused by: com.amazonaws.services.dynamodbv2.model.AmazonDynamoDBException: Request is missing Authentication Token (Service: AmazonDynamoDBv2; Status Code: 400; Error Code: MissingAuthenticationTokenException; Request ID: ISU4VGOE57IPA3SDOE123RKT0NVV4KQNSO5AEMVJF66Q9ASUAAJG; Proxy: null)
	at com.amazonaws.http.AmazonHttpClient$RequestExecutor.handleErrorResponse(AmazonHttpClient.java:1819)
	at com.amazonaws.http.AmazonHttpClient$RequestExecutor.handleServiceErrorResponse(AmazonHttpClient.java:1403)
	at com.amazonaws.http.AmazonHttpClient$RequestExecutor.executeOneRequest(AmazonHttpClient.java:1372)
	at com.amazonaws.http.AmazonHttpClient$RequestExecutor.executeHelper(AmazonHttpClient.java:1145)
	at com.amazonaws.http.AmazonHttpClient$RequestExecutor.doExecute(AmazonHttpClient.java:802)
	at com.amazonaws.http.AmazonHttpClient$RequestExecutor.executeWithTimer(AmazonHttpClient.java:770)
	at com.amazonaws.http.AmazonHttpClient$RequestExecutor.execute(AmazonHttpClient.java:744)
	at com.amazonaws.http.AmazonHttpClient$RequestExecutor.access$500(AmazonHttpClient.java:704)
	at com.amazonaws.http.AmazonHttpClient$RequestExecutionBuilderImpl.execute(AmazonHttpClient.java:686)
	at com.amazonaws.http.AmazonHttpClient.execute(AmazonHttpClient.java:550)
	at com.amazonaws.http.AmazonHttpClient.execute(AmazonHttpClient.java:530)
	at com.amazonaws.services.dynamodbv2.AmazonDynamoDBClient.doInvoke(AmazonDynamoDBClient.java:6214)
	at com.amazonaws.services.dynamodbv2.AmazonDynamoDBClient.invoke(AmazonDynamoDBClient.java:6181)
	at com.amazonaws.services.dynamodbv2.AmazonDynamoDBClient.executeCreateTable(AmazonDynamoDBClient.java:1160)
	at com.amazonaws.services.dynamodbv2.AmazonDynamoDBClient.createTable(AmazonDynamoDBClient.java:1124)
	at com.amazonaws.services.kinesis.leases.impl.LeaseManager.createLeaseTableIfNotExists(LeaseManager.java:148)
	... 4 more

May 02, 2024 4:22:49 AM com.amazonaws.services.kinesis.clientlibrary.lib.worker.Worker initialize
SEVERE: Caught exception when initializing LeaseCoordinator
com.amazonaws.services.kinesis.leases.exceptions.DependencyException: com.amazonaws.services.dynamodbv2.model.AmazonDynamoDBException: The security token included in the request is invalid. (Service: AmazonDynamoDBv2; Status Code: 400; Error Code: UnrecognizedClientException; Request ID: L4PVMPH7HC67AVA4B7CDFBI6G3VV4KQNSO5AEMVJF66Q9ASUAAJG; Proxy: null)
	at com.amazonaws.services.kinesis.leases.impl.LeaseManager.createLeaseTableIfNotExists(LeaseManager.java:155)
	at com.amazonaws.services.kinesis.clientlibrary.lib.worker.KinesisClientLibLeaseCoordinator.initialize(KinesisClientLibLeaseCoordinator.java:329)
	at com.amazonaws.services.kinesis.clientlibrary.lib.worker.Worker.initialize(Worker.java:674)
	at com.amazonaws.services.kinesis.clientlibrary.lib.worker.Worker.run(Worker.java:614)
	at java.lang.Thread.run(Thread.java:750)
Caused by: com.amazonaws.services.dynamodbv2.model.AmazonDynamoDBException: The security token included in the request is invalid. (Service: AmazonDynamoDBv2; Status Code: 400; Error Code: UnrecognizedClientException; Request ID: L4PVMPH7HC67AVA4B7CDFBI6G3VV4KQNSO5AEMVJF66Q9ASUAAJG; Proxy: null)
	at com.amazonaws.http.AmazonHttpClient$RequestExecutor.handleErrorResponse(AmazonHttpClient.java:1819)
	at com.amazonaws.http.AmazonHttpClient$RequestExecutor.handleServiceErrorResponse(AmazonHttpClient.java:1403)
	at com.amazonaws.http.AmazonHttpClient$RequestExecutor.executeOneRequest(AmazonHttpClient.java:1372)
	at com.amazonaws.http.AmazonHttpClient$RequestExecutor.executeHelper(AmazonHttpClient.java:1145)
	at com.amazonaws.http.AmazonHttpClient$RequestExecutor.doExecute(AmazonHttpClient.java:802)
	at com.amazonaws.http.AmazonHttpClient$RequestExecutor.executeWithTimer(AmazonHttpClient.java:770)
	at com.amazonaws.http.AmazonHttpClient$RequestExecutor.execute(AmazonHttpClient.java:744)
	at com.amazonaws.http.AmazonHttpClient$RequestExecutor.access$500(AmazonHttpClient.java:704)
	at com.amazonaws.http.AmazonHttpClient$RequestExecutionBuilderImpl.execute(AmazonHttpClient.java:686)
	at com.amazonaws.http.AmazonHttpClient.execute(AmazonHttpClient.java:550)
	at com.amazonaws.http.AmazonHttpClient.execute(AmazonHttpClient.java:530)
	at com.amazonaws.services.dynamodbv2.AmazonDynamoDBClient.doInvoke(AmazonDynamoDBClient.java:6214)
	at com.amazonaws.services.dynamodbv2.AmazonDynamoDBClient.invoke(AmazonDynamoDBClient.java:6181)
	at com.amazonaws.services.dynamodbv2.AmazonDynamoDBClient.executeCreateTable(AmazonDynamoDBClient.java:1160)
	at com.amazonaws.services.dynamodbv2.AmazonDynamoDBClient.createTable(AmazonDynamoDBClient.java:1124)
	at com.amazonaws.services.kinesis.leases.impl.LeaseManager.createLeaseTableIfNotExists(LeaseManager.java:148)
	... 4 more

May 02, 2024 4:22:49 AM com.amazonaws.services.kinesis.clientlibrary.lib.worker.Worker initialize
INFO: Initialization attempt 18
May 02, 2024 4:22:49 AM com.amazonaws.services.kinesis.clientlibrary.lib.worker.Worker initialize
INFO: Initializing LeaseCoordinator
May 02, 2024 4:22:49 AM com.amazonaws.services.kinesis.clientlibrary.lib.worker.Worker initialize
INFO: Initialization attempt 20
May 02, 2024 4:22:49 AM com.amazonaws.services.kinesis.clientlibrary.lib.worker.Worker initialize
INFO: Initializing LeaseCoordinator
May 02, 2024 4:22:49 AM com.amazonaws.services.kinesis.leases.impl.LeaseManager createLeaseTableIfNotExists
SEVERE: Failed to get table status for test-application
com.amazonaws.services.kinesis.leases.exceptions.DependencyException: com.amazonaws.services.dynamodbv2.model.AmazonDynamoDBException: The security token included in the request is invalid. (Service: AmazonDynamoDBv2; Status Code: 400; Error Code: UnrecognizedClientException; Request ID: 69VDFM3I44UODSFGR56VS12I3RVV4KQNSO5AEMVJF66Q9ASUAAJG; Proxy: null)
	at com.amazonaws.services.kinesis.leases.impl.LeaseManager.tableStatus(LeaseManager.java:183)
	at com.amazonaws.services.kinesis.leases.impl.LeaseManager.createLeaseTableIfNotExists(LeaseManager.java:126)
	at com.amazonaws.services.kinesis.clientlibrary.lib.worker.KinesisClientLibLeaseCoordinator.initialize(KinesisClientLibLeaseCoordinator.java:329)
	at com.amazonaws.services.kinesis.clientlibrary.lib.worker.Worker.initialize(Worker.java:674)
	at com.amazonaws.services.kinesis.clientlibrary.lib.worker.Worker.run(Worker.java:614)
	at java.lang.Thread.run(Thread.java:750)
Caused by: com.amazonaws.services.dynamodbv2.model.AmazonDynamoDBException: The security token included in the request is invalid. (Service: AmazonDynamoDBv2; Status Code: 400; Error Code: UnrecognizedClientException; Request ID: 69VDFM3I44UODSFGR56VS12I3RVV4KQNSO5AEMVJF66Q9ASUAAJG; Proxy: null)
	at com.amazonaws.http.AmazonHttpClient$RequestExecutor.handleErrorResponse(AmazonHttpClient.java:1819)
	at com.amazonaws.http.AmazonHttpClient$RequestExecutor.handleServiceErrorResponse(AmazonHttpClient.java:1403)
	at com.amazonaws.http.AmazonHttpClient$RequestExecutor.executeOneRequest(AmazonHttpClient.java:1372)
	at com.amazonaws.http.AmazonHttpClient$RequestExecutor.executeHelper(AmazonHttpClient.java:1145)
	at com.amazonaws.http.AmazonHttpClient$RequestExecutor.doExecute(AmazonHttpClient.java:802)
	at com.amazonaws.http.AmazonHttpClient$RequestExecutor.executeWithTimer(AmazonHttpClient.java:770)
	at com.amazonaws.http.AmazonHttpClient$RequestExecutor.execute(AmazonHttpClient.java:744)
	at com.amazonaws.http.AmazonHttpClient$RequestExecutor.access$500(AmazonHttpClient.java:704)
	at com.amazonaws.http.AmazonHttpClient$RequestExecutionBuilderImpl.execute(AmazonHttpClient.java:686)
	at com.amazonaws.http.AmazonHttpClient.execute(AmazonHttpClient.java:550)
	at com.amazonaws.http.AmazonHttpClient.execute(AmazonHttpClient.java:530)
	at com.amazonaws.services.dynamodbv2.AmazonDynamoDBClient.doInvoke(AmazonDynamoDBClient.java:6214)
	at com.amazonaws.services.dynamodbv2.AmazonDynamoDBClient.invoke(AmazonDynamoDBClient.java:6181)
	at com.amazonaws.services.dynamodbv2.AmazonDynamoDBClient.executeDescribeTable(AmazonDynamoDBClient.java:2247)
	at com.amazonaws.services.dynamodbv2.AmazonDynamoDBClient.describeTable(AmazonDynamoDBClient.java:2211)
	at com.amazonaws.services.kinesis.leases.impl.LeaseManager.tableStatus(LeaseManager.java:175)
	... 5 more

May 02, 2024 4:22:49 AM com.amazonaws.services.kinesis.leases.impl.LeaseManager createLeaseTableIfNotExists
SEVERE: Failed to get table status for test-application
com.amazonaws.services.kinesis.leases.exceptions.DependencyException: com.amazonaws.services.dynamodbv2.model.AmazonDynamoDBException: Request is missing Authentication Token (Service: AmazonDynamoDBv2; Status Code: 400; Error Code: MissingAuthenticationTokenException; Request ID: NIK1QM3MOVRVLPN6DABTQD0RFBVV4KQNSO5AEMVJF66Q9ASUAAJG; Proxy: null)
	at com.amazonaws.services.kinesis.leases.impl.LeaseManager.tableStatus(LeaseManager.java:183)
	at com.amazonaws.services.kinesis.leases.impl.LeaseManager.createLeaseTableIfNotExists(LeaseManager.java:126)
	at com.amazonaws.services.kinesis.clientlibrary.lib.worker.KinesisClientLibLeaseCoordinator.initialize(KinesisClientLibLeaseCoordinator.java:329)
	at com.amazonaws.services.kinesis.clientlibrary.lib.worker.Worker.initialize(Worker.java:674)
	at com.amazonaws.services.kinesis.clientlibrary.lib.worker.Worker.run(Worker.java:614)
	at java.lang.Thread.run(Thread.java:750)
Caused by: com.amazonaws.services.dynamodbv2.model.AmazonDynamoDBException: Request is missing Authentication Token (Service: AmazonDynamoDBv2; Status Code: 400; Error Code: MissingAuthenticationTokenException; Request ID: NIK1QM3MOVRVLPN6DABTQD0RFBVV4KQNSO5AEMVJF66Q9ASUAAJG; Proxy: null)
	at com.amazonaws.http.AmazonHttpClient$RequestExecutor.handleErrorResponse(AmazonHttpClient.java:1819)
	at com.amazonaws.http.AmazonHttpClient$RequestExecutor.handleServiceErrorResponse(AmazonHttpClient.java:1403)
	at com.amazonaws.http.AmazonHttpClient$RequestExecutor.executeOneRequest(AmazonHttpClient.java:1372)
	at com.amazonaws.http.AmazonHttpClient$RequestExecutor.executeHelper(AmazonHttpClient.java:1145)
	at com.amazonaws.http.AmazonHttpClient$RequestExecutor.doExecute(AmazonHttpClient.java:802)
	at com.amazonaws.http.AmazonHttpClient$RequestExecutor.executeWithTimer(AmazonHttpClient.java:770)
	at com.amazonaws.http.AmazonHttpClient$RequestExecutor.execute(AmazonHttpClient.java:744)
	at com.amazonaws.http.AmazonHttpClient$RequestExecutor.access$500(AmazonHttpClient.java:704)
	at com.amazonaws.http.AmazonHttpClient$RequestExecutionBuilderImpl.execute(AmazonHttpClient.java:686)
	at com.amazonaws.http.AmazonHttpClient.execute(AmazonHttpClient.java:550)
	at com.amazonaws.http.AmazonHttpClient.execute(AmazonHttpClient.java:530)
	at com.amazonaws.services.dynamodbv2.AmazonDynamoDBClient.doInvoke(AmazonDynamoDBClient.java:6214)
	at com.amazonaws.services.dynamodbv2.AmazonDynamoDBClient.invoke(AmazonDynamoDBClient.java:6181)
	at com.amazonaws.services.dynamodbv2.AmazonDynamoDBClient.executeDescribeTable(AmazonDynamoDBClient.java:2247)
	at com.amazonaws.services.dynamodbv2.AmazonDynamoDBClient.describeTable(AmazonDynamoDBClient.java:2211)
	at com.amazonaws.services.kinesis.leases.impl.LeaseManager.tableStatus(LeaseManager.java:175)
	... 5 more

May 02, 2024 4:22:49 AM com.amazonaws.services.kinesis.clientlibrary.lib.worker.Worker initialize
SEVERE: Caught exception when initializing LeaseCoordinator
com.amazonaws.services.kinesis.leases.exceptions.DependencyException: com.amazonaws.services.dynamodbv2.model.AmazonDynamoDBException: The security token included in the request is invalid. (Service: AmazonDynamoDBv2; Status Code: 400; Error Code: UnrecognizedClientException; Request ID: C30HR2E00OEG2MM3VEK1C3MORBVV4KQNSO5AEMVJF66Q9ASUAAJG; Proxy: null)
	at com.amazonaws.services.kinesis.leases.impl.LeaseManager.createLeaseTableIfNotExists(LeaseManager.java:155)
	at com.amazonaws.services.kinesis.clientlibrary.lib.worker.KinesisClientLibLeaseCoordinator.initialize(KinesisClientLibLeaseCoordinator.java:329)
	at com.amazonaws.services.kinesis.clientlibrary.lib.worker.Worker.initialize(Worker.java:674)
	at com.amazonaws.services.kinesis.clientlibrary.lib.worker.Worker.run(Worker.java:614)
	at java.lang.Thread.run(Thread.java:750)
Caused by: com.amazonaws.services.dynamodbv2.model.AmazonDynamoDBException: The security token included in the request is invalid. (Service: AmazonDynamoDBv2; Status Code: 400; Error Code: UnrecognizedClientException; Request ID: C30HR2E00OEG2MM3VEK1C3MORBVV4KQNSO5AEMVJF66Q9ASUAAJG; Proxy: null)
	at com.amazonaws.http.AmazonHttpClient$RequestExecutor.handleErrorResponse(AmazonHttpClient.java:1819)
	at com.amazonaws.http.AmazonHttpClient$RequestExecutor.handleServiceErrorResponse(AmazonHttpClient.java:1403)
	at com.amazonaws.http.AmazonHttpClient$RequestExecutor.executeOneRequest(AmazonHttpClient.java:1372)
	at com.amazonaws.http.AmazonHttpClient$RequestExecutor.executeHelper(AmazonHttpClient.java:1145)
	at com.amazonaws.http.AmazonHttpClient$RequestExecutor.doExecute(AmazonHttpClient.java:802)
	at com.amazonaws.http.AmazonHttpClient$RequestExecutor.executeWithTimer(AmazonHttpClient.java:770)
	at com.amazonaws.http.AmazonHttpClient$RequestExecutor.execute(AmazonHttpClient.java:744)
	at com.amazonaws.http.AmazonHttpClient$RequestExecutor.access$500(AmazonHttpClient.java:704)
	at com.amazonaws.http.AmazonHttpClient$RequestExecutionBuilderImpl.execute(AmazonHttpClient.java:686)
	at com.amazonaws.http.AmazonHttpClient.execute(AmazonHttpClient.java:550)
	at com.amazonaws.http.AmazonHttpClient.execute(AmazonHttpClient.java:530)
	at com.amazonaws.services.dynamodbv2.AmazonDynamoDBClient.doInvoke(AmazonDynamoDBClient.java:6214)
	at com.amazonaws.services.dynamodbv2.AmazonDynamoDBClient.invoke(AmazonDynamoDBClient.java:6181)
	at com.amazonaws.services.dynamodbv2.AmazonDynamoDBClient.executeCreateTable(AmazonDynamoDBClient.java:1160)
	at com.amazonaws.services.dynamodbv2.AmazonDynamoDBClient.createTable(AmazonDynamoDBClient.java:1124)
	at com.amazonaws.services.kinesis.leases.impl.LeaseManager.createLeaseTableIfNotExists(LeaseManager.java:148)
	... 4 more

May 02, 2024 4:22:49 AM com.amazonaws.services.kinesis.clientlibrary.lib.worker.Worker run
SEVERE: Unable to initialize after 20 attempts. Shutting down.
java.lang.RuntimeException: com.amazonaws.services.kinesis.leases.exceptions.DependencyException: com.amazonaws.services.dynamodbv2.model.AmazonDynamoDBException: The security token included in the request is invalid. (Service: AmazonDynamoDBv2; Status Code: 400; Error Code: UnrecognizedClientException; Request ID: C30HR2E00OEG2MM3VEK1C3MORBVV4KQNSO5AEMVJF66Q9ASUAAJG; Proxy: null)
	at com.amazonaws.services.kinesis.clientlibrary.lib.worker.Worker.initialize(Worker.java:715)
	at com.amazonaws.services.kinesis.clientlibrary.lib.worker.Worker.run(Worker.java:614)
	at java.lang.Thread.run(Thread.java:750)
Caused by: com.amazonaws.services.kinesis.leases.exceptions.DependencyException: com.amazonaws.services.dynamodbv2.model.AmazonDynamoDBException: The security token included in the request is invalid. (Service: AmazonDynamoDBv2; Status Code: 400; Error Code: UnrecognizedClientException; Request ID: C30HR2E00OEG2MM3VEK1C3MORBVV4KQNSO5AEMVJF66Q9ASUAAJG; Proxy: null)
	at com.amazonaws.services.kinesis.leases.impl.LeaseManager.createLeaseTableIfNotExists(LeaseManager.java:155)
	at com.amazonaws.services.kinesis.clientlibrary.lib.worker.KinesisClientLibLeaseCoordinator.initialize(KinesisClientLibLeaseCoordinator.java:329)
	at com.amazonaws.services.kinesis.clientlibrary.lib.worker.Worker.initialize(Worker.java:674)
	... 2 more
Caused by: com.amazonaws.services.dynamodbv2.model.AmazonDynamoDBException: The security token included in the request is invalid. (Service: AmazonDynamoDBv2; Status Code: 400; Error Code: UnrecognizedClientException; Request ID: C30HR2E00OEG2MM3VEK1C3MORBVV4KQNSO5AEMVJF66Q9ASUAAJG; Proxy: null)
	at com.amazonaws.http.AmazonHttpClient$RequestExecutor.handleErrorResponse(AmazonHttpClient.java:1819)
	at com.amazonaws.http.AmazonHttpClient$RequestExecutor.handleServiceErrorResponse(AmazonHttpClient.java:1403)
	at com.amazonaws.http.AmazonHttpClient$RequestExecutor.executeOneRequest(AmazonHttpClient.java:1372)
	at com.amazonaws.http.AmazonHttpClient$RequestExecutor.executeHelper(AmazonHttpClient.java:1145)
	at com.amazonaws.http.AmazonHttpClient$RequestExecutor.doExecute(AmazonHttpClient.java:802)
	at com.amazonaws.http.AmazonHttpClient$RequestExecutor.executeWithTimer(AmazonHttpClient.java:770)
	at com.amazonaws.http.AmazonHttpClient$RequestExecutor.execute(AmazonHttpClient.java:744)
	at com.amazonaws.http.AmazonHttpClient$RequestExecutor.access$500(AmazonHttpClient.java:704)
	at com.amazonaws.http.AmazonHttpClient$RequestExecutionBuilderImpl.execute(AmazonHttpClient.java:686)
	at com.amazonaws.http.AmazonHttpClient.execute(AmazonHttpClient.java:550)
	at com.amazonaws.http.AmazonHttpClient.execute(AmazonHttpClient.java:530)
	at com.amazonaws.services.dynamodbv2.AmazonDynamoDBClient.doInvoke(AmazonDynamoDBClient.java:6214)
	at com.amazonaws.services.dynamodbv2.AmazonDynamoDBClient.invoke(AmazonDynamoDBClient.java:6181)
	at com.amazonaws.services.dynamodbv2.AmazonDynamoDBClient.executeCreateTable(AmazonDynamoDBClient.java:1160)
	at com.amazonaws.services.dynamodbv2.AmazonDynamoDBClient.createTable(AmazonDynamoDBClient.java:1124)
	at com.amazonaws.services.kinesis.leases.impl.LeaseManager.createLeaseTableIfNotExists(LeaseManager.java:148)
	... 4 more

May 02, 2024 4:22:49 AM com.amazonaws.services.kinesis.clientlibrary.lib.worker.Worker shutdown
INFO: Worker shutdown requested.
May 02, 2024 4:22:49 AM com.amazonaws.services.kinesis.clientlibrary.lib.worker.Worker shouldShutdown
INFO: All record processors have been shutdown successfully.
May 02, 2024 4:22:49 AM com.amazonaws.services.kinesis.clientlibrary.lib.worker.Worker finalShutdown
INFO: Starting worker's final shutdown.
May 02, 2024 4:22:49 AM com.amazonaws.services.kinesis.clientlibrary.lib.worker.Worker run
INFO: Worker loop is complete. Exiting from worker.
May 02, 2024 4:22:49 AM com.amazonaws.services.kinesis.clientlibrary.lib.worker.Worker initialize
SEVERE: Caught exception when initializing LeaseCoordinator
com.amazonaws.services.kinesis.leases.exceptions.DependencyException: com.amazonaws.services.dynamodbv2.model.AmazonDynamoDBException: Request is missing Authentication Token (Service: AmazonDynamoDBv2; Status Code: 400; Error Code: MissingAuthenticationTokenException; Request ID: 0P3ON4SJ20BPUTTD8A18JKHU7RVV4KQNSO5AEMVJF66Q9ASUAAJG; Proxy: null)
	at com.amazonaws.services.kinesis.leases.impl.LeaseManager.createLeaseTableIfNotExists(LeaseManager.java:155)
	at com.amazonaws.services.kinesis.clientlibrary.lib.worker.KinesisClientLibLeaseCoordinator.initialize(KinesisClientLibLeaseCoordinator.java:329)
	at com.amazonaws.services.kinesis.clientlibrary.lib.worker.Worker.initialize(Worker.java:674)
	at com.amazonaws.services.kinesis.clientlibrary.lib.worker.Worker.run(Worker.java:614)
	at java.lang.Thread.run(Thread.java:750)
Caused by: com.amazonaws.services.dynamodbv2.model.AmazonDynamoDBException: Request is missing Authentication Token (Service: AmazonDynamoDBv2; Status Code: 400; Error Code: MissingAuthenticationTokenException; Request ID: 0P3ON4SJ20BPUTTD8A18JKHU7RVV4KQNSO5AEMVJF66Q9ASUAAJG; Proxy: null)
	at com.amazonaws.http.AmazonHttpClient$RequestExecutor.handleErrorResponse(AmazonHttpClient.java:1819)
	at com.amazonaws.http.AmazonHttpClient$RequestExecutor.handleServiceErrorResponse(AmazonHttpClient.java:1403)
	at com.amazonaws.http.AmazonHttpClient$RequestExecutor.executeOneRequest(AmazonHttpClient.java:1372)
	at com.amazonaws.http.AmazonHttpClient$RequestExecutor.executeHelper(AmazonHttpClient.java:1145)
	at com.amazonaws.http.AmazonHttpClient$RequestExecutor.doExecute(AmazonHttpClient.java:802)
	at com.amazonaws.http.AmazonHttpClient$RequestExecutor.executeWithTimer(AmazonHttpClient.java:770)
	at com.amazonaws.http.AmazonHttpClient$RequestExecutor.execute(AmazonHttpClient.java:744)
	at com.amazonaws.http.AmazonHttpClient$RequestExecutor.access$500(AmazonHttpClient.java:704)
	at com.amazonaws.http.AmazonHttpClient$RequestExecutionBuilderImpl.execute(AmazonHttpClient.java:686)
	at com.amazonaws.http.AmazonHttpClient.execute(AmazonHttpClient.java:550)
	at com.amazonaws.http.AmazonHttpClient.execute(AmazonHttpClient.java:530)
	at com.amazonaws.services.dynamodbv2.AmazonDynamoDBClient.doInvoke(AmazonDynamoDBClient.java:6214)
	at com.amazonaws.services.dynamodbv2.AmazonDynamoDBClient.invoke(AmazonDynamoDBClient.java:6181)
	at com.amazonaws.services.dynamodbv2.AmazonDynamoDBClient.executeCreateTable(AmazonDynamoDBClient.java:1160)
	at com.amazonaws.services.dynamodbv2.AmazonDynamoDBClient.createTable(AmazonDynamoDBClient.java:1124)
	at com.amazonaws.services.kinesis.leases.impl.LeaseManager.createLeaseTableIfNotExists(LeaseManager.java:148)
	... 4 more

May 02, 2024 4:22:49 AM com.amazonaws.services.kinesis.clientlibrary.lib.worker.Worker initialize
INFO: Initialization attempt 19
May 02, 2024 4:22:49 AM com.amazonaws.services.kinesis.clientlibrary.lib.worker.Worker initialize
INFO: Initializing LeaseCoordinator
May 02, 2024 4:22:49 AM com.amazonaws.services.kinesis.leases.impl.LeaseManager createLeaseTableIfNotExists
SEVERE: Failed to get table status for test-application
com.amazonaws.services.kinesis.leases.exceptions.DependencyException: com.amazonaws.services.dynamodbv2.model.AmazonDynamoDBException: Request is missing Authentication Token (Service: AmazonDynamoDBv2; Status Code: 400; Error Code: MissingAuthenticationTokenException; Request ID: I4TVBJD6FCJECL2LR81M7UKPDNVV4KQNSO5AEMVJF66Q9ASUAAJG; Proxy: null)
	at com.amazonaws.services.kinesis.leases.impl.LeaseManager.tableStatus(LeaseManager.java:183)
	at com.amazonaws.services.kinesis.leases.impl.LeaseManager.createLeaseTableIfNotExists(LeaseManager.java:126)
	at com.amazonaws.services.kinesis.clientlibrary.lib.worker.KinesisClientLibLeaseCoordinator.initialize(KinesisClientLibLeaseCoordinator.java:329)
	at com.amazonaws.services.kinesis.clientlibrary.lib.worker.Worker.initialize(Worker.java:674)
	at com.amazonaws.services.kinesis.clientlibrary.lib.worker.Worker.run(Worker.java:614)
	at java.lang.Thread.run(Thread.java:750)
Caused by: com.amazonaws.services.dynamodbv2.model.AmazonDynamoDBException: Request is missing Authentication Token (Service: AmazonDynamoDBv2; Status Code: 400; Error Code: MissingAuthenticationTokenException; Request ID: I4TVBJD6FCJECL2LR81M7UKPDNVV4KQNSO5AEMVJF66Q9ASUAAJG; Proxy: null)
	at com.amazonaws.http.AmazonHttpClient$RequestExecutor.handleErrorResponse(AmazonHttpClient.java:1819)
	at com.amazonaws.http.AmazonHttpClient$RequestExecutor.handleServiceErrorResponse(AmazonHttpClient.java:1403)
	at com.amazonaws.http.AmazonHttpClient$RequestExecutor.executeOneRequest(AmazonHttpClient.java:1372)
	at com.amazonaws.http.AmazonHttpClient$RequestExecutor.executeHelper(AmazonHttpClient.java:1145)
	at com.amazonaws.http.AmazonHttpClient$RequestExecutor.doExecute(AmazonHttpClient.java:802)
	at com.amazonaws.http.AmazonHttpClient$RequestExecutor.executeWithTimer(AmazonHttpClient.java:770)
	at com.amazonaws.http.AmazonHttpClient$RequestExecutor.execute(AmazonHttpClient.java:744)
	at com.amazonaws.http.AmazonHttpClient$RequestExecutor.access$500(AmazonHttpClient.java:704)
	at com.amazonaws.http.AmazonHttpClient$RequestExecutionBuilderImpl.execute(AmazonHttpClient.java:686)
	at com.amazonaws.http.AmazonHttpClient.execute(AmazonHttpClient.java:550)
	at com.amazonaws.http.AmazonHttpClient.execute(AmazonHttpClient.java:530)
	at com.amazonaws.services.dynamodbv2.AmazonDynamoDBClient.doInvoke(AmazonDynamoDBClient.java:6214)
	at com.amazonaws.services.dynamodbv2.AmazonDynamoDBClient.invoke(AmazonDynamoDBClient.java:6181)
	at com.amazonaws.services.dynamodbv2.AmazonDynamoDBClient.executeDescribeTable(AmazonDynamoDBClient.java:2247)
	at com.amazonaws.services.dynamodbv2.AmazonDynamoDBClient.describeTable(AmazonDynamoDBClient.java:2211)
	at com.amazonaws.services.kinesis.leases.impl.LeaseManager.tableStatus(LeaseManager.java:175)
	... 5 more

May 02, 2024 4:22:49 AM com.amazonaws.services.kinesis.clientlibrary.lib.worker.Worker initialize
SEVERE: Caught exception when initializing LeaseCoordinator
com.amazonaws.services.kinesis.leases.exceptions.DependencyException: com.amazonaws.services.dynamodbv2.model.AmazonDynamoDBException: Request is missing Authentication Token (Service: AmazonDynamoDBv2; Status Code: 400; Error Code: MissingAuthenticationTokenException; Request ID: TUHLODH2GFKPP6T64V4RE90ANRVV4KQNSO5AEMVJF66Q9ASUAAJG; Proxy: null)
	at com.amazonaws.services.kinesis.leases.impl.LeaseManager.createLeaseTableIfNotExists(LeaseManager.java:155)
	at com.amazonaws.services.kinesis.clientlibrary.lib.worker.KinesisClientLibLeaseCoordinator.initialize(KinesisClientLibLeaseCoordinator.java:329)
	at com.amazonaws.services.kinesis.clientlibrary.lib.worker.Worker.initialize(Worker.java:674)
	at com.amazonaws.services.kinesis.clientlibrary.lib.worker.Worker.run(Worker.java:614)
	at java.lang.Thread.run(Thread.java:750)
Caused by: com.amazonaws.services.dynamodbv2.model.AmazonDynamoDBException: Request is missing Authentication Token (Service: AmazonDynamoDBv2; Status Code: 400; Error Code: MissingAuthenticationTokenException; Request ID: TUHLODH2GFKPP6T64V4RE90ANRVV4KQNSO5AEMVJF66Q9ASUAAJG; Proxy: null)
	at com.amazonaws.http.AmazonHttpClient$RequestExecutor.handleErrorResponse(AmazonHttpClient.java:1819)
	at com.amazonaws.http.AmazonHttpClient$RequestExecutor.handleServiceErrorResponse(AmazonHttpClient.java:1403)
	at com.amazonaws.http.AmazonHttpClient$RequestExecutor.executeOneRequest(AmazonHttpClient.java:1372)
	at com.amazonaws.http.AmazonHttpClient$RequestExecutor.executeHelper(AmazonHttpClient.java:1145)
	at com.amazonaws.http.AmazonHttpClient$RequestExecutor.doExecute(AmazonHttpClient.java:802)
	at com.amazonaws.http.AmazonHttpClient$RequestExecutor.executeWithTimer(AmazonHttpClient.java:770)
	at com.amazonaws.http.AmazonHttpClient$RequestExecutor.execute(AmazonHttpClient.java:744)
	at com.amazonaws.http.AmazonHttpClient$RequestExecutor.access$500(AmazonHttpClient.java:704)
	at com.amazonaws.http.AmazonHttpClient$RequestExecutionBuilderImpl.execute(AmazonHttpClient.java:686)
	at com.amazonaws.http.AmazonHttpClient.execute(AmazonHttpClient.java:550)
	at com.amazonaws.http.AmazonHttpClient.execute(AmazonHttpClient.java:530)
	at com.amazonaws.services.dynamodbv2.AmazonDynamoDBClient.doInvoke(AmazonDynamoDBClient.java:6214)
	at com.amazonaws.services.dynamodbv2.AmazonDynamoDBClient.invoke(AmazonDynamoDBClient.java:6181)
	at com.amazonaws.services.dynamodbv2.AmazonDynamoDBClient.executeCreateTable(AmazonDynamoDBClient.java:1160)
	at com.amazonaws.services.dynamodbv2.AmazonDynamoDBClient.createTable(AmazonDynamoDBClient.java:1124)
	at com.amazonaws.services.kinesis.leases.impl.LeaseManager.createLeaseTableIfNotExists(LeaseManager.java:148)
	... 4 more

May 02, 2024 4:22:49 AM com.amazonaws.services.kinesis.clientlibrary.lib.worker.Worker initialize
INFO: Initialization attempt 20
May 02, 2024 4:22:49 AM com.amazonaws.services.kinesis.clientlibrary.lib.worker.Worker initialize
INFO: Initializing LeaseCoordinator
May 02, 2024 4:22:49 AM com.amazonaws.services.kinesis.leases.impl.LeaseManager createLeaseTableIfNotExists
SEVERE: Failed to get table status for test-application
com.amazonaws.services.kinesis.leases.exceptions.DependencyException: com.amazonaws.services.dynamodbv2.model.AmazonDynamoDBException: Request is missing Authentication Token (Service: AmazonDynamoDBv2; Status Code: 400; Error Code: MissingAuthenticationTokenException; Request ID: AK04FLR0445PV5BQ7D4MKQGK9BVV4KQNSO5AEMVJF66Q9ASUAAJG; Proxy: null)
	at com.amazonaws.services.kinesis.leases.impl.LeaseManager.tableStatus(LeaseManager.java:183)
	at com.amazonaws.services.kinesis.leases.impl.LeaseManager.createLeaseTableIfNotExists(LeaseManager.java:126)
	at com.amazonaws.services.kinesis.clientlibrary.lib.worker.KinesisClientLibLeaseCoordinator.initialize(KinesisClientLibLeaseCoordinator.java:329)
	at com.amazonaws.services.kinesis.clientlibrary.lib.worker.Worker.initialize(Worker.java:674)
	at com.amazonaws.services.kinesis.clientlibrary.lib.worker.Worker.run(Worker.java:614)
	at java.lang.Thread.run(Thread.java:750)
Caused by: com.amazonaws.services.dynamodbv2.model.AmazonDynamoDBException: Request is missing Authentication Token (Service: AmazonDynamoDBv2; Status Code: 400; Error Code: MissingAuthenticationTokenException; Request ID: AK04FLR0445PV5BQ7D4MKQGK9BVV4KQNSO5AEMVJF66Q9ASUAAJG; Proxy: null)
	at com.amazonaws.http.AmazonHttpClient$RequestExecutor.handleErrorResponse(AmazonHttpClient.java:1819)
	at com.amazonaws.http.AmazonHttpClient$RequestExecutor.handleServiceErrorResponse(AmazonHttpClient.java:1403)
	at com.amazonaws.http.AmazonHttpClient$RequestExecutor.executeOneRequest(AmazonHttpClient.java:1372)
	at com.amazonaws.http.AmazonHttpClient$RequestExecutor.executeHelper(AmazonHttpClient.java:1145)
	at com.amazonaws.http.AmazonHttpClient$RequestExecutor.doExecute(AmazonHttpClient.java:802)
	at com.amazonaws.http.AmazonHttpClient$RequestExecutor.executeWithTimer(AmazonHttpClient.java:770)
	at com.amazonaws.http.AmazonHttpClient$RequestExecutor.execute(AmazonHttpClient.java:744)
	at com.amazonaws.http.AmazonHttpClient$RequestExecutor.access$500(AmazonHttpClient.java:704)
	at com.amazonaws.http.AmazonHttpClient$RequestExecutionBuilderImpl.execute(AmazonHttpClient.java:686)
	at com.amazonaws.http.AmazonHttpClient.execute(AmazonHttpClient.java:550)
	at com.amazonaws.http.AmazonHttpClient.execute(AmazonHttpClient.java:530)
	at com.amazonaws.services.dynamodbv2.AmazonDynamoDBClient.doInvoke(AmazonDynamoDBClient.java:6214)
	at com.amazonaws.services.dynamodbv2.AmazonDynamoDBClient.invoke(AmazonDynamoDBClient.java:6181)
	at com.amazonaws.services.dynamodbv2.AmazonDynamoDBClient.executeDescribeTable(AmazonDynamoDBClient.java:2247)
	at com.amazonaws.services.dynamodbv2.AmazonDynamoDBClient.describeTable(AmazonDynamoDBClient.java:2211)
	at com.amazonaws.services.kinesis.leases.impl.LeaseManager.tableStatus(LeaseManager.java:175)
	... 5 more

May 02, 2024 4:22:49 AM com.amazonaws.services.kinesis.clientlibrary.lib.worker.Worker initialize
SEVERE: Caught exception when initializing LeaseCoordinator
com.amazonaws.services.kinesis.leases.exceptions.DependencyException: com.amazonaws.services.dynamodbv2.model.AmazonDynamoDBException: Request is missing Authentication Token (Service: AmazonDynamoDBv2; Status Code: 400; Error Code: MissingAuthenticationTokenException; Request ID: CNJ525NQVGAFUP7U6CQ4V725CNVV4KQNSO5AEMVJF66Q9ASUAAJG; Proxy: null)
	at com.amazonaws.services.kinesis.leases.impl.LeaseManager.createLeaseTableIfNotExists(LeaseManager.java:155)
	at com.amazonaws.services.kinesis.clientlibrary.lib.worker.KinesisClientLibLeaseCoordinator.initialize(KinesisClientLibLeaseCoordinator.java:329)
	at com.amazonaws.services.kinesis.clientlibrary.lib.worker.Worker.initialize(Worker.java:674)
	at com.amazonaws.services.kinesis.clientlibrary.lib.worker.Worker.run(Worker.java:614)
	at java.lang.Thread.run(Thread.java:750)
Caused by: com.amazonaws.services.dynamodbv2.model.AmazonDynamoDBException: Request is missing Authentication Token (Service: AmazonDynamoDBv2; Status Code: 400; Error Code: MissingAuthenticationTokenException; Request ID: CNJ525NQVGAFUP7U6CQ4V725CNVV4KQNSO5AEMVJF66Q9ASUAAJG; Proxy: null)
	at com.amazonaws.http.AmazonHttpClient$RequestExecutor.handleErrorResponse(AmazonHttpClient.java:1819)
	at com.amazonaws.http.AmazonHttpClient$RequestExecutor.handleServiceErrorResponse(AmazonHttpClient.java:1403)
	at com.amazonaws.http.AmazonHttpClient$RequestExecutor.executeOneRequest(AmazonHttpClient.java:1372)
	at com.amazonaws.http.AmazonHttpClient$RequestExecutor.executeHelper(AmazonHttpClient.java:1145)
	at com.amazonaws.http.AmazonHttpClient$RequestExecutor.doExecute(AmazonHttpClient.java:802)
	at com.amazonaws.http.AmazonHttpClient$RequestExecutor.executeWithTimer(AmazonHttpClient.java:770)
	at com.amazonaws.http.AmazonHttpClient$RequestExecutor.execute(AmazonHttpClient.java:744)
	at com.amazonaws.http.AmazonHttpClient$RequestExecutor.access$500(AmazonHttpClient.java:704)
	at com.amazonaws.http.AmazonHttpClient$RequestExecutionBuilderImpl.execute(AmazonHttpClient.java:686)
	at com.amazonaws.http.AmazonHttpClient.execute(AmazonHttpClient.java:550)
	at com.amazonaws.http.AmazonHttpClient.execute(AmazonHttpClient.java:530)
	at com.amazonaws.services.dynamodbv2.AmazonDynamoDBClient.doInvoke(AmazonDynamoDBClient.java:6214)
	at com.amazonaws.services.dynamodbv2.AmazonDynamoDBClient.invoke(AmazonDynamoDBClient.java:6181)
	at com.amazonaws.services.dynamodbv2.AmazonDynamoDBClient.executeCreateTable(AmazonDynamoDBClient.java:1160)
	at com.amazonaws.services.dynamodbv2.AmazonDynamoDBClient.createTable(AmazonDynamoDBClient.java:1124)
	at com.amazonaws.services.kinesis.leases.impl.LeaseManager.createLeaseTableIfNotExists(LeaseManager.java:148)
	... 4 more

May 02, 2024 4:22:49 AM com.amazonaws.services.kinesis.clientlibrary.lib.worker.Worker run
SEVERE: Unable to initialize after 20 attempts. Shutting down.
java.lang.RuntimeException: com.amazonaws.services.kinesis.leases.exceptions.DependencyException: com.amazonaws.services.dynamodbv2.model.AmazonDynamoDBException: Request is missing Authentication Token (Service: AmazonDynamoDBv2; Status Code: 400; Error Code: MissingAuthenticationTokenException; Request ID: CNJ525NQVGAFUP7U6CQ4V725CNVV4KQNSO5AEMVJF66Q9ASUAAJG; Proxy: null)
	at com.amazonaws.services.kinesis.clientlibrary.lib.worker.Worker.initialize(Worker.java:715)
	at com.amazonaws.services.kinesis.clientlibrary.lib.worker.Worker.run(Worker.java:614)
	at java.lang.Thread.run(Thread.java:750)
Caused by: com.amazonaws.services.kinesis.leases.exceptions.DependencyException: com.amazonaws.services.dynamodbv2.model.AmazonDynamoDBException: Request is missing Authentication Token (Service: AmazonDynamoDBv2; Status Code: 400; Error Code: MissingAuthenticationTokenException; Request ID: CNJ525NQVGAFUP7U6CQ4V725CNVV4KQNSO5AEMVJF66Q9ASUAAJG; Proxy: null)
	at com.amazonaws.services.kinesis.leases.impl.LeaseManager.createLeaseTableIfNotExists(LeaseManager.java:155)
	at com.amazonaws.services.kinesis.clientlibrary.lib.worker.KinesisClientLibLeaseCoordinator.initialize(KinesisClientLibLeaseCoordinator.java:329)
	at com.amazonaws.services.kinesis.clientlibrary.lib.worker.Worker.initialize(Worker.java:674)
	... 2 more
Caused by: com.amazonaws.services.dynamodbv2.model.AmazonDynamoDBException: Request is missing Authentication Token (Service: AmazonDynamoDBv2; Status Code: 400; Error Code: MissingAuthenticationTokenException; Request ID: CNJ525NQVGAFUP7U6CQ4V725CNVV4KQNSO5AEMVJF66Q9ASUAAJG; Proxy: null)
	at com.amazonaws.http.AmazonHttpClient$RequestExecutor.handleErrorResponse(AmazonHttpClient.java:1819)
	at com.amazonaws.http.AmazonHttpClient$RequestExecutor.handleServiceErrorResponse(AmazonHttpClient.java:1403)
	at com.amazonaws.http.AmazonHttpClient$RequestExecutor.executeOneRequest(AmazonHttpClient.java:1372)
	at com.amazonaws.http.AmazonHttpClient$RequestExecutor.executeHelper(AmazonHttpClient.java:1145)
	at com.amazonaws.http.AmazonHttpClient$RequestExecutor.doExecute(AmazonHttpClient.java:802)
	at com.amazonaws.http.AmazonHttpClient$RequestExecutor.executeWithTimer(AmazonHttpClient.java:770)
	at com.amazonaws.http.AmazonHttpClient$RequestExecutor.execute(AmazonHttpClient.java:744)
	at com.amazonaws.http.AmazonHttpClient$RequestExecutor.access$500(AmazonHttpClient.java:704)
	at com.amazonaws.http.AmazonHttpClient$RequestExecutionBuilderImpl.execute(AmazonHttpClient.java:686)
	at com.amazonaws.http.AmazonHttpClient.execute(AmazonHttpClient.java:550)
	at com.amazonaws.http.AmazonHttpClient.execute(AmazonHttpClient.java:530)
	at com.amazonaws.services.dynamodbv2.AmazonDynamoDBClient.doInvoke(AmazonDynamoDBClient.java:6214)
	at com.amazonaws.services.dynamodbv2.AmazonDynamoDBClient.invoke(AmazonDynamoDBClient.java:6181)
	at com.amazonaws.services.dynamodbv2.AmazonDynamoDBClient.executeCreateTable(AmazonDynamoDBClient.java:1160)
	at com.amazonaws.services.dynamodbv2.AmazonDynamoDBClient.createTable(AmazonDynamoDBClient.java:1124)
	at com.amazonaws.services.kinesis.leases.impl.LeaseManager.createLeaseTableIfNotExists(LeaseManager.java:148)
	... 4 more

May 02, 2024 4:22:49 AM com.amazonaws.services.kinesis.clientlibrary.lib.worker.Worker shutdown
INFO: Worker shutdown requested.
May 02, 2024 4:22:49 AM com.amazonaws.services.kinesis.clientlibrary.lib.worker.Worker shouldShutdown
INFO: All record processors have been shutdown successfully.
May 02, 2024 4:22:49 AM com.amazonaws.services.kinesis.clientlibrary.lib.worker.Worker finalShutdown
INFO: Starting worker's final shutdown.
May 02, 2024 4:22:49 AM com.amazonaws.services.kinesis.clientlibrary.lib.worker.Worker run
INFO: Worker loop is complete. Exiting from worker.
]]></system-err>
  </testcase>
  <testcase name="testInvalidRecordWriterWithoutRecordReader" classname="org.apache.nifi.processors.aws.kinesis.stream.TestConsumeKinesisStream" time="0.014"/>
  <testcase name="testValidWithCredentials" classname="org.apache.nifi.processors.aws.kinesis.stream.TestConsumeKinesisStream" time="0.004">
    <system-err><![CDATA[[main] INFO org.apache.nifi.processors.aws.kinesis.stream.ConsumeKinesisStream - ConsumeKinesisStream[id=dba0c6ad-13a2-4ca5-a7c9-f2aacde9f229] Creating client using aws credentials provider
]]></system-err>
  </testcase>
  <testcase name="testRunWorkerWithCredentials" classname="org.apache.nifi.processors.aws.kinesis.stream.TestConsumeKinesisStream" time="0.017">
    <system-err><![CDATA[[main] INFO org.apache.nifi.processors.aws.kinesis.stream.TestConsumeKinesisStream$MockConsumeKinesisStream - MockConsumeKinesisStream[id=de5c1f50-52da-4883-bd6f-94b8b8645897] Creating client using aws credentials provider
[pool-15-thread-1] INFO org.apache.nifi.processors.aws.kinesis.stream.TestConsumeKinesisStream$MockConsumeKinesisStream - MockConsumeKinesisStream[id=de5c1f50-52da-4883-bd6f-94b8b8645897] Starting Kinesis Worker Lenovo-Bot:9cc579ef-5bad-42f4-b0b4-36459d4641c0
[pool-15-thread-1] INFO org.apache.nifi.processors.aws.kinesis.stream.TestConsumeKinesisStream$MockConsumeKinesisStream - MockConsumeKinesisStream[id=de5c1f50-52da-4883-bd6f-94b8b8645897] Kinesis Worker prepared for application test-application to process stream test-stream as worker ID Lenovo-Bot:9cc579ef-5bad-42f4-b0b4-36459d4641c0...
May 02, 2024 4:22:50 AM com.amazonaws.services.kinesis.clientlibrary.lib.worker.Worker createClient
WARNING: Received configuration for region as eu-west-2.
May 02, 2024 4:22:50 AM com.amazonaws.services.kinesis.clientlibrary.lib.worker.Worker createClient
WARNING: Received configuration for region as eu-west-2.
May 02, 2024 4:22:50 AM com.amazonaws.services.kinesis.leases.impl.LeaseCoordinator <init>
INFO: With failover time 30000 ms and epsilon 25 ms, LeaseCoordinator will renew leases every 9975 ms, takeleases every 60050 ms, process maximum of 2147483647 leases and steal 1 lease(s) at a time.
May 02, 2024 4:22:50 AM com.amazonaws.services.kinesis.clientlibrary.lib.worker.Worker <init>
INFO: Shard sync strategy determined as SHARD_END.
May 02, 2024 4:22:50 AM com.amazonaws.services.kinesis.clientlibrary.lib.worker.Worker initialize
INFO: Initialization attempt 1
May 02, 2024 4:22:50 AM com.amazonaws.services.kinesis.clientlibrary.lib.worker.Worker initialize
INFO: Initializing LeaseCoordinator
May 02, 2024 4:22:50 AM com.amazonaws.services.kinesis.leases.impl.LeaseCoordinator <init>
INFO: With failover time 30000 ms and epsilon 25 ms, LeaseCoordinator will renew leases every 9975 ms, takeleases every 60050 ms, process maximum of 2147483647 leases and steal 1 lease(s) at a time.
May 02, 2024 4:22:50 AM com.amazonaws.services.kinesis.clientlibrary.lib.worker.Worker <init>
INFO: Shard sync strategy determined as SHARD_END.
[main] INFO org.apache.nifi.processors.aws.kinesis.stream.TestConsumeKinesisStream$MockConsumeKinesisStream - MockConsumeKinesisStream[id=de5c1f50-52da-4883-bd6f-94b8b8645897] Requesting Kinesis Worker shutdown
May 02, 2024 4:22:50 AM com.amazonaws.services.kinesis.clientlibrary.lib.worker.GracefulShutdownCoordinator$GracefulShutdownCallable call
WARNING: Caught exception while requesting initial worker shutdown.
java.lang.NullPointerException
	at com.amazonaws.services.kinesis.leases.impl.LeaseCoordinator.stopLeaseTaker(LeaseCoordinator.java:417)
	at com.amazonaws.services.kinesis.clientlibrary.lib.worker.Worker.lambda$createWorkerShutdownCallable$1(Worker.java:889)
	at com.amazonaws.services.kinesis.clientlibrary.lib.worker.GracefulShutdownCoordinator$GracefulShutdownCallable.call(GracefulShutdownCoordinator.java:155)
	at com.amazonaws.services.kinesis.clientlibrary.lib.worker.GracefulShutdownCoordinator$GracefulShutdownCallable.call(GracefulShutdownCoordinator.java:39)
	at java.util.concurrent.FutureTask.run(FutureTask.java:266)
	at java.lang.Thread.run(Thread.java:750)

[main] WARN org.apache.nifi.processors.aws.kinesis.stream.TestConsumeKinesisStream$MockConsumeKinesisStream - MockConsumeKinesisStream[id=de5c1f50-52da-4883-bd6f-94b8b8645897] Problem while shutting down Kinesis Worker: java.lang.NullPointerException: java.util.concurrent.ExecutionException: java.lang.NullPointerException
[main] WARN org.apache.nifi.processors.aws.kinesis.stream.TestConsumeKinesisStream$MockConsumeKinesisStream - MockConsumeKinesisStream[id=de5c1f50-52da-4883-bd6f-94b8b8645897] One or more problems while shutting down Kinesis Worker, see logs for details
]]></system-err>
  </testcase>
</testsuite>