<?xml version="1.0" encoding="UTF-8"?>
<testsuite xmlns:xsi="http://www.w3.org/2001/XMLSchema-instance" xsi:noNamespaceSchemaLocation="https://maven.apache.org/surefire/maven-surefire-plugin/xsd/surefire-test-report-3.0.xsd" version="3.0" name="org.apache.nifi.processors.standard.CountTextTest" time="0.656" tests="8" errors="0" skipped="0" failures="0">
  <properties>
    <property name="sun.desktop" value="gnome"/>
    <property name="awt.toolkit" value="sun.awt.X11.XToolkit"/>
    <property name="file.encoding.pkg" value="sun.io"/>
    <property name="java.specification.version" value="1.8"/>
    <property name="sun.cpu.isalist" value=""/>
    <property name="sun.jnu.encoding" value="UTF-8"/>
    <property name="java.class.path" value="/home/alex/Repositories/nifi/nifi-nar-bundles/nifi-standard-bundle/nifi-standard-processors/target/test-classes:/home/alex/Repositories/nifi/nifi-nar-bundles/nifi-standard-bundle/nifi-standard-processors/target/classes:/home/alex/.m2/repository/org/apache/ftpserver/ftpserver-core/1.1.1/ftpserver-core-1.1.1.jar:/home/alex/.m2/repository/org/apache/ftpserver/ftplet-api/1.1.1/ftplet-api-1.1.1.jar:/home/alex/.m2/repository/org/slf4j/slf4j-api/1.7.32/slf4j-api-1.7.32.jar:/home/alex/.m2/repository/org/apache/mina/mina-core/2.0.16/mina-core-2.0.16.jar:/home/alex/Repositories/nifi/nifi-api/target/classes:/home/alex/Repositories/nifi/nifi-commons/nifi-expression-language/target/classes:/home/alex/.m2/repository/org/antlr/antlr-runtime/3.5.2/antlr-runtime-3.5.2.jar:/home/alex/Repositories/nifi/nifi-commons/nifi-parameter/target/classes:/home/alex/Repositories/nifi/nifi-commons/nifi-uuid5/target/classes:/home/alex/.m2/repository/org/apache/commons/commons-text/1.8/commons-text-1.8.jar:/home/alex/Repositories/nifi/nifi-nar-bundles/nifi-extension-utils/nifi-processor-utils/target/classes:/home/alex/Repositories/nifi/nifi-commons/nifi-security-socket-ssl/target/classes:/home/alex/Repositories/nifi/nifi-nar-bundles/nifi-extension-utils/nifi-event-transport/target/classes:/home/alex/.m2/repository/io/netty/netty-handler/4.1.69.Final/netty-handler-4.1.69.Final.jar:/home/alex/.m2/repository/io/netty/netty-common/4.1.69.Final/netty-common-4.1.69.Final.jar:/home/alex/.m2/repository/io/netty/netty-resolver/4.1.69.Final/netty-resolver-4.1.69.Final.jar:/home/alex/.m2/repository/io/netty/netty-transport/4.1.69.Final/netty-transport-4.1.69.Final.jar:/home/alex/.m2/repository/io/netty/netty-codec/4.1.69.Final/netty-codec-4.1.69.Final.jar:/home/alex/Repositories/nifi/nifi-nar-bundles/nifi-extension-utils/nifi-syslog-utils/target/classes:/home/alex/.m2/repository/com/github/palindromicity/simple-syslog-5424/0.0.16/simple-syslog-5424-0.0.16.jar:/home/alex/.m2/repository/org/antlr/antlr4-runtime/4.7.2/antlr4-runtime-4.7.2.jar:/home/alex/Repositories/nifi/nifi-commons/nifi-utils/target/classes:/home/alex/Repositories/nifi/nifi-commons/nifi-record-path/target/classes:/home/alex/Repositories/nifi/nifi-commons/nifi-properties/target/classes:/home/alex/Repositories/nifi/nifi-commons/nifi-property-utils/target/classes:/home/alex/.m2/repository/com/github/ben-manes/caffeine/caffeine/2.8.1/caffeine-2.8.1.jar:/home/alex/Repositories/nifi/nifi-nar-bundles/nifi-standard-services/nifi-ssl-context-service-api/target/classes:/home/alex/Repositories/nifi/nifi-commons/nifi-security-utils-api/target/classes:/home/alex/Repositories/nifi/nifi-nar-bundles/nifi-standard-services/nifi-lookup-service-api/target/classes:/home/alex/Repositories/nifi/nifi-commons/nifi-flowfile-packager/target/classes:/home/alex/Repositories/nifi/nifi-nar-bundles/nifi-standard-services/nifi-distributed-cache-client-service-api/target/classes:/home/alex/Repositories/nifi/nifi-nar-bundles/nifi-standard-services/nifi-http-context-map-api/target/classes:/home/alex/Repositories/nifi/nifi-nar-bundles/nifi-standard-services/nifi-record-serialization-service-api/target/classes:/home/alex/Repositories/nifi/nifi-nar-bundles/nifi-standard-services/nifi-proxy-configuration-api/target/classes:/home/alex/Repositories/nifi/nifi-commons/nifi-record/target/classes:/home/alex/Repositories/nifi/nifi-nar-bundles/nifi-standard-services/nifi-record-sink-api/target/classes:/home/alex/.m2/repository/commons-io/commons-io/2.10.0/commons-io-2.10.0.jar:/home/alex/.m2/repository/javax/ws/rs/javax.ws.rs-api/2.1/javax.ws.rs-api-2.1.jar:/home/alex/.m2/repository/commons-net/commons-net/3.6/commons-net-3.6.jar:/home/alex/.m2/repository/org/apache/commons/commons-compress/1.21/commons-compress-1.21.jar:/home/alex/.m2/repository/org/apache/commons/commons-lang3/3.9/commons-lang3-3.9.jar:/home/alex/.m2/repository/org/bouncycastle/bcprov-jdk15on/1.69/bcprov-jdk15on-1.69.jar:/home/alex/.m2/repository/org/bouncycastle/bcpg-jdk15on/1.69/bcpg-jdk15on-1.69.jar:/home/alex/.m2/repository/org/bouncycastle/bcpkix-jdk15on/1.69/bcpkix-jdk15on-1.69.jar:/home/alex/.m2/repository/org/bouncycastle/bcutil-jdk15on/1.69/bcutil-jdk15on-1.69.jar:/home/alex/.m2/repository/commons-codec/commons-codec/1.14/commons-codec-1.14.jar:/home/alex/Repositories/nifi/nifi-commons/nifi-security-utils/target/classes:/home/alex/Repositories/nifi/nifi-commons/nifi-security-kms/target/classes:/home/alex/.m2/repository/org/apache/commons/commons-configuration2/2.7/commons-configuration2-2.7.jar:/home/alex/.m2/repository/com/hierynomus/sshj/0.32.0/sshj-0.32.0.jar:/home/alex/.m2/repository/com/jcraft/jzlib/1.1.3/jzlib-1.1.3.jar:/home/alex/.m2/repository/com/hierynomus/asn-one/0.6.0/asn-one-0.6.0.jar:/home/alex/.m2/repository/net/i2p/crypto/eddsa/0.3.0/eddsa-0.3.0.jar:/home/alex/.m2/repository/org/eclipse/jetty/jetty-server/9.4.44.v20210927/jetty-server-9.4.44.v20210927.jar:/home/alex/.m2/repository/javax/servlet/javax.servlet-api/3.1.0/javax.servlet-api-3.1.0.jar:/home/alex/.m2/repository/org/eclipse/jetty/jetty-http/9.4.44.v20210927/jetty-http-9.4.44.v20210927.jar:/home/alex/.m2/repository/org/eclipse/jetty/jetty-util/9.4.44.v20210927/jetty-util-9.4.44.v20210927.jar:/home/alex/.m2/repository/org/eclipse/jetty/jetty-io/9.4.44.v20210927/jetty-io-9.4.44.v20210927.jar:/home/alex/.m2/repository/org/eclipse/jetty/jetty-servlet/9.4.44.v20210927/jetty-servlet-9.4.44.v20210927.jar:/home/alex/.m2/repository/org/eclipse/jetty/jetty-security/9.4.44.v20210927/jetty-security-9.4.44.v20210927.jar:/home/alex/.m2/repository/org/eclipse/jetty/jetty-util-ajax/9.4.44.v20210927/jetty-util-ajax-9.4.44.v20210927.jar:/home/alex/.m2/repository/org/apache/httpcomponents/httpclient/4.5.5/httpclient-4.5.5.jar:/home/alex/.m2/repository/commons-logging/commons-logging/1.2/commons-logging-1.2.jar:/home/alex/.m2/repository/org/apache/httpcomponents/httpcore/4.4.9/httpcore-4.4.9.jar:/home/alex/.m2/repository/jakarta/activation/jakarta.activation-api/2.0.1/jakarta.activation-api-2.0.1.jar:/home/alex/.m2/repository/com/sun/activation/jakarta.activation/2.0.1/jakarta.activation-2.0.1.jar:/home/alex/.m2/repository/jakarta/mail/jakarta.mail-api/2.0.1/jakarta.mail-api-2.0.1.jar:/home/alex/.m2/repository/com/sun/mail/jakarta.mail/2.0.1/jakarta.mail-2.0.1.jar:/home/alex/.m2/repository/com/github/jponge/lzma-java/1.3/lzma-java-1.3.jar:/home/alex/.m2/repository/org/tukaani/xz/1.8/xz-1.8.jar:/home/alex/.m2/repository/net/sf/saxon/Saxon-HE/10.6/Saxon-HE-10.6.jar:/home/alex/Repositories/nifi/nifi-commons/nifi-socket-utils/target/classes:/home/alex/Repositories/nifi/nifi-commons/nifi-logging-utils/target/classes:/home/alex/Repositories/nifi/nifi-nar-bundles/nifi-standard-services/nifi-load-distribution-service-api/target/classes:/home/alex/.m2/repository/javax/jms/javax.jms-api/2.0.1/javax.jms-api-2.0.1.jar:/home/alex/.m2/repository/org/apache/activemq/activemq-client/5.15.15/activemq-client-5.15.15.jar:/home/alex/.m2/repository/org/apache/geronimo/specs/geronimo-jms_1.1_spec/1.1.1/geronimo-jms_1.1_spec-1.1.1.jar:/home/alex/.m2/repository/org/fusesource/hawtbuf/hawtbuf/1.11/hawtbuf-1.11.jar:/home/alex/.m2/repository/org/apache/geronimo/specs/geronimo-j2ee-management_1.1_spec/1.0.1/geronimo-j2ee-management_1.1_spec-1.0.1.jar:/home/alex/.m2/repository/com/jayway/jsonpath/json-path/2.6.0/json-path-2.6.0.jar:/home/alex/.m2/repository/net/minidev/json-smart/2.4.7/json-smart-2.4.7.jar:/home/alex/.m2/repository/net/minidev/accessors-smart/2.4.7/accessors-smart-2.4.7.jar:/home/alex/.m2/repository/org/ow2/asm/asm/9.1/asm-9.1.jar:/home/alex/.m2/repository/org/apache/tika/tika-core/1.26/tika-core-1.26.jar:/home/alex/.m2/repository/com/fasterxml/jackson/core/jackson-databind/2.12.3/jackson-databind-2.12.3.jar:/home/alex/.m2/repository/com/fasterxml/jackson/core/jackson-annotations/2.12.3/jackson-annotations-2.12.3.jar:/home/alex/.m2/repository/com/fasterxml/jackson/core/jackson-core/2.12.3/jackson-core-2.12.3.jar:/home/alex/Repositories/nifi/nifi-nar-bundles/nifi-extension-utils/nifi-record-utils/nifi-avro-record-utils/target/classes:/home/alex/Repositories/nifi/nifi-nar-bundles/nifi-extension-utils/nifi-record-utils/nifi-standard-record-utils/target/classes:/home/alex/.m2/repository/org/apache/avro/avro/1.8.1/avro-1.8.1.jar:/home/alex/.m2/repository/org/codehaus/jackson/jackson-core-asl/1.9.13/jackson-core-asl-1.9.13.jar:/home/alex/.m2/repository/org/codehaus/jackson/jackson-mapper-asl/1.9.13/jackson-mapper-asl-1.9.13.jar:/home/alex/.m2/repository/com/thoughtworks/paranamer/paranamer/2.7/paranamer-2.7.jar:/home/alex/Repositories/nifi/nifi-nar-bundles/nifi-standard-services/nifi-dbcp-service-api/target/classes:/home/alex/.m2/repository/com/squareup/okhttp3/okhttp/4.9.2/okhttp-4.9.2.jar:/home/alex/.m2/repository/com/squareup/okio/okio/2.8.0/okio-2.8.0.jar:/home/alex/.m2/repository/org/jetbrains/kotlin/kotlin-stdlib-common/1.4.0/kotlin-stdlib-common-1.4.0.jar:/home/alex/.m2/repository/org/jetbrains/kotlin/kotlin-stdlib/1.4.10/kotlin-stdlib-1.4.10.jar:/home/alex/.m2/repository/org/jetbrains/annotations/13.0/annotations-13.0.jar:/home/alex/.m2/repository/io/github/rburgst/okhttp-digest/2.5/okhttp-digest-2.5.jar:/home/alex/.m2/repository/at/favre/lib/bcrypt/0.9.0/bcrypt-0.9.0.jar:/home/alex/.m2/repository/at/favre/lib/bytes/1.3.0/bytes-1.3.0.jar:/home/alex/.m2/repository/com/google/guava/guava/28.0-jre/guava-28.0-jre.jar:/home/alex/.m2/repository/com/google/guava/failureaccess/1.0.1/failureaccess-1.0.1.jar:/home/alex/.m2/repository/com/google/guava/listenablefuture/9999.0-empty-to-avoid-conflict-with-guava/listenablefuture-9999.0-empty-to-avoid-conflict-with-guava.jar:/home/alex/.m2/repository/com/google/code/findbugs/jsr305/3.0.2/jsr305-3.0.2.jar:/home/alex/.m2/repository/org/checkerframework/checker-qual/2.8.1/checker-qual-2.8.1.jar:/home/alex/.m2/repository/com/google/errorprone/error_prone_annotations/2.3.2/error_prone_annotations-2.3.2.jar:/home/alex/.m2/repository/com/google/j2objc/j2objc-annotations/1.3/j2objc-annotations-1.3.jar:/home/alex/.m2/repository/org/codehaus/mojo/animal-sniffer-annotations/1.17/animal-sniffer-annotations-1.17.jar:/home/alex/Repositories/nifi/nifi-mock/target/classes:/home/alex/Repositories/nifi/nifi-framework-api/target/classes:/home/alex/Repositories/nifi/nifi-nar-bundles/nifi-framework-bundle/nifi-framework/nifi-framework-core-api/target/classes:/home/alex/Repositories/nifi/nifi-nar-bundles/nifi-framework-bundle/nifi-framework/nifi-framework-nar-utils/target/classes:/home/alex/Repositories/nifi/nifi-nar-bundles/nifi-framework-bundle/nifi-framework/nifi-client-dto/target/classes:/home/alex/.m2/repository/io/swagger/swagger-annotations/1.6.0/swagger-annotations-1.6.0.jar:/home/alex/Repositories/nifi/nifi-commons/nifi-site-to-site-client/target/classes:/home/alex/.m2/repository/org/apache/httpcomponents/httpasyncclient/4.1.4/httpasyncclient-4.1.4.jar:/home/alex/.m2/repository/org/apache/httpcomponents/httpcore-nio/4.4.10/httpcore-nio-4.4.10.jar:/home/alex/Repositories/nifi/nifi-nar-bundles/nifi-framework-bundle/nifi-framework/nifi-framework-authorization/target/classes:/home/alex/Repositories/nifi/nifi-registry/nifi-registry-core/nifi-registry-data-model/target/classes:/home/alex/Repositories/nifi/nifi-registry/nifi-registry-core/nifi-registry-revision/nifi-registry-revision-entity-model/target/classes:/home/alex/Repositories/nifi/nifi-registry/nifi-registry-core/nifi-registry-client/target/classes:/home/alex/Repositories/nifi/nifi-registry/nifi-registry-core/nifi-registry-security-utils/target/classes:/home/alex/.m2/repository/org/glassfish/jersey/core/jersey-client/2.33/jersey-client-2.33.jar:/home/alex/.m2/repository/jakarta/ws/rs/jakarta.ws.rs-api/2.1.6/jakarta.ws.rs-api-2.1.6.jar:/home/alex/.m2/repository/org/glassfish/hk2/external/jakarta.inject/2.6.1/jakarta.inject-2.6.1.jar:/home/alex/.m2/repository/org/glassfish/jersey/media/jersey-media-json-jackson/2.33/jersey-media-json-jackson-2.33.jar:/home/alex/.m2/repository/org/glassfish/jersey/ext/jersey-entity-filtering/2.33/jersey-entity-filtering-2.33.jar:/home/alex/.m2/repository/org/glassfish/jersey/inject/jersey-hk2/2.33/jersey-hk2-2.33.jar:/home/alex/.m2/repository/org/glassfish/hk2/hk2-locator/2.6.1/hk2-locator-2.6.1.jar:/home/alex/.m2/repository/org/glassfish/hk2/external/aopalliance-repackaged/2.6.1/aopalliance-repackaged-2.6.1.jar:/home/alex/.m2/repository/org/glassfish/hk2/hk2-api/2.6.1/hk2-api-2.6.1.jar:/home/alex/.m2/repository/org/glassfish/hk2/hk2-utils/2.6.1/hk2-utils-2.6.1.jar:/home/alex/.m2/repository/org/javassist/javassist/3.25.0-GA/javassist-3.25.0-GA.jar:/home/alex/.m2/repository/org/glassfish/jersey/core/jersey-common/2.33/jersey-common-2.33.jar:/home/alex/.m2/repository/jakarta/annotation/jakarta.annotation-api/1.3.5/jakarta.annotation-api-1.3.5.jar:/home/alex/.m2/repository/org/glassfish/hk2/osgi-resource-locator/1.0.3/osgi-resource-locator-1.0.3.jar:/home/alex/.m2/repository/org/glassfish/jersey/media/jersey-media-multipart/2.33/jersey-media-multipart-2.33.jar:/home/alex/.m2/repository/org/jvnet/mimepull/mimepull/1.9.13/mimepull-1.9.13.jar:/home/alex/Repositories/nifi/nifi-commons/nifi-data-provenance-utils/target/classes:/home/alex/Repositories/nifi/nifi-nar-bundles/nifi-standard-services/nifi-distributed-cache-services-bundle/nifi-distributed-cache-client-service/target/classes:/home/alex/Repositories/nifi/nifi-nar-bundles/nifi-standard-services/nifi-distributed-cache-services-bundle/nifi-distributed-cache-protocol/target/classes:/home/alex/.m2/repository/io/netty/netty-buffer/4.1.69.Final/netty-buffer-4.1.69.Final.jar:/home/alex/.m2/repository/com/google/http-client/google-http-client/1.28.0/google-http-client-1.28.0.jar:/home/alex/.m2/repository/io/opencensus/opencensus-api/0.18.0/opencensus-api-0.18.0.jar:/home/alex/.m2/repository/io/grpc/grpc-context/1.14.0/grpc-context-1.14.0.jar:/home/alex/.m2/repository/io/opencensus/opencensus-contrib-http-util/0.18.0/opencensus-contrib-http-util-0.18.0.jar:/home/alex/.m2/repository/org/apache/activemq/activemq-broker/5.15.14/activemq-broker-5.15.14.jar:/home/alex/.m2/repository/org/apache/activemq/activemq-openwire-legacy/5.15.14/activemq-openwire-legacy-5.15.14.jar:/home/alex/Repositories/nifi/nifi-nar-bundles/nifi-standard-services/nifi-ssl-context-bundle/nifi-ssl-context-service/target/classes:/home/alex/Repositories/nifi/nifi-nar-bundles/nifi-framework-bundle/nifi-framework/nifi-standard-prioritizers/target/classes:/home/alex/Repositories/nifi/nifi-nar-bundles/nifi-extension-utils/nifi-record-utils/nifi-mock-record-utils/target/classes:/home/alex/Repositories/nifi/nifi-nar-bundles/nifi-standard-services/nifi-record-serialization-services-bundle/nifi-record-serialization-services/target/classes:/home/alex/.m2/repository/org/apache/commons/commons-csv/1.8/commons-csv-1.8.jar:/home/alex/.m2/repository/com/fasterxml/jackson/dataformat/jackson-dataformat-csv/2.12.3/jackson-dataformat-csv-2.12.3.jar:/home/alex/.m2/repository/net/java/dev/stax-utils/stax-utils/20070216/stax-utils-20070216.jar:/home/alex/Repositories/nifi/nifi-nar-bundles/nifi-standard-services/nifi-lookup-services-bundle/nifi-lookup-services/target/classes:/home/alex/.m2/repository/commons-beanutils/commons-beanutils/1.9.4/commons-beanutils-1.9.4.jar:/home/alex/.m2/repository/commons-collections/commons-collections/3.2.2/commons-collections-3.2.2.jar:/home/alex/.m2/repository/com/maxmind/geoip2/geoip2/2.12.0/geoip2-2.12.0.jar:/home/alex/.m2/repository/com/maxmind/db/maxmind-db/1.2.2/maxmind-db-1.2.2.jar:/home/alex/.m2/repository/org/apache/derby/derby/10.14.2.0/derby-10.14.2.0.jar:/home/alex/.m2/repository/org/xerial/snappy/snappy-java/1.1.7.3/snappy-java-1.1.7.3.jar:/home/alex/.m2/repository/net/lingala/zip4j/zip4j/2.8.0/zip4j-2.8.0.jar:/home/alex/.m2/repository/com/h2database/h2/1.4.187/h2-1.4.187.jar:/home/alex/.m2/repository/org/mockftpserver/MockFtpServer/2.7.1/MockFtpServer-2.7.1.jar:/home/alex/.m2/repository/org/apache/sshd/sshd-core/1.7.0/sshd-core-1.7.0.jar:/home/alex/.m2/repository/com/bazaarvoice/jolt/jolt-core/0.1.1/jolt-core-0.1.1.jar:/home/alex/.m2/repository/javax/inject/javax.inject/1/javax.inject-1.jar:/home/alex/.m2/repository/com/bazaarvoice/jolt/json-utils/0.1.1/json-utils-0.1.1.jar:/home/alex/Repositories/nifi/nifi-nar-bundles/nifi-standard-bundle/nifi-standard-utils/target/classes:/home/alex/.m2/repository/net/sf/supercsv/super-csv/2.4.0/super-csv-2.4.0.jar:/home/alex/.m2/repository/com/fluenda/parcefone/2.1.0/parcefone-2.1.0.jar:/home/alex/.m2/repository/javax/validation/validation-api/1.1.0.Final/validation-api-1.1.0.Final.jar:/home/alex/.m2/repository/javax/el/javax.el-api/3.0.0/javax.el-api-3.0.0.jar:/home/alex/.m2/repository/com/github/wnameless/json/json-flattener/0.12.0/json-flattener-0.12.0.jar:/home/alex/.m2/repository/com/github/wnameless/json/json-base/2.0.0/json-base-2.0.0.jar:/home/alex/.m2/repository/org/apache/bval/bval-jsr/1.1.2/bval-jsr-1.1.2.jar:/home/alex/.m2/repository/org/apache/bval/bval-core/1.1.2/bval-core-1.1.2.jar:/home/alex/.m2/repository/io/krakens/java-grok/0.1.9/java-grok-0.1.9.jar:/home/alex/.m2/repository/org/apache/calcite/calcite-core/1.27.0/calcite-core-1.27.0.jar:/home/alex/.m2/repository/org/apache/calcite/calcite-linq4j/1.27.0/calcite-linq4j-1.27.0.jar:/home/alex/.m2/repository/com/esri/geometry/esri-geometry-api/2.2.0/esri-geometry-api-2.2.0.jar:/home/alex/.m2/repository/org/apache/calcite/avatica/avatica-core/1.18.0/avatica-core-1.18.0.jar:/home/alex/.m2/repository/org/apache/calcite/avatica/avatica-metrics/1.18.0/avatica-metrics-1.18.0.jar:/home/alex/.m2/repository/com/google/protobuf/protobuf-java/3.6.1/protobuf-java-3.6.1.jar:/home/alex/.m2/repository/org/apiguardian/apiguardian-api/1.1.0/apiguardian-api-1.1.0.jar:/home/alex/.m2/repository/com/fasterxml/jackson/dataformat/jackson-dataformat-yaml/2.10.0/jackson-dataformat-yaml-2.10.0.jar:/home/alex/.m2/repository/org/yaml/snakeyaml/1.29/snakeyaml-1.29.jar:/home/alex/.m2/repository/com/google/uzaygezen/uzaygezen-core/0.2/uzaygezen-core-0.2.jar:/home/alex/.m2/repository/com/yahoo/datasketches/sketches-core/0.9.0/sketches-core-0.9.0.jar:/home/alex/.m2/repository/com/yahoo/datasketches/memory/0.9.0/memory-0.9.0.jar:/home/alex/.m2/repository/net/hydromatic/aggdesigner-algorithm/6.0/aggdesigner-algorithm-6.0.jar:/home/alex/.m2/repository/commons-lang/commons-lang/2.4/commons-lang-2.4.jar:/home/alex/.m2/repository/org/apache/commons/commons-dbcp2/2.6.0/commons-dbcp2-2.6.0.jar:/home/alex/.m2/repository/org/apache/commons/commons-pool2/2.6.1/commons-pool2-2.6.1.jar:/home/alex/.m2/repository/org/codehaus/janino/commons-compiler/3.0.11/commons-compiler-3.0.11.jar:/home/alex/.m2/repository/org/codehaus/janino/janino/3.0.11/janino-3.0.11.jar:/home/alex/Repositories/nifi/nifi-nar-bundles/nifi-standard-services/nifi-schema-registry-service-api/target/classes:/home/alex/Repositories/nifi/nifi-nar-bundles/nifi-extension-utils/nifi-database-utils/target/classes:/home/alex/Repositories/nifi/nifi-nar-bundles/nifi-standard-bundle/nifi-standard-web-test-utils/target/classes:/home/alex/.m2/repository/com/github/stefanbirkner/fake-sftp-server-rule/2.0.1/fake-sftp-server-rule-2.0.1.jar:/home/alex/.m2/repository/com/github/marschall/memoryfilesystem/2.8.0/memoryfilesystem-2.8.0.jar:/home/alex/.m2/repository/junit/junit/4.13.2/junit-4.13.2.jar:/home/alex/.m2/repository/org/hamcrest/hamcrest-core/1.3/hamcrest-core-1.3.jar:/home/alex/Repositories/nifi/nifi-nar-bundles/nifi-extension-utils/nifi-database-test-utils/target/classes:/home/alex/.m2/repository/org/codehaus/groovy/groovy-json/2.5.14/groovy-json-2.5.14.jar:/home/alex/.m2/repository/org/codehaus/groovy/groovy/2.5.14/groovy-2.5.14.jar:/home/alex/.m2/repository/org/codehaus/groovy/groovy-servlet/2.5.14/groovy-servlet-2.5.14.jar:/home/alex/.m2/repository/org/codehaus/groovy/groovy-templates/2.5.14/groovy-templates-2.5.14.jar:/home/alex/.m2/repository/org/codehaus/groovy/groovy-xml/2.5.14/groovy-xml-2.5.14.jar:/home/alex/.m2/repository/org/hamcrest/hamcrest-all/1.3/hamcrest-all-1.3.jar:/home/alex/.m2/repository/com/squareup/okhttp3/mockwebserver/4.9.2/mockwebserver-4.9.2.jar:/home/alex/.m2/repository/org/jetbrains/kotlin/kotlin-stdlib-jdk8/1.4.10/kotlin-stdlib-jdk8-1.4.10.jar:/home/alex/.m2/repository/org/jetbrains/kotlin/kotlin-stdlib-jdk7/1.4.10/kotlin-stdlib-jdk7-1.4.10.jar:/home/alex/.m2/repository/org/mockito/mockito-inline/3.12.4/mockito-inline-3.12.4.jar:/home/alex/.m2/repository/org/junit/jupiter/junit-jupiter-api/5.7.2/junit-jupiter-api-5.7.2.jar:/home/alex/.m2/repository/org/opentest4j/opentest4j/1.2.0/opentest4j-1.2.0.jar:/home/alex/.m2/repository/org/junit/platform/junit-platform-commons/1.7.2/junit-platform-commons-1.7.2.jar:/home/alex/.m2/repository/org/junit/jupiter/junit-jupiter-engine/5.7.2/junit-jupiter-engine-5.7.2.jar:/home/alex/.m2/repository/org/junit/platform/junit-platform-engine/1.7.2/junit-platform-engine-1.7.2.jar:/home/alex/.m2/repository/org/junit/vintage/junit-vintage-engine/5.7.2/junit-vintage-engine-5.7.2.jar:/home/alex/.m2/repository/org/junit/jupiter/junit-jupiter-params/5.7.2/junit-jupiter-params-5.7.2.jar:/home/alex/.m2/repository/org/mockito/mockito-core/3.11.2/mockito-core-3.11.2.jar:/home/alex/.m2/repository/net/bytebuddy/byte-buddy/1.11.3/byte-buddy-1.11.3.jar:/home/alex/.m2/repository/net/bytebuddy/byte-buddy-agent/1.11.3/byte-buddy-agent-1.11.3.jar:/home/alex/.m2/repository/org/objenesis/objenesis/3.2/objenesis-3.2.jar:/home/alex/.m2/repository/org/mockito/mockito-junit-jupiter/3.11.2/mockito-junit-jupiter-3.11.2.jar:/home/alex/.m2/repository/org/slf4j/slf4j-simple/1.7.32/slf4j-simple-1.7.32.jar:/home/alex/.m2/repository/org/codehaus/groovy/groovy-test/2.5.14/groovy-test-2.5.14.jar:"/>
    <property name="org.slf4j.simpleLogger.log.nifi.processors.standard.TestExecuteSQLRecord" value="debug"/>
    <property name="java.vm.vendor" value="Private Build"/>
    <property name="sun.arch.data.model" value="64"/>
    <property name="java.vendor.url" value="http://java.oracle.com/"/>
    <property name="user.timezone" value="Europe/Lisbon"/>
    <property name="java.vm.specification.version" value="1.8"/>
    <property name="os.name" value="Linux"/>
    <property name="user.country" value="US"/>
    <property name="sun.java.launcher" value="SUN_STANDARD"/>
    <property name="sun.boot.library.path" value="/usr/lib/jvm/java-8-openjdk-amd64/jre/lib/amd64"/>
    <property name="sun.java.command" value="/home/alex/Repositories/nifi/nifi-nar-bundles/nifi-standard-bundle/nifi-standard-processors/target/surefire/surefirebooter7866820466567195306.jar /home/alex/Repositories/nifi/nifi-nar-bundles/nifi-standard-bundle/nifi-standard-processors/target/surefire 2024-05-02T04-10-31_566-jvmRun1 surefire4673265509373402450tmp surefire_698223736570144472240tmp"/>
    <property name="org.slf4j.simpleLogger.log.nifi.io.nio" value="debug"/>
    <property name="surefire.test.class.path" value="/home/alex/Repositories/nifi/nifi-nar-bundles/nifi-standard-bundle/nifi-standard-processors/target/test-classes:/home/alex/Repositories/nifi/nifi-nar-bundles/nifi-standard-bundle/nifi-standard-processors/target/classes:/home/alex/.m2/repository/org/apache/ftpserver/ftpserver-core/1.1.1/ftpserver-core-1.1.1.jar:/home/alex/.m2/repository/org/apache/ftpserver/ftplet-api/1.1.1/ftplet-api-1.1.1.jar:/home/alex/.m2/repository/org/slf4j/slf4j-api/1.7.32/slf4j-api-1.7.32.jar:/home/alex/.m2/repository/org/apache/mina/mina-core/2.0.16/mina-core-2.0.16.jar:/home/alex/Repositories/nifi/nifi-api/target/classes:/home/alex/Repositories/nifi/nifi-commons/nifi-expression-language/target/classes:/home/alex/.m2/repository/org/antlr/antlr-runtime/3.5.2/antlr-runtime-3.5.2.jar:/home/alex/Repositories/nifi/nifi-commons/nifi-parameter/target/classes:/home/alex/Repositories/nifi/nifi-commons/nifi-uuid5/target/classes:/home/alex/.m2/repository/org/apache/commons/commons-text/1.8/commons-text-1.8.jar:/home/alex/Repositories/nifi/nifi-nar-bundles/nifi-extension-utils/nifi-processor-utils/target/classes:/home/alex/Repositories/nifi/nifi-commons/nifi-security-socket-ssl/target/classes:/home/alex/Repositories/nifi/nifi-nar-bundles/nifi-extension-utils/nifi-event-transport/target/classes:/home/alex/.m2/repository/io/netty/netty-handler/4.1.69.Final/netty-handler-4.1.69.Final.jar:/home/alex/.m2/repository/io/netty/netty-common/4.1.69.Final/netty-common-4.1.69.Final.jar:/home/alex/.m2/repository/io/netty/netty-resolver/4.1.69.Final/netty-resolver-4.1.69.Final.jar:/home/alex/.m2/repository/io/netty/netty-transport/4.1.69.Final/netty-transport-4.1.69.Final.jar:/home/alex/.m2/repository/io/netty/netty-codec/4.1.69.Final/netty-codec-4.1.69.Final.jar:/home/alex/Repositories/nifi/nifi-nar-bundles/nifi-extension-utils/nifi-syslog-utils/target/classes:/home/alex/.m2/repository/com/github/palindromicity/simple-syslog-5424/0.0.16/simple-syslog-5424-0.0.16.jar:/home/alex/.m2/repository/org/antlr/antlr4-runtime/4.7.2/antlr4-runtime-4.7.2.jar:/home/alex/Repositories/nifi/nifi-commons/nifi-utils/target/classes:/home/alex/Repositories/nifi/nifi-commons/nifi-record-path/target/classes:/home/alex/Repositories/nifi/nifi-commons/nifi-properties/target/classes:/home/alex/Repositories/nifi/nifi-commons/nifi-property-utils/target/classes:/home/alex/.m2/repository/com/github/ben-manes/caffeine/caffeine/2.8.1/caffeine-2.8.1.jar:/home/alex/Repositories/nifi/nifi-nar-bundles/nifi-standard-services/nifi-ssl-context-service-api/target/classes:/home/alex/Repositories/nifi/nifi-commons/nifi-security-utils-api/target/classes:/home/alex/Repositories/nifi/nifi-nar-bundles/nifi-standard-services/nifi-lookup-service-api/target/classes:/home/alex/Repositories/nifi/nifi-commons/nifi-flowfile-packager/target/classes:/home/alex/Repositories/nifi/nifi-nar-bundles/nifi-standard-services/nifi-distributed-cache-client-service-api/target/classes:/home/alex/Repositories/nifi/nifi-nar-bundles/nifi-standard-services/nifi-http-context-map-api/target/classes:/home/alex/Repositories/nifi/nifi-nar-bundles/nifi-standard-services/nifi-record-serialization-service-api/target/classes:/home/alex/Repositories/nifi/nifi-nar-bundles/nifi-standard-services/nifi-proxy-configuration-api/target/classes:/home/alex/Repositories/nifi/nifi-commons/nifi-record/target/classes:/home/alex/Repositories/nifi/nifi-nar-bundles/nifi-standard-services/nifi-record-sink-api/target/classes:/home/alex/.m2/repository/commons-io/commons-io/2.10.0/commons-io-2.10.0.jar:/home/alex/.m2/repository/javax/ws/rs/javax.ws.rs-api/2.1/javax.ws.rs-api-2.1.jar:/home/alex/.m2/repository/commons-net/commons-net/3.6/commons-net-3.6.jar:/home/alex/.m2/repository/org/apache/commons/commons-compress/1.21/commons-compress-1.21.jar:/home/alex/.m2/repository/org/apache/commons/commons-lang3/3.9/commons-lang3-3.9.jar:/home/alex/.m2/repository/org/bouncycastle/bcprov-jdk15on/1.69/bcprov-jdk15on-1.69.jar:/home/alex/.m2/repository/org/bouncycastle/bcpg-jdk15on/1.69/bcpg-jdk15on-1.69.jar:/home/alex/.m2/repository/org/bouncycastle/bcpkix-jdk15on/1.69/bcpkix-jdk15on-1.69.jar:/home/alex/.m2/repository/org/bouncycastle/bcutil-jdk15on/1.69/bcutil-jdk15on-1.69.jar:/home/alex/.m2/repository/commons-codec/commons-codec/1.14/commons-codec-1.14.jar:/home/alex/Repositories/nifi/nifi-commons/nifi-security-utils/target/classes:/home/alex/Repositories/nifi/nifi-commons/nifi-security-kms/target/classes:/home/alex/.m2/repository/org/apache/commons/commons-configuration2/2.7/commons-configuration2-2.7.jar:/home/alex/.m2/repository/com/hierynomus/sshj/0.32.0/sshj-0.32.0.jar:/home/alex/.m2/repository/com/jcraft/jzlib/1.1.3/jzlib-1.1.3.jar:/home/alex/.m2/repository/com/hierynomus/asn-one/0.6.0/asn-one-0.6.0.jar:/home/alex/.m2/repository/net/i2p/crypto/eddsa/0.3.0/eddsa-0.3.0.jar:/home/alex/.m2/repository/org/eclipse/jetty/jetty-server/9.4.44.v20210927/jetty-server-9.4.44.v20210927.jar:/home/alex/.m2/repository/javax/servlet/javax.servlet-api/3.1.0/javax.servlet-api-3.1.0.jar:/home/alex/.m2/repository/org/eclipse/jetty/jetty-http/9.4.44.v20210927/jetty-http-9.4.44.v20210927.jar:/home/alex/.m2/repository/org/eclipse/jetty/jetty-util/9.4.44.v20210927/jetty-util-9.4.44.v20210927.jar:/home/alex/.m2/repository/org/eclipse/jetty/jetty-io/9.4.44.v20210927/jetty-io-9.4.44.v20210927.jar:/home/alex/.m2/repository/org/eclipse/jetty/jetty-servlet/9.4.44.v20210927/jetty-servlet-9.4.44.v20210927.jar:/home/alex/.m2/repository/org/eclipse/jetty/jetty-security/9.4.44.v20210927/jetty-security-9.4.44.v20210927.jar:/home/alex/.m2/repository/org/eclipse/jetty/jetty-util-ajax/9.4.44.v20210927/jetty-util-ajax-9.4.44.v20210927.jar:/home/alex/.m2/repository/org/apache/httpcomponents/httpclient/4.5.5/httpclient-4.5.5.jar:/home/alex/.m2/repository/commons-logging/commons-logging/1.2/commons-logging-1.2.jar:/home/alex/.m2/repository/org/apache/httpcomponents/httpcore/4.4.9/httpcore-4.4.9.jar:/home/alex/.m2/repository/jakarta/activation/jakarta.activation-api/2.0.1/jakarta.activation-api-2.0.1.jar:/home/alex/.m2/repository/com/sun/activation/jakarta.activation/2.0.1/jakarta.activation-2.0.1.jar:/home/alex/.m2/repository/jakarta/mail/jakarta.mail-api/2.0.1/jakarta.mail-api-2.0.1.jar:/home/alex/.m2/repository/com/sun/mail/jakarta.mail/2.0.1/jakarta.mail-2.0.1.jar:/home/alex/.m2/repository/com/github/jponge/lzma-java/1.3/lzma-java-1.3.jar:/home/alex/.m2/repository/org/tukaani/xz/1.8/xz-1.8.jar:/home/alex/.m2/repository/net/sf/saxon/Saxon-HE/10.6/Saxon-HE-10.6.jar:/home/alex/Repositories/nifi/nifi-commons/nifi-socket-utils/target/classes:/home/alex/Repositories/nifi/nifi-commons/nifi-logging-utils/target/classes:/home/alex/Repositories/nifi/nifi-nar-bundles/nifi-standard-services/nifi-load-distribution-service-api/target/classes:/home/alex/.m2/repository/javax/jms/javax.jms-api/2.0.1/javax.jms-api-2.0.1.jar:/home/alex/.m2/repository/org/apache/activemq/activemq-client/5.15.15/activemq-client-5.15.15.jar:/home/alex/.m2/repository/org/apache/geronimo/specs/geronimo-jms_1.1_spec/1.1.1/geronimo-jms_1.1_spec-1.1.1.jar:/home/alex/.m2/repository/org/fusesource/hawtbuf/hawtbuf/1.11/hawtbuf-1.11.jar:/home/alex/.m2/repository/org/apache/geronimo/specs/geronimo-j2ee-management_1.1_spec/1.0.1/geronimo-j2ee-management_1.1_spec-1.0.1.jar:/home/alex/.m2/repository/com/jayway/jsonpath/json-path/2.6.0/json-path-2.6.0.jar:/home/alex/.m2/repository/net/minidev/json-smart/2.4.7/json-smart-2.4.7.jar:/home/alex/.m2/repository/net/minidev/accessors-smart/2.4.7/accessors-smart-2.4.7.jar:/home/alex/.m2/repository/org/ow2/asm/asm/9.1/asm-9.1.jar:/home/alex/.m2/repository/org/apache/tika/tika-core/1.26/tika-core-1.26.jar:/home/alex/.m2/repository/com/fasterxml/jackson/core/jackson-databind/2.12.3/jackson-databind-2.12.3.jar:/home/alex/.m2/repository/com/fasterxml/jackson/core/jackson-annotations/2.12.3/jackson-annotations-2.12.3.jar:/home/alex/.m2/repository/com/fasterxml/jackson/core/jackson-core/2.12.3/jackson-core-2.12.3.jar:/home/alex/Repositories/nifi/nifi-nar-bundles/nifi-extension-utils/nifi-record-utils/nifi-avro-record-utils/target/classes:/home/alex/Repositories/nifi/nifi-nar-bundles/nifi-extension-utils/nifi-record-utils/nifi-standard-record-utils/target/classes:/home/alex/.m2/repository/org/apache/avro/avro/1.8.1/avro-1.8.1.jar:/home/alex/.m2/repository/org/codehaus/jackson/jackson-core-asl/1.9.13/jackson-core-asl-1.9.13.jar:/home/alex/.m2/repository/org/codehaus/jackson/jackson-mapper-asl/1.9.13/jackson-mapper-asl-1.9.13.jar:/home/alex/.m2/repository/com/thoughtworks/paranamer/paranamer/2.7/paranamer-2.7.jar:/home/alex/Repositories/nifi/nifi-nar-bundles/nifi-standard-services/nifi-dbcp-service-api/target/classes:/home/alex/.m2/repository/com/squareup/okhttp3/okhttp/4.9.2/okhttp-4.9.2.jar:/home/alex/.m2/repository/com/squareup/okio/okio/2.8.0/okio-2.8.0.jar:/home/alex/.m2/repository/org/jetbrains/kotlin/kotlin-stdlib-common/1.4.0/kotlin-stdlib-common-1.4.0.jar:/home/alex/.m2/repository/org/jetbrains/kotlin/kotlin-stdlib/1.4.10/kotlin-stdlib-1.4.10.jar:/home/alex/.m2/repository/org/jetbrains/annotations/13.0/annotations-13.0.jar:/home/alex/.m2/repository/io/github/rburgst/okhttp-digest/2.5/okhttp-digest-2.5.jar:/home/alex/.m2/repository/at/favre/lib/bcrypt/0.9.0/bcrypt-0.9.0.jar:/home/alex/.m2/repository/at/favre/lib/bytes/1.3.0/bytes-1.3.0.jar:/home/alex/.m2/repository/com/google/guava/guava/28.0-jre/guava-28.0-jre.jar:/home/alex/.m2/repository/com/google/guava/failureaccess/1.0.1/failureaccess-1.0.1.jar:/home/alex/.m2/repository/com/google/guava/listenablefuture/9999.0-empty-to-avoid-conflict-with-guava/listenablefuture-9999.0-empty-to-avoid-conflict-with-guava.jar:/home/alex/.m2/repository/com/google/code/findbugs/jsr305/3.0.2/jsr305-3.0.2.jar:/home/alex/.m2/repository/org/checkerframework/checker-qual/2.8.1/checker-qual-2.8.1.jar:/home/alex/.m2/repository/com/google/errorprone/error_prone_annotations/2.3.2/error_prone_annotations-2.3.2.jar:/home/alex/.m2/repository/com/google/j2objc/j2objc-annotations/1.3/j2objc-annotations-1.3.jar:/home/alex/.m2/repository/org/codehaus/mojo/animal-sniffer-annotations/1.17/animal-sniffer-annotations-1.17.jar:/home/alex/Repositories/nifi/nifi-mock/target/classes:/home/alex/Repositories/nifi/nifi-framework-api/target/classes:/home/alex/Repositories/nifi/nifi-nar-bundles/nifi-framework-bundle/nifi-framework/nifi-framework-core-api/target/classes:/home/alex/Repositories/nifi/nifi-nar-bundles/nifi-framework-bundle/nifi-framework/nifi-framework-nar-utils/target/classes:/home/alex/Repositories/nifi/nifi-nar-bundles/nifi-framework-bundle/nifi-framework/nifi-client-dto/target/classes:/home/alex/.m2/repository/io/swagger/swagger-annotations/1.6.0/swagger-annotations-1.6.0.jar:/home/alex/Repositories/nifi/nifi-commons/nifi-site-to-site-client/target/classes:/home/alex/.m2/repository/org/apache/httpcomponents/httpasyncclient/4.1.4/httpasyncclient-4.1.4.jar:/home/alex/.m2/repository/org/apache/httpcomponents/httpcore-nio/4.4.10/httpcore-nio-4.4.10.jar:/home/alex/Repositories/nifi/nifi-nar-bundles/nifi-framework-bundle/nifi-framework/nifi-framework-authorization/target/classes:/home/alex/Repositories/nifi/nifi-registry/nifi-registry-core/nifi-registry-data-model/target/classes:/home/alex/Repositories/nifi/nifi-registry/nifi-registry-core/nifi-registry-revision/nifi-registry-revision-entity-model/target/classes:/home/alex/Repositories/nifi/nifi-registry/nifi-registry-core/nifi-registry-client/target/classes:/home/alex/Repositories/nifi/nifi-registry/nifi-registry-core/nifi-registry-security-utils/target/classes:/home/alex/.m2/repository/org/glassfish/jersey/core/jersey-client/2.33/jersey-client-2.33.jar:/home/alex/.m2/repository/jakarta/ws/rs/jakarta.ws.rs-api/2.1.6/jakarta.ws.rs-api-2.1.6.jar:/home/alex/.m2/repository/org/glassfish/hk2/external/jakarta.inject/2.6.1/jakarta.inject-2.6.1.jar:/home/alex/.m2/repository/org/glassfish/jersey/media/jersey-media-json-jackson/2.33/jersey-media-json-jackson-2.33.jar:/home/alex/.m2/repository/org/glassfish/jersey/ext/jersey-entity-filtering/2.33/jersey-entity-filtering-2.33.jar:/home/alex/.m2/repository/org/glassfish/jersey/inject/jersey-hk2/2.33/jersey-hk2-2.33.jar:/home/alex/.m2/repository/org/glassfish/hk2/hk2-locator/2.6.1/hk2-locator-2.6.1.jar:/home/alex/.m2/repository/org/glassfish/hk2/external/aopalliance-repackaged/2.6.1/aopalliance-repackaged-2.6.1.jar:/home/alex/.m2/repository/org/glassfish/hk2/hk2-api/2.6.1/hk2-api-2.6.1.jar:/home/alex/.m2/repository/org/glassfish/hk2/hk2-utils/2.6.1/hk2-utils-2.6.1.jar:/home/alex/.m2/repository/org/javassist/javassist/3.25.0-GA/javassist-3.25.0-GA.jar:/home/alex/.m2/repository/org/glassfish/jersey/core/jersey-common/2.33/jersey-common-2.33.jar:/home/alex/.m2/repository/jakarta/annotation/jakarta.annotation-api/1.3.5/jakarta.annotation-api-1.3.5.jar:/home/alex/.m2/repository/org/glassfish/hk2/osgi-resource-locator/1.0.3/osgi-resource-locator-1.0.3.jar:/home/alex/.m2/repository/org/glassfish/jersey/media/jersey-media-multipart/2.33/jersey-media-multipart-2.33.jar:/home/alex/.m2/repository/org/jvnet/mimepull/mimepull/1.9.13/mimepull-1.9.13.jar:/home/alex/Repositories/nifi/nifi-commons/nifi-data-provenance-utils/target/classes:/home/alex/Repositories/nifi/nifi-nar-bundles/nifi-standard-services/nifi-distributed-cache-services-bundle/nifi-distributed-cache-client-service/target/classes:/home/alex/Repositories/nifi/nifi-nar-bundles/nifi-standard-services/nifi-distributed-cache-services-bundle/nifi-distributed-cache-protocol/target/classes:/home/alex/.m2/repository/io/netty/netty-buffer/4.1.69.Final/netty-buffer-4.1.69.Final.jar:/home/alex/.m2/repository/com/google/http-client/google-http-client/1.28.0/google-http-client-1.28.0.jar:/home/alex/.m2/repository/io/opencensus/opencensus-api/0.18.0/opencensus-api-0.18.0.jar:/home/alex/.m2/repository/io/grpc/grpc-context/1.14.0/grpc-context-1.14.0.jar:/home/alex/.m2/repository/io/opencensus/opencensus-contrib-http-util/0.18.0/opencensus-contrib-http-util-0.18.0.jar:/home/alex/.m2/repository/org/apache/activemq/activemq-broker/5.15.14/activemq-broker-5.15.14.jar:/home/alex/.m2/repository/org/apache/activemq/activemq-openwire-legacy/5.15.14/activemq-openwire-legacy-5.15.14.jar:/home/alex/Repositories/nifi/nifi-nar-bundles/nifi-standard-services/nifi-ssl-context-bundle/nifi-ssl-context-service/target/classes:/home/alex/Repositories/nifi/nifi-nar-bundles/nifi-framework-bundle/nifi-framework/nifi-standard-prioritizers/target/classes:/home/alex/Repositories/nifi/nifi-nar-bundles/nifi-extension-utils/nifi-record-utils/nifi-mock-record-utils/target/classes:/home/alex/Repositories/nifi/nifi-nar-bundles/nifi-standard-services/nifi-record-serialization-services-bundle/nifi-record-serialization-services/target/classes:/home/alex/.m2/repository/org/apache/commons/commons-csv/1.8/commons-csv-1.8.jar:/home/alex/.m2/repository/com/fasterxml/jackson/dataformat/jackson-dataformat-csv/2.12.3/jackson-dataformat-csv-2.12.3.jar:/home/alex/.m2/repository/net/java/dev/stax-utils/stax-utils/20070216/stax-utils-20070216.jar:/home/alex/Repositories/nifi/nifi-nar-bundles/nifi-standard-services/nifi-lookup-services-bundle/nifi-lookup-services/target/classes:/home/alex/.m2/repository/commons-beanutils/commons-beanutils/1.9.4/commons-beanutils-1.9.4.jar:/home/alex/.m2/repository/commons-collections/commons-collections/3.2.2/commons-collections-3.2.2.jar:/home/alex/.m2/repository/com/maxmind/geoip2/geoip2/2.12.0/geoip2-2.12.0.jar:/home/alex/.m2/repository/com/maxmind/db/maxmind-db/1.2.2/maxmind-db-1.2.2.jar:/home/alex/.m2/repository/org/apache/derby/derby/10.14.2.0/derby-10.14.2.0.jar:/home/alex/.m2/repository/org/xerial/snappy/snappy-java/1.1.7.3/snappy-java-1.1.7.3.jar:/home/alex/.m2/repository/net/lingala/zip4j/zip4j/2.8.0/zip4j-2.8.0.jar:/home/alex/.m2/repository/com/h2database/h2/1.4.187/h2-1.4.187.jar:/home/alex/.m2/repository/org/mockftpserver/MockFtpServer/2.7.1/MockFtpServer-2.7.1.jar:/home/alex/.m2/repository/org/apache/sshd/sshd-core/1.7.0/sshd-core-1.7.0.jar:/home/alex/.m2/repository/com/bazaarvoice/jolt/jolt-core/0.1.1/jolt-core-0.1.1.jar:/home/alex/.m2/repository/javax/inject/javax.inject/1/javax.inject-1.jar:/home/alex/.m2/repository/com/bazaarvoice/jolt/json-utils/0.1.1/json-utils-0.1.1.jar:/home/alex/Repositories/nifi/nifi-nar-bundles/nifi-standard-bundle/nifi-standard-utils/target/classes:/home/alex/.m2/repository/net/sf/supercsv/super-csv/2.4.0/super-csv-2.4.0.jar:/home/alex/.m2/repository/com/fluenda/parcefone/2.1.0/parcefone-2.1.0.jar:/home/alex/.m2/repository/javax/validation/validation-api/1.1.0.Final/validation-api-1.1.0.Final.jar:/home/alex/.m2/repository/javax/el/javax.el-api/3.0.0/javax.el-api-3.0.0.jar:/home/alex/.m2/repository/com/github/wnameless/json/json-flattener/0.12.0/json-flattener-0.12.0.jar:/home/alex/.m2/repository/com/github/wnameless/json/json-base/2.0.0/json-base-2.0.0.jar:/home/alex/.m2/repository/org/apache/bval/bval-jsr/1.1.2/bval-jsr-1.1.2.jar:/home/alex/.m2/repository/org/apache/bval/bval-core/1.1.2/bval-core-1.1.2.jar:/home/alex/.m2/repository/io/krakens/java-grok/0.1.9/java-grok-0.1.9.jar:/home/alex/.m2/repository/org/apache/calcite/calcite-core/1.27.0/calcite-core-1.27.0.jar:/home/alex/.m2/repository/org/apache/calcite/calcite-linq4j/1.27.0/calcite-linq4j-1.27.0.jar:/home/alex/.m2/repository/com/esri/geometry/esri-geometry-api/2.2.0/esri-geometry-api-2.2.0.jar:/home/alex/.m2/repository/org/apache/calcite/avatica/avatica-core/1.18.0/avatica-core-1.18.0.jar:/home/alex/.m2/repository/org/apache/calcite/avatica/avatica-metrics/1.18.0/avatica-metrics-1.18.0.jar:/home/alex/.m2/repository/com/google/protobuf/protobuf-java/3.6.1/protobuf-java-3.6.1.jar:/home/alex/.m2/repository/org/apiguardian/apiguardian-api/1.1.0/apiguardian-api-1.1.0.jar:/home/alex/.m2/repository/com/fasterxml/jackson/dataformat/jackson-dataformat-yaml/2.10.0/jackson-dataformat-yaml-2.10.0.jar:/home/alex/.m2/repository/org/yaml/snakeyaml/1.29/snakeyaml-1.29.jar:/home/alex/.m2/repository/com/google/uzaygezen/uzaygezen-core/0.2/uzaygezen-core-0.2.jar:/home/alex/.m2/repository/com/yahoo/datasketches/sketches-core/0.9.0/sketches-core-0.9.0.jar:/home/alex/.m2/repository/com/yahoo/datasketches/memory/0.9.0/memory-0.9.0.jar:/home/alex/.m2/repository/net/hydromatic/aggdesigner-algorithm/6.0/aggdesigner-algorithm-6.0.jar:/home/alex/.m2/repository/commons-lang/commons-lang/2.4/commons-lang-2.4.jar:/home/alex/.m2/repository/org/apache/commons/commons-dbcp2/2.6.0/commons-dbcp2-2.6.0.jar:/home/alex/.m2/repository/org/apache/commons/commons-pool2/2.6.1/commons-pool2-2.6.1.jar:/home/alex/.m2/repository/org/codehaus/janino/commons-compiler/3.0.11/commons-compiler-3.0.11.jar:/home/alex/.m2/repository/org/codehaus/janino/janino/3.0.11/janino-3.0.11.jar:/home/alex/Repositories/nifi/nifi-nar-bundles/nifi-standard-services/nifi-schema-registry-service-api/target/classes:/home/alex/Repositories/nifi/nifi-nar-bundles/nifi-extension-utils/nifi-database-utils/target/classes:/home/alex/Repositories/nifi/nifi-nar-bundles/nifi-standard-bundle/nifi-standard-web-test-utils/target/classes:/home/alex/.m2/repository/com/github/stefanbirkner/fake-sftp-server-rule/2.0.1/fake-sftp-server-rule-2.0.1.jar:/home/alex/.m2/repository/com/github/marschall/memoryfilesystem/2.8.0/memoryfilesystem-2.8.0.jar:/home/alex/.m2/repository/junit/junit/4.13.2/junit-4.13.2.jar:/home/alex/.m2/repository/org/hamcrest/hamcrest-core/1.3/hamcrest-core-1.3.jar:/home/alex/Repositories/nifi/nifi-nar-bundles/nifi-extension-utils/nifi-database-test-utils/target/classes:/home/alex/.m2/repository/org/codehaus/groovy/groovy-json/2.5.14/groovy-json-2.5.14.jar:/home/alex/.m2/repository/org/codehaus/groovy/groovy/2.5.14/groovy-2.5.14.jar:/home/alex/.m2/repository/org/codehaus/groovy/groovy-servlet/2.5.14/groovy-servlet-2.5.14.jar:/home/alex/.m2/repository/org/codehaus/groovy/groovy-templates/2.5.14/groovy-templates-2.5.14.jar:/home/alex/.m2/repository/org/codehaus/groovy/groovy-xml/2.5.14/groovy-xml-2.5.14.jar:/home/alex/.m2/repository/org/hamcrest/hamcrest-all/1.3/hamcrest-all-1.3.jar:/home/alex/.m2/repository/com/squareup/okhttp3/mockwebserver/4.9.2/mockwebserver-4.9.2.jar:/home/alex/.m2/repository/org/jetbrains/kotlin/kotlin-stdlib-jdk8/1.4.10/kotlin-stdlib-jdk8-1.4.10.jar:/home/alex/.m2/repository/org/jetbrains/kotlin/kotlin-stdlib-jdk7/1.4.10/kotlin-stdlib-jdk7-1.4.10.jar:/home/alex/.m2/repository/org/mockito/mockito-inline/3.12.4/mockito-inline-3.12.4.jar:/home/alex/.m2/repository/org/junit/jupiter/junit-jupiter-api/5.7.2/junit-jupiter-api-5.7.2.jar:/home/alex/.m2/repository/org/opentest4j/opentest4j/1.2.0/opentest4j-1.2.0.jar:/home/alex/.m2/repository/org/junit/platform/junit-platform-commons/1.7.2/junit-platform-commons-1.7.2.jar:/home/alex/.m2/repository/org/junit/jupiter/junit-jupiter-engine/5.7.2/junit-jupiter-engine-5.7.2.jar:/home/alex/.m2/repository/org/junit/platform/junit-platform-engine/1.7.2/junit-platform-engine-1.7.2.jar:/home/alex/.m2/repository/org/junit/vintage/junit-vintage-engine/5.7.2/junit-vintage-engine-5.7.2.jar:/home/alex/.m2/repository/org/junit/jupiter/junit-jupiter-params/5.7.2/junit-jupiter-params-5.7.2.jar:/home/alex/.m2/repository/org/mockito/mockito-core/3.11.2/mockito-core-3.11.2.jar:/home/alex/.m2/repository/net/bytebuddy/byte-buddy/1.11.3/byte-buddy-1.11.3.jar:/home/alex/.m2/repository/net/bytebuddy/byte-buddy-agent/1.11.3/byte-buddy-agent-1.11.3.jar:/home/alex/.m2/repository/org/objenesis/objenesis/3.2/objenesis-3.2.jar:/home/alex/.m2/repository/org/mockito/mockito-junit-jupiter/3.11.2/mockito-junit-jupiter-3.11.2.jar:/home/alex/.m2/repository/org/slf4j/slf4j-simple/1.7.32/slf4j-simple-1.7.32.jar:/home/alex/.m2/repository/org/codehaus/groovy/groovy-test/2.5.14/groovy-test-2.5.14.jar:"/>
    <property name="sun.cpu.endian" value="little"/>
    <property name="user.home" value="/home/alex"/>
    <property name="user.language" value="en"/>
    <property name="java.specification.vendor" value="Oracle Corporation"/>
    <property name="java.home" value="/usr/lib/jvm/java-8-openjdk-amd64/jre"/>
    <property name="basedir" value="/home/alex/Repositories/nifi/nifi-nar-bundles/nifi-standard-bundle/nifi-standard-processors"/>
    <property name="file.separator" value="/"/>
    <property name="line.separator" value="&#10;"/>
    <property name="java.vm.specification.vendor" value="Oracle Corporation"/>
    <property name="java.specification.name" value="Java Platform API Specification"/>
    <property name="derby.stream.error.file" value="target/derby.log"/>
    <property name="javax.xml.xpath.XPathFactory:http://saxon.sf.net/jaxp/xpath/om" value="net.sf.saxon.xpath.XPathFactoryImpl"/>
    <property name="java.awt.graphicsenv" value="sun.awt.X11GraphicsEnvironment"/>
    <property name="org.slf4j.simpleLogger.log.org.apache.nifi.processors.standard.SQLTransform" value="debug"/>
    <property name="java.awt.headless" value="true"/>
    <property name="org.slf4j.simpleLogger.log.nifi.processors.standard.ExecuteSQLRecord" value="debug"/>
    <property name="org.slf4j.simpleLogger.showDateTime" value="true"/>
    <property name="surefire.real.class.path" value="/home/alex/Repositories/nifi/nifi-nar-bundles/nifi-standard-bundle/nifi-standard-processors/target/surefire/surefirebooter7866820466567195306.jar"/>
    <property name="sun.boot.class.path" value="/usr/lib/jvm/java-8-openjdk-amd64/jre/lib/resources.jar:/usr/lib/jvm/java-8-openjdk-amd64/jre/lib/rt.jar:/usr/lib/jvm/java-8-openjdk-amd64/jre/lib/sunrsasign.jar:/usr/lib/jvm/java-8-openjdk-amd64/jre/lib/jsse.jar:/usr/lib/jvm/java-8-openjdk-amd64/jre/lib/jce.jar:/usr/lib/jvm/java-8-openjdk-amd64/jre/lib/charsets.jar:/usr/lib/jvm/java-8-openjdk-amd64/jre/lib/jfr.jar:/usr/lib/jvm/java-8-openjdk-amd64/jre/classes"/>
    <property name="sun.management.compiler" value="HotSpot 64-Bit Tiered Compilers"/>
    <property name="org.slf4j.simpleLogger.log.nifi.processors.standard.TestExecuteSQL" value="debug"/>
    <property name="java.runtime.version" value="1.8.0_402-8u402-ga-2ubuntu1~22.04-b06"/>
    <property name="java.net.preferIPv4Stack" value="true"/>
    <property name="user.name" value="alex"/>
    <property name="path.separator" value=":"/>
    <property name="os.version" value="6.5.0-28-generic"/>
    <property name="java.endorsed.dirs" value="/usr/lib/jvm/java-8-openjdk-amd64/jre/lib/endorsed"/>
    <property name="java.runtime.name" value="OpenJDK Runtime Environment"/>
    <property name="file.encoding" value="UTF-8"/>
    <property name="org.slf4j.simpleLogger.log.org.apache.nifi.processors.standard" value="TRACE"/>
    <property name="org.slf4j.simpleLogger.log.nifi.processors.standard.ExecuteSQL" value="debug"/>
    <property name="sun.nio.ch.bugLevel" value=""/>
    <property name="java.vm.name" value="OpenJDK 64-Bit Server VM"/>
    <property name="localRepository" value="/home/alex/.m2/repository"/>
    <property name="java.vendor.url.bug" value="http://bugreport.sun.com/bugreport/"/>
    <property name="java.io.tmpdir" value="/tmp"/>
    <property name="java.version" value="1.8.0_402"/>
    <property name="user.dir" value="/home/alex/Repositories/nifi/nifi-nar-bundles/nifi-standard-bundle/nifi-standard-processors"/>
    <property name="org.slf4j.simpleLogger.log.nifi.processors.standard.TestDetectDuplicate" value="debug"/>
    <property name="os.arch" value="amd64"/>
    <property name="java.vm.specification.name" value="Java Virtual Machine Specification"/>
    <property name="java.awt.printerjob" value="sun.print.PSPrinterJob"/>
    <property name="sun.os.patch.level" value="unknown"/>
    <property name="org.slf4j.simpleLogger.defaultLogLevel" value="info"/>
    <property name="java.library.path" value="/usr/java/packages/lib/amd64:/usr/lib/x86_64-linux-gnu/jni:/lib/x86_64-linux-gnu:/usr/lib/x86_64-linux-gnu:/usr/lib/jni:/lib:/usr/lib"/>
    <property name="java.vm.info" value="mixed mode"/>
    <property name="java.vendor" value="Private Build"/>
    <property name="java.vm.version" value="25.402-b06"/>
    <property name="org.slf4j.simpleLogger.log.nifi.processors.standard.DetectDuplicate" value="debug"/>
    <property name="java.specification.maintenance.version" value="5"/>
    <property name="java.ext.dirs" value="/usr/lib/jvm/java-8-openjdk-amd64/jre/lib/ext:/usr/java/packages/lib/ext"/>
    <property name="sun.io.unicode.encoding" value="UnicodeLittle"/>
    <property name="java.class.version" value="52.0"/>
  </properties>
  <testcase name="testShouldCountIndependentlyPerFlowFile" classname="org.apache.nifi.processors.standard.CountTextTest" time="0.058">
    <system-err><![CDATA[[pool-1991-thread-1] DEBUG org.apache.nifi.processors.standard.CountText - CountText[id=39a70535-8fcd-4315-bae7-591658c50e2f] Split [’Twas brillig, and the slithy toves] to [’Twas, brillig,, and, the, slithy, toves] (6)
[pool-1991-thread-1] DEBUG org.apache.nifi.processors.standard.CountText - CountText[id=39a70535-8fcd-4315-bae7-591658c50e2f] Split [Did gyre and gimble in the wade;] to [Did, gyre, and, gimble, in, the, wade;] (7)
[pool-1991-thread-1] DEBUG org.apache.nifi.processors.standard.CountText - CountText[id=39a70535-8fcd-4315-bae7-591658c50e2f] Split [All mimsy were the borogoves,] to [All, mimsy, were, the, borogoves,] (5)
[pool-1991-thread-1] DEBUG org.apache.nifi.processors.standard.CountText - CountText[id=39a70535-8fcd-4315-bae7-591658c50e2f] Split [And the mome raths outgrabe.] to [And, the, mome, raths, outgrabe.] (5)
[pool-1991-thread-1] DEBUG org.apache.nifi.processors.standard.CountText - CountText[id=39a70535-8fcd-4315-bae7-591658c50e2f] Split ["Beware the Jabberwock, my son!] to ["Beware, the, Jabberwock,, my, son!] (5)
[pool-1991-thread-1] DEBUG org.apache.nifi.processors.standard.CountText - CountText[id=39a70535-8fcd-4315-bae7-591658c50e2f] Split [The jaws that bite, the claws that catch!] to [The, jaws, that, bite,, the, claws, that, catch!] (8)
[pool-1991-thread-1] DEBUG org.apache.nifi.processors.standard.CountText - CountText[id=39a70535-8fcd-4315-bae7-591658c50e2f] Split [Beware the Jubjub bird, and shun] to [Beware, the, Jubjub, bird,, and, shun] (6)
[pool-1991-thread-1] DEBUG org.apache.nifi.processors.standard.CountText - CountText[id=39a70535-8fcd-4315-bae7-591658c50e2f] Split [The frumious Bandersnatch!"] to [The, frumious, Bandersnatch!"] (3)
[pool-1991-thread-1] DEBUG org.apache.nifi.processors.standard.CountText - CountText[id=39a70535-8fcd-4315-bae7-591658c50e2f] Split [He took his vorpal sword in hand:] to [He, took, his, vorpal, sword, in, hand:] (7)
[pool-1991-thread-1] DEBUG org.apache.nifi.processors.standard.CountText - CountText[id=39a70535-8fcd-4315-bae7-591658c50e2f] Split [Long time the manxome foe he sought—] to [Long, time, the, manxome, foe, he, sought—] (7)
[pool-1991-thread-1] DEBUG org.apache.nifi.processors.standard.CountText - CountText[id=39a70535-8fcd-4315-bae7-591658c50e2f] Split [So rested he by the Tumtum tree,] to [So, rested, he, by, the, Tumtum, tree,] (7)
[pool-1991-thread-1] DEBUG org.apache.nifi.processors.standard.CountText - CountText[id=39a70535-8fcd-4315-bae7-591658c50e2f] Split [And stood awhile in thought.] to [And, stood, awhile, in, thought.] (5)
[pool-1991-thread-1] DEBUG org.apache.nifi.processors.standard.CountText - CountText[id=39a70535-8fcd-4315-bae7-591658c50e2f] Split [And as in uffish thought he stood,] to [And, as, in, uffish, thought, he, stood,] (7)
[pool-1991-thread-1] DEBUG org.apache.nifi.processors.standard.CountText - CountText[id=39a70535-8fcd-4315-bae7-591658c50e2f] Split [The Jabberwock, with eyes of flame,] to [The, Jabberwock,, with, eyes, of, flame,] (6)
[pool-1991-thread-1] DEBUG org.apache.nifi.processors.standard.CountText - CountText[id=39a70535-8fcd-4315-bae7-591658c50e2f] Split [Came whiffling through the tulgey wood.] to [Came, whiffling, through, the, tulgey, wood.] (6)
[pool-1991-thread-1] DEBUG org.apache.nifi.processors.standard.CountText - CountText[id=39a70535-8fcd-4315-bae7-591658c50e2f] Split [And burbled as it came!] to [And, burbled, as, it, came!] (5)
[pool-1991-thread-1] DEBUG org.apache.nifi.processors.standard.CountText - CountText[id=39a70535-8fcd-4315-bae7-591658c50e2f] Split [One, two! One, two! And through and through] to [One,, two!, One,, two!, And, through, and, through] (8)
[pool-1991-thread-1] DEBUG org.apache.nifi.processors.standard.CountText - CountText[id=39a70535-8fcd-4315-bae7-591658c50e2f] Split [The vorpal blade went snicker-snack!] to [The, vorpal, blade, went, snicker-snack!] (5)
[pool-1991-thread-1] DEBUG org.apache.nifi.processors.standard.CountText - CountText[id=39a70535-8fcd-4315-bae7-591658c50e2f] Split [He left it dead, and with its head] to [He, left, it, dead,, and, with, its, head] (8)
[pool-1991-thread-1] DEBUG org.apache.nifi.processors.standard.CountText - CountText[id=39a70535-8fcd-4315-bae7-591658c50e2f] Split [He went galumphing back.] to [He, went, galumphing, back.] (4)
[pool-1991-thread-1] DEBUG org.apache.nifi.processors.standard.CountText - CountText[id=39a70535-8fcd-4315-bae7-591658c50e2f] Split ["And hast thou slain the Jabberwock?] to ["And, hast, thou, slain, the, Jabberwock?] (6)
[pool-1991-thread-1] DEBUG org.apache.nifi.processors.standard.CountText - CountText[id=39a70535-8fcd-4315-bae7-591658c50e2f] Split [Come to my arms, my beamish boy!] to [Come, to, my, arms,, my, beamish, boy!] (7)
[pool-1991-thread-1] DEBUG org.apache.nifi.processors.standard.CountText - CountText[id=39a70535-8fcd-4315-bae7-591658c50e2f] Split [O frabjous day! Callooh! Callay!"] to [O, frabjous, day!, Callooh!, Callay!"] (5)
[pool-1991-thread-1] DEBUG org.apache.nifi.processors.standard.CountText - CountText[id=39a70535-8fcd-4315-bae7-591658c50e2f] Split [He chortled in his joy.] to [He, chortled, in, his, joy.] (5)
[pool-1991-thread-1] DEBUG org.apache.nifi.processors.standard.CountText - CountText[id=39a70535-8fcd-4315-bae7-591658c50e2f] Split [’Twas brillig, and the slithy toves] to [’Twas, brillig,, and, the, slithy, toves] (6)
[pool-1991-thread-1] DEBUG org.apache.nifi.processors.standard.CountText - CountText[id=39a70535-8fcd-4315-bae7-591658c50e2f] Split [Did gyre and gimble in the wabe;] to [Did, gyre, and, gimble, in, the, wabe;] (7)
[pool-1991-thread-1] DEBUG org.apache.nifi.processors.standard.CountText - CountText[id=39a70535-8fcd-4315-bae7-591658c50e2f] Split [All mimsy were the borogoves,] to [All, mimsy, were, the, borogoves,] (5)
[pool-1991-thread-1] DEBUG org.apache.nifi.processors.standard.CountText - CountText[id=39a70535-8fcd-4315-bae7-591658c50e2f] Split [And the mome raths outgrabe.] to [And, the, mome, raths, outgrabe.] (5)
[pool-1991-thread-1] DEBUG org.apache.nifi.processors.standard.CountText - CountText[id=39a70535-8fcd-4315-bae7-591658c50e2f] Computed metrics in 1281924 nanoseconds (0.001 seconds).
[pool-1991-thread-1] INFO org.apache.nifi.processors.standard.CountText - CountText[id=39a70535-8fcd-4315-bae7-591658c50e2f] Counted 34 lines, 28 non-empty lines, 166 words, 900 characters
[main] INFO org.apache.nifi.processors.standard.CountTextTest - Generated flowfile: FlowFile[0,100394961592872.mockFlowFile,939B] | [path:target, filename:100394961592872.mockFlowFile, text.line.nonempty.count:28, text.word.count:166, uuid:a343eebf-e7aa-4edb-9392-867df9335aa3, text.line.count:34, text.character.count:900]
[pool-1992-thread-1] DEBUG org.apache.nifi.processors.standard.CountText - CountText[id=39a70535-8fcd-4315-bae7-591658c50e2f] Split [’Twas brillig, and the slithy toves] to [’Twas, brillig,, and, the, slithy, toves] (6)
[pool-1992-thread-1] DEBUG org.apache.nifi.processors.standard.CountText - CountText[id=39a70535-8fcd-4315-bae7-591658c50e2f] Split [Did gyre and gimble in the wade;] to [Did, gyre, and, gimble, in, the, wade;] (7)
[pool-1992-thread-1] DEBUG org.apache.nifi.processors.standard.CountText - CountText[id=39a70535-8fcd-4315-bae7-591658c50e2f] Split [All mimsy were the borogoves,] to [All, mimsy, were, the, borogoves,] (5)
[pool-1992-thread-1] DEBUG org.apache.nifi.processors.standard.CountText - CountText[id=39a70535-8fcd-4315-bae7-591658c50e2f] Split [And the mome raths outgrabe.] to [And, the, mome, raths, outgrabe.] (5)
[pool-1992-thread-1] DEBUG org.apache.nifi.processors.standard.CountText - CountText[id=39a70535-8fcd-4315-bae7-591658c50e2f] Split ["Beware the Jabberwock, my son!] to ["Beware, the, Jabberwock,, my, son!] (5)
[pool-1992-thread-1] DEBUG org.apache.nifi.processors.standard.CountText - CountText[id=39a70535-8fcd-4315-bae7-591658c50e2f] Split [The jaws that bite, the claws that catch!] to [The, jaws, that, bite,, the, claws, that, catch!] (8)
[pool-1992-thread-1] DEBUG org.apache.nifi.processors.standard.CountText - CountText[id=39a70535-8fcd-4315-bae7-591658c50e2f] Split [Beware the Jubjub bird, and shun] to [Beware, the, Jubjub, bird,, and, shun] (6)
[pool-1992-thread-1] DEBUG org.apache.nifi.processors.standard.CountText - CountText[id=39a70535-8fcd-4315-bae7-591658c50e2f] Split [The frumious Bandersnatch!"] to [The, frumious, Bandersnatch!"] (3)
[pool-1992-thread-1] DEBUG org.apache.nifi.processors.standard.CountText - CountText[id=39a70535-8fcd-4315-bae7-591658c50e2f] Split [He took his vorpal sword in hand:] to [He, took, his, vorpal, sword, in, hand:] (7)
[pool-1992-thread-1] DEBUG org.apache.nifi.processors.standard.CountText - CountText[id=39a70535-8fcd-4315-bae7-591658c50e2f] Split [Long time the manxome foe he sought—] to [Long, time, the, manxome, foe, he, sought—] (7)
[pool-1992-thread-1] DEBUG org.apache.nifi.processors.standard.CountText - CountText[id=39a70535-8fcd-4315-bae7-591658c50e2f] Split [So rested he by the Tumtum tree,] to [So, rested, he, by, the, Tumtum, tree,] (7)
[pool-1992-thread-1] DEBUG org.apache.nifi.processors.standard.CountText - CountText[id=39a70535-8fcd-4315-bae7-591658c50e2f] Split [And stood awhile in thought.] to [And, stood, awhile, in, thought.] (5)
[pool-1992-thread-1] DEBUG org.apache.nifi.processors.standard.CountText - CountText[id=39a70535-8fcd-4315-bae7-591658c50e2f] Split [And as in uffish thought he stood,] to [And, as, in, uffish, thought, he, stood,] (7)
[pool-1992-thread-1] DEBUG org.apache.nifi.processors.standard.CountText - CountText[id=39a70535-8fcd-4315-bae7-591658c50e2f] Split [The Jabberwock, with eyes of flame,] to [The, Jabberwock,, with, eyes, of, flame,] (6)
[pool-1992-thread-1] DEBUG org.apache.nifi.processors.standard.CountText - CountText[id=39a70535-8fcd-4315-bae7-591658c50e2f] Split [Came whiffling through the tulgey wood.] to [Came, whiffling, through, the, tulgey, wood.] (6)
[pool-1992-thread-1] DEBUG org.apache.nifi.processors.standard.CountText - CountText[id=39a70535-8fcd-4315-bae7-591658c50e2f] Split [And burbled as it came!] to [And, burbled, as, it, came!] (5)
[pool-1992-thread-1] DEBUG org.apache.nifi.processors.standard.CountText - CountText[id=39a70535-8fcd-4315-bae7-591658c50e2f] Split [One, two! One, two! And through and through] to [One,, two!, One,, two!, And, through, and, through] (8)
[pool-1992-thread-1] DEBUG org.apache.nifi.processors.standard.CountText - CountText[id=39a70535-8fcd-4315-bae7-591658c50e2f] Split [The vorpal blade went snicker-snack!] to [The, vorpal, blade, went, snicker-snack!] (5)
[pool-1992-thread-1] DEBUG org.apache.nifi.processors.standard.CountText - CountText[id=39a70535-8fcd-4315-bae7-591658c50e2f] Split [He left it dead, and with its head] to [He, left, it, dead,, and, with, its, head] (8)
[pool-1992-thread-1] DEBUG org.apache.nifi.processors.standard.CountText - CountText[id=39a70535-8fcd-4315-bae7-591658c50e2f] Split [He went galumphing back.] to [He, went, galumphing, back.] (4)
[pool-1992-thread-1] DEBUG org.apache.nifi.processors.standard.CountText - CountText[id=39a70535-8fcd-4315-bae7-591658c50e2f] Split ["And hast thou slain the Jabberwock?] to ["And, hast, thou, slain, the, Jabberwock?] (6)
[pool-1992-thread-1] DEBUG org.apache.nifi.processors.standard.CountText - CountText[id=39a70535-8fcd-4315-bae7-591658c50e2f] Split [Come to my arms, my beamish boy!] to [Come, to, my, arms,, my, beamish, boy!] (7)
[pool-1992-thread-1] DEBUG org.apache.nifi.processors.standard.CountText - CountText[id=39a70535-8fcd-4315-bae7-591658c50e2f] Split [O frabjous day! Callooh! Callay!"] to [O, frabjous, day!, Callooh!, Callay!"] (5)
[pool-1992-thread-1] DEBUG org.apache.nifi.processors.standard.CountText - CountText[id=39a70535-8fcd-4315-bae7-591658c50e2f] Split [He chortled in his joy.] to [He, chortled, in, his, joy.] (5)
[pool-1992-thread-1] DEBUG org.apache.nifi.processors.standard.CountText - CountText[id=39a70535-8fcd-4315-bae7-591658c50e2f] Split [’Twas brillig, and the slithy toves] to [’Twas, brillig,, and, the, slithy, toves] (6)
[pool-1992-thread-1] DEBUG org.apache.nifi.processors.standard.CountText - CountText[id=39a70535-8fcd-4315-bae7-591658c50e2f] Split [Did gyre and gimble in the wabe;] to [Did, gyre, and, gimble, in, the, wabe;] (7)
[pool-1992-thread-1] DEBUG org.apache.nifi.processors.standard.CountText - CountText[id=39a70535-8fcd-4315-bae7-591658c50e2f] Split [All mimsy were the borogoves,] to [All, mimsy, were, the, borogoves,] (5)
[pool-1992-thread-1] DEBUG org.apache.nifi.processors.standard.CountText - CountText[id=39a70535-8fcd-4315-bae7-591658c50e2f] Split [And the mome raths outgrabe.] to [And, the, mome, raths, outgrabe.] (5)
[pool-1992-thread-1] DEBUG org.apache.nifi.processors.standard.CountText - CountText[id=39a70535-8fcd-4315-bae7-591658c50e2f] Computed metrics in 476410 nanoseconds (0 seconds).
[pool-1992-thread-1] INFO org.apache.nifi.processors.standard.CountText - CountText[id=39a70535-8fcd-4315-bae7-591658c50e2f] Counted 34 lines, 28 non-empty lines, 166 words, 900 characters
[main] INFO org.apache.nifi.processors.standard.CountTextTest - Generated flowfile: FlowFile[1,100394972714598.mockFlowFile,939B] | [path:target, filename:100394972714598.mockFlowFile, text.line.nonempty.count:28, text.word.count:166, uuid:c9622fd2-5f6a-45dc-8ec1-bc4fcc99260e, text.line.count:34, text.character.count:900]
]]></system-err>
  </testcase>
  <testcase name="testShouldHandleInternalError" classname="org.apache.nifi.processors.standard.CountTextTest" time="0.383">
    <system-err><![CDATA[[pool-1993-thread-1] ERROR org.apache.nifi.processors.standard.CountText - [CountText[id=ab7ba6ed-f146-40c8-9471-ae83058b2b07]] Expected exception Routing to failure.
java.io.IOException: Expected exception
	at org.apache.nifi.processors.standard.CountText.countWordsInLine(CountText.java:321)
	at org.apache.nifi.processors.standard.CountText.lambda$onTrigger$1(CountText.java:251)
	at org.apache.nifi.util.MockProcessSession.read(MockProcessSession.java:601)
	at org.apache.nifi.util.MockProcessSession.read(MockProcessSession.java:583)
	at org.apache.nifi.processors.standard.CountText.onTrigger(CountText.java:232)
	at sun.reflect.NativeMethodAccessorImpl.invoke0(Native Method)
	at sun.reflect.NativeMethodAccessorImpl.invoke(NativeMethodAccessorImpl.java:62)
	at sun.reflect.DelegatingMethodAccessorImpl.invoke(DelegatingMethodAccessorImpl.java:43)
	at java.lang.reflect.Method.invoke(Method.java:498)
	at org.apache.nifi.processors.standard.CountText.onTrigger(CountText.java:221)
	at org.apache.nifi.processor.AbstractProcessor.onTrigger(AbstractProcessor.java:27)
	at sun.reflect.NativeMethodAccessorImpl.invoke0(Native Method)
	at sun.reflect.NativeMethodAccessorImpl.invoke(NativeMethodAccessorImpl.java:62)
	at sun.reflect.DelegatingMethodAccessorImpl.invoke(DelegatingMethodAccessorImpl.java:43)
	at java.lang.reflect.Method.invoke(Method.java:498)
	at org.apache.nifi.processor.AbstractProcessor.onTrigger(AbstractProcessor.java:25)
	at org.apache.nifi.util.StandardProcessorTestRunner$RunProcessor.call(StandardProcessorTestRunner.java:284)
	at org.apache.nifi.util.StandardProcessorTestRunner$RunProcessor.call(StandardProcessorTestRunner.java:278)
	at java.util.concurrent.FutureTask.run(FutureTask.java:266)
	at java.util.concurrent.ScheduledThreadPoolExecutor$ScheduledFutureTask.access$201(ScheduledThreadPoolExecutor.java:180)
	at java.util.concurrent.ScheduledThreadPoolExecutor$ScheduledFutureTask.run(ScheduledThreadPoolExecutor.java:293)
	at java.util.concurrent.ThreadPoolExecutor.runWorker(ThreadPoolExecutor.java:1149)
	at java.util.concurrent.ThreadPoolExecutor$Worker.run(ThreadPoolExecutor.java:624)
	at java.lang.Thread.run(Thread.java:750)
[pool-1993-thread-1] ERROR org.apache.nifi.processors.standard.CountText - 
java.io.IOException: Expected exception
	at org.apache.nifi.processors.standard.CountText.countWordsInLine(CountText.java:321)
	at org.apache.nifi.processors.standard.CountText.lambda$onTrigger$1(CountText.java:251)
	at org.apache.nifi.util.MockProcessSession.read(MockProcessSession.java:601)
	at org.apache.nifi.util.MockProcessSession.read(MockProcessSession.java:583)
	at org.apache.nifi.processors.standard.CountText.onTrigger(CountText.java:232)
	at sun.reflect.NativeMethodAccessorImpl.invoke0(Native Method)
	at sun.reflect.NativeMethodAccessorImpl.invoke(NativeMethodAccessorImpl.java:62)
	at sun.reflect.DelegatingMethodAccessorImpl.invoke(DelegatingMethodAccessorImpl.java:43)
	at java.lang.reflect.Method.invoke(Method.java:498)
	at org.apache.nifi.processors.standard.CountText.onTrigger(CountText.java:221)
	at org.apache.nifi.processor.AbstractProcessor.onTrigger(AbstractProcessor.java:27)
	at sun.reflect.NativeMethodAccessorImpl.invoke0(Native Method)
	at sun.reflect.NativeMethodAccessorImpl.invoke(NativeMethodAccessorImpl.java:62)
	at sun.reflect.DelegatingMethodAccessorImpl.invoke(DelegatingMethodAccessorImpl.java:43)
	at java.lang.reflect.Method.invoke(Method.java:498)
	at org.apache.nifi.processor.AbstractProcessor.onTrigger(AbstractProcessor.java:25)
	at org.apache.nifi.util.StandardProcessorTestRunner$RunProcessor.call(StandardProcessorTestRunner.java:284)
	at org.apache.nifi.util.StandardProcessorTestRunner$RunProcessor.call(StandardProcessorTestRunner.java:278)
	at java.util.concurrent.FutureTask.run(FutureTask.java:266)
	at java.util.concurrent.ScheduledThreadPoolExecutor$ScheduledFutureTask.access$201(ScheduledThreadPoolExecutor.java:180)
	at java.util.concurrent.ScheduledThreadPoolExecutor$ScheduledFutureTask.run(ScheduledThreadPoolExecutor.java:293)
	at java.util.concurrent.ThreadPoolExecutor.runWorker(ThreadPoolExecutor.java:1149)
	at java.util.concurrent.ThreadPoolExecutor$Worker.run(ThreadPoolExecutor.java:624)
	at java.lang.Thread.run(Thread.java:750)
[main] INFO org.apache.nifi.processors.standard.CountTextTest - Generated flowfile: FlowFile[0,100395356849171.mockFlowFile,35B] | [path:target, filename:100395356849171.mockFlowFile, uuid:7fade288-e315-4c0c-8b4e-960bd419c71f]
]]></system-err>
  </testcase>
  <testcase name="testShouldCountWordsSplitOnSymbol" classname="org.apache.nifi.processors.standard.CountTextTest" time="0.004">
    <system-err><![CDATA[[pool-1994-thread-1] DEBUG org.apache.nifi.processors.standard.CountText - CountText[id=ef4ba4ec-40dd-4d91-a5ad-b8743f73e046] Split [’Twas brillig, and the slithy toves] to [’Twas, brillig,, and, the, slithy, toves] (6)
[pool-1994-thread-1] DEBUG org.apache.nifi.processors.standard.CountText - CountText[id=ef4ba4ec-40dd-4d91-a5ad-b8743f73e046] Split [Did gyre and gimble in the wade;] to [Did, gyre, and, gimble, in, the, wade;] (7)
[pool-1994-thread-1] DEBUG org.apache.nifi.processors.standard.CountText - CountText[id=ef4ba4ec-40dd-4d91-a5ad-b8743f73e046] Split [All mimsy were the borogoves,] to [All, mimsy, were, the, borogoves,] (5)
[pool-1994-thread-1] DEBUG org.apache.nifi.processors.standard.CountText - CountText[id=ef4ba4ec-40dd-4d91-a5ad-b8743f73e046] Split [And the mome raths outgrabe.] to [And, the, mome, raths, outgrabe] (5)
[pool-1994-thread-1] DEBUG org.apache.nifi.processors.standard.CountText - CountText[id=ef4ba4ec-40dd-4d91-a5ad-b8743f73e046] Split ["Beware the Jabberwock, my son!] to ["Beware, the, Jabberwock,, my, son!] (5)
[pool-1994-thread-1] DEBUG org.apache.nifi.processors.standard.CountText - CountText[id=ef4ba4ec-40dd-4d91-a5ad-b8743f73e046] Split [The jaws that bite, the claws that catch!] to [The, jaws, that, bite,, the, claws, that, catch!] (8)
[pool-1994-thread-1] DEBUG org.apache.nifi.processors.standard.CountText - CountText[id=ef4ba4ec-40dd-4d91-a5ad-b8743f73e046] Split [Beware the Jubjub bird, and shun] to [Beware, the, Jubjub, bird,, and, shun] (6)
[pool-1994-thread-1] DEBUG org.apache.nifi.processors.standard.CountText - CountText[id=ef4ba4ec-40dd-4d91-a5ad-b8743f73e046] Split [The frumious Bandersnatch!"] to [The, frumious, Bandersnatch!"] (3)
[pool-1994-thread-1] DEBUG org.apache.nifi.processors.standard.CountText - CountText[id=ef4ba4ec-40dd-4d91-a5ad-b8743f73e046] Split [He took his vorpal sword in hand:] to [He, took, his, vorpal, sword, in, hand:] (7)
[pool-1994-thread-1] DEBUG org.apache.nifi.processors.standard.CountText - CountText[id=ef4ba4ec-40dd-4d91-a5ad-b8743f73e046] Split [Long time the manxome foe he sought—] to [Long, time, the, manxome, foe, he, sought—] (7)
[pool-1994-thread-1] DEBUG org.apache.nifi.processors.standard.CountText - CountText[id=ef4ba4ec-40dd-4d91-a5ad-b8743f73e046] Split [So rested he by the Tumtum tree,] to [So, rested, he, by, the, Tumtum, tree,] (7)
[pool-1994-thread-1] DEBUG org.apache.nifi.processors.standard.CountText - CountText[id=ef4ba4ec-40dd-4d91-a5ad-b8743f73e046] Split [And stood awhile in thought.] to [And, stood, awhile, in, thought] (5)
[pool-1994-thread-1] DEBUG org.apache.nifi.processors.standard.CountText - CountText[id=ef4ba4ec-40dd-4d91-a5ad-b8743f73e046] Split [And as in uffish thought he stood,] to [And, as, in, uffish, thought, he, stood,] (7)
[pool-1994-thread-1] DEBUG org.apache.nifi.processors.standard.CountText - CountText[id=ef4ba4ec-40dd-4d91-a5ad-b8743f73e046] Split [The Jabberwock, with eyes of flame,] to [The, Jabberwock,, with, eyes, of, flame,] (6)
[pool-1994-thread-1] DEBUG org.apache.nifi.processors.standard.CountText - CountText[id=ef4ba4ec-40dd-4d91-a5ad-b8743f73e046] Split [Came whiffling through the tulgey wood.] to [Came, whiffling, through, the, tulgey, wood] (6)
[pool-1994-thread-1] DEBUG org.apache.nifi.processors.standard.CountText - CountText[id=ef4ba4ec-40dd-4d91-a5ad-b8743f73e046] Split [And burbled as it came!] to [And, burbled, as, it, came!] (5)
[pool-1994-thread-1] DEBUG org.apache.nifi.processors.standard.CountText - CountText[id=ef4ba4ec-40dd-4d91-a5ad-b8743f73e046] Split [One, two! One, two! And through and through] to [One,, two!, One,, two!, And, through, and, through] (8)
[pool-1994-thread-1] DEBUG org.apache.nifi.processors.standard.CountText - CountText[id=ef4ba4ec-40dd-4d91-a5ad-b8743f73e046] Split [The vorpal blade went snicker-snack!] to [The, vorpal, blade, went, snicker, snack!] (6)
[pool-1994-thread-1] DEBUG org.apache.nifi.processors.standard.CountText - CountText[id=ef4ba4ec-40dd-4d91-a5ad-b8743f73e046] Split [He left it dead, and with its head] to [He, left, it, dead,, and, with, its, head] (8)
[pool-1994-thread-1] DEBUG org.apache.nifi.processors.standard.CountText - CountText[id=ef4ba4ec-40dd-4d91-a5ad-b8743f73e046] Split [He went galumphing back.] to [He, went, galumphing, back] (4)
[pool-1994-thread-1] DEBUG org.apache.nifi.processors.standard.CountText - CountText[id=ef4ba4ec-40dd-4d91-a5ad-b8743f73e046] Split ["And hast thou slain the Jabberwock?] to ["And, hast, thou, slain, the, Jabberwock?] (6)
[pool-1994-thread-1] DEBUG org.apache.nifi.processors.standard.CountText - CountText[id=ef4ba4ec-40dd-4d91-a5ad-b8743f73e046] Split [Come to my arms, my beamish boy!] to [Come, to, my, arms,, my, beamish, boy!] (7)
[pool-1994-thread-1] DEBUG org.apache.nifi.processors.standard.CountText - CountText[id=ef4ba4ec-40dd-4d91-a5ad-b8743f73e046] Split [O frabjous day! Callooh! Callay!"] to [O, frabjous, day!, Callooh!, Callay!"] (5)
[pool-1994-thread-1] DEBUG org.apache.nifi.processors.standard.CountText - CountText[id=ef4ba4ec-40dd-4d91-a5ad-b8743f73e046] Split [He chortled in his joy.] to [He, chortled, in, his, joy] (5)
[pool-1994-thread-1] DEBUG org.apache.nifi.processors.standard.CountText - CountText[id=ef4ba4ec-40dd-4d91-a5ad-b8743f73e046] Split [’Twas brillig, and the slithy toves] to [’Twas, brillig,, and, the, slithy, toves] (6)
[pool-1994-thread-1] DEBUG org.apache.nifi.processors.standard.CountText - CountText[id=ef4ba4ec-40dd-4d91-a5ad-b8743f73e046] Split [Did gyre and gimble in the wabe;] to [Did, gyre, and, gimble, in, the, wabe;] (7)
[pool-1994-thread-1] DEBUG org.apache.nifi.processors.standard.CountText - CountText[id=ef4ba4ec-40dd-4d91-a5ad-b8743f73e046] Split [All mimsy were the borogoves,] to [All, mimsy, were, the, borogoves,] (5)
[pool-1994-thread-1] DEBUG org.apache.nifi.processors.standard.CountText - CountText[id=ef4ba4ec-40dd-4d91-a5ad-b8743f73e046] Split [And the mome raths outgrabe.] to [And, the, mome, raths, outgrabe] (5)
[pool-1994-thread-1] DEBUG org.apache.nifi.processors.standard.CountText - CountText[id=ef4ba4ec-40dd-4d91-a5ad-b8743f73e046] Computed metrics in 1573505 nanoseconds (0.002 seconds).
[pool-1994-thread-1] INFO org.apache.nifi.processors.standard.CountText - CountText[id=ef4ba4ec-40dd-4d91-a5ad-b8743f73e046] Counted 167 words
[main] INFO org.apache.nifi.processors.standard.CountTextTest - Generated flowfile: FlowFile[0,100395370190516.mockFlowFile,939B] | [path:target, filename:100395370190516.mockFlowFile, text.word.count:167, uuid:8e75d2d5-ccf4-46d6-a14b-a3f83a1481cf]
]]></system-err>
  </testcase>
  <testcase name="testShouldIgnoreWhitespaceWordsWhenCounting" classname="org.apache.nifi.processors.standard.CountTextTest" time="0.001">
    <system-err><![CDATA[[pool-1995-thread-1] DEBUG org.apache.nifi.processors.standard.CountText - CountText[id=16f62705-905e-40cf-8c10-b8d3eca05489] Split [a  b  c] to [a, b, c] (3)
[pool-1995-thread-1] DEBUG org.apache.nifi.processors.standard.CountText - CountText[id=16f62705-905e-40cf-8c10-b8d3eca05489] Computed metrics in 141235 nanoseconds (0 seconds).
[pool-1995-thread-1] INFO org.apache.nifi.processors.standard.CountText - CountText[id=16f62705-905e-40cf-8c10-b8d3eca05489] Counted 3 words
[main] INFO org.apache.nifi.processors.standard.CountTextTest - Generated flowfile: FlowFile[0,100395373635752.mockFlowFile,7B] | [path:target, filename:100395373635752.mockFlowFile, text.word.count:3, uuid:b2692235-d0cb-475c-a521-d37321f4a6e0]
]]></system-err>
  </testcase>
  <testcase name="testShouldIgnoreWhitespaceWordsWhenCountingDebugMode" classname="org.apache.nifi.processors.standard.CountTextTest" time="0.137">
    <system-err><![CDATA[[pool-1996-thread-1] DEBUG org.apache.nifi.processors.standard.CountText - null Split [a  b  c] to [a, b, c] (3)
[pool-1996-thread-1] DEBUG org.apache.nifi.processors.standard.CountText - null Computed metrics in 1729375 nanoseconds (0.002 seconds).
[pool-1996-thread-1] INFO org.apache.nifi.processors.standard.CountText - null Counted 3 words
[main] INFO org.apache.nifi.processors.standard.CountTextTest - Generated flowfile: FlowFile[0,100395505153006.mockFlowFile,7B] | [path:target, filename:100395505153006.mockFlowFile, text.word.count:3, uuid:ef0cc7c7-2356-4aaa-99ff-29d41d73b6d8]
]]></system-err>
  </testcase>
  <testcase name="testShouldCountAllMetrics" classname="org.apache.nifi.processors.standard.CountTextTest" time="0.002">
    <system-err><![CDATA[[pool-1997-thread-1] DEBUG org.apache.nifi.processors.standard.CountText - CountText[id=34cdd334-9404-4200-8b27-20698e1bbb5a] Split [’Twas brillig, and the slithy toves] to [’Twas, brillig,, and, the, slithy, toves] (6)
[pool-1997-thread-1] DEBUG org.apache.nifi.processors.standard.CountText - CountText[id=34cdd334-9404-4200-8b27-20698e1bbb5a] Split [Did gyre and gimble in the wade;] to [Did, gyre, and, gimble, in, the, wade;] (7)
[pool-1997-thread-1] DEBUG org.apache.nifi.processors.standard.CountText - CountText[id=34cdd334-9404-4200-8b27-20698e1bbb5a] Split [All mimsy were the borogoves,] to [All, mimsy, were, the, borogoves,] (5)
[pool-1997-thread-1] DEBUG org.apache.nifi.processors.standard.CountText - CountText[id=34cdd334-9404-4200-8b27-20698e1bbb5a] Split [And the mome raths outgrabe.] to [And, the, mome, raths, outgrabe.] (5)
[pool-1997-thread-1] DEBUG org.apache.nifi.processors.standard.CountText - CountText[id=34cdd334-9404-4200-8b27-20698e1bbb5a] Split ["Beware the Jabberwock, my son!] to ["Beware, the, Jabberwock,, my, son!] (5)
[pool-1997-thread-1] DEBUG org.apache.nifi.processors.standard.CountText - CountText[id=34cdd334-9404-4200-8b27-20698e1bbb5a] Split [The jaws that bite, the claws that catch!] to [The, jaws, that, bite,, the, claws, that, catch!] (8)
[pool-1997-thread-1] DEBUG org.apache.nifi.processors.standard.CountText - CountText[id=34cdd334-9404-4200-8b27-20698e1bbb5a] Split [Beware the Jubjub bird, and shun] to [Beware, the, Jubjub, bird,, and, shun] (6)
[pool-1997-thread-1] DEBUG org.apache.nifi.processors.standard.CountText - CountText[id=34cdd334-9404-4200-8b27-20698e1bbb5a] Split [The frumious Bandersnatch!"] to [The, frumious, Bandersnatch!"] (3)
[pool-1997-thread-1] DEBUG org.apache.nifi.processors.standard.CountText - CountText[id=34cdd334-9404-4200-8b27-20698e1bbb5a] Split [He took his vorpal sword in hand:] to [He, took, his, vorpal, sword, in, hand:] (7)
[pool-1997-thread-1] DEBUG org.apache.nifi.processors.standard.CountText - CountText[id=34cdd334-9404-4200-8b27-20698e1bbb5a] Split [Long time the manxome foe he sought—] to [Long, time, the, manxome, foe, he, sought—] (7)
[pool-1997-thread-1] DEBUG org.apache.nifi.processors.standard.CountText - CountText[id=34cdd334-9404-4200-8b27-20698e1bbb5a] Split [So rested he by the Tumtum tree,] to [So, rested, he, by, the, Tumtum, tree,] (7)
[pool-1997-thread-1] DEBUG org.apache.nifi.processors.standard.CountText - CountText[id=34cdd334-9404-4200-8b27-20698e1bbb5a] Split [And stood awhile in thought.] to [And, stood, awhile, in, thought.] (5)
[pool-1997-thread-1] DEBUG org.apache.nifi.processors.standard.CountText - CountText[id=34cdd334-9404-4200-8b27-20698e1bbb5a] Split [And as in uffish thought he stood,] to [And, as, in, uffish, thought, he, stood,] (7)
[pool-1997-thread-1] DEBUG org.apache.nifi.processors.standard.CountText - CountText[id=34cdd334-9404-4200-8b27-20698e1bbb5a] Split [The Jabberwock, with eyes of flame,] to [The, Jabberwock,, with, eyes, of, flame,] (6)
[pool-1997-thread-1] DEBUG org.apache.nifi.processors.standard.CountText - CountText[id=34cdd334-9404-4200-8b27-20698e1bbb5a] Split [Came whiffling through the tulgey wood.] to [Came, whiffling, through, the, tulgey, wood.] (6)
[pool-1997-thread-1] DEBUG org.apache.nifi.processors.standard.CountText - CountText[id=34cdd334-9404-4200-8b27-20698e1bbb5a] Split [And burbled as it came!] to [And, burbled, as, it, came!] (5)
[pool-1997-thread-1] DEBUG org.apache.nifi.processors.standard.CountText - CountText[id=34cdd334-9404-4200-8b27-20698e1bbb5a] Split [One, two! One, two! And through and through] to [One,, two!, One,, two!, And, through, and, through] (8)
[pool-1997-thread-1] DEBUG org.apache.nifi.processors.standard.CountText - CountText[id=34cdd334-9404-4200-8b27-20698e1bbb5a] Split [The vorpal blade went snicker-snack!] to [The, vorpal, blade, went, snicker-snack!] (5)
[pool-1997-thread-1] DEBUG org.apache.nifi.processors.standard.CountText - CountText[id=34cdd334-9404-4200-8b27-20698e1bbb5a] Split [He left it dead, and with its head] to [He, left, it, dead,, and, with, its, head] (8)
[pool-1997-thread-1] DEBUG org.apache.nifi.processors.standard.CountText - CountText[id=34cdd334-9404-4200-8b27-20698e1bbb5a] Split [He went galumphing back.] to [He, went, galumphing, back.] (4)
[pool-1997-thread-1] DEBUG org.apache.nifi.processors.standard.CountText - CountText[id=34cdd334-9404-4200-8b27-20698e1bbb5a] Split ["And hast thou slain the Jabberwock?] to ["And, hast, thou, slain, the, Jabberwock?] (6)
[pool-1997-thread-1] DEBUG org.apache.nifi.processors.standard.CountText - CountText[id=34cdd334-9404-4200-8b27-20698e1bbb5a] Split [Come to my arms, my beamish boy!] to [Come, to, my, arms,, my, beamish, boy!] (7)
[pool-1997-thread-1] DEBUG org.apache.nifi.processors.standard.CountText - CountText[id=34cdd334-9404-4200-8b27-20698e1bbb5a] Split [O frabjous day! Callooh! Callay!"] to [O, frabjous, day!, Callooh!, Callay!"] (5)
[pool-1997-thread-1] DEBUG org.apache.nifi.processors.standard.CountText - CountText[id=34cdd334-9404-4200-8b27-20698e1bbb5a] Split [He chortled in his joy.] to [He, chortled, in, his, joy.] (5)
[pool-1997-thread-1] DEBUG org.apache.nifi.processors.standard.CountText - CountText[id=34cdd334-9404-4200-8b27-20698e1bbb5a] Split [’Twas brillig, and the slithy toves] to [’Twas, brillig,, and, the, slithy, toves] (6)
[pool-1997-thread-1] DEBUG org.apache.nifi.processors.standard.CountText - CountText[id=34cdd334-9404-4200-8b27-20698e1bbb5a] Split [Did gyre and gimble in the wabe;] to [Did, gyre, and, gimble, in, the, wabe;] (7)
[pool-1997-thread-1] DEBUG org.apache.nifi.processors.standard.CountText - CountText[id=34cdd334-9404-4200-8b27-20698e1bbb5a] Split [All mimsy were the borogoves,] to [All, mimsy, were, the, borogoves,] (5)
[pool-1997-thread-1] DEBUG org.apache.nifi.processors.standard.CountText - CountText[id=34cdd334-9404-4200-8b27-20698e1bbb5a] Split [And the mome raths outgrabe.] to [And, the, mome, raths, outgrabe.] (5)
[pool-1997-thread-1] DEBUG org.apache.nifi.processors.standard.CountText - CountText[id=34cdd334-9404-4200-8b27-20698e1bbb5a] Computed metrics in 385852 nanoseconds (0 seconds).
[pool-1997-thread-1] INFO org.apache.nifi.processors.standard.CountText - CountText[id=34cdd334-9404-4200-8b27-20698e1bbb5a] Counted 34 lines, 28 non-empty lines, 166 words, 900 characters
]]></system-err>
  </testcase>
  <testcase name="testShouldTrackSessionCountersAcrossMultipleFlowfiles" classname="org.apache.nifi.processors.standard.CountTextTest" time="0.046">
    <system-err><![CDATA[[main] INFO org.apache.nifi.processors.standard.CountTextTest - Session counters (0): [:]
[pool-1998-thread-1] DEBUG org.apache.nifi.processors.standard.CountText - CountText[id=19860f92-686f-4683-94d9-055614d70338] Split [’Twas brillig, and the slithy toves] to [’Twas, brillig,, and, the, slithy, toves] (6)
[pool-1998-thread-1] DEBUG org.apache.nifi.processors.standard.CountText - CountText[id=19860f92-686f-4683-94d9-055614d70338] Split [Did gyre and gimble in the wade;] to [Did, gyre, and, gimble, in, the, wade;] (7)
[pool-1998-thread-1] DEBUG org.apache.nifi.processors.standard.CountText - CountText[id=19860f92-686f-4683-94d9-055614d70338] Split [All mimsy were the borogoves,] to [All, mimsy, were, the, borogoves,] (5)
[pool-1998-thread-1] DEBUG org.apache.nifi.processors.standard.CountText - CountText[id=19860f92-686f-4683-94d9-055614d70338] Split [And the mome raths outgrabe.] to [And, the, mome, raths, outgrabe.] (5)
[pool-1998-thread-1] DEBUG org.apache.nifi.processors.standard.CountText - CountText[id=19860f92-686f-4683-94d9-055614d70338] Split ["Beware the Jabberwock, my son!] to ["Beware, the, Jabberwock,, my, son!] (5)
[pool-1998-thread-1] DEBUG org.apache.nifi.processors.standard.CountText - CountText[id=19860f92-686f-4683-94d9-055614d70338] Split [The jaws that bite, the claws that catch!] to [The, jaws, that, bite,, the, claws, that, catch!] (8)
[pool-1998-thread-1] DEBUG org.apache.nifi.processors.standard.CountText - CountText[id=19860f92-686f-4683-94d9-055614d70338] Split [Beware the Jubjub bird, and shun] to [Beware, the, Jubjub, bird,, and, shun] (6)
[pool-1998-thread-1] DEBUG org.apache.nifi.processors.standard.CountText - CountText[id=19860f92-686f-4683-94d9-055614d70338] Split [The frumious Bandersnatch!"] to [The, frumious, Bandersnatch!"] (3)
[pool-1998-thread-1] DEBUG org.apache.nifi.processors.standard.CountText - CountText[id=19860f92-686f-4683-94d9-055614d70338] Split [He took his vorpal sword in hand:] to [He, took, his, vorpal, sword, in, hand:] (7)
[pool-1998-thread-1] DEBUG org.apache.nifi.processors.standard.CountText - CountText[id=19860f92-686f-4683-94d9-055614d70338] Split [Long time the manxome foe he sought—] to [Long, time, the, manxome, foe, he, sought—] (7)
[pool-1998-thread-1] DEBUG org.apache.nifi.processors.standard.CountText - CountText[id=19860f92-686f-4683-94d9-055614d70338] Split [So rested he by the Tumtum tree,] to [So, rested, he, by, the, Tumtum, tree,] (7)
[pool-1998-thread-1] DEBUG org.apache.nifi.processors.standard.CountText - CountText[id=19860f92-686f-4683-94d9-055614d70338] Split [And stood awhile in thought.] to [And, stood, awhile, in, thought.] (5)
[pool-1998-thread-1] DEBUG org.apache.nifi.processors.standard.CountText - CountText[id=19860f92-686f-4683-94d9-055614d70338] Split [And as in uffish thought he stood,] to [And, as, in, uffish, thought, he, stood,] (7)
[pool-1998-thread-1] DEBUG org.apache.nifi.processors.standard.CountText - CountText[id=19860f92-686f-4683-94d9-055614d70338] Split [The Jabberwock, with eyes of flame,] to [The, Jabberwock,, with, eyes, of, flame,] (6)
[pool-1998-thread-1] DEBUG org.apache.nifi.processors.standard.CountText - CountText[id=19860f92-686f-4683-94d9-055614d70338] Split [Came whiffling through the tulgey wood.] to [Came, whiffling, through, the, tulgey, wood.] (6)
[pool-1998-thread-1] DEBUG org.apache.nifi.processors.standard.CountText - CountText[id=19860f92-686f-4683-94d9-055614d70338] Split [And burbled as it came!] to [And, burbled, as, it, came!] (5)
[pool-1998-thread-1] DEBUG org.apache.nifi.processors.standard.CountText - CountText[id=19860f92-686f-4683-94d9-055614d70338] Split [One, two! One, two! And through and through] to [One,, two!, One,, two!, And, through, and, through] (8)
[pool-1998-thread-1] DEBUG org.apache.nifi.processors.standard.CountText - CountText[id=19860f92-686f-4683-94d9-055614d70338] Split [The vorpal blade went snicker-snack!] to [The, vorpal, blade, went, snicker-snack!] (5)
[pool-1998-thread-1] DEBUG org.apache.nifi.processors.standard.CountText - CountText[id=19860f92-686f-4683-94d9-055614d70338] Split [He left it dead, and with its head] to [He, left, it, dead,, and, with, its, head] (8)
[pool-1998-thread-1] DEBUG org.apache.nifi.processors.standard.CountText - CountText[id=19860f92-686f-4683-94d9-055614d70338] Split [He went galumphing back.] to [He, went, galumphing, back.] (4)
[pool-1998-thread-1] DEBUG org.apache.nifi.processors.standard.CountText - CountText[id=19860f92-686f-4683-94d9-055614d70338] Split ["And hast thou slain the Jabberwock?] to ["And, hast, thou, slain, the, Jabberwock?] (6)
[pool-1998-thread-1] DEBUG org.apache.nifi.processors.standard.CountText - CountText[id=19860f92-686f-4683-94d9-055614d70338] Split [Come to my arms, my beamish boy!] to [Come, to, my, arms,, my, beamish, boy!] (7)
[pool-1998-thread-1] DEBUG org.apache.nifi.processors.standard.CountText - CountText[id=19860f92-686f-4683-94d9-055614d70338] Split [O frabjous day! Callooh! Callay!"] to [O, frabjous, day!, Callooh!, Callay!"] (5)
[pool-1998-thread-1] DEBUG org.apache.nifi.processors.standard.CountText - CountText[id=19860f92-686f-4683-94d9-055614d70338] Split [He chortled in his joy.] to [He, chortled, in, his, joy.] (5)
[pool-1998-thread-1] DEBUG org.apache.nifi.processors.standard.CountText - CountText[id=19860f92-686f-4683-94d9-055614d70338] Split [’Twas brillig, and the slithy toves] to [’Twas, brillig,, and, the, slithy, toves] (6)
[pool-1998-thread-1] DEBUG org.apache.nifi.processors.standard.CountText - CountText[id=19860f92-686f-4683-94d9-055614d70338] Split [Did gyre and gimble in the wabe;] to [Did, gyre, and, gimble, in, the, wabe;] (7)
[pool-1998-thread-1] DEBUG org.apache.nifi.processors.standard.CountText - CountText[id=19860f92-686f-4683-94d9-055614d70338] Split [All mimsy were the borogoves,] to [All, mimsy, were, the, borogoves,] (5)
[pool-1998-thread-1] DEBUG org.apache.nifi.processors.standard.CountText - CountText[id=19860f92-686f-4683-94d9-055614d70338] Split [And the mome raths outgrabe.] to [And, the, mome, raths, outgrabe.] (5)
[pool-1998-thread-1] DEBUG org.apache.nifi.processors.standard.CountText - CountText[id=19860f92-686f-4683-94d9-055614d70338] Computed metrics in 345608 nanoseconds (0 seconds).
[pool-1998-thread-1] INFO org.apache.nifi.processors.standard.CountText - CountText[id=19860f92-686f-4683-94d9-055614d70338] Counted 34 lines, 28 non-empty lines, 166 words, 900 characters
[main] INFO org.apache.nifi.processors.standard.CountTextTest - Session counters (1): [Characters Counted:900, Lines Counted:34, Lines (non-empty) Counted:28, Words Counted:166]
[main] INFO org.apache.nifi.processors.standard.CountTextTest - Generated flowfile: FlowFile[0,100395537858572.mockFlowFile,939B] | [path:target, filename:100395537858572.mockFlowFile, text.line.nonempty.count:28, text.word.count:166, uuid:b8a4793b-67e8-4c7c-8a9a-bd0235ecb21a, text.line.count:34, text.character.count:900]
[pool-1999-thread-1] DEBUG org.apache.nifi.processors.standard.CountText - CountText[id=19860f92-686f-4683-94d9-055614d70338] Split [’Twas brillig, and the slithy toves] to [’Twas, brillig,, and, the, slithy, toves] (6)
[pool-1999-thread-1] DEBUG org.apache.nifi.processors.standard.CountText - CountText[id=19860f92-686f-4683-94d9-055614d70338] Split [Did gyre and gimble in the wade;] to [Did, gyre, and, gimble, in, the, wade;] (7)
[pool-1999-thread-1] DEBUG org.apache.nifi.processors.standard.CountText - CountText[id=19860f92-686f-4683-94d9-055614d70338] Split [All mimsy were the borogoves,] to [All, mimsy, were, the, borogoves,] (5)
[pool-1999-thread-1] DEBUG org.apache.nifi.processors.standard.CountText - CountText[id=19860f92-686f-4683-94d9-055614d70338] Split [And the mome raths outgrabe.] to [And, the, mome, raths, outgrabe.] (5)
[pool-1999-thread-1] DEBUG org.apache.nifi.processors.standard.CountText - CountText[id=19860f92-686f-4683-94d9-055614d70338] Split ["Beware the Jabberwock, my son!] to ["Beware, the, Jabberwock,, my, son!] (5)
[pool-1999-thread-1] DEBUG org.apache.nifi.processors.standard.CountText - CountText[id=19860f92-686f-4683-94d9-055614d70338] Split [The jaws that bite, the claws that catch!] to [The, jaws, that, bite,, the, claws, that, catch!] (8)
[pool-1999-thread-1] DEBUG org.apache.nifi.processors.standard.CountText - CountText[id=19860f92-686f-4683-94d9-055614d70338] Split [Beware the Jubjub bird, and shun] to [Beware, the, Jubjub, bird,, and, shun] (6)
[pool-1999-thread-1] DEBUG org.apache.nifi.processors.standard.CountText - CountText[id=19860f92-686f-4683-94d9-055614d70338] Split [The frumious Bandersnatch!"] to [The, frumious, Bandersnatch!"] (3)
[pool-1999-thread-1] DEBUG org.apache.nifi.processors.standard.CountText - CountText[id=19860f92-686f-4683-94d9-055614d70338] Split [He took his vorpal sword in hand:] to [He, took, his, vorpal, sword, in, hand:] (7)
[pool-1999-thread-1] DEBUG org.apache.nifi.processors.standard.CountText - CountText[id=19860f92-686f-4683-94d9-055614d70338] Split [Long time the manxome foe he sought—] to [Long, time, the, manxome, foe, he, sought—] (7)
[pool-1999-thread-1] DEBUG org.apache.nifi.processors.standard.CountText - CountText[id=19860f92-686f-4683-94d9-055614d70338] Split [So rested he by the Tumtum tree,] to [So, rested, he, by, the, Tumtum, tree,] (7)
[pool-1999-thread-1] DEBUG org.apache.nifi.processors.standard.CountText - CountText[id=19860f92-686f-4683-94d9-055614d70338] Split [And stood awhile in thought.] to [And, stood, awhile, in, thought.] (5)
[pool-1999-thread-1] DEBUG org.apache.nifi.processors.standard.CountText - CountText[id=19860f92-686f-4683-94d9-055614d70338] Split [And as in uffish thought he stood,] to [And, as, in, uffish, thought, he, stood,] (7)
[pool-1999-thread-1] DEBUG org.apache.nifi.processors.standard.CountText - CountText[id=19860f92-686f-4683-94d9-055614d70338] Split [The Jabberwock, with eyes of flame,] to [The, Jabberwock,, with, eyes, of, flame,] (6)
[pool-1999-thread-1] DEBUG org.apache.nifi.processors.standard.CountText - CountText[id=19860f92-686f-4683-94d9-055614d70338] Split [Came whiffling through the tulgey wood.] to [Came, whiffling, through, the, tulgey, wood.] (6)
[pool-1999-thread-1] DEBUG org.apache.nifi.processors.standard.CountText - CountText[id=19860f92-686f-4683-94d9-055614d70338] Split [And burbled as it came!] to [And, burbled, as, it, came!] (5)
[pool-1999-thread-1] DEBUG org.apache.nifi.processors.standard.CountText - CountText[id=19860f92-686f-4683-94d9-055614d70338] Split [One, two! One, two! And through and through] to [One,, two!, One,, two!, And, through, and, through] (8)
[pool-1999-thread-1] DEBUG org.apache.nifi.processors.standard.CountText - CountText[id=19860f92-686f-4683-94d9-055614d70338] Split [The vorpal blade went snicker-snack!] to [The, vorpal, blade, went, snicker-snack!] (5)
[pool-1999-thread-1] DEBUG org.apache.nifi.processors.standard.CountText - CountText[id=19860f92-686f-4683-94d9-055614d70338] Split [He left it dead, and with its head] to [He, left, it, dead,, and, with, its, head] (8)
[pool-1999-thread-1] DEBUG org.apache.nifi.processors.standard.CountText - CountText[id=19860f92-686f-4683-94d9-055614d70338] Split [He went galumphing back.] to [He, went, galumphing, back.] (4)
[pool-1999-thread-1] DEBUG org.apache.nifi.processors.standard.CountText - CountText[id=19860f92-686f-4683-94d9-055614d70338] Split ["And hast thou slain the Jabberwock?] to ["And, hast, thou, slain, the, Jabberwock?] (6)
[pool-1999-thread-1] DEBUG org.apache.nifi.processors.standard.CountText - CountText[id=19860f92-686f-4683-94d9-055614d70338] Split [Come to my arms, my beamish boy!] to [Come, to, my, arms,, my, beamish, boy!] (7)
[pool-1999-thread-1] DEBUG org.apache.nifi.processors.standard.CountText - CountText[id=19860f92-686f-4683-94d9-055614d70338] Split [O frabjous day! Callooh! Callay!"] to [O, frabjous, day!, Callooh!, Callay!"] (5)
[pool-1999-thread-1] DEBUG org.apache.nifi.processors.standard.CountText - CountText[id=19860f92-686f-4683-94d9-055614d70338] Split [He chortled in his joy.] to [He, chortled, in, his, joy.] (5)
[pool-1999-thread-1] DEBUG org.apache.nifi.processors.standard.CountText - CountText[id=19860f92-686f-4683-94d9-055614d70338] Split [’Twas brillig, and the slithy toves] to [’Twas, brillig,, and, the, slithy, toves] (6)
[pool-1999-thread-1] DEBUG org.apache.nifi.processors.standard.CountText - CountText[id=19860f92-686f-4683-94d9-055614d70338] Split [Did gyre and gimble in the wabe;] to [Did, gyre, and, gimble, in, the, wabe;] (7)
[pool-1999-thread-1] DEBUG org.apache.nifi.processors.standard.CountText - CountText[id=19860f92-686f-4683-94d9-055614d70338] Split [All mimsy were the borogoves,] to [All, mimsy, were, the, borogoves,] (5)
[pool-1999-thread-1] DEBUG org.apache.nifi.processors.standard.CountText - CountText[id=19860f92-686f-4683-94d9-055614d70338] Split [And the mome raths outgrabe.] to [And, the, mome, raths, outgrabe.] (5)
[pool-1999-thread-1] DEBUG org.apache.nifi.processors.standard.CountText - CountText[id=19860f92-686f-4683-94d9-055614d70338] Computed metrics in 496002 nanoseconds (0 seconds).
[pool-1999-thread-1] INFO org.apache.nifi.processors.standard.CountText - CountText[id=19860f92-686f-4683-94d9-055614d70338] Counted 34 lines, 28 non-empty lines, 166 words, 900 characters
[main] INFO org.apache.nifi.processors.standard.CountTextTest - Session counters (2): [Characters Counted:1800, Lines Counted:68, Lines (non-empty) Counted:56, Words Counted:332]
[main] INFO org.apache.nifi.processors.standard.CountTextTest - Generated flowfile: FlowFile[1,100395542632944.mockFlowFile,939B] | [path:target, filename:100395542632944.mockFlowFile, text.line.nonempty.count:28, text.word.count:166, uuid:db9c2bdf-e40e-40f8-a138-ad923214cc69, text.line.count:34, text.character.count:900]
]]></system-err>
  </testcase>
  <testcase name="testShouldCountEachMetric" classname="org.apache.nifi.processors.standard.CountTextTest" time="0.013">
    <system-err><![CDATA[[pool-2000-thread-1] DEBUG org.apache.nifi.processors.standard.CountText - CountText[id=f4cc6aee-eca8-4eed-aaad-2fbf139a3293] Computed metrics in 39569 nanoseconds (0 seconds).
[pool-2000-thread-1] INFO org.apache.nifi.processors.standard.CountText - CountText[id=f4cc6aee-eca8-4eed-aaad-2fbf139a3293] Counted 34 lines
[main] INFO org.apache.nifi.processors.standard.CountTextTest - Generated flowfile: FlowFile[0,100395567474614.mockFlowFile,939B] | [path:target, filename:100395567474614.mockFlowFile, uuid:e1f2f3d4-47ab-4b7e-985d-481c9b6c009a, text.line.count:34]
[pool-2001-thread-1] DEBUG org.apache.nifi.processors.standard.CountText - CountText[id=f4cc6aee-eca8-4eed-aaad-2fbf139a3293] Computed metrics in 52123 nanoseconds (0 seconds).
[pool-2001-thread-1] INFO org.apache.nifi.processors.standard.CountText - CountText[id=f4cc6aee-eca8-4eed-aaad-2fbf139a3293] Counted 28 non-empty lines
[main] INFO org.apache.nifi.processors.standard.CountTextTest - Generated flowfile: FlowFile[1,100395571336008.mockFlowFile,939B] | [path:target, filename:100395571336008.mockFlowFile, text.line.nonempty.count:28, uuid:2cda7dec-1f34-43b1-8f9f-d80d6ec35a36]
[pool-2002-thread-1] DEBUG org.apache.nifi.processors.standard.CountText - CountText[id=f4cc6aee-eca8-4eed-aaad-2fbf139a3293] Split [’Twas brillig, and the slithy toves] to [’Twas, brillig,, and, the, slithy, toves] (6)
[pool-2002-thread-1] DEBUG org.apache.nifi.processors.standard.CountText - CountText[id=f4cc6aee-eca8-4eed-aaad-2fbf139a3293] Split [Did gyre and gimble in the wade;] to [Did, gyre, and, gimble, in, the, wade;] (7)
[pool-2002-thread-1] DEBUG org.apache.nifi.processors.standard.CountText - CountText[id=f4cc6aee-eca8-4eed-aaad-2fbf139a3293] Split [All mimsy were the borogoves,] to [All, mimsy, were, the, borogoves,] (5)
[pool-2002-thread-1] DEBUG org.apache.nifi.processors.standard.CountText - CountText[id=f4cc6aee-eca8-4eed-aaad-2fbf139a3293] Split [And the mome raths outgrabe.] to [And, the, mome, raths, outgrabe.] (5)
[pool-2002-thread-1] DEBUG org.apache.nifi.processors.standard.CountText - CountText[id=f4cc6aee-eca8-4eed-aaad-2fbf139a3293] Split ["Beware the Jabberwock, my son!] to ["Beware, the, Jabberwock,, my, son!] (5)
[pool-2002-thread-1] DEBUG org.apache.nifi.processors.standard.CountText - CountText[id=f4cc6aee-eca8-4eed-aaad-2fbf139a3293] Split [The jaws that bite, the claws that catch!] to [The, jaws, that, bite,, the, claws, that, catch!] (8)
[pool-2002-thread-1] DEBUG org.apache.nifi.processors.standard.CountText - CountText[id=f4cc6aee-eca8-4eed-aaad-2fbf139a3293] Split [Beware the Jubjub bird, and shun] to [Beware, the, Jubjub, bird,, and, shun] (6)
[pool-2002-thread-1] DEBUG org.apache.nifi.processors.standard.CountText - CountText[id=f4cc6aee-eca8-4eed-aaad-2fbf139a3293] Split [The frumious Bandersnatch!"] to [The, frumious, Bandersnatch!"] (3)
[pool-2002-thread-1] DEBUG org.apache.nifi.processors.standard.CountText - CountText[id=f4cc6aee-eca8-4eed-aaad-2fbf139a3293] Split [He took his vorpal sword in hand:] to [He, took, his, vorpal, sword, in, hand:] (7)
[pool-2002-thread-1] DEBUG org.apache.nifi.processors.standard.CountText - CountText[id=f4cc6aee-eca8-4eed-aaad-2fbf139a3293] Split [Long time the manxome foe he sought—] to [Long, time, the, manxome, foe, he, sought—] (7)
[pool-2002-thread-1] DEBUG org.apache.nifi.processors.standard.CountText - CountText[id=f4cc6aee-eca8-4eed-aaad-2fbf139a3293] Split [So rested he by the Tumtum tree,] to [So, rested, he, by, the, Tumtum, tree,] (7)
[pool-2002-thread-1] DEBUG org.apache.nifi.processors.standard.CountText - CountText[id=f4cc6aee-eca8-4eed-aaad-2fbf139a3293] Split [And stood awhile in thought.] to [And, stood, awhile, in, thought.] (5)
[pool-2002-thread-1] DEBUG org.apache.nifi.processors.standard.CountText - CountText[id=f4cc6aee-eca8-4eed-aaad-2fbf139a3293] Split [And as in uffish thought he stood,] to [And, as, in, uffish, thought, he, stood,] (7)
[pool-2002-thread-1] DEBUG org.apache.nifi.processors.standard.CountText - CountText[id=f4cc6aee-eca8-4eed-aaad-2fbf139a3293] Split [The Jabberwock, with eyes of flame,] to [The, Jabberwock,, with, eyes, of, flame,] (6)
[pool-2002-thread-1] DEBUG org.apache.nifi.processors.standard.CountText - CountText[id=f4cc6aee-eca8-4eed-aaad-2fbf139a3293] Split [Came whiffling through the tulgey wood.] to [Came, whiffling, through, the, tulgey, wood.] (6)
[pool-2002-thread-1] DEBUG org.apache.nifi.processors.standard.CountText - CountText[id=f4cc6aee-eca8-4eed-aaad-2fbf139a3293] Split [And burbled as it came!] to [And, burbled, as, it, came!] (5)
[pool-2002-thread-1] DEBUG org.apache.nifi.processors.standard.CountText - CountText[id=f4cc6aee-eca8-4eed-aaad-2fbf139a3293] Split [One, two! One, two! And through and through] to [One,, two!, One,, two!, And, through, and, through] (8)
[pool-2002-thread-1] DEBUG org.apache.nifi.processors.standard.CountText - CountText[id=f4cc6aee-eca8-4eed-aaad-2fbf139a3293] Split [The vorpal blade went snicker-snack!] to [The, vorpal, blade, went, snicker-snack!] (5)
[pool-2002-thread-1] DEBUG org.apache.nifi.processors.standard.CountText - CountText[id=f4cc6aee-eca8-4eed-aaad-2fbf139a3293] Split [He left it dead, and with its head] to [He, left, it, dead,, and, with, its, head] (8)
[pool-2002-thread-1] DEBUG org.apache.nifi.processors.standard.CountText - CountText[id=f4cc6aee-eca8-4eed-aaad-2fbf139a3293] Split [He went galumphing back.] to [He, went, galumphing, back.] (4)
[pool-2002-thread-1] DEBUG org.apache.nifi.processors.standard.CountText - CountText[id=f4cc6aee-eca8-4eed-aaad-2fbf139a3293] Split ["And hast thou slain the Jabberwock?] to ["And, hast, thou, slain, the, Jabberwock?] (6)
[pool-2002-thread-1] DEBUG org.apache.nifi.processors.standard.CountText - CountText[id=f4cc6aee-eca8-4eed-aaad-2fbf139a3293] Split [Come to my arms, my beamish boy!] to [Come, to, my, arms,, my, beamish, boy!] (7)
[pool-2002-thread-1] DEBUG org.apache.nifi.processors.standard.CountText - CountText[id=f4cc6aee-eca8-4eed-aaad-2fbf139a3293] Split [O frabjous day! Callooh! Callay!"] to [O, frabjous, day!, Callooh!, Callay!"] (5)
[pool-2002-thread-1] DEBUG org.apache.nifi.processors.standard.CountText - CountText[id=f4cc6aee-eca8-4eed-aaad-2fbf139a3293] Split [He chortled in his joy.] to [He, chortled, in, his, joy.] (5)
[pool-2002-thread-1] DEBUG org.apache.nifi.processors.standard.CountText - CountText[id=f4cc6aee-eca8-4eed-aaad-2fbf139a3293] Split [’Twas brillig, and the slithy toves] to [’Twas, brillig,, and, the, slithy, toves] (6)
[pool-2002-thread-1] DEBUG org.apache.nifi.processors.standard.CountText - CountText[id=f4cc6aee-eca8-4eed-aaad-2fbf139a3293] Split [Did gyre and gimble in the wabe;] to [Did, gyre, and, gimble, in, the, wabe;] (7)
[pool-2002-thread-1] DEBUG org.apache.nifi.processors.standard.CountText - CountText[id=f4cc6aee-eca8-4eed-aaad-2fbf139a3293] Split [All mimsy were the borogoves,] to [All, mimsy, were, the, borogoves,] (5)
[pool-2002-thread-1] DEBUG org.apache.nifi.processors.standard.CountText - CountText[id=f4cc6aee-eca8-4eed-aaad-2fbf139a3293] Split [And the mome raths outgrabe.] to [And, the, mome, raths, outgrabe.] (5)
[pool-2002-thread-1] DEBUG org.apache.nifi.processors.standard.CountText - CountText[id=f4cc6aee-eca8-4eed-aaad-2fbf139a3293] Computed metrics in 485481 nanoseconds (0 seconds).
[pool-2002-thread-1] INFO org.apache.nifi.processors.standard.CountText - CountText[id=f4cc6aee-eca8-4eed-aaad-2fbf139a3293] Counted 166 words
[main] INFO org.apache.nifi.processors.standard.CountTextTest - Generated flowfile: FlowFile[2,100395572436418.mockFlowFile,939B] | [path:target, filename:100395572436418.mockFlowFile, text.word.count:166, uuid:5a6a49e6-4f9c-4b93-95fe-61a00ec60e3b]
[pool-2003-thread-1] DEBUG org.apache.nifi.processors.standard.CountText - CountText[id=f4cc6aee-eca8-4eed-aaad-2fbf139a3293] Computed metrics in 42101 nanoseconds (0 seconds).
[pool-2003-thread-1] INFO org.apache.nifi.processors.standard.CountText - CountText[id=f4cc6aee-eca8-4eed-aaad-2fbf139a3293] Counted 900 characters
[main] INFO org.apache.nifi.processors.standard.CountTextTest - Generated flowfile: FlowFile[3,100395573766964.mockFlowFile,939B] | [path:target, filename:100395573766964.mockFlowFile, uuid:bf5306b3-f325-43a6-a7b8-ed545f0f5c1d, text.character.count:900]
]]></system-err>
  </testcase>
</testsuite>